<?xml version="1.0" encoding="UTF-8"?>
<testsuite xmlns:xsi="http://www.w3.org/2001/XMLSchema-instance" xsi:noNamespaceSchemaLocation="https://maven.apache.org/surefire/maven-surefire-plugin/xsd/surefire-test-report.xsd" name="org.apache.hadoop.ozone.om.TestOzoneManagerHAMetadataOnly" time="198.207" tests="10" errors="0" skipped="2" failures="1">
  <properties>
    <property name="awt.toolkit" value="sun.awt.X11.XToolkit"/>
    <property name="file.encoding.pkg" value="sun.io"/>
    <property name="java.specification.version" value="1.8"/>
    <property name="sun.cpu.isalist" value=""/>
    <property name="sun.jnu.encoding" value="ANSI_X3.4-1968"/>
    <property name="java.class.path" value="/github/workspace/mnt/ozone/hadoop-ozone/integration-test/target/test-classes:/github/workspace/mnt/ozone/hadoop-ozone/integration-test/target/classes:/home/user/.m2/repository/org/apache/hadoop/hadoop-ozone-common/1.1.0-SNAPSHOT/hadoop-ozone-common-1.1.0-SNAPSHOT.jar:/home/user/.m2/repository/org/apache/commons/commons-compress/1.4.1/commons-compress-1.4.1.jar:/home/user/.m2/repository/org/tukaani/xz/1.0/xz-1.0.jar:/home/user/.m2/repository/org/apache/hadoop/hadoop-hdds-common/1.1.0-SNAPSHOT/hadoop-hdds-common-1.1.0-SNAPSHOT.jar:/home/user/.m2/repository/org/apache/hadoop/hadoop-hdds-hadoop-dependency-client/1.1.0-SNAPSHOT/hadoop-hdds-hadoop-dependency-client-1.1.0-SNAPSHOT.jar:/home/user/.m2/repository/info/picocli/picocli/4.4.0/picocli-4.4.0.jar:/home/user/.m2/repository/com/fasterxml/jackson/core/jackson-annotations/2.10.3/jackson-annotations-2.10.3.jar:/home/user/.m2/repository/javax/annotation/javax.annotation-api/1.2/javax.annotation-api-1.2.jar:/home/user/.m2/repository/org/apache/ratis/ratis-server/1.1.0-11689cd-SNAPSHOT/ratis-server-1.1.0-11689cd-SNAPSHOT.jar:/home/user/.m2/repository/org/apache/ratis/ratis-client/1.1.0-11689cd-SNAPSHOT/ratis-client-1.1.0-11689cd-SNAPSHOT.jar:/home/user/.m2/repository/org/apache/ratis/ratis-metrics/1.1.0-11689cd-SNAPSHOT/ratis-metrics-1.1.0-11689cd-SNAPSHOT.jar:/home/user/.m2/repository/org/apache/ratis/ratis-netty/1.1.0-11689cd-SNAPSHOT/ratis-netty-1.1.0-11689cd-SNAPSHOT.jar:/home/user/.m2/repository/org/apache/ratis/ratis-grpc/1.1.0-11689cd-SNAPSHOT/ratis-grpc-1.1.0-11689cd-SNAPSHOT.jar:/home/user/.m2/repository/org/apache/logging/log4j/log4j-api/2.13.3/log4j-api-2.13.3.jar:/home/user/.m2/repository/org/apache/logging/log4j/log4j-core/2.13.3/log4j-core-2.13.3.jar:/home/user/.m2/repository/com/lmax/disruptor/3.4.2/disruptor-3.4.2.jar:/home/user/.m2/repository/org/apache/commons/commons-pool2/2.6.0/commons-pool2-2.6.0.jar:/home/user/.m2/repository/org/bouncycastle/bcpkix-jdk15on/1.60/bcpkix-jdk15on-1.60.jar:/home/user/.m2/repository/commons-validator/commons-validator/1.6/commons-validator-1.6.jar:/home/user/.m2/repository/commons-digester/commons-digester/1.8.1/commons-digester-1.8.1.jar:/home/user/.m2/repository/io/jaegertracing/jaeger-client/1.2.0/jaeger-client-1.2.0.jar:/home/user/.m2/repository/io/jaegertracing/jaeger-thrift/1.2.0/jaeger-thrift-1.2.0.jar:/home/user/.m2/repository/org/apache/thrift/libthrift/0.13.0/libthrift-0.13.0.jar:/home/user/.m2/repository/com/squareup/okhttp3/okhttp/4.2.2/okhttp-4.2.2.jar:/home/user/.m2/repository/com/squareup/okio/okio/2.2.2/okio-2.2.2.jar:/home/user/.m2/repository/org/jetbrains/kotlin/kotlin-stdlib/1.3.50/kotlin-stdlib-1.3.50.jar:/home/user/.m2/repository/org/jetbrains/kotlin/kotlin-stdlib-common/1.3.50/kotlin-stdlib-common-1.3.50.jar:/home/user/.m2/repository/org/jetbrains/annotations/13.0/annotations-13.0.jar:/home/user/.m2/repository/io/jaegertracing/jaeger-core/1.2.0/jaeger-core-1.2.0.jar:/home/user/.m2/repository/io/jaegertracing/jaeger-tracerresolver/1.2.0/jaeger-tracerresolver-1.2.0.jar:/home/user/.m2/repository/io/opentracing/contrib/opentracing-tracerresolver/0.1.8/opentracing-tracerresolver-0.1.8.jar:/home/user/.m2/repository/io/opentracing/opentracing-util/0.33.0/opentracing-util-0.33.0.jar:/home/user/.m2/repository/io/opentracing/opentracing-api/0.33.0/opentracing-api-0.33.0.jar:/home/user/.m2/repository/io/opentracing/opentracing-noop/0.33.0/opentracing-noop-0.33.0.jar:/home/user/.m2/repository/org/apache/hadoop/hadoop-hdds-client/1.1.0-SNAPSHOT/hadoop-hdds-client-1.1.0-SNAPSHOT.jar:/home/user/.m2/repository/org/apache/hadoop/hadoop-ozone-interface-client/1.1.0-SNAPSHOT/hadoop-ozone-interface-client-1.1.0-SNAPSHOT.jar:/home/user/.m2/repository/org/apache/hadoop/hadoop-hdds-test-utils/1.1.0-SNAPSHOT/hadoop-hdds-test-utils-1.1.0-SNAPSHOT.jar:/home/user/.m2/repository/com/google/guava/guava/28.2-jre/guava-28.2-jre.jar:/home/user/.m2/repository/com/google/guava/failureaccess/1.0.1/failureaccess-1.0.1.jar:/home/user/.m2/repository/com/google/guava/listenablefuture/9999.0-empty-to-avoid-conflict-with-guava/listenablefuture-9999.0-empty-to-avoid-conflict-with-guava.jar:/home/user/.m2/repository/com/google/code/findbugs/jsr305/3.0.0/jsr305-3.0.0.jar:/home/user/.m2/repository/org/checkerframework/checker-qual/2.10.0/checker-qual-2.10.0.jar:/home/user/.m2/repository/com/google/errorprone/error_prone_annotations/2.2.0/error_prone_annotations-2.2.0.jar:/home/user/.m2/repository/com/google/j2objc/j2objc-annotations/1.3/j2objc-annotations-1.3.jar:/home/user/.m2/repository/commons-io/commons-io/2.5/commons-io-2.5.jar:/home/user/.m2/repository/commons-logging/commons-logging/1.2/commons-logging-1.2.jar:/home/user/.m2/repository/log4j/log4j/1.2.17/log4j-1.2.17.jar:/home/user/.m2/repository/org/slf4j/slf4j-api/1.7.25/slf4j-api-1.7.25.jar:/home/user/.m2/repository/org/apache/hadoop/hadoop-hdds-server-scm/1.1.0-SNAPSHOT/hadoop-hdds-server-scm-1.1.0-SNAPSHOT.jar:/home/user/.m2/repository/org/apache/hadoop/hadoop-hdds-container-service/1.1.0-SNAPSHOT/hadoop-hdds-container-service-1.1.0-SNAPSHOT.jar:/home/user/.m2/repository/org/apache/hadoop/hadoop-hdds-hadoop-dependency-server/1.1.0-SNAPSHOT/hadoop-hdds-hadoop-dependency-server-1.1.0-SNAPSHOT.jar:/home/user/.m2/repository/org/apache/hadoop/hadoop-hdds-server-framework/1.1.0-SNAPSHOT/hadoop-hdds-server-framework-1.1.0-SNAPSHOT.jar:/home/user/.m2/repository/org/apache/hadoop/hadoop-hdds-interface-server/1.1.0-SNAPSHOT/hadoop-hdds-interface-server-1.1.0-SNAPSHOT.jar:/home/user/.m2/repository/org/apache/hadoop/hadoop-hdds-interface-admin/1.1.0-SNAPSHOT/hadoop-hdds-interface-admin-1.1.0-SNAPSHOT.jar:/home/user/.m2/repository/org/rocksdb/rocksdbjni/6.8.1/rocksdbjni-6.8.1.jar:/home/user/.m2/repository/io/prometheus/simpleclient_dropwizard/0.7.0/simpleclient_dropwizard-0.7.0.jar:/home/user/.m2/repository/io/prometheus/simpleclient/0.7.0/simpleclient-0.7.0.jar:/home/user/.m2/repository/io/prometheus/simpleclient_common/0.7.0/simpleclient_common-0.7.0.jar:/home/user/.m2/repository/com/fasterxml/jackson/datatype/jackson-datatype-jsr310/2.10.3/jackson-datatype-jsr310-2.10.3.jar:/home/user/.m2/repository/io/dropwizard/metrics/metrics-core/3.2.4/metrics-core-3.2.4.jar:/home/user/.m2/repository/org/apache/hadoop/hadoop-hdfs-client/3.2.1/hadoop-hdfs-client-3.2.1.jar:/home/user/.m2/repository/org/bouncycastle/bcprov-jdk15on/1.60/bcprov-jdk15on-1.60.jar:/home/user/.m2/repository/org/apache/hadoop/hadoop-ozone-ozone-manager/1.1.0-SNAPSHOT/hadoop-ozone-ozone-manager-1.1.0-SNAPSHOT.jar:/home/user/.m2/repository/org/apache/hadoop/hadoop-hdds-interface-client/1.1.0-SNAPSHOT/hadoop-hdds-interface-client-1.1.0-SNAPSHOT.jar:/home/user/.m2/repository/org/apache/ratis/ratis-thirdparty-misc/0.6.0-SNAPSHOT/ratis-thirdparty-misc-0.6.0-SNAPSHOT.jar:/home/user/.m2/repository/org/apache/hadoop/hadoop-ozone-interface-storage/1.1.0-SNAPSHOT/hadoop-ozone-interface-storage-1.1.0-SNAPSHOT.jar:/home/user/.m2/repository/org/apache/hadoop/hadoop-minikdc/3.2.1/hadoop-minikdc-3.2.1.jar:/home/user/.m2/repository/org/apache/kerby/kerb-simplekdc/1.0.1/kerb-simplekdc-1.0.1.jar:/home/user/.m2/repository/org/apache/kerby/kerb-client/1.0.1/kerb-client-1.0.1.jar:/home/user/.m2/repository/org/apache/kerby/kerby-config/1.0.1/kerby-config-1.0.1.jar:/home/user/.m2/repository/org/apache/kerby/kerb-core/1.0.1/kerb-core-1.0.1.jar:/home/user/.m2/repository/org/apache/kerby/kerby-pkix/1.0.1/kerby-pkix-1.0.1.jar:/home/user/.m2/repository/org/apache/kerby/kerby-asn1/1.0.1/kerby-asn1-1.0.1.jar:/home/user/.m2/repository/org/apache/kerby/kerby-util/1.0.1/kerby-util-1.0.1.jar:/home/user/.m2/repository/org/apache/kerby/kerb-common/1.0.1/kerb-common-1.0.1.jar:/home/user/.m2/repository/org/apache/kerby/kerb-crypto/1.0.1/kerb-crypto-1.0.1.jar:/home/user/.m2/repository/org/apache/kerby/kerb-util/1.0.1/kerb-util-1.0.1.jar:/home/user/.m2/repository/org/apache/kerby/token-provider/1.0.1/token-provider-1.0.1.jar:/home/user/.m2/repository/org/apache/kerby/kerb-admin/1.0.1/kerb-admin-1.0.1.jar:/home/user/.m2/repository/org/apache/kerby/kerb-server/1.0.1/kerb-server-1.0.1.jar:/home/user/.m2/repository/org/apache/kerby/kerb-identity/1.0.1/kerb-identity-1.0.1.jar:/home/user/.m2/repository/org/apache/kerby/kerby-xdr/1.0.1/kerby-xdr-1.0.1.jar:/home/user/.m2/repository/org/slf4j/slf4j-log4j12/1.7.25/slf4j-log4j12-1.7.25.jar:/home/user/.m2/repository/org/apache/hadoop/hadoop-ozone-s3gateway/1.1.0-SNAPSHOT/hadoop-ozone-s3gateway-1.1.0-SNAPSHOT.jar:/home/user/.m2/repository/org/jboss/weld/servlet/weld-servlet/2.4.7.Final/weld-servlet-2.4.7.Final.jar:/home/user/.m2/repository/org/glassfish/jersey/containers/jersey-container-servlet-core/2.27/jersey-container-servlet-core-2.27.jar:/home/user/.m2/repository/org/glassfish/hk2/external/javax.inject/2.5.0-b42/javax.inject-2.5.0-b42.jar:/home/user/.m2/repository/org/glassfish/jersey/core/jersey-common/2.27/jersey-common-2.27.jar:/home/user/.m2/repository/org/glassfish/hk2/osgi-resource-locator/1.0.1/osgi-resource-locator-1.0.1.jar:/home/user/.m2/repository/javax/ws/rs/javax.ws.rs-api/2.1/javax.ws.rs-api-2.1.jar:/home/user/.m2/repository/org/glassfish/jersey/ext/cdi/jersey-cdi1x/2.27/jersey-cdi1x-2.27.jar:/home/user/.m2/repository/org/glassfish/jersey/inject/jersey-hk2/2.27/jersey-hk2-2.27.jar:/home/user/.m2/repository/org/glassfish/hk2/hk2-locator/2.5.0-b42/hk2-locator-2.5.0-b42.jar:/home/user/.m2/repository/org/javassist/javassist/3.22.0-CR2/javassist-3.22.0-CR2.jar:/home/user/.m2/repository/org/glassfish/hk2/hk2-api/2.5.0/hk2-api-2.5.0.jar:/home/user/.m2/repository/org/glassfish/hk2/external/jakarta.inject/2.5.0/jakarta.inject-2.5.0.jar:/home/user/.m2/repository/org/glassfish/hk2/hk2-utils/2.5.0/hk2-utils-2.5.0.jar:/home/user/.m2/repository/jakarta/annotation/jakarta.annotation-api/1.3.4/jakarta.annotation-api-1.3.4.jar:/home/user/.m2/repository/org/glassfish/hk2/external/aopalliance-repackaged/2.5.0/aopalliance-repackaged-2.5.0.jar:/home/user/.m2/repository/com/fasterxml/jackson/dataformat/jackson-dataformat-xml/2.10.3/jackson-dataformat-xml-2.10.3.jar:/home/user/.m2/repository/com/fasterxml/jackson/core/jackson-core/2.10.3/jackson-core-2.10.3.jar:/home/user/.m2/repository/com/fasterxml/jackson/module/jackson-module-jaxb-annotations/2.10.3/jackson-module-jaxb-annotations-2.10.3.jar:/home/user/.m2/repository/jakarta/xml/bind/jakarta.xml.bind-api/2.3.2/jakarta.xml.bind-api-2.3.2.jar:/home/user/.m2/repository/jakarta/activation/jakarta.activation-api/1.2.1/jakarta.activation-api-1.2.1.jar:/home/user/.m2/repository/org/codehaus/woodstox/stax2-api/3.1.4/stax2-api-3.1.4.jar:/home/user/.m2/repository/com/fasterxml/woodstox/woodstox-core/5.0.3/woodstox-core-5.0.3.jar:/home/user/.m2/repository/javax/enterprise/cdi-api/1.2/cdi-api-1.2.jar:/home/user/.m2/repository/javax/el/javax.el-api/3.0.0/javax.el-api-3.0.0.jar:/home/user/.m2/repository/javax/interceptor/javax.interceptor-api/1.2/javax.interceptor-api-1.2.jar:/home/user/.m2/repository/javax/inject/javax.inject/1/javax.inject-1.jar:/home/user/.m2/repository/com/sun/xml/bind/jaxb-impl/2.3.0.1/jaxb-impl-2.3.0.1.jar:/home/user/.m2/repository/com/sun/xml/bind/jaxb-core/2.3.0.1/jaxb-core-2.3.0.1.jar:/home/user/.m2/repository/javax/xml/bind/jaxb-api/2.3.0/jaxb-api-2.3.0.jar:/home/user/.m2/repository/javax/activation/activation/1.1.1/activation-1.1.1.jar:/home/user/.m2/repository/org/apache/hadoop/hadoop-ozone-csi/1.1.0-SNAPSHOT/hadoop-ozone-csi-1.1.0-SNAPSHOT.jar:/home/user/.m2/repository/com/google/protobuf/protobuf-java-util/3.11.0/protobuf-java-util-3.11.0.jar:/home/user/.m2/repository/com/google/code/gson/gson/2.2.4/gson-2.2.4.jar:/home/user/.m2/repository/org/apache/hadoop/hadoop-hdds-config/1.1.0-SNAPSHOT/hadoop-hdds-config-1.1.0-SNAPSHOT.jar:/home/user/.m2/repository/com/google/protobuf/protobuf-java/2.5.0/protobuf-java-2.5.0.jar:/home/user/.m2/repository/io/grpc/grpc-netty/1.29.0/grpc-netty-1.29.0.jar:/home/user/.m2/repository/io/grpc/grpc-core/1.29.0/grpc-core-1.29.0.jar:/home/user/.m2/repository/com/google/android/annotations/4.1.1.4/annotations-4.1.1.4.jar:/home/user/.m2/repository/io/perfmark/perfmark-api/0.19.0/perfmark-api-0.19.0.jar:/home/user/.m2/repository/io/netty/netty-codec-http2/4.1.48.Final/netty-codec-http2-4.1.48.Final.jar:/home/user/.m2/repository/io/netty/netty-codec/4.1.48.Final/netty-codec-4.1.48.Final.jar:/home/user/.m2/repository/io/netty/netty-handler/4.1.48.Final/netty-handler-4.1.48.Final.jar:/home/user/.m2/repository/io/netty/netty-codec-http/4.1.48.Final/netty-codec-http-4.1.48.Final.jar:/home/user/.m2/repository/io/netty/netty-handler-proxy/4.1.48.Final/netty-handler-proxy-4.1.48.Final.jar:/home/user/.m2/repository/io/netty/netty-codec-socks/4.1.48.Final/netty-codec-socks-4.1.48.Final.jar:/home/user/.m2/repository/io/netty/netty-transport-native-epoll/4.1.48.Final/netty-transport-native-epoll-4.1.48.Final.jar:/home/user/.m2/repository/io/netty/netty-common/4.1.48.Final/netty-common-4.1.48.Final.jar:/home/user/.m2/repository/io/netty/netty-buffer/4.1.48.Final/netty-buffer-4.1.48.Final.jar:/home/user/.m2/repository/io/netty/netty-transport/4.1.48.Final/netty-transport-4.1.48.Final.jar:/home/user/.m2/repository/io/netty/netty-resolver/4.1.48.Final/netty-resolver-4.1.48.Final.jar:/home/user/.m2/repository/io/netty/netty-transport-native-unix-common/4.1.48.Final/netty-transport-native-unix-common-4.1.48.Final.jar:/home/user/.m2/repository/io/grpc/grpc-protobuf/1.29.0/grpc-protobuf-1.29.0.jar:/home/user/.m2/repository/io/grpc/grpc-api/1.29.0/grpc-api-1.29.0.jar:/home/user/.m2/repository/io/grpc/grpc-context/1.29.0/grpc-context-1.29.0.jar:/home/user/.m2/repository/org/codehaus/mojo/animal-sniffer-annotations/1.18/animal-sniffer-annotations-1.18.jar:/home/user/.m2/repository/com/google/api/grpc/proto-google-common-protos/1.17.0/proto-google-common-protos-1.17.0.jar:/home/user/.m2/repository/io/grpc/grpc-protobuf-lite/1.29.0/grpc-protobuf-lite-1.29.0.jar:/home/user/.m2/repository/io/grpc/grpc-stub/1.29.0/grpc-stub-1.29.0.jar:/home/user/.m2/repository/org/apache/hadoop/hadoop-ozone-recon/1.1.0-SNAPSHOT/hadoop-ozone-recon-1.1.0-SNAPSHOT.jar:/home/user/.m2/repository/org/apache/hadoop/hadoop-ozone-reconcodegen/1.1.0-SNAPSHOT/hadoop-ozone-reconcodegen-1.1.0-SNAPSHOT.jar:/home/user/.m2/repository/com/google/inject/extensions/guice-multibindings/4.0/guice-multibindings-4.0.jar:/home/user/.m2/repository/com/google/inject/guice/4.0/guice-4.0.jar:/home/user/.m2/repository/aopalliance/aopalliance/1.0/aopalliance-1.0.jar:/home/user/.m2/repository/com/google/inject/extensions/guice-assistedinject/4.0/guice-assistedinject-4.0.jar:/home/user/.m2/repository/com/google/inject/extensions/guice-servlet/4.0/guice-servlet-4.0.jar:/home/user/.m2/repository/org/glassfish/jersey/containers/jersey-container-servlet/2.27/jersey-container-servlet-2.27.jar:/home/user/.m2/repository/org/glassfish/hk2/guice-bridge/2.5.0/guice-bridge-2.5.0.jar:/home/user/.m2/repository/org/glassfish/jersey/core/jersey-server/2.27/jersey-server-2.27.jar:/home/user/.m2/repository/org/glassfish/jersey/core/jersey-client/2.27/jersey-client-2.27.jar:/home/user/.m2/repository/org/glassfish/jersey/media/jersey-media-jaxb/2.27/jersey-media-jaxb-2.27.jar:/home/user/.m2/repository/javax/validation/validation-api/1.1.0.Final/validation-api-1.1.0.Final.jar:/home/user/.m2/repository/org/glassfish/jersey/media/jersey-media-json-jackson/2.27/jersey-media-json-jackson-2.27.jar:/home/user/.m2/repository/org/glassfish/jersey/ext/jersey-entity-filtering/2.27/jersey-entity-filtering-2.27.jar:/home/user/.m2/repository/org/jooq/jooq/3.11.10/jooq-3.11.10.jar:/home/user/.m2/repository/org/jooq/jooq-meta/3.11.10/jooq-meta-3.11.10.jar:/home/user/.m2/repository/org/jooq/jooq-codegen/3.11.10/jooq-codegen-3.11.10.jar:/home/user/.m2/repository/com/jolbox/bonecp/0.8.0.RELEASE/bonecp-0.8.0.RELEASE.jar:/home/user/.m2/repository/org/apache/derby/derby/10.14.2.0/derby-10.14.2.0.jar:/home/user/.m2/repository/org/xerial/sqlite-jdbc/3.25.2/sqlite-jdbc-3.25.2.jar:/home/user/.m2/repository/org/springframework/spring-jdbc/5.2.5.RELEASE/spring-jdbc-5.2.5.RELEASE.jar:/home/user/.m2/repository/org/springframework/spring-beans/5.2.5.RELEASE/spring-beans-5.2.5.RELEASE.jar:/home/user/.m2/repository/org/springframework/spring-core/5.2.5.RELEASE/spring-core-5.2.5.RELEASE.jar:/home/user/.m2/repository/org/springframework/spring-jcl/5.2.5.RELEASE/spring-jcl-5.2.5.RELEASE.jar:/home/user/.m2/repository/org/springframework/spring-tx/5.2.5.RELEASE/spring-tx-5.2.5.RELEASE.jar:/home/user/.m2/repository/org/apache/hadoop/hadoop-ozone-client/1.1.0-SNAPSHOT/hadoop-ozone-client-1.1.0-SNAPSHOT.jar:/home/user/.m2/repository/org/apache/hadoop/hadoop-ozone-filesystem/1.1.0-SNAPSHOT/hadoop-ozone-filesystem-1.1.0-SNAPSHOT.jar:/home/user/.m2/repository/org/apache/hadoop/hadoop-ozone-filesystem-common/1.1.0-SNAPSHOT/hadoop-ozone-filesystem-common-1.1.0-SNAPSHOT.jar:/home/user/.m2/repository/org/apache/hadoop/hadoop-ozone-tools/1.1.0-SNAPSHOT/hadoop-ozone-tools-1.1.0-SNAPSHOT.jar:/home/user/.m2/repository/org/apache/hadoop/hadoop-hdfs/3.2.1/hadoop-hdfs-3.2.1.jar:/home/user/.m2/repository/org/apache/ratis/ratis-tools/1.1.0-11689cd-SNAPSHOT/ratis-tools-1.1.0-11689cd-SNAPSHOT.jar:/home/user/.m2/repository/org/apache/ratis/ratis-proto/1.1.0-11689cd-SNAPSHOT/ratis-proto-1.1.0-11689cd-SNAPSHOT.jar:/home/user/.m2/repository/org/apache/ratis/ratis-common/1.1.0-11689cd-SNAPSHOT/ratis-common-1.1.0-11689cd-SNAPSHOT.jar:/home/user/.m2/repository/com/amazonaws/aws-java-sdk-core/1.11.615/aws-java-sdk-core-1.11.615.jar:/home/user/.m2/repository/org/apache/httpcomponents/httpclient/4.5.13/httpclient-4.5.13.jar:/home/user/.m2/repository/org/apache/httpcomponents/httpcore/4.4.13/httpcore-4.4.13.jar:/home/user/.m2/repository/software/amazon/ion/ion-java/1.0.2/ion-java-1.0.2.jar:/home/user/.m2/repository/com/fasterxml/jackson/dataformat/jackson-dataformat-cbor/2.10.3/jackson-dataformat-cbor-2.10.3.jar:/home/user/.m2/repository/joda-time/joda-time/2.8.1/joda-time-2.8.1.jar:/home/user/.m2/repository/com/amazonaws/aws-java-sdk-s3/1.11.615/aws-java-sdk-s3-1.11.615.jar:/home/user/.m2/repository/com/amazonaws/aws-java-sdk-kms/1.11.615/aws-java-sdk-kms-1.11.615.jar:/home/user/.m2/repository/com/amazonaws/jmespath-java/1.11.615/jmespath-java-1.11.615.jar:/home/user/.m2/repository/org/kohsuke/metainf-services/metainf-services/1.8/metainf-services-1.8.jar:/home/user/.m2/repository/org/apache/hadoop/hadoop-hdds-tools/1.1.0-SNAPSHOT/hadoop-hdds-tools-1.1.0-SNAPSHOT.jar:/home/user/.m2/repository/commons-cli/commons-cli/1.2/commons-cli-1.2.jar:/home/user/.m2/repository/org/apache/commons/commons-lang3/3.7/commons-lang3-3.7.jar:/home/user/.m2/repository/org/apache/hadoop/hadoop-ozone-ozone-manager/1.1.0-SNAPSHOT/hadoop-ozone-ozone-manager-1.1.0-SNAPSHOT-tests.jar:/home/user/.m2/repository/junit/junit/4.11/junit-4.11.jar:/home/user/.m2/repository/org/hamcrest/hamcrest-core/1.3/hamcrest-core-1.3.jar:/home/user/.m2/repository/org/openjdk/jmh/jmh-core/1.19/jmh-core-1.19.jar:/home/user/.m2/repository/net/sf/jopt-simple/jopt-simple/4.6/jopt-simple-4.6.jar:/home/user/.m2/repository/org/apache/commons/commons-math3/3.1.1/commons-math3-3.1.1.jar:/home/user/.m2/repository/org/openjdk/jmh/jmh-generator-annprocess/1.19/jmh-generator-annprocess-1.19.jar:/home/user/.m2/repository/org/mockito/mockito-all/1.8.5/mockito-all-1.8.5.jar:/home/user/.m2/repository/org/apache/hadoop/hadoop-kms/3.2.1/hadoop-kms-3.2.1.jar:/home/user/.m2/repository/org/apache/hadoop/hadoop-auth/3.2.1/hadoop-auth-3.2.1.jar:/home/user/.m2/repository/com/nimbusds/nimbus-jose-jwt/7.9/nimbus-jose-jwt-7.9.jar:/home/user/.m2/repository/com/github/stephenc/jcip/jcip-annotations/1.0-1/jcip-annotations-1.0-1.jar:/home/user/.m2/repository/net/minidev/json-smart/2.3/json-smart-2.3.jar:/home/user/.m2/repository/net/minidev/accessors-smart/1.2/accessors-smart-1.2.jar:/home/user/.m2/repository/org/ow2/asm/asm/5.0.4/asm-5.0.4.jar:/home/user/.m2/repository/org/apache/zookeeper/zookeeper/3.4.13/zookeeper-3.4.13.jar:/home/user/.m2/repository/org/apache/yetus/audience-annotations/0.5.0/audience-annotations-0.5.0.jar:/home/user/.m2/repository/org/apache/curator/curator-framework/2.13.0/curator-framework-2.13.0.jar:/home/user/.m2/repository/com/sun/jersey/jersey-core/1.19/jersey-core-1.19.jar:/home/user/.m2/repository/javax/ws/rs/jsr311-api/1.1.1/jsr311-api-1.1.1.jar:/home/user/.m2/repository/com/sun/jersey/jersey-server/1.19/jersey-server-1.19.jar:/home/user/.m2/repository/javax/servlet/javax.servlet-api/3.1.0/javax.servlet-api-3.1.0.jar:/home/user/.m2/repository/org/eclipse/jetty/jetty-server/9.4.34.v20201102/jetty-server-9.4.34.v20201102.jar:/home/user/.m2/repository/org/eclipse/jetty/jetty-http/9.4.34.v20201102/jetty-http-9.4.34.v20201102.jar:/home/user/.m2/repository/org/eclipse/jetty/jetty-io/9.4.34.v20201102/jetty-io-9.4.34.v20201102.jar:/home/user/.m2/repository/org/eclipse/jetty/jetty-webapp/9.4.34.v20201102/jetty-webapp-9.4.34.v20201102.jar:/home/user/.m2/repository/org/eclipse/jetty/jetty-xml/9.4.34.v20201102/jetty-xml-9.4.34.v20201102.jar:/home/user/.m2/repository/org/eclipse/jetty/jetty-servlet/9.4.34.v20201102/jetty-servlet-9.4.34.v20201102.jar:/home/user/.m2/repository/org/eclipse/jetty/jetty-security/9.4.34.v20201102/jetty-security-9.4.34.v20201102.jar:/home/user/.m2/repository/org/apache/hadoop/hadoop-common/3.2.1/hadoop-common-3.2.1.jar:/home/user/.m2/repository/commons-net/commons-net/3.6/commons-net-3.6.jar:/home/user/.m2/repository/commons-collections/commons-collections/3.2.2/commons-collections-3.2.2.jar:/home/user/.m2/repository/com/sun/jersey/jersey-servlet/1.19/jersey-servlet-1.19.jar:/home/user/.m2/repository/com/sun/jersey/jersey-json/1.19/jersey-json-1.19.jar:/home/user/.m2/repository/org/codehaus/jettison/jettison/1.1/jettison-1.1.jar:/home/user/.m2/repository/org/codehaus/jackson/jackson-jaxrs/1.9.2/jackson-jaxrs-1.9.2.jar:/home/user/.m2/repository/org/codehaus/jackson/jackson-xc/1.9.2/jackson-xc-1.9.2.jar:/home/user/.m2/repository/commons-beanutils/commons-beanutils/1.9.4/commons-beanutils-1.9.4.jar:/home/user/.m2/repository/org/apache/commons/commons-configuration2/2.1.1/commons-configuration2-2.1.1.jar:/home/user/.m2/repository/org/apache/commons/commons-text/1.4/commons-text-1.4.jar:/home/user/.m2/repository/com/google/re2j/re2j/1.1/re2j-1.1.jar:/home/user/.m2/repository/com/jcraft/jsch/0.1.54/jsch-0.1.54.jar:/home/user/.m2/repository/org/apache/curator/curator-client/2.13.0/curator-client-2.13.0.jar:/home/user/.m2/repository/org/apache/curator/curator-recipes/2.13.0/curator-recipes-2.13.0.jar:/home/user/.m2/repository/dnsjava/dnsjava/2.1.7/dnsjava-2.1.7.jar:/home/user/.m2/repository/org/slf4j/jul-to-slf4j/1.7.25/jul-to-slf4j-1.7.25.jar:/home/user/.m2/repository/org/eclipse/jetty/jetty-util/9.4.34.v20201102/jetty-util-9.4.34.v20201102.jar:/home/user/.m2/repository/com/fasterxml/jackson/core/jackson-databind/2.10.3/jackson-databind-2.10.3.jar:/home/user/.m2/repository/org/apache/hadoop/hadoop-kms/3.2.1/hadoop-kms-3.2.1-tests.jar:/home/user/.m2/repository/org/apache/hadoop/hadoop-hdds-server-scm/1.1.0-SNAPSHOT/hadoop-hdds-server-scm-1.1.0-SNAPSHOT-tests.jar:/home/user/.m2/repository/org/apache/hadoop/hadoop-hdds-container-service/1.1.0-SNAPSHOT/hadoop-hdds-container-service-1.1.0-SNAPSHOT-tests.jar:/home/user/.m2/repository/org/apache/hadoop/hadoop-hdds-common/1.1.0-SNAPSHOT/hadoop-hdds-common-1.1.0-SNAPSHOT-tests.jar:/home/user/.m2/repository/org/yaml/snakeyaml/1.16/snakeyaml-1.16.jar:/home/user/.m2/repository/org/apache/hadoop/hadoop-hdds-hadoop-dependency-test/1.1.0-SNAPSHOT/hadoop-hdds-hadoop-dependency-test-1.1.0-SNAPSHOT.jar:/home/user/.m2/repository/org/apache/hadoop/hadoop-common/3.2.1/hadoop-common-3.2.1-tests.jar:/home/user/.m2/repository/javax/servlet/jsp/jsp-api/2.1/jsp-api-2.1.jar:/home/user/.m2/repository/org/apache/hadoop/hadoop-hdfs/3.2.1/hadoop-hdfs-3.2.1-tests.jar:/home/user/.m2/repository/org/eclipse/jetty/jetty-util-ajax/9.4.34.v20201102/jetty-util-ajax-9.4.34.v20201102.jar:/home/user/.m2/repository/commons-codec/commons-codec/1.11/commons-codec-1.11.jar:/home/user/.m2/repository/commons-daemon/commons-daemon/1.0.13/commons-daemon-1.0.13.jar:/home/user/.m2/repository/io/netty/netty/3.10.5.Final/netty-3.10.5.Final.jar:/home/user/.m2/repository/io/netty/netty-all/4.1.48.Final/netty-all-4.1.48.Final.jar:/home/user/.m2/repository/org/apache/htrace/htrace-core4/4.1.0-incubating/htrace-core4-4.1.0-incubating.jar:/home/user/.m2/repository/org/fusesource/leveldbjni/leveldbjni-all/1.8/leveldbjni-all-1.8.jar:/home/user/.m2/repository/org/apache/hadoop/hadoop-distcp/3.2.1/hadoop-distcp-3.2.1.jar:/home/user/.m2/repository/org/apache/hadoop/hadoop-mapreduce-client-jobclient/3.2.1/hadoop-mapreduce-client-jobclient-3.2.1.jar:/home/user/.m2/repository/org/apache/hadoop/hadoop-mapreduce-client-common/3.2.1/hadoop-mapreduce-client-common-3.2.1.jar:/home/user/.m2/repository/org/apache/hadoop/hadoop-yarn-common/3.2.1/hadoop-yarn-common-3.2.1.jar:/home/user/.m2/repository/org/apache/hadoop/hadoop-yarn-api/3.2.1/hadoop-yarn-api-3.2.1.jar:/home/user/.m2/repository/com/sun/jersey/jersey-client/1.19/jersey-client-1.19.jar:/home/user/.m2/repository/com/sun/jersey/contribs/jersey-guice/1.19/jersey-guice-1.19.jar:/home/user/.m2/repository/com/fasterxml/jackson/jaxrs/jackson-jaxrs-json-provider/2.10.3/jackson-jaxrs-json-provider-2.10.3.jar:/home/user/.m2/repository/com/fasterxml/jackson/jaxrs/jackson-jaxrs-base/2.10.3/jackson-jaxrs-base-2.10.3.jar:/home/user/.m2/repository/org/apache/hadoop/hadoop-yarn-client/3.2.1/hadoop-yarn-client-3.2.1.jar:/home/user/.m2/repository/org/apache/hadoop/hadoop-mapreduce-client-core/3.2.1/hadoop-mapreduce-client-core-3.2.1.jar:/home/user/.m2/repository/org/apache/avro/avro/1.7.7/avro-1.7.7.jar:/home/user/.m2/repository/org/codehaus/jackson/jackson-core-asl/1.9.13/jackson-core-asl-1.9.13.jar:/home/user/.m2/repository/org/codehaus/jackson/jackson-mapper-asl/1.9.13/jackson-mapper-asl-1.9.13.jar:/home/user/.m2/repository/com/thoughtworks/paranamer/paranamer/2.3/paranamer-2.3.jar:/home/user/.m2/repository/org/xerial/snappy/snappy-java/1.0.5/snappy-java-1.0.5.jar:/home/user/.m2/repository/org/apache/hadoop/hadoop-annotations/3.2.1/hadoop-annotations-3.2.1.jar:/usr/lib/jvm/java-1.8.0-openjdk-1.8.0.232.b09-0.el7_7.x86_64/jre/../lib/tools.jar:/home/user/.m2/repository/org/apache/hadoop/hadoop-distcp/3.2.1/hadoop-distcp-3.2.1-tests.jar:"/>
    <property name="java.vm.vendor" value="Oracle Corporation"/>
    <property name="sun.arch.data.model" value="64"/>
    <property name="test.build.dir" value="/github/workspace/mnt/ozone/hadoop-ozone/integration-test/target/test-dir"/>
    <property name="test.cache.data" value=""/>
    <property name="java.vendor.url" value="http://java.oracle.com/"/>
    <property name="user.timezone" value=""/>
    <property name="java.vm.specification.version" value="1.8"/>
    <property name="os.name" value="Linux"/>
    <property name="test.build.data" value="/github/workspace/mnt/ozone/hadoop-ozone/integration-test/target/test-dir"/>
    <property name="user.country" value="US"/>
    <property name="sun.java.launcher" value="SUN_STANDARD"/>
    <property name="sun.boot.library.path" value="/usr/lib/jvm/java-1.8.0-openjdk-1.8.0.232.b09-0.el7_7.x86_64/jre/lib/amd64"/>
    <property name="sun.java.command" value="/github/workspace/mnt/ozone/hadoop-ozone/integration-test/target/surefire/surefirebooter9045972336634077004.jar /github/workspace/mnt/ozone/hadoop-ozone/integration-test/target/surefire 2020-11-20T12-54-57_616-jvmRun1 surefire8613058906947426735tmp surefire_416973626894668877858tmp"/>
    <property name="surefire.test.class.path" value="/github/workspace/mnt/ozone/hadoop-ozone/integration-test/target/test-classes:/github/workspace/mnt/ozone/hadoop-ozone/integration-test/target/classes:/home/user/.m2/repository/org/apache/hadoop/hadoop-ozone-common/1.1.0-SNAPSHOT/hadoop-ozone-common-1.1.0-SNAPSHOT.jar:/home/user/.m2/repository/org/apache/commons/commons-compress/1.4.1/commons-compress-1.4.1.jar:/home/user/.m2/repository/org/tukaani/xz/1.0/xz-1.0.jar:/home/user/.m2/repository/org/apache/hadoop/hadoop-hdds-common/1.1.0-SNAPSHOT/hadoop-hdds-common-1.1.0-SNAPSHOT.jar:/home/user/.m2/repository/org/apache/hadoop/hadoop-hdds-hadoop-dependency-client/1.1.0-SNAPSHOT/hadoop-hdds-hadoop-dependency-client-1.1.0-SNAPSHOT.jar:/home/user/.m2/repository/info/picocli/picocli/4.4.0/picocli-4.4.0.jar:/home/user/.m2/repository/com/fasterxml/jackson/core/jackson-annotations/2.10.3/jackson-annotations-2.10.3.jar:/home/user/.m2/repository/javax/annotation/javax.annotation-api/1.2/javax.annotation-api-1.2.jar:/home/user/.m2/repository/org/apache/ratis/ratis-server/1.1.0-11689cd-SNAPSHOT/ratis-server-1.1.0-11689cd-SNAPSHOT.jar:/home/user/.m2/repository/org/apache/ratis/ratis-client/1.1.0-11689cd-SNAPSHOT/ratis-client-1.1.0-11689cd-SNAPSHOT.jar:/home/user/.m2/repository/org/apache/ratis/ratis-metrics/1.1.0-11689cd-SNAPSHOT/ratis-metrics-1.1.0-11689cd-SNAPSHOT.jar:/home/user/.m2/repository/org/apache/ratis/ratis-netty/1.1.0-11689cd-SNAPSHOT/ratis-netty-1.1.0-11689cd-SNAPSHOT.jar:/home/user/.m2/repository/org/apache/ratis/ratis-grpc/1.1.0-11689cd-SNAPSHOT/ratis-grpc-1.1.0-11689cd-SNAPSHOT.jar:/home/user/.m2/repository/org/apache/logging/log4j/log4j-api/2.13.3/log4j-api-2.13.3.jar:/home/user/.m2/repository/org/apache/logging/log4j/log4j-core/2.13.3/log4j-core-2.13.3.jar:/home/user/.m2/repository/com/lmax/disruptor/3.4.2/disruptor-3.4.2.jar:/home/user/.m2/repository/org/apache/commons/commons-pool2/2.6.0/commons-pool2-2.6.0.jar:/home/user/.m2/repository/org/bouncycastle/bcpkix-jdk15on/1.60/bcpkix-jdk15on-1.60.jar:/home/user/.m2/repository/commons-validator/commons-validator/1.6/commons-validator-1.6.jar:/home/user/.m2/repository/commons-digester/commons-digester/1.8.1/commons-digester-1.8.1.jar:/home/user/.m2/repository/io/jaegertracing/jaeger-client/1.2.0/jaeger-client-1.2.0.jar:/home/user/.m2/repository/io/jaegertracing/jaeger-thrift/1.2.0/jaeger-thrift-1.2.0.jar:/home/user/.m2/repository/org/apache/thrift/libthrift/0.13.0/libthrift-0.13.0.jar:/home/user/.m2/repository/com/squareup/okhttp3/okhttp/4.2.2/okhttp-4.2.2.jar:/home/user/.m2/repository/com/squareup/okio/okio/2.2.2/okio-2.2.2.jar:/home/user/.m2/repository/org/jetbrains/kotlin/kotlin-stdlib/1.3.50/kotlin-stdlib-1.3.50.jar:/home/user/.m2/repository/org/jetbrains/kotlin/kotlin-stdlib-common/1.3.50/kotlin-stdlib-common-1.3.50.jar:/home/user/.m2/repository/org/jetbrains/annotations/13.0/annotations-13.0.jar:/home/user/.m2/repository/io/jaegertracing/jaeger-core/1.2.0/jaeger-core-1.2.0.jar:/home/user/.m2/repository/io/jaegertracing/jaeger-tracerresolver/1.2.0/jaeger-tracerresolver-1.2.0.jar:/home/user/.m2/repository/io/opentracing/contrib/opentracing-tracerresolver/0.1.8/opentracing-tracerresolver-0.1.8.jar:/home/user/.m2/repository/io/opentracing/opentracing-util/0.33.0/opentracing-util-0.33.0.jar:/home/user/.m2/repository/io/opentracing/opentracing-api/0.33.0/opentracing-api-0.33.0.jar:/home/user/.m2/repository/io/opentracing/opentracing-noop/0.33.0/opentracing-noop-0.33.0.jar:/home/user/.m2/repository/org/apache/hadoop/hadoop-hdds-client/1.1.0-SNAPSHOT/hadoop-hdds-client-1.1.0-SNAPSHOT.jar:/home/user/.m2/repository/org/apache/hadoop/hadoop-ozone-interface-client/1.1.0-SNAPSHOT/hadoop-ozone-interface-client-1.1.0-SNAPSHOT.jar:/home/user/.m2/repository/org/apache/hadoop/hadoop-hdds-test-utils/1.1.0-SNAPSHOT/hadoop-hdds-test-utils-1.1.0-SNAPSHOT.jar:/home/user/.m2/repository/com/google/guava/guava/28.2-jre/guava-28.2-jre.jar:/home/user/.m2/repository/com/google/guava/failureaccess/1.0.1/failureaccess-1.0.1.jar:/home/user/.m2/repository/com/google/guava/listenablefuture/9999.0-empty-to-avoid-conflict-with-guava/listenablefuture-9999.0-empty-to-avoid-conflict-with-guava.jar:/home/user/.m2/repository/com/google/code/findbugs/jsr305/3.0.0/jsr305-3.0.0.jar:/home/user/.m2/repository/org/checkerframework/checker-qual/2.10.0/checker-qual-2.10.0.jar:/home/user/.m2/repository/com/google/errorprone/error_prone_annotations/2.2.0/error_prone_annotations-2.2.0.jar:/home/user/.m2/repository/com/google/j2objc/j2objc-annotations/1.3/j2objc-annotations-1.3.jar:/home/user/.m2/repository/commons-io/commons-io/2.5/commons-io-2.5.jar:/home/user/.m2/repository/commons-logging/commons-logging/1.2/commons-logging-1.2.jar:/home/user/.m2/repository/log4j/log4j/1.2.17/log4j-1.2.17.jar:/home/user/.m2/repository/org/slf4j/slf4j-api/1.7.25/slf4j-api-1.7.25.jar:/home/user/.m2/repository/org/apache/hadoop/hadoop-hdds-server-scm/1.1.0-SNAPSHOT/hadoop-hdds-server-scm-1.1.0-SNAPSHOT.jar:/home/user/.m2/repository/org/apache/hadoop/hadoop-hdds-container-service/1.1.0-SNAPSHOT/hadoop-hdds-container-service-1.1.0-SNAPSHOT.jar:/home/user/.m2/repository/org/apache/hadoop/hadoop-hdds-hadoop-dependency-server/1.1.0-SNAPSHOT/hadoop-hdds-hadoop-dependency-server-1.1.0-SNAPSHOT.jar:/home/user/.m2/repository/org/apache/hadoop/hadoop-hdds-server-framework/1.1.0-SNAPSHOT/hadoop-hdds-server-framework-1.1.0-SNAPSHOT.jar:/home/user/.m2/repository/org/apache/hadoop/hadoop-hdds-interface-server/1.1.0-SNAPSHOT/hadoop-hdds-interface-server-1.1.0-SNAPSHOT.jar:/home/user/.m2/repository/org/apache/hadoop/hadoop-hdds-interface-admin/1.1.0-SNAPSHOT/hadoop-hdds-interface-admin-1.1.0-SNAPSHOT.jar:/home/user/.m2/repository/org/rocksdb/rocksdbjni/6.8.1/rocksdbjni-6.8.1.jar:/home/user/.m2/repository/io/prometheus/simpleclient_dropwizard/0.7.0/simpleclient_dropwizard-0.7.0.jar:/home/user/.m2/repository/io/prometheus/simpleclient/0.7.0/simpleclient-0.7.0.jar:/home/user/.m2/repository/io/prometheus/simpleclient_common/0.7.0/simpleclient_common-0.7.0.jar:/home/user/.m2/repository/com/fasterxml/jackson/datatype/jackson-datatype-jsr310/2.10.3/jackson-datatype-jsr310-2.10.3.jar:/home/user/.m2/repository/io/dropwizard/metrics/metrics-core/3.2.4/metrics-core-3.2.4.jar:/home/user/.m2/repository/org/apache/hadoop/hadoop-hdfs-client/3.2.1/hadoop-hdfs-client-3.2.1.jar:/home/user/.m2/repository/org/bouncycastle/bcprov-jdk15on/1.60/bcprov-jdk15on-1.60.jar:/home/user/.m2/repository/org/apache/hadoop/hadoop-ozone-ozone-manager/1.1.0-SNAPSHOT/hadoop-ozone-ozone-manager-1.1.0-SNAPSHOT.jar:/home/user/.m2/repository/org/apache/hadoop/hadoop-hdds-interface-client/1.1.0-SNAPSHOT/hadoop-hdds-interface-client-1.1.0-SNAPSHOT.jar:/home/user/.m2/repository/org/apache/ratis/ratis-thirdparty-misc/0.6.0-SNAPSHOT/ratis-thirdparty-misc-0.6.0-SNAPSHOT.jar:/home/user/.m2/repository/org/apache/hadoop/hadoop-ozone-interface-storage/1.1.0-SNAPSHOT/hadoop-ozone-interface-storage-1.1.0-SNAPSHOT.jar:/home/user/.m2/repository/org/apache/hadoop/hadoop-minikdc/3.2.1/hadoop-minikdc-3.2.1.jar:/home/user/.m2/repository/org/apache/kerby/kerb-simplekdc/1.0.1/kerb-simplekdc-1.0.1.jar:/home/user/.m2/repository/org/apache/kerby/kerb-client/1.0.1/kerb-client-1.0.1.jar:/home/user/.m2/repository/org/apache/kerby/kerby-config/1.0.1/kerby-config-1.0.1.jar:/home/user/.m2/repository/org/apache/kerby/kerb-core/1.0.1/kerb-core-1.0.1.jar:/home/user/.m2/repository/org/apache/kerby/kerby-pkix/1.0.1/kerby-pkix-1.0.1.jar:/home/user/.m2/repository/org/apache/kerby/kerby-asn1/1.0.1/kerby-asn1-1.0.1.jar:/home/user/.m2/repository/org/apache/kerby/kerby-util/1.0.1/kerby-util-1.0.1.jar:/home/user/.m2/repository/org/apache/kerby/kerb-common/1.0.1/kerb-common-1.0.1.jar:/home/user/.m2/repository/org/apache/kerby/kerb-crypto/1.0.1/kerb-crypto-1.0.1.jar:/home/user/.m2/repository/org/apache/kerby/kerb-util/1.0.1/kerb-util-1.0.1.jar:/home/user/.m2/repository/org/apache/kerby/token-provider/1.0.1/token-provider-1.0.1.jar:/home/user/.m2/repository/org/apache/kerby/kerb-admin/1.0.1/kerb-admin-1.0.1.jar:/home/user/.m2/repository/org/apache/kerby/kerb-server/1.0.1/kerb-server-1.0.1.jar:/home/user/.m2/repository/org/apache/kerby/kerb-identity/1.0.1/kerb-identity-1.0.1.jar:/home/user/.m2/repository/org/apache/kerby/kerby-xdr/1.0.1/kerby-xdr-1.0.1.jar:/home/user/.m2/repository/org/slf4j/slf4j-log4j12/1.7.25/slf4j-log4j12-1.7.25.jar:/home/user/.m2/repository/org/apache/hadoop/hadoop-ozone-s3gateway/1.1.0-SNAPSHOT/hadoop-ozone-s3gateway-1.1.0-SNAPSHOT.jar:/home/user/.m2/repository/org/jboss/weld/servlet/weld-servlet/2.4.7.Final/weld-servlet-2.4.7.Final.jar:/home/user/.m2/repository/org/glassfish/jersey/containers/jersey-container-servlet-core/2.27/jersey-container-servlet-core-2.27.jar:/home/user/.m2/repository/org/glassfish/hk2/external/javax.inject/2.5.0-b42/javax.inject-2.5.0-b42.jar:/home/user/.m2/repository/org/glassfish/jersey/core/jersey-common/2.27/jersey-common-2.27.jar:/home/user/.m2/repository/org/glassfish/hk2/osgi-resource-locator/1.0.1/osgi-resource-locator-1.0.1.jar:/home/user/.m2/repository/javax/ws/rs/javax.ws.rs-api/2.1/javax.ws.rs-api-2.1.jar:/home/user/.m2/repository/org/glassfish/jersey/ext/cdi/jersey-cdi1x/2.27/jersey-cdi1x-2.27.jar:/home/user/.m2/repository/org/glassfish/jersey/inject/jersey-hk2/2.27/jersey-hk2-2.27.jar:/home/user/.m2/repository/org/glassfish/hk2/hk2-locator/2.5.0-b42/hk2-locator-2.5.0-b42.jar:/home/user/.m2/repository/org/javassist/javassist/3.22.0-CR2/javassist-3.22.0-CR2.jar:/home/user/.m2/repository/org/glassfish/hk2/hk2-api/2.5.0/hk2-api-2.5.0.jar:/home/user/.m2/repository/org/glassfish/hk2/external/jakarta.inject/2.5.0/jakarta.inject-2.5.0.jar:/home/user/.m2/repository/org/glassfish/hk2/hk2-utils/2.5.0/hk2-utils-2.5.0.jar:/home/user/.m2/repository/jakarta/annotation/jakarta.annotation-api/1.3.4/jakarta.annotation-api-1.3.4.jar:/home/user/.m2/repository/org/glassfish/hk2/external/aopalliance-repackaged/2.5.0/aopalliance-repackaged-2.5.0.jar:/home/user/.m2/repository/com/fasterxml/jackson/dataformat/jackson-dataformat-xml/2.10.3/jackson-dataformat-xml-2.10.3.jar:/home/user/.m2/repository/com/fasterxml/jackson/core/jackson-core/2.10.3/jackson-core-2.10.3.jar:/home/user/.m2/repository/com/fasterxml/jackson/module/jackson-module-jaxb-annotations/2.10.3/jackson-module-jaxb-annotations-2.10.3.jar:/home/user/.m2/repository/jakarta/xml/bind/jakarta.xml.bind-api/2.3.2/jakarta.xml.bind-api-2.3.2.jar:/home/user/.m2/repository/jakarta/activation/jakarta.activation-api/1.2.1/jakarta.activation-api-1.2.1.jar:/home/user/.m2/repository/org/codehaus/woodstox/stax2-api/3.1.4/stax2-api-3.1.4.jar:/home/user/.m2/repository/com/fasterxml/woodstox/woodstox-core/5.0.3/woodstox-core-5.0.3.jar:/home/user/.m2/repository/javax/enterprise/cdi-api/1.2/cdi-api-1.2.jar:/home/user/.m2/repository/javax/el/javax.el-api/3.0.0/javax.el-api-3.0.0.jar:/home/user/.m2/repository/javax/interceptor/javax.interceptor-api/1.2/javax.interceptor-api-1.2.jar:/home/user/.m2/repository/javax/inject/javax.inject/1/javax.inject-1.jar:/home/user/.m2/repository/com/sun/xml/bind/jaxb-impl/2.3.0.1/jaxb-impl-2.3.0.1.jar:/home/user/.m2/repository/com/sun/xml/bind/jaxb-core/2.3.0.1/jaxb-core-2.3.0.1.jar:/home/user/.m2/repository/javax/xml/bind/jaxb-api/2.3.0/jaxb-api-2.3.0.jar:/home/user/.m2/repository/javax/activation/activation/1.1.1/activation-1.1.1.jar:/home/user/.m2/repository/org/apache/hadoop/hadoop-ozone-csi/1.1.0-SNAPSHOT/hadoop-ozone-csi-1.1.0-SNAPSHOT.jar:/home/user/.m2/repository/com/google/protobuf/protobuf-java-util/3.11.0/protobuf-java-util-3.11.0.jar:/home/user/.m2/repository/com/google/code/gson/gson/2.2.4/gson-2.2.4.jar:/home/user/.m2/repository/org/apache/hadoop/hadoop-hdds-config/1.1.0-SNAPSHOT/hadoop-hdds-config-1.1.0-SNAPSHOT.jar:/home/user/.m2/repository/com/google/protobuf/protobuf-java/2.5.0/protobuf-java-2.5.0.jar:/home/user/.m2/repository/io/grpc/grpc-netty/1.29.0/grpc-netty-1.29.0.jar:/home/user/.m2/repository/io/grpc/grpc-core/1.29.0/grpc-core-1.29.0.jar:/home/user/.m2/repository/com/google/android/annotations/4.1.1.4/annotations-4.1.1.4.jar:/home/user/.m2/repository/io/perfmark/perfmark-api/0.19.0/perfmark-api-0.19.0.jar:/home/user/.m2/repository/io/netty/netty-codec-http2/4.1.48.Final/netty-codec-http2-4.1.48.Final.jar:/home/user/.m2/repository/io/netty/netty-codec/4.1.48.Final/netty-codec-4.1.48.Final.jar:/home/user/.m2/repository/io/netty/netty-handler/4.1.48.Final/netty-handler-4.1.48.Final.jar:/home/user/.m2/repository/io/netty/netty-codec-http/4.1.48.Final/netty-codec-http-4.1.48.Final.jar:/home/user/.m2/repository/io/netty/netty-handler-proxy/4.1.48.Final/netty-handler-proxy-4.1.48.Final.jar:/home/user/.m2/repository/io/netty/netty-codec-socks/4.1.48.Final/netty-codec-socks-4.1.48.Final.jar:/home/user/.m2/repository/io/netty/netty-transport-native-epoll/4.1.48.Final/netty-transport-native-epoll-4.1.48.Final.jar:/home/user/.m2/repository/io/netty/netty-common/4.1.48.Final/netty-common-4.1.48.Final.jar:/home/user/.m2/repository/io/netty/netty-buffer/4.1.48.Final/netty-buffer-4.1.48.Final.jar:/home/user/.m2/repository/io/netty/netty-transport/4.1.48.Final/netty-transport-4.1.48.Final.jar:/home/user/.m2/repository/io/netty/netty-resolver/4.1.48.Final/netty-resolver-4.1.48.Final.jar:/home/user/.m2/repository/io/netty/netty-transport-native-unix-common/4.1.48.Final/netty-transport-native-unix-common-4.1.48.Final.jar:/home/user/.m2/repository/io/grpc/grpc-protobuf/1.29.0/grpc-protobuf-1.29.0.jar:/home/user/.m2/repository/io/grpc/grpc-api/1.29.0/grpc-api-1.29.0.jar:/home/user/.m2/repository/io/grpc/grpc-context/1.29.0/grpc-context-1.29.0.jar:/home/user/.m2/repository/org/codehaus/mojo/animal-sniffer-annotations/1.18/animal-sniffer-annotations-1.18.jar:/home/user/.m2/repository/com/google/api/grpc/proto-google-common-protos/1.17.0/proto-google-common-protos-1.17.0.jar:/home/user/.m2/repository/io/grpc/grpc-protobuf-lite/1.29.0/grpc-protobuf-lite-1.29.0.jar:/home/user/.m2/repository/io/grpc/grpc-stub/1.29.0/grpc-stub-1.29.0.jar:/home/user/.m2/repository/org/apache/hadoop/hadoop-ozone-recon/1.1.0-SNAPSHOT/hadoop-ozone-recon-1.1.0-SNAPSHOT.jar:/home/user/.m2/repository/org/apache/hadoop/hadoop-ozone-reconcodegen/1.1.0-SNAPSHOT/hadoop-ozone-reconcodegen-1.1.0-SNAPSHOT.jar:/home/user/.m2/repository/com/google/inject/extensions/guice-multibindings/4.0/guice-multibindings-4.0.jar:/home/user/.m2/repository/com/google/inject/guice/4.0/guice-4.0.jar:/home/user/.m2/repository/aopalliance/aopalliance/1.0/aopalliance-1.0.jar:/home/user/.m2/repository/com/google/inject/extensions/guice-assistedinject/4.0/guice-assistedinject-4.0.jar:/home/user/.m2/repository/com/google/inject/extensions/guice-servlet/4.0/guice-servlet-4.0.jar:/home/user/.m2/repository/org/glassfish/jersey/containers/jersey-container-servlet/2.27/jersey-container-servlet-2.27.jar:/home/user/.m2/repository/org/glassfish/hk2/guice-bridge/2.5.0/guice-bridge-2.5.0.jar:/home/user/.m2/repository/org/glassfish/jersey/core/jersey-server/2.27/jersey-server-2.27.jar:/home/user/.m2/repository/org/glassfish/jersey/core/jersey-client/2.27/jersey-client-2.27.jar:/home/user/.m2/repository/org/glassfish/jersey/media/jersey-media-jaxb/2.27/jersey-media-jaxb-2.27.jar:/home/user/.m2/repository/javax/validation/validation-api/1.1.0.Final/validation-api-1.1.0.Final.jar:/home/user/.m2/repository/org/glassfish/jersey/media/jersey-media-json-jackson/2.27/jersey-media-json-jackson-2.27.jar:/home/user/.m2/repository/org/glassfish/jersey/ext/jersey-entity-filtering/2.27/jersey-entity-filtering-2.27.jar:/home/user/.m2/repository/org/jooq/jooq/3.11.10/jooq-3.11.10.jar:/home/user/.m2/repository/org/jooq/jooq-meta/3.11.10/jooq-meta-3.11.10.jar:/home/user/.m2/repository/org/jooq/jooq-codegen/3.11.10/jooq-codegen-3.11.10.jar:/home/user/.m2/repository/com/jolbox/bonecp/0.8.0.RELEASE/bonecp-0.8.0.RELEASE.jar:/home/user/.m2/repository/org/apache/derby/derby/10.14.2.0/derby-10.14.2.0.jar:/home/user/.m2/repository/org/xerial/sqlite-jdbc/3.25.2/sqlite-jdbc-3.25.2.jar:/home/user/.m2/repository/org/springframework/spring-jdbc/5.2.5.RELEASE/spring-jdbc-5.2.5.RELEASE.jar:/home/user/.m2/repository/org/springframework/spring-beans/5.2.5.RELEASE/spring-beans-5.2.5.RELEASE.jar:/home/user/.m2/repository/org/springframework/spring-core/5.2.5.RELEASE/spring-core-5.2.5.RELEASE.jar:/home/user/.m2/repository/org/springframework/spring-jcl/5.2.5.RELEASE/spring-jcl-5.2.5.RELEASE.jar:/home/user/.m2/repository/org/springframework/spring-tx/5.2.5.RELEASE/spring-tx-5.2.5.RELEASE.jar:/home/user/.m2/repository/org/apache/hadoop/hadoop-ozone-client/1.1.0-SNAPSHOT/hadoop-ozone-client-1.1.0-SNAPSHOT.jar:/home/user/.m2/repository/org/apache/hadoop/hadoop-ozone-filesystem/1.1.0-SNAPSHOT/hadoop-ozone-filesystem-1.1.0-SNAPSHOT.jar:/home/user/.m2/repository/org/apache/hadoop/hadoop-ozone-filesystem-common/1.1.0-SNAPSHOT/hadoop-ozone-filesystem-common-1.1.0-SNAPSHOT.jar:/home/user/.m2/repository/org/apache/hadoop/hadoop-ozone-tools/1.1.0-SNAPSHOT/hadoop-ozone-tools-1.1.0-SNAPSHOT.jar:/home/user/.m2/repository/org/apache/hadoop/hadoop-hdfs/3.2.1/hadoop-hdfs-3.2.1.jar:/home/user/.m2/repository/org/apache/ratis/ratis-tools/1.1.0-11689cd-SNAPSHOT/ratis-tools-1.1.0-11689cd-SNAPSHOT.jar:/home/user/.m2/repository/org/apache/ratis/ratis-proto/1.1.0-11689cd-SNAPSHOT/ratis-proto-1.1.0-11689cd-SNAPSHOT.jar:/home/user/.m2/repository/org/apache/ratis/ratis-common/1.1.0-11689cd-SNAPSHOT/ratis-common-1.1.0-11689cd-SNAPSHOT.jar:/home/user/.m2/repository/com/amazonaws/aws-java-sdk-core/1.11.615/aws-java-sdk-core-1.11.615.jar:/home/user/.m2/repository/org/apache/httpcomponents/httpclient/4.5.13/httpclient-4.5.13.jar:/home/user/.m2/repository/org/apache/httpcomponents/httpcore/4.4.13/httpcore-4.4.13.jar:/home/user/.m2/repository/software/amazon/ion/ion-java/1.0.2/ion-java-1.0.2.jar:/home/user/.m2/repository/com/fasterxml/jackson/dataformat/jackson-dataformat-cbor/2.10.3/jackson-dataformat-cbor-2.10.3.jar:/home/user/.m2/repository/joda-time/joda-time/2.8.1/joda-time-2.8.1.jar:/home/user/.m2/repository/com/amazonaws/aws-java-sdk-s3/1.11.615/aws-java-sdk-s3-1.11.615.jar:/home/user/.m2/repository/com/amazonaws/aws-java-sdk-kms/1.11.615/aws-java-sdk-kms-1.11.615.jar:/home/user/.m2/repository/com/amazonaws/jmespath-java/1.11.615/jmespath-java-1.11.615.jar:/home/user/.m2/repository/org/kohsuke/metainf-services/metainf-services/1.8/metainf-services-1.8.jar:/home/user/.m2/repository/org/apache/hadoop/hadoop-hdds-tools/1.1.0-SNAPSHOT/hadoop-hdds-tools-1.1.0-SNAPSHOT.jar:/home/user/.m2/repository/commons-cli/commons-cli/1.2/commons-cli-1.2.jar:/home/user/.m2/repository/org/apache/commons/commons-lang3/3.7/commons-lang3-3.7.jar:/home/user/.m2/repository/org/apache/hadoop/hadoop-ozone-ozone-manager/1.1.0-SNAPSHOT/hadoop-ozone-ozone-manager-1.1.0-SNAPSHOT-tests.jar:/home/user/.m2/repository/junit/junit/4.11/junit-4.11.jar:/home/user/.m2/repository/org/hamcrest/hamcrest-core/1.3/hamcrest-core-1.3.jar:/home/user/.m2/repository/org/openjdk/jmh/jmh-core/1.19/jmh-core-1.19.jar:/home/user/.m2/repository/net/sf/jopt-simple/jopt-simple/4.6/jopt-simple-4.6.jar:/home/user/.m2/repository/org/apache/commons/commons-math3/3.1.1/commons-math3-3.1.1.jar:/home/user/.m2/repository/org/openjdk/jmh/jmh-generator-annprocess/1.19/jmh-generator-annprocess-1.19.jar:/home/user/.m2/repository/org/mockito/mockito-all/1.8.5/mockito-all-1.8.5.jar:/home/user/.m2/repository/org/apache/hadoop/hadoop-kms/3.2.1/hadoop-kms-3.2.1.jar:/home/user/.m2/repository/org/apache/hadoop/hadoop-auth/3.2.1/hadoop-auth-3.2.1.jar:/home/user/.m2/repository/com/nimbusds/nimbus-jose-jwt/7.9/nimbus-jose-jwt-7.9.jar:/home/user/.m2/repository/com/github/stephenc/jcip/jcip-annotations/1.0-1/jcip-annotations-1.0-1.jar:/home/user/.m2/repository/net/minidev/json-smart/2.3/json-smart-2.3.jar:/home/user/.m2/repository/net/minidev/accessors-smart/1.2/accessors-smart-1.2.jar:/home/user/.m2/repository/org/ow2/asm/asm/5.0.4/asm-5.0.4.jar:/home/user/.m2/repository/org/apache/zookeeper/zookeeper/3.4.13/zookeeper-3.4.13.jar:/home/user/.m2/repository/org/apache/yetus/audience-annotations/0.5.0/audience-annotations-0.5.0.jar:/home/user/.m2/repository/org/apache/curator/curator-framework/2.13.0/curator-framework-2.13.0.jar:/home/user/.m2/repository/com/sun/jersey/jersey-core/1.19/jersey-core-1.19.jar:/home/user/.m2/repository/javax/ws/rs/jsr311-api/1.1.1/jsr311-api-1.1.1.jar:/home/user/.m2/repository/com/sun/jersey/jersey-server/1.19/jersey-server-1.19.jar:/home/user/.m2/repository/javax/servlet/javax.servlet-api/3.1.0/javax.servlet-api-3.1.0.jar:/home/user/.m2/repository/org/eclipse/jetty/jetty-server/9.4.34.v20201102/jetty-server-9.4.34.v20201102.jar:/home/user/.m2/repository/org/eclipse/jetty/jetty-http/9.4.34.v20201102/jetty-http-9.4.34.v20201102.jar:/home/user/.m2/repository/org/eclipse/jetty/jetty-io/9.4.34.v20201102/jetty-io-9.4.34.v20201102.jar:/home/user/.m2/repository/org/eclipse/jetty/jetty-webapp/9.4.34.v20201102/jetty-webapp-9.4.34.v20201102.jar:/home/user/.m2/repository/org/eclipse/jetty/jetty-xml/9.4.34.v20201102/jetty-xml-9.4.34.v20201102.jar:/home/user/.m2/repository/org/eclipse/jetty/jetty-servlet/9.4.34.v20201102/jetty-servlet-9.4.34.v20201102.jar:/home/user/.m2/repository/org/eclipse/jetty/jetty-security/9.4.34.v20201102/jetty-security-9.4.34.v20201102.jar:/home/user/.m2/repository/org/apache/hadoop/hadoop-common/3.2.1/hadoop-common-3.2.1.jar:/home/user/.m2/repository/commons-net/commons-net/3.6/commons-net-3.6.jar:/home/user/.m2/repository/commons-collections/commons-collections/3.2.2/commons-collections-3.2.2.jar:/home/user/.m2/repository/com/sun/jersey/jersey-servlet/1.19/jersey-servlet-1.19.jar:/home/user/.m2/repository/com/sun/jersey/jersey-json/1.19/jersey-json-1.19.jar:/home/user/.m2/repository/org/codehaus/jettison/jettison/1.1/jettison-1.1.jar:/home/user/.m2/repository/org/codehaus/jackson/jackson-jaxrs/1.9.2/jackson-jaxrs-1.9.2.jar:/home/user/.m2/repository/org/codehaus/jackson/jackson-xc/1.9.2/jackson-xc-1.9.2.jar:/home/user/.m2/repository/commons-beanutils/commons-beanutils/1.9.4/commons-beanutils-1.9.4.jar:/home/user/.m2/repository/org/apache/commons/commons-configuration2/2.1.1/commons-configuration2-2.1.1.jar:/home/user/.m2/repository/org/apache/commons/commons-text/1.4/commons-text-1.4.jar:/home/user/.m2/repository/com/google/re2j/re2j/1.1/re2j-1.1.jar:/home/user/.m2/repository/com/jcraft/jsch/0.1.54/jsch-0.1.54.jar:/home/user/.m2/repository/org/apache/curator/curator-client/2.13.0/curator-client-2.13.0.jar:/home/user/.m2/repository/org/apache/curator/curator-recipes/2.13.0/curator-recipes-2.13.0.jar:/home/user/.m2/repository/dnsjava/dnsjava/2.1.7/dnsjava-2.1.7.jar:/home/user/.m2/repository/org/slf4j/jul-to-slf4j/1.7.25/jul-to-slf4j-1.7.25.jar:/home/user/.m2/repository/org/eclipse/jetty/jetty-util/9.4.34.v20201102/jetty-util-9.4.34.v20201102.jar:/home/user/.m2/repository/com/fasterxml/jackson/core/jackson-databind/2.10.3/jackson-databind-2.10.3.jar:/home/user/.m2/repository/org/apache/hadoop/hadoop-kms/3.2.1/hadoop-kms-3.2.1-tests.jar:/home/user/.m2/repository/org/apache/hadoop/hadoop-hdds-server-scm/1.1.0-SNAPSHOT/hadoop-hdds-server-scm-1.1.0-SNAPSHOT-tests.jar:/home/user/.m2/repository/org/apache/hadoop/hadoop-hdds-container-service/1.1.0-SNAPSHOT/hadoop-hdds-container-service-1.1.0-SNAPSHOT-tests.jar:/home/user/.m2/repository/org/apache/hadoop/hadoop-hdds-common/1.1.0-SNAPSHOT/hadoop-hdds-common-1.1.0-SNAPSHOT-tests.jar:/home/user/.m2/repository/org/yaml/snakeyaml/1.16/snakeyaml-1.16.jar:/home/user/.m2/repository/org/apache/hadoop/hadoop-hdds-hadoop-dependency-test/1.1.0-SNAPSHOT/hadoop-hdds-hadoop-dependency-test-1.1.0-SNAPSHOT.jar:/home/user/.m2/repository/org/apache/hadoop/hadoop-common/3.2.1/hadoop-common-3.2.1-tests.jar:/home/user/.m2/repository/javax/servlet/jsp/jsp-api/2.1/jsp-api-2.1.jar:/home/user/.m2/repository/org/apache/hadoop/hadoop-hdfs/3.2.1/hadoop-hdfs-3.2.1-tests.jar:/home/user/.m2/repository/org/eclipse/jetty/jetty-util-ajax/9.4.34.v20201102/jetty-util-ajax-9.4.34.v20201102.jar:/home/user/.m2/repository/commons-codec/commons-codec/1.11/commons-codec-1.11.jar:/home/user/.m2/repository/commons-daemon/commons-daemon/1.0.13/commons-daemon-1.0.13.jar:/home/user/.m2/repository/io/netty/netty/3.10.5.Final/netty-3.10.5.Final.jar:/home/user/.m2/repository/io/netty/netty-all/4.1.48.Final/netty-all-4.1.48.Final.jar:/home/user/.m2/repository/org/apache/htrace/htrace-core4/4.1.0-incubating/htrace-core4-4.1.0-incubating.jar:/home/user/.m2/repository/org/fusesource/leveldbjni/leveldbjni-all/1.8/leveldbjni-all-1.8.jar:/home/user/.m2/repository/org/apache/hadoop/hadoop-distcp/3.2.1/hadoop-distcp-3.2.1.jar:/home/user/.m2/repository/org/apache/hadoop/hadoop-mapreduce-client-jobclient/3.2.1/hadoop-mapreduce-client-jobclient-3.2.1.jar:/home/user/.m2/repository/org/apache/hadoop/hadoop-mapreduce-client-common/3.2.1/hadoop-mapreduce-client-common-3.2.1.jar:/home/user/.m2/repository/org/apache/hadoop/hadoop-yarn-common/3.2.1/hadoop-yarn-common-3.2.1.jar:/home/user/.m2/repository/org/apache/hadoop/hadoop-yarn-api/3.2.1/hadoop-yarn-api-3.2.1.jar:/home/user/.m2/repository/com/sun/jersey/jersey-client/1.19/jersey-client-1.19.jar:/home/user/.m2/repository/com/sun/jersey/contribs/jersey-guice/1.19/jersey-guice-1.19.jar:/home/user/.m2/repository/com/fasterxml/jackson/jaxrs/jackson-jaxrs-json-provider/2.10.3/jackson-jaxrs-json-provider-2.10.3.jar:/home/user/.m2/repository/com/fasterxml/jackson/jaxrs/jackson-jaxrs-base/2.10.3/jackson-jaxrs-base-2.10.3.jar:/home/user/.m2/repository/org/apache/hadoop/hadoop-yarn-client/3.2.1/hadoop-yarn-client-3.2.1.jar:/home/user/.m2/repository/org/apache/hadoop/hadoop-mapreduce-client-core/3.2.1/hadoop-mapreduce-client-core-3.2.1.jar:/home/user/.m2/repository/org/apache/avro/avro/1.7.7/avro-1.7.7.jar:/home/user/.m2/repository/org/codehaus/jackson/jackson-core-asl/1.9.13/jackson-core-asl-1.9.13.jar:/home/user/.m2/repository/org/codehaus/jackson/jackson-mapper-asl/1.9.13/jackson-mapper-asl-1.9.13.jar:/home/user/.m2/repository/com/thoughtworks/paranamer/paranamer/2.3/paranamer-2.3.jar:/home/user/.m2/repository/org/xerial/snappy/snappy-java/1.0.5/snappy-java-1.0.5.jar:/home/user/.m2/repository/org/apache/hadoop/hadoop-annotations/3.2.1/hadoop-annotations-3.2.1.jar:/usr/lib/jvm/java-1.8.0-openjdk-1.8.0.232.b09-0.el7_7.x86_64/jre/../lib/tools.jar:/home/user/.m2/repository/org/apache/hadoop/hadoop-distcp/3.2.1/hadoop-distcp-3.2.1-tests.jar:"/>
    <property name="sun.cpu.endian" value="little"/>
    <property name="user.home" value="/home/user"/>
    <property name="user.language" value="en"/>
    <property name="java.specification.vendor" value="Oracle Corporation"/>
    <property name="java.home" value="/usr/lib/jvm/java-1.8.0-openjdk-1.8.0.232.b09-0.el7_7.x86_64/jre"/>
    <property name="java.security.krb5.conf" value="/github/workspace/mnt/ozone/hadoop-ozone/integration-test/target/test-classes/krb5.conf"/>
    <property name="basedir" value="/github/workspace/mnt/ozone/hadoop-ozone/integration-test"/>
    <property name="file.separator" value="/"/>
    <property name="line.separator" value="&#10;"/>
    <property name="java.vm.specification.vendor" value="Oracle Corporation"/>
    <property name="java.specification.name" value="Java Platform API Specification"/>
    <property name="java.awt.graphicsenv" value="sun.awt.X11GraphicsEnvironment"/>
    <property name="skip.installnpx" value="true"/>
    <property name="surefire.real.class.path" value="/github/workspace/mnt/ozone/hadoop-ozone/integration-test/target/surefire/surefirebooter9045972336634077004.jar:/home/user/.m2/repository/org/jacoco/org.jacoco.agent/0.8.5/org.jacoco.agent-0.8.5-runtime.jar"/>
    <property name="hadoop.log.dir" value="/github/workspace/mnt/ozone/hadoop-ozone/integration-test/target/log"/>
    <property name="sun.boot.class.path" value="/usr/lib/jvm/java-1.8.0-openjdk-1.8.0.232.b09-0.el7_7.x86_64/jre/lib/resources.jar:/usr/lib/jvm/java-1.8.0-openjdk-1.8.0.232.b09-0.el7_7.x86_64/jre/lib/rt.jar:/usr/lib/jvm/java-1.8.0-openjdk-1.8.0.232.b09-0.el7_7.x86_64/jre/lib/sunrsasign.jar:/usr/lib/jvm/java-1.8.0-openjdk-1.8.0.232.b09-0.el7_7.x86_64/jre/lib/jsse.jar:/usr/lib/jvm/java-1.8.0-openjdk-1.8.0.232.b09-0.el7_7.x86_64/jre/lib/jce.jar:/usr/lib/jvm/java-1.8.0-openjdk-1.8.0.232.b09-0.el7_7.x86_64/jre/lib/charsets.jar:/usr/lib/jvm/java-1.8.0-openjdk-1.8.0.232.b09-0.el7_7.x86_64/jre/lib/jfr.jar:/usr/lib/jvm/java-1.8.0-openjdk-1.8.0.232.b09-0.el7_7.x86_64/jre/classes"/>
    <property name="sun.management.compiler" value="HotSpot 64-Bit Tiered Compilers"/>
    <property name="skip.npx" value="true"/>
    <property name="java.runtime.version" value="1.8.0_232-b09"/>
    <property name="java.net.preferIPv4Stack" value="true"/>
    <property name="user.name" value="jenkins1001"/>
    <property name="path.separator" value=":"/>
    <property name="java.security.egd" value="file:///dev/urandom"/>
    <property name="os.version" value="5.4.0-1031-azure"/>
    <property name="java.endorsed.dirs" value="/usr/lib/jvm/java-1.8.0-openjdk-1.8.0.232.b09-0.el7_7.x86_64/jre/lib/endorsed"/>
    <property name="java.runtime.name" value="OpenJDK Runtime Environment"/>
    <property name="file.encoding" value="ANSI_X3.4-1968"/>
    <property name="java.vm.name" value="OpenJDK 64-Bit Server VM"/>
    <property name="test.build.webapps" value=""/>
    <property name="localRepository" value="/home/user/.m2/repository"/>
    <property name="java.vendor.url.bug" value="http://bugreport.sun.com/bugreport/"/>
    <property name="java.io.tmpdir" value="/tmp"/>
    <property name="require.test.libhadoop" value=""/>
    <property name="java.version" value="1.8.0_232"/>
    <property name="user.dir" value="/github/workspace/mnt/ozone/hadoop-ozone/integration-test"/>
    <property name="os.arch" value="amd64"/>
    <property name="java.vm.specification.name" value="Java Virtual Machine Specification"/>
    <property name="test.build.classes" value="/github/workspace/mnt/ozone/hadoop-ozone/integration-test/target/test-classes"/>
    <property name="java.awt.printerjob" value="sun.print.PSPrinterJob"/>
    <property name="sun.os.patch.level" value="unknown"/>
    <property name="hadoop.tmp.dir" value="/github/workspace/mnt/ozone/hadoop-ozone/integration-test/target/tmp"/>
    <property name="java.library.path" value="/usr/lib:/usr/java/packages/lib/amd64:/usr/lib64:/lib64:/lib:/usr/lib"/>
    <property name="java.vm.info" value="mixed mode"/>
    <property name="java.vendor" value="Oracle Corporation"/>
    <property name="java.vm.version" value="25.232-b09"/>
    <property name="java.ext.dirs" value="/usr/lib/jvm/java-1.8.0-openjdk-1.8.0.232.b09-0.el7_7.x86_64/jre/lib/ext:/usr/java/packages/lib/ext"/>
    <property name="sun.io.unicode.encoding" value="UnicodeLittle"/>
    <property name="java.class.version" value="52.0"/>
  </properties>
  <testcase name="testOMRetryCache" classname="org.apache.hadoop.ozone.om.TestOzoneManagerHAMetadataOnly" time="29.369">
    <failure type="java.lang.AssertionError">java.lang.AssertionError
	at org.junit.Assert.fail(Assert.java:86)
	at org.junit.Assert.assertTrue(Assert.java:41)
	at org.junit.Assert.assertFalse(Assert.java:64)
	at org.junit.Assert.assertFalse(Assert.java:74)
	at org.apache.hadoop.ozone.om.TestOzoneManagerHAMetadataOnly.testOMRetryCache(TestOzoneManagerHAMetadataOnly.java:422)
	at sun.reflect.NativeMethodAccessorImpl.invoke0(Native Method)
	at sun.reflect.NativeMethodAccessorImpl.invoke(NativeMethodAccessorImpl.java:62)
	at sun.reflect.DelegatingMethodAccessorImpl.invoke(DelegatingMethodAccessorImpl.java:43)
	at java.lang.reflect.Method.invoke(Method.java:498)
	at org.junit.runners.model.FrameworkMethod$1.runReflectiveCall(FrameworkMethod.java:47)
	at org.junit.internal.runners.model.ReflectiveCallable.run(ReflectiveCallable.java:12)
	at org.junit.runners.model.FrameworkMethod.invokeExplosively(FrameworkMethod.java:44)
	at org.junit.internal.runners.statements.InvokeMethod.evaluate(InvokeMethod.java:17)
	at org.junit.internal.runners.statements.RunBefores.evaluate(RunBefores.java:26)
	at org.junit.internal.runners.statements.RunAfters.evaluate(RunAfters.java:27)
	at org.junit.rules.ExpectedException$ExpectedExceptionStatement.evaluate(ExpectedException.java:168)
	at org.junit.internal.runners.statements.FailOnTimeout$StatementThread.run(FailOnTimeout.java:74)
</failure>
    <system-out><![CDATA[2020-11-20 13:30:35,414 [Thread-1] WARN  server.ServerUtils (ServerUtils.java:getScmDbDir(148)) - ozone.scm.db.dirs is not configured. We recommend adding this setting. Falling back to ozone.metadata.dirs instead.
2020-11-20 13:30:35,519 [Thread-1] WARN  server.ServerUtils (ServerUtils.java:getScmDbDir(148)) - ozone.scm.db.dirs is not configured. We recommend adding this setting. Falling back to ozone.metadata.dirs instead.
2020-11-20 13:30:35,710 [Thread-1] WARN  db.DBStoreBuilder (DBStoreBuilder.java:applyDBDefinition(145)) - ozone.scm.db.dirs is not configured. We recommend adding this setting. Falling back to ozone.metadata.dirs instead.
2020-11-20 13:30:35,856 [Thread-1] INFO  net.NodeSchemaLoader (NodeSchemaLoader.java:loadSchemaFromFile(126)) - Loading file from sun.misc.CompoundEnumeration@79ec065c
2020-11-20 13:30:35,857 [Thread-1] INFO  net.NodeSchemaLoader (NodeSchemaLoader.java:loadSchema(172)) - Loading network topology layer schema file
2020-11-20 13:30:35,931 [Thread-1] WARN  server.ServerUtils (ServerUtils.java:sanitizeUserArgs(73)) - ozone.scm.stale.node.interval value = 300000 is larger than max = 100000 based on the key value of ozone.scm.heartbeat.thread.interval, reset to the max value 100000.
2020-11-20 13:30:35,931 [Thread-1] WARN  server.ServerUtils (ServerUtils.java:sanitizeUserArgs(73)) - ozone.scm.stale.node.interval value = 300000 is larger than max = 100000 based on the key value of ozone.scm.heartbeat.thread.interval, reset to the max value 100000.
2020-11-20 13:30:35,940 [Thread-1] INFO  node.SCMNodeManager (SCMNodeManager.java:<init>(120)) - Entering startup safe mode.
2020-11-20 13:30:36,098 [Thread-1] INFO  algorithms.ContainerPlacementPolicyFactory (ContainerPlacementPolicyFactory.java:getPolicy(60)) - Create container placement policy of type org.apache.hadoop.hdds.scm.container.placement.algorithms.SCMContainerPlacementRandom
2020-11-20 13:30:36,132 [Thread-1] INFO  algorithms.LeaderChoosePolicyFactory (LeaderChoosePolicyFactory.java:getPolicy(57)) - Create leader choose policy of type org.apache.hadoop.hdds.scm.pipeline.leader.choose.algorithms.DefaultLeaderChoosePolicy
2020-11-20 13:30:36,132 [Thread-1] INFO  pipeline.SCMPipelineManager (SCMPipelineManager.java:initializePipelineState(161)) - No pipeline exists in current db
2020-11-20 13:30:36,169 [Thread-1] INFO  algorithms.PipelineChoosePolicyFactory (PipelineChoosePolicyFactory.java:createPipelineChoosePolicyFromClass(75)) - Create pipeline choose policy of type org.apache.hadoop.hdds.scm.pipeline.choose.algorithms.RandomPipelineChoosePolicy
2020-11-20 13:30:36,233 [Thread-1] INFO  safemode.HealthyPipelineSafeModeRule (HealthyPipelineSafeModeRule.java:<init>(89)) - Total pipeline count is 0, healthy pipeline threshold count is 0
2020-11-20 13:30:36,241 [Thread-1] INFO  safemode.OneReplicaPipelineSafeModeRule (OneReplicaPipelineSafeModeRule.java:<init>(84)) - Total pipeline count is 0, pipeline's with at least one datanode reported threshold count is 0
2020-11-20 13:30:36,675 [Thread-1] INFO  ipc.CallQueueManager (CallQueueManager.java:<init>(84)) - Using callQueue: class java.util.concurrent.LinkedBlockingQueue, queueCapacity: 2000, scheduler: class org.apache.hadoop.ipc.DefaultRpcScheduler, ipcBackoff: false.
2020-11-20 13:30:36,698 [Socket Reader #1 for port 0] INFO  ipc.Server (Server.java:run(1219)) - Starting Socket Reader #1 for port 0
2020-11-20 13:30:36,737 [Listener at 0.0.0.0/45477] INFO  ipc.CallQueueManager (CallQueueManager.java:<init>(84)) - Using callQueue: class java.util.concurrent.LinkedBlockingQueue, queueCapacity: 2000, scheduler: class org.apache.hadoop.ipc.DefaultRpcScheduler, ipcBackoff: false.
2020-11-20 13:30:36,737 [Socket Reader #1 for port 0] INFO  ipc.Server (Server.java:run(1219)) - Starting Socket Reader #1 for port 0
2020-11-20 13:30:36,756 [Listener at 0.0.0.0/40393] INFO  ipc.CallQueueManager (CallQueueManager.java:<init>(84)) - Using callQueue: class java.util.concurrent.LinkedBlockingQueue, queueCapacity: 2000, scheduler: class org.apache.hadoop.ipc.DefaultRpcScheduler, ipcBackoff: false.
2020-11-20 13:30:36,756 [Socket Reader #1 for port 0] INFO  ipc.Server (Server.java:run(1219)) - Starting Socket Reader #1 for port 0
2020-11-20 13:30:36,777 [Listener at 0.0.0.0/39313] INFO  http.BaseHttpServer (BaseHttpServer.java:newHttpServer2BuilderForOzone(207)) - Starting Web-server for scm at: http://0.0.0.0:0
2020-11-20 13:30:36,778 [Listener at 0.0.0.0/39313] INFO  http.BaseHttpServer (BaseHttpServer.java:<init>(106)) - Hadoop Security Enabled: false Ozone Security Enabled: false Ozone HTTP Security Enabled: false 
2020-11-20 13:30:36,803 [Listener at 0.0.0.0/39313] INFO  util.log (Log.java:initialized(169)) - Logging initialized @2450ms to org.eclipse.jetty.util.log.Slf4jLog
2020-11-20 13:30:36,926 [Listener at 0.0.0.0/39313] INFO  server.AuthenticationFilter (AuthenticationFilter.java:constructSecretProvider(240)) - Unable to initialize FileSignerSecretProvider, falling back to use random secrets.
2020-11-20 13:30:36,939 [Listener at 0.0.0.0/39313] WARN  http.HttpRequestLog (HttpRequestLog.java:getRequestLog(103)) - Jetty request log can only be enabled using Log4j
2020-11-20 13:30:36,946 [Listener at 0.0.0.0/39313] INFO  http.HttpServer2 (HttpServer2.java:addGlobalFilter(1019)) - Added global filter 'safety' (class=org.apache.hadoop.hdds.server.http.HttpServer2$QuotingInputFilter)
2020-11-20 13:30:36,948 [Listener at 0.0.0.0/39313] INFO  http.HttpServer2 (HttpServer2.java:addFilter(995)) - Added filter static_user_filter (class=org.apache.hadoop.http.lib.StaticUserWebFilter$StaticUserFilter) to context scm
2020-11-20 13:30:36,948 [Listener at 0.0.0.0/39313] INFO  http.HttpServer2 (HttpServer2.java:addFilter(1003)) - Added filter static_user_filter (class=org.apache.hadoop.http.lib.StaticUserWebFilter$StaticUserFilter) to context static
2020-11-20 13:30:36,948 [Listener at 0.0.0.0/39313] INFO  http.HttpServer2 (HttpServer2.java:addFilter(1003)) - Added filter static_user_filter (class=org.apache.hadoop.http.lib.StaticUserWebFilter$StaticUserFilter) to context logs
2020-11-20 13:30:37,004 [Listener at 0.0.0.0/39313] INFO  server.StorageContainerManager (StorageContainerManager.java:start(789)) - StorageContainerLocationProtocol RPC server is listening at /0.0.0.0:39313
2020-11-20 13:30:37,059 [Listener at 0.0.0.0/39313] WARN  impl.MetricsConfig (MetricsConfig.java:loadFirst(134)) - Cannot locate configuration: tried hadoop-metrics2-storagecontainermanager.properties,hadoop-metrics2.properties
2020-11-20 13:30:37,072 [Listener at 0.0.0.0/39313] INFO  impl.MetricsSystemImpl (MetricsSystemImpl.java:startTimer(374)) - Scheduled Metric snapshot period at 10 second(s).
2020-11-20 13:30:37,072 [Listener at 0.0.0.0/39313] INFO  impl.MetricsSystemImpl (MetricsSystemImpl.java:start(191)) - StorageContainerManager metrics system started
2020-11-20 13:30:37,280 [Listener at 0.0.0.0/39313] INFO  server.SCMClientProtocolServer (SCMClientProtocolServer.java:start(156)) - RPC server for Client  is listening at /0.0.0.0:39313
2020-11-20 13:30:37,280 [IPC Server Responder] INFO  ipc.Server (Server.java:run(1460)) - IPC Server Responder: starting
2020-11-20 13:30:37,282 [IPC Server listener on 0] INFO  ipc.Server (Server.java:run(1298)) - IPC Server listener on 0: starting
2020-11-20 13:30:37,284 [Listener at 0.0.0.0/39313] INFO  server.StorageContainerManager (StorageContainerManager.java:start(801)) - ScmBlockLocationProtocol RPC server is listening at /0.0.0.0:40393
2020-11-20 13:30:37,285 [Listener at 0.0.0.0/39313] INFO  server.SCMBlockProtocolServer (SCMBlockProtocolServer.java:start(150)) - RPC server for Block Protocol is listening at /0.0.0.0:40393
2020-11-20 13:30:37,285 [IPC Server Responder] INFO  ipc.Server (Server.java:run(1460)) - IPC Server Responder: starting
2020-11-20 13:30:37,286 [IPC Server listener on 0] INFO  ipc.Server (Server.java:run(1298)) - IPC Server listener on 0: starting
2020-11-20 13:30:37,288 [Listener at 0.0.0.0/39313] INFO  server.StorageContainerManager (StorageContainerManager.java:start(807)) - ScmDatanodeProtocl RPC server is listening at /0.0.0.0:45477
2020-11-20 13:30:37,288 [Listener at 0.0.0.0/39313] INFO  server.SCMDatanodeProtocolServer (SCMDatanodeProtocolServer.java:start(172)) - RPC server for DataNodes is listening at /0.0.0.0:45477
2020-11-20 13:30:37,290 [IPC Server Responder] INFO  ipc.Server (Server.java:run(1460)) - IPC Server Responder: starting
2020-11-20 13:30:37,291 [IPC Server listener on 0] INFO  ipc.Server (Server.java:run(1298)) - IPC Server listener on 0: starting
2020-11-20 13:30:37,295 [Listener at 0.0.0.0/39313] INFO  http.HttpServer2 (HttpServer2.java:bindListener(1237)) - Jetty bound to port 34515
2020-11-20 13:30:37,296 [Listener at 0.0.0.0/39313] INFO  server.Server (Server.java:doStart(375)) - jetty-9.4.34.v20201102; built: 2020-11-02T14:15:39.302Z; git: e46af88704a893fc12cb0e3bf46e2c7b48a009e7; jvm 1.8.0_232-b09
2020-11-20 13:30:37,327 [Listener at 0.0.0.0/39313] INFO  server.session (DefaultSessionIdManager.java:doStart(334)) - DefaultSessionIdManager workerName=node0
2020-11-20 13:30:37,328 [Listener at 0.0.0.0/39313] INFO  server.session (DefaultSessionIdManager.java:doStart(339)) - No SessionScavenger set, using defaults
2020-11-20 13:30:37,330 [Listener at 0.0.0.0/39313] INFO  server.session (HouseKeeper.java:startScavenging(132)) - node0 Scavenging every 600000ms
2020-11-20 13:30:37,346 [Listener at 0.0.0.0/39313] INFO  handler.ContextHandler (ContextHandler.java:doStart(916)) - Started o.e.j.s.ServletContextHandler@2530020d{logs,/logs,file:///github/workspace/mnt/ozone/hadoop-ozone/integration-test/target/log,AVAILABLE}
2020-11-20 13:30:37,347 [Listener at 0.0.0.0/39313] INFO  handler.ContextHandler (ContextHandler.java:doStart(916)) - Started o.e.j.s.ServletContextHandler@3cafb198{static,/static,file:///github/workspace/mnt/ozone/hadoop-ozone/integration-test/target/test-classes/webapps/static,AVAILABLE}
2020-11-20 13:30:37,384 [Listener at 0.0.0.0/39313] INFO  handler.ContextHandler (ContextHandler.java:doStart(916)) - Started o.e.j.w.WebAppContext@54b534c5{scm,/,file:///github/workspace/mnt/ozone/hadoop-ozone/integration-test/target/test-classes/webapps/scm/,AVAILABLE}{file:/github/workspace/mnt/ozone/hadoop-ozone/integration-test/target/test-classes/webapps/scm}
2020-11-20 13:30:37,392 [Listener at 0.0.0.0/39313] INFO  server.AbstractConnector (AbstractConnector.java:doStart(331)) - Started ServerConnector@62f25277{HTTP/1.1, (http/1.1)}{0.0.0.0:34515}
2020-11-20 13:30:37,392 [Listener at 0.0.0.0/39313] INFO  server.Server (Server.java:doStart(415)) - Started @3039ms
2020-11-20 13:30:37,394 [Listener at 0.0.0.0/39313] INFO  impl.MetricsSinkAdapter (MetricsSinkAdapter.java:start(204)) - Sink prometheus started
2020-11-20 13:30:37,394 [Listener at 0.0.0.0/39313] INFO  impl.MetricsSystemImpl (MetricsSystemImpl.java:registerSink(301)) - Registered sink prometheus
2020-11-20 13:30:37,524 [Listener at 0.0.0.0/39313] INFO  http.BaseHttpServer (BaseHttpServer.java:updateConnectorAddress(327)) - HTTP server of scm listening at http://0.0.0.0:34515
2020-11-20 13:30:37,535 [org.apache.hadoop.util.JvmPauseMonitor$Monitor@a21dc52] INFO  util.JvmPauseMonitor (JvmPauseMonitor.java:run(188)) - Starting JVM pause monitor
2020-11-20 13:30:37,539 [Listener at 0.0.0.0/39313] WARN  server.ServerUtils (ServerUtils.java:getDBPath(225)) - ozone.om.db.dirs is not configured. We recommend adding this setting. Falling back to ozone.metadata.dirs instead.
2020-11-20 13:30:37,640 [Listener at 0.0.0.0/39313] INFO  ha.OMHANodeDetails (OMHANodeDetails.java:loadOMHAConfig(110)) - ServiceID for OzoneManager is om-service-test1
2020-11-20 13:30:37,643 [Listener at 0.0.0.0/39313] INFO  ha.OMHANodeDetails (OMHANodeDetails.java:loadOMHAConfig(188)) - Found matching OM address with OMServiceId: om-service-test1, OMNodeId: omNode-1, RPC Address: localhost:12936 and Ratis port: 12940
2020-11-20 13:30:37,643 [Listener at 0.0.0.0/39313] INFO  ha.OMHANodeDetails (OMHANodeDetails.java:setOMNodeSpecificConfigs(314)) - Setting configuration key ozone.om.http-address with value of key ozone.om.http-address.omNode-1: 127.0.0.1:12938
2020-11-20 13:30:37,643 [Listener at 0.0.0.0/39313] INFO  ha.OMHANodeDetails (OMHANodeDetails.java:setOMNodeSpecificConfigs(314)) - Setting configuration key ozone.om.https-address with value of key ozone.om.https-address.omNode-1: 127.0.0.1:12939
2020-11-20 13:30:37,643 [Listener at 0.0.0.0/39313] INFO  ha.OMHANodeDetails (OMHANodeDetails.java:setOMNodeSpecificConfigs(314)) - Setting configuration key ozone.om.address with value of key ozone.om.address.omNode-1: 127.0.0.1:12936
2020-11-20 13:30:37,644 [Listener at 0.0.0.0/39313] WARN  server.ServerUtils (ServerUtils.java:getDBPath(225)) - ozone.om.db.dirs is not configured. We recommend adding this setting. Falling back to ozone.metadata.dirs instead.
2020-11-20 13:30:37,644 [Listener at 0.0.0.0/39313] WARN  server.ServerUtils (ServerUtils.java:getDBPath(225)) - ozone.om.db.dirs is not configured. We recommend adding this setting. Falling back to ozone.metadata.dirs instead.
2020-11-20 13:30:38,350 [Listener at 0.0.0.0/39313] WARN  server.ServerUtils (ServerUtils.java:getDBPath(225)) - ozone.om.db.dirs is not configured. We recommend adding this setting. Falling back to ozone.metadata.dirs instead.
2020-11-20 13:30:38,356 [Listener at 0.0.0.0/39313] INFO  codec.OmKeyInfoCodec (OmKeyInfoCodec.java:<init>(41)) - OmKeyInfoCodec ignorePipeline = true
2020-11-20 13:30:38,357 [Listener at 0.0.0.0/39313] INFO  codec.RepeatedOmKeyInfoCodec (RepeatedOmKeyInfoCodec.java:<init>(40)) - RepeatedOmKeyInfoCodec ignorePipeline = true
2020-11-20 13:30:38,494 [Listener at 0.0.0.0/39313] INFO  om.OzoneManager (OzoneManager.java:addS3GVolumeToDB(3741)) - Created Volume s3v With Owner jenkins1001 required for S3Gateway operations.
2020-11-20 13:30:38,502 [Listener at 0.0.0.0/39313] INFO  metrics.MetricRegistries (MetricRegistriesLoader.java:load(64)) - Loaded MetricRegistries class org.apache.ratis.metrics.impl.MetricRegistriesImpl
2020-11-20 13:30:38,534 [Listener at 0.0.0.0/39313] WARN  server.ServerUtils (ServerUtils.java:getDefaultRatisDirectory(237)) - Storage directory for Ratis is not configured. It is a good idea to map this to an SSD disk. Falling back to ozone.metadata.dirs
2020-11-20 13:30:38,553 [Listener at 0.0.0.0/39313] INFO  ratis.OzoneManagerRatisServer (OzoneManagerRatisServer.java:<init>(270)) - Instantiating OM Ratis server with GroupID: om-service-test1 and Raft Peers: localhost:12940, localhost:12946, localhost:12952
2020-11-20 13:30:38,561 [Listener at 0.0.0.0/39313] INFO  ratis.OzoneManagerStateMachine (OzoneManagerStateMachine.java:loadSnapshotInfoFromDB(519)) - LastAppliedIndex is set from TransactionInfo from OM DB as (t:0, i:~)
2020-11-20 13:30:38,580 [Listener at 0.0.0.0/39313] INFO  impl.RaftServerProxy (ConfUtils.java:logGet(44)) - raft.rpc.type = GRPC (default)
2020-11-20 13:30:38,642 [Listener at 0.0.0.0/39313] INFO  grpc.GrpcFactory (GrpcFactory.java:checkPooledByteBufAllocatorUseCacheForAllThreads(45)) - PERFORMANCE WARNING: useCacheForAllThreads is true that may cause Netty to create a lot garbage objects and, as a result, trigger GC.
	It is recommended to disable useCacheForAllThreads by setting -Dorg.apache.ratis.thirdparty.io.netty.allocator.useCacheForAllThreads=false in command line.
2020-11-20 13:30:38,646 [Listener at 0.0.0.0/39313] INFO  grpc.GrpcConfigKeys (ConfUtils.java:logGet(44)) - raft.grpc.server.port = 12940 (custom)
2020-11-20 13:30:38,647 [Listener at 0.0.0.0/39313] INFO  server.GrpcService (ConfUtils.java:logGet(44)) - raft.grpc.message.size.max = 33554432 (custom)
2020-11-20 13:30:38,648 [Listener at 0.0.0.0/39313] INFO  server.RaftServerConfigKeys (ConfUtils.java:logGet(44)) - raft.server.log.appender.buffer.byte-limit = 33554432 (custom)
2020-11-20 13:30:38,648 [Listener at 0.0.0.0/39313] INFO  server.GrpcService (ConfUtils.java:logGet(44)) - raft.grpc.flow.control.window = 1MB (=1048576) (default)
2020-11-20 13:30:38,649 [Listener at 0.0.0.0/39313] INFO  server.RaftServerConfigKeys (ConfUtils.java:logGet(44)) - raft.server.rpc.request.timeout = 3000ms (default)
2020-11-20 13:30:38,820 [Listener at 0.0.0.0/39313] INFO  server.RaftServerConfigKeys (ConfUtils.java:logGet(44)) - raft.server.storage.dir = [/github/workspace/mnt/ozone/hadoop-ozone/integration-test/target/test-dir/MiniOzoneClusterImpl-88510e19-ed2c-49d7-b179-50c179883a6e/omNode-1/ratis] (custom)
2020-11-20 13:30:38,831 [Listener at 0.0.0.0/39313] INFO  impl.RaftServerProxy (RaftServerProxy.java:addNew(92)) - omNode-1: addNew group-523986131536:[omNode-3:localhost:12952:0, omNode-1:localhost:12940:0, omNode-2:localhost:12946:0] returns group-523986131536:java.util.concurrent.CompletableFuture@1b4f8324[Not completed]
2020-11-20 13:30:38,838 [pool-24-thread-1] INFO  impl.RaftServerImpl (RaftServerImpl.java:<init>(120)) - omNode-1: new RaftServerImpl for group-523986131536:[omNode-3:localhost:12952:0, omNode-1:localhost:12940:0, omNode-2:localhost:12946:0] with OzoneManagerStateMachine:uninitialized
2020-11-20 13:30:38,838 [Listener at 0.0.0.0/39313] INFO  om.OzoneManager (OzoneManager.java:initializeRatisServer(1336)) - OzoneManager Ratis server initialized at port 12940
2020-11-20 13:30:38,838 [Listener at 0.0.0.0/39313] WARN  server.ServerUtils (ServerUtils.java:getDefaultRatisDirectory(237)) - Storage directory for Ratis is not configured. It is a good idea to map this to an SSD disk. Falling back to ozone.metadata.dirs
2020-11-20 13:30:38,839 [Listener at 0.0.0.0/39313] WARN  server.ServerUtils (ServerUtils.java:getDefaultRatisDirectory(237)) - Storage directory for Ratis is not configured. It is a good idea to map this to an SSD disk. Falling back to ozone.metadata.dirs
2020-11-20 13:30:38,840 [Listener at 0.0.0.0/39313] INFO  snapshot.OzoneManagerSnapshotProvider (OzoneManagerSnapshotProvider.java:<init>(77)) - Initializing OM Snapshot Provider
2020-11-20 13:30:38,846 [pool-24-thread-1] INFO  server.RaftServerConfigKeys (ConfUtils.java:logGet(44)) - raft.server.rpc.timeout.min = 1s (custom)
2020-11-20 13:30:38,847 [pool-24-thread-1] INFO  server.RaftServerConfigKeys (ConfUtils.java:logGet(44)) - raft.server.rpc.timeout.max = 1200ms (custom)
2020-11-20 13:30:38,847 [pool-24-thread-1] INFO  server.RaftServerConfigKeys (ConfUtils.java:logGet(44)) - raft.server.rpcslowness.timeout = 2s (custom)
2020-11-20 13:30:38,847 [pool-24-thread-1] INFO  server.RaftServerConfigKeys (ConfUtils.java:logGet(44)) - raft.server.sleep.deviation.threshold = 300 (default)
2020-11-20 13:30:38,848 [pool-24-thread-1] INFO  server.RaftServerConfigKeys (ConfUtils.java:logGet(44)) - raft.server.log.appender.install.snapshot.enabled = false (custom)
2020-11-20 13:30:38,852 [pool-24-thread-1] INFO  impl.RaftServerImpl (ServerState.java:<init>(104)) - omNode-1@group-523986131536: ConfigurationManager, init=-1: [omNode-3:localhost:12952:0, omNode-1:localhost:12940:0, omNode-2:localhost:12946:0], old=null, confs=<EMPTY_MAP>
2020-11-20 13:30:38,852 [pool-24-thread-1] INFO  server.RaftServerConfigKeys (ConfUtils.java:logGet(44)) - raft.server.storage.dir = [/github/workspace/mnt/ozone/hadoop-ozone/integration-test/target/test-dir/MiniOzoneClusterImpl-88510e19-ed2c-49d7-b179-50c179883a6e/omNode-1/ratis] (custom)
2020-11-20 13:30:38,872 [pool-24-thread-1] INFO  server.RaftServerConfigKeys (ConfUtils.java:logGet(44)) - raft.server.log.corruption.policy = EXCEPTION (default)
2020-11-20 13:30:38,877 [pool-24-thread-1] INFO  storage.RaftStorageDirectory (RaftStorageDirectory.java:analyzeStorage(261)) - The storage directory /github/workspace/mnt/ozone/hadoop-ozone/integration-test/target/test-dir/MiniOzoneClusterImpl-88510e19-ed2c-49d7-b179-50c179883a6e/omNode-1/ratis/c9bc4cf4-3bc3-3c60-a66b-523986131536 does not exist. Creating ...
2020-11-20 13:30:38,898 [pool-24-thread-1] INFO  storage.RaftStorageDirectory (RaftStorageDirectory.java:tryLock(343)) - Lock on /github/workspace/mnt/ozone/hadoop-ozone/integration-test/target/test-dir/MiniOzoneClusterImpl-88510e19-ed2c-49d7-b179-50c179883a6e/omNode-1/ratis/c9bc4cf4-3bc3-3c60-a66b-523986131536/in_use.lock acquired by nodename 15306@f2122719ba2e
2020-11-20 13:30:38,905 [pool-24-thread-1] INFO  storage.RaftStorage (RaftStorage.java:format(84)) - Storage directory /github/workspace/mnt/ozone/hadoop-ozone/integration-test/target/test-dir/MiniOzoneClusterImpl-88510e19-ed2c-49d7-b179-50c179883a6e/omNode-1/ratis/c9bc4cf4-3bc3-3c60-a66b-523986131536 has been successfully formatted.
2020-11-20 13:30:38,906 [pool-24-thread-1] INFO  server.RaftServerConfigKeys (ConfUtils.java:logGet(44)) - raft.server.notification.no-leader.timeout = 2s (custom)
2020-11-20 13:30:38,908 [pool-24-thread-1] INFO  server.RaftServerConfigKeys (ConfUtils.java:logGet(44)) - raft.server.log.use.memory = false (default)
2020-11-20 13:30:38,914 [pool-24-thread-1] INFO  server.RaftServerConfigKeys (ConfUtils.java:logGet(44)) - raft.server.log.purge.gap = 50 (custom)
2020-11-20 13:30:38,916 [pool-24-thread-1] INFO  metrics.RatisMetrics (RatisMetrics.java:lambda$create$0(36)) - Creating Metrics Registry : ratis.log_worker.omNode-1@group-523986131536
2020-11-20 13:30:38,950 [pool-24-thread-1] INFO  server.RaftServerConfigKeys (ConfUtils.java:logGet(44)) - raft.server.log.appender.buffer.byte-limit = 33554432 (custom)
2020-11-20 13:30:38,952 [pool-24-thread-1] INFO  server.RaftServerConfigKeys (ConfUtils.java:logGet(44)) - raft.server.log.segment.size.max = 4194304 (custom)
2020-11-20 13:30:38,974 [pool-24-thread-1] INFO  server.RaftServerConfigKeys (ConfUtils.java:logGet(44)) - raft.server.log.segment.cache.num.max = 2 (custom)
2020-11-20 13:30:38,981 [pool-24-thread-1] INFO  segmented.SegmentedRaftLogWorker (SegmentedRaftLogWorker.java:<init>(180)) - new omNode-1@group-523986131536-SegmentedRaftLogWorker for RaftStorage:Storage Directory /github/workspace/mnt/ozone/hadoop-ozone/integration-test/target/test-dir/MiniOzoneClusterImpl-88510e19-ed2c-49d7-b179-50c179883a6e/omNode-1/ratis/c9bc4cf4-3bc3-3c60-a66b-523986131536
2020-11-20 13:30:38,982 [pool-24-thread-1] INFO  server.RaftServerConfigKeys (ConfUtils.java:logGet(44)) - raft.server.log.queue.byte-limit = 64MB (=67108864) (default)
2020-11-20 13:30:38,982 [pool-24-thread-1] INFO  server.RaftServerConfigKeys (ConfUtils.java:logGet(44)) - raft.server.log.queue.element-limit = 4096 (default)
2020-11-20 13:30:38,983 [pool-24-thread-1] INFO  server.RaftServerConfigKeys (ConfUtils.java:logGet(44)) - raft.server.log.segment.size.max = 4194304 (custom)
2020-11-20 13:30:38,992 [pool-24-thread-1] INFO  server.RaftServerConfigKeys (ConfUtils.java:logGet(44)) - raft.server.log.preallocated.size = 4194304 (custom)
2020-11-20 13:30:38,992 [pool-24-thread-1] INFO  server.RaftServerConfigKeys (ConfUtils.java:logGet(44)) - raft.server.log.write.buffer.size = 64KB (=65536) (default)
2020-11-20 13:30:38,993 [pool-24-thread-1] INFO  server.RaftServerConfigKeys (ConfUtils.java:logGet(44)) - raft.server.log.force.sync.num = 128 (default)
2020-11-20 13:30:38,994 [pool-24-thread-1] INFO  server.RaftServerConfigKeys (ConfUtils.java:logGet(44)) - raft.server.log.statemachine.data.sync = true (default)
2020-11-20 13:30:38,994 [pool-24-thread-1] INFO  server.RaftServerConfigKeys (ConfUtils.java:logGet(44)) - raft.server.log.statemachine.data.sync.timeout = 10s (default)
2020-11-20 13:30:38,995 [pool-24-thread-1] INFO  server.RaftServerConfigKeys (ConfUtils.java:logGet(44)) - raft.server.log.statemachine.data.sync.timeout.retry = -1 (default)
2020-11-20 13:30:39,027 [pool-24-thread-1] INFO  server.RaftServerConfigKeys (ConfUtils.java:logGet(44)) - raft.server.log.statemachine.data.caching.enabled = false (default)
2020-11-20 13:30:39,031 [pool-24-thread-1] INFO  segmented.SegmentedRaftLogWorker (SegmentedRaftLogWorker.java:lambda$new$0(129)) - omNode-1@group-523986131536-SegmentedRaftLogWorker: flushIndex: setUnconditionally 0 -> -1
2020-11-20 13:30:39,031 [pool-24-thread-1] INFO  segmented.SegmentedRaftLogWorker (SegmentedRaftLogWorker.java:lambda$new$0(129)) - omNode-1@group-523986131536-SegmentedRaftLogWorker: safeCacheEvictIndex: setUnconditionally 0 -> -1
2020-11-20 13:30:39,047 [Listener at 0.0.0.0/39313] INFO  ipc.CallQueueManager (CallQueueManager.java:<init>(84)) - Using callQueue: class java.util.concurrent.LinkedBlockingQueue, queueCapacity: 2000, scheduler: class org.apache.hadoop.ipc.DefaultRpcScheduler, ipcBackoff: false.
2020-11-20 13:30:39,049 [Socket Reader #1 for port 12936] INFO  ipc.Server (Server.java:run(1219)) - Starting Socket Reader #1 for port 12936
2020-11-20 13:30:39,050 [pool-24-thread-1] INFO  server.RaftServerConfigKeys (ConfUtils.java:logGet(44)) - raft.server.snapshot.auto.trigger.enabled = true (custom)
2020-11-20 13:30:39,051 [pool-24-thread-1] INFO  server.RaftServerConfigKeys (ConfUtils.java:logGet(44)) - raft.server.snapshot.auto.trigger.threshold = 50 (custom)
2020-11-20 13:30:39,051 [pool-24-thread-1] INFO  server.RaftServerConfigKeys (ConfUtils.java:logGet(44)) - raft.server.snapshot.retention.file.num = -1 (default)
2020-11-20 13:30:39,052 [pool-24-thread-1] INFO  server.RaftServerConfigKeys (ConfUtils.java:logGet(44)) - raft.server.log.purge.upto.snapshot.index = true (custom)
2020-11-20 13:30:39,052 [pool-24-thread-1] INFO  server.RaftServerConfigKeys (ConfUtils.java:logGet(44)) - raft.server.retrycache.expirytime = 600000ms (custom)
2020-11-20 13:30:39,082 [pool-24-thread-1] INFO  metrics.RatisMetrics (RatisMetrics.java:lambda$create$0(36)) - Creating Metrics Registry : ratis.leader_election.omNode-1@group-523986131536
2020-11-20 13:30:39,085 [pool-24-thread-1] INFO  metrics.RatisMetrics (RatisMetrics.java:lambda$create$0(36)) - Creating Metrics Registry : ratis.server.omNode-1@group-523986131536
2020-11-20 13:30:39,091 [Listener at 127.0.0.1/12936] INFO  impl.MetricsSystemImpl (MetricsSystemImpl.java:init(158)) - OzoneManager metrics system started (again)
2020-11-20 13:30:39,092 [Listener at 127.0.0.1/12936] INFO  om.OzoneManager (OzoneManager.java:start(1144)) - OzoneManager RPC server is listening at localhost/127.0.0.1:12936
2020-11-20 13:30:39,092 [Listener at 127.0.0.1/12936] INFO  ratis.OzoneManagerRatisServer (OzoneManagerRatisServer.java:start(372)) - Starting OzoneManagerRatisServer omNode-1 at port 12940
2020-11-20 13:30:39,094 [Listener at 127.0.0.1/12936] INFO  impl.RaftServerImpl (RaftServerImpl.java:start(209)) - omNode-1@group-523986131536: start as a follower, conf=-1: [omNode-3:localhost:12952:0, omNode-1:localhost:12940:0, omNode-2:localhost:12946:0], old=null
2020-11-20 13:30:39,095 [Listener at 127.0.0.1/12936] INFO  impl.RaftServerImpl (RaftServerImpl.java:setRole(198)) - omNode-1@group-523986131536: changes role from      null to FOLLOWER at term 0 for startAsFollower
2020-11-20 13:30:39,096 [Listener at 127.0.0.1/12936] INFO  impl.RoleInfo (RoleInfo.java:updateAndGet(143)) - omNode-1: start FollowerState
2020-11-20 13:30:39,097 [Listener at 127.0.0.1/12936] INFO  util.JmxRegister (JmxRegister.java:tryRegister(44)) - Successfully registered JMX Bean with object name Ratis:service=RaftServer,group=group-523986131536,id=omNode-1
2020-11-20 13:30:39,100 [Listener at 127.0.0.1/12936] INFO  metrics.RatisMetrics (RatisMetrics.java:lambda$create$0(36)) - Creating Metrics Registry : ratis.state_machine.omNode-1@group-523986131536
2020-11-20 13:30:39,106 [Listener at 127.0.0.1/12936] INFO  impl.RaftServerProxy (RaftServerProxy.java:lambda$start$3(307)) - omNode-1: start RPC server
2020-11-20 13:30:39,189 [Listener at 127.0.0.1/12936] INFO  server.GrpcService (GrpcService.java:startImpl(177)) - omNode-1: GrpcService started, listening on 0.0.0.0/0.0.0.0:12940
2020-11-20 13:30:39,204 [Listener at 127.0.0.1/12936] INFO  http.BaseHttpServer (BaseHttpServer.java:newHttpServer2BuilderForOzone(207)) - Starting Web-server for ozoneManager at: http://0.0.0.0:12938
2020-11-20 13:30:39,204 [Listener at 127.0.0.1/12936] INFO  http.BaseHttpServer (BaseHttpServer.java:<init>(106)) - Hadoop Security Enabled: false Ozone Security Enabled: false Ozone HTTP Security Enabled: false 
2020-11-20 13:30:39,208 [Listener at 127.0.0.1/12936] INFO  server.AuthenticationFilter (AuthenticationFilter.java:constructSecretProvider(240)) - Unable to initialize FileSignerSecretProvider, falling back to use random secrets.
2020-11-20 13:30:39,212 [Listener at 127.0.0.1/12936] WARN  http.HttpRequestLog (HttpRequestLog.java:getRequestLog(103)) - Jetty request log can only be enabled using Log4j
2020-11-20 13:30:39,214 [Listener at 127.0.0.1/12936] INFO  http.HttpServer2 (HttpServer2.java:addGlobalFilter(1019)) - Added global filter 'safety' (class=org.apache.hadoop.hdds.server.http.HttpServer2$QuotingInputFilter)
2020-11-20 13:30:39,223 [Listener at 127.0.0.1/12936] INFO  http.HttpServer2 (HttpServer2.java:addFilter(995)) - Added filter static_user_filter (class=org.apache.hadoop.http.lib.StaticUserWebFilter$StaticUserFilter) to context ozoneManager
2020-11-20 13:30:39,223 [Listener at 127.0.0.1/12936] INFO  http.HttpServer2 (HttpServer2.java:addFilter(1003)) - Added filter static_user_filter (class=org.apache.hadoop.http.lib.StaticUserWebFilter$StaticUserFilter) to context logs
2020-11-20 13:30:39,223 [Listener at 127.0.0.1/12936] INFO  http.HttpServer2 (HttpServer2.java:addFilter(1003)) - Added filter static_user_filter (class=org.apache.hadoop.http.lib.StaticUserWebFilter$StaticUserFilter) to context static
2020-11-20 13:30:39,234 [Listener at 127.0.0.1/12936] INFO  http.HttpServer2 (HttpServer2.java:bindListener(1237)) - Jetty bound to port 12938
2020-11-20 13:30:39,234 [Listener at 127.0.0.1/12936] INFO  server.Server (Server.java:doStart(375)) - jetty-9.4.34.v20201102; built: 2020-11-02T14:15:39.302Z; git: e46af88704a893fc12cb0e3bf46e2c7b48a009e7; jvm 1.8.0_232-b09
2020-11-20 13:30:39,236 [Listener at 127.0.0.1/12936] INFO  server.session (DefaultSessionIdManager.java:doStart(334)) - DefaultSessionIdManager workerName=node0
2020-11-20 13:30:39,237 [Listener at 127.0.0.1/12936] INFO  server.session (DefaultSessionIdManager.java:doStart(339)) - No SessionScavenger set, using defaults
2020-11-20 13:30:39,237 [Listener at 127.0.0.1/12936] INFO  server.session (HouseKeeper.java:startScavenging(132)) - node0 Scavenging every 600000ms
2020-11-20 13:30:39,241 [Listener at 127.0.0.1/12936] INFO  handler.ContextHandler (ContextHandler.java:doStart(916)) - Started o.e.j.s.ServletContextHandler@594348f2{logs,/logs,file:///github/workspace/mnt/ozone/hadoop-ozone/integration-test/target/log,AVAILABLE}
2020-11-20 13:30:39,241 [Listener at 127.0.0.1/12936] INFO  handler.ContextHandler (ContextHandler.java:doStart(916)) - Started o.e.j.s.ServletContextHandler@11ffaaf4{static,/static,file:///github/workspace/mnt/ozone/hadoop-ozone/integration-test/target/test-classes/webapps/static,AVAILABLE}
2020-11-20 13:30:39,250 [Listener at 127.0.0.1/12936] INFO  handler.ContextHandler (ContextHandler.java:doStart(916)) - Started o.e.j.w.WebAppContext@4e94c745{ozoneManager,/,file:///github/workspace/mnt/ozone/hadoop-ozone/integration-test/target/test-classes/webapps/ozoneManager/,AVAILABLE}{file:/github/workspace/mnt/ozone/hadoop-ozone/integration-test/target/test-classes/webapps/ozoneManager}
2020-11-20 13:30:39,255 [Listener at 127.0.0.1/12936] INFO  server.AbstractConnector (AbstractConnector.java:doStart(331)) - Started ServerConnector@4d1948f9{HTTP/1.1, (http/1.1)}{0.0.0.0:12938}
2020-11-20 13:30:39,256 [Listener at 127.0.0.1/12936] INFO  server.Server (Server.java:doStart(415)) - Started @4903ms
2020-11-20 13:30:39,258 [Listener at 127.0.0.1/12936] WARN  impl.MetricsSystemImpl (MetricsSystemImpl.java:register(276)) - Sink prometheus already exists!
2020-11-20 13:30:39,262 [Listener at 127.0.0.1/12936] INFO  http.BaseHttpServer (BaseHttpServer.java:updateConnectorAddress(327)) - HTTP server of ozoneManager listening at http://0.0.0.0:12938
2020-11-20 13:30:39,274 [IPC Server Responder] INFO  ipc.Server (Server.java:run(1460)) - IPC Server Responder: starting
2020-11-20 13:30:39,282 [IPC Server listener on 12936] INFO  ipc.Server (Server.java:run(1298)) - IPC Server listener on 12936: starting
2020-11-20 13:30:39,288 [Listener at 127.0.0.1/12936] INFO  om.OzoneManager (OzoneManager.java:startTrashEmptier(1269)) - Trash Interval set to 0. Files deleted will not move to trash
2020-11-20 13:30:39,293 [Listener at 127.0.0.1/12936] INFO  ozone.MiniOzoneHAClusterImpl (MiniOzoneHAClusterImpl.java:createOMService(380)) - Started OzoneManager RPC server at localhost/127.0.0.1:12936
2020-11-20 13:30:39,294 [org.apache.hadoop.util.JvmPauseMonitor$Monitor@4317214a] INFO  util.JvmPauseMonitor (JvmPauseMonitor.java:run(188)) - Starting JVM pause monitor
2020-11-20 13:30:39,294 [Listener at 127.0.0.1/12936] WARN  server.ServerUtils (ServerUtils.java:getDBPath(225)) - ozone.om.db.dirs is not configured. We recommend adding this setting. Falling back to ozone.metadata.dirs instead.
2020-11-20 13:30:39,303 [Listener at 127.0.0.1/12936] INFO  ha.OMHANodeDetails (OMHANodeDetails.java:loadOMHAConfig(110)) - ServiceID for OzoneManager is om-service-test1
2020-11-20 13:30:39,304 [Listener at 127.0.0.1/12936] INFO  ha.OMHANodeDetails (OMHANodeDetails.java:loadOMHAConfig(188)) - Found matching OM address with OMServiceId: om-service-test1, OMNodeId: omNode-2, RPC Address: localhost:12942 and Ratis port: 12946
2020-11-20 13:30:39,304 [Listener at 127.0.0.1/12936] INFO  ha.OMHANodeDetails (OMHANodeDetails.java:setOMNodeSpecificConfigs(314)) - Setting configuration key ozone.om.http-address with value of key ozone.om.http-address.omNode-2: 127.0.0.1:12944
2020-11-20 13:30:39,304 [Listener at 127.0.0.1/12936] INFO  ha.OMHANodeDetails (OMHANodeDetails.java:setOMNodeSpecificConfigs(314)) - Setting configuration key ozone.om.https-address with value of key ozone.om.https-address.omNode-2: 127.0.0.1:12945
2020-11-20 13:30:39,304 [Listener at 127.0.0.1/12936] INFO  ha.OMHANodeDetails (OMHANodeDetails.java:setOMNodeSpecificConfigs(314)) - Setting configuration key ozone.om.address with value of key ozone.om.address.omNode-2: 127.0.0.1:12942
2020-11-20 13:30:39,304 [Listener at 127.0.0.1/12936] WARN  server.ServerUtils (ServerUtils.java:getDBPath(225)) - ozone.om.db.dirs is not configured. We recommend adding this setting. Falling back to ozone.metadata.dirs instead.
2020-11-20 13:30:39,305 [Listener at 127.0.0.1/12936] WARN  server.ServerUtils (ServerUtils.java:getDBPath(225)) - ozone.om.db.dirs is not configured. We recommend adding this setting. Falling back to ozone.metadata.dirs instead.
2020-11-20 13:30:39,312 [Listener at 127.0.0.1/12936] WARN  server.ServerUtils (ServerUtils.java:getDBPath(225)) - ozone.om.db.dirs is not configured. We recommend adding this setting. Falling back to ozone.metadata.dirs instead.
2020-11-20 13:30:39,313 [Listener at 127.0.0.1/12936] INFO  codec.OmKeyInfoCodec (OmKeyInfoCodec.java:<init>(41)) - OmKeyInfoCodec ignorePipeline = true
2020-11-20 13:30:39,313 [Listener at 127.0.0.1/12936] INFO  codec.RepeatedOmKeyInfoCodec (RepeatedOmKeyInfoCodec.java:<init>(40)) - RepeatedOmKeyInfoCodec ignorePipeline = true
2020-11-20 13:30:39,368 [Listener at 127.0.0.1/12936] INFO  om.OzoneManager (OzoneManager.java:addS3GVolumeToDB(3741)) - Created Volume s3v With Owner jenkins1001 required for S3Gateway operations.
2020-11-20 13:30:39,368 [Listener at 127.0.0.1/12936] WARN  server.ServerUtils (ServerUtils.java:getDefaultRatisDirectory(237)) - Storage directory for Ratis is not configured. It is a good idea to map this to an SSD disk. Falling back to ozone.metadata.dirs
2020-11-20 13:30:39,370 [Listener at 127.0.0.1/12936] INFO  ratis.OzoneManagerRatisServer (OzoneManagerRatisServer.java:<init>(270)) - Instantiating OM Ratis server with GroupID: om-service-test1 and Raft Peers: localhost:12946, localhost:12940, localhost:12952
2020-11-20 13:30:39,370 [Listener at 127.0.0.1/12936] INFO  ratis.OzoneManagerStateMachine (OzoneManagerStateMachine.java:loadSnapshotInfoFromDB(519)) - LastAppliedIndex is set from TransactionInfo from OM DB as (t:0, i:~)
2020-11-20 13:30:39,370 [Listener at 127.0.0.1/12936] INFO  impl.RaftServerProxy (ConfUtils.java:logGet(44)) - raft.rpc.type = GRPC (default)
2020-11-20 13:30:39,370 [Listener at 127.0.0.1/12936] INFO  grpc.GrpcFactory (GrpcFactory.java:checkPooledByteBufAllocatorUseCacheForAllThreads(45)) - PERFORMANCE WARNING: useCacheForAllThreads is true that may cause Netty to create a lot garbage objects and, as a result, trigger GC.
	It is recommended to disable useCacheForAllThreads by setting -Dorg.apache.ratis.thirdparty.io.netty.allocator.useCacheForAllThreads=false in command line.
2020-11-20 13:30:39,370 [Listener at 127.0.0.1/12936] INFO  grpc.GrpcConfigKeys (ConfUtils.java:logGet(44)) - raft.grpc.server.port = 12946 (custom)
2020-11-20 13:30:39,372 [Listener at 127.0.0.1/12936] INFO  server.GrpcService (ConfUtils.java:logGet(44)) - raft.grpc.message.size.max = 33554432 (custom)
2020-11-20 13:30:39,372 [Listener at 127.0.0.1/12936] INFO  server.RaftServerConfigKeys (ConfUtils.java:logGet(44)) - raft.server.log.appender.buffer.byte-limit = 33554432 (custom)
2020-11-20 13:30:39,372 [Listener at 127.0.0.1/12936] INFO  server.GrpcService (ConfUtils.java:logGet(44)) - raft.grpc.flow.control.window = 1MB (=1048576) (default)
2020-11-20 13:30:39,372 [Listener at 127.0.0.1/12936] INFO  server.RaftServerConfigKeys (ConfUtils.java:logGet(44)) - raft.server.rpc.request.timeout = 3000ms (default)
2020-11-20 13:30:39,373 [Listener at 127.0.0.1/12936] INFO  server.RaftServerConfigKeys (ConfUtils.java:logGet(44)) - raft.server.storage.dir = [/github/workspace/mnt/ozone/hadoop-ozone/integration-test/target/test-dir/MiniOzoneClusterImpl-88510e19-ed2c-49d7-b179-50c179883a6e/omNode-2/ratis] (custom)
2020-11-20 13:30:39,378 [Listener at 127.0.0.1/12936] INFO  impl.RaftServerProxy (RaftServerProxy.java:addNew(92)) - omNode-2: addNew group-523986131536:[omNode-3:localhost:12952:0, omNode-1:localhost:12940:0, omNode-2:localhost:12946:0] returns group-523986131536:java.util.concurrent.CompletableFuture@72747ca6[Not completed]
2020-11-20 13:30:39,378 [pool-42-thread-1] INFO  impl.RaftServerImpl (RaftServerImpl.java:<init>(120)) - omNode-2: new RaftServerImpl for group-523986131536:[omNode-3:localhost:12952:0, omNode-1:localhost:12940:0, omNode-2:localhost:12946:0] with OzoneManagerStateMachine:uninitialized
2020-11-20 13:30:39,382 [Listener at 127.0.0.1/12936] INFO  om.OzoneManager (OzoneManager.java:initializeRatisServer(1336)) - OzoneManager Ratis server initialized at port 12946
2020-11-20 13:30:39,382 [pool-42-thread-1] INFO  server.RaftServerConfigKeys (ConfUtils.java:logGet(44)) - raft.server.rpc.timeout.min = 1s (custom)
2020-11-20 13:30:39,382 [Listener at 127.0.0.1/12936] WARN  server.ServerUtils (ServerUtils.java:getDefaultRatisDirectory(237)) - Storage directory for Ratis is not configured. It is a good idea to map this to an SSD disk. Falling back to ozone.metadata.dirs
2020-11-20 13:30:39,383 [pool-42-thread-1] INFO  server.RaftServerConfigKeys (ConfUtils.java:logGet(44)) - raft.server.rpc.timeout.max = 1200ms (custom)
2020-11-20 13:30:39,383 [Listener at 127.0.0.1/12936] WARN  server.ServerUtils (ServerUtils.java:getDefaultRatisDirectory(237)) - Storage directory for Ratis is not configured. It is a good idea to map this to an SSD disk. Falling back to ozone.metadata.dirs
2020-11-20 13:30:39,383 [pool-42-thread-1] INFO  server.RaftServerConfigKeys (ConfUtils.java:logGet(44)) - raft.server.rpcslowness.timeout = 2s (custom)
2020-11-20 13:30:39,383 [Listener at 127.0.0.1/12936] INFO  snapshot.OzoneManagerSnapshotProvider (OzoneManagerSnapshotProvider.java:<init>(77)) - Initializing OM Snapshot Provider
2020-11-20 13:30:39,383 [pool-42-thread-1] INFO  server.RaftServerConfigKeys (ConfUtils.java:logGet(44)) - raft.server.sleep.deviation.threshold = 300 (default)
2020-11-20 13:30:39,383 [pool-42-thread-1] INFO  server.RaftServerConfigKeys (ConfUtils.java:logGet(44)) - raft.server.log.appender.install.snapshot.enabled = false (custom)
2020-11-20 13:30:39,383 [pool-42-thread-1] INFO  impl.RaftServerImpl (ServerState.java:<init>(104)) - omNode-2@group-523986131536: ConfigurationManager, init=-1: [omNode-3:localhost:12952:0, omNode-1:localhost:12940:0, omNode-2:localhost:12946:0], old=null, confs=<EMPTY_MAP>
2020-11-20 13:30:39,383 [pool-42-thread-1] INFO  server.RaftServerConfigKeys (ConfUtils.java:logGet(44)) - raft.server.storage.dir = [/github/workspace/mnt/ozone/hadoop-ozone/integration-test/target/test-dir/MiniOzoneClusterImpl-88510e19-ed2c-49d7-b179-50c179883a6e/omNode-2/ratis] (custom)
2020-11-20 13:30:39,384 [pool-42-thread-1] INFO  server.RaftServerConfigKeys (ConfUtils.java:logGet(44)) - raft.server.log.corruption.policy = EXCEPTION (default)
2020-11-20 13:30:39,384 [pool-42-thread-1] INFO  storage.RaftStorageDirectory (RaftStorageDirectory.java:analyzeStorage(261)) - The storage directory /github/workspace/mnt/ozone/hadoop-ozone/integration-test/target/test-dir/MiniOzoneClusterImpl-88510e19-ed2c-49d7-b179-50c179883a6e/omNode-2/ratis/c9bc4cf4-3bc3-3c60-a66b-523986131536 does not exist. Creating ...
2020-11-20 13:30:39,387 [pool-42-thread-1] INFO  storage.RaftStorageDirectory (RaftStorageDirectory.java:tryLock(343)) - Lock on /github/workspace/mnt/ozone/hadoop-ozone/integration-test/target/test-dir/MiniOzoneClusterImpl-88510e19-ed2c-49d7-b179-50c179883a6e/omNode-2/ratis/c9bc4cf4-3bc3-3c60-a66b-523986131536/in_use.lock acquired by nodename 15306@f2122719ba2e
2020-11-20 13:30:39,388 [pool-42-thread-1] INFO  storage.RaftStorage (RaftStorage.java:format(84)) - Storage directory /github/workspace/mnt/ozone/hadoop-ozone/integration-test/target/test-dir/MiniOzoneClusterImpl-88510e19-ed2c-49d7-b179-50c179883a6e/omNode-2/ratis/c9bc4cf4-3bc3-3c60-a66b-523986131536 has been successfully formatted.
2020-11-20 13:30:39,390 [pool-42-thread-1] INFO  server.RaftServerConfigKeys (ConfUtils.java:logGet(44)) - raft.server.notification.no-leader.timeout = 2s (custom)
2020-11-20 13:30:39,390 [Listener at 127.0.0.1/12936] INFO  ipc.CallQueueManager (CallQueueManager.java:<init>(84)) - Using callQueue: class java.util.concurrent.LinkedBlockingQueue, queueCapacity: 2000, scheduler: class org.apache.hadoop.ipc.DefaultRpcScheduler, ipcBackoff: false.
2020-11-20 13:30:39,393 [pool-42-thread-1] INFO  server.RaftServerConfigKeys (ConfUtils.java:logGet(44)) - raft.server.log.use.memory = false (default)
2020-11-20 13:30:39,393 [pool-42-thread-1] INFO  server.RaftServerConfigKeys (ConfUtils.java:logGet(44)) - raft.server.log.purge.gap = 50 (custom)
2020-11-20 13:30:39,393 [pool-42-thread-1] INFO  metrics.RatisMetrics (RatisMetrics.java:lambda$create$0(36)) - Creating Metrics Registry : ratis.log_worker.omNode-2@group-523986131536
2020-11-20 13:30:39,393 [pool-42-thread-1] INFO  server.RaftServerConfigKeys (ConfUtils.java:logGet(44)) - raft.server.log.appender.buffer.byte-limit = 33554432 (custom)
2020-11-20 13:30:39,394 [pool-42-thread-1] INFO  server.RaftServerConfigKeys (ConfUtils.java:logGet(44)) - raft.server.log.segment.size.max = 4194304 (custom)
2020-11-20 13:30:39,394 [pool-42-thread-1] INFO  server.RaftServerConfigKeys (ConfUtils.java:logGet(44)) - raft.server.log.segment.cache.num.max = 2 (custom)
2020-11-20 13:30:39,394 [pool-42-thread-1] INFO  segmented.SegmentedRaftLogWorker (SegmentedRaftLogWorker.java:<init>(180)) - new omNode-2@group-523986131536-SegmentedRaftLogWorker for RaftStorage:Storage Directory /github/workspace/mnt/ozone/hadoop-ozone/integration-test/target/test-dir/MiniOzoneClusterImpl-88510e19-ed2c-49d7-b179-50c179883a6e/omNode-2/ratis/c9bc4cf4-3bc3-3c60-a66b-523986131536
2020-11-20 13:30:39,403 [pool-42-thread-1] INFO  server.RaftServerConfigKeys (ConfUtils.java:logGet(44)) - raft.server.log.queue.byte-limit = 64MB (=67108864) (default)
2020-11-20 13:30:39,403 [pool-42-thread-1] INFO  server.RaftServerConfigKeys (ConfUtils.java:logGet(44)) - raft.server.log.queue.element-limit = 4096 (default)
2020-11-20 13:30:39,403 [pool-42-thread-1] INFO  server.RaftServerConfigKeys (ConfUtils.java:logGet(44)) - raft.server.log.segment.size.max = 4194304 (custom)
2020-11-20 13:30:39,404 [pool-42-thread-1] INFO  server.RaftServerConfigKeys (ConfUtils.java:logGet(44)) - raft.server.log.preallocated.size = 4194304 (custom)
2020-11-20 13:30:39,404 [pool-42-thread-1] INFO  server.RaftServerConfigKeys (ConfUtils.java:logGet(44)) - raft.server.log.write.buffer.size = 64KB (=65536) (default)
2020-11-20 13:30:39,404 [pool-42-thread-1] INFO  server.RaftServerConfigKeys (ConfUtils.java:logGet(44)) - raft.server.log.force.sync.num = 128 (default)
2020-11-20 13:30:39,404 [pool-42-thread-1] INFO  server.RaftServerConfigKeys (ConfUtils.java:logGet(44)) - raft.server.log.statemachine.data.sync = true (default)
2020-11-20 13:30:39,404 [pool-42-thread-1] INFO  server.RaftServerConfigKeys (ConfUtils.java:logGet(44)) - raft.server.log.statemachine.data.sync.timeout = 10s (default)
2020-11-20 13:30:39,404 [pool-42-thread-1] INFO  server.RaftServerConfigKeys (ConfUtils.java:logGet(44)) - raft.server.log.statemachine.data.sync.timeout.retry = -1 (default)
2020-11-20 13:30:39,405 [pool-42-thread-1] INFO  server.RaftServerConfigKeys (ConfUtils.java:logGet(44)) - raft.server.log.statemachine.data.caching.enabled = false (default)
2020-11-20 13:30:39,405 [pool-42-thread-1] INFO  segmented.SegmentedRaftLogWorker (SegmentedRaftLogWorker.java:lambda$new$0(129)) - omNode-2@group-523986131536-SegmentedRaftLogWorker: flushIndex: setUnconditionally 0 -> -1
2020-11-20 13:30:39,405 [pool-42-thread-1] INFO  segmented.SegmentedRaftLogWorker (SegmentedRaftLogWorker.java:lambda$new$0(129)) - omNode-2@group-523986131536-SegmentedRaftLogWorker: safeCacheEvictIndex: setUnconditionally 0 -> -1
2020-11-20 13:30:39,408 [pool-42-thread-1] INFO  server.RaftServerConfigKeys (ConfUtils.java:logGet(44)) - raft.server.snapshot.auto.trigger.enabled = true (custom)
2020-11-20 13:30:39,408 [pool-42-thread-1] INFO  server.RaftServerConfigKeys (ConfUtils.java:logGet(44)) - raft.server.snapshot.auto.trigger.threshold = 50 (custom)
2020-11-20 13:30:39,408 [pool-42-thread-1] INFO  server.RaftServerConfigKeys (ConfUtils.java:logGet(44)) - raft.server.snapshot.retention.file.num = -1 (default)
2020-11-20 13:30:39,408 [pool-42-thread-1] INFO  server.RaftServerConfigKeys (ConfUtils.java:logGet(44)) - raft.server.log.purge.upto.snapshot.index = true (custom)
2020-11-20 13:30:39,408 [pool-42-thread-1] INFO  server.RaftServerConfigKeys (ConfUtils.java:logGet(44)) - raft.server.retrycache.expirytime = 600000ms (custom)
2020-11-20 13:30:39,408 [pool-42-thread-1] INFO  metrics.RatisMetrics (RatisMetrics.java:lambda$create$0(36)) - Creating Metrics Registry : ratis.leader_election.omNode-2@group-523986131536
2020-11-20 13:30:39,409 [pool-42-thread-1] INFO  metrics.RatisMetrics (RatisMetrics.java:lambda$create$0(36)) - Creating Metrics Registry : ratis.server.omNode-2@group-523986131536
2020-11-20 13:30:39,410 [Socket Reader #1 for port 12942] INFO  ipc.Server (Server.java:run(1219)) - Starting Socket Reader #1 for port 12942
2020-11-20 13:30:39,434 [Listener at 127.0.0.1/12942] INFO  impl.MetricsSystemImpl (MetricsSystemImpl.java:init(158)) - OzoneManager metrics system started (again)
2020-11-20 13:30:39,435 [Listener at 127.0.0.1/12942] INFO  om.OzoneManager (OzoneManager.java:start(1144)) - OzoneManager RPC server is listening at localhost/127.0.0.1:12942
2020-11-20 13:30:39,436 [Listener at 127.0.0.1/12942] INFO  ratis.OzoneManagerRatisServer (OzoneManagerRatisServer.java:start(372)) - Starting OzoneManagerRatisServer omNode-2 at port 12946
2020-11-20 13:30:39,436 [Listener at 127.0.0.1/12942] INFO  impl.RaftServerImpl (RaftServerImpl.java:start(209)) - omNode-2@group-523986131536: start as a follower, conf=-1: [omNode-3:localhost:12952:0, omNode-1:localhost:12940:0, omNode-2:localhost:12946:0], old=null
2020-11-20 13:30:39,436 [Listener at 127.0.0.1/12942] INFO  impl.RaftServerImpl (RaftServerImpl.java:setRole(198)) - omNode-2@group-523986131536: changes role from      null to FOLLOWER at term 0 for startAsFollower
2020-11-20 13:30:39,436 [Listener at 127.0.0.1/12942] INFO  impl.RoleInfo (RoleInfo.java:updateAndGet(143)) - omNode-2: start FollowerState
2020-11-20 13:30:39,437 [Listener at 127.0.0.1/12942] INFO  util.JmxRegister (JmxRegister.java:tryRegister(44)) - Successfully registered JMX Bean with object name Ratis:service=RaftServer,group=group-523986131536,id=omNode-2
2020-11-20 13:30:39,437 [Listener at 127.0.0.1/12942] INFO  metrics.RatisMetrics (RatisMetrics.java:lambda$create$0(36)) - Creating Metrics Registry : ratis.state_machine.omNode-2@group-523986131536
2020-11-20 13:30:39,445 [Listener at 127.0.0.1/12942] INFO  impl.RaftServerProxy (RaftServerProxy.java:lambda$start$3(307)) - omNode-2: start RPC server
2020-11-20 13:30:39,455 [Listener at 127.0.0.1/12942] INFO  server.GrpcService (GrpcService.java:startImpl(177)) - omNode-2: GrpcService started, listening on 0.0.0.0/0.0.0.0:12946
2020-11-20 13:30:39,463 [Listener at 127.0.0.1/12942] INFO  http.BaseHttpServer (BaseHttpServer.java:newHttpServer2BuilderForOzone(207)) - Starting Web-server for ozoneManager at: http://0.0.0.0:12944
2020-11-20 13:30:39,463 [Listener at 127.0.0.1/12942] INFO  http.BaseHttpServer (BaseHttpServer.java:<init>(106)) - Hadoop Security Enabled: false Ozone Security Enabled: false Ozone HTTP Security Enabled: false 
2020-11-20 13:30:39,465 [Listener at 127.0.0.1/12942] INFO  server.AuthenticationFilter (AuthenticationFilter.java:constructSecretProvider(240)) - Unable to initialize FileSignerSecretProvider, falling back to use random secrets.
2020-11-20 13:30:39,467 [Listener at 127.0.0.1/12942] WARN  http.HttpRequestLog (HttpRequestLog.java:getRequestLog(103)) - Jetty request log can only be enabled using Log4j
2020-11-20 13:30:39,468 [Listener at 127.0.0.1/12942] INFO  http.HttpServer2 (HttpServer2.java:addGlobalFilter(1019)) - Added global filter 'safety' (class=org.apache.hadoop.hdds.server.http.HttpServer2$QuotingInputFilter)
2020-11-20 13:30:39,468 [Listener at 127.0.0.1/12942] INFO  http.HttpServer2 (HttpServer2.java:addFilter(995)) - Added filter static_user_filter (class=org.apache.hadoop.http.lib.StaticUserWebFilter$StaticUserFilter) to context ozoneManager
2020-11-20 13:30:39,469 [Listener at 127.0.0.1/12942] INFO  http.HttpServer2 (HttpServer2.java:addFilter(1003)) - Added filter static_user_filter (class=org.apache.hadoop.http.lib.StaticUserWebFilter$StaticUserFilter) to context logs
2020-11-20 13:30:39,469 [Listener at 127.0.0.1/12942] INFO  http.HttpServer2 (HttpServer2.java:addFilter(1003)) - Added filter static_user_filter (class=org.apache.hadoop.http.lib.StaticUserWebFilter$StaticUserFilter) to context static
2020-11-20 13:30:39,469 [Listener at 127.0.0.1/12942] INFO  http.HttpServer2 (HttpServer2.java:bindListener(1237)) - Jetty bound to port 12944
2020-11-20 13:30:39,469 [Listener at 127.0.0.1/12942] INFO  server.Server (Server.java:doStart(375)) - jetty-9.4.34.v20201102; built: 2020-11-02T14:15:39.302Z; git: e46af88704a893fc12cb0e3bf46e2c7b48a009e7; jvm 1.8.0_232-b09
2020-11-20 13:30:39,472 [Listener at 127.0.0.1/12942] INFO  server.session (DefaultSessionIdManager.java:doStart(334)) - DefaultSessionIdManager workerName=node0
2020-11-20 13:30:39,473 [Listener at 127.0.0.1/12942] INFO  server.session (DefaultSessionIdManager.java:doStart(339)) - No SessionScavenger set, using defaults
2020-11-20 13:30:39,473 [Listener at 127.0.0.1/12942] INFO  server.session (HouseKeeper.java:startScavenging(132)) - node0 Scavenging every 600000ms
2020-11-20 13:30:39,474 [Listener at 127.0.0.1/12942] INFO  handler.ContextHandler (ContextHandler.java:doStart(916)) - Started o.e.j.s.ServletContextHandler@688aab66{logs,/logs,file:///github/workspace/mnt/ozone/hadoop-ozone/integration-test/target/log,AVAILABLE}
2020-11-20 13:30:39,475 [Listener at 127.0.0.1/12942] INFO  handler.ContextHandler (ContextHandler.java:doStart(916)) - Started o.e.j.s.ServletContextHandler@57459cf9{static,/static,file:///github/workspace/mnt/ozone/hadoop-ozone/integration-test/target/test-classes/webapps/static,AVAILABLE}
2020-11-20 13:30:39,486 [Listener at 127.0.0.1/12942] INFO  handler.ContextHandler (ContextHandler.java:doStart(916)) - Started o.e.j.w.WebAppContext@72bd504b{ozoneManager,/,file:///github/workspace/mnt/ozone/hadoop-ozone/integration-test/target/test-classes/webapps/ozoneManager/,AVAILABLE}{file:/github/workspace/mnt/ozone/hadoop-ozone/integration-test/target/test-classes/webapps/ozoneManager}
2020-11-20 13:30:39,495 [Listener at 127.0.0.1/12942] INFO  server.AbstractConnector (AbstractConnector.java:doStart(331)) - Started ServerConnector@c925be{HTTP/1.1, (http/1.1)}{0.0.0.0:12944}
2020-11-20 13:30:39,495 [Listener at 127.0.0.1/12942] INFO  server.Server (Server.java:doStart(415)) - Started @5142ms
2020-11-20 13:30:39,496 [Listener at 127.0.0.1/12942] WARN  impl.MetricsSystemImpl (MetricsSystemImpl.java:register(276)) - Sink prometheus already exists!
2020-11-20 13:30:39,499 [Listener at 127.0.0.1/12942] INFO  http.BaseHttpServer (BaseHttpServer.java:updateConnectorAddress(327)) - HTTP server of ozoneManager listening at http://0.0.0.0:12944
2020-11-20 13:30:39,499 [IPC Server Responder] INFO  ipc.Server (Server.java:run(1460)) - IPC Server Responder: starting
2020-11-20 13:30:39,499 [IPC Server listener on 12942] INFO  ipc.Server (Server.java:run(1298)) - IPC Server listener on 12942: starting
2020-11-20 13:30:39,504 [Listener at 127.0.0.1/12942] INFO  om.OzoneManager (OzoneManager.java:startTrashEmptier(1269)) - Trash Interval set to 0. Files deleted will not move to trash
2020-11-20 13:30:39,504 [Listener at 127.0.0.1/12942] INFO  ozone.MiniOzoneHAClusterImpl (MiniOzoneHAClusterImpl.java:createOMService(380)) - Started OzoneManager RPC server at localhost/127.0.0.1:12942
2020-11-20 13:30:39,505 [Listener at 127.0.0.1/12942] WARN  server.ServerUtils (ServerUtils.java:getDBPath(225)) - ozone.om.db.dirs is not configured. We recommend adding this setting. Falling back to ozone.metadata.dirs instead.
2020-11-20 13:30:39,514 [org.apache.hadoop.util.JvmPauseMonitor$Monitor@b9243de] INFO  util.JvmPauseMonitor (JvmPauseMonitor.java:run(188)) - Starting JVM pause monitor
2020-11-20 13:30:39,515 [Listener at 127.0.0.1/12942] INFO  ha.OMHANodeDetails (OMHANodeDetails.java:loadOMHAConfig(110)) - ServiceID for OzoneManager is om-service-test1
2020-11-20 13:30:39,516 [Listener at 127.0.0.1/12942] INFO  ha.OMHANodeDetails (OMHANodeDetails.java:loadOMHAConfig(188)) - Found matching OM address with OMServiceId: om-service-test1, OMNodeId: omNode-3, RPC Address: localhost:12948 and Ratis port: 12952
2020-11-20 13:30:39,516 [Listener at 127.0.0.1/12942] INFO  ha.OMHANodeDetails (OMHANodeDetails.java:setOMNodeSpecificConfigs(314)) - Setting configuration key ozone.om.http-address with value of key ozone.om.http-address.omNode-3: 127.0.0.1:12950
2020-11-20 13:30:39,516 [Listener at 127.0.0.1/12942] INFO  ha.OMHANodeDetails (OMHANodeDetails.java:setOMNodeSpecificConfigs(314)) - Setting configuration key ozone.om.https-address with value of key ozone.om.https-address.omNode-3: 127.0.0.1:12951
2020-11-20 13:30:39,516 [Listener at 127.0.0.1/12942] INFO  ha.OMHANodeDetails (OMHANodeDetails.java:setOMNodeSpecificConfigs(314)) - Setting configuration key ozone.om.address with value of key ozone.om.address.omNode-3: 127.0.0.1:12948
2020-11-20 13:30:39,516 [Listener at 127.0.0.1/12942] WARN  server.ServerUtils (ServerUtils.java:getDBPath(225)) - ozone.om.db.dirs is not configured. We recommend adding this setting. Falling back to ozone.metadata.dirs instead.
2020-11-20 13:30:39,516 [Listener at 127.0.0.1/12942] WARN  server.ServerUtils (ServerUtils.java:getDBPath(225)) - ozone.om.db.dirs is not configured. We recommend adding this setting. Falling back to ozone.metadata.dirs instead.
2020-11-20 13:30:39,525 [Listener at 127.0.0.1/12942] WARN  server.ServerUtils (ServerUtils.java:getDBPath(225)) - ozone.om.db.dirs is not configured. We recommend adding this setting. Falling back to ozone.metadata.dirs instead.
2020-11-20 13:30:39,526 [Listener at 127.0.0.1/12942] INFO  codec.OmKeyInfoCodec (OmKeyInfoCodec.java:<init>(41)) - OmKeyInfoCodec ignorePipeline = true
2020-11-20 13:30:39,526 [Listener at 127.0.0.1/12942] INFO  codec.RepeatedOmKeyInfoCodec (RepeatedOmKeyInfoCodec.java:<init>(40)) - RepeatedOmKeyInfoCodec ignorePipeline = true
2020-11-20 13:30:39,591 [Listener at 127.0.0.1/12942] INFO  om.OzoneManager (OzoneManager.java:addS3GVolumeToDB(3741)) - Created Volume s3v With Owner jenkins1001 required for S3Gateway operations.
2020-11-20 13:30:39,591 [Listener at 127.0.0.1/12942] WARN  server.ServerUtils (ServerUtils.java:getDefaultRatisDirectory(237)) - Storage directory for Ratis is not configured. It is a good idea to map this to an SSD disk. Falling back to ozone.metadata.dirs
2020-11-20 13:30:39,592 [Listener at 127.0.0.1/12942] INFO  ratis.OzoneManagerRatisServer (OzoneManagerRatisServer.java:<init>(270)) - Instantiating OM Ratis server with GroupID: om-service-test1 and Raft Peers: localhost:12952, localhost:12940, localhost:12946
2020-11-20 13:30:39,592 [Listener at 127.0.0.1/12942] INFO  ratis.OzoneManagerStateMachine (OzoneManagerStateMachine.java:loadSnapshotInfoFromDB(519)) - LastAppliedIndex is set from TransactionInfo from OM DB as (t:0, i:~)
2020-11-20 13:30:39,597 [Listener at 127.0.0.1/12942] INFO  impl.RaftServerProxy (ConfUtils.java:logGet(44)) - raft.rpc.type = GRPC (default)
2020-11-20 13:30:39,597 [Listener at 127.0.0.1/12942] INFO  grpc.GrpcFactory (GrpcFactory.java:checkPooledByteBufAllocatorUseCacheForAllThreads(45)) - PERFORMANCE WARNING: useCacheForAllThreads is true that may cause Netty to create a lot garbage objects and, as a result, trigger GC.
	It is recommended to disable useCacheForAllThreads by setting -Dorg.apache.ratis.thirdparty.io.netty.allocator.useCacheForAllThreads=false in command line.
2020-11-20 13:30:39,597 [Listener at 127.0.0.1/12942] INFO  grpc.GrpcConfigKeys (ConfUtils.java:logGet(44)) - raft.grpc.server.port = 12952 (custom)
2020-11-20 13:30:39,597 [Listener at 127.0.0.1/12942] INFO  server.GrpcService (ConfUtils.java:logGet(44)) - raft.grpc.message.size.max = 33554432 (custom)
2020-11-20 13:30:39,597 [Listener at 127.0.0.1/12942] INFO  server.RaftServerConfigKeys (ConfUtils.java:logGet(44)) - raft.server.log.appender.buffer.byte-limit = 33554432 (custom)
2020-11-20 13:30:39,597 [Listener at 127.0.0.1/12942] INFO  server.GrpcService (ConfUtils.java:logGet(44)) - raft.grpc.flow.control.window = 1MB (=1048576) (default)
2020-11-20 13:30:39,597 [Listener at 127.0.0.1/12942] INFO  server.RaftServerConfigKeys (ConfUtils.java:logGet(44)) - raft.server.rpc.request.timeout = 3000ms (default)
2020-11-20 13:30:39,599 [Listener at 127.0.0.1/12942] INFO  server.RaftServerConfigKeys (ConfUtils.java:logGet(44)) - raft.server.storage.dir = [/github/workspace/mnt/ozone/hadoop-ozone/integration-test/target/test-dir/MiniOzoneClusterImpl-88510e19-ed2c-49d7-b179-50c179883a6e/omNode-3/ratis] (custom)
2020-11-20 13:30:39,599 [Listener at 127.0.0.1/12942] INFO  impl.RaftServerProxy (RaftServerProxy.java:addNew(92)) - omNode-3: addNew group-523986131536:[omNode-3:localhost:12952:0, omNode-1:localhost:12940:0, omNode-2:localhost:12946:0] returns group-523986131536:java.util.concurrent.CompletableFuture@746d436f[Not completed]
2020-11-20 13:30:39,601 [pool-58-thread-1] INFO  impl.RaftServerImpl (RaftServerImpl.java:<init>(120)) - omNode-3: new RaftServerImpl for group-523986131536:[omNode-3:localhost:12952:0, omNode-1:localhost:12940:0, omNode-2:localhost:12946:0] with OzoneManagerStateMachine:uninitialized
2020-11-20 13:30:39,601 [Listener at 127.0.0.1/12942] INFO  om.OzoneManager (OzoneManager.java:initializeRatisServer(1336)) - OzoneManager Ratis server initialized at port 12952
2020-11-20 13:30:39,602 [Listener at 127.0.0.1/12942] WARN  server.ServerUtils (ServerUtils.java:getDefaultRatisDirectory(237)) - Storage directory for Ratis is not configured. It is a good idea to map this to an SSD disk. Falling back to ozone.metadata.dirs
2020-11-20 13:30:39,602 [Listener at 127.0.0.1/12942] WARN  server.ServerUtils (ServerUtils.java:getDefaultRatisDirectory(237)) - Storage directory for Ratis is not configured. It is a good idea to map this to an SSD disk. Falling back to ozone.metadata.dirs
2020-11-20 13:30:39,602 [Listener at 127.0.0.1/12942] INFO  snapshot.OzoneManagerSnapshotProvider (OzoneManagerSnapshotProvider.java:<init>(77)) - Initializing OM Snapshot Provider
2020-11-20 13:30:39,604 [Listener at 127.0.0.1/12942] INFO  ipc.CallQueueManager (CallQueueManager.java:<init>(84)) - Using callQueue: class java.util.concurrent.LinkedBlockingQueue, queueCapacity: 2000, scheduler: class org.apache.hadoop.ipc.DefaultRpcScheduler, ipcBackoff: false.
2020-11-20 13:30:39,604 [pool-58-thread-1] INFO  server.RaftServerConfigKeys (ConfUtils.java:logGet(44)) - raft.server.rpc.timeout.min = 1s (custom)
2020-11-20 13:30:39,605 [pool-58-thread-1] INFO  server.RaftServerConfigKeys (ConfUtils.java:logGet(44)) - raft.server.rpc.timeout.max = 1200ms (custom)
2020-11-20 13:30:39,605 [pool-58-thread-1] INFO  server.RaftServerConfigKeys (ConfUtils.java:logGet(44)) - raft.server.rpcslowness.timeout = 2s (custom)
2020-11-20 13:30:39,605 [pool-58-thread-1] INFO  server.RaftServerConfigKeys (ConfUtils.java:logGet(44)) - raft.server.sleep.deviation.threshold = 300 (default)
2020-11-20 13:30:39,605 [pool-58-thread-1] INFO  server.RaftServerConfigKeys (ConfUtils.java:logGet(44)) - raft.server.log.appender.install.snapshot.enabled = false (custom)
2020-11-20 13:30:39,605 [pool-58-thread-1] INFO  impl.RaftServerImpl (ServerState.java:<init>(104)) - omNode-3@group-523986131536: ConfigurationManager, init=-1: [omNode-3:localhost:12952:0, omNode-1:localhost:12940:0, omNode-2:localhost:12946:0], old=null, confs=<EMPTY_MAP>
2020-11-20 13:30:39,605 [pool-58-thread-1] INFO  server.RaftServerConfigKeys (ConfUtils.java:logGet(44)) - raft.server.storage.dir = [/github/workspace/mnt/ozone/hadoop-ozone/integration-test/target/test-dir/MiniOzoneClusterImpl-88510e19-ed2c-49d7-b179-50c179883a6e/omNode-3/ratis] (custom)
2020-11-20 13:30:39,606 [pool-58-thread-1] INFO  server.RaftServerConfigKeys (ConfUtils.java:logGet(44)) - raft.server.log.corruption.policy = EXCEPTION (default)
2020-11-20 13:30:39,606 [pool-58-thread-1] INFO  storage.RaftStorageDirectory (RaftStorageDirectory.java:analyzeStorage(261)) - The storage directory /github/workspace/mnt/ozone/hadoop-ozone/integration-test/target/test-dir/MiniOzoneClusterImpl-88510e19-ed2c-49d7-b179-50c179883a6e/omNode-3/ratis/c9bc4cf4-3bc3-3c60-a66b-523986131536 does not exist. Creating ...
2020-11-20 13:30:39,610 [Socket Reader #1 for port 12948] INFO  ipc.Server (Server.java:run(1219)) - Starting Socket Reader #1 for port 12948
2020-11-20 13:30:39,614 [pool-58-thread-1] INFO  storage.RaftStorageDirectory (RaftStorageDirectory.java:tryLock(343)) - Lock on /github/workspace/mnt/ozone/hadoop-ozone/integration-test/target/test-dir/MiniOzoneClusterImpl-88510e19-ed2c-49d7-b179-50c179883a6e/omNode-3/ratis/c9bc4cf4-3bc3-3c60-a66b-523986131536/in_use.lock acquired by nodename 15306@f2122719ba2e
2020-11-20 13:30:39,615 [pool-58-thread-1] INFO  storage.RaftStorage (RaftStorage.java:format(84)) - Storage directory /github/workspace/mnt/ozone/hadoop-ozone/integration-test/target/test-dir/MiniOzoneClusterImpl-88510e19-ed2c-49d7-b179-50c179883a6e/omNode-3/ratis/c9bc4cf4-3bc3-3c60-a66b-523986131536 has been successfully formatted.
2020-11-20 13:30:39,615 [pool-58-thread-1] INFO  server.RaftServerConfigKeys (ConfUtils.java:logGet(44)) - raft.server.notification.no-leader.timeout = 2s (custom)
2020-11-20 13:30:39,616 [pool-58-thread-1] INFO  server.RaftServerConfigKeys (ConfUtils.java:logGet(44)) - raft.server.log.use.memory = false (default)
2020-11-20 13:30:39,616 [pool-58-thread-1] INFO  server.RaftServerConfigKeys (ConfUtils.java:logGet(44)) - raft.server.log.purge.gap = 50 (custom)
2020-11-20 13:30:39,616 [pool-58-thread-1] INFO  metrics.RatisMetrics (RatisMetrics.java:lambda$create$0(36)) - Creating Metrics Registry : ratis.log_worker.omNode-3@group-523986131536
2020-11-20 13:30:39,616 [pool-58-thread-1] INFO  server.RaftServerConfigKeys (ConfUtils.java:logGet(44)) - raft.server.log.appender.buffer.byte-limit = 33554432 (custom)
2020-11-20 13:30:39,618 [pool-58-thread-1] INFO  server.RaftServerConfigKeys (ConfUtils.java:logGet(44)) - raft.server.log.segment.size.max = 4194304 (custom)
2020-11-20 13:30:39,619 [pool-58-thread-1] INFO  server.RaftServerConfigKeys (ConfUtils.java:logGet(44)) - raft.server.log.segment.cache.num.max = 2 (custom)
2020-11-20 13:30:39,619 [pool-58-thread-1] INFO  segmented.SegmentedRaftLogWorker (SegmentedRaftLogWorker.java:<init>(180)) - new omNode-3@group-523986131536-SegmentedRaftLogWorker for RaftStorage:Storage Directory /github/workspace/mnt/ozone/hadoop-ozone/integration-test/target/test-dir/MiniOzoneClusterImpl-88510e19-ed2c-49d7-b179-50c179883a6e/omNode-3/ratis/c9bc4cf4-3bc3-3c60-a66b-523986131536
2020-11-20 13:30:39,619 [pool-58-thread-1] INFO  server.RaftServerConfigKeys (ConfUtils.java:logGet(44)) - raft.server.log.queue.byte-limit = 64MB (=67108864) (default)
2020-11-20 13:30:39,619 [pool-58-thread-1] INFO  server.RaftServerConfigKeys (ConfUtils.java:logGet(44)) - raft.server.log.queue.element-limit = 4096 (default)
2020-11-20 13:30:39,619 [pool-58-thread-1] INFO  server.RaftServerConfigKeys (ConfUtils.java:logGet(44)) - raft.server.log.segment.size.max = 4194304 (custom)
2020-11-20 13:30:39,619 [pool-58-thread-1] INFO  server.RaftServerConfigKeys (ConfUtils.java:logGet(44)) - raft.server.log.preallocated.size = 4194304 (custom)
2020-11-20 13:30:39,619 [pool-58-thread-1] INFO  server.RaftServerConfigKeys (ConfUtils.java:logGet(44)) - raft.server.log.write.buffer.size = 64KB (=65536) (default)
2020-11-20 13:30:39,620 [pool-58-thread-1] INFO  server.RaftServerConfigKeys (ConfUtils.java:logGet(44)) - raft.server.log.force.sync.num = 128 (default)
2020-11-20 13:30:39,620 [pool-58-thread-1] INFO  server.RaftServerConfigKeys (ConfUtils.java:logGet(44)) - raft.server.log.statemachine.data.sync = true (default)
2020-11-20 13:30:39,620 [pool-58-thread-1] INFO  server.RaftServerConfigKeys (ConfUtils.java:logGet(44)) - raft.server.log.statemachine.data.sync.timeout = 10s (default)
2020-11-20 13:30:39,620 [pool-58-thread-1] INFO  server.RaftServerConfigKeys (ConfUtils.java:logGet(44)) - raft.server.log.statemachine.data.sync.timeout.retry = -1 (default)
2020-11-20 13:30:39,622 [pool-58-thread-1] INFO  server.RaftServerConfigKeys (ConfUtils.java:logGet(44)) - raft.server.log.statemachine.data.caching.enabled = false (default)
2020-11-20 13:30:39,626 [pool-58-thread-1] INFO  segmented.SegmentedRaftLogWorker (SegmentedRaftLogWorker.java:lambda$new$0(129)) - omNode-3@group-523986131536-SegmentedRaftLogWorker: flushIndex: setUnconditionally 0 -> -1
2020-11-20 13:30:39,626 [pool-58-thread-1] INFO  segmented.SegmentedRaftLogWorker (SegmentedRaftLogWorker.java:lambda$new$0(129)) - omNode-3@group-523986131536-SegmentedRaftLogWorker: safeCacheEvictIndex: setUnconditionally 0 -> -1
2020-11-20 13:30:39,631 [Listener at 127.0.0.1/12948] INFO  impl.MetricsSystemImpl (MetricsSystemImpl.java:init(158)) - OzoneManager metrics system started (again)
2020-11-20 13:30:39,632 [pool-58-thread-1] INFO  server.RaftServerConfigKeys (ConfUtils.java:logGet(44)) - raft.server.snapshot.auto.trigger.enabled = true (custom)
2020-11-20 13:30:39,632 [pool-58-thread-1] INFO  server.RaftServerConfigKeys (ConfUtils.java:logGet(44)) - raft.server.snapshot.auto.trigger.threshold = 50 (custom)
2020-11-20 13:30:39,632 [pool-58-thread-1] INFO  server.RaftServerConfigKeys (ConfUtils.java:logGet(44)) - raft.server.snapshot.retention.file.num = -1 (default)
2020-11-20 13:30:39,632 [pool-58-thread-1] INFO  server.RaftServerConfigKeys (ConfUtils.java:logGet(44)) - raft.server.log.purge.upto.snapshot.index = true (custom)
2020-11-20 13:30:39,632 [pool-58-thread-1] INFO  server.RaftServerConfigKeys (ConfUtils.java:logGet(44)) - raft.server.retrycache.expirytime = 600000ms (custom)
2020-11-20 13:30:39,632 [pool-58-thread-1] INFO  metrics.RatisMetrics (RatisMetrics.java:lambda$create$0(36)) - Creating Metrics Registry : ratis.leader_election.omNode-3@group-523986131536
2020-11-20 13:30:39,633 [pool-58-thread-1] INFO  metrics.RatisMetrics (RatisMetrics.java:lambda$create$0(36)) - Creating Metrics Registry : ratis.server.omNode-3@group-523986131536
2020-11-20 13:30:39,635 [Listener at 127.0.0.1/12948] INFO  om.OzoneManager (OzoneManager.java:start(1144)) - OzoneManager RPC server is listening at localhost/127.0.0.1:12948
2020-11-20 13:30:39,635 [Listener at 127.0.0.1/12948] INFO  ratis.OzoneManagerRatisServer (OzoneManagerRatisServer.java:start(372)) - Starting OzoneManagerRatisServer omNode-3 at port 12952
2020-11-20 13:30:39,637 [Listener at 127.0.0.1/12948] INFO  impl.RaftServerImpl (RaftServerImpl.java:start(209)) - omNode-3@group-523986131536: start as a follower, conf=-1: [omNode-3:localhost:12952:0, omNode-1:localhost:12940:0, omNode-2:localhost:12946:0], old=null
2020-11-20 13:30:39,637 [Listener at 127.0.0.1/12948] INFO  impl.RaftServerImpl (RaftServerImpl.java:setRole(198)) - omNode-3@group-523986131536: changes role from      null to FOLLOWER at term 0 for startAsFollower
2020-11-20 13:30:39,637 [Listener at 127.0.0.1/12948] INFO  impl.RoleInfo (RoleInfo.java:updateAndGet(143)) - omNode-3: start FollowerState
2020-11-20 13:30:39,638 [Listener at 127.0.0.1/12948] INFO  util.JmxRegister (JmxRegister.java:tryRegister(44)) - Successfully registered JMX Bean with object name Ratis:service=RaftServer,group=group-523986131536,id=omNode-3
2020-11-20 13:30:39,638 [Listener at 127.0.0.1/12948] INFO  metrics.RatisMetrics (RatisMetrics.java:lambda$create$0(36)) - Creating Metrics Registry : ratis.state_machine.omNode-3@group-523986131536
2020-11-20 13:30:39,648 [Listener at 127.0.0.1/12948] INFO  impl.RaftServerProxy (RaftServerProxy.java:lambda$start$3(307)) - omNode-3: start RPC server
2020-11-20 13:30:39,658 [Listener at 127.0.0.1/12948] INFO  server.GrpcService (GrpcService.java:startImpl(177)) - omNode-3: GrpcService started, listening on 0.0.0.0/0.0.0.0:12952
2020-11-20 13:30:39,667 [Listener at 127.0.0.1/12948] INFO  http.BaseHttpServer (BaseHttpServer.java:newHttpServer2BuilderForOzone(207)) - Starting Web-server for ozoneManager at: http://0.0.0.0:12950
2020-11-20 13:30:39,667 [Listener at 127.0.0.1/12948] INFO  http.BaseHttpServer (BaseHttpServer.java:<init>(106)) - Hadoop Security Enabled: false Ozone Security Enabled: false Ozone HTTP Security Enabled: false 
2020-11-20 13:30:39,669 [Listener at 127.0.0.1/12948] INFO  server.AuthenticationFilter (AuthenticationFilter.java:constructSecretProvider(240)) - Unable to initialize FileSignerSecretProvider, falling back to use random secrets.
2020-11-20 13:30:39,671 [Listener at 127.0.0.1/12948] WARN  http.HttpRequestLog (HttpRequestLog.java:getRequestLog(103)) - Jetty request log can only be enabled using Log4j
2020-11-20 13:30:39,672 [Listener at 127.0.0.1/12948] INFO  http.HttpServer2 (HttpServer2.java:addGlobalFilter(1019)) - Added global filter 'safety' (class=org.apache.hadoop.hdds.server.http.HttpServer2$QuotingInputFilter)
2020-11-20 13:30:39,672 [Listener at 127.0.0.1/12948] INFO  http.HttpServer2 (HttpServer2.java:addFilter(995)) - Added filter static_user_filter (class=org.apache.hadoop.http.lib.StaticUserWebFilter$StaticUserFilter) to context ozoneManager
2020-11-20 13:30:39,673 [Listener at 127.0.0.1/12948] INFO  http.HttpServer2 (HttpServer2.java:addFilter(1003)) - Added filter static_user_filter (class=org.apache.hadoop.http.lib.StaticUserWebFilter$StaticUserFilter) to context static
2020-11-20 13:30:39,673 [Listener at 127.0.0.1/12948] INFO  http.HttpServer2 (HttpServer2.java:addFilter(1003)) - Added filter static_user_filter (class=org.apache.hadoop.http.lib.StaticUserWebFilter$StaticUserFilter) to context logs
2020-11-20 13:30:39,675 [Listener at 127.0.0.1/12948] INFO  http.HttpServer2 (HttpServer2.java:bindListener(1237)) - Jetty bound to port 12950
2020-11-20 13:30:39,675 [Listener at 127.0.0.1/12948] INFO  server.Server (Server.java:doStart(375)) - jetty-9.4.34.v20201102; built: 2020-11-02T14:15:39.302Z; git: e46af88704a893fc12cb0e3bf46e2c7b48a009e7; jvm 1.8.0_232-b09
2020-11-20 13:30:39,688 [Listener at 127.0.0.1/12948] INFO  server.session (DefaultSessionIdManager.java:doStart(334)) - DefaultSessionIdManager workerName=node0
2020-11-20 13:30:39,688 [Listener at 127.0.0.1/12948] INFO  server.session (DefaultSessionIdManager.java:doStart(339)) - No SessionScavenger set, using defaults
2020-11-20 13:30:39,689 [Listener at 127.0.0.1/12948] INFO  server.session (HouseKeeper.java:startScavenging(132)) - node0 Scavenging every 600000ms
2020-11-20 13:30:39,690 [Listener at 127.0.0.1/12948] INFO  handler.ContextHandler (ContextHandler.java:doStart(916)) - Started o.e.j.s.ServletContextHandler@7e2c887f{logs,/logs,file:///github/workspace/mnt/ozone/hadoop-ozone/integration-test/target/log,AVAILABLE}
2020-11-20 13:30:39,691 [Listener at 127.0.0.1/12948] INFO  handler.ContextHandler (ContextHandler.java:doStart(916)) - Started o.e.j.s.ServletContextHandler@6ba96e1b{static,/static,file:///github/workspace/mnt/ozone/hadoop-ozone/integration-test/target/test-classes/webapps/static,AVAILABLE}
2020-11-20 13:30:39,698 [Listener at 127.0.0.1/12948] INFO  handler.ContextHandler (ContextHandler.java:doStart(916)) - Started o.e.j.w.WebAppContext@6a88fbe5{ozoneManager,/,file:///github/workspace/mnt/ozone/hadoop-ozone/integration-test/target/test-classes/webapps/ozoneManager/,AVAILABLE}{file:/github/workspace/mnt/ozone/hadoop-ozone/integration-test/target/test-classes/webapps/ozoneManager}
2020-11-20 13:30:39,706 [Listener at 127.0.0.1/12948] INFO  server.AbstractConnector (AbstractConnector.java:doStart(331)) - Started ServerConnector@30cd5eef{HTTP/1.1, (http/1.1)}{0.0.0.0:12950}
2020-11-20 13:30:39,707 [Listener at 127.0.0.1/12948] INFO  server.Server (Server.java:doStart(415)) - Started @5354ms
2020-11-20 13:30:39,707 [Listener at 127.0.0.1/12948] WARN  impl.MetricsSystemImpl (MetricsSystemImpl.java:register(276)) - Sink prometheus already exists!
2020-11-20 13:30:39,710 [Listener at 127.0.0.1/12948] INFO  http.BaseHttpServer (BaseHttpServer.java:updateConnectorAddress(327)) - HTTP server of ozoneManager listening at http://0.0.0.0:12950
2020-11-20 13:30:39,711 [IPC Server Responder] INFO  ipc.Server (Server.java:run(1460)) - IPC Server Responder: starting
2020-11-20 13:30:39,711 [IPC Server listener on 12948] INFO  ipc.Server (Server.java:run(1298)) - IPC Server listener on 12948: starting
2020-11-20 13:30:39,715 [Listener at 127.0.0.1/12948] INFO  om.OzoneManager (OzoneManager.java:startTrashEmptier(1269)) - Trash Interval set to 0. Files deleted will not move to trash
2020-11-20 13:30:39,716 [Listener at 127.0.0.1/12948] INFO  ozone.MiniOzoneHAClusterImpl (MiniOzoneHAClusterImpl.java:createOMService(380)) - Started OzoneManager RPC server at localhost/127.0.0.1:12948
2020-11-20 13:30:39,726 [org.apache.hadoop.util.JvmPauseMonitor$Monitor@4751d7cc] INFO  util.JvmPauseMonitor (JvmPauseMonitor.java:run(188)) - Starting JVM pause monitor
2020-11-20 13:30:39,863 [Listener at 127.0.0.1/12948] INFO  impl.MetricsSystemImpl (MetricsSystemImpl.java:init(158)) - HddsDatanode metrics system started (again)
2020-11-20 13:30:39,868 [Listener at 127.0.0.1/12948] INFO  ozone.HddsDatanodeService (HddsDatanodeService.java:start(217)) - HddsDatanodeService host:f2122719ba2e ip:172.17.0.2
2020-11-20 13:30:39,954 [Listener at 127.0.0.1/12948] INFO  volume.HddsVolume (HddsVolume.java:<init>(176)) - Creating Volume: /github/workspace/mnt/ozone/hadoop-ozone/integration-test/target/test-dir/MiniOzoneClusterImpl-88510e19-ed2c-49d7-b179-50c179883a6e/datanode-0/data-0/containers/hdds of storage type : DISK and capacity : 9223372036854775807
2020-11-20 13:30:39,968 [Listener at 127.0.0.1/12948] INFO  volume.MutableVolumeSet (MutableVolumeSet.java:initializeVolumeSet(179)) - Added Volume : /github/workspace/mnt/ozone/hadoop-ozone/integration-test/target/test-dir/MiniOzoneClusterImpl-88510e19-ed2c-49d7-b179-50c179883a6e/datanode-0/data-0/containers/hdds to VolumeSet
2020-11-20 13:30:39,969 [Listener at 127.0.0.1/12948] INFO  volume.ThrottledAsyncChecker (ThrottledAsyncChecker.java:schedule(141)) - Scheduling a check for /github/workspace/mnt/ozone/hadoop-ozone/integration-test/target/test-dir/MiniOzoneClusterImpl-88510e19-ed2c-49d7-b179-50c179883a6e/datanode-0/data-0/containers/hdds
2020-11-20 13:30:39,991 [Listener at 127.0.0.1/12948] INFO  volume.HddsVolumeChecker (HddsVolumeChecker.java:checkAllVolumes(200)) - Scheduled health check for volume /github/workspace/mnt/ozone/hadoop-ozone/integration-test/target/test-dir/MiniOzoneClusterImpl-88510e19-ed2c-49d7-b179-50c179883a6e/datanode-0/data-0/containers/hdds
2020-11-20 13:30:40,013 [Thread-208] INFO  ozoneimpl.ContainerReader (ContainerReader.java:readVolume(123)) - Start to verify containers on volume /github/workspace/mnt/ozone/hadoop-ozone/integration-test/target/test-dir/MiniOzoneClusterImpl-88510e19-ed2c-49d7-b179-50c179883a6e/datanode-0/data-0/containers/hdds
2020-11-20 13:30:40,013 [Thread-208] INFO  ozoneimpl.ContainerReader (ContainerReader.java:readVolume(148)) - Finish verifying containers on volume /github/workspace/mnt/ozone/hadoop-ozone/integration-test/target/test-dir/MiniOzoneClusterImpl-88510e19-ed2c-49d7-b179-50c179883a6e/datanode-0/data-0/containers/hdds
2020-11-20 13:30:40,013 [Listener at 127.0.0.1/12948] INFO  ozoneimpl.OzoneContainer (OzoneContainer.java:buildContainerSet(194)) - Build ContainerSet costs 0s
2020-11-20 13:30:40,093 [Listener at 127.0.0.1/12948] INFO  impl.RaftServerProxy (ConfUtils.java:logGet(44)) - raft.rpc.type = GRPC (default)
2020-11-20 13:30:40,094 [Listener at 127.0.0.1/12948] INFO  grpc.GrpcFactory (GrpcFactory.java:checkPooledByteBufAllocatorUseCacheForAllThreads(45)) - PERFORMANCE WARNING: useCacheForAllThreads is true that may cause Netty to create a lot garbage objects and, as a result, trigger GC.
	It is recommended to disable useCacheForAllThreads by setting -Dorg.apache.ratis.thirdparty.io.netty.allocator.useCacheForAllThreads=false in command line.
2020-11-20 13:30:40,094 [Listener at 127.0.0.1/12948] INFO  grpc.GrpcConfigKeys (ConfUtils.java:logGet(44)) - raft.grpc.server.port = 0 (default)
2020-11-20 13:30:40,094 [Listener at 127.0.0.1/12948] INFO  server.GrpcService (ConfUtils.java:logGet(44)) - raft.grpc.message.size.max = 32MB (=33554432) (custom)
2020-11-20 13:30:40,104 [Listener at 127.0.0.1/12948] INFO  server.RaftServerConfigKeys (ConfUtils.java:logGet(44)) - raft.server.log.appender.buffer.byte-limit = 33554432 (custom)
2020-11-20 13:30:40,105 [Listener at 127.0.0.1/12948] INFO  server.GrpcService (ConfUtils.java:logGet(44)) - raft.grpc.flow.control.window = 5MB (=5242880) (custom)
2020-11-20 13:30:40,105 [Listener at 127.0.0.1/12948] INFO  server.RaftServerConfigKeys (ConfUtils.java:logGet(44)) - raft.server.rpc.request.timeout = 60s (custom)
2020-11-20 13:30:40,106 [Listener at 127.0.0.1/12948] INFO  server.RaftServerConfigKeys (ConfUtils.java:logGet(44)) - raft.server.storage.dir = [/github/workspace/mnt/ozone/hadoop-ozone/integration-test/target/test-dir/MiniOzoneClusterImpl-88510e19-ed2c-49d7-b179-50c179883a6e/datanode-0/data/ratis] (custom)
2020-11-20 13:30:40,184 [Listener at 127.0.0.1/12948] INFO  http.BaseHttpServer (BaseHttpServer.java:newHttpServer2BuilderForOzone(207)) - Starting Web-server for hddsDatanode at: http://0.0.0.0:0
2020-11-20 13:30:40,185 [Listener at 127.0.0.1/12948] INFO  http.BaseHttpServer (BaseHttpServer.java:<init>(106)) - Hadoop Security Enabled: false Ozone Security Enabled: false Ozone HTTP Security Enabled: false 
2020-11-20 13:30:40,187 [Listener at 127.0.0.1/12948] INFO  server.AuthenticationFilter (AuthenticationFilter.java:constructSecretProvider(240)) - Unable to initialize FileSignerSecretProvider, falling back to use random secrets.
2020-11-20 13:30:40,187 [Listener at 127.0.0.1/12948] WARN  http.HttpRequestLog (HttpRequestLog.java:getRequestLog(103)) - Jetty request log can only be enabled using Log4j
2020-11-20 13:30:40,188 [Listener at 127.0.0.1/12948] INFO  http.HttpServer2 (HttpServer2.java:addGlobalFilter(1019)) - Added global filter 'safety' (class=org.apache.hadoop.hdds.server.http.HttpServer2$QuotingInputFilter)
2020-11-20 13:30:40,189 [Listener at 127.0.0.1/12948] INFO  http.HttpServer2 (HttpServer2.java:addFilter(995)) - Added filter static_user_filter (class=org.apache.hadoop.http.lib.StaticUserWebFilter$StaticUserFilter) to context hddsDatanode
2020-11-20 13:30:40,189 [Listener at 127.0.0.1/12948] INFO  http.HttpServer2 (HttpServer2.java:addFilter(1003)) - Added filter static_user_filter (class=org.apache.hadoop.http.lib.StaticUserWebFilter$StaticUserFilter) to context logs
2020-11-20 13:30:40,189 [Listener at 127.0.0.1/12948] INFO  http.HttpServer2 (HttpServer2.java:addFilter(1003)) - Added filter static_user_filter (class=org.apache.hadoop.http.lib.StaticUserWebFilter$StaticUserFilter) to context static
2020-11-20 13:30:40,192 [Listener at 127.0.0.1/12948] INFO  http.HttpServer2 (HttpServer2.java:bindListener(1237)) - Jetty bound to port 44983
2020-11-20 13:30:40,192 [Listener at 127.0.0.1/12948] INFO  server.Server (Server.java:doStart(375)) - jetty-9.4.34.v20201102; built: 2020-11-02T14:15:39.302Z; git: e46af88704a893fc12cb0e3bf46e2c7b48a009e7; jvm 1.8.0_232-b09
2020-11-20 13:30:40,195 [Listener at 127.0.0.1/12948] INFO  server.session (DefaultSessionIdManager.java:doStart(334)) - DefaultSessionIdManager workerName=node0
2020-11-20 13:30:40,196 [Listener at 127.0.0.1/12948] INFO  server.session (DefaultSessionIdManager.java:doStart(339)) - No SessionScavenger set, using defaults
2020-11-20 13:30:40,196 [Listener at 127.0.0.1/12948] INFO  server.session (HouseKeeper.java:startScavenging(132)) - node0 Scavenging every 660000ms
2020-11-20 13:30:40,198 [Listener at 127.0.0.1/12948] INFO  handler.ContextHandler (ContextHandler.java:doStart(916)) - Started o.e.j.s.ServletContextHandler@20136cee{logs,/logs,file:///github/workspace/mnt/ozone/hadoop-ozone/integration-test/target/log,AVAILABLE}
2020-11-20 13:30:40,199 [Listener at 127.0.0.1/12948] INFO  handler.ContextHandler (ContextHandler.java:doStart(916)) - Started o.e.j.s.ServletContextHandler@6003486e{static,/static,jar:file:/home/user/.m2/repository/org/apache/hadoop/hadoop-hdds-container-service/1.1.0-SNAPSHOT/hadoop-hdds-container-service-1.1.0-SNAPSHOT.jar!/webapps/static,AVAILABLE}
2020-11-20 13:30:40,275 [Thread-99] INFO  impl.FollowerState (FollowerState.java:run(108)) - omNode-1@group-523986131536-FollowerState: change to CANDIDATE, lastRpcTime:1178ms, electionTimeout:1174ms
2020-11-20 13:30:40,276 [Thread-99] INFO  impl.RoleInfo (RoleInfo.java:shutdownFollowerState(121)) - omNode-1: shutdown FollowerState
2020-11-20 13:30:40,276 [Thread-99] INFO  impl.RaftServerImpl (RaftServerImpl.java:setRole(198)) - omNode-1@group-523986131536: changes role from  FOLLOWER to CANDIDATE at term 0 for changeToCandidate
2020-11-20 13:30:40,278 [Thread-99] INFO  impl.RoleInfo (RoleInfo.java:updateAndGet(143)) - omNode-1: start LeaderElection
2020-11-20 13:30:40,296 [omNode-1@group-523986131536-LeaderElection1] INFO  impl.LeaderElection (LeaderElection.java:askForVotes(210)) - omNode-1@group-523986131536-LeaderElection1: begin an election at term 1 for -1: [omNode-3:localhost:12952:0, omNode-1:localhost:12940:0, omNode-2:localhost:12946:0], old=null
2020-11-20 13:30:40,449 [Listener at 127.0.0.1/12948] INFO  handler.ContextHandler (ContextHandler.java:doStart(916)) - Started o.e.j.w.WebAppContext@67c9154f{hddsDatanode,/,file:///tmp/jetty-0_0_0_0-44983-hadoop-hdds-container-service-1_1_0-SNAPSHOT_jar-_-any-6484654061569662677/webapp/,AVAILABLE}{jar:file:/home/user/.m2/repository/org/apache/hadoop/hadoop-hdds-container-service/1.1.0-SNAPSHOT/hadoop-hdds-container-service-1.1.0-SNAPSHOT.jar!/webapps/hddsDatanode}
2020-11-20 13:30:40,459 [Listener at 127.0.0.1/12948] INFO  server.AbstractConnector (AbstractConnector.java:doStart(331)) - Started ServerConnector@1801b57f{HTTP/1.1, (http/1.1)}{0.0.0.0:44983}
2020-11-20 13:30:40,459 [Listener at 127.0.0.1/12948] INFO  server.Server (Server.java:doStart(415)) - Started @6106ms
2020-11-20 13:30:40,459 [Listener at 127.0.0.1/12948] WARN  impl.MetricsSystemImpl (MetricsSystemImpl.java:register(276)) - Sink prometheus already exists!
2020-11-20 13:30:40,463 [Listener at 127.0.0.1/12948] INFO  http.BaseHttpServer (BaseHttpServer.java:updateConnectorAddress(327)) - HTTP server of hddsDatanode listening at http://0.0.0.0:44983
2020-11-20 13:30:40,475 [Listener at 127.0.0.1/12948] INFO  impl.MetricsSystemImpl (MetricsSystemImpl.java:init(158)) - HddsDatanode metrics system started (again)
2020-11-20 13:30:40,483 [Listener at 127.0.0.1/12948] INFO  ozone.HddsDatanodeService (HddsDatanodeService.java:start(217)) - HddsDatanodeService host:f2122719ba2e ip:172.17.0.2
2020-11-20 13:30:40,488 [Listener at 127.0.0.1/12948] INFO  volume.HddsVolume (HddsVolume.java:<init>(176)) - Creating Volume: /github/workspace/mnt/ozone/hadoop-ozone/integration-test/target/test-dir/MiniOzoneClusterImpl-88510e19-ed2c-49d7-b179-50c179883a6e/datanode-1/data-0/containers/hdds of storage type : DISK and capacity : 9223372036854775807
2020-11-20 13:30:40,488 [Listener at 127.0.0.1/12948] INFO  volume.MutableVolumeSet (MutableVolumeSet.java:initializeVolumeSet(179)) - Added Volume : /github/workspace/mnt/ozone/hadoop-ozone/integration-test/target/test-dir/MiniOzoneClusterImpl-88510e19-ed2c-49d7-b179-50c179883a6e/datanode-1/data-0/containers/hdds to VolumeSet
2020-11-20 13:30:40,488 [Listener at 127.0.0.1/12948] INFO  volume.ThrottledAsyncChecker (ThrottledAsyncChecker.java:schedule(141)) - Scheduling a check for /github/workspace/mnt/ozone/hadoop-ozone/integration-test/target/test-dir/MiniOzoneClusterImpl-88510e19-ed2c-49d7-b179-50c179883a6e/datanode-1/data-0/containers/hdds
2020-11-20 13:30:40,497 [Listener at 127.0.0.1/12948] INFO  volume.HddsVolumeChecker (HddsVolumeChecker.java:checkAllVolumes(200)) - Scheduled health check for volume /github/workspace/mnt/ozone/hadoop-ozone/integration-test/target/test-dir/MiniOzoneClusterImpl-88510e19-ed2c-49d7-b179-50c179883a6e/datanode-1/data-0/containers/hdds
2020-11-20 13:30:40,522 [Thread-137] INFO  impl.FollowerState (FollowerState.java:run(108)) - omNode-2@group-523986131536-FollowerState: change to CANDIDATE, lastRpcTime:1085ms, electionTimeout:1077ms
2020-11-20 13:30:40,545 [Thread-137] INFO  impl.RoleInfo (RoleInfo.java:shutdownFollowerState(121)) - omNode-2: shutdown FollowerState
2020-11-20 13:30:40,545 [Thread-137] INFO  impl.RaftServerImpl (RaftServerImpl.java:setRole(198)) - omNode-2@group-523986131536: changes role from  FOLLOWER to CANDIDATE at term 0 for changeToCandidate
2020-11-20 13:30:40,554 [Thread-137] INFO  impl.RoleInfo (RoleInfo.java:updateAndGet(143)) - omNode-2: start LeaderElection
2020-11-20 13:30:40,545 [Thread-220] INFO  ozoneimpl.ContainerReader (ContainerReader.java:readVolume(123)) - Start to verify containers on volume /github/workspace/mnt/ozone/hadoop-ozone/integration-test/target/test-dir/MiniOzoneClusterImpl-88510e19-ed2c-49d7-b179-50c179883a6e/datanode-1/data-0/containers/hdds
2020-11-20 13:30:40,555 [Thread-220] INFO  ozoneimpl.ContainerReader (ContainerReader.java:readVolume(148)) - Finish verifying containers on volume /github/workspace/mnt/ozone/hadoop-ozone/integration-test/target/test-dir/MiniOzoneClusterImpl-88510e19-ed2c-49d7-b179-50c179883a6e/datanode-1/data-0/containers/hdds
2020-11-20 13:30:40,555 [Listener at 127.0.0.1/12948] INFO  ozoneimpl.OzoneContainer (OzoneContainer.java:buildContainerSet(194)) - Build ContainerSet costs 0s
2020-11-20 13:30:40,558 [Listener at 127.0.0.1/12948] INFO  impl.RaftServerProxy (ConfUtils.java:logGet(44)) - raft.rpc.type = GRPC (default)
2020-11-20 13:30:40,558 [Listener at 127.0.0.1/12948] INFO  grpc.GrpcFactory (GrpcFactory.java:checkPooledByteBufAllocatorUseCacheForAllThreads(45)) - PERFORMANCE WARNING: useCacheForAllThreads is true that may cause Netty to create a lot garbage objects and, as a result, trigger GC.
	It is recommended to disable useCacheForAllThreads by setting -Dorg.apache.ratis.thirdparty.io.netty.allocator.useCacheForAllThreads=false in command line.
2020-11-20 13:30:40,558 [Listener at 127.0.0.1/12948] INFO  grpc.GrpcConfigKeys (ConfUtils.java:logGet(44)) - raft.grpc.server.port = 0 (default)
2020-11-20 13:30:40,558 [Listener at 127.0.0.1/12948] INFO  server.GrpcService (ConfUtils.java:logGet(44)) - raft.grpc.message.size.max = 32MB (=33554432) (custom)
2020-11-20 13:30:40,559 [Listener at 127.0.0.1/12948] INFO  server.RaftServerConfigKeys (ConfUtils.java:logGet(44)) - raft.server.log.appender.buffer.byte-limit = 33554432 (custom)
2020-11-20 13:30:40,559 [Listener at 127.0.0.1/12948] INFO  server.GrpcService (ConfUtils.java:logGet(44)) - raft.grpc.flow.control.window = 5MB (=5242880) (custom)
2020-11-20 13:30:40,559 [Listener at 127.0.0.1/12948] INFO  server.RaftServerConfigKeys (ConfUtils.java:logGet(44)) - raft.server.rpc.request.timeout = 60s (custom)
2020-11-20 13:30:40,560 [Listener at 127.0.0.1/12948] INFO  server.RaftServerConfigKeys (ConfUtils.java:logGet(44)) - raft.server.storage.dir = [/github/workspace/mnt/ozone/hadoop-ozone/integration-test/target/test-dir/MiniOzoneClusterImpl-88510e19-ed2c-49d7-b179-50c179883a6e/datanode-1/data/ratis] (custom)
2020-11-20 13:30:40,598 [org.apache.hadoop.util.JvmPauseMonitor$Monitor@604a673e] INFO  util.JvmPauseMonitor (JvmPauseMonitor.java:run(188)) - Starting JVM pause monitor
2020-11-20 13:30:40,603 [Listener at 127.0.0.1/12948] INFO  http.BaseHttpServer (BaseHttpServer.java:newHttpServer2BuilderForOzone(207)) - Starting Web-server for hddsDatanode at: http://0.0.0.0:0
2020-11-20 13:30:40,603 [Listener at 127.0.0.1/12948] INFO  http.BaseHttpServer (BaseHttpServer.java:<init>(106)) - Hadoop Security Enabled: false Ozone Security Enabled: false Ozone HTTP Security Enabled: false 
2020-11-20 13:30:40,604 [Listener at 127.0.0.1/12948] INFO  server.AuthenticationFilter (AuthenticationFilter.java:constructSecretProvider(240)) - Unable to initialize FileSignerSecretProvider, falling back to use random secrets.
2020-11-20 13:30:40,612 [Listener at 127.0.0.1/12948] WARN  http.HttpRequestLog (HttpRequestLog.java:getRequestLog(103)) - Jetty request log can only be enabled using Log4j
2020-11-20 13:30:40,621 [Listener at 127.0.0.1/12948] INFO  http.HttpServer2 (HttpServer2.java:addGlobalFilter(1019)) - Added global filter 'safety' (class=org.apache.hadoop.hdds.server.http.HttpServer2$QuotingInputFilter)
2020-11-20 13:30:40,622 [Listener at 127.0.0.1/12948] INFO  http.HttpServer2 (HttpServer2.java:addFilter(995)) - Added filter static_user_filter (class=org.apache.hadoop.http.lib.StaticUserWebFilter$StaticUserFilter) to context hddsDatanode
2020-11-20 13:30:40,622 [Listener at 127.0.0.1/12948] INFO  http.HttpServer2 (HttpServer2.java:addFilter(1003)) - Added filter static_user_filter (class=org.apache.hadoop.http.lib.StaticUserWebFilter$StaticUserFilter) to context logs
2020-11-20 13:30:40,622 [Listener at 127.0.0.1/12948] INFO  http.HttpServer2 (HttpServer2.java:addFilter(1003)) - Added filter static_user_filter (class=org.apache.hadoop.http.lib.StaticUserWebFilter$StaticUserFilter) to context static
2020-11-20 13:30:40,622 [Listener at 127.0.0.1/12948] INFO  http.HttpServer2 (HttpServer2.java:bindListener(1237)) - Jetty bound to port 36015
2020-11-20 13:30:40,623 [Listener at 127.0.0.1/12948] INFO  server.Server (Server.java:doStart(375)) - jetty-9.4.34.v20201102; built: 2020-11-02T14:15:39.302Z; git: e46af88704a893fc12cb0e3bf46e2c7b48a009e7; jvm 1.8.0_232-b09
2020-11-20 13:30:40,598 [omNode-2@group-523986131536-LeaderElection2] INFO  impl.LeaderElection (LeaderElection.java:askForVotes(210)) - omNode-2@group-523986131536-LeaderElection2: begin an election at term 1 for -1: [omNode-3:localhost:12952:0, omNode-1:localhost:12940:0, omNode-2:localhost:12946:0], old=null
2020-11-20 13:30:40,658 [Listener at 127.0.0.1/12948] INFO  server.session (DefaultSessionIdManager.java:doStart(334)) - DefaultSessionIdManager workerName=node0
2020-11-20 13:30:40,659 [Listener at 127.0.0.1/12948] INFO  server.session (DefaultSessionIdManager.java:doStart(339)) - No SessionScavenger set, using defaults
2020-11-20 13:30:40,659 [Listener at 127.0.0.1/12948] INFO  server.session (HouseKeeper.java:startScavenging(132)) - node0 Scavenging every 600000ms
2020-11-20 13:30:40,660 [Listener at 127.0.0.1/12948] INFO  handler.ContextHandler (ContextHandler.java:doStart(916)) - Started o.e.j.s.ServletContextHandler@399ccc08{logs,/logs,file:///github/workspace/mnt/ozone/hadoop-ozone/integration-test/target/log,AVAILABLE}
2020-11-20 13:30:40,660 [Listener at 127.0.0.1/12948] INFO  handler.ContextHandler (ContextHandler.java:doStart(916)) - Started o.e.j.s.ServletContextHandler@6fd53821{static,/static,jar:file:/home/user/.m2/repository/org/apache/hadoop/hadoop-hdds-container-service/1.1.0-SNAPSHOT/hadoop-hdds-container-service-1.1.0-SNAPSHOT.jar!/webapps/static,AVAILABLE}
2020-11-20 13:30:40,710 [Thread-175] INFO  impl.FollowerState (FollowerState.java:run(108)) - omNode-3@group-523986131536-FollowerState: change to CANDIDATE, lastRpcTime:1073ms, electionTimeout:1030ms
2020-11-20 13:30:40,710 [Thread-175] INFO  impl.RoleInfo (RoleInfo.java:shutdownFollowerState(121)) - omNode-3: shutdown FollowerState
2020-11-20 13:30:40,710 [Thread-175] INFO  impl.RaftServerImpl (RaftServerImpl.java:setRole(198)) - omNode-3@group-523986131536: changes role from  FOLLOWER to CANDIDATE at term 0 for changeToCandidate
2020-11-20 13:30:40,711 [Thread-175] INFO  impl.RoleInfo (RoleInfo.java:updateAndGet(143)) - omNode-3: start LeaderElection
2020-11-20 13:30:40,729 [omNode-3@group-523986131536-LeaderElection3] INFO  impl.LeaderElection (LeaderElection.java:askForVotes(210)) - omNode-3@group-523986131536-LeaderElection3: begin an election at term 1 for -1: [omNode-3:localhost:12952:0, omNode-1:localhost:12940:0, omNode-2:localhost:12946:0], old=null
2020-11-20 13:30:41,082 [Listener at 127.0.0.1/12948] INFO  handler.ContextHandler (ContextHandler.java:doStart(916)) - Started o.e.j.w.WebAppContext@6ad2d6c0{hddsDatanode,/,file:///tmp/jetty-0_0_0_0-36015-hadoop-hdds-container-service-1_1_0-SNAPSHOT_jar-_-any-8598396478337051835/webapp/,AVAILABLE}{jar:file:/home/user/.m2/repository/org/apache/hadoop/hadoop-hdds-container-service/1.1.0-SNAPSHOT/hadoop-hdds-container-service-1.1.0-SNAPSHOT.jar!/webapps/hddsDatanode}
2020-11-20 13:30:41,085 [Datanode State Machine Task Thread - 0] INFO  datanode.InitDatanodeState (InitDatanodeState.java:persistContainerDatanodeDetails(145)) - DatanodeDetails is persisted to /github/workspace/mnt/ozone/hadoop-ozone/integration-test/target/test-dir/MiniOzoneClusterImpl-88510e19-ed2c-49d7-b179-50c179883a6e/datanode-0/meta/datanode.id
2020-11-20 13:30:41,094 [Listener at 127.0.0.1/12948] INFO  server.AbstractConnector (AbstractConnector.java:doStart(331)) - Started ServerConnector@26ca0fd6{HTTP/1.1, (http/1.1)}{0.0.0.0:36015}
2020-11-20 13:30:41,094 [Listener at 127.0.0.1/12948] INFO  server.Server (Server.java:doStart(415)) - Started @6741ms
2020-11-20 13:30:41,094 [Listener at 127.0.0.1/12948] WARN  impl.MetricsSystemImpl (MetricsSystemImpl.java:register(276)) - Sink prometheus already exists!
2020-11-20 13:30:41,098 [Listener at 127.0.0.1/12948] INFO  http.BaseHttpServer (BaseHttpServer.java:updateConnectorAddress(327)) - HTTP server of hddsDatanode listening at http://0.0.0.0:36015
2020-11-20 13:30:41,100 [Listener at 127.0.0.1/12948] INFO  impl.MetricsSystemImpl (MetricsSystemImpl.java:init(158)) - HddsDatanode metrics system started (again)
2020-11-20 13:30:41,103 [grpc-default-executor-0] INFO  metrics.RatisMetrics (RatisMetrics.java:lambda$create$0(36)) - Creating Metrics Registry : ratis.server_message_metrics.omNode-2
2020-11-20 13:30:41,105 [grpc-default-executor-3] INFO  metrics.RatisMetrics (RatisMetrics.java:lambda$create$0(36)) - Creating Metrics Registry : ratis.server_message_metrics.omNode-1
2020-11-20 13:30:41,106 [Listener at 127.0.0.1/12948] INFO  ozone.HddsDatanodeService (HddsDatanodeService.java:start(217)) - HddsDatanodeService host:f2122719ba2e ip:172.17.0.2
2020-11-20 13:30:41,106 [grpc-default-executor-4] INFO  metrics.RatisMetrics (RatisMetrics.java:lambda$create$0(36)) - Creating Metrics Registry : ratis.server_message_metrics.omNode-3
2020-11-20 13:30:41,108 [Listener at 127.0.0.1/12948] INFO  volume.HddsVolume (HddsVolume.java:<init>(176)) - Creating Volume: /github/workspace/mnt/ozone/hadoop-ozone/integration-test/target/test-dir/MiniOzoneClusterImpl-88510e19-ed2c-49d7-b179-50c179883a6e/datanode-2/data-0/containers/hdds of storage type : DISK and capacity : 9223372036854775807
2020-11-20 13:30:41,108 [Listener at 127.0.0.1/12948] INFO  volume.MutableVolumeSet (MutableVolumeSet.java:initializeVolumeSet(179)) - Added Volume : /github/workspace/mnt/ozone/hadoop-ozone/integration-test/target/test-dir/MiniOzoneClusterImpl-88510e19-ed2c-49d7-b179-50c179883a6e/datanode-2/data-0/containers/hdds to VolumeSet
2020-11-20 13:30:41,109 [Listener at 127.0.0.1/12948] INFO  volume.ThrottledAsyncChecker (ThrottledAsyncChecker.java:schedule(141)) - Scheduling a check for /github/workspace/mnt/ozone/hadoop-ozone/integration-test/target/test-dir/MiniOzoneClusterImpl-88510e19-ed2c-49d7-b179-50c179883a6e/datanode-2/data-0/containers/hdds
2020-11-20 13:30:41,118 [Listener at 127.0.0.1/12948] INFO  volume.HddsVolumeChecker (HddsVolumeChecker.java:checkAllVolumes(200)) - Scheduled health check for volume /github/workspace/mnt/ozone/hadoop-ozone/integration-test/target/test-dir/MiniOzoneClusterImpl-88510e19-ed2c-49d7-b179-50c179883a6e/datanode-2/data-0/containers/hdds
2020-11-20 13:30:41,166 [Thread-237] INFO  ozoneimpl.ContainerReader (ContainerReader.java:readVolume(123)) - Start to verify containers on volume /github/workspace/mnt/ozone/hadoop-ozone/integration-test/target/test-dir/MiniOzoneClusterImpl-88510e19-ed2c-49d7-b179-50c179883a6e/datanode-2/data-0/containers/hdds
2020-11-20 13:30:41,166 [Thread-237] INFO  ozoneimpl.ContainerReader (ContainerReader.java:readVolume(148)) - Finish verifying containers on volume /github/workspace/mnt/ozone/hadoop-ozone/integration-test/target/test-dir/MiniOzoneClusterImpl-88510e19-ed2c-49d7-b179-50c179883a6e/datanode-2/data-0/containers/hdds
2020-11-20 13:30:41,166 [Listener at 127.0.0.1/12948] INFO  ozoneimpl.OzoneContainer (OzoneContainer.java:buildContainerSet(194)) - Build ContainerSet costs 0s
2020-11-20 13:30:41,174 [org.apache.hadoop.util.JvmPauseMonitor$Monitor@3cfe4bcf] INFO  util.JvmPauseMonitor (JvmPauseMonitor.java:run(188)) - Starting JVM pause monitor
2020-11-20 13:30:41,176 [Listener at 127.0.0.1/12948] INFO  impl.RaftServerProxy (ConfUtils.java:logGet(44)) - raft.rpc.type = GRPC (default)
2020-11-20 13:30:41,176 [Listener at 127.0.0.1/12948] INFO  grpc.GrpcFactory (GrpcFactory.java:checkPooledByteBufAllocatorUseCacheForAllThreads(45)) - PERFORMANCE WARNING: useCacheForAllThreads is true that may cause Netty to create a lot garbage objects and, as a result, trigger GC.
	It is recommended to disable useCacheForAllThreads by setting -Dorg.apache.ratis.thirdparty.io.netty.allocator.useCacheForAllThreads=false in command line.
2020-11-20 13:30:41,177 [Listener at 127.0.0.1/12948] INFO  grpc.GrpcConfigKeys (ConfUtils.java:logGet(44)) - raft.grpc.server.port = 0 (default)
2020-11-20 13:30:41,182 [Listener at 127.0.0.1/12948] INFO  server.GrpcService (ConfUtils.java:logGet(44)) - raft.grpc.message.size.max = 32MB (=33554432) (custom)
2020-11-20 13:30:41,182 [Listener at 127.0.0.1/12948] INFO  server.RaftServerConfigKeys (ConfUtils.java:logGet(44)) - raft.server.log.appender.buffer.byte-limit = 33554432 (custom)
2020-11-20 13:30:41,183 [Listener at 127.0.0.1/12948] INFO  server.GrpcService (ConfUtils.java:logGet(44)) - raft.grpc.flow.control.window = 5MB (=5242880) (custom)
2020-11-20 13:30:41,183 [Listener at 127.0.0.1/12948] INFO  server.RaftServerConfigKeys (ConfUtils.java:logGet(44)) - raft.server.rpc.request.timeout = 60s (custom)
2020-11-20 13:30:41,187 [Listener at 127.0.0.1/12948] INFO  server.RaftServerConfigKeys (ConfUtils.java:logGet(44)) - raft.server.storage.dir = [/github/workspace/mnt/ozone/hadoop-ozone/integration-test/target/test-dir/MiniOzoneClusterImpl-88510e19-ed2c-49d7-b179-50c179883a6e/datanode-2/data/ratis] (custom)
2020-11-20 13:30:41,197 [omNode-2@group-523986131536-LeaderElection2] INFO  impl.LeaderElection (LeaderElection.java:logAndReturn(62)) - omNode-2@group-523986131536-LeaderElection2: Election REJECTED; received 2 response(s) [omNode-2<-omNode-3#0:FAIL-t1, omNode-2<-omNode-1#0:FAIL-t1] and 0 exception(s); omNode-2@group-523986131536:t1, leader=null, voted=omNode-2, raftlog=omNode-2@group-523986131536-SegmentedRaftLog:OPENED:c-1,f-1,i0, conf=-1: [omNode-3:localhost:12952:0, omNode-1:localhost:12940:0, omNode-2:localhost:12946:0], old=null
2020-11-20 13:30:41,199 [omNode-2@group-523986131536-LeaderElection2] INFO  impl.RaftServerImpl (RaftServerImpl.java:setRole(198)) - omNode-2@group-523986131536: changes role from CANDIDATE to FOLLOWER at term 1 for DISCOVERED_A_NEW_TERM
2020-11-20 13:30:41,199 [omNode-2@group-523986131536-LeaderElection2] INFO  impl.RoleInfo (RoleInfo.java:shutdownLeaderElection(134)) - omNode-2: shutdown LeaderElection
2020-11-20 13:30:41,200 [omNode-2@group-523986131536-LeaderElection2] INFO  impl.RoleInfo (RoleInfo.java:updateAndGet(143)) - omNode-2: start FollowerState
2020-11-20 13:30:41,201 [Listener at 127.0.0.1/12948] INFO  http.BaseHttpServer (BaseHttpServer.java:newHttpServer2BuilderForOzone(207)) - Starting Web-server for hddsDatanode at: http://0.0.0.0:0
2020-11-20 13:30:41,211 [Listener at 127.0.0.1/12948] INFO  http.BaseHttpServer (BaseHttpServer.java:<init>(106)) - Hadoop Security Enabled: false Ozone Security Enabled: false Ozone HTTP Security Enabled: false 
2020-11-20 13:30:41,211 [omNode-3@group-523986131536-LeaderElection3] INFO  impl.LeaderElection (LeaderElection.java:logAndReturn(62)) - omNode-3@group-523986131536-LeaderElection3: Election REJECTED; received 2 response(s) [omNode-3<-omNode-1#0:FAIL-t1, omNode-3<-omNode-2#0:FAIL-t1] and 0 exception(s); omNode-3@group-523986131536:t1, leader=null, voted=omNode-3, raftlog=omNode-3@group-523986131536-SegmentedRaftLog:OPENED:c-1,f-1,i0, conf=-1: [omNode-3:localhost:12952:0, omNode-1:localhost:12940:0, omNode-2:localhost:12946:0], old=null
2020-11-20 13:30:41,212 [omNode-3@group-523986131536-LeaderElection3] INFO  impl.RaftServerImpl (RaftServerImpl.java:setRole(198)) - omNode-3@group-523986131536: changes role from CANDIDATE to FOLLOWER at term 1 for DISCOVERED_A_NEW_TERM
2020-11-20 13:30:41,212 [omNode-3@group-523986131536-LeaderElection3] INFO  impl.RoleInfo (RoleInfo.java:shutdownLeaderElection(134)) - omNode-3: shutdown LeaderElection
2020-11-20 13:30:41,212 [omNode-3@group-523986131536-LeaderElection3] INFO  impl.RoleInfo (RoleInfo.java:updateAndGet(143)) - omNode-3: start FollowerState
2020-11-20 13:30:41,201 [omNode-1@group-523986131536-LeaderElection1] INFO  impl.LeaderElection (LeaderElection.java:logAndReturn(62)) - omNode-1@group-523986131536-LeaderElection1: Election REJECTED; received 2 response(s) [omNode-1<-omNode-3#0:FAIL-t1, omNode-1<-omNode-2#0:FAIL-t1] and 0 exception(s); omNode-1@group-523986131536:t1, leader=null, voted=omNode-1, raftlog=omNode-1@group-523986131536-SegmentedRaftLog:OPENED:c-1,f-1,i0, conf=-1: [omNode-3:localhost:12952:0, omNode-1:localhost:12940:0, omNode-2:localhost:12946:0], old=null
2020-11-20 13:30:41,215 [omNode-1@group-523986131536-LeaderElection1] INFO  impl.RaftServerImpl (RaftServerImpl.java:setRole(198)) - omNode-1@group-523986131536: changes role from CANDIDATE to FOLLOWER at term 1 for DISCOVERED_A_NEW_TERM
2020-11-20 13:30:41,215 [omNode-1@group-523986131536-LeaderElection1] INFO  impl.RoleInfo (RoleInfo.java:shutdownLeaderElection(134)) - omNode-1: shutdown LeaderElection
2020-11-20 13:30:41,215 [omNode-1@group-523986131536-LeaderElection1] INFO  impl.RoleInfo (RoleInfo.java:updateAndGet(143)) - omNode-1: start FollowerState
2020-11-20 13:30:41,213 [Listener at 127.0.0.1/12948] INFO  server.AuthenticationFilter (AuthenticationFilter.java:constructSecretProvider(240)) - Unable to initialize FileSignerSecretProvider, falling back to use random secrets.
2020-11-20 13:30:41,227 [Listener at 127.0.0.1/12948] WARN  http.HttpRequestLog (HttpRequestLog.java:getRequestLog(103)) - Jetty request log can only be enabled using Log4j
2020-11-20 13:30:41,228 [Listener at 127.0.0.1/12948] INFO  http.HttpServer2 (HttpServer2.java:addGlobalFilter(1019)) - Added global filter 'safety' (class=org.apache.hadoop.hdds.server.http.HttpServer2$QuotingInputFilter)
2020-11-20 13:30:41,229 [Listener at 127.0.0.1/12948] INFO  http.HttpServer2 (HttpServer2.java:addFilter(995)) - Added filter static_user_filter (class=org.apache.hadoop.http.lib.StaticUserWebFilter$StaticUserFilter) to context hddsDatanode
2020-11-20 13:30:41,229 [Listener at 127.0.0.1/12948] INFO  http.HttpServer2 (HttpServer2.java:addFilter(1003)) - Added filter static_user_filter (class=org.apache.hadoop.http.lib.StaticUserWebFilter$StaticUserFilter) to context logs
2020-11-20 13:30:41,229 [Listener at 127.0.0.1/12948] INFO  http.HttpServer2 (HttpServer2.java:addFilter(1003)) - Added filter static_user_filter (class=org.apache.hadoop.http.lib.StaticUserWebFilter$StaticUserFilter) to context static
2020-11-20 13:30:41,229 [Listener at 127.0.0.1/12948] INFO  http.HttpServer2 (HttpServer2.java:bindListener(1237)) - Jetty bound to port 45521
2020-11-20 13:30:41,230 [Listener at 127.0.0.1/12948] INFO  server.Server (Server.java:doStart(375)) - jetty-9.4.34.v20201102; built: 2020-11-02T14:15:39.302Z; git: e46af88704a893fc12cb0e3bf46e2c7b48a009e7; jvm 1.8.0_232-b09
2020-11-20 13:30:41,234 [Listener at 127.0.0.1/12948] INFO  server.session (DefaultSessionIdManager.java:doStart(334)) - DefaultSessionIdManager workerName=node0
2020-11-20 13:30:41,234 [Listener at 127.0.0.1/12948] INFO  server.session (DefaultSessionIdManager.java:doStart(339)) - No SessionScavenger set, using defaults
2020-11-20 13:30:41,234 [Listener at 127.0.0.1/12948] INFO  server.session (HouseKeeper.java:startScavenging(132)) - node0 Scavenging every 660000ms
2020-11-20 13:30:41,236 [Listener at 127.0.0.1/12948] INFO  handler.ContextHandler (ContextHandler.java:doStart(916)) - Started o.e.j.s.ServletContextHandler@541d1ccf{logs,/logs,file:///github/workspace/mnt/ozone/hadoop-ozone/integration-test/target/log,AVAILABLE}
2020-11-20 13:30:41,237 [Listener at 127.0.0.1/12948] INFO  handler.ContextHandler (ContextHandler.java:doStart(916)) - Started o.e.j.s.ServletContextHandler@67d8c0cf{static,/static,jar:file:/home/user/.m2/repository/org/apache/hadoop/hadoop-hdds-container-service/1.1.0-SNAPSHOT/hadoop-hdds-container-service-1.1.0-SNAPSHOT.jar!/webapps/static,AVAILABLE}
2020-11-20 13:30:41,255 [Datanode State Machine Task Thread - 0] INFO  datanode.InitDatanodeState (InitDatanodeState.java:persistContainerDatanodeDetails(145)) - DatanodeDetails is persisted to /github/workspace/mnt/ozone/hadoop-ozone/integration-test/target/test-dir/MiniOzoneClusterImpl-88510e19-ed2c-49d7-b179-50c179883a6e/datanode-1/meta/datanode.id
2020-11-20 13:30:41,382 [Listener at 127.0.0.1/12948] INFO  handler.ContextHandler (ContextHandler.java:doStart(916)) - Started o.e.j.w.WebAppContext@317be95c{hddsDatanode,/,file:///tmp/jetty-0_0_0_0-45521-hadoop-hdds-container-service-1_1_0-SNAPSHOT_jar-_-any-2902563581088478010/webapp/,AVAILABLE}{jar:file:/home/user/.m2/repository/org/apache/hadoop/hadoop-hdds-container-service/1.1.0-SNAPSHOT/hadoop-hdds-container-service-1.1.0-SNAPSHOT.jar!/webapps/hddsDatanode}
2020-11-20 13:30:41,383 [Listener at 127.0.0.1/12948] INFO  server.AbstractConnector (AbstractConnector.java:doStart(331)) - Started ServerConnector@21668bc8{HTTP/1.1, (http/1.1)}{0.0.0.0:45521}
2020-11-20 13:30:41,384 [Listener at 127.0.0.1/12948] INFO  server.Server (Server.java:doStart(415)) - Started @7030ms
2020-11-20 13:30:41,384 [Listener at 127.0.0.1/12948] WARN  impl.MetricsSystemImpl (MetricsSystemImpl.java:register(276)) - Sink prometheus already exists!
2020-11-20 13:30:41,387 [Listener at 127.0.0.1/12948] INFO  http.BaseHttpServer (BaseHttpServer.java:updateConnectorAddress(327)) - HTTP server of hddsDatanode listening at http://0.0.0.0:45521
2020-11-20 13:30:41,388 [Listener at 127.0.0.1/12948] INFO  ozone.MiniOzoneClusterImpl (MiniOzoneClusterImpl.java:lambda$waitForClusterToBeReady$0(178)) - Waiting for nodes to be ready. Got 0 of 3 DN Heartbeats.
2020-11-20 13:30:41,389 [Listener at 127.0.0.1/12948] INFO  ozone.MiniOzoneClusterImpl (MiniOzoneClusterImpl.java:lambda$waitForClusterToBeReady$0(181)) - Waiting for cluster to exit safe mode
2020-11-20 13:30:41,402 [org.apache.hadoop.util.JvmPauseMonitor$Monitor@2edd4148] INFO  util.JvmPauseMonitor (JvmPauseMonitor.java:run(188)) - Starting JVM pause monitor
2020-11-20 13:30:41,406 [Datanode State Machine Task Thread - 0] INFO  datanode.InitDatanodeState (InitDatanodeState.java:persistContainerDatanodeDetails(145)) - DatanodeDetails is persisted to /github/workspace/mnt/ozone/hadoop-ozone/integration-test/target/test-dir/MiniOzoneClusterImpl-88510e19-ed2c-49d7-b179-50c179883a6e/datanode-2/meta/datanode.id
2020-11-20 13:30:42,281 [Thread-241] INFO  impl.FollowerState (FollowerState.java:run(108)) - omNode-3@group-523986131536-FollowerState: change to CANDIDATE, lastRpcTime:1069ms, electionTimeout:1067ms
2020-11-20 13:30:42,281 [Thread-241] INFO  impl.RoleInfo (RoleInfo.java:shutdownFollowerState(121)) - omNode-3: shutdown FollowerState
2020-11-20 13:30:42,281 [Thread-241] INFO  impl.RaftServerImpl (RaftServerImpl.java:setRole(198)) - omNode-3@group-523986131536: changes role from  FOLLOWER to CANDIDATE at term 1 for changeToCandidate
2020-11-20 13:30:42,284 [Thread-241] INFO  impl.RoleInfo (RoleInfo.java:updateAndGet(143)) - omNode-3: start LeaderElection
2020-11-20 13:30:42,294 [omNode-3@group-523986131536-LeaderElection4] INFO  impl.LeaderElection (LeaderElection.java:askForVotes(210)) - omNode-3@group-523986131536-LeaderElection4: begin an election at term 2 for -1: [omNode-3:localhost:12952:0, omNode-1:localhost:12940:0, omNode-2:localhost:12946:0], old=null
2020-11-20 13:30:42,300 [grpc-default-executor-0] INFO  impl.RaftServerImpl (RaftServerImpl.java:setRole(198)) - omNode-2@group-523986131536: changes role from  FOLLOWER to FOLLOWER at term 2 for recognizeCandidate:omNode-3
2020-11-20 13:30:42,301 [grpc-default-executor-0] INFO  impl.RoleInfo (RoleInfo.java:shutdownFollowerState(121)) - omNode-2: shutdown FollowerState
2020-11-20 13:30:42,301 [grpc-default-executor-0] INFO  impl.RoleInfo (RoleInfo.java:updateAndGet(143)) - omNode-2: start FollowerState
2020-11-20 13:30:42,301 [Thread-240] INFO  impl.FollowerState (FollowerState.java:run(117)) - omNode-2@group-523986131536-FollowerState was interrupted: java.lang.InterruptedException: sleep interrupted
2020-11-20 13:30:42,306 [grpc-default-executor-0] INFO  impl.RaftServerImpl (RaftServerImpl.java:requestVote(923)) -  FOLLOWER omNode-2@group-523986131536:t2, leader=null, voted=null, raftlog=omNode-2@group-523986131536-SegmentedRaftLog:OPENED:c-1,f-1,i0, conf=-1: [omNode-3:localhost:12952:0, omNode-1:localhost:12940:0, omNode-2:localhost:12946:0], old=null RUNNING priority:0 candidate:omNode-3:localhost:12952:0 candidatePriority:0 compare:0
2020-11-20 13:30:42,307 [grpc-default-executor-5] INFO  impl.RaftServerImpl (RaftServerImpl.java:setRole(198)) - omNode-1@group-523986131536: changes role from  FOLLOWER to FOLLOWER at term 2 for recognizeCandidate:omNode-3
2020-11-20 13:30:42,307 [grpc-default-executor-5] INFO  impl.RoleInfo (RoleInfo.java:shutdownFollowerState(121)) - omNode-1: shutdown FollowerState
2020-11-20 13:30:42,307 [grpc-default-executor-5] INFO  impl.RoleInfo (RoleInfo.java:updateAndGet(143)) - omNode-1: start FollowerState
2020-11-20 13:30:42,307 [Thread-242] INFO  impl.FollowerState (FollowerState.java:run(117)) - omNode-1@group-523986131536-FollowerState was interrupted: java.lang.InterruptedException: sleep interrupted
2020-11-20 13:30:42,314 [grpc-default-executor-5] INFO  impl.RaftServerImpl (RaftServerImpl.java:requestVote(923)) -  FOLLOWER omNode-1@group-523986131536:t2, leader=null, voted=null, raftlog=omNode-1@group-523986131536-SegmentedRaftLog:OPENED:c-1,f-1,i0, conf=-1: [omNode-3:localhost:12952:0, omNode-1:localhost:12940:0, omNode-2:localhost:12946:0], old=null RUNNING priority:0 candidate:omNode-3:localhost:12952:0 candidatePriority:0 compare:0
2020-11-20 13:30:42,321 [omNode-3@group-523986131536-LeaderElection4] INFO  impl.LeaderElection (LeaderElection.java:logAndReturn(62)) - omNode-3@group-523986131536-LeaderElection4: Election PASSED; received 1 response(s) [omNode-3<-omNode-2#0:OK-t2] and 0 exception(s); omNode-3@group-523986131536:t2, leader=null, voted=omNode-3, raftlog=omNode-3@group-523986131536-SegmentedRaftLog:OPENED:c-1,f-1,i0, conf=-1: [omNode-3:localhost:12952:0, omNode-1:localhost:12940:0, omNode-2:localhost:12946:0], old=null
2020-11-20 13:30:42,321 [omNode-3@group-523986131536-LeaderElection4] INFO  impl.RoleInfo (RoleInfo.java:shutdownLeaderElection(134)) - omNode-3: shutdown LeaderElection
2020-11-20 13:30:42,321 [omNode-3@group-523986131536-LeaderElection4] INFO  impl.RaftServerImpl (RaftServerImpl.java:setRole(198)) - omNode-3@group-523986131536: changes role from CANDIDATE to LEADER at term 2 for changeToLeader
2020-11-20 13:30:42,322 [omNode-3@group-523986131536-LeaderElection4] INFO  impl.RaftServerImpl (ServerState.java:setLeader(256)) - omNode-3@group-523986131536: change Leader from null to omNode-3 at term 2 for becomeLeader, leader elected after 2706ms
2020-11-20 13:30:42,325 [omNode-3@group-523986131536-LeaderElection4] INFO  server.RaftServerConfigKeys (ConfUtils.java:logGet(44)) - raft.server.staging.catchup.gap = 1000 (default)
2020-11-20 13:30:42,325 [omNode-3@group-523986131536-LeaderElection4] INFO  server.RaftServerConfigKeys (ConfUtils.java:logGet(44)) - raft.server.rpc.sleep.time = 25ms (default)
2020-11-20 13:30:42,329 [omNode-3@group-523986131536-LeaderElection4] INFO  metrics.RatisMetrics (RatisMetrics.java:lambda$create$0(36)) - Creating Metrics Registry : ratis.log_appender.omNode-3@group-523986131536
2020-11-20 13:30:42,331 [omNode-3@group-523986131536-LeaderElection4] INFO  server.RaftServerConfigKeys (ConfUtils.java:logGet(44)) - raft.server.write.element-limit = 4096 (default)
2020-11-20 13:30:42,331 [omNode-3@group-523986131536-LeaderElection4] INFO  server.RaftServerConfigKeys (ConfUtils.java:logGet(44)) - raft.server.write.byte-limit = 64MB (=67108864) (default)
2020-11-20 13:30:42,338 [omNode-3@group-523986131536-LeaderElection4] INFO  server.RaftServerConfigKeys (ConfUtils.java:logGet(44)) - raft.server.watch.timeout = 10s (default)
2020-11-20 13:30:42,338 [omNode-3@group-523986131536-LeaderElection4] INFO  server.RaftServerConfigKeys (ConfUtils.java:logGet(44)) - raft.server.watch.timeout.denomination = 1s (default)
2020-11-20 13:30:42,339 [omNode-3@group-523986131536-LeaderElection4] INFO  server.RaftServerConfigKeys (ConfUtils.java:logGet(44)) - raft.server.watch.element-limit = 65536 (default)
2020-11-20 13:30:42,346 [omNode-3@group-523986131536-LeaderElection4] INFO  server.RaftServerConfigKeys (ConfUtils.java:logGet(44)) - raft.server.log.appender.snapshot.chunk.size.max = 16MB (=16777216) (default)
2020-11-20 13:30:42,347 [omNode-3@group-523986131536-LeaderElection4] INFO  server.RaftServerConfigKeys (ConfUtils.java:logGet(44)) - raft.server.log.appender.buffer.byte-limit = 33554432 (custom)
2020-11-20 13:30:42,347 [omNode-3@group-523986131536-LeaderElection4] INFO  server.RaftServerConfigKeys (ConfUtils.java:logGet(44)) - raft.server.log.appender.buffer.element-limit = 1024 (custom)
2020-11-20 13:30:42,350 [omNode-3@group-523986131536-LeaderElection4] INFO  grpc.GrpcConfigKeys (ConfUtils.java:logGet(44)) - raft.grpc.server.leader.outstanding.appends.max = 128 (default)
2020-11-20 13:30:42,350 [omNode-3@group-523986131536-LeaderElection4] INFO  server.RaftServerConfigKeys (ConfUtils.java:logGet(44)) - raft.server.rpc.request.timeout = 3000ms (default)
2020-11-20 13:30:42,350 [omNode-3@group-523986131536-LeaderElection4] INFO  server.RaftServerConfigKeys (ConfUtils.java:logGet(44)) - raft.server.log.appender.install.snapshot.enabled = false (custom)
2020-11-20 13:30:42,351 [omNode-3@group-523986131536-LeaderElection4] INFO  metrics.RatisMetrics (RatisMetrics.java:lambda$create$0(36)) - Creating Metrics Registry : ratis_grpc.log_appender.omNode-3@group-523986131536
2020-11-20 13:30:42,355 [omNode-3@group-523986131536-LeaderElection4] INFO  server.RaftServerConfigKeys (ConfUtils.java:logGet(44)) - raft.server.log.appender.snapshot.chunk.size.max = 16MB (=16777216) (default)
2020-11-20 13:30:42,355 [omNode-3@group-523986131536-LeaderElection4] INFO  server.RaftServerConfigKeys (ConfUtils.java:logGet(44)) - raft.server.log.appender.buffer.byte-limit = 33554432 (custom)
2020-11-20 13:30:42,355 [omNode-3@group-523986131536-LeaderElection4] INFO  server.RaftServerConfigKeys (ConfUtils.java:logGet(44)) - raft.server.log.appender.buffer.element-limit = 1024 (custom)
2020-11-20 13:30:42,355 [omNode-3@group-523986131536-LeaderElection4] INFO  grpc.GrpcConfigKeys (ConfUtils.java:logGet(44)) - raft.grpc.server.leader.outstanding.appends.max = 128 (default)
2020-11-20 13:30:42,355 [omNode-3@group-523986131536-LeaderElection4] INFO  server.RaftServerConfigKeys (ConfUtils.java:logGet(44)) - raft.server.rpc.request.timeout = 3000ms (default)
2020-11-20 13:30:42,355 [omNode-3@group-523986131536-LeaderElection4] INFO  server.RaftServerConfigKeys (ConfUtils.java:logGet(44)) - raft.server.log.appender.install.snapshot.enabled = false (custom)
2020-11-20 13:30:42,360 [omNode-3@group-523986131536-LeaderElection4] INFO  impl.RoleInfo (RoleInfo.java:updateAndGet(143)) - omNode-3: start LeaderState
2020-11-20 13:30:42,389 [Listener at 127.0.0.1/12948] INFO  ozone.MiniOzoneClusterImpl (MiniOzoneClusterImpl.java:lambda$waitForClusterToBeReady$0(178)) - Waiting for nodes to be ready. Got 0 of 3 DN Heartbeats.
2020-11-20 13:30:42,389 [Listener at 127.0.0.1/12948] INFO  ozone.MiniOzoneClusterImpl (MiniOzoneClusterImpl.java:lambda$waitForClusterToBeReady$0(181)) - Waiting for cluster to exit safe mode
2020-11-20 13:30:42,391 [omNode-3@group-523986131536-LeaderElection4] INFO  segmented.SegmentedRaftLogWorker (SegmentedRaftLogWorker.java:startLogSegment(397)) - omNode-3@group-523986131536-SegmentedRaftLogWorker: Starting segment from index:0
2020-11-20 13:30:42,439 [omNode-3@group-523986131536-LeaderElection4] INFO  impl.RaftServerImpl (ServerState.java:setRaftConf(374)) - omNode-3@group-523986131536: set configuration 0: [omNode-3:localhost:12952:0, omNode-1:localhost:12940:0, omNode-2:localhost:12946:0], old=null at 0
2020-11-20 13:30:42,470 [grpc-default-executor-5] INFO  impl.RaftServerImpl (ServerState.java:setLeader(256)) - omNode-2@group-523986131536: change Leader from null to omNode-3 at term 2 for appendEntries, leader elected after 3080ms
2020-11-20 13:30:42,476 [grpc-default-executor-0] INFO  impl.RaftServerImpl (ServerState.java:setLeader(256)) - omNode-1@group-523986131536: change Leader from null to omNode-3 at term 2 for appendEntries, leader elected after 3570ms
2020-11-20 13:30:42,489 [grpc-default-executor-5] INFO  impl.RaftServerImpl (ServerState.java:setRaftConf(374)) - omNode-2@group-523986131536: set configuration 0: [omNode-3:localhost:12952:0, omNode-1:localhost:12940:0, omNode-2:localhost:12946:0], old=null at 0
2020-11-20 13:30:42,490 [grpc-default-executor-5] INFO  segmented.SegmentedRaftLogWorker (SegmentedRaftLogWorker.java:startLogSegment(397)) - omNode-2@group-523986131536-SegmentedRaftLogWorker: Starting segment from index:0
2020-11-20 13:30:42,489 [grpc-default-executor-0] INFO  impl.RaftServerImpl (ServerState.java:setRaftConf(374)) - omNode-1@group-523986131536: set configuration 0: [omNode-3:localhost:12952:0, omNode-1:localhost:12940:0, omNode-2:localhost:12946:0], old=null at 0
2020-11-20 13:30:42,493 [grpc-default-executor-0] INFO  segmented.SegmentedRaftLogWorker (SegmentedRaftLogWorker.java:startLogSegment(397)) - omNode-1@group-523986131536-SegmentedRaftLogWorker: Starting segment from index:0
2020-11-20 13:30:42,676 [omNode-3@group-523986131536-SegmentedRaftLogWorker] INFO  segmented.SegmentedRaftLogWorker (SegmentedRaftLogWorker.java:execute(596)) - omNode-3@group-523986131536-SegmentedRaftLogWorker: created new log segment /github/workspace/mnt/ozone/hadoop-ozone/integration-test/target/test-dir/MiniOzoneClusterImpl-88510e19-ed2c-49d7-b179-50c179883a6e/omNode-3/ratis/c9bc4cf4-3bc3-3c60-a66b-523986131536/current/log_inprogress_0
2020-11-20 13:30:42,676 [omNode-2@group-523986131536-SegmentedRaftLogWorker] INFO  segmented.SegmentedRaftLogWorker (SegmentedRaftLogWorker.java:execute(596)) - omNode-2@group-523986131536-SegmentedRaftLogWorker: created new log segment /github/workspace/mnt/ozone/hadoop-ozone/integration-test/target/test-dir/MiniOzoneClusterImpl-88510e19-ed2c-49d7-b179-50c179883a6e/omNode-2/ratis/c9bc4cf4-3bc3-3c60-a66b-523986131536/current/log_inprogress_0
2020-11-20 13:30:42,676 [omNode-1@group-523986131536-SegmentedRaftLogWorker] INFO  segmented.SegmentedRaftLogWorker (SegmentedRaftLogWorker.java:execute(596)) - omNode-1@group-523986131536-SegmentedRaftLogWorker: created new log segment /github/workspace/mnt/ozone/hadoop-ozone/integration-test/target/test-dir/MiniOzoneClusterImpl-88510e19-ed2c-49d7-b179-50c179883a6e/omNode-1/ratis/c9bc4cf4-3bc3-3c60-a66b-523986131536/current/log_inprogress_0
2020-11-20 13:30:42,681 [EndpointStateMachine task thread for /0.0.0.0:45477 - 0 ] INFO  ozoneimpl.OzoneContainer (OzoneContainer.java:start(243)) - Attempting to start container services.
2020-11-20 13:30:42,689 [EndpointStateMachine task thread for /0.0.0.0:45477 - 0 ] INFO  ozoneimpl.OzoneContainer (OzoneContainer.java:startContainerScrub(207)) - Background container scanner has been disabled.
2020-11-20 13:30:42,689 [EndpointStateMachine task thread for /0.0.0.0:45477 - 0 ] INFO  ratis.XceiverServerRatis (XceiverServerRatis.java:start(456)) - Starting XceiverServerRatis 5891ba3b-fbfe-4ac0-a934-62139bd80922 at port 0
2020-11-20 13:30:42,699 [EndpointStateMachine task thread for /0.0.0.0:45477 - 0 ] INFO  impl.RaftServerProxy (RaftServerProxy.java:lambda$start$3(307)) - 5891ba3b-fbfe-4ac0-a934-62139bd80922: start RPC server
2020-11-20 13:30:42,711 [EndpointStateMachine task thread for /0.0.0.0:45477 - 0 ] INFO  server.GrpcService (GrpcService.java:startImpl(177)) - 5891ba3b-fbfe-4ac0-a934-62139bd80922: GrpcService started, listening on 0.0.0.0/0.0.0.0:33561
2020-11-20 13:30:42,711 [EndpointStateMachine task thread for /0.0.0.0:45477 - 0 ] INFO  ratis.XceiverServerRatis (XceiverServerRatis.java:start(468)) - XceiverServerRatis 5891ba3b-fbfe-4ac0-a934-62139bd80922 is started using port 33561
2020-11-20 13:30:42,713 [EndpointStateMachine task thread for /0.0.0.0:45477 - 0 ] INFO  server.XceiverServerGrpc (XceiverServerGrpc.java:start(145)) - XceiverServerGrpc 5891ba3b-fbfe-4ac0-a934-62139bd80922 is started using port 43175
2020-11-20 13:30:43,180 [EndpointStateMachine task thread for /0.0.0.0:45477 - 0 ] INFO  ozoneimpl.OzoneContainer (OzoneContainer.java:start(243)) - Attempting to start container services.
2020-11-20 13:30:43,182 [EndpointStateMachine task thread for /0.0.0.0:45477 - 0 ] INFO  ozoneimpl.OzoneContainer (OzoneContainer.java:startContainerScrub(207)) - Background container scanner has been disabled.
2020-11-20 13:30:43,182 [EndpointStateMachine task thread for /0.0.0.0:45477 - 0 ] INFO  ratis.XceiverServerRatis (XceiverServerRatis.java:start(456)) - Starting XceiverServerRatis f24dc68e-1162-4671-a167-fccf63b21a74 at port 0
2020-11-20 13:30:43,184 [EndpointStateMachine task thread for /0.0.0.0:45477 - 0 ] INFO  impl.RaftServerProxy (RaftServerProxy.java:lambda$start$3(307)) - f24dc68e-1162-4671-a167-fccf63b21a74: start RPC server
2020-11-20 13:30:43,195 [EndpointStateMachine task thread for /0.0.0.0:45477 - 0 ] INFO  server.GrpcService (GrpcService.java:startImpl(177)) - f24dc68e-1162-4671-a167-fccf63b21a74: GrpcService started, listening on 0.0.0.0/0.0.0.0:36891
2020-11-20 13:30:43,195 [EndpointStateMachine task thread for /0.0.0.0:45477 - 0 ] INFO  ratis.XceiverServerRatis (XceiverServerRatis.java:start(468)) - XceiverServerRatis f24dc68e-1162-4671-a167-fccf63b21a74 is started using port 36891
2020-11-20 13:30:43,196 [EndpointStateMachine task thread for /0.0.0.0:45477 - 0 ] INFO  server.XceiverServerGrpc (XceiverServerGrpc.java:start(145)) - XceiverServerGrpc f24dc68e-1162-4671-a167-fccf63b21a74 is started using port 44645
2020-11-20 13:30:43,389 [Listener at 127.0.0.1/12948] INFO  ozone.MiniOzoneClusterImpl (MiniOzoneClusterImpl.java:lambda$waitForClusterToBeReady$0(178)) - Waiting for nodes to be ready. Got 0 of 3 DN Heartbeats.
2020-11-20 13:30:43,389 [Listener at 127.0.0.1/12948] INFO  ozone.MiniOzoneClusterImpl (MiniOzoneClusterImpl.java:lambda$waitForClusterToBeReady$0(181)) - Waiting for cluster to exit safe mode
2020-11-20 13:30:43,407 [EndpointStateMachine task thread for /0.0.0.0:45477 - 0 ] INFO  ozoneimpl.OzoneContainer (OzoneContainer.java:start(243)) - Attempting to start container services.
2020-11-20 13:30:43,408 [EndpointStateMachine task thread for /0.0.0.0:45477 - 0 ] INFO  ozoneimpl.OzoneContainer (OzoneContainer.java:startContainerScrub(207)) - Background container scanner has been disabled.
2020-11-20 13:30:43,408 [EndpointStateMachine task thread for /0.0.0.0:45477 - 0 ] INFO  ratis.XceiverServerRatis (XceiverServerRatis.java:start(456)) - Starting XceiverServerRatis 43a11ad6-f787-4c7d-9e4b-07d0357893bd at port 0
2020-11-20 13:30:43,409 [EndpointStateMachine task thread for /0.0.0.0:45477 - 0 ] INFO  impl.RaftServerProxy (RaftServerProxy.java:lambda$start$3(307)) - 43a11ad6-f787-4c7d-9e4b-07d0357893bd: start RPC server
2020-11-20 13:30:43,412 [EndpointStateMachine task thread for /0.0.0.0:45477 - 0 ] INFO  server.GrpcService (GrpcService.java:startImpl(177)) - 43a11ad6-f787-4c7d-9e4b-07d0357893bd: GrpcService started, listening on 0.0.0.0/0.0.0.0:43219
2020-11-20 13:30:43,412 [EndpointStateMachine task thread for /0.0.0.0:45477 - 0 ] INFO  ratis.XceiverServerRatis (XceiverServerRatis.java:start(468)) - XceiverServerRatis 43a11ad6-f787-4c7d-9e4b-07d0357893bd is started using port 43219
2020-11-20 13:30:43,413 [EndpointStateMachine task thread for /0.0.0.0:45477 - 0 ] INFO  server.XceiverServerGrpc (XceiverServerGrpc.java:start(145)) - XceiverServerGrpc 43a11ad6-f787-4c7d-9e4b-07d0357893bd is started using port 33179
2020-11-20 13:30:44,390 [Listener at 127.0.0.1/12948] INFO  ozone.MiniOzoneClusterImpl (MiniOzoneClusterImpl.java:lambda$waitForClusterToBeReady$0(178)) - Waiting for nodes to be ready. Got 0 of 3 DN Heartbeats.
2020-11-20 13:30:44,390 [Listener at 127.0.0.1/12948] INFO  ozone.MiniOzoneClusterImpl (MiniOzoneClusterImpl.java:lambda$waitForClusterToBeReady$0(181)) - Waiting for cluster to exit safe mode
2020-11-20 13:30:44,623 [IPC Server handler 4 on default port 45477] INFO  net.NetworkTopologyImpl (NetworkTopologyImpl.java:add(111)) - Added a new node: /default-rack/5891ba3b-fbfe-4ac0-a934-62139bd80922
2020-11-20 13:30:44,625 [IPC Server handler 4 on default port 45477] INFO  node.SCMNodeManager (SCMNodeManager.java:register(282)) - Registered Data node : 5891ba3b-fbfe-4ac0-a934-62139bd80922{ip: 172.17.0.2, host: f2122719ba2e, networkLocation: /default-rack, certSerialId: null}
2020-11-20 13:30:44,633 [EventQueue-NodeRegistrationContainerReportForContainerSafeModeRule] INFO  safemode.SCMSafeModeManager (SCMSafeModeManager.java:validateSafeModeExitRules(214)) - ContainerSafeModeRule rule is successfully validated
2020-11-20 13:30:44,633 [EventQueue-NodeRegistrationContainerReportForDataNodeSafeModeRule] INFO  safemode.SCMSafeModeManager (DataNodeSafeModeRule.java:process(71)) - SCM in safe mode. 1 DataNodes registered, 1 required.
2020-11-20 13:30:44,633 [EventQueue-NodeRegistrationContainerReportForDataNodeSafeModeRule] INFO  safemode.SCMSafeModeManager (SCMSafeModeManager.java:validateSafeModeExitRules(214)) - DataNodeSafeModeRule rule is successfully validated
2020-11-20 13:30:44,634 [EventQueue-NodeRegistrationContainerReportForDataNodeSafeModeRule] INFO  safemode.SCMSafeModeManager (SCMSafeModeManager.java:completePreCheck(242)) - All SCM safe mode pre check rules have passed
2020-11-20 13:30:44,782 [EventQueue-PipelineReportForOneReplicaPipelineSafeModeRule] INFO  safemode.SCMSafeModeManager (SCMSafeModeManager.java:validateSafeModeExitRules(214)) - AtleastOneDatanodeReportedRule rule is successfully validated
2020-11-20 13:30:44,797 [RatisPipelineUtilsThread] INFO  pipeline.RatisPipelineProvider (RatisPipelineProvider.java:lambda$create$0(161)) - Sending CreatePipelineCommand for pipeline:PipelineID=e5cbdd2b-575e-431f-b1b0-3cb81d6a619f to datanode:5891ba3b-fbfe-4ac0-a934-62139bd80922
2020-11-20 13:30:44,817 [RatisPipelineUtilsThread] INFO  pipeline.PipelineStateManager (PipelineStateManager.java:addPipeline(54)) - Created pipeline Pipeline[ Id: e5cbdd2b-575e-431f-b1b0-3cb81d6a619f, Nodes: 5891ba3b-fbfe-4ac0-a934-62139bd80922{ip: 172.17.0.2, host: f2122719ba2e, networkLocation: /default-rack, certSerialId: null}, Type:RATIS, Factor:ONE, State:ALLOCATED, leaderId:, CreationTimestamp2020-11-20T13:30:44.788Z]
2020-11-20 13:30:44,819 [RatisPipelineUtilsThread] WARN  pipeline.PipelinePlacementPolicy (PipelinePlacementPolicy.java:filterViableNodes(138)) - Pipeline creation failed due to no sufficient healthy datanodes. Required 3. Found 1.
2020-11-20 13:30:45,176 [IPC Server handler 3 on default port 45477] INFO  net.NetworkTopologyImpl (NetworkTopologyImpl.java:add(111)) - Added a new node: /default-rack/f24dc68e-1162-4671-a167-fccf63b21a74
2020-11-20 13:30:45,177 [IPC Server handler 3 on default port 45477] INFO  node.SCMNodeManager (SCMNodeManager.java:register(282)) - Registered Data node : f24dc68e-1162-4671-a167-fccf63b21a74{ip: 172.17.0.2, host: f2122719ba2e, networkLocation: /default-rack, certSerialId: null}
2020-11-20 13:30:45,177 [EventQueue-NodeRegistrationContainerReportForDataNodeSafeModeRule] INFO  safemode.SCMSafeModeManager (SCMSafeModeManager.java:validateSafeModeExitRules(214)) - DataNodeSafeModeRule rule is successfully validated
2020-11-20 13:30:45,177 [EventQueue-NodeRegistrationContainerReportForContainerSafeModeRule] INFO  safemode.SCMSafeModeManager (SCMSafeModeManager.java:validateSafeModeExitRules(214)) - ContainerSafeModeRule rule is successfully validated
2020-11-20 13:30:45,178 [EventQueue-PipelineReportForOneReplicaPipelineSafeModeRule] INFO  safemode.SCMSafeModeManager (SCMSafeModeManager.java:validateSafeModeExitRules(214)) - AtleastOneDatanodeReportedRule rule is successfully validated
2020-11-20 13:30:45,179 [RatisPipelineUtilsThread] INFO  pipeline.RatisPipelineProvider (RatisPipelineProvider.java:lambda$create$0(161)) - Sending CreatePipelineCommand for pipeline:PipelineID=39449a89-8cbd-45df-b6e9-2a2ad42065ce to datanode:f24dc68e-1162-4671-a167-fccf63b21a74
2020-11-20 13:30:45,179 [RatisPipelineUtilsThread] INFO  pipeline.PipelineStateManager (PipelineStateManager.java:addPipeline(54)) - Created pipeline Pipeline[ Id: 39449a89-8cbd-45df-b6e9-2a2ad42065ce, Nodes: f24dc68e-1162-4671-a167-fccf63b21a74{ip: 172.17.0.2, host: f2122719ba2e, networkLocation: /default-rack, certSerialId: null}, Type:RATIS, Factor:ONE, State:ALLOCATED, leaderId:, CreationTimestamp2020-11-20T13:30:45.178Z]
2020-11-20 13:30:45,179 [RatisPipelineUtilsThread] WARN  pipeline.PipelinePlacementPolicy (PipelinePlacementPolicy.java:filterViableNodes(138)) - Pipeline creation failed due to no sufficient healthy datanodes. Required 3. Found 2.
2020-11-20 13:30:45,390 [Listener at 127.0.0.1/12948] INFO  ozone.MiniOzoneClusterImpl (MiniOzoneClusterImpl.java:lambda$waitForClusterToBeReady$0(178)) - Waiting for nodes to be ready. Got 2 of 3 DN Heartbeats.
2020-11-20 13:30:45,390 [Listener at 127.0.0.1/12948] INFO  ozone.MiniOzoneClusterImpl (MiniOzoneClusterImpl.java:lambda$waitForClusterToBeReady$0(181)) - Waiting for cluster to exit safe mode
2020-11-20 13:30:45,406 [IPC Server handler 5 on default port 45477] INFO  net.NetworkTopologyImpl (NetworkTopologyImpl.java:add(111)) - Added a new node: /default-rack/43a11ad6-f787-4c7d-9e4b-07d0357893bd
2020-11-20 13:30:45,406 [IPC Server handler 5 on default port 45477] INFO  node.SCMNodeManager (SCMNodeManager.java:register(282)) - Registered Data node : 43a11ad6-f787-4c7d-9e4b-07d0357893bd{ip: 172.17.0.2, host: f2122719ba2e, networkLocation: /default-rack, certSerialId: null}
2020-11-20 13:30:45,406 [EventQueue-NodeRegistrationContainerReportForDataNodeSafeModeRule] INFO  safemode.SCMSafeModeManager (SCMSafeModeManager.java:validateSafeModeExitRules(214)) - DataNodeSafeModeRule rule is successfully validated
2020-11-20 13:30:45,406 [EventQueue-PipelineReportForOneReplicaPipelineSafeModeRule] INFO  safemode.SCMSafeModeManager (SCMSafeModeManager.java:validateSafeModeExitRules(214)) - AtleastOneDatanodeReportedRule rule is successfully validated
2020-11-20 13:30:45,406 [EventQueue-NodeRegistrationContainerReportForContainerSafeModeRule] INFO  safemode.SCMSafeModeManager (SCMSafeModeManager.java:validateSafeModeExitRules(214)) - ContainerSafeModeRule rule is successfully validated
2020-11-20 13:30:45,407 [RatisPipelineUtilsThread] INFO  pipeline.RatisPipelineProvider (RatisPipelineProvider.java:lambda$create$0(161)) - Sending CreatePipelineCommand for pipeline:PipelineID=5d657371-0a34-4a26-a748-cc30b8cf33bd to datanode:43a11ad6-f787-4c7d-9e4b-07d0357893bd
2020-11-20 13:30:45,408 [RatisPipelineUtilsThread] INFO  pipeline.PipelineStateManager (PipelineStateManager.java:addPipeline(54)) - Created pipeline Pipeline[ Id: 5d657371-0a34-4a26-a748-cc30b8cf33bd, Nodes: 43a11ad6-f787-4c7d-9e4b-07d0357893bd{ip: 172.17.0.2, host: f2122719ba2e, networkLocation: /default-rack, certSerialId: null}, Type:RATIS, Factor:ONE, State:ALLOCATED, leaderId:, CreationTimestamp2020-11-20T13:30:45.407Z]
2020-11-20 13:30:45,411 [RatisPipelineUtilsThread] INFO  pipeline.RatisPipelineProvider (RatisPipelineProvider.java:lambda$create$0(161)) - Sending CreatePipelineCommand for pipeline:PipelineID=97b050db-3d5e-45bb-9fa1-e7e7a459dec4 to datanode:43a11ad6-f787-4c7d-9e4b-07d0357893bd
2020-11-20 13:30:45,412 [RatisPipelineUtilsThread] INFO  pipeline.RatisPipelineProvider (RatisPipelineProvider.java:lambda$create$0(161)) - Sending CreatePipelineCommand for pipeline:PipelineID=97b050db-3d5e-45bb-9fa1-e7e7a459dec4 to datanode:5891ba3b-fbfe-4ac0-a934-62139bd80922
2020-11-20 13:30:45,412 [RatisPipelineUtilsThread] INFO  pipeline.RatisPipelineProvider (RatisPipelineProvider.java:lambda$create$0(161)) - Sending CreatePipelineCommand for pipeline:PipelineID=97b050db-3d5e-45bb-9fa1-e7e7a459dec4 to datanode:f24dc68e-1162-4671-a167-fccf63b21a74
2020-11-20 13:30:45,412 [RatisPipelineUtilsThread] INFO  pipeline.PipelineStateManager (PipelineStateManager.java:addPipeline(54)) - Created pipeline Pipeline[ Id: 97b050db-3d5e-45bb-9fa1-e7e7a459dec4, Nodes: 43a11ad6-f787-4c7d-9e4b-07d0357893bd{ip: 172.17.0.2, host: f2122719ba2e, networkLocation: /default-rack, certSerialId: null}5891ba3b-fbfe-4ac0-a934-62139bd80922{ip: 172.17.0.2, host: f2122719ba2e, networkLocation: /default-rack, certSerialId: null}f24dc68e-1162-4671-a167-fccf63b21a74{ip: 172.17.0.2, host: f2122719ba2e, networkLocation: /default-rack, certSerialId: null}, Type:RATIS, Factor:THREE, State:ALLOCATED, leaderId:, CreationTimestamp2020-11-20T13:30:45.411Z]
2020-11-20 13:30:46,391 [Listener at 127.0.0.1/12948] INFO  ozone.MiniOzoneClusterImpl (MiniOzoneClusterImpl.java:lambda$waitForClusterToBeReady$0(178)) - Nodes are ready. Got 3 of 3 DN Heartbeats.
2020-11-20 13:30:46,391 [Listener at 127.0.0.1/12948] INFO  ozone.MiniOzoneClusterImpl (MiniOzoneClusterImpl.java:lambda$waitForClusterToBeReady$0(181)) - Waiting for cluster to exit safe mode
2020-11-20 13:30:47,391 [Listener at 127.0.0.1/12948] INFO  ozone.MiniOzoneClusterImpl (MiniOzoneClusterImpl.java:lambda$waitForClusterToBeReady$0(178)) - Nodes are ready. Got 3 of 3 DN Heartbeats.
2020-11-20 13:30:47,391 [Listener at 127.0.0.1/12948] INFO  ozone.MiniOzoneClusterImpl (MiniOzoneClusterImpl.java:lambda$waitForClusterToBeReady$0(181)) - Waiting for cluster to exit safe mode
2020-11-20 13:30:47,589 [Command processor thread] INFO  impl.RaftServerProxy (RaftServerProxy.java:addNew(92)) - 5891ba3b-fbfe-4ac0-a934-62139bd80922: addNew group-3CB81D6A619F:[5891ba3b-fbfe-4ac0-a934-62139bd80922:172.17.0.2:33561:0] returns group-3CB81D6A619F:java.util.concurrent.CompletableFuture@79d2b7a2[Not completed]
2020-11-20 13:30:47,602 [pool-70-thread-1] INFO  impl.RaftServerImpl (RaftServerImpl.java:<init>(120)) - 5891ba3b-fbfe-4ac0-a934-62139bd80922: new RaftServerImpl for group-3CB81D6A619F:[5891ba3b-fbfe-4ac0-a934-62139bd80922:172.17.0.2:33561:0] with ContainerStateMachine:uninitialized
2020-11-20 13:30:47,602 [pool-70-thread-1] INFO  server.RaftServerConfigKeys (ConfUtils.java:logGet(44)) - raft.server.rpc.timeout.min = 5s (custom)
2020-11-20 13:30:47,602 [pool-70-thread-1] INFO  server.RaftServerConfigKeys (ConfUtils.java:logGet(44)) - raft.server.rpc.timeout.max = 5200ms (custom)
2020-11-20 13:30:47,602 [pool-70-thread-1] INFO  server.RaftServerConfigKeys (ConfUtils.java:logGet(44)) - raft.server.rpcslowness.timeout = 300s (custom)
2020-11-20 13:30:47,603 [pool-70-thread-1] INFO  server.RaftServerConfigKeys (ConfUtils.java:logGet(44)) - raft.server.sleep.deviation.threshold = 300 (default)
2020-11-20 13:30:47,603 [pool-70-thread-1] INFO  server.RaftServerConfigKeys (ConfUtils.java:logGet(44)) - raft.server.log.appender.install.snapshot.enabled = false (custom)
2020-11-20 13:30:47,603 [pool-70-thread-1] INFO  impl.RaftServerImpl (ServerState.java:<init>(104)) - 5891ba3b-fbfe-4ac0-a934-62139bd80922@group-3CB81D6A619F: ConfigurationManager, init=-1: [5891ba3b-fbfe-4ac0-a934-62139bd80922:172.17.0.2:33561:0], old=null, confs=<EMPTY_MAP>
2020-11-20 13:30:47,603 [pool-70-thread-1] INFO  server.RaftServerConfigKeys (ConfUtils.java:logGet(44)) - raft.server.storage.dir = [/github/workspace/mnt/ozone/hadoop-ozone/integration-test/target/test-dir/MiniOzoneClusterImpl-88510e19-ed2c-49d7-b179-50c179883a6e/datanode-0/data/ratis] (custom)
2020-11-20 13:30:47,603 [pool-70-thread-1] INFO  server.RaftServerConfigKeys (ConfUtils.java:logGet(44)) - raft.server.log.corruption.policy = EXCEPTION (default)
2020-11-20 13:30:47,604 [pool-70-thread-1] INFO  storage.RaftStorageDirectory (RaftStorageDirectory.java:analyzeStorage(261)) - The storage directory /github/workspace/mnt/ozone/hadoop-ozone/integration-test/target/test-dir/MiniOzoneClusterImpl-88510e19-ed2c-49d7-b179-50c179883a6e/datanode-0/data/ratis/e5cbdd2b-575e-431f-b1b0-3cb81d6a619f does not exist. Creating ...
2020-11-20 13:30:47,605 [pool-70-thread-1] INFO  storage.RaftStorageDirectory (RaftStorageDirectory.java:tryLock(343)) - Lock on /github/workspace/mnt/ozone/hadoop-ozone/integration-test/target/test-dir/MiniOzoneClusterImpl-88510e19-ed2c-49d7-b179-50c179883a6e/datanode-0/data/ratis/e5cbdd2b-575e-431f-b1b0-3cb81d6a619f/in_use.lock acquired by nodename 15306@f2122719ba2e
2020-11-20 13:30:47,606 [pool-70-thread-1] INFO  storage.RaftStorage (RaftStorage.java:format(84)) - Storage directory /github/workspace/mnt/ozone/hadoop-ozone/integration-test/target/test-dir/MiniOzoneClusterImpl-88510e19-ed2c-49d7-b179-50c179883a6e/datanode-0/data/ratis/e5cbdd2b-575e-431f-b1b0-3cb81d6a619f has been successfully formatted.
2020-11-20 13:30:47,610 [pool-70-thread-1] INFO  ratis.ContainerStateMachine (ContainerStateMachine.java:loadSnapshot(225)) - group-3CB81D6A619F: The snapshot info is null. Setting the last applied indexto:(t:0, i:~)
2020-11-20 13:30:47,610 [pool-70-thread-1] INFO  server.RaftServerConfigKeys (ConfUtils.java:logGet(44)) - raft.server.notification.no-leader.timeout = 300s (custom)
2020-11-20 13:30:47,610 [pool-70-thread-1] INFO  server.RaftServerConfigKeys (ConfUtils.java:logGet(44)) - raft.server.log.use.memory = false (default)
2020-11-20 13:30:47,610 [pool-70-thread-1] INFO  server.RaftServerConfigKeys (ConfUtils.java:logGet(44)) - raft.server.log.purge.gap = 1000000 (custom)
2020-11-20 13:30:47,610 [pool-70-thread-1] INFO  metrics.RatisMetrics (RatisMetrics.java:lambda$create$0(36)) - Creating Metrics Registry : ratis.log_worker.5891ba3b-fbfe-4ac0-a934-62139bd80922@group-3CB81D6A619F
2020-11-20 13:30:47,616 [pool-70-thread-1] INFO  server.RaftServerConfigKeys (ConfUtils.java:logGet(44)) - raft.server.log.appender.buffer.byte-limit = 33554432 (custom)
2020-11-20 13:30:47,616 [pool-70-thread-1] INFO  server.RaftServerConfigKeys (ConfUtils.java:logGet(44)) - raft.server.log.segment.size.max = 1048576 (custom)
2020-11-20 13:30:47,617 [pool-70-thread-1] INFO  server.RaftServerConfigKeys (ConfUtils.java:logGet(44)) - raft.server.log.segment.cache.num.max = 2 (custom)
2020-11-20 13:30:47,617 [pool-70-thread-1] INFO  segmented.SegmentedRaftLogWorker (SegmentedRaftLogWorker.java:<init>(180)) - new 5891ba3b-fbfe-4ac0-a934-62139bd80922@group-3CB81D6A619F-SegmentedRaftLogWorker for RaftStorage:Storage Directory /github/workspace/mnt/ozone/hadoop-ozone/integration-test/target/test-dir/MiniOzoneClusterImpl-88510e19-ed2c-49d7-b179-50c179883a6e/datanode-0/data/ratis/e5cbdd2b-575e-431f-b1b0-3cb81d6a619f
2020-11-20 13:30:47,617 [pool-70-thread-1] INFO  server.RaftServerConfigKeys (ConfUtils.java:logGet(44)) - raft.server.log.queue.byte-limit = 2147483647 (custom)
2020-11-20 13:30:47,617 [pool-70-thread-1] INFO  server.RaftServerConfigKeys (ConfUtils.java:logGet(44)) - raft.server.log.queue.element-limit = 1024 (custom)
2020-11-20 13:30:47,617 [pool-70-thread-1] INFO  server.RaftServerConfigKeys (ConfUtils.java:logGet(44)) - raft.server.log.segment.size.max = 1048576 (custom)
2020-11-20 13:30:47,617 [pool-70-thread-1] INFO  server.RaftServerConfigKeys (ConfUtils.java:logGet(44)) - raft.server.log.preallocated.size = 16384 (custom)
2020-11-20 13:30:47,617 [pool-70-thread-1] INFO  server.RaftServerConfigKeys (ConfUtils.java:logGet(44)) - raft.server.log.write.buffer.size = 1048576 (custom)
2020-11-20 13:30:47,617 [pool-70-thread-1] INFO  server.RaftServerConfigKeys (ConfUtils.java:logGet(44)) - raft.server.log.force.sync.num = 128 (default)
2020-11-20 13:30:47,618 [pool-70-thread-1] INFO  server.RaftServerConfigKeys (ConfUtils.java:logGet(44)) - raft.server.log.statemachine.data.sync = true (default)
2020-11-20 13:30:47,618 [pool-70-thread-1] INFO  server.RaftServerConfigKeys (ConfUtils.java:logGet(44)) - raft.server.log.statemachine.data.sync.timeout = 10s (default)
2020-11-20 13:30:47,618 [pool-70-thread-1] INFO  server.RaftServerConfigKeys (ConfUtils.java:logGet(44)) - raft.server.log.statemachine.data.sync.timeout.retry = -1 (default)
2020-11-20 13:30:47,619 [pool-70-thread-1] INFO  server.RaftServerConfigKeys (ConfUtils.java:logGet(44)) - raft.server.log.statemachine.data.caching.enabled = true (custom)
2020-11-20 13:30:47,619 [pool-70-thread-1] INFO  segmented.SegmentedRaftLogWorker (SegmentedRaftLogWorker.java:lambda$new$0(129)) - 5891ba3b-fbfe-4ac0-a934-62139bd80922@group-3CB81D6A619F-SegmentedRaftLogWorker: flushIndex: setUnconditionally 0 -> -1
2020-11-20 13:30:47,620 [pool-70-thread-1] INFO  segmented.SegmentedRaftLogWorker (SegmentedRaftLogWorker.java:lambda$new$0(129)) - 5891ba3b-fbfe-4ac0-a934-62139bd80922@group-3CB81D6A619F-SegmentedRaftLogWorker: safeCacheEvictIndex: setUnconditionally 0 -> -1
2020-11-20 13:30:47,627 [pool-70-thread-1] INFO  server.RaftServerConfigKeys (ConfUtils.java:logGet(44)) - raft.server.snapshot.auto.trigger.enabled = true (custom)
2020-11-20 13:30:47,627 [pool-70-thread-1] INFO  server.RaftServerConfigKeys (ConfUtils.java:logGet(44)) - raft.server.snapshot.auto.trigger.threshold = 10000 (custom)
2020-11-20 13:30:47,627 [pool-70-thread-1] INFO  server.RaftServerConfigKeys (ConfUtils.java:logGet(44)) - raft.server.snapshot.retention.file.num = 5 (custom)
2020-11-20 13:30:47,627 [pool-70-thread-1] INFO  server.RaftServerConfigKeys (ConfUtils.java:logGet(44)) - raft.server.log.purge.upto.snapshot.index = false (default)
2020-11-20 13:30:47,627 [pool-70-thread-1] INFO  server.RaftServerConfigKeys (ConfUtils.java:logGet(44)) - raft.server.retrycache.expirytime = 600000ms (custom)
2020-11-20 13:30:47,628 [pool-70-thread-1] INFO  metrics.RatisMetrics (RatisMetrics.java:lambda$create$0(36)) - Creating Metrics Registry : ratis.leader_election.5891ba3b-fbfe-4ac0-a934-62139bd80922@group-3CB81D6A619F
2020-11-20 13:30:47,628 [pool-70-thread-1] INFO  metrics.RatisMetrics (RatisMetrics.java:lambda$create$0(36)) - Creating Metrics Registry : ratis.server.5891ba3b-fbfe-4ac0-a934-62139bd80922@group-3CB81D6A619F
2020-11-20 13:30:47,629 [pool-70-thread-1] INFO  impl.RaftServerImpl (RaftServerImpl.java:start(209)) - 5891ba3b-fbfe-4ac0-a934-62139bd80922@group-3CB81D6A619F: start as a follower, conf=-1: [5891ba3b-fbfe-4ac0-a934-62139bd80922:172.17.0.2:33561:0], old=null
2020-11-20 13:30:47,629 [pool-70-thread-1] INFO  impl.RaftServerImpl (RaftServerImpl.java:setRole(198)) - 5891ba3b-fbfe-4ac0-a934-62139bd80922@group-3CB81D6A619F: changes role from      null to FOLLOWER at term 0 for startAsFollower
2020-11-20 13:30:47,629 [pool-70-thread-1] INFO  impl.RoleInfo (RoleInfo.java:updateAndGet(143)) - 5891ba3b-fbfe-4ac0-a934-62139bd80922: start FollowerState
2020-11-20 13:30:47,636 [EventQueue-PipelineReportForOneReplicaPipelineSafeModeRule] INFO  safemode.SCMSafeModeManager (SCMSafeModeManager.java:validateSafeModeExitRules(214)) - AtleastOneDatanodeReportedRule rule is successfully validated
2020-11-20 13:30:47,636 [pool-70-thread-1] INFO  util.JmxRegister (JmxRegister.java:tryRegister(44)) - Successfully registered JMX Bean with object name Ratis:service=RaftServer,group=group-3CB81D6A619F,id=5891ba3b-fbfe-4ac0-a934-62139bd80922
2020-11-20 13:30:47,637 [pool-70-thread-1] INFO  metrics.RatisMetrics (RatisMetrics.java:lambda$create$0(36)) - Creating Metrics Registry : ratis.state_machine.5891ba3b-fbfe-4ac0-a934-62139bd80922@group-3CB81D6A619F
2020-11-20 13:30:47,637 [EventQueue-PipelineReportForPipelineReportHandler] INFO  pipeline.PipelineStateManager (PipelineStateManager.java:openPipeline(132)) - Pipeline Pipeline[ Id: e5cbdd2b-575e-431f-b1b0-3cb81d6a619f, Nodes: 5891ba3b-fbfe-4ac0-a934-62139bd80922{ip: 172.17.0.2, host: f2122719ba2e, networkLocation: /default-rack, certSerialId: null}, Type:RATIS, Factor:ONE, State:ALLOCATED, leaderId:5891ba3b-fbfe-4ac0-a934-62139bd80922, CreationTimestamp2020-11-20T13:30:44.788Z] moved to OPEN state
2020-11-20 13:30:47,643 [Command processor thread] INFO  commandhandler.CreatePipelineCommandHandler (CreatePipelineCommandHandler.java:handle(106)) - Created Pipeline RATIS ONE PipelineID=e5cbdd2b-575e-431f-b1b0-3cb81d6a619f.
2020-11-20 13:30:47,644 [Command processor thread] INFO  impl.RaftServerProxy (RaftServerProxy.java:addNew(92)) - 5891ba3b-fbfe-4ac0-a934-62139bd80922: addNew group-E7E7A459DEC4:[5891ba3b-fbfe-4ac0-a934-62139bd80922:172.17.0.2:33561:0, f24dc68e-1162-4671-a167-fccf63b21a74:172.17.0.2:36891:0, 43a11ad6-f787-4c7d-9e4b-07d0357893bd:172.17.0.2:43219:0] returns group-E7E7A459DEC4:java.util.concurrent.CompletableFuture@70af15c0[Not completed]
2020-11-20 13:30:47,644 [pool-70-thread-1] INFO  impl.RaftServerImpl (RaftServerImpl.java:<init>(120)) - 5891ba3b-fbfe-4ac0-a934-62139bd80922: new RaftServerImpl for group-E7E7A459DEC4:[5891ba3b-fbfe-4ac0-a934-62139bd80922:172.17.0.2:33561:0, f24dc68e-1162-4671-a167-fccf63b21a74:172.17.0.2:36891:0, 43a11ad6-f787-4c7d-9e4b-07d0357893bd:172.17.0.2:43219:0] with ContainerStateMachine:uninitialized
2020-11-20 13:30:47,645 [pool-70-thread-1] INFO  server.RaftServerConfigKeys (ConfUtils.java:logGet(44)) - raft.server.rpc.timeout.min = 5s (custom)
2020-11-20 13:30:47,645 [pool-70-thread-1] INFO  server.RaftServerConfigKeys (ConfUtils.java:logGet(44)) - raft.server.rpc.timeout.max = 5200ms (custom)
2020-11-20 13:30:47,645 [pool-70-thread-1] INFO  server.RaftServerConfigKeys (ConfUtils.java:logGet(44)) - raft.server.rpcslowness.timeout = 300s (custom)
2020-11-20 13:30:47,645 [pool-70-thread-1] INFO  server.RaftServerConfigKeys (ConfUtils.java:logGet(44)) - raft.server.sleep.deviation.threshold = 300 (default)
2020-11-20 13:30:47,645 [pool-70-thread-1] INFO  server.RaftServerConfigKeys (ConfUtils.java:logGet(44)) - raft.server.log.appender.install.snapshot.enabled = false (custom)
2020-11-20 13:30:47,645 [pool-70-thread-1] INFO  impl.RaftServerImpl (ServerState.java:<init>(104)) - 5891ba3b-fbfe-4ac0-a934-62139bd80922@group-E7E7A459DEC4: ConfigurationManager, init=-1: [5891ba3b-fbfe-4ac0-a934-62139bd80922:172.17.0.2:33561:0, f24dc68e-1162-4671-a167-fccf63b21a74:172.17.0.2:36891:0, 43a11ad6-f787-4c7d-9e4b-07d0357893bd:172.17.0.2:43219:0], old=null, confs=<EMPTY_MAP>
2020-11-20 13:30:47,645 [pool-70-thread-1] INFO  server.RaftServerConfigKeys (ConfUtils.java:logGet(44)) - raft.server.storage.dir = [/github/workspace/mnt/ozone/hadoop-ozone/integration-test/target/test-dir/MiniOzoneClusterImpl-88510e19-ed2c-49d7-b179-50c179883a6e/datanode-0/data/ratis] (custom)
2020-11-20 13:30:47,645 [pool-70-thread-1] INFO  server.RaftServerConfigKeys (ConfUtils.java:logGet(44)) - raft.server.log.corruption.policy = EXCEPTION (default)
2020-11-20 13:30:47,645 [pool-70-thread-1] INFO  storage.RaftStorageDirectory (RaftStorageDirectory.java:analyzeStorage(261)) - The storage directory /github/workspace/mnt/ozone/hadoop-ozone/integration-test/target/test-dir/MiniOzoneClusterImpl-88510e19-ed2c-49d7-b179-50c179883a6e/datanode-0/data/ratis/97b050db-3d5e-45bb-9fa1-e7e7a459dec4 does not exist. Creating ...
2020-11-20 13:30:47,646 [EventQueue-OpenPipelineForHealthyPipelineSafeModeRule] INFO  safemode.SCMSafeModeManager (HealthyPipelineSafeModeRule.java:process(128)) - SCM in safe mode. Healthy pipelines reported count is 0, required healthy pipeline reported count is 1
2020-11-20 13:30:47,647 [pool-70-thread-1] INFO  storage.RaftStorageDirectory (RaftStorageDirectory.java:tryLock(343)) - Lock on /github/workspace/mnt/ozone/hadoop-ozone/integration-test/target/test-dir/MiniOzoneClusterImpl-88510e19-ed2c-49d7-b179-50c179883a6e/datanode-0/data/ratis/97b050db-3d5e-45bb-9fa1-e7e7a459dec4/in_use.lock acquired by nodename 15306@f2122719ba2e
2020-11-20 13:30:47,648 [pool-70-thread-1] INFO  storage.RaftStorage (RaftStorage.java:format(84)) - Storage directory /github/workspace/mnt/ozone/hadoop-ozone/integration-test/target/test-dir/MiniOzoneClusterImpl-88510e19-ed2c-49d7-b179-50c179883a6e/datanode-0/data/ratis/97b050db-3d5e-45bb-9fa1-e7e7a459dec4 has been successfully formatted.
2020-11-20 13:30:47,648 [pool-70-thread-1] INFO  ratis.ContainerStateMachine (ContainerStateMachine.java:loadSnapshot(225)) - group-E7E7A459DEC4: The snapshot info is null. Setting the last applied indexto:(t:0, i:~)
2020-11-20 13:30:47,648 [pool-70-thread-1] INFO  server.RaftServerConfigKeys (ConfUtils.java:logGet(44)) - raft.server.notification.no-leader.timeout = 300s (custom)
2020-11-20 13:30:47,649 [EventQueue-PipelineReportForOneReplicaPipelineSafeModeRule] INFO  safemode.SCMSafeModeManager (SCMSafeModeManager.java:validateSafeModeExitRules(214)) - AtleastOneDatanodeReportedRule rule is successfully validated
2020-11-20 13:30:47,650 [pool-70-thread-1] INFO  server.RaftServerConfigKeys (ConfUtils.java:logGet(44)) - raft.server.log.use.memory = false (default)
2020-11-20 13:30:47,650 [pool-70-thread-1] INFO  server.RaftServerConfigKeys (ConfUtils.java:logGet(44)) - raft.server.log.purge.gap = 1000000 (custom)
2020-11-20 13:30:47,650 [pool-70-thread-1] INFO  metrics.RatisMetrics (RatisMetrics.java:lambda$create$0(36)) - Creating Metrics Registry : ratis.log_worker.5891ba3b-fbfe-4ac0-a934-62139bd80922@group-E7E7A459DEC4
2020-11-20 13:30:47,651 [pool-70-thread-1] INFO  server.RaftServerConfigKeys (ConfUtils.java:logGet(44)) - raft.server.log.appender.buffer.byte-limit = 33554432 (custom)
2020-11-20 13:30:47,651 [pool-70-thread-1] INFO  server.RaftServerConfigKeys (ConfUtils.java:logGet(44)) - raft.server.log.segment.size.max = 1048576 (custom)
2020-11-20 13:30:47,651 [pool-70-thread-1] INFO  server.RaftServerConfigKeys (ConfUtils.java:logGet(44)) - raft.server.log.segment.cache.num.max = 2 (custom)
2020-11-20 13:30:47,651 [pool-70-thread-1] INFO  segmented.SegmentedRaftLogWorker (SegmentedRaftLogWorker.java:<init>(180)) - new 5891ba3b-fbfe-4ac0-a934-62139bd80922@group-E7E7A459DEC4-SegmentedRaftLogWorker for RaftStorage:Storage Directory /github/workspace/mnt/ozone/hadoop-ozone/integration-test/target/test-dir/MiniOzoneClusterImpl-88510e19-ed2c-49d7-b179-50c179883a6e/datanode-0/data/ratis/97b050db-3d5e-45bb-9fa1-e7e7a459dec4
2020-11-20 13:30:47,651 [pool-70-thread-1] INFO  server.RaftServerConfigKeys (ConfUtils.java:logGet(44)) - raft.server.log.queue.byte-limit = 2147483647 (custom)
2020-11-20 13:30:47,652 [pool-70-thread-1] INFO  server.RaftServerConfigKeys (ConfUtils.java:logGet(44)) - raft.server.log.queue.element-limit = 1024 (custom)
2020-11-20 13:30:47,652 [pool-70-thread-1] INFO  server.RaftServerConfigKeys (ConfUtils.java:logGet(44)) - raft.server.log.segment.size.max = 1048576 (custom)
2020-11-20 13:30:47,652 [pool-70-thread-1] INFO  server.RaftServerConfigKeys (ConfUtils.java:logGet(44)) - raft.server.log.preallocated.size = 16384 (custom)
2020-11-20 13:30:47,652 [pool-70-thread-1] INFO  server.RaftServerConfigKeys (ConfUtils.java:logGet(44)) - raft.server.log.write.buffer.size = 1048576 (custom)
2020-11-20 13:30:47,652 [pool-70-thread-1] INFO  server.RaftServerConfigKeys (ConfUtils.java:logGet(44)) - raft.server.log.force.sync.num = 128 (default)
2020-11-20 13:30:47,652 [pool-70-thread-1] INFO  server.RaftServerConfigKeys (ConfUtils.java:logGet(44)) - raft.server.log.statemachine.data.sync = true (default)
2020-11-20 13:30:47,652 [pool-70-thread-1] INFO  server.RaftServerConfigKeys (ConfUtils.java:logGet(44)) - raft.server.log.statemachine.data.sync.timeout = 10s (default)
2020-11-20 13:30:47,653 [pool-70-thread-1] INFO  server.RaftServerConfigKeys (ConfUtils.java:logGet(44)) - raft.server.log.statemachine.data.sync.timeout.retry = -1 (default)
2020-11-20 13:30:47,659 [EventQueue-OpenPipelineForHealthyPipelineSafeModeRule] INFO  safemode.SCMSafeModeManager (HealthyPipelineSafeModeRule.java:process(128)) - SCM in safe mode. Healthy pipelines reported count is 0, required healthy pipeline reported count is 1
2020-11-20 13:30:47,660 [pool-70-thread-1] INFO  server.RaftServerConfigKeys (ConfUtils.java:logGet(44)) - raft.server.log.statemachine.data.caching.enabled = true (custom)
2020-11-20 13:30:47,661 [pool-70-thread-1] INFO  segmented.SegmentedRaftLogWorker (SegmentedRaftLogWorker.java:lambda$new$0(129)) - 5891ba3b-fbfe-4ac0-a934-62139bd80922@group-E7E7A459DEC4-SegmentedRaftLogWorker: flushIndex: setUnconditionally 0 -> -1
2020-11-20 13:30:47,661 [pool-70-thread-1] INFO  segmented.SegmentedRaftLogWorker (SegmentedRaftLogWorker.java:lambda$new$0(129)) - 5891ba3b-fbfe-4ac0-a934-62139bd80922@group-E7E7A459DEC4-SegmentedRaftLogWorker: safeCacheEvictIndex: setUnconditionally 0 -> -1
2020-11-20 13:30:47,666 [pool-70-thread-1] INFO  server.RaftServerConfigKeys (ConfUtils.java:logGet(44)) - raft.server.snapshot.auto.trigger.enabled = true (custom)
2020-11-20 13:30:47,666 [pool-70-thread-1] INFO  server.RaftServerConfigKeys (ConfUtils.java:logGet(44)) - raft.server.snapshot.auto.trigger.threshold = 10000 (custom)
2020-11-20 13:30:47,666 [pool-70-thread-1] INFO  server.RaftServerConfigKeys (ConfUtils.java:logGet(44)) - raft.server.snapshot.retention.file.num = 5 (custom)
2020-11-20 13:30:47,666 [pool-70-thread-1] INFO  server.RaftServerConfigKeys (ConfUtils.java:logGet(44)) - raft.server.log.purge.upto.snapshot.index = false (default)
2020-11-20 13:30:47,666 [pool-70-thread-1] INFO  server.RaftServerConfigKeys (ConfUtils.java:logGet(44)) - raft.server.retrycache.expirytime = 600000ms (custom)
2020-11-20 13:30:47,667 [pool-70-thread-1] INFO  metrics.RatisMetrics (RatisMetrics.java:lambda$create$0(36)) - Creating Metrics Registry : ratis.leader_election.5891ba3b-fbfe-4ac0-a934-62139bd80922@group-E7E7A459DEC4
2020-11-20 13:30:47,667 [pool-70-thread-1] INFO  metrics.RatisMetrics (RatisMetrics.java:lambda$create$0(36)) - Creating Metrics Registry : ratis.server.5891ba3b-fbfe-4ac0-a934-62139bd80922@group-E7E7A459DEC4
2020-11-20 13:30:47,668 [pool-70-thread-1] INFO  impl.RaftServerImpl (RaftServerImpl.java:start(209)) - 5891ba3b-fbfe-4ac0-a934-62139bd80922@group-E7E7A459DEC4: start as a follower, conf=-1: [5891ba3b-fbfe-4ac0-a934-62139bd80922:172.17.0.2:33561:0, f24dc68e-1162-4671-a167-fccf63b21a74:172.17.0.2:36891:0, 43a11ad6-f787-4c7d-9e4b-07d0357893bd:172.17.0.2:43219:0], old=null
2020-11-20 13:30:47,668 [pool-70-thread-1] INFO  impl.RaftServerImpl (RaftServerImpl.java:setRole(198)) - 5891ba3b-fbfe-4ac0-a934-62139bd80922@group-E7E7A459DEC4: changes role from      null to FOLLOWER at term 0 for startAsFollower
2020-11-20 13:30:47,668 [pool-70-thread-1] INFO  impl.RoleInfo (RoleInfo.java:updateAndGet(143)) - 5891ba3b-fbfe-4ac0-a934-62139bd80922: start FollowerState
2020-11-20 13:30:47,670 [pool-70-thread-1] INFO  util.JmxRegister (JmxRegister.java:tryRegister(44)) - Successfully registered JMX Bean with object name Ratis:service=RaftServer,group=group-E7E7A459DEC4,id=5891ba3b-fbfe-4ac0-a934-62139bd80922
2020-11-20 13:30:47,670 [pool-70-thread-1] INFO  metrics.RatisMetrics (RatisMetrics.java:lambda$create$0(36)) - Creating Metrics Registry : ratis.state_machine.5891ba3b-fbfe-4ac0-a934-62139bd80922@group-E7E7A459DEC4
2020-11-20 13:30:47,697 [Command processor thread] INFO  metrics.RatisMetrics (RatisMetrics.java:lambda$create$0(36)) - Creating Metrics Registry : ratis.client_message_metrics.client-2C76A71ED059->43a11ad6-f787-4c7d-9e4b-07d0357893bd
2020-11-20 13:30:47,717 [grpc-default-executor-5] INFO  metrics.RatisMetrics (RatisMetrics.java:lambda$create$0(36)) - Creating Metrics Registry : ratis.server_message_metrics.43a11ad6-f787-4c7d-9e4b-07d0357893bd
2020-11-20 13:30:47,723 [grpc-default-executor-5] INFO  impl.RaftServerProxy (RaftServerProxy.java:addNew(92)) - 43a11ad6-f787-4c7d-9e4b-07d0357893bd: addNew group-E7E7A459DEC4:[5891ba3b-fbfe-4ac0-a934-62139bd80922:172.17.0.2:33561:0, f24dc68e-1162-4671-a167-fccf63b21a74:172.17.0.2:36891:0, 43a11ad6-f787-4c7d-9e4b-07d0357893bd:172.17.0.2:43219:0] returns group-E7E7A459DEC4:java.util.concurrent.CompletableFuture@3dfbca86[Not completed]
2020-11-20 13:30:47,729 [pool-102-thread-1] INFO  impl.RaftServerImpl (RaftServerImpl.java:<init>(120)) - 43a11ad6-f787-4c7d-9e4b-07d0357893bd: new RaftServerImpl for group-E7E7A459DEC4:[5891ba3b-fbfe-4ac0-a934-62139bd80922:172.17.0.2:33561:0, f24dc68e-1162-4671-a167-fccf63b21a74:172.17.0.2:36891:0, 43a11ad6-f787-4c7d-9e4b-07d0357893bd:172.17.0.2:43219:0] with ContainerStateMachine:uninitialized
2020-11-20 13:30:47,729 [pool-102-thread-1] INFO  server.RaftServerConfigKeys (ConfUtils.java:logGet(44)) - raft.server.rpc.timeout.min = 5s (custom)
2020-11-20 13:30:47,729 [pool-102-thread-1] INFO  server.RaftServerConfigKeys (ConfUtils.java:logGet(44)) - raft.server.rpc.timeout.max = 5200ms (custom)
2020-11-20 13:30:47,729 [pool-102-thread-1] INFO  server.RaftServerConfigKeys (ConfUtils.java:logGet(44)) - raft.server.rpcslowness.timeout = 300s (custom)
2020-11-20 13:30:47,729 [pool-102-thread-1] INFO  server.RaftServerConfigKeys (ConfUtils.java:logGet(44)) - raft.server.sleep.deviation.threshold = 300 (default)
2020-11-20 13:30:47,729 [pool-102-thread-1] INFO  server.RaftServerConfigKeys (ConfUtils.java:logGet(44)) - raft.server.log.appender.install.snapshot.enabled = false (custom)
2020-11-20 13:30:47,730 [pool-102-thread-1] INFO  impl.RaftServerImpl (ServerState.java:<init>(104)) - 43a11ad6-f787-4c7d-9e4b-07d0357893bd@group-E7E7A459DEC4: ConfigurationManager, init=-1: [5891ba3b-fbfe-4ac0-a934-62139bd80922:172.17.0.2:33561:0, f24dc68e-1162-4671-a167-fccf63b21a74:172.17.0.2:36891:0, 43a11ad6-f787-4c7d-9e4b-07d0357893bd:172.17.0.2:43219:0], old=null, confs=<EMPTY_MAP>
2020-11-20 13:30:47,730 [pool-102-thread-1] INFO  server.RaftServerConfigKeys (ConfUtils.java:logGet(44)) - raft.server.storage.dir = [/github/workspace/mnt/ozone/hadoop-ozone/integration-test/target/test-dir/MiniOzoneClusterImpl-88510e19-ed2c-49d7-b179-50c179883a6e/datanode-2/data/ratis] (custom)
2020-11-20 13:30:47,731 [pool-102-thread-1] INFO  server.RaftServerConfigKeys (ConfUtils.java:logGet(44)) - raft.server.log.corruption.policy = EXCEPTION (default)
2020-11-20 13:30:47,731 [pool-102-thread-1] INFO  storage.RaftStorageDirectory (RaftStorageDirectory.java:analyzeStorage(261)) - The storage directory /github/workspace/mnt/ozone/hadoop-ozone/integration-test/target/test-dir/MiniOzoneClusterImpl-88510e19-ed2c-49d7-b179-50c179883a6e/datanode-2/data/ratis/97b050db-3d5e-45bb-9fa1-e7e7a459dec4 does not exist. Creating ...
2020-11-20 13:30:47,732 [pool-102-thread-1] INFO  storage.RaftStorageDirectory (RaftStorageDirectory.java:tryLock(343)) - Lock on /github/workspace/mnt/ozone/hadoop-ozone/integration-test/target/test-dir/MiniOzoneClusterImpl-88510e19-ed2c-49d7-b179-50c179883a6e/datanode-2/data/ratis/97b050db-3d5e-45bb-9fa1-e7e7a459dec4/in_use.lock acquired by nodename 15306@f2122719ba2e
2020-11-20 13:30:47,733 [pool-102-thread-1] INFO  storage.RaftStorage (RaftStorage.java:format(84)) - Storage directory /github/workspace/mnt/ozone/hadoop-ozone/integration-test/target/test-dir/MiniOzoneClusterImpl-88510e19-ed2c-49d7-b179-50c179883a6e/datanode-2/data/ratis/97b050db-3d5e-45bb-9fa1-e7e7a459dec4 has been successfully formatted.
2020-11-20 13:30:47,734 [pool-102-thread-1] INFO  ratis.ContainerStateMachine (ContainerStateMachine.java:loadSnapshot(225)) - group-E7E7A459DEC4: The snapshot info is null. Setting the last applied indexto:(t:0, i:~)
2020-11-20 13:30:47,738 [pool-102-thread-1] INFO  server.RaftServerConfigKeys (ConfUtils.java:logGet(44)) - raft.server.notification.no-leader.timeout = 300s (custom)
2020-11-20 13:30:47,738 [pool-102-thread-1] INFO  server.RaftServerConfigKeys (ConfUtils.java:logGet(44)) - raft.server.log.use.memory = false (default)
2020-11-20 13:30:47,738 [pool-102-thread-1] INFO  server.RaftServerConfigKeys (ConfUtils.java:logGet(44)) - raft.server.log.purge.gap = 1000000 (custom)
2020-11-20 13:30:47,738 [pool-102-thread-1] INFO  metrics.RatisMetrics (RatisMetrics.java:lambda$create$0(36)) - Creating Metrics Registry : ratis.log_worker.43a11ad6-f787-4c7d-9e4b-07d0357893bd@group-E7E7A459DEC4
2020-11-20 13:30:47,739 [EventQueue-PipelineReportForOneReplicaPipelineSafeModeRule] INFO  safemode.SCMSafeModeManager (SCMSafeModeManager.java:validateSafeModeExitRules(214)) - AtleastOneDatanodeReportedRule rule is successfully validated
2020-11-20 13:30:47,740 [pool-102-thread-1] INFO  server.RaftServerConfigKeys (ConfUtils.java:logGet(44)) - raft.server.log.appender.buffer.byte-limit = 33554432 (custom)
2020-11-20 13:30:47,740 [pool-102-thread-1] INFO  server.RaftServerConfigKeys (ConfUtils.java:logGet(44)) - raft.server.log.segment.size.max = 1048576 (custom)
2020-11-20 13:30:47,740 [pool-102-thread-1] INFO  server.RaftServerConfigKeys (ConfUtils.java:logGet(44)) - raft.server.log.segment.cache.num.max = 2 (custom)
2020-11-20 13:30:47,740 [pool-102-thread-1] INFO  segmented.SegmentedRaftLogWorker (SegmentedRaftLogWorker.java:<init>(180)) - new 43a11ad6-f787-4c7d-9e4b-07d0357893bd@group-E7E7A459DEC4-SegmentedRaftLogWorker for RaftStorage:Storage Directory /github/workspace/mnt/ozone/hadoop-ozone/integration-test/target/test-dir/MiniOzoneClusterImpl-88510e19-ed2c-49d7-b179-50c179883a6e/datanode-2/data/ratis/97b050db-3d5e-45bb-9fa1-e7e7a459dec4
2020-11-20 13:30:47,740 [pool-102-thread-1] INFO  server.RaftServerConfigKeys (ConfUtils.java:logGet(44)) - raft.server.log.queue.byte-limit = 2147483647 (custom)
2020-11-20 13:30:47,741 [pool-102-thread-1] INFO  server.RaftServerConfigKeys (ConfUtils.java:logGet(44)) - raft.server.log.queue.element-limit = 1024 (custom)
2020-11-20 13:30:47,741 [pool-102-thread-1] INFO  server.RaftServerConfigKeys (ConfUtils.java:logGet(44)) - raft.server.log.segment.size.max = 1048576 (custom)
2020-11-20 13:30:47,741 [pool-102-thread-1] INFO  server.RaftServerConfigKeys (ConfUtils.java:logGet(44)) - raft.server.log.preallocated.size = 16384 (custom)
2020-11-20 13:30:47,741 [pool-102-thread-1] INFO  server.RaftServerConfigKeys (ConfUtils.java:logGet(44)) - raft.server.log.write.buffer.size = 1048576 (custom)
2020-11-20 13:30:47,742 [pool-102-thread-1] INFO  server.RaftServerConfigKeys (ConfUtils.java:logGet(44)) - raft.server.log.force.sync.num = 128 (default)
2020-11-20 13:30:47,742 [pool-102-thread-1] INFO  server.RaftServerConfigKeys (ConfUtils.java:logGet(44)) - raft.server.log.statemachine.data.sync = true (default)
2020-11-20 13:30:47,742 [pool-102-thread-1] INFO  server.RaftServerConfigKeys (ConfUtils.java:logGet(44)) - raft.server.log.statemachine.data.sync.timeout = 10s (default)
2020-11-20 13:30:47,742 [pool-102-thread-1] INFO  server.RaftServerConfigKeys (ConfUtils.java:logGet(44)) - raft.server.log.statemachine.data.sync.timeout.retry = -1 (default)
2020-11-20 13:30:47,747 [pool-102-thread-1] INFO  server.RaftServerConfigKeys (ConfUtils.java:logGet(44)) - raft.server.log.statemachine.data.caching.enabled = true (custom)
2020-11-20 13:30:47,748 [pool-102-thread-1] INFO  segmented.SegmentedRaftLogWorker (SegmentedRaftLogWorker.java:lambda$new$0(129)) - 43a11ad6-f787-4c7d-9e4b-07d0357893bd@group-E7E7A459DEC4-SegmentedRaftLogWorker: flushIndex: setUnconditionally 0 -> -1
2020-11-20 13:30:47,748 [pool-102-thread-1] INFO  segmented.SegmentedRaftLogWorker (SegmentedRaftLogWorker.java:lambda$new$0(129)) - 43a11ad6-f787-4c7d-9e4b-07d0357893bd@group-E7E7A459DEC4-SegmentedRaftLogWorker: safeCacheEvictIndex: setUnconditionally 0 -> -1
2020-11-20 13:30:47,748 [pool-102-thread-1] INFO  server.RaftServerConfigKeys (ConfUtils.java:logGet(44)) - raft.server.snapshot.auto.trigger.enabled = true (custom)
2020-11-20 13:30:47,748 [pool-102-thread-1] INFO  server.RaftServerConfigKeys (ConfUtils.java:logGet(44)) - raft.server.snapshot.auto.trigger.threshold = 10000 (custom)
2020-11-20 13:30:47,749 [pool-102-thread-1] INFO  server.RaftServerConfigKeys (ConfUtils.java:logGet(44)) - raft.server.snapshot.retention.file.num = 5 (custom)
2020-11-20 13:30:47,749 [pool-102-thread-1] INFO  server.RaftServerConfigKeys (ConfUtils.java:logGet(44)) - raft.server.log.purge.upto.snapshot.index = false (default)
2020-11-20 13:30:47,749 [pool-102-thread-1] INFO  server.RaftServerConfigKeys (ConfUtils.java:logGet(44)) - raft.server.retrycache.expirytime = 600000ms (custom)
2020-11-20 13:30:47,749 [pool-102-thread-1] INFO  metrics.RatisMetrics (RatisMetrics.java:lambda$create$0(36)) - Creating Metrics Registry : ratis.leader_election.43a11ad6-f787-4c7d-9e4b-07d0357893bd@group-E7E7A459DEC4
2020-11-20 13:30:47,749 [pool-102-thread-1] INFO  metrics.RatisMetrics (RatisMetrics.java:lambda$create$0(36)) - Creating Metrics Registry : ratis.server.43a11ad6-f787-4c7d-9e4b-07d0357893bd@group-E7E7A459DEC4
2020-11-20 13:30:47,750 [pool-102-thread-1] INFO  impl.RaftServerImpl (RaftServerImpl.java:start(209)) - 43a11ad6-f787-4c7d-9e4b-07d0357893bd@group-E7E7A459DEC4: start as a follower, conf=-1: [5891ba3b-fbfe-4ac0-a934-62139bd80922:172.17.0.2:33561:0, f24dc68e-1162-4671-a167-fccf63b21a74:172.17.0.2:36891:0, 43a11ad6-f787-4c7d-9e4b-07d0357893bd:172.17.0.2:43219:0], old=null
2020-11-20 13:30:47,750 [pool-102-thread-1] INFO  impl.RaftServerImpl (RaftServerImpl.java:setRole(198)) - 43a11ad6-f787-4c7d-9e4b-07d0357893bd@group-E7E7A459DEC4: changes role from      null to FOLLOWER at term 0 for startAsFollower
2020-11-20 13:30:47,750 [pool-102-thread-1] INFO  impl.RoleInfo (RoleInfo.java:updateAndGet(143)) - 43a11ad6-f787-4c7d-9e4b-07d0357893bd: start FollowerState
2020-11-20 13:30:47,754 [pool-102-thread-1] INFO  util.JmxRegister (JmxRegister.java:tryRegister(44)) - Successfully registered JMX Bean with object name Ratis:service=RaftServer,group=group-E7E7A459DEC4,id=43a11ad6-f787-4c7d-9e4b-07d0357893bd
2020-11-20 13:30:47,754 [pool-102-thread-1] INFO  metrics.RatisMetrics (RatisMetrics.java:lambda$create$0(36)) - Creating Metrics Registry : ratis.state_machine.43a11ad6-f787-4c7d-9e4b-07d0357893bd@group-E7E7A459DEC4
2020-11-20 13:30:47,780 [Command processor thread] INFO  metrics.RatisMetrics (RatisMetrics.java:lambda$create$0(36)) - Creating Metrics Registry : ratis.client_message_metrics.client-2798466DB243->f24dc68e-1162-4671-a167-fccf63b21a74
2020-11-20 13:30:47,790 [grpc-default-executor-5] INFO  metrics.RatisMetrics (RatisMetrics.java:lambda$create$0(36)) - Creating Metrics Registry : ratis.server_message_metrics.f24dc68e-1162-4671-a167-fccf63b21a74
2020-11-20 13:30:47,792 [grpc-default-executor-5] INFO  impl.RaftServerProxy (RaftServerProxy.java:addNew(92)) - f24dc68e-1162-4671-a167-fccf63b21a74: addNew group-E7E7A459DEC4:[5891ba3b-fbfe-4ac0-a934-62139bd80922:172.17.0.2:33561:0, f24dc68e-1162-4671-a167-fccf63b21a74:172.17.0.2:36891:0, 43a11ad6-f787-4c7d-9e4b-07d0357893bd:172.17.0.2:43219:0] returns group-E7E7A459DEC4:java.util.concurrent.CompletableFuture@64a3883f[Not completed]
2020-11-20 13:30:47,803 [pool-85-thread-1] INFO  impl.RaftServerImpl (RaftServerImpl.java:<init>(120)) - f24dc68e-1162-4671-a167-fccf63b21a74: new RaftServerImpl for group-E7E7A459DEC4:[5891ba3b-fbfe-4ac0-a934-62139bd80922:172.17.0.2:33561:0, f24dc68e-1162-4671-a167-fccf63b21a74:172.17.0.2:36891:0, 43a11ad6-f787-4c7d-9e4b-07d0357893bd:172.17.0.2:43219:0] with ContainerStateMachine:uninitialized
2020-11-20 13:30:47,804 [pool-85-thread-1] INFO  server.RaftServerConfigKeys (ConfUtils.java:logGet(44)) - raft.server.rpc.timeout.min = 5s (custom)
2020-11-20 13:30:47,804 [pool-85-thread-1] INFO  server.RaftServerConfigKeys (ConfUtils.java:logGet(44)) - raft.server.rpc.timeout.max = 5200ms (custom)
2020-11-20 13:30:47,804 [pool-85-thread-1] INFO  server.RaftServerConfigKeys (ConfUtils.java:logGet(44)) - raft.server.rpcslowness.timeout = 300s (custom)
2020-11-20 13:30:47,805 [pool-85-thread-1] INFO  server.RaftServerConfigKeys (ConfUtils.java:logGet(44)) - raft.server.sleep.deviation.threshold = 300 (default)
2020-11-20 13:30:47,805 [pool-85-thread-1] INFO  server.RaftServerConfigKeys (ConfUtils.java:logGet(44)) - raft.server.log.appender.install.snapshot.enabled = false (custom)
2020-11-20 13:30:47,805 [pool-85-thread-1] INFO  impl.RaftServerImpl (ServerState.java:<init>(104)) - f24dc68e-1162-4671-a167-fccf63b21a74@group-E7E7A459DEC4: ConfigurationManager, init=-1: [5891ba3b-fbfe-4ac0-a934-62139bd80922:172.17.0.2:33561:0, f24dc68e-1162-4671-a167-fccf63b21a74:172.17.0.2:36891:0, 43a11ad6-f787-4c7d-9e4b-07d0357893bd:172.17.0.2:43219:0], old=null, confs=<EMPTY_MAP>
2020-11-20 13:30:47,805 [pool-85-thread-1] INFO  server.RaftServerConfigKeys (ConfUtils.java:logGet(44)) - raft.server.storage.dir = [/github/workspace/mnt/ozone/hadoop-ozone/integration-test/target/test-dir/MiniOzoneClusterImpl-88510e19-ed2c-49d7-b179-50c179883a6e/datanode-1/data/ratis] (custom)
2020-11-20 13:30:47,805 [pool-85-thread-1] INFO  server.RaftServerConfigKeys (ConfUtils.java:logGet(44)) - raft.server.log.corruption.policy = EXCEPTION (default)
2020-11-20 13:30:47,805 [pool-85-thread-1] INFO  storage.RaftStorageDirectory (RaftStorageDirectory.java:analyzeStorage(261)) - The storage directory /github/workspace/mnt/ozone/hadoop-ozone/integration-test/target/test-dir/MiniOzoneClusterImpl-88510e19-ed2c-49d7-b179-50c179883a6e/datanode-1/data/ratis/97b050db-3d5e-45bb-9fa1-e7e7a459dec4 does not exist. Creating ...
2020-11-20 13:30:47,806 [pool-85-thread-1] INFO  storage.RaftStorageDirectory (RaftStorageDirectory.java:tryLock(343)) - Lock on /github/workspace/mnt/ozone/hadoop-ozone/integration-test/target/test-dir/MiniOzoneClusterImpl-88510e19-ed2c-49d7-b179-50c179883a6e/datanode-1/data/ratis/97b050db-3d5e-45bb-9fa1-e7e7a459dec4/in_use.lock acquired by nodename 15306@f2122719ba2e
2020-11-20 13:30:47,807 [pool-85-thread-1] INFO  storage.RaftStorage (RaftStorage.java:format(84)) - Storage directory /github/workspace/mnt/ozone/hadoop-ozone/integration-test/target/test-dir/MiniOzoneClusterImpl-88510e19-ed2c-49d7-b179-50c179883a6e/datanode-1/data/ratis/97b050db-3d5e-45bb-9fa1-e7e7a459dec4 has been successfully formatted.
2020-11-20 13:30:47,812 [pool-85-thread-1] INFO  ratis.ContainerStateMachine (ContainerStateMachine.java:loadSnapshot(225)) - group-E7E7A459DEC4: The snapshot info is null. Setting the last applied indexto:(t:0, i:~)
2020-11-20 13:30:47,813 [pool-85-thread-1] INFO  server.RaftServerConfigKeys (ConfUtils.java:logGet(44)) - raft.server.notification.no-leader.timeout = 300s (custom)
2020-11-20 13:30:47,813 [pool-85-thread-1] INFO  server.RaftServerConfigKeys (ConfUtils.java:logGet(44)) - raft.server.log.use.memory = false (default)
2020-11-20 13:30:47,813 [pool-85-thread-1] INFO  server.RaftServerConfigKeys (ConfUtils.java:logGet(44)) - raft.server.log.purge.gap = 1000000 (custom)
2020-11-20 13:30:47,813 [pool-85-thread-1] INFO  metrics.RatisMetrics (RatisMetrics.java:lambda$create$0(36)) - Creating Metrics Registry : ratis.log_worker.f24dc68e-1162-4671-a167-fccf63b21a74@group-E7E7A459DEC4
2020-11-20 13:30:47,813 [pool-85-thread-1] INFO  server.RaftServerConfigKeys (ConfUtils.java:logGet(44)) - raft.server.log.appender.buffer.byte-limit = 33554432 (custom)
2020-11-20 13:30:47,814 [pool-85-thread-1] INFO  server.RaftServerConfigKeys (ConfUtils.java:logGet(44)) - raft.server.log.segment.size.max = 1048576 (custom)
2020-11-20 13:30:47,818 [pool-85-thread-1] INFO  server.RaftServerConfigKeys (ConfUtils.java:logGet(44)) - raft.server.log.segment.cache.num.max = 2 (custom)
2020-11-20 13:30:47,818 [pool-85-thread-1] INFO  segmented.SegmentedRaftLogWorker (SegmentedRaftLogWorker.java:<init>(180)) - new f24dc68e-1162-4671-a167-fccf63b21a74@group-E7E7A459DEC4-SegmentedRaftLogWorker for RaftStorage:Storage Directory /github/workspace/mnt/ozone/hadoop-ozone/integration-test/target/test-dir/MiniOzoneClusterImpl-88510e19-ed2c-49d7-b179-50c179883a6e/datanode-1/data/ratis/97b050db-3d5e-45bb-9fa1-e7e7a459dec4
2020-11-20 13:30:47,819 [pool-85-thread-1] INFO  server.RaftServerConfigKeys (ConfUtils.java:logGet(44)) - raft.server.log.queue.byte-limit = 2147483647 (custom)
2020-11-20 13:30:47,819 [pool-85-thread-1] INFO  server.RaftServerConfigKeys (ConfUtils.java:logGet(44)) - raft.server.log.queue.element-limit = 1024 (custom)
2020-11-20 13:30:47,819 [pool-85-thread-1] INFO  server.RaftServerConfigKeys (ConfUtils.java:logGet(44)) - raft.server.log.segment.size.max = 1048576 (custom)
2020-11-20 13:30:47,819 [pool-85-thread-1] INFO  server.RaftServerConfigKeys (ConfUtils.java:logGet(44)) - raft.server.log.preallocated.size = 16384 (custom)
2020-11-20 13:30:47,819 [pool-85-thread-1] INFO  server.RaftServerConfigKeys (ConfUtils.java:logGet(44)) - raft.server.log.write.buffer.size = 1048576 (custom)
2020-11-20 13:30:47,819 [pool-85-thread-1] INFO  server.RaftServerConfigKeys (ConfUtils.java:logGet(44)) - raft.server.log.force.sync.num = 128 (default)
2020-11-20 13:30:47,819 [pool-85-thread-1] INFO  server.RaftServerConfigKeys (ConfUtils.java:logGet(44)) - raft.server.log.statemachine.data.sync = true (default)
2020-11-20 13:30:47,819 [pool-85-thread-1] INFO  server.RaftServerConfigKeys (ConfUtils.java:logGet(44)) - raft.server.log.statemachine.data.sync.timeout = 10s (default)
2020-11-20 13:30:47,819 [pool-85-thread-1] INFO  server.RaftServerConfigKeys (ConfUtils.java:logGet(44)) - raft.server.log.statemachine.data.sync.timeout.retry = -1 (default)
2020-11-20 13:30:47,823 [EventQueue-PipelineReportForOneReplicaPipelineSafeModeRule] INFO  safemode.SCMSafeModeManager (SCMSafeModeManager.java:validateSafeModeExitRules(214)) - AtleastOneDatanodeReportedRule rule is successfully validated
2020-11-20 13:30:47,824 [pool-85-thread-1] INFO  server.RaftServerConfigKeys (ConfUtils.java:logGet(44)) - raft.server.log.statemachine.data.caching.enabled = true (custom)
2020-11-20 13:30:47,824 [pool-85-thread-1] INFO  segmented.SegmentedRaftLogWorker (SegmentedRaftLogWorker.java:lambda$new$0(129)) - f24dc68e-1162-4671-a167-fccf63b21a74@group-E7E7A459DEC4-SegmentedRaftLogWorker: flushIndex: setUnconditionally 0 -> -1
2020-11-20 13:30:47,824 [pool-85-thread-1] INFO  segmented.SegmentedRaftLogWorker (SegmentedRaftLogWorker.java:lambda$new$0(129)) - f24dc68e-1162-4671-a167-fccf63b21a74@group-E7E7A459DEC4-SegmentedRaftLogWorker: safeCacheEvictIndex: setUnconditionally 0 -> -1
2020-11-20 13:30:47,825 [pool-85-thread-1] INFO  server.RaftServerConfigKeys (ConfUtils.java:logGet(44)) - raft.server.snapshot.auto.trigger.enabled = true (custom)
2020-11-20 13:30:47,826 [pool-85-thread-1] INFO  server.RaftServerConfigKeys (ConfUtils.java:logGet(44)) - raft.server.snapshot.auto.trigger.threshold = 10000 (custom)
2020-11-20 13:30:47,826 [pool-85-thread-1] INFO  server.RaftServerConfigKeys (ConfUtils.java:logGet(44)) - raft.server.snapshot.retention.file.num = 5 (custom)
2020-11-20 13:30:47,826 [pool-85-thread-1] INFO  server.RaftServerConfigKeys (ConfUtils.java:logGet(44)) - raft.server.log.purge.upto.snapshot.index = false (default)
2020-11-20 13:30:47,826 [pool-85-thread-1] INFO  server.RaftServerConfigKeys (ConfUtils.java:logGet(44)) - raft.server.retrycache.expirytime = 600000ms (custom)
2020-11-20 13:30:47,826 [pool-85-thread-1] INFO  metrics.RatisMetrics (RatisMetrics.java:lambda$create$0(36)) - Creating Metrics Registry : ratis.leader_election.f24dc68e-1162-4671-a167-fccf63b21a74@group-E7E7A459DEC4
2020-11-20 13:30:47,826 [pool-85-thread-1] INFO  metrics.RatisMetrics (RatisMetrics.java:lambda$create$0(36)) - Creating Metrics Registry : ratis.server.f24dc68e-1162-4671-a167-fccf63b21a74@group-E7E7A459DEC4
2020-11-20 13:30:47,827 [pool-85-thread-1] INFO  impl.RaftServerImpl (RaftServerImpl.java:start(209)) - f24dc68e-1162-4671-a167-fccf63b21a74@group-E7E7A459DEC4: start as a follower, conf=-1: [5891ba3b-fbfe-4ac0-a934-62139bd80922:172.17.0.2:33561:0, f24dc68e-1162-4671-a167-fccf63b21a74:172.17.0.2:36891:0, 43a11ad6-f787-4c7d-9e4b-07d0357893bd:172.17.0.2:43219:0], old=null
2020-11-20 13:30:47,827 [pool-85-thread-1] INFO  impl.RaftServerImpl (RaftServerImpl.java:setRole(198)) - f24dc68e-1162-4671-a167-fccf63b21a74@group-E7E7A459DEC4: changes role from      null to FOLLOWER at term 0 for startAsFollower
2020-11-20 13:30:47,827 [pool-85-thread-1] INFO  impl.RoleInfo (RoleInfo.java:updateAndGet(143)) - f24dc68e-1162-4671-a167-fccf63b21a74: start FollowerState
2020-11-20 13:30:47,828 [pool-85-thread-1] INFO  util.JmxRegister (JmxRegister.java:tryRegister(44)) - Successfully registered JMX Bean with object name Ratis:service=RaftServer,group=group-E7E7A459DEC4,id=f24dc68e-1162-4671-a167-fccf63b21a74
2020-11-20 13:30:47,828 [pool-85-thread-1] INFO  metrics.RatisMetrics (RatisMetrics.java:lambda$create$0(36)) - Creating Metrics Registry : ratis.state_machine.f24dc68e-1162-4671-a167-fccf63b21a74@group-E7E7A459DEC4
2020-11-20 13:30:47,837 [Command processor thread] INFO  commandhandler.CreatePipelineCommandHandler (CreatePipelineCommandHandler.java:handle(106)) - Created Pipeline RATIS THREE PipelineID=97b050db-3d5e-45bb-9fa1-e7e7a459dec4.
2020-11-20 13:30:48,175 [Command processor thread] INFO  impl.RaftServerProxy (RaftServerProxy.java:addNew(92)) - f24dc68e-1162-4671-a167-fccf63b21a74: addNew group-2A2AD42065CE:[f24dc68e-1162-4671-a167-fccf63b21a74:172.17.0.2:36891:0] returns group-2A2AD42065CE:java.util.concurrent.CompletableFuture@1708ae4c[Not completed]
2020-11-20 13:30:48,176 [pool-85-thread-1] INFO  impl.RaftServerImpl (RaftServerImpl.java:<init>(120)) - f24dc68e-1162-4671-a167-fccf63b21a74: new RaftServerImpl for group-2A2AD42065CE:[f24dc68e-1162-4671-a167-fccf63b21a74:172.17.0.2:36891:0] with ContainerStateMachine:uninitialized
2020-11-20 13:30:48,177 [pool-85-thread-1] INFO  server.RaftServerConfigKeys (ConfUtils.java:logGet(44)) - raft.server.rpc.timeout.min = 5s (custom)
2020-11-20 13:30:48,177 [pool-85-thread-1] INFO  server.RaftServerConfigKeys (ConfUtils.java:logGet(44)) - raft.server.rpc.timeout.max = 5200ms (custom)
2020-11-20 13:30:48,177 [pool-85-thread-1] INFO  server.RaftServerConfigKeys (ConfUtils.java:logGet(44)) - raft.server.rpcslowness.timeout = 300s (custom)
2020-11-20 13:30:48,177 [pool-85-thread-1] INFO  server.RaftServerConfigKeys (ConfUtils.java:logGet(44)) - raft.server.sleep.deviation.threshold = 300 (default)
2020-11-20 13:30:48,177 [pool-85-thread-1] INFO  server.RaftServerConfigKeys (ConfUtils.java:logGet(44)) - raft.server.log.appender.install.snapshot.enabled = false (custom)
2020-11-20 13:30:48,177 [pool-85-thread-1] INFO  impl.RaftServerImpl (ServerState.java:<init>(104)) - f24dc68e-1162-4671-a167-fccf63b21a74@group-2A2AD42065CE: ConfigurationManager, init=-1: [f24dc68e-1162-4671-a167-fccf63b21a74:172.17.0.2:36891:0], old=null, confs=<EMPTY_MAP>
2020-11-20 13:30:48,177 [pool-85-thread-1] INFO  server.RaftServerConfigKeys (ConfUtils.java:logGet(44)) - raft.server.storage.dir = [/github/workspace/mnt/ozone/hadoop-ozone/integration-test/target/test-dir/MiniOzoneClusterImpl-88510e19-ed2c-49d7-b179-50c179883a6e/datanode-1/data/ratis] (custom)
2020-11-20 13:30:48,178 [pool-85-thread-1] INFO  server.RaftServerConfigKeys (ConfUtils.java:logGet(44)) - raft.server.log.corruption.policy = EXCEPTION (default)
2020-11-20 13:30:48,179 [pool-85-thread-1] INFO  storage.RaftStorageDirectory (RaftStorageDirectory.java:analyzeStorage(261)) - The storage directory /github/workspace/mnt/ozone/hadoop-ozone/integration-test/target/test-dir/MiniOzoneClusterImpl-88510e19-ed2c-49d7-b179-50c179883a6e/datanode-1/data/ratis/39449a89-8cbd-45df-b6e9-2a2ad42065ce does not exist. Creating ...
2020-11-20 13:30:48,180 [pool-85-thread-1] INFO  storage.RaftStorageDirectory (RaftStorageDirectory.java:tryLock(343)) - Lock on /github/workspace/mnt/ozone/hadoop-ozone/integration-test/target/test-dir/MiniOzoneClusterImpl-88510e19-ed2c-49d7-b179-50c179883a6e/datanode-1/data/ratis/39449a89-8cbd-45df-b6e9-2a2ad42065ce/in_use.lock acquired by nodename 15306@f2122719ba2e
2020-11-20 13:30:48,184 [pool-85-thread-1] INFO  storage.RaftStorage (RaftStorage.java:format(84)) - Storage directory /github/workspace/mnt/ozone/hadoop-ozone/integration-test/target/test-dir/MiniOzoneClusterImpl-88510e19-ed2c-49d7-b179-50c179883a6e/datanode-1/data/ratis/39449a89-8cbd-45df-b6e9-2a2ad42065ce has been successfully formatted.
2020-11-20 13:30:48,184 [pool-85-thread-1] INFO  ratis.ContainerStateMachine (ContainerStateMachine.java:loadSnapshot(225)) - group-2A2AD42065CE: The snapshot info is null. Setting the last applied indexto:(t:0, i:~)
2020-11-20 13:30:48,184 [pool-85-thread-1] INFO  server.RaftServerConfigKeys (ConfUtils.java:logGet(44)) - raft.server.notification.no-leader.timeout = 300s (custom)
2020-11-20 13:30:48,184 [pool-85-thread-1] INFO  server.RaftServerConfigKeys (ConfUtils.java:logGet(44)) - raft.server.log.use.memory = false (default)
2020-11-20 13:30:48,184 [pool-85-thread-1] INFO  server.RaftServerConfigKeys (ConfUtils.java:logGet(44)) - raft.server.log.purge.gap = 1000000 (custom)
2020-11-20 13:30:48,184 [pool-85-thread-1] INFO  metrics.RatisMetrics (RatisMetrics.java:lambda$create$0(36)) - Creating Metrics Registry : ratis.log_worker.f24dc68e-1162-4671-a167-fccf63b21a74@group-2A2AD42065CE
2020-11-20 13:30:48,185 [pool-85-thread-1] INFO  server.RaftServerConfigKeys (ConfUtils.java:logGet(44)) - raft.server.log.appender.buffer.byte-limit = 33554432 (custom)
2020-11-20 13:30:48,185 [pool-85-thread-1] INFO  server.RaftServerConfigKeys (ConfUtils.java:logGet(44)) - raft.server.log.segment.size.max = 1048576 (custom)
2020-11-20 13:30:48,185 [pool-85-thread-1] INFO  server.RaftServerConfigKeys (ConfUtils.java:logGet(44)) - raft.server.log.segment.cache.num.max = 2 (custom)
2020-11-20 13:30:48,186 [pool-85-thread-1] INFO  segmented.SegmentedRaftLogWorker (SegmentedRaftLogWorker.java:<init>(180)) - new f24dc68e-1162-4671-a167-fccf63b21a74@group-2A2AD42065CE-SegmentedRaftLogWorker for RaftStorage:Storage Directory /github/workspace/mnt/ozone/hadoop-ozone/integration-test/target/test-dir/MiniOzoneClusterImpl-88510e19-ed2c-49d7-b179-50c179883a6e/datanode-1/data/ratis/39449a89-8cbd-45df-b6e9-2a2ad42065ce
2020-11-20 13:30:48,186 [pool-85-thread-1] INFO  server.RaftServerConfigKeys (ConfUtils.java:logGet(44)) - raft.server.log.queue.byte-limit = 2147483647 (custom)
2020-11-20 13:30:48,186 [pool-85-thread-1] INFO  server.RaftServerConfigKeys (ConfUtils.java:logGet(44)) - raft.server.log.queue.element-limit = 1024 (custom)
2020-11-20 13:30:48,187 [pool-85-thread-1] INFO  server.RaftServerConfigKeys (ConfUtils.java:logGet(44)) - raft.server.log.segment.size.max = 1048576 (custom)
2020-11-20 13:30:48,187 [pool-85-thread-1] INFO  server.RaftServerConfigKeys (ConfUtils.java:logGet(44)) - raft.server.log.preallocated.size = 16384 (custom)
2020-11-20 13:30:48,187 [pool-85-thread-1] INFO  server.RaftServerConfigKeys (ConfUtils.java:logGet(44)) - raft.server.log.write.buffer.size = 1048576 (custom)
2020-11-20 13:30:48,187 [pool-85-thread-1] INFO  server.RaftServerConfigKeys (ConfUtils.java:logGet(44)) - raft.server.log.force.sync.num = 128 (default)
2020-11-20 13:30:48,187 [pool-85-thread-1] INFO  server.RaftServerConfigKeys (ConfUtils.java:logGet(44)) - raft.server.log.statemachine.data.sync = true (default)
2020-11-20 13:30:48,187 [pool-85-thread-1] INFO  server.RaftServerConfigKeys (ConfUtils.java:logGet(44)) - raft.server.log.statemachine.data.sync.timeout = 10s (default)
2020-11-20 13:30:48,187 [pool-85-thread-1] INFO  server.RaftServerConfigKeys (ConfUtils.java:logGet(44)) - raft.server.log.statemachine.data.sync.timeout.retry = -1 (default)
2020-11-20 13:30:48,188 [EventQueue-PipelineReportForOneReplicaPipelineSafeModeRule] INFO  safemode.SCMSafeModeManager (SCMSafeModeManager.java:validateSafeModeExitRules(214)) - AtleastOneDatanodeReportedRule rule is successfully validated
2020-11-20 13:30:48,189 [EventQueue-PipelineReportForPipelineReportHandler] INFO  pipeline.PipelineStateManager (PipelineStateManager.java:openPipeline(132)) - Pipeline Pipeline[ Id: 39449a89-8cbd-45df-b6e9-2a2ad42065ce, Nodes: f24dc68e-1162-4671-a167-fccf63b21a74{ip: 172.17.0.2, host: f2122719ba2e, networkLocation: /default-rack, certSerialId: null}, Type:RATIS, Factor:ONE, State:ALLOCATED, leaderId:f24dc68e-1162-4671-a167-fccf63b21a74, CreationTimestamp2020-11-20T13:30:45.178Z] moved to OPEN state
2020-11-20 13:30:48,189 [EventQueue-OpenPipelineForHealthyPipelineSafeModeRule] INFO  safemode.SCMSafeModeManager (HealthyPipelineSafeModeRule.java:process(128)) - SCM in safe mode. Healthy pipelines reported count is 0, required healthy pipeline reported count is 1
2020-11-20 13:30:48,190 [pool-85-thread-1] INFO  server.RaftServerConfigKeys (ConfUtils.java:logGet(44)) - raft.server.log.statemachine.data.caching.enabled = true (custom)
2020-11-20 13:30:48,191 [pool-85-thread-1] INFO  segmented.SegmentedRaftLogWorker (SegmentedRaftLogWorker.java:lambda$new$0(129)) - f24dc68e-1162-4671-a167-fccf63b21a74@group-2A2AD42065CE-SegmentedRaftLogWorker: flushIndex: setUnconditionally 0 -> -1
2020-11-20 13:30:48,191 [pool-85-thread-1] INFO  segmented.SegmentedRaftLogWorker (SegmentedRaftLogWorker.java:lambda$new$0(129)) - f24dc68e-1162-4671-a167-fccf63b21a74@group-2A2AD42065CE-SegmentedRaftLogWorker: safeCacheEvictIndex: setUnconditionally 0 -> -1
2020-11-20 13:30:48,191 [pool-85-thread-1] INFO  server.RaftServerConfigKeys (ConfUtils.java:logGet(44)) - raft.server.snapshot.auto.trigger.enabled = true (custom)
2020-11-20 13:30:48,192 [pool-85-thread-1] INFO  server.RaftServerConfigKeys (ConfUtils.java:logGet(44)) - raft.server.snapshot.auto.trigger.threshold = 10000 (custom)
2020-11-20 13:30:48,192 [pool-85-thread-1] INFO  server.RaftServerConfigKeys (ConfUtils.java:logGet(44)) - raft.server.snapshot.retention.file.num = 5 (custom)
2020-11-20 13:30:48,193 [pool-85-thread-1] INFO  server.RaftServerConfigKeys (ConfUtils.java:logGet(44)) - raft.server.log.purge.upto.snapshot.index = false (default)
2020-11-20 13:30:48,193 [pool-85-thread-1] INFO  server.RaftServerConfigKeys (ConfUtils.java:logGet(44)) - raft.server.retrycache.expirytime = 600000ms (custom)
2020-11-20 13:30:48,193 [pool-85-thread-1] INFO  metrics.RatisMetrics (RatisMetrics.java:lambda$create$0(36)) - Creating Metrics Registry : ratis.leader_election.f24dc68e-1162-4671-a167-fccf63b21a74@group-2A2AD42065CE
2020-11-20 13:30:48,194 [pool-85-thread-1] INFO  metrics.RatisMetrics (RatisMetrics.java:lambda$create$0(36)) - Creating Metrics Registry : ratis.server.f24dc68e-1162-4671-a167-fccf63b21a74@group-2A2AD42065CE
2020-11-20 13:30:48,196 [pool-85-thread-1] INFO  impl.RaftServerImpl (RaftServerImpl.java:start(209)) - f24dc68e-1162-4671-a167-fccf63b21a74@group-2A2AD42065CE: start as a follower, conf=-1: [f24dc68e-1162-4671-a167-fccf63b21a74:172.17.0.2:36891:0], old=null
2020-11-20 13:30:48,196 [pool-85-thread-1] INFO  impl.RaftServerImpl (RaftServerImpl.java:setRole(198)) - f24dc68e-1162-4671-a167-fccf63b21a74@group-2A2AD42065CE: changes role from      null to FOLLOWER at term 0 for startAsFollower
2020-11-20 13:30:48,196 [pool-85-thread-1] INFO  impl.RoleInfo (RoleInfo.java:updateAndGet(143)) - f24dc68e-1162-4671-a167-fccf63b21a74: start FollowerState
2020-11-20 13:30:48,196 [pool-85-thread-1] INFO  util.JmxRegister (JmxRegister.java:tryRegister(44)) - Successfully registered JMX Bean with object name Ratis:service=RaftServer,group=group-2A2AD42065CE,id=f24dc68e-1162-4671-a167-fccf63b21a74
2020-11-20 13:30:48,196 [pool-85-thread-1] INFO  metrics.RatisMetrics (RatisMetrics.java:lambda$create$0(36)) - Creating Metrics Registry : ratis.state_machine.f24dc68e-1162-4671-a167-fccf63b21a74@group-2A2AD42065CE
2020-11-20 13:30:48,198 [Command processor thread] INFO  commandhandler.CreatePipelineCommandHandler (CreatePipelineCommandHandler.java:handle(106)) - Created Pipeline RATIS ONE PipelineID=39449a89-8cbd-45df-b6e9-2a2ad42065ce.
2020-11-20 13:30:48,392 [Listener at 127.0.0.1/12948] INFO  ozone.MiniOzoneClusterImpl (MiniOzoneClusterImpl.java:lambda$waitForClusterToBeReady$0(178)) - Nodes are ready. Got 3 of 3 DN Heartbeats.
2020-11-20 13:30:48,392 [Listener at 127.0.0.1/12948] INFO  ozone.MiniOzoneClusterImpl (MiniOzoneClusterImpl.java:lambda$waitForClusterToBeReady$0(181)) - Waiting for cluster to exit safe mode
2020-11-20 13:30:48,404 [Command processor thread] INFO  impl.RaftServerProxy (RaftServerProxy.java:addNew(92)) - 43a11ad6-f787-4c7d-9e4b-07d0357893bd: addNew group-CC30B8CF33BD:[43a11ad6-f787-4c7d-9e4b-07d0357893bd:172.17.0.2:43219:0] returns group-CC30B8CF33BD:java.util.concurrent.CompletableFuture@6c02b3d[Not completed]
2020-11-20 13:30:48,405 [pool-102-thread-1] INFO  impl.RaftServerImpl (RaftServerImpl.java:<init>(120)) - 43a11ad6-f787-4c7d-9e4b-07d0357893bd: new RaftServerImpl for group-CC30B8CF33BD:[43a11ad6-f787-4c7d-9e4b-07d0357893bd:172.17.0.2:43219:0] with ContainerStateMachine:uninitialized
2020-11-20 13:30:48,405 [pool-102-thread-1] INFO  server.RaftServerConfigKeys (ConfUtils.java:logGet(44)) - raft.server.rpc.timeout.min = 5s (custom)
2020-11-20 13:30:48,405 [pool-102-thread-1] INFO  server.RaftServerConfigKeys (ConfUtils.java:logGet(44)) - raft.server.rpc.timeout.max = 5200ms (custom)
2020-11-20 13:30:48,405 [pool-102-thread-1] INFO  server.RaftServerConfigKeys (ConfUtils.java:logGet(44)) - raft.server.rpcslowness.timeout = 300s (custom)
2020-11-20 13:30:48,405 [pool-102-thread-1] INFO  server.RaftServerConfigKeys (ConfUtils.java:logGet(44)) - raft.server.sleep.deviation.threshold = 300 (default)
2020-11-20 13:30:48,405 [pool-102-thread-1] INFO  server.RaftServerConfigKeys (ConfUtils.java:logGet(44)) - raft.server.log.appender.install.snapshot.enabled = false (custom)
2020-11-20 13:30:48,405 [pool-102-thread-1] INFO  impl.RaftServerImpl (ServerState.java:<init>(104)) - 43a11ad6-f787-4c7d-9e4b-07d0357893bd@group-CC30B8CF33BD: ConfigurationManager, init=-1: [43a11ad6-f787-4c7d-9e4b-07d0357893bd:172.17.0.2:43219:0], old=null, confs=<EMPTY_MAP>
2020-11-20 13:30:48,405 [pool-102-thread-1] INFO  server.RaftServerConfigKeys (ConfUtils.java:logGet(44)) - raft.server.storage.dir = [/github/workspace/mnt/ozone/hadoop-ozone/integration-test/target/test-dir/MiniOzoneClusterImpl-88510e19-ed2c-49d7-b179-50c179883a6e/datanode-2/data/ratis] (custom)
2020-11-20 13:30:48,405 [pool-102-thread-1] INFO  server.RaftServerConfigKeys (ConfUtils.java:logGet(44)) - raft.server.log.corruption.policy = EXCEPTION (default)
2020-11-20 13:30:48,406 [pool-102-thread-1] INFO  storage.RaftStorageDirectory (RaftStorageDirectory.java:analyzeStorage(261)) - The storage directory /github/workspace/mnt/ozone/hadoop-ozone/integration-test/target/test-dir/MiniOzoneClusterImpl-88510e19-ed2c-49d7-b179-50c179883a6e/datanode-2/data/ratis/5d657371-0a34-4a26-a748-cc30b8cf33bd does not exist. Creating ...
2020-11-20 13:30:48,407 [pool-102-thread-1] INFO  storage.RaftStorageDirectory (RaftStorageDirectory.java:tryLock(343)) - Lock on /github/workspace/mnt/ozone/hadoop-ozone/integration-test/target/test-dir/MiniOzoneClusterImpl-88510e19-ed2c-49d7-b179-50c179883a6e/datanode-2/data/ratis/5d657371-0a34-4a26-a748-cc30b8cf33bd/in_use.lock acquired by nodename 15306@f2122719ba2e
2020-11-20 13:30:48,409 [pool-102-thread-1] INFO  storage.RaftStorage (RaftStorage.java:format(84)) - Storage directory /github/workspace/mnt/ozone/hadoop-ozone/integration-test/target/test-dir/MiniOzoneClusterImpl-88510e19-ed2c-49d7-b179-50c179883a6e/datanode-2/data/ratis/5d657371-0a34-4a26-a748-cc30b8cf33bd has been successfully formatted.
2020-11-20 13:30:48,409 [pool-102-thread-1] INFO  ratis.ContainerStateMachine (ContainerStateMachine.java:loadSnapshot(225)) - group-CC30B8CF33BD: The snapshot info is null. Setting the last applied indexto:(t:0, i:~)
2020-11-20 13:30:48,409 [pool-102-thread-1] INFO  server.RaftServerConfigKeys (ConfUtils.java:logGet(44)) - raft.server.notification.no-leader.timeout = 300s (custom)
2020-11-20 13:30:48,410 [pool-102-thread-1] INFO  server.RaftServerConfigKeys (ConfUtils.java:logGet(44)) - raft.server.log.use.memory = false (default)
2020-11-20 13:30:48,410 [pool-102-thread-1] INFO  server.RaftServerConfigKeys (ConfUtils.java:logGet(44)) - raft.server.log.purge.gap = 1000000 (custom)
2020-11-20 13:30:48,410 [pool-102-thread-1] INFO  metrics.RatisMetrics (RatisMetrics.java:lambda$create$0(36)) - Creating Metrics Registry : ratis.log_worker.43a11ad6-f787-4c7d-9e4b-07d0357893bd@group-CC30B8CF33BD
2020-11-20 13:30:48,411 [pool-102-thread-1] INFO  server.RaftServerConfigKeys (ConfUtils.java:logGet(44)) - raft.server.log.appender.buffer.byte-limit = 33554432 (custom)
2020-11-20 13:30:48,413 [pool-102-thread-1] INFO  server.RaftServerConfigKeys (ConfUtils.java:logGet(44)) - raft.server.log.segment.size.max = 1048576 (custom)
2020-11-20 13:30:48,413 [EventQueue-PipelineReportForOneReplicaPipelineSafeModeRule] INFO  safemode.SCMSafeModeManager (SCMSafeModeManager.java:validateSafeModeExitRules(214)) - AtleastOneDatanodeReportedRule rule is successfully validated
2020-11-20 13:30:48,413 [EventQueue-PipelineReportForPipelineReportHandler] INFO  pipeline.PipelineStateManager (PipelineStateManager.java:openPipeline(132)) - Pipeline Pipeline[ Id: 5d657371-0a34-4a26-a748-cc30b8cf33bd, Nodes: 43a11ad6-f787-4c7d-9e4b-07d0357893bd{ip: 172.17.0.2, host: f2122719ba2e, networkLocation: /default-rack, certSerialId: null}, Type:RATIS, Factor:ONE, State:ALLOCATED, leaderId:43a11ad6-f787-4c7d-9e4b-07d0357893bd, CreationTimestamp2020-11-20T13:30:45.407Z] moved to OPEN state
2020-11-20 13:30:48,414 [EventQueue-OpenPipelineForHealthyPipelineSafeModeRule] INFO  safemode.SCMSafeModeManager (HealthyPipelineSafeModeRule.java:process(128)) - SCM in safe mode. Healthy pipelines reported count is 0, required healthy pipeline reported count is 1
2020-11-20 13:30:48,414 [pool-102-thread-1] INFO  server.RaftServerConfigKeys (ConfUtils.java:logGet(44)) - raft.server.log.segment.cache.num.max = 2 (custom)
2020-11-20 13:30:48,414 [pool-102-thread-1] INFO  segmented.SegmentedRaftLogWorker (SegmentedRaftLogWorker.java:<init>(180)) - new 43a11ad6-f787-4c7d-9e4b-07d0357893bd@group-CC30B8CF33BD-SegmentedRaftLogWorker for RaftStorage:Storage Directory /github/workspace/mnt/ozone/hadoop-ozone/integration-test/target/test-dir/MiniOzoneClusterImpl-88510e19-ed2c-49d7-b179-50c179883a6e/datanode-2/data/ratis/5d657371-0a34-4a26-a748-cc30b8cf33bd
2020-11-20 13:30:48,414 [pool-102-thread-1] INFO  server.RaftServerConfigKeys (ConfUtils.java:logGet(44)) - raft.server.log.queue.byte-limit = 2147483647 (custom)
2020-11-20 13:30:48,414 [pool-102-thread-1] INFO  server.RaftServerConfigKeys (ConfUtils.java:logGet(44)) - raft.server.log.queue.element-limit = 1024 (custom)
2020-11-20 13:30:48,414 [pool-102-thread-1] INFO  server.RaftServerConfigKeys (ConfUtils.java:logGet(44)) - raft.server.log.segment.size.max = 1048576 (custom)
2020-11-20 13:30:48,415 [pool-102-thread-1] INFO  server.RaftServerConfigKeys (ConfUtils.java:logGet(44)) - raft.server.log.preallocated.size = 16384 (custom)
2020-11-20 13:30:48,415 [pool-102-thread-1] INFO  server.RaftServerConfigKeys (ConfUtils.java:logGet(44)) - raft.server.log.write.buffer.size = 1048576 (custom)
2020-11-20 13:30:48,415 [pool-102-thread-1] INFO  server.RaftServerConfigKeys (ConfUtils.java:logGet(44)) - raft.server.log.force.sync.num = 128 (default)
2020-11-20 13:30:48,415 [pool-102-thread-1] INFO  server.RaftServerConfigKeys (ConfUtils.java:logGet(44)) - raft.server.log.statemachine.data.sync = true (default)
2020-11-20 13:30:48,415 [pool-102-thread-1] INFO  server.RaftServerConfigKeys (ConfUtils.java:logGet(44)) - raft.server.log.statemachine.data.sync.timeout = 10s (default)
2020-11-20 13:30:48,415 [pool-102-thread-1] INFO  server.RaftServerConfigKeys (ConfUtils.java:logGet(44)) - raft.server.log.statemachine.data.sync.timeout.retry = -1 (default)
2020-11-20 13:30:48,416 [pool-102-thread-1] INFO  server.RaftServerConfigKeys (ConfUtils.java:logGet(44)) - raft.server.log.statemachine.data.caching.enabled = true (custom)
2020-11-20 13:30:48,416 [pool-102-thread-1] INFO  segmented.SegmentedRaftLogWorker (SegmentedRaftLogWorker.java:lambda$new$0(129)) - 43a11ad6-f787-4c7d-9e4b-07d0357893bd@group-CC30B8CF33BD-SegmentedRaftLogWorker: flushIndex: setUnconditionally 0 -> -1
2020-11-20 13:30:48,416 [pool-102-thread-1] INFO  segmented.SegmentedRaftLogWorker (SegmentedRaftLogWorker.java:lambda$new$0(129)) - 43a11ad6-f787-4c7d-9e4b-07d0357893bd@group-CC30B8CF33BD-SegmentedRaftLogWorker: safeCacheEvictIndex: setUnconditionally 0 -> -1
2020-11-20 13:30:48,417 [pool-102-thread-1] INFO  server.RaftServerConfigKeys (ConfUtils.java:logGet(44)) - raft.server.snapshot.auto.trigger.enabled = true (custom)
2020-11-20 13:30:48,417 [pool-102-thread-1] INFO  server.RaftServerConfigKeys (ConfUtils.java:logGet(44)) - raft.server.snapshot.auto.trigger.threshold = 10000 (custom)
2020-11-20 13:30:48,417 [pool-102-thread-1] INFO  server.RaftServerConfigKeys (ConfUtils.java:logGet(44)) - raft.server.snapshot.retention.file.num = 5 (custom)
2020-11-20 13:30:48,417 [pool-102-thread-1] INFO  server.RaftServerConfigKeys (ConfUtils.java:logGet(44)) - raft.server.log.purge.upto.snapshot.index = false (default)
2020-11-20 13:30:48,417 [pool-102-thread-1] INFO  server.RaftServerConfigKeys (ConfUtils.java:logGet(44)) - raft.server.retrycache.expirytime = 600000ms (custom)
2020-11-20 13:30:48,417 [pool-102-thread-1] INFO  metrics.RatisMetrics (RatisMetrics.java:lambda$create$0(36)) - Creating Metrics Registry : ratis.leader_election.43a11ad6-f787-4c7d-9e4b-07d0357893bd@group-CC30B8CF33BD
2020-11-20 13:30:48,417 [pool-102-thread-1] INFO  metrics.RatisMetrics (RatisMetrics.java:lambda$create$0(36)) - Creating Metrics Registry : ratis.server.43a11ad6-f787-4c7d-9e4b-07d0357893bd@group-CC30B8CF33BD
2020-11-20 13:30:48,418 [pool-102-thread-1] INFO  impl.RaftServerImpl (RaftServerImpl.java:start(209)) - 43a11ad6-f787-4c7d-9e4b-07d0357893bd@group-CC30B8CF33BD: start as a follower, conf=-1: [43a11ad6-f787-4c7d-9e4b-07d0357893bd:172.17.0.2:43219:0], old=null
2020-11-20 13:30:48,418 [pool-102-thread-1] INFO  impl.RaftServerImpl (RaftServerImpl.java:setRole(198)) - 43a11ad6-f787-4c7d-9e4b-07d0357893bd@group-CC30B8CF33BD: changes role from      null to FOLLOWER at term 0 for startAsFollower
2020-11-20 13:30:48,418 [pool-102-thread-1] INFO  impl.RoleInfo (RoleInfo.java:updateAndGet(143)) - 43a11ad6-f787-4c7d-9e4b-07d0357893bd: start FollowerState
2020-11-20 13:30:48,419 [pool-102-thread-1] INFO  util.JmxRegister (JmxRegister.java:tryRegister(44)) - Successfully registered JMX Bean with object name Ratis:service=RaftServer,group=group-CC30B8CF33BD,id=43a11ad6-f787-4c7d-9e4b-07d0357893bd
2020-11-20 13:30:48,419 [pool-102-thread-1] INFO  metrics.RatisMetrics (RatisMetrics.java:lambda$create$0(36)) - Creating Metrics Registry : ratis.state_machine.43a11ad6-f787-4c7d-9e4b-07d0357893bd@group-CC30B8CF33BD
2020-11-20 13:30:48,419 [Command processor thread] INFO  commandhandler.CreatePipelineCommandHandler (CreatePipelineCommandHandler.java:handle(106)) - Created Pipeline RATIS ONE PipelineID=5d657371-0a34-4a26-a748-cc30b8cf33bd.
2020-11-20 13:30:49,392 [Listener at 127.0.0.1/12948] INFO  ozone.MiniOzoneClusterImpl (MiniOzoneClusterImpl.java:lambda$waitForClusterToBeReady$0(178)) - Nodes are ready. Got 3 of 3 DN Heartbeats.
2020-11-20 13:30:49,392 [Listener at 127.0.0.1/12948] INFO  ozone.MiniOzoneClusterImpl (MiniOzoneClusterImpl.java:lambda$waitForClusterToBeReady$0(181)) - Waiting for cluster to exit safe mode
2020-11-20 13:30:50,392 [Listener at 127.0.0.1/12948] INFO  ozone.MiniOzoneClusterImpl (MiniOzoneClusterImpl.java:lambda$waitForClusterToBeReady$0(178)) - Nodes are ready. Got 3 of 3 DN Heartbeats.
2020-11-20 13:30:50,393 [Listener at 127.0.0.1/12948] INFO  ozone.MiniOzoneClusterImpl (MiniOzoneClusterImpl.java:lambda$waitForClusterToBeReady$0(181)) - Waiting for cluster to exit safe mode
2020-11-20 13:30:51,393 [Listener at 127.0.0.1/12948] INFO  ozone.MiniOzoneClusterImpl (MiniOzoneClusterImpl.java:lambda$waitForClusterToBeReady$0(178)) - Nodes are ready. Got 3 of 3 DN Heartbeats.
2020-11-20 13:30:51,393 [Listener at 127.0.0.1/12948] INFO  ozone.MiniOzoneClusterImpl (MiniOzoneClusterImpl.java:lambda$waitForClusterToBeReady$0(181)) - Waiting for cluster to exit safe mode
2020-11-20 13:30:52,393 [Listener at 127.0.0.1/12948] INFO  ozone.MiniOzoneClusterImpl (MiniOzoneClusterImpl.java:lambda$waitForClusterToBeReady$0(178)) - Nodes are ready. Got 3 of 3 DN Heartbeats.
2020-11-20 13:30:52,394 [Listener at 127.0.0.1/12948] INFO  ozone.MiniOzoneClusterImpl (MiniOzoneClusterImpl.java:lambda$waitForClusterToBeReady$0(181)) - Waiting for cluster to exit safe mode
2020-11-20 13:30:52,792 [Thread-299] INFO  impl.FollowerState (FollowerState.java:run(108)) - 5891ba3b-fbfe-4ac0-a934-62139bd80922@group-3CB81D6A619F-FollowerState: change to CANDIDATE, lastRpcTime:5162ms, electionTimeout:5155ms
2020-11-20 13:30:52,792 [Thread-299] INFO  impl.RoleInfo (RoleInfo.java:shutdownFollowerState(121)) - 5891ba3b-fbfe-4ac0-a934-62139bd80922: shutdown FollowerState
2020-11-20 13:30:52,793 [Thread-299] INFO  impl.RaftServerImpl (RaftServerImpl.java:setRole(198)) - 5891ba3b-fbfe-4ac0-a934-62139bd80922@group-3CB81D6A619F: changes role from  FOLLOWER to CANDIDATE at term 0 for changeToCandidate
2020-11-20 13:30:52,793 [Thread-299] INFO  impl.RoleInfo (RoleInfo.java:updateAndGet(143)) - 5891ba3b-fbfe-4ac0-a934-62139bd80922: start LeaderElection
2020-11-20 13:30:52,802 [Thread-302] INFO  impl.FollowerState (FollowerState.java:run(108)) - 5891ba3b-fbfe-4ac0-a934-62139bd80922@group-E7E7A459DEC4-FollowerState: change to CANDIDATE, lastRpcTime:5134ms, electionTimeout:5131ms
2020-11-20 13:30:52,802 [Thread-302] INFO  impl.RoleInfo (RoleInfo.java:shutdownFollowerState(121)) - 5891ba3b-fbfe-4ac0-a934-62139bd80922: shutdown FollowerState
2020-11-20 13:30:52,803 [Thread-302] INFO  impl.RaftServerImpl (RaftServerImpl.java:setRole(198)) - 5891ba3b-fbfe-4ac0-a934-62139bd80922@group-E7E7A459DEC4: changes role from  FOLLOWER to CANDIDATE at term 0 for changeToCandidate
2020-11-20 13:30:52,803 [Thread-302] INFO  impl.RoleInfo (RoleInfo.java:updateAndGet(143)) - 5891ba3b-fbfe-4ac0-a934-62139bd80922: start LeaderElection
2020-11-20 13:30:52,804 [5891ba3b-fbfe-4ac0-a934-62139bd80922@group-3CB81D6A619F-LeaderElection5] INFO  impl.LeaderElection (LeaderElection.java:askForVotes(210)) - 5891ba3b-fbfe-4ac0-a934-62139bd80922@group-3CB81D6A619F-LeaderElection5: begin an election at term 1 for -1: [5891ba3b-fbfe-4ac0-a934-62139bd80922:172.17.0.2:33561:0], old=null
2020-11-20 13:30:52,804 [5891ba3b-fbfe-4ac0-a934-62139bd80922@group-3CB81D6A619F-LeaderElection5] INFO  impl.RoleInfo (RoleInfo.java:shutdownLeaderElection(134)) - 5891ba3b-fbfe-4ac0-a934-62139bd80922: shutdown LeaderElection
2020-11-20 13:30:52,804 [5891ba3b-fbfe-4ac0-a934-62139bd80922@group-3CB81D6A619F-LeaderElection5] INFO  impl.RaftServerImpl (RaftServerImpl.java:setRole(198)) - 5891ba3b-fbfe-4ac0-a934-62139bd80922@group-3CB81D6A619F: changes role from CANDIDATE to LEADER at term 1 for changeToLeader
2020-11-20 13:30:52,804 [5891ba3b-fbfe-4ac0-a934-62139bd80922@group-3CB81D6A619F-LeaderElection5] INFO  ratis.XceiverServerRatis (XceiverServerRatis.java:handleLeaderChangedNotification(854)) - Leader change notification received for group: group-3CB81D6A619F with new leaderId: 5891ba3b-fbfe-4ac0-a934-62139bd80922
2020-11-20 13:30:52,805 [5891ba3b-fbfe-4ac0-a934-62139bd80922@group-3CB81D6A619F-LeaderElection5] INFO  impl.RaftServerImpl (ServerState.java:setLeader(256)) - 5891ba3b-fbfe-4ac0-a934-62139bd80922@group-3CB81D6A619F: change Leader from null to 5891ba3b-fbfe-4ac0-a934-62139bd80922 at term 1 for becomeLeader, leader elected after 5194ms
2020-11-20 13:30:52,805 [5891ba3b-fbfe-4ac0-a934-62139bd80922@group-3CB81D6A619F-LeaderElection5] INFO  server.RaftServerConfigKeys (ConfUtils.java:logGet(44)) - raft.server.staging.catchup.gap = 1000 (default)
2020-11-20 13:30:52,805 [5891ba3b-fbfe-4ac0-a934-62139bd80922@group-3CB81D6A619F-LeaderElection5] INFO  server.RaftServerConfigKeys (ConfUtils.java:logGet(44)) - raft.server.rpc.sleep.time = 25ms (default)
2020-11-20 13:30:52,805 [5891ba3b-fbfe-4ac0-a934-62139bd80922@group-3CB81D6A619F-LeaderElection5] INFO  metrics.RatisMetrics (RatisMetrics.java:lambda$create$0(36)) - Creating Metrics Registry : ratis.log_appender.5891ba3b-fbfe-4ac0-a934-62139bd80922@group-3CB81D6A619F
2020-11-20 13:30:52,805 [5891ba3b-fbfe-4ac0-a934-62139bd80922@group-3CB81D6A619F-LeaderElection5] INFO  server.RaftServerConfigKeys (ConfUtils.java:logGet(44)) - raft.server.write.element-limit = 1024 (custom)
2020-11-20 13:30:52,805 [5891ba3b-fbfe-4ac0-a934-62139bd80922@group-3CB81D6A619F-LeaderElection5] INFO  server.RaftServerConfigKeys (ConfUtils.java:logGet(44)) - raft.server.write.byte-limit = 1073741824 (custom)
2020-11-20 13:30:52,805 [5891ba3b-fbfe-4ac0-a934-62139bd80922@group-3CB81D6A619F-LeaderElection5] INFO  server.RaftServerConfigKeys (ConfUtils.java:logGet(44)) - raft.server.watch.timeout = 180s (custom)
2020-11-20 13:30:52,805 [5891ba3b-fbfe-4ac0-a934-62139bd80922@group-3CB81D6A619F-LeaderElection5] INFO  server.RaftServerConfigKeys (ConfUtils.java:logGet(44)) - raft.server.watch.timeout.denomination = 1s (default)
2020-11-20 13:30:52,805 [5891ba3b-fbfe-4ac0-a934-62139bd80922@group-3CB81D6A619F-LeaderElection5] INFO  server.RaftServerConfigKeys (ConfUtils.java:logGet(44)) - raft.server.watch.element-limit = 65536 (default)
2020-11-20 13:30:52,806 [5891ba3b-fbfe-4ac0-a934-62139bd80922@group-3CB81D6A619F-LeaderElection5] INFO  impl.RoleInfo (RoleInfo.java:updateAndGet(143)) - 5891ba3b-fbfe-4ac0-a934-62139bd80922: start LeaderState
2020-11-20 13:30:52,806 [5891ba3b-fbfe-4ac0-a934-62139bd80922@group-3CB81D6A619F-LeaderElection5] INFO  segmented.SegmentedRaftLogWorker (SegmentedRaftLogWorker.java:startLogSegment(397)) - 5891ba3b-fbfe-4ac0-a934-62139bd80922@group-3CB81D6A619F-SegmentedRaftLogWorker: Starting segment from index:0
2020-11-20 13:30:52,808 [EventQueue-PipelineReportForOneReplicaPipelineSafeModeRule] INFO  safemode.SCMSafeModeManager (SCMSafeModeManager.java:validateSafeModeExitRules(214)) - AtleastOneDatanodeReportedRule rule is successfully validated
2020-11-20 13:30:52,808 [EventQueue-OpenPipelineForHealthyPipelineSafeModeRule] INFO  safemode.SCMSafeModeManager (HealthyPipelineSafeModeRule.java:process(128)) - SCM in safe mode. Healthy pipelines reported count is 0, required healthy pipeline reported count is 1
2020-11-20 13:30:52,808 [5891ba3b-fbfe-4ac0-a934-62139bd80922@group-3CB81D6A619F-LeaderElection5] INFO  impl.RaftServerImpl (ServerState.java:setRaftConf(374)) - 5891ba3b-fbfe-4ac0-a934-62139bd80922@group-3CB81D6A619F: set configuration 0: [5891ba3b-fbfe-4ac0-a934-62139bd80922:172.17.0.2:33561:0], old=null at 0
2020-11-20 13:30:52,809 [5891ba3b-fbfe-4ac0-a934-62139bd80922@group-3CB81D6A619F-SegmentedRaftLogWorker] INFO  segmented.SegmentedRaftLogWorker (SegmentedRaftLogWorker.java:execute(596)) - 5891ba3b-fbfe-4ac0-a934-62139bd80922@group-3CB81D6A619F-SegmentedRaftLogWorker: created new log segment /github/workspace/mnt/ozone/hadoop-ozone/integration-test/target/test-dir/MiniOzoneClusterImpl-88510e19-ed2c-49d7-b179-50c179883a6e/datanode-0/data/ratis/e5cbdd2b-575e-431f-b1b0-3cb81d6a619f/current/log_inprogress_0
2020-11-20 13:30:52,809 [5891ba3b-fbfe-4ac0-a934-62139bd80922@group-E7E7A459DEC4-LeaderElection6] INFO  impl.LeaderElection (LeaderElection.java:askForVotes(210)) - 5891ba3b-fbfe-4ac0-a934-62139bd80922@group-E7E7A459DEC4-LeaderElection6: begin an election at term 1 for -1: [5891ba3b-fbfe-4ac0-a934-62139bd80922:172.17.0.2:33561:0, f24dc68e-1162-4671-a167-fccf63b21a74:172.17.0.2:36891:0, 43a11ad6-f787-4c7d-9e4b-07d0357893bd:172.17.0.2:43219:0], old=null
2020-11-20 13:30:52,824 [grpc-default-executor-0] INFO  impl.RaftServerImpl (RaftServerImpl.java:setRole(198)) - f24dc68e-1162-4671-a167-fccf63b21a74@group-E7E7A459DEC4: changes role from  FOLLOWER to FOLLOWER at term 1 for recognizeCandidate:5891ba3b-fbfe-4ac0-a934-62139bd80922
2020-11-20 13:30:52,824 [grpc-default-executor-0] INFO  impl.RoleInfo (RoleInfo.java:shutdownFollowerState(121)) - f24dc68e-1162-4671-a167-fccf63b21a74: shutdown FollowerState
2020-11-20 13:30:52,825 [grpc-default-executor-0] INFO  impl.RoleInfo (RoleInfo.java:updateAndGet(143)) - f24dc68e-1162-4671-a167-fccf63b21a74: start FollowerState
2020-11-20 13:30:52,825 [Thread-310] INFO  impl.FollowerState (FollowerState.java:run(117)) - f24dc68e-1162-4671-a167-fccf63b21a74@group-E7E7A459DEC4-FollowerState was interrupted: java.lang.InterruptedException: sleep interrupted
2020-11-20 13:30:52,825 [grpc-default-executor-0] INFO  impl.RaftServerImpl (RaftServerImpl.java:requestVote(923)) -  FOLLOWER f24dc68e-1162-4671-a167-fccf63b21a74@group-E7E7A459DEC4:t1, leader=null, voted=null, raftlog=f24dc68e-1162-4671-a167-fccf63b21a74@group-E7E7A459DEC4-SegmentedRaftLog:OPENED:c-1,f-1,i0, conf=-1: [5891ba3b-fbfe-4ac0-a934-62139bd80922:172.17.0.2:33561:0, f24dc68e-1162-4671-a167-fccf63b21a74:172.17.0.2:36891:0, 43a11ad6-f787-4c7d-9e4b-07d0357893bd:172.17.0.2:43219:0], old=null RUNNING priority:0 candidate:5891ba3b-fbfe-4ac0-a934-62139bd80922:172.17.0.2:33561:0 candidatePriority:0 compare:0
2020-11-20 13:30:52,829 [5891ba3b-fbfe-4ac0-a934-62139bd80922@group-E7E7A459DEC4-LeaderElection6] INFO  impl.LeaderElection (LeaderElection.java:logAndReturn(62)) - 5891ba3b-fbfe-4ac0-a934-62139bd80922@group-E7E7A459DEC4-LeaderElection6: Election PASSED; received 1 response(s) [5891ba3b-fbfe-4ac0-a934-62139bd80922<-f24dc68e-1162-4671-a167-fccf63b21a74#0:OK-t1] and 0 exception(s); 5891ba3b-fbfe-4ac0-a934-62139bd80922@group-E7E7A459DEC4:t1, leader=null, voted=5891ba3b-fbfe-4ac0-a934-62139bd80922, raftlog=5891ba3b-fbfe-4ac0-a934-62139bd80922@group-E7E7A459DEC4-SegmentedRaftLog:OPENED:c-1,f-1,i0, conf=-1: [5891ba3b-fbfe-4ac0-a934-62139bd80922:172.17.0.2:33561:0, f24dc68e-1162-4671-a167-fccf63b21a74:172.17.0.2:36891:0, 43a11ad6-f787-4c7d-9e4b-07d0357893bd:172.17.0.2:43219:0], old=null
2020-11-20 13:30:52,829 [5891ba3b-fbfe-4ac0-a934-62139bd80922@group-E7E7A459DEC4-LeaderElection6] INFO  impl.RoleInfo (RoleInfo.java:shutdownLeaderElection(134)) - 5891ba3b-fbfe-4ac0-a934-62139bd80922: shutdown LeaderElection
2020-11-20 13:30:52,831 [5891ba3b-fbfe-4ac0-a934-62139bd80922@group-E7E7A459DEC4-LeaderElection6] INFO  impl.RaftServerImpl (RaftServerImpl.java:setRole(198)) - 5891ba3b-fbfe-4ac0-a934-62139bd80922@group-E7E7A459DEC4: changes role from CANDIDATE to LEADER at term 1 for changeToLeader
2020-11-20 13:30:52,831 [5891ba3b-fbfe-4ac0-a934-62139bd80922@group-E7E7A459DEC4-LeaderElection6] INFO  ratis.XceiverServerRatis (XceiverServerRatis.java:handleLeaderChangedNotification(854)) - Leader change notification received for group: group-E7E7A459DEC4 with new leaderId: 5891ba3b-fbfe-4ac0-a934-62139bd80922
2020-11-20 13:30:52,832 [5891ba3b-fbfe-4ac0-a934-62139bd80922@group-E7E7A459DEC4-LeaderElection6] INFO  impl.RaftServerImpl (ServerState.java:setLeader(256)) - 5891ba3b-fbfe-4ac0-a934-62139bd80922@group-E7E7A459DEC4: change Leader from null to 5891ba3b-fbfe-4ac0-a934-62139bd80922 at term 1 for becomeLeader, leader elected after 5182ms
2020-11-20 13:30:52,833 [5891ba3b-fbfe-4ac0-a934-62139bd80922@group-E7E7A459DEC4-LeaderElection6] INFO  server.RaftServerConfigKeys (ConfUtils.java:logGet(44)) - raft.server.staging.catchup.gap = 1000 (default)
2020-11-20 13:30:52,833 [5891ba3b-fbfe-4ac0-a934-62139bd80922@group-E7E7A459DEC4-LeaderElection6] INFO  server.RaftServerConfigKeys (ConfUtils.java:logGet(44)) - raft.server.rpc.sleep.time = 25ms (default)
2020-11-20 13:30:52,833 [EventQueue-PipelineReportForOneReplicaPipelineSafeModeRule] INFO  safemode.SCMSafeModeManager (SCMSafeModeManager.java:validateSafeModeExitRules(214)) - AtleastOneDatanodeReportedRule rule is successfully validated
2020-11-20 13:30:52,842 [EventQueue-PipelineReportForPipelineReportHandler] INFO  pipeline.PipelineStateManager (PipelineStateManager.java:openPipeline(132)) - Pipeline Pipeline[ Id: 97b050db-3d5e-45bb-9fa1-e7e7a459dec4, Nodes: 43a11ad6-f787-4c7d-9e4b-07d0357893bd{ip: 172.17.0.2, host: f2122719ba2e, networkLocation: /default-rack, certSerialId: null}5891ba3b-fbfe-4ac0-a934-62139bd80922{ip: 172.17.0.2, host: f2122719ba2e, networkLocation: /default-rack, certSerialId: null}f24dc68e-1162-4671-a167-fccf63b21a74{ip: 172.17.0.2, host: f2122719ba2e, networkLocation: /default-rack, certSerialId: null}, Type:RATIS, Factor:THREE, State:ALLOCATED, leaderId:5891ba3b-fbfe-4ac0-a934-62139bd80922, CreationTimestamp2020-11-20T13:30:45.411Z] moved to OPEN state
2020-11-20 13:30:52,843 [EventQueue-OpenPipelineForHealthyPipelineSafeModeRule] INFO  safemode.SCMSafeModeManager (HealthyPipelineSafeModeRule.java:process(128)) - SCM in safe mode. Healthy pipelines reported count is 1, required healthy pipeline reported count is 1
2020-11-20 13:30:52,843 [EventQueue-OpenPipelineForHealthyPipelineSafeModeRule] INFO  safemode.SCMSafeModeManager (SCMSafeModeManager.java:validateSafeModeExitRules(214)) - HealthyPipelineSafeModeRule rule is successfully validated
2020-11-20 13:30:52,843 [EventQueue-OpenPipelineForHealthyPipelineSafeModeRule] INFO  safemode.SCMSafeModeManager (SCMSafeModeManager.java:validateSafeModeExitRules(228)) - ScmSafeModeManager, all rules are successfully validated
2020-11-20 13:30:52,843 [EventQueue-OpenPipelineForHealthyPipelineSafeModeRule] INFO  safemode.SCMSafeModeManager (SCMSafeModeManager.java:exitSafeMode(257)) - SCM exiting safe mode.
2020-11-20 13:30:52,846 [5891ba3b-fbfe-4ac0-a934-62139bd80922@group-E7E7A459DEC4-LeaderElection6] INFO  metrics.RatisMetrics (RatisMetrics.java:lambda$create$0(36)) - Creating Metrics Registry : ratis.log_appender.5891ba3b-fbfe-4ac0-a934-62139bd80922@group-E7E7A459DEC4
2020-11-20 13:30:52,847 [Thread-304] INFO  impl.FollowerState (FollowerState.java:run(108)) - 43a11ad6-f787-4c7d-9e4b-07d0357893bd@group-E7E7A459DEC4-FollowerState: change to CANDIDATE, lastRpcTime:5096ms, electionTimeout:5092ms
2020-11-20 13:30:52,847 [5891ba3b-fbfe-4ac0-a934-62139bd80922@group-E7E7A459DEC4-LeaderElection6] INFO  server.RaftServerConfigKeys (ConfUtils.java:logGet(44)) - raft.server.write.element-limit = 1024 (custom)
2020-11-20 13:30:52,847 [5891ba3b-fbfe-4ac0-a934-62139bd80922@group-E7E7A459DEC4-LeaderElection6] INFO  server.RaftServerConfigKeys (ConfUtils.java:logGet(44)) - raft.server.write.byte-limit = 1073741824 (custom)
2020-11-20 13:30:52,847 [Thread-304] INFO  impl.RoleInfo (RoleInfo.java:shutdownFollowerState(121)) - 43a11ad6-f787-4c7d-9e4b-07d0357893bd: shutdown FollowerState
2020-11-20 13:30:52,847 [Thread-304] INFO  impl.RaftServerImpl (RaftServerImpl.java:setRole(198)) - 43a11ad6-f787-4c7d-9e4b-07d0357893bd@group-E7E7A459DEC4: changes role from  FOLLOWER to CANDIDATE at term 0 for changeToCandidate
2020-11-20 13:30:52,847 [Thread-304] INFO  impl.RoleInfo (RoleInfo.java:updateAndGet(143)) - 43a11ad6-f787-4c7d-9e4b-07d0357893bd: start LeaderElection
2020-11-20 13:30:52,847 [5891ba3b-fbfe-4ac0-a934-62139bd80922@group-E7E7A459DEC4-LeaderElection6] INFO  server.RaftServerConfigKeys (ConfUtils.java:logGet(44)) - raft.server.watch.timeout = 180s (custom)
2020-11-20 13:30:52,847 [5891ba3b-fbfe-4ac0-a934-62139bd80922@group-E7E7A459DEC4-LeaderElection6] INFO  server.RaftServerConfigKeys (ConfUtils.java:logGet(44)) - raft.server.watch.timeout.denomination = 1s (default)
2020-11-20 13:30:52,847 [5891ba3b-fbfe-4ac0-a934-62139bd80922@group-E7E7A459DEC4-LeaderElection6] INFO  server.RaftServerConfigKeys (ConfUtils.java:logGet(44)) - raft.server.watch.element-limit = 65536 (default)
2020-11-20 13:30:52,847 [5891ba3b-fbfe-4ac0-a934-62139bd80922@group-E7E7A459DEC4-LeaderElection6] INFO  server.RaftServerConfigKeys (ConfUtils.java:logGet(44)) - raft.server.log.appender.snapshot.chunk.size.max = 16MB (=16777216) (default)
2020-11-20 13:30:52,848 [5891ba3b-fbfe-4ac0-a934-62139bd80922@group-E7E7A459DEC4-LeaderElection6] INFO  server.RaftServerConfigKeys (ConfUtils.java:logGet(44)) - raft.server.log.appender.buffer.byte-limit = 33554432 (custom)
2020-11-20 13:30:52,848 [5891ba3b-fbfe-4ac0-a934-62139bd80922@group-E7E7A459DEC4-LeaderElection6] INFO  server.RaftServerConfigKeys (ConfUtils.java:logGet(44)) - raft.server.log.appender.buffer.element-limit = 1 (custom)
2020-11-20 13:30:52,848 [5891ba3b-fbfe-4ac0-a934-62139bd80922@group-E7E7A459DEC4-LeaderElection6] INFO  grpc.GrpcConfigKeys (ConfUtils.java:logGet(44)) - raft.grpc.server.leader.outstanding.appends.max = 128 (default)
2020-11-20 13:30:52,848 [5891ba3b-fbfe-4ac0-a934-62139bd80922@group-E7E7A459DEC4-LeaderElection6] INFO  server.RaftServerConfigKeys (ConfUtils.java:logGet(44)) - raft.server.rpc.request.timeout = 60s (custom)
2020-11-20 13:30:52,848 [5891ba3b-fbfe-4ac0-a934-62139bd80922@group-E7E7A459DEC4-LeaderElection6] INFO  server.RaftServerConfigKeys (ConfUtils.java:logGet(44)) - raft.server.log.appender.install.snapshot.enabled = false (custom)
2020-11-20 13:30:52,848 [5891ba3b-fbfe-4ac0-a934-62139bd80922@group-E7E7A459DEC4-LeaderElection6] INFO  metrics.RatisMetrics (RatisMetrics.java:lambda$create$0(36)) - Creating Metrics Registry : ratis_grpc.log_appender.5891ba3b-fbfe-4ac0-a934-62139bd80922@group-E7E7A459DEC4
2020-11-20 13:30:52,849 [5891ba3b-fbfe-4ac0-a934-62139bd80922@group-E7E7A459DEC4-LeaderElection6] INFO  server.RaftServerConfigKeys (ConfUtils.java:logGet(44)) - raft.server.log.appender.snapshot.chunk.size.max = 16MB (=16777216) (default)
2020-11-20 13:30:52,849 [5891ba3b-fbfe-4ac0-a934-62139bd80922@group-E7E7A459DEC4-LeaderElection6] INFO  server.RaftServerConfigKeys (ConfUtils.java:logGet(44)) - raft.server.log.appender.buffer.byte-limit = 33554432 (custom)
2020-11-20 13:30:52,849 [5891ba3b-fbfe-4ac0-a934-62139bd80922@group-E7E7A459DEC4-LeaderElection6] INFO  server.RaftServerConfigKeys (ConfUtils.java:logGet(44)) - raft.server.log.appender.buffer.element-limit = 1 (custom)
2020-11-20 13:30:52,849 [5891ba3b-fbfe-4ac0-a934-62139bd80922@group-E7E7A459DEC4-LeaderElection6] INFO  grpc.GrpcConfigKeys (ConfUtils.java:logGet(44)) - raft.grpc.server.leader.outstanding.appends.max = 128 (default)
2020-11-20 13:30:52,849 [5891ba3b-fbfe-4ac0-a934-62139bd80922@group-E7E7A459DEC4-LeaderElection6] INFO  server.RaftServerConfigKeys (ConfUtils.java:logGet(44)) - raft.server.rpc.request.timeout = 60s (custom)
2020-11-20 13:30:52,849 [5891ba3b-fbfe-4ac0-a934-62139bd80922@group-E7E7A459DEC4-LeaderElection6] INFO  server.RaftServerConfigKeys (ConfUtils.java:logGet(44)) - raft.server.log.appender.install.snapshot.enabled = false (custom)
2020-11-20 13:30:52,851 [5891ba3b-fbfe-4ac0-a934-62139bd80922@group-E7E7A459DEC4-LeaderElection6] INFO  impl.RoleInfo (RoleInfo.java:updateAndGet(143)) - 5891ba3b-fbfe-4ac0-a934-62139bd80922: start LeaderState
2020-11-20 13:30:52,851 [5891ba3b-fbfe-4ac0-a934-62139bd80922@group-E7E7A459DEC4-LeaderElection6] INFO  segmented.SegmentedRaftLogWorker (SegmentedRaftLogWorker.java:startLogSegment(397)) - 5891ba3b-fbfe-4ac0-a934-62139bd80922@group-E7E7A459DEC4-SegmentedRaftLogWorker: Starting segment from index:0
2020-11-20 13:30:52,853 [5891ba3b-fbfe-4ac0-a934-62139bd80922@group-E7E7A459DEC4-SegmentedRaftLogWorker] INFO  segmented.SegmentedRaftLogWorker (SegmentedRaftLogWorker.java:execute(596)) - 5891ba3b-fbfe-4ac0-a934-62139bd80922@group-E7E7A459DEC4-SegmentedRaftLogWorker: created new log segment /github/workspace/mnt/ozone/hadoop-ozone/integration-test/target/test-dir/MiniOzoneClusterImpl-88510e19-ed2c-49d7-b179-50c179883a6e/datanode-0/data/ratis/97b050db-3d5e-45bb-9fa1-e7e7a459dec4/current/log_inprogress_0
2020-11-20 13:30:52,853 [5891ba3b-fbfe-4ac0-a934-62139bd80922@group-E7E7A459DEC4-LeaderElection6] INFO  impl.RaftServerImpl (ServerState.java:setRaftConf(374)) - 5891ba3b-fbfe-4ac0-a934-62139bd80922@group-E7E7A459DEC4: set configuration 0: [5891ba3b-fbfe-4ac0-a934-62139bd80922:172.17.0.2:33561:0, f24dc68e-1162-4671-a167-fccf63b21a74:172.17.0.2:36891:0, 43a11ad6-f787-4c7d-9e4b-07d0357893bd:172.17.0.2:43219:0], old=null at 0
2020-11-20 13:30:52,856 [grpc-default-executor-0] INFO  impl.RaftServerImpl (RaftServerImpl.java:setRole(198)) - 43a11ad6-f787-4c7d-9e4b-07d0357893bd@group-E7E7A459DEC4: changes role from CANDIDATE to FOLLOWER at term 1 for recognizeCandidate:5891ba3b-fbfe-4ac0-a934-62139bd80922
2020-11-20 13:30:52,856 [grpc-default-executor-0] INFO  impl.RoleInfo (RoleInfo.java:shutdownLeaderElection(134)) - 43a11ad6-f787-4c7d-9e4b-07d0357893bd: shutdown LeaderElection
2020-11-20 13:30:52,856 [grpc-default-executor-0] INFO  impl.RoleInfo (RoleInfo.java:updateAndGet(143)) - 43a11ad6-f787-4c7d-9e4b-07d0357893bd: start FollowerState
2020-11-20 13:30:52,871 [grpc-default-executor-5] INFO  ratis.XceiverServerRatis (XceiverServerRatis.java:handleLeaderChangedNotification(854)) - Leader change notification received for group: group-E7E7A459DEC4 with new leaderId: 5891ba3b-fbfe-4ac0-a934-62139bd80922
2020-11-20 13:30:52,872 [grpc-default-executor-5] INFO  impl.RaftServerImpl (ServerState.java:setLeader(256)) - f24dc68e-1162-4671-a167-fccf63b21a74@group-E7E7A459DEC4: change Leader from null to 5891ba3b-fbfe-4ac0-a934-62139bd80922 at term 1 for appendEntries, leader elected after 5058ms
2020-11-20 13:30:52,873 [grpc-default-executor-5] INFO  impl.RaftServerImpl (ServerState.java:setRaftConf(374)) - f24dc68e-1162-4671-a167-fccf63b21a74@group-E7E7A459DEC4: set configuration 0: [5891ba3b-fbfe-4ac0-a934-62139bd80922:172.17.0.2:33561:0, f24dc68e-1162-4671-a167-fccf63b21a74:172.17.0.2:36891:0, 43a11ad6-f787-4c7d-9e4b-07d0357893bd:172.17.0.2:43219:0], old=null at 0
2020-11-20 13:30:52,873 [grpc-default-executor-5] INFO  segmented.SegmentedRaftLogWorker (SegmentedRaftLogWorker.java:startLogSegment(397)) - f24dc68e-1162-4671-a167-fccf63b21a74@group-E7E7A459DEC4-SegmentedRaftLogWorker: Starting segment from index:0
2020-11-20 13:30:52,876 [f24dc68e-1162-4671-a167-fccf63b21a74@group-E7E7A459DEC4-SegmentedRaftLogWorker] INFO  segmented.SegmentedRaftLogWorker (SegmentedRaftLogWorker.java:execute(596)) - f24dc68e-1162-4671-a167-fccf63b21a74@group-E7E7A459DEC4-SegmentedRaftLogWorker: created new log segment /github/workspace/mnt/ozone/hadoop-ozone/integration-test/target/test-dir/MiniOzoneClusterImpl-88510e19-ed2c-49d7-b179-50c179883a6e/datanode-1/data/ratis/97b050db-3d5e-45bb-9fa1-e7e7a459dec4/current/log_inprogress_0
2020-11-20 13:30:52,889 [grpc-default-executor-5] INFO  ratis.XceiverServerRatis (XceiverServerRatis.java:handleLeaderChangedNotification(854)) - Leader change notification received for group: group-E7E7A459DEC4 with new leaderId: 5891ba3b-fbfe-4ac0-a934-62139bd80922
2020-11-20 13:30:52,889 [grpc-default-executor-5] INFO  impl.RaftServerImpl (ServerState.java:setLeader(256)) - 43a11ad6-f787-4c7d-9e4b-07d0357893bd@group-E7E7A459DEC4: change Leader from null to 5891ba3b-fbfe-4ac0-a934-62139bd80922 at term 1 for appendEntries, leader elected after 5151ms
2020-11-20 13:30:52,892 [grpc-default-executor-5] INFO  impl.RaftServerImpl (ServerState.java:setRaftConf(374)) - 43a11ad6-f787-4c7d-9e4b-07d0357893bd@group-E7E7A459DEC4: set configuration 0: [5891ba3b-fbfe-4ac0-a934-62139bd80922:172.17.0.2:33561:0, f24dc68e-1162-4671-a167-fccf63b21a74:172.17.0.2:36891:0, 43a11ad6-f787-4c7d-9e4b-07d0357893bd:172.17.0.2:43219:0], old=null at 0
2020-11-20 13:30:52,892 [grpc-default-executor-5] INFO  segmented.SegmentedRaftLogWorker (SegmentedRaftLogWorker.java:startLogSegment(397)) - 43a11ad6-f787-4c7d-9e4b-07d0357893bd@group-E7E7A459DEC4-SegmentedRaftLogWorker: Starting segment from index:0
2020-11-20 13:30:52,894 [43a11ad6-f787-4c7d-9e4b-07d0357893bd@group-E7E7A459DEC4-SegmentedRaftLogWorker] INFO  segmented.SegmentedRaftLogWorker (SegmentedRaftLogWorker.java:execute(596)) - 43a11ad6-f787-4c7d-9e4b-07d0357893bd@group-E7E7A459DEC4-SegmentedRaftLogWorker: created new log segment /github/workspace/mnt/ozone/hadoop-ozone/integration-test/target/test-dir/MiniOzoneClusterImpl-88510e19-ed2c-49d7-b179-50c179883a6e/datanode-2/data/ratis/97b050db-3d5e-45bb-9fa1-e7e7a459dec4/current/log_inprogress_0
2020-11-20 13:30:53,276 [Thread-313] INFO  impl.FollowerState (FollowerState.java:run(108)) - f24dc68e-1162-4671-a167-fccf63b21a74@group-2A2AD42065CE-FollowerState: change to CANDIDATE, lastRpcTime:5079ms, electionTimeout:5078ms
2020-11-20 13:30:53,276 [Thread-313] INFO  impl.RoleInfo (RoleInfo.java:shutdownFollowerState(121)) - f24dc68e-1162-4671-a167-fccf63b21a74: shutdown FollowerState
2020-11-20 13:30:53,276 [Thread-313] INFO  impl.RaftServerImpl (RaftServerImpl.java:setRole(198)) - f24dc68e-1162-4671-a167-fccf63b21a74@group-2A2AD42065CE: changes role from  FOLLOWER to CANDIDATE at term 0 for changeToCandidate
2020-11-20 13:30:53,276 [Thread-313] INFO  impl.RoleInfo (RoleInfo.java:updateAndGet(143)) - f24dc68e-1162-4671-a167-fccf63b21a74: start LeaderElection
2020-11-20 13:30:53,279 [f24dc68e-1162-4671-a167-fccf63b21a74@group-2A2AD42065CE-LeaderElection8] INFO  impl.LeaderElection (LeaderElection.java:askForVotes(210)) - f24dc68e-1162-4671-a167-fccf63b21a74@group-2A2AD42065CE-LeaderElection8: begin an election at term 1 for -1: [f24dc68e-1162-4671-a167-fccf63b21a74:172.17.0.2:36891:0], old=null
2020-11-20 13:30:53,279 [f24dc68e-1162-4671-a167-fccf63b21a74@group-2A2AD42065CE-LeaderElection8] INFO  impl.RoleInfo (RoleInfo.java:shutdownLeaderElection(134)) - f24dc68e-1162-4671-a167-fccf63b21a74: shutdown LeaderElection
2020-11-20 13:30:53,280 [f24dc68e-1162-4671-a167-fccf63b21a74@group-2A2AD42065CE-LeaderElection8] INFO  impl.RaftServerImpl (RaftServerImpl.java:setRole(198)) - f24dc68e-1162-4671-a167-fccf63b21a74@group-2A2AD42065CE: changes role from CANDIDATE to LEADER at term 1 for changeToLeader
2020-11-20 13:30:53,280 [f24dc68e-1162-4671-a167-fccf63b21a74@group-2A2AD42065CE-LeaderElection8] INFO  ratis.XceiverServerRatis (XceiverServerRatis.java:handleLeaderChangedNotification(854)) - Leader change notification received for group: group-2A2AD42065CE with new leaderId: f24dc68e-1162-4671-a167-fccf63b21a74
2020-11-20 13:30:53,280 [f24dc68e-1162-4671-a167-fccf63b21a74@group-2A2AD42065CE-LeaderElection8] INFO  impl.RaftServerImpl (ServerState.java:setLeader(256)) - f24dc68e-1162-4671-a167-fccf63b21a74@group-2A2AD42065CE: change Leader from null to f24dc68e-1162-4671-a167-fccf63b21a74 at term 1 for becomeLeader, leader elected after 5095ms
2020-11-20 13:30:53,280 [f24dc68e-1162-4671-a167-fccf63b21a74@group-2A2AD42065CE-LeaderElection8] INFO  server.RaftServerConfigKeys (ConfUtils.java:logGet(44)) - raft.server.staging.catchup.gap = 1000 (default)
2020-11-20 13:30:53,280 [f24dc68e-1162-4671-a167-fccf63b21a74@group-2A2AD42065CE-LeaderElection8] INFO  server.RaftServerConfigKeys (ConfUtils.java:logGet(44)) - raft.server.rpc.sleep.time = 25ms (default)
2020-11-20 13:30:53,280 [f24dc68e-1162-4671-a167-fccf63b21a74@group-2A2AD42065CE-LeaderElection8] INFO  metrics.RatisMetrics (RatisMetrics.java:lambda$create$0(36)) - Creating Metrics Registry : ratis.log_appender.f24dc68e-1162-4671-a167-fccf63b21a74@group-2A2AD42065CE
2020-11-20 13:30:53,281 [f24dc68e-1162-4671-a167-fccf63b21a74@group-2A2AD42065CE-LeaderElection8] INFO  server.RaftServerConfigKeys (ConfUtils.java:logGet(44)) - raft.server.write.element-limit = 1024 (custom)
2020-11-20 13:30:53,281 [f24dc68e-1162-4671-a167-fccf63b21a74@group-2A2AD42065CE-LeaderElection8] INFO  server.RaftServerConfigKeys (ConfUtils.java:logGet(44)) - raft.server.write.byte-limit = 1073741824 (custom)
2020-11-20 13:30:53,281 [f24dc68e-1162-4671-a167-fccf63b21a74@group-2A2AD42065CE-LeaderElection8] INFO  server.RaftServerConfigKeys (ConfUtils.java:logGet(44)) - raft.server.watch.timeout = 180s (custom)
2020-11-20 13:30:53,281 [f24dc68e-1162-4671-a167-fccf63b21a74@group-2A2AD42065CE-LeaderElection8] INFO  server.RaftServerConfigKeys (ConfUtils.java:logGet(44)) - raft.server.watch.timeout.denomination = 1s (default)
2020-11-20 13:30:53,281 [f24dc68e-1162-4671-a167-fccf63b21a74@group-2A2AD42065CE-LeaderElection8] INFO  server.RaftServerConfigKeys (ConfUtils.java:logGet(44)) - raft.server.watch.element-limit = 65536 (default)
2020-11-20 13:30:53,281 [f24dc68e-1162-4671-a167-fccf63b21a74@group-2A2AD42065CE-LeaderElection8] INFO  impl.RoleInfo (RoleInfo.java:updateAndGet(143)) - f24dc68e-1162-4671-a167-fccf63b21a74: start LeaderState
2020-11-20 13:30:53,282 [f24dc68e-1162-4671-a167-fccf63b21a74@group-2A2AD42065CE-LeaderElection8] INFO  segmented.SegmentedRaftLogWorker (SegmentedRaftLogWorker.java:startLogSegment(397)) - f24dc68e-1162-4671-a167-fccf63b21a74@group-2A2AD42065CE-SegmentedRaftLogWorker: Starting segment from index:0
2020-11-20 13:30:53,283 [f24dc68e-1162-4671-a167-fccf63b21a74@group-2A2AD42065CE-SegmentedRaftLogWorker] INFO  segmented.SegmentedRaftLogWorker (SegmentedRaftLogWorker.java:execute(596)) - f24dc68e-1162-4671-a167-fccf63b21a74@group-2A2AD42065CE-SegmentedRaftLogWorker: created new log segment /github/workspace/mnt/ozone/hadoop-ozone/integration-test/target/test-dir/MiniOzoneClusterImpl-88510e19-ed2c-49d7-b179-50c179883a6e/datanode-1/data/ratis/39449a89-8cbd-45df-b6e9-2a2ad42065ce/current/log_inprogress_0
2020-11-20 13:30:53,289 [f24dc68e-1162-4671-a167-fccf63b21a74@group-2A2AD42065CE-LeaderElection8] INFO  impl.RaftServerImpl (ServerState.java:setRaftConf(374)) - f24dc68e-1162-4671-a167-fccf63b21a74@group-2A2AD42065CE: set configuration 0: [f24dc68e-1162-4671-a167-fccf63b21a74:172.17.0.2:36891:0], old=null at 0
2020-11-20 13:30:53,394 [Listener at 127.0.0.1/12948] INFO  ozone.MiniOzoneClusterImpl (MiniOzoneClusterImpl.java:lambda$waitForClusterToBeReady$0(178)) - Nodes are ready. Got 3 of 3 DN Heartbeats.
2020-11-20 13:30:53,394 [Listener at 127.0.0.1/12948] INFO  ozone.MiniOzoneClusterImpl (MiniOzoneClusterImpl.java:lambda$waitForClusterToBeReady$0(181)) - Cluster exits safe mode
2020-11-20 13:30:53,466 [Thread-318] INFO  impl.FollowerState (FollowerState.java:run(108)) - 43a11ad6-f787-4c7d-9e4b-07d0357893bd@group-CC30B8CF33BD-FollowerState: change to CANDIDATE, lastRpcTime:5047ms, electionTimeout:5047ms
2020-11-20 13:30:53,466 [Thread-318] INFO  impl.RoleInfo (RoleInfo.java:shutdownFollowerState(121)) - 43a11ad6-f787-4c7d-9e4b-07d0357893bd: shutdown FollowerState
2020-11-20 13:30:53,466 [Thread-318] INFO  impl.RaftServerImpl (RaftServerImpl.java:setRole(198)) - 43a11ad6-f787-4c7d-9e4b-07d0357893bd@group-CC30B8CF33BD: changes role from  FOLLOWER to CANDIDATE at term 0 for changeToCandidate
2020-11-20 13:30:53,466 [Thread-318] INFO  impl.RoleInfo (RoleInfo.java:updateAndGet(143)) - 43a11ad6-f787-4c7d-9e4b-07d0357893bd: start LeaderElection
2020-11-20 13:30:53,489 [43a11ad6-f787-4c7d-9e4b-07d0357893bd@group-CC30B8CF33BD-LeaderElection9] INFO  impl.LeaderElection (LeaderElection.java:askForVotes(210)) - 43a11ad6-f787-4c7d-9e4b-07d0357893bd@group-CC30B8CF33BD-LeaderElection9: begin an election at term 1 for -1: [43a11ad6-f787-4c7d-9e4b-07d0357893bd:172.17.0.2:43219:0], old=null
2020-11-20 13:30:53,489 [43a11ad6-f787-4c7d-9e4b-07d0357893bd@group-CC30B8CF33BD-LeaderElection9] INFO  impl.RoleInfo (RoleInfo.java:shutdownLeaderElection(134)) - 43a11ad6-f787-4c7d-9e4b-07d0357893bd: shutdown LeaderElection
2020-11-20 13:30:53,489 [43a11ad6-f787-4c7d-9e4b-07d0357893bd@group-CC30B8CF33BD-LeaderElection9] INFO  impl.RaftServerImpl (RaftServerImpl.java:setRole(198)) - 43a11ad6-f787-4c7d-9e4b-07d0357893bd@group-CC30B8CF33BD: changes role from CANDIDATE to LEADER at term 1 for changeToLeader
2020-11-20 13:30:53,489 [43a11ad6-f787-4c7d-9e4b-07d0357893bd@group-CC30B8CF33BD-LeaderElection9] INFO  ratis.XceiverServerRatis (XceiverServerRatis.java:handleLeaderChangedNotification(854)) - Leader change notification received for group: group-CC30B8CF33BD with new leaderId: 43a11ad6-f787-4c7d-9e4b-07d0357893bd
2020-11-20 13:30:53,489 [43a11ad6-f787-4c7d-9e4b-07d0357893bd@group-CC30B8CF33BD-LeaderElection9] INFO  impl.RaftServerImpl (ServerState.java:setLeader(256)) - 43a11ad6-f787-4c7d-9e4b-07d0357893bd@group-CC30B8CF33BD: change Leader from null to 43a11ad6-f787-4c7d-9e4b-07d0357893bd at term 1 for becomeLeader, leader elected after 5079ms
2020-11-20 13:30:53,489 [43a11ad6-f787-4c7d-9e4b-07d0357893bd@group-CC30B8CF33BD-LeaderElection9] INFO  server.RaftServerConfigKeys (ConfUtils.java:logGet(44)) - raft.server.staging.catchup.gap = 1000 (default)
2020-11-20 13:30:53,489 [43a11ad6-f787-4c7d-9e4b-07d0357893bd@group-CC30B8CF33BD-LeaderElection9] INFO  server.RaftServerConfigKeys (ConfUtils.java:logGet(44)) - raft.server.rpc.sleep.time = 25ms (default)
2020-11-20 13:30:53,489 [43a11ad6-f787-4c7d-9e4b-07d0357893bd@group-CC30B8CF33BD-LeaderElection9] INFO  metrics.RatisMetrics (RatisMetrics.java:lambda$create$0(36)) - Creating Metrics Registry : ratis.log_appender.43a11ad6-f787-4c7d-9e4b-07d0357893bd@group-CC30B8CF33BD
2020-11-20 13:30:53,490 [43a11ad6-f787-4c7d-9e4b-07d0357893bd@group-CC30B8CF33BD-LeaderElection9] INFO  server.RaftServerConfigKeys (ConfUtils.java:logGet(44)) - raft.server.write.element-limit = 1024 (custom)
2020-11-20 13:30:53,490 [43a11ad6-f787-4c7d-9e4b-07d0357893bd@group-CC30B8CF33BD-LeaderElection9] INFO  server.RaftServerConfigKeys (ConfUtils.java:logGet(44)) - raft.server.write.byte-limit = 1073741824 (custom)
2020-11-20 13:30:53,490 [43a11ad6-f787-4c7d-9e4b-07d0357893bd@group-CC30B8CF33BD-LeaderElection9] INFO  server.RaftServerConfigKeys (ConfUtils.java:logGet(44)) - raft.server.watch.timeout = 180s (custom)
2020-11-20 13:30:53,490 [43a11ad6-f787-4c7d-9e4b-07d0357893bd@group-CC30B8CF33BD-LeaderElection9] INFO  server.RaftServerConfigKeys (ConfUtils.java:logGet(44)) - raft.server.watch.timeout.denomination = 1s (default)
2020-11-20 13:30:53,490 [43a11ad6-f787-4c7d-9e4b-07d0357893bd@group-CC30B8CF33BD-LeaderElection9] INFO  server.RaftServerConfigKeys (ConfUtils.java:logGet(44)) - raft.server.watch.element-limit = 65536 (default)
2020-11-20 13:30:53,490 [43a11ad6-f787-4c7d-9e4b-07d0357893bd@group-CC30B8CF33BD-LeaderElection9] INFO  impl.RoleInfo (RoleInfo.java:updateAndGet(143)) - 43a11ad6-f787-4c7d-9e4b-07d0357893bd: start LeaderState
2020-11-20 13:30:53,491 [43a11ad6-f787-4c7d-9e4b-07d0357893bd@group-CC30B8CF33BD-LeaderElection9] INFO  segmented.SegmentedRaftLogWorker (SegmentedRaftLogWorker.java:startLogSegment(397)) - 43a11ad6-f787-4c7d-9e4b-07d0357893bd@group-CC30B8CF33BD-SegmentedRaftLogWorker: Starting segment from index:0
2020-11-20 13:30:53,493 [43a11ad6-f787-4c7d-9e4b-07d0357893bd@group-CC30B8CF33BD-SegmentedRaftLogWorker] INFO  segmented.SegmentedRaftLogWorker (SegmentedRaftLogWorker.java:execute(596)) - 43a11ad6-f787-4c7d-9e4b-07d0357893bd@group-CC30B8CF33BD-SegmentedRaftLogWorker: created new log segment /github/workspace/mnt/ozone/hadoop-ozone/integration-test/target/test-dir/MiniOzoneClusterImpl-88510e19-ed2c-49d7-b179-50c179883a6e/datanode-2/data/ratis/5d657371-0a34-4a26-a748-cc30b8cf33bd/current/log_inprogress_0
2020-11-20 13:30:53,496 [43a11ad6-f787-4c7d-9e4b-07d0357893bd@group-CC30B8CF33BD-LeaderElection9] INFO  impl.RaftServerImpl (ServerState.java:setRaftConf(374)) - 43a11ad6-f787-4c7d-9e4b-07d0357893bd@group-CC30B8CF33BD: set configuration 0: [43a11ad6-f787-4c7d-9e4b-07d0357893bd:172.17.0.2:43219:0], old=null at 0
2020-11-20 13:30:53,679 [IPC Server handler 0 on default port 12936] INFO  ipc.Server (Server.java:logException(2976)) - IPC Server handler 0 on default port 12936, call Call#38 Retry#0 org.apache.hadoop.ozone.om.protocol.OzoneManagerProtocol.submitRequest from 127.0.0.1:43050
org.apache.hadoop.ozone.om.exceptions.OMNotLeaderException: OM:omNode-1 is not the leader. Suggested leader is OM:omNode-3.
	at org.apache.hadoop.ozone.protocolPB.OzoneManagerProtocolServerSideTranslatorPB.createNotLeaderException(OzoneManagerProtocolServerSideTranslatorPB.java:203)
	at org.apache.hadoop.ozone.protocolPB.OzoneManagerProtocolServerSideTranslatorPB.submitReadRequestToOM(OzoneManagerProtocolServerSideTranslatorPB.java:191)
	at org.apache.hadoop.ozone.protocolPB.OzoneManagerProtocolServerSideTranslatorPB.processRequest(OzoneManagerProtocolServerSideTranslatorPB.java:128)
	at org.apache.hadoop.hdds.server.OzoneProtocolMessageDispatcher.processRequest(OzoneProtocolMessageDispatcher.java:87)
	at org.apache.hadoop.ozone.protocolPB.OzoneManagerProtocolServerSideTranslatorPB.submitRequest(OzoneManagerProtocolServerSideTranslatorPB.java:118)
	at org.apache.hadoop.ozone.protocol.proto.OzoneManagerProtocolProtos$OzoneManagerService$2.callBlockingMethod(OzoneManagerProtocolProtos.java)
	at org.apache.hadoop.ipc.ProtobufRpcEngine$Server$ProtoBufRpcInvoker.call(ProtobufRpcEngine.java:528)
	at org.apache.hadoop.ipc.RPC$Server.call(RPC.java:1070)
	at org.apache.hadoop.ipc.Server$RpcCall.run(Server.java:999)
	at org.apache.hadoop.ipc.Server$RpcCall.run(Server.java:927)
	at java.security.AccessController.doPrivileged(Native Method)
	at javax.security.auth.Subject.doAs(Subject.java:422)
	at org.apache.hadoop.security.UserGroupInformation.doAs(UserGroupInformation.java:1730)
	at org.apache.hadoop.ipc.Server$Handler.run(Server.java:2915)
2020-11-20 13:30:53,701 [IPC Server handler 0 on default port 12942] INFO  ipc.Server (Server.java:logException(2976)) - IPC Server handler 0 on default port 12942, call Call#38 Retry#1 org.apache.hadoop.ozone.om.protocol.OzoneManagerProtocol.submitRequest from 127.0.0.1:56000
org.apache.hadoop.ozone.om.exceptions.OMNotLeaderException: OM:omNode-2 is not the leader. Suggested leader is OM:omNode-3.
	at org.apache.hadoop.ozone.protocolPB.OzoneManagerProtocolServerSideTranslatorPB.createNotLeaderException(OzoneManagerProtocolServerSideTranslatorPB.java:203)
	at org.apache.hadoop.ozone.protocolPB.OzoneManagerProtocolServerSideTranslatorPB.submitReadRequestToOM(OzoneManagerProtocolServerSideTranslatorPB.java:191)
	at org.apache.hadoop.ozone.protocolPB.OzoneManagerProtocolServerSideTranslatorPB.processRequest(OzoneManagerProtocolServerSideTranslatorPB.java:128)
	at org.apache.hadoop.hdds.server.OzoneProtocolMessageDispatcher.processRequest(OzoneProtocolMessageDispatcher.java:87)
	at org.apache.hadoop.ozone.protocolPB.OzoneManagerProtocolServerSideTranslatorPB.submitRequest(OzoneManagerProtocolServerSideTranslatorPB.java:118)
	at org.apache.hadoop.ozone.protocol.proto.OzoneManagerProtocolProtos$OzoneManagerService$2.callBlockingMethod(OzoneManagerProtocolProtos.java)
	at org.apache.hadoop.ipc.ProtobufRpcEngine$Server$ProtoBufRpcInvoker.call(ProtobufRpcEngine.java:528)
	at org.apache.hadoop.ipc.RPC$Server.call(RPC.java:1070)
	at org.apache.hadoop.ipc.Server$RpcCall.run(Server.java:999)
	at org.apache.hadoop.ipc.Server$RpcCall.run(Server.java:927)
	at java.security.AccessController.doPrivileged(Native Method)
	at javax.security.auth.Subject.doAs(Subject.java:422)
	at org.apache.hadoop.security.UserGroupInformation.doAs(UserGroupInformation.java:1730)
	at org.apache.hadoop.ipc.Server$Handler.run(Server.java:2915)
2020-11-20 13:30:53,702 [Listener at 127.0.0.1/12948] INFO  retry.RetryInvocationHandler (RetryInvocationHandler.java:log(411)) - com.google.protobuf.ServiceException: org.apache.hadoop.ipc.RemoteException(org.apache.hadoop.ozone.om.exceptions.OMNotLeaderException): OM:omNode-2 is not the leader. Suggested leader is OM:omNode-3.
	at org.apache.hadoop.ozone.protocolPB.OzoneManagerProtocolServerSideTranslatorPB.createNotLeaderException(OzoneManagerProtocolServerSideTranslatorPB.java:203)
	at org.apache.hadoop.ozone.protocolPB.OzoneManagerProtocolServerSideTranslatorPB.submitReadRequestToOM(OzoneManagerProtocolServerSideTranslatorPB.java:191)
	at org.apache.hadoop.ozone.protocolPB.OzoneManagerProtocolServerSideTranslatorPB.processRequest(OzoneManagerProtocolServerSideTranslatorPB.java:128)
	at org.apache.hadoop.hdds.server.OzoneProtocolMessageDispatcher.processRequest(OzoneProtocolMessageDispatcher.java:87)
	at org.apache.hadoop.ozone.protocolPB.OzoneManagerProtocolServerSideTranslatorPB.submitRequest(OzoneManagerProtocolServerSideTranslatorPB.java:118)
	at org.apache.hadoop.ozone.protocol.proto.OzoneManagerProtocolProtos$OzoneManagerService$2.callBlockingMethod(OzoneManagerProtocolProtos.java)
	at org.apache.hadoop.ipc.ProtobufRpcEngine$Server$ProtoBufRpcInvoker.call(ProtobufRpcEngine.java:528)
	at org.apache.hadoop.ipc.RPC$Server.call(RPC.java:1070)
	at org.apache.hadoop.ipc.Server$RpcCall.run(Server.java:999)
	at org.apache.hadoop.ipc.Server$RpcCall.run(Server.java:927)
	at java.security.AccessController.doPrivileged(Native Method)
	at javax.security.auth.Subject.doAs(Subject.java:422)
	at org.apache.hadoop.security.UserGroupInformation.doAs(UserGroupInformation.java:1730)
	at org.apache.hadoop.ipc.Server$Handler.run(Server.java:2915)
, while invoking $Proxy39.submitRequest over nodeId=omNode-2,nodeAddress=127.0.0.1:12942 after 1 failover attempts. Trying to failover immediately.
2020-11-20 13:30:53,991 [Listener at 127.0.0.1/12948] INFO  rpc.RpcClient (RpcClient.java:createVolume(272)) - Creating Volume: d6e954a0-95c9-4287-ae7b-c7aee2f313cc, with jenkins1001 as owner.
2020-11-20 13:30:54,112 [OM StateMachine ApplyTransaction Thread - 0] INFO  volume.OMVolumeCreateRequest (OMVolumeCreateRequest.java:validateAndUpdateCache(196)) - created volume:d6e954a0-95c9-4287-ae7b-c7aee2f313cc for user:jenkins1001
2020-11-20 13:30:54,113 [OM StateMachine ApplyTransaction Thread - 0] INFO  volume.OMVolumeCreateRequest (OMVolumeCreateRequest.java:validateAndUpdateCache(196)) - created volume:d6e954a0-95c9-4287-ae7b-c7aee2f313cc for user:jenkins1001
2020-11-20 13:30:54,115 [OM StateMachine ApplyTransaction Thread - 0] INFO  volume.OMVolumeCreateRequest (OMVolumeCreateRequest.java:validateAndUpdateCache(196)) - created volume:d6e954a0-95c9-4287-ae7b-c7aee2f313cc for user:jenkins1001
2020-11-20 13:30:54,129 [OM StateMachine ApplyTransaction Thread - 0] INFO  volume.OMVolumeCreateRequest (OMVolumeCreateRequest.java:validateAndUpdateCache(196)) - created volume:982993be-ce15-4e79-894e-8a6909147207 for user:jenkins1001
2020-11-20 13:30:54,135 [OM StateMachine ApplyTransaction Thread - 0] INFO  volume.OMVolumeCreateRequest (OMVolumeCreateRequest.java:validateAndUpdateCache(196)) - created volume:982993be-ce15-4e79-894e-8a6909147207 for user:jenkins1001
2020-11-20 13:30:54,141 [Listener at 127.0.0.1/12948] INFO  ozone.MiniOzoneClusterImpl (MiniOzoneClusterImpl.java:shutdown(388)) - Shutting down the Mini Ozone Cluster
2020-11-20 13:30:54,141 [Listener at 127.0.0.1/12948] INFO  ozone.MiniOzoneHAClusterImpl (MiniOzoneHAClusterImpl.java:stop(230)) - Stopping the OzoneManager omNode-3
2020-11-20 13:30:54,141 [Listener at 127.0.0.1/12948] INFO  ipc.Server (Server.java:stop(3359)) - Stopping server on 12948
2020-11-20 13:30:54,133 [OM StateMachine ApplyTransaction Thread - 0] INFO  volume.OMVolumeCreateRequest (OMVolumeCreateRequest.java:validateAndUpdateCache(196)) - created volume:982993be-ce15-4e79-894e-8a6909147207 for user:jenkins1001
2020-11-20 13:30:54,145 [IPC Server Responder] INFO  ipc.Server (Server.java:run(1465)) - Stopping IPC Server Responder
2020-11-20 13:30:54,145 [IPC Server listener on 12948] INFO  ipc.Server (Server.java:run(1330)) - Stopping IPC Server listener on 12948
2020-11-20 13:30:54,146 [Listener at 127.0.0.1/12948] INFO  impl.RaftServerProxy (RaftServerProxy.java:lambda$close$4(322)) - omNode-3: close
2020-11-20 13:30:54,147 [Listener at 127.0.0.1/12948] INFO  impl.RaftServerImpl (RaftServerImpl.java:lambda$shutdown$3(321)) - omNode-3@group-523986131536: shutdown
2020-11-20 13:30:54,147 [Listener at 127.0.0.1/12948] INFO  util.JmxRegister (JmxRegister.java:unregister(73)) - Successfully un-registered JMX Bean with object name Ratis:service=RaftServer,group=group-523986131536,id=omNode-3
2020-11-20 13:30:54,147 [Listener at 127.0.0.1/12948] INFO  impl.RoleInfo (RoleInfo.java:shutdownLeaderState(104)) - omNode-3: shutdown LeaderState
2020-11-20 13:30:54,147 [Listener at 127.0.0.1/12948] INFO  metrics.RatisMetrics (RatisMetrics.java:unregister(43)) - Unregistering Metrics Registry : ratis_grpc.log_appender.omNode-3@group-523986131536
2020-11-20 13:30:54,148 [org.apache.ratis.server.impl.LogAppender$AppenderDaemon$$Lambda$366/1296604567@30258455] WARN  server.GrpcLogAppender (GrpcLogAppender.java:mayWait(168)) - omNode-3@group-523986131536->omNode-1-GrpcLogAppender: Wait interrupted by java.lang.InterruptedException
2020-11-20 13:30:54,150 [grpc-default-executor-5] INFO  server.GrpcServerProtocolService (GrpcServerProtocolService.java:onCompleted(138)) - omNode-1: Completed APPEND_ENTRIES, lastRequest: omNode-3->omNode-1#84-t2, previous=(t:2, i:3), leaderCommit=3, initializing? false, entries: size=1, first=(t:2, i:4), METADATAENTRY(c:3)
2020-11-20 13:30:54,151 [Listener at 127.0.0.1/12948] INFO  metrics.RatisMetrics (RatisMetrics.java:unregister(43)) - Unregistering Metrics Registry : ratis_grpc.log_appender.omNode-3@group-523986131536
2020-11-20 13:30:54,151 [Listener at 127.0.0.1/12948] INFO  impl.PendingRequests (PendingRequests.java:sendNotLeaderResponses(249)) - omNode-3@group-523986131536-PendingRequests: sendNotLeaderResponses
2020-11-20 13:30:54,151 [grpc-default-executor-4] INFO  server.GrpcLogAppender (GrpcLogAppender.java:onCompleted(336)) - omNode-3@group-523986131536->omNode-1-AppendLogResponseHandler: follower responses appendEntries COMPLETED
2020-11-20 13:30:54,151 [org.apache.ratis.server.impl.LogAppender$AppenderDaemon$$Lambda$366/1296604567@3202bb18] WARN  server.GrpcLogAppender (GrpcLogAppender.java:mayWait(168)) - omNode-3@group-523986131536->omNode-2-GrpcLogAppender: Wait interrupted by java.lang.InterruptedException
2020-11-20 13:30:54,159 [grpc-default-executor-4] INFO  impl.FollowerInfo (FollowerInfo.java:lambda$new$0(51)) - omNode-3@group-523986131536->omNode-1: nextIndex: updateUnconditionally 5 -> 4
2020-11-20 13:30:54,160 [grpc-default-executor-4] INFO  server.GrpcServerProtocolService (GrpcServerProtocolService.java:onCompleted(138)) - omNode-2: Completed APPEND_ENTRIES, lastRequest: omNode-3->omNode-2#90-t2, previous=(t:2, i:3), leaderCommit=3, initializing? false, entries: size=1, first=(t:2, i:4), METADATAENTRY(c:3)
2020-11-20 13:30:54,161 [grpc-default-executor-5] INFO  server.GrpcLogAppender (GrpcLogAppender.java:onCompleted(336)) - omNode-3@group-523986131536->omNode-2-AppendLogResponseHandler: follower responses appendEntries COMPLETED
2020-11-20 13:30:54,161 [grpc-default-executor-5] INFO  impl.FollowerInfo (FollowerInfo.java:lambda$new$0(51)) - omNode-3@group-523986131536->omNode-2: nextIndex: updateUnconditionally 5 -> 4
2020-11-20 13:30:54,162 [Listener at 127.0.0.1/12948] INFO  metrics.RatisMetrics (RatisMetrics.java:unregister(43)) - Unregistering Metrics Registry : ratis.log_appender.omNode-3@group-523986131536
2020-11-20 13:30:54,163 [Listener at 127.0.0.1/12948] INFO  metrics.RatisMetrics (RatisMetrics.java:unregister(43)) - Unregistering Metrics Registry : ratis.server.omNode-3@group-523986131536
2020-11-20 13:30:54,163 [Listener at 127.0.0.1/12948] INFO  impl.StateMachineUpdater (StateMachineUpdater.java:stopAndJoin(142)) - omNode-3@group-523986131536-StateMachineUpdater: set stopIndex = 4
2020-11-20 13:30:54,163 [omNode-3@group-523986131536-StateMachineUpdater] INFO  ratis.OzoneManagerStateMachine (OzoneManagerStateMachine.java:takeSnapshot(345)) - Current Snapshot Index (t:2, i:4)
2020-11-20 13:30:54,164 [omNode-3@group-523986131536-StateMachineUpdater] INFO  impl.StateMachineUpdater (StateMachineUpdater.java:takeSnapshot(277)) - omNode-3@group-523986131536-StateMachineUpdater: Took a snapshot at index 4
2020-11-20 13:30:54,164 [omNode-3@group-523986131536-StateMachineUpdater] INFO  impl.StateMachineUpdater (StateMachineUpdater.java:lambda$new$0(87)) - omNode-3@group-523986131536-StateMachineUpdater: snapshotIndex: updateIncreasingly -1 -> 4
2020-11-20 13:30:54,165 [omNode-3@group-523986131536-StateMachineUpdater] INFO  metrics.RatisMetrics (RatisMetrics.java:unregister(43)) - Unregistering Metrics Registry : ratis.state_machine.omNode-3@group-523986131536
2020-11-20 13:30:54,165 [Listener at 127.0.0.1/12948] INFO  impl.RaftServerImpl (ServerState.java:close(405)) - omNode-3@group-523986131536: closes. applyIndex: 4
2020-11-20 13:30:54,166 [omNode-3@group-523986131536-SegmentedRaftLogWorker] INFO  segmented.SegmentedRaftLogWorker (SegmentedRaftLogWorker.java:run(327)) - omNode-3@group-523986131536-SegmentedRaftLogWorker was interrupted, exiting. There are 0 tasks remaining in the queue.
2020-11-20 13:30:54,167 [Listener at 127.0.0.1/12948] INFO  segmented.SegmentedRaftLogWorker (SegmentedRaftLogWorker.java:close(234)) - omNode-3@group-523986131536-SegmentedRaftLogWorker close()
2020-11-20 13:30:54,168 [Listener at 127.0.0.1/12948] INFO  metrics.RatisMetrics (RatisMetrics.java:unregister(43)) - Unregistering Metrics Registry : ratis.log_worker.omNode-3@group-523986131536
2020-11-20 13:30:54,169 [Listener at 127.0.0.1/12948] INFO  metrics.RatisMetrics (RatisMetrics.java:unregister(43)) - Unregistering Metrics Registry : ratis.leader_election.omNode-3@group-523986131536
2020-11-20 13:30:54,169 [Listener at 127.0.0.1/12948] INFO  metrics.RatisMetrics (RatisMetrics.java:unregister(43)) - Unregistering Metrics Registry : ratis.server.omNode-3@group-523986131536
2020-11-20 13:30:54,169 [Listener at 127.0.0.1/12948] INFO  server.GrpcService (GrpcService.java:closeImpl(183)) - omNode-3: shutdown server with port 12952 now
2020-11-20 13:30:54,178 [Listener at 127.0.0.1/12948] INFO  server.GrpcService (GrpcService.java:closeImpl(191)) - omNode-3: shutdown server with port 12952 successfully
2020-11-20 13:30:54,178 [Listener at 127.0.0.1/12948] INFO  ratis.OzoneManagerDoubleBuffer (OzoneManagerDoubleBuffer.java:stop(457)) - Stopping OMDoubleBuffer flush thread
2020-11-20 13:30:54,179 [OMDoubleBufferFlushThread] INFO  ratis.OzoneManagerDoubleBuffer (OzoneManagerDoubleBuffer.java:flushTransactions(356)) - OMDoubleBuffer flush thread OMDoubleBufferFlushThread is interrupted and will exit. OMDoubleBufferFlushThread
2020-11-20 13:30:54,179 [Listener at 127.0.0.1/12948] INFO  ratis.OzoneManagerStateMachine (HadoopExecutors.java:shutdown(118)) - Gracefully shutting down executor service. Waiting max 5 SECONDS
2020-11-20 13:30:54,179 [Listener at 127.0.0.1/12948] INFO  ratis.OzoneManagerStateMachine (HadoopExecutors.java:shutdown(129)) - Succesfully shutdown executor service
2020-11-20 13:30:54,179 [Listener at 127.0.0.1/12948] INFO  ratis.OzoneManagerStateMachine (HadoopExecutors.java:shutdown(118)) - Gracefully shutting down executor service. Waiting max 5 SECONDS
2020-11-20 13:30:54,179 [Listener at 127.0.0.1/12948] INFO  ratis.OzoneManagerStateMachine (HadoopExecutors.java:shutdown(129)) - Succesfully shutdown executor service
2020-11-20 13:30:54,179 [Listener at 127.0.0.1/12948] INFO  utils.BackgroundService (BackgroundService.java:shutdown(132)) - Shutting down service KeyDeletingService
2020-11-20 13:30:54,181 [Listener at 127.0.0.1/12948] INFO  handler.ContextHandler (ContextHandler.java:doStop(1154)) - Stopped o.e.j.w.WebAppContext@6a88fbe5{ozoneManager,/,null,STOPPED}{file:/github/workspace/mnt/ozone/hadoop-ozone/integration-test/target/test-classes/webapps/ozoneManager}
2020-11-20 13:30:54,185 [Listener at 127.0.0.1/12948] INFO  server.AbstractConnector (AbstractConnector.java:doStop(381)) - Stopped ServerConnector@30cd5eef{HTTP/1.1, (http/1.1)}{0.0.0.0:12950}
2020-11-20 13:30:54,185 [Listener at 127.0.0.1/12948] INFO  server.session (HouseKeeper.java:stopScavenging(149)) - node0 Stopped scavenging
2020-11-20 13:30:54,185 [Listener at 127.0.0.1/12948] INFO  handler.ContextHandler (ContextHandler.java:doStop(1154)) - Stopped o.e.j.s.ServletContextHandler@6ba96e1b{static,/static,file:///github/workspace/mnt/ozone/hadoop-ozone/integration-test/target/test-classes/webapps/static,STOPPED}
2020-11-20 13:30:54,185 [Listener at 127.0.0.1/12948] INFO  handler.ContextHandler (ContextHandler.java:doStop(1154)) - Stopped o.e.j.s.ServletContextHandler@7e2c887f{logs,/logs,file:///github/workspace/mnt/ozone/hadoop-ozone/integration-test/target/log,STOPPED}
2020-11-20 13:30:54,188 [Listener at 127.0.0.1/12948] INFO  ozone.MiniOzoneHAClusterImpl (MiniOzoneHAClusterImpl.java:stop(230)) - Stopping the OzoneManager omNode-1
2020-11-20 13:30:54,188 [Listener at 127.0.0.1/12948] INFO  ipc.Server (Server.java:stop(3359)) - Stopping server on 12936
2020-11-20 13:30:54,191 [IPC Server listener on 12936] INFO  ipc.Server (Server.java:run(1330)) - Stopping IPC Server listener on 12936
2020-11-20 13:30:54,192 [IPC Server Responder] INFO  ipc.Server (Server.java:run(1465)) - Stopping IPC Server Responder
2020-11-20 13:30:54,192 [Listener at 127.0.0.1/12948] INFO  impl.RaftServerProxy (RaftServerProxy.java:lambda$close$4(322)) - omNode-1: close
2020-11-20 13:30:54,193 [Listener at 127.0.0.1/12948] INFO  impl.RaftServerImpl (RaftServerImpl.java:lambda$shutdown$3(321)) - omNode-1@group-523986131536: shutdown
2020-11-20 13:30:54,193 [Listener at 127.0.0.1/12948] INFO  util.JmxRegister (JmxRegister.java:unregister(73)) - Successfully un-registered JMX Bean with object name Ratis:service=RaftServer,group=group-523986131536,id=omNode-1
2020-11-20 13:30:54,193 [Listener at 127.0.0.1/12948] INFO  impl.RoleInfo (RoleInfo.java:shutdownFollowerState(121)) - omNode-1: shutdown FollowerState
2020-11-20 13:30:54,193 [Thread-257] INFO  impl.FollowerState (FollowerState.java:run(117)) - omNode-1@group-523986131536-FollowerState was interrupted: java.lang.InterruptedException: sleep interrupted
2020-11-20 13:30:54,193 [omNode-1@group-523986131536-StateMachineUpdater] INFO  ratis.OzoneManagerStateMachine (OzoneManagerStateMachine.java:takeSnapshot(345)) - Current Snapshot Index (t:2, i:3)
2020-11-20 13:30:54,193 [omNode-1@group-523986131536-StateMachineUpdater] INFO  impl.StateMachineUpdater (StateMachineUpdater.java:takeSnapshot(277)) - omNode-1@group-523986131536-StateMachineUpdater: Took a snapshot at index 3
2020-11-20 13:30:54,194 [omNode-1@group-523986131536-StateMachineUpdater] INFO  impl.StateMachineUpdater (StateMachineUpdater.java:lambda$new$0(87)) - omNode-1@group-523986131536-StateMachineUpdater: snapshotIndex: updateIncreasingly -1 -> 3
2020-11-20 13:30:54,194 [omNode-1@group-523986131536-StateMachineUpdater] INFO  metrics.RatisMetrics (RatisMetrics.java:unregister(43)) - Unregistering Metrics Registry : ratis.state_machine.omNode-1@group-523986131536
2020-11-20 13:30:54,194 [Listener at 127.0.0.1/12948] INFO  impl.StateMachineUpdater (StateMachineUpdater.java:stopAndJoin(142)) - omNode-1@group-523986131536-StateMachineUpdater: set stopIndex = 3
2020-11-20 13:30:54,194 [Listener at 127.0.0.1/12948] INFO  impl.RaftServerImpl (ServerState.java:close(405)) - omNode-1@group-523986131536: closes. applyIndex: 3
2020-11-20 13:30:54,194 [omNode-1@group-523986131536-SegmentedRaftLogWorker] INFO  segmented.SegmentedRaftLogWorker (SegmentedRaftLogWorker.java:run(327)) - omNode-1@group-523986131536-SegmentedRaftLogWorker was interrupted, exiting. There are 0 tasks remaining in the queue.
2020-11-20 13:30:54,195 [Listener at 127.0.0.1/12948] INFO  segmented.SegmentedRaftLogWorker (SegmentedRaftLogWorker.java:close(234)) - omNode-1@group-523986131536-SegmentedRaftLogWorker close()
2020-11-20 13:30:54,196 [Listener at 127.0.0.1/12948] INFO  metrics.RatisMetrics (RatisMetrics.java:unregister(43)) - Unregistering Metrics Registry : ratis.log_worker.omNode-1@group-523986131536
2020-11-20 13:30:54,196 [Listener at 127.0.0.1/12948] INFO  metrics.RatisMetrics (RatisMetrics.java:unregister(43)) - Unregistering Metrics Registry : ratis.leader_election.omNode-1@group-523986131536
2020-11-20 13:30:54,196 [Listener at 127.0.0.1/12948] INFO  metrics.RatisMetrics (RatisMetrics.java:unregister(43)) - Unregistering Metrics Registry : ratis.server.omNode-1@group-523986131536
2020-11-20 13:30:54,196 [Listener at 127.0.0.1/12948] INFO  server.GrpcService (GrpcService.java:closeImpl(183)) - omNode-1: shutdown server with port 12940 now
2020-11-20 13:30:54,204 [Listener at 127.0.0.1/12948] INFO  server.GrpcService (GrpcService.java:closeImpl(191)) - omNode-1: shutdown server with port 12940 successfully
2020-11-20 13:30:54,204 [Listener at 127.0.0.1/12948] INFO  ratis.OzoneManagerDoubleBuffer (OzoneManagerDoubleBuffer.java:stop(457)) - Stopping OMDoubleBuffer flush thread
2020-11-20 13:30:54,204 [OMDoubleBufferFlushThread] INFO  ratis.OzoneManagerDoubleBuffer (OzoneManagerDoubleBuffer.java:flushTransactions(356)) - OMDoubleBuffer flush thread OMDoubleBufferFlushThread is interrupted and will exit. OMDoubleBufferFlushThread
2020-11-20 13:30:54,204 [Listener at 127.0.0.1/12948] INFO  ratis.OzoneManagerStateMachine (HadoopExecutors.java:shutdown(118)) - Gracefully shutting down executor service. Waiting max 5 SECONDS
2020-11-20 13:30:54,204 [Listener at 127.0.0.1/12948] INFO  ratis.OzoneManagerStateMachine (HadoopExecutors.java:shutdown(129)) - Succesfully shutdown executor service
2020-11-20 13:30:54,207 [Listener at 127.0.0.1/12948] INFO  ratis.OzoneManagerStateMachine (HadoopExecutors.java:shutdown(118)) - Gracefully shutting down executor service. Waiting max 5 SECONDS
2020-11-20 13:30:54,207 [Listener at 127.0.0.1/12948] INFO  ratis.OzoneManagerStateMachine (HadoopExecutors.java:shutdown(129)) - Succesfully shutdown executor service
2020-11-20 13:30:54,207 [Listener at 127.0.0.1/12948] INFO  utils.BackgroundService (BackgroundService.java:shutdown(132)) - Shutting down service KeyDeletingService
2020-11-20 13:30:54,208 [Listener at 127.0.0.1/12948] INFO  handler.ContextHandler (ContextHandler.java:doStop(1154)) - Stopped o.e.j.w.WebAppContext@4e94c745{ozoneManager,/,null,STOPPED}{file:/github/workspace/mnt/ozone/hadoop-ozone/integration-test/target/test-classes/webapps/ozoneManager}
2020-11-20 13:30:54,208 [Listener at 127.0.0.1/12948] INFO  server.AbstractConnector (AbstractConnector.java:doStop(381)) - Stopped ServerConnector@4d1948f9{HTTP/1.1, (http/1.1)}{0.0.0.0:12938}
2020-11-20 13:30:54,208 [Listener at 127.0.0.1/12948] INFO  server.session (HouseKeeper.java:stopScavenging(149)) - node0 Stopped scavenging
2020-11-20 13:30:54,208 [Listener at 127.0.0.1/12948] INFO  handler.ContextHandler (ContextHandler.java:doStop(1154)) - Stopped o.e.j.s.ServletContextHandler@11ffaaf4{static,/static,file:///github/workspace/mnt/ozone/hadoop-ozone/integration-test/target/test-classes/webapps/static,STOPPED}
2020-11-20 13:30:54,209 [Listener at 127.0.0.1/12948] INFO  handler.ContextHandler (ContextHandler.java:doStop(1154)) - Stopped o.e.j.s.ServletContextHandler@594348f2{logs,/logs,file:///github/workspace/mnt/ozone/hadoop-ozone/integration-test/target/log,STOPPED}
2020-11-20 13:30:54,211 [Listener at 127.0.0.1/12948] INFO  ozone.MiniOzoneHAClusterImpl (MiniOzoneHAClusterImpl.java:stop(230)) - Stopping the OzoneManager omNode-2
2020-11-20 13:30:54,211 [Listener at 127.0.0.1/12948] INFO  ipc.Server (Server.java:stop(3359)) - Stopping server on 12942
2020-11-20 13:30:54,213 [IPC Server Responder] INFO  ipc.Server (Server.java:run(1465)) - Stopping IPC Server Responder
2020-11-20 13:30:54,213 [Listener at 127.0.0.1/12948] INFO  impl.RaftServerProxy (RaftServerProxy.java:lambda$close$4(322)) - omNode-2: close
2020-11-20 13:30:54,213 [IPC Server listener on 12942] INFO  ipc.Server (Server.java:run(1330)) - Stopping IPC Server listener on 12942
2020-11-20 13:30:54,214 [Listener at 127.0.0.1/12948] INFO  impl.RaftServerImpl (RaftServerImpl.java:lambda$shutdown$3(321)) - omNode-2@group-523986131536: shutdown
2020-11-20 13:30:54,214 [Listener at 127.0.0.1/12948] INFO  util.JmxRegister (JmxRegister.java:unregister(73)) - Successfully un-registered JMX Bean with object name Ratis:service=RaftServer,group=group-523986131536,id=omNode-2
2020-11-20 13:30:54,214 [Listener at 127.0.0.1/12948] INFO  impl.RoleInfo (RoleInfo.java:shutdownFollowerState(121)) - omNode-2: shutdown FollowerState
2020-11-20 13:30:54,214 [Thread-256] INFO  impl.FollowerState (FollowerState.java:run(117)) - omNode-2@group-523986131536-FollowerState was interrupted: java.lang.InterruptedException: sleep interrupted
2020-11-20 13:30:54,215 [omNode-2@group-523986131536-StateMachineUpdater] INFO  ratis.OzoneManagerStateMachine (OzoneManagerStateMachine.java:takeSnapshot(345)) - Current Snapshot Index (t:2, i:3)
2020-11-20 13:30:54,215 [omNode-2@group-523986131536-StateMachineUpdater] INFO  impl.StateMachineUpdater (StateMachineUpdater.java:takeSnapshot(277)) - omNode-2@group-523986131536-StateMachineUpdater: Took a snapshot at index 3
2020-11-20 13:30:54,215 [omNode-2@group-523986131536-StateMachineUpdater] INFO  impl.StateMachineUpdater (StateMachineUpdater.java:lambda$new$0(87)) - omNode-2@group-523986131536-StateMachineUpdater: snapshotIndex: updateIncreasingly -1 -> 3
2020-11-20 13:30:54,215 [omNode-2@group-523986131536-StateMachineUpdater] INFO  metrics.RatisMetrics (RatisMetrics.java:unregister(43)) - Unregistering Metrics Registry : ratis.state_machine.omNode-2@group-523986131536
2020-11-20 13:30:54,215 [Listener at 127.0.0.1/12948] INFO  impl.StateMachineUpdater (StateMachineUpdater.java:stopAndJoin(142)) - omNode-2@group-523986131536-StateMachineUpdater: set stopIndex = 3
2020-11-20 13:30:54,215 [Listener at 127.0.0.1/12948] INFO  impl.RaftServerImpl (ServerState.java:close(405)) - omNode-2@group-523986131536: closes. applyIndex: 3
2020-11-20 13:30:54,215 [omNode-2@group-523986131536-SegmentedRaftLogWorker] INFO  segmented.SegmentedRaftLogWorker (SegmentedRaftLogWorker.java:run(327)) - omNode-2@group-523986131536-SegmentedRaftLogWorker was interrupted, exiting. There are 0 tasks remaining in the queue.
2020-11-20 13:30:54,217 [Listener at 127.0.0.1/12948] INFO  segmented.SegmentedRaftLogWorker (SegmentedRaftLogWorker.java:close(234)) - omNode-2@group-523986131536-SegmentedRaftLogWorker close()
2020-11-20 13:30:54,217 [Listener at 127.0.0.1/12948] INFO  metrics.RatisMetrics (RatisMetrics.java:unregister(43)) - Unregistering Metrics Registry : ratis.log_worker.omNode-2@group-523986131536
2020-11-20 13:30:54,217 [Listener at 127.0.0.1/12948] INFO  metrics.RatisMetrics (RatisMetrics.java:unregister(43)) - Unregistering Metrics Registry : ratis.leader_election.omNode-2@group-523986131536
2020-11-20 13:30:54,218 [Listener at 127.0.0.1/12948] INFO  metrics.RatisMetrics (RatisMetrics.java:unregister(43)) - Unregistering Metrics Registry : ratis.server.omNode-2@group-523986131536
2020-11-20 13:30:54,218 [Listener at 127.0.0.1/12948] INFO  server.GrpcService (GrpcService.java:closeImpl(183)) - omNode-2: shutdown server with port 12946 now
2020-11-20 13:30:54,219 [Listener at 127.0.0.1/12948] INFO  server.GrpcService (GrpcService.java:closeImpl(191)) - omNode-2: shutdown server with port 12946 successfully
2020-11-20 13:30:54,219 [Listener at 127.0.0.1/12948] INFO  ratis.OzoneManagerDoubleBuffer (OzoneManagerDoubleBuffer.java:stop(457)) - Stopping OMDoubleBuffer flush thread
2020-11-20 13:30:54,219 [OMDoubleBufferFlushThread] INFO  ratis.OzoneManagerDoubleBuffer (OzoneManagerDoubleBuffer.java:flushTransactions(356)) - OMDoubleBuffer flush thread OMDoubleBufferFlushThread is interrupted and will exit. OMDoubleBufferFlushThread
2020-11-20 13:30:54,220 [Listener at 127.0.0.1/12948] INFO  ratis.OzoneManagerStateMachine (HadoopExecutors.java:shutdown(118)) - Gracefully shutting down executor service. Waiting max 5 SECONDS
2020-11-20 13:30:54,220 [Listener at 127.0.0.1/12948] INFO  ratis.OzoneManagerStateMachine (HadoopExecutors.java:shutdown(129)) - Succesfully shutdown executor service
2020-11-20 13:30:54,220 [Listener at 127.0.0.1/12948] INFO  ratis.OzoneManagerStateMachine (HadoopExecutors.java:shutdown(118)) - Gracefully shutting down executor service. Waiting max 5 SECONDS
2020-11-20 13:30:54,220 [Listener at 127.0.0.1/12948] INFO  ratis.OzoneManagerStateMachine (HadoopExecutors.java:shutdown(129)) - Succesfully shutdown executor service
2020-11-20 13:30:54,220 [Listener at 127.0.0.1/12948] INFO  utils.BackgroundService (BackgroundService.java:shutdown(132)) - Shutting down service KeyDeletingService
2020-11-20 13:30:54,221 [Listener at 127.0.0.1/12948] INFO  handler.ContextHandler (ContextHandler.java:doStop(1154)) - Stopped o.e.j.w.WebAppContext@72bd504b{ozoneManager,/,null,STOPPED}{file:/github/workspace/mnt/ozone/hadoop-ozone/integration-test/target/test-classes/webapps/ozoneManager}
2020-11-20 13:30:54,222 [Listener at 127.0.0.1/12948] INFO  server.AbstractConnector (AbstractConnector.java:doStop(381)) - Stopped ServerConnector@c925be{HTTP/1.1, (http/1.1)}{0.0.0.0:12944}
2020-11-20 13:30:54,222 [Listener at 127.0.0.1/12948] INFO  server.session (HouseKeeper.java:stopScavenging(149)) - node0 Stopped scavenging
2020-11-20 13:30:54,222 [Listener at 127.0.0.1/12948] INFO  handler.ContextHandler (ContextHandler.java:doStop(1154)) - Stopped o.e.j.s.ServletContextHandler@57459cf9{static,/static,file:///github/workspace/mnt/ozone/hadoop-ozone/integration-test/target/test-classes/webapps/static,STOPPED}
2020-11-20 13:30:54,222 [Listener at 127.0.0.1/12948] INFO  handler.ContextHandler (ContextHandler.java:doStop(1154)) - Stopped o.e.j.s.ServletContextHandler@688aab66{logs,/logs,file:///github/workspace/mnt/ozone/hadoop-ozone/integration-test/target/log,STOPPED}
2020-11-20 13:30:54,230 [Listener at 127.0.0.1/12948] INFO  ozone.MiniOzoneClusterImpl (MiniOzoneClusterImpl.java:stop(403)) - Stopping the Mini Ozone Cluster
2020-11-20 13:30:54,230 [Listener at 127.0.0.1/12948] INFO  ozone.MiniOzoneClusterImpl (MiniOzoneClusterImpl.java:stopDatanodes(462)) - Stopping the HddsDatanodes
2020-11-20 13:30:54,281 [Datanode State Machine Thread - 0] INFO  statemachine.DatanodeStateMachine (DatanodeStateMachine.java:lambda$startDaemon$0(406)) - Ozone container server started.
2020-11-20 13:30:54,831 [Datanode State Machine Thread - 0] INFO  statemachine.DatanodeStateMachine (DatanodeStateMachine.java:lambda$startDaemon$0(406)) - Ozone container server started.
2020-11-20 13:30:55,851 [EventQueue-Delayed safe mode statusForReplicationManager] INFO  container.ReplicationManager (ReplicationManager.java:start(178)) - Starting Replication Monitor Thread.
2020-11-20 13:30:55,852 [ReplicationMonitor] INFO  container.ReplicationManager (ReplicationManager.java:run(242)) - Replication Monitor Thread took 0 milliseconds for processing 0 containers.
2020-11-20 13:30:59,232 [ForkJoinPool.commonPool-worker-1] INFO  ozoneimpl.OzoneContainer (OzoneContainer.java:stop(257)) - Attempting to stop container services.
2020-11-20 13:30:59,232 [Listener at 127.0.0.1/12948] INFO  ozoneimpl.OzoneContainer (OzoneContainer.java:stop(257)) - Attempting to stop container services.
2020-11-20 13:30:59,233 [Listener at 127.0.0.1/12948] INFO  impl.RaftServerProxy (RaftServerProxy.java:lambda$close$4(322)) - f24dc68e-1162-4671-a167-fccf63b21a74: close
2020-11-20 13:30:59,233 [Listener at 127.0.0.1/12948] INFO  impl.RaftServerImpl (RaftServerImpl.java:lambda$shutdown$3(321)) - f24dc68e-1162-4671-a167-fccf63b21a74@group-2A2AD42065CE: shutdown
2020-11-20 13:30:59,232 [ForkJoinPool.commonPool-worker-1] INFO  impl.RaftServerProxy (RaftServerProxy.java:lambda$close$4(322)) - 5891ba3b-fbfe-4ac0-a934-62139bd80922: close
2020-11-20 13:30:59,233 [Listener at 127.0.0.1/12948] INFO  util.JmxRegister (JmxRegister.java:unregister(73)) - Successfully un-registered JMX Bean with object name Ratis:service=RaftServer,group=group-2A2AD42065CE,id=f24dc68e-1162-4671-a167-fccf63b21a74
2020-11-20 13:30:59,233 [Listener at 127.0.0.1/12948] INFO  impl.RoleInfo (RoleInfo.java:shutdownLeaderState(104)) - f24dc68e-1162-4671-a167-fccf63b21a74: shutdown LeaderState
2020-11-20 13:30:59,233 [Listener at 127.0.0.1/12948] INFO  impl.PendingRequests (PendingRequests.java:sendNotLeaderResponses(249)) - f24dc68e-1162-4671-a167-fccf63b21a74@group-2A2AD42065CE-PendingRequests: sendNotLeaderResponses
2020-11-20 13:30:59,234 [Listener at 127.0.0.1/12948] INFO  metrics.RatisMetrics (RatisMetrics.java:unregister(43)) - Unregistering Metrics Registry : ratis.log_appender.f24dc68e-1162-4671-a167-fccf63b21a74@group-2A2AD42065CE
2020-11-20 13:30:59,233 [ForkJoinPool.commonPool-worker-1] INFO  impl.RaftServerImpl (RaftServerImpl.java:lambda$shutdown$3(321)) - 5891ba3b-fbfe-4ac0-a934-62139bd80922@group-E7E7A459DEC4: shutdown
2020-11-20 13:30:59,234 [Listener at 127.0.0.1/12948] INFO  metrics.RatisMetrics (RatisMetrics.java:unregister(43)) - Unregistering Metrics Registry : ratis.server.f24dc68e-1162-4671-a167-fccf63b21a74@group-2A2AD42065CE
2020-11-20 13:30:59,234 [ForkJoinPool.commonPool-worker-1] INFO  util.JmxRegister (JmxRegister.java:unregister(73)) - Successfully un-registered JMX Bean with object name Ratis:service=RaftServer,group=group-E7E7A459DEC4,id=5891ba3b-fbfe-4ac0-a934-62139bd80922
2020-11-20 13:30:59,234 [ForkJoinPool.commonPool-worker-1] INFO  impl.RoleInfo (RoleInfo.java:shutdownLeaderState(104)) - 5891ba3b-fbfe-4ac0-a934-62139bd80922: shutdown LeaderState
2020-11-20 13:30:59,234 [ForkJoinPool.commonPool-worker-1] INFO  metrics.RatisMetrics (RatisMetrics.java:unregister(43)) - Unregistering Metrics Registry : ratis_grpc.log_appender.5891ba3b-fbfe-4ac0-a934-62139bd80922@group-E7E7A459DEC4
2020-11-20 13:30:59,234 [ForkJoinPool.commonPool-worker-1] INFO  metrics.RatisMetrics (RatisMetrics.java:unregister(43)) - Unregistering Metrics Registry : ratis_grpc.log_appender.5891ba3b-fbfe-4ac0-a934-62139bd80922@group-E7E7A459DEC4
2020-11-20 13:30:59,234 [org.apache.ratis.server.impl.LogAppender$AppenderDaemon$$Lambda$366/1296604567@2f573459] WARN  server.GrpcLogAppender (GrpcLogAppender.java:mayWait(168)) - 5891ba3b-fbfe-4ac0-a934-62139bd80922@group-E7E7A459DEC4->f24dc68e-1162-4671-a167-fccf63b21a74-GrpcLogAppender: Wait interrupted by java.lang.InterruptedException
2020-11-20 13:30:59,234 [ForkJoinPool.commonPool-worker-1] INFO  impl.PendingRequests (PendingRequests.java:sendNotLeaderResponses(249)) - 5891ba3b-fbfe-4ac0-a934-62139bd80922@group-E7E7A459DEC4-PendingRequests: sendNotLeaderResponses
2020-11-20 13:30:59,235 [ForkJoinPool.commonPool-worker-1] INFO  metrics.RatisMetrics (RatisMetrics.java:unregister(43)) - Unregistering Metrics Registry : ratis.log_appender.5891ba3b-fbfe-4ac0-a934-62139bd80922@group-E7E7A459DEC4
2020-11-20 13:30:59,235 [ForkJoinPool.commonPool-worker-1] INFO  metrics.RatisMetrics (RatisMetrics.java:unregister(43)) - Unregistering Metrics Registry : ratis.server.5891ba3b-fbfe-4ac0-a934-62139bd80922@group-E7E7A459DEC4
2020-11-20 13:30:59,236 [ForkJoinPool.commonPool-worker-1] INFO  impl.StateMachineUpdater (StateMachineUpdater.java:stopAndJoin(142)) - 5891ba3b-fbfe-4ac0-a934-62139bd80922@group-E7E7A459DEC4-StateMachineUpdater: set stopIndex = 0
2020-11-20 13:30:59,236 [org.apache.ratis.server.impl.LogAppender$AppenderDaemon$$Lambda$366/1296604567@10d00e18] WARN  server.GrpcLogAppender (GrpcLogAppender.java:mayWait(168)) - 5891ba3b-fbfe-4ac0-a934-62139bd80922@group-E7E7A459DEC4->43a11ad6-f787-4c7d-9e4b-07d0357893bd-GrpcLogAppender: Wait interrupted by java.lang.InterruptedException
2020-11-20 13:30:59,236 [f24dc68e-1162-4671-a167-fccf63b21a74@group-2A2AD42065CE-StateMachineUpdater] INFO  ratis.ContainerStateMachine (ContainerStateMachine.java:takeSnapshot(293)) - group-2A2AD42065CE: Taking a snapshot at:(t:1, i:0) file /github/workspace/mnt/ozone/hadoop-ozone/integration-test/target/test-dir/MiniOzoneClusterImpl-88510e19-ed2c-49d7-b179-50c179883a6e/datanode-1/data/ratis/39449a89-8cbd-45df-b6e9-2a2ad42065ce/sm/snapshot.1_0
2020-11-20 13:30:59,236 [grpc-default-executor-5] INFO  server.GrpcServerProtocolService (GrpcServerProtocolService.java:onCompleted(138)) - f24dc68e-1162-4671-a167-fccf63b21a74: Completed APPEND_ENTRIES, lastRequest: 5891ba3b-fbfe-4ac0-a934-62139bd80922->f24dc68e-1162-4671-a167-fccf63b21a74#1-t1, previous=(t:0, i:0), leaderCommit=0, initializing? false, entries: size=1, first=(t:1, i:0), CONFIGURATIONENTRY
2020-11-20 13:30:59,236 [5891ba3b-fbfe-4ac0-a934-62139bd80922@group-E7E7A459DEC4-StateMachineUpdater] INFO  ratis.ContainerStateMachine (ContainerStateMachine.java:takeSnapshot(293)) - group-E7E7A459DEC4: Taking a snapshot at:(t:1, i:0) file /github/workspace/mnt/ozone/hadoop-ozone/integration-test/target/test-dir/MiniOzoneClusterImpl-88510e19-ed2c-49d7-b179-50c179883a6e/datanode-0/data/ratis/97b050db-3d5e-45bb-9fa1-e7e7a459dec4/sm/snapshot.1_0
2020-11-20 13:30:59,238 [grpc-default-executor-4] INFO  server.GrpcLogAppender (GrpcLogAppender.java:onCompleted(336)) - 5891ba3b-fbfe-4ac0-a934-62139bd80922@group-E7E7A459DEC4->f24dc68e-1162-4671-a167-fccf63b21a74-AppendLogResponseHandler: follower responses appendEntries COMPLETED
2020-11-20 13:30:59,236 [Listener at 127.0.0.1/12948] INFO  impl.StateMachineUpdater (StateMachineUpdater.java:stopAndJoin(142)) - f24dc68e-1162-4671-a167-fccf63b21a74@group-2A2AD42065CE-StateMachineUpdater: set stopIndex = 0
2020-11-20 13:30:59,238 [grpc-default-executor-4] INFO  impl.FollowerInfo (FollowerInfo.java:lambda$new$0(51)) - 5891ba3b-fbfe-4ac0-a934-62139bd80922@group-E7E7A459DEC4->f24dc68e-1162-4671-a167-fccf63b21a74: nextIndex: updateUnconditionally 1 -> 0
2020-11-20 13:30:59,246 [grpc-default-executor-4] INFO  server.GrpcServerProtocolService (GrpcServerProtocolService.java:onCompleted(138)) - 43a11ad6-f787-4c7d-9e4b-07d0357893bd: Completed APPEND_ENTRIES, lastRequest: 5891ba3b-fbfe-4ac0-a934-62139bd80922->43a11ad6-f787-4c7d-9e4b-07d0357893bd#1-t1, previous=(t:0, i:0), leaderCommit=0, initializing? false, entries: size=1, first=(t:1, i:0), CONFIGURATIONENTRY
2020-11-20 13:30:59,247 [grpc-default-executor-5] INFO  server.GrpcLogAppender (GrpcLogAppender.java:onCompleted(336)) - 5891ba3b-fbfe-4ac0-a934-62139bd80922@group-E7E7A459DEC4->43a11ad6-f787-4c7d-9e4b-07d0357893bd-AppendLogResponseHandler: follower responses appendEntries COMPLETED
2020-11-20 13:30:59,247 [grpc-default-executor-5] INFO  impl.FollowerInfo (FollowerInfo.java:lambda$new$0(51)) - 5891ba3b-fbfe-4ac0-a934-62139bd80922@group-E7E7A459DEC4->43a11ad6-f787-4c7d-9e4b-07d0357893bd: nextIndex: updateUnconditionally 1 -> 0
2020-11-20 13:30:59,304 [5891ba3b-fbfe-4ac0-a934-62139bd80922@group-E7E7A459DEC4-StateMachineUpdater] INFO  ratis.ContainerStateMachine (ContainerStateMachine.java:takeSnapshot(304)) - group-E7E7A459DEC4: Finished taking a snapshot at:(t:1, i:0) file:/github/workspace/mnt/ozone/hadoop-ozone/integration-test/target/test-dir/MiniOzoneClusterImpl-88510e19-ed2c-49d7-b179-50c179883a6e/datanode-0/data/ratis/97b050db-3d5e-45bb-9fa1-e7e7a459dec4/sm/snapshot.1_0 time:67
2020-11-20 13:30:59,305 [5891ba3b-fbfe-4ac0-a934-62139bd80922@group-E7E7A459DEC4-StateMachineUpdater] INFO  impl.StateMachineUpdater (StateMachineUpdater.java:takeSnapshot(277)) - 5891ba3b-fbfe-4ac0-a934-62139bd80922@group-E7E7A459DEC4-StateMachineUpdater: Took a snapshot at index 0
2020-11-20 13:30:59,305 [5891ba3b-fbfe-4ac0-a934-62139bd80922@group-E7E7A459DEC4-StateMachineUpdater] INFO  impl.StateMachineUpdater (StateMachineUpdater.java:lambda$new$0(87)) - 5891ba3b-fbfe-4ac0-a934-62139bd80922@group-E7E7A459DEC4-StateMachineUpdater: snapshotIndex: updateIncreasingly -1 -> 0
2020-11-20 13:30:59,308 [5891ba3b-fbfe-4ac0-a934-62139bd80922@group-E7E7A459DEC4-StateMachineUpdater] INFO  metrics.RatisMetrics (RatisMetrics.java:unregister(43)) - Unregistering Metrics Registry : ratis.state_machine.5891ba3b-fbfe-4ac0-a934-62139bd80922@group-E7E7A459DEC4
2020-11-20 13:30:59,308 [f24dc68e-1162-4671-a167-fccf63b21a74@group-2A2AD42065CE-StateMachineUpdater] INFO  ratis.ContainerStateMachine (ContainerStateMachine.java:takeSnapshot(304)) - group-2A2AD42065CE: Finished taking a snapshot at:(t:1, i:0) file:/github/workspace/mnt/ozone/hadoop-ozone/integration-test/target/test-dir/MiniOzoneClusterImpl-88510e19-ed2c-49d7-b179-50c179883a6e/datanode-1/data/ratis/39449a89-8cbd-45df-b6e9-2a2ad42065ce/sm/snapshot.1_0 time:72
2020-11-20 13:30:59,308 [f24dc68e-1162-4671-a167-fccf63b21a74@group-2A2AD42065CE-StateMachineUpdater] INFO  impl.StateMachineUpdater (StateMachineUpdater.java:takeSnapshot(277)) - f24dc68e-1162-4671-a167-fccf63b21a74@group-2A2AD42065CE-StateMachineUpdater: Took a snapshot at index 0
2020-11-20 13:30:59,308 [f24dc68e-1162-4671-a167-fccf63b21a74@group-2A2AD42065CE-StateMachineUpdater] INFO  impl.StateMachineUpdater (StateMachineUpdater.java:lambda$new$0(87)) - f24dc68e-1162-4671-a167-fccf63b21a74@group-2A2AD42065CE-StateMachineUpdater: snapshotIndex: updateIncreasingly -1 -> 0
2020-11-20 13:30:59,309 [f24dc68e-1162-4671-a167-fccf63b21a74@group-2A2AD42065CE-StateMachineUpdater] INFO  metrics.RatisMetrics (RatisMetrics.java:unregister(43)) - Unregistering Metrics Registry : ratis.state_machine.f24dc68e-1162-4671-a167-fccf63b21a74@group-2A2AD42065CE
2020-11-20 13:30:59,309 [Listener at 127.0.0.1/12948] INFO  impl.RaftServerImpl (ServerState.java:close(405)) - f24dc68e-1162-4671-a167-fccf63b21a74@group-2A2AD42065CE: closes. applyIndex: 0
2020-11-20 13:30:59,309 [f24dc68e-1162-4671-a167-fccf63b21a74@group-2A2AD42065CE-SegmentedRaftLogWorker] INFO  segmented.SegmentedRaftLogWorker (SegmentedRaftLogWorker.java:run(327)) - f24dc68e-1162-4671-a167-fccf63b21a74@group-2A2AD42065CE-SegmentedRaftLogWorker was interrupted, exiting. There are 0 tasks remaining in the queue.
2020-11-20 13:30:59,309 [Listener at 127.0.0.1/12948] INFO  segmented.SegmentedRaftLogWorker (SegmentedRaftLogWorker.java:close(234)) - f24dc68e-1162-4671-a167-fccf63b21a74@group-2A2AD42065CE-SegmentedRaftLogWorker close()
2020-11-20 13:30:59,310 [ForkJoinPool.commonPool-worker-1] INFO  impl.RaftServerImpl (ServerState.java:close(405)) - 5891ba3b-fbfe-4ac0-a934-62139bd80922@group-E7E7A459DEC4: closes. applyIndex: 0
2020-11-20 13:30:59,310 [5891ba3b-fbfe-4ac0-a934-62139bd80922@group-E7E7A459DEC4-SegmentedRaftLogWorker] INFO  segmented.SegmentedRaftLogWorker (SegmentedRaftLogWorker.java:run(327)) - 5891ba3b-fbfe-4ac0-a934-62139bd80922@group-E7E7A459DEC4-SegmentedRaftLogWorker was interrupted, exiting. There are 0 tasks remaining in the queue.
2020-11-20 13:30:59,310 [ForkJoinPool.commonPool-worker-1] INFO  segmented.SegmentedRaftLogWorker (SegmentedRaftLogWorker.java:close(234)) - 5891ba3b-fbfe-4ac0-a934-62139bd80922@group-E7E7A459DEC4-SegmentedRaftLogWorker close()
2020-11-20 13:30:59,310 [Listener at 127.0.0.1/12948] INFO  metrics.RatisMetrics (RatisMetrics.java:unregister(43)) - Unregistering Metrics Registry : ratis.log_worker.f24dc68e-1162-4671-a167-fccf63b21a74@group-2A2AD42065CE
2020-11-20 13:30:59,311 [Listener at 127.0.0.1/12948] INFO  metrics.RatisMetrics (RatisMetrics.java:unregister(43)) - Unregistering Metrics Registry : ratis.leader_election.f24dc68e-1162-4671-a167-fccf63b21a74@group-2A2AD42065CE
2020-11-20 13:30:59,311 [Listener at 127.0.0.1/12948] INFO  metrics.RatisMetrics (RatisMetrics.java:unregister(43)) - Unregistering Metrics Registry : ratis.server.f24dc68e-1162-4671-a167-fccf63b21a74@group-2A2AD42065CE
2020-11-20 13:30:59,311 [Listener at 127.0.0.1/12948] INFO  impl.RaftServerImpl (RaftServerImpl.java:lambda$shutdown$3(321)) - f24dc68e-1162-4671-a167-fccf63b21a74@group-E7E7A459DEC4: shutdown
2020-11-20 13:30:59,312 [Listener at 127.0.0.1/12948] INFO  util.JmxRegister (JmxRegister.java:unregister(73)) - Successfully un-registered JMX Bean with object name Ratis:service=RaftServer,group=group-E7E7A459DEC4,id=f24dc68e-1162-4671-a167-fccf63b21a74
2020-11-20 13:30:59,312 [Listener at 127.0.0.1/12948] INFO  impl.RoleInfo (RoleInfo.java:shutdownFollowerState(121)) - f24dc68e-1162-4671-a167-fccf63b21a74: shutdown FollowerState
2020-11-20 13:30:59,312 [Listener at 127.0.0.1/12948] INFO  impl.StateMachineUpdater (StateMachineUpdater.java:stopAndJoin(142)) - f24dc68e-1162-4671-a167-fccf63b21a74@group-E7E7A459DEC4-StateMachineUpdater: set stopIndex = 0
2020-11-20 13:30:59,312 [Thread-340] INFO  impl.FollowerState (FollowerState.java:run(117)) - f24dc68e-1162-4671-a167-fccf63b21a74@group-E7E7A459DEC4-FollowerState was interrupted: java.lang.InterruptedException: sleep interrupted
2020-11-20 13:30:59,312 [f24dc68e-1162-4671-a167-fccf63b21a74@group-E7E7A459DEC4-StateMachineUpdater] INFO  ratis.ContainerStateMachine (ContainerStateMachine.java:takeSnapshot(293)) - group-E7E7A459DEC4: Taking a snapshot at:(t:1, i:0) file /github/workspace/mnt/ozone/hadoop-ozone/integration-test/target/test-dir/MiniOzoneClusterImpl-88510e19-ed2c-49d7-b179-50c179883a6e/datanode-1/data/ratis/97b050db-3d5e-45bb-9fa1-e7e7a459dec4/sm/snapshot.1_0
2020-11-20 13:30:59,313 [ForkJoinPool.commonPool-worker-1] INFO  metrics.RatisMetrics (RatisMetrics.java:unregister(43)) - Unregistering Metrics Registry : ratis.log_worker.5891ba3b-fbfe-4ac0-a934-62139bd80922@group-E7E7A459DEC4
2020-11-20 13:30:59,313 [ForkJoinPool.commonPool-worker-1] INFO  metrics.RatisMetrics (RatisMetrics.java:unregister(43)) - Unregistering Metrics Registry : ratis.leader_election.5891ba3b-fbfe-4ac0-a934-62139bd80922@group-E7E7A459DEC4
2020-11-20 13:30:59,313 [ForkJoinPool.commonPool-worker-1] INFO  metrics.RatisMetrics (RatisMetrics.java:unregister(43)) - Unregistering Metrics Registry : ratis.server.5891ba3b-fbfe-4ac0-a934-62139bd80922@group-E7E7A459DEC4
2020-11-20 13:30:59,313 [ForkJoinPool.commonPool-worker-1] INFO  impl.RaftServerImpl (RaftServerImpl.java:lambda$shutdown$3(321)) - 5891ba3b-fbfe-4ac0-a934-62139bd80922@group-3CB81D6A619F: shutdown
2020-11-20 13:30:59,313 [ForkJoinPool.commonPool-worker-1] INFO  util.JmxRegister (JmxRegister.java:unregister(73)) - Successfully un-registered JMX Bean with object name Ratis:service=RaftServer,group=group-3CB81D6A619F,id=5891ba3b-fbfe-4ac0-a934-62139bd80922
2020-11-20 13:30:59,313 [ForkJoinPool.commonPool-worker-1] INFO  impl.RoleInfo (RoleInfo.java:shutdownLeaderState(104)) - 5891ba3b-fbfe-4ac0-a934-62139bd80922: shutdown LeaderState
2020-11-20 13:30:59,313 [ForkJoinPool.commonPool-worker-1] INFO  impl.PendingRequests (PendingRequests.java:sendNotLeaderResponses(249)) - 5891ba3b-fbfe-4ac0-a934-62139bd80922@group-3CB81D6A619F-PendingRequests: sendNotLeaderResponses
2020-11-20 13:30:59,314 [ForkJoinPool.commonPool-worker-1] INFO  metrics.RatisMetrics (RatisMetrics.java:unregister(43)) - Unregistering Metrics Registry : ratis.log_appender.5891ba3b-fbfe-4ac0-a934-62139bd80922@group-3CB81D6A619F
2020-11-20 13:30:59,314 [ForkJoinPool.commonPool-worker-1] INFO  metrics.RatisMetrics (RatisMetrics.java:unregister(43)) - Unregistering Metrics Registry : ratis.server.5891ba3b-fbfe-4ac0-a934-62139bd80922@group-3CB81D6A619F
2020-11-20 13:30:59,315 [ForkJoinPool.commonPool-worker-1] INFO  impl.StateMachineUpdater (StateMachineUpdater.java:stopAndJoin(142)) - 5891ba3b-fbfe-4ac0-a934-62139bd80922@group-3CB81D6A619F-StateMachineUpdater: set stopIndex = 0
2020-11-20 13:30:59,315 [5891ba3b-fbfe-4ac0-a934-62139bd80922@group-3CB81D6A619F-StateMachineUpdater] INFO  ratis.ContainerStateMachine (ContainerStateMachine.java:takeSnapshot(293)) - group-3CB81D6A619F: Taking a snapshot at:(t:1, i:0) file /github/workspace/mnt/ozone/hadoop-ozone/integration-test/target/test-dir/MiniOzoneClusterImpl-88510e19-ed2c-49d7-b179-50c179883a6e/datanode-0/data/ratis/e5cbdd2b-575e-431f-b1b0-3cb81d6a619f/sm/snapshot.1_0
2020-11-20 13:30:59,314 [f24dc68e-1162-4671-a167-fccf63b21a74@group-E7E7A459DEC4-StateMachineUpdater] INFO  ratis.ContainerStateMachine (ContainerStateMachine.java:takeSnapshot(304)) - group-E7E7A459DEC4: Finished taking a snapshot at:(t:1, i:0) file:/github/workspace/mnt/ozone/hadoop-ozone/integration-test/target/test-dir/MiniOzoneClusterImpl-88510e19-ed2c-49d7-b179-50c179883a6e/datanode-1/data/ratis/97b050db-3d5e-45bb-9fa1-e7e7a459dec4/sm/snapshot.1_0 time:2
2020-11-20 13:30:59,315 [f24dc68e-1162-4671-a167-fccf63b21a74@group-E7E7A459DEC4-StateMachineUpdater] INFO  impl.StateMachineUpdater (StateMachineUpdater.java:takeSnapshot(277)) - f24dc68e-1162-4671-a167-fccf63b21a74@group-E7E7A459DEC4-StateMachineUpdater: Took a snapshot at index 0
2020-11-20 13:30:59,315 [f24dc68e-1162-4671-a167-fccf63b21a74@group-E7E7A459DEC4-StateMachineUpdater] INFO  impl.StateMachineUpdater (StateMachineUpdater.java:lambda$new$0(87)) - f24dc68e-1162-4671-a167-fccf63b21a74@group-E7E7A459DEC4-StateMachineUpdater: snapshotIndex: updateIncreasingly -1 -> 0
2020-11-20 13:30:59,315 [f24dc68e-1162-4671-a167-fccf63b21a74@group-E7E7A459DEC4-StateMachineUpdater] INFO  metrics.RatisMetrics (RatisMetrics.java:unregister(43)) - Unregistering Metrics Registry : ratis.state_machine.f24dc68e-1162-4671-a167-fccf63b21a74@group-E7E7A459DEC4
2020-11-20 13:30:59,316 [Listener at 127.0.0.1/12948] INFO  impl.RaftServerImpl (ServerState.java:close(405)) - f24dc68e-1162-4671-a167-fccf63b21a74@group-E7E7A459DEC4: closes. applyIndex: 0
2020-11-20 13:30:59,316 [f24dc68e-1162-4671-a167-fccf63b21a74@group-E7E7A459DEC4-SegmentedRaftLogWorker] INFO  segmented.SegmentedRaftLogWorker (SegmentedRaftLogWorker.java:run(327)) - f24dc68e-1162-4671-a167-fccf63b21a74@group-E7E7A459DEC4-SegmentedRaftLogWorker was interrupted, exiting. There are 0 tasks remaining in the queue.
2020-11-20 13:30:59,316 [5891ba3b-fbfe-4ac0-a934-62139bd80922@group-3CB81D6A619F-StateMachineUpdater] INFO  ratis.ContainerStateMachine (ContainerStateMachine.java:takeSnapshot(304)) - group-3CB81D6A619F: Finished taking a snapshot at:(t:1, i:0) file:/github/workspace/mnt/ozone/hadoop-ozone/integration-test/target/test-dir/MiniOzoneClusterImpl-88510e19-ed2c-49d7-b179-50c179883a6e/datanode-0/data/ratis/e5cbdd2b-575e-431f-b1b0-3cb81d6a619f/sm/snapshot.1_0 time:1
2020-11-20 13:30:59,316 [Listener at 127.0.0.1/12948] INFO  segmented.SegmentedRaftLogWorker (SegmentedRaftLogWorker.java:close(234)) - f24dc68e-1162-4671-a167-fccf63b21a74@group-E7E7A459DEC4-SegmentedRaftLogWorker close()
2020-11-20 13:30:59,316 [5891ba3b-fbfe-4ac0-a934-62139bd80922@group-3CB81D6A619F-StateMachineUpdater] INFO  impl.StateMachineUpdater (StateMachineUpdater.java:takeSnapshot(277)) - 5891ba3b-fbfe-4ac0-a934-62139bd80922@group-3CB81D6A619F-StateMachineUpdater: Took a snapshot at index 0
2020-11-20 13:30:59,317 [5891ba3b-fbfe-4ac0-a934-62139bd80922@group-3CB81D6A619F-StateMachineUpdater] INFO  impl.StateMachineUpdater (StateMachineUpdater.java:lambda$new$0(87)) - 5891ba3b-fbfe-4ac0-a934-62139bd80922@group-3CB81D6A619F-StateMachineUpdater: snapshotIndex: updateIncreasingly -1 -> 0
2020-11-20 13:30:59,317 [Listener at 127.0.0.1/12948] INFO  metrics.RatisMetrics (RatisMetrics.java:unregister(43)) - Unregistering Metrics Registry : ratis.log_worker.f24dc68e-1162-4671-a167-fccf63b21a74@group-E7E7A459DEC4
2020-11-20 13:30:59,317 [Listener at 127.0.0.1/12948] INFO  metrics.RatisMetrics (RatisMetrics.java:unregister(43)) - Unregistering Metrics Registry : ratis.leader_election.f24dc68e-1162-4671-a167-fccf63b21a74@group-E7E7A459DEC4
2020-11-20 13:30:59,317 [5891ba3b-fbfe-4ac0-a934-62139bd80922@group-3CB81D6A619F-StateMachineUpdater] INFO  metrics.RatisMetrics (RatisMetrics.java:unregister(43)) - Unregistering Metrics Registry : ratis.state_machine.5891ba3b-fbfe-4ac0-a934-62139bd80922@group-3CB81D6A619F
2020-11-20 13:30:59,317 [Listener at 127.0.0.1/12948] INFO  metrics.RatisMetrics (RatisMetrics.java:unregister(43)) - Unregistering Metrics Registry : ratis.server.f24dc68e-1162-4671-a167-fccf63b21a74@group-E7E7A459DEC4
2020-11-20 13:30:59,318 [Listener at 127.0.0.1/12948] INFO  server.GrpcService (GrpcService.java:closeImpl(183)) - f24dc68e-1162-4671-a167-fccf63b21a74: shutdown server with port 36891 now
2020-11-20 13:30:59,318 [ForkJoinPool.commonPool-worker-1] INFO  impl.RaftServerImpl (ServerState.java:close(405)) - 5891ba3b-fbfe-4ac0-a934-62139bd80922@group-3CB81D6A619F: closes. applyIndex: 0
2020-11-20 13:30:59,318 [5891ba3b-fbfe-4ac0-a934-62139bd80922@group-3CB81D6A619F-SegmentedRaftLogWorker] INFO  segmented.SegmentedRaftLogWorker (SegmentedRaftLogWorker.java:run(327)) - 5891ba3b-fbfe-4ac0-a934-62139bd80922@group-3CB81D6A619F-SegmentedRaftLogWorker was interrupted, exiting. There are 0 tasks remaining in the queue.
2020-11-20 13:30:59,319 [ForkJoinPool.commonPool-worker-1] INFO  segmented.SegmentedRaftLogWorker (SegmentedRaftLogWorker.java:close(234)) - 5891ba3b-fbfe-4ac0-a934-62139bd80922@group-3CB81D6A619F-SegmentedRaftLogWorker close()
2020-11-20 13:30:59,319 [ForkJoinPool.commonPool-worker-1] INFO  metrics.RatisMetrics (RatisMetrics.java:unregister(43)) - Unregistering Metrics Registry : ratis.log_worker.5891ba3b-fbfe-4ac0-a934-62139bd80922@group-3CB81D6A619F
2020-11-20 13:30:59,319 [ForkJoinPool.commonPool-worker-1] INFO  metrics.RatisMetrics (RatisMetrics.java:unregister(43)) - Unregistering Metrics Registry : ratis.leader_election.5891ba3b-fbfe-4ac0-a934-62139bd80922@group-3CB81D6A619F
2020-11-20 13:30:59,320 [ForkJoinPool.commonPool-worker-1] INFO  metrics.RatisMetrics (RatisMetrics.java:unregister(43)) - Unregistering Metrics Registry : ratis.server.5891ba3b-fbfe-4ac0-a934-62139bd80922@group-3CB81D6A619F
2020-11-20 13:30:59,320 [ForkJoinPool.commonPool-worker-1] INFO  server.GrpcService (GrpcService.java:closeImpl(183)) - 5891ba3b-fbfe-4ac0-a934-62139bd80922: shutdown server with port 33561 now
2020-11-20 13:30:59,320 [Listener at 127.0.0.1/12948] INFO  server.GrpcService (GrpcService.java:closeImpl(191)) - f24dc68e-1162-4671-a167-fccf63b21a74: shutdown server with port 36891 successfully
2020-11-20 13:30:59,323 [Listener at 127.0.0.1/12948] INFO  utils.BackgroundService (BackgroundService.java:shutdown(132)) - Shutting down service BlockDeletingService
2020-11-20 13:30:59,325 [Listener at 127.0.0.1/12948] INFO  statemachine.DatanodeStateMachine (DatanodeStateMachine.java:stopDaemon(459)) - Ozone container server stopped.
2020-11-20 13:30:59,325 [ForkJoinPool.commonPool-worker-1] INFO  server.GrpcService (GrpcService.java:closeImpl(191)) - 5891ba3b-fbfe-4ac0-a934-62139bd80922: shutdown server with port 33561 successfully
2020-11-20 13:30:59,327 [ForkJoinPool.commonPool-worker-1] INFO  utils.BackgroundService (BackgroundService.java:shutdown(132)) - Shutting down service BlockDeletingService
2020-11-20 13:30:59,335 [ForkJoinPool.commonPool-worker-1] INFO  statemachine.DatanodeStateMachine (DatanodeStateMachine.java:stopDaemon(459)) - Ozone container server stopped.
2020-11-20 13:30:59,346 [ForkJoinPool.commonPool-worker-1] INFO  handler.ContextHandler (ContextHandler.java:doStop(1154)) - Stopped o.e.j.w.WebAppContext@67c9154f{hddsDatanode,/,null,STOPPED}{jar:file:/home/user/.m2/repository/org/apache/hadoop/hadoop-hdds-container-service/1.1.0-SNAPSHOT/hadoop-hdds-container-service-1.1.0-SNAPSHOT.jar!/webapps/hddsDatanode}
2020-11-20 13:30:59,347 [ForkJoinPool.commonPool-worker-1] INFO  server.AbstractConnector (AbstractConnector.java:doStop(381)) - Stopped ServerConnector@1801b57f{HTTP/1.1, (http/1.1)}{0.0.0.0:0}
2020-11-20 13:30:59,347 [ForkJoinPool.commonPool-worker-1] INFO  server.session (HouseKeeper.java:stopScavenging(149)) - node0 Stopped scavenging
2020-11-20 13:30:59,347 [ForkJoinPool.commonPool-worker-1] INFO  handler.ContextHandler (ContextHandler.java:doStop(1154)) - Stopped o.e.j.s.ServletContextHandler@6003486e{static,/static,jar:file:/home/user/.m2/repository/org/apache/hadoop/hadoop-hdds-container-service/1.1.0-SNAPSHOT/hadoop-hdds-container-service-1.1.0-SNAPSHOT.jar!/webapps/static,STOPPED}
2020-11-20 13:30:59,354 [ForkJoinPool.commonPool-worker-1] INFO  handler.ContextHandler (ContextHandler.java:doStop(1154)) - Stopped o.e.j.s.ServletContextHandler@20136cee{logs,/logs,file:///github/workspace/mnt/ozone/hadoop-ozone/integration-test/target/log,STOPPED}
2020-11-20 13:30:59,357 [Listener at 127.0.0.1/12948] INFO  handler.ContextHandler (ContextHandler.java:doStop(1154)) - Stopped o.e.j.w.WebAppContext@6ad2d6c0{hddsDatanode,/,null,STOPPED}{jar:file:/home/user/.m2/repository/org/apache/hadoop/hadoop-hdds-container-service/1.1.0-SNAPSHOT/hadoop-hdds-container-service-1.1.0-SNAPSHOT.jar!/webapps/hddsDatanode}
2020-11-20 13:30:59,357 [Listener at 127.0.0.1/12948] INFO  server.AbstractConnector (AbstractConnector.java:doStop(381)) - Stopped ServerConnector@26ca0fd6{HTTP/1.1, (http/1.1)}{0.0.0.0:0}
2020-11-20 13:30:59,357 [Listener at 127.0.0.1/12948] INFO  server.session (HouseKeeper.java:stopScavenging(149)) - node0 Stopped scavenging
2020-11-20 13:30:59,357 [Listener at 127.0.0.1/12948] INFO  handler.ContextHandler (ContextHandler.java:doStop(1154)) - Stopped o.e.j.s.ServletContextHandler@6fd53821{static,/static,jar:file:/home/user/.m2/repository/org/apache/hadoop/hadoop-hdds-container-service/1.1.0-SNAPSHOT/hadoop-hdds-container-service-1.1.0-SNAPSHOT.jar!/webapps/static,STOPPED}
2020-11-20 13:30:59,358 [Listener at 127.0.0.1/12948] INFO  handler.ContextHandler (ContextHandler.java:doStop(1154)) - Stopped o.e.j.s.ServletContextHandler@399ccc08{logs,/logs,file:///github/workspace/mnt/ozone/hadoop-ozone/integration-test/target/log,STOPPED}
2020-11-20 13:30:59,491 [Datanode State Machine Thread - 0] INFO  statemachine.DatanodeStateMachine (DatanodeStateMachine.java:lambda$startDaemon$0(406)) - Ozone container server started.
2020-11-20 13:31:04,356 [ForkJoinPool.commonPool-worker-1] INFO  ozoneimpl.OzoneContainer (OzoneContainer.java:stop(257)) - Attempting to stop container services.
2020-11-20 13:31:04,356 [ForkJoinPool.commonPool-worker-1] INFO  impl.RaftServerProxy (RaftServerProxy.java:lambda$close$4(322)) - 43a11ad6-f787-4c7d-9e4b-07d0357893bd: close
2020-11-20 13:31:04,357 [ForkJoinPool.commonPool-worker-1] INFO  impl.RaftServerImpl (RaftServerImpl.java:lambda$shutdown$3(321)) - 43a11ad6-f787-4c7d-9e4b-07d0357893bd@group-E7E7A459DEC4: shutdown
2020-11-20 13:31:04,357 [ForkJoinPool.commonPool-worker-1] INFO  util.JmxRegister (JmxRegister.java:unregister(73)) - Successfully un-registered JMX Bean with object name Ratis:service=RaftServer,group=group-E7E7A459DEC4,id=43a11ad6-f787-4c7d-9e4b-07d0357893bd
2020-11-20 13:31:04,357 [ForkJoinPool.commonPool-worker-1] INFO  impl.RoleInfo (RoleInfo.java:shutdownFollowerState(121)) - 43a11ad6-f787-4c7d-9e4b-07d0357893bd: shutdown FollowerState
2020-11-20 13:31:04,357 [ForkJoinPool.commonPool-worker-1] INFO  impl.StateMachineUpdater (StateMachineUpdater.java:stopAndJoin(142)) - 43a11ad6-f787-4c7d-9e4b-07d0357893bd@group-E7E7A459DEC4-StateMachineUpdater: set stopIndex = 0
2020-11-20 13:31:04,357 [Thread-346] INFO  impl.FollowerState (FollowerState.java:run(117)) - 43a11ad6-f787-4c7d-9e4b-07d0357893bd@group-E7E7A459DEC4-FollowerState was interrupted: java.lang.InterruptedException: sleep interrupted
2020-11-20 13:31:04,357 [43a11ad6-f787-4c7d-9e4b-07d0357893bd@group-E7E7A459DEC4-StateMachineUpdater] INFO  ratis.ContainerStateMachine (ContainerStateMachine.java:takeSnapshot(293)) - group-E7E7A459DEC4: Taking a snapshot at:(t:1, i:0) file /github/workspace/mnt/ozone/hadoop-ozone/integration-test/target/test-dir/MiniOzoneClusterImpl-88510e19-ed2c-49d7-b179-50c179883a6e/datanode-2/data/ratis/97b050db-3d5e-45bb-9fa1-e7e7a459dec4/sm/snapshot.1_0
2020-11-20 13:31:04,358 [43a11ad6-f787-4c7d-9e4b-07d0357893bd@group-E7E7A459DEC4-StateMachineUpdater] INFO  ratis.ContainerStateMachine (ContainerStateMachine.java:takeSnapshot(304)) - group-E7E7A459DEC4: Finished taking a snapshot at:(t:1, i:0) file:/github/workspace/mnt/ozone/hadoop-ozone/integration-test/target/test-dir/MiniOzoneClusterImpl-88510e19-ed2c-49d7-b179-50c179883a6e/datanode-2/data/ratis/97b050db-3d5e-45bb-9fa1-e7e7a459dec4/sm/snapshot.1_0 time:1
2020-11-20 13:31:04,359 [43a11ad6-f787-4c7d-9e4b-07d0357893bd@group-E7E7A459DEC4-StateMachineUpdater] INFO  impl.StateMachineUpdater (StateMachineUpdater.java:takeSnapshot(277)) - 43a11ad6-f787-4c7d-9e4b-07d0357893bd@group-E7E7A459DEC4-StateMachineUpdater: Took a snapshot at index 0
2020-11-20 13:31:04,359 [43a11ad6-f787-4c7d-9e4b-07d0357893bd@group-E7E7A459DEC4-StateMachineUpdater] INFO  impl.StateMachineUpdater (StateMachineUpdater.java:lambda$new$0(87)) - 43a11ad6-f787-4c7d-9e4b-07d0357893bd@group-E7E7A459DEC4-StateMachineUpdater: snapshotIndex: updateIncreasingly -1 -> 0
2020-11-20 13:31:04,359 [43a11ad6-f787-4c7d-9e4b-07d0357893bd@group-E7E7A459DEC4-StateMachineUpdater] INFO  metrics.RatisMetrics (RatisMetrics.java:unregister(43)) - Unregistering Metrics Registry : ratis.state_machine.43a11ad6-f787-4c7d-9e4b-07d0357893bd@group-E7E7A459DEC4
2020-11-20 13:31:04,359 [ForkJoinPool.commonPool-worker-1] INFO  impl.RaftServerImpl (ServerState.java:close(405)) - 43a11ad6-f787-4c7d-9e4b-07d0357893bd@group-E7E7A459DEC4: closes. applyIndex: 0
2020-11-20 13:31:04,359 [43a11ad6-f787-4c7d-9e4b-07d0357893bd@group-E7E7A459DEC4-SegmentedRaftLogWorker] INFO  segmented.SegmentedRaftLogWorker (SegmentedRaftLogWorker.java:run(327)) - 43a11ad6-f787-4c7d-9e4b-07d0357893bd@group-E7E7A459DEC4-SegmentedRaftLogWorker was interrupted, exiting. There are 0 tasks remaining in the queue.
2020-11-20 13:31:04,360 [ForkJoinPool.commonPool-worker-1] INFO  segmented.SegmentedRaftLogWorker (SegmentedRaftLogWorker.java:close(234)) - 43a11ad6-f787-4c7d-9e4b-07d0357893bd@group-E7E7A459DEC4-SegmentedRaftLogWorker close()
2020-11-20 13:31:04,361 [ForkJoinPool.commonPool-worker-1] INFO  metrics.RatisMetrics (RatisMetrics.java:unregister(43)) - Unregistering Metrics Registry : ratis.log_worker.43a11ad6-f787-4c7d-9e4b-07d0357893bd@group-E7E7A459DEC4
2020-11-20 13:31:04,361 [ForkJoinPool.commonPool-worker-1] INFO  metrics.RatisMetrics (RatisMetrics.java:unregister(43)) - Unregistering Metrics Registry : ratis.leader_election.43a11ad6-f787-4c7d-9e4b-07d0357893bd@group-E7E7A459DEC4
2020-11-20 13:31:04,362 [ForkJoinPool.commonPool-worker-1] INFO  metrics.RatisMetrics (RatisMetrics.java:unregister(43)) - Unregistering Metrics Registry : ratis.server.43a11ad6-f787-4c7d-9e4b-07d0357893bd@group-E7E7A459DEC4
2020-11-20 13:31:04,362 [ForkJoinPool.commonPool-worker-1] INFO  impl.RaftServerImpl (RaftServerImpl.java:lambda$shutdown$3(321)) - 43a11ad6-f787-4c7d-9e4b-07d0357893bd@group-CC30B8CF33BD: shutdown
2020-11-20 13:31:04,362 [ForkJoinPool.commonPool-worker-1] INFO  util.JmxRegister (JmxRegister.java:unregister(73)) - Successfully un-registered JMX Bean with object name Ratis:service=RaftServer,group=group-CC30B8CF33BD,id=43a11ad6-f787-4c7d-9e4b-07d0357893bd
2020-11-20 13:31:04,362 [ForkJoinPool.commonPool-worker-1] INFO  impl.RoleInfo (RoleInfo.java:shutdownLeaderState(104)) - 43a11ad6-f787-4c7d-9e4b-07d0357893bd: shutdown LeaderState
2020-11-20 13:31:04,362 [ForkJoinPool.commonPool-worker-1] INFO  impl.PendingRequests (PendingRequests.java:sendNotLeaderResponses(249)) - 43a11ad6-f787-4c7d-9e4b-07d0357893bd@group-CC30B8CF33BD-PendingRequests: sendNotLeaderResponses
2020-11-20 13:31:04,362 [ForkJoinPool.commonPool-worker-1] INFO  metrics.RatisMetrics (RatisMetrics.java:unregister(43)) - Unregistering Metrics Registry : ratis.log_appender.43a11ad6-f787-4c7d-9e4b-07d0357893bd@group-CC30B8CF33BD
2020-11-20 13:31:04,363 [ForkJoinPool.commonPool-worker-1] INFO  metrics.RatisMetrics (RatisMetrics.java:unregister(43)) - Unregistering Metrics Registry : ratis.server.43a11ad6-f787-4c7d-9e4b-07d0357893bd@group-CC30B8CF33BD
2020-11-20 13:31:04,363 [ForkJoinPool.commonPool-worker-1] INFO  impl.StateMachineUpdater (StateMachineUpdater.java:stopAndJoin(142)) - 43a11ad6-f787-4c7d-9e4b-07d0357893bd@group-CC30B8CF33BD-StateMachineUpdater: set stopIndex = 0
2020-11-20 13:31:04,363 [43a11ad6-f787-4c7d-9e4b-07d0357893bd@group-CC30B8CF33BD-StateMachineUpdater] INFO  ratis.ContainerStateMachine (ContainerStateMachine.java:takeSnapshot(293)) - group-CC30B8CF33BD: Taking a snapshot at:(t:1, i:0) file /github/workspace/mnt/ozone/hadoop-ozone/integration-test/target/test-dir/MiniOzoneClusterImpl-88510e19-ed2c-49d7-b179-50c179883a6e/datanode-2/data/ratis/5d657371-0a34-4a26-a748-cc30b8cf33bd/sm/snapshot.1_0
2020-11-20 13:31:04,364 [43a11ad6-f787-4c7d-9e4b-07d0357893bd@group-CC30B8CF33BD-StateMachineUpdater] INFO  ratis.ContainerStateMachine (ContainerStateMachine.java:takeSnapshot(304)) - group-CC30B8CF33BD: Finished taking a snapshot at:(t:1, i:0) file:/github/workspace/mnt/ozone/hadoop-ozone/integration-test/target/test-dir/MiniOzoneClusterImpl-88510e19-ed2c-49d7-b179-50c179883a6e/datanode-2/data/ratis/5d657371-0a34-4a26-a748-cc30b8cf33bd/sm/snapshot.1_0 time:1
2020-11-20 13:31:04,364 [43a11ad6-f787-4c7d-9e4b-07d0357893bd@group-CC30B8CF33BD-StateMachineUpdater] INFO  impl.StateMachineUpdater (StateMachineUpdater.java:takeSnapshot(277)) - 43a11ad6-f787-4c7d-9e4b-07d0357893bd@group-CC30B8CF33BD-StateMachineUpdater: Took a snapshot at index 0
2020-11-20 13:31:04,364 [43a11ad6-f787-4c7d-9e4b-07d0357893bd@group-CC30B8CF33BD-StateMachineUpdater] INFO  impl.StateMachineUpdater (StateMachineUpdater.java:lambda$new$0(87)) - 43a11ad6-f787-4c7d-9e4b-07d0357893bd@group-CC30B8CF33BD-StateMachineUpdater: snapshotIndex: updateIncreasingly -1 -> 0
2020-11-20 13:31:04,364 [43a11ad6-f787-4c7d-9e4b-07d0357893bd@group-CC30B8CF33BD-StateMachineUpdater] INFO  metrics.RatisMetrics (RatisMetrics.java:unregister(43)) - Unregistering Metrics Registry : ratis.state_machine.43a11ad6-f787-4c7d-9e4b-07d0357893bd@group-CC30B8CF33BD
2020-11-20 13:31:04,365 [ForkJoinPool.commonPool-worker-1] INFO  impl.RaftServerImpl (ServerState.java:close(405)) - 43a11ad6-f787-4c7d-9e4b-07d0357893bd@group-CC30B8CF33BD: closes. applyIndex: 0
2020-11-20 13:31:04,365 [43a11ad6-f787-4c7d-9e4b-07d0357893bd@group-CC30B8CF33BD-SegmentedRaftLogWorker] INFO  segmented.SegmentedRaftLogWorker (SegmentedRaftLogWorker.java:run(327)) - 43a11ad6-f787-4c7d-9e4b-07d0357893bd@group-CC30B8CF33BD-SegmentedRaftLogWorker was interrupted, exiting. There are 0 tasks remaining in the queue.
2020-11-20 13:31:04,366 [ForkJoinPool.commonPool-worker-1] INFO  segmented.SegmentedRaftLogWorker (SegmentedRaftLogWorker.java:close(234)) - 43a11ad6-f787-4c7d-9e4b-07d0357893bd@group-CC30B8CF33BD-SegmentedRaftLogWorker close()
2020-11-20 13:31:04,366 [ForkJoinPool.commonPool-worker-1] INFO  metrics.RatisMetrics (RatisMetrics.java:unregister(43)) - Unregistering Metrics Registry : ratis.log_worker.43a11ad6-f787-4c7d-9e4b-07d0357893bd@group-CC30B8CF33BD
2020-11-20 13:31:04,366 [ForkJoinPool.commonPool-worker-1] INFO  metrics.RatisMetrics (RatisMetrics.java:unregister(43)) - Unregistering Metrics Registry : ratis.leader_election.43a11ad6-f787-4c7d-9e4b-07d0357893bd@group-CC30B8CF33BD
2020-11-20 13:31:04,366 [ForkJoinPool.commonPool-worker-1] INFO  metrics.RatisMetrics (RatisMetrics.java:unregister(43)) - Unregistering Metrics Registry : ratis.server.43a11ad6-f787-4c7d-9e4b-07d0357893bd@group-CC30B8CF33BD
2020-11-20 13:31:04,367 [ForkJoinPool.commonPool-worker-1] INFO  server.GrpcService (GrpcService.java:closeImpl(183)) - 43a11ad6-f787-4c7d-9e4b-07d0357893bd: shutdown server with port 43219 now
2020-11-20 13:31:04,368 [ForkJoinPool.commonPool-worker-1] INFO  server.GrpcService (GrpcService.java:closeImpl(191)) - 43a11ad6-f787-4c7d-9e4b-07d0357893bd: shutdown server with port 43219 successfully
2020-11-20 13:31:04,370 [ForkJoinPool.commonPool-worker-1] INFO  utils.BackgroundService (BackgroundService.java:shutdown(132)) - Shutting down service BlockDeletingService
2020-11-20 13:31:04,371 [ForkJoinPool.commonPool-worker-1] INFO  statemachine.DatanodeStateMachine (DatanodeStateMachine.java:stopDaemon(459)) - Ozone container server stopped.
2020-11-20 13:31:04,380 [ForkJoinPool.commonPool-worker-1] INFO  handler.ContextHandler (ContextHandler.java:doStop(1154)) - Stopped o.e.j.w.WebAppContext@317be95c{hddsDatanode,/,null,STOPPED}{jar:file:/home/user/.m2/repository/org/apache/hadoop/hadoop-hdds-container-service/1.1.0-SNAPSHOT/hadoop-hdds-container-service-1.1.0-SNAPSHOT.jar!/webapps/hddsDatanode}
2020-11-20 13:31:04,380 [ForkJoinPool.commonPool-worker-1] INFO  server.AbstractConnector (AbstractConnector.java:doStop(381)) - Stopped ServerConnector@21668bc8{HTTP/1.1, (http/1.1)}{0.0.0.0:0}
2020-11-20 13:31:04,381 [ForkJoinPool.commonPool-worker-1] INFO  server.session (HouseKeeper.java:stopScavenging(149)) - node0 Stopped scavenging
2020-11-20 13:31:04,381 [ForkJoinPool.commonPool-worker-1] INFO  handler.ContextHandler (ContextHandler.java:doStop(1154)) - Stopped o.e.j.s.ServletContextHandler@67d8c0cf{static,/static,jar:file:/home/user/.m2/repository/org/apache/hadoop/hadoop-hdds-container-service/1.1.0-SNAPSHOT/hadoop-hdds-container-service-1.1.0-SNAPSHOT.jar!/webapps/static,STOPPED}
2020-11-20 13:31:04,381 [ForkJoinPool.commonPool-worker-1] INFO  handler.ContextHandler (ContextHandler.java:doStop(1154)) - Stopped o.e.j.s.ServletContextHandler@541d1ccf{logs,/logs,file:///github/workspace/mnt/ozone/hadoop-ozone/integration-test/target/log,STOPPED}
2020-11-20 13:31:04,386 [Listener at 127.0.0.1/12948] INFO  ozone.MiniOzoneClusterImpl (MiniOzoneClusterImpl.java:stopSCM(477)) - Stopping the StorageContainerManager
2020-11-20 13:31:04,387 [Listener at 127.0.0.1/12948] INFO  server.StorageContainerManager (StorageContainerManager.java:stop(832)) - Stopping Replication Manager Service.
2020-11-20 13:31:04,387 [Listener at 127.0.0.1/12948] INFO  container.ReplicationManager (ReplicationManager.java:stop(219)) - Stopping Replication Monitor Thread.
2020-11-20 13:31:04,387 [Listener at 127.0.0.1/12948] INFO  server.StorageContainerManager (StorageContainerManager.java:stop(839)) - Stopping Lease Manager of the command watchers
2020-11-20 13:31:04,387 [Listener at 127.0.0.1/12948] INFO  server.StorageContainerManager (StorageContainerManager.java:stop(846)) - Stopping datanode service RPC server
2020-11-20 13:31:04,387 [CommandWatcher-LeaseManager#LeaseMonitor] ERROR lease.LeaseManager (LeaseManager.java:run(238)) - Execution was interrupted 
java.lang.InterruptedException: sleep interrupted
	at java.lang.Thread.sleep(Native Method)
	at org.apache.hadoop.ozone.lease.LeaseManager$LeaseMonitor.run(LeaseManager.java:234)
	at java.lang.Thread.run(Thread.java:748)
2020-11-20 13:31:04,387 [Listener at 127.0.0.1/12948] INFO  server.SCMDatanodeProtocolServer (SCMDatanodeProtocolServer.java:stop(361)) - Stopping the RPC server for DataNodes
2020-11-20 13:31:04,387 [Listener at 127.0.0.1/12948] INFO  ipc.Server (Server.java:stop(3359)) - Stopping server on 45477
2020-11-20 13:31:04,389 [IPC Server Responder] INFO  ipc.Server (Server.java:run(1465)) - Stopping IPC Server Responder
2020-11-20 13:31:04,390 [IPC Server listener on 0] INFO  ipc.Server (Server.java:run(1330)) - Stopping IPC Server listener on 0
2020-11-20 13:31:04,427 [SCM Heartbeat Processing Thread - 0] WARN  node.NodeStateManager (NodeStateManager.java:scheduleNextHealthCheck(661)) - Current Thread is interrupted, shutting down HB processing thread for Node Manager.
2020-11-20 13:31:04,427 [Listener at 127.0.0.1/12948] INFO  server.StorageContainerManager (StorageContainerManager.java:stop(854)) - Stopping block service RPC server
2020-11-20 13:31:04,427 [Listener at 127.0.0.1/12948] INFO  server.SCMBlockProtocolServer (SCMBlockProtocolServer.java:stop(159)) - Stopping the RPC server for Block Protocol
2020-11-20 13:31:04,427 [Listener at 127.0.0.1/12948] INFO  ipc.Server (Server.java:stop(3359)) - Stopping server on 40393
2020-11-20 13:31:04,429 [Listener at 127.0.0.1/12948] INFO  server.StorageContainerManager (StorageContainerManager.java:stop(861)) - Stopping the StorageContainerLocationProtocol RPC server
2020-11-20 13:31:04,429 [Listener at 127.0.0.1/12948] INFO  server.SCMClientProtocolServer (SCMClientProtocolServer.java:stop(165)) - Stopping the RPC server for Client Protocol
2020-11-20 13:31:04,429 [Listener at 127.0.0.1/12948] INFO  ipc.Server (Server.java:stop(3359)) - Stopping server on 39313
2020-11-20 13:31:04,429 [IPC Server Responder] INFO  ipc.Server (Server.java:run(1465)) - Stopping IPC Server Responder
2020-11-20 13:31:04,429 [IPC Server listener on 0] INFO  ipc.Server (Server.java:run(1330)) - Stopping IPC Server listener on 0
2020-11-20 13:31:04,430 [IPC Server listener on 0] INFO  ipc.Server (Server.java:run(1330)) - Stopping IPC Server listener on 0
2020-11-20 13:31:04,430 [IPC Server Responder] INFO  ipc.Server (Server.java:run(1465)) - Stopping IPC Server Responder
2020-11-20 13:31:04,430 [Listener at 127.0.0.1/12948] INFO  server.StorageContainerManager (StorageContainerManager.java:stop(868)) - Stopping Storage Container Manager HTTP server.
2020-11-20 13:31:04,431 [Listener at 127.0.0.1/12948] INFO  handler.ContextHandler (ContextHandler.java:doStop(1154)) - Stopped o.e.j.w.WebAppContext@54b534c5{scm,/,null,STOPPED}{file:/github/workspace/mnt/ozone/hadoop-ozone/integration-test/target/test-classes/webapps/scm}
2020-11-20 13:31:04,432 [Listener at 127.0.0.1/12948] INFO  server.AbstractConnector (AbstractConnector.java:doStop(381)) - Stopped ServerConnector@62f25277{HTTP/1.1, (http/1.1)}{0.0.0.0:0}
2020-11-20 13:31:04,432 [Listener at 127.0.0.1/12948] INFO  server.session (HouseKeeper.java:stopScavenging(149)) - node0 Stopped scavenging
2020-11-20 13:31:04,432 [Listener at 127.0.0.1/12948] INFO  handler.ContextHandler (ContextHandler.java:doStop(1154)) - Stopped o.e.j.s.ServletContextHandler@3cafb198{static,/static,file:///github/workspace/mnt/ozone/hadoop-ozone/integration-test/target/test-classes/webapps/static,STOPPED}
2020-11-20 13:31:04,433 [Listener at 127.0.0.1/12948] INFO  handler.ContextHandler (ContextHandler.java:doStop(1154)) - Stopped o.e.j.s.ServletContextHandler@2530020d{logs,/logs,file:///github/workspace/mnt/ozone/hadoop-ozone/integration-test/target/log,STOPPED}
2020-11-20 13:31:04,434 [Listener at 127.0.0.1/12948] INFO  server.StorageContainerManager (StorageContainerManager.java:stop(879)) - Stopping Block Manager Service.
2020-11-20 13:31:04,434 [Listener at 127.0.0.1/12948] INFO  utils.BackgroundService (BackgroundService.java:shutdown(132)) - Shutting down service SCMBlockDeletingService
2020-11-20 13:31:04,434 [Listener at 127.0.0.1/12948] INFO  utils.BackgroundService (BackgroundService.java:shutdown(132)) - Shutting down service SCMBlockDeletingService
2020-11-20 13:31:04,434 [Listener at 127.0.0.1/12948] INFO  server.StorageContainerManager (StorageContainerManager.java:stop(904)) - Stopping SCM Event Queue.
2020-11-20 13:31:04,438 [Listener at 127.0.0.1/12948] INFO  impl.MetricsSystemImpl (MetricsSystemImpl.java:stop(210)) - Stopping HddsDatanode metrics system...
2020-11-20 13:31:04,439 [prometheus] INFO  impl.MetricsSinkAdapter (MetricsSinkAdapter.java:publishMetricsFromQueue(141)) - prometheus thread interrupted.
2020-11-20 13:31:04,440 [Listener at 127.0.0.1/12948] INFO  impl.MetricsSystemImpl (MetricsSystemImpl.java:stop(216)) - HddsDatanode metrics system stopped.
]]></system-out>
  </testcase>
  <testcase name="testOMRetryProxy" classname="org.apache.hadoop.ozone.om.TestOzoneManagerHAMetadataOnly" time="25.561"/>
  <testcase name="testOMProxyProviderFailoverToCurrentLeader" classname="org.apache.hadoop.ozone.om.TestOzoneManagerHAMetadataOnly" time="25.64"/>
  <testcase name="testAllBucketOperations" classname="org.apache.hadoop.ozone.om.TestOzoneManagerHAMetadataOnly" time="23.559"/>
  <testcase name="testOMProxyProviderFailoverOnConnectionFailure" classname="org.apache.hadoop.ozone.om.TestOzoneManagerHAMetadataOnly" time="0">
    <skipped message="This test randomly failing. Let&apos;s enable once its fixed."/>
  </testcase>
  <testcase name="testJMXMetrics" classname="org.apache.hadoop.ozone.om.TestOzoneManagerHAMetadataOnly" time="23.403"/>
  <testcase name="testReadRequest" classname="org.apache.hadoop.ozone.om.TestOzoneManagerHAMetadataOnly" time="23.717"/>
  <testcase name="testAllVolumeOperations" classname="org.apache.hadoop.ozone.om.TestOzoneManagerHAMetadataOnly" time="23.417"/>
  <testcase name="testListVolumes" classname="org.apache.hadoop.ozone.om.TestOzoneManagerHAMetadataOnly" time="0">
    <skipped message="This test randomly failing. Let&apos;s enable once its fixed."/>
  </testcase>
  <testcase name="testOMProxyProviderInitialization" classname="org.apache.hadoop.ozone.om.TestOzoneManagerHAMetadataOnly" time="23.395"/>
</testsuite>