<?xml version="1.0" encoding="UTF-8"?>
<testsuite xmlns:xsi="http://www.w3.org/2001/XMLSchema-instance" xsi:noNamespaceSchemaLocation="https://maven.apache.org/surefire/maven-surefire-plugin/xsd/surefire-test-report.xsd" name="org.apache.hadoop.ozone.scm.TestSCMInstallSnapshotWithHA" time="208.402" tests="3" errors="0" skipped="0" failures="1">
  <properties>
    <property name="awt.toolkit" value="sun.awt.X11.XToolkit"/>
    <property name="file.encoding.pkg" value="sun.io"/>
    <property name="java.specification.version" value="1.8"/>
    <property name="sun.cpu.isalist" value=""/>
    <property name="sun.jnu.encoding" value="UTF-8"/>
    <property name="java.class.path" value="/home/runner/work/ozone/ozone/hadoop-ozone/integration-test/target/test-classes:/home/runner/work/ozone/ozone/hadoop-ozone/integration-test/target/classes:/home/runner/.m2/repository/org/apache/ozone/ozone-common/1.3.0-SNAPSHOT/ozone-common-1.3.0-SNAPSHOT.jar:/home/runner/.m2/repository/org/apache/commons/commons-compress/1.21/commons-compress-1.21.jar:/home/runner/.m2/repository/org/apache/ozone/hdds-common/1.3.0-SNAPSHOT/hdds-common-1.3.0-SNAPSHOT.jar:/home/runner/.m2/repository/org/apache/ozone/hdds-client/1.3.0-SNAPSHOT/hdds-client-1.3.0-SNAPSHOT.jar:/home/runner/.m2/repository/org/apache/ozone/ozone-interface-client/1.3.0-SNAPSHOT/ozone-interface-client-1.3.0-SNAPSHOT.jar:/home/runner/.m2/repository/org/apache/ozone/hdds-test-utils/1.3.0-SNAPSHOT/hdds-test-utils-1.3.0-SNAPSHOT.jar:/home/runner/.m2/repository/com/google/guava/guava/30.1.1-jre/guava-30.1.1-jre.jar:/home/runner/.m2/repository/com/google/guava/failureaccess/1.0.1/failureaccess-1.0.1.jar:/home/runner/.m2/repository/com/google/guava/listenablefuture/9999.0-empty-to-avoid-conflict-with-guava/listenablefuture-9999.0-empty-to-avoid-conflict-with-guava.jar:/home/runner/.m2/repository/com/google/code/findbugs/jsr305/3.0.0/jsr305-3.0.0.jar:/home/runner/.m2/repository/org/checkerframework/checker-qual/3.8.0/checker-qual-3.8.0.jar:/home/runner/.m2/repository/com/google/errorprone/error_prone_annotations/2.2.0/error_prone_annotations-2.2.0.jar:/home/runner/.m2/repository/com/google/j2objc/j2objc-annotations/1.3/j2objc-annotations-1.3.jar:/home/runner/.m2/repository/commons-io/commons-io/2.11.0/commons-io-2.11.0.jar:/home/runner/.m2/repository/commons-logging/commons-logging/1.2/commons-logging-1.2.jar:/home/runner/.m2/repository/log4j/log4j/1.2.17/log4j-1.2.17.jar:/home/runner/.m2/repository/org/slf4j/slf4j-api/1.7.30/slf4j-api-1.7.30.jar:/home/runner/.m2/repository/org/apache/ozone/hdds-server-scm/1.3.0-SNAPSHOT/hdds-server-scm-1.3.0-SNAPSHOT.jar:/home/runner/.m2/repository/org/apache/ozone/hdds-container-service/1.3.0-SNAPSHOT/hdds-container-service-1.3.0-SNAPSHOT.jar:/home/runner/.m2/repository/org/apache/ozone/hdds-hadoop-dependency-server/1.3.0-SNAPSHOT/hdds-hadoop-dependency-server-1.3.0-SNAPSHOT.jar:/home/runner/.m2/repository/org/apache/hadoop/hadoop-hdfs/3.3.1/hadoop-hdfs-3.3.1.jar:/home/runner/.m2/repository/org/apache/ozone/hdds-server-framework/1.3.0-SNAPSHOT/hdds-server-framework-1.3.0-SNAPSHOT.jar:/home/runner/.m2/repository/org/apache/ozone/hdds-interface-server/1.3.0-SNAPSHOT/hdds-interface-server-1.3.0-SNAPSHOT.jar:/home/runner/.m2/repository/org/eclipse/jetty/jetty-servlet/9.4.43.v20210629/jetty-servlet-9.4.43.v20210629.jar:/home/runner/.m2/repository/org/eclipse/jetty/jetty-security/9.4.43.v20210629/jetty-security-9.4.43.v20210629.jar:/home/runner/.m2/repository/org/rocksdb/rocksdbjni/6.25.3/rocksdbjni-6.25.3.jar:/home/runner/.m2/repository/io/prometheus/simpleclient_dropwizard/0.7.0/simpleclient_dropwizard-0.7.0.jar:/home/runner/.m2/repository/io/prometheus/simpleclient/0.7.0/simpleclient-0.7.0.jar:/home/runner/.m2/repository/io/prometheus/simpleclient_common/0.7.0/simpleclient_common-0.7.0.jar:/home/runner/.m2/repository/com/fasterxml/jackson/datatype/jackson-datatype-jsr310/2.12.1/jackson-datatype-jsr310-2.12.1.jar:/home/runner/.m2/repository/io/dropwizard/metrics/metrics-core/3.2.4/metrics-core-3.2.4.jar:/home/runner/.m2/repository/org/apache/hadoop/hadoop-hdfs-client/3.3.1/hadoop-hdfs-client-3.3.1.jar:/home/runner/.m2/repository/org/bouncycastle/bcprov-jdk15on/1.67/bcprov-jdk15on-1.67.jar:/home/runner/.m2/repository/com/google/protobuf/protobuf-java/2.5.0/protobuf-java-2.5.0.jar:/home/runner/.m2/repository/org/apache/ozone/ozone-manager/1.3.0-SNAPSHOT/ozone-manager-1.3.0-SNAPSHOT.jar:/home/runner/.m2/repository/org/aspectj/aspectjrt/1.9.7/aspectjrt-1.9.7.jar:/home/runner/.m2/repository/org/aspectj/aspectjweaver/1.9.7/aspectjweaver-1.9.7.jar:/home/runner/.m2/repository/org/apache/ozone/hdds-interface-client/1.3.0-SNAPSHOT/hdds-interface-client-1.3.0-SNAPSHOT.jar:/home/runner/.m2/repository/org/apache/hadoop/thirdparty/hadoop-shaded-protobuf_3_7/1.1.1/hadoop-shaded-protobuf_3_7-1.1.1.jar:/home/runner/.m2/repository/org/apache/ozone/ozone-interface-storage/1.3.0-SNAPSHOT/ozone-interface-storage-1.3.0-SNAPSHOT.jar:/home/runner/.m2/repository/org/reflections/reflections/0.9.11/reflections-0.9.11.jar:/home/runner/.m2/repository/org/apache/hadoop/hadoop-minikdc/3.3.1/hadoop-minikdc-3.3.1.jar:/home/runner/.m2/repository/org/apache/kerby/kerb-simplekdc/1.0.1/kerb-simplekdc-1.0.1.jar:/home/runner/.m2/repository/org/apache/kerby/kerb-client/1.0.1/kerb-client-1.0.1.jar:/home/runner/.m2/repository/org/apache/kerby/kerby-config/1.0.1/kerby-config-1.0.1.jar:/home/runner/.m2/repository/org/apache/kerby/kerb-common/1.0.1/kerb-common-1.0.1.jar:/home/runner/.m2/repository/org/apache/kerby/kerb-crypto/1.0.1/kerb-crypto-1.0.1.jar:/home/runner/.m2/repository/org/apache/kerby/kerb-util/1.0.1/kerb-util-1.0.1.jar:/home/runner/.m2/repository/org/apache/kerby/token-provider/1.0.1/token-provider-1.0.1.jar:/home/runner/.m2/repository/org/apache/kerby/kerb-admin/1.0.1/kerb-admin-1.0.1.jar:/home/runner/.m2/repository/org/apache/kerby/kerb-server/1.0.1/kerb-server-1.0.1.jar:/home/runner/.m2/repository/org/apache/kerby/kerb-identity/1.0.1/kerb-identity-1.0.1.jar:/home/runner/.m2/repository/org/apache/kerby/kerby-xdr/1.0.1/kerby-xdr-1.0.1.jar:/home/runner/.m2/repository/org/slf4j/slf4j-log4j12/1.7.30/slf4j-log4j12-1.7.30.jar:/home/runner/.m2/repository/org/apache/ozone/ozone-s3gateway/1.3.0-SNAPSHOT/ozone-s3gateway-1.3.0-SNAPSHOT.jar:/home/runner/.m2/repository/org/javassist/javassist/3.21.0-GA/javassist-3.21.0-GA.jar:/home/runner/.m2/repository/org/jboss/weld/servlet/weld-servlet/2.4.7.Final/weld-servlet-2.4.7.Final.jar:/home/runner/.m2/repository/org/glassfish/jersey/containers/jersey-container-servlet-core/2.33/jersey-container-servlet-core-2.33.jar:/home/runner/.m2/repository/org/glassfish/hk2/external/jakarta.inject/2.6.1/jakarta.inject-2.6.1.jar:/home/runner/.m2/repository/org/glassfish/jersey/core/jersey-common/2.33/jersey-common-2.33.jar:/home/runner/.m2/repository/jakarta/ws/rs/jakarta.ws.rs-api/2.1.6/jakarta.ws.rs-api-2.1.6.jar:/home/runner/.m2/repository/org/glassfish/jersey/ext/cdi/jersey-cdi1x/2.33/jersey-cdi1x-2.33.jar:/home/runner/.m2/repository/org/glassfish/jersey/inject/jersey-hk2/2.33/jersey-hk2-2.33.jar:/home/runner/.m2/repository/org/glassfish/hk2/hk2-locator/2.6.1/hk2-locator-2.6.1.jar:/home/runner/.m2/repository/org/glassfish/jersey/media/jersey-media-jaxb/2.33/jersey-media-jaxb-2.33.jar:/home/runner/.m2/repository/org/glassfish/hk2/osgi-resource-locator/1.0.3/osgi-resource-locator-1.0.3.jar:/home/runner/.m2/repository/org/glassfish/hk2/hk2-api/2.5.0/hk2-api-2.5.0.jar:/home/runner/.m2/repository/org/glassfish/hk2/hk2-utils/2.5.0/hk2-utils-2.5.0.jar:/home/runner/.m2/repository/org/glassfish/hk2/external/aopalliance-repackaged/2.5.0/aopalliance-repackaged-2.5.0.jar:/home/runner/.m2/repository/com/fasterxml/jackson/dataformat/jackson-dataformat-xml/2.12.1/jackson-dataformat-xml-2.12.1.jar:/home/runner/.m2/repository/com/fasterxml/jackson/core/jackson-core/2.12.1/jackson-core-2.12.1.jar:/home/runner/.m2/repository/com/fasterxml/jackson/module/jackson-module-jaxb-annotations/2.12.1/jackson-module-jaxb-annotations-2.12.1.jar:/home/runner/.m2/repository/jakarta/xml/bind/jakarta.xml.bind-api/2.3.2/jakarta.xml.bind-api-2.3.2.jar:/home/runner/.m2/repository/org/codehaus/woodstox/stax2-api/3.1.4/stax2-api-3.1.4.jar:/home/runner/.m2/repository/com/fasterxml/woodstox/woodstox-core/5.0.3/woodstox-core-5.0.3.jar:/home/runner/.m2/repository/javax/enterprise/cdi-api/1.2/cdi-api-1.2.jar:/home/runner/.m2/repository/javax/el/javax.el-api/3.0.0/javax.el-api-3.0.0.jar:/home/runner/.m2/repository/javax/interceptor/javax.interceptor-api/1.2/javax.interceptor-api-1.2.jar:/home/runner/.m2/repository/javax/inject/javax.inject/1/javax.inject-1.jar:/home/runner/.m2/repository/javax/xml/bind/jaxb-api/2.3.0/jaxb-api-2.3.0.jar:/home/runner/.m2/repository/org/glassfish/jaxb/jaxb-runtime/2.3.0.1/jaxb-runtime-2.3.0.1.jar:/home/runner/.m2/repository/org/glassfish/jaxb/jaxb-core/2.3.0.1/jaxb-core-2.3.0.1.jar:/home/runner/.m2/repository/org/glassfish/jaxb/txw2/2.3.0.1/txw2-2.3.0.1.jar:/home/runner/.m2/repository/com/sun/istack/istack-commons-runtime/3.0.5/istack-commons-runtime-3.0.5.jar:/home/runner/.m2/repository/org/jvnet/staxex/stax-ex/1.7.8/stax-ex-1.7.8.jar:/home/runner/.m2/repository/com/sun/xml/fastinfoset/FastInfoset/1.2.13/FastInfoset-1.2.13.jar:/home/runner/.m2/repository/javax/activation/activation/1.1.1/activation-1.1.1.jar:/home/runner/.m2/repository/org/apache/ozone/ozone-csi/1.3.0-SNAPSHOT/ozone-csi-1.3.0-SNAPSHOT.jar:/home/runner/.m2/repository/com/google/protobuf/protobuf-java-util/3.12.0/protobuf-java-util-3.12.0.jar:/home/runner/.m2/repository/com/google/code/gson/gson/2.2.4/gson-2.2.4.jar:/home/runner/.m2/repository/org/apache/ozone/hdds-config/1.3.0-SNAPSHOT/hdds-config-1.3.0-SNAPSHOT.jar:/home/runner/.m2/repository/io/grpc/grpc-netty/1.33.0/grpc-netty-1.33.0.jar:/home/runner/.m2/repository/io/grpc/grpc-core/1.33.0/grpc-core-1.33.0.jar:/home/runner/.m2/repository/com/google/android/annotations/4.1.1.4/annotations-4.1.1.4.jar:/home/runner/.m2/repository/io/netty/netty-codec-http2/4.1.63.Final/netty-codec-http2-4.1.63.Final.jar:/home/runner/.m2/repository/io/netty/netty-codec-http/4.1.63.Final/netty-codec-http-4.1.63.Final.jar:/home/runner/.m2/repository/io/netty/netty-handler-proxy/4.1.63.Final/netty-handler-proxy-4.1.63.Final.jar:/home/runner/.m2/repository/io/netty/netty-codec-socks/4.1.63.Final/netty-codec-socks-4.1.63.Final.jar:/home/runner/.m2/repository/io/perfmark/perfmark-api/0.19.0/perfmark-api-0.19.0.jar:/home/runner/.m2/repository/org/codehaus/mojo/animal-sniffer-annotations/1.18/animal-sniffer-annotations-1.18.jar:/home/runner/.m2/repository/io/netty/netty-transport-native-epoll/4.1.63.Final/netty-transport-native-epoll-4.1.63.Final.jar:/home/runner/.m2/repository/io/netty/netty-common/4.1.63.Final/netty-common-4.1.63.Final.jar:/home/runner/.m2/repository/io/netty/netty-buffer/4.1.63.Final/netty-buffer-4.1.63.Final.jar:/home/runner/.m2/repository/io/netty/netty-transport-native-unix-common/4.1.63.Final/netty-transport-native-unix-common-4.1.63.Final.jar:/home/runner/.m2/repository/io/grpc/grpc-protobuf/1.33.0/grpc-protobuf-1.33.0.jar:/home/runner/.m2/repository/io/grpc/grpc-api/1.33.0/grpc-api-1.33.0.jar:/home/runner/.m2/repository/io/grpc/grpc-context/1.33.0/grpc-context-1.33.0.jar:/home/runner/.m2/repository/com/google/api/grpc/proto-google-common-protos/1.17.0/proto-google-common-protos-1.17.0.jar:/home/runner/.m2/repository/io/grpc/grpc-protobuf-lite/1.33.0/grpc-protobuf-lite-1.33.0.jar:/home/runner/.m2/repository/io/grpc/grpc-stub/1.33.0/grpc-stub-1.33.0.jar:/home/runner/.m2/repository/org/apache/ozone/ozone-recon/1.3.0-SNAPSHOT/ozone-recon-1.3.0-SNAPSHOT.jar:/home/runner/.m2/repository/org/apache/ozone/ozone-reconcodegen/1.3.0-SNAPSHOT/ozone-reconcodegen-1.3.0-SNAPSHOT.jar:/home/runner/.m2/repository/com/google/inject/extensions/guice-multibindings/4.0/guice-multibindings-4.0.jar:/home/runner/.m2/repository/com/google/inject/guice/4.0/guice-4.0.jar:/home/runner/.m2/repository/aopalliance/aopalliance/1.0/aopalliance-1.0.jar:/home/runner/.m2/repository/com/google/inject/extensions/guice-assistedinject/4.0/guice-assistedinject-4.0.jar:/home/runner/.m2/repository/com/google/inject/extensions/guice-servlet/4.0/guice-servlet-4.0.jar:/home/runner/.m2/repository/org/glassfish/jersey/containers/jersey-container-servlet/2.33/jersey-container-servlet-2.33.jar:/home/runner/.m2/repository/org/glassfish/hk2/guice-bridge/2.5.0/guice-bridge-2.5.0.jar:/home/runner/.m2/repository/org/glassfish/jersey/core/jersey-server/2.33/jersey-server-2.33.jar:/home/runner/.m2/repository/org/glassfish/jersey/core/jersey-client/2.33/jersey-client-2.33.jar:/home/runner/.m2/repository/jakarta/annotation/jakarta.annotation-api/1.3.5/jakarta.annotation-api-1.3.5.jar:/home/runner/.m2/repository/jakarta/validation/jakarta.validation-api/2.0.2/jakarta.validation-api-2.0.2.jar:/home/runner/.m2/repository/org/glassfish/jersey/media/jersey-media-json-jackson/2.33/jersey-media-json-jackson-2.33.jar:/home/runner/.m2/repository/org/glassfish/jersey/ext/jersey-entity-filtering/2.33/jersey-entity-filtering-2.33.jar:/home/runner/.m2/repository/org/jooq/jooq/3.11.10/jooq-3.11.10.jar:/home/runner/.m2/repository/org/jooq/jooq-meta/3.11.10/jooq-meta-3.11.10.jar:/home/runner/.m2/repository/org/jooq/jooq-codegen/3.11.10/jooq-codegen-3.11.10.jar:/home/runner/.m2/repository/com/jolbox/bonecp/0.8.0.RELEASE/bonecp-0.8.0.RELEASE.jar:/home/runner/.m2/repository/org/apache/derby/derby/10.14.2.0/derby-10.14.2.0.jar:/home/runner/.m2/repository/org/xerial/sqlite-jdbc/3.25.2/sqlite-jdbc-3.25.2.jar:/home/runner/.m2/repository/org/springframework/spring-jdbc/5.2.18.RELEASE/spring-jdbc-5.2.18.RELEASE.jar:/home/runner/.m2/repository/org/springframework/spring-beans/5.2.18.RELEASE/spring-beans-5.2.18.RELEASE.jar:/home/runner/.m2/repository/org/springframework/spring-core/5.2.18.RELEASE/spring-core-5.2.18.RELEASE.jar:/home/runner/.m2/repository/org/springframework/spring-jcl/5.2.18.RELEASE/spring-jcl-5.2.18.RELEASE.jar:/home/runner/.m2/repository/org/springframework/spring-tx/5.2.18.RELEASE/spring-tx-5.2.18.RELEASE.jar:/home/runner/.m2/repository/org/apache/ozone/ozone-client/1.3.0-SNAPSHOT/ozone-client-1.3.0-SNAPSHOT.jar:/home/runner/.m2/repository/org/apache/ozone/ozone-filesystem/1.3.0-SNAPSHOT/ozone-filesystem-1.3.0-SNAPSHOT.jar:/home/runner/.m2/repository/org/apache/ozone/ozone-filesystem-common/1.3.0-SNAPSHOT/ozone-filesystem-common-1.3.0-SNAPSHOT.jar:/home/runner/.m2/repository/org/apache/ozone/ozone-tools/1.3.0-SNAPSHOT/ozone-tools-1.3.0-SNAPSHOT.jar:/home/runner/.m2/repository/org/apache/ratis/ratis-tools/2.2.0/ratis-tools-2.2.0.jar:/home/runner/.m2/repository/com/amazonaws/aws-java-sdk-core/1.12.124/aws-java-sdk-core-1.12.124.jar:/home/runner/.m2/repository/org/apache/httpcomponents/httpclient/4.5.13/httpclient-4.5.13.jar:/home/runner/.m2/repository/org/apache/httpcomponents/httpcore/4.4.13/httpcore-4.4.13.jar:/home/runner/.m2/repository/software/amazon/ion/ion-java/1.0.2/ion-java-1.0.2.jar:/home/runner/.m2/repository/com/fasterxml/jackson/dataformat/jackson-dataformat-cbor/2.12.1/jackson-dataformat-cbor-2.12.1.jar:/home/runner/.m2/repository/joda-time/joda-time/2.8.1/joda-time-2.8.1.jar:/home/runner/.m2/repository/com/amazonaws/aws-java-sdk-s3/1.12.124/aws-java-sdk-s3-1.12.124.jar:/home/runner/.m2/repository/com/amazonaws/aws-java-sdk-kms/1.12.124/aws-java-sdk-kms-1.12.124.jar:/home/runner/.m2/repository/com/amazonaws/jmespath-java/1.12.124/jmespath-java-1.12.124.jar:/home/runner/.m2/repository/org/kohsuke/metainf-services/metainf-services/1.8/metainf-services-1.8.jar:/home/runner/.m2/repository/org/apache/ozone/hdds-tools/1.3.0-SNAPSHOT/hdds-tools-1.3.0-SNAPSHOT.jar:/home/runner/.m2/repository/commons-cli/commons-cli/1.2/commons-cli-1.2.jar:/home/runner/.m2/repository/org/apache/commons/commons-lang3/3.7/commons-lang3-3.7.jar:/home/runner/.m2/repository/org/apache/ozone/ozone-manager/1.3.0-SNAPSHOT/ozone-manager-1.3.0-SNAPSHOT-tests.jar:/home/runner/.m2/repository/org/apache/ozone/hdds-common/1.3.0-SNAPSHOT/hdds-common-1.3.0-SNAPSHOT-tests.jar:/home/runner/.m2/repository/org/apache/ozone/hdds-hadoop-dependency-client/1.3.0-SNAPSHOT/hdds-hadoop-dependency-client-1.3.0-SNAPSHOT.jar:/home/runner/.m2/repository/info/picocli/picocli/4.6.1/picocli-4.6.1.jar:/home/runner/.m2/repository/com/fasterxml/jackson/core/jackson-annotations/2.12.1/jackson-annotations-2.12.1.jar:/home/runner/.m2/repository/javax/annotation/javax.annotation-api/1.2/javax.annotation-api-1.2.jar:/home/runner/.m2/repository/org/apache/ratis/ratis-server/2.2.0/ratis-server-2.2.0.jar:/home/runner/.m2/repository/org/apache/ratis/ratis-client/2.2.0/ratis-client-2.2.0.jar:/home/runner/.m2/repository/org/apache/ratis/ratis-server-api/2.2.0/ratis-server-api-2.2.0.jar:/home/runner/.m2/repository/org/apache/ratis/ratis-metrics/2.2.0/ratis-metrics-2.2.0.jar:/home/runner/.m2/repository/org/apache/ratis/ratis-netty/2.2.0/ratis-netty-2.2.0.jar:/home/runner/.m2/repository/org/apache/ratis/ratis-grpc/2.2.0/ratis-grpc-2.2.0.jar:/home/runner/.m2/repository/org/apache/logging/log4j/log4j-api/2.17.1/log4j-api-2.17.1.jar:/home/runner/.m2/repository/org/apache/logging/log4j/log4j-core/2.17.1/log4j-core-2.17.1.jar:/home/runner/.m2/repository/com/lmax/disruptor/3.4.2/disruptor-3.4.2.jar:/home/runner/.m2/repository/org/apache/commons/commons-pool2/2.6.0/commons-pool2-2.6.0.jar:/home/runner/.m2/repository/org/bouncycastle/bcpkix-jdk15on/1.67/bcpkix-jdk15on-1.67.jar:/home/runner/.m2/repository/commons-validator/commons-validator/1.6/commons-validator-1.6.jar:/home/runner/.m2/repository/commons-beanutils/commons-beanutils/1.9.4/commons-beanutils-1.9.4.jar:/home/runner/.m2/repository/commons-digester/commons-digester/1.8.1/commons-digester-1.8.1.jar:/home/runner/.m2/repository/commons-collections/commons-collections/3.2.2/commons-collections-3.2.2.jar:/home/runner/.m2/repository/io/jaegertracing/jaeger-client/1.6.0/jaeger-client-1.6.0.jar:/home/runner/.m2/repository/io/jaegertracing/jaeger-thrift/1.6.0/jaeger-thrift-1.6.0.jar:/home/runner/.m2/repository/org/apache/thrift/libthrift/0.14.1/libthrift-0.14.1.jar:/home/runner/.m2/repository/com/squareup/okhttp3/okhttp/4.9.0/okhttp-4.9.0.jar:/home/runner/.m2/repository/com/squareup/okio/okio/2.8.0/okio-2.8.0.jar:/home/runner/.m2/repository/io/jaegertracing/jaeger-core/1.6.0/jaeger-core-1.6.0.jar:/home/runner/.m2/repository/io/jaegertracing/jaeger-tracerresolver/1.6.0/jaeger-tracerresolver-1.6.0.jar:/home/runner/.m2/repository/io/opentracing/contrib/opentracing-tracerresolver/0.1.8/opentracing-tracerresolver-0.1.8.jar:/home/runner/.m2/repository/org/jetbrains/kotlin/kotlin-stdlib/1.4.31/kotlin-stdlib-1.4.31.jar:/home/runner/.m2/repository/org/jetbrains/kotlin/kotlin-stdlib-common/1.4.31/kotlin-stdlib-common-1.4.31.jar:/home/runner/.m2/repository/org/jetbrains/annotations/13.0/annotations-13.0.jar:/home/runner/.m2/repository/io/opentracing/opentracing-util/0.33.0/opentracing-util-0.33.0.jar:/home/runner/.m2/repository/io/opentracing/opentracing-api/0.33.0/opentracing-api-0.33.0.jar:/home/runner/.m2/repository/io/opentracing/opentracing-noop/0.33.0/opentracing-noop-0.33.0.jar:/home/runner/.m2/repository/org/yaml/snakeyaml/1.26/snakeyaml-1.26.jar:/home/runner/.m2/repository/org/apache/ozone/hdds-interface-admin/1.3.0-SNAPSHOT/hdds-interface-admin-1.3.0-SNAPSHOT.jar:/home/runner/.m2/repository/junit/junit/4.13.1/junit-4.13.1.jar:/home/runner/.m2/repository/org/hamcrest/hamcrest-core/1.3/hamcrest-core-1.3.jar:/home/runner/.m2/repository/org/junit/jupiter/junit-jupiter-api/5.7.0/junit-jupiter-api-5.7.0.jar:/home/runner/.m2/repository/org/apiguardian/apiguardian-api/1.1.0/apiguardian-api-1.1.0.jar:/home/runner/.m2/repository/org/opentest4j/opentest4j/1.2.0/opentest4j-1.2.0.jar:/home/runner/.m2/repository/org/junit/platform/junit-platform-commons/1.7.0/junit-platform-commons-1.7.0.jar:/home/runner/.m2/repository/org/junit/jupiter/junit-jupiter-engine/5.7.0/junit-jupiter-engine-5.7.0.jar:/home/runner/.m2/repository/org/junit/platform/junit-platform-engine/1.7.0/junit-platform-engine-1.7.0.jar:/home/runner/.m2/repository/org/junit/vintage/junit-vintage-engine/5.7.0/junit-vintage-engine-5.7.0.jar:/home/runner/.m2/repository/org/junit/platform/junit-platform-launcher/1.7.0/junit-platform-launcher-1.7.0.jar:/home/runner/.m2/repository/org/mockito/mockito-core/2.28.2/mockito-core-2.28.2.jar:/home/runner/.m2/repository/net/bytebuddy/byte-buddy/1.9.10/byte-buddy-1.9.10.jar:/home/runner/.m2/repository/net/bytebuddy/byte-buddy-agent/1.9.10/byte-buddy-agent-1.9.10.jar:/home/runner/.m2/repository/org/objenesis/objenesis/1.0/objenesis-1.0.jar:/home/runner/.m2/repository/org/apache/hadoop/hadoop-kms/3.3.1/hadoop-kms-3.3.1.jar:/home/runner/.m2/repository/org/apache/hadoop/hadoop-auth/3.3.1/hadoop-auth-3.3.1.jar:/home/runner/.m2/repository/com/nimbusds/nimbus-jose-jwt/7.9/nimbus-jose-jwt-7.9.jar:/home/runner/.m2/repository/com/github/stephenc/jcip/jcip-annotations/1.0-1/jcip-annotations-1.0-1.jar:/home/runner/.m2/repository/net/minidev/json-smart/2.4.7/json-smart-2.4.7.jar:/home/runner/.m2/repository/net/minidev/accessors-smart/2.4.7/accessors-smart-2.4.7.jar:/home/runner/.m2/repository/org/ow2/asm/asm/5.0.4/asm-5.0.4.jar:/home/runner/.m2/repository/org/apache/zookeeper/zookeeper/3.5.6/zookeeper-3.5.6.jar:/home/runner/.m2/repository/org/apache/zookeeper/zookeeper-jute/3.5.6/zookeeper-jute-3.5.6.jar:/home/runner/.m2/repository/org/apache/yetus/audience-annotations/0.5.0/audience-annotations-0.5.0.jar:/home/runner/.m2/repository/org/apache/curator/curator-framework/4.2.0/curator-framework-4.2.0.jar:/home/runner/.m2/repository/org/apache/hadoop/thirdparty/hadoop-shaded-guava/1.1.1/hadoop-shaded-guava-1.1.1.jar:/home/runner/.m2/repository/com/sun/jersey/jersey-core/1.19/jersey-core-1.19.jar:/home/runner/.m2/repository/javax/ws/rs/jsr311-api/1.1.1/jsr311-api-1.1.1.jar:/home/runner/.m2/repository/com/sun/jersey/jersey-server/1.19/jersey-server-1.19.jar:/home/runner/.m2/repository/javax/servlet/javax.servlet-api/3.1.0/javax.servlet-api-3.1.0.jar:/home/runner/.m2/repository/org/eclipse/jetty/jetty-server/9.4.43.v20210629/jetty-server-9.4.43.v20210629.jar:/home/runner/.m2/repository/org/eclipse/jetty/jetty-http/9.4.43.v20210629/jetty-http-9.4.43.v20210629.jar:/home/runner/.m2/repository/org/eclipse/jetty/jetty-io/9.4.43.v20210629/jetty-io-9.4.43.v20210629.jar:/home/runner/.m2/repository/org/eclipse/jetty/jetty-webapp/9.4.43.v20210629/jetty-webapp-9.4.43.v20210629.jar:/home/runner/.m2/repository/org/eclipse/jetty/jetty-xml/9.4.43.v20210629/jetty-xml-9.4.43.v20210629.jar:/home/runner/.m2/repository/org/apache/hadoop/hadoop-common/3.3.1/hadoop-common-3.3.1.jar:/home/runner/.m2/repository/org/apache/commons/commons-math3/3.1.1/commons-math3-3.1.1.jar:/home/runner/.m2/repository/commons-net/commons-net/3.6/commons-net-3.6.jar:/home/runner/.m2/repository/jakarta/activation/jakarta.activation-api/1.2.1/jakarta.activation-api-1.2.1.jar:/home/runner/.m2/repository/com/sun/jersey/jersey-servlet/1.19/jersey-servlet-1.19.jar:/home/runner/.m2/repository/com/sun/jersey/jersey-json/1.19/jersey-json-1.19.jar:/home/runner/.m2/repository/org/codehaus/jettison/jettison/1.1/jettison-1.1.jar:/home/runner/.m2/repository/com/sun/xml/bind/jaxb-impl/2.2.3-1/jaxb-impl-2.2.3-1.jar:/home/runner/.m2/repository/org/codehaus/jackson/jackson-jaxrs/1.9.2/jackson-jaxrs-1.9.2.jar:/home/runner/.m2/repository/org/codehaus/jackson/jackson-xc/1.9.2/jackson-xc-1.9.2.jar:/home/runner/.m2/repository/org/apache/commons/commons-configuration2/2.1.1/commons-configuration2-2.1.1.jar:/home/runner/.m2/repository/org/apache/commons/commons-text/1.4/commons-text-1.4.jar:/home/runner/.m2/repository/com/google/re2j/re2j/1.1/re2j-1.1.jar:/home/runner/.m2/repository/com/jcraft/jsch/0.1.54/jsch-0.1.54.jar:/home/runner/.m2/repository/org/apache/curator/curator-client/4.2.0/curator-client-4.2.0.jar:/home/runner/.m2/repository/org/apache/curator/curator-recipes/4.2.0/curator-recipes-4.2.0.jar:/home/runner/.m2/repository/org/apache/kerby/kerb-core/1.0.1/kerb-core-1.0.1.jar:/home/runner/.m2/repository/org/apache/kerby/kerby-pkix/1.0.1/kerby-pkix-1.0.1.jar:/home/runner/.m2/repository/org/apache/kerby/kerby-asn1/1.0.1/kerby-asn1-1.0.1.jar:/home/runner/.m2/repository/org/apache/kerby/kerby-util/1.0.1/kerby-util-1.0.1.jar:/home/runner/.m2/repository/dnsjava/dnsjava/2.1.7/dnsjava-2.1.7.jar:/home/runner/.m2/repository/org/xerial/snappy/snappy-java/1.1.8.2/snappy-java-1.1.8.2.jar:/home/runner/.m2/repository/org/slf4j/jul-to-slf4j/1.7.30/jul-to-slf4j-1.7.30.jar:/home/runner/.m2/repository/org/eclipse/jetty/jetty-util/9.4.43.v20210629/jetty-util-9.4.43.v20210629.jar:/home/runner/.m2/repository/com/fasterxml/jackson/core/jackson-databind/2.12.1/jackson-databind-2.12.1.jar:/home/runner/.m2/repository/org/apache/hadoop/hadoop-kms/3.3.1/hadoop-kms-3.3.1-tests.jar:/home/runner/.m2/repository/org/apache/ozone/hdds-server-scm/1.3.0-SNAPSHOT/hdds-server-scm-1.3.0-SNAPSHOT-tests.jar:/home/runner/.m2/repository/org/apache/ozone/hdds-container-service/1.3.0-SNAPSHOT/hdds-container-service-1.3.0-SNAPSHOT-tests.jar:/home/runner/.m2/repository/commons-codec/commons-codec/1.11/commons-codec-1.11.jar:/home/runner/.m2/repository/io/netty/netty-transport/4.1.63.Final/netty-transport-4.1.63.Final.jar:/home/runner/.m2/repository/io/netty/netty-resolver/4.1.63.Final/netty-resolver-4.1.63.Final.jar:/home/runner/.m2/repository/io/netty/netty-codec/4.1.63.Final/netty-codec-4.1.63.Final.jar:/home/runner/.m2/repository/io/netty/netty-handler/4.1.63.Final/netty-handler-4.1.63.Final.jar:/home/runner/.m2/repository/org/apache/ozone/hdds-hadoop-dependency-test/1.3.0-SNAPSHOT/hdds-hadoop-dependency-test-1.3.0-SNAPSHOT.jar:/home/runner/.m2/repository/org/apache/hadoop/hadoop-common/3.3.1/hadoop-common-3.3.1-tests.jar:/home/runner/.m2/repository/org/assertj/assertj-core/3.12.2/assertj-core-3.12.2.jar:/home/runner/.m2/repository/org/apache/hadoop/hadoop-hdfs/3.3.1/hadoop-hdfs-3.3.1-tests.jar:/home/runner/.m2/repository/org/eclipse/jetty/jetty-util-ajax/9.4.43.v20210629/jetty-util-ajax-9.4.43.v20210629.jar:/home/runner/.m2/repository/commons-daemon/commons-daemon/1.0.13/commons-daemon-1.0.13.jar:/home/runner/.m2/repository/io/netty/netty/3.10.6.Final/netty-3.10.6.Final.jar:/home/runner/.m2/repository/io/netty/netty-all/4.1.63.Final/netty-all-4.1.63.Final.jar:/home/runner/.m2/repository/org/apache/htrace/htrace-core4/4.1.0-incubating/htrace-core4-4.1.0-incubating.jar:/home/runner/.m2/repository/org/fusesource/leveldbjni/leveldbjni-all/1.8/leveldbjni-all-1.8.jar:/home/runner/.m2/repository/org/apache/hadoop/hadoop-distcp/3.3.1/hadoop-distcp-3.3.1.jar:/home/runner/.m2/repository/org/apache/hadoop/hadoop-mapreduce-client-jobclient/3.3.1/hadoop-mapreduce-client-jobclient-3.3.1.jar:/home/runner/.m2/repository/org/apache/hadoop/hadoop-mapreduce-client-common/3.3.1/hadoop-mapreduce-client-common-3.3.1.jar:/home/runner/.m2/repository/org/apache/hadoop/hadoop-yarn-common/3.3.1/hadoop-yarn-common-3.3.1.jar:/home/runner/.m2/repository/org/apache/hadoop/hadoop-yarn-api/3.3.1/hadoop-yarn-api-3.3.1.jar:/home/runner/.m2/repository/com/sun/jersey/jersey-client/1.19/jersey-client-1.19.jar:/home/runner/.m2/repository/com/sun/jersey/contribs/jersey-guice/1.19/jersey-guice-1.19.jar:/home/runner/.m2/repository/com/fasterxml/jackson/jaxrs/jackson-jaxrs-json-provider/2.12.1/jackson-jaxrs-json-provider-2.12.1.jar:/home/runner/.m2/repository/com/fasterxml/jackson/jaxrs/jackson-jaxrs-base/2.12.1/jackson-jaxrs-base-2.12.1.jar:/home/runner/.m2/repository/org/apache/hadoop/hadoop-yarn-client/3.3.1/hadoop-yarn-client-3.3.1.jar:/home/runner/.m2/repository/org/eclipse/jetty/websocket/websocket-client/9.4.40.v20210413/websocket-client-9.4.40.v20210413.jar:/home/runner/.m2/repository/org/eclipse/jetty/jetty-client/9.4.40.v20210413/jetty-client-9.4.40.v20210413.jar:/home/runner/.m2/repository/org/eclipse/jetty/websocket/websocket-common/9.4.40.v20210413/websocket-common-9.4.40.v20210413.jar:/home/runner/.m2/repository/org/eclipse/jetty/websocket/websocket-api/9.4.40.v20210413/websocket-api-9.4.40.v20210413.jar:/home/runner/.m2/repository/org/jline/jline/3.9.0/jline-3.9.0.jar:/home/runner/.m2/repository/org/apache/hadoop/hadoop-mapreduce-client-core/3.3.1/hadoop-mapreduce-client-core-3.3.1.jar:/home/runner/.m2/repository/org/apache/avro/avro/1.7.7/avro-1.7.7.jar:/home/runner/.m2/repository/org/codehaus/jackson/jackson-core-asl/1.9.13/jackson-core-asl-1.9.13.jar:/home/runner/.m2/repository/org/codehaus/jackson/jackson-mapper-asl/1.9.13/jackson-mapper-asl-1.9.13.jar:/home/runner/.m2/repository/com/thoughtworks/paranamer/paranamer/2.3/paranamer-2.3.jar:/home/runner/.m2/repository/org/apache/hadoop/hadoop-annotations/3.3.1/hadoop-annotations-3.3.1.jar:/usr/lib/jvm/temurin-8-jdk-amd64/jre/../lib/tools.jar:/home/runner/.m2/repository/org/apache/hadoop/hadoop-distcp/3.3.1/hadoop-distcp-3.3.1-tests.jar:/home/runner/.m2/repository/org/apache/ratis/ratis-common/2.2.0/ratis-common-2.2.0.jar:/home/runner/.m2/repository/org/apache/ratis/ratis-thirdparty-misc/0.7.0/ratis-thirdparty-misc-0.7.0.jar:/home/runner/.m2/repository/org/apache/ratis/ratis-proto/2.2.0/ratis-proto-2.2.0.jar:"/>
    <property name="java.vm.vendor" value="Temurin"/>
    <property name="sun.arch.data.model" value="64"/>
    <property name="test.build.dir" value="/home/runner/work/ozone/ozone/hadoop-ozone/integration-test/target/test-dir"/>
    <property name="test.cache.data" value=""/>
    <property name="java.vendor.url" value="https://adoptium.net/"/>
    <property name="user.timezone" value=""/>
    <property name="java.vm.specification.version" value="1.8"/>
    <property name="os.name" value="Linux"/>
    <property name="test.build.data" value="/home/runner/work/ozone/ozone/hadoop-ozone/integration-test/target/test-dir"/>
    <property name="sun.java.launcher" value="SUN_STANDARD"/>
    <property name="sun.boot.library.path" value="/usr/lib/jvm/temurin-8-jdk-amd64/jre/lib/amd64"/>
    <property name="sun.java.command" value="/home/runner/work/ozone/ozone/hadoop-ozone/integration-test/target/surefire/surefirebooter1809672558114430192.jar /home/runner/work/ozone/ozone/hadoop-ozone/integration-test/target/surefire 2022-03-02T17-41-34_496-jvmRun1 surefire6998281284946075622tmp surefire_665780433032450495184tmp"/>
    <property name="surefire.test.class.path" value="/home/runner/work/ozone/ozone/hadoop-ozone/integration-test/target/test-classes:/home/runner/work/ozone/ozone/hadoop-ozone/integration-test/target/classes:/home/runner/.m2/repository/org/apache/ozone/ozone-common/1.3.0-SNAPSHOT/ozone-common-1.3.0-SNAPSHOT.jar:/home/runner/.m2/repository/org/apache/commons/commons-compress/1.21/commons-compress-1.21.jar:/home/runner/.m2/repository/org/apache/ozone/hdds-common/1.3.0-SNAPSHOT/hdds-common-1.3.0-SNAPSHOT.jar:/home/runner/.m2/repository/org/apache/ozone/hdds-client/1.3.0-SNAPSHOT/hdds-client-1.3.0-SNAPSHOT.jar:/home/runner/.m2/repository/org/apache/ozone/ozone-interface-client/1.3.0-SNAPSHOT/ozone-interface-client-1.3.0-SNAPSHOT.jar:/home/runner/.m2/repository/org/apache/ozone/hdds-test-utils/1.3.0-SNAPSHOT/hdds-test-utils-1.3.0-SNAPSHOT.jar:/home/runner/.m2/repository/com/google/guava/guava/30.1.1-jre/guava-30.1.1-jre.jar:/home/runner/.m2/repository/com/google/guava/failureaccess/1.0.1/failureaccess-1.0.1.jar:/home/runner/.m2/repository/com/google/guava/listenablefuture/9999.0-empty-to-avoid-conflict-with-guava/listenablefuture-9999.0-empty-to-avoid-conflict-with-guava.jar:/home/runner/.m2/repository/com/google/code/findbugs/jsr305/3.0.0/jsr305-3.0.0.jar:/home/runner/.m2/repository/org/checkerframework/checker-qual/3.8.0/checker-qual-3.8.0.jar:/home/runner/.m2/repository/com/google/errorprone/error_prone_annotations/2.2.0/error_prone_annotations-2.2.0.jar:/home/runner/.m2/repository/com/google/j2objc/j2objc-annotations/1.3/j2objc-annotations-1.3.jar:/home/runner/.m2/repository/commons-io/commons-io/2.11.0/commons-io-2.11.0.jar:/home/runner/.m2/repository/commons-logging/commons-logging/1.2/commons-logging-1.2.jar:/home/runner/.m2/repository/log4j/log4j/1.2.17/log4j-1.2.17.jar:/home/runner/.m2/repository/org/slf4j/slf4j-api/1.7.30/slf4j-api-1.7.30.jar:/home/runner/.m2/repository/org/apache/ozone/hdds-server-scm/1.3.0-SNAPSHOT/hdds-server-scm-1.3.0-SNAPSHOT.jar:/home/runner/.m2/repository/org/apache/ozone/hdds-container-service/1.3.0-SNAPSHOT/hdds-container-service-1.3.0-SNAPSHOT.jar:/home/runner/.m2/repository/org/apache/ozone/hdds-hadoop-dependency-server/1.3.0-SNAPSHOT/hdds-hadoop-dependency-server-1.3.0-SNAPSHOT.jar:/home/runner/.m2/repository/org/apache/hadoop/hadoop-hdfs/3.3.1/hadoop-hdfs-3.3.1.jar:/home/runner/.m2/repository/org/apache/ozone/hdds-server-framework/1.3.0-SNAPSHOT/hdds-server-framework-1.3.0-SNAPSHOT.jar:/home/runner/.m2/repository/org/apache/ozone/hdds-interface-server/1.3.0-SNAPSHOT/hdds-interface-server-1.3.0-SNAPSHOT.jar:/home/runner/.m2/repository/org/eclipse/jetty/jetty-servlet/9.4.43.v20210629/jetty-servlet-9.4.43.v20210629.jar:/home/runner/.m2/repository/org/eclipse/jetty/jetty-security/9.4.43.v20210629/jetty-security-9.4.43.v20210629.jar:/home/runner/.m2/repository/org/rocksdb/rocksdbjni/6.25.3/rocksdbjni-6.25.3.jar:/home/runner/.m2/repository/io/prometheus/simpleclient_dropwizard/0.7.0/simpleclient_dropwizard-0.7.0.jar:/home/runner/.m2/repository/io/prometheus/simpleclient/0.7.0/simpleclient-0.7.0.jar:/home/runner/.m2/repository/io/prometheus/simpleclient_common/0.7.0/simpleclient_common-0.7.0.jar:/home/runner/.m2/repository/com/fasterxml/jackson/datatype/jackson-datatype-jsr310/2.12.1/jackson-datatype-jsr310-2.12.1.jar:/home/runner/.m2/repository/io/dropwizard/metrics/metrics-core/3.2.4/metrics-core-3.2.4.jar:/home/runner/.m2/repository/org/apache/hadoop/hadoop-hdfs-client/3.3.1/hadoop-hdfs-client-3.3.1.jar:/home/runner/.m2/repository/org/bouncycastle/bcprov-jdk15on/1.67/bcprov-jdk15on-1.67.jar:/home/runner/.m2/repository/com/google/protobuf/protobuf-java/2.5.0/protobuf-java-2.5.0.jar:/home/runner/.m2/repository/org/apache/ozone/ozone-manager/1.3.0-SNAPSHOT/ozone-manager-1.3.0-SNAPSHOT.jar:/home/runner/.m2/repository/org/aspectj/aspectjrt/1.9.7/aspectjrt-1.9.7.jar:/home/runner/.m2/repository/org/aspectj/aspectjweaver/1.9.7/aspectjweaver-1.9.7.jar:/home/runner/.m2/repository/org/apache/ozone/hdds-interface-client/1.3.0-SNAPSHOT/hdds-interface-client-1.3.0-SNAPSHOT.jar:/home/runner/.m2/repository/org/apache/hadoop/thirdparty/hadoop-shaded-protobuf_3_7/1.1.1/hadoop-shaded-protobuf_3_7-1.1.1.jar:/home/runner/.m2/repository/org/apache/ozone/ozone-interface-storage/1.3.0-SNAPSHOT/ozone-interface-storage-1.3.0-SNAPSHOT.jar:/home/runner/.m2/repository/org/reflections/reflections/0.9.11/reflections-0.9.11.jar:/home/runner/.m2/repository/org/apache/hadoop/hadoop-minikdc/3.3.1/hadoop-minikdc-3.3.1.jar:/home/runner/.m2/repository/org/apache/kerby/kerb-simplekdc/1.0.1/kerb-simplekdc-1.0.1.jar:/home/runner/.m2/repository/org/apache/kerby/kerb-client/1.0.1/kerb-client-1.0.1.jar:/home/runner/.m2/repository/org/apache/kerby/kerby-config/1.0.1/kerby-config-1.0.1.jar:/home/runner/.m2/repository/org/apache/kerby/kerb-common/1.0.1/kerb-common-1.0.1.jar:/home/runner/.m2/repository/org/apache/kerby/kerb-crypto/1.0.1/kerb-crypto-1.0.1.jar:/home/runner/.m2/repository/org/apache/kerby/kerb-util/1.0.1/kerb-util-1.0.1.jar:/home/runner/.m2/repository/org/apache/kerby/token-provider/1.0.1/token-provider-1.0.1.jar:/home/runner/.m2/repository/org/apache/kerby/kerb-admin/1.0.1/kerb-admin-1.0.1.jar:/home/runner/.m2/repository/org/apache/kerby/kerb-server/1.0.1/kerb-server-1.0.1.jar:/home/runner/.m2/repository/org/apache/kerby/kerb-identity/1.0.1/kerb-identity-1.0.1.jar:/home/runner/.m2/repository/org/apache/kerby/kerby-xdr/1.0.1/kerby-xdr-1.0.1.jar:/home/runner/.m2/repository/org/slf4j/slf4j-log4j12/1.7.30/slf4j-log4j12-1.7.30.jar:/home/runner/.m2/repository/org/apache/ozone/ozone-s3gateway/1.3.0-SNAPSHOT/ozone-s3gateway-1.3.0-SNAPSHOT.jar:/home/runner/.m2/repository/org/javassist/javassist/3.21.0-GA/javassist-3.21.0-GA.jar:/home/runner/.m2/repository/org/jboss/weld/servlet/weld-servlet/2.4.7.Final/weld-servlet-2.4.7.Final.jar:/home/runner/.m2/repository/org/glassfish/jersey/containers/jersey-container-servlet-core/2.33/jersey-container-servlet-core-2.33.jar:/home/runner/.m2/repository/org/glassfish/hk2/external/jakarta.inject/2.6.1/jakarta.inject-2.6.1.jar:/home/runner/.m2/repository/org/glassfish/jersey/core/jersey-common/2.33/jersey-common-2.33.jar:/home/runner/.m2/repository/jakarta/ws/rs/jakarta.ws.rs-api/2.1.6/jakarta.ws.rs-api-2.1.6.jar:/home/runner/.m2/repository/org/glassfish/jersey/ext/cdi/jersey-cdi1x/2.33/jersey-cdi1x-2.33.jar:/home/runner/.m2/repository/org/glassfish/jersey/inject/jersey-hk2/2.33/jersey-hk2-2.33.jar:/home/runner/.m2/repository/org/glassfish/hk2/hk2-locator/2.6.1/hk2-locator-2.6.1.jar:/home/runner/.m2/repository/org/glassfish/jersey/media/jersey-media-jaxb/2.33/jersey-media-jaxb-2.33.jar:/home/runner/.m2/repository/org/glassfish/hk2/osgi-resource-locator/1.0.3/osgi-resource-locator-1.0.3.jar:/home/runner/.m2/repository/org/glassfish/hk2/hk2-api/2.5.0/hk2-api-2.5.0.jar:/home/runner/.m2/repository/org/glassfish/hk2/hk2-utils/2.5.0/hk2-utils-2.5.0.jar:/home/runner/.m2/repository/org/glassfish/hk2/external/aopalliance-repackaged/2.5.0/aopalliance-repackaged-2.5.0.jar:/home/runner/.m2/repository/com/fasterxml/jackson/dataformat/jackson-dataformat-xml/2.12.1/jackson-dataformat-xml-2.12.1.jar:/home/runner/.m2/repository/com/fasterxml/jackson/core/jackson-core/2.12.1/jackson-core-2.12.1.jar:/home/runner/.m2/repository/com/fasterxml/jackson/module/jackson-module-jaxb-annotations/2.12.1/jackson-module-jaxb-annotations-2.12.1.jar:/home/runner/.m2/repository/jakarta/xml/bind/jakarta.xml.bind-api/2.3.2/jakarta.xml.bind-api-2.3.2.jar:/home/runner/.m2/repository/org/codehaus/woodstox/stax2-api/3.1.4/stax2-api-3.1.4.jar:/home/runner/.m2/repository/com/fasterxml/woodstox/woodstox-core/5.0.3/woodstox-core-5.0.3.jar:/home/runner/.m2/repository/javax/enterprise/cdi-api/1.2/cdi-api-1.2.jar:/home/runner/.m2/repository/javax/el/javax.el-api/3.0.0/javax.el-api-3.0.0.jar:/home/runner/.m2/repository/javax/interceptor/javax.interceptor-api/1.2/javax.interceptor-api-1.2.jar:/home/runner/.m2/repository/javax/inject/javax.inject/1/javax.inject-1.jar:/home/runner/.m2/repository/javax/xml/bind/jaxb-api/2.3.0/jaxb-api-2.3.0.jar:/home/runner/.m2/repository/org/glassfish/jaxb/jaxb-runtime/2.3.0.1/jaxb-runtime-2.3.0.1.jar:/home/runner/.m2/repository/org/glassfish/jaxb/jaxb-core/2.3.0.1/jaxb-core-2.3.0.1.jar:/home/runner/.m2/repository/org/glassfish/jaxb/txw2/2.3.0.1/txw2-2.3.0.1.jar:/home/runner/.m2/repository/com/sun/istack/istack-commons-runtime/3.0.5/istack-commons-runtime-3.0.5.jar:/home/runner/.m2/repository/org/jvnet/staxex/stax-ex/1.7.8/stax-ex-1.7.8.jar:/home/runner/.m2/repository/com/sun/xml/fastinfoset/FastInfoset/1.2.13/FastInfoset-1.2.13.jar:/home/runner/.m2/repository/javax/activation/activation/1.1.1/activation-1.1.1.jar:/home/runner/.m2/repository/org/apache/ozone/ozone-csi/1.3.0-SNAPSHOT/ozone-csi-1.3.0-SNAPSHOT.jar:/home/runner/.m2/repository/com/google/protobuf/protobuf-java-util/3.12.0/protobuf-java-util-3.12.0.jar:/home/runner/.m2/repository/com/google/code/gson/gson/2.2.4/gson-2.2.4.jar:/home/runner/.m2/repository/org/apache/ozone/hdds-config/1.3.0-SNAPSHOT/hdds-config-1.3.0-SNAPSHOT.jar:/home/runner/.m2/repository/io/grpc/grpc-netty/1.33.0/grpc-netty-1.33.0.jar:/home/runner/.m2/repository/io/grpc/grpc-core/1.33.0/grpc-core-1.33.0.jar:/home/runner/.m2/repository/com/google/android/annotations/4.1.1.4/annotations-4.1.1.4.jar:/home/runner/.m2/repository/io/netty/netty-codec-http2/4.1.63.Final/netty-codec-http2-4.1.63.Final.jar:/home/runner/.m2/repository/io/netty/netty-codec-http/4.1.63.Final/netty-codec-http-4.1.63.Final.jar:/home/runner/.m2/repository/io/netty/netty-handler-proxy/4.1.63.Final/netty-handler-proxy-4.1.63.Final.jar:/home/runner/.m2/repository/io/netty/netty-codec-socks/4.1.63.Final/netty-codec-socks-4.1.63.Final.jar:/home/runner/.m2/repository/io/perfmark/perfmark-api/0.19.0/perfmark-api-0.19.0.jar:/home/runner/.m2/repository/org/codehaus/mojo/animal-sniffer-annotations/1.18/animal-sniffer-annotations-1.18.jar:/home/runner/.m2/repository/io/netty/netty-transport-native-epoll/4.1.63.Final/netty-transport-native-epoll-4.1.63.Final.jar:/home/runner/.m2/repository/io/netty/netty-common/4.1.63.Final/netty-common-4.1.63.Final.jar:/home/runner/.m2/repository/io/netty/netty-buffer/4.1.63.Final/netty-buffer-4.1.63.Final.jar:/home/runner/.m2/repository/io/netty/netty-transport-native-unix-common/4.1.63.Final/netty-transport-native-unix-common-4.1.63.Final.jar:/home/runner/.m2/repository/io/grpc/grpc-protobuf/1.33.0/grpc-protobuf-1.33.0.jar:/home/runner/.m2/repository/io/grpc/grpc-api/1.33.0/grpc-api-1.33.0.jar:/home/runner/.m2/repository/io/grpc/grpc-context/1.33.0/grpc-context-1.33.0.jar:/home/runner/.m2/repository/com/google/api/grpc/proto-google-common-protos/1.17.0/proto-google-common-protos-1.17.0.jar:/home/runner/.m2/repository/io/grpc/grpc-protobuf-lite/1.33.0/grpc-protobuf-lite-1.33.0.jar:/home/runner/.m2/repository/io/grpc/grpc-stub/1.33.0/grpc-stub-1.33.0.jar:/home/runner/.m2/repository/org/apache/ozone/ozone-recon/1.3.0-SNAPSHOT/ozone-recon-1.3.0-SNAPSHOT.jar:/home/runner/.m2/repository/org/apache/ozone/ozone-reconcodegen/1.3.0-SNAPSHOT/ozone-reconcodegen-1.3.0-SNAPSHOT.jar:/home/runner/.m2/repository/com/google/inject/extensions/guice-multibindings/4.0/guice-multibindings-4.0.jar:/home/runner/.m2/repository/com/google/inject/guice/4.0/guice-4.0.jar:/home/runner/.m2/repository/aopalliance/aopalliance/1.0/aopalliance-1.0.jar:/home/runner/.m2/repository/com/google/inject/extensions/guice-assistedinject/4.0/guice-assistedinject-4.0.jar:/home/runner/.m2/repository/com/google/inject/extensions/guice-servlet/4.0/guice-servlet-4.0.jar:/home/runner/.m2/repository/org/glassfish/jersey/containers/jersey-container-servlet/2.33/jersey-container-servlet-2.33.jar:/home/runner/.m2/repository/org/glassfish/hk2/guice-bridge/2.5.0/guice-bridge-2.5.0.jar:/home/runner/.m2/repository/org/glassfish/jersey/core/jersey-server/2.33/jersey-server-2.33.jar:/home/runner/.m2/repository/org/glassfish/jersey/core/jersey-client/2.33/jersey-client-2.33.jar:/home/runner/.m2/repository/jakarta/annotation/jakarta.annotation-api/1.3.5/jakarta.annotation-api-1.3.5.jar:/home/runner/.m2/repository/jakarta/validation/jakarta.validation-api/2.0.2/jakarta.validation-api-2.0.2.jar:/home/runner/.m2/repository/org/glassfish/jersey/media/jersey-media-json-jackson/2.33/jersey-media-json-jackson-2.33.jar:/home/runner/.m2/repository/org/glassfish/jersey/ext/jersey-entity-filtering/2.33/jersey-entity-filtering-2.33.jar:/home/runner/.m2/repository/org/jooq/jooq/3.11.10/jooq-3.11.10.jar:/home/runner/.m2/repository/org/jooq/jooq-meta/3.11.10/jooq-meta-3.11.10.jar:/home/runner/.m2/repository/org/jooq/jooq-codegen/3.11.10/jooq-codegen-3.11.10.jar:/home/runner/.m2/repository/com/jolbox/bonecp/0.8.0.RELEASE/bonecp-0.8.0.RELEASE.jar:/home/runner/.m2/repository/org/apache/derby/derby/10.14.2.0/derby-10.14.2.0.jar:/home/runner/.m2/repository/org/xerial/sqlite-jdbc/3.25.2/sqlite-jdbc-3.25.2.jar:/home/runner/.m2/repository/org/springframework/spring-jdbc/5.2.18.RELEASE/spring-jdbc-5.2.18.RELEASE.jar:/home/runner/.m2/repository/org/springframework/spring-beans/5.2.18.RELEASE/spring-beans-5.2.18.RELEASE.jar:/home/runner/.m2/repository/org/springframework/spring-core/5.2.18.RELEASE/spring-core-5.2.18.RELEASE.jar:/home/runner/.m2/repository/org/springframework/spring-jcl/5.2.18.RELEASE/spring-jcl-5.2.18.RELEASE.jar:/home/runner/.m2/repository/org/springframework/spring-tx/5.2.18.RELEASE/spring-tx-5.2.18.RELEASE.jar:/home/runner/.m2/repository/org/apache/ozone/ozone-client/1.3.0-SNAPSHOT/ozone-client-1.3.0-SNAPSHOT.jar:/home/runner/.m2/repository/org/apache/ozone/ozone-filesystem/1.3.0-SNAPSHOT/ozone-filesystem-1.3.0-SNAPSHOT.jar:/home/runner/.m2/repository/org/apache/ozone/ozone-filesystem-common/1.3.0-SNAPSHOT/ozone-filesystem-common-1.3.0-SNAPSHOT.jar:/home/runner/.m2/repository/org/apache/ozone/ozone-tools/1.3.0-SNAPSHOT/ozone-tools-1.3.0-SNAPSHOT.jar:/home/runner/.m2/repository/org/apache/ratis/ratis-tools/2.2.0/ratis-tools-2.2.0.jar:/home/runner/.m2/repository/com/amazonaws/aws-java-sdk-core/1.12.124/aws-java-sdk-core-1.12.124.jar:/home/runner/.m2/repository/org/apache/httpcomponents/httpclient/4.5.13/httpclient-4.5.13.jar:/home/runner/.m2/repository/org/apache/httpcomponents/httpcore/4.4.13/httpcore-4.4.13.jar:/home/runner/.m2/repository/software/amazon/ion/ion-java/1.0.2/ion-java-1.0.2.jar:/home/runner/.m2/repository/com/fasterxml/jackson/dataformat/jackson-dataformat-cbor/2.12.1/jackson-dataformat-cbor-2.12.1.jar:/home/runner/.m2/repository/joda-time/joda-time/2.8.1/joda-time-2.8.1.jar:/home/runner/.m2/repository/com/amazonaws/aws-java-sdk-s3/1.12.124/aws-java-sdk-s3-1.12.124.jar:/home/runner/.m2/repository/com/amazonaws/aws-java-sdk-kms/1.12.124/aws-java-sdk-kms-1.12.124.jar:/home/runner/.m2/repository/com/amazonaws/jmespath-java/1.12.124/jmespath-java-1.12.124.jar:/home/runner/.m2/repository/org/kohsuke/metainf-services/metainf-services/1.8/metainf-services-1.8.jar:/home/runner/.m2/repository/org/apache/ozone/hdds-tools/1.3.0-SNAPSHOT/hdds-tools-1.3.0-SNAPSHOT.jar:/home/runner/.m2/repository/commons-cli/commons-cli/1.2/commons-cli-1.2.jar:/home/runner/.m2/repository/org/apache/commons/commons-lang3/3.7/commons-lang3-3.7.jar:/home/runner/.m2/repository/org/apache/ozone/ozone-manager/1.3.0-SNAPSHOT/ozone-manager-1.3.0-SNAPSHOT-tests.jar:/home/runner/.m2/repository/org/apache/ozone/hdds-common/1.3.0-SNAPSHOT/hdds-common-1.3.0-SNAPSHOT-tests.jar:/home/runner/.m2/repository/org/apache/ozone/hdds-hadoop-dependency-client/1.3.0-SNAPSHOT/hdds-hadoop-dependency-client-1.3.0-SNAPSHOT.jar:/home/runner/.m2/repository/info/picocli/picocli/4.6.1/picocli-4.6.1.jar:/home/runner/.m2/repository/com/fasterxml/jackson/core/jackson-annotations/2.12.1/jackson-annotations-2.12.1.jar:/home/runner/.m2/repository/javax/annotation/javax.annotation-api/1.2/javax.annotation-api-1.2.jar:/home/runner/.m2/repository/org/apache/ratis/ratis-server/2.2.0/ratis-server-2.2.0.jar:/home/runner/.m2/repository/org/apache/ratis/ratis-client/2.2.0/ratis-client-2.2.0.jar:/home/runner/.m2/repository/org/apache/ratis/ratis-server-api/2.2.0/ratis-server-api-2.2.0.jar:/home/runner/.m2/repository/org/apache/ratis/ratis-metrics/2.2.0/ratis-metrics-2.2.0.jar:/home/runner/.m2/repository/org/apache/ratis/ratis-netty/2.2.0/ratis-netty-2.2.0.jar:/home/runner/.m2/repository/org/apache/ratis/ratis-grpc/2.2.0/ratis-grpc-2.2.0.jar:/home/runner/.m2/repository/org/apache/logging/log4j/log4j-api/2.17.1/log4j-api-2.17.1.jar:/home/runner/.m2/repository/org/apache/logging/log4j/log4j-core/2.17.1/log4j-core-2.17.1.jar:/home/runner/.m2/repository/com/lmax/disruptor/3.4.2/disruptor-3.4.2.jar:/home/runner/.m2/repository/org/apache/commons/commons-pool2/2.6.0/commons-pool2-2.6.0.jar:/home/runner/.m2/repository/org/bouncycastle/bcpkix-jdk15on/1.67/bcpkix-jdk15on-1.67.jar:/home/runner/.m2/repository/commons-validator/commons-validator/1.6/commons-validator-1.6.jar:/home/runner/.m2/repository/commons-beanutils/commons-beanutils/1.9.4/commons-beanutils-1.9.4.jar:/home/runner/.m2/repository/commons-digester/commons-digester/1.8.1/commons-digester-1.8.1.jar:/home/runner/.m2/repository/commons-collections/commons-collections/3.2.2/commons-collections-3.2.2.jar:/home/runner/.m2/repository/io/jaegertracing/jaeger-client/1.6.0/jaeger-client-1.6.0.jar:/home/runner/.m2/repository/io/jaegertracing/jaeger-thrift/1.6.0/jaeger-thrift-1.6.0.jar:/home/runner/.m2/repository/org/apache/thrift/libthrift/0.14.1/libthrift-0.14.1.jar:/home/runner/.m2/repository/com/squareup/okhttp3/okhttp/4.9.0/okhttp-4.9.0.jar:/home/runner/.m2/repository/com/squareup/okio/okio/2.8.0/okio-2.8.0.jar:/home/runner/.m2/repository/io/jaegertracing/jaeger-core/1.6.0/jaeger-core-1.6.0.jar:/home/runner/.m2/repository/io/jaegertracing/jaeger-tracerresolver/1.6.0/jaeger-tracerresolver-1.6.0.jar:/home/runner/.m2/repository/io/opentracing/contrib/opentracing-tracerresolver/0.1.8/opentracing-tracerresolver-0.1.8.jar:/home/runner/.m2/repository/org/jetbrains/kotlin/kotlin-stdlib/1.4.31/kotlin-stdlib-1.4.31.jar:/home/runner/.m2/repository/org/jetbrains/kotlin/kotlin-stdlib-common/1.4.31/kotlin-stdlib-common-1.4.31.jar:/home/runner/.m2/repository/org/jetbrains/annotations/13.0/annotations-13.0.jar:/home/runner/.m2/repository/io/opentracing/opentracing-util/0.33.0/opentracing-util-0.33.0.jar:/home/runner/.m2/repository/io/opentracing/opentracing-api/0.33.0/opentracing-api-0.33.0.jar:/home/runner/.m2/repository/io/opentracing/opentracing-noop/0.33.0/opentracing-noop-0.33.0.jar:/home/runner/.m2/repository/org/yaml/snakeyaml/1.26/snakeyaml-1.26.jar:/home/runner/.m2/repository/org/apache/ozone/hdds-interface-admin/1.3.0-SNAPSHOT/hdds-interface-admin-1.3.0-SNAPSHOT.jar:/home/runner/.m2/repository/junit/junit/4.13.1/junit-4.13.1.jar:/home/runner/.m2/repository/org/hamcrest/hamcrest-core/1.3/hamcrest-core-1.3.jar:/home/runner/.m2/repository/org/junit/jupiter/junit-jupiter-api/5.7.0/junit-jupiter-api-5.7.0.jar:/home/runner/.m2/repository/org/apiguardian/apiguardian-api/1.1.0/apiguardian-api-1.1.0.jar:/home/runner/.m2/repository/org/opentest4j/opentest4j/1.2.0/opentest4j-1.2.0.jar:/home/runner/.m2/repository/org/junit/platform/junit-platform-commons/1.7.0/junit-platform-commons-1.7.0.jar:/home/runner/.m2/repository/org/junit/jupiter/junit-jupiter-engine/5.7.0/junit-jupiter-engine-5.7.0.jar:/home/runner/.m2/repository/org/junit/platform/junit-platform-engine/1.7.0/junit-platform-engine-1.7.0.jar:/home/runner/.m2/repository/org/junit/vintage/junit-vintage-engine/5.7.0/junit-vintage-engine-5.7.0.jar:/home/runner/.m2/repository/org/junit/platform/junit-platform-launcher/1.7.0/junit-platform-launcher-1.7.0.jar:/home/runner/.m2/repository/org/mockito/mockito-core/2.28.2/mockito-core-2.28.2.jar:/home/runner/.m2/repository/net/bytebuddy/byte-buddy/1.9.10/byte-buddy-1.9.10.jar:/home/runner/.m2/repository/net/bytebuddy/byte-buddy-agent/1.9.10/byte-buddy-agent-1.9.10.jar:/home/runner/.m2/repository/org/objenesis/objenesis/1.0/objenesis-1.0.jar:/home/runner/.m2/repository/org/apache/hadoop/hadoop-kms/3.3.1/hadoop-kms-3.3.1.jar:/home/runner/.m2/repository/org/apache/hadoop/hadoop-auth/3.3.1/hadoop-auth-3.3.1.jar:/home/runner/.m2/repository/com/nimbusds/nimbus-jose-jwt/7.9/nimbus-jose-jwt-7.9.jar:/home/runner/.m2/repository/com/github/stephenc/jcip/jcip-annotations/1.0-1/jcip-annotations-1.0-1.jar:/home/runner/.m2/repository/net/minidev/json-smart/2.4.7/json-smart-2.4.7.jar:/home/runner/.m2/repository/net/minidev/accessors-smart/2.4.7/accessors-smart-2.4.7.jar:/home/runner/.m2/repository/org/ow2/asm/asm/5.0.4/asm-5.0.4.jar:/home/runner/.m2/repository/org/apache/zookeeper/zookeeper/3.5.6/zookeeper-3.5.6.jar:/home/runner/.m2/repository/org/apache/zookeeper/zookeeper-jute/3.5.6/zookeeper-jute-3.5.6.jar:/home/runner/.m2/repository/org/apache/yetus/audience-annotations/0.5.0/audience-annotations-0.5.0.jar:/home/runner/.m2/repository/org/apache/curator/curator-framework/4.2.0/curator-framework-4.2.0.jar:/home/runner/.m2/repository/org/apache/hadoop/thirdparty/hadoop-shaded-guava/1.1.1/hadoop-shaded-guava-1.1.1.jar:/home/runner/.m2/repository/com/sun/jersey/jersey-core/1.19/jersey-core-1.19.jar:/home/runner/.m2/repository/javax/ws/rs/jsr311-api/1.1.1/jsr311-api-1.1.1.jar:/home/runner/.m2/repository/com/sun/jersey/jersey-server/1.19/jersey-server-1.19.jar:/home/runner/.m2/repository/javax/servlet/javax.servlet-api/3.1.0/javax.servlet-api-3.1.0.jar:/home/runner/.m2/repository/org/eclipse/jetty/jetty-server/9.4.43.v20210629/jetty-server-9.4.43.v20210629.jar:/home/runner/.m2/repository/org/eclipse/jetty/jetty-http/9.4.43.v20210629/jetty-http-9.4.43.v20210629.jar:/home/runner/.m2/repository/org/eclipse/jetty/jetty-io/9.4.43.v20210629/jetty-io-9.4.43.v20210629.jar:/home/runner/.m2/repository/org/eclipse/jetty/jetty-webapp/9.4.43.v20210629/jetty-webapp-9.4.43.v20210629.jar:/home/runner/.m2/repository/org/eclipse/jetty/jetty-xml/9.4.43.v20210629/jetty-xml-9.4.43.v20210629.jar:/home/runner/.m2/repository/org/apache/hadoop/hadoop-common/3.3.1/hadoop-common-3.3.1.jar:/home/runner/.m2/repository/org/apache/commons/commons-math3/3.1.1/commons-math3-3.1.1.jar:/home/runner/.m2/repository/commons-net/commons-net/3.6/commons-net-3.6.jar:/home/runner/.m2/repository/jakarta/activation/jakarta.activation-api/1.2.1/jakarta.activation-api-1.2.1.jar:/home/runner/.m2/repository/com/sun/jersey/jersey-servlet/1.19/jersey-servlet-1.19.jar:/home/runner/.m2/repository/com/sun/jersey/jersey-json/1.19/jersey-json-1.19.jar:/home/runner/.m2/repository/org/codehaus/jettison/jettison/1.1/jettison-1.1.jar:/home/runner/.m2/repository/com/sun/xml/bind/jaxb-impl/2.2.3-1/jaxb-impl-2.2.3-1.jar:/home/runner/.m2/repository/org/codehaus/jackson/jackson-jaxrs/1.9.2/jackson-jaxrs-1.9.2.jar:/home/runner/.m2/repository/org/codehaus/jackson/jackson-xc/1.9.2/jackson-xc-1.9.2.jar:/home/runner/.m2/repository/org/apache/commons/commons-configuration2/2.1.1/commons-configuration2-2.1.1.jar:/home/runner/.m2/repository/org/apache/commons/commons-text/1.4/commons-text-1.4.jar:/home/runner/.m2/repository/com/google/re2j/re2j/1.1/re2j-1.1.jar:/home/runner/.m2/repository/com/jcraft/jsch/0.1.54/jsch-0.1.54.jar:/home/runner/.m2/repository/org/apache/curator/curator-client/4.2.0/curator-client-4.2.0.jar:/home/runner/.m2/repository/org/apache/curator/curator-recipes/4.2.0/curator-recipes-4.2.0.jar:/home/runner/.m2/repository/org/apache/kerby/kerb-core/1.0.1/kerb-core-1.0.1.jar:/home/runner/.m2/repository/org/apache/kerby/kerby-pkix/1.0.1/kerby-pkix-1.0.1.jar:/home/runner/.m2/repository/org/apache/kerby/kerby-asn1/1.0.1/kerby-asn1-1.0.1.jar:/home/runner/.m2/repository/org/apache/kerby/kerby-util/1.0.1/kerby-util-1.0.1.jar:/home/runner/.m2/repository/dnsjava/dnsjava/2.1.7/dnsjava-2.1.7.jar:/home/runner/.m2/repository/org/xerial/snappy/snappy-java/1.1.8.2/snappy-java-1.1.8.2.jar:/home/runner/.m2/repository/org/slf4j/jul-to-slf4j/1.7.30/jul-to-slf4j-1.7.30.jar:/home/runner/.m2/repository/org/eclipse/jetty/jetty-util/9.4.43.v20210629/jetty-util-9.4.43.v20210629.jar:/home/runner/.m2/repository/com/fasterxml/jackson/core/jackson-databind/2.12.1/jackson-databind-2.12.1.jar:/home/runner/.m2/repository/org/apache/hadoop/hadoop-kms/3.3.1/hadoop-kms-3.3.1-tests.jar:/home/runner/.m2/repository/org/apache/ozone/hdds-server-scm/1.3.0-SNAPSHOT/hdds-server-scm-1.3.0-SNAPSHOT-tests.jar:/home/runner/.m2/repository/org/apache/ozone/hdds-container-service/1.3.0-SNAPSHOT/hdds-container-service-1.3.0-SNAPSHOT-tests.jar:/home/runner/.m2/repository/commons-codec/commons-codec/1.11/commons-codec-1.11.jar:/home/runner/.m2/repository/io/netty/netty-transport/4.1.63.Final/netty-transport-4.1.63.Final.jar:/home/runner/.m2/repository/io/netty/netty-resolver/4.1.63.Final/netty-resolver-4.1.63.Final.jar:/home/runner/.m2/repository/io/netty/netty-codec/4.1.63.Final/netty-codec-4.1.63.Final.jar:/home/runner/.m2/repository/io/netty/netty-handler/4.1.63.Final/netty-handler-4.1.63.Final.jar:/home/runner/.m2/repository/org/apache/ozone/hdds-hadoop-dependency-test/1.3.0-SNAPSHOT/hdds-hadoop-dependency-test-1.3.0-SNAPSHOT.jar:/home/runner/.m2/repository/org/apache/hadoop/hadoop-common/3.3.1/hadoop-common-3.3.1-tests.jar:/home/runner/.m2/repository/org/assertj/assertj-core/3.12.2/assertj-core-3.12.2.jar:/home/runner/.m2/repository/org/apache/hadoop/hadoop-hdfs/3.3.1/hadoop-hdfs-3.3.1-tests.jar:/home/runner/.m2/repository/org/eclipse/jetty/jetty-util-ajax/9.4.43.v20210629/jetty-util-ajax-9.4.43.v20210629.jar:/home/runner/.m2/repository/commons-daemon/commons-daemon/1.0.13/commons-daemon-1.0.13.jar:/home/runner/.m2/repository/io/netty/netty/3.10.6.Final/netty-3.10.6.Final.jar:/home/runner/.m2/repository/io/netty/netty-all/4.1.63.Final/netty-all-4.1.63.Final.jar:/home/runner/.m2/repository/org/apache/htrace/htrace-core4/4.1.0-incubating/htrace-core4-4.1.0-incubating.jar:/home/runner/.m2/repository/org/fusesource/leveldbjni/leveldbjni-all/1.8/leveldbjni-all-1.8.jar:/home/runner/.m2/repository/org/apache/hadoop/hadoop-distcp/3.3.1/hadoop-distcp-3.3.1.jar:/home/runner/.m2/repository/org/apache/hadoop/hadoop-mapreduce-client-jobclient/3.3.1/hadoop-mapreduce-client-jobclient-3.3.1.jar:/home/runner/.m2/repository/org/apache/hadoop/hadoop-mapreduce-client-common/3.3.1/hadoop-mapreduce-client-common-3.3.1.jar:/home/runner/.m2/repository/org/apache/hadoop/hadoop-yarn-common/3.3.1/hadoop-yarn-common-3.3.1.jar:/home/runner/.m2/repository/org/apache/hadoop/hadoop-yarn-api/3.3.1/hadoop-yarn-api-3.3.1.jar:/home/runner/.m2/repository/com/sun/jersey/jersey-client/1.19/jersey-client-1.19.jar:/home/runner/.m2/repository/com/sun/jersey/contribs/jersey-guice/1.19/jersey-guice-1.19.jar:/home/runner/.m2/repository/com/fasterxml/jackson/jaxrs/jackson-jaxrs-json-provider/2.12.1/jackson-jaxrs-json-provider-2.12.1.jar:/home/runner/.m2/repository/com/fasterxml/jackson/jaxrs/jackson-jaxrs-base/2.12.1/jackson-jaxrs-base-2.12.1.jar:/home/runner/.m2/repository/org/apache/hadoop/hadoop-yarn-client/3.3.1/hadoop-yarn-client-3.3.1.jar:/home/runner/.m2/repository/org/eclipse/jetty/websocket/websocket-client/9.4.40.v20210413/websocket-client-9.4.40.v20210413.jar:/home/runner/.m2/repository/org/eclipse/jetty/jetty-client/9.4.40.v20210413/jetty-client-9.4.40.v20210413.jar:/home/runner/.m2/repository/org/eclipse/jetty/websocket/websocket-common/9.4.40.v20210413/websocket-common-9.4.40.v20210413.jar:/home/runner/.m2/repository/org/eclipse/jetty/websocket/websocket-api/9.4.40.v20210413/websocket-api-9.4.40.v20210413.jar:/home/runner/.m2/repository/org/jline/jline/3.9.0/jline-3.9.0.jar:/home/runner/.m2/repository/org/apache/hadoop/hadoop-mapreduce-client-core/3.3.1/hadoop-mapreduce-client-core-3.3.1.jar:/home/runner/.m2/repository/org/apache/avro/avro/1.7.7/avro-1.7.7.jar:/home/runner/.m2/repository/org/codehaus/jackson/jackson-core-asl/1.9.13/jackson-core-asl-1.9.13.jar:/home/runner/.m2/repository/org/codehaus/jackson/jackson-mapper-asl/1.9.13/jackson-mapper-asl-1.9.13.jar:/home/runner/.m2/repository/com/thoughtworks/paranamer/paranamer/2.3/paranamer-2.3.jar:/home/runner/.m2/repository/org/apache/hadoop/hadoop-annotations/3.3.1/hadoop-annotations-3.3.1.jar:/usr/lib/jvm/temurin-8-jdk-amd64/jre/../lib/tools.jar:/home/runner/.m2/repository/org/apache/hadoop/hadoop-distcp/3.3.1/hadoop-distcp-3.3.1-tests.jar:/home/runner/.m2/repository/org/apache/ratis/ratis-common/2.2.0/ratis-common-2.2.0.jar:/home/runner/.m2/repository/org/apache/ratis/ratis-thirdparty-misc/0.7.0/ratis-thirdparty-misc-0.7.0.jar:/home/runner/.m2/repository/org/apache/ratis/ratis-proto/2.2.0/ratis-proto-2.2.0.jar:"/>
    <property name="sun.cpu.endian" value="little"/>
    <property name="user.home" value="/home/runner"/>
    <property name="user.language" value="en"/>
    <property name="java.specification.vendor" value="Oracle Corporation"/>
    <property name="java.home" value="/usr/lib/jvm/temurin-8-jdk-amd64/jre"/>
    <property name="java.security.krb5.conf" value="/home/runner/work/ozone/ozone/hadoop-ozone/integration-test/target/test-classes/krb5.conf"/>
    <property name="basedir" value="/home/runner/work/ozone/ozone/hadoop-ozone/integration-test"/>
    <property name="file.separator" value="/"/>
    <property name="line.separator" value="&#10;"/>
    <property name="java.vm.specification.vendor" value="Oracle Corporation"/>
    <property name="java.specification.name" value="Java Platform API Specification"/>
    <property name="java.awt.graphicsenv" value="sun.awt.X11GraphicsEnvironment"/>
    <property name="skip.installnpx" value="true"/>
    <property name="surefire.real.class.path" value="/home/runner/work/ozone/ozone/hadoop-ozone/integration-test/target/surefire/surefirebooter1809672558114430192.jar:/home/runner/.m2/repository/org/jacoco/org.jacoco.agent/0.8.5/org.jacoco.agent-0.8.5-runtime.jar"/>
    <property name="hadoop.log.dir" value="/home/runner/work/ozone/ozone/hadoop-ozone/integration-test/target/log"/>
    <property name="sun.boot.class.path" value="/usr/lib/jvm/temurin-8-jdk-amd64/jre/lib/resources.jar:/usr/lib/jvm/temurin-8-jdk-amd64/jre/lib/rt.jar:/usr/lib/jvm/temurin-8-jdk-amd64/jre/lib/sunrsasign.jar:/usr/lib/jvm/temurin-8-jdk-amd64/jre/lib/jsse.jar:/usr/lib/jvm/temurin-8-jdk-amd64/jre/lib/jce.jar:/usr/lib/jvm/temurin-8-jdk-amd64/jre/lib/charsets.jar:/usr/lib/jvm/temurin-8-jdk-amd64/jre/lib/jfr.jar:/usr/lib/jvm/temurin-8-jdk-amd64/jre/classes"/>
    <property name="sun.management.compiler" value="HotSpot 64-Bit Tiered Compilers"/>
    <property name="skip.npx" value="true"/>
    <property name="java.runtime.version" value="1.8.0_322-b06"/>
    <property name="java.net.preferIPv4Stack" value="true"/>
    <property name="user.name" value="runner"/>
    <property name="path.separator" value=":"/>
    <property name="java.security.egd" value="file:///dev/urandom"/>
    <property name="os.version" value="5.4.0-1070-azure"/>
    <property name="java.endorsed.dirs" value="/usr/lib/jvm/temurin-8-jdk-amd64/jre/lib/endorsed"/>
    <property name="java.runtime.name" value="OpenJDK Runtime Environment"/>
    <property name="file.encoding" value="UTF-8"/>
    <property name="java.vm.name" value="OpenJDK 64-Bit Server VM"/>
    <property name="test.build.webapps" value=""/>
    <property name="localRepository" value="/home/runner/.m2/repository"/>
    <property name="java.vendor.url.bug" value="https://github.com/adoptium/adoptium-support/issues"/>
    <property name="java.io.tmpdir" value="/tmp"/>
    <property name="require.test.libhadoop" value=""/>
    <property name="java.version" value="1.8.0_322"/>
    <property name="user.dir" value="/home/runner/work/ozone/ozone/hadoop-ozone/integration-test"/>
    <property name="os.arch" value="amd64"/>
    <property name="java.vm.specification.name" value="Java Virtual Machine Specification"/>
    <property name="test.build.classes" value="/home/runner/work/ozone/ozone/hadoop-ozone/integration-test/target/test-classes"/>
    <property name="java.awt.printerjob" value="sun.print.PSPrinterJob"/>
    <property name="sun.os.patch.level" value="unknown"/>
    <property name="hadoop.tmp.dir" value="/home/runner/work/ozone/ozone/hadoop-ozone/integration-test/target/tmp"/>
    <property name="java.library.path" value="/usr/java/packages/lib/amd64:/usr/lib64:/lib64:/lib:/usr/lib"/>
    <property name="java.vm.info" value="mixed mode"/>
    <property name="java.vendor" value="Temurin"/>
    <property name="java.vm.version" value="25.322-b06"/>
    <property name="java.ext.dirs" value="/usr/lib/jvm/temurin-8-jdk-amd64/jre/lib/ext:/usr/java/packages/lib/ext"/>
    <property name="sun.io.unicode.encoding" value="UnicodeLittle"/>
    <property name="java.class.version" value="52.0"/>
  </properties>
  <testcase name="testInstallSnapshot" classname="org.apache.hadoop.ozone.scm.TestSCMInstallSnapshotWithHA" time="85.802"/>
  <testcase name="testInstallOldCheckpointFailure" classname="org.apache.hadoop.ozone.scm.TestSCMInstallSnapshotWithHA" time="59.68">
    <failure message="expected:&lt;(t:2, i:128)&gt; but was:&lt;(t:2, i:28)&gt;" type="java.lang.AssertionError"><![CDATA[java.lang.AssertionError: expected:<(t:2, i:128)> but was:<(t:2, i:28)>
	at org.junit.Assert.fail(Assert.java:89)
	at org.junit.Assert.failNotEquals(Assert.java:835)
	at org.junit.Assert.assertEquals(Assert.java:120)
	at org.junit.Assert.assertEquals(Assert.java:146)
	at org.apache.hadoop.ozone.scm.TestSCMInstallSnapshotWithHA.testInstallOldCheckpointFailure(TestSCMInstallSnapshotWithHA.java:208)
	at sun.reflect.NativeMethodAccessorImpl.invoke0(Native Method)
	at sun.reflect.NativeMethodAccessorImpl.invoke(NativeMethodAccessorImpl.java:62)
	at sun.reflect.DelegatingMethodAccessorImpl.invoke(DelegatingMethodAccessorImpl.java:43)
	at java.lang.reflect.Method.invoke(Method.java:498)
	at org.junit.platform.commons.util.ReflectionUtils.invokeMethod(ReflectionUtils.java:688)
	at org.junit.jupiter.engine.execution.MethodInvocation.proceed(MethodInvocation.java:60)
	at org.junit.jupiter.engine.execution.InvocationInterceptorChain$ValidatingInvocation.proceed(InvocationInterceptorChain.java:131)
	at org.junit.jupiter.engine.extension.TimeoutInvocation.proceed(TimeoutInvocation.java:46)
	at org.junit.jupiter.engine.extension.TimeoutExtension.intercept(TimeoutExtension.java:149)
	at org.junit.jupiter.engine.extension.TimeoutExtension.interceptTestableMethod(TimeoutExtension.java:140)
	at org.junit.jupiter.engine.extension.TimeoutExtension.interceptTestMethod(TimeoutExtension.java:84)
	at org.junit.jupiter.engine.execution.ExecutableInvoker$ReflectiveInterceptorCall.lambda$ofVoidMethod$0(ExecutableInvoker.java:115)
	at org.junit.jupiter.engine.execution.ExecutableInvoker.lambda$invoke$0(ExecutableInvoker.java:105)
	at org.junit.jupiter.engine.execution.InvocationInterceptorChain$InterceptedInvocation.proceed(InvocationInterceptorChain.java:106)
	at org.junit.jupiter.engine.execution.InvocationInterceptorChain.proceed(InvocationInterceptorChain.java:64)
	at org.junit.jupiter.engine.execution.InvocationInterceptorChain.chainAndInvoke(InvocationInterceptorChain.java:45)
	at org.junit.jupiter.engine.execution.InvocationInterceptorChain.invoke(InvocationInterceptorChain.java:37)
	at org.junit.jupiter.engine.execution.ExecutableInvoker.invoke(ExecutableInvoker.java:104)
	at org.junit.jupiter.engine.execution.ExecutableInvoker.invoke(ExecutableInvoker.java:98)
	at org.junit.jupiter.engine.descriptor.TestMethodTestDescriptor.lambda$invokeTestMethod$6(TestMethodTestDescriptor.java:210)
	at org.junit.platform.engine.support.hierarchical.ThrowableCollector.execute(ThrowableCollector.java:73)
	at org.junit.jupiter.engine.descriptor.TestMethodTestDescriptor.invokeTestMethod(TestMethodTestDescriptor.java:206)
	at org.junit.jupiter.engine.descriptor.TestMethodTestDescriptor.execute(TestMethodTestDescriptor.java:131)
	at org.junit.jupiter.engine.descriptor.TestMethodTestDescriptor.execute(TestMethodTestDescriptor.java:65)
	at org.junit.platform.engine.support.hierarchical.NodeTestTask.lambda$executeRecursively$5(NodeTestTask.java:139)
	at org.junit.platform.engine.support.hierarchical.ThrowableCollector.execute(ThrowableCollector.java:73)
	at org.junit.platform.engine.support.hierarchical.NodeTestTask.lambda$executeRecursively$7(NodeTestTask.java:129)
	at org.junit.platform.engine.support.hierarchical.Node.around(Node.java:137)
	at org.junit.platform.engine.support.hierarchical.NodeTestTask.lambda$executeRecursively$8(NodeTestTask.java:127)
	at org.junit.platform.engine.support.hierarchical.ThrowableCollector.execute(ThrowableCollector.java:73)
	at org.junit.platform.engine.support.hierarchical.NodeTestTask.executeRecursively(NodeTestTask.java:126)
	at org.junit.platform.engine.support.hierarchical.NodeTestTask.execute(NodeTestTask.java:84)
	at java.util.ArrayList.forEach(ArrayList.java:1259)
	at org.junit.platform.engine.support.hierarchical.SameThreadHierarchicalTestExecutorService.invokeAll(SameThreadHierarchicalTestExecutorService.java:38)
	at org.junit.platform.engine.support.hierarchical.NodeTestTask.lambda$executeRecursively$5(NodeTestTask.java:143)
	at org.junit.platform.engine.support.hierarchical.ThrowableCollector.execute(ThrowableCollector.java:73)
	at org.junit.platform.engine.support.hierarchical.NodeTestTask.lambda$executeRecursively$7(NodeTestTask.java:129)
	at org.junit.platform.engine.support.hierarchical.Node.around(Node.java:137)
	at org.junit.platform.engine.support.hierarchical.NodeTestTask.lambda$executeRecursively$8(NodeTestTask.java:127)
	at org.junit.platform.engine.support.hierarchical.ThrowableCollector.execute(ThrowableCollector.java:73)
	at org.junit.platform.engine.support.hierarchical.NodeTestTask.executeRecursively(NodeTestTask.java:126)
	at org.junit.platform.engine.support.hierarchical.NodeTestTask.execute(NodeTestTask.java:84)
	at java.util.ArrayList.forEach(ArrayList.java:1259)
	at org.junit.platform.engine.support.hierarchical.SameThreadHierarchicalTestExecutorService.invokeAll(SameThreadHierarchicalTestExecutorService.java:38)
	at org.junit.platform.engine.support.hierarchical.NodeTestTask.lambda$executeRecursively$5(NodeTestTask.java:143)
	at org.junit.platform.engine.support.hierarchical.ThrowableCollector.execute(ThrowableCollector.java:73)
	at org.junit.platform.engine.support.hierarchical.NodeTestTask.lambda$executeRecursively$7(NodeTestTask.java:129)
	at org.junit.platform.engine.support.hierarchical.Node.around(Node.java:137)
	at org.junit.platform.engine.support.hierarchical.NodeTestTask.lambda$executeRecursively$8(NodeTestTask.java:127)
	at org.junit.platform.engine.support.hierarchical.ThrowableCollector.execute(ThrowableCollector.java:73)
	at org.junit.platform.engine.support.hierarchical.NodeTestTask.executeRecursively(NodeTestTask.java:126)
	at org.junit.platform.engine.support.hierarchical.NodeTestTask.execute(NodeTestTask.java:84)
	at org.junit.platform.engine.support.hierarchical.SameThreadHierarchicalTestExecutorService.submit(SameThreadHierarchicalTestExecutorService.java:32)
	at org.junit.platform.engine.support.hierarchical.HierarchicalTestExecutor.execute(HierarchicalTestExecutor.java:57)
	at org.junit.platform.engine.support.hierarchical.HierarchicalTestEngine.execute(HierarchicalTestEngine.java:51)
	at org.junit.platform.launcher.core.EngineExecutionOrchestrator.execute(EngineExecutionOrchestrator.java:108)
	at org.junit.platform.launcher.core.EngineExecutionOrchestrator.execute(EngineExecutionOrchestrator.java:88)
	at org.junit.platform.launcher.core.EngineExecutionOrchestrator.lambda$execute$0(EngineExecutionOrchestrator.java:54)
	at org.junit.platform.launcher.core.EngineExecutionOrchestrator.withInterceptedStreams(EngineExecutionOrchestrator.java:67)
	at org.junit.platform.launcher.core.EngineExecutionOrchestrator.execute(EngineExecutionOrchestrator.java:52)
	at org.junit.platform.launcher.core.DefaultLauncher.execute(DefaultLauncher.java:96)
	at org.junit.platform.launcher.core.DefaultLauncher.execute(DefaultLauncher.java:75)
	at org.apache.maven.surefire.junitplatform.JUnitPlatformProvider.invokeAllTests(JUnitPlatformProvider.java:142)
	at org.apache.maven.surefire.junitplatform.JUnitPlatformProvider.invoke(JUnitPlatformProvider.java:113)
	at org.apache.maven.surefire.booter.ForkedBooter.invokeProviderInSameClassLoader(ForkedBooter.java:384)
	at org.apache.maven.surefire.booter.ForkedBooter.runSuitesInProcess(ForkedBooter.java:345)
	at org.apache.maven.surefire.booter.ForkedBooter.execute(ForkedBooter.java:126)
	at org.apache.maven.surefire.booter.ForkedBooter.main(ForkedBooter.java:418)
]]></failure>
    <system-out><![CDATA[2022-03-02 18:59:50,053 [Listener at 127.0.0.1/39485] WARN  server.ServerUtils (ServerUtils.java:getScmDbDir(148)) - ozone.scm.db.dirs is not configured. We recommend adding this setting. Falling back to ozone.metadata.dirs instead.
2022-03-02 18:59:50,056 [Listener at 127.0.0.1/39485] INFO  ha.SCMHANodeDetails (SCMHANodeDetails.java:loadSCMHAConfig(157)) - ServiceID for StorageContainerManager is scm-service-test1
2022-03-02 18:59:50,056 [Listener at 127.0.0.1/39485] INFO  ha.SCMHANodeDetails (SCMHANodeDetails.java:loadSCMHAConfig(168)) - ServiceID for StorageContainerManager is scm-service-test1
2022-03-02 18:59:50,056 [Listener at 127.0.0.1/39485] WARN  scm.ScmUtils (ScmUtils.java:logWarn(179)) - ConfigKey ozone.scm.block.client.address is deprecated, For configuring different ports for each SCM use PortConfigKey ozone.scm.block.client.port appended with serviceId and nodeId. If want to configure same port configure ozone.scm.block.client.port
2022-03-02 18:59:50,056 [Listener at 127.0.0.1/39485] WARN  scm.ScmUtils (ScmUtils.java:logWarn(179)) - ConfigKey ozone.scm.client.address is deprecated, For configuring different ports for each SCM use PortConfigKey ozone.scm.client.port appended with serviceId and nodeId. If want to configure same port configure ozone.scm.client.port
2022-03-02 18:59:50,057 [Listener at 127.0.0.1/39485] WARN  scm.ScmUtils (ScmUtils.java:logWarn(179)) - ConfigKey ozone.scm.datanode.address is deprecated, For configuring different ports for each SCM use PortConfigKey ozone.scm.datanode.port appended with serviceId and nodeId. If want to configure same port configure ozone.scm.datanode.port
2022-03-02 18:59:50,057 [Listener at 127.0.0.1/39485] WARN  scm.ScmUtils (ScmUtils.java:logWarn(179)) - ConfigKey ozone.scm.block.client.address is deprecated, For configuring different ports for each SCM use PortConfigKey ozone.scm.block.client.port appended with serviceId and nodeId. If want to configure same port configure ozone.scm.block.client.port
2022-03-02 18:59:50,057 [Listener at 127.0.0.1/39485] WARN  scm.ScmUtils (ScmUtils.java:logWarn(179)) - ConfigKey ozone.scm.client.address is deprecated, For configuring different ports for each SCM use PortConfigKey ozone.scm.client.port appended with serviceId and nodeId. If want to configure same port configure ozone.scm.client.port
2022-03-02 18:59:50,057 [Listener at 127.0.0.1/39485] WARN  scm.ScmUtils (ScmUtils.java:logWarn(179)) - ConfigKey ozone.scm.datanode.address is deprecated, For configuring different ports for each SCM use PortConfigKey ozone.scm.datanode.port appended with serviceId and nodeId. If want to configure same port configure ozone.scm.datanode.port
2022-03-02 18:59:50,058 [Listener at 127.0.0.1/39485] INFO  ha.SCMHANodeDetails (SCMHANodeDetails.java:loadSCMHAConfig(250)) - Found matching SCM address with SCMServiceId: scm-service-test1, SCMNodeId: scmNode-1, RPC Address: localhost:32791 and Ratis port: 32791
2022-03-02 18:59:50,058 [Listener at 127.0.0.1/39485] INFO  ha.SCMHANodeDetails (ConfUtils.java:setNodeSpecificConfigs(108)) - Setting configuration key ozone.scm.datanode.address with value of key ozone.scm.datanode.address.scm-service-test1.scmNode-1: 127.0.0.1:39895
2022-03-02 18:59:50,058 [Listener at 127.0.0.1/39485] INFO  ha.SCMHANodeDetails (ConfUtils.java:setNodeSpecificConfigs(108)) - Setting configuration key ozone.scm.block.client.address with value of key ozone.scm.block.client.address.scm-service-test1.scmNode-1: 127.0.0.1:37613
2022-03-02 18:59:50,058 [Listener at 127.0.0.1/39485] INFO  ha.SCMHANodeDetails (ConfUtils.java:setNodeSpecificConfigs(108)) - Setting configuration key ozone.scm.client.address with value of key ozone.scm.client.address.scm-service-test1.scmNode-1: 127.0.0.1:46869
2022-03-02 18:59:50,058 [Listener at 127.0.0.1/39485] INFO  ha.SCMHANodeDetails (ConfUtils.java:setNodeSpecificConfigs(108)) - Setting configuration key ozone.scm.ratis.port with value of key ozone.scm.ratis.port.scm-service-test1.scmNode-1: 32791
2022-03-02 18:59:50,058 [Listener at 127.0.0.1/39485] INFO  ha.SCMHANodeDetails (ConfUtils.java:setNodeSpecificConfigs(108)) - Setting configuration key ozone.scm.grpc.port with value of key ozone.scm.grpc.port.scm-service-test1.scmNode-1: 41169
2022-03-02 18:59:50,058 [Listener at 127.0.0.1/39485] INFO  ha.SCMHANodeDetails (ConfUtils.java:setNodeSpecificConfigs(108)) - Setting configuration key ozone.scm.http-address with value of key ozone.scm.http-address.scm-service-test1.scmNode-1: 127.0.0.1:44509
2022-03-02 18:59:50,058 [Listener at 127.0.0.1/39485] INFO  ha.SCMHANodeDetails (ConfUtils.java:setNodeSpecificConfigs(108)) - Setting configuration key ozone.scm.https-address with value of key ozone.scm.https-address.scm-service-test1.scmNode-1: 127.0.0.1:38107
2022-03-02 18:59:50,058 [Listener at 127.0.0.1/39485] INFO  ha.SCMHANodeDetails (ConfUtils.java:setNodeSpecificConfigs(108)) - Setting configuration key ozone.scm.address with value of key ozone.scm.address.scm-service-test1.scmNode-1: 127.0.0.1
2022-03-02 18:59:50,059 [Listener at 127.0.0.1/39485] WARN  scm.ScmUtils (ScmUtils.java:logWarn(179)) - ConfigKey ozone.scm.block.client.address is deprecated, For configuring different ports for each SCM use PortConfigKey ozone.scm.block.client.port appended with serviceId and nodeId. If want to configure same port configure ozone.scm.block.client.port
2022-03-02 18:59:50,059 [Listener at 127.0.0.1/39485] WARN  scm.ScmUtils (ScmUtils.java:logWarn(179)) - ConfigKey ozone.scm.client.address is deprecated, For configuring different ports for each SCM use PortConfigKey ozone.scm.client.port appended with serviceId and nodeId. If want to configure same port configure ozone.scm.client.port
2022-03-02 18:59:50,059 [Listener at 127.0.0.1/39485] WARN  scm.ScmUtils (ScmUtils.java:logWarn(179)) - ConfigKey ozone.scm.datanode.address is deprecated, For configuring different ports for each SCM use PortConfigKey ozone.scm.datanode.port appended with serviceId and nodeId. If want to configure same port configure ozone.scm.datanode.port
2022-03-02 18:59:50,063 [Listener at 127.0.0.1/39485] INFO  server.RaftServer (ConfUtils.java:logGet(44)) - raft.rpc.type = GRPC (default)
2022-03-02 18:59:50,066 [Listener at 127.0.0.1/39485] INFO  grpc.GrpcFactory (GrpcFactory.java:checkPooledByteBufAllocatorUseCacheForAllThreads(48)) - PERFORMANCE WARNING: useCacheForAllThreads is true that may cause Netty to create a lot garbage objects and, as a result, trigger GC.
	It is recommended to disable useCacheForAllThreads by setting -Dorg.apache.ratis.thirdparty.io.netty.allocator.useCacheForAllThreads=false in command line.
2022-03-02 18:59:50,067 [Listener at 127.0.0.1/39485] INFO  grpc.GrpcConfigKeys (ConfUtils.java:logGet(44)) - raft.grpc.admin.port = -1 (default)
2022-03-02 18:59:50,067 [Listener at 127.0.0.1/39485] INFO  grpc.GrpcConfigKeys (ConfUtils.java:logGet(44)) - raft.grpc.server.port = 32791 (custom)
2022-03-02 18:59:50,067 [Listener at 127.0.0.1/39485] INFO  grpc.GrpcConfigKeys (ConfUtils.java:logGet(44)) - raft.grpc.client.port = -1 (default)
2022-03-02 18:59:50,067 [Listener at 127.0.0.1/39485] INFO  grpc.GrpcConfigKeys (ConfUtils.java:logGet(44)) - raft.grpc.server.port = 32791 (custom)
2022-03-02 18:59:50,067 [Listener at 127.0.0.1/39485] INFO  grpc.GrpcConfigKeys (ConfUtils.java:logGet(44)) - raft.grpc.server.port = 32791 (custom)
2022-03-02 18:59:50,067 [Listener at 127.0.0.1/39485] INFO  server.GrpcService (ConfUtils.java:logGet(44)) - raft.grpc.message.size.max = 32m (=33554432) (custom)
2022-03-02 18:59:50,067 [Listener at 127.0.0.1/39485] INFO  server.RaftServerConfigKeys (ConfUtils.java:logGet(44)) - raft.server.log.appender.buffer.byte-limit = 33554432 (custom)
2022-03-02 18:59:50,068 [Listener at 127.0.0.1/39485] INFO  server.GrpcService (ConfUtils.java:logGet(44)) - raft.grpc.flow.control.window = 1MB (=1048576) (default)
2022-03-02 18:59:50,068 [Listener at 127.0.0.1/39485] INFO  server.RaftServerConfigKeys (ConfUtils.java:logGet(44)) - raft.server.rpc.request.timeout = 30000ms (custom)
2022-03-02 18:59:50,069 [Listener at 127.0.0.1/39485] INFO  impl.DataStreamServerImpl (ConfUtils.java:logGet(44)) - raft.datastream.type = DISABLED (default)
2022-03-02 18:59:50,071 [Listener at 127.0.0.1/39485] INFO  server.RaftServerConfigKeys (ConfUtils.java:logGet(44)) - raft.server.rpc.slowness.timeout = 120000ms (custom)
2022-03-02 18:59:50,071 [Listener at 127.0.0.1/39485] INFO  server.RaftServerConfigKeys (ConfUtils.java:logGet(44)) - raft.server.leaderelection.leader.step-down.wait-time = 10s (default)
2022-03-02 18:59:50,071 [Listener at 127.0.0.1/39485] INFO  server.RaftServerConfigKeys (ConfUtils.java:logGet(44)) - raft.server.storage.dir = [/home/runner/work/ozone/ozone/hadoop-ozone/integration-test/target/test-dir/MiniOzoneClusterImpl-5ed764c8-eddb-4368-ac32-9b8b311b51af/scmNode-1/scm-ha] (custom)
2022-03-02 18:59:50,072 [Listener at 127.0.0.1/39485] INFO  server.RaftServer (RaftServerProxy.java:addNew(95)) - f746044e-06a5-45c2-8175-96f1febdd987: addNew group-9B8B311B51AF:[f746044e-06a5-45c2-8175-96f1febdd987|rpc:localhost:32791|priority:0] returns group-9B8B311B51AF:java.util.concurrent.CompletableFuture@75723fe1[Not completed]
2022-03-02 18:59:50,072 [pool-225-thread-1] INFO  server.RaftServer$Division (RaftServerImpl.java:<init>(184)) - f746044e-06a5-45c2-8175-96f1febdd987: new RaftServerImpl for group-9B8B311B51AF:[f746044e-06a5-45c2-8175-96f1febdd987|rpc:localhost:32791|priority:0] with SCMStateMachine:uninitialized
2022-03-02 18:59:50,074 [pool-225-thread-1] INFO  server.RaftServerConfigKeys (ConfUtils.java:logGet(44)) - raft.server.rpc.timeout.min = 5000ms (custom)
2022-03-02 18:59:50,074 [pool-225-thread-1] INFO  server.RaftServerConfigKeys (ConfUtils.java:logGet(44)) - raft.server.rpc.timeout.max = 5200ms (custom)
2022-03-02 18:59:50,074 [pool-225-thread-1] INFO  server.RaftServerConfigKeys (ConfUtils.java:logGet(44)) - raft.server.rpc.sleep.time = 25ms (default)
2022-03-02 18:59:50,074 [pool-225-thread-1] INFO  server.RaftServerConfigKeys (ConfUtils.java:logGet(44)) - raft.server.rpc.slowness.timeout = 120000ms (custom)
2022-03-02 18:59:50,074 [pool-225-thread-1] INFO  server.RaftServerConfigKeys (ConfUtils.java:logGet(44)) - raft.server.leaderelection.leader.step-down.wait-time = 10s (default)
2022-03-02 18:59:50,074 [pool-225-thread-1] INFO  server.RaftServerConfigKeys (ConfUtils.java:logGet(44)) - raft.server.sleep.deviation.threshold = 300ms (default)
2022-03-02 18:59:50,074 [pool-225-thread-1] INFO  server.RaftServerConfigKeys (ConfUtils.java:logGet(44)) - raft.server.log.appender.install.snapshot.enabled = false (custom)
2022-03-02 18:59:50,074 [pool-225-thread-1] INFO  server.RaftServer$Division (ServerState.java:<init>(105)) - f746044e-06a5-45c2-8175-96f1febdd987@group-9B8B311B51AF: ConfigurationManager, init=-1: [f746044e-06a5-45c2-8175-96f1febdd987|rpc:localhost:32791|priority:0], old=null, confs=<EMPTY_MAP>
2022-03-02 18:59:50,075 [pool-225-thread-1] INFO  server.RaftServerConfigKeys (ConfUtils.java:logGet(44)) - raft.server.storage.dir = [/home/runner/work/ozone/ozone/hadoop-ozone/integration-test/target/test-dir/MiniOzoneClusterImpl-5ed764c8-eddb-4368-ac32-9b8b311b51af/scmNode-1/scm-ha] (custom)
2022-03-02 18:59:50,075 [pool-225-thread-1] INFO  server.RaftServerConfigKeys (ConfUtils.java:logGet(44)) - raft.server.log.corruption.policy = EXCEPTION (default)
2022-03-02 18:59:50,075 [pool-225-thread-1] INFO  server.RaftServerConfigKeys (ConfUtils.java:logGet(44)) - raft.server.storage.free-space.min = 0MB (=0) (default)
2022-03-02 18:59:50,075 [pool-225-thread-1] INFO  storage.RaftStorageDirectory (RaftStorageDirectoryImpl.java:analyzeStorage(135)) - The storage directory /home/runner/work/ozone/ozone/hadoop-ozone/integration-test/target/test-dir/MiniOzoneClusterImpl-5ed764c8-eddb-4368-ac32-9b8b311b51af/scmNode-1/scm-ha/5ed764c8-eddb-4368-ac32-9b8b311b51af does not exist. Creating ...
2022-03-02 18:59:50,076 [pool-225-thread-1] INFO  storage.RaftStorageDirectory (RaftStorageDirectoryImpl.java:tryLock(230)) - Lock on /home/runner/work/ozone/ozone/hadoop-ozone/integration-test/target/test-dir/MiniOzoneClusterImpl-5ed764c8-eddb-4368-ac32-9b8b311b51af/scmNode-1/scm-ha/5ed764c8-eddb-4368-ac32-9b8b311b51af/in_use.lock acquired by nodename 7106@fv-az148-899
2022-03-02 18:59:50,077 [pool-225-thread-1] INFO  storage.RaftStorage (RaftStorageImpl.java:format(89)) - Storage directory /home/runner/work/ozone/ozone/hadoop-ozone/integration-test/target/test-dir/MiniOzoneClusterImpl-5ed764c8-eddb-4368-ac32-9b8b311b51af/scmNode-1/scm-ha/5ed764c8-eddb-4368-ac32-9b8b311b51af has been successfully formatted.
2022-03-02 18:59:50,077 [pool-225-thread-1] INFO  server.RaftServerConfigKeys (ConfUtils.java:logGet(44)) - raft.server.notification.no-leader.timeout = 60s (default)
2022-03-02 18:59:50,077 [pool-225-thread-1] INFO  server.RaftServerConfigKeys (ConfUtils.java:logGet(44)) - raft.server.log.use.memory = false (default)
2022-03-02 18:59:50,077 [pool-225-thread-1] INFO  server.RaftServerConfigKeys (ConfUtils.java:logGet(44)) - raft.server.log.purge.gap = 5 (custom)
2022-03-02 18:59:50,077 [pool-225-thread-1] INFO  server.RaftServerConfigKeys (ConfUtils.java:logGet(44)) - raft.server.log.appender.buffer.byte-limit = 33554432 (custom)
2022-03-02 18:59:50,078 [pool-225-thread-1] INFO  server.RaftServerConfigKeys (ConfUtils.java:logGet(44)) - raft.server.log.segment.size.max = 4194304 (custom)
2022-03-02 18:59:50,078 [pool-225-thread-1] INFO  server.RaftServerConfigKeys (ConfUtils.java:logGet(44)) - raft.server.log.segment.cache.num.max = 2 (custom)
2022-03-02 18:59:50,078 [pool-225-thread-1] INFO  server.RaftServerConfigKeys (ConfUtils.java:logGet(44)) - raft.server.log.segment.cache.size.max = 200MB (=209715200) (default)
2022-03-02 18:59:50,078 [pool-225-thread-1] INFO  segmented.SegmentedRaftLogWorker (SegmentedRaftLogWorker.java:<init>(182)) - new f746044e-06a5-45c2-8175-96f1febdd987@group-9B8B311B51AF-SegmentedRaftLogWorker for RaftStorageImpl:Storage Directory /home/runner/work/ozone/ozone/hadoop-ozone/integration-test/target/test-dir/MiniOzoneClusterImpl-5ed764c8-eddb-4368-ac32-9b8b311b51af/scmNode-1/scm-ha/5ed764c8-eddb-4368-ac32-9b8b311b51af
2022-03-02 18:59:50,078 [pool-225-thread-1] INFO  server.RaftServerConfigKeys (ConfUtils.java:logGet(44)) - raft.server.log.queue.byte-limit = 64MB (=67108864) (default)
2022-03-02 18:59:50,078 [pool-225-thread-1] INFO  server.RaftServerConfigKeys (ConfUtils.java:logGet(44)) - raft.server.log.queue.element-limit = 4096 (default)
2022-03-02 18:59:50,079 [pool-225-thread-1] INFO  server.RaftServerConfigKeys (ConfUtils.java:logGet(44)) - raft.server.log.segment.size.max = 4194304 (custom)
2022-03-02 18:59:50,079 [pool-225-thread-1] INFO  server.RaftServerConfigKeys (ConfUtils.java:logGet(44)) - raft.server.log.preallocated.size = 4194304 (custom)
2022-03-02 18:59:50,079 [pool-225-thread-1] INFO  server.RaftServerConfigKeys (ConfUtils.java:logGet(44)) - raft.server.log.force.sync.num = 128 (default)
2022-03-02 18:59:50,079 [pool-225-thread-1] INFO  server.RaftServerConfigKeys (ConfUtils.java:logGet(44)) - raft.server.log.statemachine.data.sync = true (default)
2022-03-02 18:59:50,079 [pool-225-thread-1] INFO  server.RaftServerConfigKeys (ConfUtils.java:logGet(44)) - raft.server.log.statemachine.data.sync.timeout = 10s (default)
2022-03-02 18:59:50,079 [pool-225-thread-1] INFO  server.RaftServerConfigKeys (ConfUtils.java:logGet(44)) - raft.server.log.statemachine.data.sync.timeout.retry = -1 (default)
2022-03-02 18:59:50,080 [pool-225-thread-1] INFO  server.RaftServerConfigKeys (ConfUtils.java:logGet(44)) - raft.server.log.write.buffer.size = 64KB (=65536) (default)
2022-03-02 18:59:50,080 [pool-225-thread-1] INFO  server.RaftServerConfigKeys (ConfUtils.java:logGet(44)) - raft.server.log.statemachine.data.caching.enabled = false (default)
2022-03-02 18:59:50,080 [pool-225-thread-1] INFO  segmented.SegmentedRaftLogWorker (SegmentedRaftLogWorker.java:lambda$new$0(133)) - f746044e-06a5-45c2-8175-96f1febdd987@group-9B8B311B51AF-SegmentedRaftLogWorker: flushIndex: setUnconditionally 0 -> -1
2022-03-02 18:59:50,080 [pool-225-thread-1] INFO  segmented.SegmentedRaftLogWorker (SegmentedRaftLogWorker.java:lambda$new$0(133)) - f746044e-06a5-45c2-8175-96f1febdd987@group-9B8B311B51AF-SegmentedRaftLogWorker: safeCacheEvictIndex: setUnconditionally 0 -> -1
2022-03-02 18:59:50,081 [pool-225-thread-1] INFO  server.RaftServerConfigKeys (ConfUtils.java:logGet(44)) - raft.server.snapshot.auto.trigger.enabled = true (custom)
2022-03-02 18:59:50,081 [pool-225-thread-1] INFO  server.RaftServerConfigKeys (ConfUtils.java:logGet(44)) - raft.server.snapshot.auto.trigger.threshold = 5 (custom)
2022-03-02 18:59:50,081 [pool-225-thread-1] INFO  server.RaftServerConfigKeys (ConfUtils.java:logGet(44)) - raft.server.snapshot.retention.file.num = -1 (default)
2022-03-02 18:59:50,081 [pool-225-thread-1] INFO  server.RaftServerConfigKeys (ConfUtils.java:logGet(44)) - raft.server.log.purge.upto.snapshot.index = true (custom)
2022-03-02 18:59:50,081 [pool-225-thread-1] INFO  server.RaftServerConfigKeys (ConfUtils.java:logGet(44)) - raft.server.retrycache.expirytime = 60000ms (default)
2022-03-02 18:59:50,081 [pool-225-thread-1] INFO  server.RaftServerConfigKeys (ConfUtils.java:logGet(44)) - raft.server.retrycache.statistics.expirytime = 100μs (default)
2022-03-02 18:59:50,089 [Listener at 127.0.0.1/39485] INFO  server.RaftServer$Division (RaftServerImpl.java:start(301)) - f746044e-06a5-45c2-8175-96f1febdd987@group-9B8B311B51AF: start as a follower, conf=-1: [f746044e-06a5-45c2-8175-96f1febdd987|rpc:localhost:32791|priority:0], old=null
2022-03-02 18:59:50,089 [Listener at 127.0.0.1/39485] INFO  server.RaftServer$Division (RaftServerImpl.java:setRole(290)) - f746044e-06a5-45c2-8175-96f1febdd987@group-9B8B311B51AF: changes role from      null to FOLLOWER at term 0 for startAsFollower
2022-03-02 18:59:50,089 [Listener at 127.0.0.1/39485] INFO  impl.RoleInfo (RoleInfo.java:updateAndGet(130)) - f746044e-06a5-45c2-8175-96f1febdd987: start f746044e-06a5-45c2-8175-96f1febdd987@group-9B8B311B51AF-FollowerState
2022-03-02 18:59:50,094 [Listener at 127.0.0.1/39485] INFO  util.JmxRegister (JmxRegister.java:tryRegister(44)) - Successfully registered JMX Bean with object name Ratis:service=RaftServer,group=group-9B8B311B51AF,id=f746044e-06a5-45c2-8175-96f1febdd987
2022-03-02 18:59:50,110 [Listener at 127.0.0.1/39485] INFO  server.RaftServer (RaftServerProxy.java:lambda$start$5(374)) - f746044e-06a5-45c2-8175-96f1febdd987: start RPC server
2022-03-02 18:59:50,112 [Listener at 127.0.0.1/39485] INFO  server.GrpcService (GrpcService.java:startImpl(253)) - f746044e-06a5-45c2-8175-96f1febdd987: GrpcService started, listening on 32791
2022-03-02 18:59:50,112 [org.apache.ratis.util.JvmPauseMonitor$$Lambda$503/666911607@108487e8] INFO  util.JvmPauseMonitor (JvmPauseMonitor.java:run(103)) - JvmPauseMonitor-f746044e-06a5-45c2-8175-96f1febdd987: Started
2022-03-02 18:59:50,917 [EndpointStateMachine task thread for /127.0.0.1:45277 - 0 ] INFO  ipc.Client (Client.java:handleConnectionFailure(977)) - Retrying connect to server: localhost/127.0.0.1:45277. Already tried 6 time(s); retry policy is RetryUpToMaximumCountWithFixedSleep(maxRetries=15, sleepTime=1000 MILLISECONDS)
2022-03-02 18:59:50,918 [EndpointStateMachine task thread for /127.0.0.1:38087 - 0 ] INFO  ipc.Client (Client.java:handleConnectionFailure(977)) - Retrying connect to server: localhost/127.0.0.1:38087. Already tried 6 time(s); retry policy is RetryUpToMaximumCountWithFixedSleep(maxRetries=15, sleepTime=1000 MILLISECONDS)
2022-03-02 18:59:50,919 [EndpointStateMachine task thread for /127.0.0.1:35087 - 0 ] INFO  ipc.Client (Client.java:handleConnectionFailure(977)) - Retrying connect to server: localhost/127.0.0.1:35087. Already tried 6 time(s); retry policy is RetryUpToMaximumCountWithFixedSleep(maxRetries=15, sleepTime=1000 MILLISECONDS)
2022-03-02 18:59:51,918 [EndpointStateMachine task thread for /127.0.0.1:38087 - 0 ] INFO  ipc.Client (Client.java:handleConnectionFailure(977)) - Retrying connect to server: localhost/127.0.0.1:38087. Already tried 7 time(s); retry policy is RetryUpToMaximumCountWithFixedSleep(maxRetries=15, sleepTime=1000 MILLISECONDS)
2022-03-02 18:59:51,918 [EndpointStateMachine task thread for /127.0.0.1:45277 - 0 ] INFO  ipc.Client (Client.java:handleConnectionFailure(977)) - Retrying connect to server: localhost/127.0.0.1:45277. Already tried 7 time(s); retry policy is RetryUpToMaximumCountWithFixedSleep(maxRetries=15, sleepTime=1000 MILLISECONDS)
2022-03-02 18:59:51,919 [EndpointStateMachine task thread for /127.0.0.1:35087 - 0 ] INFO  ipc.Client (Client.java:handleConnectionFailure(977)) - Retrying connect to server: localhost/127.0.0.1:35087. Already tried 7 time(s); retry policy is RetryUpToMaximumCountWithFixedSleep(maxRetries=15, sleepTime=1000 MILLISECONDS)
2022-03-02 18:59:52,919 [EndpointStateMachine task thread for /127.0.0.1:38087 - 0 ] INFO  ipc.Client (Client.java:handleConnectionFailure(977)) - Retrying connect to server: localhost/127.0.0.1:38087. Already tried 8 time(s); retry policy is RetryUpToMaximumCountWithFixedSleep(maxRetries=15, sleepTime=1000 MILLISECONDS)
2022-03-02 18:59:52,920 [EndpointStateMachine task thread for /127.0.0.1:35087 - 0 ] INFO  ipc.Client (Client.java:handleConnectionFailure(977)) - Retrying connect to server: localhost/127.0.0.1:35087. Already tried 8 time(s); retry policy is RetryUpToMaximumCountWithFixedSleep(maxRetries=15, sleepTime=1000 MILLISECONDS)
2022-03-02 18:59:52,919 [EndpointStateMachine task thread for /127.0.0.1:45277 - 0 ] INFO  ipc.Client (Client.java:handleConnectionFailure(977)) - Retrying connect to server: localhost/127.0.0.1:45277. Already tried 8 time(s); retry policy is RetryUpToMaximumCountWithFixedSleep(maxRetries=15, sleepTime=1000 MILLISECONDS)
2022-03-02 18:59:53,920 [EndpointStateMachine task thread for /127.0.0.1:38087 - 0 ] INFO  ipc.Client (Client.java:handleConnectionFailure(977)) - Retrying connect to server: localhost/127.0.0.1:38087. Already tried 9 time(s); retry policy is RetryUpToMaximumCountWithFixedSleep(maxRetries=15, sleepTime=1000 MILLISECONDS)
2022-03-02 18:59:53,923 [EndpointStateMachine task thread for /127.0.0.1:45277 - 0 ] INFO  ipc.Client (Client.java:handleConnectionFailure(977)) - Retrying connect to server: localhost/127.0.0.1:45277. Already tried 9 time(s); retry policy is RetryUpToMaximumCountWithFixedSleep(maxRetries=15, sleepTime=1000 MILLISECONDS)
2022-03-02 18:59:53,923 [EndpointStateMachine task thread for /127.0.0.1:35087 - 0 ] INFO  ipc.Client (Client.java:handleConnectionFailure(977)) - Retrying connect to server: localhost/127.0.0.1:35087. Already tried 9 time(s); retry policy is RetryUpToMaximumCountWithFixedSleep(maxRetries=15, sleepTime=1000 MILLISECONDS)
2022-03-02 18:59:54,920 [EndpointStateMachine task thread for /127.0.0.1:38087 - 0 ] INFO  ipc.Client (Client.java:handleConnectionFailure(977)) - Retrying connect to server: localhost/127.0.0.1:38087. Already tried 10 time(s); retry policy is RetryUpToMaximumCountWithFixedSleep(maxRetries=15, sleepTime=1000 MILLISECONDS)
2022-03-02 18:59:54,923 [EndpointStateMachine task thread for /127.0.0.1:45277 - 0 ] INFO  ipc.Client (Client.java:handleConnectionFailure(977)) - Retrying connect to server: localhost/127.0.0.1:45277. Already tried 10 time(s); retry policy is RetryUpToMaximumCountWithFixedSleep(maxRetries=15, sleepTime=1000 MILLISECONDS)
2022-03-02 18:59:54,923 [EndpointStateMachine task thread for /127.0.0.1:35087 - 0 ] INFO  ipc.Client (Client.java:handleConnectionFailure(977)) - Retrying connect to server: localhost/127.0.0.1:35087. Already tried 10 time(s); retry policy is RetryUpToMaximumCountWithFixedSleep(maxRetries=15, sleepTime=1000 MILLISECONDS)
2022-03-02 18:59:55,143 [f746044e-06a5-45c2-8175-96f1febdd987@group-9B8B311B51AF-FollowerState] INFO  impl.FollowerState (FollowerState.java:run(134)) - f746044e-06a5-45c2-8175-96f1febdd987@group-9B8B311B51AF-FollowerState: change to CANDIDATE, lastRpcElapsedTime:5053391710ns, electionTimeout:5048ms
2022-03-02 18:59:55,143 [f746044e-06a5-45c2-8175-96f1febdd987@group-9B8B311B51AF-FollowerState] INFO  impl.RoleInfo (RoleInfo.java:shutdownFollowerState(108)) - f746044e-06a5-45c2-8175-96f1febdd987: shutdown f746044e-06a5-45c2-8175-96f1febdd987@group-9B8B311B51AF-FollowerState
2022-03-02 18:59:55,143 [f746044e-06a5-45c2-8175-96f1febdd987@group-9B8B311B51AF-FollowerState] INFO  server.RaftServer$Division (RaftServerImpl.java:setRole(290)) - f746044e-06a5-45c2-8175-96f1febdd987@group-9B8B311B51AF: changes role from  FOLLOWER to CANDIDATE at term 0 for changeToCandidate
2022-03-02 18:59:55,143 [f746044e-06a5-45c2-8175-96f1febdd987@group-9B8B311B51AF-FollowerState] INFO  server.RaftServerConfigKeys (ConfUtils.java:logGet(44)) - raft.server.leaderelection.pre-vote = false (custom)
2022-03-02 18:59:55,143 [f746044e-06a5-45c2-8175-96f1febdd987@group-9B8B311B51AF-FollowerState] INFO  impl.RoleInfo (RoleInfo.java:updateAndGet(130)) - f746044e-06a5-45c2-8175-96f1febdd987: start f746044e-06a5-45c2-8175-96f1febdd987@group-9B8B311B51AF-LeaderElection19
2022-03-02 18:59:55,159 [f746044e-06a5-45c2-8175-96f1febdd987@group-9B8B311B51AF-LeaderElection19] INFO  impl.LeaderElection (LeaderElection.java:askForVotes(306)) - f746044e-06a5-45c2-8175-96f1febdd987@group-9B8B311B51AF-LeaderElection19 ELECTION round 0: submit vote requests at term 1 for -1: [f746044e-06a5-45c2-8175-96f1febdd987|rpc:localhost:32791|priority:0], old=null
2022-03-02 18:59:55,159 [f746044e-06a5-45c2-8175-96f1febdd987@group-9B8B311B51AF-LeaderElection19] INFO  impl.LeaderElection (LeaderElection.java:askForVotes(308)) - f746044e-06a5-45c2-8175-96f1febdd987@group-9B8B311B51AF-LeaderElection19 ELECTION round 0: result PASSED (term=1)
2022-03-02 18:59:55,159 [f746044e-06a5-45c2-8175-96f1febdd987@group-9B8B311B51AF-LeaderElection19] INFO  impl.RoleInfo (RoleInfo.java:shutdownLeaderElection(121)) - f746044e-06a5-45c2-8175-96f1febdd987: shutdown f746044e-06a5-45c2-8175-96f1febdd987@group-9B8B311B51AF-LeaderElection19
2022-03-02 18:59:55,159 [f746044e-06a5-45c2-8175-96f1febdd987@group-9B8B311B51AF-LeaderElection19] INFO  server.RaftServer$Division (RaftServerImpl.java:setRole(290)) - f746044e-06a5-45c2-8175-96f1febdd987@group-9B8B311B51AF: changes role from CANDIDATE to LEADER at term 1 for changeToLeader
2022-03-02 18:59:55,159 [f746044e-06a5-45c2-8175-96f1febdd987@group-9B8B311B51AF-LeaderElection19] INFO  server.RaftServer$Division (ServerState.java:setLeader(285)) - f746044e-06a5-45c2-8175-96f1febdd987@group-9B8B311B51AF: change Leader from null to f746044e-06a5-45c2-8175-96f1febdd987 at term 1 for becomeLeader, leader elected after 5081ms
2022-03-02 18:59:55,159 [f746044e-06a5-45c2-8175-96f1febdd987@group-9B8B311B51AF-LeaderElection19] INFO  server.RaftServerConfigKeys (ConfUtils.java:logGet(44)) - raft.server.staging.catchup.gap = 1000 (default)
2022-03-02 18:59:55,159 [f746044e-06a5-45c2-8175-96f1febdd987@group-9B8B311B51AF-LeaderElection19] INFO  server.RaftServerConfigKeys (ConfUtils.java:logGet(44)) - raft.server.write.element-limit = 4096 (default)
2022-03-02 18:59:55,159 [f746044e-06a5-45c2-8175-96f1febdd987@group-9B8B311B51AF-LeaderElection19] INFO  server.RaftServerConfigKeys (ConfUtils.java:logGet(44)) - raft.server.write.byte-limit = 64MB (=67108864) (default)
2022-03-02 18:59:55,160 [f746044e-06a5-45c2-8175-96f1febdd987@group-9B8B311B51AF-LeaderElection19] INFO  server.RaftServerConfigKeys (ConfUtils.java:logGet(44)) - raft.server.watch.timeout = 10s (default)
2022-03-02 18:59:55,160 [f746044e-06a5-45c2-8175-96f1febdd987@group-9B8B311B51AF-LeaderElection19] INFO  server.RaftServerConfigKeys (ConfUtils.java:logGet(44)) - raft.server.watch.timeout.denomination = 1s (default)
2022-03-02 18:59:55,160 [f746044e-06a5-45c2-8175-96f1febdd987@group-9B8B311B51AF-LeaderElection19] INFO  server.RaftServerConfigKeys (ConfUtils.java:logGet(44)) - raft.server.watch.element-limit = 65536 (default)
2022-03-02 18:59:55,160 [f746044e-06a5-45c2-8175-96f1febdd987@group-9B8B311B51AF-LeaderElection19] INFO  server.RaftServerConfigKeys (ConfUtils.java:logGet(44)) - raft.server.write.element-limit = 4096 (default)
2022-03-02 18:59:55,160 [f746044e-06a5-45c2-8175-96f1febdd987@group-9B8B311B51AF-LeaderElection19] INFO  server.RaftServerConfigKeys (ConfUtils.java:logGet(44)) - raft.server.write.follower.gap.ratio.max = -1.0 (default)
2022-03-02 18:59:55,160 [f746044e-06a5-45c2-8175-96f1febdd987@group-9B8B311B51AF-LeaderElection19] INFO  impl.RoleInfo (RoleInfo.java:updateAndGet(130)) - f746044e-06a5-45c2-8175-96f1febdd987: start f746044e-06a5-45c2-8175-96f1febdd987@group-9B8B311B51AF-LeaderStateImpl
2022-03-02 18:59:55,160 [f746044e-06a5-45c2-8175-96f1febdd987@group-9B8B311B51AF-LeaderElection19] INFO  segmented.SegmentedRaftLogWorker (SegmentedRaftLogWorker.java:startLogSegment(394)) - f746044e-06a5-45c2-8175-96f1febdd987@group-9B8B311B51AF-SegmentedRaftLogWorker: Starting segment from index:0
2022-03-02 18:59:55,166 [f746044e-06a5-45c2-8175-96f1febdd987@group-9B8B311B51AF-LeaderElection19] INFO  server.RaftServer$Division (ServerState.java:setRaftConf(387)) - f746044e-06a5-45c2-8175-96f1febdd987@group-9B8B311B51AF: set configuration 0: [f746044e-06a5-45c2-8175-96f1febdd987|rpc:localhost:32791|admin:|client:|dataStream:|priority:0], old=null
2022-03-02 18:59:55,171 [f746044e-06a5-45c2-8175-96f1febdd987@group-9B8B311B51AF-SegmentedRaftLogWorker] INFO  segmented.SegmentedRaftLogWorker (SegmentedRaftLogWorker.java:execute(601)) - f746044e-06a5-45c2-8175-96f1febdd987@group-9B8B311B51AF-SegmentedRaftLogWorker: created new log segment /home/runner/work/ozone/ozone/hadoop-ozone/integration-test/target/test-dir/MiniOzoneClusterImpl-5ed764c8-eddb-4368-ac32-9b8b311b51af/scmNode-1/scm-ha/5ed764c8-eddb-4368-ac32-9b8b311b51af/current/log_inprogress_0
2022-03-02 18:59:55,921 [EndpointStateMachine task thread for /127.0.0.1:38087 - 0 ] INFO  ipc.Client (Client.java:handleConnectionFailure(977)) - Retrying connect to server: localhost/127.0.0.1:38087. Already tried 11 time(s); retry policy is RetryUpToMaximumCountWithFixedSleep(maxRetries=15, sleepTime=1000 MILLISECONDS)
2022-03-02 18:59:55,929 [EndpointStateMachine task thread for /127.0.0.1:35087 - 0 ] INFO  ipc.Client (Client.java:handleConnectionFailure(977)) - Retrying connect to server: localhost/127.0.0.1:35087. Already tried 11 time(s); retry policy is RetryUpToMaximumCountWithFixedSleep(maxRetries=15, sleepTime=1000 MILLISECONDS)
2022-03-02 18:59:55,929 [EndpointStateMachine task thread for /127.0.0.1:45277 - 0 ] INFO  ipc.Client (Client.java:handleConnectionFailure(977)) - Retrying connect to server: localhost/127.0.0.1:45277. Already tried 11 time(s); retry policy is RetryUpToMaximumCountWithFixedSleep(maxRetries=15, sleepTime=1000 MILLISECONDS)
2022-03-02 18:59:56,113 [Listener at 127.0.0.1/39485] INFO  server.RaftServer (RaftServerProxy.java:lambda$close$6(391)) - f746044e-06a5-45c2-8175-96f1febdd987: close
2022-03-02 18:59:56,113 [Listener at 127.0.0.1/39485] INFO  server.RaftServer$Division (RaftServerImpl.java:lambda$close$4(412)) - f746044e-06a5-45c2-8175-96f1febdd987@group-9B8B311B51AF: shutdown
2022-03-02 18:59:56,113 [Listener at 127.0.0.1/39485] INFO  util.JmxRegister (JmxRegister.java:unregister(73)) - Successfully un-registered JMX Bean with object name Ratis:service=RaftServer,group=group-9B8B311B51AF,id=f746044e-06a5-45c2-8175-96f1febdd987
2022-03-02 18:59:56,113 [Listener at 127.0.0.1/39485] INFO  impl.RoleInfo (RoleInfo.java:shutdownLeaderState(91)) - f746044e-06a5-45c2-8175-96f1febdd987: shutdown f746044e-06a5-45c2-8175-96f1febdd987@group-9B8B311B51AF-LeaderStateImpl
2022-03-02 18:59:56,114 [Listener at 127.0.0.1/39485] INFO  impl.PendingRequests (PendingRequests.java:sendNotLeaderResponses(282)) - f746044e-06a5-45c2-8175-96f1febdd987@group-9B8B311B51AF-PendingRequests: sendNotLeaderResponses
2022-03-02 18:59:56,114 [Listener at 127.0.0.1/39485] INFO  impl.StateMachineUpdater (StateMachineUpdater.java:stopAndJoin(149)) - f746044e-06a5-45c2-8175-96f1febdd987@group-9B8B311B51AF-StateMachineUpdater: set stopIndex = 0
2022-03-02 18:59:56,115 [f746044e-06a5-45c2-8175-96f1febdd987@group-9B8B311B51AF-StateMachineUpdater] INFO  impl.StateMachineUpdater (StateMachineUpdater.java:takeSnapshot(281)) - f746044e-06a5-45c2-8175-96f1febdd987@group-9B8B311B51AF-StateMachineUpdater: Took a snapshot at index 0
2022-03-02 18:59:56,115 [f746044e-06a5-45c2-8175-96f1febdd987@group-9B8B311B51AF-StateMachineUpdater] INFO  impl.StateMachineUpdater (StateMachineUpdater.java:lambda$new$0(89)) - f746044e-06a5-45c2-8175-96f1febdd987@group-9B8B311B51AF-StateMachineUpdater: snapshotIndex: updateIncreasingly -1 -> 0
2022-03-02 18:59:56,115 [Listener at 127.0.0.1/39485] INFO  server.RaftServer$Division (ServerState.java:close(419)) - f746044e-06a5-45c2-8175-96f1febdd987@group-9B8B311B51AF: closes. applyIndex: 0
2022-03-02 18:59:56,115 [f746044e-06a5-45c2-8175-96f1febdd987@group-9B8B311B51AF-SegmentedRaftLogWorker] INFO  segmented.SegmentedRaftLogWorker (SegmentedRaftLogWorker.java:run(327)) - f746044e-06a5-45c2-8175-96f1febdd987@group-9B8B311B51AF-SegmentedRaftLogWorker was interrupted, exiting. There are 0 tasks remaining in the queue.
2022-03-02 18:59:56,116 [Listener at 127.0.0.1/39485] INFO  segmented.SegmentedRaftLogWorker (SegmentedRaftLogWorker.java:close(237)) - f746044e-06a5-45c2-8175-96f1febdd987@group-9B8B311B51AF-SegmentedRaftLogWorker close()
2022-03-02 18:59:56,117 [Listener at 127.0.0.1/39485] INFO  server.GrpcService (GrpcService.java:closeImpl(262)) - f746044e-06a5-45c2-8175-96f1febdd987: shutdown server with port 32791 now
2022-03-02 18:59:56,118 [Listener at 127.0.0.1/39485] INFO  server.GrpcService (GrpcService.java:closeImpl(271)) - f746044e-06a5-45c2-8175-96f1febdd987: shutdown server with port 32791 successfully
2022-03-02 18:59:56,118 [org.apache.ratis.util.JvmPauseMonitor$$Lambda$503/666911607@108487e8] INFO  util.JvmPauseMonitor (JvmPauseMonitor.java:run(109)) - JvmPauseMonitor-f746044e-06a5-45c2-8175-96f1febdd987: Stopped
2022-03-02 18:59:56,118 [Listener at 127.0.0.1/39485] WARN  server.ServerUtils (ServerUtils.java:getScmDbDir(148)) - ozone.scm.db.dirs is not configured. We recommend adding this setting. Falling back to ozone.metadata.dirs instead.
2022-03-02 18:59:56,119 [Listener at 127.0.0.1/39485] INFO  server.StorageContainerManager (StorageContainerManager.java:scmInit(1110)) - SCM initialization succeeded. Current cluster id for sd=/home/runner/work/ozone/ozone/hadoop-ozone/integration-test/target/test-dir/MiniOzoneClusterImpl-5ed764c8-eddb-4368-ac32-9b8b311b51af/scmNode-1/scm; cid=5ed764c8-eddb-4368-ac32-9b8b311b51af; layoutVersion=2; scmId=f746044e-06a5-45c2-8175-96f1febdd987
2022-03-02 18:59:56,119 [Listener at 127.0.0.1/39485] INFO  ha.SCMHANodeDetails (SCMHANodeDetails.java:loadSCMHAConfig(157)) - ServiceID for StorageContainerManager is scm-service-test1
2022-03-02 18:59:56,120 [Listener at 127.0.0.1/39485] INFO  ha.SCMHANodeDetails (SCMHANodeDetails.java:loadSCMHAConfig(168)) - ServiceID for StorageContainerManager is scm-service-test1
2022-03-02 18:59:56,120 [Listener at 127.0.0.1/39485] WARN  scm.ScmUtils (ScmUtils.java:logWarn(179)) - ConfigKey ozone.scm.block.client.address is deprecated, For configuring different ports for each SCM use PortConfigKey ozone.scm.block.client.port appended with serviceId and nodeId. If want to configure same port configure ozone.scm.block.client.port
2022-03-02 18:59:56,120 [Listener at 127.0.0.1/39485] WARN  scm.ScmUtils (ScmUtils.java:logWarn(179)) - ConfigKey ozone.scm.client.address is deprecated, For configuring different ports for each SCM use PortConfigKey ozone.scm.client.port appended with serviceId and nodeId. If want to configure same port configure ozone.scm.client.port
2022-03-02 18:59:56,120 [Listener at 127.0.0.1/39485] WARN  scm.ScmUtils (ScmUtils.java:logWarn(179)) - ConfigKey ozone.scm.datanode.address is deprecated, For configuring different ports for each SCM use PortConfigKey ozone.scm.datanode.port appended with serviceId and nodeId. If want to configure same port configure ozone.scm.datanode.port
2022-03-02 18:59:56,120 [Listener at 127.0.0.1/39485] WARN  scm.ScmUtils (ScmUtils.java:logWarn(179)) - ConfigKey ozone.scm.block.client.address is deprecated, For configuring different ports for each SCM use PortConfigKey ozone.scm.block.client.port appended with serviceId and nodeId. If want to configure same port configure ozone.scm.block.client.port
2022-03-02 18:59:56,120 [Listener at 127.0.0.1/39485] WARN  scm.ScmUtils (ScmUtils.java:logWarn(179)) - ConfigKey ozone.scm.client.address is deprecated, For configuring different ports for each SCM use PortConfigKey ozone.scm.client.port appended with serviceId and nodeId. If want to configure same port configure ozone.scm.client.port
2022-03-02 18:59:56,121 [Listener at 127.0.0.1/39485] WARN  scm.ScmUtils (ScmUtils.java:logWarn(179)) - ConfigKey ozone.scm.datanode.address is deprecated, For configuring different ports for each SCM use PortConfigKey ozone.scm.datanode.port appended with serviceId and nodeId. If want to configure same port configure ozone.scm.datanode.port
2022-03-02 18:59:56,121 [Listener at 127.0.0.1/39485] INFO  ha.SCMHANodeDetails (SCMHANodeDetails.java:loadSCMHAConfig(250)) - Found matching SCM address with SCMServiceId: scm-service-test1, SCMNodeId: scmNode-1, RPC Address: localhost:32791 and Ratis port: 32791
2022-03-02 18:59:56,122 [Listener at 127.0.0.1/39485] INFO  ha.SCMHANodeDetails (ConfUtils.java:setNodeSpecificConfigs(108)) - Setting configuration key ozone.scm.datanode.address with value of key ozone.scm.datanode.address.scm-service-test1.scmNode-1: 127.0.0.1:39895
2022-03-02 18:59:56,122 [Listener at 127.0.0.1/39485] INFO  ha.SCMHANodeDetails (ConfUtils.java:setNodeSpecificConfigs(108)) - Setting configuration key ozone.scm.block.client.address with value of key ozone.scm.block.client.address.scm-service-test1.scmNode-1: 127.0.0.1:37613
2022-03-02 18:59:56,122 [Listener at 127.0.0.1/39485] INFO  ha.SCMHANodeDetails (ConfUtils.java:setNodeSpecificConfigs(108)) - Setting configuration key ozone.scm.client.address with value of key ozone.scm.client.address.scm-service-test1.scmNode-1: 127.0.0.1:46869
2022-03-02 18:59:56,122 [Listener at 127.0.0.1/39485] INFO  ha.SCMHANodeDetails (ConfUtils.java:setNodeSpecificConfigs(108)) - Setting configuration key ozone.scm.ratis.port with value of key ozone.scm.ratis.port.scm-service-test1.scmNode-1: 32791
2022-03-02 18:59:56,122 [Listener at 127.0.0.1/39485] INFO  ha.SCMHANodeDetails (ConfUtils.java:setNodeSpecificConfigs(108)) - Setting configuration key ozone.scm.grpc.port with value of key ozone.scm.grpc.port.scm-service-test1.scmNode-1: 41169
2022-03-02 18:59:56,122 [Listener at 127.0.0.1/39485] INFO  ha.SCMHANodeDetails (ConfUtils.java:setNodeSpecificConfigs(108)) - Setting configuration key ozone.scm.http-address with value of key ozone.scm.http-address.scm-service-test1.scmNode-1: 127.0.0.1:44509
2022-03-02 18:59:56,122 [Listener at 127.0.0.1/39485] INFO  ha.SCMHANodeDetails (ConfUtils.java:setNodeSpecificConfigs(108)) - Setting configuration key ozone.scm.https-address with value of key ozone.scm.https-address.scm-service-test1.scmNode-1: 127.0.0.1:38107
2022-03-02 18:59:56,122 [Listener at 127.0.0.1/39485] INFO  ha.SCMHANodeDetails (ConfUtils.java:setNodeSpecificConfigs(108)) - Setting configuration key ozone.scm.address with value of key ozone.scm.address.scm-service-test1.scmNode-1: 127.0.0.1
2022-03-02 18:59:56,123 [Listener at 127.0.0.1/39485] WARN  scm.ScmUtils (ScmUtils.java:logWarn(179)) - ConfigKey ozone.scm.block.client.address is deprecated, For configuring different ports for each SCM use PortConfigKey ozone.scm.block.client.port appended with serviceId and nodeId. If want to configure same port configure ozone.scm.block.client.port
2022-03-02 18:59:56,123 [Listener at 127.0.0.1/39485] WARN  scm.ScmUtils (ScmUtils.java:logWarn(179)) - ConfigKey ozone.scm.client.address is deprecated, For configuring different ports for each SCM use PortConfigKey ozone.scm.client.port appended with serviceId and nodeId. If want to configure same port configure ozone.scm.client.port
2022-03-02 18:59:56,123 [Listener at 127.0.0.1/39485] WARN  scm.ScmUtils (ScmUtils.java:logWarn(179)) - ConfigKey ozone.scm.datanode.address is deprecated, For configuring different ports for each SCM use PortConfigKey ozone.scm.datanode.port appended with serviceId and nodeId. If want to configure same port configure ozone.scm.datanode.port
2022-03-02 18:59:56,123 [Listener at 127.0.0.1/39485] WARN  server.ServerUtils (ServerUtils.java:getScmDbDir(148)) - ozone.scm.db.dirs is not configured. We recommend adding this setting. Falling back to ozone.metadata.dirs instead.
2022-03-02 18:59:56,124 [Listener at 127.0.0.1/39485] INFO  upgrade.AbstractLayoutVersionManager (AbstractLayoutVersionManager.java:init(79)) - Initializing Layout version manager with metadata layout = SCM_HA (version = 2), software layout = SCM_HA (version = 2)
2022-03-02 18:59:56,207 [Listener at 127.0.0.1/39485] INFO  reflections.Reflections (Reflections.java:scan(232)) - Reflections took 81 ms to scan 7 urls, producing 122 keys and 286 values 
2022-03-02 18:59:56,213 [Listener at 127.0.0.1/39485] WARN  utils.HAUtils (HAUtils.java:getMetaDir(342)) - ozone.scm.db.dirs is not configured. We recommend adding this setting. Falling back to ozone.metadata.dirs instead.
2022-03-02 18:59:56,216 [Listener at 127.0.0.1/39485] WARN  db.DBStoreBuilder (DBStoreBuilder.java:applyDBDefinition(145)) - ozone.scm.db.dirs is not configured. We recommend adding this setting. Falling back to ozone.metadata.dirs instead.
2022-03-02 18:59:56,361 [Listener at 127.0.0.1/39485] INFO  net.NodeSchemaLoader (NodeSchemaLoader.java:loadSchemaFromFile(129)) - Loading schema from [jar:file:/home/runner/.m2/repository/org/apache/ozone/hdds-common/1.3.0-SNAPSHOT/hdds-common-1.3.0-SNAPSHOT.jar!/network-topology-default.xml]
2022-03-02 18:59:56,361 [Listener at 127.0.0.1/39485] INFO  net.NodeSchemaLoader (NodeSchemaLoader.java:loadSchema(176)) - Loading network topology layer schema file
2022-03-02 18:59:56,364 [Listener at 127.0.0.1/39485] INFO  ha.SCMRatisServerImpl (SCMRatisServerImpl.java:<init>(87)) - starting Raft server for scm:f746044e-06a5-45c2-8175-96f1febdd987
2022-03-02 18:59:56,365 [Listener at 127.0.0.1/39485] INFO  server.RaftServer (ConfUtils.java:logGet(44)) - raft.rpc.type = GRPC (default)
2022-03-02 18:59:56,365 [Listener at 127.0.0.1/39485] INFO  grpc.GrpcFactory (GrpcFactory.java:checkPooledByteBufAllocatorUseCacheForAllThreads(48)) - PERFORMANCE WARNING: useCacheForAllThreads is true that may cause Netty to create a lot garbage objects and, as a result, trigger GC.
	It is recommended to disable useCacheForAllThreads by setting -Dorg.apache.ratis.thirdparty.io.netty.allocator.useCacheForAllThreads=false in command line.
2022-03-02 18:59:56,365 [Listener at 127.0.0.1/39485] INFO  grpc.GrpcConfigKeys (ConfUtils.java:logGet(44)) - raft.grpc.admin.port = -1 (default)
2022-03-02 18:59:56,366 [Listener at 127.0.0.1/39485] INFO  grpc.GrpcConfigKeys (ConfUtils.java:logGet(44)) - raft.grpc.server.port = 32791 (custom)
2022-03-02 18:59:56,366 [Listener at 127.0.0.1/39485] INFO  grpc.GrpcConfigKeys (ConfUtils.java:logGet(44)) - raft.grpc.client.port = -1 (default)
2022-03-02 18:59:56,366 [Listener at 127.0.0.1/39485] INFO  grpc.GrpcConfigKeys (ConfUtils.java:logGet(44)) - raft.grpc.server.port = 32791 (custom)
2022-03-02 18:59:56,366 [Listener at 127.0.0.1/39485] INFO  grpc.GrpcConfigKeys (ConfUtils.java:logGet(44)) - raft.grpc.server.port = 32791 (custom)
2022-03-02 18:59:56,366 [Listener at 127.0.0.1/39485] INFO  server.GrpcService (ConfUtils.java:logGet(44)) - raft.grpc.message.size.max = 32m (=33554432) (custom)
2022-03-02 18:59:56,366 [Listener at 127.0.0.1/39485] INFO  server.RaftServerConfigKeys (ConfUtils.java:logGet(44)) - raft.server.log.appender.buffer.byte-limit = 33554432 (custom)
2022-03-02 18:59:56,367 [Listener at 127.0.0.1/39485] INFO  server.GrpcService (ConfUtils.java:logGet(44)) - raft.grpc.flow.control.window = 1MB (=1048576) (default)
2022-03-02 18:59:56,367 [Listener at 127.0.0.1/39485] INFO  server.RaftServerConfigKeys (ConfUtils.java:logGet(44)) - raft.server.rpc.request.timeout = 30000ms (custom)
2022-03-02 18:59:56,368 [Listener at 127.0.0.1/39485] INFO  impl.DataStreamServerImpl (ConfUtils.java:logGet(44)) - raft.datastream.type = DISABLED (default)
2022-03-02 18:59:56,368 [Listener at 127.0.0.1/39485] INFO  server.RaftServerConfigKeys (ConfUtils.java:logGet(44)) - raft.server.rpc.slowness.timeout = 120000ms (custom)
2022-03-02 18:59:56,368 [Listener at 127.0.0.1/39485] INFO  server.RaftServerConfigKeys (ConfUtils.java:logGet(44)) - raft.server.leaderelection.leader.step-down.wait-time = 10s (default)
2022-03-02 18:59:56,369 [Listener at 127.0.0.1/39485] INFO  server.RaftServerConfigKeys (ConfUtils.java:logGet(44)) - raft.server.storage.dir = [/home/runner/work/ozone/ozone/hadoop-ozone/integration-test/target/test-dir/MiniOzoneClusterImpl-5ed764c8-eddb-4368-ac32-9b8b311b51af/scmNode-1/scm-ha] (custom)
2022-03-02 18:59:56,369 [Listener at 127.0.0.1/39485] INFO  server.RaftServer (RaftServerProxy.java:lambda$null$1(235)) - f746044e-06a5-45c2-8175-96f1febdd987: found a subdirectory /home/runner/work/ozone/ozone/hadoop-ozone/integration-test/target/test-dir/MiniOzoneClusterImpl-5ed764c8-eddb-4368-ac32-9b8b311b51af/scmNode-1/scm-ha/5ed764c8-eddb-4368-ac32-9b8b311b51af
2022-03-02 18:59:56,381 [Listener at 127.0.0.1/39485] INFO  server.RaftServer (RaftServerProxy.java:addNew(95)) - f746044e-06a5-45c2-8175-96f1febdd987: addNew group-9B8B311B51AF:[] returns group-9B8B311B51AF:java.util.concurrent.CompletableFuture@33a800bf[Not completed]
2022-03-02 18:59:56,381 [pool-240-thread-1] INFO  server.RaftServer$Division (RaftServerImpl.java:<init>(184)) - f746044e-06a5-45c2-8175-96f1febdd987: new RaftServerImpl for group-9B8B311B51AF:[] with SCMStateMachine:uninitialized
2022-03-02 18:59:56,385 [pool-240-thread-1] INFO  server.RaftServerConfigKeys (ConfUtils.java:logGet(44)) - raft.server.rpc.timeout.min = 5000ms (custom)
2022-03-02 18:59:56,385 [pool-240-thread-1] INFO  server.RaftServerConfigKeys (ConfUtils.java:logGet(44)) - raft.server.rpc.timeout.max = 5200ms (custom)
2022-03-02 18:59:56,385 [pool-240-thread-1] INFO  server.RaftServerConfigKeys (ConfUtils.java:logGet(44)) - raft.server.rpc.sleep.time = 25ms (default)
2022-03-02 18:59:56,385 [pool-240-thread-1] INFO  server.RaftServerConfigKeys (ConfUtils.java:logGet(44)) - raft.server.rpc.slowness.timeout = 120000ms (custom)
2022-03-02 18:59:56,385 [pool-240-thread-1] INFO  server.RaftServerConfigKeys (ConfUtils.java:logGet(44)) - raft.server.leaderelection.leader.step-down.wait-time = 10s (default)
2022-03-02 18:59:56,385 [pool-240-thread-1] INFO  server.RaftServerConfigKeys (ConfUtils.java:logGet(44)) - raft.server.sleep.deviation.threshold = 300ms (default)
2022-03-02 18:59:56,385 [pool-240-thread-1] INFO  server.RaftServerConfigKeys (ConfUtils.java:logGet(44)) - raft.server.log.appender.install.snapshot.enabled = false (custom)
2022-03-02 18:59:56,385 [pool-240-thread-1] INFO  server.RaftServer$Division (ServerState.java:<init>(105)) - f746044e-06a5-45c2-8175-96f1febdd987@group-9B8B311B51AF: ConfigurationManager, init=-1: [], old=null, confs=<EMPTY_MAP>
2022-03-02 18:59:56,385 [pool-240-thread-1] INFO  server.RaftServerConfigKeys (ConfUtils.java:logGet(44)) - raft.server.storage.dir = [/home/runner/work/ozone/ozone/hadoop-ozone/integration-test/target/test-dir/MiniOzoneClusterImpl-5ed764c8-eddb-4368-ac32-9b8b311b51af/scmNode-1/scm-ha] (custom)
2022-03-02 18:59:56,386 [pool-240-thread-1] INFO  server.RaftServerConfigKeys (ConfUtils.java:logGet(44)) - raft.server.log.corruption.policy = EXCEPTION (default)
2022-03-02 18:59:56,386 [pool-240-thread-1] INFO  server.RaftServerConfigKeys (ConfUtils.java:logGet(44)) - raft.server.storage.free-space.min = 0MB (=0) (default)
2022-03-02 18:59:56,387 [pool-240-thread-1] INFO  storage.RaftStorageDirectory (RaftStorageDirectoryImpl.java:tryLock(230)) - Lock on /home/runner/work/ozone/ozone/hadoop-ozone/integration-test/target/test-dir/MiniOzoneClusterImpl-5ed764c8-eddb-4368-ac32-9b8b311b51af/scmNode-1/scm-ha/5ed764c8-eddb-4368-ac32-9b8b311b51af/in_use.lock acquired by nodename 7106@fv-az148-899
2022-03-02 18:59:56,387 [pool-240-thread-1] INFO  storage.RaftStorage (RaftStorageImpl.java:analyzeAndRecoverStorage(110)) - Read RaftStorageMetadata{term=1, votedFor=f746044e-06a5-45c2-8175-96f1febdd987} from /home/runner/work/ozone/ozone/hadoop-ozone/integration-test/target/test-dir/MiniOzoneClusterImpl-5ed764c8-eddb-4368-ac32-9b8b311b51af/scmNode-1/scm-ha/5ed764c8-eddb-4368-ac32-9b8b311b51af/current/raft-meta
2022-03-02 18:59:56,387 [pool-240-thread-1] INFO  server.RaftServer$Division (ServerState.java:setRaftConf(387)) - f746044e-06a5-45c2-8175-96f1febdd987@group-9B8B311B51AF: set configuration 0: [f746044e-06a5-45c2-8175-96f1febdd987|rpc:localhost:32791|admin:|client:|dataStream:|priority:0], old=null
2022-03-02 18:59:56,387 [pool-240-thread-1] INFO  server.RaftServerConfigKeys (ConfUtils.java:logGet(44)) - raft.server.notification.no-leader.timeout = 60s (default)
2022-03-02 18:59:56,387 [pool-240-thread-1] INFO  server.RaftServerConfigKeys (ConfUtils.java:logGet(44)) - raft.server.log.use.memory = false (default)
2022-03-02 18:59:56,388 [pool-240-thread-1] INFO  server.RaftServerConfigKeys (ConfUtils.java:logGet(44)) - raft.server.log.purge.gap = 5 (custom)
2022-03-02 18:59:56,388 [pool-240-thread-1] INFO  server.RaftServerConfigKeys (ConfUtils.java:logGet(44)) - raft.server.log.appender.buffer.byte-limit = 33554432 (custom)
2022-03-02 18:59:56,388 [pool-240-thread-1] INFO  server.RaftServerConfigKeys (ConfUtils.java:logGet(44)) - raft.server.log.segment.size.max = 4194304 (custom)
2022-03-02 18:59:56,388 [pool-240-thread-1] INFO  server.RaftServerConfigKeys (ConfUtils.java:logGet(44)) - raft.server.log.segment.cache.num.max = 2 (custom)
2022-03-02 18:59:56,388 [pool-240-thread-1] INFO  server.RaftServerConfigKeys (ConfUtils.java:logGet(44)) - raft.server.log.segment.cache.size.max = 200MB (=209715200) (default)
2022-03-02 18:59:56,388 [pool-240-thread-1] INFO  segmented.SegmentedRaftLogWorker (SegmentedRaftLogWorker.java:<init>(182)) - new f746044e-06a5-45c2-8175-96f1febdd987@group-9B8B311B51AF-SegmentedRaftLogWorker for RaftStorageImpl:Storage Directory /home/runner/work/ozone/ozone/hadoop-ozone/integration-test/target/test-dir/MiniOzoneClusterImpl-5ed764c8-eddb-4368-ac32-9b8b311b51af/scmNode-1/scm-ha/5ed764c8-eddb-4368-ac32-9b8b311b51af
2022-03-02 18:59:56,388 [pool-240-thread-1] INFO  server.RaftServerConfigKeys (ConfUtils.java:logGet(44)) - raft.server.log.queue.byte-limit = 64MB (=67108864) (default)
2022-03-02 18:59:56,388 [pool-240-thread-1] INFO  server.RaftServerConfigKeys (ConfUtils.java:logGet(44)) - raft.server.log.queue.element-limit = 4096 (default)
2022-03-02 18:59:56,388 [pool-240-thread-1] INFO  server.RaftServerConfigKeys (ConfUtils.java:logGet(44)) - raft.server.log.segment.size.max = 4194304 (custom)
2022-03-02 18:59:56,389 [pool-240-thread-1] INFO  server.RaftServerConfigKeys (ConfUtils.java:logGet(44)) - raft.server.log.preallocated.size = 4194304 (custom)
2022-03-02 18:59:56,389 [pool-240-thread-1] INFO  server.RaftServerConfigKeys (ConfUtils.java:logGet(44)) - raft.server.log.force.sync.num = 128 (default)
2022-03-02 18:59:56,389 [pool-240-thread-1] INFO  server.RaftServerConfigKeys (ConfUtils.java:logGet(44)) - raft.server.log.statemachine.data.sync = true (default)
2022-03-02 18:59:56,389 [pool-240-thread-1] INFO  server.RaftServerConfigKeys (ConfUtils.java:logGet(44)) - raft.server.log.statemachine.data.sync.timeout = 10s (default)
2022-03-02 18:59:56,389 [pool-240-thread-1] INFO  server.RaftServerConfigKeys (ConfUtils.java:logGet(44)) - raft.server.log.statemachine.data.sync.timeout.retry = -1 (default)
2022-03-02 18:59:56,389 [pool-240-thread-1] INFO  server.RaftServerConfigKeys (ConfUtils.java:logGet(44)) - raft.server.log.write.buffer.size = 64KB (=65536) (default)
2022-03-02 18:59:56,390 [pool-240-thread-1] INFO  server.RaftServerConfigKeys (ConfUtils.java:logGet(44)) - raft.server.log.statemachine.data.caching.enabled = false (default)
2022-03-02 18:59:56,390 [pool-240-thread-1] INFO  server.RaftServer$Division (ServerState.java:setRaftConf(387)) - f746044e-06a5-45c2-8175-96f1febdd987@group-9B8B311B51AF: set configuration 0: [f746044e-06a5-45c2-8175-96f1febdd987|rpc:localhost:32791|admin:|client:|dataStream:|priority:0], old=null
2022-03-02 18:59:56,390 [pool-240-thread-1] INFO  segmented.LogSegment (LogSegment.java:loadSegment(173)) - Successfully read 1 entries from segment file /home/runner/work/ozone/ozone/hadoop-ozone/integration-test/target/test-dir/MiniOzoneClusterImpl-5ed764c8-eddb-4368-ac32-9b8b311b51af/scmNode-1/scm-ha/5ed764c8-eddb-4368-ac32-9b8b311b51af/current/log_inprogress_0
2022-03-02 18:59:56,390 [pool-240-thread-1] INFO  segmented.SegmentedRaftLogWorker (SegmentedRaftLogWorker.java:lambda$new$0(133)) - f746044e-06a5-45c2-8175-96f1febdd987@group-9B8B311B51AF-SegmentedRaftLogWorker: flushIndex: setUnconditionally 0 -> 0
2022-03-02 18:59:56,391 [pool-240-thread-1] INFO  segmented.SegmentedRaftLogWorker (SegmentedRaftLogWorker.java:lambda$new$0(133)) - f746044e-06a5-45c2-8175-96f1febdd987@group-9B8B311B51AF-SegmentedRaftLogWorker: safeCacheEvictIndex: setUnconditionally 0 -> -1
2022-03-02 18:59:56,391 [pool-240-thread-1] INFO  server.RaftServerConfigKeys (ConfUtils.java:logGet(44)) - raft.server.snapshot.auto.trigger.enabled = true (custom)
2022-03-02 18:59:56,391 [pool-240-thread-1] INFO  server.RaftServerConfigKeys (ConfUtils.java:logGet(44)) - raft.server.snapshot.auto.trigger.threshold = 5 (custom)
2022-03-02 18:59:56,391 [pool-240-thread-1] INFO  server.RaftServerConfigKeys (ConfUtils.java:logGet(44)) - raft.server.snapshot.retention.file.num = -1 (default)
2022-03-02 18:59:56,391 [pool-240-thread-1] INFO  server.RaftServerConfigKeys (ConfUtils.java:logGet(44)) - raft.server.log.purge.upto.snapshot.index = true (custom)
2022-03-02 18:59:56,391 [pool-240-thread-1] INFO  server.RaftServerConfigKeys (ConfUtils.java:logGet(44)) - raft.server.retrycache.expirytime = 60000ms (default)
2022-03-02 18:59:56,391 [pool-240-thread-1] INFO  server.RaftServerConfigKeys (ConfUtils.java:logGet(44)) - raft.server.retrycache.statistics.expirytime = 100μs (default)
2022-03-02 18:59:56,392 [Listener at 127.0.0.1/39485] INFO  ha.SCMSnapshotProvider (SCMSnapshotProvider.java:<init>(66)) - Initializing SCM Snapshot Provider
2022-03-02 18:59:56,392 [Listener at 127.0.0.1/39485] WARN  server.ServerUtils (ServerUtils.java:getDefaultRatisDirectory(237)) - Storage directory for Ratis is not configured. It is a good idea to map this to an SSD disk. Falling back to ozone.metadata.dirs
2022-03-02 18:59:56,392 [Listener at 127.0.0.1/39485] WARN  ha.SCMHAUtils (SCMHAUtils.java:getSCMRatisSnapshotDirectory(151)) - SCM snapshot dir is not configured. Falling back to ozone.metadata.dirs config
2022-03-02 18:59:56,393 [Listener at 127.0.0.1/39485] INFO  ha.SequenceIdGenerator (SequenceIdGenerator.java:upgradeToSequenceId(347)) - upgrade localId to 109611004723200000
2022-03-02 18:59:56,394 [Listener at 127.0.0.1/39485] INFO  ha.SequenceIdGenerator (SequenceIdGenerator.java:upgradeToSequenceId(357)) - upgrade delTxnId to 0
2022-03-02 18:59:56,394 [Listener at 127.0.0.1/39485] INFO  ha.SequenceIdGenerator (SequenceIdGenerator.java:upgradeToSequenceId(371)) - upgrade containerId to 0
2022-03-02 18:59:56,394 [Listener at 127.0.0.1/39485] INFO  ha.SequenceIdGenerator (SequenceIdGenerator.java:<init>(218)) - Init the HA SequenceIdGenerator.
2022-03-02 18:59:56,405 [Listener at 127.0.0.1/39485] INFO  node.SCMNodeManager (SCMNodeManager.java:<init>(144)) - Entering startup safe mode.
2022-03-02 18:59:56,405 [Listener at 127.0.0.1/39485] INFO  algorithms.ContainerPlacementPolicyFactory (ContainerPlacementPolicyFactory.java:getPolicy(60)) - Create container placement policy of type org.apache.hadoop.hdds.scm.container.placement.algorithms.SCMContainerPlacementRandom
2022-03-02 18:59:56,406 [Listener at 127.0.0.1/39485] INFO  pipeline.PipelineStateManagerImpl (PipelineStateManagerImpl.java:initialize(78)) - No pipeline exists in current db
2022-03-02 18:59:56,406 [Listener at 127.0.0.1/39485] INFO  algorithms.LeaderChoosePolicyFactory (LeaderChoosePolicyFactory.java:getPolicy(57)) - Create leader choose policy of type org.apache.hadoop.hdds.scm.pipeline.leader.choose.algorithms.MinLeaderCountChoosePolicy
2022-03-02 18:59:56,406 [Listener at 127.0.0.1/39485] INFO  ha.SCMServiceManager (SCMServiceManager.java:register(42)) - Registering service BackgroundPipelineCreator.
2022-03-02 18:59:56,406 [Listener at 127.0.0.1/39485] INFO  pipeline.BackgroundPipelineCreator (BackgroundPipelineCreator.java:start(130)) - Starting RatisPipelineUtilsThread.
2022-03-02 18:59:56,407 [Listener at 127.0.0.1/39485] INFO  algorithms.PipelineChoosePolicyFactory (PipelineChoosePolicyFactory.java:createPipelineChoosePolicyFromClass(73)) - Create pipeline choose policy of type org.apache.hadoop.hdds.scm.pipeline.choose.algorithms.RandomPipelineChoosePolicy
2022-03-02 18:59:56,408 [Listener at 127.0.0.1/39485] INFO  ha.SCMServiceManager (SCMServiceManager.java:register(42)) - Registering service SCMBlockDeletingService.
2022-03-02 18:59:56,408 [Listener at 127.0.0.1/39485] INFO  ha.SCMServiceManager (SCMServiceManager.java:register(42)) - Registering service ReplicationManager.
2022-03-02 18:59:56,408 [Listener at 127.0.0.1/39485] INFO  container.ReplicationManager (ReplicationManager.java:start(326)) - Starting Replication Monitor Thread.
2022-03-02 18:59:56,412 [Listener at 127.0.0.1/39485] INFO  safemode.ContainerSafeModeRule (ContainerSafeModeRule.java:<init>(89)) - containers with one replica threshold count 0
2022-03-02 18:59:56,412 [Listener at 127.0.0.1/39485] INFO  safemode.HealthyPipelineSafeModeRule (HealthyPipelineSafeModeRule.java:initializeRule(156)) - Total pipeline count is 0, healthy pipeline threshold count is 1
2022-03-02 18:59:56,412 [Listener at 127.0.0.1/39485] INFO  safemode.OneReplicaPipelineSafeModeRule (OneReplicaPipelineSafeModeRule.java:initializeRule(180)) - Total pipeline count is 0, pipeline's with at least one datanode reported threshold count is 0
2022-03-02 18:59:56,417 [ReplicationMonitor] INFO  container.ReplicationManager (ReplicationManager.java:processAll(374)) - Replication Manager is not ready to run until 300000ms after safemode exit
2022-03-02 18:59:56,422 [Listener at 127.0.0.1/39485] INFO  ipc.CallQueueManager (CallQueueManager.java:<init>(90)) - Using callQueue: class java.util.concurrent.LinkedBlockingQueue, queueCapacity: 10000, scheduler: class org.apache.hadoop.ipc.DefaultRpcScheduler, ipcBackoff: false.
2022-03-02 18:59:56,431 [Socket Reader #1 for port 39895] INFO  ipc.Server (Server.java:run(1265)) - Starting Socket Reader #1 for port 39895
2022-03-02 18:59:56,445 [Listener at 0.0.0.0/39895] INFO  ipc.CallQueueManager (CallQueueManager.java:<init>(90)) - Using callQueue: class java.util.concurrent.LinkedBlockingQueue, queueCapacity: 10000, scheduler: class org.apache.hadoop.ipc.DefaultRpcScheduler, ipcBackoff: false.
2022-03-02 18:59:56,447 [Socket Reader #1 for port 37613] INFO  ipc.Server (Server.java:run(1265)) - Starting Socket Reader #1 for port 37613
2022-03-02 18:59:56,460 [Listener at 0.0.0.0/37613] INFO  ipc.CallQueueManager (CallQueueManager.java:<init>(90)) - Using callQueue: class java.util.concurrent.LinkedBlockingQueue, queueCapacity: 10000, scheduler: class org.apache.hadoop.ipc.DefaultRpcScheduler, ipcBackoff: false.
2022-03-02 18:59:56,469 [Socket Reader #1 for port 46869] INFO  ipc.Server (Server.java:run(1265)) - Starting Socket Reader #1 for port 46869
2022-03-02 18:59:56,510 [Listener at 0.0.0.0/46869] INFO  algorithms.ContainerPlacementPolicyFactory (ContainerPlacementPolicyFactory.java:getPolicy(60)) - Create container placement policy of type org.apache.hadoop.hdds.scm.container.placement.algorithms.SCMContainerPlacementRandom
2022-03-02 18:59:56,517 [Listener at 0.0.0.0/46869] INFO  server.StorageContainerManager (StorageContainerManager.java:<init>(392)) - 
Container Balancer status:
Key                            Value
Running                        false
Container Balancer Configuration values:
Key                                                Value
Threshold                                          10
Max Datanodes to Involve per Iteration(percent)    20
Max Size to Move per Iteration                     500GB
Max Size Entering Target per Iteration             26GB
Max Size Leaving Source per Iteration              26GB

2022-03-02 18:59:56,517 [Listener at 0.0.0.0/46869] WARN  events.EventQueue (EventQueue.java:fireEvent(194)) - No event handler registered for event TypedEvent{payloadType=SafeModeStatus, name='Safe mode status'}
2022-03-02 18:59:56,518 [Listener at 0.0.0.0/46869] INFO  ha.SCMContext (SCMContext.java:updateSafeModeStatus(211)) - Update SafeModeStatus from SafeModeStatus{safeModeStatus=true, preCheckPassed=false} to SafeModeStatus{safeModeStatus=true, preCheckPassed=false}.
2022-03-02 18:59:56,518 [Listener at 0.0.0.0/46869] INFO  server.StorageContainerManager (StorageContainerManager.java:start(1330)) - StorageContainerLocationProtocol RPC server is listening at /0.0.0.0:46869
2022-03-02 18:59:56,518 [Listener at 0.0.0.0/46869] INFO  ha.SCMRatisServerImpl (SCMRatisServerImpl.java:start(177)) - starting ratis server 0.0.0.0:32791
2022-03-02 18:59:56,519 [Listener at 0.0.0.0/46869] INFO  server.RaftServer$Division (RaftServerImpl.java:start(301)) - f746044e-06a5-45c2-8175-96f1febdd987@group-9B8B311B51AF: start as a follower, conf=0: [f746044e-06a5-45c2-8175-96f1febdd987|rpc:localhost:32791|admin:|client:|dataStream:|priority:0], old=null
2022-03-02 18:59:56,519 [Listener at 0.0.0.0/46869] INFO  server.RaftServer$Division (RaftServerImpl.java:setRole(290)) - f746044e-06a5-45c2-8175-96f1febdd987@group-9B8B311B51AF: changes role from      null to FOLLOWER at term 1 for startAsFollower
2022-03-02 18:59:56,520 [Listener at 0.0.0.0/46869] INFO  impl.RoleInfo (RoleInfo.java:updateAndGet(130)) - f746044e-06a5-45c2-8175-96f1febdd987: start f746044e-06a5-45c2-8175-96f1febdd987@group-9B8B311B51AF-FollowerState
2022-03-02 18:59:56,520 [Listener at 0.0.0.0/46869] INFO  util.JmxRegister (JmxRegister.java:tryRegister(44)) - Successfully registered JMX Bean with object name Ratis:service=RaftServer,group=group-9B8B311B51AF,id=f746044e-06a5-45c2-8175-96f1febdd987
2022-03-02 18:59:56,521 [Listener at 0.0.0.0/46869] INFO  server.RaftServer (RaftServerProxy.java:lambda$start$5(374)) - f746044e-06a5-45c2-8175-96f1febdd987: start RPC server
2022-03-02 18:59:56,523 [Listener at 0.0.0.0/46869] INFO  server.GrpcService (GrpcService.java:startImpl(253)) - f746044e-06a5-45c2-8175-96f1febdd987: GrpcService started, listening on 32791
2022-03-02 18:59:56,523 [Listener at 0.0.0.0/46869] INFO  ha.SCMHAManagerImpl (SCMHAManagerImpl.java:start(121)) -  scm role is FOLLOWER peers [f746044e-06a5-45c2-8175-96f1febdd987|rpc:localhost:32791|admin:|client:|dataStream:|priority:0]
2022-03-02 18:59:56,523 [Listener at 0.0.0.0/46869] INFO  ha.InterSCMGrpcService (InterSCMGrpcProtocolService.java:start(94)) - Starting SCM Grpc Service at port 41169
2022-03-02 18:59:56,537 [Listener at 0.0.0.0/46869] WARN  impl.MetricsConfig (MetricsConfig.java:loadFirst(136)) - Cannot locate configuration: tried hadoop-metrics2-storagecontainermanager.properties,hadoop-metrics2.properties
2022-03-02 18:59:56,542 [org.apache.ratis.util.JvmPauseMonitor$$Lambda$503/666911607@4bd4960e] INFO  util.JvmPauseMonitor (JvmPauseMonitor.java:run(103)) - JvmPauseMonitor-f746044e-06a5-45c2-8175-96f1febdd987: Started
2022-03-02 18:59:56,548 [Listener at 0.0.0.0/46869] INFO  impl.MetricsSystemImpl (MetricsSystemImpl.java:startTimer(378)) - Scheduled Metric snapshot period at 10 second(s).
2022-03-02 18:59:56,548 [Listener at 0.0.0.0/46869] INFO  impl.MetricsSystemImpl (MetricsSystemImpl.java:start(191)) - StorageContainerManager metrics system started
2022-03-02 18:59:56,589 [Listener at 0.0.0.0/46869] INFO  impl.MetricsSinkAdapter (MetricsSinkAdapter.java:start(204)) - Sink prometheus started
2022-03-02 18:59:56,589 [Listener at 0.0.0.0/46869] INFO  impl.MetricsSystemImpl (MetricsSystemImpl.java:registerSink(305)) - Registered sink prometheus
2022-03-02 18:59:56,634 [Listener at 0.0.0.0/46869] INFO  server.SCMClientProtocolServer (SCMClientProtocolServer.java:start(165)) - RPC server for Client  is listening at /0.0.0.0:46869
2022-03-02 18:59:56,641 [IPC Server Responder] INFO  ipc.Server (Server.java:run(1507)) - IPC Server Responder: starting
2022-03-02 18:59:56,646 [IPC Server listener on 46869] INFO  ipc.Server (Server.java:run(1344)) - IPC Server listener on 46869: starting
2022-03-02 18:59:56,676 [Listener at 0.0.0.0/46869] INFO  server.StorageContainerManager (StorageContainerManager.java:start(1345)) - ScmBlockLocationProtocol RPC server is listening at /0.0.0.0:37613
2022-03-02 18:59:56,676 [Listener at 0.0.0.0/46869] INFO  server.SCMBlockProtocolServer (SCMBlockProtocolServer.java:start(151)) - RPC server for Block Protocol is listening at /0.0.0.0:37613
2022-03-02 18:59:56,677 [IPC Server Responder] INFO  ipc.Server (Server.java:run(1507)) - IPC Server Responder: starting
2022-03-02 18:59:56,677 [IPC Server listener on 37613] INFO  ipc.Server (Server.java:run(1344)) - IPC Server listener on 37613: starting
2022-03-02 18:59:56,700 [Listener at 0.0.0.0/46869] INFO  http.BaseHttpServer (BaseHttpServer.java:newHttpServer2BuilderForOzone(209)) - Starting Web-server for scm at: http://0.0.0.0:44509
2022-03-02 18:59:56,700 [Listener at 0.0.0.0/46869] INFO  http.BaseHttpServer (BaseHttpServer.java:<init>(107)) - Hadoop Security Enabled: false Ozone Security Enabled: false Ozone HTTP Security Enabled: false 
2022-03-02 18:59:56,702 [Listener at 0.0.0.0/46869] INFO  server.AuthenticationFilter (AuthenticationFilter.java:constructSecretProvider(240)) - Unable to initialize FileSignerSecretProvider, falling back to use random secrets.
2022-03-02 18:59:56,702 [org.apache.hadoop.util.JvmPauseMonitor$Monitor@1990d2bb] INFO  util.JvmPauseMonitor (JvmPauseMonitor.java:run(188)) - Starting JVM pause monitor
2022-03-02 18:59:56,703 [Listener at 0.0.0.0/46869] WARN  http.HttpRequestLog (HttpRequestLog.java:getRequestLog(103)) - Jetty request log can only be enabled using Log4j
2022-03-02 18:59:56,713 [Listener at 0.0.0.0/46869] INFO  http.HttpServer2 (HttpServer2.java:addGlobalFilter(1030)) - Added global filter 'safety' (class=org.apache.hadoop.hdds.server.http.HttpServer2$QuotingInputFilter)
2022-03-02 18:59:56,714 [Listener at 0.0.0.0/46869] INFO  http.HttpServer2 (HttpServer2.java:addFilter(1006)) - Added filter static_user_filter (class=org.apache.hadoop.http.lib.StaticUserWebFilter$StaticUserFilter) to context scm
2022-03-02 18:59:56,715 [Listener at 0.0.0.0/46869] INFO  http.HttpServer2 (HttpServer2.java:addFilter(1014)) - Added filter static_user_filter (class=org.apache.hadoop.http.lib.StaticUserWebFilter$StaticUserFilter) to context logs
2022-03-02 18:59:56,715 [Listener at 0.0.0.0/46869] INFO  http.HttpServer2 (HttpServer2.java:addFilter(1014)) - Added filter static_user_filter (class=org.apache.hadoop.http.lib.StaticUserWebFilter$StaticUserFilter) to context static
2022-03-02 18:59:56,715 [Listener at 0.0.0.0/46869] INFO  http.HttpServer2 (HttpServer2.java:bindListener(1249)) - Jetty bound to port 44509
2022-03-02 18:59:56,715 [Listener at 0.0.0.0/46869] INFO  server.Server (Server.java:doStart(375)) - jetty-9.4.43.v20210629; built: 2021-06-30T11:07:22.254Z; git: 526006ecfa3af7f1a27ef3a288e2bef7ea9dd7e8; jvm 1.8.0_322-b06
2022-03-02 18:59:56,724 [Listener at 0.0.0.0/46869] INFO  server.session (DefaultSessionIdManager.java:doStart(334)) - DefaultSessionIdManager workerName=node0
2022-03-02 18:59:56,724 [Listener at 0.0.0.0/46869] INFO  server.session (DefaultSessionIdManager.java:doStart(339)) - No SessionScavenger set, using defaults
2022-03-02 18:59:56,725 [Listener at 0.0.0.0/46869] INFO  server.session (HouseKeeper.java:startScavenging(132)) - node0 Scavenging every 600000ms
2022-03-02 18:59:56,725 [Listener at 0.0.0.0/46869] INFO  handler.ContextHandler (ContextHandler.java:doStart(915)) - Started o.e.j.s.ServletContextHandler@6b620300{logs,/logs,file:///home/runner/work/ozone/ozone/hadoop-ozone/integration-test/target/log,AVAILABLE}
2022-03-02 18:59:56,726 [Listener at 0.0.0.0/46869] INFO  handler.ContextHandler (ContextHandler.java:doStart(915)) - Started o.e.j.s.ServletContextHandler@7a248528{static,/static,file:///home/runner/work/ozone/ozone/hadoop-ozone/integration-test/target/test-classes/webapps/static,AVAILABLE}
2022-03-02 18:59:56,730 [Listener at 0.0.0.0/46869] INFO  handler.ContextHandler (ContextHandler.java:doStart(915)) - Started o.e.j.w.WebAppContext@318d0545{scm,/,file:///home/runner/work/ozone/ozone/hadoop-ozone/integration-test/target/test-classes/webapps/scm/,AVAILABLE}{file:/home/runner/work/ozone/ozone/hadoop-ozone/integration-test/target/test-classes/webapps/scm}
2022-03-02 18:59:56,737 [Listener at 0.0.0.0/46869] INFO  server.AbstractConnector (AbstractConnector.java:doStart(331)) - Started ServerConnector@529503b0{HTTP/1.1, (http/1.1)}{0.0.0.0:44509}
2022-03-02 18:59:56,738 [Listener at 0.0.0.0/46869] INFO  server.Server (Server.java:doStart(415)) - Started @93520ms
2022-03-02 18:59:56,738 [Listener at 0.0.0.0/46869] WARN  impl.MetricsSystemImpl (MetricsSystemImpl.java:register(279)) - Sink prometheus already exists!
2022-03-02 18:59:56,742 [Listener at 0.0.0.0/46869] INFO  http.BaseHttpServer (BaseHttpServer.java:updateConnectorAddress(329)) - HTTP server of scm listening at http://0.0.0.0:44509
2022-03-02 18:59:56,743 [Listener at 0.0.0.0/46869] INFO  ozone.MiniOzoneHAClusterImpl (MiniOzoneHAClusterImpl.java:createSCMService(600)) - Started SCM RPC server at /0.0.0.0:46869
2022-03-02 18:59:56,751 [Listener at 0.0.0.0/46869] INFO  ha.SCMHANodeDetails (SCMHANodeDetails.java:loadSCMHAConfig(157)) - ServiceID for StorageContainerManager is scm-service-test1
2022-03-02 18:59:56,751 [Listener at 0.0.0.0/46869] INFO  ha.SCMHANodeDetails (SCMHANodeDetails.java:loadSCMHAConfig(168)) - ServiceID for StorageContainerManager is scm-service-test1
2022-03-02 18:59:56,751 [Listener at 0.0.0.0/46869] WARN  scm.ScmUtils (ScmUtils.java:logWarn(179)) - ConfigKey ozone.scm.block.client.address is deprecated, For configuring different ports for each SCM use PortConfigKey ozone.scm.block.client.port appended with serviceId and nodeId. If want to configure same port configure ozone.scm.block.client.port
2022-03-02 18:59:56,751 [Listener at 0.0.0.0/46869] WARN  scm.ScmUtils (ScmUtils.java:logWarn(179)) - ConfigKey ozone.scm.client.address is deprecated, For configuring different ports for each SCM use PortConfigKey ozone.scm.client.port appended with serviceId and nodeId. If want to configure same port configure ozone.scm.client.port
2022-03-02 18:59:56,752 [Listener at 0.0.0.0/46869] WARN  scm.ScmUtils (ScmUtils.java:logWarn(179)) - ConfigKey ozone.scm.datanode.address is deprecated, For configuring different ports for each SCM use PortConfigKey ozone.scm.datanode.port appended with serviceId and nodeId. If want to configure same port configure ozone.scm.datanode.port
2022-03-02 18:59:56,752 [Listener at 0.0.0.0/46869] WARN  scm.ScmUtils (ScmUtils.java:logWarn(179)) - ConfigKey ozone.scm.block.client.address is deprecated, For configuring different ports for each SCM use PortConfigKey ozone.scm.block.client.port appended with serviceId and nodeId. If want to configure same port configure ozone.scm.block.client.port
2022-03-02 18:59:56,752 [Listener at 0.0.0.0/46869] WARN  scm.ScmUtils (ScmUtils.java:logWarn(179)) - ConfigKey ozone.scm.client.address is deprecated, For configuring different ports for each SCM use PortConfigKey ozone.scm.client.port appended with serviceId and nodeId. If want to configure same port configure ozone.scm.client.port
2022-03-02 18:59:56,752 [Listener at 0.0.0.0/46869] WARN  scm.ScmUtils (ScmUtils.java:logWarn(179)) - ConfigKey ozone.scm.datanode.address is deprecated, For configuring different ports for each SCM use PortConfigKey ozone.scm.datanode.port appended with serviceId and nodeId. If want to configure same port configure ozone.scm.datanode.port
2022-03-02 18:59:56,752 [Listener at 0.0.0.0/46869] INFO  ha.SCMHANodeDetails (SCMHANodeDetails.java:loadSCMHAConfig(250)) - Found matching SCM address with SCMServiceId: scm-service-test1, SCMNodeId: scmNode-2, RPC Address: localhost:41833 and Ratis port: 41833
2022-03-02 18:59:56,752 [Listener at 0.0.0.0/46869] INFO  ha.SCMHANodeDetails (ConfUtils.java:setNodeSpecificConfigs(108)) - Setting configuration key ozone.scm.datanode.address with value of key ozone.scm.datanode.address.scm-service-test1.scmNode-2: 127.0.0.1:32779
2022-03-02 18:59:56,752 [Listener at 0.0.0.0/46869] INFO  ha.SCMHANodeDetails (ConfUtils.java:setNodeSpecificConfigs(108)) - Setting configuration key ozone.scm.block.client.address with value of key ozone.scm.block.client.address.scm-service-test1.scmNode-2: 127.0.0.1:36773
2022-03-02 18:59:56,752 [Listener at 0.0.0.0/46869] INFO  ha.SCMHANodeDetails (ConfUtils.java:setNodeSpecificConfigs(108)) - Setting configuration key ozone.scm.client.address with value of key ozone.scm.client.address.scm-service-test1.scmNode-2: 127.0.0.1:41101
2022-03-02 18:59:56,753 [Listener at 0.0.0.0/46869] INFO  ha.SCMHANodeDetails (ConfUtils.java:setNodeSpecificConfigs(108)) - Setting configuration key ozone.scm.ratis.port with value of key ozone.scm.ratis.port.scm-service-test1.scmNode-2: 41833
2022-03-02 18:59:56,753 [Listener at 0.0.0.0/46869] INFO  ha.SCMHANodeDetails (ConfUtils.java:setNodeSpecificConfigs(108)) - Setting configuration key ozone.scm.grpc.port with value of key ozone.scm.grpc.port.scm-service-test1.scmNode-2: 35895
2022-03-02 18:59:56,753 [Listener at 0.0.0.0/46869] INFO  ha.SCMHANodeDetails (ConfUtils.java:setNodeSpecificConfigs(108)) - Setting configuration key ozone.scm.http-address with value of key ozone.scm.http-address.scm-service-test1.scmNode-2: 127.0.0.1:43097
2022-03-02 18:59:56,753 [Listener at 0.0.0.0/46869] INFO  ha.SCMHANodeDetails (ConfUtils.java:setNodeSpecificConfigs(108)) - Setting configuration key ozone.scm.https-address with value of key ozone.scm.https-address.scm-service-test1.scmNode-2: 127.0.0.1:45961
2022-03-02 18:59:56,753 [Listener at 0.0.0.0/46869] INFO  ha.SCMHANodeDetails (ConfUtils.java:setNodeSpecificConfigs(108)) - Setting configuration key ozone.scm.address with value of key ozone.scm.address.scm-service-test1.scmNode-2: 127.0.0.1
2022-03-02 18:59:56,753 [Listener at 0.0.0.0/46869] WARN  scm.ScmUtils (ScmUtils.java:logWarn(179)) - ConfigKey ozone.scm.block.client.address is deprecated, For configuring different ports for each SCM use PortConfigKey ozone.scm.block.client.port appended with serviceId and nodeId. If want to configure same port configure ozone.scm.block.client.port
2022-03-02 18:59:56,753 [Listener at 0.0.0.0/46869] WARN  scm.ScmUtils (ScmUtils.java:logWarn(179)) - ConfigKey ozone.scm.client.address is deprecated, For configuring different ports for each SCM use PortConfigKey ozone.scm.client.port appended with serviceId and nodeId. If want to configure same port configure ozone.scm.client.port
2022-03-02 18:59:56,753 [Listener at 0.0.0.0/46869] WARN  scm.ScmUtils (ScmUtils.java:logWarn(179)) - ConfigKey ozone.scm.datanode.address is deprecated, For configuring different ports for each SCM use PortConfigKey ozone.scm.datanode.port appended with serviceId and nodeId. If want to configure same port configure ozone.scm.datanode.port
2022-03-02 18:59:56,753 [Listener at 0.0.0.0/46869] WARN  server.ServerUtils (ServerUtils.java:getScmDbDir(148)) - ozone.scm.db.dirs is not configured. We recommend adding this setting. Falling back to ozone.metadata.dirs instead.
2022-03-02 18:59:56,755 [Listener at 0.0.0.0/46869] INFO  ha.SCMNodeInfo (SCMNodeInfo.java:getPort(197)) - ConfigKey ozone.scm.client.address is deprecated, For configuring different ports for each SCM use PortConfigKey ozone.scm.client.port appended with serviceId and nodeId
2022-03-02 18:59:56,755 [Listener at 0.0.0.0/46869] INFO  ha.SCMNodeInfo (SCMNodeInfo.java:getPort(197)) - ConfigKey ozone.scm.block.client.address is deprecated, For configuring different ports for each SCM use PortConfigKey ozone.scm.block.client.port appended with serviceId and nodeId
2022-03-02 18:59:56,755 [Listener at 0.0.0.0/46869] INFO  ha.SCMNodeInfo (SCMNodeInfo.java:getPort(197)) - ConfigKey ozone.scm.datanode.address is deprecated, For configuring different ports for each SCM use PortConfigKey ozone.scm.datanode.port appended with serviceId and nodeId
2022-03-02 18:59:56,755 [Listener at 0.0.0.0/46869] INFO  ha.SCMNodeInfo (SCMNodeInfo.java:getPort(197)) - ConfigKey ozone.scm.client.address is deprecated, For configuring different ports for each SCM use PortConfigKey ozone.scm.client.port appended with serviceId and nodeId
2022-03-02 18:59:56,755 [Listener at 0.0.0.0/46869] INFO  ha.SCMNodeInfo (SCMNodeInfo.java:getPort(197)) - ConfigKey ozone.scm.block.client.address is deprecated, For configuring different ports for each SCM use PortConfigKey ozone.scm.block.client.port appended with serviceId and nodeId
2022-03-02 18:59:56,755 [Listener at 0.0.0.0/46869] INFO  ha.SCMNodeInfo (SCMNodeInfo.java:getPort(197)) - ConfigKey ozone.scm.datanode.address is deprecated, For configuring different ports for each SCM use PortConfigKey ozone.scm.datanode.port appended with serviceId and nodeId
2022-03-02 18:59:56,755 [Listener at 0.0.0.0/46869] INFO  ha.SCMNodeInfo (SCMNodeInfo.java:getPort(197)) - ConfigKey ozone.scm.client.address is deprecated, For configuring different ports for each SCM use PortConfigKey ozone.scm.client.port appended with serviceId and nodeId
2022-03-02 18:59:56,756 [Listener at 0.0.0.0/46869] INFO  ha.SCMNodeInfo (SCMNodeInfo.java:getPort(197)) - ConfigKey ozone.scm.block.client.address is deprecated, For configuring different ports for each SCM use PortConfigKey ozone.scm.block.client.port appended with serviceId and nodeId
2022-03-02 18:59:56,756 [Listener at 0.0.0.0/46869] INFO  ha.SCMNodeInfo (SCMNodeInfo.java:getPort(197)) - ConfigKey ozone.scm.datanode.address is deprecated, For configuring different ports for each SCM use PortConfigKey ozone.scm.datanode.port appended with serviceId and nodeId
2022-03-02 18:59:56,924 [EndpointStateMachine task thread for /127.0.0.1:38087 - 0 ] INFO  ipc.Client (Client.java:handleConnectionFailure(977)) - Retrying connect to server: localhost/127.0.0.1:38087. Already tried 12 time(s); retry policy is RetryUpToMaximumCountWithFixedSleep(maxRetries=15, sleepTime=1000 MILLISECONDS)
2022-03-02 18:59:56,929 [EndpointStateMachine task thread for /127.0.0.1:35087 - 0 ] INFO  ipc.Client (Client.java:handleConnectionFailure(977)) - Retrying connect to server: localhost/127.0.0.1:35087. Already tried 12 time(s); retry policy is RetryUpToMaximumCountWithFixedSleep(maxRetries=15, sleepTime=1000 MILLISECONDS)
2022-03-02 18:59:56,930 [EndpointStateMachine task thread for /127.0.0.1:45277 - 0 ] INFO  ipc.Client (Client.java:handleConnectionFailure(977)) - Retrying connect to server: localhost/127.0.0.1:45277. Already tried 12 time(s); retry policy is RetryUpToMaximumCountWithFixedSleep(maxRetries=15, sleepTime=1000 MILLISECONDS)
2022-03-02 18:59:57,925 [EndpointStateMachine task thread for /127.0.0.1:38087 - 0 ] INFO  ipc.Client (Client.java:handleConnectionFailure(977)) - Retrying connect to server: localhost/127.0.0.1:38087. Already tried 13 time(s); retry policy is RetryUpToMaximumCountWithFixedSleep(maxRetries=15, sleepTime=1000 MILLISECONDS)
2022-03-02 18:59:57,930 [EndpointStateMachine task thread for /127.0.0.1:35087 - 0 ] INFO  ipc.Client (Client.java:handleConnectionFailure(977)) - Retrying connect to server: localhost/127.0.0.1:35087. Already tried 13 time(s); retry policy is RetryUpToMaximumCountWithFixedSleep(maxRetries=15, sleepTime=1000 MILLISECONDS)
2022-03-02 18:59:57,932 [EndpointStateMachine task thread for /127.0.0.1:45277 - 0 ] INFO  ipc.Client (Client.java:handleConnectionFailure(977)) - Retrying connect to server: localhost/127.0.0.1:45277. Already tried 13 time(s); retry policy is RetryUpToMaximumCountWithFixedSleep(maxRetries=15, sleepTime=1000 MILLISECONDS)
2022-03-02 18:59:58,787 [Listener at 0.0.0.0/46869] INFO  retry.RetryInvocationHandler (RetryInvocationHandler.java:log(411)) - com.google.protobuf.ServiceException: java.net.ConnectException: Call From fv-az148-899/10.1.0.29 to localhost:36773 failed on connection exception: java.net.ConnectException: Connection refused; For more details see:  http://wiki.apache.org/hadoop/ConnectionRefused, while invoking $Proxy39.send over nodeId=scmNode-2,nodeAddress=/127.0.0.1:36773 after 1 failover attempts. Trying to failover after sleeping for 2000ms.
2022-03-02 18:59:58,926 [EndpointStateMachine task thread for /127.0.0.1:38087 - 0 ] INFO  ipc.Client (Client.java:handleConnectionFailure(977)) - Retrying connect to server: localhost/127.0.0.1:38087. Already tried 14 time(s); retry policy is RetryUpToMaximumCountWithFixedSleep(maxRetries=15, sleepTime=1000 MILLISECONDS)
2022-03-02 18:59:58,930 [EndpointStateMachine task thread for /127.0.0.1:35087 - 0 ] INFO  ipc.Client (Client.java:handleConnectionFailure(977)) - Retrying connect to server: localhost/127.0.0.1:35087. Already tried 14 time(s); retry policy is RetryUpToMaximumCountWithFixedSleep(maxRetries=15, sleepTime=1000 MILLISECONDS)
2022-03-02 18:59:58,932 [EndpointStateMachine task thread for /127.0.0.1:45277 - 0 ] INFO  ipc.Client (Client.java:handleConnectionFailure(977)) - Retrying connect to server: localhost/127.0.0.1:45277. Already tried 14 time(s); retry policy is RetryUpToMaximumCountWithFixedSleep(maxRetries=15, sleepTime=1000 MILLISECONDS)
2022-03-02 18:59:59,929 [EndpointStateMachine task thread for /127.0.0.1:38087 - 0 ] INFO  ipc.Client (Client.java:handleConnectionFailure(977)) - Retrying connect to server: localhost/127.0.0.1:38087. Already tried 0 time(s); retry policy is RetryUpToMaximumCountWithFixedSleep(maxRetries=15, sleepTime=1000 MILLISECONDS)
2022-03-02 18:59:59,931 [EndpointStateMachine task thread for /127.0.0.1:35087 - 0 ] INFO  ipc.Client (Client.java:handleConnectionFailure(977)) - Retrying connect to server: localhost/127.0.0.1:35087. Already tried 0 time(s); retry policy is RetryUpToMaximumCountWithFixedSleep(maxRetries=15, sleepTime=1000 MILLISECONDS)
2022-03-02 18:59:59,933 [EndpointStateMachine task thread for /127.0.0.1:45277 - 0 ] INFO  ipc.Client (Client.java:handleConnectionFailure(977)) - Retrying connect to server: localhost/127.0.0.1:45277. Already tried 0 time(s); retry policy is RetryUpToMaximumCountWithFixedSleep(maxRetries=15, sleepTime=1000 MILLISECONDS)
2022-03-02 19:00:00,789 [Listener at 0.0.0.0/46869] INFO  retry.RetryInvocationHandler (RetryInvocationHandler.java:log(411)) - com.google.protobuf.ServiceException: java.net.ConnectException: Call From fv-az148-899/10.1.0.29 to localhost:36985 failed on connection exception: java.net.ConnectException: Connection refused; For more details see:  http://wiki.apache.org/hadoop/ConnectionRefused, while invoking $Proxy39.send over nodeId=scmNode-3,nodeAddress=/127.0.0.1:36985 after 2 failover attempts. Trying to failover after sleeping for 2000ms.
2022-03-02 19:00:00,930 [EndpointStateMachine task thread for /127.0.0.1:38087 - 0 ] INFO  ipc.Client (Client.java:handleConnectionFailure(977)) - Retrying connect to server: localhost/127.0.0.1:38087. Already tried 1 time(s); retry policy is RetryUpToMaximumCountWithFixedSleep(maxRetries=15, sleepTime=1000 MILLISECONDS)
2022-03-02 19:00:00,931 [EndpointStateMachine task thread for /127.0.0.1:35087 - 0 ] INFO  ipc.Client (Client.java:handleConnectionFailure(977)) - Retrying connect to server: localhost/127.0.0.1:35087. Already tried 1 time(s); retry policy is RetryUpToMaximumCountWithFixedSleep(maxRetries=15, sleepTime=1000 MILLISECONDS)
2022-03-02 19:00:00,933 [EndpointStateMachine task thread for /127.0.0.1:45277 - 0 ] INFO  ipc.Client (Client.java:handleConnectionFailure(977)) - Retrying connect to server: localhost/127.0.0.1:45277. Already tried 1 time(s); retry policy is RetryUpToMaximumCountWithFixedSleep(maxRetries=15, sleepTime=1000 MILLISECONDS)
2022-03-02 19:00:01,531 [f746044e-06a5-45c2-8175-96f1febdd987@group-9B8B311B51AF-FollowerState] INFO  impl.FollowerState (FollowerState.java:run(134)) - f746044e-06a5-45c2-8175-96f1febdd987@group-9B8B311B51AF-FollowerState: change to CANDIDATE, lastRpcElapsedTime:5010925325ns, electionTimeout:5009ms
2022-03-02 19:00:01,531 [f746044e-06a5-45c2-8175-96f1febdd987@group-9B8B311B51AF-FollowerState] INFO  impl.RoleInfo (RoleInfo.java:shutdownFollowerState(108)) - f746044e-06a5-45c2-8175-96f1febdd987: shutdown f746044e-06a5-45c2-8175-96f1febdd987@group-9B8B311B51AF-FollowerState
2022-03-02 19:00:01,531 [f746044e-06a5-45c2-8175-96f1febdd987@group-9B8B311B51AF-FollowerState] INFO  server.RaftServer$Division (RaftServerImpl.java:setRole(290)) - f746044e-06a5-45c2-8175-96f1febdd987@group-9B8B311B51AF: changes role from  FOLLOWER to CANDIDATE at term 1 for changeToCandidate
2022-03-02 19:00:01,531 [f746044e-06a5-45c2-8175-96f1febdd987@group-9B8B311B51AF-FollowerState] INFO  server.RaftServerConfigKeys (ConfUtils.java:logGet(44)) - raft.server.leaderelection.pre-vote = false (custom)
2022-03-02 19:00:01,531 [f746044e-06a5-45c2-8175-96f1febdd987@group-9B8B311B51AF-FollowerState] INFO  impl.RoleInfo (RoleInfo.java:updateAndGet(130)) - f746044e-06a5-45c2-8175-96f1febdd987: start f746044e-06a5-45c2-8175-96f1febdd987@group-9B8B311B51AF-LeaderElection20
2022-03-02 19:00:01,544 [f746044e-06a5-45c2-8175-96f1febdd987@group-9B8B311B51AF-LeaderElection20] INFO  impl.LeaderElection (LeaderElection.java:askForVotes(306)) - f746044e-06a5-45c2-8175-96f1febdd987@group-9B8B311B51AF-LeaderElection20 ELECTION round 0: submit vote requests at term 2 for 0: [f746044e-06a5-45c2-8175-96f1febdd987|rpc:localhost:32791|admin:|client:|dataStream:|priority:0], old=null
2022-03-02 19:00:01,544 [f746044e-06a5-45c2-8175-96f1febdd987@group-9B8B311B51AF-LeaderElection20] INFO  impl.LeaderElection (LeaderElection.java:askForVotes(308)) - f746044e-06a5-45c2-8175-96f1febdd987@group-9B8B311B51AF-LeaderElection20 ELECTION round 0: result PASSED (term=2)
2022-03-02 19:00:01,544 [f746044e-06a5-45c2-8175-96f1febdd987@group-9B8B311B51AF-LeaderElection20] INFO  impl.RoleInfo (RoleInfo.java:shutdownLeaderElection(121)) - f746044e-06a5-45c2-8175-96f1febdd987: shutdown f746044e-06a5-45c2-8175-96f1febdd987@group-9B8B311B51AF-LeaderElection20
2022-03-02 19:00:01,544 [f746044e-06a5-45c2-8175-96f1febdd987@group-9B8B311B51AF-LeaderElection20] INFO  server.RaftServer$Division (RaftServerImpl.java:setRole(290)) - f746044e-06a5-45c2-8175-96f1febdd987@group-9B8B311B51AF: changes role from CANDIDATE to LEADER at term 2 for changeToLeader
2022-03-02 19:00:01,544 [f746044e-06a5-45c2-8175-96f1febdd987@group-9B8B311B51AF-LeaderElection20] INFO  ha.SCMStateMachine (SCMStateMachine.java:notifyLeaderChanged(259)) - current SCM becomes leader of term 2.
2022-03-02 19:00:01,544 [f746044e-06a5-45c2-8175-96f1febdd987@group-9B8B311B51AF-LeaderElection20] INFO  ha.SCMContext (SCMContext.java:updateLeaderAndTerm(90)) - update <isLeader,term> from <false,0> to <true,2>
2022-03-02 19:00:01,544 [f746044e-06a5-45c2-8175-96f1febdd987@group-9B8B311B51AF-LeaderElection20] INFO  server.RaftServer$Division (ServerState.java:setLeader(285)) - f746044e-06a5-45c2-8175-96f1febdd987@group-9B8B311B51AF: change Leader from null to f746044e-06a5-45c2-8175-96f1febdd987 at term 2 for becomeLeader, leader elected after 5156ms
2022-03-02 19:00:01,544 [f746044e-06a5-45c2-8175-96f1febdd987@group-9B8B311B51AF-LeaderElection20] INFO  server.RaftServerConfigKeys (ConfUtils.java:logGet(44)) - raft.server.staging.catchup.gap = 1000 (default)
2022-03-02 19:00:01,546 [f746044e-06a5-45c2-8175-96f1febdd987@group-9B8B311B51AF-LeaderElection20] INFO  server.RaftServerConfigKeys (ConfUtils.java:logGet(44)) - raft.server.write.element-limit = 4096 (default)
2022-03-02 19:00:01,549 [f746044e-06a5-45c2-8175-96f1febdd987@group-9B8B311B51AF-LeaderElection20] INFO  server.RaftServerConfigKeys (ConfUtils.java:logGet(44)) - raft.server.write.byte-limit = 64MB (=67108864) (default)
2022-03-02 19:00:01,549 [f746044e-06a5-45c2-8175-96f1febdd987@group-9B8B311B51AF-LeaderElection20] INFO  server.RaftServerConfigKeys (ConfUtils.java:logGet(44)) - raft.server.watch.timeout = 10s (default)
2022-03-02 19:00:01,549 [f746044e-06a5-45c2-8175-96f1febdd987@group-9B8B311B51AF-LeaderElection20] INFO  server.RaftServerConfigKeys (ConfUtils.java:logGet(44)) - raft.server.watch.timeout.denomination = 1s (default)
2022-03-02 19:00:01,549 [f746044e-06a5-45c2-8175-96f1febdd987@group-9B8B311B51AF-LeaderElection20] INFO  server.RaftServerConfigKeys (ConfUtils.java:logGet(44)) - raft.server.watch.element-limit = 65536 (default)
2022-03-02 19:00:01,549 [f746044e-06a5-45c2-8175-96f1febdd987@group-9B8B311B51AF-LeaderElection20] INFO  server.RaftServerConfigKeys (ConfUtils.java:logGet(44)) - raft.server.write.element-limit = 4096 (default)
2022-03-02 19:00:01,549 [f746044e-06a5-45c2-8175-96f1febdd987@group-9B8B311B51AF-LeaderElection20] INFO  server.RaftServerConfigKeys (ConfUtils.java:logGet(44)) - raft.server.write.follower.gap.ratio.max = -1.0 (default)
2022-03-02 19:00:01,550 [f746044e-06a5-45c2-8175-96f1febdd987@group-9B8B311B51AF-LeaderElection20] INFO  impl.RoleInfo (RoleInfo.java:updateAndGet(130)) - f746044e-06a5-45c2-8175-96f1febdd987: start f746044e-06a5-45c2-8175-96f1febdd987@group-9B8B311B51AF-LeaderStateImpl
2022-03-02 19:00:01,550 [f746044e-06a5-45c2-8175-96f1febdd987@group-9B8B311B51AF-LeaderElection20] INFO  segmented.SegmentedRaftLogWorker (SegmentedRaftLogWorker.java:rollLogSegment(399)) - f746044e-06a5-45c2-8175-96f1febdd987@group-9B8B311B51AF-SegmentedRaftLogWorker: Rolling segment log-0_0 to index:0
2022-03-02 19:00:01,551 [f746044e-06a5-45c2-8175-96f1febdd987@group-9B8B311B51AF-SegmentedRaftLogWorker] INFO  segmented.SegmentedRaftLogWorker (SegmentedRaftLogWorker.java:execute(558)) - f746044e-06a5-45c2-8175-96f1febdd987@group-9B8B311B51AF-SegmentedRaftLogWorker: Rolled log segment from /home/runner/work/ozone/ozone/hadoop-ozone/integration-test/target/test-dir/MiniOzoneClusterImpl-5ed764c8-eddb-4368-ac32-9b8b311b51af/scmNode-1/scm-ha/5ed764c8-eddb-4368-ac32-9b8b311b51af/current/log_inprogress_0 to /home/runner/work/ozone/ozone/hadoop-ozone/integration-test/target/test-dir/MiniOzoneClusterImpl-5ed764c8-eddb-4368-ac32-9b8b311b51af/scmNode-1/scm-ha/5ed764c8-eddb-4368-ac32-9b8b311b51af/current/log_0-0
2022-03-02 19:00:01,565 [f746044e-06a5-45c2-8175-96f1febdd987@group-9B8B311B51AF-LeaderElection20] INFO  server.RaftServer$Division (ServerState.java:setRaftConf(387)) - f746044e-06a5-45c2-8175-96f1febdd987@group-9B8B311B51AF: set configuration 1: [f746044e-06a5-45c2-8175-96f1febdd987|rpc:localhost:32791|admin:|client:|dataStream:|priority:0], old=null
2022-03-02 19:00:01,569 [f746044e-06a5-45c2-8175-96f1febdd987@group-9B8B311B51AF-SegmentedRaftLogWorker] INFO  segmented.SegmentedRaftLogWorker (SegmentedRaftLogWorker.java:execute(601)) - f746044e-06a5-45c2-8175-96f1febdd987@group-9B8B311B51AF-SegmentedRaftLogWorker: created new log segment /home/runner/work/ozone/ozone/hadoop-ozone/integration-test/target/test-dir/MiniOzoneClusterImpl-5ed764c8-eddb-4368-ac32-9b8b311b51af/scmNode-1/scm-ha/5ed764c8-eddb-4368-ac32-9b8b311b51af/current/log_inprogress_1
2022-03-02 19:00:01,570 [f746044e-06a5-45c2-8175-96f1febdd987@group-9B8B311B51AF-StateMachineUpdater] INFO  ha.SCMContext (SCMContext.java:setLeaderReady(117)) - update <isLeaderReady> from <false> to <true>
2022-03-02 19:00:01,576 [f746044e-06a5-45c2-8175-96f1febdd987@group-9B8B311B51AF-StateMachineUpdater] INFO  pipeline.BackgroundPipelineCreator (BackgroundPipelineCreator.java:notifyStatusChanged(264)) - Service BackgroundPipelineCreator transitions to RUNNING.
2022-03-02 19:00:01,576 [f746044e-06a5-45c2-8175-96f1febdd987@group-9B8B311B51AF-StateMachineUpdater] INFO  safemode.HealthyPipelineSafeModeRule (HealthyPipelineSafeModeRule.java:initializeRule(152)) - Refreshed total pipeline count is 0, healthy pipeline threshold count is 1
2022-03-02 19:00:01,576 [f746044e-06a5-45c2-8175-96f1febdd987@group-9B8B311B51AF-StateMachineUpdater] INFO  safemode.ContainerSafeModeRule (ContainerSafeModeRule.java:reInitializeRule(177)) - Refreshed one replica container threshold 0, currentThreshold 0
2022-03-02 19:00:01,576 [f746044e-06a5-45c2-8175-96f1febdd987@group-9B8B311B51AF-StateMachineUpdater] INFO  safemode.OneReplicaPipelineSafeModeRule (OneReplicaPipelineSafeModeRule.java:initializeRule(176)) - Refreshed Total pipeline count is 0, pipeline's with at least one datanode reported threshold count is 0
2022-03-02 19:00:01,576 [f746044e-06a5-45c2-8175-96f1febdd987@group-9B8B311B51AF-StateMachineUpdater] INFO  server.SCMDatanodeProtocolServer (SCMDatanodeProtocolServer.java:start(181)) - ScmDatanodeProtocol RPC server for DataNodes is listening at /0.0.0.0:39895
2022-03-02 19:00:01,602 [IPC Server listener on 39895] INFO  ipc.Server (Server.java:run(1344)) - IPC Server listener on 39895: starting
2022-03-02 19:00:01,605 [IPC Server Responder] INFO  ipc.Server (Server.java:run(1507)) - IPC Server Responder: starting
2022-03-02 19:00:01,930 [EndpointStateMachine task thread for /127.0.0.1:38087 - 0 ] INFO  ipc.Client (Client.java:handleConnectionFailure(977)) - Retrying connect to server: localhost/127.0.0.1:38087. Already tried 2 time(s); retry policy is RetryUpToMaximumCountWithFixedSleep(maxRetries=15, sleepTime=1000 MILLISECONDS)
2022-03-02 19:00:01,932 [EndpointStateMachine task thread for /127.0.0.1:35087 - 0 ] INFO  ipc.Client (Client.java:handleConnectionFailure(977)) - Retrying connect to server: localhost/127.0.0.1:35087. Already tried 2 time(s); retry policy is RetryUpToMaximumCountWithFixedSleep(maxRetries=15, sleepTime=1000 MILLISECONDS)
2022-03-02 19:00:01,933 [EndpointStateMachine task thread for /127.0.0.1:45277 - 0 ] INFO  ipc.Client (Client.java:handleConnectionFailure(977)) - Retrying connect to server: localhost/127.0.0.1:45277. Already tried 2 time(s); retry policy is RetryUpToMaximumCountWithFixedSleep(maxRetries=15, sleepTime=1000 MILLISECONDS)
2022-03-02 19:00:02,795 [Listener at 0.0.0.0/46869] INFO  server.StorageContainerManager (StorageContainerManager.java:scmBootstrap(1014)) - SCM BootStrap  is successful for ClusterID 5ed764c8-eddb-4368-ac32-9b8b311b51af, SCMID 3b6c5475-24e7-4d17-bb16-57441daa5342
2022-03-02 19:00:02,795 [Listener at 0.0.0.0/46869] INFO  server.StorageContainerManager (StorageContainerManager.java:scmBootstrap(1016)) - Primary SCM Node ID f746044e-06a5-45c2-8175-96f1febdd987
2022-03-02 19:00:02,796 [Listener at 0.0.0.0/46869] INFO  ha.SCMHANodeDetails (SCMHANodeDetails.java:loadSCMHAConfig(157)) - ServiceID for StorageContainerManager is scm-service-test1
2022-03-02 19:00:02,796 [Listener at 0.0.0.0/46869] INFO  ha.SCMHANodeDetails (SCMHANodeDetails.java:loadSCMHAConfig(168)) - ServiceID for StorageContainerManager is scm-service-test1
2022-03-02 19:00:02,796 [Listener at 0.0.0.0/46869] WARN  scm.ScmUtils (ScmUtils.java:logWarn(179)) - ConfigKey ozone.scm.block.client.address is deprecated, For configuring different ports for each SCM use PortConfigKey ozone.scm.block.client.port appended with serviceId and nodeId. If want to configure same port configure ozone.scm.block.client.port
2022-03-02 19:00:02,796 [Listener at 0.0.0.0/46869] WARN  scm.ScmUtils (ScmUtils.java:logWarn(179)) - ConfigKey ozone.scm.client.address is deprecated, For configuring different ports for each SCM use PortConfigKey ozone.scm.client.port appended with serviceId and nodeId. If want to configure same port configure ozone.scm.client.port
2022-03-02 19:00:02,796 [Listener at 0.0.0.0/46869] WARN  scm.ScmUtils (ScmUtils.java:logWarn(179)) - ConfigKey ozone.scm.datanode.address is deprecated, For configuring different ports for each SCM use PortConfigKey ozone.scm.datanode.port appended with serviceId and nodeId. If want to configure same port configure ozone.scm.datanode.port
2022-03-02 19:00:02,796 [Listener at 0.0.0.0/46869] WARN  scm.ScmUtils (ScmUtils.java:logWarn(179)) - ConfigKey ozone.scm.block.client.address is deprecated, For configuring different ports for each SCM use PortConfigKey ozone.scm.block.client.port appended with serviceId and nodeId. If want to configure same port configure ozone.scm.block.client.port
2022-03-02 19:00:02,797 [Listener at 0.0.0.0/46869] WARN  scm.ScmUtils (ScmUtils.java:logWarn(179)) - ConfigKey ozone.scm.client.address is deprecated, For configuring different ports for each SCM use PortConfigKey ozone.scm.client.port appended with serviceId and nodeId. If want to configure same port configure ozone.scm.client.port
2022-03-02 19:00:02,797 [Listener at 0.0.0.0/46869] WARN  scm.ScmUtils (ScmUtils.java:logWarn(179)) - ConfigKey ozone.scm.datanode.address is deprecated, For configuring different ports for each SCM use PortConfigKey ozone.scm.datanode.port appended with serviceId and nodeId. If want to configure same port configure ozone.scm.datanode.port
2022-03-02 19:00:02,797 [Listener at 0.0.0.0/46869] INFO  ha.SCMHANodeDetails (SCMHANodeDetails.java:loadSCMHAConfig(250)) - Found matching SCM address with SCMServiceId: scm-service-test1, SCMNodeId: scmNode-2, RPC Address: localhost:41833 and Ratis port: 41833
2022-03-02 19:00:02,797 [Listener at 0.0.0.0/46869] INFO  ha.SCMHANodeDetails (ConfUtils.java:setNodeSpecificConfigs(108)) - Setting configuration key ozone.scm.datanode.address with value of key ozone.scm.datanode.address.scm-service-test1.scmNode-2: 127.0.0.1:32779
2022-03-02 19:00:02,797 [Listener at 0.0.0.0/46869] INFO  ha.SCMHANodeDetails (ConfUtils.java:setNodeSpecificConfigs(108)) - Setting configuration key ozone.scm.block.client.address with value of key ozone.scm.block.client.address.scm-service-test1.scmNode-2: 127.0.0.1:36773
2022-03-02 19:00:02,797 [Listener at 0.0.0.0/46869] INFO  ha.SCMHANodeDetails (ConfUtils.java:setNodeSpecificConfigs(108)) - Setting configuration key ozone.scm.client.address with value of key ozone.scm.client.address.scm-service-test1.scmNode-2: 127.0.0.1:41101
2022-03-02 19:00:02,797 [Listener at 0.0.0.0/46869] INFO  ha.SCMHANodeDetails (ConfUtils.java:setNodeSpecificConfigs(108)) - Setting configuration key ozone.scm.ratis.port with value of key ozone.scm.ratis.port.scm-service-test1.scmNode-2: 41833
2022-03-02 19:00:02,797 [Listener at 0.0.0.0/46869] INFO  ha.SCMHANodeDetails (ConfUtils.java:setNodeSpecificConfigs(108)) - Setting configuration key ozone.scm.grpc.port with value of key ozone.scm.grpc.port.scm-service-test1.scmNode-2: 35895
2022-03-02 19:00:02,798 [Listener at 0.0.0.0/46869] INFO  ha.SCMHANodeDetails (ConfUtils.java:setNodeSpecificConfigs(108)) - Setting configuration key ozone.scm.http-address with value of key ozone.scm.http-address.scm-service-test1.scmNode-2: 127.0.0.1:43097
2022-03-02 19:00:02,798 [Listener at 0.0.0.0/46869] INFO  ha.SCMHANodeDetails (ConfUtils.java:setNodeSpecificConfigs(108)) - Setting configuration key ozone.scm.https-address with value of key ozone.scm.https-address.scm-service-test1.scmNode-2: 127.0.0.1:45961
2022-03-02 19:00:02,798 [Listener at 0.0.0.0/46869] INFO  ha.SCMHANodeDetails (ConfUtils.java:setNodeSpecificConfigs(108)) - Setting configuration key ozone.scm.address with value of key ozone.scm.address.scm-service-test1.scmNode-2: 127.0.0.1
2022-03-02 19:00:02,798 [Listener at 0.0.0.0/46869] WARN  scm.ScmUtils (ScmUtils.java:logWarn(179)) - ConfigKey ozone.scm.block.client.address is deprecated, For configuring different ports for each SCM use PortConfigKey ozone.scm.block.client.port appended with serviceId and nodeId. If want to configure same port configure ozone.scm.block.client.port
2022-03-02 19:00:02,798 [Listener at 0.0.0.0/46869] WARN  scm.ScmUtils (ScmUtils.java:logWarn(179)) - ConfigKey ozone.scm.client.address is deprecated, For configuring different ports for each SCM use PortConfigKey ozone.scm.client.port appended with serviceId and nodeId. If want to configure same port configure ozone.scm.client.port
2022-03-02 19:00:02,798 [Listener at 0.0.0.0/46869] WARN  scm.ScmUtils (ScmUtils.java:logWarn(179)) - ConfigKey ozone.scm.datanode.address is deprecated, For configuring different ports for each SCM use PortConfigKey ozone.scm.datanode.port appended with serviceId and nodeId. If want to configure same port configure ozone.scm.datanode.port
2022-03-02 19:00:02,799 [Listener at 0.0.0.0/46869] WARN  server.ServerUtils (ServerUtils.java:getScmDbDir(148)) - ozone.scm.db.dirs is not configured. We recommend adding this setting. Falling back to ozone.metadata.dirs instead.
2022-03-02 19:00:02,799 [Listener at 0.0.0.0/46869] INFO  upgrade.AbstractLayoutVersionManager (AbstractLayoutVersionManager.java:init(79)) - Initializing Layout version manager with metadata layout = SCM_HA (version = 2), software layout = SCM_HA (version = 2)
2022-03-02 19:00:02,876 [Listener at 0.0.0.0/46869] INFO  reflections.Reflections (Reflections.java:scan(232)) - Reflections took 76 ms to scan 7 urls, producing 122 keys and 286 values 
2022-03-02 19:00:02,884 [Listener at 0.0.0.0/46869] WARN  utils.HAUtils (HAUtils.java:getMetaDir(342)) - ozone.scm.db.dirs is not configured. We recommend adding this setting. Falling back to ozone.metadata.dirs instead.
2022-03-02 19:00:02,890 [Listener at 0.0.0.0/46869] WARN  db.DBStoreBuilder (DBStoreBuilder.java:applyDBDefinition(145)) - ozone.scm.db.dirs is not configured. We recommend adding this setting. Falling back to ozone.metadata.dirs instead.
2022-03-02 19:00:02,931 [EndpointStateMachine task thread for /127.0.0.1:38087 - 0 ] INFO  ipc.Client (Client.java:handleConnectionFailure(977)) - Retrying connect to server: localhost/127.0.0.1:38087. Already tried 3 time(s); retry policy is RetryUpToMaximumCountWithFixedSleep(maxRetries=15, sleepTime=1000 MILLISECONDS)
2022-03-02 19:00:02,932 [EndpointStateMachine task thread for /127.0.0.1:35087 - 0 ] INFO  ipc.Client (Client.java:handleConnectionFailure(977)) - Retrying connect to server: localhost/127.0.0.1:35087. Already tried 3 time(s); retry policy is RetryUpToMaximumCountWithFixedSleep(maxRetries=15, sleepTime=1000 MILLISECONDS)
2022-03-02 19:00:02,934 [EndpointStateMachine task thread for /127.0.0.1:45277 - 0 ] INFO  ipc.Client (Client.java:handleConnectionFailure(977)) - Retrying connect to server: localhost/127.0.0.1:45277. Already tried 3 time(s); retry policy is RetryUpToMaximumCountWithFixedSleep(maxRetries=15, sleepTime=1000 MILLISECONDS)
2022-03-02 19:00:03,016 [Listener at 0.0.0.0/46869] INFO  net.NodeSchemaLoader (NodeSchemaLoader.java:loadSchemaFromFile(129)) - Loading schema from [jar:file:/home/runner/.m2/repository/org/apache/ozone/hdds-common/1.3.0-SNAPSHOT/hdds-common-1.3.0-SNAPSHOT.jar!/network-topology-default.xml]
2022-03-02 19:00:03,021 [Listener at 0.0.0.0/46869] INFO  net.NodeSchemaLoader (NodeSchemaLoader.java:loadSchema(176)) - Loading network topology layer schema file
2022-03-02 19:00:03,033 [Listener at 0.0.0.0/46869] WARN  impl.MetricRegistriesImpl (MetricRegistriesImpl.java:addReporterRegistration(111)) - New reporters are added after registries were created. Some metrics will be missing from the reporter. Please add reporter before adding any new registry.
2022-03-02 19:00:03,034 [Listener at 0.0.0.0/46869] WARN  impl.MetricRegistriesImpl (MetricRegistriesImpl.java:addReporterRegistration(111)) - New reporters are added after registries were created. Some metrics will be missing from the reporter. Please add reporter before adding any new registry.
2022-03-02 19:00:03,035 [Listener at 0.0.0.0/46869] INFO  ha.SCMRatisServerImpl (SCMRatisServerImpl.java:<init>(87)) - starting Raft server for scm:3b6c5475-24e7-4d17-bb16-57441daa5342
2022-03-02 19:00:03,035 [Listener at 0.0.0.0/46869] INFO  server.RaftServer (ConfUtils.java:logGet(44)) - raft.rpc.type = GRPC (default)
2022-03-02 19:00:03,042 [Listener at 0.0.0.0/46869] INFO  grpc.GrpcFactory (GrpcFactory.java:checkPooledByteBufAllocatorUseCacheForAllThreads(48)) - PERFORMANCE WARNING: useCacheForAllThreads is true that may cause Netty to create a lot garbage objects and, as a result, trigger GC.
	It is recommended to disable useCacheForAllThreads by setting -Dorg.apache.ratis.thirdparty.io.netty.allocator.useCacheForAllThreads=false in command line.
2022-03-02 19:00:03,042 [Listener at 0.0.0.0/46869] INFO  grpc.GrpcConfigKeys (ConfUtils.java:logGet(44)) - raft.grpc.admin.port = -1 (default)
2022-03-02 19:00:03,042 [Listener at 0.0.0.0/46869] INFO  grpc.GrpcConfigKeys (ConfUtils.java:logGet(44)) - raft.grpc.server.port = 41833 (custom)
2022-03-02 19:00:03,043 [Listener at 0.0.0.0/46869] INFO  grpc.GrpcConfigKeys (ConfUtils.java:logGet(44)) - raft.grpc.client.port = -1 (default)
2022-03-02 19:00:03,043 [Listener at 0.0.0.0/46869] INFO  grpc.GrpcConfigKeys (ConfUtils.java:logGet(44)) - raft.grpc.server.port = 41833 (custom)
2022-03-02 19:00:03,043 [Listener at 0.0.0.0/46869] INFO  grpc.GrpcConfigKeys (ConfUtils.java:logGet(44)) - raft.grpc.server.port = 41833 (custom)
2022-03-02 19:00:03,043 [Listener at 0.0.0.0/46869] INFO  server.GrpcService (ConfUtils.java:logGet(44)) - raft.grpc.message.size.max = 32m (=33554432) (custom)
2022-03-02 19:00:03,043 [Listener at 0.0.0.0/46869] INFO  server.RaftServerConfigKeys (ConfUtils.java:logGet(44)) - raft.server.log.appender.buffer.byte-limit = 33554432 (custom)
2022-03-02 19:00:03,043 [Listener at 0.0.0.0/46869] INFO  server.GrpcService (ConfUtils.java:logGet(44)) - raft.grpc.flow.control.window = 1MB (=1048576) (default)
2022-03-02 19:00:03,044 [Listener at 0.0.0.0/46869] INFO  server.RaftServerConfigKeys (ConfUtils.java:logGet(44)) - raft.server.rpc.request.timeout = 30000ms (custom)
2022-03-02 19:00:03,045 [Listener at 0.0.0.0/46869] INFO  impl.DataStreamServerImpl (ConfUtils.java:logGet(44)) - raft.datastream.type = DISABLED (default)
2022-03-02 19:00:03,046 [Listener at 0.0.0.0/46869] INFO  server.RaftServerConfigKeys (ConfUtils.java:logGet(44)) - raft.server.rpc.slowness.timeout = 120000ms (custom)
2022-03-02 19:00:03,046 [Listener at 0.0.0.0/46869] INFO  server.RaftServerConfigKeys (ConfUtils.java:logGet(44)) - raft.server.leaderelection.leader.step-down.wait-time = 10s (default)
2022-03-02 19:00:03,046 [Listener at 0.0.0.0/46869] INFO  server.RaftServerConfigKeys (ConfUtils.java:logGet(44)) - raft.server.storage.dir = [/home/runner/work/ozone/ozone/hadoop-ozone/integration-test/target/test-dir/MiniOzoneClusterImpl-5ed764c8-eddb-4368-ac32-9b8b311b51af/scmNode-2/scm-ha] (custom)
2022-03-02 19:00:03,049 [Listener at 0.0.0.0/46869] INFO  server.RaftServer (RaftServerProxy.java:addNew(95)) - 3b6c5475-24e7-4d17-bb16-57441daa5342: addNew group-9B8B311B51AF:[] returns group-9B8B311B51AF:java.util.concurrent.CompletableFuture@5e14f405[Not completed]
2022-03-02 19:00:03,049 [pool-269-thread-1] INFO  server.RaftServer$Division (RaftServerImpl.java:<init>(184)) - 3b6c5475-24e7-4d17-bb16-57441daa5342: new RaftServerImpl for group-9B8B311B51AF:[] with SCMStateMachine:uninitialized
2022-03-02 19:00:03,058 [pool-269-thread-1] INFO  server.RaftServerConfigKeys (ConfUtils.java:logGet(44)) - raft.server.rpc.timeout.min = 5000ms (custom)
2022-03-02 19:00:03,058 [pool-269-thread-1] INFO  server.RaftServerConfigKeys (ConfUtils.java:logGet(44)) - raft.server.rpc.timeout.max = 5200ms (custom)
2022-03-02 19:00:03,058 [pool-269-thread-1] INFO  server.RaftServerConfigKeys (ConfUtils.java:logGet(44)) - raft.server.rpc.sleep.time = 25ms (default)
2022-03-02 19:00:03,058 [pool-269-thread-1] INFO  server.RaftServerConfigKeys (ConfUtils.java:logGet(44)) - raft.server.rpc.slowness.timeout = 120000ms (custom)
2022-03-02 19:00:03,058 [pool-269-thread-1] INFO  server.RaftServerConfigKeys (ConfUtils.java:logGet(44)) - raft.server.leaderelection.leader.step-down.wait-time = 10s (default)
2022-03-02 19:00:03,058 [pool-269-thread-1] INFO  server.RaftServerConfigKeys (ConfUtils.java:logGet(44)) - raft.server.sleep.deviation.threshold = 300ms (default)
2022-03-02 19:00:03,058 [pool-269-thread-1] INFO  server.RaftServerConfigKeys (ConfUtils.java:logGet(44)) - raft.server.log.appender.install.snapshot.enabled = false (custom)
2022-03-02 19:00:03,058 [pool-269-thread-1] INFO  server.RaftServer$Division (ServerState.java:<init>(105)) - 3b6c5475-24e7-4d17-bb16-57441daa5342@group-9B8B311B51AF: ConfigurationManager, init=-1: [], old=null, confs=<EMPTY_MAP>
2022-03-02 19:00:03,058 [pool-269-thread-1] INFO  server.RaftServerConfigKeys (ConfUtils.java:logGet(44)) - raft.server.storage.dir = [/home/runner/work/ozone/ozone/hadoop-ozone/integration-test/target/test-dir/MiniOzoneClusterImpl-5ed764c8-eddb-4368-ac32-9b8b311b51af/scmNode-2/scm-ha] (custom)
2022-03-02 19:00:03,058 [pool-269-thread-1] INFO  server.RaftServerConfigKeys (ConfUtils.java:logGet(44)) - raft.server.log.corruption.policy = EXCEPTION (default)
2022-03-02 19:00:03,058 [pool-269-thread-1] INFO  server.RaftServerConfigKeys (ConfUtils.java:logGet(44)) - raft.server.storage.free-space.min = 0MB (=0) (default)
2022-03-02 19:00:03,058 [pool-269-thread-1] INFO  storage.RaftStorageDirectory (RaftStorageDirectoryImpl.java:analyzeStorage(135)) - The storage directory /home/runner/work/ozone/ozone/hadoop-ozone/integration-test/target/test-dir/MiniOzoneClusterImpl-5ed764c8-eddb-4368-ac32-9b8b311b51af/scmNode-2/scm-ha/5ed764c8-eddb-4368-ac32-9b8b311b51af does not exist. Creating ...
2022-03-02 19:00:03,060 [pool-269-thread-1] INFO  storage.RaftStorageDirectory (RaftStorageDirectoryImpl.java:tryLock(230)) - Lock on /home/runner/work/ozone/ozone/hadoop-ozone/integration-test/target/test-dir/MiniOzoneClusterImpl-5ed764c8-eddb-4368-ac32-9b8b311b51af/scmNode-2/scm-ha/5ed764c8-eddb-4368-ac32-9b8b311b51af/in_use.lock acquired by nodename 7106@fv-az148-899
2022-03-02 19:00:03,062 [pool-269-thread-1] INFO  storage.RaftStorage (RaftStorageImpl.java:format(89)) - Storage directory /home/runner/work/ozone/ozone/hadoop-ozone/integration-test/target/test-dir/MiniOzoneClusterImpl-5ed764c8-eddb-4368-ac32-9b8b311b51af/scmNode-2/scm-ha/5ed764c8-eddb-4368-ac32-9b8b311b51af has been successfully formatted.
2022-03-02 19:00:03,062 [pool-269-thread-1] INFO  server.RaftServerConfigKeys (ConfUtils.java:logGet(44)) - raft.server.notification.no-leader.timeout = 60s (default)
2022-03-02 19:00:03,062 [pool-269-thread-1] INFO  server.RaftServerConfigKeys (ConfUtils.java:logGet(44)) - raft.server.log.use.memory = false (default)
2022-03-02 19:00:03,062 [pool-269-thread-1] INFO  server.RaftServerConfigKeys (ConfUtils.java:logGet(44)) - raft.server.log.purge.gap = 5 (custom)
2022-03-02 19:00:03,062 [pool-269-thread-1] INFO  server.RaftServerConfigKeys (ConfUtils.java:logGet(44)) - raft.server.log.appender.buffer.byte-limit = 33554432 (custom)
2022-03-02 19:00:03,062 [pool-269-thread-1] INFO  server.RaftServerConfigKeys (ConfUtils.java:logGet(44)) - raft.server.log.segment.size.max = 4194304 (custom)
2022-03-02 19:00:03,063 [pool-269-thread-1] INFO  server.RaftServerConfigKeys (ConfUtils.java:logGet(44)) - raft.server.log.segment.cache.num.max = 2 (custom)
2022-03-02 19:00:03,063 [pool-269-thread-1] INFO  server.RaftServerConfigKeys (ConfUtils.java:logGet(44)) - raft.server.log.segment.cache.size.max = 200MB (=209715200) (default)
2022-03-02 19:00:03,063 [pool-269-thread-1] INFO  segmented.SegmentedRaftLogWorker (SegmentedRaftLogWorker.java:<init>(182)) - new 3b6c5475-24e7-4d17-bb16-57441daa5342@group-9B8B311B51AF-SegmentedRaftLogWorker for RaftStorageImpl:Storage Directory /home/runner/work/ozone/ozone/hadoop-ozone/integration-test/target/test-dir/MiniOzoneClusterImpl-5ed764c8-eddb-4368-ac32-9b8b311b51af/scmNode-2/scm-ha/5ed764c8-eddb-4368-ac32-9b8b311b51af
2022-03-02 19:00:03,063 [pool-269-thread-1] INFO  server.RaftServerConfigKeys (ConfUtils.java:logGet(44)) - raft.server.log.queue.byte-limit = 64MB (=67108864) (default)
2022-03-02 19:00:03,063 [pool-269-thread-1] INFO  server.RaftServerConfigKeys (ConfUtils.java:logGet(44)) - raft.server.log.queue.element-limit = 4096 (default)
2022-03-02 19:00:03,063 [pool-269-thread-1] INFO  server.RaftServerConfigKeys (ConfUtils.java:logGet(44)) - raft.server.log.segment.size.max = 4194304 (custom)
2022-03-02 19:00:03,063 [pool-269-thread-1] INFO  server.RaftServerConfigKeys (ConfUtils.java:logGet(44)) - raft.server.log.preallocated.size = 4194304 (custom)
2022-03-02 19:00:03,063 [pool-269-thread-1] INFO  server.RaftServerConfigKeys (ConfUtils.java:logGet(44)) - raft.server.log.force.sync.num = 128 (default)
2022-03-02 19:00:03,063 [pool-269-thread-1] INFO  server.RaftServerConfigKeys (ConfUtils.java:logGet(44)) - raft.server.log.statemachine.data.sync = true (default)
2022-03-02 19:00:03,063 [pool-269-thread-1] INFO  server.RaftServerConfigKeys (ConfUtils.java:logGet(44)) - raft.server.log.statemachine.data.sync.timeout = 10s (default)
2022-03-02 19:00:03,063 [pool-269-thread-1] INFO  server.RaftServerConfigKeys (ConfUtils.java:logGet(44)) - raft.server.log.statemachine.data.sync.timeout.retry = -1 (default)
2022-03-02 19:00:03,064 [pool-269-thread-1] INFO  server.RaftServerConfigKeys (ConfUtils.java:logGet(44)) - raft.server.log.write.buffer.size = 64KB (=65536) (default)
2022-03-02 19:00:03,064 [pool-269-thread-1] INFO  server.RaftServerConfigKeys (ConfUtils.java:logGet(44)) - raft.server.log.statemachine.data.caching.enabled = false (default)
2022-03-02 19:00:03,064 [pool-269-thread-1] INFO  segmented.SegmentedRaftLogWorker (SegmentedRaftLogWorker.java:lambda$new$0(133)) - 3b6c5475-24e7-4d17-bb16-57441daa5342@group-9B8B311B51AF-SegmentedRaftLogWorker: flushIndex: setUnconditionally 0 -> -1
2022-03-02 19:00:03,064 [pool-269-thread-1] INFO  segmented.SegmentedRaftLogWorker (SegmentedRaftLogWorker.java:lambda$new$0(133)) - 3b6c5475-24e7-4d17-bb16-57441daa5342@group-9B8B311B51AF-SegmentedRaftLogWorker: safeCacheEvictIndex: setUnconditionally 0 -> -1
2022-03-02 19:00:03,081 [pool-269-thread-1] INFO  server.RaftServerConfigKeys (ConfUtils.java:logGet(44)) - raft.server.snapshot.auto.trigger.enabled = true (custom)
2022-03-02 19:00:03,081 [pool-269-thread-1] INFO  server.RaftServerConfigKeys (ConfUtils.java:logGet(44)) - raft.server.snapshot.auto.trigger.threshold = 5 (custom)
2022-03-02 19:00:03,081 [pool-269-thread-1] INFO  server.RaftServerConfigKeys (ConfUtils.java:logGet(44)) - raft.server.snapshot.retention.file.num = -1 (default)
2022-03-02 19:00:03,081 [pool-269-thread-1] INFO  server.RaftServerConfigKeys (ConfUtils.java:logGet(44)) - raft.server.log.purge.upto.snapshot.index = true (custom)
2022-03-02 19:00:03,081 [pool-269-thread-1] INFO  server.RaftServerConfigKeys (ConfUtils.java:logGet(44)) - raft.server.retrycache.expirytime = 60000ms (default)
2022-03-02 19:00:03,081 [pool-269-thread-1] INFO  server.RaftServerConfigKeys (ConfUtils.java:logGet(44)) - raft.server.retrycache.statistics.expirytime = 100μs (default)
2022-03-02 19:00:03,082 [Listener at 0.0.0.0/46869] INFO  ha.SCMSnapshotProvider (SCMSnapshotProvider.java:<init>(66)) - Initializing SCM Snapshot Provider
2022-03-02 19:00:03,082 [Listener at 0.0.0.0/46869] WARN  server.ServerUtils (ServerUtils.java:getDefaultRatisDirectory(237)) - Storage directory for Ratis is not configured. It is a good idea to map this to an SSD disk. Falling back to ozone.metadata.dirs
2022-03-02 19:00:03,082 [Listener at 0.0.0.0/46869] WARN  ha.SCMHAUtils (SCMHAUtils.java:getSCMRatisSnapshotDirectory(151)) - SCM snapshot dir is not configured. Falling back to ozone.metadata.dirs config
2022-03-02 19:00:03,084 [Listener at 0.0.0.0/46869] INFO  ha.SequenceIdGenerator (SequenceIdGenerator.java:upgradeToSequenceId(347)) - upgrade localId to 109611004723200000
2022-03-02 19:00:03,084 [Listener at 0.0.0.0/46869] INFO  ha.SequenceIdGenerator (SequenceIdGenerator.java:upgradeToSequenceId(357)) - upgrade delTxnId to 0
2022-03-02 19:00:03,084 [Listener at 0.0.0.0/46869] INFO  ha.SequenceIdGenerator (SequenceIdGenerator.java:upgradeToSequenceId(371)) - upgrade containerId to 0
2022-03-02 19:00:03,084 [Listener at 0.0.0.0/46869] INFO  ha.SequenceIdGenerator (SequenceIdGenerator.java:<init>(218)) - Init the HA SequenceIdGenerator.
2022-03-02 19:00:03,085 [Listener at 0.0.0.0/46869] WARN  server.ServerUtils (ServerUtils.java:sanitizeUserArgs(73)) - ozone.scm.stale.node.interval value = 300000 is larger than max = 100000 based on the key value of ozone.scm.heartbeat.thread.interval, reset to the max value 100000.
2022-03-02 19:00:03,085 [Listener at 0.0.0.0/46869] WARN  server.ServerUtils (ServerUtils.java:sanitizeUserArgs(73)) - ozone.scm.stale.node.interval value = 300000 is larger than max = 100000 based on the key value of ozone.scm.heartbeat.thread.interval, reset to the max value 100000.
2022-03-02 19:00:03,086 [Listener at 0.0.0.0/46869] INFO  node.SCMNodeManager (SCMNodeManager.java:<init>(144)) - Entering startup safe mode.
2022-03-02 19:00:03,087 [Listener at 0.0.0.0/46869] INFO  algorithms.ContainerPlacementPolicyFactory (ContainerPlacementPolicyFactory.java:getPolicy(60)) - Create container placement policy of type org.apache.hadoop.hdds.scm.container.placement.algorithms.SCMContainerPlacementRandom
2022-03-02 19:00:03,087 [Listener at 0.0.0.0/46869] INFO  pipeline.PipelineStateManagerImpl (PipelineStateManagerImpl.java:initialize(78)) - No pipeline exists in current db
2022-03-02 19:00:03,088 [Listener at 0.0.0.0/46869] INFO  algorithms.LeaderChoosePolicyFactory (LeaderChoosePolicyFactory.java:getPolicy(57)) - Create leader choose policy of type org.apache.hadoop.hdds.scm.pipeline.leader.choose.algorithms.MinLeaderCountChoosePolicy
2022-03-02 19:00:03,088 [Listener at 0.0.0.0/46869] INFO  ha.SCMServiceManager (SCMServiceManager.java:register(42)) - Registering service BackgroundPipelineCreator.
2022-03-02 19:00:03,088 [Listener at 0.0.0.0/46869] INFO  pipeline.BackgroundPipelineCreator (BackgroundPipelineCreator.java:start(130)) - Starting RatisPipelineUtilsThread.
2022-03-02 19:00:03,090 [Listener at 0.0.0.0/46869] INFO  algorithms.PipelineChoosePolicyFactory (PipelineChoosePolicyFactory.java:createPipelineChoosePolicyFromClass(73)) - Create pipeline choose policy of type org.apache.hadoop.hdds.scm.pipeline.choose.algorithms.RandomPipelineChoosePolicy
2022-03-02 19:00:03,090 [Listener at 0.0.0.0/46869] INFO  ha.SCMServiceManager (SCMServiceManager.java:register(42)) - Registering service SCMBlockDeletingService.
2022-03-02 19:00:03,091 [Listener at 0.0.0.0/46869] INFO  ha.SCMServiceManager (SCMServiceManager.java:register(42)) - Registering service ReplicationManager.
2022-03-02 19:00:03,091 [Listener at 0.0.0.0/46869] INFO  container.ReplicationManager (ReplicationManager.java:start(326)) - Starting Replication Monitor Thread.
2022-03-02 19:00:03,101 [Listener at 0.0.0.0/46869] INFO  safemode.ContainerSafeModeRule (ContainerSafeModeRule.java:<init>(89)) - containers with one replica threshold count 0
2022-03-02 19:00:03,102 [Listener at 0.0.0.0/46869] INFO  safemode.HealthyPipelineSafeModeRule (HealthyPipelineSafeModeRule.java:initializeRule(156)) - Total pipeline count is 0, healthy pipeline threshold count is 1
2022-03-02 19:00:03,102 [Listener at 0.0.0.0/46869] INFO  safemode.OneReplicaPipelineSafeModeRule (OneReplicaPipelineSafeModeRule.java:initializeRule(180)) - Total pipeline count is 0, pipeline's with at least one datanode reported threshold count is 0
2022-03-02 19:00:03,125 [Listener at 0.0.0.0/46869] INFO  ipc.CallQueueManager (CallQueueManager.java:<init>(90)) - Using callQueue: class java.util.concurrent.LinkedBlockingQueue, queueCapacity: 2000, scheduler: class org.apache.hadoop.ipc.DefaultRpcScheduler, ipcBackoff: false.
2022-03-02 19:00:03,127 [ReplicationMonitor] INFO  container.ReplicationManager (ReplicationManager.java:processAll(374)) - Replication Manager is not ready to run until 3000ms after safemode exit
2022-03-02 19:00:03,133 [Socket Reader #1 for port 32779] INFO  ipc.Server (Server.java:run(1265)) - Starting Socket Reader #1 for port 32779
2022-03-02 19:00:03,138 [Listener at 0.0.0.0/32779] INFO  ipc.CallQueueManager (CallQueueManager.java:<init>(90)) - Using callQueue: class java.util.concurrent.LinkedBlockingQueue, queueCapacity: 2000, scheduler: class org.apache.hadoop.ipc.DefaultRpcScheduler, ipcBackoff: false.
2022-03-02 19:00:03,139 [Socket Reader #1 for port 36773] INFO  ipc.Server (Server.java:run(1265)) - Starting Socket Reader #1 for port 36773
2022-03-02 19:00:03,141 [Listener at 0.0.0.0/36773] INFO  ipc.CallQueueManager (CallQueueManager.java:<init>(90)) - Using callQueue: class java.util.concurrent.LinkedBlockingQueue, queueCapacity: 2000, scheduler: class org.apache.hadoop.ipc.DefaultRpcScheduler, ipcBackoff: false.
2022-03-02 19:00:03,142 [Socket Reader #1 for port 41101] INFO  ipc.Server (Server.java:run(1265)) - Starting Socket Reader #1 for port 41101
2022-03-02 19:00:03,194 [Listener at 0.0.0.0/41101] INFO  algorithms.ContainerPlacementPolicyFactory (ContainerPlacementPolicyFactory.java:getPolicy(60)) - Create container placement policy of type org.apache.hadoop.hdds.scm.container.placement.algorithms.SCMContainerPlacementRandom
2022-03-02 19:00:03,206 [Listener at 0.0.0.0/41101] INFO  server.StorageContainerManager (StorageContainerManager.java:<init>(392)) - 
Container Balancer status:
Key                            Value
Running                        false
Container Balancer Configuration values:
Key                                                Value
Threshold                                          10
Max Datanodes to Involve per Iteration(percent)    20
Max Size to Move per Iteration                     500GB
Max Size Entering Target per Iteration             26GB
Max Size Leaving Source per Iteration              26GB

2022-03-02 19:00:03,206 [Listener at 0.0.0.0/41101] WARN  events.EventQueue (EventQueue.java:fireEvent(194)) - No event handler registered for event TypedEvent{payloadType=SafeModeStatus, name='Safe mode status'}
2022-03-02 19:00:03,206 [Listener at 0.0.0.0/41101] INFO  ha.SCMContext (SCMContext.java:updateSafeModeStatus(211)) - Update SafeModeStatus from SafeModeStatus{safeModeStatus=true, preCheckPassed=false} to SafeModeStatus{safeModeStatus=true, preCheckPassed=false}.
2022-03-02 19:00:03,207 [Listener at 0.0.0.0/41101] INFO  server.StorageContainerManager (StorageContainerManager.java:start(1330)) - StorageContainerLocationProtocol RPC server is listening at /0.0.0.0:41101
2022-03-02 19:00:03,207 [Listener at 0.0.0.0/41101] INFO  ha.SCMRatisServerImpl (SCMRatisServerImpl.java:start(177)) - starting ratis server 0.0.0.0:41833
2022-03-02 19:00:03,207 [Listener at 0.0.0.0/41101] INFO  server.RaftServer$Division (RaftServerImpl.java:start(304)) - 3b6c5475-24e7-4d17-bb16-57441daa5342@group-9B8B311B51AF: start with initializing state, conf=-1: [], old=null
2022-03-02 19:00:03,207 [Listener at 0.0.0.0/41101] INFO  server.RaftServer$Division (RaftServerImpl.java:setRole(290)) - 3b6c5475-24e7-4d17-bb16-57441daa5342@group-9B8B311B51AF: changes role from      null to FOLLOWER at term 0 for startInitializing
2022-03-02 19:00:03,207 [Listener at 0.0.0.0/41101] INFO  util.JmxRegister (JmxRegister.java:tryRegister(44)) - Successfully registered JMX Bean with object name Ratis:service=RaftServer,group=group-9B8B311B51AF,id=3b6c5475-24e7-4d17-bb16-57441daa5342
2022-03-02 19:00:03,225 [Listener at 0.0.0.0/41101] INFO  server.RaftServer (RaftServerProxy.java:lambda$start$5(374)) - 3b6c5475-24e7-4d17-bb16-57441daa5342: start RPC server
2022-03-02 19:00:03,242 [Listener at 0.0.0.0/41101] INFO  server.GrpcService (GrpcService.java:startImpl(253)) - 3b6c5475-24e7-4d17-bb16-57441daa5342: GrpcService started, listening on 41833
2022-03-02 19:00:03,249 [Listener at 0.0.0.0/41101] INFO  ha.SCMNodeInfo (SCMNodeInfo.java:getPort(197)) - ConfigKey ozone.scm.client.address is deprecated, For configuring different ports for each SCM use PortConfigKey ozone.scm.client.port appended with serviceId and nodeId
2022-03-02 19:00:03,250 [Listener at 0.0.0.0/41101] INFO  ha.SCMNodeInfo (SCMNodeInfo.java:getPort(197)) - ConfigKey ozone.scm.block.client.address is deprecated, For configuring different ports for each SCM use PortConfigKey ozone.scm.block.client.port appended with serviceId and nodeId
2022-03-02 19:00:03,250 [Listener at 0.0.0.0/41101] INFO  ha.SCMNodeInfo (SCMNodeInfo.java:getPort(197)) - ConfigKey ozone.scm.datanode.address is deprecated, For configuring different ports for each SCM use PortConfigKey ozone.scm.datanode.port appended with serviceId and nodeId
2022-03-02 19:00:03,250 [Listener at 0.0.0.0/41101] INFO  ha.SCMNodeInfo (SCMNodeInfo.java:getPort(197)) - ConfigKey ozone.scm.client.address is deprecated, For configuring different ports for each SCM use PortConfigKey ozone.scm.client.port appended with serviceId and nodeId
2022-03-02 19:00:03,250 [Listener at 0.0.0.0/41101] INFO  ha.SCMNodeInfo (SCMNodeInfo.java:getPort(197)) - ConfigKey ozone.scm.block.client.address is deprecated, For configuring different ports for each SCM use PortConfigKey ozone.scm.block.client.port appended with serviceId and nodeId
2022-03-02 19:00:03,250 [Listener at 0.0.0.0/41101] INFO  ha.SCMNodeInfo (SCMNodeInfo.java:getPort(197)) - ConfigKey ozone.scm.datanode.address is deprecated, For configuring different ports for each SCM use PortConfigKey ozone.scm.datanode.port appended with serviceId and nodeId
2022-03-02 19:00:03,250 [Listener at 0.0.0.0/41101] INFO  ha.SCMNodeInfo (SCMNodeInfo.java:getPort(197)) - ConfigKey ozone.scm.client.address is deprecated, For configuring different ports for each SCM use PortConfigKey ozone.scm.client.port appended with serviceId and nodeId
2022-03-02 19:00:03,250 [Listener at 0.0.0.0/41101] INFO  ha.SCMNodeInfo (SCMNodeInfo.java:getPort(197)) - ConfigKey ozone.scm.block.client.address is deprecated, For configuring different ports for each SCM use PortConfigKey ozone.scm.block.client.port appended with serviceId and nodeId
2022-03-02 19:00:03,250 [Listener at 0.0.0.0/41101] INFO  ha.SCMNodeInfo (SCMNodeInfo.java:getPort(197)) - ConfigKey ozone.scm.datanode.address is deprecated, For configuring different ports for each SCM use PortConfigKey ozone.scm.datanode.port appended with serviceId and nodeId
2022-03-02 19:00:03,252 [org.apache.ratis.util.JvmPauseMonitor$$Lambda$503/666911607@6c40a104] INFO  util.JvmPauseMonitor (JvmPauseMonitor.java:run(103)) - JvmPauseMonitor-3b6c5475-24e7-4d17-bb16-57441daa5342: Started
2022-03-02 19:00:03,254 [IPC Server handler 2 on default port 37613] INFO  ha.SCMRatisServerImpl (SCMRatisServerImpl.java:addSCM(292)) - f746044e-06a5-45c2-8175-96f1febdd987: Submitting SetConfiguration request to Ratis server with new SCM peers list: [f746044e-06a5-45c2-8175-96f1febdd987|rpc:localhost:32791|admin:|client:|dataStream:|priority:0, 3b6c5475-24e7-4d17-bb16-57441daa5342|rpc:localhost:41833|priority:0]
2022-03-02 19:00:03,255 [IPC Server handler 2 on default port 37613] INFO  server.RaftServer$Division (RaftServerImpl.java:setConfigurationAsync(974)) - f746044e-06a5-45c2-8175-96f1febdd987@group-9B8B311B51AF: receive setConfiguration SetConfigurationRequest:client-E24E72DD6937->f746044e-06a5-45c2-8175-96f1febdd987@group-9B8B311B51AF, cid=0, seq=0, RW, null, peers:[f746044e-06a5-45c2-8175-96f1febdd987|rpc:localhost:32791|admin:|client:|dataStream:|priority:0, 3b6c5475-24e7-4d17-bb16-57441daa5342|rpc:localhost:41833|priority:0]
2022-03-02 19:00:03,255 [IPC Server handler 2 on default port 37613] INFO  server.RaftServer$Division (LeaderStateImpl.java:startSetConfiguration(358)) - f746044e-06a5-45c2-8175-96f1febdd987@group-9B8B311B51AF-LeaderStateImpl: startSetConfiguration SetConfigurationRequest:client-E24E72DD6937->f746044e-06a5-45c2-8175-96f1febdd987@group-9B8B311B51AF, cid=0, seq=0, RW, null, peers:[f746044e-06a5-45c2-8175-96f1febdd987|rpc:localhost:32791|admin:|client:|dataStream:|priority:0, 3b6c5475-24e7-4d17-bb16-57441daa5342|rpc:localhost:41833|priority:0]
2022-03-02 19:00:03,255 [IPC Server handler 2 on default port 37613] INFO  server.RaftServerConfigKeys (ConfUtils.java:logGet(44)) - raft.server.log.appender.snapshot.chunk.size.max = 16MB (=16777216) (default)
2022-03-02 19:00:03,255 [IPC Server handler 2 on default port 37613] INFO  server.RaftServerConfigKeys (ConfUtils.java:logGet(44)) - raft.server.log.appender.buffer.byte-limit = 33554432 (custom)
2022-03-02 19:00:03,255 [IPC Server handler 2 on default port 37613] INFO  server.RaftServerConfigKeys (ConfUtils.java:logGet(44)) - raft.server.log.appender.buffer.element-limit = 1024 (custom)
2022-03-02 19:00:03,256 [IPC Server handler 2 on default port 37613] INFO  grpc.GrpcConfigKeys (ConfUtils.java:logGet(44)) - raft.grpc.server.leader.outstanding.appends.max = 128 (default)
2022-03-02 19:00:03,256 [IPC Server handler 2 on default port 37613] INFO  server.RaftServerConfigKeys (ConfUtils.java:logGet(44)) - raft.server.rpc.request.timeout = 30000ms (custom)
2022-03-02 19:00:03,256 [IPC Server handler 2 on default port 37613] INFO  server.RaftServerConfigKeys (ConfUtils.java:logGet(44)) - raft.server.log.appender.install.snapshot.enabled = false (custom)
2022-03-02 19:00:03,265 [f746044e-06a5-45c2-8175-96f1febdd987@group-9B8B311B51AF->3b6c5475-24e7-4d17-bb16-57441daa5342-GrpcLogAppender-LogAppenderDaemon] INFO  server.GrpcLogAppender (GrpcLogAppender.java:installSnapshot(550)) - f746044e-06a5-45c2-8175-96f1febdd987@group-9B8B311B51AF->3b6c5475-24e7-4d17-bb16-57441daa5342-GrpcLogAppender: followerNextIndex = 0 but logStartIndex = 0, notify follower to install snapshot-(t:2, i:2)
2022-03-02 19:00:03,265 [f746044e-06a5-45c2-8175-96f1febdd987@group-9B8B311B51AF->3b6c5475-24e7-4d17-bb16-57441daa5342-GrpcLogAppender-LogAppenderDaemon] INFO  server.GrpcLogAppender (GrpcLogAppender.java:installSnapshot(558)) - f746044e-06a5-45c2-8175-96f1febdd987@group-9B8B311B51AF->3b6c5475-24e7-4d17-bb16-57441daa5342-GrpcLogAppender: send f746044e-06a5-45c2-8175-96f1febdd987->3b6c5475-24e7-4d17-bb16-57441daa5342#0-t2,notify:(t:2, i:2)
2022-03-02 19:00:03,315 [grpc-default-executor-0] INFO  server.RaftServer$Division (RaftServerImpl.java:installSnapshot(1332)) - 3b6c5475-24e7-4d17-bb16-57441daa5342@group-9B8B311B51AF: receive installSnapshot: f746044e-06a5-45c2-8175-96f1febdd987->3b6c5475-24e7-4d17-bb16-57441daa5342#0-t2,notify:(t:2, i:2)
2022-03-02 19:00:03,317 [grpc-default-executor-0] INFO  ha.SCMStateMachine (SCMStateMachine.java:notifyLeaderChanged(255)) - leader changed, yet current SCM is still follower.
2022-03-02 19:00:03,317 [grpc-default-executor-0] INFO  server.RaftServer$Division (ServerState.java:setLeader(285)) - 3b6c5475-24e7-4d17-bb16-57441daa5342@group-9B8B311B51AF: change Leader from null to f746044e-06a5-45c2-8175-96f1febdd987 at term 2 for installSnapshot, leader elected after 255ms
2022-03-02 19:00:03,317 [grpc-default-executor-0] INFO  server.RaftServer$Division (RaftServerImpl.java:notifyStateMachineToInstallSnapshot(1551)) - 3b6c5475-24e7-4d17-bb16-57441daa5342@group-9B8B311B51AF: Received notification to install snapshot at index 2
2022-03-02 19:00:03,317 [grpc-default-executor-0] INFO  server.RaftServer$Division (RaftServerImpl.java:notifyStateMachineToInstallSnapshot(1582)) - 3b6c5475-24e7-4d17-bb16-57441daa5342@group-9B8B311B51AF: notifyInstallSnapshot: nextIndex is 0 but the leader's first available index is 2.
2022-03-02 19:00:03,317 [grpc-default-executor-0] INFO  ha.SCMStateMachine (SCMStateMachine.java:notifyInstallSnapshotFromLeader(219)) - Received install snapshot notification from SCM leader: localhost:32791 with term index: (t:2, i:2)
2022-03-02 19:00:03,321 [pool-270-thread-1] INFO  ha.SCMHAManagerImpl (SCMHAManagerImpl.java:getDBCheckpointFromLeader(207)) - Downloading checkpoint from leader SCM scmNode-1 and reloading state from the checkpoint.
2022-03-02 19:00:03,364 [grpc-default-executor-1] INFO  ha.SCMDBCheckpointProvider (SCMDBCheckpointProvider.java:writeDBCheckPointToSream(48)) - Received request to obtain SCM DB checkpoint snapshot
2022-03-02 19:00:03,377 [grpc-default-executor-1] INFO  db.RDBCheckpointManager (RDBCheckpointManager.java:createCheckpoint(86)) - Created checkpoint at /home/runner/work/ozone/ozone/hadoop-ozone/integration-test/target/test-dir/MiniOzoneClusterImpl-5ed764c8-eddb-4368-ac32-9b8b311b51af/scmNode-1/db.checkpoints/scm.db_checkpoint_1646247603369 in 8 milliseconds
2022-03-02 19:00:03,383 [grpc-default-executor-1] INFO  ha.SCMGrpcOutputStream (SCMGrpcOutputStream.java:close(111)) - Sent 4493 bytes for cluster 5ed764c8-eddb-4368-ac32-9b8b311b51af
2022-03-02 19:00:03,389 [grpc-default-executor-1] INFO  ha.SCMDBCheckpointProvider (SCMDBCheckpointProvider.java:writeDBCheckPointToSream(73)) - Time taken to write the checkpoint to response output stream: 11 milliseconds
2022-03-02 19:00:03,389 [grpc-default-executor-3] INFO  ha.InterSCMGrpcClient (InterSCMGrpcClient.java:onCompleted(173)) - Checkpoint is downloaded to /home/runner/work/ozone/ozone/hadoop-ozone/integration-test/target/test-dir/MiniOzoneClusterImpl-5ed764c8-eddb-4368-ac32-9b8b311b51af/scmNode-2/snapshot/scm.db-scmNode-1-1646247603321.tar.gz
2022-03-02 19:00:03,390 [grpc-default-executor-1] INFO  db.RocksDBCheckpoint (RocksDBCheckpoint.java:cleanupCheckpoint(78)) - Cleaning up RocksDB checkpoint at /home/runner/work/ozone/ozone/hadoop-ozone/integration-test/target/test-dir/MiniOzoneClusterImpl-5ed764c8-eddb-4368-ac32-9b8b311b51af/scmNode-1/db.checkpoints/scm.db_checkpoint_1646247603369
2022-03-02 19:00:03,426 [pool-270-thread-1] INFO  ha.SCMSnapshotProvider (SCMSnapshotProvider.java:getSCMDBSnapshot(131)) - Successfully downloaded latest checkpoint from leader SCM: scmNode-1 path /home/runner/work/ozone/ozone/hadoop-ozone/integration-test/target/test-dir/MiniOzoneClusterImpl-5ed764c8-eddb-4368-ac32-9b8b311b51af/scmNode-2/snapshot/scm.db-scmNode-1-1646247603321
2022-03-02 19:00:03,426 [pool-270-thread-1] INFO  ha.SCMHAManagerImpl (SCMHAManagerImpl.java:downloadCheckpointFromLeader(159)) - Downloaded checkpoint from Leader scmNode-1 to the location /home/runner/work/ozone/ozone/hadoop-ozone/integration-test/target/test-dir/MiniOzoneClusterImpl-5ed764c8-eddb-4368-ac32-9b8b311b51af/scmNode-2/snapshot/scm.db-scmNode-1-1646247603321
2022-03-02 19:00:03,493 [pool-270-thread-1] INFO  ha.SCMHAManagerImpl (SCMHAManagerImpl.java:verifyCheckpointFromLeader(173)) - Installing checkpoint with SCMTransactionInfo 2#2
2022-03-02 19:00:03,493 [pool-270-thread-1] INFO  server.RaftServer$Division (RaftServerImpl.java:lambda$notifyStateMachineToInstallSnapshot$30(1595)) - 3b6c5475-24e7-4d17-bb16-57441daa5342@group-9B8B311B51AF: StateMachine successfully installed snapshot index 2. Reloading the StateMachine.
2022-03-02 19:00:03,496 [pool-270-thread-1] INFO  segmented.SegmentedRaftLogWorker (SegmentedRaftLogWorker.java:lambda$new$0(133)) - 3b6c5475-24e7-4d17-bb16-57441daa5342@group-9B8B311B51AF-SegmentedRaftLogWorker: flushIndex: setUnconditionally -1 -> 2
2022-03-02 19:00:03,496 [pool-270-thread-1] INFO  segmented.SegmentedRaftLogWorker (SegmentedRaftLogWorker.java:lambda$new$0(133)) - 3b6c5475-24e7-4d17-bb16-57441daa5342@group-9B8B311B51AF-SegmentedRaftLogWorker: safeCacheEvictIndex: setUnconditionally -1 -> 2
2022-03-02 19:00:03,496 [pool-270-thread-1] INFO  raftlog.RaftLog (RaftLogBase.java:lambda$new$0(53)) - 3b6c5475-24e7-4d17-bb16-57441daa5342@group-9B8B311B51AF-SegmentedRaftLog: snapshotIndex: updateIncreasingly -1 -> 2
2022-03-02 19:00:03,496 [grpc-default-executor-0] INFO  server.RaftServer$Division (RaftServerImpl.java:notifyStateMachineToInstallSnapshot(1638)) - 3b6c5475-24e7-4d17-bb16-57441daa5342@group-9B8B311B51AF: InstallSnapshot notification result: SNAPSHOT_INSTALLED, at index: 2
2022-03-02 19:00:03,496 [grpc-default-executor-0] INFO  server.RaftServer$Division (RaftServerImpl.java:installSnapshotImpl(1462)) - 3b6c5475-24e7-4d17-bb16-57441daa5342@group-9B8B311B51AF: set new configuration index: 1
configurationEntry {
  peers {
    id: "f746044e-06a5-45c2-8175-96f1febdd987"
    address: "localhost:32791"
  }
}
 from snapshot
2022-03-02 19:00:03,497 [grpc-default-executor-0] INFO  server.RaftServer$Division (ServerState.java:setRaftConf(387)) - 3b6c5475-24e7-4d17-bb16-57441daa5342@group-9B8B311B51AF: set configuration 1: [f746044e-06a5-45c2-8175-96f1febdd987|rpc:localhost:32791|admin:|client:|dataStream:|priority:0], old=null
2022-03-02 19:00:03,497 [grpc-default-executor-0] INFO  server.RaftServer$Division (RaftServerImpl.java:installSnapshot(1343)) - 3b6c5475-24e7-4d17-bb16-57441daa5342@group-9B8B311B51AF: reply installSnapshot: f746044e-06a5-45c2-8175-96f1febdd987<-3b6c5475-24e7-4d17-bb16-57441daa5342#0:FAIL-t0,SNAPSHOT_INSTALLED,snapshotIndex=2
2022-03-02 19:00:03,499 [grpc-default-executor-1] INFO  server.GrpcLogAppender (GrpcLogAppender.java:onNext(410)) - f746044e-06a5-45c2-8175-96f1febdd987@group-9B8B311B51AF->3b6c5475-24e7-4d17-bb16-57441daa5342-InstallSnapshotResponseHandler: received the first reply f746044e-06a5-45c2-8175-96f1febdd987<-3b6c5475-24e7-4d17-bb16-57441daa5342#0:FAIL-t0,SNAPSHOT_INSTALLED,snapshotIndex=2
2022-03-02 19:00:03,499 [grpc-default-executor-1] INFO  server.GrpcLogAppender (GrpcLogAppender.java:onNext(450)) - f746044e-06a5-45c2-8175-96f1febdd987@group-9B8B311B51AF->3b6c5475-24e7-4d17-bb16-57441daa5342-InstallSnapshotResponseHandler: Follower installed snapshot at index 2
2022-03-02 19:00:03,499 [grpc-default-executor-1] INFO  leader.FollowerInfo (FollowerInfoImpl.java:lambda$new$0(47)) - f746044e-06a5-45c2-8175-96f1febdd987@group-9B8B311B51AF->3b6c5475-24e7-4d17-bb16-57441daa5342: snapshotIndex: setUnconditionally 0 -> 2
2022-03-02 19:00:03,499 [grpc-default-executor-1] INFO  leader.FollowerInfo (FollowerInfoImpl.java:lambda$new$0(47)) - f746044e-06a5-45c2-8175-96f1febdd987@group-9B8B311B51AF->3b6c5475-24e7-4d17-bb16-57441daa5342: matchIndex: setUnconditionally 0 -> 2
2022-03-02 19:00:03,499 [grpc-default-executor-1] INFO  leader.FollowerInfo (FollowerInfoImpl.java:lambda$new$0(47)) - f746044e-06a5-45c2-8175-96f1febdd987@group-9B8B311B51AF->3b6c5475-24e7-4d17-bb16-57441daa5342: nextIndex: setUnconditionally 0 -> 3
2022-03-02 19:00:03,499 [grpc-default-executor-1] INFO  leader.FollowerInfo (FollowerInfoImpl.java:setAttemptedToInstallSnapshot(116)) - Follower f746044e-06a5-45c2-8175-96f1febdd987@group-9B8B311B51AF->3b6c5475-24e7-4d17-bb16-57441daa5342 acknowledged installing snapshot
2022-03-02 19:00:03,499 [grpc-default-executor-1] INFO  leader.FollowerInfo (FollowerInfoImpl.java:lambda$new$0(47)) - f746044e-06a5-45c2-8175-96f1febdd987@group-9B8B311B51AF->3b6c5475-24e7-4d17-bb16-57441daa5342: nextIndex: updateToMax old=3, new=3, updated? false
2022-03-02 19:00:03,499 [grpc-default-executor-0] INFO  server.GrpcServerProtocolService (GrpcServerProtocolService.java:onCompleted(140)) - 3b6c5475-24e7-4d17-bb16-57441daa5342: Completed INSTALL_SNAPSHOT, lastRequest: f746044e-06a5-45c2-8175-96f1febdd987->3b6c5475-24e7-4d17-bb16-57441daa5342#0-t2,notify:(t:2, i:2)
2022-03-02 19:00:03,506 [grpc-default-executor-0] INFO  impl.RoleInfo (RoleInfo.java:updateAndGet(130)) - 3b6c5475-24e7-4d17-bb16-57441daa5342: start 3b6c5475-24e7-4d17-bb16-57441daa5342@group-9B8B311B51AF-FollowerState
2022-03-02 19:00:03,562 [3b6c5475-24e7-4d17-bb16-57441daa5342@group-9B8B311B51AF-StateMachineUpdater] INFO  ha.SCMHAManagerImpl (SCMHAManagerImpl.java:installCheckpoint(228)) - Installing checkpoint with SCMTransactionInfo 2#2
2022-03-02 19:00:03,566 [3b6c5475-24e7-4d17-bb16-57441daa5342@group-9B8B311B51AF-StateMachineUpdater] INFO  ha.SCMHAManagerImpl (SCMHAManagerImpl.java:installCheckpoint(267)) - Replaced DB with checkpoint, term: 2, index: 2
2022-03-02 19:00:03,566 [3b6c5475-24e7-4d17-bb16-57441daa5342@group-9B8B311B51AF-StateMachineUpdater] WARN  utils.HAUtils (HAUtils.java:getMetaDir(342)) - ozone.scm.db.dirs is not configured. We recommend adding this setting. Falling back to ozone.metadata.dirs instead.
2022-03-02 19:00:03,573 [3b6c5475-24e7-4d17-bb16-57441daa5342@group-9B8B311B51AF-StateMachineUpdater] WARN  db.DBStoreBuilder (DBStoreBuilder.java:applyDBDefinition(145)) - ozone.scm.db.dirs is not configured. We recommend adding this setting. Falling back to ozone.metadata.dirs instead.
2022-03-02 19:00:03,629 [3b6c5475-24e7-4d17-bb16-57441daa5342@group-9B8B311B51AF-StateMachineUpdater] INFO  ha.SequenceIdGenerator (SequenceIdGenerator.java:reinitialize(166)) - reinitialize SequenceIdGenerator.
2022-03-02 19:00:03,632 [3b6c5475-24e7-4d17-bb16-57441daa5342@group-9B8B311B51AF-StateMachineUpdater] INFO  pipeline.PipelineStateManagerImpl (PipelineStateManagerImpl.java:initialize(78)) - No pipeline exists in current db
2022-03-02 19:00:03,632 [3b6c5475-24e7-4d17-bb16-57441daa5342@group-9B8B311B51AF-StateMachineUpdater] INFO  ha.SCMHAManagerImpl (SCMHAManagerImpl.java:installCheckpoint(282)) - Reloaded SCM state with Term: 2 and Index: 2
2022-03-02 19:00:03,632 [3b6c5475-24e7-4d17-bb16-57441daa5342@group-9B8B311B51AF-StateMachineUpdater] INFO  impl.StateMachineUpdater (StateMachineUpdater.java:lambda$new$0(89)) - 3b6c5475-24e7-4d17-bb16-57441daa5342@group-9B8B311B51AF-StateMachineUpdater: snapshotIndex: setUnconditionally -1 -> 2
2022-03-02 19:00:03,632 [3b6c5475-24e7-4d17-bb16-57441daa5342@group-9B8B311B51AF-StateMachineUpdater] INFO  impl.StateMachineUpdater (StateMachineUpdater.java:lambda$new$0(89)) - 3b6c5475-24e7-4d17-bb16-57441daa5342@group-9B8B311B51AF-StateMachineUpdater: appliedIndex: setUnconditionally -1 -> 2
2022-03-02 19:00:03,932 [EndpointStateMachine task thread for /127.0.0.1:38087 - 0 ] INFO  ipc.Client (Client.java:handleConnectionFailure(977)) - Retrying connect to server: localhost/127.0.0.1:38087. Already tried 4 time(s); retry policy is RetryUpToMaximumCountWithFixedSleep(maxRetries=15, sleepTime=1000 MILLISECONDS)
2022-03-02 19:00:03,933 [EndpointStateMachine task thread for /127.0.0.1:35087 - 0 ] INFO  ipc.Client (Client.java:handleConnectionFailure(977)) - Retrying connect to server: localhost/127.0.0.1:35087. Already tried 4 time(s); retry policy is RetryUpToMaximumCountWithFixedSleep(maxRetries=15, sleepTime=1000 MILLISECONDS)
2022-03-02 19:00:03,935 [EndpointStateMachine task thread for /127.0.0.1:45277 - 0 ] INFO  ipc.Client (Client.java:handleConnectionFailure(977)) - Retrying connect to server: localhost/127.0.0.1:45277. Already tried 4 time(s); retry policy is RetryUpToMaximumCountWithFixedSleep(maxRetries=15, sleepTime=1000 MILLISECONDS)
2022-03-02 19:00:04,932 [EndpointStateMachine task thread for /127.0.0.1:38087 - 0 ] INFO  ipc.Client (Client.java:handleConnectionFailure(977)) - Retrying connect to server: localhost/127.0.0.1:38087. Already tried 5 time(s); retry policy is RetryUpToMaximumCountWithFixedSleep(maxRetries=15, sleepTime=1000 MILLISECONDS)
2022-03-02 19:00:04,936 [EndpointStateMachine task thread for /127.0.0.1:45277 - 0 ] INFO  ipc.Client (Client.java:handleConnectionFailure(977)) - Retrying connect to server: localhost/127.0.0.1:45277. Already tried 5 time(s); retry policy is RetryUpToMaximumCountWithFixedSleep(maxRetries=15, sleepTime=1000 MILLISECONDS)
2022-03-02 19:00:04,936 [EndpointStateMachine task thread for /127.0.0.1:35087 - 0 ] INFO  ipc.Client (Client.java:handleConnectionFailure(977)) - Retrying connect to server: localhost/127.0.0.1:35087. Already tried 5 time(s); retry policy is RetryUpToMaximumCountWithFixedSleep(maxRetries=15, sleepTime=1000 MILLISECONDS)
2022-03-02 19:00:05,933 [EndpointStateMachine task thread for /127.0.0.1:38087 - 0 ] INFO  ipc.Client (Client.java:handleConnectionFailure(977)) - Retrying connect to server: localhost/127.0.0.1:38087. Already tried 6 time(s); retry policy is RetryUpToMaximumCountWithFixedSleep(maxRetries=15, sleepTime=1000 MILLISECONDS)
2022-03-02 19:00:05,936 [EndpointStateMachine task thread for /127.0.0.1:45277 - 0 ] INFO  ipc.Client (Client.java:handleConnectionFailure(977)) - Retrying connect to server: localhost/127.0.0.1:45277. Already tried 6 time(s); retry policy is RetryUpToMaximumCountWithFixedSleep(maxRetries=15, sleepTime=1000 MILLISECONDS)
2022-03-02 19:00:05,937 [EndpointStateMachine task thread for /127.0.0.1:35087 - 0 ] INFO  ipc.Client (Client.java:handleConnectionFailure(977)) - Retrying connect to server: localhost/127.0.0.1:35087. Already tried 6 time(s); retry policy is RetryUpToMaximumCountWithFixedSleep(maxRetries=15, sleepTime=1000 MILLISECONDS)
2022-03-02 19:00:06,778 [f746044e-06a5-45c2-8175-96f1febdd987@group-9B8B311B51AF-LeaderStateImpl] INFO  server.RaftServer$Division (ServerState.java:setRaftConf(387)) - f746044e-06a5-45c2-8175-96f1febdd987@group-9B8B311B51AF: set configuration 3: [f746044e-06a5-45c2-8175-96f1febdd987|rpc:localhost:32791|admin:|client:|dataStream:|priority:0, 3b6c5475-24e7-4d17-bb16-57441daa5342|rpc:localhost:41833|priority:0], old=[f746044e-06a5-45c2-8175-96f1febdd987|rpc:localhost:32791|admin:|client:|dataStream:|priority:0]
2022-03-02 19:00:06,781 [grpc-default-executor-0] INFO  server.RaftServer$Division (ServerState.java:setRaftConf(387)) - 3b6c5475-24e7-4d17-bb16-57441daa5342@group-9B8B311B51AF: set configuration 3: [f746044e-06a5-45c2-8175-96f1febdd987|rpc:localhost:32791|admin:|client:|dataStream:|priority:0, 3b6c5475-24e7-4d17-bb16-57441daa5342|rpc:localhost:41833|admin:|client:|dataStream:|priority:0], old=[f746044e-06a5-45c2-8175-96f1febdd987|rpc:localhost:32791|admin:|client:|dataStream:|priority:0]
2022-03-02 19:00:06,781 [grpc-default-executor-0] INFO  segmented.SegmentedRaftLogWorker (SegmentedRaftLogWorker.java:startLogSegment(394)) - 3b6c5475-24e7-4d17-bb16-57441daa5342@group-9B8B311B51AF-SegmentedRaftLogWorker: Starting segment from index:3
2022-03-02 19:00:06,793 [3b6c5475-24e7-4d17-bb16-57441daa5342@group-9B8B311B51AF-SegmentedRaftLogWorker] INFO  segmented.SegmentedRaftLogWorker (SegmentedRaftLogWorker.java:execute(601)) - 3b6c5475-24e7-4d17-bb16-57441daa5342@group-9B8B311B51AF-SegmentedRaftLogWorker: created new log segment /home/runner/work/ozone/ozone/hadoop-ozone/integration-test/target/test-dir/MiniOzoneClusterImpl-5ed764c8-eddb-4368-ac32-9b8b311b51af/scmNode-2/scm-ha/5ed764c8-eddb-4368-ac32-9b8b311b51af/current/log_inprogress_3
2022-03-02 19:00:06,806 [f746044e-06a5-45c2-8175-96f1febdd987@group-9B8B311B51AF-LeaderStateImpl] INFO  server.RaftServer$Division (ServerState.java:setRaftConf(387)) - f746044e-06a5-45c2-8175-96f1febdd987@group-9B8B311B51AF: set configuration 5: [f746044e-06a5-45c2-8175-96f1febdd987|rpc:localhost:32791|admin:|client:|dataStream:|priority:0, 3b6c5475-24e7-4d17-bb16-57441daa5342|rpc:localhost:41833|priority:0], old=null
2022-03-02 19:00:06,807 [grpc-default-executor-0] INFO  server.RaftServer$Division (ServerState.java:setRaftConf(387)) - 3b6c5475-24e7-4d17-bb16-57441daa5342@group-9B8B311B51AF: set configuration 5: [f746044e-06a5-45c2-8175-96f1febdd987|rpc:localhost:32791|admin:|client:|dataStream:|priority:0, 3b6c5475-24e7-4d17-bb16-57441daa5342|rpc:localhost:41833|admin:|client:|dataStream:|priority:0], old=null
2022-03-02 19:00:06,813 [3b6c5475-24e7-4d17-bb16-57441daa5342@group-9B8B311B51AF-StateMachineUpdater] INFO  safemode.HealthyPipelineSafeModeRule (HealthyPipelineSafeModeRule.java:initializeRule(152)) - Refreshed total pipeline count is 0, healthy pipeline threshold count is 1
2022-03-02 19:00:06,815 [IPC Server handler 2 on default port 37613] INFO  ha.SCMRatisServerImpl (SCMRatisServerImpl.java:addSCM(303)) - Successfully added new SCM: 3b6c5475-24e7-4d17-bb16-57441daa5342.
2022-03-02 19:00:06,815 [Listener at 0.0.0.0/41101] INFO  ha.SCMHAManagerImpl (SCMHAManagerImpl.java:start(117)) - Successfully added SCM scmNode-2 to group group-9B8B311B51AF:[f746044e-06a5-45c2-8175-96f1febdd987|rpc:localhost:32791|admin:|client:|dataStream:|priority:0, 3b6c5475-24e7-4d17-bb16-57441daa5342|rpc:localhost:41833|admin:|client:|dataStream:|priority:0]
2022-03-02 19:00:06,816 [Listener at 0.0.0.0/41101] INFO  ha.InterSCMGrpcService (InterSCMGrpcProtocolService.java:start(94)) - Starting SCM Grpc Service at port 35895
2022-03-02 19:00:06,817 [f746044e-06a5-45c2-8175-96f1febdd987@group-9B8B311B51AF-StateMachineUpdater] INFO  ha.SCMStateMachine (SCMStateMachine.java:takeSnapshot(297)) - Current Snapshot Index 5, takeSnapshot took 1 ms
2022-03-02 19:00:06,817 [f746044e-06a5-45c2-8175-96f1febdd987@group-9B8B311B51AF-StateMachineUpdater] INFO  impl.StateMachineUpdater (StateMachineUpdater.java:takeSnapshot(281)) - f746044e-06a5-45c2-8175-96f1febdd987@group-9B8B311B51AF-StateMachineUpdater: Took a snapshot at index 5
2022-03-02 19:00:06,817 [f746044e-06a5-45c2-8175-96f1febdd987@group-9B8B311B51AF-StateMachineUpdater] INFO  impl.StateMachineUpdater (StateMachineUpdater.java:lambda$new$0(89)) - f746044e-06a5-45c2-8175-96f1febdd987@group-9B8B311B51AF-StateMachineUpdater: snapshotIndex: updateIncreasingly -1 -> 5
2022-03-02 19:00:06,817 [f746044e-06a5-45c2-8175-96f1febdd987@group-9B8B311B51AF-StateMachineUpdater] INFO  raftlog.RaftLog (RaftLogBase.java:purge(306)) - f746044e-06a5-45c2-8175-96f1febdd987@group-9B8B311B51AF-SegmentedRaftLog: purge 5
2022-03-02 19:00:06,817 [f746044e-06a5-45c2-8175-96f1febdd987@group-9B8B311B51AF-StateMachineUpdater] INFO  raftlog.RaftLog (RaftLogBase.java:lambda$new$0(53)) - f746044e-06a5-45c2-8175-96f1febdd987@group-9B8B311B51AF-SegmentedRaftLog: snapshotIndex: updateIncreasingly -1 -> 5
2022-03-02 19:00:06,817 [f746044e-06a5-45c2-8175-96f1febdd987@group-9B8B311B51AF-SegmentedRaftLogWorker] INFO  raftlog.RaftLog (RaftLogBase.java:lambda$new$0(53)) - f746044e-06a5-45c2-8175-96f1febdd987@group-9B8B311B51AF-SegmentedRaftLog: purgeIndex: updateToMax old=-1, new=0, updated? true
2022-03-02 19:00:06,817 [Listener at 0.0.0.0/41101] INFO  impl.MetricsSystemImpl (MetricsSystemImpl.java:init(158)) - StorageContainerManager metrics system started (again)
2022-03-02 19:00:06,825 [3b6c5475-24e7-4d17-bb16-57441daa5342@group-9B8B311B51AF-StateMachineUpdater] INFO  safemode.ContainerSafeModeRule (ContainerSafeModeRule.java:reInitializeRule(177)) - Refreshed one replica container threshold 0, currentThreshold 0
2022-03-02 19:00:06,825 [3b6c5475-24e7-4d17-bb16-57441daa5342@group-9B8B311B51AF-StateMachineUpdater] INFO  safemode.OneReplicaPipelineSafeModeRule (OneReplicaPipelineSafeModeRule.java:initializeRule(176)) - Refreshed Total pipeline count is 0, pipeline's with at least one datanode reported threshold count is 0
2022-03-02 19:00:06,825 [3b6c5475-24e7-4d17-bb16-57441daa5342@group-9B8B311B51AF-StateMachineUpdater] INFO  server.SCMDatanodeProtocolServer (SCMDatanodeProtocolServer.java:start(181)) - ScmDatanodeProtocol RPC server for DataNodes is listening at /0.0.0.0:32779
2022-03-02 19:00:06,841 [IPC Server listener on 32779] INFO  ipc.Server (Server.java:run(1344)) - IPC Server listener on 32779: starting
2022-03-02 19:00:06,851 [IPC Server Responder] INFO  ipc.Server (Server.java:run(1507)) - IPC Server Responder: starting
2022-03-02 19:00:06,875 [Listener at 0.0.0.0/41101] INFO  server.SCMClientProtocolServer (SCMClientProtocolServer.java:start(165)) - RPC server for Client  is listening at /0.0.0.0:41101
2022-03-02 19:00:06,880 [IPC Server Responder] INFO  ipc.Server (Server.java:run(1507)) - IPC Server Responder: starting
2022-03-02 19:00:06,892 [Listener at 0.0.0.0/41101] INFO  server.StorageContainerManager (StorageContainerManager.java:start(1345)) - ScmBlockLocationProtocol RPC server is listening at /0.0.0.0:36773
2022-03-02 19:00:06,892 [Listener at 0.0.0.0/41101] INFO  server.SCMBlockProtocolServer (SCMBlockProtocolServer.java:start(151)) - RPC server for Block Protocol is listening at /0.0.0.0:36773
2022-03-02 19:00:06,896 [IPC Server Responder] INFO  ipc.Server (Server.java:run(1507)) - IPC Server Responder: starting
2022-03-02 19:00:06,896 [IPC Server listener on 36773] INFO  ipc.Server (Server.java:run(1344)) - IPC Server listener on 36773: starting
2022-03-02 19:00:06,898 [IPC Server listener on 41101] INFO  ipc.Server (Server.java:run(1344)) - IPC Server listener on 41101: starting
2022-03-02 19:00:06,902 [Listener at 0.0.0.0/41101] INFO  http.BaseHttpServer (BaseHttpServer.java:newHttpServer2BuilderForOzone(209)) - Starting Web-server for scm at: http://0.0.0.0:43097
2022-03-02 19:00:06,902 [Listener at 0.0.0.0/41101] INFO  http.BaseHttpServer (BaseHttpServer.java:<init>(107)) - Hadoop Security Enabled: false Ozone Security Enabled: false Ozone HTTP Security Enabled: false 
2022-03-02 19:00:06,904 [Listener at 0.0.0.0/41101] INFO  server.AuthenticationFilter (AuthenticationFilter.java:constructSecretProvider(240)) - Unable to initialize FileSignerSecretProvider, falling back to use random secrets.
2022-03-02 19:00:06,904 [org.apache.hadoop.util.JvmPauseMonitor$Monitor@19a7c92a] INFO  util.JvmPauseMonitor (JvmPauseMonitor.java:run(188)) - Starting JVM pause monitor
2022-03-02 19:00:06,909 [Listener at 0.0.0.0/41101] WARN  http.HttpRequestLog (HttpRequestLog.java:getRequestLog(103)) - Jetty request log can only be enabled using Log4j
2022-03-02 19:00:06,912 [Listener at 0.0.0.0/41101] INFO  http.HttpServer2 (HttpServer2.java:addGlobalFilter(1030)) - Added global filter 'safety' (class=org.apache.hadoop.hdds.server.http.HttpServer2$QuotingInputFilter)
2022-03-02 19:00:06,913 [Listener at 0.0.0.0/41101] INFO  http.HttpServer2 (HttpServer2.java:addFilter(1006)) - Added filter static_user_filter (class=org.apache.hadoop.http.lib.StaticUserWebFilter$StaticUserFilter) to context scm
2022-03-02 19:00:06,913 [Listener at 0.0.0.0/41101] INFO  http.HttpServer2 (HttpServer2.java:addFilter(1014)) - Added filter static_user_filter (class=org.apache.hadoop.http.lib.StaticUserWebFilter$StaticUserFilter) to context static
2022-03-02 19:00:06,913 [Listener at 0.0.0.0/41101] INFO  http.HttpServer2 (HttpServer2.java:addFilter(1014)) - Added filter static_user_filter (class=org.apache.hadoop.http.lib.StaticUserWebFilter$StaticUserFilter) to context logs
2022-03-02 19:00:06,914 [Listener at 0.0.0.0/41101] INFO  http.HttpServer2 (HttpServer2.java:bindListener(1249)) - Jetty bound to port 43097
2022-03-02 19:00:06,914 [Listener at 0.0.0.0/41101] INFO  server.Server (Server.java:doStart(375)) - jetty-9.4.43.v20210629; built: 2021-06-30T11:07:22.254Z; git: 526006ecfa3af7f1a27ef3a288e2bef7ea9dd7e8; jvm 1.8.0_322-b06
2022-03-02 19:00:06,922 [Listener at 0.0.0.0/41101] INFO  server.session (DefaultSessionIdManager.java:doStart(334)) - DefaultSessionIdManager workerName=node0
2022-03-02 19:00:06,922 [Listener at 0.0.0.0/41101] INFO  server.session (DefaultSessionIdManager.java:doStart(339)) - No SessionScavenger set, using defaults
2022-03-02 19:00:06,922 [Listener at 0.0.0.0/41101] INFO  server.session (HouseKeeper.java:startScavenging(132)) - node0 Scavenging every 660000ms
2022-03-02 19:00:06,925 [Listener at 0.0.0.0/41101] INFO  handler.ContextHandler (ContextHandler.java:doStart(915)) - Started o.e.j.s.ServletContextHandler@79091c84{logs,/logs,file:///home/runner/work/ozone/ozone/hadoop-ozone/integration-test/target/log,AVAILABLE}
2022-03-02 19:00:06,926 [Listener at 0.0.0.0/41101] INFO  handler.ContextHandler (ContextHandler.java:doStart(915)) - Started o.e.j.s.ServletContextHandler@4bb5ae09{static,/static,file:///home/runner/work/ozone/ozone/hadoop-ozone/integration-test/target/test-classes/webapps/static,AVAILABLE}
2022-03-02 19:00:06,930 [Listener at 0.0.0.0/41101] INFO  handler.ContextHandler (ContextHandler.java:doStart(915)) - Started o.e.j.w.WebAppContext@712626aa{scm,/,file:///home/runner/work/ozone/ozone/hadoop-ozone/integration-test/target/test-classes/webapps/scm/,AVAILABLE}{file:/home/runner/work/ozone/ozone/hadoop-ozone/integration-test/target/test-classes/webapps/scm}
2022-03-02 19:00:06,934 [EndpointStateMachine task thread for /127.0.0.1:38087 - 0 ] INFO  ipc.Client (Client.java:handleConnectionFailure(977)) - Retrying connect to server: localhost/127.0.0.1:38087. Already tried 7 time(s); retry policy is RetryUpToMaximumCountWithFixedSleep(maxRetries=15, sleepTime=1000 MILLISECONDS)
2022-03-02 19:00:06,936 [Listener at 0.0.0.0/41101] INFO  server.AbstractConnector (AbstractConnector.java:doStart(331)) - Started ServerConnector@8ab9629{HTTP/1.1, (http/1.1)}{0.0.0.0:43097}
2022-03-02 19:00:06,936 [Listener at 0.0.0.0/41101] INFO  server.Server (Server.java:doStart(415)) - Started @103719ms
2022-03-02 19:00:06,937 [Listener at 0.0.0.0/41101] WARN  impl.MetricsSystemImpl (MetricsSystemImpl.java:register(279)) - Sink prometheus already exists!
2022-03-02 19:00:06,937 [EndpointStateMachine task thread for /127.0.0.1:45277 - 0 ] INFO  ipc.Client (Client.java:handleConnectionFailure(977)) - Retrying connect to server: localhost/127.0.0.1:45277. Already tried 7 time(s); retry policy is RetryUpToMaximumCountWithFixedSleep(maxRetries=15, sleepTime=1000 MILLISECONDS)
2022-03-02 19:00:06,937 [EndpointStateMachine task thread for /127.0.0.1:35087 - 0 ] INFO  ipc.Client (Client.java:handleConnectionFailure(977)) - Retrying connect to server: localhost/127.0.0.1:35087. Already tried 7 time(s); retry policy is RetryUpToMaximumCountWithFixedSleep(maxRetries=15, sleepTime=1000 MILLISECONDS)
2022-03-02 19:00:06,937 [Listener at 0.0.0.0/41101] INFO  http.BaseHttpServer (BaseHttpServer.java:updateConnectorAddress(329)) - HTTP server of scm listening at http://0.0.0.0:43097
2022-03-02 19:00:06,937 [Listener at 0.0.0.0/41101] INFO  ozone.MiniOzoneHAClusterImpl (MiniOzoneHAClusterImpl.java:createSCMService(600)) - Started SCM RPC server at /0.0.0.0:41101
2022-03-02 19:00:06,944 [Listener at 0.0.0.0/41101] INFO  ha.SCMHANodeDetails (SCMHANodeDetails.java:loadSCMHAConfig(157)) - ServiceID for StorageContainerManager is scm-service-test1
2022-03-02 19:00:06,945 [Listener at 0.0.0.0/41101] INFO  ha.SCMHANodeDetails (SCMHANodeDetails.java:loadSCMHAConfig(168)) - ServiceID for StorageContainerManager is scm-service-test1
2022-03-02 19:00:06,945 [Listener at 0.0.0.0/41101] WARN  scm.ScmUtils (ScmUtils.java:logWarn(179)) - ConfigKey ozone.scm.block.client.address is deprecated, For configuring different ports for each SCM use PortConfigKey ozone.scm.block.client.port appended with serviceId and nodeId. If want to configure same port configure ozone.scm.block.client.port
2022-03-02 19:00:06,946 [Listener at 0.0.0.0/41101] WARN  scm.ScmUtils (ScmUtils.java:logWarn(179)) - ConfigKey ozone.scm.client.address is deprecated, For configuring different ports for each SCM use PortConfigKey ozone.scm.client.port appended with serviceId and nodeId. If want to configure same port configure ozone.scm.client.port
2022-03-02 19:00:06,946 [Listener at 0.0.0.0/41101] WARN  scm.ScmUtils (ScmUtils.java:logWarn(179)) - ConfigKey ozone.scm.datanode.address is deprecated, For configuring different ports for each SCM use PortConfigKey ozone.scm.datanode.port appended with serviceId and nodeId. If want to configure same port configure ozone.scm.datanode.port
2022-03-02 19:00:06,946 [Listener at 0.0.0.0/41101] WARN  scm.ScmUtils (ScmUtils.java:logWarn(179)) - ConfigKey ozone.scm.block.client.address is deprecated, For configuring different ports for each SCM use PortConfigKey ozone.scm.block.client.port appended with serviceId and nodeId. If want to configure same port configure ozone.scm.block.client.port
2022-03-02 19:00:06,947 [Listener at 0.0.0.0/41101] WARN  scm.ScmUtils (ScmUtils.java:logWarn(179)) - ConfigKey ozone.scm.client.address is deprecated, For configuring different ports for each SCM use PortConfigKey ozone.scm.client.port appended with serviceId and nodeId. If want to configure same port configure ozone.scm.client.port
2022-03-02 19:00:06,947 [Listener at 0.0.0.0/41101] WARN  scm.ScmUtils (ScmUtils.java:logWarn(179)) - ConfigKey ozone.scm.datanode.address is deprecated, For configuring different ports for each SCM use PortConfigKey ozone.scm.datanode.port appended with serviceId and nodeId. If want to configure same port configure ozone.scm.datanode.port
2022-03-02 19:00:06,947 [Listener at 0.0.0.0/41101] INFO  ha.SCMHANodeDetails (SCMHANodeDetails.java:loadSCMHAConfig(250)) - Found matching SCM address with SCMServiceId: scm-service-test1, SCMNodeId: scmNode-3, RPC Address: localhost:32899 and Ratis port: 32899
2022-03-02 19:00:06,947 [Listener at 0.0.0.0/41101] INFO  ha.SCMHANodeDetails (ConfUtils.java:setNodeSpecificConfigs(108)) - Setting configuration key ozone.scm.datanode.address with value of key ozone.scm.datanode.address.scm-service-test1.scmNode-3: 127.0.0.1:46849
2022-03-02 19:00:06,947 [Listener at 0.0.0.0/41101] INFO  ha.SCMHANodeDetails (ConfUtils.java:setNodeSpecificConfigs(108)) - Setting configuration key ozone.scm.block.client.address with value of key ozone.scm.block.client.address.scm-service-test1.scmNode-3: 127.0.0.1:36985
2022-03-02 19:00:06,947 [Listener at 0.0.0.0/41101] INFO  ha.SCMHANodeDetails (ConfUtils.java:setNodeSpecificConfigs(108)) - Setting configuration key ozone.scm.client.address with value of key ozone.scm.client.address.scm-service-test1.scmNode-3: 127.0.0.1:46021
2022-03-02 19:00:06,947 [Listener at 0.0.0.0/41101] INFO  ha.SCMHANodeDetails (ConfUtils.java:setNodeSpecificConfigs(108)) - Setting configuration key ozone.scm.ratis.port with value of key ozone.scm.ratis.port.scm-service-test1.scmNode-3: 32899
2022-03-02 19:00:06,947 [Listener at 0.0.0.0/41101] INFO  ha.SCMHANodeDetails (ConfUtils.java:setNodeSpecificConfigs(108)) - Setting configuration key ozone.scm.grpc.port with value of key ozone.scm.grpc.port.scm-service-test1.scmNode-3: 43699
2022-03-02 19:00:06,948 [Listener at 0.0.0.0/41101] INFO  ha.SCMHANodeDetails (ConfUtils.java:setNodeSpecificConfigs(108)) - Setting configuration key ozone.scm.http-address with value of key ozone.scm.http-address.scm-service-test1.scmNode-3: 127.0.0.1:41589
2022-03-02 19:00:06,948 [Listener at 0.0.0.0/41101] INFO  ha.SCMHANodeDetails (ConfUtils.java:setNodeSpecificConfigs(108)) - Setting configuration key ozone.scm.https-address with value of key ozone.scm.https-address.scm-service-test1.scmNode-3: 127.0.0.1:39067
2022-03-02 19:00:06,948 [Listener at 0.0.0.0/41101] INFO  ha.SCMHANodeDetails (ConfUtils.java:setNodeSpecificConfigs(108)) - Setting configuration key ozone.scm.address with value of key ozone.scm.address.scm-service-test1.scmNode-3: 127.0.0.1
2022-03-02 19:00:06,948 [Listener at 0.0.0.0/41101] WARN  scm.ScmUtils (ScmUtils.java:logWarn(179)) - ConfigKey ozone.scm.block.client.address is deprecated, For configuring different ports for each SCM use PortConfigKey ozone.scm.block.client.port appended with serviceId and nodeId. If want to configure same port configure ozone.scm.block.client.port
2022-03-02 19:00:06,948 [Listener at 0.0.0.0/41101] WARN  scm.ScmUtils (ScmUtils.java:logWarn(179)) - ConfigKey ozone.scm.client.address is deprecated, For configuring different ports for each SCM use PortConfigKey ozone.scm.client.port appended with serviceId and nodeId. If want to configure same port configure ozone.scm.client.port
2022-03-02 19:00:06,948 [Listener at 0.0.0.0/41101] WARN  scm.ScmUtils (ScmUtils.java:logWarn(179)) - ConfigKey ozone.scm.datanode.address is deprecated, For configuring different ports for each SCM use PortConfigKey ozone.scm.datanode.port appended with serviceId and nodeId. If want to configure same port configure ozone.scm.datanode.port
2022-03-02 19:00:06,948 [Listener at 0.0.0.0/41101] WARN  server.ServerUtils (ServerUtils.java:getScmDbDir(148)) - ozone.scm.db.dirs is not configured. We recommend adding this setting. Falling back to ozone.metadata.dirs instead.
2022-03-02 19:00:06,955 [Listener at 0.0.0.0/41101] INFO  ha.SCMNodeInfo (SCMNodeInfo.java:getPort(197)) - ConfigKey ozone.scm.client.address is deprecated, For configuring different ports for each SCM use PortConfigKey ozone.scm.client.port appended with serviceId and nodeId
2022-03-02 19:00:06,956 [Listener at 0.0.0.0/41101] INFO  ha.SCMNodeInfo (SCMNodeInfo.java:getPort(197)) - ConfigKey ozone.scm.block.client.address is deprecated, For configuring different ports for each SCM use PortConfigKey ozone.scm.block.client.port appended with serviceId and nodeId
2022-03-02 19:00:06,956 [Listener at 0.0.0.0/41101] INFO  ha.SCMNodeInfo (SCMNodeInfo.java:getPort(197)) - ConfigKey ozone.scm.datanode.address is deprecated, For configuring different ports for each SCM use PortConfigKey ozone.scm.datanode.port appended with serviceId and nodeId
2022-03-02 19:00:06,957 [Listener at 0.0.0.0/41101] INFO  ha.SCMNodeInfo (SCMNodeInfo.java:getPort(197)) - ConfigKey ozone.scm.client.address is deprecated, For configuring different ports for each SCM use PortConfigKey ozone.scm.client.port appended with serviceId and nodeId
2022-03-02 19:00:06,957 [Listener at 0.0.0.0/41101] INFO  ha.SCMNodeInfo (SCMNodeInfo.java:getPort(197)) - ConfigKey ozone.scm.block.client.address is deprecated, For configuring different ports for each SCM use PortConfigKey ozone.scm.block.client.port appended with serviceId and nodeId
2022-03-02 19:00:06,957 [Listener at 0.0.0.0/41101] INFO  ha.SCMNodeInfo (SCMNodeInfo.java:getPort(197)) - ConfigKey ozone.scm.datanode.address is deprecated, For configuring different ports for each SCM use PortConfigKey ozone.scm.datanode.port appended with serviceId and nodeId
2022-03-02 19:00:06,957 [Listener at 0.0.0.0/41101] INFO  ha.SCMNodeInfo (SCMNodeInfo.java:getPort(197)) - ConfigKey ozone.scm.client.address is deprecated, For configuring different ports for each SCM use PortConfigKey ozone.scm.client.port appended with serviceId and nodeId
2022-03-02 19:00:06,957 [Listener at 0.0.0.0/41101] INFO  ha.SCMNodeInfo (SCMNodeInfo.java:getPort(197)) - ConfigKey ozone.scm.block.client.address is deprecated, For configuring different ports for each SCM use PortConfigKey ozone.scm.block.client.port appended with serviceId and nodeId
2022-03-02 19:00:06,957 [Listener at 0.0.0.0/41101] INFO  ha.SCMNodeInfo (SCMNodeInfo.java:getPort(197)) - ConfigKey ozone.scm.datanode.address is deprecated, For configuring different ports for each SCM use PortConfigKey ozone.scm.datanode.port appended with serviceId and nodeId
2022-03-02 19:00:06,978 [Listener at 0.0.0.0/41101] INFO  server.StorageContainerManager (StorageContainerManager.java:scmBootstrap(1014)) - SCM BootStrap  is successful for ClusterID 5ed764c8-eddb-4368-ac32-9b8b311b51af, SCMID 13153696-550a-4573-ab8b-f7fa9c2561e9
2022-03-02 19:00:06,979 [Listener at 0.0.0.0/41101] INFO  server.StorageContainerManager (StorageContainerManager.java:scmBootstrap(1016)) - Primary SCM Node ID f746044e-06a5-45c2-8175-96f1febdd987
2022-03-02 19:00:06,979 [Listener at 0.0.0.0/41101] INFO  ha.SCMHANodeDetails (SCMHANodeDetails.java:loadSCMHAConfig(157)) - ServiceID for StorageContainerManager is scm-service-test1
2022-03-02 19:00:06,979 [Listener at 0.0.0.0/41101] INFO  ha.SCMHANodeDetails (SCMHANodeDetails.java:loadSCMHAConfig(168)) - ServiceID for StorageContainerManager is scm-service-test1
2022-03-02 19:00:06,979 [Listener at 0.0.0.0/41101] WARN  scm.ScmUtils (ScmUtils.java:logWarn(179)) - ConfigKey ozone.scm.block.client.address is deprecated, For configuring different ports for each SCM use PortConfigKey ozone.scm.block.client.port appended with serviceId and nodeId. If want to configure same port configure ozone.scm.block.client.port
2022-03-02 19:00:06,979 [Listener at 0.0.0.0/41101] WARN  scm.ScmUtils (ScmUtils.java:logWarn(179)) - ConfigKey ozone.scm.client.address is deprecated, For configuring different ports for each SCM use PortConfigKey ozone.scm.client.port appended with serviceId and nodeId. If want to configure same port configure ozone.scm.client.port
2022-03-02 19:00:06,979 [Listener at 0.0.0.0/41101] WARN  scm.ScmUtils (ScmUtils.java:logWarn(179)) - ConfigKey ozone.scm.datanode.address is deprecated, For configuring different ports for each SCM use PortConfigKey ozone.scm.datanode.port appended with serviceId and nodeId. If want to configure same port configure ozone.scm.datanode.port
2022-03-02 19:00:06,979 [Listener at 0.0.0.0/41101] WARN  scm.ScmUtils (ScmUtils.java:logWarn(179)) - ConfigKey ozone.scm.block.client.address is deprecated, For configuring different ports for each SCM use PortConfigKey ozone.scm.block.client.port appended with serviceId and nodeId. If want to configure same port configure ozone.scm.block.client.port
2022-03-02 19:00:06,980 [Listener at 0.0.0.0/41101] WARN  scm.ScmUtils (ScmUtils.java:logWarn(179)) - ConfigKey ozone.scm.client.address is deprecated, For configuring different ports for each SCM use PortConfigKey ozone.scm.client.port appended with serviceId and nodeId. If want to configure same port configure ozone.scm.client.port
2022-03-02 19:00:06,980 [Listener at 0.0.0.0/41101] WARN  scm.ScmUtils (ScmUtils.java:logWarn(179)) - ConfigKey ozone.scm.datanode.address is deprecated, For configuring different ports for each SCM use PortConfigKey ozone.scm.datanode.port appended with serviceId and nodeId. If want to configure same port configure ozone.scm.datanode.port
2022-03-02 19:00:06,980 [Listener at 0.0.0.0/41101] INFO  ha.SCMHANodeDetails (SCMHANodeDetails.java:loadSCMHAConfig(250)) - Found matching SCM address with SCMServiceId: scm-service-test1, SCMNodeId: scmNode-3, RPC Address: localhost:32899 and Ratis port: 32899
2022-03-02 19:00:06,980 [Listener at 0.0.0.0/41101] INFO  ha.SCMHANodeDetails (ConfUtils.java:setNodeSpecificConfigs(108)) - Setting configuration key ozone.scm.datanode.address with value of key ozone.scm.datanode.address.scm-service-test1.scmNode-3: 127.0.0.1:46849
2022-03-02 19:00:06,980 [Listener at 0.0.0.0/41101] INFO  ha.SCMHANodeDetails (ConfUtils.java:setNodeSpecificConfigs(108)) - Setting configuration key ozone.scm.block.client.address with value of key ozone.scm.block.client.address.scm-service-test1.scmNode-3: 127.0.0.1:36985
2022-03-02 19:00:06,980 [Listener at 0.0.0.0/41101] INFO  ha.SCMHANodeDetails (ConfUtils.java:setNodeSpecificConfigs(108)) - Setting configuration key ozone.scm.client.address with value of key ozone.scm.client.address.scm-service-test1.scmNode-3: 127.0.0.1:46021
2022-03-02 19:00:06,980 [Listener at 0.0.0.0/41101] INFO  ha.SCMHANodeDetails (ConfUtils.java:setNodeSpecificConfigs(108)) - Setting configuration key ozone.scm.ratis.port with value of key ozone.scm.ratis.port.scm-service-test1.scmNode-3: 32899
2022-03-02 19:00:06,980 [Listener at 0.0.0.0/41101] INFO  ha.SCMHANodeDetails (ConfUtils.java:setNodeSpecificConfigs(108)) - Setting configuration key ozone.scm.grpc.port with value of key ozone.scm.grpc.port.scm-service-test1.scmNode-3: 43699
2022-03-02 19:00:06,980 [Listener at 0.0.0.0/41101] INFO  ha.SCMHANodeDetails (ConfUtils.java:setNodeSpecificConfigs(108)) - Setting configuration key ozone.scm.http-address with value of key ozone.scm.http-address.scm-service-test1.scmNode-3: 127.0.0.1:41589
2022-03-02 19:00:06,980 [Listener at 0.0.0.0/41101] INFO  ha.SCMHANodeDetails (ConfUtils.java:setNodeSpecificConfigs(108)) - Setting configuration key ozone.scm.https-address with value of key ozone.scm.https-address.scm-service-test1.scmNode-3: 127.0.0.1:39067
2022-03-02 19:00:06,981 [Listener at 0.0.0.0/41101] INFO  ha.SCMHANodeDetails (ConfUtils.java:setNodeSpecificConfigs(108)) - Setting configuration key ozone.scm.address with value of key ozone.scm.address.scm-service-test1.scmNode-3: 127.0.0.1
2022-03-02 19:00:06,981 [Listener at 0.0.0.0/41101] WARN  scm.ScmUtils (ScmUtils.java:logWarn(179)) - ConfigKey ozone.scm.block.client.address is deprecated, For configuring different ports for each SCM use PortConfigKey ozone.scm.block.client.port appended with serviceId and nodeId. If want to configure same port configure ozone.scm.block.client.port
2022-03-02 19:00:06,982 [Listener at 0.0.0.0/41101] WARN  scm.ScmUtils (ScmUtils.java:logWarn(179)) - ConfigKey ozone.scm.client.address is deprecated, For configuring different ports for each SCM use PortConfigKey ozone.scm.client.port appended with serviceId and nodeId. If want to configure same port configure ozone.scm.client.port
2022-03-02 19:00:06,983 [Listener at 0.0.0.0/41101] WARN  scm.ScmUtils (ScmUtils.java:logWarn(179)) - ConfigKey ozone.scm.datanode.address is deprecated, For configuring different ports for each SCM use PortConfigKey ozone.scm.datanode.port appended with serviceId and nodeId. If want to configure same port configure ozone.scm.datanode.port
2022-03-02 19:00:06,983 [Listener at 0.0.0.0/41101] WARN  server.ServerUtils (ServerUtils.java:getScmDbDir(148)) - ozone.scm.db.dirs is not configured. We recommend adding this setting. Falling back to ozone.metadata.dirs instead.
2022-03-02 19:00:06,984 [Listener at 0.0.0.0/41101] INFO  upgrade.AbstractLayoutVersionManager (AbstractLayoutVersionManager.java:init(79)) - Initializing Layout version manager with metadata layout = SCM_HA (version = 2), software layout = SCM_HA (version = 2)
2022-03-02 19:00:07,062 [Listener at 0.0.0.0/41101] INFO  reflections.Reflections (Reflections.java:scan(232)) - Reflections took 77 ms to scan 7 urls, producing 122 keys and 286 values 
2022-03-02 19:00:07,068 [Listener at 0.0.0.0/41101] WARN  utils.HAUtils (HAUtils.java:getMetaDir(342)) - ozone.scm.db.dirs is not configured. We recommend adding this setting. Falling back to ozone.metadata.dirs instead.
2022-03-02 19:00:07,072 [Listener at 0.0.0.0/41101] WARN  db.DBStoreBuilder (DBStoreBuilder.java:applyDBDefinition(145)) - ozone.scm.db.dirs is not configured. We recommend adding this setting. Falling back to ozone.metadata.dirs instead.
2022-03-02 19:00:07,165 [Listener at 0.0.0.0/41101] INFO  net.NodeSchemaLoader (NodeSchemaLoader.java:loadSchemaFromFile(129)) - Loading schema from [jar:file:/home/runner/.m2/repository/org/apache/ozone/hdds-common/1.3.0-SNAPSHOT/hdds-common-1.3.0-SNAPSHOT.jar!/network-topology-default.xml]
2022-03-02 19:00:07,165 [Listener at 0.0.0.0/41101] INFO  net.NodeSchemaLoader (NodeSchemaLoader.java:loadSchema(176)) - Loading network topology layer schema file
2022-03-02 19:00:07,167 [Listener at 0.0.0.0/41101] WARN  impl.MetricRegistriesImpl (MetricRegistriesImpl.java:addReporterRegistration(111)) - New reporters are added after registries were created. Some metrics will be missing from the reporter. Please add reporter before adding any new registry.
2022-03-02 19:00:07,168 [Listener at 0.0.0.0/41101] WARN  impl.MetricRegistriesImpl (MetricRegistriesImpl.java:addReporterRegistration(111)) - New reporters are added after registries were created. Some metrics will be missing from the reporter. Please add reporter before adding any new registry.
2022-03-02 19:00:07,168 [Listener at 0.0.0.0/41101] INFO  ha.SCMRatisServerImpl (SCMRatisServerImpl.java:<init>(87)) - starting Raft server for scm:13153696-550a-4573-ab8b-f7fa9c2561e9
2022-03-02 19:00:07,169 [Listener at 0.0.0.0/41101] INFO  server.RaftServer (ConfUtils.java:logGet(44)) - raft.rpc.type = GRPC (default)
2022-03-02 19:00:07,169 [Listener at 0.0.0.0/41101] INFO  grpc.GrpcFactory (GrpcFactory.java:checkPooledByteBufAllocatorUseCacheForAllThreads(48)) - PERFORMANCE WARNING: useCacheForAllThreads is true that may cause Netty to create a lot garbage objects and, as a result, trigger GC.
	It is recommended to disable useCacheForAllThreads by setting -Dorg.apache.ratis.thirdparty.io.netty.allocator.useCacheForAllThreads=false in command line.
2022-03-02 19:00:07,170 [Listener at 0.0.0.0/41101] INFO  grpc.GrpcConfigKeys (ConfUtils.java:logGet(44)) - raft.grpc.admin.port = -1 (default)
2022-03-02 19:00:07,170 [Listener at 0.0.0.0/41101] INFO  grpc.GrpcConfigKeys (ConfUtils.java:logGet(44)) - raft.grpc.server.port = 32899 (custom)
2022-03-02 19:00:07,170 [Listener at 0.0.0.0/41101] INFO  grpc.GrpcConfigKeys (ConfUtils.java:logGet(44)) - raft.grpc.client.port = -1 (default)
2022-03-02 19:00:07,170 [Listener at 0.0.0.0/41101] INFO  grpc.GrpcConfigKeys (ConfUtils.java:logGet(44)) - raft.grpc.server.port = 32899 (custom)
2022-03-02 19:00:07,171 [Listener at 0.0.0.0/41101] INFO  grpc.GrpcConfigKeys (ConfUtils.java:logGet(44)) - raft.grpc.server.port = 32899 (custom)
2022-03-02 19:00:07,171 [Listener at 0.0.0.0/41101] INFO  server.GrpcService (ConfUtils.java:logGet(44)) - raft.grpc.message.size.max = 32m (=33554432) (custom)
2022-03-02 19:00:07,172 [Listener at 0.0.0.0/41101] INFO  server.RaftServerConfigKeys (ConfUtils.java:logGet(44)) - raft.server.log.appender.buffer.byte-limit = 33554432 (custom)
2022-03-02 19:00:07,172 [Listener at 0.0.0.0/41101] INFO  server.GrpcService (ConfUtils.java:logGet(44)) - raft.grpc.flow.control.window = 1MB (=1048576) (default)
2022-03-02 19:00:07,172 [Listener at 0.0.0.0/41101] INFO  server.RaftServerConfigKeys (ConfUtils.java:logGet(44)) - raft.server.rpc.request.timeout = 30000ms (custom)
2022-03-02 19:00:07,174 [Listener at 0.0.0.0/41101] INFO  impl.DataStreamServerImpl (ConfUtils.java:logGet(44)) - raft.datastream.type = DISABLED (default)
2022-03-02 19:00:07,174 [Listener at 0.0.0.0/41101] INFO  server.RaftServerConfigKeys (ConfUtils.java:logGet(44)) - raft.server.rpc.slowness.timeout = 120000ms (custom)
2022-03-02 19:00:07,175 [Listener at 0.0.0.0/41101] INFO  server.RaftServerConfigKeys (ConfUtils.java:logGet(44)) - raft.server.leaderelection.leader.step-down.wait-time = 10s (default)
2022-03-02 19:00:07,175 [Listener at 0.0.0.0/41101] INFO  server.RaftServerConfigKeys (ConfUtils.java:logGet(44)) - raft.server.storage.dir = [/home/runner/work/ozone/ozone/hadoop-ozone/integration-test/target/test-dir/MiniOzoneClusterImpl-5ed764c8-eddb-4368-ac32-9b8b311b51af/scmNode-3/scm-ha] (custom)
2022-03-02 19:00:07,181 [Listener at 0.0.0.0/41101] INFO  server.RaftServer (RaftServerProxy.java:addNew(95)) - 13153696-550a-4573-ab8b-f7fa9c2561e9: addNew group-9B8B311B51AF:[] returns group-9B8B311B51AF:java.util.concurrent.CompletableFuture@441d7044[Not completed]
2022-03-02 19:00:07,182 [pool-313-thread-1] INFO  server.RaftServer$Division (RaftServerImpl.java:<init>(184)) - 13153696-550a-4573-ab8b-f7fa9c2561e9: new RaftServerImpl for group-9B8B311B51AF:[] with SCMStateMachine:uninitialized
2022-03-02 19:00:07,185 [pool-313-thread-1] INFO  server.RaftServerConfigKeys (ConfUtils.java:logGet(44)) - raft.server.rpc.timeout.min = 5000ms (custom)
2022-03-02 19:00:07,185 [pool-313-thread-1] INFO  server.RaftServerConfigKeys (ConfUtils.java:logGet(44)) - raft.server.rpc.timeout.max = 5200ms (custom)
2022-03-02 19:00:07,185 [pool-313-thread-1] INFO  server.RaftServerConfigKeys (ConfUtils.java:logGet(44)) - raft.server.rpc.sleep.time = 25ms (default)
2022-03-02 19:00:07,185 [pool-313-thread-1] INFO  server.RaftServerConfigKeys (ConfUtils.java:logGet(44)) - raft.server.rpc.slowness.timeout = 120000ms (custom)
2022-03-02 19:00:07,185 [pool-313-thread-1] INFO  server.RaftServerConfigKeys (ConfUtils.java:logGet(44)) - raft.server.leaderelection.leader.step-down.wait-time = 10s (default)
2022-03-02 19:00:07,185 [pool-313-thread-1] INFO  server.RaftServerConfigKeys (ConfUtils.java:logGet(44)) - raft.server.sleep.deviation.threshold = 300ms (default)
2022-03-02 19:00:07,185 [pool-313-thread-1] INFO  server.RaftServerConfigKeys (ConfUtils.java:logGet(44)) - raft.server.log.appender.install.snapshot.enabled = false (custom)
2022-03-02 19:00:07,185 [pool-313-thread-1] INFO  server.RaftServer$Division (ServerState.java:<init>(105)) - 13153696-550a-4573-ab8b-f7fa9c2561e9@group-9B8B311B51AF: ConfigurationManager, init=-1: [], old=null, confs=<EMPTY_MAP>
2022-03-02 19:00:07,185 [pool-313-thread-1] INFO  server.RaftServerConfigKeys (ConfUtils.java:logGet(44)) - raft.server.storage.dir = [/home/runner/work/ozone/ozone/hadoop-ozone/integration-test/target/test-dir/MiniOzoneClusterImpl-5ed764c8-eddb-4368-ac32-9b8b311b51af/scmNode-3/scm-ha] (custom)
2022-03-02 19:00:07,186 [pool-313-thread-1] INFO  server.RaftServerConfigKeys (ConfUtils.java:logGet(44)) - raft.server.log.corruption.policy = EXCEPTION (default)
2022-03-02 19:00:07,186 [pool-313-thread-1] INFO  server.RaftServerConfigKeys (ConfUtils.java:logGet(44)) - raft.server.storage.free-space.min = 0MB (=0) (default)
2022-03-02 19:00:07,186 [pool-313-thread-1] INFO  storage.RaftStorageDirectory (RaftStorageDirectoryImpl.java:analyzeStorage(135)) - The storage directory /home/runner/work/ozone/ozone/hadoop-ozone/integration-test/target/test-dir/MiniOzoneClusterImpl-5ed764c8-eddb-4368-ac32-9b8b311b51af/scmNode-3/scm-ha/5ed764c8-eddb-4368-ac32-9b8b311b51af does not exist. Creating ...
2022-03-02 19:00:07,187 [pool-313-thread-1] INFO  storage.RaftStorageDirectory (RaftStorageDirectoryImpl.java:tryLock(230)) - Lock on /home/runner/work/ozone/ozone/hadoop-ozone/integration-test/target/test-dir/MiniOzoneClusterImpl-5ed764c8-eddb-4368-ac32-9b8b311b51af/scmNode-3/scm-ha/5ed764c8-eddb-4368-ac32-9b8b311b51af/in_use.lock acquired by nodename 7106@fv-az148-899
2022-03-02 19:00:07,188 [pool-313-thread-1] INFO  storage.RaftStorage (RaftStorageImpl.java:format(89)) - Storage directory /home/runner/work/ozone/ozone/hadoop-ozone/integration-test/target/test-dir/MiniOzoneClusterImpl-5ed764c8-eddb-4368-ac32-9b8b311b51af/scmNode-3/scm-ha/5ed764c8-eddb-4368-ac32-9b8b311b51af has been successfully formatted.
2022-03-02 19:00:07,188 [pool-313-thread-1] INFO  server.RaftServerConfigKeys (ConfUtils.java:logGet(44)) - raft.server.notification.no-leader.timeout = 60s (default)
2022-03-02 19:00:07,188 [pool-313-thread-1] INFO  server.RaftServerConfigKeys (ConfUtils.java:logGet(44)) - raft.server.log.use.memory = false (default)
2022-03-02 19:00:07,188 [pool-313-thread-1] INFO  server.RaftServerConfigKeys (ConfUtils.java:logGet(44)) - raft.server.log.purge.gap = 5 (custom)
2022-03-02 19:00:07,188 [pool-313-thread-1] INFO  server.RaftServerConfigKeys (ConfUtils.java:logGet(44)) - raft.server.log.appender.buffer.byte-limit = 33554432 (custom)
2022-03-02 19:00:07,188 [pool-313-thread-1] INFO  server.RaftServerConfigKeys (ConfUtils.java:logGet(44)) - raft.server.log.segment.size.max = 4194304 (custom)
2022-03-02 19:00:07,189 [pool-313-thread-1] INFO  server.RaftServerConfigKeys (ConfUtils.java:logGet(44)) - raft.server.log.segment.cache.num.max = 2 (custom)
2022-03-02 19:00:07,190 [pool-313-thread-1] INFO  server.RaftServerConfigKeys (ConfUtils.java:logGet(44)) - raft.server.log.segment.cache.size.max = 200MB (=209715200) (default)
2022-03-02 19:00:07,190 [pool-313-thread-1] INFO  segmented.SegmentedRaftLogWorker (SegmentedRaftLogWorker.java:<init>(182)) - new 13153696-550a-4573-ab8b-f7fa9c2561e9@group-9B8B311B51AF-SegmentedRaftLogWorker for RaftStorageImpl:Storage Directory /home/runner/work/ozone/ozone/hadoop-ozone/integration-test/target/test-dir/MiniOzoneClusterImpl-5ed764c8-eddb-4368-ac32-9b8b311b51af/scmNode-3/scm-ha/5ed764c8-eddb-4368-ac32-9b8b311b51af
2022-03-02 19:00:07,190 [pool-313-thread-1] INFO  server.RaftServerConfigKeys (ConfUtils.java:logGet(44)) - raft.server.log.queue.byte-limit = 64MB (=67108864) (default)
2022-03-02 19:00:07,190 [pool-313-thread-1] INFO  server.RaftServerConfigKeys (ConfUtils.java:logGet(44)) - raft.server.log.queue.element-limit = 4096 (default)
2022-03-02 19:00:07,190 [pool-313-thread-1] INFO  server.RaftServerConfigKeys (ConfUtils.java:logGet(44)) - raft.server.log.segment.size.max = 4194304 (custom)
2022-03-02 19:00:07,190 [pool-313-thread-1] INFO  server.RaftServerConfigKeys (ConfUtils.java:logGet(44)) - raft.server.log.preallocated.size = 4194304 (custom)
2022-03-02 19:00:07,190 [pool-313-thread-1] INFO  server.RaftServerConfigKeys (ConfUtils.java:logGet(44)) - raft.server.log.force.sync.num = 128 (default)
2022-03-02 19:00:07,190 [pool-313-thread-1] INFO  server.RaftServerConfigKeys (ConfUtils.java:logGet(44)) - raft.server.log.statemachine.data.sync = true (default)
2022-03-02 19:00:07,190 [pool-313-thread-1] INFO  server.RaftServerConfigKeys (ConfUtils.java:logGet(44)) - raft.server.log.statemachine.data.sync.timeout = 10s (default)
2022-03-02 19:00:07,190 [pool-313-thread-1] INFO  server.RaftServerConfigKeys (ConfUtils.java:logGet(44)) - raft.server.log.statemachine.data.sync.timeout.retry = -1 (default)
2022-03-02 19:00:07,201 [pool-313-thread-1] INFO  server.RaftServerConfigKeys (ConfUtils.java:logGet(44)) - raft.server.log.write.buffer.size = 64KB (=65536) (default)
2022-03-02 19:00:07,201 [pool-313-thread-1] INFO  server.RaftServerConfigKeys (ConfUtils.java:logGet(44)) - raft.server.log.statemachine.data.caching.enabled = false (default)
2022-03-02 19:00:07,201 [pool-313-thread-1] INFO  segmented.SegmentedRaftLogWorker (SegmentedRaftLogWorker.java:lambda$new$0(133)) - 13153696-550a-4573-ab8b-f7fa9c2561e9@group-9B8B311B51AF-SegmentedRaftLogWorker: flushIndex: setUnconditionally 0 -> -1
2022-03-02 19:00:07,202 [pool-313-thread-1] INFO  segmented.SegmentedRaftLogWorker (SegmentedRaftLogWorker.java:lambda$new$0(133)) - 13153696-550a-4573-ab8b-f7fa9c2561e9@group-9B8B311B51AF-SegmentedRaftLogWorker: safeCacheEvictIndex: setUnconditionally 0 -> -1
2022-03-02 19:00:07,205 [pool-313-thread-1] INFO  server.RaftServerConfigKeys (ConfUtils.java:logGet(44)) - raft.server.snapshot.auto.trigger.enabled = true (custom)
2022-03-02 19:00:07,205 [pool-313-thread-1] INFO  server.RaftServerConfigKeys (ConfUtils.java:logGet(44)) - raft.server.snapshot.auto.trigger.threshold = 5 (custom)
2022-03-02 19:00:07,205 [pool-313-thread-1] INFO  server.RaftServerConfigKeys (ConfUtils.java:logGet(44)) - raft.server.snapshot.retention.file.num = -1 (default)
2022-03-02 19:00:07,205 [pool-313-thread-1] INFO  server.RaftServerConfigKeys (ConfUtils.java:logGet(44)) - raft.server.log.purge.upto.snapshot.index = true (custom)
2022-03-02 19:00:07,205 [pool-313-thread-1] INFO  server.RaftServerConfigKeys (ConfUtils.java:logGet(44)) - raft.server.retrycache.expirytime = 60000ms (default)
2022-03-02 19:00:07,205 [pool-313-thread-1] INFO  server.RaftServerConfigKeys (ConfUtils.java:logGet(44)) - raft.server.retrycache.statistics.expirytime = 100μs (default)
2022-03-02 19:00:07,209 [Listener at 0.0.0.0/41101] INFO  ha.SCMSnapshotProvider (SCMSnapshotProvider.java:<init>(66)) - Initializing SCM Snapshot Provider
2022-03-02 19:00:07,209 [Listener at 0.0.0.0/41101] WARN  server.ServerUtils (ServerUtils.java:getDefaultRatisDirectory(237)) - Storage directory for Ratis is not configured. It is a good idea to map this to an SSD disk. Falling back to ozone.metadata.dirs
2022-03-02 19:00:07,209 [Listener at 0.0.0.0/41101] WARN  ha.SCMHAUtils (SCMHAUtils.java:getSCMRatisSnapshotDirectory(151)) - SCM snapshot dir is not configured. Falling back to ozone.metadata.dirs config
2022-03-02 19:00:07,211 [Listener at 0.0.0.0/41101] INFO  ha.SequenceIdGenerator (SequenceIdGenerator.java:upgradeToSequenceId(347)) - upgrade localId to 109611004723200000
2022-03-02 19:00:07,211 [Listener at 0.0.0.0/41101] INFO  ha.SequenceIdGenerator (SequenceIdGenerator.java:upgradeToSequenceId(357)) - upgrade delTxnId to 0
2022-03-02 19:00:07,211 [Listener at 0.0.0.0/41101] INFO  ha.SequenceIdGenerator (SequenceIdGenerator.java:upgradeToSequenceId(371)) - upgrade containerId to 0
2022-03-02 19:00:07,211 [Listener at 0.0.0.0/41101] INFO  ha.SequenceIdGenerator (SequenceIdGenerator.java:<init>(218)) - Init the HA SequenceIdGenerator.
2022-03-02 19:00:07,211 [Listener at 0.0.0.0/41101] WARN  server.ServerUtils (ServerUtils.java:sanitizeUserArgs(73)) - ozone.scm.stale.node.interval value = 300000 is larger than max = 100000 based on the key value of ozone.scm.heartbeat.thread.interval, reset to the max value 100000.
2022-03-02 19:00:07,211 [Listener at 0.0.0.0/41101] WARN  server.ServerUtils (ServerUtils.java:sanitizeUserArgs(73)) - ozone.scm.stale.node.interval value = 300000 is larger than max = 100000 based on the key value of ozone.scm.heartbeat.thread.interval, reset to the max value 100000.
2022-03-02 19:00:07,217 [Listener at 0.0.0.0/41101] INFO  node.SCMNodeManager (SCMNodeManager.java:<init>(144)) - Entering startup safe mode.
2022-03-02 19:00:07,218 [Listener at 0.0.0.0/41101] INFO  algorithms.ContainerPlacementPolicyFactory (ContainerPlacementPolicyFactory.java:getPolicy(60)) - Create container placement policy of type org.apache.hadoop.hdds.scm.container.placement.algorithms.SCMContainerPlacementRandom
2022-03-02 19:00:07,218 [Listener at 0.0.0.0/41101] INFO  pipeline.PipelineStateManagerImpl (PipelineStateManagerImpl.java:initialize(78)) - No pipeline exists in current db
2022-03-02 19:00:07,218 [Listener at 0.0.0.0/41101] INFO  algorithms.LeaderChoosePolicyFactory (LeaderChoosePolicyFactory.java:getPolicy(57)) - Create leader choose policy of type org.apache.hadoop.hdds.scm.pipeline.leader.choose.algorithms.MinLeaderCountChoosePolicy
2022-03-02 19:00:07,218 [Listener at 0.0.0.0/41101] INFO  ha.SCMServiceManager (SCMServiceManager.java:register(42)) - Registering service BackgroundPipelineCreator.
2022-03-02 19:00:07,218 [Listener at 0.0.0.0/41101] INFO  pipeline.BackgroundPipelineCreator (BackgroundPipelineCreator.java:start(130)) - Starting RatisPipelineUtilsThread.
2022-03-02 19:00:07,223 [Listener at 0.0.0.0/41101] INFO  algorithms.PipelineChoosePolicyFactory (PipelineChoosePolicyFactory.java:createPipelineChoosePolicyFromClass(73)) - Create pipeline choose policy of type org.apache.hadoop.hdds.scm.pipeline.choose.algorithms.RandomPipelineChoosePolicy
2022-03-02 19:00:07,224 [Listener at 0.0.0.0/41101] INFO  ha.SCMServiceManager (SCMServiceManager.java:register(42)) - Registering service SCMBlockDeletingService.
2022-03-02 19:00:07,224 [Listener at 0.0.0.0/41101] INFO  ha.SCMServiceManager (SCMServiceManager.java:register(42)) - Registering service ReplicationManager.
2022-03-02 19:00:07,224 [Listener at 0.0.0.0/41101] INFO  container.ReplicationManager (ReplicationManager.java:start(326)) - Starting Replication Monitor Thread.
2022-03-02 19:00:07,227 [ReplicationMonitor] INFO  container.ReplicationManager (ReplicationManager.java:processAll(374)) - Replication Manager is not ready to run until 3000ms after safemode exit
2022-03-02 19:00:07,229 [Listener at 0.0.0.0/41101] INFO  safemode.ContainerSafeModeRule (ContainerSafeModeRule.java:<init>(89)) - containers with one replica threshold count 0
2022-03-02 19:00:07,229 [Listener at 0.0.0.0/41101] INFO  safemode.HealthyPipelineSafeModeRule (HealthyPipelineSafeModeRule.java:initializeRule(156)) - Total pipeline count is 0, healthy pipeline threshold count is 1
2022-03-02 19:00:07,230 [Listener at 0.0.0.0/41101] INFO  safemode.OneReplicaPipelineSafeModeRule (OneReplicaPipelineSafeModeRule.java:initializeRule(180)) - Total pipeline count is 0, pipeline's with at least one datanode reported threshold count is 0
2022-03-02 19:00:07,231 [Listener at 0.0.0.0/41101] INFO  ipc.CallQueueManager (CallQueueManager.java:<init>(90)) - Using callQueue: class java.util.concurrent.LinkedBlockingQueue, queueCapacity: 2000, scheduler: class org.apache.hadoop.ipc.DefaultRpcScheduler, ipcBackoff: false.
2022-03-02 19:00:07,232 [Socket Reader #1 for port 46849] INFO  ipc.Server (Server.java:run(1265)) - Starting Socket Reader #1 for port 46849
2022-03-02 19:00:07,233 [Listener at 0.0.0.0/46849] INFO  ipc.CallQueueManager (CallQueueManager.java:<init>(90)) - Using callQueue: class java.util.concurrent.LinkedBlockingQueue, queueCapacity: 2000, scheduler: class org.apache.hadoop.ipc.DefaultRpcScheduler, ipcBackoff: false.
2022-03-02 19:00:07,237 [Socket Reader #1 for port 36985] INFO  ipc.Server (Server.java:run(1265)) - Starting Socket Reader #1 for port 36985
2022-03-02 19:00:07,243 [Listener at 0.0.0.0/36985] INFO  ipc.CallQueueManager (CallQueueManager.java:<init>(90)) - Using callQueue: class java.util.concurrent.LinkedBlockingQueue, queueCapacity: 2000, scheduler: class org.apache.hadoop.ipc.DefaultRpcScheduler, ipcBackoff: false.
2022-03-02 19:00:07,247 [Socket Reader #1 for port 46021] INFO  ipc.Server (Server.java:run(1265)) - Starting Socket Reader #1 for port 46021
2022-03-02 19:00:07,310 [Listener at 0.0.0.0/46021] INFO  algorithms.ContainerPlacementPolicyFactory (ContainerPlacementPolicyFactory.java:getPolicy(60)) - Create container placement policy of type org.apache.hadoop.hdds.scm.container.placement.algorithms.SCMContainerPlacementRandom
2022-03-02 19:00:07,318 [Listener at 0.0.0.0/46021] INFO  server.StorageContainerManager (StorageContainerManager.java:<init>(392)) - 
Container Balancer status:
Key                            Value
Running                        false
Container Balancer Configuration values:
Key                                                Value
Threshold                                          10
Max Datanodes to Involve per Iteration(percent)    20
Max Size to Move per Iteration                     500GB
Max Size Entering Target per Iteration             26GB
Max Size Leaving Source per Iteration              26GB

2022-03-02 19:00:07,321 [Listener at 0.0.0.0/46021] WARN  events.EventQueue (EventQueue.java:fireEvent(194)) - No event handler registered for event TypedEvent{payloadType=SafeModeStatus, name='Safe mode status'}
2022-03-02 19:00:07,321 [Listener at 0.0.0.0/46021] INFO  ha.SCMContext (SCMContext.java:updateSafeModeStatus(211)) - Update SafeModeStatus from SafeModeStatus{safeModeStatus=true, preCheckPassed=false} to SafeModeStatus{safeModeStatus=true, preCheckPassed=false}.
2022-03-02 19:00:07,322 [Listener at 0.0.0.0/46021] INFO  ozone.MiniOzoneHAClusterImpl (MiniOzoneHAClusterImpl.java:createSCMService(604)) - Intialized SCM at /0.0.0.0:46021. This SCM is currently inactive (not running).
2022-03-02 19:00:07,323 [Listener at 0.0.0.0/46021] INFO  ha.OMHANodeDetails (OMHANodeDetails.java:loadOMHAConfig(118)) - ServiceID for OzoneManager is om-service-test1
2022-03-02 19:00:07,325 [Listener at 0.0.0.0/46021] INFO  ha.OMHANodeDetails (OMHANodeDetails.java:loadOMHAConfig(193)) - Found matching OM address with OMServiceId: om-service-test1, OMNodeId: omNode-1, RPC Address: localhost:42139 and Ratis port: 39279
2022-03-02 19:00:07,325 [Listener at 0.0.0.0/46021] INFO  ha.OMHANodeDetails (ConfUtils.java:setNodeSpecificConfigs(108)) - Setting configuration key ozone.om.http-address with value of key ozone.om.http-address.om-service-test1.omNode-1: 127.0.0.1:46721
2022-03-02 19:00:07,325 [Listener at 0.0.0.0/46021] INFO  ha.OMHANodeDetails (ConfUtils.java:setNodeSpecificConfigs(108)) - Setting configuration key ozone.om.https-address with value of key ozone.om.https-address.om-service-test1.omNode-1: 127.0.0.1:33951
2022-03-02 19:00:07,325 [Listener at 0.0.0.0/46021] INFO  ha.OMHANodeDetails (ConfUtils.java:setNodeSpecificConfigs(108)) - Setting configuration key ozone.om.address with value of key ozone.om.address.om-service-test1.omNode-1: 127.0.0.1:42139
2022-03-02 19:00:07,326 [Listener at 0.0.0.0/46021] WARN  server.ServerUtils (ServerUtils.java:getDBPath(225)) - ozone.om.db.dirs is not configured. We recommend adding this setting. Falling back to ozone.metadata.dirs instead.
2022-03-02 19:00:07,326 [Listener at 0.0.0.0/46021] INFO  ha.SCMNodeInfo (SCMNodeInfo.java:getPort(197)) - ConfigKey ozone.scm.client.address is deprecated, For configuring different ports for each SCM use PortConfigKey ozone.scm.client.port appended with serviceId and nodeId
2022-03-02 19:00:07,331 [Listener at 0.0.0.0/46021] INFO  ha.SCMNodeInfo (SCMNodeInfo.java:getPort(197)) - ConfigKey ozone.scm.block.client.address is deprecated, For configuring different ports for each SCM use PortConfigKey ozone.scm.block.client.port appended with serviceId and nodeId
2022-03-02 19:00:07,333 [Listener at 0.0.0.0/46021] INFO  ha.SCMNodeInfo (SCMNodeInfo.java:getPort(197)) - ConfigKey ozone.scm.datanode.address is deprecated, For configuring different ports for each SCM use PortConfigKey ozone.scm.datanode.port appended with serviceId and nodeId
2022-03-02 19:00:07,333 [Listener at 0.0.0.0/46021] INFO  ha.SCMNodeInfo (SCMNodeInfo.java:getPort(197)) - ConfigKey ozone.scm.client.address is deprecated, For configuring different ports for each SCM use PortConfigKey ozone.scm.client.port appended with serviceId and nodeId
2022-03-02 19:00:07,333 [Listener at 0.0.0.0/46021] INFO  ha.SCMNodeInfo (SCMNodeInfo.java:getPort(197)) - ConfigKey ozone.scm.block.client.address is deprecated, For configuring different ports for each SCM use PortConfigKey ozone.scm.block.client.port appended with serviceId and nodeId
2022-03-02 19:00:07,333 [Listener at 0.0.0.0/46021] INFO  ha.SCMNodeInfo (SCMNodeInfo.java:getPort(197)) - ConfigKey ozone.scm.datanode.address is deprecated, For configuring different ports for each SCM use PortConfigKey ozone.scm.datanode.port appended with serviceId and nodeId
2022-03-02 19:00:07,333 [Listener at 0.0.0.0/46021] INFO  ha.SCMNodeInfo (SCMNodeInfo.java:getPort(197)) - ConfigKey ozone.scm.client.address is deprecated, For configuring different ports for each SCM use PortConfigKey ozone.scm.client.port appended with serviceId and nodeId
2022-03-02 19:00:07,333 [Listener at 0.0.0.0/46021] INFO  ha.SCMNodeInfo (SCMNodeInfo.java:getPort(197)) - ConfigKey ozone.scm.block.client.address is deprecated, For configuring different ports for each SCM use PortConfigKey ozone.scm.block.client.port appended with serviceId and nodeId
2022-03-02 19:00:07,333 [Listener at 0.0.0.0/46021] INFO  ha.SCMNodeInfo (SCMNodeInfo.java:getPort(197)) - ConfigKey ozone.scm.datanode.address is deprecated, For configuring different ports for each SCM use PortConfigKey ozone.scm.datanode.port appended with serviceId and nodeId
OM initialization succeeded.Current cluster id for sd=/home/runner/work/ozone/ozone/hadoop-ozone/integration-test/target/test-dir/MiniOzoneClusterImpl-5ed764c8-eddb-4368-ac32-9b8b311b51af/omNode-1/om;cid=5ed764c8-eddb-4368-ac32-9b8b311b51af;layoutVersion=0
2022-03-02 19:00:07,358 [Listener at 0.0.0.0/46021] INFO  ha.OMHANodeDetails (OMHANodeDetails.java:loadOMHAConfig(118)) - ServiceID for OzoneManager is om-service-test1
2022-03-02 19:00:07,358 [Listener at 0.0.0.0/46021] INFO  ha.OMHANodeDetails (OMHANodeDetails.java:loadOMHAConfig(193)) - Found matching OM address with OMServiceId: om-service-test1, OMNodeId: omNode-1, RPC Address: localhost:42139 and Ratis port: 39279
2022-03-02 19:00:07,359 [Listener at 0.0.0.0/46021] INFO  ha.OMHANodeDetails (ConfUtils.java:setNodeSpecificConfigs(108)) - Setting configuration key ozone.om.http-address with value of key ozone.om.http-address.om-service-test1.omNode-1: 127.0.0.1:46721
2022-03-02 19:00:07,359 [Listener at 0.0.0.0/46021] INFO  ha.OMHANodeDetails (ConfUtils.java:setNodeSpecificConfigs(108)) - Setting configuration key ozone.om.https-address with value of key ozone.om.https-address.om-service-test1.omNode-1: 127.0.0.1:33951
2022-03-02 19:00:07,359 [Listener at 0.0.0.0/46021] INFO  ha.OMHANodeDetails (ConfUtils.java:setNodeSpecificConfigs(108)) - Setting configuration key ozone.om.address with value of key ozone.om.address.om-service-test1.omNode-1: 127.0.0.1:42139
2022-03-02 19:00:07,359 [Listener at 0.0.0.0/46021] WARN  server.ServerUtils (ServerUtils.java:getDBPath(225)) - ozone.om.db.dirs is not configured. We recommend adding this setting. Falling back to ozone.metadata.dirs instead.
2022-03-02 19:00:07,359 [Listener at 0.0.0.0/46021] INFO  upgrade.AbstractLayoutVersionManager (AbstractLayoutVersionManager.java:init(79)) - Initializing Layout version manager with metadata layout = INITIAL_VERSION (version = 0), software layout = INITIAL_VERSION (version = 0)
2022-03-02 19:00:07,470 [Listener at 0.0.0.0/46021] INFO  reflections.Reflections (Reflections.java:scan(232)) - Reflections took 110 ms to scan 2 urls, producing 134 keys and 349 values [using 2 cores]
2022-03-02 19:00:07,471 [Listener at 0.0.0.0/46021] INFO  upgrade.OMLayoutVersionManager (OMLayoutVersionManager.java:lambda$0(115)) - Skipping Upgrade Action MockOmUpgradeAction since it has been finalized.
2022-03-02 19:00:07,471 [Listener at 0.0.0.0/46021] WARN  server.ServerUtils (ServerUtils.java:getDBPath(225)) - ozone.om.db.dirs is not configured. We recommend adding this setting. Falling back to ozone.metadata.dirs instead.
2022-03-02 19:00:07,471 [Listener at 0.0.0.0/46021] INFO  ha.SCMNodeInfo (SCMNodeInfo.java:getPort(197)) - ConfigKey ozone.scm.client.address is deprecated, For configuring different ports for each SCM use PortConfigKey ozone.scm.client.port appended with serviceId and nodeId
2022-03-02 19:00:07,471 [Listener at 0.0.0.0/46021] INFO  ha.SCMNodeInfo (SCMNodeInfo.java:getPort(197)) - ConfigKey ozone.scm.block.client.address is deprecated, For configuring different ports for each SCM use PortConfigKey ozone.scm.block.client.port appended with serviceId and nodeId
2022-03-02 19:00:07,471 [Listener at 0.0.0.0/46021] INFO  ha.SCMNodeInfo (SCMNodeInfo.java:getPort(197)) - ConfigKey ozone.scm.datanode.address is deprecated, For configuring different ports for each SCM use PortConfigKey ozone.scm.datanode.port appended with serviceId and nodeId
2022-03-02 19:00:07,471 [Listener at 0.0.0.0/46021] INFO  ha.SCMNodeInfo (SCMNodeInfo.java:getPort(197)) - ConfigKey ozone.scm.client.address is deprecated, For configuring different ports for each SCM use PortConfigKey ozone.scm.client.port appended with serviceId and nodeId
2022-03-02 19:00:07,472 [Listener at 0.0.0.0/46021] INFO  ha.SCMNodeInfo (SCMNodeInfo.java:getPort(197)) - ConfigKey ozone.scm.block.client.address is deprecated, For configuring different ports for each SCM use PortConfigKey ozone.scm.block.client.port appended with serviceId and nodeId
2022-03-02 19:00:07,472 [Listener at 0.0.0.0/46021] INFO  ha.SCMNodeInfo (SCMNodeInfo.java:getPort(197)) - ConfigKey ozone.scm.datanode.address is deprecated, For configuring different ports for each SCM use PortConfigKey ozone.scm.datanode.port appended with serviceId and nodeId
2022-03-02 19:00:07,472 [Listener at 0.0.0.0/46021] INFO  ha.SCMNodeInfo (SCMNodeInfo.java:getPort(197)) - ConfigKey ozone.scm.client.address is deprecated, For configuring different ports for each SCM use PortConfigKey ozone.scm.client.port appended with serviceId and nodeId
2022-03-02 19:00:07,472 [Listener at 0.0.0.0/46021] INFO  ha.SCMNodeInfo (SCMNodeInfo.java:getPort(197)) - ConfigKey ozone.scm.block.client.address is deprecated, For configuring different ports for each SCM use PortConfigKey ozone.scm.block.client.port appended with serviceId and nodeId
2022-03-02 19:00:07,472 [Listener at 0.0.0.0/46021] INFO  ha.SCMNodeInfo (SCMNodeInfo.java:getPort(197)) - ConfigKey ozone.scm.datanode.address is deprecated, For configuring different ports for each SCM use PortConfigKey ozone.scm.datanode.port appended with serviceId and nodeId
2022-03-02 19:00:07,472 [Listener at 0.0.0.0/46021] INFO  ha.SCMNodeInfo (SCMNodeInfo.java:getPort(197)) - ConfigKey ozone.scm.client.address is deprecated, For configuring different ports for each SCM use PortConfigKey ozone.scm.client.port appended with serviceId and nodeId
2022-03-02 19:00:07,472 [Listener at 0.0.0.0/46021] INFO  ha.SCMNodeInfo (SCMNodeInfo.java:getPort(197)) - ConfigKey ozone.scm.block.client.address is deprecated, For configuring different ports for each SCM use PortConfigKey ozone.scm.block.client.port appended with serviceId and nodeId
2022-03-02 19:00:07,473 [Listener at 0.0.0.0/46021] INFO  ha.SCMNodeInfo (SCMNodeInfo.java:getPort(197)) - ConfigKey ozone.scm.datanode.address is deprecated, For configuring different ports for each SCM use PortConfigKey ozone.scm.datanode.port appended with serviceId and nodeId
2022-03-02 19:00:07,473 [Listener at 0.0.0.0/46021] INFO  ha.SCMNodeInfo (SCMNodeInfo.java:getPort(197)) - ConfigKey ozone.scm.client.address is deprecated, For configuring different ports for each SCM use PortConfigKey ozone.scm.client.port appended with serviceId and nodeId
2022-03-02 19:00:07,473 [Listener at 0.0.0.0/46021] INFO  ha.SCMNodeInfo (SCMNodeInfo.java:getPort(197)) - ConfigKey ozone.scm.block.client.address is deprecated, For configuring different ports for each SCM use PortConfigKey ozone.scm.block.client.port appended with serviceId and nodeId
2022-03-02 19:00:07,473 [Listener at 0.0.0.0/46021] INFO  ha.SCMNodeInfo (SCMNodeInfo.java:getPort(197)) - ConfigKey ozone.scm.datanode.address is deprecated, For configuring different ports for each SCM use PortConfigKey ozone.scm.datanode.port appended with serviceId and nodeId
2022-03-02 19:00:07,473 [Listener at 0.0.0.0/46021] INFO  ha.SCMNodeInfo (SCMNodeInfo.java:getPort(197)) - ConfigKey ozone.scm.client.address is deprecated, For configuring different ports for each SCM use PortConfigKey ozone.scm.client.port appended with serviceId and nodeId
2022-03-02 19:00:07,473 [Listener at 0.0.0.0/46021] INFO  ha.SCMNodeInfo (SCMNodeInfo.java:getPort(197)) - ConfigKey ozone.scm.block.client.address is deprecated, For configuring different ports for each SCM use PortConfigKey ozone.scm.block.client.port appended with serviceId and nodeId
2022-03-02 19:00:07,474 [Listener at 0.0.0.0/46021] INFO  ha.SCMNodeInfo (SCMNodeInfo.java:getPort(197)) - ConfigKey ozone.scm.datanode.address is deprecated, For configuring different ports for each SCM use PortConfigKey ozone.scm.datanode.port appended with serviceId and nodeId
2022-03-02 19:00:07,475 [Listener at 0.0.0.0/46021] INFO  ha.SCMNodeInfo (SCMNodeInfo.java:getPort(197)) - ConfigKey ozone.scm.client.address is deprecated, For configuring different ports for each SCM use PortConfigKey ozone.scm.client.port appended with serviceId and nodeId
2022-03-02 19:00:07,477 [Listener at 0.0.0.0/46021] INFO  ha.SCMNodeInfo (SCMNodeInfo.java:getPort(197)) - ConfigKey ozone.scm.block.client.address is deprecated, For configuring different ports for each SCM use PortConfigKey ozone.scm.block.client.port appended with serviceId and nodeId
2022-03-02 19:00:07,477 [Listener at 0.0.0.0/46021] INFO  ha.SCMNodeInfo (SCMNodeInfo.java:getPort(197)) - ConfigKey ozone.scm.datanode.address is deprecated, For configuring different ports for each SCM use PortConfigKey ozone.scm.datanode.port appended with serviceId and nodeId
2022-03-02 19:00:07,477 [Listener at 0.0.0.0/46021] INFO  ha.SCMNodeInfo (SCMNodeInfo.java:getPort(197)) - ConfigKey ozone.scm.client.address is deprecated, For configuring different ports for each SCM use PortConfigKey ozone.scm.client.port appended with serviceId and nodeId
2022-03-02 19:00:07,477 [Listener at 0.0.0.0/46021] INFO  ha.SCMNodeInfo (SCMNodeInfo.java:getPort(197)) - ConfigKey ozone.scm.block.client.address is deprecated, For configuring different ports for each SCM use PortConfigKey ozone.scm.block.client.port appended with serviceId and nodeId
2022-03-02 19:00:07,478 [Listener at 0.0.0.0/46021] INFO  ha.SCMNodeInfo (SCMNodeInfo.java:getPort(197)) - ConfigKey ozone.scm.datanode.address is deprecated, For configuring different ports for each SCM use PortConfigKey ozone.scm.datanode.port appended with serviceId and nodeId
2022-03-02 19:00:07,478 [Listener at 0.0.0.0/46021] INFO  ha.SCMNodeInfo (SCMNodeInfo.java:getPort(197)) - ConfigKey ozone.scm.client.address is deprecated, For configuring different ports for each SCM use PortConfigKey ozone.scm.client.port appended with serviceId and nodeId
2022-03-02 19:00:07,478 [Listener at 0.0.0.0/46021] INFO  ha.SCMNodeInfo (SCMNodeInfo.java:getPort(197)) - ConfigKey ozone.scm.block.client.address is deprecated, For configuring different ports for each SCM use PortConfigKey ozone.scm.block.client.port appended with serviceId and nodeId
2022-03-02 19:00:07,478 [Listener at 0.0.0.0/46021] INFO  ha.SCMNodeInfo (SCMNodeInfo.java:getPort(197)) - ConfigKey ozone.scm.datanode.address is deprecated, For configuring different ports for each SCM use PortConfigKey ozone.scm.datanode.port appended with serviceId and nodeId
2022-03-02 19:00:07,509 [Listener at 0.0.0.0/46021] WARN  server.ServerUtils (ServerUtils.java:getDBPath(225)) - ozone.om.db.dirs is not configured. We recommend adding this setting. Falling back to ozone.metadata.dirs instead.
2022-03-02 19:00:07,510 [Listener at 0.0.0.0/46021] INFO  codec.OmKeyInfoCodec (OmKeyInfoCodec.java:<init>(50)) - OmKeyInfoCodec ignorePipeline = true
2022-03-02 19:00:07,510 [Listener at 0.0.0.0/46021] INFO  codec.RepeatedOmKeyInfoCodec (RepeatedOmKeyInfoCodec.java:<init>(42)) - RepeatedOmKeyInfoCodec ignorePipeline = true
2022-03-02 19:00:07,764 [Listener at 0.0.0.0/46021] INFO  om.OzoneManager (OzoneManager.java:addS3GVolumeToDB(3732)) - Created Volume s3v With Owner runner required for S3Gateway operations.
2022-03-02 19:00:07,764 [Listener at 0.0.0.0/46021] WARN  server.ServerUtils (ServerUtils.java:getDefaultRatisDirectory(237)) - Storage directory for Ratis is not configured. It is a good idea to map this to an SSD disk. Falling back to ozone.metadata.dirs
2022-03-02 19:00:07,764 [Listener at 0.0.0.0/46021] WARN  utils.OzoneManagerRatisUtils (OzoneManagerRatisUtils.java:getOMRatisSnapshotDirectory(330)) - ozone.om.ratis.snapshot.dir is not configured. Falling back to ozone.metadata.dirs config
2022-03-02 19:00:07,765 [Listener at 0.0.0.0/46021] WARN  impl.MetricRegistriesImpl (MetricRegistriesImpl.java:addReporterRegistration(111)) - New reporters are added after registries were created. Some metrics will be missing from the reporter. Please add reporter before adding any new registry.
2022-03-02 19:00:07,765 [Listener at 0.0.0.0/46021] WARN  impl.MetricRegistriesImpl (MetricRegistriesImpl.java:addReporterRegistration(111)) - New reporters are added after registries were created. Some metrics will be missing from the reporter. Please add reporter before adding any new registry.
2022-03-02 19:00:07,765 [Listener at 0.0.0.0/46021] WARN  server.ServerUtils (ServerUtils.java:getDefaultRatisDirectory(237)) - Storage directory for Ratis is not configured. It is a good idea to map this to an SSD disk. Falling back to ozone.metadata.dirs
2022-03-02 19:00:07,766 [Listener at 0.0.0.0/46021] INFO  ratis.OzoneManagerRatisServer (OzoneManagerRatisServer.java:<init>(159)) - Instantiating OM Ratis server with groupID: om-service-test1 and peers: localhost:39279
2022-03-02 19:00:07,767 [Listener at 0.0.0.0/46021] INFO  ratis.OzoneManagerStateMachine (OzoneManagerStateMachine.java:loadSnapshotInfoFromDB(605)) - LastAppliedIndex is set from TransactionInfo from OM DB as (t:0, i:~)
2022-03-02 19:00:07,795 [Listener at 0.0.0.0/46021] INFO  server.RaftServer (ConfUtils.java:logGet(44)) - raft.rpc.type = GRPC (default)
2022-03-02 19:00:07,796 [Listener at 0.0.0.0/46021] INFO  grpc.GrpcFactory (GrpcFactory.java:checkPooledByteBufAllocatorUseCacheForAllThreads(48)) - PERFORMANCE WARNING: useCacheForAllThreads is true that may cause Netty to create a lot garbage objects and, as a result, trigger GC.
	It is recommended to disable useCacheForAllThreads by setting -Dorg.apache.ratis.thirdparty.io.netty.allocator.useCacheForAllThreads=false in command line.
2022-03-02 19:00:07,796 [Listener at 0.0.0.0/46021] INFO  grpc.GrpcConfigKeys (ConfUtils.java:logGet(44)) - raft.grpc.admin.port = -1 (default)
2022-03-02 19:00:07,796 [Listener at 0.0.0.0/46021] INFO  grpc.GrpcConfigKeys (ConfUtils.java:logGet(44)) - raft.grpc.server.port = 39279 (custom)
2022-03-02 19:00:07,796 [Listener at 0.0.0.0/46021] INFO  grpc.GrpcConfigKeys (ConfUtils.java:logGet(44)) - raft.grpc.client.port = -1 (default)
2022-03-02 19:00:07,796 [Listener at 0.0.0.0/46021] INFO  grpc.GrpcConfigKeys (ConfUtils.java:logGet(44)) - raft.grpc.server.port = 39279 (custom)
2022-03-02 19:00:07,796 [Listener at 0.0.0.0/46021] INFO  grpc.GrpcConfigKeys (ConfUtils.java:logGet(44)) - raft.grpc.server.port = 39279 (custom)
2022-03-02 19:00:07,796 [Listener at 0.0.0.0/46021] INFO  server.GrpcService (ConfUtils.java:logGet(44)) - raft.grpc.message.size.max = 33554432 (custom)
2022-03-02 19:00:07,796 [Listener at 0.0.0.0/46021] INFO  server.RaftServerConfigKeys (ConfUtils.java:logGet(44)) - raft.server.log.appender.buffer.byte-limit = 33554432 (custom)
2022-03-02 19:00:07,797 [Listener at 0.0.0.0/46021] INFO  server.GrpcService (ConfUtils.java:logGet(44)) - raft.grpc.flow.control.window = 1MB (=1048576) (default)
2022-03-02 19:00:07,797 [Listener at 0.0.0.0/46021] INFO  server.RaftServerConfigKeys (ConfUtils.java:logGet(44)) - raft.server.rpc.request.timeout = 3000ms (default)
2022-03-02 19:00:07,798 [Listener at 0.0.0.0/46021] INFO  impl.DataStreamServerImpl (ConfUtils.java:logGet(44)) - raft.datastream.type = DISABLED (default)
2022-03-02 19:00:07,798 [Listener at 0.0.0.0/46021] INFO  server.RaftServerConfigKeys (ConfUtils.java:logGet(44)) - raft.server.rpc.slowness.timeout = 2s (custom)
2022-03-02 19:00:07,798 [Listener at 0.0.0.0/46021] INFO  server.RaftServerConfigKeys (ConfUtils.java:logGet(44)) - raft.server.leaderelection.leader.step-down.wait-time = 10s (default)
2022-03-02 19:00:07,798 [Listener at 0.0.0.0/46021] INFO  server.RaftServerConfigKeys (ConfUtils.java:logGet(44)) - raft.server.storage.dir = [/home/runner/work/ozone/ozone/hadoop-ozone/integration-test/target/test-dir/MiniOzoneClusterImpl-5ed764c8-eddb-4368-ac32-9b8b311b51af/omNode-1/ratis] (custom)
2022-03-02 19:00:07,800 [Listener at 0.0.0.0/46021] INFO  server.RaftServer (RaftServerProxy.java:addNew(95)) - omNode-1: addNew group-523986131536:[omNode-1|rpc:localhost:39279|priority:0] returns group-523986131536:java.util.concurrent.CompletableFuture@132da2ff[Not completed]
2022-03-02 19:00:07,801 [Listener at 0.0.0.0/46021] INFO  om.OzoneManager (OzoneManager.java:initializeRatisServer(1834)) - OzoneManager Ratis server initialized at port 39279
2022-03-02 19:00:07,803 [Listener at 0.0.0.0/46021] INFO  ipc.CallQueueManager (CallQueueManager.java:<init>(90)) - Using callQueue: class java.util.concurrent.LinkedBlockingQueue, queueCapacity: 2000, scheduler: class org.apache.hadoop.ipc.DefaultRpcScheduler, ipcBackoff: false.
2022-03-02 19:00:07,800 [pool-347-thread-1] INFO  server.RaftServer$Division (RaftServerImpl.java:<init>(184)) - omNode-1: new RaftServerImpl for group-523986131536:[omNode-1|rpc:localhost:39279|priority:0] with OzoneManagerStateMachine:uninitialized
2022-03-02 19:00:07,810 [pool-347-thread-1] INFO  server.RaftServerConfigKeys (ConfUtils.java:logGet(44)) - raft.server.rpc.timeout.min = 1s (custom)
2022-03-02 19:00:07,810 [pool-347-thread-1] INFO  server.RaftServerConfigKeys (ConfUtils.java:logGet(44)) - raft.server.rpc.timeout.max = 1200ms (custom)
2022-03-02 19:00:07,810 [pool-347-thread-1] INFO  server.RaftServerConfigKeys (ConfUtils.java:logGet(44)) - raft.server.rpc.sleep.time = 25ms (default)
2022-03-02 19:00:07,810 [pool-347-thread-1] INFO  server.RaftServerConfigKeys (ConfUtils.java:logGet(44)) - raft.server.rpc.slowness.timeout = 2s (custom)
2022-03-02 19:00:07,810 [pool-347-thread-1] INFO  server.RaftServerConfigKeys (ConfUtils.java:logGet(44)) - raft.server.leaderelection.leader.step-down.wait-time = 10s (default)
2022-03-02 19:00:07,810 [pool-347-thread-1] INFO  server.RaftServerConfigKeys (ConfUtils.java:logGet(44)) - raft.server.sleep.deviation.threshold = 300ms (default)
2022-03-02 19:00:07,810 [pool-347-thread-1] INFO  server.RaftServerConfigKeys (ConfUtils.java:logGet(44)) - raft.server.log.appender.install.snapshot.enabled = false (custom)
2022-03-02 19:00:07,810 [pool-347-thread-1] INFO  server.RaftServer$Division (ServerState.java:<init>(105)) - omNode-1@group-523986131536: ConfigurationManager, init=-1: [omNode-1|rpc:localhost:39279|priority:0], old=null, confs=<EMPTY_MAP>
2022-03-02 19:00:07,811 [pool-347-thread-1] INFO  server.RaftServerConfigKeys (ConfUtils.java:logGet(44)) - raft.server.storage.dir = [/home/runner/work/ozone/ozone/hadoop-ozone/integration-test/target/test-dir/MiniOzoneClusterImpl-5ed764c8-eddb-4368-ac32-9b8b311b51af/omNode-1/ratis] (custom)
2022-03-02 19:00:07,811 [pool-347-thread-1] INFO  server.RaftServerConfigKeys (ConfUtils.java:logGet(44)) - raft.server.log.corruption.policy = EXCEPTION (default)
2022-03-02 19:00:07,811 [pool-347-thread-1] INFO  server.RaftServerConfigKeys (ConfUtils.java:logGet(44)) - raft.server.storage.free-space.min = 0MB (=0) (default)
2022-03-02 19:00:07,811 [pool-347-thread-1] INFO  storage.RaftStorageDirectory (RaftStorageDirectoryImpl.java:analyzeStorage(135)) - The storage directory /home/runner/work/ozone/ozone/hadoop-ozone/integration-test/target/test-dir/MiniOzoneClusterImpl-5ed764c8-eddb-4368-ac32-9b8b311b51af/omNode-1/ratis/c9bc4cf4-3bc3-3c60-a66b-523986131536 does not exist. Creating ...
2022-03-02 19:00:07,816 [pool-347-thread-1] INFO  storage.RaftStorageDirectory (RaftStorageDirectoryImpl.java:tryLock(230)) - Lock on /home/runner/work/ozone/ozone/hadoop-ozone/integration-test/target/test-dir/MiniOzoneClusterImpl-5ed764c8-eddb-4368-ac32-9b8b311b51af/omNode-1/ratis/c9bc4cf4-3bc3-3c60-a66b-523986131536/in_use.lock acquired by nodename 7106@fv-az148-899
2022-03-02 19:00:07,818 [pool-347-thread-1] INFO  storage.RaftStorage (RaftStorageImpl.java:format(89)) - Storage directory /home/runner/work/ozone/ozone/hadoop-ozone/integration-test/target/test-dir/MiniOzoneClusterImpl-5ed764c8-eddb-4368-ac32-9b8b311b51af/omNode-1/ratis/c9bc4cf4-3bc3-3c60-a66b-523986131536 has been successfully formatted.
2022-03-02 19:00:07,818 [pool-347-thread-1] INFO  server.RaftServerConfigKeys (ConfUtils.java:logGet(44)) - raft.server.notification.no-leader.timeout = 2s (custom)
2022-03-02 19:00:07,818 [pool-347-thread-1] INFO  server.RaftServerConfigKeys (ConfUtils.java:logGet(44)) - raft.server.log.use.memory = false (default)
2022-03-02 19:00:07,818 [pool-347-thread-1] INFO  server.RaftServerConfigKeys (ConfUtils.java:logGet(44)) - raft.server.log.purge.gap = 1000000 (custom)
2022-03-02 19:00:07,818 [pool-347-thread-1] INFO  server.RaftServerConfigKeys (ConfUtils.java:logGet(44)) - raft.server.log.appender.buffer.byte-limit = 33554432 (custom)
2022-03-02 19:00:07,818 [pool-347-thread-1] INFO  server.RaftServerConfigKeys (ConfUtils.java:logGet(44)) - raft.server.log.segment.size.max = 4194304 (custom)
2022-03-02 19:00:07,818 [pool-347-thread-1] INFO  server.RaftServerConfigKeys (ConfUtils.java:logGet(44)) - raft.server.log.segment.cache.num.max = 2 (custom)
2022-03-02 19:00:07,819 [pool-347-thread-1] INFO  server.RaftServerConfigKeys (ConfUtils.java:logGet(44)) - raft.server.log.segment.cache.size.max = 200MB (=209715200) (default)
2022-03-02 19:00:07,819 [pool-347-thread-1] INFO  segmented.SegmentedRaftLogWorker (SegmentedRaftLogWorker.java:<init>(182)) - new omNode-1@group-523986131536-SegmentedRaftLogWorker for RaftStorageImpl:Storage Directory /home/runner/work/ozone/ozone/hadoop-ozone/integration-test/target/test-dir/MiniOzoneClusterImpl-5ed764c8-eddb-4368-ac32-9b8b311b51af/omNode-1/ratis/c9bc4cf4-3bc3-3c60-a66b-523986131536
2022-03-02 19:00:07,819 [pool-347-thread-1] INFO  server.RaftServerConfigKeys (ConfUtils.java:logGet(44)) - raft.server.log.queue.byte-limit = 64MB (=67108864) (default)
2022-03-02 19:00:07,819 [pool-347-thread-1] INFO  server.RaftServerConfigKeys (ConfUtils.java:logGet(44)) - raft.server.log.queue.element-limit = 4096 (default)
2022-03-02 19:00:07,819 [pool-347-thread-1] INFO  server.RaftServerConfigKeys (ConfUtils.java:logGet(44)) - raft.server.log.segment.size.max = 4194304 (custom)
2022-03-02 19:00:07,819 [pool-347-thread-1] INFO  server.RaftServerConfigKeys (ConfUtils.java:logGet(44)) - raft.server.log.preallocated.size = 4194304 (custom)
2022-03-02 19:00:07,819 [pool-347-thread-1] INFO  server.RaftServerConfigKeys (ConfUtils.java:logGet(44)) - raft.server.log.force.sync.num = 128 (default)
2022-03-02 19:00:07,819 [pool-347-thread-1] INFO  server.RaftServerConfigKeys (ConfUtils.java:logGet(44)) - raft.server.log.statemachine.data.sync = true (default)
2022-03-02 19:00:07,819 [pool-347-thread-1] INFO  server.RaftServerConfigKeys (ConfUtils.java:logGet(44)) - raft.server.log.statemachine.data.sync.timeout = 10s (default)
2022-03-02 19:00:07,819 [pool-347-thread-1] INFO  server.RaftServerConfigKeys (ConfUtils.java:logGet(44)) - raft.server.log.statemachine.data.sync.timeout.retry = -1 (default)
2022-03-02 19:00:07,823 [Socket Reader #1 for port 42139] INFO  ipc.Server (Server.java:run(1265)) - Starting Socket Reader #1 for port 42139
2022-03-02 19:00:07,823 [pool-347-thread-1] INFO  server.RaftServerConfigKeys (ConfUtils.java:logGet(44)) - raft.server.log.write.buffer.size = 64KB (=65536) (default)
2022-03-02 19:00:07,824 [pool-347-thread-1] INFO  server.RaftServerConfigKeys (ConfUtils.java:logGet(44)) - raft.server.log.statemachine.data.caching.enabled = false (default)
2022-03-02 19:00:07,824 [pool-347-thread-1] INFO  segmented.SegmentedRaftLogWorker (SegmentedRaftLogWorker.java:lambda$new$0(133)) - omNode-1@group-523986131536-SegmentedRaftLogWorker: flushIndex: setUnconditionally 0 -> -1
2022-03-02 19:00:07,824 [pool-347-thread-1] INFO  segmented.SegmentedRaftLogWorker (SegmentedRaftLogWorker.java:lambda$new$0(133)) - omNode-1@group-523986131536-SegmentedRaftLogWorker: safeCacheEvictIndex: setUnconditionally 0 -> -1
2022-03-02 19:00:07,841 [pool-347-thread-1] INFO  server.RaftServerConfigKeys (ConfUtils.java:logGet(44)) - raft.server.snapshot.auto.trigger.enabled = true (custom)
2022-03-02 19:00:07,841 [pool-347-thread-1] INFO  server.RaftServerConfigKeys (ConfUtils.java:logGet(44)) - raft.server.snapshot.auto.trigger.threshold = 400000 (default)
2022-03-02 19:00:07,841 [pool-347-thread-1] INFO  server.RaftServerConfigKeys (ConfUtils.java:logGet(44)) - raft.server.snapshot.retention.file.num = -1 (default)
2022-03-02 19:00:07,841 [pool-347-thread-1] INFO  server.RaftServerConfigKeys (ConfUtils.java:logGet(44)) - raft.server.log.purge.upto.snapshot.index = true (custom)
2022-03-02 19:00:07,841 [pool-347-thread-1] INFO  server.RaftServerConfigKeys (ConfUtils.java:logGet(44)) - raft.server.retrycache.expirytime = 300s (custom)
2022-03-02 19:00:07,841 [pool-347-thread-1] INFO  server.RaftServerConfigKeys (ConfUtils.java:logGet(44)) - raft.server.retrycache.statistics.expirytime = 100μs (default)
2022-03-02 19:00:07,862 [Listener at 127.0.0.1/42139] INFO  impl.MetricsSystemImpl (MetricsSystemImpl.java:init(158)) - OzoneManager metrics system started (again)
2022-03-02 19:00:07,881 [Listener at 127.0.0.1/42139] INFO  om.OzoneManager (OzoneManager.java:start(1365)) - OzoneManager RPC server is listening at localhost/127.0.0.1:42139
2022-03-02 19:00:07,881 [Listener at 127.0.0.1/42139] INFO  ratis.OzoneManagerRatisServer (OzoneManagerRatisServer.java:start(554)) - Starting OzoneManagerRatisServer omNode-1 at port 39279
2022-03-02 19:00:07,881 [Listener at 127.0.0.1/42139] INFO  server.RaftServer$Division (RaftServerImpl.java:start(301)) - omNode-1@group-523986131536: start as a follower, conf=-1: [omNode-1|rpc:localhost:39279|priority:0], old=null
2022-03-02 19:00:07,882 [Listener at 127.0.0.1/42139] INFO  server.RaftServer$Division (RaftServerImpl.java:setRole(290)) - omNode-1@group-523986131536: changes role from      null to FOLLOWER at term 0 for startAsFollower
2022-03-02 19:00:07,882 [Listener at 127.0.0.1/42139] INFO  impl.RoleInfo (RoleInfo.java:updateAndGet(130)) - omNode-1: start omNode-1@group-523986131536-FollowerState
2022-03-02 19:00:07,891 [Listener at 127.0.0.1/42139] INFO  util.JmxRegister (JmxRegister.java:tryRegister(44)) - Successfully registered JMX Bean with object name Ratis:service=RaftServer,group=group-523986131536,id=omNode-1
2022-03-02 19:00:07,901 [Listener at 127.0.0.1/42139] INFO  server.RaftServer (RaftServerProxy.java:lambda$start$5(374)) - omNode-1: start RPC server
2022-03-02 19:00:07,901 [Listener at 127.0.0.1/42139] INFO  server.GrpcService (GrpcService.java:startImpl(253)) - omNode-1: GrpcService started, listening on 39279
2022-03-02 19:00:07,902 [Listener at 127.0.0.1/42139] INFO  om.OzoneManager (OzoneManager.java:start(1381)) - Version File has different layout version (0) than OM DB (null). That is expected if this OM has never been finalized to a newer layout version.
2022-03-02 19:00:07,902 [org.apache.ratis.util.JvmPauseMonitor$$Lambda$503/666911607@451b7faf] INFO  util.JvmPauseMonitor (JvmPauseMonitor.java:run(103)) - JvmPauseMonitor-omNode-1: Started
2022-03-02 19:00:07,925 [Listener at 127.0.0.1/42139] INFO  http.BaseHttpServer (BaseHttpServer.java:newHttpServer2BuilderForOzone(209)) - Starting Web-server for ozoneManager at: http://0.0.0.0:46721
2022-03-02 19:00:07,925 [Listener at 127.0.0.1/42139] INFO  http.BaseHttpServer (BaseHttpServer.java:<init>(107)) - Hadoop Security Enabled: false Ozone Security Enabled: false Ozone HTTP Security Enabled: false 
2022-03-02 19:00:07,927 [Listener at 127.0.0.1/42139] INFO  server.AuthenticationFilter (AuthenticationFilter.java:constructSecretProvider(240)) - Unable to initialize FileSignerSecretProvider, falling back to use random secrets.
2022-03-02 19:00:07,934 [EndpointStateMachine task thread for /127.0.0.1:38087 - 0 ] INFO  ipc.Client (Client.java:handleConnectionFailure(977)) - Retrying connect to server: localhost/127.0.0.1:38087. Already tried 8 time(s); retry policy is RetryUpToMaximumCountWithFixedSleep(maxRetries=15, sleepTime=1000 MILLISECONDS)
2022-03-02 19:00:07,936 [Listener at 127.0.0.1/42139] WARN  http.HttpRequestLog (HttpRequestLog.java:getRequestLog(103)) - Jetty request log can only be enabled using Log4j
2022-03-02 19:00:07,937 [Listener at 127.0.0.1/42139] INFO  http.HttpServer2 (HttpServer2.java:addGlobalFilter(1030)) - Added global filter 'safety' (class=org.apache.hadoop.hdds.server.http.HttpServer2$QuotingInputFilter)
2022-03-02 19:00:07,937 [Listener at 127.0.0.1/42139] INFO  http.HttpServer2 (HttpServer2.java:addFilter(1006)) - Added filter static_user_filter (class=org.apache.hadoop.http.lib.StaticUserWebFilter$StaticUserFilter) to context ozoneManager
2022-03-02 19:00:07,938 [Listener at 127.0.0.1/42139] INFO  http.HttpServer2 (HttpServer2.java:addFilter(1014)) - Added filter static_user_filter (class=org.apache.hadoop.http.lib.StaticUserWebFilter$StaticUserFilter) to context logs
2022-03-02 19:00:07,938 [Listener at 127.0.0.1/42139] INFO  http.HttpServer2 (HttpServer2.java:addFilter(1014)) - Added filter static_user_filter (class=org.apache.hadoop.http.lib.StaticUserWebFilter$StaticUserFilter) to context static
2022-03-02 19:00:07,938 [Listener at 127.0.0.1/42139] INFO  http.HttpServer2 (HttpServer2.java:bindListener(1249)) - Jetty bound to port 46721
2022-03-02 19:00:07,938 [Listener at 127.0.0.1/42139] INFO  server.Server (Server.java:doStart(375)) - jetty-9.4.43.v20210629; built: 2021-06-30T11:07:22.254Z; git: 526006ecfa3af7f1a27ef3a288e2bef7ea9dd7e8; jvm 1.8.0_322-b06
2022-03-02 19:00:07,939 [EndpointStateMachine task thread for /127.0.0.1:45277 - 0 ] INFO  ipc.Client (Client.java:handleConnectionFailure(977)) - Retrying connect to server: localhost/127.0.0.1:45277. Already tried 8 time(s); retry policy is RetryUpToMaximumCountWithFixedSleep(maxRetries=15, sleepTime=1000 MILLISECONDS)
2022-03-02 19:00:07,939 [EndpointStateMachine task thread for /127.0.0.1:35087 - 0 ] INFO  ipc.Client (Client.java:handleConnectionFailure(977)) - Retrying connect to server: localhost/127.0.0.1:35087. Already tried 8 time(s); retry policy is RetryUpToMaximumCountWithFixedSleep(maxRetries=15, sleepTime=1000 MILLISECONDS)
2022-03-02 19:00:08,006 [Listener at 127.0.0.1/42139] INFO  server.session (DefaultSessionIdManager.java:doStart(334)) - DefaultSessionIdManager workerName=node0
2022-03-02 19:00:08,006 [Listener at 127.0.0.1/42139] INFO  server.session (DefaultSessionIdManager.java:doStart(339)) - No SessionScavenger set, using defaults
2022-03-02 19:00:08,006 [Listener at 127.0.0.1/42139] INFO  server.session (HouseKeeper.java:startScavenging(132)) - node0 Scavenging every 660000ms
2022-03-02 19:00:08,014 [Listener at 127.0.0.1/42139] INFO  handler.ContextHandler (ContextHandler.java:doStart(915)) - Started o.e.j.s.ServletContextHandler@23d7dad{logs,/logs,file:///home/runner/work/ozone/ozone/hadoop-ozone/integration-test/target/log,AVAILABLE}
2022-03-02 19:00:08,014 [Listener at 127.0.0.1/42139] INFO  handler.ContextHandler (ContextHandler.java:doStart(915)) - Started o.e.j.s.ServletContextHandler@60e50c6{static,/static,file:///home/runner/work/ozone/ozone/hadoop-ozone/integration-test/target/test-classes/webapps/static,AVAILABLE}
2022-03-02 19:00:08,019 [Listener at 127.0.0.1/42139] INFO  handler.ContextHandler (ContextHandler.java:doStart(915)) - Started o.e.j.w.WebAppContext@606cf551{ozoneManager,/,file:///home/runner/work/ozone/ozone/hadoop-ozone/integration-test/target/test-classes/webapps/ozoneManager/,AVAILABLE}{file:/home/runner/work/ozone/ozone/hadoop-ozone/integration-test/target/test-classes/webapps/ozoneManager}
2022-03-02 19:00:08,033 [Listener at 127.0.0.1/42139] INFO  server.AbstractConnector (AbstractConnector.java:doStart(331)) - Started ServerConnector@3de2e589{HTTP/1.1, (http/1.1)}{0.0.0.0:46721}
2022-03-02 19:00:08,033 [Listener at 127.0.0.1/42139] INFO  server.Server (Server.java:doStart(415)) - Started @104815ms
2022-03-02 19:00:08,033 [Listener at 127.0.0.1/42139] WARN  impl.MetricsSystemImpl (MetricsSystemImpl.java:register(279)) - Sink prometheus already exists!
2022-03-02 19:00:08,034 [Listener at 127.0.0.1/42139] INFO  http.BaseHttpServer (BaseHttpServer.java:updateConnectorAddress(329)) - HTTP server of ozoneManager listening at http://0.0.0.0:46721
2022-03-02 19:00:08,040 [IPC Server Responder] INFO  ipc.Server (Server.java:run(1507)) - IPC Server Responder: starting
2022-03-02 19:00:08,043 [IPC Server listener on 42139] INFO  ipc.Server (Server.java:run(1344)) - IPC Server listener on 42139: starting
2022-03-02 19:00:08,133 [Listener at 127.0.0.1/42139] INFO  om.OzoneManager (OzoneManager.java:startTrashEmptier(1792)) - Trash Interval set to 0. Files deleted will not move to trash
2022-03-02 19:00:08,141 [Listener at 127.0.0.1/42139] INFO  ozone.MiniOzoneHAClusterImpl (MiniOzoneHAClusterImpl.java:createOMService(522)) - Started OzoneManager omNode-1 RPC server at localhost/127.0.0.1:42139
2022-03-02 19:00:08,153 [org.apache.hadoop.util.JvmPauseMonitor$Monitor@7f180c74] INFO  util.JvmPauseMonitor (JvmPauseMonitor.java:run(188)) - Starting JVM pause monitor
2022-03-02 19:00:08,160 [Listener at 127.0.0.1/42139] WARN  impl.MetricRegistriesImpl (MetricRegistriesImpl.java:addReporterRegistration(111)) - New reporters are added after registries were created. Some metrics will be missing from the reporter. Please add reporter before adding any new registry.
2022-03-02 19:00:08,172 [Listener at 127.0.0.1/42139] WARN  impl.MetricRegistriesImpl (MetricRegistriesImpl.java:addReporterRegistration(111)) - New reporters are added after registries were created. Some metrics will be missing from the reporter. Please add reporter before adding any new registry.
2022-03-02 19:00:08,173 [Listener at 127.0.0.1/42139] INFO  impl.MetricsSystemImpl (MetricsSystemImpl.java:init(158)) - HddsDatanode metrics system started (again)
2022-03-02 19:00:08,200 [Listener at 127.0.0.1/42139] INFO  ozone.HddsDatanodeService (HddsDatanodeService.java:start(233)) - HddsDatanodeService host:fv-az148-899.bm4ck3pvxvsene1rjriu5fhcdb.bx.internal.cloudapp.net ip:10.1.0.29
2022-03-02 19:00:08,245 [Listener at 127.0.0.1/42139] INFO  upgrade.AbstractLayoutVersionManager (AbstractLayoutVersionManager.java:init(79)) - Initializing Layout version manager with metadata layout = SCM_HA (version = 2), software layout = SCM_HA (version = 2)
2022-03-02 19:00:08,317 [Listener at 127.0.0.1/42139] INFO  reflections.Reflections (Reflections.java:scan(232)) - Reflections took 68 ms to scan 7 urls, producing 122 keys and 286 values 
2022-03-02 19:00:08,319 [Listener at 127.0.0.1/42139] INFO  ha.SCMNodeInfo (SCMNodeInfo.java:getPort(197)) - ConfigKey ozone.scm.client.address is deprecated, For configuring different ports for each SCM use PortConfigKey ozone.scm.client.port appended with serviceId and nodeId
2022-03-02 19:00:08,320 [Listener at 127.0.0.1/42139] INFO  ha.SCMNodeInfo (SCMNodeInfo.java:getPort(197)) - ConfigKey ozone.scm.block.client.address is deprecated, For configuring different ports for each SCM use PortConfigKey ozone.scm.block.client.port appended with serviceId and nodeId
2022-03-02 19:00:08,320 [Listener at 127.0.0.1/42139] INFO  ha.SCMNodeInfo (SCMNodeInfo.java:getPort(197)) - ConfigKey ozone.scm.datanode.address is deprecated, For configuring different ports for each SCM use PortConfigKey ozone.scm.datanode.port appended with serviceId and nodeId
2022-03-02 19:00:08,324 [Listener at 127.0.0.1/42139] INFO  ha.SCMNodeInfo (SCMNodeInfo.java:getPort(197)) - ConfigKey ozone.scm.client.address is deprecated, For configuring different ports for each SCM use PortConfigKey ozone.scm.client.port appended with serviceId and nodeId
2022-03-02 19:00:08,327 [Listener at 127.0.0.1/42139] INFO  ha.SCMNodeInfo (SCMNodeInfo.java:getPort(197)) - ConfigKey ozone.scm.block.client.address is deprecated, For configuring different ports for each SCM use PortConfigKey ozone.scm.block.client.port appended with serviceId and nodeId
2022-03-02 19:00:08,327 [Listener at 127.0.0.1/42139] INFO  ha.SCMNodeInfo (SCMNodeInfo.java:getPort(197)) - ConfigKey ozone.scm.datanode.address is deprecated, For configuring different ports for each SCM use PortConfigKey ozone.scm.datanode.port appended with serviceId and nodeId
2022-03-02 19:00:08,327 [Listener at 127.0.0.1/42139] INFO  ha.SCMNodeInfo (SCMNodeInfo.java:getPort(197)) - ConfigKey ozone.scm.client.address is deprecated, For configuring different ports for each SCM use PortConfigKey ozone.scm.client.port appended with serviceId and nodeId
2022-03-02 19:00:08,327 [Listener at 127.0.0.1/42139] INFO  ha.SCMNodeInfo (SCMNodeInfo.java:getPort(197)) - ConfigKey ozone.scm.block.client.address is deprecated, For configuring different ports for each SCM use PortConfigKey ozone.scm.block.client.port appended with serviceId and nodeId
2022-03-02 19:00:08,327 [Listener at 127.0.0.1/42139] INFO  ha.SCMNodeInfo (SCMNodeInfo.java:getPort(197)) - ConfigKey ozone.scm.datanode.address is deprecated, For configuring different ports for each SCM use PortConfigKey ozone.scm.datanode.port appended with serviceId and nodeId
2022-03-02 19:00:08,328 [Listener at 127.0.0.1/42139] INFO  statemachine.DatanodeStateMachine (DatanodeStateMachine.java:getEndPointTaskThreadPoolSize(222)) - Datanode State Machine Task Thread Pool size 4
2022-03-02 19:00:08,330 [Listener at 127.0.0.1/42139] INFO  volume.HddsVolume (HddsVolume.java:<init>(120)) - Creating HddsVolume: /home/runner/work/ozone/ozone/hadoop-ozone/integration-test/target/test-dir/MiniOzoneClusterImpl-5ed764c8-eddb-4368-ac32-9b8b311b51af/datanode-0/data-0/containers/hdds of storage type : DISK capacity : 9223372036854775807
2022-03-02 19:00:08,331 [Listener at 127.0.0.1/42139] INFO  volume.MutableVolumeSet (MutableVolumeSet.java:initializeVolumeSet(168)) - Added Volume : /home/runner/work/ozone/ozone/hadoop-ozone/integration-test/target/test-dir/MiniOzoneClusterImpl-5ed764c8-eddb-4368-ac32-9b8b311b51af/datanode-0/data-0/containers/hdds to VolumeSet
2022-03-02 19:00:08,331 [Listener at 127.0.0.1/42139] INFO  volume.ThrottledAsyncChecker (ThrottledAsyncChecker.java:schedule(141)) - Scheduling a check for /home/runner/work/ozone/ozone/hadoop-ozone/integration-test/target/test-dir/MiniOzoneClusterImpl-5ed764c8-eddb-4368-ac32-9b8b311b51af/datanode-0/data-0/containers/hdds
2022-03-02 19:00:08,331 [Listener at 127.0.0.1/42139] INFO  volume.StorageVolumeChecker (StorageVolumeChecker.java:checkAllVolumes(202)) - Scheduled health check for volume /home/runner/work/ozone/ozone/hadoop-ozone/integration-test/target/test-dir/MiniOzoneClusterImpl-5ed764c8-eddb-4368-ac32-9b8b311b51af/datanode-0/data-0/containers/hdds
2022-03-02 19:00:08,356 [Listener at 127.0.0.1/42139] INFO  volume.MutableVolumeSet (MutableVolumeSet.java:initializeVolumeSet(168)) - Added Volume : /home/runner/work/ozone/ozone/hadoop-ozone/integration-test/target/test-dir/MiniOzoneClusterImpl-5ed764c8-eddb-4368-ac32-9b8b311b51af/datanode-0/data/ratis to VolumeSet
2022-03-02 19:00:08,357 [Listener at 127.0.0.1/42139] INFO  volume.ThrottledAsyncChecker (ThrottledAsyncChecker.java:schedule(141)) - Scheduling a check for /home/runner/work/ozone/ozone/hadoop-ozone/integration-test/target/test-dir/MiniOzoneClusterImpl-5ed764c8-eddb-4368-ac32-9b8b311b51af/datanode-0/data/ratis
2022-03-02 19:00:08,357 [Listener at 127.0.0.1/42139] INFO  volume.StorageVolumeChecker (StorageVolumeChecker.java:checkAllVolumes(202)) - Scheduled health check for volume /home/runner/work/ozone/ozone/hadoop-ozone/integration-test/target/test-dir/MiniOzoneClusterImpl-5ed764c8-eddb-4368-ac32-9b8b311b51af/datanode-0/data/ratis
2022-03-02 19:00:08,375 [Thread-1486] INFO  ozoneimpl.ContainerReader (ContainerReader.java:readVolume(172)) - Finish verifying containers on volume /home/runner/work/ozone/ozone/hadoop-ozone/integration-test/target/test-dir/MiniOzoneClusterImpl-5ed764c8-eddb-4368-ac32-9b8b311b51af/datanode-0/data-0/containers/hdds
2022-03-02 19:00:08,375 [Listener at 127.0.0.1/42139] INFO  ozoneimpl.OzoneContainer (OzoneContainer.java:buildContainerSet(257)) - Build ContainerSet costs 0s
2022-03-02 19:00:08,392 [Listener at 127.0.0.1/42139] INFO  server.RaftServer (ConfUtils.java:logGet(44)) - raft.rpc.type = GRPC (default)
2022-03-02 19:00:08,393 [Listener at 127.0.0.1/42139] INFO  grpc.GrpcFactory (GrpcFactory.java:checkPooledByteBufAllocatorUseCacheForAllThreads(48)) - PERFORMANCE WARNING: useCacheForAllThreads is true that may cause Netty to create a lot garbage objects and, as a result, trigger GC.
	It is recommended to disable useCacheForAllThreads by setting -Dorg.apache.ratis.thirdparty.io.netty.allocator.useCacheForAllThreads=false in command line.
2022-03-02 19:00:08,395 [Listener at 127.0.0.1/42139] INFO  grpc.GrpcConfigKeys (ConfUtils.java:logGet(44)) - raft.grpc.admin.port = 0 (custom)
2022-03-02 19:00:08,395 [Listener at 127.0.0.1/42139] INFO  grpc.GrpcConfigKeys (ConfUtils.java:logGet(44)) - raft.grpc.client.port = 0 (custom)
2022-03-02 19:00:08,395 [Listener at 127.0.0.1/42139] INFO  grpc.GrpcConfigKeys (ConfUtils.java:logGet(44)) - raft.grpc.server.port = 0 (default)
2022-03-02 19:00:08,395 [Listener at 127.0.0.1/42139] INFO  server.GrpcService (ConfUtils.java:logGet(44)) - raft.grpc.message.size.max = 32MB (=33554432) (custom)
2022-03-02 19:00:08,395 [Listener at 127.0.0.1/42139] INFO  server.RaftServerConfigKeys (ConfUtils.java:logGet(44)) - raft.server.log.appender.buffer.byte-limit = 33554432 (custom)
2022-03-02 19:00:08,396 [Listener at 127.0.0.1/42139] INFO  server.GrpcService (ConfUtils.java:logGet(44)) - raft.grpc.flow.control.window = 5MB (=5242880) (custom)
2022-03-02 19:00:08,396 [Listener at 127.0.0.1/42139] INFO  server.RaftServerConfigKeys (ConfUtils.java:logGet(44)) - raft.server.rpc.request.timeout = 60s (custom)
2022-03-02 19:00:08,397 [Listener at 127.0.0.1/42139] INFO  impl.DataStreamServerImpl (ConfUtils.java:logGet(44)) - raft.datastream.type = DISABLED (default)
2022-03-02 19:00:08,400 [Listener at 127.0.0.1/42139] INFO  server.RaftServerConfigKeys (ConfUtils.java:logGet(44)) - raft.server.rpc.slowness.timeout = 300s (custom)
2022-03-02 19:00:08,400 [Listener at 127.0.0.1/42139] INFO  server.RaftServerConfigKeys (ConfUtils.java:logGet(44)) - raft.server.leaderelection.leader.step-down.wait-time = 10s (default)
2022-03-02 19:00:08,400 [Listener at 127.0.0.1/42139] INFO  server.RaftServerConfigKeys (ConfUtils.java:logGet(44)) - raft.server.storage.dir = [/home/runner/work/ozone/ozone/hadoop-ozone/integration-test/target/test-dir/MiniOzoneClusterImpl-5ed764c8-eddb-4368-ac32-9b8b311b51af/datanode-0/data/ratis] (custom)
2022-03-02 19:00:08,401 [Listener at 127.0.0.1/42139] INFO  server.XceiverServerGrpc (XceiverServerGrpc.java:<init>(132)) - GrpcServer channel type EpollServerSocketChannel
2022-03-02 19:00:08,418 [Listener at 127.0.0.1/42139] INFO  http.BaseHttpServer (BaseHttpServer.java:newHttpServer2BuilderForOzone(209)) - Starting Web-server for hddsDatanode at: http://0.0.0.0:0
2022-03-02 19:00:08,418 [Listener at 127.0.0.1/42139] INFO  http.BaseHttpServer (BaseHttpServer.java:<init>(107)) - Hadoop Security Enabled: false Ozone Security Enabled: false Ozone HTTP Security Enabled: false 
2022-03-02 19:00:08,420 [Listener at 127.0.0.1/42139] INFO  server.AuthenticationFilter (AuthenticationFilter.java:constructSecretProvider(240)) - Unable to initialize FileSignerSecretProvider, falling back to use random secrets.
2022-03-02 19:00:08,425 [Listener at 127.0.0.1/42139] WARN  http.HttpRequestLog (HttpRequestLog.java:getRequestLog(103)) - Jetty request log can only be enabled using Log4j
2022-03-02 19:00:08,426 [Listener at 127.0.0.1/42139] INFO  http.HttpServer2 (HttpServer2.java:addGlobalFilter(1030)) - Added global filter 'safety' (class=org.apache.hadoop.hdds.server.http.HttpServer2$QuotingInputFilter)
2022-03-02 19:00:08,426 [Listener at 127.0.0.1/42139] INFO  http.HttpServer2 (HttpServer2.java:addFilter(1006)) - Added filter static_user_filter (class=org.apache.hadoop.http.lib.StaticUserWebFilter$StaticUserFilter) to context hddsDatanode
2022-03-02 19:00:08,426 [Listener at 127.0.0.1/42139] INFO  http.HttpServer2 (HttpServer2.java:addFilter(1014)) - Added filter static_user_filter (class=org.apache.hadoop.http.lib.StaticUserWebFilter$StaticUserFilter) to context logs
2022-03-02 19:00:08,427 [Listener at 127.0.0.1/42139] INFO  http.HttpServer2 (HttpServer2.java:addFilter(1014)) - Added filter static_user_filter (class=org.apache.hadoop.http.lib.StaticUserWebFilter$StaticUserFilter) to context static
2022-03-02 19:00:08,427 [Listener at 127.0.0.1/42139] INFO  http.HttpServer2 (HttpServer2.java:bindListener(1249)) - Jetty bound to port 34401
2022-03-02 19:00:08,428 [Listener at 127.0.0.1/42139] INFO  server.Server (Server.java:doStart(375)) - jetty-9.4.43.v20210629; built: 2021-06-30T11:07:22.254Z; git: 526006ecfa3af7f1a27ef3a288e2bef7ea9dd7e8; jvm 1.8.0_322-b06
2022-03-02 19:00:08,448 [Listener at 127.0.0.1/42139] INFO  server.session (DefaultSessionIdManager.java:doStart(334)) - DefaultSessionIdManager workerName=node0
2022-03-02 19:00:08,448 [Listener at 127.0.0.1/42139] INFO  server.session (DefaultSessionIdManager.java:doStart(339)) - No SessionScavenger set, using defaults
2022-03-02 19:00:08,448 [Listener at 127.0.0.1/42139] INFO  server.session (HouseKeeper.java:startScavenging(132)) - node0 Scavenging every 660000ms
2022-03-02 19:00:08,449 [Listener at 127.0.0.1/42139] INFO  handler.ContextHandler (ContextHandler.java:doStart(915)) - Started o.e.j.s.ServletContextHandler@4b39daed{logs,/logs,file:///home/runner/work/ozone/ozone/hadoop-ozone/integration-test/target/log,AVAILABLE}
2022-03-02 19:00:08,449 [Listener at 127.0.0.1/42139] INFO  handler.ContextHandler (ContextHandler.java:doStart(915)) - Started o.e.j.s.ServletContextHandler@316533b{static,/static,jar:file:/home/runner/.m2/repository/org/apache/ozone/hdds-container-service/1.3.0-SNAPSHOT/hdds-container-service-1.3.0-SNAPSHOT.jar!/webapps/static,AVAILABLE}
2022-03-02 19:00:08,526 [Listener at 127.0.0.1/42139] INFO  handler.ContextHandler (ContextHandler.java:doStart(915)) - Started o.e.j.w.WebAppContext@3175ce18{hddsDatanode,/,file:///tmp/jetty-0_0_0_0-34401-hdds-container-service-1_3_0-SNAPSHOT_jar-_-any-3844548541539925109/webapp/,AVAILABLE}{jar:file:/home/runner/.m2/repository/org/apache/ozone/hdds-container-service/1.3.0-SNAPSHOT/hdds-container-service-1.3.0-SNAPSHOT.jar!/webapps/hddsDatanode}
2022-03-02 19:00:08,529 [Listener at 127.0.0.1/42139] INFO  server.AbstractConnector (AbstractConnector.java:doStart(331)) - Started ServerConnector@1c43b31d{HTTP/1.1, (http/1.1)}{0.0.0.0:34401}
2022-03-02 19:00:08,529 [Listener at 127.0.0.1/42139] INFO  server.Server (Server.java:doStart(415)) - Started @105311ms
2022-03-02 19:00:08,529 [Listener at 127.0.0.1/42139] WARN  impl.MetricsSystemImpl (MetricsSystemImpl.java:register(279)) - Sink prometheus already exists!
2022-03-02 19:00:08,530 [Listener at 127.0.0.1/42139] INFO  http.BaseHttpServer (BaseHttpServer.java:updateConnectorAddress(329)) - HTTP server of hddsDatanode listening at http://0.0.0.0:34401
2022-03-02 19:00:08,545 [Listener at 127.0.0.1/42139] WARN  impl.MetricRegistriesImpl (MetricRegistriesImpl.java:addReporterRegistration(111)) - New reporters are added after registries were created. Some metrics will be missing from the reporter. Please add reporter before adding any new registry.
2022-03-02 19:00:08,545 [Listener at 127.0.0.1/42139] WARN  impl.MetricRegistriesImpl (MetricRegistriesImpl.java:addReporterRegistration(111)) - New reporters are added after registries were created. Some metrics will be missing from the reporter. Please add reporter before adding any new registry.
2022-03-02 19:00:08,545 [Listener at 127.0.0.1/42139] INFO  impl.MetricsSystemImpl (MetricsSystemImpl.java:init(158)) - HddsDatanode metrics system started (again)
2022-03-02 19:00:08,553 [Datanode State Machine Daemon Thread] INFO  statemachine.DatanodeStateMachine (DatanodeStateMachine.java:lambda$startDaemon$0(470)) - Ozone container server started.
2022-03-02 19:00:08,561 [Listener at 127.0.0.1/42139] INFO  ozone.HddsDatanodeService (HddsDatanodeService.java:start(233)) - HddsDatanodeService host:fv-az148-899.bm4ck3pvxvsene1rjriu5fhcdb.bx.internal.cloudapp.net ip:10.1.0.29
2022-03-02 19:00:08,597 [Listener at 127.0.0.1/42139] INFO  upgrade.AbstractLayoutVersionManager (AbstractLayoutVersionManager.java:init(79)) - Initializing Layout version manager with metadata layout = SCM_HA (version = 2), software layout = SCM_HA (version = 2)
2022-03-02 19:00:08,608 [org.apache.hadoop.util.JvmPauseMonitor$Monitor@2dd44750] INFO  util.JvmPauseMonitor (JvmPauseMonitor.java:run(188)) - Starting JVM pause monitor
2022-03-02 19:00:08,609 [Datanode State Machine Task Thread - 0] INFO  ha.SCMNodeInfo (SCMNodeInfo.java:getPort(197)) - ConfigKey ozone.scm.client.address is deprecated, For configuring different ports for each SCM use PortConfigKey ozone.scm.client.port appended with serviceId and nodeId
2022-03-02 19:00:08,610 [Datanode State Machine Task Thread - 0] INFO  ha.SCMNodeInfo (SCMNodeInfo.java:getPort(197)) - ConfigKey ozone.scm.block.client.address is deprecated, For configuring different ports for each SCM use PortConfigKey ozone.scm.block.client.port appended with serviceId and nodeId
2022-03-02 19:00:08,617 [Datanode State Machine Task Thread - 0] INFO  ha.SCMNodeInfo (SCMNodeInfo.java:getPort(197)) - ConfigKey ozone.scm.datanode.address is deprecated, For configuring different ports for each SCM use PortConfigKey ozone.scm.datanode.port appended with serviceId and nodeId
2022-03-02 19:00:08,617 [Datanode State Machine Task Thread - 0] INFO  ha.SCMNodeInfo (SCMNodeInfo.java:getPort(197)) - ConfigKey ozone.scm.client.address is deprecated, For configuring different ports for each SCM use PortConfigKey ozone.scm.client.port appended with serviceId and nodeId
2022-03-02 19:00:08,617 [Datanode State Machine Task Thread - 0] INFO  ha.SCMNodeInfo (SCMNodeInfo.java:getPort(197)) - ConfigKey ozone.scm.block.client.address is deprecated, For configuring different ports for each SCM use PortConfigKey ozone.scm.block.client.port appended with serviceId and nodeId
2022-03-02 19:00:08,617 [Datanode State Machine Task Thread - 0] INFO  ha.SCMNodeInfo (SCMNodeInfo.java:getPort(197)) - ConfigKey ozone.scm.datanode.address is deprecated, For configuring different ports for each SCM use PortConfigKey ozone.scm.datanode.port appended with serviceId and nodeId
2022-03-02 19:00:08,617 [Datanode State Machine Task Thread - 0] INFO  ha.SCMNodeInfo (SCMNodeInfo.java:getPort(197)) - ConfigKey ozone.scm.client.address is deprecated, For configuring different ports for each SCM use PortConfigKey ozone.scm.client.port appended with serviceId and nodeId
2022-03-02 19:00:08,617 [Datanode State Machine Task Thread - 0] INFO  ha.SCMNodeInfo (SCMNodeInfo.java:getPort(197)) - ConfigKey ozone.scm.block.client.address is deprecated, For configuring different ports for each SCM use PortConfigKey ozone.scm.block.client.port appended with serviceId and nodeId
2022-03-02 19:00:08,617 [Datanode State Machine Task Thread - 0] INFO  ha.SCMNodeInfo (SCMNodeInfo.java:getPort(197)) - ConfigKey ozone.scm.datanode.address is deprecated, For configuring different ports for each SCM use PortConfigKey ozone.scm.datanode.port appended with serviceId and nodeId
2022-03-02 19:00:08,622 [Datanode State Machine Task Thread - 0] INFO  datanode.InitDatanodeState (InitDatanodeState.java:persistContainerDatanodeDetails(138)) - DatanodeDetails is persisted to /home/runner/work/ozone/ozone/hadoop-ozone/integration-test/target/test-dir/MiniOzoneClusterImpl-5ed764c8-eddb-4368-ac32-9b8b311b51af/datanode-0/meta/datanode.id
2022-03-02 19:00:08,706 [Listener at 127.0.0.1/42139] INFO  reflections.Reflections (Reflections.java:scan(232)) - Reflections took 108 ms to scan 7 urls, producing 122 keys and 286 values 
2022-03-02 19:00:08,708 [Listener at 127.0.0.1/42139] INFO  ha.SCMNodeInfo (SCMNodeInfo.java:getPort(197)) - ConfigKey ozone.scm.client.address is deprecated, For configuring different ports for each SCM use PortConfigKey ozone.scm.client.port appended with serviceId and nodeId
2022-03-02 19:00:08,708 [Listener at 127.0.0.1/42139] INFO  ha.SCMNodeInfo (SCMNodeInfo.java:getPort(197)) - ConfigKey ozone.scm.block.client.address is deprecated, For configuring different ports for each SCM use PortConfigKey ozone.scm.block.client.port appended with serviceId and nodeId
2022-03-02 19:00:08,708 [Listener at 127.0.0.1/42139] INFO  ha.SCMNodeInfo (SCMNodeInfo.java:getPort(197)) - ConfigKey ozone.scm.datanode.address is deprecated, For configuring different ports for each SCM use PortConfigKey ozone.scm.datanode.port appended with serviceId and nodeId
2022-03-02 19:00:08,709 [Listener at 127.0.0.1/42139] INFO  ha.SCMNodeInfo (SCMNodeInfo.java:getPort(197)) - ConfigKey ozone.scm.client.address is deprecated, For configuring different ports for each SCM use PortConfigKey ozone.scm.client.port appended with serviceId and nodeId
2022-03-02 19:00:08,709 [Listener at 127.0.0.1/42139] INFO  ha.SCMNodeInfo (SCMNodeInfo.java:getPort(197)) - ConfigKey ozone.scm.block.client.address is deprecated, For configuring different ports for each SCM use PortConfigKey ozone.scm.block.client.port appended with serviceId and nodeId
2022-03-02 19:00:08,717 [Listener at 127.0.0.1/42139] INFO  ha.SCMNodeInfo (SCMNodeInfo.java:getPort(197)) - ConfigKey ozone.scm.datanode.address is deprecated, For configuring different ports for each SCM use PortConfigKey ozone.scm.datanode.port appended with serviceId and nodeId
2022-03-02 19:00:08,717 [Listener at 127.0.0.1/42139] INFO  ha.SCMNodeInfo (SCMNodeInfo.java:getPort(197)) - ConfigKey ozone.scm.client.address is deprecated, For configuring different ports for each SCM use PortConfigKey ozone.scm.client.port appended with serviceId and nodeId
2022-03-02 19:00:08,717 [Listener at 127.0.0.1/42139] INFO  ha.SCMNodeInfo (SCMNodeInfo.java:getPort(197)) - ConfigKey ozone.scm.block.client.address is deprecated, For configuring different ports for each SCM use PortConfigKey ozone.scm.block.client.port appended with serviceId and nodeId
2022-03-02 19:00:08,717 [Listener at 127.0.0.1/42139] INFO  ha.SCMNodeInfo (SCMNodeInfo.java:getPort(197)) - ConfigKey ozone.scm.datanode.address is deprecated, For configuring different ports for each SCM use PortConfigKey ozone.scm.datanode.port appended with serviceId and nodeId
2022-03-02 19:00:08,718 [Listener at 127.0.0.1/42139] INFO  statemachine.DatanodeStateMachine (DatanodeStateMachine.java:getEndPointTaskThreadPoolSize(222)) - Datanode State Machine Task Thread Pool size 4
2022-03-02 19:00:08,720 [Listener at 127.0.0.1/42139] INFO  volume.HddsVolume (HddsVolume.java:<init>(120)) - Creating HddsVolume: /home/runner/work/ozone/ozone/hadoop-ozone/integration-test/target/test-dir/MiniOzoneClusterImpl-5ed764c8-eddb-4368-ac32-9b8b311b51af/datanode-1/data-0/containers/hdds of storage type : DISK capacity : 9223372036854775807
2022-03-02 19:00:08,720 [Listener at 127.0.0.1/42139] INFO  volume.MutableVolumeSet (MutableVolumeSet.java:initializeVolumeSet(168)) - Added Volume : /home/runner/work/ozone/ozone/hadoop-ozone/integration-test/target/test-dir/MiniOzoneClusterImpl-5ed764c8-eddb-4368-ac32-9b8b311b51af/datanode-1/data-0/containers/hdds to VolumeSet
2022-03-02 19:00:08,720 [Listener at 127.0.0.1/42139] INFO  volume.ThrottledAsyncChecker (ThrottledAsyncChecker.java:schedule(141)) - Scheduling a check for /home/runner/work/ozone/ozone/hadoop-ozone/integration-test/target/test-dir/MiniOzoneClusterImpl-5ed764c8-eddb-4368-ac32-9b8b311b51af/datanode-1/data-0/containers/hdds
2022-03-02 19:00:08,730 [Listener at 127.0.0.1/42139] INFO  volume.StorageVolumeChecker (StorageVolumeChecker.java:checkAllVolumes(202)) - Scheduled health check for volume /home/runner/work/ozone/ozone/hadoop-ozone/integration-test/target/test-dir/MiniOzoneClusterImpl-5ed764c8-eddb-4368-ac32-9b8b311b51af/datanode-1/data-0/containers/hdds
2022-03-02 19:00:08,742 [Listener at 127.0.0.1/42139] INFO  volume.MutableVolumeSet (MutableVolumeSet.java:initializeVolumeSet(168)) - Added Volume : /home/runner/work/ozone/ozone/hadoop-ozone/integration-test/target/test-dir/MiniOzoneClusterImpl-5ed764c8-eddb-4368-ac32-9b8b311b51af/datanode-1/data/ratis to VolumeSet
2022-03-02 19:00:08,751 [Listener at 127.0.0.1/42139] INFO  volume.ThrottledAsyncChecker (ThrottledAsyncChecker.java:schedule(141)) - Scheduling a check for /home/runner/work/ozone/ozone/hadoop-ozone/integration-test/target/test-dir/MiniOzoneClusterImpl-5ed764c8-eddb-4368-ac32-9b8b311b51af/datanode-1/data/ratis
2022-03-02 19:00:08,757 [Listener at 127.0.0.1/42139] INFO  volume.StorageVolumeChecker (StorageVolumeChecker.java:checkAllVolumes(202)) - Scheduled health check for volume /home/runner/work/ozone/ozone/hadoop-ozone/integration-test/target/test-dir/MiniOzoneClusterImpl-5ed764c8-eddb-4368-ac32-9b8b311b51af/datanode-1/data/ratis
2022-03-02 19:00:08,782 [Thread-1498] INFO  ozoneimpl.ContainerReader (ContainerReader.java:readVolume(172)) - Finish verifying containers on volume /home/runner/work/ozone/ozone/hadoop-ozone/integration-test/target/test-dir/MiniOzoneClusterImpl-5ed764c8-eddb-4368-ac32-9b8b311b51af/datanode-1/data-0/containers/hdds
2022-03-02 19:00:08,784 [Listener at 127.0.0.1/42139] INFO  ozoneimpl.OzoneContainer (OzoneContainer.java:buildContainerSet(257)) - Build ContainerSet costs 0s
2022-03-02 19:00:08,792 [Listener at 127.0.0.1/42139] INFO  server.RaftServer (ConfUtils.java:logGet(44)) - raft.rpc.type = GRPC (default)
2022-03-02 19:00:08,792 [Listener at 127.0.0.1/42139] INFO  grpc.GrpcFactory (GrpcFactory.java:checkPooledByteBufAllocatorUseCacheForAllThreads(48)) - PERFORMANCE WARNING: useCacheForAllThreads is true that may cause Netty to create a lot garbage objects and, as a result, trigger GC.
	It is recommended to disable useCacheForAllThreads by setting -Dorg.apache.ratis.thirdparty.io.netty.allocator.useCacheForAllThreads=false in command line.
2022-03-02 19:00:08,793 [Listener at 127.0.0.1/42139] INFO  grpc.GrpcConfigKeys (ConfUtils.java:logGet(44)) - raft.grpc.admin.port = 0 (custom)
2022-03-02 19:00:08,793 [Listener at 127.0.0.1/42139] INFO  grpc.GrpcConfigKeys (ConfUtils.java:logGet(44)) - raft.grpc.client.port = 0 (custom)
2022-03-02 19:00:08,798 [Listener at 127.0.0.1/42139] INFO  grpc.GrpcConfigKeys (ConfUtils.java:logGet(44)) - raft.grpc.server.port = 0 (default)
2022-03-02 19:00:08,798 [Listener at 127.0.0.1/42139] INFO  server.GrpcService (ConfUtils.java:logGet(44)) - raft.grpc.message.size.max = 32MB (=33554432) (custom)
2022-03-02 19:00:08,798 [Listener at 127.0.0.1/42139] INFO  server.RaftServerConfigKeys (ConfUtils.java:logGet(44)) - raft.server.log.appender.buffer.byte-limit = 33554432 (custom)
2022-03-02 19:00:08,799 [Listener at 127.0.0.1/42139] INFO  server.GrpcService (ConfUtils.java:logGet(44)) - raft.grpc.flow.control.window = 5MB (=5242880) (custom)
2022-03-02 19:00:08,799 [Listener at 127.0.0.1/42139] INFO  server.RaftServerConfigKeys (ConfUtils.java:logGet(44)) - raft.server.rpc.request.timeout = 60s (custom)
2022-03-02 19:00:08,800 [Listener at 127.0.0.1/42139] INFO  impl.DataStreamServerImpl (ConfUtils.java:logGet(44)) - raft.datastream.type = DISABLED (default)
2022-03-02 19:00:08,801 [Listener at 127.0.0.1/42139] INFO  server.RaftServerConfigKeys (ConfUtils.java:logGet(44)) - raft.server.rpc.slowness.timeout = 300s (custom)
2022-03-02 19:00:08,801 [Listener at 127.0.0.1/42139] INFO  server.RaftServerConfigKeys (ConfUtils.java:logGet(44)) - raft.server.leaderelection.leader.step-down.wait-time = 10s (default)
2022-03-02 19:00:08,801 [Listener at 127.0.0.1/42139] INFO  server.RaftServerConfigKeys (ConfUtils.java:logGet(44)) - raft.server.storage.dir = [/home/runner/work/ozone/ozone/hadoop-ozone/integration-test/target/test-dir/MiniOzoneClusterImpl-5ed764c8-eddb-4368-ac32-9b8b311b51af/datanode-1/data/ratis] (custom)
2022-03-02 19:00:08,802 [Listener at 127.0.0.1/42139] INFO  server.XceiverServerGrpc (XceiverServerGrpc.java:<init>(132)) - GrpcServer channel type EpollServerSocketChannel
2022-03-02 19:00:08,806 [Listener at 127.0.0.1/42139] INFO  http.BaseHttpServer (BaseHttpServer.java:newHttpServer2BuilderForOzone(209)) - Starting Web-server for hddsDatanode at: http://0.0.0.0:0
2022-03-02 19:00:08,806 [Listener at 127.0.0.1/42139] INFO  http.BaseHttpServer (BaseHttpServer.java:<init>(107)) - Hadoop Security Enabled: false Ozone Security Enabled: false Ozone HTTP Security Enabled: false 
2022-03-02 19:00:08,807 [Listener at 127.0.0.1/42139] INFO  server.AuthenticationFilter (AuthenticationFilter.java:constructSecretProvider(240)) - Unable to initialize FileSignerSecretProvider, falling back to use random secrets.
2022-03-02 19:00:08,809 [Listener at 127.0.0.1/42139] WARN  http.HttpRequestLog (HttpRequestLog.java:getRequestLog(103)) - Jetty request log can only be enabled using Log4j
2022-03-02 19:00:08,809 [Listener at 127.0.0.1/42139] INFO  http.HttpServer2 (HttpServer2.java:addGlobalFilter(1030)) - Added global filter 'safety' (class=org.apache.hadoop.hdds.server.http.HttpServer2$QuotingInputFilter)
2022-03-02 19:00:08,810 [Listener at 127.0.0.1/42139] INFO  http.HttpServer2 (HttpServer2.java:addFilter(1006)) - Added filter static_user_filter (class=org.apache.hadoop.http.lib.StaticUserWebFilter$StaticUserFilter) to context hddsDatanode
2022-03-02 19:00:08,810 [Listener at 127.0.0.1/42139] INFO  http.HttpServer2 (HttpServer2.java:addFilter(1014)) - Added filter static_user_filter (class=org.apache.hadoop.http.lib.StaticUserWebFilter$StaticUserFilter) to context logs
2022-03-02 19:00:08,810 [Listener at 127.0.0.1/42139] INFO  http.HttpServer2 (HttpServer2.java:addFilter(1014)) - Added filter static_user_filter (class=org.apache.hadoop.http.lib.StaticUserWebFilter$StaticUserFilter) to context static
2022-03-02 19:00:08,811 [Listener at 127.0.0.1/42139] INFO  http.HttpServer2 (HttpServer2.java:bindListener(1249)) - Jetty bound to port 36745
2022-03-02 19:00:08,811 [Listener at 127.0.0.1/42139] INFO  server.Server (Server.java:doStart(375)) - jetty-9.4.43.v20210629; built: 2021-06-30T11:07:22.254Z; git: 526006ecfa3af7f1a27ef3a288e2bef7ea9dd7e8; jvm 1.8.0_322-b06
2022-03-02 19:00:08,814 [Listener at 127.0.0.1/42139] INFO  server.session (DefaultSessionIdManager.java:doStart(334)) - DefaultSessionIdManager workerName=node0
2022-03-02 19:00:08,814 [Listener at 127.0.0.1/42139] INFO  server.session (DefaultSessionIdManager.java:doStart(339)) - No SessionScavenger set, using defaults
2022-03-02 19:00:08,814 [Listener at 127.0.0.1/42139] INFO  server.session (HouseKeeper.java:startScavenging(132)) - node0 Scavenging every 660000ms
2022-03-02 19:00:08,815 [Listener at 127.0.0.1/42139] INFO  handler.ContextHandler (ContextHandler.java:doStart(915)) - Started o.e.j.s.ServletContextHandler@421e8b29{logs,/logs,file:///home/runner/work/ozone/ozone/hadoop-ozone/integration-test/target/log,AVAILABLE}
2022-03-02 19:00:08,815 [Listener at 127.0.0.1/42139] INFO  handler.ContextHandler (ContextHandler.java:doStart(915)) - Started o.e.j.s.ServletContextHandler@69745cfe{static,/static,jar:file:/home/runner/.m2/repository/org/apache/ozone/hdds-container-service/1.3.0-SNAPSHOT/hdds-container-service-1.3.0-SNAPSHOT.jar!/webapps/static,AVAILABLE}
2022-03-02 19:00:08,862 [Listener at 127.0.0.1/42139] INFO  handler.ContextHandler (ContextHandler.java:doStart(915)) - Started o.e.j.w.WebAppContext@70d5b235{hddsDatanode,/,file:///tmp/jetty-0_0_0_0-36745-hdds-container-service-1_3_0-SNAPSHOT_jar-_-any-7239052542579683271/webapp/,AVAILABLE}{jar:file:/home/runner/.m2/repository/org/apache/ozone/hdds-container-service/1.3.0-SNAPSHOT/hdds-container-service-1.3.0-SNAPSHOT.jar!/webapps/hddsDatanode}
2022-03-02 19:00:08,873 [Listener at 127.0.0.1/42139] INFO  server.AbstractConnector (AbstractConnector.java:doStart(331)) - Started ServerConnector@5322d77f{HTTP/1.1, (http/1.1)}{0.0.0.0:36745}
2022-03-02 19:00:08,873 [Listener at 127.0.0.1/42139] INFO  server.Server (Server.java:doStart(415)) - Started @105656ms
2022-03-02 19:00:08,874 [Listener at 127.0.0.1/42139] WARN  impl.MetricsSystemImpl (MetricsSystemImpl.java:register(279)) - Sink prometheus already exists!
2022-03-02 19:00:08,874 [Listener at 127.0.0.1/42139] INFO  http.BaseHttpServer (BaseHttpServer.java:updateConnectorAddress(329)) - HTTP server of hddsDatanode listening at http://0.0.0.0:36745
2022-03-02 19:00:08,881 [Listener at 127.0.0.1/42139] WARN  impl.MetricRegistriesImpl (MetricRegistriesImpl.java:addReporterRegistration(111)) - New reporters are added after registries were created. Some metrics will be missing from the reporter. Please add reporter before adding any new registry.
2022-03-02 19:00:08,881 [Listener at 127.0.0.1/42139] WARN  impl.MetricRegistriesImpl (MetricRegistriesImpl.java:addReporterRegistration(111)) - New reporters are added after registries were created. Some metrics will be missing from the reporter. Please add reporter before adding any new registry.
2022-03-02 19:00:08,881 [Listener at 127.0.0.1/42139] INFO  impl.MetricsSystemImpl (MetricsSystemImpl.java:init(158)) - HddsDatanode metrics system started (again)
2022-03-02 19:00:08,882 [Datanode State Machine Daemon Thread] INFO  statemachine.DatanodeStateMachine (DatanodeStateMachine.java:lambda$startDaemon$0(470)) - Ozone container server started.
2022-03-02 19:00:08,909 [org.apache.hadoop.util.JvmPauseMonitor$Monitor@51a725d0] INFO  util.JvmPauseMonitor (JvmPauseMonitor.java:run(188)) - Starting JVM pause monitor
2022-03-02 19:00:08,918 [Listener at 127.0.0.1/42139] INFO  ozone.HddsDatanodeService (HddsDatanodeService.java:start(233)) - HddsDatanodeService host:fv-az148-899.bm4ck3pvxvsene1rjriu5fhcdb.bx.internal.cloudapp.net ip:10.1.0.29
2022-03-02 19:00:08,922 [Datanode State Machine Task Thread - 0] INFO  ha.SCMNodeInfo (SCMNodeInfo.java:getPort(197)) - ConfigKey ozone.scm.client.address is deprecated, For configuring different ports for each SCM use PortConfigKey ozone.scm.client.port appended with serviceId and nodeId
2022-03-02 19:00:08,925 [Datanode State Machine Task Thread - 0] INFO  ha.SCMNodeInfo (SCMNodeInfo.java:getPort(197)) - ConfigKey ozone.scm.block.client.address is deprecated, For configuring different ports for each SCM use PortConfigKey ozone.scm.block.client.port appended with serviceId and nodeId
2022-03-02 19:00:08,925 [Datanode State Machine Task Thread - 0] INFO  ha.SCMNodeInfo (SCMNodeInfo.java:getPort(197)) - ConfigKey ozone.scm.datanode.address is deprecated, For configuring different ports for each SCM use PortConfigKey ozone.scm.datanode.port appended with serviceId and nodeId
2022-03-02 19:00:08,925 [Datanode State Machine Task Thread - 0] INFO  ha.SCMNodeInfo (SCMNodeInfo.java:getPort(197)) - ConfigKey ozone.scm.client.address is deprecated, For configuring different ports for each SCM use PortConfigKey ozone.scm.client.port appended with serviceId and nodeId
2022-03-02 19:00:08,925 [Datanode State Machine Task Thread - 0] INFO  ha.SCMNodeInfo (SCMNodeInfo.java:getPort(197)) - ConfigKey ozone.scm.block.client.address is deprecated, For configuring different ports for each SCM use PortConfigKey ozone.scm.block.client.port appended with serviceId and nodeId
2022-03-02 19:00:08,925 [Datanode State Machine Task Thread - 0] INFO  ha.SCMNodeInfo (SCMNodeInfo.java:getPort(197)) - ConfigKey ozone.scm.datanode.address is deprecated, For configuring different ports for each SCM use PortConfigKey ozone.scm.datanode.port appended with serviceId and nodeId
2022-03-02 19:00:08,926 [Datanode State Machine Task Thread - 0] INFO  ha.SCMNodeInfo (SCMNodeInfo.java:getPort(197)) - ConfigKey ozone.scm.client.address is deprecated, For configuring different ports for each SCM use PortConfigKey ozone.scm.client.port appended with serviceId and nodeId
2022-03-02 19:00:08,926 [Datanode State Machine Task Thread - 0] INFO  ha.SCMNodeInfo (SCMNodeInfo.java:getPort(197)) - ConfigKey ozone.scm.block.client.address is deprecated, For configuring different ports for each SCM use PortConfigKey ozone.scm.block.client.port appended with serviceId and nodeId
2022-03-02 19:00:08,926 [Datanode State Machine Task Thread - 0] INFO  ha.SCMNodeInfo (SCMNodeInfo.java:getPort(197)) - ConfigKey ozone.scm.datanode.address is deprecated, For configuring different ports for each SCM use PortConfigKey ozone.scm.datanode.port appended with serviceId and nodeId
2022-03-02 19:00:08,931 [Datanode State Machine Task Thread - 0] INFO  datanode.InitDatanodeState (InitDatanodeState.java:persistContainerDatanodeDetails(138)) - DatanodeDetails is persisted to /home/runner/work/ozone/ozone/hadoop-ozone/integration-test/target/test-dir/MiniOzoneClusterImpl-5ed764c8-eddb-4368-ac32-9b8b311b51af/datanode-1/meta/datanode.id
2022-03-02 19:00:08,935 [EndpointStateMachine task thread for /127.0.0.1:38087 - 0 ] INFO  ipc.Client (Client.java:handleConnectionFailure(977)) - Retrying connect to server: localhost/127.0.0.1:38087. Already tried 9 time(s); retry policy is RetryUpToMaximumCountWithFixedSleep(maxRetries=15, sleepTime=1000 MILLISECONDS)
2022-03-02 19:00:08,939 [EndpointStateMachine task thread for /127.0.0.1:45277 - 0 ] INFO  ipc.Client (Client.java:handleConnectionFailure(977)) - Retrying connect to server: localhost/127.0.0.1:45277. Already tried 9 time(s); retry policy is RetryUpToMaximumCountWithFixedSleep(maxRetries=15, sleepTime=1000 MILLISECONDS)
2022-03-02 19:00:08,940 [EndpointStateMachine task thread for /127.0.0.1:35087 - 0 ] INFO  ipc.Client (Client.java:handleConnectionFailure(977)) - Retrying connect to server: localhost/127.0.0.1:35087. Already tried 9 time(s); retry policy is RetryUpToMaximumCountWithFixedSleep(maxRetries=15, sleepTime=1000 MILLISECONDS)
2022-03-02 19:00:08,947 [omNode-1@group-523986131536-FollowerState] INFO  impl.FollowerState (FollowerState.java:run(134)) - omNode-1@group-523986131536-FollowerState: change to CANDIDATE, lastRpcElapsedTime:1065346959ns, electionTimeout:1052ms
2022-03-02 19:00:08,947 [omNode-1@group-523986131536-FollowerState] INFO  impl.RoleInfo (RoleInfo.java:shutdownFollowerState(108)) - omNode-1: shutdown omNode-1@group-523986131536-FollowerState
2022-03-02 19:00:08,947 [omNode-1@group-523986131536-FollowerState] INFO  server.RaftServer$Division (RaftServerImpl.java:setRole(290)) - omNode-1@group-523986131536: changes role from  FOLLOWER to CANDIDATE at term 0 for changeToCandidate
2022-03-02 19:00:08,948 [omNode-1@group-523986131536-FollowerState] INFO  server.RaftServerConfigKeys (ConfUtils.java:logGet(44)) - raft.server.leaderelection.pre-vote = false (custom)
2022-03-02 19:00:08,948 [omNode-1@group-523986131536-FollowerState] INFO  impl.RoleInfo (RoleInfo.java:updateAndGet(130)) - omNode-1: start omNode-1@group-523986131536-LeaderElection21
2022-03-02 19:00:08,970 [Listener at 127.0.0.1/42139] INFO  upgrade.AbstractLayoutVersionManager (AbstractLayoutVersionManager.java:init(79)) - Initializing Layout version manager with metadata layout = SCM_HA (version = 2), software layout = SCM_HA (version = 2)
2022-03-02 19:00:08,974 [omNode-1@group-523986131536-LeaderElection21] INFO  impl.LeaderElection (LeaderElection.java:askForVotes(306)) - omNode-1@group-523986131536-LeaderElection21 ELECTION round 0: submit vote requests at term 1 for -1: [omNode-1|rpc:localhost:39279|priority:0], old=null
2022-03-02 19:00:08,974 [omNode-1@group-523986131536-LeaderElection21] INFO  impl.LeaderElection (LeaderElection.java:askForVotes(308)) - omNode-1@group-523986131536-LeaderElection21 ELECTION round 0: result PASSED (term=1)
2022-03-02 19:00:08,974 [omNode-1@group-523986131536-LeaderElection21] INFO  impl.RoleInfo (RoleInfo.java:shutdownLeaderElection(121)) - omNode-1: shutdown omNode-1@group-523986131536-LeaderElection21
2022-03-02 19:00:08,974 [omNode-1@group-523986131536-LeaderElection21] INFO  server.RaftServer$Division (RaftServerImpl.java:setRole(290)) - omNode-1@group-523986131536: changes role from CANDIDATE to LEADER at term 1 for changeToLeader
2022-03-02 19:00:08,974 [omNode-1@group-523986131536-LeaderElection21] INFO  server.RaftServer$Division (ServerState.java:setLeader(285)) - omNode-1@group-523986131536: change Leader from null to omNode-1 at term 1 for becomeLeader, leader elected after 1155ms
2022-03-02 19:00:08,974 [omNode-1@group-523986131536-LeaderElection21] INFO  server.RaftServerConfigKeys (ConfUtils.java:logGet(44)) - raft.server.staging.catchup.gap = 1000 (default)
2022-03-02 19:00:08,974 [omNode-1@group-523986131536-LeaderElection21] INFO  server.RaftServerConfigKeys (ConfUtils.java:logGet(44)) - raft.server.write.element-limit = 4096 (default)
2022-03-02 19:00:08,974 [omNode-1@group-523986131536-LeaderElection21] INFO  server.RaftServerConfigKeys (ConfUtils.java:logGet(44)) - raft.server.write.byte-limit = 64MB (=67108864) (default)
2022-03-02 19:00:08,974 [omNode-1@group-523986131536-LeaderElection21] INFO  server.RaftServerConfigKeys (ConfUtils.java:logGet(44)) - raft.server.watch.timeout = 10s (default)
2022-03-02 19:00:08,974 [omNode-1@group-523986131536-LeaderElection21] INFO  server.RaftServerConfigKeys (ConfUtils.java:logGet(44)) - raft.server.watch.timeout.denomination = 1s (default)
2022-03-02 19:00:08,974 [omNode-1@group-523986131536-LeaderElection21] INFO  server.RaftServerConfigKeys (ConfUtils.java:logGet(44)) - raft.server.watch.element-limit = 65536 (default)
2022-03-02 19:00:08,974 [omNode-1@group-523986131536-LeaderElection21] INFO  server.RaftServerConfigKeys (ConfUtils.java:logGet(44)) - raft.server.write.element-limit = 4096 (default)
2022-03-02 19:00:08,974 [omNode-1@group-523986131536-LeaderElection21] INFO  server.RaftServerConfigKeys (ConfUtils.java:logGet(44)) - raft.server.write.follower.gap.ratio.max = -1.0 (default)
2022-03-02 19:00:08,975 [omNode-1@group-523986131536-LeaderElection21] INFO  impl.RoleInfo (RoleInfo.java:updateAndGet(130)) - omNode-1: start omNode-1@group-523986131536-LeaderStateImpl
2022-03-02 19:00:08,975 [omNode-1@group-523986131536-LeaderElection21] INFO  segmented.SegmentedRaftLogWorker (SegmentedRaftLogWorker.java:startLogSegment(394)) - omNode-1@group-523986131536-SegmentedRaftLogWorker: Starting segment from index:0
2022-03-02 19:00:08,990 [omNode-1@group-523986131536-LeaderElection21] INFO  server.RaftServer$Division (ServerState.java:setRaftConf(387)) - omNode-1@group-523986131536: set configuration 0: [omNode-1|rpc:localhost:39279|admin:|client:|dataStream:|priority:0], old=null
2022-03-02 19:00:08,991 [omNode-1@group-523986131536-SegmentedRaftLogWorker] INFO  segmented.SegmentedRaftLogWorker (SegmentedRaftLogWorker.java:execute(601)) - omNode-1@group-523986131536-SegmentedRaftLogWorker: created new log segment /home/runner/work/ozone/ozone/hadoop-ozone/integration-test/target/test-dir/MiniOzoneClusterImpl-5ed764c8-eddb-4368-ac32-9b8b311b51af/omNode-1/ratis/c9bc4cf4-3bc3-3c60-a66b-523986131536/current/log_inprogress_0
2022-03-02 19:00:08,992 [omNode-1@group-523986131536-StateMachineUpdater] INFO  ratis.OzoneManagerStateMachine (OzoneManagerStateMachine.java:notifyConfigurationChanged(188)) - Received Configuration change notification from Ratis. New Peer list:
[id: "omNode-1"
address: "localhost:39279"
]
2022-03-02 19:00:09,029 [Listener at 127.0.0.1/42139] INFO  reflections.Reflections (Reflections.java:scan(232)) - Reflections took 57 ms to scan 7 urls, producing 122 keys and 286 values 
2022-03-02 19:00:09,031 [Listener at 127.0.0.1/42139] INFO  ha.SCMNodeInfo (SCMNodeInfo.java:getPort(197)) - ConfigKey ozone.scm.client.address is deprecated, For configuring different ports for each SCM use PortConfigKey ozone.scm.client.port appended with serviceId and nodeId
2022-03-02 19:00:09,031 [Listener at 127.0.0.1/42139] INFO  ha.SCMNodeInfo (SCMNodeInfo.java:getPort(197)) - ConfigKey ozone.scm.block.client.address is deprecated, For configuring different ports for each SCM use PortConfigKey ozone.scm.block.client.port appended with serviceId and nodeId
2022-03-02 19:00:09,031 [Listener at 127.0.0.1/42139] INFO  ha.SCMNodeInfo (SCMNodeInfo.java:getPort(197)) - ConfigKey ozone.scm.datanode.address is deprecated, For configuring different ports for each SCM use PortConfigKey ozone.scm.datanode.port appended with serviceId and nodeId
2022-03-02 19:00:09,031 [Listener at 127.0.0.1/42139] INFO  ha.SCMNodeInfo (SCMNodeInfo.java:getPort(197)) - ConfigKey ozone.scm.client.address is deprecated, For configuring different ports for each SCM use PortConfigKey ozone.scm.client.port appended with serviceId and nodeId
2022-03-02 19:00:09,031 [Listener at 127.0.0.1/42139] INFO  ha.SCMNodeInfo (SCMNodeInfo.java:getPort(197)) - ConfigKey ozone.scm.block.client.address is deprecated, For configuring different ports for each SCM use PortConfigKey ozone.scm.block.client.port appended with serviceId and nodeId
2022-03-02 19:00:09,032 [Listener at 127.0.0.1/42139] INFO  ha.SCMNodeInfo (SCMNodeInfo.java:getPort(197)) - ConfigKey ozone.scm.datanode.address is deprecated, For configuring different ports for each SCM use PortConfigKey ozone.scm.datanode.port appended with serviceId and nodeId
2022-03-02 19:00:09,032 [Listener at 127.0.0.1/42139] INFO  ha.SCMNodeInfo (SCMNodeInfo.java:getPort(197)) - ConfigKey ozone.scm.client.address is deprecated, For configuring different ports for each SCM use PortConfigKey ozone.scm.client.port appended with serviceId and nodeId
2022-03-02 19:00:09,032 [Listener at 127.0.0.1/42139] INFO  ha.SCMNodeInfo (SCMNodeInfo.java:getPort(197)) - ConfigKey ozone.scm.block.client.address is deprecated, For configuring different ports for each SCM use PortConfigKey ozone.scm.block.client.port appended with serviceId and nodeId
2022-03-02 19:00:09,040 [Listener at 127.0.0.1/42139] INFO  ha.SCMNodeInfo (SCMNodeInfo.java:getPort(197)) - ConfigKey ozone.scm.datanode.address is deprecated, For configuring different ports for each SCM use PortConfigKey ozone.scm.datanode.port appended with serviceId and nodeId
2022-03-02 19:00:09,041 [Listener at 127.0.0.1/42139] INFO  statemachine.DatanodeStateMachine (DatanodeStateMachine.java:getEndPointTaskThreadPoolSize(222)) - Datanode State Machine Task Thread Pool size 4
2022-03-02 19:00:09,045 [Listener at 127.0.0.1/42139] INFO  volume.HddsVolume (HddsVolume.java:<init>(120)) - Creating HddsVolume: /home/runner/work/ozone/ozone/hadoop-ozone/integration-test/target/test-dir/MiniOzoneClusterImpl-5ed764c8-eddb-4368-ac32-9b8b311b51af/datanode-2/data-0/containers/hdds of storage type : DISK capacity : 9223372036854775807
2022-03-02 19:00:09,045 [Listener at 127.0.0.1/42139] INFO  volume.MutableVolumeSet (MutableVolumeSet.java:initializeVolumeSet(168)) - Added Volume : /home/runner/work/ozone/ozone/hadoop-ozone/integration-test/target/test-dir/MiniOzoneClusterImpl-5ed764c8-eddb-4368-ac32-9b8b311b51af/datanode-2/data-0/containers/hdds to VolumeSet
2022-03-02 19:00:09,045 [Listener at 127.0.0.1/42139] INFO  volume.ThrottledAsyncChecker (ThrottledAsyncChecker.java:schedule(141)) - Scheduling a check for /home/runner/work/ozone/ozone/hadoop-ozone/integration-test/target/test-dir/MiniOzoneClusterImpl-5ed764c8-eddb-4368-ac32-9b8b311b51af/datanode-2/data-0/containers/hdds
2022-03-02 19:00:09,054 [Listener at 127.0.0.1/42139] INFO  volume.StorageVolumeChecker (StorageVolumeChecker.java:checkAllVolumes(202)) - Scheduled health check for volume /home/runner/work/ozone/ozone/hadoop-ozone/integration-test/target/test-dir/MiniOzoneClusterImpl-5ed764c8-eddb-4368-ac32-9b8b311b51af/datanode-2/data-0/containers/hdds
2022-03-02 19:00:09,065 [Listener at 127.0.0.1/42139] INFO  volume.MutableVolumeSet (MutableVolumeSet.java:initializeVolumeSet(168)) - Added Volume : /home/runner/work/ozone/ozone/hadoop-ozone/integration-test/target/test-dir/MiniOzoneClusterImpl-5ed764c8-eddb-4368-ac32-9b8b311b51af/datanode-2/data/ratis to VolumeSet
2022-03-02 19:00:09,065 [Listener at 127.0.0.1/42139] INFO  volume.ThrottledAsyncChecker (ThrottledAsyncChecker.java:schedule(141)) - Scheduling a check for /home/runner/work/ozone/ozone/hadoop-ozone/integration-test/target/test-dir/MiniOzoneClusterImpl-5ed764c8-eddb-4368-ac32-9b8b311b51af/datanode-2/data/ratis
2022-03-02 19:00:09,066 [Listener at 127.0.0.1/42139] INFO  volume.StorageVolumeChecker (StorageVolumeChecker.java:checkAllVolumes(202)) - Scheduled health check for volume /home/runner/work/ozone/ozone/hadoop-ozone/integration-test/target/test-dir/MiniOzoneClusterImpl-5ed764c8-eddb-4368-ac32-9b8b311b51af/datanode-2/data/ratis
2022-03-02 19:00:09,079 [Thread-1512] INFO  ozoneimpl.ContainerReader (ContainerReader.java:readVolume(172)) - Finish verifying containers on volume /home/runner/work/ozone/ozone/hadoop-ozone/integration-test/target/test-dir/MiniOzoneClusterImpl-5ed764c8-eddb-4368-ac32-9b8b311b51af/datanode-2/data-0/containers/hdds
2022-03-02 19:00:09,079 [Listener at 127.0.0.1/42139] INFO  ozoneimpl.OzoneContainer (OzoneContainer.java:buildContainerSet(257)) - Build ContainerSet costs 0s
2022-03-02 19:00:09,081 [Listener at 127.0.0.1/42139] INFO  server.RaftServer (ConfUtils.java:logGet(44)) - raft.rpc.type = GRPC (default)
2022-03-02 19:00:09,081 [Listener at 127.0.0.1/42139] INFO  grpc.GrpcFactory (GrpcFactory.java:checkPooledByteBufAllocatorUseCacheForAllThreads(48)) - PERFORMANCE WARNING: useCacheForAllThreads is true that may cause Netty to create a lot garbage objects and, as a result, trigger GC.
	It is recommended to disable useCacheForAllThreads by setting -Dorg.apache.ratis.thirdparty.io.netty.allocator.useCacheForAllThreads=false in command line.
2022-03-02 19:00:09,081 [Listener at 127.0.0.1/42139] INFO  grpc.GrpcConfigKeys (ConfUtils.java:logGet(44)) - raft.grpc.admin.port = 0 (custom)
2022-03-02 19:00:09,082 [Listener at 127.0.0.1/42139] INFO  grpc.GrpcConfigKeys (ConfUtils.java:logGet(44)) - raft.grpc.client.port = 0 (custom)
2022-03-02 19:00:09,082 [Listener at 127.0.0.1/42139] INFO  grpc.GrpcConfigKeys (ConfUtils.java:logGet(44)) - raft.grpc.server.port = 0 (default)
2022-03-02 19:00:09,082 [Listener at 127.0.0.1/42139] INFO  server.GrpcService (ConfUtils.java:logGet(44)) - raft.grpc.message.size.max = 32MB (=33554432) (custom)
2022-03-02 19:00:09,082 [Listener at 127.0.0.1/42139] INFO  server.RaftServerConfigKeys (ConfUtils.java:logGet(44)) - raft.server.log.appender.buffer.byte-limit = 33554432 (custom)
2022-03-02 19:00:09,082 [Listener at 127.0.0.1/42139] INFO  server.GrpcService (ConfUtils.java:logGet(44)) - raft.grpc.flow.control.window = 5MB (=5242880) (custom)
2022-03-02 19:00:09,082 [Listener at 127.0.0.1/42139] INFO  server.RaftServerConfigKeys (ConfUtils.java:logGet(44)) - raft.server.rpc.request.timeout = 60s (custom)
2022-03-02 19:00:09,083 [Listener at 127.0.0.1/42139] INFO  impl.DataStreamServerImpl (ConfUtils.java:logGet(44)) - raft.datastream.type = DISABLED (default)
2022-03-02 19:00:09,084 [Listener at 127.0.0.1/42139] INFO  server.RaftServerConfigKeys (ConfUtils.java:logGet(44)) - raft.server.rpc.slowness.timeout = 300s (custom)
2022-03-02 19:00:09,084 [Listener at 127.0.0.1/42139] INFO  server.RaftServerConfigKeys (ConfUtils.java:logGet(44)) - raft.server.leaderelection.leader.step-down.wait-time = 10s (default)
2022-03-02 19:00:09,084 [Listener at 127.0.0.1/42139] INFO  server.RaftServerConfigKeys (ConfUtils.java:logGet(44)) - raft.server.storage.dir = [/home/runner/work/ozone/ozone/hadoop-ozone/integration-test/target/test-dir/MiniOzoneClusterImpl-5ed764c8-eddb-4368-ac32-9b8b311b51af/datanode-2/data/ratis] (custom)
2022-03-02 19:00:09,089 [Listener at 127.0.0.1/42139] INFO  server.XceiverServerGrpc (XceiverServerGrpc.java:<init>(132)) - GrpcServer channel type EpollServerSocketChannel
2022-03-02 19:00:09,098 [Listener at 127.0.0.1/42139] INFO  http.BaseHttpServer (BaseHttpServer.java:newHttpServer2BuilderForOzone(209)) - Starting Web-server for hddsDatanode at: http://0.0.0.0:0
2022-03-02 19:00:09,098 [Listener at 127.0.0.1/42139] INFO  http.BaseHttpServer (BaseHttpServer.java:<init>(107)) - Hadoop Security Enabled: false Ozone Security Enabled: false Ozone HTTP Security Enabled: false 
2022-03-02 19:00:09,099 [Listener at 127.0.0.1/42139] INFO  server.AuthenticationFilter (AuthenticationFilter.java:constructSecretProvider(240)) - Unable to initialize FileSignerSecretProvider, falling back to use random secrets.
2022-03-02 19:00:09,101 [Listener at 127.0.0.1/42139] WARN  http.HttpRequestLog (HttpRequestLog.java:getRequestLog(103)) - Jetty request log can only be enabled using Log4j
2022-03-02 19:00:09,102 [Listener at 127.0.0.1/42139] INFO  http.HttpServer2 (HttpServer2.java:addGlobalFilter(1030)) - Added global filter 'safety' (class=org.apache.hadoop.hdds.server.http.HttpServer2$QuotingInputFilter)
2022-03-02 19:00:09,102 [Listener at 127.0.0.1/42139] INFO  http.HttpServer2 (HttpServer2.java:addFilter(1006)) - Added filter static_user_filter (class=org.apache.hadoop.http.lib.StaticUserWebFilter$StaticUserFilter) to context hddsDatanode
2022-03-02 19:00:09,102 [Listener at 127.0.0.1/42139] INFO  http.HttpServer2 (HttpServer2.java:addFilter(1014)) - Added filter static_user_filter (class=org.apache.hadoop.http.lib.StaticUserWebFilter$StaticUserFilter) to context logs
2022-03-02 19:00:09,103 [Listener at 127.0.0.1/42139] INFO  http.HttpServer2 (HttpServer2.java:addFilter(1014)) - Added filter static_user_filter (class=org.apache.hadoop.http.lib.StaticUserWebFilter$StaticUserFilter) to context static
2022-03-02 19:00:09,103 [Listener at 127.0.0.1/42139] INFO  http.HttpServer2 (HttpServer2.java:bindListener(1249)) - Jetty bound to port 33715
2022-03-02 19:00:09,103 [Listener at 127.0.0.1/42139] INFO  server.Server (Server.java:doStart(375)) - jetty-9.4.43.v20210629; built: 2021-06-30T11:07:22.254Z; git: 526006ecfa3af7f1a27ef3a288e2bef7ea9dd7e8; jvm 1.8.0_322-b06
2022-03-02 19:00:09,106 [Listener at 127.0.0.1/42139] INFO  server.session (DefaultSessionIdManager.java:doStart(334)) - DefaultSessionIdManager workerName=node0
2022-03-02 19:00:09,106 [Listener at 127.0.0.1/42139] INFO  server.session (DefaultSessionIdManager.java:doStart(339)) - No SessionScavenger set, using defaults
2022-03-02 19:00:09,106 [Listener at 127.0.0.1/42139] INFO  server.session (HouseKeeper.java:startScavenging(132)) - node0 Scavenging every 660000ms
2022-03-02 19:00:09,108 [Listener at 127.0.0.1/42139] INFO  handler.ContextHandler (ContextHandler.java:doStart(915)) - Started o.e.j.s.ServletContextHandler@57d9db79{logs,/logs,file:///home/runner/work/ozone/ozone/hadoop-ozone/integration-test/target/log,AVAILABLE}
2022-03-02 19:00:09,109 [Listener at 127.0.0.1/42139] INFO  handler.ContextHandler (ContextHandler.java:doStart(915)) - Started o.e.j.s.ServletContextHandler@154398a5{static,/static,jar:file:/home/runner/.m2/repository/org/apache/ozone/hdds-container-service/1.3.0-SNAPSHOT/hdds-container-service-1.3.0-SNAPSHOT.jar!/webapps/static,AVAILABLE}
2022-03-02 19:00:09,190 [Listener at 127.0.0.1/42139] INFO  handler.ContextHandler (ContextHandler.java:doStart(915)) - Started o.e.j.w.WebAppContext@29dbf03f{hddsDatanode,/,file:///tmp/jetty-0_0_0_0-33715-hdds-container-service-1_3_0-SNAPSHOT_jar-_-any-2924025484522585457/webapp/,AVAILABLE}{jar:file:/home/runner/.m2/repository/org/apache/ozone/hdds-container-service/1.3.0-SNAPSHOT/hdds-container-service-1.3.0-SNAPSHOT.jar!/webapps/hddsDatanode}
2022-03-02 19:00:09,196 [Listener at 127.0.0.1/42139] INFO  server.AbstractConnector (AbstractConnector.java:doStart(331)) - Started ServerConnector@12b0b36{HTTP/1.1, (http/1.1)}{0.0.0.0:33715}
2022-03-02 19:00:09,196 [Listener at 127.0.0.1/42139] INFO  server.Server (Server.java:doStart(415)) - Started @105979ms
2022-03-02 19:00:09,196 [Listener at 127.0.0.1/42139] WARN  impl.MetricsSystemImpl (MetricsSystemImpl.java:register(279)) - Sink prometheus already exists!
2022-03-02 19:00:09,197 [Listener at 127.0.0.1/42139] INFO  http.BaseHttpServer (BaseHttpServer.java:updateConnectorAddress(329)) - HTTP server of hddsDatanode listening at http://0.0.0.0:33715
2022-03-02 19:00:09,201 [Listener at 127.0.0.1/42139] INFO  ozone.MiniOzoneClusterImpl (MiniOzoneClusterImpl.java:lambda$waitForClusterToBeReady$0(219)) - Waiting for nodes to be ready. Got 0 of 3 DN Heartbeats.
2022-03-02 19:00:09,201 [Listener at 127.0.0.1/42139] INFO  ozone.MiniOzoneClusterImpl (MiniOzoneClusterImpl.java:lambda$waitForClusterToBeReady$0(222)) - Waiting for cluster to exit safe mode
2022-03-02 19:00:09,201 [Listener at 127.0.0.1/42139] INFO  ozone.MiniOzoneClusterImpl (MiniOzoneClusterImpl.java:lambda$waitForClusterToBeReady$0(224)) - SCM became leader
2022-03-02 19:00:09,201 [Datanode State Machine Daemon Thread] INFO  statemachine.DatanodeStateMachine (DatanodeStateMachine.java:lambda$startDaemon$0(470)) - Ozone container server started.
2022-03-02 19:00:09,254 [org.apache.hadoop.util.JvmPauseMonitor$Monitor@5307988d] INFO  util.JvmPauseMonitor (JvmPauseMonitor.java:run(188)) - Starting JVM pause monitor
2022-03-02 19:00:09,264 [Datanode State Machine Task Thread - 0] INFO  ha.SCMNodeInfo (SCMNodeInfo.java:getPort(197)) - ConfigKey ozone.scm.client.address is deprecated, For configuring different ports for each SCM use PortConfigKey ozone.scm.client.port appended with serviceId and nodeId
2022-03-02 19:00:09,265 [Datanode State Machine Task Thread - 0] INFO  ha.SCMNodeInfo (SCMNodeInfo.java:getPort(197)) - ConfigKey ozone.scm.block.client.address is deprecated, For configuring different ports for each SCM use PortConfigKey ozone.scm.block.client.port appended with serviceId and nodeId
2022-03-02 19:00:09,265 [Datanode State Machine Task Thread - 0] INFO  ha.SCMNodeInfo (SCMNodeInfo.java:getPort(197)) - ConfigKey ozone.scm.datanode.address is deprecated, For configuring different ports for each SCM use PortConfigKey ozone.scm.datanode.port appended with serviceId and nodeId
2022-03-02 19:00:09,265 [Datanode State Machine Task Thread - 0] INFO  ha.SCMNodeInfo (SCMNodeInfo.java:getPort(197)) - ConfigKey ozone.scm.client.address is deprecated, For configuring different ports for each SCM use PortConfigKey ozone.scm.client.port appended with serviceId and nodeId
2022-03-02 19:00:09,265 [Datanode State Machine Task Thread - 0] INFO  ha.SCMNodeInfo (SCMNodeInfo.java:getPort(197)) - ConfigKey ozone.scm.block.client.address is deprecated, For configuring different ports for each SCM use PortConfigKey ozone.scm.block.client.port appended with serviceId and nodeId
2022-03-02 19:00:09,265 [Datanode State Machine Task Thread - 0] INFO  ha.SCMNodeInfo (SCMNodeInfo.java:getPort(197)) - ConfigKey ozone.scm.datanode.address is deprecated, For configuring different ports for each SCM use PortConfigKey ozone.scm.datanode.port appended with serviceId and nodeId
2022-03-02 19:00:09,265 [Datanode State Machine Task Thread - 0] INFO  ha.SCMNodeInfo (SCMNodeInfo.java:getPort(197)) - ConfigKey ozone.scm.client.address is deprecated, For configuring different ports for each SCM use PortConfigKey ozone.scm.client.port appended with serviceId and nodeId
2022-03-02 19:00:09,265 [Datanode State Machine Task Thread - 0] INFO  ha.SCMNodeInfo (SCMNodeInfo.java:getPort(197)) - ConfigKey ozone.scm.block.client.address is deprecated, For configuring different ports for each SCM use PortConfigKey ozone.scm.block.client.port appended with serviceId and nodeId
2022-03-02 19:00:09,265 [Datanode State Machine Task Thread - 0] INFO  ha.SCMNodeInfo (SCMNodeInfo.java:getPort(197)) - ConfigKey ozone.scm.datanode.address is deprecated, For configuring different ports for each SCM use PortConfigKey ozone.scm.datanode.port appended with serviceId and nodeId
2022-03-02 19:00:09,268 [Datanode State Machine Task Thread - 0] INFO  datanode.InitDatanodeState (InitDatanodeState.java:persistContainerDatanodeDetails(138)) - DatanodeDetails is persisted to /home/runner/work/ozone/ozone/hadoop-ozone/integration-test/target/test-dir/MiniOzoneClusterImpl-5ed764c8-eddb-4368-ac32-9b8b311b51af/datanode-2/meta/datanode.id
2022-03-02 19:00:09,935 [EndpointStateMachine task thread for /127.0.0.1:38087 - 0 ] INFO  ipc.Client (Client.java:handleConnectionFailure(977)) - Retrying connect to server: localhost/127.0.0.1:38087. Already tried 10 time(s); retry policy is RetryUpToMaximumCountWithFixedSleep(maxRetries=15, sleepTime=1000 MILLISECONDS)
2022-03-02 19:00:09,940 [EndpointStateMachine task thread for /127.0.0.1:45277 - 0 ] INFO  ipc.Client (Client.java:handleConnectionFailure(977)) - Retrying connect to server: localhost/127.0.0.1:45277. Already tried 10 time(s); retry policy is RetryUpToMaximumCountWithFixedSleep(maxRetries=15, sleepTime=1000 MILLISECONDS)
2022-03-02 19:00:09,940 [EndpointStateMachine task thread for /127.0.0.1:35087 - 0 ] INFO  ipc.Client (Client.java:handleConnectionFailure(977)) - Retrying connect to server: localhost/127.0.0.1:35087. Already tried 10 time(s); retry policy is RetryUpToMaximumCountWithFixedSleep(maxRetries=15, sleepTime=1000 MILLISECONDS)
2022-03-02 19:00:10,202 [Listener at 127.0.0.1/42139] INFO  ozone.MiniOzoneClusterImpl (MiniOzoneClusterImpl.java:lambda$waitForClusterToBeReady$0(219)) - Waiting for nodes to be ready. Got 0 of 3 DN Heartbeats.
2022-03-02 19:00:10,202 [Listener at 127.0.0.1/42139] INFO  ozone.MiniOzoneClusterImpl (MiniOzoneClusterImpl.java:lambda$waitForClusterToBeReady$0(222)) - Waiting for cluster to exit safe mode
2022-03-02 19:00:10,202 [Listener at 127.0.0.1/42139] INFO  ozone.MiniOzoneClusterImpl (MiniOzoneClusterImpl.java:lambda$waitForClusterToBeReady$0(224)) - SCM became leader
2022-03-02 19:00:10,643 [EndpointStateMachine task thread for /127.0.0.1:39895 - 0 ] INFO  ozoneimpl.OzoneContainer (OzoneContainer.java:start(335)) - Attempting to start container services.
2022-03-02 19:00:10,643 [EndpointStateMachine task thread for /127.0.0.1:39895 - 0 ] INFO  ozoneimpl.OzoneContainer (OzoneContainer.java:startContainerScrub(270)) - Background container scanner has been disabled.
2022-03-02 19:00:10,643 [EndpointStateMachine task thread for /127.0.0.1:39895 - 0 ] INFO  replication.ReplicationServer (ReplicationServer.java:start(111)) - ReplicationServer is started using port 33043
2022-03-02 19:00:10,647 [EndpointStateMachine task thread for /127.0.0.1:39895 - 0 ] INFO  ratis.XceiverServerRatis (XceiverServerRatis.java:start(485)) - Starting XceiverServerRatis aa697790-8875-4a1b-830b-e84d121175f0
2022-03-02 19:00:10,651 [EndpointStateMachine task thread for /127.0.0.1:39895 - 0 ] INFO  server.RaftServer (RaftServerProxy.java:lambda$start$5(374)) - aa697790-8875-4a1b-830b-e84d121175f0: start RPC server
2022-03-02 19:00:10,652 [EndpointStateMachine task thread for /127.0.0.1:39895 - 0 ] INFO  server.GrpcService (GrpcService.java:startImpl(253)) - aa697790-8875-4a1b-830b-e84d121175f0: GrpcService started, listening on 40725
2022-03-02 19:00:10,652 [EndpointStateMachine task thread for /127.0.0.1:39895 - 0 ] INFO  ratis.XceiverServerRatis (XceiverServerRatis.java:getRealPort(506)) - XceiverServerRatis aa697790-8875-4a1b-830b-e84d121175f0 is started using port 40725 for RATIS
2022-03-02 19:00:10,652 [EndpointStateMachine task thread for /127.0.0.1:39895 - 0 ] INFO  ratis.XceiverServerRatis (XceiverServerRatis.java:getRealPort(506)) - XceiverServerRatis aa697790-8875-4a1b-830b-e84d121175f0 is started using port 40725 for RATIS_ADMIN
2022-03-02 19:00:10,652 [EndpointStateMachine task thread for /127.0.0.1:39895 - 0 ] INFO  ratis.XceiverServerRatis (XceiverServerRatis.java:getRealPort(506)) - XceiverServerRatis aa697790-8875-4a1b-830b-e84d121175f0 is started using port 40725 for RATIS_SERVER
2022-03-02 19:00:10,653 [org.apache.ratis.util.JvmPauseMonitor$$Lambda$503/666911607@1dc25d5] INFO  util.JvmPauseMonitor (JvmPauseMonitor.java:run(103)) - JvmPauseMonitor-aa697790-8875-4a1b-830b-e84d121175f0: Started
2022-03-02 19:00:10,654 [EndpointStateMachine task thread for /127.0.0.1:39895 - 0 ] INFO  server.XceiverServerGrpc (XceiverServerGrpc.java:start(180)) - XceiverServerGrpc aa697790-8875-4a1b-830b-e84d121175f0 is started using port 38453
2022-03-02 19:00:10,667 [EndpointStateMachine task thread for /127.0.0.1:32779 - 0 ] INFO  ozoneimpl.OzoneContainer (OzoneContainer.java:start(331)) - Ignore. OzoneContainer already started.
2022-03-02 19:00:10,922 [EndpointStateMachine task thread for /127.0.0.1:32779 - 0 ] INFO  ozoneimpl.OzoneContainer (OzoneContainer.java:start(335)) - Attempting to start container services.
2022-03-02 19:00:10,922 [EndpointStateMachine task thread for /127.0.0.1:32779 - 0 ] INFO  ozoneimpl.OzoneContainer (OzoneContainer.java:startContainerScrub(270)) - Background container scanner has been disabled.
2022-03-02 19:00:10,924 [EndpointStateMachine task thread for /127.0.0.1:32779 - 0 ] INFO  replication.ReplicationServer (ReplicationServer.java:start(111)) - ReplicationServer is started using port 33055
2022-03-02 19:00:10,928 [EndpointStateMachine task thread for /127.0.0.1:32779 - 0 ] INFO  ratis.XceiverServerRatis (XceiverServerRatis.java:start(485)) - Starting XceiverServerRatis a730aa12-8e10-43d5-9e4d-8226ddf6a853
2022-03-02 19:00:10,929 [EndpointStateMachine task thread for /127.0.0.1:32779 - 0 ] INFO  server.RaftServer (RaftServerProxy.java:lambda$start$5(374)) - a730aa12-8e10-43d5-9e4d-8226ddf6a853: start RPC server
2022-03-02 19:00:10,929 [EndpointStateMachine task thread for /127.0.0.1:32779 - 0 ] INFO  server.GrpcService (GrpcService.java:startImpl(253)) - a730aa12-8e10-43d5-9e4d-8226ddf6a853: GrpcService started, listening on 34023
2022-03-02 19:00:10,929 [EndpointStateMachine task thread for /127.0.0.1:32779 - 0 ] INFO  ratis.XceiverServerRatis (XceiverServerRatis.java:getRealPort(506)) - XceiverServerRatis a730aa12-8e10-43d5-9e4d-8226ddf6a853 is started using port 34023 for RATIS
2022-03-02 19:00:10,929 [EndpointStateMachine task thread for /127.0.0.1:32779 - 0 ] INFO  ratis.XceiverServerRatis (XceiverServerRatis.java:getRealPort(506)) - XceiverServerRatis a730aa12-8e10-43d5-9e4d-8226ddf6a853 is started using port 34023 for RATIS_ADMIN
2022-03-02 19:00:10,929 [EndpointStateMachine task thread for /127.0.0.1:32779 - 0 ] INFO  ratis.XceiverServerRatis (XceiverServerRatis.java:getRealPort(506)) - XceiverServerRatis a730aa12-8e10-43d5-9e4d-8226ddf6a853 is started using port 34023 for RATIS_SERVER
2022-03-02 19:00:10,930 [org.apache.ratis.util.JvmPauseMonitor$$Lambda$503/666911607@1d1c74e5] INFO  util.JvmPauseMonitor (JvmPauseMonitor.java:run(103)) - JvmPauseMonitor-a730aa12-8e10-43d5-9e4d-8226ddf6a853: Started
2022-03-02 19:00:10,930 [EndpointStateMachine task thread for /127.0.0.1:32779 - 0 ] INFO  server.XceiverServerGrpc (XceiverServerGrpc.java:start(180)) - XceiverServerGrpc a730aa12-8e10-43d5-9e4d-8226ddf6a853 is started using port 40333
2022-03-02 19:00:10,936 [EndpointStateMachine task thread for /127.0.0.1:38087 - 0 ] INFO  ipc.Client (Client.java:handleConnectionFailure(977)) - Retrying connect to server: localhost/127.0.0.1:38087. Already tried 11 time(s); retry policy is RetryUpToMaximumCountWithFixedSleep(maxRetries=15, sleepTime=1000 MILLISECONDS)
2022-03-02 19:00:10,937 [EndpointStateMachine task thread for /127.0.0.1:39895 - 0 ] INFO  ozoneimpl.OzoneContainer (OzoneContainer.java:start(331)) - Ignore. OzoneContainer already started.
2022-03-02 19:00:10,940 [EndpointStateMachine task thread for /127.0.0.1:45277 - 0 ] INFO  ipc.Client (Client.java:handleConnectionFailure(977)) - Retrying connect to server: localhost/127.0.0.1:45277. Already tried 11 time(s); retry policy is RetryUpToMaximumCountWithFixedSleep(maxRetries=15, sleepTime=1000 MILLISECONDS)
2022-03-02 19:00:10,943 [EndpointStateMachine task thread for /127.0.0.1:35087 - 0 ] INFO  ipc.Client (Client.java:handleConnectionFailure(977)) - Retrying connect to server: localhost/127.0.0.1:35087. Already tried 11 time(s); retry policy is RetryUpToMaximumCountWithFixedSleep(maxRetries=15, sleepTime=1000 MILLISECONDS)
2022-03-02 19:00:11,202 [Listener at 127.0.0.1/42139] INFO  ozone.MiniOzoneClusterImpl (MiniOzoneClusterImpl.java:lambda$waitForClusterToBeReady$0(219)) - Waiting for nodes to be ready. Got 0 of 3 DN Heartbeats.
2022-03-02 19:00:11,203 [Listener at 127.0.0.1/42139] INFO  ozone.MiniOzoneClusterImpl (MiniOzoneClusterImpl.java:lambda$waitForClusterToBeReady$0(222)) - Waiting for cluster to exit safe mode
2022-03-02 19:00:11,203 [Listener at 127.0.0.1/42139] INFO  ozone.MiniOzoneClusterImpl (MiniOzoneClusterImpl.java:lambda$waitForClusterToBeReady$0(224)) - SCM became leader
2022-03-02 19:00:11,267 [EndpointStateMachine task thread for /127.0.0.1:32779 - 0 ] INFO  ozoneimpl.OzoneContainer (OzoneContainer.java:start(335)) - Attempting to start container services.
2022-03-02 19:00:11,267 [EndpointStateMachine task thread for /127.0.0.1:32779 - 0 ] INFO  ozoneimpl.OzoneContainer (OzoneContainer.java:startContainerScrub(270)) - Background container scanner has been disabled.
2022-03-02 19:00:11,270 [EndpointStateMachine task thread for /127.0.0.1:32779 - 0 ] INFO  replication.ReplicationServer (ReplicationServer.java:start(111)) - ReplicationServer is started using port 43561
2022-03-02 19:00:11,288 [EndpointStateMachine task thread for /127.0.0.1:32779 - 0 ] INFO  ratis.XceiverServerRatis (XceiverServerRatis.java:start(485)) - Starting XceiverServerRatis b53c45b1-3941-4685-95cb-36e9d2366fdc
2022-03-02 19:00:11,299 [EndpointStateMachine task thread for /127.0.0.1:32779 - 0 ] INFO  server.RaftServer (RaftServerProxy.java:lambda$start$5(374)) - b53c45b1-3941-4685-95cb-36e9d2366fdc: start RPC server
2022-03-02 19:00:11,301 [EndpointStateMachine task thread for /127.0.0.1:32779 - 0 ] INFO  server.GrpcService (GrpcService.java:startImpl(253)) - b53c45b1-3941-4685-95cb-36e9d2366fdc: GrpcService started, listening on 36539
2022-03-02 19:00:11,306 [EndpointStateMachine task thread for /127.0.0.1:32779 - 0 ] INFO  ratis.XceiverServerRatis (XceiverServerRatis.java:getRealPort(506)) - XceiverServerRatis b53c45b1-3941-4685-95cb-36e9d2366fdc is started using port 36539 for RATIS
2022-03-02 19:00:11,307 [EndpointStateMachine task thread for /127.0.0.1:32779 - 0 ] INFO  ratis.XceiverServerRatis (XceiverServerRatis.java:getRealPort(506)) - XceiverServerRatis b53c45b1-3941-4685-95cb-36e9d2366fdc is started using port 36539 for RATIS_ADMIN
2022-03-02 19:00:11,307 [EndpointStateMachine task thread for /127.0.0.1:32779 - 0 ] INFO  ratis.XceiverServerRatis (XceiverServerRatis.java:getRealPort(506)) - XceiverServerRatis b53c45b1-3941-4685-95cb-36e9d2366fdc is started using port 36539 for RATIS_SERVER
2022-03-02 19:00:11,307 [org.apache.ratis.util.JvmPauseMonitor$$Lambda$503/666911607@60567961] INFO  util.JvmPauseMonitor (JvmPauseMonitor.java:run(103)) - JvmPauseMonitor-b53c45b1-3941-4685-95cb-36e9d2366fdc: Started
2022-03-02 19:00:11,308 [EndpointStateMachine task thread for /127.0.0.1:32779 - 0 ] INFO  server.XceiverServerGrpc (XceiverServerGrpc.java:start(180)) - XceiverServerGrpc b53c45b1-3941-4685-95cb-36e9d2366fdc is started using port 36361
2022-03-02 19:00:11,310 [EndpointStateMachine task thread for /127.0.0.1:39895 - 0 ] INFO  ozoneimpl.OzoneContainer (OzoneContainer.java:start(331)) - Ignore. OzoneContainer already started.
2022-03-02 19:00:11,936 [EndpointStateMachine task thread for /127.0.0.1:38087 - 0 ] INFO  ipc.Client (Client.java:handleConnectionFailure(977)) - Retrying connect to server: localhost/127.0.0.1:38087. Already tried 12 time(s); retry policy is RetryUpToMaximumCountWithFixedSleep(maxRetries=15, sleepTime=1000 MILLISECONDS)
2022-03-02 19:00:11,940 [EndpointStateMachine task thread for /127.0.0.1:45277 - 0 ] INFO  ipc.Client (Client.java:handleConnectionFailure(977)) - Retrying connect to server: localhost/127.0.0.1:45277. Already tried 12 time(s); retry policy is RetryUpToMaximumCountWithFixedSleep(maxRetries=15, sleepTime=1000 MILLISECONDS)
2022-03-02 19:00:11,944 [EndpointStateMachine task thread for /127.0.0.1:35087 - 0 ] INFO  ipc.Client (Client.java:handleConnectionFailure(977)) - Retrying connect to server: localhost/127.0.0.1:35087. Already tried 12 time(s); retry policy is RetryUpToMaximumCountWithFixedSleep(maxRetries=15, sleepTime=1000 MILLISECONDS)
2022-03-02 19:00:12,203 [Listener at 127.0.0.1/42139] INFO  ozone.MiniOzoneClusterImpl (MiniOzoneClusterImpl.java:lambda$waitForClusterToBeReady$0(219)) - Waiting for nodes to be ready. Got 0 of 3 DN Heartbeats.
2022-03-02 19:00:12,203 [Listener at 127.0.0.1/42139] INFO  ozone.MiniOzoneClusterImpl (MiniOzoneClusterImpl.java:lambda$waitForClusterToBeReady$0(222)) - Waiting for cluster to exit safe mode
2022-03-02 19:00:12,203 [Listener at 127.0.0.1/42139] INFO  ozone.MiniOzoneClusterImpl (MiniOzoneClusterImpl.java:lambda$waitForClusterToBeReady$0(224)) - SCM became leader
2022-03-02 19:00:12,618 [IPC Server handler 17 on default port 32779] INFO  net.NetworkTopologyImpl (NetworkTopologyImpl.java:add(112)) - Added a new node: /default-rack/aa697790-8875-4a1b-830b-e84d121175f0
2022-03-02 19:00:12,618 [IPC Server handler 17 on default port 32779] INFO  node.SCMNodeManager (SCMNodeManager.java:register(389)) - Registered Data node : aa697790-8875-4a1b-830b-e84d121175f0{ip: 127.0.0.1, host: localhost, ports: [REPLICATION=33043, RATIS=40725, RATIS_ADMIN=40725, RATIS_SERVER=40725, STANDALONE=38453], networkLocation: /default-rack, certSerialId: null, persistedOpState: null, persistedOpStateExpiryEpochSec: 0}
2022-03-02 19:00:12,620 [IPC Server handler 97 on default port 39895] INFO  net.NetworkTopologyImpl (NetworkTopologyImpl.java:add(112)) - Added a new node: /default-rack/aa697790-8875-4a1b-830b-e84d121175f0
2022-03-02 19:00:12,620 [IPC Server handler 97 on default port 39895] INFO  node.SCMNodeManager (SCMNodeManager.java:register(389)) - Registered Data node : aa697790-8875-4a1b-830b-e84d121175f0{ip: 127.0.0.1, host: localhost, ports: [REPLICATION=33043, RATIS=40725, RATIS_ADMIN=40725, RATIS_SERVER=40725, STANDALONE=38453], networkLocation: /default-rack, certSerialId: null, persistedOpState: null, persistedOpStateExpiryEpochSec: 0}
2022-03-02 19:00:12,625 [EventQueue-NodeRegistrationContainerReportForDataNodeSafeModeRule] INFO  safemode.SCMSafeModeManager (DataNodeSafeModeRule.java:process(71)) - SCM in safe mode. 1 DataNodes registered, 3 required.
2022-03-02 19:00:12,630 [EventQueue-NewNodeForNewNodeHandler] INFO  pipeline.BackgroundPipelineCreator (BackgroundPipelineCreator.java:notifyEventTriggered(279)) - ignore, not leader SCM.
2022-03-02 19:00:12,630 [EventQueue-NodeRegistrationContainerReportForContainerSafeModeRule] INFO  safemode.SCMSafeModeManager (SCMSafeModeManager.java:validateSafeModeExitRules(204)) - ContainerSafeModeRule rule is successfully validated
2022-03-02 19:00:12,630 [EventQueue-NewNodeForNewNodeHandler] INFO  pipeline.BackgroundPipelineCreator (BackgroundPipelineCreator.java:notifyEventTriggered(285)) - trigger a one-shot run on RatisPipelineUtilsThread.
2022-03-02 19:00:12,630 [EventQueue-NodeRegistrationContainerReportForDataNodeSafeModeRule] INFO  safemode.SCMSafeModeManager (DataNodeSafeModeRule.java:process(71)) - SCM in safe mode. 1 DataNodes registered, 3 required.
2022-03-02 19:00:12,630 [RatisPipelineUtilsThread - 0] INFO  pipeline.RatisPipelineProvider (RatisPipelineProvider.java:lambda$create$0(183)) - Sending CreatePipelineCommand for pipeline:PipelineID=2fb76785-e474-47ca-8e78-cc131612f07f to datanode:aa697790-8875-4a1b-830b-e84d121175f0
2022-03-02 19:00:12,633 [EventQueue-NodeRegistrationContainerReportForContainerSafeModeRule] INFO  safemode.SCMSafeModeManager (SCMSafeModeManager.java:validateSafeModeExitRules(204)) - ContainerSafeModeRule rule is successfully validated
2022-03-02 19:00:12,645 [EventQueue-PipelineReportForOneReplicaPipelineSafeModeRule] INFO  safemode.SCMSafeModeManager (SCMSafeModeManager.java:validateSafeModeExitRules(204)) - AtleastOneDatanodeReportedRule rule is successfully validated
2022-03-02 19:00:12,648 [EventQueue-PipelineReportForOneReplicaPipelineSafeModeRule] INFO  safemode.SCMSafeModeManager (SCMSafeModeManager.java:validateSafeModeExitRules(204)) - AtleastOneDatanodeReportedRule rule is successfully validated
2022-03-02 19:00:12,681 [f746044e-06a5-45c2-8175-96f1febdd987@group-9B8B311B51AF-StateMachineUpdater] INFO  pipeline.PipelineStateManagerImpl (PipelineStateManagerImpl.java:addPipeline(101)) - Created pipeline Pipeline[ Id: 2fb76785-e474-47ca-8e78-cc131612f07f, Nodes: aa697790-8875-4a1b-830b-e84d121175f0{ip: 127.0.0.1, host: localhost, ports: [REPLICATION=33043, RATIS=40725, RATIS_ADMIN=40725, RATIS_SERVER=40725, STANDALONE=38453], networkLocation: /default-rack, certSerialId: null, persistedOpState: IN_SERVICE, persistedOpStateExpiryEpochSec: 0}, ReplicationConfig: RATIS/ONE, State:ALLOCATED, leaderId:, CreationTimestamp2022-03-02T19:00:12.630Z[Etc/UTC]].
2022-03-02 19:00:12,681 [f746044e-06a5-45c2-8175-96f1febdd987@group-9B8B311B51AF-StateMachineUpdater] INFO  safemode.HealthyPipelineSafeModeRule (HealthyPipelineSafeModeRule.java:initializeRule(152)) - Refreshed total pipeline count is 0, healthy pipeline threshold count is 1
2022-03-02 19:00:12,685 [3b6c5475-24e7-4d17-bb16-57441daa5342@group-9B8B311B51AF-StateMachineUpdater] INFO  pipeline.PipelineStateManagerImpl (PipelineStateManagerImpl.java:addPipeline(101)) - Created pipeline Pipeline[ Id: 2fb76785-e474-47ca-8e78-cc131612f07f, Nodes: aa697790-8875-4a1b-830b-e84d121175f0{ip: 127.0.0.1, host: localhost, ports: [REPLICATION=33043, RATIS=40725, RATIS_ADMIN=40725, RATIS_SERVER=40725, STANDALONE=38453], networkLocation: /default-rack, certSerialId: null, persistedOpState: IN_SERVICE, persistedOpStateExpiryEpochSec: 0}, ReplicationConfig: RATIS/ONE, State:ALLOCATED, leaderId:, CreationTimestamp2022-03-02T19:00:12.630Z[Etc/UTC]].
2022-03-02 19:00:12,685 [3b6c5475-24e7-4d17-bb16-57441daa5342@group-9B8B311B51AF-StateMachineUpdater] INFO  safemode.HealthyPipelineSafeModeRule (HealthyPipelineSafeModeRule.java:initializeRule(152)) - Refreshed total pipeline count is 0, healthy pipeline threshold count is 1
2022-03-02 19:00:12,686 [3b6c5475-24e7-4d17-bb16-57441daa5342@group-9B8B311B51AF-StateMachineUpdater] INFO  ha.SCMStateMachine (SCMStateMachine.java:takeSnapshot(297)) - Current Snapshot Index 7, takeSnapshot took 0 ms
2022-03-02 19:00:12,686 [3b6c5475-24e7-4d17-bb16-57441daa5342@group-9B8B311B51AF-StateMachineUpdater] INFO  impl.StateMachineUpdater (StateMachineUpdater.java:takeSnapshot(281)) - 3b6c5475-24e7-4d17-bb16-57441daa5342@group-9B8B311B51AF-StateMachineUpdater: Took a snapshot at index 7
2022-03-02 19:00:12,686 [3b6c5475-24e7-4d17-bb16-57441daa5342@group-9B8B311B51AF-StateMachineUpdater] INFO  impl.StateMachineUpdater (StateMachineUpdater.java:lambda$new$0(89)) - 3b6c5475-24e7-4d17-bb16-57441daa5342@group-9B8B311B51AF-StateMachineUpdater: snapshotIndex: updateIncreasingly 2 -> 7
2022-03-02 19:00:12,686 [3b6c5475-24e7-4d17-bb16-57441daa5342@group-9B8B311B51AF-StateMachineUpdater] INFO  raftlog.RaftLog (RaftLogBase.java:purge(306)) - 3b6c5475-24e7-4d17-bb16-57441daa5342@group-9B8B311B51AF-SegmentedRaftLog: purge 7
2022-03-02 19:00:12,686 [3b6c5475-24e7-4d17-bb16-57441daa5342@group-9B8B311B51AF-StateMachineUpdater] INFO  raftlog.RaftLog (RaftLogBase.java:lambda$new$0(53)) - 3b6c5475-24e7-4d17-bb16-57441daa5342@group-9B8B311B51AF-SegmentedRaftLog: snapshotIndex: updateIncreasingly 2 -> 7
2022-03-02 19:00:12,686 [3b6c5475-24e7-4d17-bb16-57441daa5342@group-9B8B311B51AF-StateMachineUpdater] INFO  raftlog.RaftLog (RaftLogBase.java:lambda$new$0(53)) - 3b6c5475-24e7-4d17-bb16-57441daa5342@group-9B8B311B51AF-SegmentedRaftLog: purgeIndex: updateToMax old=-1, new=7, updated? true
2022-03-02 19:00:12,920 [IPC Server handler 92 on default port 39895] INFO  net.NetworkTopologyImpl (NetworkTopologyImpl.java:add(112)) - Added a new node: /default-rack/a730aa12-8e10-43d5-9e4d-8226ddf6a853
2022-03-02 19:00:12,920 [IPC Server handler 92 on default port 39895] INFO  node.SCMNodeManager (SCMNodeManager.java:register(389)) - Registered Data node : a730aa12-8e10-43d5-9e4d-8226ddf6a853{ip: 127.0.0.1, host: localhost, ports: [REPLICATION=33055, RATIS=34023, RATIS_ADMIN=34023, RATIS_SERVER=34023, STANDALONE=40333], networkLocation: /default-rack, certSerialId: null, persistedOpState: null, persistedOpStateExpiryEpochSec: 0}
2022-03-02 19:00:12,922 [EventQueue-NewNodeForNewNodeHandler] INFO  pipeline.BackgroundPipelineCreator (BackgroundPipelineCreator.java:notifyEventTriggered(285)) - trigger a one-shot run on RatisPipelineUtilsThread.
2022-03-02 19:00:12,922 [EventQueue-NodeRegistrationContainerReportForDataNodeSafeModeRule] INFO  safemode.SCMSafeModeManager (DataNodeSafeModeRule.java:process(71)) - SCM in safe mode. 2 DataNodes registered, 3 required.
2022-03-02 19:00:12,923 [RatisPipelineUtilsThread - 0] INFO  pipeline.RatisPipelineProvider (RatisPipelineProvider.java:lambda$create$0(183)) - Sending CreatePipelineCommand for pipeline:PipelineID=3f8e55f4-a5a5-4878-a257-641bc78b3513 to datanode:a730aa12-8e10-43d5-9e4d-8226ddf6a853
2022-03-02 19:00:12,924 [IPC Server handler 18 on default port 32779] INFO  net.NetworkTopologyImpl (NetworkTopologyImpl.java:add(112)) - Added a new node: /default-rack/a730aa12-8e10-43d5-9e4d-8226ddf6a853
2022-03-02 19:00:12,925 [IPC Server handler 18 on default port 32779] INFO  node.SCMNodeManager (SCMNodeManager.java:register(389)) - Registered Data node : a730aa12-8e10-43d5-9e4d-8226ddf6a853{ip: 127.0.0.1, host: localhost, ports: [REPLICATION=33055, RATIS=34023, RATIS_ADMIN=34023, RATIS_SERVER=34023, STANDALONE=40333], networkLocation: /default-rack, certSerialId: null, persistedOpState: null, persistedOpStateExpiryEpochSec: 0}
2022-03-02 19:00:12,925 [EventQueue-NodeRegistrationContainerReportForDataNodeSafeModeRule] INFO  safemode.SCMSafeModeManager (DataNodeSafeModeRule.java:process(71)) - SCM in safe mode. 2 DataNodes registered, 3 required.
2022-03-02 19:00:12,927 [EventQueue-NewNodeForNewNodeHandler] INFO  pipeline.BackgroundPipelineCreator (BackgroundPipelineCreator.java:notifyEventTriggered(279)) - ignore, not leader SCM.
2022-03-02 19:00:12,933 [f746044e-06a5-45c2-8175-96f1febdd987@group-9B8B311B51AF-StateMachineUpdater] INFO  pipeline.PipelineStateManagerImpl (PipelineStateManagerImpl.java:addPipeline(101)) - Created pipeline Pipeline[ Id: 3f8e55f4-a5a5-4878-a257-641bc78b3513, Nodes: a730aa12-8e10-43d5-9e4d-8226ddf6a853{ip: 127.0.0.1, host: localhost, ports: [REPLICATION=33055, RATIS=34023, RATIS_ADMIN=34023, RATIS_SERVER=34023, STANDALONE=40333], networkLocation: /default-rack, certSerialId: null, persistedOpState: IN_SERVICE, persistedOpStateExpiryEpochSec: 0}, ReplicationConfig: RATIS/ONE, State:ALLOCATED, leaderId:, CreationTimestamp2022-03-02T19:00:12.923Z[Etc/UTC]].
2022-03-02 19:00:12,933 [f746044e-06a5-45c2-8175-96f1febdd987@group-9B8B311B51AF-StateMachineUpdater] INFO  safemode.HealthyPipelineSafeModeRule (HealthyPipelineSafeModeRule.java:initializeRule(152)) - Refreshed total pipeline count is 0, healthy pipeline threshold count is 1
2022-03-02 19:00:12,936 [3b6c5475-24e7-4d17-bb16-57441daa5342@group-9B8B311B51AF-StateMachineUpdater] INFO  pipeline.PipelineStateManagerImpl (PipelineStateManagerImpl.java:addPipeline(101)) - Created pipeline Pipeline[ Id: 3f8e55f4-a5a5-4878-a257-641bc78b3513, Nodes: a730aa12-8e10-43d5-9e4d-8226ddf6a853{ip: 127.0.0.1, host: localhost, ports: [REPLICATION=33055, RATIS=34023, RATIS_ADMIN=34023, RATIS_SERVER=34023, STANDALONE=40333], networkLocation: /default-rack, certSerialId: null, persistedOpState: IN_SERVICE, persistedOpStateExpiryEpochSec: 0}, ReplicationConfig: RATIS/ONE, State:ALLOCATED, leaderId:, CreationTimestamp2022-03-02T19:00:12.923Z[Etc/UTC]].
2022-03-02 19:00:12,936 [3b6c5475-24e7-4d17-bb16-57441daa5342@group-9B8B311B51AF-StateMachineUpdater] INFO  safemode.HealthyPipelineSafeModeRule (HealthyPipelineSafeModeRule.java:initializeRule(152)) - Refreshed total pipeline count is 0, healthy pipeline threshold count is 1
2022-03-02 19:00:12,937 [f746044e-06a5-45c2-8175-96f1febdd987@group-9B8B311B51AF-StateMachineUpdater] INFO  ha.SCMStateMachine (SCMStateMachine.java:takeSnapshot(297)) - Current Snapshot Index 10, takeSnapshot took 0 ms
2022-03-02 19:00:12,937 [f746044e-06a5-45c2-8175-96f1febdd987@group-9B8B311B51AF-StateMachineUpdater] INFO  impl.StateMachineUpdater (StateMachineUpdater.java:takeSnapshot(281)) - f746044e-06a5-45c2-8175-96f1febdd987@group-9B8B311B51AF-StateMachineUpdater: Took a snapshot at index 10
2022-03-02 19:00:12,937 [f746044e-06a5-45c2-8175-96f1febdd987@group-9B8B311B51AF-StateMachineUpdater] INFO  impl.StateMachineUpdater (StateMachineUpdater.java:lambda$new$0(89)) - f746044e-06a5-45c2-8175-96f1febdd987@group-9B8B311B51AF-StateMachineUpdater: snapshotIndex: updateIncreasingly 5 -> 10
2022-03-02 19:00:12,937 [f746044e-06a5-45c2-8175-96f1febdd987@group-9B8B311B51AF-StateMachineUpdater] INFO  raftlog.RaftLog (RaftLogBase.java:purge(306)) - f746044e-06a5-45c2-8175-96f1febdd987@group-9B8B311B51AF-SegmentedRaftLog: purge 10
2022-03-02 19:00:12,937 [f746044e-06a5-45c2-8175-96f1febdd987@group-9B8B311B51AF-StateMachineUpdater] INFO  raftlog.RaftLog (RaftLogBase.java:lambda$new$0(53)) - f746044e-06a5-45c2-8175-96f1febdd987@group-9B8B311B51AF-SegmentedRaftLog: snapshotIndex: updateIncreasingly 5 -> 10
2022-03-02 19:00:12,937 [f746044e-06a5-45c2-8175-96f1febdd987@group-9B8B311B51AF-StateMachineUpdater] INFO  raftlog.RaftLog (RaftLogBase.java:lambda$new$0(53)) - f746044e-06a5-45c2-8175-96f1febdd987@group-9B8B311B51AF-SegmentedRaftLog: purgeIndex: updateToMax old=0, new=10, updated? true
2022-03-02 19:00:12,938 [EndpointStateMachine task thread for /127.0.0.1:38087 - 0 ] INFO  ipc.Client (Client.java:handleConnectionFailure(977)) - Retrying connect to server: localhost/127.0.0.1:38087. Already tried 13 time(s); retry policy is RetryUpToMaximumCountWithFixedSleep(maxRetries=15, sleepTime=1000 MILLISECONDS)
2022-03-02 19:00:12,941 [EndpointStateMachine task thread for /127.0.0.1:45277 - 0 ] INFO  ipc.Client (Client.java:handleConnectionFailure(977)) - Retrying connect to server: localhost/127.0.0.1:45277. Already tried 13 time(s); retry policy is RetryUpToMaximumCountWithFixedSleep(maxRetries=15, sleepTime=1000 MILLISECONDS)
2022-03-02 19:00:12,944 [EndpointStateMachine task thread for /127.0.0.1:35087 - 0 ] INFO  ipc.Client (Client.java:handleConnectionFailure(977)) - Retrying connect to server: localhost/127.0.0.1:35087. Already tried 13 time(s); retry policy is RetryUpToMaximumCountWithFixedSleep(maxRetries=15, sleepTime=1000 MILLISECONDS)
2022-03-02 19:00:13,204 [Listener at 127.0.0.1/42139] INFO  ozone.MiniOzoneClusterImpl (MiniOzoneClusterImpl.java:lambda$waitForClusterToBeReady$0(219)) - Waiting for nodes to be ready. Got 2 of 3 DN Heartbeats.
2022-03-02 19:00:13,204 [Listener at 127.0.0.1/42139] INFO  ozone.MiniOzoneClusterImpl (MiniOzoneClusterImpl.java:lambda$waitForClusterToBeReady$0(222)) - Waiting for cluster to exit safe mode
2022-03-02 19:00:13,204 [Listener at 127.0.0.1/42139] INFO  ozone.MiniOzoneClusterImpl (MiniOzoneClusterImpl.java:lambda$waitForClusterToBeReady$0(224)) - SCM became leader
2022-03-02 19:00:13,263 [IPC Server handler 96 on default port 39895] INFO  net.NetworkTopologyImpl (NetworkTopologyImpl.java:add(112)) - Added a new node: /default-rack/b53c45b1-3941-4685-95cb-36e9d2366fdc
2022-03-02 19:00:13,264 [IPC Server handler 96 on default port 39895] INFO  node.SCMNodeManager (SCMNodeManager.java:register(389)) - Registered Data node : b53c45b1-3941-4685-95cb-36e9d2366fdc{ip: 127.0.0.1, host: localhost, ports: [REPLICATION=43561, RATIS=36539, RATIS_ADMIN=36539, RATIS_SERVER=36539, STANDALONE=36361], networkLocation: /default-rack, certSerialId: null, persistedOpState: null, persistedOpStateExpiryEpochSec: 0}
2022-03-02 19:00:13,266 [EventQueue-NewNodeForNewNodeHandler] INFO  pipeline.BackgroundPipelineCreator (BackgroundPipelineCreator.java:notifyEventTriggered(285)) - trigger a one-shot run on RatisPipelineUtilsThread.
2022-03-02 19:00:13,266 [IPC Server handler 17 on default port 32779] INFO  net.NetworkTopologyImpl (NetworkTopologyImpl.java:add(112)) - Added a new node: /default-rack/b53c45b1-3941-4685-95cb-36e9d2366fdc
2022-03-02 19:00:13,266 [IPC Server handler 17 on default port 32779] INFO  node.SCMNodeManager (SCMNodeManager.java:register(389)) - Registered Data node : b53c45b1-3941-4685-95cb-36e9d2366fdc{ip: 127.0.0.1, host: localhost, ports: [REPLICATION=43561, RATIS=36539, RATIS_ADMIN=36539, RATIS_SERVER=36539, STANDALONE=36361], networkLocation: /default-rack, certSerialId: null, persistedOpState: null, persistedOpStateExpiryEpochSec: 0}
2022-03-02 19:00:13,266 [EventQueue-NewNodeForNewNodeHandler] INFO  pipeline.BackgroundPipelineCreator (BackgroundPipelineCreator.java:notifyEventTriggered(279)) - ignore, not leader SCM.
2022-03-02 19:00:13,269 [EventQueue-NodeRegistrationContainerReportForDataNodeSafeModeRule] INFO  safemode.SCMSafeModeManager (DataNodeSafeModeRule.java:process(71)) - SCM in safe mode. 3 DataNodes registered, 3 required.
2022-03-02 19:00:13,269 [EventQueue-NodeRegistrationContainerReportForDataNodeSafeModeRule] INFO  safemode.SCMSafeModeManager (SCMSafeModeManager.java:validateSafeModeExitRules(204)) - DataNodeSafeModeRule rule is successfully validated
2022-03-02 19:00:13,269 [EventQueue-NodeRegistrationContainerReportForDataNodeSafeModeRule] INFO  safemode.SCMSafeModeManager (SCMSafeModeManager.java:completePreCheck(233)) - All SCM safe mode pre check rules have passed
2022-03-02 19:00:13,269 [EventQueue-NodeRegistrationContainerReportForDataNodeSafeModeRule] WARN  events.EventQueue (EventQueue.java:fireEvent(194)) - No event handler registered for event TypedEvent{payloadType=SafeModeStatus, name='Safe mode status'}
2022-03-02 19:00:13,269 [EventQueue-NodeRegistrationContainerReportForDataNodeSafeModeRule] INFO  ha.SCMContext (SCMContext.java:updateSafeModeStatus(211)) - Update SafeModeStatus from SafeModeStatus{safeModeStatus=true, preCheckPassed=false} to SafeModeStatus{safeModeStatus=true, preCheckPassed=true}.
2022-03-02 19:00:13,269 [EventQueue-NodeRegistrationContainerReportForDataNodeSafeModeRule] INFO  pipeline.BackgroundPipelineCreator (BackgroundPipelineCreator.java:notifyEventTriggered(285)) - trigger a one-shot run on RatisPipelineUtilsThread.
2022-03-02 19:00:13,282 [EventQueue-NodeRegistrationContainerReportForDataNodeSafeModeRule] INFO  safemode.SCMSafeModeManager (DataNodeSafeModeRule.java:process(71)) - SCM in safe mode. 3 DataNodes registered, 3 required.
2022-03-02 19:00:13,282 [EventQueue-NodeRegistrationContainerReportForDataNodeSafeModeRule] INFO  safemode.SCMSafeModeManager (SCMSafeModeManager.java:validateSafeModeExitRules(204)) - DataNodeSafeModeRule rule is successfully validated
2022-03-02 19:00:13,282 [EventQueue-NodeRegistrationContainerReportForDataNodeSafeModeRule] INFO  safemode.SCMSafeModeManager (SCMSafeModeManager.java:completePreCheck(233)) - All SCM safe mode pre check rules have passed
2022-03-02 19:00:13,282 [EventQueue-NodeRegistrationContainerReportForDataNodeSafeModeRule] WARN  events.EventQueue (EventQueue.java:fireEvent(194)) - No event handler registered for event TypedEvent{payloadType=SafeModeStatus, name='Safe mode status'}
2022-03-02 19:00:13,282 [EventQueue-NodeRegistrationContainerReportForDataNodeSafeModeRule] INFO  ha.SCMContext (SCMContext.java:updateSafeModeStatus(211)) - Update SafeModeStatus from SafeModeStatus{safeModeStatus=true, preCheckPassed=false} to SafeModeStatus{safeModeStatus=true, preCheckPassed=true}.
2022-03-02 19:00:13,282 [EventQueue-NodeRegistrationContainerReportForDataNodeSafeModeRule] INFO  pipeline.BackgroundPipelineCreator (BackgroundPipelineCreator.java:notifyEventTriggered(279)) - ignore, not leader SCM.
2022-03-02 19:00:13,282 [RatisPipelineUtilsThread - 0] INFO  pipeline.RatisPipelineProvider (RatisPipelineProvider.java:lambda$create$0(183)) - Sending CreatePipelineCommand for pipeline:PipelineID=f9e34270-85ae-40a1-81c0-b510ef1058ba to datanode:b53c45b1-3941-4685-95cb-36e9d2366fdc
2022-03-02 19:00:13,290 [f746044e-06a5-45c2-8175-96f1febdd987@group-9B8B311B51AF-StateMachineUpdater] INFO  pipeline.PipelineStateManagerImpl (PipelineStateManagerImpl.java:addPipeline(101)) - Created pipeline Pipeline[ Id: f9e34270-85ae-40a1-81c0-b510ef1058ba, Nodes: b53c45b1-3941-4685-95cb-36e9d2366fdc{ip: 127.0.0.1, host: localhost, ports: [REPLICATION=43561, RATIS=36539, RATIS_ADMIN=36539, RATIS_SERVER=36539, STANDALONE=36361], networkLocation: /default-rack, certSerialId: null, persistedOpState: IN_SERVICE, persistedOpStateExpiryEpochSec: 0}, ReplicationConfig: RATIS/ONE, State:ALLOCATED, leaderId:, CreationTimestamp2022-03-02T19:00:13.282Z[Etc/UTC]].
2022-03-02 19:00:13,290 [f746044e-06a5-45c2-8175-96f1febdd987@group-9B8B311B51AF-StateMachineUpdater] INFO  safemode.HealthyPipelineSafeModeRule (HealthyPipelineSafeModeRule.java:initializeRule(152)) - Refreshed total pipeline count is 0, healthy pipeline threshold count is 1
2022-03-02 19:00:13,291 [RatisPipelineUtilsThread - 0] INFO  pipeline.RatisPipelineProvider (RatisPipelineProvider.java:lambda$create$0(183)) - Sending CreatePipelineCommand for pipeline:PipelineID=b9eebb0d-29d0-4ad9-86a2-1a55feb1424c to datanode:aa697790-8875-4a1b-830b-e84d121175f0
2022-03-02 19:00:13,291 [RatisPipelineUtilsThread - 0] INFO  pipeline.RatisPipelineProvider (RatisPipelineProvider.java:lambda$create$0(183)) - Sending CreatePipelineCommand for pipeline:PipelineID=b9eebb0d-29d0-4ad9-86a2-1a55feb1424c to datanode:b53c45b1-3941-4685-95cb-36e9d2366fdc
2022-03-02 19:00:13,291 [RatisPipelineUtilsThread - 0] INFO  pipeline.RatisPipelineProvider (RatisPipelineProvider.java:lambda$create$0(183)) - Sending CreatePipelineCommand for pipeline:PipelineID=b9eebb0d-29d0-4ad9-86a2-1a55feb1424c to datanode:a730aa12-8e10-43d5-9e4d-8226ddf6a853
2022-03-02 19:00:13,296 [3b6c5475-24e7-4d17-bb16-57441daa5342@group-9B8B311B51AF-StateMachineUpdater] INFO  pipeline.PipelineStateManagerImpl (PipelineStateManagerImpl.java:addPipeline(101)) - Created pipeline Pipeline[ Id: f9e34270-85ae-40a1-81c0-b510ef1058ba, Nodes: b53c45b1-3941-4685-95cb-36e9d2366fdc{ip: 127.0.0.1, host: localhost, ports: [REPLICATION=43561, RATIS=36539, RATIS_ADMIN=36539, RATIS_SERVER=36539, STANDALONE=36361], networkLocation: /default-rack, certSerialId: null, persistedOpState: IN_SERVICE, persistedOpStateExpiryEpochSec: 0}, ReplicationConfig: RATIS/ONE, State:ALLOCATED, leaderId:, CreationTimestamp2022-03-02T19:00:13.282Z[Etc/UTC]].
2022-03-02 19:00:13,296 [3b6c5475-24e7-4d17-bb16-57441daa5342@group-9B8B311B51AF-StateMachineUpdater] INFO  safemode.HealthyPipelineSafeModeRule (HealthyPipelineSafeModeRule.java:initializeRule(152)) - Refreshed total pipeline count is 0, healthy pipeline threshold count is 1
2022-03-02 19:00:13,298 [f746044e-06a5-45c2-8175-96f1febdd987@group-9B8B311B51AF-StateMachineUpdater] INFO  pipeline.PipelineStateManagerImpl (PipelineStateManagerImpl.java:addPipeline(101)) - Created pipeline Pipeline[ Id: b9eebb0d-29d0-4ad9-86a2-1a55feb1424c, Nodes: aa697790-8875-4a1b-830b-e84d121175f0{ip: 127.0.0.1, host: localhost, ports: [REPLICATION=33043, RATIS=40725, RATIS_ADMIN=40725, RATIS_SERVER=40725, STANDALONE=38453], networkLocation: /default-rack, certSerialId: null, persistedOpState: IN_SERVICE, persistedOpStateExpiryEpochSec: 0}b53c45b1-3941-4685-95cb-36e9d2366fdc{ip: 127.0.0.1, host: localhost, ports: [REPLICATION=43561, RATIS=36539, RATIS_ADMIN=36539, RATIS_SERVER=36539, STANDALONE=36361], networkLocation: /default-rack, certSerialId: null, persistedOpState: IN_SERVICE, persistedOpStateExpiryEpochSec: 0}a730aa12-8e10-43d5-9e4d-8226ddf6a853{ip: 127.0.0.1, host: localhost, ports: [REPLICATION=33055, RATIS=34023, RATIS_ADMIN=34023, RATIS_SERVER=34023, STANDALONE=40333], networkLocation: /default-rack, certSerialId: null, persistedOpState: IN_SERVICE, persistedOpStateExpiryEpochSec: 0}, ReplicationConfig: RATIS/THREE, State:ALLOCATED, leaderId:, CreationTimestamp2022-03-02T19:00:13.291Z[Etc/UTC]].
2022-03-02 19:00:13,298 [f746044e-06a5-45c2-8175-96f1febdd987@group-9B8B311B51AF-StateMachineUpdater] INFO  safemode.HealthyPipelineSafeModeRule (HealthyPipelineSafeModeRule.java:initializeRule(152)) - Refreshed total pipeline count is 0, healthy pipeline threshold count is 1
2022-03-02 19:00:13,299 [RatisPipelineUtilsThread - 0] INFO  pipeline.RatisPipelineProvider (RatisPipelineProvider.java:lambda$create$0(183)) - Sending CreatePipelineCommand for pipeline:PipelineID=bff1bd11-539b-4edf-98de-c4b1a2effcb1 to datanode:aa697790-8875-4a1b-830b-e84d121175f0
2022-03-02 19:00:13,299 [RatisPipelineUtilsThread - 0] INFO  pipeline.RatisPipelineProvider (RatisPipelineProvider.java:lambda$create$0(183)) - Sending CreatePipelineCommand for pipeline:PipelineID=bff1bd11-539b-4edf-98de-c4b1a2effcb1 to datanode:a730aa12-8e10-43d5-9e4d-8226ddf6a853
2022-03-02 19:00:13,299 [RatisPipelineUtilsThread - 0] INFO  pipeline.RatisPipelineProvider (RatisPipelineProvider.java:lambda$create$0(183)) - Sending CreatePipelineCommand for pipeline:PipelineID=bff1bd11-539b-4edf-98de-c4b1a2effcb1 to datanode:b53c45b1-3941-4685-95cb-36e9d2366fdc
2022-03-02 19:00:13,306 [3b6c5475-24e7-4d17-bb16-57441daa5342@group-9B8B311B51AF-StateMachineUpdater] INFO  pipeline.PipelineStateManagerImpl (PipelineStateManagerImpl.java:addPipeline(101)) - Created pipeline Pipeline[ Id: b9eebb0d-29d0-4ad9-86a2-1a55feb1424c, Nodes: aa697790-8875-4a1b-830b-e84d121175f0{ip: 127.0.0.1, host: localhost, ports: [REPLICATION=33043, RATIS=40725, RATIS_ADMIN=40725, RATIS_SERVER=40725, STANDALONE=38453], networkLocation: /default-rack, certSerialId: null, persistedOpState: IN_SERVICE, persistedOpStateExpiryEpochSec: 0}b53c45b1-3941-4685-95cb-36e9d2366fdc{ip: 127.0.0.1, host: localhost, ports: [REPLICATION=43561, RATIS=36539, RATIS_ADMIN=36539, RATIS_SERVER=36539, STANDALONE=36361], networkLocation: /default-rack, certSerialId: null, persistedOpState: IN_SERVICE, persistedOpStateExpiryEpochSec: 0}a730aa12-8e10-43d5-9e4d-8226ddf6a853{ip: 127.0.0.1, host: localhost, ports: [REPLICATION=33055, RATIS=34023, RATIS_ADMIN=34023, RATIS_SERVER=34023, STANDALONE=40333], networkLocation: /default-rack, certSerialId: null, persistedOpState: IN_SERVICE, persistedOpStateExpiryEpochSec: 0}, ReplicationConfig: RATIS/THREE, State:ALLOCATED, leaderId:, CreationTimestamp2022-03-02T19:00:13.291Z[Etc/UTC]].
2022-03-02 19:00:13,306 [3b6c5475-24e7-4d17-bb16-57441daa5342@group-9B8B311B51AF-StateMachineUpdater] INFO  safemode.HealthyPipelineSafeModeRule (HealthyPipelineSafeModeRule.java:initializeRule(152)) - Refreshed total pipeline count is 0, healthy pipeline threshold count is 1
2022-03-02 19:00:13,306 [3b6c5475-24e7-4d17-bb16-57441daa5342@group-9B8B311B51AF-StateMachineUpdater] INFO  ha.SCMStateMachine (SCMStateMachine.java:takeSnapshot(297)) - Current Snapshot Index 13, takeSnapshot took 0 ms
2022-03-02 19:00:13,306 [3b6c5475-24e7-4d17-bb16-57441daa5342@group-9B8B311B51AF-StateMachineUpdater] INFO  impl.StateMachineUpdater (StateMachineUpdater.java:takeSnapshot(281)) - 3b6c5475-24e7-4d17-bb16-57441daa5342@group-9B8B311B51AF-StateMachineUpdater: Took a snapshot at index 13
2022-03-02 19:00:13,307 [3b6c5475-24e7-4d17-bb16-57441daa5342@group-9B8B311B51AF-StateMachineUpdater] INFO  impl.StateMachineUpdater (StateMachineUpdater.java:lambda$new$0(89)) - 3b6c5475-24e7-4d17-bb16-57441daa5342@group-9B8B311B51AF-StateMachineUpdater: snapshotIndex: updateIncreasingly 7 -> 13
2022-03-02 19:00:13,307 [3b6c5475-24e7-4d17-bb16-57441daa5342@group-9B8B311B51AF-StateMachineUpdater] INFO  raftlog.RaftLog (RaftLogBase.java:purge(306)) - 3b6c5475-24e7-4d17-bb16-57441daa5342@group-9B8B311B51AF-SegmentedRaftLog: purge 13
2022-03-02 19:00:13,307 [3b6c5475-24e7-4d17-bb16-57441daa5342@group-9B8B311B51AF-StateMachineUpdater] INFO  raftlog.RaftLog (RaftLogBase.java:lambda$new$0(53)) - 3b6c5475-24e7-4d17-bb16-57441daa5342@group-9B8B311B51AF-SegmentedRaftLog: snapshotIndex: updateIncreasingly 7 -> 13
2022-03-02 19:00:13,307 [3b6c5475-24e7-4d17-bb16-57441daa5342@group-9B8B311B51AF-StateMachineUpdater] INFO  raftlog.RaftLog (RaftLogBase.java:lambda$new$0(53)) - 3b6c5475-24e7-4d17-bb16-57441daa5342@group-9B8B311B51AF-SegmentedRaftLog: purgeIndex: updateToMax old=7, new=13, updated? true
2022-03-02 19:00:13,310 [f746044e-06a5-45c2-8175-96f1febdd987@group-9B8B311B51AF-StateMachineUpdater] INFO  pipeline.PipelineStateManagerImpl (PipelineStateManagerImpl.java:addPipeline(101)) - Created pipeline Pipeline[ Id: bff1bd11-539b-4edf-98de-c4b1a2effcb1, Nodes: aa697790-8875-4a1b-830b-e84d121175f0{ip: 127.0.0.1, host: localhost, ports: [REPLICATION=33043, RATIS=40725, RATIS_ADMIN=40725, RATIS_SERVER=40725, STANDALONE=38453], networkLocation: /default-rack, certSerialId: null, persistedOpState: IN_SERVICE, persistedOpStateExpiryEpochSec: 0}a730aa12-8e10-43d5-9e4d-8226ddf6a853{ip: 127.0.0.1, host: localhost, ports: [REPLICATION=33055, RATIS=34023, RATIS_ADMIN=34023, RATIS_SERVER=34023, STANDALONE=40333], networkLocation: /default-rack, certSerialId: null, persistedOpState: IN_SERVICE, persistedOpStateExpiryEpochSec: 0}b53c45b1-3941-4685-95cb-36e9d2366fdc{ip: 127.0.0.1, host: localhost, ports: [REPLICATION=43561, RATIS=36539, RATIS_ADMIN=36539, RATIS_SERVER=36539, STANDALONE=36361], networkLocation: /default-rack, certSerialId: null, persistedOpState: IN_SERVICE, persistedOpStateExpiryEpochSec: 0}, ReplicationConfig: RATIS/THREE, State:ALLOCATED, leaderId:, CreationTimestamp2022-03-02T19:00:13.299Z[Etc/UTC]].
2022-03-02 19:00:13,310 [f746044e-06a5-45c2-8175-96f1febdd987@group-9B8B311B51AF-StateMachineUpdater] INFO  safemode.HealthyPipelineSafeModeRule (HealthyPipelineSafeModeRule.java:initializeRule(152)) - Refreshed total pipeline count is 0, healthy pipeline threshold count is 1
2022-03-02 19:00:13,310 [RatisPipelineUtilsThread - 0] INFO  pipeline.PipelineManagerImpl (PipelineManagerImpl.java:recordMetricsForPipeline(639)) - Pipeline: PipelineID=bff1bd11-539b-4edf-98de-c4b1a2effcb1 contains same datanodes as previous pipelines: PipelineID=b9eebb0d-29d0-4ad9-86a2-1a55feb1424c nodeIds: aa697790-8875-4a1b-830b-e84d121175f0, a730aa12-8e10-43d5-9e4d-8226ddf6a853, b53c45b1-3941-4685-95cb-36e9d2366fdc
2022-03-02 19:00:13,310 [f746044e-06a5-45c2-8175-96f1febdd987@group-9B8B311B51AF-StateMachineUpdater] INFO  ha.SCMStateMachine (SCMStateMachine.java:takeSnapshot(297)) - Current Snapshot Index 15, takeSnapshot took 0 ms
2022-03-02 19:00:13,310 [f746044e-06a5-45c2-8175-96f1febdd987@group-9B8B311B51AF-StateMachineUpdater] INFO  impl.StateMachineUpdater (StateMachineUpdater.java:takeSnapshot(281)) - f746044e-06a5-45c2-8175-96f1febdd987@group-9B8B311B51AF-StateMachineUpdater: Took a snapshot at index 15
2022-03-02 19:00:13,310 [f746044e-06a5-45c2-8175-96f1febdd987@group-9B8B311B51AF-StateMachineUpdater] INFO  impl.StateMachineUpdater (StateMachineUpdater.java:lambda$new$0(89)) - f746044e-06a5-45c2-8175-96f1febdd987@group-9B8B311B51AF-StateMachineUpdater: snapshotIndex: updateIncreasingly 10 -> 15
2022-03-02 19:00:13,310 [f746044e-06a5-45c2-8175-96f1febdd987@group-9B8B311B51AF-StateMachineUpdater] INFO  raftlog.RaftLog (RaftLogBase.java:purge(306)) - f746044e-06a5-45c2-8175-96f1febdd987@group-9B8B311B51AF-SegmentedRaftLog: purge 15
2022-03-02 19:00:13,310 [f746044e-06a5-45c2-8175-96f1febdd987@group-9B8B311B51AF-StateMachineUpdater] INFO  raftlog.RaftLog (RaftLogBase.java:lambda$new$0(53)) - f746044e-06a5-45c2-8175-96f1febdd987@group-9B8B311B51AF-SegmentedRaftLog: snapshotIndex: updateIncreasingly 10 -> 15
2022-03-02 19:00:13,310 [f746044e-06a5-45c2-8175-96f1febdd987@group-9B8B311B51AF-StateMachineUpdater] INFO  raftlog.RaftLog (RaftLogBase.java:lambda$new$0(53)) - f746044e-06a5-45c2-8175-96f1febdd987@group-9B8B311B51AF-SegmentedRaftLog: purgeIndex: updateToMax old=10, new=15, updated? true
2022-03-02 19:00:13,312 [3b6c5475-24e7-4d17-bb16-57441daa5342@group-9B8B311B51AF-StateMachineUpdater] INFO  pipeline.PipelineStateManagerImpl (PipelineStateManagerImpl.java:addPipeline(101)) - Created pipeline Pipeline[ Id: bff1bd11-539b-4edf-98de-c4b1a2effcb1, Nodes: aa697790-8875-4a1b-830b-e84d121175f0{ip: 127.0.0.1, host: localhost, ports: [REPLICATION=33043, RATIS=40725, RATIS_ADMIN=40725, RATIS_SERVER=40725, STANDALONE=38453], networkLocation: /default-rack, certSerialId: null, persistedOpState: IN_SERVICE, persistedOpStateExpiryEpochSec: 0}a730aa12-8e10-43d5-9e4d-8226ddf6a853{ip: 127.0.0.1, host: localhost, ports: [REPLICATION=33055, RATIS=34023, RATIS_ADMIN=34023, RATIS_SERVER=34023, STANDALONE=40333], networkLocation: /default-rack, certSerialId: null, persistedOpState: IN_SERVICE, persistedOpStateExpiryEpochSec: 0}b53c45b1-3941-4685-95cb-36e9d2366fdc{ip: 127.0.0.1, host: localhost, ports: [REPLICATION=43561, RATIS=36539, RATIS_ADMIN=36539, RATIS_SERVER=36539, STANDALONE=36361], networkLocation: /default-rack, certSerialId: null, persistedOpState: IN_SERVICE, persistedOpStateExpiryEpochSec: 0}, ReplicationConfig: RATIS/THREE, State:ALLOCATED, leaderId:, CreationTimestamp2022-03-02T19:00:13.299Z[Etc/UTC]].
2022-03-02 19:00:13,312 [3b6c5475-24e7-4d17-bb16-57441daa5342@group-9B8B311B51AF-StateMachineUpdater] INFO  safemode.HealthyPipelineSafeModeRule (HealthyPipelineSafeModeRule.java:initializeRule(152)) - Refreshed total pipeline count is 0, healthy pipeline threshold count is 1
2022-03-02 19:00:13,939 [EndpointStateMachine task thread for /127.0.0.1:38087 - 0 ] INFO  ipc.Client (Client.java:handleConnectionFailure(977)) - Retrying connect to server: localhost/127.0.0.1:38087. Already tried 14 time(s); retry policy is RetryUpToMaximumCountWithFixedSleep(maxRetries=15, sleepTime=1000 MILLISECONDS)
2022-03-02 19:00:13,940 [EndpointStateMachine task thread for /127.0.0.1:38087 - 0 ] WARN  statemachine.EndpointStateMachine (EndpointStateMachine.java:logIfNeeded(236)) - Unable to communicate to SCM server at localhost:38087 for past 0 seconds.
java.net.ConnectException: Call From fv-az148-899/10.1.0.29 to localhost:38087 failed on connection exception: java.net.ConnectException: Connection refused; For more details see:  http://wiki.apache.org/hadoop/ConnectionRefused
	at sun.reflect.NativeConstructorAccessorImpl.newInstance0(Native Method)
	at sun.reflect.NativeConstructorAccessorImpl.newInstance(NativeConstructorAccessorImpl.java:62)
	at sun.reflect.DelegatingConstructorAccessorImpl.newInstance(DelegatingConstructorAccessorImpl.java:45)
	at java.lang.reflect.Constructor.newInstance(Constructor.java:423)
	at org.apache.hadoop.net.NetUtils.wrapWithMessage(NetUtils.java:913)
	at org.apache.hadoop.net.NetUtils.wrapException(NetUtils.java:828)
	at org.apache.hadoop.ipc.Client.getRpcResponse(Client.java:1577)
	at org.apache.hadoop.ipc.Client.call(Client.java:1519)
	at org.apache.hadoop.ipc.Client.call(Client.java:1416)
	at org.apache.hadoop.ipc.ProtobufRpcEngine$Invoker.invoke(ProtobufRpcEngine.java:236)
	at org.apache.hadoop.ipc.ProtobufRpcEngine$Invoker.invoke(ProtobufRpcEngine.java:123)
	at com.sun.proxy.$Proxy48.submitRequest(Unknown Source)
	at org.apache.hadoop.ozone.protocolPB.StorageContainerDatanodeProtocolClientSideTranslatorPB.submitRequest(StorageContainerDatanodeProtocolClientSideTranslatorPB.java:117)
	at org.apache.hadoop.ozone.protocolPB.StorageContainerDatanodeProtocolClientSideTranslatorPB.sendHeartbeat(StorageContainerDatanodeProtocolClientSideTranslatorPB.java:149)
	at org.apache.hadoop.ozone.container.common.states.endpoint.HeartbeatEndpointTask.call(HeartbeatEndpointTask.java:179)
	at org.apache.hadoop.ozone.container.common.states.endpoint.HeartbeatEndpointTask.call(HeartbeatEndpointTask.java:82)
	at java.util.concurrent.FutureTask.run(FutureTask.java:266)
	at java.util.concurrent.ThreadPoolExecutor.runWorker(ThreadPoolExecutor.java:1149)
	at java.util.concurrent.ThreadPoolExecutor$Worker.run(ThreadPoolExecutor.java:624)
	at java.lang.Thread.run(Thread.java:750)
Caused by: java.net.ConnectException: Connection refused
	at sun.nio.ch.SocketChannelImpl.checkConnect(Native Method)
	at sun.nio.ch.SocketChannelImpl.finishConnect(SocketChannelImpl.java:716)
	at org.apache.hadoop.net.SocketIOWithTimeout.connect(SocketIOWithTimeout.java:206)
	at org.apache.hadoop.net.NetUtils.connect(NetUtils.java:586)
	at org.apache.hadoop.ipc.Client$Connection.setupConnection(Client.java:701)
	at org.apache.hadoop.ipc.Client$Connection.setupIOstreams(Client.java:822)
	at org.apache.hadoop.ipc.Client$Connection.access$3800(Client.java:414)
	at org.apache.hadoop.ipc.Client.getConnection(Client.java:1647)
	at org.apache.hadoop.ipc.Client.call(Client.java:1463)
	... 12 more
2022-03-02 19:00:13,941 [EndpointStateMachine task thread for /127.0.0.1:45277 - 0 ] INFO  ipc.Client (Client.java:handleConnectionFailure(977)) - Retrying connect to server: localhost/127.0.0.1:45277. Already tried 14 time(s); retry policy is RetryUpToMaximumCountWithFixedSleep(maxRetries=15, sleepTime=1000 MILLISECONDS)
2022-03-02 19:00:13,942 [EndpointStateMachine task thread for /127.0.0.1:45277 - 0 ] WARN  statemachine.EndpointStateMachine (EndpointStateMachine.java:logIfNeeded(236)) - Unable to communicate to SCM server at localhost:45277 for past 0 seconds.
java.net.ConnectException: Call From fv-az148-899/10.1.0.29 to localhost:45277 failed on connection exception: java.net.ConnectException: Connection refused; For more details see:  http://wiki.apache.org/hadoop/ConnectionRefused
	at sun.reflect.NativeConstructorAccessorImpl.newInstance0(Native Method)
	at sun.reflect.NativeConstructorAccessorImpl.newInstance(NativeConstructorAccessorImpl.java:62)
	at sun.reflect.DelegatingConstructorAccessorImpl.newInstance(DelegatingConstructorAccessorImpl.java:45)
	at java.lang.reflect.Constructor.newInstance(Constructor.java:423)
	at org.apache.hadoop.net.NetUtils.wrapWithMessage(NetUtils.java:913)
	at org.apache.hadoop.net.NetUtils.wrapException(NetUtils.java:828)
	at org.apache.hadoop.ipc.Client.getRpcResponse(Client.java:1577)
	at org.apache.hadoop.ipc.Client.call(Client.java:1519)
	at org.apache.hadoop.ipc.Client.call(Client.java:1416)
	at org.apache.hadoop.ipc.ProtobufRpcEngine$Invoker.invoke(ProtobufRpcEngine.java:236)
	at org.apache.hadoop.ipc.ProtobufRpcEngine$Invoker.invoke(ProtobufRpcEngine.java:123)
	at com.sun.proxy.$Proxy48.submitRequest(Unknown Source)
	at org.apache.hadoop.ozone.protocolPB.StorageContainerDatanodeProtocolClientSideTranslatorPB.submitRequest(StorageContainerDatanodeProtocolClientSideTranslatorPB.java:117)
	at org.apache.hadoop.ozone.protocolPB.StorageContainerDatanodeProtocolClientSideTranslatorPB.register(StorageContainerDatanodeProtocolClientSideTranslatorPB.java:180)
	at org.apache.hadoop.ozone.container.common.states.endpoint.RegisterEndpointTask.call(RegisterEndpointTask.java:158)
	at org.apache.hadoop.ozone.container.common.states.endpoint.RegisterEndpointTask.call(RegisterEndpointTask.java:52)
	at java.util.concurrent.FutureTask.run(FutureTask.java:266)
	at java.util.concurrent.ThreadPoolExecutor.runWorker(ThreadPoolExecutor.java:1149)
	at java.util.concurrent.ThreadPoolExecutor$Worker.run(ThreadPoolExecutor.java:624)
	at java.lang.Thread.run(Thread.java:750)
Caused by: java.net.ConnectException: Connection refused
	at sun.nio.ch.SocketChannelImpl.checkConnect(Native Method)
	at sun.nio.ch.SocketChannelImpl.finishConnect(SocketChannelImpl.java:716)
	at org.apache.hadoop.net.SocketIOWithTimeout.connect(SocketIOWithTimeout.java:206)
	at org.apache.hadoop.net.NetUtils.connect(NetUtils.java:586)
	at org.apache.hadoop.ipc.Client$Connection.setupConnection(Client.java:701)
	at org.apache.hadoop.ipc.Client$Connection.setupIOstreams(Client.java:822)
	at org.apache.hadoop.ipc.Client$Connection.access$3800(Client.java:414)
	at org.apache.hadoop.ipc.Client.getConnection(Client.java:1647)
	at org.apache.hadoop.ipc.Client.call(Client.java:1463)
	... 12 more
2022-03-02 19:00:13,944 [EndpointStateMachine task thread for /127.0.0.1:35087 - 0 ] INFO  ipc.Client (Client.java:handleConnectionFailure(977)) - Retrying connect to server: localhost/127.0.0.1:35087. Already tried 14 time(s); retry policy is RetryUpToMaximumCountWithFixedSleep(maxRetries=15, sleepTime=1000 MILLISECONDS)
2022-03-02 19:00:13,945 [EndpointStateMachine task thread for /127.0.0.1:35087 - 0 ] WARN  statemachine.EndpointStateMachine (EndpointStateMachine.java:logIfNeeded(236)) - Unable to communicate to SCM server at localhost:35087 for past 0 seconds.
java.net.ConnectException: Call From fv-az148-899/10.1.0.29 to localhost:35087 failed on connection exception: java.net.ConnectException: Connection refused; For more details see:  http://wiki.apache.org/hadoop/ConnectionRefused
	at sun.reflect.NativeConstructorAccessorImpl.newInstance0(Native Method)
	at sun.reflect.NativeConstructorAccessorImpl.newInstance(NativeConstructorAccessorImpl.java:62)
	at sun.reflect.DelegatingConstructorAccessorImpl.newInstance(DelegatingConstructorAccessorImpl.java:45)
	at java.lang.reflect.Constructor.newInstance(Constructor.java:423)
	at org.apache.hadoop.net.NetUtils.wrapWithMessage(NetUtils.java:913)
	at org.apache.hadoop.net.NetUtils.wrapException(NetUtils.java:828)
	at org.apache.hadoop.ipc.Client.getRpcResponse(Client.java:1577)
	at org.apache.hadoop.ipc.Client.call(Client.java:1519)
	at org.apache.hadoop.ipc.Client.call(Client.java:1416)
	at org.apache.hadoop.ipc.ProtobufRpcEngine$Invoker.invoke(ProtobufRpcEngine.java:236)
	at org.apache.hadoop.ipc.ProtobufRpcEngine$Invoker.invoke(ProtobufRpcEngine.java:123)
	at com.sun.proxy.$Proxy48.submitRequest(Unknown Source)
	at org.apache.hadoop.ozone.protocolPB.StorageContainerDatanodeProtocolClientSideTranslatorPB.submitRequest(StorageContainerDatanodeProtocolClientSideTranslatorPB.java:117)
	at org.apache.hadoop.ozone.protocolPB.StorageContainerDatanodeProtocolClientSideTranslatorPB.sendHeartbeat(StorageContainerDatanodeProtocolClientSideTranslatorPB.java:149)
	at org.apache.hadoop.ozone.container.common.states.endpoint.HeartbeatEndpointTask.call(HeartbeatEndpointTask.java:179)
	at org.apache.hadoop.ozone.container.common.states.endpoint.HeartbeatEndpointTask.call(HeartbeatEndpointTask.java:82)
	at java.util.concurrent.FutureTask.run(FutureTask.java:266)
	at java.util.concurrent.ThreadPoolExecutor.runWorker(ThreadPoolExecutor.java:1149)
	at java.util.concurrent.ThreadPoolExecutor$Worker.run(ThreadPoolExecutor.java:624)
	at java.lang.Thread.run(Thread.java:750)
Caused by: java.net.ConnectException: Connection refused
	at sun.nio.ch.SocketChannelImpl.checkConnect(Native Method)
	at sun.nio.ch.SocketChannelImpl.finishConnect(SocketChannelImpl.java:716)
	at org.apache.hadoop.net.SocketIOWithTimeout.connect(SocketIOWithTimeout.java:206)
	at org.apache.hadoop.net.NetUtils.connect(NetUtils.java:586)
	at org.apache.hadoop.ipc.Client$Connection.setupConnection(Client.java:701)
	at org.apache.hadoop.ipc.Client$Connection.setupIOstreams(Client.java:822)
	at org.apache.hadoop.ipc.Client$Connection.access$3800(Client.java:414)
	at org.apache.hadoop.ipc.Client.getConnection(Client.java:1647)
	at org.apache.hadoop.ipc.Client.call(Client.java:1463)
	... 12 more
2022-03-02 19:00:14,204 [Listener at 127.0.0.1/42139] INFO  ozone.MiniOzoneClusterImpl (MiniOzoneClusterImpl.java:lambda$waitForClusterToBeReady$0(219)) - Nodes are ready. Got 3 of 3 DN Heartbeats.
2022-03-02 19:00:14,205 [Listener at 127.0.0.1/42139] INFO  ozone.MiniOzoneClusterImpl (MiniOzoneClusterImpl.java:lambda$waitForClusterToBeReady$0(222)) - Waiting for cluster to exit safe mode
2022-03-02 19:00:14,205 [Listener at 127.0.0.1/42139] INFO  ozone.MiniOzoneClusterImpl (MiniOzoneClusterImpl.java:lambda$waitForClusterToBeReady$0(224)) - SCM became leader
2022-03-02 19:00:14,912 [Datanode State Machine Daemon Thread] ERROR datanode.RunningDatanodeState (RunningDatanodeState.java:computeNextContainerState(201)) - Error in executing end point task.
java.util.concurrent.ExecutionException: java.util.concurrent.TimeoutException
	at java.util.concurrent.FutureTask.report(FutureTask.java:122)
	at java.util.concurrent.FutureTask.get(FutureTask.java:192)
	at org.apache.hadoop.ozone.container.common.states.datanode.RunningDatanodeState.computeNextContainerState(RunningDatanodeState.java:193)
	at org.apache.hadoop.ozone.container.common.states.datanode.RunningDatanodeState.await(RunningDatanodeState.java:233)
	at org.apache.hadoop.ozone.container.common.states.datanode.RunningDatanodeState.await(RunningDatanodeState.java:50)
	at org.apache.hadoop.ozone.container.common.statemachine.StateContext.execute(StateContext.java:658)
	at org.apache.hadoop.ozone.container.common.statemachine.DatanodeStateMachine.startStateMachineThread(DatanodeStateMachine.java:283)
	at org.apache.hadoop.ozone.container.common.statemachine.DatanodeStateMachine.lambda$startDaemon$0(DatanodeStateMachine.java:471)
	at java.lang.Thread.run(Thread.java:750)
Caused by: java.util.concurrent.TimeoutException
	at java.util.concurrent.FutureTask.get(FutureTask.java:205)
	at org.apache.hadoop.ozone.container.common.states.datanode.RunningDatanodeState.lambda$execute$0(RunningDatanodeState.java:151)
	at java.util.concurrent.FutureTask.run(FutureTask.java:266)
	at java.util.concurrent.Executors$RunnableAdapter.call(Executors.java:511)
	at java.util.concurrent.FutureTask.run(FutureTask.java:266)
	at java.util.concurrent.ThreadPoolExecutor.runWorker(ThreadPoolExecutor.java:1149)
	at java.util.concurrent.ThreadPoolExecutor$Worker.run(ThreadPoolExecutor.java:624)
	... 1 more
2022-03-02 19:00:14,941 [EndpointStateMachine task thread for /127.0.0.1:38087 - 0 ] INFO  ipc.Client (Client.java:handleConnectionFailure(977)) - Retrying connect to server: localhost/127.0.0.1:38087. Already tried 0 time(s); retry policy is RetryUpToMaximumCountWithFixedSleep(maxRetries=15, sleepTime=1000 MILLISECONDS)
2022-03-02 19:00:14,942 [EndpointStateMachine task thread for /127.0.0.1:45277 - 0 ] INFO  ipc.Client (Client.java:handleConnectionFailure(977)) - Retrying connect to server: localhost/127.0.0.1:45277. Already tried 0 time(s); retry policy is RetryUpToMaximumCountWithFixedSleep(maxRetries=15, sleepTime=1000 MILLISECONDS)
2022-03-02 19:00:14,945 [EndpointStateMachine task thread for /127.0.0.1:35087 - 0 ] INFO  ipc.Client (Client.java:handleConnectionFailure(977)) - Retrying connect to server: localhost/127.0.0.1:35087. Already tried 0 time(s); retry policy is RetryUpToMaximumCountWithFixedSleep(maxRetries=15, sleepTime=1000 MILLISECONDS)
2022-03-02 19:00:15,205 [Listener at 127.0.0.1/42139] INFO  ozone.MiniOzoneClusterImpl (MiniOzoneClusterImpl.java:lambda$waitForClusterToBeReady$0(219)) - Nodes are ready. Got 3 of 3 DN Heartbeats.
2022-03-02 19:00:15,205 [Listener at 127.0.0.1/42139] INFO  ozone.MiniOzoneClusterImpl (MiniOzoneClusterImpl.java:lambda$waitForClusterToBeReady$0(222)) - Waiting for cluster to exit safe mode
2022-03-02 19:00:15,205 [Listener at 127.0.0.1/42139] INFO  ozone.MiniOzoneClusterImpl (MiniOzoneClusterImpl.java:lambda$waitForClusterToBeReady$0(224)) - SCM became leader
2022-03-02 19:00:15,613 [Datanode State Machine Daemon Thread] ERROR datanode.RunningDatanodeState (RunningDatanodeState.java:computeNextContainerState(201)) - Error in executing end point task.
java.util.concurrent.ExecutionException: java.util.concurrent.TimeoutException
	at java.util.concurrent.FutureTask.report(FutureTask.java:122)
	at java.util.concurrent.FutureTask.get(FutureTask.java:192)
	at org.apache.hadoop.ozone.container.common.states.datanode.RunningDatanodeState.computeNextContainerState(RunningDatanodeState.java:193)
	at org.apache.hadoop.ozone.container.common.states.datanode.RunningDatanodeState.await(RunningDatanodeState.java:233)
	at org.apache.hadoop.ozone.container.common.states.datanode.RunningDatanodeState.await(RunningDatanodeState.java:50)
	at org.apache.hadoop.ozone.container.common.statemachine.StateContext.execute(StateContext.java:658)
	at org.apache.hadoop.ozone.container.common.statemachine.DatanodeStateMachine.startStateMachineThread(DatanodeStateMachine.java:283)
	at org.apache.hadoop.ozone.container.common.statemachine.DatanodeStateMachine.lambda$startDaemon$0(DatanodeStateMachine.java:471)
	at java.lang.Thread.run(Thread.java:750)
Caused by: java.util.concurrent.TimeoutException
	at java.util.concurrent.FutureTask.get(FutureTask.java:205)
	at org.apache.hadoop.ozone.container.common.states.datanode.RunningDatanodeState.lambda$execute$0(RunningDatanodeState.java:151)
	at java.util.concurrent.FutureTask.run(FutureTask.java:266)
	at java.util.concurrent.Executors$RunnableAdapter.call(Executors.java:511)
	at java.util.concurrent.FutureTask.run(FutureTask.java:266)
	at java.util.concurrent.ThreadPoolExecutor.runWorker(ThreadPoolExecutor.java:1149)
	at java.util.concurrent.ThreadPoolExecutor$Worker.run(ThreadPoolExecutor.java:624)
	... 1 more
2022-03-02 19:00:15,615 [Command processor thread] INFO  server.RaftServer (RaftServerProxy.java:addNew(95)) - aa697790-8875-4a1b-830b-e84d121175f0: addNew group-CC131612F07F:[aa697790-8875-4a1b-830b-e84d121175f0|rpc:127.0.0.1:40725|priority:1] returns group-CC131612F07F:java.util.concurrent.CompletableFuture@2dafde28[Not completed]
2022-03-02 19:00:15,625 [pool-360-thread-1] INFO  server.RaftServer$Division (RaftServerImpl.java:<init>(184)) - aa697790-8875-4a1b-830b-e84d121175f0: new RaftServerImpl for group-CC131612F07F:[aa697790-8875-4a1b-830b-e84d121175f0|rpc:127.0.0.1:40725|priority:1] with ContainerStateMachine:uninitialized
2022-03-02 19:00:15,625 [pool-360-thread-1] INFO  server.RaftServerConfigKeys (ConfUtils.java:logGet(44)) - raft.server.rpc.timeout.min = 5s (custom)
2022-03-02 19:00:15,625 [pool-360-thread-1] INFO  server.RaftServerConfigKeys (ConfUtils.java:logGet(44)) - raft.server.rpc.timeout.max = 5200ms (custom)
2022-03-02 19:00:15,626 [pool-360-thread-1] INFO  server.RaftServerConfigKeys (ConfUtils.java:logGet(44)) - raft.server.rpc.sleep.time = 25ms (default)
2022-03-02 19:00:15,626 [pool-360-thread-1] INFO  server.RaftServerConfigKeys (ConfUtils.java:logGet(44)) - raft.server.rpc.slowness.timeout = 300s (custom)
2022-03-02 19:00:15,626 [pool-360-thread-1] INFO  server.RaftServerConfigKeys (ConfUtils.java:logGet(44)) - raft.server.leaderelection.leader.step-down.wait-time = 10s (default)
2022-03-02 19:00:15,626 [pool-360-thread-1] INFO  server.RaftServerConfigKeys (ConfUtils.java:logGet(44)) - raft.server.sleep.deviation.threshold = 300ms (default)
2022-03-02 19:00:15,626 [pool-360-thread-1] INFO  server.RaftServerConfigKeys (ConfUtils.java:logGet(44)) - raft.server.log.appender.install.snapshot.enabled = false (custom)
2022-03-02 19:00:15,626 [pool-360-thread-1] INFO  server.RaftServer$Division (ServerState.java:<init>(105)) - aa697790-8875-4a1b-830b-e84d121175f0@group-CC131612F07F: ConfigurationManager, init=-1: [aa697790-8875-4a1b-830b-e84d121175f0|rpc:127.0.0.1:40725|priority:1], old=null, confs=<EMPTY_MAP>
2022-03-02 19:00:15,626 [pool-360-thread-1] INFO  server.RaftServerConfigKeys (ConfUtils.java:logGet(44)) - raft.server.storage.dir = [/home/runner/work/ozone/ozone/hadoop-ozone/integration-test/target/test-dir/MiniOzoneClusterImpl-5ed764c8-eddb-4368-ac32-9b8b311b51af/datanode-0/data/ratis] (custom)
2022-03-02 19:00:15,626 [pool-360-thread-1] INFO  server.RaftServerConfigKeys (ConfUtils.java:logGet(44)) - raft.server.log.corruption.policy = EXCEPTION (default)
2022-03-02 19:00:15,626 [pool-360-thread-1] INFO  server.RaftServerConfigKeys (ConfUtils.java:logGet(44)) - raft.server.storage.free-space.min = 0MB (=0) (default)
2022-03-02 19:00:15,626 [pool-360-thread-1] INFO  storage.RaftStorageDirectory (RaftStorageDirectoryImpl.java:analyzeStorage(135)) - The storage directory /home/runner/work/ozone/ozone/hadoop-ozone/integration-test/target/test-dir/MiniOzoneClusterImpl-5ed764c8-eddb-4368-ac32-9b8b311b51af/datanode-0/data/ratis/2fb76785-e474-47ca-8e78-cc131612f07f does not exist. Creating ...
2022-03-02 19:00:15,630 [pool-360-thread-1] INFO  storage.RaftStorageDirectory (RaftStorageDirectoryImpl.java:tryLock(230)) - Lock on /home/runner/work/ozone/ozone/hadoop-ozone/integration-test/target/test-dir/MiniOzoneClusterImpl-5ed764c8-eddb-4368-ac32-9b8b311b51af/datanode-0/data/ratis/2fb76785-e474-47ca-8e78-cc131612f07f/in_use.lock acquired by nodename 7106@fv-az148-899
2022-03-02 19:00:15,632 [pool-360-thread-1] INFO  storage.RaftStorage (RaftStorageImpl.java:format(89)) - Storage directory /home/runner/work/ozone/ozone/hadoop-ozone/integration-test/target/test-dir/MiniOzoneClusterImpl-5ed764c8-eddb-4368-ac32-9b8b311b51af/datanode-0/data/ratis/2fb76785-e474-47ca-8e78-cc131612f07f has been successfully formatted.
2022-03-02 19:00:15,633 [pool-360-thread-1] INFO  ratis.ContainerStateMachine (ContainerStateMachine.java:loadSnapshot(236)) - group-CC131612F07F: The snapshot info is null. Setting the last applied indexto:(t:0, i:~)
2022-03-02 19:00:15,633 [pool-360-thread-1] INFO  server.RaftServerConfigKeys (ConfUtils.java:logGet(44)) - raft.server.notification.no-leader.timeout = 300s (custom)
2022-03-02 19:00:15,633 [pool-360-thread-1] INFO  server.RaftServerConfigKeys (ConfUtils.java:logGet(44)) - raft.server.log.use.memory = false (default)
2022-03-02 19:00:15,633 [pool-360-thread-1] INFO  server.RaftServerConfigKeys (ConfUtils.java:logGet(44)) - raft.server.log.purge.gap = 1000000 (custom)
2022-03-02 19:00:15,633 [pool-360-thread-1] INFO  server.RaftServerConfigKeys (ConfUtils.java:logGet(44)) - raft.server.log.appender.buffer.byte-limit = 33554432 (custom)
2022-03-02 19:00:15,634 [EventQueue-PipelineReportForPipelineReportHandler] INFO  pipeline.PipelineManagerImpl (PipelineManagerImpl.java:openPipeline(291)) - Pipeline Pipeline[ Id: 2fb76785-e474-47ca-8e78-cc131612f07f, Nodes: aa697790-8875-4a1b-830b-e84d121175f0{ip: 127.0.0.1, host: localhost, ports: [REPLICATION=33043, RATIS=40725, RATIS_ADMIN=40725, RATIS_SERVER=40725, STANDALONE=38453], networkLocation: /default-rack, certSerialId: null, persistedOpState: IN_SERVICE, persistedOpStateExpiryEpochSec: 0}, ReplicationConfig: RATIS/ONE, State:ALLOCATED, leaderId:aa697790-8875-4a1b-830b-e84d121175f0, CreationTimestamp2022-03-02T19:00:12.630Z[Etc/UTC]] moved to OPEN state
2022-03-02 19:00:15,634 [pool-360-thread-1] INFO  server.RaftServerConfigKeys (ConfUtils.java:logGet(44)) - raft.server.log.segment.size.max = 1048576 (custom)
2022-03-02 19:00:15,642 [EndpointStateMachine task thread for /127.0.0.1:46849 - 0 ] WARN  statemachine.EndpointStateMachine (EndpointStateMachine.java:logIfNeeded(236)) - Unable to communicate to SCM server at 127.0.0.1:46849 for past 0 seconds.
java.net.SocketTimeoutException: Call From fv-az148-899/10.1.0.29 to localhost:46849 failed on socket timeout exception: java.net.SocketTimeoutException: 5000 millis timeout while waiting for channel to be ready for read. ch : java.nio.channels.SocketChannel[connected local=/127.0.0.1:55578 remote=/127.0.0.1:46849]; For more details see:  http://wiki.apache.org/hadoop/SocketTimeout
	at sun.reflect.GeneratedConstructorAccessor32.newInstance(Unknown Source)
	at sun.reflect.DelegatingConstructorAccessorImpl.newInstance(DelegatingConstructorAccessorImpl.java:45)
	at java.lang.reflect.Constructor.newInstance(Constructor.java:423)
	at org.apache.hadoop.net.NetUtils.wrapWithMessage(NetUtils.java:913)
	at org.apache.hadoop.net.NetUtils.wrapException(NetUtils.java:848)
	at org.apache.hadoop.ipc.Client.getRpcResponse(Client.java:1577)
	at org.apache.hadoop.ipc.Client.call(Client.java:1519)
	at org.apache.hadoop.ipc.Client.call(Client.java:1416)
	at org.apache.hadoop.ipc.ProtobufRpcEngine$Invoker.invoke(ProtobufRpcEngine.java:236)
	at org.apache.hadoop.ipc.ProtobufRpcEngine$Invoker.invoke(ProtobufRpcEngine.java:123)
	at com.sun.proxy.$Proxy48.submitRequest(Unknown Source)
	at org.apache.hadoop.ozone.protocolPB.StorageContainerDatanodeProtocolClientSideTranslatorPB.submitRequest(StorageContainerDatanodeProtocolClientSideTranslatorPB.java:117)
	at org.apache.hadoop.ozone.protocolPB.StorageContainerDatanodeProtocolClientSideTranslatorPB.getVersion(StorageContainerDatanodeProtocolClientSideTranslatorPB.java:133)
	at org.apache.hadoop.ozone.container.common.states.endpoint.VersionEndpointTask.call(VersionEndpointTask.java:71)
	at org.apache.hadoop.ozone.container.common.states.endpoint.VersionEndpointTask.call(VersionEndpointTask.java:42)
	at java.util.concurrent.FutureTask.run(FutureTask.java:266)
	at java.util.concurrent.ThreadPoolExecutor.runWorker(ThreadPoolExecutor.java:1149)
	at java.util.concurrent.ThreadPoolExecutor$Worker.run(ThreadPoolExecutor.java:624)
	at java.lang.Thread.run(Thread.java:750)
Caused by: java.net.SocketTimeoutException: 5000 millis timeout while waiting for channel to be ready for read. ch : java.nio.channels.SocketChannel[connected local=/127.0.0.1:55578 remote=/127.0.0.1:46849]
	at org.apache.hadoop.net.SocketIOWithTimeout.doIO(SocketIOWithTimeout.java:164)
	at org.apache.hadoop.net.SocketInputStream.read(SocketInputStream.java:161)
	at org.apache.hadoop.net.SocketInputStream.read(SocketInputStream.java:131)
	at java.io.FilterInputStream.read(FilterInputStream.java:133)
	at java.io.BufferedInputStream.fill(BufferedInputStream.java:246)
	at java.io.BufferedInputStream.read(BufferedInputStream.java:265)
	at java.io.FilterInputStream.read(FilterInputStream.java:83)
	at java.io.FilterInputStream.read(FilterInputStream.java:83)
	at org.apache.hadoop.ipc.Client$Connection$PingInputStream.read(Client.java:563)
	at java.io.DataInputStream.readInt(DataInputStream.java:387)
	at org.apache.hadoop.ipc.Client$IpcStreams.readResponse(Client.java:1892)
	at org.apache.hadoop.ipc.Client$Connection.receiveRpcResponse(Client.java:1202)
	at org.apache.hadoop.ipc.Client$Connection.run(Client.java:1098)
2022-03-02 19:00:15,644 [EventQueue-PipelineReportForPipelineReportHandler] INFO  pipeline.PipelineManagerImpl (PipelineManagerImpl.java:openPipeline(291)) - Pipeline Pipeline[ Id: 2fb76785-e474-47ca-8e78-cc131612f07f, Nodes: aa697790-8875-4a1b-830b-e84d121175f0{ip: 127.0.0.1, host: localhost, ports: [REPLICATION=33043, RATIS=40725, RATIS_ADMIN=40725, RATIS_SERVER=40725, STANDALONE=38453], networkLocation: /default-rack, certSerialId: null, persistedOpState: IN_SERVICE, persistedOpStateExpiryEpochSec: 0}, ReplicationConfig: RATIS/ONE, State:ALLOCATED, leaderId:aa697790-8875-4a1b-830b-e84d121175f0, CreationTimestamp2022-03-02T19:00:12.630Z[Etc/UTC]] moved to OPEN state
2022-03-02 19:00:15,642 [EndpointStateMachine task thread for /127.0.0.1:46849 - 0 ] WARN  statemachine.EndpointStateMachine (EndpointStateMachine.java:logIfNeeded(236)) - Unable to communicate to SCM server at 127.0.0.1:46849 for past 0 seconds.
java.net.SocketTimeoutException: Call From fv-az148-899/10.1.0.29 to localhost:46849 failed on socket timeout exception: java.net.SocketTimeoutException: 5000 millis timeout while waiting for channel to be ready for read. ch : java.nio.channels.SocketChannel[connected local=/127.0.0.1:55578 remote=/127.0.0.1:46849]; For more details see:  http://wiki.apache.org/hadoop/SocketTimeout
	at sun.reflect.GeneratedConstructorAccessor32.newInstance(Unknown Source)
	at sun.reflect.DelegatingConstructorAccessorImpl.newInstance(DelegatingConstructorAccessorImpl.java:45)
	at java.lang.reflect.Constructor.newInstance(Constructor.java:423)
	at org.apache.hadoop.net.NetUtils.wrapWithMessage(NetUtils.java:913)
	at org.apache.hadoop.net.NetUtils.wrapException(NetUtils.java:848)
	at org.apache.hadoop.ipc.Client.getRpcResponse(Client.java:1577)
	at org.apache.hadoop.ipc.Client.call(Client.java:1519)
	at org.apache.hadoop.ipc.Client.call(Client.java:1416)
	at org.apache.hadoop.ipc.ProtobufRpcEngine$Invoker.invoke(ProtobufRpcEngine.java:236)
	at org.apache.hadoop.ipc.ProtobufRpcEngine$Invoker.invoke(ProtobufRpcEngine.java:123)
	at com.sun.proxy.$Proxy48.submitRequest(Unknown Source)
	at org.apache.hadoop.ozone.protocolPB.StorageContainerDatanodeProtocolClientSideTranslatorPB.submitRequest(StorageContainerDatanodeProtocolClientSideTranslatorPB.java:117)
	at org.apache.hadoop.ozone.protocolPB.StorageContainerDatanodeProtocolClientSideTranslatorPB.getVersion(StorageContainerDatanodeProtocolClientSideTranslatorPB.java:133)
	at org.apache.hadoop.ozone.container.common.states.endpoint.VersionEndpointTask.call(VersionEndpointTask.java:71)
	at org.apache.hadoop.ozone.container.common.states.endpoint.VersionEndpointTask.call(VersionEndpointTask.java:42)
	at java.util.concurrent.FutureTask.run(FutureTask.java:266)
	at java.util.concurrent.ThreadPoolExecutor.runWorker(ThreadPoolExecutor.java:1149)
	at java.util.concurrent.ThreadPoolExecutor$Worker.run(ThreadPoolExecutor.java:624)
	at java.lang.Thread.run(Thread.java:750)
Caused by: java.net.SocketTimeoutException: 5000 millis timeout while waiting for channel to be ready for read. ch : java.nio.channels.SocketChannel[connected local=/127.0.0.1:55578 remote=/127.0.0.1:46849]
	at org.apache.hadoop.net.SocketIOWithTimeout.doIO(SocketIOWithTimeout.java:164)
	at org.apache.hadoop.net.SocketInputStream.read(SocketInputStream.java:161)
	at org.apache.hadoop.net.SocketInputStream.read(SocketInputStream.java:131)
	at java.io.FilterInputStream.read(FilterInputStream.java:133)
	at java.io.BufferedInputStream.fill(BufferedInputStream.java:246)
	at java.io.BufferedInputStream.read(BufferedInputStream.java:265)
	at java.io.FilterInputStream.read(FilterInputStream.java:83)
	at java.io.FilterInputStream.read(FilterInputStream.java:83)
	at org.apache.hadoop.ipc.Client$Connection$PingInputStream.read(Client.java:563)
	at java.io.DataInputStream.readInt(DataInputStream.java:387)
	at org.apache.hadoop.ipc.Client$IpcStreams.readResponse(Client.java:1892)
	at org.apache.hadoop.ipc.Client$Connection.receiveRpcResponse(Client.java:1202)
	at org.apache.hadoop.ipc.Client$Connection.run(Client.java:1098)
2022-03-02 19:00:15,642 [EndpointStateMachine task thread for /127.0.0.1:46849 - 0 ] WARN  statemachine.EndpointStateMachine (EndpointStateMachine.java:logIfNeeded(236)) - Unable to communicate to SCM server at localhost:46849 for past 0 seconds.
java.net.SocketTimeoutException: Call From fv-az148-899/10.1.0.29 to localhost:46849 failed on socket timeout exception: java.net.SocketTimeoutException: 5000 millis timeout while waiting for channel to be ready for read. ch : java.nio.channels.SocketChannel[connected local=/127.0.0.1:55578 remote=/127.0.0.1:46849]; For more details see:  http://wiki.apache.org/hadoop/SocketTimeout
	at sun.reflect.GeneratedConstructorAccessor32.newInstance(Unknown Source)
	at sun.reflect.DelegatingConstructorAccessorImpl.newInstance(DelegatingConstructorAccessorImpl.java:45)
	at java.lang.reflect.Constructor.newInstance(Constructor.java:423)
	at org.apache.hadoop.net.NetUtils.wrapWithMessage(NetUtils.java:913)
	at org.apache.hadoop.net.NetUtils.wrapException(NetUtils.java:848)
	at org.apache.hadoop.ipc.Client.getRpcResponse(Client.java:1577)
	at org.apache.hadoop.ipc.Client.call(Client.java:1519)
	at org.apache.hadoop.ipc.Client.call(Client.java:1416)
	at org.apache.hadoop.ipc.ProtobufRpcEngine$Invoker.invoke(ProtobufRpcEngine.java:236)
	at org.apache.hadoop.ipc.ProtobufRpcEngine$Invoker.invoke(ProtobufRpcEngine.java:123)
	at com.sun.proxy.$Proxy48.submitRequest(Unknown Source)
	at org.apache.hadoop.ozone.protocolPB.StorageContainerDatanodeProtocolClientSideTranslatorPB.submitRequest(StorageContainerDatanodeProtocolClientSideTranslatorPB.java:117)
	at org.apache.hadoop.ozone.protocolPB.StorageContainerDatanodeProtocolClientSideTranslatorPB.getVersion(StorageContainerDatanodeProtocolClientSideTranslatorPB.java:133)
	at org.apache.hadoop.ozone.container.common.states.endpoint.VersionEndpointTask.call(VersionEndpointTask.java:71)
	at org.apache.hadoop.ozone.container.common.states.endpoint.VersionEndpointTask.call(VersionEndpointTask.java:42)
	at java.util.concurrent.FutureTask.run(FutureTask.java:266)
	at java.util.concurrent.ThreadPoolExecutor.runWorker(ThreadPoolExecutor.java:1149)
	at java.util.concurrent.ThreadPoolExecutor$Worker.run(ThreadPoolExecutor.java:624)
	at java.lang.Thread.run(Thread.java:750)
Caused by: java.net.SocketTimeoutException: 5000 millis timeout while waiting for channel to be ready for read. ch : java.nio.channels.SocketChannel[connected local=/127.0.0.1:55578 remote=/127.0.0.1:46849]
	at org.apache.hadoop.net.SocketIOWithTimeout.doIO(SocketIOWithTimeout.java:164)
	at org.apache.hadoop.net.SocketInputStream.read(SocketInputStream.java:161)
	at org.apache.hadoop.net.SocketInputStream.read(SocketInputStream.java:131)
	at java.io.FilterInputStream.read(FilterInputStream.java:133)
	at java.io.BufferedInputStream.fill(BufferedInputStream.java:246)
	at java.io.BufferedInputStream.read(BufferedInputStream.java:265)
	at java.io.FilterInputStream.read(FilterInputStream.java:83)
	at java.io.FilterInputStream.read(FilterInputStream.java:83)
	at org.apache.hadoop.ipc.Client$Connection$PingInputStream.read(Client.java:563)
	at java.io.DataInputStream.readInt(DataInputStream.java:387)
	at org.apache.hadoop.ipc.Client$IpcStreams.readResponse(Client.java:1892)
	at org.apache.hadoop.ipc.Client$Connection.receiveRpcResponse(Client.java:1202)
	at org.apache.hadoop.ipc.Client$Connection.run(Client.java:1098)
2022-03-02 19:00:15,657 [pool-360-thread-1] INFO  server.RaftServerConfigKeys (ConfUtils.java:logGet(44)) - raft.server.log.segment.cache.num.max = 2 (custom)
2022-03-02 19:00:15,657 [pool-360-thread-1] INFO  server.RaftServerConfigKeys (ConfUtils.java:logGet(44)) - raft.server.log.segment.cache.size.max = 200MB (=209715200) (default)
2022-03-02 19:00:15,657 [pool-360-thread-1] INFO  segmented.SegmentedRaftLogWorker (SegmentedRaftLogWorker.java:<init>(182)) - new aa697790-8875-4a1b-830b-e84d121175f0@group-CC131612F07F-SegmentedRaftLogWorker for RaftStorageImpl:Storage Directory /home/runner/work/ozone/ozone/hadoop-ozone/integration-test/target/test-dir/MiniOzoneClusterImpl-5ed764c8-eddb-4368-ac32-9b8b311b51af/datanode-0/data/ratis/2fb76785-e474-47ca-8e78-cc131612f07f
2022-03-02 19:00:15,657 [pool-360-thread-1] INFO  server.RaftServerConfigKeys (ConfUtils.java:logGet(44)) - raft.server.log.queue.byte-limit = 4294967296 (custom)
2022-03-02 19:00:15,657 [pool-360-thread-1] INFO  server.RaftServerConfigKeys (ConfUtils.java:logGet(44)) - raft.server.log.queue.element-limit = 1024 (custom)
2022-03-02 19:00:15,657 [pool-360-thread-1] INFO  server.RaftServerConfigKeys (ConfUtils.java:logGet(44)) - raft.server.log.segment.size.max = 1048576 (custom)
2022-03-02 19:00:15,657 [pool-360-thread-1] INFO  server.RaftServerConfigKeys (ConfUtils.java:logGet(44)) - raft.server.log.preallocated.size = 16384 (custom)
2022-03-02 19:00:15,657 [pool-360-thread-1] INFO  server.RaftServerConfigKeys (ConfUtils.java:logGet(44)) - raft.server.log.force.sync.num = 128 (default)
2022-03-02 19:00:15,657 [pool-360-thread-1] INFO  server.RaftServerConfigKeys (ConfUtils.java:logGet(44)) - raft.server.log.statemachine.data.sync = true (default)
2022-03-02 19:00:15,657 [pool-360-thread-1] INFO  server.RaftServerConfigKeys (ConfUtils.java:logGet(44)) - raft.server.log.statemachine.data.sync.timeout = 10s (default)
2022-03-02 19:00:15,658 [pool-360-thread-1] INFO  server.RaftServerConfigKeys (ConfUtils.java:logGet(44)) - raft.server.log.statemachine.data.sync.timeout.retry = -1 (default)
2022-03-02 19:00:15,658 [f746044e-06a5-45c2-8175-96f1febdd987@group-9B8B311B51AF-StateMachineUpdater] INFO  safemode.HealthyPipelineSafeModeRule (HealthyPipelineSafeModeRule.java:initializeRule(152)) - Refreshed total pipeline count is 0, healthy pipeline threshold count is 1
2022-03-02 19:00:15,658 [pool-360-thread-1] INFO  server.RaftServerConfigKeys (ConfUtils.java:logGet(44)) - raft.server.log.write.buffer.size = 1048576 (custom)
2022-03-02 19:00:15,659 [pool-360-thread-1] INFO  server.RaftServerConfigKeys (ConfUtils.java:logGet(44)) - raft.server.log.statemachine.data.caching.enabled = true (custom)
2022-03-02 19:00:15,659 [pool-360-thread-1] INFO  segmented.SegmentedRaftLogWorker (SegmentedRaftLogWorker.java:lambda$new$0(133)) - aa697790-8875-4a1b-830b-e84d121175f0@group-CC131612F07F-SegmentedRaftLogWorker: flushIndex: setUnconditionally 0 -> -1
2022-03-02 19:00:15,659 [pool-360-thread-1] INFO  segmented.SegmentedRaftLogWorker (SegmentedRaftLogWorker.java:lambda$new$0(133)) - aa697790-8875-4a1b-830b-e84d121175f0@group-CC131612F07F-SegmentedRaftLogWorker: safeCacheEvictIndex: setUnconditionally 0 -> -1
2022-03-02 19:00:15,672 [pool-360-thread-1] INFO  server.RaftServerConfigKeys (ConfUtils.java:logGet(44)) - raft.server.snapshot.auto.trigger.enabled = true (custom)
2022-03-02 19:00:15,673 [pool-360-thread-1] INFO  server.RaftServerConfigKeys (ConfUtils.java:logGet(44)) - raft.server.snapshot.auto.trigger.threshold = 10000 (custom)
2022-03-02 19:00:15,675 [pool-360-thread-1] INFO  server.RaftServerConfigKeys (ConfUtils.java:logGet(44)) - raft.server.snapshot.retention.file.num = 5 (custom)
2022-03-02 19:00:15,675 [pool-360-thread-1] INFO  server.RaftServerConfigKeys (ConfUtils.java:logGet(44)) - raft.server.log.purge.upto.snapshot.index = false (default)
2022-03-02 19:00:15,684 [EventQueue-OpenPipelineForHealthyPipelineSafeModeRule] INFO  safemode.SCMSafeModeManager (HealthyPipelineSafeModeRule.java:process(124)) - SCM in safe mode. Healthy pipelines reported count is 0, required healthy pipeline reported count is 1
2022-03-02 19:00:15,685 [3b6c5475-24e7-4d17-bb16-57441daa5342@group-9B8B311B51AF-StateMachineUpdater] INFO  safemode.HealthyPipelineSafeModeRule (HealthyPipelineSafeModeRule.java:initializeRule(152)) - Refreshed total pipeline count is 0, healthy pipeline threshold count is 1
2022-03-02 19:00:15,685 [pool-360-thread-1] INFO  server.RaftServerConfigKeys (ConfUtils.java:logGet(44)) - raft.server.retrycache.expirytime = 600000ms (custom)
2022-03-02 19:00:15,689 [pool-360-thread-1] INFO  server.RaftServerConfigKeys (ConfUtils.java:logGet(44)) - raft.server.retrycache.statistics.expirytime = 100μs (default)
2022-03-02 19:00:15,690 [pool-360-thread-1] INFO  server.RaftServer$Division (RaftServerImpl.java:start(301)) - aa697790-8875-4a1b-830b-e84d121175f0@group-CC131612F07F: start as a follower, conf=-1: [aa697790-8875-4a1b-830b-e84d121175f0|rpc:127.0.0.1:40725|priority:1], old=null
2022-03-02 19:00:15,690 [pool-360-thread-1] INFO  server.RaftServer$Division (RaftServerImpl.java:setRole(290)) - aa697790-8875-4a1b-830b-e84d121175f0@group-CC131612F07F: changes role from      null to FOLLOWER at term 0 for startAsFollower
2022-03-02 19:00:15,690 [pool-360-thread-1] INFO  impl.RoleInfo (RoleInfo.java:updateAndGet(130)) - aa697790-8875-4a1b-830b-e84d121175f0: start aa697790-8875-4a1b-830b-e84d121175f0@group-CC131612F07F-FollowerState
2022-03-02 19:00:15,696 [pool-360-thread-1] INFO  util.JmxRegister (JmxRegister.java:tryRegister(44)) - Successfully registered JMX Bean with object name Ratis:service=RaftServer,group=group-CC131612F07F,id=aa697790-8875-4a1b-830b-e84d121175f0
2022-03-02 19:00:15,707 [Command processor thread] INFO  ratis.XceiverServerRatis (XceiverServerRatis.java:addGroup(769)) - Created group PipelineID=2fb76785-e474-47ca-8e78-cc131612f07f
2022-03-02 19:00:15,707 [Command processor thread] INFO  commandhandler.CreatePipelineCommandHandler (CreatePipelineCommandHandler.java:handle(106)) - Created Pipeline RATIS ONE PipelineID=2fb76785-e474-47ca-8e78-cc131612f07f.
2022-03-02 19:00:15,707 [Command processor thread] INFO  server.RaftServer (RaftServerProxy.java:addNew(95)) - aa697790-8875-4a1b-830b-e84d121175f0: addNew group-1A55FEB1424C:[aa697790-8875-4a1b-830b-e84d121175f0|rpc:127.0.0.1:40725|priority:1, b53c45b1-3941-4685-95cb-36e9d2366fdc|rpc:127.0.0.1:36539|priority:0, a730aa12-8e10-43d5-9e4d-8226ddf6a853|rpc:127.0.0.1:34023|priority:0] returns group-1A55FEB1424C:java.util.concurrent.CompletableFuture@29904f45[Not completed]
2022-03-02 19:00:15,708 [pool-360-thread-1] INFO  server.RaftServer$Division (RaftServerImpl.java:<init>(184)) - aa697790-8875-4a1b-830b-e84d121175f0: new RaftServerImpl for group-1A55FEB1424C:[aa697790-8875-4a1b-830b-e84d121175f0|rpc:127.0.0.1:40725|priority:1, b53c45b1-3941-4685-95cb-36e9d2366fdc|rpc:127.0.0.1:36539|priority:0, a730aa12-8e10-43d5-9e4d-8226ddf6a853|rpc:127.0.0.1:34023|priority:0] with ContainerStateMachine:uninitialized
2022-03-02 19:00:15,708 [pool-360-thread-1] INFO  server.RaftServerConfigKeys (ConfUtils.java:logGet(44)) - raft.server.rpc.timeout.min = 5s (custom)
2022-03-02 19:00:15,708 [pool-360-thread-1] INFO  server.RaftServerConfigKeys (ConfUtils.java:logGet(44)) - raft.server.rpc.timeout.max = 5200ms (custom)
2022-03-02 19:00:15,708 [pool-360-thread-1] INFO  server.RaftServerConfigKeys (ConfUtils.java:logGet(44)) - raft.server.rpc.sleep.time = 25ms (default)
2022-03-02 19:00:15,708 [pool-360-thread-1] INFO  server.RaftServerConfigKeys (ConfUtils.java:logGet(44)) - raft.server.rpc.slowness.timeout = 300s (custom)
2022-03-02 19:00:15,708 [pool-360-thread-1] INFO  server.RaftServerConfigKeys (ConfUtils.java:logGet(44)) - raft.server.leaderelection.leader.step-down.wait-time = 10s (default)
2022-03-02 19:00:15,708 [pool-360-thread-1] INFO  server.RaftServerConfigKeys (ConfUtils.java:logGet(44)) - raft.server.sleep.deviation.threshold = 300ms (default)
2022-03-02 19:00:15,708 [pool-360-thread-1] INFO  server.RaftServerConfigKeys (ConfUtils.java:logGet(44)) - raft.server.log.appender.install.snapshot.enabled = false (custom)
2022-03-02 19:00:15,708 [pool-360-thread-1] INFO  server.RaftServer$Division (ServerState.java:<init>(105)) - aa697790-8875-4a1b-830b-e84d121175f0@group-1A55FEB1424C: ConfigurationManager, init=-1: [aa697790-8875-4a1b-830b-e84d121175f0|rpc:127.0.0.1:40725|priority:1, b53c45b1-3941-4685-95cb-36e9d2366fdc|rpc:127.0.0.1:36539|priority:0, a730aa12-8e10-43d5-9e4d-8226ddf6a853|rpc:127.0.0.1:34023|priority:0], old=null, confs=<EMPTY_MAP>
2022-03-02 19:00:15,708 [pool-360-thread-1] INFO  server.RaftServerConfigKeys (ConfUtils.java:logGet(44)) - raft.server.storage.dir = [/home/runner/work/ozone/ozone/hadoop-ozone/integration-test/target/test-dir/MiniOzoneClusterImpl-5ed764c8-eddb-4368-ac32-9b8b311b51af/datanode-0/data/ratis] (custom)
2022-03-02 19:00:15,709 [pool-360-thread-1] INFO  server.RaftServerConfigKeys (ConfUtils.java:logGet(44)) - raft.server.log.corruption.policy = EXCEPTION (default)
2022-03-02 19:00:15,709 [pool-360-thread-1] INFO  server.RaftServerConfigKeys (ConfUtils.java:logGet(44)) - raft.server.storage.free-space.min = 0MB (=0) (default)
2022-03-02 19:00:15,709 [pool-360-thread-1] INFO  storage.RaftStorageDirectory (RaftStorageDirectoryImpl.java:analyzeStorage(135)) - The storage directory /home/runner/work/ozone/ozone/hadoop-ozone/integration-test/target/test-dir/MiniOzoneClusterImpl-5ed764c8-eddb-4368-ac32-9b8b311b51af/datanode-0/data/ratis/b9eebb0d-29d0-4ad9-86a2-1a55feb1424c does not exist. Creating ...
2022-03-02 19:00:15,710 [pool-360-thread-1] INFO  storage.RaftStorageDirectory (RaftStorageDirectoryImpl.java:tryLock(230)) - Lock on /home/runner/work/ozone/ozone/hadoop-ozone/integration-test/target/test-dir/MiniOzoneClusterImpl-5ed764c8-eddb-4368-ac32-9b8b311b51af/datanode-0/data/ratis/b9eebb0d-29d0-4ad9-86a2-1a55feb1424c/in_use.lock acquired by nodename 7106@fv-az148-899
2022-03-02 19:00:15,711 [pool-360-thread-1] INFO  storage.RaftStorage (RaftStorageImpl.java:format(89)) - Storage directory /home/runner/work/ozone/ozone/hadoop-ozone/integration-test/target/test-dir/MiniOzoneClusterImpl-5ed764c8-eddb-4368-ac32-9b8b311b51af/datanode-0/data/ratis/b9eebb0d-29d0-4ad9-86a2-1a55feb1424c has been successfully formatted.
2022-03-02 19:00:15,714 [EventQueue-OpenPipelineForHealthyPipelineSafeModeRule] INFO  safemode.SCMSafeModeManager (HealthyPipelineSafeModeRule.java:process(124)) - SCM in safe mode. Healthy pipelines reported count is 0, required healthy pipeline reported count is 1
2022-03-02 19:00:15,714 [pool-360-thread-1] INFO  ratis.ContainerStateMachine (ContainerStateMachine.java:loadSnapshot(236)) - group-1A55FEB1424C: The snapshot info is null. Setting the last applied indexto:(t:0, i:~)
2022-03-02 19:00:15,715 [pool-360-thread-1] INFO  server.RaftServerConfigKeys (ConfUtils.java:logGet(44)) - raft.server.notification.no-leader.timeout = 300s (custom)
2022-03-02 19:00:15,718 [pool-360-thread-1] INFO  server.RaftServerConfigKeys (ConfUtils.java:logGet(44)) - raft.server.log.use.memory = false (default)
2022-03-02 19:00:15,718 [pool-360-thread-1] INFO  server.RaftServerConfigKeys (ConfUtils.java:logGet(44)) - raft.server.log.purge.gap = 1000000 (custom)
2022-03-02 19:00:15,718 [pool-360-thread-1] INFO  server.RaftServerConfigKeys (ConfUtils.java:logGet(44)) - raft.server.log.appender.buffer.byte-limit = 33554432 (custom)
2022-03-02 19:00:15,718 [pool-360-thread-1] INFO  server.RaftServerConfigKeys (ConfUtils.java:logGet(44)) - raft.server.log.segment.size.max = 1048576 (custom)
2022-03-02 19:00:15,718 [pool-360-thread-1] INFO  server.RaftServerConfigKeys (ConfUtils.java:logGet(44)) - raft.server.log.segment.cache.num.max = 2 (custom)
2022-03-02 19:00:15,719 [pool-360-thread-1] INFO  server.RaftServerConfigKeys (ConfUtils.java:logGet(44)) - raft.server.log.segment.cache.size.max = 200MB (=209715200) (default)
2022-03-02 19:00:15,719 [pool-360-thread-1] INFO  segmented.SegmentedRaftLogWorker (SegmentedRaftLogWorker.java:<init>(182)) - new aa697790-8875-4a1b-830b-e84d121175f0@group-1A55FEB1424C-SegmentedRaftLogWorker for RaftStorageImpl:Storage Directory /home/runner/work/ozone/ozone/hadoop-ozone/integration-test/target/test-dir/MiniOzoneClusterImpl-5ed764c8-eddb-4368-ac32-9b8b311b51af/datanode-0/data/ratis/b9eebb0d-29d0-4ad9-86a2-1a55feb1424c
2022-03-02 19:00:15,719 [pool-360-thread-1] INFO  server.RaftServerConfigKeys (ConfUtils.java:logGet(44)) - raft.server.log.queue.byte-limit = 4294967296 (custom)
2022-03-02 19:00:15,719 [pool-360-thread-1] INFO  server.RaftServerConfigKeys (ConfUtils.java:logGet(44)) - raft.server.log.queue.element-limit = 1024 (custom)
2022-03-02 19:00:15,719 [pool-360-thread-1] INFO  server.RaftServerConfigKeys (ConfUtils.java:logGet(44)) - raft.server.log.segment.size.max = 1048576 (custom)
2022-03-02 19:00:15,719 [pool-360-thread-1] INFO  server.RaftServerConfigKeys (ConfUtils.java:logGet(44)) - raft.server.log.preallocated.size = 16384 (custom)
2022-03-02 19:00:15,719 [pool-360-thread-1] INFO  server.RaftServerConfigKeys (ConfUtils.java:logGet(44)) - raft.server.log.force.sync.num = 128 (default)
2022-03-02 19:00:15,719 [pool-360-thread-1] INFO  server.RaftServerConfigKeys (ConfUtils.java:logGet(44)) - raft.server.log.statemachine.data.sync = true (default)
2022-03-02 19:00:15,719 [pool-360-thread-1] INFO  server.RaftServerConfigKeys (ConfUtils.java:logGet(44)) - raft.server.log.statemachine.data.sync.timeout = 10s (default)
2022-03-02 19:00:15,719 [pool-360-thread-1] INFO  server.RaftServerConfigKeys (ConfUtils.java:logGet(44)) - raft.server.log.statemachine.data.sync.timeout.retry = -1 (default)
2022-03-02 19:00:15,720 [pool-360-thread-1] INFO  server.RaftServerConfigKeys (ConfUtils.java:logGet(44)) - raft.server.log.write.buffer.size = 1048576 (custom)
2022-03-02 19:00:15,720 [pool-360-thread-1] INFO  server.RaftServerConfigKeys (ConfUtils.java:logGet(44)) - raft.server.log.statemachine.data.caching.enabled = true (custom)
2022-03-02 19:00:15,721 [pool-360-thread-1] INFO  segmented.SegmentedRaftLogWorker (SegmentedRaftLogWorker.java:lambda$new$0(133)) - aa697790-8875-4a1b-830b-e84d121175f0@group-1A55FEB1424C-SegmentedRaftLogWorker: flushIndex: setUnconditionally 0 -> -1
2022-03-02 19:00:15,721 [pool-360-thread-1] INFO  segmented.SegmentedRaftLogWorker (SegmentedRaftLogWorker.java:lambda$new$0(133)) - aa697790-8875-4a1b-830b-e84d121175f0@group-1A55FEB1424C-SegmentedRaftLogWorker: safeCacheEvictIndex: setUnconditionally 0 -> -1
2022-03-02 19:00:15,717 [EventQueue-OpenPipelineForHealthyPipelineSafeModeRule] INFO  safemode.SCMSafeModeManager (HealthyPipelineSafeModeRule.java:process(124)) - SCM in safe mode. Healthy pipelines reported count is 0, required healthy pipeline reported count is 1
2022-03-02 19:00:15,733 [pool-360-thread-1] INFO  server.RaftServerConfigKeys (ConfUtils.java:logGet(44)) - raft.server.snapshot.auto.trigger.enabled = true (custom)
2022-03-02 19:00:15,733 [pool-360-thread-1] INFO  server.RaftServerConfigKeys (ConfUtils.java:logGet(44)) - raft.server.snapshot.auto.trigger.threshold = 10000 (custom)
2022-03-02 19:00:15,733 [pool-360-thread-1] INFO  server.RaftServerConfigKeys (ConfUtils.java:logGet(44)) - raft.server.snapshot.retention.file.num = 5 (custom)
2022-03-02 19:00:15,733 [pool-360-thread-1] INFO  server.RaftServerConfigKeys (ConfUtils.java:logGet(44)) - raft.server.log.purge.upto.snapshot.index = false (default)
2022-03-02 19:00:15,733 [pool-360-thread-1] INFO  server.RaftServerConfigKeys (ConfUtils.java:logGet(44)) - raft.server.retrycache.expirytime = 600000ms (custom)
2022-03-02 19:00:15,733 [pool-360-thread-1] INFO  server.RaftServerConfigKeys (ConfUtils.java:logGet(44)) - raft.server.retrycache.statistics.expirytime = 100μs (default)
2022-03-02 19:00:15,734 [pool-360-thread-1] INFO  server.RaftServer$Division (RaftServerImpl.java:start(301)) - aa697790-8875-4a1b-830b-e84d121175f0@group-1A55FEB1424C: start as a follower, conf=-1: [aa697790-8875-4a1b-830b-e84d121175f0|rpc:127.0.0.1:40725|priority:1, b53c45b1-3941-4685-95cb-36e9d2366fdc|rpc:127.0.0.1:36539|priority:0, a730aa12-8e10-43d5-9e4d-8226ddf6a853|rpc:127.0.0.1:34023|priority:0], old=null
2022-03-02 19:00:15,735 [pool-360-thread-1] INFO  server.RaftServer$Division (RaftServerImpl.java:setRole(290)) - aa697790-8875-4a1b-830b-e84d121175f0@group-1A55FEB1424C: changes role from      null to FOLLOWER at term 0 for startAsFollower
2022-03-02 19:00:15,735 [pool-360-thread-1] INFO  impl.RoleInfo (RoleInfo.java:updateAndGet(130)) - aa697790-8875-4a1b-830b-e84d121175f0: start aa697790-8875-4a1b-830b-e84d121175f0@group-1A55FEB1424C-FollowerState
2022-03-02 19:00:15,735 [pool-360-thread-1] INFO  util.JmxRegister (JmxRegister.java:tryRegister(44)) - Successfully registered JMX Bean with object name Ratis:service=RaftServer,group=group-1A55FEB1424C,id=aa697790-8875-4a1b-830b-e84d121175f0
2022-03-02 19:00:15,736 [Command processor thread] INFO  ratis.XceiverServerRatis (XceiverServerRatis.java:addGroup(769)) - Created group PipelineID=b9eebb0d-29d0-4ad9-86a2-1a55feb1424c
2022-03-02 19:00:15,752 [grpc-default-executor-0] INFO  server.RaftServer (RaftServerProxy.java:addNew(95)) - b53c45b1-3941-4685-95cb-36e9d2366fdc: addNew group-1A55FEB1424C:[aa697790-8875-4a1b-830b-e84d121175f0|rpc:127.0.0.1:40725|dataStream:|priority:1, b53c45b1-3941-4685-95cb-36e9d2366fdc|rpc:127.0.0.1:36539|dataStream:|priority:0, a730aa12-8e10-43d5-9e4d-8226ddf6a853|rpc:127.0.0.1:34023|dataStream:|priority:0] returns group-1A55FEB1424C:java.util.concurrent.CompletableFuture@74b29cd5[Not completed]
2022-03-02 19:00:15,755 [pool-406-thread-1] INFO  server.RaftServer$Division (RaftServerImpl.java:<init>(184)) - b53c45b1-3941-4685-95cb-36e9d2366fdc: new RaftServerImpl for group-1A55FEB1424C:[aa697790-8875-4a1b-830b-e84d121175f0|rpc:127.0.0.1:40725|dataStream:|priority:1, b53c45b1-3941-4685-95cb-36e9d2366fdc|rpc:127.0.0.1:36539|dataStream:|priority:0, a730aa12-8e10-43d5-9e4d-8226ddf6a853|rpc:127.0.0.1:34023|dataStream:|priority:0] with ContainerStateMachine:uninitialized
2022-03-02 19:00:15,755 [pool-406-thread-1] INFO  server.RaftServerConfigKeys (ConfUtils.java:logGet(44)) - raft.server.rpc.timeout.min = 5s (custom)
2022-03-02 19:00:15,755 [pool-406-thread-1] INFO  server.RaftServerConfigKeys (ConfUtils.java:logGet(44)) - raft.server.rpc.timeout.max = 5200ms (custom)
2022-03-02 19:00:15,756 [pool-406-thread-1] INFO  server.RaftServerConfigKeys (ConfUtils.java:logGet(44)) - raft.server.rpc.sleep.time = 25ms (default)
2022-03-02 19:00:15,756 [pool-406-thread-1] INFO  server.RaftServerConfigKeys (ConfUtils.java:logGet(44)) - raft.server.rpc.slowness.timeout = 300s (custom)
2022-03-02 19:00:15,756 [pool-406-thread-1] INFO  server.RaftServerConfigKeys (ConfUtils.java:logGet(44)) - raft.server.leaderelection.leader.step-down.wait-time = 10s (default)
2022-03-02 19:00:15,756 [pool-406-thread-1] INFO  server.RaftServerConfigKeys (ConfUtils.java:logGet(44)) - raft.server.sleep.deviation.threshold = 300ms (default)
2022-03-02 19:00:15,756 [pool-406-thread-1] INFO  server.RaftServerConfigKeys (ConfUtils.java:logGet(44)) - raft.server.log.appender.install.snapshot.enabled = false (custom)
2022-03-02 19:00:15,756 [pool-406-thread-1] INFO  server.RaftServer$Division (ServerState.java:<init>(105)) - b53c45b1-3941-4685-95cb-36e9d2366fdc@group-1A55FEB1424C: ConfigurationManager, init=-1: [aa697790-8875-4a1b-830b-e84d121175f0|rpc:127.0.0.1:40725|dataStream:|priority:1, b53c45b1-3941-4685-95cb-36e9d2366fdc|rpc:127.0.0.1:36539|dataStream:|priority:0, a730aa12-8e10-43d5-9e4d-8226ddf6a853|rpc:127.0.0.1:34023|dataStream:|priority:0], old=null, confs=<EMPTY_MAP>
2022-03-02 19:00:15,756 [pool-406-thread-1] INFO  server.RaftServerConfigKeys (ConfUtils.java:logGet(44)) - raft.server.storage.dir = [/home/runner/work/ozone/ozone/hadoop-ozone/integration-test/target/test-dir/MiniOzoneClusterImpl-5ed764c8-eddb-4368-ac32-9b8b311b51af/datanode-2/data/ratis] (custom)
2022-03-02 19:00:15,756 [pool-406-thread-1] INFO  server.RaftServerConfigKeys (ConfUtils.java:logGet(44)) - raft.server.log.corruption.policy = EXCEPTION (default)
2022-03-02 19:00:15,756 [pool-406-thread-1] INFO  server.RaftServerConfigKeys (ConfUtils.java:logGet(44)) - raft.server.storage.free-space.min = 0MB (=0) (default)
2022-03-02 19:00:15,756 [pool-406-thread-1] INFO  storage.RaftStorageDirectory (RaftStorageDirectoryImpl.java:analyzeStorage(135)) - The storage directory /home/runner/work/ozone/ozone/hadoop-ozone/integration-test/target/test-dir/MiniOzoneClusterImpl-5ed764c8-eddb-4368-ac32-9b8b311b51af/datanode-2/data/ratis/b9eebb0d-29d0-4ad9-86a2-1a55feb1424c does not exist. Creating ...
2022-03-02 19:00:15,759 [pool-406-thread-1] INFO  storage.RaftStorageDirectory (RaftStorageDirectoryImpl.java:tryLock(230)) - Lock on /home/runner/work/ozone/ozone/hadoop-ozone/integration-test/target/test-dir/MiniOzoneClusterImpl-5ed764c8-eddb-4368-ac32-9b8b311b51af/datanode-2/data/ratis/b9eebb0d-29d0-4ad9-86a2-1a55feb1424c/in_use.lock acquired by nodename 7106@fv-az148-899
2022-03-02 19:00:15,766 [pool-406-thread-1] INFO  storage.RaftStorage (RaftStorageImpl.java:format(89)) - Storage directory /home/runner/work/ozone/ozone/hadoop-ozone/integration-test/target/test-dir/MiniOzoneClusterImpl-5ed764c8-eddb-4368-ac32-9b8b311b51af/datanode-2/data/ratis/b9eebb0d-29d0-4ad9-86a2-1a55feb1424c has been successfully formatted.
2022-03-02 19:00:15,767 [pool-406-thread-1] INFO  ratis.ContainerStateMachine (ContainerStateMachine.java:loadSnapshot(236)) - group-1A55FEB1424C: The snapshot info is null. Setting the last applied indexto:(t:0, i:~)
2022-03-02 19:00:15,767 [pool-406-thread-1] INFO  server.RaftServerConfigKeys (ConfUtils.java:logGet(44)) - raft.server.notification.no-leader.timeout = 300s (custom)
2022-03-02 19:00:15,775 [pool-406-thread-1] INFO  server.RaftServerConfigKeys (ConfUtils.java:logGet(44)) - raft.server.log.use.memory = false (default)
2022-03-02 19:00:15,775 [pool-406-thread-1] INFO  server.RaftServerConfigKeys (ConfUtils.java:logGet(44)) - raft.server.log.purge.gap = 1000000 (custom)
2022-03-02 19:00:15,775 [pool-406-thread-1] INFO  server.RaftServerConfigKeys (ConfUtils.java:logGet(44)) - raft.server.log.appender.buffer.byte-limit = 33554432 (custom)
2022-03-02 19:00:15,776 [pool-406-thread-1] INFO  server.RaftServerConfigKeys (ConfUtils.java:logGet(44)) - raft.server.log.segment.size.max = 1048576 (custom)
2022-03-02 19:00:15,776 [pool-406-thread-1] INFO  server.RaftServerConfigKeys (ConfUtils.java:logGet(44)) - raft.server.log.segment.cache.num.max = 2 (custom)
2022-03-02 19:00:15,777 [pool-406-thread-1] INFO  server.RaftServerConfigKeys (ConfUtils.java:logGet(44)) - raft.server.log.segment.cache.size.max = 200MB (=209715200) (default)
2022-03-02 19:00:15,777 [pool-406-thread-1] INFO  segmented.SegmentedRaftLogWorker (SegmentedRaftLogWorker.java:<init>(182)) - new b53c45b1-3941-4685-95cb-36e9d2366fdc@group-1A55FEB1424C-SegmentedRaftLogWorker for RaftStorageImpl:Storage Directory /home/runner/work/ozone/ozone/hadoop-ozone/integration-test/target/test-dir/MiniOzoneClusterImpl-5ed764c8-eddb-4368-ac32-9b8b311b51af/datanode-2/data/ratis/b9eebb0d-29d0-4ad9-86a2-1a55feb1424c
2022-03-02 19:00:15,778 [pool-406-thread-1] INFO  server.RaftServerConfigKeys (ConfUtils.java:logGet(44)) - raft.server.log.queue.byte-limit = 4294967296 (custom)
2022-03-02 19:00:15,779 [pool-406-thread-1] INFO  server.RaftServerConfigKeys (ConfUtils.java:logGet(44)) - raft.server.log.queue.element-limit = 1024 (custom)
2022-03-02 19:00:15,783 [pool-406-thread-1] INFO  server.RaftServerConfigKeys (ConfUtils.java:logGet(44)) - raft.server.log.segment.size.max = 1048576 (custom)
2022-03-02 19:00:15,783 [pool-406-thread-1] INFO  server.RaftServerConfigKeys (ConfUtils.java:logGet(44)) - raft.server.log.preallocated.size = 16384 (custom)
2022-03-02 19:00:15,784 [pool-406-thread-1] INFO  server.RaftServerConfigKeys (ConfUtils.java:logGet(44)) - raft.server.log.force.sync.num = 128 (default)
2022-03-02 19:00:15,784 [pool-406-thread-1] INFO  server.RaftServerConfigKeys (ConfUtils.java:logGet(44)) - raft.server.log.statemachine.data.sync = true (default)
2022-03-02 19:00:15,784 [pool-406-thread-1] INFO  server.RaftServerConfigKeys (ConfUtils.java:logGet(44)) - raft.server.log.statemachine.data.sync.timeout = 10s (default)
2022-03-02 19:00:15,784 [pool-406-thread-1] INFO  server.RaftServerConfigKeys (ConfUtils.java:logGet(44)) - raft.server.log.statemachine.data.sync.timeout.retry = -1 (default)
2022-03-02 19:00:15,785 [pool-406-thread-1] INFO  server.RaftServerConfigKeys (ConfUtils.java:logGet(44)) - raft.server.log.write.buffer.size = 1048576 (custom)
2022-03-02 19:00:15,786 [pool-406-thread-1] INFO  server.RaftServerConfigKeys (ConfUtils.java:logGet(44)) - raft.server.log.statemachine.data.caching.enabled = true (custom)
2022-03-02 19:00:15,786 [pool-406-thread-1] INFO  segmented.SegmentedRaftLogWorker (SegmentedRaftLogWorker.java:lambda$new$0(133)) - b53c45b1-3941-4685-95cb-36e9d2366fdc@group-1A55FEB1424C-SegmentedRaftLogWorker: flushIndex: setUnconditionally 0 -> -1
2022-03-02 19:00:15,786 [pool-406-thread-1] INFO  segmented.SegmentedRaftLogWorker (SegmentedRaftLogWorker.java:lambda$new$0(133)) - b53c45b1-3941-4685-95cb-36e9d2366fdc@group-1A55FEB1424C-SegmentedRaftLogWorker: safeCacheEvictIndex: setUnconditionally 0 -> -1
2022-03-02 19:00:15,786 [pool-406-thread-1] INFO  server.RaftServerConfigKeys (ConfUtils.java:logGet(44)) - raft.server.snapshot.auto.trigger.enabled = true (custom)
2022-03-02 19:00:15,789 [pool-406-thread-1] INFO  server.RaftServerConfigKeys (ConfUtils.java:logGet(44)) - raft.server.snapshot.auto.trigger.threshold = 10000 (custom)
2022-03-02 19:00:15,789 [pool-406-thread-1] INFO  server.RaftServerConfigKeys (ConfUtils.java:logGet(44)) - raft.server.snapshot.retention.file.num = 5 (custom)
2022-03-02 19:00:15,789 [pool-406-thread-1] INFO  server.RaftServerConfigKeys (ConfUtils.java:logGet(44)) - raft.server.log.purge.upto.snapshot.index = false (default)
2022-03-02 19:00:15,789 [pool-406-thread-1] INFO  server.RaftServerConfigKeys (ConfUtils.java:logGet(44)) - raft.server.retrycache.expirytime = 600000ms (custom)
2022-03-02 19:00:15,790 [pool-406-thread-1] INFO  server.RaftServerConfigKeys (ConfUtils.java:logGet(44)) - raft.server.retrycache.statistics.expirytime = 100μs (default)
2022-03-02 19:00:15,803 [pool-406-thread-1] INFO  server.RaftServer$Division (RaftServerImpl.java:start(301)) - b53c45b1-3941-4685-95cb-36e9d2366fdc@group-1A55FEB1424C: start as a follower, conf=-1: [aa697790-8875-4a1b-830b-e84d121175f0|rpc:127.0.0.1:40725|dataStream:|priority:1, b53c45b1-3941-4685-95cb-36e9d2366fdc|rpc:127.0.0.1:36539|dataStream:|priority:0, a730aa12-8e10-43d5-9e4d-8226ddf6a853|rpc:127.0.0.1:34023|dataStream:|priority:0], old=null
2022-03-02 19:00:15,803 [pool-406-thread-1] INFO  server.RaftServer$Division (RaftServerImpl.java:setRole(290)) - b53c45b1-3941-4685-95cb-36e9d2366fdc@group-1A55FEB1424C: changes role from      null to FOLLOWER at term 0 for startAsFollower
2022-03-02 19:00:15,803 [pool-406-thread-1] INFO  impl.RoleInfo (RoleInfo.java:updateAndGet(130)) - b53c45b1-3941-4685-95cb-36e9d2366fdc: start b53c45b1-3941-4685-95cb-36e9d2366fdc@group-1A55FEB1424C-FollowerState
2022-03-02 19:00:15,810 [pool-406-thread-1] INFO  util.JmxRegister (JmxRegister.java:tryRegister(44)) - Successfully registered JMX Bean with object name Ratis:service=RaftServer,group=group-1A55FEB1424C,id=b53c45b1-3941-4685-95cb-36e9d2366fdc
2022-03-02 19:00:15,857 [grpc-default-executor-0] INFO  server.RaftServer (RaftServerProxy.java:addNew(95)) - a730aa12-8e10-43d5-9e4d-8226ddf6a853: addNew group-1A55FEB1424C:[aa697790-8875-4a1b-830b-e84d121175f0|rpc:127.0.0.1:40725|dataStream:|priority:1, b53c45b1-3941-4685-95cb-36e9d2366fdc|rpc:127.0.0.1:36539|dataStream:|priority:0, a730aa12-8e10-43d5-9e4d-8226ddf6a853|rpc:127.0.0.1:34023|dataStream:|priority:0] returns group-1A55FEB1424C:java.util.concurrent.CompletableFuture@4690c68[Not completed]
2022-03-02 19:00:15,858 [pool-383-thread-1] INFO  server.RaftServer$Division (RaftServerImpl.java:<init>(184)) - a730aa12-8e10-43d5-9e4d-8226ddf6a853: new RaftServerImpl for group-1A55FEB1424C:[aa697790-8875-4a1b-830b-e84d121175f0|rpc:127.0.0.1:40725|dataStream:|priority:1, b53c45b1-3941-4685-95cb-36e9d2366fdc|rpc:127.0.0.1:36539|dataStream:|priority:0, a730aa12-8e10-43d5-9e4d-8226ddf6a853|rpc:127.0.0.1:34023|dataStream:|priority:0] with ContainerStateMachine:uninitialized
2022-03-02 19:00:15,861 [pool-383-thread-1] INFO  server.RaftServerConfigKeys (ConfUtils.java:logGet(44)) - raft.server.rpc.timeout.min = 5s (custom)
2022-03-02 19:00:15,861 [pool-383-thread-1] INFO  server.RaftServerConfigKeys (ConfUtils.java:logGet(44)) - raft.server.rpc.timeout.max = 5200ms (custom)
2022-03-02 19:00:15,861 [pool-383-thread-1] INFO  server.RaftServerConfigKeys (ConfUtils.java:logGet(44)) - raft.server.rpc.sleep.time = 25ms (default)
2022-03-02 19:00:15,861 [pool-383-thread-1] INFO  server.RaftServerConfigKeys (ConfUtils.java:logGet(44)) - raft.server.rpc.slowness.timeout = 300s (custom)
2022-03-02 19:00:15,861 [pool-383-thread-1] INFO  server.RaftServerConfigKeys (ConfUtils.java:logGet(44)) - raft.server.leaderelection.leader.step-down.wait-time = 10s (default)
2022-03-02 19:00:15,861 [pool-383-thread-1] INFO  server.RaftServerConfigKeys (ConfUtils.java:logGet(44)) - raft.server.sleep.deviation.threshold = 300ms (default)
2022-03-02 19:00:15,861 [pool-383-thread-1] INFO  server.RaftServerConfigKeys (ConfUtils.java:logGet(44)) - raft.server.log.appender.install.snapshot.enabled = false (custom)
2022-03-02 19:00:15,861 [pool-383-thread-1] INFO  server.RaftServer$Division (ServerState.java:<init>(105)) - a730aa12-8e10-43d5-9e4d-8226ddf6a853@group-1A55FEB1424C: ConfigurationManager, init=-1: [aa697790-8875-4a1b-830b-e84d121175f0|rpc:127.0.0.1:40725|dataStream:|priority:1, b53c45b1-3941-4685-95cb-36e9d2366fdc|rpc:127.0.0.1:36539|dataStream:|priority:0, a730aa12-8e10-43d5-9e4d-8226ddf6a853|rpc:127.0.0.1:34023|dataStream:|priority:0], old=null, confs=<EMPTY_MAP>
2022-03-02 19:00:15,862 [pool-383-thread-1] INFO  server.RaftServerConfigKeys (ConfUtils.java:logGet(44)) - raft.server.storage.dir = [/home/runner/work/ozone/ozone/hadoop-ozone/integration-test/target/test-dir/MiniOzoneClusterImpl-5ed764c8-eddb-4368-ac32-9b8b311b51af/datanode-1/data/ratis] (custom)
2022-03-02 19:00:15,862 [pool-383-thread-1] INFO  server.RaftServerConfigKeys (ConfUtils.java:logGet(44)) - raft.server.log.corruption.policy = EXCEPTION (default)
2022-03-02 19:00:15,862 [pool-383-thread-1] INFO  server.RaftServerConfigKeys (ConfUtils.java:logGet(44)) - raft.server.storage.free-space.min = 0MB (=0) (default)
2022-03-02 19:00:15,862 [pool-383-thread-1] INFO  storage.RaftStorageDirectory (RaftStorageDirectoryImpl.java:analyzeStorage(135)) - The storage directory /home/runner/work/ozone/ozone/hadoop-ozone/integration-test/target/test-dir/MiniOzoneClusterImpl-5ed764c8-eddb-4368-ac32-9b8b311b51af/datanode-1/data/ratis/b9eebb0d-29d0-4ad9-86a2-1a55feb1424c does not exist. Creating ...
2022-03-02 19:00:15,863 [pool-383-thread-1] INFO  storage.RaftStorageDirectory (RaftStorageDirectoryImpl.java:tryLock(230)) - Lock on /home/runner/work/ozone/ozone/hadoop-ozone/integration-test/target/test-dir/MiniOzoneClusterImpl-5ed764c8-eddb-4368-ac32-9b8b311b51af/datanode-1/data/ratis/b9eebb0d-29d0-4ad9-86a2-1a55feb1424c/in_use.lock acquired by nodename 7106@fv-az148-899
2022-03-02 19:00:15,865 [pool-383-thread-1] INFO  storage.RaftStorage (RaftStorageImpl.java:format(89)) - Storage directory /home/runner/work/ozone/ozone/hadoop-ozone/integration-test/target/test-dir/MiniOzoneClusterImpl-5ed764c8-eddb-4368-ac32-9b8b311b51af/datanode-1/data/ratis/b9eebb0d-29d0-4ad9-86a2-1a55feb1424c has been successfully formatted.
2022-03-02 19:00:15,871 [pool-383-thread-1] INFO  ratis.ContainerStateMachine (ContainerStateMachine.java:loadSnapshot(236)) - group-1A55FEB1424C: The snapshot info is null. Setting the last applied indexto:(t:0, i:~)
2022-03-02 19:00:15,871 [pool-383-thread-1] INFO  server.RaftServerConfigKeys (ConfUtils.java:logGet(44)) - raft.server.notification.no-leader.timeout = 300s (custom)
2022-03-02 19:00:15,871 [pool-383-thread-1] INFO  server.RaftServerConfigKeys (ConfUtils.java:logGet(44)) - raft.server.log.use.memory = false (default)
2022-03-02 19:00:15,871 [pool-383-thread-1] INFO  server.RaftServerConfigKeys (ConfUtils.java:logGet(44)) - raft.server.log.purge.gap = 1000000 (custom)
2022-03-02 19:00:15,872 [pool-383-thread-1] INFO  server.RaftServerConfigKeys (ConfUtils.java:logGet(44)) - raft.server.log.appender.buffer.byte-limit = 33554432 (custom)
2022-03-02 19:00:15,872 [pool-383-thread-1] INFO  server.RaftServerConfigKeys (ConfUtils.java:logGet(44)) - raft.server.log.segment.size.max = 1048576 (custom)
2022-03-02 19:00:15,872 [pool-383-thread-1] INFO  server.RaftServerConfigKeys (ConfUtils.java:logGet(44)) - raft.server.log.segment.cache.num.max = 2 (custom)
2022-03-02 19:00:15,872 [pool-383-thread-1] INFO  server.RaftServerConfigKeys (ConfUtils.java:logGet(44)) - raft.server.log.segment.cache.size.max = 200MB (=209715200) (default)
2022-03-02 19:00:15,872 [pool-383-thread-1] INFO  segmented.SegmentedRaftLogWorker (SegmentedRaftLogWorker.java:<init>(182)) - new a730aa12-8e10-43d5-9e4d-8226ddf6a853@group-1A55FEB1424C-SegmentedRaftLogWorker for RaftStorageImpl:Storage Directory /home/runner/work/ozone/ozone/hadoop-ozone/integration-test/target/test-dir/MiniOzoneClusterImpl-5ed764c8-eddb-4368-ac32-9b8b311b51af/datanode-1/data/ratis/b9eebb0d-29d0-4ad9-86a2-1a55feb1424c
2022-03-02 19:00:15,872 [pool-383-thread-1] INFO  server.RaftServerConfigKeys (ConfUtils.java:logGet(44)) - raft.server.log.queue.byte-limit = 4294967296 (custom)
2022-03-02 19:00:15,872 [pool-383-thread-1] INFO  server.RaftServerConfigKeys (ConfUtils.java:logGet(44)) - raft.server.log.queue.element-limit = 1024 (custom)
2022-03-02 19:00:15,872 [pool-383-thread-1] INFO  server.RaftServerConfigKeys (ConfUtils.java:logGet(44)) - raft.server.log.segment.size.max = 1048576 (custom)
2022-03-02 19:00:15,872 [pool-383-thread-1] INFO  server.RaftServerConfigKeys (ConfUtils.java:logGet(44)) - raft.server.log.preallocated.size = 16384 (custom)
2022-03-02 19:00:15,873 [pool-383-thread-1] INFO  server.RaftServerConfigKeys (ConfUtils.java:logGet(44)) - raft.server.log.force.sync.num = 128 (default)
2022-03-02 19:00:15,873 [pool-383-thread-1] INFO  server.RaftServerConfigKeys (ConfUtils.java:logGet(44)) - raft.server.log.statemachine.data.sync = true (default)
2022-03-02 19:00:15,873 [pool-383-thread-1] INFO  server.RaftServerConfigKeys (ConfUtils.java:logGet(44)) - raft.server.log.statemachine.data.sync.timeout = 10s (default)
2022-03-02 19:00:15,873 [pool-383-thread-1] INFO  server.RaftServerConfigKeys (ConfUtils.java:logGet(44)) - raft.server.log.statemachine.data.sync.timeout.retry = -1 (default)
2022-03-02 19:00:15,874 [pool-383-thread-1] INFO  server.RaftServerConfigKeys (ConfUtils.java:logGet(44)) - raft.server.log.write.buffer.size = 1048576 (custom)
2022-03-02 19:00:15,874 [pool-383-thread-1] INFO  server.RaftServerConfigKeys (ConfUtils.java:logGet(44)) - raft.server.log.statemachine.data.caching.enabled = true (custom)
2022-03-02 19:00:15,876 [pool-383-thread-1] INFO  segmented.SegmentedRaftLogWorker (SegmentedRaftLogWorker.java:lambda$new$0(133)) - a730aa12-8e10-43d5-9e4d-8226ddf6a853@group-1A55FEB1424C-SegmentedRaftLogWorker: flushIndex: setUnconditionally 0 -> -1
2022-03-02 19:00:15,876 [pool-383-thread-1] INFO  segmented.SegmentedRaftLogWorker (SegmentedRaftLogWorker.java:lambda$new$0(133)) - a730aa12-8e10-43d5-9e4d-8226ddf6a853@group-1A55FEB1424C-SegmentedRaftLogWorker: safeCacheEvictIndex: setUnconditionally 0 -> -1
2022-03-02 19:00:15,881 [pool-383-thread-1] INFO  server.RaftServerConfigKeys (ConfUtils.java:logGet(44)) - raft.server.snapshot.auto.trigger.enabled = true (custom)
2022-03-02 19:00:15,881 [pool-383-thread-1] INFO  server.RaftServerConfigKeys (ConfUtils.java:logGet(44)) - raft.server.snapshot.auto.trigger.threshold = 10000 (custom)
2022-03-02 19:00:15,881 [pool-383-thread-1] INFO  server.RaftServerConfigKeys (ConfUtils.java:logGet(44)) - raft.server.snapshot.retention.file.num = 5 (custom)
2022-03-02 19:00:15,881 [pool-383-thread-1] INFO  server.RaftServerConfigKeys (ConfUtils.java:logGet(44)) - raft.server.log.purge.upto.snapshot.index = false (default)
2022-03-02 19:00:15,881 [pool-383-thread-1] INFO  server.RaftServerConfigKeys (ConfUtils.java:logGet(44)) - raft.server.retrycache.expirytime = 600000ms (custom)
2022-03-02 19:00:15,881 [pool-383-thread-1] INFO  server.RaftServerConfigKeys (ConfUtils.java:logGet(44)) - raft.server.retrycache.statistics.expirytime = 100μs (default)
2022-03-02 19:00:15,882 [pool-383-thread-1] INFO  server.RaftServer$Division (RaftServerImpl.java:start(301)) - a730aa12-8e10-43d5-9e4d-8226ddf6a853@group-1A55FEB1424C: start as a follower, conf=-1: [aa697790-8875-4a1b-830b-e84d121175f0|rpc:127.0.0.1:40725|dataStream:|priority:1, b53c45b1-3941-4685-95cb-36e9d2366fdc|rpc:127.0.0.1:36539|dataStream:|priority:0, a730aa12-8e10-43d5-9e4d-8226ddf6a853|rpc:127.0.0.1:34023|dataStream:|priority:0], old=null
2022-03-02 19:00:15,882 [pool-383-thread-1] INFO  server.RaftServer$Division (RaftServerImpl.java:setRole(290)) - a730aa12-8e10-43d5-9e4d-8226ddf6a853@group-1A55FEB1424C: changes role from      null to FOLLOWER at term 0 for startAsFollower
2022-03-02 19:00:15,883 [pool-383-thread-1] INFO  impl.RoleInfo (RoleInfo.java:updateAndGet(130)) - a730aa12-8e10-43d5-9e4d-8226ddf6a853: start a730aa12-8e10-43d5-9e4d-8226ddf6a853@group-1A55FEB1424C-FollowerState
2022-03-02 19:00:15,888 [pool-383-thread-1] INFO  util.JmxRegister (JmxRegister.java:tryRegister(44)) - Successfully registered JMX Bean with object name Ratis:service=RaftServer,group=group-1A55FEB1424C,id=a730aa12-8e10-43d5-9e4d-8226ddf6a853
2022-03-02 19:00:15,897 [Command processor thread] INFO  commandhandler.CreatePipelineCommandHandler (CreatePipelineCommandHandler.java:handle(106)) - Created Pipeline RATIS THREE PipelineID=b9eebb0d-29d0-4ad9-86a2-1a55feb1424c.
2022-03-02 19:00:15,897 [Command processor thread] INFO  server.RaftServer (RaftServerProxy.java:addNew(95)) - aa697790-8875-4a1b-830b-e84d121175f0: addNew group-C4B1A2EFFCB1:[aa697790-8875-4a1b-830b-e84d121175f0|rpc:127.0.0.1:40725|priority:0, b53c45b1-3941-4685-95cb-36e9d2366fdc|rpc:127.0.0.1:36539|priority:1, a730aa12-8e10-43d5-9e4d-8226ddf6a853|rpc:127.0.0.1:34023|priority:0] returns group-C4B1A2EFFCB1:java.util.concurrent.CompletableFuture@4744a713[Not completed]
2022-03-02 19:00:15,898 [pool-360-thread-1] INFO  server.RaftServer$Division (RaftServerImpl.java:<init>(184)) - aa697790-8875-4a1b-830b-e84d121175f0: new RaftServerImpl for group-C4B1A2EFFCB1:[aa697790-8875-4a1b-830b-e84d121175f0|rpc:127.0.0.1:40725|priority:0, b53c45b1-3941-4685-95cb-36e9d2366fdc|rpc:127.0.0.1:36539|priority:1, a730aa12-8e10-43d5-9e4d-8226ddf6a853|rpc:127.0.0.1:34023|priority:0] with ContainerStateMachine:uninitialized
2022-03-02 19:00:15,898 [pool-360-thread-1] INFO  server.RaftServerConfigKeys (ConfUtils.java:logGet(44)) - raft.server.rpc.timeout.min = 5s (custom)
2022-03-02 19:00:15,898 [pool-360-thread-1] INFO  server.RaftServerConfigKeys (ConfUtils.java:logGet(44)) - raft.server.rpc.timeout.max = 5200ms (custom)
2022-03-02 19:00:15,898 [pool-360-thread-1] INFO  server.RaftServerConfigKeys (ConfUtils.java:logGet(44)) - raft.server.rpc.sleep.time = 25ms (default)
2022-03-02 19:00:15,898 [pool-360-thread-1] INFO  server.RaftServerConfigKeys (ConfUtils.java:logGet(44)) - raft.server.rpc.slowness.timeout = 300s (custom)
2022-03-02 19:00:15,898 [pool-360-thread-1] INFO  server.RaftServerConfigKeys (ConfUtils.java:logGet(44)) - raft.server.leaderelection.leader.step-down.wait-time = 10s (default)
2022-03-02 19:00:15,898 [pool-360-thread-1] INFO  server.RaftServerConfigKeys (ConfUtils.java:logGet(44)) - raft.server.sleep.deviation.threshold = 300ms (default)
2022-03-02 19:00:15,898 [pool-360-thread-1] INFO  server.RaftServerConfigKeys (ConfUtils.java:logGet(44)) - raft.server.log.appender.install.snapshot.enabled = false (custom)
2022-03-02 19:00:15,899 [pool-360-thread-1] INFO  server.RaftServer$Division (ServerState.java:<init>(105)) - aa697790-8875-4a1b-830b-e84d121175f0@group-C4B1A2EFFCB1: ConfigurationManager, init=-1: [aa697790-8875-4a1b-830b-e84d121175f0|rpc:127.0.0.1:40725|priority:0, b53c45b1-3941-4685-95cb-36e9d2366fdc|rpc:127.0.0.1:36539|priority:1, a730aa12-8e10-43d5-9e4d-8226ddf6a853|rpc:127.0.0.1:34023|priority:0], old=null, confs=<EMPTY_MAP>
2022-03-02 19:00:15,899 [pool-360-thread-1] INFO  server.RaftServerConfigKeys (ConfUtils.java:logGet(44)) - raft.server.storage.dir = [/home/runner/work/ozone/ozone/hadoop-ozone/integration-test/target/test-dir/MiniOzoneClusterImpl-5ed764c8-eddb-4368-ac32-9b8b311b51af/datanode-0/data/ratis] (custom)
2022-03-02 19:00:15,899 [pool-360-thread-1] INFO  server.RaftServerConfigKeys (ConfUtils.java:logGet(44)) - raft.server.log.corruption.policy = EXCEPTION (default)
2022-03-02 19:00:15,899 [pool-360-thread-1] INFO  server.RaftServerConfigKeys (ConfUtils.java:logGet(44)) - raft.server.storage.free-space.min = 0MB (=0) (default)
2022-03-02 19:00:15,899 [pool-360-thread-1] INFO  storage.RaftStorageDirectory (RaftStorageDirectoryImpl.java:analyzeStorage(135)) - The storage directory /home/runner/work/ozone/ozone/hadoop-ozone/integration-test/target/test-dir/MiniOzoneClusterImpl-5ed764c8-eddb-4368-ac32-9b8b311b51af/datanode-0/data/ratis/bff1bd11-539b-4edf-98de-c4b1a2effcb1 does not exist. Creating ...
2022-03-02 19:00:15,900 [pool-360-thread-1] INFO  storage.RaftStorageDirectory (RaftStorageDirectoryImpl.java:tryLock(230)) - Lock on /home/runner/work/ozone/ozone/hadoop-ozone/integration-test/target/test-dir/MiniOzoneClusterImpl-5ed764c8-eddb-4368-ac32-9b8b311b51af/datanode-0/data/ratis/bff1bd11-539b-4edf-98de-c4b1a2effcb1/in_use.lock acquired by nodename 7106@fv-az148-899
2022-03-02 19:00:15,902 [pool-360-thread-1] INFO  storage.RaftStorage (RaftStorageImpl.java:format(89)) - Storage directory /home/runner/work/ozone/ozone/hadoop-ozone/integration-test/target/test-dir/MiniOzoneClusterImpl-5ed764c8-eddb-4368-ac32-9b8b311b51af/datanode-0/data/ratis/bff1bd11-539b-4edf-98de-c4b1a2effcb1 has been successfully formatted.
2022-03-02 19:00:15,902 [pool-360-thread-1] INFO  ratis.ContainerStateMachine (ContainerStateMachine.java:loadSnapshot(236)) - group-C4B1A2EFFCB1: The snapshot info is null. Setting the last applied indexto:(t:0, i:~)
2022-03-02 19:00:15,902 [pool-360-thread-1] INFO  server.RaftServerConfigKeys (ConfUtils.java:logGet(44)) - raft.server.notification.no-leader.timeout = 300s (custom)
2022-03-02 19:00:15,902 [pool-360-thread-1] INFO  server.RaftServerConfigKeys (ConfUtils.java:logGet(44)) - raft.server.log.use.memory = false (default)
2022-03-02 19:00:15,903 [pool-360-thread-1] INFO  server.RaftServerConfigKeys (ConfUtils.java:logGet(44)) - raft.server.log.purge.gap = 1000000 (custom)
2022-03-02 19:00:15,903 [pool-360-thread-1] INFO  server.RaftServerConfigKeys (ConfUtils.java:logGet(44)) - raft.server.log.appender.buffer.byte-limit = 33554432 (custom)
2022-03-02 19:00:15,903 [pool-360-thread-1] INFO  server.RaftServerConfigKeys (ConfUtils.java:logGet(44)) - raft.server.log.segment.size.max = 1048576 (custom)
2022-03-02 19:00:15,903 [pool-360-thread-1] INFO  server.RaftServerConfigKeys (ConfUtils.java:logGet(44)) - raft.server.log.segment.cache.num.max = 2 (custom)
2022-03-02 19:00:15,903 [pool-360-thread-1] INFO  server.RaftServerConfigKeys (ConfUtils.java:logGet(44)) - raft.server.log.segment.cache.size.max = 200MB (=209715200) (default)
2022-03-02 19:00:15,903 [pool-360-thread-1] INFO  segmented.SegmentedRaftLogWorker (SegmentedRaftLogWorker.java:<init>(182)) - new aa697790-8875-4a1b-830b-e84d121175f0@group-C4B1A2EFFCB1-SegmentedRaftLogWorker for RaftStorageImpl:Storage Directory /home/runner/work/ozone/ozone/hadoop-ozone/integration-test/target/test-dir/MiniOzoneClusterImpl-5ed764c8-eddb-4368-ac32-9b8b311b51af/datanode-0/data/ratis/bff1bd11-539b-4edf-98de-c4b1a2effcb1
2022-03-02 19:00:15,903 [pool-360-thread-1] INFO  server.RaftServerConfigKeys (ConfUtils.java:logGet(44)) - raft.server.log.queue.byte-limit = 4294967296 (custom)
2022-03-02 19:00:15,903 [pool-360-thread-1] INFO  server.RaftServerConfigKeys (ConfUtils.java:logGet(44)) - raft.server.log.queue.element-limit = 1024 (custom)
2022-03-02 19:00:15,903 [pool-360-thread-1] INFO  server.RaftServerConfigKeys (ConfUtils.java:logGet(44)) - raft.server.log.segment.size.max = 1048576 (custom)
2022-03-02 19:00:15,903 [pool-360-thread-1] INFO  server.RaftServerConfigKeys (ConfUtils.java:logGet(44)) - raft.server.log.preallocated.size = 16384 (custom)
2022-03-02 19:00:15,903 [pool-360-thread-1] INFO  server.RaftServerConfigKeys (ConfUtils.java:logGet(44)) - raft.server.log.force.sync.num = 128 (default)
2022-03-02 19:00:15,903 [pool-360-thread-1] INFO  server.RaftServerConfigKeys (ConfUtils.java:logGet(44)) - raft.server.log.statemachine.data.sync = true (default)
2022-03-02 19:00:15,903 [pool-360-thread-1] INFO  server.RaftServerConfigKeys (ConfUtils.java:logGet(44)) - raft.server.log.statemachine.data.sync.timeout = 10s (default)
2022-03-02 19:00:15,904 [pool-360-thread-1] INFO  server.RaftServerConfigKeys (ConfUtils.java:logGet(44)) - raft.server.log.statemachine.data.sync.timeout.retry = -1 (default)
2022-03-02 19:00:15,904 [pool-360-thread-1] INFO  server.RaftServerConfigKeys (ConfUtils.java:logGet(44)) - raft.server.log.write.buffer.size = 1048576 (custom)
2022-03-02 19:00:15,905 [pool-360-thread-1] INFO  server.RaftServerConfigKeys (ConfUtils.java:logGet(44)) - raft.server.log.statemachine.data.caching.enabled = true (custom)
2022-03-02 19:00:15,905 [pool-360-thread-1] INFO  segmented.SegmentedRaftLogWorker (SegmentedRaftLogWorker.java:lambda$new$0(133)) - aa697790-8875-4a1b-830b-e84d121175f0@group-C4B1A2EFFCB1-SegmentedRaftLogWorker: flushIndex: setUnconditionally 0 -> -1
2022-03-02 19:00:15,905 [pool-360-thread-1] INFO  segmented.SegmentedRaftLogWorker (SegmentedRaftLogWorker.java:lambda$new$0(133)) - aa697790-8875-4a1b-830b-e84d121175f0@group-C4B1A2EFFCB1-SegmentedRaftLogWorker: safeCacheEvictIndex: setUnconditionally 0 -> -1
2022-03-02 19:00:15,918 [pool-360-thread-1] INFO  server.RaftServerConfigKeys (ConfUtils.java:logGet(44)) - raft.server.snapshot.auto.trigger.enabled = true (custom)
2022-03-02 19:00:15,918 [pool-360-thread-1] INFO  server.RaftServerConfigKeys (ConfUtils.java:logGet(44)) - raft.server.snapshot.auto.trigger.threshold = 10000 (custom)
2022-03-02 19:00:15,918 [pool-360-thread-1] INFO  server.RaftServerConfigKeys (ConfUtils.java:logGet(44)) - raft.server.snapshot.retention.file.num = 5 (custom)
2022-03-02 19:00:15,918 [pool-360-thread-1] INFO  server.RaftServerConfigKeys (ConfUtils.java:logGet(44)) - raft.server.log.purge.upto.snapshot.index = false (default)
2022-03-02 19:00:15,918 [pool-360-thread-1] INFO  server.RaftServerConfigKeys (ConfUtils.java:logGet(44)) - raft.server.retrycache.expirytime = 600000ms (custom)
2022-03-02 19:00:15,918 [pool-360-thread-1] INFO  server.RaftServerConfigKeys (ConfUtils.java:logGet(44)) - raft.server.retrycache.statistics.expirytime = 100μs (default)
2022-03-02 19:00:15,919 [pool-360-thread-1] INFO  server.RaftServer$Division (RaftServerImpl.java:start(301)) - aa697790-8875-4a1b-830b-e84d121175f0@group-C4B1A2EFFCB1: start as a follower, conf=-1: [aa697790-8875-4a1b-830b-e84d121175f0|rpc:127.0.0.1:40725|priority:0, b53c45b1-3941-4685-95cb-36e9d2366fdc|rpc:127.0.0.1:36539|priority:1, a730aa12-8e10-43d5-9e4d-8226ddf6a853|rpc:127.0.0.1:34023|priority:0], old=null
2022-03-02 19:00:15,919 [pool-360-thread-1] INFO  server.RaftServer$Division (RaftServerImpl.java:setRole(290)) - aa697790-8875-4a1b-830b-e84d121175f0@group-C4B1A2EFFCB1: changes role from      null to FOLLOWER at term 0 for startAsFollower
2022-03-02 19:00:15,919 [pool-360-thread-1] INFO  impl.RoleInfo (RoleInfo.java:updateAndGet(130)) - aa697790-8875-4a1b-830b-e84d121175f0: start aa697790-8875-4a1b-830b-e84d121175f0@group-C4B1A2EFFCB1-FollowerState
2022-03-02 19:00:15,922 [pool-360-thread-1] INFO  util.JmxRegister (JmxRegister.java:tryRegister(44)) - Successfully registered JMX Bean with object name Ratis:service=RaftServer,group=group-C4B1A2EFFCB1,id=aa697790-8875-4a1b-830b-e84d121175f0
2022-03-02 19:00:15,927 [Command processor thread] INFO  server.RaftServer (RaftServerProxy.java:addNew(95)) - a730aa12-8e10-43d5-9e4d-8226ddf6a853: addNew group-641BC78B3513:[a730aa12-8e10-43d5-9e4d-8226ddf6a853|rpc:127.0.0.1:34023|priority:1] returns group-641BC78B3513:java.util.concurrent.CompletableFuture@6af2bccb[Not completed]
2022-03-02 19:00:15,927 [Command processor thread] INFO  ratis.XceiverServerRatis (XceiverServerRatis.java:addGroup(769)) - Created group PipelineID=bff1bd11-539b-4edf-98de-c4b1a2effcb1
2022-03-02 19:00:15,928 [pool-383-thread-1] INFO  server.RaftServer$Division (RaftServerImpl.java:<init>(184)) - a730aa12-8e10-43d5-9e4d-8226ddf6a853: new RaftServerImpl for group-641BC78B3513:[a730aa12-8e10-43d5-9e4d-8226ddf6a853|rpc:127.0.0.1:34023|priority:1] with ContainerStateMachine:uninitialized
2022-03-02 19:00:15,928 [pool-383-thread-1] INFO  server.RaftServerConfigKeys (ConfUtils.java:logGet(44)) - raft.server.rpc.timeout.min = 5s (custom)
2022-03-02 19:00:15,928 [pool-383-thread-1] INFO  server.RaftServerConfigKeys (ConfUtils.java:logGet(44)) - raft.server.rpc.timeout.max = 5200ms (custom)
2022-03-02 19:00:15,928 [pool-383-thread-1] INFO  server.RaftServerConfigKeys (ConfUtils.java:logGet(44)) - raft.server.rpc.sleep.time = 25ms (default)
2022-03-02 19:00:15,928 [pool-383-thread-1] INFO  server.RaftServerConfigKeys (ConfUtils.java:logGet(44)) - raft.server.rpc.slowness.timeout = 300s (custom)
2022-03-02 19:00:15,928 [pool-383-thread-1] INFO  server.RaftServerConfigKeys (ConfUtils.java:logGet(44)) - raft.server.leaderelection.leader.step-down.wait-time = 10s (default)
2022-03-02 19:00:15,928 [pool-383-thread-1] INFO  server.RaftServerConfigKeys (ConfUtils.java:logGet(44)) - raft.server.sleep.deviation.threshold = 300ms (default)
2022-03-02 19:00:15,928 [pool-383-thread-1] INFO  server.RaftServerConfigKeys (ConfUtils.java:logGet(44)) - raft.server.log.appender.install.snapshot.enabled = false (custom)
2022-03-02 19:00:15,928 [pool-383-thread-1] INFO  server.RaftServer$Division (ServerState.java:<init>(105)) - a730aa12-8e10-43d5-9e4d-8226ddf6a853@group-641BC78B3513: ConfigurationManager, init=-1: [a730aa12-8e10-43d5-9e4d-8226ddf6a853|rpc:127.0.0.1:34023|priority:1], old=null, confs=<EMPTY_MAP>
2022-03-02 19:00:15,928 [pool-383-thread-1] INFO  server.RaftServerConfigKeys (ConfUtils.java:logGet(44)) - raft.server.storage.dir = [/home/runner/work/ozone/ozone/hadoop-ozone/integration-test/target/test-dir/MiniOzoneClusterImpl-5ed764c8-eddb-4368-ac32-9b8b311b51af/datanode-1/data/ratis] (custom)
2022-03-02 19:00:15,928 [pool-383-thread-1] INFO  server.RaftServerConfigKeys (ConfUtils.java:logGet(44)) - raft.server.log.corruption.policy = EXCEPTION (default)
2022-03-02 19:00:15,928 [pool-383-thread-1] INFO  server.RaftServerConfigKeys (ConfUtils.java:logGet(44)) - raft.server.storage.free-space.min = 0MB (=0) (default)
2022-03-02 19:00:15,929 [pool-383-thread-1] INFO  storage.RaftStorageDirectory (RaftStorageDirectoryImpl.java:analyzeStorage(135)) - The storage directory /home/runner/work/ozone/ozone/hadoop-ozone/integration-test/target/test-dir/MiniOzoneClusterImpl-5ed764c8-eddb-4368-ac32-9b8b311b51af/datanode-1/data/ratis/3f8e55f4-a5a5-4878-a257-641bc78b3513 does not exist. Creating ...
2022-03-02 19:00:15,934 [pool-383-thread-1] INFO  storage.RaftStorageDirectory (RaftStorageDirectoryImpl.java:tryLock(230)) - Lock on /home/runner/work/ozone/ozone/hadoop-ozone/integration-test/target/test-dir/MiniOzoneClusterImpl-5ed764c8-eddb-4368-ac32-9b8b311b51af/datanode-1/data/ratis/3f8e55f4-a5a5-4878-a257-641bc78b3513/in_use.lock acquired by nodename 7106@fv-az148-899
2022-03-02 19:00:15,935 [pool-383-thread-1] INFO  storage.RaftStorage (RaftStorageImpl.java:format(89)) - Storage directory /home/runner/work/ozone/ozone/hadoop-ozone/integration-test/target/test-dir/MiniOzoneClusterImpl-5ed764c8-eddb-4368-ac32-9b8b311b51af/datanode-1/data/ratis/3f8e55f4-a5a5-4878-a257-641bc78b3513 has been successfully formatted.
2022-03-02 19:00:15,936 [pool-383-thread-1] INFO  ratis.ContainerStateMachine (ContainerStateMachine.java:loadSnapshot(236)) - group-641BC78B3513: The snapshot info is null. Setting the last applied indexto:(t:0, i:~)
2022-03-02 19:00:15,936 [pool-383-thread-1] INFO  server.RaftServerConfigKeys (ConfUtils.java:logGet(44)) - raft.server.notification.no-leader.timeout = 300s (custom)
2022-03-02 19:00:15,936 [pool-383-thread-1] INFO  server.RaftServerConfigKeys (ConfUtils.java:logGet(44)) - raft.server.log.use.memory = false (default)
2022-03-02 19:00:15,936 [pool-383-thread-1] INFO  server.RaftServerConfigKeys (ConfUtils.java:logGet(44)) - raft.server.log.purge.gap = 1000000 (custom)
2022-03-02 19:00:15,936 [pool-383-thread-1] INFO  server.RaftServerConfigKeys (ConfUtils.java:logGet(44)) - raft.server.log.appender.buffer.byte-limit = 33554432 (custom)
2022-03-02 19:00:15,936 [pool-383-thread-1] INFO  server.RaftServerConfigKeys (ConfUtils.java:logGet(44)) - raft.server.log.segment.size.max = 1048576 (custom)
2022-03-02 19:00:15,936 [pool-383-thread-1] INFO  server.RaftServerConfigKeys (ConfUtils.java:logGet(44)) - raft.server.log.segment.cache.num.max = 2 (custom)
2022-03-02 19:00:15,936 [pool-383-thread-1] INFO  server.RaftServerConfigKeys (ConfUtils.java:logGet(44)) - raft.server.log.segment.cache.size.max = 200MB (=209715200) (default)
2022-03-02 19:00:15,936 [pool-383-thread-1] INFO  segmented.SegmentedRaftLogWorker (SegmentedRaftLogWorker.java:<init>(182)) - new a730aa12-8e10-43d5-9e4d-8226ddf6a853@group-641BC78B3513-SegmentedRaftLogWorker for RaftStorageImpl:Storage Directory /home/runner/work/ozone/ozone/hadoop-ozone/integration-test/target/test-dir/MiniOzoneClusterImpl-5ed764c8-eddb-4368-ac32-9b8b311b51af/datanode-1/data/ratis/3f8e55f4-a5a5-4878-a257-641bc78b3513
2022-03-02 19:00:15,936 [pool-383-thread-1] INFO  server.RaftServerConfigKeys (ConfUtils.java:logGet(44)) - raft.server.log.queue.byte-limit = 4294967296 (custom)
2022-03-02 19:00:15,937 [pool-383-thread-1] INFO  server.RaftServerConfigKeys (ConfUtils.java:logGet(44)) - raft.server.log.queue.element-limit = 1024 (custom)
2022-03-02 19:00:15,937 [pool-383-thread-1] INFO  server.RaftServerConfigKeys (ConfUtils.java:logGet(44)) - raft.server.log.segment.size.max = 1048576 (custom)
2022-03-02 19:00:15,937 [pool-383-thread-1] INFO  server.RaftServerConfigKeys (ConfUtils.java:logGet(44)) - raft.server.log.preallocated.size = 16384 (custom)
2022-03-02 19:00:15,937 [pool-383-thread-1] INFO  server.RaftServerConfigKeys (ConfUtils.java:logGet(44)) - raft.server.log.force.sync.num = 128 (default)
2022-03-02 19:00:15,937 [pool-383-thread-1] INFO  server.RaftServerConfigKeys (ConfUtils.java:logGet(44)) - raft.server.log.statemachine.data.sync = true (default)
2022-03-02 19:00:15,937 [pool-383-thread-1] INFO  server.RaftServerConfigKeys (ConfUtils.java:logGet(44)) - raft.server.log.statemachine.data.sync.timeout = 10s (default)
2022-03-02 19:00:15,941 [EndpointStateMachine task thread for /127.0.0.1:38087 - 0 ] INFO  ipc.Client (Client.java:handleConnectionFailure(977)) - Retrying connect to server: localhost/127.0.0.1:38087. Already tried 1 time(s); retry policy is RetryUpToMaximumCountWithFixedSleep(maxRetries=15, sleepTime=1000 MILLISECONDS)
2022-03-02 19:00:15,939 [EventQueue-PipelineReportForPipelineReportHandler] INFO  pipeline.PipelineManagerImpl (PipelineManagerImpl.java:openPipeline(291)) - Pipeline Pipeline[ Id: 3f8e55f4-a5a5-4878-a257-641bc78b3513, Nodes: a730aa12-8e10-43d5-9e4d-8226ddf6a853{ip: 127.0.0.1, host: localhost, ports: [REPLICATION=33055, RATIS=34023, RATIS_ADMIN=34023, RATIS_SERVER=34023, STANDALONE=40333], networkLocation: /default-rack, certSerialId: null, persistedOpState: IN_SERVICE, persistedOpStateExpiryEpochSec: 0}, ReplicationConfig: RATIS/ONE, State:ALLOCATED, leaderId:a730aa12-8e10-43d5-9e4d-8226ddf6a853, CreationTimestamp2022-03-02T19:00:12.923Z[Etc/UTC]] moved to OPEN state
2022-03-02 19:00:15,939 [EventQueue-PipelineReportForPipelineReportHandler] INFO  pipeline.PipelineManagerImpl (PipelineManagerImpl.java:openPipeline(291)) - Pipeline Pipeline[ Id: 3f8e55f4-a5a5-4878-a257-641bc78b3513, Nodes: a730aa12-8e10-43d5-9e4d-8226ddf6a853{ip: 127.0.0.1, host: localhost, ports: [REPLICATION=33055, RATIS=34023, RATIS_ADMIN=34023, RATIS_SERVER=34023, STANDALONE=40333], networkLocation: /default-rack, certSerialId: null, persistedOpState: IN_SERVICE, persistedOpStateExpiryEpochSec: 0}, ReplicationConfig: RATIS/ONE, State:ALLOCATED, leaderId:a730aa12-8e10-43d5-9e4d-8226ddf6a853, CreationTimestamp2022-03-02T19:00:12.923Z[Etc/UTC]] moved to OPEN state
2022-03-02 19:00:15,949 [pool-383-thread-1] INFO  server.RaftServerConfigKeys (ConfUtils.java:logGet(44)) - raft.server.log.statemachine.data.sync.timeout.retry = -1 (default)
2022-03-02 19:00:15,954 [pool-383-thread-1] INFO  server.RaftServerConfigKeys (ConfUtils.java:logGet(44)) - raft.server.log.write.buffer.size = 1048576 (custom)
2022-03-02 19:00:15,954 [pool-383-thread-1] INFO  server.RaftServerConfigKeys (ConfUtils.java:logGet(44)) - raft.server.log.statemachine.data.caching.enabled = true (custom)
2022-03-02 19:00:15,955 [pool-383-thread-1] INFO  segmented.SegmentedRaftLogWorker (SegmentedRaftLogWorker.java:lambda$new$0(133)) - a730aa12-8e10-43d5-9e4d-8226ddf6a853@group-641BC78B3513-SegmentedRaftLogWorker: flushIndex: setUnconditionally 0 -> -1
2022-03-02 19:00:15,955 [pool-383-thread-1] INFO  segmented.SegmentedRaftLogWorker (SegmentedRaftLogWorker.java:lambda$new$0(133)) - a730aa12-8e10-43d5-9e4d-8226ddf6a853@group-641BC78B3513-SegmentedRaftLogWorker: safeCacheEvictIndex: setUnconditionally 0 -> -1
2022-03-02 19:00:15,961 [pool-383-thread-1] INFO  server.RaftServerConfigKeys (ConfUtils.java:logGet(44)) - raft.server.snapshot.auto.trigger.enabled = true (custom)
2022-03-02 19:00:15,961 [pool-383-thread-1] INFO  server.RaftServerConfigKeys (ConfUtils.java:logGet(44)) - raft.server.snapshot.auto.trigger.threshold = 10000 (custom)
2022-03-02 19:00:15,961 [pool-383-thread-1] INFO  server.RaftServerConfigKeys (ConfUtils.java:logGet(44)) - raft.server.snapshot.retention.file.num = 5 (custom)
2022-03-02 19:00:15,961 [pool-383-thread-1] INFO  server.RaftServerConfigKeys (ConfUtils.java:logGet(44)) - raft.server.log.purge.upto.snapshot.index = false (default)
2022-03-02 19:00:15,961 [pool-383-thread-1] INFO  server.RaftServerConfigKeys (ConfUtils.java:logGet(44)) - raft.server.retrycache.expirytime = 600000ms (custom)
2022-03-02 19:00:15,961 [pool-383-thread-1] INFO  server.RaftServerConfigKeys (ConfUtils.java:logGet(44)) - raft.server.retrycache.statistics.expirytime = 100μs (default)
2022-03-02 19:00:15,962 [pool-383-thread-1] INFO  server.RaftServer$Division (RaftServerImpl.java:start(301)) - a730aa12-8e10-43d5-9e4d-8226ddf6a853@group-641BC78B3513: start as a follower, conf=-1: [a730aa12-8e10-43d5-9e4d-8226ddf6a853|rpc:127.0.0.1:34023|priority:1], old=null
2022-03-02 19:00:15,962 [pool-383-thread-1] INFO  server.RaftServer$Division (RaftServerImpl.java:setRole(290)) - a730aa12-8e10-43d5-9e4d-8226ddf6a853@group-641BC78B3513: changes role from      null to FOLLOWER at term 0 for startAsFollower
2022-03-02 19:00:15,962 [pool-383-thread-1] INFO  impl.RoleInfo (RoleInfo.java:updateAndGet(130)) - a730aa12-8e10-43d5-9e4d-8226ddf6a853: start a730aa12-8e10-43d5-9e4d-8226ddf6a853@group-641BC78B3513-FollowerState
2022-03-02 19:00:15,965 [EndpointStateMachine task thread for /127.0.0.1:35087 - 0 ] INFO  ipc.Client (Client.java:handleConnectionFailure(977)) - Retrying connect to server: localhost/127.0.0.1:35087. Already tried 1 time(s); retry policy is RetryUpToMaximumCountWithFixedSleep(maxRetries=15, sleepTime=1000 MILLISECONDS)
2022-03-02 19:00:15,965 [pool-383-thread-1] INFO  util.JmxRegister (JmxRegister.java:tryRegister(44)) - Successfully registered JMX Bean with object name Ratis:service=RaftServer,group=group-641BC78B3513,id=a730aa12-8e10-43d5-9e4d-8226ddf6a853
2022-03-02 19:00:15,965 [EndpointStateMachine task thread for /127.0.0.1:45277 - 0 ] INFO  ipc.Client (Client.java:handleConnectionFailure(977)) - Retrying connect to server: localhost/127.0.0.1:45277. Already tried 1 time(s); retry policy is RetryUpToMaximumCountWithFixedSleep(maxRetries=15, sleepTime=1000 MILLISECONDS)
2022-03-02 19:00:15,969 [Command processor thread] INFO  ratis.XceiverServerRatis (XceiverServerRatis.java:addGroup(769)) - Created group PipelineID=3f8e55f4-a5a5-4878-a257-641bc78b3513
2022-03-02 19:00:15,969 [Command processor thread] INFO  commandhandler.CreatePipelineCommandHandler (CreatePipelineCommandHandler.java:handle(106)) - Created Pipeline RATIS ONE PipelineID=3f8e55f4-a5a5-4878-a257-641bc78b3513.
2022-03-02 19:00:15,969 [Command processor thread] INFO  server.RaftServer (RaftServerProxy.java:addNew(95)) - a730aa12-8e10-43d5-9e4d-8226ddf6a853: addNew group-C4B1A2EFFCB1:[aa697790-8875-4a1b-830b-e84d121175f0|rpc:127.0.0.1:40725|priority:0, b53c45b1-3941-4685-95cb-36e9d2366fdc|rpc:127.0.0.1:36539|priority:1, a730aa12-8e10-43d5-9e4d-8226ddf6a853|rpc:127.0.0.1:34023|priority:0] returns group-C4B1A2EFFCB1:java.util.concurrent.CompletableFuture@64354fe5[Not completed]
2022-03-02 19:00:15,970 [pool-383-thread-1] INFO  server.RaftServer$Division (RaftServerImpl.java:<init>(184)) - a730aa12-8e10-43d5-9e4d-8226ddf6a853: new RaftServerImpl for group-C4B1A2EFFCB1:[aa697790-8875-4a1b-830b-e84d121175f0|rpc:127.0.0.1:40725|priority:0, b53c45b1-3941-4685-95cb-36e9d2366fdc|rpc:127.0.0.1:36539|priority:1, a730aa12-8e10-43d5-9e4d-8226ddf6a853|rpc:127.0.0.1:34023|priority:0] with ContainerStateMachine:uninitialized
2022-03-02 19:00:15,970 [pool-383-thread-1] INFO  server.RaftServerConfigKeys (ConfUtils.java:logGet(44)) - raft.server.rpc.timeout.min = 5s (custom)
2022-03-02 19:00:15,970 [pool-383-thread-1] INFO  server.RaftServerConfigKeys (ConfUtils.java:logGet(44)) - raft.server.rpc.timeout.max = 5200ms (custom)
2022-03-02 19:00:15,970 [pool-383-thread-1] INFO  server.RaftServerConfigKeys (ConfUtils.java:logGet(44)) - raft.server.rpc.sleep.time = 25ms (default)
2022-03-02 19:00:15,970 [pool-383-thread-1] INFO  server.RaftServerConfigKeys (ConfUtils.java:logGet(44)) - raft.server.rpc.slowness.timeout = 300s (custom)
2022-03-02 19:00:15,970 [pool-383-thread-1] INFO  server.RaftServerConfigKeys (ConfUtils.java:logGet(44)) - raft.server.leaderelection.leader.step-down.wait-time = 10s (default)
2022-03-02 19:00:15,970 [pool-383-thread-1] INFO  server.RaftServerConfigKeys (ConfUtils.java:logGet(44)) - raft.server.sleep.deviation.threshold = 300ms (default)
2022-03-02 19:00:15,970 [pool-383-thread-1] INFO  server.RaftServerConfigKeys (ConfUtils.java:logGet(44)) - raft.server.log.appender.install.snapshot.enabled = false (custom)
2022-03-02 19:00:15,971 [pool-383-thread-1] INFO  server.RaftServer$Division (ServerState.java:<init>(105)) - a730aa12-8e10-43d5-9e4d-8226ddf6a853@group-C4B1A2EFFCB1: ConfigurationManager, init=-1: [aa697790-8875-4a1b-830b-e84d121175f0|rpc:127.0.0.1:40725|priority:0, b53c45b1-3941-4685-95cb-36e9d2366fdc|rpc:127.0.0.1:36539|priority:1, a730aa12-8e10-43d5-9e4d-8226ddf6a853|rpc:127.0.0.1:34023|priority:0], old=null, confs=<EMPTY_MAP>
2022-03-02 19:00:15,971 [pool-383-thread-1] INFO  server.RaftServerConfigKeys (ConfUtils.java:logGet(44)) - raft.server.storage.dir = [/home/runner/work/ozone/ozone/hadoop-ozone/integration-test/target/test-dir/MiniOzoneClusterImpl-5ed764c8-eddb-4368-ac32-9b8b311b51af/datanode-1/data/ratis] (custom)
2022-03-02 19:00:15,971 [pool-383-thread-1] INFO  server.RaftServerConfigKeys (ConfUtils.java:logGet(44)) - raft.server.log.corruption.policy = EXCEPTION (default)
2022-03-02 19:00:15,971 [pool-383-thread-1] INFO  server.RaftServerConfigKeys (ConfUtils.java:logGet(44)) - raft.server.storage.free-space.min = 0MB (=0) (default)
2022-03-02 19:00:15,971 [pool-383-thread-1] INFO  storage.RaftStorageDirectory (RaftStorageDirectoryImpl.java:analyzeStorage(135)) - The storage directory /home/runner/work/ozone/ozone/hadoop-ozone/integration-test/target/test-dir/MiniOzoneClusterImpl-5ed764c8-eddb-4368-ac32-9b8b311b51af/datanode-1/data/ratis/bff1bd11-539b-4edf-98de-c4b1a2effcb1 does not exist. Creating ...
2022-03-02 19:00:15,973 [pool-383-thread-1] INFO  storage.RaftStorageDirectory (RaftStorageDirectoryImpl.java:tryLock(230)) - Lock on /home/runner/work/ozone/ozone/hadoop-ozone/integration-test/target/test-dir/MiniOzoneClusterImpl-5ed764c8-eddb-4368-ac32-9b8b311b51af/datanode-1/data/ratis/bff1bd11-539b-4edf-98de-c4b1a2effcb1/in_use.lock acquired by nodename 7106@fv-az148-899
2022-03-02 19:00:15,974 [pool-383-thread-1] INFO  storage.RaftStorage (RaftStorageImpl.java:format(89)) - Storage directory /home/runner/work/ozone/ozone/hadoop-ozone/integration-test/target/test-dir/MiniOzoneClusterImpl-5ed764c8-eddb-4368-ac32-9b8b311b51af/datanode-1/data/ratis/bff1bd11-539b-4edf-98de-c4b1a2effcb1 has been successfully formatted.
2022-03-02 19:00:15,977 [pool-383-thread-1] INFO  ratis.ContainerStateMachine (ContainerStateMachine.java:loadSnapshot(236)) - group-C4B1A2EFFCB1: The snapshot info is null. Setting the last applied indexto:(t:0, i:~)
2022-03-02 19:00:15,977 [pool-383-thread-1] INFO  server.RaftServerConfigKeys (ConfUtils.java:logGet(44)) - raft.server.notification.no-leader.timeout = 300s (custom)
2022-03-02 19:00:15,977 [pool-383-thread-1] INFO  server.RaftServerConfigKeys (ConfUtils.java:logGet(44)) - raft.server.log.use.memory = false (default)
2022-03-02 19:00:15,977 [pool-383-thread-1] INFO  server.RaftServerConfigKeys (ConfUtils.java:logGet(44)) - raft.server.log.purge.gap = 1000000 (custom)
2022-03-02 19:00:15,977 [pool-383-thread-1] INFO  server.RaftServerConfigKeys (ConfUtils.java:logGet(44)) - raft.server.log.appender.buffer.byte-limit = 33554432 (custom)
2022-03-02 19:00:15,977 [pool-383-thread-1] INFO  server.RaftServerConfigKeys (ConfUtils.java:logGet(44)) - raft.server.log.segment.size.max = 1048576 (custom)
2022-03-02 19:00:15,978 [pool-383-thread-1] INFO  server.RaftServerConfigKeys (ConfUtils.java:logGet(44)) - raft.server.log.segment.cache.num.max = 2 (custom)
2022-03-02 19:00:15,978 [pool-383-thread-1] INFO  server.RaftServerConfigKeys (ConfUtils.java:logGet(44)) - raft.server.log.segment.cache.size.max = 200MB (=209715200) (default)
2022-03-02 19:00:15,978 [pool-383-thread-1] INFO  segmented.SegmentedRaftLogWorker (SegmentedRaftLogWorker.java:<init>(182)) - new a730aa12-8e10-43d5-9e4d-8226ddf6a853@group-C4B1A2EFFCB1-SegmentedRaftLogWorker for RaftStorageImpl:Storage Directory /home/runner/work/ozone/ozone/hadoop-ozone/integration-test/target/test-dir/MiniOzoneClusterImpl-5ed764c8-eddb-4368-ac32-9b8b311b51af/datanode-1/data/ratis/bff1bd11-539b-4edf-98de-c4b1a2effcb1
2022-03-02 19:00:15,978 [pool-383-thread-1] INFO  server.RaftServerConfigKeys (ConfUtils.java:logGet(44)) - raft.server.log.queue.byte-limit = 4294967296 (custom)
2022-03-02 19:00:15,978 [pool-383-thread-1] INFO  server.RaftServerConfigKeys (ConfUtils.java:logGet(44)) - raft.server.log.queue.element-limit = 1024 (custom)
2022-03-02 19:00:15,978 [pool-383-thread-1] INFO  server.RaftServerConfigKeys (ConfUtils.java:logGet(44)) - raft.server.log.segment.size.max = 1048576 (custom)
2022-03-02 19:00:15,978 [pool-383-thread-1] INFO  server.RaftServerConfigKeys (ConfUtils.java:logGet(44)) - raft.server.log.preallocated.size = 16384 (custom)
2022-03-02 19:00:15,978 [pool-383-thread-1] INFO  server.RaftServerConfigKeys (ConfUtils.java:logGet(44)) - raft.server.log.force.sync.num = 128 (default)
2022-03-02 19:00:15,978 [pool-383-thread-1] INFO  server.RaftServerConfigKeys (ConfUtils.java:logGet(44)) - raft.server.log.statemachine.data.sync = true (default)
2022-03-02 19:00:15,978 [pool-383-thread-1] INFO  server.RaftServerConfigKeys (ConfUtils.java:logGet(44)) - raft.server.log.statemachine.data.sync.timeout = 10s (default)
2022-03-02 19:00:15,978 [pool-383-thread-1] INFO  server.RaftServerConfigKeys (ConfUtils.java:logGet(44)) - raft.server.log.statemachine.data.sync.timeout.retry = -1 (default)
2022-03-02 19:00:15,986 [EventQueue-PipelineReportForPipelineReportHandler] INFO  pipeline.PipelineManagerImpl (PipelineManagerImpl.java:openPipeline(291)) - Pipeline Pipeline[ Id: 3f8e55f4-a5a5-4878-a257-641bc78b3513, Nodes: a730aa12-8e10-43d5-9e4d-8226ddf6a853{ip: 127.0.0.1, host: localhost, ports: [REPLICATION=33055, RATIS=34023, RATIS_ADMIN=34023, RATIS_SERVER=34023, STANDALONE=40333], networkLocation: /default-rack, certSerialId: null, persistedOpState: IN_SERVICE, persistedOpStateExpiryEpochSec: 0}, ReplicationConfig: RATIS/ONE, State:ALLOCATED, leaderId:a730aa12-8e10-43d5-9e4d-8226ddf6a853, CreationTimestamp2022-03-02T19:00:12.923Z[Etc/UTC]] moved to OPEN state
2022-03-02 19:00:15,993 [3b6c5475-24e7-4d17-bb16-57441daa5342@group-9B8B311B51AF-StateMachineUpdater] INFO  ha.SCMStateMachine (SCMStateMachine.java:takeSnapshot(297)) - Current Snapshot Index 18, takeSnapshot took 0 ms
2022-03-02 19:00:15,993 [3b6c5475-24e7-4d17-bb16-57441daa5342@group-9B8B311B51AF-StateMachineUpdater] INFO  impl.StateMachineUpdater (StateMachineUpdater.java:takeSnapshot(281)) - 3b6c5475-24e7-4d17-bb16-57441daa5342@group-9B8B311B51AF-StateMachineUpdater: Took a snapshot at index 18
2022-03-02 19:00:15,993 [3b6c5475-24e7-4d17-bb16-57441daa5342@group-9B8B311B51AF-StateMachineUpdater] INFO  impl.StateMachineUpdater (StateMachineUpdater.java:lambda$new$0(89)) - 3b6c5475-24e7-4d17-bb16-57441daa5342@group-9B8B311B51AF-StateMachineUpdater: snapshotIndex: updateIncreasingly 13 -> 18
2022-03-02 19:00:15,993 [3b6c5475-24e7-4d17-bb16-57441daa5342@group-9B8B311B51AF-StateMachineUpdater] INFO  raftlog.RaftLog (RaftLogBase.java:purge(306)) - 3b6c5475-24e7-4d17-bb16-57441daa5342@group-9B8B311B51AF-SegmentedRaftLog: purge 18
2022-03-02 19:00:15,993 [3b6c5475-24e7-4d17-bb16-57441daa5342@group-9B8B311B51AF-StateMachineUpdater] INFO  raftlog.RaftLog (RaftLogBase.java:lambda$new$0(53)) - 3b6c5475-24e7-4d17-bb16-57441daa5342@group-9B8B311B51AF-SegmentedRaftLog: snapshotIndex: updateIncreasingly 13 -> 18
2022-03-02 19:00:15,993 [3b6c5475-24e7-4d17-bb16-57441daa5342@group-9B8B311B51AF-StateMachineUpdater] INFO  raftlog.RaftLog (RaftLogBase.java:lambda$new$0(53)) - 3b6c5475-24e7-4d17-bb16-57441daa5342@group-9B8B311B51AF-SegmentedRaftLog: purgeIndex: updateToMax old=13, new=18, updated? true
2022-03-02 19:00:15,995 [f746044e-06a5-45c2-8175-96f1febdd987@group-9B8B311B51AF-StateMachineUpdater] INFO  safemode.HealthyPipelineSafeModeRule (HealthyPipelineSafeModeRule.java:initializeRule(152)) - Refreshed total pipeline count is 0, healthy pipeline threshold count is 1
2022-03-02 19:00:15,995 [EventQueue-OpenPipelineForHealthyPipelineSafeModeRule] INFO  safemode.SCMSafeModeManager (HealthyPipelineSafeModeRule.java:process(124)) - SCM in safe mode. Healthy pipelines reported count is 0, required healthy pipeline reported count is 1
2022-03-02 19:00:15,995 [EventQueue-OpenPipelineForHealthyPipelineSafeModeRule] INFO  safemode.SCMSafeModeManager (HealthyPipelineSafeModeRule.java:process(124)) - SCM in safe mode. Healthy pipelines reported count is 0, required healthy pipeline reported count is 1
2022-03-02 19:00:16,003 [pool-383-thread-1] INFO  server.RaftServerConfigKeys (ConfUtils.java:logGet(44)) - raft.server.log.write.buffer.size = 1048576 (custom)
2022-03-02 19:00:16,003 [pool-383-thread-1] INFO  server.RaftServerConfigKeys (ConfUtils.java:logGet(44)) - raft.server.log.statemachine.data.caching.enabled = true (custom)
2022-03-02 19:00:16,004 [pool-383-thread-1] INFO  segmented.SegmentedRaftLogWorker (SegmentedRaftLogWorker.java:lambda$new$0(133)) - a730aa12-8e10-43d5-9e4d-8226ddf6a853@group-C4B1A2EFFCB1-SegmentedRaftLogWorker: flushIndex: setUnconditionally 0 -> -1
2022-03-02 19:00:16,004 [pool-383-thread-1] INFO  segmented.SegmentedRaftLogWorker (SegmentedRaftLogWorker.java:lambda$new$0(133)) - a730aa12-8e10-43d5-9e4d-8226ddf6a853@group-C4B1A2EFFCB1-SegmentedRaftLogWorker: safeCacheEvictIndex: setUnconditionally 0 -> -1
2022-03-02 19:00:16,013 [pool-383-thread-1] INFO  server.RaftServerConfigKeys (ConfUtils.java:logGet(44)) - raft.server.snapshot.auto.trigger.enabled = true (custom)
2022-03-02 19:00:16,013 [pool-383-thread-1] INFO  server.RaftServerConfigKeys (ConfUtils.java:logGet(44)) - raft.server.snapshot.auto.trigger.threshold = 10000 (custom)
2022-03-02 19:00:16,013 [pool-383-thread-1] INFO  server.RaftServerConfigKeys (ConfUtils.java:logGet(44)) - raft.server.snapshot.retention.file.num = 5 (custom)
2022-03-02 19:00:16,058 [pool-383-thread-1] INFO  server.RaftServerConfigKeys (ConfUtils.java:logGet(44)) - raft.server.log.purge.upto.snapshot.index = false (default)
2022-03-02 19:00:16,058 [pool-383-thread-1] INFO  server.RaftServerConfigKeys (ConfUtils.java:logGet(44)) - raft.server.retrycache.expirytime = 600000ms (custom)
2022-03-02 19:00:16,058 [pool-383-thread-1] INFO  server.RaftServerConfigKeys (ConfUtils.java:logGet(44)) - raft.server.retrycache.statistics.expirytime = 100μs (default)
2022-03-02 19:00:16,059 [pool-383-thread-1] INFO  server.RaftServer$Division (RaftServerImpl.java:start(301)) - a730aa12-8e10-43d5-9e4d-8226ddf6a853@group-C4B1A2EFFCB1: start as a follower, conf=-1: [aa697790-8875-4a1b-830b-e84d121175f0|rpc:127.0.0.1:40725|priority:0, b53c45b1-3941-4685-95cb-36e9d2366fdc|rpc:127.0.0.1:36539|priority:1, a730aa12-8e10-43d5-9e4d-8226ddf6a853|rpc:127.0.0.1:34023|priority:0], old=null
2022-03-02 19:00:16,059 [pool-383-thread-1] INFO  server.RaftServer$Division (RaftServerImpl.java:setRole(290)) - a730aa12-8e10-43d5-9e4d-8226ddf6a853@group-C4B1A2EFFCB1: changes role from      null to FOLLOWER at term 0 for startAsFollower
2022-03-02 19:00:16,060 [pool-383-thread-1] INFO  impl.RoleInfo (RoleInfo.java:updateAndGet(130)) - a730aa12-8e10-43d5-9e4d-8226ddf6a853: start a730aa12-8e10-43d5-9e4d-8226ddf6a853@group-C4B1A2EFFCB1-FollowerState
2022-03-02 19:00:16,058 [3b6c5475-24e7-4d17-bb16-57441daa5342@group-9B8B311B51AF-StateMachineUpdater] INFO  safemode.HealthyPipelineSafeModeRule (HealthyPipelineSafeModeRule.java:initializeRule(152)) - Refreshed total pipeline count is 0, healthy pipeline threshold count is 1
2022-03-02 19:00:16,060 [pool-383-thread-1] INFO  util.JmxRegister (JmxRegister.java:tryRegister(44)) - Successfully registered JMX Bean with object name Ratis:service=RaftServer,group=group-C4B1A2EFFCB1,id=a730aa12-8e10-43d5-9e4d-8226ddf6a853
2022-03-02 19:00:16,063 [f746044e-06a5-45c2-8175-96f1febdd987@group-9B8B311B51AF-StateMachineUpdater] INFO  ha.SCMStateMachine (SCMStateMachine.java:takeSnapshot(297)) - Current Snapshot Index 20, takeSnapshot took 0 ms
2022-03-02 19:00:16,063 [f746044e-06a5-45c2-8175-96f1febdd987@group-9B8B311B51AF-StateMachineUpdater] INFO  impl.StateMachineUpdater (StateMachineUpdater.java:takeSnapshot(281)) - f746044e-06a5-45c2-8175-96f1febdd987@group-9B8B311B51AF-StateMachineUpdater: Took a snapshot at index 20
2022-03-02 19:00:16,063 [f746044e-06a5-45c2-8175-96f1febdd987@group-9B8B311B51AF-StateMachineUpdater] INFO  impl.StateMachineUpdater (StateMachineUpdater.java:lambda$new$0(89)) - f746044e-06a5-45c2-8175-96f1febdd987@group-9B8B311B51AF-StateMachineUpdater: snapshotIndex: updateIncreasingly 15 -> 20
2022-03-02 19:00:16,063 [f746044e-06a5-45c2-8175-96f1febdd987@group-9B8B311B51AF-StateMachineUpdater] INFO  raftlog.RaftLog (RaftLogBase.java:purge(306)) - f746044e-06a5-45c2-8175-96f1febdd987@group-9B8B311B51AF-SegmentedRaftLog: purge 20
2022-03-02 19:00:16,063 [f746044e-06a5-45c2-8175-96f1febdd987@group-9B8B311B51AF-StateMachineUpdater] INFO  raftlog.RaftLog (RaftLogBase.java:lambda$new$0(53)) - f746044e-06a5-45c2-8175-96f1febdd987@group-9B8B311B51AF-SegmentedRaftLog: snapshotIndex: updateIncreasingly 15 -> 20
2022-03-02 19:00:16,063 [f746044e-06a5-45c2-8175-96f1febdd987@group-9B8B311B51AF-StateMachineUpdater] INFO  raftlog.RaftLog (RaftLogBase.java:lambda$new$0(53)) - f746044e-06a5-45c2-8175-96f1febdd987@group-9B8B311B51AF-SegmentedRaftLog: purgeIndex: updateToMax old=15, new=20, updated? true
2022-03-02 19:00:16,073 [Command processor thread] INFO  ratis.XceiverServerRatis (XceiverServerRatis.java:addGroup(769)) - Created group PipelineID=bff1bd11-539b-4edf-98de-c4b1a2effcb1
2022-03-02 19:00:16,101 [grpc-default-executor-1] INFO  server.RaftServer (RaftServerProxy.java:addNew(95)) - b53c45b1-3941-4685-95cb-36e9d2366fdc: addNew group-C4B1A2EFFCB1:[aa697790-8875-4a1b-830b-e84d121175f0|rpc:127.0.0.1:40725|dataStream:|priority:0, b53c45b1-3941-4685-95cb-36e9d2366fdc|rpc:127.0.0.1:36539|dataStream:|priority:1, a730aa12-8e10-43d5-9e4d-8226ddf6a853|rpc:127.0.0.1:34023|dataStream:|priority:0] returns group-C4B1A2EFFCB1:java.util.concurrent.CompletableFuture@759f794e[Not completed]
2022-03-02 19:00:16,102 [pool-406-thread-1] INFO  server.RaftServer$Division (RaftServerImpl.java:<init>(184)) - b53c45b1-3941-4685-95cb-36e9d2366fdc: new RaftServerImpl for group-C4B1A2EFFCB1:[aa697790-8875-4a1b-830b-e84d121175f0|rpc:127.0.0.1:40725|dataStream:|priority:0, b53c45b1-3941-4685-95cb-36e9d2366fdc|rpc:127.0.0.1:36539|dataStream:|priority:1, a730aa12-8e10-43d5-9e4d-8226ddf6a853|rpc:127.0.0.1:34023|dataStream:|priority:0] with ContainerStateMachine:uninitialized
2022-03-02 19:00:16,102 [pool-406-thread-1] INFO  server.RaftServerConfigKeys (ConfUtils.java:logGet(44)) - raft.server.rpc.timeout.min = 5s (custom)
2022-03-02 19:00:16,102 [pool-406-thread-1] INFO  server.RaftServerConfigKeys (ConfUtils.java:logGet(44)) - raft.server.rpc.timeout.max = 5200ms (custom)
2022-03-02 19:00:16,103 [pool-406-thread-1] INFO  server.RaftServerConfigKeys (ConfUtils.java:logGet(44)) - raft.server.rpc.sleep.time = 25ms (default)
2022-03-02 19:00:16,103 [pool-406-thread-1] INFO  server.RaftServerConfigKeys (ConfUtils.java:logGet(44)) - raft.server.rpc.slowness.timeout = 300s (custom)
2022-03-02 19:00:16,103 [pool-406-thread-1] INFO  server.RaftServerConfigKeys (ConfUtils.java:logGet(44)) - raft.server.leaderelection.leader.step-down.wait-time = 10s (default)
2022-03-02 19:00:16,103 [pool-406-thread-1] INFO  server.RaftServerConfigKeys (ConfUtils.java:logGet(44)) - raft.server.sleep.deviation.threshold = 300ms (default)
2022-03-02 19:00:16,103 [pool-406-thread-1] INFO  server.RaftServerConfigKeys (ConfUtils.java:logGet(44)) - raft.server.log.appender.install.snapshot.enabled = false (custom)
2022-03-02 19:00:16,103 [pool-406-thread-1] INFO  server.RaftServer$Division (ServerState.java:<init>(105)) - b53c45b1-3941-4685-95cb-36e9d2366fdc@group-C4B1A2EFFCB1: ConfigurationManager, init=-1: [aa697790-8875-4a1b-830b-e84d121175f0|rpc:127.0.0.1:40725|dataStream:|priority:0, b53c45b1-3941-4685-95cb-36e9d2366fdc|rpc:127.0.0.1:36539|dataStream:|priority:1, a730aa12-8e10-43d5-9e4d-8226ddf6a853|rpc:127.0.0.1:34023|dataStream:|priority:0], old=null, confs=<EMPTY_MAP>
2022-03-02 19:00:16,103 [pool-406-thread-1] INFO  server.RaftServerConfigKeys (ConfUtils.java:logGet(44)) - raft.server.storage.dir = [/home/runner/work/ozone/ozone/hadoop-ozone/integration-test/target/test-dir/MiniOzoneClusterImpl-5ed764c8-eddb-4368-ac32-9b8b311b51af/datanode-2/data/ratis] (custom)
2022-03-02 19:00:16,103 [pool-406-thread-1] INFO  server.RaftServerConfigKeys (ConfUtils.java:logGet(44)) - raft.server.log.corruption.policy = EXCEPTION (default)
2022-03-02 19:00:16,103 [pool-406-thread-1] INFO  server.RaftServerConfigKeys (ConfUtils.java:logGet(44)) - raft.server.storage.free-space.min = 0MB (=0) (default)
2022-03-02 19:00:16,103 [pool-406-thread-1] INFO  storage.RaftStorageDirectory (RaftStorageDirectoryImpl.java:analyzeStorage(135)) - The storage directory /home/runner/work/ozone/ozone/hadoop-ozone/integration-test/target/test-dir/MiniOzoneClusterImpl-5ed764c8-eddb-4368-ac32-9b8b311b51af/datanode-2/data/ratis/bff1bd11-539b-4edf-98de-c4b1a2effcb1 does not exist. Creating ...
2022-03-02 19:00:16,104 [pool-406-thread-1] INFO  storage.RaftStorageDirectory (RaftStorageDirectoryImpl.java:tryLock(230)) - Lock on /home/runner/work/ozone/ozone/hadoop-ozone/integration-test/target/test-dir/MiniOzoneClusterImpl-5ed764c8-eddb-4368-ac32-9b8b311b51af/datanode-2/data/ratis/bff1bd11-539b-4edf-98de-c4b1a2effcb1/in_use.lock acquired by nodename 7106@fv-az148-899
2022-03-02 19:00:16,105 [pool-406-thread-1] INFO  storage.RaftStorage (RaftStorageImpl.java:format(89)) - Storage directory /home/runner/work/ozone/ozone/hadoop-ozone/integration-test/target/test-dir/MiniOzoneClusterImpl-5ed764c8-eddb-4368-ac32-9b8b311b51af/datanode-2/data/ratis/bff1bd11-539b-4edf-98de-c4b1a2effcb1 has been successfully formatted.
2022-03-02 19:00:16,110 [pool-406-thread-1] INFO  ratis.ContainerStateMachine (ContainerStateMachine.java:loadSnapshot(236)) - group-C4B1A2EFFCB1: The snapshot info is null. Setting the last applied indexto:(t:0, i:~)
2022-03-02 19:00:16,110 [pool-406-thread-1] INFO  server.RaftServerConfigKeys (ConfUtils.java:logGet(44)) - raft.server.notification.no-leader.timeout = 300s (custom)
2022-03-02 19:00:16,110 [pool-406-thread-1] INFO  server.RaftServerConfigKeys (ConfUtils.java:logGet(44)) - raft.server.log.use.memory = false (default)
2022-03-02 19:00:16,110 [pool-406-thread-1] INFO  server.RaftServerConfigKeys (ConfUtils.java:logGet(44)) - raft.server.log.purge.gap = 1000000 (custom)
2022-03-02 19:00:16,111 [pool-406-thread-1] INFO  server.RaftServerConfigKeys (ConfUtils.java:logGet(44)) - raft.server.log.appender.buffer.byte-limit = 33554432 (custom)
2022-03-02 19:00:16,111 [pool-406-thread-1] INFO  server.RaftServerConfigKeys (ConfUtils.java:logGet(44)) - raft.server.log.segment.size.max = 1048576 (custom)
2022-03-02 19:00:16,111 [pool-406-thread-1] INFO  server.RaftServerConfigKeys (ConfUtils.java:logGet(44)) - raft.server.log.segment.cache.num.max = 2 (custom)
2022-03-02 19:00:16,111 [pool-406-thread-1] INFO  server.RaftServerConfigKeys (ConfUtils.java:logGet(44)) - raft.server.log.segment.cache.size.max = 200MB (=209715200) (default)
2022-03-02 19:00:16,111 [pool-406-thread-1] INFO  segmented.SegmentedRaftLogWorker (SegmentedRaftLogWorker.java:<init>(182)) - new b53c45b1-3941-4685-95cb-36e9d2366fdc@group-C4B1A2EFFCB1-SegmentedRaftLogWorker for RaftStorageImpl:Storage Directory /home/runner/work/ozone/ozone/hadoop-ozone/integration-test/target/test-dir/MiniOzoneClusterImpl-5ed764c8-eddb-4368-ac32-9b8b311b51af/datanode-2/data/ratis/bff1bd11-539b-4edf-98de-c4b1a2effcb1
2022-03-02 19:00:16,111 [pool-406-thread-1] INFO  server.RaftServerConfigKeys (ConfUtils.java:logGet(44)) - raft.server.log.queue.byte-limit = 4294967296 (custom)
2022-03-02 19:00:16,111 [pool-406-thread-1] INFO  server.RaftServerConfigKeys (ConfUtils.java:logGet(44)) - raft.server.log.queue.element-limit = 1024 (custom)
2022-03-02 19:00:16,111 [pool-406-thread-1] INFO  server.RaftServerConfigKeys (ConfUtils.java:logGet(44)) - raft.server.log.segment.size.max = 1048576 (custom)
2022-03-02 19:00:16,112 [pool-406-thread-1] INFO  server.RaftServerConfigKeys (ConfUtils.java:logGet(44)) - raft.server.log.preallocated.size = 16384 (custom)
2022-03-02 19:00:16,112 [pool-406-thread-1] INFO  server.RaftServerConfigKeys (ConfUtils.java:logGet(44)) - raft.server.log.force.sync.num = 128 (default)
2022-03-02 19:00:16,112 [pool-406-thread-1] INFO  server.RaftServerConfigKeys (ConfUtils.java:logGet(44)) - raft.server.log.statemachine.data.sync = true (default)
2022-03-02 19:00:16,112 [pool-406-thread-1] INFO  server.RaftServerConfigKeys (ConfUtils.java:logGet(44)) - raft.server.log.statemachine.data.sync.timeout = 10s (default)
2022-03-02 19:00:16,112 [pool-406-thread-1] INFO  server.RaftServerConfigKeys (ConfUtils.java:logGet(44)) - raft.server.log.statemachine.data.sync.timeout.retry = -1 (default)
2022-03-02 19:00:16,113 [pool-406-thread-1] INFO  server.RaftServerConfigKeys (ConfUtils.java:logGet(44)) - raft.server.log.write.buffer.size = 1048576 (custom)
2022-03-02 19:00:16,113 [pool-406-thread-1] INFO  server.RaftServerConfigKeys (ConfUtils.java:logGet(44)) - raft.server.log.statemachine.data.caching.enabled = true (custom)
2022-03-02 19:00:16,114 [pool-406-thread-1] INFO  segmented.SegmentedRaftLogWorker (SegmentedRaftLogWorker.java:lambda$new$0(133)) - b53c45b1-3941-4685-95cb-36e9d2366fdc@group-C4B1A2EFFCB1-SegmentedRaftLogWorker: flushIndex: setUnconditionally 0 -> -1
2022-03-02 19:00:16,114 [pool-406-thread-1] INFO  segmented.SegmentedRaftLogWorker (SegmentedRaftLogWorker.java:lambda$new$0(133)) - b53c45b1-3941-4685-95cb-36e9d2366fdc@group-C4B1A2EFFCB1-SegmentedRaftLogWorker: safeCacheEvictIndex: setUnconditionally 0 -> -1
2022-03-02 19:00:16,114 [pool-406-thread-1] INFO  server.RaftServerConfigKeys (ConfUtils.java:logGet(44)) - raft.server.snapshot.auto.trigger.enabled = true (custom)
2022-03-02 19:00:16,114 [pool-406-thread-1] INFO  server.RaftServerConfigKeys (ConfUtils.java:logGet(44)) - raft.server.snapshot.auto.trigger.threshold = 10000 (custom)
2022-03-02 19:00:16,114 [pool-406-thread-1] INFO  server.RaftServerConfigKeys (ConfUtils.java:logGet(44)) - raft.server.snapshot.retention.file.num = 5 (custom)
2022-03-02 19:00:16,114 [pool-406-thread-1] INFO  server.RaftServerConfigKeys (ConfUtils.java:logGet(44)) - raft.server.log.purge.upto.snapshot.index = false (default)
2022-03-02 19:00:16,114 [pool-406-thread-1] INFO  server.RaftServerConfigKeys (ConfUtils.java:logGet(44)) - raft.server.retrycache.expirytime = 600000ms (custom)
2022-03-02 19:00:16,114 [pool-406-thread-1] INFO  server.RaftServerConfigKeys (ConfUtils.java:logGet(44)) - raft.server.retrycache.statistics.expirytime = 100μs (default)
2022-03-02 19:00:16,115 [pool-406-thread-1] INFO  server.RaftServer$Division (RaftServerImpl.java:start(301)) - b53c45b1-3941-4685-95cb-36e9d2366fdc@group-C4B1A2EFFCB1: start as a follower, conf=-1: [aa697790-8875-4a1b-830b-e84d121175f0|rpc:127.0.0.1:40725|dataStream:|priority:0, b53c45b1-3941-4685-95cb-36e9d2366fdc|rpc:127.0.0.1:36539|dataStream:|priority:1, a730aa12-8e10-43d5-9e4d-8226ddf6a853|rpc:127.0.0.1:34023|dataStream:|priority:0], old=null
2022-03-02 19:00:16,115 [pool-406-thread-1] INFO  server.RaftServer$Division (RaftServerImpl.java:setRole(290)) - b53c45b1-3941-4685-95cb-36e9d2366fdc@group-C4B1A2EFFCB1: changes role from      null to FOLLOWER at term 0 for startAsFollower
2022-03-02 19:00:16,115 [pool-406-thread-1] INFO  impl.RoleInfo (RoleInfo.java:updateAndGet(130)) - b53c45b1-3941-4685-95cb-36e9d2366fdc: start b53c45b1-3941-4685-95cb-36e9d2366fdc@group-C4B1A2EFFCB1-FollowerState
2022-03-02 19:00:16,116 [pool-406-thread-1] INFO  util.JmxRegister (JmxRegister.java:tryRegister(44)) - Successfully registered JMX Bean with object name Ratis:service=RaftServer,group=group-C4B1A2EFFCB1,id=b53c45b1-3941-4685-95cb-36e9d2366fdc
2022-03-02 19:00:16,130 [Command processor thread] INFO  commandhandler.CreatePipelineCommandHandler (CreatePipelineCommandHandler.java:handle(106)) - Created Pipeline RATIS THREE PipelineID=bff1bd11-539b-4edf-98de-c4b1a2effcb1.
2022-03-02 19:00:16,170 [Command processor thread] INFO  commandhandler.CreatePipelineCommandHandler (CreatePipelineCommandHandler.java:handle(106)) - Created Pipeline RATIS THREE PipelineID=bff1bd11-539b-4edf-98de-c4b1a2effcb1.
2022-03-02 19:00:16,206 [Listener at 127.0.0.1/42139] INFO  ozone.MiniOzoneClusterImpl (MiniOzoneClusterImpl.java:lambda$waitForClusterToBeReady$0(219)) - Nodes are ready. Got 3 of 3 DN Heartbeats.
2022-03-02 19:00:16,206 [Listener at 127.0.0.1/42139] INFO  ozone.MiniOzoneClusterImpl (MiniOzoneClusterImpl.java:lambda$waitForClusterToBeReady$0(222)) - Waiting for cluster to exit safe mode
2022-03-02 19:00:16,206 [Listener at 127.0.0.1/42139] INFO  ozone.MiniOzoneClusterImpl (MiniOzoneClusterImpl.java:lambda$waitForClusterToBeReady$0(224)) - SCM became leader
2022-03-02 19:00:16,260 [Command processor thread] INFO  server.RaftServer (RaftServerProxy.java:addNew(95)) - b53c45b1-3941-4685-95cb-36e9d2366fdc: addNew group-B510EF1058BA:[b53c45b1-3941-4685-95cb-36e9d2366fdc|rpc:127.0.0.1:36539|priority:1] returns group-B510EF1058BA:java.util.concurrent.CompletableFuture@5b58eea7[Not completed]
2022-03-02 19:00:16,261 [pool-406-thread-1] INFO  server.RaftServer$Division (RaftServerImpl.java:<init>(184)) - b53c45b1-3941-4685-95cb-36e9d2366fdc: new RaftServerImpl for group-B510EF1058BA:[b53c45b1-3941-4685-95cb-36e9d2366fdc|rpc:127.0.0.1:36539|priority:1] with ContainerStateMachine:uninitialized
2022-03-02 19:00:16,261 [pool-406-thread-1] INFO  server.RaftServerConfigKeys (ConfUtils.java:logGet(44)) - raft.server.rpc.timeout.min = 5s (custom)
2022-03-02 19:00:16,261 [pool-406-thread-1] INFO  server.RaftServerConfigKeys (ConfUtils.java:logGet(44)) - raft.server.rpc.timeout.max = 5200ms (custom)
2022-03-02 19:00:16,261 [pool-406-thread-1] INFO  server.RaftServerConfigKeys (ConfUtils.java:logGet(44)) - raft.server.rpc.sleep.time = 25ms (default)
2022-03-02 19:00:16,261 [pool-406-thread-1] INFO  server.RaftServerConfigKeys (ConfUtils.java:logGet(44)) - raft.server.rpc.slowness.timeout = 300s (custom)
2022-03-02 19:00:16,261 [pool-406-thread-1] INFO  server.RaftServerConfigKeys (ConfUtils.java:logGet(44)) - raft.server.leaderelection.leader.step-down.wait-time = 10s (default)
2022-03-02 19:00:16,261 [pool-406-thread-1] INFO  server.RaftServerConfigKeys (ConfUtils.java:logGet(44)) - raft.server.sleep.deviation.threshold = 300ms (default)
2022-03-02 19:00:16,261 [pool-406-thread-1] INFO  server.RaftServerConfigKeys (ConfUtils.java:logGet(44)) - raft.server.log.appender.install.snapshot.enabled = false (custom)
2022-03-02 19:00:16,261 [pool-406-thread-1] INFO  server.RaftServer$Division (ServerState.java:<init>(105)) - b53c45b1-3941-4685-95cb-36e9d2366fdc@group-B510EF1058BA: ConfigurationManager, init=-1: [b53c45b1-3941-4685-95cb-36e9d2366fdc|rpc:127.0.0.1:36539|priority:1], old=null, confs=<EMPTY_MAP>
2022-03-02 19:00:16,261 [pool-406-thread-1] INFO  server.RaftServerConfigKeys (ConfUtils.java:logGet(44)) - raft.server.storage.dir = [/home/runner/work/ozone/ozone/hadoop-ozone/integration-test/target/test-dir/MiniOzoneClusterImpl-5ed764c8-eddb-4368-ac32-9b8b311b51af/datanode-2/data/ratis] (custom)
2022-03-02 19:00:16,262 [pool-406-thread-1] INFO  server.RaftServerConfigKeys (ConfUtils.java:logGet(44)) - raft.server.log.corruption.policy = EXCEPTION (default)
2022-03-02 19:00:16,262 [pool-406-thread-1] INFO  server.RaftServerConfigKeys (ConfUtils.java:logGet(44)) - raft.server.storage.free-space.min = 0MB (=0) (default)
2022-03-02 19:00:16,262 [pool-406-thread-1] INFO  storage.RaftStorageDirectory (RaftStorageDirectoryImpl.java:analyzeStorage(135)) - The storage directory /home/runner/work/ozone/ozone/hadoop-ozone/integration-test/target/test-dir/MiniOzoneClusterImpl-5ed764c8-eddb-4368-ac32-9b8b311b51af/datanode-2/data/ratis/f9e34270-85ae-40a1-81c0-b510ef1058ba does not exist. Creating ...
2022-03-02 19:00:16,263 [pool-406-thread-1] INFO  storage.RaftStorageDirectory (RaftStorageDirectoryImpl.java:tryLock(230)) - Lock on /home/runner/work/ozone/ozone/hadoop-ozone/integration-test/target/test-dir/MiniOzoneClusterImpl-5ed764c8-eddb-4368-ac32-9b8b311b51af/datanode-2/data/ratis/f9e34270-85ae-40a1-81c0-b510ef1058ba/in_use.lock acquired by nodename 7106@fv-az148-899
2022-03-02 19:00:16,264 [pool-406-thread-1] INFO  storage.RaftStorage (RaftStorageImpl.java:format(89)) - Storage directory /home/runner/work/ozone/ozone/hadoop-ozone/integration-test/target/test-dir/MiniOzoneClusterImpl-5ed764c8-eddb-4368-ac32-9b8b311b51af/datanode-2/data/ratis/f9e34270-85ae-40a1-81c0-b510ef1058ba has been successfully formatted.
2022-03-02 19:00:16,264 [pool-406-thread-1] INFO  ratis.ContainerStateMachine (ContainerStateMachine.java:loadSnapshot(236)) - group-B510EF1058BA: The snapshot info is null. Setting the last applied indexto:(t:0, i:~)
2022-03-02 19:00:16,265 [pool-406-thread-1] INFO  server.RaftServerConfigKeys (ConfUtils.java:logGet(44)) - raft.server.notification.no-leader.timeout = 300s (custom)
2022-03-02 19:00:16,265 [pool-406-thread-1] INFO  server.RaftServerConfigKeys (ConfUtils.java:logGet(44)) - raft.server.log.use.memory = false (default)
2022-03-02 19:00:16,265 [pool-406-thread-1] INFO  server.RaftServerConfigKeys (ConfUtils.java:logGet(44)) - raft.server.log.purge.gap = 1000000 (custom)
2022-03-02 19:00:16,265 [pool-406-thread-1] INFO  server.RaftServerConfigKeys (ConfUtils.java:logGet(44)) - raft.server.log.appender.buffer.byte-limit = 33554432 (custom)
2022-03-02 19:00:16,265 [pool-406-thread-1] INFO  server.RaftServerConfigKeys (ConfUtils.java:logGet(44)) - raft.server.log.segment.size.max = 1048576 (custom)
2022-03-02 19:00:16,266 [pool-406-thread-1] INFO  server.RaftServerConfigKeys (ConfUtils.java:logGet(44)) - raft.server.log.segment.cache.num.max = 2 (custom)
2022-03-02 19:00:16,266 [pool-406-thread-1] INFO  server.RaftServerConfigKeys (ConfUtils.java:logGet(44)) - raft.server.log.segment.cache.size.max = 200MB (=209715200) (default)
2022-03-02 19:00:16,266 [pool-406-thread-1] INFO  segmented.SegmentedRaftLogWorker (SegmentedRaftLogWorker.java:<init>(182)) - new b53c45b1-3941-4685-95cb-36e9d2366fdc@group-B510EF1058BA-SegmentedRaftLogWorker for RaftStorageImpl:Storage Directory /home/runner/work/ozone/ozone/hadoop-ozone/integration-test/target/test-dir/MiniOzoneClusterImpl-5ed764c8-eddb-4368-ac32-9b8b311b51af/datanode-2/data/ratis/f9e34270-85ae-40a1-81c0-b510ef1058ba
2022-03-02 19:00:16,269 [pool-406-thread-1] INFO  server.RaftServerConfigKeys (ConfUtils.java:logGet(44)) - raft.server.log.queue.byte-limit = 4294967296 (custom)
2022-03-02 19:00:16,269 [pool-406-thread-1] INFO  server.RaftServerConfigKeys (ConfUtils.java:logGet(44)) - raft.server.log.queue.element-limit = 1024 (custom)
2022-03-02 19:00:16,267 [EventQueue-PipelineReportForPipelineReportHandler] INFO  pipeline.PipelineManagerImpl (PipelineManagerImpl.java:openPipeline(291)) - Pipeline Pipeline[ Id: f9e34270-85ae-40a1-81c0-b510ef1058ba, Nodes: b53c45b1-3941-4685-95cb-36e9d2366fdc{ip: 127.0.0.1, host: localhost, ports: [REPLICATION=43561, RATIS=36539, RATIS_ADMIN=36539, RATIS_SERVER=36539, STANDALONE=36361], networkLocation: /default-rack, certSerialId: null, persistedOpState: IN_SERVICE, persistedOpStateExpiryEpochSec: 0}, ReplicationConfig: RATIS/ONE, State:ALLOCATED, leaderId:b53c45b1-3941-4685-95cb-36e9d2366fdc, CreationTimestamp2022-03-02T19:00:13.282Z[Etc/UTC]] moved to OPEN state
2022-03-02 19:00:16,270 [pool-406-thread-1] INFO  server.RaftServerConfigKeys (ConfUtils.java:logGet(44)) - raft.server.log.segment.size.max = 1048576 (custom)
2022-03-02 19:00:16,270 [pool-406-thread-1] INFO  server.RaftServerConfigKeys (ConfUtils.java:logGet(44)) - raft.server.log.preallocated.size = 16384 (custom)
2022-03-02 19:00:16,270 [pool-406-thread-1] INFO  server.RaftServerConfigKeys (ConfUtils.java:logGet(44)) - raft.server.log.force.sync.num = 128 (default)
2022-03-02 19:00:16,270 [pool-406-thread-1] INFO  server.RaftServerConfigKeys (ConfUtils.java:logGet(44)) - raft.server.log.statemachine.data.sync = true (default)
2022-03-02 19:00:16,270 [pool-406-thread-1] INFO  server.RaftServerConfigKeys (ConfUtils.java:logGet(44)) - raft.server.log.statemachine.data.sync.timeout = 10s (default)
2022-03-02 19:00:16,270 [pool-406-thread-1] INFO  server.RaftServerConfigKeys (ConfUtils.java:logGet(44)) - raft.server.log.statemachine.data.sync.timeout.retry = -1 (default)
2022-03-02 19:00:16,271 [pool-406-thread-1] INFO  server.RaftServerConfigKeys (ConfUtils.java:logGet(44)) - raft.server.log.write.buffer.size = 1048576 (custom)
2022-03-02 19:00:16,269 [EventQueue-PipelineReportForPipelineReportHandler] INFO  pipeline.PipelineManagerImpl (PipelineManagerImpl.java:openPipeline(291)) - Pipeline Pipeline[ Id: f9e34270-85ae-40a1-81c0-b510ef1058ba, Nodes: b53c45b1-3941-4685-95cb-36e9d2366fdc{ip: 127.0.0.1, host: localhost, ports: [REPLICATION=43561, RATIS=36539, RATIS_ADMIN=36539, RATIS_SERVER=36539, STANDALONE=36361], networkLocation: /default-rack, certSerialId: null, persistedOpState: IN_SERVICE, persistedOpStateExpiryEpochSec: 0}, ReplicationConfig: RATIS/ONE, State:ALLOCATED, leaderId:b53c45b1-3941-4685-95cb-36e9d2366fdc, CreationTimestamp2022-03-02T19:00:13.282Z[Etc/UTC]] moved to OPEN state
2022-03-02 19:00:16,272 [pool-406-thread-1] INFO  server.RaftServerConfigKeys (ConfUtils.java:logGet(44)) - raft.server.log.statemachine.data.caching.enabled = true (custom)
2022-03-02 19:00:16,272 [pool-406-thread-1] INFO  segmented.SegmentedRaftLogWorker (SegmentedRaftLogWorker.java:lambda$new$0(133)) - b53c45b1-3941-4685-95cb-36e9d2366fdc@group-B510EF1058BA-SegmentedRaftLogWorker: flushIndex: setUnconditionally 0 -> -1
2022-03-02 19:00:16,272 [pool-406-thread-1] INFO  segmented.SegmentedRaftLogWorker (SegmentedRaftLogWorker.java:lambda$new$0(133)) - b53c45b1-3941-4685-95cb-36e9d2366fdc@group-B510EF1058BA-SegmentedRaftLogWorker: safeCacheEvictIndex: setUnconditionally 0 -> -1
2022-03-02 19:00:16,282 [pool-406-thread-1] INFO  server.RaftServerConfigKeys (ConfUtils.java:logGet(44)) - raft.server.snapshot.auto.trigger.enabled = true (custom)
2022-03-02 19:00:16,282 [pool-406-thread-1] INFO  server.RaftServerConfigKeys (ConfUtils.java:logGet(44)) - raft.server.snapshot.auto.trigger.threshold = 10000 (custom)
2022-03-02 19:00:16,282 [pool-406-thread-1] INFO  server.RaftServerConfigKeys (ConfUtils.java:logGet(44)) - raft.server.snapshot.retention.file.num = 5 (custom)
2022-03-02 19:00:16,282 [pool-406-thread-1] INFO  server.RaftServerConfigKeys (ConfUtils.java:logGet(44)) - raft.server.log.purge.upto.snapshot.index = false (default)
2022-03-02 19:00:16,282 [pool-406-thread-1] INFO  server.RaftServerConfigKeys (ConfUtils.java:logGet(44)) - raft.server.retrycache.expirytime = 600000ms (custom)
2022-03-02 19:00:16,282 [pool-406-thread-1] INFO  server.RaftServerConfigKeys (ConfUtils.java:logGet(44)) - raft.server.retrycache.statistics.expirytime = 100μs (default)
2022-03-02 19:00:16,283 [pool-406-thread-1] INFO  server.RaftServer$Division (RaftServerImpl.java:start(301)) - b53c45b1-3941-4685-95cb-36e9d2366fdc@group-B510EF1058BA: start as a follower, conf=-1: [b53c45b1-3941-4685-95cb-36e9d2366fdc|rpc:127.0.0.1:36539|priority:1], old=null
2022-03-02 19:00:16,283 [pool-406-thread-1] INFO  server.RaftServer$Division (RaftServerImpl.java:setRole(290)) - b53c45b1-3941-4685-95cb-36e9d2366fdc@group-B510EF1058BA: changes role from      null to FOLLOWER at term 0 for startAsFollower
2022-03-02 19:00:16,283 [pool-406-thread-1] INFO  impl.RoleInfo (RoleInfo.java:updateAndGet(130)) - b53c45b1-3941-4685-95cb-36e9d2366fdc: start b53c45b1-3941-4685-95cb-36e9d2366fdc@group-B510EF1058BA-FollowerState
2022-03-02 19:00:16,286 [pool-406-thread-1] INFO  util.JmxRegister (JmxRegister.java:tryRegister(44)) - Successfully registered JMX Bean with object name Ratis:service=RaftServer,group=group-B510EF1058BA,id=b53c45b1-3941-4685-95cb-36e9d2366fdc
2022-03-02 19:00:16,289 [Command processor thread] INFO  ratis.XceiverServerRatis (XceiverServerRatis.java:addGroup(769)) - Created group PipelineID=f9e34270-85ae-40a1-81c0-b510ef1058ba
2022-03-02 19:00:16,289 [Command processor thread] INFO  commandhandler.CreatePipelineCommandHandler (CreatePipelineCommandHandler.java:handle(106)) - Created Pipeline RATIS ONE PipelineID=f9e34270-85ae-40a1-81c0-b510ef1058ba.
2022-03-02 19:00:16,295 [f746044e-06a5-45c2-8175-96f1febdd987@group-9B8B311B51AF-StateMachineUpdater] INFO  safemode.HealthyPipelineSafeModeRule (HealthyPipelineSafeModeRule.java:initializeRule(152)) - Refreshed total pipeline count is 0, healthy pipeline threshold count is 1
2022-03-02 19:00:16,295 [EventQueue-OpenPipelineForHealthyPipelineSafeModeRule] INFO  safemode.SCMSafeModeManager (HealthyPipelineSafeModeRule.java:process(124)) - SCM in safe mode. Healthy pipelines reported count is 0, required healthy pipeline reported count is 1
2022-03-02 19:00:16,306 [3b6c5475-24e7-4d17-bb16-57441daa5342@group-9B8B311B51AF-StateMachineUpdater] INFO  safemode.HealthyPipelineSafeModeRule (HealthyPipelineSafeModeRule.java:initializeRule(152)) - Refreshed total pipeline count is 0, healthy pipeline threshold count is 1
2022-03-02 19:00:16,623 [EventQueue-OpenPipelineForHealthyPipelineSafeModeRule] INFO  safemode.SCMSafeModeManager (HealthyPipelineSafeModeRule.java:process(124)) - SCM in safe mode. Healthy pipelines reported count is 0, required healthy pipeline reported count is 1
2022-03-02 19:00:16,623 [EventQueue-OpenPipelineForHealthyPipelineSafeModeRule] INFO  safemode.SCMSafeModeManager (HealthyPipelineSafeModeRule.java:process(124)) - SCM in safe mode. Healthy pipelines reported count is 0, required healthy pipeline reported count is 1
2022-03-02 19:00:16,905 [Datanode State Machine Daemon Thread] ERROR datanode.RunningDatanodeState (RunningDatanodeState.java:computeNextContainerState(201)) - Error in executing end point task.
java.util.concurrent.ExecutionException: java.util.concurrent.TimeoutException
	at java.util.concurrent.FutureTask.report(FutureTask.java:122)
	at java.util.concurrent.FutureTask.get(FutureTask.java:192)
	at org.apache.hadoop.ozone.container.common.states.datanode.RunningDatanodeState.computeNextContainerState(RunningDatanodeState.java:193)
	at org.apache.hadoop.ozone.container.common.states.datanode.RunningDatanodeState.await(RunningDatanodeState.java:233)
	at org.apache.hadoop.ozone.container.common.states.datanode.RunningDatanodeState.await(RunningDatanodeState.java:50)
	at org.apache.hadoop.ozone.container.common.statemachine.StateContext.execute(StateContext.java:658)
	at org.apache.hadoop.ozone.container.common.statemachine.DatanodeStateMachine.startStateMachineThread(DatanodeStateMachine.java:283)
	at org.apache.hadoop.ozone.container.common.statemachine.DatanodeStateMachine.lambda$startDaemon$0(DatanodeStateMachine.java:471)
	at java.lang.Thread.run(Thread.java:750)
Caused by: java.util.concurrent.TimeoutException
	at java.util.concurrent.FutureTask.get(FutureTask.java:205)
	at org.apache.hadoop.ozone.container.common.states.datanode.RunningDatanodeState.lambda$execute$0(RunningDatanodeState.java:151)
	at java.util.concurrent.FutureTask.run(FutureTask.java:266)
	at java.util.concurrent.Executors$RunnableAdapter.call(Executors.java:511)
	at java.util.concurrent.FutureTask.run(FutureTask.java:266)
	at java.util.concurrent.ThreadPoolExecutor.runWorker(ThreadPoolExecutor.java:1149)
	at java.util.concurrent.ThreadPoolExecutor$Worker.run(ThreadPoolExecutor.java:624)
	... 1 more
2022-03-02 19:00:16,950 [EndpointStateMachine task thread for /127.0.0.1:38087 - 0 ] INFO  ipc.Client (Client.java:handleConnectionFailure(977)) - Retrying connect to server: localhost/127.0.0.1:38087. Already tried 2 time(s); retry policy is RetryUpToMaximumCountWithFixedSleep(maxRetries=15, sleepTime=1000 MILLISECONDS)
2022-03-02 19:00:16,966 [EndpointStateMachine task thread for /127.0.0.1:35087 - 0 ] INFO  ipc.Client (Client.java:handleConnectionFailure(977)) - Retrying connect to server: localhost/127.0.0.1:35087. Already tried 2 time(s); retry policy is RetryUpToMaximumCountWithFixedSleep(maxRetries=15, sleepTime=1000 MILLISECONDS)
2022-03-02 19:00:16,967 [EndpointStateMachine task thread for /127.0.0.1:45277 - 0 ] INFO  ipc.Client (Client.java:handleConnectionFailure(977)) - Retrying connect to server: localhost/127.0.0.1:45277. Already tried 2 time(s); retry policy is RetryUpToMaximumCountWithFixedSleep(maxRetries=15, sleepTime=1000 MILLISECONDS)
2022-03-02 19:00:17,206 [Listener at 127.0.0.1/42139] INFO  ozone.MiniOzoneClusterImpl (MiniOzoneClusterImpl.java:lambda$waitForClusterToBeReady$0(219)) - Nodes are ready. Got 3 of 3 DN Heartbeats.
2022-03-02 19:00:17,207 [Listener at 127.0.0.1/42139] INFO  ozone.MiniOzoneClusterImpl (MiniOzoneClusterImpl.java:lambda$waitForClusterToBeReady$0(222)) - Waiting for cluster to exit safe mode
2022-03-02 19:00:17,207 [Listener at 127.0.0.1/42139] INFO  ozone.MiniOzoneClusterImpl (MiniOzoneClusterImpl.java:lambda$waitForClusterToBeReady$0(224)) - SCM became leader
2022-03-02 19:00:17,265 [Datanode State Machine Daemon Thread] ERROR datanode.RunningDatanodeState (RunningDatanodeState.java:computeNextContainerState(201)) - Error in executing end point task.
java.util.concurrent.ExecutionException: java.util.concurrent.TimeoutException
	at java.util.concurrent.FutureTask.report(FutureTask.java:122)
	at java.util.concurrent.FutureTask.get(FutureTask.java:192)
	at org.apache.hadoop.ozone.container.common.states.datanode.RunningDatanodeState.computeNextContainerState(RunningDatanodeState.java:193)
	at org.apache.hadoop.ozone.container.common.states.datanode.RunningDatanodeState.await(RunningDatanodeState.java:233)
	at org.apache.hadoop.ozone.container.common.states.datanode.RunningDatanodeState.await(RunningDatanodeState.java:50)
	at org.apache.hadoop.ozone.container.common.statemachine.StateContext.execute(StateContext.java:658)
	at org.apache.hadoop.ozone.container.common.statemachine.DatanodeStateMachine.startStateMachineThread(DatanodeStateMachine.java:283)
	at org.apache.hadoop.ozone.container.common.statemachine.DatanodeStateMachine.lambda$startDaemon$0(DatanodeStateMachine.java:471)
	at java.lang.Thread.run(Thread.java:750)
Caused by: java.util.concurrent.TimeoutException
	at java.util.concurrent.FutureTask.get(FutureTask.java:205)
	at org.apache.hadoop.ozone.container.common.states.datanode.RunningDatanodeState.lambda$execute$0(RunningDatanodeState.java:151)
	at java.util.concurrent.FutureTask.run(FutureTask.java:266)
	at java.util.concurrent.Executors$RunnableAdapter.call(Executors.java:511)
	at java.util.concurrent.FutureTask.run(FutureTask.java:266)
	at java.util.concurrent.ThreadPoolExecutor.runWorker(ThreadPoolExecutor.java:1149)
	at java.util.concurrent.ThreadPoolExecutor$Worker.run(ThreadPoolExecutor.java:624)
	... 1 more
2022-03-02 19:00:17,908 [Datanode State Machine Daemon Thread] ERROR datanode.RunningDatanodeState (RunningDatanodeState.java:computeNextContainerState(201)) - Error in executing end point task.
java.util.concurrent.ExecutionException: java.util.concurrent.TimeoutException
	at java.util.concurrent.FutureTask.report(FutureTask.java:122)
	at java.util.concurrent.FutureTask.get(FutureTask.java:192)
	at org.apache.hadoop.ozone.container.common.states.datanode.RunningDatanodeState.computeNextContainerState(RunningDatanodeState.java:193)
	at org.apache.hadoop.ozone.container.common.states.datanode.RunningDatanodeState.await(RunningDatanodeState.java:233)
	at org.apache.hadoop.ozone.container.common.states.datanode.RunningDatanodeState.await(RunningDatanodeState.java:50)
	at org.apache.hadoop.ozone.container.common.statemachine.StateContext.execute(StateContext.java:658)
	at org.apache.hadoop.ozone.container.common.statemachine.DatanodeStateMachine.startStateMachineThread(DatanodeStateMachine.java:283)
	at org.apache.hadoop.ozone.container.common.statemachine.DatanodeStateMachine.lambda$startDaemon$0(DatanodeStateMachine.java:471)
	at java.lang.Thread.run(Thread.java:750)
Caused by: java.util.concurrent.TimeoutException
	at java.util.concurrent.FutureTask.get(FutureTask.java:205)
	at org.apache.hadoop.ozone.container.common.states.datanode.RunningDatanodeState.lambda$execute$0(RunningDatanodeState.java:151)
	at java.util.concurrent.FutureTask.run(FutureTask.java:266)
	at java.util.concurrent.Executors$RunnableAdapter.call(Executors.java:511)
	at java.util.concurrent.FutureTask.run(FutureTask.java:266)
	at java.util.concurrent.ThreadPoolExecutor.runWorker(ThreadPoolExecutor.java:1149)
	at java.util.concurrent.ThreadPoolExecutor$Worker.run(ThreadPoolExecutor.java:624)
	... 1 more
2022-03-02 19:00:17,950 [EndpointStateMachine task thread for /127.0.0.1:38087 - 0 ] INFO  ipc.Client (Client.java:handleConnectionFailure(977)) - Retrying connect to server: localhost/127.0.0.1:38087. Already tried 3 time(s); retry policy is RetryUpToMaximumCountWithFixedSleep(maxRetries=15, sleepTime=1000 MILLISECONDS)
2022-03-02 19:00:17,967 [EndpointStateMachine task thread for /127.0.0.1:35087 - 0 ] INFO  ipc.Client (Client.java:handleConnectionFailure(977)) - Retrying connect to server: localhost/127.0.0.1:35087. Already tried 3 time(s); retry policy is RetryUpToMaximumCountWithFixedSleep(maxRetries=15, sleepTime=1000 MILLISECONDS)
2022-03-02 19:00:17,967 [EndpointStateMachine task thread for /127.0.0.1:45277 - 0 ] INFO  ipc.Client (Client.java:handleConnectionFailure(977)) - Retrying connect to server: localhost/127.0.0.1:45277. Already tried 3 time(s); retry policy is RetryUpToMaximumCountWithFixedSleep(maxRetries=15, sleepTime=1000 MILLISECONDS)
2022-03-02 19:00:18,207 [Listener at 127.0.0.1/42139] INFO  ozone.MiniOzoneClusterImpl (MiniOzoneClusterImpl.java:lambda$waitForClusterToBeReady$0(219)) - Nodes are ready. Got 3 of 3 DN Heartbeats.
2022-03-02 19:00:18,207 [Listener at 127.0.0.1/42139] INFO  ozone.MiniOzoneClusterImpl (MiniOzoneClusterImpl.java:lambda$waitForClusterToBeReady$0(222)) - Waiting for cluster to exit safe mode
2022-03-02 19:00:18,207 [Listener at 127.0.0.1/42139] INFO  ozone.MiniOzoneClusterImpl (MiniOzoneClusterImpl.java:lambda$waitForClusterToBeReady$0(224)) - SCM became leader
2022-03-02 19:00:18,910 [Datanode State Machine Daemon Thread] ERROR datanode.RunningDatanodeState (RunningDatanodeState.java:computeNextContainerState(201)) - Error in executing end point task.
java.util.concurrent.ExecutionException: java.util.concurrent.TimeoutException
	at java.util.concurrent.FutureTask.report(FutureTask.java:122)
	at java.util.concurrent.FutureTask.get(FutureTask.java:192)
	at org.apache.hadoop.ozone.container.common.states.datanode.RunningDatanodeState.computeNextContainerState(RunningDatanodeState.java:193)
	at org.apache.hadoop.ozone.container.common.states.datanode.RunningDatanodeState.await(RunningDatanodeState.java:233)
	at org.apache.hadoop.ozone.container.common.states.datanode.RunningDatanodeState.await(RunningDatanodeState.java:50)
	at org.apache.hadoop.ozone.container.common.statemachine.StateContext.execute(StateContext.java:658)
	at org.apache.hadoop.ozone.container.common.statemachine.DatanodeStateMachine.startStateMachineThread(DatanodeStateMachine.java:283)
	at org.apache.hadoop.ozone.container.common.statemachine.DatanodeStateMachine.lambda$startDaemon$0(DatanodeStateMachine.java:471)
	at java.lang.Thread.run(Thread.java:750)
Caused by: java.util.concurrent.TimeoutException
	at java.util.concurrent.FutureTask.get(FutureTask.java:205)
	at org.apache.hadoop.ozone.container.common.states.datanode.RunningDatanodeState.lambda$execute$0(RunningDatanodeState.java:151)
	at java.util.concurrent.FutureTask.run(FutureTask.java:266)
	at java.util.concurrent.Executors$RunnableAdapter.call(Executors.java:511)
	at java.util.concurrent.FutureTask.run(FutureTask.java:266)
	at java.util.concurrent.ThreadPoolExecutor.runWorker(ThreadPoolExecutor.java:1149)
	at java.util.concurrent.ThreadPoolExecutor$Worker.run(ThreadPoolExecutor.java:624)
	... 1 more
2022-03-02 19:00:18,951 [EndpointStateMachine task thread for /127.0.0.1:38087 - 0 ] INFO  ipc.Client (Client.java:handleConnectionFailure(977)) - Retrying connect to server: localhost/127.0.0.1:38087. Already tried 4 time(s); retry policy is RetryUpToMaximumCountWithFixedSleep(maxRetries=15, sleepTime=1000 MILLISECONDS)
2022-03-02 19:00:18,968 [EndpointStateMachine task thread for /127.0.0.1:35087 - 0 ] INFO  ipc.Client (Client.java:handleConnectionFailure(977)) - Retrying connect to server: localhost/127.0.0.1:35087. Already tried 4 time(s); retry policy is RetryUpToMaximumCountWithFixedSleep(maxRetries=15, sleepTime=1000 MILLISECONDS)
2022-03-02 19:00:18,968 [EndpointStateMachine task thread for /127.0.0.1:45277 - 0 ] INFO  ipc.Client (Client.java:handleConnectionFailure(977)) - Retrying connect to server: localhost/127.0.0.1:45277. Already tried 4 time(s); retry policy is RetryUpToMaximumCountWithFixedSleep(maxRetries=15, sleepTime=1000 MILLISECONDS)
2022-03-02 19:00:18,978 [Datanode State Machine Daemon Thread] ERROR datanode.RunningDatanodeState (RunningDatanodeState.java:computeNextContainerState(201)) - Error in executing end point task.
java.util.concurrent.ExecutionException: java.util.concurrent.TimeoutException
	at java.util.concurrent.FutureTask.report(FutureTask.java:122)
	at java.util.concurrent.FutureTask.get(FutureTask.java:192)
	at org.apache.hadoop.ozone.container.common.states.datanode.RunningDatanodeState.computeNextContainerState(RunningDatanodeState.java:193)
	at org.apache.hadoop.ozone.container.common.states.datanode.RunningDatanodeState.await(RunningDatanodeState.java:233)
	at org.apache.hadoop.ozone.container.common.states.datanode.RunningDatanodeState.await(RunningDatanodeState.java:50)
	at org.apache.hadoop.ozone.container.common.statemachine.StateContext.execute(StateContext.java:658)
	at org.apache.hadoop.ozone.container.common.statemachine.DatanodeStateMachine.startStateMachineThread(DatanodeStateMachine.java:283)
	at org.apache.hadoop.ozone.container.common.statemachine.DatanodeStateMachine.lambda$startDaemon$0(DatanodeStateMachine.java:471)
	at java.lang.Thread.run(Thread.java:750)
Caused by: java.util.concurrent.TimeoutException
	at java.util.concurrent.FutureTask.get(FutureTask.java:205)
	at org.apache.hadoop.ozone.container.common.states.datanode.RunningDatanodeState.lambda$execute$0(RunningDatanodeState.java:151)
	at java.util.concurrent.FutureTask.run(FutureTask.java:266)
	at java.util.concurrent.Executors$RunnableAdapter.call(Executors.java:511)
	at java.util.concurrent.FutureTask.run(FutureTask.java:266)
	at java.util.concurrent.ThreadPoolExecutor.runWorker(ThreadPoolExecutor.java:1149)
	at java.util.concurrent.ThreadPoolExecutor$Worker.run(ThreadPoolExecutor.java:624)
	... 1 more
2022-03-02 19:00:19,208 [Listener at 127.0.0.1/42139] INFO  ozone.MiniOzoneClusterImpl (MiniOzoneClusterImpl.java:lambda$waitForClusterToBeReady$0(219)) - Nodes are ready. Got 3 of 3 DN Heartbeats.
2022-03-02 19:00:19,208 [Listener at 127.0.0.1/42139] INFO  ozone.MiniOzoneClusterImpl (MiniOzoneClusterImpl.java:lambda$waitForClusterToBeReady$0(222)) - Waiting for cluster to exit safe mode
2022-03-02 19:00:19,208 [Listener at 127.0.0.1/42139] INFO  ozone.MiniOzoneClusterImpl (MiniOzoneClusterImpl.java:lambda$waitForClusterToBeReady$0(224)) - SCM became leader
2022-03-02 19:00:19,277 [Datanode State Machine Daemon Thread] ERROR datanode.RunningDatanodeState (RunningDatanodeState.java:computeNextContainerState(201)) - Error in executing end point task.
java.util.concurrent.ExecutionException: java.util.concurrent.TimeoutException
	at java.util.concurrent.FutureTask.report(FutureTask.java:122)
	at java.util.concurrent.FutureTask.get(FutureTask.java:192)
	at org.apache.hadoop.ozone.container.common.states.datanode.RunningDatanodeState.computeNextContainerState(RunningDatanodeState.java:193)
	at org.apache.hadoop.ozone.container.common.states.datanode.RunningDatanodeState.await(RunningDatanodeState.java:233)
	at org.apache.hadoop.ozone.container.common.states.datanode.RunningDatanodeState.await(RunningDatanodeState.java:50)
	at org.apache.hadoop.ozone.container.common.statemachine.StateContext.execute(StateContext.java:658)
	at org.apache.hadoop.ozone.container.common.statemachine.DatanodeStateMachine.startStateMachineThread(DatanodeStateMachine.java:283)
	at org.apache.hadoop.ozone.container.common.statemachine.DatanodeStateMachine.lambda$startDaemon$0(DatanodeStateMachine.java:471)
	at java.lang.Thread.run(Thread.java:750)
Caused by: java.util.concurrent.TimeoutException
	at java.util.concurrent.FutureTask.get(FutureTask.java:205)
	at org.apache.hadoop.ozone.container.common.states.datanode.RunningDatanodeState.lambda$execute$0(RunningDatanodeState.java:151)
	at java.util.concurrent.FutureTask.run(FutureTask.java:266)
	at java.util.concurrent.Executors$RunnableAdapter.call(Executors.java:511)
	at java.util.concurrent.FutureTask.run(FutureTask.java:266)
	at java.util.concurrent.ThreadPoolExecutor.runWorker(ThreadPoolExecutor.java:1149)
	at java.util.concurrent.ThreadPoolExecutor$Worker.run(ThreadPoolExecutor.java:624)
	... 1 more
2022-03-02 19:00:19,951 [EndpointStateMachine task thread for /127.0.0.1:38087 - 0 ] INFO  ipc.Client (Client.java:handleConnectionFailure(977)) - Retrying connect to server: localhost/127.0.0.1:38087. Already tried 5 time(s); retry policy is RetryUpToMaximumCountWithFixedSleep(maxRetries=15, sleepTime=1000 MILLISECONDS)
2022-03-02 19:00:19,968 [EndpointStateMachine task thread for /127.0.0.1:45277 - 0 ] INFO  ipc.Client (Client.java:handleConnectionFailure(977)) - Retrying connect to server: localhost/127.0.0.1:45277. Already tried 5 time(s); retry policy is RetryUpToMaximumCountWithFixedSleep(maxRetries=15, sleepTime=1000 MILLISECONDS)
2022-03-02 19:00:19,969 [EndpointStateMachine task thread for /127.0.0.1:35087 - 0 ] INFO  ipc.Client (Client.java:handleConnectionFailure(977)) - Retrying connect to server: localhost/127.0.0.1:35087. Already tried 5 time(s); retry policy is RetryUpToMaximumCountWithFixedSleep(maxRetries=15, sleepTime=1000 MILLISECONDS)
2022-03-02 19:00:20,209 [Listener at 127.0.0.1/42139] INFO  ozone.MiniOzoneClusterImpl (MiniOzoneClusterImpl.java:lambda$waitForClusterToBeReady$0(219)) - Nodes are ready. Got 3 of 3 DN Heartbeats.
2022-03-02 19:00:20,209 [Listener at 127.0.0.1/42139] INFO  ozone.MiniOzoneClusterImpl (MiniOzoneClusterImpl.java:lambda$waitForClusterToBeReady$0(222)) - Waiting for cluster to exit safe mode
2022-03-02 19:00:20,209 [Listener at 127.0.0.1/42139] INFO  ozone.MiniOzoneClusterImpl (MiniOzoneClusterImpl.java:lambda$waitForClusterToBeReady$0(224)) - SCM became leader
2022-03-02 19:00:20,750 [aa697790-8875-4a1b-830b-e84d121175f0@group-1A55FEB1424C-FollowerState] INFO  impl.FollowerState (FollowerState.java:run(134)) - aa697790-8875-4a1b-830b-e84d121175f0@group-1A55FEB1424C-FollowerState: change to CANDIDATE, lastRpcElapsedTime:5014997823ns, electionTimeout:5014ms
2022-03-02 19:00:20,750 [aa697790-8875-4a1b-830b-e84d121175f0@group-1A55FEB1424C-FollowerState] INFO  impl.RoleInfo (RoleInfo.java:shutdownFollowerState(108)) - aa697790-8875-4a1b-830b-e84d121175f0: shutdown aa697790-8875-4a1b-830b-e84d121175f0@group-1A55FEB1424C-FollowerState
2022-03-02 19:00:20,750 [aa697790-8875-4a1b-830b-e84d121175f0@group-1A55FEB1424C-FollowerState] INFO  server.RaftServer$Division (RaftServerImpl.java:setRole(290)) - aa697790-8875-4a1b-830b-e84d121175f0@group-1A55FEB1424C: changes role from  FOLLOWER to CANDIDATE at term 0 for changeToCandidate
2022-03-02 19:00:20,752 [aa697790-8875-4a1b-830b-e84d121175f0@group-1A55FEB1424C-FollowerState] INFO  server.RaftServerConfigKeys (ConfUtils.java:logGet(44)) - raft.server.leaderelection.pre-vote = false (custom)
2022-03-02 19:00:20,752 [aa697790-8875-4a1b-830b-e84d121175f0@group-1A55FEB1424C-FollowerState] INFO  impl.RoleInfo (RoleInfo.java:updateAndGet(130)) - aa697790-8875-4a1b-830b-e84d121175f0: start aa697790-8875-4a1b-830b-e84d121175f0@group-1A55FEB1424C-LeaderElection22
2022-03-02 19:00:20,762 [aa697790-8875-4a1b-830b-e84d121175f0@group-1A55FEB1424C-LeaderElection22] INFO  impl.LeaderElection (LeaderElection.java:askForVotes(306)) - aa697790-8875-4a1b-830b-e84d121175f0@group-1A55FEB1424C-LeaderElection22 ELECTION round 0: submit vote requests at term 1 for -1: [aa697790-8875-4a1b-830b-e84d121175f0|rpc:127.0.0.1:40725|priority:1, b53c45b1-3941-4685-95cb-36e9d2366fdc|rpc:127.0.0.1:36539|priority:0, a730aa12-8e10-43d5-9e4d-8226ddf6a853|rpc:127.0.0.1:34023|priority:0], old=null
2022-03-02 19:00:20,785 [grpc-default-executor-1] INFO  server.RaftServer$Division (RaftServerImpl.java:requestVote(1046)) - b53c45b1-3941-4685-95cb-36e9d2366fdc@group-1A55FEB1424C: receive requestVote(ELECTION, aa697790-8875-4a1b-830b-e84d121175f0, group-1A55FEB1424C, 1, (t:0, i:0))
2022-03-02 19:00:20,785 [grpc-default-executor-1] INFO  impl.VoteContext (VoteContext.java:log(48)) - b53c45b1-3941-4685-95cb-36e9d2366fdc@group-1A55FEB1424C-FOLLOWER: accept ELECTION from aa697790-8875-4a1b-830b-e84d121175f0: our priority 0 <= candidate's priority 1
2022-03-02 19:00:20,785 [grpc-default-executor-1] INFO  server.RaftServer$Division (RaftServerImpl.java:setRole(290)) - b53c45b1-3941-4685-95cb-36e9d2366fdc@group-1A55FEB1424C: changes role from  FOLLOWER to FOLLOWER at term 1 for candidate:aa697790-8875-4a1b-830b-e84d121175f0
2022-03-02 19:00:20,786 [grpc-default-executor-1] INFO  impl.RoleInfo (RoleInfo.java:shutdownFollowerState(108)) - b53c45b1-3941-4685-95cb-36e9d2366fdc: shutdown b53c45b1-3941-4685-95cb-36e9d2366fdc@group-1A55FEB1424C-FollowerState
2022-03-02 19:00:20,786 [grpc-default-executor-1] INFO  impl.RoleInfo (RoleInfo.java:updateAndGet(130)) - b53c45b1-3941-4685-95cb-36e9d2366fdc: start b53c45b1-3941-4685-95cb-36e9d2366fdc@group-1A55FEB1424C-FollowerState
2022-03-02 19:00:20,786 [b53c45b1-3941-4685-95cb-36e9d2366fdc@group-1A55FEB1424C-FollowerState] INFO  impl.FollowerState (FollowerState.java:run(143)) - b53c45b1-3941-4685-95cb-36e9d2366fdc@group-1A55FEB1424C-FollowerState was interrupted: {}
java.lang.InterruptedException: sleep interrupted
	at java.lang.Thread.sleep(Native Method)
	at java.lang.Thread.sleep(Thread.java:342)
	at java.util.concurrent.TimeUnit.sleep(TimeUnit.java:386)
	at org.apache.ratis.util.TimeDuration.sleep(TimeDuration.java:324)
	at org.apache.ratis.util.TimeDuration.sleep(TimeDuration.java:309)
	at org.apache.ratis.server.impl.FollowerState.run(FollowerState.java:118)
2022-03-02 19:00:20,801 [grpc-default-executor-0] INFO  server.RaftServer$Division (RaftServerImpl.java:requestVote(1046)) - a730aa12-8e10-43d5-9e4d-8226ddf6a853@group-1A55FEB1424C: receive requestVote(ELECTION, aa697790-8875-4a1b-830b-e84d121175f0, group-1A55FEB1424C, 1, (t:0, i:0))
2022-03-02 19:00:20,801 [grpc-default-executor-0] INFO  impl.VoteContext (VoteContext.java:log(48)) - a730aa12-8e10-43d5-9e4d-8226ddf6a853@group-1A55FEB1424C-FOLLOWER: accept ELECTION from aa697790-8875-4a1b-830b-e84d121175f0: our priority 0 <= candidate's priority 1
2022-03-02 19:00:20,801 [grpc-default-executor-0] INFO  server.RaftServer$Division (RaftServerImpl.java:setRole(290)) - a730aa12-8e10-43d5-9e4d-8226ddf6a853@group-1A55FEB1424C: changes role from  FOLLOWER to FOLLOWER at term 1 for candidate:aa697790-8875-4a1b-830b-e84d121175f0
2022-03-02 19:00:20,801 [grpc-default-executor-0] INFO  impl.RoleInfo (RoleInfo.java:shutdownFollowerState(108)) - a730aa12-8e10-43d5-9e4d-8226ddf6a853: shutdown a730aa12-8e10-43d5-9e4d-8226ddf6a853@group-1A55FEB1424C-FollowerState
2022-03-02 19:00:20,805 [grpc-default-executor-0] INFO  impl.RoleInfo (RoleInfo.java:updateAndGet(130)) - a730aa12-8e10-43d5-9e4d-8226ddf6a853: start a730aa12-8e10-43d5-9e4d-8226ddf6a853@group-1A55FEB1424C-FollowerState
2022-03-02 19:00:20,805 [a730aa12-8e10-43d5-9e4d-8226ddf6a853@group-1A55FEB1424C-FollowerState] INFO  impl.FollowerState (FollowerState.java:run(143)) - a730aa12-8e10-43d5-9e4d-8226ddf6a853@group-1A55FEB1424C-FollowerState was interrupted: {}
java.lang.InterruptedException: sleep interrupted
	at java.lang.Thread.sleep(Native Method)
	at java.lang.Thread.sleep(Thread.java:342)
	at java.util.concurrent.TimeUnit.sleep(TimeUnit.java:386)
	at org.apache.ratis.util.TimeDuration.sleep(TimeDuration.java:324)
	at org.apache.ratis.util.TimeDuration.sleep(TimeDuration.java:309)
	at org.apache.ratis.server.impl.FollowerState.run(FollowerState.java:118)
2022-03-02 19:00:20,807 [grpc-default-executor-1] INFO  server.RaftServer$Division (RaftServerImpl.java:requestVote(1078)) - b53c45b1-3941-4685-95cb-36e9d2366fdc@group-1A55FEB1424C replies to ELECTION vote request: aa697790-8875-4a1b-830b-e84d121175f0<-b53c45b1-3941-4685-95cb-36e9d2366fdc#0:OK-t1. Peer's state: b53c45b1-3941-4685-95cb-36e9d2366fdc@group-1A55FEB1424C:t1, leader=null, voted=aa697790-8875-4a1b-830b-e84d121175f0, raftlog=b53c45b1-3941-4685-95cb-36e9d2366fdc@group-1A55FEB1424C-SegmentedRaftLog:OPENED:c-1, conf=-1: [aa697790-8875-4a1b-830b-e84d121175f0|rpc:127.0.0.1:40725|dataStream:|priority:1, b53c45b1-3941-4685-95cb-36e9d2366fdc|rpc:127.0.0.1:36539|dataStream:|priority:0, a730aa12-8e10-43d5-9e4d-8226ddf6a853|rpc:127.0.0.1:34023|dataStream:|priority:0], old=null
2022-03-02 19:00:20,810 [grpc-default-executor-0] INFO  server.RaftServer$Division (RaftServerImpl.java:requestVote(1078)) - a730aa12-8e10-43d5-9e4d-8226ddf6a853@group-1A55FEB1424C replies to ELECTION vote request: aa697790-8875-4a1b-830b-e84d121175f0<-a730aa12-8e10-43d5-9e4d-8226ddf6a853#0:OK-t1. Peer's state: a730aa12-8e10-43d5-9e4d-8226ddf6a853@group-1A55FEB1424C:t1, leader=null, voted=aa697790-8875-4a1b-830b-e84d121175f0, raftlog=a730aa12-8e10-43d5-9e4d-8226ddf6a853@group-1A55FEB1424C-SegmentedRaftLog:OPENED:c-1, conf=-1: [aa697790-8875-4a1b-830b-e84d121175f0|rpc:127.0.0.1:40725|dataStream:|priority:1, b53c45b1-3941-4685-95cb-36e9d2366fdc|rpc:127.0.0.1:36539|dataStream:|priority:0, a730aa12-8e10-43d5-9e4d-8226ddf6a853|rpc:127.0.0.1:34023|dataStream:|priority:0], old=null
2022-03-02 19:00:20,811 [aa697790-8875-4a1b-830b-e84d121175f0@group-1A55FEB1424C-LeaderElection22] INFO  impl.LeaderElection (LeaderElection.java:logAndReturn(89)) - aa697790-8875-4a1b-830b-e84d121175f0@group-1A55FEB1424C-LeaderElection22: ELECTION PASSED received 1 response(s) and 0 exception(s):
2022-03-02 19:00:20,811 [aa697790-8875-4a1b-830b-e84d121175f0@group-1A55FEB1424C-LeaderElection22] INFO  impl.LeaderElection (LeaderElection.java:logAndReturn(93)) -   Response 0: aa697790-8875-4a1b-830b-e84d121175f0<-b53c45b1-3941-4685-95cb-36e9d2366fdc#0:OK-t1
2022-03-02 19:00:20,811 [aa697790-8875-4a1b-830b-e84d121175f0@group-1A55FEB1424C-LeaderElection22] INFO  impl.LeaderElection (LeaderElection.java:askForVotes(308)) - aa697790-8875-4a1b-830b-e84d121175f0@group-1A55FEB1424C-LeaderElection22 ELECTION round 0: result PASSED
2022-03-02 19:00:20,811 [aa697790-8875-4a1b-830b-e84d121175f0@group-1A55FEB1424C-LeaderElection22] INFO  impl.RoleInfo (RoleInfo.java:shutdownLeaderElection(121)) - aa697790-8875-4a1b-830b-e84d121175f0: shutdown aa697790-8875-4a1b-830b-e84d121175f0@group-1A55FEB1424C-LeaderElection22
2022-03-02 19:00:20,811 [aa697790-8875-4a1b-830b-e84d121175f0@group-1A55FEB1424C-LeaderElection22] INFO  server.RaftServer$Division (RaftServerImpl.java:setRole(290)) - aa697790-8875-4a1b-830b-e84d121175f0@group-1A55FEB1424C: changes role from CANDIDATE to LEADER at term 1 for changeToLeader
2022-03-02 19:00:20,812 [aa697790-8875-4a1b-830b-e84d121175f0@group-1A55FEB1424C-LeaderElection22] INFO  ratis.XceiverServerRatis (XceiverServerRatis.java:handleLeaderChangedNotification(867)) - Leader change notification received for group: group-1A55FEB1424C with new leaderId: aa697790-8875-4a1b-830b-e84d121175f0
2022-03-02 19:00:20,812 [aa697790-8875-4a1b-830b-e84d121175f0@group-1A55FEB1424C-LeaderElection22] INFO  server.RaftServer$Division (ServerState.java:setLeader(285)) - aa697790-8875-4a1b-830b-e84d121175f0@group-1A55FEB1424C: change Leader from null to aa697790-8875-4a1b-830b-e84d121175f0 at term 1 for becomeLeader, leader elected after 5097ms
2022-03-02 19:00:20,812 [aa697790-8875-4a1b-830b-e84d121175f0@group-1A55FEB1424C-LeaderElection22] INFO  server.RaftServerConfigKeys (ConfUtils.java:logGet(44)) - raft.server.staging.catchup.gap = 1000 (default)
2022-03-02 19:00:20,812 [aa697790-8875-4a1b-830b-e84d121175f0@group-1A55FEB1424C-LeaderElection22] INFO  server.RaftServerConfigKeys (ConfUtils.java:logGet(44)) - raft.server.write.element-limit = 1024 (custom)
2022-03-02 19:00:20,812 [aa697790-8875-4a1b-830b-e84d121175f0@group-1A55FEB1424C-LeaderElection22] INFO  server.RaftServerConfigKeys (ConfUtils.java:logGet(44)) - raft.server.write.byte-limit = 1024 M (=1073741824) (custom)
2022-03-02 19:00:20,812 [aa697790-8875-4a1b-830b-e84d121175f0@group-1A55FEB1424C-LeaderElection22] INFO  server.RaftServerConfigKeys (ConfUtils.java:logGet(44)) - raft.server.watch.timeout = 180s (custom)
2022-03-02 19:00:20,812 [aa697790-8875-4a1b-830b-e84d121175f0@group-1A55FEB1424C-LeaderElection22] INFO  server.RaftServerConfigKeys (ConfUtils.java:logGet(44)) - raft.server.watch.timeout.denomination = 1s (default)
2022-03-02 19:00:20,813 [aa697790-8875-4a1b-830b-e84d121175f0@group-1A55FEB1424C-LeaderElection22] INFO  server.RaftServerConfigKeys (ConfUtils.java:logGet(44)) - raft.server.watch.element-limit = 65536 (default)
2022-03-02 19:00:20,813 [aa697790-8875-4a1b-830b-e84d121175f0@group-1A55FEB1424C-LeaderElection22] INFO  server.RaftServerConfigKeys (ConfUtils.java:logGet(44)) - raft.server.write.element-limit = 1024 (custom)
2022-03-02 19:00:20,813 [aa697790-8875-4a1b-830b-e84d121175f0@group-1A55FEB1424C-LeaderElection22] INFO  server.RaftServerConfigKeys (ConfUtils.java:logGet(44)) - raft.server.write.follower.gap.ratio.max = -1.0 (default)
2022-03-02 19:00:20,813 [aa697790-8875-4a1b-830b-e84d121175f0@group-1A55FEB1424C-LeaderElection22] INFO  server.RaftServerConfigKeys (ConfUtils.java:logGet(44)) - raft.server.log.appender.snapshot.chunk.size.max = 16MB (=16777216) (default)
2022-03-02 19:00:20,813 [aa697790-8875-4a1b-830b-e84d121175f0@group-1A55FEB1424C-LeaderElection22] INFO  server.RaftServerConfigKeys (ConfUtils.java:logGet(44)) - raft.server.log.appender.buffer.byte-limit = 33554432 (custom)
2022-03-02 19:00:20,813 [aa697790-8875-4a1b-830b-e84d121175f0@group-1A55FEB1424C-LeaderElection22] INFO  server.RaftServerConfigKeys (ConfUtils.java:logGet(44)) - raft.server.log.appender.buffer.element-limit = 1 (custom)
2022-03-02 19:00:20,813 [aa697790-8875-4a1b-830b-e84d121175f0@group-1A55FEB1424C-LeaderElection22] INFO  grpc.GrpcConfigKeys (ConfUtils.java:logGet(44)) - raft.grpc.server.leader.outstanding.appends.max = 128 (default)
2022-03-02 19:00:20,813 [aa697790-8875-4a1b-830b-e84d121175f0@group-1A55FEB1424C-LeaderElection22] INFO  server.RaftServerConfigKeys (ConfUtils.java:logGet(44)) - raft.server.rpc.request.timeout = 60s (custom)
2022-03-02 19:00:20,813 [aa697790-8875-4a1b-830b-e84d121175f0@group-1A55FEB1424C-LeaderElection22] INFO  server.RaftServerConfigKeys (ConfUtils.java:logGet(44)) - raft.server.log.appender.install.snapshot.enabled = false (custom)
2022-03-02 19:00:20,813 [aa697790-8875-4a1b-830b-e84d121175f0@group-CC131612F07F-FollowerState] INFO  impl.FollowerState (FollowerState.java:run(134)) - aa697790-8875-4a1b-830b-e84d121175f0@group-CC131612F07F-FollowerState: change to CANDIDATE, lastRpcElapsedTime:5122909782ns, electionTimeout:5112ms
2022-03-02 19:00:20,814 [aa697790-8875-4a1b-830b-e84d121175f0@group-CC131612F07F-FollowerState] INFO  impl.RoleInfo (RoleInfo.java:shutdownFollowerState(108)) - aa697790-8875-4a1b-830b-e84d121175f0: shutdown aa697790-8875-4a1b-830b-e84d121175f0@group-CC131612F07F-FollowerState
2022-03-02 19:00:20,814 [aa697790-8875-4a1b-830b-e84d121175f0@group-CC131612F07F-FollowerState] INFO  server.RaftServer$Division (RaftServerImpl.java:setRole(290)) - aa697790-8875-4a1b-830b-e84d121175f0@group-CC131612F07F: changes role from  FOLLOWER to CANDIDATE at term 0 for changeToCandidate
2022-03-02 19:00:20,814 [aa697790-8875-4a1b-830b-e84d121175f0@group-CC131612F07F-FollowerState] INFO  server.RaftServerConfigKeys (ConfUtils.java:logGet(44)) - raft.server.leaderelection.pre-vote = false (custom)
2022-03-02 19:00:20,814 [aa697790-8875-4a1b-830b-e84d121175f0@group-CC131612F07F-FollowerState] INFO  impl.RoleInfo (RoleInfo.java:updateAndGet(130)) - aa697790-8875-4a1b-830b-e84d121175f0: start aa697790-8875-4a1b-830b-e84d121175f0@group-CC131612F07F-LeaderElection23
2022-03-02 19:00:20,815 [EventQueue-PipelineReportForPipelineReportHandler] INFO  pipeline.PipelineManagerImpl (PipelineManagerImpl.java:openPipeline(291)) - Pipeline Pipeline[ Id: b9eebb0d-29d0-4ad9-86a2-1a55feb1424c, Nodes: aa697790-8875-4a1b-830b-e84d121175f0{ip: 127.0.0.1, host: localhost, ports: [REPLICATION=33043, RATIS=40725, RATIS_ADMIN=40725, RATIS_SERVER=40725, STANDALONE=38453], networkLocation: /default-rack, certSerialId: null, persistedOpState: IN_SERVICE, persistedOpStateExpiryEpochSec: 0}b53c45b1-3941-4685-95cb-36e9d2366fdc{ip: 127.0.0.1, host: localhost, ports: [REPLICATION=43561, RATIS=36539, RATIS_ADMIN=36539, RATIS_SERVER=36539, STANDALONE=36361], networkLocation: /default-rack, certSerialId: null, persistedOpState: IN_SERVICE, persistedOpStateExpiryEpochSec: 0}a730aa12-8e10-43d5-9e4d-8226ddf6a853{ip: 127.0.0.1, host: localhost, ports: [REPLICATION=33055, RATIS=34023, RATIS_ADMIN=34023, RATIS_SERVER=34023, STANDALONE=40333], networkLocation: /default-rack, certSerialId: null, persistedOpState: IN_SERVICE, persistedOpStateExpiryEpochSec: 0}, ReplicationConfig: RATIS/THREE, State:ALLOCATED, leaderId:aa697790-8875-4a1b-830b-e84d121175f0, CreationTimestamp2022-03-02T19:00:13.291Z[Etc/UTC]] moved to OPEN state
2022-03-02 19:00:20,817 [aa697790-8875-4a1b-830b-e84d121175f0@group-1A55FEB1424C-LeaderElection22] INFO  server.RaftServerConfigKeys (ConfUtils.java:logGet(44)) - raft.server.log.appender.snapshot.chunk.size.max = 16MB (=16777216) (default)
2022-03-02 19:00:20,817 [aa697790-8875-4a1b-830b-e84d121175f0@group-1A55FEB1424C-LeaderElection22] INFO  server.RaftServerConfigKeys (ConfUtils.java:logGet(44)) - raft.server.log.appender.buffer.byte-limit = 33554432 (custom)
2022-03-02 19:00:20,817 [aa697790-8875-4a1b-830b-e84d121175f0@group-1A55FEB1424C-LeaderElection22] INFO  server.RaftServerConfigKeys (ConfUtils.java:logGet(44)) - raft.server.log.appender.buffer.element-limit = 1 (custom)
2022-03-02 19:00:20,819 [aa697790-8875-4a1b-830b-e84d121175f0@group-1A55FEB1424C-LeaderElection22] INFO  grpc.GrpcConfigKeys (ConfUtils.java:logGet(44)) - raft.grpc.server.leader.outstanding.appends.max = 128 (default)
2022-03-02 19:00:20,819 [aa697790-8875-4a1b-830b-e84d121175f0@group-1A55FEB1424C-LeaderElection22] INFO  server.RaftServerConfigKeys (ConfUtils.java:logGet(44)) - raft.server.rpc.request.timeout = 60s (custom)
2022-03-02 19:00:20,819 [aa697790-8875-4a1b-830b-e84d121175f0@group-1A55FEB1424C-LeaderElection22] INFO  server.RaftServerConfigKeys (ConfUtils.java:logGet(44)) - raft.server.log.appender.install.snapshot.enabled = false (custom)
2022-03-02 19:00:20,820 [aa697790-8875-4a1b-830b-e84d121175f0@group-1A55FEB1424C-LeaderElection22] INFO  impl.RoleInfo (RoleInfo.java:updateAndGet(130)) - aa697790-8875-4a1b-830b-e84d121175f0: start aa697790-8875-4a1b-830b-e84d121175f0@group-1A55FEB1424C-LeaderStateImpl
2022-03-02 19:00:20,820 [aa697790-8875-4a1b-830b-e84d121175f0@group-1A55FEB1424C-LeaderElection22] INFO  segmented.SegmentedRaftLogWorker (SegmentedRaftLogWorker.java:startLogSegment(394)) - aa697790-8875-4a1b-830b-e84d121175f0@group-1A55FEB1424C-SegmentedRaftLogWorker: Starting segment from index:0
2022-03-02 19:00:20,830 [f746044e-06a5-45c2-8175-96f1febdd987@group-9B8B311B51AF-StateMachineUpdater] INFO  safemode.HealthyPipelineSafeModeRule (HealthyPipelineSafeModeRule.java:initializeRule(152)) - Refreshed total pipeline count is 1, healthy pipeline threshold count is 1
2022-03-02 19:00:20,831 [EventQueue-OpenPipelineForHealthyPipelineSafeModeRule] INFO  safemode.SCMSafeModeManager (HealthyPipelineSafeModeRule.java:process(124)) - SCM in safe mode. Healthy pipelines reported count is 1, required healthy pipeline reported count is 1
2022-03-02 19:00:20,831 [EventQueue-OpenPipelineForHealthyPipelineSafeModeRule] INFO  safemode.SCMSafeModeManager (SCMSafeModeManager.java:validateSafeModeExitRules(204)) - HealthyPipelineSafeModeRule rule is successfully validated
2022-03-02 19:00:20,831 [EventQueue-OpenPipelineForHealthyPipelineSafeModeRule] INFO  safemode.SCMSafeModeManager (SCMSafeModeManager.java:validateSafeModeExitRules(219)) - ScmSafeModeManager, all rules are successfully validated
2022-03-02 19:00:20,831 [EventQueue-OpenPipelineForHealthyPipelineSafeModeRule] INFO  safemode.SCMSafeModeManager (SCMSafeModeManager.java:exitSafeMode(248)) - SCM exiting safe mode.
2022-03-02 19:00:20,831 [EventQueue-OpenPipelineForHealthyPipelineSafeModeRule] WARN  events.EventQueue (EventQueue.java:fireEvent(194)) - No event handler registered for event TypedEvent{payloadType=SafeModeStatus, name='Safe mode status'}
2022-03-02 19:00:20,831 [EventQueue-OpenPipelineForHealthyPipelineSafeModeRule] INFO  ha.SCMContext (SCMContext.java:updateSafeModeStatus(211)) - Update SafeModeStatus from SafeModeStatus{safeModeStatus=true, preCheckPassed=true} to SafeModeStatus{safeModeStatus=false, preCheckPassed=true}.
2022-03-02 19:00:20,831 [EventQueue-OpenPipelineForHealthyPipelineSafeModeRule] INFO  container.ReplicationManager (ReplicationManager.java:notifyStatusChanged(1807)) - Service ReplicationManager transitions to RUNNING.
2022-03-02 19:00:20,832 [aa697790-8875-4a1b-830b-e84d121175f0@group-1A55FEB1424C-SegmentedRaftLogWorker] INFO  segmented.SegmentedRaftLogWorker (SegmentedRaftLogWorker.java:execute(601)) - aa697790-8875-4a1b-830b-e84d121175f0@group-1A55FEB1424C-SegmentedRaftLogWorker: created new log segment /home/runner/work/ozone/ozone/hadoop-ozone/integration-test/target/test-dir/MiniOzoneClusterImpl-5ed764c8-eddb-4368-ac32-9b8b311b51af/datanode-0/data/ratis/b9eebb0d-29d0-4ad9-86a2-1a55feb1424c/current/log_inprogress_0
2022-03-02 19:00:20,840 [EventQueue-PipelineReportForPipelineReportHandler] INFO  pipeline.PipelineManagerImpl (PipelineManagerImpl.java:openPipeline(291)) - Pipeline Pipeline[ Id: b9eebb0d-29d0-4ad9-86a2-1a55feb1424c, Nodes: aa697790-8875-4a1b-830b-e84d121175f0{ip: 127.0.0.1, host: localhost, ports: [REPLICATION=33043, RATIS=40725, RATIS_ADMIN=40725, RATIS_SERVER=40725, STANDALONE=38453], networkLocation: /default-rack, certSerialId: null, persistedOpState: IN_SERVICE, persistedOpStateExpiryEpochSec: 0}b53c45b1-3941-4685-95cb-36e9d2366fdc{ip: 127.0.0.1, host: localhost, ports: [REPLICATION=43561, RATIS=36539, RATIS_ADMIN=36539, RATIS_SERVER=36539, STANDALONE=36361], networkLocation: /default-rack, certSerialId: null, persistedOpState: IN_SERVICE, persistedOpStateExpiryEpochSec: 0}a730aa12-8e10-43d5-9e4d-8226ddf6a853{ip: 127.0.0.1, host: localhost, ports: [REPLICATION=33055, RATIS=34023, RATIS_ADMIN=34023, RATIS_SERVER=34023, STANDALONE=40333], networkLocation: /default-rack, certSerialId: null, persistedOpState: IN_SERVICE, persistedOpStateExpiryEpochSec: 0}, ReplicationConfig: RATIS/THREE, State:ALLOCATED, leaderId:aa697790-8875-4a1b-830b-e84d121175f0, CreationTimestamp2022-03-02T19:00:13.291Z[Etc/UTC]] moved to OPEN state
2022-03-02 19:00:20,840 [EventQueue-OpenPipelineForHealthyPipelineSafeModeRule] INFO  safemode.SCMSafeModeManager (HealthyPipelineSafeModeRule.java:process(124)) - SCM in safe mode. Healthy pipelines reported count is 0, required healthy pipeline reported count is 1
2022-03-02 19:00:20,841 [aa697790-8875-4a1b-830b-e84d121175f0@group-CC131612F07F-LeaderElection23] INFO  impl.LeaderElection (LeaderElection.java:askForVotes(306)) - aa697790-8875-4a1b-830b-e84d121175f0@group-CC131612F07F-LeaderElection23 ELECTION round 0: submit vote requests at term 1 for -1: [aa697790-8875-4a1b-830b-e84d121175f0|rpc:127.0.0.1:40725|priority:1], old=null
2022-03-02 19:00:20,841 [aa697790-8875-4a1b-830b-e84d121175f0@group-CC131612F07F-LeaderElection23] INFO  impl.LeaderElection (LeaderElection.java:askForVotes(308)) - aa697790-8875-4a1b-830b-e84d121175f0@group-CC131612F07F-LeaderElection23 ELECTION round 0: result PASSED (term=1)
2022-03-02 19:00:20,841 [aa697790-8875-4a1b-830b-e84d121175f0@group-CC131612F07F-LeaderElection23] INFO  impl.RoleInfo (RoleInfo.java:shutdownLeaderElection(121)) - aa697790-8875-4a1b-830b-e84d121175f0: shutdown aa697790-8875-4a1b-830b-e84d121175f0@group-CC131612F07F-LeaderElection23
2022-03-02 19:00:20,841 [aa697790-8875-4a1b-830b-e84d121175f0@group-CC131612F07F-LeaderElection23] INFO  server.RaftServer$Division (RaftServerImpl.java:setRole(290)) - aa697790-8875-4a1b-830b-e84d121175f0@group-CC131612F07F: changes role from CANDIDATE to LEADER at term 1 for changeToLeader
2022-03-02 19:00:20,842 [aa697790-8875-4a1b-830b-e84d121175f0@group-CC131612F07F-LeaderElection23] INFO  ratis.XceiverServerRatis (XceiverServerRatis.java:handleLeaderChangedNotification(867)) - Leader change notification received for group: group-CC131612F07F with new leaderId: aa697790-8875-4a1b-830b-e84d121175f0
2022-03-02 19:00:20,842 [aa697790-8875-4a1b-830b-e84d121175f0@group-CC131612F07F-LeaderElection23] INFO  server.RaftServer$Division (ServerState.java:setLeader(285)) - aa697790-8875-4a1b-830b-e84d121175f0@group-CC131612F07F: change Leader from null to aa697790-8875-4a1b-830b-e84d121175f0 at term 1 for becomeLeader, leader elected after 5208ms
2022-03-02 19:00:20,842 [aa697790-8875-4a1b-830b-e84d121175f0@group-CC131612F07F-LeaderElection23] INFO  server.RaftServerConfigKeys (ConfUtils.java:logGet(44)) - raft.server.staging.catchup.gap = 1000 (default)
2022-03-02 19:00:20,842 [aa697790-8875-4a1b-830b-e84d121175f0@group-CC131612F07F-LeaderElection23] INFO  server.RaftServerConfigKeys (ConfUtils.java:logGet(44)) - raft.server.write.element-limit = 1024 (custom)
2022-03-02 19:00:20,842 [aa697790-8875-4a1b-830b-e84d121175f0@group-CC131612F07F-LeaderElection23] INFO  server.RaftServerConfigKeys (ConfUtils.java:logGet(44)) - raft.server.write.byte-limit = 1024 M (=1073741824) (custom)
2022-03-02 19:00:20,843 [aa697790-8875-4a1b-830b-e84d121175f0@group-CC131612F07F-LeaderElection23] INFO  server.RaftServerConfigKeys (ConfUtils.java:logGet(44)) - raft.server.watch.timeout = 180s (custom)
2022-03-02 19:00:20,843 [aa697790-8875-4a1b-830b-e84d121175f0@group-CC131612F07F-LeaderElection23] INFO  server.RaftServerConfigKeys (ConfUtils.java:logGet(44)) - raft.server.watch.timeout.denomination = 1s (default)
2022-03-02 19:00:20,843 [aa697790-8875-4a1b-830b-e84d121175f0@group-CC131612F07F-LeaderElection23] INFO  server.RaftServerConfigKeys (ConfUtils.java:logGet(44)) - raft.server.watch.element-limit = 65536 (default)
2022-03-02 19:00:20,843 [aa697790-8875-4a1b-830b-e84d121175f0@group-CC131612F07F-LeaderElection23] INFO  server.RaftServerConfigKeys (ConfUtils.java:logGet(44)) - raft.server.write.element-limit = 1024 (custom)
2022-03-02 19:00:20,843 [aa697790-8875-4a1b-830b-e84d121175f0@group-CC131612F07F-LeaderElection23] INFO  server.RaftServerConfigKeys (ConfUtils.java:logGet(44)) - raft.server.write.follower.gap.ratio.max = -1.0 (default)
2022-03-02 19:00:20,843 [aa697790-8875-4a1b-830b-e84d121175f0@group-CC131612F07F-LeaderElection23] INFO  impl.RoleInfo (RoleInfo.java:updateAndGet(130)) - aa697790-8875-4a1b-830b-e84d121175f0: start aa697790-8875-4a1b-830b-e84d121175f0@group-CC131612F07F-LeaderStateImpl
2022-03-02 19:00:20,844 [aa697790-8875-4a1b-830b-e84d121175f0@group-CC131612F07F-LeaderElection23] INFO  segmented.SegmentedRaftLogWorker (SegmentedRaftLogWorker.java:startLogSegment(394)) - aa697790-8875-4a1b-830b-e84d121175f0@group-CC131612F07F-SegmentedRaftLogWorker: Starting segment from index:0
2022-03-02 19:00:20,846 [EventQueue-PipelineReportForPipelineReportHandler] INFO  pipeline.PipelineManagerImpl (PipelineManagerImpl.java:openPipeline(291)) - Pipeline Pipeline[ Id: b9eebb0d-29d0-4ad9-86a2-1a55feb1424c, Nodes: aa697790-8875-4a1b-830b-e84d121175f0{ip: 127.0.0.1, host: localhost, ports: [REPLICATION=33043, RATIS=40725, RATIS_ADMIN=40725, RATIS_SERVER=40725, STANDALONE=38453], networkLocation: /default-rack, certSerialId: null, persistedOpState: IN_SERVICE, persistedOpStateExpiryEpochSec: 0}b53c45b1-3941-4685-95cb-36e9d2366fdc{ip: 127.0.0.1, host: localhost, ports: [REPLICATION=43561, RATIS=36539, RATIS_ADMIN=36539, RATIS_SERVER=36539, STANDALONE=36361], networkLocation: /default-rack, certSerialId: null, persistedOpState: IN_SERVICE, persistedOpStateExpiryEpochSec: 0}a730aa12-8e10-43d5-9e4d-8226ddf6a853{ip: 127.0.0.1, host: localhost, ports: [REPLICATION=33055, RATIS=34023, RATIS_ADMIN=34023, RATIS_SERVER=34023, STANDALONE=40333], networkLocation: /default-rack, certSerialId: null, persistedOpState: IN_SERVICE, persistedOpStateExpiryEpochSec: 0}, ReplicationConfig: RATIS/THREE, State:ALLOCATED, leaderId:aa697790-8875-4a1b-830b-e84d121175f0, CreationTimestamp2022-03-02T19:00:13.291Z[Etc/UTC]] moved to OPEN state
2022-03-02 19:00:20,846 [aa697790-8875-4a1b-830b-e84d121175f0@group-CC131612F07F-SegmentedRaftLogWorker] INFO  segmented.SegmentedRaftLogWorker (SegmentedRaftLogWorker.java:execute(601)) - aa697790-8875-4a1b-830b-e84d121175f0@group-CC131612F07F-SegmentedRaftLogWorker: created new log segment /home/runner/work/ozone/ozone/hadoop-ozone/integration-test/target/test-dir/MiniOzoneClusterImpl-5ed764c8-eddb-4368-ac32-9b8b311b51af/datanode-0/data/ratis/2fb76785-e474-47ca-8e78-cc131612f07f/current/log_inprogress_0
2022-03-02 19:00:20,847 [EventQueue-OpenPipelineForHealthyPipelineSafeModeRule] INFO  safemode.SCMSafeModeManager (HealthyPipelineSafeModeRule.java:process(124)) - SCM in safe mode. Healthy pipelines reported count is 0, required healthy pipeline reported count is 1
2022-03-02 19:00:20,853 [aa697790-8875-4a1b-830b-e84d121175f0@group-CC131612F07F-LeaderElection23] INFO  server.RaftServer$Division (ServerState.java:setRaftConf(387)) - aa697790-8875-4a1b-830b-e84d121175f0@group-CC131612F07F: set configuration 0: [aa697790-8875-4a1b-830b-e84d121175f0|rpc:127.0.0.1:40725|dataStream:|priority:1], old=null
2022-03-02 19:00:20,855 [grpc-default-executor-1] INFO  ratis.XceiverServerRatis (XceiverServerRatis.java:handleLeaderChangedNotification(867)) - Leader change notification received for group: group-1A55FEB1424C with new leaderId: aa697790-8875-4a1b-830b-e84d121175f0
2022-03-02 19:00:20,856 [grpc-default-executor-1] INFO  server.RaftServer$Division (ServerState.java:setLeader(285)) - b53c45b1-3941-4685-95cb-36e9d2366fdc@group-1A55FEB1424C: change Leader from null to aa697790-8875-4a1b-830b-e84d121175f0 at term 1 for appendEntries, leader elected after 5088ms
2022-03-02 19:00:20,858 [aa697790-8875-4a1b-830b-e84d121175f0@group-1A55FEB1424C-LeaderElection22] INFO  server.RaftServer$Division (ServerState.java:setRaftConf(387)) - aa697790-8875-4a1b-830b-e84d121175f0@group-1A55FEB1424C: set configuration 0: [aa697790-8875-4a1b-830b-e84d121175f0|rpc:127.0.0.1:40725|dataStream:|priority:1, b53c45b1-3941-4685-95cb-36e9d2366fdc|rpc:127.0.0.1:36539|dataStream:|priority:0, a730aa12-8e10-43d5-9e4d-8226ddf6a853|rpc:127.0.0.1:34023|dataStream:|priority:0], old=null
2022-03-02 19:00:20,874 [grpc-default-executor-3] INFO  ratis.XceiverServerRatis (XceiverServerRatis.java:handleLeaderChangedNotification(867)) - Leader change notification received for group: group-1A55FEB1424C with new leaderId: aa697790-8875-4a1b-830b-e84d121175f0
2022-03-02 19:00:20,874 [grpc-default-executor-1] INFO  server.RaftServer$Division (ServerState.java:setRaftConf(387)) - b53c45b1-3941-4685-95cb-36e9d2366fdc@group-1A55FEB1424C: set configuration 0: [aa697790-8875-4a1b-830b-e84d121175f0|rpc:127.0.0.1:40725|dataStream:|priority:1, b53c45b1-3941-4685-95cb-36e9d2366fdc|rpc:127.0.0.1:36539|dataStream:|priority:0, a730aa12-8e10-43d5-9e4d-8226ddf6a853|rpc:127.0.0.1:34023|dataStream:|priority:0], old=null
2022-03-02 19:00:20,874 [grpc-default-executor-3] INFO  server.RaftServer$Division (ServerState.java:setLeader(285)) - a730aa12-8e10-43d5-9e4d-8226ddf6a853@group-1A55FEB1424C: change Leader from null to aa697790-8875-4a1b-830b-e84d121175f0 at term 1 for appendEntries, leader elected after 5002ms
2022-03-02 19:00:20,874 [grpc-default-executor-1] INFO  segmented.SegmentedRaftLogWorker (SegmentedRaftLogWorker.java:startLogSegment(394)) - b53c45b1-3941-4685-95cb-36e9d2366fdc@group-1A55FEB1424C-SegmentedRaftLogWorker: Starting segment from index:0
2022-03-02 19:00:20,875 [3b6c5475-24e7-4d17-bb16-57441daa5342@group-9B8B311B51AF-StateMachineUpdater] INFO  safemode.HealthyPipelineSafeModeRule (HealthyPipelineSafeModeRule.java:initializeRule(152)) - Refreshed total pipeline count is 1, healthy pipeline threshold count is 1
2022-03-02 19:00:20,876 [3b6c5475-24e7-4d17-bb16-57441daa5342@group-9B8B311B51AF-StateMachineUpdater] INFO  ha.SCMStateMachine (SCMStateMachine.java:takeSnapshot(297)) - Current Snapshot Index 23, takeSnapshot took 0 ms
2022-03-02 19:00:20,876 [3b6c5475-24e7-4d17-bb16-57441daa5342@group-9B8B311B51AF-StateMachineUpdater] INFO  impl.StateMachineUpdater (StateMachineUpdater.java:takeSnapshot(281)) - 3b6c5475-24e7-4d17-bb16-57441daa5342@group-9B8B311B51AF-StateMachineUpdater: Took a snapshot at index 23
2022-03-02 19:00:20,876 [3b6c5475-24e7-4d17-bb16-57441daa5342@group-9B8B311B51AF-StateMachineUpdater] INFO  impl.StateMachineUpdater (StateMachineUpdater.java:lambda$new$0(89)) - 3b6c5475-24e7-4d17-bb16-57441daa5342@group-9B8B311B51AF-StateMachineUpdater: snapshotIndex: updateIncreasingly 18 -> 23
2022-03-02 19:00:20,876 [3b6c5475-24e7-4d17-bb16-57441daa5342@group-9B8B311B51AF-StateMachineUpdater] INFO  raftlog.RaftLog (RaftLogBase.java:purge(306)) - 3b6c5475-24e7-4d17-bb16-57441daa5342@group-9B8B311B51AF-SegmentedRaftLog: purge 23
2022-03-02 19:00:20,876 [3b6c5475-24e7-4d17-bb16-57441daa5342@group-9B8B311B51AF-StateMachineUpdater] INFO  raftlog.RaftLog (RaftLogBase.java:lambda$new$0(53)) - 3b6c5475-24e7-4d17-bb16-57441daa5342@group-9B8B311B51AF-SegmentedRaftLog: snapshotIndex: updateIncreasingly 18 -> 23
2022-03-02 19:00:20,876 [3b6c5475-24e7-4d17-bb16-57441daa5342@group-9B8B311B51AF-StateMachineUpdater] INFO  raftlog.RaftLog (RaftLogBase.java:lambda$new$0(53)) - 3b6c5475-24e7-4d17-bb16-57441daa5342@group-9B8B311B51AF-SegmentedRaftLog: purgeIndex: updateToMax old=18, new=23, updated? true
2022-03-02 19:00:20,876 [grpc-default-executor-3] INFO  server.RaftServer$Division (ServerState.java:setRaftConf(387)) - a730aa12-8e10-43d5-9e4d-8226ddf6a853@group-1A55FEB1424C: set configuration 0: [aa697790-8875-4a1b-830b-e84d121175f0|rpc:127.0.0.1:40725|dataStream:|priority:1, b53c45b1-3941-4685-95cb-36e9d2366fdc|rpc:127.0.0.1:36539|dataStream:|priority:0, a730aa12-8e10-43d5-9e4d-8226ddf6a853|rpc:127.0.0.1:34023|dataStream:|priority:0], old=null
2022-03-02 19:00:20,877 [grpc-default-executor-3] INFO  segmented.SegmentedRaftLogWorker (SegmentedRaftLogWorker.java:startLogSegment(394)) - a730aa12-8e10-43d5-9e4d-8226ddf6a853@group-1A55FEB1424C-SegmentedRaftLogWorker: Starting segment from index:0
2022-03-02 19:00:20,880 [b53c45b1-3941-4685-95cb-36e9d2366fdc@group-1A55FEB1424C-SegmentedRaftLogWorker] INFO  segmented.SegmentedRaftLogWorker (SegmentedRaftLogWorker.java:execute(601)) - b53c45b1-3941-4685-95cb-36e9d2366fdc@group-1A55FEB1424C-SegmentedRaftLogWorker: created new log segment /home/runner/work/ozone/ozone/hadoop-ozone/integration-test/target/test-dir/MiniOzoneClusterImpl-5ed764c8-eddb-4368-ac32-9b8b311b51af/datanode-2/data/ratis/b9eebb0d-29d0-4ad9-86a2-1a55feb1424c/current/log_inprogress_0
2022-03-02 19:00:20,881 [a730aa12-8e10-43d5-9e4d-8226ddf6a853@group-1A55FEB1424C-SegmentedRaftLogWorker] INFO  segmented.SegmentedRaftLogWorker (SegmentedRaftLogWorker.java:execute(601)) - a730aa12-8e10-43d5-9e4d-8226ddf6a853@group-1A55FEB1424C-SegmentedRaftLogWorker: created new log segment /home/runner/work/ozone/ozone/hadoop-ozone/integration-test/target/test-dir/MiniOzoneClusterImpl-5ed764c8-eddb-4368-ac32-9b8b311b51af/datanode-1/data/ratis/b9eebb0d-29d0-4ad9-86a2-1a55feb1424c/current/log_inprogress_0
2022-03-02 19:00:20,952 [EndpointStateMachine task thread for /127.0.0.1:38087 - 0 ] INFO  ipc.Client (Client.java:handleConnectionFailure(977)) - Retrying connect to server: localhost/127.0.0.1:38087. Already tried 6 time(s); retry policy is RetryUpToMaximumCountWithFixedSleep(maxRetries=15, sleepTime=1000 MILLISECONDS)
2022-03-02 19:00:20,969 [EndpointStateMachine task thread for /127.0.0.1:35087 - 0 ] INFO  ipc.Client (Client.java:handleConnectionFailure(977)) - Retrying connect to server: localhost/127.0.0.1:35087. Already tried 6 time(s); retry policy is RetryUpToMaximumCountWithFixedSleep(maxRetries=15, sleepTime=1000 MILLISECONDS)
2022-03-02 19:00:20,970 [EndpointStateMachine task thread for /127.0.0.1:45277 - 0 ] INFO  ipc.Client (Client.java:handleConnectionFailure(977)) - Retrying connect to server: localhost/127.0.0.1:45277. Already tried 6 time(s); retry policy is RetryUpToMaximumCountWithFixedSleep(maxRetries=15, sleepTime=1000 MILLISECONDS)
2022-03-02 19:00:20,981 [Datanode State Machine Daemon Thread] ERROR datanode.RunningDatanodeState (RunningDatanodeState.java:computeNextContainerState(201)) - Error in executing end point task.
java.util.concurrent.ExecutionException: java.util.concurrent.TimeoutException
	at java.util.concurrent.FutureTask.report(FutureTask.java:122)
	at java.util.concurrent.FutureTask.get(FutureTask.java:192)
	at org.apache.hadoop.ozone.container.common.states.datanode.RunningDatanodeState.computeNextContainerState(RunningDatanodeState.java:193)
	at org.apache.hadoop.ozone.container.common.states.datanode.RunningDatanodeState.await(RunningDatanodeState.java:233)
	at org.apache.hadoop.ozone.container.common.states.datanode.RunningDatanodeState.await(RunningDatanodeState.java:50)
	at org.apache.hadoop.ozone.container.common.statemachine.StateContext.execute(StateContext.java:658)
	at org.apache.hadoop.ozone.container.common.statemachine.DatanodeStateMachine.startStateMachineThread(DatanodeStateMachine.java:283)
	at org.apache.hadoop.ozone.container.common.statemachine.DatanodeStateMachine.lambda$startDaemon$0(DatanodeStateMachine.java:471)
	at java.lang.Thread.run(Thread.java:750)
Caused by: java.util.concurrent.TimeoutException
	at java.util.concurrent.FutureTask.get(FutureTask.java:205)
	at org.apache.hadoop.ozone.container.common.states.datanode.RunningDatanodeState.lambda$execute$0(RunningDatanodeState.java:151)
	at java.util.concurrent.FutureTask.run(FutureTask.java:266)
	at java.util.concurrent.Executors$RunnableAdapter.call(Executors.java:511)
	at java.util.concurrent.FutureTask.run(FutureTask.java:266)
	at java.util.concurrent.ThreadPoolExecutor.runWorker(ThreadPoolExecutor.java:1149)
	at java.util.concurrent.ThreadPoolExecutor$Worker.run(ThreadPoolExecutor.java:624)
	... 1 more
2022-03-02 19:00:21,027 [aa697790-8875-4a1b-830b-e84d121175f0@group-C4B1A2EFFCB1-FollowerState] INFO  impl.FollowerState (FollowerState.java:run(134)) - aa697790-8875-4a1b-830b-e84d121175f0@group-C4B1A2EFFCB1-FollowerState: change to CANDIDATE, lastRpcElapsedTime:5107986005ns, electionTimeout:5105ms
2022-03-02 19:00:21,028 [aa697790-8875-4a1b-830b-e84d121175f0@group-C4B1A2EFFCB1-FollowerState] INFO  impl.RoleInfo (RoleInfo.java:shutdownFollowerState(108)) - aa697790-8875-4a1b-830b-e84d121175f0: shutdown aa697790-8875-4a1b-830b-e84d121175f0@group-C4B1A2EFFCB1-FollowerState
2022-03-02 19:00:21,028 [aa697790-8875-4a1b-830b-e84d121175f0@group-C4B1A2EFFCB1-FollowerState] INFO  server.RaftServer$Division (RaftServerImpl.java:setRole(290)) - aa697790-8875-4a1b-830b-e84d121175f0@group-C4B1A2EFFCB1: changes role from  FOLLOWER to CANDIDATE at term 0 for changeToCandidate
2022-03-02 19:00:21,028 [aa697790-8875-4a1b-830b-e84d121175f0@group-C4B1A2EFFCB1-FollowerState] INFO  server.RaftServerConfigKeys (ConfUtils.java:logGet(44)) - raft.server.leaderelection.pre-vote = false (custom)
2022-03-02 19:00:21,028 [aa697790-8875-4a1b-830b-e84d121175f0@group-C4B1A2EFFCB1-FollowerState] INFO  impl.RoleInfo (RoleInfo.java:updateAndGet(130)) - aa697790-8875-4a1b-830b-e84d121175f0: start aa697790-8875-4a1b-830b-e84d121175f0@group-C4B1A2EFFCB1-LeaderElection24
2022-03-02 19:00:21,046 [aa697790-8875-4a1b-830b-e84d121175f0@group-C4B1A2EFFCB1-LeaderElection24] INFO  impl.LeaderElection (LeaderElection.java:askForVotes(306)) - aa697790-8875-4a1b-830b-e84d121175f0@group-C4B1A2EFFCB1-LeaderElection24 ELECTION round 0: submit vote requests at term 1 for -1: [aa697790-8875-4a1b-830b-e84d121175f0|rpc:127.0.0.1:40725|priority:0, b53c45b1-3941-4685-95cb-36e9d2366fdc|rpc:127.0.0.1:36539|priority:1, a730aa12-8e10-43d5-9e4d-8226ddf6a853|rpc:127.0.0.1:34023|priority:0], old=null
2022-03-02 19:00:21,052 [grpc-default-executor-3] INFO  server.RaftServer$Division (RaftServerImpl.java:requestVote(1046)) - b53c45b1-3941-4685-95cb-36e9d2366fdc@group-C4B1A2EFFCB1: receive requestVote(ELECTION, aa697790-8875-4a1b-830b-e84d121175f0, group-C4B1A2EFFCB1, 1, (t:0, i:0))
2022-03-02 19:00:21,052 [grpc-default-executor-3] INFO  impl.VoteContext (VoteContext.java:log(48)) - b53c45b1-3941-4685-95cb-36e9d2366fdc@group-C4B1A2EFFCB1-FOLLOWER: reject ELECTION from aa697790-8875-4a1b-830b-e84d121175f0: our priority 1 > candidate's priority 0
2022-03-02 19:00:21,052 [grpc-default-executor-3] INFO  server.RaftServer$Division (RaftServerImpl.java:setRole(290)) - b53c45b1-3941-4685-95cb-36e9d2366fdc@group-C4B1A2EFFCB1: changes role from  FOLLOWER to FOLLOWER at term 1 for candidate:aa697790-8875-4a1b-830b-e84d121175f0
2022-03-02 19:00:21,052 [grpc-default-executor-3] INFO  impl.RoleInfo (RoleInfo.java:shutdownFollowerState(108)) - b53c45b1-3941-4685-95cb-36e9d2366fdc: shutdown b53c45b1-3941-4685-95cb-36e9d2366fdc@group-C4B1A2EFFCB1-FollowerState
2022-03-02 19:00:21,052 [grpc-default-executor-3] INFO  impl.RoleInfo (RoleInfo.java:updateAndGet(130)) - b53c45b1-3941-4685-95cb-36e9d2366fdc: start b53c45b1-3941-4685-95cb-36e9d2366fdc@group-C4B1A2EFFCB1-FollowerState
2022-03-02 19:00:21,052 [b53c45b1-3941-4685-95cb-36e9d2366fdc@group-C4B1A2EFFCB1-FollowerState] INFO  impl.FollowerState (FollowerState.java:run(143)) - b53c45b1-3941-4685-95cb-36e9d2366fdc@group-C4B1A2EFFCB1-FollowerState was interrupted: {}
java.lang.InterruptedException: sleep interrupted
	at java.lang.Thread.sleep(Native Method)
	at java.lang.Thread.sleep(Thread.java:342)
	at java.util.concurrent.TimeUnit.sleep(TimeUnit.java:386)
	at org.apache.ratis.util.TimeDuration.sleep(TimeDuration.java:324)
	at org.apache.ratis.util.TimeDuration.sleep(TimeDuration.java:309)
	at org.apache.ratis.server.impl.FollowerState.run(FollowerState.java:118)
2022-03-02 19:00:21,064 [grpc-default-executor-1] INFO  server.RaftServer$Division (RaftServerImpl.java:requestVote(1046)) - a730aa12-8e10-43d5-9e4d-8226ddf6a853@group-C4B1A2EFFCB1: receive requestVote(ELECTION, aa697790-8875-4a1b-830b-e84d121175f0, group-C4B1A2EFFCB1, 1, (t:0, i:0))
2022-03-02 19:00:21,064 [grpc-default-executor-1] INFO  impl.VoteContext (VoteContext.java:log(48)) - a730aa12-8e10-43d5-9e4d-8226ddf6a853@group-C4B1A2EFFCB1-FOLLOWER: accept ELECTION from aa697790-8875-4a1b-830b-e84d121175f0: our priority 0 <= candidate's priority 0
2022-03-02 19:00:21,064 [grpc-default-executor-1] INFO  server.RaftServer$Division (RaftServerImpl.java:setRole(290)) - a730aa12-8e10-43d5-9e4d-8226ddf6a853@group-C4B1A2EFFCB1: changes role from  FOLLOWER to FOLLOWER at term 1 for candidate:aa697790-8875-4a1b-830b-e84d121175f0
2022-03-02 19:00:21,064 [grpc-default-executor-1] INFO  impl.RoleInfo (RoleInfo.java:shutdownFollowerState(108)) - a730aa12-8e10-43d5-9e4d-8226ddf6a853: shutdown a730aa12-8e10-43d5-9e4d-8226ddf6a853@group-C4B1A2EFFCB1-FollowerState
2022-03-02 19:00:21,064 [a730aa12-8e10-43d5-9e4d-8226ddf6a853@group-C4B1A2EFFCB1-FollowerState] INFO  impl.FollowerState (FollowerState.java:run(143)) - a730aa12-8e10-43d5-9e4d-8226ddf6a853@group-C4B1A2EFFCB1-FollowerState was interrupted: {}
java.lang.InterruptedException: sleep interrupted
	at java.lang.Thread.sleep(Native Method)
	at java.lang.Thread.sleep(Thread.java:342)
	at java.util.concurrent.TimeUnit.sleep(TimeUnit.java:386)
	at org.apache.ratis.util.TimeDuration.sleep(TimeDuration.java:324)
	at org.apache.ratis.util.TimeDuration.sleep(TimeDuration.java:309)
	at org.apache.ratis.server.impl.FollowerState.run(FollowerState.java:118)
2022-03-02 19:00:21,065 [grpc-default-executor-1] INFO  impl.RoleInfo (RoleInfo.java:updateAndGet(130)) - a730aa12-8e10-43d5-9e4d-8226ddf6a853: start a730aa12-8e10-43d5-9e4d-8226ddf6a853@group-C4B1A2EFFCB1-FollowerState
2022-03-02 19:00:21,065 [grpc-default-executor-3] INFO  server.RaftServer$Division (RaftServerImpl.java:requestVote(1078)) - b53c45b1-3941-4685-95cb-36e9d2366fdc@group-C4B1A2EFFCB1 replies to ELECTION vote request: aa697790-8875-4a1b-830b-e84d121175f0<-b53c45b1-3941-4685-95cb-36e9d2366fdc#0:FAIL-t1. Peer's state: b53c45b1-3941-4685-95cb-36e9d2366fdc@group-C4B1A2EFFCB1:t1, leader=null, voted=null, raftlog=b53c45b1-3941-4685-95cb-36e9d2366fdc@group-C4B1A2EFFCB1-SegmentedRaftLog:OPENED:c-1, conf=-1: [aa697790-8875-4a1b-830b-e84d121175f0|rpc:127.0.0.1:40725|dataStream:|priority:0, b53c45b1-3941-4685-95cb-36e9d2366fdc|rpc:127.0.0.1:36539|dataStream:|priority:1, a730aa12-8e10-43d5-9e4d-8226ddf6a853|rpc:127.0.0.1:34023|dataStream:|priority:0], old=null
2022-03-02 19:00:21,070 [grpc-default-executor-1] INFO  server.RaftServer$Division (RaftServerImpl.java:requestVote(1078)) - a730aa12-8e10-43d5-9e4d-8226ddf6a853@group-C4B1A2EFFCB1 replies to ELECTION vote request: aa697790-8875-4a1b-830b-e84d121175f0<-a730aa12-8e10-43d5-9e4d-8226ddf6a853#0:OK-t1. Peer's state: a730aa12-8e10-43d5-9e4d-8226ddf6a853@group-C4B1A2EFFCB1:t1, leader=null, voted=aa697790-8875-4a1b-830b-e84d121175f0, raftlog=a730aa12-8e10-43d5-9e4d-8226ddf6a853@group-C4B1A2EFFCB1-SegmentedRaftLog:OPENED:c-1, conf=-1: [aa697790-8875-4a1b-830b-e84d121175f0|rpc:127.0.0.1:40725|priority:0, b53c45b1-3941-4685-95cb-36e9d2366fdc|rpc:127.0.0.1:36539|priority:1, a730aa12-8e10-43d5-9e4d-8226ddf6a853|rpc:127.0.0.1:34023|priority:0], old=null
2022-03-02 19:00:21,086 [aa697790-8875-4a1b-830b-e84d121175f0@group-C4B1A2EFFCB1-LeaderElection24] INFO  impl.LeaderElection (LeaderElection.java:logAndReturn(89)) - aa697790-8875-4a1b-830b-e84d121175f0@group-C4B1A2EFFCB1-LeaderElection24: ELECTION REJECTED received 2 response(s) and 0 exception(s):
2022-03-02 19:00:21,086 [aa697790-8875-4a1b-830b-e84d121175f0@group-C4B1A2EFFCB1-LeaderElection24] INFO  impl.LeaderElection (LeaderElection.java:logAndReturn(93)) -   Response 0: aa697790-8875-4a1b-830b-e84d121175f0<-b53c45b1-3941-4685-95cb-36e9d2366fdc#0:FAIL-t1
2022-03-02 19:00:21,086 [aa697790-8875-4a1b-830b-e84d121175f0@group-C4B1A2EFFCB1-LeaderElection24] INFO  impl.LeaderElection (LeaderElection.java:logAndReturn(93)) -   Response 1: aa697790-8875-4a1b-830b-e84d121175f0<-a730aa12-8e10-43d5-9e4d-8226ddf6a853#0:OK-t1
2022-03-02 19:00:21,086 [aa697790-8875-4a1b-830b-e84d121175f0@group-C4B1A2EFFCB1-LeaderElection24] INFO  impl.LeaderElection (LeaderElection.java:askForVotes(308)) - aa697790-8875-4a1b-830b-e84d121175f0@group-C4B1A2EFFCB1-LeaderElection24 ELECTION round 0: result REJECTED
2022-03-02 19:00:21,086 [aa697790-8875-4a1b-830b-e84d121175f0@group-C4B1A2EFFCB1-LeaderElection24] INFO  server.RaftServer$Division (RaftServerImpl.java:setRole(290)) - aa697790-8875-4a1b-830b-e84d121175f0@group-C4B1A2EFFCB1: changes role from CANDIDATE to FOLLOWER at term 1 for REJECTED
2022-03-02 19:00:21,086 [aa697790-8875-4a1b-830b-e84d121175f0@group-C4B1A2EFFCB1-LeaderElection24] INFO  impl.RoleInfo (RoleInfo.java:shutdownLeaderElection(121)) - aa697790-8875-4a1b-830b-e84d121175f0: shutdown aa697790-8875-4a1b-830b-e84d121175f0@group-C4B1A2EFFCB1-LeaderElection24
2022-03-02 19:00:21,086 [aa697790-8875-4a1b-830b-e84d121175f0@group-C4B1A2EFFCB1-LeaderElection24] INFO  impl.RoleInfo (RoleInfo.java:updateAndGet(130)) - aa697790-8875-4a1b-830b-e84d121175f0: start aa697790-8875-4a1b-830b-e84d121175f0@group-C4B1A2EFFCB1-FollowerState
2022-03-02 19:00:21,138 [a730aa12-8e10-43d5-9e4d-8226ddf6a853@group-641BC78B3513-FollowerState] INFO  impl.FollowerState (FollowerState.java:run(134)) - a730aa12-8e10-43d5-9e4d-8226ddf6a853@group-641BC78B3513-FollowerState: change to CANDIDATE, lastRpcElapsedTime:5175141887ns, electionTimeout:5172ms
2022-03-02 19:00:21,138 [a730aa12-8e10-43d5-9e4d-8226ddf6a853@group-641BC78B3513-FollowerState] INFO  impl.RoleInfo (RoleInfo.java:shutdownFollowerState(108)) - a730aa12-8e10-43d5-9e4d-8226ddf6a853: shutdown a730aa12-8e10-43d5-9e4d-8226ddf6a853@group-641BC78B3513-FollowerState
2022-03-02 19:00:21,138 [a730aa12-8e10-43d5-9e4d-8226ddf6a853@group-641BC78B3513-FollowerState] INFO  server.RaftServer$Division (RaftServerImpl.java:setRole(290)) - a730aa12-8e10-43d5-9e4d-8226ddf6a853@group-641BC78B3513: changes role from  FOLLOWER to CANDIDATE at term 0 for changeToCandidate
2022-03-02 19:00:21,140 [a730aa12-8e10-43d5-9e4d-8226ddf6a853@group-641BC78B3513-FollowerState] INFO  server.RaftServerConfigKeys (ConfUtils.java:logGet(44)) - raft.server.leaderelection.pre-vote = false (custom)
2022-03-02 19:00:21,140 [a730aa12-8e10-43d5-9e4d-8226ddf6a853@group-641BC78B3513-FollowerState] INFO  impl.RoleInfo (RoleInfo.java:updateAndGet(130)) - a730aa12-8e10-43d5-9e4d-8226ddf6a853: start a730aa12-8e10-43d5-9e4d-8226ddf6a853@group-641BC78B3513-LeaderElection25
2022-03-02 19:00:21,148 [a730aa12-8e10-43d5-9e4d-8226ddf6a853@group-641BC78B3513-LeaderElection25] INFO  impl.LeaderElection (LeaderElection.java:askForVotes(306)) - a730aa12-8e10-43d5-9e4d-8226ddf6a853@group-641BC78B3513-LeaderElection25 ELECTION round 0: submit vote requests at term 1 for -1: [a730aa12-8e10-43d5-9e4d-8226ddf6a853|rpc:127.0.0.1:34023|priority:1], old=null
2022-03-02 19:00:21,148 [a730aa12-8e10-43d5-9e4d-8226ddf6a853@group-641BC78B3513-LeaderElection25] INFO  impl.LeaderElection (LeaderElection.java:askForVotes(308)) - a730aa12-8e10-43d5-9e4d-8226ddf6a853@group-641BC78B3513-LeaderElection25 ELECTION round 0: result PASSED (term=1)
2022-03-02 19:00:21,148 [a730aa12-8e10-43d5-9e4d-8226ddf6a853@group-641BC78B3513-LeaderElection25] INFO  impl.RoleInfo (RoleInfo.java:shutdownLeaderElection(121)) - a730aa12-8e10-43d5-9e4d-8226ddf6a853: shutdown a730aa12-8e10-43d5-9e4d-8226ddf6a853@group-641BC78B3513-LeaderElection25
2022-03-02 19:00:21,148 [a730aa12-8e10-43d5-9e4d-8226ddf6a853@group-641BC78B3513-LeaderElection25] INFO  server.RaftServer$Division (RaftServerImpl.java:setRole(290)) - a730aa12-8e10-43d5-9e4d-8226ddf6a853@group-641BC78B3513: changes role from CANDIDATE to LEADER at term 1 for changeToLeader
2022-03-02 19:00:21,148 [a730aa12-8e10-43d5-9e4d-8226ddf6a853@group-641BC78B3513-LeaderElection25] INFO  ratis.XceiverServerRatis (XceiverServerRatis.java:handleLeaderChangedNotification(867)) - Leader change notification received for group: group-641BC78B3513 with new leaderId: a730aa12-8e10-43d5-9e4d-8226ddf6a853
2022-03-02 19:00:21,151 [a730aa12-8e10-43d5-9e4d-8226ddf6a853@group-641BC78B3513-LeaderElection25] INFO  server.RaftServer$Division (ServerState.java:setLeader(285)) - a730aa12-8e10-43d5-9e4d-8226ddf6a853@group-641BC78B3513: change Leader from null to a730aa12-8e10-43d5-9e4d-8226ddf6a853 at term 1 for becomeLeader, leader elected after 5212ms
2022-03-02 19:00:21,151 [a730aa12-8e10-43d5-9e4d-8226ddf6a853@group-641BC78B3513-LeaderElection25] INFO  server.RaftServerConfigKeys (ConfUtils.java:logGet(44)) - raft.server.staging.catchup.gap = 1000 (default)
2022-03-02 19:00:21,151 [a730aa12-8e10-43d5-9e4d-8226ddf6a853@group-641BC78B3513-LeaderElection25] INFO  server.RaftServerConfigKeys (ConfUtils.java:logGet(44)) - raft.server.write.element-limit = 1024 (custom)
2022-03-02 19:00:21,152 [a730aa12-8e10-43d5-9e4d-8226ddf6a853@group-641BC78B3513-LeaderElection25] INFO  server.RaftServerConfigKeys (ConfUtils.java:logGet(44)) - raft.server.write.byte-limit = 1024 M (=1073741824) (custom)
2022-03-02 19:00:21,152 [EventQueue-OpenPipelineForHealthyPipelineSafeModeRule] INFO  safemode.SCMSafeModeManager (HealthyPipelineSafeModeRule.java:process(124)) - SCM in safe mode. Healthy pipelines reported count is 1, required healthy pipeline reported count is 1
2022-03-02 19:00:21,152 [EventQueue-OpenPipelineForHealthyPipelineSafeModeRule] INFO  safemode.SCMSafeModeManager (SCMSafeModeManager.java:validateSafeModeExitRules(204)) - HealthyPipelineSafeModeRule rule is successfully validated
2022-03-02 19:00:21,152 [EventQueue-OpenPipelineForHealthyPipelineSafeModeRule] INFO  safemode.SCMSafeModeManager (SCMSafeModeManager.java:validateSafeModeExitRules(219)) - ScmSafeModeManager, all rules are successfully validated
2022-03-02 19:00:21,152 [EventQueue-OpenPipelineForHealthyPipelineSafeModeRule] INFO  safemode.SCMSafeModeManager (SCMSafeModeManager.java:exitSafeMode(248)) - SCM exiting safe mode.
2022-03-02 19:00:21,152 [EventQueue-OpenPipelineForHealthyPipelineSafeModeRule] WARN  events.EventQueue (EventQueue.java:fireEvent(194)) - No event handler registered for event TypedEvent{payloadType=SafeModeStatus, name='Safe mode status'}
2022-03-02 19:00:21,152 [EventQueue-OpenPipelineForHealthyPipelineSafeModeRule] INFO  ha.SCMContext (SCMContext.java:updateSafeModeStatus(211)) - Update SafeModeStatus from SafeModeStatus{safeModeStatus=true, preCheckPassed=true} to SafeModeStatus{safeModeStatus=false, preCheckPassed=true}.
2022-03-02 19:00:21,153 [a730aa12-8e10-43d5-9e4d-8226ddf6a853@group-641BC78B3513-LeaderElection25] INFO  server.RaftServerConfigKeys (ConfUtils.java:logGet(44)) - raft.server.watch.timeout = 180s (custom)
2022-03-02 19:00:21,153 [a730aa12-8e10-43d5-9e4d-8226ddf6a853@group-641BC78B3513-LeaderElection25] INFO  server.RaftServerConfigKeys (ConfUtils.java:logGet(44)) - raft.server.watch.timeout.denomination = 1s (default)
2022-03-02 19:00:21,153 [a730aa12-8e10-43d5-9e4d-8226ddf6a853@group-641BC78B3513-LeaderElection25] INFO  server.RaftServerConfigKeys (ConfUtils.java:logGet(44)) - raft.server.watch.element-limit = 65536 (default)
2022-03-02 19:00:21,153 [a730aa12-8e10-43d5-9e4d-8226ddf6a853@group-641BC78B3513-LeaderElection25] INFO  server.RaftServerConfigKeys (ConfUtils.java:logGet(44)) - raft.server.write.element-limit = 1024 (custom)
2022-03-02 19:00:21,153 [a730aa12-8e10-43d5-9e4d-8226ddf6a853@group-641BC78B3513-LeaderElection25] INFO  server.RaftServerConfigKeys (ConfUtils.java:logGet(44)) - raft.server.write.follower.gap.ratio.max = -1.0 (default)
2022-03-02 19:00:21,153 [a730aa12-8e10-43d5-9e4d-8226ddf6a853@group-641BC78B3513-LeaderElection25] INFO  impl.RoleInfo (RoleInfo.java:updateAndGet(130)) - a730aa12-8e10-43d5-9e4d-8226ddf6a853: start a730aa12-8e10-43d5-9e4d-8226ddf6a853@group-641BC78B3513-LeaderStateImpl
2022-03-02 19:00:21,153 [a730aa12-8e10-43d5-9e4d-8226ddf6a853@group-641BC78B3513-LeaderElection25] INFO  segmented.SegmentedRaftLogWorker (SegmentedRaftLogWorker.java:startLogSegment(394)) - a730aa12-8e10-43d5-9e4d-8226ddf6a853@group-641BC78B3513-SegmentedRaftLogWorker: Starting segment from index:0
2022-03-02 19:00:21,154 [a730aa12-8e10-43d5-9e4d-8226ddf6a853@group-641BC78B3513-LeaderElection25] INFO  server.RaftServer$Division (ServerState.java:setRaftConf(387)) - a730aa12-8e10-43d5-9e4d-8226ddf6a853@group-641BC78B3513: set configuration 0: [a730aa12-8e10-43d5-9e4d-8226ddf6a853|rpc:127.0.0.1:34023|dataStream:|priority:1], old=null
2022-03-02 19:00:21,155 [a730aa12-8e10-43d5-9e4d-8226ddf6a853@group-641BC78B3513-SegmentedRaftLogWorker] INFO  segmented.SegmentedRaftLogWorker (SegmentedRaftLogWorker.java:execute(601)) - a730aa12-8e10-43d5-9e4d-8226ddf6a853@group-641BC78B3513-SegmentedRaftLogWorker: created new log segment /home/runner/work/ozone/ozone/hadoop-ozone/integration-test/target/test-dir/MiniOzoneClusterImpl-5ed764c8-eddb-4368-ac32-9b8b311b51af/datanode-1/data/ratis/3f8e55f4-a5a5-4878-a257-641bc78b3513/current/log_inprogress_0
2022-03-02 19:00:21,209 [Listener at 127.0.0.1/42139] INFO  ozone.MiniOzoneClusterImpl (MiniOzoneClusterImpl.java:lambda$waitForClusterToBeReady$0(219)) - Nodes are ready. Got 3 of 3 DN Heartbeats.
2022-03-02 19:00:21,210 [Listener at 127.0.0.1/42139] INFO  ozone.MiniOzoneClusterImpl (MiniOzoneClusterImpl.java:lambda$waitForClusterToBeReady$0(222)) - Cluster exits safe mode
2022-03-02 19:00:21,210 [Listener at 127.0.0.1/42139] INFO  ozone.MiniOzoneClusterImpl (MiniOzoneClusterImpl.java:lambda$waitForClusterToBeReady$0(224)) - SCM became leader
2022-03-02 19:00:21,210 [Listener at 127.0.0.1/42139] INFO  server.StorageContainerManager (StorageContainerManager.java:start(1330)) - StorageContainerLocationProtocol RPC server is listening at /0.0.0.0:46021
2022-03-02 19:00:21,210 [Listener at 127.0.0.1/42139] INFO  ha.SCMRatisServerImpl (SCMRatisServerImpl.java:start(177)) - starting ratis server 0.0.0.0:32899
2022-03-02 19:00:21,210 [Listener at 127.0.0.1/42139] INFO  server.RaftServer$Division (RaftServerImpl.java:start(304)) - 13153696-550a-4573-ab8b-f7fa9c2561e9@group-9B8B311B51AF: start with initializing state, conf=-1: [], old=null
2022-03-02 19:00:21,211 [Listener at 127.0.0.1/42139] INFO  server.RaftServer$Division (RaftServerImpl.java:setRole(290)) - 13153696-550a-4573-ab8b-f7fa9c2561e9@group-9B8B311B51AF: changes role from      null to FOLLOWER at term 0 for startInitializing
2022-03-02 19:00:21,211 [Listener at 127.0.0.1/42139] INFO  util.JmxRegister (JmxRegister.java:tryRegister(44)) - Successfully registered JMX Bean with object name Ratis:service=RaftServer,group=group-9B8B311B51AF,id=13153696-550a-4573-ab8b-f7fa9c2561e9
2022-03-02 19:00:21,214 [Listener at 127.0.0.1/42139] INFO  server.RaftServer (RaftServerProxy.java:lambda$start$5(374)) - 13153696-550a-4573-ab8b-f7fa9c2561e9: start RPC server
2022-03-02 19:00:21,215 [Listener at 127.0.0.1/42139] INFO  server.GrpcService (GrpcService.java:startImpl(253)) - 13153696-550a-4573-ab8b-f7fa9c2561e9: GrpcService started, listening on 32899
2022-03-02 19:00:21,221 [Listener at 127.0.0.1/42139] INFO  ha.SCMNodeInfo (SCMNodeInfo.java:getPort(197)) - ConfigKey ozone.scm.client.address is deprecated, For configuring different ports for each SCM use PortConfigKey ozone.scm.client.port appended with serviceId and nodeId
2022-03-02 19:00:21,222 [Listener at 127.0.0.1/42139] INFO  ha.SCMNodeInfo (SCMNodeInfo.java:getPort(197)) - ConfigKey ozone.scm.block.client.address is deprecated, For configuring different ports for each SCM use PortConfigKey ozone.scm.block.client.port appended with serviceId and nodeId
2022-03-02 19:00:21,222 [Listener at 127.0.0.1/42139] INFO  ha.SCMNodeInfo (SCMNodeInfo.java:getPort(197)) - ConfigKey ozone.scm.datanode.address is deprecated, For configuring different ports for each SCM use PortConfigKey ozone.scm.datanode.port appended with serviceId and nodeId
2022-03-02 19:00:21,222 [Listener at 127.0.0.1/42139] INFO  ha.SCMNodeInfo (SCMNodeInfo.java:getPort(197)) - ConfigKey ozone.scm.client.address is deprecated, For configuring different ports for each SCM use PortConfigKey ozone.scm.client.port appended with serviceId and nodeId
2022-03-02 19:00:21,222 [Listener at 127.0.0.1/42139] INFO  ha.SCMNodeInfo (SCMNodeInfo.java:getPort(197)) - ConfigKey ozone.scm.block.client.address is deprecated, For configuring different ports for each SCM use PortConfigKey ozone.scm.block.client.port appended with serviceId and nodeId
2022-03-02 19:00:21,222 [Listener at 127.0.0.1/42139] INFO  ha.SCMNodeInfo (SCMNodeInfo.java:getPort(197)) - ConfigKey ozone.scm.datanode.address is deprecated, For configuring different ports for each SCM use PortConfigKey ozone.scm.datanode.port appended with serviceId and nodeId
2022-03-02 19:00:21,222 [Listener at 127.0.0.1/42139] INFO  ha.SCMNodeInfo (SCMNodeInfo.java:getPort(197)) - ConfigKey ozone.scm.client.address is deprecated, For configuring different ports for each SCM use PortConfigKey ozone.scm.client.port appended with serviceId and nodeId
2022-03-02 19:00:21,222 [Listener at 127.0.0.1/42139] INFO  ha.SCMNodeInfo (SCMNodeInfo.java:getPort(197)) - ConfigKey ozone.scm.block.client.address is deprecated, For configuring different ports for each SCM use PortConfigKey ozone.scm.block.client.port appended with serviceId and nodeId
2022-03-02 19:00:21,222 [Listener at 127.0.0.1/42139] INFO  ha.SCMNodeInfo (SCMNodeInfo.java:getPort(197)) - ConfigKey ozone.scm.datanode.address is deprecated, For configuring different ports for each SCM use PortConfigKey ozone.scm.datanode.port appended with serviceId and nodeId
2022-03-02 19:00:21,223 [org.apache.ratis.util.JvmPauseMonitor$$Lambda$503/666911607@4742b2c2] INFO  util.JvmPauseMonitor (JvmPauseMonitor.java:run(103)) - JvmPauseMonitor-13153696-550a-4573-ab8b-f7fa9c2561e9: Started
2022-03-02 19:00:21,230 [IPC Server handler 4 on default port 37613] INFO  ha.SCMRatisServerImpl (SCMRatisServerImpl.java:addSCM(292)) - f746044e-06a5-45c2-8175-96f1febdd987: Submitting SetConfiguration request to Ratis server with new SCM peers list: [f746044e-06a5-45c2-8175-96f1febdd987|rpc:localhost:32791|admin:|client:|dataStream:|priority:0, 3b6c5475-24e7-4d17-bb16-57441daa5342|rpc:localhost:41833|priority:0, 13153696-550a-4573-ab8b-f7fa9c2561e9|rpc:localhost:32899|priority:0]
2022-03-02 19:00:21,230 [IPC Server handler 4 on default port 37613] INFO  server.RaftServer$Division (RaftServerImpl.java:setConfigurationAsync(974)) - f746044e-06a5-45c2-8175-96f1febdd987@group-9B8B311B51AF: receive setConfiguration SetConfigurationRequest:client-E24E72DD6937->f746044e-06a5-45c2-8175-96f1febdd987@group-9B8B311B51AF, cid=10, seq=0, RW, null, peers:[f746044e-06a5-45c2-8175-96f1febdd987|rpc:localhost:32791|admin:|client:|dataStream:|priority:0, 3b6c5475-24e7-4d17-bb16-57441daa5342|rpc:localhost:41833|priority:0, 13153696-550a-4573-ab8b-f7fa9c2561e9|rpc:localhost:32899|priority:0]
2022-03-02 19:00:21,230 [IPC Server handler 4 on default port 37613] INFO  server.RaftServer$Division (LeaderStateImpl.java:startSetConfiguration(358)) - f746044e-06a5-45c2-8175-96f1febdd987@group-9B8B311B51AF-LeaderStateImpl: startSetConfiguration SetConfigurationRequest:client-E24E72DD6937->f746044e-06a5-45c2-8175-96f1febdd987@group-9B8B311B51AF, cid=10, seq=0, RW, null, peers:[f746044e-06a5-45c2-8175-96f1febdd987|rpc:localhost:32791|admin:|client:|dataStream:|priority:0, 3b6c5475-24e7-4d17-bb16-57441daa5342|rpc:localhost:41833|priority:0, 13153696-550a-4573-ab8b-f7fa9c2561e9|rpc:localhost:32899|priority:0]
2022-03-02 19:00:21,230 [IPC Server handler 4 on default port 37613] INFO  server.RaftServerConfigKeys (ConfUtils.java:logGet(44)) - raft.server.log.appender.snapshot.chunk.size.max = 16MB (=16777216) (default)
2022-03-02 19:00:21,230 [IPC Server handler 4 on default port 37613] INFO  server.RaftServerConfigKeys (ConfUtils.java:logGet(44)) - raft.server.log.appender.buffer.byte-limit = 33554432 (custom)
2022-03-02 19:00:21,230 [IPC Server handler 4 on default port 37613] INFO  server.RaftServerConfigKeys (ConfUtils.java:logGet(44)) - raft.server.log.appender.buffer.element-limit = 1024 (custom)
2022-03-02 19:00:21,231 [IPC Server handler 4 on default port 37613] INFO  grpc.GrpcConfigKeys (ConfUtils.java:logGet(44)) - raft.grpc.server.leader.outstanding.appends.max = 128 (default)
2022-03-02 19:00:21,231 [IPC Server handler 4 on default port 37613] INFO  server.RaftServerConfigKeys (ConfUtils.java:logGet(44)) - raft.server.rpc.request.timeout = 30000ms (custom)
2022-03-02 19:00:21,232 [IPC Server handler 4 on default port 37613] INFO  server.RaftServerConfigKeys (ConfUtils.java:logGet(44)) - raft.server.log.appender.install.snapshot.enabled = false (custom)
2022-03-02 19:00:21,240 [f746044e-06a5-45c2-8175-96f1febdd987@group-9B8B311B51AF->13153696-550a-4573-ab8b-f7fa9c2561e9-GrpcLogAppender-LogAppenderDaemon] INFO  server.GrpcLogAppender (GrpcLogAppender.java:installSnapshot(550)) - f746044e-06a5-45c2-8175-96f1febdd987@group-9B8B311B51AF->13153696-550a-4573-ab8b-f7fa9c2561e9-GrpcLogAppender: followerNextIndex = 0 but logStartIndex = 1, notify follower to install snapshot-(t:2, i:24)
2022-03-02 19:00:21,245 [f746044e-06a5-45c2-8175-96f1febdd987@group-9B8B311B51AF->13153696-550a-4573-ab8b-f7fa9c2561e9-GrpcLogAppender-LogAppenderDaemon] INFO  server.GrpcLogAppender (GrpcLogAppender.java:installSnapshot(558)) - f746044e-06a5-45c2-8175-96f1febdd987@group-9B8B311B51AF->13153696-550a-4573-ab8b-f7fa9c2561e9-GrpcLogAppender: send f746044e-06a5-45c2-8175-96f1febdd987->13153696-550a-4573-ab8b-f7fa9c2561e9#0-t2,notify:(t:2, i:24)
2022-03-02 19:00:21,262 [grpc-default-executor-1] INFO  server.RaftServer$Division (RaftServerImpl.java:installSnapshot(1332)) - 13153696-550a-4573-ab8b-f7fa9c2561e9@group-9B8B311B51AF: receive installSnapshot: f746044e-06a5-45c2-8175-96f1febdd987->13153696-550a-4573-ab8b-f7fa9c2561e9#0-t2,notify:(t:2, i:24)
2022-03-02 19:00:21,264 [grpc-default-executor-1] INFO  ha.SCMStateMachine (SCMStateMachine.java:notifyLeaderChanged(255)) - leader changed, yet current SCM is still follower.
2022-03-02 19:00:21,264 [grpc-default-executor-1] INFO  server.RaftServer$Division (ServerState.java:setLeader(285)) - 13153696-550a-4573-ab8b-f7fa9c2561e9@group-9B8B311B51AF: change Leader from null to f746044e-06a5-45c2-8175-96f1febdd987 at term 2 for installSnapshot, leader elected after 14076ms
2022-03-02 19:00:21,264 [grpc-default-executor-1] INFO  server.RaftServer$Division (RaftServerImpl.java:notifyStateMachineToInstallSnapshot(1551)) - 13153696-550a-4573-ab8b-f7fa9c2561e9@group-9B8B311B51AF: Received notification to install snapshot at index 24
2022-03-02 19:00:21,264 [grpc-default-executor-1] INFO  server.RaftServer$Division (RaftServerImpl.java:notifyStateMachineToInstallSnapshot(1582)) - 13153696-550a-4573-ab8b-f7fa9c2561e9@group-9B8B311B51AF: notifyInstallSnapshot: nextIndex is 0 but the leader's first available index is 24.
2022-03-02 19:00:21,264 [grpc-default-executor-1] INFO  ha.SCMStateMachine (SCMStateMachine.java:notifyInstallSnapshotFromLeader(219)) - Received install snapshot notification from SCM leader: localhost:32791 with term index: (t:2, i:24)
2022-03-02 19:00:21,273 [pool-314-thread-1] INFO  ha.SCMHAManagerImpl (SCMHAManagerImpl.java:getDBCheckpointFromLeader(207)) - Downloading checkpoint from leader SCM scmNode-1 and reloading state from the checkpoint.
2022-03-02 19:00:21,280 [Datanode State Machine Daemon Thread] ERROR datanode.RunningDatanodeState (RunningDatanodeState.java:computeNextContainerState(201)) - Error in executing end point task.
java.util.concurrent.ExecutionException: java.util.concurrent.TimeoutException
	at java.util.concurrent.FutureTask.report(FutureTask.java:122)
	at java.util.concurrent.FutureTask.get(FutureTask.java:192)
	at org.apache.hadoop.ozone.container.common.states.datanode.RunningDatanodeState.computeNextContainerState(RunningDatanodeState.java:193)
	at org.apache.hadoop.ozone.container.common.states.datanode.RunningDatanodeState.await(RunningDatanodeState.java:233)
	at org.apache.hadoop.ozone.container.common.states.datanode.RunningDatanodeState.await(RunningDatanodeState.java:50)
	at org.apache.hadoop.ozone.container.common.statemachine.StateContext.execute(StateContext.java:658)
	at org.apache.hadoop.ozone.container.common.statemachine.DatanodeStateMachine.startStateMachineThread(DatanodeStateMachine.java:283)
	at org.apache.hadoop.ozone.container.common.statemachine.DatanodeStateMachine.lambda$startDaemon$0(DatanodeStateMachine.java:471)
	at java.lang.Thread.run(Thread.java:750)
Caused by: java.util.concurrent.TimeoutException
	at java.util.concurrent.FutureTask.get(FutureTask.java:205)
	at org.apache.hadoop.ozone.container.common.states.datanode.RunningDatanodeState.lambda$execute$0(RunningDatanodeState.java:151)
	at java.util.concurrent.FutureTask.run(FutureTask.java:266)
	at java.util.concurrent.Executors$RunnableAdapter.call(Executors.java:511)
	at java.util.concurrent.FutureTask.run(FutureTask.java:266)
	at java.util.concurrent.ThreadPoolExecutor.runWorker(ThreadPoolExecutor.java:1149)
	at java.util.concurrent.ThreadPoolExecutor$Worker.run(ThreadPoolExecutor.java:624)
	... 1 more
2022-03-02 19:00:21,297 [grpc-default-executor-2] INFO  ha.SCMDBCheckpointProvider (SCMDBCheckpointProvider.java:writeDBCheckPointToSream(48)) - Received request to obtain SCM DB checkpoint snapshot
2022-03-02 19:00:21,307 [grpc-default-executor-2] INFO  db.RDBCheckpointManager (RDBCheckpointManager.java:createCheckpoint(86)) - Created checkpoint at /home/runner/work/ozone/ozone/hadoop-ozone/integration-test/target/test-dir/MiniOzoneClusterImpl-5ed764c8-eddb-4368-ac32-9b8b311b51af/scmNode-1/db.checkpoints/scm.db_checkpoint_1646247621297 in 10 milliseconds
2022-03-02 19:00:21,311 [grpc-default-executor-2] INFO  ha.SCMGrpcOutputStream (SCMGrpcOutputStream.java:close(111)) - Sent 6360 bytes for cluster 5ed764c8-eddb-4368-ac32-9b8b311b51af
2022-03-02 19:00:21,311 [grpc-default-executor-2] INFO  ha.SCMDBCheckpointProvider (SCMDBCheckpointProvider.java:writeDBCheckPointToSream(73)) - Time taken to write the checkpoint to response output stream: 3 milliseconds
2022-03-02 19:00:21,311 [grpc-default-executor-2] INFO  db.RocksDBCheckpoint (RocksDBCheckpoint.java:cleanupCheckpoint(78)) - Cleaning up RocksDB checkpoint at /home/runner/work/ozone/ozone/hadoop-ozone/integration-test/target/test-dir/MiniOzoneClusterImpl-5ed764c8-eddb-4368-ac32-9b8b311b51af/scmNode-1/db.checkpoints/scm.db_checkpoint_1646247621297
2022-03-02 19:00:21,319 [grpc-default-executor-3] INFO  ha.InterSCMGrpcClient (InterSCMGrpcClient.java:onCompleted(173)) - Checkpoint is downloaded to /home/runner/work/ozone/ozone/hadoop-ozone/integration-test/target/test-dir/MiniOzoneClusterImpl-5ed764c8-eddb-4368-ac32-9b8b311b51af/scmNode-3/snapshot/scm.db-scmNode-1-1646247621273.tar.gz
2022-03-02 19:00:21,330 [pool-314-thread-1] INFO  ha.SCMSnapshotProvider (SCMSnapshotProvider.java:getSCMDBSnapshot(131)) - Successfully downloaded latest checkpoint from leader SCM: scmNode-1 path /home/runner/work/ozone/ozone/hadoop-ozone/integration-test/target/test-dir/MiniOzoneClusterImpl-5ed764c8-eddb-4368-ac32-9b8b311b51af/scmNode-3/snapshot/scm.db-scmNode-1-1646247621273
2022-03-02 19:00:21,330 [pool-314-thread-1] INFO  ha.SCMHAManagerImpl (SCMHAManagerImpl.java:downloadCheckpointFromLeader(159)) - Downloaded checkpoint from Leader scmNode-1 to the location /home/runner/work/ozone/ozone/hadoop-ozone/integration-test/target/test-dir/MiniOzoneClusterImpl-5ed764c8-eddb-4368-ac32-9b8b311b51af/scmNode-3/snapshot/scm.db-scmNode-1-1646247621273
2022-03-02 19:00:21,409 [pool-314-thread-1] INFO  ha.SCMHAManagerImpl (SCMHAManagerImpl.java:verifyCheckpointFromLeader(173)) - Installing checkpoint with SCMTransactionInfo 2#24
2022-03-02 19:00:21,410 [pool-314-thread-1] INFO  server.RaftServer$Division (RaftServerImpl.java:lambda$notifyStateMachineToInstallSnapshot$30(1595)) - 13153696-550a-4573-ab8b-f7fa9c2561e9@group-9B8B311B51AF: StateMachine successfully installed snapshot index 24. Reloading the StateMachine.
2022-03-02 19:00:21,411 [pool-314-thread-1] INFO  segmented.SegmentedRaftLogWorker (SegmentedRaftLogWorker.java:lambda$new$0(133)) - 13153696-550a-4573-ab8b-f7fa9c2561e9@group-9B8B311B51AF-SegmentedRaftLogWorker: flushIndex: setUnconditionally -1 -> 24
2022-03-02 19:00:21,411 [pool-314-thread-1] INFO  segmented.SegmentedRaftLogWorker (SegmentedRaftLogWorker.java:lambda$new$0(133)) - 13153696-550a-4573-ab8b-f7fa9c2561e9@group-9B8B311B51AF-SegmentedRaftLogWorker: safeCacheEvictIndex: setUnconditionally -1 -> 24
2022-03-02 19:00:21,412 [pool-314-thread-1] INFO  raftlog.RaftLog (RaftLogBase.java:lambda$new$0(53)) - 13153696-550a-4573-ab8b-f7fa9c2561e9@group-9B8B311B51AF-SegmentedRaftLog: snapshotIndex: updateIncreasingly -1 -> 24
2022-03-02 19:00:21,425 [grpc-default-executor-1] INFO  server.RaftServer$Division (RaftServerImpl.java:notifyStateMachineToInstallSnapshot(1638)) - 13153696-550a-4573-ab8b-f7fa9c2561e9@group-9B8B311B51AF: InstallSnapshot notification result: SNAPSHOT_INSTALLED, at index: 24
2022-03-02 19:00:21,426 [grpc-default-executor-1] INFO  server.RaftServer$Division (RaftServerImpl.java:installSnapshotImpl(1462)) - 13153696-550a-4573-ab8b-f7fa9c2561e9@group-9B8B311B51AF: set new configuration index: 5
configurationEntry {
  peers {
    id: "f746044e-06a5-45c2-8175-96f1febdd987"
    address: "localhost:32791"
  }
  peers {
    id: "3b6c5475-24e7-4d17-bb16-57441daa5342"
    address: "localhost:41833"
  }
}
 from snapshot
2022-03-02 19:00:21,426 [grpc-default-executor-1] INFO  server.RaftServer$Division (ServerState.java:setRaftConf(387)) - 13153696-550a-4573-ab8b-f7fa9c2561e9@group-9B8B311B51AF: set configuration 5: [f746044e-06a5-45c2-8175-96f1febdd987|rpc:localhost:32791|admin:|client:|dataStream:|priority:0, 3b6c5475-24e7-4d17-bb16-57441daa5342|rpc:localhost:41833|admin:|client:|dataStream:|priority:0], old=null
2022-03-02 19:00:21,426 [grpc-default-executor-1] INFO  server.RaftServer$Division (RaftServerImpl.java:installSnapshot(1343)) - 13153696-550a-4573-ab8b-f7fa9c2561e9@group-9B8B311B51AF: reply installSnapshot: f746044e-06a5-45c2-8175-96f1febdd987<-13153696-550a-4573-ab8b-f7fa9c2561e9#0:FAIL-t0,SNAPSHOT_INSTALLED,snapshotIndex=24
2022-03-02 19:00:21,427 [grpc-default-executor-1] INFO  server.GrpcServerProtocolService (GrpcServerProtocolService.java:onCompleted(140)) - 13153696-550a-4573-ab8b-f7fa9c2561e9: Completed INSTALL_SNAPSHOT, lastRequest: f746044e-06a5-45c2-8175-96f1febdd987->13153696-550a-4573-ab8b-f7fa9c2561e9#0-t2,notify:(t:2, i:24)
2022-03-02 19:00:21,428 [grpc-default-executor-3] INFO  server.GrpcLogAppender (GrpcLogAppender.java:onNext(410)) - f746044e-06a5-45c2-8175-96f1febdd987@group-9B8B311B51AF->13153696-550a-4573-ab8b-f7fa9c2561e9-InstallSnapshotResponseHandler: received the first reply f746044e-06a5-45c2-8175-96f1febdd987<-13153696-550a-4573-ab8b-f7fa9c2561e9#0:FAIL-t0,SNAPSHOT_INSTALLED,snapshotIndex=24
2022-03-02 19:00:21,428 [grpc-default-executor-3] INFO  server.GrpcLogAppender (GrpcLogAppender.java:onNext(450)) - f746044e-06a5-45c2-8175-96f1febdd987@group-9B8B311B51AF->13153696-550a-4573-ab8b-f7fa9c2561e9-InstallSnapshotResponseHandler: Follower installed snapshot at index 24
2022-03-02 19:00:21,428 [grpc-default-executor-3] INFO  leader.FollowerInfo (FollowerInfoImpl.java:lambda$new$0(47)) - f746044e-06a5-45c2-8175-96f1febdd987@group-9B8B311B51AF->13153696-550a-4573-ab8b-f7fa9c2561e9: snapshotIndex: setUnconditionally 0 -> 24
2022-03-02 19:00:21,428 [grpc-default-executor-3] INFO  leader.FollowerInfo (FollowerInfoImpl.java:lambda$new$0(47)) - f746044e-06a5-45c2-8175-96f1febdd987@group-9B8B311B51AF->13153696-550a-4573-ab8b-f7fa9c2561e9: matchIndex: setUnconditionally 0 -> 24
2022-03-02 19:00:21,428 [grpc-default-executor-3] INFO  leader.FollowerInfo (FollowerInfoImpl.java:lambda$new$0(47)) - f746044e-06a5-45c2-8175-96f1febdd987@group-9B8B311B51AF->13153696-550a-4573-ab8b-f7fa9c2561e9: nextIndex: setUnconditionally 0 -> 25
2022-03-02 19:00:21,428 [grpc-default-executor-3] INFO  leader.FollowerInfo (FollowerInfoImpl.java:setAttemptedToInstallSnapshot(116)) - Follower f746044e-06a5-45c2-8175-96f1febdd987@group-9B8B311B51AF->13153696-550a-4573-ab8b-f7fa9c2561e9 acknowledged installing snapshot
2022-03-02 19:00:21,428 [grpc-default-executor-3] INFO  leader.FollowerInfo (FollowerInfoImpl.java:lambda$new$0(47)) - f746044e-06a5-45c2-8175-96f1febdd987@group-9B8B311B51AF->13153696-550a-4573-ab8b-f7fa9c2561e9: nextIndex: updateToMax old=25, new=25, updated? false
2022-03-02 19:00:21,433 [grpc-default-executor-2] INFO  impl.RoleInfo (RoleInfo.java:updateAndGet(130)) - 13153696-550a-4573-ab8b-f7fa9c2561e9: start 13153696-550a-4573-ab8b-f7fa9c2561e9@group-9B8B311B51AF-FollowerState
2022-03-02 19:00:21,458 [b53c45b1-3941-4685-95cb-36e9d2366fdc@group-B510EF1058BA-FollowerState] INFO  impl.FollowerState (FollowerState.java:run(134)) - b53c45b1-3941-4685-95cb-36e9d2366fdc@group-B510EF1058BA-FollowerState: change to CANDIDATE, lastRpcElapsedTime:5175175484ns, electionTimeout:5165ms
2022-03-02 19:00:21,458 [b53c45b1-3941-4685-95cb-36e9d2366fdc@group-B510EF1058BA-FollowerState] INFO  impl.RoleInfo (RoleInfo.java:shutdownFollowerState(108)) - b53c45b1-3941-4685-95cb-36e9d2366fdc: shutdown b53c45b1-3941-4685-95cb-36e9d2366fdc@group-B510EF1058BA-FollowerState
2022-03-02 19:00:21,458 [b53c45b1-3941-4685-95cb-36e9d2366fdc@group-B510EF1058BA-FollowerState] INFO  server.RaftServer$Division (RaftServerImpl.java:setRole(290)) - b53c45b1-3941-4685-95cb-36e9d2366fdc@group-B510EF1058BA: changes role from  FOLLOWER to CANDIDATE at term 0 for changeToCandidate
2022-03-02 19:00:21,462 [b53c45b1-3941-4685-95cb-36e9d2366fdc@group-B510EF1058BA-FollowerState] INFO  server.RaftServerConfigKeys (ConfUtils.java:logGet(44)) - raft.server.leaderelection.pre-vote = false (custom)
2022-03-02 19:00:21,462 [b53c45b1-3941-4685-95cb-36e9d2366fdc@group-B510EF1058BA-FollowerState] INFO  impl.RoleInfo (RoleInfo.java:updateAndGet(130)) - b53c45b1-3941-4685-95cb-36e9d2366fdc: start b53c45b1-3941-4685-95cb-36e9d2366fdc@group-B510EF1058BA-LeaderElection26
2022-03-02 19:00:21,471 [13153696-550a-4573-ab8b-f7fa9c2561e9@group-9B8B311B51AF-StateMachineUpdater] INFO  ha.SCMHAManagerImpl (SCMHAManagerImpl.java:installCheckpoint(228)) - Installing checkpoint with SCMTransactionInfo 2#24
2022-03-02 19:00:21,476 [b53c45b1-3941-4685-95cb-36e9d2366fdc@group-B510EF1058BA-LeaderElection26] INFO  impl.LeaderElection (LeaderElection.java:askForVotes(306)) - b53c45b1-3941-4685-95cb-36e9d2366fdc@group-B510EF1058BA-LeaderElection26 ELECTION round 0: submit vote requests at term 1 for -1: [b53c45b1-3941-4685-95cb-36e9d2366fdc|rpc:127.0.0.1:36539|priority:1], old=null
2022-03-02 19:00:21,476 [b53c45b1-3941-4685-95cb-36e9d2366fdc@group-B510EF1058BA-LeaderElection26] INFO  impl.LeaderElection (LeaderElection.java:askForVotes(308)) - b53c45b1-3941-4685-95cb-36e9d2366fdc@group-B510EF1058BA-LeaderElection26 ELECTION round 0: result PASSED (term=1)
2022-03-02 19:00:21,477 [b53c45b1-3941-4685-95cb-36e9d2366fdc@group-B510EF1058BA-LeaderElection26] INFO  impl.RoleInfo (RoleInfo.java:shutdownLeaderElection(121)) - b53c45b1-3941-4685-95cb-36e9d2366fdc: shutdown b53c45b1-3941-4685-95cb-36e9d2366fdc@group-B510EF1058BA-LeaderElection26
2022-03-02 19:00:21,477 [b53c45b1-3941-4685-95cb-36e9d2366fdc@group-B510EF1058BA-LeaderElection26] INFO  server.RaftServer$Division (RaftServerImpl.java:setRole(290)) - b53c45b1-3941-4685-95cb-36e9d2366fdc@group-B510EF1058BA: changes role from CANDIDATE to LEADER at term 1 for changeToLeader
2022-03-02 19:00:21,477 [b53c45b1-3941-4685-95cb-36e9d2366fdc@group-B510EF1058BA-LeaderElection26] INFO  ratis.XceiverServerRatis (XceiverServerRatis.java:handleLeaderChangedNotification(867)) - Leader change notification received for group: group-B510EF1058BA with new leaderId: b53c45b1-3941-4685-95cb-36e9d2366fdc
2022-03-02 19:00:21,479 [b53c45b1-3941-4685-95cb-36e9d2366fdc@group-B510EF1058BA-LeaderElection26] INFO  server.RaftServer$Division (ServerState.java:setLeader(285)) - b53c45b1-3941-4685-95cb-36e9d2366fdc@group-B510EF1058BA: change Leader from null to b53c45b1-3941-4685-95cb-36e9d2366fdc at term 1 for becomeLeader, leader elected after 5212ms
2022-03-02 19:00:21,479 [b53c45b1-3941-4685-95cb-36e9d2366fdc@group-B510EF1058BA-LeaderElection26] INFO  server.RaftServerConfigKeys (ConfUtils.java:logGet(44)) - raft.server.staging.catchup.gap = 1000 (default)
2022-03-02 19:00:21,480 [b53c45b1-3941-4685-95cb-36e9d2366fdc@group-B510EF1058BA-LeaderElection26] INFO  server.RaftServerConfigKeys (ConfUtils.java:logGet(44)) - raft.server.write.element-limit = 1024 (custom)
2022-03-02 19:00:21,480 [b53c45b1-3941-4685-95cb-36e9d2366fdc@group-B510EF1058BA-LeaderElection26] INFO  server.RaftServerConfigKeys (ConfUtils.java:logGet(44)) - raft.server.write.byte-limit = 1024 M (=1073741824) (custom)
2022-03-02 19:00:21,480 [b53c45b1-3941-4685-95cb-36e9d2366fdc@group-B510EF1058BA-LeaderElection26] INFO  server.RaftServerConfigKeys (ConfUtils.java:logGet(44)) - raft.server.watch.timeout = 180s (custom)
2022-03-02 19:00:21,480 [b53c45b1-3941-4685-95cb-36e9d2366fdc@group-B510EF1058BA-LeaderElection26] INFO  server.RaftServerConfigKeys (ConfUtils.java:logGet(44)) - raft.server.watch.timeout.denomination = 1s (default)
2022-03-02 19:00:21,480 [b53c45b1-3941-4685-95cb-36e9d2366fdc@group-B510EF1058BA-LeaderElection26] INFO  server.RaftServerConfigKeys (ConfUtils.java:logGet(44)) - raft.server.watch.element-limit = 65536 (default)
2022-03-02 19:00:21,480 [b53c45b1-3941-4685-95cb-36e9d2366fdc@group-B510EF1058BA-LeaderElection26] INFO  server.RaftServerConfigKeys (ConfUtils.java:logGet(44)) - raft.server.write.element-limit = 1024 (custom)
2022-03-02 19:00:21,480 [b53c45b1-3941-4685-95cb-36e9d2366fdc@group-B510EF1058BA-LeaderElection26] INFO  server.RaftServerConfigKeys (ConfUtils.java:logGet(44)) - raft.server.write.follower.gap.ratio.max = -1.0 (default)
2022-03-02 19:00:21,480 [b53c45b1-3941-4685-95cb-36e9d2366fdc@group-B510EF1058BA-LeaderElection26] INFO  impl.RoleInfo (RoleInfo.java:updateAndGet(130)) - b53c45b1-3941-4685-95cb-36e9d2366fdc: start b53c45b1-3941-4685-95cb-36e9d2366fdc@group-B510EF1058BA-LeaderStateImpl
2022-03-02 19:00:21,481 [b53c45b1-3941-4685-95cb-36e9d2366fdc@group-B510EF1058BA-LeaderElection26] INFO  segmented.SegmentedRaftLogWorker (SegmentedRaftLogWorker.java:startLogSegment(394)) - b53c45b1-3941-4685-95cb-36e9d2366fdc@group-B510EF1058BA-SegmentedRaftLogWorker: Starting segment from index:0
2022-03-02 19:00:21,485 [b53c45b1-3941-4685-95cb-36e9d2366fdc@group-B510EF1058BA-SegmentedRaftLogWorker] INFO  segmented.SegmentedRaftLogWorker (SegmentedRaftLogWorker.java:execute(601)) - b53c45b1-3941-4685-95cb-36e9d2366fdc@group-B510EF1058BA-SegmentedRaftLogWorker: created new log segment /home/runner/work/ozone/ozone/hadoop-ozone/integration-test/target/test-dir/MiniOzoneClusterImpl-5ed764c8-eddb-4368-ac32-9b8b311b51af/datanode-2/data/ratis/f9e34270-85ae-40a1-81c0-b510ef1058ba/current/log_inprogress_0
2022-03-02 19:00:21,489 [b53c45b1-3941-4685-95cb-36e9d2366fdc@group-B510EF1058BA-LeaderElection26] INFO  server.RaftServer$Division (ServerState.java:setRaftConf(387)) - b53c45b1-3941-4685-95cb-36e9d2366fdc@group-B510EF1058BA: set configuration 0: [b53c45b1-3941-4685-95cb-36e9d2366fdc|rpc:127.0.0.1:36539|dataStream:|priority:1], old=null
2022-03-02 19:00:21,490 [13153696-550a-4573-ab8b-f7fa9c2561e9@group-9B8B311B51AF-StateMachineUpdater] INFO  ha.SCMHAManagerImpl (SCMHAManagerImpl.java:installCheckpoint(267)) - Replaced DB with checkpoint, term: 2, index: 24
2022-03-02 19:00:21,490 [13153696-550a-4573-ab8b-f7fa9c2561e9@group-9B8B311B51AF-StateMachineUpdater] WARN  utils.HAUtils (HAUtils.java:getMetaDir(342)) - ozone.scm.db.dirs is not configured. We recommend adding this setting. Falling back to ozone.metadata.dirs instead.
2022-03-02 19:00:21,490 [13153696-550a-4573-ab8b-f7fa9c2561e9@group-9B8B311B51AF-StateMachineUpdater] WARN  db.DBStoreBuilder (DBStoreBuilder.java:applyDBDefinition(145)) - ozone.scm.db.dirs is not configured. We recommend adding this setting. Falling back to ozone.metadata.dirs instead.
2022-03-02 19:00:21,565 [13153696-550a-4573-ab8b-f7fa9c2561e9@group-9B8B311B51AF-StateMachineUpdater] INFO  ha.SequenceIdGenerator (SequenceIdGenerator.java:reinitialize(166)) - reinitialize SequenceIdGenerator.
2022-03-02 19:00:21,566 [13153696-550a-4573-ab8b-f7fa9c2561e9@group-9B8B311B51AF-StateMachineUpdater] INFO  ha.SCMHAManagerImpl (SCMHAManagerImpl.java:installCheckpoint(282)) - Reloaded SCM state with Term: 2 and Index: 24
2022-03-02 19:00:21,571 [13153696-550a-4573-ab8b-f7fa9c2561e9@group-9B8B311B51AF-StateMachineUpdater] INFO  impl.StateMachineUpdater (StateMachineUpdater.java:lambda$new$0(89)) - 13153696-550a-4573-ab8b-f7fa9c2561e9@group-9B8B311B51AF-StateMachineUpdater: snapshotIndex: setUnconditionally -1 -> 24
2022-03-02 19:00:21,571 [13153696-550a-4573-ab8b-f7fa9c2561e9@group-9B8B311B51AF-StateMachineUpdater] INFO  impl.StateMachineUpdater (StateMachineUpdater.java:lambda$new$0(89)) - 13153696-550a-4573-ab8b-f7fa9c2561e9@group-9B8B311B51AF-StateMachineUpdater: appliedIndex: setUnconditionally -1 -> 24
2022-03-02 19:00:21,842 [Datanode State Machine Daemon Thread] ERROR datanode.RunningDatanodeState (RunningDatanodeState.java:computeNextContainerState(201)) - Error in executing end point task.
java.util.concurrent.ExecutionException: java.util.concurrent.TimeoutException
	at java.util.concurrent.FutureTask.report(FutureTask.java:122)
	at java.util.concurrent.FutureTask.get(FutureTask.java:192)
	at org.apache.hadoop.ozone.container.common.states.datanode.RunningDatanodeState.computeNextContainerState(RunningDatanodeState.java:193)
	at org.apache.hadoop.ozone.container.common.states.datanode.RunningDatanodeState.await(RunningDatanodeState.java:233)
	at org.apache.hadoop.ozone.container.common.states.datanode.RunningDatanodeState.await(RunningDatanodeState.java:50)
	at org.apache.hadoop.ozone.container.common.statemachine.StateContext.execute(StateContext.java:658)
	at org.apache.hadoop.ozone.container.common.statemachine.DatanodeStateMachine.startStateMachineThread(DatanodeStateMachine.java:283)
	at org.apache.hadoop.ozone.container.common.statemachine.DatanodeStateMachine.lambda$startDaemon$0(DatanodeStateMachine.java:471)
	at java.lang.Thread.run(Thread.java:750)
Caused by: java.util.concurrent.TimeoutException
	at java.util.concurrent.FutureTask.get(FutureTask.java:205)
	at org.apache.hadoop.ozone.container.common.states.datanode.RunningDatanodeState.lambda$execute$0(RunningDatanodeState.java:151)
	at java.util.concurrent.FutureTask.run(FutureTask.java:266)
	at java.util.concurrent.Executors$RunnableAdapter.call(Executors.java:511)
	at java.util.concurrent.FutureTask.run(FutureTask.java:266)
	at java.util.concurrent.ThreadPoolExecutor.runWorker(ThreadPoolExecutor.java:1149)
	at java.util.concurrent.ThreadPoolExecutor$Worker.run(ThreadPoolExecutor.java:624)
	... 1 more
2022-03-02 19:00:21,953 [EndpointStateMachine task thread for /127.0.0.1:38087 - 0 ] INFO  ipc.Client (Client.java:handleConnectionFailure(977)) - Retrying connect to server: localhost/127.0.0.1:38087. Already tried 7 time(s); retry policy is RetryUpToMaximumCountWithFixedSleep(maxRetries=15, sleepTime=1000 MILLISECONDS)
2022-03-02 19:00:21,970 [EndpointStateMachine task thread for /127.0.0.1:35087 - 0 ] INFO  ipc.Client (Client.java:handleConnectionFailure(977)) - Retrying connect to server: localhost/127.0.0.1:35087. Already tried 7 time(s); retry policy is RetryUpToMaximumCountWithFixedSleep(maxRetries=15, sleepTime=1000 MILLISECONDS)
2022-03-02 19:00:21,970 [EndpointStateMachine task thread for /127.0.0.1:45277 - 0 ] INFO  ipc.Client (Client.java:handleConnectionFailure(977)) - Retrying connect to server: localhost/127.0.0.1:45277. Already tried 7 time(s); retry policy is RetryUpToMaximumCountWithFixedSleep(maxRetries=15, sleepTime=1000 MILLISECONDS)
2022-03-02 19:00:22,149 [Datanode State Machine Daemon Thread] ERROR datanode.RunningDatanodeState (RunningDatanodeState.java:computeNextContainerState(201)) - Error in executing end point task.
java.util.concurrent.ExecutionException: java.util.concurrent.TimeoutException
	at java.util.concurrent.FutureTask.report(FutureTask.java:122)
	at java.util.concurrent.FutureTask.get(FutureTask.java:192)
	at org.apache.hadoop.ozone.container.common.states.datanode.RunningDatanodeState.computeNextContainerState(RunningDatanodeState.java:193)
	at org.apache.hadoop.ozone.container.common.states.datanode.RunningDatanodeState.await(RunningDatanodeState.java:233)
	at org.apache.hadoop.ozone.container.common.states.datanode.RunningDatanodeState.await(RunningDatanodeState.java:50)
	at org.apache.hadoop.ozone.container.common.statemachine.StateContext.execute(StateContext.java:658)
	at org.apache.hadoop.ozone.container.common.statemachine.DatanodeStateMachine.startStateMachineThread(DatanodeStateMachine.java:283)
	at org.apache.hadoop.ozone.container.common.statemachine.DatanodeStateMachine.lambda$startDaemon$0(DatanodeStateMachine.java:471)
	at java.lang.Thread.run(Thread.java:750)
Caused by: java.util.concurrent.TimeoutException
	at java.util.concurrent.FutureTask.get(FutureTask.java:205)
	at org.apache.hadoop.ozone.container.common.states.datanode.RunningDatanodeState.lambda$execute$0(RunningDatanodeState.java:151)
	at java.util.concurrent.FutureTask.run(FutureTask.java:266)
	at java.util.concurrent.Executors$RunnableAdapter.call(Executors.java:511)
	at java.util.concurrent.FutureTask.run(FutureTask.java:266)
	at java.util.concurrent.ThreadPoolExecutor.runWorker(ThreadPoolExecutor.java:1149)
	at java.util.concurrent.ThreadPoolExecutor$Worker.run(ThreadPoolExecutor.java:624)
	... 1 more
2022-03-02 19:00:22,477 [Datanode State Machine Daemon Thread] ERROR datanode.RunningDatanodeState (RunningDatanodeState.java:computeNextContainerState(201)) - Error in executing end point task.
java.util.concurrent.ExecutionException: java.util.concurrent.TimeoutException
	at java.util.concurrent.FutureTask.report(FutureTask.java:122)
	at java.util.concurrent.FutureTask.get(FutureTask.java:192)
	at org.apache.hadoop.ozone.container.common.states.datanode.RunningDatanodeState.computeNextContainerState(RunningDatanodeState.java:193)
	at org.apache.hadoop.ozone.container.common.states.datanode.RunningDatanodeState.await(RunningDatanodeState.java:233)
	at org.apache.hadoop.ozone.container.common.states.datanode.RunningDatanodeState.await(RunningDatanodeState.java:50)
	at org.apache.hadoop.ozone.container.common.statemachine.StateContext.execute(StateContext.java:658)
	at org.apache.hadoop.ozone.container.common.statemachine.DatanodeStateMachine.startStateMachineThread(DatanodeStateMachine.java:283)
	at org.apache.hadoop.ozone.container.common.statemachine.DatanodeStateMachine.lambda$startDaemon$0(DatanodeStateMachine.java:471)
	at java.lang.Thread.run(Thread.java:750)
Caused by: java.util.concurrent.TimeoutException
	at java.util.concurrent.FutureTask.get(FutureTask.java:205)
	at org.apache.hadoop.ozone.container.common.states.datanode.RunningDatanodeState.lambda$execute$0(RunningDatanodeState.java:151)
	at java.util.concurrent.FutureTask.run(FutureTask.java:266)
	at java.util.concurrent.Executors$RunnableAdapter.call(Executors.java:511)
	at java.util.concurrent.FutureTask.run(FutureTask.java:266)
	at java.util.concurrent.ThreadPoolExecutor.runWorker(ThreadPoolExecutor.java:1149)
	at java.util.concurrent.ThreadPoolExecutor$Worker.run(ThreadPoolExecutor.java:624)
	... 1 more
2022-03-02 19:00:22,844 [Datanode State Machine Daemon Thread] ERROR datanode.RunningDatanodeState (RunningDatanodeState.java:computeNextContainerState(201)) - Error in executing end point task.
java.util.concurrent.ExecutionException: java.util.concurrent.TimeoutException
	at java.util.concurrent.FutureTask.report(FutureTask.java:122)
	at java.util.concurrent.FutureTask.get(FutureTask.java:192)
	at org.apache.hadoop.ozone.container.common.states.datanode.RunningDatanodeState.computeNextContainerState(RunningDatanodeState.java:193)
	at org.apache.hadoop.ozone.container.common.states.datanode.RunningDatanodeState.await(RunningDatanodeState.java:233)
	at org.apache.hadoop.ozone.container.common.states.datanode.RunningDatanodeState.await(RunningDatanodeState.java:50)
	at org.apache.hadoop.ozone.container.common.statemachine.StateContext.execute(StateContext.java:658)
	at org.apache.hadoop.ozone.container.common.statemachine.DatanodeStateMachine.startStateMachineThread(DatanodeStateMachine.java:283)
	at org.apache.hadoop.ozone.container.common.statemachine.DatanodeStateMachine.lambda$startDaemon$0(DatanodeStateMachine.java:471)
	at java.lang.Thread.run(Thread.java:750)
Caused by: java.util.concurrent.TimeoutException
	at java.util.concurrent.FutureTask.get(FutureTask.java:205)
	at org.apache.hadoop.ozone.container.common.states.datanode.RunningDatanodeState.lambda$execute$0(RunningDatanodeState.java:151)
	at java.util.concurrent.FutureTask.run(FutureTask.java:266)
	at java.util.concurrent.Executors$RunnableAdapter.call(Executors.java:511)
	at java.util.concurrent.FutureTask.run(FutureTask.java:266)
	at java.util.concurrent.ThreadPoolExecutor.runWorker(ThreadPoolExecutor.java:1149)
	at java.util.concurrent.ThreadPoolExecutor$Worker.run(ThreadPoolExecutor.java:624)
	... 1 more
2022-03-02 19:00:22,953 [EndpointStateMachine task thread for /127.0.0.1:38087 - 0 ] INFO  ipc.Client (Client.java:handleConnectionFailure(977)) - Retrying connect to server: localhost/127.0.0.1:38087. Already tried 8 time(s); retry policy is RetryUpToMaximumCountWithFixedSleep(maxRetries=15, sleepTime=1000 MILLISECONDS)
2022-03-02 19:00:22,970 [EndpointStateMachine task thread for /127.0.0.1:35087 - 0 ] INFO  ipc.Client (Client.java:handleConnectionFailure(977)) - Retrying connect to server: localhost/127.0.0.1:35087. Already tried 8 time(s); retry policy is RetryUpToMaximumCountWithFixedSleep(maxRetries=15, sleepTime=1000 MILLISECONDS)
2022-03-02 19:00:22,971 [EndpointStateMachine task thread for /127.0.0.1:45277 - 0 ] INFO  ipc.Client (Client.java:handleConnectionFailure(977)) - Retrying connect to server: localhost/127.0.0.1:45277. Already tried 8 time(s); retry policy is RetryUpToMaximumCountWithFixedSleep(maxRetries=15, sleepTime=1000 MILLISECONDS)
2022-03-02 19:00:23,480 [Datanode State Machine Daemon Thread] ERROR datanode.RunningDatanodeState (RunningDatanodeState.java:computeNextContainerState(201)) - Error in executing end point task.
java.util.concurrent.ExecutionException: java.util.concurrent.TimeoutException
	at java.util.concurrent.FutureTask.report(FutureTask.java:122)
	at java.util.concurrent.FutureTask.get(FutureTask.java:192)
	at org.apache.hadoop.ozone.container.common.states.datanode.RunningDatanodeState.computeNextContainerState(RunningDatanodeState.java:193)
	at org.apache.hadoop.ozone.container.common.states.datanode.RunningDatanodeState.await(RunningDatanodeState.java:233)
	at org.apache.hadoop.ozone.container.common.states.datanode.RunningDatanodeState.await(RunningDatanodeState.java:50)
	at org.apache.hadoop.ozone.container.common.statemachine.StateContext.execute(StateContext.java:658)
	at org.apache.hadoop.ozone.container.common.statemachine.DatanodeStateMachine.startStateMachineThread(DatanodeStateMachine.java:283)
	at org.apache.hadoop.ozone.container.common.statemachine.DatanodeStateMachine.lambda$startDaemon$0(DatanodeStateMachine.java:471)
	at java.lang.Thread.run(Thread.java:750)
Caused by: java.util.concurrent.TimeoutException
	at java.util.concurrent.FutureTask.get(FutureTask.java:205)
	at org.apache.hadoop.ozone.container.common.states.datanode.RunningDatanodeState.lambda$execute$0(RunningDatanodeState.java:151)
	at java.util.concurrent.FutureTask.run(FutureTask.java:266)
	at java.util.concurrent.Executors$RunnableAdapter.call(Executors.java:511)
	at java.util.concurrent.FutureTask.run(FutureTask.java:266)
	at java.util.concurrent.ThreadPoolExecutor.runWorker(ThreadPoolExecutor.java:1149)
	at java.util.concurrent.ThreadPoolExecutor$Worker.run(ThreadPoolExecutor.java:624)
	... 1 more
2022-03-02 19:00:23,954 [EndpointStateMachine task thread for /127.0.0.1:38087 - 0 ] INFO  ipc.Client (Client.java:handleConnectionFailure(977)) - Retrying connect to server: localhost/127.0.0.1:38087. Already tried 9 time(s); retry policy is RetryUpToMaximumCountWithFixedSleep(maxRetries=15, sleepTime=1000 MILLISECONDS)
2022-03-02 19:00:23,971 [EndpointStateMachine task thread for /127.0.0.1:35087 - 0 ] INFO  ipc.Client (Client.java:handleConnectionFailure(977)) - Retrying connect to server: localhost/127.0.0.1:35087. Already tried 9 time(s); retry policy is RetryUpToMaximumCountWithFixedSleep(maxRetries=15, sleepTime=1000 MILLISECONDS)
2022-03-02 19:00:23,971 [EndpointStateMachine task thread for /127.0.0.1:45277 - 0 ] INFO  ipc.Client (Client.java:handleConnectionFailure(977)) - Retrying connect to server: localhost/127.0.0.1:45277. Already tried 9 time(s); retry policy is RetryUpToMaximumCountWithFixedSleep(maxRetries=15, sleepTime=1000 MILLISECONDS)
2022-03-02 19:00:24,153 [Datanode State Machine Daemon Thread] ERROR datanode.RunningDatanodeState (RunningDatanodeState.java:computeNextContainerState(201)) - Error in executing end point task.
java.util.concurrent.ExecutionException: java.util.concurrent.TimeoutException
	at java.util.concurrent.FutureTask.report(FutureTask.java:122)
	at java.util.concurrent.FutureTask.get(FutureTask.java:192)
	at org.apache.hadoop.ozone.container.common.states.datanode.RunningDatanodeState.computeNextContainerState(RunningDatanodeState.java:193)
	at org.apache.hadoop.ozone.container.common.states.datanode.RunningDatanodeState.await(RunningDatanodeState.java:233)
	at org.apache.hadoop.ozone.container.common.states.datanode.RunningDatanodeState.await(RunningDatanodeState.java:50)
	at org.apache.hadoop.ozone.container.common.statemachine.StateContext.execute(StateContext.java:658)
	at org.apache.hadoop.ozone.container.common.statemachine.DatanodeStateMachine.startStateMachineThread(DatanodeStateMachine.java:283)
	at org.apache.hadoop.ozone.container.common.statemachine.DatanodeStateMachine.lambda$startDaemon$0(DatanodeStateMachine.java:471)
	at java.lang.Thread.run(Thread.java:750)
Caused by: java.util.concurrent.TimeoutException
	at java.util.concurrent.FutureTask.get(FutureTask.java:205)
	at org.apache.hadoop.ozone.container.common.states.datanode.RunningDatanodeState.lambda$execute$0(RunningDatanodeState.java:151)
	at java.util.concurrent.FutureTask.run(FutureTask.java:266)
	at java.util.concurrent.Executors$RunnableAdapter.call(Executors.java:511)
	at java.util.concurrent.FutureTask.run(FutureTask.java:266)
	at java.util.concurrent.ThreadPoolExecutor.runWorker(ThreadPoolExecutor.java:1149)
	at java.util.concurrent.ThreadPoolExecutor$Worker.run(ThreadPoolExecutor.java:624)
	... 1 more
2022-03-02 19:00:24,955 [EndpointStateMachine task thread for /127.0.0.1:38087 - 0 ] INFO  ipc.Client (Client.java:handleConnectionFailure(977)) - Retrying connect to server: localhost/127.0.0.1:38087. Already tried 10 time(s); retry policy is RetryUpToMaximumCountWithFixedSleep(maxRetries=15, sleepTime=1000 MILLISECONDS)
2022-03-02 19:00:24,971 [EndpointStateMachine task thread for /127.0.0.1:35087 - 0 ] INFO  ipc.Client (Client.java:handleConnectionFailure(977)) - Retrying connect to server: localhost/127.0.0.1:35087. Already tried 10 time(s); retry policy is RetryUpToMaximumCountWithFixedSleep(maxRetries=15, sleepTime=1000 MILLISECONDS)
2022-03-02 19:00:24,972 [EndpointStateMachine task thread for /127.0.0.1:45277 - 0 ] INFO  ipc.Client (Client.java:handleConnectionFailure(977)) - Retrying connect to server: localhost/127.0.0.1:45277. Already tried 10 time(s); retry policy is RetryUpToMaximumCountWithFixedSleep(maxRetries=15, sleepTime=1000 MILLISECONDS)
2022-03-02 19:00:25,176 [Datanode State Machine Daemon Thread] ERROR datanode.RunningDatanodeState (RunningDatanodeState.java:computeNextContainerState(201)) - Error in executing end point task.
java.util.concurrent.ExecutionException: java.util.concurrent.TimeoutException
	at java.util.concurrent.FutureTask.report(FutureTask.java:122)
	at java.util.concurrent.FutureTask.get(FutureTask.java:192)
	at org.apache.hadoop.ozone.container.common.states.datanode.RunningDatanodeState.computeNextContainerState(RunningDatanodeState.java:193)
	at org.apache.hadoop.ozone.container.common.states.datanode.RunningDatanodeState.await(RunningDatanodeState.java:233)
	at org.apache.hadoop.ozone.container.common.states.datanode.RunningDatanodeState.await(RunningDatanodeState.java:50)
	at org.apache.hadoop.ozone.container.common.statemachine.StateContext.execute(StateContext.java:658)
	at org.apache.hadoop.ozone.container.common.statemachine.DatanodeStateMachine.startStateMachineThread(DatanodeStateMachine.java:283)
	at org.apache.hadoop.ozone.container.common.statemachine.DatanodeStateMachine.lambda$startDaemon$0(DatanodeStateMachine.java:471)
	at java.lang.Thread.run(Thread.java:750)
Caused by: java.util.concurrent.TimeoutException
	at java.util.concurrent.FutureTask.get(FutureTask.java:205)
	at org.apache.hadoop.ozone.container.common.states.datanode.RunningDatanodeState.lambda$execute$0(RunningDatanodeState.java:151)
	at java.util.concurrent.FutureTask.run(FutureTask.java:266)
	at java.util.concurrent.Executors$RunnableAdapter.call(Executors.java:511)
	at java.util.concurrent.FutureTask.run(FutureTask.java:266)
	at java.util.concurrent.ThreadPoolExecutor.runWorker(ThreadPoolExecutor.java:1149)
	at java.util.concurrent.ThreadPoolExecutor$Worker.run(ThreadPoolExecutor.java:624)
	... 1 more
2022-03-02 19:00:25,955 [EndpointStateMachine task thread for /127.0.0.1:38087 - 0 ] INFO  ipc.Client (Client.java:handleConnectionFailure(977)) - Retrying connect to server: localhost/127.0.0.1:38087. Already tried 11 time(s); retry policy is RetryUpToMaximumCountWithFixedSleep(maxRetries=15, sleepTime=1000 MILLISECONDS)
2022-03-02 19:00:25,972 [EndpointStateMachine task thread for /127.0.0.1:35087 - 0 ] INFO  ipc.Client (Client.java:handleConnectionFailure(977)) - Retrying connect to server: localhost/127.0.0.1:35087. Already tried 11 time(s); retry policy is RetryUpToMaximumCountWithFixedSleep(maxRetries=15, sleepTime=1000 MILLISECONDS)
2022-03-02 19:00:25,972 [EndpointStateMachine task thread for /127.0.0.1:45277 - 0 ] INFO  ipc.Client (Client.java:handleConnectionFailure(977)) - Retrying connect to server: localhost/127.0.0.1:45277. Already tried 11 time(s); retry policy is RetryUpToMaximumCountWithFixedSleep(maxRetries=15, sleepTime=1000 MILLISECONDS)
2022-03-02 19:00:26,078 [f746044e-06a5-45c2-8175-96f1febdd987@group-9B8B311B51AF-LeaderStateImpl] INFO  server.RaftServer$Division (ServerState.java:setRaftConf(387)) - f746044e-06a5-45c2-8175-96f1febdd987@group-9B8B311B51AF: set configuration 25: [f746044e-06a5-45c2-8175-96f1febdd987|rpc:localhost:32791|admin:|client:|dataStream:|priority:0, 13153696-550a-4573-ab8b-f7fa9c2561e9|rpc:localhost:32899|priority:0, 3b6c5475-24e7-4d17-bb16-57441daa5342|rpc:localhost:41833|priority:0], old=[f746044e-06a5-45c2-8175-96f1febdd987|rpc:localhost:32791|admin:|client:|dataStream:|priority:0, 3b6c5475-24e7-4d17-bb16-57441daa5342|rpc:localhost:41833|priority:0]
2022-03-02 19:00:26,079 [grpc-default-executor-2] INFO  server.RaftServer$Division (ServerState.java:setRaftConf(387)) - 3b6c5475-24e7-4d17-bb16-57441daa5342@group-9B8B311B51AF: set configuration 25: [f746044e-06a5-45c2-8175-96f1febdd987|rpc:localhost:32791|admin:|client:|dataStream:|priority:0, 13153696-550a-4573-ab8b-f7fa9c2561e9|rpc:localhost:32899|admin:|client:|dataStream:|priority:0, 3b6c5475-24e7-4d17-bb16-57441daa5342|rpc:localhost:41833|admin:|client:|dataStream:|priority:0], old=[f746044e-06a5-45c2-8175-96f1febdd987|rpc:localhost:32791|admin:|client:|dataStream:|priority:0, 3b6c5475-24e7-4d17-bb16-57441daa5342|rpc:localhost:41833|admin:|client:|dataStream:|priority:0]
2022-03-02 19:00:26,086 [grpc-default-executor-2] INFO  server.RaftServer$Division (ServerState.java:setRaftConf(387)) - 13153696-550a-4573-ab8b-f7fa9c2561e9@group-9B8B311B51AF: set configuration 25: [f746044e-06a5-45c2-8175-96f1febdd987|rpc:localhost:32791|admin:|client:|dataStream:|priority:0, 13153696-550a-4573-ab8b-f7fa9c2561e9|rpc:localhost:32899|admin:|client:|dataStream:|priority:0, 3b6c5475-24e7-4d17-bb16-57441daa5342|rpc:localhost:41833|admin:|client:|dataStream:|priority:0], old=[f746044e-06a5-45c2-8175-96f1febdd987|rpc:localhost:32791|admin:|client:|dataStream:|priority:0, 3b6c5475-24e7-4d17-bb16-57441daa5342|rpc:localhost:41833|admin:|client:|dataStream:|priority:0]
2022-03-02 19:00:26,087 [grpc-default-executor-2] INFO  segmented.SegmentedRaftLogWorker (SegmentedRaftLogWorker.java:startLogSegment(394)) - 13153696-550a-4573-ab8b-f7fa9c2561e9@group-9B8B311B51AF-SegmentedRaftLogWorker: Starting segment from index:25
2022-03-02 19:00:26,093 [f746044e-06a5-45c2-8175-96f1febdd987@group-9B8B311B51AF-LeaderStateImpl] INFO  server.RaftServer$Division (ServerState.java:setRaftConf(387)) - f746044e-06a5-45c2-8175-96f1febdd987@group-9B8B311B51AF: set configuration 27: [f746044e-06a5-45c2-8175-96f1febdd987|rpc:localhost:32791|admin:|client:|dataStream:|priority:0, 13153696-550a-4573-ab8b-f7fa9c2561e9|rpc:localhost:32899|priority:0, 3b6c5475-24e7-4d17-bb16-57441daa5342|rpc:localhost:41833|priority:0], old=null
2022-03-02 19:00:26,094 [f746044e-06a5-45c2-8175-96f1febdd987@group-9B8B311B51AF-StateMachineUpdater] INFO  ha.SCMStateMachine (SCMStateMachine.java:takeSnapshot(297)) - Current Snapshot Index 25, takeSnapshot took 0 ms
2022-03-02 19:00:26,094 [f746044e-06a5-45c2-8175-96f1febdd987@group-9B8B311B51AF-StateMachineUpdater] INFO  impl.StateMachineUpdater (StateMachineUpdater.java:takeSnapshot(281)) - f746044e-06a5-45c2-8175-96f1febdd987@group-9B8B311B51AF-StateMachineUpdater: Took a snapshot at index 25
2022-03-02 19:00:26,094 [f746044e-06a5-45c2-8175-96f1febdd987@group-9B8B311B51AF-StateMachineUpdater] INFO  impl.StateMachineUpdater (StateMachineUpdater.java:lambda$new$0(89)) - f746044e-06a5-45c2-8175-96f1febdd987@group-9B8B311B51AF-StateMachineUpdater: snapshotIndex: updateIncreasingly 20 -> 25
2022-03-02 19:00:26,094 [f746044e-06a5-45c2-8175-96f1febdd987@group-9B8B311B51AF-StateMachineUpdater] INFO  raftlog.RaftLog (RaftLogBase.java:purge(306)) - f746044e-06a5-45c2-8175-96f1febdd987@group-9B8B311B51AF-SegmentedRaftLog: purge 25
2022-03-02 19:00:26,094 [f746044e-06a5-45c2-8175-96f1febdd987@group-9B8B311B51AF-StateMachineUpdater] INFO  raftlog.RaftLog (RaftLogBase.java:lambda$new$0(53)) - f746044e-06a5-45c2-8175-96f1febdd987@group-9B8B311B51AF-SegmentedRaftLog: snapshotIndex: updateIncreasingly 20 -> 25
2022-03-02 19:00:26,094 [f746044e-06a5-45c2-8175-96f1febdd987@group-9B8B311B51AF-StateMachineUpdater] INFO  raftlog.RaftLog (RaftLogBase.java:lambda$new$0(53)) - f746044e-06a5-45c2-8175-96f1febdd987@group-9B8B311B51AF-SegmentedRaftLog: purgeIndex: updateToMax old=20, new=25, updated? true
2022-03-02 19:00:26,095 [grpc-default-executor-2] INFO  server.RaftServer$Division (ServerState.java:setRaftConf(387)) - 13153696-550a-4573-ab8b-f7fa9c2561e9@group-9B8B311B51AF: set configuration 27: [f746044e-06a5-45c2-8175-96f1febdd987|rpc:localhost:32791|admin:|client:|dataStream:|priority:0, 13153696-550a-4573-ab8b-f7fa9c2561e9|rpc:localhost:32899|admin:|client:|dataStream:|priority:0, 3b6c5475-24e7-4d17-bb16-57441daa5342|rpc:localhost:41833|admin:|client:|dataStream:|priority:0], old=null
2022-03-02 19:00:26,098 [grpc-default-executor-2] INFO  server.RaftServer$Division (ServerState.java:setRaftConf(387)) - 3b6c5475-24e7-4d17-bb16-57441daa5342@group-9B8B311B51AF: set configuration 27: [f746044e-06a5-45c2-8175-96f1febdd987|rpc:localhost:32791|admin:|client:|dataStream:|priority:0, 13153696-550a-4573-ab8b-f7fa9c2561e9|rpc:localhost:32899|admin:|client:|dataStream:|priority:0, 3b6c5475-24e7-4d17-bb16-57441daa5342|rpc:localhost:41833|admin:|client:|dataStream:|priority:0], old=null
2022-03-02 19:00:26,098 [13153696-550a-4573-ab8b-f7fa9c2561e9@group-9B8B311B51AF-SegmentedRaftLogWorker] INFO  segmented.SegmentedRaftLogWorker (SegmentedRaftLogWorker.java:execute(601)) - 13153696-550a-4573-ab8b-f7fa9c2561e9@group-9B8B311B51AF-SegmentedRaftLogWorker: created new log segment /home/runner/work/ozone/ozone/hadoop-ozone/integration-test/target/test-dir/MiniOzoneClusterImpl-5ed764c8-eddb-4368-ac32-9b8b311b51af/scmNode-3/scm-ha/5ed764c8-eddb-4368-ac32-9b8b311b51af/current/log_inprogress_25
2022-03-02 19:00:26,107 [IPC Server handler 4 on default port 37613] INFO  ha.SCMRatisServerImpl (SCMRatisServerImpl.java:addSCM(303)) - Successfully added new SCM: 13153696-550a-4573-ab8b-f7fa9c2561e9.
2022-03-02 19:00:26,108 [Listener at 127.0.0.1/42139] INFO  ha.SCMHAManagerImpl (SCMHAManagerImpl.java:start(117)) - Successfully added SCM scmNode-3 to group group-9B8B311B51AF:[f746044e-06a5-45c2-8175-96f1febdd987|rpc:localhost:32791|admin:|client:|dataStream:|priority:0, 13153696-550a-4573-ab8b-f7fa9c2561e9|rpc:localhost:32899|admin:|client:|dataStream:|priority:0, 3b6c5475-24e7-4d17-bb16-57441daa5342|rpc:localhost:41833|admin:|client:|dataStream:|priority:0]
2022-03-02 19:00:26,108 [Listener at 127.0.0.1/42139] INFO  ha.InterSCMGrpcService (InterSCMGrpcProtocolService.java:start(94)) - Starting SCM Grpc Service at port 43699
2022-03-02 19:00:26,109 [Listener at 127.0.0.1/42139] INFO  impl.MetricsSystemImpl (MetricsSystemImpl.java:init(158)) - StorageContainerManager metrics system started (again)
2022-03-02 19:00:26,122 [13153696-550a-4573-ab8b-f7fa9c2561e9@group-9B8B311B51AF-StateMachineUpdater] INFO  safemode.HealthyPipelineSafeModeRule (HealthyPipelineSafeModeRule.java:initializeRule(152)) - Refreshed total pipeline count is 1, healthy pipeline threshold count is 1
2022-03-02 19:00:26,122 [13153696-550a-4573-ab8b-f7fa9c2561e9@group-9B8B311B51AF-StateMachineUpdater] INFO  safemode.ContainerSafeModeRule (ContainerSafeModeRule.java:reInitializeRule(177)) - Refreshed one replica container threshold 0, currentThreshold 0
2022-03-02 19:00:26,122 [13153696-550a-4573-ab8b-f7fa9c2561e9@group-9B8B311B51AF-StateMachineUpdater] INFO  safemode.OneReplicaPipelineSafeModeRule (OneReplicaPipelineSafeModeRule.java:initializeRule(176)) - Refreshed Total pipeline count is 1, pipeline's with at least one datanode reported threshold count is 1
2022-03-02 19:00:26,122 [13153696-550a-4573-ab8b-f7fa9c2561e9@group-9B8B311B51AF-StateMachineUpdater] INFO  server.SCMDatanodeProtocolServer (SCMDatanodeProtocolServer.java:start(181)) - ScmDatanodeProtocol RPC server for DataNodes is listening at /0.0.0.0:46849
2022-03-02 19:00:26,127 [aa697790-8875-4a1b-830b-e84d121175f0@group-C4B1A2EFFCB1-FollowerState] INFO  impl.FollowerState (FollowerState.java:run(134)) - aa697790-8875-4a1b-830b-e84d121175f0@group-C4B1A2EFFCB1-FollowerState: change to CANDIDATE, lastRpcElapsedTime:5040594253ns, electionTimeout:5021ms
2022-03-02 19:00:26,127 [aa697790-8875-4a1b-830b-e84d121175f0@group-C4B1A2EFFCB1-FollowerState] INFO  impl.RoleInfo (RoleInfo.java:shutdownFollowerState(108)) - aa697790-8875-4a1b-830b-e84d121175f0: shutdown aa697790-8875-4a1b-830b-e84d121175f0@group-C4B1A2EFFCB1-FollowerState
2022-03-02 19:00:26,127 [aa697790-8875-4a1b-830b-e84d121175f0@group-C4B1A2EFFCB1-FollowerState] INFO  server.RaftServer$Division (RaftServerImpl.java:setRole(290)) - aa697790-8875-4a1b-830b-e84d121175f0@group-C4B1A2EFFCB1: changes role from  FOLLOWER to CANDIDATE at term 1 for changeToCandidate
2022-03-02 19:00:26,127 [aa697790-8875-4a1b-830b-e84d121175f0@group-C4B1A2EFFCB1-FollowerState] INFO  server.RaftServerConfigKeys (ConfUtils.java:logGet(44)) - raft.server.leaderelection.pre-vote = false (custom)
2022-03-02 19:00:26,127 [aa697790-8875-4a1b-830b-e84d121175f0@group-C4B1A2EFFCB1-FollowerState] INFO  impl.RoleInfo (RoleInfo.java:updateAndGet(130)) - aa697790-8875-4a1b-830b-e84d121175f0: start aa697790-8875-4a1b-830b-e84d121175f0@group-C4B1A2EFFCB1-LeaderElection27
2022-03-02 19:00:26,131 [aa697790-8875-4a1b-830b-e84d121175f0@group-C4B1A2EFFCB1-LeaderElection27] INFO  impl.LeaderElection (LeaderElection.java:askForVotes(306)) - aa697790-8875-4a1b-830b-e84d121175f0@group-C4B1A2EFFCB1-LeaderElection27 ELECTION round 0: submit vote requests at term 2 for -1: [aa697790-8875-4a1b-830b-e84d121175f0|rpc:127.0.0.1:40725|priority:0, b53c45b1-3941-4685-95cb-36e9d2366fdc|rpc:127.0.0.1:36539|priority:1, a730aa12-8e10-43d5-9e4d-8226ddf6a853|rpc:127.0.0.1:34023|priority:0], old=null
2022-03-02 19:00:26,140 [grpc-default-executor-1] INFO  server.RaftServer$Division (RaftServerImpl.java:requestVote(1046)) - a730aa12-8e10-43d5-9e4d-8226ddf6a853@group-C4B1A2EFFCB1: receive requestVote(ELECTION, aa697790-8875-4a1b-830b-e84d121175f0, group-C4B1A2EFFCB1, 2, (t:0, i:0))
2022-03-02 19:00:26,140 [grpc-default-executor-1] INFO  impl.VoteContext (VoteContext.java:log(48)) - a730aa12-8e10-43d5-9e4d-8226ddf6a853@group-C4B1A2EFFCB1-FOLLOWER: accept ELECTION from aa697790-8875-4a1b-830b-e84d121175f0: our priority 0 <= candidate's priority 0
2022-03-02 19:00:26,140 [grpc-default-executor-1] INFO  server.RaftServer$Division (RaftServerImpl.java:setRole(290)) - a730aa12-8e10-43d5-9e4d-8226ddf6a853@group-C4B1A2EFFCB1: changes role from  FOLLOWER to FOLLOWER at term 2 for candidate:aa697790-8875-4a1b-830b-e84d121175f0
2022-03-02 19:00:26,140 [grpc-default-executor-1] INFO  impl.RoleInfo (RoleInfo.java:shutdownFollowerState(108)) - a730aa12-8e10-43d5-9e4d-8226ddf6a853: shutdown a730aa12-8e10-43d5-9e4d-8226ddf6a853@group-C4B1A2EFFCB1-FollowerState
2022-03-02 19:00:26,140 [a730aa12-8e10-43d5-9e4d-8226ddf6a853@group-C4B1A2EFFCB1-FollowerState] INFO  impl.FollowerState (FollowerState.java:run(143)) - a730aa12-8e10-43d5-9e4d-8226ddf6a853@group-C4B1A2EFFCB1-FollowerState was interrupted: {}
java.lang.InterruptedException: sleep interrupted
	at java.lang.Thread.sleep(Native Method)
	at java.lang.Thread.sleep(Thread.java:342)
	at java.util.concurrent.TimeUnit.sleep(TimeUnit.java:386)
	at org.apache.ratis.util.TimeDuration.sleep(TimeDuration.java:324)
	at org.apache.ratis.util.TimeDuration.sleep(TimeDuration.java:309)
	at org.apache.ratis.server.impl.FollowerState.run(FollowerState.java:118)
2022-03-02 19:00:26,141 [grpc-default-executor-2] INFO  server.RaftServer$Division (RaftServerImpl.java:requestVote(1046)) - b53c45b1-3941-4685-95cb-36e9d2366fdc@group-C4B1A2EFFCB1: receive requestVote(ELECTION, aa697790-8875-4a1b-830b-e84d121175f0, group-C4B1A2EFFCB1, 2, (t:0, i:0))
2022-03-02 19:00:26,140 [grpc-default-executor-1] INFO  impl.RoleInfo (RoleInfo.java:updateAndGet(130)) - a730aa12-8e10-43d5-9e4d-8226ddf6a853: start a730aa12-8e10-43d5-9e4d-8226ddf6a853@group-C4B1A2EFFCB1-FollowerState
2022-03-02 19:00:26,142 [IPC Server Responder] INFO  ipc.Server (Server.java:run(1507)) - IPC Server Responder: starting
2022-03-02 19:00:26,156 [grpc-default-executor-2] INFO  impl.VoteContext (VoteContext.java:log(48)) - b53c45b1-3941-4685-95cb-36e9d2366fdc@group-C4B1A2EFFCB1-FOLLOWER: reject ELECTION from aa697790-8875-4a1b-830b-e84d121175f0: our priority 1 > candidate's priority 0
2022-03-02 19:00:26,156 [grpc-default-executor-2] INFO  server.RaftServer$Division (RaftServerImpl.java:setRole(290)) - b53c45b1-3941-4685-95cb-36e9d2366fdc@group-C4B1A2EFFCB1: changes role from  FOLLOWER to FOLLOWER at term 2 for candidate:aa697790-8875-4a1b-830b-e84d121175f0
2022-03-02 19:00:26,156 [grpc-default-executor-2] INFO  impl.RoleInfo (RoleInfo.java:shutdownFollowerState(108)) - b53c45b1-3941-4685-95cb-36e9d2366fdc: shutdown b53c45b1-3941-4685-95cb-36e9d2366fdc@group-C4B1A2EFFCB1-FollowerState
2022-03-02 19:00:26,156 [grpc-default-executor-2] INFO  impl.RoleInfo (RoleInfo.java:updateAndGet(130)) - b53c45b1-3941-4685-95cb-36e9d2366fdc: start b53c45b1-3941-4685-95cb-36e9d2366fdc@group-C4B1A2EFFCB1-FollowerState
2022-03-02 19:00:26,156 [grpc-default-executor-1] INFO  server.RaftServer$Division (RaftServerImpl.java:requestVote(1078)) - a730aa12-8e10-43d5-9e4d-8226ddf6a853@group-C4B1A2EFFCB1 replies to ELECTION vote request: aa697790-8875-4a1b-830b-e84d121175f0<-a730aa12-8e10-43d5-9e4d-8226ddf6a853#0:OK-t2. Peer's state: a730aa12-8e10-43d5-9e4d-8226ddf6a853@group-C4B1A2EFFCB1:t2, leader=null, voted=aa697790-8875-4a1b-830b-e84d121175f0, raftlog=a730aa12-8e10-43d5-9e4d-8226ddf6a853@group-C4B1A2EFFCB1-SegmentedRaftLog:OPENED:c-1, conf=-1: [aa697790-8875-4a1b-830b-e84d121175f0|rpc:127.0.0.1:40725|priority:0, b53c45b1-3941-4685-95cb-36e9d2366fdc|rpc:127.0.0.1:36539|priority:1, a730aa12-8e10-43d5-9e4d-8226ddf6a853|rpc:127.0.0.1:34023|priority:0], old=null
2022-03-02 19:00:26,159 [grpc-default-executor-2] INFO  server.RaftServer$Division (RaftServerImpl.java:requestVote(1078)) - b53c45b1-3941-4685-95cb-36e9d2366fdc@group-C4B1A2EFFCB1 replies to ELECTION vote request: aa697790-8875-4a1b-830b-e84d121175f0<-b53c45b1-3941-4685-95cb-36e9d2366fdc#0:FAIL-t2. Peer's state: b53c45b1-3941-4685-95cb-36e9d2366fdc@group-C4B1A2EFFCB1:t2, leader=null, voted=null, raftlog=b53c45b1-3941-4685-95cb-36e9d2366fdc@group-C4B1A2EFFCB1-SegmentedRaftLog:OPENED:c-1, conf=-1: [aa697790-8875-4a1b-830b-e84d121175f0|rpc:127.0.0.1:40725|dataStream:|priority:0, b53c45b1-3941-4685-95cb-36e9d2366fdc|rpc:127.0.0.1:36539|dataStream:|priority:1, a730aa12-8e10-43d5-9e4d-8226ddf6a853|rpc:127.0.0.1:34023|dataStream:|priority:0], old=null
2022-03-02 19:00:26,160 [aa697790-8875-4a1b-830b-e84d121175f0@group-C4B1A2EFFCB1-LeaderElection27] INFO  impl.LeaderElection (LeaderElection.java:logAndReturn(89)) - aa697790-8875-4a1b-830b-e84d121175f0@group-C4B1A2EFFCB1-LeaderElection27: ELECTION REJECTED received 1 response(s) and 0 exception(s):
2022-03-02 19:00:26,160 [aa697790-8875-4a1b-830b-e84d121175f0@group-C4B1A2EFFCB1-LeaderElection27] INFO  impl.LeaderElection (LeaderElection.java:logAndReturn(93)) -   Response 0: aa697790-8875-4a1b-830b-e84d121175f0<-b53c45b1-3941-4685-95cb-36e9d2366fdc#0:FAIL-t2
2022-03-02 19:00:26,160 [aa697790-8875-4a1b-830b-e84d121175f0@group-C4B1A2EFFCB1-LeaderElection27] INFO  impl.LeaderElection (LeaderElection.java:askForVotes(308)) - aa697790-8875-4a1b-830b-e84d121175f0@group-C4B1A2EFFCB1-LeaderElection27 ELECTION round 0: result REJECTED
2022-03-02 19:00:26,160 [aa697790-8875-4a1b-830b-e84d121175f0@group-C4B1A2EFFCB1-LeaderElection27] INFO  server.RaftServer$Division (RaftServerImpl.java:setRole(290)) - aa697790-8875-4a1b-830b-e84d121175f0@group-C4B1A2EFFCB1: changes role from CANDIDATE to FOLLOWER at term 2 for REJECTED
2022-03-02 19:00:26,160 [aa697790-8875-4a1b-830b-e84d121175f0@group-C4B1A2EFFCB1-LeaderElection27] INFO  impl.RoleInfo (RoleInfo.java:shutdownLeaderElection(121)) - aa697790-8875-4a1b-830b-e84d121175f0: shutdown aa697790-8875-4a1b-830b-e84d121175f0@group-C4B1A2EFFCB1-LeaderElection27
2022-03-02 19:00:26,160 [aa697790-8875-4a1b-830b-e84d121175f0@group-C4B1A2EFFCB1-LeaderElection27] INFO  impl.RoleInfo (RoleInfo.java:updateAndGet(130)) - aa697790-8875-4a1b-830b-e84d121175f0: start aa697790-8875-4a1b-830b-e84d121175f0@group-C4B1A2EFFCB1-FollowerState
2022-03-02 19:00:26,160 [b53c45b1-3941-4685-95cb-36e9d2366fdc@group-C4B1A2EFFCB1-FollowerState] INFO  impl.FollowerState (FollowerState.java:run(134)) - b53c45b1-3941-4685-95cb-36e9d2366fdc@group-C4B1A2EFFCB1-FollowerState: change to CANDIDATE, lastRpcElapsedTime:5107834236ns, electionTimeout:5062ms
2022-03-02 19:00:26,160 [b53c45b1-3941-4685-95cb-36e9d2366fdc@group-C4B1A2EFFCB1-FollowerState] INFO  impl.RoleInfo (RoleInfo.java:shutdownFollowerState(108)) - b53c45b1-3941-4685-95cb-36e9d2366fdc: shutdown b53c45b1-3941-4685-95cb-36e9d2366fdc@group-C4B1A2EFFCB1-FollowerState
2022-03-02 19:00:26,170 [Listener at 127.0.0.1/42139] INFO  server.SCMClientProtocolServer (SCMClientProtocolServer.java:start(165)) - RPC server for Client  is listening at /0.0.0.0:46021
2022-03-02 19:00:26,170 [IPC Server Responder] INFO  ipc.Server (Server.java:run(1507)) - IPC Server Responder: starting
2022-03-02 19:00:26,171 [IPC Server listener on 46021] INFO  ipc.Server (Server.java:run(1344)) - IPC Server listener on 46021: starting
2022-03-02 19:00:26,172 [Listener at 127.0.0.1/42139] INFO  server.StorageContainerManager (StorageContainerManager.java:start(1345)) - ScmBlockLocationProtocol RPC server is listening at /0.0.0.0:36985
2022-03-02 19:00:26,173 [Listener at 127.0.0.1/42139] INFO  server.SCMBlockProtocolServer (SCMBlockProtocolServer.java:start(151)) - RPC server for Block Protocol is listening at /0.0.0.0:36985
2022-03-02 19:00:26,173 [IPC Server Responder] INFO  ipc.Server (Server.java:run(1507)) - IPC Server Responder: starting
2022-03-02 19:00:26,178 [IPC Server listener on 36985] INFO  ipc.Server (Server.java:run(1344)) - IPC Server listener on 36985: starting
2022-03-02 19:00:26,180 [Datanode State Machine Daemon Thread] ERROR datanode.RunningDatanodeState (RunningDatanodeState.java:computeNextContainerState(201)) - Error in executing end point task.
java.util.concurrent.ExecutionException: java.util.concurrent.TimeoutException
	at java.util.concurrent.FutureTask.report(FutureTask.java:122)
	at java.util.concurrent.FutureTask.get(FutureTask.java:192)
	at org.apache.hadoop.ozone.container.common.states.datanode.RunningDatanodeState.computeNextContainerState(RunningDatanodeState.java:193)
	at org.apache.hadoop.ozone.container.common.states.datanode.RunningDatanodeState.await(RunningDatanodeState.java:233)
	at org.apache.hadoop.ozone.container.common.states.datanode.RunningDatanodeState.await(RunningDatanodeState.java:50)
	at org.apache.hadoop.ozone.container.common.statemachine.StateContext.execute(StateContext.java:658)
	at org.apache.hadoop.ozone.container.common.statemachine.DatanodeStateMachine.startStateMachineThread(DatanodeStateMachine.java:283)
	at org.apache.hadoop.ozone.container.common.statemachine.DatanodeStateMachine.lambda$startDaemon$0(DatanodeStateMachine.java:471)
	at java.lang.Thread.run(Thread.java:750)
Caused by: java.util.concurrent.TimeoutException
	at java.util.concurrent.FutureTask.get(FutureTask.java:205)
	at org.apache.hadoop.ozone.container.common.states.datanode.RunningDatanodeState.lambda$execute$0(RunningDatanodeState.java:151)
	at java.util.concurrent.FutureTask.run(FutureTask.java:266)
	at java.util.concurrent.Executors$RunnableAdapter.call(Executors.java:511)
	at java.util.concurrent.FutureTask.run(FutureTask.java:266)
	at java.util.concurrent.ThreadPoolExecutor.runWorker(ThreadPoolExecutor.java:1149)
	at java.util.concurrent.ThreadPoolExecutor$Worker.run(ThreadPoolExecutor.java:624)
	... 1 more
2022-03-02 19:00:26,215 [IPC Server listener on 46849] INFO  ipc.Server (Server.java:run(1344)) - IPC Server listener on 46849: starting
2022-03-02 19:00:26,214 [org.apache.hadoop.util.JvmPauseMonitor$Monitor@35989ae2] INFO  util.JvmPauseMonitor (JvmPauseMonitor.java:run(188)) - Starting JVM pause monitor
2022-03-02 19:00:26,213 [b53c45b1-3941-4685-95cb-36e9d2366fdc@group-C4B1A2EFFCB1-FollowerState] INFO  server.RaftServer$Division (RaftServerImpl.java:setRole(290)) - b53c45b1-3941-4685-95cb-36e9d2366fdc@group-C4B1A2EFFCB1: changes role from  FOLLOWER to CANDIDATE at term 2 for changeToCandidate
2022-03-02 19:00:26,228 [b53c45b1-3941-4685-95cb-36e9d2366fdc@group-C4B1A2EFFCB1-FollowerState] INFO  server.RaftServerConfigKeys (ConfUtils.java:logGet(44)) - raft.server.leaderelection.pre-vote = false (custom)
2022-03-02 19:00:26,228 [b53c45b1-3941-4685-95cb-36e9d2366fdc@group-C4B1A2EFFCB1-FollowerState] INFO  impl.RoleInfo (RoleInfo.java:updateAndGet(130)) - b53c45b1-3941-4685-95cb-36e9d2366fdc: start b53c45b1-3941-4685-95cb-36e9d2366fdc@group-C4B1A2EFFCB1-LeaderElection28
2022-03-02 19:00:26,213 [Listener at 127.0.0.1/42139] INFO  http.BaseHttpServer (BaseHttpServer.java:newHttpServer2BuilderForOzone(209)) - Starting Web-server for scm at: http://0.0.0.0:41589
2022-03-02 19:00:26,229 [Listener at 127.0.0.1/42139] INFO  http.BaseHttpServer (BaseHttpServer.java:<init>(107)) - Hadoop Security Enabled: false Ozone Security Enabled: false Ozone HTTP Security Enabled: false 
2022-03-02 19:00:26,237 [Listener at 127.0.0.1/42139] INFO  server.AuthenticationFilter (AuthenticationFilter.java:constructSecretProvider(240)) - Unable to initialize FileSignerSecretProvider, falling back to use random secrets.
2022-03-02 19:00:26,254 [Listener at 127.0.0.1/42139] WARN  http.HttpRequestLog (HttpRequestLog.java:getRequestLog(103)) - Jetty request log can only be enabled using Log4j
2022-03-02 19:00:26,256 [Listener at 127.0.0.1/42139] INFO  http.HttpServer2 (HttpServer2.java:addGlobalFilter(1030)) - Added global filter 'safety' (class=org.apache.hadoop.hdds.server.http.HttpServer2$QuotingInputFilter)
2022-03-02 19:00:26,256 [Listener at 127.0.0.1/42139] INFO  http.HttpServer2 (HttpServer2.java:addFilter(1006)) - Added filter static_user_filter (class=org.apache.hadoop.http.lib.StaticUserWebFilter$StaticUserFilter) to context scm
2022-03-02 19:00:26,256 [Listener at 127.0.0.1/42139] INFO  http.HttpServer2 (HttpServer2.java:addFilter(1014)) - Added filter static_user_filter (class=org.apache.hadoop.http.lib.StaticUserWebFilter$StaticUserFilter) to context static
2022-03-02 19:00:26,256 [Listener at 127.0.0.1/42139] INFO  http.HttpServer2 (HttpServer2.java:addFilter(1014)) - Added filter static_user_filter (class=org.apache.hadoop.http.lib.StaticUserWebFilter$StaticUserFilter) to context logs
2022-03-02 19:00:26,257 [b53c45b1-3941-4685-95cb-36e9d2366fdc@group-C4B1A2EFFCB1-LeaderElection28] INFO  impl.LeaderElection (LeaderElection.java:askForVotes(306)) - b53c45b1-3941-4685-95cb-36e9d2366fdc@group-C4B1A2EFFCB1-LeaderElection28 ELECTION round 0: submit vote requests at term 3 for -1: [aa697790-8875-4a1b-830b-e84d121175f0|rpc:127.0.0.1:40725|dataStream:|priority:0, b53c45b1-3941-4685-95cb-36e9d2366fdc|rpc:127.0.0.1:36539|dataStream:|priority:1, a730aa12-8e10-43d5-9e4d-8226ddf6a853|rpc:127.0.0.1:34023|dataStream:|priority:0], old=null
2022-03-02 19:00:26,259 [Listener at 127.0.0.1/42139] INFO  http.HttpServer2 (HttpServer2.java:bindListener(1249)) - Jetty bound to port 41589
2022-03-02 19:00:26,259 [Listener at 127.0.0.1/42139] INFO  server.Server (Server.java:doStart(375)) - jetty-9.4.43.v20210629; built: 2021-06-30T11:07:22.254Z; git: 526006ecfa3af7f1a27ef3a288e2bef7ea9dd7e8; jvm 1.8.0_322-b06
2022-03-02 19:00:26,317 [Listener at 127.0.0.1/42139] INFO  server.session (DefaultSessionIdManager.java:doStart(334)) - DefaultSessionIdManager workerName=node0
2022-03-02 19:00:26,318 [Listener at 127.0.0.1/42139] INFO  server.session (DefaultSessionIdManager.java:doStart(339)) - No SessionScavenger set, using defaults
2022-03-02 19:00:26,318 [Listener at 127.0.0.1/42139] INFO  server.session (HouseKeeper.java:startScavenging(132)) - node0 Scavenging every 660000ms
2022-03-02 19:00:26,320 [Listener at 127.0.0.1/42139] INFO  handler.ContextHandler (ContextHandler.java:doStart(915)) - Started o.e.j.s.ServletContextHandler@64a0bd8f{logs,/logs,file:///home/runner/work/ozone/ozone/hadoop-ozone/integration-test/target/log,AVAILABLE}
2022-03-02 19:00:26,320 [Listener at 127.0.0.1/42139] INFO  handler.ContextHandler (ContextHandler.java:doStart(915)) - Started o.e.j.s.ServletContextHandler@1510b5ce{static,/static,file:///home/runner/work/ozone/ozone/hadoop-ozone/integration-test/target/test-classes/webapps/static,AVAILABLE}
2022-03-02 19:00:26,323 [Listener at 127.0.0.1/42139] INFO  handler.ContextHandler (ContextHandler.java:doStart(915)) - Started o.e.j.w.WebAppContext@36f6aff3{scm,/,file:///home/runner/work/ozone/ozone/hadoop-ozone/integration-test/target/test-classes/webapps/scm/,AVAILABLE}{file:/home/runner/work/ozone/ozone/hadoop-ozone/integration-test/target/test-classes/webapps/scm}
2022-03-02 19:00:26,325 [IPC Server handler 0 on default port 46849] INFO  ipc.Server (Server.java:run(1026)) - IPC Server handler 0 on default port 46849: skipped Call#306 Retry#0 org.apache.hadoop.ozone.protocol.StorageContainerDatanodeProtocol.submitRequest from 127.0.0.1:55578
2022-03-02 19:00:26,326 [IPC Server handler 1 on default port 46849] INFO  ipc.Server (Server.java:run(1026)) - IPC Server handler 1 on default port 46849: skipped Call#334 Retry#0 org.apache.hadoop.ozone.protocol.StorageContainerDatanodeProtocol.submitRequest from 127.0.0.1:55628
2022-03-02 19:00:26,326 [IPC Server handler 1 on default port 46849] INFO  ipc.Server (Server.java:run(1026)) - IPC Server handler 1 on default port 46849: skipped Call#310 Retry#0 org.apache.hadoop.ozone.protocol.StorageContainerDatanodeProtocol.submitRequest from 127.0.0.1:55578
2022-03-02 19:00:26,326 [IPC Server handler 1 on default port 46849] INFO  ipc.Server (Server.java:run(1026)) - IPC Server handler 1 on default port 46849: skipped Call#335 Retry#0 org.apache.hadoop.ozone.protocol.StorageContainerDatanodeProtocol.submitRequest from 127.0.0.1:55628
2022-03-02 19:00:26,326 [IPC Server handler 1 on default port 46849] INFO  ipc.Server (Server.java:run(1026)) - IPC Server handler 1 on default port 46849: skipped Call#378 Retry#0 org.apache.hadoop.ozone.protocol.StorageContainerDatanodeProtocol.submitRequest from 127.0.0.1:55680
2022-03-02 19:00:26,326 [IPC Server handler 3 on default port 46849] INFO  ipc.Server (Server.java:run(1026)) - IPC Server handler 3 on default port 46849: skipped Call#314 Retry#0 org.apache.hadoop.ozone.protocol.StorageContainerDatanodeProtocol.submitRequest from 127.0.0.1:55578
2022-03-02 19:00:26,326 [IPC Server handler 3 on default port 46849] INFO  ipc.Server (Server.java:run(1026)) - IPC Server handler 3 on default port 46849: skipped Call#336 Retry#0 org.apache.hadoop.ozone.protocol.StorageContainerDatanodeProtocol.submitRequest from 127.0.0.1:55628
2022-03-02 19:00:26,326 [IPC Server handler 3 on default port 46849] INFO  ipc.Server (Server.java:run(1026)) - IPC Server handler 3 on default port 46849: skipped Call#379 Retry#0 org.apache.hadoop.ozone.protocol.StorageContainerDatanodeProtocol.submitRequest from 127.0.0.1:55680
2022-03-02 19:00:26,326 [IPC Server handler 0 on default port 46849] INFO  ipc.Server (Server.java:run(1026)) - IPC Server handler 0 on default port 46849: skipped Call#377 Retry#0 org.apache.hadoop.ozone.protocol.StorageContainerDatanodeProtocol.submitRequest from 127.0.0.1:55680
2022-03-02 19:00:26,331 [Listener at 127.0.0.1/42139] INFO  server.AbstractConnector (AbstractConnector.java:doStart(331)) - Started ServerConnector@5b4eaf8b{HTTP/1.1, (http/1.1)}{0.0.0.0:41589}
2022-03-02 19:00:26,331 [Listener at 127.0.0.1/42139] INFO  server.Server (Server.java:doStart(415)) - Started @123114ms
2022-03-02 19:00:26,331 [Listener at 127.0.0.1/42139] WARN  impl.MetricsSystemImpl (MetricsSystemImpl.java:register(279)) - Sink prometheus already exists!
2022-03-02 19:00:26,332 [Listener at 127.0.0.1/42139] INFO  http.BaseHttpServer (BaseHttpServer.java:updateConnectorAddress(329)) - HTTP server of scm listening at http://0.0.0.0:41589
2022-03-02 19:00:26,333 [EndpointStateMachine task thread for /127.0.0.1:46849 - 0 ] INFO  ozoneimpl.OzoneContainer (OzoneContainer.java:start(331)) - Ignore. OzoneContainer already started.
2022-03-02 19:00:26,333 [EndpointStateMachine task thread for /127.0.0.1:46849 - 0 ] INFO  ozoneimpl.OzoneContainer (OzoneContainer.java:start(331)) - Ignore. OzoneContainer already started.
2022-03-02 19:00:26,333 [EndpointStateMachine task thread for /127.0.0.1:46849 - 0 ] INFO  ozoneimpl.OzoneContainer (OzoneContainer.java:start(331)) - Ignore. OzoneContainer already started.
2022-03-02 19:00:26,334 [Listener at 127.0.0.1/42139] INFO  safemode.SCMSafeModeManager (SCMSafeModeManager.java:exitSafeMode(248)) - SCM exiting safe mode.
2022-03-02 19:00:26,334 [Listener at 127.0.0.1/42139] WARN  events.EventQueue (EventQueue.java:fireEvent(194)) - No event handler registered for event TypedEvent{payloadType=SafeModeStatus, name='Safe mode status'}
2022-03-02 19:00:26,334 [Listener at 127.0.0.1/42139] INFO  ha.SCMContext (SCMContext.java:updateSafeModeStatus(211)) - Update SafeModeStatus from SafeModeStatus{safeModeStatus=true, preCheckPassed=false} to SafeModeStatus{safeModeStatus=false, preCheckPassed=true}.
2022-03-02 19:00:26,337 [grpc-default-executor-1] INFO  server.RaftServer$Division (RaftServerImpl.java:requestVote(1046)) - a730aa12-8e10-43d5-9e4d-8226ddf6a853@group-C4B1A2EFFCB1: receive requestVote(ELECTION, b53c45b1-3941-4685-95cb-36e9d2366fdc, group-C4B1A2EFFCB1, 3, (t:0, i:0))
2022-03-02 19:00:26,337 [grpc-default-executor-1] INFO  impl.VoteContext (VoteContext.java:log(48)) - a730aa12-8e10-43d5-9e4d-8226ddf6a853@group-C4B1A2EFFCB1-FOLLOWER: accept ELECTION from b53c45b1-3941-4685-95cb-36e9d2366fdc: our priority 0 <= candidate's priority 1
2022-03-02 19:00:26,337 [grpc-default-executor-1] INFO  server.RaftServer$Division (RaftServerImpl.java:setRole(290)) - a730aa12-8e10-43d5-9e4d-8226ddf6a853@group-C4B1A2EFFCB1: changes role from  FOLLOWER to FOLLOWER at term 3 for candidate:b53c45b1-3941-4685-95cb-36e9d2366fdc
2022-03-02 19:00:26,337 [grpc-default-executor-1] INFO  impl.RoleInfo (RoleInfo.java:shutdownFollowerState(108)) - a730aa12-8e10-43d5-9e4d-8226ddf6a853: shutdown a730aa12-8e10-43d5-9e4d-8226ddf6a853@group-C4B1A2EFFCB1-FollowerState
2022-03-02 19:00:26,338 [grpc-default-executor-1] INFO  impl.RoleInfo (RoleInfo.java:updateAndGet(130)) - a730aa12-8e10-43d5-9e4d-8226ddf6a853: start a730aa12-8e10-43d5-9e4d-8226ddf6a853@group-C4B1A2EFFCB1-FollowerState
2022-03-02 19:00:26,340 [a730aa12-8e10-43d5-9e4d-8226ddf6a853@group-C4B1A2EFFCB1-FollowerState] INFO  impl.FollowerState (FollowerState.java:run(143)) - a730aa12-8e10-43d5-9e4d-8226ddf6a853@group-C4B1A2EFFCB1-FollowerState was interrupted: {}
java.lang.InterruptedException: sleep interrupted
	at java.lang.Thread.sleep(Native Method)
	at java.lang.Thread.sleep(Thread.java:342)
	at java.util.concurrent.TimeUnit.sleep(TimeUnit.java:386)
	at org.apache.ratis.util.TimeDuration.sleep(TimeDuration.java:324)
	at org.apache.ratis.util.TimeDuration.sleep(TimeDuration.java:309)
	at org.apache.ratis.server.impl.FollowerState.run(FollowerState.java:118)
2022-03-02 19:00:26,351 [grpc-default-executor-2] INFO  server.RaftServer$Division (RaftServerImpl.java:requestVote(1046)) - aa697790-8875-4a1b-830b-e84d121175f0@group-C4B1A2EFFCB1: receive requestVote(ELECTION, b53c45b1-3941-4685-95cb-36e9d2366fdc, group-C4B1A2EFFCB1, 3, (t:0, i:0))
2022-03-02 19:00:26,352 [grpc-default-executor-2] INFO  impl.VoteContext (VoteContext.java:log(48)) - aa697790-8875-4a1b-830b-e84d121175f0@group-C4B1A2EFFCB1-FOLLOWER: accept ELECTION from b53c45b1-3941-4685-95cb-36e9d2366fdc: our priority 0 <= candidate's priority 1
2022-03-02 19:00:26,352 [grpc-default-executor-2] INFO  server.RaftServer$Division (RaftServerImpl.java:setRole(290)) - aa697790-8875-4a1b-830b-e84d121175f0@group-C4B1A2EFFCB1: changes role from  FOLLOWER to FOLLOWER at term 3 for candidate:b53c45b1-3941-4685-95cb-36e9d2366fdc
2022-03-02 19:00:26,352 [grpc-default-executor-2] INFO  impl.RoleInfo (RoleInfo.java:shutdownFollowerState(108)) - aa697790-8875-4a1b-830b-e84d121175f0: shutdown aa697790-8875-4a1b-830b-e84d121175f0@group-C4B1A2EFFCB1-FollowerState
2022-03-02 19:00:26,352 [aa697790-8875-4a1b-830b-e84d121175f0@group-C4B1A2EFFCB1-FollowerState] INFO  impl.FollowerState (FollowerState.java:run(143)) - aa697790-8875-4a1b-830b-e84d121175f0@group-C4B1A2EFFCB1-FollowerState was interrupted: {}
java.lang.InterruptedException: sleep interrupted
	at java.lang.Thread.sleep(Native Method)
	at java.lang.Thread.sleep(Thread.java:342)
	at java.util.concurrent.TimeUnit.sleep(TimeUnit.java:386)
	at org.apache.ratis.util.TimeDuration.sleep(TimeDuration.java:324)
	at org.apache.ratis.util.TimeDuration.sleep(TimeDuration.java:309)
	at org.apache.ratis.server.impl.FollowerState.run(FollowerState.java:118)
2022-03-02 19:00:26,352 [grpc-default-executor-2] INFO  impl.RoleInfo (RoleInfo.java:updateAndGet(130)) - aa697790-8875-4a1b-830b-e84d121175f0: start aa697790-8875-4a1b-830b-e84d121175f0@group-C4B1A2EFFCB1-FollowerState
2022-03-02 19:00:26,354 [Listener at 127.0.0.1/42139] INFO  db.RDBCheckpointManager (RDBCheckpointManager.java:createCheckpoint(86)) - Created checkpoint at /home/runner/work/ozone/ozone/hadoop-ozone/integration-test/target/test-dir/MiniOzoneClusterImpl-5ed764c8-eddb-4368-ac32-9b8b311b51af/scmNode-1/db.checkpoints/scm.db_checkpoint_1646247626334 in 20 milliseconds
2022-03-02 19:00:26,354 [grpc-default-executor-2] INFO  server.RaftServer$Division (RaftServerImpl.java:requestVote(1078)) - aa697790-8875-4a1b-830b-e84d121175f0@group-C4B1A2EFFCB1 replies to ELECTION vote request: b53c45b1-3941-4685-95cb-36e9d2366fdc<-aa697790-8875-4a1b-830b-e84d121175f0#0:OK-t3. Peer's state: aa697790-8875-4a1b-830b-e84d121175f0@group-C4B1A2EFFCB1:t3, leader=null, voted=b53c45b1-3941-4685-95cb-36e9d2366fdc, raftlog=aa697790-8875-4a1b-830b-e84d121175f0@group-C4B1A2EFFCB1-SegmentedRaftLog:OPENED:c-1, conf=-1: [aa697790-8875-4a1b-830b-e84d121175f0|rpc:127.0.0.1:40725|priority:0, b53c45b1-3941-4685-95cb-36e9d2366fdc|rpc:127.0.0.1:36539|priority:1, a730aa12-8e10-43d5-9e4d-8226ddf6a853|rpc:127.0.0.1:34023|priority:0], old=null
2022-03-02 19:00:26,360 [b53c45b1-3941-4685-95cb-36e9d2366fdc@group-C4B1A2EFFCB1-LeaderElection28] INFO  impl.LeaderElection (LeaderElection.java:logAndReturn(89)) - b53c45b1-3941-4685-95cb-36e9d2366fdc@group-C4B1A2EFFCB1-LeaderElection28: ELECTION PASSED received 1 response(s) and 0 exception(s):
2022-03-02 19:00:26,360 [b53c45b1-3941-4685-95cb-36e9d2366fdc@group-C4B1A2EFFCB1-LeaderElection28] INFO  impl.LeaderElection (LeaderElection.java:logAndReturn(93)) -   Response 0: b53c45b1-3941-4685-95cb-36e9d2366fdc<-aa697790-8875-4a1b-830b-e84d121175f0#0:OK-t3
2022-03-02 19:00:26,360 [b53c45b1-3941-4685-95cb-36e9d2366fdc@group-C4B1A2EFFCB1-LeaderElection28] INFO  impl.LeaderElection (LeaderElection.java:askForVotes(308)) - b53c45b1-3941-4685-95cb-36e9d2366fdc@group-C4B1A2EFFCB1-LeaderElection28 ELECTION round 0: result PASSED
2022-03-02 19:00:26,360 [b53c45b1-3941-4685-95cb-36e9d2366fdc@group-C4B1A2EFFCB1-LeaderElection28] INFO  impl.RoleInfo (RoleInfo.java:shutdownLeaderElection(121)) - b53c45b1-3941-4685-95cb-36e9d2366fdc: shutdown b53c45b1-3941-4685-95cb-36e9d2366fdc@group-C4B1A2EFFCB1-LeaderElection28
2022-03-02 19:00:26,360 [b53c45b1-3941-4685-95cb-36e9d2366fdc@group-C4B1A2EFFCB1-LeaderElection28] INFO  server.RaftServer$Division (RaftServerImpl.java:setRole(290)) - b53c45b1-3941-4685-95cb-36e9d2366fdc@group-C4B1A2EFFCB1: changes role from CANDIDATE to LEADER at term 3 for changeToLeader
2022-03-02 19:00:26,360 [b53c45b1-3941-4685-95cb-36e9d2366fdc@group-C4B1A2EFFCB1-LeaderElection28] INFO  ratis.XceiverServerRatis (XceiverServerRatis.java:handleLeaderChangedNotification(867)) - Leader change notification received for group: group-C4B1A2EFFCB1 with new leaderId: b53c45b1-3941-4685-95cb-36e9d2366fdc
2022-03-02 19:00:26,361 [b53c45b1-3941-4685-95cb-36e9d2366fdc@group-C4B1A2EFFCB1-LeaderElection28] INFO  server.RaftServer$Division (ServerState.java:setLeader(285)) - b53c45b1-3941-4685-95cb-36e9d2366fdc@group-C4B1A2EFFCB1: change Leader from null to b53c45b1-3941-4685-95cb-36e9d2366fdc at term 3 for becomeLeader, leader elected after 10250ms
2022-03-02 19:00:26,361 [b53c45b1-3941-4685-95cb-36e9d2366fdc@group-C4B1A2EFFCB1-LeaderElection28] INFO  server.RaftServerConfigKeys (ConfUtils.java:logGet(44)) - raft.server.staging.catchup.gap = 1000 (default)
2022-03-02 19:00:26,361 [b53c45b1-3941-4685-95cb-36e9d2366fdc@group-C4B1A2EFFCB1-LeaderElection28] INFO  server.RaftServerConfigKeys (ConfUtils.java:logGet(44)) - raft.server.write.element-limit = 1024 (custom)
2022-03-02 19:00:26,361 [b53c45b1-3941-4685-95cb-36e9d2366fdc@group-C4B1A2EFFCB1-LeaderElection28] INFO  server.RaftServerConfigKeys (ConfUtils.java:logGet(44)) - raft.server.write.byte-limit = 1024 M (=1073741824) (custom)
2022-03-02 19:00:26,361 [b53c45b1-3941-4685-95cb-36e9d2366fdc@group-C4B1A2EFFCB1-LeaderElection28] INFO  server.RaftServerConfigKeys (ConfUtils.java:logGet(44)) - raft.server.watch.timeout = 180s (custom)
2022-03-02 19:00:26,361 [b53c45b1-3941-4685-95cb-36e9d2366fdc@group-C4B1A2EFFCB1-LeaderElection28] INFO  server.RaftServerConfigKeys (ConfUtils.java:logGet(44)) - raft.server.watch.timeout.denomination = 1s (default)
2022-03-02 19:00:26,361 [b53c45b1-3941-4685-95cb-36e9d2366fdc@group-C4B1A2EFFCB1-LeaderElection28] INFO  server.RaftServerConfigKeys (ConfUtils.java:logGet(44)) - raft.server.watch.element-limit = 65536 (default)
2022-03-02 19:00:26,361 [b53c45b1-3941-4685-95cb-36e9d2366fdc@group-C4B1A2EFFCB1-LeaderElection28] INFO  server.RaftServerConfigKeys (ConfUtils.java:logGet(44)) - raft.server.write.element-limit = 1024 (custom)
2022-03-02 19:00:26,361 [b53c45b1-3941-4685-95cb-36e9d2366fdc@group-C4B1A2EFFCB1-LeaderElection28] INFO  server.RaftServerConfigKeys (ConfUtils.java:logGet(44)) - raft.server.write.follower.gap.ratio.max = -1.0 (default)
2022-03-02 19:00:26,362 [b53c45b1-3941-4685-95cb-36e9d2366fdc@group-C4B1A2EFFCB1-LeaderElection28] INFO  server.RaftServerConfigKeys (ConfUtils.java:logGet(44)) - raft.server.log.appender.snapshot.chunk.size.max = 16MB (=16777216) (default)
2022-03-02 19:00:26,362 [b53c45b1-3941-4685-95cb-36e9d2366fdc@group-C4B1A2EFFCB1-LeaderElection28] INFO  server.RaftServerConfigKeys (ConfUtils.java:logGet(44)) - raft.server.log.appender.buffer.byte-limit = 33554432 (custom)
2022-03-02 19:00:26,362 [b53c45b1-3941-4685-95cb-36e9d2366fdc@group-C4B1A2EFFCB1-LeaderElection28] INFO  server.RaftServerConfigKeys (ConfUtils.java:logGet(44)) - raft.server.log.appender.buffer.element-limit = 1 (custom)
2022-03-02 19:00:26,362 [b53c45b1-3941-4685-95cb-36e9d2366fdc@group-C4B1A2EFFCB1-LeaderElection28] INFO  grpc.GrpcConfigKeys (ConfUtils.java:logGet(44)) - raft.grpc.server.leader.outstanding.appends.max = 128 (default)
2022-03-02 19:00:26,362 [b53c45b1-3941-4685-95cb-36e9d2366fdc@group-C4B1A2EFFCB1-LeaderElection28] INFO  server.RaftServerConfigKeys (ConfUtils.java:logGet(44)) - raft.server.rpc.request.timeout = 60s (custom)
2022-03-02 19:00:26,362 [b53c45b1-3941-4685-95cb-36e9d2366fdc@group-C4B1A2EFFCB1-LeaderElection28] INFO  server.RaftServerConfigKeys (ConfUtils.java:logGet(44)) - raft.server.log.appender.install.snapshot.enabled = false (custom)
2022-03-02 19:00:26,363 [b53c45b1-3941-4685-95cb-36e9d2366fdc@group-C4B1A2EFFCB1-LeaderElection28] INFO  server.RaftServerConfigKeys (ConfUtils.java:logGet(44)) - raft.server.log.appender.snapshot.chunk.size.max = 16MB (=16777216) (default)
2022-03-02 19:00:26,363 [b53c45b1-3941-4685-95cb-36e9d2366fdc@group-C4B1A2EFFCB1-LeaderElection28] INFO  server.RaftServerConfigKeys (ConfUtils.java:logGet(44)) - raft.server.log.appender.buffer.byte-limit = 33554432 (custom)
2022-03-02 19:00:26,363 [b53c45b1-3941-4685-95cb-36e9d2366fdc@group-C4B1A2EFFCB1-LeaderElection28] INFO  server.RaftServerConfigKeys (ConfUtils.java:logGet(44)) - raft.server.log.appender.buffer.element-limit = 1 (custom)
2022-03-02 19:00:26,363 [b53c45b1-3941-4685-95cb-36e9d2366fdc@group-C4B1A2EFFCB1-LeaderElection28] INFO  grpc.GrpcConfigKeys (ConfUtils.java:logGet(44)) - raft.grpc.server.leader.outstanding.appends.max = 128 (default)
2022-03-02 19:00:26,363 [b53c45b1-3941-4685-95cb-36e9d2366fdc@group-C4B1A2EFFCB1-LeaderElection28] INFO  server.RaftServerConfigKeys (ConfUtils.java:logGet(44)) - raft.server.rpc.request.timeout = 60s (custom)
2022-03-02 19:00:26,363 [b53c45b1-3941-4685-95cb-36e9d2366fdc@group-C4B1A2EFFCB1-LeaderElection28] INFO  server.RaftServerConfigKeys (ConfUtils.java:logGet(44)) - raft.server.log.appender.install.snapshot.enabled = false (custom)
2022-03-02 19:00:26,363 [b53c45b1-3941-4685-95cb-36e9d2366fdc@group-C4B1A2EFFCB1-LeaderElection28] INFO  impl.RoleInfo (RoleInfo.java:updateAndGet(130)) - b53c45b1-3941-4685-95cb-36e9d2366fdc: start b53c45b1-3941-4685-95cb-36e9d2366fdc@group-C4B1A2EFFCB1-LeaderStateImpl
2022-03-02 19:00:26,364 [b53c45b1-3941-4685-95cb-36e9d2366fdc@group-C4B1A2EFFCB1-LeaderElection28] INFO  segmented.SegmentedRaftLogWorker (SegmentedRaftLogWorker.java:startLogSegment(394)) - b53c45b1-3941-4685-95cb-36e9d2366fdc@group-C4B1A2EFFCB1-SegmentedRaftLogWorker: Starting segment from index:0
2022-03-02 19:00:26,365 [b53c45b1-3941-4685-95cb-36e9d2366fdc@group-C4B1A2EFFCB1-SegmentedRaftLogWorker] INFO  segmented.SegmentedRaftLogWorker (SegmentedRaftLogWorker.java:execute(601)) - b53c45b1-3941-4685-95cb-36e9d2366fdc@group-C4B1A2EFFCB1-SegmentedRaftLogWorker: created new log segment /home/runner/work/ozone/ozone/hadoop-ozone/integration-test/target/test-dir/MiniOzoneClusterImpl-5ed764c8-eddb-4368-ac32-9b8b311b51af/datanode-2/data/ratis/bff1bd11-539b-4edf-98de-c4b1a2effcb1/current/log_inprogress_0
2022-03-02 19:00:26,366 [EventQueue-PipelineReportForPipelineReportHandler] INFO  pipeline.PipelineManagerImpl (PipelineManagerImpl.java:openPipeline(291)) - Pipeline Pipeline[ Id: bff1bd11-539b-4edf-98de-c4b1a2effcb1, Nodes: aa697790-8875-4a1b-830b-e84d121175f0{ip: 127.0.0.1, host: localhost, ports: [REPLICATION=33043, RATIS=40725, RATIS_ADMIN=40725, RATIS_SERVER=40725, STANDALONE=38453], networkLocation: /default-rack, certSerialId: null, persistedOpState: IN_SERVICE, persistedOpStateExpiryEpochSec: 0}a730aa12-8e10-43d5-9e4d-8226ddf6a853{ip: 127.0.0.1, host: localhost, ports: [REPLICATION=33055, RATIS=34023, RATIS_ADMIN=34023, RATIS_SERVER=34023, STANDALONE=40333], networkLocation: /default-rack, certSerialId: null, persistedOpState: IN_SERVICE, persistedOpStateExpiryEpochSec: 0}b53c45b1-3941-4685-95cb-36e9d2366fdc{ip: 127.0.0.1, host: localhost, ports: [REPLICATION=43561, RATIS=36539, RATIS_ADMIN=36539, RATIS_SERVER=36539, STANDALONE=36361], networkLocation: /default-rack, certSerialId: null, persistedOpState: IN_SERVICE, persistedOpStateExpiryEpochSec: 0}, ReplicationConfig: RATIS/THREE, State:ALLOCATED, leaderId:b53c45b1-3941-4685-95cb-36e9d2366fdc, CreationTimestamp2022-03-02T19:00:13.299Z[Etc/UTC]] moved to OPEN state
2022-03-02 19:00:26,367 [EventQueue-PipelineReportForPipelineReportHandler] INFO  pipeline.PipelineManagerImpl (PipelineManagerImpl.java:openPipeline(291)) - Pipeline Pipeline[ Id: bff1bd11-539b-4edf-98de-c4b1a2effcb1, Nodes: aa697790-8875-4a1b-830b-e84d121175f0{ip: 127.0.0.1, host: localhost, ports: [REPLICATION=33043, RATIS=40725, RATIS_ADMIN=40725, RATIS_SERVER=40725, STANDALONE=38453], networkLocation: /default-rack, certSerialId: null, persistedOpState: IN_SERVICE, persistedOpStateExpiryEpochSec: 0}a730aa12-8e10-43d5-9e4d-8226ddf6a853{ip: 127.0.0.1, host: localhost, ports: [REPLICATION=33055, RATIS=34023, RATIS_ADMIN=34023, RATIS_SERVER=34023, STANDALONE=40333], networkLocation: /default-rack, certSerialId: null, persistedOpState: IN_SERVICE, persistedOpStateExpiryEpochSec: 0}b53c45b1-3941-4685-95cb-36e9d2366fdc{ip: 127.0.0.1, host: localhost, ports: [REPLICATION=43561, RATIS=36539, RATIS_ADMIN=36539, RATIS_SERVER=36539, STANDALONE=36361], networkLocation: /default-rack, certSerialId: null, persistedOpState: IN_SERVICE, persistedOpStateExpiryEpochSec: 0}, ReplicationConfig: RATIS/THREE, State:ALLOCATED, leaderId:b53c45b1-3941-4685-95cb-36e9d2366fdc, CreationTimestamp2022-03-02T19:00:13.299Z[Etc/UTC]] moved to OPEN state
2022-03-02 19:00:26,388 [grpc-default-executor-1] INFO  server.RaftServer$Division (RaftServerImpl.java:requestVote(1078)) - a730aa12-8e10-43d5-9e4d-8226ddf6a853@group-C4B1A2EFFCB1 replies to ELECTION vote request: b53c45b1-3941-4685-95cb-36e9d2366fdc<-a730aa12-8e10-43d5-9e4d-8226ddf6a853#0:OK-t3. Peer's state: a730aa12-8e10-43d5-9e4d-8226ddf6a853@group-C4B1A2EFFCB1:t3, leader=null, voted=b53c45b1-3941-4685-95cb-36e9d2366fdc, raftlog=a730aa12-8e10-43d5-9e4d-8226ddf6a853@group-C4B1A2EFFCB1-SegmentedRaftLog:OPENED:c-1, conf=-1: [aa697790-8875-4a1b-830b-e84d121175f0|rpc:127.0.0.1:40725|priority:0, b53c45b1-3941-4685-95cb-36e9d2366fdc|rpc:127.0.0.1:36539|priority:1, a730aa12-8e10-43d5-9e4d-8226ddf6a853|rpc:127.0.0.1:34023|priority:0], old=null
2022-03-02 19:00:26,401 [b53c45b1-3941-4685-95cb-36e9d2366fdc@group-C4B1A2EFFCB1-LeaderElection28] INFO  server.RaftServer$Division (ServerState.java:setRaftConf(387)) - b53c45b1-3941-4685-95cb-36e9d2366fdc@group-C4B1A2EFFCB1: set configuration 0: [aa697790-8875-4a1b-830b-e84d121175f0|rpc:127.0.0.1:40725|dataStream:|priority:0, b53c45b1-3941-4685-95cb-36e9d2366fdc|rpc:127.0.0.1:36539|dataStream:|priority:1, a730aa12-8e10-43d5-9e4d-8226ddf6a853|rpc:127.0.0.1:34023|dataStream:|priority:0], old=null
2022-03-02 19:00:26,405 [13153696-550a-4573-ab8b-f7fa9c2561e9@group-9B8B311B51AF-StateMachineUpdater] ERROR impl.StateMachineUpdater (StateMachineUpdater.java:run(191)) - 13153696-550a-4573-ab8b-f7fa9c2561e9@group-9B8B311B51AF-StateMachineUpdater caught a Throwable.
java.lang.IllegalStateException: 13153696-550a-4573-ab8b-f7fa9c2561e9: Failed updateLastAppliedTermIndex: newTI = (t:2, i:28) < oldTI = (t:2, i:128)
	at org.apache.ratis.util.Preconditions.assertTrue(Preconditions.java:72)
	at org.apache.ratis.statemachine.impl.BaseStateMachine.updateLastAppliedTermIndex(BaseStateMachine.java:142)
	at org.apache.hadoop.hdds.scm.ha.SCMStateMachine.notifyTermIndexUpdated(SCMStateMachine.java:310)
	at org.apache.ratis.server.impl.RaftServerImpl.applyLogToStateMachine(RaftServerImpl.java:1701)
	at org.apache.ratis.server.impl.StateMachineUpdater.applyLog(StateMachineUpdater.java:234)
	at org.apache.ratis.server.impl.StateMachineUpdater.run(StateMachineUpdater.java:179)
	at java.lang.Thread.run(Thread.java:750)
2022-03-02 19:00:26,405 [13153696-550a-4573-ab8b-f7fa9c2561e9@group-9B8B311B51AF-StateMachineUpdater] INFO  server.RaftServer$Division (RaftServerImpl.java:lambda$close$4(412)) - 13153696-550a-4573-ab8b-f7fa9c2561e9@group-9B8B311B51AF: shutdown
2022-03-02 19:00:26,406 [IPC Server handler 12 on default port 46849] INFO  net.NetworkTopologyImpl (NetworkTopologyImpl.java:add(112)) - Added a new node: /default-rack/b53c45b1-3941-4685-95cb-36e9d2366fdc
2022-03-02 19:00:26,406 [IPC Server handler 12 on default port 46849] INFO  node.SCMNodeManager (SCMNodeManager.java:register(389)) - Registered Data node : b53c45b1-3941-4685-95cb-36e9d2366fdc{ip: 127.0.0.1, host: localhost, ports: [REPLICATION=43561, RATIS=36539, RATIS_ADMIN=36539, RATIS_SERVER=36539, STANDALONE=36361], networkLocation: /default-rack, certSerialId: null, persistedOpState: null, persistedOpStateExpiryEpochSec: 0}
2022-03-02 19:00:26,419 [13153696-550a-4573-ab8b-f7fa9c2561e9@group-9B8B311B51AF-StateMachineUpdater] INFO  util.JmxRegister (JmxRegister.java:unregister(73)) - Successfully un-registered JMX Bean with object name Ratis:service=RaftServer,group=group-9B8B311B51AF,id=13153696-550a-4573-ab8b-f7fa9c2561e9
2022-03-02 19:00:26,419 [13153696-550a-4573-ab8b-f7fa9c2561e9@group-9B8B311B51AF-StateMachineUpdater] INFO  impl.RoleInfo (RoleInfo.java:shutdownFollowerState(108)) - 13153696-550a-4573-ab8b-f7fa9c2561e9: shutdown 13153696-550a-4573-ab8b-f7fa9c2561e9@group-9B8B311B51AF-FollowerState
2022-03-02 19:00:26,419 [13153696-550a-4573-ab8b-f7fa9c2561e9@group-9B8B311B51AF-FollowerState] INFO  impl.FollowerState (FollowerState.java:run(143)) - 13153696-550a-4573-ab8b-f7fa9c2561e9@group-9B8B311B51AF-FollowerState was interrupted: {}
java.lang.InterruptedException: sleep interrupted
	at java.lang.Thread.sleep(Native Method)
	at java.lang.Thread.sleep(Thread.java:342)
	at java.util.concurrent.TimeUnit.sleep(TimeUnit.java:386)
	at org.apache.ratis.util.TimeDuration.sleep(TimeDuration.java:324)
	at org.apache.ratis.util.TimeDuration.sleep(TimeDuration.java:309)
	at org.apache.ratis.server.impl.FollowerState.run(FollowerState.java:118)
2022-03-02 19:00:26,421 [grpc-default-executor-3] INFO  ratis.XceiverServerRatis (XceiverServerRatis.java:handleLeaderChangedNotification(867)) - Leader change notification received for group: group-C4B1A2EFFCB1 with new leaderId: b53c45b1-3941-4685-95cb-36e9d2366fdc
2022-03-02 19:00:26,421 [grpc-default-executor-3] INFO  server.RaftServer$Division (ServerState.java:setLeader(285)) - aa697790-8875-4a1b-830b-e84d121175f0@group-C4B1A2EFFCB1: change Leader from null to b53c45b1-3941-4685-95cb-36e9d2366fdc at term 3 for appendEntries, leader elected after 10518ms
2022-03-02 19:00:26,423 [13153696-550a-4573-ab8b-f7fa9c2561e9@group-9B8B311B51AF-StateMachineUpdater] INFO  server.RaftServer$Division (ServerState.java:close(419)) - 13153696-550a-4573-ab8b-f7fa9c2561e9@group-9B8B311B51AF: closes. applyIndex: 28
2022-03-02 19:00:26,423 [13153696-550a-4573-ab8b-f7fa9c2561e9@group-9B8B311B51AF-SegmentedRaftLogWorker] INFO  segmented.SegmentedRaftLogWorker (SegmentedRaftLogWorker.java:run(327)) - 13153696-550a-4573-ab8b-f7fa9c2561e9@group-9B8B311B51AF-SegmentedRaftLogWorker was interrupted, exiting. There are 0 tasks remaining in the queue.
2022-03-02 19:00:26,431 [3b6c5475-24e7-4d17-bb16-57441daa5342@group-9B8B311B51AF-StateMachineUpdater] INFO  ha.SCMStateMachine (SCMStateMachine.java:takeSnapshot(297)) - Current Snapshot Index 28, takeSnapshot took 0 ms
2022-03-02 19:00:26,431 [3b6c5475-24e7-4d17-bb16-57441daa5342@group-9B8B311B51AF-StateMachineUpdater] INFO  impl.StateMachineUpdater (StateMachineUpdater.java:takeSnapshot(281)) - 3b6c5475-24e7-4d17-bb16-57441daa5342@group-9B8B311B51AF-StateMachineUpdater: Took a snapshot at index 28
2022-03-02 19:00:26,431 [3b6c5475-24e7-4d17-bb16-57441daa5342@group-9B8B311B51AF-StateMachineUpdater] INFO  impl.StateMachineUpdater (StateMachineUpdater.java:lambda$new$0(89)) - 3b6c5475-24e7-4d17-bb16-57441daa5342@group-9B8B311B51AF-StateMachineUpdater: snapshotIndex: updateIncreasingly 23 -> 28
2022-03-02 19:00:26,431 [3b6c5475-24e7-4d17-bb16-57441daa5342@group-9B8B311B51AF-StateMachineUpdater] INFO  raftlog.RaftLog (RaftLogBase.java:purge(306)) - 3b6c5475-24e7-4d17-bb16-57441daa5342@group-9B8B311B51AF-SegmentedRaftLog: purge 28
2022-03-02 19:00:26,431 [3b6c5475-24e7-4d17-bb16-57441daa5342@group-9B8B311B51AF-StateMachineUpdater] INFO  raftlog.RaftLog (RaftLogBase.java:lambda$new$0(53)) - 3b6c5475-24e7-4d17-bb16-57441daa5342@group-9B8B311B51AF-SegmentedRaftLog: snapshotIndex: updateIncreasingly 23 -> 28
2022-03-02 19:00:26,431 [3b6c5475-24e7-4d17-bb16-57441daa5342@group-9B8B311B51AF-StateMachineUpdater] INFO  raftlog.RaftLog (RaftLogBase.java:lambda$new$0(53)) - 3b6c5475-24e7-4d17-bb16-57441daa5342@group-9B8B311B51AF-SegmentedRaftLog: purgeIndex: updateToMax old=23, new=28, updated? true
2022-03-02 19:00:26,445 [EventQueue-NewNodeForNewNodeHandler] INFO  pipeline.BackgroundPipelineCreator (BackgroundPipelineCreator.java:notifyEventTriggered(279)) - ignore, not leader SCM.
2022-03-02 19:00:26,445 [13153696-550a-4573-ab8b-f7fa9c2561e9@group-9B8B311B51AF-StateMachineUpdater] INFO  segmented.SegmentedRaftLogWorker (SegmentedRaftLogWorker.java:close(237)) - 13153696-550a-4573-ab8b-f7fa9c2561e9@group-9B8B311B51AF-SegmentedRaftLogWorker close()
2022-03-02 19:00:26,457 [grpc-default-executor-0] INFO  server.RaftServer$Division (ServerState.java:setRaftConf(387)) - aa697790-8875-4a1b-830b-e84d121175f0@group-C4B1A2EFFCB1: set configuration 0: [aa697790-8875-4a1b-830b-e84d121175f0|rpc:127.0.0.1:40725|dataStream:|priority:0, b53c45b1-3941-4685-95cb-36e9d2366fdc|rpc:127.0.0.1:36539|dataStream:|priority:1, a730aa12-8e10-43d5-9e4d-8226ddf6a853|rpc:127.0.0.1:34023|dataStream:|priority:0], old=null
2022-03-02 19:00:26,458 [grpc-default-executor-0] INFO  segmented.SegmentedRaftLogWorker (SegmentedRaftLogWorker.java:startLogSegment(394)) - aa697790-8875-4a1b-830b-e84d121175f0@group-C4B1A2EFFCB1-SegmentedRaftLogWorker: Starting segment from index:0
2022-03-02 19:00:26,461 [aa697790-8875-4a1b-830b-e84d121175f0@group-C4B1A2EFFCB1-SegmentedRaftLogWorker] INFO  segmented.SegmentedRaftLogWorker (SegmentedRaftLogWorker.java:execute(601)) - aa697790-8875-4a1b-830b-e84d121175f0@group-C4B1A2EFFCB1-SegmentedRaftLogWorker: created new log segment /home/runner/work/ozone/ozone/hadoop-ozone/integration-test/target/test-dir/MiniOzoneClusterImpl-5ed764c8-eddb-4368-ac32-9b8b311b51af/datanode-0/data/ratis/bff1bd11-539b-4edf-98de-c4b1a2effcb1/current/log_inprogress_0
2022-03-02 19:00:26,470 [grpc-default-executor-3] INFO  ratis.XceiverServerRatis (XceiverServerRatis.java:handleLeaderChangedNotification(867)) - Leader change notification received for group: group-C4B1A2EFFCB1 with new leaderId: b53c45b1-3941-4685-95cb-36e9d2366fdc
2022-03-02 19:00:26,470 [grpc-default-executor-3] INFO  server.RaftServer$Division (ServerState.java:setLeader(285)) - a730aa12-8e10-43d5-9e4d-8226ddf6a853@group-C4B1A2EFFCB1: change Leader from null to b53c45b1-3941-4685-95cb-36e9d2366fdc at term 3 for appendEntries, leader elected after 10492ms
2022-03-02 19:00:26,488 [f746044e-06a5-45c2-8175-96f1febdd987@group-9B8B311B51AF-StateMachineUpdater] INFO  ha.SCMStateMachine (SCMStateMachine.java:takeSnapshot(297)) - Current Snapshot Index 30, takeSnapshot took 0 ms
2022-03-02 19:00:26,488 [f746044e-06a5-45c2-8175-96f1febdd987@group-9B8B311B51AF-StateMachineUpdater] INFO  impl.StateMachineUpdater (StateMachineUpdater.java:takeSnapshot(281)) - f746044e-06a5-45c2-8175-96f1febdd987@group-9B8B311B51AF-StateMachineUpdater: Took a snapshot at index 30
2022-03-02 19:00:26,488 [f746044e-06a5-45c2-8175-96f1febdd987@group-9B8B311B51AF-StateMachineUpdater] INFO  impl.StateMachineUpdater (StateMachineUpdater.java:lambda$new$0(89)) - f746044e-06a5-45c2-8175-96f1febdd987@group-9B8B311B51AF-StateMachineUpdater: snapshotIndex: updateIncreasingly 25 -> 30
2022-03-02 19:00:26,488 [f746044e-06a5-45c2-8175-96f1febdd987@group-9B8B311B51AF-StateMachineUpdater] INFO  raftlog.RaftLog (RaftLogBase.java:purge(306)) - f746044e-06a5-45c2-8175-96f1febdd987@group-9B8B311B51AF-SegmentedRaftLog: purge 30
2022-03-02 19:00:26,488 [f746044e-06a5-45c2-8175-96f1febdd987@group-9B8B311B51AF-StateMachineUpdater] INFO  raftlog.RaftLog (RaftLogBase.java:lambda$new$0(53)) - f746044e-06a5-45c2-8175-96f1febdd987@group-9B8B311B51AF-SegmentedRaftLog: snapshotIndex: updateIncreasingly 25 -> 30
2022-03-02 19:00:26,488 [f746044e-06a5-45c2-8175-96f1febdd987@group-9B8B311B51AF-StateMachineUpdater] INFO  raftlog.RaftLog (RaftLogBase.java:lambda$new$0(53)) - f746044e-06a5-45c2-8175-96f1febdd987@group-9B8B311B51AF-SegmentedRaftLog: purgeIndex: updateToMax old=25, new=30, updated? true
2022-03-02 19:00:26,494 [grpc-default-executor-3] INFO  server.RaftServer$Division (ServerState.java:setRaftConf(387)) - a730aa12-8e10-43d5-9e4d-8226ddf6a853@group-C4B1A2EFFCB1: set configuration 0: [aa697790-8875-4a1b-830b-e84d121175f0|rpc:127.0.0.1:40725|dataStream:|priority:0, b53c45b1-3941-4685-95cb-36e9d2366fdc|rpc:127.0.0.1:36539|dataStream:|priority:1, a730aa12-8e10-43d5-9e4d-8226ddf6a853|rpc:127.0.0.1:34023|dataStream:|priority:0], old=null
2022-03-02 19:00:26,495 [grpc-default-executor-3] INFO  segmented.SegmentedRaftLogWorker (SegmentedRaftLogWorker.java:startLogSegment(394)) - a730aa12-8e10-43d5-9e4d-8226ddf6a853@group-C4B1A2EFFCB1-SegmentedRaftLogWorker: Starting segment from index:0
2022-03-02 19:00:26,497 [a730aa12-8e10-43d5-9e4d-8226ddf6a853@group-C4B1A2EFFCB1-SegmentedRaftLogWorker] INFO  segmented.SegmentedRaftLogWorker (SegmentedRaftLogWorker.java:execute(601)) - a730aa12-8e10-43d5-9e4d-8226ddf6a853@group-C4B1A2EFFCB1-SegmentedRaftLogWorker: created new log segment /home/runner/work/ozone/ozone/hadoop-ozone/integration-test/target/test-dir/MiniOzoneClusterImpl-5ed764c8-eddb-4368-ac32-9b8b311b51af/datanode-1/data/ratis/bff1bd11-539b-4edf-98de-c4b1a2effcb1/current/log_inprogress_0
2022-03-02 19:00:26,522 [Listener at 127.0.0.1/42139] INFO  ha.SCMHAManagerImpl (SCMHAManagerImpl.java:installCheckpoint(228)) - Installing checkpoint with SCMTransactionInfo 2#25
2022-03-02 19:00:26,522 [Listener at 127.0.0.1/42139] WARN  ha.SCMHAManagerImpl (SCMHAManagerImpl.java:installCheckpoint(241)) - Cannot proceed with InstallSnapshot as SCM is at TermIndex (t:2, i:28) and checkpoint has lower TermIndex (t:2, i:25). Reloading old state of SCM.
2022-03-02 19:00:26,528 [Listener at 127.0.0.1/42139] INFO  ozone.MiniOzoneClusterImpl (MiniOzoneClusterImpl.java:shutdown(449)) - Shutting down the Mini Ozone Cluster
2022-03-02 19:00:26,529 [Listener at 127.0.0.1/42139] INFO  ozone.MiniOzoneHAClusterImpl (MiniOzoneHAClusterImpl.java:stop(308)) - Stopping the OzoneManager omNode-1
2022-03-02 19:00:26,529 [Listener at 127.0.0.1/42139] INFO  om.OzoneManager (OzoneManager.java:stop(1893)) - omNode-1[localhost:42139]: Stopping Ozone Manager
2022-03-02 19:00:26,530 [Listener at 127.0.0.1/42139] INFO  ipc.Server (Server.java:stop(3414)) - Stopping server on 42139
2022-03-02 19:00:26,537 [IPC Server listener on 42139] INFO  ipc.Server (Server.java:run(1376)) - Stopping IPC Server listener on 42139
2022-03-02 19:00:26,538 [IPC Server Responder] INFO  ipc.Server (Server.java:run(1512)) - Stopping IPC Server Responder
2022-03-02 19:00:26,543 [Listener at 127.0.0.1/42139] INFO  server.RaftServer (RaftServerProxy.java:lambda$close$6(391)) - omNode-1: close
2022-03-02 19:00:26,543 [Listener at 127.0.0.1/42139] INFO  server.RaftServer$Division (RaftServerImpl.java:lambda$close$4(412)) - omNode-1@group-523986131536: shutdown
2022-03-02 19:00:26,544 [Listener at 127.0.0.1/42139] INFO  util.JmxRegister (JmxRegister.java:unregister(73)) - Successfully un-registered JMX Bean with object name Ratis:service=RaftServer,group=group-523986131536,id=omNode-1
2022-03-02 19:00:26,544 [Listener at 127.0.0.1/42139] INFO  impl.RoleInfo (RoleInfo.java:shutdownLeaderState(91)) - omNode-1: shutdown omNode-1@group-523986131536-LeaderStateImpl
2022-03-02 19:00:26,544 [Listener at 127.0.0.1/42139] INFO  impl.PendingRequests (PendingRequests.java:sendNotLeaderResponses(282)) - omNode-1@group-523986131536-PendingRequests: sendNotLeaderResponses
2022-03-02 19:00:26,560 [Listener at 127.0.0.1/42139] INFO  impl.StateMachineUpdater (StateMachineUpdater.java:stopAndJoin(149)) - omNode-1@group-523986131536-StateMachineUpdater: set stopIndex = 0
2022-03-02 19:00:26,561 [omNode-1@group-523986131536-StateMachineUpdater] INFO  ratis.OzoneManagerStateMachine (OzoneManagerStateMachine.java:takeSnapshot(417)) - Current Snapshot Index (t:1, i:0)
2022-03-02 19:00:26,561 [omNode-1@group-523986131536-StateMachineUpdater] INFO  impl.StateMachineUpdater (StateMachineUpdater.java:takeSnapshot(281)) - omNode-1@group-523986131536-StateMachineUpdater: Took a snapshot at index 0
2022-03-02 19:00:26,561 [omNode-1@group-523986131536-StateMachineUpdater] INFO  impl.StateMachineUpdater (StateMachineUpdater.java:lambda$new$0(89)) - omNode-1@group-523986131536-StateMachineUpdater: snapshotIndex: updateIncreasingly -1 -> 0
2022-03-02 19:00:26,561 [omNode-1@group-523986131536-StateMachineUpdater] INFO  ratis.OzoneManagerStateMachine (OzoneManagerStateMachine.java:close(471)) - StateMachine has shutdown. Shutdown OzoneManager if not already shutdown.
2022-03-02 19:00:26,561 [Listener at 127.0.0.1/42139] INFO  server.RaftServer$Division (ServerState.java:close(419)) - omNode-1@group-523986131536: closes. applyIndex: 0
2022-03-02 19:00:26,562 [omNode-1@group-523986131536-SegmentedRaftLogWorker] INFO  segmented.SegmentedRaftLogWorker (SegmentedRaftLogWorker.java:run(327)) - omNode-1@group-523986131536-SegmentedRaftLogWorker was interrupted, exiting. There are 0 tasks remaining in the queue.
2022-03-02 19:00:26,588 [Listener at 127.0.0.1/42139] INFO  segmented.SegmentedRaftLogWorker (SegmentedRaftLogWorker.java:close(237)) - omNode-1@group-523986131536-SegmentedRaftLogWorker close()
2022-03-02 19:00:26,603 [Listener at 127.0.0.1/42139] INFO  server.GrpcService (GrpcService.java:closeImpl(262)) - omNode-1: shutdown server with port 39279 now
2022-03-02 19:00:26,605 [Listener at 127.0.0.1/42139] INFO  server.GrpcService (GrpcService.java:closeImpl(271)) - omNode-1: shutdown server with port 39279 successfully
2022-03-02 19:00:26,606 [org.apache.ratis.util.JvmPauseMonitor$$Lambda$503/666911607@451b7faf] INFO  util.JvmPauseMonitor (JvmPauseMonitor.java:run(109)) - JvmPauseMonitor-omNode-1: Stopped
2022-03-02 19:00:26,606 [Listener at 127.0.0.1/42139] INFO  ratis.OzoneManagerDoubleBuffer (OzoneManagerDoubleBuffer.java:stop(437)) - Stopping OMDoubleBuffer flush thread
2022-03-02 19:00:26,606 [OMDoubleBufferFlushThread] INFO  ratis.OzoneManagerDoubleBuffer (OzoneManagerDoubleBuffer.java:flushTransactions(356)) - OMDoubleBuffer flush thread OMDoubleBufferFlushThread is interrupted and will exit. OMDoubleBufferFlushThread
2022-03-02 19:00:26,606 [Listener at 127.0.0.1/42139] INFO  utils.BackgroundService (BackgroundService.java:shutdown(132)) - Shutting down service KeyDeletingService
2022-03-02 19:00:26,606 [Listener at 127.0.0.1/42139] INFO  utils.BackgroundService (BackgroundService.java:shutdown(132)) - Shutting down service DirectoryDeletingService
2022-03-02 19:00:26,607 [Listener at 127.0.0.1/42139] INFO  handler.ContextHandler (ContextHandler.java:doStop(1153)) - Stopped o.e.j.w.WebAppContext@606cf551{ozoneManager,/,null,STOPPED}{file:/home/runner/work/ozone/ozone/hadoop-ozone/integration-test/target/test-classes/webapps/ozoneManager}
2022-03-02 19:00:26,608 [Listener at 127.0.0.1/42139] INFO  server.AbstractConnector (AbstractConnector.java:doStop(381)) - Stopped ServerConnector@3de2e589{HTTP/1.1, (http/1.1)}{0.0.0.0:46721}
2022-03-02 19:00:26,608 [Listener at 127.0.0.1/42139] INFO  server.session (HouseKeeper.java:stopScavenging(149)) - node0 Stopped scavenging
2022-03-02 19:00:26,608 [Listener at 127.0.0.1/42139] INFO  handler.ContextHandler (ContextHandler.java:doStop(1153)) - Stopped o.e.j.s.ServletContextHandler@60e50c6{static,/static,file:///home/runner/work/ozone/ozone/hadoop-ozone/integration-test/target/test-classes/webapps/static,STOPPED}
2022-03-02 19:00:26,609 [Listener at 127.0.0.1/42139] INFO  handler.ContextHandler (ContextHandler.java:doStop(1153)) - Stopped o.e.j.s.ServletContextHandler@23d7dad{logs,/logs,file:///home/runner/work/ozone/ozone/hadoop-ozone/integration-test/target/log,STOPPED}
2022-03-02 19:00:26,616 [Listener at 127.0.0.1/42139] INFO  ozone.MiniOzoneHAClusterImpl (MiniOzoneHAClusterImpl.java:stop(316)) - Stopping the StorageContainerManager 3b6c5475-24e7-4d17-bb16-57441daa5342
2022-03-02 19:00:26,616 [Listener at 127.0.0.1/42139] INFO  server.StorageContainerManager (StorageContainerManager.java:stop(1417)) - Stopping Container Balancer service.
2022-03-02 19:00:26,616 [Listener at 127.0.0.1/42139] INFO  balancer.ContainerBalancer (ContainerBalancer.java:stop(751)) - Container Balancer is not running.
2022-03-02 19:00:26,617 [Listener at 127.0.0.1/42139] INFO  server.StorageContainerManager (StorageContainerManager.java:stop(1424)) - Stopping Replication Manager Service.
2022-03-02 19:00:26,617 [Listener at 127.0.0.1/42139] INFO  container.ReplicationManager (ReplicationManager.java:stop(357)) - Stopping Replication Monitor Thread.
2022-03-02 19:00:26,617 [Listener at 127.0.0.1/42139] INFO  server.StorageContainerManager (StorageContainerManager.java:stop(1431)) - Stopping the Datanode Admin Monitor.
2022-03-02 19:00:26,617 [Listener at 127.0.0.1/42139] INFO  server.StorageContainerManager (StorageContainerManager.java:stop(1438)) - Stopping Lease Manager of the command watchers
2022-03-02 19:00:26,617 [Listener at 127.0.0.1/42139] INFO  server.StorageContainerManager (StorageContainerManager.java:stop(1445)) - Stopping datanode service RPC server
2022-03-02 19:00:26,617 [Listener at 127.0.0.1/42139] INFO  server.SCMDatanodeProtocolServer (SCMDatanodeProtocolServer.java:stop(391)) - Stopping the RPC server for DataNodes
2022-03-02 19:00:26,617 [Listener at 127.0.0.1/42139] INFO  ipc.Server (Server.java:stop(3414)) - Stopping server on 32779
2022-03-02 19:00:26,619 [IPC Server listener on 32779] INFO  ipc.Server (Server.java:run(1376)) - Stopping IPC Server listener on 32779
2022-03-02 19:00:26,622 [IPC Server Responder] INFO  ipc.Server (Server.java:run(1512)) - Stopping IPC Server Responder
2022-03-02 19:00:26,683 [SCM Heartbeat Processing Thread - 0] WARN  node.NodeStateManager (NodeStateManager.java:scheduleNextHealthCheck(815)) - Current Thread is interrupted, shutting down HB processing thread for Node Manager.
2022-03-02 19:00:26,684 [Listener at 127.0.0.1/42139] INFO  server.StorageContainerManager (StorageContainerManager.java:stop(1453)) - Stopping block service RPC server
2022-03-02 19:00:26,684 [Listener at 127.0.0.1/42139] INFO  server.SCMBlockProtocolServer (SCMBlockProtocolServer.java:stop(160)) - Stopping the RPC server for Block Protocol
2022-03-02 19:00:26,684 [Listener at 127.0.0.1/42139] INFO  ipc.Server (Server.java:stop(3414)) - Stopping server on 36773
2022-03-02 19:00:26,697 [IPC Server listener on 36773] INFO  ipc.Server (Server.java:run(1376)) - Stopping IPC Server listener on 36773
2022-03-02 19:00:26,697 [Listener at 127.0.0.1/42139] INFO  server.StorageContainerManager (StorageContainerManager.java:stop(1460)) - Stopping the StorageContainerLocationProtocol RPC server
2022-03-02 19:00:26,697 [IPC Server Responder] INFO  ipc.Server (Server.java:run(1512)) - Stopping IPC Server Responder
2022-03-02 19:00:26,697 [Listener at 127.0.0.1/42139] INFO  server.SCMClientProtocolServer (SCMClientProtocolServer.java:stop(174)) - Stopping the RPC server for Client Protocol
2022-03-02 19:00:26,699 [Listener at 127.0.0.1/42139] INFO  ipc.Server (Server.java:stop(3414)) - Stopping server on 41101
2022-03-02 19:00:26,701 [IPC Server listener on 41101] INFO  ipc.Server (Server.java:run(1376)) - Stopping IPC Server listener on 41101
2022-03-02 19:00:26,709 [Listener at 127.0.0.1/42139] INFO  server.StorageContainerManager (StorageContainerManager.java:stop(1467)) - Stopping Storage Container Manager HTTP server.
2022-03-02 19:00:26,710 [Listener at 127.0.0.1/42139] INFO  handler.ContextHandler (ContextHandler.java:doStop(1153)) - Stopped o.e.j.w.WebAppContext@712626aa{scm,/,null,STOPPED}{file:/home/runner/work/ozone/ozone/hadoop-ozone/integration-test/target/test-classes/webapps/scm}
2022-03-02 19:00:26,710 [IPC Server Responder] INFO  ipc.Server (Server.java:run(1512)) - Stopping IPC Server Responder
2022-03-02 19:00:26,711 [Listener at 127.0.0.1/42139] INFO  server.AbstractConnector (AbstractConnector.java:doStop(381)) - Stopped ServerConnector@8ab9629{HTTP/1.1, (http/1.1)}{0.0.0.0:43097}
2022-03-02 19:00:26,711 [Listener at 127.0.0.1/42139] INFO  server.session (HouseKeeper.java:stopScavenging(149)) - node0 Stopped scavenging
2022-03-02 19:00:26,711 [Listener at 127.0.0.1/42139] INFO  handler.ContextHandler (ContextHandler.java:doStop(1153)) - Stopped o.e.j.s.ServletContextHandler@4bb5ae09{static,/static,file:///home/runner/work/ozone/ozone/hadoop-ozone/integration-test/target/test-classes/webapps/static,STOPPED}
2022-03-02 19:00:26,712 [Listener at 127.0.0.1/42139] INFO  handler.ContextHandler (ContextHandler.java:doStop(1153)) - Stopped o.e.j.s.ServletContextHandler@79091c84{logs,/logs,file:///home/runner/work/ozone/ozone/hadoop-ozone/integration-test/target/log,STOPPED}
2022-03-02 19:00:26,713 [Listener at 127.0.0.1/42139] INFO  server.StorageContainerManager (StorageContainerManager.java:stop(1478)) - Stopping Block Manager Service.
2022-03-02 19:00:26,713 [Listener at 127.0.0.1/42139] INFO  utils.BackgroundService (BackgroundService.java:shutdown(132)) - Shutting down service SCMBlockDeletingService
2022-03-02 19:00:26,714 [Listener at 127.0.0.1/42139] INFO  utils.BackgroundService (BackgroundService.java:shutdown(132)) - Shutting down service SCMBlockDeletingService
2022-03-02 19:00:26,714 [Listener at 127.0.0.1/42139] INFO  server.StorageContainerManager (StorageContainerManager.java:stop(1505)) - Stopping SCM Event Queue.
2022-03-02 19:00:26,715 [Listener at 127.0.0.1/42139] INFO  server.StorageContainerManager (StorageContainerManager.java:stop(1516)) - Stopping SCM HA services.
2022-03-02 19:00:26,715 [Listener at 127.0.0.1/42139] INFO  ha.SCMRatisServerImpl (SCMRatisServerImpl.java:stop(236)) - stopping ratis server 0.0.0.0:41833
2022-03-02 19:00:26,715 [Listener at 127.0.0.1/42139] INFO  server.RaftServer (RaftServerProxy.java:lambda$close$6(391)) - 3b6c5475-24e7-4d17-bb16-57441daa5342: close
2022-03-02 19:00:26,715 [Listener at 127.0.0.1/42139] INFO  server.RaftServer$Division (RaftServerImpl.java:lambda$close$4(412)) - 3b6c5475-24e7-4d17-bb16-57441daa5342@group-9B8B311B51AF: shutdown
2022-03-02 19:00:26,715 [Listener at 127.0.0.1/42139] INFO  util.JmxRegister (JmxRegister.java:unregister(73)) - Successfully un-registered JMX Bean with object name Ratis:service=RaftServer,group=group-9B8B311B51AF,id=3b6c5475-24e7-4d17-bb16-57441daa5342
2022-03-02 19:00:26,715 [Listener at 127.0.0.1/42139] INFO  impl.RoleInfo (RoleInfo.java:shutdownFollowerState(108)) - 3b6c5475-24e7-4d17-bb16-57441daa5342: shutdown 3b6c5475-24e7-4d17-bb16-57441daa5342@group-9B8B311B51AF-FollowerState
2022-03-02 19:00:26,716 [3b6c5475-24e7-4d17-bb16-57441daa5342@group-9B8B311B51AF-FollowerState] INFO  impl.FollowerState (FollowerState.java:run(143)) - 3b6c5475-24e7-4d17-bb16-57441daa5342@group-9B8B311B51AF-FollowerState was interrupted: {}
java.lang.InterruptedException: sleep interrupted
	at java.lang.Thread.sleep(Native Method)
	at java.lang.Thread.sleep(Thread.java:342)
	at java.util.concurrent.TimeUnit.sleep(TimeUnit.java:386)
	at org.apache.ratis.util.TimeDuration.sleep(TimeDuration.java:324)
	at org.apache.ratis.util.TimeDuration.sleep(TimeDuration.java:309)
	at org.apache.ratis.server.impl.FollowerState.run(FollowerState.java:118)
2022-03-02 19:00:26,716 [3b6c5475-24e7-4d17-bb16-57441daa5342@group-9B8B311B51AF-StateMachineUpdater] INFO  ha.SCMStateMachine (SCMStateMachine.java:takeSnapshot(297)) - Current Snapshot Index 29, takeSnapshot took 0 ms
2022-03-02 19:00:26,716 [3b6c5475-24e7-4d17-bb16-57441daa5342@group-9B8B311B51AF-StateMachineUpdater] INFO  impl.StateMachineUpdater (StateMachineUpdater.java:takeSnapshot(281)) - 3b6c5475-24e7-4d17-bb16-57441daa5342@group-9B8B311B51AF-StateMachineUpdater: Took a snapshot at index 29
2022-03-02 19:00:26,716 [3b6c5475-24e7-4d17-bb16-57441daa5342@group-9B8B311B51AF-StateMachineUpdater] INFO  impl.StateMachineUpdater (StateMachineUpdater.java:lambda$new$0(89)) - 3b6c5475-24e7-4d17-bb16-57441daa5342@group-9B8B311B51AF-StateMachineUpdater: snapshotIndex: updateIncreasingly 28 -> 29
2022-03-02 19:00:26,716 [Listener at 127.0.0.1/42139] INFO  impl.StateMachineUpdater (StateMachineUpdater.java:stopAndJoin(149)) - 3b6c5475-24e7-4d17-bb16-57441daa5342@group-9B8B311B51AF-StateMachineUpdater: set stopIndex = 29
2022-03-02 19:00:26,716 [Listener at 127.0.0.1/42139] INFO  server.RaftServer$Division (ServerState.java:close(419)) - 3b6c5475-24e7-4d17-bb16-57441daa5342@group-9B8B311B51AF: closes. applyIndex: 28
2022-03-02 19:00:26,717 [3b6c5475-24e7-4d17-bb16-57441daa5342@group-9B8B311B51AF-SegmentedRaftLogWorker] INFO  segmented.SegmentedRaftLogWorker (SegmentedRaftLogWorker.java:run(327)) - 3b6c5475-24e7-4d17-bb16-57441daa5342@group-9B8B311B51AF-SegmentedRaftLogWorker was interrupted, exiting. There are 0 tasks remaining in the queue.
2022-03-02 19:00:26,720 [Listener at 127.0.0.1/42139] INFO  segmented.SegmentedRaftLogWorker (SegmentedRaftLogWorker.java:close(237)) - 3b6c5475-24e7-4d17-bb16-57441daa5342@group-9B8B311B51AF-SegmentedRaftLogWorker close()
2022-03-02 19:00:26,727 [Listener at 127.0.0.1/42139] INFO  server.GrpcService (GrpcService.java:closeImpl(262)) - 3b6c5475-24e7-4d17-bb16-57441daa5342: shutdown server with port 41833 now
2022-03-02 19:00:26,731 [grpc-default-executor-0] WARN  server.GrpcServerProtocolService (LogUtils.java:warn(122)) - 3b6c5475-24e7-4d17-bb16-57441daa5342: installSnapshot onError, lastRequest: f746044e-06a5-45c2-8175-96f1febdd987->3b6c5475-24e7-4d17-bb16-57441daa5342#1136-t2,previous=(t:2, i:29),leaderCommit=29,initializing? true,entries: size=1, first=(t:2, i:30), METADATAENTRY(c:29): org.apache.ratis.thirdparty.io.grpc.StatusRuntimeException: CANCELLED: client cancelled
2022-03-02 19:00:26,732 [Listener at 127.0.0.1/42139] INFO  server.GrpcService (GrpcService.java:closeImpl(271)) - 3b6c5475-24e7-4d17-bb16-57441daa5342: shutdown server with port 41833 successfully
2022-03-02 19:00:26,733 [grpc-default-executor-0] WARN  server.GrpcLogAppender (LogUtils.java:warn(122)) - f746044e-06a5-45c2-8175-96f1febdd987@group-9B8B311B51AF->3b6c5475-24e7-4d17-bb16-57441daa5342-AppendLogResponseHandler: Failed appendEntries: org.apache.ratis.thirdparty.io.grpc.StatusRuntimeException: CANCELLED: HTTP/2 error code: CANCEL
Received Rst Stream
2022-03-02 19:00:26,733 [grpc-default-executor-0] INFO  leader.FollowerInfo (FollowerInfoImpl.java:lambda$new$0(47)) - f746044e-06a5-45c2-8175-96f1febdd987@group-9B8B311B51AF->3b6c5475-24e7-4d17-bb16-57441daa5342: nextIndex: updateUnconditionally 31 -> 30
2022-03-02 19:00:26,733 [org.apache.ratis.util.JvmPauseMonitor$$Lambda$503/666911607@6c40a104] INFO  util.JvmPauseMonitor (JvmPauseMonitor.java:run(109)) - JvmPauseMonitor-3b6c5475-24e7-4d17-bb16-57441daa5342: Stopped
2022-03-02 19:00:26,733 [Listener at 127.0.0.1/42139] INFO  pipeline.BackgroundPipelineCreator (BackgroundPipelineCreator.java:stop(158)) - Stopping RatisPipelineUtilsThread.
2022-03-02 19:00:26,734 [Listener at 127.0.0.1/42139] INFO  server.StorageContainerManager (StorageContainerManager.java:stop(1526)) - Stopping SCM MetadataStore.
2022-03-02 19:00:26,736 [Listener at 127.0.0.1/42139] INFO  impl.MetricsSystemImpl (MetricsSystemImpl.java:stop(210)) - Stopping StorageContainerManager metrics system...
2022-03-02 19:00:26,738 [prometheus] INFO  impl.MetricsSinkAdapter (MetricsSinkAdapter.java:publishMetricsFromQueue(141)) - prometheus thread interrupted.
2022-03-02 19:00:26,743 [Listener at 127.0.0.1/42139] INFO  impl.MetricsSystemImpl (MetricsSystemImpl.java:stop(216)) - StorageContainerManager metrics system stopped.
2022-03-02 19:00:26,743 [Listener at 127.0.0.1/42139] INFO  ozone.MiniOzoneHAClusterImpl (MiniOzoneHAClusterImpl.java:stop(316)) - Stopping the StorageContainerManager 13153696-550a-4573-ab8b-f7fa9c2561e9
2022-03-02 19:00:26,743 [Listener at 127.0.0.1/42139] INFO  server.StorageContainerManager (StorageContainerManager.java:stop(1417)) - Stopping Container Balancer service.
2022-03-02 19:00:26,743 [Listener at 127.0.0.1/42139] INFO  balancer.ContainerBalancer (ContainerBalancer.java:stop(751)) - Container Balancer is not running.
2022-03-02 19:00:26,743 [Listener at 127.0.0.1/42139] INFO  server.StorageContainerManager (StorageContainerManager.java:stop(1424)) - Stopping Replication Manager Service.
2022-03-02 19:00:26,743 [Listener at 127.0.0.1/42139] INFO  container.ReplicationManager (ReplicationManager.java:stop(357)) - Stopping Replication Monitor Thread.
2022-03-02 19:00:26,743 [Listener at 127.0.0.1/42139] INFO  server.StorageContainerManager (StorageContainerManager.java:stop(1431)) - Stopping the Datanode Admin Monitor.
2022-03-02 19:00:26,744 [Listener at 127.0.0.1/42139] INFO  server.StorageContainerManager (StorageContainerManager.java:stop(1438)) - Stopping Lease Manager of the command watchers
2022-03-02 19:00:26,744 [Listener at 127.0.0.1/42139] INFO  server.StorageContainerManager (StorageContainerManager.java:stop(1445)) - Stopping datanode service RPC server
2022-03-02 19:00:26,744 [Listener at 127.0.0.1/42139] INFO  server.SCMDatanodeProtocolServer (SCMDatanodeProtocolServer.java:stop(391)) - Stopping the RPC server for DataNodes
2022-03-02 19:00:26,744 [Listener at 127.0.0.1/42139] INFO  ipc.Server (Server.java:stop(3414)) - Stopping server on 46849
2022-03-02 19:00:26,744 [grpc-default-executor-3] WARN  server.GrpcLogAppender (LogUtils.java:warn(122)) - f746044e-06a5-45c2-8175-96f1febdd987@group-9B8B311B51AF->3b6c5475-24e7-4d17-bb16-57441daa5342-AppendLogResponseHandler: Failed appendEntries: org.apache.ratis.thirdparty.io.grpc.StatusRuntimeException: UNAVAILABLE: io exception
2022-03-02 19:00:26,744 [IPC Server listener on 46849] INFO  ipc.Server (Server.java:run(1376)) - Stopping IPC Server listener on 46849
2022-03-02 19:00:26,752 [IPC Server Responder] INFO  ipc.Server (Server.java:run(1512)) - Stopping IPC Server Responder
2022-03-02 19:00:26,762 [grpc-default-executor-3] INFO  leader.FollowerInfo (FollowerInfoImpl.java:lambda$new$0(47)) - f746044e-06a5-45c2-8175-96f1febdd987@group-9B8B311B51AF->3b6c5475-24e7-4d17-bb16-57441daa5342: nextIndex: updateUnconditionally 31 -> 30
2022-03-02 19:00:26,842 [SCM Heartbeat Processing Thread - 0] WARN  node.NodeStateManager (NodeStateManager.java:scheduleNextHealthCheck(815)) - Current Thread is interrupted, shutting down HB processing thread for Node Manager.
2022-03-02 19:00:26,842 [Listener at 127.0.0.1/42139] INFO  server.StorageContainerManager (StorageContainerManager.java:stop(1453)) - Stopping block service RPC server
2022-03-02 19:00:26,843 [Listener at 127.0.0.1/42139] INFO  server.SCMBlockProtocolServer (SCMBlockProtocolServer.java:stop(160)) - Stopping the RPC server for Block Protocol
2022-03-02 19:00:26,843 [Listener at 127.0.0.1/42139] INFO  ipc.Server (Server.java:stop(3414)) - Stopping server on 36985
2022-03-02 19:00:26,846 [Listener at 127.0.0.1/42139] INFO  server.StorageContainerManager (StorageContainerManager.java:stop(1460)) - Stopping the StorageContainerLocationProtocol RPC server
2022-03-02 19:00:26,846 [Listener at 127.0.0.1/42139] INFO  server.SCMClientProtocolServer (SCMClientProtocolServer.java:stop(174)) - Stopping the RPC server for Client Protocol
2022-03-02 19:00:26,846 [Listener at 127.0.0.1/42139] INFO  ipc.Server (Server.java:stop(3414)) - Stopping server on 46021
2022-03-02 19:00:26,846 [IPC Server Responder] INFO  ipc.Server (Server.java:run(1512)) - Stopping IPC Server Responder
2022-03-02 19:00:26,846 [IPC Server listener on 36985] INFO  ipc.Server (Server.java:run(1376)) - Stopping IPC Server listener on 36985
2022-03-02 19:00:26,862 [EndpointStateMachine task thread for /127.0.0.1:32779 - 0 ] WARN  statemachine.EndpointStateMachine (EndpointStateMachine.java:logIfNeeded(236)) - Unable to communicate to SCM server at localhost:32779 for past 0 seconds.
java.io.EOFException: End of File Exception between local host is: "fv-az148-899/10.1.0.29"; destination host is: "localhost":32779; : java.io.EOFException; For more details see:  http://wiki.apache.org/hadoop/EOFException
	at sun.reflect.NativeConstructorAccessorImpl.newInstance0(Native Method)
	at sun.reflect.NativeConstructorAccessorImpl.newInstance(NativeConstructorAccessorImpl.java:62)
	at sun.reflect.DelegatingConstructorAccessorImpl.newInstance(DelegatingConstructorAccessorImpl.java:45)
	at java.lang.reflect.Constructor.newInstance(Constructor.java:423)
	at org.apache.hadoop.net.NetUtils.wrapWithMessage(NetUtils.java:913)
	at org.apache.hadoop.net.NetUtils.wrapException(NetUtils.java:862)
	at org.apache.hadoop.ipc.Client.getRpcResponse(Client.java:1577)
	at org.apache.hadoop.ipc.Client.call(Client.java:1519)
	at org.apache.hadoop.ipc.Client.call(Client.java:1416)
	at org.apache.hadoop.ipc.ProtobufRpcEngine$Invoker.invoke(ProtobufRpcEngine.java:236)
	at org.apache.hadoop.ipc.ProtobufRpcEngine$Invoker.invoke(ProtobufRpcEngine.java:123)
	at com.sun.proxy.$Proxy48.submitRequest(Unknown Source)
	at org.apache.hadoop.ozone.protocolPB.StorageContainerDatanodeProtocolClientSideTranslatorPB.submitRequest(StorageContainerDatanodeProtocolClientSideTranslatorPB.java:117)
	at org.apache.hadoop.ozone.protocolPB.StorageContainerDatanodeProtocolClientSideTranslatorPB.sendHeartbeat(StorageContainerDatanodeProtocolClientSideTranslatorPB.java:149)
	at org.apache.hadoop.ozone.container.common.states.endpoint.HeartbeatEndpointTask.call(HeartbeatEndpointTask.java:179)
	at org.apache.hadoop.ozone.container.common.states.endpoint.HeartbeatEndpointTask.call(HeartbeatEndpointTask.java:82)
	at java.util.concurrent.FutureTask.run(FutureTask.java:266)
	at java.util.concurrent.ThreadPoolExecutor.runWorker(ThreadPoolExecutor.java:1149)
	at java.util.concurrent.ThreadPoolExecutor$Worker.run(ThreadPoolExecutor.java:624)
	at java.lang.Thread.run(Thread.java:750)
Caused by: java.io.EOFException
	at java.io.DataInputStream.readInt(DataInputStream.java:392)
	at org.apache.hadoop.ipc.Client$IpcStreams.readResponse(Client.java:1892)
	at org.apache.hadoop.ipc.Client$Connection.receiveRpcResponse(Client.java:1202)
	at org.apache.hadoop.ipc.Client$Connection.run(Client.java:1098)
2022-03-02 19:00:26,869 [IPC Server Responder] INFO  ipc.Server (Server.java:run(1512)) - Stopping IPC Server Responder
2022-03-02 19:00:26,869 [Listener at 127.0.0.1/42139] INFO  server.StorageContainerManager (StorageContainerManager.java:stop(1467)) - Stopping Storage Container Manager HTTP server.
2022-03-02 19:00:26,870 [Listener at 127.0.0.1/42139] INFO  handler.ContextHandler (ContextHandler.java:doStop(1153)) - Stopped o.e.j.w.WebAppContext@36f6aff3{scm,/,null,STOPPED}{file:/home/runner/work/ozone/ozone/hadoop-ozone/integration-test/target/test-classes/webapps/scm}
2022-03-02 19:00:26,870 [IPC Server listener on 46021] INFO  ipc.Server (Server.java:run(1376)) - Stopping IPC Server listener on 46021
2022-03-02 19:00:26,871 [Listener at 127.0.0.1/42139] INFO  server.AbstractConnector (AbstractConnector.java:doStop(381)) - Stopped ServerConnector@5b4eaf8b{HTTP/1.1, (http/1.1)}{0.0.0.0:41589}
2022-03-02 19:00:26,871 [Listener at 127.0.0.1/42139] INFO  server.session (HouseKeeper.java:stopScavenging(149)) - node0 Stopped scavenging
2022-03-02 19:00:26,871 [Listener at 127.0.0.1/42139] INFO  handler.ContextHandler (ContextHandler.java:doStop(1153)) - Stopped o.e.j.s.ServletContextHandler@1510b5ce{static,/static,file:///home/runner/work/ozone/ozone/hadoop-ozone/integration-test/target/test-classes/webapps/static,STOPPED}
2022-03-02 19:00:26,871 [Listener at 127.0.0.1/42139] INFO  handler.ContextHandler (ContextHandler.java:doStop(1153)) - Stopped o.e.j.s.ServletContextHandler@64a0bd8f{logs,/logs,file:///home/runner/work/ozone/ozone/hadoop-ozone/integration-test/target/log,STOPPED}
2022-03-02 19:00:26,873 [Listener at 127.0.0.1/42139] INFO  server.StorageContainerManager (StorageContainerManager.java:stop(1478)) - Stopping Block Manager Service.
2022-03-02 19:00:26,874 [Listener at 127.0.0.1/42139] INFO  utils.BackgroundService (BackgroundService.java:shutdown(132)) - Shutting down service SCMBlockDeletingService
2022-03-02 19:00:26,874 [Listener at 127.0.0.1/42139] INFO  utils.BackgroundService (BackgroundService.java:shutdown(132)) - Shutting down service SCMBlockDeletingService
2022-03-02 19:00:26,874 [Listener at 127.0.0.1/42139] INFO  server.StorageContainerManager (StorageContainerManager.java:stop(1505)) - Stopping SCM Event Queue.
2022-03-02 19:00:26,882 [Listener at 127.0.0.1/42139] INFO  server.StorageContainerManager (StorageContainerManager.java:stop(1516)) - Stopping SCM HA services.
2022-03-02 19:00:26,882 [Listener at 127.0.0.1/42139] INFO  ha.SCMRatisServerImpl (SCMRatisServerImpl.java:stop(236)) - stopping ratis server 0.0.0.0:32899
2022-03-02 19:00:26,882 [EndpointStateMachine task thread for /127.0.0.1:46849 - 0 ] WARN  statemachine.EndpointStateMachine (EndpointStateMachine.java:logIfNeeded(236)) - Unable to communicate to SCM server at localhost:46849 for past 0 seconds.
java.io.EOFException: End of File Exception between local host is: "fv-az148-899/10.1.0.29"; destination host is: "localhost":46849; : java.io.EOFException; For more details see:  http://wiki.apache.org/hadoop/EOFException
	at sun.reflect.NativeConstructorAccessorImpl.newInstance0(Native Method)
	at sun.reflect.NativeConstructorAccessorImpl.newInstance(NativeConstructorAccessorImpl.java:62)
	at sun.reflect.DelegatingConstructorAccessorImpl.newInstance(DelegatingConstructorAccessorImpl.java:45)
	at java.lang.reflect.Constructor.newInstance(Constructor.java:423)
	at org.apache.hadoop.net.NetUtils.wrapWithMessage(NetUtils.java:913)
	at org.apache.hadoop.net.NetUtils.wrapException(NetUtils.java:862)
	at org.apache.hadoop.ipc.Client.getRpcResponse(Client.java:1577)
	at org.apache.hadoop.ipc.Client.call(Client.java:1519)
	at org.apache.hadoop.ipc.Client.call(Client.java:1416)
	at org.apache.hadoop.ipc.ProtobufRpcEngine$Invoker.invoke(ProtobufRpcEngine.java:236)
	at org.apache.hadoop.ipc.ProtobufRpcEngine$Invoker.invoke(ProtobufRpcEngine.java:123)
	at com.sun.proxy.$Proxy48.submitRequest(Unknown Source)
	at org.apache.hadoop.ozone.protocolPB.StorageContainerDatanodeProtocolClientSideTranslatorPB.submitRequest(StorageContainerDatanodeProtocolClientSideTranslatorPB.java:117)
	at org.apache.hadoop.ozone.protocolPB.StorageContainerDatanodeProtocolClientSideTranslatorPB.register(StorageContainerDatanodeProtocolClientSideTranslatorPB.java:180)
	at org.apache.hadoop.ozone.container.common.states.endpoint.RegisterEndpointTask.call(RegisterEndpointTask.java:158)
	at org.apache.hadoop.ozone.container.common.states.endpoint.RegisterEndpointTask.call(RegisterEndpointTask.java:52)
	at java.util.concurrent.FutureTask.run(FutureTask.java:266)
	at java.util.concurrent.ThreadPoolExecutor.runWorker(ThreadPoolExecutor.java:1149)
	at java.util.concurrent.ThreadPoolExecutor$Worker.run(ThreadPoolExecutor.java:624)
	at java.lang.Thread.run(Thread.java:750)
Caused by: java.io.EOFException
	at java.io.DataInputStream.readInt(DataInputStream.java:392)
	at org.apache.hadoop.ipc.Client$IpcStreams.readResponse(Client.java:1892)
	at org.apache.hadoop.ipc.Client$Connection.receiveRpcResponse(Client.java:1202)
	at org.apache.hadoop.ipc.Client$Connection.run(Client.java:1098)
2022-03-02 19:00:26,886 [Listener at 127.0.0.1/42139] INFO  server.RaftServer (RaftServerProxy.java:lambda$close$6(391)) - 13153696-550a-4573-ab8b-f7fa9c2561e9: close
2022-03-02 19:00:26,889 [Listener at 127.0.0.1/42139] INFO  server.GrpcService (GrpcService.java:closeImpl(262)) - 13153696-550a-4573-ab8b-f7fa9c2561e9: shutdown server with port 32899 now
2022-03-02 19:00:26,893 [grpc-default-executor-0] WARN  server.GrpcServerProtocolService (LogUtils.java:warn(122)) - 13153696-550a-4573-ab8b-f7fa9c2561e9: installSnapshot onError, lastRequest: f746044e-06a5-45c2-8175-96f1febdd987->13153696-550a-4573-ab8b-f7fa9c2561e9#37-t2,previous=(t:2, i:29),leaderCommit=29,initializing? true,entries: size=1, first=(t:2, i:30), METADATAENTRY(c:29): org.apache.ratis.thirdparty.io.grpc.StatusRuntimeException: CANCELLED: client cancelled
2022-03-02 19:00:26,893 [grpc-default-executor-2] WARN  server.GrpcLogAppender (LogUtils.java:warn(122)) - f746044e-06a5-45c2-8175-96f1febdd987@group-9B8B311B51AF->13153696-550a-4573-ab8b-f7fa9c2561e9-AppendLogResponseHandler: Failed appendEntries: org.apache.ratis.thirdparty.io.grpc.StatusRuntimeException: CANCELLED: HTTP/2 error code: CANCEL
Received Rst Stream
2022-03-02 19:00:26,893 [grpc-default-executor-2] INFO  leader.FollowerInfo (FollowerInfoImpl.java:lambda$new$0(47)) - f746044e-06a5-45c2-8175-96f1febdd987@group-9B8B311B51AF->13153696-550a-4573-ab8b-f7fa9c2561e9: nextIndex: updateUnconditionally 31 -> 30
2022-03-02 19:00:26,893 [Listener at 127.0.0.1/42139] INFO  server.GrpcService (GrpcService.java:closeImpl(271)) - 13153696-550a-4573-ab8b-f7fa9c2561e9: shutdown server with port 32899 successfully
2022-03-02 19:00:26,894 [org.apache.ratis.util.JvmPauseMonitor$$Lambda$503/666911607@4742b2c2] INFO  util.JvmPauseMonitor (JvmPauseMonitor.java:run(109)) - JvmPauseMonitor-13153696-550a-4573-ab8b-f7fa9c2561e9: Stopped
2022-03-02 19:00:26,894 [Listener at 127.0.0.1/42139] INFO  pipeline.BackgroundPipelineCreator (BackgroundPipelineCreator.java:stop(158)) - Stopping RatisPipelineUtilsThread.
2022-03-02 19:00:26,895 [Listener at 127.0.0.1/42139] INFO  server.StorageContainerManager (StorageContainerManager.java:stop(1526)) - Stopping SCM MetadataStore.
2022-03-02 19:00:26,896 [Listener at 127.0.0.1/42139] INFO  impl.MetricsSystemImpl (MetricsSystemImpl.java:stop(205)) - StorageContainerManager metrics system stopped (again)
2022-03-02 19:00:26,896 [Listener at 127.0.0.1/42139] INFO  ozone.MiniOzoneHAClusterImpl (MiniOzoneHAClusterImpl.java:stop(316)) - Stopping the StorageContainerManager f746044e-06a5-45c2-8175-96f1febdd987
2022-03-02 19:00:26,897 [Listener at 127.0.0.1/42139] INFO  server.StorageContainerManager (StorageContainerManager.java:stop(1417)) - Stopping Container Balancer service.
2022-03-02 19:00:26,897 [Listener at 127.0.0.1/42139] INFO  balancer.ContainerBalancer (ContainerBalancer.java:stop(751)) - Container Balancer is not running.
2022-03-02 19:00:26,897 [Listener at 127.0.0.1/42139] INFO  server.StorageContainerManager (StorageContainerManager.java:stop(1424)) - Stopping Replication Manager Service.
2022-03-02 19:00:26,897 [Listener at 127.0.0.1/42139] INFO  container.ReplicationManager (ReplicationManager.java:stop(357)) - Stopping Replication Monitor Thread.
2022-03-02 19:00:26,897 [Listener at 127.0.0.1/42139] INFO  server.StorageContainerManager (StorageContainerManager.java:stop(1431)) - Stopping the Datanode Admin Monitor.
2022-03-02 19:00:26,897 [Listener at 127.0.0.1/42139] INFO  server.StorageContainerManager (StorageContainerManager.java:stop(1438)) - Stopping Lease Manager of the command watchers
2022-03-02 19:00:26,897 [Listener at 127.0.0.1/42139] INFO  server.StorageContainerManager (StorageContainerManager.java:stop(1445)) - Stopping datanode service RPC server
2022-03-02 19:00:26,897 [Listener at 127.0.0.1/42139] INFO  server.SCMDatanodeProtocolServer (SCMDatanodeProtocolServer.java:stop(391)) - Stopping the RPC server for DataNodes
2022-03-02 19:00:26,898 [Listener at 127.0.0.1/42139] INFO  ipc.Server (Server.java:stop(3414)) - Stopping server on 39895
2022-03-02 19:00:26,900 [grpc-default-executor-0] WARN  server.GrpcLogAppender (LogUtils.java:warn(122)) - f746044e-06a5-45c2-8175-96f1febdd987@group-9B8B311B51AF->13153696-550a-4573-ab8b-f7fa9c2561e9-AppendLogResponseHandler: Failed appendEntries: org.apache.ratis.thirdparty.io.grpc.StatusRuntimeException: UNAVAILABLE: io exception
2022-03-02 19:00:26,901 [grpc-default-executor-0] INFO  leader.FollowerInfo (FollowerInfoImpl.java:lambda$new$0(47)) - f746044e-06a5-45c2-8175-96f1febdd987@group-9B8B311B51AF->13153696-550a-4573-ab8b-f7fa9c2561e9: nextIndex: updateUnconditionally 31 -> 30
2022-03-02 19:00:26,905 [IPC Server listener on 39895] INFO  ipc.Server (Server.java:run(1376)) - Stopping IPC Server listener on 39895
2022-03-02 19:00:26,906 [IPC Server Responder] INFO  ipc.Server (Server.java:run(1512)) - Stopping IPC Server Responder
2022-03-02 19:00:26,956 [EndpointStateMachine task thread for /127.0.0.1:38087 - 0 ] INFO  ipc.Client (Client.java:handleConnectionFailure(977)) - Retrying connect to server: localhost/127.0.0.1:38087. Already tried 12 time(s); retry policy is RetryUpToMaximumCountWithFixedSleep(maxRetries=15, sleepTime=1000 MILLISECONDS)
2022-03-02 19:00:26,972 [EndpointStateMachine task thread for /127.0.0.1:35087 - 0 ] INFO  ipc.Client (Client.java:handleConnectionFailure(977)) - Retrying connect to server: localhost/127.0.0.1:35087. Already tried 12 time(s); retry policy is RetryUpToMaximumCountWithFixedSleep(maxRetries=15, sleepTime=1000 MILLISECONDS)
2022-03-02 19:00:26,973 [EndpointStateMachine task thread for /127.0.0.1:45277 - 0 ] INFO  ipc.Client (Client.java:handleConnectionFailure(977)) - Retrying connect to server: localhost/127.0.0.1:45277. Already tried 12 time(s); retry policy is RetryUpToMaximumCountWithFixedSleep(maxRetries=15, sleepTime=1000 MILLISECONDS)
2022-03-02 19:00:27,230 [EndpointStateMachine task thread for /127.0.0.1:39895 - 0 ] WARN  statemachine.EndpointStateMachine (EndpointStateMachine.java:logIfNeeded(236)) - Unable to communicate to SCM server at 127.0.0.1:39895 for past 0 seconds.
java.io.EOFException: End of File Exception between local host is: "fv-az148-899/10.1.0.29"; destination host is: "localhost":39895; : java.io.EOFException; For more details see:  http://wiki.apache.org/hadoop/EOFException
	at sun.reflect.NativeConstructorAccessorImpl.newInstance0(Native Method)
	at sun.reflect.NativeConstructorAccessorImpl.newInstance(NativeConstructorAccessorImpl.java:62)
	at sun.reflect.DelegatingConstructorAccessorImpl.newInstance(DelegatingConstructorAccessorImpl.java:45)
	at java.lang.reflect.Constructor.newInstance(Constructor.java:423)
	at org.apache.hadoop.net.NetUtils.wrapWithMessage(NetUtils.java:913)
	at org.apache.hadoop.net.NetUtils.wrapException(NetUtils.java:862)
	at org.apache.hadoop.ipc.Client.getRpcResponse(Client.java:1577)
	at org.apache.hadoop.ipc.Client.call(Client.java:1519)
	at org.apache.hadoop.ipc.Client.call(Client.java:1416)
	at org.apache.hadoop.ipc.ProtobufRpcEngine$Invoker.invoke(ProtobufRpcEngine.java:236)
	at org.apache.hadoop.ipc.ProtobufRpcEngine$Invoker.invoke(ProtobufRpcEngine.java:123)
	at com.sun.proxy.$Proxy48.submitRequest(Unknown Source)
	at org.apache.hadoop.ozone.protocolPB.StorageContainerDatanodeProtocolClientSideTranslatorPB.submitRequest(StorageContainerDatanodeProtocolClientSideTranslatorPB.java:117)
	at org.apache.hadoop.ozone.protocolPB.StorageContainerDatanodeProtocolClientSideTranslatorPB.sendHeartbeat(StorageContainerDatanodeProtocolClientSideTranslatorPB.java:149)
	at org.apache.hadoop.ozone.container.common.states.endpoint.HeartbeatEndpointTask.call(HeartbeatEndpointTask.java:179)
	at org.apache.hadoop.ozone.container.common.states.endpoint.HeartbeatEndpointTask.call(HeartbeatEndpointTask.java:82)
	at java.util.concurrent.FutureTask.run(FutureTask.java:266)
	at java.util.concurrent.ThreadPoolExecutor.runWorker(ThreadPoolExecutor.java:1149)
	at java.util.concurrent.ThreadPoolExecutor$Worker.run(ThreadPoolExecutor.java:624)
	at java.lang.Thread.run(Thread.java:750)
Caused by: java.io.EOFException
	at java.io.DataInputStream.readInt(DataInputStream.java:392)
	at org.apache.hadoop.ipc.Client$IpcStreams.readResponse(Client.java:1892)
	at org.apache.hadoop.ipc.Client$Connection.receiveRpcResponse(Client.java:1202)
	at org.apache.hadoop.ipc.Client$Connection.run(Client.java:1098)
2022-03-02 19:00:27,956 [EndpointStateMachine task thread for /127.0.0.1:38087 - 0 ] INFO  ipc.Client (Client.java:handleConnectionFailure(977)) - Retrying connect to server: localhost/127.0.0.1:38087. Already tried 13 time(s); retry policy is RetryUpToMaximumCountWithFixedSleep(maxRetries=15, sleepTime=1000 MILLISECONDS)
2022-03-02 19:00:27,973 [EndpointStateMachine task thread for /127.0.0.1:45277 - 0 ] INFO  ipc.Client (Client.java:handleConnectionFailure(977)) - Retrying connect to server: localhost/127.0.0.1:45277. Already tried 13 time(s); retry policy is RetryUpToMaximumCountWithFixedSleep(maxRetries=15, sleepTime=1000 MILLISECONDS)
2022-03-02 19:00:27,975 [EndpointStateMachine task thread for /127.0.0.1:35087 - 0 ] INFO  ipc.Client (Client.java:handleConnectionFailure(977)) - Retrying connect to server: localhost/127.0.0.1:35087. Already tried 13 time(s); retry policy is RetryUpToMaximumCountWithFixedSleep(maxRetries=15, sleepTime=1000 MILLISECONDS)
2022-03-02 19:00:28,228 [Datanode State Machine Daemon Thread] ERROR datanode.RunningDatanodeState (RunningDatanodeState.java:computeNextContainerState(201)) - Error in executing end point task.
java.util.concurrent.ExecutionException: java.util.concurrent.TimeoutException
	at java.util.concurrent.FutureTask.report(FutureTask.java:122)
	at java.util.concurrent.FutureTask.get(FutureTask.java:192)
	at org.apache.hadoop.ozone.container.common.states.datanode.RunningDatanodeState.computeNextContainerState(RunningDatanodeState.java:193)
	at org.apache.hadoop.ozone.container.common.states.datanode.RunningDatanodeState.await(RunningDatanodeState.java:233)
	at org.apache.hadoop.ozone.container.common.states.datanode.RunningDatanodeState.await(RunningDatanodeState.java:50)
	at org.apache.hadoop.ozone.container.common.statemachine.StateContext.execute(StateContext.java:658)
	at org.apache.hadoop.ozone.container.common.statemachine.DatanodeStateMachine.startStateMachineThread(DatanodeStateMachine.java:283)
	at org.apache.hadoop.ozone.container.common.statemachine.DatanodeStateMachine.lambda$startDaemon$0(DatanodeStateMachine.java:471)
	at java.lang.Thread.run(Thread.java:750)
Caused by: java.util.concurrent.TimeoutException
	at java.util.concurrent.FutureTask.get(FutureTask.java:205)
	at org.apache.hadoop.ozone.container.common.states.datanode.RunningDatanodeState.lambda$execute$0(RunningDatanodeState.java:151)
	at java.util.concurrent.FutureTask.run(FutureTask.java:266)
	at java.util.concurrent.Executors$RunnableAdapter.call(Executors.java:511)
	at java.util.concurrent.FutureTask.run(FutureTask.java:266)
	at java.util.concurrent.ThreadPoolExecutor.runWorker(ThreadPoolExecutor.java:1149)
	at java.util.concurrent.ThreadPoolExecutor$Worker.run(ThreadPoolExecutor.java:624)
	... 1 more
2022-03-02 19:00:28,233 [EndpointStateMachine task thread for /127.0.0.1:32779 - 0 ] INFO  ipc.Client (Client.java:handleConnectionFailure(977)) - Retrying connect to server: localhost/127.0.0.1:32779. Already tried 0 time(s); retry policy is RetryUpToMaximumCountWithFixedSleep(maxRetries=15, sleepTime=1000 MILLISECONDS)
2022-03-02 19:00:28,233 [EndpointStateMachine task thread for /127.0.0.1:46849 - 0 ] INFO  ipc.Client (Client.java:handleConnectionFailure(977)) - Retrying connect to server: localhost/127.0.0.1:46849. Already tried 0 time(s); retry policy is RetryUpToMaximumCountWithFixedSleep(maxRetries=15, sleepTime=1000 MILLISECONDS)
2022-03-02 19:00:28,366 [EndpointStateMachine task thread for /127.0.0.1:39895 - 0 ] INFO  ipc.Client (Client.java:handleConnectionFailure(977)) - Retrying connect to server: localhost/127.0.0.1:39895. Already tried 0 time(s); retry policy is RetryUpToMaximumCountWithFixedSleep(maxRetries=15, sleepTime=1000 MILLISECONDS)
2022-03-02 19:00:28,957 [EndpointStateMachine task thread for /127.0.0.1:38087 - 0 ] INFO  ipc.Client (Client.java:handleConnectionFailure(977)) - Retrying connect to server: localhost/127.0.0.1:38087. Already tried 14 time(s); retry policy is RetryUpToMaximumCountWithFixedSleep(maxRetries=15, sleepTime=1000 MILLISECONDS)
2022-03-02 19:00:28,973 [EndpointStateMachine task thread for /127.0.0.1:45277 - 0 ] INFO  ipc.Client (Client.java:handleConnectionFailure(977)) - Retrying connect to server: localhost/127.0.0.1:45277. Already tried 14 time(s); retry policy is RetryUpToMaximumCountWithFixedSleep(maxRetries=15, sleepTime=1000 MILLISECONDS)
2022-03-02 19:00:28,975 [EndpointStateMachine task thread for /127.0.0.1:35087 - 0 ] INFO  ipc.Client (Client.java:handleConnectionFailure(977)) - Retrying connect to server: localhost/127.0.0.1:35087. Already tried 14 time(s); retry policy is RetryUpToMaximumCountWithFixedSleep(maxRetries=15, sleepTime=1000 MILLISECONDS)
2022-03-02 19:00:29,242 [grpc-default-executor-0] WARN  server.GrpcLogAppender (LogUtils.java:warn(122)) - f746044e-06a5-45c2-8175-96f1febdd987@group-9B8B311B51AF->3b6c5475-24e7-4d17-bb16-57441daa5342-AppendLogResponseHandler: Failed appendEntries: org.apache.ratis.thirdparty.io.grpc.StatusRuntimeException: UNAVAILABLE: io exception
2022-03-02 19:00:29,243 [grpc-default-executor-0] INFO  leader.FollowerInfo (FollowerInfoImpl.java:lambda$new$0(47)) - f746044e-06a5-45c2-8175-96f1febdd987@group-9B8B311B51AF->3b6c5475-24e7-4d17-bb16-57441daa5342: nextIndex: updateUnconditionally 31 -> 30
2022-03-02 19:00:29,246 [EndpointStateMachine task thread for /127.0.0.1:32779 - 0 ] INFO  ipc.Client (Client.java:handleConnectionFailure(977)) - Retrying connect to server: localhost/127.0.0.1:32779. Already tried 1 time(s); retry policy is RetryUpToMaximumCountWithFixedSleep(maxRetries=15, sleepTime=1000 MILLISECONDS)
2022-03-02 19:00:29,246 [EndpointStateMachine task thread for /127.0.0.1:46849 - 0 ] INFO  ipc.Client (Client.java:handleConnectionFailure(977)) - Retrying connect to server: localhost/127.0.0.1:46849. Already tried 1 time(s); retry policy is RetryUpToMaximumCountWithFixedSleep(maxRetries=15, sleepTime=1000 MILLISECONDS)
2022-03-02 19:00:29,367 [EndpointStateMachine task thread for /127.0.0.1:39895 - 0 ] INFO  ipc.Client (Client.java:handleConnectionFailure(977)) - Retrying connect to server: localhost/127.0.0.1:39895. Already tried 1 time(s); retry policy is RetryUpToMaximumCountWithFixedSleep(maxRetries=15, sleepTime=1000 MILLISECONDS)
2022-03-02 19:00:29,396 [SCM Heartbeat Processing Thread - 0] WARN  node.NodeStateManager (NodeStateManager.java:scheduleNextHealthCheck(815)) - Current Thread is interrupted, shutting down HB processing thread for Node Manager.
2022-03-02 19:00:29,396 [Listener at 127.0.0.1/42139] INFO  server.StorageContainerManager (StorageContainerManager.java:stop(1453)) - Stopping block service RPC server
2022-03-02 19:00:29,396 [Listener at 127.0.0.1/42139] INFO  server.SCMBlockProtocolServer (SCMBlockProtocolServer.java:stop(160)) - Stopping the RPC server for Block Protocol
2022-03-02 19:00:29,396 [Listener at 127.0.0.1/42139] INFO  ipc.Server (Server.java:stop(3414)) - Stopping server on 37613
2022-03-02 19:00:29,400 [grpc-default-executor-0] WARN  server.GrpcLogAppender (LogUtils.java:warn(122)) - f746044e-06a5-45c2-8175-96f1febdd987@group-9B8B311B51AF->13153696-550a-4573-ab8b-f7fa9c2561e9-AppendLogResponseHandler: Failed appendEntries: org.apache.ratis.thirdparty.io.grpc.StatusRuntimeException: UNAVAILABLE: io exception
2022-03-02 19:00:29,400 [grpc-default-executor-0] INFO  leader.FollowerInfo (FollowerInfoImpl.java:lambda$new$0(47)) - f746044e-06a5-45c2-8175-96f1febdd987@group-9B8B311B51AF->13153696-550a-4573-ab8b-f7fa9c2561e9: nextIndex: updateUnconditionally 31 -> 30
2022-03-02 19:00:29,406 [Listener at 127.0.0.1/42139] INFO  server.StorageContainerManager (StorageContainerManager.java:stop(1460)) - Stopping the StorageContainerLocationProtocol RPC server
2022-03-02 19:00:29,406 [Listener at 127.0.0.1/42139] INFO  server.SCMClientProtocolServer (SCMClientProtocolServer.java:stop(174)) - Stopping the RPC server for Client Protocol
2022-03-02 19:00:29,406 [Listener at 127.0.0.1/42139] INFO  ipc.Server (Server.java:stop(3414)) - Stopping server on 46869
2022-03-02 19:00:29,407 [IPC Server listener on 37613] INFO  ipc.Server (Server.java:run(1376)) - Stopping IPC Server listener on 37613
2022-03-02 19:00:29,407 [IPC Server Responder] INFO  ipc.Server (Server.java:run(1512)) - Stopping IPC Server Responder
2022-03-02 19:00:29,409 [IPC Server listener on 46869] INFO  ipc.Server (Server.java:run(1376)) - Stopping IPC Server listener on 46869
2022-03-02 19:00:29,413 [Listener at 127.0.0.1/42139] INFO  server.StorageContainerManager (StorageContainerManager.java:stop(1467)) - Stopping Storage Container Manager HTTP server.
2022-03-02 19:00:29,414 [Listener at 127.0.0.1/42139] INFO  handler.ContextHandler (ContextHandler.java:doStop(1153)) - Stopped o.e.j.w.WebAppContext@318d0545{scm,/,null,STOPPED}{file:/home/runner/work/ozone/ozone/hadoop-ozone/integration-test/target/test-classes/webapps/scm}
2022-03-02 19:00:29,419 [Listener at 127.0.0.1/42139] INFO  server.AbstractConnector (AbstractConnector.java:doStop(381)) - Stopped ServerConnector@529503b0{HTTP/1.1, (http/1.1)}{0.0.0.0:44509}
2022-03-02 19:00:29,419 [Listener at 127.0.0.1/42139] INFO  server.session (HouseKeeper.java:stopScavenging(149)) - node0 Stopped scavenging
2022-03-02 19:00:29,419 [Listener at 127.0.0.1/42139] INFO  handler.ContextHandler (ContextHandler.java:doStop(1153)) - Stopped o.e.j.s.ServletContextHandler@7a248528{static,/static,file:///home/runner/work/ozone/ozone/hadoop-ozone/integration-test/target/test-classes/webapps/static,STOPPED}
2022-03-02 19:00:29,420 [Listener at 127.0.0.1/42139] INFO  handler.ContextHandler (ContextHandler.java:doStop(1153)) - Stopped o.e.j.s.ServletContextHandler@6b620300{logs,/logs,file:///home/runner/work/ozone/ozone/hadoop-ozone/integration-test/target/log,STOPPED}
2022-03-02 19:00:29,420 [Listener at 127.0.0.1/42139] INFO  server.StorageContainerManager (StorageContainerManager.java:stop(1478)) - Stopping Block Manager Service.
2022-03-02 19:00:29,421 [Listener at 127.0.0.1/42139] INFO  utils.BackgroundService (BackgroundService.java:shutdown(132)) - Shutting down service SCMBlockDeletingService
2022-03-02 19:00:29,421 [IPC Server Responder] INFO  ipc.Server (Server.java:run(1512)) - Stopping IPC Server Responder
2022-03-02 19:00:29,423 [Listener at 127.0.0.1/42139] INFO  utils.BackgroundService (BackgroundService.java:shutdown(132)) - Shutting down service SCMBlockDeletingService
2022-03-02 19:00:29,423 [Listener at 127.0.0.1/42139] INFO  server.StorageContainerManager (StorageContainerManager.java:stop(1505)) - Stopping SCM Event Queue.
2022-03-02 19:00:29,425 [Listener at 127.0.0.1/42139] INFO  server.StorageContainerManager (StorageContainerManager.java:stop(1516)) - Stopping SCM HA services.
2022-03-02 19:00:29,425 [Listener at 127.0.0.1/42139] INFO  ha.SCMRatisServerImpl (SCMRatisServerImpl.java:stop(236)) - stopping ratis server 0.0.0.0:32791
2022-03-02 19:00:29,426 [Listener at 127.0.0.1/42139] INFO  server.RaftServer (RaftServerProxy.java:lambda$close$6(391)) - f746044e-06a5-45c2-8175-96f1febdd987: close
2022-03-02 19:00:29,426 [Listener at 127.0.0.1/42139] INFO  server.RaftServer$Division (RaftServerImpl.java:lambda$close$4(412)) - f746044e-06a5-45c2-8175-96f1febdd987@group-9B8B311B51AF: shutdown
2022-03-02 19:00:29,426 [Listener at 127.0.0.1/42139] INFO  util.JmxRegister (JmxRegister.java:unregister(73)) - Successfully un-registered JMX Bean with object name Ratis:service=RaftServer,group=group-9B8B311B51AF,id=f746044e-06a5-45c2-8175-96f1febdd987
2022-03-02 19:00:29,426 [Listener at 127.0.0.1/42139] INFO  impl.RoleInfo (RoleInfo.java:shutdownLeaderState(91)) - f746044e-06a5-45c2-8175-96f1febdd987: shutdown f746044e-06a5-45c2-8175-96f1febdd987@group-9B8B311B51AF-LeaderStateImpl
2022-03-02 19:00:29,426 [Listener at 127.0.0.1/42139] INFO  impl.PendingRequests (PendingRequests.java:sendNotLeaderResponses(282)) - f746044e-06a5-45c2-8175-96f1febdd987@group-9B8B311B51AF-PendingRequests: sendNotLeaderResponses
2022-03-02 19:00:29,427 [f746044e-06a5-45c2-8175-96f1febdd987@group-9B8B311B51AF->3b6c5475-24e7-4d17-bb16-57441daa5342-GrpcLogAppender-LogAppenderDaemon] WARN  server.GrpcLogAppender (GrpcLogAppender.java:mayWait(177)) - f746044e-06a5-45c2-8175-96f1febdd987@group-9B8B311B51AF->3b6c5475-24e7-4d17-bb16-57441daa5342-GrpcLogAppender: Wait interrupted by java.lang.InterruptedException
2022-03-02 19:00:29,427 [f746044e-06a5-45c2-8175-96f1febdd987@group-9B8B311B51AF->13153696-550a-4573-ab8b-f7fa9c2561e9-GrpcLogAppender-LogAppenderDaemon] WARN  server.GrpcLogAppender (GrpcLogAppender.java:mayWait(177)) - f746044e-06a5-45c2-8175-96f1febdd987@group-9B8B311B51AF->13153696-550a-4573-ab8b-f7fa9c2561e9-GrpcLogAppender: Wait interrupted by java.lang.InterruptedException
2022-03-02 19:00:29,427 [Listener at 127.0.0.1/42139] INFO  ha.SCMStateMachine (SCMStateMachine.java:notifyNotLeader(190)) - current leader SCM steps down.
2022-03-02 19:00:29,427 [Listener at 127.0.0.1/42139] INFO  ha.SCMContext (SCMContext.java:updateLeaderAndTerm(90)) - update <isLeader,term> from <true,2> to <false,0>
2022-03-02 19:00:29,427 [Listener at 127.0.0.1/42139] INFO  ha.SCMContext (SCMContext.java:updateLeaderAndTerm(97)) - update <isLeaderReady> from <false> to <false>
2022-03-02 19:00:29,438 [Listener at 127.0.0.1/42139] INFO  impl.StateMachineUpdater (StateMachineUpdater.java:stopAndJoin(149)) - f746044e-06a5-45c2-8175-96f1febdd987@group-9B8B311B51AF-StateMachineUpdater: set stopIndex = 30
2022-03-02 19:00:29,439 [Listener at 127.0.0.1/42139] INFO  server.RaftServer$Division (ServerState.java:close(419)) - f746044e-06a5-45c2-8175-96f1febdd987@group-9B8B311B51AF: closes. applyIndex: 30
2022-03-02 19:00:29,439 [f746044e-06a5-45c2-8175-96f1febdd987@group-9B8B311B51AF-SegmentedRaftLogWorker] INFO  segmented.SegmentedRaftLogWorker (SegmentedRaftLogWorker.java:run(327)) - f746044e-06a5-45c2-8175-96f1febdd987@group-9B8B311B51AF-SegmentedRaftLogWorker was interrupted, exiting. There are 0 tasks remaining in the queue.
2022-03-02 19:00:29,440 [Listener at 127.0.0.1/42139] INFO  segmented.SegmentedRaftLogWorker (SegmentedRaftLogWorker.java:close(237)) - f746044e-06a5-45c2-8175-96f1febdd987@group-9B8B311B51AF-SegmentedRaftLogWorker close()
2022-03-02 19:00:29,441 [Listener at 127.0.0.1/42139] INFO  server.GrpcService (GrpcService.java:closeImpl(262)) - f746044e-06a5-45c2-8175-96f1febdd987: shutdown server with port 32791 now
2022-03-02 19:00:29,442 [Listener at 127.0.0.1/42139] INFO  server.GrpcService (GrpcService.java:closeImpl(271)) - f746044e-06a5-45c2-8175-96f1febdd987: shutdown server with port 32791 successfully
2022-03-02 19:00:29,442 [org.apache.ratis.util.JvmPauseMonitor$$Lambda$503/666911607@4bd4960e] INFO  util.JvmPauseMonitor (JvmPauseMonitor.java:run(109)) - JvmPauseMonitor-f746044e-06a5-45c2-8175-96f1febdd987: Stopped
2022-03-02 19:00:29,446 [Listener at 127.0.0.1/42139] INFO  pipeline.BackgroundPipelineCreator (BackgroundPipelineCreator.java:stop(158)) - Stopping RatisPipelineUtilsThread.
2022-03-02 19:00:29,446 [Listener at 127.0.0.1/42139] INFO  server.StorageContainerManager (StorageContainerManager.java:stop(1526)) - Stopping SCM MetadataStore.
2022-03-02 19:00:29,448 [Listener at 127.0.0.1/42139] INFO  impl.MetricsSystemImpl (MetricsSystemImpl.java:stop(205)) - StorageContainerManager metrics system stopped (again)
2022-03-02 19:00:29,448 [Listener at 127.0.0.1/42139] INFO  ozone.MiniOzoneClusterImpl (MiniOzoneClusterImpl.java:stop(464)) - Stopping the Mini Ozone Cluster
2022-03-02 19:00:29,448 [Listener at 127.0.0.1/42139] INFO  ozone.MiniOzoneClusterImpl (MiniOzoneClusterImpl.java:stopDatanodes(523)) - Stopping the HddsDatanodes
2022-03-02 19:00:29,862 [Datanode State Machine Daemon Thread] WARN  statemachine.StateContext (StateContext.java:setState(250)) - Ignore disallowed transition from SHUTDOWN to RUNNING
2022-03-02 19:00:29,958 [EndpointStateMachine task thread for /127.0.0.1:38087 - 0 ] INFO  ipc.Client (Client.java:handleConnectionFailure(977)) - Retrying connect to server: localhost/127.0.0.1:38087. Already tried 0 time(s); retry policy is RetryUpToMaximumCountWithFixedSleep(maxRetries=15, sleepTime=1000 MILLISECONDS)
2022-03-02 19:00:29,975 [EndpointStateMachine task thread for /127.0.0.1:45277 - 0 ] INFO  ipc.Client (Client.java:handleConnectionFailure(977)) - Retrying connect to server: localhost/127.0.0.1:45277. Already tried 0 time(s); retry policy is RetryUpToMaximumCountWithFixedSleep(maxRetries=15, sleepTime=1000 MILLISECONDS)
2022-03-02 19:00:29,976 [EndpointStateMachine task thread for /127.0.0.1:35087 - 0 ] INFO  ipc.Client (Client.java:handleConnectionFailure(977)) - Retrying connect to server: localhost/127.0.0.1:35087. Already tried 0 time(s); retry policy is RetryUpToMaximumCountWithFixedSleep(maxRetries=15, sleepTime=1000 MILLISECONDS)
2022-03-02 19:00:30,245 [Datanode State Machine Daemon Thread] WARN  statemachine.StateContext (StateContext.java:setState(250)) - Ignore disallowed transition from SHUTDOWN to RUNNING
2022-03-02 19:00:30,246 [EndpointStateMachine task thread for /127.0.0.1:32779 - 0 ] INFO  ipc.Client (Client.java:handleConnectionFailure(977)) - Retrying connect to server: localhost/127.0.0.1:32779. Already tried 2 time(s); retry policy is RetryUpToMaximumCountWithFixedSleep(maxRetries=15, sleepTime=1000 MILLISECONDS)
2022-03-02 19:00:30,246 [EndpointStateMachine task thread for /127.0.0.1:46849 - 0 ] INFO  ipc.Client (Client.java:handleConnectionFailure(977)) - Retrying connect to server: localhost/127.0.0.1:46849. Already tried 2 time(s); retry policy is RetryUpToMaximumCountWithFixedSleep(maxRetries=15, sleepTime=1000 MILLISECONDS)
2022-03-02 19:00:30,367 [EndpointStateMachine task thread for /127.0.0.1:39895 - 0 ] INFO  ipc.Client (Client.java:handleConnectionFailure(977)) - Retrying connect to server: localhost/127.0.0.1:39895. Already tried 2 time(s); retry policy is RetryUpToMaximumCountWithFixedSleep(maxRetries=15, sleepTime=1000 MILLISECONDS)
2022-03-02 19:00:30,959 [EndpointStateMachine task thread for /127.0.0.1:38087 - 0 ] INFO  ipc.Client (Client.java:handleConnectionFailure(977)) - Retrying connect to server: localhost/127.0.0.1:38087. Already tried 1 time(s); retry policy is RetryUpToMaximumCountWithFixedSleep(maxRetries=15, sleepTime=1000 MILLISECONDS)
2022-03-02 19:00:30,975 [EndpointStateMachine task thread for /127.0.0.1:45277 - 0 ] INFO  ipc.Client (Client.java:handleConnectionFailure(977)) - Retrying connect to server: localhost/127.0.0.1:45277. Already tried 1 time(s); retry policy is RetryUpToMaximumCountWithFixedSleep(maxRetries=15, sleepTime=1000 MILLISECONDS)
2022-03-02 19:00:30,977 [EndpointStateMachine task thread for /127.0.0.1:35087 - 0 ] INFO  ipc.Client (Client.java:handleConnectionFailure(977)) - Retrying connect to server: localhost/127.0.0.1:35087. Already tried 1 time(s); retry policy is RetryUpToMaximumCountWithFixedSleep(maxRetries=15, sleepTime=1000 MILLISECONDS)
2022-03-02 19:00:31,247 [EndpointStateMachine task thread for /127.0.0.1:32779 - 0 ] INFO  ipc.Client (Client.java:handleConnectionFailure(977)) - Retrying connect to server: localhost/127.0.0.1:32779. Already tried 3 time(s); retry policy is RetryUpToMaximumCountWithFixedSleep(maxRetries=15, sleepTime=1000 MILLISECONDS)
2022-03-02 19:00:31,247 [EndpointStateMachine task thread for /127.0.0.1:46849 - 0 ] INFO  ipc.Client (Client.java:handleConnectionFailure(977)) - Retrying connect to server: localhost/127.0.0.1:46849. Already tried 3 time(s); retry policy is RetryUpToMaximumCountWithFixedSleep(maxRetries=15, sleepTime=1000 MILLISECONDS)
2022-03-02 19:00:31,368 [EndpointStateMachine task thread for /127.0.0.1:39895 - 0 ] INFO  ipc.Client (Client.java:handleConnectionFailure(977)) - Retrying connect to server: localhost/127.0.0.1:39895. Already tried 3 time(s); retry policy is RetryUpToMaximumCountWithFixedSleep(maxRetries=15, sleepTime=1000 MILLISECONDS)
2022-03-02 19:00:31,959 [EndpointStateMachine task thread for /127.0.0.1:38087 - 0 ] INFO  ipc.Client (Client.java:handleConnectionFailure(977)) - Retrying connect to server: localhost/127.0.0.1:38087. Already tried 2 time(s); retry policy is RetryUpToMaximumCountWithFixedSleep(maxRetries=15, sleepTime=1000 MILLISECONDS)
2022-03-02 19:00:31,975 [EndpointStateMachine task thread for /127.0.0.1:45277 - 0 ] INFO  ipc.Client (Client.java:handleConnectionFailure(977)) - Retrying connect to server: localhost/127.0.0.1:45277. Already tried 2 time(s); retry policy is RetryUpToMaximumCountWithFixedSleep(maxRetries=15, sleepTime=1000 MILLISECONDS)
2022-03-02 19:00:31,977 [EndpointStateMachine task thread for /127.0.0.1:35087 - 0 ] INFO  ipc.Client (Client.java:handleConnectionFailure(977)) - Retrying connect to server: localhost/127.0.0.1:35087. Already tried 2 time(s); retry policy is RetryUpToMaximumCountWithFixedSleep(maxRetries=15, sleepTime=1000 MILLISECONDS)
2022-03-02 19:00:32,247 [EndpointStateMachine task thread for /127.0.0.1:32779 - 0 ] INFO  ipc.Client (Client.java:handleConnectionFailure(977)) - Retrying connect to server: localhost/127.0.0.1:32779. Already tried 4 time(s); retry policy is RetryUpToMaximumCountWithFixedSleep(maxRetries=15, sleepTime=1000 MILLISECONDS)
2022-03-02 19:00:32,248 [EndpointStateMachine task thread for /127.0.0.1:46849 - 0 ] INFO  ipc.Client (Client.java:handleConnectionFailure(977)) - Retrying connect to server: localhost/127.0.0.1:46849. Already tried 4 time(s); retry policy is RetryUpToMaximumCountWithFixedSleep(maxRetries=15, sleepTime=1000 MILLISECONDS)
2022-03-02 19:00:32,368 [EndpointStateMachine task thread for /127.0.0.1:39895 - 0 ] INFO  ipc.Client (Client.java:handleConnectionFailure(977)) - Retrying connect to server: localhost/127.0.0.1:39895. Already tried 4 time(s); retry policy is RetryUpToMaximumCountWithFixedSleep(maxRetries=15, sleepTime=1000 MILLISECONDS)
2022-03-02 19:00:32,960 [EndpointStateMachine task thread for /127.0.0.1:38087 - 0 ] INFO  ipc.Client (Client.java:handleConnectionFailure(977)) - Retrying connect to server: localhost/127.0.0.1:38087. Already tried 3 time(s); retry policy is RetryUpToMaximumCountWithFixedSleep(maxRetries=15, sleepTime=1000 MILLISECONDS)
2022-03-02 19:00:32,976 [EndpointStateMachine task thread for /127.0.0.1:45277 - 0 ] INFO  ipc.Client (Client.java:handleConnectionFailure(977)) - Retrying connect to server: localhost/127.0.0.1:45277. Already tried 3 time(s); retry policy is RetryUpToMaximumCountWithFixedSleep(maxRetries=15, sleepTime=1000 MILLISECONDS)
2022-03-02 19:00:32,977 [EndpointStateMachine task thread for /127.0.0.1:35087 - 0 ] INFO  ipc.Client (Client.java:handleConnectionFailure(977)) - Retrying connect to server: localhost/127.0.0.1:35087. Already tried 3 time(s); retry policy is RetryUpToMaximumCountWithFixedSleep(maxRetries=15, sleepTime=1000 MILLISECONDS)
2022-03-02 19:00:33,248 [EndpointStateMachine task thread for /127.0.0.1:32779 - 0 ] INFO  ipc.Client (Client.java:handleConnectionFailure(977)) - Retrying connect to server: localhost/127.0.0.1:32779. Already tried 5 time(s); retry policy is RetryUpToMaximumCountWithFixedSleep(maxRetries=15, sleepTime=1000 MILLISECONDS)
2022-03-02 19:00:33,248 [EndpointStateMachine task thread for /127.0.0.1:46849 - 0 ] INFO  ipc.Client (Client.java:handleConnectionFailure(977)) - Retrying connect to server: localhost/127.0.0.1:46849. Already tried 5 time(s); retry policy is RetryUpToMaximumCountWithFixedSleep(maxRetries=15, sleepTime=1000 MILLISECONDS)
2022-03-02 19:00:33,369 [EndpointStateMachine task thread for /127.0.0.1:39895 - 0 ] INFO  ipc.Client (Client.java:handleConnectionFailure(977)) - Retrying connect to server: localhost/127.0.0.1:39895. Already tried 5 time(s); retry policy is RetryUpToMaximumCountWithFixedSleep(maxRetries=15, sleepTime=1000 MILLISECONDS)
2022-03-02 19:00:33,961 [EndpointStateMachine task thread for /127.0.0.1:38087 - 0 ] INFO  ipc.Client (Client.java:handleConnectionFailure(977)) - Retrying connect to server: localhost/127.0.0.1:38087. Already tried 4 time(s); retry policy is RetryUpToMaximumCountWithFixedSleep(maxRetries=15, sleepTime=1000 MILLISECONDS)
2022-03-02 19:00:33,976 [EndpointStateMachine task thread for /127.0.0.1:45277 - 0 ] INFO  ipc.Client (Client.java:handleConnectionFailure(977)) - Retrying connect to server: localhost/127.0.0.1:45277. Already tried 4 time(s); retry policy is RetryUpToMaximumCountWithFixedSleep(maxRetries=15, sleepTime=1000 MILLISECONDS)
2022-03-02 19:00:33,978 [EndpointStateMachine task thread for /127.0.0.1:35087 - 0 ] INFO  ipc.Client (Client.java:handleConnectionFailure(977)) - Retrying connect to server: localhost/127.0.0.1:35087. Already tried 4 time(s); retry policy is RetryUpToMaximumCountWithFixedSleep(maxRetries=15, sleepTime=1000 MILLISECONDS)
2022-03-02 19:00:34,249 [EndpointStateMachine task thread for /127.0.0.1:32779 - 0 ] INFO  ipc.Client (Client.java:handleConnectionFailure(977)) - Retrying connect to server: localhost/127.0.0.1:32779. Already tried 6 time(s); retry policy is RetryUpToMaximumCountWithFixedSleep(maxRetries=15, sleepTime=1000 MILLISECONDS)
2022-03-02 19:00:34,249 [EndpointStateMachine task thread for /127.0.0.1:46849 - 0 ] INFO  ipc.Client (Client.java:handleConnectionFailure(977)) - Retrying connect to server: localhost/127.0.0.1:46849. Already tried 6 time(s); retry policy is RetryUpToMaximumCountWithFixedSleep(maxRetries=15, sleepTime=1000 MILLISECONDS)
2022-03-02 19:00:34,370 [EndpointStateMachine task thread for /127.0.0.1:39895 - 0 ] INFO  ipc.Client (Client.java:handleConnectionFailure(977)) - Retrying connect to server: localhost/127.0.0.1:39895. Already tried 6 time(s); retry policy is RetryUpToMaximumCountWithFixedSleep(maxRetries=15, sleepTime=1000 MILLISECONDS)
2022-03-02 19:00:34,449 [Listener at 127.0.0.1/42139] INFO  ozoneimpl.OzoneContainer (OzoneContainer.java:stop(356)) - Attempting to stop container services.
2022-03-02 19:00:34,450 [ForkJoinPool.commonPool-worker-0] INFO  ozoneimpl.OzoneContainer (OzoneContainer.java:stop(356)) - Attempting to stop container services.
2022-03-02 19:00:34,451 [Listener at 127.0.0.1/42139] INFO  server.RaftServer (RaftServerProxy.java:lambda$close$6(391)) - a730aa12-8e10-43d5-9e4d-8226ddf6a853: close
2022-03-02 19:00:34,451 [Listener at 127.0.0.1/42139] INFO  server.RaftServer$Division (RaftServerImpl.java:lambda$close$4(412)) - a730aa12-8e10-43d5-9e4d-8226ddf6a853@group-1A55FEB1424C: shutdown
2022-03-02 19:00:34,451 [Listener at 127.0.0.1/42139] INFO  util.JmxRegister (JmxRegister.java:unregister(73)) - Successfully un-registered JMX Bean with object name Ratis:service=RaftServer,group=group-1A55FEB1424C,id=a730aa12-8e10-43d5-9e4d-8226ddf6a853
2022-03-02 19:00:34,451 [Listener at 127.0.0.1/42139] INFO  impl.RoleInfo (RoleInfo.java:shutdownFollowerState(108)) - a730aa12-8e10-43d5-9e4d-8226ddf6a853: shutdown a730aa12-8e10-43d5-9e4d-8226ddf6a853@group-1A55FEB1424C-FollowerState
2022-03-02 19:00:34,451 [Listener at 127.0.0.1/42139] INFO  impl.StateMachineUpdater (StateMachineUpdater.java:stopAndJoin(149)) - a730aa12-8e10-43d5-9e4d-8226ddf6a853@group-1A55FEB1424C-StateMachineUpdater: set stopIndex = 0
2022-03-02 19:00:34,452 [a730aa12-8e10-43d5-9e4d-8226ddf6a853@group-1A55FEB1424C-StateMachineUpdater] INFO  ratis.ContainerStateMachine (ContainerStateMachine.java:takeSnapshot(304)) - group-1A55FEB1424C: Taking a snapshot at:(t:1, i:0) file /home/runner/work/ozone/ozone/hadoop-ozone/integration-test/target/test-dir/MiniOzoneClusterImpl-5ed764c8-eddb-4368-ac32-9b8b311b51af/datanode-1/data/ratis/b9eebb0d-29d0-4ad9-86a2-1a55feb1424c/sm/snapshot.1_0
2022-03-02 19:00:34,451 [a730aa12-8e10-43d5-9e4d-8226ddf6a853@group-1A55FEB1424C-FollowerState] INFO  impl.FollowerState (FollowerState.java:run(143)) - a730aa12-8e10-43d5-9e4d-8226ddf6a853@group-1A55FEB1424C-FollowerState was interrupted: {}
java.lang.InterruptedException: sleep interrupted
	at java.lang.Thread.sleep(Native Method)
	at java.lang.Thread.sleep(Thread.java:342)
	at java.util.concurrent.TimeUnit.sleep(TimeUnit.java:386)
	at org.apache.ratis.util.TimeDuration.sleep(TimeDuration.java:324)
	at org.apache.ratis.util.TimeDuration.sleep(TimeDuration.java:309)
	at org.apache.ratis.server.impl.FollowerState.run(FollowerState.java:118)
2022-03-02 19:00:34,452 [ForkJoinPool.commonPool-worker-0] INFO  server.RaftServer (RaftServerProxy.java:lambda$close$6(391)) - aa697790-8875-4a1b-830b-e84d121175f0: close
2022-03-02 19:00:34,452 [ForkJoinPool.commonPool-worker-0] INFO  server.RaftServer$Division (RaftServerImpl.java:lambda$close$4(412)) - aa697790-8875-4a1b-830b-e84d121175f0@group-1A55FEB1424C: shutdown
2022-03-02 19:00:34,452 [ForkJoinPool.commonPool-worker-0] INFO  util.JmxRegister (JmxRegister.java:unregister(73)) - Successfully un-registered JMX Bean with object name Ratis:service=RaftServer,group=group-1A55FEB1424C,id=aa697790-8875-4a1b-830b-e84d121175f0
2022-03-02 19:00:34,453 [ForkJoinPool.commonPool-worker-0] INFO  impl.RoleInfo (RoleInfo.java:shutdownLeaderState(91)) - aa697790-8875-4a1b-830b-e84d121175f0: shutdown aa697790-8875-4a1b-830b-e84d121175f0@group-1A55FEB1424C-LeaderStateImpl
2022-03-02 19:00:34,453 [aa697790-8875-4a1b-830b-e84d121175f0@group-1A55FEB1424C->a730aa12-8e10-43d5-9e4d-8226ddf6a853-GrpcLogAppender-LogAppenderDaemon] WARN  server.GrpcLogAppender (GrpcLogAppender.java:mayWait(177)) - aa697790-8875-4a1b-830b-e84d121175f0@group-1A55FEB1424C->a730aa12-8e10-43d5-9e4d-8226ddf6a853-GrpcLogAppender: Wait interrupted by java.lang.InterruptedException
2022-03-02 19:00:34,453 [ForkJoinPool.commonPool-worker-0] INFO  impl.PendingRequests (PendingRequests.java:sendNotLeaderResponses(282)) - aa697790-8875-4a1b-830b-e84d121175f0@group-1A55FEB1424C-PendingRequests: sendNotLeaderResponses
2022-03-02 19:00:34,453 [ForkJoinPool.commonPool-worker-0] INFO  impl.StateMachineUpdater (StateMachineUpdater.java:stopAndJoin(149)) - aa697790-8875-4a1b-830b-e84d121175f0@group-1A55FEB1424C-StateMachineUpdater: set stopIndex = 0
2022-03-02 19:00:34,454 [aa697790-8875-4a1b-830b-e84d121175f0@group-1A55FEB1424C->b53c45b1-3941-4685-95cb-36e9d2366fdc-GrpcLogAppender-LogAppenderDaemon] WARN  server.GrpcLogAppender (GrpcLogAppender.java:mayWait(177)) - aa697790-8875-4a1b-830b-e84d121175f0@group-1A55FEB1424C->b53c45b1-3941-4685-95cb-36e9d2366fdc-GrpcLogAppender: Wait interrupted by java.lang.InterruptedException
2022-03-02 19:00:34,454 [grpc-default-executor-0] INFO  server.GrpcServerProtocolService (GrpcServerProtocolService.java:onCompleted(140)) - b53c45b1-3941-4685-95cb-36e9d2366fdc: Completed APPEND_ENTRIES, lastRequest: aa697790-8875-4a1b-830b-e84d121175f0->b53c45b1-3941-4685-95cb-36e9d2366fdc#1-t1,previous=(t:0, i:0),leaderCommit=-1,initializing? true,entries: size=1, first=(t:1, i:0), CONFIGURATIONENTRY
2022-03-02 19:00:34,454 [grpc-default-executor-3] INFO  server.GrpcServerProtocolService (GrpcServerProtocolService.java:onCompleted(140)) - a730aa12-8e10-43d5-9e4d-8226ddf6a853: Completed APPEND_ENTRIES, lastRequest: aa697790-8875-4a1b-830b-e84d121175f0->a730aa12-8e10-43d5-9e4d-8226ddf6a853#1-t1,previous=(t:0, i:0),leaderCommit=0,initializing? true,entries: size=1, first=(t:1, i:0), CONFIGURATIONENTRY
2022-03-02 19:00:34,454 [aa697790-8875-4a1b-830b-e84d121175f0@group-1A55FEB1424C-StateMachineUpdater] INFO  ratis.ContainerStateMachine (ContainerStateMachine.java:takeSnapshot(304)) - group-1A55FEB1424C: Taking a snapshot at:(t:1, i:0) file /home/runner/work/ozone/ozone/hadoop-ozone/integration-test/target/test-dir/MiniOzoneClusterImpl-5ed764c8-eddb-4368-ac32-9b8b311b51af/datanode-0/data/ratis/b9eebb0d-29d0-4ad9-86a2-1a55feb1424c/sm/snapshot.1_0
2022-03-02 19:00:34,456 [aa697790-8875-4a1b-830b-e84d121175f0@group-1A55FEB1424C-StateMachineUpdater] INFO  ratis.ContainerStateMachine (ContainerStateMachine.java:takeSnapshot(315)) - group-1A55FEB1424C: Finished taking a snapshot at:(t:1, i:0) file:/home/runner/work/ozone/ozone/hadoop-ozone/integration-test/target/test-dir/MiniOzoneClusterImpl-5ed764c8-eddb-4368-ac32-9b8b311b51af/datanode-0/data/ratis/b9eebb0d-29d0-4ad9-86a2-1a55feb1424c/sm/snapshot.1_0 took: 1 ms
2022-03-02 19:00:34,456 [aa697790-8875-4a1b-830b-e84d121175f0@group-1A55FEB1424C-StateMachineUpdater] INFO  impl.StateMachineUpdater (StateMachineUpdater.java:takeSnapshot(281)) - aa697790-8875-4a1b-830b-e84d121175f0@group-1A55FEB1424C-StateMachineUpdater: Took a snapshot at index 0
2022-03-02 19:00:34,456 [aa697790-8875-4a1b-830b-e84d121175f0@group-1A55FEB1424C-StateMachineUpdater] INFO  impl.StateMachineUpdater (StateMachineUpdater.java:lambda$new$0(89)) - aa697790-8875-4a1b-830b-e84d121175f0@group-1A55FEB1424C-StateMachineUpdater: snapshotIndex: updateIncreasingly -1 -> 0
2022-03-02 19:00:34,456 [ForkJoinPool.commonPool-worker-0] INFO  server.RaftServer$Division (ServerState.java:close(419)) - aa697790-8875-4a1b-830b-e84d121175f0@group-1A55FEB1424C: closes. applyIndex: 0
2022-03-02 19:00:34,456 [aa697790-8875-4a1b-830b-e84d121175f0@group-1A55FEB1424C-SegmentedRaftLogWorker] INFO  segmented.SegmentedRaftLogWorker (SegmentedRaftLogWorker.java:run(327)) - aa697790-8875-4a1b-830b-e84d121175f0@group-1A55FEB1424C-SegmentedRaftLogWorker was interrupted, exiting. There are 0 tasks remaining in the queue.
2022-03-02 19:00:34,459 [ForkJoinPool.commonPool-worker-0] INFO  segmented.SegmentedRaftLogWorker (SegmentedRaftLogWorker.java:close(237)) - aa697790-8875-4a1b-830b-e84d121175f0@group-1A55FEB1424C-SegmentedRaftLogWorker close()
2022-03-02 19:00:34,460 [ForkJoinPool.commonPool-worker-0] INFO  server.RaftServer$Division (RaftServerImpl.java:lambda$close$4(412)) - aa697790-8875-4a1b-830b-e84d121175f0@group-C4B1A2EFFCB1: shutdown
2022-03-02 19:00:34,460 [ForkJoinPool.commonPool-worker-0] INFO  util.JmxRegister (JmxRegister.java:unregister(73)) - Successfully un-registered JMX Bean with object name Ratis:service=RaftServer,group=group-C4B1A2EFFCB1,id=aa697790-8875-4a1b-830b-e84d121175f0
2022-03-02 19:00:34,460 [ForkJoinPool.commonPool-worker-0] INFO  impl.RoleInfo (RoleInfo.java:shutdownFollowerState(108)) - aa697790-8875-4a1b-830b-e84d121175f0: shutdown aa697790-8875-4a1b-830b-e84d121175f0@group-C4B1A2EFFCB1-FollowerState
2022-03-02 19:00:34,460 [ForkJoinPool.commonPool-worker-0] INFO  impl.StateMachineUpdater (StateMachineUpdater.java:stopAndJoin(149)) - aa697790-8875-4a1b-830b-e84d121175f0@group-C4B1A2EFFCB1-StateMachineUpdater: set stopIndex = 0
2022-03-02 19:00:34,461 [a730aa12-8e10-43d5-9e4d-8226ddf6a853@group-1A55FEB1424C-StateMachineUpdater] INFO  ratis.ContainerStateMachine (ContainerStateMachine.java:takeSnapshot(315)) - group-1A55FEB1424C: Finished taking a snapshot at:(t:1, i:0) file:/home/runner/work/ozone/ozone/hadoop-ozone/integration-test/target/test-dir/MiniOzoneClusterImpl-5ed764c8-eddb-4368-ac32-9b8b311b51af/datanode-1/data/ratis/b9eebb0d-29d0-4ad9-86a2-1a55feb1424c/sm/snapshot.1_0 took: 9 ms
2022-03-02 19:00:34,461 [aa697790-8875-4a1b-830b-e84d121175f0@group-C4B1A2EFFCB1-StateMachineUpdater] INFO  ratis.ContainerStateMachine (ContainerStateMachine.java:takeSnapshot(304)) - group-C4B1A2EFFCB1: Taking a snapshot at:(t:3, i:0) file /home/runner/work/ozone/ozone/hadoop-ozone/integration-test/target/test-dir/MiniOzoneClusterImpl-5ed764c8-eddb-4368-ac32-9b8b311b51af/datanode-0/data/ratis/bff1bd11-539b-4edf-98de-c4b1a2effcb1/sm/snapshot.3_0
2022-03-02 19:00:34,461 [aa697790-8875-4a1b-830b-e84d121175f0@group-C4B1A2EFFCB1-FollowerState] INFO  impl.FollowerState (FollowerState.java:run(143)) - aa697790-8875-4a1b-830b-e84d121175f0@group-C4B1A2EFFCB1-FollowerState was interrupted: {}
java.lang.InterruptedException: sleep interrupted
	at java.lang.Thread.sleep(Native Method)
	at java.lang.Thread.sleep(Thread.java:342)
	at java.util.concurrent.TimeUnit.sleep(TimeUnit.java:386)
	at org.apache.ratis.util.TimeDuration.sleep(TimeDuration.java:324)
	at org.apache.ratis.util.TimeDuration.sleep(TimeDuration.java:309)
	at org.apache.ratis.server.impl.FollowerState.run(FollowerState.java:118)
2022-03-02 19:00:34,461 [grpc-default-executor-3] INFO  server.GrpcLogAppender (GrpcLogAppender.java:onCompleted(346)) - aa697790-8875-4a1b-830b-e84d121175f0@group-1A55FEB1424C->b53c45b1-3941-4685-95cb-36e9d2366fdc-AppendLogResponseHandler: follower responses appendEntries COMPLETED
2022-03-02 19:00:34,461 [a730aa12-8e10-43d5-9e4d-8226ddf6a853@group-1A55FEB1424C-StateMachineUpdater] INFO  impl.StateMachineUpdater (StateMachineUpdater.java:takeSnapshot(281)) - a730aa12-8e10-43d5-9e4d-8226ddf6a853@group-1A55FEB1424C-StateMachineUpdater: Took a snapshot at index 0
2022-03-02 19:00:34,461 [a730aa12-8e10-43d5-9e4d-8226ddf6a853@group-1A55FEB1424C-StateMachineUpdater] INFO  impl.StateMachineUpdater (StateMachineUpdater.java:lambda$new$0(89)) - a730aa12-8e10-43d5-9e4d-8226ddf6a853@group-1A55FEB1424C-StateMachineUpdater: snapshotIndex: updateIncreasingly -1 -> 0
2022-03-02 19:00:34,461 [grpc-default-executor-3] INFO  leader.FollowerInfo (FollowerInfoImpl.java:lambda$new$0(47)) - aa697790-8875-4a1b-830b-e84d121175f0@group-1A55FEB1424C->b53c45b1-3941-4685-95cb-36e9d2366fdc: nextIndex: updateUnconditionally 1 -> 0
2022-03-02 19:00:34,461 [grpc-default-executor-3] INFO  server.GrpcLogAppender (GrpcLogAppender.java:onCompleted(346)) - aa697790-8875-4a1b-830b-e84d121175f0@group-1A55FEB1424C->a730aa12-8e10-43d5-9e4d-8226ddf6a853-AppendLogResponseHandler: follower responses appendEntries COMPLETED
2022-03-02 19:00:34,461 [grpc-default-executor-3] INFO  leader.FollowerInfo (FollowerInfoImpl.java:lambda$new$0(47)) - aa697790-8875-4a1b-830b-e84d121175f0@group-1A55FEB1424C->a730aa12-8e10-43d5-9e4d-8226ddf6a853: nextIndex: updateUnconditionally 1 -> 0
2022-03-02 19:00:34,462 [aa697790-8875-4a1b-830b-e84d121175f0@group-C4B1A2EFFCB1-StateMachineUpdater] INFO  ratis.ContainerStateMachine (ContainerStateMachine.java:takeSnapshot(315)) - group-C4B1A2EFFCB1: Finished taking a snapshot at:(t:3, i:0) file:/home/runner/work/ozone/ozone/hadoop-ozone/integration-test/target/test-dir/MiniOzoneClusterImpl-5ed764c8-eddb-4368-ac32-9b8b311b51af/datanode-0/data/ratis/bff1bd11-539b-4edf-98de-c4b1a2effcb1/sm/snapshot.3_0 took: 1 ms
2022-03-02 19:00:34,462 [aa697790-8875-4a1b-830b-e84d121175f0@group-C4B1A2EFFCB1-StateMachineUpdater] INFO  impl.StateMachineUpdater (StateMachineUpdater.java:takeSnapshot(281)) - aa697790-8875-4a1b-830b-e84d121175f0@group-C4B1A2EFFCB1-StateMachineUpdater: Took a snapshot at index 0
2022-03-02 19:00:34,462 [aa697790-8875-4a1b-830b-e84d121175f0@group-C4B1A2EFFCB1-StateMachineUpdater] INFO  impl.StateMachineUpdater (StateMachineUpdater.java:lambda$new$0(89)) - aa697790-8875-4a1b-830b-e84d121175f0@group-C4B1A2EFFCB1-StateMachineUpdater: snapshotIndex: updateIncreasingly -1 -> 0
2022-03-02 19:00:34,463 [Listener at 127.0.0.1/42139] INFO  server.RaftServer$Division (ServerState.java:close(419)) - a730aa12-8e10-43d5-9e4d-8226ddf6a853@group-1A55FEB1424C: closes. applyIndex: 0
2022-03-02 19:00:34,463 [a730aa12-8e10-43d5-9e4d-8226ddf6a853@group-1A55FEB1424C-SegmentedRaftLogWorker] INFO  segmented.SegmentedRaftLogWorker (SegmentedRaftLogWorker.java:run(327)) - a730aa12-8e10-43d5-9e4d-8226ddf6a853@group-1A55FEB1424C-SegmentedRaftLogWorker was interrupted, exiting. There are 0 tasks remaining in the queue.
2022-03-02 19:00:34,463 [ForkJoinPool.commonPool-worker-0] INFO  server.RaftServer$Division (ServerState.java:close(419)) - aa697790-8875-4a1b-830b-e84d121175f0@group-C4B1A2EFFCB1: closes. applyIndex: 0
2022-03-02 19:00:34,463 [aa697790-8875-4a1b-830b-e84d121175f0@group-C4B1A2EFFCB1-SegmentedRaftLogWorker] INFO  segmented.SegmentedRaftLogWorker (SegmentedRaftLogWorker.java:run(327)) - aa697790-8875-4a1b-830b-e84d121175f0@group-C4B1A2EFFCB1-SegmentedRaftLogWorker was interrupted, exiting. There are 0 tasks remaining in the queue.
2022-03-02 19:00:34,463 [Listener at 127.0.0.1/42139] INFO  segmented.SegmentedRaftLogWorker (SegmentedRaftLogWorker.java:close(237)) - a730aa12-8e10-43d5-9e4d-8226ddf6a853@group-1A55FEB1424C-SegmentedRaftLogWorker close()
2022-03-02 19:00:34,469 [Listener at 127.0.0.1/42139] INFO  server.RaftServer$Division (RaftServerImpl.java:lambda$close$4(412)) - a730aa12-8e10-43d5-9e4d-8226ddf6a853@group-641BC78B3513: shutdown
2022-03-02 19:00:34,469 [Listener at 127.0.0.1/42139] INFO  util.JmxRegister (JmxRegister.java:unregister(73)) - Successfully un-registered JMX Bean with object name Ratis:service=RaftServer,group=group-641BC78B3513,id=a730aa12-8e10-43d5-9e4d-8226ddf6a853
2022-03-02 19:00:34,469 [Listener at 127.0.0.1/42139] INFO  impl.RoleInfo (RoleInfo.java:shutdownLeaderState(91)) - a730aa12-8e10-43d5-9e4d-8226ddf6a853: shutdown a730aa12-8e10-43d5-9e4d-8226ddf6a853@group-641BC78B3513-LeaderStateImpl
2022-03-02 19:00:34,469 [Listener at 127.0.0.1/42139] INFO  impl.PendingRequests (PendingRequests.java:sendNotLeaderResponses(282)) - a730aa12-8e10-43d5-9e4d-8226ddf6a853@group-641BC78B3513-PendingRequests: sendNotLeaderResponses
2022-03-02 19:00:34,470 [Listener at 127.0.0.1/42139] INFO  impl.StateMachineUpdater (StateMachineUpdater.java:stopAndJoin(149)) - a730aa12-8e10-43d5-9e4d-8226ddf6a853@group-641BC78B3513-StateMachineUpdater: set stopIndex = 0
2022-03-02 19:00:34,470 [a730aa12-8e10-43d5-9e4d-8226ddf6a853@group-641BC78B3513-StateMachineUpdater] INFO  ratis.ContainerStateMachine (ContainerStateMachine.java:takeSnapshot(304)) - group-641BC78B3513: Taking a snapshot at:(t:1, i:0) file /home/runner/work/ozone/ozone/hadoop-ozone/integration-test/target/test-dir/MiniOzoneClusterImpl-5ed764c8-eddb-4368-ac32-9b8b311b51af/datanode-1/data/ratis/3f8e55f4-a5a5-4878-a257-641bc78b3513/sm/snapshot.1_0
2022-03-02 19:00:34,471 [a730aa12-8e10-43d5-9e4d-8226ddf6a853@group-641BC78B3513-StateMachineUpdater] INFO  ratis.ContainerStateMachine (ContainerStateMachine.java:takeSnapshot(315)) - group-641BC78B3513: Finished taking a snapshot at:(t:1, i:0) file:/home/runner/work/ozone/ozone/hadoop-ozone/integration-test/target/test-dir/MiniOzoneClusterImpl-5ed764c8-eddb-4368-ac32-9b8b311b51af/datanode-1/data/ratis/3f8e55f4-a5a5-4878-a257-641bc78b3513/sm/snapshot.1_0 took: 1 ms
2022-03-02 19:00:34,471 [a730aa12-8e10-43d5-9e4d-8226ddf6a853@group-641BC78B3513-StateMachineUpdater] INFO  impl.StateMachineUpdater (StateMachineUpdater.java:takeSnapshot(281)) - a730aa12-8e10-43d5-9e4d-8226ddf6a853@group-641BC78B3513-StateMachineUpdater: Took a snapshot at index 0
2022-03-02 19:00:34,471 [a730aa12-8e10-43d5-9e4d-8226ddf6a853@group-641BC78B3513-StateMachineUpdater] INFO  impl.StateMachineUpdater (StateMachineUpdater.java:lambda$new$0(89)) - a730aa12-8e10-43d5-9e4d-8226ddf6a853@group-641BC78B3513-StateMachineUpdater: snapshotIndex: updateIncreasingly -1 -> 0
2022-03-02 19:00:34,472 [Listener at 127.0.0.1/42139] INFO  server.RaftServer$Division (ServerState.java:close(419)) - a730aa12-8e10-43d5-9e4d-8226ddf6a853@group-641BC78B3513: closes. applyIndex: 0
2022-03-02 19:00:34,472 [a730aa12-8e10-43d5-9e4d-8226ddf6a853@group-641BC78B3513-SegmentedRaftLogWorker] INFO  segmented.SegmentedRaftLogWorker (SegmentedRaftLogWorker.java:run(327)) - a730aa12-8e10-43d5-9e4d-8226ddf6a853@group-641BC78B3513-SegmentedRaftLogWorker was interrupted, exiting. There are 0 tasks remaining in the queue.
2022-03-02 19:00:34,472 [Listener at 127.0.0.1/42139] INFO  segmented.SegmentedRaftLogWorker (SegmentedRaftLogWorker.java:close(237)) - a730aa12-8e10-43d5-9e4d-8226ddf6a853@group-641BC78B3513-SegmentedRaftLogWorker close()
2022-03-02 19:00:34,473 [Listener at 127.0.0.1/42139] INFO  server.RaftServer$Division (RaftServerImpl.java:lambda$close$4(412)) - a730aa12-8e10-43d5-9e4d-8226ddf6a853@group-C4B1A2EFFCB1: shutdown
2022-03-02 19:00:34,473 [Listener at 127.0.0.1/42139] INFO  util.JmxRegister (JmxRegister.java:unregister(73)) - Successfully un-registered JMX Bean with object name Ratis:service=RaftServer,group=group-C4B1A2EFFCB1,id=a730aa12-8e10-43d5-9e4d-8226ddf6a853
2022-03-02 19:00:34,474 [Listener at 127.0.0.1/42139] INFO  impl.RoleInfo (RoleInfo.java:shutdownFollowerState(108)) - a730aa12-8e10-43d5-9e4d-8226ddf6a853: shutdown a730aa12-8e10-43d5-9e4d-8226ddf6a853@group-C4B1A2EFFCB1-FollowerState
2022-03-02 19:00:34,474 [a730aa12-8e10-43d5-9e4d-8226ddf6a853@group-C4B1A2EFFCB1-FollowerState] INFO  impl.FollowerState (FollowerState.java:run(143)) - a730aa12-8e10-43d5-9e4d-8226ddf6a853@group-C4B1A2EFFCB1-FollowerState was interrupted: {}
java.lang.InterruptedException: sleep interrupted
	at java.lang.Thread.sleep(Native Method)
	at java.lang.Thread.sleep(Thread.java:342)
	at java.util.concurrent.TimeUnit.sleep(TimeUnit.java:386)
	at org.apache.ratis.util.TimeDuration.sleep(TimeDuration.java:324)
	at org.apache.ratis.util.TimeDuration.sleep(TimeDuration.java:309)
	at org.apache.ratis.server.impl.FollowerState.run(FollowerState.java:118)
2022-03-02 19:00:34,474 [ForkJoinPool.commonPool-worker-0] INFO  segmented.SegmentedRaftLogWorker (SegmentedRaftLogWorker.java:close(237)) - aa697790-8875-4a1b-830b-e84d121175f0@group-C4B1A2EFFCB1-SegmentedRaftLogWorker close()
2022-03-02 19:00:34,475 [ForkJoinPool.commonPool-worker-0] INFO  server.RaftServer$Division (RaftServerImpl.java:lambda$close$4(412)) - aa697790-8875-4a1b-830b-e84d121175f0@group-CC131612F07F: shutdown
2022-03-02 19:00:34,475 [ForkJoinPool.commonPool-worker-0] INFO  util.JmxRegister (JmxRegister.java:unregister(73)) - Successfully un-registered JMX Bean with object name Ratis:service=RaftServer,group=group-CC131612F07F,id=aa697790-8875-4a1b-830b-e84d121175f0
2022-03-02 19:00:34,475 [ForkJoinPool.commonPool-worker-0] INFO  impl.RoleInfo (RoleInfo.java:shutdownLeaderState(91)) - aa697790-8875-4a1b-830b-e84d121175f0: shutdown aa697790-8875-4a1b-830b-e84d121175f0@group-CC131612F07F-LeaderStateImpl
2022-03-02 19:00:34,475 [ForkJoinPool.commonPool-worker-0] INFO  impl.PendingRequests (PendingRequests.java:sendNotLeaderResponses(282)) - aa697790-8875-4a1b-830b-e84d121175f0@group-CC131612F07F-PendingRequests: sendNotLeaderResponses
2022-03-02 19:00:34,475 [ForkJoinPool.commonPool-worker-0] INFO  impl.StateMachineUpdater (StateMachineUpdater.java:stopAndJoin(149)) - aa697790-8875-4a1b-830b-e84d121175f0@group-CC131612F07F-StateMachineUpdater: set stopIndex = 0
2022-03-02 19:00:34,476 [aa697790-8875-4a1b-830b-e84d121175f0@group-CC131612F07F-StateMachineUpdater] INFO  ratis.ContainerStateMachine (ContainerStateMachine.java:takeSnapshot(304)) - group-CC131612F07F: Taking a snapshot at:(t:1, i:0) file /home/runner/work/ozone/ozone/hadoop-ozone/integration-test/target/test-dir/MiniOzoneClusterImpl-5ed764c8-eddb-4368-ac32-9b8b311b51af/datanode-0/data/ratis/2fb76785-e474-47ca-8e78-cc131612f07f/sm/snapshot.1_0
2022-03-02 19:00:34,476 [a730aa12-8e10-43d5-9e4d-8226ddf6a853@group-C4B1A2EFFCB1-StateMachineUpdater] INFO  ratis.ContainerStateMachine (ContainerStateMachine.java:takeSnapshot(304)) - group-C4B1A2EFFCB1: Taking a snapshot at:(t:3, i:0) file /home/runner/work/ozone/ozone/hadoop-ozone/integration-test/target/test-dir/MiniOzoneClusterImpl-5ed764c8-eddb-4368-ac32-9b8b311b51af/datanode-1/data/ratis/bff1bd11-539b-4edf-98de-c4b1a2effcb1/sm/snapshot.3_0
2022-03-02 19:00:34,476 [Listener at 127.0.0.1/42139] INFO  impl.StateMachineUpdater (StateMachineUpdater.java:stopAndJoin(149)) - a730aa12-8e10-43d5-9e4d-8226ddf6a853@group-C4B1A2EFFCB1-StateMachineUpdater: set stopIndex = 0
2022-03-02 19:00:34,476 [aa697790-8875-4a1b-830b-e84d121175f0@group-CC131612F07F-StateMachineUpdater] INFO  ratis.ContainerStateMachine (ContainerStateMachine.java:takeSnapshot(315)) - group-CC131612F07F: Finished taking a snapshot at:(t:1, i:0) file:/home/runner/work/ozone/ozone/hadoop-ozone/integration-test/target/test-dir/MiniOzoneClusterImpl-5ed764c8-eddb-4368-ac32-9b8b311b51af/datanode-0/data/ratis/2fb76785-e474-47ca-8e78-cc131612f07f/sm/snapshot.1_0 took: 1 ms
2022-03-02 19:00:34,477 [aa697790-8875-4a1b-830b-e84d121175f0@group-CC131612F07F-StateMachineUpdater] INFO  impl.StateMachineUpdater (StateMachineUpdater.java:takeSnapshot(281)) - aa697790-8875-4a1b-830b-e84d121175f0@group-CC131612F07F-StateMachineUpdater: Took a snapshot at index 0
2022-03-02 19:00:34,477 [aa697790-8875-4a1b-830b-e84d121175f0@group-CC131612F07F-StateMachineUpdater] INFO  impl.StateMachineUpdater (StateMachineUpdater.java:lambda$new$0(89)) - aa697790-8875-4a1b-830b-e84d121175f0@group-CC131612F07F-StateMachineUpdater: snapshotIndex: updateIncreasingly -1 -> 0
2022-03-02 19:00:34,477 [ForkJoinPool.commonPool-worker-0] INFO  server.RaftServer$Division (ServerState.java:close(419)) - aa697790-8875-4a1b-830b-e84d121175f0@group-CC131612F07F: closes. applyIndex: 0
2022-03-02 19:00:34,477 [aa697790-8875-4a1b-830b-e84d121175f0@group-CC131612F07F-SegmentedRaftLogWorker] INFO  segmented.SegmentedRaftLogWorker (SegmentedRaftLogWorker.java:run(327)) - aa697790-8875-4a1b-830b-e84d121175f0@group-CC131612F07F-SegmentedRaftLogWorker was interrupted, exiting. There are 0 tasks remaining in the queue.
2022-03-02 19:00:34,477 [a730aa12-8e10-43d5-9e4d-8226ddf6a853@group-C4B1A2EFFCB1-StateMachineUpdater] INFO  ratis.ContainerStateMachine (ContainerStateMachine.java:takeSnapshot(315)) - group-C4B1A2EFFCB1: Finished taking a snapshot at:(t:3, i:0) file:/home/runner/work/ozone/ozone/hadoop-ozone/integration-test/target/test-dir/MiniOzoneClusterImpl-5ed764c8-eddb-4368-ac32-9b8b311b51af/datanode-1/data/ratis/bff1bd11-539b-4edf-98de-c4b1a2effcb1/sm/snapshot.3_0 took: 1 ms
2022-03-02 19:00:34,477 [a730aa12-8e10-43d5-9e4d-8226ddf6a853@group-C4B1A2EFFCB1-StateMachineUpdater] INFO  impl.StateMachineUpdater (StateMachineUpdater.java:takeSnapshot(281)) - a730aa12-8e10-43d5-9e4d-8226ddf6a853@group-C4B1A2EFFCB1-StateMachineUpdater: Took a snapshot at index 0
2022-03-02 19:00:34,477 [a730aa12-8e10-43d5-9e4d-8226ddf6a853@group-C4B1A2EFFCB1-StateMachineUpdater] INFO  impl.StateMachineUpdater (StateMachineUpdater.java:lambda$new$0(89)) - a730aa12-8e10-43d5-9e4d-8226ddf6a853@group-C4B1A2EFFCB1-StateMachineUpdater: snapshotIndex: updateIncreasingly -1 -> 0
2022-03-02 19:00:34,481 [ForkJoinPool.commonPool-worker-0] INFO  segmented.SegmentedRaftLogWorker (SegmentedRaftLogWorker.java:close(237)) - aa697790-8875-4a1b-830b-e84d121175f0@group-CC131612F07F-SegmentedRaftLogWorker close()
2022-03-02 19:00:34,482 [ForkJoinPool.commonPool-worker-0] INFO  server.GrpcService (GrpcService.java:closeImpl(262)) - aa697790-8875-4a1b-830b-e84d121175f0: shutdown server with port 40725 now
2022-03-02 19:00:34,482 [Listener at 127.0.0.1/42139] INFO  server.RaftServer$Division (ServerState.java:close(419)) - a730aa12-8e10-43d5-9e4d-8226ddf6a853@group-C4B1A2EFFCB1: closes. applyIndex: 0
2022-03-02 19:00:34,483 [a730aa12-8e10-43d5-9e4d-8226ddf6a853@group-C4B1A2EFFCB1-SegmentedRaftLogWorker] INFO  segmented.SegmentedRaftLogWorker (SegmentedRaftLogWorker.java:run(327)) - a730aa12-8e10-43d5-9e4d-8226ddf6a853@group-C4B1A2EFFCB1-SegmentedRaftLogWorker was interrupted, exiting. There are 0 tasks remaining in the queue.
2022-03-02 19:00:34,487 [Listener at 127.0.0.1/42139] INFO  segmented.SegmentedRaftLogWorker (SegmentedRaftLogWorker.java:close(237)) - a730aa12-8e10-43d5-9e4d-8226ddf6a853@group-C4B1A2EFFCB1-SegmentedRaftLogWorker close()
2022-03-02 19:00:34,487 [Listener at 127.0.0.1/42139] INFO  server.GrpcService (GrpcService.java:closeImpl(262)) - a730aa12-8e10-43d5-9e4d-8226ddf6a853: shutdown server with port 34023 now
2022-03-02 19:00:34,490 [grpc-default-executor-0] WARN  server.GrpcServerProtocolService (LogUtils.java:warn(122)) - aa697790-8875-4a1b-830b-e84d121175f0: installSnapshot onError, lastRequest: b53c45b1-3941-4685-95cb-36e9d2366fdc->aa697790-8875-4a1b-830b-e84d121175f0#1-t3,previous=(t:0, i:0),leaderCommit=0,initializing? true,entries: size=1, first=(t:3, i:0), CONFIGURATIONENTRY: org.apache.ratis.thirdparty.io.grpc.StatusRuntimeException: CANCELLED: client cancelled
2022-03-02 19:00:34,491 [grpc-default-executor-2] WARN  server.GrpcServerProtocolService (LogUtils.java:warn(122)) - a730aa12-8e10-43d5-9e4d-8226ddf6a853: installSnapshot onError, lastRequest: b53c45b1-3941-4685-95cb-36e9d2366fdc->a730aa12-8e10-43d5-9e4d-8226ddf6a853#1-t3,previous=(t:0, i:0),leaderCommit=-1,initializing? true,entries: size=1, first=(t:3, i:0), CONFIGURATIONENTRY: org.apache.ratis.thirdparty.io.grpc.StatusRuntimeException: CANCELLED: client cancelled
2022-03-02 19:00:34,491 [grpc-default-executor-1] WARN  server.GrpcLogAppender (LogUtils.java:warn(122)) - b53c45b1-3941-4685-95cb-36e9d2366fdc@group-C4B1A2EFFCB1->a730aa12-8e10-43d5-9e4d-8226ddf6a853-AppendLogResponseHandler: Failed appendEntries: org.apache.ratis.thirdparty.io.grpc.StatusRuntimeException: CANCELLED: HTTP/2 error code: CANCEL
Received Rst Stream
2022-03-02 19:00:34,491 [grpc-default-executor-1] WARN  server.GrpcLogAppender (GrpcLogAppender.java:resetClient(110)) - b53c45b1-3941-4685-95cb-36e9d2366fdc@group-C4B1A2EFFCB1->a730aa12-8e10-43d5-9e4d-8226ddf6a853-GrpcLogAppender: Leader has not got in touch with Follower b53c45b1-3941-4685-95cb-36e9d2366fdc@group-C4B1A2EFFCB1->a730aa12-8e10-43d5-9e4d-8226ddf6a853(c0,m0,n1, attendVote=true, lastRpcSendTime=447, lastRpcResponseTime=441) yet, just keep nextIndex unchanged and retry.
2022-03-02 19:00:34,493 [Listener at 127.0.0.1/42139] INFO  server.GrpcService (GrpcService.java:closeImpl(271)) - a730aa12-8e10-43d5-9e4d-8226ddf6a853: shutdown server with port 34023 successfully
2022-03-02 19:00:34,493 [org.apache.ratis.util.JvmPauseMonitor$$Lambda$503/666911607@1d1c74e5] INFO  util.JvmPauseMonitor (JvmPauseMonitor.java:run(109)) - JvmPauseMonitor-a730aa12-8e10-43d5-9e4d-8226ddf6a853: Stopped
2022-03-02 19:00:34,494 [grpc-default-executor-0] WARN  server.GrpcLogAppender (LogUtils.java:warn(122)) - b53c45b1-3941-4685-95cb-36e9d2366fdc@group-C4B1A2EFFCB1->aa697790-8875-4a1b-830b-e84d121175f0-AppendLogResponseHandler: Failed appendEntries: org.apache.ratis.thirdparty.io.grpc.StatusRuntimeException: CANCELLED: HTTP/2 error code: CANCEL
Received Rst Stream
2022-03-02 19:00:34,495 [grpc-default-executor-0] WARN  server.GrpcLogAppender (GrpcLogAppender.java:resetClient(110)) - b53c45b1-3941-4685-95cb-36e9d2366fdc@group-C4B1A2EFFCB1->aa697790-8875-4a1b-830b-e84d121175f0-GrpcLogAppender: Leader has not got in touch with Follower b53c45b1-3941-4685-95cb-36e9d2366fdc@group-C4B1A2EFFCB1->aa697790-8875-4a1b-830b-e84d121175f0(c0,m0,n1, attendVote=true, lastRpcSendTime=487, lastRpcResponseTime=479) yet, just keep nextIndex unchanged and retry.
2022-03-02 19:00:34,497 [ForkJoinPool.commonPool-worker-0] INFO  server.GrpcService (GrpcService.java:closeImpl(271)) - aa697790-8875-4a1b-830b-e84d121175f0: shutdown server with port 40725 successfully
2022-03-02 19:00:34,497 [org.apache.ratis.util.JvmPauseMonitor$$Lambda$503/666911607@1dc25d5] INFO  util.JvmPauseMonitor (JvmPauseMonitor.java:run(109)) - JvmPauseMonitor-aa697790-8875-4a1b-830b-e84d121175f0: Stopped
2022-03-02 19:00:34,962 [EndpointStateMachine task thread for /127.0.0.1:38087 - 0 ] INFO  ipc.Client (Client.java:handleConnectionFailure(977)) - Retrying connect to server: localhost/127.0.0.1:38087. Already tried 5 time(s); retry policy is RetryUpToMaximumCountWithFixedSleep(maxRetries=15, sleepTime=1000 MILLISECONDS)
2022-03-02 19:00:34,977 [EndpointStateMachine task thread for /127.0.0.1:45277 - 0 ] INFO  ipc.Client (Client.java:handleConnectionFailure(977)) - Retrying connect to server: localhost/127.0.0.1:45277. Already tried 5 time(s); retry policy is RetryUpToMaximumCountWithFixedSleep(maxRetries=15, sleepTime=1000 MILLISECONDS)
2022-03-02 19:00:34,978 [EndpointStateMachine task thread for /127.0.0.1:35087 - 0 ] INFO  ipc.Client (Client.java:handleConnectionFailure(977)) - Retrying connect to server: localhost/127.0.0.1:35087. Already tried 5 time(s); retry policy is RetryUpToMaximumCountWithFixedSleep(maxRetries=15, sleepTime=1000 MILLISECONDS)
2022-03-02 19:00:35,249 [EndpointStateMachine task thread for /127.0.0.1:46849 - 0 ] INFO  ipc.Client (Client.java:handleConnectionFailure(977)) - Retrying connect to server: localhost/127.0.0.1:46849. Already tried 7 time(s); retry policy is RetryUpToMaximumCountWithFixedSleep(maxRetries=15, sleepTime=1000 MILLISECONDS)
2022-03-02 19:00:35,250 [EndpointStateMachine task thread for /127.0.0.1:32779 - 0 ] INFO  ipc.Client (Client.java:handleConnectionFailure(977)) - Retrying connect to server: localhost/127.0.0.1:32779. Already tried 7 time(s); retry policy is RetryUpToMaximumCountWithFixedSleep(maxRetries=15, sleepTime=1000 MILLISECONDS)
2022-03-02 19:00:35,370 [EndpointStateMachine task thread for /127.0.0.1:39895 - 0 ] INFO  ipc.Client (Client.java:handleConnectionFailure(977)) - Retrying connect to server: localhost/127.0.0.1:39895. Already tried 7 time(s); retry policy is RetryUpToMaximumCountWithFixedSleep(maxRetries=15, sleepTime=1000 MILLISECONDS)
2022-03-02 19:00:35,963 [EndpointStateMachine task thread for /127.0.0.1:38087 - 0 ] INFO  ipc.Client (Client.java:handleConnectionFailure(977)) - Retrying connect to server: localhost/127.0.0.1:38087. Already tried 6 time(s); retry policy is RetryUpToMaximumCountWithFixedSleep(maxRetries=15, sleepTime=1000 MILLISECONDS)
2022-03-02 19:00:35,991 [EndpointStateMachine task thread for /127.0.0.1:45277 - 0 ] INFO  ipc.Client (Client.java:handleConnectionFailure(977)) - Retrying connect to server: localhost/127.0.0.1:45277. Already tried 6 time(s); retry policy is RetryUpToMaximumCountWithFixedSleep(maxRetries=15, sleepTime=1000 MILLISECONDS)
2022-03-02 19:00:35,997 [EndpointStateMachine task thread for /127.0.0.1:35087 - 0 ] INFO  ipc.Client (Client.java:handleConnectionFailure(977)) - Retrying connect to server: localhost/127.0.0.1:35087. Already tried 6 time(s); retry policy is RetryUpToMaximumCountWithFixedSleep(maxRetries=15, sleepTime=1000 MILLISECONDS)
2022-03-02 19:00:36,250 [EndpointStateMachine task thread for /127.0.0.1:46849 - 0 ] INFO  ipc.Client (Client.java:handleConnectionFailure(977)) - Retrying connect to server: localhost/127.0.0.1:46849. Already tried 8 time(s); retry policy is RetryUpToMaximumCountWithFixedSleep(maxRetries=15, sleepTime=1000 MILLISECONDS)
2022-03-02 19:00:36,251 [EndpointStateMachine task thread for /127.0.0.1:32779 - 0 ] INFO  ipc.Client (Client.java:handleConnectionFailure(977)) - Retrying connect to server: localhost/127.0.0.1:32779. Already tried 8 time(s); retry policy is RetryUpToMaximumCountWithFixedSleep(maxRetries=15, sleepTime=1000 MILLISECONDS)
2022-03-02 19:00:36,371 [EndpointStateMachine task thread for /127.0.0.1:39895 - 0 ] INFO  ipc.Client (Client.java:handleConnectionFailure(977)) - Retrying connect to server: localhost/127.0.0.1:39895. Already tried 8 time(s); retry policy is RetryUpToMaximumCountWithFixedSleep(maxRetries=15, sleepTime=1000 MILLISECONDS)
2022-03-02 19:00:36,501 [Listener at 127.0.0.1/42139] INFO  utils.BackgroundService (BackgroundService.java:shutdown(132)) - Shutting down service BlockDeletingService
2022-03-02 19:00:36,533 [grpc-default-executor-2] WARN  server.GrpcLogAppender (LogUtils.java:warn(122)) - b53c45b1-3941-4685-95cb-36e9d2366fdc@group-C4B1A2EFFCB1->aa697790-8875-4a1b-830b-e84d121175f0-AppendLogResponseHandler: Failed appendEntries: org.apache.ratis.thirdparty.io.grpc.StatusRuntimeException: UNAVAILABLE: io exception
2022-03-02 19:00:36,533 [grpc-default-executor-2] WARN  server.GrpcLogAppender (GrpcLogAppender.java:resetClient(110)) - b53c45b1-3941-4685-95cb-36e9d2366fdc@group-C4B1A2EFFCB1->aa697790-8875-4a1b-830b-e84d121175f0-GrpcLogAppender: Leader has not got in touch with Follower b53c45b1-3941-4685-95cb-36e9d2366fdc@group-C4B1A2EFFCB1->aa697790-8875-4a1b-830b-e84d121175f0(c0,m0,n1, attendVote=true, lastRpcSendTime=0, lastRpcResponseTime=2518) yet, just keep nextIndex unchanged and retry.
2022-03-02 19:00:36,561 [grpc-default-executor-0] WARN  server.GrpcLogAppender (LogUtils.java:warn(122)) - b53c45b1-3941-4685-95cb-36e9d2366fdc@group-C4B1A2EFFCB1->a730aa12-8e10-43d5-9e4d-8226ddf6a853-AppendLogResponseHandler: Failed appendEntries: org.apache.ratis.thirdparty.io.grpc.StatusRuntimeException: UNAVAILABLE: io exception
2022-03-02 19:00:36,562 [grpc-default-executor-0] WARN  server.GrpcLogAppender (GrpcLogAppender.java:resetClient(110)) - b53c45b1-3941-4685-95cb-36e9d2366fdc@group-C4B1A2EFFCB1->a730aa12-8e10-43d5-9e4d-8226ddf6a853-GrpcLogAppender: Leader has not got in touch with Follower b53c45b1-3941-4685-95cb-36e9d2366fdc@group-C4B1A2EFFCB1->a730aa12-8e10-43d5-9e4d-8226ddf6a853(c0,m0,n1, attendVote=true, lastRpcSendTime=4, lastRpcResponseTime=2512) yet, just keep nextIndex unchanged and retry.
2022-03-02 19:00:36,566 [ForkJoinPool.commonPool-worker-0] INFO  utils.BackgroundService (BackgroundService.java:shutdown(132)) - Shutting down service BlockDeletingService
2022-03-02 19:00:36,963 [EndpointStateMachine task thread for /127.0.0.1:38087 - 0 ] INFO  ipc.Client (Client.java:handleConnectionFailure(977)) - Retrying connect to server: localhost/127.0.0.1:38087. Already tried 7 time(s); retry policy is RetryUpToMaximumCountWithFixedSleep(maxRetries=15, sleepTime=1000 MILLISECONDS)
2022-03-02 19:00:36,991 [EndpointStateMachine task thread for /127.0.0.1:45277 - 0 ] INFO  ipc.Client (Client.java:handleConnectionFailure(977)) - Retrying connect to server: localhost/127.0.0.1:45277. Already tried 7 time(s); retry policy is RetryUpToMaximumCountWithFixedSleep(maxRetries=15, sleepTime=1000 MILLISECONDS)
2022-03-02 19:00:36,997 [EndpointStateMachine task thread for /127.0.0.1:35087 - 0 ] INFO  ipc.Client (Client.java:handleConnectionFailure(977)) - Retrying connect to server: localhost/127.0.0.1:35087. Already tried 7 time(s); retry policy is RetryUpToMaximumCountWithFixedSleep(maxRetries=15, sleepTime=1000 MILLISECONDS)
2022-03-02 19:00:37,260 [EndpointStateMachine task thread for /127.0.0.1:32779 - 0 ] INFO  ipc.Client (Client.java:handleConnectionFailure(977)) - Retrying connect to server: localhost/127.0.0.1:32779. Already tried 9 time(s); retry policy is RetryUpToMaximumCountWithFixedSleep(maxRetries=15, sleepTime=1000 MILLISECONDS)
2022-03-02 19:00:37,260 [EndpointStateMachine task thread for /127.0.0.1:46849 - 0 ] INFO  ipc.Client (Client.java:handleConnectionFailure(977)) - Retrying connect to server: localhost/127.0.0.1:46849. Already tried 9 time(s); retry policy is RetryUpToMaximumCountWithFixedSleep(maxRetries=15, sleepTime=1000 MILLISECONDS)
2022-03-02 19:00:37,371 [EndpointStateMachine task thread for /127.0.0.1:39895 - 0 ] INFO  ipc.Client (Client.java:handleConnectionFailure(977)) - Retrying connect to server: localhost/127.0.0.1:39895. Already tried 9 time(s); retry policy is RetryUpToMaximumCountWithFixedSleep(maxRetries=15, sleepTime=1000 MILLISECONDS)
2022-03-02 19:00:37,964 [EndpointStateMachine task thread for /127.0.0.1:38087 - 0 ] INFO  ipc.Client (Client.java:handleConnectionFailure(977)) - Retrying connect to server: localhost/127.0.0.1:38087. Already tried 8 time(s); retry policy is RetryUpToMaximumCountWithFixedSleep(maxRetries=15, sleepTime=1000 MILLISECONDS)
2022-03-02 19:00:37,992 [EndpointStateMachine task thread for /127.0.0.1:45277 - 0 ] INFO  ipc.Client (Client.java:handleConnectionFailure(977)) - Retrying connect to server: localhost/127.0.0.1:45277. Already tried 8 time(s); retry policy is RetryUpToMaximumCountWithFixedSleep(maxRetries=15, sleepTime=1000 MILLISECONDS)
2022-03-02 19:00:37,998 [EndpointStateMachine task thread for /127.0.0.1:35087 - 0 ] INFO  ipc.Client (Client.java:handleConnectionFailure(977)) - Retrying connect to server: localhost/127.0.0.1:35087. Already tried 8 time(s); retry policy is RetryUpToMaximumCountWithFixedSleep(maxRetries=15, sleepTime=1000 MILLISECONDS)
2022-03-02 19:00:38,260 [EndpointStateMachine task thread for /127.0.0.1:32779 - 0 ] INFO  ipc.Client (Client.java:handleConnectionFailure(977)) - Retrying connect to server: localhost/127.0.0.1:32779. Already tried 10 time(s); retry policy is RetryUpToMaximumCountWithFixedSleep(maxRetries=15, sleepTime=1000 MILLISECONDS)
2022-03-02 19:00:38,261 [EndpointStateMachine task thread for /127.0.0.1:46849 - 0 ] INFO  ipc.Client (Client.java:handleConnectionFailure(977)) - Retrying connect to server: localhost/127.0.0.1:46849. Already tried 10 time(s); retry policy is RetryUpToMaximumCountWithFixedSleep(maxRetries=15, sleepTime=1000 MILLISECONDS)
2022-03-02 19:00:38,372 [EndpointStateMachine task thread for /127.0.0.1:39895 - 0 ] INFO  ipc.Client (Client.java:handleConnectionFailure(977)) - Retrying connect to server: localhost/127.0.0.1:39895. Already tried 10 time(s); retry policy is RetryUpToMaximumCountWithFixedSleep(maxRetries=15, sleepTime=1000 MILLISECONDS)
2022-03-02 19:00:38,965 [EndpointStateMachine task thread for /127.0.0.1:38087 - 0 ] INFO  ipc.Client (Client.java:handleConnectionFailure(977)) - Retrying connect to server: localhost/127.0.0.1:38087. Already tried 9 time(s); retry policy is RetryUpToMaximumCountWithFixedSleep(maxRetries=15, sleepTime=1000 MILLISECONDS)
2022-03-02 19:00:38,992 [EndpointStateMachine task thread for /127.0.0.1:45277 - 0 ] INFO  ipc.Client (Client.java:handleConnectionFailure(977)) - Retrying connect to server: localhost/127.0.0.1:45277. Already tried 9 time(s); retry policy is RetryUpToMaximumCountWithFixedSleep(maxRetries=15, sleepTime=1000 MILLISECONDS)
2022-03-02 19:00:38,998 [EndpointStateMachine task thread for /127.0.0.1:35087 - 0 ] INFO  ipc.Client (Client.java:handleConnectionFailure(977)) - Retrying connect to server: localhost/127.0.0.1:35087. Already tried 9 time(s); retry policy is RetryUpToMaximumCountWithFixedSleep(maxRetries=15, sleepTime=1000 MILLISECONDS)
2022-03-02 19:00:39,033 [grpc-default-executor-0] WARN  server.GrpcLogAppender (LogUtils.java:warn(122)) - b53c45b1-3941-4685-95cb-36e9d2366fdc@group-C4B1A2EFFCB1->aa697790-8875-4a1b-830b-e84d121175f0-AppendLogResponseHandler: Failed appendEntries: org.apache.ratis.thirdparty.io.grpc.StatusRuntimeException: UNAVAILABLE: io exception
2022-03-02 19:00:39,034 [grpc-default-executor-0] WARN  server.GrpcLogAppender (GrpcLogAppender.java:resetClient(110)) - b53c45b1-3941-4685-95cb-36e9d2366fdc@group-C4B1A2EFFCB1->aa697790-8875-4a1b-830b-e84d121175f0-GrpcLogAppender: Leader has not got in touch with Follower b53c45b1-3941-4685-95cb-36e9d2366fdc@group-C4B1A2EFFCB1->aa697790-8875-4a1b-830b-e84d121175f0(c0,m0,n1, attendVote=true, lastRpcSendTime=0, lastRpcResponseTime=5018) yet, just keep nextIndex unchanged and retry.
2022-03-02 19:00:39,067 [grpc-default-executor-0] WARN  server.GrpcLogAppender (LogUtils.java:warn(122)) - b53c45b1-3941-4685-95cb-36e9d2366fdc@group-C4B1A2EFFCB1->a730aa12-8e10-43d5-9e4d-8226ddf6a853-AppendLogResponseHandler: Failed appendEntries: org.apache.ratis.thirdparty.io.grpc.StatusRuntimeException: UNAVAILABLE: io exception
2022-03-02 19:00:39,068 [grpc-default-executor-0] WARN  server.GrpcLogAppender (GrpcLogAppender.java:resetClient(110)) - b53c45b1-3941-4685-95cb-36e9d2366fdc@group-C4B1A2EFFCB1->a730aa12-8e10-43d5-9e4d-8226ddf6a853-GrpcLogAppender: Leader has not got in touch with Follower b53c45b1-3941-4685-95cb-36e9d2366fdc@group-C4B1A2EFFCB1->a730aa12-8e10-43d5-9e4d-8226ddf6a853(c0,m0,n1, attendVote=true, lastRpcSendTime=0, lastRpcResponseTime=5018) yet, just keep nextIndex unchanged and retry.
2022-03-02 19:00:39,261 [EndpointStateMachine task thread for /127.0.0.1:32779 - 0 ] INFO  ipc.Client (Client.java:handleConnectionFailure(977)) - Retrying connect to server: localhost/127.0.0.1:32779. Already tried 11 time(s); retry policy is RetryUpToMaximumCountWithFixedSleep(maxRetries=15, sleepTime=1000 MILLISECONDS)
2022-03-02 19:00:39,262 [EndpointStateMachine task thread for /127.0.0.1:46849 - 0 ] INFO  ipc.Client (Client.java:handleConnectionFailure(977)) - Retrying connect to server: localhost/127.0.0.1:46849. Already tried 11 time(s); retry policy is RetryUpToMaximumCountWithFixedSleep(maxRetries=15, sleepTime=1000 MILLISECONDS)
2022-03-02 19:00:39,373 [EndpointStateMachine task thread for /127.0.0.1:39895 - 0 ] INFO  ipc.Client (Client.java:handleConnectionFailure(977)) - Retrying connect to server: localhost/127.0.0.1:39895. Already tried 11 time(s); retry policy is RetryUpToMaximumCountWithFixedSleep(maxRetries=15, sleepTime=1000 MILLISECONDS)
2022-03-02 19:00:39,546 [Listener at 127.0.0.1/42139] INFO  statemachine.DatanodeStateMachine (DatanodeStateMachine.java:stopDaemon(529)) - Ozone container server stopped.
2022-03-02 19:00:39,547 [Listener at 127.0.0.1/42139] INFO  handler.ContextHandler (ContextHandler.java:doStop(1153)) - Stopped o.e.j.w.WebAppContext@70d5b235{hddsDatanode,/,null,STOPPED}{jar:file:/home/runner/.m2/repository/org/apache/ozone/hdds-container-service/1.3.0-SNAPSHOT/hdds-container-service-1.3.0-SNAPSHOT.jar!/webapps/hddsDatanode}
2022-03-02 19:00:39,548 [Listener at 127.0.0.1/42139] INFO  server.AbstractConnector (AbstractConnector.java:doStop(381)) - Stopped ServerConnector@5322d77f{HTTP/1.1, (http/1.1)}{0.0.0.0:0}
2022-03-02 19:00:39,548 [Listener at 127.0.0.1/42139] INFO  server.session (HouseKeeper.java:stopScavenging(149)) - node0 Stopped scavenging
2022-03-02 19:00:39,548 [Listener at 127.0.0.1/42139] INFO  handler.ContextHandler (ContextHandler.java:doStop(1153)) - Stopped o.e.j.s.ServletContextHandler@69745cfe{static,/static,jar:file:/home/runner/.m2/repository/org/apache/ozone/hdds-container-service/1.3.0-SNAPSHOT/hdds-container-service-1.3.0-SNAPSHOT.jar!/webapps/static,STOPPED}
2022-03-02 19:00:39,549 [Listener at 127.0.0.1/42139] INFO  handler.ContextHandler (ContextHandler.java:doStop(1153)) - Stopped o.e.j.s.ServletContextHandler@421e8b29{logs,/logs,file:///home/runner/work/ozone/ozone/hadoop-ozone/integration-test/target/log,STOPPED}
2022-03-02 19:00:39,567 [ForkJoinPool.commonPool-worker-0] INFO  statemachine.DatanodeStateMachine (DatanodeStateMachine.java:stopDaemon(529)) - Ozone container server stopped.
2022-03-02 19:00:39,574 [ForkJoinPool.commonPool-worker-0] INFO  handler.ContextHandler (ContextHandler.java:doStop(1153)) - Stopped o.e.j.w.WebAppContext@3175ce18{hddsDatanode,/,null,STOPPED}{jar:file:/home/runner/.m2/repository/org/apache/ozone/hdds-container-service/1.3.0-SNAPSHOT/hdds-container-service-1.3.0-SNAPSHOT.jar!/webapps/hddsDatanode}
2022-03-02 19:00:39,589 [ForkJoinPool.commonPool-worker-0] INFO  server.AbstractConnector (AbstractConnector.java:doStop(381)) - Stopped ServerConnector@1c43b31d{HTTP/1.1, (http/1.1)}{0.0.0.0:0}
2022-03-02 19:00:39,589 [ForkJoinPool.commonPool-worker-0] INFO  server.session (HouseKeeper.java:stopScavenging(149)) - node0 Stopped scavenging
2022-03-02 19:00:39,593 [ForkJoinPool.commonPool-worker-0] INFO  handler.ContextHandler (ContextHandler.java:doStop(1153)) - Stopped o.e.j.s.ServletContextHandler@316533b{static,/static,jar:file:/home/runner/.m2/repository/org/apache/ozone/hdds-container-service/1.3.0-SNAPSHOT/hdds-container-service-1.3.0-SNAPSHOT.jar!/webapps/static,STOPPED}
2022-03-02 19:00:39,595 [ForkJoinPool.commonPool-worker-0] INFO  handler.ContextHandler (ContextHandler.java:doStop(1153)) - Stopped o.e.j.s.ServletContextHandler@4b39daed{logs,/logs,file:///home/runner/work/ozone/ozone/hadoop-ozone/integration-test/target/log,STOPPED}
2022-03-02 19:00:39,965 [EndpointStateMachine task thread for /127.0.0.1:38087 - 0 ] INFO  ipc.Client (Client.java:handleConnectionFailure(977)) - Retrying connect to server: localhost/127.0.0.1:38087. Already tried 10 time(s); retry policy is RetryUpToMaximumCountWithFixedSleep(maxRetries=15, sleepTime=1000 MILLISECONDS)
2022-03-02 19:00:39,994 [EndpointStateMachine task thread for /127.0.0.1:45277 - 0 ] INFO  ipc.Client (Client.java:handleConnectionFailure(977)) - Retrying connect to server: localhost/127.0.0.1:45277. Already tried 10 time(s); retry policy is RetryUpToMaximumCountWithFixedSleep(maxRetries=15, sleepTime=1000 MILLISECONDS)
2022-03-02 19:00:39,999 [EndpointStateMachine task thread for /127.0.0.1:35087 - 0 ] INFO  ipc.Client (Client.java:handleConnectionFailure(977)) - Retrying connect to server: localhost/127.0.0.1:35087. Already tried 10 time(s); retry policy is RetryUpToMaximumCountWithFixedSleep(maxRetries=15, sleepTime=1000 MILLISECONDS)
2022-03-02 19:00:40,261 [EndpointStateMachine task thread for /127.0.0.1:32779 - 0 ] INFO  ipc.Client (Client.java:handleConnectionFailure(977)) - Retrying connect to server: localhost/127.0.0.1:32779. Already tried 12 time(s); retry policy is RetryUpToMaximumCountWithFixedSleep(maxRetries=15, sleepTime=1000 MILLISECONDS)
2022-03-02 19:00:40,262 [EndpointStateMachine task thread for /127.0.0.1:46849 - 0 ] INFO  ipc.Client (Client.java:handleConnectionFailure(977)) - Retrying connect to server: localhost/127.0.0.1:46849. Already tried 12 time(s); retry policy is RetryUpToMaximumCountWithFixedSleep(maxRetries=15, sleepTime=1000 MILLISECONDS)
2022-03-02 19:00:40,370 [Datanode State Machine Daemon Thread] WARN  statemachine.StateContext (StateContext.java:setState(250)) - Ignore disallowed transition from SHUTDOWN to RUNNING
2022-03-02 19:00:40,373 [EndpointStateMachine task thread for /127.0.0.1:39895 - 0 ] INFO  ipc.Client (Client.java:handleConnectionFailure(977)) - Retrying connect to server: localhost/127.0.0.1:39895. Already tried 12 time(s); retry policy is RetryUpToMaximumCountWithFixedSleep(maxRetries=15, sleepTime=1000 MILLISECONDS)
2022-03-02 19:00:40,966 [EndpointStateMachine task thread for /127.0.0.1:38087 - 0 ] INFO  ipc.Client (Client.java:handleConnectionFailure(977)) - Retrying connect to server: localhost/127.0.0.1:38087. Already tried 11 time(s); retry policy is RetryUpToMaximumCountWithFixedSleep(maxRetries=15, sleepTime=1000 MILLISECONDS)
2022-03-02 19:00:40,974 [b53c45b1-3941-4685-95cb-36e9d2366fdc@group-1A55FEB1424C-FollowerState] INFO  impl.FollowerState (FollowerState.java:run(134)) - b53c45b1-3941-4685-95cb-36e9d2366fdc@group-1A55FEB1424C-FollowerState: change to CANDIDATE, lastRpcElapsedTime:7530037814ns, electionTimeout:5002ms
2022-03-02 19:00:40,974 [b53c45b1-3941-4685-95cb-36e9d2366fdc@group-1A55FEB1424C-FollowerState] INFO  impl.RoleInfo (RoleInfo.java:shutdownFollowerState(108)) - b53c45b1-3941-4685-95cb-36e9d2366fdc: shutdown b53c45b1-3941-4685-95cb-36e9d2366fdc@group-1A55FEB1424C-FollowerState
2022-03-02 19:00:40,974 [b53c45b1-3941-4685-95cb-36e9d2366fdc@group-1A55FEB1424C-FollowerState] INFO  server.RaftServer$Division (RaftServerImpl.java:setRole(290)) - b53c45b1-3941-4685-95cb-36e9d2366fdc@group-1A55FEB1424C: changes role from  FOLLOWER to CANDIDATE at term 1 for changeToCandidate
2022-03-02 19:00:40,975 [b53c45b1-3941-4685-95cb-36e9d2366fdc@group-1A55FEB1424C-FollowerState] INFO  server.RaftServerConfigKeys (ConfUtils.java:logGet(44)) - raft.server.leaderelection.pre-vote = false (custom)
2022-03-02 19:00:40,975 [b53c45b1-3941-4685-95cb-36e9d2366fdc@group-1A55FEB1424C-FollowerState] INFO  impl.RoleInfo (RoleInfo.java:updateAndGet(130)) - b53c45b1-3941-4685-95cb-36e9d2366fdc: start b53c45b1-3941-4685-95cb-36e9d2366fdc@group-1A55FEB1424C-LeaderElection29
2022-03-02 19:00:40,981 [b53c45b1-3941-4685-95cb-36e9d2366fdc@group-1A55FEB1424C-LeaderElection29] INFO  server.RaftServer$Division (ServerState.java:setLeader(285)) - b53c45b1-3941-4685-95cb-36e9d2366fdc@group-1A55FEB1424C: change Leader from aa697790-8875-4a1b-830b-e84d121175f0 to null at term 1 for ELECTION
2022-03-02 19:00:40,986 [b53c45b1-3941-4685-95cb-36e9d2366fdc@group-1A55FEB1424C-LeaderElection29] INFO  impl.LeaderElection (LeaderElection.java:askForVotes(306)) - b53c45b1-3941-4685-95cb-36e9d2366fdc@group-1A55FEB1424C-LeaderElection29 ELECTION round 0: submit vote requests at term 2 for 0: [aa697790-8875-4a1b-830b-e84d121175f0|rpc:127.0.0.1:40725|dataStream:|priority:1, b53c45b1-3941-4685-95cb-36e9d2366fdc|rpc:127.0.0.1:36539|dataStream:|priority:0, a730aa12-8e10-43d5-9e4d-8226ddf6a853|rpc:127.0.0.1:34023|dataStream:|priority:0], old=null
2022-03-02 19:00:40,994 [EndpointStateMachine task thread for /127.0.0.1:45277 - 0 ] INFO  ipc.Client (Client.java:handleConnectionFailure(977)) - Retrying connect to server: localhost/127.0.0.1:45277. Already tried 11 time(s); retry policy is RetryUpToMaximumCountWithFixedSleep(maxRetries=15, sleepTime=1000 MILLISECONDS)
2022-03-02 19:00:40,999 [EndpointStateMachine task thread for /127.0.0.1:35087 - 0 ] INFO  ipc.Client (Client.java:handleConnectionFailure(977)) - Retrying connect to server: localhost/127.0.0.1:35087. Already tried 11 time(s); retry policy is RetryUpToMaximumCountWithFixedSleep(maxRetries=15, sleepTime=1000 MILLISECONDS)
2022-03-02 19:00:41,027 [b53c45b1-3941-4685-95cb-36e9d2366fdc@group-1A55FEB1424C-LeaderElection29] INFO  impl.LeaderElection (LogUtils.java:infoOrTrace(137)) - b53c45b1-3941-4685-95cb-36e9d2366fdc@group-1A55FEB1424C-LeaderElection29 got exception when requesting votes: java.util.concurrent.ExecutionException: org.apache.ratis.thirdparty.io.grpc.StatusRuntimeException: UNAVAILABLE: io exception
2022-03-02 19:00:41,033 [b53c45b1-3941-4685-95cb-36e9d2366fdc@group-1A55FEB1424C-LeaderElection29] INFO  impl.LeaderElection (LogUtils.java:infoOrTrace(137)) - b53c45b1-3941-4685-95cb-36e9d2366fdc@group-1A55FEB1424C-LeaderElection29 got exception when requesting votes: java.util.concurrent.ExecutionException: org.apache.ratis.thirdparty.io.grpc.StatusRuntimeException: UNAVAILABLE: io exception
2022-03-02 19:00:41,033 [b53c45b1-3941-4685-95cb-36e9d2366fdc@group-1A55FEB1424C-LeaderElection29] INFO  impl.LeaderElection (LeaderElection.java:logAndReturn(89)) - b53c45b1-3941-4685-95cb-36e9d2366fdc@group-1A55FEB1424C-LeaderElection29: ELECTION REJECTED received 0 response(s) and 2 exception(s):
2022-03-02 19:00:41,033 [b53c45b1-3941-4685-95cb-36e9d2366fdc@group-1A55FEB1424C-LeaderElection29] INFO  impl.LeaderElection (LogUtils.java:infoOrTrace(137)) -   Exception 0: java.util.concurrent.ExecutionException: org.apache.ratis.thirdparty.io.grpc.StatusRuntimeException: UNAVAILABLE: io exception
2022-03-02 19:00:41,033 [b53c45b1-3941-4685-95cb-36e9d2366fdc@group-1A55FEB1424C-LeaderElection29] INFO  impl.LeaderElection (LogUtils.java:infoOrTrace(137)) -   Exception 1: java.util.concurrent.ExecutionException: org.apache.ratis.thirdparty.io.grpc.StatusRuntimeException: UNAVAILABLE: io exception
2022-03-02 19:00:41,033 [b53c45b1-3941-4685-95cb-36e9d2366fdc@group-1A55FEB1424C-LeaderElection29] INFO  impl.LeaderElection (LeaderElection.java:askForVotes(308)) - b53c45b1-3941-4685-95cb-36e9d2366fdc@group-1A55FEB1424C-LeaderElection29 ELECTION round 0: result REJECTED
2022-03-02 19:00:41,033 [b53c45b1-3941-4685-95cb-36e9d2366fdc@group-1A55FEB1424C-LeaderElection29] INFO  server.RaftServer$Division (RaftServerImpl.java:setRole(290)) - b53c45b1-3941-4685-95cb-36e9d2366fdc@group-1A55FEB1424C: changes role from CANDIDATE to FOLLOWER at term 2 for REJECTED
2022-03-02 19:00:41,033 [b53c45b1-3941-4685-95cb-36e9d2366fdc@group-1A55FEB1424C-LeaderElection29] INFO  impl.RoleInfo (RoleInfo.java:shutdownLeaderElection(121)) - b53c45b1-3941-4685-95cb-36e9d2366fdc: shutdown b53c45b1-3941-4685-95cb-36e9d2366fdc@group-1A55FEB1424C-LeaderElection29
2022-03-02 19:00:41,033 [b53c45b1-3941-4685-95cb-36e9d2366fdc@group-1A55FEB1424C-LeaderElection29] INFO  impl.RoleInfo (RoleInfo.java:updateAndGet(130)) - b53c45b1-3941-4685-95cb-36e9d2366fdc: start b53c45b1-3941-4685-95cb-36e9d2366fdc@group-1A55FEB1424C-FollowerState
2022-03-02 19:00:41,262 [EndpointStateMachine task thread for /127.0.0.1:32779 - 0 ] INFO  ipc.Client (Client.java:handleConnectionFailure(977)) - Retrying connect to server: localhost/127.0.0.1:32779. Already tried 13 time(s); retry policy is RetryUpToMaximumCountWithFixedSleep(maxRetries=15, sleepTime=1000 MILLISECONDS)
2022-03-02 19:00:41,263 [EndpointStateMachine task thread for /127.0.0.1:46849 - 0 ] INFO  ipc.Client (Client.java:handleConnectionFailure(977)) - Retrying connect to server: localhost/127.0.0.1:46849. Already tried 13 time(s); retry policy is RetryUpToMaximumCountWithFixedSleep(maxRetries=15, sleepTime=1000 MILLISECONDS)
2022-03-02 19:00:41,374 [EndpointStateMachine task thread for /127.0.0.1:39895 - 0 ] INFO  ipc.Client (Client.java:handleConnectionFailure(977)) - Retrying connect to server: localhost/127.0.0.1:39895. Already tried 13 time(s); retry policy is RetryUpToMaximumCountWithFixedSleep(maxRetries=15, sleepTime=1000 MILLISECONDS)
2022-03-02 19:00:41,536 [grpc-default-executor-0] WARN  server.GrpcLogAppender (LogUtils.java:warn(122)) - b53c45b1-3941-4685-95cb-36e9d2366fdc@group-C4B1A2EFFCB1->aa697790-8875-4a1b-830b-e84d121175f0-AppendLogResponseHandler: Failed appendEntries: org.apache.ratis.thirdparty.io.grpc.StatusRuntimeException: UNAVAILABLE: io exception
2022-03-02 19:00:41,537 [grpc-default-executor-0] WARN  server.GrpcLogAppender (GrpcLogAppender.java:resetClient(110)) - b53c45b1-3941-4685-95cb-36e9d2366fdc@group-C4B1A2EFFCB1->aa697790-8875-4a1b-830b-e84d121175f0-GrpcLogAppender: Leader has not got in touch with Follower b53c45b1-3941-4685-95cb-36e9d2366fdc@group-C4B1A2EFFCB1->aa697790-8875-4a1b-830b-e84d121175f0(c0,m0,n1, attendVote=true, lastRpcSendTime=0, lastRpcResponseTime=7521) yet, just keep nextIndex unchanged and retry.
2022-03-02 19:00:41,577 [grpc-default-executor-0] WARN  server.GrpcLogAppender (LogUtils.java:warn(122)) - b53c45b1-3941-4685-95cb-36e9d2366fdc@group-C4B1A2EFFCB1->a730aa12-8e10-43d5-9e4d-8226ddf6a853-AppendLogResponseHandler: Failed appendEntries: org.apache.ratis.thirdparty.io.grpc.StatusRuntimeException: UNAVAILABLE: io exception
2022-03-02 19:00:41,578 [grpc-default-executor-0] WARN  server.GrpcLogAppender (GrpcLogAppender.java:resetClient(110)) - b53c45b1-3941-4685-95cb-36e9d2366fdc@group-C4B1A2EFFCB1->a730aa12-8e10-43d5-9e4d-8226ddf6a853-GrpcLogAppender: Leader has not got in touch with Follower b53c45b1-3941-4685-95cb-36e9d2366fdc@group-C4B1A2EFFCB1->a730aa12-8e10-43d5-9e4d-8226ddf6a853(c0,m0,n1, attendVote=true, lastRpcSendTime=4, lastRpcResponseTime=7528) yet, just keep nextIndex unchanged and retry.
2022-03-02 19:00:41,967 [EndpointStateMachine task thread for /127.0.0.1:38087 - 0 ] INFO  ipc.Client (Client.java:handleConnectionFailure(977)) - Retrying connect to server: localhost/127.0.0.1:38087. Already tried 12 time(s); retry policy is RetryUpToMaximumCountWithFixedSleep(maxRetries=15, sleepTime=1000 MILLISECONDS)
2022-03-02 19:00:41,996 [EndpointStateMachine task thread for /127.0.0.1:45277 - 0 ] INFO  ipc.Client (Client.java:handleConnectionFailure(977)) - Retrying connect to server: localhost/127.0.0.1:45277. Already tried 12 time(s); retry policy is RetryUpToMaximumCountWithFixedSleep(maxRetries=15, sleepTime=1000 MILLISECONDS)
2022-03-02 19:00:41,999 [EndpointStateMachine task thread for /127.0.0.1:35087 - 0 ] INFO  ipc.Client (Client.java:handleConnectionFailure(977)) - Retrying connect to server: localhost/127.0.0.1:35087. Already tried 12 time(s); retry policy is RetryUpToMaximumCountWithFixedSleep(maxRetries=15, sleepTime=1000 MILLISECONDS)
2022-03-02 19:00:42,021 [b53c45b1-3941-4685-95cb-36e9d2366fdc@group-C4B1A2EFFCB1-LeaderStateImpl] WARN  server.RaftServer$Division (LeaderStateImpl.java:checkLeadership(974)) - b53c45b1-3941-4685-95cb-36e9d2366fdc@group-C4B1A2EFFCB1-LeaderStateImpl: Lost leadership on term: 3. Election timeout: 5200ms. In charge for: 15660ms. Conf: 0: [aa697790-8875-4a1b-830b-e84d121175f0|rpc:127.0.0.1:40725|dataStream:|priority:0, b53c45b1-3941-4685-95cb-36e9d2366fdc|rpc:127.0.0.1:36539|dataStream:|priority:1, a730aa12-8e10-43d5-9e4d-8226ddf6a853|rpc:127.0.0.1:34023|dataStream:|priority:0], old=null
2022-03-02 19:00:42,021 [b53c45b1-3941-4685-95cb-36e9d2366fdc@group-C4B1A2EFFCB1-LeaderStateImpl] WARN  server.RaftServer$Division (LeaderStateImpl.java:lambda$checkLeadership$15(978)) - Follower b53c45b1-3941-4685-95cb-36e9d2366fdc@group-C4B1A2EFFCB1->aa697790-8875-4a1b-830b-e84d121175f0(c0,m0,n1, attendVote=true, lastRpcSendTime=485, lastRpcResponseTime=8006)
2022-03-02 19:00:42,021 [b53c45b1-3941-4685-95cb-36e9d2366fdc@group-C4B1A2EFFCB1-LeaderStateImpl] WARN  server.RaftServer$Division (LeaderStateImpl.java:lambda$checkLeadership$15(978)) - Follower b53c45b1-3941-4685-95cb-36e9d2366fdc@group-C4B1A2EFFCB1->a730aa12-8e10-43d5-9e4d-8226ddf6a853(c0,m0,n1, attendVote=true, lastRpcSendTime=447, lastRpcResponseTime=7971)
2022-03-02 19:00:42,021 [b53c45b1-3941-4685-95cb-36e9d2366fdc@group-C4B1A2EFFCB1-LeaderStateImpl] INFO  server.RaftServer$Division (RaftServerImpl.java:setRole(290)) - b53c45b1-3941-4685-95cb-36e9d2366fdc@group-C4B1A2EFFCB1: changes role from    LEADER to FOLLOWER at term 3 for StepDownReason:LOST_MAJORITY_HEARTBEATS
2022-03-02 19:00:42,021 [b53c45b1-3941-4685-95cb-36e9d2366fdc@group-C4B1A2EFFCB1-LeaderStateImpl] INFO  impl.RoleInfo (RoleInfo.java:shutdownLeaderState(91)) - b53c45b1-3941-4685-95cb-36e9d2366fdc: shutdown b53c45b1-3941-4685-95cb-36e9d2366fdc@group-C4B1A2EFFCB1-LeaderStateImpl
2022-03-02 19:00:42,029 [b53c45b1-3941-4685-95cb-36e9d2366fdc@group-C4B1A2EFFCB1-LeaderStateImpl] INFO  impl.PendingRequests (PendingRequests.java:sendNotLeaderResponses(282)) - b53c45b1-3941-4685-95cb-36e9d2366fdc@group-C4B1A2EFFCB1-PendingRequests: sendNotLeaderResponses
2022-03-02 19:00:42,029 [b53c45b1-3941-4685-95cb-36e9d2366fdc@group-C4B1A2EFFCB1-LeaderStateImpl] INFO  impl.RoleInfo (RoleInfo.java:updateAndGet(130)) - b53c45b1-3941-4685-95cb-36e9d2366fdc: start b53c45b1-3941-4685-95cb-36e9d2366fdc@group-C4B1A2EFFCB1-FollowerState
2022-03-02 19:00:42,263 [EndpointStateMachine task thread for /127.0.0.1:32779 - 0 ] INFO  ipc.Client (Client.java:handleConnectionFailure(977)) - Retrying connect to server: localhost/127.0.0.1:32779. Already tried 14 time(s); retry policy is RetryUpToMaximumCountWithFixedSleep(maxRetries=15, sleepTime=1000 MILLISECONDS)
2022-03-02 19:00:42,264 [EndpointStateMachine task thread for /127.0.0.1:32779 - 0 ] WARN  statemachine.EndpointStateMachine (EndpointStateMachine.java:logIfNeeded(236)) - Unable to communicate to SCM server at localhost:32779 for past 0 seconds.
java.net.ConnectException: Call From fv-az148-899/10.1.0.29 to localhost:32779 failed on connection exception: java.net.ConnectException: Connection refused; For more details see:  http://wiki.apache.org/hadoop/ConnectionRefused
	at sun.reflect.GeneratedConstructorAccessor42.newInstance(Unknown Source)
	at sun.reflect.DelegatingConstructorAccessorImpl.newInstance(DelegatingConstructorAccessorImpl.java:45)
	at java.lang.reflect.Constructor.newInstance(Constructor.java:423)
	at org.apache.hadoop.net.NetUtils.wrapWithMessage(NetUtils.java:913)
	at org.apache.hadoop.net.NetUtils.wrapException(NetUtils.java:828)
	at org.apache.hadoop.ipc.Client.getRpcResponse(Client.java:1577)
	at org.apache.hadoop.ipc.Client.call(Client.java:1519)
	at org.apache.hadoop.ipc.Client.call(Client.java:1416)
	at org.apache.hadoop.ipc.ProtobufRpcEngine$Invoker.invoke(ProtobufRpcEngine.java:236)
	at org.apache.hadoop.ipc.ProtobufRpcEngine$Invoker.invoke(ProtobufRpcEngine.java:123)
	at com.sun.proxy.$Proxy48.submitRequest(Unknown Source)
	at org.apache.hadoop.ozone.protocolPB.StorageContainerDatanodeProtocolClientSideTranslatorPB.submitRequest(StorageContainerDatanodeProtocolClientSideTranslatorPB.java:117)
	at org.apache.hadoop.ozone.protocolPB.StorageContainerDatanodeProtocolClientSideTranslatorPB.sendHeartbeat(StorageContainerDatanodeProtocolClientSideTranslatorPB.java:149)
	at org.apache.hadoop.ozone.container.common.states.endpoint.HeartbeatEndpointTask.call(HeartbeatEndpointTask.java:179)
	at org.apache.hadoop.ozone.container.common.states.endpoint.HeartbeatEndpointTask.call(HeartbeatEndpointTask.java:82)
	at java.util.concurrent.FutureTask.run(FutureTask.java:266)
	at java.util.concurrent.ThreadPoolExecutor.runWorker(ThreadPoolExecutor.java:1149)
	at java.util.concurrent.ThreadPoolExecutor$Worker.run(ThreadPoolExecutor.java:624)
	at java.lang.Thread.run(Thread.java:750)
Caused by: java.net.ConnectException: Connection refused
	at sun.nio.ch.SocketChannelImpl.checkConnect(Native Method)
	at sun.nio.ch.SocketChannelImpl.finishConnect(SocketChannelImpl.java:716)
	at org.apache.hadoop.net.SocketIOWithTimeout.connect(SocketIOWithTimeout.java:206)
	at org.apache.hadoop.net.NetUtils.connect(NetUtils.java:586)
	at org.apache.hadoop.ipc.Client$Connection.setupConnection(Client.java:701)
	at org.apache.hadoop.ipc.Client$Connection.setupIOstreams(Client.java:822)
	at org.apache.hadoop.ipc.Client$Connection.access$3800(Client.java:414)
	at org.apache.hadoop.ipc.Client.getConnection(Client.java:1647)
	at org.apache.hadoop.ipc.Client.call(Client.java:1463)
	... 12 more
2022-03-02 19:00:42,264 [EndpointStateMachine task thread for /127.0.0.1:46849 - 0 ] INFO  ipc.Client (Client.java:handleConnectionFailure(977)) - Retrying connect to server: localhost/127.0.0.1:46849. Already tried 14 time(s); retry policy is RetryUpToMaximumCountWithFixedSleep(maxRetries=15, sleepTime=1000 MILLISECONDS)
2022-03-02 19:00:42,264 [EndpointStateMachine task thread for /127.0.0.1:46849 - 0 ] WARN  statemachine.EndpointStateMachine (EndpointStateMachine.java:logIfNeeded(236)) - Unable to communicate to SCM server at localhost:46849 for past 0 seconds.
java.net.ConnectException: Call From fv-az148-899/10.1.0.29 to localhost:46849 failed on connection exception: java.net.ConnectException: Connection refused; For more details see:  http://wiki.apache.org/hadoop/ConnectionRefused
	at sun.reflect.GeneratedConstructorAccessor42.newInstance(Unknown Source)
	at sun.reflect.DelegatingConstructorAccessorImpl.newInstance(DelegatingConstructorAccessorImpl.java:45)
	at java.lang.reflect.Constructor.newInstance(Constructor.java:423)
	at org.apache.hadoop.net.NetUtils.wrapWithMessage(NetUtils.java:913)
	at org.apache.hadoop.net.NetUtils.wrapException(NetUtils.java:828)
	at org.apache.hadoop.ipc.Client.getRpcResponse(Client.java:1577)
	at org.apache.hadoop.ipc.Client.call(Client.java:1519)
	at org.apache.hadoop.ipc.Client.call(Client.java:1416)
	at org.apache.hadoop.ipc.ProtobufRpcEngine$Invoker.invoke(ProtobufRpcEngine.java:236)
	at org.apache.hadoop.ipc.ProtobufRpcEngine$Invoker.invoke(ProtobufRpcEngine.java:123)
	at com.sun.proxy.$Proxy48.submitRequest(Unknown Source)
	at org.apache.hadoop.ozone.protocolPB.StorageContainerDatanodeProtocolClientSideTranslatorPB.submitRequest(StorageContainerDatanodeProtocolClientSideTranslatorPB.java:117)
	at org.apache.hadoop.ozone.protocolPB.StorageContainerDatanodeProtocolClientSideTranslatorPB.register(StorageContainerDatanodeProtocolClientSideTranslatorPB.java:180)
	at org.apache.hadoop.ozone.container.common.states.endpoint.RegisterEndpointTask.call(RegisterEndpointTask.java:158)
	at org.apache.hadoop.ozone.container.common.states.endpoint.RegisterEndpointTask.call(RegisterEndpointTask.java:52)
	at java.util.concurrent.FutureTask.run(FutureTask.java:266)
	at java.util.concurrent.ThreadPoolExecutor.runWorker(ThreadPoolExecutor.java:1149)
	at java.util.concurrent.ThreadPoolExecutor$Worker.run(ThreadPoolExecutor.java:624)
	at java.lang.Thread.run(Thread.java:750)
Caused by: java.net.ConnectException: Connection refused
	at sun.nio.ch.SocketChannelImpl.checkConnect(Native Method)
	at sun.nio.ch.SocketChannelImpl.finishConnect(SocketChannelImpl.java:716)
	at org.apache.hadoop.net.SocketIOWithTimeout.connect(SocketIOWithTimeout.java:206)
	at org.apache.hadoop.net.NetUtils.connect(NetUtils.java:586)
	at org.apache.hadoop.ipc.Client$Connection.setupConnection(Client.java:701)
	at org.apache.hadoop.ipc.Client$Connection.setupIOstreams(Client.java:822)
	at org.apache.hadoop.ipc.Client$Connection.access$3800(Client.java:414)
	at org.apache.hadoop.ipc.Client.getConnection(Client.java:1647)
	at org.apache.hadoop.ipc.Client.call(Client.java:1463)
	... 12 more
2022-03-02 19:00:42,375 [EndpointStateMachine task thread for /127.0.0.1:39895 - 0 ] INFO  ipc.Client (Client.java:handleConnectionFailure(977)) - Retrying connect to server: localhost/127.0.0.1:39895. Already tried 14 time(s); retry policy is RetryUpToMaximumCountWithFixedSleep(maxRetries=15, sleepTime=1000 MILLISECONDS)
2022-03-02 19:00:42,375 [EndpointStateMachine task thread for /127.0.0.1:39895 - 0 ] WARN  statemachine.EndpointStateMachine (EndpointStateMachine.java:logIfNeeded(236)) - Unable to communicate to SCM server at localhost:39895 for past 0 seconds.
java.net.ConnectException: Call From fv-az148-899/10.1.0.29 to localhost:39895 failed on connection exception: java.net.ConnectException: Connection refused; For more details see:  http://wiki.apache.org/hadoop/ConnectionRefused
	at sun.reflect.GeneratedConstructorAccessor42.newInstance(Unknown Source)
	at sun.reflect.DelegatingConstructorAccessorImpl.newInstance(DelegatingConstructorAccessorImpl.java:45)
	at java.lang.reflect.Constructor.newInstance(Constructor.java:423)
	at org.apache.hadoop.net.NetUtils.wrapWithMessage(NetUtils.java:913)
	at org.apache.hadoop.net.NetUtils.wrapException(NetUtils.java:828)
	at org.apache.hadoop.ipc.Client.getRpcResponse(Client.java:1577)
	at org.apache.hadoop.ipc.Client.call(Client.java:1519)
	at org.apache.hadoop.ipc.Client.call(Client.java:1416)
	at org.apache.hadoop.ipc.ProtobufRpcEngine$Invoker.invoke(ProtobufRpcEngine.java:236)
	at org.apache.hadoop.ipc.ProtobufRpcEngine$Invoker.invoke(ProtobufRpcEngine.java:123)
	at com.sun.proxy.$Proxy48.submitRequest(Unknown Source)
	at org.apache.hadoop.ozone.protocolPB.StorageContainerDatanodeProtocolClientSideTranslatorPB.submitRequest(StorageContainerDatanodeProtocolClientSideTranslatorPB.java:117)
	at org.apache.hadoop.ozone.protocolPB.StorageContainerDatanodeProtocolClientSideTranslatorPB.sendHeartbeat(StorageContainerDatanodeProtocolClientSideTranslatorPB.java:149)
	at org.apache.hadoop.ozone.container.common.states.endpoint.HeartbeatEndpointTask.call(HeartbeatEndpointTask.java:179)
	at org.apache.hadoop.ozone.container.common.states.endpoint.HeartbeatEndpointTask.call(HeartbeatEndpointTask.java:82)
	at java.util.concurrent.FutureTask.run(FutureTask.java:266)
	at java.util.concurrent.ThreadPoolExecutor.runWorker(ThreadPoolExecutor.java:1149)
	at java.util.concurrent.ThreadPoolExecutor$Worker.run(ThreadPoolExecutor.java:624)
	at java.lang.Thread.run(Thread.java:750)
Caused by: java.net.ConnectException: Connection refused
	at sun.nio.ch.SocketChannelImpl.checkConnect(Native Method)
	at sun.nio.ch.SocketChannelImpl.finishConnect(SocketChannelImpl.java:716)
	at org.apache.hadoop.net.SocketIOWithTimeout.connect(SocketIOWithTimeout.java:206)
	at org.apache.hadoop.net.NetUtils.connect(NetUtils.java:586)
	at org.apache.hadoop.ipc.Client$Connection.setupConnection(Client.java:701)
	at org.apache.hadoop.ipc.Client$Connection.setupIOstreams(Client.java:822)
	at org.apache.hadoop.ipc.Client$Connection.access$3800(Client.java:414)
	at org.apache.hadoop.ipc.Client.getConnection(Client.java:1647)
	at org.apache.hadoop.ipc.Client.call(Client.java:1463)
	... 12 more
2022-03-02 19:00:42,967 [EndpointStateMachine task thread for /127.0.0.1:38087 - 0 ] INFO  ipc.Client (Client.java:handleConnectionFailure(977)) - Retrying connect to server: localhost/127.0.0.1:38087. Already tried 13 time(s); retry policy is RetryUpToMaximumCountWithFixedSleep(maxRetries=15, sleepTime=1000 MILLISECONDS)
2022-03-02 19:00:42,997 [EndpointStateMachine task thread for /127.0.0.1:45277 - 0 ] INFO  ipc.Client (Client.java:handleConnectionFailure(977)) - Retrying connect to server: localhost/127.0.0.1:45277. Already tried 13 time(s); retry policy is RetryUpToMaximumCountWithFixedSleep(maxRetries=15, sleepTime=1000 MILLISECONDS)
2022-03-02 19:00:43,000 [EndpointStateMachine task thread for /127.0.0.1:35087 - 0 ] INFO  ipc.Client (Client.java:handleConnectionFailure(977)) - Retrying connect to server: localhost/127.0.0.1:35087. Already tried 13 time(s); retry policy is RetryUpToMaximumCountWithFixedSleep(maxRetries=15, sleepTime=1000 MILLISECONDS)
2022-03-02 19:00:43,264 [EndpointStateMachine task thread for /127.0.0.1:32779 - 0 ] INFO  ipc.Client (Client.java:handleConnectionFailure(977)) - Retrying connect to server: localhost/127.0.0.1:32779. Already tried 0 time(s); retry policy is RetryUpToMaximumCountWithFixedSleep(maxRetries=15, sleepTime=1000 MILLISECONDS)
2022-03-02 19:00:43,265 [EndpointStateMachine task thread for /127.0.0.1:46849 - 0 ] INFO  ipc.Client (Client.java:handleConnectionFailure(977)) - Retrying connect to server: localhost/127.0.0.1:46849. Already tried 0 time(s); retry policy is RetryUpToMaximumCountWithFixedSleep(maxRetries=15, sleepTime=1000 MILLISECONDS)
2022-03-02 19:00:43,376 [EndpointStateMachine task thread for /127.0.0.1:39895 - 0 ] INFO  ipc.Client (Client.java:handleConnectionFailure(977)) - Retrying connect to server: localhost/127.0.0.1:39895. Already tried 0 time(s); retry policy is RetryUpToMaximumCountWithFixedSleep(maxRetries=15, sleepTime=1000 MILLISECONDS)
2022-03-02 19:00:43,968 [EndpointStateMachine task thread for /127.0.0.1:38087 - 0 ] INFO  ipc.Client (Client.java:handleConnectionFailure(977)) - Retrying connect to server: localhost/127.0.0.1:38087. Already tried 14 time(s); retry policy is RetryUpToMaximumCountWithFixedSleep(maxRetries=15, sleepTime=1000 MILLISECONDS)
2022-03-02 19:00:43,997 [EndpointStateMachine task thread for /127.0.0.1:45277 - 0 ] INFO  ipc.Client (Client.java:handleConnectionFailure(977)) - Retrying connect to server: localhost/127.0.0.1:45277. Already tried 14 time(s); retry policy is RetryUpToMaximumCountWithFixedSleep(maxRetries=15, sleepTime=1000 MILLISECONDS)
2022-03-02 19:00:44,000 [EndpointStateMachine task thread for /127.0.0.1:35087 - 0 ] INFO  ipc.Client (Client.java:handleConnectionFailure(977)) - Retrying connect to server: localhost/127.0.0.1:35087. Already tried 14 time(s); retry policy is RetryUpToMaximumCountWithFixedSleep(maxRetries=15, sleepTime=1000 MILLISECONDS)
2022-03-02 19:00:44,265 [EndpointStateMachine task thread for /127.0.0.1:32779 - 0 ] INFO  ipc.Client (Client.java:handleConnectionFailure(977)) - Retrying connect to server: localhost/127.0.0.1:32779. Already tried 1 time(s); retry policy is RetryUpToMaximumCountWithFixedSleep(maxRetries=15, sleepTime=1000 MILLISECONDS)
2022-03-02 19:00:44,265 [EndpointStateMachine task thread for /127.0.0.1:46849 - 0 ] INFO  ipc.Client (Client.java:handleConnectionFailure(977)) - Retrying connect to server: localhost/127.0.0.1:46849. Already tried 1 time(s); retry policy is RetryUpToMaximumCountWithFixedSleep(maxRetries=15, sleepTime=1000 MILLISECONDS)
2022-03-02 19:00:44,377 [EndpointStateMachine task thread for /127.0.0.1:39895 - 0 ] INFO  ipc.Client (Client.java:handleConnectionFailure(977)) - Retrying connect to server: localhost/127.0.0.1:39895. Already tried 1 time(s); retry policy is RetryUpToMaximumCountWithFixedSleep(maxRetries=15, sleepTime=1000 MILLISECONDS)
2022-03-02 19:00:44,555 [Listener at 127.0.0.1/42139] INFO  ozoneimpl.OzoneContainer (OzoneContainer.java:stop(356)) - Attempting to stop container services.
2022-03-02 19:00:44,558 [Listener at 127.0.0.1/42139] INFO  server.RaftServer (RaftServerProxy.java:lambda$close$6(391)) - b53c45b1-3941-4685-95cb-36e9d2366fdc: close
2022-03-02 19:00:44,567 [Listener at 127.0.0.1/42139] INFO  server.RaftServer$Division (RaftServerImpl.java:lambda$close$4(412)) - b53c45b1-3941-4685-95cb-36e9d2366fdc@group-1A55FEB1424C: shutdown
2022-03-02 19:00:44,568 [Listener at 127.0.0.1/42139] INFO  util.JmxRegister (JmxRegister.java:unregister(73)) - Successfully un-registered JMX Bean with object name Ratis:service=RaftServer,group=group-1A55FEB1424C,id=b53c45b1-3941-4685-95cb-36e9d2366fdc
2022-03-02 19:00:44,568 [Listener at 127.0.0.1/42139] INFO  impl.RoleInfo (RoleInfo.java:shutdownFollowerState(108)) - b53c45b1-3941-4685-95cb-36e9d2366fdc: shutdown b53c45b1-3941-4685-95cb-36e9d2366fdc@group-1A55FEB1424C-FollowerState
2022-03-02 19:00:44,568 [Listener at 127.0.0.1/42139] INFO  impl.StateMachineUpdater (StateMachineUpdater.java:stopAndJoin(149)) - b53c45b1-3941-4685-95cb-36e9d2366fdc@group-1A55FEB1424C-StateMachineUpdater: set stopIndex = 0
2022-03-02 19:00:44,568 [b53c45b1-3941-4685-95cb-36e9d2366fdc@group-1A55FEB1424C-FollowerState] INFO  impl.FollowerState (FollowerState.java:run(143)) - b53c45b1-3941-4685-95cb-36e9d2366fdc@group-1A55FEB1424C-FollowerState was interrupted: {}
java.lang.InterruptedException: sleep interrupted
	at java.lang.Thread.sleep(Native Method)
	at java.lang.Thread.sleep(Thread.java:342)
	at java.util.concurrent.TimeUnit.sleep(TimeUnit.java:386)
	at org.apache.ratis.util.TimeDuration.sleep(TimeDuration.java:324)
	at org.apache.ratis.util.TimeDuration.sleep(TimeDuration.java:309)
	at org.apache.ratis.server.impl.FollowerState.run(FollowerState.java:118)
2022-03-02 19:00:44,573 [b53c45b1-3941-4685-95cb-36e9d2366fdc@group-1A55FEB1424C-StateMachineUpdater] INFO  ratis.ContainerStateMachine (ContainerStateMachine.java:takeSnapshot(304)) - group-1A55FEB1424C: Taking a snapshot at:(t:1, i:0) file /home/runner/work/ozone/ozone/hadoop-ozone/integration-test/target/test-dir/MiniOzoneClusterImpl-5ed764c8-eddb-4368-ac32-9b8b311b51af/datanode-2/data/ratis/b9eebb0d-29d0-4ad9-86a2-1a55feb1424c/sm/snapshot.1_0
2022-03-02 19:00:44,574 [b53c45b1-3941-4685-95cb-36e9d2366fdc@group-1A55FEB1424C-StateMachineUpdater] INFO  ratis.ContainerStateMachine (ContainerStateMachine.java:takeSnapshot(315)) - group-1A55FEB1424C: Finished taking a snapshot at:(t:1, i:0) file:/home/runner/work/ozone/ozone/hadoop-ozone/integration-test/target/test-dir/MiniOzoneClusterImpl-5ed764c8-eddb-4368-ac32-9b8b311b51af/datanode-2/data/ratis/b9eebb0d-29d0-4ad9-86a2-1a55feb1424c/sm/snapshot.1_0 took: 1 ms
2022-03-02 19:00:44,575 [b53c45b1-3941-4685-95cb-36e9d2366fdc@group-1A55FEB1424C-StateMachineUpdater] INFO  impl.StateMachineUpdater (StateMachineUpdater.java:takeSnapshot(281)) - b53c45b1-3941-4685-95cb-36e9d2366fdc@group-1A55FEB1424C-StateMachineUpdater: Took a snapshot at index 0
2022-03-02 19:00:44,575 [b53c45b1-3941-4685-95cb-36e9d2366fdc@group-1A55FEB1424C-StateMachineUpdater] INFO  impl.StateMachineUpdater (StateMachineUpdater.java:lambda$new$0(89)) - b53c45b1-3941-4685-95cb-36e9d2366fdc@group-1A55FEB1424C-StateMachineUpdater: snapshotIndex: updateIncreasingly -1 -> 0
2022-03-02 19:00:44,575 [Listener at 127.0.0.1/42139] INFO  server.RaftServer$Division (ServerState.java:close(419)) - b53c45b1-3941-4685-95cb-36e9d2366fdc@group-1A55FEB1424C: closes. applyIndex: 0
2022-03-02 19:00:44,575 [b53c45b1-3941-4685-95cb-36e9d2366fdc@group-1A55FEB1424C-SegmentedRaftLogWorker] INFO  segmented.SegmentedRaftLogWorker (SegmentedRaftLogWorker.java:run(327)) - b53c45b1-3941-4685-95cb-36e9d2366fdc@group-1A55FEB1424C-SegmentedRaftLogWorker was interrupted, exiting. There are 0 tasks remaining in the queue.
2022-03-02 19:00:44,575 [Listener at 127.0.0.1/42139] INFO  segmented.SegmentedRaftLogWorker (SegmentedRaftLogWorker.java:close(237)) - b53c45b1-3941-4685-95cb-36e9d2366fdc@group-1A55FEB1424C-SegmentedRaftLogWorker close()
2022-03-02 19:00:44,576 [Listener at 127.0.0.1/42139] INFO  server.RaftServer$Division (RaftServerImpl.java:lambda$close$4(412)) - b53c45b1-3941-4685-95cb-36e9d2366fdc@group-C4B1A2EFFCB1: shutdown
2022-03-02 19:00:44,576 [Listener at 127.0.0.1/42139] INFO  util.JmxRegister (JmxRegister.java:unregister(73)) - Successfully un-registered JMX Bean with object name Ratis:service=RaftServer,group=group-C4B1A2EFFCB1,id=b53c45b1-3941-4685-95cb-36e9d2366fdc
2022-03-02 19:00:44,576 [Listener at 127.0.0.1/42139] INFO  impl.RoleInfo (RoleInfo.java:shutdownFollowerState(108)) - b53c45b1-3941-4685-95cb-36e9d2366fdc: shutdown b53c45b1-3941-4685-95cb-36e9d2366fdc@group-C4B1A2EFFCB1-FollowerState
2022-03-02 19:00:44,576 [Listener at 127.0.0.1/42139] INFO  impl.StateMachineUpdater (StateMachineUpdater.java:stopAndJoin(149)) - b53c45b1-3941-4685-95cb-36e9d2366fdc@group-C4B1A2EFFCB1-StateMachineUpdater: set stopIndex = 0
2022-03-02 19:00:44,576 [b53c45b1-3941-4685-95cb-36e9d2366fdc@group-C4B1A2EFFCB1-FollowerState] INFO  impl.FollowerState (FollowerState.java:run(143)) - b53c45b1-3941-4685-95cb-36e9d2366fdc@group-C4B1A2EFFCB1-FollowerState was interrupted: {}
java.lang.InterruptedException: sleep interrupted
	at java.lang.Thread.sleep(Native Method)
	at java.lang.Thread.sleep(Thread.java:342)
	at java.util.concurrent.TimeUnit.sleep(TimeUnit.java:386)
	at org.apache.ratis.util.TimeDuration.sleep(TimeDuration.java:324)
	at org.apache.ratis.util.TimeDuration.sleep(TimeDuration.java:309)
	at org.apache.ratis.server.impl.FollowerState.run(FollowerState.java:118)
2022-03-02 19:00:44,576 [b53c45b1-3941-4685-95cb-36e9d2366fdc@group-C4B1A2EFFCB1-StateMachineUpdater] INFO  ratis.ContainerStateMachine (ContainerStateMachine.java:takeSnapshot(304)) - group-C4B1A2EFFCB1: Taking a snapshot at:(t:3, i:0) file /home/runner/work/ozone/ozone/hadoop-ozone/integration-test/target/test-dir/MiniOzoneClusterImpl-5ed764c8-eddb-4368-ac32-9b8b311b51af/datanode-2/data/ratis/bff1bd11-539b-4edf-98de-c4b1a2effcb1/sm/snapshot.3_0
2022-03-02 19:00:44,582 [b53c45b1-3941-4685-95cb-36e9d2366fdc@group-C4B1A2EFFCB1-StateMachineUpdater] INFO  ratis.ContainerStateMachine (ContainerStateMachine.java:takeSnapshot(315)) - group-C4B1A2EFFCB1: Finished taking a snapshot at:(t:3, i:0) file:/home/runner/work/ozone/ozone/hadoop-ozone/integration-test/target/test-dir/MiniOzoneClusterImpl-5ed764c8-eddb-4368-ac32-9b8b311b51af/datanode-2/data/ratis/bff1bd11-539b-4edf-98de-c4b1a2effcb1/sm/snapshot.3_0 took: 6 ms
2022-03-02 19:00:44,582 [b53c45b1-3941-4685-95cb-36e9d2366fdc@group-C4B1A2EFFCB1-StateMachineUpdater] INFO  impl.StateMachineUpdater (StateMachineUpdater.java:takeSnapshot(281)) - b53c45b1-3941-4685-95cb-36e9d2366fdc@group-C4B1A2EFFCB1-StateMachineUpdater: Took a snapshot at index 0
2022-03-02 19:00:44,582 [b53c45b1-3941-4685-95cb-36e9d2366fdc@group-C4B1A2EFFCB1-StateMachineUpdater] INFO  impl.StateMachineUpdater (StateMachineUpdater.java:lambda$new$0(89)) - b53c45b1-3941-4685-95cb-36e9d2366fdc@group-C4B1A2EFFCB1-StateMachineUpdater: snapshotIndex: updateIncreasingly -1 -> 0
2022-03-02 19:00:44,582 [Listener at 127.0.0.1/42139] INFO  server.RaftServer$Division (ServerState.java:close(419)) - b53c45b1-3941-4685-95cb-36e9d2366fdc@group-C4B1A2EFFCB1: closes. applyIndex: 0
2022-03-02 19:00:44,582 [b53c45b1-3941-4685-95cb-36e9d2366fdc@group-C4B1A2EFFCB1-SegmentedRaftLogWorker] INFO  segmented.SegmentedRaftLogWorker (SegmentedRaftLogWorker.java:run(327)) - b53c45b1-3941-4685-95cb-36e9d2366fdc@group-C4B1A2EFFCB1-SegmentedRaftLogWorker was interrupted, exiting. There are 0 tasks remaining in the queue.
2022-03-02 19:00:44,583 [Listener at 127.0.0.1/42139] INFO  segmented.SegmentedRaftLogWorker (SegmentedRaftLogWorker.java:close(237)) - b53c45b1-3941-4685-95cb-36e9d2366fdc@group-C4B1A2EFFCB1-SegmentedRaftLogWorker close()
2022-03-02 19:00:44,583 [Listener at 127.0.0.1/42139] INFO  server.RaftServer$Division (RaftServerImpl.java:lambda$close$4(412)) - b53c45b1-3941-4685-95cb-36e9d2366fdc@group-B510EF1058BA: shutdown
2022-03-02 19:00:44,583 [Listener at 127.0.0.1/42139] INFO  util.JmxRegister (JmxRegister.java:unregister(73)) - Successfully un-registered JMX Bean with object name Ratis:service=RaftServer,group=group-B510EF1058BA,id=b53c45b1-3941-4685-95cb-36e9d2366fdc
2022-03-02 19:00:44,583 [Listener at 127.0.0.1/42139] INFO  impl.RoleInfo (RoleInfo.java:shutdownLeaderState(91)) - b53c45b1-3941-4685-95cb-36e9d2366fdc: shutdown b53c45b1-3941-4685-95cb-36e9d2366fdc@group-B510EF1058BA-LeaderStateImpl
2022-03-02 19:00:44,583 [Listener at 127.0.0.1/42139] INFO  impl.PendingRequests (PendingRequests.java:sendNotLeaderResponses(282)) - b53c45b1-3941-4685-95cb-36e9d2366fdc@group-B510EF1058BA-PendingRequests: sendNotLeaderResponses
2022-03-02 19:00:44,584 [Listener at 127.0.0.1/42139] INFO  impl.StateMachineUpdater (StateMachineUpdater.java:stopAndJoin(149)) - b53c45b1-3941-4685-95cb-36e9d2366fdc@group-B510EF1058BA-StateMachineUpdater: set stopIndex = 0
2022-03-02 19:00:44,584 [b53c45b1-3941-4685-95cb-36e9d2366fdc@group-B510EF1058BA-StateMachineUpdater] INFO  ratis.ContainerStateMachine (ContainerStateMachine.java:takeSnapshot(304)) - group-B510EF1058BA: Taking a snapshot at:(t:1, i:0) file /home/runner/work/ozone/ozone/hadoop-ozone/integration-test/target/test-dir/MiniOzoneClusterImpl-5ed764c8-eddb-4368-ac32-9b8b311b51af/datanode-2/data/ratis/f9e34270-85ae-40a1-81c0-b510ef1058ba/sm/snapshot.1_0
2022-03-02 19:00:44,585 [b53c45b1-3941-4685-95cb-36e9d2366fdc@group-B510EF1058BA-StateMachineUpdater] INFO  ratis.ContainerStateMachine (ContainerStateMachine.java:takeSnapshot(315)) - group-B510EF1058BA: Finished taking a snapshot at:(t:1, i:0) file:/home/runner/work/ozone/ozone/hadoop-ozone/integration-test/target/test-dir/MiniOzoneClusterImpl-5ed764c8-eddb-4368-ac32-9b8b311b51af/datanode-2/data/ratis/f9e34270-85ae-40a1-81c0-b510ef1058ba/sm/snapshot.1_0 took: 1 ms
2022-03-02 19:00:44,585 [b53c45b1-3941-4685-95cb-36e9d2366fdc@group-B510EF1058BA-StateMachineUpdater] INFO  impl.StateMachineUpdater (StateMachineUpdater.java:takeSnapshot(281)) - b53c45b1-3941-4685-95cb-36e9d2366fdc@group-B510EF1058BA-StateMachineUpdater: Took a snapshot at index 0
2022-03-02 19:00:44,585 [b53c45b1-3941-4685-95cb-36e9d2366fdc@group-B510EF1058BA-StateMachineUpdater] INFO  impl.StateMachineUpdater (StateMachineUpdater.java:lambda$new$0(89)) - b53c45b1-3941-4685-95cb-36e9d2366fdc@group-B510EF1058BA-StateMachineUpdater: snapshotIndex: updateIncreasingly -1 -> 0
2022-03-02 19:00:44,586 [Listener at 127.0.0.1/42139] INFO  server.RaftServer$Division (ServerState.java:close(419)) - b53c45b1-3941-4685-95cb-36e9d2366fdc@group-B510EF1058BA: closes. applyIndex: 0
2022-03-02 19:00:44,586 [b53c45b1-3941-4685-95cb-36e9d2366fdc@group-B510EF1058BA-SegmentedRaftLogWorker] INFO  segmented.SegmentedRaftLogWorker (SegmentedRaftLogWorker.java:run(327)) - b53c45b1-3941-4685-95cb-36e9d2366fdc@group-B510EF1058BA-SegmentedRaftLogWorker was interrupted, exiting. There are 0 tasks remaining in the queue.
2022-03-02 19:00:44,586 [Listener at 127.0.0.1/42139] INFO  segmented.SegmentedRaftLogWorker (SegmentedRaftLogWorker.java:close(237)) - b53c45b1-3941-4685-95cb-36e9d2366fdc@group-B510EF1058BA-SegmentedRaftLogWorker close()
2022-03-02 19:00:44,586 [Listener at 127.0.0.1/42139] INFO  server.GrpcService (GrpcService.java:closeImpl(262)) - b53c45b1-3941-4685-95cb-36e9d2366fdc: shutdown server with port 36539 now
2022-03-02 19:00:44,597 [Listener at 127.0.0.1/42139] INFO  server.GrpcService (GrpcService.java:closeImpl(271)) - b53c45b1-3941-4685-95cb-36e9d2366fdc: shutdown server with port 36539 successfully
2022-03-02 19:00:44,597 [org.apache.ratis.util.JvmPauseMonitor$$Lambda$503/666911607@60567961] INFO  util.JvmPauseMonitor (JvmPauseMonitor.java:run(109)) - JvmPauseMonitor-b53c45b1-3941-4685-95cb-36e9d2366fdc: Stopped
2022-03-02 19:00:44,969 [EndpointStateMachine task thread for /127.0.0.1:38087 - 0 ] INFO  ipc.Client (Client.java:handleConnectionFailure(977)) - Retrying connect to server: localhost/127.0.0.1:38087. Already tried 0 time(s); retry policy is RetryUpToMaximumCountWithFixedSleep(maxRetries=15, sleepTime=1000 MILLISECONDS)
2022-03-02 19:00:44,998 [EndpointStateMachine task thread for /127.0.0.1:45277 - 0 ] INFO  ipc.Client (Client.java:handleConnectionFailure(977)) - Retrying connect to server: localhost/127.0.0.1:45277. Already tried 0 time(s); retry policy is RetryUpToMaximumCountWithFixedSleep(maxRetries=15, sleepTime=1000 MILLISECONDS)
2022-03-02 19:00:45,001 [EndpointStateMachine task thread for /127.0.0.1:35087 - 0 ] INFO  ipc.Client (Client.java:handleConnectionFailure(977)) - Retrying connect to server: localhost/127.0.0.1:35087. Already tried 0 time(s); retry policy is RetryUpToMaximumCountWithFixedSleep(maxRetries=15, sleepTime=1000 MILLISECONDS)
2022-03-02 19:00:45,265 [EndpointStateMachine task thread for /127.0.0.1:32779 - 0 ] INFO  ipc.Client (Client.java:handleConnectionFailure(977)) - Retrying connect to server: localhost/127.0.0.1:32779. Already tried 2 time(s); retry policy is RetryUpToMaximumCountWithFixedSleep(maxRetries=15, sleepTime=1000 MILLISECONDS)
2022-03-02 19:00:45,266 [EndpointStateMachine task thread for /127.0.0.1:46849 - 0 ] INFO  ipc.Client (Client.java:handleConnectionFailure(977)) - Retrying connect to server: localhost/127.0.0.1:46849. Already tried 2 time(s); retry policy is RetryUpToMaximumCountWithFixedSleep(maxRetries=15, sleepTime=1000 MILLISECONDS)
2022-03-02 19:00:45,377 [EndpointStateMachine task thread for /127.0.0.1:39895 - 0 ] INFO  ipc.Client (Client.java:handleConnectionFailure(977)) - Retrying connect to server: localhost/127.0.0.1:39895. Already tried 2 time(s); retry policy is RetryUpToMaximumCountWithFixedSleep(maxRetries=15, sleepTime=1000 MILLISECONDS)
2022-03-02 19:00:45,970 [EndpointStateMachine task thread for /127.0.0.1:38087 - 0 ] INFO  ipc.Client (Client.java:handleConnectionFailure(977)) - Retrying connect to server: localhost/127.0.0.1:38087. Already tried 1 time(s); retry policy is RetryUpToMaximumCountWithFixedSleep(maxRetries=15, sleepTime=1000 MILLISECONDS)
2022-03-02 19:00:45,999 [EndpointStateMachine task thread for /127.0.0.1:45277 - 0 ] INFO  ipc.Client (Client.java:handleConnectionFailure(977)) - Retrying connect to server: localhost/127.0.0.1:45277. Already tried 1 time(s); retry policy is RetryUpToMaximumCountWithFixedSleep(maxRetries=15, sleepTime=1000 MILLISECONDS)
2022-03-02 19:00:46,001 [EndpointStateMachine task thread for /127.0.0.1:35087 - 0 ] INFO  ipc.Client (Client.java:handleConnectionFailure(977)) - Retrying connect to server: localhost/127.0.0.1:35087. Already tried 1 time(s); retry policy is RetryUpToMaximumCountWithFixedSleep(maxRetries=15, sleepTime=1000 MILLISECONDS)
2022-03-02 19:00:46,266 [EndpointStateMachine task thread for /127.0.0.1:32779 - 0 ] INFO  ipc.Client (Client.java:handleConnectionFailure(977)) - Retrying connect to server: localhost/127.0.0.1:32779. Already tried 3 time(s); retry policy is RetryUpToMaximumCountWithFixedSleep(maxRetries=15, sleepTime=1000 MILLISECONDS)
2022-03-02 19:00:46,266 [EndpointStateMachine task thread for /127.0.0.1:46849 - 0 ] INFO  ipc.Client (Client.java:handleConnectionFailure(977)) - Retrying connect to server: localhost/127.0.0.1:46849. Already tried 3 time(s); retry policy is RetryUpToMaximumCountWithFixedSleep(maxRetries=15, sleepTime=1000 MILLISECONDS)
2022-03-02 19:00:46,378 [EndpointStateMachine task thread for /127.0.0.1:39895 - 0 ] INFO  ipc.Client (Client.java:handleConnectionFailure(977)) - Retrying connect to server: localhost/127.0.0.1:39895. Already tried 3 time(s); retry policy is RetryUpToMaximumCountWithFixedSleep(maxRetries=15, sleepTime=1000 MILLISECONDS)
2022-03-02 19:00:46,615 [Listener at 127.0.0.1/42139] INFO  utils.BackgroundService (BackgroundService.java:shutdown(132)) - Shutting down service BlockDeletingService
2022-03-02 19:00:46,970 [EndpointStateMachine task thread for /127.0.0.1:38087 - 0 ] INFO  ipc.Client (Client.java:handleConnectionFailure(977)) - Retrying connect to server: localhost/127.0.0.1:38087. Already tried 2 time(s); retry policy is RetryUpToMaximumCountWithFixedSleep(maxRetries=15, sleepTime=1000 MILLISECONDS)
2022-03-02 19:00:46,999 [EndpointStateMachine task thread for /127.0.0.1:45277 - 0 ] INFO  ipc.Client (Client.java:handleConnectionFailure(977)) - Retrying connect to server: localhost/127.0.0.1:45277. Already tried 2 time(s); retry policy is RetryUpToMaximumCountWithFixedSleep(maxRetries=15, sleepTime=1000 MILLISECONDS)
2022-03-02 19:00:47,002 [EndpointStateMachine task thread for /127.0.0.1:35087 - 0 ] INFO  ipc.Client (Client.java:handleConnectionFailure(977)) - Retrying connect to server: localhost/127.0.0.1:35087. Already tried 2 time(s); retry policy is RetryUpToMaximumCountWithFixedSleep(maxRetries=15, sleepTime=1000 MILLISECONDS)
2022-03-02 19:00:47,267 [EndpointStateMachine task thread for /127.0.0.1:46849 - 0 ] INFO  ipc.Client (Client.java:handleConnectionFailure(977)) - Retrying connect to server: localhost/127.0.0.1:46849. Already tried 4 time(s); retry policy is RetryUpToMaximumCountWithFixedSleep(maxRetries=15, sleepTime=1000 MILLISECONDS)
2022-03-02 19:00:47,267 [EndpointStateMachine task thread for /127.0.0.1:32779 - 0 ] INFO  ipc.Client (Client.java:handleConnectionFailure(977)) - Retrying connect to server: localhost/127.0.0.1:32779. Already tried 4 time(s); retry policy is RetryUpToMaximumCountWithFixedSleep(maxRetries=15, sleepTime=1000 MILLISECONDS)
2022-03-02 19:00:47,378 [EndpointStateMachine task thread for /127.0.0.1:39895 - 0 ] INFO  ipc.Client (Client.java:handleConnectionFailure(977)) - Retrying connect to server: localhost/127.0.0.1:39895. Already tried 4 time(s); retry policy is RetryUpToMaximumCountWithFixedSleep(maxRetries=15, sleepTime=1000 MILLISECONDS)
2022-03-02 19:00:47,971 [EndpointStateMachine task thread for /127.0.0.1:38087 - 0 ] INFO  ipc.Client (Client.java:handleConnectionFailure(977)) - Retrying connect to server: localhost/127.0.0.1:38087. Already tried 3 time(s); retry policy is RetryUpToMaximumCountWithFixedSleep(maxRetries=15, sleepTime=1000 MILLISECONDS)
2022-03-02 19:00:48,000 [EndpointStateMachine task thread for /127.0.0.1:45277 - 0 ] INFO  ipc.Client (Client.java:handleConnectionFailure(977)) - Retrying connect to server: localhost/127.0.0.1:45277. Already tried 3 time(s); retry policy is RetryUpToMaximumCountWithFixedSleep(maxRetries=15, sleepTime=1000 MILLISECONDS)
2022-03-02 19:00:48,002 [EndpointStateMachine task thread for /127.0.0.1:35087 - 0 ] INFO  ipc.Client (Client.java:handleConnectionFailure(977)) - Retrying connect to server: localhost/127.0.0.1:35087. Already tried 3 time(s); retry policy is RetryUpToMaximumCountWithFixedSleep(maxRetries=15, sleepTime=1000 MILLISECONDS)
2022-03-02 19:00:48,267 [EndpointStateMachine task thread for /127.0.0.1:46849 - 0 ] INFO  ipc.Client (Client.java:handleConnectionFailure(977)) - Retrying connect to server: localhost/127.0.0.1:46849. Already tried 5 time(s); retry policy is RetryUpToMaximumCountWithFixedSleep(maxRetries=15, sleepTime=1000 MILLISECONDS)
2022-03-02 19:00:48,268 [EndpointStateMachine task thread for /127.0.0.1:32779 - 0 ] INFO  ipc.Client (Client.java:handleConnectionFailure(977)) - Retrying connect to server: localhost/127.0.0.1:32779. Already tried 5 time(s); retry policy is RetryUpToMaximumCountWithFixedSleep(maxRetries=15, sleepTime=1000 MILLISECONDS)
2022-03-02 19:00:48,379 [EndpointStateMachine task thread for /127.0.0.1:39895 - 0 ] INFO  ipc.Client (Client.java:handleConnectionFailure(977)) - Retrying connect to server: localhost/127.0.0.1:39895. Already tried 5 time(s); retry policy is RetryUpToMaximumCountWithFixedSleep(maxRetries=15, sleepTime=1000 MILLISECONDS)
2022-03-02 19:00:48,972 [EndpointStateMachine task thread for /127.0.0.1:38087 - 0 ] INFO  ipc.Client (Client.java:handleConnectionFailure(977)) - Retrying connect to server: localhost/127.0.0.1:38087. Already tried 4 time(s); retry policy is RetryUpToMaximumCountWithFixedSleep(maxRetries=15, sleepTime=1000 MILLISECONDS)
2022-03-02 19:00:49,001 [EndpointStateMachine task thread for /127.0.0.1:45277 - 0 ] INFO  ipc.Client (Client.java:handleConnectionFailure(977)) - Retrying connect to server: localhost/127.0.0.1:45277. Already tried 4 time(s); retry policy is RetryUpToMaximumCountWithFixedSleep(maxRetries=15, sleepTime=1000 MILLISECONDS)
2022-03-02 19:00:49,003 [EndpointStateMachine task thread for /127.0.0.1:35087 - 0 ] INFO  ipc.Client (Client.java:handleConnectionFailure(977)) - Retrying connect to server: localhost/127.0.0.1:35087. Already tried 4 time(s); retry policy is RetryUpToMaximumCountWithFixedSleep(maxRetries=15, sleepTime=1000 MILLISECONDS)
2022-03-02 19:00:49,268 [EndpointStateMachine task thread for /127.0.0.1:46849 - 0 ] INFO  ipc.Client (Client.java:handleConnectionFailure(977)) - Retrying connect to server: localhost/127.0.0.1:46849. Already tried 6 time(s); retry policy is RetryUpToMaximumCountWithFixedSleep(maxRetries=15, sleepTime=1000 MILLISECONDS)
2022-03-02 19:00:49,269 [EndpointStateMachine task thread for /127.0.0.1:32779 - 0 ] INFO  ipc.Client (Client.java:handleConnectionFailure(977)) - Retrying connect to server: localhost/127.0.0.1:32779. Already tried 6 time(s); retry policy is RetryUpToMaximumCountWithFixedSleep(maxRetries=15, sleepTime=1000 MILLISECONDS)
2022-03-02 19:00:49,380 [EndpointStateMachine task thread for /127.0.0.1:39895 - 0 ] INFO  ipc.Client (Client.java:handleConnectionFailure(977)) - Retrying connect to server: localhost/127.0.0.1:39895. Already tried 6 time(s); retry policy is RetryUpToMaximumCountWithFixedSleep(maxRetries=15, sleepTime=1000 MILLISECONDS)
2022-03-02 19:00:49,617 [Listener at 127.0.0.1/42139] INFO  statemachine.DatanodeStateMachine (DatanodeStateMachine.java:stopDaemon(529)) - Ozone container server stopped.
2022-03-02 19:00:49,619 [Listener at 127.0.0.1/42139] INFO  handler.ContextHandler (ContextHandler.java:doStop(1153)) - Stopped o.e.j.w.WebAppContext@29dbf03f{hddsDatanode,/,null,STOPPED}{jar:file:/home/runner/.m2/repository/org/apache/ozone/hdds-container-service/1.3.0-SNAPSHOT/hdds-container-service-1.3.0-SNAPSHOT.jar!/webapps/hddsDatanode}
2022-03-02 19:00:49,622 [Listener at 127.0.0.1/42139] INFO  server.AbstractConnector (AbstractConnector.java:doStop(381)) - Stopped ServerConnector@12b0b36{HTTP/1.1, (http/1.1)}{0.0.0.0:0}
2022-03-02 19:00:49,622 [Listener at 127.0.0.1/42139] INFO  server.session (HouseKeeper.java:stopScavenging(149)) - node0 Stopped scavenging
2022-03-02 19:00:49,622 [Listener at 127.0.0.1/42139] INFO  handler.ContextHandler (ContextHandler.java:doStop(1153)) - Stopped o.e.j.s.ServletContextHandler@154398a5{static,/static,jar:file:/home/runner/.m2/repository/org/apache/ozone/hdds-container-service/1.3.0-SNAPSHOT/hdds-container-service-1.3.0-SNAPSHOT.jar!/webapps/static,STOPPED}
2022-03-02 19:00:49,623 [Listener at 127.0.0.1/42139] INFO  handler.ContextHandler (ContextHandler.java:doStop(1153)) - Stopped o.e.j.s.ServletContextHandler@57d9db79{logs,/logs,file:///home/runner/work/ozone/ozone/hadoop-ozone/integration-test/target/log,STOPPED}
]]></system-out>
  </testcase>
  <testcase name="testInstallCorruptedCheckpointFailure" classname="org.apache.hadoop.ozone.scm.TestSCMInstallSnapshotWithHA" time="62.887"/>
</testsuite>