<?xml version="1.0" encoding="UTF-8"?>
<testsuite xmlns:xsi="http://www.w3.org/2001/XMLSchema-instance" xsi:noNamespaceSchemaLocation="https://maven.apache.org/surefire/maven-surefire-plugin/xsd/surefire-test-report-3.0.xsd" version="3.0" name="org.apache.hadoop.ozone.client.rpc.TestWatchForCommit" time="35.664" tests="1" errors="0" skipped="0" failures="0">
  <properties>
    <property name="awt.toolkit" value="sun.awt.X11.XToolkit"/>
    <property name="file.encoding.pkg" value="sun.io"/>
    <property name="java.specification.version" value="1.8"/>
    <property name="sun.cpu.isalist" value=""/>
    <property name="sun.jnu.encoding" value="UTF-8"/>
    <property name="gradle.enterprise.listener.surefire.forkId" value="1"/>
    <property name="java.class.path" value="/home/runner/work/ozone/ozone/hadoop-ozone/integration-test/target/test-classes:/home/runner/work/ozone/ozone/hadoop-ozone/integration-test/target/classes:/home/runner/.m2/repository/org/apache/ozone/ozone-common/1.5.0-SNAPSHOT/ozone-common-1.5.0-SNAPSHOT.jar:/home/runner/.m2/repository/io/grpc/grpc-netty/1.58.0/grpc-netty-1.58.0.jar:/home/runner/.m2/repository/io/grpc/grpc-core/1.58.0/grpc-core-1.58.0.jar:/home/runner/.m2/repository/com/google/android/annotations/4.1.1.4/annotations-4.1.1.4.jar:/home/runner/.m2/repository/org/codehaus/mojo/animal-sniffer-annotations/1.23/animal-sniffer-annotations-1.23.jar:/home/runner/.m2/repository/io/grpc/grpc-context/1.58.0/grpc-context-1.58.0.jar:/home/runner/.m2/repository/io/grpc/grpc-util/1.58.0/grpc-util-1.58.0.jar:/home/runner/.m2/repository/com/google/errorprone/error_prone_annotations/2.2.0/error_prone_annotations-2.2.0.jar:/home/runner/.m2/repository/io/perfmark/perfmark-api/0.26.0/perfmark-api-0.26.0.jar:/home/runner/.m2/repository/io/netty/netty-codec-http2/4.1.100.Final/netty-codec-http2-4.1.100.Final.jar:/home/runner/.m2/repository/io/netty/netty-common/4.1.100.Final/netty-common-4.1.100.Final.jar:/home/runner/.m2/repository/io/netty/netty-buffer/4.1.100.Final/netty-buffer-4.1.100.Final.jar:/home/runner/.m2/repository/io/netty/netty-codec-http/4.1.100.Final/netty-codec-http-4.1.100.Final.jar:/home/runner/.m2/repository/io/netty/netty-handler-proxy/4.1.100.Final/netty-handler-proxy-4.1.100.Final.jar:/home/runner/.m2/repository/io/netty/netty-codec-socks/4.1.100.Final/netty-codec-socks-4.1.100.Final.jar:/home/runner/.m2/repository/io/netty/netty-tcnative-boringssl-static/2.0.61.Final/netty-tcnative-boringssl-static-2.0.61.Final.jar:/home/runner/.m2/repository/io/netty/netty-tcnative-classes/2.0.61.Final/netty-tcnative-classes-2.0.61.Final.jar:/home/runner/.m2/repository/io/netty/netty-tcnative-boringssl-static/2.0.61.Final/netty-tcnative-boringssl-static-2.0.61.Final-linux-x86_64.jar:/home/runner/.m2/repository/io/netty/netty-tcnative-boringssl-static/2.0.61.Final/netty-tcnative-boringssl-static-2.0.61.Final-linux-aarch_64.jar:/home/runner/.m2/repository/io/netty/netty-tcnative-boringssl-static/2.0.61.Final/netty-tcnative-boringssl-static-2.0.61.Final-osx-x86_64.jar:/home/runner/.m2/repository/io/netty/netty-tcnative-boringssl-static/2.0.61.Final/netty-tcnative-boringssl-static-2.0.61.Final-osx-aarch_64.jar:/home/runner/.m2/repository/io/netty/netty-tcnative-boringssl-static/2.0.61.Final/netty-tcnative-boringssl-static-2.0.61.Final-windows-x86_64.jar:/home/runner/.m2/repository/org/apache/commons/commons-compress/1.25.0/commons-compress-1.25.0.jar:/home/runner/.m2/repository/org/apache/ozone/hdds-common/1.5.0-SNAPSHOT/hdds-common-1.5.0-SNAPSHOT.jar:/home/runner/.m2/repository/org/apache/ozone/hdds-client/1.5.0-SNAPSHOT/hdds-client-1.5.0-SNAPSHOT.jar:/home/runner/.m2/repository/org/apache/ozone/ozone-interface-client/1.5.0-SNAPSHOT/ozone-interface-client-1.5.0-SNAPSHOT.jar:/home/runner/.m2/repository/org/apache/hadoop/hadoop-hdfs-client/3.3.6/hadoop-hdfs-client-3.3.6.jar:/home/runner/.m2/repository/com/squareup/okhttp3/okhttp/4.12.0/okhttp-4.12.0.jar:/home/runner/.m2/repository/com/squareup/okio/okio/3.6.0/okio-3.6.0.jar:/home/runner/.m2/repository/com/squareup/okio/okio-jvm/3.6.0/okio-jvm-3.6.0.jar:/home/runner/.m2/repository/org/jetbrains/kotlin/kotlin-stdlib-jdk8/1.9.22/kotlin-stdlib-jdk8-1.9.22.jar:/home/runner/.m2/repository/org/jetbrains/kotlin/kotlin-stdlib-jdk7/1.9.22/kotlin-stdlib-jdk7-1.9.22.jar:/home/runner/.m2/repository/org/jetbrains/kotlin/kotlin-stdlib-common/1.9.22/kotlin-stdlib-common-1.9.22.jar:/home/runner/.m2/repository/org/apache/ozone/hdds-test-utils/1.5.0-SNAPSHOT/hdds-test-utils-1.5.0-SNAPSHOT.jar:/home/runner/.m2/repository/org/assertj/assertj-core/3.12.2/assertj-core-3.12.2.jar:/home/runner/.m2/repository/com/google/guava/guava/32.0.0-jre/guava-32.0.0-jre.jar:/home/runner/.m2/repository/com/google/guava/failureaccess/1.0.1/failureaccess-1.0.1.jar:/home/runner/.m2/repository/com/google/guava/listenablefuture/9999.0-empty-to-avoid-conflict-with-guava/listenablefuture-9999.0-empty-to-avoid-conflict-with-guava.jar:/home/runner/.m2/repository/com/google/code/findbugs/jsr305/3.0.0/jsr305-3.0.0.jar:/home/runner/.m2/repository/org/checkerframework/checker-qual/3.33.0/checker-qual-3.33.0.jar:/home/runner/.m2/repository/com/google/j2objc/j2objc-annotations/2.8/j2objc-annotations-2.8.jar:/home/runner/.m2/repository/commons-io/commons-io/2.11.0/commons-io-2.11.0.jar:/home/runner/.m2/repository/commons-logging/commons-logging/1.2/commons-logging-1.2.jar:/home/runner/.m2/repository/org/junit/jupiter/junit-jupiter-api/5.10.1/junit-jupiter-api-5.10.1.jar:/home/runner/.m2/repository/org/opentest4j/opentest4j/1.3.0/opentest4j-1.3.0.jar:/home/runner/.m2/repository/org/junit/platform/junit-platform-commons/1.10.1/junit-platform-commons-1.10.1.jar:/home/runner/.m2/repository/ch/qos/reload4j/reload4j/1.2.25/reload4j-1.2.25.jar:/home/runner/.m2/repository/jakarta/annotation/jakarta.annotation-api/2.1.1/jakarta.annotation-api-2.1.1.jar:/home/runner/.m2/repository/org/slf4j/slf4j-api/2.0.10/slf4j-api-2.0.10.jar:/home/runner/.m2/repository/org/apache/logging/log4j/log4j-api/2.17.1/log4j-api-2.17.1.jar:/home/runner/.m2/repository/org/apache/ozone/hdds-server-scm/1.5.0-SNAPSHOT/hdds-server-scm-1.5.0-SNAPSHOT.jar:/home/runner/.m2/repository/com/google/protobuf/protobuf-java/2.5.0/protobuf-java-2.5.0.jar:/home/runner/.m2/repository/org/apache/ozone/hdds-container-service/1.5.0-SNAPSHOT/hdds-container-service-1.5.0-SNAPSHOT.jar:/home/runner/.m2/repository/org/apache/ozone/hdds-hadoop-dependency-server/1.5.0-SNAPSHOT/hdds-hadoop-dependency-server-1.5.0-SNAPSHOT.jar:/home/runner/.m2/repository/org/apache/hadoop/hadoop-hdfs/3.3.6/hadoop-hdfs-3.3.6.jar:/home/runner/.m2/repository/commons-daemon/commons-daemon/1.0.13/commons-daemon-1.0.13.jar:/home/runner/.m2/repository/org/apache/ozone/hdds-server-framework/1.5.0-SNAPSHOT/hdds-server-framework-1.5.0-SNAPSHOT.jar:/home/runner/.m2/repository/org/bouncycastle/bcprov-jdk18on/1.77/bcprov-jdk18on-1.77.jar:/home/runner/.m2/repository/io/dropwizard/metrics/metrics-core/3.2.4/metrics-core-3.2.4.jar:/home/runner/.m2/repository/org/apache/commons/commons-text/1.11.0/commons-text-1.11.0.jar:/home/runner/.m2/repository/org/apache/ozone/hdds-server-framework/1.5.0-SNAPSHOT/hdds-server-framework-1.5.0-SNAPSHOT-tests.jar:/home/runner/.m2/repository/org/apache/ozone/hdds-interface-server/1.5.0-SNAPSHOT/hdds-interface-server-1.5.0-SNAPSHOT.jar:/home/runner/.m2/repository/org/apache/ozone/hdds-interface-admin/1.5.0-SNAPSHOT/hdds-interface-admin-1.5.0-SNAPSHOT.jar:/home/runner/.m2/repository/org/apache/ozone/hdds-managed-rocksdb/1.5.0-SNAPSHOT/hdds-managed-rocksdb-1.5.0-SNAPSHOT.jar:/home/runner/.m2/repository/org/rocksdb/rocksdbjni/7.7.3/rocksdbjni-7.7.3.jar:/home/runner/.m2/repository/org/slf4j/slf4j-reload4j/2.0.10/slf4j-reload4j-2.0.10.jar:/home/runner/.m2/repository/org/apache/commons/commons-configuration2/2.8.0/commons-configuration2-2.8.0.jar:/home/runner/.m2/repository/commons-fileupload/commons-fileupload/1.5/commons-fileupload-1.5.jar:/home/runner/.m2/repository/org/apache/logging/log4j/log4j-core/2.17.1/log4j-core-2.17.1.jar:/home/runner/.m2/repository/com/lmax/disruptor/3.4.2/disruptor-3.4.2.jar:/home/runner/.m2/repository/org/eclipse/jetty/jetty-util/9.4.53.v20231009/jetty-util-9.4.53.v20231009.jar:/home/runner/.m2/repository/org/eclipse/jetty/jetty-server/9.4.53.v20231009/jetty-server-9.4.53.v20231009.jar:/home/runner/.m2/repository/org/eclipse/jetty/jetty-http/9.4.53.v20231009/jetty-http-9.4.53.v20231009.jar:/home/runner/.m2/repository/org/eclipse/jetty/jetty-io/9.4.53.v20231009/jetty-io-9.4.53.v20231009.jar:/home/runner/.m2/repository/org/eclipse/jetty/jetty-servlet/9.4.53.v20231009/jetty-servlet-9.4.53.v20231009.jar:/home/runner/.m2/repository/org/eclipse/jetty/jetty-security/9.4.53.v20231009/jetty-security-9.4.53.v20231009.jar:/home/runner/.m2/repository/org/eclipse/jetty/jetty-util-ajax/9.4.53.v20231009/jetty-util-ajax-9.4.53.v20231009.jar:/home/runner/.m2/repository/org/eclipse/jetty/jetty-webapp/9.4.53.v20231009/jetty-webapp-9.4.53.v20231009.jar:/home/runner/.m2/repository/org/eclipse/jetty/jetty-xml/9.4.53.v20231009/jetty-xml-9.4.53.v20231009.jar:/home/runner/.m2/repository/org/apache/ratis/ratis-server/3.0.1/ratis-server-3.0.1.jar:/home/runner/.m2/repository/org/apache/ratis/ratis-thirdparty-misc/1.0.5/ratis-thirdparty-misc-1.0.5.jar:/home/runner/.m2/repository/org/apache/ratis/ratis-proto/3.0.1/ratis-proto-3.0.1.jar:/home/runner/.m2/repository/org/apache/ratis/ratis-common/3.0.1/ratis-common-3.0.1.jar:/home/runner/.m2/repository/org/apache/ratis/ratis-client/3.0.1/ratis-client-3.0.1.jar:/home/runner/.m2/repository/org/apache/ratis/ratis-server-api/3.0.1/ratis-server-api-3.0.1.jar:/home/runner/.m2/repository/org/apache/ratis/ratis-metrics-api/3.0.1/ratis-metrics-api-3.0.1.jar:/home/runner/.m2/repository/org/apache/ratis/ratis-metrics-dropwizard3/3.0.1/ratis-metrics-dropwizard3-3.0.1.jar:/home/runner/.m2/repository/io/prometheus/simpleclient_dropwizard/0.16.0/simpleclient_dropwizard-0.16.0.jar:/home/runner/.m2/repository/io/prometheus/simpleclient/0.16.0/simpleclient-0.16.0.jar:/home/runner/.m2/repository/io/prometheus/simpleclient_common/0.16.0/simpleclient_common-0.16.0.jar:/home/runner/.m2/repository/com/fasterxml/jackson/datatype/jackson-datatype-jsr310/2.13.4/jackson-datatype-jsr310-2.13.4.jar:/home/runner/.m2/repository/com/fasterxml/jackson/core/jackson-core/2.13.4/jackson-core-2.13.4.jar:/home/runner/.m2/repository/org/apache/ozone/rocksdb-checkpoint-differ/1.5.0-SNAPSHOT/rocksdb-checkpoint-differ-1.5.0-SNAPSHOT.jar:/home/runner/.m2/repository/org/jgrapht/jgrapht-core/1.0.1/jgrapht-core-1.0.1.jar:/home/runner/.m2/repository/org/jgrapht/jgrapht-ext/1.0.1/jgrapht-ext-1.0.1.jar:/home/runner/.m2/repository/org/tinyjee/jgraphx/jgraphx/2.0.0.1/jgraphx-2.0.0.1.jar:/home/runner/.m2/repository/jgraph/jgraph/5.13.0.0/jgraph-5.13.0.0.jar:/home/runner/.m2/repository/org/antlr/antlr4-runtime/4.5.3/antlr4-runtime-4.5.3.jar:/home/runner/.m2/repository/org/apache/ozone/ozone-manager/1.5.0-SNAPSHOT/ozone-manager-1.5.0-SNAPSHOT.jar:/home/runner/.m2/repository/org/aspectj/aspectjrt/1.9.7/aspectjrt-1.9.7.jar:/home/runner/.m2/repository/org/aspectj/aspectjweaver/1.9.7/aspectjweaver-1.9.7.jar:/home/runner/.m2/repository/org/apache/ozone/hdds-interface-client/1.5.0-SNAPSHOT/hdds-interface-client-1.5.0-SNAPSHOT.jar:/home/runner/.m2/repository/org/apache/hadoop/thirdparty/hadoop-shaded-protobuf_3_7/1.1.1/hadoop-shaded-protobuf_3_7-1.1.1.jar:/home/runner/.m2/repository/org/apache/ozone/ozone-interface-storage/1.5.0-SNAPSHOT/ozone-interface-storage-1.5.0-SNAPSHOT.jar:/home/runner/.m2/repository/org/reflections/reflections/0.9.11/reflections-0.9.11.jar:/home/runner/.m2/repository/com/sun/jersey/jersey-client/1.19.4/jersey-client-1.19.4.jar:/home/runner/.m2/repository/org/codehaus/jackson/jackson-core-asl/1.9.13/jackson-core-asl-1.9.13.jar:/home/runner/.m2/repository/org/codehaus/jackson/jackson-mapper-asl/1.9.13/jackson-mapper-asl-1.9.13.jar:/home/runner/.m2/repository/org/codehaus/jackson/jackson-jaxrs/1.9.13/jackson-jaxrs-1.9.13.jar:/home/runner/.m2/repository/org/apache/ranger/ranger-intg/2.3.0/ranger-intg-2.3.0.jar:/home/runner/.m2/repository/org/apache/ranger/ranger-plugins-common/2.3.0/ranger-plugins-common-2.3.0.jar:/home/runner/.m2/repository/commons-lang/commons-lang/2.6/commons-lang-2.6.jar:/home/runner/.m2/repository/org/apache/ranger/ranger-plugins-cred/2.3.0/ranger-plugins-cred-2.3.0.jar:/home/runner/.m2/repository/org/apache/ranger/ranger-plugins-audit/2.3.0/ranger-plugins-audit-2.3.0.jar:/home/runner/.m2/repository/org/eclipse/jetty/jetty-client/9.4.53.v20231009/jetty-client-9.4.53.v20231009.jar:/home/runner/.m2/repository/org/apache/httpcomponents/httpmime/4.5.6/httpmime-4.5.6.jar:/home/runner/.m2/repository/org/apache/httpcomponents/httpcore-nio/4.4.16/httpcore-nio-4.4.16.jar:/home/runner/.m2/repository/org/apache/httpcomponents/httpasyncclient/4.1.3/httpasyncclient-4.1.3.jar:/home/runner/.m2/repository/com/carrotsearch/hppc/0.8.0/hppc-0.8.0.jar:/home/runner/.m2/repository/org/apache/orc/orc-core/1.5.8/orc-core-1.5.8.jar:/home/runner/.m2/repository/net/java/dev/jna/jna/5.2.0/jna-5.2.0.jar:/home/runner/.m2/repository/net/java/dev/jna/jna-platform/5.2.0/jna-platform-5.2.0.jar:/home/runner/.m2/repository/com/kstruct/gethostname4j/0.0.2/gethostname4j-0.0.2.jar:/home/runner/.m2/repository/org/apache/ranger/ranger-plugin-classloader/2.3.0/ranger-plugin-classloader-2.3.0.jar:/home/runner/.m2/repository/org/apache/ozone/hdds-rocks-native/1.5.0-SNAPSHOT/hdds-rocks-native-1.5.0-SNAPSHOT.jar:/home/runner/.m2/repository/org/apache/hadoop/hadoop-minikdc/3.3.6/hadoop-minikdc-3.3.6.jar:/home/runner/.m2/repository/org/apache/kerby/kerb-simplekdc/1.0.1/kerb-simplekdc-1.0.1.jar:/home/runner/.m2/repository/org/apache/kerby/kerb-client/1.0.1/kerb-client-1.0.1.jar:/home/runner/.m2/repository/org/apache/kerby/kerby-config/1.0.1/kerby-config-1.0.1.jar:/home/runner/.m2/repository/org/apache/kerby/kerb-common/1.0.1/kerb-common-1.0.1.jar:/home/runner/.m2/repository/org/apache/kerby/kerb-crypto/1.0.1/kerb-crypto-1.0.1.jar:/home/runner/.m2/repository/org/apache/kerby/kerb-util/1.0.1/kerb-util-1.0.1.jar:/home/runner/.m2/repository/org/apache/kerby/token-provider/1.0.1/token-provider-1.0.1.jar:/home/runner/.m2/repository/org/apache/kerby/kerb-admin/1.0.1/kerb-admin-1.0.1.jar:/home/runner/.m2/repository/org/apache/kerby/kerb-server/1.0.1/kerb-server-1.0.1.jar:/home/runner/.m2/repository/org/apache/kerby/kerb-identity/1.0.1/kerb-identity-1.0.1.jar:/home/runner/.m2/repository/org/apache/kerby/kerby-xdr/1.0.1/kerby-xdr-1.0.1.jar:/home/runner/.m2/repository/junit/junit/4.13.2/junit-4.13.2.jar:/home/runner/.m2/repository/org/hamcrest/hamcrest-core/1.3/hamcrest-core-1.3.jar:/home/runner/.m2/repository/org/apache/ozone/ozone-s3gateway/1.5.0-SNAPSHOT/ozone-s3gateway-1.5.0-SNAPSHOT.jar:/home/runner/.m2/repository/org/javassist/javassist/3.21.0-GA/javassist-3.21.0-GA.jar:/home/runner/.m2/repository/org/jboss/weld/servlet/weld-servlet-shaded/3.1.9.Final/weld-servlet-shaded-3.1.9.Final.jar:/home/runner/.m2/repository/org/glassfish/jersey/containers/jersey-container-servlet-core/2.41/jersey-container-servlet-core-2.41.jar:/home/runner/.m2/repository/org/glassfish/hk2/external/jakarta.inject/2.6.1/jakarta.inject-2.6.1.jar:/home/runner/.m2/repository/org/glassfish/jersey/core/jersey-common/2.41/jersey-common-2.41.jar:/home/runner/.m2/repository/jakarta/ws/rs/jakarta.ws.rs-api/2.1.6/jakarta.ws.rs-api-2.1.6.jar:/home/runner/.m2/repository/org/glassfish/jersey/ext/cdi/jersey-cdi1x/2.41/jersey-cdi1x-2.41.jar:/home/runner/.m2/repository/org/glassfish/jersey/inject/jersey-hk2/2.41/jersey-hk2-2.41.jar:/home/runner/.m2/repository/org/glassfish/hk2/hk2-locator/2.6.1/hk2-locator-2.6.1.jar:/home/runner/.m2/repository/org/glassfish/jersey/media/jersey-media-jaxb/2.41/jersey-media-jaxb-2.41.jar:/home/runner/.m2/repository/org/glassfish/hk2/osgi-resource-locator/1.0.3/osgi-resource-locator-1.0.3.jar:/home/runner/.m2/repository/org/glassfish/hk2/hk2-api/2.6.1/hk2-api-2.6.1.jar:/home/runner/.m2/repository/org/glassfish/hk2/hk2-utils/2.6.1/hk2-utils-2.6.1.jar:/home/runner/.m2/repository/org/glassfish/hk2/external/aopalliance-repackaged/2.6.1/aopalliance-repackaged-2.6.1.jar:/home/runner/.m2/repository/com/fasterxml/jackson/dataformat/jackson-dataformat-xml/2.13.4/jackson-dataformat-xml-2.13.4.jar:/home/runner/.m2/repository/org/codehaus/woodstox/stax2-api/4.2.2/stax2-api-4.2.2.jar:/home/runner/.m2/repository/com/fasterxml/woodstox/woodstox-core/5.4.0/woodstox-core-5.4.0.jar:/home/runner/.m2/repository/com/fasterxml/jackson/module/jackson-module-jaxb-annotations/2.13.4/jackson-module-jaxb-annotations-2.13.4.jar:/home/runner/.m2/repository/javax/enterprise/cdi-api/2.0/cdi-api-2.0.jar:/home/runner/.m2/repository/javax/el/javax.el-api/3.0.0/javax.el-api-3.0.0.jar:/home/runner/.m2/repository/javax/interceptor/javax.interceptor-api/1.2/javax.interceptor-api-1.2.jar:/home/runner/.m2/repository/javax/inject/javax.inject/1/javax.inject-1.jar:/home/runner/.m2/repository/jakarta/xml/bind/jakarta.xml.bind-api/2.3.3/jakarta.xml.bind-api-2.3.3.jar:/home/runner/.m2/repository/org/glassfish/jaxb/jaxb-runtime/2.3.9/jaxb-runtime-2.3.9.jar:/home/runner/.m2/repository/org/glassfish/jaxb/txw2/2.3.9/txw2-2.3.9.jar:/home/runner/.m2/repository/com/sun/istack/istack-commons-runtime/3.0.12/istack-commons-runtime-3.0.12.jar:/home/runner/.m2/repository/com/sun/activation/jakarta.activation/1.2.2/jakarta.activation-1.2.2.jar:/home/runner/.m2/repository/jakarta/activation/jakarta.activation-api/1.2.2/jakarta.activation-api-1.2.2.jar:/home/runner/.m2/repository/io/grpc/grpc-protobuf/1.58.0/grpc-protobuf-1.58.0.jar:/home/runner/.m2/repository/com/google/api/grpc/proto-google-common-protos/2.22.0/proto-google-common-protos-2.22.0.jar:/home/runner/.m2/repository/io/grpc/grpc-protobuf-lite/1.58.0/grpc-protobuf-lite-1.58.0.jar:/home/runner/.m2/repository/io/grpc/grpc-stub/1.58.0/grpc-stub-1.58.0.jar:/home/runner/.m2/repository/io/netty/netty-transport/4.1.100.Final/netty-transport-4.1.100.Final.jar:/home/runner/.m2/repository/io/netty/netty-resolver/4.1.100.Final/netty-resolver-4.1.100.Final.jar:/home/runner/.m2/repository/org/apache/ozone/ozone-csi/1.5.0-SNAPSHOT/ozone-csi-1.5.0-SNAPSHOT.jar:/home/runner/.m2/repository/com/google/protobuf/protobuf-java-util/3.19.6/protobuf-java-util-3.19.6.jar:/home/runner/.m2/repository/com/google/code/gson/gson/2.9.0/gson-2.9.0.jar:/home/runner/.m2/repository/org/apache/ozone/hdds-config/1.5.0-SNAPSHOT/hdds-config-1.5.0-SNAPSHOT.jar:/home/runner/.m2/repository/io/netty/netty-transport-native-epoll/4.1.100.Final/netty-transport-native-epoll-4.1.100.Final-linux-x86_64.jar:/home/runner/.m2/repository/io/netty/netty-transport-classes-epoll/4.1.100.Final/netty-transport-classes-epoll-4.1.100.Final.jar:/home/runner/.m2/repository/io/netty/netty-transport-native-unix-common/4.1.100.Final/netty-transport-native-unix-common-4.1.100.Final.jar:/home/runner/.m2/repository/org/apache/ozone/ozone-recon/1.5.0-SNAPSHOT/ozone-recon-1.5.0-SNAPSHOT.jar:/home/runner/.m2/repository/org/apache/ozone/ozone-reconcodegen/1.5.0-SNAPSHOT/ozone-reconcodegen-1.5.0-SNAPSHOT.jar:/home/runner/.m2/repository/com/google/inject/guice/5.1.0/guice-5.1.0.jar:/home/runner/.m2/repository/aopalliance/aopalliance/1.0/aopalliance-1.0.jar:/home/runner/.m2/repository/com/google/inject/extensions/guice-assistedinject/5.1.0/guice-assistedinject-5.1.0.jar:/home/runner/.m2/repository/com/google/inject/extensions/guice-servlet/5.1.0/guice-servlet-5.1.0.jar:/home/runner/.m2/repository/org/glassfish/jersey/containers/jersey-container-servlet/2.41/jersey-container-servlet-2.41.jar:/home/runner/.m2/repository/org/glassfish/hk2/guice-bridge/2.6.1/guice-bridge-2.6.1.jar:/home/runner/.m2/repository/org/glassfish/jersey/core/jersey-server/2.41/jersey-server-2.41.jar:/home/runner/.m2/repository/org/glassfish/jersey/core/jersey-client/2.41/jersey-client-2.41.jar:/home/runner/.m2/repository/jakarta/validation/jakarta.validation-api/2.0.2/jakarta.validation-api-2.0.2.jar:/home/runner/.m2/repository/org/glassfish/jersey/media/jersey-media-json-jackson/2.41/jersey-media-json-jackson-2.41.jar:/home/runner/.m2/repository/org/glassfish/jersey/ext/jersey-entity-filtering/2.41/jersey-entity-filtering-2.41.jar:/home/runner/.m2/repository/org/jooq/jooq/3.11.10/jooq-3.11.10.jar:/home/runner/.m2/repository/org/jooq/jooq-meta/3.11.10/jooq-meta-3.11.10.jar:/home/runner/.m2/repository/org/jooq/jooq-codegen/3.11.10/jooq-codegen-3.11.10.jar:/home/runner/.m2/repository/com/jolbox/bonecp/0.8.0.RELEASE/bonecp-0.8.0.RELEASE.jar:/home/runner/.m2/repository/org/apache/derby/derby/10.14.2.0/derby-10.14.2.0.jar:/home/runner/.m2/repository/org/xerial/sqlite-jdbc/3.44.1.0/sqlite-jdbc-3.44.1.0.jar:/home/runner/.m2/repository/org/springframework/spring-jdbc/5.3.27/spring-jdbc-5.3.27.jar:/home/runner/.m2/repository/org/springframework/spring-beans/5.3.27/spring-beans-5.3.27.jar:/home/runner/.m2/repository/org/springframework/spring-core/5.3.27/spring-core-5.3.27.jar:/home/runner/.m2/repository/org/springframework/spring-tx/5.3.27/spring-tx-5.3.27.jar:/home/runner/.m2/repository/org/apache/ozone/ozone-client/1.5.0-SNAPSHOT/ozone-client-1.5.0-SNAPSHOT.jar:/home/runner/.m2/repository/org/apache/ozone/hdds-erasurecode/1.5.0-SNAPSHOT/hdds-erasurecode-1.5.0-SNAPSHOT.jar:/home/runner/.m2/repository/org/apache/ozone/ozone-filesystem/1.5.0-SNAPSHOT/ozone-filesystem-1.5.0-SNAPSHOT.jar:/home/runner/.m2/repository/org/apache/ozone/ozone-filesystem-common/1.5.0-SNAPSHOT/ozone-filesystem-common-1.5.0-SNAPSHOT.jar:/home/runner/.m2/repository/org/apache/ozone/ozone-tools/1.5.0-SNAPSHOT/ozone-tools-1.5.0-SNAPSHOT.jar:/home/runner/.m2/repository/com/amazonaws/aws-java-sdk-core/1.12.632/aws-java-sdk-core-1.12.632.jar:/home/runner/.m2/repository/org/apache/httpcomponents/httpclient/4.5.13/httpclient-4.5.13.jar:/home/runner/.m2/repository/org/apache/httpcomponents/httpcore/4.4.16/httpcore-4.4.16.jar:/home/runner/.m2/repository/software/amazon/ion/ion-java/1.0.2/ion-java-1.0.2.jar:/home/runner/.m2/repository/com/fasterxml/jackson/dataformat/jackson-dataformat-cbor/2.13.4/jackson-dataformat-cbor-2.13.4.jar:/home/runner/.m2/repository/joda-time/joda-time/2.12.5/joda-time-2.12.5.jar:/home/runner/.m2/repository/com/amazonaws/aws-java-sdk-s3/1.12.632/aws-java-sdk-s3-1.12.632.jar:/home/runner/.m2/repository/com/amazonaws/aws-java-sdk-kms/1.12.632/aws-java-sdk-kms-1.12.632.jar:/home/runner/.m2/repository/com/amazonaws/jmespath-java/1.12.632/jmespath-java-1.12.632.jar:/home/runner/.m2/repository/org/kohsuke/metainf-services/metainf-services/1.8/metainf-services-1.8.jar:/home/runner/.m2/repository/org/apache/ozone/hdds-tools/1.5.0-SNAPSHOT/hdds-tools-1.5.0-SNAPSHOT.jar:/home/runner/.m2/repository/org/apache/ratis/ratis-tools/3.0.1/ratis-tools-3.0.1.jar:/home/runner/.m2/repository/commons-cli/commons-cli/1.6.0/commons-cli-1.6.0.jar:/home/runner/.m2/repository/org/apache/commons/commons-lang3/3.14.0/commons-lang3-3.14.0.jar:/home/runner/.m2/repository/org/apache/ozone/ozone-manager/1.5.0-SNAPSHOT/ozone-manager-1.5.0-SNAPSHOT-tests.jar:/home/runner/.m2/repository/org/apache/ozone/hdds-common/1.5.0-SNAPSHOT/hdds-common-1.5.0-SNAPSHOT-tests.jar:/home/runner/.m2/repository/org/apache/ozone/hdds-hadoop-dependency-client/1.5.0-SNAPSHOT/hdds-hadoop-dependency-client-1.5.0-SNAPSHOT.jar:/home/runner/.m2/repository/info/picocli/picocli/4.7.5/picocli-4.7.5.jar:/home/runner/.m2/repository/com/fasterxml/jackson/core/jackson-annotations/2.13.4/jackson-annotations-2.13.4.jar:/home/runner/.m2/repository/org/apache/ozone/hdds-annotation-processing/1.5.0-SNAPSHOT/hdds-annotation-processing-1.5.0-SNAPSHOT.jar:/home/runner/.m2/repository/javax/annotation/javax.annotation-api/1.3.2/javax.annotation-api-1.3.2.jar:/home/runner/.m2/repository/org/apache/ratis/ratis-netty/3.0.1/ratis-netty-3.0.1.jar:/home/runner/.m2/repository/org/apache/ratis/ratis-grpc/3.0.1/ratis-grpc-3.0.1.jar:/home/runner/.m2/repository/org/apache/commons/commons-pool2/2.6.0/commons-pool2-2.6.0.jar:/home/runner/.m2/repository/org/bouncycastle/bcpkix-jdk18on/1.77/bcpkix-jdk18on-1.77.jar:/home/runner/.m2/repository/org/bouncycastle/bcutil-jdk18on/1.77/bcutil-jdk18on-1.77.jar:/home/runner/.m2/repository/commons-validator/commons-validator/1.6/commons-validator-1.6.jar:/home/runner/.m2/repository/commons-beanutils/commons-beanutils/1.9.4/commons-beanutils-1.9.4.jar:/home/runner/.m2/repository/commons-digester/commons-digester/1.8.1/commons-digester-1.8.1.jar:/home/runner/.m2/repository/commons-collections/commons-collections/3.2.2/commons-collections-3.2.2.jar:/home/runner/.m2/repository/io/jaegertracing/jaeger-client/1.8.1/jaeger-client-1.8.1.jar:/home/runner/.m2/repository/io/jaegertracing/jaeger-thrift/1.8.1/jaeger-thrift-1.8.1.jar:/home/runner/.m2/repository/org/apache/thrift/libthrift/0.15.0/libthrift-0.15.0.jar:/home/runner/.m2/repository/io/jaegertracing/jaeger-core/1.8.1/jaeger-core-1.8.1.jar:/home/runner/.m2/repository/io/jaegertracing/jaeger-tracerresolver/1.8.1/jaeger-tracerresolver-1.8.1.jar:/home/runner/.m2/repository/io/opentracing/contrib/opentracing-tracerresolver/0.1.8/opentracing-tracerresolver-0.1.8.jar:/home/runner/.m2/repository/org/jetbrains/kotlin/kotlin-stdlib/1.9.22/kotlin-stdlib-1.9.22.jar:/home/runner/.m2/repository/org/jetbrains/annotations/13.0/annotations-13.0.jar:/home/runner/.m2/repository/io/opentracing/opentracing-util/0.33.0/opentracing-util-0.33.0.jar:/home/runner/.m2/repository/io/opentracing/opentracing-api/0.33.0/opentracing-api-0.33.0.jar:/home/runner/.m2/repository/io/opentracing/opentracing-noop/0.33.0/opentracing-noop-0.33.0.jar:/home/runner/.m2/repository/org/yaml/snakeyaml/2.0/snakeyaml-2.0.jar:/home/runner/.m2/repository/io/grpc/grpc-api/1.58.0/grpc-api-1.58.0.jar:/home/runner/.m2/repository/org/junit/jupiter/junit-jupiter-engine/5.10.1/junit-jupiter-engine-5.10.1.jar:/home/runner/.m2/repository/org/junit/platform/junit-platform-engine/1.10.1/junit-platform-engine-1.10.1.jar:/home/runner/.m2/repository/org/apiguardian/apiguardian-api/1.1.2/apiguardian-api-1.1.2.jar:/home/runner/.m2/repository/org/junit/platform/junit-platform-launcher/1.10.1/junit-platform-launcher-1.10.1.jar:/home/runner/.m2/repository/org/apache/hadoop/hadoop-kms/3.3.6/hadoop-kms-3.3.6.jar:/home/runner/.m2/repository/org/apache/hadoop/hadoop-auth/3.3.6/hadoop-auth-3.3.6.jar:/home/runner/.m2/repository/com/nimbusds/nimbus-jose-jwt/9.8.1/nimbus-jose-jwt-9.8.1.jar:/home/runner/.m2/repository/com/github/stephenc/jcip/jcip-annotations/1.0-1/jcip-annotations-1.0-1.jar:/home/runner/.m2/repository/org/apache/zookeeper/zookeeper/3.7.2/zookeeper-3.7.2.jar:/home/runner/.m2/repository/org/apache/zookeeper/zookeeper-jute/3.7.2/zookeeper-jute-3.7.2.jar:/home/runner/.m2/repository/org/apache/yetus/audience-annotations/0.12.0/audience-annotations-0.12.0.jar:/home/runner/.m2/repository/org/apache/curator/curator-framework/4.2.0/curator-framework-4.2.0.jar:/home/runner/.m2/repository/org/apache/hadoop/thirdparty/hadoop-shaded-guava/1.1.1/hadoop-shaded-guava-1.1.1.jar:/home/runner/.m2/repository/com/sun/jersey/jersey-core/1.19.4/jersey-core-1.19.4.jar:/home/runner/.m2/repository/javax/ws/rs/jsr311-api/1.1.1/jsr311-api-1.1.1.jar:/home/runner/.m2/repository/com/sun/jersey/jersey-server/1.19.4/jersey-server-1.19.4.jar:/home/runner/.m2/repository/javax/servlet/javax.servlet-api/3.1.0/javax.servlet-api-3.1.0.jar:/home/runner/.m2/repository/org/apache/hadoop/hadoop-common/3.3.6/hadoop-common-3.3.6.jar:/home/runner/.m2/repository/org/apache/commons/commons-math3/3.6.1/commons-math3-3.6.1.jar:/home/runner/.m2/repository/commons-net/commons-net/3.10.0/commons-net-3.10.0.jar:/home/runner/.m2/repository/com/sun/jersey/jersey-servlet/1.19.4/jersey-servlet-1.19.4.jar:/home/runner/.m2/repository/com/github/pjfanning/jersey-json/1.20/jersey-json-1.20.jar:/home/runner/.m2/repository/org/codehaus/jettison/jettison/1.1/jettison-1.1.jar:/home/runner/.m2/repository/com/sun/xml/bind/jaxb-impl/2.2.3-1/jaxb-impl-2.2.3-1.jar:/home/runner/.m2/repository/com/google/re2j/re2j/1.7/re2j-1.7.jar:/home/runner/.m2/repository/com/jcraft/jsch/0.1.54/jsch-0.1.54.jar:/home/runner/.m2/repository/org/apache/curator/curator-client/4.2.0/curator-client-4.2.0.jar:/home/runner/.m2/repository/org/apache/curator/curator-recipes/5.2.0/curator-recipes-5.2.0.jar:/home/runner/.m2/repository/org/apache/kerby/kerb-core/1.0.1/kerb-core-1.0.1.jar:/home/runner/.m2/repository/org/apache/kerby/kerby-pkix/1.0.1/kerby-pkix-1.0.1.jar:/home/runner/.m2/repository/org/apache/kerby/kerby-asn1/1.0.1/kerby-asn1-1.0.1.jar:/home/runner/.m2/repository/org/apache/kerby/kerby-util/1.0.1/kerby-util-1.0.1.jar:/home/runner/.m2/repository/dnsjava/dnsjava/2.1.7/dnsjava-2.1.7.jar:/home/runner/.m2/repository/org/xerial/snappy/snappy-java/1.1.8.2/snappy-java-1.1.8.2.jar:/home/runner/.m2/repository/com/fasterxml/jackson/core/jackson-databind/2.13.4.2/jackson-databind-2.13.4.2.jar:/home/runner/.m2/repository/org/apache/hadoop/hadoop-kms/3.3.6/hadoop-kms-3.3.6-tests.jar:/home/runner/.m2/repository/org/apache/ozone/hdds-server-scm/1.5.0-SNAPSHOT/hdds-server-scm-1.5.0-SNAPSHOT-tests.jar:/home/runner/.m2/repository/org/apache/ozone/hdds-container-service/1.5.0-SNAPSHOT/hdds-container-service-1.5.0-SNAPSHOT-tests.jar:/home/runner/.m2/repository/com/github/luben/zstd-jni/1.5.2-5/zstd-jni-1.5.2-5.jar:/home/runner/.m2/repository/commons-codec/commons-codec/1.15/commons-codec-1.15.jar:/home/runner/.m2/repository/io/netty/netty-codec/4.1.100.Final/netty-codec-4.1.100.Final.jar:/home/runner/.m2/repository/io/netty/netty-handler/4.1.100.Final/netty-handler-4.1.100.Final.jar:/home/runner/.m2/repository/org/apache/ozone/hdds-hadoop-dependency-test/1.5.0-SNAPSHOT/hdds-hadoop-dependency-test-1.5.0-SNAPSHOT.jar:/home/runner/.m2/repository/org/apache/hadoop/hadoop-common/3.3.6/hadoop-common-3.3.6-tests.jar:/home/runner/.m2/repository/org/apache/hadoop/hadoop-hdfs/3.3.6/hadoop-hdfs-3.3.6-tests.jar:/home/runner/.m2/repository/org/junit/jupiter/junit-jupiter-params/5.10.1/junit-jupiter-params-5.10.1.jar:/home/runner/.m2/repository/org/mockito/mockito-core/4.11.0/mockito-core-4.11.0.jar:/home/runner/.m2/repository/net/bytebuddy/byte-buddy/1.12.19/byte-buddy-1.12.19.jar:/home/runner/.m2/repository/net/bytebuddy/byte-buddy-agent/1.12.19/byte-buddy-agent-1.12.19.jar:/home/runner/.m2/repository/org/objenesis/objenesis/1.0/objenesis-1.0.jar:/home/runner/.m2/repository/org/mockito/mockito-junit-jupiter/4.11.0/mockito-junit-jupiter-4.11.0.jar:/home/runner/.m2/repository/org/apache/hadoop/hadoop-distcp/3.3.6/hadoop-distcp-3.3.6.jar:/home/runner/.m2/repository/org/apache/hadoop/hadoop-mapreduce-client-jobclient/3.3.6/hadoop-mapreduce-client-jobclient-3.3.6.jar:/home/runner/.m2/repository/org/apache/hadoop/hadoop-mapreduce-client-common/3.3.6/hadoop-mapreduce-client-common-3.3.6.jar:/home/runner/.m2/repository/org/apache/hadoop/hadoop-yarn-common/3.3.6/hadoop-yarn-common-3.3.6.jar:/home/runner/.m2/repository/org/apache/hadoop/hadoop-yarn-api/3.3.6/hadoop-yarn-api-3.3.6.jar:/home/runner/.m2/repository/javax/xml/bind/jaxb-api/2.2.11/jaxb-api-2.2.11.jar:/home/runner/.m2/repository/com/sun/jersey/contribs/jersey-guice/1.19.4/jersey-guice-1.19.4.jar:/home/runner/.m2/repository/com/fasterxml/jackson/jaxrs/jackson-jaxrs-json-provider/2.13.4/jackson-jaxrs-json-provider-2.13.4.jar:/home/runner/.m2/repository/com/fasterxml/jackson/jaxrs/jackson-jaxrs-base/2.13.4/jackson-jaxrs-base-2.13.4.jar:/home/runner/.m2/repository/org/apache/hadoop/hadoop-yarn-client/3.3.6/hadoop-yarn-client-3.3.6.jar:/home/runner/.m2/repository/org/eclipse/jetty/websocket/websocket-client/9.4.51.v20230217/websocket-client-9.4.51.v20230217.jar:/home/runner/.m2/repository/org/eclipse/jetty/websocket/websocket-common/9.4.51.v20230217/websocket-common-9.4.51.v20230217.jar:/home/runner/.m2/repository/org/eclipse/jetty/websocket/websocket-api/9.4.51.v20230217/websocket-api-9.4.51.v20230217.jar:/home/runner/.m2/repository/org/jline/jline/3.9.0/jline-3.9.0.jar:/home/runner/.m2/repository/org/apache/hadoop/hadoop-mapreduce-client-core/3.3.6/hadoop-mapreduce-client-core-3.3.6.jar:/home/runner/.m2/repository/org/apache/avro/avro/1.7.7/avro-1.7.7.jar:/home/runner/.m2/repository/com/thoughtworks/paranamer/paranamer/2.3/paranamer-2.3.jar:/home/runner/.m2/repository/org/apache/hadoop/hadoop-annotations/3.3.6/hadoop-annotations-3.3.6.jar:/usr/lib/jvm/temurin-8-jdk-amd64/jre/../lib/tools.jar:/home/runner/.m2/repository/io/netty/netty/3.10.6.Final/netty-3.10.6.Final.jar:/home/runner/.m2/repository/org/apache/hadoop/hadoop-distcp/3.3.6/hadoop-distcp-3.3.6-tests.jar:/home/runner/.m2/repository/org/hamcrest/hamcrest/2.2/hamcrest-2.2.jar:/home/runner/.m2/repository/org/slf4j/jul-to-slf4j/2.0.10/jul-to-slf4j-2.0.10.jar:/home/runner/work/ozone/ozone/hadoop-ozone/integration-test/target/gradle-enterprise/test-listeners.jar:"/>
    <property name="java.vm.vendor" value="Temurin"/>
    <property name="sun.arch.data.model" value="64"/>
    <property name="test.build.dir" value="/home/runner/work/ozone/ozone/hadoop-ozone/integration-test/target/test-dir"/>
    <property name="test.cache.data" value=""/>
    <property name="java.vendor.url" value="https://adoptium.net/"/>
    <property name="user.timezone" value="Etc/UTC"/>
    <property name="maven-surefire-plugin.argLineAccessArgs" value=""/>
    <property name="os.name" value="Linux"/>
    <property name="java.vm.specification.version" value="1.8"/>
    <property name="test.build.data" value="/home/runner/work/ozone/ozone/hadoop-ozone/integration-test/target/test-dir"/>
    <property name="sun.java.launcher" value="SUN_STANDARD"/>
    <property name="sun.boot.library.path" value="/usr/lib/jvm/temurin-8-jdk-amd64/jre/lib/amd64"/>
    <property name="sun.java.command" value="/home/runner/work/ozone/ozone/hadoop-ozone/integration-test/target/surefire/surefirebooter5641323676335504689.jar /home/runner/work/ozone/ozone/hadoop-ozone/integration-test/target/surefire 2024-02-09T18-21-27_897-jvmRun1 surefire8234230466397657685tmp surefire_103432223248963755892tmp"/>
    <property name="native.lib.tmp.dir" value="/tmp"/>
    <property name="surefire.test.class.path" value="/home/runner/work/ozone/ozone/hadoop-ozone/integration-test/target/test-classes:/home/runner/work/ozone/ozone/hadoop-ozone/integration-test/target/classes:/home/runner/.m2/repository/org/apache/ozone/ozone-common/1.5.0-SNAPSHOT/ozone-common-1.5.0-SNAPSHOT.jar:/home/runner/.m2/repository/io/grpc/grpc-netty/1.58.0/grpc-netty-1.58.0.jar:/home/runner/.m2/repository/io/grpc/grpc-core/1.58.0/grpc-core-1.58.0.jar:/home/runner/.m2/repository/com/google/android/annotations/4.1.1.4/annotations-4.1.1.4.jar:/home/runner/.m2/repository/org/codehaus/mojo/animal-sniffer-annotations/1.23/animal-sniffer-annotations-1.23.jar:/home/runner/.m2/repository/io/grpc/grpc-context/1.58.0/grpc-context-1.58.0.jar:/home/runner/.m2/repository/io/grpc/grpc-util/1.58.0/grpc-util-1.58.0.jar:/home/runner/.m2/repository/com/google/errorprone/error_prone_annotations/2.2.0/error_prone_annotations-2.2.0.jar:/home/runner/.m2/repository/io/perfmark/perfmark-api/0.26.0/perfmark-api-0.26.0.jar:/home/runner/.m2/repository/io/netty/netty-codec-http2/4.1.100.Final/netty-codec-http2-4.1.100.Final.jar:/home/runner/.m2/repository/io/netty/netty-common/4.1.100.Final/netty-common-4.1.100.Final.jar:/home/runner/.m2/repository/io/netty/netty-buffer/4.1.100.Final/netty-buffer-4.1.100.Final.jar:/home/runner/.m2/repository/io/netty/netty-codec-http/4.1.100.Final/netty-codec-http-4.1.100.Final.jar:/home/runner/.m2/repository/io/netty/netty-handler-proxy/4.1.100.Final/netty-handler-proxy-4.1.100.Final.jar:/home/runner/.m2/repository/io/netty/netty-codec-socks/4.1.100.Final/netty-codec-socks-4.1.100.Final.jar:/home/runner/.m2/repository/io/netty/netty-tcnative-boringssl-static/2.0.61.Final/netty-tcnative-boringssl-static-2.0.61.Final.jar:/home/runner/.m2/repository/io/netty/netty-tcnative-classes/2.0.61.Final/netty-tcnative-classes-2.0.61.Final.jar:/home/runner/.m2/repository/io/netty/netty-tcnative-boringssl-static/2.0.61.Final/netty-tcnative-boringssl-static-2.0.61.Final-linux-x86_64.jar:/home/runner/.m2/repository/io/netty/netty-tcnative-boringssl-static/2.0.61.Final/netty-tcnative-boringssl-static-2.0.61.Final-linux-aarch_64.jar:/home/runner/.m2/repository/io/netty/netty-tcnative-boringssl-static/2.0.61.Final/netty-tcnative-boringssl-static-2.0.61.Final-osx-x86_64.jar:/home/runner/.m2/repository/io/netty/netty-tcnative-boringssl-static/2.0.61.Final/netty-tcnative-boringssl-static-2.0.61.Final-osx-aarch_64.jar:/home/runner/.m2/repository/io/netty/netty-tcnative-boringssl-static/2.0.61.Final/netty-tcnative-boringssl-static-2.0.61.Final-windows-x86_64.jar:/home/runner/.m2/repository/org/apache/commons/commons-compress/1.25.0/commons-compress-1.25.0.jar:/home/runner/.m2/repository/org/apache/ozone/hdds-common/1.5.0-SNAPSHOT/hdds-common-1.5.0-SNAPSHOT.jar:/home/runner/.m2/repository/org/apache/ozone/hdds-client/1.5.0-SNAPSHOT/hdds-client-1.5.0-SNAPSHOT.jar:/home/runner/.m2/repository/org/apache/ozone/ozone-interface-client/1.5.0-SNAPSHOT/ozone-interface-client-1.5.0-SNAPSHOT.jar:/home/runner/.m2/repository/org/apache/hadoop/hadoop-hdfs-client/3.3.6/hadoop-hdfs-client-3.3.6.jar:/home/runner/.m2/repository/com/squareup/okhttp3/okhttp/4.12.0/okhttp-4.12.0.jar:/home/runner/.m2/repository/com/squareup/okio/okio/3.6.0/okio-3.6.0.jar:/home/runner/.m2/repository/com/squareup/okio/okio-jvm/3.6.0/okio-jvm-3.6.0.jar:/home/runner/.m2/repository/org/jetbrains/kotlin/kotlin-stdlib-jdk8/1.9.22/kotlin-stdlib-jdk8-1.9.22.jar:/home/runner/.m2/repository/org/jetbrains/kotlin/kotlin-stdlib-jdk7/1.9.22/kotlin-stdlib-jdk7-1.9.22.jar:/home/runner/.m2/repository/org/jetbrains/kotlin/kotlin-stdlib-common/1.9.22/kotlin-stdlib-common-1.9.22.jar:/home/runner/.m2/repository/org/apache/ozone/hdds-test-utils/1.5.0-SNAPSHOT/hdds-test-utils-1.5.0-SNAPSHOT.jar:/home/runner/.m2/repository/org/assertj/assertj-core/3.12.2/assertj-core-3.12.2.jar:/home/runner/.m2/repository/com/google/guava/guava/32.0.0-jre/guava-32.0.0-jre.jar:/home/runner/.m2/repository/com/google/guava/failureaccess/1.0.1/failureaccess-1.0.1.jar:/home/runner/.m2/repository/com/google/guava/listenablefuture/9999.0-empty-to-avoid-conflict-with-guava/listenablefuture-9999.0-empty-to-avoid-conflict-with-guava.jar:/home/runner/.m2/repository/com/google/code/findbugs/jsr305/3.0.0/jsr305-3.0.0.jar:/home/runner/.m2/repository/org/checkerframework/checker-qual/3.33.0/checker-qual-3.33.0.jar:/home/runner/.m2/repository/com/google/j2objc/j2objc-annotations/2.8/j2objc-annotations-2.8.jar:/home/runner/.m2/repository/commons-io/commons-io/2.11.0/commons-io-2.11.0.jar:/home/runner/.m2/repository/commons-logging/commons-logging/1.2/commons-logging-1.2.jar:/home/runner/.m2/repository/org/junit/jupiter/junit-jupiter-api/5.10.1/junit-jupiter-api-5.10.1.jar:/home/runner/.m2/repository/org/opentest4j/opentest4j/1.3.0/opentest4j-1.3.0.jar:/home/runner/.m2/repository/org/junit/platform/junit-platform-commons/1.10.1/junit-platform-commons-1.10.1.jar:/home/runner/.m2/repository/ch/qos/reload4j/reload4j/1.2.25/reload4j-1.2.25.jar:/home/runner/.m2/repository/jakarta/annotation/jakarta.annotation-api/2.1.1/jakarta.annotation-api-2.1.1.jar:/home/runner/.m2/repository/org/slf4j/slf4j-api/2.0.10/slf4j-api-2.0.10.jar:/home/runner/.m2/repository/org/apache/logging/log4j/log4j-api/2.17.1/log4j-api-2.17.1.jar:/home/runner/.m2/repository/org/apache/ozone/hdds-server-scm/1.5.0-SNAPSHOT/hdds-server-scm-1.5.0-SNAPSHOT.jar:/home/runner/.m2/repository/com/google/protobuf/protobuf-java/2.5.0/protobuf-java-2.5.0.jar:/home/runner/.m2/repository/org/apache/ozone/hdds-container-service/1.5.0-SNAPSHOT/hdds-container-service-1.5.0-SNAPSHOT.jar:/home/runner/.m2/repository/org/apache/ozone/hdds-hadoop-dependency-server/1.5.0-SNAPSHOT/hdds-hadoop-dependency-server-1.5.0-SNAPSHOT.jar:/home/runner/.m2/repository/org/apache/hadoop/hadoop-hdfs/3.3.6/hadoop-hdfs-3.3.6.jar:/home/runner/.m2/repository/commons-daemon/commons-daemon/1.0.13/commons-daemon-1.0.13.jar:/home/runner/.m2/repository/org/apache/ozone/hdds-server-framework/1.5.0-SNAPSHOT/hdds-server-framework-1.5.0-SNAPSHOT.jar:/home/runner/.m2/repository/org/bouncycastle/bcprov-jdk18on/1.77/bcprov-jdk18on-1.77.jar:/home/runner/.m2/repository/io/dropwizard/metrics/metrics-core/3.2.4/metrics-core-3.2.4.jar:/home/runner/.m2/repository/org/apache/commons/commons-text/1.11.0/commons-text-1.11.0.jar:/home/runner/.m2/repository/org/apache/ozone/hdds-server-framework/1.5.0-SNAPSHOT/hdds-server-framework-1.5.0-SNAPSHOT-tests.jar:/home/runner/.m2/repository/org/apache/ozone/hdds-interface-server/1.5.0-SNAPSHOT/hdds-interface-server-1.5.0-SNAPSHOT.jar:/home/runner/.m2/repository/org/apache/ozone/hdds-interface-admin/1.5.0-SNAPSHOT/hdds-interface-admin-1.5.0-SNAPSHOT.jar:/home/runner/.m2/repository/org/apache/ozone/hdds-managed-rocksdb/1.5.0-SNAPSHOT/hdds-managed-rocksdb-1.5.0-SNAPSHOT.jar:/home/runner/.m2/repository/org/rocksdb/rocksdbjni/7.7.3/rocksdbjni-7.7.3.jar:/home/runner/.m2/repository/org/slf4j/slf4j-reload4j/2.0.10/slf4j-reload4j-2.0.10.jar:/home/runner/.m2/repository/org/apache/commons/commons-configuration2/2.8.0/commons-configuration2-2.8.0.jar:/home/runner/.m2/repository/commons-fileupload/commons-fileupload/1.5/commons-fileupload-1.5.jar:/home/runner/.m2/repository/org/apache/logging/log4j/log4j-core/2.17.1/log4j-core-2.17.1.jar:/home/runner/.m2/repository/com/lmax/disruptor/3.4.2/disruptor-3.4.2.jar:/home/runner/.m2/repository/org/eclipse/jetty/jetty-util/9.4.53.v20231009/jetty-util-9.4.53.v20231009.jar:/home/runner/.m2/repository/org/eclipse/jetty/jetty-server/9.4.53.v20231009/jetty-server-9.4.53.v20231009.jar:/home/runner/.m2/repository/org/eclipse/jetty/jetty-http/9.4.53.v20231009/jetty-http-9.4.53.v20231009.jar:/home/runner/.m2/repository/org/eclipse/jetty/jetty-io/9.4.53.v20231009/jetty-io-9.4.53.v20231009.jar:/home/runner/.m2/repository/org/eclipse/jetty/jetty-servlet/9.4.53.v20231009/jetty-servlet-9.4.53.v20231009.jar:/home/runner/.m2/repository/org/eclipse/jetty/jetty-security/9.4.53.v20231009/jetty-security-9.4.53.v20231009.jar:/home/runner/.m2/repository/org/eclipse/jetty/jetty-util-ajax/9.4.53.v20231009/jetty-util-ajax-9.4.53.v20231009.jar:/home/runner/.m2/repository/org/eclipse/jetty/jetty-webapp/9.4.53.v20231009/jetty-webapp-9.4.53.v20231009.jar:/home/runner/.m2/repository/org/eclipse/jetty/jetty-xml/9.4.53.v20231009/jetty-xml-9.4.53.v20231009.jar:/home/runner/.m2/repository/org/apache/ratis/ratis-server/3.0.1/ratis-server-3.0.1.jar:/home/runner/.m2/repository/org/apache/ratis/ratis-thirdparty-misc/1.0.5/ratis-thirdparty-misc-1.0.5.jar:/home/runner/.m2/repository/org/apache/ratis/ratis-proto/3.0.1/ratis-proto-3.0.1.jar:/home/runner/.m2/repository/org/apache/ratis/ratis-common/3.0.1/ratis-common-3.0.1.jar:/home/runner/.m2/repository/org/apache/ratis/ratis-client/3.0.1/ratis-client-3.0.1.jar:/home/runner/.m2/repository/org/apache/ratis/ratis-server-api/3.0.1/ratis-server-api-3.0.1.jar:/home/runner/.m2/repository/org/apache/ratis/ratis-metrics-api/3.0.1/ratis-metrics-api-3.0.1.jar:/home/runner/.m2/repository/org/apache/ratis/ratis-metrics-dropwizard3/3.0.1/ratis-metrics-dropwizard3-3.0.1.jar:/home/runner/.m2/repository/io/prometheus/simpleclient_dropwizard/0.16.0/simpleclient_dropwizard-0.16.0.jar:/home/runner/.m2/repository/io/prometheus/simpleclient/0.16.0/simpleclient-0.16.0.jar:/home/runner/.m2/repository/io/prometheus/simpleclient_common/0.16.0/simpleclient_common-0.16.0.jar:/home/runner/.m2/repository/com/fasterxml/jackson/datatype/jackson-datatype-jsr310/2.13.4/jackson-datatype-jsr310-2.13.4.jar:/home/runner/.m2/repository/com/fasterxml/jackson/core/jackson-core/2.13.4/jackson-core-2.13.4.jar:/home/runner/.m2/repository/org/apache/ozone/rocksdb-checkpoint-differ/1.5.0-SNAPSHOT/rocksdb-checkpoint-differ-1.5.0-SNAPSHOT.jar:/home/runner/.m2/repository/org/jgrapht/jgrapht-core/1.0.1/jgrapht-core-1.0.1.jar:/home/runner/.m2/repository/org/jgrapht/jgrapht-ext/1.0.1/jgrapht-ext-1.0.1.jar:/home/runner/.m2/repository/org/tinyjee/jgraphx/jgraphx/2.0.0.1/jgraphx-2.0.0.1.jar:/home/runner/.m2/repository/jgraph/jgraph/5.13.0.0/jgraph-5.13.0.0.jar:/home/runner/.m2/repository/org/antlr/antlr4-runtime/4.5.3/antlr4-runtime-4.5.3.jar:/home/runner/.m2/repository/org/apache/ozone/ozone-manager/1.5.0-SNAPSHOT/ozone-manager-1.5.0-SNAPSHOT.jar:/home/runner/.m2/repository/org/aspectj/aspectjrt/1.9.7/aspectjrt-1.9.7.jar:/home/runner/.m2/repository/org/aspectj/aspectjweaver/1.9.7/aspectjweaver-1.9.7.jar:/home/runner/.m2/repository/org/apache/ozone/hdds-interface-client/1.5.0-SNAPSHOT/hdds-interface-client-1.5.0-SNAPSHOT.jar:/home/runner/.m2/repository/org/apache/hadoop/thirdparty/hadoop-shaded-protobuf_3_7/1.1.1/hadoop-shaded-protobuf_3_7-1.1.1.jar:/home/runner/.m2/repository/org/apache/ozone/ozone-interface-storage/1.5.0-SNAPSHOT/ozone-interface-storage-1.5.0-SNAPSHOT.jar:/home/runner/.m2/repository/org/reflections/reflections/0.9.11/reflections-0.9.11.jar:/home/runner/.m2/repository/com/sun/jersey/jersey-client/1.19.4/jersey-client-1.19.4.jar:/home/runner/.m2/repository/org/codehaus/jackson/jackson-core-asl/1.9.13/jackson-core-asl-1.9.13.jar:/home/runner/.m2/repository/org/codehaus/jackson/jackson-mapper-asl/1.9.13/jackson-mapper-asl-1.9.13.jar:/home/runner/.m2/repository/org/codehaus/jackson/jackson-jaxrs/1.9.13/jackson-jaxrs-1.9.13.jar:/home/runner/.m2/repository/org/apache/ranger/ranger-intg/2.3.0/ranger-intg-2.3.0.jar:/home/runner/.m2/repository/org/apache/ranger/ranger-plugins-common/2.3.0/ranger-plugins-common-2.3.0.jar:/home/runner/.m2/repository/commons-lang/commons-lang/2.6/commons-lang-2.6.jar:/home/runner/.m2/repository/org/apache/ranger/ranger-plugins-cred/2.3.0/ranger-plugins-cred-2.3.0.jar:/home/runner/.m2/repository/org/apache/ranger/ranger-plugins-audit/2.3.0/ranger-plugins-audit-2.3.0.jar:/home/runner/.m2/repository/org/eclipse/jetty/jetty-client/9.4.53.v20231009/jetty-client-9.4.53.v20231009.jar:/home/runner/.m2/repository/org/apache/httpcomponents/httpmime/4.5.6/httpmime-4.5.6.jar:/home/runner/.m2/repository/org/apache/httpcomponents/httpcore-nio/4.4.16/httpcore-nio-4.4.16.jar:/home/runner/.m2/repository/org/apache/httpcomponents/httpasyncclient/4.1.3/httpasyncclient-4.1.3.jar:/home/runner/.m2/repository/com/carrotsearch/hppc/0.8.0/hppc-0.8.0.jar:/home/runner/.m2/repository/org/apache/orc/orc-core/1.5.8/orc-core-1.5.8.jar:/home/runner/.m2/repository/net/java/dev/jna/jna/5.2.0/jna-5.2.0.jar:/home/runner/.m2/repository/net/java/dev/jna/jna-platform/5.2.0/jna-platform-5.2.0.jar:/home/runner/.m2/repository/com/kstruct/gethostname4j/0.0.2/gethostname4j-0.0.2.jar:/home/runner/.m2/repository/org/apache/ranger/ranger-plugin-classloader/2.3.0/ranger-plugin-classloader-2.3.0.jar:/home/runner/.m2/repository/org/apache/ozone/hdds-rocks-native/1.5.0-SNAPSHOT/hdds-rocks-native-1.5.0-SNAPSHOT.jar:/home/runner/.m2/repository/org/apache/hadoop/hadoop-minikdc/3.3.6/hadoop-minikdc-3.3.6.jar:/home/runner/.m2/repository/org/apache/kerby/kerb-simplekdc/1.0.1/kerb-simplekdc-1.0.1.jar:/home/runner/.m2/repository/org/apache/kerby/kerb-client/1.0.1/kerb-client-1.0.1.jar:/home/runner/.m2/repository/org/apache/kerby/kerby-config/1.0.1/kerby-config-1.0.1.jar:/home/runner/.m2/repository/org/apache/kerby/kerb-common/1.0.1/kerb-common-1.0.1.jar:/home/runner/.m2/repository/org/apache/kerby/kerb-crypto/1.0.1/kerb-crypto-1.0.1.jar:/home/runner/.m2/repository/org/apache/kerby/kerb-util/1.0.1/kerb-util-1.0.1.jar:/home/runner/.m2/repository/org/apache/kerby/token-provider/1.0.1/token-provider-1.0.1.jar:/home/runner/.m2/repository/org/apache/kerby/kerb-admin/1.0.1/kerb-admin-1.0.1.jar:/home/runner/.m2/repository/org/apache/kerby/kerb-server/1.0.1/kerb-server-1.0.1.jar:/home/runner/.m2/repository/org/apache/kerby/kerb-identity/1.0.1/kerb-identity-1.0.1.jar:/home/runner/.m2/repository/org/apache/kerby/kerby-xdr/1.0.1/kerby-xdr-1.0.1.jar:/home/runner/.m2/repository/junit/junit/4.13.2/junit-4.13.2.jar:/home/runner/.m2/repository/org/hamcrest/hamcrest-core/1.3/hamcrest-core-1.3.jar:/home/runner/.m2/repository/org/apache/ozone/ozone-s3gateway/1.5.0-SNAPSHOT/ozone-s3gateway-1.5.0-SNAPSHOT.jar:/home/runner/.m2/repository/org/javassist/javassist/3.21.0-GA/javassist-3.21.0-GA.jar:/home/runner/.m2/repository/org/jboss/weld/servlet/weld-servlet-shaded/3.1.9.Final/weld-servlet-shaded-3.1.9.Final.jar:/home/runner/.m2/repository/org/glassfish/jersey/containers/jersey-container-servlet-core/2.41/jersey-container-servlet-core-2.41.jar:/home/runner/.m2/repository/org/glassfish/hk2/external/jakarta.inject/2.6.1/jakarta.inject-2.6.1.jar:/home/runner/.m2/repository/org/glassfish/jersey/core/jersey-common/2.41/jersey-common-2.41.jar:/home/runner/.m2/repository/jakarta/ws/rs/jakarta.ws.rs-api/2.1.6/jakarta.ws.rs-api-2.1.6.jar:/home/runner/.m2/repository/org/glassfish/jersey/ext/cdi/jersey-cdi1x/2.41/jersey-cdi1x-2.41.jar:/home/runner/.m2/repository/org/glassfish/jersey/inject/jersey-hk2/2.41/jersey-hk2-2.41.jar:/home/runner/.m2/repository/org/glassfish/hk2/hk2-locator/2.6.1/hk2-locator-2.6.1.jar:/home/runner/.m2/repository/org/glassfish/jersey/media/jersey-media-jaxb/2.41/jersey-media-jaxb-2.41.jar:/home/runner/.m2/repository/org/glassfish/hk2/osgi-resource-locator/1.0.3/osgi-resource-locator-1.0.3.jar:/home/runner/.m2/repository/org/glassfish/hk2/hk2-api/2.6.1/hk2-api-2.6.1.jar:/home/runner/.m2/repository/org/glassfish/hk2/hk2-utils/2.6.1/hk2-utils-2.6.1.jar:/home/runner/.m2/repository/org/glassfish/hk2/external/aopalliance-repackaged/2.6.1/aopalliance-repackaged-2.6.1.jar:/home/runner/.m2/repository/com/fasterxml/jackson/dataformat/jackson-dataformat-xml/2.13.4/jackson-dataformat-xml-2.13.4.jar:/home/runner/.m2/repository/org/codehaus/woodstox/stax2-api/4.2.2/stax2-api-4.2.2.jar:/home/runner/.m2/repository/com/fasterxml/woodstox/woodstox-core/5.4.0/woodstox-core-5.4.0.jar:/home/runner/.m2/repository/com/fasterxml/jackson/module/jackson-module-jaxb-annotations/2.13.4/jackson-module-jaxb-annotations-2.13.4.jar:/home/runner/.m2/repository/javax/enterprise/cdi-api/2.0/cdi-api-2.0.jar:/home/runner/.m2/repository/javax/el/javax.el-api/3.0.0/javax.el-api-3.0.0.jar:/home/runner/.m2/repository/javax/interceptor/javax.interceptor-api/1.2/javax.interceptor-api-1.2.jar:/home/runner/.m2/repository/javax/inject/javax.inject/1/javax.inject-1.jar:/home/runner/.m2/repository/jakarta/xml/bind/jakarta.xml.bind-api/2.3.3/jakarta.xml.bind-api-2.3.3.jar:/home/runner/.m2/repository/org/glassfish/jaxb/jaxb-runtime/2.3.9/jaxb-runtime-2.3.9.jar:/home/runner/.m2/repository/org/glassfish/jaxb/txw2/2.3.9/txw2-2.3.9.jar:/home/runner/.m2/repository/com/sun/istack/istack-commons-runtime/3.0.12/istack-commons-runtime-3.0.12.jar:/home/runner/.m2/repository/com/sun/activation/jakarta.activation/1.2.2/jakarta.activation-1.2.2.jar:/home/runner/.m2/repository/jakarta/activation/jakarta.activation-api/1.2.2/jakarta.activation-api-1.2.2.jar:/home/runner/.m2/repository/io/grpc/grpc-protobuf/1.58.0/grpc-protobuf-1.58.0.jar:/home/runner/.m2/repository/com/google/api/grpc/proto-google-common-protos/2.22.0/proto-google-common-protos-2.22.0.jar:/home/runner/.m2/repository/io/grpc/grpc-protobuf-lite/1.58.0/grpc-protobuf-lite-1.58.0.jar:/home/runner/.m2/repository/io/grpc/grpc-stub/1.58.0/grpc-stub-1.58.0.jar:/home/runner/.m2/repository/io/netty/netty-transport/4.1.100.Final/netty-transport-4.1.100.Final.jar:/home/runner/.m2/repository/io/netty/netty-resolver/4.1.100.Final/netty-resolver-4.1.100.Final.jar:/home/runner/.m2/repository/org/apache/ozone/ozone-csi/1.5.0-SNAPSHOT/ozone-csi-1.5.0-SNAPSHOT.jar:/home/runner/.m2/repository/com/google/protobuf/protobuf-java-util/3.19.6/protobuf-java-util-3.19.6.jar:/home/runner/.m2/repository/com/google/code/gson/gson/2.9.0/gson-2.9.0.jar:/home/runner/.m2/repository/org/apache/ozone/hdds-config/1.5.0-SNAPSHOT/hdds-config-1.5.0-SNAPSHOT.jar:/home/runner/.m2/repository/io/netty/netty-transport-native-epoll/4.1.100.Final/netty-transport-native-epoll-4.1.100.Final-linux-x86_64.jar:/home/runner/.m2/repository/io/netty/netty-transport-classes-epoll/4.1.100.Final/netty-transport-classes-epoll-4.1.100.Final.jar:/home/runner/.m2/repository/io/netty/netty-transport-native-unix-common/4.1.100.Final/netty-transport-native-unix-common-4.1.100.Final.jar:/home/runner/.m2/repository/org/apache/ozone/ozone-recon/1.5.0-SNAPSHOT/ozone-recon-1.5.0-SNAPSHOT.jar:/home/runner/.m2/repository/org/apache/ozone/ozone-reconcodegen/1.5.0-SNAPSHOT/ozone-reconcodegen-1.5.0-SNAPSHOT.jar:/home/runner/.m2/repository/com/google/inject/guice/5.1.0/guice-5.1.0.jar:/home/runner/.m2/repository/aopalliance/aopalliance/1.0/aopalliance-1.0.jar:/home/runner/.m2/repository/com/google/inject/extensions/guice-assistedinject/5.1.0/guice-assistedinject-5.1.0.jar:/home/runner/.m2/repository/com/google/inject/extensions/guice-servlet/5.1.0/guice-servlet-5.1.0.jar:/home/runner/.m2/repository/org/glassfish/jersey/containers/jersey-container-servlet/2.41/jersey-container-servlet-2.41.jar:/home/runner/.m2/repository/org/glassfish/hk2/guice-bridge/2.6.1/guice-bridge-2.6.1.jar:/home/runner/.m2/repository/org/glassfish/jersey/core/jersey-server/2.41/jersey-server-2.41.jar:/home/runner/.m2/repository/org/glassfish/jersey/core/jersey-client/2.41/jersey-client-2.41.jar:/home/runner/.m2/repository/jakarta/validation/jakarta.validation-api/2.0.2/jakarta.validation-api-2.0.2.jar:/home/runner/.m2/repository/org/glassfish/jersey/media/jersey-media-json-jackson/2.41/jersey-media-json-jackson-2.41.jar:/home/runner/.m2/repository/org/glassfish/jersey/ext/jersey-entity-filtering/2.41/jersey-entity-filtering-2.41.jar:/home/runner/.m2/repository/org/jooq/jooq/3.11.10/jooq-3.11.10.jar:/home/runner/.m2/repository/org/jooq/jooq-meta/3.11.10/jooq-meta-3.11.10.jar:/home/runner/.m2/repository/org/jooq/jooq-codegen/3.11.10/jooq-codegen-3.11.10.jar:/home/runner/.m2/repository/com/jolbox/bonecp/0.8.0.RELEASE/bonecp-0.8.0.RELEASE.jar:/home/runner/.m2/repository/org/apache/derby/derby/10.14.2.0/derby-10.14.2.0.jar:/home/runner/.m2/repository/org/xerial/sqlite-jdbc/3.44.1.0/sqlite-jdbc-3.44.1.0.jar:/home/runner/.m2/repository/org/springframework/spring-jdbc/5.3.27/spring-jdbc-5.3.27.jar:/home/runner/.m2/repository/org/springframework/spring-beans/5.3.27/spring-beans-5.3.27.jar:/home/runner/.m2/repository/org/springframework/spring-core/5.3.27/spring-core-5.3.27.jar:/home/runner/.m2/repository/org/springframework/spring-tx/5.3.27/spring-tx-5.3.27.jar:/home/runner/.m2/repository/org/apache/ozone/ozone-client/1.5.0-SNAPSHOT/ozone-client-1.5.0-SNAPSHOT.jar:/home/runner/.m2/repository/org/apache/ozone/hdds-erasurecode/1.5.0-SNAPSHOT/hdds-erasurecode-1.5.0-SNAPSHOT.jar:/home/runner/.m2/repository/org/apache/ozone/ozone-filesystem/1.5.0-SNAPSHOT/ozone-filesystem-1.5.0-SNAPSHOT.jar:/home/runner/.m2/repository/org/apache/ozone/ozone-filesystem-common/1.5.0-SNAPSHOT/ozone-filesystem-common-1.5.0-SNAPSHOT.jar:/home/runner/.m2/repository/org/apache/ozone/ozone-tools/1.5.0-SNAPSHOT/ozone-tools-1.5.0-SNAPSHOT.jar:/home/runner/.m2/repository/com/amazonaws/aws-java-sdk-core/1.12.632/aws-java-sdk-core-1.12.632.jar:/home/runner/.m2/repository/org/apache/httpcomponents/httpclient/4.5.13/httpclient-4.5.13.jar:/home/runner/.m2/repository/org/apache/httpcomponents/httpcore/4.4.16/httpcore-4.4.16.jar:/home/runner/.m2/repository/software/amazon/ion/ion-java/1.0.2/ion-java-1.0.2.jar:/home/runner/.m2/repository/com/fasterxml/jackson/dataformat/jackson-dataformat-cbor/2.13.4/jackson-dataformat-cbor-2.13.4.jar:/home/runner/.m2/repository/joda-time/joda-time/2.12.5/joda-time-2.12.5.jar:/home/runner/.m2/repository/com/amazonaws/aws-java-sdk-s3/1.12.632/aws-java-sdk-s3-1.12.632.jar:/home/runner/.m2/repository/com/amazonaws/aws-java-sdk-kms/1.12.632/aws-java-sdk-kms-1.12.632.jar:/home/runner/.m2/repository/com/amazonaws/jmespath-java/1.12.632/jmespath-java-1.12.632.jar:/home/runner/.m2/repository/org/kohsuke/metainf-services/metainf-services/1.8/metainf-services-1.8.jar:/home/runner/.m2/repository/org/apache/ozone/hdds-tools/1.5.0-SNAPSHOT/hdds-tools-1.5.0-SNAPSHOT.jar:/home/runner/.m2/repository/org/apache/ratis/ratis-tools/3.0.1/ratis-tools-3.0.1.jar:/home/runner/.m2/repository/commons-cli/commons-cli/1.6.0/commons-cli-1.6.0.jar:/home/runner/.m2/repository/org/apache/commons/commons-lang3/3.14.0/commons-lang3-3.14.0.jar:/home/runner/.m2/repository/org/apache/ozone/ozone-manager/1.5.0-SNAPSHOT/ozone-manager-1.5.0-SNAPSHOT-tests.jar:/home/runner/.m2/repository/org/apache/ozone/hdds-common/1.5.0-SNAPSHOT/hdds-common-1.5.0-SNAPSHOT-tests.jar:/home/runner/.m2/repository/org/apache/ozone/hdds-hadoop-dependency-client/1.5.0-SNAPSHOT/hdds-hadoop-dependency-client-1.5.0-SNAPSHOT.jar:/home/runner/.m2/repository/info/picocli/picocli/4.7.5/picocli-4.7.5.jar:/home/runner/.m2/repository/com/fasterxml/jackson/core/jackson-annotations/2.13.4/jackson-annotations-2.13.4.jar:/home/runner/.m2/repository/org/apache/ozone/hdds-annotation-processing/1.5.0-SNAPSHOT/hdds-annotation-processing-1.5.0-SNAPSHOT.jar:/home/runner/.m2/repository/javax/annotation/javax.annotation-api/1.3.2/javax.annotation-api-1.3.2.jar:/home/runner/.m2/repository/org/apache/ratis/ratis-netty/3.0.1/ratis-netty-3.0.1.jar:/home/runner/.m2/repository/org/apache/ratis/ratis-grpc/3.0.1/ratis-grpc-3.0.1.jar:/home/runner/.m2/repository/org/apache/commons/commons-pool2/2.6.0/commons-pool2-2.6.0.jar:/home/runner/.m2/repository/org/bouncycastle/bcpkix-jdk18on/1.77/bcpkix-jdk18on-1.77.jar:/home/runner/.m2/repository/org/bouncycastle/bcutil-jdk18on/1.77/bcutil-jdk18on-1.77.jar:/home/runner/.m2/repository/commons-validator/commons-validator/1.6/commons-validator-1.6.jar:/home/runner/.m2/repository/commons-beanutils/commons-beanutils/1.9.4/commons-beanutils-1.9.4.jar:/home/runner/.m2/repository/commons-digester/commons-digester/1.8.1/commons-digester-1.8.1.jar:/home/runner/.m2/repository/commons-collections/commons-collections/3.2.2/commons-collections-3.2.2.jar:/home/runner/.m2/repository/io/jaegertracing/jaeger-client/1.8.1/jaeger-client-1.8.1.jar:/home/runner/.m2/repository/io/jaegertracing/jaeger-thrift/1.8.1/jaeger-thrift-1.8.1.jar:/home/runner/.m2/repository/org/apache/thrift/libthrift/0.15.0/libthrift-0.15.0.jar:/home/runner/.m2/repository/io/jaegertracing/jaeger-core/1.8.1/jaeger-core-1.8.1.jar:/home/runner/.m2/repository/io/jaegertracing/jaeger-tracerresolver/1.8.1/jaeger-tracerresolver-1.8.1.jar:/home/runner/.m2/repository/io/opentracing/contrib/opentracing-tracerresolver/0.1.8/opentracing-tracerresolver-0.1.8.jar:/home/runner/.m2/repository/org/jetbrains/kotlin/kotlin-stdlib/1.9.22/kotlin-stdlib-1.9.22.jar:/home/runner/.m2/repository/org/jetbrains/annotations/13.0/annotations-13.0.jar:/home/runner/.m2/repository/io/opentracing/opentracing-util/0.33.0/opentracing-util-0.33.0.jar:/home/runner/.m2/repository/io/opentracing/opentracing-api/0.33.0/opentracing-api-0.33.0.jar:/home/runner/.m2/repository/io/opentracing/opentracing-noop/0.33.0/opentracing-noop-0.33.0.jar:/home/runner/.m2/repository/org/yaml/snakeyaml/2.0/snakeyaml-2.0.jar:/home/runner/.m2/repository/io/grpc/grpc-api/1.58.0/grpc-api-1.58.0.jar:/home/runner/.m2/repository/org/junit/jupiter/junit-jupiter-engine/5.10.1/junit-jupiter-engine-5.10.1.jar:/home/runner/.m2/repository/org/junit/platform/junit-platform-engine/1.10.1/junit-platform-engine-1.10.1.jar:/home/runner/.m2/repository/org/apiguardian/apiguardian-api/1.1.2/apiguardian-api-1.1.2.jar:/home/runner/.m2/repository/org/junit/platform/junit-platform-launcher/1.10.1/junit-platform-launcher-1.10.1.jar:/home/runner/.m2/repository/org/apache/hadoop/hadoop-kms/3.3.6/hadoop-kms-3.3.6.jar:/home/runner/.m2/repository/org/apache/hadoop/hadoop-auth/3.3.6/hadoop-auth-3.3.6.jar:/home/runner/.m2/repository/com/nimbusds/nimbus-jose-jwt/9.8.1/nimbus-jose-jwt-9.8.1.jar:/home/runner/.m2/repository/com/github/stephenc/jcip/jcip-annotations/1.0-1/jcip-annotations-1.0-1.jar:/home/runner/.m2/repository/org/apache/zookeeper/zookeeper/3.7.2/zookeeper-3.7.2.jar:/home/runner/.m2/repository/org/apache/zookeeper/zookeeper-jute/3.7.2/zookeeper-jute-3.7.2.jar:/home/runner/.m2/repository/org/apache/yetus/audience-annotations/0.12.0/audience-annotations-0.12.0.jar:/home/runner/.m2/repository/org/apache/curator/curator-framework/4.2.0/curator-framework-4.2.0.jar:/home/runner/.m2/repository/org/apache/hadoop/thirdparty/hadoop-shaded-guava/1.1.1/hadoop-shaded-guava-1.1.1.jar:/home/runner/.m2/repository/com/sun/jersey/jersey-core/1.19.4/jersey-core-1.19.4.jar:/home/runner/.m2/repository/javax/ws/rs/jsr311-api/1.1.1/jsr311-api-1.1.1.jar:/home/runner/.m2/repository/com/sun/jersey/jersey-server/1.19.4/jersey-server-1.19.4.jar:/home/runner/.m2/repository/javax/servlet/javax.servlet-api/3.1.0/javax.servlet-api-3.1.0.jar:/home/runner/.m2/repository/org/apache/hadoop/hadoop-common/3.3.6/hadoop-common-3.3.6.jar:/home/runner/.m2/repository/org/apache/commons/commons-math3/3.6.1/commons-math3-3.6.1.jar:/home/runner/.m2/repository/commons-net/commons-net/3.10.0/commons-net-3.10.0.jar:/home/runner/.m2/repository/com/sun/jersey/jersey-servlet/1.19.4/jersey-servlet-1.19.4.jar:/home/runner/.m2/repository/com/github/pjfanning/jersey-json/1.20/jersey-json-1.20.jar:/home/runner/.m2/repository/org/codehaus/jettison/jettison/1.1/jettison-1.1.jar:/home/runner/.m2/repository/com/sun/xml/bind/jaxb-impl/2.2.3-1/jaxb-impl-2.2.3-1.jar:/home/runner/.m2/repository/com/google/re2j/re2j/1.7/re2j-1.7.jar:/home/runner/.m2/repository/com/jcraft/jsch/0.1.54/jsch-0.1.54.jar:/home/runner/.m2/repository/org/apache/curator/curator-client/4.2.0/curator-client-4.2.0.jar:/home/runner/.m2/repository/org/apache/curator/curator-recipes/5.2.0/curator-recipes-5.2.0.jar:/home/runner/.m2/repository/org/apache/kerby/kerb-core/1.0.1/kerb-core-1.0.1.jar:/home/runner/.m2/repository/org/apache/kerby/kerby-pkix/1.0.1/kerby-pkix-1.0.1.jar:/home/runner/.m2/repository/org/apache/kerby/kerby-asn1/1.0.1/kerby-asn1-1.0.1.jar:/home/runner/.m2/repository/org/apache/kerby/kerby-util/1.0.1/kerby-util-1.0.1.jar:/home/runner/.m2/repository/dnsjava/dnsjava/2.1.7/dnsjava-2.1.7.jar:/home/runner/.m2/repository/org/xerial/snappy/snappy-java/1.1.8.2/snappy-java-1.1.8.2.jar:/home/runner/.m2/repository/com/fasterxml/jackson/core/jackson-databind/2.13.4.2/jackson-databind-2.13.4.2.jar:/home/runner/.m2/repository/org/apache/hadoop/hadoop-kms/3.3.6/hadoop-kms-3.3.6-tests.jar:/home/runner/.m2/repository/org/apache/ozone/hdds-server-scm/1.5.0-SNAPSHOT/hdds-server-scm-1.5.0-SNAPSHOT-tests.jar:/home/runner/.m2/repository/org/apache/ozone/hdds-container-service/1.5.0-SNAPSHOT/hdds-container-service-1.5.0-SNAPSHOT-tests.jar:/home/runner/.m2/repository/com/github/luben/zstd-jni/1.5.2-5/zstd-jni-1.5.2-5.jar:/home/runner/.m2/repository/commons-codec/commons-codec/1.15/commons-codec-1.15.jar:/home/runner/.m2/repository/io/netty/netty-codec/4.1.100.Final/netty-codec-4.1.100.Final.jar:/home/runner/.m2/repository/io/netty/netty-handler/4.1.100.Final/netty-handler-4.1.100.Final.jar:/home/runner/.m2/repository/org/apache/ozone/hdds-hadoop-dependency-test/1.5.0-SNAPSHOT/hdds-hadoop-dependency-test-1.5.0-SNAPSHOT.jar:/home/runner/.m2/repository/org/apache/hadoop/hadoop-common/3.3.6/hadoop-common-3.3.6-tests.jar:/home/runner/.m2/repository/org/apache/hadoop/hadoop-hdfs/3.3.6/hadoop-hdfs-3.3.6-tests.jar:/home/runner/.m2/repository/org/junit/jupiter/junit-jupiter-params/5.10.1/junit-jupiter-params-5.10.1.jar:/home/runner/.m2/repository/org/mockito/mockito-core/4.11.0/mockito-core-4.11.0.jar:/home/runner/.m2/repository/net/bytebuddy/byte-buddy/1.12.19/byte-buddy-1.12.19.jar:/home/runner/.m2/repository/net/bytebuddy/byte-buddy-agent/1.12.19/byte-buddy-agent-1.12.19.jar:/home/runner/.m2/repository/org/objenesis/objenesis/1.0/objenesis-1.0.jar:/home/runner/.m2/repository/org/mockito/mockito-junit-jupiter/4.11.0/mockito-junit-jupiter-4.11.0.jar:/home/runner/.m2/repository/org/apache/hadoop/hadoop-distcp/3.3.6/hadoop-distcp-3.3.6.jar:/home/runner/.m2/repository/org/apache/hadoop/hadoop-mapreduce-client-jobclient/3.3.6/hadoop-mapreduce-client-jobclient-3.3.6.jar:/home/runner/.m2/repository/org/apache/hadoop/hadoop-mapreduce-client-common/3.3.6/hadoop-mapreduce-client-common-3.3.6.jar:/home/runner/.m2/repository/org/apache/hadoop/hadoop-yarn-common/3.3.6/hadoop-yarn-common-3.3.6.jar:/home/runner/.m2/repository/org/apache/hadoop/hadoop-yarn-api/3.3.6/hadoop-yarn-api-3.3.6.jar:/home/runner/.m2/repository/javax/xml/bind/jaxb-api/2.2.11/jaxb-api-2.2.11.jar:/home/runner/.m2/repository/com/sun/jersey/contribs/jersey-guice/1.19.4/jersey-guice-1.19.4.jar:/home/runner/.m2/repository/com/fasterxml/jackson/jaxrs/jackson-jaxrs-json-provider/2.13.4/jackson-jaxrs-json-provider-2.13.4.jar:/home/runner/.m2/repository/com/fasterxml/jackson/jaxrs/jackson-jaxrs-base/2.13.4/jackson-jaxrs-base-2.13.4.jar:/home/runner/.m2/repository/org/apache/hadoop/hadoop-yarn-client/3.3.6/hadoop-yarn-client-3.3.6.jar:/home/runner/.m2/repository/org/eclipse/jetty/websocket/websocket-client/9.4.51.v20230217/websocket-client-9.4.51.v20230217.jar:/home/runner/.m2/repository/org/eclipse/jetty/websocket/websocket-common/9.4.51.v20230217/websocket-common-9.4.51.v20230217.jar:/home/runner/.m2/repository/org/eclipse/jetty/websocket/websocket-api/9.4.51.v20230217/websocket-api-9.4.51.v20230217.jar:/home/runner/.m2/repository/org/jline/jline/3.9.0/jline-3.9.0.jar:/home/runner/.m2/repository/org/apache/hadoop/hadoop-mapreduce-client-core/3.3.6/hadoop-mapreduce-client-core-3.3.6.jar:/home/runner/.m2/repository/org/apache/avro/avro/1.7.7/avro-1.7.7.jar:/home/runner/.m2/repository/com/thoughtworks/paranamer/paranamer/2.3/paranamer-2.3.jar:/home/runner/.m2/repository/org/apache/hadoop/hadoop-annotations/3.3.6/hadoop-annotations-3.3.6.jar:/usr/lib/jvm/temurin-8-jdk-amd64/jre/../lib/tools.jar:/home/runner/.m2/repository/io/netty/netty/3.10.6.Final/netty-3.10.6.Final.jar:/home/runner/.m2/repository/org/apache/hadoop/hadoop-distcp/3.3.6/hadoop-distcp-3.3.6-tests.jar:/home/runner/.m2/repository/org/hamcrest/hamcrest/2.2/hamcrest-2.2.jar:/home/runner/.m2/repository/org/slf4j/jul-to-slf4j/2.0.10/jul-to-slf4j-2.0.10.jar:/home/runner/work/ozone/ozone/hadoop-ozone/integration-test/target/gradle-enterprise/test-listeners.jar:"/>
    <property name="sun.cpu.endian" value="little"/>
    <property name="user.home" value="/home/runner"/>
    <property name="user.language" value="en"/>
    <property name="java.specification.vendor" value="Oracle Corporation"/>
    <property name="java.home" value="/usr/lib/jvm/temurin-8-jdk-amd64/jre"/>
    <property name="java.security.krb5.conf" value="/home/runner/work/ozone/ozone/hadoop-ozone/integration-test/target/test-classes/krb5.conf"/>
    <property name="file.separator" value="/"/>
    <property name="basedir" value="/home/runner/work/ozone/ozone/hadoop-ozone/integration-test"/>
    <property name="line.separator" value="&#10;"/>
    <property name="java.vm.specification.vendor" value="Oracle Corporation"/>
    <property name="java.specification.name" value="Java Platform API Specification"/>
    <property name="skip.installnpx" value="true"/>
    <property name="java.awt.graphicsenv" value="sun.awt.X11GraphicsEnvironment"/>
    <property name="surefire.fork.timeout" value="3600"/>
    <property name="surefire.real.class.path" value="/home/runner/work/ozone/ozone/hadoop-ozone/integration-test/target/surefire/surefirebooter5641323676335504689.jar:/home/runner/.m2/repository/org/jacoco/org.jacoco.agent/0.8.5/org.jacoco.agent-0.8.5-runtime.jar"/>
    <property name="sun.boot.class.path" value="/usr/lib/jvm/temurin-8-jdk-amd64/jre/lib/resources.jar:/usr/lib/jvm/temurin-8-jdk-amd64/jre/lib/rt.jar:/usr/lib/jvm/temurin-8-jdk-amd64/jre/lib/sunrsasign.jar:/usr/lib/jvm/temurin-8-jdk-amd64/jre/lib/jsse.jar:/usr/lib/jvm/temurin-8-jdk-amd64/jre/lib/jce.jar:/usr/lib/jvm/temurin-8-jdk-amd64/jre/lib/charsets.jar:/usr/lib/jvm/temurin-8-jdk-amd64/jre/lib/jfr.jar:/usr/lib/jvm/temurin-8-jdk-amd64/jre/classes"/>
    <property name="hadoop.log.dir" value="/home/runner/work/ozone/ozone/hadoop-ozone/integration-test/target/log"/>
    <property name="sun.management.compiler" value="HotSpot 64-Bit Tiered Compilers"/>
    <property name="java.runtime.version" value="1.8.0_402-b06"/>
    <property name="skip.npx" value="true"/>
    <property name="user.name" value="runner"/>
    <property name="java.net.preferIPv4Stack" value="true"/>
    <property name="path.separator" value=":"/>
    <property name="java.security.egd" value="file:///dev/urandom"/>
    <property name="os.version" value="5.15.0-1054-azure"/>
    <property name="java.endorsed.dirs" value="/usr/lib/jvm/temurin-8-jdk-amd64/jre/lib/endorsed"/>
    <property name="java.runtime.name" value="OpenJDK Runtime Environment"/>
    <property name="com.gradle.maven.scan.extension.test.listener.junitplatform.NestedExecutionSafeDelegatingTestExecutionListener" value="25cac220"/>
    <property name="file.encoding" value="UTF-8"/>
    <property name="java.vm.name" value="OpenJDK 64-Bit Server VM"/>
    <property name="test.build.webapps" value=""/>
    <property name="localRepository" value="/home/runner/.m2/repository"/>
    <property name="gradle.enterprise.listener.port" value="36879"/>
    <property name="jetty.git.hash" value="27bde00a0b95a1d5bbee0eae7984f891d2d0f8c9"/>
    <property name="java.vendor.url.bug" value="https://github.com/adoptium/adoptium-support/issues"/>
    <property name="require.test.libhadoop" value=""/>
    <property name="java.io.tmpdir" value="/tmp"/>
    <property name="java.version" value="1.8.0_402"/>
    <property name="surefire.rerunFailingTestsCount" value="5"/>
    <property name="user.dir" value="/home/runner/work/ozone/ozone/hadoop-ozone/integration-test"/>
    <property name="os.arch" value="amd64"/>
    <property name="test.build.classes" value="/home/runner/work/ozone/ozone/hadoop-ozone/integration-test/target/test-classes"/>
    <property name="java.vm.specification.name" value="Java Virtual Machine Specification"/>
    <property name="java.awt.printerjob" value="sun.print.PSPrinterJob"/>
    <property name="sun.os.patch.level" value="unknown"/>
    <property name="org.apache.ratis.thirdparty.io.netty.allocator.useCacheForAllThreads" value="false"/>
    <property name="hadoop.tmp.dir" value="/home/runner/work/ozone/ozone/hadoop-ozone/integration-test/target/tmp"/>
    <property name="java.library.path" value="/usr/java/packages/lib/amd64:/usr/lib64:/lib64:/lib:/usr/lib"/>
    <property name="java.vendor" value="Temurin"/>
    <property name="java.vm.info" value="mixed mode"/>
    <property name="java.vm.version" value="25.402-b06"/>
    <property name="java.specification.maintenance.version" value="5"/>
    <property name="sun.io.unicode.encoding" value="UnicodeLittle"/>
    <property name="java.ext.dirs" value="/usr/lib/jvm/temurin-8-jdk-amd64/jre/lib/ext:/usr/java/packages/lib/ext"/>
    <property name="java.class.version" value="52.0"/>
  </properties>
  <testcase name="testWatchForCommitWithKeyWrite" classname="org.apache.hadoop.ozone.client.rpc.TestWatchForCommit" time="41.27"/>
  <testcase name="testWatchForCommitForRetryfailure" classname="org.apache.hadoop.ozone.client.rpc.TestWatchForCommit" time="35.662">
    <flakyFailure type="java.lang.AssertionError">
      <stackTrace><![CDATA[java.lang.AssertionError: 

Expecting:
 <"org.apache.ratis.protocol.exceptions.RaftRetryFailureException: Failed RaftClientRequest:client-A65AB7E367F1->50f87e96-d653-4358-9a58-224b3bed4094@group-7424B0B947B6, cid=48, seq=null, Watch-MAJORITY_COMMITTED(15), null for 3 attempts with RequestTypeDependentRetryPolicy{WRITE->ExceptionDependentRetry(maxAttempts=2147483647; defaultPolicy=MultipleLinearRandomRetry[5x5s, 5x10s, 5x15s, 5x20s, 5x25s, 10x60s]; map={org.apache.ratis.protocol.exceptions.GroupMismatchException->NoRetry, org.apache.ratis.protocol.exceptions.NotReplicatedException->NoRetry, org.apache.ratis.protocol.exceptions.ResourceUnavailableException->org.apache.ratis.retry.ExponentialBackoffRetry@4e1fa562, org.apache.ratis.protocol.exceptions.StateMachineException->NoRetry, org.apache.ratis.protocol.exceptions.TimeoutIOException->org.apache.ratis.retry.ExponentialBackoffRetry@4e1fa562}), WATCH->ExceptionDependentRetry(maxAttempts=2147483647; defaultPolicy=MultipleLinearRandomRetry[5x5s, 5x10s, 5x15s, 5x20s, 5x25s, 10x60s]; map={org.apache.ratis.protocol.exceptions.GroupMismatchException->NoRetry, org.apache.ratis.protocol.exceptions.NotReplicatedException->NoRetry, org.apache.ratis.protocol.exceptions.ResourceUnavailableException->org.apache.ratis.retry.ExponentialBackoffRetry@4e1fa562, org.apache.ratis.protocol.exceptions.StateMachineException->NoRetry, org.apache.ratis.protocol.exceptions.TimeoutIOException->NoRetry})}">
not to contain:
 <"Watch-MAJORITY_COMMITTED">

	at org.apache.hadoop.ozone.client.rpc.TestWatchForCommit.testWatchForCommitForRetryfailure(TestWatchForCommit.java:295)
	at java.lang.reflect.Method.invoke(Method.java:498)
	at java.util.ArrayList.forEach(ArrayList.java:1259)
	at java.util.ArrayList.forEach(ArrayList.java:1259)
]]></stackTrace>
      <system-out><![CDATA[2024-02-09 18:33:58,371 [main] WARN  server.ServerUtils (ServerUtils.java:getScmDbDir(143)) - ozone.scm.db.dirs is not configured. We recommend adding this setting. Falling back to ozone.metadata.dirs instead.
2024-02-09 18:33:58,374 [main] WARN  server.ServerUtils (ServerUtils.java:getScmDbDir(143)) - ozone.scm.db.dirs is not configured. We recommend adding this setting. Falling back to ozone.metadata.dirs instead.
2024-02-09 18:33:58,375 [main] INFO  ha.SCMHANodeDetails (SCMHANodeDetails.java:loadSCMHAConfig(207)) - ServiceID for StorageContainerManager is null
2024-02-09 18:33:58,375 [main] INFO  ha.SCMHANodeDetails (SCMHANodeDetails.java:loadSCMHAConfig(212)) - ozone.scm.default.service.id is not defined, falling back to ozone.scm.service.ids to find serviceID for StorageContainerManager if it is HA enabled cluster
2024-02-09 18:33:58,376 [main] WARN  utils.HAUtils (HAUtils.java:getMetaDir(339)) - ozone.scm.db.dirs is not configured. We recommend adding this setting. Falling back to ozone.metadata.dirs instead.
2024-02-09 18:33:58,376 [main] WARN  db.DBStoreBuilder (DBStoreBuilder.java:applyDBDefinition(171)) - ozone.scm.db.dirs is not configured. We recommend adding this setting. Falling back to ozone.metadata.dirs instead.
2024-02-09 18:33:58,449 [main] INFO  net.NodeSchemaLoader (NodeSchemaLoader.java:loadSchemaFromFile(129)) - Loading schema from [jar:file:/home/runner/.m2/repository/org/apache/ozone/hdds-common/1.5.0-SNAPSHOT/hdds-common-1.5.0-SNAPSHOT.jar!/network-topology-default.xml]
2024-02-09 18:33:58,449 [main] INFO  net.NodeSchemaLoader (NodeSchemaLoader.java:loadSchema(176)) - Loading network topology layer schema file
2024-02-09 18:33:58,452 [main] INFO  upgrade.AbstractLayoutVersionManager (AbstractLayoutVersionManager.java:init(83)) - Initializing Layout version manager with metadata layout = HADOOP_PRC_PORTS_IN_DATANODEDETAILS (version = 7), software layout = HADOOP_PRC_PORTS_IN_DATANODEDETAILS (version = 7)
2024-02-09 18:33:58,454 [main] INFO  ha.SequenceIdGenerator (SequenceIdGenerator.java:upgradeToSequenceId(370)) - upgrade localId to 113750153625600000
2024-02-09 18:33:58,455 [main] INFO  ha.SequenceIdGenerator (SequenceIdGenerator.java:upgradeToSequenceId(380)) - upgrade delTxnId to 0
2024-02-09 18:33:58,456 [main] INFO  ha.SequenceIdGenerator (SequenceIdGenerator.java:upgradeToSequenceId(397)) - upgrade containerId to 0
2024-02-09 18:33:58,458 [main] INFO  ha.SequenceIdGenerator (SequenceIdGenerator.java:upgradeToCertificateSequenceId(444)) - upgrade CertificateId to 2
2024-02-09 18:33:58,458 [main] INFO  ha.SequenceIdGenerator (SequenceIdGenerator.java:<init>(241)) - Init the HA SequenceIdGenerator.
2024-02-09 18:33:58,459 [main] INFO  node.SCMNodeManager (SCMNodeManager.java:<init>(177)) - Entering startup safe mode.
2024-02-09 18:33:58,459 [main] INFO  algorithms.ContainerPlacementPolicyFactory (ContainerPlacementPolicyFactory.java:getPolicyInternal(86)) - Create container placement policy of type org.apache.hadoop.hdds.scm.container.placement.algorithms.SCMContainerPlacementRackAware
2024-02-09 18:33:58,459 [main] INFO  algorithms.ContainerPlacementPolicyFactory (ContainerPlacementPolicyFactory.java:getPolicyInternal(86)) - Create container placement policy of type org.apache.hadoop.hdds.scm.container.placement.algorithms.SCMContainerPlacementRackScatter
2024-02-09 18:33:58,460 [main] INFO  pipeline.PipelineStateManagerImpl (PipelineStateManagerImpl.java:initialize(78)) - No pipeline exists in current db
2024-02-09 18:33:58,460 [main] INFO  algorithms.LeaderChoosePolicyFactory (LeaderChoosePolicyFactory.java:getPolicy(57)) - Create leader choose policy of type org.apache.hadoop.hdds.scm.pipeline.leader.choose.algorithms.MinLeaderCountChoosePolicy
2024-02-09 18:33:58,460 [main] INFO  algorithms.ContainerPlacementPolicyFactory (ContainerPlacementPolicyFactory.java:getPolicyInternal(86)) - Create container placement policy of type org.apache.hadoop.hdds.scm.container.placement.algorithms.SCMContainerPlacementRackScatter
2024-02-09 18:33:58,460 [main] INFO  ha.SCMServiceManager (SCMServiceManager.java:register(42)) - Registering service BackgroundPipelineCreator.
2024-02-09 18:33:58,461 [main] INFO  pipeline.BackgroundPipelineCreator (BackgroundPipelineCreator.java:start(127)) - Starting RatisPipelineUtilsThread.
2024-02-09 18:33:58,461 [main] INFO  BackgroundPipelineScrubber (BackgroundSCMService.java:start(65)) - Starting BackgroundPipelineScrubber Service.
2024-02-09 18:33:58,461 [main] INFO  ha.SCMServiceManager (SCMServiceManager.java:register(42)) - Registering service BackgroundPipelineScrubber.
2024-02-09 18:33:58,462 [main] INFO  ExpiredContainerReplicaOpScrubber (BackgroundSCMService.java:start(65)) - Starting ExpiredContainerReplicaOpScrubber Service.
2024-02-09 18:33:58,462 [main] INFO  ha.SCMServiceManager (SCMServiceManager.java:register(42)) - Registering service ExpiredContainerReplicaOpScrubber.
2024-02-09 18:33:58,463 [main] INFO  algorithms.PipelineChoosePolicyFactory (PipelineChoosePolicyFactory.java:createPipelineChoosePolicyFromClass(80)) - Create pipeline choose policy of type org.apache.hadoop.hdds.scm.pipeline.choose.algorithms.RandomPipelineChoosePolicy
2024-02-09 18:33:58,463 [main] INFO  algorithms.PipelineChoosePolicyFactory (PipelineChoosePolicyFactory.java:createPipelineChoosePolicyFromClass(80)) - Create pipeline choose policy of type org.apache.hadoop.hdds.scm.pipeline.choose.algorithms.RandomPipelineChoosePolicy
2024-02-09 18:33:58,465 [main] INFO  ha.SCMServiceManager (SCMServiceManager.java:register(42)) - Registering service SCMBlockDeletingService.
2024-02-09 18:33:58,466 [main] INFO  replication.ReplicationManager (ReplicationManager.java:start(295)) - Starting Replication Monitor Thread.
2024-02-09 18:33:58,476 [ReplicationMonitor] INFO  replication.ReplicationManager (ReplicationManager.java:processAll(370)) - Replication Manager is not ready to run until 3000ms after safemode exit
2024-02-09 18:33:58,476 [main] INFO  ha.SCMServiceManager (SCMServiceManager.java:register(42)) - Registering service ReplicationManager.
2024-02-09 18:33:58,477 [main] INFO  safemode.ContainerSafeModeRule (ContainerSafeModeRule.java:<init>(91)) - containers with one replica threshold count 0
2024-02-09 18:33:58,477 [main] INFO  safemode.HealthyPipelineSafeModeRule (HealthyPipelineSafeModeRule.java:initializeRule(176)) - Total pipeline count is 0, healthy pipeline threshold count is 1
2024-02-09 18:33:58,477 [main] INFO  safemode.OneReplicaPipelineSafeModeRule (OneReplicaPipelineSafeModeRule.java:initializeRule(193)) - Total pipeline count is 0, pipeline's with at least one datanode reported threshold count is 0
2024-02-09 18:33:58,478 [main] INFO  server.StorageContainerManager (StorageContainerManager.java:<init>(440)) - SCM start with adminUsers: [runner]
2024-02-09 18:33:58,478 [main] INFO  ipc.CallQueueManager (CallQueueManager.java:<init>(90)) - Using callQueue: class java.util.concurrent.LinkedBlockingQueue, queueCapacity: 10000, scheduler: class org.apache.hadoop.ipc.DefaultRpcScheduler, ipcBackoff: false.
2024-02-09 18:33:58,479 [main] INFO  ipc.Server (Server.java:<init>(1287)) - Listener at 0.0.0.0:15091
2024-02-09 18:33:58,479 [Socket Reader #1 for port 15091] INFO  ipc.Server (Server.java:run(1323)) - Starting Socket Reader #1 for port 15091
2024-02-09 18:33:58,485 [main] INFO  ipc.CallQueueManager (CallQueueManager.java:<init>(90)) - Using callQueue: class java.util.concurrent.LinkedBlockingQueue, queueCapacity: 10000, scheduler: class org.apache.hadoop.ipc.DefaultRpcScheduler, ipcBackoff: false.
2024-02-09 18:33:58,485 [main] INFO  ipc.Server (Server.java:<init>(1287)) - Listener at 0.0.0.0:15090
2024-02-09 18:33:58,486 [Socket Reader #1 for port 15090] INFO  ipc.Server (Server.java:run(1323)) - Starting Socket Reader #1 for port 15090
2024-02-09 18:33:58,487 [main] INFO  ipc.CallQueueManager (CallQueueManager.java:<init>(90)) - Using callQueue: class java.util.concurrent.LinkedBlockingQueue, queueCapacity: 10000, scheduler: class org.apache.hadoop.ipc.DefaultRpcScheduler, ipcBackoff: false.
2024-02-09 18:33:58,487 [main] INFO  ipc.Server (Server.java:<init>(1287)) - Listener at 0.0.0.0:15089
2024-02-09 18:33:58,488 [Socket Reader #1 for port 15089] INFO  ipc.Server (Server.java:run(1323)) - Starting Socket Reader #1 for port 15089
2024-02-09 18:33:58,491 [main] INFO  ha.SCMServiceManager (SCMServiceManager.java:register(42)) - Registering service ContainerBalancer.
2024-02-09 18:33:58,491 [main] INFO  ha.SCMContext (SCMContext.java:updateSafeModeStatus(225)) - Update SafeModeStatus from SafeModeStatus{safeModeStatus=true, preCheckPassed=false} to SafeModeStatus{safeModeStatus=true, preCheckPassed=false}.
2024-02-09 18:33:58,491 [main] INFO  server.StorageContainerManager (StorageContainerManager.java:start(1545)) - StorageContainerLocationProtocol RPC server is listening at /0.0.0.0:15089
2024-02-09 18:33:58,493 [main] WARN  impl.MetricsConfig (MetricsConfig.java:loadFirst(136)) - Cannot locate configuration: tried hadoop-metrics2-storagecontainermanager.properties,hadoop-metrics2.properties
2024-02-09 18:33:58,494 [main] INFO  impl.MetricsSystemImpl (MetricsSystemImpl.java:startTimer(378)) - Scheduled Metric snapshot period at 10 second(s).
2024-02-09 18:33:58,494 [main] INFO  impl.MetricsSystemImpl (MetricsSystemImpl.java:start(191)) - StorageContainerManager metrics system started
2024-02-09 18:33:58,503 [main] INFO  impl.MetricsSinkAdapter (MetricsSinkAdapter.java:start(204)) - Sink prometheus started
2024-02-09 18:33:58,503 [main] INFO  impl.MetricsSystemImpl (MetricsSystemImpl.java:registerSink(305)) - Registered sink prometheus
2024-02-09 18:33:58,539 [main] INFO  server.SCMClientProtocolServer (SCMClientProtocolServer.java:start(203)) - RPC server for Client  is listening at /0.0.0.0:15089
2024-02-09 18:33:58,540 [IPC Server Responder] INFO  ipc.Server (Server.java:run(1562)) - IPC Server Responder: starting
2024-02-09 18:33:58,546 [IPC Server listener on 15089] INFO  ipc.Server (Server.java:run(1402)) - IPC Server listener on 15089: starting
2024-02-09 18:33:58,581 [main] INFO  server.StorageContainerManager (StorageContainerManager.java:start(1558)) - ScmBlockLocationProtocol RPC server is listening at /0.0.0.0:15090
2024-02-09 18:33:58,582 [main] INFO  server.SCMBlockProtocolServer (SCMBlockProtocolServer.java:start(160)) - RPC server for Block Protocol is listening at /0.0.0.0:15090
2024-02-09 18:33:58,582 [IPC Server Responder] INFO  ipc.Server (Server.java:run(1562)) - IPC Server Responder: starting
2024-02-09 18:33:58,582 [IPC Server listener on 15090] INFO  ipc.Server (Server.java:run(1402)) - IPC Server listener on 15090: starting
2024-02-09 18:33:58,593 [main] INFO  server.SCMDatanodeProtocolServer (SCMDatanodeProtocolServer.java:start(194)) - ScmDatanodeProtocol RPC server for DataNodes is listening at /0.0.0.0:15091
2024-02-09 18:33:58,594 [IPC Server Responder] INFO  ipc.Server (Server.java:run(1562)) - IPC Server Responder: starting
2024-02-09 18:33:58,596 [IPC Server listener on 15091] INFO  ipc.Server (Server.java:run(1402)) - IPC Server listener on 15091: starting
2024-02-09 18:33:58,603 [JvmPauseMonitor11] INFO  util.JvmPauseMonitor (JvmPauseMonitor.java:run(146)) - JvmPauseMonitor-1e2b28d1-84bf-4369-9573-6eae4cc481a5: Started
2024-02-09 18:33:58,604 [main] INFO  http.BaseHttpServer (BaseHttpServer.java:newHttpServer2BuilderForOzone(223)) - Starting Web-server for scm at: http://0.0.0.0:15092
2024-02-09 18:33:58,604 [main] INFO  http.BaseHttpServer (BaseHttpServer.java:<init>(110)) - Hadoop Security Enabled: false Ozone Security Enabled: false Ozone HTTP Security Enabled: false 
2024-02-09 18:33:58,605 [main] WARN  server.AuthenticationFilter (AuthenticationFilter.java:constructSecretProvider(240)) - Unable to initialize FileSignerSecretProvider, falling back to use random secrets. Reason: Could not read signature secret file: /home/runner/hadoop-http-auth-signature-secret
2024-02-09 18:33:58,606 [main] INFO  http.HttpRequestLog (HttpRequestLog.java:getRequestLog(86)) - Http request log for http.requests.scm is not defined
2024-02-09 18:33:58,607 [main] INFO  http.HttpServer2 (HttpServer2.java:addGlobalFilter(1036)) - Added global filter 'safety' (class=org.apache.hadoop.hdds.server.http.HttpServer2$QuotingInputFilter)
2024-02-09 18:33:58,608 [main] INFO  http.HttpServer2 (HttpServer2.java:addFilter(1012)) - Added filter static_user_filter (class=org.apache.hadoop.http.lib.StaticUserWebFilter$StaticUserFilter) to context scm
2024-02-09 18:33:58,608 [main] INFO  http.HttpServer2 (HttpServer2.java:addFilter(1020)) - Added filter static_user_filter (class=org.apache.hadoop.http.lib.StaticUserWebFilter$StaticUserFilter) to context static
2024-02-09 18:33:58,608 [main] INFO  http.HttpServer2 (HttpServer2.java:addFilter(1020)) - Added filter static_user_filter (class=org.apache.hadoop.http.lib.StaticUserWebFilter$StaticUserFilter) to context logs
2024-02-09 18:33:58,609 [main] INFO  http.BaseHttpServer (BaseHttpServer.java:<init>(189)) - HTTP server of scm uses base directory /home/runner/work/ozone/ozone/hadoop-ozone/integration-test/target/test-dir/MiniOzoneClusterImpl-2e7e0147-493e-4f7b-8772-843c2731e345/ozone-meta/webserver
2024-02-09 18:33:58,609 [main] INFO  http.HttpServer2 (HttpServer2.java:bindListener(1236)) - Jetty bound to port 15092
2024-02-09 18:33:58,609 [main] INFO  server.Server (Server.java:doStart(375)) - jetty-9.4.53.v20231009; built: 2023-10-09T12:29:09.265Z; git: 27bde00a0b95a1d5bbee0eae7984f891d2d0f8c9; jvm 1.8.0_402-b06
2024-02-09 18:33:58,615 [main] INFO  server.session (DefaultSessionIdManager.java:doStart(334)) - DefaultSessionIdManager workerName=node0
2024-02-09 18:33:58,615 [main] INFO  server.session (DefaultSessionIdManager.java:doStart(339)) - No SessionScavenger set, using defaults
2024-02-09 18:33:58,616 [main] INFO  server.session (HouseKeeper.java:startScavenging(132)) - node0 Scavenging every 660000ms
2024-02-09 18:33:58,616 [main] INFO  handler.ContextHandler (ContextHandler.java:doStart(921)) - Started o.e.j.s.ServletContextHandler@bd25d7e{logs,/logs,file:///home/runner/work/ozone/ozone/hadoop-ozone/integration-test/target/log,AVAILABLE}
2024-02-09 18:33:58,617 [main] INFO  handler.ContextHandler (ContextHandler.java:doStart(921)) - Started o.e.j.s.ServletContextHandler@7d254adc{static,/static,file:///home/runner/work/ozone/ozone/hadoop-ozone/integration-test/target/test-classes/webapps/static,AVAILABLE}
2024-02-09 18:33:58,620 [main] INFO  handler.ContextHandler (ContextHandler.java:doStart(921)) - Started o.e.j.w.WebAppContext@232d7256{scm,/,file:///home/runner/work/ozone/ozone/hadoop-ozone/integration-test/target/test-classes/webapps/scm/,AVAILABLE}{file:/home/runner/work/ozone/ozone/hadoop-ozone/integration-test/target/test-classes/webapps/scm}
2024-02-09 18:33:58,622 [main] INFO  server.AbstractConnector (AbstractConnector.java:doStart(333)) - Started ServerConnector@348ef4c0{HTTP/1.1, (http/1.1)}{0.0.0.0:15092}
2024-02-09 18:33:58,622 [main] INFO  server.Server (Server.java:doStart(415)) - Started @42416ms
2024-02-09 18:33:58,622 [main] WARN  impl.MetricsSystemImpl (MetricsSystemImpl.java:register(279)) - Sink prometheus already exists!
2024-02-09 18:33:58,623 [main] INFO  http.BaseHttpServer (BaseHttpServer.java:updateConnectorAddress(354)) - HTTP server of scm listening at http://0.0.0.0:15092
2024-02-09 18:33:58,623 [main] WARN  server.ServerUtils (ServerUtils.java:getDBPath(299)) - ozone.om.db.dirs is not configured. We recommend adding this setting. Falling back to ozone.metadata.dirs instead.
2024-02-09 18:33:58,624 [main] INFO  ha.OMHANodeDetails (OMHANodeDetails.java:loadOMHAConfig(115)) - ozone.om.internal.service.id is not defined, falling back to ozone.om.service.ids to find serviceID for OzoneManager if it is HA enabled cluster
2024-02-09 18:33:58,625 [main] INFO  ha.OMHANodeDetails (OMHANodeDetails.java:loadOMHAConfig(226)) - Configuration does not have ozone.om.address set. Falling back to the default OM address /127.0.0.1:15093
2024-02-09 18:33:58,625 [main] INFO  ha.OMHANodeDetails (OMHANodeDetails.java:getOMNodeDetailsForNonHA(254)) - OM Service ID is not set. Setting it to the default ID: omServiceIdDefault
2024-02-09 18:33:58,625 [main] INFO  ha.OMHANodeDetails (OMHANodeDetails.java:getOMNodeDetailsForNonHA(261)) - OM Node ID is not set. Setting it to the default ID: om1
2024-02-09 18:33:58,625 [main] WARN  server.ServerUtils (ServerUtils.java:getDBPath(299)) - ozone.om.db.dirs is not configured. We recommend adding this setting. Falling back to ozone.metadata.dirs instead.
2024-02-09 18:33:58,626 [main] INFO  upgrade.AbstractLayoutVersionManager (AbstractLayoutVersionManager.java:init(83)) - Initializing Layout version manager with metadata layout = QUOTA (version = 6), software layout = QUOTA (version = 6)
2024-02-09 18:33:58,674 [main] INFO  upgrade.OMLayoutVersionManager (OMLayoutVersionManager.java:lambda$0(113)) - Skipping Upgrade Action MockOmUpgradeAction since it has been finalized.
2024-02-09 18:33:58,675 [main] INFO  upgrade.OMLayoutVersionManager (OMLayoutVersionManager.java:lambda$0(113)) - Skipping Upgrade Action QuotaRepairUpgradeAction since it has been finalized.
2024-02-09 18:33:58,675 [main] WARN  server.ServerUtils (ServerUtils.java:getDBPath(299)) - ozone.om.db.dirs is not configured. We recommend adding this setting. Falling back to ozone.metadata.dirs instead.
2024-02-09 18:33:58,676 [main] INFO  proxy.SCMBlockLocationFailoverProxyProvider (SCMBlockLocationFailoverProxyProvider.java:<init>(115)) - Created block location fail-over proxy with 1 nodes: [nodeId=scmNodeId,nodeAddress=/0.0.0.0:15090]
2024-02-09 18:33:58,677 [main] INFO  proxy.SCMBlockLocationFailoverProxyProvider (SCMBlockLocationFailoverProxyProvider.java:<init>(115)) - Created block location fail-over proxy with 1 nodes: [nodeId=scmNodeId,nodeAddress=/0.0.0.0:15090]
2024-02-09 18:33:58,684 [main] INFO  om.OzoneManager (OzoneManager.java:<init>(673)) - OM start with adminUsers: [runner]
2024-02-09 18:33:58,685 [main] WARN  server.ServerUtils (ServerUtils.java:getDBPath(299)) - ozone.om.db.dirs is not configured. We recommend adding this setting. Falling back to ozone.metadata.dirs instead.
2024-02-09 18:33:58,685 [main] INFO  helpers.OmKeyInfo (OmKeyInfo.java:getCodec(71)) - OmKeyInfo.getCodec ignorePipeline = true
2024-02-09 18:33:58,835 [main] INFO  om.OzoneManager (OzoneManager.java:instantiateServices(805)) - S3 Multi-Tenancy is disabled
2024-02-09 18:33:58,835 [main] INFO  om.OmSnapshotManager (OmSnapshotManager.java:<init>(176)) - Ozone filesystem snapshot feature is enabled.
2024-02-09 18:33:58,836 [main] WARN  server.ServerUtils (ServerUtils.java:getDBPath(299)) - ozone.om.snapshot.diff.db.dir is not configured. We recommend adding this setting. Falling back to ozone.metadata.dirs instead.
2024-02-09 18:33:58,851 [main] INFO  utils.NativeLibraryLoader (NativeLibraryLoader.java:loadLibrary(108)) - Loading Library: ozone_rocksdb_tools
2024-02-09 18:33:58,852 [main] INFO  snapshot.SnapshotDiffManager (SnapshotDiffManager.java:closeExecutorService(1688)) - Shutting down executorService: 'SstDumpToolExecutor'
2024-02-09 18:33:58,854 [main] INFO  om.OzoneManager (OzoneManager.java:addS3GVolumeToDB(4429)) - Created Volume s3v With Owner runner required for S3Gateway operations.
2024-02-09 18:33:58,854 [main] WARN  server.ServerUtils (ServerUtils.java:getDefaultRatisDirectory(311)) - Storage directory for Ratis is not configured. It is a good idea to map this to an SSD disk. Falling back to ozone.metadata.dirs
2024-02-09 18:33:58,854 [main] WARN  utils.OzoneManagerRatisUtils (OzoneManagerRatisUtils.java:getOMRatisSnapshotDirectory(473)) - ozone.om.ratis.snapshot.dir is not configured. Falling back to ozone.metadata.dirs config
2024-02-09 18:33:58,855 [main] WARN  server.ServerUtils (ServerUtils.java:getDefaultRatisDirectory(311)) - Storage directory for Ratis is not configured. It is a good idea to map this to an SSD disk. Falling back to ozone.metadata.dirs
2024-02-09 18:33:58,856 [main] INFO  ratis.OzoneManagerRatisServer (OzoneManagerRatisServer.java:<init>(167)) - Instantiating OM Ratis server with groupID: omServiceIdDefault and peers: localhost:15096
2024-02-09 18:33:58,857 [main] INFO  ratis.OzoneManagerStateMachine (OzoneManagerStateMachine.java:loadSnapshotInfoFromDB(576)) - TransactionInfo not found in OM DB.
2024-02-09 18:33:58,857 [main] INFO  server.RaftServer (ConfUtils.java:logGet(46)) - raft.rpc.type = GRPC (default)
2024-02-09 18:33:58,857 [main] INFO  grpc.GrpcConfigKeys (ConfUtils.java:logFallback(53)) - raft.grpc.admin.host = null (fallback to raft.grpc.server.host)
2024-02-09 18:33:58,857 [main] INFO  grpc.GrpcConfigKeys (ConfUtils.java:logFallback(53)) - raft.grpc.admin.port = 15096 (fallback to raft.grpc.server.port)
2024-02-09 18:33:58,858 [main] INFO  grpc.GrpcConfigKeys (ConfUtils.java:logFallback(53)) - raft.grpc.client.host = null (fallback to raft.grpc.server.host)
2024-02-09 18:33:58,858 [main] INFO  grpc.GrpcConfigKeys (ConfUtils.java:logFallback(53)) - raft.grpc.client.port = 15096 (fallback to raft.grpc.server.port)
2024-02-09 18:33:58,858 [main] INFO  grpc.GrpcConfigKeys (ConfUtils.java:logGet(46)) - raft.grpc.server.host = null (default)
2024-02-09 18:33:58,858 [main] INFO  grpc.GrpcConfigKeys (ConfUtils.java:logGet(46)) - raft.grpc.server.port = 15096 (custom)
2024-02-09 18:33:58,858 [main] INFO  server.GrpcService (ConfUtils.java:logGet(46)) - raft.grpc.message.size.max = 4194304 (custom)
2024-02-09 18:33:58,859 [main] INFO  server.RaftServerConfigKeys (ConfUtils.java:logGet(46)) - raft.server.log.appender.buffer.byte-limit = 4194304 (custom)
2024-02-09 18:33:58,859 [main] INFO  server.GrpcService (ConfUtils.java:logGet(46)) - raft.grpc.flow.control.window = 1MB (=1048576) (default)
2024-02-09 18:33:58,859 [main] INFO  server.RaftServerConfigKeys (ConfUtils.java:logGet(46)) - raft.server.rpc.request.timeout = 3000ms (default)
2024-02-09 18:33:58,859 [main] INFO  grpc.GrpcConfigKeys (ConfUtils.java:logGet(46)) - raft.grpc.server.heartbeat.channel = true (default)
2024-02-09 18:33:58,859 [main] INFO  grpc.GrpcConfigKeys (ConfUtils.java:logGet(46)) - raft.grpc.server.async.request.thread.pool.cached = true (default)
2024-02-09 18:33:58,859 [main] INFO  grpc.GrpcConfigKeys (ConfUtils.java:logGet(46)) - raft.grpc.server.async.request.thread.pool.size = 32 (default)
2024-02-09 18:33:58,861 [main] INFO  impl.DataStreamServerImpl (ConfUtils.java:logGet(46)) - raft.datastream.type = DISABLED (default)
2024-02-09 18:33:58,861 [main] INFO  server.RaftServerConfigKeys (ConfUtils.java:logGet(46)) - raft.server.sleep.deviation.threshold = 300ms (default)
2024-02-09 18:33:58,861 [main] INFO  server.RaftServerConfigKeys (ConfUtils.java:logGet(46)) - raft.server.close.threshold = 60s (default)
2024-02-09 18:33:58,861 [main] INFO  server.RaftServerConfigKeys (ConfUtils.java:logGet(46)) - raft.server.leaderelection.leader.step-down.wait-time = 10s (default)
2024-02-09 18:33:58,862 [main] INFO  server.RaftServerConfigKeys (ConfUtils.java:logGet(46)) - raft.server.storage.dir = [/home/runner/work/ozone/ozone/hadoop-ozone/integration-test/target/test-dir/MiniOzoneClusterImpl-2e7e0147-493e-4f7b-8772-843c2731e345/ozone-meta/ratis] (custom)
2024-02-09 18:33:58,862 [main] INFO  server.RaftServerConfigKeys (ConfUtils.java:logGet(46)) - raft.server.threadpool.proxy.cached = true (default)
2024-02-09 18:33:58,862 [main] INFO  server.RaftServerConfigKeys (ConfUtils.java:logGet(46)) - raft.server.threadpool.proxy.size = 0 (default)
2024-02-09 18:33:58,863 [main] INFO  server.RaftServer (RaftServerProxy.java:addNew(100)) - om1: addNew group-C5BA1605619E:[om1|localhost:15096] returns group-C5BA1605619E:java.util.concurrent.CompletableFuture@3de9577d[Not completed]
2024-02-09 18:33:58,863 [om1-groupManagement] INFO  server.RaftServer$Division (RaftServerImpl.java:<init>(256)) - om1: new RaftServerImpl for group-C5BA1605619E:[om1|localhost:15096] with OzoneManagerStateMachine:uninitialized
2024-02-09 18:33:58,863 [om1-groupManagement] INFO  server.RaftServerConfigKeys (ConfUtils.java:logGet(46)) - raft.server.rpc.timeout.min = 1s (custom)
2024-02-09 18:33:58,863 [om1-groupManagement] INFO  server.RaftServerConfigKeys (ConfUtils.java:logGet(46)) - raft.server.rpc.timeout.max = 1200ms (custom)
2024-02-09 18:33:58,863 [om1-groupManagement] INFO  server.RaftServerConfigKeys (ConfUtils.java:logGet(46)) - raft.server.rpc.sleep.time = 25ms (default)
2024-02-09 18:33:58,863 [om1-groupManagement] INFO  server.RaftServerConfigKeys (ConfUtils.java:logGet(46)) - raft.server.rpc.slowness.timeout = 120s (custom)
2024-02-09 18:33:58,863 [om1-groupManagement] INFO  server.RaftServerConfigKeys (ConfUtils.java:logGet(46)) - raft.server.leaderelection.leader.step-down.wait-time = 10s (default)
2024-02-09 18:33:58,864 [om1-groupManagement] INFO  server.RaftServerConfigKeys (ConfUtils.java:logGet(46)) - raft.server.leaderelection.member.majority-add = false (default)
2024-02-09 18:33:58,864 [om1-groupManagement] INFO  server.RaftServerConfigKeys (ConfUtils.java:logGet(46)) - raft.server.sleep.deviation.threshold = 300ms (default)
2024-02-09 18:33:58,864 [om1-groupManagement] INFO  server.RaftServer$Division (ServerState.java:<init>(113)) - om1@group-C5BA1605619E: ConfigurationManager, init=-1: peers:[om1|localhost:15096]|listeners:[], old=null, confs=<EMPTY_MAP>
2024-02-09 18:33:58,864 [om1-groupManagement] INFO  server.RaftServerConfigKeys (ConfUtils.java:logGet(46)) - raft.server.notification.no-leader.timeout = 120s (custom)
2024-02-09 18:33:58,864 [om1-groupManagement] INFO  server.RaftServerConfigKeys (ConfUtils.java:logGet(46)) - raft.server.read.timeout = 10s (default)
2024-02-09 18:33:58,864 [om1-groupManagement] INFO  server.RaftServerConfigKeys (ConfUtils.java:logGet(46)) - raft.server.retrycache.expirytime = 300s (custom)
2024-02-09 18:33:58,864 [om1-groupManagement] INFO  server.RaftServerConfigKeys (ConfUtils.java:logGet(46)) - raft.server.retrycache.statistics.expirytime = 100ms (default)
2024-02-09 18:33:58,864 [om1-groupManagement] INFO  server.RaftServerConfigKeys (ConfUtils.java:logGet(46)) - raft.server.read.option = DEFAULT (default)
2024-02-09 18:33:58,864 [om1-groupManagement] INFO  server.RaftServerConfigKeys (ConfUtils.java:logGet(46)) - raft.server.read.read-after-write-consistent.write-index-cache.expiry-time = 60s (default)
2024-02-09 18:33:58,863 [main] INFO  om.OzoneManager (OzoneManager.java:initializeRatisServer(2141)) - OzoneManager Ratis server initialized at port 15096
2024-02-09 18:33:58,865 [main] INFO  om.OzoneManager (OzoneManager.java:getRpcServer(1207)) - Creating RPC Server
2024-02-09 18:33:58,865 [om1-groupManagement] INFO  server.RaftServerConfigKeys (ConfUtils.java:logGet(46)) - raft.server.rpc.request.timeout = 3000ms (default)
2024-02-09 18:33:58,865 [om1-groupManagement] INFO  server.RaftServerConfigKeys (ConfUtils.java:logGet(46)) - raft.server.log.appender.install.snapshot.enabled = false (custom)
2024-02-09 18:33:58,865 [om1-groupManagement] INFO  server.RaftServerConfigKeys (ConfUtils.java:logGet(46)) - raft.server.threadpool.server.cached = true (default)
2024-02-09 18:33:58,865 [om1-groupManagement] INFO  server.RaftServerConfigKeys (ConfUtils.java:logGet(46)) - raft.server.threadpool.server.size = 0 (default)
2024-02-09 18:33:58,865 [om1-groupManagement] INFO  server.RaftServerConfigKeys (ConfUtils.java:logGet(46)) - raft.server.threadpool.client.cached = true (default)
2024-02-09 18:33:58,866 [om1-groupManagement] INFO  server.RaftServerConfigKeys (ConfUtils.java:logGet(46)) - raft.server.threadpool.client.size = 0 (default)
2024-02-09 18:33:59,128 [main] INFO  ipc.CallQueueManager (CallQueueManager.java:<init>(90)) - Using callQueue: class java.util.concurrent.LinkedBlockingQueue, queueCapacity: 2000, scheduler: class org.apache.hadoop.ipc.DefaultRpcScheduler, ipcBackoff: false.
2024-02-09 18:33:59,129 [main] INFO  ipc.Server (Server.java:<init>(1287)) - Listener at 127.0.0.1:15093
2024-02-09 18:33:59,129 [Socket Reader #1 for port 15093] INFO  ipc.Server (Server.java:run(1323)) - Starting Socket Reader #1 for port 15093
2024-02-09 18:33:59,145 [main] INFO  impl.MetricsSystemImpl (MetricsSystemImpl.java:init(158)) - OzoneManager metrics system started (again)
2024-02-09 18:33:59,152 [main] INFO  om.OzoneManager (OzoneManager.java:start(1629)) - OzoneManager RPC server is listening at localhost/127.0.0.1:15093
2024-02-09 18:33:59,152 [main] INFO  ratis.OzoneManagerRatisServer (OzoneManagerRatisServer.java:start(588)) - Starting OzoneManagerRatisServer om1 at port 15096
2024-02-09 18:33:59,153 [om1-impl-thread1] INFO  server.RaftServerConfigKeys (ConfUtils.java:logGet(46)) - raft.server.storage.free-space.min = 0MB (=0) (default)
2024-02-09 18:33:59,153 [om1-impl-thread1] INFO  server.RaftServerConfigKeys (ConfUtils.java:logGet(46)) - raft.server.log.corruption.policy = EXCEPTION (default)
2024-02-09 18:33:59,153 [om1-impl-thread1] INFO  server.RaftServerConfigKeys (ConfUtils.java:logGet(46)) - raft.server.storage.dir = [/home/runner/work/ozone/ozone/hadoop-ozone/integration-test/target/test-dir/MiniOzoneClusterImpl-2e7e0147-493e-4f7b-8772-843c2731e345/ozone-meta/ratis] (custom)
2024-02-09 18:33:59,153 [om1-impl-thread1] INFO  storage.RaftStorageDirectory (RaftStorageDirectoryImpl.java:analyzeStorage(138)) - The storage directory /home/runner/work/ozone/ozone/hadoop-ozone/integration-test/target/test-dir/MiniOzoneClusterImpl-2e7e0147-493e-4f7b-8772-843c2731e345/ozone-meta/ratis/bf265839-605b-3f16-9796-c5ba1605619e does not exist. Creating ...
2024-02-09 18:33:59,154 [om1-impl-thread1] INFO  storage.RaftStorageDirectory (RaftStorageDirectoryImpl.java:tryLock(228)) - Lock on /home/runner/work/ozone/ozone/hadoop-ozone/integration-test/target/test-dir/MiniOzoneClusterImpl-2e7e0147-493e-4f7b-8772-843c2731e345/ozone-meta/ratis/bf265839-605b-3f16-9796-c5ba1605619e/in_use.lock acquired by nodename 37674@fv-az1241-572
2024-02-09 18:33:59,155 [om1-impl-thread1] INFO  storage.RaftStorage (RaftStorageImpl.java:format(99)) - Storage directory /home/runner/work/ozone/ozone/hadoop-ozone/integration-test/target/test-dir/MiniOzoneClusterImpl-2e7e0147-493e-4f7b-8772-843c2731e345/ozone-meta/ratis/bf265839-605b-3f16-9796-c5ba1605619e has been successfully formatted.
2024-02-09 18:33:59,155 [om1-impl-thread1] WARN  util.FileUtils (LogUtils.java:supplyAndLog(63)) - Failed to Files.newInputStream /home/runner/work/ozone/ozone/hadoop-ozone/integration-test/target/test-dir/MiniOzoneClusterImpl-2e7e0147-493e-4f7b-8772-843c2731e345/ozone-meta/ratis/bf265839-605b-3f16-9796-c5ba1605619e/current/raft-meta.conf with options []: java.nio.file.NoSuchFileException: /home/runner/work/ozone/ozone/hadoop-ozone/integration-test/target/test-dir/MiniOzoneClusterImpl-2e7e0147-493e-4f7b-8772-843c2731e345/ozone-meta/ratis/bf265839-605b-3f16-9796-c5ba1605619e/current/raft-meta.conf
2024-02-09 18:33:59,156 [om1-impl-thread1] INFO  server.RaftServerConfigKeys (ConfUtils.java:logGet(46)) - raft.server.log.use.memory = false (default)
2024-02-09 18:33:59,156 [om1-impl-thread1] INFO  server.RaftServerConfigKeys (ConfUtils.java:logGet(46)) - raft.server.log.purge.gap = 1000000 (custom)
2024-02-09 18:33:59,156 [om1-impl-thread1] INFO  server.RaftServerConfigKeys (ConfUtils.java:logGet(46)) - raft.server.log.appender.buffer.byte-limit = 4194304 (custom)
2024-02-09 18:33:59,156 [om1-impl-thread1] INFO  server.RaftServerConfigKeys (ConfUtils.java:logGet(46)) - raft.server.log.statemachine.data.read.timeout = 1000ms (default)
2024-02-09 18:33:59,156 [om1-impl-thread1] INFO  server.RaftServerConfigKeys (ConfUtils.java:logGet(46)) - raft.server.log.purge.preservation.log.num = 0 (default)
2024-02-09 18:33:59,156 [om1-impl-thread1] INFO  server.RaftServerConfigKeys (ConfUtils.java:logGet(46)) - raft.server.log.segment.size.max = 4194304 (custom)
2024-02-09 18:33:59,156 [om1-impl-thread1] INFO  server.RaftServerConfigKeys (ConfUtils.java:logGet(46)) - raft.server.log.segment.cache.num.max = 2 (custom)
2024-02-09 18:33:59,156 [om1-impl-thread1] INFO  server.RaftServerConfigKeys (ConfUtils.java:logGet(46)) - raft.server.log.segment.cache.size.max = 200MB (=209715200) (default)
2024-02-09 18:33:59,157 [om1-impl-thread1] INFO  server.RaftServerConfigKeys (ConfUtils.java:logGet(46)) - raft.server.log.appender.buffer.byte-limit = 4194304 (custom)
2024-02-09 18:33:59,157 [om1-impl-thread1] INFO  util.AwaitToRun (AwaitToRun.java:start(81)) - Thread[om1@group-C5BA1605619E-cacheEviction-AwaitToRun,5,main] started
2024-02-09 18:33:59,157 [om1-impl-thread1] INFO  segmented.SegmentedRaftLogWorker (SegmentedRaftLogWorker.java:<init>(182)) - new om1@group-C5BA1605619E-SegmentedRaftLogWorker for RaftStorageImpl:Storage Directory /home/runner/work/ozone/ozone/hadoop-ozone/integration-test/target/test-dir/MiniOzoneClusterImpl-2e7e0147-493e-4f7b-8772-843c2731e345/ozone-meta/ratis/bf265839-605b-3f16-9796-c5ba1605619e
2024-02-09 18:33:59,157 [om1-impl-thread1] INFO  server.RaftServerConfigKeys (ConfUtils.java:logGet(46)) - raft.server.log.queue.byte-limit = 64MB (=67108864) (default)
2024-02-09 18:33:59,157 [om1-impl-thread1] INFO  server.RaftServerConfigKeys (ConfUtils.java:logGet(46)) - raft.server.log.queue.element-limit = 4096 (default)
2024-02-09 18:33:59,157 [om1-impl-thread1] INFO  server.RaftServerConfigKeys (ConfUtils.java:logGet(46)) - raft.server.log.segment.size.max = 4194304 (custom)
2024-02-09 18:33:59,157 [om1-impl-thread1] INFO  server.RaftServerConfigKeys (ConfUtils.java:logGet(46)) - raft.server.log.preallocated.size = 4194304 (custom)
2024-02-09 18:33:59,157 [om1-impl-thread1] INFO  server.RaftServerConfigKeys (ConfUtils.java:logGet(46)) - raft.server.log.force.sync.num = 128 (default)
2024-02-09 18:33:59,157 [om1-impl-thread1] INFO  server.RaftServerConfigKeys (ConfUtils.java:logGet(46)) - raft.server.log.statemachine.data.sync = true (default)
2024-02-09 18:33:59,157 [om1-impl-thread1] INFO  server.RaftServerConfigKeys (ConfUtils.java:logGet(46)) - raft.server.log.statemachine.data.sync.timeout = 10s (default)
2024-02-09 18:33:59,157 [om1-impl-thread1] INFO  server.RaftServerConfigKeys (ConfUtils.java:logGet(46)) - raft.server.log.statemachine.data.sync.timeout.retry = -1 (default)
2024-02-09 18:33:59,157 [om1-impl-thread1] INFO  server.RaftServerConfigKeys (ConfUtils.java:logGet(46)) - raft.server.log.write.buffer.size = 4194312 (custom)
2024-02-09 18:33:59,158 [om1-impl-thread1] INFO  server.RaftServerConfigKeys (ConfUtils.java:logGet(46)) - raft.server.log.appender.buffer.byte-limit = 4194304 (custom)
2024-02-09 18:33:59,158 [om1-impl-thread1] INFO  server.RaftServerConfigKeys (ConfUtils.java:logGet(46)) - raft.server.log.unsafe-flush.enabled = false (default)
2024-02-09 18:33:59,158 [om1-impl-thread1] INFO  server.RaftServerConfigKeys (ConfUtils.java:logGet(46)) - raft.server.log.async-flush.enabled = false (default)
2024-02-09 18:33:59,158 [om1-impl-thread1] INFO  server.RaftServerConfigKeys (ConfUtils.java:logGet(46)) - raft.server.log.statemachine.data.caching.enabled = false (default)
2024-02-09 18:33:59,159 [om1-impl-thread1] INFO  segmented.SegmentedRaftLogWorker (SegmentedRaftLogWorker.java:lambda$new$0(134)) - om1@group-C5BA1605619E-SegmentedRaftLogWorker: flushIndex: setUnconditionally 0 -> -1
2024-02-09 18:33:59,159 [om1-impl-thread1] INFO  segmented.SegmentedRaftLogWorker (SegmentedRaftLogWorker.java:lambda$new$0(134)) - om1@group-C5BA1605619E-SegmentedRaftLogWorker: safeCacheEvictIndex: setUnconditionally 0 -> -1
2024-02-09 18:33:59,159 [om1-impl-thread1] INFO  server.RaftServer$Division (RaftServerImpl.java:start(396)) - om1@group-C5BA1605619E: start as a follower, conf=-1: peers:[om1|localhost:15096]|listeners:[], old=null
2024-02-09 18:33:59,159 [om1-impl-thread1] INFO  server.RaftServer$Division (RaftServerImpl.java:setRole(383)) - om1@group-C5BA1605619E: changes role from      null to FOLLOWER at term 0 for startAsFollower
2024-02-09 18:33:59,159 [om1-impl-thread1] INFO  impl.RoleInfo (RoleInfo.java:updateAndGet(139)) - om1: start om1@group-C5BA1605619E-FollowerState
2024-02-09 18:33:59,161 [om1-impl-thread1] INFO  util.JmxRegister (JmxRegister.java:tryRegister(44)) - Successfully registered JMX Bean with object name Ratis:service=RaftServer,group=group-C5BA1605619E,id=om1
2024-02-09 18:33:59,161 [om1-impl-thread1] INFO  server.RaftServerConfigKeys (ConfUtils.java:logGet(46)) - raft.server.snapshot.trigger-when-stop.enabled = true (default)
2024-02-09 18:33:59,161 [om1@group-C5BA1605619E-FollowerState] INFO  server.RaftServerConfigKeys (ConfUtils.java:logFallback(53)) - raft.server.rpc.first-election.timeout.min = 1s (fallback to raft.server.rpc.timeout.min)
2024-02-09 18:33:59,161 [om1@group-C5BA1605619E-FollowerState] INFO  server.RaftServerConfigKeys (ConfUtils.java:logFallback(53)) - raft.server.rpc.first-election.timeout.max = 1200ms (fallback to raft.server.rpc.timeout.max)
2024-02-09 18:33:59,161 [om1-impl-thread1] INFO  server.RaftServerConfigKeys (ConfUtils.java:logGet(46)) - raft.server.snapshot.auto.trigger.enabled = true (custom)
2024-02-09 18:33:59,161 [om1-impl-thread1] INFO  server.RaftServerConfigKeys (ConfUtils.java:logGet(46)) - raft.server.snapshot.auto.trigger.threshold = 400000 (default)
2024-02-09 18:33:59,161 [om1-impl-thread1] INFO  server.RaftServerConfigKeys (ConfUtils.java:logGet(46)) - raft.server.snapshot.retention.file.num = -1 (default)
2024-02-09 18:33:59,161 [om1-impl-thread1] INFO  server.RaftServerConfigKeys (ConfUtils.java:logGet(46)) - raft.server.log.purge.upto.snapshot.index = true (custom)
2024-02-09 18:33:59,162 [main] INFO  server.RaftServer (RaftServerProxy.java:startImpl(406)) - om1: start RPC server
2024-02-09 18:33:59,163 [main] INFO  server.GrpcService (GrpcService.java:startImpl(302)) - om1: GrpcService started, listening on 15096
2024-02-09 18:33:59,163 [JvmPauseMonitor12] INFO  util.JvmPauseMonitor (JvmPauseMonitor.java:run(146)) - JvmPauseMonitor-om1: Started
2024-02-09 18:33:59,163 [main] INFO  om.OzoneManager (OzoneManager.java:start(1645)) - Version File has different layout version (6) than OM DB (null). That is expected if this OM has never been finalized to a newer layout version.
2024-02-09 18:33:59,166 [main] INFO  http.BaseHttpServer (BaseHttpServer.java:newHttpServer2BuilderForOzone(223)) - Starting Web-server for ozoneManager at: http://0.0.0.0:15094
2024-02-09 18:33:59,166 [main] INFO  http.BaseHttpServer (BaseHttpServer.java:<init>(110)) - Hadoop Security Enabled: false Ozone Security Enabled: false Ozone HTTP Security Enabled: false 
2024-02-09 18:33:59,167 [main] WARN  server.AuthenticationFilter (AuthenticationFilter.java:constructSecretProvider(240)) - Unable to initialize FileSignerSecretProvider, falling back to use random secrets. Reason: Could not read signature secret file: /home/runner/hadoop-http-auth-signature-secret
2024-02-09 18:33:59,168 [main] INFO  http.HttpRequestLog (HttpRequestLog.java:getRequestLog(86)) - Http request log for http.requests.ozoneManager is not defined
2024-02-09 18:33:59,169 [main] INFO  http.HttpServer2 (HttpServer2.java:addGlobalFilter(1036)) - Added global filter 'safety' (class=org.apache.hadoop.hdds.server.http.HttpServer2$QuotingInputFilter)
2024-02-09 18:33:59,170 [main] INFO  http.HttpServer2 (HttpServer2.java:addFilter(1012)) - Added filter static_user_filter (class=org.apache.hadoop.http.lib.StaticUserWebFilter$StaticUserFilter) to context ozoneManager
2024-02-09 18:33:59,170 [main] INFO  http.HttpServer2 (HttpServer2.java:addFilter(1020)) - Added filter static_user_filter (class=org.apache.hadoop.http.lib.StaticUserWebFilter$StaticUserFilter) to context logs
2024-02-09 18:33:59,170 [main] INFO  http.HttpServer2 (HttpServer2.java:addFilter(1020)) - Added filter static_user_filter (class=org.apache.hadoop.http.lib.StaticUserWebFilter$StaticUserFilter) to context static
2024-02-09 18:33:59,170 [main] INFO  http.BaseHttpServer (BaseHttpServer.java:<init>(189)) - HTTP server of ozoneManager uses base directory /home/runner/work/ozone/ozone/hadoop-ozone/integration-test/target/test-dir/MiniOzoneClusterImpl-2e7e0147-493e-4f7b-8772-843c2731e345/ozone-meta/webserver
2024-02-09 18:33:59,171 [main] INFO  http.HttpServer2 (HttpServer2.java:bindListener(1236)) - Jetty bound to port 15094
2024-02-09 18:33:59,171 [main] INFO  server.Server (Server.java:doStart(375)) - jetty-9.4.53.v20231009; built: 2023-10-09T12:29:09.265Z; git: 27bde00a0b95a1d5bbee0eae7984f891d2d0f8c9; jvm 1.8.0_402-b06
2024-02-09 18:33:59,176 [main] INFO  server.session (DefaultSessionIdManager.java:doStart(334)) - DefaultSessionIdManager workerName=node0
2024-02-09 18:33:59,176 [main] INFO  server.session (DefaultSessionIdManager.java:doStart(339)) - No SessionScavenger set, using defaults
2024-02-09 18:33:59,177 [main] INFO  server.session (HouseKeeper.java:startScavenging(132)) - node0 Scavenging every 600000ms
2024-02-09 18:33:59,177 [main] INFO  handler.ContextHandler (ContextHandler.java:doStart(921)) - Started o.e.j.s.ServletContextHandler@b18932c{logs,/logs,file:///home/runner/work/ozone/ozone/hadoop-ozone/integration-test/target/log,AVAILABLE}
2024-02-09 18:33:59,178 [main] INFO  handler.ContextHandler (ContextHandler.java:doStart(921)) - Started o.e.j.s.ServletContextHandler@3c9cca04{static,/static,file:///home/runner/work/ozone/ozone/hadoop-ozone/integration-test/target/test-classes/webapps/static,AVAILABLE}
2024-02-09 18:33:59,181 [main] INFO  handler.ContextHandler (ContextHandler.java:doStart(921)) - Started o.e.j.w.WebAppContext@17ce2a83{ozoneManager,/,file:///home/runner/work/ozone/ozone/hadoop-ozone/integration-test/target/test-classes/webapps/ozoneManager/,AVAILABLE}{file:/home/runner/work/ozone/ozone/hadoop-ozone/integration-test/target/test-classes/webapps/ozoneManager}
2024-02-09 18:33:59,183 [main] INFO  server.AbstractConnector (AbstractConnector.java:doStart(333)) - Started ServerConnector@76ace2be{HTTP/1.1, (http/1.1)}{0.0.0.0:15094}
2024-02-09 18:33:59,185 [main] INFO  server.Server (Server.java:doStart(415)) - Started @42979ms
2024-02-09 18:33:59,185 [main] WARN  impl.MetricsSystemImpl (MetricsSystemImpl.java:register(279)) - Sink prometheus already exists!
2024-02-09 18:33:59,186 [main] INFO  http.BaseHttpServer (BaseHttpServer.java:updateConnectorAddress(354)) - HTTP server of ozoneManager listening at http://0.0.0.0:15094
2024-02-09 18:33:59,186 [IPC Server Responder] INFO  ipc.Server (Server.java:run(1562)) - IPC Server Responder: starting
2024-02-09 18:33:59,186 [IPC Server listener on 15093] INFO  ipc.Server (Server.java:run(1402)) - IPC Server listener on 15093: starting
2024-02-09 18:33:59,189 [main] INFO  om.OzoneManager (OzoneManager.java:startTrashEmptier(2094)) - Trash Interval set to 0. Files deleted won't move to trash
2024-02-09 18:33:59,208 [main] WARN  dropwizard3.Dm3MetricRegistriesImpl (Dm3MetricRegistriesImpl.java:addReporterRegistration(113)) - New reporters are added after registries were created. Some metrics will be missing from the reporter. Please add reporter before adding any new registry.
2024-02-09 18:33:59,208 [main] WARN  dropwizard3.Dm3MetricRegistriesImpl (Dm3MetricRegistriesImpl.java:addReporterRegistration(113)) - New reporters are added after registries were created. Some metrics will be missing from the reporter. Please add reporter before adding any new registry.
2024-02-09 18:33:59,208 [main] INFO  impl.MetricsSystemImpl (MetricsSystemImpl.java:init(158)) - HddsDatanode metrics system started (again)
2024-02-09 18:33:59,217 [main] INFO  ozone.HddsDatanodeService (HddsDatanodeService.java:start(240)) - HddsDatanodeService host:fv-az1241-572.pcjn5njxctguzesueqcwbvg5cg.ex.internal.cloudapp.net ip:10.1.0.43
2024-02-09 18:33:59,238 [main] INFO  upgrade.AbstractLayoutVersionManager (AbstractLayoutVersionManager.java:init(83)) - Initializing Layout version manager with metadata layout = HADOOP_PRC_PORTS_IN_DATANODEDETAILS (version = 7), software layout = HADOOP_PRC_PORTS_IN_DATANODEDETAILS (version = 7)
2024-02-09 18:33:59,238 [main] INFO  statemachine.DatanodeStateMachine (DatanodeStateMachine.java:getEndPointTaskThreadPoolSize(299)) - Datanode State Machine Task Thread Pool size 2
2024-02-09 18:33:59,240 [main] INFO  volume.HddsVolume (HddsVolume.java:<init>(125)) - Creating HddsVolume: /home/runner/work/ozone/ozone/hadoop-ozone/integration-test/target/test-dir/MiniOzoneClusterImpl-2e7e0147-493e-4f7b-8772-843c2731e345/datanode-0/data-0/containers/hdds of storage type : DISK capacity : 9223372036854775807
2024-02-09 18:33:59,241 [main] INFO  volume.MutableVolumeSet (MutableVolumeSet.java:initializeVolumeSet(173)) - Added Volume : /home/runner/work/ozone/ozone/hadoop-ozone/integration-test/target/test-dir/MiniOzoneClusterImpl-2e7e0147-493e-4f7b-8772-843c2731e345/datanode-0/data-0/containers/hdds to VolumeSet
2024-02-09 18:33:59,241 [main] INFO  volume.MutableVolumeSet (MutableVolumeSet.java:initializeVolumeSet(173)) - Added Volume : /home/runner/work/ozone/ozone/hadoop-ozone/integration-test/target/test-dir/MiniOzoneClusterImpl-2e7e0147-493e-4f7b-8772-843c2731e345/datanode-0/data/ratis to VolumeSet
2024-02-09 18:33:59,242 [main] INFO  ozoneimpl.OzoneContainer (HddsVolumeUtil.java:loadAllHddsVolumeDbStore(103)) - Load 1 volumes DbStore cost: 0ms
2024-02-09 18:33:59,244 [main] INFO  server.RaftServer (ConfUtils.java:logGet(46)) - raft.rpc.type = GRPC (default)
2024-02-09 18:33:59,244 [main] INFO  grpc.GrpcConfigKeys (ConfUtils.java:logFallback(53)) - raft.grpc.admin.host = null (fallback to raft.grpc.server.host)
2024-02-09 18:33:59,244 [main] INFO  grpc.GrpcConfigKeys (ConfUtils.java:logGet(46)) - raft.grpc.admin.port = 15102 (custom)
2024-02-09 18:33:59,244 [main] INFO  grpc.GrpcConfigKeys (ConfUtils.java:logFallback(53)) - raft.grpc.client.host = null (fallback to raft.grpc.server.host)
2024-02-09 18:33:59,244 [main] INFO  grpc.GrpcConfigKeys (ConfUtils.java:logGet(46)) - raft.grpc.client.port = 15101 (custom)
2024-02-09 18:33:59,244 [main] INFO  grpc.GrpcConfigKeys (ConfUtils.java:logGet(46)) - raft.grpc.server.host = null (default)
2024-02-09 18:33:59,245 [main] INFO  grpc.GrpcConfigKeys (ConfUtils.java:logGet(46)) - raft.grpc.server.port = 15103 (custom)
2024-02-09 18:33:59,245 [main] INFO  server.GrpcService (ConfUtils.java:logGet(46)) - raft.grpc.message.size.max = 32MB (=33554432) (custom)
2024-02-09 18:33:59,245 [main] INFO  server.RaftServerConfigKeys (ConfUtils.java:logGet(46)) - raft.server.log.appender.buffer.byte-limit = 8388608 (custom)
2024-02-09 18:33:59,245 [main] INFO  server.GrpcService (ConfUtils.java:logGet(46)) - raft.grpc.flow.control.window = 5MB (=5242880) (custom)
2024-02-09 18:33:59,245 [main] INFO  server.RaftServerConfigKeys (ConfUtils.java:logGet(46)) - raft.server.rpc.request.timeout = 3000ms (default)
2024-02-09 18:33:59,245 [main] INFO  grpc.GrpcConfigKeys (ConfUtils.java:logGet(46)) - raft.grpc.server.heartbeat.channel = true (default)
2024-02-09 18:33:59,245 [main] INFO  grpc.GrpcConfigKeys (ConfUtils.java:logGet(46)) - raft.grpc.server.async.request.thread.pool.cached = true (default)
2024-02-09 18:33:59,245 [main] INFO  grpc.GrpcConfigKeys (ConfUtils.java:logGet(46)) - raft.grpc.server.async.request.thread.pool.size = 32 (default)
2024-02-09 18:33:59,248 [main] INFO  impl.DataStreamServerImpl (ConfUtils.java:logGet(46)) - raft.datastream.type = NETTY (custom)
2024-02-09 18:33:59,248 [main] INFO  server.RaftServerConfigKeys (ConfUtils.java:logGet(46)) - raft.server.data-stream.async.request.thread.pool.cached = false (default)
2024-02-09 18:33:59,248 [main] INFO  server.RaftServerConfigKeys (ConfUtils.java:logGet(46)) - raft.server.data-stream.async.request.thread.pool.size = 20 (custom)
2024-02-09 18:33:59,248 [main] INFO  server.RaftServerConfigKeys (ConfUtils.java:logGet(46)) - raft.server.data-stream.async.write.thread.pool.size = 16 (default)
2024-02-09 18:33:59,248 [main] INFO  netty.NettyConfigKeys$DataStream (ConfUtils.java:logGet(46)) - raft.netty.dataStream.server.channel.inactive.grace-period = 10min (default)
2024-02-09 18:33:59,248 [main] INFO  server.RaftServerConfigKeys (ConfUtils.java:logGet(46)) - raft.server.data-stream.client.pool.size = 10 (default)
2024-02-09 18:33:59,249 [main] INFO  netty.NettyConfigKeys$DataStream (ConfUtils.java:logGet(46)) - raft.netty.dataStream.server.use-epoll = true (default)
2024-02-09 18:33:59,249 [main] INFO  netty.NettyConfigKeys$DataStream (ConfUtils.java:logGet(46)) - raft.netty.dataStream.server.boss-group.size = 0 (default)
2024-02-09 18:33:59,249 [main] INFO  netty.NettyUtils (NettyUtils.java:newEventLoopGroup(69)) - Create EpollEventLoopGroup for 5d91c0b9-cefc-489a-be2c-ee3cd3dcc3a0-NettyServerStreamRpc-bossGroup; Thread size is 0.
2024-02-09 18:33:59,250 [main] INFO  netty.NettyConfigKeys$DataStream (ConfUtils.java:logGet(46)) - raft.netty.dataStream.server.worker-group.size = 0 (default)
2024-02-09 18:33:59,250 [main] INFO  netty.NettyUtils (NettyUtils.java:newEventLoopGroup(69)) - Create EpollEventLoopGroup for 5d91c0b9-cefc-489a-be2c-ee3cd3dcc3a0-NettyServerStreamRpc-workerGroup; Thread size is 0.
2024-02-09 18:33:59,250 [main] INFO  netty.NettyConfigKeys$DataStream (ConfUtils.java:logGet(46)) - raft.netty.dataStream.server.tls.conf = null (default)
2024-02-09 18:33:59,251 [main] INFO  netty.NettyConfigKeys$DataStream (ConfUtils.java:logGet(46)) - raft.netty.dataStream.host = null (default)
2024-02-09 18:33:59,251 [main] INFO  netty.NettyConfigKeys$DataStream (ConfUtils.java:logGet(46)) - raft.netty.dataStream.port = 15104 (custom)
2024-02-09 18:33:59,251 [main] INFO  server.RaftServerConfigKeys (ConfUtils.java:logGet(46)) - raft.server.sleep.deviation.threshold = 300ms (default)
2024-02-09 18:33:59,252 [main] INFO  server.RaftServerConfigKeys (ConfUtils.java:logGet(46)) - raft.server.close.threshold = 60s (default)
2024-02-09 18:33:59,252 [main] INFO  server.RaftServerConfigKeys (ConfUtils.java:logGet(46)) - raft.server.leaderelection.leader.step-down.wait-time = 10s (default)
2024-02-09 18:33:59,252 [main] INFO  server.RaftServerConfigKeys (ConfUtils.java:logGet(46)) - raft.server.storage.dir = [/home/runner/work/ozone/ozone/hadoop-ozone/integration-test/target/test-dir/MiniOzoneClusterImpl-2e7e0147-493e-4f7b-8772-843c2731e345/datanode-0/data/ratis] (custom)
2024-02-09 18:33:59,251 [5d91c0b9-cefc-489a-be2c-ee3cd3dcc3a0-NettyServerStreamRpc-bossGroup--thread1] INFO  logging.LoggingHandler (AbstractInternalLogger.java:log(148)) - [id: 0x6ac843c2] REGISTERED
2024-02-09 18:33:59,253 [main] INFO  server.RaftServerConfigKeys (ConfUtils.java:logGet(46)) - raft.server.threadpool.proxy.cached = true (default)
2024-02-09 18:33:59,253 [main] INFO  server.RaftServerConfigKeys (ConfUtils.java:logGet(46)) - raft.server.threadpool.proxy.size = 0 (default)
2024-02-09 18:33:59,253 [5d91c0b9-cefc-489a-be2c-ee3cd3dcc3a0-NettyServerStreamRpc-bossGroup--thread1] INFO  logging.LoggingHandler (AbstractInternalLogger.java:log(148)) - [id: 0x6ac843c2] BIND: 0.0.0.0/0.0.0.0:15104
2024-02-09 18:33:59,253 [5d91c0b9-cefc-489a-be2c-ee3cd3dcc3a0-impl-thread1] INFO  server.RaftServer (RaftServerProxy.java:initGroupDir(264)) - 5d91c0b9-cefc-489a-be2c-ee3cd3dcc3a0: found a subdirectory /home/runner/work/ozone/ozone/hadoop-ozone/integration-test/target/test-dir/MiniOzoneClusterImpl-2e7e0147-493e-4f7b-8772-843c2731e345/datanode-0/data/ratis/tmp
2024-02-09 18:33:59,254 [5d91c0b9-cefc-489a-be2c-ee3cd3dcc3a0-impl-thread1] INFO  server.RaftServer (RaftServerProxy.java:initGroupDir(269)) - 5d91c0b9-cefc-489a-be2c-ee3cd3dcc3a0: The directory /home/runner/work/ozone/ozone/hadoop-ozone/integration-test/target/test-dir/MiniOzoneClusterImpl-2e7e0147-493e-4f7b-8772-843c2731e345/datanode-0/data/ratis/tmp is not a group directory; ignoring it. 
2024-02-09 18:33:59,254 [main] INFO  replication.ReplicationServer (ReplicationServer.java:<init>(86)) - Initializing replication server with thread count = 10 queue length = 4096
2024-02-09 18:33:59,253 [5d91c0b9-cefc-489a-be2c-ee3cd3dcc3a0-NettyServerStreamRpc-bossGroup--thread1] INFO  logging.LoggingHandler (AbstractInternalLogger.java:log(148)) - [id: 0x6ac843c2, L:/0.0.0.0:15104] ACTIVE
2024-02-09 18:33:59,255 [main] INFO  server.XceiverServerGrpc (XceiverServerGrpc.java:<init>(141)) - GrpcServer channel type EpollServerSocketChannel
2024-02-09 18:33:59,256 [main] INFO  replication.ReplicationSupervisor (ReplicationSupervisor.java:build(163)) - Initializing replication supervisor with thread count = 10
2024-02-09 18:33:59,256 [main] INFO  replication.ReplicationSupervisor (ReplicationSupervisor.java:nodeStateUpdated(317)) - Node state updated to IN_SERVICE, scaling executor pool size to 10
2024-02-09 18:33:59,258 [main] INFO  http.BaseHttpServer (BaseHttpServer.java:newHttpServer2BuilderForOzone(223)) - Starting Web-server for hddsDatanode at: http://0.0.0.0:15098
2024-02-09 18:33:59,259 [main] INFO  http.BaseHttpServer (BaseHttpServer.java:<init>(110)) - Hadoop Security Enabled: false Ozone Security Enabled: false Ozone HTTP Security Enabled: false 
2024-02-09 18:33:59,259 [main] WARN  server.AuthenticationFilter (AuthenticationFilter.java:constructSecretProvider(240)) - Unable to initialize FileSignerSecretProvider, falling back to use random secrets. Reason: Could not read signature secret file: /home/runner/hadoop-http-auth-signature-secret
2024-02-09 18:33:59,260 [main] INFO  http.HttpRequestLog (HttpRequestLog.java:getRequestLog(86)) - Http request log for http.requests.hddsDatanode is not defined
2024-02-09 18:33:59,261 [main] INFO  http.HttpServer2 (HttpServer2.java:addGlobalFilter(1036)) - Added global filter 'safety' (class=org.apache.hadoop.hdds.server.http.HttpServer2$QuotingInputFilter)
2024-02-09 18:33:59,261 [main] INFO  http.HttpServer2 (HttpServer2.java:addFilter(1012)) - Added filter static_user_filter (class=org.apache.hadoop.http.lib.StaticUserWebFilter$StaticUserFilter) to context hddsDatanode
2024-02-09 18:33:59,262 [main] INFO  http.HttpServer2 (HttpServer2.java:addFilter(1020)) - Added filter static_user_filter (class=org.apache.hadoop.http.lib.StaticUserWebFilter$StaticUserFilter) to context logs
2024-02-09 18:33:59,262 [main] INFO  http.HttpServer2 (HttpServer2.java:addFilter(1020)) - Added filter static_user_filter (class=org.apache.hadoop.http.lib.StaticUserWebFilter$StaticUserFilter) to context static
2024-02-09 18:33:59,262 [main] INFO  http.BaseHttpServer (BaseHttpServer.java:<init>(189)) - HTTP server of hddsDatanode uses base directory /home/runner/work/ozone/ozone/hadoop-ozone/integration-test/target/test-dir/MiniOzoneClusterImpl-2e7e0147-493e-4f7b-8772-843c2731e345/datanode-0/meta/webserver
2024-02-09 18:33:59,262 [main] INFO  http.HttpServer2 (HttpServer2.java:bindListener(1236)) - Jetty bound to port 15098
2024-02-09 18:33:59,263 [main] INFO  server.Server (Server.java:doStart(375)) - jetty-9.4.53.v20231009; built: 2023-10-09T12:29:09.265Z; git: 27bde00a0b95a1d5bbee0eae7984f891d2d0f8c9; jvm 1.8.0_402-b06
2024-02-09 18:33:59,263 [main] INFO  server.session (DefaultSessionIdManager.java:doStart(334)) - DefaultSessionIdManager workerName=node0
2024-02-09 18:33:59,264 [main] INFO  server.session (DefaultSessionIdManager.java:doStart(339)) - No SessionScavenger set, using defaults
2024-02-09 18:33:59,264 [main] INFO  server.session (HouseKeeper.java:startScavenging(132)) - node0 Scavenging every 660000ms
2024-02-09 18:33:59,264 [main] INFO  handler.ContextHandler (ContextHandler.java:doStart(921)) - Started o.e.j.s.ServletContextHandler@29edafb8{logs,/logs,file:///home/runner/work/ozone/ozone/hadoop-ozone/integration-test/target/log,AVAILABLE}
2024-02-09 18:33:59,265 [main] INFO  handler.ContextHandler (ContextHandler.java:doStart(921)) - Started o.e.j.s.ServletContextHandler@1f5fe9d1{static,/static,jar:file:/home/runner/.m2/repository/org/apache/ozone/hdds-container-service/1.5.0-SNAPSHOT/hdds-container-service-1.5.0-SNAPSHOT.jar!/webapps/static,AVAILABLE}
2024-02-09 18:33:59,298 [main] INFO  handler.ContextHandler (ContextHandler.java:doStart(921)) - Started o.e.j.w.WebAppContext@7fea8b42{hddsDatanode,/,file:///home/runner/work/ozone/ozone/hadoop-ozone/integration-test/target/test-dir/MiniOzoneClusterImpl-2e7e0147-493e-4f7b-8772-843c2731e345/datanode-0/meta/webserver/jetty-0_0_0_0-15098-hdds-container-service-1_5_0-SNAPSHOT_jar-_-any-6780807086039810649/webapp/,AVAILABLE}{jar:file:/home/runner/.m2/repository/org/apache/ozone/hdds-container-service/1.5.0-SNAPSHOT/hdds-container-service-1.5.0-SNAPSHOT.jar!/webapps/hddsDatanode}
2024-02-09 18:33:59,299 [main] INFO  server.AbstractConnector (AbstractConnector.java:doStart(333)) - Started ServerConnector@232f6e23{HTTP/1.1, (http/1.1)}{0.0.0.0:15098}
2024-02-09 18:33:59,300 [main] INFO  server.Server (Server.java:doStart(415)) - Started @43093ms
2024-02-09 18:33:59,300 [main] WARN  impl.MetricsSystemImpl (MetricsSystemImpl.java:register(279)) - Sink prometheus already exists!
2024-02-09 18:33:59,300 [main] INFO  http.BaseHttpServer (BaseHttpServer.java:updateConnectorAddress(354)) - HTTP server of hddsDatanode listening at http://0.0.0.0:15098
2024-02-09 18:33:59,301 [main] INFO  ipc.CallQueueManager (CallQueueManager.java:<init>(90)) - Using callQueue: class java.util.concurrent.LinkedBlockingQueue, queueCapacity: 100, scheduler: class org.apache.hadoop.ipc.DefaultRpcScheduler, ipcBackoff: false.
2024-02-09 18:33:59,301 [main] INFO  ipc.Server (Server.java:<init>(1287)) - Listener at 0.0.0.0:15099
2024-02-09 18:33:59,301 [Socket Reader #1 for port 15099] INFO  ipc.Server (Server.java:run(1323)) - Starting Socket Reader #1 for port 15099
2024-02-09 18:33:59,303 [main] INFO  ozone.HddsDatanodeService (HddsDatanodeService.java:start(327)) - Datanode start with admins: [runner]
2024-02-09 18:33:59,303 [main] INFO  ozone.HddsDatanodeClientProtocolServer (HddsDatanodeClientProtocolServer.java:start(72)) - RPC server for Client /0.0.0.0:15099
2024-02-09 18:33:59,303 [IPC Server Responder] INFO  ipc.Server (Server.java:run(1562)) - IPC Server Responder: starting
2024-02-09 18:33:59,304 [IPC Server listener on 15099] INFO  ipc.Server (Server.java:run(1402)) - IPC Server listener on 15099: starting
2024-02-09 18:33:59,305 [5d91c0b9-cefc-489a-be2c-ee3cd3dcc3a0-DatanodeStateMachineDaemonThread] INFO  statemachine.DatanodeStateMachine (DatanodeStateMachine.java:lambda$startDaemon$1(555)) - Ozone container server started.
2024-02-09 18:33:59,305 [main] WARN  dropwizard3.Dm3MetricRegistriesImpl (Dm3MetricRegistriesImpl.java:addReporterRegistration(113)) - New reporters are added after registries were created. Some metrics will be missing from the reporter. Please add reporter before adding any new registry.
2024-02-09 18:33:59,306 [main] WARN  dropwizard3.Dm3MetricRegistriesImpl (Dm3MetricRegistriesImpl.java:addReporterRegistration(113)) - New reporters are added after registries were created. Some metrics will be missing from the reporter. Please add reporter before adding any new registry.
2024-02-09 18:33:59,306 [main] INFO  impl.MetricsSystemImpl (MetricsSystemImpl.java:init(158)) - HddsDatanode metrics system started (again)
2024-02-09 18:33:59,309 [5d91c0b9-cefc-489a-be2c-ee3cd3dcc3a0-DatanodeStateMachineTaskThread-0] INFO  datanode.InitDatanodeState (InitDatanodeState.java:persistContainerDatanodeDetails(139)) - DatanodeDetails is persisted to /home/runner/work/ozone/ozone/hadoop-ozone/integration-test/target/test-dir/MiniOzoneClusterImpl-2e7e0147-493e-4f7b-8772-843c2731e345/datanode-0/meta/datanode.id
2024-02-09 18:33:59,315 [main] INFO  ozone.HddsDatanodeService (HddsDatanodeService.java:start(240)) - HddsDatanodeService host:fv-az1241-572.pcjn5njxctguzesueqcwbvg5cg.ex.internal.cloudapp.net ip:10.1.0.43
2024-02-09 18:33:59,334 [main] INFO  upgrade.AbstractLayoutVersionManager (AbstractLayoutVersionManager.java:init(83)) - Initializing Layout version manager with metadata layout = HADOOP_PRC_PORTS_IN_DATANODEDETAILS (version = 7), software layout = HADOOP_PRC_PORTS_IN_DATANODEDETAILS (version = 7)
2024-02-09 18:33:59,334 [main] INFO  statemachine.DatanodeStateMachine (DatanodeStateMachine.java:getEndPointTaskThreadPoolSize(299)) - Datanode State Machine Task Thread Pool size 2
2024-02-09 18:33:59,335 [main] INFO  volume.HddsVolume (HddsVolume.java:<init>(125)) - Creating HddsVolume: /home/runner/work/ozone/ozone/hadoop-ozone/integration-test/target/test-dir/MiniOzoneClusterImpl-2e7e0147-493e-4f7b-8772-843c2731e345/datanode-1/data-0/containers/hdds of storage type : DISK capacity : 9223372036854775807
2024-02-09 18:33:59,336 [main] INFO  volume.MutableVolumeSet (MutableVolumeSet.java:initializeVolumeSet(173)) - Added Volume : /home/runner/work/ozone/ozone/hadoop-ozone/integration-test/target/test-dir/MiniOzoneClusterImpl-2e7e0147-493e-4f7b-8772-843c2731e345/datanode-1/data-0/containers/hdds to VolumeSet
2024-02-09 18:33:59,336 [main] INFO  volume.MutableVolumeSet (MutableVolumeSet.java:initializeVolumeSet(173)) - Added Volume : /home/runner/work/ozone/ozone/hadoop-ozone/integration-test/target/test-dir/MiniOzoneClusterImpl-2e7e0147-493e-4f7b-8772-843c2731e345/datanode-1/data/ratis to VolumeSet
2024-02-09 18:33:59,336 [main] INFO  ozoneimpl.OzoneContainer (HddsVolumeUtil.java:loadAllHddsVolumeDbStore(103)) - Load 1 volumes DbStore cost: 0ms
2024-02-09 18:33:59,339 [main] INFO  server.RaftServer (ConfUtils.java:logGet(46)) - raft.rpc.type = GRPC (default)
2024-02-09 18:33:59,339 [main] INFO  grpc.GrpcConfigKeys (ConfUtils.java:logFallback(53)) - raft.grpc.admin.host = null (fallback to raft.grpc.server.host)
2024-02-09 18:33:59,339 [main] INFO  grpc.GrpcConfigKeys (ConfUtils.java:logGet(46)) - raft.grpc.admin.port = 15111 (custom)
2024-02-09 18:33:59,340 [main] INFO  grpc.GrpcConfigKeys (ConfUtils.java:logFallback(53)) - raft.grpc.client.host = null (fallback to raft.grpc.server.host)
2024-02-09 18:33:59,340 [main] INFO  grpc.GrpcConfigKeys (ConfUtils.java:logGet(46)) - raft.grpc.client.port = 15110 (custom)
2024-02-09 18:33:59,340 [main] INFO  grpc.GrpcConfigKeys (ConfUtils.java:logGet(46)) - raft.grpc.server.host = null (default)
2024-02-09 18:33:59,340 [main] INFO  grpc.GrpcConfigKeys (ConfUtils.java:logGet(46)) - raft.grpc.server.port = 15112 (custom)
2024-02-09 18:33:59,340 [main] INFO  server.GrpcService (ConfUtils.java:logGet(46)) - raft.grpc.message.size.max = 32MB (=33554432) (custom)
2024-02-09 18:33:59,341 [main] INFO  server.RaftServerConfigKeys (ConfUtils.java:logGet(46)) - raft.server.log.appender.buffer.byte-limit = 8388608 (custom)
2024-02-09 18:33:59,341 [main] INFO  server.GrpcService (ConfUtils.java:logGet(46)) - raft.grpc.flow.control.window = 5MB (=5242880) (custom)
2024-02-09 18:33:59,341 [main] INFO  server.RaftServerConfigKeys (ConfUtils.java:logGet(46)) - raft.server.rpc.request.timeout = 3000ms (default)
2024-02-09 18:33:59,341 [main] INFO  grpc.GrpcConfigKeys (ConfUtils.java:logGet(46)) - raft.grpc.server.heartbeat.channel = true (default)
2024-02-09 18:33:59,342 [main] INFO  grpc.GrpcConfigKeys (ConfUtils.java:logGet(46)) - raft.grpc.server.async.request.thread.pool.cached = true (default)
2024-02-09 18:33:59,342 [main] INFO  grpc.GrpcConfigKeys (ConfUtils.java:logGet(46)) - raft.grpc.server.async.request.thread.pool.size = 32 (default)
2024-02-09 18:33:59,344 [main] INFO  impl.DataStreamServerImpl (ConfUtils.java:logGet(46)) - raft.datastream.type = NETTY (custom)
2024-02-09 18:33:59,344 [main] INFO  server.RaftServerConfigKeys (ConfUtils.java:logGet(46)) - raft.server.data-stream.async.request.thread.pool.cached = false (default)
2024-02-09 18:33:59,344 [main] INFO  server.RaftServerConfigKeys (ConfUtils.java:logGet(46)) - raft.server.data-stream.async.request.thread.pool.size = 20 (custom)
2024-02-09 18:33:59,345 [main] INFO  server.RaftServerConfigKeys (ConfUtils.java:logGet(46)) - raft.server.data-stream.async.write.thread.pool.size = 16 (default)
2024-02-09 18:33:59,346 [main] INFO  netty.NettyConfigKeys$DataStream (ConfUtils.java:logGet(46)) - raft.netty.dataStream.server.channel.inactive.grace-period = 10min (default)
2024-02-09 18:33:59,346 [main] INFO  server.RaftServerConfigKeys (ConfUtils.java:logGet(46)) - raft.server.data-stream.client.pool.size = 10 (default)
2024-02-09 18:33:59,346 [main] INFO  netty.NettyConfigKeys$DataStream (ConfUtils.java:logGet(46)) - raft.netty.dataStream.server.use-epoll = true (default)
2024-02-09 18:33:59,346 [main] INFO  netty.NettyConfigKeys$DataStream (ConfUtils.java:logGet(46)) - raft.netty.dataStream.server.boss-group.size = 0 (default)
2024-02-09 18:33:59,347 [main] INFO  netty.NettyUtils (NettyUtils.java:newEventLoopGroup(69)) - Create EpollEventLoopGroup for 92c5164c-1af2-4faa-850f-17550d8861d5-NettyServerStreamRpc-bossGroup; Thread size is 0.
2024-02-09 18:33:59,347 [main] INFO  netty.NettyConfigKeys$DataStream (ConfUtils.java:logGet(46)) - raft.netty.dataStream.server.worker-group.size = 0 (default)
2024-02-09 18:33:59,348 [main] INFO  netty.NettyUtils (NettyUtils.java:newEventLoopGroup(69)) - Create EpollEventLoopGroup for 92c5164c-1af2-4faa-850f-17550d8861d5-NettyServerStreamRpc-workerGroup; Thread size is 0.
2024-02-09 18:33:59,348 [main] INFO  netty.NettyConfigKeys$DataStream (ConfUtils.java:logGet(46)) - raft.netty.dataStream.server.tls.conf = null (default)
2024-02-09 18:33:59,348 [main] INFO  netty.NettyConfigKeys$DataStream (ConfUtils.java:logGet(46)) - raft.netty.dataStream.host = null (default)
2024-02-09 18:33:59,348 [main] INFO  netty.NettyConfigKeys$DataStream (ConfUtils.java:logGet(46)) - raft.netty.dataStream.port = 15113 (custom)
2024-02-09 18:33:59,349 [main] INFO  server.RaftServerConfigKeys (ConfUtils.java:logGet(46)) - raft.server.sleep.deviation.threshold = 300ms (default)
2024-02-09 18:33:59,349 [main] INFO  server.RaftServerConfigKeys (ConfUtils.java:logGet(46)) - raft.server.close.threshold = 60s (default)
2024-02-09 18:33:59,349 [main] INFO  server.RaftServerConfigKeys (ConfUtils.java:logGet(46)) - raft.server.leaderelection.leader.step-down.wait-time = 10s (default)
2024-02-09 18:33:59,349 [92c5164c-1af2-4faa-850f-17550d8861d5-NettyServerStreamRpc-bossGroup--thread1] INFO  logging.LoggingHandler (AbstractInternalLogger.java:log(148)) - [id: 0xc91710c6] REGISTERED
2024-02-09 18:33:59,350 [main] INFO  server.RaftServerConfigKeys (ConfUtils.java:logGet(46)) - raft.server.storage.dir = [/home/runner/work/ozone/ozone/hadoop-ozone/integration-test/target/test-dir/MiniOzoneClusterImpl-2e7e0147-493e-4f7b-8772-843c2731e345/datanode-1/data/ratis] (custom)
2024-02-09 18:33:59,350 [92c5164c-1af2-4faa-850f-17550d8861d5-NettyServerStreamRpc-bossGroup--thread1] INFO  logging.LoggingHandler (AbstractInternalLogger.java:log(148)) - [id: 0xc91710c6] BIND: 0.0.0.0/0.0.0.0:15113
2024-02-09 18:33:59,350 [main] INFO  server.RaftServerConfigKeys (ConfUtils.java:logGet(46)) - raft.server.threadpool.proxy.cached = true (default)
2024-02-09 18:33:59,350 [main] INFO  server.RaftServerConfigKeys (ConfUtils.java:logGet(46)) - raft.server.threadpool.proxy.size = 0 (default)
2024-02-09 18:33:59,350 [92c5164c-1af2-4faa-850f-17550d8861d5-NettyServerStreamRpc-bossGroup--thread1] INFO  logging.LoggingHandler (AbstractInternalLogger.java:log(148)) - [id: 0xc91710c6, L:/0.0.0.0:15113] ACTIVE
2024-02-09 18:33:59,350 [92c5164c-1af2-4faa-850f-17550d8861d5-impl-thread1] INFO  server.RaftServer (RaftServerProxy.java:initGroupDir(264)) - 92c5164c-1af2-4faa-850f-17550d8861d5: found a subdirectory /home/runner/work/ozone/ozone/hadoop-ozone/integration-test/target/test-dir/MiniOzoneClusterImpl-2e7e0147-493e-4f7b-8772-843c2731e345/datanode-1/data/ratis/tmp
2024-02-09 18:33:59,351 [92c5164c-1af2-4faa-850f-17550d8861d5-impl-thread1] INFO  server.RaftServer (RaftServerProxy.java:initGroupDir(269)) - 92c5164c-1af2-4faa-850f-17550d8861d5: The directory /home/runner/work/ozone/ozone/hadoop-ozone/integration-test/target/test-dir/MiniOzoneClusterImpl-2e7e0147-493e-4f7b-8772-843c2731e345/datanode-1/data/ratis/tmp is not a group directory; ignoring it. 
2024-02-09 18:33:59,351 [main] INFO  replication.ReplicationServer (ReplicationServer.java:<init>(86)) - Initializing replication server with thread count = 10 queue length = 4096
2024-02-09 18:33:59,351 [main] INFO  server.XceiverServerGrpc (XceiverServerGrpc.java:<init>(141)) - GrpcServer channel type EpollServerSocketChannel
2024-02-09 18:33:59,353 [main] INFO  replication.ReplicationSupervisor (ReplicationSupervisor.java:build(163)) - Initializing replication supervisor with thread count = 10
2024-02-09 18:33:59,353 [main] INFO  replication.ReplicationSupervisor (ReplicationSupervisor.java:nodeStateUpdated(317)) - Node state updated to IN_SERVICE, scaling executor pool size to 10
2024-02-09 18:33:59,355 [main] INFO  http.BaseHttpServer (BaseHttpServer.java:newHttpServer2BuilderForOzone(223)) - Starting Web-server for hddsDatanode at: http://0.0.0.0:15107
2024-02-09 18:33:59,355 [main] INFO  http.BaseHttpServer (BaseHttpServer.java:<init>(110)) - Hadoop Security Enabled: false Ozone Security Enabled: false Ozone HTTP Security Enabled: false 
2024-02-09 18:33:59,356 [main] WARN  server.AuthenticationFilter (AuthenticationFilter.java:constructSecretProvider(240)) - Unable to initialize FileSignerSecretProvider, falling back to use random secrets. Reason: Could not read signature secret file: /home/runner/hadoop-http-auth-signature-secret
2024-02-09 18:33:59,356 [main] INFO  http.HttpRequestLog (HttpRequestLog.java:getRequestLog(86)) - Http request log for http.requests.hddsDatanode is not defined
2024-02-09 18:33:59,357 [main] INFO  http.HttpServer2 (HttpServer2.java:addGlobalFilter(1036)) - Added global filter 'safety' (class=org.apache.hadoop.hdds.server.http.HttpServer2$QuotingInputFilter)
2024-02-09 18:33:59,358 [main] INFO  http.HttpServer2 (HttpServer2.java:addFilter(1012)) - Added filter static_user_filter (class=org.apache.hadoop.http.lib.StaticUserWebFilter$StaticUserFilter) to context hddsDatanode
2024-02-09 18:33:59,358 [main] INFO  http.HttpServer2 (HttpServer2.java:addFilter(1020)) - Added filter static_user_filter (class=org.apache.hadoop.http.lib.StaticUserWebFilter$StaticUserFilter) to context logs
2024-02-09 18:33:59,358 [main] INFO  http.HttpServer2 (HttpServer2.java:addFilter(1020)) - Added filter static_user_filter (class=org.apache.hadoop.http.lib.StaticUserWebFilter$StaticUserFilter) to context static
2024-02-09 18:33:59,358 [main] INFO  http.BaseHttpServer (BaseHttpServer.java:<init>(189)) - HTTP server of hddsDatanode uses base directory /home/runner/work/ozone/ozone/hadoop-ozone/integration-test/target/test-dir/MiniOzoneClusterImpl-2e7e0147-493e-4f7b-8772-843c2731e345/datanode-1/meta/webserver
2024-02-09 18:33:59,358 [main] INFO  http.HttpServer2 (HttpServer2.java:bindListener(1236)) - Jetty bound to port 15107
2024-02-09 18:33:59,359 [main] INFO  server.Server (Server.java:doStart(375)) - jetty-9.4.53.v20231009; built: 2023-10-09T12:29:09.265Z; git: 27bde00a0b95a1d5bbee0eae7984f891d2d0f8c9; jvm 1.8.0_402-b06
2024-02-09 18:33:59,359 [main] INFO  server.session (DefaultSessionIdManager.java:doStart(334)) - DefaultSessionIdManager workerName=node0
2024-02-09 18:33:59,360 [main] INFO  server.session (DefaultSessionIdManager.java:doStart(339)) - No SessionScavenger set, using defaults
2024-02-09 18:33:59,360 [main] INFO  server.session (HouseKeeper.java:startScavenging(132)) - node0 Scavenging every 660000ms
2024-02-09 18:33:59,360 [main] INFO  handler.ContextHandler (ContextHandler.java:doStart(921)) - Started o.e.j.s.ServletContextHandler@63b4cae3{logs,/logs,file:///home/runner/work/ozone/ozone/hadoop-ozone/integration-test/target/log,AVAILABLE}
2024-02-09 18:33:59,361 [main] INFO  handler.ContextHandler (ContextHandler.java:doStart(921)) - Started o.e.j.s.ServletContextHandler@44812f3e{static,/static,jar:file:/home/runner/.m2/repository/org/apache/ozone/hdds-container-service/1.5.0-SNAPSHOT/hdds-container-service-1.5.0-SNAPSHOT.jar!/webapps/static,AVAILABLE}
2024-02-09 18:33:59,393 [main] INFO  handler.ContextHandler (ContextHandler.java:doStart(921)) - Started o.e.j.w.WebAppContext@1d202648{hddsDatanode,/,file:///home/runner/work/ozone/ozone/hadoop-ozone/integration-test/target/test-dir/MiniOzoneClusterImpl-2e7e0147-493e-4f7b-8772-843c2731e345/datanode-1/meta/webserver/jetty-0_0_0_0-15107-hdds-container-service-1_5_0-SNAPSHOT_jar-_-any-6535849417859716125/webapp/,AVAILABLE}{jar:file:/home/runner/.m2/repository/org/apache/ozone/hdds-container-service/1.5.0-SNAPSHOT/hdds-container-service-1.5.0-SNAPSHOT.jar!/webapps/hddsDatanode}
2024-02-09 18:33:59,395 [main] INFO  server.AbstractConnector (AbstractConnector.java:doStart(333)) - Started ServerConnector@351e85fe{HTTP/1.1, (http/1.1)}{0.0.0.0:15107}
2024-02-09 18:33:59,395 [main] INFO  server.Server (Server.java:doStart(415)) - Started @43189ms
2024-02-09 18:33:59,395 [main] WARN  impl.MetricsSystemImpl (MetricsSystemImpl.java:register(279)) - Sink prometheus already exists!
2024-02-09 18:33:59,396 [main] INFO  http.BaseHttpServer (BaseHttpServer.java:updateConnectorAddress(354)) - HTTP server of hddsDatanode listening at http://0.0.0.0:15107
2024-02-09 18:33:59,396 [main] INFO  ipc.CallQueueManager (CallQueueManager.java:<init>(90)) - Using callQueue: class java.util.concurrent.LinkedBlockingQueue, queueCapacity: 100, scheduler: class org.apache.hadoop.ipc.DefaultRpcScheduler, ipcBackoff: false.
2024-02-09 18:33:59,396 [main] INFO  ipc.Server (Server.java:<init>(1287)) - Listener at 0.0.0.0:15108
2024-02-09 18:33:59,397 [Socket Reader #1 for port 15108] INFO  ipc.Server (Server.java:run(1323)) - Starting Socket Reader #1 for port 15108
2024-02-09 18:33:59,398 [main] INFO  ozone.HddsDatanodeService (HddsDatanodeService.java:start(327)) - Datanode start with admins: [runner]
2024-02-09 18:33:59,398 [main] INFO  ozone.HddsDatanodeClientProtocolServer (HddsDatanodeClientProtocolServer.java:start(72)) - RPC server for Client /0.0.0.0:15108
2024-02-09 18:33:59,398 [IPC Server Responder] INFO  ipc.Server (Server.java:run(1562)) - IPC Server Responder: starting
2024-02-09 18:33:59,398 [IPC Server listener on 15108] INFO  ipc.Server (Server.java:run(1402)) - IPC Server listener on 15108: starting
2024-02-09 18:33:59,400 [92c5164c-1af2-4faa-850f-17550d8861d5-DatanodeStateMachineDaemonThread] INFO  statemachine.DatanodeStateMachine (DatanodeStateMachine.java:lambda$startDaemon$1(555)) - Ozone container server started.
2024-02-09 18:33:59,400 [main] WARN  dropwizard3.Dm3MetricRegistriesImpl (Dm3MetricRegistriesImpl.java:addReporterRegistration(113)) - New reporters are added after registries were created. Some metrics will be missing from the reporter. Please add reporter before adding any new registry.
2024-02-09 18:33:59,401 [main] WARN  dropwizard3.Dm3MetricRegistriesImpl (Dm3MetricRegistriesImpl.java:addReporterRegistration(113)) - New reporters are added after registries were created. Some metrics will be missing from the reporter. Please add reporter before adding any new registry.
2024-02-09 18:33:59,401 [main] INFO  impl.MetricsSystemImpl (MetricsSystemImpl.java:init(158)) - HddsDatanode metrics system started (again)
2024-02-09 18:33:59,403 [92c5164c-1af2-4faa-850f-17550d8861d5-DatanodeStateMachineTaskThread-0] INFO  datanode.InitDatanodeState (InitDatanodeState.java:persistContainerDatanodeDetails(139)) - DatanodeDetails is persisted to /home/runner/work/ozone/ozone/hadoop-ozone/integration-test/target/test-dir/MiniOzoneClusterImpl-2e7e0147-493e-4f7b-8772-843c2731e345/datanode-1/meta/datanode.id
2024-02-09 18:33:59,412 [main] INFO  ozone.HddsDatanodeService (HddsDatanodeService.java:start(240)) - HddsDatanodeService host:fv-az1241-572.pcjn5njxctguzesueqcwbvg5cg.ex.internal.cloudapp.net ip:10.1.0.43
2024-02-09 18:33:59,427 [main] INFO  upgrade.AbstractLayoutVersionManager (AbstractLayoutVersionManager.java:init(83)) - Initializing Layout version manager with metadata layout = HADOOP_PRC_PORTS_IN_DATANODEDETAILS (version = 7), software layout = HADOOP_PRC_PORTS_IN_DATANODEDETAILS (version = 7)
2024-02-09 18:33:59,428 [main] INFO  statemachine.DatanodeStateMachine (DatanodeStateMachine.java:getEndPointTaskThreadPoolSize(299)) - Datanode State Machine Task Thread Pool size 2
2024-02-09 18:33:59,429 [main] INFO  volume.HddsVolume (HddsVolume.java:<init>(125)) - Creating HddsVolume: /home/runner/work/ozone/ozone/hadoop-ozone/integration-test/target/test-dir/MiniOzoneClusterImpl-2e7e0147-493e-4f7b-8772-843c2731e345/datanode-2/data-0/containers/hdds of storage type : DISK capacity : 9223372036854775807
2024-02-09 18:33:59,429 [main] INFO  volume.MutableVolumeSet (MutableVolumeSet.java:initializeVolumeSet(173)) - Added Volume : /home/runner/work/ozone/ozone/hadoop-ozone/integration-test/target/test-dir/MiniOzoneClusterImpl-2e7e0147-493e-4f7b-8772-843c2731e345/datanode-2/data-0/containers/hdds to VolumeSet
2024-02-09 18:33:59,430 [main] INFO  volume.MutableVolumeSet (MutableVolumeSet.java:initializeVolumeSet(173)) - Added Volume : /home/runner/work/ozone/ozone/hadoop-ozone/integration-test/target/test-dir/MiniOzoneClusterImpl-2e7e0147-493e-4f7b-8772-843c2731e345/datanode-2/data/ratis to VolumeSet
2024-02-09 18:33:59,430 [main] INFO  ozoneimpl.OzoneContainer (HddsVolumeUtil.java:loadAllHddsVolumeDbStore(103)) - Load 1 volumes DbStore cost: 0ms
2024-02-09 18:33:59,432 [main] INFO  server.RaftServer (ConfUtils.java:logGet(46)) - raft.rpc.type = GRPC (default)
2024-02-09 18:33:59,432 [main] INFO  grpc.GrpcConfigKeys (ConfUtils.java:logFallback(53)) - raft.grpc.admin.host = null (fallback to raft.grpc.server.host)
2024-02-09 18:33:59,432 [main] INFO  grpc.GrpcConfigKeys (ConfUtils.java:logGet(46)) - raft.grpc.admin.port = 15120 (custom)
2024-02-09 18:33:59,432 [main] INFO  grpc.GrpcConfigKeys (ConfUtils.java:logFallback(53)) - raft.grpc.client.host = null (fallback to raft.grpc.server.host)
2024-02-09 18:33:59,432 [main] INFO  grpc.GrpcConfigKeys (ConfUtils.java:logGet(46)) - raft.grpc.client.port = 15119 (custom)
2024-02-09 18:33:59,432 [main] INFO  grpc.GrpcConfigKeys (ConfUtils.java:logGet(46)) - raft.grpc.server.host = null (default)
2024-02-09 18:33:59,433 [main] INFO  grpc.GrpcConfigKeys (ConfUtils.java:logGet(46)) - raft.grpc.server.port = 15121 (custom)
2024-02-09 18:33:59,433 [main] INFO  server.GrpcService (ConfUtils.java:logGet(46)) - raft.grpc.message.size.max = 32MB (=33554432) (custom)
2024-02-09 18:33:59,433 [main] INFO  server.RaftServerConfigKeys (ConfUtils.java:logGet(46)) - raft.server.log.appender.buffer.byte-limit = 8388608 (custom)
2024-02-09 18:33:59,433 [main] INFO  server.GrpcService (ConfUtils.java:logGet(46)) - raft.grpc.flow.control.window = 5MB (=5242880) (custom)
2024-02-09 18:33:59,433 [main] INFO  server.RaftServerConfigKeys (ConfUtils.java:logGet(46)) - raft.server.rpc.request.timeout = 3000ms (default)
2024-02-09 18:33:59,433 [main] INFO  grpc.GrpcConfigKeys (ConfUtils.java:logGet(46)) - raft.grpc.server.heartbeat.channel = true (default)
2024-02-09 18:33:59,434 [main] INFO  grpc.GrpcConfigKeys (ConfUtils.java:logGet(46)) - raft.grpc.server.async.request.thread.pool.cached = true (default)
2024-02-09 18:33:59,434 [main] INFO  grpc.GrpcConfigKeys (ConfUtils.java:logGet(46)) - raft.grpc.server.async.request.thread.pool.size = 32 (default)
2024-02-09 18:33:59,436 [main] INFO  impl.DataStreamServerImpl (ConfUtils.java:logGet(46)) - raft.datastream.type = NETTY (custom)
2024-02-09 18:33:59,436 [main] INFO  server.RaftServerConfigKeys (ConfUtils.java:logGet(46)) - raft.server.data-stream.async.request.thread.pool.cached = false (default)
2024-02-09 18:33:59,437 [main] INFO  server.RaftServerConfigKeys (ConfUtils.java:logGet(46)) - raft.server.data-stream.async.request.thread.pool.size = 20 (custom)
2024-02-09 18:33:59,437 [main] INFO  server.RaftServerConfigKeys (ConfUtils.java:logGet(46)) - raft.server.data-stream.async.write.thread.pool.size = 16 (default)
2024-02-09 18:33:59,437 [main] INFO  netty.NettyConfigKeys$DataStream (ConfUtils.java:logGet(46)) - raft.netty.dataStream.server.channel.inactive.grace-period = 10min (default)
2024-02-09 18:33:59,437 [main] INFO  server.RaftServerConfigKeys (ConfUtils.java:logGet(46)) - raft.server.data-stream.client.pool.size = 10 (default)
2024-02-09 18:33:59,438 [main] INFO  netty.NettyConfigKeys$DataStream (ConfUtils.java:logGet(46)) - raft.netty.dataStream.server.use-epoll = true (default)
2024-02-09 18:33:59,438 [main] INFO  netty.NettyConfigKeys$DataStream (ConfUtils.java:logGet(46)) - raft.netty.dataStream.server.boss-group.size = 0 (default)
2024-02-09 18:33:59,438 [main] INFO  netty.NettyUtils (NettyUtils.java:newEventLoopGroup(69)) - Create EpollEventLoopGroup for 6ea81ba3-4cc7-4d8f-90c6-66e0677302b1-NettyServerStreamRpc-bossGroup; Thread size is 0.
2024-02-09 18:33:59,438 [main] INFO  netty.NettyConfigKeys$DataStream (ConfUtils.java:logGet(46)) - raft.netty.dataStream.server.worker-group.size = 0 (default)
2024-02-09 18:33:59,439 [main] INFO  netty.NettyUtils (NettyUtils.java:newEventLoopGroup(69)) - Create EpollEventLoopGroup for 6ea81ba3-4cc7-4d8f-90c6-66e0677302b1-NettyServerStreamRpc-workerGroup; Thread size is 0.
2024-02-09 18:33:59,439 [main] INFO  netty.NettyConfigKeys$DataStream (ConfUtils.java:logGet(46)) - raft.netty.dataStream.server.tls.conf = null (default)
2024-02-09 18:33:59,439 [main] INFO  netty.NettyConfigKeys$DataStream (ConfUtils.java:logGet(46)) - raft.netty.dataStream.host = null (default)
2024-02-09 18:33:59,439 [main] INFO  netty.NettyConfigKeys$DataStream (ConfUtils.java:logGet(46)) - raft.netty.dataStream.port = 15122 (custom)
2024-02-09 18:33:59,444 [main] INFO  server.RaftServerConfigKeys (ConfUtils.java:logGet(46)) - raft.server.sleep.deviation.threshold = 300ms (default)
2024-02-09 18:33:59,444 [6ea81ba3-4cc7-4d8f-90c6-66e0677302b1-NettyServerStreamRpc-bossGroup--thread1] INFO  logging.LoggingHandler (AbstractInternalLogger.java:log(148)) - [id: 0x79b5616c] REGISTERED
2024-02-09 18:33:59,444 [main] INFO  server.RaftServerConfigKeys (ConfUtils.java:logGet(46)) - raft.server.close.threshold = 60s (default)
2024-02-09 18:33:59,445 [6ea81ba3-4cc7-4d8f-90c6-66e0677302b1-NettyServerStreamRpc-bossGroup--thread1] INFO  logging.LoggingHandler (AbstractInternalLogger.java:log(148)) - [id: 0x79b5616c] BIND: 0.0.0.0/0.0.0.0:15122
2024-02-09 18:33:59,445 [main] INFO  server.RaftServerConfigKeys (ConfUtils.java:logGet(46)) - raft.server.leaderelection.leader.step-down.wait-time = 10s (default)
2024-02-09 18:33:59,445 [6ea81ba3-4cc7-4d8f-90c6-66e0677302b1-NettyServerStreamRpc-bossGroup--thread1] INFO  logging.LoggingHandler (AbstractInternalLogger.java:log(148)) - [id: 0x79b5616c, L:/0.0.0.0:15122] ACTIVE
2024-02-09 18:33:59,445 [main] INFO  server.RaftServerConfigKeys (ConfUtils.java:logGet(46)) - raft.server.storage.dir = [/home/runner/work/ozone/ozone/hadoop-ozone/integration-test/target/test-dir/MiniOzoneClusterImpl-2e7e0147-493e-4f7b-8772-843c2731e345/datanode-2/data/ratis] (custom)
2024-02-09 18:33:59,445 [main] INFO  server.RaftServerConfigKeys (ConfUtils.java:logGet(46)) - raft.server.threadpool.proxy.cached = true (default)
2024-02-09 18:33:59,446 [main] INFO  server.RaftServerConfigKeys (ConfUtils.java:logGet(46)) - raft.server.threadpool.proxy.size = 0 (default)
2024-02-09 18:33:59,446 [6ea81ba3-4cc7-4d8f-90c6-66e0677302b1-impl-thread1] INFO  server.RaftServer (RaftServerProxy.java:initGroupDir(264)) - 6ea81ba3-4cc7-4d8f-90c6-66e0677302b1: found a subdirectory /home/runner/work/ozone/ozone/hadoop-ozone/integration-test/target/test-dir/MiniOzoneClusterImpl-2e7e0147-493e-4f7b-8772-843c2731e345/datanode-2/data/ratis/tmp
2024-02-09 18:33:59,446 [6ea81ba3-4cc7-4d8f-90c6-66e0677302b1-impl-thread1] INFO  server.RaftServer (RaftServerProxy.java:initGroupDir(269)) - 6ea81ba3-4cc7-4d8f-90c6-66e0677302b1: The directory /home/runner/work/ozone/ozone/hadoop-ozone/integration-test/target/test-dir/MiniOzoneClusterImpl-2e7e0147-493e-4f7b-8772-843c2731e345/datanode-2/data/ratis/tmp is not a group directory; ignoring it. 
2024-02-09 18:33:59,446 [main] INFO  replication.ReplicationServer (ReplicationServer.java:<init>(86)) - Initializing replication server with thread count = 10 queue length = 4096
2024-02-09 18:33:59,448 [main] INFO  server.XceiverServerGrpc (XceiverServerGrpc.java:<init>(141)) - GrpcServer channel type EpollServerSocketChannel
2024-02-09 18:33:59,449 [main] INFO  replication.ReplicationSupervisor (ReplicationSupervisor.java:build(163)) - Initializing replication supervisor with thread count = 10
2024-02-09 18:33:59,450 [main] INFO  replication.ReplicationSupervisor (ReplicationSupervisor.java:nodeStateUpdated(317)) - Node state updated to IN_SERVICE, scaling executor pool size to 10
2024-02-09 18:33:59,451 [main] INFO  http.BaseHttpServer (BaseHttpServer.java:newHttpServer2BuilderForOzone(223)) - Starting Web-server for hddsDatanode at: http://0.0.0.0:15116
2024-02-09 18:33:59,452 [main] INFO  http.BaseHttpServer (BaseHttpServer.java:<init>(110)) - Hadoop Security Enabled: false Ozone Security Enabled: false Ozone HTTP Security Enabled: false 
2024-02-09 18:33:59,453 [main] WARN  server.AuthenticationFilter (AuthenticationFilter.java:constructSecretProvider(240)) - Unable to initialize FileSignerSecretProvider, falling back to use random secrets. Reason: Could not read signature secret file: /home/runner/hadoop-http-auth-signature-secret
2024-02-09 18:33:59,457 [main] INFO  http.HttpRequestLog (HttpRequestLog.java:getRequestLog(86)) - Http request log for http.requests.hddsDatanode is not defined
2024-02-09 18:33:59,458 [main] INFO  http.HttpServer2 (HttpServer2.java:addGlobalFilter(1036)) - Added global filter 'safety' (class=org.apache.hadoop.hdds.server.http.HttpServer2$QuotingInputFilter)
2024-02-09 18:33:59,459 [main] INFO  http.HttpServer2 (HttpServer2.java:addFilter(1012)) - Added filter static_user_filter (class=org.apache.hadoop.http.lib.StaticUserWebFilter$StaticUserFilter) to context hddsDatanode
2024-02-09 18:33:59,459 [main] INFO  http.HttpServer2 (HttpServer2.java:addFilter(1020)) - Added filter static_user_filter (class=org.apache.hadoop.http.lib.StaticUserWebFilter$StaticUserFilter) to context logs
2024-02-09 18:33:59,459 [main] INFO  http.HttpServer2 (HttpServer2.java:addFilter(1020)) - Added filter static_user_filter (class=org.apache.hadoop.http.lib.StaticUserWebFilter$StaticUserFilter) to context static
2024-02-09 18:33:59,460 [main] INFO  http.BaseHttpServer (BaseHttpServer.java:<init>(189)) - HTTP server of hddsDatanode uses base directory /home/runner/work/ozone/ozone/hadoop-ozone/integration-test/target/test-dir/MiniOzoneClusterImpl-2e7e0147-493e-4f7b-8772-843c2731e345/datanode-2/meta/webserver
2024-02-09 18:33:59,460 [main] INFO  http.HttpServer2 (HttpServer2.java:bindListener(1236)) - Jetty bound to port 15116
2024-02-09 18:33:59,460 [main] INFO  server.Server (Server.java:doStart(375)) - jetty-9.4.53.v20231009; built: 2023-10-09T12:29:09.265Z; git: 27bde00a0b95a1d5bbee0eae7984f891d2d0f8c9; jvm 1.8.0_402-b06
2024-02-09 18:33:59,461 [main] INFO  server.session (DefaultSessionIdManager.java:doStart(334)) - DefaultSessionIdManager workerName=node0
2024-02-09 18:33:59,461 [main] INFO  server.session (DefaultSessionIdManager.java:doStart(339)) - No SessionScavenger set, using defaults
2024-02-09 18:33:59,461 [main] INFO  server.session (HouseKeeper.java:startScavenging(132)) - node0 Scavenging every 600000ms
2024-02-09 18:33:59,464 [main] INFO  handler.ContextHandler (ContextHandler.java:doStart(921)) - Started o.e.j.s.ServletContextHandler@5d678b8{logs,/logs,file:///home/runner/work/ozone/ozone/hadoop-ozone/integration-test/target/log,AVAILABLE}
2024-02-09 18:33:59,464 [main] INFO  handler.ContextHandler (ContextHandler.java:doStart(921)) - Started o.e.j.s.ServletContextHandler@2329f146{static,/static,jar:file:/home/runner/.m2/repository/org/apache/ozone/hdds-container-service/1.5.0-SNAPSHOT/hdds-container-service-1.5.0-SNAPSHOT.jar!/webapps/static,AVAILABLE}
2024-02-09 18:33:59,503 [main] INFO  handler.ContextHandler (ContextHandler.java:doStart(921)) - Started o.e.j.w.WebAppContext@674982c3{hddsDatanode,/,file:///home/runner/work/ozone/ozone/hadoop-ozone/integration-test/target/test-dir/MiniOzoneClusterImpl-2e7e0147-493e-4f7b-8772-843c2731e345/datanode-2/meta/webserver/jetty-0_0_0_0-15116-hdds-container-service-1_5_0-SNAPSHOT_jar-_-any-2163144500676245222/webapp/,AVAILABLE}{jar:file:/home/runner/.m2/repository/org/apache/ozone/hdds-container-service/1.5.0-SNAPSHOT/hdds-container-service-1.5.0-SNAPSHOT.jar!/webapps/hddsDatanode}
2024-02-09 18:33:59,505 [main] INFO  server.AbstractConnector (AbstractConnector.java:doStart(333)) - Started ServerConnector@31a818d4{HTTP/1.1, (http/1.1)}{0.0.0.0:15116}
2024-02-09 18:33:59,506 [main] INFO  server.Server (Server.java:doStart(415)) - Started @43299ms
2024-02-09 18:33:59,506 [main] WARN  impl.MetricsSystemImpl (MetricsSystemImpl.java:register(279)) - Sink prometheus already exists!
2024-02-09 18:33:59,506 [main] INFO  http.BaseHttpServer (BaseHttpServer.java:updateConnectorAddress(354)) - HTTP server of hddsDatanode listening at http://0.0.0.0:15116
2024-02-09 18:33:59,507 [main] INFO  ipc.CallQueueManager (CallQueueManager.java:<init>(90)) - Using callQueue: class java.util.concurrent.LinkedBlockingQueue, queueCapacity: 100, scheduler: class org.apache.hadoop.ipc.DefaultRpcScheduler, ipcBackoff: false.
2024-02-09 18:33:59,507 [main] INFO  ipc.Server (Server.java:<init>(1287)) - Listener at 0.0.0.0:15117
2024-02-09 18:33:59,508 [Socket Reader #1 for port 15117] INFO  ipc.Server (Server.java:run(1323)) - Starting Socket Reader #1 for port 15117
2024-02-09 18:33:59,512 [main] INFO  ozone.HddsDatanodeService (HddsDatanodeService.java:start(327)) - Datanode start with admins: [runner]
2024-02-09 18:33:59,512 [main] INFO  ozone.HddsDatanodeClientProtocolServer (HddsDatanodeClientProtocolServer.java:start(72)) - RPC server for Client /0.0.0.0:15117
2024-02-09 18:33:59,513 [IPC Server Responder] INFO  ipc.Server (Server.java:run(1562)) - IPC Server Responder: starting
2024-02-09 18:33:59,513 [IPC Server listener on 15117] INFO  ipc.Server (Server.java:run(1402)) - IPC Server listener on 15117: starting
2024-02-09 18:33:59,517 [6ea81ba3-4cc7-4d8f-90c6-66e0677302b1-DatanodeStateMachineDaemonThread] INFO  statemachine.DatanodeStateMachine (DatanodeStateMachine.java:lambda$startDaemon$1(555)) - Ozone container server started.
2024-02-09 18:33:59,517 [main] WARN  dropwizard3.Dm3MetricRegistriesImpl (Dm3MetricRegistriesImpl.java:addReporterRegistration(113)) - New reporters are added after registries were created. Some metrics will be missing from the reporter. Please add reporter before adding any new registry.
2024-02-09 18:33:59,518 [main] WARN  dropwizard3.Dm3MetricRegistriesImpl (Dm3MetricRegistriesImpl.java:addReporterRegistration(113)) - New reporters are added after registries were created. Some metrics will be missing from the reporter. Please add reporter before adding any new registry.
2024-02-09 18:33:59,519 [main] INFO  impl.MetricsSystemImpl (MetricsSystemImpl.java:init(158)) - HddsDatanode metrics system started (again)
2024-02-09 18:33:59,522 [6ea81ba3-4cc7-4d8f-90c6-66e0677302b1-DatanodeStateMachineTaskThread-0] INFO  datanode.InitDatanodeState (InitDatanodeState.java:persistContainerDatanodeDetails(139)) - DatanodeDetails is persisted to /home/runner/work/ozone/ozone/hadoop-ozone/integration-test/target/test-dir/MiniOzoneClusterImpl-2e7e0147-493e-4f7b-8772-843c2731e345/datanode-2/meta/datanode.id
2024-02-09 18:33:59,528 [main] INFO  ozone.HddsDatanodeService (HddsDatanodeService.java:start(240)) - HddsDatanodeService host:fv-az1241-572.pcjn5njxctguzesueqcwbvg5cg.ex.internal.cloudapp.net ip:10.1.0.43
2024-02-09 18:33:59,545 [main] INFO  upgrade.AbstractLayoutVersionManager (AbstractLayoutVersionManager.java:init(83)) - Initializing Layout version manager with metadata layout = HADOOP_PRC_PORTS_IN_DATANODEDETAILS (version = 7), software layout = HADOOP_PRC_PORTS_IN_DATANODEDETAILS (version = 7)
2024-02-09 18:33:59,546 [main] INFO  statemachine.DatanodeStateMachine (DatanodeStateMachine.java:getEndPointTaskThreadPoolSize(299)) - Datanode State Machine Task Thread Pool size 2
2024-02-09 18:33:59,547 [main] INFO  volume.HddsVolume (HddsVolume.java:<init>(125)) - Creating HddsVolume: /home/runner/work/ozone/ozone/hadoop-ozone/integration-test/target/test-dir/MiniOzoneClusterImpl-2e7e0147-493e-4f7b-8772-843c2731e345/datanode-3/data-0/containers/hdds of storage type : DISK capacity : 9223372036854775807
2024-02-09 18:33:59,547 [main] INFO  volume.MutableVolumeSet (MutableVolumeSet.java:initializeVolumeSet(173)) - Added Volume : /home/runner/work/ozone/ozone/hadoop-ozone/integration-test/target/test-dir/MiniOzoneClusterImpl-2e7e0147-493e-4f7b-8772-843c2731e345/datanode-3/data-0/containers/hdds to VolumeSet
2024-02-09 18:33:59,548 [main] INFO  volume.MutableVolumeSet (MutableVolumeSet.java:initializeVolumeSet(173)) - Added Volume : /home/runner/work/ozone/ozone/hadoop-ozone/integration-test/target/test-dir/MiniOzoneClusterImpl-2e7e0147-493e-4f7b-8772-843c2731e345/datanode-3/data/ratis to VolumeSet
2024-02-09 18:33:59,548 [main] INFO  ozoneimpl.OzoneContainer (HddsVolumeUtil.java:loadAllHddsVolumeDbStore(103)) - Load 1 volumes DbStore cost: 0ms
2024-02-09 18:33:59,549 [main] INFO  server.RaftServer (ConfUtils.java:logGet(46)) - raft.rpc.type = GRPC (default)
2024-02-09 18:33:59,550 [main] INFO  grpc.GrpcConfigKeys (ConfUtils.java:logFallback(53)) - raft.grpc.admin.host = null (fallback to raft.grpc.server.host)
2024-02-09 18:33:59,550 [main] INFO  grpc.GrpcConfigKeys (ConfUtils.java:logGet(46)) - raft.grpc.admin.port = 15129 (custom)
2024-02-09 18:33:59,550 [main] INFO  grpc.GrpcConfigKeys (ConfUtils.java:logFallback(53)) - raft.grpc.client.host = null (fallback to raft.grpc.server.host)
2024-02-09 18:33:59,550 [main] INFO  grpc.GrpcConfigKeys (ConfUtils.java:logGet(46)) - raft.grpc.client.port = 15128 (custom)
2024-02-09 18:33:59,550 [main] INFO  grpc.GrpcConfigKeys (ConfUtils.java:logGet(46)) - raft.grpc.server.host = null (default)
2024-02-09 18:33:59,550 [main] INFO  grpc.GrpcConfigKeys (ConfUtils.java:logGet(46)) - raft.grpc.server.port = 15130 (custom)
2024-02-09 18:33:59,550 [main] INFO  server.GrpcService (ConfUtils.java:logGet(46)) - raft.grpc.message.size.max = 32MB (=33554432) (custom)
2024-02-09 18:33:59,550 [main] INFO  server.RaftServerConfigKeys (ConfUtils.java:logGet(46)) - raft.server.log.appender.buffer.byte-limit = 8388608 (custom)
2024-02-09 18:33:59,551 [main] INFO  server.GrpcService (ConfUtils.java:logGet(46)) - raft.grpc.flow.control.window = 5MB (=5242880) (custom)
2024-02-09 18:33:59,551 [main] INFO  server.RaftServerConfigKeys (ConfUtils.java:logGet(46)) - raft.server.rpc.request.timeout = 3000ms (default)
2024-02-09 18:33:59,551 [main] INFO  grpc.GrpcConfigKeys (ConfUtils.java:logGet(46)) - raft.grpc.server.heartbeat.channel = true (default)
2024-02-09 18:33:59,551 [main] INFO  grpc.GrpcConfigKeys (ConfUtils.java:logGet(46)) - raft.grpc.server.async.request.thread.pool.cached = true (default)
2024-02-09 18:33:59,551 [main] INFO  grpc.GrpcConfigKeys (ConfUtils.java:logGet(46)) - raft.grpc.server.async.request.thread.pool.size = 32 (default)
2024-02-09 18:33:59,553 [main] INFO  impl.DataStreamServerImpl (ConfUtils.java:logGet(46)) - raft.datastream.type = NETTY (custom)
2024-02-09 18:33:59,553 [main] INFO  server.RaftServerConfigKeys (ConfUtils.java:logGet(46)) - raft.server.data-stream.async.request.thread.pool.cached = false (default)
2024-02-09 18:33:59,553 [main] INFO  server.RaftServerConfigKeys (ConfUtils.java:logGet(46)) - raft.server.data-stream.async.request.thread.pool.size = 20 (custom)
2024-02-09 18:33:59,553 [main] INFO  server.RaftServerConfigKeys (ConfUtils.java:logGet(46)) - raft.server.data-stream.async.write.thread.pool.size = 16 (default)
2024-02-09 18:33:59,553 [main] INFO  netty.NettyConfigKeys$DataStream (ConfUtils.java:logGet(46)) - raft.netty.dataStream.server.channel.inactive.grace-period = 10min (default)
2024-02-09 18:33:59,554 [main] INFO  server.RaftServerConfigKeys (ConfUtils.java:logGet(46)) - raft.server.data-stream.client.pool.size = 10 (default)
2024-02-09 18:33:59,554 [main] INFO  netty.NettyConfigKeys$DataStream (ConfUtils.java:logGet(46)) - raft.netty.dataStream.server.use-epoll = true (default)
2024-02-09 18:33:59,554 [main] INFO  netty.NettyConfigKeys$DataStream (ConfUtils.java:logGet(46)) - raft.netty.dataStream.server.boss-group.size = 0 (default)
2024-02-09 18:33:59,554 [main] INFO  netty.NettyUtils (NettyUtils.java:newEventLoopGroup(69)) - Create EpollEventLoopGroup for 19714071-6985-4253-9bb3-86e59ac051d1-NettyServerStreamRpc-bossGroup; Thread size is 0.
2024-02-09 18:33:59,555 [main] INFO  netty.NettyConfigKeys$DataStream (ConfUtils.java:logGet(46)) - raft.netty.dataStream.server.worker-group.size = 0 (default)
2024-02-09 18:33:59,555 [main] INFO  netty.NettyUtils (NettyUtils.java:newEventLoopGroup(69)) - Create EpollEventLoopGroup for 19714071-6985-4253-9bb3-86e59ac051d1-NettyServerStreamRpc-workerGroup; Thread size is 0.
2024-02-09 18:33:59,555 [main] INFO  netty.NettyConfigKeys$DataStream (ConfUtils.java:logGet(46)) - raft.netty.dataStream.server.tls.conf = null (default)
2024-02-09 18:33:59,556 [main] INFO  netty.NettyConfigKeys$DataStream (ConfUtils.java:logGet(46)) - raft.netty.dataStream.host = null (default)
2024-02-09 18:33:59,556 [main] INFO  netty.NettyConfigKeys$DataStream (ConfUtils.java:logGet(46)) - raft.netty.dataStream.port = 15131 (custom)
2024-02-09 18:33:59,556 [main] INFO  server.RaftServerConfigKeys (ConfUtils.java:logGet(46)) - raft.server.sleep.deviation.threshold = 300ms (default)
2024-02-09 18:33:59,556 [19714071-6985-4253-9bb3-86e59ac051d1-NettyServerStreamRpc-bossGroup--thread1] INFO  logging.LoggingHandler (AbstractInternalLogger.java:log(148)) - [id: 0x123913a9] REGISTERED
2024-02-09 18:33:59,556 [main] INFO  server.RaftServerConfigKeys (ConfUtils.java:logGet(46)) - raft.server.close.threshold = 60s (default)
2024-02-09 18:33:59,557 [19714071-6985-4253-9bb3-86e59ac051d1-NettyServerStreamRpc-bossGroup--thread1] INFO  logging.LoggingHandler (AbstractInternalLogger.java:log(148)) - [id: 0x123913a9] BIND: 0.0.0.0/0.0.0.0:15131
2024-02-09 18:33:59,557 [main] INFO  server.RaftServerConfigKeys (ConfUtils.java:logGet(46)) - raft.server.leaderelection.leader.step-down.wait-time = 10s (default)
2024-02-09 18:33:59,557 [19714071-6985-4253-9bb3-86e59ac051d1-NettyServerStreamRpc-bossGroup--thread1] INFO  logging.LoggingHandler (AbstractInternalLogger.java:log(148)) - [id: 0x123913a9, L:/0.0.0.0:15131] ACTIVE
2024-02-09 18:33:59,557 [main] INFO  server.RaftServerConfigKeys (ConfUtils.java:logGet(46)) - raft.server.storage.dir = [/home/runner/work/ozone/ozone/hadoop-ozone/integration-test/target/test-dir/MiniOzoneClusterImpl-2e7e0147-493e-4f7b-8772-843c2731e345/datanode-3/data/ratis] (custom)
2024-02-09 18:33:59,557 [main] INFO  server.RaftServerConfigKeys (ConfUtils.java:logGet(46)) - raft.server.threadpool.proxy.cached = true (default)
2024-02-09 18:33:59,558 [main] INFO  server.RaftServerConfigKeys (ConfUtils.java:logGet(46)) - raft.server.threadpool.proxy.size = 0 (default)
2024-02-09 18:33:59,558 [19714071-6985-4253-9bb3-86e59ac051d1-impl-thread1] INFO  server.RaftServer (RaftServerProxy.java:initGroupDir(264)) - 19714071-6985-4253-9bb3-86e59ac051d1: found a subdirectory /home/runner/work/ozone/ozone/hadoop-ozone/integration-test/target/test-dir/MiniOzoneClusterImpl-2e7e0147-493e-4f7b-8772-843c2731e345/datanode-3/data/ratis/tmp
2024-02-09 18:33:59,558 [19714071-6985-4253-9bb3-86e59ac051d1-impl-thread1] INFO  server.RaftServer (RaftServerProxy.java:initGroupDir(269)) - 19714071-6985-4253-9bb3-86e59ac051d1: The directory /home/runner/work/ozone/ozone/hadoop-ozone/integration-test/target/test-dir/MiniOzoneClusterImpl-2e7e0147-493e-4f7b-8772-843c2731e345/datanode-3/data/ratis/tmp is not a group directory; ignoring it. 
2024-02-09 18:33:59,558 [main] INFO  replication.ReplicationServer (ReplicationServer.java:<init>(86)) - Initializing replication server with thread count = 10 queue length = 4096
2024-02-09 18:33:59,559 [main] INFO  server.XceiverServerGrpc (XceiverServerGrpc.java:<init>(141)) - GrpcServer channel type EpollServerSocketChannel
2024-02-09 18:33:59,561 [main] INFO  replication.ReplicationSupervisor (ReplicationSupervisor.java:build(163)) - Initializing replication supervisor with thread count = 10
2024-02-09 18:33:59,561 [main] INFO  replication.ReplicationSupervisor (ReplicationSupervisor.java:nodeStateUpdated(317)) - Node state updated to IN_SERVICE, scaling executor pool size to 10
2024-02-09 18:33:59,563 [main] INFO  http.BaseHttpServer (BaseHttpServer.java:newHttpServer2BuilderForOzone(223)) - Starting Web-server for hddsDatanode at: http://0.0.0.0:15125
2024-02-09 18:33:59,564 [main] INFO  http.BaseHttpServer (BaseHttpServer.java:<init>(110)) - Hadoop Security Enabled: false Ozone Security Enabled: false Ozone HTTP Security Enabled: false 
2024-02-09 18:33:59,565 [main] WARN  server.AuthenticationFilter (AuthenticationFilter.java:constructSecretProvider(240)) - Unable to initialize FileSignerSecretProvider, falling back to use random secrets. Reason: Could not read signature secret file: /home/runner/hadoop-http-auth-signature-secret
2024-02-09 18:33:59,565 [main] INFO  http.HttpRequestLog (HttpRequestLog.java:getRequestLog(86)) - Http request log for http.requests.hddsDatanode is not defined
2024-02-09 18:33:59,566 [main] INFO  http.HttpServer2 (HttpServer2.java:addGlobalFilter(1036)) - Added global filter 'safety' (class=org.apache.hadoop.hdds.server.http.HttpServer2$QuotingInputFilter)
2024-02-09 18:33:59,567 [main] INFO  http.HttpServer2 (HttpServer2.java:addFilter(1012)) - Added filter static_user_filter (class=org.apache.hadoop.http.lib.StaticUserWebFilter$StaticUserFilter) to context hddsDatanode
2024-02-09 18:33:59,567 [main] INFO  http.HttpServer2 (HttpServer2.java:addFilter(1020)) - Added filter static_user_filter (class=org.apache.hadoop.http.lib.StaticUserWebFilter$StaticUserFilter) to context static
2024-02-09 18:33:59,567 [main] INFO  http.HttpServer2 (HttpServer2.java:addFilter(1020)) - Added filter static_user_filter (class=org.apache.hadoop.http.lib.StaticUserWebFilter$StaticUserFilter) to context logs
2024-02-09 18:33:59,568 [main] INFO  http.BaseHttpServer (BaseHttpServer.java:<init>(189)) - HTTP server of hddsDatanode uses base directory /home/runner/work/ozone/ozone/hadoop-ozone/integration-test/target/test-dir/MiniOzoneClusterImpl-2e7e0147-493e-4f7b-8772-843c2731e345/datanode-3/meta/webserver
2024-02-09 18:33:59,568 [main] INFO  http.HttpServer2 (HttpServer2.java:bindListener(1236)) - Jetty bound to port 15125
2024-02-09 18:33:59,569 [main] INFO  server.Server (Server.java:doStart(375)) - jetty-9.4.53.v20231009; built: 2023-10-09T12:29:09.265Z; git: 27bde00a0b95a1d5bbee0eae7984f891d2d0f8c9; jvm 1.8.0_402-b06
2024-02-09 18:33:59,570 [main] INFO  server.session (DefaultSessionIdManager.java:doStart(334)) - DefaultSessionIdManager workerName=node0
2024-02-09 18:33:59,570 [main] INFO  server.session (DefaultSessionIdManager.java:doStart(339)) - No SessionScavenger set, using defaults
2024-02-09 18:33:59,570 [main] INFO  server.session (HouseKeeper.java:startScavenging(132)) - node0 Scavenging every 660000ms
2024-02-09 18:33:59,571 [main] INFO  handler.ContextHandler (ContextHandler.java:doStart(921)) - Started o.e.j.s.ServletContextHandler@7ce79563{logs,/logs,file:///home/runner/work/ozone/ozone/hadoop-ozone/integration-test/target/log,AVAILABLE}
2024-02-09 18:33:59,571 [main] INFO  handler.ContextHandler (ContextHandler.java:doStart(921)) - Started o.e.j.s.ServletContextHandler@2662e9f1{static,/static,jar:file:/home/runner/.m2/repository/org/apache/ozone/hdds-container-service/1.5.0-SNAPSHOT/hdds-container-service-1.5.0-SNAPSHOT.jar!/webapps/static,AVAILABLE}
2024-02-09 18:33:59,609 [main] INFO  handler.ContextHandler (ContextHandler.java:doStart(921)) - Started o.e.j.w.WebAppContext@27225e83{hddsDatanode,/,file:///home/runner/work/ozone/ozone/hadoop-ozone/integration-test/target/test-dir/MiniOzoneClusterImpl-2e7e0147-493e-4f7b-8772-843c2731e345/datanode-3/meta/webserver/jetty-0_0_0_0-15125-hdds-container-service-1_5_0-SNAPSHOT_jar-_-any-6154777544269548180/webapp/,AVAILABLE}{jar:file:/home/runner/.m2/repository/org/apache/ozone/hdds-container-service/1.5.0-SNAPSHOT/hdds-container-service-1.5.0-SNAPSHOT.jar!/webapps/hddsDatanode}
2024-02-09 18:33:59,611 [main] INFO  server.AbstractConnector (AbstractConnector.java:doStart(333)) - Started ServerConnector@3ec0ea1c{HTTP/1.1, (http/1.1)}{0.0.0.0:15125}
2024-02-09 18:33:59,611 [main] INFO  server.Server (Server.java:doStart(415)) - Started @43405ms
2024-02-09 18:33:59,611 [main] WARN  impl.MetricsSystemImpl (MetricsSystemImpl.java:register(279)) - Sink prometheus already exists!
2024-02-09 18:33:59,612 [main] INFO  http.BaseHttpServer (BaseHttpServer.java:updateConnectorAddress(354)) - HTTP server of hddsDatanode listening at http://0.0.0.0:15125
2024-02-09 18:33:59,612 [main] INFO  ipc.CallQueueManager (CallQueueManager.java:<init>(90)) - Using callQueue: class java.util.concurrent.LinkedBlockingQueue, queueCapacity: 100, scheduler: class org.apache.hadoop.ipc.DefaultRpcScheduler, ipcBackoff: false.
2024-02-09 18:33:59,612 [main] INFO  ipc.Server (Server.java:<init>(1287)) - Listener at 0.0.0.0:15126
2024-02-09 18:33:59,616 [Socket Reader #1 for port 15126] INFO  ipc.Server (Server.java:run(1323)) - Starting Socket Reader #1 for port 15126
2024-02-09 18:33:59,619 [main] INFO  ozone.HddsDatanodeService (HddsDatanodeService.java:start(327)) - Datanode start with admins: [runner]
2024-02-09 18:33:59,619 [main] INFO  ozone.HddsDatanodeClientProtocolServer (HddsDatanodeClientProtocolServer.java:start(72)) - RPC server for Client /0.0.0.0:15126
2024-02-09 18:33:59,619 [IPC Server Responder] INFO  ipc.Server (Server.java:run(1562)) - IPC Server Responder: starting
2024-02-09 18:33:59,622 [IPC Server listener on 15126] INFO  ipc.Server (Server.java:run(1402)) - IPC Server listener on 15126: starting
2024-02-09 18:33:59,625 [19714071-6985-4253-9bb3-86e59ac051d1-DatanodeStateMachineDaemonThread] INFO  statemachine.DatanodeStateMachine (DatanodeStateMachine.java:lambda$startDaemon$1(555)) - Ozone container server started.
2024-02-09 18:33:59,625 [main] WARN  dropwizard3.Dm3MetricRegistriesImpl (Dm3MetricRegistriesImpl.java:addReporterRegistration(113)) - New reporters are added after registries were created. Some metrics will be missing from the reporter. Please add reporter before adding any new registry.
2024-02-09 18:33:59,626 [main] WARN  dropwizard3.Dm3MetricRegistriesImpl (Dm3MetricRegistriesImpl.java:addReporterRegistration(113)) - New reporters are added after registries were created. Some metrics will be missing from the reporter. Please add reporter before adding any new registry.
2024-02-09 18:33:59,627 [main] INFO  impl.MetricsSystemImpl (MetricsSystemImpl.java:init(158)) - HddsDatanode metrics system started (again)
2024-02-09 18:33:59,630 [19714071-6985-4253-9bb3-86e59ac051d1-DatanodeStateMachineTaskThread-0] INFO  datanode.InitDatanodeState (InitDatanodeState.java:persistContainerDatanodeDetails(139)) - DatanodeDetails is persisted to /home/runner/work/ozone/ozone/hadoop-ozone/integration-test/target/test-dir/MiniOzoneClusterImpl-2e7e0147-493e-4f7b-8772-843c2731e345/datanode-3/meta/datanode.id
2024-02-09 18:33:59,636 [main] INFO  ozone.HddsDatanodeService (HddsDatanodeService.java:start(240)) - HddsDatanodeService host:fv-az1241-572.pcjn5njxctguzesueqcwbvg5cg.ex.internal.cloudapp.net ip:10.1.0.43
2024-02-09 18:33:59,658 [main] INFO  upgrade.AbstractLayoutVersionManager (AbstractLayoutVersionManager.java:init(83)) - Initializing Layout version manager with metadata layout = HADOOP_PRC_PORTS_IN_DATANODEDETAILS (version = 7), software layout = HADOOP_PRC_PORTS_IN_DATANODEDETAILS (version = 7)
2024-02-09 18:33:59,659 [main] INFO  statemachine.DatanodeStateMachine (DatanodeStateMachine.java:getEndPointTaskThreadPoolSize(299)) - Datanode State Machine Task Thread Pool size 2
2024-02-09 18:33:59,660 [main] INFO  volume.HddsVolume (HddsVolume.java:<init>(125)) - Creating HddsVolume: /home/runner/work/ozone/ozone/hadoop-ozone/integration-test/target/test-dir/MiniOzoneClusterImpl-2e7e0147-493e-4f7b-8772-843c2731e345/datanode-4/data-0/containers/hdds of storage type : DISK capacity : 9223372036854775807
2024-02-09 18:33:59,661 [main] INFO  volume.MutableVolumeSet (MutableVolumeSet.java:initializeVolumeSet(173)) - Added Volume : /home/runner/work/ozone/ozone/hadoop-ozone/integration-test/target/test-dir/MiniOzoneClusterImpl-2e7e0147-493e-4f7b-8772-843c2731e345/datanode-4/data-0/containers/hdds to VolumeSet
2024-02-09 18:33:59,661 [main] INFO  volume.MutableVolumeSet (MutableVolumeSet.java:initializeVolumeSet(173)) - Added Volume : /home/runner/work/ozone/ozone/hadoop-ozone/integration-test/target/test-dir/MiniOzoneClusterImpl-2e7e0147-493e-4f7b-8772-843c2731e345/datanode-4/data/ratis to VolumeSet
2024-02-09 18:33:59,662 [main] INFO  ozoneimpl.OzoneContainer (HddsVolumeUtil.java:loadAllHddsVolumeDbStore(103)) - Load 1 volumes DbStore cost: 0ms
2024-02-09 18:33:59,664 [main] INFO  server.RaftServer (ConfUtils.java:logGet(46)) - raft.rpc.type = GRPC (default)
2024-02-09 18:33:59,665 [main] INFO  grpc.GrpcConfigKeys (ConfUtils.java:logFallback(53)) - raft.grpc.admin.host = null (fallback to raft.grpc.server.host)
2024-02-09 18:33:59,665 [main] INFO  grpc.GrpcConfigKeys (ConfUtils.java:logGet(46)) - raft.grpc.admin.port = 15138 (custom)
2024-02-09 18:33:59,665 [main] INFO  grpc.GrpcConfigKeys (ConfUtils.java:logFallback(53)) - raft.grpc.client.host = null (fallback to raft.grpc.server.host)
2024-02-09 18:33:59,665 [main] INFO  grpc.GrpcConfigKeys (ConfUtils.java:logGet(46)) - raft.grpc.client.port = 15137 (custom)
2024-02-09 18:33:59,666 [main] INFO  grpc.GrpcConfigKeys (ConfUtils.java:logGet(46)) - raft.grpc.server.host = null (default)
2024-02-09 18:33:59,666 [main] INFO  grpc.GrpcConfigKeys (ConfUtils.java:logGet(46)) - raft.grpc.server.port = 15139 (custom)
2024-02-09 18:33:59,666 [main] INFO  server.GrpcService (ConfUtils.java:logGet(46)) - raft.grpc.message.size.max = 32MB (=33554432) (custom)
2024-02-09 18:33:59,666 [main] INFO  server.RaftServerConfigKeys (ConfUtils.java:logGet(46)) - raft.server.log.appender.buffer.byte-limit = 8388608 (custom)
2024-02-09 18:33:59,666 [main] INFO  server.GrpcService (ConfUtils.java:logGet(46)) - raft.grpc.flow.control.window = 5MB (=5242880) (custom)
2024-02-09 18:33:59,667 [main] INFO  server.RaftServerConfigKeys (ConfUtils.java:logGet(46)) - raft.server.rpc.request.timeout = 3000ms (default)
2024-02-09 18:33:59,667 [main] INFO  grpc.GrpcConfigKeys (ConfUtils.java:logGet(46)) - raft.grpc.server.heartbeat.channel = true (default)
2024-02-09 18:33:59,667 [main] INFO  grpc.GrpcConfigKeys (ConfUtils.java:logGet(46)) - raft.grpc.server.async.request.thread.pool.cached = true (default)
2024-02-09 18:33:59,667 [main] INFO  grpc.GrpcConfigKeys (ConfUtils.java:logGet(46)) - raft.grpc.server.async.request.thread.pool.size = 32 (default)
2024-02-09 18:33:59,670 [main] INFO  impl.DataStreamServerImpl (ConfUtils.java:logGet(46)) - raft.datastream.type = NETTY (custom)
2024-02-09 18:33:59,670 [main] INFO  server.RaftServerConfigKeys (ConfUtils.java:logGet(46)) - raft.server.data-stream.async.request.thread.pool.cached = false (default)
2024-02-09 18:33:59,670 [main] INFO  server.RaftServerConfigKeys (ConfUtils.java:logGet(46)) - raft.server.data-stream.async.request.thread.pool.size = 20 (custom)
2024-02-09 18:33:59,671 [main] INFO  server.RaftServerConfigKeys (ConfUtils.java:logGet(46)) - raft.server.data-stream.async.write.thread.pool.size = 16 (default)
2024-02-09 18:33:59,671 [main] INFO  netty.NettyConfigKeys$DataStream (ConfUtils.java:logGet(46)) - raft.netty.dataStream.server.channel.inactive.grace-period = 10min (default)
2024-02-09 18:33:59,671 [main] INFO  server.RaftServerConfigKeys (ConfUtils.java:logGet(46)) - raft.server.data-stream.client.pool.size = 10 (default)
2024-02-09 18:33:59,671 [main] INFO  netty.NettyConfigKeys$DataStream (ConfUtils.java:logGet(46)) - raft.netty.dataStream.server.use-epoll = true (default)
2024-02-09 18:33:59,672 [main] INFO  netty.NettyConfigKeys$DataStream (ConfUtils.java:logGet(46)) - raft.netty.dataStream.server.boss-group.size = 0 (default)
2024-02-09 18:33:59,672 [main] INFO  netty.NettyUtils (NettyUtils.java:newEventLoopGroup(69)) - Create EpollEventLoopGroup for 50f87e96-d653-4358-9a58-224b3bed4094-NettyServerStreamRpc-bossGroup; Thread size is 0.
2024-02-09 18:33:59,672 [main] INFO  netty.NettyConfigKeys$DataStream (ConfUtils.java:logGet(46)) - raft.netty.dataStream.server.worker-group.size = 0 (default)
2024-02-09 18:33:59,672 [main] INFO  netty.NettyUtils (NettyUtils.java:newEventLoopGroup(69)) - Create EpollEventLoopGroup for 50f87e96-d653-4358-9a58-224b3bed4094-NettyServerStreamRpc-workerGroup; Thread size is 0.
2024-02-09 18:33:59,673 [main] INFO  netty.NettyConfigKeys$DataStream (ConfUtils.java:logGet(46)) - raft.netty.dataStream.server.tls.conf = null (default)
2024-02-09 18:33:59,673 [main] INFO  netty.NettyConfigKeys$DataStream (ConfUtils.java:logGet(46)) - raft.netty.dataStream.host = null (default)
2024-02-09 18:33:59,673 [main] INFO  netty.NettyConfigKeys$DataStream (ConfUtils.java:logGet(46)) - raft.netty.dataStream.port = 15140 (custom)
2024-02-09 18:33:59,674 [main] INFO  server.RaftServerConfigKeys (ConfUtils.java:logGet(46)) - raft.server.sleep.deviation.threshold = 300ms (default)
2024-02-09 18:33:59,674 [main] INFO  server.RaftServerConfigKeys (ConfUtils.java:logGet(46)) - raft.server.close.threshold = 60s (default)
2024-02-09 18:33:59,674 [main] INFO  server.RaftServerConfigKeys (ConfUtils.java:logGet(46)) - raft.server.leaderelection.leader.step-down.wait-time = 10s (default)
2024-02-09 18:33:59,674 [main] INFO  server.RaftServerConfigKeys (ConfUtils.java:logGet(46)) - raft.server.storage.dir = [/home/runner/work/ozone/ozone/hadoop-ozone/integration-test/target/test-dir/MiniOzoneClusterImpl-2e7e0147-493e-4f7b-8772-843c2731e345/datanode-4/data/ratis] (custom)
2024-02-09 18:33:59,675 [main] INFO  server.RaftServerConfigKeys (ConfUtils.java:logGet(46)) - raft.server.threadpool.proxy.cached = true (default)
2024-02-09 18:33:59,675 [main] INFO  server.RaftServerConfigKeys (ConfUtils.java:logGet(46)) - raft.server.threadpool.proxy.size = 0 (default)
2024-02-09 18:33:59,675 [50f87e96-d653-4358-9a58-224b3bed4094-NettyServerStreamRpc-bossGroup--thread1] INFO  logging.LoggingHandler (AbstractInternalLogger.java:log(148)) - [id: 0x7aa23f68] REGISTERED
2024-02-09 18:33:59,675 [50f87e96-d653-4358-9a58-224b3bed4094-NettyServerStreamRpc-bossGroup--thread1] INFO  logging.LoggingHandler (AbstractInternalLogger.java:log(148)) - [id: 0x7aa23f68] BIND: 0.0.0.0/0.0.0.0:15140
2024-02-09 18:33:59,676 [50f87e96-d653-4358-9a58-224b3bed4094-NettyServerStreamRpc-bossGroup--thread1] INFO  logging.LoggingHandler (AbstractInternalLogger.java:log(148)) - [id: 0x7aa23f68, L:/0.0.0.0:15140] ACTIVE
2024-02-09 18:33:59,677 [50f87e96-d653-4358-9a58-224b3bed4094-impl-thread1] INFO  server.RaftServer (RaftServerProxy.java:initGroupDir(264)) - 50f87e96-d653-4358-9a58-224b3bed4094: found a subdirectory /home/runner/work/ozone/ozone/hadoop-ozone/integration-test/target/test-dir/MiniOzoneClusterImpl-2e7e0147-493e-4f7b-8772-843c2731e345/datanode-4/data/ratis/tmp
2024-02-09 18:33:59,677 [50f87e96-d653-4358-9a58-224b3bed4094-impl-thread1] INFO  server.RaftServer (RaftServerProxy.java:initGroupDir(269)) - 50f87e96-d653-4358-9a58-224b3bed4094: The directory /home/runner/work/ozone/ozone/hadoop-ozone/integration-test/target/test-dir/MiniOzoneClusterImpl-2e7e0147-493e-4f7b-8772-843c2731e345/datanode-4/data/ratis/tmp is not a group directory; ignoring it. 
2024-02-09 18:33:59,677 [main] INFO  replication.ReplicationServer (ReplicationServer.java:<init>(86)) - Initializing replication server with thread count = 10 queue length = 4096
2024-02-09 18:33:59,678 [main] INFO  server.XceiverServerGrpc (XceiverServerGrpc.java:<init>(141)) - GrpcServer channel type EpollServerSocketChannel
2024-02-09 18:33:59,679 [main] INFO  replication.ReplicationSupervisor (ReplicationSupervisor.java:build(163)) - Initializing replication supervisor with thread count = 10
2024-02-09 18:33:59,679 [main] INFO  replication.ReplicationSupervisor (ReplicationSupervisor.java:nodeStateUpdated(317)) - Node state updated to IN_SERVICE, scaling executor pool size to 10
2024-02-09 18:33:59,681 [main] INFO  http.BaseHttpServer (BaseHttpServer.java:newHttpServer2BuilderForOzone(223)) - Starting Web-server for hddsDatanode at: http://0.0.0.0:15134
2024-02-09 18:33:59,682 [main] INFO  http.BaseHttpServer (BaseHttpServer.java:<init>(110)) - Hadoop Security Enabled: false Ozone Security Enabled: false Ozone HTTP Security Enabled: false 
2024-02-09 18:33:59,683 [main] WARN  server.AuthenticationFilter (AuthenticationFilter.java:constructSecretProvider(240)) - Unable to initialize FileSignerSecretProvider, falling back to use random secrets. Reason: Could not read signature secret file: /home/runner/hadoop-http-auth-signature-secret
2024-02-09 18:33:59,683 [main] INFO  http.HttpRequestLog (HttpRequestLog.java:getRequestLog(86)) - Http request log for http.requests.hddsDatanode is not defined
2024-02-09 18:33:59,685 [main] INFO  http.HttpServer2 (HttpServer2.java:addGlobalFilter(1036)) - Added global filter 'safety' (class=org.apache.hadoop.hdds.server.http.HttpServer2$QuotingInputFilter)
2024-02-09 18:33:59,685 [main] INFO  http.HttpServer2 (HttpServer2.java:addFilter(1012)) - Added filter static_user_filter (class=org.apache.hadoop.http.lib.StaticUserWebFilter$StaticUserFilter) to context hddsDatanode
2024-02-09 18:33:59,685 [main] INFO  http.HttpServer2 (HttpServer2.java:addFilter(1020)) - Added filter static_user_filter (class=org.apache.hadoop.http.lib.StaticUserWebFilter$StaticUserFilter) to context logs
2024-02-09 18:33:59,686 [main] INFO  http.HttpServer2 (HttpServer2.java:addFilter(1020)) - Added filter static_user_filter (class=org.apache.hadoop.http.lib.StaticUserWebFilter$StaticUserFilter) to context static
2024-02-09 18:33:59,686 [main] INFO  http.BaseHttpServer (BaseHttpServer.java:<init>(189)) - HTTP server of hddsDatanode uses base directory /home/runner/work/ozone/ozone/hadoop-ozone/integration-test/target/test-dir/MiniOzoneClusterImpl-2e7e0147-493e-4f7b-8772-843c2731e345/datanode-4/meta/webserver
2024-02-09 18:33:59,687 [main] INFO  http.HttpServer2 (HttpServer2.java:bindListener(1236)) - Jetty bound to port 15134
2024-02-09 18:33:59,687 [main] INFO  server.Server (Server.java:doStart(375)) - jetty-9.4.53.v20231009; built: 2023-10-09T12:29:09.265Z; git: 27bde00a0b95a1d5bbee0eae7984f891d2d0f8c9; jvm 1.8.0_402-b06
2024-02-09 18:33:59,688 [main] INFO  server.session (DefaultSessionIdManager.java:doStart(334)) - DefaultSessionIdManager workerName=node0
2024-02-09 18:33:59,688 [main] INFO  server.session (DefaultSessionIdManager.java:doStart(339)) - No SessionScavenger set, using defaults
2024-02-09 18:33:59,689 [main] INFO  server.session (HouseKeeper.java:startScavenging(132)) - node0 Scavenging every 660000ms
2024-02-09 18:33:59,689 [main] INFO  handler.ContextHandler (ContextHandler.java:doStart(921)) - Started o.e.j.s.ServletContextHandler@6c29e6d8{logs,/logs,file:///home/runner/work/ozone/ozone/hadoop-ozone/integration-test/target/log,AVAILABLE}
2024-02-09 18:33:59,690 [main] INFO  handler.ContextHandler (ContextHandler.java:doStart(921)) - Started o.e.j.s.ServletContextHandler@320aad1b{static,/static,jar:file:/home/runner/.m2/repository/org/apache/ozone/hdds-container-service/1.5.0-SNAPSHOT/hdds-container-service-1.5.0-SNAPSHOT.jar!/webapps/static,AVAILABLE}
2024-02-09 18:33:59,723 [main] INFO  handler.ContextHandler (ContextHandler.java:doStart(921)) - Started o.e.j.w.WebAppContext@29579547{hddsDatanode,/,file:///home/runner/work/ozone/ozone/hadoop-ozone/integration-test/target/test-dir/MiniOzoneClusterImpl-2e7e0147-493e-4f7b-8772-843c2731e345/datanode-4/meta/webserver/jetty-0_0_0_0-15134-hdds-container-service-1_5_0-SNAPSHOT_jar-_-any-4709428808281413359/webapp/,AVAILABLE}{jar:file:/home/runner/.m2/repository/org/apache/ozone/hdds-container-service/1.5.0-SNAPSHOT/hdds-container-service-1.5.0-SNAPSHOT.jar!/webapps/hddsDatanode}
2024-02-09 18:33:59,724 [main] INFO  server.AbstractConnector (AbstractConnector.java:doStart(333)) - Started ServerConnector@2b63308{HTTP/1.1, (http/1.1)}{0.0.0.0:15134}
2024-02-09 18:33:59,725 [main] INFO  server.Server (Server.java:doStart(415)) - Started @43518ms
2024-02-09 18:33:59,725 [main] WARN  impl.MetricsSystemImpl (MetricsSystemImpl.java:register(279)) - Sink prometheus already exists!
2024-02-09 18:33:59,725 [main] INFO  http.BaseHttpServer (BaseHttpServer.java:updateConnectorAddress(354)) - HTTP server of hddsDatanode listening at http://0.0.0.0:15134
2024-02-09 18:33:59,725 [main] INFO  ipc.CallQueueManager (CallQueueManager.java:<init>(90)) - Using callQueue: class java.util.concurrent.LinkedBlockingQueue, queueCapacity: 100, scheduler: class org.apache.hadoop.ipc.DefaultRpcScheduler, ipcBackoff: false.
2024-02-09 18:33:59,726 [main] INFO  ipc.Server (Server.java:<init>(1287)) - Listener at 0.0.0.0:15135
2024-02-09 18:33:59,726 [Socket Reader #1 for port 15135] INFO  ipc.Server (Server.java:run(1323)) - Starting Socket Reader #1 for port 15135
2024-02-09 18:33:59,728 [main] INFO  ozone.HddsDatanodeService (HddsDatanodeService.java:start(327)) - Datanode start with admins: [runner]
2024-02-09 18:33:59,728 [main] INFO  ozone.HddsDatanodeClientProtocolServer (HddsDatanodeClientProtocolServer.java:start(72)) - RPC server for Client /0.0.0.0:15135
2024-02-09 18:33:59,728 [IPC Server Responder] INFO  ipc.Server (Server.java:run(1562)) - IPC Server Responder: starting
2024-02-09 18:33:59,728 [IPC Server listener on 15135] INFO  ipc.Server (Server.java:run(1402)) - IPC Server listener on 15135: starting
2024-02-09 18:33:59,733 [50f87e96-d653-4358-9a58-224b3bed4094-DatanodeStateMachineDaemonThread] INFO  statemachine.DatanodeStateMachine (DatanodeStateMachine.java:lambda$startDaemon$1(555)) - Ozone container server started.
2024-02-09 18:33:59,736 [main] WARN  dropwizard3.Dm3MetricRegistriesImpl (Dm3MetricRegistriesImpl.java:addReporterRegistration(113)) - New reporters are added after registries were created. Some metrics will be missing from the reporter. Please add reporter before adding any new registry.
2024-02-09 18:33:59,736 [main] WARN  dropwizard3.Dm3MetricRegistriesImpl (Dm3MetricRegistriesImpl.java:addReporterRegistration(113)) - New reporters are added after registries were created. Some metrics will be missing from the reporter. Please add reporter before adding any new registry.
2024-02-09 18:33:59,736 [main] INFO  impl.MetricsSystemImpl (MetricsSystemImpl.java:init(158)) - HddsDatanode metrics system started (again)
2024-02-09 18:33:59,739 [50f87e96-d653-4358-9a58-224b3bed4094-DatanodeStateMachineTaskThread-0] INFO  datanode.InitDatanodeState (InitDatanodeState.java:persistContainerDatanodeDetails(139)) - DatanodeDetails is persisted to /home/runner/work/ozone/ozone/hadoop-ozone/integration-test/target/test-dir/MiniOzoneClusterImpl-2e7e0147-493e-4f7b-8772-843c2731e345/datanode-4/meta/datanode.id
2024-02-09 18:33:59,745 [main] INFO  ozone.HddsDatanodeService (HddsDatanodeService.java:start(240)) - HddsDatanodeService host:fv-az1241-572.pcjn5njxctguzesueqcwbvg5cg.ex.internal.cloudapp.net ip:10.1.0.43
2024-02-09 18:33:59,760 [main] INFO  upgrade.AbstractLayoutVersionManager (AbstractLayoutVersionManager.java:init(83)) - Initializing Layout version manager with metadata layout = HADOOP_PRC_PORTS_IN_DATANODEDETAILS (version = 7), software layout = HADOOP_PRC_PORTS_IN_DATANODEDETAILS (version = 7)
2024-02-09 18:33:59,760 [main] INFO  statemachine.DatanodeStateMachine (DatanodeStateMachine.java:getEndPointTaskThreadPoolSize(299)) - Datanode State Machine Task Thread Pool size 2
2024-02-09 18:33:59,762 [main] INFO  volume.HddsVolume (HddsVolume.java:<init>(125)) - Creating HddsVolume: /home/runner/work/ozone/ozone/hadoop-ozone/integration-test/target/test-dir/MiniOzoneClusterImpl-2e7e0147-493e-4f7b-8772-843c2731e345/datanode-5/data-0/containers/hdds of storage type : DISK capacity : 9223372036854775807
2024-02-09 18:33:59,762 [main] INFO  volume.MutableVolumeSet (MutableVolumeSet.java:initializeVolumeSet(173)) - Added Volume : /home/runner/work/ozone/ozone/hadoop-ozone/integration-test/target/test-dir/MiniOzoneClusterImpl-2e7e0147-493e-4f7b-8772-843c2731e345/datanode-5/data-0/containers/hdds to VolumeSet
2024-02-09 18:33:59,763 [main] INFO  volume.MutableVolumeSet (MutableVolumeSet.java:initializeVolumeSet(173)) - Added Volume : /home/runner/work/ozone/ozone/hadoop-ozone/integration-test/target/test-dir/MiniOzoneClusterImpl-2e7e0147-493e-4f7b-8772-843c2731e345/datanode-5/data/ratis to VolumeSet
2024-02-09 18:33:59,763 [main] INFO  ozoneimpl.OzoneContainer (HddsVolumeUtil.java:loadAllHddsVolumeDbStore(103)) - Load 1 volumes DbStore cost: 0ms
2024-02-09 18:33:59,765 [main] INFO  server.RaftServer (ConfUtils.java:logGet(46)) - raft.rpc.type = GRPC (default)
2024-02-09 18:33:59,765 [main] INFO  grpc.GrpcConfigKeys (ConfUtils.java:logFallback(53)) - raft.grpc.admin.host = null (fallback to raft.grpc.server.host)
2024-02-09 18:33:59,765 [main] INFO  grpc.GrpcConfigKeys (ConfUtils.java:logGet(46)) - raft.grpc.admin.port = 15147 (custom)
2024-02-09 18:33:59,766 [main] INFO  grpc.GrpcConfigKeys (ConfUtils.java:logFallback(53)) - raft.grpc.client.host = null (fallback to raft.grpc.server.host)
2024-02-09 18:33:59,766 [main] INFO  grpc.GrpcConfigKeys (ConfUtils.java:logGet(46)) - raft.grpc.client.port = 15146 (custom)
2024-02-09 18:33:59,766 [main] INFO  grpc.GrpcConfigKeys (ConfUtils.java:logGet(46)) - raft.grpc.server.host = null (default)
2024-02-09 18:33:59,766 [main] INFO  grpc.GrpcConfigKeys (ConfUtils.java:logGet(46)) - raft.grpc.server.port = 15148 (custom)
2024-02-09 18:33:59,766 [main] INFO  server.GrpcService (ConfUtils.java:logGet(46)) - raft.grpc.message.size.max = 32MB (=33554432) (custom)
2024-02-09 18:33:59,766 [main] INFO  server.RaftServerConfigKeys (ConfUtils.java:logGet(46)) - raft.server.log.appender.buffer.byte-limit = 8388608 (custom)
2024-02-09 18:33:59,767 [main] INFO  server.GrpcService (ConfUtils.java:logGet(46)) - raft.grpc.flow.control.window = 5MB (=5242880) (custom)
2024-02-09 18:33:59,767 [main] INFO  server.RaftServerConfigKeys (ConfUtils.java:logGet(46)) - raft.server.rpc.request.timeout = 3000ms (default)
2024-02-09 18:33:59,767 [main] INFO  grpc.GrpcConfigKeys (ConfUtils.java:logGet(46)) - raft.grpc.server.heartbeat.channel = true (default)
2024-02-09 18:33:59,767 [main] INFO  grpc.GrpcConfigKeys (ConfUtils.java:logGet(46)) - raft.grpc.server.async.request.thread.pool.cached = true (default)
2024-02-09 18:33:59,768 [main] INFO  grpc.GrpcConfigKeys (ConfUtils.java:logGet(46)) - raft.grpc.server.async.request.thread.pool.size = 32 (default)
2024-02-09 18:33:59,770 [main] INFO  impl.DataStreamServerImpl (ConfUtils.java:logGet(46)) - raft.datastream.type = NETTY (custom)
2024-02-09 18:33:59,771 [main] INFO  server.RaftServerConfigKeys (ConfUtils.java:logGet(46)) - raft.server.data-stream.async.request.thread.pool.cached = false (default)
2024-02-09 18:33:59,771 [main] INFO  server.RaftServerConfigKeys (ConfUtils.java:logGet(46)) - raft.server.data-stream.async.request.thread.pool.size = 20 (custom)
2024-02-09 18:33:59,771 [main] INFO  server.RaftServerConfigKeys (ConfUtils.java:logGet(46)) - raft.server.data-stream.async.write.thread.pool.size = 16 (default)
2024-02-09 18:33:59,771 [main] INFO  netty.NettyConfigKeys$DataStream (ConfUtils.java:logGet(46)) - raft.netty.dataStream.server.channel.inactive.grace-period = 10min (default)
2024-02-09 18:33:59,772 [main] INFO  server.RaftServerConfigKeys (ConfUtils.java:logGet(46)) - raft.server.data-stream.client.pool.size = 10 (default)
2024-02-09 18:33:59,772 [main] INFO  netty.NettyConfigKeys$DataStream (ConfUtils.java:logGet(46)) - raft.netty.dataStream.server.use-epoll = true (default)
2024-02-09 18:33:59,772 [main] INFO  netty.NettyConfigKeys$DataStream (ConfUtils.java:logGet(46)) - raft.netty.dataStream.server.boss-group.size = 0 (default)
2024-02-09 18:33:59,772 [main] INFO  netty.NettyUtils (NettyUtils.java:newEventLoopGroup(69)) - Create EpollEventLoopGroup for c9aa2afb-1190-4a6b-bc65-38c12648ce52-NettyServerStreamRpc-bossGroup; Thread size is 0.
2024-02-09 18:33:59,773 [main] INFO  netty.NettyConfigKeys$DataStream (ConfUtils.java:logGet(46)) - raft.netty.dataStream.server.worker-group.size = 0 (default)
2024-02-09 18:33:59,773 [main] INFO  netty.NettyUtils (NettyUtils.java:newEventLoopGroup(69)) - Create EpollEventLoopGroup for c9aa2afb-1190-4a6b-bc65-38c12648ce52-NettyServerStreamRpc-workerGroup; Thread size is 0.
2024-02-09 18:33:59,774 [main] INFO  netty.NettyConfigKeys$DataStream (ConfUtils.java:logGet(46)) - raft.netty.dataStream.server.tls.conf = null (default)
2024-02-09 18:33:59,774 [main] INFO  netty.NettyConfigKeys$DataStream (ConfUtils.java:logGet(46)) - raft.netty.dataStream.host = null (default)
2024-02-09 18:33:59,774 [main] INFO  netty.NettyConfigKeys$DataStream (ConfUtils.java:logGet(46)) - raft.netty.dataStream.port = 15149 (custom)
2024-02-09 18:33:59,776 [main] INFO  server.RaftServerConfigKeys (ConfUtils.java:logGet(46)) - raft.server.sleep.deviation.threshold = 300ms (default)
2024-02-09 18:33:59,776 [main] INFO  server.RaftServerConfigKeys (ConfUtils.java:logGet(46)) - raft.server.close.threshold = 60s (default)
2024-02-09 18:33:59,776 [main] INFO  server.RaftServerConfigKeys (ConfUtils.java:logGet(46)) - raft.server.leaderelection.leader.step-down.wait-time = 10s (default)
2024-02-09 18:33:59,776 [main] INFO  server.RaftServerConfigKeys (ConfUtils.java:logGet(46)) - raft.server.storage.dir = [/home/runner/work/ozone/ozone/hadoop-ozone/integration-test/target/test-dir/MiniOzoneClusterImpl-2e7e0147-493e-4f7b-8772-843c2731e345/datanode-5/data/ratis] (custom)
2024-02-09 18:33:59,776 [main] INFO  server.RaftServerConfigKeys (ConfUtils.java:logGet(46)) - raft.server.threadpool.proxy.cached = true (default)
2024-02-09 18:33:59,776 [main] INFO  server.RaftServerConfigKeys (ConfUtils.java:logGet(46)) - raft.server.threadpool.proxy.size = 0 (default)
2024-02-09 18:33:59,777 [c9aa2afb-1190-4a6b-bc65-38c12648ce52-impl-thread1] INFO  server.RaftServer (RaftServerProxy.java:initGroupDir(264)) - c9aa2afb-1190-4a6b-bc65-38c12648ce52: found a subdirectory /home/runner/work/ozone/ozone/hadoop-ozone/integration-test/target/test-dir/MiniOzoneClusterImpl-2e7e0147-493e-4f7b-8772-843c2731e345/datanode-5/data/ratis/tmp
2024-02-09 18:33:59,777 [c9aa2afb-1190-4a6b-bc65-38c12648ce52-impl-thread1] INFO  server.RaftServer (RaftServerProxy.java:initGroupDir(269)) - c9aa2afb-1190-4a6b-bc65-38c12648ce52: The directory /home/runner/work/ozone/ozone/hadoop-ozone/integration-test/target/test-dir/MiniOzoneClusterImpl-2e7e0147-493e-4f7b-8772-843c2731e345/datanode-5/data/ratis/tmp is not a group directory; ignoring it. 
2024-02-09 18:33:59,778 [main] INFO  replication.ReplicationServer (ReplicationServer.java:<init>(86)) - Initializing replication server with thread count = 10 queue length = 4096
2024-02-09 18:33:59,778 [c9aa2afb-1190-4a6b-bc65-38c12648ce52-NettyServerStreamRpc-bossGroup--thread1] INFO  logging.LoggingHandler (AbstractInternalLogger.java:log(148)) - [id: 0x1aae64b5] REGISTERED
2024-02-09 18:33:59,778 [c9aa2afb-1190-4a6b-bc65-38c12648ce52-NettyServerStreamRpc-bossGroup--thread1] INFO  logging.LoggingHandler (AbstractInternalLogger.java:log(148)) - [id: 0x1aae64b5] BIND: 0.0.0.0/0.0.0.0:15149
2024-02-09 18:33:59,778 [c9aa2afb-1190-4a6b-bc65-38c12648ce52-NettyServerStreamRpc-bossGroup--thread1] INFO  logging.LoggingHandler (AbstractInternalLogger.java:log(148)) - [id: 0x1aae64b5, L:/0.0.0.0:15149] ACTIVE
2024-02-09 18:33:59,779 [main] INFO  server.XceiverServerGrpc (XceiverServerGrpc.java:<init>(141)) - GrpcServer channel type EpollServerSocketChannel
2024-02-09 18:33:59,780 [main] INFO  replication.ReplicationSupervisor (ReplicationSupervisor.java:build(163)) - Initializing replication supervisor with thread count = 10
2024-02-09 18:33:59,780 [main] INFO  replication.ReplicationSupervisor (ReplicationSupervisor.java:nodeStateUpdated(317)) - Node state updated to IN_SERVICE, scaling executor pool size to 10
2024-02-09 18:33:59,782 [main] INFO  http.BaseHttpServer (BaseHttpServer.java:newHttpServer2BuilderForOzone(223)) - Starting Web-server for hddsDatanode at: http://0.0.0.0:15143
2024-02-09 18:33:59,782 [main] INFO  http.BaseHttpServer (BaseHttpServer.java:<init>(110)) - Hadoop Security Enabled: false Ozone Security Enabled: false Ozone HTTP Security Enabled: false 
2024-02-09 18:33:59,783 [main] WARN  server.AuthenticationFilter (AuthenticationFilter.java:constructSecretProvider(240)) - Unable to initialize FileSignerSecretProvider, falling back to use random secrets. Reason: Could not read signature secret file: /home/runner/hadoop-http-auth-signature-secret
2024-02-09 18:33:59,787 [main] INFO  http.HttpRequestLog (HttpRequestLog.java:getRequestLog(86)) - Http request log for http.requests.hddsDatanode is not defined
2024-02-09 18:33:59,788 [main] INFO  http.HttpServer2 (HttpServer2.java:addGlobalFilter(1036)) - Added global filter 'safety' (class=org.apache.hadoop.hdds.server.http.HttpServer2$QuotingInputFilter)
2024-02-09 18:33:59,789 [main] INFO  http.HttpServer2 (HttpServer2.java:addFilter(1012)) - Added filter static_user_filter (class=org.apache.hadoop.http.lib.StaticUserWebFilter$StaticUserFilter) to context hddsDatanode
2024-02-09 18:33:59,789 [main] INFO  http.HttpServer2 (HttpServer2.java:addFilter(1020)) - Added filter static_user_filter (class=org.apache.hadoop.http.lib.StaticUserWebFilter$StaticUserFilter) to context logs
2024-02-09 18:33:59,789 [main] INFO  http.HttpServer2 (HttpServer2.java:addFilter(1020)) - Added filter static_user_filter (class=org.apache.hadoop.http.lib.StaticUserWebFilter$StaticUserFilter) to context static
2024-02-09 18:33:59,789 [main] INFO  http.BaseHttpServer (BaseHttpServer.java:<init>(189)) - HTTP server of hddsDatanode uses base directory /home/runner/work/ozone/ozone/hadoop-ozone/integration-test/target/test-dir/MiniOzoneClusterImpl-2e7e0147-493e-4f7b-8772-843c2731e345/datanode-5/meta/webserver
2024-02-09 18:33:59,790 [main] INFO  http.HttpServer2 (HttpServer2.java:bindListener(1236)) - Jetty bound to port 15143
2024-02-09 18:33:59,790 [main] INFO  server.Server (Server.java:doStart(375)) - jetty-9.4.53.v20231009; built: 2023-10-09T12:29:09.265Z; git: 27bde00a0b95a1d5bbee0eae7984f891d2d0f8c9; jvm 1.8.0_402-b06
2024-02-09 18:33:59,792 [main] INFO  server.session (DefaultSessionIdManager.java:doStart(334)) - DefaultSessionIdManager workerName=node0
2024-02-09 18:33:59,792 [main] INFO  server.session (DefaultSessionIdManager.java:doStart(339)) - No SessionScavenger set, using defaults
2024-02-09 18:33:59,792 [main] INFO  server.session (HouseKeeper.java:startScavenging(132)) - node0 Scavenging every 660000ms
2024-02-09 18:33:59,793 [main] INFO  handler.ContextHandler (ContextHandler.java:doStart(921)) - Started o.e.j.s.ServletContextHandler@3f831580{logs,/logs,file:///home/runner/work/ozone/ozone/hadoop-ozone/integration-test/target/log,AVAILABLE}
2024-02-09 18:33:59,793 [main] INFO  handler.ContextHandler (ContextHandler.java:doStart(921)) - Started o.e.j.s.ServletContextHandler@78042608{static,/static,jar:file:/home/runner/.m2/repository/org/apache/ozone/hdds-container-service/1.5.0-SNAPSHOT/hdds-container-service-1.5.0-SNAPSHOT.jar!/webapps/static,AVAILABLE}
2024-02-09 18:33:59,827 [main] INFO  handler.ContextHandler (ContextHandler.java:doStart(921)) - Started o.e.j.w.WebAppContext@56dd5a52{hddsDatanode,/,file:///home/runner/work/ozone/ozone/hadoop-ozone/integration-test/target/test-dir/MiniOzoneClusterImpl-2e7e0147-493e-4f7b-8772-843c2731e345/datanode-5/meta/webserver/jetty-0_0_0_0-15143-hdds-container-service-1_5_0-SNAPSHOT_jar-_-any-2789170596287481169/webapp/,AVAILABLE}{jar:file:/home/runner/.m2/repository/org/apache/ozone/hdds-container-service/1.5.0-SNAPSHOT/hdds-container-service-1.5.0-SNAPSHOT.jar!/webapps/hddsDatanode}
2024-02-09 18:33:59,828 [main] INFO  server.AbstractConnector (AbstractConnector.java:doStart(333)) - Started ServerConnector@17f2edba{HTTP/1.1, (http/1.1)}{0.0.0.0:15143}
2024-02-09 18:33:59,829 [main] INFO  server.Server (Server.java:doStart(415)) - Started @43622ms
2024-02-09 18:33:59,829 [main] WARN  impl.MetricsSystemImpl (MetricsSystemImpl.java:register(279)) - Sink prometheus already exists!
2024-02-09 18:33:59,830 [main] INFO  http.BaseHttpServer (BaseHttpServer.java:updateConnectorAddress(354)) - HTTP server of hddsDatanode listening at http://0.0.0.0:15143
2024-02-09 18:33:59,830 [main] INFO  ipc.CallQueueManager (CallQueueManager.java:<init>(90)) - Using callQueue: class java.util.concurrent.LinkedBlockingQueue, queueCapacity: 100, scheduler: class org.apache.hadoop.ipc.DefaultRpcScheduler, ipcBackoff: false.
2024-02-09 18:33:59,830 [main] INFO  ipc.Server (Server.java:<init>(1287)) - Listener at 0.0.0.0:15144
2024-02-09 18:33:59,831 [Socket Reader #1 for port 15144] INFO  ipc.Server (Server.java:run(1323)) - Starting Socket Reader #1 for port 15144
2024-02-09 18:33:59,834 [main] INFO  ozone.HddsDatanodeService (HddsDatanodeService.java:start(327)) - Datanode start with admins: [runner]
2024-02-09 18:33:59,834 [main] INFO  ozone.HddsDatanodeClientProtocolServer (HddsDatanodeClientProtocolServer.java:start(72)) - RPC server for Client /0.0.0.0:15144
2024-02-09 18:33:59,834 [IPC Server Responder] INFO  ipc.Server (Server.java:run(1562)) - IPC Server Responder: starting
2024-02-09 18:33:59,834 [IPC Server listener on 15144] INFO  ipc.Server (Server.java:run(1402)) - IPC Server listener on 15144: starting
2024-02-09 18:33:59,838 [c9aa2afb-1190-4a6b-bc65-38c12648ce52-DatanodeStateMachineDaemonThread] INFO  statemachine.DatanodeStateMachine (DatanodeStateMachine.java:lambda$startDaemon$1(555)) - Ozone container server started.
2024-02-09 18:33:59,838 [main] WARN  dropwizard3.Dm3MetricRegistriesImpl (Dm3MetricRegistriesImpl.java:addReporterRegistration(113)) - New reporters are added after registries were created. Some metrics will be missing from the reporter. Please add reporter before adding any new registry.
2024-02-09 18:33:59,839 [main] WARN  dropwizard3.Dm3MetricRegistriesImpl (Dm3MetricRegistriesImpl.java:addReporterRegistration(113)) - New reporters are added after registries were created. Some metrics will be missing from the reporter. Please add reporter before adding any new registry.
2024-02-09 18:33:59,839 [main] INFO  impl.MetricsSystemImpl (MetricsSystemImpl.java:init(158)) - HddsDatanode metrics system started (again)
2024-02-09 18:33:59,848 [main] INFO  ozone.HddsDatanodeService (HddsDatanodeService.java:start(240)) - HddsDatanodeService host:fv-az1241-572.pcjn5njxctguzesueqcwbvg5cg.ex.internal.cloudapp.net ip:10.1.0.43
2024-02-09 18:33:59,850 [c9aa2afb-1190-4a6b-bc65-38c12648ce52-DatanodeStateMachineTaskThread-0] INFO  datanode.InitDatanodeState (InitDatanodeState.java:persistContainerDatanodeDetails(139)) - DatanodeDetails is persisted to /home/runner/work/ozone/ozone/hadoop-ozone/integration-test/target/test-dir/MiniOzoneClusterImpl-2e7e0147-493e-4f7b-8772-843c2731e345/datanode-5/meta/datanode.id
2024-02-09 18:33:59,865 [main] INFO  upgrade.AbstractLayoutVersionManager (AbstractLayoutVersionManager.java:init(83)) - Initializing Layout version manager with metadata layout = HADOOP_PRC_PORTS_IN_DATANODEDETAILS (version = 7), software layout = HADOOP_PRC_PORTS_IN_DATANODEDETAILS (version = 7)
2024-02-09 18:33:59,866 [main] INFO  statemachine.DatanodeStateMachine (DatanodeStateMachine.java:getEndPointTaskThreadPoolSize(299)) - Datanode State Machine Task Thread Pool size 2
2024-02-09 18:33:59,867 [main] INFO  volume.HddsVolume (HddsVolume.java:<init>(125)) - Creating HddsVolume: /home/runner/work/ozone/ozone/hadoop-ozone/integration-test/target/test-dir/MiniOzoneClusterImpl-2e7e0147-493e-4f7b-8772-843c2731e345/datanode-6/data-0/containers/hdds of storage type : DISK capacity : 9223372036854775807
2024-02-09 18:33:59,867 [main] INFO  volume.MutableVolumeSet (MutableVolumeSet.java:initializeVolumeSet(173)) - Added Volume : /home/runner/work/ozone/ozone/hadoop-ozone/integration-test/target/test-dir/MiniOzoneClusterImpl-2e7e0147-493e-4f7b-8772-843c2731e345/datanode-6/data-0/containers/hdds to VolumeSet
2024-02-09 18:33:59,868 [main] INFO  volume.MutableVolumeSet (MutableVolumeSet.java:initializeVolumeSet(173)) - Added Volume : /home/runner/work/ozone/ozone/hadoop-ozone/integration-test/target/test-dir/MiniOzoneClusterImpl-2e7e0147-493e-4f7b-8772-843c2731e345/datanode-6/data/ratis to VolumeSet
2024-02-09 18:33:59,868 [main] INFO  ozoneimpl.OzoneContainer (HddsVolumeUtil.java:loadAllHddsVolumeDbStore(103)) - Load 1 volumes DbStore cost: 0ms
2024-02-09 18:33:59,871 [main] INFO  server.RaftServer (ConfUtils.java:logGet(46)) - raft.rpc.type = GRPC (default)
2024-02-09 18:33:59,871 [main] INFO  grpc.GrpcConfigKeys (ConfUtils.java:logFallback(53)) - raft.grpc.admin.host = null (fallback to raft.grpc.server.host)
2024-02-09 18:33:59,872 [main] INFO  grpc.GrpcConfigKeys (ConfUtils.java:logGet(46)) - raft.grpc.admin.port = 15156 (custom)
2024-02-09 18:33:59,872 [main] INFO  grpc.GrpcConfigKeys (ConfUtils.java:logFallback(53)) - raft.grpc.client.host = null (fallback to raft.grpc.server.host)
2024-02-09 18:33:59,872 [main] INFO  grpc.GrpcConfigKeys (ConfUtils.java:logGet(46)) - raft.grpc.client.port = 15155 (custom)
2024-02-09 18:33:59,872 [main] INFO  grpc.GrpcConfigKeys (ConfUtils.java:logGet(46)) - raft.grpc.server.host = null (default)
2024-02-09 18:33:59,872 [main] INFO  grpc.GrpcConfigKeys (ConfUtils.java:logGet(46)) - raft.grpc.server.port = 15157 (custom)
2024-02-09 18:33:59,873 [main] INFO  server.GrpcService (ConfUtils.java:logGet(46)) - raft.grpc.message.size.max = 32MB (=33554432) (custom)
2024-02-09 18:33:59,873 [main] INFO  server.RaftServerConfigKeys (ConfUtils.java:logGet(46)) - raft.server.log.appender.buffer.byte-limit = 8388608 (custom)
2024-02-09 18:33:59,873 [main] INFO  server.GrpcService (ConfUtils.java:logGet(46)) - raft.grpc.flow.control.window = 5MB (=5242880) (custom)
2024-02-09 18:33:59,873 [main] INFO  server.RaftServerConfigKeys (ConfUtils.java:logGet(46)) - raft.server.rpc.request.timeout = 3000ms (default)
2024-02-09 18:33:59,873 [main] INFO  grpc.GrpcConfigKeys (ConfUtils.java:logGet(46)) - raft.grpc.server.heartbeat.channel = true (default)
2024-02-09 18:33:59,874 [main] INFO  grpc.GrpcConfigKeys (ConfUtils.java:logGet(46)) - raft.grpc.server.async.request.thread.pool.cached = true (default)
2024-02-09 18:33:59,874 [main] INFO  grpc.GrpcConfigKeys (ConfUtils.java:logGet(46)) - raft.grpc.server.async.request.thread.pool.size = 32 (default)
2024-02-09 18:33:59,876 [main] INFO  impl.DataStreamServerImpl (ConfUtils.java:logGet(46)) - raft.datastream.type = NETTY (custom)
2024-02-09 18:33:59,877 [main] INFO  server.RaftServerConfigKeys (ConfUtils.java:logGet(46)) - raft.server.data-stream.async.request.thread.pool.cached = false (default)
2024-02-09 18:33:59,877 [main] INFO  server.RaftServerConfigKeys (ConfUtils.java:logGet(46)) - raft.server.data-stream.async.request.thread.pool.size = 20 (custom)
2024-02-09 18:33:59,877 [main] INFO  server.RaftServerConfigKeys (ConfUtils.java:logGet(46)) - raft.server.data-stream.async.write.thread.pool.size = 16 (default)
2024-02-09 18:33:59,877 [main] INFO  netty.NettyConfigKeys$DataStream (ConfUtils.java:logGet(46)) - raft.netty.dataStream.server.channel.inactive.grace-period = 10min (default)
2024-02-09 18:33:59,877 [main] INFO  server.RaftServerConfigKeys (ConfUtils.java:logGet(46)) - raft.server.data-stream.client.pool.size = 10 (default)
2024-02-09 18:33:59,878 [main] INFO  netty.NettyConfigKeys$DataStream (ConfUtils.java:logGet(46)) - raft.netty.dataStream.server.use-epoll = true (default)
2024-02-09 18:33:59,878 [main] INFO  netty.NettyConfigKeys$DataStream (ConfUtils.java:logGet(46)) - raft.netty.dataStream.server.boss-group.size = 0 (default)
2024-02-09 18:33:59,878 [main] INFO  netty.NettyUtils (NettyUtils.java:newEventLoopGroup(69)) - Create EpollEventLoopGroup for 77dd9a00-e29a-4211-83f1-3973ef1a3290-NettyServerStreamRpc-bossGroup; Thread size is 0.
2024-02-09 18:33:59,878 [main] INFO  netty.NettyConfigKeys$DataStream (ConfUtils.java:logGet(46)) - raft.netty.dataStream.server.worker-group.size = 0 (default)
2024-02-09 18:33:59,878 [main] INFO  netty.NettyUtils (NettyUtils.java:newEventLoopGroup(69)) - Create EpollEventLoopGroup for 77dd9a00-e29a-4211-83f1-3973ef1a3290-NettyServerStreamRpc-workerGroup; Thread size is 0.
2024-02-09 18:33:59,879 [main] INFO  netty.NettyConfigKeys$DataStream (ConfUtils.java:logGet(46)) - raft.netty.dataStream.server.tls.conf = null (default)
2024-02-09 18:33:59,879 [main] INFO  netty.NettyConfigKeys$DataStream (ConfUtils.java:logGet(46)) - raft.netty.dataStream.host = null (default)
2024-02-09 18:33:59,879 [main] INFO  netty.NettyConfigKeys$DataStream (ConfUtils.java:logGet(46)) - raft.netty.dataStream.port = 15158 (custom)
2024-02-09 18:33:59,879 [main] INFO  server.RaftServerConfigKeys (ConfUtils.java:logGet(46)) - raft.server.sleep.deviation.threshold = 300ms (default)
2024-02-09 18:33:59,879 [main] INFO  server.RaftServerConfigKeys (ConfUtils.java:logGet(46)) - raft.server.close.threshold = 60s (default)
2024-02-09 18:33:59,880 [main] INFO  server.RaftServerConfigKeys (ConfUtils.java:logGet(46)) - raft.server.leaderelection.leader.step-down.wait-time = 10s (default)
2024-02-09 18:33:59,880 [main] INFO  server.RaftServerConfigKeys (ConfUtils.java:logGet(46)) - raft.server.storage.dir = [/home/runner/work/ozone/ozone/hadoop-ozone/integration-test/target/test-dir/MiniOzoneClusterImpl-2e7e0147-493e-4f7b-8772-843c2731e345/datanode-6/data/ratis] (custom)
2024-02-09 18:33:59,880 [main] INFO  server.RaftServerConfigKeys (ConfUtils.java:logGet(46)) - raft.server.threadpool.proxy.cached = true (default)
2024-02-09 18:33:59,880 [main] INFO  server.RaftServerConfigKeys (ConfUtils.java:logGet(46)) - raft.server.threadpool.proxy.size = 0 (default)
2024-02-09 18:33:59,880 [77dd9a00-e29a-4211-83f1-3973ef1a3290-impl-thread1] INFO  server.RaftServer (RaftServerProxy.java:initGroupDir(264)) - 77dd9a00-e29a-4211-83f1-3973ef1a3290: found a subdirectory /home/runner/work/ozone/ozone/hadoop-ozone/integration-test/target/test-dir/MiniOzoneClusterImpl-2e7e0147-493e-4f7b-8772-843c2731e345/datanode-6/data/ratis/tmp
2024-02-09 18:33:59,880 [77dd9a00-e29a-4211-83f1-3973ef1a3290-impl-thread1] INFO  server.RaftServer (RaftServerProxy.java:initGroupDir(269)) - 77dd9a00-e29a-4211-83f1-3973ef1a3290: The directory /home/runner/work/ozone/ozone/hadoop-ozone/integration-test/target/test-dir/MiniOzoneClusterImpl-2e7e0147-493e-4f7b-8772-843c2731e345/datanode-6/data/ratis/tmp is not a group directory; ignoring it. 
2024-02-09 18:33:59,880 [main] INFO  replication.ReplicationServer (ReplicationServer.java:<init>(86)) - Initializing replication server with thread count = 10 queue length = 4096
2024-02-09 18:33:59,880 [77dd9a00-e29a-4211-83f1-3973ef1a3290-NettyServerStreamRpc-bossGroup--thread1] INFO  logging.LoggingHandler (AbstractInternalLogger.java:log(148)) - [id: 0xfc74b1bc] REGISTERED
2024-02-09 18:33:59,881 [77dd9a00-e29a-4211-83f1-3973ef1a3290-NettyServerStreamRpc-bossGroup--thread1] INFO  logging.LoggingHandler (AbstractInternalLogger.java:log(148)) - [id: 0xfc74b1bc] BIND: 0.0.0.0/0.0.0.0:15158
2024-02-09 18:33:59,881 [77dd9a00-e29a-4211-83f1-3973ef1a3290-NettyServerStreamRpc-bossGroup--thread1] INFO  logging.LoggingHandler (AbstractInternalLogger.java:log(148)) - [id: 0xfc74b1bc, L:/0.0.0.0:15158] ACTIVE
2024-02-09 18:33:59,881 [main] INFO  server.XceiverServerGrpc (XceiverServerGrpc.java:<init>(141)) - GrpcServer channel type EpollServerSocketChannel
2024-02-09 18:33:59,882 [main] INFO  replication.ReplicationSupervisor (ReplicationSupervisor.java:build(163)) - Initializing replication supervisor with thread count = 10
2024-02-09 18:33:59,883 [main] INFO  replication.ReplicationSupervisor (ReplicationSupervisor.java:nodeStateUpdated(317)) - Node state updated to IN_SERVICE, scaling executor pool size to 10
2024-02-09 18:33:59,885 [main] INFO  http.BaseHttpServer (BaseHttpServer.java:newHttpServer2BuilderForOzone(223)) - Starting Web-server for hddsDatanode at: http://0.0.0.0:15152
2024-02-09 18:33:59,885 [main] INFO  http.BaseHttpServer (BaseHttpServer.java:<init>(110)) - Hadoop Security Enabled: false Ozone Security Enabled: false Ozone HTTP Security Enabled: false 
2024-02-09 18:33:59,886 [main] WARN  server.AuthenticationFilter (AuthenticationFilter.java:constructSecretProvider(240)) - Unable to initialize FileSignerSecretProvider, falling back to use random secrets. Reason: Could not read signature secret file: /home/runner/hadoop-http-auth-signature-secret
2024-02-09 18:33:59,886 [main] INFO  http.HttpRequestLog (HttpRequestLog.java:getRequestLog(86)) - Http request log for http.requests.hddsDatanode is not defined
2024-02-09 18:33:59,887 [main] INFO  http.HttpServer2 (HttpServer2.java:addGlobalFilter(1036)) - Added global filter 'safety' (class=org.apache.hadoop.hdds.server.http.HttpServer2$QuotingInputFilter)
2024-02-09 18:33:59,888 [main] INFO  http.HttpServer2 (HttpServer2.java:addFilter(1012)) - Added filter static_user_filter (class=org.apache.hadoop.http.lib.StaticUserWebFilter$StaticUserFilter) to context hddsDatanode
2024-02-09 18:33:59,888 [main] INFO  http.HttpServer2 (HttpServer2.java:addFilter(1020)) - Added filter static_user_filter (class=org.apache.hadoop.http.lib.StaticUserWebFilter$StaticUserFilter) to context logs
2024-02-09 18:33:59,888 [main] INFO  http.HttpServer2 (HttpServer2.java:addFilter(1020)) - Added filter static_user_filter (class=org.apache.hadoop.http.lib.StaticUserWebFilter$StaticUserFilter) to context static
2024-02-09 18:33:59,888 [main] INFO  http.BaseHttpServer (BaseHttpServer.java:<init>(189)) - HTTP server of hddsDatanode uses base directory /home/runner/work/ozone/ozone/hadoop-ozone/integration-test/target/test-dir/MiniOzoneClusterImpl-2e7e0147-493e-4f7b-8772-843c2731e345/datanode-6/meta/webserver
2024-02-09 18:33:59,889 [main] INFO  http.HttpServer2 (HttpServer2.java:bindListener(1236)) - Jetty bound to port 15152
2024-02-09 18:33:59,889 [main] INFO  server.Server (Server.java:doStart(375)) - jetty-9.4.53.v20231009; built: 2023-10-09T12:29:09.265Z; git: 27bde00a0b95a1d5bbee0eae7984f891d2d0f8c9; jvm 1.8.0_402-b06
2024-02-09 18:33:59,889 [main] INFO  server.session (DefaultSessionIdManager.java:doStart(334)) - DefaultSessionIdManager workerName=node0
2024-02-09 18:33:59,890 [main] INFO  server.session (DefaultSessionIdManager.java:doStart(339)) - No SessionScavenger set, using defaults
2024-02-09 18:33:59,890 [main] INFO  server.session (HouseKeeper.java:startScavenging(132)) - node0 Scavenging every 660000ms
2024-02-09 18:33:59,890 [main] INFO  handler.ContextHandler (ContextHandler.java:doStart(921)) - Started o.e.j.s.ServletContextHandler@34067e25{logs,/logs,file:///home/runner/work/ozone/ozone/hadoop-ozone/integration-test/target/log,AVAILABLE}
2024-02-09 18:33:59,891 [main] INFO  handler.ContextHandler (ContextHandler.java:doStart(921)) - Started o.e.j.s.ServletContextHandler@61ea5a2f{static,/static,jar:file:/home/runner/.m2/repository/org/apache/ozone/hdds-container-service/1.5.0-SNAPSHOT/hdds-container-service-1.5.0-SNAPSHOT.jar!/webapps/static,AVAILABLE}
2024-02-09 18:33:59,923 [main] INFO  handler.ContextHandler (ContextHandler.java:doStart(921)) - Started o.e.j.w.WebAppContext@64da162d{hddsDatanode,/,file:///home/runner/work/ozone/ozone/hadoop-ozone/integration-test/target/test-dir/MiniOzoneClusterImpl-2e7e0147-493e-4f7b-8772-843c2731e345/datanode-6/meta/webserver/jetty-0_0_0_0-15152-hdds-container-service-1_5_0-SNAPSHOT_jar-_-any-4986481904749959134/webapp/,AVAILABLE}{jar:file:/home/runner/.m2/repository/org/apache/ozone/hdds-container-service/1.5.0-SNAPSHOT/hdds-container-service-1.5.0-SNAPSHOT.jar!/webapps/hddsDatanode}
2024-02-09 18:33:59,925 [main] INFO  server.AbstractConnector (AbstractConnector.java:doStart(333)) - Started ServerConnector@5f61b22e{HTTP/1.1, (http/1.1)}{0.0.0.0:15152}
2024-02-09 18:33:59,925 [main] INFO  server.Server (Server.java:doStart(415)) - Started @43719ms
2024-02-09 18:33:59,925 [main] WARN  impl.MetricsSystemImpl (MetricsSystemImpl.java:register(279)) - Sink prometheus already exists!
2024-02-09 18:33:59,925 [main] INFO  http.BaseHttpServer (BaseHttpServer.java:updateConnectorAddress(354)) - HTTP server of hddsDatanode listening at http://0.0.0.0:15152
2024-02-09 18:33:59,926 [main] INFO  ipc.CallQueueManager (CallQueueManager.java:<init>(90)) - Using callQueue: class java.util.concurrent.LinkedBlockingQueue, queueCapacity: 100, scheduler: class org.apache.hadoop.ipc.DefaultRpcScheduler, ipcBackoff: false.
2024-02-09 18:33:59,926 [main] INFO  ipc.Server (Server.java:<init>(1287)) - Listener at 0.0.0.0:15153
2024-02-09 18:33:59,926 [Socket Reader #1 for port 15153] INFO  ipc.Server (Server.java:run(1323)) - Starting Socket Reader #1 for port 15153
2024-02-09 18:33:59,928 [main] INFO  ozone.HddsDatanodeService (HddsDatanodeService.java:start(327)) - Datanode start with admins: [runner]
2024-02-09 18:33:59,928 [main] INFO  ozone.HddsDatanodeClientProtocolServer (HddsDatanodeClientProtocolServer.java:start(72)) - RPC server for Client /0.0.0.0:15153
2024-02-09 18:33:59,932 [IPC Server Responder] INFO  ipc.Server (Server.java:run(1562)) - IPC Server Responder: starting
2024-02-09 18:33:59,936 [IPC Server listener on 15153] INFO  ipc.Server (Server.java:run(1402)) - IPC Server listener on 15153: starting
2024-02-09 18:33:59,939 [77dd9a00-e29a-4211-83f1-3973ef1a3290-DatanodeStateMachineDaemonThread] INFO  statemachine.DatanodeStateMachine (DatanodeStateMachine.java:lambda$startDaemon$1(555)) - Ozone container server started.
2024-02-09 18:33:59,940 [main] WARN  dropwizard3.Dm3MetricRegistriesImpl (Dm3MetricRegistriesImpl.java:addReporterRegistration(113)) - New reporters are added after registries were created. Some metrics will be missing from the reporter. Please add reporter before adding any new registry.
2024-02-09 18:33:59,940 [main] WARN  dropwizard3.Dm3MetricRegistriesImpl (Dm3MetricRegistriesImpl.java:addReporterRegistration(113)) - New reporters are added after registries were created. Some metrics will be missing from the reporter. Please add reporter before adding any new registry.
2024-02-09 18:33:59,940 [main] INFO  impl.MetricsSystemImpl (MetricsSystemImpl.java:init(158)) - HddsDatanode metrics system started (again)
2024-02-09 18:33:59,943 [77dd9a00-e29a-4211-83f1-3973ef1a3290-DatanodeStateMachineTaskThread-0] INFO  datanode.InitDatanodeState (InitDatanodeState.java:persistContainerDatanodeDetails(139)) - DatanodeDetails is persisted to /home/runner/work/ozone/ozone/hadoop-ozone/integration-test/target/test-dir/MiniOzoneClusterImpl-2e7e0147-493e-4f7b-8772-843c2731e345/datanode-6/meta/datanode.id
2024-02-09 18:33:59,949 [main] INFO  ozone.HddsDatanodeService (HddsDatanodeService.java:start(240)) - HddsDatanodeService host:fv-az1241-572.pcjn5njxctguzesueqcwbvg5cg.ex.internal.cloudapp.net ip:10.1.0.43
2024-02-09 18:33:59,965 [main] INFO  upgrade.AbstractLayoutVersionManager (AbstractLayoutVersionManager.java:init(83)) - Initializing Layout version manager with metadata layout = HADOOP_PRC_PORTS_IN_DATANODEDETAILS (version = 7), software layout = HADOOP_PRC_PORTS_IN_DATANODEDETAILS (version = 7)
2024-02-09 18:33:59,965 [main] INFO  statemachine.DatanodeStateMachine (DatanodeStateMachine.java:getEndPointTaskThreadPoolSize(299)) - Datanode State Machine Task Thread Pool size 2
2024-02-09 18:33:59,966 [main] INFO  volume.HddsVolume (HddsVolume.java:<init>(125)) - Creating HddsVolume: /home/runner/work/ozone/ozone/hadoop-ozone/integration-test/target/test-dir/MiniOzoneClusterImpl-2e7e0147-493e-4f7b-8772-843c2731e345/datanode-7/data-0/containers/hdds of storage type : DISK capacity : 9223372036854775807
2024-02-09 18:33:59,967 [main] INFO  volume.MutableVolumeSet (MutableVolumeSet.java:initializeVolumeSet(173)) - Added Volume : /home/runner/work/ozone/ozone/hadoop-ozone/integration-test/target/test-dir/MiniOzoneClusterImpl-2e7e0147-493e-4f7b-8772-843c2731e345/datanode-7/data-0/containers/hdds to VolumeSet
2024-02-09 18:33:59,967 [main] INFO  volume.MutableVolumeSet (MutableVolumeSet.java:initializeVolumeSet(173)) - Added Volume : /home/runner/work/ozone/ozone/hadoop-ozone/integration-test/target/test-dir/MiniOzoneClusterImpl-2e7e0147-493e-4f7b-8772-843c2731e345/datanode-7/data/ratis to VolumeSet
2024-02-09 18:33:59,971 [main] INFO  ozoneimpl.OzoneContainer (HddsVolumeUtil.java:loadAllHddsVolumeDbStore(103)) - Load 1 volumes DbStore cost: 3ms
2024-02-09 18:33:59,973 [main] INFO  server.RaftServer (ConfUtils.java:logGet(46)) - raft.rpc.type = GRPC (default)
2024-02-09 18:33:59,974 [main] INFO  grpc.GrpcConfigKeys (ConfUtils.java:logFallback(53)) - raft.grpc.admin.host = null (fallback to raft.grpc.server.host)
2024-02-09 18:33:59,974 [main] INFO  grpc.GrpcConfigKeys (ConfUtils.java:logGet(46)) - raft.grpc.admin.port = 15165 (custom)
2024-02-09 18:33:59,974 [main] INFO  grpc.GrpcConfigKeys (ConfUtils.java:logFallback(53)) - raft.grpc.client.host = null (fallback to raft.grpc.server.host)
2024-02-09 18:33:59,974 [main] INFO  grpc.GrpcConfigKeys (ConfUtils.java:logGet(46)) - raft.grpc.client.port = 15164 (custom)
2024-02-09 18:33:59,974 [main] INFO  grpc.GrpcConfigKeys (ConfUtils.java:logGet(46)) - raft.grpc.server.host = null (default)
2024-02-09 18:33:59,975 [main] INFO  grpc.GrpcConfigKeys (ConfUtils.java:logGet(46)) - raft.grpc.server.port = 15166 (custom)
2024-02-09 18:33:59,975 [main] INFO  server.GrpcService (ConfUtils.java:logGet(46)) - raft.grpc.message.size.max = 32MB (=33554432) (custom)
2024-02-09 18:33:59,975 [main] INFO  server.RaftServerConfigKeys (ConfUtils.java:logGet(46)) - raft.server.log.appender.buffer.byte-limit = 8388608 (custom)
2024-02-09 18:33:59,975 [main] INFO  server.GrpcService (ConfUtils.java:logGet(46)) - raft.grpc.flow.control.window = 5MB (=5242880) (custom)
2024-02-09 18:33:59,976 [main] INFO  server.RaftServerConfigKeys (ConfUtils.java:logGet(46)) - raft.server.rpc.request.timeout = 3000ms (default)
2024-02-09 18:33:59,976 [main] INFO  grpc.GrpcConfigKeys (ConfUtils.java:logGet(46)) - raft.grpc.server.heartbeat.channel = true (default)
2024-02-09 18:33:59,976 [main] INFO  grpc.GrpcConfigKeys (ConfUtils.java:logGet(46)) - raft.grpc.server.async.request.thread.pool.cached = true (default)
2024-02-09 18:33:59,976 [main] INFO  grpc.GrpcConfigKeys (ConfUtils.java:logGet(46)) - raft.grpc.server.async.request.thread.pool.size = 32 (default)
2024-02-09 18:33:59,979 [main] INFO  impl.DataStreamServerImpl (ConfUtils.java:logGet(46)) - raft.datastream.type = NETTY (custom)
2024-02-09 18:33:59,979 [main] INFO  server.RaftServerConfigKeys (ConfUtils.java:logGet(46)) - raft.server.data-stream.async.request.thread.pool.cached = false (default)
2024-02-09 18:33:59,979 [main] INFO  server.RaftServerConfigKeys (ConfUtils.java:logGet(46)) - raft.server.data-stream.async.request.thread.pool.size = 20 (custom)
2024-02-09 18:33:59,979 [main] INFO  server.RaftServerConfigKeys (ConfUtils.java:logGet(46)) - raft.server.data-stream.async.write.thread.pool.size = 16 (default)
2024-02-09 18:33:59,980 [main] INFO  netty.NettyConfigKeys$DataStream (ConfUtils.java:logGet(46)) - raft.netty.dataStream.server.channel.inactive.grace-period = 10min (default)
2024-02-09 18:33:59,980 [main] INFO  server.RaftServerConfigKeys (ConfUtils.java:logGet(46)) - raft.server.data-stream.client.pool.size = 10 (default)
2024-02-09 18:33:59,981 [main] INFO  netty.NettyConfigKeys$DataStream (ConfUtils.java:logGet(46)) - raft.netty.dataStream.server.use-epoll = true (default)
2024-02-09 18:33:59,981 [main] INFO  netty.NettyConfigKeys$DataStream (ConfUtils.java:logGet(46)) - raft.netty.dataStream.server.boss-group.size = 0 (default)
2024-02-09 18:33:59,982 [main] INFO  netty.NettyUtils (NettyUtils.java:newEventLoopGroup(69)) - Create EpollEventLoopGroup for e0b7932e-07c7-4e56-8d6e-0757004eb8fd-NettyServerStreamRpc-bossGroup; Thread size is 0.
2024-02-09 18:33:59,982 [main] INFO  netty.NettyConfigKeys$DataStream (ConfUtils.java:logGet(46)) - raft.netty.dataStream.server.worker-group.size = 0 (default)
2024-02-09 18:33:59,982 [main] INFO  netty.NettyUtils (NettyUtils.java:newEventLoopGroup(69)) - Create EpollEventLoopGroup for e0b7932e-07c7-4e56-8d6e-0757004eb8fd-NettyServerStreamRpc-workerGroup; Thread size is 0.
2024-02-09 18:33:59,982 [main] INFO  netty.NettyConfigKeys$DataStream (ConfUtils.java:logGet(46)) - raft.netty.dataStream.server.tls.conf = null (default)
2024-02-09 18:33:59,982 [main] INFO  netty.NettyConfigKeys$DataStream (ConfUtils.java:logGet(46)) - raft.netty.dataStream.host = null (default)
2024-02-09 18:33:59,983 [main] INFO  netty.NettyConfigKeys$DataStream (ConfUtils.java:logGet(46)) - raft.netty.dataStream.port = 15167 (custom)
2024-02-09 18:33:59,983 [main] INFO  server.RaftServerConfigKeys (ConfUtils.java:logGet(46)) - raft.server.sleep.deviation.threshold = 300ms (default)
2024-02-09 18:33:59,983 [e0b7932e-07c7-4e56-8d6e-0757004eb8fd-NettyServerStreamRpc-bossGroup--thread1] INFO  logging.LoggingHandler (AbstractInternalLogger.java:log(148)) - [id: 0x9ddc4fdf] REGISTERED
2024-02-09 18:33:59,983 [main] INFO  server.RaftServerConfigKeys (ConfUtils.java:logGet(46)) - raft.server.close.threshold = 60s (default)
2024-02-09 18:33:59,983 [main] INFO  server.RaftServerConfigKeys (ConfUtils.java:logGet(46)) - raft.server.leaderelection.leader.step-down.wait-time = 10s (default)
2024-02-09 18:33:59,983 [e0b7932e-07c7-4e56-8d6e-0757004eb8fd-NettyServerStreamRpc-bossGroup--thread1] INFO  logging.LoggingHandler (AbstractInternalLogger.java:log(148)) - [id: 0x9ddc4fdf] BIND: 0.0.0.0/0.0.0.0:15167
2024-02-09 18:33:59,984 [main] INFO  server.RaftServerConfigKeys (ConfUtils.java:logGet(46)) - raft.server.storage.dir = [/home/runner/work/ozone/ozone/hadoop-ozone/integration-test/target/test-dir/MiniOzoneClusterImpl-2e7e0147-493e-4f7b-8772-843c2731e345/datanode-7/data/ratis] (custom)
2024-02-09 18:33:59,984 [main] INFO  server.RaftServerConfigKeys (ConfUtils.java:logGet(46)) - raft.server.threadpool.proxy.cached = true (default)
2024-02-09 18:33:59,984 [main] INFO  server.RaftServerConfigKeys (ConfUtils.java:logGet(46)) - raft.server.threadpool.proxy.size = 0 (default)
2024-02-09 18:33:59,984 [e0b7932e-07c7-4e56-8d6e-0757004eb8fd-NettyServerStreamRpc-bossGroup--thread1] INFO  logging.LoggingHandler (AbstractInternalLogger.java:log(148)) - [id: 0x9ddc4fdf, L:/0.0.0.0:15167] ACTIVE
2024-02-09 18:33:59,985 [e0b7932e-07c7-4e56-8d6e-0757004eb8fd-impl-thread1] INFO  server.RaftServer (RaftServerProxy.java:initGroupDir(264)) - e0b7932e-07c7-4e56-8d6e-0757004eb8fd: found a subdirectory /home/runner/work/ozone/ozone/hadoop-ozone/integration-test/target/test-dir/MiniOzoneClusterImpl-2e7e0147-493e-4f7b-8772-843c2731e345/datanode-7/data/ratis/tmp
2024-02-09 18:33:59,985 [e0b7932e-07c7-4e56-8d6e-0757004eb8fd-impl-thread1] INFO  server.RaftServer (RaftServerProxy.java:initGroupDir(269)) - e0b7932e-07c7-4e56-8d6e-0757004eb8fd: The directory /home/runner/work/ozone/ozone/hadoop-ozone/integration-test/target/test-dir/MiniOzoneClusterImpl-2e7e0147-493e-4f7b-8772-843c2731e345/datanode-7/data/ratis/tmp is not a group directory; ignoring it. 
2024-02-09 18:33:59,985 [main] INFO  replication.ReplicationServer (ReplicationServer.java:<init>(86)) - Initializing replication server with thread count = 10 queue length = 4096
2024-02-09 18:33:59,986 [main] INFO  server.XceiverServerGrpc (XceiverServerGrpc.java:<init>(141)) - GrpcServer channel type EpollServerSocketChannel
2024-02-09 18:33:59,988 [main] INFO  replication.ReplicationSupervisor (ReplicationSupervisor.java:build(163)) - Initializing replication supervisor with thread count = 10
2024-02-09 18:33:59,988 [main] INFO  replication.ReplicationSupervisor (ReplicationSupervisor.java:nodeStateUpdated(317)) - Node state updated to IN_SERVICE, scaling executor pool size to 10
2024-02-09 18:33:59,992 [main] INFO  http.BaseHttpServer (BaseHttpServer.java:newHttpServer2BuilderForOzone(223)) - Starting Web-server for hddsDatanode at: http://0.0.0.0:15161
2024-02-09 18:33:59,992 [main] INFO  http.BaseHttpServer (BaseHttpServer.java:<init>(110)) - Hadoop Security Enabled: false Ozone Security Enabled: false Ozone HTTP Security Enabled: false 
2024-02-09 18:33:59,995 [main] WARN  server.AuthenticationFilter (AuthenticationFilter.java:constructSecretProvider(240)) - Unable to initialize FileSignerSecretProvider, falling back to use random secrets. Reason: Could not read signature secret file: /home/runner/hadoop-http-auth-signature-secret
2024-02-09 18:33:59,995 [main] INFO  http.HttpRequestLog (HttpRequestLog.java:getRequestLog(86)) - Http request log for http.requests.hddsDatanode is not defined
2024-02-09 18:33:59,996 [main] INFO  http.HttpServer2 (HttpServer2.java:addGlobalFilter(1036)) - Added global filter 'safety' (class=org.apache.hadoop.hdds.server.http.HttpServer2$QuotingInputFilter)
2024-02-09 18:33:59,997 [main] INFO  http.HttpServer2 (HttpServer2.java:addFilter(1012)) - Added filter static_user_filter (class=org.apache.hadoop.http.lib.StaticUserWebFilter$StaticUserFilter) to context hddsDatanode
2024-02-09 18:33:59,997 [main] INFO  http.HttpServer2 (HttpServer2.java:addFilter(1020)) - Added filter static_user_filter (class=org.apache.hadoop.http.lib.StaticUserWebFilter$StaticUserFilter) to context logs
2024-02-09 18:33:59,997 [main] INFO  http.HttpServer2 (HttpServer2.java:addFilter(1020)) - Added filter static_user_filter (class=org.apache.hadoop.http.lib.StaticUserWebFilter$StaticUserFilter) to context static
2024-02-09 18:33:59,998 [main] INFO  http.BaseHttpServer (BaseHttpServer.java:<init>(189)) - HTTP server of hddsDatanode uses base directory /home/runner/work/ozone/ozone/hadoop-ozone/integration-test/target/test-dir/MiniOzoneClusterImpl-2e7e0147-493e-4f7b-8772-843c2731e345/datanode-7/meta/webserver
2024-02-09 18:33:59,998 [main] INFO  http.HttpServer2 (HttpServer2.java:bindListener(1236)) - Jetty bound to port 15161
2024-02-09 18:33:59,998 [main] INFO  server.Server (Server.java:doStart(375)) - jetty-9.4.53.v20231009; built: 2023-10-09T12:29:09.265Z; git: 27bde00a0b95a1d5bbee0eae7984f891d2d0f8c9; jvm 1.8.0_402-b06
2024-02-09 18:33:59,999 [main] INFO  server.session (DefaultSessionIdManager.java:doStart(334)) - DefaultSessionIdManager workerName=node0
2024-02-09 18:33:59,999 [main] INFO  server.session (DefaultSessionIdManager.java:doStart(339)) - No SessionScavenger set, using defaults
2024-02-09 18:34:00,001 [main] INFO  server.session (HouseKeeper.java:startScavenging(132)) - node0 Scavenging every 600000ms
2024-02-09 18:34:00,002 [main] INFO  handler.ContextHandler (ContextHandler.java:doStart(921)) - Started o.e.j.s.ServletContextHandler@27aab166{logs,/logs,file:///home/runner/work/ozone/ozone/hadoop-ozone/integration-test/target/log,AVAILABLE}
2024-02-09 18:34:00,002 [main] INFO  handler.ContextHandler (ContextHandler.java:doStart(921)) - Started o.e.j.s.ServletContextHandler@b5a0626{static,/static,jar:file:/home/runner/.m2/repository/org/apache/ozone/hdds-container-service/1.5.0-SNAPSHOT/hdds-container-service-1.5.0-SNAPSHOT.jar!/webapps/static,AVAILABLE}
2024-02-09 18:34:00,034 [main] INFO  handler.ContextHandler (ContextHandler.java:doStart(921)) - Started o.e.j.w.WebAppContext@2519a7d1{hddsDatanode,/,file:///home/runner/work/ozone/ozone/hadoop-ozone/integration-test/target/test-dir/MiniOzoneClusterImpl-2e7e0147-493e-4f7b-8772-843c2731e345/datanode-7/meta/webserver/jetty-0_0_0_0-15161-hdds-container-service-1_5_0-SNAPSHOT_jar-_-any-572799378191953057/webapp/,AVAILABLE}{jar:file:/home/runner/.m2/repository/org/apache/ozone/hdds-container-service/1.5.0-SNAPSHOT/hdds-container-service-1.5.0-SNAPSHOT.jar!/webapps/hddsDatanode}
2024-02-09 18:34:00,037 [main] INFO  server.AbstractConnector (AbstractConnector.java:doStart(333)) - Started ServerConnector@5bdf1de9{HTTP/1.1, (http/1.1)}{0.0.0.0:15161}
2024-02-09 18:34:00,037 [main] INFO  server.Server (Server.java:doStart(415)) - Started @43831ms
2024-02-09 18:34:00,037 [main] WARN  impl.MetricsSystemImpl (MetricsSystemImpl.java:register(279)) - Sink prometheus already exists!
2024-02-09 18:34:00,038 [main] INFO  http.BaseHttpServer (BaseHttpServer.java:updateConnectorAddress(354)) - HTTP server of hddsDatanode listening at http://0.0.0.0:15161
2024-02-09 18:34:00,038 [main] INFO  ipc.CallQueueManager (CallQueueManager.java:<init>(90)) - Using callQueue: class java.util.concurrent.LinkedBlockingQueue, queueCapacity: 100, scheduler: class org.apache.hadoop.ipc.DefaultRpcScheduler, ipcBackoff: false.
2024-02-09 18:34:00,038 [main] INFO  ipc.Server (Server.java:<init>(1287)) - Listener at 0.0.0.0:15162
2024-02-09 18:34:00,039 [Socket Reader #1 for port 15162] INFO  ipc.Server (Server.java:run(1323)) - Starting Socket Reader #1 for port 15162
2024-02-09 18:34:00,043 [main] INFO  ozone.HddsDatanodeService (HddsDatanodeService.java:start(327)) - Datanode start with admins: [runner]
2024-02-09 18:34:00,043 [main] INFO  ozone.HddsDatanodeClientProtocolServer (HddsDatanodeClientProtocolServer.java:start(72)) - RPC server for Client /0.0.0.0:15162
2024-02-09 18:34:00,044 [IPC Server Responder] INFO  ipc.Server (Server.java:run(1562)) - IPC Server Responder: starting
2024-02-09 18:34:00,045 [IPC Server listener on 15162] INFO  ipc.Server (Server.java:run(1402)) - IPC Server listener on 15162: starting
2024-02-09 18:34:00,047 [e0b7932e-07c7-4e56-8d6e-0757004eb8fd-DatanodeStateMachineDaemonThread] INFO  statemachine.DatanodeStateMachine (DatanodeStateMachine.java:lambda$startDaemon$1(555)) - Ozone container server started.
2024-02-09 18:34:00,047 [main] WARN  dropwizard3.Dm3MetricRegistriesImpl (Dm3MetricRegistriesImpl.java:addReporterRegistration(113)) - New reporters are added after registries were created. Some metrics will be missing from the reporter. Please add reporter before adding any new registry.
2024-02-09 18:34:00,048 [main] WARN  dropwizard3.Dm3MetricRegistriesImpl (Dm3MetricRegistriesImpl.java:addReporterRegistration(113)) - New reporters are added after registries were created. Some metrics will be missing from the reporter. Please add reporter before adding any new registry.
2024-02-09 18:34:00,048 [main] INFO  impl.MetricsSystemImpl (MetricsSystemImpl.java:init(158)) - HddsDatanode metrics system started (again)
2024-02-09 18:34:00,057 [e0b7932e-07c7-4e56-8d6e-0757004eb8fd-DatanodeStateMachineTaskThread-0] INFO  datanode.InitDatanodeState (InitDatanodeState.java:persistContainerDatanodeDetails(139)) - DatanodeDetails is persisted to /home/runner/work/ozone/ozone/hadoop-ozone/integration-test/target/test-dir/MiniOzoneClusterImpl-2e7e0147-493e-4f7b-8772-843c2731e345/datanode-7/meta/datanode.id
2024-02-09 18:34:00,059 [main] INFO  ozone.HddsDatanodeService (HddsDatanodeService.java:start(240)) - HddsDatanodeService host:fv-az1241-572.pcjn5njxctguzesueqcwbvg5cg.ex.internal.cloudapp.net ip:10.1.0.43
2024-02-09 18:34:00,075 [main] INFO  upgrade.AbstractLayoutVersionManager (AbstractLayoutVersionManager.java:init(83)) - Initializing Layout version manager with metadata layout = HADOOP_PRC_PORTS_IN_DATANODEDETAILS (version = 7), software layout = HADOOP_PRC_PORTS_IN_DATANODEDETAILS (version = 7)
2024-02-09 18:34:00,075 [main] INFO  statemachine.DatanodeStateMachine (DatanodeStateMachine.java:getEndPointTaskThreadPoolSize(299)) - Datanode State Machine Task Thread Pool size 2
2024-02-09 18:34:00,077 [main] INFO  volume.HddsVolume (HddsVolume.java:<init>(125)) - Creating HddsVolume: /home/runner/work/ozone/ozone/hadoop-ozone/integration-test/target/test-dir/MiniOzoneClusterImpl-2e7e0147-493e-4f7b-8772-843c2731e345/datanode-8/data-0/containers/hdds of storage type : DISK capacity : 9223372036854775807
2024-02-09 18:34:00,077 [main] INFO  volume.MutableVolumeSet (MutableVolumeSet.java:initializeVolumeSet(173)) - Added Volume : /home/runner/work/ozone/ozone/hadoop-ozone/integration-test/target/test-dir/MiniOzoneClusterImpl-2e7e0147-493e-4f7b-8772-843c2731e345/datanode-8/data-0/containers/hdds to VolumeSet
2024-02-09 18:34:00,078 [main] INFO  volume.MutableVolumeSet (MutableVolumeSet.java:initializeVolumeSet(173)) - Added Volume : /home/runner/work/ozone/ozone/hadoop-ozone/integration-test/target/test-dir/MiniOzoneClusterImpl-2e7e0147-493e-4f7b-8772-843c2731e345/datanode-8/data/ratis to VolumeSet
2024-02-09 18:34:00,078 [main] INFO  ozoneimpl.OzoneContainer (HddsVolumeUtil.java:loadAllHddsVolumeDbStore(103)) - Load 1 volumes DbStore cost: 0ms
2024-02-09 18:34:00,080 [main] INFO  server.RaftServer (ConfUtils.java:logGet(46)) - raft.rpc.type = GRPC (default)
2024-02-09 18:34:00,080 [main] INFO  grpc.GrpcConfigKeys (ConfUtils.java:logFallback(53)) - raft.grpc.admin.host = null (fallback to raft.grpc.server.host)
2024-02-09 18:34:00,080 [main] INFO  grpc.GrpcConfigKeys (ConfUtils.java:logGet(46)) - raft.grpc.admin.port = 15174 (custom)
2024-02-09 18:34:00,080 [main] INFO  grpc.GrpcConfigKeys (ConfUtils.java:logFallback(53)) - raft.grpc.client.host = null (fallback to raft.grpc.server.host)
2024-02-09 18:34:00,080 [main] INFO  grpc.GrpcConfigKeys (ConfUtils.java:logGet(46)) - raft.grpc.client.port = 15173 (custom)
2024-02-09 18:34:00,081 [main] INFO  grpc.GrpcConfigKeys (ConfUtils.java:logGet(46)) - raft.grpc.server.host = null (default)
2024-02-09 18:34:00,081 [main] INFO  grpc.GrpcConfigKeys (ConfUtils.java:logGet(46)) - raft.grpc.server.port = 15175 (custom)
2024-02-09 18:34:00,081 [main] INFO  server.GrpcService (ConfUtils.java:logGet(46)) - raft.grpc.message.size.max = 32MB (=33554432) (custom)
2024-02-09 18:34:00,081 [main] INFO  server.RaftServerConfigKeys (ConfUtils.java:logGet(46)) - raft.server.log.appender.buffer.byte-limit = 8388608 (custom)
2024-02-09 18:34:00,081 [main] INFO  server.GrpcService (ConfUtils.java:logGet(46)) - raft.grpc.flow.control.window = 5MB (=5242880) (custom)
2024-02-09 18:34:00,082 [main] INFO  server.RaftServerConfigKeys (ConfUtils.java:logGet(46)) - raft.server.rpc.request.timeout = 3000ms (default)
2024-02-09 18:34:00,082 [main] INFO  grpc.GrpcConfigKeys (ConfUtils.java:logGet(46)) - raft.grpc.server.heartbeat.channel = true (default)
2024-02-09 18:34:00,082 [main] INFO  grpc.GrpcConfigKeys (ConfUtils.java:logGet(46)) - raft.grpc.server.async.request.thread.pool.cached = true (default)
2024-02-09 18:34:00,082 [main] INFO  grpc.GrpcConfigKeys (ConfUtils.java:logGet(46)) - raft.grpc.server.async.request.thread.pool.size = 32 (default)
2024-02-09 18:34:00,084 [main] INFO  impl.DataStreamServerImpl (ConfUtils.java:logGet(46)) - raft.datastream.type = NETTY (custom)
2024-02-09 18:34:00,085 [main] INFO  server.RaftServerConfigKeys (ConfUtils.java:logGet(46)) - raft.server.data-stream.async.request.thread.pool.cached = false (default)
2024-02-09 18:34:00,085 [main] INFO  server.RaftServerConfigKeys (ConfUtils.java:logGet(46)) - raft.server.data-stream.async.request.thread.pool.size = 20 (custom)
2024-02-09 18:34:00,085 [main] INFO  server.RaftServerConfigKeys (ConfUtils.java:logGet(46)) - raft.server.data-stream.async.write.thread.pool.size = 16 (default)
2024-02-09 18:34:00,085 [main] INFO  netty.NettyConfigKeys$DataStream (ConfUtils.java:logGet(46)) - raft.netty.dataStream.server.channel.inactive.grace-period = 10min (default)
2024-02-09 18:34:00,085 [main] INFO  server.RaftServerConfigKeys (ConfUtils.java:logGet(46)) - raft.server.data-stream.client.pool.size = 10 (default)
2024-02-09 18:34:00,086 [main] INFO  netty.NettyConfigKeys$DataStream (ConfUtils.java:logGet(46)) - raft.netty.dataStream.server.use-epoll = true (default)
2024-02-09 18:34:00,086 [main] INFO  netty.NettyConfigKeys$DataStream (ConfUtils.java:logGet(46)) - raft.netty.dataStream.server.boss-group.size = 0 (default)
2024-02-09 18:34:00,086 [main] INFO  netty.NettyUtils (NettyUtils.java:newEventLoopGroup(69)) - Create EpollEventLoopGroup for a04b3fda-42d1-4ee5-9233-bf3df18c72ca-NettyServerStreamRpc-bossGroup; Thread size is 0.
2024-02-09 18:34:00,086 [main] INFO  netty.NettyConfigKeys$DataStream (ConfUtils.java:logGet(46)) - raft.netty.dataStream.server.worker-group.size = 0 (default)
2024-02-09 18:34:00,087 [main] INFO  netty.NettyUtils (NettyUtils.java:newEventLoopGroup(69)) - Create EpollEventLoopGroup for a04b3fda-42d1-4ee5-9233-bf3df18c72ca-NettyServerStreamRpc-workerGroup; Thread size is 0.
2024-02-09 18:34:00,087 [main] INFO  netty.NettyConfigKeys$DataStream (ConfUtils.java:logGet(46)) - raft.netty.dataStream.server.tls.conf = null (default)
2024-02-09 18:34:00,087 [main] INFO  netty.NettyConfigKeys$DataStream (ConfUtils.java:logGet(46)) - raft.netty.dataStream.host = null (default)
2024-02-09 18:34:00,087 [main] INFO  netty.NettyConfigKeys$DataStream (ConfUtils.java:logGet(46)) - raft.netty.dataStream.port = 15176 (custom)
2024-02-09 18:34:00,088 [main] INFO  server.RaftServerConfigKeys (ConfUtils.java:logGet(46)) - raft.server.sleep.deviation.threshold = 300ms (default)
2024-02-09 18:34:00,088 [main] INFO  server.RaftServerConfigKeys (ConfUtils.java:logGet(46)) - raft.server.close.threshold = 60s (default)
2024-02-09 18:34:00,088 [main] INFO  server.RaftServerConfigKeys (ConfUtils.java:logGet(46)) - raft.server.leaderelection.leader.step-down.wait-time = 10s (default)
2024-02-09 18:34:00,088 [a04b3fda-42d1-4ee5-9233-bf3df18c72ca-NettyServerStreamRpc-bossGroup--thread1] INFO  logging.LoggingHandler (AbstractInternalLogger.java:log(148)) - [id: 0xf9f553bc] REGISTERED
2024-02-09 18:34:00,089 [main] INFO  server.RaftServerConfigKeys (ConfUtils.java:logGet(46)) - raft.server.storage.dir = [/home/runner/work/ozone/ozone/hadoop-ozone/integration-test/target/test-dir/MiniOzoneClusterImpl-2e7e0147-493e-4f7b-8772-843c2731e345/datanode-8/data/ratis] (custom)
2024-02-09 18:34:00,089 [main] INFO  server.RaftServerConfigKeys (ConfUtils.java:logGet(46)) - raft.server.threadpool.proxy.cached = true (default)
2024-02-09 18:34:00,089 [main] INFO  server.RaftServerConfigKeys (ConfUtils.java:logGet(46)) - raft.server.threadpool.proxy.size = 0 (default)
2024-02-09 18:34:00,089 [a04b3fda-42d1-4ee5-9233-bf3df18c72ca-NettyServerStreamRpc-bossGroup--thread1] INFO  logging.LoggingHandler (AbstractInternalLogger.java:log(148)) - [id: 0xf9f553bc] BIND: 0.0.0.0/0.0.0.0:15176
2024-02-09 18:34:00,089 [a04b3fda-42d1-4ee5-9233-bf3df18c72ca-impl-thread1] INFO  server.RaftServer (RaftServerProxy.java:initGroupDir(264)) - a04b3fda-42d1-4ee5-9233-bf3df18c72ca: found a subdirectory /home/runner/work/ozone/ozone/hadoop-ozone/integration-test/target/test-dir/MiniOzoneClusterImpl-2e7e0147-493e-4f7b-8772-843c2731e345/datanode-8/data/ratis/tmp
2024-02-09 18:34:00,089 [a04b3fda-42d1-4ee5-9233-bf3df18c72ca-impl-thread1] INFO  server.RaftServer (RaftServerProxy.java:initGroupDir(269)) - a04b3fda-42d1-4ee5-9233-bf3df18c72ca: The directory /home/runner/work/ozone/ozone/hadoop-ozone/integration-test/target/test-dir/MiniOzoneClusterImpl-2e7e0147-493e-4f7b-8772-843c2731e345/datanode-8/data/ratis/tmp is not a group directory; ignoring it. 
2024-02-09 18:34:00,089 [a04b3fda-42d1-4ee5-9233-bf3df18c72ca-NettyServerStreamRpc-bossGroup--thread1] INFO  logging.LoggingHandler (AbstractInternalLogger.java:log(148)) - [id: 0xf9f553bc, L:/0.0.0.0:15176] ACTIVE
2024-02-09 18:34:00,091 [main] INFO  replication.ReplicationServer (ReplicationServer.java:<init>(86)) - Initializing replication server with thread count = 10 queue length = 4096
2024-02-09 18:34:00,092 [main] INFO  server.XceiverServerGrpc (XceiverServerGrpc.java:<init>(141)) - GrpcServer channel type EpollServerSocketChannel
2024-02-09 18:34:00,094 [main] INFO  replication.ReplicationSupervisor (ReplicationSupervisor.java:build(163)) - Initializing replication supervisor with thread count = 10
2024-02-09 18:34:00,094 [main] INFO  replication.ReplicationSupervisor (ReplicationSupervisor.java:nodeStateUpdated(317)) - Node state updated to IN_SERVICE, scaling executor pool size to 10
2024-02-09 18:34:00,096 [main] INFO  http.BaseHttpServer (BaseHttpServer.java:newHttpServer2BuilderForOzone(223)) - Starting Web-server for hddsDatanode at: http://0.0.0.0:15170
2024-02-09 18:34:00,096 [main] INFO  http.BaseHttpServer (BaseHttpServer.java:<init>(110)) - Hadoop Security Enabled: false Ozone Security Enabled: false Ozone HTTP Security Enabled: false 
2024-02-09 18:34:00,097 [main] WARN  server.AuthenticationFilter (AuthenticationFilter.java:constructSecretProvider(240)) - Unable to initialize FileSignerSecretProvider, falling back to use random secrets. Reason: Could not read signature secret file: /home/runner/hadoop-http-auth-signature-secret
2024-02-09 18:34:00,097 [main] INFO  http.HttpRequestLog (HttpRequestLog.java:getRequestLog(86)) - Http request log for http.requests.hddsDatanode is not defined
2024-02-09 18:34:00,099 [main] INFO  http.HttpServer2 (HttpServer2.java:addGlobalFilter(1036)) - Added global filter 'safety' (class=org.apache.hadoop.hdds.server.http.HttpServer2$QuotingInputFilter)
2024-02-09 18:34:00,099 [main] INFO  http.HttpServer2 (HttpServer2.java:addFilter(1012)) - Added filter static_user_filter (class=org.apache.hadoop.http.lib.StaticUserWebFilter$StaticUserFilter) to context hddsDatanode
2024-02-09 18:34:00,099 [main] INFO  http.HttpServer2 (HttpServer2.java:addFilter(1020)) - Added filter static_user_filter (class=org.apache.hadoop.http.lib.StaticUserWebFilter$StaticUserFilter) to context static
2024-02-09 18:34:00,099 [main] INFO  http.HttpServer2 (HttpServer2.java:addFilter(1020)) - Added filter static_user_filter (class=org.apache.hadoop.http.lib.StaticUserWebFilter$StaticUserFilter) to context logs
2024-02-09 18:34:00,100 [main] INFO  http.BaseHttpServer (BaseHttpServer.java:<init>(189)) - HTTP server of hddsDatanode uses base directory /home/runner/work/ozone/ozone/hadoop-ozone/integration-test/target/test-dir/MiniOzoneClusterImpl-2e7e0147-493e-4f7b-8772-843c2731e345/datanode-8/meta/webserver
2024-02-09 18:34:00,100 [main] INFO  http.HttpServer2 (HttpServer2.java:bindListener(1236)) - Jetty bound to port 15170
2024-02-09 18:34:00,101 [main] INFO  server.Server (Server.java:doStart(375)) - jetty-9.4.53.v20231009; built: 2023-10-09T12:29:09.265Z; git: 27bde00a0b95a1d5bbee0eae7984f891d2d0f8c9; jvm 1.8.0_402-b06
2024-02-09 18:34:00,101 [main] INFO  server.session (DefaultSessionIdManager.java:doStart(334)) - DefaultSessionIdManager workerName=node0
2024-02-09 18:34:00,102 [main] INFO  server.session (DefaultSessionIdManager.java:doStart(339)) - No SessionScavenger set, using defaults
2024-02-09 18:34:00,102 [main] INFO  server.session (HouseKeeper.java:startScavenging(132)) - node0 Scavenging every 660000ms
2024-02-09 18:34:00,102 [main] INFO  handler.ContextHandler (ContextHandler.java:doStart(921)) - Started o.e.j.s.ServletContextHandler@46283e50{logs,/logs,file:///home/runner/work/ozone/ozone/hadoop-ozone/integration-test/target/log,AVAILABLE}
2024-02-09 18:34:00,102 [main] INFO  handler.ContextHandler (ContextHandler.java:doStart(921)) - Started o.e.j.s.ServletContextHandler@13c8033b{static,/static,jar:file:/home/runner/.m2/repository/org/apache/ozone/hdds-container-service/1.5.0-SNAPSHOT/hdds-container-service-1.5.0-SNAPSHOT.jar!/webapps/static,AVAILABLE}
2024-02-09 18:34:00,134 [main] INFO  handler.ContextHandler (ContextHandler.java:doStart(921)) - Started o.e.j.w.WebAppContext@7d20558e{hddsDatanode,/,file:///home/runner/work/ozone/ozone/hadoop-ozone/integration-test/target/test-dir/MiniOzoneClusterImpl-2e7e0147-493e-4f7b-8772-843c2731e345/datanode-8/meta/webserver/jetty-0_0_0_0-15170-hdds-container-service-1_5_0-SNAPSHOT_jar-_-any-8974685237934736530/webapp/,AVAILABLE}{jar:file:/home/runner/.m2/repository/org/apache/ozone/hdds-container-service/1.5.0-SNAPSHOT/hdds-container-service-1.5.0-SNAPSHOT.jar!/webapps/hddsDatanode}
2024-02-09 18:34:00,136 [main] INFO  server.AbstractConnector (AbstractConnector.java:doStart(333)) - Started ServerConnector@1225750a{HTTP/1.1, (http/1.1)}{0.0.0.0:15170}
2024-02-09 18:34:00,136 [main] INFO  server.Server (Server.java:doStart(415)) - Started @43930ms
2024-02-09 18:34:00,136 [main] WARN  impl.MetricsSystemImpl (MetricsSystemImpl.java:register(279)) - Sink prometheus already exists!
2024-02-09 18:34:00,137 [main] INFO  http.BaseHttpServer (BaseHttpServer.java:updateConnectorAddress(354)) - HTTP server of hddsDatanode listening at http://0.0.0.0:15170
2024-02-09 18:34:00,137 [main] INFO  ipc.CallQueueManager (CallQueueManager.java:<init>(90)) - Using callQueue: class java.util.concurrent.LinkedBlockingQueue, queueCapacity: 100, scheduler: class org.apache.hadoop.ipc.DefaultRpcScheduler, ipcBackoff: false.
2024-02-09 18:34:00,137 [main] INFO  ipc.Server (Server.java:<init>(1287)) - Listener at 0.0.0.0:15171
2024-02-09 18:34:00,137 [Socket Reader #1 for port 15171] INFO  ipc.Server (Server.java:run(1323)) - Starting Socket Reader #1 for port 15171
2024-02-09 18:34:00,139 [main] INFO  ozone.HddsDatanodeService (HddsDatanodeService.java:start(327)) - Datanode start with admins: [runner]
2024-02-09 18:34:00,139 [main] INFO  ozone.HddsDatanodeClientProtocolServer (HddsDatanodeClientProtocolServer.java:start(72)) - RPC server for Client /0.0.0.0:15171
2024-02-09 18:34:00,139 [IPC Server Responder] INFO  ipc.Server (Server.java:run(1562)) - IPC Server Responder: starting
2024-02-09 18:34:00,139 [IPC Server listener on 15171] INFO  ipc.Server (Server.java:run(1402)) - IPC Server listener on 15171: starting
2024-02-09 18:34:00,144 [a04b3fda-42d1-4ee5-9233-bf3df18c72ca-DatanodeStateMachineDaemonThread] INFO  statemachine.DatanodeStateMachine (DatanodeStateMachine.java:lambda$startDaemon$1(555)) - Ozone container server started.
2024-02-09 18:34:00,144 [main] INFO  ozone.MiniOzoneClusterImpl (MiniOzoneClusterImpl.java:lambda$waitForClusterToBeReady$0(221)) - Waiting for nodes to be ready. Got 0 of 9 DN Heartbeats.
2024-02-09 18:34:00,146 [main] INFO  ozone.MiniOzoneClusterImpl (MiniOzoneClusterImpl.java:lambda$waitForClusterToBeReady$0(224)) - Waiting for cluster to exit safe mode
2024-02-09 18:34:00,146 [main] INFO  ozone.MiniOzoneClusterImpl (MiniOzoneClusterImpl.java:lambda$waitForClusterToBeReady$0(226)) - SCM became leader
2024-02-09 18:34:00,150 [a04b3fda-42d1-4ee5-9233-bf3df18c72ca-DatanodeStateMachineTaskThread-0] INFO  datanode.InitDatanodeState (InitDatanodeState.java:persistContainerDatanodeDetails(139)) - DatanodeDetails is persisted to /home/runner/work/ozone/ozone/hadoop-ozone/integration-test/target/test-dir/MiniOzoneClusterImpl-2e7e0147-493e-4f7b-8772-843c2731e345/datanode-8/meta/datanode.id
2024-02-09 18:34:00,163 [om1@group-C5BA1605619E-FollowerState] INFO  impl.FollowerState (FollowerState.java:run(143)) - om1@group-C5BA1605619E-FollowerState: change to CANDIDATE, lastRpcElapsedTime:1004240879ns, electionTimeout:1002ms
2024-02-09 18:34:00,163 [om1@group-C5BA1605619E-FollowerState] INFO  impl.RoleInfo (RoleInfo.java:shutdownFollowerState(110)) - om1: shutdown om1@group-C5BA1605619E-FollowerState
2024-02-09 18:34:00,163 [om1@group-C5BA1605619E-FollowerState] INFO  server.RaftServer$Division (RaftServerImpl.java:setRole(383)) - om1@group-C5BA1605619E: changes role from  FOLLOWER to CANDIDATE at term 0 for changeToCandidate
2024-02-09 18:34:00,163 [om1@group-C5BA1605619E-FollowerState] INFO  server.RaftServerConfigKeys (ConfUtils.java:logGet(46)) - raft.server.leaderelection.pre-vote = true (default)
2024-02-09 18:34:00,163 [om1@group-C5BA1605619E-FollowerState] INFO  impl.RoleInfo (RoleInfo.java:updateAndGet(139)) - om1: start om1@group-C5BA1605619E-LeaderElection19
2024-02-09 18:34:00,166 [om1@group-C5BA1605619E-LeaderElection19] INFO  impl.LeaderElection (LeaderElection.java:askForVotes(321)) - om1@group-C5BA1605619E-LeaderElection19 PRE_VOTE round 0: submit vote requests at term 0 for -1: peers:[om1|localhost:15096]|listeners:[], old=null
2024-02-09 18:34:00,166 [om1@group-C5BA1605619E-LeaderElection19] INFO  impl.LeaderElection (LeaderElection.java:askForVotes(323)) - om1@group-C5BA1605619E-LeaderElection19 PRE_VOTE round 0: result PASSED (term=0)
2024-02-09 18:34:00,167 [om1@group-C5BA1605619E-LeaderElection19] INFO  impl.LeaderElection (LeaderElection.java:askForVotes(321)) - om1@group-C5BA1605619E-LeaderElection19 ELECTION round 0: submit vote requests at term 1 for -1: peers:[om1|localhost:15096]|listeners:[], old=null
2024-02-09 18:34:00,167 [om1@group-C5BA1605619E-LeaderElection19] INFO  impl.LeaderElection (LeaderElection.java:askForVotes(323)) - om1@group-C5BA1605619E-LeaderElection19 ELECTION round 0: result PASSED (term=1)
2024-02-09 18:34:00,167 [om1@group-C5BA1605619E-LeaderElection19] INFO  impl.RoleInfo (RoleInfo.java:shutdownLeaderElection(130)) - om1: shutdown om1@group-C5BA1605619E-LeaderElection19
2024-02-09 18:34:00,167 [om1@group-C5BA1605619E-LeaderElection19] INFO  server.RaftServer$Division (RaftServerImpl.java:setRole(383)) - om1@group-C5BA1605619E: changes role from CANDIDATE to LEADER at term 1 for changeToLeader
2024-02-09 18:34:00,168 [om1@group-C5BA1605619E-LeaderElection19] INFO  server.RaftServerConfigKeys (ConfUtils.java:logGet(46)) - raft.server.staging.catchup.gap = 1000 (default)
2024-02-09 18:34:00,168 [om1@group-C5BA1605619E-LeaderElection19] INFO  server.RaftServerConfigKeys (ConfUtils.java:logGet(46)) - raft.server.write.element-limit = 4096 (default)
2024-02-09 18:34:00,168 [om1@group-C5BA1605619E-LeaderElection19] INFO  server.RaftServerConfigKeys (ConfUtils.java:logGet(46)) - raft.server.write.byte-limit = 64MB (=67108864) (default)
2024-02-09 18:34:00,168 [om1@group-C5BA1605619E-LeaderElection19] INFO  server.RaftServerConfigKeys (ConfUtils.java:logGet(46)) - raft.server.watch.timeout = 10s (default)
2024-02-09 18:34:00,168 [om1@group-C5BA1605619E-LeaderElection19] INFO  server.RaftServerConfigKeys (ConfUtils.java:logGet(46)) - raft.server.watch.timeout.denomination = 1s (default)
2024-02-09 18:34:00,168 [om1@group-C5BA1605619E-LeaderElection19] INFO  server.RaftServerConfigKeys (ConfUtils.java:logGet(46)) - raft.server.watch.element-limit = 65536 (default)
2024-02-09 18:34:00,168 [om1@group-C5BA1605619E-LeaderElection19] INFO  server.RaftServerConfigKeys (ConfUtils.java:logGet(46)) - raft.server.read.leader.lease.enabled = false (default)
2024-02-09 18:34:00,168 [om1@group-C5BA1605619E-LeaderElection19] INFO  server.RaftServerConfigKeys (ConfUtils.java:logGet(46)) - raft.server.read.leader.lease.timeout.ratio = 0.9 (default)
2024-02-09 18:34:00,168 [om1@group-C5BA1605619E-LeaderElection19] INFO  server.RaftServerConfigKeys (ConfUtils.java:logGet(46)) - raft.server.rpc.timeout.min = 1s (custom)
2024-02-09 18:34:00,168 [om1@group-C5BA1605619E-LeaderElection19] INFO  server.RaftServerConfigKeys (ConfUtils.java:logGet(46)) - raft.server.write.element-limit = 4096 (default)
2024-02-09 18:34:00,168 [om1@group-C5BA1605619E-LeaderElection19] INFO  server.RaftServerConfigKeys (ConfUtils.java:logGet(46)) - raft.server.write.follower.gap.ratio.max = -1.0 (default)
2024-02-09 18:34:00,168 [om1@group-C5BA1605619E-LeaderElection19] INFO  impl.RoleInfo (RoleInfo.java:updateAndGet(139)) - om1: start om1@group-C5BA1605619E-LeaderStateImpl
2024-02-09 18:34:00,169 [om1@group-C5BA1605619E-LeaderElection19] INFO  server.RaftServer$Division (RaftServerImpl.java:setFirstElection(574)) - om1@group-C5BA1605619E: set firstElectionSinceStartup to false for becomeLeader
2024-02-09 18:34:00,169 [om1@group-C5BA1605619E-LeaderElection19] INFO  server.RaftServer$Division (ServerState.java:setLeader(269)) - om1@group-C5BA1605619E: change Leader from null to om1 at term 1 for becomeLeader, leader elected after 1304ms
2024-02-09 18:34:00,169 [om1@group-C5BA1605619E-LeaderElection19] INFO  segmented.SegmentedRaftLogWorker (SegmentedRaftLogWorker.java:startLogSegment(430)) - om1@group-C5BA1605619E-SegmentedRaftLogWorker: Starting segment from index:0
2024-02-09 18:34:00,171 [om1@group-C5BA1605619E-LeaderElection19] INFO  server.RaftServer$Division (ServerState.java:setRaftConf(386)) - om1@group-C5BA1605619E: set configuration 0: peers:[om1|localhost:15096]|listeners:[], old=null
2024-02-09 18:34:00,171 [om1@group-C5BA1605619E-SegmentedRaftLogWorker] INFO  segmented.BufferedWriteChannel (BufferedWriteChannel.java:open(62)) - open log_inprogress_0 at position 0
2024-02-09 18:34:00,178 [om1@group-C5BA1605619E-SegmentedRaftLogWorker] INFO  segmented.SegmentedRaftLogWorker (SegmentedRaftLogWorker.java:execute(634)) - om1@group-C5BA1605619E-SegmentedRaftLogWorker: created new log segment /home/runner/work/ozone/ozone/hadoop-ozone/integration-test/target/test-dir/MiniOzoneClusterImpl-2e7e0147-493e-4f7b-8772-843c2731e345/ozone-meta/ratis/bf265839-605b-3f16-9796-c5ba1605619e/current/log_inprogress_0
2024-02-09 18:34:00,180 [om1@group-C5BA1605619E-StateMachineUpdater] INFO  ratis.OzoneManagerStateMachine (OzoneManagerStateMachine.java:notifyConfigurationChanged(200)) - Received Configuration change notification from Ratis. New Peer list:
[id: "om1"
address: "localhost:15096"
startupRole: FOLLOWER
]
2024-02-09 18:34:00,180 [om1@group-C5BA1605619E-StateMachineUpdater] INFO  server.RaftServer$Division (LeaderStateImpl.java:isApplied(320)) - leader is ready since appliedIndex == 0 >= startIndex == 0
2024-02-09 18:34:01,147 [main] INFO  ozone.MiniOzoneClusterImpl (MiniOzoneClusterImpl.java:lambda$waitForClusterToBeReady$0(221)) - Waiting for nodes to be ready. Got 0 of 9 DN Heartbeats.
2024-02-09 18:34:01,147 [main] INFO  ozone.MiniOzoneClusterImpl (MiniOzoneClusterImpl.java:lambda$waitForClusterToBeReady$0(224)) - Waiting for cluster to exit safe mode
2024-02-09 18:34:01,147 [main] INFO  ozone.MiniOzoneClusterImpl (MiniOzoneClusterImpl.java:lambda$waitForClusterToBeReady$0(226)) - SCM became leader
2024-02-09 18:34:01,329 [5d91c0b9-cefc-489a-be2c-ee3cd3dcc3a0-EndpointStateMachineTaskThread-/0.0.0.0:15091-0 ] INFO  utils.DatanodeStoreCache (DatanodeStoreCache.java:addDB(72)) - Added db /home/runner/work/ozone/ozone/hadoop-ozone/integration-test/target/test-dir/MiniOzoneClusterImpl-2e7e0147-493e-4f7b-8772-843c2731e345/datanode-0/data-0/containers/hdds/2e7e0147-493e-4f7b-8772-843c2731e345/DS-b635cdf8-c11d-4f52-91d9-924331fc4e69/container.db to cache
2024-02-09 18:34:01,329 [5d91c0b9-cefc-489a-be2c-ee3cd3dcc3a0-EndpointStateMachineTaskThread-/0.0.0.0:15091-0 ] INFO  volume.HddsVolume (HddsVolume.java:createDbStore(420)) - SchemaV3 db is created and loaded at /home/runner/work/ozone/ozone/hadoop-ozone/integration-test/target/test-dir/MiniOzoneClusterImpl-2e7e0147-493e-4f7b-8772-843c2731e345/datanode-0/data-0/containers/hdds/2e7e0147-493e-4f7b-8772-843c2731e345/DS-b635cdf8-c11d-4f52-91d9-924331fc4e69/container.db for volume DS-b635cdf8-c11d-4f52-91d9-924331fc4e69
2024-02-09 18:34:01,331 [5d91c0b9-cefc-489a-be2c-ee3cd3dcc3a0-ContainerReader-0] INFO  ozoneimpl.ContainerReader (ContainerReader.java:readVolume(148)) - Start to verify containers on volume /home/runner/work/ozone/ozone/hadoop-ozone/integration-test/target/test-dir/MiniOzoneClusterImpl-2e7e0147-493e-4f7b-8772-843c2731e345/datanode-0/data-0/containers/hdds
2024-02-09 18:34:01,331 [5d91c0b9-cefc-489a-be2c-ee3cd3dcc3a0-ContainerReader-0] INFO  ozoneimpl.ContainerReader (ContainerReader.java:readVolume(178)) - Finish verifying containers on volume /home/runner/work/ozone/ozone/hadoop-ozone/integration-test/target/test-dir/MiniOzoneClusterImpl-2e7e0147-493e-4f7b-8772-843c2731e345/datanode-0/data-0/containers/hdds
2024-02-09 18:34:01,331 [5d91c0b9-cefc-489a-be2c-ee3cd3dcc3a0-EndpointStateMachineTaskThread-/0.0.0.0:15091-0 ] INFO  ozoneimpl.OzoneContainer (OzoneContainer.java:buildContainerSet(328)) - Build ContainerSet costs 0s
2024-02-09 18:34:01,331 [5d91c0b9-cefc-489a-be2c-ee3cd3dcc3a0-EndpointStateMachineTaskThread-/0.0.0.0:15091-0 ] INFO  volume.ThrottledAsyncChecker (ThrottledAsyncChecker.java:schedule(141)) - Scheduling a check for /home/runner/work/ozone/ozone/hadoop-ozone/integration-test/target/test-dir/MiniOzoneClusterImpl-2e7e0147-493e-4f7b-8772-843c2731e345/datanode-0/data-0/containers/hdds
2024-02-09 18:34:01,332 [5d91c0b9-cefc-489a-be2c-ee3cd3dcc3a0-EndpointStateMachineTaskThread-/0.0.0.0:15091-0 ] INFO  volume.StorageVolumeChecker (StorageVolumeChecker.java:checkAllVolumes(218)) - Scheduled health check for volume /home/runner/work/ozone/ozone/hadoop-ozone/integration-test/target/test-dir/MiniOzoneClusterImpl-2e7e0147-493e-4f7b-8772-843c2731e345/datanode-0/data-0/containers/hdds
2024-02-09 18:34:01,333 [5d91c0b9-cefc-489a-be2c-ee3cd3dcc3a0-EndpointStateMachineTaskThread-/0.0.0.0:15091-0 ] INFO  volume.ThrottledAsyncChecker (ThrottledAsyncChecker.java:schedule(141)) - Scheduling a check for /home/runner/work/ozone/ozone/hadoop-ozone/integration-test/target/test-dir/MiniOzoneClusterImpl-2e7e0147-493e-4f7b-8772-843c2731e345/datanode-0/data/ratis
2024-02-09 18:34:01,333 [5d91c0b9-cefc-489a-be2c-ee3cd3dcc3a0-EndpointStateMachineTaskThread-/0.0.0.0:15091-0 ] INFO  volume.StorageVolumeChecker (StorageVolumeChecker.java:checkAllVolumes(218)) - Scheduled health check for volume /home/runner/work/ozone/ozone/hadoop-ozone/integration-test/target/test-dir/MiniOzoneClusterImpl-2e7e0147-493e-4f7b-8772-843c2731e345/datanode-0/data/ratis
2024-02-09 18:34:01,334 [5d91c0b9-cefc-489a-be2c-ee3cd3dcc3a0-EndpointStateMachineTaskThread-/0.0.0.0:15091-0 ] INFO  ozoneimpl.OzoneContainer (OzoneContainer.java:start(459)) - Attempting to start container services.
2024-02-09 18:34:01,334 [5d91c0b9-cefc-489a-be2c-ee3cd3dcc3a0-EndpointStateMachineTaskThread-/0.0.0.0:15091-0 ] INFO  ozoneimpl.OzoneContainer (OzoneContainer.java:startContainerScrub(339)) - Scheduled background container scanners and the on-demand container scanner have been disabled.
2024-02-09 18:34:01,334 [5d91c0b9-cefc-489a-be2c-ee3cd3dcc3a0-EndpointStateMachineTaskThread-/0.0.0.0:15091-0 ] INFO  replication.ReplicationServer (ReplicationServer.java:start(140)) - ReplicationServer is started using port 15105
2024-02-09 18:34:01,334 [5d91c0b9-cefc-489a-be2c-ee3cd3dcc3a0-EndpointStateMachineTaskThread-/0.0.0.0:15091-0 ] INFO  ratis.XceiverServerRatis (XceiverServerRatis.java:start(566)) - Starting XceiverServerRatis 5d91c0b9-cefc-489a-be2c-ee3cd3dcc3a0
2024-02-09 18:34:01,335 [5d91c0b9-cefc-489a-be2c-ee3cd3dcc3a0-EndpointStateMachineTaskThread-/0.0.0.0:15091-0 ] INFO  server.RaftServer (RaftServerProxy.java:startImpl(406)) - 5d91c0b9-cefc-489a-be2c-ee3cd3dcc3a0: start RPC server
2024-02-09 18:34:01,335 [5d91c0b9-cefc-489a-be2c-ee3cd3dcc3a0-EndpointStateMachineTaskThread-/0.0.0.0:15091-0 ] INFO  server.GrpcService (GrpcService.java:startImpl(302)) - 5d91c0b9-cefc-489a-be2c-ee3cd3dcc3a0: GrpcService started, listening on 15101
2024-02-09 18:34:01,335 [5d91c0b9-cefc-489a-be2c-ee3cd3dcc3a0-EndpointStateMachineTaskThread-/0.0.0.0:15091-0 ] INFO  server.GrpcService (GrpcService.java:startImpl(302)) - 5d91c0b9-cefc-489a-be2c-ee3cd3dcc3a0: GrpcService started, listening on 15103
2024-02-09 18:34:01,335 [5d91c0b9-cefc-489a-be2c-ee3cd3dcc3a0-EndpointStateMachineTaskThread-/0.0.0.0:15091-0 ] INFO  server.GrpcService (GrpcService.java:startImpl(302)) - 5d91c0b9-cefc-489a-be2c-ee3cd3dcc3a0: GrpcService started, listening on 15102
2024-02-09 18:34:01,335 [5d91c0b9-cefc-489a-be2c-ee3cd3dcc3a0-EndpointStateMachineTaskThread-/0.0.0.0:15091-0 ] INFO  ratis.XceiverServerRatis (XceiverServerRatis.java:getRealPort(592)) - XceiverServerRatis 5d91c0b9-cefc-489a-be2c-ee3cd3dcc3a0 is started using port 15101 for RATIS
2024-02-09 18:34:01,335 [JvmPauseMonitor13] INFO  util.JvmPauseMonitor (JvmPauseMonitor.java:run(146)) - JvmPauseMonitor-5d91c0b9-cefc-489a-be2c-ee3cd3dcc3a0: Started
2024-02-09 18:34:01,336 [5d91c0b9-cefc-489a-be2c-ee3cd3dcc3a0-EndpointStateMachineTaskThread-/0.0.0.0:15091-0 ] INFO  ratis.XceiverServerRatis (XceiverServerRatis.java:getRealPort(592)) - XceiverServerRatis 5d91c0b9-cefc-489a-be2c-ee3cd3dcc3a0 is started using port 15102 for RATIS_ADMIN
2024-02-09 18:34:01,336 [5d91c0b9-cefc-489a-be2c-ee3cd3dcc3a0-EndpointStateMachineTaskThread-/0.0.0.0:15091-0 ] INFO  ratis.XceiverServerRatis (XceiverServerRatis.java:getRealPort(592)) - XceiverServerRatis 5d91c0b9-cefc-489a-be2c-ee3cd3dcc3a0 is started using port 15103 for RATIS_SERVER
2024-02-09 18:34:01,336 [5d91c0b9-cefc-489a-be2c-ee3cd3dcc3a0-EndpointStateMachineTaskThread-/0.0.0.0:15091-0 ] INFO  ratis.XceiverServerRatis (XceiverServerRatis.java:getRealPort(592)) - XceiverServerRatis 5d91c0b9-cefc-489a-be2c-ee3cd3dcc3a0 is started using port 15104 for RATIS_DATASTREAM
2024-02-09 18:34:01,337 [5d91c0b9-cefc-489a-be2c-ee3cd3dcc3a0-BlockDeletingService#0] INFO  interfaces.ContainerDeletionChoosingPolicyTemplate (ContainerDeletionChoosingPolicyTemplate.java:chooseContainerForBlockDeletion(85)) - Chosen 0/5000 blocks from 0 candidate containers.
2024-02-09 18:34:01,421 [92c5164c-1af2-4faa-850f-17550d8861d5-EndpointStateMachineTaskThread-/0.0.0.0:15091-0 ] INFO  utils.DatanodeStoreCache (DatanodeStoreCache.java:addDB(72)) - Added db /home/runner/work/ozone/ozone/hadoop-ozone/integration-test/target/test-dir/MiniOzoneClusterImpl-2e7e0147-493e-4f7b-8772-843c2731e345/datanode-1/data-0/containers/hdds/2e7e0147-493e-4f7b-8772-843c2731e345/DS-2835d456-cf97-4fa0-93cd-62ae07bf6818/container.db to cache
2024-02-09 18:34:01,422 [92c5164c-1af2-4faa-850f-17550d8861d5-EndpointStateMachineTaskThread-/0.0.0.0:15091-0 ] INFO  volume.HddsVolume (HddsVolume.java:createDbStore(420)) - SchemaV3 db is created and loaded at /home/runner/work/ozone/ozone/hadoop-ozone/integration-test/target/test-dir/MiniOzoneClusterImpl-2e7e0147-493e-4f7b-8772-843c2731e345/datanode-1/data-0/containers/hdds/2e7e0147-493e-4f7b-8772-843c2731e345/DS-2835d456-cf97-4fa0-93cd-62ae07bf6818/container.db for volume DS-2835d456-cf97-4fa0-93cd-62ae07bf6818
2024-02-09 18:34:01,423 [92c5164c-1af2-4faa-850f-17550d8861d5-ContainerReader-0] INFO  ozoneimpl.ContainerReader (ContainerReader.java:readVolume(148)) - Start to verify containers on volume /home/runner/work/ozone/ozone/hadoop-ozone/integration-test/target/test-dir/MiniOzoneClusterImpl-2e7e0147-493e-4f7b-8772-843c2731e345/datanode-1/data-0/containers/hdds
2024-02-09 18:34:01,423 [92c5164c-1af2-4faa-850f-17550d8861d5-ContainerReader-0] INFO  ozoneimpl.ContainerReader (ContainerReader.java:readVolume(178)) - Finish verifying containers on volume /home/runner/work/ozone/ozone/hadoop-ozone/integration-test/target/test-dir/MiniOzoneClusterImpl-2e7e0147-493e-4f7b-8772-843c2731e345/datanode-1/data-0/containers/hdds
2024-02-09 18:34:01,423 [92c5164c-1af2-4faa-850f-17550d8861d5-EndpointStateMachineTaskThread-/0.0.0.0:15091-0 ] INFO  ozoneimpl.OzoneContainer (OzoneContainer.java:buildContainerSet(328)) - Build ContainerSet costs 0s
2024-02-09 18:34:01,424 [92c5164c-1af2-4faa-850f-17550d8861d5-EndpointStateMachineTaskThread-/0.0.0.0:15091-0 ] INFO  volume.ThrottledAsyncChecker (ThrottledAsyncChecker.java:schedule(141)) - Scheduling a check for /home/runner/work/ozone/ozone/hadoop-ozone/integration-test/target/test-dir/MiniOzoneClusterImpl-2e7e0147-493e-4f7b-8772-843c2731e345/datanode-1/data-0/containers/hdds
2024-02-09 18:34:01,424 [92c5164c-1af2-4faa-850f-17550d8861d5-EndpointStateMachineTaskThread-/0.0.0.0:15091-0 ] INFO  volume.StorageVolumeChecker (StorageVolumeChecker.java:checkAllVolumes(218)) - Scheduled health check for volume /home/runner/work/ozone/ozone/hadoop-ozone/integration-test/target/test-dir/MiniOzoneClusterImpl-2e7e0147-493e-4f7b-8772-843c2731e345/datanode-1/data-0/containers/hdds
2024-02-09 18:34:01,425 [92c5164c-1af2-4faa-850f-17550d8861d5-EndpointStateMachineTaskThread-/0.0.0.0:15091-0 ] INFO  volume.ThrottledAsyncChecker (ThrottledAsyncChecker.java:schedule(141)) - Scheduling a check for /home/runner/work/ozone/ozone/hadoop-ozone/integration-test/target/test-dir/MiniOzoneClusterImpl-2e7e0147-493e-4f7b-8772-843c2731e345/datanode-1/data/ratis
2024-02-09 18:34:01,425 [92c5164c-1af2-4faa-850f-17550d8861d5-EndpointStateMachineTaskThread-/0.0.0.0:15091-0 ] INFO  volume.StorageVolumeChecker (StorageVolumeChecker.java:checkAllVolumes(218)) - Scheduled health check for volume /home/runner/work/ozone/ozone/hadoop-ozone/integration-test/target/test-dir/MiniOzoneClusterImpl-2e7e0147-493e-4f7b-8772-843c2731e345/datanode-1/data/ratis
2024-02-09 18:34:01,426 [92c5164c-1af2-4faa-850f-17550d8861d5-EndpointStateMachineTaskThread-/0.0.0.0:15091-0 ] INFO  ozoneimpl.OzoneContainer (OzoneContainer.java:start(459)) - Attempting to start container services.
2024-02-09 18:34:01,426 [92c5164c-1af2-4faa-850f-17550d8861d5-EndpointStateMachineTaskThread-/0.0.0.0:15091-0 ] INFO  ozoneimpl.OzoneContainer (OzoneContainer.java:startContainerScrub(339)) - Scheduled background container scanners and the on-demand container scanner have been disabled.
2024-02-09 18:34:01,426 [92c5164c-1af2-4faa-850f-17550d8861d5-EndpointStateMachineTaskThread-/0.0.0.0:15091-0 ] INFO  replication.ReplicationServer (ReplicationServer.java:start(140)) - ReplicationServer is started using port 15114
2024-02-09 18:34:01,427 [92c5164c-1af2-4faa-850f-17550d8861d5-EndpointStateMachineTaskThread-/0.0.0.0:15091-0 ] INFO  ratis.XceiverServerRatis (XceiverServerRatis.java:start(566)) - Starting XceiverServerRatis 92c5164c-1af2-4faa-850f-17550d8861d5
2024-02-09 18:34:01,427 [92c5164c-1af2-4faa-850f-17550d8861d5-EndpointStateMachineTaskThread-/0.0.0.0:15091-0 ] INFO  server.RaftServer (RaftServerProxy.java:startImpl(406)) - 92c5164c-1af2-4faa-850f-17550d8861d5: start RPC server
2024-02-09 18:34:01,427 [92c5164c-1af2-4faa-850f-17550d8861d5-EndpointStateMachineTaskThread-/0.0.0.0:15091-0 ] INFO  server.GrpcService (GrpcService.java:startImpl(302)) - 92c5164c-1af2-4faa-850f-17550d8861d5: GrpcService started, listening on 15110
2024-02-09 18:34:01,428 [92c5164c-1af2-4faa-850f-17550d8861d5-EndpointStateMachineTaskThread-/0.0.0.0:15091-0 ] INFO  server.GrpcService (GrpcService.java:startImpl(302)) - 92c5164c-1af2-4faa-850f-17550d8861d5: GrpcService started, listening on 15112
2024-02-09 18:34:01,429 [92c5164c-1af2-4faa-850f-17550d8861d5-EndpointStateMachineTaskThread-/0.0.0.0:15091-0 ] INFO  server.GrpcService (GrpcService.java:startImpl(302)) - 92c5164c-1af2-4faa-850f-17550d8861d5: GrpcService started, listening on 15111
2024-02-09 18:34:01,429 [92c5164c-1af2-4faa-850f-17550d8861d5-EndpointStateMachineTaskThread-/0.0.0.0:15091-0 ] INFO  ratis.XceiverServerRatis (XceiverServerRatis.java:getRealPort(592)) - XceiverServerRatis 92c5164c-1af2-4faa-850f-17550d8861d5 is started using port 15110 for RATIS
2024-02-09 18:34:01,429 [92c5164c-1af2-4faa-850f-17550d8861d5-EndpointStateMachineTaskThread-/0.0.0.0:15091-0 ] INFO  ratis.XceiverServerRatis (XceiverServerRatis.java:getRealPort(592)) - XceiverServerRatis 92c5164c-1af2-4faa-850f-17550d8861d5 is started using port 15111 for RATIS_ADMIN
2024-02-09 18:34:01,429 [92c5164c-1af2-4faa-850f-17550d8861d5-EndpointStateMachineTaskThread-/0.0.0.0:15091-0 ] INFO  ratis.XceiverServerRatis (XceiverServerRatis.java:getRealPort(592)) - XceiverServerRatis 92c5164c-1af2-4faa-850f-17550d8861d5 is started using port 15112 for RATIS_SERVER
2024-02-09 18:34:01,429 [92c5164c-1af2-4faa-850f-17550d8861d5-EndpointStateMachineTaskThread-/0.0.0.0:15091-0 ] INFO  ratis.XceiverServerRatis (XceiverServerRatis.java:getRealPort(592)) - XceiverServerRatis 92c5164c-1af2-4faa-850f-17550d8861d5 is started using port 15113 for RATIS_DATASTREAM
2024-02-09 18:34:01,429 [JvmPauseMonitor14] INFO  util.JvmPauseMonitor (JvmPauseMonitor.java:run(146)) - JvmPauseMonitor-92c5164c-1af2-4faa-850f-17550d8861d5: Started
2024-02-09 18:34:01,430 [92c5164c-1af2-4faa-850f-17550d8861d5-BlockDeletingService#0] INFO  interfaces.ContainerDeletionChoosingPolicyTemplate (ContainerDeletionChoosingPolicyTemplate.java:chooseContainerForBlockDeletion(85)) - Chosen 0/5000 blocks from 0 candidate containers.
2024-02-09 18:34:01,542 [6ea81ba3-4cc7-4d8f-90c6-66e0677302b1-EndpointStateMachineTaskThread-/0.0.0.0:15091-0 ] INFO  utils.DatanodeStoreCache (DatanodeStoreCache.java:addDB(72)) - Added db /home/runner/work/ozone/ozone/hadoop-ozone/integration-test/target/test-dir/MiniOzoneClusterImpl-2e7e0147-493e-4f7b-8772-843c2731e345/datanode-2/data-0/containers/hdds/2e7e0147-493e-4f7b-8772-843c2731e345/DS-7d86a704-a2cc-4d3e-9fdd-0325a918a9a7/container.db to cache
2024-02-09 18:34:01,542 [6ea81ba3-4cc7-4d8f-90c6-66e0677302b1-EndpointStateMachineTaskThread-/0.0.0.0:15091-0 ] INFO  volume.HddsVolume (HddsVolume.java:createDbStore(420)) - SchemaV3 db is created and loaded at /home/runner/work/ozone/ozone/hadoop-ozone/integration-test/target/test-dir/MiniOzoneClusterImpl-2e7e0147-493e-4f7b-8772-843c2731e345/datanode-2/data-0/containers/hdds/2e7e0147-493e-4f7b-8772-843c2731e345/DS-7d86a704-a2cc-4d3e-9fdd-0325a918a9a7/container.db for volume DS-7d86a704-a2cc-4d3e-9fdd-0325a918a9a7
2024-02-09 18:34:01,543 [6ea81ba3-4cc7-4d8f-90c6-66e0677302b1-ContainerReader-0] INFO  ozoneimpl.ContainerReader (ContainerReader.java:readVolume(148)) - Start to verify containers on volume /home/runner/work/ozone/ozone/hadoop-ozone/integration-test/target/test-dir/MiniOzoneClusterImpl-2e7e0147-493e-4f7b-8772-843c2731e345/datanode-2/data-0/containers/hdds
2024-02-09 18:34:01,543 [6ea81ba3-4cc7-4d8f-90c6-66e0677302b1-ContainerReader-0] INFO  ozoneimpl.ContainerReader (ContainerReader.java:readVolume(178)) - Finish verifying containers on volume /home/runner/work/ozone/ozone/hadoop-ozone/integration-test/target/test-dir/MiniOzoneClusterImpl-2e7e0147-493e-4f7b-8772-843c2731e345/datanode-2/data-0/containers/hdds
2024-02-09 18:34:01,543 [6ea81ba3-4cc7-4d8f-90c6-66e0677302b1-EndpointStateMachineTaskThread-/0.0.0.0:15091-0 ] INFO  ozoneimpl.OzoneContainer (OzoneContainer.java:buildContainerSet(328)) - Build ContainerSet costs 0s
2024-02-09 18:34:01,543 [6ea81ba3-4cc7-4d8f-90c6-66e0677302b1-EndpointStateMachineTaskThread-/0.0.0.0:15091-0 ] INFO  volume.ThrottledAsyncChecker (ThrottledAsyncChecker.java:schedule(141)) - Scheduling a check for /home/runner/work/ozone/ozone/hadoop-ozone/integration-test/target/test-dir/MiniOzoneClusterImpl-2e7e0147-493e-4f7b-8772-843c2731e345/datanode-2/data-0/containers/hdds
2024-02-09 18:34:01,544 [6ea81ba3-4cc7-4d8f-90c6-66e0677302b1-EndpointStateMachineTaskThread-/0.0.0.0:15091-0 ] INFO  volume.StorageVolumeChecker (StorageVolumeChecker.java:checkAllVolumes(218)) - Scheduled health check for volume /home/runner/work/ozone/ozone/hadoop-ozone/integration-test/target/test-dir/MiniOzoneClusterImpl-2e7e0147-493e-4f7b-8772-843c2731e345/datanode-2/data-0/containers/hdds
2024-02-09 18:34:01,545 [6ea81ba3-4cc7-4d8f-90c6-66e0677302b1-EndpointStateMachineTaskThread-/0.0.0.0:15091-0 ] INFO  volume.ThrottledAsyncChecker (ThrottledAsyncChecker.java:schedule(141)) - Scheduling a check for /home/runner/work/ozone/ozone/hadoop-ozone/integration-test/target/test-dir/MiniOzoneClusterImpl-2e7e0147-493e-4f7b-8772-843c2731e345/datanode-2/data/ratis
2024-02-09 18:34:01,545 [6ea81ba3-4cc7-4d8f-90c6-66e0677302b1-EndpointStateMachineTaskThread-/0.0.0.0:15091-0 ] INFO  volume.StorageVolumeChecker (StorageVolumeChecker.java:checkAllVolumes(218)) - Scheduled health check for volume /home/runner/work/ozone/ozone/hadoop-ozone/integration-test/target/test-dir/MiniOzoneClusterImpl-2e7e0147-493e-4f7b-8772-843c2731e345/datanode-2/data/ratis
2024-02-09 18:34:01,546 [6ea81ba3-4cc7-4d8f-90c6-66e0677302b1-EndpointStateMachineTaskThread-/0.0.0.0:15091-0 ] INFO  ozoneimpl.OzoneContainer (OzoneContainer.java:start(459)) - Attempting to start container services.
2024-02-09 18:34:01,546 [6ea81ba3-4cc7-4d8f-90c6-66e0677302b1-EndpointStateMachineTaskThread-/0.0.0.0:15091-0 ] INFO  ozoneimpl.OzoneContainer (OzoneContainer.java:startContainerScrub(339)) - Scheduled background container scanners and the on-demand container scanner have been disabled.
2024-02-09 18:34:01,546 [6ea81ba3-4cc7-4d8f-90c6-66e0677302b1-EndpointStateMachineTaskThread-/0.0.0.0:15091-0 ] INFO  replication.ReplicationServer (ReplicationServer.java:start(140)) - ReplicationServer is started using port 15123
2024-02-09 18:34:01,546 [6ea81ba3-4cc7-4d8f-90c6-66e0677302b1-EndpointStateMachineTaskThread-/0.0.0.0:15091-0 ] INFO  ratis.XceiverServerRatis (XceiverServerRatis.java:start(566)) - Starting XceiverServerRatis 6ea81ba3-4cc7-4d8f-90c6-66e0677302b1
2024-02-09 18:34:01,547 [6ea81ba3-4cc7-4d8f-90c6-66e0677302b1-EndpointStateMachineTaskThread-/0.0.0.0:15091-0 ] INFO  server.RaftServer (RaftServerProxy.java:startImpl(406)) - 6ea81ba3-4cc7-4d8f-90c6-66e0677302b1: start RPC server
2024-02-09 18:34:01,547 [6ea81ba3-4cc7-4d8f-90c6-66e0677302b1-EndpointStateMachineTaskThread-/0.0.0.0:15091-0 ] INFO  server.GrpcService (GrpcService.java:startImpl(302)) - 6ea81ba3-4cc7-4d8f-90c6-66e0677302b1: GrpcService started, listening on 15119
2024-02-09 18:34:01,547 [6ea81ba3-4cc7-4d8f-90c6-66e0677302b1-EndpointStateMachineTaskThread-/0.0.0.0:15091-0 ] INFO  server.GrpcService (GrpcService.java:startImpl(302)) - 6ea81ba3-4cc7-4d8f-90c6-66e0677302b1: GrpcService started, listening on 15121
2024-02-09 18:34:01,548 [6ea81ba3-4cc7-4d8f-90c6-66e0677302b1-EndpointStateMachineTaskThread-/0.0.0.0:15091-0 ] INFO  server.GrpcService (GrpcService.java:startImpl(302)) - 6ea81ba3-4cc7-4d8f-90c6-66e0677302b1: GrpcService started, listening on 15120
2024-02-09 18:34:01,548 [6ea81ba3-4cc7-4d8f-90c6-66e0677302b1-EndpointStateMachineTaskThread-/0.0.0.0:15091-0 ] INFO  ratis.XceiverServerRatis (XceiverServerRatis.java:getRealPort(592)) - XceiverServerRatis 6ea81ba3-4cc7-4d8f-90c6-66e0677302b1 is started using port 15119 for RATIS
2024-02-09 18:34:01,548 [JvmPauseMonitor15] INFO  util.JvmPauseMonitor (JvmPauseMonitor.java:run(146)) - JvmPauseMonitor-6ea81ba3-4cc7-4d8f-90c6-66e0677302b1: Started
2024-02-09 18:34:01,548 [6ea81ba3-4cc7-4d8f-90c6-66e0677302b1-EndpointStateMachineTaskThread-/0.0.0.0:15091-0 ] INFO  ratis.XceiverServerRatis (XceiverServerRatis.java:getRealPort(592)) - XceiverServerRatis 6ea81ba3-4cc7-4d8f-90c6-66e0677302b1 is started using port 15120 for RATIS_ADMIN
2024-02-09 18:34:01,548 [6ea81ba3-4cc7-4d8f-90c6-66e0677302b1-EndpointStateMachineTaskThread-/0.0.0.0:15091-0 ] INFO  ratis.XceiverServerRatis (XceiverServerRatis.java:getRealPort(592)) - XceiverServerRatis 6ea81ba3-4cc7-4d8f-90c6-66e0677302b1 is started using port 15121 for RATIS_SERVER
2024-02-09 18:34:01,548 [6ea81ba3-4cc7-4d8f-90c6-66e0677302b1-EndpointStateMachineTaskThread-/0.0.0.0:15091-0 ] INFO  ratis.XceiverServerRatis (XceiverServerRatis.java:getRealPort(592)) - XceiverServerRatis 6ea81ba3-4cc7-4d8f-90c6-66e0677302b1 is started using port 15122 for RATIS_DATASTREAM
2024-02-09 18:34:01,549 [6ea81ba3-4cc7-4d8f-90c6-66e0677302b1-BlockDeletingService#0] INFO  interfaces.ContainerDeletionChoosingPolicyTemplate (ContainerDeletionChoosingPolicyTemplate.java:chooseContainerForBlockDeletion(85)) - Chosen 0/5000 blocks from 0 candidate containers.
2024-02-09 18:34:01,648 [19714071-6985-4253-9bb3-86e59ac051d1-EndpointStateMachineTaskThread-/0.0.0.0:15091-0 ] INFO  utils.DatanodeStoreCache (DatanodeStoreCache.java:addDB(72)) - Added db /home/runner/work/ozone/ozone/hadoop-ozone/integration-test/target/test-dir/MiniOzoneClusterImpl-2e7e0147-493e-4f7b-8772-843c2731e345/datanode-3/data-0/containers/hdds/2e7e0147-493e-4f7b-8772-843c2731e345/DS-588d54cd-1bdf-4f3f-8c70-4459ad3beb2a/container.db to cache
2024-02-09 18:34:01,648 [19714071-6985-4253-9bb3-86e59ac051d1-EndpointStateMachineTaskThread-/0.0.0.0:15091-0 ] INFO  volume.HddsVolume (HddsVolume.java:createDbStore(420)) - SchemaV3 db is created and loaded at /home/runner/work/ozone/ozone/hadoop-ozone/integration-test/target/test-dir/MiniOzoneClusterImpl-2e7e0147-493e-4f7b-8772-843c2731e345/datanode-3/data-0/containers/hdds/2e7e0147-493e-4f7b-8772-843c2731e345/DS-588d54cd-1bdf-4f3f-8c70-4459ad3beb2a/container.db for volume DS-588d54cd-1bdf-4f3f-8c70-4459ad3beb2a
2024-02-09 18:34:01,649 [19714071-6985-4253-9bb3-86e59ac051d1-ContainerReader-0] INFO  ozoneimpl.ContainerReader (ContainerReader.java:readVolume(148)) - Start to verify containers on volume /home/runner/work/ozone/ozone/hadoop-ozone/integration-test/target/test-dir/MiniOzoneClusterImpl-2e7e0147-493e-4f7b-8772-843c2731e345/datanode-3/data-0/containers/hdds
2024-02-09 18:34:01,649 [19714071-6985-4253-9bb3-86e59ac051d1-ContainerReader-0] INFO  ozoneimpl.ContainerReader (ContainerReader.java:readVolume(178)) - Finish verifying containers on volume /home/runner/work/ozone/ozone/hadoop-ozone/integration-test/target/test-dir/MiniOzoneClusterImpl-2e7e0147-493e-4f7b-8772-843c2731e345/datanode-3/data-0/containers/hdds
2024-02-09 18:34:01,649 [19714071-6985-4253-9bb3-86e59ac051d1-EndpointStateMachineTaskThread-/0.0.0.0:15091-0 ] INFO  ozoneimpl.OzoneContainer (OzoneContainer.java:buildContainerSet(328)) - Build ContainerSet costs 0s
2024-02-09 18:34:01,649 [19714071-6985-4253-9bb3-86e59ac051d1-EndpointStateMachineTaskThread-/0.0.0.0:15091-0 ] INFO  volume.ThrottledAsyncChecker (ThrottledAsyncChecker.java:schedule(141)) - Scheduling a check for /home/runner/work/ozone/ozone/hadoop-ozone/integration-test/target/test-dir/MiniOzoneClusterImpl-2e7e0147-493e-4f7b-8772-843c2731e345/datanode-3/data-0/containers/hdds
2024-02-09 18:34:01,650 [19714071-6985-4253-9bb3-86e59ac051d1-EndpointStateMachineTaskThread-/0.0.0.0:15091-0 ] INFO  volume.StorageVolumeChecker (StorageVolumeChecker.java:checkAllVolumes(218)) - Scheduled health check for volume /home/runner/work/ozone/ozone/hadoop-ozone/integration-test/target/test-dir/MiniOzoneClusterImpl-2e7e0147-493e-4f7b-8772-843c2731e345/datanode-3/data-0/containers/hdds
2024-02-09 18:34:01,651 [19714071-6985-4253-9bb3-86e59ac051d1-EndpointStateMachineTaskThread-/0.0.0.0:15091-0 ] INFO  volume.ThrottledAsyncChecker (ThrottledAsyncChecker.java:schedule(141)) - Scheduling a check for /home/runner/work/ozone/ozone/hadoop-ozone/integration-test/target/test-dir/MiniOzoneClusterImpl-2e7e0147-493e-4f7b-8772-843c2731e345/datanode-3/data/ratis
2024-02-09 18:34:01,651 [19714071-6985-4253-9bb3-86e59ac051d1-EndpointStateMachineTaskThread-/0.0.0.0:15091-0 ] INFO  volume.StorageVolumeChecker (StorageVolumeChecker.java:checkAllVolumes(218)) - Scheduled health check for volume /home/runner/work/ozone/ozone/hadoop-ozone/integration-test/target/test-dir/MiniOzoneClusterImpl-2e7e0147-493e-4f7b-8772-843c2731e345/datanode-3/data/ratis
2024-02-09 18:34:01,652 [19714071-6985-4253-9bb3-86e59ac051d1-EndpointStateMachineTaskThread-/0.0.0.0:15091-0 ] INFO  ozoneimpl.OzoneContainer (OzoneContainer.java:start(459)) - Attempting to start container services.
2024-02-09 18:34:01,652 [19714071-6985-4253-9bb3-86e59ac051d1-EndpointStateMachineTaskThread-/0.0.0.0:15091-0 ] INFO  ozoneimpl.OzoneContainer (OzoneContainer.java:startContainerScrub(339)) - Scheduled background container scanners and the on-demand container scanner have been disabled.
2024-02-09 18:34:01,652 [19714071-6985-4253-9bb3-86e59ac051d1-EndpointStateMachineTaskThread-/0.0.0.0:15091-0 ] INFO  replication.ReplicationServer (ReplicationServer.java:start(140)) - ReplicationServer is started using port 15132
2024-02-09 18:34:01,652 [19714071-6985-4253-9bb3-86e59ac051d1-EndpointStateMachineTaskThread-/0.0.0.0:15091-0 ] INFO  ratis.XceiverServerRatis (XceiverServerRatis.java:start(566)) - Starting XceiverServerRatis 19714071-6985-4253-9bb3-86e59ac051d1
2024-02-09 18:34:01,659 [19714071-6985-4253-9bb3-86e59ac051d1-EndpointStateMachineTaskThread-/0.0.0.0:15091-0 ] INFO  server.RaftServer (RaftServerProxy.java:startImpl(406)) - 19714071-6985-4253-9bb3-86e59ac051d1: start RPC server
2024-02-09 18:34:01,660 [19714071-6985-4253-9bb3-86e59ac051d1-EndpointStateMachineTaskThread-/0.0.0.0:15091-0 ] INFO  server.GrpcService (GrpcService.java:startImpl(302)) - 19714071-6985-4253-9bb3-86e59ac051d1: GrpcService started, listening on 15128
2024-02-09 18:34:01,660 [19714071-6985-4253-9bb3-86e59ac051d1-EndpointStateMachineTaskThread-/0.0.0.0:15091-0 ] INFO  server.GrpcService (GrpcService.java:startImpl(302)) - 19714071-6985-4253-9bb3-86e59ac051d1: GrpcService started, listening on 15130
2024-02-09 18:34:01,660 [19714071-6985-4253-9bb3-86e59ac051d1-EndpointStateMachineTaskThread-/0.0.0.0:15091-0 ] INFO  server.GrpcService (GrpcService.java:startImpl(302)) - 19714071-6985-4253-9bb3-86e59ac051d1: GrpcService started, listening on 15129
2024-02-09 18:34:01,661 [19714071-6985-4253-9bb3-86e59ac051d1-EndpointStateMachineTaskThread-/0.0.0.0:15091-0 ] INFO  ratis.XceiverServerRatis (XceiverServerRatis.java:getRealPort(592)) - XceiverServerRatis 19714071-6985-4253-9bb3-86e59ac051d1 is started using port 15128 for RATIS
2024-02-09 18:34:01,661 [JvmPauseMonitor16] INFO  util.JvmPauseMonitor (JvmPauseMonitor.java:run(146)) - JvmPauseMonitor-19714071-6985-4253-9bb3-86e59ac051d1: Started
2024-02-09 18:34:01,661 [19714071-6985-4253-9bb3-86e59ac051d1-EndpointStateMachineTaskThread-/0.0.0.0:15091-0 ] INFO  ratis.XceiverServerRatis (XceiverServerRatis.java:getRealPort(592)) - XceiverServerRatis 19714071-6985-4253-9bb3-86e59ac051d1 is started using port 15129 for RATIS_ADMIN
2024-02-09 18:34:01,661 [19714071-6985-4253-9bb3-86e59ac051d1-EndpointStateMachineTaskThread-/0.0.0.0:15091-0 ] INFO  ratis.XceiverServerRatis (XceiverServerRatis.java:getRealPort(592)) - XceiverServerRatis 19714071-6985-4253-9bb3-86e59ac051d1 is started using port 15130 for RATIS_SERVER
2024-02-09 18:34:01,661 [19714071-6985-4253-9bb3-86e59ac051d1-EndpointStateMachineTaskThread-/0.0.0.0:15091-0 ] INFO  ratis.XceiverServerRatis (XceiverServerRatis.java:getRealPort(592)) - XceiverServerRatis 19714071-6985-4253-9bb3-86e59ac051d1 is started using port 15131 for RATIS_DATASTREAM
2024-02-09 18:34:01,664 [19714071-6985-4253-9bb3-86e59ac051d1-BlockDeletingService#0] INFO  interfaces.ContainerDeletionChoosingPolicyTemplate (ContainerDeletionChoosingPolicyTemplate.java:chooseContainerForBlockDeletion(85)) - Chosen 0/5000 blocks from 0 candidate containers.
2024-02-09 18:34:01,759 [50f87e96-d653-4358-9a58-224b3bed4094-EndpointStateMachineTaskThread-/0.0.0.0:15091-0 ] INFO  utils.DatanodeStoreCache (DatanodeStoreCache.java:addDB(72)) - Added db /home/runner/work/ozone/ozone/hadoop-ozone/integration-test/target/test-dir/MiniOzoneClusterImpl-2e7e0147-493e-4f7b-8772-843c2731e345/datanode-4/data-0/containers/hdds/2e7e0147-493e-4f7b-8772-843c2731e345/DS-8db85767-4804-40b3-9b89-6f47ed7d5c5d/container.db to cache
2024-02-09 18:34:01,759 [50f87e96-d653-4358-9a58-224b3bed4094-EndpointStateMachineTaskThread-/0.0.0.0:15091-0 ] INFO  volume.HddsVolume (HddsVolume.java:createDbStore(420)) - SchemaV3 db is created and loaded at /home/runner/work/ozone/ozone/hadoop-ozone/integration-test/target/test-dir/MiniOzoneClusterImpl-2e7e0147-493e-4f7b-8772-843c2731e345/datanode-4/data-0/containers/hdds/2e7e0147-493e-4f7b-8772-843c2731e345/DS-8db85767-4804-40b3-9b89-6f47ed7d5c5d/container.db for volume DS-8db85767-4804-40b3-9b89-6f47ed7d5c5d
2024-02-09 18:34:01,761 [50f87e96-d653-4358-9a58-224b3bed4094-ContainerReader-0] INFO  ozoneimpl.ContainerReader (ContainerReader.java:readVolume(148)) - Start to verify containers on volume /home/runner/work/ozone/ozone/hadoop-ozone/integration-test/target/test-dir/MiniOzoneClusterImpl-2e7e0147-493e-4f7b-8772-843c2731e345/datanode-4/data-0/containers/hdds
2024-02-09 18:34:01,761 [50f87e96-d653-4358-9a58-224b3bed4094-ContainerReader-0] INFO  ozoneimpl.ContainerReader (ContainerReader.java:readVolume(178)) - Finish verifying containers on volume /home/runner/work/ozone/ozone/hadoop-ozone/integration-test/target/test-dir/MiniOzoneClusterImpl-2e7e0147-493e-4f7b-8772-843c2731e345/datanode-4/data-0/containers/hdds
2024-02-09 18:34:01,761 [50f87e96-d653-4358-9a58-224b3bed4094-EndpointStateMachineTaskThread-/0.0.0.0:15091-0 ] INFO  ozoneimpl.OzoneContainer (OzoneContainer.java:buildContainerSet(328)) - Build ContainerSet costs 0s
2024-02-09 18:34:01,761 [50f87e96-d653-4358-9a58-224b3bed4094-EndpointStateMachineTaskThread-/0.0.0.0:15091-0 ] INFO  volume.ThrottledAsyncChecker (ThrottledAsyncChecker.java:schedule(141)) - Scheduling a check for /home/runner/work/ozone/ozone/hadoop-ozone/integration-test/target/test-dir/MiniOzoneClusterImpl-2e7e0147-493e-4f7b-8772-843c2731e345/datanode-4/data-0/containers/hdds
2024-02-09 18:34:01,764 [50f87e96-d653-4358-9a58-224b3bed4094-EndpointStateMachineTaskThread-/0.0.0.0:15091-0 ] INFO  volume.StorageVolumeChecker (StorageVolumeChecker.java:checkAllVolumes(218)) - Scheduled health check for volume /home/runner/work/ozone/ozone/hadoop-ozone/integration-test/target/test-dir/MiniOzoneClusterImpl-2e7e0147-493e-4f7b-8772-843c2731e345/datanode-4/data-0/containers/hdds
2024-02-09 18:34:01,768 [50f87e96-d653-4358-9a58-224b3bed4094-EndpointStateMachineTaskThread-/0.0.0.0:15091-0 ] INFO  volume.ThrottledAsyncChecker (ThrottledAsyncChecker.java:schedule(141)) - Scheduling a check for /home/runner/work/ozone/ozone/hadoop-ozone/integration-test/target/test-dir/MiniOzoneClusterImpl-2e7e0147-493e-4f7b-8772-843c2731e345/datanode-4/data/ratis
2024-02-09 18:34:01,768 [50f87e96-d653-4358-9a58-224b3bed4094-EndpointStateMachineTaskThread-/0.0.0.0:15091-0 ] INFO  volume.StorageVolumeChecker (StorageVolumeChecker.java:checkAllVolumes(218)) - Scheduled health check for volume /home/runner/work/ozone/ozone/hadoop-ozone/integration-test/target/test-dir/MiniOzoneClusterImpl-2e7e0147-493e-4f7b-8772-843c2731e345/datanode-4/data/ratis
2024-02-09 18:34:01,770 [50f87e96-d653-4358-9a58-224b3bed4094-EndpointStateMachineTaskThread-/0.0.0.0:15091-0 ] INFO  ozoneimpl.OzoneContainer (OzoneContainer.java:start(459)) - Attempting to start container services.
2024-02-09 18:34:01,770 [50f87e96-d653-4358-9a58-224b3bed4094-EndpointStateMachineTaskThread-/0.0.0.0:15091-0 ] INFO  ozoneimpl.OzoneContainer (OzoneContainer.java:startContainerScrub(339)) - Scheduled background container scanners and the on-demand container scanner have been disabled.
2024-02-09 18:34:01,771 [50f87e96-d653-4358-9a58-224b3bed4094-EndpointStateMachineTaskThread-/0.0.0.0:15091-0 ] INFO  replication.ReplicationServer (ReplicationServer.java:start(140)) - ReplicationServer is started using port 15141
2024-02-09 18:34:01,771 [50f87e96-d653-4358-9a58-224b3bed4094-EndpointStateMachineTaskThread-/0.0.0.0:15091-0 ] INFO  ratis.XceiverServerRatis (XceiverServerRatis.java:start(566)) - Starting XceiverServerRatis 50f87e96-d653-4358-9a58-224b3bed4094
2024-02-09 18:34:01,771 [50f87e96-d653-4358-9a58-224b3bed4094-EndpointStateMachineTaskThread-/0.0.0.0:15091-0 ] INFO  server.RaftServer (RaftServerProxy.java:startImpl(406)) - 50f87e96-d653-4358-9a58-224b3bed4094: start RPC server
2024-02-09 18:34:01,771 [50f87e96-d653-4358-9a58-224b3bed4094-EndpointStateMachineTaskThread-/0.0.0.0:15091-0 ] INFO  server.GrpcService (GrpcService.java:startImpl(302)) - 50f87e96-d653-4358-9a58-224b3bed4094: GrpcService started, listening on 15137
2024-02-09 18:34:01,772 [50f87e96-d653-4358-9a58-224b3bed4094-EndpointStateMachineTaskThread-/0.0.0.0:15091-0 ] INFO  server.GrpcService (GrpcService.java:startImpl(302)) - 50f87e96-d653-4358-9a58-224b3bed4094: GrpcService started, listening on 15139
2024-02-09 18:34:01,772 [50f87e96-d653-4358-9a58-224b3bed4094-EndpointStateMachineTaskThread-/0.0.0.0:15091-0 ] INFO  server.GrpcService (GrpcService.java:startImpl(302)) - 50f87e96-d653-4358-9a58-224b3bed4094: GrpcService started, listening on 15138
2024-02-09 18:34:01,772 [50f87e96-d653-4358-9a58-224b3bed4094-EndpointStateMachineTaskThread-/0.0.0.0:15091-0 ] INFO  ratis.XceiverServerRatis (XceiverServerRatis.java:getRealPort(592)) - XceiverServerRatis 50f87e96-d653-4358-9a58-224b3bed4094 is started using port 15137 for RATIS
2024-02-09 18:34:01,772 [JvmPauseMonitor17] INFO  util.JvmPauseMonitor (JvmPauseMonitor.java:run(146)) - JvmPauseMonitor-50f87e96-d653-4358-9a58-224b3bed4094: Started
2024-02-09 18:34:01,772 [50f87e96-d653-4358-9a58-224b3bed4094-EndpointStateMachineTaskThread-/0.0.0.0:15091-0 ] INFO  ratis.XceiverServerRatis (XceiverServerRatis.java:getRealPort(592)) - XceiverServerRatis 50f87e96-d653-4358-9a58-224b3bed4094 is started using port 15138 for RATIS_ADMIN
2024-02-09 18:34:01,773 [50f87e96-d653-4358-9a58-224b3bed4094-EndpointStateMachineTaskThread-/0.0.0.0:15091-0 ] INFO  ratis.XceiverServerRatis (XceiverServerRatis.java:getRealPort(592)) - XceiverServerRatis 50f87e96-d653-4358-9a58-224b3bed4094 is started using port 15139 for RATIS_SERVER
2024-02-09 18:34:01,773 [50f87e96-d653-4358-9a58-224b3bed4094-EndpointStateMachineTaskThread-/0.0.0.0:15091-0 ] INFO  ratis.XceiverServerRatis (XceiverServerRatis.java:getRealPort(592)) - XceiverServerRatis 50f87e96-d653-4358-9a58-224b3bed4094 is started using port 15140 for RATIS_DATASTREAM
2024-02-09 18:34:01,773 [50f87e96-d653-4358-9a58-224b3bed4094-BlockDeletingService#0] INFO  interfaces.ContainerDeletionChoosingPolicyTemplate (ContainerDeletionChoosingPolicyTemplate.java:chooseContainerForBlockDeletion(85)) - Chosen 0/5000 blocks from 0 candidate containers.
2024-02-09 18:34:01,866 [c9aa2afb-1190-4a6b-bc65-38c12648ce52-EndpointStateMachineTaskThread-/0.0.0.0:15091-0 ] INFO  utils.DatanodeStoreCache (DatanodeStoreCache.java:addDB(72)) - Added db /home/runner/work/ozone/ozone/hadoop-ozone/integration-test/target/test-dir/MiniOzoneClusterImpl-2e7e0147-493e-4f7b-8772-843c2731e345/datanode-5/data-0/containers/hdds/2e7e0147-493e-4f7b-8772-843c2731e345/DS-2c377c9e-7bf1-4277-b8f6-a2b47f2079b8/container.db to cache
2024-02-09 18:34:01,866 [c9aa2afb-1190-4a6b-bc65-38c12648ce52-EndpointStateMachineTaskThread-/0.0.0.0:15091-0 ] INFO  volume.HddsVolume (HddsVolume.java:createDbStore(420)) - SchemaV3 db is created and loaded at /home/runner/work/ozone/ozone/hadoop-ozone/integration-test/target/test-dir/MiniOzoneClusterImpl-2e7e0147-493e-4f7b-8772-843c2731e345/datanode-5/data-0/containers/hdds/2e7e0147-493e-4f7b-8772-843c2731e345/DS-2c377c9e-7bf1-4277-b8f6-a2b47f2079b8/container.db for volume DS-2c377c9e-7bf1-4277-b8f6-a2b47f2079b8
2024-02-09 18:34:01,867 [c9aa2afb-1190-4a6b-bc65-38c12648ce52-ContainerReader-0] INFO  ozoneimpl.ContainerReader (ContainerReader.java:readVolume(148)) - Start to verify containers on volume /home/runner/work/ozone/ozone/hadoop-ozone/integration-test/target/test-dir/MiniOzoneClusterImpl-2e7e0147-493e-4f7b-8772-843c2731e345/datanode-5/data-0/containers/hdds
2024-02-09 18:34:01,867 [c9aa2afb-1190-4a6b-bc65-38c12648ce52-ContainerReader-0] INFO  ozoneimpl.ContainerReader (ContainerReader.java:readVolume(178)) - Finish verifying containers on volume /home/runner/work/ozone/ozone/hadoop-ozone/integration-test/target/test-dir/MiniOzoneClusterImpl-2e7e0147-493e-4f7b-8772-843c2731e345/datanode-5/data-0/containers/hdds
2024-02-09 18:34:01,867 [c9aa2afb-1190-4a6b-bc65-38c12648ce52-EndpointStateMachineTaskThread-/0.0.0.0:15091-0 ] INFO  ozoneimpl.OzoneContainer (OzoneContainer.java:buildContainerSet(328)) - Build ContainerSet costs 0s
2024-02-09 18:34:01,868 [c9aa2afb-1190-4a6b-bc65-38c12648ce52-EndpointStateMachineTaskThread-/0.0.0.0:15091-0 ] INFO  volume.ThrottledAsyncChecker (ThrottledAsyncChecker.java:schedule(141)) - Scheduling a check for /home/runner/work/ozone/ozone/hadoop-ozone/integration-test/target/test-dir/MiniOzoneClusterImpl-2e7e0147-493e-4f7b-8772-843c2731e345/datanode-5/data-0/containers/hdds
2024-02-09 18:34:01,868 [c9aa2afb-1190-4a6b-bc65-38c12648ce52-EndpointStateMachineTaskThread-/0.0.0.0:15091-0 ] INFO  volume.StorageVolumeChecker (StorageVolumeChecker.java:checkAllVolumes(218)) - Scheduled health check for volume /home/runner/work/ozone/ozone/hadoop-ozone/integration-test/target/test-dir/MiniOzoneClusterImpl-2e7e0147-493e-4f7b-8772-843c2731e345/datanode-5/data-0/containers/hdds
2024-02-09 18:34:01,869 [c9aa2afb-1190-4a6b-bc65-38c12648ce52-EndpointStateMachineTaskThread-/0.0.0.0:15091-0 ] INFO  volume.ThrottledAsyncChecker (ThrottledAsyncChecker.java:schedule(141)) - Scheduling a check for /home/runner/work/ozone/ozone/hadoop-ozone/integration-test/target/test-dir/MiniOzoneClusterImpl-2e7e0147-493e-4f7b-8772-843c2731e345/datanode-5/data/ratis
2024-02-09 18:34:01,870 [c9aa2afb-1190-4a6b-bc65-38c12648ce52-EndpointStateMachineTaskThread-/0.0.0.0:15091-0 ] INFO  volume.StorageVolumeChecker (StorageVolumeChecker.java:checkAllVolumes(218)) - Scheduled health check for volume /home/runner/work/ozone/ozone/hadoop-ozone/integration-test/target/test-dir/MiniOzoneClusterImpl-2e7e0147-493e-4f7b-8772-843c2731e345/datanode-5/data/ratis
2024-02-09 18:34:01,870 [c9aa2afb-1190-4a6b-bc65-38c12648ce52-EndpointStateMachineTaskThread-/0.0.0.0:15091-0 ] INFO  ozoneimpl.OzoneContainer (OzoneContainer.java:start(459)) - Attempting to start container services.
2024-02-09 18:34:01,871 [c9aa2afb-1190-4a6b-bc65-38c12648ce52-EndpointStateMachineTaskThread-/0.0.0.0:15091-0 ] INFO  ozoneimpl.OzoneContainer (OzoneContainer.java:startContainerScrub(339)) - Scheduled background container scanners and the on-demand container scanner have been disabled.
2024-02-09 18:34:01,871 [c9aa2afb-1190-4a6b-bc65-38c12648ce52-EndpointStateMachineTaskThread-/0.0.0.0:15091-0 ] INFO  replication.ReplicationServer (ReplicationServer.java:start(140)) - ReplicationServer is started using port 15150
2024-02-09 18:34:01,871 [c9aa2afb-1190-4a6b-bc65-38c12648ce52-EndpointStateMachineTaskThread-/0.0.0.0:15091-0 ] INFO  ratis.XceiverServerRatis (XceiverServerRatis.java:start(566)) - Starting XceiverServerRatis c9aa2afb-1190-4a6b-bc65-38c12648ce52
2024-02-09 18:34:01,871 [c9aa2afb-1190-4a6b-bc65-38c12648ce52-EndpointStateMachineTaskThread-/0.0.0.0:15091-0 ] INFO  server.RaftServer (RaftServerProxy.java:startImpl(406)) - c9aa2afb-1190-4a6b-bc65-38c12648ce52: start RPC server
2024-02-09 18:34:01,872 [c9aa2afb-1190-4a6b-bc65-38c12648ce52-EndpointStateMachineTaskThread-/0.0.0.0:15091-0 ] INFO  server.GrpcService (GrpcService.java:startImpl(302)) - c9aa2afb-1190-4a6b-bc65-38c12648ce52: GrpcService started, listening on 15146
2024-02-09 18:34:01,872 [c9aa2afb-1190-4a6b-bc65-38c12648ce52-EndpointStateMachineTaskThread-/0.0.0.0:15091-0 ] INFO  server.GrpcService (GrpcService.java:startImpl(302)) - c9aa2afb-1190-4a6b-bc65-38c12648ce52: GrpcService started, listening on 15148
2024-02-09 18:34:01,872 [c9aa2afb-1190-4a6b-bc65-38c12648ce52-EndpointStateMachineTaskThread-/0.0.0.0:15091-0 ] INFO  server.GrpcService (GrpcService.java:startImpl(302)) - c9aa2afb-1190-4a6b-bc65-38c12648ce52: GrpcService started, listening on 15147
2024-02-09 18:34:01,872 [c9aa2afb-1190-4a6b-bc65-38c12648ce52-EndpointStateMachineTaskThread-/0.0.0.0:15091-0 ] INFO  ratis.XceiverServerRatis (XceiverServerRatis.java:getRealPort(592)) - XceiverServerRatis c9aa2afb-1190-4a6b-bc65-38c12648ce52 is started using port 15146 for RATIS
2024-02-09 18:34:01,872 [c9aa2afb-1190-4a6b-bc65-38c12648ce52-EndpointStateMachineTaskThread-/0.0.0.0:15091-0 ] INFO  ratis.XceiverServerRatis (XceiverServerRatis.java:getRealPort(592)) - XceiverServerRatis c9aa2afb-1190-4a6b-bc65-38c12648ce52 is started using port 15147 for RATIS_ADMIN
2024-02-09 18:34:01,872 [c9aa2afb-1190-4a6b-bc65-38c12648ce52-EndpointStateMachineTaskThread-/0.0.0.0:15091-0 ] INFO  ratis.XceiverServerRatis (XceiverServerRatis.java:getRealPort(592)) - XceiverServerRatis c9aa2afb-1190-4a6b-bc65-38c12648ce52 is started using port 15148 for RATIS_SERVER
2024-02-09 18:34:01,872 [c9aa2afb-1190-4a6b-bc65-38c12648ce52-EndpointStateMachineTaskThread-/0.0.0.0:15091-0 ] INFO  ratis.XceiverServerRatis (XceiverServerRatis.java:getRealPort(592)) - XceiverServerRatis c9aa2afb-1190-4a6b-bc65-38c12648ce52 is started using port 15149 for RATIS_DATASTREAM
2024-02-09 18:34:01,872 [JvmPauseMonitor18] INFO  util.JvmPauseMonitor (JvmPauseMonitor.java:run(146)) - JvmPauseMonitor-c9aa2afb-1190-4a6b-bc65-38c12648ce52: Started
2024-02-09 18:34:01,873 [c9aa2afb-1190-4a6b-bc65-38c12648ce52-BlockDeletingService#0] INFO  interfaces.ContainerDeletionChoosingPolicyTemplate (ContainerDeletionChoosingPolicyTemplate.java:chooseContainerForBlockDeletion(85)) - Chosen 0/5000 blocks from 0 candidate containers.
2024-02-09 18:34:01,962 [77dd9a00-e29a-4211-83f1-3973ef1a3290-EndpointStateMachineTaskThread-/0.0.0.0:15091-0 ] INFO  utils.DatanodeStoreCache (DatanodeStoreCache.java:addDB(72)) - Added db /home/runner/work/ozone/ozone/hadoop-ozone/integration-test/target/test-dir/MiniOzoneClusterImpl-2e7e0147-493e-4f7b-8772-843c2731e345/datanode-6/data-0/containers/hdds/2e7e0147-493e-4f7b-8772-843c2731e345/DS-0f76a281-b172-4567-b7c1-d5d9266c8945/container.db to cache
2024-02-09 18:34:01,962 [77dd9a00-e29a-4211-83f1-3973ef1a3290-EndpointStateMachineTaskThread-/0.0.0.0:15091-0 ] INFO  volume.HddsVolume (HddsVolume.java:createDbStore(420)) - SchemaV3 db is created and loaded at /home/runner/work/ozone/ozone/hadoop-ozone/integration-test/target/test-dir/MiniOzoneClusterImpl-2e7e0147-493e-4f7b-8772-843c2731e345/datanode-6/data-0/containers/hdds/2e7e0147-493e-4f7b-8772-843c2731e345/DS-0f76a281-b172-4567-b7c1-d5d9266c8945/container.db for volume DS-0f76a281-b172-4567-b7c1-d5d9266c8945
2024-02-09 18:34:01,963 [77dd9a00-e29a-4211-83f1-3973ef1a3290-ContainerReader-0] INFO  ozoneimpl.ContainerReader (ContainerReader.java:readVolume(148)) - Start to verify containers on volume /home/runner/work/ozone/ozone/hadoop-ozone/integration-test/target/test-dir/MiniOzoneClusterImpl-2e7e0147-493e-4f7b-8772-843c2731e345/datanode-6/data-0/containers/hdds
2024-02-09 18:34:01,963 [77dd9a00-e29a-4211-83f1-3973ef1a3290-ContainerReader-0] INFO  ozoneimpl.ContainerReader (ContainerReader.java:readVolume(178)) - Finish verifying containers on volume /home/runner/work/ozone/ozone/hadoop-ozone/integration-test/target/test-dir/MiniOzoneClusterImpl-2e7e0147-493e-4f7b-8772-843c2731e345/datanode-6/data-0/containers/hdds
2024-02-09 18:34:01,963 [77dd9a00-e29a-4211-83f1-3973ef1a3290-EndpointStateMachineTaskThread-/0.0.0.0:15091-0 ] INFO  ozoneimpl.OzoneContainer (OzoneContainer.java:buildContainerSet(328)) - Build ContainerSet costs 0s
2024-02-09 18:34:01,964 [77dd9a00-e29a-4211-83f1-3973ef1a3290-EndpointStateMachineTaskThread-/0.0.0.0:15091-0 ] INFO  volume.ThrottledAsyncChecker (ThrottledAsyncChecker.java:schedule(141)) - Scheduling a check for /home/runner/work/ozone/ozone/hadoop-ozone/integration-test/target/test-dir/MiniOzoneClusterImpl-2e7e0147-493e-4f7b-8772-843c2731e345/datanode-6/data-0/containers/hdds
2024-02-09 18:34:01,964 [77dd9a00-e29a-4211-83f1-3973ef1a3290-EndpointStateMachineTaskThread-/0.0.0.0:15091-0 ] INFO  volume.StorageVolumeChecker (StorageVolumeChecker.java:checkAllVolumes(218)) - Scheduled health check for volume /home/runner/work/ozone/ozone/hadoop-ozone/integration-test/target/test-dir/MiniOzoneClusterImpl-2e7e0147-493e-4f7b-8772-843c2731e345/datanode-6/data-0/containers/hdds
2024-02-09 18:34:01,965 [77dd9a00-e29a-4211-83f1-3973ef1a3290-EndpointStateMachineTaskThread-/0.0.0.0:15091-0 ] INFO  volume.ThrottledAsyncChecker (ThrottledAsyncChecker.java:schedule(141)) - Scheduling a check for /home/runner/work/ozone/ozone/hadoop-ozone/integration-test/target/test-dir/MiniOzoneClusterImpl-2e7e0147-493e-4f7b-8772-843c2731e345/datanode-6/data/ratis
2024-02-09 18:34:01,965 [77dd9a00-e29a-4211-83f1-3973ef1a3290-EndpointStateMachineTaskThread-/0.0.0.0:15091-0 ] INFO  volume.StorageVolumeChecker (StorageVolumeChecker.java:checkAllVolumes(218)) - Scheduled health check for volume /home/runner/work/ozone/ozone/hadoop-ozone/integration-test/target/test-dir/MiniOzoneClusterImpl-2e7e0147-493e-4f7b-8772-843c2731e345/datanode-6/data/ratis
2024-02-09 18:34:01,966 [77dd9a00-e29a-4211-83f1-3973ef1a3290-EndpointStateMachineTaskThread-/0.0.0.0:15091-0 ] INFO  ozoneimpl.OzoneContainer (OzoneContainer.java:start(459)) - Attempting to start container services.
2024-02-09 18:34:01,966 [77dd9a00-e29a-4211-83f1-3973ef1a3290-EndpointStateMachineTaskThread-/0.0.0.0:15091-0 ] INFO  ozoneimpl.OzoneContainer (OzoneContainer.java:startContainerScrub(339)) - Scheduled background container scanners and the on-demand container scanner have been disabled.
2024-02-09 18:34:01,967 [77dd9a00-e29a-4211-83f1-3973ef1a3290-EndpointStateMachineTaskThread-/0.0.0.0:15091-0 ] INFO  replication.ReplicationServer (ReplicationServer.java:start(140)) - ReplicationServer is started using port 15159
2024-02-09 18:34:01,967 [77dd9a00-e29a-4211-83f1-3973ef1a3290-EndpointStateMachineTaskThread-/0.0.0.0:15091-0 ] INFO  ratis.XceiverServerRatis (XceiverServerRatis.java:start(566)) - Starting XceiverServerRatis 77dd9a00-e29a-4211-83f1-3973ef1a3290
2024-02-09 18:34:01,967 [77dd9a00-e29a-4211-83f1-3973ef1a3290-EndpointStateMachineTaskThread-/0.0.0.0:15091-0 ] INFO  server.RaftServer (RaftServerProxy.java:startImpl(406)) - 77dd9a00-e29a-4211-83f1-3973ef1a3290: start RPC server
2024-02-09 18:34:01,967 [77dd9a00-e29a-4211-83f1-3973ef1a3290-EndpointStateMachineTaskThread-/0.0.0.0:15091-0 ] INFO  server.GrpcService (GrpcService.java:startImpl(302)) - 77dd9a00-e29a-4211-83f1-3973ef1a3290: GrpcService started, listening on 15155
2024-02-09 18:34:01,968 [77dd9a00-e29a-4211-83f1-3973ef1a3290-EndpointStateMachineTaskThread-/0.0.0.0:15091-0 ] INFO  server.GrpcService (GrpcService.java:startImpl(302)) - 77dd9a00-e29a-4211-83f1-3973ef1a3290: GrpcService started, listening on 15157
2024-02-09 18:34:01,968 [77dd9a00-e29a-4211-83f1-3973ef1a3290-EndpointStateMachineTaskThread-/0.0.0.0:15091-0 ] INFO  server.GrpcService (GrpcService.java:startImpl(302)) - 77dd9a00-e29a-4211-83f1-3973ef1a3290: GrpcService started, listening on 15156
2024-02-09 18:34:01,968 [77dd9a00-e29a-4211-83f1-3973ef1a3290-EndpointStateMachineTaskThread-/0.0.0.0:15091-0 ] INFO  ratis.XceiverServerRatis (XceiverServerRatis.java:getRealPort(592)) - XceiverServerRatis 77dd9a00-e29a-4211-83f1-3973ef1a3290 is started using port 15155 for RATIS
2024-02-09 18:34:01,968 [77dd9a00-e29a-4211-83f1-3973ef1a3290-EndpointStateMachineTaskThread-/0.0.0.0:15091-0 ] INFO  ratis.XceiverServerRatis (XceiverServerRatis.java:getRealPort(592)) - XceiverServerRatis 77dd9a00-e29a-4211-83f1-3973ef1a3290 is started using port 15156 for RATIS_ADMIN
2024-02-09 18:34:01,968 [77dd9a00-e29a-4211-83f1-3973ef1a3290-EndpointStateMachineTaskThread-/0.0.0.0:15091-0 ] INFO  ratis.XceiverServerRatis (XceiverServerRatis.java:getRealPort(592)) - XceiverServerRatis 77dd9a00-e29a-4211-83f1-3973ef1a3290 is started using port 15157 for RATIS_SERVER
2024-02-09 18:34:01,968 [JvmPauseMonitor19] INFO  util.JvmPauseMonitor (JvmPauseMonitor.java:run(146)) - JvmPauseMonitor-77dd9a00-e29a-4211-83f1-3973ef1a3290: Started
2024-02-09 18:34:01,968 [77dd9a00-e29a-4211-83f1-3973ef1a3290-EndpointStateMachineTaskThread-/0.0.0.0:15091-0 ] INFO  ratis.XceiverServerRatis (XceiverServerRatis.java:getRealPort(592)) - XceiverServerRatis 77dd9a00-e29a-4211-83f1-3973ef1a3290 is started using port 15158 for RATIS_DATASTREAM
2024-02-09 18:34:01,969 [77dd9a00-e29a-4211-83f1-3973ef1a3290-BlockDeletingService#0] INFO  interfaces.ContainerDeletionChoosingPolicyTemplate (ContainerDeletionChoosingPolicyTemplate.java:chooseContainerForBlockDeletion(85)) - Chosen 0/5000 blocks from 0 candidate containers.
2024-02-09 18:34:02,070 [e0b7932e-07c7-4e56-8d6e-0757004eb8fd-EndpointStateMachineTaskThread-/0.0.0.0:15091-0 ] INFO  utils.DatanodeStoreCache (DatanodeStoreCache.java:addDB(72)) - Added db /home/runner/work/ozone/ozone/hadoop-ozone/integration-test/target/test-dir/MiniOzoneClusterImpl-2e7e0147-493e-4f7b-8772-843c2731e345/datanode-7/data-0/containers/hdds/2e7e0147-493e-4f7b-8772-843c2731e345/DS-bdb39d5a-806d-4425-8c25-04e6b17588e5/container.db to cache
2024-02-09 18:34:02,070 [e0b7932e-07c7-4e56-8d6e-0757004eb8fd-EndpointStateMachineTaskThread-/0.0.0.0:15091-0 ] INFO  volume.HddsVolume (HddsVolume.java:createDbStore(420)) - SchemaV3 db is created and loaded at /home/runner/work/ozone/ozone/hadoop-ozone/integration-test/target/test-dir/MiniOzoneClusterImpl-2e7e0147-493e-4f7b-8772-843c2731e345/datanode-7/data-0/containers/hdds/2e7e0147-493e-4f7b-8772-843c2731e345/DS-bdb39d5a-806d-4425-8c25-04e6b17588e5/container.db for volume DS-bdb39d5a-806d-4425-8c25-04e6b17588e5
2024-02-09 18:34:02,072 [e0b7932e-07c7-4e56-8d6e-0757004eb8fd-ContainerReader-0] INFO  ozoneimpl.ContainerReader (ContainerReader.java:readVolume(148)) - Start to verify containers on volume /home/runner/work/ozone/ozone/hadoop-ozone/integration-test/target/test-dir/MiniOzoneClusterImpl-2e7e0147-493e-4f7b-8772-843c2731e345/datanode-7/data-0/containers/hdds
2024-02-09 18:34:02,072 [e0b7932e-07c7-4e56-8d6e-0757004eb8fd-ContainerReader-0] INFO  ozoneimpl.ContainerReader (ContainerReader.java:readVolume(178)) - Finish verifying containers on volume /home/runner/work/ozone/ozone/hadoop-ozone/integration-test/target/test-dir/MiniOzoneClusterImpl-2e7e0147-493e-4f7b-8772-843c2731e345/datanode-7/data-0/containers/hdds
2024-02-09 18:34:02,072 [e0b7932e-07c7-4e56-8d6e-0757004eb8fd-EndpointStateMachineTaskThread-/0.0.0.0:15091-0 ] INFO  ozoneimpl.OzoneContainer (OzoneContainer.java:buildContainerSet(328)) - Build ContainerSet costs 0s
2024-02-09 18:34:02,072 [e0b7932e-07c7-4e56-8d6e-0757004eb8fd-EndpointStateMachineTaskThread-/0.0.0.0:15091-0 ] INFO  volume.ThrottledAsyncChecker (ThrottledAsyncChecker.java:schedule(141)) - Scheduling a check for /home/runner/work/ozone/ozone/hadoop-ozone/integration-test/target/test-dir/MiniOzoneClusterImpl-2e7e0147-493e-4f7b-8772-843c2731e345/datanode-7/data-0/containers/hdds
2024-02-09 18:34:02,072 [e0b7932e-07c7-4e56-8d6e-0757004eb8fd-EndpointStateMachineTaskThread-/0.0.0.0:15091-0 ] INFO  volume.StorageVolumeChecker (StorageVolumeChecker.java:checkAllVolumes(218)) - Scheduled health check for volume /home/runner/work/ozone/ozone/hadoop-ozone/integration-test/target/test-dir/MiniOzoneClusterImpl-2e7e0147-493e-4f7b-8772-843c2731e345/datanode-7/data-0/containers/hdds
2024-02-09 18:34:02,074 [e0b7932e-07c7-4e56-8d6e-0757004eb8fd-EndpointStateMachineTaskThread-/0.0.0.0:15091-0 ] INFO  volume.ThrottledAsyncChecker (ThrottledAsyncChecker.java:schedule(141)) - Scheduling a check for /home/runner/work/ozone/ozone/hadoop-ozone/integration-test/target/test-dir/MiniOzoneClusterImpl-2e7e0147-493e-4f7b-8772-843c2731e345/datanode-7/data/ratis
2024-02-09 18:34:02,074 [e0b7932e-07c7-4e56-8d6e-0757004eb8fd-EndpointStateMachineTaskThread-/0.0.0.0:15091-0 ] INFO  volume.StorageVolumeChecker (StorageVolumeChecker.java:checkAllVolumes(218)) - Scheduled health check for volume /home/runner/work/ozone/ozone/hadoop-ozone/integration-test/target/test-dir/MiniOzoneClusterImpl-2e7e0147-493e-4f7b-8772-843c2731e345/datanode-7/data/ratis
2024-02-09 18:34:02,075 [e0b7932e-07c7-4e56-8d6e-0757004eb8fd-EndpointStateMachineTaskThread-/0.0.0.0:15091-0 ] INFO  ozoneimpl.OzoneContainer (OzoneContainer.java:start(459)) - Attempting to start container services.
2024-02-09 18:34:02,075 [e0b7932e-07c7-4e56-8d6e-0757004eb8fd-EndpointStateMachineTaskThread-/0.0.0.0:15091-0 ] INFO  ozoneimpl.OzoneContainer (OzoneContainer.java:startContainerScrub(339)) - Scheduled background container scanners and the on-demand container scanner have been disabled.
2024-02-09 18:34:02,075 [e0b7932e-07c7-4e56-8d6e-0757004eb8fd-EndpointStateMachineTaskThread-/0.0.0.0:15091-0 ] INFO  replication.ReplicationServer (ReplicationServer.java:start(140)) - ReplicationServer is started using port 15168
2024-02-09 18:34:02,075 [e0b7932e-07c7-4e56-8d6e-0757004eb8fd-EndpointStateMachineTaskThread-/0.0.0.0:15091-0 ] INFO  ratis.XceiverServerRatis (XceiverServerRatis.java:start(566)) - Starting XceiverServerRatis e0b7932e-07c7-4e56-8d6e-0757004eb8fd
2024-02-09 18:34:02,076 [e0b7932e-07c7-4e56-8d6e-0757004eb8fd-EndpointStateMachineTaskThread-/0.0.0.0:15091-0 ] INFO  server.RaftServer (RaftServerProxy.java:startImpl(406)) - e0b7932e-07c7-4e56-8d6e-0757004eb8fd: start RPC server
2024-02-09 18:34:02,076 [e0b7932e-07c7-4e56-8d6e-0757004eb8fd-EndpointStateMachineTaskThread-/0.0.0.0:15091-0 ] INFO  server.GrpcService (GrpcService.java:startImpl(302)) - e0b7932e-07c7-4e56-8d6e-0757004eb8fd: GrpcService started, listening on 15164
2024-02-09 18:34:02,077 [e0b7932e-07c7-4e56-8d6e-0757004eb8fd-EndpointStateMachineTaskThread-/0.0.0.0:15091-0 ] INFO  server.GrpcService (GrpcService.java:startImpl(302)) - e0b7932e-07c7-4e56-8d6e-0757004eb8fd: GrpcService started, listening on 15166
2024-02-09 18:34:02,077 [e0b7932e-07c7-4e56-8d6e-0757004eb8fd-EndpointStateMachineTaskThread-/0.0.0.0:15091-0 ] INFO  server.GrpcService (GrpcService.java:startImpl(302)) - e0b7932e-07c7-4e56-8d6e-0757004eb8fd: GrpcService started, listening on 15165
2024-02-09 18:34:02,078 [e0b7932e-07c7-4e56-8d6e-0757004eb8fd-EndpointStateMachineTaskThread-/0.0.0.0:15091-0 ] INFO  ratis.XceiverServerRatis (XceiverServerRatis.java:getRealPort(592)) - XceiverServerRatis e0b7932e-07c7-4e56-8d6e-0757004eb8fd is started using port 15164 for RATIS
2024-02-09 18:34:02,078 [JvmPauseMonitor20] INFO  util.JvmPauseMonitor (JvmPauseMonitor.java:run(146)) - JvmPauseMonitor-e0b7932e-07c7-4e56-8d6e-0757004eb8fd: Started
2024-02-09 18:34:02,078 [e0b7932e-07c7-4e56-8d6e-0757004eb8fd-EndpointStateMachineTaskThread-/0.0.0.0:15091-0 ] INFO  ratis.XceiverServerRatis (XceiverServerRatis.java:getRealPort(592)) - XceiverServerRatis e0b7932e-07c7-4e56-8d6e-0757004eb8fd is started using port 15165 for RATIS_ADMIN
2024-02-09 18:34:02,078 [e0b7932e-07c7-4e56-8d6e-0757004eb8fd-EndpointStateMachineTaskThread-/0.0.0.0:15091-0 ] INFO  ratis.XceiverServerRatis (XceiverServerRatis.java:getRealPort(592)) - XceiverServerRatis e0b7932e-07c7-4e56-8d6e-0757004eb8fd is started using port 15166 for RATIS_SERVER
2024-02-09 18:34:02,078 [e0b7932e-07c7-4e56-8d6e-0757004eb8fd-EndpointStateMachineTaskThread-/0.0.0.0:15091-0 ] INFO  ratis.XceiverServerRatis (XceiverServerRatis.java:getRealPort(592)) - XceiverServerRatis e0b7932e-07c7-4e56-8d6e-0757004eb8fd is started using port 15167 for RATIS_DATASTREAM
2024-02-09 18:34:02,080 [e0b7932e-07c7-4e56-8d6e-0757004eb8fd-BlockDeletingService#0] INFO  interfaces.ContainerDeletionChoosingPolicyTemplate (ContainerDeletionChoosingPolicyTemplate.java:chooseContainerForBlockDeletion(85)) - Chosen 0/5000 blocks from 0 candidate containers.
2024-02-09 18:34:02,147 [main] INFO  ozone.MiniOzoneClusterImpl (MiniOzoneClusterImpl.java:lambda$waitForClusterToBeReady$0(221)) - Waiting for nodes to be ready. Got 0 of 9 DN Heartbeats.
2024-02-09 18:34:02,148 [main] INFO  ozone.MiniOzoneClusterImpl (MiniOzoneClusterImpl.java:lambda$waitForClusterToBeReady$0(224)) - Waiting for cluster to exit safe mode
2024-02-09 18:34:02,148 [main] INFO  ozone.MiniOzoneClusterImpl (MiniOzoneClusterImpl.java:lambda$waitForClusterToBeReady$0(226)) - SCM became leader
2024-02-09 18:34:02,170 [a04b3fda-42d1-4ee5-9233-bf3df18c72ca-EndpointStateMachineTaskThread-/0.0.0.0:15091-0 ] INFO  utils.DatanodeStoreCache (DatanodeStoreCache.java:addDB(72)) - Added db /home/runner/work/ozone/ozone/hadoop-ozone/integration-test/target/test-dir/MiniOzoneClusterImpl-2e7e0147-493e-4f7b-8772-843c2731e345/datanode-8/data-0/containers/hdds/2e7e0147-493e-4f7b-8772-843c2731e345/DS-fce2252b-f399-4382-8534-6693dfc0f75f/container.db to cache
2024-02-09 18:34:02,170 [a04b3fda-42d1-4ee5-9233-bf3df18c72ca-EndpointStateMachineTaskThread-/0.0.0.0:15091-0 ] INFO  volume.HddsVolume (HddsVolume.java:createDbStore(420)) - SchemaV3 db is created and loaded at /home/runner/work/ozone/ozone/hadoop-ozone/integration-test/target/test-dir/MiniOzoneClusterImpl-2e7e0147-493e-4f7b-8772-843c2731e345/datanode-8/data-0/containers/hdds/2e7e0147-493e-4f7b-8772-843c2731e345/DS-fce2252b-f399-4382-8534-6693dfc0f75f/container.db for volume DS-fce2252b-f399-4382-8534-6693dfc0f75f
2024-02-09 18:34:02,172 [a04b3fda-42d1-4ee5-9233-bf3df18c72ca-ContainerReader-0] INFO  ozoneimpl.ContainerReader (ContainerReader.java:readVolume(148)) - Start to verify containers on volume /home/runner/work/ozone/ozone/hadoop-ozone/integration-test/target/test-dir/MiniOzoneClusterImpl-2e7e0147-493e-4f7b-8772-843c2731e345/datanode-8/data-0/containers/hdds
2024-02-09 18:34:02,172 [a04b3fda-42d1-4ee5-9233-bf3df18c72ca-ContainerReader-0] INFO  ozoneimpl.ContainerReader (ContainerReader.java:readVolume(178)) - Finish verifying containers on volume /home/runner/work/ozone/ozone/hadoop-ozone/integration-test/target/test-dir/MiniOzoneClusterImpl-2e7e0147-493e-4f7b-8772-843c2731e345/datanode-8/data-0/containers/hdds
2024-02-09 18:34:02,172 [a04b3fda-42d1-4ee5-9233-bf3df18c72ca-EndpointStateMachineTaskThread-/0.0.0.0:15091-0 ] INFO  ozoneimpl.OzoneContainer (OzoneContainer.java:buildContainerSet(328)) - Build ContainerSet costs 0s
2024-02-09 18:34:02,172 [a04b3fda-42d1-4ee5-9233-bf3df18c72ca-EndpointStateMachineTaskThread-/0.0.0.0:15091-0 ] INFO  volume.ThrottledAsyncChecker (ThrottledAsyncChecker.java:schedule(141)) - Scheduling a check for /home/runner/work/ozone/ozone/hadoop-ozone/integration-test/target/test-dir/MiniOzoneClusterImpl-2e7e0147-493e-4f7b-8772-843c2731e345/datanode-8/data-0/containers/hdds
2024-02-09 18:34:02,172 [a04b3fda-42d1-4ee5-9233-bf3df18c72ca-EndpointStateMachineTaskThread-/0.0.0.0:15091-0 ] INFO  volume.StorageVolumeChecker (StorageVolumeChecker.java:checkAllVolumes(218)) - Scheduled health check for volume /home/runner/work/ozone/ozone/hadoop-ozone/integration-test/target/test-dir/MiniOzoneClusterImpl-2e7e0147-493e-4f7b-8772-843c2731e345/datanode-8/data-0/containers/hdds
2024-02-09 18:34:02,174 [a04b3fda-42d1-4ee5-9233-bf3df18c72ca-EndpointStateMachineTaskThread-/0.0.0.0:15091-0 ] INFO  volume.ThrottledAsyncChecker (ThrottledAsyncChecker.java:schedule(141)) - Scheduling a check for /home/runner/work/ozone/ozone/hadoop-ozone/integration-test/target/test-dir/MiniOzoneClusterImpl-2e7e0147-493e-4f7b-8772-843c2731e345/datanode-8/data/ratis
2024-02-09 18:34:02,174 [a04b3fda-42d1-4ee5-9233-bf3df18c72ca-EndpointStateMachineTaskThread-/0.0.0.0:15091-0 ] INFO  volume.StorageVolumeChecker (StorageVolumeChecker.java:checkAllVolumes(218)) - Scheduled health check for volume /home/runner/work/ozone/ozone/hadoop-ozone/integration-test/target/test-dir/MiniOzoneClusterImpl-2e7e0147-493e-4f7b-8772-843c2731e345/datanode-8/data/ratis
2024-02-09 18:34:02,175 [a04b3fda-42d1-4ee5-9233-bf3df18c72ca-EndpointStateMachineTaskThread-/0.0.0.0:15091-0 ] INFO  ozoneimpl.OzoneContainer (OzoneContainer.java:start(459)) - Attempting to start container services.
2024-02-09 18:34:02,175 [a04b3fda-42d1-4ee5-9233-bf3df18c72ca-EndpointStateMachineTaskThread-/0.0.0.0:15091-0 ] INFO  ozoneimpl.OzoneContainer (OzoneContainer.java:startContainerScrub(339)) - Scheduled background container scanners and the on-demand container scanner have been disabled.
2024-02-09 18:34:02,175 [a04b3fda-42d1-4ee5-9233-bf3df18c72ca-EndpointStateMachineTaskThread-/0.0.0.0:15091-0 ] INFO  replication.ReplicationServer (ReplicationServer.java:start(140)) - ReplicationServer is started using port 15177
2024-02-09 18:34:02,175 [a04b3fda-42d1-4ee5-9233-bf3df18c72ca-EndpointStateMachineTaskThread-/0.0.0.0:15091-0 ] INFO  ratis.XceiverServerRatis (XceiverServerRatis.java:start(566)) - Starting XceiverServerRatis a04b3fda-42d1-4ee5-9233-bf3df18c72ca
2024-02-09 18:34:02,176 [a04b3fda-42d1-4ee5-9233-bf3df18c72ca-EndpointStateMachineTaskThread-/0.0.0.0:15091-0 ] INFO  server.RaftServer (RaftServerProxy.java:startImpl(406)) - a04b3fda-42d1-4ee5-9233-bf3df18c72ca: start RPC server
2024-02-09 18:34:02,176 [a04b3fda-42d1-4ee5-9233-bf3df18c72ca-EndpointStateMachineTaskThread-/0.0.0.0:15091-0 ] INFO  server.GrpcService (GrpcService.java:startImpl(302)) - a04b3fda-42d1-4ee5-9233-bf3df18c72ca: GrpcService started, listening on 15173
2024-02-09 18:34:02,176 [a04b3fda-42d1-4ee5-9233-bf3df18c72ca-EndpointStateMachineTaskThread-/0.0.0.0:15091-0 ] INFO  server.GrpcService (GrpcService.java:startImpl(302)) - a04b3fda-42d1-4ee5-9233-bf3df18c72ca: GrpcService started, listening on 15175
2024-02-09 18:34:02,176 [a04b3fda-42d1-4ee5-9233-bf3df18c72ca-EndpointStateMachineTaskThread-/0.0.0.0:15091-0 ] INFO  server.GrpcService (GrpcService.java:startImpl(302)) - a04b3fda-42d1-4ee5-9233-bf3df18c72ca: GrpcService started, listening on 15174
2024-02-09 18:34:02,177 [a04b3fda-42d1-4ee5-9233-bf3df18c72ca-EndpointStateMachineTaskThread-/0.0.0.0:15091-0 ] INFO  ratis.XceiverServerRatis (XceiverServerRatis.java:getRealPort(592)) - XceiverServerRatis a04b3fda-42d1-4ee5-9233-bf3df18c72ca is started using port 15173 for RATIS
2024-02-09 18:34:02,177 [JvmPauseMonitor21] INFO  util.JvmPauseMonitor (JvmPauseMonitor.java:run(146)) - JvmPauseMonitor-a04b3fda-42d1-4ee5-9233-bf3df18c72ca: Started
2024-02-09 18:34:02,177 [a04b3fda-42d1-4ee5-9233-bf3df18c72ca-EndpointStateMachineTaskThread-/0.0.0.0:15091-0 ] INFO  ratis.XceiverServerRatis (XceiverServerRatis.java:getRealPort(592)) - XceiverServerRatis a04b3fda-42d1-4ee5-9233-bf3df18c72ca is started using port 15174 for RATIS_ADMIN
2024-02-09 18:34:02,177 [a04b3fda-42d1-4ee5-9233-bf3df18c72ca-EndpointStateMachineTaskThread-/0.0.0.0:15091-0 ] INFO  ratis.XceiverServerRatis (XceiverServerRatis.java:getRealPort(592)) - XceiverServerRatis a04b3fda-42d1-4ee5-9233-bf3df18c72ca is started using port 15175 for RATIS_SERVER
2024-02-09 18:34:02,177 [a04b3fda-42d1-4ee5-9233-bf3df18c72ca-EndpointStateMachineTaskThread-/0.0.0.0:15091-0 ] INFO  ratis.XceiverServerRatis (XceiverServerRatis.java:getRealPort(592)) - XceiverServerRatis a04b3fda-42d1-4ee5-9233-bf3df18c72ca is started using port 15176 for RATIS_DATASTREAM
2024-02-09 18:34:02,178 [a04b3fda-42d1-4ee5-9233-bf3df18c72ca-BlockDeletingService#0] INFO  interfaces.ContainerDeletionChoosingPolicyTemplate (ContainerDeletionChoosingPolicyTemplate.java:chooseContainerForBlockDeletion(85)) - Chosen 0/5000 blocks from 0 candidate containers.
2024-02-09 18:34:03,148 [main] INFO  ozone.MiniOzoneClusterImpl (MiniOzoneClusterImpl.java:lambda$waitForClusterToBeReady$0(221)) - Waiting for nodes to be ready. Got 0 of 9 DN Heartbeats.
2024-02-09 18:34:03,148 [main] INFO  ozone.MiniOzoneClusterImpl (MiniOzoneClusterImpl.java:lambda$waitForClusterToBeReady$0(224)) - Waiting for cluster to exit safe mode
2024-02-09 18:34:03,148 [main] INFO  ozone.MiniOzoneClusterImpl (MiniOzoneClusterImpl.java:lambda$waitForClusterToBeReady$0(226)) - SCM became leader
2024-02-09 18:34:03,308 [IPC Server handler 7 on default port 15091] INFO  net.NetworkTopologyImpl (NetworkTopologyImpl.java:add(124)) - Added a new node: /default-rack/5d91c0b9-cefc-489a-be2c-ee3cd3dcc3a0
2024-02-09 18:34:03,308 [IPC Server handler 7 on default port 15091] INFO  node.SCMNodeManager (SCMNodeManager.java:register(421)) - Registered datanode: 5d91c0b9-cefc-489a-be2c-ee3cd3dcc3a0{ip: 10.1.0.43, host: fv-az1241-572.pcjn5njxctguzesueqcwbvg5cg.ex.internal.cloudapp.net, ports: [HTTP=15098, CLIENT_RPC=15099, REPLICATION=15105, RATIS=15101, RATIS_ADMIN=15102, RATIS_SERVER=15103, RATIS_DATASTREAM=15104, STANDALONE=15100], networkLocation: /default-rack, certSerialId: null, persistedOpState: null, persistedOpStateExpiryEpochSec: 0}
2024-02-09 18:34:03,311 [EventQueue-NewNodeForNewNodeHandler] INFO  pipeline.BackgroundPipelineCreator (BackgroundPipelineCreator.java:notifyEventTriggered(280)) - trigger a one-shot run on RatisPipelineUtilsThread.
2024-02-09 18:34:03,311 [EventQueue-NodeRegistrationContainerReportForDataNodeSafeModeRule] INFO  safemode.SCMSafeModeManager (DataNodeSafeModeRule.java:process(71)) - SCM in safe mode. 1 DataNodes registered, 3 required.
2024-02-09 18:34:03,311 [EventQueue-NodeRegistrationContainerReportForContainerSafeModeRule] INFO  safemode.SCMSafeModeManager (SCMSafeModeManager.java:validateSafeModeExitRules(200)) - ContainerSafeModeRule rule is successfully validated
2024-02-09 18:34:03,313 [RatisPipelineUtilsThread-0] INFO  pipeline.RatisPipelineProvider (RatisPipelineProvider.java:lambda$create$0(206)) - Sending CreatePipelineCommand for pipeline:PipelineID=76951b3b-86ba-49ad-bead-ed1fefc56e0b to datanode:5d91c0b9-cefc-489a-be2c-ee3cd3dcc3a0
2024-02-09 18:34:03,316 [EventQueue-PipelineReportForOneReplicaPipelineSafeModeRule] INFO  safemode.SCMSafeModeManager (SCMSafeModeManager.java:validateSafeModeExitRules(200)) - AtleastOneDatanodeReportedRule rule is successfully validated
2024-02-09 18:34:03,316 [RatisPipelineUtilsThread-0] INFO  pipeline.BackgroundPipelineCreator (BackgroundPipelineCreator.java:createPipelines(236)) - Created new pipeline Pipeline[ Id: 76951b3b-86ba-49ad-bead-ed1fefc56e0b, Nodes: 5d91c0b9-cefc-489a-be2c-ee3cd3dcc3a0(fv-az1241-572.pcjn5njxctguzesueqcwbvg5cg.ex.internal.cloudapp.net/10.1.0.43), ReplicationConfig: RATIS/ONE, State:ALLOCATED, leaderId:, CreationTimestamp2024-02-09T18:34:03.313Z[Etc/UTC]]
2024-02-09 18:34:03,402 [IPC Server handler 8 on default port 15091] INFO  net.NetworkTopologyImpl (NetworkTopologyImpl.java:add(124)) - Added a new node: /default-rack/92c5164c-1af2-4faa-850f-17550d8861d5
2024-02-09 18:34:03,402 [IPC Server handler 8 on default port 15091] INFO  node.SCMNodeManager (SCMNodeManager.java:register(421)) - Registered datanode: 92c5164c-1af2-4faa-850f-17550d8861d5{ip: 10.1.0.43, host: fv-az1241-572.pcjn5njxctguzesueqcwbvg5cg.ex.internal.cloudapp.net, ports: [HTTP=15107, CLIENT_RPC=15108, REPLICATION=15114, RATIS=15110, RATIS_ADMIN=15111, RATIS_SERVER=15112, RATIS_DATASTREAM=15113, STANDALONE=15109], networkLocation: /default-rack, certSerialId: null, persistedOpState: null, persistedOpStateExpiryEpochSec: 0}
2024-02-09 18:34:03,403 [EventQueue-NodeRegistrationContainerReportForDataNodeSafeModeRule] INFO  safemode.SCMSafeModeManager (DataNodeSafeModeRule.java:process(71)) - SCM in safe mode. 2 DataNodes registered, 3 required.
2024-02-09 18:34:03,403 [EventQueue-NewNodeForNewNodeHandler] INFO  pipeline.BackgroundPipelineCreator (BackgroundPipelineCreator.java:notifyEventTriggered(280)) - trigger a one-shot run on RatisPipelineUtilsThread.
2024-02-09 18:34:03,403 [RatisPipelineUtilsThread-0] INFO  pipeline.RatisPipelineProvider (RatisPipelineProvider.java:lambda$create$0(206)) - Sending CreatePipelineCommand for pipeline:PipelineID=2e118ce1-8604-4f89-96ea-26729cad3e72 to datanode:92c5164c-1af2-4faa-850f-17550d8861d5
2024-02-09 18:34:03,404 [RatisPipelineUtilsThread-0] INFO  pipeline.BackgroundPipelineCreator (BackgroundPipelineCreator.java:createPipelines(236)) - Created new pipeline Pipeline[ Id: 2e118ce1-8604-4f89-96ea-26729cad3e72, Nodes: 92c5164c-1af2-4faa-850f-17550d8861d5(fv-az1241-572.pcjn5njxctguzesueqcwbvg5cg.ex.internal.cloudapp.net/10.1.0.43), ReplicationConfig: RATIS/ONE, State:ALLOCATED, leaderId:, CreationTimestamp2024-02-09T18:34:03.403Z[Etc/UTC]]
2024-02-09 18:34:03,521 [IPC Server handler 9 on default port 15091] INFO  net.NetworkTopologyImpl (NetworkTopologyImpl.java:add(124)) - Added a new node: /default-rack/6ea81ba3-4cc7-4d8f-90c6-66e0677302b1
2024-02-09 18:34:03,521 [IPC Server handler 9 on default port 15091] INFO  node.SCMNodeManager (SCMNodeManager.java:register(421)) - Registered datanode: 6ea81ba3-4cc7-4d8f-90c6-66e0677302b1{ip: 10.1.0.43, host: fv-az1241-572.pcjn5njxctguzesueqcwbvg5cg.ex.internal.cloudapp.net, ports: [HTTP=15116, CLIENT_RPC=15117, REPLICATION=15123, RATIS=15119, RATIS_ADMIN=15120, RATIS_SERVER=15121, RATIS_DATASTREAM=15122, STANDALONE=15118], networkLocation: /default-rack, certSerialId: null, persistedOpState: null, persistedOpStateExpiryEpochSec: 0}
2024-02-09 18:34:03,521 [EventQueue-NewNodeForNewNodeHandler] INFO  pipeline.BackgroundPipelineCreator (BackgroundPipelineCreator.java:notifyEventTriggered(280)) - trigger a one-shot run on RatisPipelineUtilsThread.
2024-02-09 18:34:03,521 [EventQueue-NodeRegistrationContainerReportForDataNodeSafeModeRule] INFO  safemode.SCMSafeModeManager (DataNodeSafeModeRule.java:process(71)) - SCM in safe mode. 3 DataNodes registered, 3 required.
2024-02-09 18:34:03,521 [EventQueue-NodeRegistrationContainerReportForDataNodeSafeModeRule] INFO  safemode.SCMSafeModeManager (SCMSafeModeManager.java:validateSafeModeExitRules(200)) - DataNodeSafeModeRule rule is successfully validated
2024-02-09 18:34:03,521 [EventQueue-NodeRegistrationContainerReportForDataNodeSafeModeRule] INFO  safemode.SCMSafeModeManager (SCMSafeModeManager.java:completePreCheck(229)) - All SCM safe mode pre check rules have passed
2024-02-09 18:34:03,522 [EventQueue-NodeRegistrationContainerReportForDataNodeSafeModeRule] INFO  ha.SCMContext (SCMContext.java:updateSafeModeStatus(225)) - Update SafeModeStatus from SafeModeStatus{safeModeStatus=true, preCheckPassed=false} to SafeModeStatus{safeModeStatus=true, preCheckPassed=true}.
2024-02-09 18:34:03,522 [EventQueue-NodeRegistrationContainerReportForDataNodeSafeModeRule] INFO  pipeline.BackgroundPipelineCreator (BackgroundPipelineCreator.java:notifyEventTriggered(280)) - trigger a one-shot run on RatisPipelineUtilsThread.
2024-02-09 18:34:03,522 [RatisPipelineUtilsThread-0] INFO  pipeline.RatisPipelineProvider (RatisPipelineProvider.java:lambda$create$0(206)) - Sending CreatePipelineCommand for pipeline:PipelineID=10516015-4840-4d7d-9e66-a0cb2781db65 to datanode:6ea81ba3-4cc7-4d8f-90c6-66e0677302b1
2024-02-09 18:34:03,523 [RatisPipelineUtilsThread-0] INFO  pipeline.BackgroundPipelineCreator (BackgroundPipelineCreator.java:createPipelines(236)) - Created new pipeline Pipeline[ Id: 10516015-4840-4d7d-9e66-a0cb2781db65, Nodes: 6ea81ba3-4cc7-4d8f-90c6-66e0677302b1(fv-az1241-572.pcjn5njxctguzesueqcwbvg5cg.ex.internal.cloudapp.net/10.1.0.43), ReplicationConfig: RATIS/ONE, State:ALLOCATED, leaderId:, CreationTimestamp2024-02-09T18:34:03.522Z[Etc/UTC]]
2024-02-09 18:34:03,523 [RatisPipelineUtilsThread-0] INFO  pipeline.RatisPipelineProvider (RatisPipelineProvider.java:lambda$create$0(206)) - Sending CreatePipelineCommand for pipeline:PipelineID=c6501ec1-e64e-4456-98ff-030502aaf74f to datanode:6ea81ba3-4cc7-4d8f-90c6-66e0677302b1
2024-02-09 18:34:03,523 [RatisPipelineUtilsThread-0] INFO  pipeline.RatisPipelineProvider (RatisPipelineProvider.java:lambda$create$0(206)) - Sending CreatePipelineCommand for pipeline:PipelineID=c6501ec1-e64e-4456-98ff-030502aaf74f to datanode:5d91c0b9-cefc-489a-be2c-ee3cd3dcc3a0
2024-02-09 18:34:03,524 [RatisPipelineUtilsThread-0] INFO  pipeline.RatisPipelineProvider (RatisPipelineProvider.java:lambda$create$0(206)) - Sending CreatePipelineCommand for pipeline:PipelineID=c6501ec1-e64e-4456-98ff-030502aaf74f to datanode:92c5164c-1af2-4faa-850f-17550d8861d5
2024-02-09 18:34:03,524 [RatisPipelineUtilsThread-0] INFO  pipeline.BackgroundPipelineCreator (BackgroundPipelineCreator.java:createPipelines(236)) - Created new pipeline Pipeline[ Id: c6501ec1-e64e-4456-98ff-030502aaf74f, Nodes: 6ea81ba3-4cc7-4d8f-90c6-66e0677302b1(fv-az1241-572.pcjn5njxctguzesueqcwbvg5cg.ex.internal.cloudapp.net/10.1.0.43)5d91c0b9-cefc-489a-be2c-ee3cd3dcc3a0(fv-az1241-572.pcjn5njxctguzesueqcwbvg5cg.ex.internal.cloudapp.net/10.1.0.43)92c5164c-1af2-4faa-850f-17550d8861d5(fv-az1241-572.pcjn5njxctguzesueqcwbvg5cg.ex.internal.cloudapp.net/10.1.0.43), ReplicationConfig: RATIS/THREE, State:ALLOCATED, leaderId:, CreationTimestamp2024-02-09T18:34:03.523Z[Etc/UTC]]
2024-02-09 18:34:03,628 [IPC Server handler 0 on default port 15091] INFO  net.NetworkTopologyImpl (NetworkTopologyImpl.java:add(124)) - Added a new node: /default-rack/19714071-6985-4253-9bb3-86e59ac051d1
2024-02-09 18:34:03,628 [IPC Server handler 0 on default port 15091] INFO  node.SCMNodeManager (SCMNodeManager.java:register(421)) - Registered datanode: 19714071-6985-4253-9bb3-86e59ac051d1{ip: 10.1.0.43, host: fv-az1241-572.pcjn5njxctguzesueqcwbvg5cg.ex.internal.cloudapp.net, ports: [HTTP=15125, CLIENT_RPC=15126, REPLICATION=15132, RATIS=15128, RATIS_ADMIN=15129, RATIS_SERVER=15130, RATIS_DATASTREAM=15131, STANDALONE=15127], networkLocation: /default-rack, certSerialId: null, persistedOpState: null, persistedOpStateExpiryEpochSec: 0}
2024-02-09 18:34:03,628 [EventQueue-NewNodeForNewNodeHandler] INFO  pipeline.BackgroundPipelineCreator (BackgroundPipelineCreator.java:notifyEventTriggered(280)) - trigger a one-shot run on RatisPipelineUtilsThread.
2024-02-09 18:34:03,629 [RatisPipelineUtilsThread-0] INFO  pipeline.RatisPipelineProvider (RatisPipelineProvider.java:lambda$create$0(206)) - Sending CreatePipelineCommand for pipeline:PipelineID=4f169573-c25f-413c-a30c-883661f076cc to datanode:19714071-6985-4253-9bb3-86e59ac051d1
2024-02-09 18:34:03,629 [RatisPipelineUtilsThread-0] INFO  pipeline.BackgroundPipelineCreator (BackgroundPipelineCreator.java:createPipelines(236)) - Created new pipeline Pipeline[ Id: 4f169573-c25f-413c-a30c-883661f076cc, Nodes: 19714071-6985-4253-9bb3-86e59ac051d1(fv-az1241-572.pcjn5njxctguzesueqcwbvg5cg.ex.internal.cloudapp.net/10.1.0.43), ReplicationConfig: RATIS/ONE, State:ALLOCATED, leaderId:, CreationTimestamp2024-02-09T18:34:03.629Z[Etc/UTC]]
2024-02-09 18:34:03,737 [IPC Server handler 1 on default port 15091] INFO  net.NetworkTopologyImpl (NetworkTopologyImpl.java:add(124)) - Added a new node: /default-rack/50f87e96-d653-4358-9a58-224b3bed4094
2024-02-09 18:34:03,737 [IPC Server handler 1 on default port 15091] INFO  node.SCMNodeManager (SCMNodeManager.java:register(421)) - Registered datanode: 50f87e96-d653-4358-9a58-224b3bed4094{ip: 10.1.0.43, host: fv-az1241-572.pcjn5njxctguzesueqcwbvg5cg.ex.internal.cloudapp.net, ports: [HTTP=15134, CLIENT_RPC=15135, REPLICATION=15141, RATIS=15137, RATIS_ADMIN=15138, RATIS_SERVER=15139, RATIS_DATASTREAM=15140, STANDALONE=15136], networkLocation: /default-rack, certSerialId: null, persistedOpState: null, persistedOpStateExpiryEpochSec: 0}
2024-02-09 18:34:03,738 [EventQueue-NewNodeForNewNodeHandler] INFO  pipeline.BackgroundPipelineCreator (BackgroundPipelineCreator.java:notifyEventTriggered(280)) - trigger a one-shot run on RatisPipelineUtilsThread.
2024-02-09 18:34:03,739 [RatisPipelineUtilsThread-0] INFO  pipeline.RatisPipelineProvider (RatisPipelineProvider.java:lambda$create$0(206)) - Sending CreatePipelineCommand for pipeline:PipelineID=d9f1df6b-2b86-4810-b733-32b47a74d0a4 to datanode:50f87e96-d653-4358-9a58-224b3bed4094
2024-02-09 18:34:03,739 [RatisPipelineUtilsThread-0] INFO  pipeline.BackgroundPipelineCreator (BackgroundPipelineCreator.java:createPipelines(236)) - Created new pipeline Pipeline[ Id: d9f1df6b-2b86-4810-b733-32b47a74d0a4, Nodes: 50f87e96-d653-4358-9a58-224b3bed4094(fv-az1241-572.pcjn5njxctguzesueqcwbvg5cg.ex.internal.cloudapp.net/10.1.0.43), ReplicationConfig: RATIS/ONE, State:ALLOCATED, leaderId:, CreationTimestamp2024-02-09T18:34:03.739Z[Etc/UTC]]
2024-02-09 18:34:03,843 [IPC Server handler 2 on default port 15091] INFO  net.NetworkTopologyImpl (NetworkTopologyImpl.java:add(124)) - Added a new node: /default-rack/c9aa2afb-1190-4a6b-bc65-38c12648ce52
2024-02-09 18:34:03,843 [IPC Server handler 2 on default port 15091] INFO  node.SCMNodeManager (SCMNodeManager.java:register(421)) - Registered datanode: c9aa2afb-1190-4a6b-bc65-38c12648ce52{ip: 10.1.0.43, host: fv-az1241-572.pcjn5njxctguzesueqcwbvg5cg.ex.internal.cloudapp.net, ports: [HTTP=15143, CLIENT_RPC=15144, REPLICATION=15150, RATIS=15146, RATIS_ADMIN=15147, RATIS_SERVER=15148, RATIS_DATASTREAM=15149, STANDALONE=15145], networkLocation: /default-rack, certSerialId: null, persistedOpState: null, persistedOpStateExpiryEpochSec: 0}
2024-02-09 18:34:03,844 [EventQueue-NewNodeForNewNodeHandler] INFO  pipeline.BackgroundPipelineCreator (BackgroundPipelineCreator.java:notifyEventTriggered(280)) - trigger a one-shot run on RatisPipelineUtilsThread.
2024-02-09 18:34:03,844 [RatisPipelineUtilsThread-0] INFO  pipeline.RatisPipelineProvider (RatisPipelineProvider.java:lambda$create$0(206)) - Sending CreatePipelineCommand for pipeline:PipelineID=6dce6a42-23f9-4e49-a3d3-68e6024f257b to datanode:c9aa2afb-1190-4a6b-bc65-38c12648ce52
2024-02-09 18:34:03,845 [RatisPipelineUtilsThread-0] INFO  pipeline.BackgroundPipelineCreator (BackgroundPipelineCreator.java:createPipelines(236)) - Created new pipeline Pipeline[ Id: 6dce6a42-23f9-4e49-a3d3-68e6024f257b, Nodes: c9aa2afb-1190-4a6b-bc65-38c12648ce52(fv-az1241-572.pcjn5njxctguzesueqcwbvg5cg.ex.internal.cloudapp.net/10.1.0.43), ReplicationConfig: RATIS/ONE, State:ALLOCATED, leaderId:, CreationTimestamp2024-02-09T18:34:03.844Z[Etc/UTC]]
2024-02-09 18:34:03,845 [RatisPipelineUtilsThread-0] INFO  pipeline.RatisPipelineProvider (RatisPipelineProvider.java:lambda$create$0(206)) - Sending CreatePipelineCommand for pipeline:PipelineID=2096f0bd-b3eb-436c-9982-7424b0b947b6 to datanode:c9aa2afb-1190-4a6b-bc65-38c12648ce52
2024-02-09 18:34:03,845 [RatisPipelineUtilsThread-0] INFO  pipeline.RatisPipelineProvider (RatisPipelineProvider.java:lambda$create$0(206)) - Sending CreatePipelineCommand for pipeline:PipelineID=2096f0bd-b3eb-436c-9982-7424b0b947b6 to datanode:50f87e96-d653-4358-9a58-224b3bed4094
2024-02-09 18:34:03,846 [RatisPipelineUtilsThread-0] INFO  pipeline.RatisPipelineProvider (RatisPipelineProvider.java:lambda$create$0(206)) - Sending CreatePipelineCommand for pipeline:PipelineID=2096f0bd-b3eb-436c-9982-7424b0b947b6 to datanode:19714071-6985-4253-9bb3-86e59ac051d1
2024-02-09 18:34:03,846 [RatisPipelineUtilsThread-0] INFO  pipeline.BackgroundPipelineCreator (BackgroundPipelineCreator.java:createPipelines(236)) - Created new pipeline Pipeline[ Id: 2096f0bd-b3eb-436c-9982-7424b0b947b6, Nodes: c9aa2afb-1190-4a6b-bc65-38c12648ce52(fv-az1241-572.pcjn5njxctguzesueqcwbvg5cg.ex.internal.cloudapp.net/10.1.0.43)50f87e96-d653-4358-9a58-224b3bed4094(fv-az1241-572.pcjn5njxctguzesueqcwbvg5cg.ex.internal.cloudapp.net/10.1.0.43)19714071-6985-4253-9bb3-86e59ac051d1(fv-az1241-572.pcjn5njxctguzesueqcwbvg5cg.ex.internal.cloudapp.net/10.1.0.43), ReplicationConfig: RATIS/THREE, State:ALLOCATED, leaderId:, CreationTimestamp2024-02-09T18:34:03.845Z[Etc/UTC]]
2024-02-09 18:34:03,941 [IPC Server handler 5 on default port 15091] INFO  net.NetworkTopologyImpl (NetworkTopologyImpl.java:add(124)) - Added a new node: /default-rack/77dd9a00-e29a-4211-83f1-3973ef1a3290
2024-02-09 18:34:03,941 [IPC Server handler 5 on default port 15091] INFO  node.SCMNodeManager (SCMNodeManager.java:register(421)) - Registered datanode: 77dd9a00-e29a-4211-83f1-3973ef1a3290{ip: 10.1.0.43, host: fv-az1241-572.pcjn5njxctguzesueqcwbvg5cg.ex.internal.cloudapp.net, ports: [HTTP=15152, CLIENT_RPC=15153, REPLICATION=15159, RATIS=15155, RATIS_ADMIN=15156, RATIS_SERVER=15157, RATIS_DATASTREAM=15158, STANDALONE=15154], networkLocation: /default-rack, certSerialId: null, persistedOpState: null, persistedOpStateExpiryEpochSec: 0}
2024-02-09 18:34:03,941 [EventQueue-NewNodeForNewNodeHandler] INFO  pipeline.BackgroundPipelineCreator (BackgroundPipelineCreator.java:notifyEventTriggered(280)) - trigger a one-shot run on RatisPipelineUtilsThread.
2024-02-09 18:34:03,942 [RatisPipelineUtilsThread-0] INFO  pipeline.RatisPipelineProvider (RatisPipelineProvider.java:lambda$create$0(206)) - Sending CreatePipelineCommand for pipeline:PipelineID=93b3fdf0-0258-45e7-b470-543108a04273 to datanode:77dd9a00-e29a-4211-83f1-3973ef1a3290
2024-02-09 18:34:03,943 [RatisPipelineUtilsThread-0] INFO  pipeline.BackgroundPipelineCreator (BackgroundPipelineCreator.java:createPipelines(236)) - Created new pipeline Pipeline[ Id: 93b3fdf0-0258-45e7-b470-543108a04273, Nodes: 77dd9a00-e29a-4211-83f1-3973ef1a3290(fv-az1241-572.pcjn5njxctguzesueqcwbvg5cg.ex.internal.cloudapp.net/10.1.0.43), ReplicationConfig: RATIS/ONE, State:ALLOCATED, leaderId:, CreationTimestamp2024-02-09T18:34:03.942Z[Etc/UTC]]
2024-02-09 18:34:04,048 [IPC Server handler 4 on default port 15091] INFO  net.NetworkTopologyImpl (NetworkTopologyImpl.java:add(124)) - Added a new node: /default-rack/e0b7932e-07c7-4e56-8d6e-0757004eb8fd
2024-02-09 18:34:04,048 [IPC Server handler 4 on default port 15091] INFO  node.SCMNodeManager (SCMNodeManager.java:register(421)) - Registered datanode: e0b7932e-07c7-4e56-8d6e-0757004eb8fd{ip: 10.1.0.43, host: fv-az1241-572.pcjn5njxctguzesueqcwbvg5cg.ex.internal.cloudapp.net, ports: [HTTP=15161, CLIENT_RPC=15162, REPLICATION=15168, RATIS=15164, RATIS_ADMIN=15165, RATIS_SERVER=15166, RATIS_DATASTREAM=15167, STANDALONE=15163], networkLocation: /default-rack, certSerialId: null, persistedOpState: null, persistedOpStateExpiryEpochSec: 0}
2024-02-09 18:34:04,048 [EventQueue-NewNodeForNewNodeHandler] INFO  pipeline.BackgroundPipelineCreator (BackgroundPipelineCreator.java:notifyEventTriggered(280)) - trigger a one-shot run on RatisPipelineUtilsThread.
2024-02-09 18:34:04,049 [RatisPipelineUtilsThread-0] INFO  pipeline.RatisPipelineProvider (RatisPipelineProvider.java:lambda$create$0(206)) - Sending CreatePipelineCommand for pipeline:PipelineID=57147a4b-ac7a-4df8-88b2-e26969950b1e to datanode:e0b7932e-07c7-4e56-8d6e-0757004eb8fd
2024-02-09 18:34:04,049 [RatisPipelineUtilsThread-0] INFO  pipeline.BackgroundPipelineCreator (BackgroundPipelineCreator.java:createPipelines(236)) - Created new pipeline Pipeline[ Id: 57147a4b-ac7a-4df8-88b2-e26969950b1e, Nodes: e0b7932e-07c7-4e56-8d6e-0757004eb8fd(fv-az1241-572.pcjn5njxctguzesueqcwbvg5cg.ex.internal.cloudapp.net/10.1.0.43), ReplicationConfig: RATIS/ONE, State:ALLOCATED, leaderId:, CreationTimestamp2024-02-09T18:34:04.049Z[Etc/UTC]]
2024-02-09 18:34:04,149 [main] INFO  ozone.MiniOzoneClusterImpl (MiniOzoneClusterImpl.java:lambda$waitForClusterToBeReady$0(221)) - Waiting for nodes to be ready. Got 8 of 9 DN Heartbeats.
2024-02-09 18:34:04,149 [main] INFO  ozone.MiniOzoneClusterImpl (MiniOzoneClusterImpl.java:lambda$waitForClusterToBeReady$0(224)) - Waiting for cluster to exit safe mode
2024-02-09 18:34:04,149 [main] INFO  ozone.MiniOzoneClusterImpl (MiniOzoneClusterImpl.java:lambda$waitForClusterToBeReady$0(226)) - SCM became leader
2024-02-09 18:34:04,149 [IPC Server handler 6 on default port 15091] INFO  net.NetworkTopologyImpl (NetworkTopologyImpl.java:add(124)) - Added a new node: /default-rack/a04b3fda-42d1-4ee5-9233-bf3df18c72ca
2024-02-09 18:34:04,149 [IPC Server handler 6 on default port 15091] INFO  node.SCMNodeManager (SCMNodeManager.java:register(421)) - Registered datanode: a04b3fda-42d1-4ee5-9233-bf3df18c72ca{ip: 10.1.0.43, host: fv-az1241-572.pcjn5njxctguzesueqcwbvg5cg.ex.internal.cloudapp.net, ports: [HTTP=15170, CLIENT_RPC=15171, REPLICATION=15177, RATIS=15173, RATIS_ADMIN=15174, RATIS_SERVER=15175, RATIS_DATASTREAM=15176, STANDALONE=15172], networkLocation: /default-rack, certSerialId: null, persistedOpState: null, persistedOpStateExpiryEpochSec: 0}
2024-02-09 18:34:04,150 [EventQueue-NewNodeForNewNodeHandler] INFO  pipeline.BackgroundPipelineCreator (BackgroundPipelineCreator.java:notifyEventTriggered(280)) - trigger a one-shot run on RatisPipelineUtilsThread.
2024-02-09 18:34:04,150 [RatisPipelineUtilsThread-0] INFO  pipeline.RatisPipelineProvider (RatisPipelineProvider.java:lambda$create$0(206)) - Sending CreatePipelineCommand for pipeline:PipelineID=19257f46-b855-485d-9bf7-149ddcc1e2e7 to datanode:a04b3fda-42d1-4ee5-9233-bf3df18c72ca
2024-02-09 18:34:04,151 [RatisPipelineUtilsThread-0] INFO  pipeline.BackgroundPipelineCreator (BackgroundPipelineCreator.java:createPipelines(236)) - Created new pipeline Pipeline[ Id: 19257f46-b855-485d-9bf7-149ddcc1e2e7, Nodes: a04b3fda-42d1-4ee5-9233-bf3df18c72ca(fv-az1241-572.pcjn5njxctguzesueqcwbvg5cg.ex.internal.cloudapp.net/10.1.0.43), ReplicationConfig: RATIS/ONE, State:ALLOCATED, leaderId:, CreationTimestamp2024-02-09T18:34:04.150Z[Etc/UTC]]
2024-02-09 18:34:04,151 [RatisPipelineUtilsThread-0] INFO  pipeline.RatisPipelineProvider (RatisPipelineProvider.java:lambda$create$0(206)) - Sending CreatePipelineCommand for pipeline:PipelineID=615a16b5-5c1f-4b6a-8b9e-2cca92768612 to datanode:77dd9a00-e29a-4211-83f1-3973ef1a3290
2024-02-09 18:34:04,151 [RatisPipelineUtilsThread-0] INFO  pipeline.RatisPipelineProvider (RatisPipelineProvider.java:lambda$create$0(206)) - Sending CreatePipelineCommand for pipeline:PipelineID=615a16b5-5c1f-4b6a-8b9e-2cca92768612 to datanode:e0b7932e-07c7-4e56-8d6e-0757004eb8fd
2024-02-09 18:34:04,152 [RatisPipelineUtilsThread-0] INFO  pipeline.RatisPipelineProvider (RatisPipelineProvider.java:lambda$create$0(206)) - Sending CreatePipelineCommand for pipeline:PipelineID=615a16b5-5c1f-4b6a-8b9e-2cca92768612 to datanode:a04b3fda-42d1-4ee5-9233-bf3df18c72ca
2024-02-09 18:34:04,152 [RatisPipelineUtilsThread-0] INFO  pipeline.BackgroundPipelineCreator (BackgroundPipelineCreator.java:createPipelines(236)) - Created new pipeline Pipeline[ Id: 615a16b5-5c1f-4b6a-8b9e-2cca92768612, Nodes: 77dd9a00-e29a-4211-83f1-3973ef1a3290(fv-az1241-572.pcjn5njxctguzesueqcwbvg5cg.ex.internal.cloudapp.net/10.1.0.43)e0b7932e-07c7-4e56-8d6e-0757004eb8fd(fv-az1241-572.pcjn5njxctguzesueqcwbvg5cg.ex.internal.cloudapp.net/10.1.0.43)a04b3fda-42d1-4ee5-9233-bf3df18c72ca(fv-az1241-572.pcjn5njxctguzesueqcwbvg5cg.ex.internal.cloudapp.net/10.1.0.43), ReplicationConfig: RATIS/THREE, State:ALLOCATED, leaderId:, CreationTimestamp2024-02-09T18:34:04.151Z[Etc/UTC]]
2024-02-09 18:34:05,149 [main] INFO  ozone.MiniOzoneClusterImpl (MiniOzoneClusterImpl.java:lambda$waitForClusterToBeReady$0(221)) - Nodes are ready. Got 9 of 9 DN Heartbeats.
2024-02-09 18:34:05,149 [main] INFO  ozone.MiniOzoneClusterImpl (MiniOzoneClusterImpl.java:lambda$waitForClusterToBeReady$0(224)) - Waiting for cluster to exit safe mode
2024-02-09 18:34:05,149 [main] INFO  ozone.MiniOzoneClusterImpl (MiniOzoneClusterImpl.java:lambda$waitForClusterToBeReady$0(226)) - SCM became leader
2024-02-09 18:34:06,150 [main] INFO  ozone.MiniOzoneClusterImpl (MiniOzoneClusterImpl.java:lambda$waitForClusterToBeReady$0(221)) - Nodes are ready. Got 9 of 9 DN Heartbeats.
2024-02-09 18:34:06,150 [main] INFO  ozone.MiniOzoneClusterImpl (MiniOzoneClusterImpl.java:lambda$waitForClusterToBeReady$0(224)) - Waiting for cluster to exit safe mode
2024-02-09 18:34:06,150 [main] INFO  ozone.MiniOzoneClusterImpl (MiniOzoneClusterImpl.java:lambda$waitForClusterToBeReady$0(226)) - SCM became leader
2024-02-09 18:34:06,308 [5d91c0b9-cefc-489a-be2c-ee3cd3dcc3a0-PipelineCommandHandlerThread-0] INFO  server.RaftServer (RaftServerProxy.java:addNew(100)) - 5d91c0b9-cefc-489a-be2c-ee3cd3dcc3a0: addNew group-ED1FEFC56E0B:[5d91c0b9-cefc-489a-be2c-ee3cd3dcc3a0|10.1.0.43:15103] returns group-ED1FEFC56E0B:java.util.concurrent.CompletableFuture@78e61b67[Not completed]
2024-02-09 18:34:06,309 [5d91c0b9-cefc-489a-be2c-ee3cd3dcc3a0-groupManagement] INFO  server.RaftServer$Division (RaftServerImpl.java:<init>(256)) - 5d91c0b9-cefc-489a-be2c-ee3cd3dcc3a0: new RaftServerImpl for group-ED1FEFC56E0B:[5d91c0b9-cefc-489a-be2c-ee3cd3dcc3a0|10.1.0.43:15103] with ContainerStateMachine:uninitialized
2024-02-09 18:34:06,309 [5d91c0b9-cefc-489a-be2c-ee3cd3dcc3a0-groupManagement] INFO  server.RaftServerConfigKeys (ConfUtils.java:logGet(46)) - raft.server.rpc.timeout.min = 5s (custom)
2024-02-09 18:34:06,309 [5d91c0b9-cefc-489a-be2c-ee3cd3dcc3a0-groupManagement] INFO  server.RaftServerConfigKeys (ConfUtils.java:logGet(46)) - raft.server.rpc.timeout.max = 5200ms (custom)
2024-02-09 18:34:06,309 [5d91c0b9-cefc-489a-be2c-ee3cd3dcc3a0-groupManagement] INFO  server.RaftServerConfigKeys (ConfUtils.java:logGet(46)) - raft.server.rpc.sleep.time = 25ms (default)
2024-02-09 18:34:06,309 [5d91c0b9-cefc-489a-be2c-ee3cd3dcc3a0-groupManagement] INFO  server.RaftServerConfigKeys (ConfUtils.java:logGet(46)) - raft.server.rpc.slowness.timeout = 300000ms (custom)
2024-02-09 18:34:06,309 [5d91c0b9-cefc-489a-be2c-ee3cd3dcc3a0-groupManagement] INFO  server.RaftServerConfigKeys (ConfUtils.java:logGet(46)) - raft.server.leaderelection.leader.step-down.wait-time = 10s (default)
2024-02-09 18:34:06,309 [5d91c0b9-cefc-489a-be2c-ee3cd3dcc3a0-groupManagement] INFO  server.RaftServerConfigKeys (ConfUtils.java:logGet(46)) - raft.server.leaderelection.member.majority-add = false (default)
2024-02-09 18:34:06,309 [5d91c0b9-cefc-489a-be2c-ee3cd3dcc3a0-groupManagement] INFO  server.RaftServerConfigKeys (ConfUtils.java:logGet(46)) - raft.server.sleep.deviation.threshold = 300ms (default)
2024-02-09 18:34:06,309 [5d91c0b9-cefc-489a-be2c-ee3cd3dcc3a0-groupManagement] INFO  server.RaftServer$Division (ServerState.java:<init>(113)) - 5d91c0b9-cefc-489a-be2c-ee3cd3dcc3a0@group-ED1FEFC56E0B: ConfigurationManager, init=-1: peers:[5d91c0b9-cefc-489a-be2c-ee3cd3dcc3a0|10.1.0.43:15103]|listeners:[], old=null, confs=<EMPTY_MAP>
2024-02-09 18:34:06,309 [5d91c0b9-cefc-489a-be2c-ee3cd3dcc3a0-groupManagement] INFO  server.RaftServerConfigKeys (ConfUtils.java:logGet(46)) - raft.server.notification.no-leader.timeout = 300000ms (custom)
2024-02-09 18:34:06,309 [5d91c0b9-cefc-489a-be2c-ee3cd3dcc3a0-groupManagement] INFO  server.RaftServerConfigKeys (ConfUtils.java:logGet(46)) - raft.server.read.timeout = 10s (default)
2024-02-09 18:34:06,309 [5d91c0b9-cefc-489a-be2c-ee3cd3dcc3a0-groupManagement] INFO  server.RaftServerConfigKeys (ConfUtils.java:logGet(46)) - raft.server.retrycache.expirytime = 600000ms (custom)
2024-02-09 18:34:06,310 [5d91c0b9-cefc-489a-be2c-ee3cd3dcc3a0-groupManagement] INFO  server.RaftServerConfigKeys (ConfUtils.java:logGet(46)) - raft.server.retrycache.statistics.expirytime = 100ms (default)
2024-02-09 18:34:06,310 [5d91c0b9-cefc-489a-be2c-ee3cd3dcc3a0-groupManagement] INFO  server.RaftServerConfigKeys (ConfUtils.java:logGet(46)) - raft.server.read.option = DEFAULT (default)
2024-02-09 18:34:06,310 [5d91c0b9-cefc-489a-be2c-ee3cd3dcc3a0-groupManagement] INFO  server.RaftServerConfigKeys (ConfUtils.java:logGet(46)) - raft.server.read.read-after-write-consistent.write-index-cache.expiry-time = 60s (default)
2024-02-09 18:34:06,311 [5d91c0b9-cefc-489a-be2c-ee3cd3dcc3a0-groupManagement] INFO  server.RaftServerConfigKeys (ConfUtils.java:logGet(46)) - raft.server.rpc.request.timeout = 3000ms (default)
2024-02-09 18:34:06,311 [5d91c0b9-cefc-489a-be2c-ee3cd3dcc3a0-groupManagement] INFO  server.RaftServerConfigKeys (ConfUtils.java:logGet(46)) - raft.server.log.appender.install.snapshot.enabled = false (custom)
2024-02-09 18:34:06,311 [5d91c0b9-cefc-489a-be2c-ee3cd3dcc3a0-groupManagement] INFO  server.RaftServerConfigKeys (ConfUtils.java:logGet(46)) - raft.server.threadpool.server.cached = true (default)
2024-02-09 18:34:06,311 [5d91c0b9-cefc-489a-be2c-ee3cd3dcc3a0-groupManagement] INFO  server.RaftServerConfigKeys (ConfUtils.java:logGet(46)) - raft.server.threadpool.server.size = 0 (default)
2024-02-09 18:34:06,312 [5d91c0b9-cefc-489a-be2c-ee3cd3dcc3a0-groupManagement] INFO  server.RaftServerConfigKeys (ConfUtils.java:logGet(46)) - raft.server.threadpool.client.cached = true (default)
2024-02-09 18:34:06,312 [5d91c0b9-cefc-489a-be2c-ee3cd3dcc3a0-groupManagement] INFO  server.RaftServerConfigKeys (ConfUtils.java:logGet(46)) - raft.server.threadpool.client.size = 0 (default)
2024-02-09 18:34:06,312 [5d91c0b9-cefc-489a-be2c-ee3cd3dcc3a0-groupManagement] INFO  server.RaftServerConfigKeys (ConfUtils.java:logGet(46)) - raft.server.storage.free-space.min = 0MB (=0) (default)
2024-02-09 18:34:06,312 [5d91c0b9-cefc-489a-be2c-ee3cd3dcc3a0-groupManagement] INFO  server.RaftServerConfigKeys (ConfUtils.java:logGet(46)) - raft.server.log.corruption.policy = EXCEPTION (default)
2024-02-09 18:34:06,312 [5d91c0b9-cefc-489a-be2c-ee3cd3dcc3a0-groupManagement] INFO  server.RaftServerConfigKeys (ConfUtils.java:logGet(46)) - raft.server.storage.dir = [/home/runner/work/ozone/ozone/hadoop-ozone/integration-test/target/test-dir/MiniOzoneClusterImpl-2e7e0147-493e-4f7b-8772-843c2731e345/datanode-0/data/ratis] (custom)
2024-02-09 18:34:06,312 [5d91c0b9-cefc-489a-be2c-ee3cd3dcc3a0-groupManagement] INFO  storage.RaftStorageDirectory (RaftStorageDirectoryImpl.java:analyzeStorage(138)) - The storage directory /home/runner/work/ozone/ozone/hadoop-ozone/integration-test/target/test-dir/MiniOzoneClusterImpl-2e7e0147-493e-4f7b-8772-843c2731e345/datanode-0/data/ratis/76951b3b-86ba-49ad-bead-ed1fefc56e0b does not exist. Creating ...
2024-02-09 18:34:06,313 [5d91c0b9-cefc-489a-be2c-ee3cd3dcc3a0-groupManagement] INFO  storage.RaftStorageDirectory (RaftStorageDirectoryImpl.java:tryLock(228)) - Lock on /home/runner/work/ozone/ozone/hadoop-ozone/integration-test/target/test-dir/MiniOzoneClusterImpl-2e7e0147-493e-4f7b-8772-843c2731e345/datanode-0/data/ratis/76951b3b-86ba-49ad-bead-ed1fefc56e0b/in_use.lock acquired by nodename 37674@fv-az1241-572
2024-02-09 18:34:06,314 [5d91c0b9-cefc-489a-be2c-ee3cd3dcc3a0-groupManagement] INFO  storage.RaftStorage (RaftStorageImpl.java:format(99)) - Storage directory /home/runner/work/ozone/ozone/hadoop-ozone/integration-test/target/test-dir/MiniOzoneClusterImpl-2e7e0147-493e-4f7b-8772-843c2731e345/datanode-0/data/ratis/76951b3b-86ba-49ad-bead-ed1fefc56e0b has been successfully formatted.
2024-02-09 18:34:06,314 [5d91c0b9-cefc-489a-be2c-ee3cd3dcc3a0-groupManagement] WARN  util.FileUtils (LogUtils.java:supplyAndLog(63)) - Failed to Files.newInputStream /home/runner/work/ozone/ozone/hadoop-ozone/integration-test/target/test-dir/MiniOzoneClusterImpl-2e7e0147-493e-4f7b-8772-843c2731e345/datanode-0/data/ratis/76951b3b-86ba-49ad-bead-ed1fefc56e0b/current/raft-meta.conf with options []: java.nio.file.NoSuchFileException: /home/runner/work/ozone/ozone/hadoop-ozone/integration-test/target/test-dir/MiniOzoneClusterImpl-2e7e0147-493e-4f7b-8772-843c2731e345/datanode-0/data/ratis/76951b3b-86ba-49ad-bead-ed1fefc56e0b/current/raft-meta.conf
2024-02-09 18:34:06,315 [5d91c0b9-cefc-489a-be2c-ee3cd3dcc3a0-groupManagement] INFO  ratis.ContainerStateMachine (ContainerStateMachine.java:loadSnapshot(287)) - group-ED1FEFC56E0B: The snapshot info is null. Setting the last applied index to:(t:0, i:~)
2024-02-09 18:34:06,316 [5d91c0b9-cefc-489a-be2c-ee3cd3dcc3a0-groupManagement] INFO  server.RaftServerConfigKeys (ConfUtils.java:logGet(46)) - raft.server.log.use.memory = false (default)
2024-02-09 18:34:06,316 [5d91c0b9-cefc-489a-be2c-ee3cd3dcc3a0-groupManagement] INFO  server.RaftServerConfigKeys (ConfUtils.java:logGet(46)) - raft.server.log.purge.gap = 1000000 (custom)
2024-02-09 18:34:06,316 [5d91c0b9-cefc-489a-be2c-ee3cd3dcc3a0-groupManagement] INFO  server.RaftServerConfigKeys (ConfUtils.java:logGet(46)) - raft.server.log.appender.buffer.byte-limit = 8388608 (custom)
2024-02-09 18:34:06,316 [5d91c0b9-cefc-489a-be2c-ee3cd3dcc3a0-groupManagement] INFO  server.RaftServerConfigKeys (ConfUtils.java:logGet(46)) - raft.server.log.statemachine.data.read.timeout = 1000ms (default)
2024-02-09 18:34:06,316 [5d91c0b9-cefc-489a-be2c-ee3cd3dcc3a0-groupManagement] INFO  server.RaftServerConfigKeys (ConfUtils.java:logGet(46)) - raft.server.log.purge.preservation.log.num = 0 (default)
2024-02-09 18:34:06,317 [EventQueue-PipelineReportForPipelineReportHandler] INFO  pipeline.PipelineReportHandler (PipelineReportHandler.java:processPipelineReport(136)) - Opened pipeline PipelineID=76951b3b-86ba-49ad-bead-ed1fefc56e0b
2024-02-09 18:34:06,319 [5d91c0b9-cefc-489a-be2c-ee3cd3dcc3a0-groupManagement] INFO  server.RaftServerConfigKeys (ConfUtils.java:logGet(46)) - raft.server.log.segment.size.max = 67108864 (custom)
2024-02-09 18:34:06,319 [5d91c0b9-cefc-489a-be2c-ee3cd3dcc3a0-groupManagement] INFO  server.RaftServerConfigKeys (ConfUtils.java:logGet(46)) - raft.server.log.segment.cache.num.max = 2 (custom)
2024-02-09 18:34:06,319 [5d91c0b9-cefc-489a-be2c-ee3cd3dcc3a0-groupManagement] INFO  server.RaftServerConfigKeys (ConfUtils.java:logGet(46)) - raft.server.log.segment.cache.size.max = 200MB (=209715200) (default)
2024-02-09 18:34:06,319 [5d91c0b9-cefc-489a-be2c-ee3cd3dcc3a0-groupManagement] INFO  server.RaftServerConfigKeys (ConfUtils.java:logGet(46)) - raft.server.log.appender.buffer.byte-limit = 8388608 (custom)
2024-02-09 18:34:06,319 [5d91c0b9-cefc-489a-be2c-ee3cd3dcc3a0-groupManagement] INFO  util.AwaitToRun (AwaitToRun.java:start(81)) - Thread[5d91c0b9-cefc-489a-be2c-ee3cd3dcc3a0@group-ED1FEFC56E0B-cacheEviction-AwaitToRun,5,main] started
2024-02-09 18:34:06,319 [5d91c0b9-cefc-489a-be2c-ee3cd3dcc3a0-groupManagement] INFO  segmented.SegmentedRaftLogWorker (SegmentedRaftLogWorker.java:<init>(182)) - new 5d91c0b9-cefc-489a-be2c-ee3cd3dcc3a0@group-ED1FEFC56E0B-SegmentedRaftLogWorker for RaftStorageImpl:Storage Directory /home/runner/work/ozone/ozone/hadoop-ozone/integration-test/target/test-dir/MiniOzoneClusterImpl-2e7e0147-493e-4f7b-8772-843c2731e345/datanode-0/data/ratis/76951b3b-86ba-49ad-bead-ed1fefc56e0b
2024-02-09 18:34:06,319 [5d91c0b9-cefc-489a-be2c-ee3cd3dcc3a0-groupManagement] INFO  server.RaftServerConfigKeys (ConfUtils.java:logGet(46)) - raft.server.log.queue.byte-limit = 4294967296 (custom)
2024-02-09 18:34:06,319 [5d91c0b9-cefc-489a-be2c-ee3cd3dcc3a0-groupManagement] INFO  server.RaftServerConfigKeys (ConfUtils.java:logGet(46)) - raft.server.log.queue.element-limit = 1024 (custom)
2024-02-09 18:34:06,320 [5d91c0b9-cefc-489a-be2c-ee3cd3dcc3a0-groupManagement] INFO  server.RaftServerConfigKeys (ConfUtils.java:logGet(46)) - raft.server.log.segment.size.max = 67108864 (custom)
2024-02-09 18:34:06,320 [5d91c0b9-cefc-489a-be2c-ee3cd3dcc3a0-groupManagement] INFO  server.RaftServerConfigKeys (ConfUtils.java:logGet(46)) - raft.server.log.preallocated.size = 4194304 (custom)
2024-02-09 18:34:06,320 [5d91c0b9-cefc-489a-be2c-ee3cd3dcc3a0-groupManagement] INFO  server.RaftServerConfigKeys (ConfUtils.java:logGet(46)) - raft.server.log.force.sync.num = 128 (default)
2024-02-09 18:34:06,320 [5d91c0b9-cefc-489a-be2c-ee3cd3dcc3a0-groupManagement] INFO  server.RaftServerConfigKeys (ConfUtils.java:logGet(46)) - raft.server.log.statemachine.data.sync = true (default)
2024-02-09 18:34:06,320 [5d91c0b9-cefc-489a-be2c-ee3cd3dcc3a0-groupManagement] INFO  server.RaftServerConfigKeys (ConfUtils.java:logGet(46)) - raft.server.log.statemachine.data.sync.timeout = 10s (default)
2024-02-09 18:34:06,320 [5d91c0b9-cefc-489a-be2c-ee3cd3dcc3a0-groupManagement] INFO  server.RaftServerConfigKeys (ConfUtils.java:logGet(46)) - raft.server.log.statemachine.data.sync.timeout.retry = 0 (custom)
2024-02-09 18:34:06,320 [5d91c0b9-cefc-489a-be2c-ee3cd3dcc3a0-groupManagement] INFO  server.RaftServerConfigKeys (ConfUtils.java:logGet(46)) - raft.server.log.write.buffer.size = 8388616 (custom)
2024-02-09 18:34:06,320 [EventQueue-OpenPipelineForHealthyPipelineSafeModeRule] INFO  safemode.SCMSafeModeManager (HealthyPipelineSafeModeRule.java:process(140)) - SCM in safe mode. Healthy pipelines reported count is 0, required healthy pipeline reported count is 1
2024-02-09 18:34:06,322 [5d91c0b9-cefc-489a-be2c-ee3cd3dcc3a0-groupManagement] INFO  server.RaftServerConfigKeys (ConfUtils.java:logGet(46)) - raft.server.log.appender.buffer.byte-limit = 8388608 (custom)
2024-02-09 18:34:06,322 [5d91c0b9-cefc-489a-be2c-ee3cd3dcc3a0-groupManagement] INFO  server.RaftServerConfigKeys (ConfUtils.java:logGet(46)) - raft.server.log.unsafe-flush.enabled = false (default)
2024-02-09 18:34:06,322 [5d91c0b9-cefc-489a-be2c-ee3cd3dcc3a0-groupManagement] INFO  server.RaftServerConfigKeys (ConfUtils.java:logGet(46)) - raft.server.log.async-flush.enabled = false (default)
2024-02-09 18:34:06,322 [5d91c0b9-cefc-489a-be2c-ee3cd3dcc3a0-groupManagement] INFO  server.RaftServerConfigKeys (ConfUtils.java:logGet(46)) - raft.server.log.statemachine.data.caching.enabled = true (custom)
2024-02-09 18:34:06,322 [5d91c0b9-cefc-489a-be2c-ee3cd3dcc3a0-groupManagement] INFO  segmented.SegmentedRaftLogWorker (SegmentedRaftLogWorker.java:lambda$new$0(134)) - 5d91c0b9-cefc-489a-be2c-ee3cd3dcc3a0@group-ED1FEFC56E0B-SegmentedRaftLogWorker: flushIndex: setUnconditionally 0 -> -1
2024-02-09 18:34:06,322 [5d91c0b9-cefc-489a-be2c-ee3cd3dcc3a0-groupManagement] INFO  segmented.SegmentedRaftLogWorker (SegmentedRaftLogWorker.java:lambda$new$0(134)) - 5d91c0b9-cefc-489a-be2c-ee3cd3dcc3a0@group-ED1FEFC56E0B-SegmentedRaftLogWorker: safeCacheEvictIndex: setUnconditionally 0 -> -1
2024-02-09 18:34:06,322 [5d91c0b9-cefc-489a-be2c-ee3cd3dcc3a0-groupManagement] INFO  server.RaftServer$Division (RaftServerImpl.java:start(396)) - 5d91c0b9-cefc-489a-be2c-ee3cd3dcc3a0@group-ED1FEFC56E0B: start as a follower, conf=-1: peers:[5d91c0b9-cefc-489a-be2c-ee3cd3dcc3a0|10.1.0.43:15103]|listeners:[], old=null
2024-02-09 18:34:06,322 [5d91c0b9-cefc-489a-be2c-ee3cd3dcc3a0-groupManagement] INFO  server.RaftServer$Division (RaftServerImpl.java:setRole(383)) - 5d91c0b9-cefc-489a-be2c-ee3cd3dcc3a0@group-ED1FEFC56E0B: changes role from      null to FOLLOWER at term 0 for startAsFollower
2024-02-09 18:34:06,323 [5d91c0b9-cefc-489a-be2c-ee3cd3dcc3a0-groupManagement] INFO  impl.RoleInfo (RoleInfo.java:updateAndGet(139)) - 5d91c0b9-cefc-489a-be2c-ee3cd3dcc3a0: start 5d91c0b9-cefc-489a-be2c-ee3cd3dcc3a0@group-ED1FEFC56E0B-FollowerState
2024-02-09 18:34:06,323 [5d91c0b9-cefc-489a-be2c-ee3cd3dcc3a0-groupManagement] INFO  util.JmxRegister (JmxRegister.java:tryRegister(44)) - Successfully registered JMX Bean with object name Ratis:service=RaftServer,group=group-ED1FEFC56E0B,id=5d91c0b9-cefc-489a-be2c-ee3cd3dcc3a0
2024-02-09 18:34:06,323 [5d91c0b9-cefc-489a-be2c-ee3cd3dcc3a0-groupManagement] INFO  server.RaftServerConfigKeys (ConfUtils.java:logGet(46)) - raft.server.snapshot.trigger-when-stop.enabled = true (default)
2024-02-09 18:34:06,323 [5d91c0b9-cefc-489a-be2c-ee3cd3dcc3a0-groupManagement] INFO  server.RaftServerConfigKeys (ConfUtils.java:logGet(46)) - raft.server.snapshot.auto.trigger.enabled = true (custom)
2024-02-09 18:34:06,323 [5d91c0b9-cefc-489a-be2c-ee3cd3dcc3a0-groupManagement] INFO  server.RaftServerConfigKeys (ConfUtils.java:logGet(46)) - raft.server.snapshot.auto.trigger.threshold = 10000 (custom)
2024-02-09 18:34:06,323 [5d91c0b9-cefc-489a-be2c-ee3cd3dcc3a0-groupManagement] INFO  server.RaftServerConfigKeys (ConfUtils.java:logGet(46)) - raft.server.snapshot.retention.file.num = 5 (custom)
2024-02-09 18:34:06,323 [5d91c0b9-cefc-489a-be2c-ee3cd3dcc3a0-groupManagement] INFO  server.RaftServerConfigKeys (ConfUtils.java:logGet(46)) - raft.server.log.purge.upto.snapshot.index = false (default)
2024-02-09 18:34:06,323 [5d91c0b9-cefc-489a-be2c-ee3cd3dcc3a0@group-ED1FEFC56E0B-FollowerState] INFO  server.RaftServerConfigKeys (ConfUtils.java:logFallback(53)) - raft.server.rpc.first-election.timeout.min = 5s (fallback to raft.server.rpc.timeout.min)
2024-02-09 18:34:06,323 [5d91c0b9-cefc-489a-be2c-ee3cd3dcc3a0@group-ED1FEFC56E0B-FollowerState] INFO  server.RaftServerConfigKeys (ConfUtils.java:logFallback(53)) - raft.server.rpc.first-election.timeout.max = 5200ms (fallback to raft.server.rpc.timeout.max)
2024-02-09 18:34:06,324 [5d91c0b9-cefc-489a-be2c-ee3cd3dcc3a0-PipelineCommandHandlerThread-0] INFO  ratis.XceiverServerRatis (XceiverServerRatis.java:addGroup(864)) - Created group PipelineID=76951b3b-86ba-49ad-bead-ed1fefc56e0b
2024-02-09 18:34:06,324 [5d91c0b9-cefc-489a-be2c-ee3cd3dcc3a0-PipelineCommandHandlerThread-0] INFO  commandhandler.CreatePipelineCommandHandler (CreatePipelineCommandHandler.java:lambda$handle$2(124)) - Created Pipeline RATIS ONE PipelineID=76951b3b-86ba-49ad-bead-ed1fefc56e0b.
2024-02-09 18:34:06,324 [5d91c0b9-cefc-489a-be2c-ee3cd3dcc3a0-PipelineCommandHandlerThread-0] INFO  server.RaftServer (RaftServerProxy.java:addNew(100)) - 5d91c0b9-cefc-489a-be2c-ee3cd3dcc3a0: addNew group-030502AAF74F:[5d91c0b9-cefc-489a-be2c-ee3cd3dcc3a0|10.1.0.43:15103, 92c5164c-1af2-4faa-850f-17550d8861d5|10.1.0.43:15112, 6ea81ba3-4cc7-4d8f-90c6-66e0677302b1|10.1.0.43:15121] returns group-030502AAF74F:java.util.concurrent.CompletableFuture@7cd980a3[Not completed]
2024-02-09 18:34:06,325 [5d91c0b9-cefc-489a-be2c-ee3cd3dcc3a0-groupManagement] INFO  server.RaftServer$Division (RaftServerImpl.java:<init>(256)) - 5d91c0b9-cefc-489a-be2c-ee3cd3dcc3a0: new RaftServerImpl for group-030502AAF74F:[5d91c0b9-cefc-489a-be2c-ee3cd3dcc3a0|10.1.0.43:15103, 92c5164c-1af2-4faa-850f-17550d8861d5|10.1.0.43:15112, 6ea81ba3-4cc7-4d8f-90c6-66e0677302b1|10.1.0.43:15121] with ContainerStateMachine:uninitialized
2024-02-09 18:34:06,325 [5d91c0b9-cefc-489a-be2c-ee3cd3dcc3a0-groupManagement] INFO  server.RaftServerConfigKeys (ConfUtils.java:logGet(46)) - raft.server.rpc.timeout.min = 5s (custom)
2024-02-09 18:34:06,325 [5d91c0b9-cefc-489a-be2c-ee3cd3dcc3a0-groupManagement] INFO  server.RaftServerConfigKeys (ConfUtils.java:logGet(46)) - raft.server.rpc.timeout.max = 5200ms (custom)
2024-02-09 18:34:06,325 [5d91c0b9-cefc-489a-be2c-ee3cd3dcc3a0-groupManagement] INFO  server.RaftServerConfigKeys (ConfUtils.java:logGet(46)) - raft.server.rpc.sleep.time = 25ms (default)
2024-02-09 18:34:06,326 [5d91c0b9-cefc-489a-be2c-ee3cd3dcc3a0-groupManagement] INFO  server.RaftServerConfigKeys (ConfUtils.java:logGet(46)) - raft.server.rpc.slowness.timeout = 300000ms (custom)
2024-02-09 18:34:06,326 [5d91c0b9-cefc-489a-be2c-ee3cd3dcc3a0-groupManagement] INFO  server.RaftServerConfigKeys (ConfUtils.java:logGet(46)) - raft.server.leaderelection.leader.step-down.wait-time = 10s (default)
2024-02-09 18:34:06,326 [5d91c0b9-cefc-489a-be2c-ee3cd3dcc3a0-groupManagement] INFO  server.RaftServerConfigKeys (ConfUtils.java:logGet(46)) - raft.server.leaderelection.member.majority-add = false (default)
2024-02-09 18:34:06,326 [5d91c0b9-cefc-489a-be2c-ee3cd3dcc3a0-groupManagement] INFO  server.RaftServerConfigKeys (ConfUtils.java:logGet(46)) - raft.server.sleep.deviation.threshold = 300ms (default)
2024-02-09 18:34:06,326 [5d91c0b9-cefc-489a-be2c-ee3cd3dcc3a0-groupManagement] INFO  server.RaftServer$Division (ServerState.java:<init>(113)) - 5d91c0b9-cefc-489a-be2c-ee3cd3dcc3a0@group-030502AAF74F: ConfigurationManager, init=-1: peers:[5d91c0b9-cefc-489a-be2c-ee3cd3dcc3a0|10.1.0.43:15103, 92c5164c-1af2-4faa-850f-17550d8861d5|10.1.0.43:15112, 6ea81ba3-4cc7-4d8f-90c6-66e0677302b1|10.1.0.43:15121]|listeners:[], old=null, confs=<EMPTY_MAP>
2024-02-09 18:34:06,326 [5d91c0b9-cefc-489a-be2c-ee3cd3dcc3a0-groupManagement] INFO  server.RaftServerConfigKeys (ConfUtils.java:logGet(46)) - raft.server.notification.no-leader.timeout = 300000ms (custom)
2024-02-09 18:34:06,326 [5d91c0b9-cefc-489a-be2c-ee3cd3dcc3a0-groupManagement] INFO  server.RaftServerConfigKeys (ConfUtils.java:logGet(46)) - raft.server.read.timeout = 10s (default)
2024-02-09 18:34:06,326 [5d91c0b9-cefc-489a-be2c-ee3cd3dcc3a0-groupManagement] INFO  server.RaftServerConfigKeys (ConfUtils.java:logGet(46)) - raft.server.retrycache.expirytime = 600000ms (custom)
2024-02-09 18:34:06,326 [5d91c0b9-cefc-489a-be2c-ee3cd3dcc3a0-groupManagement] INFO  server.RaftServerConfigKeys (ConfUtils.java:logGet(46)) - raft.server.retrycache.statistics.expirytime = 100ms (default)
2024-02-09 18:34:06,327 [5d91c0b9-cefc-489a-be2c-ee3cd3dcc3a0-groupManagement] INFO  server.RaftServerConfigKeys (ConfUtils.java:logGet(46)) - raft.server.read.option = DEFAULT (default)
2024-02-09 18:34:06,327 [5d91c0b9-cefc-489a-be2c-ee3cd3dcc3a0-groupManagement] INFO  server.RaftServerConfigKeys (ConfUtils.java:logGet(46)) - raft.server.read.read-after-write-consistent.write-index-cache.expiry-time = 60s (default)
2024-02-09 18:34:06,328 [5d91c0b9-cefc-489a-be2c-ee3cd3dcc3a0-groupManagement] INFO  server.RaftServerConfigKeys (ConfUtils.java:logGet(46)) - raft.server.rpc.request.timeout = 3000ms (default)
2024-02-09 18:34:06,328 [5d91c0b9-cefc-489a-be2c-ee3cd3dcc3a0-groupManagement] INFO  server.RaftServerConfigKeys (ConfUtils.java:logGet(46)) - raft.server.log.appender.install.snapshot.enabled = false (custom)
2024-02-09 18:34:06,328 [5d91c0b9-cefc-489a-be2c-ee3cd3dcc3a0-groupManagement] INFO  server.RaftServerConfigKeys (ConfUtils.java:logGet(46)) - raft.server.threadpool.server.cached = true (default)
2024-02-09 18:34:06,329 [5d91c0b9-cefc-489a-be2c-ee3cd3dcc3a0-groupManagement] INFO  server.RaftServerConfigKeys (ConfUtils.java:logGet(46)) - raft.server.threadpool.server.size = 0 (default)
2024-02-09 18:34:06,329 [5d91c0b9-cefc-489a-be2c-ee3cd3dcc3a0-groupManagement] INFO  server.RaftServerConfigKeys (ConfUtils.java:logGet(46)) - raft.server.threadpool.client.cached = true (default)
2024-02-09 18:34:06,329 [5d91c0b9-cefc-489a-be2c-ee3cd3dcc3a0-groupManagement] INFO  server.RaftServerConfigKeys (ConfUtils.java:logGet(46)) - raft.server.threadpool.client.size = 0 (default)
2024-02-09 18:34:06,329 [5d91c0b9-cefc-489a-be2c-ee3cd3dcc3a0-groupManagement] INFO  server.RaftServerConfigKeys (ConfUtils.java:logGet(46)) - raft.server.storage.free-space.min = 0MB (=0) (default)
2024-02-09 18:34:06,329 [5d91c0b9-cefc-489a-be2c-ee3cd3dcc3a0-groupManagement] INFO  server.RaftServerConfigKeys (ConfUtils.java:logGet(46)) - raft.server.log.corruption.policy = EXCEPTION (default)
2024-02-09 18:34:06,329 [5d91c0b9-cefc-489a-be2c-ee3cd3dcc3a0-groupManagement] INFO  server.RaftServerConfigKeys (ConfUtils.java:logGet(46)) - raft.server.storage.dir = [/home/runner/work/ozone/ozone/hadoop-ozone/integration-test/target/test-dir/MiniOzoneClusterImpl-2e7e0147-493e-4f7b-8772-843c2731e345/datanode-0/data/ratis] (custom)
2024-02-09 18:34:06,329 [5d91c0b9-cefc-489a-be2c-ee3cd3dcc3a0-groupManagement] INFO  storage.RaftStorageDirectory (RaftStorageDirectoryImpl.java:analyzeStorage(138)) - The storage directory /home/runner/work/ozone/ozone/hadoop-ozone/integration-test/target/test-dir/MiniOzoneClusterImpl-2e7e0147-493e-4f7b-8772-843c2731e345/datanode-0/data/ratis/c6501ec1-e64e-4456-98ff-030502aaf74f does not exist. Creating ...
2024-02-09 18:34:06,330 [5d91c0b9-cefc-489a-be2c-ee3cd3dcc3a0-groupManagement] INFO  storage.RaftStorageDirectory (RaftStorageDirectoryImpl.java:tryLock(228)) - Lock on /home/runner/work/ozone/ozone/hadoop-ozone/integration-test/target/test-dir/MiniOzoneClusterImpl-2e7e0147-493e-4f7b-8772-843c2731e345/datanode-0/data/ratis/c6501ec1-e64e-4456-98ff-030502aaf74f/in_use.lock acquired by nodename 37674@fv-az1241-572
2024-02-09 18:34:06,331 [5d91c0b9-cefc-489a-be2c-ee3cd3dcc3a0-groupManagement] INFO  storage.RaftStorage (RaftStorageImpl.java:format(99)) - Storage directory /home/runner/work/ozone/ozone/hadoop-ozone/integration-test/target/test-dir/MiniOzoneClusterImpl-2e7e0147-493e-4f7b-8772-843c2731e345/datanode-0/data/ratis/c6501ec1-e64e-4456-98ff-030502aaf74f has been successfully formatted.
2024-02-09 18:34:06,331 [5d91c0b9-cefc-489a-be2c-ee3cd3dcc3a0-groupManagement] WARN  util.FileUtils (LogUtils.java:supplyAndLog(63)) - Failed to Files.newInputStream /home/runner/work/ozone/ozone/hadoop-ozone/integration-test/target/test-dir/MiniOzoneClusterImpl-2e7e0147-493e-4f7b-8772-843c2731e345/datanode-0/data/ratis/c6501ec1-e64e-4456-98ff-030502aaf74f/current/raft-meta.conf with options []: java.nio.file.NoSuchFileException: /home/runner/work/ozone/ozone/hadoop-ozone/integration-test/target/test-dir/MiniOzoneClusterImpl-2e7e0147-493e-4f7b-8772-843c2731e345/datanode-0/data/ratis/c6501ec1-e64e-4456-98ff-030502aaf74f/current/raft-meta.conf
2024-02-09 18:34:06,331 [5d91c0b9-cefc-489a-be2c-ee3cd3dcc3a0-groupManagement] INFO  ratis.ContainerStateMachine (ContainerStateMachine.java:loadSnapshot(287)) - group-030502AAF74F: The snapshot info is null. Setting the last applied index to:(t:0, i:~)
2024-02-09 18:34:06,331 [5d91c0b9-cefc-489a-be2c-ee3cd3dcc3a0-groupManagement] INFO  server.RaftServerConfigKeys (ConfUtils.java:logGet(46)) - raft.server.log.use.memory = false (default)
2024-02-09 18:34:06,331 [5d91c0b9-cefc-489a-be2c-ee3cd3dcc3a0-groupManagement] INFO  server.RaftServerConfigKeys (ConfUtils.java:logGet(46)) - raft.server.log.purge.gap = 1000000 (custom)
2024-02-09 18:34:06,332 [5d91c0b9-cefc-489a-be2c-ee3cd3dcc3a0-groupManagement] INFO  server.RaftServerConfigKeys (ConfUtils.java:logGet(46)) - raft.server.log.appender.buffer.byte-limit = 8388608 (custom)
2024-02-09 18:34:06,332 [5d91c0b9-cefc-489a-be2c-ee3cd3dcc3a0-groupManagement] INFO  server.RaftServerConfigKeys (ConfUtils.java:logGet(46)) - raft.server.log.statemachine.data.read.timeout = 1000ms (default)
2024-02-09 18:34:06,332 [5d91c0b9-cefc-489a-be2c-ee3cd3dcc3a0-groupManagement] INFO  server.RaftServerConfigKeys (ConfUtils.java:logGet(46)) - raft.server.log.purge.preservation.log.num = 0 (default)
2024-02-09 18:34:06,332 [EventQueue-OpenPipelineForHealthyPipelineSafeModeRule] INFO  safemode.SCMSafeModeManager (HealthyPipelineSafeModeRule.java:process(140)) - SCM in safe mode. Healthy pipelines reported count is 0, required healthy pipeline reported count is 1
2024-02-09 18:34:06,333 [5d91c0b9-cefc-489a-be2c-ee3cd3dcc3a0-groupManagement] INFO  server.RaftServerConfigKeys (ConfUtils.java:logGet(46)) - raft.server.log.segment.size.max = 67108864 (custom)
2024-02-09 18:34:06,334 [5d91c0b9-cefc-489a-be2c-ee3cd3dcc3a0-groupManagement] INFO  server.RaftServerConfigKeys (ConfUtils.java:logGet(46)) - raft.server.log.segment.cache.num.max = 2 (custom)
2024-02-09 18:34:06,334 [5d91c0b9-cefc-489a-be2c-ee3cd3dcc3a0-groupManagement] INFO  server.RaftServerConfigKeys (ConfUtils.java:logGet(46)) - raft.server.log.segment.cache.size.max = 200MB (=209715200) (default)
2024-02-09 18:34:06,334 [5d91c0b9-cefc-489a-be2c-ee3cd3dcc3a0-groupManagement] INFO  server.RaftServerConfigKeys (ConfUtils.java:logGet(46)) - raft.server.log.appender.buffer.byte-limit = 8388608 (custom)
2024-02-09 18:34:06,334 [5d91c0b9-cefc-489a-be2c-ee3cd3dcc3a0-groupManagement] INFO  util.AwaitToRun (AwaitToRun.java:start(81)) - Thread[5d91c0b9-cefc-489a-be2c-ee3cd3dcc3a0@group-030502AAF74F-cacheEviction-AwaitToRun,5,main] started
2024-02-09 18:34:06,334 [5d91c0b9-cefc-489a-be2c-ee3cd3dcc3a0-groupManagement] INFO  segmented.SegmentedRaftLogWorker (SegmentedRaftLogWorker.java:<init>(182)) - new 5d91c0b9-cefc-489a-be2c-ee3cd3dcc3a0@group-030502AAF74F-SegmentedRaftLogWorker for RaftStorageImpl:Storage Directory /home/runner/work/ozone/ozone/hadoop-ozone/integration-test/target/test-dir/MiniOzoneClusterImpl-2e7e0147-493e-4f7b-8772-843c2731e345/datanode-0/data/ratis/c6501ec1-e64e-4456-98ff-030502aaf74f
2024-02-09 18:34:06,334 [5d91c0b9-cefc-489a-be2c-ee3cd3dcc3a0-groupManagement] INFO  server.RaftServerConfigKeys (ConfUtils.java:logGet(46)) - raft.server.log.queue.byte-limit = 4294967296 (custom)
2024-02-09 18:34:06,335 [5d91c0b9-cefc-489a-be2c-ee3cd3dcc3a0-groupManagement] INFO  server.RaftServerConfigKeys (ConfUtils.java:logGet(46)) - raft.server.log.queue.element-limit = 1024 (custom)
2024-02-09 18:34:06,335 [5d91c0b9-cefc-489a-be2c-ee3cd3dcc3a0-groupManagement] INFO  server.RaftServerConfigKeys (ConfUtils.java:logGet(46)) - raft.server.log.segment.size.max = 67108864 (custom)
2024-02-09 18:34:06,335 [5d91c0b9-cefc-489a-be2c-ee3cd3dcc3a0-groupManagement] INFO  server.RaftServerConfigKeys (ConfUtils.java:logGet(46)) - raft.server.log.preallocated.size = 4194304 (custom)
2024-02-09 18:34:06,335 [5d91c0b9-cefc-489a-be2c-ee3cd3dcc3a0-groupManagement] INFO  server.RaftServerConfigKeys (ConfUtils.java:logGet(46)) - raft.server.log.force.sync.num = 128 (default)
2024-02-09 18:34:06,335 [5d91c0b9-cefc-489a-be2c-ee3cd3dcc3a0-groupManagement] INFO  server.RaftServerConfigKeys (ConfUtils.java:logGet(46)) - raft.server.log.statemachine.data.sync = true (default)
2024-02-09 18:34:06,335 [5d91c0b9-cefc-489a-be2c-ee3cd3dcc3a0-groupManagement] INFO  server.RaftServerConfigKeys (ConfUtils.java:logGet(46)) - raft.server.log.statemachine.data.sync.timeout = 10s (default)
2024-02-09 18:34:06,335 [5d91c0b9-cefc-489a-be2c-ee3cd3dcc3a0-groupManagement] INFO  server.RaftServerConfigKeys (ConfUtils.java:logGet(46)) - raft.server.log.statemachine.data.sync.timeout.retry = 0 (custom)
2024-02-09 18:34:06,335 [5d91c0b9-cefc-489a-be2c-ee3cd3dcc3a0-groupManagement] INFO  server.RaftServerConfigKeys (ConfUtils.java:logGet(46)) - raft.server.log.write.buffer.size = 8388616 (custom)
2024-02-09 18:34:06,337 [5d91c0b9-cefc-489a-be2c-ee3cd3dcc3a0-groupManagement] INFO  server.RaftServerConfigKeys (ConfUtils.java:logGet(46)) - raft.server.log.appender.buffer.byte-limit = 8388608 (custom)
2024-02-09 18:34:06,337 [5d91c0b9-cefc-489a-be2c-ee3cd3dcc3a0-groupManagement] INFO  server.RaftServerConfigKeys (ConfUtils.java:logGet(46)) - raft.server.log.unsafe-flush.enabled = false (default)
2024-02-09 18:34:06,337 [5d91c0b9-cefc-489a-be2c-ee3cd3dcc3a0-groupManagement] INFO  server.RaftServerConfigKeys (ConfUtils.java:logGet(46)) - raft.server.log.async-flush.enabled = false (default)
2024-02-09 18:34:06,337 [5d91c0b9-cefc-489a-be2c-ee3cd3dcc3a0-groupManagement] INFO  server.RaftServerConfigKeys (ConfUtils.java:logGet(46)) - raft.server.log.statemachine.data.caching.enabled = true (custom)
2024-02-09 18:34:06,337 [5d91c0b9-cefc-489a-be2c-ee3cd3dcc3a0-groupManagement] INFO  segmented.SegmentedRaftLogWorker (SegmentedRaftLogWorker.java:lambda$new$0(134)) - 5d91c0b9-cefc-489a-be2c-ee3cd3dcc3a0@group-030502AAF74F-SegmentedRaftLogWorker: flushIndex: setUnconditionally 0 -> -1
2024-02-09 18:34:06,338 [5d91c0b9-cefc-489a-be2c-ee3cd3dcc3a0-groupManagement] INFO  segmented.SegmentedRaftLogWorker (SegmentedRaftLogWorker.java:lambda$new$0(134)) - 5d91c0b9-cefc-489a-be2c-ee3cd3dcc3a0@group-030502AAF74F-SegmentedRaftLogWorker: safeCacheEvictIndex: setUnconditionally 0 -> -1
2024-02-09 18:34:06,338 [5d91c0b9-cefc-489a-be2c-ee3cd3dcc3a0-groupManagement] INFO  server.RaftServer$Division (RaftServerImpl.java:start(396)) - 5d91c0b9-cefc-489a-be2c-ee3cd3dcc3a0@group-030502AAF74F: start as a follower, conf=-1: peers:[5d91c0b9-cefc-489a-be2c-ee3cd3dcc3a0|10.1.0.43:15103, 92c5164c-1af2-4faa-850f-17550d8861d5|10.1.0.43:15112, 6ea81ba3-4cc7-4d8f-90c6-66e0677302b1|10.1.0.43:15121]|listeners:[], old=null
2024-02-09 18:34:06,338 [5d91c0b9-cefc-489a-be2c-ee3cd3dcc3a0-groupManagement] INFO  server.RaftServer$Division (RaftServerImpl.java:setRole(383)) - 5d91c0b9-cefc-489a-be2c-ee3cd3dcc3a0@group-030502AAF74F: changes role from      null to FOLLOWER at term 0 for startAsFollower
2024-02-09 18:34:06,338 [5d91c0b9-cefc-489a-be2c-ee3cd3dcc3a0-groupManagement] INFO  impl.RoleInfo (RoleInfo.java:updateAndGet(139)) - 5d91c0b9-cefc-489a-be2c-ee3cd3dcc3a0: start 5d91c0b9-cefc-489a-be2c-ee3cd3dcc3a0@group-030502AAF74F-FollowerState
2024-02-09 18:34:06,347 [5d91c0b9-cefc-489a-be2c-ee3cd3dcc3a0@group-030502AAF74F-FollowerState] INFO  server.RaftServerConfigKeys (ConfUtils.java:logFallback(53)) - raft.server.rpc.first-election.timeout.min = 5s (fallback to raft.server.rpc.timeout.min)
2024-02-09 18:34:06,347 [5d91c0b9-cefc-489a-be2c-ee3cd3dcc3a0@group-030502AAF74F-FollowerState] INFO  server.RaftServerConfigKeys (ConfUtils.java:logFallback(53)) - raft.server.rpc.first-election.timeout.max = 5200ms (fallback to raft.server.rpc.timeout.max)
2024-02-09 18:34:06,347 [5d91c0b9-cefc-489a-be2c-ee3cd3dcc3a0-groupManagement] INFO  util.JmxRegister (JmxRegister.java:tryRegister(44)) - Successfully registered JMX Bean with object name Ratis:service=RaftServer,group=group-030502AAF74F,id=5d91c0b9-cefc-489a-be2c-ee3cd3dcc3a0
2024-02-09 18:34:06,348 [5d91c0b9-cefc-489a-be2c-ee3cd3dcc3a0-groupManagement] INFO  server.RaftServerConfigKeys (ConfUtils.java:logGet(46)) - raft.server.snapshot.trigger-when-stop.enabled = true (default)
2024-02-09 18:34:06,348 [5d91c0b9-cefc-489a-be2c-ee3cd3dcc3a0-groupManagement] INFO  server.RaftServerConfigKeys (ConfUtils.java:logGet(46)) - raft.server.snapshot.auto.trigger.enabled = true (custom)
2024-02-09 18:34:06,348 [5d91c0b9-cefc-489a-be2c-ee3cd3dcc3a0-groupManagement] INFO  server.RaftServerConfigKeys (ConfUtils.java:logGet(46)) - raft.server.snapshot.auto.trigger.threshold = 10000 (custom)
2024-02-09 18:34:06,348 [5d91c0b9-cefc-489a-be2c-ee3cd3dcc3a0-groupManagement] INFO  server.RaftServerConfigKeys (ConfUtils.java:logGet(46)) - raft.server.snapshot.retention.file.num = 5 (custom)
2024-02-09 18:34:06,348 [5d91c0b9-cefc-489a-be2c-ee3cd3dcc3a0-groupManagement] INFO  server.RaftServerConfigKeys (ConfUtils.java:logGet(46)) - raft.server.log.purge.upto.snapshot.index = false (default)
2024-02-09 18:34:06,348 [5d91c0b9-cefc-489a-be2c-ee3cd3dcc3a0-PipelineCommandHandlerThread-0] INFO  ratis.XceiverServerRatis (XceiverServerRatis.java:addGroup(864)) - Created group PipelineID=c6501ec1-e64e-4456-98ff-030502aaf74f
2024-02-09 18:34:06,365 [grpc-default-executor-0] INFO  server.RaftServer (RaftServerProxy.java:addNew(100)) - 6ea81ba3-4cc7-4d8f-90c6-66e0677302b1: addNew group-030502AAF74F:[5d91c0b9-cefc-489a-be2c-ee3cd3dcc3a0|10.1.0.43:15103, 92c5164c-1af2-4faa-850f-17550d8861d5|10.1.0.43:15112, 6ea81ba3-4cc7-4d8f-90c6-66e0677302b1|10.1.0.43:15121] returns group-030502AAF74F:java.util.concurrent.CompletableFuture@1e74bfd3[Not completed]
2024-02-09 18:34:06,366 [6ea81ba3-4cc7-4d8f-90c6-66e0677302b1-groupManagement] INFO  server.RaftServer$Division (RaftServerImpl.java:<init>(256)) - 6ea81ba3-4cc7-4d8f-90c6-66e0677302b1: new RaftServerImpl for group-030502AAF74F:[5d91c0b9-cefc-489a-be2c-ee3cd3dcc3a0|10.1.0.43:15103, 92c5164c-1af2-4faa-850f-17550d8861d5|10.1.0.43:15112, 6ea81ba3-4cc7-4d8f-90c6-66e0677302b1|10.1.0.43:15121] with ContainerStateMachine:uninitialized
2024-02-09 18:34:06,366 [6ea81ba3-4cc7-4d8f-90c6-66e0677302b1-groupManagement] INFO  server.RaftServerConfigKeys (ConfUtils.java:logGet(46)) - raft.server.rpc.timeout.min = 5s (custom)
2024-02-09 18:34:06,366 [6ea81ba3-4cc7-4d8f-90c6-66e0677302b1-groupManagement] INFO  server.RaftServerConfigKeys (ConfUtils.java:logGet(46)) - raft.server.rpc.timeout.max = 5200ms (custom)
2024-02-09 18:34:06,366 [6ea81ba3-4cc7-4d8f-90c6-66e0677302b1-groupManagement] INFO  server.RaftServerConfigKeys (ConfUtils.java:logGet(46)) - raft.server.rpc.sleep.time = 25ms (default)
2024-02-09 18:34:06,366 [6ea81ba3-4cc7-4d8f-90c6-66e0677302b1-groupManagement] INFO  server.RaftServerConfigKeys (ConfUtils.java:logGet(46)) - raft.server.rpc.slowness.timeout = 300000ms (custom)
2024-02-09 18:34:06,366 [6ea81ba3-4cc7-4d8f-90c6-66e0677302b1-groupManagement] INFO  server.RaftServerConfigKeys (ConfUtils.java:logGet(46)) - raft.server.leaderelection.leader.step-down.wait-time = 10s (default)
2024-02-09 18:34:06,367 [6ea81ba3-4cc7-4d8f-90c6-66e0677302b1-groupManagement] INFO  server.RaftServerConfigKeys (ConfUtils.java:logGet(46)) - raft.server.leaderelection.member.majority-add = false (default)
2024-02-09 18:34:06,367 [6ea81ba3-4cc7-4d8f-90c6-66e0677302b1-groupManagement] INFO  server.RaftServerConfigKeys (ConfUtils.java:logGet(46)) - raft.server.sleep.deviation.threshold = 300ms (default)
2024-02-09 18:34:06,367 [6ea81ba3-4cc7-4d8f-90c6-66e0677302b1-groupManagement] INFO  server.RaftServer$Division (ServerState.java:<init>(113)) - 6ea81ba3-4cc7-4d8f-90c6-66e0677302b1@group-030502AAF74F: ConfigurationManager, init=-1: peers:[5d91c0b9-cefc-489a-be2c-ee3cd3dcc3a0|10.1.0.43:15103, 92c5164c-1af2-4faa-850f-17550d8861d5|10.1.0.43:15112, 6ea81ba3-4cc7-4d8f-90c6-66e0677302b1|10.1.0.43:15121]|listeners:[], old=null, confs=<EMPTY_MAP>
2024-02-09 18:34:06,367 [6ea81ba3-4cc7-4d8f-90c6-66e0677302b1-groupManagement] INFO  server.RaftServerConfigKeys (ConfUtils.java:logGet(46)) - raft.server.notification.no-leader.timeout = 300000ms (custom)
2024-02-09 18:34:06,367 [6ea81ba3-4cc7-4d8f-90c6-66e0677302b1-groupManagement] INFO  server.RaftServerConfigKeys (ConfUtils.java:logGet(46)) - raft.server.read.timeout = 10s (default)
2024-02-09 18:34:06,367 [6ea81ba3-4cc7-4d8f-90c6-66e0677302b1-groupManagement] INFO  server.RaftServerConfigKeys (ConfUtils.java:logGet(46)) - raft.server.retrycache.expirytime = 600000ms (custom)
2024-02-09 18:34:06,367 [6ea81ba3-4cc7-4d8f-90c6-66e0677302b1-groupManagement] INFO  server.RaftServerConfigKeys (ConfUtils.java:logGet(46)) - raft.server.retrycache.statistics.expirytime = 100ms (default)
2024-02-09 18:34:06,367 [6ea81ba3-4cc7-4d8f-90c6-66e0677302b1-groupManagement] INFO  server.RaftServerConfigKeys (ConfUtils.java:logGet(46)) - raft.server.read.option = DEFAULT (default)
2024-02-09 18:34:06,367 [6ea81ba3-4cc7-4d8f-90c6-66e0677302b1-groupManagement] INFO  server.RaftServerConfigKeys (ConfUtils.java:logGet(46)) - raft.server.read.read-after-write-consistent.write-index-cache.expiry-time = 60s (default)
2024-02-09 18:34:06,397 [6ea81ba3-4cc7-4d8f-90c6-66e0677302b1-groupManagement] INFO  server.RaftServerConfigKeys (ConfUtils.java:logGet(46)) - raft.server.rpc.request.timeout = 3000ms (default)
2024-02-09 18:34:06,397 [6ea81ba3-4cc7-4d8f-90c6-66e0677302b1-groupManagement] INFO  server.RaftServerConfigKeys (ConfUtils.java:logGet(46)) - raft.server.log.appender.install.snapshot.enabled = false (custom)
2024-02-09 18:34:06,397 [6ea81ba3-4cc7-4d8f-90c6-66e0677302b1-groupManagement] INFO  server.RaftServerConfigKeys (ConfUtils.java:logGet(46)) - raft.server.threadpool.server.cached = true (default)
2024-02-09 18:34:06,397 [6ea81ba3-4cc7-4d8f-90c6-66e0677302b1-groupManagement] INFO  server.RaftServerConfigKeys (ConfUtils.java:logGet(46)) - raft.server.threadpool.server.size = 0 (default)
2024-02-09 18:34:06,397 [6ea81ba3-4cc7-4d8f-90c6-66e0677302b1-groupManagement] INFO  server.RaftServerConfigKeys (ConfUtils.java:logGet(46)) - raft.server.threadpool.client.cached = true (default)
2024-02-09 18:34:06,397 [6ea81ba3-4cc7-4d8f-90c6-66e0677302b1-groupManagement] INFO  server.RaftServerConfigKeys (ConfUtils.java:logGet(46)) - raft.server.threadpool.client.size = 0 (default)
2024-02-09 18:34:06,397 [6ea81ba3-4cc7-4d8f-90c6-66e0677302b1-groupManagement] INFO  server.RaftServerConfigKeys (ConfUtils.java:logGet(46)) - raft.server.storage.free-space.min = 0MB (=0) (default)
2024-02-09 18:34:06,398 [6ea81ba3-4cc7-4d8f-90c6-66e0677302b1-groupManagement] INFO  server.RaftServerConfigKeys (ConfUtils.java:logGet(46)) - raft.server.log.corruption.policy = EXCEPTION (default)
2024-02-09 18:34:06,398 [6ea81ba3-4cc7-4d8f-90c6-66e0677302b1-groupManagement] INFO  server.RaftServerConfigKeys (ConfUtils.java:logGet(46)) - raft.server.storage.dir = [/home/runner/work/ozone/ozone/hadoop-ozone/integration-test/target/test-dir/MiniOzoneClusterImpl-2e7e0147-493e-4f7b-8772-843c2731e345/datanode-2/data/ratis] (custom)
2024-02-09 18:34:06,398 [6ea81ba3-4cc7-4d8f-90c6-66e0677302b1-groupManagement] INFO  storage.RaftStorageDirectory (RaftStorageDirectoryImpl.java:analyzeStorage(138)) - The storage directory /home/runner/work/ozone/ozone/hadoop-ozone/integration-test/target/test-dir/MiniOzoneClusterImpl-2e7e0147-493e-4f7b-8772-843c2731e345/datanode-2/data/ratis/c6501ec1-e64e-4456-98ff-030502aaf74f does not exist. Creating ...
2024-02-09 18:34:06,399 [6ea81ba3-4cc7-4d8f-90c6-66e0677302b1-groupManagement] INFO  storage.RaftStorageDirectory (RaftStorageDirectoryImpl.java:tryLock(228)) - Lock on /home/runner/work/ozone/ozone/hadoop-ozone/integration-test/target/test-dir/MiniOzoneClusterImpl-2e7e0147-493e-4f7b-8772-843c2731e345/datanode-2/data/ratis/c6501ec1-e64e-4456-98ff-030502aaf74f/in_use.lock acquired by nodename 37674@fv-az1241-572
2024-02-09 18:34:06,406 [92c5164c-1af2-4faa-850f-17550d8861d5-PipelineCommandHandlerThread-0] INFO  server.RaftServer (RaftServerProxy.java:addNew(100)) - 92c5164c-1af2-4faa-850f-17550d8861d5: addNew group-26729CAD3E72:[92c5164c-1af2-4faa-850f-17550d8861d5|10.1.0.43:15112] returns group-26729CAD3E72:java.util.concurrent.CompletableFuture@1e01db46[Not completed]
2024-02-09 18:34:06,407 [92c5164c-1af2-4faa-850f-17550d8861d5-groupManagement] INFO  server.RaftServer$Division (RaftServerImpl.java:<init>(256)) - 92c5164c-1af2-4faa-850f-17550d8861d5: new RaftServerImpl for group-26729CAD3E72:[92c5164c-1af2-4faa-850f-17550d8861d5|10.1.0.43:15112] with ContainerStateMachine:uninitialized
2024-02-09 18:34:06,407 [6ea81ba3-4cc7-4d8f-90c6-66e0677302b1-groupManagement] INFO  storage.RaftStorage (RaftStorageImpl.java:format(99)) - Storage directory /home/runner/work/ozone/ozone/hadoop-ozone/integration-test/target/test-dir/MiniOzoneClusterImpl-2e7e0147-493e-4f7b-8772-843c2731e345/datanode-2/data/ratis/c6501ec1-e64e-4456-98ff-030502aaf74f has been successfully formatted.
2024-02-09 18:34:06,407 [6ea81ba3-4cc7-4d8f-90c6-66e0677302b1-groupManagement] WARN  util.FileUtils (LogUtils.java:supplyAndLog(63)) - Failed to Files.newInputStream /home/runner/work/ozone/ozone/hadoop-ozone/integration-test/target/test-dir/MiniOzoneClusterImpl-2e7e0147-493e-4f7b-8772-843c2731e345/datanode-2/data/ratis/c6501ec1-e64e-4456-98ff-030502aaf74f/current/raft-meta.conf with options []: java.nio.file.NoSuchFileException: /home/runner/work/ozone/ozone/hadoop-ozone/integration-test/target/test-dir/MiniOzoneClusterImpl-2e7e0147-493e-4f7b-8772-843c2731e345/datanode-2/data/ratis/c6501ec1-e64e-4456-98ff-030502aaf74f/current/raft-meta.conf
2024-02-09 18:34:06,408 [6ea81ba3-4cc7-4d8f-90c6-66e0677302b1-groupManagement] INFO  ratis.ContainerStateMachine (ContainerStateMachine.java:loadSnapshot(287)) - group-030502AAF74F: The snapshot info is null. Setting the last applied index to:(t:0, i:~)
2024-02-09 18:34:06,408 [6ea81ba3-4cc7-4d8f-90c6-66e0677302b1-groupManagement] INFO  server.RaftServerConfigKeys (ConfUtils.java:logGet(46)) - raft.server.log.use.memory = false (default)
2024-02-09 18:34:06,408 [6ea81ba3-4cc7-4d8f-90c6-66e0677302b1-groupManagement] INFO  server.RaftServerConfigKeys (ConfUtils.java:logGet(46)) - raft.server.log.purge.gap = 1000000 (custom)
2024-02-09 18:34:06,408 [6ea81ba3-4cc7-4d8f-90c6-66e0677302b1-groupManagement] INFO  server.RaftServerConfigKeys (ConfUtils.java:logGet(46)) - raft.server.log.appender.buffer.byte-limit = 8388608 (custom)
2024-02-09 18:34:06,408 [6ea81ba3-4cc7-4d8f-90c6-66e0677302b1-groupManagement] INFO  server.RaftServerConfigKeys (ConfUtils.java:logGet(46)) - raft.server.log.statemachine.data.read.timeout = 1000ms (default)
2024-02-09 18:34:06,408 [6ea81ba3-4cc7-4d8f-90c6-66e0677302b1-groupManagement] INFO  server.RaftServerConfigKeys (ConfUtils.java:logGet(46)) - raft.server.log.purge.preservation.log.num = 0 (default)
2024-02-09 18:34:06,409 [6ea81ba3-4cc7-4d8f-90c6-66e0677302b1-groupManagement] INFO  server.RaftServerConfigKeys (ConfUtils.java:logGet(46)) - raft.server.log.segment.size.max = 67108864 (custom)
2024-02-09 18:34:06,409 [6ea81ba3-4cc7-4d8f-90c6-66e0677302b1-groupManagement] INFO  server.RaftServerConfigKeys (ConfUtils.java:logGet(46)) - raft.server.log.segment.cache.num.max = 2 (custom)
2024-02-09 18:34:06,409 [6ea81ba3-4cc7-4d8f-90c6-66e0677302b1-groupManagement] INFO  server.RaftServerConfigKeys (ConfUtils.java:logGet(46)) - raft.server.log.segment.cache.size.max = 200MB (=209715200) (default)
2024-02-09 18:34:06,410 [6ea81ba3-4cc7-4d8f-90c6-66e0677302b1-groupManagement] INFO  server.RaftServerConfigKeys (ConfUtils.java:logGet(46)) - raft.server.log.appender.buffer.byte-limit = 8388608 (custom)
2024-02-09 18:34:06,410 [6ea81ba3-4cc7-4d8f-90c6-66e0677302b1-groupManagement] INFO  util.AwaitToRun (AwaitToRun.java:start(81)) - Thread[6ea81ba3-4cc7-4d8f-90c6-66e0677302b1@group-030502AAF74F-cacheEviction-AwaitToRun,5,main] started
2024-02-09 18:34:06,410 [6ea81ba3-4cc7-4d8f-90c6-66e0677302b1-groupManagement] INFO  segmented.SegmentedRaftLogWorker (SegmentedRaftLogWorker.java:<init>(182)) - new 6ea81ba3-4cc7-4d8f-90c6-66e0677302b1@group-030502AAF74F-SegmentedRaftLogWorker for RaftStorageImpl:Storage Directory /home/runner/work/ozone/ozone/hadoop-ozone/integration-test/target/test-dir/MiniOzoneClusterImpl-2e7e0147-493e-4f7b-8772-843c2731e345/datanode-2/data/ratis/c6501ec1-e64e-4456-98ff-030502aaf74f
2024-02-09 18:34:06,410 [6ea81ba3-4cc7-4d8f-90c6-66e0677302b1-groupManagement] INFO  server.RaftServerConfigKeys (ConfUtils.java:logGet(46)) - raft.server.log.queue.byte-limit = 4294967296 (custom)
2024-02-09 18:34:06,410 [6ea81ba3-4cc7-4d8f-90c6-66e0677302b1-groupManagement] INFO  server.RaftServerConfigKeys (ConfUtils.java:logGet(46)) - raft.server.log.queue.element-limit = 1024 (custom)
2024-02-09 18:34:06,410 [6ea81ba3-4cc7-4d8f-90c6-66e0677302b1-groupManagement] INFO  server.RaftServerConfigKeys (ConfUtils.java:logGet(46)) - raft.server.log.segment.size.max = 67108864 (custom)
2024-02-09 18:34:06,410 [6ea81ba3-4cc7-4d8f-90c6-66e0677302b1-groupManagement] INFO  server.RaftServerConfigKeys (ConfUtils.java:logGet(46)) - raft.server.log.preallocated.size = 4194304 (custom)
2024-02-09 18:34:06,410 [6ea81ba3-4cc7-4d8f-90c6-66e0677302b1-groupManagement] INFO  server.RaftServerConfigKeys (ConfUtils.java:logGet(46)) - raft.server.log.force.sync.num = 128 (default)
2024-02-09 18:34:06,410 [6ea81ba3-4cc7-4d8f-90c6-66e0677302b1-groupManagement] INFO  server.RaftServerConfigKeys (ConfUtils.java:logGet(46)) - raft.server.log.statemachine.data.sync = true (default)
2024-02-09 18:34:06,410 [6ea81ba3-4cc7-4d8f-90c6-66e0677302b1-groupManagement] INFO  server.RaftServerConfigKeys (ConfUtils.java:logGet(46)) - raft.server.log.statemachine.data.sync.timeout = 10s (default)
2024-02-09 18:34:06,411 [6ea81ba3-4cc7-4d8f-90c6-66e0677302b1-groupManagement] INFO  server.RaftServerConfigKeys (ConfUtils.java:logGet(46)) - raft.server.log.statemachine.data.sync.timeout.retry = 0 (custom)
2024-02-09 18:34:06,411 [6ea81ba3-4cc7-4d8f-90c6-66e0677302b1-groupManagement] INFO  server.RaftServerConfigKeys (ConfUtils.java:logGet(46)) - raft.server.log.write.buffer.size = 8388616 (custom)
2024-02-09 18:34:06,411 [92c5164c-1af2-4faa-850f-17550d8861d5-groupManagement] INFO  server.RaftServerConfigKeys (ConfUtils.java:logGet(46)) - raft.server.rpc.timeout.min = 5s (custom)
2024-02-09 18:34:06,412 [92c5164c-1af2-4faa-850f-17550d8861d5-groupManagement] INFO  server.RaftServerConfigKeys (ConfUtils.java:logGet(46)) - raft.server.rpc.timeout.max = 5200ms (custom)
2024-02-09 18:34:06,412 [92c5164c-1af2-4faa-850f-17550d8861d5-groupManagement] INFO  server.RaftServerConfigKeys (ConfUtils.java:logGet(46)) - raft.server.rpc.sleep.time = 25ms (default)
2024-02-09 18:34:06,412 [92c5164c-1af2-4faa-850f-17550d8861d5-groupManagement] INFO  server.RaftServerConfigKeys (ConfUtils.java:logGet(46)) - raft.server.rpc.slowness.timeout = 300000ms (custom)
2024-02-09 18:34:06,412 [92c5164c-1af2-4faa-850f-17550d8861d5-groupManagement] INFO  server.RaftServerConfigKeys (ConfUtils.java:logGet(46)) - raft.server.leaderelection.leader.step-down.wait-time = 10s (default)
2024-02-09 18:34:06,412 [92c5164c-1af2-4faa-850f-17550d8861d5-groupManagement] INFO  server.RaftServerConfigKeys (ConfUtils.java:logGet(46)) - raft.server.leaderelection.member.majority-add = false (default)
2024-02-09 18:34:06,412 [92c5164c-1af2-4faa-850f-17550d8861d5-groupManagement] INFO  server.RaftServerConfigKeys (ConfUtils.java:logGet(46)) - raft.server.sleep.deviation.threshold = 300ms (default)
2024-02-09 18:34:06,412 [92c5164c-1af2-4faa-850f-17550d8861d5-groupManagement] INFO  server.RaftServer$Division (ServerState.java:<init>(113)) - 92c5164c-1af2-4faa-850f-17550d8861d5@group-26729CAD3E72: ConfigurationManager, init=-1: peers:[92c5164c-1af2-4faa-850f-17550d8861d5|10.1.0.43:15112]|listeners:[], old=null, confs=<EMPTY_MAP>
2024-02-09 18:34:06,412 [92c5164c-1af2-4faa-850f-17550d8861d5-groupManagement] INFO  server.RaftServerConfigKeys (ConfUtils.java:logGet(46)) - raft.server.notification.no-leader.timeout = 300000ms (custom)
2024-02-09 18:34:06,412 [92c5164c-1af2-4faa-850f-17550d8861d5-groupManagement] INFO  server.RaftServerConfigKeys (ConfUtils.java:logGet(46)) - raft.server.read.timeout = 10s (default)
2024-02-09 18:34:06,412 [92c5164c-1af2-4faa-850f-17550d8861d5-groupManagement] INFO  server.RaftServerConfigKeys (ConfUtils.java:logGet(46)) - raft.server.retrycache.expirytime = 600000ms (custom)
2024-02-09 18:34:06,412 [92c5164c-1af2-4faa-850f-17550d8861d5-groupManagement] INFO  server.RaftServerConfigKeys (ConfUtils.java:logGet(46)) - raft.server.retrycache.statistics.expirytime = 100ms (default)
2024-02-09 18:34:06,412 [92c5164c-1af2-4faa-850f-17550d8861d5-groupManagement] INFO  server.RaftServerConfigKeys (ConfUtils.java:logGet(46)) - raft.server.read.option = DEFAULT (default)
2024-02-09 18:34:06,413 [92c5164c-1af2-4faa-850f-17550d8861d5-groupManagement] INFO  server.RaftServerConfigKeys (ConfUtils.java:logGet(46)) - raft.server.read.read-after-write-consistent.write-index-cache.expiry-time = 60s (default)
2024-02-09 18:34:06,413 [6ea81ba3-4cc7-4d8f-90c6-66e0677302b1-groupManagement] INFO  server.RaftServerConfigKeys (ConfUtils.java:logGet(46)) - raft.server.log.appender.buffer.byte-limit = 8388608 (custom)
2024-02-09 18:34:06,413 [6ea81ba3-4cc7-4d8f-90c6-66e0677302b1-groupManagement] INFO  server.RaftServerConfigKeys (ConfUtils.java:logGet(46)) - raft.server.log.unsafe-flush.enabled = false (default)
2024-02-09 18:34:06,413 [6ea81ba3-4cc7-4d8f-90c6-66e0677302b1-groupManagement] INFO  server.RaftServerConfigKeys (ConfUtils.java:logGet(46)) - raft.server.log.async-flush.enabled = false (default)
2024-02-09 18:34:06,413 [6ea81ba3-4cc7-4d8f-90c6-66e0677302b1-groupManagement] INFO  server.RaftServerConfigKeys (ConfUtils.java:logGet(46)) - raft.server.log.statemachine.data.caching.enabled = true (custom)
2024-02-09 18:34:06,413 [6ea81ba3-4cc7-4d8f-90c6-66e0677302b1-groupManagement] INFO  segmented.SegmentedRaftLogWorker (SegmentedRaftLogWorker.java:lambda$new$0(134)) - 6ea81ba3-4cc7-4d8f-90c6-66e0677302b1@group-030502AAF74F-SegmentedRaftLogWorker: flushIndex: setUnconditionally 0 -> -1
2024-02-09 18:34:06,413 [6ea81ba3-4cc7-4d8f-90c6-66e0677302b1-groupManagement] INFO  segmented.SegmentedRaftLogWorker (SegmentedRaftLogWorker.java:lambda$new$0(134)) - 6ea81ba3-4cc7-4d8f-90c6-66e0677302b1@group-030502AAF74F-SegmentedRaftLogWorker: safeCacheEvictIndex: setUnconditionally 0 -> -1
2024-02-09 18:34:06,413 [6ea81ba3-4cc7-4d8f-90c6-66e0677302b1-groupManagement] INFO  server.RaftServer$Division (RaftServerImpl.java:start(396)) - 6ea81ba3-4cc7-4d8f-90c6-66e0677302b1@group-030502AAF74F: start as a follower, conf=-1: peers:[5d91c0b9-cefc-489a-be2c-ee3cd3dcc3a0|10.1.0.43:15103, 92c5164c-1af2-4faa-850f-17550d8861d5|10.1.0.43:15112, 6ea81ba3-4cc7-4d8f-90c6-66e0677302b1|10.1.0.43:15121]|listeners:[], old=null
2024-02-09 18:34:06,413 [6ea81ba3-4cc7-4d8f-90c6-66e0677302b1-groupManagement] INFO  server.RaftServer$Division (RaftServerImpl.java:setRole(383)) - 6ea81ba3-4cc7-4d8f-90c6-66e0677302b1@group-030502AAF74F: changes role from      null to FOLLOWER at term 0 for startAsFollower
2024-02-09 18:34:06,414 [6ea81ba3-4cc7-4d8f-90c6-66e0677302b1-groupManagement] INFO  impl.RoleInfo (RoleInfo.java:updateAndGet(139)) - 6ea81ba3-4cc7-4d8f-90c6-66e0677302b1: start 6ea81ba3-4cc7-4d8f-90c6-66e0677302b1@group-030502AAF74F-FollowerState
2024-02-09 18:34:06,414 [6ea81ba3-4cc7-4d8f-90c6-66e0677302b1-groupManagement] INFO  util.JmxRegister (JmxRegister.java:tryRegister(44)) - Successfully registered JMX Bean with object name Ratis:service=RaftServer,group=group-030502AAF74F,id=6ea81ba3-4cc7-4d8f-90c6-66e0677302b1
2024-02-09 18:34:06,414 [6ea81ba3-4cc7-4d8f-90c6-66e0677302b1-groupManagement] INFO  server.RaftServerConfigKeys (ConfUtils.java:logGet(46)) - raft.server.snapshot.trigger-when-stop.enabled = true (default)
2024-02-09 18:34:06,414 [6ea81ba3-4cc7-4d8f-90c6-66e0677302b1-groupManagement] INFO  server.RaftServerConfigKeys (ConfUtils.java:logGet(46)) - raft.server.snapshot.auto.trigger.enabled = true (custom)
2024-02-09 18:34:06,414 [6ea81ba3-4cc7-4d8f-90c6-66e0677302b1-groupManagement] INFO  server.RaftServerConfigKeys (ConfUtils.java:logGet(46)) - raft.server.snapshot.auto.trigger.threshold = 10000 (custom)
2024-02-09 18:34:06,414 [6ea81ba3-4cc7-4d8f-90c6-66e0677302b1-groupManagement] INFO  server.RaftServerConfigKeys (ConfUtils.java:logGet(46)) - raft.server.snapshot.retention.file.num = 5 (custom)
2024-02-09 18:34:06,414 [6ea81ba3-4cc7-4d8f-90c6-66e0677302b1-groupManagement] INFO  server.RaftServerConfigKeys (ConfUtils.java:logGet(46)) - raft.server.log.purge.upto.snapshot.index = false (default)
2024-02-09 18:34:06,415 [6ea81ba3-4cc7-4d8f-90c6-66e0677302b1@group-030502AAF74F-FollowerState] INFO  server.RaftServerConfigKeys (ConfUtils.java:logFallback(53)) - raft.server.rpc.first-election.timeout.min = 5s (fallback to raft.server.rpc.timeout.min)
2024-02-09 18:34:06,415 [6ea81ba3-4cc7-4d8f-90c6-66e0677302b1@group-030502AAF74F-FollowerState] INFO  server.RaftServerConfigKeys (ConfUtils.java:logFallback(53)) - raft.server.rpc.first-election.timeout.max = 5200ms (fallback to raft.server.rpc.timeout.max)
2024-02-09 18:34:06,415 [92c5164c-1af2-4faa-850f-17550d8861d5-groupManagement] INFO  server.RaftServerConfigKeys (ConfUtils.java:logGet(46)) - raft.server.rpc.request.timeout = 3000ms (default)
2024-02-09 18:34:06,415 [92c5164c-1af2-4faa-850f-17550d8861d5-groupManagement] INFO  server.RaftServerConfigKeys (ConfUtils.java:logGet(46)) - raft.server.log.appender.install.snapshot.enabled = false (custom)
2024-02-09 18:34:06,415 [92c5164c-1af2-4faa-850f-17550d8861d5-groupManagement] INFO  server.RaftServerConfigKeys (ConfUtils.java:logGet(46)) - raft.server.threadpool.server.cached = true (default)
2024-02-09 18:34:06,415 [92c5164c-1af2-4faa-850f-17550d8861d5-groupManagement] INFO  server.RaftServerConfigKeys (ConfUtils.java:logGet(46)) - raft.server.threadpool.server.size = 0 (default)
2024-02-09 18:34:06,415 [92c5164c-1af2-4faa-850f-17550d8861d5-groupManagement] INFO  server.RaftServerConfigKeys (ConfUtils.java:logGet(46)) - raft.server.threadpool.client.cached = true (default)
2024-02-09 18:34:06,415 [92c5164c-1af2-4faa-850f-17550d8861d5-groupManagement] INFO  server.RaftServerConfigKeys (ConfUtils.java:logGet(46)) - raft.server.threadpool.client.size = 0 (default)
2024-02-09 18:34:06,416 [92c5164c-1af2-4faa-850f-17550d8861d5-groupManagement] INFO  server.RaftServerConfigKeys (ConfUtils.java:logGet(46)) - raft.server.storage.free-space.min = 0MB (=0) (default)
2024-02-09 18:34:06,416 [92c5164c-1af2-4faa-850f-17550d8861d5-groupManagement] INFO  server.RaftServerConfigKeys (ConfUtils.java:logGet(46)) - raft.server.log.corruption.policy = EXCEPTION (default)
2024-02-09 18:34:06,416 [92c5164c-1af2-4faa-850f-17550d8861d5-groupManagement] INFO  server.RaftServerConfigKeys (ConfUtils.java:logGet(46)) - raft.server.storage.dir = [/home/runner/work/ozone/ozone/hadoop-ozone/integration-test/target/test-dir/MiniOzoneClusterImpl-2e7e0147-493e-4f7b-8772-843c2731e345/datanode-1/data/ratis] (custom)
2024-02-09 18:34:06,416 [92c5164c-1af2-4faa-850f-17550d8861d5-groupManagement] INFO  storage.RaftStorageDirectory (RaftStorageDirectoryImpl.java:analyzeStorage(138)) - The storage directory /home/runner/work/ozone/ozone/hadoop-ozone/integration-test/target/test-dir/MiniOzoneClusterImpl-2e7e0147-493e-4f7b-8772-843c2731e345/datanode-1/data/ratis/2e118ce1-8604-4f89-96ea-26729cad3e72 does not exist. Creating ...
2024-02-09 18:34:06,417 [92c5164c-1af2-4faa-850f-17550d8861d5-groupManagement] INFO  storage.RaftStorageDirectory (RaftStorageDirectoryImpl.java:tryLock(228)) - Lock on /home/runner/work/ozone/ozone/hadoop-ozone/integration-test/target/test-dir/MiniOzoneClusterImpl-2e7e0147-493e-4f7b-8772-843c2731e345/datanode-1/data/ratis/2e118ce1-8604-4f89-96ea-26729cad3e72/in_use.lock acquired by nodename 37674@fv-az1241-572
2024-02-09 18:34:06,417 [92c5164c-1af2-4faa-850f-17550d8861d5-groupManagement] INFO  storage.RaftStorage (RaftStorageImpl.java:format(99)) - Storage directory /home/runner/work/ozone/ozone/hadoop-ozone/integration-test/target/test-dir/MiniOzoneClusterImpl-2e7e0147-493e-4f7b-8772-843c2731e345/datanode-1/data/ratis/2e118ce1-8604-4f89-96ea-26729cad3e72 has been successfully formatted.
2024-02-09 18:34:06,418 [92c5164c-1af2-4faa-850f-17550d8861d5-groupManagement] WARN  util.FileUtils (LogUtils.java:supplyAndLog(63)) - Failed to Files.newInputStream /home/runner/work/ozone/ozone/hadoop-ozone/integration-test/target/test-dir/MiniOzoneClusterImpl-2e7e0147-493e-4f7b-8772-843c2731e345/datanode-1/data/ratis/2e118ce1-8604-4f89-96ea-26729cad3e72/current/raft-meta.conf with options []: java.nio.file.NoSuchFileException: /home/runner/work/ozone/ozone/hadoop-ozone/integration-test/target/test-dir/MiniOzoneClusterImpl-2e7e0147-493e-4f7b-8772-843c2731e345/datanode-1/data/ratis/2e118ce1-8604-4f89-96ea-26729cad3e72/current/raft-meta.conf
2024-02-09 18:34:06,419 [92c5164c-1af2-4faa-850f-17550d8861d5-groupManagement] INFO  ratis.ContainerStateMachine (ContainerStateMachine.java:loadSnapshot(287)) - group-26729CAD3E72: The snapshot info is null. Setting the last applied index to:(t:0, i:~)
2024-02-09 18:34:06,419 [92c5164c-1af2-4faa-850f-17550d8861d5-groupManagement] INFO  server.RaftServerConfigKeys (ConfUtils.java:logGet(46)) - raft.server.log.use.memory = false (default)
2024-02-09 18:34:06,419 [92c5164c-1af2-4faa-850f-17550d8861d5-groupManagement] INFO  server.RaftServerConfigKeys (ConfUtils.java:logGet(46)) - raft.server.log.purge.gap = 1000000 (custom)
2024-02-09 18:34:06,419 [92c5164c-1af2-4faa-850f-17550d8861d5-groupManagement] INFO  server.RaftServerConfigKeys (ConfUtils.java:logGet(46)) - raft.server.log.appender.buffer.byte-limit = 8388608 (custom)
2024-02-09 18:34:06,419 [92c5164c-1af2-4faa-850f-17550d8861d5-groupManagement] INFO  server.RaftServerConfigKeys (ConfUtils.java:logGet(46)) - raft.server.log.statemachine.data.read.timeout = 1000ms (default)
2024-02-09 18:34:06,419 [92c5164c-1af2-4faa-850f-17550d8861d5-groupManagement] INFO  server.RaftServerConfigKeys (ConfUtils.java:logGet(46)) - raft.server.log.purge.preservation.log.num = 0 (default)
2024-02-09 18:34:06,420 [EventQueue-PipelineReportForPipelineReportHandler] INFO  pipeline.PipelineReportHandler (PipelineReportHandler.java:processPipelineReport(136)) - Opened pipeline PipelineID=2e118ce1-8604-4f89-96ea-26729cad3e72
2024-02-09 18:34:06,420 [EventQueue-OpenPipelineForHealthyPipelineSafeModeRule] INFO  safemode.SCMSafeModeManager (HealthyPipelineSafeModeRule.java:process(140)) - SCM in safe mode. Healthy pipelines reported count is 0, required healthy pipeline reported count is 1
2024-02-09 18:34:06,422 [92c5164c-1af2-4faa-850f-17550d8861d5-groupManagement] INFO  server.RaftServerConfigKeys (ConfUtils.java:logGet(46)) - raft.server.log.segment.size.max = 67108864 (custom)
2024-02-09 18:34:06,422 [92c5164c-1af2-4faa-850f-17550d8861d5-groupManagement] INFO  server.RaftServerConfigKeys (ConfUtils.java:logGet(46)) - raft.server.log.segment.cache.num.max = 2 (custom)
2024-02-09 18:34:06,423 [92c5164c-1af2-4faa-850f-17550d8861d5-groupManagement] INFO  server.RaftServerConfigKeys (ConfUtils.java:logGet(46)) - raft.server.log.segment.cache.size.max = 200MB (=209715200) (default)
2024-02-09 18:34:06,423 [92c5164c-1af2-4faa-850f-17550d8861d5-groupManagement] INFO  server.RaftServerConfigKeys (ConfUtils.java:logGet(46)) - raft.server.log.appender.buffer.byte-limit = 8388608 (custom)
2024-02-09 18:34:06,423 [92c5164c-1af2-4faa-850f-17550d8861d5-groupManagement] INFO  util.AwaitToRun (AwaitToRun.java:start(81)) - Thread[92c5164c-1af2-4faa-850f-17550d8861d5@group-26729CAD3E72-cacheEviction-AwaitToRun,5,main] started
2024-02-09 18:34:06,423 [92c5164c-1af2-4faa-850f-17550d8861d5-groupManagement] INFO  segmented.SegmentedRaftLogWorker (SegmentedRaftLogWorker.java:<init>(182)) - new 92c5164c-1af2-4faa-850f-17550d8861d5@group-26729CAD3E72-SegmentedRaftLogWorker for RaftStorageImpl:Storage Directory /home/runner/work/ozone/ozone/hadoop-ozone/integration-test/target/test-dir/MiniOzoneClusterImpl-2e7e0147-493e-4f7b-8772-843c2731e345/datanode-1/data/ratis/2e118ce1-8604-4f89-96ea-26729cad3e72
2024-02-09 18:34:06,423 [92c5164c-1af2-4faa-850f-17550d8861d5-groupManagement] INFO  server.RaftServerConfigKeys (ConfUtils.java:logGet(46)) - raft.server.log.queue.byte-limit = 4294967296 (custom)
2024-02-09 18:34:06,423 [92c5164c-1af2-4faa-850f-17550d8861d5-groupManagement] INFO  server.RaftServerConfigKeys (ConfUtils.java:logGet(46)) - raft.server.log.queue.element-limit = 1024 (custom)
2024-02-09 18:34:06,423 [92c5164c-1af2-4faa-850f-17550d8861d5-groupManagement] INFO  server.RaftServerConfigKeys (ConfUtils.java:logGet(46)) - raft.server.log.segment.size.max = 67108864 (custom)
2024-02-09 18:34:06,423 [92c5164c-1af2-4faa-850f-17550d8861d5-groupManagement] INFO  server.RaftServerConfigKeys (ConfUtils.java:logGet(46)) - raft.server.log.preallocated.size = 4194304 (custom)
2024-02-09 18:34:06,423 [92c5164c-1af2-4faa-850f-17550d8861d5-groupManagement] INFO  server.RaftServerConfigKeys (ConfUtils.java:logGet(46)) - raft.server.log.force.sync.num = 128 (default)
2024-02-09 18:34:06,424 [92c5164c-1af2-4faa-850f-17550d8861d5-groupManagement] INFO  server.RaftServerConfigKeys (ConfUtils.java:logGet(46)) - raft.server.log.statemachine.data.sync = true (default)
2024-02-09 18:34:06,424 [92c5164c-1af2-4faa-850f-17550d8861d5-groupManagement] INFO  server.RaftServerConfigKeys (ConfUtils.java:logGet(46)) - raft.server.log.statemachine.data.sync.timeout = 10s (default)
2024-02-09 18:34:06,424 [92c5164c-1af2-4faa-850f-17550d8861d5-groupManagement] INFO  server.RaftServerConfigKeys (ConfUtils.java:logGet(46)) - raft.server.log.statemachine.data.sync.timeout.retry = 0 (custom)
2024-02-09 18:34:06,424 [92c5164c-1af2-4faa-850f-17550d8861d5-groupManagement] INFO  server.RaftServerConfigKeys (ConfUtils.java:logGet(46)) - raft.server.log.write.buffer.size = 8388616 (custom)
2024-02-09 18:34:06,426 [92c5164c-1af2-4faa-850f-17550d8861d5-groupManagement] INFO  server.RaftServerConfigKeys (ConfUtils.java:logGet(46)) - raft.server.log.appender.buffer.byte-limit = 8388608 (custom)
2024-02-09 18:34:06,426 [92c5164c-1af2-4faa-850f-17550d8861d5-groupManagement] INFO  server.RaftServerConfigKeys (ConfUtils.java:logGet(46)) - raft.server.log.unsafe-flush.enabled = false (default)
2024-02-09 18:34:06,426 [92c5164c-1af2-4faa-850f-17550d8861d5-groupManagement] INFO  server.RaftServerConfigKeys (ConfUtils.java:logGet(46)) - raft.server.log.async-flush.enabled = false (default)
2024-02-09 18:34:06,427 [92c5164c-1af2-4faa-850f-17550d8861d5-groupManagement] INFO  server.RaftServerConfigKeys (ConfUtils.java:logGet(46)) - raft.server.log.statemachine.data.caching.enabled = true (custom)
2024-02-09 18:34:06,427 [92c5164c-1af2-4faa-850f-17550d8861d5-groupManagement] INFO  segmented.SegmentedRaftLogWorker (SegmentedRaftLogWorker.java:lambda$new$0(134)) - 92c5164c-1af2-4faa-850f-17550d8861d5@group-26729CAD3E72-SegmentedRaftLogWorker: flushIndex: setUnconditionally 0 -> -1
2024-02-09 18:34:06,427 [92c5164c-1af2-4faa-850f-17550d8861d5-groupManagement] INFO  segmented.SegmentedRaftLogWorker (SegmentedRaftLogWorker.java:lambda$new$0(134)) - 92c5164c-1af2-4faa-850f-17550d8861d5@group-26729CAD3E72-SegmentedRaftLogWorker: safeCacheEvictIndex: setUnconditionally 0 -> -1
2024-02-09 18:34:06,427 [92c5164c-1af2-4faa-850f-17550d8861d5-groupManagement] INFO  server.RaftServer$Division (RaftServerImpl.java:start(396)) - 92c5164c-1af2-4faa-850f-17550d8861d5@group-26729CAD3E72: start as a follower, conf=-1: peers:[92c5164c-1af2-4faa-850f-17550d8861d5|10.1.0.43:15112]|listeners:[], old=null
2024-02-09 18:34:06,427 [92c5164c-1af2-4faa-850f-17550d8861d5-groupManagement] INFO  server.RaftServer$Division (RaftServerImpl.java:setRole(383)) - 92c5164c-1af2-4faa-850f-17550d8861d5@group-26729CAD3E72: changes role from      null to FOLLOWER at term 0 for startAsFollower
2024-02-09 18:34:06,427 [92c5164c-1af2-4faa-850f-17550d8861d5-groupManagement] INFO  impl.RoleInfo (RoleInfo.java:updateAndGet(139)) - 92c5164c-1af2-4faa-850f-17550d8861d5: start 92c5164c-1af2-4faa-850f-17550d8861d5@group-26729CAD3E72-FollowerState
2024-02-09 18:34:06,431 [92c5164c-1af2-4faa-850f-17550d8861d5-groupManagement] INFO  util.JmxRegister (JmxRegister.java:tryRegister(44)) - Successfully registered JMX Bean with object name Ratis:service=RaftServer,group=group-26729CAD3E72,id=92c5164c-1af2-4faa-850f-17550d8861d5
2024-02-09 18:34:06,431 [92c5164c-1af2-4faa-850f-17550d8861d5-groupManagement] INFO  server.RaftServerConfigKeys (ConfUtils.java:logGet(46)) - raft.server.snapshot.trigger-when-stop.enabled = true (default)
2024-02-09 18:34:06,432 [92c5164c-1af2-4faa-850f-17550d8861d5-groupManagement] INFO  server.RaftServerConfigKeys (ConfUtils.java:logGet(46)) - raft.server.snapshot.auto.trigger.enabled = true (custom)
2024-02-09 18:34:06,432 [92c5164c-1af2-4faa-850f-17550d8861d5-groupManagement] INFO  server.RaftServerConfigKeys (ConfUtils.java:logGet(46)) - raft.server.snapshot.auto.trigger.threshold = 10000 (custom)
2024-02-09 18:34:06,432 [92c5164c-1af2-4faa-850f-17550d8861d5-groupManagement] INFO  server.RaftServerConfigKeys (ConfUtils.java:logGet(46)) - raft.server.snapshot.retention.file.num = 5 (custom)
2024-02-09 18:34:06,432 [92c5164c-1af2-4faa-850f-17550d8861d5-groupManagement] INFO  server.RaftServerConfigKeys (ConfUtils.java:logGet(46)) - raft.server.log.purge.upto.snapshot.index = false (default)
2024-02-09 18:34:06,433 [92c5164c-1af2-4faa-850f-17550d8861d5@group-26729CAD3E72-FollowerState] INFO  server.RaftServerConfigKeys (ConfUtils.java:logFallback(53)) - raft.server.rpc.first-election.timeout.min = 5s (fallback to raft.server.rpc.timeout.min)
2024-02-09 18:34:06,433 [92c5164c-1af2-4faa-850f-17550d8861d5@group-26729CAD3E72-FollowerState] INFO  server.RaftServerConfigKeys (ConfUtils.java:logFallback(53)) - raft.server.rpc.first-election.timeout.max = 5200ms (fallback to raft.server.rpc.timeout.max)
2024-02-09 18:34:06,437 [grpc-default-executor-0] INFO  server.RaftServer (RaftServerProxy.java:addNew(100)) - 92c5164c-1af2-4faa-850f-17550d8861d5: addNew group-030502AAF74F:[5d91c0b9-cefc-489a-be2c-ee3cd3dcc3a0|10.1.0.43:15103, 92c5164c-1af2-4faa-850f-17550d8861d5|10.1.0.43:15112, 6ea81ba3-4cc7-4d8f-90c6-66e0677302b1|10.1.0.43:15121] returns group-030502AAF74F:java.util.concurrent.CompletableFuture@28244b3c[Not completed]
2024-02-09 18:34:06,438 [92c5164c-1af2-4faa-850f-17550d8861d5-PipelineCommandHandlerThread-0] INFO  ratis.XceiverServerRatis (XceiverServerRatis.java:addGroup(864)) - Created group PipelineID=2e118ce1-8604-4f89-96ea-26729cad3e72
2024-02-09 18:34:06,438 [92c5164c-1af2-4faa-850f-17550d8861d5-PipelineCommandHandlerThread-0] INFO  commandhandler.CreatePipelineCommandHandler (CreatePipelineCommandHandler.java:lambda$handle$2(124)) - Created Pipeline RATIS ONE PipelineID=2e118ce1-8604-4f89-96ea-26729cad3e72.
2024-02-09 18:34:06,439 [92c5164c-1af2-4faa-850f-17550d8861d5-groupManagement] INFO  server.RaftServer$Division (RaftServerImpl.java:<init>(256)) - 92c5164c-1af2-4faa-850f-17550d8861d5: new RaftServerImpl for group-030502AAF74F:[5d91c0b9-cefc-489a-be2c-ee3cd3dcc3a0|10.1.0.43:15103, 92c5164c-1af2-4faa-850f-17550d8861d5|10.1.0.43:15112, 6ea81ba3-4cc7-4d8f-90c6-66e0677302b1|10.1.0.43:15121] with ContainerStateMachine:uninitialized
2024-02-09 18:34:06,439 [92c5164c-1af2-4faa-850f-17550d8861d5-groupManagement] INFO  server.RaftServerConfigKeys (ConfUtils.java:logGet(46)) - raft.server.rpc.timeout.min = 5s (custom)
2024-02-09 18:34:06,439 [92c5164c-1af2-4faa-850f-17550d8861d5-groupManagement] INFO  server.RaftServerConfigKeys (ConfUtils.java:logGet(46)) - raft.server.rpc.timeout.max = 5200ms (custom)
2024-02-09 18:34:06,439 [92c5164c-1af2-4faa-850f-17550d8861d5-groupManagement] INFO  server.RaftServerConfigKeys (ConfUtils.java:logGet(46)) - raft.server.rpc.sleep.time = 25ms (default)
2024-02-09 18:34:06,439 [92c5164c-1af2-4faa-850f-17550d8861d5-groupManagement] INFO  server.RaftServerConfigKeys (ConfUtils.java:logGet(46)) - raft.server.rpc.slowness.timeout = 300000ms (custom)
2024-02-09 18:34:06,439 [92c5164c-1af2-4faa-850f-17550d8861d5-groupManagement] INFO  server.RaftServerConfigKeys (ConfUtils.java:logGet(46)) - raft.server.leaderelection.leader.step-down.wait-time = 10s (default)
2024-02-09 18:34:06,439 [92c5164c-1af2-4faa-850f-17550d8861d5-groupManagement] INFO  server.RaftServerConfigKeys (ConfUtils.java:logGet(46)) - raft.server.leaderelection.member.majority-add = false (default)
2024-02-09 18:34:06,439 [92c5164c-1af2-4faa-850f-17550d8861d5-groupManagement] INFO  server.RaftServerConfigKeys (ConfUtils.java:logGet(46)) - raft.server.sleep.deviation.threshold = 300ms (default)
2024-02-09 18:34:06,439 [92c5164c-1af2-4faa-850f-17550d8861d5-groupManagement] INFO  server.RaftServer$Division (ServerState.java:<init>(113)) - 92c5164c-1af2-4faa-850f-17550d8861d5@group-030502AAF74F: ConfigurationManager, init=-1: peers:[5d91c0b9-cefc-489a-be2c-ee3cd3dcc3a0|10.1.0.43:15103, 92c5164c-1af2-4faa-850f-17550d8861d5|10.1.0.43:15112, 6ea81ba3-4cc7-4d8f-90c6-66e0677302b1|10.1.0.43:15121]|listeners:[], old=null, confs=<EMPTY_MAP>
2024-02-09 18:34:06,439 [92c5164c-1af2-4faa-850f-17550d8861d5-groupManagement] INFO  server.RaftServerConfigKeys (ConfUtils.java:logGet(46)) - raft.server.notification.no-leader.timeout = 300000ms (custom)
2024-02-09 18:34:06,439 [92c5164c-1af2-4faa-850f-17550d8861d5-groupManagement] INFO  server.RaftServerConfigKeys (ConfUtils.java:logGet(46)) - raft.server.read.timeout = 10s (default)
2024-02-09 18:34:06,439 [92c5164c-1af2-4faa-850f-17550d8861d5-groupManagement] INFO  server.RaftServerConfigKeys (ConfUtils.java:logGet(46)) - raft.server.retrycache.expirytime = 600000ms (custom)
2024-02-09 18:34:06,440 [92c5164c-1af2-4faa-850f-17550d8861d5-groupManagement] INFO  server.RaftServerConfigKeys (ConfUtils.java:logGet(46)) - raft.server.retrycache.statistics.expirytime = 100ms (default)
2024-02-09 18:34:06,440 [92c5164c-1af2-4faa-850f-17550d8861d5-groupManagement] INFO  server.RaftServerConfigKeys (ConfUtils.java:logGet(46)) - raft.server.read.option = DEFAULT (default)
2024-02-09 18:34:06,440 [92c5164c-1af2-4faa-850f-17550d8861d5-groupManagement] INFO  server.RaftServerConfigKeys (ConfUtils.java:logGet(46)) - raft.server.read.read-after-write-consistent.write-index-cache.expiry-time = 60s (default)
2024-02-09 18:34:06,442 [92c5164c-1af2-4faa-850f-17550d8861d5-groupManagement] INFO  server.RaftServerConfigKeys (ConfUtils.java:logGet(46)) - raft.server.rpc.request.timeout = 3000ms (default)
2024-02-09 18:34:06,442 [92c5164c-1af2-4faa-850f-17550d8861d5-groupManagement] INFO  server.RaftServerConfigKeys (ConfUtils.java:logGet(46)) - raft.server.log.appender.install.snapshot.enabled = false (custom)
2024-02-09 18:34:06,442 [92c5164c-1af2-4faa-850f-17550d8861d5-groupManagement] INFO  server.RaftServerConfigKeys (ConfUtils.java:logGet(46)) - raft.server.threadpool.server.cached = true (default)
2024-02-09 18:34:06,442 [92c5164c-1af2-4faa-850f-17550d8861d5-groupManagement] INFO  server.RaftServerConfigKeys (ConfUtils.java:logGet(46)) - raft.server.threadpool.server.size = 0 (default)
2024-02-09 18:34:06,442 [92c5164c-1af2-4faa-850f-17550d8861d5-groupManagement] INFO  server.RaftServerConfigKeys (ConfUtils.java:logGet(46)) - raft.server.threadpool.client.cached = true (default)
2024-02-09 18:34:06,442 [92c5164c-1af2-4faa-850f-17550d8861d5-groupManagement] INFO  server.RaftServerConfigKeys (ConfUtils.java:logGet(46)) - raft.server.threadpool.client.size = 0 (default)
2024-02-09 18:34:06,442 [92c5164c-1af2-4faa-850f-17550d8861d5-groupManagement] INFO  server.RaftServerConfigKeys (ConfUtils.java:logGet(46)) - raft.server.storage.free-space.min = 0MB (=0) (default)
2024-02-09 18:34:06,443 [92c5164c-1af2-4faa-850f-17550d8861d5-groupManagement] INFO  server.RaftServerConfigKeys (ConfUtils.java:logGet(46)) - raft.server.log.corruption.policy = EXCEPTION (default)
2024-02-09 18:34:06,443 [92c5164c-1af2-4faa-850f-17550d8861d5-groupManagement] INFO  server.RaftServerConfigKeys (ConfUtils.java:logGet(46)) - raft.server.storage.dir = [/home/runner/work/ozone/ozone/hadoop-ozone/integration-test/target/test-dir/MiniOzoneClusterImpl-2e7e0147-493e-4f7b-8772-843c2731e345/datanode-1/data/ratis] (custom)
2024-02-09 18:34:06,443 [92c5164c-1af2-4faa-850f-17550d8861d5-groupManagement] INFO  storage.RaftStorageDirectory (RaftStorageDirectoryImpl.java:analyzeStorage(138)) - The storage directory /home/runner/work/ozone/ozone/hadoop-ozone/integration-test/target/test-dir/MiniOzoneClusterImpl-2e7e0147-493e-4f7b-8772-843c2731e345/datanode-1/data/ratis/c6501ec1-e64e-4456-98ff-030502aaf74f does not exist. Creating ...
2024-02-09 18:34:06,444 [92c5164c-1af2-4faa-850f-17550d8861d5-groupManagement] INFO  storage.RaftStorageDirectory (RaftStorageDirectoryImpl.java:tryLock(228)) - Lock on /home/runner/work/ozone/ozone/hadoop-ozone/integration-test/target/test-dir/MiniOzoneClusterImpl-2e7e0147-493e-4f7b-8772-843c2731e345/datanode-1/data/ratis/c6501ec1-e64e-4456-98ff-030502aaf74f/in_use.lock acquired by nodename 37674@fv-az1241-572
2024-02-09 18:34:06,448 [92c5164c-1af2-4faa-850f-17550d8861d5-groupManagement] INFO  storage.RaftStorage (RaftStorageImpl.java:format(99)) - Storage directory /home/runner/work/ozone/ozone/hadoop-ozone/integration-test/target/test-dir/MiniOzoneClusterImpl-2e7e0147-493e-4f7b-8772-843c2731e345/datanode-1/data/ratis/c6501ec1-e64e-4456-98ff-030502aaf74f has been successfully formatted.
2024-02-09 18:34:06,448 [92c5164c-1af2-4faa-850f-17550d8861d5-groupManagement] WARN  util.FileUtils (LogUtils.java:supplyAndLog(63)) - Failed to Files.newInputStream /home/runner/work/ozone/ozone/hadoop-ozone/integration-test/target/test-dir/MiniOzoneClusterImpl-2e7e0147-493e-4f7b-8772-843c2731e345/datanode-1/data/ratis/c6501ec1-e64e-4456-98ff-030502aaf74f/current/raft-meta.conf with options []: java.nio.file.NoSuchFileException: /home/runner/work/ozone/ozone/hadoop-ozone/integration-test/target/test-dir/MiniOzoneClusterImpl-2e7e0147-493e-4f7b-8772-843c2731e345/datanode-1/data/ratis/c6501ec1-e64e-4456-98ff-030502aaf74f/current/raft-meta.conf
2024-02-09 18:34:06,448 [92c5164c-1af2-4faa-850f-17550d8861d5-groupManagement] INFO  ratis.ContainerStateMachine (ContainerStateMachine.java:loadSnapshot(287)) - group-030502AAF74F: The snapshot info is null. Setting the last applied index to:(t:0, i:~)
2024-02-09 18:34:06,448 [92c5164c-1af2-4faa-850f-17550d8861d5-groupManagement] INFO  server.RaftServerConfigKeys (ConfUtils.java:logGet(46)) - raft.server.log.use.memory = false (default)
2024-02-09 18:34:06,448 [92c5164c-1af2-4faa-850f-17550d8861d5-groupManagement] INFO  server.RaftServerConfigKeys (ConfUtils.java:logGet(46)) - raft.server.log.purge.gap = 1000000 (custom)
2024-02-09 18:34:06,448 [92c5164c-1af2-4faa-850f-17550d8861d5-groupManagement] INFO  server.RaftServerConfigKeys (ConfUtils.java:logGet(46)) - raft.server.log.appender.buffer.byte-limit = 8388608 (custom)
2024-02-09 18:34:06,449 [92c5164c-1af2-4faa-850f-17550d8861d5-groupManagement] INFO  server.RaftServerConfigKeys (ConfUtils.java:logGet(46)) - raft.server.log.statemachine.data.read.timeout = 1000ms (default)
2024-02-09 18:34:06,449 [92c5164c-1af2-4faa-850f-17550d8861d5-groupManagement] INFO  server.RaftServerConfigKeys (ConfUtils.java:logGet(46)) - raft.server.log.purge.preservation.log.num = 0 (default)
2024-02-09 18:34:06,449 [EventQueue-OpenPipelineForHealthyPipelineSafeModeRule] INFO  safemode.SCMSafeModeManager (HealthyPipelineSafeModeRule.java:process(140)) - SCM in safe mode. Healthy pipelines reported count is 0, required healthy pipeline reported count is 1
2024-02-09 18:34:06,450 [92c5164c-1af2-4faa-850f-17550d8861d5-groupManagement] INFO  server.RaftServerConfigKeys (ConfUtils.java:logGet(46)) - raft.server.log.segment.size.max = 67108864 (custom)
2024-02-09 18:34:06,450 [92c5164c-1af2-4faa-850f-17550d8861d5-groupManagement] INFO  server.RaftServerConfigKeys (ConfUtils.java:logGet(46)) - raft.server.log.segment.cache.num.max = 2 (custom)
2024-02-09 18:34:06,451 [92c5164c-1af2-4faa-850f-17550d8861d5-groupManagement] INFO  server.RaftServerConfigKeys (ConfUtils.java:logGet(46)) - raft.server.log.segment.cache.size.max = 200MB (=209715200) (default)
2024-02-09 18:34:06,451 [92c5164c-1af2-4faa-850f-17550d8861d5-groupManagement] INFO  server.RaftServerConfigKeys (ConfUtils.java:logGet(46)) - raft.server.log.appender.buffer.byte-limit = 8388608 (custom)
2024-02-09 18:34:06,451 [92c5164c-1af2-4faa-850f-17550d8861d5-groupManagement] INFO  util.AwaitToRun (AwaitToRun.java:start(81)) - Thread[92c5164c-1af2-4faa-850f-17550d8861d5@group-030502AAF74F-cacheEviction-AwaitToRun,5,main] started
2024-02-09 18:34:06,451 [92c5164c-1af2-4faa-850f-17550d8861d5-groupManagement] INFO  segmented.SegmentedRaftLogWorker (SegmentedRaftLogWorker.java:<init>(182)) - new 92c5164c-1af2-4faa-850f-17550d8861d5@group-030502AAF74F-SegmentedRaftLogWorker for RaftStorageImpl:Storage Directory /home/runner/work/ozone/ozone/hadoop-ozone/integration-test/target/test-dir/MiniOzoneClusterImpl-2e7e0147-493e-4f7b-8772-843c2731e345/datanode-1/data/ratis/c6501ec1-e64e-4456-98ff-030502aaf74f
2024-02-09 18:34:06,451 [92c5164c-1af2-4faa-850f-17550d8861d5-groupManagement] INFO  server.RaftServerConfigKeys (ConfUtils.java:logGet(46)) - raft.server.log.queue.byte-limit = 4294967296 (custom)
2024-02-09 18:34:06,451 [92c5164c-1af2-4faa-850f-17550d8861d5-groupManagement] INFO  server.RaftServerConfigKeys (ConfUtils.java:logGet(46)) - raft.server.log.queue.element-limit = 1024 (custom)
2024-02-09 18:34:06,451 [92c5164c-1af2-4faa-850f-17550d8861d5-groupManagement] INFO  server.RaftServerConfigKeys (ConfUtils.java:logGet(46)) - raft.server.log.segment.size.max = 67108864 (custom)
2024-02-09 18:34:06,451 [92c5164c-1af2-4faa-850f-17550d8861d5-groupManagement] INFO  server.RaftServerConfigKeys (ConfUtils.java:logGet(46)) - raft.server.log.preallocated.size = 4194304 (custom)
2024-02-09 18:34:06,451 [92c5164c-1af2-4faa-850f-17550d8861d5-groupManagement] INFO  server.RaftServerConfigKeys (ConfUtils.java:logGet(46)) - raft.server.log.force.sync.num = 128 (default)
2024-02-09 18:34:06,451 [92c5164c-1af2-4faa-850f-17550d8861d5-groupManagement] INFO  server.RaftServerConfigKeys (ConfUtils.java:logGet(46)) - raft.server.log.statemachine.data.sync = true (default)
2024-02-09 18:34:06,451 [92c5164c-1af2-4faa-850f-17550d8861d5-groupManagement] INFO  server.RaftServerConfigKeys (ConfUtils.java:logGet(46)) - raft.server.log.statemachine.data.sync.timeout = 10s (default)
2024-02-09 18:34:06,452 [92c5164c-1af2-4faa-850f-17550d8861d5-groupManagement] INFO  server.RaftServerConfigKeys (ConfUtils.java:logGet(46)) - raft.server.log.statemachine.data.sync.timeout.retry = 0 (custom)
2024-02-09 18:34:06,452 [92c5164c-1af2-4faa-850f-17550d8861d5-groupManagement] INFO  server.RaftServerConfigKeys (ConfUtils.java:logGet(46)) - raft.server.log.write.buffer.size = 8388616 (custom)
2024-02-09 18:34:06,453 [92c5164c-1af2-4faa-850f-17550d8861d5-groupManagement] INFO  server.RaftServerConfigKeys (ConfUtils.java:logGet(46)) - raft.server.log.appender.buffer.byte-limit = 8388608 (custom)
2024-02-09 18:34:06,453 [92c5164c-1af2-4faa-850f-17550d8861d5-groupManagement] INFO  server.RaftServerConfigKeys (ConfUtils.java:logGet(46)) - raft.server.log.unsafe-flush.enabled = false (default)
2024-02-09 18:34:06,453 [92c5164c-1af2-4faa-850f-17550d8861d5-groupManagement] INFO  server.RaftServerConfigKeys (ConfUtils.java:logGet(46)) - raft.server.log.async-flush.enabled = false (default)
2024-02-09 18:34:06,454 [92c5164c-1af2-4faa-850f-17550d8861d5-groupManagement] INFO  server.RaftServerConfigKeys (ConfUtils.java:logGet(46)) - raft.server.log.statemachine.data.caching.enabled = true (custom)
2024-02-09 18:34:06,454 [92c5164c-1af2-4faa-850f-17550d8861d5-groupManagement] INFO  segmented.SegmentedRaftLogWorker (SegmentedRaftLogWorker.java:lambda$new$0(134)) - 92c5164c-1af2-4faa-850f-17550d8861d5@group-030502AAF74F-SegmentedRaftLogWorker: flushIndex: setUnconditionally 0 -> -1
2024-02-09 18:34:06,454 [92c5164c-1af2-4faa-850f-17550d8861d5-groupManagement] INFO  segmented.SegmentedRaftLogWorker (SegmentedRaftLogWorker.java:lambda$new$0(134)) - 92c5164c-1af2-4faa-850f-17550d8861d5@group-030502AAF74F-SegmentedRaftLogWorker: safeCacheEvictIndex: setUnconditionally 0 -> -1
2024-02-09 18:34:06,454 [92c5164c-1af2-4faa-850f-17550d8861d5-groupManagement] INFO  server.RaftServer$Division (RaftServerImpl.java:start(396)) - 92c5164c-1af2-4faa-850f-17550d8861d5@group-030502AAF74F: start as a follower, conf=-1: peers:[5d91c0b9-cefc-489a-be2c-ee3cd3dcc3a0|10.1.0.43:15103, 92c5164c-1af2-4faa-850f-17550d8861d5|10.1.0.43:15112, 6ea81ba3-4cc7-4d8f-90c6-66e0677302b1|10.1.0.43:15121]|listeners:[], old=null
2024-02-09 18:34:06,454 [92c5164c-1af2-4faa-850f-17550d8861d5-groupManagement] INFO  server.RaftServer$Division (RaftServerImpl.java:setRole(383)) - 92c5164c-1af2-4faa-850f-17550d8861d5@group-030502AAF74F: changes role from      null to FOLLOWER at term 0 for startAsFollower
2024-02-09 18:34:06,454 [92c5164c-1af2-4faa-850f-17550d8861d5-groupManagement] INFO  impl.RoleInfo (RoleInfo.java:updateAndGet(139)) - 92c5164c-1af2-4faa-850f-17550d8861d5: start 92c5164c-1af2-4faa-850f-17550d8861d5@group-030502AAF74F-FollowerState
2024-02-09 18:34:06,454 [92c5164c-1af2-4faa-850f-17550d8861d5-groupManagement] INFO  util.JmxRegister (JmxRegister.java:tryRegister(44)) - Successfully registered JMX Bean with object name Ratis:service=RaftServer,group=group-030502AAF74F,id=92c5164c-1af2-4faa-850f-17550d8861d5
2024-02-09 18:34:06,454 [92c5164c-1af2-4faa-850f-17550d8861d5-groupManagement] INFO  server.RaftServerConfigKeys (ConfUtils.java:logGet(46)) - raft.server.snapshot.trigger-when-stop.enabled = true (default)
2024-02-09 18:34:06,454 [92c5164c-1af2-4faa-850f-17550d8861d5-groupManagement] INFO  server.RaftServerConfigKeys (ConfUtils.java:logGet(46)) - raft.server.snapshot.auto.trigger.enabled = true (custom)
2024-02-09 18:34:06,455 [92c5164c-1af2-4faa-850f-17550d8861d5-groupManagement] INFO  server.RaftServerConfigKeys (ConfUtils.java:logGet(46)) - raft.server.snapshot.auto.trigger.threshold = 10000 (custom)
2024-02-09 18:34:06,455 [92c5164c-1af2-4faa-850f-17550d8861d5-groupManagement] INFO  server.RaftServerConfigKeys (ConfUtils.java:logGet(46)) - raft.server.snapshot.retention.file.num = 5 (custom)
2024-02-09 18:34:06,455 [92c5164c-1af2-4faa-850f-17550d8861d5-groupManagement] INFO  server.RaftServerConfigKeys (ConfUtils.java:logGet(46)) - raft.server.log.purge.upto.snapshot.index = false (default)
2024-02-09 18:34:06,455 [92c5164c-1af2-4faa-850f-17550d8861d5@group-030502AAF74F-FollowerState] INFO  server.RaftServerConfigKeys (ConfUtils.java:logFallback(53)) - raft.server.rpc.first-election.timeout.min = 5s (fallback to raft.server.rpc.timeout.min)
2024-02-09 18:34:06,455 [92c5164c-1af2-4faa-850f-17550d8861d5@group-030502AAF74F-FollowerState] INFO  server.RaftServerConfigKeys (ConfUtils.java:logFallback(53)) - raft.server.rpc.first-election.timeout.max = 5200ms (fallback to raft.server.rpc.timeout.max)
2024-02-09 18:34:06,459 [5d91c0b9-cefc-489a-be2c-ee3cd3dcc3a0-PipelineCommandHandlerThread-0] INFO  commandhandler.CreatePipelineCommandHandler (CreatePipelineCommandHandler.java:lambda$handle$2(124)) - Created Pipeline RATIS THREE PipelineID=c6501ec1-e64e-4456-98ff-030502aaf74f.
2024-02-09 18:34:06,520 [6ea81ba3-4cc7-4d8f-90c6-66e0677302b1-PipelineCommandHandlerThread-0] INFO  server.RaftServer (RaftServerProxy.java:addNew(100)) - 6ea81ba3-4cc7-4d8f-90c6-66e0677302b1: addNew group-A0CB2781DB65:[6ea81ba3-4cc7-4d8f-90c6-66e0677302b1|10.1.0.43:15121] returns group-A0CB2781DB65:java.util.concurrent.CompletableFuture@1638f9a1[Not completed]
2024-02-09 18:34:06,520 [6ea81ba3-4cc7-4d8f-90c6-66e0677302b1-groupManagement] INFO  server.RaftServer$Division (RaftServerImpl.java:<init>(256)) - 6ea81ba3-4cc7-4d8f-90c6-66e0677302b1: new RaftServerImpl for group-A0CB2781DB65:[6ea81ba3-4cc7-4d8f-90c6-66e0677302b1|10.1.0.43:15121] with ContainerStateMachine:uninitialized
2024-02-09 18:34:06,521 [6ea81ba3-4cc7-4d8f-90c6-66e0677302b1-groupManagement] INFO  server.RaftServerConfigKeys (ConfUtils.java:logGet(46)) - raft.server.rpc.timeout.min = 5s (custom)
2024-02-09 18:34:06,521 [6ea81ba3-4cc7-4d8f-90c6-66e0677302b1-groupManagement] INFO  server.RaftServerConfigKeys (ConfUtils.java:logGet(46)) - raft.server.rpc.timeout.max = 5200ms (custom)
2024-02-09 18:34:06,521 [6ea81ba3-4cc7-4d8f-90c6-66e0677302b1-groupManagement] INFO  server.RaftServerConfigKeys (ConfUtils.java:logGet(46)) - raft.server.rpc.sleep.time = 25ms (default)
2024-02-09 18:34:06,521 [6ea81ba3-4cc7-4d8f-90c6-66e0677302b1-groupManagement] INFO  server.RaftServerConfigKeys (ConfUtils.java:logGet(46)) - raft.server.rpc.slowness.timeout = 300000ms (custom)
2024-02-09 18:34:06,521 [6ea81ba3-4cc7-4d8f-90c6-66e0677302b1-groupManagement] INFO  server.RaftServerConfigKeys (ConfUtils.java:logGet(46)) - raft.server.leaderelection.leader.step-down.wait-time = 10s (default)
2024-02-09 18:34:06,521 [6ea81ba3-4cc7-4d8f-90c6-66e0677302b1-groupManagement] INFO  server.RaftServerConfigKeys (ConfUtils.java:logGet(46)) - raft.server.leaderelection.member.majority-add = false (default)
2024-02-09 18:34:06,521 [6ea81ba3-4cc7-4d8f-90c6-66e0677302b1-groupManagement] INFO  server.RaftServerConfigKeys (ConfUtils.java:logGet(46)) - raft.server.sleep.deviation.threshold = 300ms (default)
2024-02-09 18:34:06,521 [6ea81ba3-4cc7-4d8f-90c6-66e0677302b1-groupManagement] INFO  server.RaftServer$Division (ServerState.java:<init>(113)) - 6ea81ba3-4cc7-4d8f-90c6-66e0677302b1@group-A0CB2781DB65: ConfigurationManager, init=-1: peers:[6ea81ba3-4cc7-4d8f-90c6-66e0677302b1|10.1.0.43:15121]|listeners:[], old=null, confs=<EMPTY_MAP>
2024-02-09 18:34:06,521 [6ea81ba3-4cc7-4d8f-90c6-66e0677302b1-groupManagement] INFO  server.RaftServerConfigKeys (ConfUtils.java:logGet(46)) - raft.server.notification.no-leader.timeout = 300000ms (custom)
2024-02-09 18:34:06,521 [6ea81ba3-4cc7-4d8f-90c6-66e0677302b1-groupManagement] INFO  server.RaftServerConfigKeys (ConfUtils.java:logGet(46)) - raft.server.read.timeout = 10s (default)
2024-02-09 18:34:06,521 [6ea81ba3-4cc7-4d8f-90c6-66e0677302b1-groupManagement] INFO  server.RaftServerConfigKeys (ConfUtils.java:logGet(46)) - raft.server.retrycache.expirytime = 600000ms (custom)
2024-02-09 18:34:06,521 [6ea81ba3-4cc7-4d8f-90c6-66e0677302b1-groupManagement] INFO  server.RaftServerConfigKeys (ConfUtils.java:logGet(46)) - raft.server.retrycache.statistics.expirytime = 100ms (default)
2024-02-09 18:34:06,521 [6ea81ba3-4cc7-4d8f-90c6-66e0677302b1-groupManagement] INFO  server.RaftServerConfigKeys (ConfUtils.java:logGet(46)) - raft.server.read.option = DEFAULT (default)
2024-02-09 18:34:06,521 [6ea81ba3-4cc7-4d8f-90c6-66e0677302b1-groupManagement] INFO  server.RaftServerConfigKeys (ConfUtils.java:logGet(46)) - raft.server.read.read-after-write-consistent.write-index-cache.expiry-time = 60s (default)
2024-02-09 18:34:06,524 [6ea81ba3-4cc7-4d8f-90c6-66e0677302b1-groupManagement] INFO  server.RaftServerConfigKeys (ConfUtils.java:logGet(46)) - raft.server.rpc.request.timeout = 3000ms (default)
2024-02-09 18:34:06,524 [6ea81ba3-4cc7-4d8f-90c6-66e0677302b1-groupManagement] INFO  server.RaftServerConfigKeys (ConfUtils.java:logGet(46)) - raft.server.log.appender.install.snapshot.enabled = false (custom)
2024-02-09 18:34:06,524 [6ea81ba3-4cc7-4d8f-90c6-66e0677302b1-groupManagement] INFO  server.RaftServerConfigKeys (ConfUtils.java:logGet(46)) - raft.server.threadpool.server.cached = true (default)
2024-02-09 18:34:06,524 [6ea81ba3-4cc7-4d8f-90c6-66e0677302b1-groupManagement] INFO  server.RaftServerConfigKeys (ConfUtils.java:logGet(46)) - raft.server.threadpool.server.size = 0 (default)
2024-02-09 18:34:06,524 [6ea81ba3-4cc7-4d8f-90c6-66e0677302b1-groupManagement] INFO  server.RaftServerConfigKeys (ConfUtils.java:logGet(46)) - raft.server.threadpool.client.cached = true (default)
2024-02-09 18:34:06,524 [6ea81ba3-4cc7-4d8f-90c6-66e0677302b1-groupManagement] INFO  server.RaftServerConfigKeys (ConfUtils.java:logGet(46)) - raft.server.threadpool.client.size = 0 (default)
2024-02-09 18:34:06,524 [6ea81ba3-4cc7-4d8f-90c6-66e0677302b1-groupManagement] INFO  server.RaftServerConfigKeys (ConfUtils.java:logGet(46)) - raft.server.storage.free-space.min = 0MB (=0) (default)
2024-02-09 18:34:06,524 [6ea81ba3-4cc7-4d8f-90c6-66e0677302b1-groupManagement] INFO  server.RaftServerConfigKeys (ConfUtils.java:logGet(46)) - raft.server.log.corruption.policy = EXCEPTION (default)
2024-02-09 18:34:06,524 [6ea81ba3-4cc7-4d8f-90c6-66e0677302b1-groupManagement] INFO  server.RaftServerConfigKeys (ConfUtils.java:logGet(46)) - raft.server.storage.dir = [/home/runner/work/ozone/ozone/hadoop-ozone/integration-test/target/test-dir/MiniOzoneClusterImpl-2e7e0147-493e-4f7b-8772-843c2731e345/datanode-2/data/ratis] (custom)
2024-02-09 18:34:06,524 [6ea81ba3-4cc7-4d8f-90c6-66e0677302b1-groupManagement] INFO  storage.RaftStorageDirectory (RaftStorageDirectoryImpl.java:analyzeStorage(138)) - The storage directory /home/runner/work/ozone/ozone/hadoop-ozone/integration-test/target/test-dir/MiniOzoneClusterImpl-2e7e0147-493e-4f7b-8772-843c2731e345/datanode-2/data/ratis/10516015-4840-4d7d-9e66-a0cb2781db65 does not exist. Creating ...
2024-02-09 18:34:06,525 [6ea81ba3-4cc7-4d8f-90c6-66e0677302b1-groupManagement] INFO  storage.RaftStorageDirectory (RaftStorageDirectoryImpl.java:tryLock(228)) - Lock on /home/runner/work/ozone/ozone/hadoop-ozone/integration-test/target/test-dir/MiniOzoneClusterImpl-2e7e0147-493e-4f7b-8772-843c2731e345/datanode-2/data/ratis/10516015-4840-4d7d-9e66-a0cb2781db65/in_use.lock acquired by nodename 37674@fv-az1241-572
2024-02-09 18:34:06,526 [6ea81ba3-4cc7-4d8f-90c6-66e0677302b1-groupManagement] INFO  storage.RaftStorage (RaftStorageImpl.java:format(99)) - Storage directory /home/runner/work/ozone/ozone/hadoop-ozone/integration-test/target/test-dir/MiniOzoneClusterImpl-2e7e0147-493e-4f7b-8772-843c2731e345/datanode-2/data/ratis/10516015-4840-4d7d-9e66-a0cb2781db65 has been successfully formatted.
2024-02-09 18:34:06,526 [6ea81ba3-4cc7-4d8f-90c6-66e0677302b1-groupManagement] WARN  util.FileUtils (LogUtils.java:supplyAndLog(63)) - Failed to Files.newInputStream /home/runner/work/ozone/ozone/hadoop-ozone/integration-test/target/test-dir/MiniOzoneClusterImpl-2e7e0147-493e-4f7b-8772-843c2731e345/datanode-2/data/ratis/10516015-4840-4d7d-9e66-a0cb2781db65/current/raft-meta.conf with options []: java.nio.file.NoSuchFileException: /home/runner/work/ozone/ozone/hadoop-ozone/integration-test/target/test-dir/MiniOzoneClusterImpl-2e7e0147-493e-4f7b-8772-843c2731e345/datanode-2/data/ratis/10516015-4840-4d7d-9e66-a0cb2781db65/current/raft-meta.conf
2024-02-09 18:34:06,527 [6ea81ba3-4cc7-4d8f-90c6-66e0677302b1-groupManagement] INFO  ratis.ContainerStateMachine (ContainerStateMachine.java:loadSnapshot(287)) - group-A0CB2781DB65: The snapshot info is null. Setting the last applied index to:(t:0, i:~)
2024-02-09 18:34:06,527 [6ea81ba3-4cc7-4d8f-90c6-66e0677302b1-groupManagement] INFO  server.RaftServerConfigKeys (ConfUtils.java:logGet(46)) - raft.server.log.use.memory = false (default)
2024-02-09 18:34:06,527 [6ea81ba3-4cc7-4d8f-90c6-66e0677302b1-groupManagement] INFO  server.RaftServerConfigKeys (ConfUtils.java:logGet(46)) - raft.server.log.purge.gap = 1000000 (custom)
2024-02-09 18:34:06,527 [6ea81ba3-4cc7-4d8f-90c6-66e0677302b1-groupManagement] INFO  server.RaftServerConfigKeys (ConfUtils.java:logGet(46)) - raft.server.log.appender.buffer.byte-limit = 8388608 (custom)
2024-02-09 18:34:06,527 [6ea81ba3-4cc7-4d8f-90c6-66e0677302b1-groupManagement] INFO  server.RaftServerConfigKeys (ConfUtils.java:logGet(46)) - raft.server.log.statemachine.data.read.timeout = 1000ms (default)
2024-02-09 18:34:06,527 [6ea81ba3-4cc7-4d8f-90c6-66e0677302b1-groupManagement] INFO  server.RaftServerConfigKeys (ConfUtils.java:logGet(46)) - raft.server.log.purge.preservation.log.num = 0 (default)
2024-02-09 18:34:06,528 [EventQueue-PipelineReportForPipelineReportHandler] INFO  pipeline.PipelineReportHandler (PipelineReportHandler.java:processPipelineReport(136)) - Opened pipeline PipelineID=10516015-4840-4d7d-9e66-a0cb2781db65
2024-02-09 18:34:06,528 [EventQueue-OpenPipelineForHealthyPipelineSafeModeRule] INFO  safemode.SCMSafeModeManager (HealthyPipelineSafeModeRule.java:process(140)) - SCM in safe mode. Healthy pipelines reported count is 0, required healthy pipeline reported count is 1
2024-02-09 18:34:06,529 [6ea81ba3-4cc7-4d8f-90c6-66e0677302b1-groupManagement] INFO  server.RaftServerConfigKeys (ConfUtils.java:logGet(46)) - raft.server.log.segment.size.max = 67108864 (custom)
2024-02-09 18:34:06,529 [6ea81ba3-4cc7-4d8f-90c6-66e0677302b1-groupManagement] INFO  server.RaftServerConfigKeys (ConfUtils.java:logGet(46)) - raft.server.log.segment.cache.num.max = 2 (custom)
2024-02-09 18:34:06,529 [6ea81ba3-4cc7-4d8f-90c6-66e0677302b1-groupManagement] INFO  server.RaftServerConfigKeys (ConfUtils.java:logGet(46)) - raft.server.log.segment.cache.size.max = 200MB (=209715200) (default)
2024-02-09 18:34:06,529 [6ea81ba3-4cc7-4d8f-90c6-66e0677302b1-groupManagement] INFO  server.RaftServerConfigKeys (ConfUtils.java:logGet(46)) - raft.server.log.appender.buffer.byte-limit = 8388608 (custom)
2024-02-09 18:34:06,530 [6ea81ba3-4cc7-4d8f-90c6-66e0677302b1-groupManagement] INFO  util.AwaitToRun (AwaitToRun.java:start(81)) - Thread[6ea81ba3-4cc7-4d8f-90c6-66e0677302b1@group-A0CB2781DB65-cacheEviction-AwaitToRun,5,main] started
2024-02-09 18:34:06,530 [6ea81ba3-4cc7-4d8f-90c6-66e0677302b1-groupManagement] INFO  segmented.SegmentedRaftLogWorker (SegmentedRaftLogWorker.java:<init>(182)) - new 6ea81ba3-4cc7-4d8f-90c6-66e0677302b1@group-A0CB2781DB65-SegmentedRaftLogWorker for RaftStorageImpl:Storage Directory /home/runner/work/ozone/ozone/hadoop-ozone/integration-test/target/test-dir/MiniOzoneClusterImpl-2e7e0147-493e-4f7b-8772-843c2731e345/datanode-2/data/ratis/10516015-4840-4d7d-9e66-a0cb2781db65
2024-02-09 18:34:06,530 [6ea81ba3-4cc7-4d8f-90c6-66e0677302b1-groupManagement] INFO  server.RaftServerConfigKeys (ConfUtils.java:logGet(46)) - raft.server.log.queue.byte-limit = 4294967296 (custom)
2024-02-09 18:34:06,530 [6ea81ba3-4cc7-4d8f-90c6-66e0677302b1-groupManagement] INFO  server.RaftServerConfigKeys (ConfUtils.java:logGet(46)) - raft.server.log.queue.element-limit = 1024 (custom)
2024-02-09 18:34:06,530 [6ea81ba3-4cc7-4d8f-90c6-66e0677302b1-groupManagement] INFO  server.RaftServerConfigKeys (ConfUtils.java:logGet(46)) - raft.server.log.segment.size.max = 67108864 (custom)
2024-02-09 18:34:06,530 [6ea81ba3-4cc7-4d8f-90c6-66e0677302b1-groupManagement] INFO  server.RaftServerConfigKeys (ConfUtils.java:logGet(46)) - raft.server.log.preallocated.size = 4194304 (custom)
2024-02-09 18:34:06,530 [6ea81ba3-4cc7-4d8f-90c6-66e0677302b1-groupManagement] INFO  server.RaftServerConfigKeys (ConfUtils.java:logGet(46)) - raft.server.log.force.sync.num = 128 (default)
2024-02-09 18:34:06,530 [6ea81ba3-4cc7-4d8f-90c6-66e0677302b1-groupManagement] INFO  server.RaftServerConfigKeys (ConfUtils.java:logGet(46)) - raft.server.log.statemachine.data.sync = true (default)
2024-02-09 18:34:06,530 [6ea81ba3-4cc7-4d8f-90c6-66e0677302b1-groupManagement] INFO  server.RaftServerConfigKeys (ConfUtils.java:logGet(46)) - raft.server.log.statemachine.data.sync.timeout = 10s (default)
2024-02-09 18:34:06,530 [6ea81ba3-4cc7-4d8f-90c6-66e0677302b1-groupManagement] INFO  server.RaftServerConfigKeys (ConfUtils.java:logGet(46)) - raft.server.log.statemachine.data.sync.timeout.retry = 0 (custom)
2024-02-09 18:34:06,531 [6ea81ba3-4cc7-4d8f-90c6-66e0677302b1-groupManagement] INFO  server.RaftServerConfigKeys (ConfUtils.java:logGet(46)) - raft.server.log.write.buffer.size = 8388616 (custom)
2024-02-09 18:34:06,532 [6ea81ba3-4cc7-4d8f-90c6-66e0677302b1-groupManagement] INFO  server.RaftServerConfigKeys (ConfUtils.java:logGet(46)) - raft.server.log.appender.buffer.byte-limit = 8388608 (custom)
2024-02-09 18:34:06,532 [6ea81ba3-4cc7-4d8f-90c6-66e0677302b1-groupManagement] INFO  server.RaftServerConfigKeys (ConfUtils.java:logGet(46)) - raft.server.log.unsafe-flush.enabled = false (default)
2024-02-09 18:34:06,532 [6ea81ba3-4cc7-4d8f-90c6-66e0677302b1-groupManagement] INFO  server.RaftServerConfigKeys (ConfUtils.java:logGet(46)) - raft.server.log.async-flush.enabled = false (default)
2024-02-09 18:34:06,532 [6ea81ba3-4cc7-4d8f-90c6-66e0677302b1-groupManagement] INFO  server.RaftServerConfigKeys (ConfUtils.java:logGet(46)) - raft.server.log.statemachine.data.caching.enabled = true (custom)
2024-02-09 18:34:06,532 [6ea81ba3-4cc7-4d8f-90c6-66e0677302b1-groupManagement] INFO  segmented.SegmentedRaftLogWorker (SegmentedRaftLogWorker.java:lambda$new$0(134)) - 6ea81ba3-4cc7-4d8f-90c6-66e0677302b1@group-A0CB2781DB65-SegmentedRaftLogWorker: flushIndex: setUnconditionally 0 -> -1
2024-02-09 18:34:06,532 [6ea81ba3-4cc7-4d8f-90c6-66e0677302b1-groupManagement] INFO  segmented.SegmentedRaftLogWorker (SegmentedRaftLogWorker.java:lambda$new$0(134)) - 6ea81ba3-4cc7-4d8f-90c6-66e0677302b1@group-A0CB2781DB65-SegmentedRaftLogWorker: safeCacheEvictIndex: setUnconditionally 0 -> -1
2024-02-09 18:34:06,532 [6ea81ba3-4cc7-4d8f-90c6-66e0677302b1-groupManagement] INFO  server.RaftServer$Division (RaftServerImpl.java:start(396)) - 6ea81ba3-4cc7-4d8f-90c6-66e0677302b1@group-A0CB2781DB65: start as a follower, conf=-1: peers:[6ea81ba3-4cc7-4d8f-90c6-66e0677302b1|10.1.0.43:15121]|listeners:[], old=null
2024-02-09 18:34:06,532 [6ea81ba3-4cc7-4d8f-90c6-66e0677302b1-groupManagement] INFO  server.RaftServer$Division (RaftServerImpl.java:setRole(383)) - 6ea81ba3-4cc7-4d8f-90c6-66e0677302b1@group-A0CB2781DB65: changes role from      null to FOLLOWER at term 0 for startAsFollower
2024-02-09 18:34:06,533 [6ea81ba3-4cc7-4d8f-90c6-66e0677302b1-groupManagement] INFO  impl.RoleInfo (RoleInfo.java:updateAndGet(139)) - 6ea81ba3-4cc7-4d8f-90c6-66e0677302b1: start 6ea81ba3-4cc7-4d8f-90c6-66e0677302b1@group-A0CB2781DB65-FollowerState
2024-02-09 18:34:06,533 [6ea81ba3-4cc7-4d8f-90c6-66e0677302b1@group-A0CB2781DB65-FollowerState] INFO  server.RaftServerConfigKeys (ConfUtils.java:logFallback(53)) - raft.server.rpc.first-election.timeout.min = 5s (fallback to raft.server.rpc.timeout.min)
2024-02-09 18:34:06,533 [6ea81ba3-4cc7-4d8f-90c6-66e0677302b1-groupManagement] INFO  util.JmxRegister (JmxRegister.java:tryRegister(44)) - Successfully registered JMX Bean with object name Ratis:service=RaftServer,group=group-A0CB2781DB65,id=6ea81ba3-4cc7-4d8f-90c6-66e0677302b1
2024-02-09 18:34:06,533 [6ea81ba3-4cc7-4d8f-90c6-66e0677302b1@group-A0CB2781DB65-FollowerState] INFO  server.RaftServerConfigKeys (ConfUtils.java:logFallback(53)) - raft.server.rpc.first-election.timeout.max = 5200ms (fallback to raft.server.rpc.timeout.max)
2024-02-09 18:34:06,533 [6ea81ba3-4cc7-4d8f-90c6-66e0677302b1-groupManagement] INFO  server.RaftServerConfigKeys (ConfUtils.java:logGet(46)) - raft.server.snapshot.trigger-when-stop.enabled = true (default)
2024-02-09 18:34:06,533 [6ea81ba3-4cc7-4d8f-90c6-66e0677302b1-groupManagement] INFO  server.RaftServerConfigKeys (ConfUtils.java:logGet(46)) - raft.server.snapshot.auto.trigger.enabled = true (custom)
2024-02-09 18:34:06,533 [6ea81ba3-4cc7-4d8f-90c6-66e0677302b1-groupManagement] INFO  server.RaftServerConfigKeys (ConfUtils.java:logGet(46)) - raft.server.snapshot.auto.trigger.threshold = 10000 (custom)
2024-02-09 18:34:06,533 [6ea81ba3-4cc7-4d8f-90c6-66e0677302b1-groupManagement] INFO  server.RaftServerConfigKeys (ConfUtils.java:logGet(46)) - raft.server.snapshot.retention.file.num = 5 (custom)
2024-02-09 18:34:06,533 [6ea81ba3-4cc7-4d8f-90c6-66e0677302b1-groupManagement] INFO  server.RaftServerConfigKeys (ConfUtils.java:logGet(46)) - raft.server.log.purge.upto.snapshot.index = false (default)
2024-02-09 18:34:06,533 [6ea81ba3-4cc7-4d8f-90c6-66e0677302b1-PipelineCommandHandlerThread-0] INFO  ratis.XceiverServerRatis (XceiverServerRatis.java:addGroup(864)) - Created group PipelineID=10516015-4840-4d7d-9e66-a0cb2781db65
2024-02-09 18:34:06,534 [6ea81ba3-4cc7-4d8f-90c6-66e0677302b1-PipelineCommandHandlerThread-0] INFO  commandhandler.CreatePipelineCommandHandler (CreatePipelineCommandHandler.java:lambda$handle$2(124)) - Created Pipeline RATIS ONE PipelineID=10516015-4840-4d7d-9e66-a0cb2781db65.
2024-02-09 18:34:06,628 [19714071-6985-4253-9bb3-86e59ac051d1-PipelineCommandHandlerThread-0] INFO  server.RaftServer (RaftServerProxy.java:addNew(100)) - 19714071-6985-4253-9bb3-86e59ac051d1: addNew group-883661F076CC:[19714071-6985-4253-9bb3-86e59ac051d1|10.1.0.43:15130] returns group-883661F076CC:java.util.concurrent.CompletableFuture@11c9f13f[Not completed]
2024-02-09 18:34:06,629 [19714071-6985-4253-9bb3-86e59ac051d1-groupManagement] INFO  server.RaftServer$Division (RaftServerImpl.java:<init>(256)) - 19714071-6985-4253-9bb3-86e59ac051d1: new RaftServerImpl for group-883661F076CC:[19714071-6985-4253-9bb3-86e59ac051d1|10.1.0.43:15130] with ContainerStateMachine:uninitialized
2024-02-09 18:34:06,629 [19714071-6985-4253-9bb3-86e59ac051d1-groupManagement] INFO  server.RaftServerConfigKeys (ConfUtils.java:logGet(46)) - raft.server.rpc.timeout.min = 5s (custom)
2024-02-09 18:34:06,629 [19714071-6985-4253-9bb3-86e59ac051d1-groupManagement] INFO  server.RaftServerConfigKeys (ConfUtils.java:logGet(46)) - raft.server.rpc.timeout.max = 5200ms (custom)
2024-02-09 18:34:06,629 [19714071-6985-4253-9bb3-86e59ac051d1-groupManagement] INFO  server.RaftServerConfigKeys (ConfUtils.java:logGet(46)) - raft.server.rpc.sleep.time = 25ms (default)
2024-02-09 18:34:06,629 [19714071-6985-4253-9bb3-86e59ac051d1-groupManagement] INFO  server.RaftServerConfigKeys (ConfUtils.java:logGet(46)) - raft.server.rpc.slowness.timeout = 300000ms (custom)
2024-02-09 18:34:06,629 [19714071-6985-4253-9bb3-86e59ac051d1-groupManagement] INFO  server.RaftServerConfigKeys (ConfUtils.java:logGet(46)) - raft.server.leaderelection.leader.step-down.wait-time = 10s (default)
2024-02-09 18:34:06,629 [19714071-6985-4253-9bb3-86e59ac051d1-groupManagement] INFO  server.RaftServerConfigKeys (ConfUtils.java:logGet(46)) - raft.server.leaderelection.member.majority-add = false (default)
2024-02-09 18:34:06,629 [19714071-6985-4253-9bb3-86e59ac051d1-groupManagement] INFO  server.RaftServerConfigKeys (ConfUtils.java:logGet(46)) - raft.server.sleep.deviation.threshold = 300ms (default)
2024-02-09 18:34:06,630 [19714071-6985-4253-9bb3-86e59ac051d1-groupManagement] INFO  server.RaftServer$Division (ServerState.java:<init>(113)) - 19714071-6985-4253-9bb3-86e59ac051d1@group-883661F076CC: ConfigurationManager, init=-1: peers:[19714071-6985-4253-9bb3-86e59ac051d1|10.1.0.43:15130]|listeners:[], old=null, confs=<EMPTY_MAP>
2024-02-09 18:34:06,630 [19714071-6985-4253-9bb3-86e59ac051d1-groupManagement] INFO  server.RaftServerConfigKeys (ConfUtils.java:logGet(46)) - raft.server.notification.no-leader.timeout = 300000ms (custom)
2024-02-09 18:34:06,630 [19714071-6985-4253-9bb3-86e59ac051d1-groupManagement] INFO  server.RaftServerConfigKeys (ConfUtils.java:logGet(46)) - raft.server.read.timeout = 10s (default)
2024-02-09 18:34:06,630 [19714071-6985-4253-9bb3-86e59ac051d1-groupManagement] INFO  server.RaftServerConfigKeys (ConfUtils.java:logGet(46)) - raft.server.retrycache.expirytime = 600000ms (custom)
2024-02-09 18:34:06,630 [19714071-6985-4253-9bb3-86e59ac051d1-groupManagement] INFO  server.RaftServerConfigKeys (ConfUtils.java:logGet(46)) - raft.server.retrycache.statistics.expirytime = 100ms (default)
2024-02-09 18:34:06,630 [19714071-6985-4253-9bb3-86e59ac051d1-groupManagement] INFO  server.RaftServerConfigKeys (ConfUtils.java:logGet(46)) - raft.server.read.option = DEFAULT (default)
2024-02-09 18:34:06,630 [19714071-6985-4253-9bb3-86e59ac051d1-groupManagement] INFO  server.RaftServerConfigKeys (ConfUtils.java:logGet(46)) - raft.server.read.read-after-write-consistent.write-index-cache.expiry-time = 60s (default)
2024-02-09 18:34:06,632 [19714071-6985-4253-9bb3-86e59ac051d1-groupManagement] INFO  server.RaftServerConfigKeys (ConfUtils.java:logGet(46)) - raft.server.rpc.request.timeout = 3000ms (default)
2024-02-09 18:34:06,632 [19714071-6985-4253-9bb3-86e59ac051d1-groupManagement] INFO  server.RaftServerConfigKeys (ConfUtils.java:logGet(46)) - raft.server.log.appender.install.snapshot.enabled = false (custom)
2024-02-09 18:34:06,632 [19714071-6985-4253-9bb3-86e59ac051d1-groupManagement] INFO  server.RaftServerConfigKeys (ConfUtils.java:logGet(46)) - raft.server.threadpool.server.cached = true (default)
2024-02-09 18:34:06,632 [19714071-6985-4253-9bb3-86e59ac051d1-groupManagement] INFO  server.RaftServerConfigKeys (ConfUtils.java:logGet(46)) - raft.server.threadpool.server.size = 0 (default)
2024-02-09 18:34:06,632 [19714071-6985-4253-9bb3-86e59ac051d1-groupManagement] INFO  server.RaftServerConfigKeys (ConfUtils.java:logGet(46)) - raft.server.threadpool.client.cached = true (default)
2024-02-09 18:34:06,632 [19714071-6985-4253-9bb3-86e59ac051d1-groupManagement] INFO  server.RaftServerConfigKeys (ConfUtils.java:logGet(46)) - raft.server.threadpool.client.size = 0 (default)
2024-02-09 18:34:06,632 [19714071-6985-4253-9bb3-86e59ac051d1-groupManagement] INFO  server.RaftServerConfigKeys (ConfUtils.java:logGet(46)) - raft.server.storage.free-space.min = 0MB (=0) (default)
2024-02-09 18:34:06,632 [19714071-6985-4253-9bb3-86e59ac051d1-groupManagement] INFO  server.RaftServerConfigKeys (ConfUtils.java:logGet(46)) - raft.server.log.corruption.policy = EXCEPTION (default)
2024-02-09 18:34:06,632 [19714071-6985-4253-9bb3-86e59ac051d1-groupManagement] INFO  server.RaftServerConfigKeys (ConfUtils.java:logGet(46)) - raft.server.storage.dir = [/home/runner/work/ozone/ozone/hadoop-ozone/integration-test/target/test-dir/MiniOzoneClusterImpl-2e7e0147-493e-4f7b-8772-843c2731e345/datanode-3/data/ratis] (custom)
2024-02-09 18:34:06,632 [19714071-6985-4253-9bb3-86e59ac051d1-groupManagement] INFO  storage.RaftStorageDirectory (RaftStorageDirectoryImpl.java:analyzeStorage(138)) - The storage directory /home/runner/work/ozone/ozone/hadoop-ozone/integration-test/target/test-dir/MiniOzoneClusterImpl-2e7e0147-493e-4f7b-8772-843c2731e345/datanode-3/data/ratis/4f169573-c25f-413c-a30c-883661f076cc does not exist. Creating ...
2024-02-09 18:34:06,633 [19714071-6985-4253-9bb3-86e59ac051d1-groupManagement] INFO  storage.RaftStorageDirectory (RaftStorageDirectoryImpl.java:tryLock(228)) - Lock on /home/runner/work/ozone/ozone/hadoop-ozone/integration-test/target/test-dir/MiniOzoneClusterImpl-2e7e0147-493e-4f7b-8772-843c2731e345/datanode-3/data/ratis/4f169573-c25f-413c-a30c-883661f076cc/in_use.lock acquired by nodename 37674@fv-az1241-572
2024-02-09 18:34:06,634 [19714071-6985-4253-9bb3-86e59ac051d1-groupManagement] INFO  storage.RaftStorage (RaftStorageImpl.java:format(99)) - Storage directory /home/runner/work/ozone/ozone/hadoop-ozone/integration-test/target/test-dir/MiniOzoneClusterImpl-2e7e0147-493e-4f7b-8772-843c2731e345/datanode-3/data/ratis/4f169573-c25f-413c-a30c-883661f076cc has been successfully formatted.
2024-02-09 18:34:06,634 [19714071-6985-4253-9bb3-86e59ac051d1-groupManagement] WARN  util.FileUtils (LogUtils.java:supplyAndLog(63)) - Failed to Files.newInputStream /home/runner/work/ozone/ozone/hadoop-ozone/integration-test/target/test-dir/MiniOzoneClusterImpl-2e7e0147-493e-4f7b-8772-843c2731e345/datanode-3/data/ratis/4f169573-c25f-413c-a30c-883661f076cc/current/raft-meta.conf with options []: java.nio.file.NoSuchFileException: /home/runner/work/ozone/ozone/hadoop-ozone/integration-test/target/test-dir/MiniOzoneClusterImpl-2e7e0147-493e-4f7b-8772-843c2731e345/datanode-3/data/ratis/4f169573-c25f-413c-a30c-883661f076cc/current/raft-meta.conf
2024-02-09 18:34:06,635 [19714071-6985-4253-9bb3-86e59ac051d1-groupManagement] INFO  ratis.ContainerStateMachine (ContainerStateMachine.java:loadSnapshot(287)) - group-883661F076CC: The snapshot info is null. Setting the last applied index to:(t:0, i:~)
2024-02-09 18:34:06,636 [19714071-6985-4253-9bb3-86e59ac051d1-groupManagement] INFO  server.RaftServerConfigKeys (ConfUtils.java:logGet(46)) - raft.server.log.use.memory = false (default)
2024-02-09 18:34:06,636 [19714071-6985-4253-9bb3-86e59ac051d1-groupManagement] INFO  server.RaftServerConfigKeys (ConfUtils.java:logGet(46)) - raft.server.log.purge.gap = 1000000 (custom)
2024-02-09 18:34:06,636 [19714071-6985-4253-9bb3-86e59ac051d1-groupManagement] INFO  server.RaftServerConfigKeys (ConfUtils.java:logGet(46)) - raft.server.log.appender.buffer.byte-limit = 8388608 (custom)
2024-02-09 18:34:06,636 [19714071-6985-4253-9bb3-86e59ac051d1-groupManagement] INFO  server.RaftServerConfigKeys (ConfUtils.java:logGet(46)) - raft.server.log.statemachine.data.read.timeout = 1000ms (default)
2024-02-09 18:34:06,636 [19714071-6985-4253-9bb3-86e59ac051d1-groupManagement] INFO  server.RaftServerConfigKeys (ConfUtils.java:logGet(46)) - raft.server.log.purge.preservation.log.num = 0 (default)
2024-02-09 18:34:06,637 [19714071-6985-4253-9bb3-86e59ac051d1-groupManagement] INFO  server.RaftServerConfigKeys (ConfUtils.java:logGet(46)) - raft.server.log.segment.size.max = 67108864 (custom)
2024-02-09 18:34:06,637 [EventQueue-PipelineReportForPipelineReportHandler] INFO  pipeline.PipelineReportHandler (PipelineReportHandler.java:processPipelineReport(136)) - Opened pipeline PipelineID=4f169573-c25f-413c-a30c-883661f076cc
2024-02-09 18:34:06,637 [EventQueue-OpenPipelineForHealthyPipelineSafeModeRule] INFO  safemode.SCMSafeModeManager (HealthyPipelineSafeModeRule.java:process(140)) - SCM in safe mode. Healthy pipelines reported count is 0, required healthy pipeline reported count is 1
2024-02-09 18:34:06,637 [19714071-6985-4253-9bb3-86e59ac051d1-groupManagement] INFO  server.RaftServerConfigKeys (ConfUtils.java:logGet(46)) - raft.server.log.segment.cache.num.max = 2 (custom)
2024-02-09 18:34:06,637 [19714071-6985-4253-9bb3-86e59ac051d1-groupManagement] INFO  server.RaftServerConfigKeys (ConfUtils.java:logGet(46)) - raft.server.log.segment.cache.size.max = 200MB (=209715200) (default)
2024-02-09 18:34:06,637 [19714071-6985-4253-9bb3-86e59ac051d1-groupManagement] INFO  server.RaftServerConfigKeys (ConfUtils.java:logGet(46)) - raft.server.log.appender.buffer.byte-limit = 8388608 (custom)
2024-02-09 18:34:06,638 [19714071-6985-4253-9bb3-86e59ac051d1-groupManagement] INFO  util.AwaitToRun (AwaitToRun.java:start(81)) - Thread[19714071-6985-4253-9bb3-86e59ac051d1@group-883661F076CC-cacheEviction-AwaitToRun,5,main] started
2024-02-09 18:34:06,638 [19714071-6985-4253-9bb3-86e59ac051d1-groupManagement] INFO  segmented.SegmentedRaftLogWorker (SegmentedRaftLogWorker.java:<init>(182)) - new 19714071-6985-4253-9bb3-86e59ac051d1@group-883661F076CC-SegmentedRaftLogWorker for RaftStorageImpl:Storage Directory /home/runner/work/ozone/ozone/hadoop-ozone/integration-test/target/test-dir/MiniOzoneClusterImpl-2e7e0147-493e-4f7b-8772-843c2731e345/datanode-3/data/ratis/4f169573-c25f-413c-a30c-883661f076cc
2024-02-09 18:34:06,638 [19714071-6985-4253-9bb3-86e59ac051d1-groupManagement] INFO  server.RaftServerConfigKeys (ConfUtils.java:logGet(46)) - raft.server.log.queue.byte-limit = 4294967296 (custom)
2024-02-09 18:34:06,638 [19714071-6985-4253-9bb3-86e59ac051d1-groupManagement] INFO  server.RaftServerConfigKeys (ConfUtils.java:logGet(46)) - raft.server.log.queue.element-limit = 1024 (custom)
2024-02-09 18:34:06,638 [19714071-6985-4253-9bb3-86e59ac051d1-groupManagement] INFO  server.RaftServerConfigKeys (ConfUtils.java:logGet(46)) - raft.server.log.segment.size.max = 67108864 (custom)
2024-02-09 18:34:06,638 [19714071-6985-4253-9bb3-86e59ac051d1-groupManagement] INFO  server.RaftServerConfigKeys (ConfUtils.java:logGet(46)) - raft.server.log.preallocated.size = 4194304 (custom)
2024-02-09 18:34:06,638 [19714071-6985-4253-9bb3-86e59ac051d1-groupManagement] INFO  server.RaftServerConfigKeys (ConfUtils.java:logGet(46)) - raft.server.log.force.sync.num = 128 (default)
2024-02-09 18:34:06,638 [19714071-6985-4253-9bb3-86e59ac051d1-groupManagement] INFO  server.RaftServerConfigKeys (ConfUtils.java:logGet(46)) - raft.server.log.statemachine.data.sync = true (default)
2024-02-09 18:34:06,638 [19714071-6985-4253-9bb3-86e59ac051d1-groupManagement] INFO  server.RaftServerConfigKeys (ConfUtils.java:logGet(46)) - raft.server.log.statemachine.data.sync.timeout = 10s (default)
2024-02-09 18:34:06,638 [19714071-6985-4253-9bb3-86e59ac051d1-groupManagement] INFO  server.RaftServerConfigKeys (ConfUtils.java:logGet(46)) - raft.server.log.statemachine.data.sync.timeout.retry = 0 (custom)
2024-02-09 18:34:06,638 [19714071-6985-4253-9bb3-86e59ac051d1-groupManagement] INFO  server.RaftServerConfigKeys (ConfUtils.java:logGet(46)) - raft.server.log.write.buffer.size = 8388616 (custom)
2024-02-09 18:34:06,640 [19714071-6985-4253-9bb3-86e59ac051d1-groupManagement] INFO  server.RaftServerConfigKeys (ConfUtils.java:logGet(46)) - raft.server.log.appender.buffer.byte-limit = 8388608 (custom)
2024-02-09 18:34:06,640 [19714071-6985-4253-9bb3-86e59ac051d1-groupManagement] INFO  server.RaftServerConfigKeys (ConfUtils.java:logGet(46)) - raft.server.log.unsafe-flush.enabled = false (default)
2024-02-09 18:34:06,640 [19714071-6985-4253-9bb3-86e59ac051d1-groupManagement] INFO  server.RaftServerConfigKeys (ConfUtils.java:logGet(46)) - raft.server.log.async-flush.enabled = false (default)
2024-02-09 18:34:06,640 [19714071-6985-4253-9bb3-86e59ac051d1-groupManagement] INFO  server.RaftServerConfigKeys (ConfUtils.java:logGet(46)) - raft.server.log.statemachine.data.caching.enabled = true (custom)
2024-02-09 18:34:06,640 [19714071-6985-4253-9bb3-86e59ac051d1-groupManagement] INFO  segmented.SegmentedRaftLogWorker (SegmentedRaftLogWorker.java:lambda$new$0(134)) - 19714071-6985-4253-9bb3-86e59ac051d1@group-883661F076CC-SegmentedRaftLogWorker: flushIndex: setUnconditionally 0 -> -1
2024-02-09 18:34:06,640 [19714071-6985-4253-9bb3-86e59ac051d1-groupManagement] INFO  segmented.SegmentedRaftLogWorker (SegmentedRaftLogWorker.java:lambda$new$0(134)) - 19714071-6985-4253-9bb3-86e59ac051d1@group-883661F076CC-SegmentedRaftLogWorker: safeCacheEvictIndex: setUnconditionally 0 -> -1
2024-02-09 18:34:06,640 [19714071-6985-4253-9bb3-86e59ac051d1-groupManagement] INFO  server.RaftServer$Division (RaftServerImpl.java:start(396)) - 19714071-6985-4253-9bb3-86e59ac051d1@group-883661F076CC: start as a follower, conf=-1: peers:[19714071-6985-4253-9bb3-86e59ac051d1|10.1.0.43:15130]|listeners:[], old=null
2024-02-09 18:34:06,640 [19714071-6985-4253-9bb3-86e59ac051d1-groupManagement] INFO  server.RaftServer$Division (RaftServerImpl.java:setRole(383)) - 19714071-6985-4253-9bb3-86e59ac051d1@group-883661F076CC: changes role from      null to FOLLOWER at term 0 for startAsFollower
2024-02-09 18:34:06,640 [19714071-6985-4253-9bb3-86e59ac051d1-groupManagement] INFO  impl.RoleInfo (RoleInfo.java:updateAndGet(139)) - 19714071-6985-4253-9bb3-86e59ac051d1: start 19714071-6985-4253-9bb3-86e59ac051d1@group-883661F076CC-FollowerState
2024-02-09 18:34:06,641 [19714071-6985-4253-9bb3-86e59ac051d1-groupManagement] INFO  util.JmxRegister (JmxRegister.java:tryRegister(44)) - Successfully registered JMX Bean with object name Ratis:service=RaftServer,group=group-883661F076CC,id=19714071-6985-4253-9bb3-86e59ac051d1
2024-02-09 18:34:06,641 [19714071-6985-4253-9bb3-86e59ac051d1-groupManagement] INFO  server.RaftServerConfigKeys (ConfUtils.java:logGet(46)) - raft.server.snapshot.trigger-when-stop.enabled = true (default)
2024-02-09 18:34:06,641 [19714071-6985-4253-9bb3-86e59ac051d1@group-883661F076CC-FollowerState] INFO  server.RaftServerConfigKeys (ConfUtils.java:logFallback(53)) - raft.server.rpc.first-election.timeout.min = 5s (fallback to raft.server.rpc.timeout.min)
2024-02-09 18:34:06,641 [19714071-6985-4253-9bb3-86e59ac051d1-groupManagement] INFO  server.RaftServerConfigKeys (ConfUtils.java:logGet(46)) - raft.server.snapshot.auto.trigger.enabled = true (custom)
2024-02-09 18:34:06,641 [19714071-6985-4253-9bb3-86e59ac051d1@group-883661F076CC-FollowerState] INFO  server.RaftServerConfigKeys (ConfUtils.java:logFallback(53)) - raft.server.rpc.first-election.timeout.max = 5200ms (fallback to raft.server.rpc.timeout.max)
2024-02-09 18:34:06,641 [19714071-6985-4253-9bb3-86e59ac051d1-groupManagement] INFO  server.RaftServerConfigKeys (ConfUtils.java:logGet(46)) - raft.server.snapshot.auto.trigger.threshold = 10000 (custom)
2024-02-09 18:34:06,641 [19714071-6985-4253-9bb3-86e59ac051d1-groupManagement] INFO  server.RaftServerConfigKeys (ConfUtils.java:logGet(46)) - raft.server.snapshot.retention.file.num = 5 (custom)
2024-02-09 18:34:06,641 [19714071-6985-4253-9bb3-86e59ac051d1-groupManagement] INFO  server.RaftServerConfigKeys (ConfUtils.java:logGet(46)) - raft.server.log.purge.upto.snapshot.index = false (default)
2024-02-09 18:34:06,642 [19714071-6985-4253-9bb3-86e59ac051d1-PipelineCommandHandlerThread-0] INFO  ratis.XceiverServerRatis (XceiverServerRatis.java:addGroup(864)) - Created group PipelineID=4f169573-c25f-413c-a30c-883661f076cc
2024-02-09 18:34:06,642 [19714071-6985-4253-9bb3-86e59ac051d1-PipelineCommandHandlerThread-0] INFO  commandhandler.CreatePipelineCommandHandler (CreatePipelineCommandHandler.java:lambda$handle$2(124)) - Created Pipeline RATIS ONE PipelineID=4f169573-c25f-413c-a30c-883661f076cc.
2024-02-09 18:34:06,642 [19714071-6985-4253-9bb3-86e59ac051d1-PipelineCommandHandlerThread-0] INFO  server.RaftServer (RaftServerProxy.java:addNew(100)) - 19714071-6985-4253-9bb3-86e59ac051d1: addNew group-7424B0B947B6:[c9aa2afb-1190-4a6b-bc65-38c12648ce52|10.1.0.43:15148, 19714071-6985-4253-9bb3-86e59ac051d1|10.1.0.43:15130, 50f87e96-d653-4358-9a58-224b3bed4094|10.1.0.43:15139] returns group-7424B0B947B6:java.util.concurrent.CompletableFuture@15f667de[Not completed]
2024-02-09 18:34:06,643 [19714071-6985-4253-9bb3-86e59ac051d1-groupManagement] INFO  server.RaftServer$Division (RaftServerImpl.java:<init>(256)) - 19714071-6985-4253-9bb3-86e59ac051d1: new RaftServerImpl for group-7424B0B947B6:[c9aa2afb-1190-4a6b-bc65-38c12648ce52|10.1.0.43:15148, 19714071-6985-4253-9bb3-86e59ac051d1|10.1.0.43:15130, 50f87e96-d653-4358-9a58-224b3bed4094|10.1.0.43:15139] with ContainerStateMachine:uninitialized
2024-02-09 18:34:06,643 [19714071-6985-4253-9bb3-86e59ac051d1-groupManagement] INFO  server.RaftServerConfigKeys (ConfUtils.java:logGet(46)) - raft.server.rpc.timeout.min = 5s (custom)
2024-02-09 18:34:06,643 [19714071-6985-4253-9bb3-86e59ac051d1-groupManagement] INFO  server.RaftServerConfigKeys (ConfUtils.java:logGet(46)) - raft.server.rpc.timeout.max = 5200ms (custom)
2024-02-09 18:34:06,643 [19714071-6985-4253-9bb3-86e59ac051d1-groupManagement] INFO  server.RaftServerConfigKeys (ConfUtils.java:logGet(46)) - raft.server.rpc.sleep.time = 25ms (default)
2024-02-09 18:34:06,643 [19714071-6985-4253-9bb3-86e59ac051d1-groupManagement] INFO  server.RaftServerConfigKeys (ConfUtils.java:logGet(46)) - raft.server.rpc.slowness.timeout = 300000ms (custom)
2024-02-09 18:34:06,644 [19714071-6985-4253-9bb3-86e59ac051d1-groupManagement] INFO  server.RaftServerConfigKeys (ConfUtils.java:logGet(46)) - raft.server.leaderelection.leader.step-down.wait-time = 10s (default)
2024-02-09 18:34:06,644 [19714071-6985-4253-9bb3-86e59ac051d1-groupManagement] INFO  server.RaftServerConfigKeys (ConfUtils.java:logGet(46)) - raft.server.leaderelection.member.majority-add = false (default)
2024-02-09 18:34:06,644 [19714071-6985-4253-9bb3-86e59ac051d1-groupManagement] INFO  server.RaftServerConfigKeys (ConfUtils.java:logGet(46)) - raft.server.sleep.deviation.threshold = 300ms (default)
2024-02-09 18:34:06,644 [19714071-6985-4253-9bb3-86e59ac051d1-groupManagement] INFO  server.RaftServer$Division (ServerState.java:<init>(113)) - 19714071-6985-4253-9bb3-86e59ac051d1@group-7424B0B947B6: ConfigurationManager, init=-1: peers:[c9aa2afb-1190-4a6b-bc65-38c12648ce52|10.1.0.43:15148, 19714071-6985-4253-9bb3-86e59ac051d1|10.1.0.43:15130, 50f87e96-d653-4358-9a58-224b3bed4094|10.1.0.43:15139]|listeners:[], old=null, confs=<EMPTY_MAP>
2024-02-09 18:34:06,644 [19714071-6985-4253-9bb3-86e59ac051d1-groupManagement] INFO  server.RaftServerConfigKeys (ConfUtils.java:logGet(46)) - raft.server.notification.no-leader.timeout = 300000ms (custom)
2024-02-09 18:34:06,644 [19714071-6985-4253-9bb3-86e59ac051d1-groupManagement] INFO  server.RaftServerConfigKeys (ConfUtils.java:logGet(46)) - raft.server.read.timeout = 10s (default)
2024-02-09 18:34:06,644 [19714071-6985-4253-9bb3-86e59ac051d1-groupManagement] INFO  server.RaftServerConfigKeys (ConfUtils.java:logGet(46)) - raft.server.retrycache.expirytime = 600000ms (custom)
2024-02-09 18:34:06,644 [19714071-6985-4253-9bb3-86e59ac051d1-groupManagement] INFO  server.RaftServerConfigKeys (ConfUtils.java:logGet(46)) - raft.server.retrycache.statistics.expirytime = 100ms (default)
2024-02-09 18:34:06,644 [19714071-6985-4253-9bb3-86e59ac051d1-groupManagement] INFO  server.RaftServerConfigKeys (ConfUtils.java:logGet(46)) - raft.server.read.option = DEFAULT (default)
2024-02-09 18:34:06,644 [19714071-6985-4253-9bb3-86e59ac051d1-groupManagement] INFO  server.RaftServerConfigKeys (ConfUtils.java:logGet(46)) - raft.server.read.read-after-write-consistent.write-index-cache.expiry-time = 60s (default)
2024-02-09 18:34:06,646 [19714071-6985-4253-9bb3-86e59ac051d1-groupManagement] INFO  server.RaftServerConfigKeys (ConfUtils.java:logGet(46)) - raft.server.rpc.request.timeout = 3000ms (default)
2024-02-09 18:34:06,646 [19714071-6985-4253-9bb3-86e59ac051d1-groupManagement] INFO  server.RaftServerConfigKeys (ConfUtils.java:logGet(46)) - raft.server.log.appender.install.snapshot.enabled = false (custom)
2024-02-09 18:34:06,646 [19714071-6985-4253-9bb3-86e59ac051d1-groupManagement] INFO  server.RaftServerConfigKeys (ConfUtils.java:logGet(46)) - raft.server.threadpool.server.cached = true (default)
2024-02-09 18:34:06,646 [19714071-6985-4253-9bb3-86e59ac051d1-groupManagement] INFO  server.RaftServerConfigKeys (ConfUtils.java:logGet(46)) - raft.server.threadpool.server.size = 0 (default)
2024-02-09 18:34:06,646 [19714071-6985-4253-9bb3-86e59ac051d1-groupManagement] INFO  server.RaftServerConfigKeys (ConfUtils.java:logGet(46)) - raft.server.threadpool.client.cached = true (default)
2024-02-09 18:34:06,646 [19714071-6985-4253-9bb3-86e59ac051d1-groupManagement] INFO  server.RaftServerConfigKeys (ConfUtils.java:logGet(46)) - raft.server.threadpool.client.size = 0 (default)
2024-02-09 18:34:06,646 [19714071-6985-4253-9bb3-86e59ac051d1-groupManagement] INFO  server.RaftServerConfigKeys (ConfUtils.java:logGet(46)) - raft.server.storage.free-space.min = 0MB (=0) (default)
2024-02-09 18:34:06,646 [19714071-6985-4253-9bb3-86e59ac051d1-groupManagement] INFO  server.RaftServerConfigKeys (ConfUtils.java:logGet(46)) - raft.server.log.corruption.policy = EXCEPTION (default)
2024-02-09 18:34:06,646 [19714071-6985-4253-9bb3-86e59ac051d1-groupManagement] INFO  server.RaftServerConfigKeys (ConfUtils.java:logGet(46)) - raft.server.storage.dir = [/home/runner/work/ozone/ozone/hadoop-ozone/integration-test/target/test-dir/MiniOzoneClusterImpl-2e7e0147-493e-4f7b-8772-843c2731e345/datanode-3/data/ratis] (custom)
2024-02-09 18:34:06,646 [19714071-6985-4253-9bb3-86e59ac051d1-groupManagement] INFO  storage.RaftStorageDirectory (RaftStorageDirectoryImpl.java:analyzeStorage(138)) - The storage directory /home/runner/work/ozone/ozone/hadoop-ozone/integration-test/target/test-dir/MiniOzoneClusterImpl-2e7e0147-493e-4f7b-8772-843c2731e345/datanode-3/data/ratis/2096f0bd-b3eb-436c-9982-7424b0b947b6 does not exist. Creating ...
2024-02-09 18:34:06,647 [19714071-6985-4253-9bb3-86e59ac051d1-groupManagement] INFO  storage.RaftStorageDirectory (RaftStorageDirectoryImpl.java:tryLock(228)) - Lock on /home/runner/work/ozone/ozone/hadoop-ozone/integration-test/target/test-dir/MiniOzoneClusterImpl-2e7e0147-493e-4f7b-8772-843c2731e345/datanode-3/data/ratis/2096f0bd-b3eb-436c-9982-7424b0b947b6/in_use.lock acquired by nodename 37674@fv-az1241-572
2024-02-09 18:34:06,648 [19714071-6985-4253-9bb3-86e59ac051d1-groupManagement] INFO  storage.RaftStorage (RaftStorageImpl.java:format(99)) - Storage directory /home/runner/work/ozone/ozone/hadoop-ozone/integration-test/target/test-dir/MiniOzoneClusterImpl-2e7e0147-493e-4f7b-8772-843c2731e345/datanode-3/data/ratis/2096f0bd-b3eb-436c-9982-7424b0b947b6 has been successfully formatted.
2024-02-09 18:34:06,648 [19714071-6985-4253-9bb3-86e59ac051d1-groupManagement] WARN  util.FileUtils (LogUtils.java:supplyAndLog(63)) - Failed to Files.newInputStream /home/runner/work/ozone/ozone/hadoop-ozone/integration-test/target/test-dir/MiniOzoneClusterImpl-2e7e0147-493e-4f7b-8772-843c2731e345/datanode-3/data/ratis/2096f0bd-b3eb-436c-9982-7424b0b947b6/current/raft-meta.conf with options []: java.nio.file.NoSuchFileException: /home/runner/work/ozone/ozone/hadoop-ozone/integration-test/target/test-dir/MiniOzoneClusterImpl-2e7e0147-493e-4f7b-8772-843c2731e345/datanode-3/data/ratis/2096f0bd-b3eb-436c-9982-7424b0b947b6/current/raft-meta.conf
2024-02-09 18:34:06,648 [19714071-6985-4253-9bb3-86e59ac051d1-groupManagement] INFO  ratis.ContainerStateMachine (ContainerStateMachine.java:loadSnapshot(287)) - group-7424B0B947B6: The snapshot info is null. Setting the last applied index to:(t:0, i:~)
2024-02-09 18:34:06,649 [19714071-6985-4253-9bb3-86e59ac051d1-groupManagement] INFO  server.RaftServerConfigKeys (ConfUtils.java:logGet(46)) - raft.server.log.use.memory = false (default)
2024-02-09 18:34:06,649 [19714071-6985-4253-9bb3-86e59ac051d1-groupManagement] INFO  server.RaftServerConfigKeys (ConfUtils.java:logGet(46)) - raft.server.log.purge.gap = 1000000 (custom)
2024-02-09 18:34:06,649 [19714071-6985-4253-9bb3-86e59ac051d1-groupManagement] INFO  server.RaftServerConfigKeys (ConfUtils.java:logGet(46)) - raft.server.log.appender.buffer.byte-limit = 8388608 (custom)
2024-02-09 18:34:06,649 [19714071-6985-4253-9bb3-86e59ac051d1-groupManagement] INFO  server.RaftServerConfigKeys (ConfUtils.java:logGet(46)) - raft.server.log.statemachine.data.read.timeout = 1000ms (default)
2024-02-09 18:34:06,649 [19714071-6985-4253-9bb3-86e59ac051d1-groupManagement] INFO  server.RaftServerConfigKeys (ConfUtils.java:logGet(46)) - raft.server.log.purge.preservation.log.num = 0 (default)
2024-02-09 18:34:06,649 [EventQueue-OpenPipelineForHealthyPipelineSafeModeRule] INFO  safemode.SCMSafeModeManager (HealthyPipelineSafeModeRule.java:process(140)) - SCM in safe mode. Healthy pipelines reported count is 0, required healthy pipeline reported count is 1
2024-02-09 18:34:06,650 [19714071-6985-4253-9bb3-86e59ac051d1-groupManagement] INFO  server.RaftServerConfigKeys (ConfUtils.java:logGet(46)) - raft.server.log.segment.size.max = 67108864 (custom)
2024-02-09 18:34:06,651 [19714071-6985-4253-9bb3-86e59ac051d1-groupManagement] INFO  server.RaftServerConfigKeys (ConfUtils.java:logGet(46)) - raft.server.log.segment.cache.num.max = 2 (custom)
2024-02-09 18:34:06,651 [19714071-6985-4253-9bb3-86e59ac051d1-groupManagement] INFO  server.RaftServerConfigKeys (ConfUtils.java:logGet(46)) - raft.server.log.segment.cache.size.max = 200MB (=209715200) (default)
2024-02-09 18:34:06,651 [19714071-6985-4253-9bb3-86e59ac051d1-groupManagement] INFO  server.RaftServerConfigKeys (ConfUtils.java:logGet(46)) - raft.server.log.appender.buffer.byte-limit = 8388608 (custom)
2024-02-09 18:34:06,651 [19714071-6985-4253-9bb3-86e59ac051d1-groupManagement] INFO  util.AwaitToRun (AwaitToRun.java:start(81)) - Thread[19714071-6985-4253-9bb3-86e59ac051d1@group-7424B0B947B6-cacheEviction-AwaitToRun,5,main] started
2024-02-09 18:34:06,651 [19714071-6985-4253-9bb3-86e59ac051d1-groupManagement] INFO  segmented.SegmentedRaftLogWorker (SegmentedRaftLogWorker.java:<init>(182)) - new 19714071-6985-4253-9bb3-86e59ac051d1@group-7424B0B947B6-SegmentedRaftLogWorker for RaftStorageImpl:Storage Directory /home/runner/work/ozone/ozone/hadoop-ozone/integration-test/target/test-dir/MiniOzoneClusterImpl-2e7e0147-493e-4f7b-8772-843c2731e345/datanode-3/data/ratis/2096f0bd-b3eb-436c-9982-7424b0b947b6
2024-02-09 18:34:06,651 [19714071-6985-4253-9bb3-86e59ac051d1-groupManagement] INFO  server.RaftServerConfigKeys (ConfUtils.java:logGet(46)) - raft.server.log.queue.byte-limit = 4294967296 (custom)
2024-02-09 18:34:06,651 [19714071-6985-4253-9bb3-86e59ac051d1-groupManagement] INFO  server.RaftServerConfigKeys (ConfUtils.java:logGet(46)) - raft.server.log.queue.element-limit = 1024 (custom)
2024-02-09 18:34:06,651 [19714071-6985-4253-9bb3-86e59ac051d1-groupManagement] INFO  server.RaftServerConfigKeys (ConfUtils.java:logGet(46)) - raft.server.log.segment.size.max = 67108864 (custom)
2024-02-09 18:34:06,651 [19714071-6985-4253-9bb3-86e59ac051d1-groupManagement] INFO  server.RaftServerConfigKeys (ConfUtils.java:logGet(46)) - raft.server.log.preallocated.size = 4194304 (custom)
2024-02-09 18:34:06,651 [19714071-6985-4253-9bb3-86e59ac051d1-groupManagement] INFO  server.RaftServerConfigKeys (ConfUtils.java:logGet(46)) - raft.server.log.force.sync.num = 128 (default)
2024-02-09 18:34:06,651 [19714071-6985-4253-9bb3-86e59ac051d1-groupManagement] INFO  server.RaftServerConfigKeys (ConfUtils.java:logGet(46)) - raft.server.log.statemachine.data.sync = true (default)
2024-02-09 18:34:06,651 [19714071-6985-4253-9bb3-86e59ac051d1-groupManagement] INFO  server.RaftServerConfigKeys (ConfUtils.java:logGet(46)) - raft.server.log.statemachine.data.sync.timeout = 10s (default)
2024-02-09 18:34:06,652 [19714071-6985-4253-9bb3-86e59ac051d1-groupManagement] INFO  server.RaftServerConfigKeys (ConfUtils.java:logGet(46)) - raft.server.log.statemachine.data.sync.timeout.retry = 0 (custom)
2024-02-09 18:34:06,652 [19714071-6985-4253-9bb3-86e59ac051d1-groupManagement] INFO  server.RaftServerConfigKeys (ConfUtils.java:logGet(46)) - raft.server.log.write.buffer.size = 8388616 (custom)
2024-02-09 18:34:06,653 [19714071-6985-4253-9bb3-86e59ac051d1-groupManagement] INFO  server.RaftServerConfigKeys (ConfUtils.java:logGet(46)) - raft.server.log.appender.buffer.byte-limit = 8388608 (custom)
2024-02-09 18:34:06,653 [19714071-6985-4253-9bb3-86e59ac051d1-groupManagement] INFO  server.RaftServerConfigKeys (ConfUtils.java:logGet(46)) - raft.server.log.unsafe-flush.enabled = false (default)
2024-02-09 18:34:06,653 [19714071-6985-4253-9bb3-86e59ac051d1-groupManagement] INFO  server.RaftServerConfigKeys (ConfUtils.java:logGet(46)) - raft.server.log.async-flush.enabled = false (default)
2024-02-09 18:34:06,653 [19714071-6985-4253-9bb3-86e59ac051d1-groupManagement] INFO  server.RaftServerConfigKeys (ConfUtils.java:logGet(46)) - raft.server.log.statemachine.data.caching.enabled = true (custom)
2024-02-09 18:34:06,654 [19714071-6985-4253-9bb3-86e59ac051d1-groupManagement] INFO  segmented.SegmentedRaftLogWorker (SegmentedRaftLogWorker.java:lambda$new$0(134)) - 19714071-6985-4253-9bb3-86e59ac051d1@group-7424B0B947B6-SegmentedRaftLogWorker: flushIndex: setUnconditionally 0 -> -1
2024-02-09 18:34:06,654 [19714071-6985-4253-9bb3-86e59ac051d1-groupManagement] INFO  segmented.SegmentedRaftLogWorker (SegmentedRaftLogWorker.java:lambda$new$0(134)) - 19714071-6985-4253-9bb3-86e59ac051d1@group-7424B0B947B6-SegmentedRaftLogWorker: safeCacheEvictIndex: setUnconditionally 0 -> -1
2024-02-09 18:34:06,654 [19714071-6985-4253-9bb3-86e59ac051d1-groupManagement] INFO  server.RaftServer$Division (RaftServerImpl.java:start(396)) - 19714071-6985-4253-9bb3-86e59ac051d1@group-7424B0B947B6: start as a follower, conf=-1: peers:[c9aa2afb-1190-4a6b-bc65-38c12648ce52|10.1.0.43:15148, 19714071-6985-4253-9bb3-86e59ac051d1|10.1.0.43:15130, 50f87e96-d653-4358-9a58-224b3bed4094|10.1.0.43:15139]|listeners:[], old=null
2024-02-09 18:34:06,654 [19714071-6985-4253-9bb3-86e59ac051d1-groupManagement] INFO  server.RaftServer$Division (RaftServerImpl.java:setRole(383)) - 19714071-6985-4253-9bb3-86e59ac051d1@group-7424B0B947B6: changes role from      null to FOLLOWER at term 0 for startAsFollower
2024-02-09 18:34:06,654 [19714071-6985-4253-9bb3-86e59ac051d1-groupManagement] INFO  impl.RoleInfo (RoleInfo.java:updateAndGet(139)) - 19714071-6985-4253-9bb3-86e59ac051d1: start 19714071-6985-4253-9bb3-86e59ac051d1@group-7424B0B947B6-FollowerState
2024-02-09 18:34:06,654 [19714071-6985-4253-9bb3-86e59ac051d1-groupManagement] INFO  util.JmxRegister (JmxRegister.java:tryRegister(44)) - Successfully registered JMX Bean with object name Ratis:service=RaftServer,group=group-7424B0B947B6,id=19714071-6985-4253-9bb3-86e59ac051d1
2024-02-09 18:34:06,654 [19714071-6985-4253-9bb3-86e59ac051d1-groupManagement] INFO  server.RaftServerConfigKeys (ConfUtils.java:logGet(46)) - raft.server.snapshot.trigger-when-stop.enabled = true (default)
2024-02-09 18:34:06,654 [19714071-6985-4253-9bb3-86e59ac051d1-groupManagement] INFO  server.RaftServerConfigKeys (ConfUtils.java:logGet(46)) - raft.server.snapshot.auto.trigger.enabled = true (custom)
2024-02-09 18:34:06,654 [19714071-6985-4253-9bb3-86e59ac051d1-groupManagement] INFO  server.RaftServerConfigKeys (ConfUtils.java:logGet(46)) - raft.server.snapshot.auto.trigger.threshold = 10000 (custom)
2024-02-09 18:34:06,654 [19714071-6985-4253-9bb3-86e59ac051d1@group-7424B0B947B6-FollowerState] INFO  server.RaftServerConfigKeys (ConfUtils.java:logFallback(53)) - raft.server.rpc.first-election.timeout.min = 5s (fallback to raft.server.rpc.timeout.min)
2024-02-09 18:34:06,655 [19714071-6985-4253-9bb3-86e59ac051d1-groupManagement] INFO  server.RaftServerConfigKeys (ConfUtils.java:logGet(46)) - raft.server.snapshot.retention.file.num = 5 (custom)
2024-02-09 18:34:06,655 [19714071-6985-4253-9bb3-86e59ac051d1@group-7424B0B947B6-FollowerState] INFO  server.RaftServerConfigKeys (ConfUtils.java:logFallback(53)) - raft.server.rpc.first-election.timeout.max = 5200ms (fallback to raft.server.rpc.timeout.max)
2024-02-09 18:34:06,655 [19714071-6985-4253-9bb3-86e59ac051d1-groupManagement] INFO  server.RaftServerConfigKeys (ConfUtils.java:logGet(46)) - raft.server.log.purge.upto.snapshot.index = false (default)
2024-02-09 18:34:06,655 [19714071-6985-4253-9bb3-86e59ac051d1-PipelineCommandHandlerThread-0] INFO  ratis.XceiverServerRatis (XceiverServerRatis.java:addGroup(864)) - Created group PipelineID=2096f0bd-b3eb-436c-9982-7424b0b947b6
2024-02-09 18:34:06,664 [grpc-default-executor-0] INFO  server.RaftServer (RaftServerProxy.java:addNew(100)) - c9aa2afb-1190-4a6b-bc65-38c12648ce52: addNew group-7424B0B947B6:[c9aa2afb-1190-4a6b-bc65-38c12648ce52|10.1.0.43:15148, 19714071-6985-4253-9bb3-86e59ac051d1|10.1.0.43:15130, 50f87e96-d653-4358-9a58-224b3bed4094|10.1.0.43:15139] returns group-7424B0B947B6:java.util.concurrent.CompletableFuture@365bab2d[Not completed]
2024-02-09 18:34:06,665 [c9aa2afb-1190-4a6b-bc65-38c12648ce52-groupManagement] INFO  server.RaftServer$Division (RaftServerImpl.java:<init>(256)) - c9aa2afb-1190-4a6b-bc65-38c12648ce52: new RaftServerImpl for group-7424B0B947B6:[c9aa2afb-1190-4a6b-bc65-38c12648ce52|10.1.0.43:15148, 19714071-6985-4253-9bb3-86e59ac051d1|10.1.0.43:15130, 50f87e96-d653-4358-9a58-224b3bed4094|10.1.0.43:15139] with ContainerStateMachine:uninitialized
2024-02-09 18:34:06,665 [c9aa2afb-1190-4a6b-bc65-38c12648ce52-groupManagement] INFO  server.RaftServerConfigKeys (ConfUtils.java:logGet(46)) - raft.server.rpc.timeout.min = 5s (custom)
2024-02-09 18:34:06,665 [c9aa2afb-1190-4a6b-bc65-38c12648ce52-groupManagement] INFO  server.RaftServerConfigKeys (ConfUtils.java:logGet(46)) - raft.server.rpc.timeout.max = 5200ms (custom)
2024-02-09 18:34:06,665 [c9aa2afb-1190-4a6b-bc65-38c12648ce52-groupManagement] INFO  server.RaftServerConfigKeys (ConfUtils.java:logGet(46)) - raft.server.rpc.sleep.time = 25ms (default)
2024-02-09 18:34:06,665 [c9aa2afb-1190-4a6b-bc65-38c12648ce52-groupManagement] INFO  server.RaftServerConfigKeys (ConfUtils.java:logGet(46)) - raft.server.rpc.slowness.timeout = 300000ms (custom)
2024-02-09 18:34:06,665 [c9aa2afb-1190-4a6b-bc65-38c12648ce52-groupManagement] INFO  server.RaftServerConfigKeys (ConfUtils.java:logGet(46)) - raft.server.leaderelection.leader.step-down.wait-time = 10s (default)
2024-02-09 18:34:06,666 [c9aa2afb-1190-4a6b-bc65-38c12648ce52-groupManagement] INFO  server.RaftServerConfigKeys (ConfUtils.java:logGet(46)) - raft.server.leaderelection.member.majority-add = false (default)
2024-02-09 18:34:06,666 [c9aa2afb-1190-4a6b-bc65-38c12648ce52-groupManagement] INFO  server.RaftServerConfigKeys (ConfUtils.java:logGet(46)) - raft.server.sleep.deviation.threshold = 300ms (default)
2024-02-09 18:34:06,666 [c9aa2afb-1190-4a6b-bc65-38c12648ce52-groupManagement] INFO  server.RaftServer$Division (ServerState.java:<init>(113)) - c9aa2afb-1190-4a6b-bc65-38c12648ce52@group-7424B0B947B6: ConfigurationManager, init=-1: peers:[c9aa2afb-1190-4a6b-bc65-38c12648ce52|10.1.0.43:15148, 19714071-6985-4253-9bb3-86e59ac051d1|10.1.0.43:15130, 50f87e96-d653-4358-9a58-224b3bed4094|10.1.0.43:15139]|listeners:[], old=null, confs=<EMPTY_MAP>
2024-02-09 18:34:06,666 [c9aa2afb-1190-4a6b-bc65-38c12648ce52-groupManagement] INFO  server.RaftServerConfigKeys (ConfUtils.java:logGet(46)) - raft.server.notification.no-leader.timeout = 300000ms (custom)
2024-02-09 18:34:06,666 [c9aa2afb-1190-4a6b-bc65-38c12648ce52-groupManagement] INFO  server.RaftServerConfigKeys (ConfUtils.java:logGet(46)) - raft.server.read.timeout = 10s (default)
2024-02-09 18:34:06,666 [c9aa2afb-1190-4a6b-bc65-38c12648ce52-groupManagement] INFO  server.RaftServerConfigKeys (ConfUtils.java:logGet(46)) - raft.server.retrycache.expirytime = 600000ms (custom)
2024-02-09 18:34:06,666 [c9aa2afb-1190-4a6b-bc65-38c12648ce52-groupManagement] INFO  server.RaftServerConfigKeys (ConfUtils.java:logGet(46)) - raft.server.retrycache.statistics.expirytime = 100ms (default)
2024-02-09 18:34:06,666 [c9aa2afb-1190-4a6b-bc65-38c12648ce52-groupManagement] INFO  server.RaftServerConfigKeys (ConfUtils.java:logGet(46)) - raft.server.read.option = DEFAULT (default)
2024-02-09 18:34:06,666 [c9aa2afb-1190-4a6b-bc65-38c12648ce52-groupManagement] INFO  server.RaftServerConfigKeys (ConfUtils.java:logGet(46)) - raft.server.read.read-after-write-consistent.write-index-cache.expiry-time = 60s (default)
2024-02-09 18:34:06,668 [c9aa2afb-1190-4a6b-bc65-38c12648ce52-groupManagement] INFO  server.RaftServerConfigKeys (ConfUtils.java:logGet(46)) - raft.server.rpc.request.timeout = 3000ms (default)
2024-02-09 18:34:06,668 [c9aa2afb-1190-4a6b-bc65-38c12648ce52-groupManagement] INFO  server.RaftServerConfigKeys (ConfUtils.java:logGet(46)) - raft.server.log.appender.install.snapshot.enabled = false (custom)
2024-02-09 18:34:06,668 [c9aa2afb-1190-4a6b-bc65-38c12648ce52-groupManagement] INFO  server.RaftServerConfigKeys (ConfUtils.java:logGet(46)) - raft.server.threadpool.server.cached = true (default)
2024-02-09 18:34:06,668 [c9aa2afb-1190-4a6b-bc65-38c12648ce52-groupManagement] INFO  server.RaftServerConfigKeys (ConfUtils.java:logGet(46)) - raft.server.threadpool.server.size = 0 (default)
2024-02-09 18:34:06,668 [c9aa2afb-1190-4a6b-bc65-38c12648ce52-groupManagement] INFO  server.RaftServerConfigKeys (ConfUtils.java:logGet(46)) - raft.server.threadpool.client.cached = true (default)
2024-02-09 18:34:06,668 [c9aa2afb-1190-4a6b-bc65-38c12648ce52-groupManagement] INFO  server.RaftServerConfigKeys (ConfUtils.java:logGet(46)) - raft.server.threadpool.client.size = 0 (default)
2024-02-09 18:34:06,668 [c9aa2afb-1190-4a6b-bc65-38c12648ce52-groupManagement] INFO  server.RaftServerConfigKeys (ConfUtils.java:logGet(46)) - raft.server.storage.free-space.min = 0MB (=0) (default)
2024-02-09 18:34:06,668 [c9aa2afb-1190-4a6b-bc65-38c12648ce52-groupManagement] INFO  server.RaftServerConfigKeys (ConfUtils.java:logGet(46)) - raft.server.log.corruption.policy = EXCEPTION (default)
2024-02-09 18:34:06,668 [c9aa2afb-1190-4a6b-bc65-38c12648ce52-groupManagement] INFO  server.RaftServerConfigKeys (ConfUtils.java:logGet(46)) - raft.server.storage.dir = [/home/runner/work/ozone/ozone/hadoop-ozone/integration-test/target/test-dir/MiniOzoneClusterImpl-2e7e0147-493e-4f7b-8772-843c2731e345/datanode-5/data/ratis] (custom)
2024-02-09 18:34:06,668 [c9aa2afb-1190-4a6b-bc65-38c12648ce52-groupManagement] INFO  storage.RaftStorageDirectory (RaftStorageDirectoryImpl.java:analyzeStorage(138)) - The storage directory /home/runner/work/ozone/ozone/hadoop-ozone/integration-test/target/test-dir/MiniOzoneClusterImpl-2e7e0147-493e-4f7b-8772-843c2731e345/datanode-5/data/ratis/2096f0bd-b3eb-436c-9982-7424b0b947b6 does not exist. Creating ...
2024-02-09 18:34:06,669 [c9aa2afb-1190-4a6b-bc65-38c12648ce52-groupManagement] INFO  storage.RaftStorageDirectory (RaftStorageDirectoryImpl.java:tryLock(228)) - Lock on /home/runner/work/ozone/ozone/hadoop-ozone/integration-test/target/test-dir/MiniOzoneClusterImpl-2e7e0147-493e-4f7b-8772-843c2731e345/datanode-5/data/ratis/2096f0bd-b3eb-436c-9982-7424b0b947b6/in_use.lock acquired by nodename 37674@fv-az1241-572
2024-02-09 18:34:06,670 [c9aa2afb-1190-4a6b-bc65-38c12648ce52-groupManagement] INFO  storage.RaftStorage (RaftStorageImpl.java:format(99)) - Storage directory /home/runner/work/ozone/ozone/hadoop-ozone/integration-test/target/test-dir/MiniOzoneClusterImpl-2e7e0147-493e-4f7b-8772-843c2731e345/datanode-5/data/ratis/2096f0bd-b3eb-436c-9982-7424b0b947b6 has been successfully formatted.
2024-02-09 18:34:06,671 [c9aa2afb-1190-4a6b-bc65-38c12648ce52-groupManagement] WARN  util.FileUtils (LogUtils.java:supplyAndLog(63)) - Failed to Files.newInputStream /home/runner/work/ozone/ozone/hadoop-ozone/integration-test/target/test-dir/MiniOzoneClusterImpl-2e7e0147-493e-4f7b-8772-843c2731e345/datanode-5/data/ratis/2096f0bd-b3eb-436c-9982-7424b0b947b6/current/raft-meta.conf with options []: java.nio.file.NoSuchFileException: /home/runner/work/ozone/ozone/hadoop-ozone/integration-test/target/test-dir/MiniOzoneClusterImpl-2e7e0147-493e-4f7b-8772-843c2731e345/datanode-5/data/ratis/2096f0bd-b3eb-436c-9982-7424b0b947b6/current/raft-meta.conf
2024-02-09 18:34:06,672 [c9aa2afb-1190-4a6b-bc65-38c12648ce52-groupManagement] INFO  ratis.ContainerStateMachine (ContainerStateMachine.java:loadSnapshot(287)) - group-7424B0B947B6: The snapshot info is null. Setting the last applied index to:(t:0, i:~)
2024-02-09 18:34:06,672 [c9aa2afb-1190-4a6b-bc65-38c12648ce52-groupManagement] INFO  server.RaftServerConfigKeys (ConfUtils.java:logGet(46)) - raft.server.log.use.memory = false (default)
2024-02-09 18:34:06,672 [c9aa2afb-1190-4a6b-bc65-38c12648ce52-groupManagement] INFO  server.RaftServerConfigKeys (ConfUtils.java:logGet(46)) - raft.server.log.purge.gap = 1000000 (custom)
2024-02-09 18:34:06,672 [c9aa2afb-1190-4a6b-bc65-38c12648ce52-groupManagement] INFO  server.RaftServerConfigKeys (ConfUtils.java:logGet(46)) - raft.server.log.appender.buffer.byte-limit = 8388608 (custom)
2024-02-09 18:34:06,672 [c9aa2afb-1190-4a6b-bc65-38c12648ce52-groupManagement] INFO  server.RaftServerConfigKeys (ConfUtils.java:logGet(46)) - raft.server.log.statemachine.data.read.timeout = 1000ms (default)
2024-02-09 18:34:06,672 [c9aa2afb-1190-4a6b-bc65-38c12648ce52-groupManagement] INFO  server.RaftServerConfigKeys (ConfUtils.java:logGet(46)) - raft.server.log.purge.preservation.log.num = 0 (default)
2024-02-09 18:34:06,673 [c9aa2afb-1190-4a6b-bc65-38c12648ce52-groupManagement] INFO  server.RaftServerConfigKeys (ConfUtils.java:logGet(46)) - raft.server.log.segment.size.max = 67108864 (custom)
2024-02-09 18:34:06,674 [c9aa2afb-1190-4a6b-bc65-38c12648ce52-groupManagement] INFO  server.RaftServerConfigKeys (ConfUtils.java:logGet(46)) - raft.server.log.segment.cache.num.max = 2 (custom)
2024-02-09 18:34:06,674 [c9aa2afb-1190-4a6b-bc65-38c12648ce52-groupManagement] INFO  server.RaftServerConfigKeys (ConfUtils.java:logGet(46)) - raft.server.log.segment.cache.size.max = 200MB (=209715200) (default)
2024-02-09 18:34:06,674 [c9aa2afb-1190-4a6b-bc65-38c12648ce52-groupManagement] INFO  server.RaftServerConfigKeys (ConfUtils.java:logGet(46)) - raft.server.log.appender.buffer.byte-limit = 8388608 (custom)
2024-02-09 18:34:06,674 [c9aa2afb-1190-4a6b-bc65-38c12648ce52-groupManagement] INFO  util.AwaitToRun (AwaitToRun.java:start(81)) - Thread[c9aa2afb-1190-4a6b-bc65-38c12648ce52@group-7424B0B947B6-cacheEviction-AwaitToRun,5,main] started
2024-02-09 18:34:06,674 [c9aa2afb-1190-4a6b-bc65-38c12648ce52-groupManagement] INFO  segmented.SegmentedRaftLogWorker (SegmentedRaftLogWorker.java:<init>(182)) - new c9aa2afb-1190-4a6b-bc65-38c12648ce52@group-7424B0B947B6-SegmentedRaftLogWorker for RaftStorageImpl:Storage Directory /home/runner/work/ozone/ozone/hadoop-ozone/integration-test/target/test-dir/MiniOzoneClusterImpl-2e7e0147-493e-4f7b-8772-843c2731e345/datanode-5/data/ratis/2096f0bd-b3eb-436c-9982-7424b0b947b6
2024-02-09 18:34:06,674 [c9aa2afb-1190-4a6b-bc65-38c12648ce52-groupManagement] INFO  server.RaftServerConfigKeys (ConfUtils.java:logGet(46)) - raft.server.log.queue.byte-limit = 4294967296 (custom)
2024-02-09 18:34:06,674 [c9aa2afb-1190-4a6b-bc65-38c12648ce52-groupManagement] INFO  server.RaftServerConfigKeys (ConfUtils.java:logGet(46)) - raft.server.log.queue.element-limit = 1024 (custom)
2024-02-09 18:34:06,674 [c9aa2afb-1190-4a6b-bc65-38c12648ce52-groupManagement] INFO  server.RaftServerConfigKeys (ConfUtils.java:logGet(46)) - raft.server.log.segment.size.max = 67108864 (custom)
2024-02-09 18:34:06,675 [c9aa2afb-1190-4a6b-bc65-38c12648ce52-groupManagement] INFO  server.RaftServerConfigKeys (ConfUtils.java:logGet(46)) - raft.server.log.preallocated.size = 4194304 (custom)
2024-02-09 18:34:06,675 [c9aa2afb-1190-4a6b-bc65-38c12648ce52-groupManagement] INFO  server.RaftServerConfigKeys (ConfUtils.java:logGet(46)) - raft.server.log.force.sync.num = 128 (default)
2024-02-09 18:34:06,675 [c9aa2afb-1190-4a6b-bc65-38c12648ce52-groupManagement] INFO  server.RaftServerConfigKeys (ConfUtils.java:logGet(46)) - raft.server.log.statemachine.data.sync = true (default)
2024-02-09 18:34:06,675 [c9aa2afb-1190-4a6b-bc65-38c12648ce52-groupManagement] INFO  server.RaftServerConfigKeys (ConfUtils.java:logGet(46)) - raft.server.log.statemachine.data.sync.timeout = 10s (default)
2024-02-09 18:34:06,675 [c9aa2afb-1190-4a6b-bc65-38c12648ce52-groupManagement] INFO  server.RaftServerConfigKeys (ConfUtils.java:logGet(46)) - raft.server.log.statemachine.data.sync.timeout.retry = 0 (custom)
2024-02-09 18:34:06,675 [c9aa2afb-1190-4a6b-bc65-38c12648ce52-groupManagement] INFO  server.RaftServerConfigKeys (ConfUtils.java:logGet(46)) - raft.server.log.write.buffer.size = 8388616 (custom)
2024-02-09 18:34:06,677 [c9aa2afb-1190-4a6b-bc65-38c12648ce52-groupManagement] INFO  server.RaftServerConfigKeys (ConfUtils.java:logGet(46)) - raft.server.log.appender.buffer.byte-limit = 8388608 (custom)
2024-02-09 18:34:06,677 [c9aa2afb-1190-4a6b-bc65-38c12648ce52-groupManagement] INFO  server.RaftServerConfigKeys (ConfUtils.java:logGet(46)) - raft.server.log.unsafe-flush.enabled = false (default)
2024-02-09 18:34:06,677 [c9aa2afb-1190-4a6b-bc65-38c12648ce52-groupManagement] INFO  server.RaftServerConfigKeys (ConfUtils.java:logGet(46)) - raft.server.log.async-flush.enabled = false (default)
2024-02-09 18:34:06,677 [c9aa2afb-1190-4a6b-bc65-38c12648ce52-groupManagement] INFO  server.RaftServerConfigKeys (ConfUtils.java:logGet(46)) - raft.server.log.statemachine.data.caching.enabled = true (custom)
2024-02-09 18:34:06,677 [c9aa2afb-1190-4a6b-bc65-38c12648ce52-groupManagement] INFO  segmented.SegmentedRaftLogWorker (SegmentedRaftLogWorker.java:lambda$new$0(134)) - c9aa2afb-1190-4a6b-bc65-38c12648ce52@group-7424B0B947B6-SegmentedRaftLogWorker: flushIndex: setUnconditionally 0 -> -1
2024-02-09 18:34:06,678 [c9aa2afb-1190-4a6b-bc65-38c12648ce52-groupManagement] INFO  segmented.SegmentedRaftLogWorker (SegmentedRaftLogWorker.java:lambda$new$0(134)) - c9aa2afb-1190-4a6b-bc65-38c12648ce52@group-7424B0B947B6-SegmentedRaftLogWorker: safeCacheEvictIndex: setUnconditionally 0 -> -1
2024-02-09 18:34:06,678 [c9aa2afb-1190-4a6b-bc65-38c12648ce52-groupManagement] INFO  server.RaftServer$Division (RaftServerImpl.java:start(396)) - c9aa2afb-1190-4a6b-bc65-38c12648ce52@group-7424B0B947B6: start as a follower, conf=-1: peers:[c9aa2afb-1190-4a6b-bc65-38c12648ce52|10.1.0.43:15148, 19714071-6985-4253-9bb3-86e59ac051d1|10.1.0.43:15130, 50f87e96-d653-4358-9a58-224b3bed4094|10.1.0.43:15139]|listeners:[], old=null
2024-02-09 18:34:06,678 [c9aa2afb-1190-4a6b-bc65-38c12648ce52-groupManagement] INFO  server.RaftServer$Division (RaftServerImpl.java:setRole(383)) - c9aa2afb-1190-4a6b-bc65-38c12648ce52@group-7424B0B947B6: changes role from      null to FOLLOWER at term 0 for startAsFollower
2024-02-09 18:34:06,678 [c9aa2afb-1190-4a6b-bc65-38c12648ce52-groupManagement] INFO  impl.RoleInfo (RoleInfo.java:updateAndGet(139)) - c9aa2afb-1190-4a6b-bc65-38c12648ce52: start c9aa2afb-1190-4a6b-bc65-38c12648ce52@group-7424B0B947B6-FollowerState
2024-02-09 18:34:06,683 [c9aa2afb-1190-4a6b-bc65-38c12648ce52-groupManagement] INFO  util.JmxRegister (JmxRegister.java:tryRegister(44)) - Successfully registered JMX Bean with object name Ratis:service=RaftServer,group=group-7424B0B947B6,id=c9aa2afb-1190-4a6b-bc65-38c12648ce52
2024-02-09 18:34:06,683 [c9aa2afb-1190-4a6b-bc65-38c12648ce52-groupManagement] INFO  server.RaftServerConfigKeys (ConfUtils.java:logGet(46)) - raft.server.snapshot.trigger-when-stop.enabled = true (default)
2024-02-09 18:34:06,684 [c9aa2afb-1190-4a6b-bc65-38c12648ce52-groupManagement] INFO  server.RaftServerConfigKeys (ConfUtils.java:logGet(46)) - raft.server.snapshot.auto.trigger.enabled = true (custom)
2024-02-09 18:34:06,684 [c9aa2afb-1190-4a6b-bc65-38c12648ce52-groupManagement] INFO  server.RaftServerConfigKeys (ConfUtils.java:logGet(46)) - raft.server.snapshot.auto.trigger.threshold = 10000 (custom)
2024-02-09 18:34:06,684 [c9aa2afb-1190-4a6b-bc65-38c12648ce52-groupManagement] INFO  server.RaftServerConfigKeys (ConfUtils.java:logGet(46)) - raft.server.snapshot.retention.file.num = 5 (custom)
2024-02-09 18:34:06,684 [c9aa2afb-1190-4a6b-bc65-38c12648ce52-groupManagement] INFO  server.RaftServerConfigKeys (ConfUtils.java:logGet(46)) - raft.server.log.purge.upto.snapshot.index = false (default)
2024-02-09 18:34:06,683 [c9aa2afb-1190-4a6b-bc65-38c12648ce52@group-7424B0B947B6-FollowerState] INFO  server.RaftServerConfigKeys (ConfUtils.java:logFallback(53)) - raft.server.rpc.first-election.timeout.min = 5s (fallback to raft.server.rpc.timeout.min)
2024-02-09 18:34:06,684 [c9aa2afb-1190-4a6b-bc65-38c12648ce52@group-7424B0B947B6-FollowerState] INFO  server.RaftServerConfigKeys (ConfUtils.java:logFallback(53)) - raft.server.rpc.first-election.timeout.max = 5200ms (fallback to raft.server.rpc.timeout.max)
2024-02-09 18:34:06,696 [grpc-default-executor-0] INFO  server.RaftServer (RaftServerProxy.java:addNew(100)) - 50f87e96-d653-4358-9a58-224b3bed4094: addNew group-7424B0B947B6:[c9aa2afb-1190-4a6b-bc65-38c12648ce52|10.1.0.43:15148, 19714071-6985-4253-9bb3-86e59ac051d1|10.1.0.43:15130, 50f87e96-d653-4358-9a58-224b3bed4094|10.1.0.43:15139] returns group-7424B0B947B6:java.util.concurrent.CompletableFuture@45e21519[Not completed]
2024-02-09 18:34:06,697 [50f87e96-d653-4358-9a58-224b3bed4094-groupManagement] INFO  server.RaftServer$Division (RaftServerImpl.java:<init>(256)) - 50f87e96-d653-4358-9a58-224b3bed4094: new RaftServerImpl for group-7424B0B947B6:[c9aa2afb-1190-4a6b-bc65-38c12648ce52|10.1.0.43:15148, 19714071-6985-4253-9bb3-86e59ac051d1|10.1.0.43:15130, 50f87e96-d653-4358-9a58-224b3bed4094|10.1.0.43:15139] with ContainerStateMachine:uninitialized
2024-02-09 18:34:06,697 [50f87e96-d653-4358-9a58-224b3bed4094-groupManagement] INFO  server.RaftServerConfigKeys (ConfUtils.java:logGet(46)) - raft.server.rpc.timeout.min = 5s (custom)
2024-02-09 18:34:06,697 [50f87e96-d653-4358-9a58-224b3bed4094-groupManagement] INFO  server.RaftServerConfigKeys (ConfUtils.java:logGet(46)) - raft.server.rpc.timeout.max = 5200ms (custom)
2024-02-09 18:34:06,697 [50f87e96-d653-4358-9a58-224b3bed4094-groupManagement] INFO  server.RaftServerConfigKeys (ConfUtils.java:logGet(46)) - raft.server.rpc.sleep.time = 25ms (default)
2024-02-09 18:34:06,697 [50f87e96-d653-4358-9a58-224b3bed4094-groupManagement] INFO  server.RaftServerConfigKeys (ConfUtils.java:logGet(46)) - raft.server.rpc.slowness.timeout = 300000ms (custom)
2024-02-09 18:34:06,697 [50f87e96-d653-4358-9a58-224b3bed4094-groupManagement] INFO  server.RaftServerConfigKeys (ConfUtils.java:logGet(46)) - raft.server.leaderelection.leader.step-down.wait-time = 10s (default)
2024-02-09 18:34:06,697 [50f87e96-d653-4358-9a58-224b3bed4094-groupManagement] INFO  server.RaftServerConfigKeys (ConfUtils.java:logGet(46)) - raft.server.leaderelection.member.majority-add = false (default)
2024-02-09 18:34:06,697 [50f87e96-d653-4358-9a58-224b3bed4094-groupManagement] INFO  server.RaftServerConfigKeys (ConfUtils.java:logGet(46)) - raft.server.sleep.deviation.threshold = 300ms (default)
2024-02-09 18:34:06,697 [50f87e96-d653-4358-9a58-224b3bed4094-groupManagement] INFO  server.RaftServer$Division (ServerState.java:<init>(113)) - 50f87e96-d653-4358-9a58-224b3bed4094@group-7424B0B947B6: ConfigurationManager, init=-1: peers:[c9aa2afb-1190-4a6b-bc65-38c12648ce52|10.1.0.43:15148, 19714071-6985-4253-9bb3-86e59ac051d1|10.1.0.43:15130, 50f87e96-d653-4358-9a58-224b3bed4094|10.1.0.43:15139]|listeners:[], old=null, confs=<EMPTY_MAP>
2024-02-09 18:34:06,697 [50f87e96-d653-4358-9a58-224b3bed4094-groupManagement] INFO  server.RaftServerConfigKeys (ConfUtils.java:logGet(46)) - raft.server.notification.no-leader.timeout = 300000ms (custom)
2024-02-09 18:34:06,697 [50f87e96-d653-4358-9a58-224b3bed4094-groupManagement] INFO  server.RaftServerConfigKeys (ConfUtils.java:logGet(46)) - raft.server.read.timeout = 10s (default)
2024-02-09 18:34:06,697 [50f87e96-d653-4358-9a58-224b3bed4094-groupManagement] INFO  server.RaftServerConfigKeys (ConfUtils.java:logGet(46)) - raft.server.retrycache.expirytime = 600000ms (custom)
2024-02-09 18:34:06,698 [50f87e96-d653-4358-9a58-224b3bed4094-groupManagement] INFO  server.RaftServerConfigKeys (ConfUtils.java:logGet(46)) - raft.server.retrycache.statistics.expirytime = 100ms (default)
2024-02-09 18:34:06,698 [50f87e96-d653-4358-9a58-224b3bed4094-groupManagement] INFO  server.RaftServerConfigKeys (ConfUtils.java:logGet(46)) - raft.server.read.option = DEFAULT (default)
2024-02-09 18:34:06,698 [50f87e96-d653-4358-9a58-224b3bed4094-groupManagement] INFO  server.RaftServerConfigKeys (ConfUtils.java:logGet(46)) - raft.server.read.read-after-write-consistent.write-index-cache.expiry-time = 60s (default)
2024-02-09 18:34:06,700 [50f87e96-d653-4358-9a58-224b3bed4094-groupManagement] INFO  server.RaftServerConfigKeys (ConfUtils.java:logGet(46)) - raft.server.rpc.request.timeout = 3000ms (default)
2024-02-09 18:34:06,700 [50f87e96-d653-4358-9a58-224b3bed4094-groupManagement] INFO  server.RaftServerConfigKeys (ConfUtils.java:logGet(46)) - raft.server.log.appender.install.snapshot.enabled = false (custom)
2024-02-09 18:34:06,700 [50f87e96-d653-4358-9a58-224b3bed4094-groupManagement] INFO  server.RaftServerConfigKeys (ConfUtils.java:logGet(46)) - raft.server.threadpool.server.cached = true (default)
2024-02-09 18:34:06,700 [50f87e96-d653-4358-9a58-224b3bed4094-groupManagement] INFO  server.RaftServerConfigKeys (ConfUtils.java:logGet(46)) - raft.server.threadpool.server.size = 0 (default)
2024-02-09 18:34:06,701 [50f87e96-d653-4358-9a58-224b3bed4094-groupManagement] INFO  server.RaftServerConfigKeys (ConfUtils.java:logGet(46)) - raft.server.threadpool.client.cached = true (default)
2024-02-09 18:34:06,701 [50f87e96-d653-4358-9a58-224b3bed4094-groupManagement] INFO  server.RaftServerConfigKeys (ConfUtils.java:logGet(46)) - raft.server.threadpool.client.size = 0 (default)
2024-02-09 18:34:06,701 [50f87e96-d653-4358-9a58-224b3bed4094-groupManagement] INFO  server.RaftServerConfigKeys (ConfUtils.java:logGet(46)) - raft.server.storage.free-space.min = 0MB (=0) (default)
2024-02-09 18:34:06,701 [50f87e96-d653-4358-9a58-224b3bed4094-groupManagement] INFO  server.RaftServerConfigKeys (ConfUtils.java:logGet(46)) - raft.server.log.corruption.policy = EXCEPTION (default)
2024-02-09 18:34:06,701 [50f87e96-d653-4358-9a58-224b3bed4094-groupManagement] INFO  server.RaftServerConfigKeys (ConfUtils.java:logGet(46)) - raft.server.storage.dir = [/home/runner/work/ozone/ozone/hadoop-ozone/integration-test/target/test-dir/MiniOzoneClusterImpl-2e7e0147-493e-4f7b-8772-843c2731e345/datanode-4/data/ratis] (custom)
2024-02-09 18:34:06,701 [50f87e96-d653-4358-9a58-224b3bed4094-groupManagement] INFO  storage.RaftStorageDirectory (RaftStorageDirectoryImpl.java:analyzeStorage(138)) - The storage directory /home/runner/work/ozone/ozone/hadoop-ozone/integration-test/target/test-dir/MiniOzoneClusterImpl-2e7e0147-493e-4f7b-8772-843c2731e345/datanode-4/data/ratis/2096f0bd-b3eb-436c-9982-7424b0b947b6 does not exist. Creating ...
2024-02-09 18:34:06,702 [50f87e96-d653-4358-9a58-224b3bed4094-groupManagement] INFO  storage.RaftStorageDirectory (RaftStorageDirectoryImpl.java:tryLock(228)) - Lock on /home/runner/work/ozone/ozone/hadoop-ozone/integration-test/target/test-dir/MiniOzoneClusterImpl-2e7e0147-493e-4f7b-8772-843c2731e345/datanode-4/data/ratis/2096f0bd-b3eb-436c-9982-7424b0b947b6/in_use.lock acquired by nodename 37674@fv-az1241-572
2024-02-09 18:34:06,703 [50f87e96-d653-4358-9a58-224b3bed4094-groupManagement] INFO  storage.RaftStorage (RaftStorageImpl.java:format(99)) - Storage directory /home/runner/work/ozone/ozone/hadoop-ozone/integration-test/target/test-dir/MiniOzoneClusterImpl-2e7e0147-493e-4f7b-8772-843c2731e345/datanode-4/data/ratis/2096f0bd-b3eb-436c-9982-7424b0b947b6 has been successfully formatted.
2024-02-09 18:34:06,703 [50f87e96-d653-4358-9a58-224b3bed4094-groupManagement] WARN  util.FileUtils (LogUtils.java:supplyAndLog(63)) - Failed to Files.newInputStream /home/runner/work/ozone/ozone/hadoop-ozone/integration-test/target/test-dir/MiniOzoneClusterImpl-2e7e0147-493e-4f7b-8772-843c2731e345/datanode-4/data/ratis/2096f0bd-b3eb-436c-9982-7424b0b947b6/current/raft-meta.conf with options []: java.nio.file.NoSuchFileException: /home/runner/work/ozone/ozone/hadoop-ozone/integration-test/target/test-dir/MiniOzoneClusterImpl-2e7e0147-493e-4f7b-8772-843c2731e345/datanode-4/data/ratis/2096f0bd-b3eb-436c-9982-7424b0b947b6/current/raft-meta.conf
2024-02-09 18:34:06,704 [50f87e96-d653-4358-9a58-224b3bed4094-groupManagement] INFO  ratis.ContainerStateMachine (ContainerStateMachine.java:loadSnapshot(287)) - group-7424B0B947B6: The snapshot info is null. Setting the last applied index to:(t:0, i:~)
2024-02-09 18:34:06,704 [50f87e96-d653-4358-9a58-224b3bed4094-groupManagement] INFO  server.RaftServerConfigKeys (ConfUtils.java:logGet(46)) - raft.server.log.use.memory = false (default)
2024-02-09 18:34:06,704 [50f87e96-d653-4358-9a58-224b3bed4094-groupManagement] INFO  server.RaftServerConfigKeys (ConfUtils.java:logGet(46)) - raft.server.log.purge.gap = 1000000 (custom)
2024-02-09 18:34:06,705 [50f87e96-d653-4358-9a58-224b3bed4094-groupManagement] INFO  server.RaftServerConfigKeys (ConfUtils.java:logGet(46)) - raft.server.log.appender.buffer.byte-limit = 8388608 (custom)
2024-02-09 18:34:06,705 [50f87e96-d653-4358-9a58-224b3bed4094-groupManagement] INFO  server.RaftServerConfigKeys (ConfUtils.java:logGet(46)) - raft.server.log.statemachine.data.read.timeout = 1000ms (default)
2024-02-09 18:34:06,705 [50f87e96-d653-4358-9a58-224b3bed4094-groupManagement] INFO  server.RaftServerConfigKeys (ConfUtils.java:logGet(46)) - raft.server.log.purge.preservation.log.num = 0 (default)
2024-02-09 18:34:06,706 [50f87e96-d653-4358-9a58-224b3bed4094-groupManagement] INFO  server.RaftServerConfigKeys (ConfUtils.java:logGet(46)) - raft.server.log.segment.size.max = 67108864 (custom)
2024-02-09 18:34:06,706 [50f87e96-d653-4358-9a58-224b3bed4094-groupManagement] INFO  server.RaftServerConfigKeys (ConfUtils.java:logGet(46)) - raft.server.log.segment.cache.num.max = 2 (custom)
2024-02-09 18:34:06,707 [50f87e96-d653-4358-9a58-224b3bed4094-groupManagement] INFO  server.RaftServerConfigKeys (ConfUtils.java:logGet(46)) - raft.server.log.segment.cache.size.max = 200MB (=209715200) (default)
2024-02-09 18:34:06,707 [50f87e96-d653-4358-9a58-224b3bed4094-groupManagement] INFO  server.RaftServerConfigKeys (ConfUtils.java:logGet(46)) - raft.server.log.appender.buffer.byte-limit = 8388608 (custom)
2024-02-09 18:34:06,708 [50f87e96-d653-4358-9a58-224b3bed4094-groupManagement] INFO  util.AwaitToRun (AwaitToRun.java:start(81)) - Thread[50f87e96-d653-4358-9a58-224b3bed4094@group-7424B0B947B6-cacheEviction-AwaitToRun,5,main] started
2024-02-09 18:34:06,708 [50f87e96-d653-4358-9a58-224b3bed4094-groupManagement] INFO  segmented.SegmentedRaftLogWorker (SegmentedRaftLogWorker.java:<init>(182)) - new 50f87e96-d653-4358-9a58-224b3bed4094@group-7424B0B947B6-SegmentedRaftLogWorker for RaftStorageImpl:Storage Directory /home/runner/work/ozone/ozone/hadoop-ozone/integration-test/target/test-dir/MiniOzoneClusterImpl-2e7e0147-493e-4f7b-8772-843c2731e345/datanode-4/data/ratis/2096f0bd-b3eb-436c-9982-7424b0b947b6
2024-02-09 18:34:06,708 [50f87e96-d653-4358-9a58-224b3bed4094-groupManagement] INFO  server.RaftServerConfigKeys (ConfUtils.java:logGet(46)) - raft.server.log.queue.byte-limit = 4294967296 (custom)
2024-02-09 18:34:06,708 [50f87e96-d653-4358-9a58-224b3bed4094-groupManagement] INFO  server.RaftServerConfigKeys (ConfUtils.java:logGet(46)) - raft.server.log.queue.element-limit = 1024 (custom)
2024-02-09 18:34:06,708 [50f87e96-d653-4358-9a58-224b3bed4094-groupManagement] INFO  server.RaftServerConfigKeys (ConfUtils.java:logGet(46)) - raft.server.log.segment.size.max = 67108864 (custom)
2024-02-09 18:34:06,708 [50f87e96-d653-4358-9a58-224b3bed4094-groupManagement] INFO  server.RaftServerConfigKeys (ConfUtils.java:logGet(46)) - raft.server.log.preallocated.size = 4194304 (custom)
2024-02-09 18:34:06,708 [50f87e96-d653-4358-9a58-224b3bed4094-groupManagement] INFO  server.RaftServerConfigKeys (ConfUtils.java:logGet(46)) - raft.server.log.force.sync.num = 128 (default)
2024-02-09 18:34:06,708 [50f87e96-d653-4358-9a58-224b3bed4094-groupManagement] INFO  server.RaftServerConfigKeys (ConfUtils.java:logGet(46)) - raft.server.log.statemachine.data.sync = true (default)
2024-02-09 18:34:06,708 [50f87e96-d653-4358-9a58-224b3bed4094-groupManagement] INFO  server.RaftServerConfigKeys (ConfUtils.java:logGet(46)) - raft.server.log.statemachine.data.sync.timeout = 10s (default)
2024-02-09 18:34:06,708 [50f87e96-d653-4358-9a58-224b3bed4094-groupManagement] INFO  server.RaftServerConfigKeys (ConfUtils.java:logGet(46)) - raft.server.log.statemachine.data.sync.timeout.retry = 0 (custom)
2024-02-09 18:34:06,709 [50f87e96-d653-4358-9a58-224b3bed4094-groupManagement] INFO  server.RaftServerConfigKeys (ConfUtils.java:logGet(46)) - raft.server.log.write.buffer.size = 8388616 (custom)
2024-02-09 18:34:06,710 [50f87e96-d653-4358-9a58-224b3bed4094-groupManagement] INFO  server.RaftServerConfigKeys (ConfUtils.java:logGet(46)) - raft.server.log.appender.buffer.byte-limit = 8388608 (custom)
2024-02-09 18:34:06,710 [50f87e96-d653-4358-9a58-224b3bed4094-groupManagement] INFO  server.RaftServerConfigKeys (ConfUtils.java:logGet(46)) - raft.server.log.unsafe-flush.enabled = false (default)
2024-02-09 18:34:06,710 [50f87e96-d653-4358-9a58-224b3bed4094-groupManagement] INFO  server.RaftServerConfigKeys (ConfUtils.java:logGet(46)) - raft.server.log.async-flush.enabled = false (default)
2024-02-09 18:34:06,711 [50f87e96-d653-4358-9a58-224b3bed4094-groupManagement] INFO  server.RaftServerConfigKeys (ConfUtils.java:logGet(46)) - raft.server.log.statemachine.data.caching.enabled = true (custom)
2024-02-09 18:34:06,711 [50f87e96-d653-4358-9a58-224b3bed4094-groupManagement] INFO  segmented.SegmentedRaftLogWorker (SegmentedRaftLogWorker.java:lambda$new$0(134)) - 50f87e96-d653-4358-9a58-224b3bed4094@group-7424B0B947B6-SegmentedRaftLogWorker: flushIndex: setUnconditionally 0 -> -1
2024-02-09 18:34:06,711 [50f87e96-d653-4358-9a58-224b3bed4094-groupManagement] INFO  segmented.SegmentedRaftLogWorker (SegmentedRaftLogWorker.java:lambda$new$0(134)) - 50f87e96-d653-4358-9a58-224b3bed4094@group-7424B0B947B6-SegmentedRaftLogWorker: safeCacheEvictIndex: setUnconditionally 0 -> -1
2024-02-09 18:34:06,711 [50f87e96-d653-4358-9a58-224b3bed4094-groupManagement] INFO  server.RaftServer$Division (RaftServerImpl.java:start(396)) - 50f87e96-d653-4358-9a58-224b3bed4094@group-7424B0B947B6: start as a follower, conf=-1: peers:[c9aa2afb-1190-4a6b-bc65-38c12648ce52|10.1.0.43:15148, 19714071-6985-4253-9bb3-86e59ac051d1|10.1.0.43:15130, 50f87e96-d653-4358-9a58-224b3bed4094|10.1.0.43:15139]|listeners:[], old=null
2024-02-09 18:34:06,711 [50f87e96-d653-4358-9a58-224b3bed4094-groupManagement] INFO  server.RaftServer$Division (RaftServerImpl.java:setRole(383)) - 50f87e96-d653-4358-9a58-224b3bed4094@group-7424B0B947B6: changes role from      null to FOLLOWER at term 0 for startAsFollower
2024-02-09 18:34:06,711 [50f87e96-d653-4358-9a58-224b3bed4094-groupManagement] INFO  impl.RoleInfo (RoleInfo.java:updateAndGet(139)) - 50f87e96-d653-4358-9a58-224b3bed4094: start 50f87e96-d653-4358-9a58-224b3bed4094@group-7424B0B947B6-FollowerState
2024-02-09 18:34:06,715 [50f87e96-d653-4358-9a58-224b3bed4094-groupManagement] INFO  util.JmxRegister (JmxRegister.java:tryRegister(44)) - Successfully registered JMX Bean with object name Ratis:service=RaftServer,group=group-7424B0B947B6,id=50f87e96-d653-4358-9a58-224b3bed4094
2024-02-09 18:34:06,715 [50f87e96-d653-4358-9a58-224b3bed4094@group-7424B0B947B6-FollowerState] INFO  server.RaftServerConfigKeys (ConfUtils.java:logFallback(53)) - raft.server.rpc.first-election.timeout.min = 5s (fallback to raft.server.rpc.timeout.min)
2024-02-09 18:34:06,715 [50f87e96-d653-4358-9a58-224b3bed4094-groupManagement] INFO  server.RaftServerConfigKeys (ConfUtils.java:logGet(46)) - raft.server.snapshot.trigger-when-stop.enabled = true (default)
2024-02-09 18:34:06,715 [50f87e96-d653-4358-9a58-224b3bed4094@group-7424B0B947B6-FollowerState] INFO  server.RaftServerConfigKeys (ConfUtils.java:logFallback(53)) - raft.server.rpc.first-election.timeout.max = 5200ms (fallback to raft.server.rpc.timeout.max)
2024-02-09 18:34:06,716 [50f87e96-d653-4358-9a58-224b3bed4094-groupManagement] INFO  server.RaftServerConfigKeys (ConfUtils.java:logGet(46)) - raft.server.snapshot.auto.trigger.enabled = true (custom)
2024-02-09 18:34:06,716 [50f87e96-d653-4358-9a58-224b3bed4094-groupManagement] INFO  server.RaftServerConfigKeys (ConfUtils.java:logGet(46)) - raft.server.snapshot.auto.trigger.threshold = 10000 (custom)
2024-02-09 18:34:06,716 [50f87e96-d653-4358-9a58-224b3bed4094-groupManagement] INFO  server.RaftServerConfigKeys (ConfUtils.java:logGet(46)) - raft.server.snapshot.retention.file.num = 5 (custom)
2024-02-09 18:34:06,716 [50f87e96-d653-4358-9a58-224b3bed4094-groupManagement] INFO  server.RaftServerConfigKeys (ConfUtils.java:logGet(46)) - raft.server.log.purge.upto.snapshot.index = false (default)
2024-02-09 18:34:06,722 [19714071-6985-4253-9bb3-86e59ac051d1-PipelineCommandHandlerThread-0] INFO  commandhandler.CreatePipelineCommandHandler (CreatePipelineCommandHandler.java:lambda$handle$2(124)) - Created Pipeline RATIS THREE PipelineID=2096f0bd-b3eb-436c-9982-7424b0b947b6.
2024-02-09 18:34:06,737 [50f87e96-d653-4358-9a58-224b3bed4094-PipelineCommandHandlerThread-0] INFO  server.RaftServer (RaftServerProxy.java:addNew(100)) - 50f87e96-d653-4358-9a58-224b3bed4094: addNew group-32B47A74D0A4:[50f87e96-d653-4358-9a58-224b3bed4094|10.1.0.43:15139] returns group-32B47A74D0A4:java.util.concurrent.CompletableFuture@517fe165[Not completed]
2024-02-09 18:34:06,738 [50f87e96-d653-4358-9a58-224b3bed4094-groupManagement] INFO  server.RaftServer$Division (RaftServerImpl.java:<init>(256)) - 50f87e96-d653-4358-9a58-224b3bed4094: new RaftServerImpl for group-32B47A74D0A4:[50f87e96-d653-4358-9a58-224b3bed4094|10.1.0.43:15139] with ContainerStateMachine:uninitialized
2024-02-09 18:34:06,738 [50f87e96-d653-4358-9a58-224b3bed4094-groupManagement] INFO  server.RaftServerConfigKeys (ConfUtils.java:logGet(46)) - raft.server.rpc.timeout.min = 5s (custom)
2024-02-09 18:34:06,738 [50f87e96-d653-4358-9a58-224b3bed4094-groupManagement] INFO  server.RaftServerConfigKeys (ConfUtils.java:logGet(46)) - raft.server.rpc.timeout.max = 5200ms (custom)
2024-02-09 18:34:06,738 [50f87e96-d653-4358-9a58-224b3bed4094-groupManagement] INFO  server.RaftServerConfigKeys (ConfUtils.java:logGet(46)) - raft.server.rpc.sleep.time = 25ms (default)
2024-02-09 18:34:06,738 [50f87e96-d653-4358-9a58-224b3bed4094-groupManagement] INFO  server.RaftServerConfigKeys (ConfUtils.java:logGet(46)) - raft.server.rpc.slowness.timeout = 300000ms (custom)
2024-02-09 18:34:06,738 [50f87e96-d653-4358-9a58-224b3bed4094-groupManagement] INFO  server.RaftServerConfigKeys (ConfUtils.java:logGet(46)) - raft.server.leaderelection.leader.step-down.wait-time = 10s (default)
2024-02-09 18:34:06,738 [50f87e96-d653-4358-9a58-224b3bed4094-groupManagement] INFO  server.RaftServerConfigKeys (ConfUtils.java:logGet(46)) - raft.server.leaderelection.member.majority-add = false (default)
2024-02-09 18:34:06,738 [50f87e96-d653-4358-9a58-224b3bed4094-groupManagement] INFO  server.RaftServerConfigKeys (ConfUtils.java:logGet(46)) - raft.server.sleep.deviation.threshold = 300ms (default)
2024-02-09 18:34:06,739 [50f87e96-d653-4358-9a58-224b3bed4094-groupManagement] INFO  server.RaftServer$Division (ServerState.java:<init>(113)) - 50f87e96-d653-4358-9a58-224b3bed4094@group-32B47A74D0A4: ConfigurationManager, init=-1: peers:[50f87e96-d653-4358-9a58-224b3bed4094|10.1.0.43:15139]|listeners:[], old=null, confs=<EMPTY_MAP>
2024-02-09 18:34:06,739 [50f87e96-d653-4358-9a58-224b3bed4094-groupManagement] INFO  server.RaftServerConfigKeys (ConfUtils.java:logGet(46)) - raft.server.notification.no-leader.timeout = 300000ms (custom)
2024-02-09 18:34:06,739 [50f87e96-d653-4358-9a58-224b3bed4094-groupManagement] INFO  server.RaftServerConfigKeys (ConfUtils.java:logGet(46)) - raft.server.read.timeout = 10s (default)
2024-02-09 18:34:06,739 [50f87e96-d653-4358-9a58-224b3bed4094-groupManagement] INFO  server.RaftServerConfigKeys (ConfUtils.java:logGet(46)) - raft.server.retrycache.expirytime = 600000ms (custom)
2024-02-09 18:34:06,739 [50f87e96-d653-4358-9a58-224b3bed4094-groupManagement] INFO  server.RaftServerConfigKeys (ConfUtils.java:logGet(46)) - raft.server.retrycache.statistics.expirytime = 100ms (default)
2024-02-09 18:34:06,739 [50f87e96-d653-4358-9a58-224b3bed4094-groupManagement] INFO  server.RaftServerConfigKeys (ConfUtils.java:logGet(46)) - raft.server.read.option = DEFAULT (default)
2024-02-09 18:34:06,739 [50f87e96-d653-4358-9a58-224b3bed4094-groupManagement] INFO  server.RaftServerConfigKeys (ConfUtils.java:logGet(46)) - raft.server.read.read-after-write-consistent.write-index-cache.expiry-time = 60s (default)
2024-02-09 18:34:06,741 [50f87e96-d653-4358-9a58-224b3bed4094-groupManagement] INFO  server.RaftServerConfigKeys (ConfUtils.java:logGet(46)) - raft.server.rpc.request.timeout = 3000ms (default)
2024-02-09 18:34:06,741 [50f87e96-d653-4358-9a58-224b3bed4094-groupManagement] INFO  server.RaftServerConfigKeys (ConfUtils.java:logGet(46)) - raft.server.log.appender.install.snapshot.enabled = false (custom)
2024-02-09 18:34:06,741 [50f87e96-d653-4358-9a58-224b3bed4094-groupManagement] INFO  server.RaftServerConfigKeys (ConfUtils.java:logGet(46)) - raft.server.threadpool.server.cached = true (default)
2024-02-09 18:34:06,741 [50f87e96-d653-4358-9a58-224b3bed4094-groupManagement] INFO  server.RaftServerConfigKeys (ConfUtils.java:logGet(46)) - raft.server.threadpool.server.size = 0 (default)
2024-02-09 18:34:06,741 [50f87e96-d653-4358-9a58-224b3bed4094-groupManagement] INFO  server.RaftServerConfigKeys (ConfUtils.java:logGet(46)) - raft.server.threadpool.client.cached = true (default)
2024-02-09 18:34:06,741 [50f87e96-d653-4358-9a58-224b3bed4094-groupManagement] INFO  server.RaftServerConfigKeys (ConfUtils.java:logGet(46)) - raft.server.threadpool.client.size = 0 (default)
2024-02-09 18:34:06,741 [50f87e96-d653-4358-9a58-224b3bed4094-groupManagement] INFO  server.RaftServerConfigKeys (ConfUtils.java:logGet(46)) - raft.server.storage.free-space.min = 0MB (=0) (default)
2024-02-09 18:34:06,742 [50f87e96-d653-4358-9a58-224b3bed4094-groupManagement] INFO  server.RaftServerConfigKeys (ConfUtils.java:logGet(46)) - raft.server.log.corruption.policy = EXCEPTION (default)
2024-02-09 18:34:06,742 [50f87e96-d653-4358-9a58-224b3bed4094-groupManagement] INFO  server.RaftServerConfigKeys (ConfUtils.java:logGet(46)) - raft.server.storage.dir = [/home/runner/work/ozone/ozone/hadoop-ozone/integration-test/target/test-dir/MiniOzoneClusterImpl-2e7e0147-493e-4f7b-8772-843c2731e345/datanode-4/data/ratis] (custom)
2024-02-09 18:34:06,742 [50f87e96-d653-4358-9a58-224b3bed4094-groupManagement] INFO  storage.RaftStorageDirectory (RaftStorageDirectoryImpl.java:analyzeStorage(138)) - The storage directory /home/runner/work/ozone/ozone/hadoop-ozone/integration-test/target/test-dir/MiniOzoneClusterImpl-2e7e0147-493e-4f7b-8772-843c2731e345/datanode-4/data/ratis/d9f1df6b-2b86-4810-b733-32b47a74d0a4 does not exist. Creating ...
2024-02-09 18:34:06,743 [50f87e96-d653-4358-9a58-224b3bed4094-groupManagement] INFO  storage.RaftStorageDirectory (RaftStorageDirectoryImpl.java:tryLock(228)) - Lock on /home/runner/work/ozone/ozone/hadoop-ozone/integration-test/target/test-dir/MiniOzoneClusterImpl-2e7e0147-493e-4f7b-8772-843c2731e345/datanode-4/data/ratis/d9f1df6b-2b86-4810-b733-32b47a74d0a4/in_use.lock acquired by nodename 37674@fv-az1241-572
2024-02-09 18:34:06,744 [50f87e96-d653-4358-9a58-224b3bed4094-groupManagement] INFO  storage.RaftStorage (RaftStorageImpl.java:format(99)) - Storage directory /home/runner/work/ozone/ozone/hadoop-ozone/integration-test/target/test-dir/MiniOzoneClusterImpl-2e7e0147-493e-4f7b-8772-843c2731e345/datanode-4/data/ratis/d9f1df6b-2b86-4810-b733-32b47a74d0a4 has been successfully formatted.
2024-02-09 18:34:06,744 [50f87e96-d653-4358-9a58-224b3bed4094-groupManagement] WARN  util.FileUtils (LogUtils.java:supplyAndLog(63)) - Failed to Files.newInputStream /home/runner/work/ozone/ozone/hadoop-ozone/integration-test/target/test-dir/MiniOzoneClusterImpl-2e7e0147-493e-4f7b-8772-843c2731e345/datanode-4/data/ratis/d9f1df6b-2b86-4810-b733-32b47a74d0a4/current/raft-meta.conf with options []: java.nio.file.NoSuchFileException: /home/runner/work/ozone/ozone/hadoop-ozone/integration-test/target/test-dir/MiniOzoneClusterImpl-2e7e0147-493e-4f7b-8772-843c2731e345/datanode-4/data/ratis/d9f1df6b-2b86-4810-b733-32b47a74d0a4/current/raft-meta.conf
2024-02-09 18:34:06,744 [50f87e96-d653-4358-9a58-224b3bed4094-groupManagement] INFO  ratis.ContainerStateMachine (ContainerStateMachine.java:loadSnapshot(287)) - group-32B47A74D0A4: The snapshot info is null. Setting the last applied index to:(t:0, i:~)
2024-02-09 18:34:06,744 [50f87e96-d653-4358-9a58-224b3bed4094-groupManagement] INFO  server.RaftServerConfigKeys (ConfUtils.java:logGet(46)) - raft.server.log.use.memory = false (default)
2024-02-09 18:34:06,744 [50f87e96-d653-4358-9a58-224b3bed4094-groupManagement] INFO  server.RaftServerConfigKeys (ConfUtils.java:logGet(46)) - raft.server.log.purge.gap = 1000000 (custom)
2024-02-09 18:34:06,744 [50f87e96-d653-4358-9a58-224b3bed4094-groupManagement] INFO  server.RaftServerConfigKeys (ConfUtils.java:logGet(46)) - raft.server.log.appender.buffer.byte-limit = 8388608 (custom)
2024-02-09 18:34:06,745 [50f87e96-d653-4358-9a58-224b3bed4094-groupManagement] INFO  server.RaftServerConfigKeys (ConfUtils.java:logGet(46)) - raft.server.log.statemachine.data.read.timeout = 1000ms (default)
2024-02-09 18:34:06,745 [50f87e96-d653-4358-9a58-224b3bed4094-groupManagement] INFO  server.RaftServerConfigKeys (ConfUtils.java:logGet(46)) - raft.server.log.purge.preservation.log.num = 0 (default)
2024-02-09 18:34:06,746 [EventQueue-PipelineReportForPipelineReportHandler] INFO  pipeline.PipelineReportHandler (PipelineReportHandler.java:processPipelineReport(136)) - Opened pipeline PipelineID=d9f1df6b-2b86-4810-b733-32b47a74d0a4
2024-02-09 18:34:06,746 [50f87e96-d653-4358-9a58-224b3bed4094-groupManagement] INFO  server.RaftServerConfigKeys (ConfUtils.java:logGet(46)) - raft.server.log.segment.size.max = 67108864 (custom)
2024-02-09 18:34:06,746 [EventQueue-OpenPipelineForHealthyPipelineSafeModeRule] INFO  safemode.SCMSafeModeManager (HealthyPipelineSafeModeRule.java:process(140)) - SCM in safe mode. Healthy pipelines reported count is 0, required healthy pipeline reported count is 1
2024-02-09 18:34:06,746 [50f87e96-d653-4358-9a58-224b3bed4094-groupManagement] INFO  server.RaftServerConfigKeys (ConfUtils.java:logGet(46)) - raft.server.log.segment.cache.num.max = 2 (custom)
2024-02-09 18:34:06,746 [50f87e96-d653-4358-9a58-224b3bed4094-groupManagement] INFO  server.RaftServerConfigKeys (ConfUtils.java:logGet(46)) - raft.server.log.segment.cache.size.max = 200MB (=209715200) (default)
2024-02-09 18:34:06,746 [50f87e96-d653-4358-9a58-224b3bed4094-groupManagement] INFO  server.RaftServerConfigKeys (ConfUtils.java:logGet(46)) - raft.server.log.appender.buffer.byte-limit = 8388608 (custom)
2024-02-09 18:34:06,747 [50f87e96-d653-4358-9a58-224b3bed4094-groupManagement] INFO  util.AwaitToRun (AwaitToRun.java:start(81)) - Thread[50f87e96-d653-4358-9a58-224b3bed4094@group-32B47A74D0A4-cacheEviction-AwaitToRun,5,main] started
2024-02-09 18:34:06,747 [50f87e96-d653-4358-9a58-224b3bed4094-groupManagement] INFO  segmented.SegmentedRaftLogWorker (SegmentedRaftLogWorker.java:<init>(182)) - new 50f87e96-d653-4358-9a58-224b3bed4094@group-32B47A74D0A4-SegmentedRaftLogWorker for RaftStorageImpl:Storage Directory /home/runner/work/ozone/ozone/hadoop-ozone/integration-test/target/test-dir/MiniOzoneClusterImpl-2e7e0147-493e-4f7b-8772-843c2731e345/datanode-4/data/ratis/d9f1df6b-2b86-4810-b733-32b47a74d0a4
2024-02-09 18:34:06,747 [50f87e96-d653-4358-9a58-224b3bed4094-groupManagement] INFO  server.RaftServerConfigKeys (ConfUtils.java:logGet(46)) - raft.server.log.queue.byte-limit = 4294967296 (custom)
2024-02-09 18:34:06,747 [50f87e96-d653-4358-9a58-224b3bed4094-groupManagement] INFO  server.RaftServerConfigKeys (ConfUtils.java:logGet(46)) - raft.server.log.queue.element-limit = 1024 (custom)
2024-02-09 18:34:06,747 [50f87e96-d653-4358-9a58-224b3bed4094-groupManagement] INFO  server.RaftServerConfigKeys (ConfUtils.java:logGet(46)) - raft.server.log.segment.size.max = 67108864 (custom)
2024-02-09 18:34:06,747 [50f87e96-d653-4358-9a58-224b3bed4094-groupManagement] INFO  server.RaftServerConfigKeys (ConfUtils.java:logGet(46)) - raft.server.log.preallocated.size = 4194304 (custom)
2024-02-09 18:34:06,747 [50f87e96-d653-4358-9a58-224b3bed4094-groupManagement] INFO  server.RaftServerConfigKeys (ConfUtils.java:logGet(46)) - raft.server.log.force.sync.num = 128 (default)
2024-02-09 18:34:06,747 [50f87e96-d653-4358-9a58-224b3bed4094-groupManagement] INFO  server.RaftServerConfigKeys (ConfUtils.java:logGet(46)) - raft.server.log.statemachine.data.sync = true (default)
2024-02-09 18:34:06,747 [50f87e96-d653-4358-9a58-224b3bed4094-groupManagement] INFO  server.RaftServerConfigKeys (ConfUtils.java:logGet(46)) - raft.server.log.statemachine.data.sync.timeout = 10s (default)
2024-02-09 18:34:06,747 [50f87e96-d653-4358-9a58-224b3bed4094-groupManagement] INFO  server.RaftServerConfigKeys (ConfUtils.java:logGet(46)) - raft.server.log.statemachine.data.sync.timeout.retry = 0 (custom)
2024-02-09 18:34:06,747 [50f87e96-d653-4358-9a58-224b3bed4094-groupManagement] INFO  server.RaftServerConfigKeys (ConfUtils.java:logGet(46)) - raft.server.log.write.buffer.size = 8388616 (custom)
2024-02-09 18:34:06,748 [50f87e96-d653-4358-9a58-224b3bed4094-groupManagement] INFO  server.RaftServerConfigKeys (ConfUtils.java:logGet(46)) - raft.server.log.appender.buffer.byte-limit = 8388608 (custom)
2024-02-09 18:34:06,748 [50f87e96-d653-4358-9a58-224b3bed4094-groupManagement] INFO  server.RaftServerConfigKeys (ConfUtils.java:logGet(46)) - raft.server.log.unsafe-flush.enabled = false (default)
2024-02-09 18:34:06,748 [50f87e96-d653-4358-9a58-224b3bed4094-groupManagement] INFO  server.RaftServerConfigKeys (ConfUtils.java:logGet(46)) - raft.server.log.async-flush.enabled = false (default)
2024-02-09 18:34:06,748 [50f87e96-d653-4358-9a58-224b3bed4094-groupManagement] INFO  server.RaftServerConfigKeys (ConfUtils.java:logGet(46)) - raft.server.log.statemachine.data.caching.enabled = true (custom)
2024-02-09 18:34:06,749 [50f87e96-d653-4358-9a58-224b3bed4094-groupManagement] INFO  segmented.SegmentedRaftLogWorker (SegmentedRaftLogWorker.java:lambda$new$0(134)) - 50f87e96-d653-4358-9a58-224b3bed4094@group-32B47A74D0A4-SegmentedRaftLogWorker: flushIndex: setUnconditionally 0 -> -1
2024-02-09 18:34:06,749 [50f87e96-d653-4358-9a58-224b3bed4094-groupManagement] INFO  segmented.SegmentedRaftLogWorker (SegmentedRaftLogWorker.java:lambda$new$0(134)) - 50f87e96-d653-4358-9a58-224b3bed4094@group-32B47A74D0A4-SegmentedRaftLogWorker: safeCacheEvictIndex: setUnconditionally 0 -> -1
2024-02-09 18:34:06,749 [50f87e96-d653-4358-9a58-224b3bed4094-groupManagement] INFO  server.RaftServer$Division (RaftServerImpl.java:start(396)) - 50f87e96-d653-4358-9a58-224b3bed4094@group-32B47A74D0A4: start as a follower, conf=-1: peers:[50f87e96-d653-4358-9a58-224b3bed4094|10.1.0.43:15139]|listeners:[], old=null
2024-02-09 18:34:06,749 [50f87e96-d653-4358-9a58-224b3bed4094-groupManagement] INFO  server.RaftServer$Division (RaftServerImpl.java:setRole(383)) - 50f87e96-d653-4358-9a58-224b3bed4094@group-32B47A74D0A4: changes role from      null to FOLLOWER at term 0 for startAsFollower
2024-02-09 18:34:06,749 [50f87e96-d653-4358-9a58-224b3bed4094-groupManagement] INFO  impl.RoleInfo (RoleInfo.java:updateAndGet(139)) - 50f87e96-d653-4358-9a58-224b3bed4094: start 50f87e96-d653-4358-9a58-224b3bed4094@group-32B47A74D0A4-FollowerState
2024-02-09 18:34:06,749 [50f87e96-d653-4358-9a58-224b3bed4094@group-32B47A74D0A4-FollowerState] INFO  server.RaftServerConfigKeys (ConfUtils.java:logFallback(53)) - raft.server.rpc.first-election.timeout.min = 5s (fallback to raft.server.rpc.timeout.min)
2024-02-09 18:34:06,749 [50f87e96-d653-4358-9a58-224b3bed4094-groupManagement] INFO  util.JmxRegister (JmxRegister.java:tryRegister(44)) - Successfully registered JMX Bean with object name Ratis:service=RaftServer,group=group-32B47A74D0A4,id=50f87e96-d653-4358-9a58-224b3bed4094
2024-02-09 18:34:06,749 [50f87e96-d653-4358-9a58-224b3bed4094-groupManagement] INFO  server.RaftServerConfigKeys (ConfUtils.java:logGet(46)) - raft.server.snapshot.trigger-when-stop.enabled = true (default)
2024-02-09 18:34:06,749 [50f87e96-d653-4358-9a58-224b3bed4094-groupManagement] INFO  server.RaftServerConfigKeys (ConfUtils.java:logGet(46)) - raft.server.snapshot.auto.trigger.enabled = true (custom)
2024-02-09 18:34:06,749 [50f87e96-d653-4358-9a58-224b3bed4094-groupManagement] INFO  server.RaftServerConfigKeys (ConfUtils.java:logGet(46)) - raft.server.snapshot.auto.trigger.threshold = 10000 (custom)
2024-02-09 18:34:06,749 [50f87e96-d653-4358-9a58-224b3bed4094-groupManagement] INFO  server.RaftServerConfigKeys (ConfUtils.java:logGet(46)) - raft.server.snapshot.retention.file.num = 5 (custom)
2024-02-09 18:34:06,749 [50f87e96-d653-4358-9a58-224b3bed4094-groupManagement] INFO  server.RaftServerConfigKeys (ConfUtils.java:logGet(46)) - raft.server.log.purge.upto.snapshot.index = false (default)
2024-02-09 18:34:06,749 [50f87e96-d653-4358-9a58-224b3bed4094@group-32B47A74D0A4-FollowerState] INFO  server.RaftServerConfigKeys (ConfUtils.java:logFallback(53)) - raft.server.rpc.first-election.timeout.max = 5200ms (fallback to raft.server.rpc.timeout.max)
2024-02-09 18:34:06,750 [50f87e96-d653-4358-9a58-224b3bed4094-PipelineCommandHandlerThread-0] INFO  ratis.XceiverServerRatis (XceiverServerRatis.java:addGroup(864)) - Created group PipelineID=d9f1df6b-2b86-4810-b733-32b47a74d0a4
2024-02-09 18:34:06,750 [50f87e96-d653-4358-9a58-224b3bed4094-PipelineCommandHandlerThread-0] INFO  commandhandler.CreatePipelineCommandHandler (CreatePipelineCommandHandler.java:lambda$handle$2(124)) - Created Pipeline RATIS ONE PipelineID=d9f1df6b-2b86-4810-b733-32b47a74d0a4.
2024-02-09 18:34:06,843 [c9aa2afb-1190-4a6b-bc65-38c12648ce52-PipelineCommandHandlerThread-0] INFO  server.RaftServer (RaftServerProxy.java:addNew(100)) - c9aa2afb-1190-4a6b-bc65-38c12648ce52: addNew group-68E6024F257B:[c9aa2afb-1190-4a6b-bc65-38c12648ce52|10.1.0.43:15148] returns group-68E6024F257B:java.util.concurrent.CompletableFuture@5ae6ac29[Not completed]
2024-02-09 18:34:06,844 [c9aa2afb-1190-4a6b-bc65-38c12648ce52-groupManagement] INFO  server.RaftServer$Division (RaftServerImpl.java:<init>(256)) - c9aa2afb-1190-4a6b-bc65-38c12648ce52: new RaftServerImpl for group-68E6024F257B:[c9aa2afb-1190-4a6b-bc65-38c12648ce52|10.1.0.43:15148] with ContainerStateMachine:uninitialized
2024-02-09 18:34:06,844 [c9aa2afb-1190-4a6b-bc65-38c12648ce52-groupManagement] INFO  server.RaftServerConfigKeys (ConfUtils.java:logGet(46)) - raft.server.rpc.timeout.min = 5s (custom)
2024-02-09 18:34:06,844 [c9aa2afb-1190-4a6b-bc65-38c12648ce52-groupManagement] INFO  server.RaftServerConfigKeys (ConfUtils.java:logGet(46)) - raft.server.rpc.timeout.max = 5200ms (custom)
2024-02-09 18:34:06,844 [c9aa2afb-1190-4a6b-bc65-38c12648ce52-groupManagement] INFO  server.RaftServerConfigKeys (ConfUtils.java:logGet(46)) - raft.server.rpc.sleep.time = 25ms (default)
2024-02-09 18:34:06,844 [c9aa2afb-1190-4a6b-bc65-38c12648ce52-groupManagement] INFO  server.RaftServerConfigKeys (ConfUtils.java:logGet(46)) - raft.server.rpc.slowness.timeout = 300000ms (custom)
2024-02-09 18:34:06,844 [c9aa2afb-1190-4a6b-bc65-38c12648ce52-groupManagement] INFO  server.RaftServerConfigKeys (ConfUtils.java:logGet(46)) - raft.server.leaderelection.leader.step-down.wait-time = 10s (default)
2024-02-09 18:34:06,845 [c9aa2afb-1190-4a6b-bc65-38c12648ce52-groupManagement] INFO  server.RaftServerConfigKeys (ConfUtils.java:logGet(46)) - raft.server.leaderelection.member.majority-add = false (default)
2024-02-09 18:34:06,845 [c9aa2afb-1190-4a6b-bc65-38c12648ce52-groupManagement] INFO  server.RaftServerConfigKeys (ConfUtils.java:logGet(46)) - raft.server.sleep.deviation.threshold = 300ms (default)
2024-02-09 18:34:06,845 [c9aa2afb-1190-4a6b-bc65-38c12648ce52-groupManagement] INFO  server.RaftServer$Division (ServerState.java:<init>(113)) - c9aa2afb-1190-4a6b-bc65-38c12648ce52@group-68E6024F257B: ConfigurationManager, init=-1: peers:[c9aa2afb-1190-4a6b-bc65-38c12648ce52|10.1.0.43:15148]|listeners:[], old=null, confs=<EMPTY_MAP>
2024-02-09 18:34:06,845 [c9aa2afb-1190-4a6b-bc65-38c12648ce52-groupManagement] INFO  server.RaftServerConfigKeys (ConfUtils.java:logGet(46)) - raft.server.notification.no-leader.timeout = 300000ms (custom)
2024-02-09 18:34:06,845 [c9aa2afb-1190-4a6b-bc65-38c12648ce52-groupManagement] INFO  server.RaftServerConfigKeys (ConfUtils.java:logGet(46)) - raft.server.read.timeout = 10s (default)
2024-02-09 18:34:06,845 [c9aa2afb-1190-4a6b-bc65-38c12648ce52-groupManagement] INFO  server.RaftServerConfigKeys (ConfUtils.java:logGet(46)) - raft.server.retrycache.expirytime = 600000ms (custom)
2024-02-09 18:34:06,845 [c9aa2afb-1190-4a6b-bc65-38c12648ce52-groupManagement] INFO  server.RaftServerConfigKeys (ConfUtils.java:logGet(46)) - raft.server.retrycache.statistics.expirytime = 100ms (default)
2024-02-09 18:34:06,845 [c9aa2afb-1190-4a6b-bc65-38c12648ce52-groupManagement] INFO  server.RaftServerConfigKeys (ConfUtils.java:logGet(46)) - raft.server.read.option = DEFAULT (default)
2024-02-09 18:34:06,845 [c9aa2afb-1190-4a6b-bc65-38c12648ce52-groupManagement] INFO  server.RaftServerConfigKeys (ConfUtils.java:logGet(46)) - raft.server.read.read-after-write-consistent.write-index-cache.expiry-time = 60s (default)
2024-02-09 18:34:06,847 [c9aa2afb-1190-4a6b-bc65-38c12648ce52-groupManagement] INFO  server.RaftServerConfigKeys (ConfUtils.java:logGet(46)) - raft.server.rpc.request.timeout = 3000ms (default)
2024-02-09 18:34:06,847 [c9aa2afb-1190-4a6b-bc65-38c12648ce52-groupManagement] INFO  server.RaftServerConfigKeys (ConfUtils.java:logGet(46)) - raft.server.log.appender.install.snapshot.enabled = false (custom)
2024-02-09 18:34:06,847 [c9aa2afb-1190-4a6b-bc65-38c12648ce52-groupManagement] INFO  server.RaftServerConfigKeys (ConfUtils.java:logGet(46)) - raft.server.threadpool.server.cached = true (default)
2024-02-09 18:34:06,847 [c9aa2afb-1190-4a6b-bc65-38c12648ce52-groupManagement] INFO  server.RaftServerConfigKeys (ConfUtils.java:logGet(46)) - raft.server.threadpool.server.size = 0 (default)
2024-02-09 18:34:06,847 [c9aa2afb-1190-4a6b-bc65-38c12648ce52-groupManagement] INFO  server.RaftServerConfigKeys (ConfUtils.java:logGet(46)) - raft.server.threadpool.client.cached = true (default)
2024-02-09 18:34:06,847 [c9aa2afb-1190-4a6b-bc65-38c12648ce52-groupManagement] INFO  server.RaftServerConfigKeys (ConfUtils.java:logGet(46)) - raft.server.threadpool.client.size = 0 (default)
2024-02-09 18:34:06,847 [c9aa2afb-1190-4a6b-bc65-38c12648ce52-groupManagement] INFO  server.RaftServerConfigKeys (ConfUtils.java:logGet(46)) - raft.server.storage.free-space.min = 0MB (=0) (default)
2024-02-09 18:34:06,848 [c9aa2afb-1190-4a6b-bc65-38c12648ce52-groupManagement] INFO  server.RaftServerConfigKeys (ConfUtils.java:logGet(46)) - raft.server.log.corruption.policy = EXCEPTION (default)
2024-02-09 18:34:06,848 [c9aa2afb-1190-4a6b-bc65-38c12648ce52-groupManagement] INFO  server.RaftServerConfigKeys (ConfUtils.java:logGet(46)) - raft.server.storage.dir = [/home/runner/work/ozone/ozone/hadoop-ozone/integration-test/target/test-dir/MiniOzoneClusterImpl-2e7e0147-493e-4f7b-8772-843c2731e345/datanode-5/data/ratis] (custom)
2024-02-09 18:34:06,848 [c9aa2afb-1190-4a6b-bc65-38c12648ce52-groupManagement] INFO  storage.RaftStorageDirectory (RaftStorageDirectoryImpl.java:analyzeStorage(138)) - The storage directory /home/runner/work/ozone/ozone/hadoop-ozone/integration-test/target/test-dir/MiniOzoneClusterImpl-2e7e0147-493e-4f7b-8772-843c2731e345/datanode-5/data/ratis/6dce6a42-23f9-4e49-a3d3-68e6024f257b does not exist. Creating ...
2024-02-09 18:34:06,849 [c9aa2afb-1190-4a6b-bc65-38c12648ce52-groupManagement] INFO  storage.RaftStorageDirectory (RaftStorageDirectoryImpl.java:tryLock(228)) - Lock on /home/runner/work/ozone/ozone/hadoop-ozone/integration-test/target/test-dir/MiniOzoneClusterImpl-2e7e0147-493e-4f7b-8772-843c2731e345/datanode-5/data/ratis/6dce6a42-23f9-4e49-a3d3-68e6024f257b/in_use.lock acquired by nodename 37674@fv-az1241-572
2024-02-09 18:34:06,850 [c9aa2afb-1190-4a6b-bc65-38c12648ce52-groupManagement] INFO  storage.RaftStorage (RaftStorageImpl.java:format(99)) - Storage directory /home/runner/work/ozone/ozone/hadoop-ozone/integration-test/target/test-dir/MiniOzoneClusterImpl-2e7e0147-493e-4f7b-8772-843c2731e345/datanode-5/data/ratis/6dce6a42-23f9-4e49-a3d3-68e6024f257b has been successfully formatted.
2024-02-09 18:34:06,850 [c9aa2afb-1190-4a6b-bc65-38c12648ce52-groupManagement] WARN  util.FileUtils (LogUtils.java:supplyAndLog(63)) - Failed to Files.newInputStream /home/runner/work/ozone/ozone/hadoop-ozone/integration-test/target/test-dir/MiniOzoneClusterImpl-2e7e0147-493e-4f7b-8772-843c2731e345/datanode-5/data/ratis/6dce6a42-23f9-4e49-a3d3-68e6024f257b/current/raft-meta.conf with options []: java.nio.file.NoSuchFileException: /home/runner/work/ozone/ozone/hadoop-ozone/integration-test/target/test-dir/MiniOzoneClusterImpl-2e7e0147-493e-4f7b-8772-843c2731e345/datanode-5/data/ratis/6dce6a42-23f9-4e49-a3d3-68e6024f257b/current/raft-meta.conf
2024-02-09 18:34:06,850 [c9aa2afb-1190-4a6b-bc65-38c12648ce52-groupManagement] INFO  ratis.ContainerStateMachine (ContainerStateMachine.java:loadSnapshot(287)) - group-68E6024F257B: The snapshot info is null. Setting the last applied index to:(t:0, i:~)
2024-02-09 18:34:06,850 [c9aa2afb-1190-4a6b-bc65-38c12648ce52-groupManagement] INFO  server.RaftServerConfigKeys (ConfUtils.java:logGet(46)) - raft.server.log.use.memory = false (default)
2024-02-09 18:34:06,850 [c9aa2afb-1190-4a6b-bc65-38c12648ce52-groupManagement] INFO  server.RaftServerConfigKeys (ConfUtils.java:logGet(46)) - raft.server.log.purge.gap = 1000000 (custom)
2024-02-09 18:34:06,850 [c9aa2afb-1190-4a6b-bc65-38c12648ce52-groupManagement] INFO  server.RaftServerConfigKeys (ConfUtils.java:logGet(46)) - raft.server.log.appender.buffer.byte-limit = 8388608 (custom)
2024-02-09 18:34:06,850 [c9aa2afb-1190-4a6b-bc65-38c12648ce52-groupManagement] INFO  server.RaftServerConfigKeys (ConfUtils.java:logGet(46)) - raft.server.log.statemachine.data.read.timeout = 1000ms (default)
2024-02-09 18:34:06,850 [c9aa2afb-1190-4a6b-bc65-38c12648ce52-groupManagement] INFO  server.RaftServerConfigKeys (ConfUtils.java:logGet(46)) - raft.server.log.purge.preservation.log.num = 0 (default)
2024-02-09 18:34:06,851 [EventQueue-PipelineReportForPipelineReportHandler] INFO  pipeline.PipelineReportHandler (PipelineReportHandler.java:processPipelineReport(136)) - Opened pipeline PipelineID=6dce6a42-23f9-4e49-a3d3-68e6024f257b
2024-02-09 18:34:06,851 [EventQueue-OpenPipelineForHealthyPipelineSafeModeRule] INFO  safemode.SCMSafeModeManager (HealthyPipelineSafeModeRule.java:process(140)) - SCM in safe mode. Healthy pipelines reported count is 0, required healthy pipeline reported count is 1
2024-02-09 18:34:06,852 [c9aa2afb-1190-4a6b-bc65-38c12648ce52-groupManagement] INFO  server.RaftServerConfigKeys (ConfUtils.java:logGet(46)) - raft.server.log.segment.size.max = 67108864 (custom)
2024-02-09 18:34:06,852 [c9aa2afb-1190-4a6b-bc65-38c12648ce52-groupManagement] INFO  server.RaftServerConfigKeys (ConfUtils.java:logGet(46)) - raft.server.log.segment.cache.num.max = 2 (custom)
2024-02-09 18:34:06,852 [c9aa2afb-1190-4a6b-bc65-38c12648ce52-groupManagement] INFO  server.RaftServerConfigKeys (ConfUtils.java:logGet(46)) - raft.server.log.segment.cache.size.max = 200MB (=209715200) (default)
2024-02-09 18:34:06,852 [c9aa2afb-1190-4a6b-bc65-38c12648ce52-groupManagement] INFO  server.RaftServerConfigKeys (ConfUtils.java:logGet(46)) - raft.server.log.appender.buffer.byte-limit = 8388608 (custom)
2024-02-09 18:34:06,852 [c9aa2afb-1190-4a6b-bc65-38c12648ce52-groupManagement] INFO  util.AwaitToRun (AwaitToRun.java:start(81)) - Thread[c9aa2afb-1190-4a6b-bc65-38c12648ce52@group-68E6024F257B-cacheEviction-AwaitToRun,5,main] started
2024-02-09 18:34:06,852 [c9aa2afb-1190-4a6b-bc65-38c12648ce52-groupManagement] INFO  segmented.SegmentedRaftLogWorker (SegmentedRaftLogWorker.java:<init>(182)) - new c9aa2afb-1190-4a6b-bc65-38c12648ce52@group-68E6024F257B-SegmentedRaftLogWorker for RaftStorageImpl:Storage Directory /home/runner/work/ozone/ozone/hadoop-ozone/integration-test/target/test-dir/MiniOzoneClusterImpl-2e7e0147-493e-4f7b-8772-843c2731e345/datanode-5/data/ratis/6dce6a42-23f9-4e49-a3d3-68e6024f257b
2024-02-09 18:34:06,852 [c9aa2afb-1190-4a6b-bc65-38c12648ce52-groupManagement] INFO  server.RaftServerConfigKeys (ConfUtils.java:logGet(46)) - raft.server.log.queue.byte-limit = 4294967296 (custom)
2024-02-09 18:34:06,852 [c9aa2afb-1190-4a6b-bc65-38c12648ce52-groupManagement] INFO  server.RaftServerConfigKeys (ConfUtils.java:logGet(46)) - raft.server.log.queue.element-limit = 1024 (custom)
2024-02-09 18:34:06,853 [c9aa2afb-1190-4a6b-bc65-38c12648ce52-groupManagement] INFO  server.RaftServerConfigKeys (ConfUtils.java:logGet(46)) - raft.server.log.segment.size.max = 67108864 (custom)
2024-02-09 18:34:06,853 [c9aa2afb-1190-4a6b-bc65-38c12648ce52-groupManagement] INFO  server.RaftServerConfigKeys (ConfUtils.java:logGet(46)) - raft.server.log.preallocated.size = 4194304 (custom)
2024-02-09 18:34:06,853 [c9aa2afb-1190-4a6b-bc65-38c12648ce52-groupManagement] INFO  server.RaftServerConfigKeys (ConfUtils.java:logGet(46)) - raft.server.log.force.sync.num = 128 (default)
2024-02-09 18:34:06,853 [c9aa2afb-1190-4a6b-bc65-38c12648ce52-groupManagement] INFO  server.RaftServerConfigKeys (ConfUtils.java:logGet(46)) - raft.server.log.statemachine.data.sync = true (default)
2024-02-09 18:34:06,853 [c9aa2afb-1190-4a6b-bc65-38c12648ce52-groupManagement] INFO  server.RaftServerConfigKeys (ConfUtils.java:logGet(46)) - raft.server.log.statemachine.data.sync.timeout = 10s (default)
2024-02-09 18:34:06,853 [c9aa2afb-1190-4a6b-bc65-38c12648ce52-groupManagement] INFO  server.RaftServerConfigKeys (ConfUtils.java:logGet(46)) - raft.server.log.statemachine.data.sync.timeout.retry = 0 (custom)
2024-02-09 18:34:06,853 [c9aa2afb-1190-4a6b-bc65-38c12648ce52-groupManagement] INFO  server.RaftServerConfigKeys (ConfUtils.java:logGet(46)) - raft.server.log.write.buffer.size = 8388616 (custom)
2024-02-09 18:34:06,855 [c9aa2afb-1190-4a6b-bc65-38c12648ce52-groupManagement] INFO  server.RaftServerConfigKeys (ConfUtils.java:logGet(46)) - raft.server.log.appender.buffer.byte-limit = 8388608 (custom)
2024-02-09 18:34:06,855 [c9aa2afb-1190-4a6b-bc65-38c12648ce52-groupManagement] INFO  server.RaftServerConfigKeys (ConfUtils.java:logGet(46)) - raft.server.log.unsafe-flush.enabled = false (default)
2024-02-09 18:34:06,855 [c9aa2afb-1190-4a6b-bc65-38c12648ce52-groupManagement] INFO  server.RaftServerConfigKeys (ConfUtils.java:logGet(46)) - raft.server.log.async-flush.enabled = false (default)
2024-02-09 18:34:06,855 [c9aa2afb-1190-4a6b-bc65-38c12648ce52-groupManagement] INFO  server.RaftServerConfigKeys (ConfUtils.java:logGet(46)) - raft.server.log.statemachine.data.caching.enabled = true (custom)
2024-02-09 18:34:06,855 [c9aa2afb-1190-4a6b-bc65-38c12648ce52-groupManagement] INFO  segmented.SegmentedRaftLogWorker (SegmentedRaftLogWorker.java:lambda$new$0(134)) - c9aa2afb-1190-4a6b-bc65-38c12648ce52@group-68E6024F257B-SegmentedRaftLogWorker: flushIndex: setUnconditionally 0 -> -1
2024-02-09 18:34:06,855 [c9aa2afb-1190-4a6b-bc65-38c12648ce52-groupManagement] INFO  segmented.SegmentedRaftLogWorker (SegmentedRaftLogWorker.java:lambda$new$0(134)) - c9aa2afb-1190-4a6b-bc65-38c12648ce52@group-68E6024F257B-SegmentedRaftLogWorker: safeCacheEvictIndex: setUnconditionally 0 -> -1
2024-02-09 18:34:06,855 [c9aa2afb-1190-4a6b-bc65-38c12648ce52-groupManagement] INFO  server.RaftServer$Division (RaftServerImpl.java:start(396)) - c9aa2afb-1190-4a6b-bc65-38c12648ce52@group-68E6024F257B: start as a follower, conf=-1: peers:[c9aa2afb-1190-4a6b-bc65-38c12648ce52|10.1.0.43:15148]|listeners:[], old=null
2024-02-09 18:34:06,855 [c9aa2afb-1190-4a6b-bc65-38c12648ce52-groupManagement] INFO  server.RaftServer$Division (RaftServerImpl.java:setRole(383)) - c9aa2afb-1190-4a6b-bc65-38c12648ce52@group-68E6024F257B: changes role from      null to FOLLOWER at term 0 for startAsFollower
2024-02-09 18:34:06,855 [c9aa2afb-1190-4a6b-bc65-38c12648ce52-groupManagement] INFO  impl.RoleInfo (RoleInfo.java:updateAndGet(139)) - c9aa2afb-1190-4a6b-bc65-38c12648ce52: start c9aa2afb-1190-4a6b-bc65-38c12648ce52@group-68E6024F257B-FollowerState
2024-02-09 18:34:06,856 [c9aa2afb-1190-4a6b-bc65-38c12648ce52@group-68E6024F257B-FollowerState] INFO  server.RaftServerConfigKeys (ConfUtils.java:logFallback(53)) - raft.server.rpc.first-election.timeout.min = 5s (fallback to raft.server.rpc.timeout.min)
2024-02-09 18:34:06,856 [c9aa2afb-1190-4a6b-bc65-38c12648ce52-groupManagement] INFO  util.JmxRegister (JmxRegister.java:tryRegister(44)) - Successfully registered JMX Bean with object name Ratis:service=RaftServer,group=group-68E6024F257B,id=c9aa2afb-1190-4a6b-bc65-38c12648ce52
2024-02-09 18:34:06,856 [c9aa2afb-1190-4a6b-bc65-38c12648ce52@group-68E6024F257B-FollowerState] INFO  server.RaftServerConfigKeys (ConfUtils.java:logFallback(53)) - raft.server.rpc.first-election.timeout.max = 5200ms (fallback to raft.server.rpc.timeout.max)
2024-02-09 18:34:06,856 [c9aa2afb-1190-4a6b-bc65-38c12648ce52-groupManagement] INFO  server.RaftServerConfigKeys (ConfUtils.java:logGet(46)) - raft.server.snapshot.trigger-when-stop.enabled = true (default)
2024-02-09 18:34:06,856 [c9aa2afb-1190-4a6b-bc65-38c12648ce52-groupManagement] INFO  server.RaftServerConfigKeys (ConfUtils.java:logGet(46)) - raft.server.snapshot.auto.trigger.enabled = true (custom)
2024-02-09 18:34:06,856 [c9aa2afb-1190-4a6b-bc65-38c12648ce52-groupManagement] INFO  server.RaftServerConfigKeys (ConfUtils.java:logGet(46)) - raft.server.snapshot.auto.trigger.threshold = 10000 (custom)
2024-02-09 18:34:06,856 [c9aa2afb-1190-4a6b-bc65-38c12648ce52-groupManagement] INFO  server.RaftServerConfigKeys (ConfUtils.java:logGet(46)) - raft.server.snapshot.retention.file.num = 5 (custom)
2024-02-09 18:34:06,856 [c9aa2afb-1190-4a6b-bc65-38c12648ce52-groupManagement] INFO  server.RaftServerConfigKeys (ConfUtils.java:logGet(46)) - raft.server.log.purge.upto.snapshot.index = false (default)
2024-02-09 18:34:06,857 [c9aa2afb-1190-4a6b-bc65-38c12648ce52-PipelineCommandHandlerThread-0] INFO  ratis.XceiverServerRatis (XceiverServerRatis.java:addGroup(864)) - Created group PipelineID=6dce6a42-23f9-4e49-a3d3-68e6024f257b
2024-02-09 18:34:06,857 [c9aa2afb-1190-4a6b-bc65-38c12648ce52-PipelineCommandHandlerThread-0] INFO  commandhandler.CreatePipelineCommandHandler (CreatePipelineCommandHandler.java:lambda$handle$2(124)) - Created Pipeline RATIS ONE PipelineID=6dce6a42-23f9-4e49-a3d3-68e6024f257b.
2024-02-09 18:34:06,942 [77dd9a00-e29a-4211-83f1-3973ef1a3290-PipelineCommandHandlerThread-0] INFO  server.RaftServer (RaftServerProxy.java:addNew(100)) - 77dd9a00-e29a-4211-83f1-3973ef1a3290: addNew group-543108A04273:[77dd9a00-e29a-4211-83f1-3973ef1a3290|10.1.0.43:15157] returns group-543108A04273:java.util.concurrent.CompletableFuture@3edf6b77[Not completed]
2024-02-09 18:34:06,943 [77dd9a00-e29a-4211-83f1-3973ef1a3290-groupManagement] INFO  server.RaftServer$Division (RaftServerImpl.java:<init>(256)) - 77dd9a00-e29a-4211-83f1-3973ef1a3290: new RaftServerImpl for group-543108A04273:[77dd9a00-e29a-4211-83f1-3973ef1a3290|10.1.0.43:15157] with ContainerStateMachine:uninitialized
2024-02-09 18:34:06,943 [77dd9a00-e29a-4211-83f1-3973ef1a3290-groupManagement] INFO  server.RaftServerConfigKeys (ConfUtils.java:logGet(46)) - raft.server.rpc.timeout.min = 5s (custom)
2024-02-09 18:34:06,943 [77dd9a00-e29a-4211-83f1-3973ef1a3290-groupManagement] INFO  server.RaftServerConfigKeys (ConfUtils.java:logGet(46)) - raft.server.rpc.timeout.max = 5200ms (custom)
2024-02-09 18:34:06,943 [77dd9a00-e29a-4211-83f1-3973ef1a3290-groupManagement] INFO  server.RaftServerConfigKeys (ConfUtils.java:logGet(46)) - raft.server.rpc.sleep.time = 25ms (default)
2024-02-09 18:34:06,943 [77dd9a00-e29a-4211-83f1-3973ef1a3290-groupManagement] INFO  server.RaftServerConfigKeys (ConfUtils.java:logGet(46)) - raft.server.rpc.slowness.timeout = 300000ms (custom)
2024-02-09 18:34:06,943 [77dd9a00-e29a-4211-83f1-3973ef1a3290-groupManagement] INFO  server.RaftServerConfigKeys (ConfUtils.java:logGet(46)) - raft.server.leaderelection.leader.step-down.wait-time = 10s (default)
2024-02-09 18:34:06,943 [77dd9a00-e29a-4211-83f1-3973ef1a3290-groupManagement] INFO  server.RaftServerConfigKeys (ConfUtils.java:logGet(46)) - raft.server.leaderelection.member.majority-add = false (default)
2024-02-09 18:34:06,943 [77dd9a00-e29a-4211-83f1-3973ef1a3290-groupManagement] INFO  server.RaftServerConfigKeys (ConfUtils.java:logGet(46)) - raft.server.sleep.deviation.threshold = 300ms (default)
2024-02-09 18:34:06,943 [77dd9a00-e29a-4211-83f1-3973ef1a3290-groupManagement] INFO  server.RaftServer$Division (ServerState.java:<init>(113)) - 77dd9a00-e29a-4211-83f1-3973ef1a3290@group-543108A04273: ConfigurationManager, init=-1: peers:[77dd9a00-e29a-4211-83f1-3973ef1a3290|10.1.0.43:15157]|listeners:[], old=null, confs=<EMPTY_MAP>
2024-02-09 18:34:06,943 [77dd9a00-e29a-4211-83f1-3973ef1a3290-groupManagement] INFO  server.RaftServerConfigKeys (ConfUtils.java:logGet(46)) - raft.server.notification.no-leader.timeout = 300000ms (custom)
2024-02-09 18:34:06,944 [77dd9a00-e29a-4211-83f1-3973ef1a3290-groupManagement] INFO  server.RaftServerConfigKeys (ConfUtils.java:logGet(46)) - raft.server.read.timeout = 10s (default)
2024-02-09 18:34:06,944 [77dd9a00-e29a-4211-83f1-3973ef1a3290-groupManagement] INFO  server.RaftServerConfigKeys (ConfUtils.java:logGet(46)) - raft.server.retrycache.expirytime = 600000ms (custom)
2024-02-09 18:34:06,944 [77dd9a00-e29a-4211-83f1-3973ef1a3290-groupManagement] INFO  server.RaftServerConfigKeys (ConfUtils.java:logGet(46)) - raft.server.retrycache.statistics.expirytime = 100ms (default)
2024-02-09 18:34:06,944 [77dd9a00-e29a-4211-83f1-3973ef1a3290-groupManagement] INFO  server.RaftServerConfigKeys (ConfUtils.java:logGet(46)) - raft.server.read.option = DEFAULT (default)
2024-02-09 18:34:06,944 [77dd9a00-e29a-4211-83f1-3973ef1a3290-groupManagement] INFO  server.RaftServerConfigKeys (ConfUtils.java:logGet(46)) - raft.server.read.read-after-write-consistent.write-index-cache.expiry-time = 60s (default)
2024-02-09 18:34:06,945 [77dd9a00-e29a-4211-83f1-3973ef1a3290-groupManagement] INFO  server.RaftServerConfigKeys (ConfUtils.java:logGet(46)) - raft.server.rpc.request.timeout = 3000ms (default)
2024-02-09 18:34:06,945 [77dd9a00-e29a-4211-83f1-3973ef1a3290-groupManagement] INFO  server.RaftServerConfigKeys (ConfUtils.java:logGet(46)) - raft.server.log.appender.install.snapshot.enabled = false (custom)
2024-02-09 18:34:06,945 [77dd9a00-e29a-4211-83f1-3973ef1a3290-groupManagement] INFO  server.RaftServerConfigKeys (ConfUtils.java:logGet(46)) - raft.server.threadpool.server.cached = true (default)
2024-02-09 18:34:06,945 [77dd9a00-e29a-4211-83f1-3973ef1a3290-groupManagement] INFO  server.RaftServerConfigKeys (ConfUtils.java:logGet(46)) - raft.server.threadpool.server.size = 0 (default)
2024-02-09 18:34:06,945 [77dd9a00-e29a-4211-83f1-3973ef1a3290-groupManagement] INFO  server.RaftServerConfigKeys (ConfUtils.java:logGet(46)) - raft.server.threadpool.client.cached = true (default)
2024-02-09 18:34:06,945 [77dd9a00-e29a-4211-83f1-3973ef1a3290-groupManagement] INFO  server.RaftServerConfigKeys (ConfUtils.java:logGet(46)) - raft.server.threadpool.client.size = 0 (default)
2024-02-09 18:34:06,945 [77dd9a00-e29a-4211-83f1-3973ef1a3290-groupManagement] INFO  server.RaftServerConfigKeys (ConfUtils.java:logGet(46)) - raft.server.storage.free-space.min = 0MB (=0) (default)
2024-02-09 18:34:06,945 [77dd9a00-e29a-4211-83f1-3973ef1a3290-groupManagement] INFO  server.RaftServerConfigKeys (ConfUtils.java:logGet(46)) - raft.server.log.corruption.policy = EXCEPTION (default)
2024-02-09 18:34:06,946 [77dd9a00-e29a-4211-83f1-3973ef1a3290-groupManagement] INFO  server.RaftServerConfigKeys (ConfUtils.java:logGet(46)) - raft.server.storage.dir = [/home/runner/work/ozone/ozone/hadoop-ozone/integration-test/target/test-dir/MiniOzoneClusterImpl-2e7e0147-493e-4f7b-8772-843c2731e345/datanode-6/data/ratis] (custom)
2024-02-09 18:34:06,946 [77dd9a00-e29a-4211-83f1-3973ef1a3290-groupManagement] INFO  storage.RaftStorageDirectory (RaftStorageDirectoryImpl.java:analyzeStorage(138)) - The storage directory /home/runner/work/ozone/ozone/hadoop-ozone/integration-test/target/test-dir/MiniOzoneClusterImpl-2e7e0147-493e-4f7b-8772-843c2731e345/datanode-6/data/ratis/93b3fdf0-0258-45e7-b470-543108a04273 does not exist. Creating ...
2024-02-09 18:34:06,947 [77dd9a00-e29a-4211-83f1-3973ef1a3290-groupManagement] INFO  storage.RaftStorageDirectory (RaftStorageDirectoryImpl.java:tryLock(228)) - Lock on /home/runner/work/ozone/ozone/hadoop-ozone/integration-test/target/test-dir/MiniOzoneClusterImpl-2e7e0147-493e-4f7b-8772-843c2731e345/datanode-6/data/ratis/93b3fdf0-0258-45e7-b470-543108a04273/in_use.lock acquired by nodename 37674@fv-az1241-572
2024-02-09 18:34:06,948 [77dd9a00-e29a-4211-83f1-3973ef1a3290-groupManagement] INFO  storage.RaftStorage (RaftStorageImpl.java:format(99)) - Storage directory /home/runner/work/ozone/ozone/hadoop-ozone/integration-test/target/test-dir/MiniOzoneClusterImpl-2e7e0147-493e-4f7b-8772-843c2731e345/datanode-6/data/ratis/93b3fdf0-0258-45e7-b470-543108a04273 has been successfully formatted.
2024-02-09 18:34:06,948 [77dd9a00-e29a-4211-83f1-3973ef1a3290-groupManagement] WARN  util.FileUtils (LogUtils.java:supplyAndLog(63)) - Failed to Files.newInputStream /home/runner/work/ozone/ozone/hadoop-ozone/integration-test/target/test-dir/MiniOzoneClusterImpl-2e7e0147-493e-4f7b-8772-843c2731e345/datanode-6/data/ratis/93b3fdf0-0258-45e7-b470-543108a04273/current/raft-meta.conf with options []: java.nio.file.NoSuchFileException: /home/runner/work/ozone/ozone/hadoop-ozone/integration-test/target/test-dir/MiniOzoneClusterImpl-2e7e0147-493e-4f7b-8772-843c2731e345/datanode-6/data/ratis/93b3fdf0-0258-45e7-b470-543108a04273/current/raft-meta.conf
2024-02-09 18:34:06,949 [77dd9a00-e29a-4211-83f1-3973ef1a3290-groupManagement] INFO  ratis.ContainerStateMachine (ContainerStateMachine.java:loadSnapshot(287)) - group-543108A04273: The snapshot info is null. Setting the last applied index to:(t:0, i:~)
2024-02-09 18:34:06,949 [77dd9a00-e29a-4211-83f1-3973ef1a3290-groupManagement] INFO  server.RaftServerConfigKeys (ConfUtils.java:logGet(46)) - raft.server.log.use.memory = false (default)
2024-02-09 18:34:06,949 [77dd9a00-e29a-4211-83f1-3973ef1a3290-groupManagement] INFO  server.RaftServerConfigKeys (ConfUtils.java:logGet(46)) - raft.server.log.purge.gap = 1000000 (custom)
2024-02-09 18:34:06,949 [77dd9a00-e29a-4211-83f1-3973ef1a3290-groupManagement] INFO  server.RaftServerConfigKeys (ConfUtils.java:logGet(46)) - raft.server.log.appender.buffer.byte-limit = 8388608 (custom)
2024-02-09 18:34:06,949 [77dd9a00-e29a-4211-83f1-3973ef1a3290-groupManagement] INFO  server.RaftServerConfigKeys (ConfUtils.java:logGet(46)) - raft.server.log.statemachine.data.read.timeout = 1000ms (default)
2024-02-09 18:34:06,949 [77dd9a00-e29a-4211-83f1-3973ef1a3290-groupManagement] INFO  server.RaftServerConfigKeys (ConfUtils.java:logGet(46)) - raft.server.log.purge.preservation.log.num = 0 (default)
2024-02-09 18:34:06,950 [77dd9a00-e29a-4211-83f1-3973ef1a3290-groupManagement] INFO  server.RaftServerConfigKeys (ConfUtils.java:logGet(46)) - raft.server.log.segment.size.max = 67108864 (custom)
2024-02-09 18:34:06,951 [EventQueue-PipelineReportForPipelineReportHandler] INFO  pipeline.PipelineReportHandler (PipelineReportHandler.java:processPipelineReport(136)) - Opened pipeline PipelineID=93b3fdf0-0258-45e7-b470-543108a04273
2024-02-09 18:34:06,951 [77dd9a00-e29a-4211-83f1-3973ef1a3290-groupManagement] INFO  server.RaftServerConfigKeys (ConfUtils.java:logGet(46)) - raft.server.log.segment.cache.num.max = 2 (custom)
2024-02-09 18:34:06,951 [EventQueue-OpenPipelineForHealthyPipelineSafeModeRule] INFO  safemode.SCMSafeModeManager (HealthyPipelineSafeModeRule.java:process(140)) - SCM in safe mode. Healthy pipelines reported count is 0, required healthy pipeline reported count is 1
2024-02-09 18:34:06,951 [77dd9a00-e29a-4211-83f1-3973ef1a3290-groupManagement] INFO  server.RaftServerConfigKeys (ConfUtils.java:logGet(46)) - raft.server.log.segment.cache.size.max = 200MB (=209715200) (default)
2024-02-09 18:34:06,951 [77dd9a00-e29a-4211-83f1-3973ef1a3290-groupManagement] INFO  server.RaftServerConfigKeys (ConfUtils.java:logGet(46)) - raft.server.log.appender.buffer.byte-limit = 8388608 (custom)
2024-02-09 18:34:06,951 [77dd9a00-e29a-4211-83f1-3973ef1a3290-groupManagement] INFO  util.AwaitToRun (AwaitToRun.java:start(81)) - Thread[77dd9a00-e29a-4211-83f1-3973ef1a3290@group-543108A04273-cacheEviction-AwaitToRun,5,main] started
2024-02-09 18:34:06,951 [77dd9a00-e29a-4211-83f1-3973ef1a3290-groupManagement] INFO  segmented.SegmentedRaftLogWorker (SegmentedRaftLogWorker.java:<init>(182)) - new 77dd9a00-e29a-4211-83f1-3973ef1a3290@group-543108A04273-SegmentedRaftLogWorker for RaftStorageImpl:Storage Directory /home/runner/work/ozone/ozone/hadoop-ozone/integration-test/target/test-dir/MiniOzoneClusterImpl-2e7e0147-493e-4f7b-8772-843c2731e345/datanode-6/data/ratis/93b3fdf0-0258-45e7-b470-543108a04273
2024-02-09 18:34:06,951 [77dd9a00-e29a-4211-83f1-3973ef1a3290-groupManagement] INFO  server.RaftServerConfigKeys (ConfUtils.java:logGet(46)) - raft.server.log.queue.byte-limit = 4294967296 (custom)
2024-02-09 18:34:06,951 [77dd9a00-e29a-4211-83f1-3973ef1a3290-groupManagement] INFO  server.RaftServerConfigKeys (ConfUtils.java:logGet(46)) - raft.server.log.queue.element-limit = 1024 (custom)
2024-02-09 18:34:06,951 [77dd9a00-e29a-4211-83f1-3973ef1a3290-groupManagement] INFO  server.RaftServerConfigKeys (ConfUtils.java:logGet(46)) - raft.server.log.segment.size.max = 67108864 (custom)
2024-02-09 18:34:06,951 [77dd9a00-e29a-4211-83f1-3973ef1a3290-groupManagement] INFO  server.RaftServerConfigKeys (ConfUtils.java:logGet(46)) - raft.server.log.preallocated.size = 4194304 (custom)
2024-02-09 18:34:06,952 [77dd9a00-e29a-4211-83f1-3973ef1a3290-groupManagement] INFO  server.RaftServerConfigKeys (ConfUtils.java:logGet(46)) - raft.server.log.force.sync.num = 128 (default)
2024-02-09 18:34:06,952 [77dd9a00-e29a-4211-83f1-3973ef1a3290-groupManagement] INFO  server.RaftServerConfigKeys (ConfUtils.java:logGet(46)) - raft.server.log.statemachine.data.sync = true (default)
2024-02-09 18:34:06,952 [77dd9a00-e29a-4211-83f1-3973ef1a3290-groupManagement] INFO  server.RaftServerConfigKeys (ConfUtils.java:logGet(46)) - raft.server.log.statemachine.data.sync.timeout = 10s (default)
2024-02-09 18:34:06,952 [77dd9a00-e29a-4211-83f1-3973ef1a3290-groupManagement] INFO  server.RaftServerConfigKeys (ConfUtils.java:logGet(46)) - raft.server.log.statemachine.data.sync.timeout.retry = 0 (custom)
2024-02-09 18:34:06,952 [77dd9a00-e29a-4211-83f1-3973ef1a3290-groupManagement] INFO  server.RaftServerConfigKeys (ConfUtils.java:logGet(46)) - raft.server.log.write.buffer.size = 8388616 (custom)
2024-02-09 18:34:06,953 [77dd9a00-e29a-4211-83f1-3973ef1a3290-groupManagement] INFO  server.RaftServerConfigKeys (ConfUtils.java:logGet(46)) - raft.server.log.appender.buffer.byte-limit = 8388608 (custom)
2024-02-09 18:34:06,953 [77dd9a00-e29a-4211-83f1-3973ef1a3290-groupManagement] INFO  server.RaftServerConfigKeys (ConfUtils.java:logGet(46)) - raft.server.log.unsafe-flush.enabled = false (default)
2024-02-09 18:34:06,953 [77dd9a00-e29a-4211-83f1-3973ef1a3290-groupManagement] INFO  server.RaftServerConfigKeys (ConfUtils.java:logGet(46)) - raft.server.log.async-flush.enabled = false (default)
2024-02-09 18:34:06,953 [77dd9a00-e29a-4211-83f1-3973ef1a3290-groupManagement] INFO  server.RaftServerConfigKeys (ConfUtils.java:logGet(46)) - raft.server.log.statemachine.data.caching.enabled = true (custom)
2024-02-09 18:34:06,954 [77dd9a00-e29a-4211-83f1-3973ef1a3290-groupManagement] INFO  segmented.SegmentedRaftLogWorker (SegmentedRaftLogWorker.java:lambda$new$0(134)) - 77dd9a00-e29a-4211-83f1-3973ef1a3290@group-543108A04273-SegmentedRaftLogWorker: flushIndex: setUnconditionally 0 -> -1
2024-02-09 18:34:06,954 [77dd9a00-e29a-4211-83f1-3973ef1a3290-groupManagement] INFO  segmented.SegmentedRaftLogWorker (SegmentedRaftLogWorker.java:lambda$new$0(134)) - 77dd9a00-e29a-4211-83f1-3973ef1a3290@group-543108A04273-SegmentedRaftLogWorker: safeCacheEvictIndex: setUnconditionally 0 -> -1
2024-02-09 18:34:06,954 [77dd9a00-e29a-4211-83f1-3973ef1a3290-groupManagement] INFO  server.RaftServer$Division (RaftServerImpl.java:start(396)) - 77dd9a00-e29a-4211-83f1-3973ef1a3290@group-543108A04273: start as a follower, conf=-1: peers:[77dd9a00-e29a-4211-83f1-3973ef1a3290|10.1.0.43:15157]|listeners:[], old=null
2024-02-09 18:34:06,954 [77dd9a00-e29a-4211-83f1-3973ef1a3290-groupManagement] INFO  server.RaftServer$Division (RaftServerImpl.java:setRole(383)) - 77dd9a00-e29a-4211-83f1-3973ef1a3290@group-543108A04273: changes role from      null to FOLLOWER at term 0 for startAsFollower
2024-02-09 18:34:06,954 [77dd9a00-e29a-4211-83f1-3973ef1a3290-groupManagement] INFO  impl.RoleInfo (RoleInfo.java:updateAndGet(139)) - 77dd9a00-e29a-4211-83f1-3973ef1a3290: start 77dd9a00-e29a-4211-83f1-3973ef1a3290@group-543108A04273-FollowerState
2024-02-09 18:34:06,954 [77dd9a00-e29a-4211-83f1-3973ef1a3290-groupManagement] INFO  util.JmxRegister (JmxRegister.java:tryRegister(44)) - Successfully registered JMX Bean with object name Ratis:service=RaftServer,group=group-543108A04273,id=77dd9a00-e29a-4211-83f1-3973ef1a3290
2024-02-09 18:34:06,954 [77dd9a00-e29a-4211-83f1-3973ef1a3290@group-543108A04273-FollowerState] INFO  server.RaftServerConfigKeys (ConfUtils.java:logFallback(53)) - raft.server.rpc.first-election.timeout.min = 5s (fallback to raft.server.rpc.timeout.min)
2024-02-09 18:34:06,954 [77dd9a00-e29a-4211-83f1-3973ef1a3290-groupManagement] INFO  server.RaftServerConfigKeys (ConfUtils.java:logGet(46)) - raft.server.snapshot.trigger-when-stop.enabled = true (default)
2024-02-09 18:34:06,954 [77dd9a00-e29a-4211-83f1-3973ef1a3290@group-543108A04273-FollowerState] INFO  server.RaftServerConfigKeys (ConfUtils.java:logFallback(53)) - raft.server.rpc.first-election.timeout.max = 5200ms (fallback to raft.server.rpc.timeout.max)
2024-02-09 18:34:06,954 [77dd9a00-e29a-4211-83f1-3973ef1a3290-groupManagement] INFO  server.RaftServerConfigKeys (ConfUtils.java:logGet(46)) - raft.server.snapshot.auto.trigger.enabled = true (custom)
2024-02-09 18:34:06,954 [77dd9a00-e29a-4211-83f1-3973ef1a3290-groupManagement] INFO  server.RaftServerConfigKeys (ConfUtils.java:logGet(46)) - raft.server.snapshot.auto.trigger.threshold = 10000 (custom)
2024-02-09 18:34:06,955 [77dd9a00-e29a-4211-83f1-3973ef1a3290-groupManagement] INFO  server.RaftServerConfigKeys (ConfUtils.java:logGet(46)) - raft.server.snapshot.retention.file.num = 5 (custom)
2024-02-09 18:34:06,955 [77dd9a00-e29a-4211-83f1-3973ef1a3290-groupManagement] INFO  server.RaftServerConfigKeys (ConfUtils.java:logGet(46)) - raft.server.log.purge.upto.snapshot.index = false (default)
2024-02-09 18:34:06,955 [77dd9a00-e29a-4211-83f1-3973ef1a3290-PipelineCommandHandlerThread-0] INFO  ratis.XceiverServerRatis (XceiverServerRatis.java:addGroup(864)) - Created group PipelineID=93b3fdf0-0258-45e7-b470-543108a04273
2024-02-09 18:34:06,955 [77dd9a00-e29a-4211-83f1-3973ef1a3290-PipelineCommandHandlerThread-0] INFO  commandhandler.CreatePipelineCommandHandler (CreatePipelineCommandHandler.java:lambda$handle$2(124)) - Created Pipeline RATIS ONE PipelineID=93b3fdf0-0258-45e7-b470-543108a04273.
2024-02-09 18:34:06,955 [77dd9a00-e29a-4211-83f1-3973ef1a3290-PipelineCommandHandlerThread-0] INFO  server.RaftServer (RaftServerProxy.java:addNew(100)) - 77dd9a00-e29a-4211-83f1-3973ef1a3290: addNew group-2CCA92768612:[e0b7932e-07c7-4e56-8d6e-0757004eb8fd|10.1.0.43:15166, a04b3fda-42d1-4ee5-9233-bf3df18c72ca|10.1.0.43:15175, 77dd9a00-e29a-4211-83f1-3973ef1a3290|10.1.0.43:15157] returns group-2CCA92768612:java.util.concurrent.CompletableFuture@3ae0f874[Not completed]
2024-02-09 18:34:06,956 [77dd9a00-e29a-4211-83f1-3973ef1a3290-groupManagement] INFO  server.RaftServer$Division (RaftServerImpl.java:<init>(256)) - 77dd9a00-e29a-4211-83f1-3973ef1a3290: new RaftServerImpl for group-2CCA92768612:[e0b7932e-07c7-4e56-8d6e-0757004eb8fd|10.1.0.43:15166, a04b3fda-42d1-4ee5-9233-bf3df18c72ca|10.1.0.43:15175, 77dd9a00-e29a-4211-83f1-3973ef1a3290|10.1.0.43:15157] with ContainerStateMachine:uninitialized
2024-02-09 18:34:06,956 [77dd9a00-e29a-4211-83f1-3973ef1a3290-groupManagement] INFO  server.RaftServerConfigKeys (ConfUtils.java:logGet(46)) - raft.server.rpc.timeout.min = 5s (custom)
2024-02-09 18:34:06,956 [77dd9a00-e29a-4211-83f1-3973ef1a3290-groupManagement] INFO  server.RaftServerConfigKeys (ConfUtils.java:logGet(46)) - raft.server.rpc.timeout.max = 5200ms (custom)
2024-02-09 18:34:06,956 [77dd9a00-e29a-4211-83f1-3973ef1a3290-groupManagement] INFO  server.RaftServerConfigKeys (ConfUtils.java:logGet(46)) - raft.server.rpc.sleep.time = 25ms (default)
2024-02-09 18:34:06,957 [77dd9a00-e29a-4211-83f1-3973ef1a3290-groupManagement] INFO  server.RaftServerConfigKeys (ConfUtils.java:logGet(46)) - raft.server.rpc.slowness.timeout = 300000ms (custom)
2024-02-09 18:34:06,957 [77dd9a00-e29a-4211-83f1-3973ef1a3290-groupManagement] INFO  server.RaftServerConfigKeys (ConfUtils.java:logGet(46)) - raft.server.leaderelection.leader.step-down.wait-time = 10s (default)
2024-02-09 18:34:06,957 [77dd9a00-e29a-4211-83f1-3973ef1a3290-groupManagement] INFO  server.RaftServerConfigKeys (ConfUtils.java:logGet(46)) - raft.server.leaderelection.member.majority-add = false (default)
2024-02-09 18:34:06,957 [77dd9a00-e29a-4211-83f1-3973ef1a3290-groupManagement] INFO  server.RaftServerConfigKeys (ConfUtils.java:logGet(46)) - raft.server.sleep.deviation.threshold = 300ms (default)
2024-02-09 18:34:06,957 [77dd9a00-e29a-4211-83f1-3973ef1a3290-groupManagement] INFO  server.RaftServer$Division (ServerState.java:<init>(113)) - 77dd9a00-e29a-4211-83f1-3973ef1a3290@group-2CCA92768612: ConfigurationManager, init=-1: peers:[e0b7932e-07c7-4e56-8d6e-0757004eb8fd|10.1.0.43:15166, a04b3fda-42d1-4ee5-9233-bf3df18c72ca|10.1.0.43:15175, 77dd9a00-e29a-4211-83f1-3973ef1a3290|10.1.0.43:15157]|listeners:[], old=null, confs=<EMPTY_MAP>
2024-02-09 18:34:06,957 [77dd9a00-e29a-4211-83f1-3973ef1a3290-groupManagement] INFO  server.RaftServerConfigKeys (ConfUtils.java:logGet(46)) - raft.server.notification.no-leader.timeout = 300000ms (custom)
2024-02-09 18:34:06,957 [77dd9a00-e29a-4211-83f1-3973ef1a3290-groupManagement] INFO  server.RaftServerConfigKeys (ConfUtils.java:logGet(46)) - raft.server.read.timeout = 10s (default)
2024-02-09 18:34:06,957 [77dd9a00-e29a-4211-83f1-3973ef1a3290-groupManagement] INFO  server.RaftServerConfigKeys (ConfUtils.java:logGet(46)) - raft.server.retrycache.expirytime = 600000ms (custom)
2024-02-09 18:34:06,957 [77dd9a00-e29a-4211-83f1-3973ef1a3290-groupManagement] INFO  server.RaftServerConfigKeys (ConfUtils.java:logGet(46)) - raft.server.retrycache.statistics.expirytime = 100ms (default)
2024-02-09 18:34:06,957 [77dd9a00-e29a-4211-83f1-3973ef1a3290-groupManagement] INFO  server.RaftServerConfigKeys (ConfUtils.java:logGet(46)) - raft.server.read.option = DEFAULT (default)
2024-02-09 18:34:06,957 [77dd9a00-e29a-4211-83f1-3973ef1a3290-groupManagement] INFO  server.RaftServerConfigKeys (ConfUtils.java:logGet(46)) - raft.server.read.read-after-write-consistent.write-index-cache.expiry-time = 60s (default)
2024-02-09 18:34:06,959 [77dd9a00-e29a-4211-83f1-3973ef1a3290-groupManagement] INFO  server.RaftServerConfigKeys (ConfUtils.java:logGet(46)) - raft.server.rpc.request.timeout = 3000ms (default)
2024-02-09 18:34:06,959 [77dd9a00-e29a-4211-83f1-3973ef1a3290-groupManagement] INFO  server.RaftServerConfigKeys (ConfUtils.java:logGet(46)) - raft.server.log.appender.install.snapshot.enabled = false (custom)
2024-02-09 18:34:06,959 [77dd9a00-e29a-4211-83f1-3973ef1a3290-groupManagement] INFO  server.RaftServerConfigKeys (ConfUtils.java:logGet(46)) - raft.server.threadpool.server.cached = true (default)
2024-02-09 18:34:06,959 [77dd9a00-e29a-4211-83f1-3973ef1a3290-groupManagement] INFO  server.RaftServerConfigKeys (ConfUtils.java:logGet(46)) - raft.server.threadpool.server.size = 0 (default)
2024-02-09 18:34:06,959 [77dd9a00-e29a-4211-83f1-3973ef1a3290-groupManagement] INFO  server.RaftServerConfigKeys (ConfUtils.java:logGet(46)) - raft.server.threadpool.client.cached = true (default)
2024-02-09 18:34:06,959 [77dd9a00-e29a-4211-83f1-3973ef1a3290-groupManagement] INFO  server.RaftServerConfigKeys (ConfUtils.java:logGet(46)) - raft.server.threadpool.client.size = 0 (default)
2024-02-09 18:34:06,959 [77dd9a00-e29a-4211-83f1-3973ef1a3290-groupManagement] INFO  server.RaftServerConfigKeys (ConfUtils.java:logGet(46)) - raft.server.storage.free-space.min = 0MB (=0) (default)
2024-02-09 18:34:06,959 [77dd9a00-e29a-4211-83f1-3973ef1a3290-groupManagement] INFO  server.RaftServerConfigKeys (ConfUtils.java:logGet(46)) - raft.server.log.corruption.policy = EXCEPTION (default)
2024-02-09 18:34:06,960 [77dd9a00-e29a-4211-83f1-3973ef1a3290-groupManagement] INFO  server.RaftServerConfigKeys (ConfUtils.java:logGet(46)) - raft.server.storage.dir = [/home/runner/work/ozone/ozone/hadoop-ozone/integration-test/target/test-dir/MiniOzoneClusterImpl-2e7e0147-493e-4f7b-8772-843c2731e345/datanode-6/data/ratis] (custom)
2024-02-09 18:34:06,960 [77dd9a00-e29a-4211-83f1-3973ef1a3290-groupManagement] INFO  storage.RaftStorageDirectory (RaftStorageDirectoryImpl.java:analyzeStorage(138)) - The storage directory /home/runner/work/ozone/ozone/hadoop-ozone/integration-test/target/test-dir/MiniOzoneClusterImpl-2e7e0147-493e-4f7b-8772-843c2731e345/datanode-6/data/ratis/615a16b5-5c1f-4b6a-8b9e-2cca92768612 does not exist. Creating ...
2024-02-09 18:34:06,960 [77dd9a00-e29a-4211-83f1-3973ef1a3290-groupManagement] INFO  storage.RaftStorageDirectory (RaftStorageDirectoryImpl.java:tryLock(228)) - Lock on /home/runner/work/ozone/ozone/hadoop-ozone/integration-test/target/test-dir/MiniOzoneClusterImpl-2e7e0147-493e-4f7b-8772-843c2731e345/datanode-6/data/ratis/615a16b5-5c1f-4b6a-8b9e-2cca92768612/in_use.lock acquired by nodename 37674@fv-az1241-572
2024-02-09 18:34:06,961 [77dd9a00-e29a-4211-83f1-3973ef1a3290-groupManagement] INFO  storage.RaftStorage (RaftStorageImpl.java:format(99)) - Storage directory /home/runner/work/ozone/ozone/hadoop-ozone/integration-test/target/test-dir/MiniOzoneClusterImpl-2e7e0147-493e-4f7b-8772-843c2731e345/datanode-6/data/ratis/615a16b5-5c1f-4b6a-8b9e-2cca92768612 has been successfully formatted.
2024-02-09 18:34:06,962 [77dd9a00-e29a-4211-83f1-3973ef1a3290-groupManagement] WARN  util.FileUtils (LogUtils.java:supplyAndLog(63)) - Failed to Files.newInputStream /home/runner/work/ozone/ozone/hadoop-ozone/integration-test/target/test-dir/MiniOzoneClusterImpl-2e7e0147-493e-4f7b-8772-843c2731e345/datanode-6/data/ratis/615a16b5-5c1f-4b6a-8b9e-2cca92768612/current/raft-meta.conf with options []: java.nio.file.NoSuchFileException: /home/runner/work/ozone/ozone/hadoop-ozone/integration-test/target/test-dir/MiniOzoneClusterImpl-2e7e0147-493e-4f7b-8772-843c2731e345/datanode-6/data/ratis/615a16b5-5c1f-4b6a-8b9e-2cca92768612/current/raft-meta.conf
2024-02-09 18:34:06,962 [77dd9a00-e29a-4211-83f1-3973ef1a3290-groupManagement] INFO  ratis.ContainerStateMachine (ContainerStateMachine.java:loadSnapshot(287)) - group-2CCA92768612: The snapshot info is null. Setting the last applied index to:(t:0, i:~)
2024-02-09 18:34:06,962 [77dd9a00-e29a-4211-83f1-3973ef1a3290-groupManagement] INFO  server.RaftServerConfigKeys (ConfUtils.java:logGet(46)) - raft.server.log.use.memory = false (default)
2024-02-09 18:34:06,962 [77dd9a00-e29a-4211-83f1-3973ef1a3290-groupManagement] INFO  server.RaftServerConfigKeys (ConfUtils.java:logGet(46)) - raft.server.log.purge.gap = 1000000 (custom)
2024-02-09 18:34:06,962 [77dd9a00-e29a-4211-83f1-3973ef1a3290-groupManagement] INFO  server.RaftServerConfigKeys (ConfUtils.java:logGet(46)) - raft.server.log.appender.buffer.byte-limit = 8388608 (custom)
2024-02-09 18:34:06,962 [77dd9a00-e29a-4211-83f1-3973ef1a3290-groupManagement] INFO  server.RaftServerConfigKeys (ConfUtils.java:logGet(46)) - raft.server.log.statemachine.data.read.timeout = 1000ms (default)
2024-02-09 18:34:06,962 [77dd9a00-e29a-4211-83f1-3973ef1a3290-groupManagement] INFO  server.RaftServerConfigKeys (ConfUtils.java:logGet(46)) - raft.server.log.purge.preservation.log.num = 0 (default)
2024-02-09 18:34:06,962 [EventQueue-OpenPipelineForHealthyPipelineSafeModeRule] INFO  safemode.SCMSafeModeManager (HealthyPipelineSafeModeRule.java:process(140)) - SCM in safe mode. Healthy pipelines reported count is 0, required healthy pipeline reported count is 1
2024-02-09 18:34:06,963 [77dd9a00-e29a-4211-83f1-3973ef1a3290-groupManagement] INFO  server.RaftServerConfigKeys (ConfUtils.java:logGet(46)) - raft.server.log.segment.size.max = 67108864 (custom)
2024-02-09 18:34:06,964 [77dd9a00-e29a-4211-83f1-3973ef1a3290-groupManagement] INFO  server.RaftServerConfigKeys (ConfUtils.java:logGet(46)) - raft.server.log.segment.cache.num.max = 2 (custom)
2024-02-09 18:34:06,964 [77dd9a00-e29a-4211-83f1-3973ef1a3290-groupManagement] INFO  server.RaftServerConfigKeys (ConfUtils.java:logGet(46)) - raft.server.log.segment.cache.size.max = 200MB (=209715200) (default)
2024-02-09 18:34:06,964 [77dd9a00-e29a-4211-83f1-3973ef1a3290-groupManagement] INFO  server.RaftServerConfigKeys (ConfUtils.java:logGet(46)) - raft.server.log.appender.buffer.byte-limit = 8388608 (custom)
2024-02-09 18:34:06,964 [77dd9a00-e29a-4211-83f1-3973ef1a3290-groupManagement] INFO  util.AwaitToRun (AwaitToRun.java:start(81)) - Thread[77dd9a00-e29a-4211-83f1-3973ef1a3290@group-2CCA92768612-cacheEviction-AwaitToRun,5,main] started
2024-02-09 18:34:06,964 [77dd9a00-e29a-4211-83f1-3973ef1a3290-groupManagement] INFO  segmented.SegmentedRaftLogWorker (SegmentedRaftLogWorker.java:<init>(182)) - new 77dd9a00-e29a-4211-83f1-3973ef1a3290@group-2CCA92768612-SegmentedRaftLogWorker for RaftStorageImpl:Storage Directory /home/runner/work/ozone/ozone/hadoop-ozone/integration-test/target/test-dir/MiniOzoneClusterImpl-2e7e0147-493e-4f7b-8772-843c2731e345/datanode-6/data/ratis/615a16b5-5c1f-4b6a-8b9e-2cca92768612
2024-02-09 18:34:06,964 [77dd9a00-e29a-4211-83f1-3973ef1a3290-groupManagement] INFO  server.RaftServerConfigKeys (ConfUtils.java:logGet(46)) - raft.server.log.queue.byte-limit = 4294967296 (custom)
2024-02-09 18:34:06,964 [77dd9a00-e29a-4211-83f1-3973ef1a3290-groupManagement] INFO  server.RaftServerConfigKeys (ConfUtils.java:logGet(46)) - raft.server.log.queue.element-limit = 1024 (custom)
2024-02-09 18:34:06,964 [77dd9a00-e29a-4211-83f1-3973ef1a3290-groupManagement] INFO  server.RaftServerConfigKeys (ConfUtils.java:logGet(46)) - raft.server.log.segment.size.max = 67108864 (custom)
2024-02-09 18:34:06,964 [77dd9a00-e29a-4211-83f1-3973ef1a3290-groupManagement] INFO  server.RaftServerConfigKeys (ConfUtils.java:logGet(46)) - raft.server.log.preallocated.size = 4194304 (custom)
2024-02-09 18:34:06,964 [77dd9a00-e29a-4211-83f1-3973ef1a3290-groupManagement] INFO  server.RaftServerConfigKeys (ConfUtils.java:logGet(46)) - raft.server.log.force.sync.num = 128 (default)
2024-02-09 18:34:06,964 [77dd9a00-e29a-4211-83f1-3973ef1a3290-groupManagement] INFO  server.RaftServerConfigKeys (ConfUtils.java:logGet(46)) - raft.server.log.statemachine.data.sync = true (default)
2024-02-09 18:34:06,964 [77dd9a00-e29a-4211-83f1-3973ef1a3290-groupManagement] INFO  server.RaftServerConfigKeys (ConfUtils.java:logGet(46)) - raft.server.log.statemachine.data.sync.timeout = 10s (default)
2024-02-09 18:34:06,964 [77dd9a00-e29a-4211-83f1-3973ef1a3290-groupManagement] INFO  server.RaftServerConfigKeys (ConfUtils.java:logGet(46)) - raft.server.log.statemachine.data.sync.timeout.retry = 0 (custom)
2024-02-09 18:34:06,964 [77dd9a00-e29a-4211-83f1-3973ef1a3290-groupManagement] INFO  server.RaftServerConfigKeys (ConfUtils.java:logGet(46)) - raft.server.log.write.buffer.size = 8388616 (custom)
2024-02-09 18:34:06,966 [77dd9a00-e29a-4211-83f1-3973ef1a3290-groupManagement] INFO  server.RaftServerConfigKeys (ConfUtils.java:logGet(46)) - raft.server.log.appender.buffer.byte-limit = 8388608 (custom)
2024-02-09 18:34:06,966 [77dd9a00-e29a-4211-83f1-3973ef1a3290-groupManagement] INFO  server.RaftServerConfigKeys (ConfUtils.java:logGet(46)) - raft.server.log.unsafe-flush.enabled = false (default)
2024-02-09 18:34:06,966 [77dd9a00-e29a-4211-83f1-3973ef1a3290-groupManagement] INFO  server.RaftServerConfigKeys (ConfUtils.java:logGet(46)) - raft.server.log.async-flush.enabled = false (default)
2024-02-09 18:34:06,966 [77dd9a00-e29a-4211-83f1-3973ef1a3290-groupManagement] INFO  server.RaftServerConfigKeys (ConfUtils.java:logGet(46)) - raft.server.log.statemachine.data.caching.enabled = true (custom)
2024-02-09 18:34:06,966 [77dd9a00-e29a-4211-83f1-3973ef1a3290-groupManagement] INFO  segmented.SegmentedRaftLogWorker (SegmentedRaftLogWorker.java:lambda$new$0(134)) - 77dd9a00-e29a-4211-83f1-3973ef1a3290@group-2CCA92768612-SegmentedRaftLogWorker: flushIndex: setUnconditionally 0 -> -1
2024-02-09 18:34:06,966 [77dd9a00-e29a-4211-83f1-3973ef1a3290-groupManagement] INFO  segmented.SegmentedRaftLogWorker (SegmentedRaftLogWorker.java:lambda$new$0(134)) - 77dd9a00-e29a-4211-83f1-3973ef1a3290@group-2CCA92768612-SegmentedRaftLogWorker: safeCacheEvictIndex: setUnconditionally 0 -> -1
2024-02-09 18:34:06,966 [77dd9a00-e29a-4211-83f1-3973ef1a3290-groupManagement] INFO  server.RaftServer$Division (RaftServerImpl.java:start(396)) - 77dd9a00-e29a-4211-83f1-3973ef1a3290@group-2CCA92768612: start as a follower, conf=-1: peers:[e0b7932e-07c7-4e56-8d6e-0757004eb8fd|10.1.0.43:15166, a04b3fda-42d1-4ee5-9233-bf3df18c72ca|10.1.0.43:15175, 77dd9a00-e29a-4211-83f1-3973ef1a3290|10.1.0.43:15157]|listeners:[], old=null
2024-02-09 18:34:06,966 [77dd9a00-e29a-4211-83f1-3973ef1a3290-groupManagement] INFO  server.RaftServer$Division (RaftServerImpl.java:setRole(383)) - 77dd9a00-e29a-4211-83f1-3973ef1a3290@group-2CCA92768612: changes role from      null to FOLLOWER at term 0 for startAsFollower
2024-02-09 18:34:06,966 [77dd9a00-e29a-4211-83f1-3973ef1a3290-groupManagement] INFO  impl.RoleInfo (RoleInfo.java:updateAndGet(139)) - 77dd9a00-e29a-4211-83f1-3973ef1a3290: start 77dd9a00-e29a-4211-83f1-3973ef1a3290@group-2CCA92768612-FollowerState
2024-02-09 18:34:06,966 [77dd9a00-e29a-4211-83f1-3973ef1a3290-groupManagement] INFO  util.JmxRegister (JmxRegister.java:tryRegister(44)) - Successfully registered JMX Bean with object name Ratis:service=RaftServer,group=group-2CCA92768612,id=77dd9a00-e29a-4211-83f1-3973ef1a3290
2024-02-09 18:34:06,966 [77dd9a00-e29a-4211-83f1-3973ef1a3290@group-2CCA92768612-FollowerState] INFO  server.RaftServerConfigKeys (ConfUtils.java:logFallback(53)) - raft.server.rpc.first-election.timeout.min = 5s (fallback to raft.server.rpc.timeout.min)
2024-02-09 18:34:06,966 [77dd9a00-e29a-4211-83f1-3973ef1a3290-groupManagement] INFO  server.RaftServerConfigKeys (ConfUtils.java:logGet(46)) - raft.server.snapshot.trigger-when-stop.enabled = true (default)
2024-02-09 18:34:06,966 [77dd9a00-e29a-4211-83f1-3973ef1a3290@group-2CCA92768612-FollowerState] INFO  server.RaftServerConfigKeys (ConfUtils.java:logFallback(53)) - raft.server.rpc.first-election.timeout.max = 5200ms (fallback to raft.server.rpc.timeout.max)
2024-02-09 18:34:06,966 [77dd9a00-e29a-4211-83f1-3973ef1a3290-groupManagement] INFO  server.RaftServerConfigKeys (ConfUtils.java:logGet(46)) - raft.server.snapshot.auto.trigger.enabled = true (custom)
2024-02-09 18:34:06,967 [77dd9a00-e29a-4211-83f1-3973ef1a3290-groupManagement] INFO  server.RaftServerConfigKeys (ConfUtils.java:logGet(46)) - raft.server.snapshot.auto.trigger.threshold = 10000 (custom)
2024-02-09 18:34:06,967 [77dd9a00-e29a-4211-83f1-3973ef1a3290-groupManagement] INFO  server.RaftServerConfigKeys (ConfUtils.java:logGet(46)) - raft.server.snapshot.retention.file.num = 5 (custom)
2024-02-09 18:34:06,967 [77dd9a00-e29a-4211-83f1-3973ef1a3290-groupManagement] INFO  server.RaftServerConfigKeys (ConfUtils.java:logGet(46)) - raft.server.log.purge.upto.snapshot.index = false (default)
2024-02-09 18:34:06,967 [77dd9a00-e29a-4211-83f1-3973ef1a3290-PipelineCommandHandlerThread-0] INFO  ratis.XceiverServerRatis (XceiverServerRatis.java:addGroup(864)) - Created group PipelineID=615a16b5-5c1f-4b6a-8b9e-2cca92768612
2024-02-09 18:34:06,974 [grpc-default-executor-0] INFO  server.RaftServer (RaftServerProxy.java:addNew(100)) - e0b7932e-07c7-4e56-8d6e-0757004eb8fd: addNew group-2CCA92768612:[e0b7932e-07c7-4e56-8d6e-0757004eb8fd|10.1.0.43:15166, a04b3fda-42d1-4ee5-9233-bf3df18c72ca|10.1.0.43:15175, 77dd9a00-e29a-4211-83f1-3973ef1a3290|10.1.0.43:15157] returns group-2CCA92768612:java.util.concurrent.CompletableFuture@79aa6c9e[Not completed]
2024-02-09 18:34:06,975 [e0b7932e-07c7-4e56-8d6e-0757004eb8fd-groupManagement] INFO  server.RaftServer$Division (RaftServerImpl.java:<init>(256)) - e0b7932e-07c7-4e56-8d6e-0757004eb8fd: new RaftServerImpl for group-2CCA92768612:[e0b7932e-07c7-4e56-8d6e-0757004eb8fd|10.1.0.43:15166, a04b3fda-42d1-4ee5-9233-bf3df18c72ca|10.1.0.43:15175, 77dd9a00-e29a-4211-83f1-3973ef1a3290|10.1.0.43:15157] with ContainerStateMachine:uninitialized
2024-02-09 18:34:06,975 [e0b7932e-07c7-4e56-8d6e-0757004eb8fd-groupManagement] INFO  server.RaftServerConfigKeys (ConfUtils.java:logGet(46)) - raft.server.rpc.timeout.min = 5s (custom)
2024-02-09 18:34:06,976 [e0b7932e-07c7-4e56-8d6e-0757004eb8fd-groupManagement] INFO  server.RaftServerConfigKeys (ConfUtils.java:logGet(46)) - raft.server.rpc.timeout.max = 5200ms (custom)
2024-02-09 18:34:06,976 [e0b7932e-07c7-4e56-8d6e-0757004eb8fd-groupManagement] INFO  server.RaftServerConfigKeys (ConfUtils.java:logGet(46)) - raft.server.rpc.sleep.time = 25ms (default)
2024-02-09 18:34:06,976 [e0b7932e-07c7-4e56-8d6e-0757004eb8fd-groupManagement] INFO  server.RaftServerConfigKeys (ConfUtils.java:logGet(46)) - raft.server.rpc.slowness.timeout = 300000ms (custom)
2024-02-09 18:34:06,976 [e0b7932e-07c7-4e56-8d6e-0757004eb8fd-groupManagement] INFO  server.RaftServerConfigKeys (ConfUtils.java:logGet(46)) - raft.server.leaderelection.leader.step-down.wait-time = 10s (default)
2024-02-09 18:34:06,976 [e0b7932e-07c7-4e56-8d6e-0757004eb8fd-groupManagement] INFO  server.RaftServerConfigKeys (ConfUtils.java:logGet(46)) - raft.server.leaderelection.member.majority-add = false (default)
2024-02-09 18:34:06,976 [e0b7932e-07c7-4e56-8d6e-0757004eb8fd-groupManagement] INFO  server.RaftServerConfigKeys (ConfUtils.java:logGet(46)) - raft.server.sleep.deviation.threshold = 300ms (default)
2024-02-09 18:34:06,976 [e0b7932e-07c7-4e56-8d6e-0757004eb8fd-groupManagement] INFO  server.RaftServer$Division (ServerState.java:<init>(113)) - e0b7932e-07c7-4e56-8d6e-0757004eb8fd@group-2CCA92768612: ConfigurationManager, init=-1: peers:[e0b7932e-07c7-4e56-8d6e-0757004eb8fd|10.1.0.43:15166, a04b3fda-42d1-4ee5-9233-bf3df18c72ca|10.1.0.43:15175, 77dd9a00-e29a-4211-83f1-3973ef1a3290|10.1.0.43:15157]|listeners:[], old=null, confs=<EMPTY_MAP>
2024-02-09 18:34:06,976 [e0b7932e-07c7-4e56-8d6e-0757004eb8fd-groupManagement] INFO  server.RaftServerConfigKeys (ConfUtils.java:logGet(46)) - raft.server.notification.no-leader.timeout = 300000ms (custom)
2024-02-09 18:34:06,976 [e0b7932e-07c7-4e56-8d6e-0757004eb8fd-groupManagement] INFO  server.RaftServerConfigKeys (ConfUtils.java:logGet(46)) - raft.server.read.timeout = 10s (default)
2024-02-09 18:34:06,976 [e0b7932e-07c7-4e56-8d6e-0757004eb8fd-groupManagement] INFO  server.RaftServerConfigKeys (ConfUtils.java:logGet(46)) - raft.server.retrycache.expirytime = 600000ms (custom)
2024-02-09 18:34:06,976 [e0b7932e-07c7-4e56-8d6e-0757004eb8fd-groupManagement] INFO  server.RaftServerConfigKeys (ConfUtils.java:logGet(46)) - raft.server.retrycache.statistics.expirytime = 100ms (default)
2024-02-09 18:34:06,976 [e0b7932e-07c7-4e56-8d6e-0757004eb8fd-groupManagement] INFO  server.RaftServerConfigKeys (ConfUtils.java:logGet(46)) - raft.server.read.option = DEFAULT (default)
2024-02-09 18:34:06,976 [e0b7932e-07c7-4e56-8d6e-0757004eb8fd-groupManagement] INFO  server.RaftServerConfigKeys (ConfUtils.java:logGet(46)) - raft.server.read.read-after-write-consistent.write-index-cache.expiry-time = 60s (default)
2024-02-09 18:34:06,978 [e0b7932e-07c7-4e56-8d6e-0757004eb8fd-groupManagement] INFO  server.RaftServerConfigKeys (ConfUtils.java:logGet(46)) - raft.server.rpc.request.timeout = 3000ms (default)
2024-02-09 18:34:06,978 [e0b7932e-07c7-4e56-8d6e-0757004eb8fd-groupManagement] INFO  server.RaftServerConfigKeys (ConfUtils.java:logGet(46)) - raft.server.log.appender.install.snapshot.enabled = false (custom)
2024-02-09 18:34:06,978 [e0b7932e-07c7-4e56-8d6e-0757004eb8fd-groupManagement] INFO  server.RaftServerConfigKeys (ConfUtils.java:logGet(46)) - raft.server.threadpool.server.cached = true (default)
2024-02-09 18:34:06,978 [e0b7932e-07c7-4e56-8d6e-0757004eb8fd-groupManagement] INFO  server.RaftServerConfigKeys (ConfUtils.java:logGet(46)) - raft.server.threadpool.server.size = 0 (default)
2024-02-09 18:34:06,978 [e0b7932e-07c7-4e56-8d6e-0757004eb8fd-groupManagement] INFO  server.RaftServerConfigKeys (ConfUtils.java:logGet(46)) - raft.server.threadpool.client.cached = true (default)
2024-02-09 18:34:06,978 [e0b7932e-07c7-4e56-8d6e-0757004eb8fd-groupManagement] INFO  server.RaftServerConfigKeys (ConfUtils.java:logGet(46)) - raft.server.threadpool.client.size = 0 (default)
2024-02-09 18:34:06,978 [e0b7932e-07c7-4e56-8d6e-0757004eb8fd-groupManagement] INFO  server.RaftServerConfigKeys (ConfUtils.java:logGet(46)) - raft.server.storage.free-space.min = 0MB (=0) (default)
2024-02-09 18:34:06,978 [e0b7932e-07c7-4e56-8d6e-0757004eb8fd-groupManagement] INFO  server.RaftServerConfigKeys (ConfUtils.java:logGet(46)) - raft.server.log.corruption.policy = EXCEPTION (default)
2024-02-09 18:34:06,978 [e0b7932e-07c7-4e56-8d6e-0757004eb8fd-groupManagement] INFO  server.RaftServerConfigKeys (ConfUtils.java:logGet(46)) - raft.server.storage.dir = [/home/runner/work/ozone/ozone/hadoop-ozone/integration-test/target/test-dir/MiniOzoneClusterImpl-2e7e0147-493e-4f7b-8772-843c2731e345/datanode-7/data/ratis] (custom)
2024-02-09 18:34:06,979 [e0b7932e-07c7-4e56-8d6e-0757004eb8fd-groupManagement] INFO  storage.RaftStorageDirectory (RaftStorageDirectoryImpl.java:analyzeStorage(138)) - The storage directory /home/runner/work/ozone/ozone/hadoop-ozone/integration-test/target/test-dir/MiniOzoneClusterImpl-2e7e0147-493e-4f7b-8772-843c2731e345/datanode-7/data/ratis/615a16b5-5c1f-4b6a-8b9e-2cca92768612 does not exist. Creating ...
2024-02-09 18:34:06,980 [e0b7932e-07c7-4e56-8d6e-0757004eb8fd-groupManagement] INFO  storage.RaftStorageDirectory (RaftStorageDirectoryImpl.java:tryLock(228)) - Lock on /home/runner/work/ozone/ozone/hadoop-ozone/integration-test/target/test-dir/MiniOzoneClusterImpl-2e7e0147-493e-4f7b-8772-843c2731e345/datanode-7/data/ratis/615a16b5-5c1f-4b6a-8b9e-2cca92768612/in_use.lock acquired by nodename 37674@fv-az1241-572
2024-02-09 18:34:06,981 [e0b7932e-07c7-4e56-8d6e-0757004eb8fd-groupManagement] INFO  storage.RaftStorage (RaftStorageImpl.java:format(99)) - Storage directory /home/runner/work/ozone/ozone/hadoop-ozone/integration-test/target/test-dir/MiniOzoneClusterImpl-2e7e0147-493e-4f7b-8772-843c2731e345/datanode-7/data/ratis/615a16b5-5c1f-4b6a-8b9e-2cca92768612 has been successfully formatted.
2024-02-09 18:34:06,982 [e0b7932e-07c7-4e56-8d6e-0757004eb8fd-groupManagement] WARN  util.FileUtils (LogUtils.java:supplyAndLog(63)) - Failed to Files.newInputStream /home/runner/work/ozone/ozone/hadoop-ozone/integration-test/target/test-dir/MiniOzoneClusterImpl-2e7e0147-493e-4f7b-8772-843c2731e345/datanode-7/data/ratis/615a16b5-5c1f-4b6a-8b9e-2cca92768612/current/raft-meta.conf with options []: java.nio.file.NoSuchFileException: /home/runner/work/ozone/ozone/hadoop-ozone/integration-test/target/test-dir/MiniOzoneClusterImpl-2e7e0147-493e-4f7b-8772-843c2731e345/datanode-7/data/ratis/615a16b5-5c1f-4b6a-8b9e-2cca92768612/current/raft-meta.conf
2024-02-09 18:34:06,983 [e0b7932e-07c7-4e56-8d6e-0757004eb8fd-groupManagement] INFO  ratis.ContainerStateMachine (ContainerStateMachine.java:loadSnapshot(287)) - group-2CCA92768612: The snapshot info is null. Setting the last applied index to:(t:0, i:~)
2024-02-09 18:34:06,983 [e0b7932e-07c7-4e56-8d6e-0757004eb8fd-groupManagement] INFO  server.RaftServerConfigKeys (ConfUtils.java:logGet(46)) - raft.server.log.use.memory = false (default)
2024-02-09 18:34:06,983 [e0b7932e-07c7-4e56-8d6e-0757004eb8fd-groupManagement] INFO  server.RaftServerConfigKeys (ConfUtils.java:logGet(46)) - raft.server.log.purge.gap = 1000000 (custom)
2024-02-09 18:34:06,984 [e0b7932e-07c7-4e56-8d6e-0757004eb8fd-groupManagement] INFO  server.RaftServerConfigKeys (ConfUtils.java:logGet(46)) - raft.server.log.appender.buffer.byte-limit = 8388608 (custom)
2024-02-09 18:34:06,984 [e0b7932e-07c7-4e56-8d6e-0757004eb8fd-groupManagement] INFO  server.RaftServerConfigKeys (ConfUtils.java:logGet(46)) - raft.server.log.statemachine.data.read.timeout = 1000ms (default)
2024-02-09 18:34:06,984 [e0b7932e-07c7-4e56-8d6e-0757004eb8fd-groupManagement] INFO  server.RaftServerConfigKeys (ConfUtils.java:logGet(46)) - raft.server.log.purge.preservation.log.num = 0 (default)
2024-02-09 18:34:06,985 [e0b7932e-07c7-4e56-8d6e-0757004eb8fd-groupManagement] INFO  server.RaftServerConfigKeys (ConfUtils.java:logGet(46)) - raft.server.log.segment.size.max = 67108864 (custom)
2024-02-09 18:34:06,986 [e0b7932e-07c7-4e56-8d6e-0757004eb8fd-groupManagement] INFO  server.RaftServerConfigKeys (ConfUtils.java:logGet(46)) - raft.server.log.segment.cache.num.max = 2 (custom)
2024-02-09 18:34:06,986 [e0b7932e-07c7-4e56-8d6e-0757004eb8fd-groupManagement] INFO  server.RaftServerConfigKeys (ConfUtils.java:logGet(46)) - raft.server.log.segment.cache.size.max = 200MB (=209715200) (default)
2024-02-09 18:34:06,986 [e0b7932e-07c7-4e56-8d6e-0757004eb8fd-groupManagement] INFO  server.RaftServerConfigKeys (ConfUtils.java:logGet(46)) - raft.server.log.appender.buffer.byte-limit = 8388608 (custom)
2024-02-09 18:34:06,986 [e0b7932e-07c7-4e56-8d6e-0757004eb8fd-groupManagement] INFO  util.AwaitToRun (AwaitToRun.java:start(81)) - Thread[e0b7932e-07c7-4e56-8d6e-0757004eb8fd@group-2CCA92768612-cacheEviction-AwaitToRun,5,main] started
2024-02-09 18:34:06,986 [e0b7932e-07c7-4e56-8d6e-0757004eb8fd-groupManagement] INFO  segmented.SegmentedRaftLogWorker (SegmentedRaftLogWorker.java:<init>(182)) - new e0b7932e-07c7-4e56-8d6e-0757004eb8fd@group-2CCA92768612-SegmentedRaftLogWorker for RaftStorageImpl:Storage Directory /home/runner/work/ozone/ozone/hadoop-ozone/integration-test/target/test-dir/MiniOzoneClusterImpl-2e7e0147-493e-4f7b-8772-843c2731e345/datanode-7/data/ratis/615a16b5-5c1f-4b6a-8b9e-2cca92768612
2024-02-09 18:34:06,986 [e0b7932e-07c7-4e56-8d6e-0757004eb8fd-groupManagement] INFO  server.RaftServerConfigKeys (ConfUtils.java:logGet(46)) - raft.server.log.queue.byte-limit = 4294967296 (custom)
2024-02-09 18:34:06,986 [e0b7932e-07c7-4e56-8d6e-0757004eb8fd-groupManagement] INFO  server.RaftServerConfigKeys (ConfUtils.java:logGet(46)) - raft.server.log.queue.element-limit = 1024 (custom)
2024-02-09 18:34:06,986 [e0b7932e-07c7-4e56-8d6e-0757004eb8fd-groupManagement] INFO  server.RaftServerConfigKeys (ConfUtils.java:logGet(46)) - raft.server.log.segment.size.max = 67108864 (custom)
2024-02-09 18:34:06,986 [e0b7932e-07c7-4e56-8d6e-0757004eb8fd-groupManagement] INFO  server.RaftServerConfigKeys (ConfUtils.java:logGet(46)) - raft.server.log.preallocated.size = 4194304 (custom)
2024-02-09 18:34:06,987 [e0b7932e-07c7-4e56-8d6e-0757004eb8fd-groupManagement] INFO  server.RaftServerConfigKeys (ConfUtils.java:logGet(46)) - raft.server.log.force.sync.num = 128 (default)
2024-02-09 18:34:06,987 [e0b7932e-07c7-4e56-8d6e-0757004eb8fd-groupManagement] INFO  server.RaftServerConfigKeys (ConfUtils.java:logGet(46)) - raft.server.log.statemachine.data.sync = true (default)
2024-02-09 18:34:06,987 [e0b7932e-07c7-4e56-8d6e-0757004eb8fd-groupManagement] INFO  server.RaftServerConfigKeys (ConfUtils.java:logGet(46)) - raft.server.log.statemachine.data.sync.timeout = 10s (default)
2024-02-09 18:34:06,987 [e0b7932e-07c7-4e56-8d6e-0757004eb8fd-groupManagement] INFO  server.RaftServerConfigKeys (ConfUtils.java:logGet(46)) - raft.server.log.statemachine.data.sync.timeout.retry = 0 (custom)
2024-02-09 18:34:06,987 [e0b7932e-07c7-4e56-8d6e-0757004eb8fd-groupManagement] INFO  server.RaftServerConfigKeys (ConfUtils.java:logGet(46)) - raft.server.log.write.buffer.size = 8388616 (custom)
2024-02-09 18:34:06,989 [e0b7932e-07c7-4e56-8d6e-0757004eb8fd-groupManagement] INFO  server.RaftServerConfigKeys (ConfUtils.java:logGet(46)) - raft.server.log.appender.buffer.byte-limit = 8388608 (custom)
2024-02-09 18:34:06,989 [e0b7932e-07c7-4e56-8d6e-0757004eb8fd-groupManagement] INFO  server.RaftServerConfigKeys (ConfUtils.java:logGet(46)) - raft.server.log.unsafe-flush.enabled = false (default)
2024-02-09 18:34:06,989 [e0b7932e-07c7-4e56-8d6e-0757004eb8fd-groupManagement] INFO  server.RaftServerConfigKeys (ConfUtils.java:logGet(46)) - raft.server.log.async-flush.enabled = false (default)
2024-02-09 18:34:06,989 [e0b7932e-07c7-4e56-8d6e-0757004eb8fd-groupManagement] INFO  server.RaftServerConfigKeys (ConfUtils.java:logGet(46)) - raft.server.log.statemachine.data.caching.enabled = true (custom)
2024-02-09 18:34:06,989 [e0b7932e-07c7-4e56-8d6e-0757004eb8fd-groupManagement] INFO  segmented.SegmentedRaftLogWorker (SegmentedRaftLogWorker.java:lambda$new$0(134)) - e0b7932e-07c7-4e56-8d6e-0757004eb8fd@group-2CCA92768612-SegmentedRaftLogWorker: flushIndex: setUnconditionally 0 -> -1
2024-02-09 18:34:06,989 [e0b7932e-07c7-4e56-8d6e-0757004eb8fd-groupManagement] INFO  segmented.SegmentedRaftLogWorker (SegmentedRaftLogWorker.java:lambda$new$0(134)) - e0b7932e-07c7-4e56-8d6e-0757004eb8fd@group-2CCA92768612-SegmentedRaftLogWorker: safeCacheEvictIndex: setUnconditionally 0 -> -1
2024-02-09 18:34:06,989 [e0b7932e-07c7-4e56-8d6e-0757004eb8fd-groupManagement] INFO  server.RaftServer$Division (RaftServerImpl.java:start(396)) - e0b7932e-07c7-4e56-8d6e-0757004eb8fd@group-2CCA92768612: start as a follower, conf=-1: peers:[e0b7932e-07c7-4e56-8d6e-0757004eb8fd|10.1.0.43:15166, a04b3fda-42d1-4ee5-9233-bf3df18c72ca|10.1.0.43:15175, 77dd9a00-e29a-4211-83f1-3973ef1a3290|10.1.0.43:15157]|listeners:[], old=null
2024-02-09 18:34:06,989 [e0b7932e-07c7-4e56-8d6e-0757004eb8fd-groupManagement] INFO  server.RaftServer$Division (RaftServerImpl.java:setRole(383)) - e0b7932e-07c7-4e56-8d6e-0757004eb8fd@group-2CCA92768612: changes role from      null to FOLLOWER at term 0 for startAsFollower
2024-02-09 18:34:06,989 [e0b7932e-07c7-4e56-8d6e-0757004eb8fd-groupManagement] INFO  impl.RoleInfo (RoleInfo.java:updateAndGet(139)) - e0b7932e-07c7-4e56-8d6e-0757004eb8fd: start e0b7932e-07c7-4e56-8d6e-0757004eb8fd@group-2CCA92768612-FollowerState
2024-02-09 18:34:06,990 [e0b7932e-07c7-4e56-8d6e-0757004eb8fd-groupManagement] INFO  util.JmxRegister (JmxRegister.java:tryRegister(44)) - Successfully registered JMX Bean with object name Ratis:service=RaftServer,group=group-2CCA92768612,id=e0b7932e-07c7-4e56-8d6e-0757004eb8fd
2024-02-09 18:34:06,990 [e0b7932e-07c7-4e56-8d6e-0757004eb8fd-groupManagement] INFO  server.RaftServerConfigKeys (ConfUtils.java:logGet(46)) - raft.server.snapshot.trigger-when-stop.enabled = true (default)
2024-02-09 18:34:06,990 [e0b7932e-07c7-4e56-8d6e-0757004eb8fd-groupManagement] INFO  server.RaftServerConfigKeys (ConfUtils.java:logGet(46)) - raft.server.snapshot.auto.trigger.enabled = true (custom)
2024-02-09 18:34:06,990 [e0b7932e-07c7-4e56-8d6e-0757004eb8fd-groupManagement] INFO  server.RaftServerConfigKeys (ConfUtils.java:logGet(46)) - raft.server.snapshot.auto.trigger.threshold = 10000 (custom)
2024-02-09 18:34:06,990 [e0b7932e-07c7-4e56-8d6e-0757004eb8fd-groupManagement] INFO  server.RaftServerConfigKeys (ConfUtils.java:logGet(46)) - raft.server.snapshot.retention.file.num = 5 (custom)
2024-02-09 18:34:06,990 [e0b7932e-07c7-4e56-8d6e-0757004eb8fd-groupManagement] INFO  server.RaftServerConfigKeys (ConfUtils.java:logGet(46)) - raft.server.log.purge.upto.snapshot.index = false (default)
2024-02-09 18:34:06,990 [e0b7932e-07c7-4e56-8d6e-0757004eb8fd@group-2CCA92768612-FollowerState] INFO  server.RaftServerConfigKeys (ConfUtils.java:logFallback(53)) - raft.server.rpc.first-election.timeout.min = 5s (fallback to raft.server.rpc.timeout.min)
2024-02-09 18:34:06,991 [e0b7932e-07c7-4e56-8d6e-0757004eb8fd@group-2CCA92768612-FollowerState] INFO  server.RaftServerConfigKeys (ConfUtils.java:logFallback(53)) - raft.server.rpc.first-election.timeout.max = 5200ms (fallback to raft.server.rpc.timeout.max)
2024-02-09 18:34:07,007 [grpc-default-executor-0] INFO  server.RaftServer (RaftServerProxy.java:addNew(100)) - a04b3fda-42d1-4ee5-9233-bf3df18c72ca: addNew group-2CCA92768612:[e0b7932e-07c7-4e56-8d6e-0757004eb8fd|10.1.0.43:15166, a04b3fda-42d1-4ee5-9233-bf3df18c72ca|10.1.0.43:15175, 77dd9a00-e29a-4211-83f1-3973ef1a3290|10.1.0.43:15157] returns group-2CCA92768612:java.util.concurrent.CompletableFuture@d2bf9fe[Not completed]
2024-02-09 18:34:07,007 [a04b3fda-42d1-4ee5-9233-bf3df18c72ca-groupManagement] INFO  server.RaftServer$Division (RaftServerImpl.java:<init>(256)) - a04b3fda-42d1-4ee5-9233-bf3df18c72ca: new RaftServerImpl for group-2CCA92768612:[e0b7932e-07c7-4e56-8d6e-0757004eb8fd|10.1.0.43:15166, a04b3fda-42d1-4ee5-9233-bf3df18c72ca|10.1.0.43:15175, 77dd9a00-e29a-4211-83f1-3973ef1a3290|10.1.0.43:15157] with ContainerStateMachine:uninitialized
2024-02-09 18:34:07,007 [a04b3fda-42d1-4ee5-9233-bf3df18c72ca-groupManagement] INFO  server.RaftServerConfigKeys (ConfUtils.java:logGet(46)) - raft.server.rpc.timeout.min = 5s (custom)
2024-02-09 18:34:07,008 [a04b3fda-42d1-4ee5-9233-bf3df18c72ca-groupManagement] INFO  server.RaftServerConfigKeys (ConfUtils.java:logGet(46)) - raft.server.rpc.timeout.max = 5200ms (custom)
2024-02-09 18:34:07,008 [a04b3fda-42d1-4ee5-9233-bf3df18c72ca-groupManagement] INFO  server.RaftServerConfigKeys (ConfUtils.java:logGet(46)) - raft.server.rpc.sleep.time = 25ms (default)
2024-02-09 18:34:07,008 [a04b3fda-42d1-4ee5-9233-bf3df18c72ca-groupManagement] INFO  server.RaftServerConfigKeys (ConfUtils.java:logGet(46)) - raft.server.rpc.slowness.timeout = 300000ms (custom)
2024-02-09 18:34:07,008 [a04b3fda-42d1-4ee5-9233-bf3df18c72ca-groupManagement] INFO  server.RaftServerConfigKeys (ConfUtils.java:logGet(46)) - raft.server.leaderelection.leader.step-down.wait-time = 10s (default)
2024-02-09 18:34:07,009 [a04b3fda-42d1-4ee5-9233-bf3df18c72ca-groupManagement] INFO  server.RaftServerConfigKeys (ConfUtils.java:logGet(46)) - raft.server.leaderelection.member.majority-add = false (default)
2024-02-09 18:34:07,009 [a04b3fda-42d1-4ee5-9233-bf3df18c72ca-groupManagement] INFO  server.RaftServerConfigKeys (ConfUtils.java:logGet(46)) - raft.server.sleep.deviation.threshold = 300ms (default)
2024-02-09 18:34:07,009 [a04b3fda-42d1-4ee5-9233-bf3df18c72ca-groupManagement] INFO  server.RaftServer$Division (ServerState.java:<init>(113)) - a04b3fda-42d1-4ee5-9233-bf3df18c72ca@group-2CCA92768612: ConfigurationManager, init=-1: peers:[e0b7932e-07c7-4e56-8d6e-0757004eb8fd|10.1.0.43:15166, a04b3fda-42d1-4ee5-9233-bf3df18c72ca|10.1.0.43:15175, 77dd9a00-e29a-4211-83f1-3973ef1a3290|10.1.0.43:15157]|listeners:[], old=null, confs=<EMPTY_MAP>
2024-02-09 18:34:07,009 [a04b3fda-42d1-4ee5-9233-bf3df18c72ca-groupManagement] INFO  server.RaftServerConfigKeys (ConfUtils.java:logGet(46)) - raft.server.notification.no-leader.timeout = 300000ms (custom)
2024-02-09 18:34:07,009 [a04b3fda-42d1-4ee5-9233-bf3df18c72ca-groupManagement] INFO  server.RaftServerConfigKeys (ConfUtils.java:logGet(46)) - raft.server.read.timeout = 10s (default)
2024-02-09 18:34:07,009 [a04b3fda-42d1-4ee5-9233-bf3df18c72ca-groupManagement] INFO  server.RaftServerConfigKeys (ConfUtils.java:logGet(46)) - raft.server.retrycache.expirytime = 600000ms (custom)
2024-02-09 18:34:07,009 [a04b3fda-42d1-4ee5-9233-bf3df18c72ca-groupManagement] INFO  server.RaftServerConfigKeys (ConfUtils.java:logGet(46)) - raft.server.retrycache.statistics.expirytime = 100ms (default)
2024-02-09 18:34:07,009 [a04b3fda-42d1-4ee5-9233-bf3df18c72ca-groupManagement] INFO  server.RaftServerConfigKeys (ConfUtils.java:logGet(46)) - raft.server.read.option = DEFAULT (default)
2024-02-09 18:34:07,009 [a04b3fda-42d1-4ee5-9233-bf3df18c72ca-groupManagement] INFO  server.RaftServerConfigKeys (ConfUtils.java:logGet(46)) - raft.server.read.read-after-write-consistent.write-index-cache.expiry-time = 60s (default)
2024-02-09 18:34:07,010 [a04b3fda-42d1-4ee5-9233-bf3df18c72ca-groupManagement] INFO  server.RaftServerConfigKeys (ConfUtils.java:logGet(46)) - raft.server.rpc.request.timeout = 3000ms (default)
2024-02-09 18:34:07,010 [a04b3fda-42d1-4ee5-9233-bf3df18c72ca-groupManagement] INFO  server.RaftServerConfigKeys (ConfUtils.java:logGet(46)) - raft.server.log.appender.install.snapshot.enabled = false (custom)
2024-02-09 18:34:07,011 [a04b3fda-42d1-4ee5-9233-bf3df18c72ca-groupManagement] INFO  server.RaftServerConfigKeys (ConfUtils.java:logGet(46)) - raft.server.threadpool.server.cached = true (default)
2024-02-09 18:34:07,011 [a04b3fda-42d1-4ee5-9233-bf3df18c72ca-groupManagement] INFO  server.RaftServerConfigKeys (ConfUtils.java:logGet(46)) - raft.server.threadpool.server.size = 0 (default)
2024-02-09 18:34:07,011 [a04b3fda-42d1-4ee5-9233-bf3df18c72ca-groupManagement] INFO  server.RaftServerConfigKeys (ConfUtils.java:logGet(46)) - raft.server.threadpool.client.cached = true (default)
2024-02-09 18:34:07,011 [a04b3fda-42d1-4ee5-9233-bf3df18c72ca-groupManagement] INFO  server.RaftServerConfigKeys (ConfUtils.java:logGet(46)) - raft.server.threadpool.client.size = 0 (default)
2024-02-09 18:34:07,011 [a04b3fda-42d1-4ee5-9233-bf3df18c72ca-groupManagement] INFO  server.RaftServerConfigKeys (ConfUtils.java:logGet(46)) - raft.server.storage.free-space.min = 0MB (=0) (default)
2024-02-09 18:34:07,011 [a04b3fda-42d1-4ee5-9233-bf3df18c72ca-groupManagement] INFO  server.RaftServerConfigKeys (ConfUtils.java:logGet(46)) - raft.server.log.corruption.policy = EXCEPTION (default)
2024-02-09 18:34:07,011 [a04b3fda-42d1-4ee5-9233-bf3df18c72ca-groupManagement] INFO  server.RaftServerConfigKeys (ConfUtils.java:logGet(46)) - raft.server.storage.dir = [/home/runner/work/ozone/ozone/hadoop-ozone/integration-test/target/test-dir/MiniOzoneClusterImpl-2e7e0147-493e-4f7b-8772-843c2731e345/datanode-8/data/ratis] (custom)
2024-02-09 18:34:07,011 [a04b3fda-42d1-4ee5-9233-bf3df18c72ca-groupManagement] INFO  storage.RaftStorageDirectory (RaftStorageDirectoryImpl.java:analyzeStorage(138)) - The storage directory /home/runner/work/ozone/ozone/hadoop-ozone/integration-test/target/test-dir/MiniOzoneClusterImpl-2e7e0147-493e-4f7b-8772-843c2731e345/datanode-8/data/ratis/615a16b5-5c1f-4b6a-8b9e-2cca92768612 does not exist. Creating ...
2024-02-09 18:34:07,012 [a04b3fda-42d1-4ee5-9233-bf3df18c72ca-groupManagement] INFO  storage.RaftStorageDirectory (RaftStorageDirectoryImpl.java:tryLock(228)) - Lock on /home/runner/work/ozone/ozone/hadoop-ozone/integration-test/target/test-dir/MiniOzoneClusterImpl-2e7e0147-493e-4f7b-8772-843c2731e345/datanode-8/data/ratis/615a16b5-5c1f-4b6a-8b9e-2cca92768612/in_use.lock acquired by nodename 37674@fv-az1241-572
2024-02-09 18:34:07,016 [a04b3fda-42d1-4ee5-9233-bf3df18c72ca-groupManagement] INFO  storage.RaftStorage (RaftStorageImpl.java:format(99)) - Storage directory /home/runner/work/ozone/ozone/hadoop-ozone/integration-test/target/test-dir/MiniOzoneClusterImpl-2e7e0147-493e-4f7b-8772-843c2731e345/datanode-8/data/ratis/615a16b5-5c1f-4b6a-8b9e-2cca92768612 has been successfully formatted.
2024-02-09 18:34:07,016 [a04b3fda-42d1-4ee5-9233-bf3df18c72ca-groupManagement] WARN  util.FileUtils (LogUtils.java:supplyAndLog(63)) - Failed to Files.newInputStream /home/runner/work/ozone/ozone/hadoop-ozone/integration-test/target/test-dir/MiniOzoneClusterImpl-2e7e0147-493e-4f7b-8772-843c2731e345/datanode-8/data/ratis/615a16b5-5c1f-4b6a-8b9e-2cca92768612/current/raft-meta.conf with options []: java.nio.file.NoSuchFileException: /home/runner/work/ozone/ozone/hadoop-ozone/integration-test/target/test-dir/MiniOzoneClusterImpl-2e7e0147-493e-4f7b-8772-843c2731e345/datanode-8/data/ratis/615a16b5-5c1f-4b6a-8b9e-2cca92768612/current/raft-meta.conf
2024-02-09 18:34:07,017 [a04b3fda-42d1-4ee5-9233-bf3df18c72ca-groupManagement] INFO  ratis.ContainerStateMachine (ContainerStateMachine.java:loadSnapshot(287)) - group-2CCA92768612: The snapshot info is null. Setting the last applied index to:(t:0, i:~)
2024-02-09 18:34:07,017 [a04b3fda-42d1-4ee5-9233-bf3df18c72ca-groupManagement] INFO  server.RaftServerConfigKeys (ConfUtils.java:logGet(46)) - raft.server.log.use.memory = false (default)
2024-02-09 18:34:07,017 [a04b3fda-42d1-4ee5-9233-bf3df18c72ca-groupManagement] INFO  server.RaftServerConfigKeys (ConfUtils.java:logGet(46)) - raft.server.log.purge.gap = 1000000 (custom)
2024-02-09 18:34:07,018 [a04b3fda-42d1-4ee5-9233-bf3df18c72ca-groupManagement] INFO  server.RaftServerConfigKeys (ConfUtils.java:logGet(46)) - raft.server.log.appender.buffer.byte-limit = 8388608 (custom)
2024-02-09 18:34:07,018 [a04b3fda-42d1-4ee5-9233-bf3df18c72ca-groupManagement] INFO  server.RaftServerConfigKeys (ConfUtils.java:logGet(46)) - raft.server.log.statemachine.data.read.timeout = 1000ms (default)
2024-02-09 18:34:07,018 [a04b3fda-42d1-4ee5-9233-bf3df18c72ca-groupManagement] INFO  server.RaftServerConfigKeys (ConfUtils.java:logGet(46)) - raft.server.log.purge.preservation.log.num = 0 (default)
2024-02-09 18:34:07,019 [a04b3fda-42d1-4ee5-9233-bf3df18c72ca-groupManagement] INFO  server.RaftServerConfigKeys (ConfUtils.java:logGet(46)) - raft.server.log.segment.size.max = 67108864 (custom)
2024-02-09 18:34:07,019 [a04b3fda-42d1-4ee5-9233-bf3df18c72ca-groupManagement] INFO  server.RaftServerConfigKeys (ConfUtils.java:logGet(46)) - raft.server.log.segment.cache.num.max = 2 (custom)
2024-02-09 18:34:07,019 [a04b3fda-42d1-4ee5-9233-bf3df18c72ca-groupManagement] INFO  server.RaftServerConfigKeys (ConfUtils.java:logGet(46)) - raft.server.log.segment.cache.size.max = 200MB (=209715200) (default)
2024-02-09 18:34:07,020 [a04b3fda-42d1-4ee5-9233-bf3df18c72ca-groupManagement] INFO  server.RaftServerConfigKeys (ConfUtils.java:logGet(46)) - raft.server.log.appender.buffer.byte-limit = 8388608 (custom)
2024-02-09 18:34:07,020 [a04b3fda-42d1-4ee5-9233-bf3df18c72ca-groupManagement] INFO  util.AwaitToRun (AwaitToRun.java:start(81)) - Thread[a04b3fda-42d1-4ee5-9233-bf3df18c72ca@group-2CCA92768612-cacheEviction-AwaitToRun,5,main] started
2024-02-09 18:34:07,020 [a04b3fda-42d1-4ee5-9233-bf3df18c72ca-groupManagement] INFO  segmented.SegmentedRaftLogWorker (SegmentedRaftLogWorker.java:<init>(182)) - new a04b3fda-42d1-4ee5-9233-bf3df18c72ca@group-2CCA92768612-SegmentedRaftLogWorker for RaftStorageImpl:Storage Directory /home/runner/work/ozone/ozone/hadoop-ozone/integration-test/target/test-dir/MiniOzoneClusterImpl-2e7e0147-493e-4f7b-8772-843c2731e345/datanode-8/data/ratis/615a16b5-5c1f-4b6a-8b9e-2cca92768612
2024-02-09 18:34:07,020 [a04b3fda-42d1-4ee5-9233-bf3df18c72ca-groupManagement] INFO  server.RaftServerConfigKeys (ConfUtils.java:logGet(46)) - raft.server.log.queue.byte-limit = 4294967296 (custom)
2024-02-09 18:34:07,020 [a04b3fda-42d1-4ee5-9233-bf3df18c72ca-groupManagement] INFO  server.RaftServerConfigKeys (ConfUtils.java:logGet(46)) - raft.server.log.queue.element-limit = 1024 (custom)
2024-02-09 18:34:07,020 [a04b3fda-42d1-4ee5-9233-bf3df18c72ca-groupManagement] INFO  server.RaftServerConfigKeys (ConfUtils.java:logGet(46)) - raft.server.log.segment.size.max = 67108864 (custom)
2024-02-09 18:34:07,020 [a04b3fda-42d1-4ee5-9233-bf3df18c72ca-groupManagement] INFO  server.RaftServerConfigKeys (ConfUtils.java:logGet(46)) - raft.server.log.preallocated.size = 4194304 (custom)
2024-02-09 18:34:07,020 [a04b3fda-42d1-4ee5-9233-bf3df18c72ca-groupManagement] INFO  server.RaftServerConfigKeys (ConfUtils.java:logGet(46)) - raft.server.log.force.sync.num = 128 (default)
2024-02-09 18:34:07,020 [a04b3fda-42d1-4ee5-9233-bf3df18c72ca-groupManagement] INFO  server.RaftServerConfigKeys (ConfUtils.java:logGet(46)) - raft.server.log.statemachine.data.sync = true (default)
2024-02-09 18:34:07,020 [a04b3fda-42d1-4ee5-9233-bf3df18c72ca-groupManagement] INFO  server.RaftServerConfigKeys (ConfUtils.java:logGet(46)) - raft.server.log.statemachine.data.sync.timeout = 10s (default)
2024-02-09 18:34:07,020 [a04b3fda-42d1-4ee5-9233-bf3df18c72ca-groupManagement] INFO  server.RaftServerConfigKeys (ConfUtils.java:logGet(46)) - raft.server.log.statemachine.data.sync.timeout.retry = 0 (custom)
2024-02-09 18:34:07,021 [a04b3fda-42d1-4ee5-9233-bf3df18c72ca-groupManagement] INFO  server.RaftServerConfigKeys (ConfUtils.java:logGet(46)) - raft.server.log.write.buffer.size = 8388616 (custom)
2024-02-09 18:34:07,022 [a04b3fda-42d1-4ee5-9233-bf3df18c72ca-groupManagement] INFO  server.RaftServerConfigKeys (ConfUtils.java:logGet(46)) - raft.server.log.appender.buffer.byte-limit = 8388608 (custom)
2024-02-09 18:34:07,022 [a04b3fda-42d1-4ee5-9233-bf3df18c72ca-groupManagement] INFO  server.RaftServerConfigKeys (ConfUtils.java:logGet(46)) - raft.server.log.unsafe-flush.enabled = false (default)
2024-02-09 18:34:07,022 [a04b3fda-42d1-4ee5-9233-bf3df18c72ca-groupManagement] INFO  server.RaftServerConfigKeys (ConfUtils.java:logGet(46)) - raft.server.log.async-flush.enabled = false (default)
2024-02-09 18:34:07,022 [a04b3fda-42d1-4ee5-9233-bf3df18c72ca-groupManagement] INFO  server.RaftServerConfigKeys (ConfUtils.java:logGet(46)) - raft.server.log.statemachine.data.caching.enabled = true (custom)
2024-02-09 18:34:07,023 [a04b3fda-42d1-4ee5-9233-bf3df18c72ca-groupManagement] INFO  segmented.SegmentedRaftLogWorker (SegmentedRaftLogWorker.java:lambda$new$0(134)) - a04b3fda-42d1-4ee5-9233-bf3df18c72ca@group-2CCA92768612-SegmentedRaftLogWorker: flushIndex: setUnconditionally 0 -> -1
2024-02-09 18:34:07,023 [a04b3fda-42d1-4ee5-9233-bf3df18c72ca-groupManagement] INFO  segmented.SegmentedRaftLogWorker (SegmentedRaftLogWorker.java:lambda$new$0(134)) - a04b3fda-42d1-4ee5-9233-bf3df18c72ca@group-2CCA92768612-SegmentedRaftLogWorker: safeCacheEvictIndex: setUnconditionally 0 -> -1
2024-02-09 18:34:07,023 [a04b3fda-42d1-4ee5-9233-bf3df18c72ca-groupManagement] INFO  server.RaftServer$Division (RaftServerImpl.java:start(396)) - a04b3fda-42d1-4ee5-9233-bf3df18c72ca@group-2CCA92768612: start as a follower, conf=-1: peers:[e0b7932e-07c7-4e56-8d6e-0757004eb8fd|10.1.0.43:15166, a04b3fda-42d1-4ee5-9233-bf3df18c72ca|10.1.0.43:15175, 77dd9a00-e29a-4211-83f1-3973ef1a3290|10.1.0.43:15157]|listeners:[], old=null
2024-02-09 18:34:07,023 [a04b3fda-42d1-4ee5-9233-bf3df18c72ca-groupManagement] INFO  server.RaftServer$Division (RaftServerImpl.java:setRole(383)) - a04b3fda-42d1-4ee5-9233-bf3df18c72ca@group-2CCA92768612: changes role from      null to FOLLOWER at term 0 for startAsFollower
2024-02-09 18:34:07,023 [a04b3fda-42d1-4ee5-9233-bf3df18c72ca-groupManagement] INFO  impl.RoleInfo (RoleInfo.java:updateAndGet(139)) - a04b3fda-42d1-4ee5-9233-bf3df18c72ca: start a04b3fda-42d1-4ee5-9233-bf3df18c72ca@group-2CCA92768612-FollowerState
2024-02-09 18:34:07,023 [a04b3fda-42d1-4ee5-9233-bf3df18c72ca-groupManagement] INFO  util.JmxRegister (JmxRegister.java:tryRegister(44)) - Successfully registered JMX Bean with object name Ratis:service=RaftServer,group=group-2CCA92768612,id=a04b3fda-42d1-4ee5-9233-bf3df18c72ca
2024-02-09 18:34:07,023 [a04b3fda-42d1-4ee5-9233-bf3df18c72ca-groupManagement] INFO  server.RaftServerConfigKeys (ConfUtils.java:logGet(46)) - raft.server.snapshot.trigger-when-stop.enabled = true (default)
2024-02-09 18:34:07,023 [a04b3fda-42d1-4ee5-9233-bf3df18c72ca-groupManagement] INFO  server.RaftServerConfigKeys (ConfUtils.java:logGet(46)) - raft.server.snapshot.auto.trigger.enabled = true (custom)
2024-02-09 18:34:07,024 [a04b3fda-42d1-4ee5-9233-bf3df18c72ca-groupManagement] INFO  server.RaftServerConfigKeys (ConfUtils.java:logGet(46)) - raft.server.snapshot.auto.trigger.threshold = 10000 (custom)
2024-02-09 18:34:07,024 [a04b3fda-42d1-4ee5-9233-bf3df18c72ca-groupManagement] INFO  server.RaftServerConfigKeys (ConfUtils.java:logGet(46)) - raft.server.snapshot.retention.file.num = 5 (custom)
2024-02-09 18:34:07,024 [a04b3fda-42d1-4ee5-9233-bf3df18c72ca-groupManagement] INFO  server.RaftServerConfigKeys (ConfUtils.java:logGet(46)) - raft.server.log.purge.upto.snapshot.index = false (default)
2024-02-09 18:34:07,024 [a04b3fda-42d1-4ee5-9233-bf3df18c72ca@group-2CCA92768612-FollowerState] INFO  server.RaftServerConfigKeys (ConfUtils.java:logFallback(53)) - raft.server.rpc.first-election.timeout.min = 5s (fallback to raft.server.rpc.timeout.min)
2024-02-09 18:34:07,024 [a04b3fda-42d1-4ee5-9233-bf3df18c72ca@group-2CCA92768612-FollowerState] INFO  server.RaftServerConfigKeys (ConfUtils.java:logFallback(53)) - raft.server.rpc.first-election.timeout.max = 5200ms (fallback to raft.server.rpc.timeout.max)
2024-02-09 18:34:07,028 [77dd9a00-e29a-4211-83f1-3973ef1a3290-PipelineCommandHandlerThread-0] INFO  commandhandler.CreatePipelineCommandHandler (CreatePipelineCommandHandler.java:lambda$handle$2(124)) - Created Pipeline RATIS THREE PipelineID=615a16b5-5c1f-4b6a-8b9e-2cca92768612.
2024-02-09 18:34:07,048 [e0b7932e-07c7-4e56-8d6e-0757004eb8fd-PipelineCommandHandlerThread-0] INFO  server.RaftServer (RaftServerProxy.java:addNew(100)) - e0b7932e-07c7-4e56-8d6e-0757004eb8fd: addNew group-E26969950B1E:[e0b7932e-07c7-4e56-8d6e-0757004eb8fd|10.1.0.43:15166] returns group-E26969950B1E:java.util.concurrent.CompletableFuture@4b279148[Not completed]
2024-02-09 18:34:07,049 [e0b7932e-07c7-4e56-8d6e-0757004eb8fd-groupManagement] INFO  server.RaftServer$Division (RaftServerImpl.java:<init>(256)) - e0b7932e-07c7-4e56-8d6e-0757004eb8fd: new RaftServerImpl for group-E26969950B1E:[e0b7932e-07c7-4e56-8d6e-0757004eb8fd|10.1.0.43:15166] with ContainerStateMachine:uninitialized
2024-02-09 18:34:07,049 [e0b7932e-07c7-4e56-8d6e-0757004eb8fd-groupManagement] INFO  server.RaftServerConfigKeys (ConfUtils.java:logGet(46)) - raft.server.rpc.timeout.min = 5s (custom)
2024-02-09 18:34:07,049 [e0b7932e-07c7-4e56-8d6e-0757004eb8fd-groupManagement] INFO  server.RaftServerConfigKeys (ConfUtils.java:logGet(46)) - raft.server.rpc.timeout.max = 5200ms (custom)
2024-02-09 18:34:07,049 [e0b7932e-07c7-4e56-8d6e-0757004eb8fd-groupManagement] INFO  server.RaftServerConfigKeys (ConfUtils.java:logGet(46)) - raft.server.rpc.sleep.time = 25ms (default)
2024-02-09 18:34:07,049 [e0b7932e-07c7-4e56-8d6e-0757004eb8fd-groupManagement] INFO  server.RaftServerConfigKeys (ConfUtils.java:logGet(46)) - raft.server.rpc.slowness.timeout = 300000ms (custom)
2024-02-09 18:34:07,049 [e0b7932e-07c7-4e56-8d6e-0757004eb8fd-groupManagement] INFO  server.RaftServerConfigKeys (ConfUtils.java:logGet(46)) - raft.server.leaderelection.leader.step-down.wait-time = 10s (default)
2024-02-09 18:34:07,049 [e0b7932e-07c7-4e56-8d6e-0757004eb8fd-groupManagement] INFO  server.RaftServerConfigKeys (ConfUtils.java:logGet(46)) - raft.server.leaderelection.member.majority-add = false (default)
2024-02-09 18:34:07,049 [e0b7932e-07c7-4e56-8d6e-0757004eb8fd-groupManagement] INFO  server.RaftServerConfigKeys (ConfUtils.java:logGet(46)) - raft.server.sleep.deviation.threshold = 300ms (default)
2024-02-09 18:34:07,049 [e0b7932e-07c7-4e56-8d6e-0757004eb8fd-groupManagement] INFO  server.RaftServer$Division (ServerState.java:<init>(113)) - e0b7932e-07c7-4e56-8d6e-0757004eb8fd@group-E26969950B1E: ConfigurationManager, init=-1: peers:[e0b7932e-07c7-4e56-8d6e-0757004eb8fd|10.1.0.43:15166]|listeners:[], old=null, confs=<EMPTY_MAP>
2024-02-09 18:34:07,049 [e0b7932e-07c7-4e56-8d6e-0757004eb8fd-groupManagement] INFO  server.RaftServerConfigKeys (ConfUtils.java:logGet(46)) - raft.server.notification.no-leader.timeout = 300000ms (custom)
2024-02-09 18:34:07,049 [e0b7932e-07c7-4e56-8d6e-0757004eb8fd-groupManagement] INFO  server.RaftServerConfigKeys (ConfUtils.java:logGet(46)) - raft.server.read.timeout = 10s (default)
2024-02-09 18:34:07,049 [e0b7932e-07c7-4e56-8d6e-0757004eb8fd-groupManagement] INFO  server.RaftServerConfigKeys (ConfUtils.java:logGet(46)) - raft.server.retrycache.expirytime = 600000ms (custom)
2024-02-09 18:34:07,049 [e0b7932e-07c7-4e56-8d6e-0757004eb8fd-groupManagement] INFO  server.RaftServerConfigKeys (ConfUtils.java:logGet(46)) - raft.server.retrycache.statistics.expirytime = 100ms (default)
2024-02-09 18:34:07,050 [e0b7932e-07c7-4e56-8d6e-0757004eb8fd-groupManagement] INFO  server.RaftServerConfigKeys (ConfUtils.java:logGet(46)) - raft.server.read.option = DEFAULT (default)
2024-02-09 18:34:07,050 [e0b7932e-07c7-4e56-8d6e-0757004eb8fd-groupManagement] INFO  server.RaftServerConfigKeys (ConfUtils.java:logGet(46)) - raft.server.read.read-after-write-consistent.write-index-cache.expiry-time = 60s (default)
2024-02-09 18:34:07,052 [e0b7932e-07c7-4e56-8d6e-0757004eb8fd-groupManagement] INFO  server.RaftServerConfigKeys (ConfUtils.java:logGet(46)) - raft.server.rpc.request.timeout = 3000ms (default)
2024-02-09 18:34:07,052 [e0b7932e-07c7-4e56-8d6e-0757004eb8fd-groupManagement] INFO  server.RaftServerConfigKeys (ConfUtils.java:logGet(46)) - raft.server.log.appender.install.snapshot.enabled = false (custom)
2024-02-09 18:34:07,052 [e0b7932e-07c7-4e56-8d6e-0757004eb8fd-groupManagement] INFO  server.RaftServerConfigKeys (ConfUtils.java:logGet(46)) - raft.server.threadpool.server.cached = true (default)
2024-02-09 18:34:07,052 [e0b7932e-07c7-4e56-8d6e-0757004eb8fd-groupManagement] INFO  server.RaftServerConfigKeys (ConfUtils.java:logGet(46)) - raft.server.threadpool.server.size = 0 (default)
2024-02-09 18:34:07,052 [e0b7932e-07c7-4e56-8d6e-0757004eb8fd-groupManagement] INFO  server.RaftServerConfigKeys (ConfUtils.java:logGet(46)) - raft.server.threadpool.client.cached = true (default)
2024-02-09 18:34:07,052 [e0b7932e-07c7-4e56-8d6e-0757004eb8fd-groupManagement] INFO  server.RaftServerConfigKeys (ConfUtils.java:logGet(46)) - raft.server.threadpool.client.size = 0 (default)
2024-02-09 18:34:07,052 [e0b7932e-07c7-4e56-8d6e-0757004eb8fd-groupManagement] INFO  server.RaftServerConfigKeys (ConfUtils.java:logGet(46)) - raft.server.storage.free-space.min = 0MB (=0) (default)
2024-02-09 18:34:07,052 [e0b7932e-07c7-4e56-8d6e-0757004eb8fd-groupManagement] INFO  server.RaftServerConfigKeys (ConfUtils.java:logGet(46)) - raft.server.log.corruption.policy = EXCEPTION (default)
2024-02-09 18:34:07,052 [e0b7932e-07c7-4e56-8d6e-0757004eb8fd-groupManagement] INFO  server.RaftServerConfigKeys (ConfUtils.java:logGet(46)) - raft.server.storage.dir = [/home/runner/work/ozone/ozone/hadoop-ozone/integration-test/target/test-dir/MiniOzoneClusterImpl-2e7e0147-493e-4f7b-8772-843c2731e345/datanode-7/data/ratis] (custom)
2024-02-09 18:34:07,052 [e0b7932e-07c7-4e56-8d6e-0757004eb8fd-groupManagement] INFO  storage.RaftStorageDirectory (RaftStorageDirectoryImpl.java:analyzeStorage(138)) - The storage directory /home/runner/work/ozone/ozone/hadoop-ozone/integration-test/target/test-dir/MiniOzoneClusterImpl-2e7e0147-493e-4f7b-8772-843c2731e345/datanode-7/data/ratis/57147a4b-ac7a-4df8-88b2-e26969950b1e does not exist. Creating ...
2024-02-09 18:34:07,053 [e0b7932e-07c7-4e56-8d6e-0757004eb8fd-groupManagement] INFO  storage.RaftStorageDirectory (RaftStorageDirectoryImpl.java:tryLock(228)) - Lock on /home/runner/work/ozone/ozone/hadoop-ozone/integration-test/target/test-dir/MiniOzoneClusterImpl-2e7e0147-493e-4f7b-8772-843c2731e345/datanode-7/data/ratis/57147a4b-ac7a-4df8-88b2-e26969950b1e/in_use.lock acquired by nodename 37674@fv-az1241-572
2024-02-09 18:34:07,054 [e0b7932e-07c7-4e56-8d6e-0757004eb8fd-groupManagement] INFO  storage.RaftStorage (RaftStorageImpl.java:format(99)) - Storage directory /home/runner/work/ozone/ozone/hadoop-ozone/integration-test/target/test-dir/MiniOzoneClusterImpl-2e7e0147-493e-4f7b-8772-843c2731e345/datanode-7/data/ratis/57147a4b-ac7a-4df8-88b2-e26969950b1e has been successfully formatted.
2024-02-09 18:34:07,055 [e0b7932e-07c7-4e56-8d6e-0757004eb8fd-groupManagement] WARN  util.FileUtils (LogUtils.java:supplyAndLog(63)) - Failed to Files.newInputStream /home/runner/work/ozone/ozone/hadoop-ozone/integration-test/target/test-dir/MiniOzoneClusterImpl-2e7e0147-493e-4f7b-8772-843c2731e345/datanode-7/data/ratis/57147a4b-ac7a-4df8-88b2-e26969950b1e/current/raft-meta.conf with options []: java.nio.file.NoSuchFileException: /home/runner/work/ozone/ozone/hadoop-ozone/integration-test/target/test-dir/MiniOzoneClusterImpl-2e7e0147-493e-4f7b-8772-843c2731e345/datanode-7/data/ratis/57147a4b-ac7a-4df8-88b2-e26969950b1e/current/raft-meta.conf
2024-02-09 18:34:07,055 [e0b7932e-07c7-4e56-8d6e-0757004eb8fd-groupManagement] INFO  ratis.ContainerStateMachine (ContainerStateMachine.java:loadSnapshot(287)) - group-E26969950B1E: The snapshot info is null. Setting the last applied index to:(t:0, i:~)
2024-02-09 18:34:07,055 [e0b7932e-07c7-4e56-8d6e-0757004eb8fd-groupManagement] INFO  server.RaftServerConfigKeys (ConfUtils.java:logGet(46)) - raft.server.log.use.memory = false (default)
2024-02-09 18:34:07,055 [e0b7932e-07c7-4e56-8d6e-0757004eb8fd-groupManagement] INFO  server.RaftServerConfigKeys (ConfUtils.java:logGet(46)) - raft.server.log.purge.gap = 1000000 (custom)
2024-02-09 18:34:07,055 [e0b7932e-07c7-4e56-8d6e-0757004eb8fd-groupManagement] INFO  server.RaftServerConfigKeys (ConfUtils.java:logGet(46)) - raft.server.log.appender.buffer.byte-limit = 8388608 (custom)
2024-02-09 18:34:07,055 [e0b7932e-07c7-4e56-8d6e-0757004eb8fd-groupManagement] INFO  server.RaftServerConfigKeys (ConfUtils.java:logGet(46)) - raft.server.log.statemachine.data.read.timeout = 1000ms (default)
2024-02-09 18:34:07,055 [e0b7932e-07c7-4e56-8d6e-0757004eb8fd-groupManagement] INFO  server.RaftServerConfigKeys (ConfUtils.java:logGet(46)) - raft.server.log.purge.preservation.log.num = 0 (default)
2024-02-09 18:34:07,056 [EventQueue-PipelineReportForPipelineReportHandler] INFO  pipeline.PipelineReportHandler (PipelineReportHandler.java:processPipelineReport(136)) - Opened pipeline PipelineID=57147a4b-ac7a-4df8-88b2-e26969950b1e
2024-02-09 18:34:07,056 [EventQueue-OpenPipelineForHealthyPipelineSafeModeRule] INFO  safemode.SCMSafeModeManager (HealthyPipelineSafeModeRule.java:process(140)) - SCM in safe mode. Healthy pipelines reported count is 0, required healthy pipeline reported count is 1
2024-02-09 18:34:07,057 [e0b7932e-07c7-4e56-8d6e-0757004eb8fd-groupManagement] INFO  server.RaftServerConfigKeys (ConfUtils.java:logGet(46)) - raft.server.log.segment.size.max = 67108864 (custom)
2024-02-09 18:34:07,057 [e0b7932e-07c7-4e56-8d6e-0757004eb8fd-groupManagement] INFO  server.RaftServerConfigKeys (ConfUtils.java:logGet(46)) - raft.server.log.segment.cache.num.max = 2 (custom)
2024-02-09 18:34:07,057 [e0b7932e-07c7-4e56-8d6e-0757004eb8fd-groupManagement] INFO  server.RaftServerConfigKeys (ConfUtils.java:logGet(46)) - raft.server.log.segment.cache.size.max = 200MB (=209715200) (default)
2024-02-09 18:34:07,057 [e0b7932e-07c7-4e56-8d6e-0757004eb8fd-groupManagement] INFO  server.RaftServerConfigKeys (ConfUtils.java:logGet(46)) - raft.server.log.appender.buffer.byte-limit = 8388608 (custom)
2024-02-09 18:34:07,057 [e0b7932e-07c7-4e56-8d6e-0757004eb8fd-groupManagement] INFO  util.AwaitToRun (AwaitToRun.java:start(81)) - Thread[e0b7932e-07c7-4e56-8d6e-0757004eb8fd@group-E26969950B1E-cacheEviction-AwaitToRun,5,main] started
2024-02-09 18:34:07,058 [e0b7932e-07c7-4e56-8d6e-0757004eb8fd-groupManagement] INFO  segmented.SegmentedRaftLogWorker (SegmentedRaftLogWorker.java:<init>(182)) - new e0b7932e-07c7-4e56-8d6e-0757004eb8fd@group-E26969950B1E-SegmentedRaftLogWorker for RaftStorageImpl:Storage Directory /home/runner/work/ozone/ozone/hadoop-ozone/integration-test/target/test-dir/MiniOzoneClusterImpl-2e7e0147-493e-4f7b-8772-843c2731e345/datanode-7/data/ratis/57147a4b-ac7a-4df8-88b2-e26969950b1e
2024-02-09 18:34:07,058 [e0b7932e-07c7-4e56-8d6e-0757004eb8fd-groupManagement] INFO  server.RaftServerConfigKeys (ConfUtils.java:logGet(46)) - raft.server.log.queue.byte-limit = 4294967296 (custom)
2024-02-09 18:34:07,058 [e0b7932e-07c7-4e56-8d6e-0757004eb8fd-groupManagement] INFO  server.RaftServerConfigKeys (ConfUtils.java:logGet(46)) - raft.server.log.queue.element-limit = 1024 (custom)
2024-02-09 18:34:07,058 [e0b7932e-07c7-4e56-8d6e-0757004eb8fd-groupManagement] INFO  server.RaftServerConfigKeys (ConfUtils.java:logGet(46)) - raft.server.log.segment.size.max = 67108864 (custom)
2024-02-09 18:34:07,058 [e0b7932e-07c7-4e56-8d6e-0757004eb8fd-groupManagement] INFO  server.RaftServerConfigKeys (ConfUtils.java:logGet(46)) - raft.server.log.preallocated.size = 4194304 (custom)
2024-02-09 18:34:07,058 [e0b7932e-07c7-4e56-8d6e-0757004eb8fd-groupManagement] INFO  server.RaftServerConfigKeys (ConfUtils.java:logGet(46)) - raft.server.log.force.sync.num = 128 (default)
2024-02-09 18:34:07,058 [e0b7932e-07c7-4e56-8d6e-0757004eb8fd-groupManagement] INFO  server.RaftServerConfigKeys (ConfUtils.java:logGet(46)) - raft.server.log.statemachine.data.sync = true (default)
2024-02-09 18:34:07,058 [e0b7932e-07c7-4e56-8d6e-0757004eb8fd-groupManagement] INFO  server.RaftServerConfigKeys (ConfUtils.java:logGet(46)) - raft.server.log.statemachine.data.sync.timeout = 10s (default)
2024-02-09 18:34:07,058 [e0b7932e-07c7-4e56-8d6e-0757004eb8fd-groupManagement] INFO  server.RaftServerConfigKeys (ConfUtils.java:logGet(46)) - raft.server.log.statemachine.data.sync.timeout.retry = 0 (custom)
2024-02-09 18:34:07,058 [e0b7932e-07c7-4e56-8d6e-0757004eb8fd-groupManagement] INFO  server.RaftServerConfigKeys (ConfUtils.java:logGet(46)) - raft.server.log.write.buffer.size = 8388616 (custom)
2024-02-09 18:34:07,060 [e0b7932e-07c7-4e56-8d6e-0757004eb8fd-groupManagement] INFO  server.RaftServerConfigKeys (ConfUtils.java:logGet(46)) - raft.server.log.appender.buffer.byte-limit = 8388608 (custom)
2024-02-09 18:34:07,060 [e0b7932e-07c7-4e56-8d6e-0757004eb8fd-groupManagement] INFO  server.RaftServerConfigKeys (ConfUtils.java:logGet(46)) - raft.server.log.unsafe-flush.enabled = false (default)
2024-02-09 18:34:07,060 [e0b7932e-07c7-4e56-8d6e-0757004eb8fd-groupManagement] INFO  server.RaftServerConfigKeys (ConfUtils.java:logGet(46)) - raft.server.log.async-flush.enabled = false (default)
2024-02-09 18:34:07,060 [e0b7932e-07c7-4e56-8d6e-0757004eb8fd-groupManagement] INFO  server.RaftServerConfigKeys (ConfUtils.java:logGet(46)) - raft.server.log.statemachine.data.caching.enabled = true (custom)
2024-02-09 18:34:07,060 [e0b7932e-07c7-4e56-8d6e-0757004eb8fd-groupManagement] INFO  segmented.SegmentedRaftLogWorker (SegmentedRaftLogWorker.java:lambda$new$0(134)) - e0b7932e-07c7-4e56-8d6e-0757004eb8fd@group-E26969950B1E-SegmentedRaftLogWorker: flushIndex: setUnconditionally 0 -> -1
2024-02-09 18:34:07,060 [e0b7932e-07c7-4e56-8d6e-0757004eb8fd-groupManagement] INFO  segmented.SegmentedRaftLogWorker (SegmentedRaftLogWorker.java:lambda$new$0(134)) - e0b7932e-07c7-4e56-8d6e-0757004eb8fd@group-E26969950B1E-SegmentedRaftLogWorker: safeCacheEvictIndex: setUnconditionally 0 -> -1
2024-02-09 18:34:07,061 [e0b7932e-07c7-4e56-8d6e-0757004eb8fd-groupManagement] INFO  server.RaftServer$Division (RaftServerImpl.java:start(396)) - e0b7932e-07c7-4e56-8d6e-0757004eb8fd@group-E26969950B1E: start as a follower, conf=-1: peers:[e0b7932e-07c7-4e56-8d6e-0757004eb8fd|10.1.0.43:15166]|listeners:[], old=null
2024-02-09 18:34:07,061 [e0b7932e-07c7-4e56-8d6e-0757004eb8fd-groupManagement] INFO  server.RaftServer$Division (RaftServerImpl.java:setRole(383)) - e0b7932e-07c7-4e56-8d6e-0757004eb8fd@group-E26969950B1E: changes role from      null to FOLLOWER at term 0 for startAsFollower
2024-02-09 18:34:07,061 [e0b7932e-07c7-4e56-8d6e-0757004eb8fd-groupManagement] INFO  impl.RoleInfo (RoleInfo.java:updateAndGet(139)) - e0b7932e-07c7-4e56-8d6e-0757004eb8fd: start e0b7932e-07c7-4e56-8d6e-0757004eb8fd@group-E26969950B1E-FollowerState
2024-02-09 18:34:07,061 [e0b7932e-07c7-4e56-8d6e-0757004eb8fd-groupManagement] INFO  util.JmxRegister (JmxRegister.java:tryRegister(44)) - Successfully registered JMX Bean with object name Ratis:service=RaftServer,group=group-E26969950B1E,id=e0b7932e-07c7-4e56-8d6e-0757004eb8fd
2024-02-09 18:34:07,061 [e0b7932e-07c7-4e56-8d6e-0757004eb8fd-groupManagement] INFO  server.RaftServerConfigKeys (ConfUtils.java:logGet(46)) - raft.server.snapshot.trigger-when-stop.enabled = true (default)
2024-02-09 18:34:07,061 [e0b7932e-07c7-4e56-8d6e-0757004eb8fd-groupManagement] INFO  server.RaftServerConfigKeys (ConfUtils.java:logGet(46)) - raft.server.snapshot.auto.trigger.enabled = true (custom)
2024-02-09 18:34:07,061 [e0b7932e-07c7-4e56-8d6e-0757004eb8fd-groupManagement] INFO  server.RaftServerConfigKeys (ConfUtils.java:logGet(46)) - raft.server.snapshot.auto.trigger.threshold = 10000 (custom)
2024-02-09 18:34:07,061 [e0b7932e-07c7-4e56-8d6e-0757004eb8fd-groupManagement] INFO  server.RaftServerConfigKeys (ConfUtils.java:logGet(46)) - raft.server.snapshot.retention.file.num = 5 (custom)
2024-02-09 18:34:07,061 [e0b7932e-07c7-4e56-8d6e-0757004eb8fd-groupManagement] INFO  server.RaftServerConfigKeys (ConfUtils.java:logGet(46)) - raft.server.log.purge.upto.snapshot.index = false (default)
2024-02-09 18:34:07,063 [e0b7932e-07c7-4e56-8d6e-0757004eb8fd-PipelineCommandHandlerThread-0] INFO  ratis.XceiverServerRatis (XceiverServerRatis.java:addGroup(864)) - Created group PipelineID=57147a4b-ac7a-4df8-88b2-e26969950b1e
2024-02-09 18:34:07,063 [e0b7932e-07c7-4e56-8d6e-0757004eb8fd@group-E26969950B1E-FollowerState] INFO  server.RaftServerConfigKeys (ConfUtils.java:logFallback(53)) - raft.server.rpc.first-election.timeout.min = 5s (fallback to raft.server.rpc.timeout.min)
2024-02-09 18:34:07,064 [e0b7932e-07c7-4e56-8d6e-0757004eb8fd@group-E26969950B1E-FollowerState] INFO  server.RaftServerConfigKeys (ConfUtils.java:logFallback(53)) - raft.server.rpc.first-election.timeout.max = 5200ms (fallback to raft.server.rpc.timeout.max)
2024-02-09 18:34:07,064 [e0b7932e-07c7-4e56-8d6e-0757004eb8fd-PipelineCommandHandlerThread-0] INFO  commandhandler.CreatePipelineCommandHandler (CreatePipelineCommandHandler.java:lambda$handle$2(124)) - Created Pipeline RATIS ONE PipelineID=57147a4b-ac7a-4df8-88b2-e26969950b1e.
2024-02-09 18:34:07,148 [a04b3fda-42d1-4ee5-9233-bf3df18c72ca-PipelineCommandHandlerThread-0] INFO  server.RaftServer (RaftServerProxy.java:addNew(100)) - a04b3fda-42d1-4ee5-9233-bf3df18c72ca: addNew group-149DDCC1E2E7:[a04b3fda-42d1-4ee5-9233-bf3df18c72ca|10.1.0.43:15175] returns group-149DDCC1E2E7:java.util.concurrent.CompletableFuture@26f5fb65[Not completed]
2024-02-09 18:34:07,149 [a04b3fda-42d1-4ee5-9233-bf3df18c72ca-groupManagement] INFO  server.RaftServer$Division (RaftServerImpl.java:<init>(256)) - a04b3fda-42d1-4ee5-9233-bf3df18c72ca: new RaftServerImpl for group-149DDCC1E2E7:[a04b3fda-42d1-4ee5-9233-bf3df18c72ca|10.1.0.43:15175] with ContainerStateMachine:uninitialized
2024-02-09 18:34:07,149 [a04b3fda-42d1-4ee5-9233-bf3df18c72ca-groupManagement] INFO  server.RaftServerConfigKeys (ConfUtils.java:logGet(46)) - raft.server.rpc.timeout.min = 5s (custom)
2024-02-09 18:34:07,149 [a04b3fda-42d1-4ee5-9233-bf3df18c72ca-groupManagement] INFO  server.RaftServerConfigKeys (ConfUtils.java:logGet(46)) - raft.server.rpc.timeout.max = 5200ms (custom)
2024-02-09 18:34:07,149 [a04b3fda-42d1-4ee5-9233-bf3df18c72ca-groupManagement] INFO  server.RaftServerConfigKeys (ConfUtils.java:logGet(46)) - raft.server.rpc.sleep.time = 25ms (default)
2024-02-09 18:34:07,149 [a04b3fda-42d1-4ee5-9233-bf3df18c72ca-groupManagement] INFO  server.RaftServerConfigKeys (ConfUtils.java:logGet(46)) - raft.server.rpc.slowness.timeout = 300000ms (custom)
2024-02-09 18:34:07,149 [a04b3fda-42d1-4ee5-9233-bf3df18c72ca-groupManagement] INFO  server.RaftServerConfigKeys (ConfUtils.java:logGet(46)) - raft.server.leaderelection.leader.step-down.wait-time = 10s (default)
2024-02-09 18:34:07,149 [a04b3fda-42d1-4ee5-9233-bf3df18c72ca-groupManagement] INFO  server.RaftServerConfigKeys (ConfUtils.java:logGet(46)) - raft.server.leaderelection.member.majority-add = false (default)
2024-02-09 18:34:07,149 [a04b3fda-42d1-4ee5-9233-bf3df18c72ca-groupManagement] INFO  server.RaftServerConfigKeys (ConfUtils.java:logGet(46)) - raft.server.sleep.deviation.threshold = 300ms (default)
2024-02-09 18:34:07,149 [a04b3fda-42d1-4ee5-9233-bf3df18c72ca-groupManagement] INFO  server.RaftServer$Division (ServerState.java:<init>(113)) - a04b3fda-42d1-4ee5-9233-bf3df18c72ca@group-149DDCC1E2E7: ConfigurationManager, init=-1: peers:[a04b3fda-42d1-4ee5-9233-bf3df18c72ca|10.1.0.43:15175]|listeners:[], old=null, confs=<EMPTY_MAP>
2024-02-09 18:34:07,149 [a04b3fda-42d1-4ee5-9233-bf3df18c72ca-groupManagement] INFO  server.RaftServerConfigKeys (ConfUtils.java:logGet(46)) - raft.server.notification.no-leader.timeout = 300000ms (custom)
2024-02-09 18:34:07,149 [a04b3fda-42d1-4ee5-9233-bf3df18c72ca-groupManagement] INFO  server.RaftServerConfigKeys (ConfUtils.java:logGet(46)) - raft.server.read.timeout = 10s (default)
2024-02-09 18:34:07,149 [a04b3fda-42d1-4ee5-9233-bf3df18c72ca-groupManagement] INFO  server.RaftServerConfigKeys (ConfUtils.java:logGet(46)) - raft.server.retrycache.expirytime = 600000ms (custom)
2024-02-09 18:34:07,149 [a04b3fda-42d1-4ee5-9233-bf3df18c72ca-groupManagement] INFO  server.RaftServerConfigKeys (ConfUtils.java:logGet(46)) - raft.server.retrycache.statistics.expirytime = 100ms (default)
2024-02-09 18:34:07,150 [a04b3fda-42d1-4ee5-9233-bf3df18c72ca-groupManagement] INFO  server.RaftServerConfigKeys (ConfUtils.java:logGet(46)) - raft.server.read.option = DEFAULT (default)
2024-02-09 18:34:07,150 [a04b3fda-42d1-4ee5-9233-bf3df18c72ca-groupManagement] INFO  server.RaftServerConfigKeys (ConfUtils.java:logGet(46)) - raft.server.read.read-after-write-consistent.write-index-cache.expiry-time = 60s (default)
2024-02-09 18:34:07,150 [main] INFO  ozone.MiniOzoneClusterImpl (MiniOzoneClusterImpl.java:lambda$waitForClusterToBeReady$0(221)) - Nodes are ready. Got 9 of 9 DN Heartbeats.
2024-02-09 18:34:07,151 [main] INFO  ozone.MiniOzoneClusterImpl (MiniOzoneClusterImpl.java:lambda$waitForClusterToBeReady$0(224)) - Waiting for cluster to exit safe mode
2024-02-09 18:34:07,151 [main] INFO  ozone.MiniOzoneClusterImpl (MiniOzoneClusterImpl.java:lambda$waitForClusterToBeReady$0(226)) - SCM became leader
2024-02-09 18:34:07,151 [a04b3fda-42d1-4ee5-9233-bf3df18c72ca-groupManagement] INFO  server.RaftServerConfigKeys (ConfUtils.java:logGet(46)) - raft.server.rpc.request.timeout = 3000ms (default)
2024-02-09 18:34:07,151 [a04b3fda-42d1-4ee5-9233-bf3df18c72ca-groupManagement] INFO  server.RaftServerConfigKeys (ConfUtils.java:logGet(46)) - raft.server.log.appender.install.snapshot.enabled = false (custom)
2024-02-09 18:34:07,151 [a04b3fda-42d1-4ee5-9233-bf3df18c72ca-groupManagement] INFO  server.RaftServerConfigKeys (ConfUtils.java:logGet(46)) - raft.server.threadpool.server.cached = true (default)
2024-02-09 18:34:07,151 [a04b3fda-42d1-4ee5-9233-bf3df18c72ca-groupManagement] INFO  server.RaftServerConfigKeys (ConfUtils.java:logGet(46)) - raft.server.threadpool.server.size = 0 (default)
2024-02-09 18:34:07,151 [a04b3fda-42d1-4ee5-9233-bf3df18c72ca-groupManagement] INFO  server.RaftServerConfigKeys (ConfUtils.java:logGet(46)) - raft.server.threadpool.client.cached = true (default)
2024-02-09 18:34:07,152 [a04b3fda-42d1-4ee5-9233-bf3df18c72ca-groupManagement] INFO  server.RaftServerConfigKeys (ConfUtils.java:logGet(46)) - raft.server.threadpool.client.size = 0 (default)
2024-02-09 18:34:07,152 [a04b3fda-42d1-4ee5-9233-bf3df18c72ca-groupManagement] INFO  server.RaftServerConfigKeys (ConfUtils.java:logGet(46)) - raft.server.storage.free-space.min = 0MB (=0) (default)
2024-02-09 18:34:07,152 [a04b3fda-42d1-4ee5-9233-bf3df18c72ca-groupManagement] INFO  server.RaftServerConfigKeys (ConfUtils.java:logGet(46)) - raft.server.log.corruption.policy = EXCEPTION (default)
2024-02-09 18:34:07,152 [a04b3fda-42d1-4ee5-9233-bf3df18c72ca-groupManagement] INFO  server.RaftServerConfigKeys (ConfUtils.java:logGet(46)) - raft.server.storage.dir = [/home/runner/work/ozone/ozone/hadoop-ozone/integration-test/target/test-dir/MiniOzoneClusterImpl-2e7e0147-493e-4f7b-8772-843c2731e345/datanode-8/data/ratis] (custom)
2024-02-09 18:34:07,152 [a04b3fda-42d1-4ee5-9233-bf3df18c72ca-groupManagement] INFO  storage.RaftStorageDirectory (RaftStorageDirectoryImpl.java:analyzeStorage(138)) - The storage directory /home/runner/work/ozone/ozone/hadoop-ozone/integration-test/target/test-dir/MiniOzoneClusterImpl-2e7e0147-493e-4f7b-8772-843c2731e345/datanode-8/data/ratis/19257f46-b855-485d-9bf7-149ddcc1e2e7 does not exist. Creating ...
2024-02-09 18:34:07,153 [a04b3fda-42d1-4ee5-9233-bf3df18c72ca-groupManagement] INFO  storage.RaftStorageDirectory (RaftStorageDirectoryImpl.java:tryLock(228)) - Lock on /home/runner/work/ozone/ozone/hadoop-ozone/integration-test/target/test-dir/MiniOzoneClusterImpl-2e7e0147-493e-4f7b-8772-843c2731e345/datanode-8/data/ratis/19257f46-b855-485d-9bf7-149ddcc1e2e7/in_use.lock acquired by nodename 37674@fv-az1241-572
2024-02-09 18:34:07,154 [a04b3fda-42d1-4ee5-9233-bf3df18c72ca-groupManagement] INFO  storage.RaftStorage (RaftStorageImpl.java:format(99)) - Storage directory /home/runner/work/ozone/ozone/hadoop-ozone/integration-test/target/test-dir/MiniOzoneClusterImpl-2e7e0147-493e-4f7b-8772-843c2731e345/datanode-8/data/ratis/19257f46-b855-485d-9bf7-149ddcc1e2e7 has been successfully formatted.
2024-02-09 18:34:07,154 [a04b3fda-42d1-4ee5-9233-bf3df18c72ca-groupManagement] WARN  util.FileUtils (LogUtils.java:supplyAndLog(63)) - Failed to Files.newInputStream /home/runner/work/ozone/ozone/hadoop-ozone/integration-test/target/test-dir/MiniOzoneClusterImpl-2e7e0147-493e-4f7b-8772-843c2731e345/datanode-8/data/ratis/19257f46-b855-485d-9bf7-149ddcc1e2e7/current/raft-meta.conf with options []: java.nio.file.NoSuchFileException: /home/runner/work/ozone/ozone/hadoop-ozone/integration-test/target/test-dir/MiniOzoneClusterImpl-2e7e0147-493e-4f7b-8772-843c2731e345/datanode-8/data/ratis/19257f46-b855-485d-9bf7-149ddcc1e2e7/current/raft-meta.conf
2024-02-09 18:34:07,154 [a04b3fda-42d1-4ee5-9233-bf3df18c72ca-groupManagement] INFO  ratis.ContainerStateMachine (ContainerStateMachine.java:loadSnapshot(287)) - group-149DDCC1E2E7: The snapshot info is null. Setting the last applied index to:(t:0, i:~)
2024-02-09 18:34:07,154 [a04b3fda-42d1-4ee5-9233-bf3df18c72ca-groupManagement] INFO  server.RaftServerConfigKeys (ConfUtils.java:logGet(46)) - raft.server.log.use.memory = false (default)
2024-02-09 18:34:07,154 [a04b3fda-42d1-4ee5-9233-bf3df18c72ca-groupManagement] INFO  server.RaftServerConfigKeys (ConfUtils.java:logGet(46)) - raft.server.log.purge.gap = 1000000 (custom)
2024-02-09 18:34:07,154 [a04b3fda-42d1-4ee5-9233-bf3df18c72ca-groupManagement] INFO  server.RaftServerConfigKeys (ConfUtils.java:logGet(46)) - raft.server.log.appender.buffer.byte-limit = 8388608 (custom)
2024-02-09 18:34:07,154 [a04b3fda-42d1-4ee5-9233-bf3df18c72ca-groupManagement] INFO  server.RaftServerConfigKeys (ConfUtils.java:logGet(46)) - raft.server.log.statemachine.data.read.timeout = 1000ms (default)
2024-02-09 18:34:07,155 [a04b3fda-42d1-4ee5-9233-bf3df18c72ca-groupManagement] INFO  server.RaftServerConfigKeys (ConfUtils.java:logGet(46)) - raft.server.log.purge.preservation.log.num = 0 (default)
2024-02-09 18:34:07,156 [EventQueue-PipelineReportForPipelineReportHandler] INFO  pipeline.PipelineReportHandler (PipelineReportHandler.java:processPipelineReport(136)) - Opened pipeline PipelineID=19257f46-b855-485d-9bf7-149ddcc1e2e7
2024-02-09 18:34:07,156 [EventQueue-OpenPipelineForHealthyPipelineSafeModeRule] INFO  safemode.SCMSafeModeManager (HealthyPipelineSafeModeRule.java:process(140)) - SCM in safe mode. Healthy pipelines reported count is 0, required healthy pipeline reported count is 1
2024-02-09 18:34:07,156 [a04b3fda-42d1-4ee5-9233-bf3df18c72ca-groupManagement] INFO  server.RaftServerConfigKeys (ConfUtils.java:logGet(46)) - raft.server.log.segment.size.max = 67108864 (custom)
2024-02-09 18:34:07,157 [a04b3fda-42d1-4ee5-9233-bf3df18c72ca-groupManagement] INFO  server.RaftServerConfigKeys (ConfUtils.java:logGet(46)) - raft.server.log.segment.cache.num.max = 2 (custom)
2024-02-09 18:34:07,157 [a04b3fda-42d1-4ee5-9233-bf3df18c72ca-groupManagement] INFO  server.RaftServerConfigKeys (ConfUtils.java:logGet(46)) - raft.server.log.segment.cache.size.max = 200MB (=209715200) (default)
2024-02-09 18:34:07,157 [a04b3fda-42d1-4ee5-9233-bf3df18c72ca-groupManagement] INFO  server.RaftServerConfigKeys (ConfUtils.java:logGet(46)) - raft.server.log.appender.buffer.byte-limit = 8388608 (custom)
2024-02-09 18:34:07,157 [a04b3fda-42d1-4ee5-9233-bf3df18c72ca-groupManagement] INFO  util.AwaitToRun (AwaitToRun.java:start(81)) - Thread[a04b3fda-42d1-4ee5-9233-bf3df18c72ca@group-149DDCC1E2E7-cacheEviction-AwaitToRun,5,main] started
2024-02-09 18:34:07,157 [a04b3fda-42d1-4ee5-9233-bf3df18c72ca-groupManagement] INFO  segmented.SegmentedRaftLogWorker (SegmentedRaftLogWorker.java:<init>(182)) - new a04b3fda-42d1-4ee5-9233-bf3df18c72ca@group-149DDCC1E2E7-SegmentedRaftLogWorker for RaftStorageImpl:Storage Directory /home/runner/work/ozone/ozone/hadoop-ozone/integration-test/target/test-dir/MiniOzoneClusterImpl-2e7e0147-493e-4f7b-8772-843c2731e345/datanode-8/data/ratis/19257f46-b855-485d-9bf7-149ddcc1e2e7
2024-02-09 18:34:07,157 [a04b3fda-42d1-4ee5-9233-bf3df18c72ca-groupManagement] INFO  server.RaftServerConfigKeys (ConfUtils.java:logGet(46)) - raft.server.log.queue.byte-limit = 4294967296 (custom)
2024-02-09 18:34:07,157 [a04b3fda-42d1-4ee5-9233-bf3df18c72ca-groupManagement] INFO  server.RaftServerConfigKeys (ConfUtils.java:logGet(46)) - raft.server.log.queue.element-limit = 1024 (custom)
2024-02-09 18:34:07,157 [a04b3fda-42d1-4ee5-9233-bf3df18c72ca-groupManagement] INFO  server.RaftServerConfigKeys (ConfUtils.java:logGet(46)) - raft.server.log.segment.size.max = 67108864 (custom)
2024-02-09 18:34:07,157 [a04b3fda-42d1-4ee5-9233-bf3df18c72ca-groupManagement] INFO  server.RaftServerConfigKeys (ConfUtils.java:logGet(46)) - raft.server.log.preallocated.size = 4194304 (custom)
2024-02-09 18:34:07,157 [a04b3fda-42d1-4ee5-9233-bf3df18c72ca-groupManagement] INFO  server.RaftServerConfigKeys (ConfUtils.java:logGet(46)) - raft.server.log.force.sync.num = 128 (default)
2024-02-09 18:34:07,157 [a04b3fda-42d1-4ee5-9233-bf3df18c72ca-groupManagement] INFO  server.RaftServerConfigKeys (ConfUtils.java:logGet(46)) - raft.server.log.statemachine.data.sync = true (default)
2024-02-09 18:34:07,157 [a04b3fda-42d1-4ee5-9233-bf3df18c72ca-groupManagement] INFO  server.RaftServerConfigKeys (ConfUtils.java:logGet(46)) - raft.server.log.statemachine.data.sync.timeout = 10s (default)
2024-02-09 18:34:07,158 [a04b3fda-42d1-4ee5-9233-bf3df18c72ca-groupManagement] INFO  server.RaftServerConfigKeys (ConfUtils.java:logGet(46)) - raft.server.log.statemachine.data.sync.timeout.retry = 0 (custom)
2024-02-09 18:34:07,158 [a04b3fda-42d1-4ee5-9233-bf3df18c72ca-groupManagement] INFO  server.RaftServerConfigKeys (ConfUtils.java:logGet(46)) - raft.server.log.write.buffer.size = 8388616 (custom)
2024-02-09 18:34:07,159 [a04b3fda-42d1-4ee5-9233-bf3df18c72ca-groupManagement] INFO  server.RaftServerConfigKeys (ConfUtils.java:logGet(46)) - raft.server.log.appender.buffer.byte-limit = 8388608 (custom)
2024-02-09 18:34:07,159 [a04b3fda-42d1-4ee5-9233-bf3df18c72ca-groupManagement] INFO  server.RaftServerConfigKeys (ConfUtils.java:logGet(46)) - raft.server.log.unsafe-flush.enabled = false (default)
2024-02-09 18:34:07,159 [a04b3fda-42d1-4ee5-9233-bf3df18c72ca-groupManagement] INFO  server.RaftServerConfigKeys (ConfUtils.java:logGet(46)) - raft.server.log.async-flush.enabled = false (default)
2024-02-09 18:34:07,159 [a04b3fda-42d1-4ee5-9233-bf3df18c72ca-groupManagement] INFO  server.RaftServerConfigKeys (ConfUtils.java:logGet(46)) - raft.server.log.statemachine.data.caching.enabled = true (custom)
2024-02-09 18:34:07,159 [a04b3fda-42d1-4ee5-9233-bf3df18c72ca-groupManagement] INFO  segmented.SegmentedRaftLogWorker (SegmentedRaftLogWorker.java:lambda$new$0(134)) - a04b3fda-42d1-4ee5-9233-bf3df18c72ca@group-149DDCC1E2E7-SegmentedRaftLogWorker: flushIndex: setUnconditionally 0 -> -1
2024-02-09 18:34:07,159 [a04b3fda-42d1-4ee5-9233-bf3df18c72ca-groupManagement] INFO  segmented.SegmentedRaftLogWorker (SegmentedRaftLogWorker.java:lambda$new$0(134)) - a04b3fda-42d1-4ee5-9233-bf3df18c72ca@group-149DDCC1E2E7-SegmentedRaftLogWorker: safeCacheEvictIndex: setUnconditionally 0 -> -1
2024-02-09 18:34:07,160 [a04b3fda-42d1-4ee5-9233-bf3df18c72ca-groupManagement] INFO  server.RaftServer$Division (RaftServerImpl.java:start(396)) - a04b3fda-42d1-4ee5-9233-bf3df18c72ca@group-149DDCC1E2E7: start as a follower, conf=-1: peers:[a04b3fda-42d1-4ee5-9233-bf3df18c72ca|10.1.0.43:15175]|listeners:[], old=null
2024-02-09 18:34:07,160 [a04b3fda-42d1-4ee5-9233-bf3df18c72ca-groupManagement] INFO  server.RaftServer$Division (RaftServerImpl.java:setRole(383)) - a04b3fda-42d1-4ee5-9233-bf3df18c72ca@group-149DDCC1E2E7: changes role from      null to FOLLOWER at term 0 for startAsFollower
2024-02-09 18:34:07,160 [a04b3fda-42d1-4ee5-9233-bf3df18c72ca-groupManagement] INFO  impl.RoleInfo (RoleInfo.java:updateAndGet(139)) - a04b3fda-42d1-4ee5-9233-bf3df18c72ca: start a04b3fda-42d1-4ee5-9233-bf3df18c72ca@group-149DDCC1E2E7-FollowerState
2024-02-09 18:34:07,160 [a04b3fda-42d1-4ee5-9233-bf3df18c72ca@group-149DDCC1E2E7-FollowerState] INFO  server.RaftServerConfigKeys (ConfUtils.java:logFallback(53)) - raft.server.rpc.first-election.timeout.min = 5s (fallback to raft.server.rpc.timeout.min)
2024-02-09 18:34:07,160 [a04b3fda-42d1-4ee5-9233-bf3df18c72ca-groupManagement] INFO  util.JmxRegister (JmxRegister.java:tryRegister(44)) - Successfully registered JMX Bean with object name Ratis:service=RaftServer,group=group-149DDCC1E2E7,id=a04b3fda-42d1-4ee5-9233-bf3df18c72ca
2024-02-09 18:34:07,160 [a04b3fda-42d1-4ee5-9233-bf3df18c72ca-groupManagement] INFO  server.RaftServerConfigKeys (ConfUtils.java:logGet(46)) - raft.server.snapshot.trigger-when-stop.enabled = true (default)
2024-02-09 18:34:07,160 [a04b3fda-42d1-4ee5-9233-bf3df18c72ca@group-149DDCC1E2E7-FollowerState] INFO  server.RaftServerConfigKeys (ConfUtils.java:logFallback(53)) - raft.server.rpc.first-election.timeout.max = 5200ms (fallback to raft.server.rpc.timeout.max)
2024-02-09 18:34:07,160 [a04b3fda-42d1-4ee5-9233-bf3df18c72ca-groupManagement] INFO  server.RaftServerConfigKeys (ConfUtils.java:logGet(46)) - raft.server.snapshot.auto.trigger.enabled = true (custom)
2024-02-09 18:34:07,160 [a04b3fda-42d1-4ee5-9233-bf3df18c72ca-groupManagement] INFO  server.RaftServerConfigKeys (ConfUtils.java:logGet(46)) - raft.server.snapshot.auto.trigger.threshold = 10000 (custom)
2024-02-09 18:34:07,160 [a04b3fda-42d1-4ee5-9233-bf3df18c72ca-groupManagement] INFO  server.RaftServerConfigKeys (ConfUtils.java:logGet(46)) - raft.server.snapshot.retention.file.num = 5 (custom)
2024-02-09 18:34:07,160 [a04b3fda-42d1-4ee5-9233-bf3df18c72ca-groupManagement] INFO  server.RaftServerConfigKeys (ConfUtils.java:logGet(46)) - raft.server.log.purge.upto.snapshot.index = false (default)
2024-02-09 18:34:07,161 [a04b3fda-42d1-4ee5-9233-bf3df18c72ca-PipelineCommandHandlerThread-0] INFO  ratis.XceiverServerRatis (XceiverServerRatis.java:addGroup(864)) - Created group PipelineID=19257f46-b855-485d-9bf7-149ddcc1e2e7
2024-02-09 18:34:07,161 [a04b3fda-42d1-4ee5-9233-bf3df18c72ca-PipelineCommandHandlerThread-0] INFO  commandhandler.CreatePipelineCommandHandler (CreatePipelineCommandHandler.java:lambda$handle$2(124)) - Created Pipeline RATIS ONE PipelineID=19257f46-b855-485d-9bf7-149ddcc1e2e7.
2024-02-09 18:34:08,151 [main] INFO  ozone.MiniOzoneClusterImpl (MiniOzoneClusterImpl.java:lambda$waitForClusterToBeReady$0(221)) - Nodes are ready. Got 9 of 9 DN Heartbeats.
2024-02-09 18:34:08,151 [main] INFO  ozone.MiniOzoneClusterImpl (MiniOzoneClusterImpl.java:lambda$waitForClusterToBeReady$0(224)) - Waiting for cluster to exit safe mode
2024-02-09 18:34:08,151 [main] INFO  ozone.MiniOzoneClusterImpl (MiniOzoneClusterImpl.java:lambda$waitForClusterToBeReady$0(226)) - SCM became leader
2024-02-09 18:34:09,152 [main] INFO  ozone.MiniOzoneClusterImpl (MiniOzoneClusterImpl.java:lambda$waitForClusterToBeReady$0(221)) - Nodes are ready. Got 9 of 9 DN Heartbeats.
2024-02-09 18:34:09,152 [main] INFO  ozone.MiniOzoneClusterImpl (MiniOzoneClusterImpl.java:lambda$waitForClusterToBeReady$0(224)) - Waiting for cluster to exit safe mode
2024-02-09 18:34:09,152 [main] INFO  ozone.MiniOzoneClusterImpl (MiniOzoneClusterImpl.java:lambda$waitForClusterToBeReady$0(226)) - SCM became leader
2024-02-09 18:34:10,152 [main] INFO  ozone.MiniOzoneClusterImpl (MiniOzoneClusterImpl.java:lambda$waitForClusterToBeReady$0(221)) - Nodes are ready. Got 9 of 9 DN Heartbeats.
2024-02-09 18:34:10,152 [main] INFO  ozone.MiniOzoneClusterImpl (MiniOzoneClusterImpl.java:lambda$waitForClusterToBeReady$0(224)) - Waiting for cluster to exit safe mode
2024-02-09 18:34:10,152 [main] INFO  ozone.MiniOzoneClusterImpl (MiniOzoneClusterImpl.java:lambda$waitForClusterToBeReady$0(226)) - SCM became leader
2024-02-09 18:34:11,153 [main] INFO  ozone.MiniOzoneClusterImpl (MiniOzoneClusterImpl.java:lambda$waitForClusterToBeReady$0(221)) - Nodes are ready. Got 9 of 9 DN Heartbeats.
2024-02-09 18:34:11,153 [main] INFO  ozone.MiniOzoneClusterImpl (MiniOzoneClusterImpl.java:lambda$waitForClusterToBeReady$0(224)) - Waiting for cluster to exit safe mode
2024-02-09 18:34:11,153 [main] INFO  ozone.MiniOzoneClusterImpl (MiniOzoneClusterImpl.java:lambda$waitForClusterToBeReady$0(226)) - SCM became leader
2024-02-09 18:34:11,381 [5d91c0b9-cefc-489a-be2c-ee3cd3dcc3a0@group-ED1FEFC56E0B-FollowerState] INFO  impl.FollowerState (FollowerState.java:run(143)) - 5d91c0b9-cefc-489a-be2c-ee3cd3dcc3a0@group-ED1FEFC56E0B-FollowerState: change to CANDIDATE, lastRpcElapsedTime:5057833121ns, electionTimeout:5057ms
2024-02-09 18:34:11,381 [5d91c0b9-cefc-489a-be2c-ee3cd3dcc3a0@group-ED1FEFC56E0B-FollowerState] INFO  impl.RoleInfo (RoleInfo.java:shutdownFollowerState(110)) - 5d91c0b9-cefc-489a-be2c-ee3cd3dcc3a0: shutdown 5d91c0b9-cefc-489a-be2c-ee3cd3dcc3a0@group-ED1FEFC56E0B-FollowerState
2024-02-09 18:34:11,381 [5d91c0b9-cefc-489a-be2c-ee3cd3dcc3a0@group-ED1FEFC56E0B-FollowerState] INFO  server.RaftServer$Division (RaftServerImpl.java:setRole(383)) - 5d91c0b9-cefc-489a-be2c-ee3cd3dcc3a0@group-ED1FEFC56E0B: changes role from  FOLLOWER to CANDIDATE at term 0 for changeToCandidate
2024-02-09 18:34:11,381 [5d91c0b9-cefc-489a-be2c-ee3cd3dcc3a0@group-ED1FEFC56E0B-FollowerState] INFO  server.RaftServerConfigKeys (ConfUtils.java:logGet(46)) - raft.server.leaderelection.pre-vote = true (default)
2024-02-09 18:34:11,381 [5d91c0b9-cefc-489a-be2c-ee3cd3dcc3a0@group-ED1FEFC56E0B-FollowerState] INFO  impl.RoleInfo (RoleInfo.java:updateAndGet(139)) - 5d91c0b9-cefc-489a-be2c-ee3cd3dcc3a0: start 5d91c0b9-cefc-489a-be2c-ee3cd3dcc3a0@group-ED1FEFC56E0B-LeaderElection20
2024-02-09 18:34:11,383 [5d91c0b9-cefc-489a-be2c-ee3cd3dcc3a0@group-ED1FEFC56E0B-LeaderElection20] INFO  impl.LeaderElection (LeaderElection.java:askForVotes(321)) - 5d91c0b9-cefc-489a-be2c-ee3cd3dcc3a0@group-ED1FEFC56E0B-LeaderElection20 PRE_VOTE round 0: submit vote requests at term 0 for -1: peers:[5d91c0b9-cefc-489a-be2c-ee3cd3dcc3a0|10.1.0.43:15103]|listeners:[], old=null
2024-02-09 18:34:11,383 [5d91c0b9-cefc-489a-be2c-ee3cd3dcc3a0@group-ED1FEFC56E0B-LeaderElection20] INFO  impl.LeaderElection (LeaderElection.java:askForVotes(323)) - 5d91c0b9-cefc-489a-be2c-ee3cd3dcc3a0@group-ED1FEFC56E0B-LeaderElection20 PRE_VOTE round 0: result PASSED (term=0)
2024-02-09 18:34:11,384 [5d91c0b9-cefc-489a-be2c-ee3cd3dcc3a0@group-ED1FEFC56E0B-LeaderElection20] INFO  impl.LeaderElection (LeaderElection.java:askForVotes(321)) - 5d91c0b9-cefc-489a-be2c-ee3cd3dcc3a0@group-ED1FEFC56E0B-LeaderElection20 ELECTION round 0: submit vote requests at term 1 for -1: peers:[5d91c0b9-cefc-489a-be2c-ee3cd3dcc3a0|10.1.0.43:15103]|listeners:[], old=null
2024-02-09 18:34:11,384 [5d91c0b9-cefc-489a-be2c-ee3cd3dcc3a0@group-ED1FEFC56E0B-LeaderElection20] INFO  impl.LeaderElection (LeaderElection.java:askForVotes(323)) - 5d91c0b9-cefc-489a-be2c-ee3cd3dcc3a0@group-ED1FEFC56E0B-LeaderElection20 ELECTION round 0: result PASSED (term=1)
2024-02-09 18:34:11,384 [5d91c0b9-cefc-489a-be2c-ee3cd3dcc3a0@group-ED1FEFC56E0B-LeaderElection20] INFO  impl.RoleInfo (RoleInfo.java:shutdownLeaderElection(130)) - 5d91c0b9-cefc-489a-be2c-ee3cd3dcc3a0: shutdown 5d91c0b9-cefc-489a-be2c-ee3cd3dcc3a0@group-ED1FEFC56E0B-LeaderElection20
2024-02-09 18:34:11,384 [5d91c0b9-cefc-489a-be2c-ee3cd3dcc3a0@group-ED1FEFC56E0B-LeaderElection20] INFO  server.RaftServer$Division (RaftServerImpl.java:setRole(383)) - 5d91c0b9-cefc-489a-be2c-ee3cd3dcc3a0@group-ED1FEFC56E0B: changes role from CANDIDATE to LEADER at term 1 for changeToLeader
2024-02-09 18:34:11,384 [5d91c0b9-cefc-489a-be2c-ee3cd3dcc3a0@group-ED1FEFC56E0B-LeaderElection20] INFO  server.RaftServerConfigKeys (ConfUtils.java:logGet(46)) - raft.server.staging.catchup.gap = 1000 (default)
2024-02-09 18:34:11,385 [5d91c0b9-cefc-489a-be2c-ee3cd3dcc3a0@group-ED1FEFC56E0B-LeaderElection20] INFO  server.RaftServerConfigKeys (ConfUtils.java:logGet(46)) - raft.server.write.element-limit = 1024 (custom)
2024-02-09 18:34:11,385 [5d91c0b9-cefc-489a-be2c-ee3cd3dcc3a0@group-ED1FEFC56E0B-LeaderElection20] INFO  server.RaftServerConfigKeys (ConfUtils.java:logGet(46)) - raft.server.write.byte-limit = 1024 M (=1073741824) (custom)
2024-02-09 18:34:11,385 [5d91c0b9-cefc-489a-be2c-ee3cd3dcc3a0@group-ED1FEFC56E0B-LeaderElection20] INFO  server.RaftServerConfigKeys (ConfUtils.java:logGet(46)) - raft.server.watch.timeout = 3000ms (custom)
2024-02-09 18:34:11,385 [5d91c0b9-cefc-489a-be2c-ee3cd3dcc3a0@group-ED1FEFC56E0B-LeaderElection20] INFO  server.RaftServerConfigKeys (ConfUtils.java:logGet(46)) - raft.server.watch.timeout.denomination = 1s (default)
2024-02-09 18:34:11,385 [5d91c0b9-cefc-489a-be2c-ee3cd3dcc3a0@group-ED1FEFC56E0B-LeaderElection20] INFO  server.RaftServerConfigKeys (ConfUtils.java:logGet(46)) - raft.server.watch.element-limit = 65536 (default)
2024-02-09 18:34:11,385 [5d91c0b9-cefc-489a-be2c-ee3cd3dcc3a0@group-ED1FEFC56E0B-LeaderElection20] INFO  server.RaftServerConfigKeys (ConfUtils.java:logGet(46)) - raft.server.read.leader.lease.enabled = false (default)
2024-02-09 18:34:11,385 [5d91c0b9-cefc-489a-be2c-ee3cd3dcc3a0@group-ED1FEFC56E0B-LeaderElection20] INFO  server.RaftServerConfigKeys (ConfUtils.java:logGet(46)) - raft.server.read.leader.lease.timeout.ratio = 0.9 (default)
2024-02-09 18:34:11,385 [5d91c0b9-cefc-489a-be2c-ee3cd3dcc3a0@group-ED1FEFC56E0B-LeaderElection20] INFO  server.RaftServerConfigKeys (ConfUtils.java:logGet(46)) - raft.server.rpc.timeout.min = 5s (custom)
2024-02-09 18:34:11,385 [5d91c0b9-cefc-489a-be2c-ee3cd3dcc3a0@group-ED1FEFC56E0B-LeaderElection20] INFO  server.RaftServerConfigKeys (ConfUtils.java:logGet(46)) - raft.server.write.element-limit = 1024 (custom)
2024-02-09 18:34:11,385 [5d91c0b9-cefc-489a-be2c-ee3cd3dcc3a0@group-ED1FEFC56E0B-LeaderElection20] INFO  server.RaftServerConfigKeys (ConfUtils.java:logGet(46)) - raft.server.write.follower.gap.ratio.max = -1.0 (default)
2024-02-09 18:34:11,386 [5d91c0b9-cefc-489a-be2c-ee3cd3dcc3a0@group-ED1FEFC56E0B-LeaderElection20] INFO  impl.RoleInfo (RoleInfo.java:updateAndGet(139)) - 5d91c0b9-cefc-489a-be2c-ee3cd3dcc3a0: start 5d91c0b9-cefc-489a-be2c-ee3cd3dcc3a0@group-ED1FEFC56E0B-LeaderStateImpl
2024-02-09 18:34:11,386 [5d91c0b9-cefc-489a-be2c-ee3cd3dcc3a0@group-ED1FEFC56E0B-LeaderElection20] INFO  server.RaftServer$Division (RaftServerImpl.java:setFirstElection(574)) - 5d91c0b9-cefc-489a-be2c-ee3cd3dcc3a0@group-ED1FEFC56E0B: set firstElectionSinceStartup to false for becomeLeader
2024-02-09 18:34:11,386 [5d91c0b9-cefc-489a-be2c-ee3cd3dcc3a0@group-ED1FEFC56E0B-LeaderElection20] INFO  ratis.XceiverServerRatis (XceiverServerRatis.java:handleLeaderChangedNotification(966)) - Leader change notification received for group: group-ED1FEFC56E0B with new leaderId: 5d91c0b9-cefc-489a-be2c-ee3cd3dcc3a0
2024-02-09 18:34:11,386 [5d91c0b9-cefc-489a-be2c-ee3cd3dcc3a0@group-ED1FEFC56E0B-LeaderElection20] INFO  server.RaftServer$Division (ServerState.java:setLeader(269)) - 5d91c0b9-cefc-489a-be2c-ee3cd3dcc3a0@group-ED1FEFC56E0B: change Leader from null to 5d91c0b9-cefc-489a-be2c-ee3cd3dcc3a0 at term 1 for becomeLeader, leader elected after 5076ms
2024-02-09 18:34:11,386 [5d91c0b9-cefc-489a-be2c-ee3cd3dcc3a0@group-ED1FEFC56E0B-LeaderElection20] INFO  segmented.SegmentedRaftLogWorker (SegmentedRaftLogWorker.java:startLogSegment(430)) - 5d91c0b9-cefc-489a-be2c-ee3cd3dcc3a0@group-ED1FEFC56E0B-SegmentedRaftLogWorker: Starting segment from index:0
2024-02-09 18:34:11,386 [5d91c0b9-cefc-489a-be2c-ee3cd3dcc3a0@group-ED1FEFC56E0B-SegmentedRaftLogWorker] INFO  segmented.BufferedWriteChannel (BufferedWriteChannel.java:open(62)) - open log_inprogress_0 at position 0
2024-02-09 18:34:11,391 [5d91c0b9-cefc-489a-be2c-ee3cd3dcc3a0@group-ED1FEFC56E0B-LeaderElection20] INFO  server.RaftServer$Division (ServerState.java:setRaftConf(386)) - 5d91c0b9-cefc-489a-be2c-ee3cd3dcc3a0@group-ED1FEFC56E0B: set configuration 0: peers:[5d91c0b9-cefc-489a-be2c-ee3cd3dcc3a0|10.1.0.43:15103]|listeners:[], old=null
2024-02-09 18:34:11,392 [EventQueue-OpenPipelineForHealthyPipelineSafeModeRule] INFO  safemode.SCMSafeModeManager (HealthyPipelineSafeModeRule.java:process(140)) - SCM in safe mode. Healthy pipelines reported count is 0, required healthy pipeline reported count is 1
2024-02-09 18:34:11,394 [5d91c0b9-cefc-489a-be2c-ee3cd3dcc3a0@group-ED1FEFC56E0B-SegmentedRaftLogWorker] INFO  segmented.SegmentedRaftLogWorker (SegmentedRaftLogWorker.java:execute(634)) - 5d91c0b9-cefc-489a-be2c-ee3cd3dcc3a0@group-ED1FEFC56E0B-SegmentedRaftLogWorker: created new log segment /home/runner/work/ozone/ozone/hadoop-ozone/integration-test/target/test-dir/MiniOzoneClusterImpl-2e7e0147-493e-4f7b-8772-843c2731e345/datanode-0/data/ratis/76951b3b-86ba-49ad-bead-ed1fefc56e0b/current/log_inprogress_0
2024-02-09 18:34:11,396 [5d91c0b9-cefc-489a-be2c-ee3cd3dcc3a0@group-ED1FEFC56E0B-StateMachineUpdater] INFO  server.RaftServer$Division (LeaderStateImpl.java:isApplied(320)) - leader is ready since appliedIndex == 0 >= startIndex == 0
2024-02-09 18:34:11,447 [5d91c0b9-cefc-489a-be2c-ee3cd3dcc3a0@group-030502AAF74F-FollowerState] INFO  impl.FollowerState (FollowerState.java:run(143)) - 5d91c0b9-cefc-489a-be2c-ee3cd3dcc3a0@group-030502AAF74F-FollowerState: change to CANDIDATE, lastRpcElapsedTime:5108603913ns, electionTimeout:5099ms
2024-02-09 18:34:11,447 [5d91c0b9-cefc-489a-be2c-ee3cd3dcc3a0@group-030502AAF74F-FollowerState] INFO  impl.RoleInfo (RoleInfo.java:shutdownFollowerState(110)) - 5d91c0b9-cefc-489a-be2c-ee3cd3dcc3a0: shutdown 5d91c0b9-cefc-489a-be2c-ee3cd3dcc3a0@group-030502AAF74F-FollowerState
2024-02-09 18:34:11,447 [5d91c0b9-cefc-489a-be2c-ee3cd3dcc3a0@group-030502AAF74F-FollowerState] INFO  server.RaftServer$Division (RaftServerImpl.java:setRole(383)) - 5d91c0b9-cefc-489a-be2c-ee3cd3dcc3a0@group-030502AAF74F: changes role from  FOLLOWER to CANDIDATE at term 0 for changeToCandidate
2024-02-09 18:34:11,447 [5d91c0b9-cefc-489a-be2c-ee3cd3dcc3a0@group-030502AAF74F-FollowerState] INFO  server.RaftServerConfigKeys (ConfUtils.java:logGet(46)) - raft.server.leaderelection.pre-vote = true (default)
2024-02-09 18:34:11,447 [5d91c0b9-cefc-489a-be2c-ee3cd3dcc3a0@group-030502AAF74F-FollowerState] INFO  impl.RoleInfo (RoleInfo.java:updateAndGet(139)) - 5d91c0b9-cefc-489a-be2c-ee3cd3dcc3a0: start 5d91c0b9-cefc-489a-be2c-ee3cd3dcc3a0@group-030502AAF74F-LeaderElection21
2024-02-09 18:34:11,449 [5d91c0b9-cefc-489a-be2c-ee3cd3dcc3a0@group-030502AAF74F-LeaderElection21] INFO  impl.LeaderElection (LeaderElection.java:askForVotes(321)) - 5d91c0b9-cefc-489a-be2c-ee3cd3dcc3a0@group-030502AAF74F-LeaderElection21 PRE_VOTE round 0: submit vote requests at term 0 for -1: peers:[5d91c0b9-cefc-489a-be2c-ee3cd3dcc3a0|10.1.0.43:15103, 92c5164c-1af2-4faa-850f-17550d8861d5|10.1.0.43:15112, 6ea81ba3-4cc7-4d8f-90c6-66e0677302b1|10.1.0.43:15121]|listeners:[], old=null
2024-02-09 18:34:11,449 [5d91c0b9-cefc-489a-be2c-ee3cd3dcc3a0@group-030502AAF74F-LeaderElection21] INFO  server.RaftServerConfigKeys (ConfUtils.java:logFallback(53)) - raft.server.rpc.first-election.timeout.min = 5s (fallback to raft.server.rpc.timeout.min)
2024-02-09 18:34:11,449 [5d91c0b9-cefc-489a-be2c-ee3cd3dcc3a0@group-030502AAF74F-LeaderElection21-1] INFO  server.GrpcServerProtocolClient (GrpcServerProtocolClient.java:<init>(65)) - Build channel for 92c5164c-1af2-4faa-850f-17550d8861d5|10.1.0.43:15112
2024-02-09 18:34:11,449 [5d91c0b9-cefc-489a-be2c-ee3cd3dcc3a0@group-030502AAF74F-LeaderElection21] INFO  server.RaftServerConfigKeys (ConfUtils.java:logFallback(53)) - raft.server.rpc.first-election.timeout.max = 5200ms (fallback to raft.server.rpc.timeout.max)
2024-02-09 18:34:11,449 [5d91c0b9-cefc-489a-be2c-ee3cd3dcc3a0@group-030502AAF74F-LeaderElection21-2] INFO  server.GrpcServerProtocolClient (GrpcServerProtocolClient.java:<init>(65)) - Build channel for 6ea81ba3-4cc7-4d8f-90c6-66e0677302b1|10.1.0.43:15121
2024-02-09 18:34:11,453 [grpc-default-executor-0] INFO  server.RaftServer$Division (RaftServerImpl.java:requestVote(1389)) - 92c5164c-1af2-4faa-850f-17550d8861d5@group-030502AAF74F: receive requestVote(PRE_VOTE, 5d91c0b9-cefc-489a-be2c-ee3cd3dcc3a0, group-030502AAF74F, 0, (t:0, i:0))
2024-02-09 18:34:11,453 [grpc-default-executor-1] INFO  server.RaftServer$Division (RaftServerImpl.java:requestVote(1389)) - 6ea81ba3-4cc7-4d8f-90c6-66e0677302b1@group-030502AAF74F: receive requestVote(PRE_VOTE, 5d91c0b9-cefc-489a-be2c-ee3cd3dcc3a0, group-030502AAF74F, 0, (t:0, i:0))
2024-02-09 18:34:11,454 [grpc-default-executor-0] INFO  impl.VoteContext (VoteContext.java:log(49)) - 92c5164c-1af2-4faa-850f-17550d8861d5@group-030502AAF74F-FOLLOWER: accept PRE_VOTE from 5d91c0b9-cefc-489a-be2c-ee3cd3dcc3a0: our priority 0 <= candidate's priority 1
2024-02-09 18:34:11,454 [grpc-default-executor-1] INFO  impl.VoteContext (VoteContext.java:log(49)) - 6ea81ba3-4cc7-4d8f-90c6-66e0677302b1@group-030502AAF74F-FOLLOWER: accept PRE_VOTE from 5d91c0b9-cefc-489a-be2c-ee3cd3dcc3a0: our priority 0 <= candidate's priority 1
2024-02-09 18:34:11,454 [grpc-default-executor-0] INFO  server.RaftServer$Division (RaftServerImpl.java:requestVote(1422)) - 92c5164c-1af2-4faa-850f-17550d8861d5@group-030502AAF74F replies to PRE_VOTE vote request: 5d91c0b9-cefc-489a-be2c-ee3cd3dcc3a0<-92c5164c-1af2-4faa-850f-17550d8861d5#0:OK-t0. Peer's state: 92c5164c-1af2-4faa-850f-17550d8861d5@group-030502AAF74F:t0, leader=null, voted=, raftlog=Memoized:92c5164c-1af2-4faa-850f-17550d8861d5@group-030502AAF74F-SegmentedRaftLog:OPENED:c-1, conf=-1: peers:[5d91c0b9-cefc-489a-be2c-ee3cd3dcc3a0|10.1.0.43:15103, 92c5164c-1af2-4faa-850f-17550d8861d5|10.1.0.43:15112, 6ea81ba3-4cc7-4d8f-90c6-66e0677302b1|10.1.0.43:15121]|listeners:[], old=null
2024-02-09 18:34:11,454 [grpc-default-executor-1] INFO  server.RaftServer$Division (RaftServerImpl.java:requestVote(1422)) - 6ea81ba3-4cc7-4d8f-90c6-66e0677302b1@group-030502AAF74F replies to PRE_VOTE vote request: 5d91c0b9-cefc-489a-be2c-ee3cd3dcc3a0<-6ea81ba3-4cc7-4d8f-90c6-66e0677302b1#0:OK-t0. Peer's state: 6ea81ba3-4cc7-4d8f-90c6-66e0677302b1@group-030502AAF74F:t0, leader=null, voted=, raftlog=Memoized:6ea81ba3-4cc7-4d8f-90c6-66e0677302b1@group-030502AAF74F-SegmentedRaftLog:OPENED:c-1, conf=-1: peers:[5d91c0b9-cefc-489a-be2c-ee3cd3dcc3a0|10.1.0.43:15103, 92c5164c-1af2-4faa-850f-17550d8861d5|10.1.0.43:15112, 6ea81ba3-4cc7-4d8f-90c6-66e0677302b1|10.1.0.43:15121]|listeners:[], old=null
2024-02-09 18:34:11,456 [5d91c0b9-cefc-489a-be2c-ee3cd3dcc3a0@group-030502AAF74F-LeaderElection21] INFO  impl.LeaderElection (LeaderElection.java:logAndReturn(89)) - 5d91c0b9-cefc-489a-be2c-ee3cd3dcc3a0@group-030502AAF74F-LeaderElection21: PRE_VOTE PASSED received 1 response(s) and 0 exception(s):
2024-02-09 18:34:11,456 [5d91c0b9-cefc-489a-be2c-ee3cd3dcc3a0@group-030502AAF74F-LeaderElection21] INFO  impl.LeaderElection (LeaderElection.java:logAndReturn(93)) -   Response 0: 5d91c0b9-cefc-489a-be2c-ee3cd3dcc3a0<-92c5164c-1af2-4faa-850f-17550d8861d5#0:OK-t0
2024-02-09 18:34:11,456 [5d91c0b9-cefc-489a-be2c-ee3cd3dcc3a0@group-030502AAF74F-LeaderElection21] INFO  impl.LeaderElection (LeaderElection.java:askForVotes(323)) - 5d91c0b9-cefc-489a-be2c-ee3cd3dcc3a0@group-030502AAF74F-LeaderElection21 PRE_VOTE round 0: result PASSED
2024-02-09 18:34:11,457 [5d91c0b9-cefc-489a-be2c-ee3cd3dcc3a0@group-030502AAF74F-LeaderElection21] INFO  impl.LeaderElection (LeaderElection.java:askForVotes(321)) - 5d91c0b9-cefc-489a-be2c-ee3cd3dcc3a0@group-030502AAF74F-LeaderElection21 ELECTION round 0: submit vote requests at term 1 for -1: peers:[5d91c0b9-cefc-489a-be2c-ee3cd3dcc3a0|10.1.0.43:15103, 92c5164c-1af2-4faa-850f-17550d8861d5|10.1.0.43:15112, 6ea81ba3-4cc7-4d8f-90c6-66e0677302b1|10.1.0.43:15121]|listeners:[], old=null
2024-02-09 18:34:11,458 [5d91c0b9-cefc-489a-be2c-ee3cd3dcc3a0@group-030502AAF74F-LeaderElection21] INFO  server.RaftServerConfigKeys (ConfUtils.java:logFallback(53)) - raft.server.rpc.first-election.timeout.min = 5s (fallback to raft.server.rpc.timeout.min)
2024-02-09 18:34:11,458 [5d91c0b9-cefc-489a-be2c-ee3cd3dcc3a0@group-030502AAF74F-LeaderElection21] INFO  server.RaftServerConfigKeys (ConfUtils.java:logFallback(53)) - raft.server.rpc.first-election.timeout.max = 5200ms (fallback to raft.server.rpc.timeout.max)
2024-02-09 18:34:11,458 [grpc-default-executor-1] INFO  server.RaftServer$Division (RaftServerImpl.java:requestVote(1389)) - 92c5164c-1af2-4faa-850f-17550d8861d5@group-030502AAF74F: receive requestVote(ELECTION, 5d91c0b9-cefc-489a-be2c-ee3cd3dcc3a0, group-030502AAF74F, 1, (t:0, i:0))
2024-02-09 18:34:11,459 [grpc-default-executor-1] INFO  impl.VoteContext (VoteContext.java:log(49)) - 92c5164c-1af2-4faa-850f-17550d8861d5@group-030502AAF74F-FOLLOWER: accept ELECTION from 5d91c0b9-cefc-489a-be2c-ee3cd3dcc3a0: our priority 0 <= candidate's priority 1
2024-02-09 18:34:11,459 [grpc-default-executor-1] INFO  server.RaftServer$Division (RaftServerImpl.java:setRole(383)) - 92c5164c-1af2-4faa-850f-17550d8861d5@group-030502AAF74F: changes role from  FOLLOWER to FOLLOWER at term 1 for candidate:5d91c0b9-cefc-489a-be2c-ee3cd3dcc3a0
2024-02-09 18:34:11,459 [grpc-default-executor-1] INFO  impl.RoleInfo (RoleInfo.java:shutdownFollowerState(110)) - 92c5164c-1af2-4faa-850f-17550d8861d5: shutdown 92c5164c-1af2-4faa-850f-17550d8861d5@group-030502AAF74F-FollowerState
2024-02-09 18:34:11,459 [grpc-default-executor-0] INFO  server.RaftServer$Division (RaftServerImpl.java:requestVote(1389)) - 6ea81ba3-4cc7-4d8f-90c6-66e0677302b1@group-030502AAF74F: receive requestVote(ELECTION, 5d91c0b9-cefc-489a-be2c-ee3cd3dcc3a0, group-030502AAF74F, 1, (t:0, i:0))
2024-02-09 18:34:11,459 [92c5164c-1af2-4faa-850f-17550d8861d5@group-030502AAF74F-FollowerState] INFO  impl.FollowerState (FollowerState.java:run(152)) - 92c5164c-1af2-4faa-850f-17550d8861d5@group-030502AAF74F-FollowerState was interrupted
2024-02-09 18:34:11,459 [grpc-default-executor-1] INFO  impl.RoleInfo (RoleInfo.java:updateAndGet(139)) - 92c5164c-1af2-4faa-850f-17550d8861d5: start 92c5164c-1af2-4faa-850f-17550d8861d5@group-030502AAF74F-FollowerState
2024-02-09 18:34:11,460 [grpc-default-executor-0] INFO  impl.VoteContext (VoteContext.java:log(49)) - 6ea81ba3-4cc7-4d8f-90c6-66e0677302b1@group-030502AAF74F-FOLLOWER: accept ELECTION from 5d91c0b9-cefc-489a-be2c-ee3cd3dcc3a0: our priority 0 <= candidate's priority 1
2024-02-09 18:34:11,461 [grpc-default-executor-0] INFO  server.RaftServer$Division (RaftServerImpl.java:setRole(383)) - 6ea81ba3-4cc7-4d8f-90c6-66e0677302b1@group-030502AAF74F: changes role from  FOLLOWER to FOLLOWER at term 1 for candidate:5d91c0b9-cefc-489a-be2c-ee3cd3dcc3a0
2024-02-09 18:34:11,461 [grpc-default-executor-0] INFO  impl.RoleInfo (RoleInfo.java:shutdownFollowerState(110)) - 6ea81ba3-4cc7-4d8f-90c6-66e0677302b1: shutdown 6ea81ba3-4cc7-4d8f-90c6-66e0677302b1@group-030502AAF74F-FollowerState
2024-02-09 18:34:11,461 [grpc-default-executor-0] INFO  impl.RoleInfo (RoleInfo.java:updateAndGet(139)) - 6ea81ba3-4cc7-4d8f-90c6-66e0677302b1: start 6ea81ba3-4cc7-4d8f-90c6-66e0677302b1@group-030502AAF74F-FollowerState
2024-02-09 18:34:11,461 [grpc-default-executor-1] INFO  server.RaftServer$Division (RaftServerImpl.java:setFirstElection(574)) - 92c5164c-1af2-4faa-850f-17550d8861d5@group-030502AAF74F: set firstElectionSinceStartup to false for candidate:5d91c0b9-cefc-489a-be2c-ee3cd3dcc3a0
2024-02-09 18:34:11,461 [6ea81ba3-4cc7-4d8f-90c6-66e0677302b1@group-030502AAF74F-FollowerState] INFO  impl.FollowerState (FollowerState.java:run(152)) - 6ea81ba3-4cc7-4d8f-90c6-66e0677302b1@group-030502AAF74F-FollowerState was interrupted
2024-02-09 18:34:11,461 [grpc-default-executor-0] INFO  server.RaftServer$Division (RaftServerImpl.java:setFirstElection(574)) - 6ea81ba3-4cc7-4d8f-90c6-66e0677302b1@group-030502AAF74F: set firstElectionSinceStartup to false for candidate:5d91c0b9-cefc-489a-be2c-ee3cd3dcc3a0
2024-02-09 18:34:11,462 [grpc-default-executor-1] INFO  server.RaftServer$Division (RaftServerImpl.java:requestVote(1422)) - 92c5164c-1af2-4faa-850f-17550d8861d5@group-030502AAF74F replies to ELECTION vote request: 5d91c0b9-cefc-489a-be2c-ee3cd3dcc3a0<-92c5164c-1af2-4faa-850f-17550d8861d5#0:OK-t1. Peer's state: 92c5164c-1af2-4faa-850f-17550d8861d5@group-030502AAF74F:t1, leader=null, voted=5d91c0b9-cefc-489a-be2c-ee3cd3dcc3a0, raftlog=Memoized:92c5164c-1af2-4faa-850f-17550d8861d5@group-030502AAF74F-SegmentedRaftLog:OPENED:c-1, conf=-1: peers:[5d91c0b9-cefc-489a-be2c-ee3cd3dcc3a0|10.1.0.43:15103, 92c5164c-1af2-4faa-850f-17550d8861d5|10.1.0.43:15112, 6ea81ba3-4cc7-4d8f-90c6-66e0677302b1|10.1.0.43:15121]|listeners:[], old=null
2024-02-09 18:34:11,463 [5d91c0b9-cefc-489a-be2c-ee3cd3dcc3a0@group-030502AAF74F-LeaderElection21] INFO  impl.LeaderElection (LeaderElection.java:logAndReturn(89)) - 5d91c0b9-cefc-489a-be2c-ee3cd3dcc3a0@group-030502AAF74F-LeaderElection21: ELECTION PASSED received 1 response(s) and 0 exception(s):
2024-02-09 18:34:11,463 [5d91c0b9-cefc-489a-be2c-ee3cd3dcc3a0@group-030502AAF74F-LeaderElection21] INFO  impl.LeaderElection (LeaderElection.java:logAndReturn(93)) -   Response 0: 5d91c0b9-cefc-489a-be2c-ee3cd3dcc3a0<-92c5164c-1af2-4faa-850f-17550d8861d5#0:OK-t1
2024-02-09 18:34:11,463 [5d91c0b9-cefc-489a-be2c-ee3cd3dcc3a0@group-030502AAF74F-LeaderElection21] INFO  impl.LeaderElection (LeaderElection.java:askForVotes(323)) - 5d91c0b9-cefc-489a-be2c-ee3cd3dcc3a0@group-030502AAF74F-LeaderElection21 ELECTION round 0: result PASSED
2024-02-09 18:34:11,463 [5d91c0b9-cefc-489a-be2c-ee3cd3dcc3a0@group-030502AAF74F-LeaderElection21] INFO  impl.RoleInfo (RoleInfo.java:shutdownLeaderElection(130)) - 5d91c0b9-cefc-489a-be2c-ee3cd3dcc3a0: shutdown 5d91c0b9-cefc-489a-be2c-ee3cd3dcc3a0@group-030502AAF74F-LeaderElection21
2024-02-09 18:34:11,463 [5d91c0b9-cefc-489a-be2c-ee3cd3dcc3a0@group-030502AAF74F-LeaderElection21] INFO  server.RaftServer$Division (RaftServerImpl.java:setRole(383)) - 5d91c0b9-cefc-489a-be2c-ee3cd3dcc3a0@group-030502AAF74F: changes role from CANDIDATE to LEADER at term 1 for changeToLeader
2024-02-09 18:34:11,463 [grpc-default-executor-0] INFO  server.RaftServer$Division (RaftServerImpl.java:requestVote(1422)) - 6ea81ba3-4cc7-4d8f-90c6-66e0677302b1@group-030502AAF74F replies to ELECTION vote request: 5d91c0b9-cefc-489a-be2c-ee3cd3dcc3a0<-6ea81ba3-4cc7-4d8f-90c6-66e0677302b1#0:OK-t1. Peer's state: 6ea81ba3-4cc7-4d8f-90c6-66e0677302b1@group-030502AAF74F:t1, leader=null, voted=5d91c0b9-cefc-489a-be2c-ee3cd3dcc3a0, raftlog=Memoized:6ea81ba3-4cc7-4d8f-90c6-66e0677302b1@group-030502AAF74F-SegmentedRaftLog:OPENED:c-1, conf=-1: peers:[5d91c0b9-cefc-489a-be2c-ee3cd3dcc3a0|10.1.0.43:15103, 92c5164c-1af2-4faa-850f-17550d8861d5|10.1.0.43:15112, 6ea81ba3-4cc7-4d8f-90c6-66e0677302b1|10.1.0.43:15121]|listeners:[], old=null
2024-02-09 18:34:11,463 [5d91c0b9-cefc-489a-be2c-ee3cd3dcc3a0@group-030502AAF74F-LeaderElection21] INFO  server.RaftServerConfigKeys (ConfUtils.java:logGet(46)) - raft.server.staging.catchup.gap = 1000 (default)
2024-02-09 18:34:11,464 [5d91c0b9-cefc-489a-be2c-ee3cd3dcc3a0@group-030502AAF74F-LeaderElection21] INFO  server.RaftServerConfigKeys (ConfUtils.java:logGet(46)) - raft.server.write.element-limit = 1024 (custom)
2024-02-09 18:34:11,464 [5d91c0b9-cefc-489a-be2c-ee3cd3dcc3a0@group-030502AAF74F-LeaderElection21] INFO  server.RaftServerConfigKeys (ConfUtils.java:logGet(46)) - raft.server.write.byte-limit = 1024 M (=1073741824) (custom)
2024-02-09 18:34:11,464 [5d91c0b9-cefc-489a-be2c-ee3cd3dcc3a0@group-030502AAF74F-LeaderElection21] INFO  server.RaftServerConfigKeys (ConfUtils.java:logGet(46)) - raft.server.watch.timeout = 3000ms (custom)
2024-02-09 18:34:11,464 [5d91c0b9-cefc-489a-be2c-ee3cd3dcc3a0@group-030502AAF74F-LeaderElection21] INFO  server.RaftServerConfigKeys (ConfUtils.java:logGet(46)) - raft.server.watch.timeout.denomination = 1s (default)
2024-02-09 18:34:11,464 [5d91c0b9-cefc-489a-be2c-ee3cd3dcc3a0@group-030502AAF74F-LeaderElection21] INFO  server.RaftServerConfigKeys (ConfUtils.java:logGet(46)) - raft.server.watch.element-limit = 65536 (default)
2024-02-09 18:34:11,464 [5d91c0b9-cefc-489a-be2c-ee3cd3dcc3a0@group-030502AAF74F-LeaderElection21] INFO  server.RaftServerConfigKeys (ConfUtils.java:logGet(46)) - raft.server.read.leader.lease.enabled = false (default)
2024-02-09 18:34:11,464 [5d91c0b9-cefc-489a-be2c-ee3cd3dcc3a0@group-030502AAF74F-LeaderElection21] INFO  server.RaftServerConfigKeys (ConfUtils.java:logGet(46)) - raft.server.read.leader.lease.timeout.ratio = 0.9 (default)
2024-02-09 18:34:11,464 [5d91c0b9-cefc-489a-be2c-ee3cd3dcc3a0@group-030502AAF74F-LeaderElection21] INFO  server.RaftServerConfigKeys (ConfUtils.java:logGet(46)) - raft.server.rpc.timeout.min = 5s (custom)
2024-02-09 18:34:11,464 [5d91c0b9-cefc-489a-be2c-ee3cd3dcc3a0@group-030502AAF74F-LeaderElection21] INFO  server.RaftServerConfigKeys (ConfUtils.java:logGet(46)) - raft.server.write.element-limit = 1024 (custom)
2024-02-09 18:34:11,465 [5d91c0b9-cefc-489a-be2c-ee3cd3dcc3a0@group-030502AAF74F-LeaderElection21] INFO  server.RaftServerConfigKeys (ConfUtils.java:logGet(46)) - raft.server.write.follower.gap.ratio.max = -1.0 (default)
2024-02-09 18:34:11,465 [5d91c0b9-cefc-489a-be2c-ee3cd3dcc3a0@group-030502AAF74F-LeaderElection21] INFO  server.RaftServerConfigKeys (ConfUtils.java:logGet(46)) - raft.server.log.appender.snapshot.chunk.size.max = 16MB (=16777216) (default)
2024-02-09 18:34:11,465 [5d91c0b9-cefc-489a-be2c-ee3cd3dcc3a0@group-030502AAF74F-LeaderElection21] INFO  server.RaftServerConfigKeys (ConfUtils.java:logGet(46)) - raft.server.log.appender.buffer.byte-limit = 8388608 (custom)
2024-02-09 18:34:11,465 [5d91c0b9-cefc-489a-be2c-ee3cd3dcc3a0@group-030502AAF74F-LeaderElection21] INFO  server.RaftServerConfigKeys (ConfUtils.java:logGet(46)) - raft.server.log.appender.buffer.element-limit = 1 (custom)
2024-02-09 18:34:11,465 [5d91c0b9-cefc-489a-be2c-ee3cd3dcc3a0@group-030502AAF74F-LeaderElection21] INFO  server.RaftServerConfigKeys (ConfUtils.java:logGet(46)) - raft.server.log.appender.wait-time.min = 0ms (custom)
2024-02-09 18:34:11,465 [5d91c0b9-cefc-489a-be2c-ee3cd3dcc3a0@group-030502AAF74F-LeaderElection21] INFO  grpc.GrpcConfigKeys (ConfUtils.java:logGet(46)) - raft.grpc.server.leader.outstanding.appends.max = 8 (default)
2024-02-09 18:34:11,465 [5d91c0b9-cefc-489a-be2c-ee3cd3dcc3a0@group-030502AAF74F-LeaderElection21] INFO  server.RaftServerConfigKeys (ConfUtils.java:logGet(46)) - raft.server.rpc.request.timeout = 3000ms (default)
2024-02-09 18:34:11,466 [5d91c0b9-cefc-489a-be2c-ee3cd3dcc3a0@group-030502AAF74F-LeaderElection21] INFO  grpc.GrpcConfigKeys (ConfUtils.java:logGet(46)) - raft.grpc.server.install_snapshot.request.element-limit = 8 (default)
2024-02-09 18:34:11,466 [5d91c0b9-cefc-489a-be2c-ee3cd3dcc3a0@group-030502AAF74F-LeaderElection21] INFO  grpc.GrpcConfigKeys (ConfUtils.java:logGet(46)) - raft.grpc.server.install_snapshot.request.timeout = 3000ms (default)
2024-02-09 18:34:11,466 [5d91c0b9-cefc-489a-be2c-ee3cd3dcc3a0@group-030502AAF74F-LeaderElection21] INFO  grpc.GrpcConfigKeys (ConfUtils.java:logGet(46)) - raft.grpc.server.log-message.batch.duration = 5s (default)
2024-02-09 18:34:11,466 [5d91c0b9-cefc-489a-be2c-ee3cd3dcc3a0@group-030502AAF74F-LeaderElection21] INFO  server.RaftServerConfigKeys (ConfUtils.java:logGet(46)) - raft.server.log.appender.install.snapshot.enabled = false (custom)
2024-02-09 18:34:11,466 [5d91c0b9-cefc-489a-be2c-ee3cd3dcc3a0@group-030502AAF74F-LeaderElection21] INFO  grpc.GrpcConfigKeys (ConfUtils.java:logGet(46)) - raft.grpc.server.heartbeat.channel = true (default)
2024-02-09 18:34:11,467 [5d91c0b9-cefc-489a-be2c-ee3cd3dcc3a0@group-030502AAF74F-LeaderElection21] INFO  server.RaftServerConfigKeys (ConfUtils.java:logGet(46)) - raft.server.log.appender.snapshot.chunk.size.max = 16MB (=16777216) (default)
2024-02-09 18:34:11,467 [5d91c0b9-cefc-489a-be2c-ee3cd3dcc3a0@group-030502AAF74F-LeaderElection21] INFO  server.RaftServerConfigKeys (ConfUtils.java:logGet(46)) - raft.server.log.appender.buffer.byte-limit = 8388608 (custom)
2024-02-09 18:34:11,467 [5d91c0b9-cefc-489a-be2c-ee3cd3dcc3a0@group-030502AAF74F-LeaderElection21] INFO  server.RaftServerConfigKeys (ConfUtils.java:logGet(46)) - raft.server.log.appender.buffer.element-limit = 1 (custom)
2024-02-09 18:34:11,467 [5d91c0b9-cefc-489a-be2c-ee3cd3dcc3a0@group-030502AAF74F-LeaderElection21] INFO  server.RaftServerConfigKeys (ConfUtils.java:logGet(46)) - raft.server.log.appender.wait-time.min = 0ms (custom)
2024-02-09 18:34:11,467 [5d91c0b9-cefc-489a-be2c-ee3cd3dcc3a0@group-030502AAF74F-LeaderElection21] INFO  grpc.GrpcConfigKeys (ConfUtils.java:logGet(46)) - raft.grpc.server.leader.outstanding.appends.max = 8 (default)
2024-02-09 18:34:11,467 [5d91c0b9-cefc-489a-be2c-ee3cd3dcc3a0@group-030502AAF74F-LeaderElection21] INFO  server.RaftServerConfigKeys (ConfUtils.java:logGet(46)) - raft.server.rpc.request.timeout = 3000ms (default)
2024-02-09 18:34:11,467 [5d91c0b9-cefc-489a-be2c-ee3cd3dcc3a0@group-030502AAF74F-LeaderElection21] INFO  grpc.GrpcConfigKeys (ConfUtils.java:logGet(46)) - raft.grpc.server.install_snapshot.request.element-limit = 8 (default)
2024-02-09 18:34:11,467 [5d91c0b9-cefc-489a-be2c-ee3cd3dcc3a0@group-030502AAF74F-LeaderElection21] INFO  grpc.GrpcConfigKeys (ConfUtils.java:logGet(46)) - raft.grpc.server.install_snapshot.request.timeout = 3000ms (default)
2024-02-09 18:34:11,467 [5d91c0b9-cefc-489a-be2c-ee3cd3dcc3a0@group-030502AAF74F-LeaderElection21] INFO  grpc.GrpcConfigKeys (ConfUtils.java:logGet(46)) - raft.grpc.server.log-message.batch.duration = 5s (default)
2024-02-09 18:34:11,468 [5d91c0b9-cefc-489a-be2c-ee3cd3dcc3a0@group-030502AAF74F-LeaderElection21] INFO  server.RaftServerConfigKeys (ConfUtils.java:logGet(46)) - raft.server.log.appender.install.snapshot.enabled = false (custom)
2024-02-09 18:34:11,468 [5d91c0b9-cefc-489a-be2c-ee3cd3dcc3a0@group-030502AAF74F-LeaderElection21] INFO  grpc.GrpcConfigKeys (ConfUtils.java:logGet(46)) - raft.grpc.server.heartbeat.channel = true (default)
2024-02-09 18:34:11,468 [5d91c0b9-cefc-489a-be2c-ee3cd3dcc3a0@group-030502AAF74F-LeaderElection21] INFO  impl.RoleInfo (RoleInfo.java:updateAndGet(139)) - 5d91c0b9-cefc-489a-be2c-ee3cd3dcc3a0: start 5d91c0b9-cefc-489a-be2c-ee3cd3dcc3a0@group-030502AAF74F-LeaderStateImpl
2024-02-09 18:34:11,468 [5d91c0b9-cefc-489a-be2c-ee3cd3dcc3a0@group-030502AAF74F-LeaderElection21] INFO  server.RaftServer$Division (RaftServerImpl.java:setFirstElection(574)) - 5d91c0b9-cefc-489a-be2c-ee3cd3dcc3a0@group-030502AAF74F: set firstElectionSinceStartup to false for becomeLeader
2024-02-09 18:34:11,468 [5d91c0b9-cefc-489a-be2c-ee3cd3dcc3a0@group-030502AAF74F-LeaderElection21] INFO  ratis.XceiverServerRatis (XceiverServerRatis.java:handleLeaderChangedNotification(966)) - Leader change notification received for group: group-030502AAF74F with new leaderId: 5d91c0b9-cefc-489a-be2c-ee3cd3dcc3a0
2024-02-09 18:34:11,468 [5d91c0b9-cefc-489a-be2c-ee3cd3dcc3a0@group-030502AAF74F-LeaderElection21] INFO  server.RaftServer$Division (ServerState.java:setLeader(269)) - 5d91c0b9-cefc-489a-be2c-ee3cd3dcc3a0@group-030502AAF74F: change Leader from null to 5d91c0b9-cefc-489a-be2c-ee3cd3dcc3a0 at term 1 for becomeLeader, leader elected after 5141ms
2024-02-09 18:34:11,468 [5d91c0b9-cefc-489a-be2c-ee3cd3dcc3a0@group-030502AAF74F-LeaderElection21] INFO  segmented.SegmentedRaftLogWorker (SegmentedRaftLogWorker.java:startLogSegment(430)) - 5d91c0b9-cefc-489a-be2c-ee3cd3dcc3a0@group-030502AAF74F-SegmentedRaftLogWorker: Starting segment from index:0
2024-02-09 18:34:11,469 [5d91c0b9-cefc-489a-be2c-ee3cd3dcc3a0@group-030502AAF74F-SegmentedRaftLogWorker] INFO  segmented.BufferedWriteChannel (BufferedWriteChannel.java:open(62)) - open log_inprogress_0 at position 0
2024-02-09 18:34:11,470 [5d91c0b9-cefc-489a-be2c-ee3cd3dcc3a0@group-030502AAF74F-LeaderElection21] INFO  server.RaftServer$Division (ServerState.java:setRaftConf(386)) - 5d91c0b9-cefc-489a-be2c-ee3cd3dcc3a0@group-030502AAF74F: set configuration 0: peers:[5d91c0b9-cefc-489a-be2c-ee3cd3dcc3a0|10.1.0.43:15103, 92c5164c-1af2-4faa-850f-17550d8861d5|10.1.0.43:15112, 6ea81ba3-4cc7-4d8f-90c6-66e0677302b1|10.1.0.43:15121]|listeners:[], old=null
2024-02-09 18:34:11,470 [EventQueue-PipelineReportForPipelineReportHandler] INFO  pipeline.PipelineReportHandler (PipelineReportHandler.java:processPipelineReport(136)) - Opened pipeline PipelineID=c6501ec1-e64e-4456-98ff-030502aaf74f
2024-02-09 18:34:11,471 [EventQueue-OpenPipelineForHealthyPipelineSafeModeRule] INFO  safemode.SCMSafeModeManager (HealthyPipelineSafeModeRule.java:process(140)) - SCM in safe mode. Healthy pipelines reported count is 0, required healthy pipeline reported count is 1
2024-02-09 18:34:11,471 [EventQueue-OpenPipelineForHealthyPipelineSafeModeRule] INFO  safemode.SCMSafeModeManager (HealthyPipelineSafeModeRule.java:process(140)) - SCM in safe mode. Healthy pipelines reported count is 1, required healthy pipeline reported count is 1
2024-02-09 18:34:11,471 [EventQueue-OpenPipelineForHealthyPipelineSafeModeRule] INFO  safemode.SCMSafeModeManager (SCMSafeModeManager.java:validateSafeModeExitRules(200)) - HealthyPipelineSafeModeRule rule is successfully validated
2024-02-09 18:34:11,471 [EventQueue-OpenPipelineForHealthyPipelineSafeModeRule] INFO  safemode.SCMSafeModeManager (SCMSafeModeManager.java:validateSafeModeExitRules(215)) - ScmSafeModeManager, all rules are successfully validated
2024-02-09 18:34:11,471 [EventQueue-OpenPipelineForHealthyPipelineSafeModeRule] INFO  safemode.SCMSafeModeManager (SCMSafeModeManager.java:exitSafeMode(244)) - SCM exiting safe mode.
2024-02-09 18:34:11,471 [EventQueue-OpenPipelineForHealthyPipelineSafeModeRule] INFO  ha.SCMContext (SCMContext.java:updateSafeModeStatus(225)) - Update SafeModeStatus from SafeModeStatus{safeModeStatus=true, preCheckPassed=true} to SafeModeStatus{safeModeStatus=false, preCheckPassed=true}.
2024-02-09 18:34:11,471 [EventQueue-OpenPipelineForHealthyPipelineSafeModeRule] INFO  pipeline.BackgroundPipelineCreator (BackgroundPipelineCreator.java:notifyStatusChanged(258)) - Service BackgroundPipelineCreator transitions to RUNNING.
2024-02-09 18:34:11,471 [EventQueue-OpenPipelineForHealthyPipelineSafeModeRule] INFO  BackgroundPipelineScrubber (BackgroundSCMService.java:notifyStatusChanged(79)) - Service BackgroundPipelineScrubber transitions to RUNNING.
2024-02-09 18:34:11,471 [EventQueue-OpenPipelineForHealthyPipelineSafeModeRule] INFO  ExpiredContainerReplicaOpScrubber (BackgroundSCMService.java:notifyStatusChanged(79)) - Service ExpiredContainerReplicaOpScrubber transitions to RUNNING.
2024-02-09 18:34:11,471 [EventQueue-OpenPipelineForHealthyPipelineSafeModeRule] INFO  block.SCMBlockDeletingService (SCMBlockDeletingService.java:notifyStatusChanged(247)) - notifyStatusChanged:RUNNING
2024-02-09 18:34:11,471 [EventQueue-OpenPipelineForHealthyPipelineSafeModeRule] INFO  replication.ReplicationManager (ReplicationManager.java:notifyStatusChanged(1402)) - Service ReplicationManager transitions to RUNNING.
2024-02-09 18:34:11,471 [EventQueue-OpenPipelineForHealthyPipelineSafeModeRule] WARN  balancer.ContainerBalancer (ContainerBalancer.java:shouldRun(134)) - Could not find persisted configuration for ContainerBalancer when checking if ContainerBalancer should run. ContainerBalancer should not run now.
2024-02-09 18:34:11,477 [5d91c0b9-cefc-489a-be2c-ee3cd3dcc3a0@group-030502AAF74F-SegmentedRaftLogWorker] INFO  segmented.SegmentedRaftLogWorker (SegmentedRaftLogWorker.java:execute(634)) - 5d91c0b9-cefc-489a-be2c-ee3cd3dcc3a0@group-030502AAF74F-SegmentedRaftLogWorker: created new log segment /home/runner/work/ozone/ozone/hadoop-ozone/integration-test/target/test-dir/MiniOzoneClusterImpl-2e7e0147-493e-4f7b-8772-843c2731e345/datanode-0/data/ratis/c6501ec1-e64e-4456-98ff-030502aaf74f/current/log_inprogress_0
2024-02-09 18:34:11,478 [92c5164c-1af2-4faa-850f-17550d8861d5-server-thread1] INFO  ratis.XceiverServerRatis (XceiverServerRatis.java:handleLeaderChangedNotification(966)) - Leader change notification received for group: group-030502AAF74F with new leaderId: 5d91c0b9-cefc-489a-be2c-ee3cd3dcc3a0
2024-02-09 18:34:11,478 [92c5164c-1af2-4faa-850f-17550d8861d5-server-thread1] INFO  server.RaftServer$Division (ServerState.java:setLeader(269)) - 92c5164c-1af2-4faa-850f-17550d8861d5@group-030502AAF74F: change Leader from null to 5d91c0b9-cefc-489a-be2c-ee3cd3dcc3a0 at term 1 for appendEntries, leader elected after 5038ms
2024-02-09 18:34:11,485 [6ea81ba3-4cc7-4d8f-90c6-66e0677302b1-server-thread1] INFO  ratis.XceiverServerRatis (XceiverServerRatis.java:handleLeaderChangedNotification(966)) - Leader change notification received for group: group-030502AAF74F with new leaderId: 5d91c0b9-cefc-489a-be2c-ee3cd3dcc3a0
2024-02-09 18:34:11,485 [6ea81ba3-4cc7-4d8f-90c6-66e0677302b1-server-thread1] INFO  server.RaftServer$Division (ServerState.java:setLeader(269)) - 6ea81ba3-4cc7-4d8f-90c6-66e0677302b1@group-030502AAF74F: change Leader from null to 5d91c0b9-cefc-489a-be2c-ee3cd3dcc3a0 at term 1 for appendEntries, leader elected after 5118ms
2024-02-09 18:34:11,485 [92c5164c-1af2-4faa-850f-17550d8861d5-server-thread3] INFO  server.RaftServer$Division (ServerState.java:setRaftConf(386)) - 92c5164c-1af2-4faa-850f-17550d8861d5@group-030502AAF74F: set configuration 0: peers:[5d91c0b9-cefc-489a-be2c-ee3cd3dcc3a0|10.1.0.43:15103, 92c5164c-1af2-4faa-850f-17550d8861d5|10.1.0.43:15112, 6ea81ba3-4cc7-4d8f-90c6-66e0677302b1|10.1.0.43:15121]|listeners:[], old=null
2024-02-09 18:34:11,486 [92c5164c-1af2-4faa-850f-17550d8861d5-server-thread3] INFO  segmented.SegmentedRaftLogWorker (SegmentedRaftLogWorker.java:startLogSegment(430)) - 92c5164c-1af2-4faa-850f-17550d8861d5@group-030502AAF74F-SegmentedRaftLogWorker: Starting segment from index:0
2024-02-09 18:34:11,486 [92c5164c-1af2-4faa-850f-17550d8861d5@group-030502AAF74F-SegmentedRaftLogWorker] INFO  segmented.BufferedWriteChannel (BufferedWriteChannel.java:open(62)) - open log_inprogress_0 at position 0
2024-02-09 18:34:11,493 [6ea81ba3-4cc7-4d8f-90c6-66e0677302b1-server-thread2] INFO  server.RaftServer$Division (ServerState.java:setRaftConf(386)) - 6ea81ba3-4cc7-4d8f-90c6-66e0677302b1@group-030502AAF74F: set configuration 0: peers:[5d91c0b9-cefc-489a-be2c-ee3cd3dcc3a0|10.1.0.43:15103, 92c5164c-1af2-4faa-850f-17550d8861d5|10.1.0.43:15112, 6ea81ba3-4cc7-4d8f-90c6-66e0677302b1|10.1.0.43:15121]|listeners:[], old=null
2024-02-09 18:34:11,494 [6ea81ba3-4cc7-4d8f-90c6-66e0677302b1-server-thread2] INFO  segmented.SegmentedRaftLogWorker (SegmentedRaftLogWorker.java:startLogSegment(430)) - 6ea81ba3-4cc7-4d8f-90c6-66e0677302b1@group-030502AAF74F-SegmentedRaftLogWorker: Starting segment from index:0
2024-02-09 18:34:11,494 [6ea81ba3-4cc7-4d8f-90c6-66e0677302b1@group-030502AAF74F-SegmentedRaftLogWorker] INFO  segmented.BufferedWriteChannel (BufferedWriteChannel.java:open(62)) - open log_inprogress_0 at position 0
2024-02-09 18:34:11,495 [92c5164c-1af2-4faa-850f-17550d8861d5@group-030502AAF74F-SegmentedRaftLogWorker] INFO  segmented.SegmentedRaftLogWorker (SegmentedRaftLogWorker.java:execute(634)) - 92c5164c-1af2-4faa-850f-17550d8861d5@group-030502AAF74F-SegmentedRaftLogWorker: created new log segment /home/runner/work/ozone/ozone/hadoop-ozone/integration-test/target/test-dir/MiniOzoneClusterImpl-2e7e0147-493e-4f7b-8772-843c2731e345/datanode-1/data/ratis/c6501ec1-e64e-4456-98ff-030502aaf74f/current/log_inprogress_0
2024-02-09 18:34:11,496 [92c5164c-1af2-4faa-850f-17550d8861d5@group-26729CAD3E72-FollowerState] INFO  impl.FollowerState (FollowerState.java:run(143)) - 92c5164c-1af2-4faa-850f-17550d8861d5@group-26729CAD3E72-FollowerState: change to CANDIDATE, lastRpcElapsedTime:5068827504ns, electionTimeout:5063ms
2024-02-09 18:34:11,496 [92c5164c-1af2-4faa-850f-17550d8861d5@group-26729CAD3E72-FollowerState] INFO  impl.RoleInfo (RoleInfo.java:shutdownFollowerState(110)) - 92c5164c-1af2-4faa-850f-17550d8861d5: shutdown 92c5164c-1af2-4faa-850f-17550d8861d5@group-26729CAD3E72-FollowerState
2024-02-09 18:34:11,496 [92c5164c-1af2-4faa-850f-17550d8861d5@group-26729CAD3E72-FollowerState] INFO  server.RaftServer$Division (RaftServerImpl.java:setRole(383)) - 92c5164c-1af2-4faa-850f-17550d8861d5@group-26729CAD3E72: changes role from  FOLLOWER to CANDIDATE at term 0 for changeToCandidate
2024-02-09 18:34:11,496 [92c5164c-1af2-4faa-850f-17550d8861d5@group-26729CAD3E72-FollowerState] INFO  server.RaftServerConfigKeys (ConfUtils.java:logGet(46)) - raft.server.leaderelection.pre-vote = true (default)
2024-02-09 18:34:11,497 [92c5164c-1af2-4faa-850f-17550d8861d5@group-26729CAD3E72-FollowerState] INFO  impl.RoleInfo (RoleInfo.java:updateAndGet(139)) - 92c5164c-1af2-4faa-850f-17550d8861d5: start 92c5164c-1af2-4faa-850f-17550d8861d5@group-26729CAD3E72-LeaderElection22
2024-02-09 18:34:11,500 [92c5164c-1af2-4faa-850f-17550d8861d5@group-26729CAD3E72-LeaderElection22] INFO  impl.LeaderElection (LeaderElection.java:askForVotes(321)) - 92c5164c-1af2-4faa-850f-17550d8861d5@group-26729CAD3E72-LeaderElection22 PRE_VOTE round 0: submit vote requests at term 0 for -1: peers:[92c5164c-1af2-4faa-850f-17550d8861d5|10.1.0.43:15112]|listeners:[], old=null
2024-02-09 18:34:11,500 [92c5164c-1af2-4faa-850f-17550d8861d5@group-26729CAD3E72-LeaderElection22] INFO  impl.LeaderElection (LeaderElection.java:askForVotes(323)) - 92c5164c-1af2-4faa-850f-17550d8861d5@group-26729CAD3E72-LeaderElection22 PRE_VOTE round 0: result PASSED (term=0)
2024-02-09 18:34:11,501 [5d91c0b9-cefc-489a-be2c-ee3cd3dcc3a0@group-030502AAF74F-StateMachineUpdater] INFO  server.RaftServer$Division (LeaderStateImpl.java:isApplied(320)) - leader is ready since appliedIndex == 0 >= startIndex == 0
2024-02-09 18:34:11,501 [6ea81ba3-4cc7-4d8f-90c6-66e0677302b1@group-030502AAF74F-SegmentedRaftLogWorker] INFO  segmented.SegmentedRaftLogWorker (SegmentedRaftLogWorker.java:execute(634)) - 6ea81ba3-4cc7-4d8f-90c6-66e0677302b1@group-030502AAF74F-SegmentedRaftLogWorker: created new log segment /home/runner/work/ozone/ozone/hadoop-ozone/integration-test/target/test-dir/MiniOzoneClusterImpl-2e7e0147-493e-4f7b-8772-843c2731e345/datanode-2/data/ratis/c6501ec1-e64e-4456-98ff-030502aaf74f/current/log_inprogress_0
2024-02-09 18:34:11,501 [92c5164c-1af2-4faa-850f-17550d8861d5@group-26729CAD3E72-LeaderElection22] INFO  impl.LeaderElection (LeaderElection.java:askForVotes(321)) - 92c5164c-1af2-4faa-850f-17550d8861d5@group-26729CAD3E72-LeaderElection22 ELECTION round 0: submit vote requests at term 1 for -1: peers:[92c5164c-1af2-4faa-850f-17550d8861d5|10.1.0.43:15112]|listeners:[], old=null
2024-02-09 18:34:11,507 [92c5164c-1af2-4faa-850f-17550d8861d5@group-26729CAD3E72-LeaderElection22] INFO  impl.LeaderElection (LeaderElection.java:askForVotes(323)) - 92c5164c-1af2-4faa-850f-17550d8861d5@group-26729CAD3E72-LeaderElection22 ELECTION round 0: result PASSED (term=1)
2024-02-09 18:34:11,507 [92c5164c-1af2-4faa-850f-17550d8861d5@group-26729CAD3E72-LeaderElection22] INFO  impl.RoleInfo (RoleInfo.java:shutdownLeaderElection(130)) - 92c5164c-1af2-4faa-850f-17550d8861d5: shutdown 92c5164c-1af2-4faa-850f-17550d8861d5@group-26729CAD3E72-LeaderElection22
2024-02-09 18:34:11,507 [92c5164c-1af2-4faa-850f-17550d8861d5@group-26729CAD3E72-LeaderElection22] INFO  server.RaftServer$Division (RaftServerImpl.java:setRole(383)) - 92c5164c-1af2-4faa-850f-17550d8861d5@group-26729CAD3E72: changes role from CANDIDATE to LEADER at term 1 for changeToLeader
2024-02-09 18:34:11,508 [92c5164c-1af2-4faa-850f-17550d8861d5@group-26729CAD3E72-LeaderElection22] INFO  server.RaftServerConfigKeys (ConfUtils.java:logGet(46)) - raft.server.staging.catchup.gap = 1000 (default)
2024-02-09 18:34:11,508 [92c5164c-1af2-4faa-850f-17550d8861d5@group-26729CAD3E72-LeaderElection22] INFO  server.RaftServerConfigKeys (ConfUtils.java:logGet(46)) - raft.server.write.element-limit = 1024 (custom)
2024-02-09 18:34:11,508 [92c5164c-1af2-4faa-850f-17550d8861d5@group-26729CAD3E72-LeaderElection22] INFO  server.RaftServerConfigKeys (ConfUtils.java:logGet(46)) - raft.server.write.byte-limit = 1024 M (=1073741824) (custom)
2024-02-09 18:34:11,512 [92c5164c-1af2-4faa-850f-17550d8861d5@group-26729CAD3E72-LeaderElection22] INFO  server.RaftServerConfigKeys (ConfUtils.java:logGet(46)) - raft.server.watch.timeout = 3000ms (custom)
2024-02-09 18:34:11,512 [92c5164c-1af2-4faa-850f-17550d8861d5@group-26729CAD3E72-LeaderElection22] INFO  server.RaftServerConfigKeys (ConfUtils.java:logGet(46)) - raft.server.watch.timeout.denomination = 1s (default)
2024-02-09 18:34:11,513 [92c5164c-1af2-4faa-850f-17550d8861d5@group-26729CAD3E72-LeaderElection22] INFO  server.RaftServerConfigKeys (ConfUtils.java:logGet(46)) - raft.server.watch.element-limit = 65536 (default)
2024-02-09 18:34:11,513 [92c5164c-1af2-4faa-850f-17550d8861d5@group-26729CAD3E72-LeaderElection22] INFO  server.RaftServerConfigKeys (ConfUtils.java:logGet(46)) - raft.server.read.leader.lease.enabled = false (default)
2024-02-09 18:34:11,513 [92c5164c-1af2-4faa-850f-17550d8861d5@group-26729CAD3E72-LeaderElection22] INFO  server.RaftServerConfigKeys (ConfUtils.java:logGet(46)) - raft.server.read.leader.lease.timeout.ratio = 0.9 (default)
2024-02-09 18:34:11,513 [92c5164c-1af2-4faa-850f-17550d8861d5@group-26729CAD3E72-LeaderElection22] INFO  server.RaftServerConfigKeys (ConfUtils.java:logGet(46)) - raft.server.rpc.timeout.min = 5s (custom)
2024-02-09 18:34:11,513 [92c5164c-1af2-4faa-850f-17550d8861d5@group-26729CAD3E72-LeaderElection22] INFO  server.RaftServerConfigKeys (ConfUtils.java:logGet(46)) - raft.server.write.element-limit = 1024 (custom)
2024-02-09 18:34:11,513 [92c5164c-1af2-4faa-850f-17550d8861d5@group-26729CAD3E72-LeaderElection22] INFO  server.RaftServerConfigKeys (ConfUtils.java:logGet(46)) - raft.server.write.follower.gap.ratio.max = -1.0 (default)
2024-02-09 18:34:11,513 [92c5164c-1af2-4faa-850f-17550d8861d5@group-26729CAD3E72-LeaderElection22] INFO  impl.RoleInfo (RoleInfo.java:updateAndGet(139)) - 92c5164c-1af2-4faa-850f-17550d8861d5: start 92c5164c-1af2-4faa-850f-17550d8861d5@group-26729CAD3E72-LeaderStateImpl
2024-02-09 18:34:11,513 [92c5164c-1af2-4faa-850f-17550d8861d5@group-26729CAD3E72-LeaderElection22] INFO  server.RaftServer$Division (RaftServerImpl.java:setFirstElection(574)) - 92c5164c-1af2-4faa-850f-17550d8861d5@group-26729CAD3E72: set firstElectionSinceStartup to false for becomeLeader
2024-02-09 18:34:11,513 [92c5164c-1af2-4faa-850f-17550d8861d5@group-26729CAD3E72-LeaderElection22] INFO  ratis.XceiverServerRatis (XceiverServerRatis.java:handleLeaderChangedNotification(966)) - Leader change notification received for group: group-26729CAD3E72 with new leaderId: 92c5164c-1af2-4faa-850f-17550d8861d5
2024-02-09 18:34:11,513 [92c5164c-1af2-4faa-850f-17550d8861d5@group-26729CAD3E72-LeaderElection22] INFO  server.RaftServer$Division (ServerState.java:setLeader(269)) - 92c5164c-1af2-4faa-850f-17550d8861d5@group-26729CAD3E72: change Leader from null to 92c5164c-1af2-4faa-850f-17550d8861d5 at term 1 for becomeLeader, leader elected after 5100ms
2024-02-09 18:34:11,513 [92c5164c-1af2-4faa-850f-17550d8861d5@group-26729CAD3E72-LeaderElection22] INFO  segmented.SegmentedRaftLogWorker (SegmentedRaftLogWorker.java:startLogSegment(430)) - 92c5164c-1af2-4faa-850f-17550d8861d5@group-26729CAD3E72-SegmentedRaftLogWorker: Starting segment from index:0
2024-02-09 18:34:11,514 [92c5164c-1af2-4faa-850f-17550d8861d5@group-26729CAD3E72-SegmentedRaftLogWorker] INFO  segmented.BufferedWriteChannel (BufferedWriteChannel.java:open(62)) - open log_inprogress_0 at position 0
2024-02-09 18:34:11,515 [92c5164c-1af2-4faa-850f-17550d8861d5@group-26729CAD3E72-LeaderElection22] INFO  server.RaftServer$Division (ServerState.java:setRaftConf(386)) - 92c5164c-1af2-4faa-850f-17550d8861d5@group-26729CAD3E72: set configuration 0: peers:[92c5164c-1af2-4faa-850f-17550d8861d5|10.1.0.43:15112]|listeners:[], old=null
2024-02-09 18:34:11,521 [92c5164c-1af2-4faa-850f-17550d8861d5@group-26729CAD3E72-SegmentedRaftLogWorker] INFO  segmented.SegmentedRaftLogWorker (SegmentedRaftLogWorker.java:execute(634)) - 92c5164c-1af2-4faa-850f-17550d8861d5@group-26729CAD3E72-SegmentedRaftLogWorker: created new log segment /home/runner/work/ozone/ozone/hadoop-ozone/integration-test/target/test-dir/MiniOzoneClusterImpl-2e7e0147-493e-4f7b-8772-843c2731e345/datanode-1/data/ratis/2e118ce1-8604-4f89-96ea-26729cad3e72/current/log_inprogress_0
2024-02-09 18:34:11,523 [92c5164c-1af2-4faa-850f-17550d8861d5@group-26729CAD3E72-StateMachineUpdater] INFO  server.RaftServer$Division (LeaderStateImpl.java:isApplied(320)) - leader is ready since appliedIndex == 0 >= startIndex == 0
2024-02-09 18:34:11,663 [6ea81ba3-4cc7-4d8f-90c6-66e0677302b1@group-A0CB2781DB65-FollowerState] INFO  impl.FollowerState (FollowerState.java:run(143)) - 6ea81ba3-4cc7-4d8f-90c6-66e0677302b1@group-A0CB2781DB65-FollowerState: change to CANDIDATE, lastRpcElapsedTime:5130444300ns, electionTimeout:5130ms
2024-02-09 18:34:11,663 [6ea81ba3-4cc7-4d8f-90c6-66e0677302b1@group-A0CB2781DB65-FollowerState] INFO  impl.RoleInfo (RoleInfo.java:shutdownFollowerState(110)) - 6ea81ba3-4cc7-4d8f-90c6-66e0677302b1: shutdown 6ea81ba3-4cc7-4d8f-90c6-66e0677302b1@group-A0CB2781DB65-FollowerState
2024-02-09 18:34:11,663 [6ea81ba3-4cc7-4d8f-90c6-66e0677302b1@group-A0CB2781DB65-FollowerState] INFO  server.RaftServer$Division (RaftServerImpl.java:setRole(383)) - 6ea81ba3-4cc7-4d8f-90c6-66e0677302b1@group-A0CB2781DB65: changes role from  FOLLOWER to CANDIDATE at term 0 for changeToCandidate
2024-02-09 18:34:11,663 [6ea81ba3-4cc7-4d8f-90c6-66e0677302b1@group-A0CB2781DB65-FollowerState] INFO  server.RaftServerConfigKeys (ConfUtils.java:logGet(46)) - raft.server.leaderelection.pre-vote = true (default)
2024-02-09 18:34:11,663 [6ea81ba3-4cc7-4d8f-90c6-66e0677302b1@group-A0CB2781DB65-FollowerState] INFO  impl.RoleInfo (RoleInfo.java:updateAndGet(139)) - 6ea81ba3-4cc7-4d8f-90c6-66e0677302b1: start 6ea81ba3-4cc7-4d8f-90c6-66e0677302b1@group-A0CB2781DB65-LeaderElection23
2024-02-09 18:34:11,665 [6ea81ba3-4cc7-4d8f-90c6-66e0677302b1@group-A0CB2781DB65-LeaderElection23] INFO  impl.LeaderElection (LeaderElection.java:askForVotes(321)) - 6ea81ba3-4cc7-4d8f-90c6-66e0677302b1@group-A0CB2781DB65-LeaderElection23 PRE_VOTE round 0: submit vote requests at term 0 for -1: peers:[6ea81ba3-4cc7-4d8f-90c6-66e0677302b1|10.1.0.43:15121]|listeners:[], old=null
2024-02-09 18:34:11,665 [6ea81ba3-4cc7-4d8f-90c6-66e0677302b1@group-A0CB2781DB65-LeaderElection23] INFO  impl.LeaderElection (LeaderElection.java:askForVotes(323)) - 6ea81ba3-4cc7-4d8f-90c6-66e0677302b1@group-A0CB2781DB65-LeaderElection23 PRE_VOTE round 0: result PASSED (term=0)
2024-02-09 18:34:11,666 [6ea81ba3-4cc7-4d8f-90c6-66e0677302b1@group-A0CB2781DB65-LeaderElection23] INFO  impl.LeaderElection (LeaderElection.java:askForVotes(321)) - 6ea81ba3-4cc7-4d8f-90c6-66e0677302b1@group-A0CB2781DB65-LeaderElection23 ELECTION round 0: submit vote requests at term 1 for -1: peers:[6ea81ba3-4cc7-4d8f-90c6-66e0677302b1|10.1.0.43:15121]|listeners:[], old=null
2024-02-09 18:34:11,666 [6ea81ba3-4cc7-4d8f-90c6-66e0677302b1@group-A0CB2781DB65-LeaderElection23] INFO  impl.LeaderElection (LeaderElection.java:askForVotes(323)) - 6ea81ba3-4cc7-4d8f-90c6-66e0677302b1@group-A0CB2781DB65-LeaderElection23 ELECTION round 0: result PASSED (term=1)
2024-02-09 18:34:11,666 [6ea81ba3-4cc7-4d8f-90c6-66e0677302b1@group-A0CB2781DB65-LeaderElection23] INFO  impl.RoleInfo (RoleInfo.java:shutdownLeaderElection(130)) - 6ea81ba3-4cc7-4d8f-90c6-66e0677302b1: shutdown 6ea81ba3-4cc7-4d8f-90c6-66e0677302b1@group-A0CB2781DB65-LeaderElection23
2024-02-09 18:34:11,666 [6ea81ba3-4cc7-4d8f-90c6-66e0677302b1@group-A0CB2781DB65-LeaderElection23] INFO  server.RaftServer$Division (RaftServerImpl.java:setRole(383)) - 6ea81ba3-4cc7-4d8f-90c6-66e0677302b1@group-A0CB2781DB65: changes role from CANDIDATE to LEADER at term 1 for changeToLeader
2024-02-09 18:34:11,666 [6ea81ba3-4cc7-4d8f-90c6-66e0677302b1@group-A0CB2781DB65-LeaderElection23] INFO  server.RaftServerConfigKeys (ConfUtils.java:logGet(46)) - raft.server.staging.catchup.gap = 1000 (default)
2024-02-09 18:34:11,667 [6ea81ba3-4cc7-4d8f-90c6-66e0677302b1@group-A0CB2781DB65-LeaderElection23] INFO  server.RaftServerConfigKeys (ConfUtils.java:logGet(46)) - raft.server.write.element-limit = 1024 (custom)
2024-02-09 18:34:11,667 [6ea81ba3-4cc7-4d8f-90c6-66e0677302b1@group-A0CB2781DB65-LeaderElection23] INFO  server.RaftServerConfigKeys (ConfUtils.java:logGet(46)) - raft.server.write.byte-limit = 1024 M (=1073741824) (custom)
2024-02-09 18:34:11,667 [6ea81ba3-4cc7-4d8f-90c6-66e0677302b1@group-A0CB2781DB65-LeaderElection23] INFO  server.RaftServerConfigKeys (ConfUtils.java:logGet(46)) - raft.server.watch.timeout = 3000ms (custom)
2024-02-09 18:34:11,667 [6ea81ba3-4cc7-4d8f-90c6-66e0677302b1@group-A0CB2781DB65-LeaderElection23] INFO  server.RaftServerConfigKeys (ConfUtils.java:logGet(46)) - raft.server.watch.timeout.denomination = 1s (default)
2024-02-09 18:34:11,667 [6ea81ba3-4cc7-4d8f-90c6-66e0677302b1@group-A0CB2781DB65-LeaderElection23] INFO  server.RaftServerConfigKeys (ConfUtils.java:logGet(46)) - raft.server.watch.element-limit = 65536 (default)
2024-02-09 18:34:11,667 [6ea81ba3-4cc7-4d8f-90c6-66e0677302b1@group-A0CB2781DB65-LeaderElection23] INFO  server.RaftServerConfigKeys (ConfUtils.java:logGet(46)) - raft.server.read.leader.lease.enabled = false (default)
2024-02-09 18:34:11,667 [6ea81ba3-4cc7-4d8f-90c6-66e0677302b1@group-A0CB2781DB65-LeaderElection23] INFO  server.RaftServerConfigKeys (ConfUtils.java:logGet(46)) - raft.server.read.leader.lease.timeout.ratio = 0.9 (default)
2024-02-09 18:34:11,667 [6ea81ba3-4cc7-4d8f-90c6-66e0677302b1@group-A0CB2781DB65-LeaderElection23] INFO  server.RaftServerConfigKeys (ConfUtils.java:logGet(46)) - raft.server.rpc.timeout.min = 5s (custom)
2024-02-09 18:34:11,667 [6ea81ba3-4cc7-4d8f-90c6-66e0677302b1@group-A0CB2781DB65-LeaderElection23] INFO  server.RaftServerConfigKeys (ConfUtils.java:logGet(46)) - raft.server.write.element-limit = 1024 (custom)
2024-02-09 18:34:11,667 [6ea81ba3-4cc7-4d8f-90c6-66e0677302b1@group-A0CB2781DB65-LeaderElection23] INFO  server.RaftServerConfigKeys (ConfUtils.java:logGet(46)) - raft.server.write.follower.gap.ratio.max = -1.0 (default)
2024-02-09 18:34:11,667 [6ea81ba3-4cc7-4d8f-90c6-66e0677302b1@group-A0CB2781DB65-LeaderElection23] INFO  impl.RoleInfo (RoleInfo.java:updateAndGet(139)) - 6ea81ba3-4cc7-4d8f-90c6-66e0677302b1: start 6ea81ba3-4cc7-4d8f-90c6-66e0677302b1@group-A0CB2781DB65-LeaderStateImpl
2024-02-09 18:34:11,667 [6ea81ba3-4cc7-4d8f-90c6-66e0677302b1@group-A0CB2781DB65-LeaderElection23] INFO  server.RaftServer$Division (RaftServerImpl.java:setFirstElection(574)) - 6ea81ba3-4cc7-4d8f-90c6-66e0677302b1@group-A0CB2781DB65: set firstElectionSinceStartup to false for becomeLeader
2024-02-09 18:34:11,667 [6ea81ba3-4cc7-4d8f-90c6-66e0677302b1@group-A0CB2781DB65-LeaderElection23] INFO  ratis.XceiverServerRatis (XceiverServerRatis.java:handleLeaderChangedNotification(966)) - Leader change notification received for group: group-A0CB2781DB65 with new leaderId: 6ea81ba3-4cc7-4d8f-90c6-66e0677302b1
2024-02-09 18:34:11,668 [6ea81ba3-4cc7-4d8f-90c6-66e0677302b1@group-A0CB2781DB65-LeaderElection23] INFO  server.RaftServer$Division (ServerState.java:setLeader(269)) - 6ea81ba3-4cc7-4d8f-90c6-66e0677302b1@group-A0CB2781DB65: change Leader from null to 6ea81ba3-4cc7-4d8f-90c6-66e0677302b1 at term 1 for becomeLeader, leader elected after 5146ms
2024-02-09 18:34:11,668 [6ea81ba3-4cc7-4d8f-90c6-66e0677302b1@group-A0CB2781DB65-LeaderElection23] INFO  segmented.SegmentedRaftLogWorker (SegmentedRaftLogWorker.java:startLogSegment(430)) - 6ea81ba3-4cc7-4d8f-90c6-66e0677302b1@group-A0CB2781DB65-SegmentedRaftLogWorker: Starting segment from index:0
2024-02-09 18:34:11,668 [6ea81ba3-4cc7-4d8f-90c6-66e0677302b1@group-A0CB2781DB65-SegmentedRaftLogWorker] INFO  segmented.BufferedWriteChannel (BufferedWriteChannel.java:open(62)) - open log_inprogress_0 at position 0
2024-02-09 18:34:11,672 [6ea81ba3-4cc7-4d8f-90c6-66e0677302b1@group-A0CB2781DB65-LeaderElection23] INFO  server.RaftServer$Division (ServerState.java:setRaftConf(386)) - 6ea81ba3-4cc7-4d8f-90c6-66e0677302b1@group-A0CB2781DB65: set configuration 0: peers:[6ea81ba3-4cc7-4d8f-90c6-66e0677302b1|10.1.0.43:15121]|listeners:[], old=null
2024-02-09 18:34:11,675 [6ea81ba3-4cc7-4d8f-90c6-66e0677302b1@group-A0CB2781DB65-SegmentedRaftLogWorker] INFO  segmented.SegmentedRaftLogWorker (SegmentedRaftLogWorker.java:execute(634)) - 6ea81ba3-4cc7-4d8f-90c6-66e0677302b1@group-A0CB2781DB65-SegmentedRaftLogWorker: created new log segment /home/runner/work/ozone/ozone/hadoop-ozone/integration-test/target/test-dir/MiniOzoneClusterImpl-2e7e0147-493e-4f7b-8772-843c2731e345/datanode-2/data/ratis/10516015-4840-4d7d-9e66-a0cb2781db65/current/log_inprogress_0
2024-02-09 18:34:11,677 [6ea81ba3-4cc7-4d8f-90c6-66e0677302b1@group-A0CB2781DB65-StateMachineUpdater] INFO  server.RaftServer$Division (LeaderStateImpl.java:isApplied(320)) - leader is ready since appliedIndex == 0 >= startIndex == 0
2024-02-09 18:34:11,724 [19714071-6985-4253-9bb3-86e59ac051d1@group-883661F076CC-FollowerState] INFO  impl.FollowerState (FollowerState.java:run(143)) - 19714071-6985-4253-9bb3-86e59ac051d1@group-883661F076CC-FollowerState: change to CANDIDATE, lastRpcElapsedTime:5083639319ns, electionTimeout:5083ms
2024-02-09 18:34:11,724 [19714071-6985-4253-9bb3-86e59ac051d1@group-883661F076CC-FollowerState] INFO  impl.RoleInfo (RoleInfo.java:shutdownFollowerState(110)) - 19714071-6985-4253-9bb3-86e59ac051d1: shutdown 19714071-6985-4253-9bb3-86e59ac051d1@group-883661F076CC-FollowerState
2024-02-09 18:34:11,724 [19714071-6985-4253-9bb3-86e59ac051d1@group-883661F076CC-FollowerState] INFO  server.RaftServer$Division (RaftServerImpl.java:setRole(383)) - 19714071-6985-4253-9bb3-86e59ac051d1@group-883661F076CC: changes role from  FOLLOWER to CANDIDATE at term 0 for changeToCandidate
2024-02-09 18:34:11,724 [19714071-6985-4253-9bb3-86e59ac051d1@group-883661F076CC-FollowerState] INFO  server.RaftServerConfigKeys (ConfUtils.java:logGet(46)) - raft.server.leaderelection.pre-vote = true (default)
2024-02-09 18:34:11,724 [19714071-6985-4253-9bb3-86e59ac051d1@group-883661F076CC-FollowerState] INFO  impl.RoleInfo (RoleInfo.java:updateAndGet(139)) - 19714071-6985-4253-9bb3-86e59ac051d1: start 19714071-6985-4253-9bb3-86e59ac051d1@group-883661F076CC-LeaderElection24
2024-02-09 18:34:11,726 [19714071-6985-4253-9bb3-86e59ac051d1@group-883661F076CC-LeaderElection24] INFO  impl.LeaderElection (LeaderElection.java:askForVotes(321)) - 19714071-6985-4253-9bb3-86e59ac051d1@group-883661F076CC-LeaderElection24 PRE_VOTE round 0: submit vote requests at term 0 for -1: peers:[19714071-6985-4253-9bb3-86e59ac051d1|10.1.0.43:15130]|listeners:[], old=null
2024-02-09 18:34:11,726 [19714071-6985-4253-9bb3-86e59ac051d1@group-883661F076CC-LeaderElection24] INFO  impl.LeaderElection (LeaderElection.java:askForVotes(323)) - 19714071-6985-4253-9bb3-86e59ac051d1@group-883661F076CC-LeaderElection24 PRE_VOTE round 0: result PASSED (term=0)
2024-02-09 18:34:11,727 [19714071-6985-4253-9bb3-86e59ac051d1@group-883661F076CC-LeaderElection24] INFO  impl.LeaderElection (LeaderElection.java:askForVotes(321)) - 19714071-6985-4253-9bb3-86e59ac051d1@group-883661F076CC-LeaderElection24 ELECTION round 0: submit vote requests at term 1 for -1: peers:[19714071-6985-4253-9bb3-86e59ac051d1|10.1.0.43:15130]|listeners:[], old=null
2024-02-09 18:34:11,727 [19714071-6985-4253-9bb3-86e59ac051d1@group-883661F076CC-LeaderElection24] INFO  impl.LeaderElection (LeaderElection.java:askForVotes(323)) - 19714071-6985-4253-9bb3-86e59ac051d1@group-883661F076CC-LeaderElection24 ELECTION round 0: result PASSED (term=1)
2024-02-09 18:34:11,727 [19714071-6985-4253-9bb3-86e59ac051d1@group-883661F076CC-LeaderElection24] INFO  impl.RoleInfo (RoleInfo.java:shutdownLeaderElection(130)) - 19714071-6985-4253-9bb3-86e59ac051d1: shutdown 19714071-6985-4253-9bb3-86e59ac051d1@group-883661F076CC-LeaderElection24
2024-02-09 18:34:11,727 [19714071-6985-4253-9bb3-86e59ac051d1@group-883661F076CC-LeaderElection24] INFO  server.RaftServer$Division (RaftServerImpl.java:setRole(383)) - 19714071-6985-4253-9bb3-86e59ac051d1@group-883661F076CC: changes role from CANDIDATE to LEADER at term 1 for changeToLeader
2024-02-09 18:34:11,727 [19714071-6985-4253-9bb3-86e59ac051d1@group-883661F076CC-LeaderElection24] INFO  server.RaftServerConfigKeys (ConfUtils.java:logGet(46)) - raft.server.staging.catchup.gap = 1000 (default)
2024-02-09 18:34:11,727 [19714071-6985-4253-9bb3-86e59ac051d1@group-883661F076CC-LeaderElection24] INFO  server.RaftServerConfigKeys (ConfUtils.java:logGet(46)) - raft.server.write.element-limit = 1024 (custom)
2024-02-09 18:34:11,727 [19714071-6985-4253-9bb3-86e59ac051d1@group-883661F076CC-LeaderElection24] INFO  server.RaftServerConfigKeys (ConfUtils.java:logGet(46)) - raft.server.write.byte-limit = 1024 M (=1073741824) (custom)
2024-02-09 18:34:11,727 [19714071-6985-4253-9bb3-86e59ac051d1@group-883661F076CC-LeaderElection24] INFO  server.RaftServerConfigKeys (ConfUtils.java:logGet(46)) - raft.server.watch.timeout = 3000ms (custom)
2024-02-09 18:34:11,727 [19714071-6985-4253-9bb3-86e59ac051d1@group-883661F076CC-LeaderElection24] INFO  server.RaftServerConfigKeys (ConfUtils.java:logGet(46)) - raft.server.watch.timeout.denomination = 1s (default)
2024-02-09 18:34:11,727 [19714071-6985-4253-9bb3-86e59ac051d1@group-883661F076CC-LeaderElection24] INFO  server.RaftServerConfigKeys (ConfUtils.java:logGet(46)) - raft.server.watch.element-limit = 65536 (default)
2024-02-09 18:34:11,728 [19714071-6985-4253-9bb3-86e59ac051d1@group-883661F076CC-LeaderElection24] INFO  server.RaftServerConfigKeys (ConfUtils.java:logGet(46)) - raft.server.read.leader.lease.enabled = false (default)
2024-02-09 18:34:11,728 [19714071-6985-4253-9bb3-86e59ac051d1@group-883661F076CC-LeaderElection24] INFO  server.RaftServerConfigKeys (ConfUtils.java:logGet(46)) - raft.server.read.leader.lease.timeout.ratio = 0.9 (default)
2024-02-09 18:34:11,728 [19714071-6985-4253-9bb3-86e59ac051d1@group-883661F076CC-LeaderElection24] INFO  server.RaftServerConfigKeys (ConfUtils.java:logGet(46)) - raft.server.rpc.timeout.min = 5s (custom)
2024-02-09 18:34:11,728 [19714071-6985-4253-9bb3-86e59ac051d1@group-883661F076CC-LeaderElection24] INFO  server.RaftServerConfigKeys (ConfUtils.java:logGet(46)) - raft.server.write.element-limit = 1024 (custom)
2024-02-09 18:34:11,728 [19714071-6985-4253-9bb3-86e59ac051d1@group-883661F076CC-LeaderElection24] INFO  server.RaftServerConfigKeys (ConfUtils.java:logGet(46)) - raft.server.write.follower.gap.ratio.max = -1.0 (default)
2024-02-09 18:34:11,728 [19714071-6985-4253-9bb3-86e59ac051d1@group-883661F076CC-LeaderElection24] INFO  impl.RoleInfo (RoleInfo.java:updateAndGet(139)) - 19714071-6985-4253-9bb3-86e59ac051d1: start 19714071-6985-4253-9bb3-86e59ac051d1@group-883661F076CC-LeaderStateImpl
2024-02-09 18:34:11,728 [19714071-6985-4253-9bb3-86e59ac051d1@group-883661F076CC-LeaderElection24] INFO  server.RaftServer$Division (RaftServerImpl.java:setFirstElection(574)) - 19714071-6985-4253-9bb3-86e59ac051d1@group-883661F076CC: set firstElectionSinceStartup to false for becomeLeader
2024-02-09 18:34:11,728 [19714071-6985-4253-9bb3-86e59ac051d1@group-883661F076CC-LeaderElection24] INFO  ratis.XceiverServerRatis (XceiverServerRatis.java:handleLeaderChangedNotification(966)) - Leader change notification received for group: group-883661F076CC with new leaderId: 19714071-6985-4253-9bb3-86e59ac051d1
2024-02-09 18:34:11,728 [19714071-6985-4253-9bb3-86e59ac051d1@group-883661F076CC-LeaderElection24] INFO  server.RaftServer$Division (ServerState.java:setLeader(269)) - 19714071-6985-4253-9bb3-86e59ac051d1@group-883661F076CC: change Leader from null to 19714071-6985-4253-9bb3-86e59ac051d1 at term 1 for becomeLeader, leader elected after 5098ms
2024-02-09 18:34:11,728 [19714071-6985-4253-9bb3-86e59ac051d1@group-883661F076CC-LeaderElection24] INFO  segmented.SegmentedRaftLogWorker (SegmentedRaftLogWorker.java:startLogSegment(430)) - 19714071-6985-4253-9bb3-86e59ac051d1@group-883661F076CC-SegmentedRaftLogWorker: Starting segment from index:0
2024-02-09 18:34:11,729 [19714071-6985-4253-9bb3-86e59ac051d1@group-883661F076CC-LeaderElection24] INFO  server.RaftServer$Division (ServerState.java:setRaftConf(386)) - 19714071-6985-4253-9bb3-86e59ac051d1@group-883661F076CC: set configuration 0: peers:[19714071-6985-4253-9bb3-86e59ac051d1|10.1.0.43:15130]|listeners:[], old=null
2024-02-09 18:34:11,729 [19714071-6985-4253-9bb3-86e59ac051d1@group-883661F076CC-SegmentedRaftLogWorker] INFO  segmented.BufferedWriteChannel (BufferedWriteChannel.java:open(62)) - open log_inprogress_0 at position 0
2024-02-09 18:34:11,737 [19714071-6985-4253-9bb3-86e59ac051d1@group-883661F076CC-SegmentedRaftLogWorker] INFO  segmented.SegmentedRaftLogWorker (SegmentedRaftLogWorker.java:execute(634)) - 19714071-6985-4253-9bb3-86e59ac051d1@group-883661F076CC-SegmentedRaftLogWorker: created new log segment /home/runner/work/ozone/ozone/hadoop-ozone/integration-test/target/test-dir/MiniOzoneClusterImpl-2e7e0147-493e-4f7b-8772-843c2731e345/datanode-3/data/ratis/4f169573-c25f-413c-a30c-883661f076cc/current/log_inprogress_0
2024-02-09 18:34:11,738 [19714071-6985-4253-9bb3-86e59ac051d1@group-883661F076CC-StateMachineUpdater] INFO  server.RaftServer$Division (LeaderStateImpl.java:isApplied(320)) - leader is ready since appliedIndex == 0 >= startIndex == 0
2024-02-09 18:34:11,784 [c9aa2afb-1190-4a6b-bc65-38c12648ce52@group-7424B0B947B6-FollowerState] INFO  impl.FollowerState (FollowerState.java:run(143)) - c9aa2afb-1190-4a6b-bc65-38c12648ce52@group-7424B0B947B6-FollowerState: change to CANDIDATE, lastRpcElapsedTime:5106522321ns, electionTimeout:5100ms
2024-02-09 18:34:11,784 [c9aa2afb-1190-4a6b-bc65-38c12648ce52@group-7424B0B947B6-FollowerState] INFO  impl.RoleInfo (RoleInfo.java:shutdownFollowerState(110)) - c9aa2afb-1190-4a6b-bc65-38c12648ce52: shutdown c9aa2afb-1190-4a6b-bc65-38c12648ce52@group-7424B0B947B6-FollowerState
2024-02-09 18:34:11,785 [c9aa2afb-1190-4a6b-bc65-38c12648ce52@group-7424B0B947B6-FollowerState] INFO  server.RaftServer$Division (RaftServerImpl.java:setRole(383)) - c9aa2afb-1190-4a6b-bc65-38c12648ce52@group-7424B0B947B6: changes role from  FOLLOWER to CANDIDATE at term 0 for changeToCandidate
2024-02-09 18:34:11,785 [c9aa2afb-1190-4a6b-bc65-38c12648ce52@group-7424B0B947B6-FollowerState] INFO  server.RaftServerConfigKeys (ConfUtils.java:logGet(46)) - raft.server.leaderelection.pre-vote = true (default)
2024-02-09 18:34:11,785 [c9aa2afb-1190-4a6b-bc65-38c12648ce52@group-7424B0B947B6-FollowerState] INFO  impl.RoleInfo (RoleInfo.java:updateAndGet(139)) - c9aa2afb-1190-4a6b-bc65-38c12648ce52: start c9aa2afb-1190-4a6b-bc65-38c12648ce52@group-7424B0B947B6-LeaderElection25
2024-02-09 18:34:11,786 [c9aa2afb-1190-4a6b-bc65-38c12648ce52@group-7424B0B947B6-LeaderElection25] INFO  impl.LeaderElection (LeaderElection.java:askForVotes(321)) - c9aa2afb-1190-4a6b-bc65-38c12648ce52@group-7424B0B947B6-LeaderElection25 PRE_VOTE round 0: submit vote requests at term 0 for -1: peers:[c9aa2afb-1190-4a6b-bc65-38c12648ce52|10.1.0.43:15148, 19714071-6985-4253-9bb3-86e59ac051d1|10.1.0.43:15130, 50f87e96-d653-4358-9a58-224b3bed4094|10.1.0.43:15139]|listeners:[], old=null
2024-02-09 18:34:11,787 [c9aa2afb-1190-4a6b-bc65-38c12648ce52@group-7424B0B947B6-LeaderElection25-1] INFO  server.GrpcServerProtocolClient (GrpcServerProtocolClient.java:<init>(65)) - Build channel for 19714071-6985-4253-9bb3-86e59ac051d1|10.1.0.43:15130
2024-02-09 18:34:11,787 [c9aa2afb-1190-4a6b-bc65-38c12648ce52@group-7424B0B947B6-LeaderElection25-2] INFO  server.GrpcServerProtocolClient (GrpcServerProtocolClient.java:<init>(65)) - Build channel for 50f87e96-d653-4358-9a58-224b3bed4094|10.1.0.43:15139
2024-02-09 18:34:11,787 [c9aa2afb-1190-4a6b-bc65-38c12648ce52@group-7424B0B947B6-LeaderElection25] INFO  server.RaftServerConfigKeys (ConfUtils.java:logFallback(53)) - raft.server.rpc.first-election.timeout.min = 5s (fallback to raft.server.rpc.timeout.min)
2024-02-09 18:34:11,787 [c9aa2afb-1190-4a6b-bc65-38c12648ce52@group-7424B0B947B6-LeaderElection25] INFO  server.RaftServerConfigKeys (ConfUtils.java:logFallback(53)) - raft.server.rpc.first-election.timeout.max = 5200ms (fallback to raft.server.rpc.timeout.max)
2024-02-09 18:34:11,791 [grpc-default-executor-2] INFO  server.RaftServer$Division (RaftServerImpl.java:requestVote(1389)) - 50f87e96-d653-4358-9a58-224b3bed4094@group-7424B0B947B6: receive requestVote(PRE_VOTE, c9aa2afb-1190-4a6b-bc65-38c12648ce52, group-7424B0B947B6, 0, (t:0, i:0))
2024-02-09 18:34:11,791 [grpc-default-executor-3] INFO  server.RaftServer$Division (RaftServerImpl.java:requestVote(1389)) - 19714071-6985-4253-9bb3-86e59ac051d1@group-7424B0B947B6: receive requestVote(PRE_VOTE, c9aa2afb-1190-4a6b-bc65-38c12648ce52, group-7424B0B947B6, 0, (t:0, i:0))
2024-02-09 18:34:11,791 [grpc-default-executor-2] INFO  impl.VoteContext (VoteContext.java:log(49)) - 50f87e96-d653-4358-9a58-224b3bed4094@group-7424B0B947B6-FOLLOWER: accept PRE_VOTE from c9aa2afb-1190-4a6b-bc65-38c12648ce52: our priority 0 <= candidate's priority 0
2024-02-09 18:34:11,791 [grpc-default-executor-3] INFO  impl.VoteContext (VoteContext.java:log(49)) - 19714071-6985-4253-9bb3-86e59ac051d1@group-7424B0B947B6-FOLLOWER: reject PRE_VOTE from c9aa2afb-1190-4a6b-bc65-38c12648ce52: our priority 1 > candidate's priority 0
2024-02-09 18:34:11,791 [grpc-default-executor-2] INFO  server.RaftServer$Division (RaftServerImpl.java:requestVote(1422)) - 50f87e96-d653-4358-9a58-224b3bed4094@group-7424B0B947B6 replies to PRE_VOTE vote request: c9aa2afb-1190-4a6b-bc65-38c12648ce52<-50f87e96-d653-4358-9a58-224b3bed4094#0:OK-t0. Peer's state: 50f87e96-d653-4358-9a58-224b3bed4094@group-7424B0B947B6:t0, leader=null, voted=, raftlog=Memoized:50f87e96-d653-4358-9a58-224b3bed4094@group-7424B0B947B6-SegmentedRaftLog:OPENED:c-1, conf=-1: peers:[c9aa2afb-1190-4a6b-bc65-38c12648ce52|10.1.0.43:15148, 19714071-6985-4253-9bb3-86e59ac051d1|10.1.0.43:15130, 50f87e96-d653-4358-9a58-224b3bed4094|10.1.0.43:15139]|listeners:[], old=null
2024-02-09 18:34:11,791 [grpc-default-executor-3] INFO  server.RaftServer$Division (RaftServerImpl.java:requestVote(1422)) - 19714071-6985-4253-9bb3-86e59ac051d1@group-7424B0B947B6 replies to PRE_VOTE vote request: c9aa2afb-1190-4a6b-bc65-38c12648ce52<-19714071-6985-4253-9bb3-86e59ac051d1#0:FAIL-t0. Peer's state: 19714071-6985-4253-9bb3-86e59ac051d1@group-7424B0B947B6:t0, leader=null, voted=, raftlog=Memoized:19714071-6985-4253-9bb3-86e59ac051d1@group-7424B0B947B6-SegmentedRaftLog:OPENED:c-1, conf=-1: peers:[c9aa2afb-1190-4a6b-bc65-38c12648ce52|10.1.0.43:15148, 19714071-6985-4253-9bb3-86e59ac051d1|10.1.0.43:15130, 50f87e96-d653-4358-9a58-224b3bed4094|10.1.0.43:15139]|listeners:[], old=null
2024-02-09 18:34:11,794 [c9aa2afb-1190-4a6b-bc65-38c12648ce52@group-7424B0B947B6-LeaderElection25] INFO  impl.LeaderElection (LeaderElection.java:logAndReturn(89)) - c9aa2afb-1190-4a6b-bc65-38c12648ce52@group-7424B0B947B6-LeaderElection25: PRE_VOTE REJECTED received 2 response(s) and 0 exception(s):
2024-02-09 18:34:11,794 [c9aa2afb-1190-4a6b-bc65-38c12648ce52@group-7424B0B947B6-LeaderElection25] INFO  impl.LeaderElection (LeaderElection.java:logAndReturn(93)) -   Response 0: c9aa2afb-1190-4a6b-bc65-38c12648ce52<-19714071-6985-4253-9bb3-86e59ac051d1#0:FAIL-t0
2024-02-09 18:34:11,794 [c9aa2afb-1190-4a6b-bc65-38c12648ce52@group-7424B0B947B6-LeaderElection25] INFO  impl.LeaderElection (LeaderElection.java:logAndReturn(93)) -   Response 1: c9aa2afb-1190-4a6b-bc65-38c12648ce52<-50f87e96-d653-4358-9a58-224b3bed4094#0:OK-t0
2024-02-09 18:34:11,794 [c9aa2afb-1190-4a6b-bc65-38c12648ce52@group-7424B0B947B6-LeaderElection25] INFO  impl.LeaderElection (LeaderElection.java:askForVotes(323)) - c9aa2afb-1190-4a6b-bc65-38c12648ce52@group-7424B0B947B6-LeaderElection25 PRE_VOTE round 0: result REJECTED
2024-02-09 18:34:11,794 [c9aa2afb-1190-4a6b-bc65-38c12648ce52@group-7424B0B947B6-LeaderElection25] INFO  server.RaftServer$Division (RaftServerImpl.java:setRole(383)) - c9aa2afb-1190-4a6b-bc65-38c12648ce52@group-7424B0B947B6: changes role from CANDIDATE to FOLLOWER at term 0 for REJECTED
2024-02-09 18:34:11,794 [c9aa2afb-1190-4a6b-bc65-38c12648ce52@group-7424B0B947B6-LeaderElection25] INFO  impl.RoleInfo (RoleInfo.java:shutdownLeaderElection(130)) - c9aa2afb-1190-4a6b-bc65-38c12648ce52: shutdown c9aa2afb-1190-4a6b-bc65-38c12648ce52@group-7424B0B947B6-LeaderElection25
2024-02-09 18:34:11,794 [c9aa2afb-1190-4a6b-bc65-38c12648ce52@group-7424B0B947B6-LeaderElection25] INFO  impl.RoleInfo (RoleInfo.java:updateAndGet(139)) - c9aa2afb-1190-4a6b-bc65-38c12648ce52: start c9aa2afb-1190-4a6b-bc65-38c12648ce52@group-7424B0B947B6-FollowerState
2024-02-09 18:34:11,795 [c9aa2afb-1190-4a6b-bc65-38c12648ce52@group-7424B0B947B6-LeaderElection25] INFO  server.RaftServer$Division (RaftServerImpl.java:setFirstElection(574)) - c9aa2afb-1190-4a6b-bc65-38c12648ce52@group-7424B0B947B6: set firstElectionSinceStartup to false for REJECTED
2024-02-09 18:34:11,801 [19714071-6985-4253-9bb3-86e59ac051d1@group-7424B0B947B6-FollowerState] INFO  impl.FollowerState (FollowerState.java:run(143)) - 19714071-6985-4253-9bb3-86e59ac051d1@group-7424B0B947B6-FollowerState: change to CANDIDATE, lastRpcElapsedTime:5147413430ns, electionTimeout:5146ms
2024-02-09 18:34:11,801 [19714071-6985-4253-9bb3-86e59ac051d1@group-7424B0B947B6-FollowerState] INFO  impl.RoleInfo (RoleInfo.java:shutdownFollowerState(110)) - 19714071-6985-4253-9bb3-86e59ac051d1: shutdown 19714071-6985-4253-9bb3-86e59ac051d1@group-7424B0B947B6-FollowerState
2024-02-09 18:34:11,802 [19714071-6985-4253-9bb3-86e59ac051d1@group-7424B0B947B6-FollowerState] INFO  server.RaftServer$Division (RaftServerImpl.java:setRole(383)) - 19714071-6985-4253-9bb3-86e59ac051d1@group-7424B0B947B6: changes role from  FOLLOWER to CANDIDATE at term 0 for changeToCandidate
2024-02-09 18:34:11,802 [19714071-6985-4253-9bb3-86e59ac051d1@group-7424B0B947B6-FollowerState] INFO  server.RaftServerConfigKeys (ConfUtils.java:logGet(46)) - raft.server.leaderelection.pre-vote = true (default)
2024-02-09 18:34:11,802 [19714071-6985-4253-9bb3-86e59ac051d1@group-7424B0B947B6-FollowerState] INFO  impl.RoleInfo (RoleInfo.java:updateAndGet(139)) - 19714071-6985-4253-9bb3-86e59ac051d1: start 19714071-6985-4253-9bb3-86e59ac051d1@group-7424B0B947B6-LeaderElection26
2024-02-09 18:34:11,802 [19714071-6985-4253-9bb3-86e59ac051d1@group-7424B0B947B6-LeaderElection26] INFO  impl.LeaderElection (LeaderElection.java:askForVotes(321)) - 19714071-6985-4253-9bb3-86e59ac051d1@group-7424B0B947B6-LeaderElection26 PRE_VOTE round 0: submit vote requests at term 0 for -1: peers:[c9aa2afb-1190-4a6b-bc65-38c12648ce52|10.1.0.43:15148, 19714071-6985-4253-9bb3-86e59ac051d1|10.1.0.43:15130, 50f87e96-d653-4358-9a58-224b3bed4094|10.1.0.43:15139]|listeners:[], old=null
2024-02-09 18:34:11,803 [19714071-6985-4253-9bb3-86e59ac051d1@group-7424B0B947B6-LeaderElection26-1] INFO  server.GrpcServerProtocolClient (GrpcServerProtocolClient.java:<init>(65)) - Build channel for c9aa2afb-1190-4a6b-bc65-38c12648ce52|10.1.0.43:15148
2024-02-09 18:34:11,803 [19714071-6985-4253-9bb3-86e59ac051d1@group-7424B0B947B6-LeaderElection26-2] INFO  server.GrpcServerProtocolClient (GrpcServerProtocolClient.java:<init>(65)) - Build channel for 50f87e96-d653-4358-9a58-224b3bed4094|10.1.0.43:15139
2024-02-09 18:34:11,803 [19714071-6985-4253-9bb3-86e59ac051d1@group-7424B0B947B6-LeaderElection26] INFO  server.RaftServerConfigKeys (ConfUtils.java:logFallback(53)) - raft.server.rpc.first-election.timeout.min = 5s (fallback to raft.server.rpc.timeout.min)
2024-02-09 18:34:11,805 [19714071-6985-4253-9bb3-86e59ac051d1@group-7424B0B947B6-LeaderElection26] INFO  server.RaftServerConfigKeys (ConfUtils.java:logFallback(53)) - raft.server.rpc.first-election.timeout.max = 5200ms (fallback to raft.server.rpc.timeout.max)
2024-02-09 18:34:11,807 [grpc-default-executor-2] INFO  server.RaftServer$Division (RaftServerImpl.java:requestVote(1389)) - c9aa2afb-1190-4a6b-bc65-38c12648ce52@group-7424B0B947B6: receive requestVote(PRE_VOTE, 19714071-6985-4253-9bb3-86e59ac051d1, group-7424B0B947B6, 0, (t:0, i:0))
2024-02-09 18:34:11,807 [grpc-default-executor-3] INFO  server.RaftServer$Division (RaftServerImpl.java:requestVote(1389)) - 50f87e96-d653-4358-9a58-224b3bed4094@group-7424B0B947B6: receive requestVote(PRE_VOTE, 19714071-6985-4253-9bb3-86e59ac051d1, group-7424B0B947B6, 0, (t:0, i:0))
2024-02-09 18:34:11,808 [grpc-default-executor-2] INFO  impl.VoteContext (VoteContext.java:log(49)) - c9aa2afb-1190-4a6b-bc65-38c12648ce52@group-7424B0B947B6-FOLLOWER: accept PRE_VOTE from 19714071-6985-4253-9bb3-86e59ac051d1: our priority 0 <= candidate's priority 1
2024-02-09 18:34:11,808 [grpc-default-executor-2] INFO  server.RaftServer$Division (RaftServerImpl.java:requestVote(1422)) - c9aa2afb-1190-4a6b-bc65-38c12648ce52@group-7424B0B947B6 replies to PRE_VOTE vote request: 19714071-6985-4253-9bb3-86e59ac051d1<-c9aa2afb-1190-4a6b-bc65-38c12648ce52#0:OK-t0. Peer's state: c9aa2afb-1190-4a6b-bc65-38c12648ce52@group-7424B0B947B6:t0, leader=null, voted=, raftlog=Memoized:c9aa2afb-1190-4a6b-bc65-38c12648ce52@group-7424B0B947B6-SegmentedRaftLog:OPENED:c-1, conf=-1: peers:[c9aa2afb-1190-4a6b-bc65-38c12648ce52|10.1.0.43:15148, 19714071-6985-4253-9bb3-86e59ac051d1|10.1.0.43:15130, 50f87e96-d653-4358-9a58-224b3bed4094|10.1.0.43:15139]|listeners:[], old=null
2024-02-09 18:34:11,809 [grpc-default-executor-3] INFO  impl.VoteContext (VoteContext.java:log(49)) - 50f87e96-d653-4358-9a58-224b3bed4094@group-7424B0B947B6-FOLLOWER: accept PRE_VOTE from 19714071-6985-4253-9bb3-86e59ac051d1: our priority 0 <= candidate's priority 1
2024-02-09 18:34:11,810 [grpc-default-executor-3] INFO  server.RaftServer$Division (RaftServerImpl.java:requestVote(1422)) - 50f87e96-d653-4358-9a58-224b3bed4094@group-7424B0B947B6 replies to PRE_VOTE vote request: 19714071-6985-4253-9bb3-86e59ac051d1<-50f87e96-d653-4358-9a58-224b3bed4094#0:OK-t0. Peer's state: 50f87e96-d653-4358-9a58-224b3bed4094@group-7424B0B947B6:t0, leader=null, voted=, raftlog=Memoized:50f87e96-d653-4358-9a58-224b3bed4094@group-7424B0B947B6-SegmentedRaftLog:OPENED:c-1, conf=-1: peers:[c9aa2afb-1190-4a6b-bc65-38c12648ce52|10.1.0.43:15148, 19714071-6985-4253-9bb3-86e59ac051d1|10.1.0.43:15130, 50f87e96-d653-4358-9a58-224b3bed4094|10.1.0.43:15139]|listeners:[], old=null
2024-02-09 18:34:11,812 [19714071-6985-4253-9bb3-86e59ac051d1@group-7424B0B947B6-LeaderElection26] INFO  impl.LeaderElection (LeaderElection.java:logAndReturn(89)) - 19714071-6985-4253-9bb3-86e59ac051d1@group-7424B0B947B6-LeaderElection26: PRE_VOTE PASSED received 1 response(s) and 0 exception(s):
2024-02-09 18:34:11,812 [19714071-6985-4253-9bb3-86e59ac051d1@group-7424B0B947B6-LeaderElection26] INFO  impl.LeaderElection (LeaderElection.java:logAndReturn(93)) -   Response 0: 19714071-6985-4253-9bb3-86e59ac051d1<-c9aa2afb-1190-4a6b-bc65-38c12648ce52#0:OK-t0
2024-02-09 18:34:11,812 [19714071-6985-4253-9bb3-86e59ac051d1@group-7424B0B947B6-LeaderElection26] INFO  impl.LeaderElection (LeaderElection.java:askForVotes(323)) - 19714071-6985-4253-9bb3-86e59ac051d1@group-7424B0B947B6-LeaderElection26 PRE_VOTE round 0: result PASSED
2024-02-09 18:34:11,813 [19714071-6985-4253-9bb3-86e59ac051d1@group-7424B0B947B6-LeaderElection26] INFO  impl.LeaderElection (LeaderElection.java:askForVotes(321)) - 19714071-6985-4253-9bb3-86e59ac051d1@group-7424B0B947B6-LeaderElection26 ELECTION round 0: submit vote requests at term 1 for -1: peers:[c9aa2afb-1190-4a6b-bc65-38c12648ce52|10.1.0.43:15148, 19714071-6985-4253-9bb3-86e59ac051d1|10.1.0.43:15130, 50f87e96-d653-4358-9a58-224b3bed4094|10.1.0.43:15139]|listeners:[], old=null
2024-02-09 18:34:11,813 [19714071-6985-4253-9bb3-86e59ac051d1@group-7424B0B947B6-LeaderElection26] INFO  server.RaftServerConfigKeys (ConfUtils.java:logFallback(53)) - raft.server.rpc.first-election.timeout.min = 5s (fallback to raft.server.rpc.timeout.min)
2024-02-09 18:34:11,814 [19714071-6985-4253-9bb3-86e59ac051d1@group-7424B0B947B6-LeaderElection26] INFO  server.RaftServerConfigKeys (ConfUtils.java:logFallback(53)) - raft.server.rpc.first-election.timeout.max = 5200ms (fallback to raft.server.rpc.timeout.max)
2024-02-09 18:34:11,814 [grpc-default-executor-2] INFO  server.RaftServer$Division (RaftServerImpl.java:requestVote(1389)) - c9aa2afb-1190-4a6b-bc65-38c12648ce52@group-7424B0B947B6: receive requestVote(ELECTION, 19714071-6985-4253-9bb3-86e59ac051d1, group-7424B0B947B6, 1, (t:0, i:0))
2024-02-09 18:34:11,814 [grpc-default-executor-3] INFO  server.RaftServer$Division (RaftServerImpl.java:requestVote(1389)) - 50f87e96-d653-4358-9a58-224b3bed4094@group-7424B0B947B6: receive requestVote(ELECTION, 19714071-6985-4253-9bb3-86e59ac051d1, group-7424B0B947B6, 1, (t:0, i:0))
2024-02-09 18:34:11,814 [grpc-default-executor-2] INFO  impl.VoteContext (VoteContext.java:log(49)) - c9aa2afb-1190-4a6b-bc65-38c12648ce52@group-7424B0B947B6-FOLLOWER: accept ELECTION from 19714071-6985-4253-9bb3-86e59ac051d1: our priority 0 <= candidate's priority 1
2024-02-09 18:34:11,815 [grpc-default-executor-2] INFO  server.RaftServer$Division (RaftServerImpl.java:setRole(383)) - c9aa2afb-1190-4a6b-bc65-38c12648ce52@group-7424B0B947B6: changes role from  FOLLOWER to FOLLOWER at term 1 for candidate:19714071-6985-4253-9bb3-86e59ac051d1
2024-02-09 18:34:11,815 [grpc-default-executor-2] INFO  impl.RoleInfo (RoleInfo.java:shutdownFollowerState(110)) - c9aa2afb-1190-4a6b-bc65-38c12648ce52: shutdown c9aa2afb-1190-4a6b-bc65-38c12648ce52@group-7424B0B947B6-FollowerState
2024-02-09 18:34:11,815 [grpc-default-executor-2] INFO  impl.RoleInfo (RoleInfo.java:updateAndGet(139)) - c9aa2afb-1190-4a6b-bc65-38c12648ce52: start c9aa2afb-1190-4a6b-bc65-38c12648ce52@group-7424B0B947B6-FollowerState
2024-02-09 18:34:11,815 [grpc-default-executor-3] INFO  impl.VoteContext (VoteContext.java:log(49)) - 50f87e96-d653-4358-9a58-224b3bed4094@group-7424B0B947B6-FOLLOWER: accept ELECTION from 19714071-6985-4253-9bb3-86e59ac051d1: our priority 0 <= candidate's priority 1
2024-02-09 18:34:11,815 [c9aa2afb-1190-4a6b-bc65-38c12648ce52@group-7424B0B947B6-FollowerState] INFO  impl.FollowerState (FollowerState.java:run(152)) - c9aa2afb-1190-4a6b-bc65-38c12648ce52@group-7424B0B947B6-FollowerState was interrupted
2024-02-09 18:34:11,815 [grpc-default-executor-3] INFO  server.RaftServer$Division (RaftServerImpl.java:setRole(383)) - 50f87e96-d653-4358-9a58-224b3bed4094@group-7424B0B947B6: changes role from  FOLLOWER to FOLLOWER at term 1 for candidate:19714071-6985-4253-9bb3-86e59ac051d1
2024-02-09 18:34:11,815 [grpc-default-executor-3] INFO  impl.RoleInfo (RoleInfo.java:shutdownFollowerState(110)) - 50f87e96-d653-4358-9a58-224b3bed4094: shutdown 50f87e96-d653-4358-9a58-224b3bed4094@group-7424B0B947B6-FollowerState
2024-02-09 18:34:11,815 [grpc-default-executor-3] INFO  impl.RoleInfo (RoleInfo.java:updateAndGet(139)) - 50f87e96-d653-4358-9a58-224b3bed4094: start 50f87e96-d653-4358-9a58-224b3bed4094@group-7424B0B947B6-FollowerState
2024-02-09 18:34:11,815 [50f87e96-d653-4358-9a58-224b3bed4094@group-7424B0B947B6-FollowerState] INFO  impl.FollowerState (FollowerState.java:run(152)) - 50f87e96-d653-4358-9a58-224b3bed4094@group-7424B0B947B6-FollowerState was interrupted
2024-02-09 18:34:11,815 [grpc-default-executor-3] INFO  server.RaftServer$Division (RaftServerImpl.java:setFirstElection(574)) - 50f87e96-d653-4358-9a58-224b3bed4094@group-7424B0B947B6: set firstElectionSinceStartup to false for candidate:19714071-6985-4253-9bb3-86e59ac051d1
2024-02-09 18:34:11,816 [grpc-default-executor-2] INFO  server.RaftServer$Division (RaftServerImpl.java:requestVote(1422)) - c9aa2afb-1190-4a6b-bc65-38c12648ce52@group-7424B0B947B6 replies to ELECTION vote request: 19714071-6985-4253-9bb3-86e59ac051d1<-c9aa2afb-1190-4a6b-bc65-38c12648ce52#0:OK-t1. Peer's state: c9aa2afb-1190-4a6b-bc65-38c12648ce52@group-7424B0B947B6:t1, leader=null, voted=19714071-6985-4253-9bb3-86e59ac051d1, raftlog=Memoized:c9aa2afb-1190-4a6b-bc65-38c12648ce52@group-7424B0B947B6-SegmentedRaftLog:OPENED:c-1, conf=-1: peers:[c9aa2afb-1190-4a6b-bc65-38c12648ce52|10.1.0.43:15148, 19714071-6985-4253-9bb3-86e59ac051d1|10.1.0.43:15130, 50f87e96-d653-4358-9a58-224b3bed4094|10.1.0.43:15139]|listeners:[], old=null
2024-02-09 18:34:11,817 [grpc-default-executor-3] INFO  server.RaftServer$Division (RaftServerImpl.java:requestVote(1422)) - 50f87e96-d653-4358-9a58-224b3bed4094@group-7424B0B947B6 replies to ELECTION vote request: 19714071-6985-4253-9bb3-86e59ac051d1<-50f87e96-d653-4358-9a58-224b3bed4094#0:OK-t1. Peer's state: 50f87e96-d653-4358-9a58-224b3bed4094@group-7424B0B947B6:t1, leader=null, voted=19714071-6985-4253-9bb3-86e59ac051d1, raftlog=Memoized:50f87e96-d653-4358-9a58-224b3bed4094@group-7424B0B947B6-SegmentedRaftLog:OPENED:c-1, conf=-1: peers:[c9aa2afb-1190-4a6b-bc65-38c12648ce52|10.1.0.43:15148, 19714071-6985-4253-9bb3-86e59ac051d1|10.1.0.43:15130, 50f87e96-d653-4358-9a58-224b3bed4094|10.1.0.43:15139]|listeners:[], old=null
2024-02-09 18:34:11,817 [19714071-6985-4253-9bb3-86e59ac051d1@group-7424B0B947B6-LeaderElection26] INFO  impl.LeaderElection (LeaderElection.java:logAndReturn(89)) - 19714071-6985-4253-9bb3-86e59ac051d1@group-7424B0B947B6-LeaderElection26: ELECTION PASSED received 1 response(s) and 0 exception(s):
2024-02-09 18:34:11,817 [19714071-6985-4253-9bb3-86e59ac051d1@group-7424B0B947B6-LeaderElection26] INFO  impl.LeaderElection (LeaderElection.java:logAndReturn(93)) -   Response 0: 19714071-6985-4253-9bb3-86e59ac051d1<-50f87e96-d653-4358-9a58-224b3bed4094#0:OK-t1
2024-02-09 18:34:11,817 [19714071-6985-4253-9bb3-86e59ac051d1@group-7424B0B947B6-LeaderElection26] INFO  impl.LeaderElection (LeaderElection.java:askForVotes(323)) - 19714071-6985-4253-9bb3-86e59ac051d1@group-7424B0B947B6-LeaderElection26 ELECTION round 0: result PASSED
2024-02-09 18:34:11,817 [19714071-6985-4253-9bb3-86e59ac051d1@group-7424B0B947B6-LeaderElection26] INFO  impl.RoleInfo (RoleInfo.java:shutdownLeaderElection(130)) - 19714071-6985-4253-9bb3-86e59ac051d1: shutdown 19714071-6985-4253-9bb3-86e59ac051d1@group-7424B0B947B6-LeaderElection26
2024-02-09 18:34:11,817 [19714071-6985-4253-9bb3-86e59ac051d1@group-7424B0B947B6-LeaderElection26] INFO  server.RaftServer$Division (RaftServerImpl.java:setRole(383)) - 19714071-6985-4253-9bb3-86e59ac051d1@group-7424B0B947B6: changes role from CANDIDATE to LEADER at term 1 for changeToLeader
2024-02-09 18:34:11,817 [19714071-6985-4253-9bb3-86e59ac051d1@group-7424B0B947B6-LeaderElection26] INFO  server.RaftServerConfigKeys (ConfUtils.java:logGet(46)) - raft.server.staging.catchup.gap = 1000 (default)
2024-02-09 18:34:11,818 [19714071-6985-4253-9bb3-86e59ac051d1@group-7424B0B947B6-LeaderElection26] INFO  server.RaftServerConfigKeys (ConfUtils.java:logGet(46)) - raft.server.write.element-limit = 1024 (custom)
2024-02-09 18:34:11,818 [19714071-6985-4253-9bb3-86e59ac051d1@group-7424B0B947B6-LeaderElection26] INFO  server.RaftServerConfigKeys (ConfUtils.java:logGet(46)) - raft.server.write.byte-limit = 1024 M (=1073741824) (custom)
2024-02-09 18:34:11,818 [19714071-6985-4253-9bb3-86e59ac051d1@group-7424B0B947B6-LeaderElection26] INFO  server.RaftServerConfigKeys (ConfUtils.java:logGet(46)) - raft.server.watch.timeout = 3000ms (custom)
2024-02-09 18:34:11,818 [19714071-6985-4253-9bb3-86e59ac051d1@group-7424B0B947B6-LeaderElection26] INFO  server.RaftServerConfigKeys (ConfUtils.java:logGet(46)) - raft.server.watch.timeout.denomination = 1s (default)
2024-02-09 18:34:11,818 [19714071-6985-4253-9bb3-86e59ac051d1@group-7424B0B947B6-LeaderElection26] INFO  server.RaftServerConfigKeys (ConfUtils.java:logGet(46)) - raft.server.watch.element-limit = 65536 (default)
2024-02-09 18:34:11,818 [19714071-6985-4253-9bb3-86e59ac051d1@group-7424B0B947B6-LeaderElection26] INFO  server.RaftServerConfigKeys (ConfUtils.java:logGet(46)) - raft.server.read.leader.lease.enabled = false (default)
2024-02-09 18:34:11,818 [19714071-6985-4253-9bb3-86e59ac051d1@group-7424B0B947B6-LeaderElection26] INFO  server.RaftServerConfigKeys (ConfUtils.java:logGet(46)) - raft.server.read.leader.lease.timeout.ratio = 0.9 (default)
2024-02-09 18:34:11,818 [19714071-6985-4253-9bb3-86e59ac051d1@group-7424B0B947B6-LeaderElection26] INFO  server.RaftServerConfigKeys (ConfUtils.java:logGet(46)) - raft.server.rpc.timeout.min = 5s (custom)
2024-02-09 18:34:11,818 [19714071-6985-4253-9bb3-86e59ac051d1@group-7424B0B947B6-LeaderElection26] INFO  server.RaftServerConfigKeys (ConfUtils.java:logGet(46)) - raft.server.write.element-limit = 1024 (custom)
2024-02-09 18:34:11,818 [19714071-6985-4253-9bb3-86e59ac051d1@group-7424B0B947B6-LeaderElection26] INFO  server.RaftServerConfigKeys (ConfUtils.java:logGet(46)) - raft.server.write.follower.gap.ratio.max = -1.0 (default)
2024-02-09 18:34:11,819 [19714071-6985-4253-9bb3-86e59ac051d1@group-7424B0B947B6-LeaderElection26] INFO  server.RaftServerConfigKeys (ConfUtils.java:logGet(46)) - raft.server.log.appender.snapshot.chunk.size.max = 16MB (=16777216) (default)
2024-02-09 18:34:11,819 [19714071-6985-4253-9bb3-86e59ac051d1@group-7424B0B947B6-LeaderElection26] INFO  server.RaftServerConfigKeys (ConfUtils.java:logGet(46)) - raft.server.log.appender.buffer.byte-limit = 8388608 (custom)
2024-02-09 18:34:11,819 [19714071-6985-4253-9bb3-86e59ac051d1@group-7424B0B947B6-LeaderElection26] INFO  server.RaftServerConfigKeys (ConfUtils.java:logGet(46)) - raft.server.log.appender.buffer.element-limit = 1 (custom)
2024-02-09 18:34:11,819 [19714071-6985-4253-9bb3-86e59ac051d1@group-7424B0B947B6-LeaderElection26] INFO  server.RaftServerConfigKeys (ConfUtils.java:logGet(46)) - raft.server.log.appender.wait-time.min = 0ms (custom)
2024-02-09 18:34:11,820 [19714071-6985-4253-9bb3-86e59ac051d1@group-7424B0B947B6-LeaderElection26] INFO  grpc.GrpcConfigKeys (ConfUtils.java:logGet(46)) - raft.grpc.server.leader.outstanding.appends.max = 8 (default)
2024-02-09 18:34:11,820 [19714071-6985-4253-9bb3-86e59ac051d1@group-7424B0B947B6-LeaderElection26] INFO  server.RaftServerConfigKeys (ConfUtils.java:logGet(46)) - raft.server.rpc.request.timeout = 3000ms (default)
2024-02-09 18:34:11,820 [19714071-6985-4253-9bb3-86e59ac051d1@group-7424B0B947B6-LeaderElection26] INFO  grpc.GrpcConfigKeys (ConfUtils.java:logGet(46)) - raft.grpc.server.install_snapshot.request.element-limit = 8 (default)
2024-02-09 18:34:11,821 [19714071-6985-4253-9bb3-86e59ac051d1@group-7424B0B947B6-LeaderElection26] INFO  grpc.GrpcConfigKeys (ConfUtils.java:logGet(46)) - raft.grpc.server.install_snapshot.request.timeout = 3000ms (default)
2024-02-09 18:34:11,821 [19714071-6985-4253-9bb3-86e59ac051d1@group-7424B0B947B6-LeaderElection26] INFO  grpc.GrpcConfigKeys (ConfUtils.java:logGet(46)) - raft.grpc.server.log-message.batch.duration = 5s (default)
2024-02-09 18:34:11,821 [19714071-6985-4253-9bb3-86e59ac051d1@group-7424B0B947B6-LeaderElection26] INFO  server.RaftServerConfigKeys (ConfUtils.java:logGet(46)) - raft.server.log.appender.install.snapshot.enabled = false (custom)
2024-02-09 18:34:11,821 [19714071-6985-4253-9bb3-86e59ac051d1@group-7424B0B947B6-LeaderElection26] INFO  grpc.GrpcConfigKeys (ConfUtils.java:logGet(46)) - raft.grpc.server.heartbeat.channel = true (default)
2024-02-09 18:34:11,822 [19714071-6985-4253-9bb3-86e59ac051d1@group-7424B0B947B6-LeaderElection26] INFO  server.RaftServerConfigKeys (ConfUtils.java:logGet(46)) - raft.server.log.appender.snapshot.chunk.size.max = 16MB (=16777216) (default)
2024-02-09 18:34:11,822 [19714071-6985-4253-9bb3-86e59ac051d1@group-7424B0B947B6-LeaderElection26] INFO  server.RaftServerConfigKeys (ConfUtils.java:logGet(46)) - raft.server.log.appender.buffer.byte-limit = 8388608 (custom)
2024-02-09 18:34:11,822 [19714071-6985-4253-9bb3-86e59ac051d1@group-7424B0B947B6-LeaderElection26] INFO  server.RaftServerConfigKeys (ConfUtils.java:logGet(46)) - raft.server.log.appender.buffer.element-limit = 1 (custom)
2024-02-09 18:34:11,822 [19714071-6985-4253-9bb3-86e59ac051d1@group-7424B0B947B6-LeaderElection26] INFO  server.RaftServerConfigKeys (ConfUtils.java:logGet(46)) - raft.server.log.appender.wait-time.min = 0ms (custom)
2024-02-09 18:34:11,822 [19714071-6985-4253-9bb3-86e59ac051d1@group-7424B0B947B6-LeaderElection26] INFO  grpc.GrpcConfigKeys (ConfUtils.java:logGet(46)) - raft.grpc.server.leader.outstanding.appends.max = 8 (default)
2024-02-09 18:34:11,822 [19714071-6985-4253-9bb3-86e59ac051d1@group-7424B0B947B6-LeaderElection26] INFO  server.RaftServerConfigKeys (ConfUtils.java:logGet(46)) - raft.server.rpc.request.timeout = 3000ms (default)
2024-02-09 18:34:11,822 [19714071-6985-4253-9bb3-86e59ac051d1@group-7424B0B947B6-LeaderElection26] INFO  grpc.GrpcConfigKeys (ConfUtils.java:logGet(46)) - raft.grpc.server.install_snapshot.request.element-limit = 8 (default)
2024-02-09 18:34:11,822 [19714071-6985-4253-9bb3-86e59ac051d1@group-7424B0B947B6-LeaderElection26] INFO  grpc.GrpcConfigKeys (ConfUtils.java:logGet(46)) - raft.grpc.server.install_snapshot.request.timeout = 3000ms (default)
2024-02-09 18:34:11,823 [19714071-6985-4253-9bb3-86e59ac051d1@group-7424B0B947B6-LeaderElection26] INFO  grpc.GrpcConfigKeys (ConfUtils.java:logGet(46)) - raft.grpc.server.log-message.batch.duration = 5s (default)
2024-02-09 18:34:11,823 [19714071-6985-4253-9bb3-86e59ac051d1@group-7424B0B947B6-LeaderElection26] INFO  server.RaftServerConfigKeys (ConfUtils.java:logGet(46)) - raft.server.log.appender.install.snapshot.enabled = false (custom)
2024-02-09 18:34:11,823 [19714071-6985-4253-9bb3-86e59ac051d1@group-7424B0B947B6-LeaderElection26] INFO  grpc.GrpcConfigKeys (ConfUtils.java:logGet(46)) - raft.grpc.server.heartbeat.channel = true (default)
2024-02-09 18:34:11,823 [19714071-6985-4253-9bb3-86e59ac051d1@group-7424B0B947B6-LeaderElection26] INFO  impl.RoleInfo (RoleInfo.java:updateAndGet(139)) - 19714071-6985-4253-9bb3-86e59ac051d1: start 19714071-6985-4253-9bb3-86e59ac051d1@group-7424B0B947B6-LeaderStateImpl
2024-02-09 18:34:11,823 [19714071-6985-4253-9bb3-86e59ac051d1@group-7424B0B947B6-LeaderElection26] INFO  server.RaftServer$Division (RaftServerImpl.java:setFirstElection(574)) - 19714071-6985-4253-9bb3-86e59ac051d1@group-7424B0B947B6: set firstElectionSinceStartup to false for becomeLeader
2024-02-09 18:34:11,823 [19714071-6985-4253-9bb3-86e59ac051d1@group-7424B0B947B6-LeaderElection26] INFO  ratis.XceiverServerRatis (XceiverServerRatis.java:handleLeaderChangedNotification(966)) - Leader change notification received for group: group-7424B0B947B6 with new leaderId: 19714071-6985-4253-9bb3-86e59ac051d1
2024-02-09 18:34:11,823 [19714071-6985-4253-9bb3-86e59ac051d1@group-7424B0B947B6-LeaderElection26] INFO  server.RaftServer$Division (ServerState.java:setLeader(269)) - 19714071-6985-4253-9bb3-86e59ac051d1@group-7424B0B947B6: change Leader from null to 19714071-6985-4253-9bb3-86e59ac051d1 at term 1 for becomeLeader, leader elected after 5179ms
2024-02-09 18:34:11,823 [19714071-6985-4253-9bb3-86e59ac051d1@group-7424B0B947B6-LeaderElection26] INFO  segmented.SegmentedRaftLogWorker (SegmentedRaftLogWorker.java:startLogSegment(430)) - 19714071-6985-4253-9bb3-86e59ac051d1@group-7424B0B947B6-SegmentedRaftLogWorker: Starting segment from index:0
2024-02-09 18:34:11,824 [19714071-6985-4253-9bb3-86e59ac051d1@group-7424B0B947B6-SegmentedRaftLogWorker] INFO  segmented.BufferedWriteChannel (BufferedWriteChannel.java:open(62)) - open log_inprogress_0 at position 0
2024-02-09 18:34:11,828 [19714071-6985-4253-9bb3-86e59ac051d1@group-7424B0B947B6-LeaderElection26] INFO  server.RaftServer$Division (ServerState.java:setRaftConf(386)) - 19714071-6985-4253-9bb3-86e59ac051d1@group-7424B0B947B6: set configuration 0: peers:[c9aa2afb-1190-4a6b-bc65-38c12648ce52|10.1.0.43:15148, 19714071-6985-4253-9bb3-86e59ac051d1|10.1.0.43:15130, 50f87e96-d653-4358-9a58-224b3bed4094|10.1.0.43:15139]|listeners:[], old=null
2024-02-09 18:34:11,829 [EventQueue-PipelineReportForPipelineReportHandler] INFO  pipeline.PipelineReportHandler (PipelineReportHandler.java:processPipelineReport(136)) - Opened pipeline PipelineID=2096f0bd-b3eb-436c-9982-7424b0b947b6
2024-02-09 18:34:11,832 [50f87e96-d653-4358-9a58-224b3bed4094-server-thread1] INFO  ratis.XceiverServerRatis (XceiverServerRatis.java:handleLeaderChangedNotification(966)) - Leader change notification received for group: group-7424B0B947B6 with new leaderId: 19714071-6985-4253-9bb3-86e59ac051d1
2024-02-09 18:34:11,833 [50f87e96-d653-4358-9a58-224b3bed4094-server-thread1] INFO  server.RaftServer$Division (ServerState.java:setLeader(269)) - 50f87e96-d653-4358-9a58-224b3bed4094@group-7424B0B947B6: change Leader from null to 19714071-6985-4253-9bb3-86e59ac051d1 at term 1 for appendEntries, leader elected after 5135ms
2024-02-09 18:34:11,833 [c9aa2afb-1190-4a6b-bc65-38c12648ce52-server-thread1] INFO  ratis.XceiverServerRatis (XceiverServerRatis.java:handleLeaderChangedNotification(966)) - Leader change notification received for group: group-7424B0B947B6 with new leaderId: 19714071-6985-4253-9bb3-86e59ac051d1
2024-02-09 18:34:11,833 [c9aa2afb-1190-4a6b-bc65-38c12648ce52-server-thread1] INFO  server.RaftServer$Division (ServerState.java:setLeader(269)) - c9aa2afb-1190-4a6b-bc65-38c12648ce52@group-7424B0B947B6: change Leader from null to 19714071-6985-4253-9bb3-86e59ac051d1 at term 1 for appendEntries, leader elected after 5166ms
2024-02-09 18:34:11,834 [19714071-6985-4253-9bb3-86e59ac051d1@group-7424B0B947B6-SegmentedRaftLogWorker] INFO  segmented.SegmentedRaftLogWorker (SegmentedRaftLogWorker.java:execute(634)) - 19714071-6985-4253-9bb3-86e59ac051d1@group-7424B0B947B6-SegmentedRaftLogWorker: created new log segment /home/runner/work/ozone/ozone/hadoop-ozone/integration-test/target/test-dir/MiniOzoneClusterImpl-2e7e0147-493e-4f7b-8772-843c2731e345/datanode-3/data/ratis/2096f0bd-b3eb-436c-9982-7424b0b947b6/current/log_inprogress_0
2024-02-09 18:34:11,837 [c9aa2afb-1190-4a6b-bc65-38c12648ce52-server-thread2] INFO  server.RaftServer$Division (ServerState.java:setRaftConf(386)) - c9aa2afb-1190-4a6b-bc65-38c12648ce52@group-7424B0B947B6: set configuration 0: peers:[c9aa2afb-1190-4a6b-bc65-38c12648ce52|10.1.0.43:15148, 19714071-6985-4253-9bb3-86e59ac051d1|10.1.0.43:15130, 50f87e96-d653-4358-9a58-224b3bed4094|10.1.0.43:15139]|listeners:[], old=null
2024-02-09 18:34:11,838 [c9aa2afb-1190-4a6b-bc65-38c12648ce52-server-thread2] INFO  segmented.SegmentedRaftLogWorker (SegmentedRaftLogWorker.java:startLogSegment(430)) - c9aa2afb-1190-4a6b-bc65-38c12648ce52@group-7424B0B947B6-SegmentedRaftLogWorker: Starting segment from index:0
2024-02-09 18:34:11,838 [50f87e96-d653-4358-9a58-224b3bed4094-server-thread2] INFO  server.RaftServer$Division (ServerState.java:setRaftConf(386)) - 50f87e96-d653-4358-9a58-224b3bed4094@group-7424B0B947B6: set configuration 0: peers:[c9aa2afb-1190-4a6b-bc65-38c12648ce52|10.1.0.43:15148, 19714071-6985-4253-9bb3-86e59ac051d1|10.1.0.43:15130, 50f87e96-d653-4358-9a58-224b3bed4094|10.1.0.43:15139]|listeners:[], old=null
2024-02-09 18:34:11,839 [50f87e96-d653-4358-9a58-224b3bed4094-server-thread2] INFO  segmented.SegmentedRaftLogWorker (SegmentedRaftLogWorker.java:startLogSegment(430)) - 50f87e96-d653-4358-9a58-224b3bed4094@group-7424B0B947B6-SegmentedRaftLogWorker: Starting segment from index:0
2024-02-09 18:34:11,839 [c9aa2afb-1190-4a6b-bc65-38c12648ce52@group-7424B0B947B6-SegmentedRaftLogWorker] INFO  segmented.BufferedWriteChannel (BufferedWriteChannel.java:open(62)) - open log_inprogress_0 at position 0
2024-02-09 18:34:11,839 [50f87e96-d653-4358-9a58-224b3bed4094@group-7424B0B947B6-SegmentedRaftLogWorker] INFO  segmented.BufferedWriteChannel (BufferedWriteChannel.java:open(62)) - open log_inprogress_0 at position 0
2024-02-09 18:34:11,849 [c9aa2afb-1190-4a6b-bc65-38c12648ce52@group-7424B0B947B6-SegmentedRaftLogWorker] INFO  segmented.SegmentedRaftLogWorker (SegmentedRaftLogWorker.java:execute(634)) - c9aa2afb-1190-4a6b-bc65-38c12648ce52@group-7424B0B947B6-SegmentedRaftLogWorker: created new log segment /home/runner/work/ozone/ozone/hadoop-ozone/integration-test/target/test-dir/MiniOzoneClusterImpl-2e7e0147-493e-4f7b-8772-843c2731e345/datanode-5/data/ratis/2096f0bd-b3eb-436c-9982-7424b0b947b6/current/log_inprogress_0
2024-02-09 18:34:11,849 [50f87e96-d653-4358-9a58-224b3bed4094@group-7424B0B947B6-SegmentedRaftLogWorker] INFO  segmented.SegmentedRaftLogWorker (SegmentedRaftLogWorker.java:execute(634)) - 50f87e96-d653-4358-9a58-224b3bed4094@group-7424B0B947B6-SegmentedRaftLogWorker: created new log segment /home/runner/work/ozone/ozone/hadoop-ozone/integration-test/target/test-dir/MiniOzoneClusterImpl-2e7e0147-493e-4f7b-8772-843c2731e345/datanode-4/data/ratis/2096f0bd-b3eb-436c-9982-7424b0b947b6/current/log_inprogress_0
2024-02-09 18:34:11,851 [19714071-6985-4253-9bb3-86e59ac051d1@group-7424B0B947B6-StateMachineUpdater] INFO  server.RaftServer$Division (LeaderStateImpl.java:isApplied(320)) - leader is ready since appliedIndex == 0 >= startIndex == 0
2024-02-09 18:34:11,925 [50f87e96-d653-4358-9a58-224b3bed4094@group-32B47A74D0A4-FollowerState] INFO  impl.FollowerState (FollowerState.java:run(143)) - 50f87e96-d653-4358-9a58-224b3bed4094@group-32B47A74D0A4-FollowerState: change to CANDIDATE, lastRpcElapsedTime:5175953108ns, electionTimeout:5175ms
2024-02-09 18:34:11,925 [50f87e96-d653-4358-9a58-224b3bed4094@group-32B47A74D0A4-FollowerState] INFO  impl.RoleInfo (RoleInfo.java:shutdownFollowerState(110)) - 50f87e96-d653-4358-9a58-224b3bed4094: shutdown 50f87e96-d653-4358-9a58-224b3bed4094@group-32B47A74D0A4-FollowerState
2024-02-09 18:34:11,925 [50f87e96-d653-4358-9a58-224b3bed4094@group-32B47A74D0A4-FollowerState] INFO  server.RaftServer$Division (RaftServerImpl.java:setRole(383)) - 50f87e96-d653-4358-9a58-224b3bed4094@group-32B47A74D0A4: changes role from  FOLLOWER to CANDIDATE at term 0 for changeToCandidate
2024-02-09 18:34:11,925 [50f87e96-d653-4358-9a58-224b3bed4094@group-32B47A74D0A4-FollowerState] INFO  server.RaftServerConfigKeys (ConfUtils.java:logGet(46)) - raft.server.leaderelection.pre-vote = true (default)
2024-02-09 18:34:11,925 [50f87e96-d653-4358-9a58-224b3bed4094@group-32B47A74D0A4-FollowerState] INFO  impl.RoleInfo (RoleInfo.java:updateAndGet(139)) - 50f87e96-d653-4358-9a58-224b3bed4094: start 50f87e96-d653-4358-9a58-224b3bed4094@group-32B47A74D0A4-LeaderElection27
2024-02-09 18:34:11,927 [50f87e96-d653-4358-9a58-224b3bed4094@group-32B47A74D0A4-LeaderElection27] INFO  impl.LeaderElection (LeaderElection.java:askForVotes(321)) - 50f87e96-d653-4358-9a58-224b3bed4094@group-32B47A74D0A4-LeaderElection27 PRE_VOTE round 0: submit vote requests at term 0 for -1: peers:[50f87e96-d653-4358-9a58-224b3bed4094|10.1.0.43:15139]|listeners:[], old=null
2024-02-09 18:34:11,927 [50f87e96-d653-4358-9a58-224b3bed4094@group-32B47A74D0A4-LeaderElection27] INFO  impl.LeaderElection (LeaderElection.java:askForVotes(323)) - 50f87e96-d653-4358-9a58-224b3bed4094@group-32B47A74D0A4-LeaderElection27 PRE_VOTE round 0: result PASSED (term=0)
2024-02-09 18:34:11,928 [50f87e96-d653-4358-9a58-224b3bed4094@group-32B47A74D0A4-LeaderElection27] INFO  impl.LeaderElection (LeaderElection.java:askForVotes(321)) - 50f87e96-d653-4358-9a58-224b3bed4094@group-32B47A74D0A4-LeaderElection27 ELECTION round 0: submit vote requests at term 1 for -1: peers:[50f87e96-d653-4358-9a58-224b3bed4094|10.1.0.43:15139]|listeners:[], old=null
2024-02-09 18:34:11,928 [50f87e96-d653-4358-9a58-224b3bed4094@group-32B47A74D0A4-LeaderElection27] INFO  impl.LeaderElection (LeaderElection.java:askForVotes(323)) - 50f87e96-d653-4358-9a58-224b3bed4094@group-32B47A74D0A4-LeaderElection27 ELECTION round 0: result PASSED (term=1)
2024-02-09 18:34:11,928 [50f87e96-d653-4358-9a58-224b3bed4094@group-32B47A74D0A4-LeaderElection27] INFO  impl.RoleInfo (RoleInfo.java:shutdownLeaderElection(130)) - 50f87e96-d653-4358-9a58-224b3bed4094: shutdown 50f87e96-d653-4358-9a58-224b3bed4094@group-32B47A74D0A4-LeaderElection27
2024-02-09 18:34:11,928 [50f87e96-d653-4358-9a58-224b3bed4094@group-32B47A74D0A4-LeaderElection27] INFO  server.RaftServer$Division (RaftServerImpl.java:setRole(383)) - 50f87e96-d653-4358-9a58-224b3bed4094@group-32B47A74D0A4: changes role from CANDIDATE to LEADER at term 1 for changeToLeader
2024-02-09 18:34:11,928 [50f87e96-d653-4358-9a58-224b3bed4094@group-32B47A74D0A4-LeaderElection27] INFO  server.RaftServerConfigKeys (ConfUtils.java:logGet(46)) - raft.server.staging.catchup.gap = 1000 (default)
2024-02-09 18:34:11,928 [50f87e96-d653-4358-9a58-224b3bed4094@group-32B47A74D0A4-LeaderElection27] INFO  server.RaftServerConfigKeys (ConfUtils.java:logGet(46)) - raft.server.write.element-limit = 1024 (custom)
2024-02-09 18:34:11,928 [50f87e96-d653-4358-9a58-224b3bed4094@group-32B47A74D0A4-LeaderElection27] INFO  server.RaftServerConfigKeys (ConfUtils.java:logGet(46)) - raft.server.write.byte-limit = 1024 M (=1073741824) (custom)
2024-02-09 18:34:11,929 [50f87e96-d653-4358-9a58-224b3bed4094@group-32B47A74D0A4-LeaderElection27] INFO  server.RaftServerConfigKeys (ConfUtils.java:logGet(46)) - raft.server.watch.timeout = 3000ms (custom)
2024-02-09 18:34:11,929 [50f87e96-d653-4358-9a58-224b3bed4094@group-32B47A74D0A4-LeaderElection27] INFO  server.RaftServerConfigKeys (ConfUtils.java:logGet(46)) - raft.server.watch.timeout.denomination = 1s (default)
2024-02-09 18:34:11,929 [50f87e96-d653-4358-9a58-224b3bed4094@group-32B47A74D0A4-LeaderElection27] INFO  server.RaftServerConfigKeys (ConfUtils.java:logGet(46)) - raft.server.watch.element-limit = 65536 (default)
2024-02-09 18:34:11,929 [50f87e96-d653-4358-9a58-224b3bed4094@group-32B47A74D0A4-LeaderElection27] INFO  server.RaftServerConfigKeys (ConfUtils.java:logGet(46)) - raft.server.read.leader.lease.enabled = false (default)
2024-02-09 18:34:11,929 [50f87e96-d653-4358-9a58-224b3bed4094@group-32B47A74D0A4-LeaderElection27] INFO  server.RaftServerConfigKeys (ConfUtils.java:logGet(46)) - raft.server.read.leader.lease.timeout.ratio = 0.9 (default)
2024-02-09 18:34:11,929 [50f87e96-d653-4358-9a58-224b3bed4094@group-32B47A74D0A4-LeaderElection27] INFO  server.RaftServerConfigKeys (ConfUtils.java:logGet(46)) - raft.server.rpc.timeout.min = 5s (custom)
2024-02-09 18:34:11,929 [50f87e96-d653-4358-9a58-224b3bed4094@group-32B47A74D0A4-LeaderElection27] INFO  server.RaftServerConfigKeys (ConfUtils.java:logGet(46)) - raft.server.write.element-limit = 1024 (custom)
2024-02-09 18:34:11,929 [50f87e96-d653-4358-9a58-224b3bed4094@group-32B47A74D0A4-LeaderElection27] INFO  server.RaftServerConfigKeys (ConfUtils.java:logGet(46)) - raft.server.write.follower.gap.ratio.max = -1.0 (default)
2024-02-09 18:34:11,929 [50f87e96-d653-4358-9a58-224b3bed4094@group-32B47A74D0A4-LeaderElection27] INFO  impl.RoleInfo (RoleInfo.java:updateAndGet(139)) - 50f87e96-d653-4358-9a58-224b3bed4094: start 50f87e96-d653-4358-9a58-224b3bed4094@group-32B47A74D0A4-LeaderStateImpl
2024-02-09 18:34:11,929 [50f87e96-d653-4358-9a58-224b3bed4094@group-32B47A74D0A4-LeaderElection27] INFO  server.RaftServer$Division (RaftServerImpl.java:setFirstElection(574)) - 50f87e96-d653-4358-9a58-224b3bed4094@group-32B47A74D0A4: set firstElectionSinceStartup to false for becomeLeader
2024-02-09 18:34:11,929 [50f87e96-d653-4358-9a58-224b3bed4094@group-32B47A74D0A4-LeaderElection27] INFO  ratis.XceiverServerRatis (XceiverServerRatis.java:handleLeaderChangedNotification(966)) - Leader change notification received for group: group-32B47A74D0A4 with new leaderId: 50f87e96-d653-4358-9a58-224b3bed4094
2024-02-09 18:34:11,929 [50f87e96-d653-4358-9a58-224b3bed4094@group-32B47A74D0A4-LeaderElection27] INFO  server.RaftServer$Division (ServerState.java:setLeader(269)) - 50f87e96-d653-4358-9a58-224b3bed4094@group-32B47A74D0A4: change Leader from null to 50f87e96-d653-4358-9a58-224b3bed4094 at term 1 for becomeLeader, leader elected after 5190ms
2024-02-09 18:34:11,930 [50f87e96-d653-4358-9a58-224b3bed4094@group-32B47A74D0A4-LeaderElection27] INFO  segmented.SegmentedRaftLogWorker (SegmentedRaftLogWorker.java:startLogSegment(430)) - 50f87e96-d653-4358-9a58-224b3bed4094@group-32B47A74D0A4-SegmentedRaftLogWorker: Starting segment from index:0
2024-02-09 18:34:11,930 [50f87e96-d653-4358-9a58-224b3bed4094@group-32B47A74D0A4-SegmentedRaftLogWorker] INFO  segmented.BufferedWriteChannel (BufferedWriteChannel.java:open(62)) - open log_inprogress_0 at position 0
2024-02-09 18:34:11,932 [50f87e96-d653-4358-9a58-224b3bed4094@group-32B47A74D0A4-LeaderElection27] INFO  server.RaftServer$Division (ServerState.java:setRaftConf(386)) - 50f87e96-d653-4358-9a58-224b3bed4094@group-32B47A74D0A4: set configuration 0: peers:[50f87e96-d653-4358-9a58-224b3bed4094|10.1.0.43:15139]|listeners:[], old=null
2024-02-09 18:34:11,937 [50f87e96-d653-4358-9a58-224b3bed4094@group-32B47A74D0A4-SegmentedRaftLogWorker] INFO  segmented.SegmentedRaftLogWorker (SegmentedRaftLogWorker.java:execute(634)) - 50f87e96-d653-4358-9a58-224b3bed4094@group-32B47A74D0A4-SegmentedRaftLogWorker: created new log segment /home/runner/work/ozone/ozone/hadoop-ozone/integration-test/target/test-dir/MiniOzoneClusterImpl-2e7e0147-493e-4f7b-8772-843c2731e345/datanode-4/data/ratis/d9f1df6b-2b86-4810-b733-32b47a74d0a4/current/log_inprogress_0
2024-02-09 18:34:11,938 [50f87e96-d653-4358-9a58-224b3bed4094@group-32B47A74D0A4-StateMachineUpdater] INFO  server.RaftServer$Division (LeaderStateImpl.java:isApplied(320)) - leader is ready since appliedIndex == 0 >= startIndex == 0
2024-02-09 18:34:11,947 [c9aa2afb-1190-4a6b-bc65-38c12648ce52@group-68E6024F257B-FollowerState] INFO  impl.FollowerState (FollowerState.java:run(143)) - c9aa2afb-1190-4a6b-bc65-38c12648ce52@group-68E6024F257B-FollowerState: change to CANDIDATE, lastRpcElapsedTime:5091484677ns, electionTimeout:5091ms
2024-02-09 18:34:11,947 [c9aa2afb-1190-4a6b-bc65-38c12648ce52@group-68E6024F257B-FollowerState] INFO  impl.RoleInfo (RoleInfo.java:shutdownFollowerState(110)) - c9aa2afb-1190-4a6b-bc65-38c12648ce52: shutdown c9aa2afb-1190-4a6b-bc65-38c12648ce52@group-68E6024F257B-FollowerState
2024-02-09 18:34:11,947 [c9aa2afb-1190-4a6b-bc65-38c12648ce52@group-68E6024F257B-FollowerState] INFO  server.RaftServer$Division (RaftServerImpl.java:setRole(383)) - c9aa2afb-1190-4a6b-bc65-38c12648ce52@group-68E6024F257B: changes role from  FOLLOWER to CANDIDATE at term 0 for changeToCandidate
2024-02-09 18:34:11,947 [c9aa2afb-1190-4a6b-bc65-38c12648ce52@group-68E6024F257B-FollowerState] INFO  server.RaftServerConfigKeys (ConfUtils.java:logGet(46)) - raft.server.leaderelection.pre-vote = true (default)
2024-02-09 18:34:11,947 [c9aa2afb-1190-4a6b-bc65-38c12648ce52@group-68E6024F257B-FollowerState] INFO  impl.RoleInfo (RoleInfo.java:updateAndGet(139)) - c9aa2afb-1190-4a6b-bc65-38c12648ce52: start c9aa2afb-1190-4a6b-bc65-38c12648ce52@group-68E6024F257B-LeaderElection28
2024-02-09 18:34:11,949 [c9aa2afb-1190-4a6b-bc65-38c12648ce52@group-68E6024F257B-LeaderElection28] INFO  impl.LeaderElection (LeaderElection.java:askForVotes(321)) - c9aa2afb-1190-4a6b-bc65-38c12648ce52@group-68E6024F257B-LeaderElection28 PRE_VOTE round 0: submit vote requests at term 0 for -1: peers:[c9aa2afb-1190-4a6b-bc65-38c12648ce52|10.1.0.43:15148]|listeners:[], old=null
2024-02-09 18:34:11,949 [c9aa2afb-1190-4a6b-bc65-38c12648ce52@group-68E6024F257B-LeaderElection28] INFO  impl.LeaderElection (LeaderElection.java:askForVotes(323)) - c9aa2afb-1190-4a6b-bc65-38c12648ce52@group-68E6024F257B-LeaderElection28 PRE_VOTE round 0: result PASSED (term=0)
2024-02-09 18:34:11,950 [c9aa2afb-1190-4a6b-bc65-38c12648ce52@group-68E6024F257B-LeaderElection28] INFO  impl.LeaderElection (LeaderElection.java:askForVotes(321)) - c9aa2afb-1190-4a6b-bc65-38c12648ce52@group-68E6024F257B-LeaderElection28 ELECTION round 0: submit vote requests at term 1 for -1: peers:[c9aa2afb-1190-4a6b-bc65-38c12648ce52|10.1.0.43:15148]|listeners:[], old=null
2024-02-09 18:34:11,950 [c9aa2afb-1190-4a6b-bc65-38c12648ce52@group-68E6024F257B-LeaderElection28] INFO  impl.LeaderElection (LeaderElection.java:askForVotes(323)) - c9aa2afb-1190-4a6b-bc65-38c12648ce52@group-68E6024F257B-LeaderElection28 ELECTION round 0: result PASSED (term=1)
2024-02-09 18:34:11,950 [c9aa2afb-1190-4a6b-bc65-38c12648ce52@group-68E6024F257B-LeaderElection28] INFO  impl.RoleInfo (RoleInfo.java:shutdownLeaderElection(130)) - c9aa2afb-1190-4a6b-bc65-38c12648ce52: shutdown c9aa2afb-1190-4a6b-bc65-38c12648ce52@group-68E6024F257B-LeaderElection28
2024-02-09 18:34:11,950 [c9aa2afb-1190-4a6b-bc65-38c12648ce52@group-68E6024F257B-LeaderElection28] INFO  server.RaftServer$Division (RaftServerImpl.java:setRole(383)) - c9aa2afb-1190-4a6b-bc65-38c12648ce52@group-68E6024F257B: changes role from CANDIDATE to LEADER at term 1 for changeToLeader
2024-02-09 18:34:11,950 [c9aa2afb-1190-4a6b-bc65-38c12648ce52@group-68E6024F257B-LeaderElection28] INFO  server.RaftServerConfigKeys (ConfUtils.java:logGet(46)) - raft.server.staging.catchup.gap = 1000 (default)
2024-02-09 18:34:11,950 [c9aa2afb-1190-4a6b-bc65-38c12648ce52@group-68E6024F257B-LeaderElection28] INFO  server.RaftServerConfigKeys (ConfUtils.java:logGet(46)) - raft.server.write.element-limit = 1024 (custom)
2024-02-09 18:34:11,950 [c9aa2afb-1190-4a6b-bc65-38c12648ce52@group-68E6024F257B-LeaderElection28] INFO  server.RaftServerConfigKeys (ConfUtils.java:logGet(46)) - raft.server.write.byte-limit = 1024 M (=1073741824) (custom)
2024-02-09 18:34:11,950 [c9aa2afb-1190-4a6b-bc65-38c12648ce52@group-68E6024F257B-LeaderElection28] INFO  server.RaftServerConfigKeys (ConfUtils.java:logGet(46)) - raft.server.watch.timeout = 3000ms (custom)
2024-02-09 18:34:11,950 [c9aa2afb-1190-4a6b-bc65-38c12648ce52@group-68E6024F257B-LeaderElection28] INFO  server.RaftServerConfigKeys (ConfUtils.java:logGet(46)) - raft.server.watch.timeout.denomination = 1s (default)
2024-02-09 18:34:11,950 [c9aa2afb-1190-4a6b-bc65-38c12648ce52@group-68E6024F257B-LeaderElection28] INFO  server.RaftServerConfigKeys (ConfUtils.java:logGet(46)) - raft.server.watch.element-limit = 65536 (default)
2024-02-09 18:34:11,951 [c9aa2afb-1190-4a6b-bc65-38c12648ce52@group-68E6024F257B-LeaderElection28] INFO  server.RaftServerConfigKeys (ConfUtils.java:logGet(46)) - raft.server.read.leader.lease.enabled = false (default)
2024-02-09 18:34:11,951 [c9aa2afb-1190-4a6b-bc65-38c12648ce52@group-68E6024F257B-LeaderElection28] INFO  server.RaftServerConfigKeys (ConfUtils.java:logGet(46)) - raft.server.read.leader.lease.timeout.ratio = 0.9 (default)
2024-02-09 18:34:11,951 [c9aa2afb-1190-4a6b-bc65-38c12648ce52@group-68E6024F257B-LeaderElection28] INFO  server.RaftServerConfigKeys (ConfUtils.java:logGet(46)) - raft.server.rpc.timeout.min = 5s (custom)
2024-02-09 18:34:11,951 [c9aa2afb-1190-4a6b-bc65-38c12648ce52@group-68E6024F257B-LeaderElection28] INFO  server.RaftServerConfigKeys (ConfUtils.java:logGet(46)) - raft.server.write.element-limit = 1024 (custom)
2024-02-09 18:34:11,951 [c9aa2afb-1190-4a6b-bc65-38c12648ce52@group-68E6024F257B-LeaderElection28] INFO  server.RaftServerConfigKeys (ConfUtils.java:logGet(46)) - raft.server.write.follower.gap.ratio.max = -1.0 (default)
2024-02-09 18:34:11,951 [c9aa2afb-1190-4a6b-bc65-38c12648ce52@group-68E6024F257B-LeaderElection28] INFO  impl.RoleInfo (RoleInfo.java:updateAndGet(139)) - c9aa2afb-1190-4a6b-bc65-38c12648ce52: start c9aa2afb-1190-4a6b-bc65-38c12648ce52@group-68E6024F257B-LeaderStateImpl
2024-02-09 18:34:11,951 [c9aa2afb-1190-4a6b-bc65-38c12648ce52@group-68E6024F257B-LeaderElection28] INFO  server.RaftServer$Division (RaftServerImpl.java:setFirstElection(574)) - c9aa2afb-1190-4a6b-bc65-38c12648ce52@group-68E6024F257B: set firstElectionSinceStartup to false for becomeLeader
2024-02-09 18:34:11,951 [c9aa2afb-1190-4a6b-bc65-38c12648ce52@group-68E6024F257B-LeaderElection28] INFO  ratis.XceiverServerRatis (XceiverServerRatis.java:handleLeaderChangedNotification(966)) - Leader change notification received for group: group-68E6024F257B with new leaderId: c9aa2afb-1190-4a6b-bc65-38c12648ce52
2024-02-09 18:34:11,951 [c9aa2afb-1190-4a6b-bc65-38c12648ce52@group-68E6024F257B-LeaderElection28] INFO  server.RaftServer$Division (ServerState.java:setLeader(269)) - c9aa2afb-1190-4a6b-bc65-38c12648ce52@group-68E6024F257B: change Leader from null to c9aa2afb-1190-4a6b-bc65-38c12648ce52 at term 1 for becomeLeader, leader elected after 5106ms
2024-02-09 18:34:11,951 [c9aa2afb-1190-4a6b-bc65-38c12648ce52@group-68E6024F257B-LeaderElection28] INFO  segmented.SegmentedRaftLogWorker (SegmentedRaftLogWorker.java:startLogSegment(430)) - c9aa2afb-1190-4a6b-bc65-38c12648ce52@group-68E6024F257B-SegmentedRaftLogWorker: Starting segment from index:0
2024-02-09 18:34:11,952 [c9aa2afb-1190-4a6b-bc65-38c12648ce52@group-68E6024F257B-SegmentedRaftLogWorker] INFO  segmented.BufferedWriteChannel (BufferedWriteChannel.java:open(62)) - open log_inprogress_0 at position 0
2024-02-09 18:34:11,956 [c9aa2afb-1190-4a6b-bc65-38c12648ce52@group-68E6024F257B-LeaderElection28] INFO  server.RaftServer$Division (ServerState.java:setRaftConf(386)) - c9aa2afb-1190-4a6b-bc65-38c12648ce52@group-68E6024F257B: set configuration 0: peers:[c9aa2afb-1190-4a6b-bc65-38c12648ce52|10.1.0.43:15148]|listeners:[], old=null
2024-02-09 18:34:11,961 [c9aa2afb-1190-4a6b-bc65-38c12648ce52@group-68E6024F257B-SegmentedRaftLogWorker] INFO  segmented.SegmentedRaftLogWorker (SegmentedRaftLogWorker.java:execute(634)) - c9aa2afb-1190-4a6b-bc65-38c12648ce52@group-68E6024F257B-SegmentedRaftLogWorker: created new log segment /home/runner/work/ozone/ozone/hadoop-ozone/integration-test/target/test-dir/MiniOzoneClusterImpl-2e7e0147-493e-4f7b-8772-843c2731e345/datanode-5/data/ratis/6dce6a42-23f9-4e49-a3d3-68e6024f257b/current/log_inprogress_0
2024-02-09 18:34:11,964 [c9aa2afb-1190-4a6b-bc65-38c12648ce52@group-68E6024F257B-StateMachineUpdater] INFO  server.RaftServer$Division (LeaderStateImpl.java:isApplied(320)) - leader is ready since appliedIndex == 0 >= startIndex == 0
2024-02-09 18:34:12,004 [e0b7932e-07c7-4e56-8d6e-0757004eb8fd@group-2CCA92768612-FollowerState] INFO  impl.FollowerState (FollowerState.java:run(143)) - e0b7932e-07c7-4e56-8d6e-0757004eb8fd@group-2CCA92768612-FollowerState: change to CANDIDATE, lastRpcElapsedTime:5014197899ns, electionTimeout:5013ms
2024-02-09 18:34:12,004 [e0b7932e-07c7-4e56-8d6e-0757004eb8fd@group-2CCA92768612-FollowerState] INFO  impl.RoleInfo (RoleInfo.java:shutdownFollowerState(110)) - e0b7932e-07c7-4e56-8d6e-0757004eb8fd: shutdown e0b7932e-07c7-4e56-8d6e-0757004eb8fd@group-2CCA92768612-FollowerState
2024-02-09 18:34:12,004 [e0b7932e-07c7-4e56-8d6e-0757004eb8fd@group-2CCA92768612-FollowerState] INFO  server.RaftServer$Division (RaftServerImpl.java:setRole(383)) - e0b7932e-07c7-4e56-8d6e-0757004eb8fd@group-2CCA92768612: changes role from  FOLLOWER to CANDIDATE at term 0 for changeToCandidate
2024-02-09 18:34:12,004 [e0b7932e-07c7-4e56-8d6e-0757004eb8fd@group-2CCA92768612-FollowerState] INFO  server.RaftServerConfigKeys (ConfUtils.java:logGet(46)) - raft.server.leaderelection.pre-vote = true (default)
2024-02-09 18:34:12,004 [e0b7932e-07c7-4e56-8d6e-0757004eb8fd@group-2CCA92768612-FollowerState] INFO  impl.RoleInfo (RoleInfo.java:updateAndGet(139)) - e0b7932e-07c7-4e56-8d6e-0757004eb8fd: start e0b7932e-07c7-4e56-8d6e-0757004eb8fd@group-2CCA92768612-LeaderElection29
2024-02-09 18:34:12,005 [e0b7932e-07c7-4e56-8d6e-0757004eb8fd@group-2CCA92768612-LeaderElection29] INFO  impl.LeaderElection (LeaderElection.java:askForVotes(321)) - e0b7932e-07c7-4e56-8d6e-0757004eb8fd@group-2CCA92768612-LeaderElection29 PRE_VOTE round 0: submit vote requests at term 0 for -1: peers:[e0b7932e-07c7-4e56-8d6e-0757004eb8fd|10.1.0.43:15166, a04b3fda-42d1-4ee5-9233-bf3df18c72ca|10.1.0.43:15175, 77dd9a00-e29a-4211-83f1-3973ef1a3290|10.1.0.43:15157]|listeners:[], old=null
2024-02-09 18:34:12,006 [e0b7932e-07c7-4e56-8d6e-0757004eb8fd@group-2CCA92768612-LeaderElection29-1] INFO  server.GrpcServerProtocolClient (GrpcServerProtocolClient.java:<init>(65)) - Build channel for a04b3fda-42d1-4ee5-9233-bf3df18c72ca|10.1.0.43:15175
2024-02-09 18:34:12,006 [e0b7932e-07c7-4e56-8d6e-0757004eb8fd@group-2CCA92768612-LeaderElection29] INFO  server.RaftServerConfigKeys (ConfUtils.java:logFallback(53)) - raft.server.rpc.first-election.timeout.min = 5s (fallback to raft.server.rpc.timeout.min)
2024-02-09 18:34:12,006 [e0b7932e-07c7-4e56-8d6e-0757004eb8fd@group-2CCA92768612-LeaderElection29-2] INFO  server.GrpcServerProtocolClient (GrpcServerProtocolClient.java:<init>(65)) - Build channel for 77dd9a00-e29a-4211-83f1-3973ef1a3290|10.1.0.43:15157
2024-02-09 18:34:12,006 [e0b7932e-07c7-4e56-8d6e-0757004eb8fd@group-2CCA92768612-LeaderElection29] INFO  server.RaftServerConfigKeys (ConfUtils.java:logFallback(53)) - raft.server.rpc.first-election.timeout.max = 5200ms (fallback to raft.server.rpc.timeout.max)
2024-02-09 18:34:12,010 [grpc-default-executor-0] INFO  server.RaftServer$Division (RaftServerImpl.java:requestVote(1389)) - a04b3fda-42d1-4ee5-9233-bf3df18c72ca@group-2CCA92768612: receive requestVote(PRE_VOTE, e0b7932e-07c7-4e56-8d6e-0757004eb8fd, group-2CCA92768612, 0, (t:0, i:0))
2024-02-09 18:34:12,010 [grpc-default-executor-2] INFO  server.RaftServer$Division (RaftServerImpl.java:requestVote(1389)) - 77dd9a00-e29a-4211-83f1-3973ef1a3290@group-2CCA92768612: receive requestVote(PRE_VOTE, e0b7932e-07c7-4e56-8d6e-0757004eb8fd, group-2CCA92768612, 0, (t:0, i:0))
2024-02-09 18:34:12,010 [grpc-default-executor-2] INFO  impl.VoteContext (VoteContext.java:log(49)) - 77dd9a00-e29a-4211-83f1-3973ef1a3290@group-2CCA92768612-FOLLOWER: accept PRE_VOTE from e0b7932e-07c7-4e56-8d6e-0757004eb8fd: our priority 0 <= candidate's priority 1
2024-02-09 18:34:12,010 [grpc-default-executor-2] INFO  server.RaftServer$Division (RaftServerImpl.java:requestVote(1422)) - 77dd9a00-e29a-4211-83f1-3973ef1a3290@group-2CCA92768612 replies to PRE_VOTE vote request: e0b7932e-07c7-4e56-8d6e-0757004eb8fd<-77dd9a00-e29a-4211-83f1-3973ef1a3290#0:OK-t0. Peer's state: 77dd9a00-e29a-4211-83f1-3973ef1a3290@group-2CCA92768612:t0, leader=null, voted=, raftlog=Memoized:77dd9a00-e29a-4211-83f1-3973ef1a3290@group-2CCA92768612-SegmentedRaftLog:OPENED:c-1, conf=-1: peers:[e0b7932e-07c7-4e56-8d6e-0757004eb8fd|10.1.0.43:15166, a04b3fda-42d1-4ee5-9233-bf3df18c72ca|10.1.0.43:15175, 77dd9a00-e29a-4211-83f1-3973ef1a3290|10.1.0.43:15157]|listeners:[], old=null
2024-02-09 18:34:12,010 [grpc-default-executor-0] INFO  impl.VoteContext (VoteContext.java:log(49)) - a04b3fda-42d1-4ee5-9233-bf3df18c72ca@group-2CCA92768612-FOLLOWER: accept PRE_VOTE from e0b7932e-07c7-4e56-8d6e-0757004eb8fd: our priority 0 <= candidate's priority 1
2024-02-09 18:34:12,012 [grpc-default-executor-0] INFO  server.RaftServer$Division (RaftServerImpl.java:requestVote(1422)) - a04b3fda-42d1-4ee5-9233-bf3df18c72ca@group-2CCA92768612 replies to PRE_VOTE vote request: e0b7932e-07c7-4e56-8d6e-0757004eb8fd<-a04b3fda-42d1-4ee5-9233-bf3df18c72ca#0:OK-t0. Peer's state: a04b3fda-42d1-4ee5-9233-bf3df18c72ca@group-2CCA92768612:t0, leader=null, voted=, raftlog=Memoized:a04b3fda-42d1-4ee5-9233-bf3df18c72ca@group-2CCA92768612-SegmentedRaftLog:OPENED:c-1, conf=-1: peers:[e0b7932e-07c7-4e56-8d6e-0757004eb8fd|10.1.0.43:15166, a04b3fda-42d1-4ee5-9233-bf3df18c72ca|10.1.0.43:15175, 77dd9a00-e29a-4211-83f1-3973ef1a3290|10.1.0.43:15157]|listeners:[], old=null
2024-02-09 18:34:12,013 [e0b7932e-07c7-4e56-8d6e-0757004eb8fd@group-2CCA92768612-LeaderElection29] INFO  impl.LeaderElection (LeaderElection.java:logAndReturn(89)) - e0b7932e-07c7-4e56-8d6e-0757004eb8fd@group-2CCA92768612-LeaderElection29: PRE_VOTE PASSED received 1 response(s) and 0 exception(s):
2024-02-09 18:34:12,013 [e0b7932e-07c7-4e56-8d6e-0757004eb8fd@group-2CCA92768612-LeaderElection29] INFO  impl.LeaderElection (LeaderElection.java:logAndReturn(93)) -   Response 0: e0b7932e-07c7-4e56-8d6e-0757004eb8fd<-77dd9a00-e29a-4211-83f1-3973ef1a3290#0:OK-t0
2024-02-09 18:34:12,013 [e0b7932e-07c7-4e56-8d6e-0757004eb8fd@group-2CCA92768612-LeaderElection29] INFO  impl.LeaderElection (LeaderElection.java:askForVotes(323)) - e0b7932e-07c7-4e56-8d6e-0757004eb8fd@group-2CCA92768612-LeaderElection29 PRE_VOTE round 0: result PASSED
2024-02-09 18:34:12,014 [e0b7932e-07c7-4e56-8d6e-0757004eb8fd@group-2CCA92768612-LeaderElection29] INFO  impl.LeaderElection (LeaderElection.java:askForVotes(321)) - e0b7932e-07c7-4e56-8d6e-0757004eb8fd@group-2CCA92768612-LeaderElection29 ELECTION round 0: submit vote requests at term 1 for -1: peers:[e0b7932e-07c7-4e56-8d6e-0757004eb8fd|10.1.0.43:15166, a04b3fda-42d1-4ee5-9233-bf3df18c72ca|10.1.0.43:15175, 77dd9a00-e29a-4211-83f1-3973ef1a3290|10.1.0.43:15157]|listeners:[], old=null
2024-02-09 18:34:12,015 [e0b7932e-07c7-4e56-8d6e-0757004eb8fd@group-2CCA92768612-LeaderElection29] INFO  server.RaftServerConfigKeys (ConfUtils.java:logFallback(53)) - raft.server.rpc.first-election.timeout.min = 5s (fallback to raft.server.rpc.timeout.min)
2024-02-09 18:34:12,015 [e0b7932e-07c7-4e56-8d6e-0757004eb8fd@group-2CCA92768612-LeaderElection29] INFO  server.RaftServerConfigKeys (ConfUtils.java:logFallback(53)) - raft.server.rpc.first-election.timeout.max = 5200ms (fallback to raft.server.rpc.timeout.max)
2024-02-09 18:34:12,015 [grpc-default-executor-0] INFO  server.RaftServer$Division (RaftServerImpl.java:requestVote(1389)) - a04b3fda-42d1-4ee5-9233-bf3df18c72ca@group-2CCA92768612: receive requestVote(ELECTION, e0b7932e-07c7-4e56-8d6e-0757004eb8fd, group-2CCA92768612, 1, (t:0, i:0))
2024-02-09 18:34:12,016 [grpc-default-executor-0] INFO  impl.VoteContext (VoteContext.java:log(49)) - a04b3fda-42d1-4ee5-9233-bf3df18c72ca@group-2CCA92768612-FOLLOWER: accept ELECTION from e0b7932e-07c7-4e56-8d6e-0757004eb8fd: our priority 0 <= candidate's priority 1
2024-02-09 18:34:12,016 [grpc-default-executor-0] INFO  server.RaftServer$Division (RaftServerImpl.java:setRole(383)) - a04b3fda-42d1-4ee5-9233-bf3df18c72ca@group-2CCA92768612: changes role from  FOLLOWER to FOLLOWER at term 1 for candidate:e0b7932e-07c7-4e56-8d6e-0757004eb8fd
2024-02-09 18:34:12,016 [grpc-default-executor-0] INFO  impl.RoleInfo (RoleInfo.java:shutdownFollowerState(110)) - a04b3fda-42d1-4ee5-9233-bf3df18c72ca: shutdown a04b3fda-42d1-4ee5-9233-bf3df18c72ca@group-2CCA92768612-FollowerState
2024-02-09 18:34:12,016 [grpc-default-executor-2] INFO  server.RaftServer$Division (RaftServerImpl.java:requestVote(1389)) - 77dd9a00-e29a-4211-83f1-3973ef1a3290@group-2CCA92768612: receive requestVote(ELECTION, e0b7932e-07c7-4e56-8d6e-0757004eb8fd, group-2CCA92768612, 1, (t:0, i:0))
2024-02-09 18:34:12,016 [grpc-default-executor-0] INFO  impl.RoleInfo (RoleInfo.java:updateAndGet(139)) - a04b3fda-42d1-4ee5-9233-bf3df18c72ca: start a04b3fda-42d1-4ee5-9233-bf3df18c72ca@group-2CCA92768612-FollowerState
2024-02-09 18:34:12,016 [grpc-default-executor-2] INFO  impl.VoteContext (VoteContext.java:log(49)) - 77dd9a00-e29a-4211-83f1-3973ef1a3290@group-2CCA92768612-FOLLOWER: accept ELECTION from e0b7932e-07c7-4e56-8d6e-0757004eb8fd: our priority 0 <= candidate's priority 1
2024-02-09 18:34:12,016 [grpc-default-executor-0] INFO  server.RaftServer$Division (RaftServerImpl.java:setFirstElection(574)) - a04b3fda-42d1-4ee5-9233-bf3df18c72ca@group-2CCA92768612: set firstElectionSinceStartup to false for candidate:e0b7932e-07c7-4e56-8d6e-0757004eb8fd
2024-02-09 18:34:12,016 [grpc-default-executor-2] INFO  server.RaftServer$Division (RaftServerImpl.java:setRole(383)) - 77dd9a00-e29a-4211-83f1-3973ef1a3290@group-2CCA92768612: changes role from  FOLLOWER to FOLLOWER at term 1 for candidate:e0b7932e-07c7-4e56-8d6e-0757004eb8fd
2024-02-09 18:34:12,016 [grpc-default-executor-2] INFO  impl.RoleInfo (RoleInfo.java:shutdownFollowerState(110)) - 77dd9a00-e29a-4211-83f1-3973ef1a3290: shutdown 77dd9a00-e29a-4211-83f1-3973ef1a3290@group-2CCA92768612-FollowerState
2024-02-09 18:34:12,016 [a04b3fda-42d1-4ee5-9233-bf3df18c72ca@group-2CCA92768612-FollowerState] INFO  impl.FollowerState (FollowerState.java:run(152)) - a04b3fda-42d1-4ee5-9233-bf3df18c72ca@group-2CCA92768612-FollowerState was interrupted
2024-02-09 18:34:12,016 [grpc-default-executor-2] INFO  impl.RoleInfo (RoleInfo.java:updateAndGet(139)) - 77dd9a00-e29a-4211-83f1-3973ef1a3290: start 77dd9a00-e29a-4211-83f1-3973ef1a3290@group-2CCA92768612-FollowerState
2024-02-09 18:34:12,017 [grpc-default-executor-2] INFO  server.RaftServer$Division (RaftServerImpl.java:setFirstElection(574)) - 77dd9a00-e29a-4211-83f1-3973ef1a3290@group-2CCA92768612: set firstElectionSinceStartup to false for candidate:e0b7932e-07c7-4e56-8d6e-0757004eb8fd
2024-02-09 18:34:12,017 [77dd9a00-e29a-4211-83f1-3973ef1a3290@group-2CCA92768612-FollowerState] INFO  impl.FollowerState (FollowerState.java:run(152)) - 77dd9a00-e29a-4211-83f1-3973ef1a3290@group-2CCA92768612-FollowerState was interrupted
2024-02-09 18:34:12,018 [grpc-default-executor-2] INFO  server.RaftServer$Division (RaftServerImpl.java:requestVote(1422)) - 77dd9a00-e29a-4211-83f1-3973ef1a3290@group-2CCA92768612 replies to ELECTION vote request: e0b7932e-07c7-4e56-8d6e-0757004eb8fd<-77dd9a00-e29a-4211-83f1-3973ef1a3290#0:OK-t1. Peer's state: 77dd9a00-e29a-4211-83f1-3973ef1a3290@group-2CCA92768612:t1, leader=null, voted=e0b7932e-07c7-4e56-8d6e-0757004eb8fd, raftlog=Memoized:77dd9a00-e29a-4211-83f1-3973ef1a3290@group-2CCA92768612-SegmentedRaftLog:OPENED:c-1, conf=-1: peers:[e0b7932e-07c7-4e56-8d6e-0757004eb8fd|10.1.0.43:15166, a04b3fda-42d1-4ee5-9233-bf3df18c72ca|10.1.0.43:15175, 77dd9a00-e29a-4211-83f1-3973ef1a3290|10.1.0.43:15157]|listeners:[], old=null
2024-02-09 18:34:12,019 [grpc-default-executor-0] INFO  server.RaftServer$Division (RaftServerImpl.java:requestVote(1422)) - a04b3fda-42d1-4ee5-9233-bf3df18c72ca@group-2CCA92768612 replies to ELECTION vote request: e0b7932e-07c7-4e56-8d6e-0757004eb8fd<-a04b3fda-42d1-4ee5-9233-bf3df18c72ca#0:OK-t1. Peer's state: a04b3fda-42d1-4ee5-9233-bf3df18c72ca@group-2CCA92768612:t1, leader=null, voted=e0b7932e-07c7-4e56-8d6e-0757004eb8fd, raftlog=Memoized:a04b3fda-42d1-4ee5-9233-bf3df18c72ca@group-2CCA92768612-SegmentedRaftLog:OPENED:c-1, conf=-1: peers:[e0b7932e-07c7-4e56-8d6e-0757004eb8fd|10.1.0.43:15166, a04b3fda-42d1-4ee5-9233-bf3df18c72ca|10.1.0.43:15175, 77dd9a00-e29a-4211-83f1-3973ef1a3290|10.1.0.43:15157]|listeners:[], old=null
2024-02-09 18:34:12,019 [e0b7932e-07c7-4e56-8d6e-0757004eb8fd@group-2CCA92768612-LeaderElection29] INFO  impl.LeaderElection (LeaderElection.java:logAndReturn(89)) - e0b7932e-07c7-4e56-8d6e-0757004eb8fd@group-2CCA92768612-LeaderElection29: ELECTION PASSED received 1 response(s) and 0 exception(s):
2024-02-09 18:34:12,019 [e0b7932e-07c7-4e56-8d6e-0757004eb8fd@group-2CCA92768612-LeaderElection29] INFO  impl.LeaderElection (LeaderElection.java:logAndReturn(93)) -   Response 0: e0b7932e-07c7-4e56-8d6e-0757004eb8fd<-77dd9a00-e29a-4211-83f1-3973ef1a3290#0:OK-t1
2024-02-09 18:34:12,019 [e0b7932e-07c7-4e56-8d6e-0757004eb8fd@group-2CCA92768612-LeaderElection29] INFO  impl.LeaderElection (LeaderElection.java:askForVotes(323)) - e0b7932e-07c7-4e56-8d6e-0757004eb8fd@group-2CCA92768612-LeaderElection29 ELECTION round 0: result PASSED
2024-02-09 18:34:12,019 [e0b7932e-07c7-4e56-8d6e-0757004eb8fd@group-2CCA92768612-LeaderElection29] INFO  impl.RoleInfo (RoleInfo.java:shutdownLeaderElection(130)) - e0b7932e-07c7-4e56-8d6e-0757004eb8fd: shutdown e0b7932e-07c7-4e56-8d6e-0757004eb8fd@group-2CCA92768612-LeaderElection29
2024-02-09 18:34:12,019 [e0b7932e-07c7-4e56-8d6e-0757004eb8fd@group-2CCA92768612-LeaderElection29] INFO  server.RaftServer$Division (RaftServerImpl.java:setRole(383)) - e0b7932e-07c7-4e56-8d6e-0757004eb8fd@group-2CCA92768612: changes role from CANDIDATE to LEADER at term 1 for changeToLeader
2024-02-09 18:34:12,019 [e0b7932e-07c7-4e56-8d6e-0757004eb8fd@group-2CCA92768612-LeaderElection29] INFO  server.RaftServerConfigKeys (ConfUtils.java:logGet(46)) - raft.server.staging.catchup.gap = 1000 (default)
2024-02-09 18:34:12,020 [e0b7932e-07c7-4e56-8d6e-0757004eb8fd@group-2CCA92768612-LeaderElection29] INFO  server.RaftServerConfigKeys (ConfUtils.java:logGet(46)) - raft.server.write.element-limit = 1024 (custom)
2024-02-09 18:34:12,020 [e0b7932e-07c7-4e56-8d6e-0757004eb8fd@group-2CCA92768612-LeaderElection29] INFO  server.RaftServerConfigKeys (ConfUtils.java:logGet(46)) - raft.server.write.byte-limit = 1024 M (=1073741824) (custom)
2024-02-09 18:34:12,020 [e0b7932e-07c7-4e56-8d6e-0757004eb8fd@group-2CCA92768612-LeaderElection29] INFO  server.RaftServerConfigKeys (ConfUtils.java:logGet(46)) - raft.server.watch.timeout = 3000ms (custom)
2024-02-09 18:34:12,020 [e0b7932e-07c7-4e56-8d6e-0757004eb8fd@group-2CCA92768612-LeaderElection29] INFO  server.RaftServerConfigKeys (ConfUtils.java:logGet(46)) - raft.server.watch.timeout.denomination = 1s (default)
2024-02-09 18:34:12,020 [e0b7932e-07c7-4e56-8d6e-0757004eb8fd@group-2CCA92768612-LeaderElection29] INFO  server.RaftServerConfigKeys (ConfUtils.java:logGet(46)) - raft.server.watch.element-limit = 65536 (default)
2024-02-09 18:34:12,020 [e0b7932e-07c7-4e56-8d6e-0757004eb8fd@group-2CCA92768612-LeaderElection29] INFO  server.RaftServerConfigKeys (ConfUtils.java:logGet(46)) - raft.server.read.leader.lease.enabled = false (default)
2024-02-09 18:34:12,020 [e0b7932e-07c7-4e56-8d6e-0757004eb8fd@group-2CCA92768612-LeaderElection29] INFO  server.RaftServerConfigKeys (ConfUtils.java:logGet(46)) - raft.server.read.leader.lease.timeout.ratio = 0.9 (default)
2024-02-09 18:34:12,020 [e0b7932e-07c7-4e56-8d6e-0757004eb8fd@group-2CCA92768612-LeaderElection29] INFO  server.RaftServerConfigKeys (ConfUtils.java:logGet(46)) - raft.server.rpc.timeout.min = 5s (custom)
2024-02-09 18:34:12,020 [e0b7932e-07c7-4e56-8d6e-0757004eb8fd@group-2CCA92768612-LeaderElection29] INFO  server.RaftServerConfigKeys (ConfUtils.java:logGet(46)) - raft.server.write.element-limit = 1024 (custom)
2024-02-09 18:34:12,020 [e0b7932e-07c7-4e56-8d6e-0757004eb8fd@group-2CCA92768612-LeaderElection29] INFO  server.RaftServerConfigKeys (ConfUtils.java:logGet(46)) - raft.server.write.follower.gap.ratio.max = -1.0 (default)
2024-02-09 18:34:12,021 [e0b7932e-07c7-4e56-8d6e-0757004eb8fd@group-2CCA92768612-LeaderElection29] INFO  server.RaftServerConfigKeys (ConfUtils.java:logGet(46)) - raft.server.log.appender.snapshot.chunk.size.max = 16MB (=16777216) (default)
2024-02-09 18:34:12,021 [e0b7932e-07c7-4e56-8d6e-0757004eb8fd@group-2CCA92768612-LeaderElection29] INFO  server.RaftServerConfigKeys (ConfUtils.java:logGet(46)) - raft.server.log.appender.buffer.byte-limit = 8388608 (custom)
2024-02-09 18:34:12,021 [e0b7932e-07c7-4e56-8d6e-0757004eb8fd@group-2CCA92768612-LeaderElection29] INFO  server.RaftServerConfigKeys (ConfUtils.java:logGet(46)) - raft.server.log.appender.buffer.element-limit = 1 (custom)
2024-02-09 18:34:12,021 [e0b7932e-07c7-4e56-8d6e-0757004eb8fd@group-2CCA92768612-LeaderElection29] INFO  server.RaftServerConfigKeys (ConfUtils.java:logGet(46)) - raft.server.log.appender.wait-time.min = 0ms (custom)
2024-02-09 18:34:12,021 [e0b7932e-07c7-4e56-8d6e-0757004eb8fd@group-2CCA92768612-LeaderElection29] INFO  grpc.GrpcConfigKeys (ConfUtils.java:logGet(46)) - raft.grpc.server.leader.outstanding.appends.max = 8 (default)
2024-02-09 18:34:12,021 [e0b7932e-07c7-4e56-8d6e-0757004eb8fd@group-2CCA92768612-LeaderElection29] INFO  server.RaftServerConfigKeys (ConfUtils.java:logGet(46)) - raft.server.rpc.request.timeout = 3000ms (default)
2024-02-09 18:34:12,021 [e0b7932e-07c7-4e56-8d6e-0757004eb8fd@group-2CCA92768612-LeaderElection29] INFO  grpc.GrpcConfigKeys (ConfUtils.java:logGet(46)) - raft.grpc.server.install_snapshot.request.element-limit = 8 (default)
2024-02-09 18:34:12,021 [e0b7932e-07c7-4e56-8d6e-0757004eb8fd@group-2CCA92768612-LeaderElection29] INFO  grpc.GrpcConfigKeys (ConfUtils.java:logGet(46)) - raft.grpc.server.install_snapshot.request.timeout = 3000ms (default)
2024-02-09 18:34:12,021 [e0b7932e-07c7-4e56-8d6e-0757004eb8fd@group-2CCA92768612-LeaderElection29] INFO  grpc.GrpcConfigKeys (ConfUtils.java:logGet(46)) - raft.grpc.server.log-message.batch.duration = 5s (default)
2024-02-09 18:34:12,021 [e0b7932e-07c7-4e56-8d6e-0757004eb8fd@group-2CCA92768612-LeaderElection29] INFO  server.RaftServerConfigKeys (ConfUtils.java:logGet(46)) - raft.server.log.appender.install.snapshot.enabled = false (custom)
2024-02-09 18:34:12,021 [e0b7932e-07c7-4e56-8d6e-0757004eb8fd@group-2CCA92768612-LeaderElection29] INFO  grpc.GrpcConfigKeys (ConfUtils.java:logGet(46)) - raft.grpc.server.heartbeat.channel = true (default)
2024-02-09 18:34:12,022 [e0b7932e-07c7-4e56-8d6e-0757004eb8fd@group-2CCA92768612-LeaderElection29] INFO  server.RaftServerConfigKeys (ConfUtils.java:logGet(46)) - raft.server.log.appender.snapshot.chunk.size.max = 16MB (=16777216) (default)
2024-02-09 18:34:12,022 [e0b7932e-07c7-4e56-8d6e-0757004eb8fd@group-2CCA92768612-LeaderElection29] INFO  server.RaftServerConfigKeys (ConfUtils.java:logGet(46)) - raft.server.log.appender.buffer.byte-limit = 8388608 (custom)
2024-02-09 18:34:12,022 [e0b7932e-07c7-4e56-8d6e-0757004eb8fd@group-2CCA92768612-LeaderElection29] INFO  server.RaftServerConfigKeys (ConfUtils.java:logGet(46)) - raft.server.log.appender.buffer.element-limit = 1 (custom)
2024-02-09 18:34:12,022 [e0b7932e-07c7-4e56-8d6e-0757004eb8fd@group-2CCA92768612-LeaderElection29] INFO  server.RaftServerConfigKeys (ConfUtils.java:logGet(46)) - raft.server.log.appender.wait-time.min = 0ms (custom)
2024-02-09 18:34:12,022 [e0b7932e-07c7-4e56-8d6e-0757004eb8fd@group-2CCA92768612-LeaderElection29] INFO  grpc.GrpcConfigKeys (ConfUtils.java:logGet(46)) - raft.grpc.server.leader.outstanding.appends.max = 8 (default)
2024-02-09 18:34:12,022 [e0b7932e-07c7-4e56-8d6e-0757004eb8fd@group-2CCA92768612-LeaderElection29] INFO  server.RaftServerConfigKeys (ConfUtils.java:logGet(46)) - raft.server.rpc.request.timeout = 3000ms (default)
2024-02-09 18:34:12,022 [e0b7932e-07c7-4e56-8d6e-0757004eb8fd@group-2CCA92768612-LeaderElection29] INFO  grpc.GrpcConfigKeys (ConfUtils.java:logGet(46)) - raft.grpc.server.install_snapshot.request.element-limit = 8 (default)
2024-02-09 18:34:12,022 [e0b7932e-07c7-4e56-8d6e-0757004eb8fd@group-2CCA92768612-LeaderElection29] INFO  grpc.GrpcConfigKeys (ConfUtils.java:logGet(46)) - raft.grpc.server.install_snapshot.request.timeout = 3000ms (default)
2024-02-09 18:34:12,022 [e0b7932e-07c7-4e56-8d6e-0757004eb8fd@group-2CCA92768612-LeaderElection29] INFO  grpc.GrpcConfigKeys (ConfUtils.java:logGet(46)) - raft.grpc.server.log-message.batch.duration = 5s (default)
2024-02-09 18:34:12,023 [e0b7932e-07c7-4e56-8d6e-0757004eb8fd@group-2CCA92768612-LeaderElection29] INFO  server.RaftServerConfigKeys (ConfUtils.java:logGet(46)) - raft.server.log.appender.install.snapshot.enabled = false (custom)
2024-02-09 18:34:12,023 [e0b7932e-07c7-4e56-8d6e-0757004eb8fd@group-2CCA92768612-LeaderElection29] INFO  grpc.GrpcConfigKeys (ConfUtils.java:logGet(46)) - raft.grpc.server.heartbeat.channel = true (default)
2024-02-09 18:34:12,023 [e0b7932e-07c7-4e56-8d6e-0757004eb8fd@group-2CCA92768612-LeaderElection29] INFO  impl.RoleInfo (RoleInfo.java:updateAndGet(139)) - e0b7932e-07c7-4e56-8d6e-0757004eb8fd: start e0b7932e-07c7-4e56-8d6e-0757004eb8fd@group-2CCA92768612-LeaderStateImpl
2024-02-09 18:34:12,023 [e0b7932e-07c7-4e56-8d6e-0757004eb8fd@group-2CCA92768612-LeaderElection29] INFO  server.RaftServer$Division (RaftServerImpl.java:setFirstElection(574)) - e0b7932e-07c7-4e56-8d6e-0757004eb8fd@group-2CCA92768612: set firstElectionSinceStartup to false for becomeLeader
2024-02-09 18:34:12,023 [e0b7932e-07c7-4e56-8d6e-0757004eb8fd@group-2CCA92768612-LeaderElection29] INFO  ratis.XceiverServerRatis (XceiverServerRatis.java:handleLeaderChangedNotification(966)) - Leader change notification received for group: group-2CCA92768612 with new leaderId: e0b7932e-07c7-4e56-8d6e-0757004eb8fd
2024-02-09 18:34:12,023 [e0b7932e-07c7-4e56-8d6e-0757004eb8fd@group-2CCA92768612-LeaderElection29] INFO  server.RaftServer$Division (ServerState.java:setLeader(269)) - e0b7932e-07c7-4e56-8d6e-0757004eb8fd@group-2CCA92768612: change Leader from null to e0b7932e-07c7-4e56-8d6e-0757004eb8fd at term 1 for becomeLeader, leader elected after 5046ms
2024-02-09 18:34:12,023 [e0b7932e-07c7-4e56-8d6e-0757004eb8fd@group-2CCA92768612-LeaderElection29] INFO  segmented.SegmentedRaftLogWorker (SegmentedRaftLogWorker.java:startLogSegment(430)) - e0b7932e-07c7-4e56-8d6e-0757004eb8fd@group-2CCA92768612-SegmentedRaftLogWorker: Starting segment from index:0
2024-02-09 18:34:12,023 [e0b7932e-07c7-4e56-8d6e-0757004eb8fd@group-2CCA92768612-SegmentedRaftLogWorker] INFO  segmented.BufferedWriteChannel (BufferedWriteChannel.java:open(62)) - open log_inprogress_0 at position 0
2024-02-09 18:34:12,027 [e0b7932e-07c7-4e56-8d6e-0757004eb8fd@group-2CCA92768612-LeaderElection29] INFO  server.RaftServer$Division (ServerState.java:setRaftConf(386)) - e0b7932e-07c7-4e56-8d6e-0757004eb8fd@group-2CCA92768612: set configuration 0: peers:[e0b7932e-07c7-4e56-8d6e-0757004eb8fd|10.1.0.43:15166, a04b3fda-42d1-4ee5-9233-bf3df18c72ca|10.1.0.43:15175, 77dd9a00-e29a-4211-83f1-3973ef1a3290|10.1.0.43:15157]|listeners:[], old=null
2024-02-09 18:34:12,028 [EventQueue-PipelineReportForPipelineReportHandler] INFO  pipeline.PipelineReportHandler (PipelineReportHandler.java:processPipelineReport(136)) - Opened pipeline PipelineID=615a16b5-5c1f-4b6a-8b9e-2cca92768612
2024-02-09 18:34:12,030 [e0b7932e-07c7-4e56-8d6e-0757004eb8fd@group-2CCA92768612-SegmentedRaftLogWorker] INFO  segmented.SegmentedRaftLogWorker (SegmentedRaftLogWorker.java:execute(634)) - e0b7932e-07c7-4e56-8d6e-0757004eb8fd@group-2CCA92768612-SegmentedRaftLogWorker: created new log segment /home/runner/work/ozone/ozone/hadoop-ozone/integration-test/target/test-dir/MiniOzoneClusterImpl-2e7e0147-493e-4f7b-8772-843c2731e345/datanode-7/data/ratis/615a16b5-5c1f-4b6a-8b9e-2cca92768612/current/log_inprogress_0
2024-02-09 18:34:12,036 [77dd9a00-e29a-4211-83f1-3973ef1a3290-server-thread1] INFO  ratis.XceiverServerRatis (XceiverServerRatis.java:handleLeaderChangedNotification(966)) - Leader change notification received for group: group-2CCA92768612 with new leaderId: e0b7932e-07c7-4e56-8d6e-0757004eb8fd
2024-02-09 18:34:12,036 [77dd9a00-e29a-4211-83f1-3973ef1a3290-server-thread1] INFO  server.RaftServer$Division (ServerState.java:setLeader(269)) - 77dd9a00-e29a-4211-83f1-3973ef1a3290@group-2CCA92768612: change Leader from null to e0b7932e-07c7-4e56-8d6e-0757004eb8fd at term 1 for appendEntries, leader elected after 5078ms
2024-02-09 18:34:12,036 [a04b3fda-42d1-4ee5-9233-bf3df18c72ca-server-thread1] INFO  ratis.XceiverServerRatis (XceiverServerRatis.java:handleLeaderChangedNotification(966)) - Leader change notification received for group: group-2CCA92768612 with new leaderId: e0b7932e-07c7-4e56-8d6e-0757004eb8fd
2024-02-09 18:34:12,036 [a04b3fda-42d1-4ee5-9233-bf3df18c72ca-server-thread1] INFO  server.RaftServer$Division (ServerState.java:setLeader(269)) - a04b3fda-42d1-4ee5-9233-bf3df18c72ca@group-2CCA92768612: change Leader from null to e0b7932e-07c7-4e56-8d6e-0757004eb8fd at term 1 for appendEntries, leader elected after 5026ms
2024-02-09 18:34:12,041 [77dd9a00-e29a-4211-83f1-3973ef1a3290-server-thread2] INFO  server.RaftServer$Division (ServerState.java:setRaftConf(386)) - 77dd9a00-e29a-4211-83f1-3973ef1a3290@group-2CCA92768612: set configuration 0: peers:[e0b7932e-07c7-4e56-8d6e-0757004eb8fd|10.1.0.43:15166, a04b3fda-42d1-4ee5-9233-bf3df18c72ca|10.1.0.43:15175, 77dd9a00-e29a-4211-83f1-3973ef1a3290|10.1.0.43:15157]|listeners:[], old=null
2024-02-09 18:34:12,041 [77dd9a00-e29a-4211-83f1-3973ef1a3290-server-thread2] INFO  segmented.SegmentedRaftLogWorker (SegmentedRaftLogWorker.java:startLogSegment(430)) - 77dd9a00-e29a-4211-83f1-3973ef1a3290@group-2CCA92768612-SegmentedRaftLogWorker: Starting segment from index:0
2024-02-09 18:34:12,043 [a04b3fda-42d1-4ee5-9233-bf3df18c72ca-server-thread1] INFO  server.RaftServer$Division (ServerState.java:setRaftConf(386)) - a04b3fda-42d1-4ee5-9233-bf3df18c72ca@group-2CCA92768612: set configuration 0: peers:[e0b7932e-07c7-4e56-8d6e-0757004eb8fd|10.1.0.43:15166, a04b3fda-42d1-4ee5-9233-bf3df18c72ca|10.1.0.43:15175, 77dd9a00-e29a-4211-83f1-3973ef1a3290|10.1.0.43:15157]|listeners:[], old=null
2024-02-09 18:34:12,043 [a04b3fda-42d1-4ee5-9233-bf3df18c72ca-server-thread1] INFO  segmented.SegmentedRaftLogWorker (SegmentedRaftLogWorker.java:startLogSegment(430)) - a04b3fda-42d1-4ee5-9233-bf3df18c72ca@group-2CCA92768612-SegmentedRaftLogWorker: Starting segment from index:0
2024-02-09 18:34:12,044 [77dd9a00-e29a-4211-83f1-3973ef1a3290@group-2CCA92768612-SegmentedRaftLogWorker] INFO  segmented.BufferedWriteChannel (BufferedWriteChannel.java:open(62)) - open log_inprogress_0 at position 0
2024-02-09 18:34:12,046 [a04b3fda-42d1-4ee5-9233-bf3df18c72ca@group-2CCA92768612-SegmentedRaftLogWorker] INFO  segmented.BufferedWriteChannel (BufferedWriteChannel.java:open(62)) - open log_inprogress_0 at position 0
2024-02-09 18:34:12,054 [77dd9a00-e29a-4211-83f1-3973ef1a3290@group-2CCA92768612-SegmentedRaftLogWorker] INFO  segmented.SegmentedRaftLogWorker (SegmentedRaftLogWorker.java:execute(634)) - 77dd9a00-e29a-4211-83f1-3973ef1a3290@group-2CCA92768612-SegmentedRaftLogWorker: created new log segment /home/runner/work/ozone/ozone/hadoop-ozone/integration-test/target/test-dir/MiniOzoneClusterImpl-2e7e0147-493e-4f7b-8772-843c2731e345/datanode-6/data/ratis/615a16b5-5c1f-4b6a-8b9e-2cca92768612/current/log_inprogress_0
2024-02-09 18:34:12,055 [a04b3fda-42d1-4ee5-9233-bf3df18c72ca@group-2CCA92768612-SegmentedRaftLogWorker] INFO  segmented.SegmentedRaftLogWorker (SegmentedRaftLogWorker.java:execute(634)) - a04b3fda-42d1-4ee5-9233-bf3df18c72ca@group-2CCA92768612-SegmentedRaftLogWorker: created new log segment /home/runner/work/ozone/ozone/hadoop-ozone/integration-test/target/test-dir/MiniOzoneClusterImpl-2e7e0147-493e-4f7b-8772-843c2731e345/datanode-8/data/ratis/615a16b5-5c1f-4b6a-8b9e-2cca92768612/current/log_inprogress_0
2024-02-09 18:34:12,058 [e0b7932e-07c7-4e56-8d6e-0757004eb8fd@group-2CCA92768612-StateMachineUpdater] INFO  server.RaftServer$Division (LeaderStateImpl.java:isApplied(320)) - leader is ready since appliedIndex == 0 >= startIndex == 0
2024-02-09 18:34:12,113 [e0b7932e-07c7-4e56-8d6e-0757004eb8fd@group-E26969950B1E-FollowerState] INFO  impl.FollowerState (FollowerState.java:run(143)) - e0b7932e-07c7-4e56-8d6e-0757004eb8fd@group-E26969950B1E-FollowerState: change to CANDIDATE, lastRpcElapsedTime:5052085093ns, electionTimeout:5049ms
2024-02-09 18:34:12,113 [e0b7932e-07c7-4e56-8d6e-0757004eb8fd@group-E26969950B1E-FollowerState] INFO  impl.RoleInfo (RoleInfo.java:shutdownFollowerState(110)) - e0b7932e-07c7-4e56-8d6e-0757004eb8fd: shutdown e0b7932e-07c7-4e56-8d6e-0757004eb8fd@group-E26969950B1E-FollowerState
2024-02-09 18:34:12,113 [e0b7932e-07c7-4e56-8d6e-0757004eb8fd@group-E26969950B1E-FollowerState] INFO  server.RaftServer$Division (RaftServerImpl.java:setRole(383)) - e0b7932e-07c7-4e56-8d6e-0757004eb8fd@group-E26969950B1E: changes role from  FOLLOWER to CANDIDATE at term 0 for changeToCandidate
2024-02-09 18:34:12,113 [e0b7932e-07c7-4e56-8d6e-0757004eb8fd@group-E26969950B1E-FollowerState] INFO  server.RaftServerConfigKeys (ConfUtils.java:logGet(46)) - raft.server.leaderelection.pre-vote = true (default)
2024-02-09 18:34:12,113 [e0b7932e-07c7-4e56-8d6e-0757004eb8fd@group-E26969950B1E-FollowerState] INFO  impl.RoleInfo (RoleInfo.java:updateAndGet(139)) - e0b7932e-07c7-4e56-8d6e-0757004eb8fd: start e0b7932e-07c7-4e56-8d6e-0757004eb8fd@group-E26969950B1E-LeaderElection30
2024-02-09 18:34:12,114 [e0b7932e-07c7-4e56-8d6e-0757004eb8fd@group-E26969950B1E-LeaderElection30] INFO  impl.LeaderElection (LeaderElection.java:askForVotes(321)) - e0b7932e-07c7-4e56-8d6e-0757004eb8fd@group-E26969950B1E-LeaderElection30 PRE_VOTE round 0: submit vote requests at term 0 for -1: peers:[e0b7932e-07c7-4e56-8d6e-0757004eb8fd|10.1.0.43:15166]|listeners:[], old=null
2024-02-09 18:34:12,115 [e0b7932e-07c7-4e56-8d6e-0757004eb8fd@group-E26969950B1E-LeaderElection30] INFO  impl.LeaderElection (LeaderElection.java:askForVotes(323)) - e0b7932e-07c7-4e56-8d6e-0757004eb8fd@group-E26969950B1E-LeaderElection30 PRE_VOTE round 0: result PASSED (term=0)
2024-02-09 18:34:12,115 [e0b7932e-07c7-4e56-8d6e-0757004eb8fd@group-E26969950B1E-LeaderElection30] INFO  impl.LeaderElection (LeaderElection.java:askForVotes(321)) - e0b7932e-07c7-4e56-8d6e-0757004eb8fd@group-E26969950B1E-LeaderElection30 ELECTION round 0: submit vote requests at term 1 for -1: peers:[e0b7932e-07c7-4e56-8d6e-0757004eb8fd|10.1.0.43:15166]|listeners:[], old=null
2024-02-09 18:34:12,115 [e0b7932e-07c7-4e56-8d6e-0757004eb8fd@group-E26969950B1E-LeaderElection30] INFO  impl.LeaderElection (LeaderElection.java:askForVotes(323)) - e0b7932e-07c7-4e56-8d6e-0757004eb8fd@group-E26969950B1E-LeaderElection30 ELECTION round 0: result PASSED (term=1)
2024-02-09 18:34:12,115 [e0b7932e-07c7-4e56-8d6e-0757004eb8fd@group-E26969950B1E-LeaderElection30] INFO  impl.RoleInfo (RoleInfo.java:shutdownLeaderElection(130)) - e0b7932e-07c7-4e56-8d6e-0757004eb8fd: shutdown e0b7932e-07c7-4e56-8d6e-0757004eb8fd@group-E26969950B1E-LeaderElection30
2024-02-09 18:34:12,116 [e0b7932e-07c7-4e56-8d6e-0757004eb8fd@group-E26969950B1E-LeaderElection30] INFO  server.RaftServer$Division (RaftServerImpl.java:setRole(383)) - e0b7932e-07c7-4e56-8d6e-0757004eb8fd@group-E26969950B1E: changes role from CANDIDATE to LEADER at term 1 for changeToLeader
2024-02-09 18:34:12,116 [e0b7932e-07c7-4e56-8d6e-0757004eb8fd@group-E26969950B1E-LeaderElection30] INFO  server.RaftServerConfigKeys (ConfUtils.java:logGet(46)) - raft.server.staging.catchup.gap = 1000 (default)
2024-02-09 18:34:12,116 [e0b7932e-07c7-4e56-8d6e-0757004eb8fd@group-E26969950B1E-LeaderElection30] INFO  server.RaftServerConfigKeys (ConfUtils.java:logGet(46)) - raft.server.write.element-limit = 1024 (custom)
2024-02-09 18:34:12,116 [e0b7932e-07c7-4e56-8d6e-0757004eb8fd@group-E26969950B1E-LeaderElection30] INFO  server.RaftServerConfigKeys (ConfUtils.java:logGet(46)) - raft.server.write.byte-limit = 1024 M (=1073741824) (custom)
2024-02-09 18:34:12,116 [e0b7932e-07c7-4e56-8d6e-0757004eb8fd@group-E26969950B1E-LeaderElection30] INFO  server.RaftServerConfigKeys (ConfUtils.java:logGet(46)) - raft.server.watch.timeout = 3000ms (custom)
2024-02-09 18:34:12,116 [e0b7932e-07c7-4e56-8d6e-0757004eb8fd@group-E26969950B1E-LeaderElection30] INFO  server.RaftServerConfigKeys (ConfUtils.java:logGet(46)) - raft.server.watch.timeout.denomination = 1s (default)
2024-02-09 18:34:12,116 [e0b7932e-07c7-4e56-8d6e-0757004eb8fd@group-E26969950B1E-LeaderElection30] INFO  server.RaftServerConfigKeys (ConfUtils.java:logGet(46)) - raft.server.watch.element-limit = 65536 (default)
2024-02-09 18:34:12,116 [e0b7932e-07c7-4e56-8d6e-0757004eb8fd@group-E26969950B1E-LeaderElection30] INFO  server.RaftServerConfigKeys (ConfUtils.java:logGet(46)) - raft.server.read.leader.lease.enabled = false (default)
2024-02-09 18:34:12,116 [e0b7932e-07c7-4e56-8d6e-0757004eb8fd@group-E26969950B1E-LeaderElection30] INFO  server.RaftServerConfigKeys (ConfUtils.java:logGet(46)) - raft.server.read.leader.lease.timeout.ratio = 0.9 (default)
2024-02-09 18:34:12,116 [e0b7932e-07c7-4e56-8d6e-0757004eb8fd@group-E26969950B1E-LeaderElection30] INFO  server.RaftServerConfigKeys (ConfUtils.java:logGet(46)) - raft.server.rpc.timeout.min = 5s (custom)
2024-02-09 18:34:12,116 [e0b7932e-07c7-4e56-8d6e-0757004eb8fd@group-E26969950B1E-LeaderElection30] INFO  server.RaftServerConfigKeys (ConfUtils.java:logGet(46)) - raft.server.write.element-limit = 1024 (custom)
2024-02-09 18:34:12,116 [e0b7932e-07c7-4e56-8d6e-0757004eb8fd@group-E26969950B1E-LeaderElection30] INFO  server.RaftServerConfigKeys (ConfUtils.java:logGet(46)) - raft.server.write.follower.gap.ratio.max = -1.0 (default)
2024-02-09 18:34:12,117 [e0b7932e-07c7-4e56-8d6e-0757004eb8fd@group-E26969950B1E-LeaderElection30] INFO  impl.RoleInfo (RoleInfo.java:updateAndGet(139)) - e0b7932e-07c7-4e56-8d6e-0757004eb8fd: start e0b7932e-07c7-4e56-8d6e-0757004eb8fd@group-E26969950B1E-LeaderStateImpl
2024-02-09 18:34:12,117 [e0b7932e-07c7-4e56-8d6e-0757004eb8fd@group-E26969950B1E-LeaderElection30] INFO  server.RaftServer$Division (RaftServerImpl.java:setFirstElection(574)) - e0b7932e-07c7-4e56-8d6e-0757004eb8fd@group-E26969950B1E: set firstElectionSinceStartup to false for becomeLeader
2024-02-09 18:34:12,117 [e0b7932e-07c7-4e56-8d6e-0757004eb8fd@group-E26969950B1E-LeaderElection30] INFO  ratis.XceiverServerRatis (XceiverServerRatis.java:handleLeaderChangedNotification(966)) - Leader change notification received for group: group-E26969950B1E with new leaderId: e0b7932e-07c7-4e56-8d6e-0757004eb8fd
2024-02-09 18:34:12,117 [e0b7932e-07c7-4e56-8d6e-0757004eb8fd@group-E26969950B1E-LeaderElection30] INFO  server.RaftServer$Division (ServerState.java:setLeader(269)) - e0b7932e-07c7-4e56-8d6e-0757004eb8fd@group-E26969950B1E: change Leader from null to e0b7932e-07c7-4e56-8d6e-0757004eb8fd at term 1 for becomeLeader, leader elected after 5067ms
2024-02-09 18:34:12,117 [e0b7932e-07c7-4e56-8d6e-0757004eb8fd@group-E26969950B1E-LeaderElection30] INFO  segmented.SegmentedRaftLogWorker (SegmentedRaftLogWorker.java:startLogSegment(430)) - e0b7932e-07c7-4e56-8d6e-0757004eb8fd@group-E26969950B1E-SegmentedRaftLogWorker: Starting segment from index:0
2024-02-09 18:34:12,120 [e0b7932e-07c7-4e56-8d6e-0757004eb8fd@group-E26969950B1E-LeaderElection30] INFO  server.RaftServer$Division (ServerState.java:setRaftConf(386)) - e0b7932e-07c7-4e56-8d6e-0757004eb8fd@group-E26969950B1E: set configuration 0: peers:[e0b7932e-07c7-4e56-8d6e-0757004eb8fd|10.1.0.43:15166]|listeners:[], old=null
2024-02-09 18:34:12,120 [e0b7932e-07c7-4e56-8d6e-0757004eb8fd@group-E26969950B1E-SegmentedRaftLogWorker] INFO  segmented.BufferedWriteChannel (BufferedWriteChannel.java:open(62)) - open log_inprogress_0 at position 0
2024-02-09 18:34:12,127 [e0b7932e-07c7-4e56-8d6e-0757004eb8fd@group-E26969950B1E-SegmentedRaftLogWorker] INFO  segmented.SegmentedRaftLogWorker (SegmentedRaftLogWorker.java:execute(634)) - e0b7932e-07c7-4e56-8d6e-0757004eb8fd@group-E26969950B1E-SegmentedRaftLogWorker: created new log segment /home/runner/work/ozone/ozone/hadoop-ozone/integration-test/target/test-dir/MiniOzoneClusterImpl-2e7e0147-493e-4f7b-8772-843c2731e345/datanode-7/data/ratis/57147a4b-ac7a-4df8-88b2-e26969950b1e/current/log_inprogress_0
2024-02-09 18:34:12,128 [e0b7932e-07c7-4e56-8d6e-0757004eb8fd@group-E26969950B1E-StateMachineUpdater] INFO  server.RaftServer$Division (LeaderStateImpl.java:isApplied(320)) - leader is ready since appliedIndex == 0 >= startIndex == 0
2024-02-09 18:34:12,132 [77dd9a00-e29a-4211-83f1-3973ef1a3290@group-543108A04273-FollowerState] INFO  impl.FollowerState (FollowerState.java:run(143)) - 77dd9a00-e29a-4211-83f1-3973ef1a3290@group-543108A04273-FollowerState: change to CANDIDATE, lastRpcElapsedTime:5178538946ns, electionTimeout:5178ms
2024-02-09 18:34:12,133 [77dd9a00-e29a-4211-83f1-3973ef1a3290@group-543108A04273-FollowerState] INFO  impl.RoleInfo (RoleInfo.java:shutdownFollowerState(110)) - 77dd9a00-e29a-4211-83f1-3973ef1a3290: shutdown 77dd9a00-e29a-4211-83f1-3973ef1a3290@group-543108A04273-FollowerState
2024-02-09 18:34:12,133 [77dd9a00-e29a-4211-83f1-3973ef1a3290@group-543108A04273-FollowerState] INFO  server.RaftServer$Division (RaftServerImpl.java:setRole(383)) - 77dd9a00-e29a-4211-83f1-3973ef1a3290@group-543108A04273: changes role from  FOLLOWER to CANDIDATE at term 0 for changeToCandidate
2024-02-09 18:34:12,133 [77dd9a00-e29a-4211-83f1-3973ef1a3290@group-543108A04273-FollowerState] INFO  server.RaftServerConfigKeys (ConfUtils.java:logGet(46)) - raft.server.leaderelection.pre-vote = true (default)
2024-02-09 18:34:12,133 [77dd9a00-e29a-4211-83f1-3973ef1a3290@group-543108A04273-FollowerState] INFO  impl.RoleInfo (RoleInfo.java:updateAndGet(139)) - 77dd9a00-e29a-4211-83f1-3973ef1a3290: start 77dd9a00-e29a-4211-83f1-3973ef1a3290@group-543108A04273-LeaderElection31
2024-02-09 18:34:12,134 [77dd9a00-e29a-4211-83f1-3973ef1a3290@group-543108A04273-LeaderElection31] INFO  impl.LeaderElection (LeaderElection.java:askForVotes(321)) - 77dd9a00-e29a-4211-83f1-3973ef1a3290@group-543108A04273-LeaderElection31 PRE_VOTE round 0: submit vote requests at term 0 for -1: peers:[77dd9a00-e29a-4211-83f1-3973ef1a3290|10.1.0.43:15157]|listeners:[], old=null
2024-02-09 18:34:12,134 [77dd9a00-e29a-4211-83f1-3973ef1a3290@group-543108A04273-LeaderElection31] INFO  impl.LeaderElection (LeaderElection.java:askForVotes(323)) - 77dd9a00-e29a-4211-83f1-3973ef1a3290@group-543108A04273-LeaderElection31 PRE_VOTE round 0: result PASSED (term=0)
2024-02-09 18:34:12,135 [77dd9a00-e29a-4211-83f1-3973ef1a3290@group-543108A04273-LeaderElection31] INFO  impl.LeaderElection (LeaderElection.java:askForVotes(321)) - 77dd9a00-e29a-4211-83f1-3973ef1a3290@group-543108A04273-LeaderElection31 ELECTION round 0: submit vote requests at term 1 for -1: peers:[77dd9a00-e29a-4211-83f1-3973ef1a3290|10.1.0.43:15157]|listeners:[], old=null
2024-02-09 18:34:12,135 [77dd9a00-e29a-4211-83f1-3973ef1a3290@group-543108A04273-LeaderElection31] INFO  impl.LeaderElection (LeaderElection.java:askForVotes(323)) - 77dd9a00-e29a-4211-83f1-3973ef1a3290@group-543108A04273-LeaderElection31 ELECTION round 0: result PASSED (term=1)
2024-02-09 18:34:12,135 [77dd9a00-e29a-4211-83f1-3973ef1a3290@group-543108A04273-LeaderElection31] INFO  impl.RoleInfo (RoleInfo.java:shutdownLeaderElection(130)) - 77dd9a00-e29a-4211-83f1-3973ef1a3290: shutdown 77dd9a00-e29a-4211-83f1-3973ef1a3290@group-543108A04273-LeaderElection31
2024-02-09 18:34:12,135 [77dd9a00-e29a-4211-83f1-3973ef1a3290@group-543108A04273-LeaderElection31] INFO  server.RaftServer$Division (RaftServerImpl.java:setRole(383)) - 77dd9a00-e29a-4211-83f1-3973ef1a3290@group-543108A04273: changes role from CANDIDATE to LEADER at term 1 for changeToLeader
2024-02-09 18:34:12,135 [77dd9a00-e29a-4211-83f1-3973ef1a3290@group-543108A04273-LeaderElection31] INFO  server.RaftServerConfigKeys (ConfUtils.java:logGet(46)) - raft.server.staging.catchup.gap = 1000 (default)
2024-02-09 18:34:12,135 [77dd9a00-e29a-4211-83f1-3973ef1a3290@group-543108A04273-LeaderElection31] INFO  server.RaftServerConfigKeys (ConfUtils.java:logGet(46)) - raft.server.write.element-limit = 1024 (custom)
2024-02-09 18:34:12,135 [77dd9a00-e29a-4211-83f1-3973ef1a3290@group-543108A04273-LeaderElection31] INFO  server.RaftServerConfigKeys (ConfUtils.java:logGet(46)) - raft.server.write.byte-limit = 1024 M (=1073741824) (custom)
2024-02-09 18:34:12,136 [77dd9a00-e29a-4211-83f1-3973ef1a3290@group-543108A04273-LeaderElection31] INFO  server.RaftServerConfigKeys (ConfUtils.java:logGet(46)) - raft.server.watch.timeout = 3000ms (custom)
2024-02-09 18:34:12,136 [77dd9a00-e29a-4211-83f1-3973ef1a3290@group-543108A04273-LeaderElection31] INFO  server.RaftServerConfigKeys (ConfUtils.java:logGet(46)) - raft.server.watch.timeout.denomination = 1s (default)
2024-02-09 18:34:12,136 [77dd9a00-e29a-4211-83f1-3973ef1a3290@group-543108A04273-LeaderElection31] INFO  server.RaftServerConfigKeys (ConfUtils.java:logGet(46)) - raft.server.watch.element-limit = 65536 (default)
2024-02-09 18:34:12,136 [77dd9a00-e29a-4211-83f1-3973ef1a3290@group-543108A04273-LeaderElection31] INFO  server.RaftServerConfigKeys (ConfUtils.java:logGet(46)) - raft.server.read.leader.lease.enabled = false (default)
2024-02-09 18:34:12,136 [77dd9a00-e29a-4211-83f1-3973ef1a3290@group-543108A04273-LeaderElection31] INFO  server.RaftServerConfigKeys (ConfUtils.java:logGet(46)) - raft.server.read.leader.lease.timeout.ratio = 0.9 (default)
2024-02-09 18:34:12,136 [77dd9a00-e29a-4211-83f1-3973ef1a3290@group-543108A04273-LeaderElection31] INFO  server.RaftServerConfigKeys (ConfUtils.java:logGet(46)) - raft.server.rpc.timeout.min = 5s (custom)
2024-02-09 18:34:12,136 [77dd9a00-e29a-4211-83f1-3973ef1a3290@group-543108A04273-LeaderElection31] INFO  server.RaftServerConfigKeys (ConfUtils.java:logGet(46)) - raft.server.write.element-limit = 1024 (custom)
2024-02-09 18:34:12,136 [77dd9a00-e29a-4211-83f1-3973ef1a3290@group-543108A04273-LeaderElection31] INFO  server.RaftServerConfigKeys (ConfUtils.java:logGet(46)) - raft.server.write.follower.gap.ratio.max = -1.0 (default)
2024-02-09 18:34:12,136 [77dd9a00-e29a-4211-83f1-3973ef1a3290@group-543108A04273-LeaderElection31] INFO  impl.RoleInfo (RoleInfo.java:updateAndGet(139)) - 77dd9a00-e29a-4211-83f1-3973ef1a3290: start 77dd9a00-e29a-4211-83f1-3973ef1a3290@group-543108A04273-LeaderStateImpl
2024-02-09 18:34:12,136 [77dd9a00-e29a-4211-83f1-3973ef1a3290@group-543108A04273-LeaderElection31] INFO  server.RaftServer$Division (RaftServerImpl.java:setFirstElection(574)) - 77dd9a00-e29a-4211-83f1-3973ef1a3290@group-543108A04273: set firstElectionSinceStartup to false for becomeLeader
2024-02-09 18:34:12,136 [77dd9a00-e29a-4211-83f1-3973ef1a3290@group-543108A04273-LeaderElection31] INFO  ratis.XceiverServerRatis (XceiverServerRatis.java:handleLeaderChangedNotification(966)) - Leader change notification received for group: group-543108A04273 with new leaderId: 77dd9a00-e29a-4211-83f1-3973ef1a3290
2024-02-09 18:34:12,136 [77dd9a00-e29a-4211-83f1-3973ef1a3290@group-543108A04273-LeaderElection31] INFO  server.RaftServer$Division (ServerState.java:setLeader(269)) - 77dd9a00-e29a-4211-83f1-3973ef1a3290@group-543108A04273: change Leader from null to 77dd9a00-e29a-4211-83f1-3973ef1a3290 at term 1 for becomeLeader, leader elected after 5192ms
2024-02-09 18:34:12,137 [77dd9a00-e29a-4211-83f1-3973ef1a3290@group-543108A04273-LeaderElection31] INFO  segmented.SegmentedRaftLogWorker (SegmentedRaftLogWorker.java:startLogSegment(430)) - 77dd9a00-e29a-4211-83f1-3973ef1a3290@group-543108A04273-SegmentedRaftLogWorker: Starting segment from index:0
2024-02-09 18:34:12,137 [77dd9a00-e29a-4211-83f1-3973ef1a3290@group-543108A04273-SegmentedRaftLogWorker] INFO  segmented.BufferedWriteChannel (BufferedWriteChannel.java:open(62)) - open log_inprogress_0 at position 0
2024-02-09 18:34:12,140 [77dd9a00-e29a-4211-83f1-3973ef1a3290@group-543108A04273-LeaderElection31] INFO  server.RaftServer$Division (ServerState.java:setRaftConf(386)) - 77dd9a00-e29a-4211-83f1-3973ef1a3290@group-543108A04273: set configuration 0: peers:[77dd9a00-e29a-4211-83f1-3973ef1a3290|10.1.0.43:15157]|listeners:[], old=null
2024-02-09 18:34:12,145 [77dd9a00-e29a-4211-83f1-3973ef1a3290@group-543108A04273-SegmentedRaftLogWorker] INFO  segmented.SegmentedRaftLogWorker (SegmentedRaftLogWorker.java:execute(634)) - 77dd9a00-e29a-4211-83f1-3973ef1a3290@group-543108A04273-SegmentedRaftLogWorker: created new log segment /home/runner/work/ozone/ozone/hadoop-ozone/integration-test/target/test-dir/MiniOzoneClusterImpl-2e7e0147-493e-4f7b-8772-843c2731e345/datanode-6/data/ratis/93b3fdf0-0258-45e7-b470-543108a04273/current/log_inprogress_0
2024-02-09 18:34:12,146 [77dd9a00-e29a-4211-83f1-3973ef1a3290@group-543108A04273-StateMachineUpdater] INFO  server.RaftServer$Division (LeaderStateImpl.java:isApplied(320)) - leader is ready since appliedIndex == 0 >= startIndex == 0
2024-02-09 18:34:12,154 [main] INFO  ozone.MiniOzoneClusterImpl (MiniOzoneClusterImpl.java:lambda$waitForClusterToBeReady$0(221)) - Nodes are ready. Got 9 of 9 DN Heartbeats.
2024-02-09 18:34:12,154 [main] INFO  ozone.MiniOzoneClusterImpl (MiniOzoneClusterImpl.java:lambda$waitForClusterToBeReady$0(224)) - Cluster exits safe mode
2024-02-09 18:34:12,154 [main] INFO  ozone.MiniOzoneClusterImpl (MiniOzoneClusterImpl.java:lambda$waitForClusterToBeReady$0(226)) - SCM became leader
2024-02-09 18:34:12,155 [main] INFO  protocolPB.OmTransportFactory (OmTransportFactory.java:createFactory(62)) - Loading OM transport implementation org.apache.hadoop.ozone.om.protocolPB.Hadoop3OmTransportFactory as specified by configuration.
2024-02-09 18:34:12,163 [main] INFO  rpc.RpcClient (RpcClient.java:createVolume(456)) - Creating Volume: watchforcommithandlingtest, with runner as owner and space quota set to -1 bytes, counts quota set to -1
2024-02-09 18:34:12,167 [om1-OMStateMachineApplyTransactionThread - 0] INFO  volume.OMVolumeCreateRequest (OMVolumeCreateRequest.java:validateAndUpdateCache(198)) - created volume:watchforcommithandlingtest for user:runner
2024-02-09 18:34:12,171 [main] INFO  rpc.RpcClient (RpcClient.java:createBucket(683)) - Creating Bucket: watchforcommithandlingtest/watchforcommithandlingtest, with server-side default bucket layout, runner as owner, Versioning false, Storage Type set to DISK and Encryption set to false, Replication Type set to server-side default replication type, Namespace Quota set to -1, Space Quota set to -1 
2024-02-09 18:34:12,173 [om1-OMStateMachineApplyTransactionThread - 0] INFO  bucket.OMBucketCreateRequest (OMBucketCreateRequest.java:validateAndUpdateCache(292)) - created bucket: watchforcommithandlingtest of layout FILE_SYSTEM_OPTIMIZED in volume: watchforcommithandlingtest
2024-02-09 18:34:12,187 [IPC Server handler 0 on default port 15089] INFO  ha.SequenceIdGenerator (SequenceIdGenerator.java:getNextId(145)) - Allocate a batch for containerId, change lastId from 0 to 1000.
2024-02-09 18:34:12,224 [main] INFO  ozoneimpl.OzoneContainer (OzoneContainer.java:stop(481)) - Attempting to stop container services.
2024-02-09 18:34:12,224 [main] INFO  server.RaftServer (RaftServerProxy.java:lambda$close$9(416)) - c9aa2afb-1190-4a6b-bc65-38c12648ce52: close
2024-02-09 18:34:12,225 [c9aa2afb-1190-4a6b-bc65-38c12648ce52-impl-thread1] INFO  server.RaftServer$Division (RaftServerImpl.java:lambda$close$3(526)) - c9aa2afb-1190-4a6b-bc65-38c12648ce52@group-7424B0B947B6: shutdown
2024-02-09 18:34:12,225 [c9aa2afb-1190-4a6b-bc65-38c12648ce52-impl-thread1] INFO  util.JmxRegister (JmxRegister.java:unregister(73)) - Successfully un-registered JMX Bean with object name Ratis:service=RaftServer,group=group-7424B0B947B6,id=c9aa2afb-1190-4a6b-bc65-38c12648ce52
2024-02-09 18:34:12,225 [c9aa2afb-1190-4a6b-bc65-38c12648ce52-impl-thread1] INFO  impl.RoleInfo (RoleInfo.java:shutdownFollowerState(110)) - c9aa2afb-1190-4a6b-bc65-38c12648ce52: shutdown c9aa2afb-1190-4a6b-bc65-38c12648ce52@group-7424B0B947B6-FollowerState
2024-02-09 18:34:12,229 [main] INFO  server.GrpcService (GrpcService.java:closeImpl(311)) - c9aa2afb-1190-4a6b-bc65-38c12648ce52: shutdown server org.apache.ratis.grpc.server.GrpcClientProtocolService now
2024-02-09 18:34:12,229 [c9aa2afb-1190-4a6b-bc65-38c12648ce52-impl-thread1] INFO  impl.StateMachineUpdater (StateMachineUpdater.java:stopAndJoin(157)) - c9aa2afb-1190-4a6b-bc65-38c12648ce52@group-7424B0B947B6-StateMachineUpdater: set stopIndex = 1
2024-02-09 18:34:12,229 [c9aa2afb-1190-4a6b-bc65-38c12648ce52@group-7424B0B947B6-FollowerState] INFO  impl.FollowerState (FollowerState.java:run(152)) - c9aa2afb-1190-4a6b-bc65-38c12648ce52@group-7424B0B947B6-FollowerState was interrupted
2024-02-09 18:34:12,230 [c9aa2afb-1190-4a6b-bc65-38c12648ce52@group-7424B0B947B6-StateMachineUpdater] INFO  ratis.ContainerStateMachine (ContainerStateMachine.java:takeSnapshot(355)) - group-7424B0B947B6: Taking a snapshot at:(t:1, i:0) file /home/runner/work/ozone/ozone/hadoop-ozone/integration-test/target/test-dir/MiniOzoneClusterImpl-2e7e0147-493e-4f7b-8772-843c2731e345/datanode-5/data/ratis/2096f0bd-b3eb-436c-9982-7424b0b947b6/sm/snapshot.1_0
2024-02-09 18:34:12,230 [c9aa2afb-1190-4a6b-bc65-38c12648ce52-impl-thread2] INFO  server.RaftServer$Division (RaftServerImpl.java:lambda$close$3(526)) - c9aa2afb-1190-4a6b-bc65-38c12648ce52@group-68E6024F257B: shutdown
2024-02-09 18:34:12,230 [c9aa2afb-1190-4a6b-bc65-38c12648ce52-impl-thread2] INFO  util.JmxRegister (JmxRegister.java:unregister(73)) - Successfully un-registered JMX Bean with object name Ratis:service=RaftServer,group=group-68E6024F257B,id=c9aa2afb-1190-4a6b-bc65-38c12648ce52
2024-02-09 18:34:12,230 [c9aa2afb-1190-4a6b-bc65-38c12648ce52-impl-thread2] INFO  impl.RoleInfo (RoleInfo.java:shutdownLeaderState(94)) - c9aa2afb-1190-4a6b-bc65-38c12648ce52: shutdown c9aa2afb-1190-4a6b-bc65-38c12648ce52@group-68E6024F257B-LeaderStateImpl
2024-02-09 18:34:12,230 [c9aa2afb-1190-4a6b-bc65-38c12648ce52-impl-thread2] INFO  impl.PendingRequests (PendingRequests.java:sendNotLeaderResponses(289)) - c9aa2afb-1190-4a6b-bc65-38c12648ce52@group-68E6024F257B-PendingRequests: sendNotLeaderResponses
2024-02-09 18:34:12,231 [c9aa2afb-1190-4a6b-bc65-38c12648ce52@group-7424B0B947B6-StateMachineUpdater] INFO  ratis.ContainerStateMachine (ContainerStateMachine.java:takeSnapshot(366)) - group-7424B0B947B6: Finished taking a snapshot at:(t:1, i:0) file:/home/runner/work/ozone/ozone/hadoop-ozone/integration-test/target/test-dir/MiniOzoneClusterImpl-2e7e0147-493e-4f7b-8772-843c2731e345/datanode-5/data/ratis/2096f0bd-b3eb-436c-9982-7424b0b947b6/sm/snapshot.1_0 took: 1 ms
2024-02-09 18:34:12,231 [c9aa2afb-1190-4a6b-bc65-38c12648ce52@group-7424B0B947B6-StateMachineUpdater] INFO  impl.StateMachineUpdater (StateMachineUpdater.java:takeSnapshot(295)) - c9aa2afb-1190-4a6b-bc65-38c12648ce52@group-7424B0B947B6-StateMachineUpdater: Took a snapshot at index 0
2024-02-09 18:34:12,231 [c9aa2afb-1190-4a6b-bc65-38c12648ce52@group-7424B0B947B6-StateMachineUpdater] INFO  impl.StateMachineUpdater (StateMachineUpdater.java:lambda$new$0(98)) - c9aa2afb-1190-4a6b-bc65-38c12648ce52@group-7424B0B947B6-StateMachineUpdater: snapshotIndex: updateIncreasingly -1 -> 0
2024-02-09 18:34:12,231 [c9aa2afb-1190-4a6b-bc65-38c12648ce52@group-68E6024F257B-StateMachineUpdater] INFO  ratis.ContainerStateMachine (ContainerStateMachine.java:takeSnapshot(355)) - group-68E6024F257B: Taking a snapshot at:(t:1, i:0) file /home/runner/work/ozone/ozone/hadoop-ozone/integration-test/target/test-dir/MiniOzoneClusterImpl-2e7e0147-493e-4f7b-8772-843c2731e345/datanode-5/data/ratis/6dce6a42-23f9-4e49-a3d3-68e6024f257b/sm/snapshot.1_0
2024-02-09 18:34:12,231 [c9aa2afb-1190-4a6b-bc65-38c12648ce52@group-7424B0B947B6-StateMachineUpdater] INFO  ratis.ContainerStateMachine (ContainerStateMachine.java:takeSnapshot(355)) - group-7424B0B947B6: Taking a snapshot at:(t:1, i:0) file /home/runner/work/ozone/ozone/hadoop-ozone/integration-test/target/test-dir/MiniOzoneClusterImpl-2e7e0147-493e-4f7b-8772-843c2731e345/datanode-5/data/ratis/2096f0bd-b3eb-436c-9982-7424b0b947b6/sm/snapshot.1_0
2024-02-09 18:34:12,231 [c9aa2afb-1190-4a6b-bc65-38c12648ce52-impl-thread2] INFO  impl.StateMachineUpdater (StateMachineUpdater.java:stopAndJoin(157)) - c9aa2afb-1190-4a6b-bc65-38c12648ce52@group-68E6024F257B-StateMachineUpdater: set stopIndex = 0
2024-02-09 18:34:12,231 [c9aa2afb-1190-4a6b-bc65-38c12648ce52@group-68E6024F257B-StateMachineUpdater] INFO  ratis.ContainerStateMachine (ContainerStateMachine.java:takeSnapshot(366)) - group-68E6024F257B: Finished taking a snapshot at:(t:1, i:0) file:/home/runner/work/ozone/ozone/hadoop-ozone/integration-test/target/test-dir/MiniOzoneClusterImpl-2e7e0147-493e-4f7b-8772-843c2731e345/datanode-5/data/ratis/6dce6a42-23f9-4e49-a3d3-68e6024f257b/sm/snapshot.1_0 took: 1 ms
2024-02-09 18:34:12,232 [c9aa2afb-1190-4a6b-bc65-38c12648ce52@group-7424B0B947B6-StateMachineUpdater] INFO  ratis.ContainerStateMachine (ContainerStateMachine.java:takeSnapshot(366)) - group-7424B0B947B6: Finished taking a snapshot at:(t:1, i:0) file:/home/runner/work/ozone/ozone/hadoop-ozone/integration-test/target/test-dir/MiniOzoneClusterImpl-2e7e0147-493e-4f7b-8772-843c2731e345/datanode-5/data/ratis/2096f0bd-b3eb-436c-9982-7424b0b947b6/sm/snapshot.1_0 took: 1 ms
2024-02-09 18:34:12,232 [Thread-2046] INFO  server.GrpcServerProtocolClient (GrpcServerProtocolClient.java:close(103)) - 50f87e96-d653-4358-9a58-224b3bed4094 Close channels
2024-02-09 18:34:12,232 [c9aa2afb-1190-4a6b-bc65-38c12648ce52@group-68E6024F257B-StateMachineUpdater] INFO  impl.StateMachineUpdater (StateMachineUpdater.java:takeSnapshot(295)) - c9aa2afb-1190-4a6b-bc65-38c12648ce52@group-68E6024F257B-StateMachineUpdater: Took a snapshot at index 0
2024-02-09 18:34:12,232 [c9aa2afb-1190-4a6b-bc65-38c12648ce52@group-68E6024F257B-StateMachineUpdater] INFO  impl.StateMachineUpdater (StateMachineUpdater.java:lambda$new$0(98)) - c9aa2afb-1190-4a6b-bc65-38c12648ce52@group-68E6024F257B-StateMachineUpdater: snapshotIndex: updateIncreasingly -1 -> 0
2024-02-09 18:34:12,232 [c9aa2afb-1190-4a6b-bc65-38c12648ce52-impl-thread2] INFO  server.RaftServer$Division (ServerState.java:close(427)) - c9aa2afb-1190-4a6b-bc65-38c12648ce52@group-68E6024F257B: applyIndex: 0
2024-02-09 18:34:12,232 [c9aa2afb-1190-4a6b-bc65-38c12648ce52@group-68E6024F257B-cacheEviction-AwaitToRun] INFO  util.AwaitToRun (AwaitToRun.java:run(49)) - c9aa2afb-1190-4a6b-bc65-38c12648ce52@group-68E6024F257B-cacheEviction-AwaitToRun-AwaitForSignal is interrupted
2024-02-09 18:34:12,232 [Thread-2045] INFO  server.GrpcServerProtocolClient (GrpcServerProtocolClient.java:close(103)) - 19714071-6985-4253-9bb3-86e59ac051d1 Close channels
2024-02-09 18:34:12,232 [c9aa2afb-1190-4a6b-bc65-38c12648ce52@group-7424B0B947B6-StateMachineUpdater] INFO  impl.StateMachineUpdater (StateMachineUpdater.java:takeSnapshot(295)) - c9aa2afb-1190-4a6b-bc65-38c12648ce52@group-7424B0B947B6-StateMachineUpdater: Took a snapshot at index 0
2024-02-09 18:34:12,234 [c9aa2afb-1190-4a6b-bc65-38c12648ce52-impl-thread1] INFO  server.RaftServer$Division (ServerState.java:close(427)) - c9aa2afb-1190-4a6b-bc65-38c12648ce52@group-7424B0B947B6: applyIndex: 0
2024-02-09 18:34:12,234 [main] INFO  server.GrpcService (GrpcService.java:closeImpl(320)) - c9aa2afb-1190-4a6b-bc65-38c12648ce52: shutdown server org.apache.ratis.grpc.server.GrpcClientProtocolService successfully
2024-02-09 18:34:12,234 [c9aa2afb-1190-4a6b-bc65-38c12648ce52@group-7424B0B947B6-cacheEviction-AwaitToRun] INFO  util.AwaitToRun (AwaitToRun.java:run(49)) - c9aa2afb-1190-4a6b-bc65-38c12648ce52@group-7424B0B947B6-cacheEviction-AwaitToRun-AwaitForSignal is interrupted
2024-02-09 18:34:12,236 [main] INFO  server.GrpcService (GrpcService.java:closeImpl(311)) - c9aa2afb-1190-4a6b-bc65-38c12648ce52: shutdown server GrpcServerProtocolService now
2024-02-09 18:34:12,238 [grpc-default-executor-0] WARN  server.GrpcServerProtocolService (LogUtils.java:warn(121)) - c9aa2afb-1190-4a6b-bc65-38c12648ce52: APPEND_ENTRIES onError, lastRequest: null: org.apache.ratis.thirdparty.io.grpc.StatusRuntimeException: CANCELLED: client cancelled
2024-02-09 18:34:12,238 [grpc-default-executor-1] WARN  server.GrpcServerProtocolService (LogUtils.java:warn(121)) - c9aa2afb-1190-4a6b-bc65-38c12648ce52: APPEND_ENTRIES onError, lastRequest: 19714071-6985-4253-9bb3-86e59ac051d1->c9aa2afb-1190-4a6b-bc65-38c12648ce52#5-t1,previous=(t:1, i:1),leaderCommit=1,initializing? false,entries: size=1, first=(t:1, i:2), METADATAENTRY(c:1): org.apache.ratis.thirdparty.io.grpc.StatusRuntimeException: CANCELLED: client cancelled
2024-02-09 18:34:12,239 [main] INFO  server.GrpcService (GrpcService.java:closeImpl(320)) - c9aa2afb-1190-4a6b-bc65-38c12648ce52: shutdown server GrpcServerProtocolService successfully
2024-02-09 18:34:12,239 [main] INFO  server.GrpcService (GrpcService.java:closeImpl(311)) - c9aa2afb-1190-4a6b-bc65-38c12648ce52: shutdown server org.apache.ratis.grpc.server.GrpcAdminProtocolService now
2024-02-09 18:34:12,241 [grpc-default-executor-4] WARN  server.GrpcLogAppender (LogUtils.java:warn(121)) - 19714071-6985-4253-9bb3-86e59ac051d1@group-7424B0B947B6->c9aa2afb-1190-4a6b-bc65-38c12648ce52-AppendLogResponseHandler: Failed appendEntries: org.apache.ratis.thirdparty.io.grpc.StatusRuntimeException: CANCELLED: RST_STREAM closed stream. HTTP/2 error code: CANCEL
2024-02-09 18:34:12,242 [main] INFO  server.GrpcService (GrpcService.java:closeImpl(320)) - c9aa2afb-1190-4a6b-bc65-38c12648ce52: shutdown server org.apache.ratis.grpc.server.GrpcAdminProtocolService successfully
2024-02-09 18:34:12,243 [grpc-default-executor-4] WARN  server.GrpcLogAppender (GrpcLogAppender.java:lambda$resetClient$1(217)) - 19714071-6985-4253-9bb3-86e59ac051d1@group-7424B0B947B6->c9aa2afb-1190-4a6b-bc65-38c12648ce52-GrpcLogAppender: Follower failed (request=null, errorCount=1); keep nextIndex (3) unchanged and retry.
2024-02-09 18:34:12,250 [c9aa2afb-1190-4a6b-bc65-38c12648ce52-NettyServerStreamRpc-bossGroup--thread1] INFO  logging.LoggingHandler (AbstractInternalLogger.java:log(148)) - [id: 0x1aae64b5, L:/0.0.0.0:15149] CLOSE
2024-02-09 18:34:12,250 [c9aa2afb-1190-4a6b-bc65-38c12648ce52-NettyServerStreamRpc-bossGroup--thread1] INFO  logging.LoggingHandler (AbstractInternalLogger.java:log(148)) - [id: 0x1aae64b5, L:/0.0.0.0:15149] INACTIVE
2024-02-09 18:34:12,250 [c9aa2afb-1190-4a6b-bc65-38c12648ce52-NettyServerStreamRpc-bossGroup--thread1] INFO  logging.LoggingHandler (AbstractInternalLogger.java:log(148)) - [id: 0x1aae64b5, L:/0.0.0.0:15149] UNREGISTERED
2024-02-09 18:34:12,300 [a04b3fda-42d1-4ee5-9233-bf3df18c72ca@group-149DDCC1E2E7-FollowerState] INFO  impl.FollowerState (FollowerState.java:run(143)) - a04b3fda-42d1-4ee5-9233-bf3df18c72ca@group-149DDCC1E2E7-FollowerState: change to CANDIDATE, lastRpcElapsedTime:5140484619ns, electionTimeout:5140ms
2024-02-09 18:34:12,300 [a04b3fda-42d1-4ee5-9233-bf3df18c72ca@group-149DDCC1E2E7-FollowerState] INFO  impl.RoleInfo (RoleInfo.java:shutdownFollowerState(110)) - a04b3fda-42d1-4ee5-9233-bf3df18c72ca: shutdown a04b3fda-42d1-4ee5-9233-bf3df18c72ca@group-149DDCC1E2E7-FollowerState
2024-02-09 18:34:12,300 [a04b3fda-42d1-4ee5-9233-bf3df18c72ca@group-149DDCC1E2E7-FollowerState] INFO  server.RaftServer$Division (RaftServerImpl.java:setRole(383)) - a04b3fda-42d1-4ee5-9233-bf3df18c72ca@group-149DDCC1E2E7: changes role from  FOLLOWER to CANDIDATE at term 0 for changeToCandidate
2024-02-09 18:34:12,300 [a04b3fda-42d1-4ee5-9233-bf3df18c72ca@group-149DDCC1E2E7-FollowerState] INFO  server.RaftServerConfigKeys (ConfUtils.java:logGet(46)) - raft.server.leaderelection.pre-vote = true (default)
2024-02-09 18:34:12,300 [a04b3fda-42d1-4ee5-9233-bf3df18c72ca@group-149DDCC1E2E7-FollowerState] INFO  impl.RoleInfo (RoleInfo.java:updateAndGet(139)) - a04b3fda-42d1-4ee5-9233-bf3df18c72ca: start a04b3fda-42d1-4ee5-9233-bf3df18c72ca@group-149DDCC1E2E7-LeaderElection32
2024-02-09 18:34:12,304 [a04b3fda-42d1-4ee5-9233-bf3df18c72ca@group-149DDCC1E2E7-LeaderElection32] INFO  impl.LeaderElection (LeaderElection.java:askForVotes(321)) - a04b3fda-42d1-4ee5-9233-bf3df18c72ca@group-149DDCC1E2E7-LeaderElection32 PRE_VOTE round 0: submit vote requests at term 0 for -1: peers:[a04b3fda-42d1-4ee5-9233-bf3df18c72ca|10.1.0.43:15175]|listeners:[], old=null
2024-02-09 18:34:12,304 [a04b3fda-42d1-4ee5-9233-bf3df18c72ca@group-149DDCC1E2E7-LeaderElection32] INFO  impl.LeaderElection (LeaderElection.java:askForVotes(323)) - a04b3fda-42d1-4ee5-9233-bf3df18c72ca@group-149DDCC1E2E7-LeaderElection32 PRE_VOTE round 0: result PASSED (term=0)
2024-02-09 18:34:12,305 [a04b3fda-42d1-4ee5-9233-bf3df18c72ca@group-149DDCC1E2E7-LeaderElection32] INFO  impl.LeaderElection (LeaderElection.java:askForVotes(321)) - a04b3fda-42d1-4ee5-9233-bf3df18c72ca@group-149DDCC1E2E7-LeaderElection32 ELECTION round 0: submit vote requests at term 1 for -1: peers:[a04b3fda-42d1-4ee5-9233-bf3df18c72ca|10.1.0.43:15175]|listeners:[], old=null
2024-02-09 18:34:12,305 [a04b3fda-42d1-4ee5-9233-bf3df18c72ca@group-149DDCC1E2E7-LeaderElection32] INFO  impl.LeaderElection (LeaderElection.java:askForVotes(323)) - a04b3fda-42d1-4ee5-9233-bf3df18c72ca@group-149DDCC1E2E7-LeaderElection32 ELECTION round 0: result PASSED (term=1)
2024-02-09 18:34:12,305 [a04b3fda-42d1-4ee5-9233-bf3df18c72ca@group-149DDCC1E2E7-LeaderElection32] INFO  impl.RoleInfo (RoleInfo.java:shutdownLeaderElection(130)) - a04b3fda-42d1-4ee5-9233-bf3df18c72ca: shutdown a04b3fda-42d1-4ee5-9233-bf3df18c72ca@group-149DDCC1E2E7-LeaderElection32
2024-02-09 18:34:12,305 [a04b3fda-42d1-4ee5-9233-bf3df18c72ca@group-149DDCC1E2E7-LeaderElection32] INFO  server.RaftServer$Division (RaftServerImpl.java:setRole(383)) - a04b3fda-42d1-4ee5-9233-bf3df18c72ca@group-149DDCC1E2E7: changes role from CANDIDATE to LEADER at term 1 for changeToLeader
2024-02-09 18:34:12,305 [a04b3fda-42d1-4ee5-9233-bf3df18c72ca@group-149DDCC1E2E7-LeaderElection32] INFO  server.RaftServerConfigKeys (ConfUtils.java:logGet(46)) - raft.server.staging.catchup.gap = 1000 (default)
2024-02-09 18:34:12,305 [a04b3fda-42d1-4ee5-9233-bf3df18c72ca@group-149DDCC1E2E7-LeaderElection32] INFO  server.RaftServerConfigKeys (ConfUtils.java:logGet(46)) - raft.server.write.element-limit = 1024 (custom)
2024-02-09 18:34:12,305 [a04b3fda-42d1-4ee5-9233-bf3df18c72ca@group-149DDCC1E2E7-LeaderElection32] INFO  server.RaftServerConfigKeys (ConfUtils.java:logGet(46)) - raft.server.write.byte-limit = 1024 M (=1073741824) (custom)
2024-02-09 18:34:12,306 [a04b3fda-42d1-4ee5-9233-bf3df18c72ca@group-149DDCC1E2E7-LeaderElection32] INFO  server.RaftServerConfigKeys (ConfUtils.java:logGet(46)) - raft.server.watch.timeout = 3000ms (custom)
2024-02-09 18:34:12,306 [a04b3fda-42d1-4ee5-9233-bf3df18c72ca@group-149DDCC1E2E7-LeaderElection32] INFO  server.RaftServerConfigKeys (ConfUtils.java:logGet(46)) - raft.server.watch.timeout.denomination = 1s (default)
2024-02-09 18:34:12,306 [a04b3fda-42d1-4ee5-9233-bf3df18c72ca@group-149DDCC1E2E7-LeaderElection32] INFO  server.RaftServerConfigKeys (ConfUtils.java:logGet(46)) - raft.server.watch.element-limit = 65536 (default)
2024-02-09 18:34:12,306 [a04b3fda-42d1-4ee5-9233-bf3df18c72ca@group-149DDCC1E2E7-LeaderElection32] INFO  server.RaftServerConfigKeys (ConfUtils.java:logGet(46)) - raft.server.read.leader.lease.enabled = false (default)
2024-02-09 18:34:12,306 [a04b3fda-42d1-4ee5-9233-bf3df18c72ca@group-149DDCC1E2E7-LeaderElection32] INFO  server.RaftServerConfigKeys (ConfUtils.java:logGet(46)) - raft.server.read.leader.lease.timeout.ratio = 0.9 (default)
2024-02-09 18:34:12,306 [a04b3fda-42d1-4ee5-9233-bf3df18c72ca@group-149DDCC1E2E7-LeaderElection32] INFO  server.RaftServerConfigKeys (ConfUtils.java:logGet(46)) - raft.server.rpc.timeout.min = 5s (custom)
2024-02-09 18:34:12,306 [a04b3fda-42d1-4ee5-9233-bf3df18c72ca@group-149DDCC1E2E7-LeaderElection32] INFO  server.RaftServerConfigKeys (ConfUtils.java:logGet(46)) - raft.server.write.element-limit = 1024 (custom)
2024-02-09 18:34:12,306 [a04b3fda-42d1-4ee5-9233-bf3df18c72ca@group-149DDCC1E2E7-LeaderElection32] INFO  server.RaftServerConfigKeys (ConfUtils.java:logGet(46)) - raft.server.write.follower.gap.ratio.max = -1.0 (default)
2024-02-09 18:34:12,306 [a04b3fda-42d1-4ee5-9233-bf3df18c72ca@group-149DDCC1E2E7-LeaderElection32] INFO  impl.RoleInfo (RoleInfo.java:updateAndGet(139)) - a04b3fda-42d1-4ee5-9233-bf3df18c72ca: start a04b3fda-42d1-4ee5-9233-bf3df18c72ca@group-149DDCC1E2E7-LeaderStateImpl
2024-02-09 18:34:12,306 [a04b3fda-42d1-4ee5-9233-bf3df18c72ca@group-149DDCC1E2E7-LeaderElection32] INFO  server.RaftServer$Division (RaftServerImpl.java:setFirstElection(574)) - a04b3fda-42d1-4ee5-9233-bf3df18c72ca@group-149DDCC1E2E7: set firstElectionSinceStartup to false for becomeLeader
2024-02-09 18:34:12,306 [a04b3fda-42d1-4ee5-9233-bf3df18c72ca@group-149DDCC1E2E7-LeaderElection32] INFO  ratis.XceiverServerRatis (XceiverServerRatis.java:handleLeaderChangedNotification(966)) - Leader change notification received for group: group-149DDCC1E2E7 with new leaderId: a04b3fda-42d1-4ee5-9233-bf3df18c72ca
2024-02-09 18:34:12,306 [a04b3fda-42d1-4ee5-9233-bf3df18c72ca@group-149DDCC1E2E7-LeaderElection32] INFO  server.RaftServer$Division (ServerState.java:setLeader(269)) - a04b3fda-42d1-4ee5-9233-bf3df18c72ca@group-149DDCC1E2E7: change Leader from null to a04b3fda-42d1-4ee5-9233-bf3df18c72ca at term 1 for becomeLeader, leader elected after 5156ms
2024-02-09 18:34:12,306 [a04b3fda-42d1-4ee5-9233-bf3df18c72ca@group-149DDCC1E2E7-LeaderElection32] INFO  segmented.SegmentedRaftLogWorker (SegmentedRaftLogWorker.java:startLogSegment(430)) - a04b3fda-42d1-4ee5-9233-bf3df18c72ca@group-149DDCC1E2E7-SegmentedRaftLogWorker: Starting segment from index:0
2024-02-09 18:34:12,307 [a04b3fda-42d1-4ee5-9233-bf3df18c72ca@group-149DDCC1E2E7-SegmentedRaftLogWorker] INFO  segmented.BufferedWriteChannel (BufferedWriteChannel.java:open(62)) - open log_inprogress_0 at position 0
2024-02-09 18:34:12,308 [a04b3fda-42d1-4ee5-9233-bf3df18c72ca@group-149DDCC1E2E7-LeaderElection32] INFO  server.RaftServer$Division (ServerState.java:setRaftConf(386)) - a04b3fda-42d1-4ee5-9233-bf3df18c72ca@group-149DDCC1E2E7: set configuration 0: peers:[a04b3fda-42d1-4ee5-9233-bf3df18c72ca|10.1.0.43:15175]|listeners:[], old=null
2024-02-09 18:34:12,315 [a04b3fda-42d1-4ee5-9233-bf3df18c72ca@group-149DDCC1E2E7-SegmentedRaftLogWorker] INFO  segmented.SegmentedRaftLogWorker (SegmentedRaftLogWorker.java:execute(634)) - a04b3fda-42d1-4ee5-9233-bf3df18c72ca@group-149DDCC1E2E7-SegmentedRaftLogWorker: created new log segment /home/runner/work/ozone/ozone/hadoop-ozone/integration-test/target/test-dir/MiniOzoneClusterImpl-2e7e0147-493e-4f7b-8772-843c2731e345/datanode-8/data/ratis/19257f46-b855-485d-9bf7-149ddcc1e2e7/current/log_inprogress_0
2024-02-09 18:34:12,316 [a04b3fda-42d1-4ee5-9233-bf3df18c72ca@group-149DDCC1E2E7-StateMachineUpdater] INFO  server.RaftServer$Division (LeaderStateImpl.java:isApplied(320)) - leader is ready since appliedIndex == 0 >= startIndex == 0
2024-02-09 18:34:12,964 [c9aa2afb-1190-4a6b-bc65-38c12648ce52-impl-thread2] INFO  segmented.SegmentedRaftLogWorker (SegmentedRaftLogWorker.java:close(245)) - c9aa2afb-1190-4a6b-bc65-38c12648ce52@group-68E6024F257B-SegmentedRaftLogWorker close()
2024-02-09 18:34:13,211 [c9aa2afb-1190-4a6b-bc65-38c12648ce52-impl-thread1] INFO  segmented.SegmentedRaftLogWorker (SegmentedRaftLogWorker.java:close(245)) - c9aa2afb-1190-4a6b-bc65-38c12648ce52@group-7424B0B947B6-SegmentedRaftLogWorker close()
2024-02-09 18:34:13,215 [JvmPauseMonitor18] INFO  util.JvmPauseMonitor (JvmPauseMonitor.java:run(152)) - JvmPauseMonitor-c9aa2afb-1190-4a6b-bc65-38c12648ce52: Stopped
2024-02-09 18:34:15,218 [main] INFO  utils.DatanodeStoreCache (DatanodeStoreCache.java:shutdownCache(116)) - Skip clearing cache in mini cluster mode. Entries left: [/home/runner/work/ozone/ozone/hadoop-ozone/integration-test/target/test-dir/MiniOzoneClusterImpl-2e7e0147-493e-4f7b-8772-843c2731e345/datanode-0/data-0/containers/hdds/2e7e0147-493e-4f7b-8772-843c2731e345/DS-b635cdf8-c11d-4f52-91d9-924331fc4e69/container.db, /home/runner/work/ozone/ozone/hadoop-ozone/integration-test/target/test-dir/MiniOzoneClusterImpl-2e7e0147-493e-4f7b-8772-843c2731e345/datanode-1/data-0/containers/hdds/2e7e0147-493e-4f7b-8772-843c2731e345/DS-2835d456-cf97-4fa0-93cd-62ae07bf6818/container.db, /home/runner/work/ozone/ozone/hadoop-ozone/integration-test/target/test-dir/MiniOzoneClusterImpl-2e7e0147-493e-4f7b-8772-843c2731e345/datanode-2/data-0/containers/hdds/2e7e0147-493e-4f7b-8772-843c2731e345/DS-7d86a704-a2cc-4d3e-9fdd-0325a918a9a7/container.db, /home/runner/work/ozone/ozone/hadoop-ozone/integration-test/target/test-dir/MiniOzoneClusterImpl-2e7e0147-493e-4f7b-8772-843c2731e345/datanode-3/data-0/containers/hdds/2e7e0147-493e-4f7b-8772-843c2731e345/DS-588d54cd-1bdf-4f3f-8c70-4459ad3beb2a/container.db, /home/runner/work/ozone/ozone/hadoop-ozone/integration-test/target/test-dir/MiniOzoneClusterImpl-2e7e0147-493e-4f7b-8772-843c2731e345/datanode-4/data-0/containers/hdds/2e7e0147-493e-4f7b-8772-843c2731e345/DS-8db85767-4804-40b3-9b89-6f47ed7d5c5d/container.db, /home/runner/work/ozone/ozone/hadoop-ozone/integration-test/target/test-dir/MiniOzoneClusterImpl-2e7e0147-493e-4f7b-8772-843c2731e345/datanode-5/data-0/containers/hdds/2e7e0147-493e-4f7b-8772-843c2731e345/DS-2c377c9e-7bf1-4277-b8f6-a2b47f2079b8/container.db, /home/runner/work/ozone/ozone/hadoop-ozone/integration-test/target/test-dir/MiniOzoneClusterImpl-2e7e0147-493e-4f7b-8772-843c2731e345/datanode-6/data-0/containers/hdds/2e7e0147-493e-4f7b-8772-843c2731e345/DS-0f76a281-b172-4567-b7c1-d5d9266c8945/container.db, /home/runner/work/ozone/ozone/hadoop-ozone/integration-test/target/test-dir/MiniOzoneClusterImpl-2e7e0147-493e-4f7b-8772-843c2731e345/datanode-7/data-0/containers/hdds/2e7e0147-493e-4f7b-8772-843c2731e345/DS-bdb39d5a-806d-4425-8c25-04e6b17588e5/container.db, /home/runner/work/ozone/ozone/hadoop-ozone/integration-test/target/test-dir/MiniOzoneClusterImpl-2e7e0147-493e-4f7b-8772-843c2731e345/datanode-8/data-0/containers/hdds/2e7e0147-493e-4f7b-8772-843c2731e345/DS-fce2252b-f399-4382-8534-6693dfc0f75f/container.db]
2024-02-09 18:34:15,221 [main] INFO  utils.DatanodeStoreCache (DatanodeStoreCache.java:removeDB(110)) - Removed db /home/runner/work/ozone/ozone/hadoop-ozone/integration-test/target/test-dir/MiniOzoneClusterImpl-2e7e0147-493e-4f7b-8772-843c2731e345/datanode-5/data-0/containers/hdds/2e7e0147-493e-4f7b-8772-843c2731e345/DS-2c377c9e-7bf1-4277-b8f6-a2b47f2079b8/container.db from cache
2024-02-09 18:34:15,221 [main] INFO  volume.HddsVolume (HddsVolume.java:closeDbStore(451)) - SchemaV3 db is stopped at /home/runner/work/ozone/ozone/hadoop-ozone/integration-test/target/test-dir/MiniOzoneClusterImpl-2e7e0147-493e-4f7b-8772-843c2731e345/datanode-5/data-0/containers/hdds/2e7e0147-493e-4f7b-8772-843c2731e345/DS-2c377c9e-7bf1-4277-b8f6-a2b47f2079b8/container.db for volume DS-2c377c9e-7bf1-4277-b8f6-a2b47f2079b8
2024-02-09 18:34:15,221 [main] INFO  utils.BackgroundService (BackgroundService.java:shutdown(160)) - Shutting down service BlockDeletingService
2024-02-09 18:34:15,221 [main] INFO  utils.BackgroundService (BackgroundService.java:shutdown(160)) - Shutting down service StaleRecoveringContainerScrubbingService
2024-02-09 18:34:15,222 [main] INFO  statemachine.DatanodeStateMachine (DatanodeStateMachine.java:stopDaemon(638)) - Ozone container server stopped.
2024-02-09 18:34:15,222 [main] INFO  handler.ContextHandler (ContextHandler.java:doStop(1159)) - Stopped o.e.j.w.WebAppContext@56dd5a52{hddsDatanode,/,null,STOPPED}{jar:file:/home/runner/.m2/repository/org/apache/ozone/hdds-container-service/1.5.0-SNAPSHOT/hdds-container-service-1.5.0-SNAPSHOT.jar!/webapps/hddsDatanode}
2024-02-09 18:34:15,222 [main] INFO  server.AbstractConnector (AbstractConnector.java:doStop(383)) - Stopped ServerConnector@17f2edba{HTTP/1.1, (http/1.1)}{0.0.0.0:15143}
2024-02-09 18:34:15,223 [main] INFO  server.session (HouseKeeper.java:stopScavenging(149)) - node0 Stopped scavenging
2024-02-09 18:34:15,223 [main] INFO  handler.ContextHandler (ContextHandler.java:doStop(1159)) - Stopped o.e.j.s.ServletContextHandler@78042608{static,/static,jar:file:/home/runner/.m2/repository/org/apache/ozone/hdds-container-service/1.5.0-SNAPSHOT/hdds-container-service-1.5.0-SNAPSHOT.jar!/webapps/static,STOPPED}
2024-02-09 18:34:15,223 [main] INFO  handler.ContextHandler (ContextHandler.java:doStop(1159)) - Stopped o.e.j.s.ServletContextHandler@3f831580{logs,/logs,file:///home/runner/work/ozone/ozone/hadoop-ozone/integration-test/target/log,STOPPED}
2024-02-09 18:34:15,223 [main] INFO  ozone.HddsDatanodeClientProtocolServer (HddsDatanodeClientProtocolServer.java:stop(78)) - Stopping the RPC server for Client Protocol
2024-02-09 18:34:15,224 [main] INFO  ipc.Server (Server.java:stop(3523)) - Stopping server on 15144
2024-02-09 18:34:15,228 [IPC Server Responder] INFO  ipc.Server (Server.java:run(1567)) - Stopping IPC Server Responder
2024-02-09 18:34:15,228 [IPC Server listener on 15144] INFO  ipc.Server (Server.java:run(1434)) - Stopping IPC Server listener on 15144
2024-02-09 18:34:15,230 [main] INFO  ozoneimpl.OzoneContainer (OzoneContainer.java:stop(481)) - Attempting to stop container services.
2024-02-09 18:34:15,231 [main] INFO  server.RaftServer (RaftServerProxy.java:lambda$close$9(416)) - 50f87e96-d653-4358-9a58-224b3bed4094: close
2024-02-09 18:34:15,231 [50f87e96-d653-4358-9a58-224b3bed4094-impl-thread1] INFO  server.RaftServer$Division (RaftServerImpl.java:lambda$close$3(526)) - 50f87e96-d653-4358-9a58-224b3bed4094@group-7424B0B947B6: shutdown
2024-02-09 18:34:15,231 [50f87e96-d653-4358-9a58-224b3bed4094-impl-thread1] INFO  util.JmxRegister (JmxRegister.java:unregister(73)) - Successfully un-registered JMX Bean with object name Ratis:service=RaftServer,group=group-7424B0B947B6,id=50f87e96-d653-4358-9a58-224b3bed4094
2024-02-09 18:34:15,231 [50f87e96-d653-4358-9a58-224b3bed4094-impl-thread1] INFO  impl.RoleInfo (RoleInfo.java:shutdownFollowerState(110)) - 50f87e96-d653-4358-9a58-224b3bed4094: shutdown 50f87e96-d653-4358-9a58-224b3bed4094@group-7424B0B947B6-FollowerState
2024-02-09 18:34:15,231 [50f87e96-d653-4358-9a58-224b3bed4094-impl-thread2] INFO  server.RaftServer$Division (RaftServerImpl.java:lambda$close$3(526)) - 50f87e96-d653-4358-9a58-224b3bed4094@group-32B47A74D0A4: shutdown
2024-02-09 18:34:15,231 [main] INFO  server.GrpcService (GrpcService.java:closeImpl(311)) - 50f87e96-d653-4358-9a58-224b3bed4094: shutdown server org.apache.ratis.grpc.server.GrpcClientProtocolService now
2024-02-09 18:34:15,231 [50f87e96-d653-4358-9a58-224b3bed4094-impl-thread2] INFO  util.JmxRegister (JmxRegister.java:unregister(73)) - Successfully un-registered JMX Bean with object name Ratis:service=RaftServer,group=group-32B47A74D0A4,id=50f87e96-d653-4358-9a58-224b3bed4094
2024-02-09 18:34:15,232 [50f87e96-d653-4358-9a58-224b3bed4094-impl-thread2] INFO  impl.RoleInfo (RoleInfo.java:shutdownLeaderState(94)) - 50f87e96-d653-4358-9a58-224b3bed4094: shutdown 50f87e96-d653-4358-9a58-224b3bed4094@group-32B47A74D0A4-LeaderStateImpl
2024-02-09 18:34:15,231 [50f87e96-d653-4358-9a58-224b3bed4094-impl-thread1] INFO  impl.StateMachineUpdater (StateMachineUpdater.java:stopAndJoin(157)) - 50f87e96-d653-4358-9a58-224b3bed4094@group-7424B0B947B6-StateMachineUpdater: set stopIndex = 2
2024-02-09 18:34:15,231 [50f87e96-d653-4358-9a58-224b3bed4094@group-7424B0B947B6-StateMachineUpdater] INFO  ratis.ContainerStateMachine (ContainerStateMachine.java:takeSnapshot(355)) - group-7424B0B947B6: Taking a snapshot at:(t:1, i:2) file /home/runner/work/ozone/ozone/hadoop-ozone/integration-test/target/test-dir/MiniOzoneClusterImpl-2e7e0147-493e-4f7b-8772-843c2731e345/datanode-4/data/ratis/2096f0bd-b3eb-436c-9982-7424b0b947b6/sm/snapshot.1_2
2024-02-09 18:34:15,231 [50f87e96-d653-4358-9a58-224b3bed4094@group-7424B0B947B6-FollowerState] INFO  impl.FollowerState (FollowerState.java:run(152)) - 50f87e96-d653-4358-9a58-224b3bed4094@group-7424B0B947B6-FollowerState was interrupted
2024-02-09 18:34:15,232 [50f87e96-d653-4358-9a58-224b3bed4094-impl-thread2] INFO  impl.PendingRequests (PendingRequests.java:sendNotLeaderResponses(289)) - 50f87e96-d653-4358-9a58-224b3bed4094@group-32B47A74D0A4-PendingRequests: sendNotLeaderResponses
2024-02-09 18:34:15,232 [main] INFO  server.GrpcService (GrpcService.java:closeImpl(320)) - 50f87e96-d653-4358-9a58-224b3bed4094: shutdown server org.apache.ratis.grpc.server.GrpcClientProtocolService successfully
2024-02-09 18:34:15,232 [main] INFO  server.GrpcService (GrpcService.java:closeImpl(311)) - 50f87e96-d653-4358-9a58-224b3bed4094: shutdown server GrpcServerProtocolService now
2024-02-09 18:34:15,233 [50f87e96-d653-4358-9a58-224b3bed4094-impl-thread2] INFO  impl.StateMachineUpdater (StateMachineUpdater.java:stopAndJoin(157)) - 50f87e96-d653-4358-9a58-224b3bed4094@group-32B47A74D0A4-StateMachineUpdater: set stopIndex = 0
2024-02-09 18:34:15,233 [50f87e96-d653-4358-9a58-224b3bed4094@group-7424B0B947B6-StateMachineUpdater] INFO  ratis.ContainerStateMachine (ContainerStateMachine.java:takeSnapshot(366)) - group-7424B0B947B6: Finished taking a snapshot at:(t:1, i:2) file:/home/runner/work/ozone/ozone/hadoop-ozone/integration-test/target/test-dir/MiniOzoneClusterImpl-2e7e0147-493e-4f7b-8772-843c2731e345/datanode-4/data/ratis/2096f0bd-b3eb-436c-9982-7424b0b947b6/sm/snapshot.1_2 took: 2 ms
2024-02-09 18:34:15,233 [50f87e96-d653-4358-9a58-224b3bed4094@group-32B47A74D0A4-StateMachineUpdater] INFO  ratis.ContainerStateMachine (ContainerStateMachine.java:takeSnapshot(355)) - group-32B47A74D0A4: Taking a snapshot at:(t:1, i:0) file /home/runner/work/ozone/ozone/hadoop-ozone/integration-test/target/test-dir/MiniOzoneClusterImpl-2e7e0147-493e-4f7b-8772-843c2731e345/datanode-4/data/ratis/d9f1df6b-2b86-4810-b733-32b47a74d0a4/sm/snapshot.1_0
2024-02-09 18:34:15,233 [50f87e96-d653-4358-9a58-224b3bed4094@group-7424B0B947B6-StateMachineUpdater] INFO  impl.StateMachineUpdater (StateMachineUpdater.java:takeSnapshot(295)) - 50f87e96-d653-4358-9a58-224b3bed4094@group-7424B0B947B6-StateMachineUpdater: Took a snapshot at index 2
2024-02-09 18:34:15,233 [50f87e96-d653-4358-9a58-224b3bed4094@group-7424B0B947B6-StateMachineUpdater] INFO  impl.StateMachineUpdater (StateMachineUpdater.java:lambda$new$0(98)) - 50f87e96-d653-4358-9a58-224b3bed4094@group-7424B0B947B6-StateMachineUpdater: snapshotIndex: updateIncreasingly -1 -> 2
2024-02-09 18:34:15,234 [50f87e96-d653-4358-9a58-224b3bed4094@group-32B47A74D0A4-StateMachineUpdater] INFO  ratis.ContainerStateMachine (ContainerStateMachine.java:takeSnapshot(366)) - group-32B47A74D0A4: Finished taking a snapshot at:(t:1, i:0) file:/home/runner/work/ozone/ozone/hadoop-ozone/integration-test/target/test-dir/MiniOzoneClusterImpl-2e7e0147-493e-4f7b-8772-843c2731e345/datanode-4/data/ratis/d9f1df6b-2b86-4810-b733-32b47a74d0a4/sm/snapshot.1_0 took: 1 ms
2024-02-09 18:34:15,234 [50f87e96-d653-4358-9a58-224b3bed4094@group-32B47A74D0A4-StateMachineUpdater] INFO  impl.StateMachineUpdater (StateMachineUpdater.java:takeSnapshot(295)) - 50f87e96-d653-4358-9a58-224b3bed4094@group-32B47A74D0A4-StateMachineUpdater: Took a snapshot at index 0
2024-02-09 18:34:15,234 [50f87e96-d653-4358-9a58-224b3bed4094@group-32B47A74D0A4-StateMachineUpdater] INFO  impl.StateMachineUpdater (StateMachineUpdater.java:lambda$new$0(98)) - 50f87e96-d653-4358-9a58-224b3bed4094@group-32B47A74D0A4-StateMachineUpdater: snapshotIndex: updateIncreasingly -1 -> 0
2024-02-09 18:34:15,234 [50f87e96-d653-4358-9a58-224b3bed4094-impl-thread1] INFO  server.RaftServer$Division (ServerState.java:close(427)) - 50f87e96-d653-4358-9a58-224b3bed4094@group-7424B0B947B6: applyIndex: 2
2024-02-09 18:34:15,234 [50f87e96-d653-4358-9a58-224b3bed4094-impl-thread2] INFO  server.RaftServer$Division (ServerState.java:close(427)) - 50f87e96-d653-4358-9a58-224b3bed4094@group-32B47A74D0A4: applyIndex: 0
2024-02-09 18:34:15,234 [50f87e96-d653-4358-9a58-224b3bed4094@group-7424B0B947B6-cacheEviction-AwaitToRun] INFO  util.AwaitToRun (AwaitToRun.java:run(49)) - 50f87e96-d653-4358-9a58-224b3bed4094@group-7424B0B947B6-cacheEviction-AwaitToRun-AwaitForSignal is interrupted
2024-02-09 18:34:15,234 [50f87e96-d653-4358-9a58-224b3bed4094@group-32B47A74D0A4-cacheEviction-AwaitToRun] INFO  util.AwaitToRun (AwaitToRun.java:run(49)) - 50f87e96-d653-4358-9a58-224b3bed4094@group-32B47A74D0A4-cacheEviction-AwaitToRun-AwaitForSignal is interrupted
2024-02-09 18:34:15,235 [grpc-default-executor-0] WARN  server.GrpcLogAppender (LogUtils.java:warn(121)) - 19714071-6985-4253-9bb3-86e59ac051d1@group-7424B0B947B6->50f87e96-d653-4358-9a58-224b3bed4094-AppendLogResponseHandler: Failed appendEntries: org.apache.ratis.thirdparty.io.grpc.StatusRuntimeException: CANCELLED: RST_STREAM closed stream. HTTP/2 error code: CANCEL
2024-02-09 18:34:15,235 [grpc-default-executor-0] WARN  server.GrpcLogAppender (GrpcLogAppender.java:lambda$resetClient$1(217)) - 19714071-6985-4253-9bb3-86e59ac051d1@group-7424B0B947B6->50f87e96-d653-4358-9a58-224b3bed4094-GrpcLogAppender: Follower failed (request=null, errorCount=1); keep nextIndex (3) unchanged and retry.
2024-02-09 18:34:15,234 [grpc-default-executor-4] WARN  server.GrpcServerProtocolService (LogUtils.java:warn(121)) - 50f87e96-d653-4358-9a58-224b3bed4094: APPEND_ENTRIES onError, lastRequest: null: org.apache.ratis.thirdparty.io.grpc.StatusRuntimeException: CANCELLED: client cancelled
2024-02-09 18:34:15,235 [grpc-default-executor-0] WARN  server.GrpcServerProtocolService (LogUtils.java:warn(121)) - 50f87e96-d653-4358-9a58-224b3bed4094: APPEND_ENTRIES onError, lastRequest: 19714071-6985-4253-9bb3-86e59ac051d1->50f87e96-d653-4358-9a58-224b3bed4094#4-t1,previous=(t:1, i:1),leaderCommit=1,initializing? false,entries: size=1, first=(t:1, i:2), METADATAENTRY(c:1): org.apache.ratis.thirdparty.io.grpc.StatusRuntimeException: CANCELLED: client cancelled
2024-02-09 18:34:15,236 [main] INFO  server.GrpcService (GrpcService.java:closeImpl(320)) - 50f87e96-d653-4358-9a58-224b3bed4094: shutdown server GrpcServerProtocolService successfully
2024-02-09 18:34:15,236 [main] INFO  server.GrpcService (GrpcService.java:closeImpl(311)) - 50f87e96-d653-4358-9a58-224b3bed4094: shutdown server org.apache.ratis.grpc.server.GrpcAdminProtocolService now
2024-02-09 18:34:15,237 [main] INFO  server.GrpcService (GrpcService.java:closeImpl(320)) - 50f87e96-d653-4358-9a58-224b3bed4094: shutdown server org.apache.ratis.grpc.server.GrpcAdminProtocolService successfully
2024-02-09 18:34:15,240 [50f87e96-d653-4358-9a58-224b3bed4094-NettyServerStreamRpc-bossGroup--thread1] INFO  logging.LoggingHandler (AbstractInternalLogger.java:log(148)) - [id: 0x7aa23f68, L:/0.0.0.0:15140] CLOSE
2024-02-09 18:34:15,240 [50f87e96-d653-4358-9a58-224b3bed4094-NettyServerStreamRpc-bossGroup--thread1] INFO  logging.LoggingHandler (AbstractInternalLogger.java:log(148)) - [id: 0x7aa23f68, L:/0.0.0.0:15140] INACTIVE
2024-02-09 18:34:15,240 [50f87e96-d653-4358-9a58-224b3bed4094-NettyServerStreamRpc-bossGroup--thread1] INFO  logging.LoggingHandler (AbstractInternalLogger.java:log(148)) - [id: 0x7aa23f68, L:/0.0.0.0:15140] UNREGISTERED
2024-02-09 18:34:15,939 [50f87e96-d653-4358-9a58-224b3bed4094-impl-thread2] INFO  segmented.SegmentedRaftLogWorker (SegmentedRaftLogWorker.java:close(245)) - 50f87e96-d653-4358-9a58-224b3bed4094@group-32B47A74D0A4-SegmentedRaftLogWorker close()
2024-02-09 18:34:16,211 [50f87e96-d653-4358-9a58-224b3bed4094-impl-thread1] INFO  segmented.SegmentedRaftLogWorker (SegmentedRaftLogWorker.java:close(245)) - 50f87e96-d653-4358-9a58-224b3bed4094@group-7424B0B947B6-SegmentedRaftLogWorker close()
2024-02-09 18:34:16,212 [JvmPauseMonitor17] INFO  util.JvmPauseMonitor (JvmPauseMonitor.java:run(152)) - JvmPauseMonitor-50f87e96-d653-4358-9a58-224b3bed4094: Stopped
2024-02-09 18:34:17,242 [timer3] WARN  server.GrpcLogAppender (LogUtils.java:warn(121)) - 19714071-6985-4253-9bb3-86e59ac051d1@group-7424B0B947B6->c9aa2afb-1190-4a6b-bc65-38c12648ce52-AppendLogResponseHandler: Failed appendEntries (Repeated 8 times in the last 5.001s): org.apache.ratis.thirdparty.io.grpc.StatusRuntimeException: UNAVAILABLE: io exception
2024-02-09 18:34:17,243 [timer4] WARN  server.GrpcLogAppender (GrpcLogAppender.java:lambda$resetClient$1(217)) - 19714071-6985-4253-9bb3-86e59ac051d1@group-7424B0B947B6->c9aa2afb-1190-4a6b-bc65-38c12648ce52-GrpcLogAppender: Follower failed (request=null, errorCount=8); keep nextIndex (3) unchanged and retry. (Repeated 8 times in the last 5.000s)
2024-02-09 18:34:18,215 [main] INFO  utils.DatanodeStoreCache (DatanodeStoreCache.java:shutdownCache(116)) - Skip clearing cache in mini cluster mode. Entries left: [/home/runner/work/ozone/ozone/hadoop-ozone/integration-test/target/test-dir/MiniOzoneClusterImpl-2e7e0147-493e-4f7b-8772-843c2731e345/datanode-0/data-0/containers/hdds/2e7e0147-493e-4f7b-8772-843c2731e345/DS-b635cdf8-c11d-4f52-91d9-924331fc4e69/container.db, /home/runner/work/ozone/ozone/hadoop-ozone/integration-test/target/test-dir/MiniOzoneClusterImpl-2e7e0147-493e-4f7b-8772-843c2731e345/datanode-1/data-0/containers/hdds/2e7e0147-493e-4f7b-8772-843c2731e345/DS-2835d456-cf97-4fa0-93cd-62ae07bf6818/container.db, /home/runner/work/ozone/ozone/hadoop-ozone/integration-test/target/test-dir/MiniOzoneClusterImpl-2e7e0147-493e-4f7b-8772-843c2731e345/datanode-2/data-0/containers/hdds/2e7e0147-493e-4f7b-8772-843c2731e345/DS-7d86a704-a2cc-4d3e-9fdd-0325a918a9a7/container.db, /home/runner/work/ozone/ozone/hadoop-ozone/integration-test/target/test-dir/MiniOzoneClusterImpl-2e7e0147-493e-4f7b-8772-843c2731e345/datanode-3/data-0/containers/hdds/2e7e0147-493e-4f7b-8772-843c2731e345/DS-588d54cd-1bdf-4f3f-8c70-4459ad3beb2a/container.db, /home/runner/work/ozone/ozone/hadoop-ozone/integration-test/target/test-dir/MiniOzoneClusterImpl-2e7e0147-493e-4f7b-8772-843c2731e345/datanode-4/data-0/containers/hdds/2e7e0147-493e-4f7b-8772-843c2731e345/DS-8db85767-4804-40b3-9b89-6f47ed7d5c5d/container.db, /home/runner/work/ozone/ozone/hadoop-ozone/integration-test/target/test-dir/MiniOzoneClusterImpl-2e7e0147-493e-4f7b-8772-843c2731e345/datanode-6/data-0/containers/hdds/2e7e0147-493e-4f7b-8772-843c2731e345/DS-0f76a281-b172-4567-b7c1-d5d9266c8945/container.db, /home/runner/work/ozone/ozone/hadoop-ozone/integration-test/target/test-dir/MiniOzoneClusterImpl-2e7e0147-493e-4f7b-8772-843c2731e345/datanode-7/data-0/containers/hdds/2e7e0147-493e-4f7b-8772-843c2731e345/DS-bdb39d5a-806d-4425-8c25-04e6b17588e5/container.db, /home/runner/work/ozone/ozone/hadoop-ozone/integration-test/target/test-dir/MiniOzoneClusterImpl-2e7e0147-493e-4f7b-8772-843c2731e345/datanode-8/data-0/containers/hdds/2e7e0147-493e-4f7b-8772-843c2731e345/DS-fce2252b-f399-4382-8534-6693dfc0f75f/container.db]
2024-02-09 18:34:18,216 [main] INFO  utils.DatanodeStoreCache (DatanodeStoreCache.java:removeDB(110)) - Removed db /home/runner/work/ozone/ozone/hadoop-ozone/integration-test/target/test-dir/MiniOzoneClusterImpl-2e7e0147-493e-4f7b-8772-843c2731e345/datanode-4/data-0/containers/hdds/2e7e0147-493e-4f7b-8772-843c2731e345/DS-8db85767-4804-40b3-9b89-6f47ed7d5c5d/container.db from cache
2024-02-09 18:34:18,216 [main] INFO  volume.HddsVolume (HddsVolume.java:closeDbStore(451)) - SchemaV3 db is stopped at /home/runner/work/ozone/ozone/hadoop-ozone/integration-test/target/test-dir/MiniOzoneClusterImpl-2e7e0147-493e-4f7b-8772-843c2731e345/datanode-4/data-0/containers/hdds/2e7e0147-493e-4f7b-8772-843c2731e345/DS-8db85767-4804-40b3-9b89-6f47ed7d5c5d/container.db for volume DS-8db85767-4804-40b3-9b89-6f47ed7d5c5d
2024-02-09 18:34:18,216 [main] INFO  utils.BackgroundService (BackgroundService.java:shutdown(160)) - Shutting down service BlockDeletingService
2024-02-09 18:34:18,217 [main] INFO  utils.BackgroundService (BackgroundService.java:shutdown(160)) - Shutting down service StaleRecoveringContainerScrubbingService
2024-02-09 18:34:18,217 [main] INFO  statemachine.DatanodeStateMachine (DatanodeStateMachine.java:stopDaemon(638)) - Ozone container server stopped.
2024-02-09 18:34:18,218 [main] INFO  handler.ContextHandler (ContextHandler.java:doStop(1159)) - Stopped o.e.j.w.WebAppContext@29579547{hddsDatanode,/,null,STOPPED}{jar:file:/home/runner/.m2/repository/org/apache/ozone/hdds-container-service/1.5.0-SNAPSHOT/hdds-container-service-1.5.0-SNAPSHOT.jar!/webapps/hddsDatanode}
2024-02-09 18:34:18,218 [main] INFO  server.AbstractConnector (AbstractConnector.java:doStop(383)) - Stopped ServerConnector@2b63308{HTTP/1.1, (http/1.1)}{0.0.0.0:15134}
2024-02-09 18:34:18,218 [main] INFO  server.session (HouseKeeper.java:stopScavenging(149)) - node0 Stopped scavenging
2024-02-09 18:34:18,218 [main] INFO  handler.ContextHandler (ContextHandler.java:doStop(1159)) - Stopped o.e.j.s.ServletContextHandler@320aad1b{static,/static,jar:file:/home/runner/.m2/repository/org/apache/ozone/hdds-container-service/1.5.0-SNAPSHOT/hdds-container-service-1.5.0-SNAPSHOT.jar!/webapps/static,STOPPED}
2024-02-09 18:34:18,219 [main] INFO  handler.ContextHandler (ContextHandler.java:doStop(1159)) - Stopped o.e.j.s.ServletContextHandler@6c29e6d8{logs,/logs,file:///home/runner/work/ozone/ozone/hadoop-ozone/integration-test/target/log,STOPPED}
2024-02-09 18:34:18,219 [main] INFO  ozone.HddsDatanodeClientProtocolServer (HddsDatanodeClientProtocolServer.java:stop(78)) - Stopping the RPC server for Client Protocol
2024-02-09 18:34:18,219 [main] INFO  ipc.Server (Server.java:stop(3523)) - Stopping server on 15135
2024-02-09 18:34:18,220 [IPC Server listener on 15135] INFO  ipc.Server (Server.java:run(1434)) - Stopping IPC Server listener on 15135
2024-02-09 18:34:18,220 [IPC Server Responder] INFO  ipc.Server (Server.java:run(1567)) - Stopping IPC Server Responder
2024-02-09 18:34:18,225 [main] INFO  pipeline.PipelineManagerImpl (PipelineManagerImpl.java:closeContainersForPipeline(484)) - Container #1 closed for pipeline=PipelineID=2096f0bd-b3eb-436c-9982-7424b0b947b6
2024-02-09 18:34:18,226 [main] INFO  pipeline.PipelineManagerImpl (PipelineManagerImpl.java:closePipeline(518)) - Pipeline PipelineID=2096f0bd-b3eb-436c-9982-7424b0b947b6 moved to CLOSED state
2024-02-09 18:34:18,228 [EventQueue-CloseContainerForCloseContainerEventHandler] INFO  container.CloseContainerEventHandler (CloseContainerEventHandler.java:onMessage(88)) - Close container Event triggered for container : #1, current state: CLOSING
2024-02-09 18:34:18,477 [grpc-default-executor-4] WARN  server.GrpcLogAppender (LogUtils.java:warn(121)) - 19714071-6985-4253-9bb3-86e59ac051d1@group-7424B0B947B6->c9aa2afb-1190-4a6b-bc65-38c12648ce52-AppendLogResponseHandler: Failed appendEntries: org.apache.ratis.thirdparty.io.grpc.StatusRuntimeException: UNAVAILABLE: io exception
2024-02-09 18:34:18,478 [grpc-default-executor-1] WARN  server.GrpcLogAppender (GrpcLogAppender.java:lambda$resetClient$1(217)) - 19714071-6985-4253-9bb3-86e59ac051d1@group-7424B0B947B6->c9aa2afb-1190-4a6b-bc65-38c12648ce52-GrpcLogAppender: Follower failed (request=null, errorCount=9); keep nextIndex (3) unchanged and retry.
2024-02-09 18:34:20,235 [timer3] WARN  server.GrpcLogAppender (GrpcLogAppender.java:lambda$resetClient$1(217)) - 19714071-6985-4253-9bb3-86e59ac051d1@group-7424B0B947B6->50f87e96-d653-4358-9a58-224b3bed4094-GrpcLogAppender: Follower failed (request=null, errorCount=8); keep nextIndex (3) unchanged and retry. (Repeated 8 times in the last 5.000s)
2024-02-09 18:34:20,235 [timer2] WARN  server.GrpcLogAppender (LogUtils.java:warn(121)) - 19714071-6985-4253-9bb3-86e59ac051d1@group-7424B0B947B6->50f87e96-d653-4358-9a58-224b3bed4094-AppendLogResponseHandler: Failed appendEntries (Repeated 8 times in the last 5.000s): org.apache.ratis.thirdparty.io.grpc.StatusRuntimeException: UNAVAILABLE: io exception
2024-02-09 18:34:20,975 [grpc-default-executor-1] WARN  server.GrpcLogAppender (LogUtils.java:warn(121)) - 19714071-6985-4253-9bb3-86e59ac051d1@group-7424B0B947B6->50f87e96-d653-4358-9a58-224b3bed4094-AppendLogResponseHandler: Failed appendEntries: org.apache.ratis.thirdparty.io.grpc.StatusRuntimeException: UNAVAILABLE: io exception
2024-02-09 18:34:20,977 [grpc-default-executor-4] WARN  server.GrpcLogAppender (GrpcLogAppender.java:lambda$resetClient$1(217)) - 19714071-6985-4253-9bb3-86e59ac051d1@group-7424B0B947B6->50f87e96-d653-4358-9a58-224b3bed4094-GrpcLogAppender: Follower failed (request=null, errorCount=9); keep nextIndex (3) unchanged and retry.
2024-02-09 18:34:21,818 [null-request--thread1] INFO  server.GrpcClientProtocolService (GrpcClientProtocolService.java:lambda$processClientRequest$0(284)) - Failed RaftClientRequest:client-A65AB7E367F1->19714071-6985-4253-9bb3-86e59ac051d1@group-7424B0B947B6, cid=47, seq=null, Watch-ALL_COMMITTED(15), Message:<EMPTY>, reply=RaftClientReply:client-A65AB7E367F1->19714071-6985-4253-9bb3-86e59ac051d1@group-7424B0B947B6, cid=47, FAILED org.apache.ratis.protocol.exceptions.NotReplicatedException: Request with call Id 47 and log index 15 is not yet replicated to ALL_COMMITTED, logIndex=15, commits[19714071-6985-4253-9bb3-86e59ac051d1:c2, c9aa2afb-1190-4a6b-bc65-38c12648ce52:c1, 50f87e96-d653-4358-9a58-224b3bed4094:c2]
2024-02-09 18:34:21,822 [main] WARN  scm.XceiverClientRatis (XceiverClientRatis.java:watchForCommit(284)) - 3 way commit failed on pipeline Pipeline[ Id: 2096f0bd-b3eb-436c-9982-7424b0b947b6, Nodes: c9aa2afb-1190-4a6b-bc65-38c12648ce52(fv-az1241-572.pcjn5njxctguzesueqcwbvg5cg.ex.internal.cloudapp.net/10.1.0.43)50f87e96-d653-4358-9a58-224b3bed4094(fv-az1241-572.pcjn5njxctguzesueqcwbvg5cg.ex.internal.cloudapp.net/10.1.0.43)19714071-6985-4253-9bb3-86e59ac051d1(fv-az1241-572.pcjn5njxctguzesueqcwbvg5cg.ex.internal.cloudapp.net/10.1.0.43), ReplicationConfig: RATIS/THREE, State:OPEN, leaderId:19714071-6985-4253-9bb3-86e59ac051d1, CreationTimestamp2024-02-09T18:34:03.845Z[Etc/UTC]]
java.util.concurrent.ExecutionException: org.apache.ratis.protocol.exceptions.NotReplicatedException: Request with call Id 47 and log index 15 is not yet replicated to ALL_COMMITTED
	at java.util.concurrent.CompletableFuture.reportGet(CompletableFuture.java:357)
	at java.util.concurrent.CompletableFuture.get(CompletableFuture.java:1908)
	at org.apache.hadoop.hdds.scm.XceiverClientRatis.watchForCommit(XceiverClientRatis.java:279)
	at org.apache.hadoop.ozone.client.rpc.TestWatchForCommit.lambda$testWatchForCommitForRetryfailure$0(TestWatchForCommit.java:286)
	at org.junit.jupiter.api.AssertThrows.assertThrows(AssertThrows.java:53)
	at org.junit.jupiter.api.AssertThrows.assertThrows(AssertThrows.java:35)
	at org.junit.jupiter.api.Assertions.assertThrows(Assertions.java:3115)
	at org.apache.hadoop.ozone.client.rpc.TestWatchForCommit.testWatchForCommitForRetryfailure(TestWatchForCommit.java:285)
	at sun.reflect.NativeMethodAccessorImpl.invoke0(Native Method)
	at sun.reflect.NativeMethodAccessorImpl.invoke(NativeMethodAccessorImpl.java:62)
	at sun.reflect.DelegatingMethodAccessorImpl.invoke(DelegatingMethodAccessorImpl.java:43)
	at java.lang.reflect.Method.invoke(Method.java:498)
	at org.junit.platform.commons.util.ReflectionUtils.invokeMethod(ReflectionUtils.java:728)
	at org.junit.jupiter.engine.execution.MethodInvocation.proceed(MethodInvocation.java:60)
	at org.junit.jupiter.engine.execution.InvocationInterceptorChain$ValidatingInvocation.proceed(InvocationInterceptorChain.java:131)
	at org.junit.jupiter.engine.extension.TimeoutExtension.intercept(TimeoutExtension.java:156)
	at org.junit.jupiter.engine.extension.TimeoutExtension.interceptTestableMethod(TimeoutExtension.java:147)
	at org.junit.jupiter.engine.extension.TimeoutExtension.interceptTestMethod(TimeoutExtension.java:86)
	at org.junit.jupiter.engine.execution.InterceptingExecutableInvoker$ReflectiveInterceptorCall.lambda$ofVoidMethod$0(InterceptingExecutableInvoker.java:103)
	at org.junit.jupiter.engine.execution.InterceptingExecutableInvoker.lambda$invoke$0(InterceptingExecutableInvoker.java:93)
	at org.junit.jupiter.engine.execution.InvocationInterceptorChain$InterceptedInvocation.proceed(InvocationInterceptorChain.java:106)
	at org.junit.jupiter.engine.execution.InvocationInterceptorChain.proceed(InvocationInterceptorChain.java:64)
	at org.junit.jupiter.engine.execution.InvocationInterceptorChain.chainAndInvoke(InvocationInterceptorChain.java:45)
	at org.junit.jupiter.engine.execution.InvocationInterceptorChain.invoke(InvocationInterceptorChain.java:37)
	at org.junit.jupiter.engine.execution.InterceptingExecutableInvoker.invoke(InterceptingExecutableInvoker.java:92)
	at org.junit.jupiter.engine.execution.InterceptingExecutableInvoker.invoke(InterceptingExecutableInvoker.java:86)
	at org.junit.jupiter.engine.descriptor.TestMethodTestDescriptor.lambda$invokeTestMethod$7(TestMethodTestDescriptor.java:218)
	at org.junit.platform.engine.support.hierarchical.ThrowableCollector.execute(ThrowableCollector.java:73)
	at org.junit.jupiter.engine.descriptor.TestMethodTestDescriptor.invokeTestMethod(TestMethodTestDescriptor.java:214)
	at org.junit.jupiter.engine.descriptor.TestMethodTestDescriptor.execute(TestMethodTestDescriptor.java:139)
	at org.junit.jupiter.engine.descriptor.TestMethodTestDescriptor.execute(TestMethodTestDescriptor.java:69)
	at org.junit.platform.engine.support.hierarchical.NodeTestTask.lambda$executeRecursively$6(NodeTestTask.java:151)
	at org.junit.platform.engine.support.hierarchical.ThrowableCollector.execute(ThrowableCollector.java:73)
	at org.junit.platform.engine.support.hierarchical.NodeTestTask.lambda$executeRecursively$8(NodeTestTask.java:141)
	at org.junit.platform.engine.support.hierarchical.Node.around(Node.java:137)
	at org.junit.platform.engine.support.hierarchical.NodeTestTask.lambda$executeRecursively$9(NodeTestTask.java:139)
	at org.junit.platform.engine.support.hierarchical.ThrowableCollector.execute(ThrowableCollector.java:73)
	at org.junit.platform.engine.support.hierarchical.NodeTestTask.executeRecursively(NodeTestTask.java:138)
	at org.junit.platform.engine.support.hierarchical.NodeTestTask.execute(NodeTestTask.java:95)
	at java.util.ArrayList.forEach(ArrayList.java:1259)
	at org.junit.platform.engine.support.hierarchical.SameThreadHierarchicalTestExecutorService.invokeAll(SameThreadHierarchicalTestExecutorService.java:41)
	at org.junit.platform.engine.support.hierarchical.NodeTestTask.lambda$executeRecursively$6(NodeTestTask.java:155)
	at org.junit.platform.engine.support.hierarchical.ThrowableCollector.execute(ThrowableCollector.java:73)
	at org.junit.platform.engine.support.hierarchical.NodeTestTask.lambda$executeRecursively$8(NodeTestTask.java:141)
	at org.junit.platform.engine.support.hierarchical.Node.around(Node.java:137)
	at org.junit.platform.engine.support.hierarchical.NodeTestTask.lambda$executeRecursively$9(NodeTestTask.java:139)
	at org.junit.platform.engine.support.hierarchical.ThrowableCollector.execute(ThrowableCollector.java:73)
	at org.junit.platform.engine.support.hierarchical.NodeTestTask.executeRecursively(NodeTestTask.java:138)
	at org.junit.platform.engine.support.hierarchical.NodeTestTask.execute(NodeTestTask.java:95)
	at java.util.ArrayList.forEach(ArrayList.java:1259)
	at org.junit.platform.engine.support.hierarchical.SameThreadHierarchicalTestExecutorService.invokeAll(SameThreadHierarchicalTestExecutorService.java:41)
	at org.junit.platform.engine.support.hierarchical.NodeTestTask.lambda$executeRecursively$6(NodeTestTask.java:155)
	at org.junit.platform.engine.support.hierarchical.ThrowableCollector.execute(ThrowableCollector.java:73)
	at org.junit.platform.engine.support.hierarchical.NodeTestTask.lambda$executeRecursively$8(NodeTestTask.java:141)
	at org.junit.platform.engine.support.hierarchical.Node.around(Node.java:137)
	at org.junit.platform.engine.support.hierarchical.NodeTestTask.lambda$executeRecursively$9(NodeTestTask.java:139)
	at org.junit.platform.engine.support.hierarchical.ThrowableCollector.execute(ThrowableCollector.java:73)
	at org.junit.platform.engine.support.hierarchical.NodeTestTask.executeRecursively(NodeTestTask.java:138)
	at org.junit.platform.engine.support.hierarchical.NodeTestTask.execute(NodeTestTask.java:95)
	at org.junit.platform.engine.support.hierarchical.SameThreadHierarchicalTestExecutorService.submit(SameThreadHierarchicalTestExecutorService.java:35)
	at org.junit.platform.engine.support.hierarchical.HierarchicalTestExecutor.execute(HierarchicalTestExecutor.java:57)
	at org.junit.platform.engine.support.hierarchical.HierarchicalTestEngine.execute(HierarchicalTestEngine.java:54)
	at org.junit.platform.launcher.core.EngineExecutionOrchestrator.execute(EngineExecutionOrchestrator.java:198)
	at org.junit.platform.launcher.core.EngineExecutionOrchestrator.execute(EngineExecutionOrchestrator.java:169)
	at org.junit.platform.launcher.core.EngineExecutionOrchestrator.execute(EngineExecutionOrchestrator.java:93)
	at org.junit.platform.launcher.core.EngineExecutionOrchestrator.lambda$execute$0(EngineExecutionOrchestrator.java:58)
	at org.junit.platform.launcher.core.EngineExecutionOrchestrator.withInterceptedStreams(EngineExecutionOrchestrator.java:141)
	at org.junit.platform.launcher.core.EngineExecutionOrchestrator.execute(EngineExecutionOrchestrator.java:57)
	at org.junit.platform.launcher.core.DefaultLauncher.execute(DefaultLauncher.java:103)
	at org.junit.platform.launcher.core.DefaultLauncher.execute(DefaultLauncher.java:85)
	at org.junit.platform.launcher.core.DelegatingLauncher.execute(DelegatingLauncher.java:47)
	at org.junit.platform.launcher.core.SessionPerRequestLauncher.execute(SessionPerRequestLauncher.java:63)
	at org.apache.maven.surefire.junitplatform.JUnitPlatformProvider.execute(JUnitPlatformProvider.java:188)
	at org.apache.maven.surefire.junitplatform.JUnitPlatformProvider.invokeAllTests(JUnitPlatformProvider.java:154)
	at org.apache.maven.surefire.junitplatform.JUnitPlatformProvider.invoke(JUnitPlatformProvider.java:124)
	at org.apache.maven.surefire.booter.ForkedBooter.runSuitesInProcess(ForkedBooter.java:428)
	at org.apache.maven.surefire.booter.ForkedBooter.execute(ForkedBooter.java:162)
	at org.apache.maven.surefire.booter.ForkedBooter.run(ForkedBooter.java:562)
	at org.apache.maven.surefire.booter.ForkedBooter.main(ForkedBooter.java:548)
Caused by: org.apache.ratis.protocol.exceptions.NotReplicatedException: Request with call Id 47 and log index 15 is not yet replicated to ALL_COMMITTED
	at org.apache.ratis.client.impl.ClientProtoUtils.toRaftClientReply(ClientProtoUtils.java:400)
	at org.apache.ratis.grpc.client.GrpcClientProtocolClient$AsyncStreamObservers$1.onNext(GrpcClientProtocolClient.java:310)
	at org.apache.ratis.grpc.client.GrpcClientProtocolClient$AsyncStreamObservers$1.onNext(GrpcClientProtocolClient.java:305)
	at org.apache.ratis.thirdparty.io.grpc.stub.ClientCalls$StreamObserverToCallListenerAdapter.onMessage(ClientCalls.java:468)
	at org.apache.ratis.thirdparty.io.grpc.ForwardingClientCallListener.onMessage(ForwardingClientCallListener.java:33)
	at org.apache.ratis.thirdparty.io.grpc.internal.ClientCallImpl$ClientStreamListenerImpl$1MessagesAvailable.runInternal(ClientCallImpl.java:660)
	at org.apache.ratis.thirdparty.io.grpc.internal.ClientCallImpl$ClientStreamListenerImpl$1MessagesAvailable.runInContext(ClientCallImpl.java:647)
	at org.apache.ratis.thirdparty.io.grpc.internal.ContextRunnable.run(ContextRunnable.java:37)
	at org.apache.ratis.thirdparty.io.grpc.internal.SerializingExecutor.run(SerializingExecutor.java:133)
	at java.util.concurrent.ThreadPoolExecutor.runWorker(ThreadPoolExecutor.java:1149)
	at java.util.concurrent.ThreadPoolExecutor$Worker.run(ThreadPoolExecutor.java:624)
	at java.lang.Thread.run(Thread.java:750)
2024-02-09 18:34:22,615 [19714071-6985-4253-9bb3-86e59ac051d1@group-7424B0B947B6-LeaderStateImpl] WARN  server.RaftServer$Division (LeaderStateImpl.java:checkLeadership(1107)) - 19714071-6985-4253-9bb3-86e59ac051d1@group-7424B0B947B6-LeaderStateImpl: Lost leadership on term: 1. Election timeout: 5200ms. In charge for: 10797ms. Conf: 0: peers:[c9aa2afb-1190-4a6b-bc65-38c12648ce52|10.1.0.43:15148, 19714071-6985-4253-9bb3-86e59ac051d1|10.1.0.43:15130, 50f87e96-d653-4358-9a58-224b3bed4094|10.1.0.43:15139]|listeners:[], old=null
2024-02-09 18:34:22,616 [19714071-6985-4253-9bb3-86e59ac051d1@group-7424B0B947B6-LeaderStateImpl] WARN  server.RaftServer$Division (LeaderStateImpl.java:lambda$checkLeadership$21(1111)) - Follower 19714071-6985-4253-9bb3-86e59ac051d1@group-7424B0B947B6->c9aa2afb-1190-4a6b-bc65-38c12648ce52(c1,m2,n3, caughtUp=true, lastRpcSendTime=1349, lastRpcResponseTime=10401)
2024-02-09 18:34:22,616 [19714071-6985-4253-9bb3-86e59ac051d1@group-7424B0B947B6-LeaderStateImpl] WARN  server.RaftServer$Division (LeaderStateImpl.java:lambda$checkLeadership$21(1111)) - Follower 19714071-6985-4253-9bb3-86e59ac051d1@group-7424B0B947B6->50f87e96-d653-4358-9a58-224b3bed4094(c2,m2,n3, caughtUp=true, lastRpcSendTime=386, lastRpcResponseTime=7904)
2024-02-09 18:34:22,616 [19714071-6985-4253-9bb3-86e59ac051d1@group-7424B0B947B6-LeaderStateImpl] INFO  server.RaftServer$Division (RaftServerImpl.java:setRole(383)) - 19714071-6985-4253-9bb3-86e59ac051d1@group-7424B0B947B6: changes role from    LEADER to FOLLOWER at term 1 for StepDownReason:LOST_MAJORITY_HEARTBEATS
2024-02-09 18:34:22,616 [19714071-6985-4253-9bb3-86e59ac051d1@group-7424B0B947B6-LeaderStateImpl] INFO  impl.RoleInfo (RoleInfo.java:shutdownLeaderState(94)) - 19714071-6985-4253-9bb3-86e59ac051d1: shutdown 19714071-6985-4253-9bb3-86e59ac051d1@group-7424B0B947B6-LeaderStateImpl
2024-02-09 18:34:22,616 [19714071-6985-4253-9bb3-86e59ac051d1@group-7424B0B947B6->50f87e96-d653-4358-9a58-224b3bed4094-GrpcLogAppender-LogAppenderDaemon] WARN  server.GrpcLogAppender (GrpcLogAppender.java:mayWait(289)) - 19714071-6985-4253-9bb3-86e59ac051d1@group-7424B0B947B6->50f87e96-d653-4358-9a58-224b3bed4094-GrpcLogAppender: Wait interrupted by java.lang.InterruptedException
2024-02-09 18:34:22,616 [19714071-6985-4253-9bb3-86e59ac051d1@group-7424B0B947B6-LeaderStateImpl] INFO  impl.PendingRequests (PendingRequests.java:sendNotLeaderResponses(289)) - 19714071-6985-4253-9bb3-86e59ac051d1@group-7424B0B947B6-PendingRequests: sendNotLeaderResponses
2024-02-09 18:34:22,617 [19714071-6985-4253-9bb3-86e59ac051d1@group-7424B0B947B6->c9aa2afb-1190-4a6b-bc65-38c12648ce52-GrpcLogAppender-LogAppenderDaemon] WARN  server.GrpcLogAppender (GrpcLogAppender.java:mayWait(289)) - 19714071-6985-4253-9bb3-86e59ac051d1@group-7424B0B947B6->c9aa2afb-1190-4a6b-bc65-38c12648ce52-GrpcLogAppender: Wait interrupted by java.lang.InterruptedException
2024-02-09 18:34:22,618 [null-request--thread1] INFO  server.GrpcClientProtocolService (GrpcClientProtocolService.java:lambda$processClientRequest$0(284)) - Failed RaftClientRequest:client-A65AB7E367F1->19714071-6985-4253-9bb3-86e59ac051d1@group-7424B0B947B6, cid=48, seq=null, Watch-MAJORITY_COMMITTED(15), Message:<EMPTY>, reply=RaftClientReply:client-A65AB7E367F1->19714071-6985-4253-9bb3-86e59ac051d1@group-7424B0B947B6, cid=48, FAILED org.apache.ratis.protocol.exceptions.NotLeaderException: Server 19714071-6985-4253-9bb3-86e59ac051d1@group-7424B0B947B6 is not the leader, logIndex=0, commits[19714071-6985-4253-9bb3-86e59ac051d1:c2, c9aa2afb-1190-4a6b-bc65-38c12648ce52:c1, 50f87e96-d653-4358-9a58-224b3bed4094:c2]
2024-02-09 18:34:22,619 [19714071-6985-4253-9bb3-86e59ac051d1@group-7424B0B947B6-LeaderStateImpl] INFO  server.RaftServer$Division (ServerState.java:setLeader(269)) - 19714071-6985-4253-9bb3-86e59ac051d1@group-7424B0B947B6: change Leader from 19714071-6985-4253-9bb3-86e59ac051d1 to null at term 1 for StepDownReason:LOST_MAJORITY_HEARTBEATS
2024-02-09 18:34:22,619 [19714071-6985-4253-9bb3-86e59ac051d1@group-7424B0B947B6-LeaderStateImpl] INFO  impl.RoleInfo (RoleInfo.java:updateAndGet(139)) - 19714071-6985-4253-9bb3-86e59ac051d1: start 19714071-6985-4253-9bb3-86e59ac051d1@group-7424B0B947B6-FollowerState
2024-02-09 18:34:23,222 [19714071-6985-4253-9bb3-86e59ac051d1-CloseContainerThread-0] INFO  commandhandler.CloseContainerCommandHandler (CloseContainerCommandHandler.java:lambda$handle$0(154)) - Follower cannot close container #1.
2024-02-09 18:34:23,478 [timer6] WARN  server.GrpcLogAppender (LogUtils.java:warn(121)) - 19714071-6985-4253-9bb3-86e59ac051d1@group-7424B0B947B6->c9aa2afb-1190-4a6b-bc65-38c12648ce52-AppendLogResponseHandler: Failed appendEntries (Repeated 6 times in the last 5.000s): org.apache.ratis.thirdparty.io.grpc.StatusRuntimeException: UNAVAILABLE: io exception
2024-02-09 18:34:23,478 [timer0] WARN  server.GrpcLogAppender (GrpcLogAppender.java:lambda$resetClient$1(217)) - 19714071-6985-4253-9bb3-86e59ac051d1@group-7424B0B947B6->c9aa2afb-1190-4a6b-bc65-38c12648ce52-GrpcLogAppender: Follower failed (request=null, errorCount=14); keep nextIndex (3) unchanged and retry. (Repeated 6 times in the last 4.999s)
2024-02-09 18:34:24,463 [BackgroundPipelineScrubber] INFO  pipeline.PipelineManagerImpl (PipelineManagerImpl.java:scrubPipelines(610)) - Scrubbing pipeline: id: PipelineID=2096f0bd-b3eb-436c-9982-7424b0b947b6 since it stays at CLOSED stage.
2024-02-09 18:34:24,463 [BackgroundPipelineScrubber] INFO  pipeline.RatisPipelineProvider (RatisPipelineProvider.java:lambda$close$4(272)) - Send pipeline:PipelineID=2096f0bd-b3eb-436c-9982-7424b0b947b6 close command to datanode c9aa2afb-1190-4a6b-bc65-38c12648ce52
2024-02-09 18:34:24,463 [BackgroundPipelineScrubber] INFO  pipeline.RatisPipelineProvider (RatisPipelineProvider.java:lambda$close$4(272)) - Send pipeline:PipelineID=2096f0bd-b3eb-436c-9982-7424b0b947b6 close command to datanode 50f87e96-d653-4358-9a58-224b3bed4094
2024-02-09 18:34:24,463 [BackgroundPipelineScrubber] INFO  pipeline.RatisPipelineProvider (RatisPipelineProvider.java:lambda$close$4(272)) - Send pipeline:PipelineID=2096f0bd-b3eb-436c-9982-7424b0b947b6 close command to datanode 19714071-6985-4253-9bb3-86e59ac051d1
2024-02-09 18:34:24,465 [BackgroundPipelineScrubber] INFO  pipeline.PipelineManagerImpl (PipelineManagerImpl.java:removePipeline(459)) - Pipeline Pipeline[ Id: 2096f0bd-b3eb-436c-9982-7424b0b947b6, Nodes: c9aa2afb-1190-4a6b-bc65-38c12648ce52(fv-az1241-572.pcjn5njxctguzesueqcwbvg5cg.ex.internal.cloudapp.net/10.1.0.43)50f87e96-d653-4358-9a58-224b3bed4094(fv-az1241-572.pcjn5njxctguzesueqcwbvg5cg.ex.internal.cloudapp.net/10.1.0.43)19714071-6985-4253-9bb3-86e59ac051d1(fv-az1241-572.pcjn5njxctguzesueqcwbvg5cg.ex.internal.cloudapp.net/10.1.0.43), ReplicationConfig: RATIS/THREE, State:CLOSED, leaderId:19714071-6985-4253-9bb3-86e59ac051d1, CreationTimestamp2024-02-09T18:34:03.845Z[Etc/UTC]] removed.
2024-02-09 18:34:25,977 [timer6] WARN  server.GrpcLogAppender (LogUtils.java:warn(121)) - 19714071-6985-4253-9bb3-86e59ac051d1@group-7424B0B947B6->50f87e96-d653-4358-9a58-224b3bed4094-AppendLogResponseHandler: Failed appendEntries (Repeated 4 times in the last 5.002s): org.apache.ratis.thirdparty.io.grpc.StatusRuntimeException: UNAVAILABLE: io exception
2024-02-09 18:34:25,977 [timer7] WARN  server.GrpcLogAppender (GrpcLogAppender.java:lambda$resetClient$1(217)) - 19714071-6985-4253-9bb3-86e59ac051d1@group-7424B0B947B6->50f87e96-d653-4358-9a58-224b3bed4094-GrpcLogAppender: Follower failed (request=null, errorCount=12); keep nextIndex (3) unchanged and retry. (Repeated 4 times in the last 5.000s)
2024-02-09 18:34:26,222 [19714071-6985-4253-9bb3-86e59ac051d1-PipelineCommandHandlerThread-0] INFO  server.RaftServer (RaftServerProxy.java:remove(111)) - 19714071-6985-4253-9bb3-86e59ac051d1: remove  FOLLOWER 19714071-6985-4253-9bb3-86e59ac051d1@group-7424B0B947B6:t1, leader=null, voted=19714071-6985-4253-9bb3-86e59ac051d1, raftlog=Memoized:19714071-6985-4253-9bb3-86e59ac051d1@group-7424B0B947B6-SegmentedRaftLog:OPENED:c2, conf=0: peers:[c9aa2afb-1190-4a6b-bc65-38c12648ce52|10.1.0.43:15148, 19714071-6985-4253-9bb3-86e59ac051d1|10.1.0.43:15130, 50f87e96-d653-4358-9a58-224b3bed4094|10.1.0.43:15139]|listeners:[], old=null RUNNING
2024-02-09 18:34:26,223 [19714071-6985-4253-9bb3-86e59ac051d1-PipelineCommandHandlerThread-0] INFO  server.RaftServer$Division (RaftServerImpl.java:lambda$close$3(526)) - 19714071-6985-4253-9bb3-86e59ac051d1@group-7424B0B947B6: shutdown
2024-02-09 18:34:26,223 [19714071-6985-4253-9bb3-86e59ac051d1-PipelineCommandHandlerThread-0] INFO  util.JmxRegister (JmxRegister.java:unregister(73)) - Successfully un-registered JMX Bean with object name Ratis:service=RaftServer,group=group-7424B0B947B6,id=19714071-6985-4253-9bb3-86e59ac051d1
2024-02-09 18:34:26,223 [19714071-6985-4253-9bb3-86e59ac051d1-PipelineCommandHandlerThread-0] INFO  impl.RoleInfo (RoleInfo.java:shutdownFollowerState(110)) - 19714071-6985-4253-9bb3-86e59ac051d1: shutdown 19714071-6985-4253-9bb3-86e59ac051d1@group-7424B0B947B6-FollowerState
2024-02-09 18:34:26,223 [19714071-6985-4253-9bb3-86e59ac051d1-PipelineCommandHandlerThread-0] INFO  impl.StateMachineUpdater (StateMachineUpdater.java:stopAndJoin(157)) - 19714071-6985-4253-9bb3-86e59ac051d1@group-7424B0B947B6-StateMachineUpdater: set stopIndex = 2
2024-02-09 18:34:26,223 [19714071-6985-4253-9bb3-86e59ac051d1@group-7424B0B947B6-FollowerState] INFO  impl.FollowerState (FollowerState.java:run(152)) - 19714071-6985-4253-9bb3-86e59ac051d1@group-7424B0B947B6-FollowerState was interrupted
2024-02-09 18:34:26,223 [19714071-6985-4253-9bb3-86e59ac051d1@group-7424B0B947B6-StateMachineUpdater] INFO  ratis.ContainerStateMachine (ContainerStateMachine.java:takeSnapshot(355)) - group-7424B0B947B6: Taking a snapshot at:(t:1, i:2) file /home/runner/work/ozone/ozone/hadoop-ozone/integration-test/target/test-dir/MiniOzoneClusterImpl-2e7e0147-493e-4f7b-8772-843c2731e345/datanode-3/data/ratis/2096f0bd-b3eb-436c-9982-7424b0b947b6/sm/snapshot.1_2
2024-02-09 18:34:26,225 [19714071-6985-4253-9bb3-86e59ac051d1@group-7424B0B947B6-StateMachineUpdater] INFO  ratis.ContainerStateMachine (ContainerStateMachine.java:takeSnapshot(366)) - group-7424B0B947B6: Finished taking a snapshot at:(t:1, i:2) file:/home/runner/work/ozone/ozone/hadoop-ozone/integration-test/target/test-dir/MiniOzoneClusterImpl-2e7e0147-493e-4f7b-8772-843c2731e345/datanode-3/data/ratis/2096f0bd-b3eb-436c-9982-7424b0b947b6/sm/snapshot.1_2 took: 2 ms
2024-02-09 18:34:26,225 [19714071-6985-4253-9bb3-86e59ac051d1@group-7424B0B947B6-StateMachineUpdater] INFO  impl.StateMachineUpdater (StateMachineUpdater.java:takeSnapshot(295)) - 19714071-6985-4253-9bb3-86e59ac051d1@group-7424B0B947B6-StateMachineUpdater: Took a snapshot at index 2
2024-02-09 18:34:26,225 [19714071-6985-4253-9bb3-86e59ac051d1@group-7424B0B947B6-StateMachineUpdater] INFO  impl.StateMachineUpdater (StateMachineUpdater.java:lambda$new$0(98)) - 19714071-6985-4253-9bb3-86e59ac051d1@group-7424B0B947B6-StateMachineUpdater: snapshotIndex: updateIncreasingly -1 -> 2
2024-02-09 18:34:26,226 [19714071-6985-4253-9bb3-86e59ac051d1-PipelineCommandHandlerThread-0] INFO  server.RaftServer$Division (ServerState.java:close(427)) - 19714071-6985-4253-9bb3-86e59ac051d1@group-7424B0B947B6: applyIndex: 2
2024-02-09 18:34:26,226 [19714071-6985-4253-9bb3-86e59ac051d1@group-7424B0B947B6-cacheEviction-AwaitToRun] INFO  util.AwaitToRun (AwaitToRun.java:run(49)) - 19714071-6985-4253-9bb3-86e59ac051d1@group-7424B0B947B6-cacheEviction-AwaitToRun-AwaitForSignal is interrupted
2024-02-09 18:34:27,210 [19714071-6985-4253-9bb3-86e59ac051d1-PipelineCommandHandlerThread-0] INFO  segmented.SegmentedRaftLogWorker (SegmentedRaftLogWorker.java:close(245)) - 19714071-6985-4253-9bb3-86e59ac051d1@group-7424B0B947B6-SegmentedRaftLogWorker close()
2024-02-09 18:34:27,211 [19714071-6985-4253-9bb3-86e59ac051d1-PipelineCommandHandlerThread-0] INFO  keyvalue.KeyValueContainer (KeyValueContainer.java:flushAndSyncDB(522)) - Container 1 is synced with bcsId 0.
2024-02-09 18:34:27,212 [19714071-6985-4253-9bb3-86e59ac051d1-PipelineCommandHandlerThread-0] INFO  keyvalue.KeyValueContainer (KeyValueContainer.java:flushAndSyncDB(522)) - Container 1 is synced with bcsId 0.
2024-02-09 18:34:27,214 [FixedThreadPoolWithAffinityExecutor-0-0] INFO  container.IncrementalContainerReportHandler (AbstractContainerReportHandler.java:updateContainerState(287)) - Moving container #1 to QUASI_CLOSED state, datanode 19714071-6985-4253-9bb3-86e59ac051d1(fv-az1241-572.pcjn5njxctguzesueqcwbvg5cg.ex.internal.cloudapp.net/10.1.0.43) reported QUASI_CLOSED replica.
2024-02-09 18:34:27,215 [19714071-6985-4253-9bb3-86e59ac051d1-PipelineCommandHandlerThread-0] INFO  server.RaftServer$Division (RaftServerImpl.java:groupRemove(496)) - 19714071-6985-4253-9bb3-86e59ac051d1@group-7424B0B947B6: Succeed to remove RaftStorageDirectory Storage Directory /home/runner/work/ozone/ozone/hadoop-ozone/integration-test/target/test-dir/MiniOzoneClusterImpl-2e7e0147-493e-4f7b-8772-843c2731e345/datanode-3/data/ratis/2096f0bd-b3eb-436c-9982-7424b0b947b6
2024-02-09 18:34:27,215 [19714071-6985-4253-9bb3-86e59ac051d1-PipelineCommandHandlerThread-0] ERROR commandhandler.ClosePipelineCommandHandler (ClosePipelineCommandHandler.java:lambda$handle$2(137)) - Can't close pipeline PipelineID=2096f0bd-b3eb-436c-9982-7424b0b947b6
org.apache.ratis.protocol.exceptions.GroupMismatchException: 19714071-6985-4253-9bb3-86e59ac051d1: group-7424B0B947B6 not found.
	at org.apache.ratis.server.impl.RaftServerProxy$ImplMap.get(RaftServerProxy.java:154)
	at org.apache.ratis.server.impl.RaftServerProxy.getImplFuture(RaftServerProxy.java:364)
	at org.apache.ratis.server.impl.RaftServerProxy.getImpl(RaftServerProxy.java:373)
	at org.apache.ratis.server.impl.RaftServerProxy.getDivision(RaftServerProxy.java:386)
	at org.apache.hadoop.ozone.container.common.transport.server.ratis.XceiverServerRatis.getRaftPeersInPipeline(XceiverServerRatis.java:951)
	at org.apache.hadoop.ozone.container.common.statemachine.commandhandler.ClosePipelineCommandHandler.lambda$handle$2(ClosePipelineCommandHandler.java:114)
	at java.util.concurrent.CompletableFuture$AsyncRun.run(CompletableFuture.java:1640)
	at java.util.concurrent.ThreadPoolExecutor.runWorker(ThreadPoolExecutor.java:1149)
	at java.util.concurrent.ThreadPoolExecutor$Worker.run(ThreadPoolExecutor.java:624)
	at java.lang.Thread.run(Thread.java:750)
2024-02-09 18:34:35,363 [main] INFO  ozone.MiniOzoneClusterImpl (MiniOzoneClusterImpl.java:shutdown(441)) - Shutting down the Mini Ozone Cluster
2024-02-09 18:34:35,364 [main] INFO  db.CodecTestUtil (CodecTestUtil.java:gc(50)) - gc 0
2024-02-09 18:34:35,689 [main] INFO  ozone.MiniOzoneClusterImpl (MiniOzoneClusterImpl.java:stop(457)) - Stopping the Mini Ozone Cluster
2024-02-09 18:34:35,689 [main] INFO  om.OzoneManager (OzoneManager.java:stop(2204)) - om1[localhost:15093]: Stopping Ozone Manager
2024-02-09 18:34:35,689 [main] INFO  ipc.Server (Server.java:stop(3523)) - Stopping server on 15093
2024-02-09 18:34:35,694 [IPC Server listener on 15093] INFO  ipc.Server (Server.java:run(1434)) - Stopping IPC Server listener on 15093
2024-02-09 18:34:35,694 [IPC Server Responder] INFO  ipc.Server (Server.java:run(1567)) - Stopping IPC Server Responder
2024-02-09 18:34:35,695 [main] INFO  ratis.OzoneManagerRatisServer (OzoneManagerRatisServer.java:stop(594)) - Stopping org.apache.hadoop.ozone.om.ratis.OzoneManagerRatisServer@3a2cb095 at port 15096
2024-02-09 18:34:35,696 [main] INFO  server.RaftServer (RaftServerProxy.java:lambda$close$9(416)) - om1: close
2024-02-09 18:34:35,700 [main] INFO  server.GrpcService (GrpcService.java:closeImpl(311)) - om1: shutdown server GrpcServerProtocolService now
2024-02-09 18:34:35,700 [om1-impl-thread1] INFO  server.RaftServer$Division (RaftServerImpl.java:lambda$close$3(526)) - om1@group-C5BA1605619E: shutdown
2024-02-09 18:34:35,701 [om1-impl-thread1] INFO  util.JmxRegister (JmxRegister.java:unregister(73)) - Successfully un-registered JMX Bean with object name Ratis:service=RaftServer,group=group-C5BA1605619E,id=om1
2024-02-09 18:34:35,701 [om1-impl-thread1] INFO  impl.RoleInfo (RoleInfo.java:shutdownLeaderState(94)) - om1: shutdown om1@group-C5BA1605619E-LeaderStateImpl
2024-02-09 18:34:35,701 [om1-impl-thread1] INFO  impl.PendingRequests (PendingRequests.java:sendNotLeaderResponses(289)) - om1@group-C5BA1605619E-PendingRequests: sendNotLeaderResponses
2024-02-09 18:34:35,702 [main] INFO  server.GrpcService (GrpcService.java:closeImpl(320)) - om1: shutdown server GrpcServerProtocolService successfully
2024-02-09 18:34:35,704 [om1-impl-thread1] INFO  impl.StateMachineUpdater (StateMachineUpdater.java:stopAndJoin(157)) - om1@group-C5BA1605619E-StateMachineUpdater: set stopIndex = 4
2024-02-09 18:34:35,704 [om1@group-C5BA1605619E-StateMachineUpdater] INFO  ratis.OzoneManagerStateMachine (OzoneManagerStateMachine.java:takeSnapshotImpl(469)) -  applied = (t:1, i:3)
2024-02-09 18:34:35,704 [om1@group-C5BA1605619E-StateMachineUpdater] INFO  ratis.OzoneManagerStateMachine (OzoneManagerStateMachine.java:takeSnapshotImpl(470)) -  skipped = 3
2024-02-09 18:34:35,704 [om1@group-C5BA1605619E-StateMachineUpdater] INFO  ratis.OzoneManagerStateMachine (OzoneManagerStateMachine.java:takeSnapshotImpl(471)) - notified = (t:1, i:4)
2024-02-09 18:34:35,704 [om1@group-C5BA1605619E-StateMachineUpdater] INFO  ratis.OzoneManagerStateMachine (OzoneManagerStateMachine.java:takeSnapshotImpl(472)) - snapshot = (t:1, i:4)
2024-02-09 18:34:35,714 [om1@group-C5BA1605619E-StateMachineUpdater] INFO  impl.StateMachineUpdater (StateMachineUpdater.java:takeSnapshot(295)) - om1@group-C5BA1605619E-StateMachineUpdater: Took a snapshot at index 4
2024-02-09 18:34:35,714 [om1@group-C5BA1605619E-StateMachineUpdater] INFO  impl.StateMachineUpdater (StateMachineUpdater.java:lambda$new$0(98)) - om1@group-C5BA1605619E-StateMachineUpdater: snapshotIndex: updateIncreasingly -1 -> 4
2024-02-09 18:34:35,714 [om1@group-C5BA1605619E-StateMachineUpdater] INFO  ratis.OzoneManagerStateMachine (OzoneManagerStateMachine.java:close(515)) - Stopping OzoneManagerStateMachine:om1:group-C5BA1605619E.
2024-02-09 18:34:35,714 [om1@group-C5BA1605619E-StateMachineUpdater] INFO  ratis.OzoneManagerDoubleBuffer (OzoneManagerDoubleBuffer.java:stopDaemon(514)) - Stopping OMDoubleBuffer flush thread
2024-02-09 18:34:35,714 [om1-OMDoubleBufferFlushThread] INFO  ratis.OzoneManagerDoubleBuffer (OzoneManagerDoubleBuffer.java:canFlush(578)) - OMDoubleBuffer flush thread om1-OMDoubleBufferFlushThread is interrupted and will exit.
2024-02-09 18:34:35,715 [om1-impl-thread1] INFO  server.RaftServer$Division (ServerState.java:close(427)) - om1@group-C5BA1605619E: applyIndex: 3
2024-02-09 18:34:35,715 [om1@group-C5BA1605619E-cacheEviction-AwaitToRun] INFO  util.AwaitToRun (AwaitToRun.java:run(49)) - om1@group-C5BA1605619E-cacheEviction-AwaitToRun-AwaitForSignal is interrupted
2024-02-09 18:34:36,177 [om1-impl-thread1] INFO  segmented.SegmentedRaftLogWorker (SegmentedRaftLogWorker.java:close(245)) - om1@group-C5BA1605619E-SegmentedRaftLogWorker close()
2024-02-09 18:34:36,177 [JvmPauseMonitor12] INFO  util.JvmPauseMonitor (JvmPauseMonitor.java:run(152)) - JvmPauseMonitor-om1: Stopped
2024-02-09 18:34:36,178 [main] INFO  utils.BackgroundService (BackgroundService.java:shutdown(160)) - Shutting down service KeyDeletingService
2024-02-09 18:34:36,178 [main] INFO  utils.BackgroundService (BackgroundService.java:shutdown(160)) - Shutting down service DirectoryDeletingService
2024-02-09 18:34:36,178 [main] INFO  utils.BackgroundService (BackgroundService.java:shutdown(160)) - Shutting down service OpenKeyCleanupService
2024-02-09 18:34:36,179 [main] INFO  utils.BackgroundService (BackgroundService.java:shutdown(160)) - Shutting down service SstFilteringService
2024-02-09 18:34:36,179 [main] INFO  utils.BackgroundService (BackgroundService.java:shutdown(160)) - Shutting down service SnapshotDeletingService
2024-02-09 18:34:36,180 [main] INFO  utils.BackgroundService (BackgroundService.java:shutdown(160)) - Shutting down service MultipartUploadCleanupService
2024-02-09 18:34:36,180 [main] INFO  utils.BackgroundService (BackgroundService.java:shutdown(160)) - Shutting down service SnapshotDirectoryCleaningService
2024-02-09 18:34:36,181 [main] INFO  handler.ContextHandler (ContextHandler.java:doStop(1159)) - Stopped o.e.j.w.WebAppContext@17ce2a83{ozoneManager,/,null,STOPPED}{file:/home/runner/work/ozone/ozone/hadoop-ozone/integration-test/target/test-classes/webapps/ozoneManager}
2024-02-09 18:34:36,181 [main] INFO  server.AbstractConnector (AbstractConnector.java:doStop(383)) - Stopped ServerConnector@76ace2be{HTTP/1.1, (http/1.1)}{0.0.0.0:15094}
2024-02-09 18:34:36,181 [main] INFO  server.session (HouseKeeper.java:stopScavenging(149)) - node0 Stopped scavenging
2024-02-09 18:34:36,182 [main] INFO  handler.ContextHandler (ContextHandler.java:doStop(1159)) - Stopped o.e.j.s.ServletContextHandler@3c9cca04{static,/static,file:///home/runner/work/ozone/ozone/hadoop-ozone/integration-test/target/test-classes/webapps/static,STOPPED}
2024-02-09 18:34:36,182 [main] INFO  handler.ContextHandler (ContextHandler.java:doStop(1159)) - Stopped o.e.j.s.ServletContextHandler@b18932c{logs,/logs,file:///home/runner/work/ozone/ozone/hadoop-ozone/integration-test/target/log,STOPPED}
2024-02-09 18:34:36,182 [main] INFO  rocksdiff.RocksDBCheckpointDiffer (RocksDBCheckpointDiffer.java:close(310)) - Shutting down CompactionDagPruningService.
2024-02-09 18:34:36,184 [main] INFO  snapshot.SnapshotDiffManager (SnapshotDiffManager.java:closeExecutorService(1688)) - Shutting down executorService: 'SnapDiffExecutor'
2024-02-09 18:34:36,184 [main] INFO  snapshot.SnapshotDiffManager (SnapshotDiffManager.java:closeExecutorService(1688)) - Shutting down executorService: 'SstDumpToolExecutor'
2024-02-09 18:34:36,184 [main] INFO  utils.BackgroundService (BackgroundService.java:shutdown(160)) - Shutting down service SnapshotDiffCleanupService
2024-02-09 18:34:36,185 [main] INFO  ozone.MiniOzoneClusterImpl (MiniOzoneClusterImpl.java:stopDatanodes(527)) - Stopping the HddsDatanodes
2024-02-09 18:34:36,190 [ForkJoinPool.commonPool-worker-7] INFO  ozoneimpl.OzoneContainer (OzoneContainer.java:stop(481)) - Attempting to stop container services.
2024-02-09 18:34:36,190 [ForkJoinPool.commonPool-worker-5] INFO  ozoneimpl.OzoneContainer (OzoneContainer.java:stop(481)) - Attempting to stop container services.
2024-02-09 18:34:36,190 [ForkJoinPool.commonPool-worker-6] INFO  ozoneimpl.OzoneContainer (OzoneContainer.java:stop(481)) - Attempting to stop container services.
2024-02-09 18:34:36,190 [ForkJoinPool.commonPool-worker-7] INFO  server.RaftServer (RaftServerProxy.java:lambda$close$9(416)) - 77dd9a00-e29a-4211-83f1-3973ef1a3290: close
2024-02-09 18:34:36,190 [77dd9a00-e29a-4211-83f1-3973ef1a3290-impl-thread1] INFO  server.RaftServer$Division (RaftServerImpl.java:lambda$close$3(526)) - 77dd9a00-e29a-4211-83f1-3973ef1a3290@group-2CCA92768612: shutdown
2024-02-09 18:34:36,190 [main] INFO  ozoneimpl.OzoneContainer (OzoneContainer.java:stop(481)) - Attempting to stop container services.
2024-02-09 18:34:36,191 [main] INFO  server.RaftServer (RaftServerProxy.java:lambda$close$9(416)) - e0b7932e-07c7-4e56-8d6e-0757004eb8fd: close
2024-02-09 18:34:36,190 [77dd9a00-e29a-4211-83f1-3973ef1a3290-impl-thread1] INFO  util.JmxRegister (JmxRegister.java:unregister(73)) - Successfully un-registered JMX Bean with object name Ratis:service=RaftServer,group=group-2CCA92768612,id=77dd9a00-e29a-4211-83f1-3973ef1a3290
2024-02-09 18:34:36,190 [ForkJoinPool.commonPool-worker-5] INFO  server.RaftServer (RaftServerProxy.java:lambda$close$9(416)) - 6ea81ba3-4cc7-4d8f-90c6-66e0677302b1: close
2024-02-09 18:34:36,191 [ForkJoinPool.commonPool-worker-7] INFO  server.GrpcService (GrpcService.java:closeImpl(311)) - 77dd9a00-e29a-4211-83f1-3973ef1a3290: shutdown server org.apache.ratis.grpc.server.GrpcClientProtocolService now
2024-02-09 18:34:36,191 [6ea81ba3-4cc7-4d8f-90c6-66e0677302b1-impl-thread1] INFO  server.RaftServer$Division (RaftServerImpl.java:lambda$close$3(526)) - 6ea81ba3-4cc7-4d8f-90c6-66e0677302b1@group-A0CB2781DB65: shutdown
2024-02-09 18:34:36,191 [77dd9a00-e29a-4211-83f1-3973ef1a3290-impl-thread2] INFO  server.RaftServer$Division (RaftServerImpl.java:lambda$close$3(526)) - 77dd9a00-e29a-4211-83f1-3973ef1a3290@group-543108A04273: shutdown
2024-02-09 18:34:36,191 [77dd9a00-e29a-4211-83f1-3973ef1a3290-impl-thread2] INFO  util.JmxRegister (JmxRegister.java:unregister(73)) - Successfully un-registered JMX Bean with object name Ratis:service=RaftServer,group=group-543108A04273,id=77dd9a00-e29a-4211-83f1-3973ef1a3290
2024-02-09 18:34:36,192 [77dd9a00-e29a-4211-83f1-3973ef1a3290-impl-thread2] INFO  impl.RoleInfo (RoleInfo.java:shutdownLeaderState(94)) - 77dd9a00-e29a-4211-83f1-3973ef1a3290: shutdown 77dd9a00-e29a-4211-83f1-3973ef1a3290@group-543108A04273-LeaderStateImpl
2024-02-09 18:34:36,192 [77dd9a00-e29a-4211-83f1-3973ef1a3290-impl-thread2] INFO  impl.PendingRequests (PendingRequests.java:sendNotLeaderResponses(289)) - 77dd9a00-e29a-4211-83f1-3973ef1a3290@group-543108A04273-PendingRequests: sendNotLeaderResponses
2024-02-09 18:34:36,191 [77dd9a00-e29a-4211-83f1-3973ef1a3290-impl-thread1] INFO  impl.RoleInfo (RoleInfo.java:shutdownFollowerState(110)) - 77dd9a00-e29a-4211-83f1-3973ef1a3290: shutdown 77dd9a00-e29a-4211-83f1-3973ef1a3290@group-2CCA92768612-FollowerState
2024-02-09 18:34:36,192 [77dd9a00-e29a-4211-83f1-3973ef1a3290-impl-thread2] INFO  impl.StateMachineUpdater (StateMachineUpdater.java:stopAndJoin(157)) - 77dd9a00-e29a-4211-83f1-3973ef1a3290@group-543108A04273-StateMachineUpdater: set stopIndex = 0
2024-02-09 18:34:36,192 [77dd9a00-e29a-4211-83f1-3973ef1a3290-impl-thread1] INFO  impl.StateMachineUpdater (StateMachineUpdater.java:stopAndJoin(157)) - 77dd9a00-e29a-4211-83f1-3973ef1a3290@group-2CCA92768612-StateMachineUpdater: set stopIndex = 0
2024-02-09 18:34:36,192 [77dd9a00-e29a-4211-83f1-3973ef1a3290@group-2CCA92768612-StateMachineUpdater] INFO  ratis.ContainerStateMachine (ContainerStateMachine.java:takeSnapshot(355)) - group-2CCA92768612: Taking a snapshot at:(t:1, i:0) file /home/runner/work/ozone/ozone/hadoop-ozone/integration-test/target/test-dir/MiniOzoneClusterImpl-2e7e0147-493e-4f7b-8772-843c2731e345/datanode-6/data/ratis/615a16b5-5c1f-4b6a-8b9e-2cca92768612/sm/snapshot.1_0
2024-02-09 18:34:36,192 [77dd9a00-e29a-4211-83f1-3973ef1a3290@group-2CCA92768612-FollowerState] INFO  impl.FollowerState (FollowerState.java:run(152)) - 77dd9a00-e29a-4211-83f1-3973ef1a3290@group-2CCA92768612-FollowerState was interrupted
2024-02-09 18:34:36,191 [ForkJoinPool.commonPool-worker-6] INFO  server.RaftServer (RaftServerProxy.java:lambda$close$9(416)) - 92c5164c-1af2-4faa-850f-17550d8861d5: close
2024-02-09 18:34:36,193 [77dd9a00-e29a-4211-83f1-3973ef1a3290@group-2CCA92768612-StateMachineUpdater] INFO  ratis.ContainerStateMachine (ContainerStateMachine.java:takeSnapshot(366)) - group-2CCA92768612: Finished taking a snapshot at:(t:1, i:0) file:/home/runner/work/ozone/ozone/hadoop-ozone/integration-test/target/test-dir/MiniOzoneClusterImpl-2e7e0147-493e-4f7b-8772-843c2731e345/datanode-6/data/ratis/615a16b5-5c1f-4b6a-8b9e-2cca92768612/sm/snapshot.1_0 took: 1 ms
2024-02-09 18:34:36,193 [77dd9a00-e29a-4211-83f1-3973ef1a3290@group-2CCA92768612-StateMachineUpdater] INFO  impl.StateMachineUpdater (StateMachineUpdater.java:takeSnapshot(295)) - 77dd9a00-e29a-4211-83f1-3973ef1a3290@group-2CCA92768612-StateMachineUpdater: Took a snapshot at index 0
2024-02-09 18:34:36,193 [77dd9a00-e29a-4211-83f1-3973ef1a3290@group-543108A04273-StateMachineUpdater] INFO  ratis.ContainerStateMachine (ContainerStateMachine.java:takeSnapshot(355)) - group-543108A04273: Taking a snapshot at:(t:1, i:0) file /home/runner/work/ozone/ozone/hadoop-ozone/integration-test/target/test-dir/MiniOzoneClusterImpl-2e7e0147-493e-4f7b-8772-843c2731e345/datanode-6/data/ratis/93b3fdf0-0258-45e7-b470-543108a04273/sm/snapshot.1_0
2024-02-09 18:34:36,191 [ForkJoinPool.commonPool-worker-5] INFO  server.GrpcService (GrpcService.java:closeImpl(311)) - 6ea81ba3-4cc7-4d8f-90c6-66e0677302b1: shutdown server org.apache.ratis.grpc.server.GrpcClientProtocolService now
2024-02-09 18:34:36,191 [e0b7932e-07c7-4e56-8d6e-0757004eb8fd-impl-thread2] INFO  server.RaftServer$Division (RaftServerImpl.java:lambda$close$3(526)) - e0b7932e-07c7-4e56-8d6e-0757004eb8fd@group-E26969950B1E: shutdown
2024-02-09 18:34:36,194 [e0b7932e-07c7-4e56-8d6e-0757004eb8fd-impl-thread2] INFO  util.JmxRegister (JmxRegister.java:unregister(73)) - Successfully un-registered JMX Bean with object name Ratis:service=RaftServer,group=group-E26969950B1E,id=e0b7932e-07c7-4e56-8d6e-0757004eb8fd
2024-02-09 18:34:36,194 [e0b7932e-07c7-4e56-8d6e-0757004eb8fd-impl-thread2] INFO  impl.RoleInfo (RoleInfo.java:shutdownLeaderState(94)) - e0b7932e-07c7-4e56-8d6e-0757004eb8fd: shutdown e0b7932e-07c7-4e56-8d6e-0757004eb8fd@group-E26969950B1E-LeaderStateImpl
2024-02-09 18:34:36,194 [e0b7932e-07c7-4e56-8d6e-0757004eb8fd-impl-thread2] INFO  impl.PendingRequests (PendingRequests.java:sendNotLeaderResponses(289)) - e0b7932e-07c7-4e56-8d6e-0757004eb8fd@group-E26969950B1E-PendingRequests: sendNotLeaderResponses
2024-02-09 18:34:36,191 [6ea81ba3-4cc7-4d8f-90c6-66e0677302b1-impl-thread1] INFO  util.JmxRegister (JmxRegister.java:unregister(73)) - Successfully un-registered JMX Bean with object name Ratis:service=RaftServer,group=group-A0CB2781DB65,id=6ea81ba3-4cc7-4d8f-90c6-66e0677302b1
2024-02-09 18:34:36,194 [6ea81ba3-4cc7-4d8f-90c6-66e0677302b1-impl-thread1] INFO  impl.RoleInfo (RoleInfo.java:shutdownLeaderState(94)) - 6ea81ba3-4cc7-4d8f-90c6-66e0677302b1: shutdown 6ea81ba3-4cc7-4d8f-90c6-66e0677302b1@group-A0CB2781DB65-LeaderStateImpl
2024-02-09 18:34:36,191 [main] INFO  server.GrpcService (GrpcService.java:closeImpl(311)) - e0b7932e-07c7-4e56-8d6e-0757004eb8fd: shutdown server org.apache.ratis.grpc.server.GrpcClientProtocolService now
2024-02-09 18:34:36,191 [e0b7932e-07c7-4e56-8d6e-0757004eb8fd-impl-thread1] INFO  server.RaftServer$Division (RaftServerImpl.java:lambda$close$3(526)) - e0b7932e-07c7-4e56-8d6e-0757004eb8fd@group-2CCA92768612: shutdown
2024-02-09 18:34:36,194 [e0b7932e-07c7-4e56-8d6e-0757004eb8fd-impl-thread1] INFO  util.JmxRegister (JmxRegister.java:unregister(73)) - Successfully un-registered JMX Bean with object name Ratis:service=RaftServer,group=group-2CCA92768612,id=e0b7932e-07c7-4e56-8d6e-0757004eb8fd
2024-02-09 18:34:36,194 [e0b7932e-07c7-4e56-8d6e-0757004eb8fd-impl-thread1] INFO  impl.RoleInfo (RoleInfo.java:shutdownLeaderState(94)) - e0b7932e-07c7-4e56-8d6e-0757004eb8fd: shutdown e0b7932e-07c7-4e56-8d6e-0757004eb8fd@group-2CCA92768612-LeaderStateImpl
2024-02-09 18:34:36,195 [e0b7932e-07c7-4e56-8d6e-0757004eb8fd-impl-thread2] INFO  impl.StateMachineUpdater (StateMachineUpdater.java:stopAndJoin(157)) - e0b7932e-07c7-4e56-8d6e-0757004eb8fd@group-E26969950B1E-StateMachineUpdater: set stopIndex = 0
2024-02-09 18:34:36,194 [6ea81ba3-4cc7-4d8f-90c6-66e0677302b1-impl-thread1] INFO  impl.PendingRequests (PendingRequests.java:sendNotLeaderResponses(289)) - 6ea81ba3-4cc7-4d8f-90c6-66e0677302b1@group-A0CB2781DB65-PendingRequests: sendNotLeaderResponses
2024-02-09 18:34:36,194 [77dd9a00-e29a-4211-83f1-3973ef1a3290@group-543108A04273-StateMachineUpdater] INFO  ratis.ContainerStateMachine (ContainerStateMachine.java:takeSnapshot(366)) - group-543108A04273: Finished taking a snapshot at:(t:1, i:0) file:/home/runner/work/ozone/ozone/hadoop-ozone/integration-test/target/test-dir/MiniOzoneClusterImpl-2e7e0147-493e-4f7b-8772-843c2731e345/datanode-6/data/ratis/93b3fdf0-0258-45e7-b470-543108a04273/sm/snapshot.1_0 took: 1 ms
2024-02-09 18:34:36,195 [77dd9a00-e29a-4211-83f1-3973ef1a3290@group-543108A04273-StateMachineUpdater] INFO  impl.StateMachineUpdater (StateMachineUpdater.java:takeSnapshot(295)) - 77dd9a00-e29a-4211-83f1-3973ef1a3290@group-543108A04273-StateMachineUpdater: Took a snapshot at index 0
2024-02-09 18:34:36,195 [77dd9a00-e29a-4211-83f1-3973ef1a3290@group-543108A04273-StateMachineUpdater] INFO  impl.StateMachineUpdater (StateMachineUpdater.java:lambda$new$0(98)) - 77dd9a00-e29a-4211-83f1-3973ef1a3290@group-543108A04273-StateMachineUpdater: snapshotIndex: updateIncreasingly -1 -> 0
2024-02-09 18:34:36,195 [6ea81ba3-4cc7-4d8f-90c6-66e0677302b1-impl-thread2] INFO  server.RaftServer$Division (RaftServerImpl.java:lambda$close$3(526)) - 6ea81ba3-4cc7-4d8f-90c6-66e0677302b1@group-030502AAF74F: shutdown
2024-02-09 18:34:36,196 [6ea81ba3-4cc7-4d8f-90c6-66e0677302b1-impl-thread2] INFO  util.JmxRegister (JmxRegister.java:unregister(73)) - Successfully un-registered JMX Bean with object name Ratis:service=RaftServer,group=group-030502AAF74F,id=6ea81ba3-4cc7-4d8f-90c6-66e0677302b1
2024-02-09 18:34:36,196 [6ea81ba3-4cc7-4d8f-90c6-66e0677302b1-impl-thread2] INFO  impl.RoleInfo (RoleInfo.java:shutdownFollowerState(110)) - 6ea81ba3-4cc7-4d8f-90c6-66e0677302b1: shutdown 6ea81ba3-4cc7-4d8f-90c6-66e0677302b1@group-030502AAF74F-FollowerState
2024-02-09 18:34:36,196 [ForkJoinPool.commonPool-worker-7] INFO  server.GrpcService (GrpcService.java:closeImpl(320)) - 77dd9a00-e29a-4211-83f1-3973ef1a3290: shutdown server org.apache.ratis.grpc.server.GrpcClientProtocolService successfully
2024-02-09 18:34:36,196 [ForkJoinPool.commonPool-worker-7] INFO  server.GrpcService (GrpcService.java:closeImpl(311)) - 77dd9a00-e29a-4211-83f1-3973ef1a3290: shutdown server GrpcServerProtocolService now
2024-02-09 18:34:36,196 [6ea81ba3-4cc7-4d8f-90c6-66e0677302b1@group-030502AAF74F-FollowerState] INFO  impl.FollowerState (FollowerState.java:run(152)) - 6ea81ba3-4cc7-4d8f-90c6-66e0677302b1@group-030502AAF74F-FollowerState was interrupted
2024-02-09 18:34:36,196 [6ea81ba3-4cc7-4d8f-90c6-66e0677302b1-impl-thread2] INFO  impl.StateMachineUpdater (StateMachineUpdater.java:stopAndJoin(157)) - 6ea81ba3-4cc7-4d8f-90c6-66e0677302b1@group-030502AAF74F-StateMachineUpdater: set stopIndex = 0
2024-02-09 18:34:36,196 [Thread-2196] INFO  server.GrpcServerProtocolClient (GrpcServerProtocolClient.java:close(103)) - a04b3fda-42d1-4ee5-9233-bf3df18c72ca Close channels
2024-02-09 18:34:36,197 [Thread-2197] INFO  server.GrpcServerProtocolClient (GrpcServerProtocolClient.java:close(103)) - 77dd9a00-e29a-4211-83f1-3973ef1a3290 Close channels
2024-02-09 18:34:36,198 [77dd9a00-e29a-4211-83f1-3973ef1a3290-impl-thread2] INFO  server.RaftServer$Division (ServerState.java:close(427)) - 77dd9a00-e29a-4211-83f1-3973ef1a3290@group-543108A04273: applyIndex: 0
2024-02-09 18:34:36,198 [e0b7932e-07c7-4e56-8d6e-0757004eb8fd@group-2CCA92768612->a04b3fda-42d1-4ee5-9233-bf3df18c72ca-GrpcLogAppender-LogAppenderDaemon] WARN  server.GrpcLogAppender (GrpcLogAppender.java:mayWait(289)) - e0b7932e-07c7-4e56-8d6e-0757004eb8fd@group-2CCA92768612->a04b3fda-42d1-4ee5-9233-bf3df18c72ca-GrpcLogAppender: Wait interrupted by java.lang.InterruptedException
2024-02-09 18:34:36,198 [77dd9a00-e29a-4211-83f1-3973ef1a3290@group-543108A04273-cacheEviction-AwaitToRun] INFO  util.AwaitToRun (AwaitToRun.java:run(49)) - 77dd9a00-e29a-4211-83f1-3973ef1a3290@group-543108A04273-cacheEviction-AwaitToRun-AwaitForSignal is interrupted
2024-02-09 18:34:36,193 [77dd9a00-e29a-4211-83f1-3973ef1a3290@group-2CCA92768612-StateMachineUpdater] INFO  impl.StateMachineUpdater (StateMachineUpdater.java:lambda$new$0(98)) - 77dd9a00-e29a-4211-83f1-3973ef1a3290@group-2CCA92768612-StateMachineUpdater: snapshotIndex: updateIncreasingly -1 -> 0
2024-02-09 18:34:36,198 [e0b7932e-07c7-4e56-8d6e-0757004eb8fd@group-2CCA92768612->77dd9a00-e29a-4211-83f1-3973ef1a3290-GrpcLogAppender-LogAppenderDaemon] WARN  server.GrpcLogAppender (GrpcLogAppender.java:mayWait(289)) - e0b7932e-07c7-4e56-8d6e-0757004eb8fd@group-2CCA92768612->77dd9a00-e29a-4211-83f1-3973ef1a3290-GrpcLogAppender: Wait interrupted by java.lang.InterruptedException
2024-02-09 18:34:36,198 [e0b7932e-07c7-4e56-8d6e-0757004eb8fd-impl-thread1] INFO  impl.PendingRequests (PendingRequests.java:sendNotLeaderResponses(289)) - e0b7932e-07c7-4e56-8d6e-0757004eb8fd@group-2CCA92768612-PendingRequests: sendNotLeaderResponses
2024-02-09 18:34:36,198 [77dd9a00-e29a-4211-83f1-3973ef1a3290-impl-thread1] INFO  server.RaftServer$Division (ServerState.java:close(427)) - 77dd9a00-e29a-4211-83f1-3973ef1a3290@group-2CCA92768612: applyIndex: 0
2024-02-09 18:34:36,196 [6ea81ba3-4cc7-4d8f-90c6-66e0677302b1@group-030502AAF74F-StateMachineUpdater] INFO  ratis.ContainerStateMachine (ContainerStateMachine.java:takeSnapshot(355)) - group-030502AAF74F: Taking a snapshot at:(t:1, i:0) file /home/runner/work/ozone/ozone/hadoop-ozone/integration-test/target/test-dir/MiniOzoneClusterImpl-2e7e0147-493e-4f7b-8772-843c2731e345/datanode-2/data/ratis/c6501ec1-e64e-4456-98ff-030502aaf74f/sm/snapshot.1_0
2024-02-09 18:34:36,198 [grpc-default-executor-1] INFO  server.GrpcServerProtocolService (GrpcServerProtocolService.java:onCompleted(157)) - a04b3fda-42d1-4ee5-9233-bf3df18c72ca: Completed APPEND_ENTRIES, lastRequest: null
2024-02-09 18:34:36,199 [grpc-default-executor-2] INFO  server.GrpcServerProtocolService (GrpcServerProtocolService.java:onCompleted(157)) - 77dd9a00-e29a-4211-83f1-3973ef1a3290: Completed APPEND_ENTRIES, lastRequest: null
2024-02-09 18:34:36,199 [e0b7932e-07c7-4e56-8d6e-0757004eb8fd-impl-thread1] INFO  impl.StateMachineUpdater (StateMachineUpdater.java:stopAndJoin(157)) - e0b7932e-07c7-4e56-8d6e-0757004eb8fd@group-2CCA92768612-StateMachineUpdater: set stopIndex = 0
2024-02-09 18:34:36,199 [grpc-default-executor-1] INFO  server.GrpcServerProtocolService (GrpcServerProtocolService.java:lambda$onCompleted$5(159)) - a04b3fda-42d1-4ee5-9233-bf3df18c72ca: Completed APPEND_ENTRIES, lastReply: serverReply {
  requestorId: "e0b7932e-07c7-4e56-8d6e-0757004eb8fd"
  replyId: "a04b3fda-42d1-4ee5-9233-bf3df18c72ca"
  raftGroupId {
    id: "aZ\026\265\\\037Kj\213\236,\312\222v\206\022"
  }
  callId: 11
  success: true
}
term: 1
nextIndex: 1
matchIndex: 18446744073709551615
isHearbeat: true

2024-02-09 18:34:36,199 [grpc-default-executor-4] INFO  server.GrpcServerProtocolService (GrpcServerProtocolService.java:onCompleted(157)) - 77dd9a00-e29a-4211-83f1-3973ef1a3290: Completed APPEND_ENTRIES, lastRequest: e0b7932e-07c7-4e56-8d6e-0757004eb8fd->77dd9a00-e29a-4211-83f1-3973ef1a3290#1-t1,previous=(t:0, i:0),leaderCommit=-1,initializing? false,entries: size=1, first=(t:1, i:0), CONFIGURATIONENTRY(current:id: "e0b7932e-07c7-4e56-8d6e-0757004eb8fd"
address: "10.1.0.43:15166"
priority: 1
dataStreamAddress: "10.1.0.43:15167"
clientAddress: "10.1.0.43:15164"
adminAddress: "10.1.0.43:15165"
startupRole: FOLLOWER
,id: "a04b3fda-42d1-4ee5-9233-bf3df18c72ca"
address: "10.1.0.43:15175"
dataStreamAddress: "10.1.0.43:15176"
clientAddress: "10.1.0.43:15173"
adminAddress: "10.1.0.43:15174"
startupRole: FOLLOWER
,id: "77dd9a00-e29a-4211-83f1-3973ef1a3290"
address: "10.1.0.43:15157"
dataStreamAddress: "10.1.0.43:15158"
clientAddress: "10.1.0.43:15155"
adminAddress: "10.1.0.43:15156"
startupRole: FOLLOWER
, old:)
2024-02-09 18:34:36,199 [grpc-default-executor-4] INFO  server.GrpcServerProtocolService (GrpcServerProtocolService.java:lambda$onCompleted$5(159)) - 77dd9a00-e29a-4211-83f1-3973ef1a3290: Completed APPEND_ENTRIES, lastReply: null
2024-02-09 18:34:36,200 [e0b7932e-07c7-4e56-8d6e-0757004eb8fd@group-2CCA92768612-StateMachineUpdater] INFO  ratis.ContainerStateMachine (ContainerStateMachine.java:takeSnapshot(355)) - group-2CCA92768612: Taking a snapshot at:(t:1, i:0) file /home/runner/work/ozone/ozone/hadoop-ozone/integration-test/target/test-dir/MiniOzoneClusterImpl-2e7e0147-493e-4f7b-8772-843c2731e345/datanode-7/data/ratis/615a16b5-5c1f-4b6a-8b9e-2cca92768612/sm/snapshot.1_0
2024-02-09 18:34:36,200 [grpc-default-executor-2] INFO  server.GrpcServerProtocolService (GrpcServerProtocolService.java:lambda$onCompleted$5(159)) - 77dd9a00-e29a-4211-83f1-3973ef1a3290: Completed APPEND_ENTRIES, lastReply: serverReply {
  requestorId: "e0b7932e-07c7-4e56-8d6e-0757004eb8fd"
  replyId: "77dd9a00-e29a-4211-83f1-3973ef1a3290"
  raftGroupId {
    id: "aZ\026\265\\\037Kj\213\236,\312\222v\206\022"
  }
  callId: 12
  success: true
}
term: 1
nextIndex: 1
matchIndex: 18446744073709551615
isHearbeat: true

2024-02-09 18:34:36,195 [6ea81ba3-4cc7-4d8f-90c6-66e0677302b1@group-A0CB2781DB65-StateMachineUpdater] INFO  ratis.ContainerStateMachine (ContainerStateMachine.java:takeSnapshot(355)) - group-A0CB2781DB65: Taking a snapshot at:(t:1, i:0) file /home/runner/work/ozone/ozone/hadoop-ozone/integration-test/target/test-dir/MiniOzoneClusterImpl-2e7e0147-493e-4f7b-8772-843c2731e345/datanode-2/data/ratis/10516015-4840-4d7d-9e66-a0cb2781db65/sm/snapshot.1_0
2024-02-09 18:34:36,195 [6ea81ba3-4cc7-4d8f-90c6-66e0677302b1-impl-thread1] INFO  impl.StateMachineUpdater (StateMachineUpdater.java:stopAndJoin(157)) - 6ea81ba3-4cc7-4d8f-90c6-66e0677302b1@group-A0CB2781DB65-StateMachineUpdater: set stopIndex = 0
2024-02-09 18:34:36,195 [e0b7932e-07c7-4e56-8d6e-0757004eb8fd@group-E26969950B1E-StateMachineUpdater] INFO  ratis.ContainerStateMachine (ContainerStateMachine.java:takeSnapshot(355)) - group-E26969950B1E: Taking a snapshot at:(t:1, i:0) file /home/runner/work/ozone/ozone/hadoop-ozone/integration-test/target/test-dir/MiniOzoneClusterImpl-2e7e0147-493e-4f7b-8772-843c2731e345/datanode-7/data/ratis/57147a4b-ac7a-4df8-88b2-e26969950b1e/sm/snapshot.1_0
2024-02-09 18:34:36,200 [grpc-default-executor-0] INFO  server.GrpcServerProtocolService (GrpcServerProtocolService.java:onCompleted(157)) - a04b3fda-42d1-4ee5-9233-bf3df18c72ca: Completed APPEND_ENTRIES, lastRequest: e0b7932e-07c7-4e56-8d6e-0757004eb8fd->a04b3fda-42d1-4ee5-9233-bf3df18c72ca#1-t1,previous=(t:0, i:0),leaderCommit=-1,initializing? false,entries: size=1, first=(t:1, i:0), CONFIGURATIONENTRY(current:id: "e0b7932e-07c7-4e56-8d6e-0757004eb8fd"
address: "10.1.0.43:15166"
priority: 1
dataStreamAddress: "10.1.0.43:15167"
clientAddress: "10.1.0.43:15164"
adminAddress: "10.1.0.43:15165"
startupRole: FOLLOWER
,id: "a04b3fda-42d1-4ee5-9233-bf3df18c72ca"
address: "10.1.0.43:15175"
dataStreamAddress: "10.1.0.43:15176"
clientAddress: "10.1.0.43:15173"
adminAddress: "10.1.0.43:15174"
startupRole: FOLLOWER
,id: "77dd9a00-e29a-4211-83f1-3973ef1a3290"
address: "10.1.0.43:15157"
dataStreamAddress: "10.1.0.43:15158"
clientAddress: "10.1.0.43:15155"
adminAddress: "10.1.0.43:15156"
startupRole: FOLLOWER
, old:)
2024-02-09 18:34:36,201 [grpc-default-executor-0] INFO  server.GrpcServerProtocolService (GrpcServerProtocolService.java:lambda$onCompleted$5(159)) - a04b3fda-42d1-4ee5-9233-bf3df18c72ca: Completed APPEND_ENTRIES, lastReply: null
2024-02-09 18:34:36,200 [e0b7932e-07c7-4e56-8d6e-0757004eb8fd@group-2CCA92768612-StateMachineUpdater] INFO  ratis.ContainerStateMachine (ContainerStateMachine.java:takeSnapshot(366)) - group-2CCA92768612: Finished taking a snapshot at:(t:1, i:0) file:/home/runner/work/ozone/ozone/hadoop-ozone/integration-test/target/test-dir/MiniOzoneClusterImpl-2e7e0147-493e-4f7b-8772-843c2731e345/datanode-7/data/ratis/615a16b5-5c1f-4b6a-8b9e-2cca92768612/sm/snapshot.1_0 took: 1 ms
2024-02-09 18:34:36,200 [6ea81ba3-4cc7-4d8f-90c6-66e0677302b1@group-030502AAF74F-StateMachineUpdater] INFO  ratis.ContainerStateMachine (ContainerStateMachine.java:takeSnapshot(366)) - group-030502AAF74F: Finished taking a snapshot at:(t:1, i:0) file:/home/runner/work/ozone/ozone/hadoop-ozone/integration-test/target/test-dir/MiniOzoneClusterImpl-2e7e0147-493e-4f7b-8772-843c2731e345/datanode-2/data/ratis/c6501ec1-e64e-4456-98ff-030502aaf74f/sm/snapshot.1_0 took: 3 ms
2024-02-09 18:34:36,201 [e0b7932e-07c7-4e56-8d6e-0757004eb8fd@group-E26969950B1E-StateMachineUpdater] INFO  ratis.ContainerStateMachine (ContainerStateMachine.java:takeSnapshot(366)) - group-E26969950B1E: Finished taking a snapshot at:(t:1, i:0) file:/home/runner/work/ozone/ozone/hadoop-ozone/integration-test/target/test-dir/MiniOzoneClusterImpl-2e7e0147-493e-4f7b-8772-843c2731e345/datanode-7/data/ratis/57147a4b-ac7a-4df8-88b2-e26969950b1e/sm/snapshot.1_0 took: 7 ms
2024-02-09 18:34:36,202 [e0b7932e-07c7-4e56-8d6e-0757004eb8fd@group-2CCA92768612-StateMachineUpdater] INFO  impl.StateMachineUpdater (StateMachineUpdater.java:takeSnapshot(295)) - e0b7932e-07c7-4e56-8d6e-0757004eb8fd@group-2CCA92768612-StateMachineUpdater: Took a snapshot at index 0
2024-02-09 18:34:36,202 [e0b7932e-07c7-4e56-8d6e-0757004eb8fd@group-2CCA92768612-StateMachineUpdater] INFO  impl.StateMachineUpdater (StateMachineUpdater.java:lambda$new$0(98)) - e0b7932e-07c7-4e56-8d6e-0757004eb8fd@group-2CCA92768612-StateMachineUpdater: snapshotIndex: updateIncreasingly -1 -> 0
2024-02-09 18:34:36,202 [e0b7932e-07c7-4e56-8d6e-0757004eb8fd-impl-thread1] INFO  server.RaftServer$Division (ServerState.java:close(427)) - e0b7932e-07c7-4e56-8d6e-0757004eb8fd@group-2CCA92768612: applyIndex: 0
2024-02-09 18:34:36,199 [92c5164c-1af2-4faa-850f-17550d8861d5-impl-thread1] INFO  server.RaftServer$Division (RaftServerImpl.java:lambda$close$3(526)) - 92c5164c-1af2-4faa-850f-17550d8861d5@group-030502AAF74F: shutdown
2024-02-09 18:34:36,202 [e0b7932e-07c7-4e56-8d6e-0757004eb8fd@group-2CCA92768612-cacheEviction-AwaitToRun] INFO  util.AwaitToRun (AwaitToRun.java:run(49)) - e0b7932e-07c7-4e56-8d6e-0757004eb8fd@group-2CCA92768612-cacheEviction-AwaitToRun-AwaitForSignal is interrupted
2024-02-09 18:34:36,202 [ForkJoinPool.commonPool-worker-5] INFO  server.GrpcService (GrpcService.java:closeImpl(320)) - 6ea81ba3-4cc7-4d8f-90c6-66e0677302b1: shutdown server org.apache.ratis.grpc.server.GrpcClientProtocolService successfully
2024-02-09 18:34:36,202 [ForkJoinPool.commonPool-worker-5] INFO  server.GrpcService (GrpcService.java:closeImpl(311)) - 6ea81ba3-4cc7-4d8f-90c6-66e0677302b1: shutdown server GrpcServerProtocolService now
2024-02-09 18:34:36,202 [grpc-default-executor-0] INFO  server.GrpcLogAppender (GrpcLogAppender.java:onCompleted(546)) - e0b7932e-07c7-4e56-8d6e-0757004eb8fd@group-2CCA92768612->a04b3fda-42d1-4ee5-9233-bf3df18c72ca-AppendLogResponseHandler: follower responses appendEntries COMPLETED
2024-02-09 18:34:36,202 [e0b7932e-07c7-4e56-8d6e-0757004eb8fd@group-E26969950B1E-StateMachineUpdater] INFO  impl.StateMachineUpdater (StateMachineUpdater.java:takeSnapshot(295)) - e0b7932e-07c7-4e56-8d6e-0757004eb8fd@group-E26969950B1E-StateMachineUpdater: Took a snapshot at index 0
2024-02-09 18:34:36,202 [e0b7932e-07c7-4e56-8d6e-0757004eb8fd@group-E26969950B1E-StateMachineUpdater] INFO  impl.StateMachineUpdater (StateMachineUpdater.java:lambda$new$0(98)) - e0b7932e-07c7-4e56-8d6e-0757004eb8fd@group-E26969950B1E-StateMachineUpdater: snapshotIndex: updateIncreasingly -1 -> 0
2024-02-09 18:34:36,202 [6ea81ba3-4cc7-4d8f-90c6-66e0677302b1@group-030502AAF74F-StateMachineUpdater] INFO  impl.StateMachineUpdater (StateMachineUpdater.java:takeSnapshot(295)) - 6ea81ba3-4cc7-4d8f-90c6-66e0677302b1@group-030502AAF74F-StateMachineUpdater: Took a snapshot at index 0
2024-02-09 18:34:36,202 [6ea81ba3-4cc7-4d8f-90c6-66e0677302b1@group-030502AAF74F-StateMachineUpdater] INFO  impl.StateMachineUpdater (StateMachineUpdater.java:lambda$new$0(98)) - 6ea81ba3-4cc7-4d8f-90c6-66e0677302b1@group-030502AAF74F-StateMachineUpdater: snapshotIndex: updateIncreasingly -1 -> 0
2024-02-09 18:34:36,203 [6ea81ba3-4cc7-4d8f-90c6-66e0677302b1-impl-thread2] INFO  server.RaftServer$Division (ServerState.java:close(427)) - 6ea81ba3-4cc7-4d8f-90c6-66e0677302b1@group-030502AAF74F: applyIndex: 0
2024-02-09 18:34:36,203 [6ea81ba3-4cc7-4d8f-90c6-66e0677302b1@group-030502AAF74F-cacheEviction-AwaitToRun] INFO  util.AwaitToRun (AwaitToRun.java:run(49)) - 6ea81ba3-4cc7-4d8f-90c6-66e0677302b1@group-030502AAF74F-cacheEviction-AwaitToRun-AwaitForSignal is interrupted
2024-02-09 18:34:36,201 [6ea81ba3-4cc7-4d8f-90c6-66e0677302b1@group-A0CB2781DB65-StateMachineUpdater] INFO  ratis.ContainerStateMachine (ContainerStateMachine.java:takeSnapshot(366)) - group-A0CB2781DB65: Finished taking a snapshot at:(t:1, i:0) file:/home/runner/work/ozone/ozone/hadoop-ozone/integration-test/target/test-dir/MiniOzoneClusterImpl-2e7e0147-493e-4f7b-8772-843c2731e345/datanode-2/data/ratis/10516015-4840-4d7d-9e66-a0cb2781db65/sm/snapshot.1_0 took: 5 ms
2024-02-09 18:34:36,203 [6ea81ba3-4cc7-4d8f-90c6-66e0677302b1@group-A0CB2781DB65-StateMachineUpdater] INFO  impl.StateMachineUpdater (StateMachineUpdater.java:takeSnapshot(295)) - 6ea81ba3-4cc7-4d8f-90c6-66e0677302b1@group-A0CB2781DB65-StateMachineUpdater: Took a snapshot at index 0
2024-02-09 18:34:36,203 [6ea81ba3-4cc7-4d8f-90c6-66e0677302b1@group-A0CB2781DB65-StateMachineUpdater] INFO  impl.StateMachineUpdater (StateMachineUpdater.java:lambda$new$0(98)) - 6ea81ba3-4cc7-4d8f-90c6-66e0677302b1@group-A0CB2781DB65-StateMachineUpdater: snapshotIndex: updateIncreasingly -1 -> 0
2024-02-09 18:34:36,203 [6ea81ba3-4cc7-4d8f-90c6-66e0677302b1-impl-thread1] INFO  server.RaftServer$Division (ServerState.java:close(427)) - 6ea81ba3-4cc7-4d8f-90c6-66e0677302b1@group-A0CB2781DB65: applyIndex: 0
2024-02-09 18:34:36,203 [6ea81ba3-4cc7-4d8f-90c6-66e0677302b1@group-A0CB2781DB65-cacheEviction-AwaitToRun] INFO  util.AwaitToRun (AwaitToRun.java:run(49)) - 6ea81ba3-4cc7-4d8f-90c6-66e0677302b1@group-A0CB2781DB65-cacheEviction-AwaitToRun-AwaitForSignal is interrupted
2024-02-09 18:34:36,202 [grpc-default-executor-0] WARN  server.GrpcLogAppender (GrpcLogAppender.java:resetClient(226)) - e0b7932e-07c7-4e56-8d6e-0757004eb8fd@group-2CCA92768612->a04b3fda-42d1-4ee5-9233-bf3df18c72ca-GrpcLogAppender: Failed to getClient for a04b3fda-42d1-4ee5-9233-bf3df18c72ca
org.apache.ratis.protocol.exceptions.AlreadyClosedException: e0b7932e-07c7-4e56-8d6e-0757004eb8fd is already CLOSED
	at org.apache.ratis.util.PeerProxyMap$PeerAndProxy.getProxy(PeerProxyMap.java:65)
	at org.apache.ratis.util.PeerProxyMap.getProxy(PeerProxyMap.java:114)
	at org.apache.ratis.grpc.server.GrpcLogAppender.getClient(GrpcLogAppender.java:196)
	at org.apache.ratis.grpc.server.GrpcLogAppender.resetClient(GrpcLogAppender.java:201)
	at org.apache.ratis.grpc.server.GrpcLogAppender.access$800(GrpcLogAppender.java:62)
	at org.apache.ratis.grpc.server.GrpcLogAppender$AppendLogResponseHandler.onCompleted(GrpcLogAppender.java:547)
	at org.apache.ratis.thirdparty.io.grpc.stub.ClientCalls$StreamObserverToCallListenerAdapter.onClose(ClientCalls.java:479)
	at org.apache.ratis.thirdparty.io.grpc.internal.ClientCallImpl.closeObserver(ClientCallImpl.java:567)
	at org.apache.ratis.thirdparty.io.grpc.internal.ClientCallImpl.access$300(ClientCallImpl.java:71)
	at org.apache.ratis.thirdparty.io.grpc.internal.ClientCallImpl$ClientStreamListenerImpl$1StreamClosed.runInternal(ClientCallImpl.java:735)
	at org.apache.ratis.thirdparty.io.grpc.internal.ClientCallImpl$ClientStreamListenerImpl$1StreamClosed.runInContext(ClientCallImpl.java:716)
	at org.apache.ratis.thirdparty.io.grpc.internal.ContextRunnable.run(ContextRunnable.java:37)
	at org.apache.ratis.thirdparty.io.grpc.internal.SerializingExecutor.run(SerializingExecutor.java:133)
	at java.util.concurrent.ThreadPoolExecutor.runWorker(ThreadPoolExecutor.java:1149)
	at java.util.concurrent.ThreadPoolExecutor$Worker.run(ThreadPoolExecutor.java:624)
	at java.lang.Thread.run(Thread.java:750)
2024-02-09 18:34:36,202 [92c5164c-1af2-4faa-850f-17550d8861d5-impl-thread1] INFO  util.JmxRegister (JmxRegister.java:unregister(73)) - Successfully un-registered JMX Bean with object name Ratis:service=RaftServer,group=group-030502AAF74F,id=92c5164c-1af2-4faa-850f-17550d8861d5
2024-02-09 18:34:36,204 [92c5164c-1af2-4faa-850f-17550d8861d5-impl-thread1] INFO  impl.RoleInfo (RoleInfo.java:shutdownFollowerState(110)) - 92c5164c-1af2-4faa-850f-17550d8861d5: shutdown 92c5164c-1af2-4faa-850f-17550d8861d5@group-030502AAF74F-FollowerState
2024-02-09 18:34:36,204 [92c5164c-1af2-4faa-850f-17550d8861d5-impl-thread1] INFO  impl.StateMachineUpdater (StateMachineUpdater.java:stopAndJoin(157)) - 92c5164c-1af2-4faa-850f-17550d8861d5@group-030502AAF74F-StateMachineUpdater: set stopIndex = 0
2024-02-09 18:34:36,204 [ForkJoinPool.commonPool-worker-6] INFO  server.GrpcService (GrpcService.java:closeImpl(311)) - 92c5164c-1af2-4faa-850f-17550d8861d5: shutdown server org.apache.ratis.grpc.server.GrpcClientProtocolService now
2024-02-09 18:34:36,204 [92c5164c-1af2-4faa-850f-17550d8861d5@group-030502AAF74F-StateMachineUpdater] INFO  ratis.ContainerStateMachine (ContainerStateMachine.java:takeSnapshot(355)) - group-030502AAF74F: Taking a snapshot at:(t:1, i:0) file /home/runner/work/ozone/ozone/hadoop-ozone/integration-test/target/test-dir/MiniOzoneClusterImpl-2e7e0147-493e-4f7b-8772-843c2731e345/datanode-1/data/ratis/c6501ec1-e64e-4456-98ff-030502aaf74f/sm/snapshot.1_0
2024-02-09 18:34:36,204 [92c5164c-1af2-4faa-850f-17550d8861d5@group-030502AAF74F-FollowerState] INFO  impl.FollowerState (FollowerState.java:run(152)) - 92c5164c-1af2-4faa-850f-17550d8861d5@group-030502AAF74F-FollowerState was interrupted
2024-02-09 18:34:36,204 [92c5164c-1af2-4faa-850f-17550d8861d5-impl-thread2] INFO  server.RaftServer$Division (RaftServerImpl.java:lambda$close$3(526)) - 92c5164c-1af2-4faa-850f-17550d8861d5@group-26729CAD3E72: shutdown
2024-02-09 18:34:36,204 [92c5164c-1af2-4faa-850f-17550d8861d5-impl-thread2] INFO  util.JmxRegister (JmxRegister.java:unregister(73)) - Successfully un-registered JMX Bean with object name Ratis:service=RaftServer,group=group-26729CAD3E72,id=92c5164c-1af2-4faa-850f-17550d8861d5
2024-02-09 18:34:36,204 [92c5164c-1af2-4faa-850f-17550d8861d5-impl-thread2] INFO  impl.RoleInfo (RoleInfo.java:shutdownLeaderState(94)) - 92c5164c-1af2-4faa-850f-17550d8861d5: shutdown 92c5164c-1af2-4faa-850f-17550d8861d5@group-26729CAD3E72-LeaderStateImpl
2024-02-09 18:34:36,204 [92c5164c-1af2-4faa-850f-17550d8861d5-impl-thread2] INFO  impl.PendingRequests (PendingRequests.java:sendNotLeaderResponses(289)) - 92c5164c-1af2-4faa-850f-17550d8861d5@group-26729CAD3E72-PendingRequests: sendNotLeaderResponses
2024-02-09 18:34:36,204 [92c5164c-1af2-4faa-850f-17550d8861d5@group-030502AAF74F-StateMachineUpdater] INFO  ratis.ContainerStateMachine (ContainerStateMachine.java:takeSnapshot(366)) - group-030502AAF74F: Finished taking a snapshot at:(t:1, i:0) file:/home/runner/work/ozone/ozone/hadoop-ozone/integration-test/target/test-dir/MiniOzoneClusterImpl-2e7e0147-493e-4f7b-8772-843c2731e345/datanode-1/data/ratis/c6501ec1-e64e-4456-98ff-030502aaf74f/sm/snapshot.1_0 took: 1 ms
2024-02-09 18:34:36,204 [92c5164c-1af2-4faa-850f-17550d8861d5-impl-thread2] INFO  impl.StateMachineUpdater (StateMachineUpdater.java:stopAndJoin(157)) - 92c5164c-1af2-4faa-850f-17550d8861d5@group-26729CAD3E72-StateMachineUpdater: set stopIndex = 0
2024-02-09 18:34:36,204 [92c5164c-1af2-4faa-850f-17550d8861d5@group-26729CAD3E72-StateMachineUpdater] INFO  ratis.ContainerStateMachine (ContainerStateMachine.java:takeSnapshot(355)) - group-26729CAD3E72: Taking a snapshot at:(t:1, i:0) file /home/runner/work/ozone/ozone/hadoop-ozone/integration-test/target/test-dir/MiniOzoneClusterImpl-2e7e0147-493e-4f7b-8772-843c2731e345/datanode-1/data/ratis/2e118ce1-8604-4f89-96ea-26729cad3e72/sm/snapshot.1_0
2024-02-09 18:34:36,204 [92c5164c-1af2-4faa-850f-17550d8861d5@group-030502AAF74F-StateMachineUpdater] INFO  impl.StateMachineUpdater (StateMachineUpdater.java:takeSnapshot(295)) - 92c5164c-1af2-4faa-850f-17550d8861d5@group-030502AAF74F-StateMachineUpdater: Took a snapshot at index 0
2024-02-09 18:34:36,205 [92c5164c-1af2-4faa-850f-17550d8861d5@group-030502AAF74F-StateMachineUpdater] INFO  impl.StateMachineUpdater (StateMachineUpdater.java:lambda$new$0(98)) - 92c5164c-1af2-4faa-850f-17550d8861d5@group-030502AAF74F-StateMachineUpdater: snapshotIndex: updateIncreasingly -1 -> 0
2024-02-09 18:34:36,205 [92c5164c-1af2-4faa-850f-17550d8861d5-impl-thread1] INFO  server.RaftServer$Division (ServerState.java:close(427)) - 92c5164c-1af2-4faa-850f-17550d8861d5@group-030502AAF74F: applyIndex: 0
2024-02-09 18:34:36,205 [92c5164c-1af2-4faa-850f-17550d8861d5@group-26729CAD3E72-StateMachineUpdater] INFO  ratis.ContainerStateMachine (ContainerStateMachine.java:takeSnapshot(366)) - group-26729CAD3E72: Finished taking a snapshot at:(t:1, i:0) file:/home/runner/work/ozone/ozone/hadoop-ozone/integration-test/target/test-dir/MiniOzoneClusterImpl-2e7e0147-493e-4f7b-8772-843c2731e345/datanode-1/data/ratis/2e118ce1-8604-4f89-96ea-26729cad3e72/sm/snapshot.1_0 took: 0 ms
2024-02-09 18:34:36,205 [92c5164c-1af2-4faa-850f-17550d8861d5@group-030502AAF74F-cacheEviction-AwaitToRun] INFO  util.AwaitToRun (AwaitToRun.java:run(49)) - 92c5164c-1af2-4faa-850f-17550d8861d5@group-030502AAF74F-cacheEviction-AwaitToRun-AwaitForSignal is interrupted
2024-02-09 18:34:36,205 [92c5164c-1af2-4faa-850f-17550d8861d5@group-26729CAD3E72-StateMachineUpdater] INFO  impl.StateMachineUpdater (StateMachineUpdater.java:takeSnapshot(295)) - 92c5164c-1af2-4faa-850f-17550d8861d5@group-26729CAD3E72-StateMachineUpdater: Took a snapshot at index 0
2024-02-09 18:34:36,205 [92c5164c-1af2-4faa-850f-17550d8861d5@group-26729CAD3E72-StateMachineUpdater] INFO  impl.StateMachineUpdater (StateMachineUpdater.java:lambda$new$0(98)) - 92c5164c-1af2-4faa-850f-17550d8861d5@group-26729CAD3E72-StateMachineUpdater: snapshotIndex: updateIncreasingly -1 -> 0
2024-02-09 18:34:36,205 [92c5164c-1af2-4faa-850f-17550d8861d5-impl-thread2] INFO  server.RaftServer$Division (ServerState.java:close(427)) - 92c5164c-1af2-4faa-850f-17550d8861d5@group-26729CAD3E72: applyIndex: 0
2024-02-09 18:34:36,205 [92c5164c-1af2-4faa-850f-17550d8861d5@group-26729CAD3E72-cacheEviction-AwaitToRun] INFO  util.AwaitToRun (AwaitToRun.java:run(49)) - 92c5164c-1af2-4faa-850f-17550d8861d5@group-26729CAD3E72-cacheEviction-AwaitToRun-AwaitForSignal is interrupted
2024-02-09 18:34:36,206 [77dd9a00-e29a-4211-83f1-3973ef1a3290@group-2CCA92768612-cacheEviction-AwaitToRun] INFO  util.AwaitToRun (AwaitToRun.java:run(49)) - 77dd9a00-e29a-4211-83f1-3973ef1a3290@group-2CCA92768612-cacheEviction-AwaitToRun-AwaitForSignal is interrupted
2024-02-09 18:34:36,208 [grpc-default-executor-3] INFO  server.GrpcLogAppender (GrpcLogAppender.java:onCompleted(546)) - e0b7932e-07c7-4e56-8d6e-0757004eb8fd@group-2CCA92768612->a04b3fda-42d1-4ee5-9233-bf3df18c72ca-AppendLogResponseHandler: follower responses appendEntries COMPLETED
2024-02-09 18:34:36,208 [grpc-default-executor-3] WARN  server.GrpcLogAppender (GrpcLogAppender.java:resetClient(226)) - e0b7932e-07c7-4e56-8d6e-0757004eb8fd@group-2CCA92768612->a04b3fda-42d1-4ee5-9233-bf3df18c72ca-GrpcLogAppender: Failed to getClient for a04b3fda-42d1-4ee5-9233-bf3df18c72ca
org.apache.ratis.protocol.exceptions.AlreadyClosedException: e0b7932e-07c7-4e56-8d6e-0757004eb8fd is already CLOSED
	at org.apache.ratis.util.PeerProxyMap$PeerAndProxy.getProxy(PeerProxyMap.java:65)
	at org.apache.ratis.util.PeerProxyMap.getProxy(PeerProxyMap.java:114)
	at org.apache.ratis.grpc.server.GrpcLogAppender.getClient(GrpcLogAppender.java:196)
	at org.apache.ratis.grpc.server.GrpcLogAppender.resetClient(GrpcLogAppender.java:201)
	at org.apache.ratis.grpc.server.GrpcLogAppender.access$800(GrpcLogAppender.java:62)
	at org.apache.ratis.grpc.server.GrpcLogAppender$AppendLogResponseHandler.onCompleted(GrpcLogAppender.java:547)
	at org.apache.ratis.thirdparty.io.grpc.stub.ClientCalls$StreamObserverToCallListenerAdapter.onClose(ClientCalls.java:479)
	at org.apache.ratis.thirdparty.io.grpc.internal.DelayedClientCall$DelayedListener$3.run(DelayedClientCall.java:489)
	at org.apache.ratis.thirdparty.io.grpc.internal.DelayedClientCall$DelayedListener.delayOrExecute(DelayedClientCall.java:453)
	at org.apache.ratis.thirdparty.io.grpc.internal.DelayedClientCall$DelayedListener.onClose(DelayedClientCall.java:486)
	at org.apache.ratis.thirdparty.io.grpc.internal.ClientCallImpl.closeObserver(ClientCallImpl.java:567)
	at org.apache.ratis.thirdparty.io.grpc.internal.ClientCallImpl.access$300(ClientCallImpl.java:71)
	at org.apache.ratis.thirdparty.io.grpc.internal.ClientCallImpl$ClientStreamListenerImpl$1StreamClosed.runInternal(ClientCallImpl.java:735)
	at org.apache.ratis.thirdparty.io.grpc.internal.ClientCallImpl$ClientStreamListenerImpl$1StreamClosed.runInContext(ClientCallImpl.java:716)
	at org.apache.ratis.thirdparty.io.grpc.internal.ContextRunnable.run(ContextRunnable.java:37)
	at org.apache.ratis.thirdparty.io.grpc.internal.SerializingExecutor.run(SerializingExecutor.java:133)
	at java.util.concurrent.ThreadPoolExecutor.runWorker(ThreadPoolExecutor.java:1149)
	at java.util.concurrent.ThreadPoolExecutor$Worker.run(ThreadPoolExecutor.java:624)
	at java.lang.Thread.run(Thread.java:750)
2024-02-09 18:34:36,220 [ForkJoinPool.commonPool-worker-5] INFO  server.GrpcService (GrpcService.java:closeImpl(320)) - 6ea81ba3-4cc7-4d8f-90c6-66e0677302b1: shutdown server GrpcServerProtocolService successfully
2024-02-09 18:34:36,220 [ForkJoinPool.commonPool-worker-5] INFO  server.GrpcService (GrpcService.java:closeImpl(311)) - 6ea81ba3-4cc7-4d8f-90c6-66e0677302b1: shutdown server org.apache.ratis.grpc.server.GrpcAdminProtocolService now
2024-02-09 18:34:36,218 [grpc-default-executor-1] WARN  server.GrpcLogAppender (GrpcLogAppender.java:lambda$resetClient$1(217)) - 5d91c0b9-cefc-489a-be2c-ee3cd3dcc3a0@group-030502AAF74F->6ea81ba3-4cc7-4d8f-90c6-66e0677302b1-GrpcLogAppender: Follower failed (request=null, errorCount=1); keep nextIndex (1) unchanged and retry.
2024-02-09 18:34:36,215 [e0b7932e-07c7-4e56-8d6e-0757004eb8fd-impl-thread2] INFO  server.RaftServer$Division (ServerState.java:close(427)) - e0b7932e-07c7-4e56-8d6e-0757004eb8fd@group-E26969950B1E: applyIndex: 0
2024-02-09 18:34:36,213 [ForkJoinPool.commonPool-worker-6] INFO  server.GrpcService (GrpcService.java:closeImpl(320)) - 92c5164c-1af2-4faa-850f-17550d8861d5: shutdown server org.apache.ratis.grpc.server.GrpcClientProtocolService successfully
2024-02-09 18:34:36,223 [ForkJoinPool.commonPool-worker-6] INFO  server.GrpcService (GrpcService.java:closeImpl(311)) - 92c5164c-1af2-4faa-850f-17550d8861d5: shutdown server GrpcServerProtocolService now
2024-02-09 18:34:36,223 [e0b7932e-07c7-4e56-8d6e-0757004eb8fd@group-E26969950B1E-cacheEviction-AwaitToRun] INFO  util.AwaitToRun (AwaitToRun.java:run(49)) - e0b7932e-07c7-4e56-8d6e-0757004eb8fd@group-E26969950B1E-cacheEviction-AwaitToRun-AwaitForSignal is interrupted
2024-02-09 18:34:36,213 [grpc-default-executor-4] WARN  server.GrpcServerProtocolService (LogUtils.java:warn(121)) - 6ea81ba3-4cc7-4d8f-90c6-66e0677302b1: APPEND_ENTRIES onError, lastRequest: 5d91c0b9-cefc-489a-be2c-ee3cd3dcc3a0->6ea81ba3-4cc7-4d8f-90c6-66e0677302b1#1-t1,previous=(t:0, i:0),leaderCommit=-1,initializing? false,entries: size=1, first=(t:1, i:0), CONFIGURATIONENTRY(current:id: "5d91c0b9-cefc-489a-be2c-ee3cd3dcc3a0"
address: "10.1.0.43:15103"
priority: 1
dataStreamAddress: "10.1.0.43:15104"
clientAddress: "10.1.0.43:15101"
adminAddress: "10.1.0.43:15102"
startupRole: FOLLOWER
,id: "92c5164c-1af2-4faa-850f-17550d8861d5"
address: "10.1.0.43:15112"
dataStreamAddress: "10.1.0.43:15113"
clientAddress: "10.1.0.43:15110"
adminAddress: "10.1.0.43:15111"
startupRole: FOLLOWER
,id: "6ea81ba3-4cc7-4d8f-90c6-66e0677302b1"
address: "10.1.0.43:15121"
dataStreamAddress: "10.1.0.43:15122"
clientAddress: "10.1.0.43:15119"
adminAddress: "10.1.0.43:15120"
startupRole: FOLLOWER
, old:): org.apache.ratis.thirdparty.io.grpc.StatusRuntimeException: CANCELLED: client cancelled
2024-02-09 18:34:36,212 [grpc-default-executor-0] WARN  server.GrpcLogAppender (LogUtils.java:warn(121)) - 5d91c0b9-cefc-489a-be2c-ee3cd3dcc3a0@group-030502AAF74F->6ea81ba3-4cc7-4d8f-90c6-66e0677302b1-AppendLogResponseHandler: Failed appendEntries: org.apache.ratis.thirdparty.io.grpc.StatusRuntimeException: CANCELLED: RST_STREAM closed stream. HTTP/2 error code: CANCEL
2024-02-09 18:34:36,212 [grpc-default-executor-2] WARN  server.GrpcServerProtocolService (LogUtils.java:warn(121)) - 6ea81ba3-4cc7-4d8f-90c6-66e0677302b1: APPEND_ENTRIES onError, lastRequest: null: org.apache.ratis.thirdparty.io.grpc.StatusRuntimeException: CANCELLED: client cancelled
2024-02-09 18:34:36,220 [ForkJoinPool.commonPool-worker-7] INFO  server.GrpcService (GrpcService.java:closeImpl(320)) - 77dd9a00-e29a-4211-83f1-3973ef1a3290: shutdown server GrpcServerProtocolService successfully
2024-02-09 18:34:36,227 [ForkJoinPool.commonPool-worker-7] INFO  server.GrpcService (GrpcService.java:closeImpl(311)) - 77dd9a00-e29a-4211-83f1-3973ef1a3290: shutdown server org.apache.ratis.grpc.server.GrpcAdminProtocolService now
2024-02-09 18:34:36,231 [grpc-default-executor-2] WARN  server.GrpcServerProtocolService (LogUtils.java:warn(121)) - 92c5164c-1af2-4faa-850f-17550d8861d5: APPEND_ENTRIES onError, lastRequest: null: org.apache.ratis.thirdparty.io.grpc.StatusRuntimeException: CANCELLED: client cancelled
2024-02-09 18:34:36,231 [grpc-default-executor-2] WARN  server.GrpcLogAppender (LogUtils.java:warn(121)) - 5d91c0b9-cefc-489a-be2c-ee3cd3dcc3a0@group-030502AAF74F->92c5164c-1af2-4faa-850f-17550d8861d5-AppendLogResponseHandler: Failed appendEntries: org.apache.ratis.thirdparty.io.grpc.StatusRuntimeException: CANCELLED: RST_STREAM closed stream. HTTP/2 error code: CANCEL
2024-02-09 18:34:36,231 [grpc-default-executor-2] WARN  server.GrpcLogAppender (GrpcLogAppender.java:lambda$resetClient$1(217)) - 5d91c0b9-cefc-489a-be2c-ee3cd3dcc3a0@group-030502AAF74F->92c5164c-1af2-4faa-850f-17550d8861d5-GrpcLogAppender: Follower failed (request=null, errorCount=1); keep nextIndex (1) unchanged and retry.
2024-02-09 18:34:36,232 [ForkJoinPool.commonPool-worker-5] INFO  server.GrpcService (GrpcService.java:closeImpl(320)) - 6ea81ba3-4cc7-4d8f-90c6-66e0677302b1: shutdown server org.apache.ratis.grpc.server.GrpcAdminProtocolService successfully
2024-02-09 18:34:36,233 [grpc-default-executor-6] INFO  server.GrpcLogAppender (GrpcLogAppender.java:onCompleted(546)) - e0b7932e-07c7-4e56-8d6e-0757004eb8fd@group-2CCA92768612->77dd9a00-e29a-4211-83f1-3973ef1a3290-AppendLogResponseHandler: follower responses appendEntries COMPLETED
2024-02-09 18:34:36,233 [grpc-default-executor-6] WARN  server.GrpcLogAppender (GrpcLogAppender.java:resetClient(226)) - e0b7932e-07c7-4e56-8d6e-0757004eb8fd@group-2CCA92768612->77dd9a00-e29a-4211-83f1-3973ef1a3290-GrpcLogAppender: Failed to getClient for 77dd9a00-e29a-4211-83f1-3973ef1a3290
org.apache.ratis.protocol.exceptions.AlreadyClosedException: e0b7932e-07c7-4e56-8d6e-0757004eb8fd is already CLOSED
	at org.apache.ratis.util.PeerProxyMap$PeerAndProxy.getProxy(PeerProxyMap.java:65)
	at org.apache.ratis.util.PeerProxyMap.getProxy(PeerProxyMap.java:114)
	at org.apache.ratis.grpc.server.GrpcLogAppender.getClient(GrpcLogAppender.java:196)
	at org.apache.ratis.grpc.server.GrpcLogAppender.resetClient(GrpcLogAppender.java:201)
	at org.apache.ratis.grpc.server.GrpcLogAppender.access$800(GrpcLogAppender.java:62)
	at org.apache.ratis.grpc.server.GrpcLogAppender$AppendLogResponseHandler.onCompleted(GrpcLogAppender.java:547)
	at org.apache.ratis.thirdparty.io.grpc.stub.ClientCalls$StreamObserverToCallListenerAdapter.onClose(ClientCalls.java:479)
	at org.apache.ratis.thirdparty.io.grpc.internal.ClientCallImpl.closeObserver(ClientCallImpl.java:567)
	at org.apache.ratis.thirdparty.io.grpc.internal.ClientCallImpl.access$300(ClientCallImpl.java:71)
	at org.apache.ratis.thirdparty.io.grpc.internal.ClientCallImpl$ClientStreamListenerImpl$1StreamClosed.runInternal(ClientCallImpl.java:735)
	at org.apache.ratis.thirdparty.io.grpc.internal.ClientCallImpl$ClientStreamListenerImpl$1StreamClosed.runInContext(ClientCallImpl.java:716)
	at org.apache.ratis.thirdparty.io.grpc.internal.ContextRunnable.run(ContextRunnable.java:37)
	at org.apache.ratis.thirdparty.io.grpc.internal.SerializingExecutor.run(SerializingExecutor.java:133)
	at java.util.concurrent.ThreadPoolExecutor.runWorker(ThreadPoolExecutor.java:1149)
	at java.util.concurrent.ThreadPoolExecutor$Worker.run(ThreadPoolExecutor.java:624)
	at java.lang.Thread.run(Thread.java:750)
2024-02-09 18:34:36,234 [grpc-default-executor-0] WARN  server.GrpcServerProtocolService (LogUtils.java:warn(121)) - 92c5164c-1af2-4faa-850f-17550d8861d5: APPEND_ENTRIES onError, lastRequest: 5d91c0b9-cefc-489a-be2c-ee3cd3dcc3a0->92c5164c-1af2-4faa-850f-17550d8861d5#1-t1,previous=(t:0, i:0),leaderCommit=-1,initializing? false,entries: size=1, first=(t:1, i:0), CONFIGURATIONENTRY(current:id: "5d91c0b9-cefc-489a-be2c-ee3cd3dcc3a0"
address: "10.1.0.43:15103"
priority: 1
dataStreamAddress: "10.1.0.43:15104"
clientAddress: "10.1.0.43:15101"
adminAddress: "10.1.0.43:15102"
startupRole: FOLLOWER
,id: "92c5164c-1af2-4faa-850f-17550d8861d5"
address: "10.1.0.43:15112"
dataStreamAddress: "10.1.0.43:15113"
clientAddress: "10.1.0.43:15110"
adminAddress: "10.1.0.43:15111"
startupRole: FOLLOWER
,id: "6ea81ba3-4cc7-4d8f-90c6-66e0677302b1"
address: "10.1.0.43:15121"
dataStreamAddress: "10.1.0.43:15122"
clientAddress: "10.1.0.43:15119"
adminAddress: "10.1.0.43:15120"
startupRole: FOLLOWER
, old:): org.apache.ratis.thirdparty.io.grpc.StatusRuntimeException: CANCELLED: client cancelled
2024-02-09 18:34:36,234 [ForkJoinPool.commonPool-worker-1] INFO  ozoneimpl.OzoneContainer (OzoneContainer.java:stop(481)) - Attempting to stop container services.
2024-02-09 18:34:36,236 [ForkJoinPool.commonPool-worker-6] INFO  server.GrpcService (GrpcService.java:closeImpl(320)) - 92c5164c-1af2-4faa-850f-17550d8861d5: shutdown server GrpcServerProtocolService successfully
2024-02-09 18:34:36,236 [ForkJoinPool.commonPool-worker-6] INFO  server.GrpcService (GrpcService.java:closeImpl(311)) - 92c5164c-1af2-4faa-850f-17550d8861d5: shutdown server org.apache.ratis.grpc.server.GrpcAdminProtocolService now
2024-02-09 18:34:36,236 [ForkJoinPool.commonPool-worker-1] INFO  server.RaftServer (RaftServerProxy.java:lambda$close$9(416)) - 19714071-6985-4253-9bb3-86e59ac051d1: close
2024-02-09 18:34:36,237 [ForkJoinPool.commonPool-worker-7] INFO  server.GrpcService (GrpcService.java:closeImpl(320)) - 77dd9a00-e29a-4211-83f1-3973ef1a3290: shutdown server org.apache.ratis.grpc.server.GrpcAdminProtocolService successfully
2024-02-09 18:34:36,237 [ForkJoinPool.commonPool-worker-0] INFO  ozoneimpl.OzoneContainer (OzoneContainer.java:stop(481)) - Attempting to stop container services.
2024-02-09 18:34:36,237 [19714071-6985-4253-9bb3-86e59ac051d1-impl-thread1] INFO  server.RaftServer$Division (RaftServerImpl.java:lambda$close$3(526)) - 19714071-6985-4253-9bb3-86e59ac051d1@group-883661F076CC: shutdown
2024-02-09 18:34:36,237 [19714071-6985-4253-9bb3-86e59ac051d1-impl-thread1] INFO  util.JmxRegister (JmxRegister.java:unregister(73)) - Successfully un-registered JMX Bean with object name Ratis:service=RaftServer,group=group-883661F076CC,id=19714071-6985-4253-9bb3-86e59ac051d1
2024-02-09 18:34:36,237 [19714071-6985-4253-9bb3-86e59ac051d1-impl-thread1] INFO  impl.RoleInfo (RoleInfo.java:shutdownLeaderState(94)) - 19714071-6985-4253-9bb3-86e59ac051d1: shutdown 19714071-6985-4253-9bb3-86e59ac051d1@group-883661F076CC-LeaderStateImpl
2024-02-09 18:34:36,237 [19714071-6985-4253-9bb3-86e59ac051d1-impl-thread1] INFO  impl.PendingRequests (PendingRequests.java:sendNotLeaderResponses(289)) - 19714071-6985-4253-9bb3-86e59ac051d1@group-883661F076CC-PendingRequests: sendNotLeaderResponses
2024-02-09 18:34:36,237 [ForkJoinPool.commonPool-worker-1] INFO  server.GrpcService (GrpcService.java:closeImpl(311)) - 19714071-6985-4253-9bb3-86e59ac051d1: shutdown server org.apache.ratis.grpc.server.GrpcClientProtocolService now
2024-02-09 18:34:36,237 [19714071-6985-4253-9bb3-86e59ac051d1-impl-thread1] INFO  impl.StateMachineUpdater (StateMachineUpdater.java:stopAndJoin(157)) - 19714071-6985-4253-9bb3-86e59ac051d1@group-883661F076CC-StateMachineUpdater: set stopIndex = 0
2024-02-09 18:34:36,237 [19714071-6985-4253-9bb3-86e59ac051d1@group-883661F076CC-StateMachineUpdater] INFO  ratis.ContainerStateMachine (ContainerStateMachine.java:takeSnapshot(355)) - group-883661F076CC: Taking a snapshot at:(t:1, i:0) file /home/runner/work/ozone/ozone/hadoop-ozone/integration-test/target/test-dir/MiniOzoneClusterImpl-2e7e0147-493e-4f7b-8772-843c2731e345/datanode-3/data/ratis/4f169573-c25f-413c-a30c-883661f076cc/sm/snapshot.1_0
2024-02-09 18:34:36,238 [19714071-6985-4253-9bb3-86e59ac051d1@group-883661F076CC-StateMachineUpdater] INFO  ratis.ContainerStateMachine (ContainerStateMachine.java:takeSnapshot(366)) - group-883661F076CC: Finished taking a snapshot at:(t:1, i:0) file:/home/runner/work/ozone/ozone/hadoop-ozone/integration-test/target/test-dir/MiniOzoneClusterImpl-2e7e0147-493e-4f7b-8772-843c2731e345/datanode-3/data/ratis/4f169573-c25f-413c-a30c-883661f076cc/sm/snapshot.1_0 took: 0 ms
2024-02-09 18:34:36,238 [19714071-6985-4253-9bb3-86e59ac051d1@group-883661F076CC-StateMachineUpdater] INFO  impl.StateMachineUpdater (StateMachineUpdater.java:takeSnapshot(295)) - 19714071-6985-4253-9bb3-86e59ac051d1@group-883661F076CC-StateMachineUpdater: Took a snapshot at index 0
2024-02-09 18:34:36,238 [19714071-6985-4253-9bb3-86e59ac051d1@group-883661F076CC-StateMachineUpdater] INFO  impl.StateMachineUpdater (StateMachineUpdater.java:lambda$new$0(98)) - 19714071-6985-4253-9bb3-86e59ac051d1@group-883661F076CC-StateMachineUpdater: snapshotIndex: updateIncreasingly -1 -> 0
2024-02-09 18:34:36,238 [19714071-6985-4253-9bb3-86e59ac051d1-impl-thread1] INFO  server.RaftServer$Division (ServerState.java:close(427)) - 19714071-6985-4253-9bb3-86e59ac051d1@group-883661F076CC: applyIndex: 0
2024-02-09 18:34:36,239 [grpc-default-executor-2] INFO  server.GrpcLogAppender (GrpcLogAppender.java:onCompleted(546)) - e0b7932e-07c7-4e56-8d6e-0757004eb8fd@group-2CCA92768612->77dd9a00-e29a-4211-83f1-3973ef1a3290-AppendLogResponseHandler: follower responses appendEntries COMPLETED
2024-02-09 18:34:36,239 [grpc-default-executor-2] WARN  server.GrpcLogAppender (GrpcLogAppender.java:resetClient(226)) - e0b7932e-07c7-4e56-8d6e-0757004eb8fd@group-2CCA92768612->77dd9a00-e29a-4211-83f1-3973ef1a3290-GrpcLogAppender: Failed to getClient for 77dd9a00-e29a-4211-83f1-3973ef1a3290
org.apache.ratis.protocol.exceptions.AlreadyClosedException: e0b7932e-07c7-4e56-8d6e-0757004eb8fd is already CLOSED
	at org.apache.ratis.util.PeerProxyMap$PeerAndProxy.getProxy(PeerProxyMap.java:65)
	at org.apache.ratis.util.PeerProxyMap.getProxy(PeerProxyMap.java:114)
	at org.apache.ratis.grpc.server.GrpcLogAppender.getClient(GrpcLogAppender.java:196)
	at org.apache.ratis.grpc.server.GrpcLogAppender.resetClient(GrpcLogAppender.java:201)
	at org.apache.ratis.grpc.server.GrpcLogAppender.access$800(GrpcLogAppender.java:62)
	at org.apache.ratis.grpc.server.GrpcLogAppender$AppendLogResponseHandler.onCompleted(GrpcLogAppender.java:547)
	at org.apache.ratis.thirdparty.io.grpc.stub.ClientCalls$StreamObserverToCallListenerAdapter.onClose(ClientCalls.java:479)
	at org.apache.ratis.thirdparty.io.grpc.internal.DelayedClientCall$DelayedListener$3.run(DelayedClientCall.java:489)
	at org.apache.ratis.thirdparty.io.grpc.internal.DelayedClientCall$DelayedListener.delayOrExecute(DelayedClientCall.java:453)
	at org.apache.ratis.thirdparty.io.grpc.internal.DelayedClientCall$DelayedListener.onClose(DelayedClientCall.java:486)
	at org.apache.ratis.thirdparty.io.grpc.internal.ClientCallImpl.closeObserver(ClientCallImpl.java:567)
	at org.apache.ratis.thirdparty.io.grpc.internal.ClientCallImpl.access$300(ClientCallImpl.java:71)
	at org.apache.ratis.thirdparty.io.grpc.internal.ClientCallImpl$ClientStreamListenerImpl$1StreamClosed.runInternal(ClientCallImpl.java:735)
	at org.apache.ratis.thirdparty.io.grpc.internal.ClientCallImpl$ClientStreamListenerImpl$1StreamClosed.runInContext(ClientCallImpl.java:716)
	at org.apache.ratis.thirdparty.io.grpc.internal.ContextRunnable.run(ContextRunnable.java:37)
	at org.apache.ratis.thirdparty.io.grpc.internal.SerializingExecutor.run(SerializingExecutor.java:133)
	at java.util.concurrent.ThreadPoolExecutor.runWorker(ThreadPoolExecutor.java:1149)
	at java.util.concurrent.ThreadPoolExecutor$Worker.run(ThreadPoolExecutor.java:624)
	at java.lang.Thread.run(Thread.java:750)
2024-02-09 18:34:36,240 [ForkJoinPool.commonPool-worker-0] INFO  server.RaftServer (RaftServerProxy.java:lambda$close$9(416)) - a04b3fda-42d1-4ee5-9233-bf3df18c72ca: close
2024-02-09 18:34:36,240 [Thread-2236] INFO  server.GrpcServerProtocolClient (GrpcServerProtocolClient.java:close(103)) - c9aa2afb-1190-4a6b-bc65-38c12648ce52 Close channels
2024-02-09 18:34:36,240 [ForkJoinPool.commonPool-worker-6] INFO  server.GrpcService (GrpcService.java:closeImpl(320)) - 92c5164c-1af2-4faa-850f-17550d8861d5: shutdown server org.apache.ratis.grpc.server.GrpcAdminProtocolService successfully
2024-02-09 18:34:36,240 [19714071-6985-4253-9bb3-86e59ac051d1@group-883661F076CC-cacheEviction-AwaitToRun] INFO  util.AwaitToRun (AwaitToRun.java:run(49)) - 19714071-6985-4253-9bb3-86e59ac051d1@group-883661F076CC-cacheEviction-AwaitToRun-AwaitForSignal is interrupted
2024-02-09 18:34:36,240 [Thread-2239] INFO  server.GrpcServerProtocolClient (GrpcServerProtocolClient.java:close(103)) - 50f87e96-d653-4358-9a58-224b3bed4094 Close channels
2024-02-09 18:34:36,243 [a04b3fda-42d1-4ee5-9233-bf3df18c72ca-impl-thread1] INFO  server.RaftServer$Division (RaftServerImpl.java:lambda$close$3(526)) - a04b3fda-42d1-4ee5-9233-bf3df18c72ca@group-149DDCC1E2E7: shutdown
2024-02-09 18:34:36,243 [a04b3fda-42d1-4ee5-9233-bf3df18c72ca-impl-thread1] INFO  util.JmxRegister (JmxRegister.java:unregister(73)) - Successfully un-registered JMX Bean with object name Ratis:service=RaftServer,group=group-149DDCC1E2E7,id=a04b3fda-42d1-4ee5-9233-bf3df18c72ca
2024-02-09 18:34:36,243 [a04b3fda-42d1-4ee5-9233-bf3df18c72ca-impl-thread1] INFO  impl.RoleInfo (RoleInfo.java:shutdownLeaderState(94)) - a04b3fda-42d1-4ee5-9233-bf3df18c72ca: shutdown a04b3fda-42d1-4ee5-9233-bf3df18c72ca@group-149DDCC1E2E7-LeaderStateImpl
2024-02-09 18:34:36,243 [a04b3fda-42d1-4ee5-9233-bf3df18c72ca-impl-thread1] INFO  impl.PendingRequests (PendingRequests.java:sendNotLeaderResponses(289)) - a04b3fda-42d1-4ee5-9233-bf3df18c72ca@group-149DDCC1E2E7-PendingRequests: sendNotLeaderResponses
2024-02-09 18:34:36,243 [a04b3fda-42d1-4ee5-9233-bf3df18c72ca-impl-thread1] INFO  impl.StateMachineUpdater (StateMachineUpdater.java:stopAndJoin(157)) - a04b3fda-42d1-4ee5-9233-bf3df18c72ca@group-149DDCC1E2E7-StateMachineUpdater: set stopIndex = 0
2024-02-09 18:34:36,243 [a04b3fda-42d1-4ee5-9233-bf3df18c72ca@group-149DDCC1E2E7-StateMachineUpdater] INFO  ratis.ContainerStateMachine (ContainerStateMachine.java:takeSnapshot(355)) - group-149DDCC1E2E7: Taking a snapshot at:(t:1, i:0) file /home/runner/work/ozone/ozone/hadoop-ozone/integration-test/target/test-dir/MiniOzoneClusterImpl-2e7e0147-493e-4f7b-8772-843c2731e345/datanode-8/data/ratis/19257f46-b855-485d-9bf7-149ddcc1e2e7/sm/snapshot.1_0
2024-02-09 18:34:36,243 [ForkJoinPool.commonPool-worker-0] INFO  server.GrpcService (GrpcService.java:closeImpl(311)) - a04b3fda-42d1-4ee5-9233-bf3df18c72ca: shutdown server org.apache.ratis.grpc.server.GrpcClientProtocolService now
2024-02-09 18:34:36,248 [a04b3fda-42d1-4ee5-9233-bf3df18c72ca-impl-thread2] INFO  server.RaftServer$Division (RaftServerImpl.java:lambda$close$3(526)) - a04b3fda-42d1-4ee5-9233-bf3df18c72ca@group-2CCA92768612: shutdown
2024-02-09 18:34:36,249 [a04b3fda-42d1-4ee5-9233-bf3df18c72ca-impl-thread2] INFO  util.JmxRegister (JmxRegister.java:unregister(73)) - Successfully un-registered JMX Bean with object name Ratis:service=RaftServer,group=group-2CCA92768612,id=a04b3fda-42d1-4ee5-9233-bf3df18c72ca
2024-02-09 18:34:36,248 [a04b3fda-42d1-4ee5-9233-bf3df18c72ca@group-149DDCC1E2E7-StateMachineUpdater] INFO  ratis.ContainerStateMachine (ContainerStateMachine.java:takeSnapshot(366)) - group-149DDCC1E2E7: Finished taking a snapshot at:(t:1, i:0) file:/home/runner/work/ozone/ozone/hadoop-ozone/integration-test/target/test-dir/MiniOzoneClusterImpl-2e7e0147-493e-4f7b-8772-843c2731e345/datanode-8/data/ratis/19257f46-b855-485d-9bf7-149ddcc1e2e7/sm/snapshot.1_0 took: 5 ms
2024-02-09 18:34:36,250 [a04b3fda-42d1-4ee5-9233-bf3df18c72ca-impl-thread2] INFO  impl.RoleInfo (RoleInfo.java:shutdownFollowerState(110)) - a04b3fda-42d1-4ee5-9233-bf3df18c72ca: shutdown a04b3fda-42d1-4ee5-9233-bf3df18c72ca@group-2CCA92768612-FollowerState
2024-02-09 18:34:36,250 [a04b3fda-42d1-4ee5-9233-bf3df18c72ca@group-149DDCC1E2E7-StateMachineUpdater] INFO  impl.StateMachineUpdater (StateMachineUpdater.java:takeSnapshot(295)) - a04b3fda-42d1-4ee5-9233-bf3df18c72ca@group-149DDCC1E2E7-StateMachineUpdater: Took a snapshot at index 0
2024-02-09 18:34:36,250 [a04b3fda-42d1-4ee5-9233-bf3df18c72ca@group-149DDCC1E2E7-StateMachineUpdater] INFO  impl.StateMachineUpdater (StateMachineUpdater.java:lambda$new$0(98)) - a04b3fda-42d1-4ee5-9233-bf3df18c72ca@group-149DDCC1E2E7-StateMachineUpdater: snapshotIndex: updateIncreasingly -1 -> 0
2024-02-09 18:34:36,250 [main] INFO  server.GrpcService (GrpcService.java:closeImpl(320)) - e0b7932e-07c7-4e56-8d6e-0757004eb8fd: shutdown server org.apache.ratis.grpc.server.GrpcClientProtocolService successfully
2024-02-09 18:34:36,250 [main] INFO  server.GrpcService (GrpcService.java:closeImpl(311)) - e0b7932e-07c7-4e56-8d6e-0757004eb8fd: shutdown server GrpcServerProtocolService now
2024-02-09 18:34:36,250 [a04b3fda-42d1-4ee5-9233-bf3df18c72ca-impl-thread1] INFO  server.RaftServer$Division (ServerState.java:close(427)) - a04b3fda-42d1-4ee5-9233-bf3df18c72ca@group-149DDCC1E2E7: applyIndex: 0
2024-02-09 18:34:36,252 [ForkJoinPool.commonPool-worker-1] INFO  server.GrpcService (GrpcService.java:closeImpl(320)) - 19714071-6985-4253-9bb3-86e59ac051d1: shutdown server org.apache.ratis.grpc.server.GrpcClientProtocolService successfully
2024-02-09 18:34:36,252 [ForkJoinPool.commonPool-worker-1] INFO  server.GrpcService (GrpcService.java:closeImpl(311)) - 19714071-6985-4253-9bb3-86e59ac051d1: shutdown server GrpcServerProtocolService now
2024-02-09 18:34:36,252 [a04b3fda-42d1-4ee5-9233-bf3df18c72ca@group-149DDCC1E2E7-cacheEviction-AwaitToRun] INFO  util.AwaitToRun (AwaitToRun.java:run(49)) - a04b3fda-42d1-4ee5-9233-bf3df18c72ca@group-149DDCC1E2E7-cacheEviction-AwaitToRun-AwaitForSignal is interrupted
2024-02-09 18:34:36,256 [a04b3fda-42d1-4ee5-9233-bf3df18c72ca-impl-thread2] INFO  impl.StateMachineUpdater (StateMachineUpdater.java:stopAndJoin(157)) - a04b3fda-42d1-4ee5-9233-bf3df18c72ca@group-2CCA92768612-StateMachineUpdater: set stopIndex = 0
2024-02-09 18:34:36,256 [a04b3fda-42d1-4ee5-9233-bf3df18c72ca@group-2CCA92768612-FollowerState] INFO  impl.FollowerState (FollowerState.java:run(152)) - a04b3fda-42d1-4ee5-9233-bf3df18c72ca@group-2CCA92768612-FollowerState was interrupted
2024-02-09 18:34:36,257 [a04b3fda-42d1-4ee5-9233-bf3df18c72ca@group-2CCA92768612-StateMachineUpdater] INFO  ratis.ContainerStateMachine (ContainerStateMachine.java:takeSnapshot(355)) - group-2CCA92768612: Taking a snapshot at:(t:1, i:0) file /home/runner/work/ozone/ozone/hadoop-ozone/integration-test/target/test-dir/MiniOzoneClusterImpl-2e7e0147-493e-4f7b-8772-843c2731e345/datanode-8/data/ratis/615a16b5-5c1f-4b6a-8b9e-2cca92768612/sm/snapshot.1_0
2024-02-09 18:34:36,257 [ForkJoinPool.commonPool-worker-2] INFO  ozoneimpl.OzoneContainer (OzoneContainer.java:stop(481)) - Attempting to stop container services.
2024-02-09 18:34:36,257 [a04b3fda-42d1-4ee5-9233-bf3df18c72ca@group-2CCA92768612-StateMachineUpdater] INFO  ratis.ContainerStateMachine (ContainerStateMachine.java:takeSnapshot(366)) - group-2CCA92768612: Finished taking a snapshot at:(t:1, i:0) file:/home/runner/work/ozone/ozone/hadoop-ozone/integration-test/target/test-dir/MiniOzoneClusterImpl-2e7e0147-493e-4f7b-8772-843c2731e345/datanode-8/data/ratis/615a16b5-5c1f-4b6a-8b9e-2cca92768612/sm/snapshot.1_0 took: 0 ms
2024-02-09 18:34:36,257 [ForkJoinPool.commonPool-worker-2] INFO  server.RaftServer (RaftServerProxy.java:lambda$close$9(416)) - 5d91c0b9-cefc-489a-be2c-ee3cd3dcc3a0: close
2024-02-09 18:34:36,257 [a04b3fda-42d1-4ee5-9233-bf3df18c72ca@group-2CCA92768612-StateMachineUpdater] INFO  impl.StateMachineUpdater (StateMachineUpdater.java:takeSnapshot(295)) - a04b3fda-42d1-4ee5-9233-bf3df18c72ca@group-2CCA92768612-StateMachineUpdater: Took a snapshot at index 0
2024-02-09 18:34:36,257 [a04b3fda-42d1-4ee5-9233-bf3df18c72ca@group-2CCA92768612-StateMachineUpdater] INFO  impl.StateMachineUpdater (StateMachineUpdater.java:lambda$new$0(98)) - a04b3fda-42d1-4ee5-9233-bf3df18c72ca@group-2CCA92768612-StateMachineUpdater: snapshotIndex: updateIncreasingly -1 -> 0
2024-02-09 18:34:36,257 [a04b3fda-42d1-4ee5-9233-bf3df18c72ca-impl-thread2] INFO  server.RaftServer$Division (ServerState.java:close(427)) - a04b3fda-42d1-4ee5-9233-bf3df18c72ca@group-2CCA92768612: applyIndex: 0
2024-02-09 18:34:36,257 [a04b3fda-42d1-4ee5-9233-bf3df18c72ca@group-2CCA92768612-cacheEviction-AwaitToRun] INFO  util.AwaitToRun (AwaitToRun.java:run(49)) - a04b3fda-42d1-4ee5-9233-bf3df18c72ca@group-2CCA92768612-cacheEviction-AwaitToRun-AwaitForSignal is interrupted
2024-02-09 18:34:36,257 [ForkJoinPool.commonPool-worker-0] INFO  server.GrpcService (GrpcService.java:closeImpl(320)) - a04b3fda-42d1-4ee5-9233-bf3df18c72ca: shutdown server org.apache.ratis.grpc.server.GrpcClientProtocolService successfully
2024-02-09 18:34:36,258 [ForkJoinPool.commonPool-worker-0] INFO  server.GrpcService (GrpcService.java:closeImpl(311)) - a04b3fda-42d1-4ee5-9233-bf3df18c72ca: shutdown server GrpcServerProtocolService now
2024-02-09 18:34:36,258 [5d91c0b9-cefc-489a-be2c-ee3cd3dcc3a0-impl-thread1] INFO  server.RaftServer$Division (RaftServerImpl.java:lambda$close$3(526)) - 5d91c0b9-cefc-489a-be2c-ee3cd3dcc3a0@group-ED1FEFC56E0B: shutdown
2024-02-09 18:34:36,258 [ForkJoinPool.commonPool-worker-2] INFO  server.GrpcService (GrpcService.java:closeImpl(311)) - 5d91c0b9-cefc-489a-be2c-ee3cd3dcc3a0: shutdown server org.apache.ratis.grpc.server.GrpcClientProtocolService now
2024-02-09 18:34:36,258 [5d91c0b9-cefc-489a-be2c-ee3cd3dcc3a0-impl-thread2] INFO  server.RaftServer$Division (RaftServerImpl.java:lambda$close$3(526)) - 5d91c0b9-cefc-489a-be2c-ee3cd3dcc3a0@group-030502AAF74F: shutdown
2024-02-09 18:34:36,259 [5d91c0b9-cefc-489a-be2c-ee3cd3dcc3a0-impl-thread2] INFO  util.JmxRegister (JmxRegister.java:unregister(73)) - Successfully un-registered JMX Bean with object name Ratis:service=RaftServer,group=group-030502AAF74F,id=5d91c0b9-cefc-489a-be2c-ee3cd3dcc3a0
2024-02-09 18:34:36,259 [5d91c0b9-cefc-489a-be2c-ee3cd3dcc3a0-impl-thread2] INFO  impl.RoleInfo (RoleInfo.java:shutdownLeaderState(94)) - 5d91c0b9-cefc-489a-be2c-ee3cd3dcc3a0: shutdown 5d91c0b9-cefc-489a-be2c-ee3cd3dcc3a0@group-030502AAF74F-LeaderStateImpl
2024-02-09 18:34:36,258 [5d91c0b9-cefc-489a-be2c-ee3cd3dcc3a0-impl-thread1] INFO  util.JmxRegister (JmxRegister.java:unregister(73)) - Successfully un-registered JMX Bean with object name Ratis:service=RaftServer,group=group-ED1FEFC56E0B,id=5d91c0b9-cefc-489a-be2c-ee3cd3dcc3a0
2024-02-09 18:34:36,259 [5d91c0b9-cefc-489a-be2c-ee3cd3dcc3a0-impl-thread1] INFO  impl.RoleInfo (RoleInfo.java:shutdownLeaderState(94)) - 5d91c0b9-cefc-489a-be2c-ee3cd3dcc3a0: shutdown 5d91c0b9-cefc-489a-be2c-ee3cd3dcc3a0@group-ED1FEFC56E0B-LeaderStateImpl
2024-02-09 18:34:36,259 [5d91c0b9-cefc-489a-be2c-ee3cd3dcc3a0-impl-thread1] INFO  impl.PendingRequests (PendingRequests.java:sendNotLeaderResponses(289)) - 5d91c0b9-cefc-489a-be2c-ee3cd3dcc3a0@group-ED1FEFC56E0B-PendingRequests: sendNotLeaderResponses
2024-02-09 18:34:36,259 [5d91c0b9-cefc-489a-be2c-ee3cd3dcc3a0-impl-thread1] INFO  impl.StateMachineUpdater (StateMachineUpdater.java:stopAndJoin(157)) - 5d91c0b9-cefc-489a-be2c-ee3cd3dcc3a0@group-ED1FEFC56E0B-StateMachineUpdater: set stopIndex = 0
2024-02-09 18:34:36,259 [5d91c0b9-cefc-489a-be2c-ee3cd3dcc3a0@group-ED1FEFC56E0B-StateMachineUpdater] INFO  ratis.ContainerStateMachine (ContainerStateMachine.java:takeSnapshot(355)) - group-ED1FEFC56E0B: Taking a snapshot at:(t:1, i:0) file /home/runner/work/ozone/ozone/hadoop-ozone/integration-test/target/test-dir/MiniOzoneClusterImpl-2e7e0147-493e-4f7b-8772-843c2731e345/datanode-0/data/ratis/76951b3b-86ba-49ad-bead-ed1fefc56e0b/sm/snapshot.1_0
2024-02-09 18:34:36,260 [5d91c0b9-cefc-489a-be2c-ee3cd3dcc3a0@group-ED1FEFC56E0B-StateMachineUpdater] INFO  ratis.ContainerStateMachine (ContainerStateMachine.java:takeSnapshot(366)) - group-ED1FEFC56E0B: Finished taking a snapshot at:(t:1, i:0) file:/home/runner/work/ozone/ozone/hadoop-ozone/integration-test/target/test-dir/MiniOzoneClusterImpl-2e7e0147-493e-4f7b-8772-843c2731e345/datanode-0/data/ratis/76951b3b-86ba-49ad-bead-ed1fefc56e0b/sm/snapshot.1_0 took: 1 ms
2024-02-09 18:34:36,260 [main] INFO  server.GrpcService (GrpcService.java:closeImpl(320)) - e0b7932e-07c7-4e56-8d6e-0757004eb8fd: shutdown server GrpcServerProtocolService successfully
2024-02-09 18:34:36,260 [5d91c0b9-cefc-489a-be2c-ee3cd3dcc3a0@group-030502AAF74F->92c5164c-1af2-4faa-850f-17550d8861d5-GrpcLogAppender-LogAppenderDaemon] WARN  server.GrpcLogAppender (GrpcLogAppender.java:mayWait(289)) - 5d91c0b9-cefc-489a-be2c-ee3cd3dcc3a0@group-030502AAF74F->92c5164c-1af2-4faa-850f-17550d8861d5-GrpcLogAppender: Wait interrupted by java.lang.InterruptedException
2024-02-09 18:34:36,260 [6ea81ba3-4cc7-4d8f-90c6-66e0677302b1-NettyServerStreamRpc-bossGroup--thread1] INFO  logging.LoggingHandler (AbstractInternalLogger.java:log(148)) - [id: 0x79b5616c, L:/0.0.0.0:15122] CLOSE
2024-02-09 18:34:36,260 [5d91c0b9-cefc-489a-be2c-ee3cd3dcc3a0@group-ED1FEFC56E0B-StateMachineUpdater] INFO  impl.StateMachineUpdater (StateMachineUpdater.java:takeSnapshot(295)) - 5d91c0b9-cefc-489a-be2c-ee3cd3dcc3a0@group-ED1FEFC56E0B-StateMachineUpdater: Took a snapshot at index 0
2024-02-09 18:34:36,260 [6ea81ba3-4cc7-4d8f-90c6-66e0677302b1-NettyServerStreamRpc-bossGroup--thread1] INFO  logging.LoggingHandler (AbstractInternalLogger.java:log(148)) - [id: 0x79b5616c, L:/0.0.0.0:15122] INACTIVE
2024-02-09 18:34:36,260 [5d91c0b9-cefc-489a-be2c-ee3cd3dcc3a0@group-030502AAF74F->6ea81ba3-4cc7-4d8f-90c6-66e0677302b1-GrpcLogAppender-LogAppenderDaemon] WARN  server.GrpcLogAppender (GrpcLogAppender.java:mayWait(289)) - 5d91c0b9-cefc-489a-be2c-ee3cd3dcc3a0@group-030502AAF74F->6ea81ba3-4cc7-4d8f-90c6-66e0677302b1-GrpcLogAppender: Wait interrupted by java.lang.InterruptedException
2024-02-09 18:34:36,260 [Thread-2284] INFO  server.GrpcServerProtocolClient (GrpcServerProtocolClient.java:close(103)) - 92c5164c-1af2-4faa-850f-17550d8861d5 Close channels
2024-02-09 18:34:36,260 [Thread-2285] INFO  server.GrpcServerProtocolClient (GrpcServerProtocolClient.java:close(103)) - 6ea81ba3-4cc7-4d8f-90c6-66e0677302b1 Close channels
2024-02-09 18:34:36,260 [5d91c0b9-cefc-489a-be2c-ee3cd3dcc3a0-impl-thread2] INFO  impl.PendingRequests (PendingRequests.java:sendNotLeaderResponses(289)) - 5d91c0b9-cefc-489a-be2c-ee3cd3dcc3a0@group-030502AAF74F-PendingRequests: sendNotLeaderResponses
2024-02-09 18:34:36,260 [6ea81ba3-4cc7-4d8f-90c6-66e0677302b1-NettyServerStreamRpc-bossGroup--thread1] INFO  logging.LoggingHandler (AbstractInternalLogger.java:log(148)) - [id: 0x79b5616c, L:/0.0.0.0:15122] UNREGISTERED
2024-02-09 18:34:36,260 [5d91c0b9-cefc-489a-be2c-ee3cd3dcc3a0@group-ED1FEFC56E0B-StateMachineUpdater] INFO  impl.StateMachineUpdater (StateMachineUpdater.java:lambda$new$0(98)) - 5d91c0b9-cefc-489a-be2c-ee3cd3dcc3a0@group-ED1FEFC56E0B-StateMachineUpdater: snapshotIndex: updateIncreasingly -1 -> 0
2024-02-09 18:34:36,260 [main] INFO  server.GrpcService (GrpcService.java:closeImpl(311)) - e0b7932e-07c7-4e56-8d6e-0757004eb8fd: shutdown server org.apache.ratis.grpc.server.GrpcAdminProtocolService now
2024-02-09 18:34:36,260 [5d91c0b9-cefc-489a-be2c-ee3cd3dcc3a0-impl-thread2] INFO  impl.StateMachineUpdater (StateMachineUpdater.java:stopAndJoin(157)) - 5d91c0b9-cefc-489a-be2c-ee3cd3dcc3a0@group-030502AAF74F-StateMachineUpdater: set stopIndex = 0
2024-02-09 18:34:36,261 [5d91c0b9-cefc-489a-be2c-ee3cd3dcc3a0@group-030502AAF74F-StateMachineUpdater] INFO  ratis.ContainerStateMachine (ContainerStateMachine.java:takeSnapshot(355)) - group-030502AAF74F: Taking a snapshot at:(t:1, i:0) file /home/runner/work/ozone/ozone/hadoop-ozone/integration-test/target/test-dir/MiniOzoneClusterImpl-2e7e0147-493e-4f7b-8772-843c2731e345/datanode-0/data/ratis/c6501ec1-e64e-4456-98ff-030502aaf74f/sm/snapshot.1_0
2024-02-09 18:34:36,261 [77dd9a00-e29a-4211-83f1-3973ef1a3290-NettyServerStreamRpc-bossGroup--thread1] INFO  logging.LoggingHandler (AbstractInternalLogger.java:log(148)) - [id: 0xfc74b1bc, L:/0.0.0.0:15158] CLOSE
2024-02-09 18:34:36,261 [77dd9a00-e29a-4211-83f1-3973ef1a3290-NettyServerStreamRpc-bossGroup--thread1] INFO  logging.LoggingHandler (AbstractInternalLogger.java:log(148)) - [id: 0xfc74b1bc, L:/0.0.0.0:15158] INACTIVE
2024-02-09 18:34:36,261 [5d91c0b9-cefc-489a-be2c-ee3cd3dcc3a0@group-030502AAF74F-StateMachineUpdater] INFO  ratis.ContainerStateMachine (ContainerStateMachine.java:takeSnapshot(366)) - group-030502AAF74F: Finished taking a snapshot at:(t:1, i:0) file:/home/runner/work/ozone/ozone/hadoop-ozone/integration-test/target/test-dir/MiniOzoneClusterImpl-2e7e0147-493e-4f7b-8772-843c2731e345/datanode-0/data/ratis/c6501ec1-e64e-4456-98ff-030502aaf74f/sm/snapshot.1_0 took: 0 ms
2024-02-09 18:34:36,261 [77dd9a00-e29a-4211-83f1-3973ef1a3290-NettyServerStreamRpc-bossGroup--thread1] INFO  logging.LoggingHandler (AbstractInternalLogger.java:log(148)) - [id: 0xfc74b1bc, L:/0.0.0.0:15158] UNREGISTERED
2024-02-09 18:34:36,261 [5d91c0b9-cefc-489a-be2c-ee3cd3dcc3a0@group-030502AAF74F-StateMachineUpdater] INFO  impl.StateMachineUpdater (StateMachineUpdater.java:takeSnapshot(295)) - 5d91c0b9-cefc-489a-be2c-ee3cd3dcc3a0@group-030502AAF74F-StateMachineUpdater: Took a snapshot at index 0
2024-02-09 18:34:36,261 [5d91c0b9-cefc-489a-be2c-ee3cd3dcc3a0@group-030502AAF74F-StateMachineUpdater] INFO  impl.StateMachineUpdater (StateMachineUpdater.java:lambda$new$0(98)) - 5d91c0b9-cefc-489a-be2c-ee3cd3dcc3a0@group-030502AAF74F-StateMachineUpdater: snapshotIndex: updateIncreasingly -1 -> 0
2024-02-09 18:34:36,261 [5d91c0b9-cefc-489a-be2c-ee3cd3dcc3a0-impl-thread1] INFO  server.RaftServer$Division (ServerState.java:close(427)) - 5d91c0b9-cefc-489a-be2c-ee3cd3dcc3a0@group-ED1FEFC56E0B: applyIndex: 0
2024-02-09 18:34:36,261 [5d91c0b9-cefc-489a-be2c-ee3cd3dcc3a0-impl-thread2] INFO  server.RaftServer$Division (ServerState.java:close(427)) - 5d91c0b9-cefc-489a-be2c-ee3cd3dcc3a0@group-030502AAF74F: applyIndex: 0
2024-02-09 18:34:36,262 [92c5164c-1af2-4faa-850f-17550d8861d5-NettyServerStreamRpc-bossGroup--thread1] INFO  logging.LoggingHandler (AbstractInternalLogger.java:log(148)) - [id: 0xc91710c6, L:/0.0.0.0:15113] CLOSE
2024-02-09 18:34:36,262 [92c5164c-1af2-4faa-850f-17550d8861d5-NettyServerStreamRpc-bossGroup--thread1] INFO  logging.LoggingHandler (AbstractInternalLogger.java:log(148)) - [id: 0xc91710c6, L:/0.0.0.0:15113] INACTIVE
2024-02-09 18:34:36,262 [92c5164c-1af2-4faa-850f-17550d8861d5-NettyServerStreamRpc-bossGroup--thread1] INFO  logging.LoggingHandler (AbstractInternalLogger.java:log(148)) - [id: 0xc91710c6, L:/0.0.0.0:15113] UNREGISTERED
2024-02-09 18:34:36,265 [ForkJoinPool.commonPool-worker-1] INFO  server.GrpcService (GrpcService.java:closeImpl(320)) - 19714071-6985-4253-9bb3-86e59ac051d1: shutdown server GrpcServerProtocolService successfully
2024-02-09 18:34:36,265 [ForkJoinPool.commonPool-worker-1] INFO  server.GrpcService (GrpcService.java:closeImpl(311)) - 19714071-6985-4253-9bb3-86e59ac051d1: shutdown server org.apache.ratis.grpc.server.GrpcAdminProtocolService now
2024-02-09 18:34:36,265 [5d91c0b9-cefc-489a-be2c-ee3cd3dcc3a0@group-030502AAF74F-cacheEviction-AwaitToRun] INFO  util.AwaitToRun (AwaitToRun.java:run(49)) - 5d91c0b9-cefc-489a-be2c-ee3cd3dcc3a0@group-030502AAF74F-cacheEviction-AwaitToRun-AwaitForSignal is interrupted
2024-02-09 18:34:36,265 [5d91c0b9-cefc-489a-be2c-ee3cd3dcc3a0@group-ED1FEFC56E0B-cacheEviction-AwaitToRun] INFO  util.AwaitToRun (AwaitToRun.java:run(49)) - 5d91c0b9-cefc-489a-be2c-ee3cd3dcc3a0@group-ED1FEFC56E0B-cacheEviction-AwaitToRun-AwaitForSignal is interrupted
2024-02-09 18:34:36,266 [ForkJoinPool.commonPool-worker-0] INFO  server.GrpcService (GrpcService.java:closeImpl(320)) - a04b3fda-42d1-4ee5-9233-bf3df18c72ca: shutdown server GrpcServerProtocolService successfully
2024-02-09 18:34:36,266 [ForkJoinPool.commonPool-worker-0] INFO  server.GrpcService (GrpcService.java:closeImpl(311)) - a04b3fda-42d1-4ee5-9233-bf3df18c72ca: shutdown server org.apache.ratis.grpc.server.GrpcAdminProtocolService now
2024-02-09 18:34:36,271 [main] INFO  server.GrpcService (GrpcService.java:closeImpl(320)) - e0b7932e-07c7-4e56-8d6e-0757004eb8fd: shutdown server org.apache.ratis.grpc.server.GrpcAdminProtocolService successfully
2024-02-09 18:34:36,276 [ForkJoinPool.commonPool-worker-1] INFO  server.GrpcService (GrpcService.java:closeImpl(320)) - 19714071-6985-4253-9bb3-86e59ac051d1: shutdown server org.apache.ratis.grpc.server.GrpcAdminProtocolService successfully
2024-02-09 18:34:36,277 [ForkJoinPool.commonPool-worker-0] INFO  server.GrpcService (GrpcService.java:closeImpl(320)) - a04b3fda-42d1-4ee5-9233-bf3df18c72ca: shutdown server org.apache.ratis.grpc.server.GrpcAdminProtocolService successfully
2024-02-09 18:34:36,277 [ForkJoinPool.commonPool-worker-2] INFO  server.GrpcService (GrpcService.java:closeImpl(320)) - 5d91c0b9-cefc-489a-be2c-ee3cd3dcc3a0: shutdown server org.apache.ratis.grpc.server.GrpcClientProtocolService successfully
2024-02-09 18:34:36,277 [ForkJoinPool.commonPool-worker-2] INFO  server.GrpcService (GrpcService.java:closeImpl(311)) - 5d91c0b9-cefc-489a-be2c-ee3cd3dcc3a0: shutdown server GrpcServerProtocolService now
2024-02-09 18:34:36,278 [ForkJoinPool.commonPool-worker-2] INFO  server.GrpcService (GrpcService.java:closeImpl(320)) - 5d91c0b9-cefc-489a-be2c-ee3cd3dcc3a0: shutdown server GrpcServerProtocolService successfully
2024-02-09 18:34:36,278 [ForkJoinPool.commonPool-worker-2] INFO  server.GrpcService (GrpcService.java:closeImpl(311)) - 5d91c0b9-cefc-489a-be2c-ee3cd3dcc3a0: shutdown server org.apache.ratis.grpc.server.GrpcAdminProtocolService now
2024-02-09 18:34:36,279 [ForkJoinPool.commonPool-worker-2] INFO  server.GrpcService (GrpcService.java:closeImpl(320)) - 5d91c0b9-cefc-489a-be2c-ee3cd3dcc3a0: shutdown server org.apache.ratis.grpc.server.GrpcAdminProtocolService successfully
2024-02-09 18:34:36,283 [5d91c0b9-cefc-489a-be2c-ee3cd3dcc3a0-NettyServerStreamRpc-bossGroup--thread1] INFO  logging.LoggingHandler (AbstractInternalLogger.java:log(148)) - [id: 0x6ac843c2, L:/0.0.0.0:15104] CLOSE
2024-02-09 18:34:36,283 [5d91c0b9-cefc-489a-be2c-ee3cd3dcc3a0-NettyServerStreamRpc-bossGroup--thread1] INFO  logging.LoggingHandler (AbstractInternalLogger.java:log(148)) - [id: 0x6ac843c2, L:/0.0.0.0:15104] INACTIVE
2024-02-09 18:34:36,283 [5d91c0b9-cefc-489a-be2c-ee3cd3dcc3a0-NettyServerStreamRpc-bossGroup--thread1] INFO  logging.LoggingHandler (AbstractInternalLogger.java:log(148)) - [id: 0x6ac843c2, L:/0.0.0.0:15104] UNREGISTERED
2024-02-09 18:34:36,299 [a04b3fda-42d1-4ee5-9233-bf3df18c72ca-NettyServerStreamRpc-bossGroup--thread1] INFO  logging.LoggingHandler (AbstractInternalLogger.java:log(148)) - [id: 0xf9f553bc, L:/0.0.0.0:15176] CLOSE
2024-02-09 18:34:36,300 [a04b3fda-42d1-4ee5-9233-bf3df18c72ca-NettyServerStreamRpc-bossGroup--thread1] INFO  logging.LoggingHandler (AbstractInternalLogger.java:log(148)) - [id: 0xf9f553bc, L:/0.0.0.0:15176] INACTIVE
2024-02-09 18:34:36,300 [a04b3fda-42d1-4ee5-9233-bf3df18c72ca-NettyServerStreamRpc-bossGroup--thread1] INFO  logging.LoggingHandler (AbstractInternalLogger.java:log(148)) - [id: 0xf9f553bc, L:/0.0.0.0:15176] UNREGISTERED
2024-02-09 18:34:36,303 [19714071-6985-4253-9bb3-86e59ac051d1-NettyServerStreamRpc-bossGroup--thread1] INFO  logging.LoggingHandler (AbstractInternalLogger.java:log(148)) - [id: 0x123913a9, L:/0.0.0.0:15131] CLOSE
2024-02-09 18:34:36,304 [19714071-6985-4253-9bb3-86e59ac051d1-NettyServerStreamRpc-bossGroup--thread1] INFO  logging.LoggingHandler (AbstractInternalLogger.java:log(148)) - [id: 0x123913a9, L:/0.0.0.0:15131] INACTIVE
2024-02-09 18:34:36,304 [19714071-6985-4253-9bb3-86e59ac051d1-NettyServerStreamRpc-bossGroup--thread1] INFO  logging.LoggingHandler (AbstractInternalLogger.java:log(148)) - [id: 0x123913a9, L:/0.0.0.0:15131] UNREGISTERED
2024-02-09 18:34:36,304 [e0b7932e-07c7-4e56-8d6e-0757004eb8fd-NettyServerStreamRpc-bossGroup--thread1] INFO  logging.LoggingHandler (AbstractInternalLogger.java:log(148)) - [id: 0x9ddc4fdf, L:/0.0.0.0:15167] CLOSE
2024-02-09 18:34:36,304 [e0b7932e-07c7-4e56-8d6e-0757004eb8fd-NettyServerStreamRpc-bossGroup--thread1] INFO  logging.LoggingHandler (AbstractInternalLogger.java:log(148)) - [id: 0x9ddc4fdf, L:/0.0.0.0:15167] INACTIVE
2024-02-09 18:34:36,304 [e0b7932e-07c7-4e56-8d6e-0757004eb8fd-NettyServerStreamRpc-bossGroup--thread1] INFO  logging.LoggingHandler (AbstractInternalLogger.java:log(148)) - [id: 0x9ddc4fdf, L:/0.0.0.0:15167] UNREGISTERED
2024-02-09 18:34:36,318 [a04b3fda-42d1-4ee5-9233-bf3df18c72ca-impl-thread1] INFO  segmented.SegmentedRaftLogWorker (SegmentedRaftLogWorker.java:close(245)) - a04b3fda-42d1-4ee5-9233-bf3df18c72ca@group-149DDCC1E2E7-SegmentedRaftLogWorker close()
2024-02-09 18:34:36,594 [92c5164c-1af2-4faa-850f-17550d8861d5-impl-thread2] INFO  segmented.SegmentedRaftLogWorker (SegmentedRaftLogWorker.java:close(245)) - 92c5164c-1af2-4faa-850f-17550d8861d5@group-26729CAD3E72-SegmentedRaftLogWorker close()
2024-02-09 18:34:36,595 [5d91c0b9-cefc-489a-be2c-ee3cd3dcc3a0-impl-thread1] INFO  segmented.SegmentedRaftLogWorker (SegmentedRaftLogWorker.java:close(245)) - 5d91c0b9-cefc-489a-be2c-ee3cd3dcc3a0@group-ED1FEFC56E0B-SegmentedRaftLogWorker close()
2024-02-09 18:34:36,596 [6ea81ba3-4cc7-4d8f-90c6-66e0677302b1-impl-thread2] INFO  segmented.SegmentedRaftLogWorker (SegmentedRaftLogWorker.java:close(245)) - 6ea81ba3-4cc7-4d8f-90c6-66e0677302b1@group-030502AAF74F-SegmentedRaftLogWorker close()
2024-02-09 18:34:36,597 [92c5164c-1af2-4faa-850f-17550d8861d5-impl-thread1] INFO  segmented.SegmentedRaftLogWorker (SegmentedRaftLogWorker.java:close(245)) - 92c5164c-1af2-4faa-850f-17550d8861d5@group-030502AAF74F-SegmentedRaftLogWorker close()
2024-02-09 18:34:36,597 [5d91c0b9-cefc-489a-be2c-ee3cd3dcc3a0-impl-thread2] INFO  segmented.SegmentedRaftLogWorker (SegmentedRaftLogWorker.java:close(245)) - 5d91c0b9-cefc-489a-be2c-ee3cd3dcc3a0@group-030502AAF74F-SegmentedRaftLogWorker close()
2024-02-09 18:34:36,599 [JvmPauseMonitor14] INFO  util.JvmPauseMonitor (JvmPauseMonitor.java:run(152)) - JvmPauseMonitor-92c5164c-1af2-4faa-850f-17550d8861d5: Stopped
2024-02-09 18:34:36,599 [JvmPauseMonitor13] INFO  util.JvmPauseMonitor (JvmPauseMonitor.java:run(152)) - JvmPauseMonitor-5d91c0b9-cefc-489a-be2c-ee3cd3dcc3a0: Stopped
2024-02-09 18:34:36,678 [6ea81ba3-4cc7-4d8f-90c6-66e0677302b1-impl-thread1] INFO  segmented.SegmentedRaftLogWorker (SegmentedRaftLogWorker.java:close(245)) - 6ea81ba3-4cc7-4d8f-90c6-66e0677302b1@group-A0CB2781DB65-SegmentedRaftLogWorker close()
2024-02-09 18:34:36,679 [JvmPauseMonitor15] INFO  util.JvmPauseMonitor (JvmPauseMonitor.java:run(152)) - JvmPauseMonitor-6ea81ba3-4cc7-4d8f-90c6-66e0677302b1: Stopped
2024-02-09 18:34:36,740 [19714071-6985-4253-9bb3-86e59ac051d1-impl-thread1] INFO  segmented.SegmentedRaftLogWorker (SegmentedRaftLogWorker.java:close(245)) - 19714071-6985-4253-9bb3-86e59ac051d1@group-883661F076CC-SegmentedRaftLogWorker close()
2024-02-09 18:34:36,741 [JvmPauseMonitor16] INFO  util.JvmPauseMonitor (JvmPauseMonitor.java:run(152)) - JvmPauseMonitor-19714071-6985-4253-9bb3-86e59ac051d1: Stopped
2024-02-09 18:34:37,038 [e0b7932e-07c7-4e56-8d6e-0757004eb8fd-impl-thread1] INFO  segmented.SegmentedRaftLogWorker (SegmentedRaftLogWorker.java:close(245)) - e0b7932e-07c7-4e56-8d6e-0757004eb8fd@group-2CCA92768612-SegmentedRaftLogWorker close()
2024-02-09 18:34:37,057 [77dd9a00-e29a-4211-83f1-3973ef1a3290-impl-thread1] INFO  segmented.SegmentedRaftLogWorker (SegmentedRaftLogWorker.java:close(245)) - 77dd9a00-e29a-4211-83f1-3973ef1a3290@group-2CCA92768612-SegmentedRaftLogWorker close()
2024-02-09 18:34:37,058 [a04b3fda-42d1-4ee5-9233-bf3df18c72ca-impl-thread2] INFO  segmented.SegmentedRaftLogWorker (SegmentedRaftLogWorker.java:close(245)) - a04b3fda-42d1-4ee5-9233-bf3df18c72ca@group-2CCA92768612-SegmentedRaftLogWorker close()
2024-02-09 18:34:37,058 [JvmPauseMonitor21] INFO  util.JvmPauseMonitor (JvmPauseMonitor.java:run(152)) - JvmPauseMonitor-a04b3fda-42d1-4ee5-9233-bf3df18c72ca: Stopped
2024-02-09 18:34:37,129 [e0b7932e-07c7-4e56-8d6e-0757004eb8fd-impl-thread2] INFO  segmented.SegmentedRaftLogWorker (SegmentedRaftLogWorker.java:close(245)) - e0b7932e-07c7-4e56-8d6e-0757004eb8fd@group-E26969950B1E-SegmentedRaftLogWorker close()
2024-02-09 18:34:37,129 [JvmPauseMonitor20] INFO  util.JvmPauseMonitor (JvmPauseMonitor.java:run(152)) - JvmPauseMonitor-e0b7932e-07c7-4e56-8d6e-0757004eb8fd: Stopped
2024-02-09 18:34:37,147 [77dd9a00-e29a-4211-83f1-3973ef1a3290-impl-thread2] INFO  segmented.SegmentedRaftLogWorker (SegmentedRaftLogWorker.java:close(245)) - 77dd9a00-e29a-4211-83f1-3973ef1a3290@group-543108A04273-SegmentedRaftLogWorker close()
2024-02-09 18:34:37,147 [JvmPauseMonitor19] INFO  util.JvmPauseMonitor (JvmPauseMonitor.java:run(152)) - JvmPauseMonitor-77dd9a00-e29a-4211-83f1-3973ef1a3290: Stopped
2024-02-09 18:34:38,601 [ForkJoinPool.commonPool-worker-6] INFO  utils.DatanodeStoreCache (DatanodeStoreCache.java:shutdownCache(116)) - Skip clearing cache in mini cluster mode. Entries left: [/home/runner/work/ozone/ozone/hadoop-ozone/integration-test/target/test-dir/MiniOzoneClusterImpl-2e7e0147-493e-4f7b-8772-843c2731e345/datanode-0/data-0/containers/hdds/2e7e0147-493e-4f7b-8772-843c2731e345/DS-b635cdf8-c11d-4f52-91d9-924331fc4e69/container.db, /home/runner/work/ozone/ozone/hadoop-ozone/integration-test/target/test-dir/MiniOzoneClusterImpl-2e7e0147-493e-4f7b-8772-843c2731e345/datanode-1/data-0/containers/hdds/2e7e0147-493e-4f7b-8772-843c2731e345/DS-2835d456-cf97-4fa0-93cd-62ae07bf6818/container.db, /home/runner/work/ozone/ozone/hadoop-ozone/integration-test/target/test-dir/MiniOzoneClusterImpl-2e7e0147-493e-4f7b-8772-843c2731e345/datanode-2/data-0/containers/hdds/2e7e0147-493e-4f7b-8772-843c2731e345/DS-7d86a704-a2cc-4d3e-9fdd-0325a918a9a7/container.db, /home/runner/work/ozone/ozone/hadoop-ozone/integration-test/target/test-dir/MiniOzoneClusterImpl-2e7e0147-493e-4f7b-8772-843c2731e345/datanode-3/data-0/containers/hdds/2e7e0147-493e-4f7b-8772-843c2731e345/DS-588d54cd-1bdf-4f3f-8c70-4459ad3beb2a/container.db, /home/runner/work/ozone/ozone/hadoop-ozone/integration-test/target/test-dir/MiniOzoneClusterImpl-2e7e0147-493e-4f7b-8772-843c2731e345/datanode-6/data-0/containers/hdds/2e7e0147-493e-4f7b-8772-843c2731e345/DS-0f76a281-b172-4567-b7c1-d5d9266c8945/container.db, /home/runner/work/ozone/ozone/hadoop-ozone/integration-test/target/test-dir/MiniOzoneClusterImpl-2e7e0147-493e-4f7b-8772-843c2731e345/datanode-7/data-0/containers/hdds/2e7e0147-493e-4f7b-8772-843c2731e345/DS-bdb39d5a-806d-4425-8c25-04e6b17588e5/container.db, /home/runner/work/ozone/ozone/hadoop-ozone/integration-test/target/test-dir/MiniOzoneClusterImpl-2e7e0147-493e-4f7b-8772-843c2731e345/datanode-8/data-0/containers/hdds/2e7e0147-493e-4f7b-8772-843c2731e345/DS-fce2252b-f399-4382-8534-6693dfc0f75f/container.db]
2024-02-09 18:34:38,604 [ForkJoinPool.commonPool-worker-6] INFO  utils.DatanodeStoreCache (DatanodeStoreCache.java:removeDB(110)) - Removed db /home/runner/work/ozone/ozone/hadoop-ozone/integration-test/target/test-dir/MiniOzoneClusterImpl-2e7e0147-493e-4f7b-8772-843c2731e345/datanode-1/data-0/containers/hdds/2e7e0147-493e-4f7b-8772-843c2731e345/DS-2835d456-cf97-4fa0-93cd-62ae07bf6818/container.db from cache
2024-02-09 18:34:38,604 [ForkJoinPool.commonPool-worker-6] INFO  volume.HddsVolume (HddsVolume.java:closeDbStore(451)) - SchemaV3 db is stopped at /home/runner/work/ozone/ozone/hadoop-ozone/integration-test/target/test-dir/MiniOzoneClusterImpl-2e7e0147-493e-4f7b-8772-843c2731e345/datanode-1/data-0/containers/hdds/2e7e0147-493e-4f7b-8772-843c2731e345/DS-2835d456-cf97-4fa0-93cd-62ae07bf6818/container.db for volume DS-2835d456-cf97-4fa0-93cd-62ae07bf6818
2024-02-09 18:34:38,605 [ForkJoinPool.commonPool-worker-6] INFO  utils.BackgroundService (BackgroundService.java:shutdown(160)) - Shutting down service BlockDeletingService
2024-02-09 18:34:38,605 [ForkJoinPool.commonPool-worker-6] INFO  utils.BackgroundService (BackgroundService.java:shutdown(160)) - Shutting down service StaleRecoveringContainerScrubbingService
2024-02-09 18:34:38,606 [ForkJoinPool.commonPool-worker-6] INFO  statemachine.DatanodeStateMachine (DatanodeStateMachine.java:stopDaemon(638)) - Ozone container server stopped.
2024-02-09 18:34:38,606 [ForkJoinPool.commonPool-worker-2] INFO  utils.DatanodeStoreCache (DatanodeStoreCache.java:shutdownCache(116)) - Skip clearing cache in mini cluster mode. Entries left: [/home/runner/work/ozone/ozone/hadoop-ozone/integration-test/target/test-dir/MiniOzoneClusterImpl-2e7e0147-493e-4f7b-8772-843c2731e345/datanode-0/data-0/containers/hdds/2e7e0147-493e-4f7b-8772-843c2731e345/DS-b635cdf8-c11d-4f52-91d9-924331fc4e69/container.db, /home/runner/work/ozone/ozone/hadoop-ozone/integration-test/target/test-dir/MiniOzoneClusterImpl-2e7e0147-493e-4f7b-8772-843c2731e345/datanode-2/data-0/containers/hdds/2e7e0147-493e-4f7b-8772-843c2731e345/DS-7d86a704-a2cc-4d3e-9fdd-0325a918a9a7/container.db, /home/runner/work/ozone/ozone/hadoop-ozone/integration-test/target/test-dir/MiniOzoneClusterImpl-2e7e0147-493e-4f7b-8772-843c2731e345/datanode-3/data-0/containers/hdds/2e7e0147-493e-4f7b-8772-843c2731e345/DS-588d54cd-1bdf-4f3f-8c70-4459ad3beb2a/container.db, /home/runner/work/ozone/ozone/hadoop-ozone/integration-test/target/test-dir/MiniOzoneClusterImpl-2e7e0147-493e-4f7b-8772-843c2731e345/datanode-6/data-0/containers/hdds/2e7e0147-493e-4f7b-8772-843c2731e345/DS-0f76a281-b172-4567-b7c1-d5d9266c8945/container.db, /home/runner/work/ozone/ozone/hadoop-ozone/integration-test/target/test-dir/MiniOzoneClusterImpl-2e7e0147-493e-4f7b-8772-843c2731e345/datanode-7/data-0/containers/hdds/2e7e0147-493e-4f7b-8772-843c2731e345/DS-bdb39d5a-806d-4425-8c25-04e6b17588e5/container.db, /home/runner/work/ozone/ozone/hadoop-ozone/integration-test/target/test-dir/MiniOzoneClusterImpl-2e7e0147-493e-4f7b-8772-843c2731e345/datanode-8/data-0/containers/hdds/2e7e0147-493e-4f7b-8772-843c2731e345/DS-fce2252b-f399-4382-8534-6693dfc0f75f/container.db]
2024-02-09 18:34:38,608 [ForkJoinPool.commonPool-worker-6] INFO  handler.ContextHandler (ContextHandler.java:doStop(1159)) - Stopped o.e.j.w.WebAppContext@1d202648{hddsDatanode,/,null,STOPPED}{jar:file:/home/runner/.m2/repository/org/apache/ozone/hdds-container-service/1.5.0-SNAPSHOT/hdds-container-service-1.5.0-SNAPSHOT.jar!/webapps/hddsDatanode}
2024-02-09 18:34:38,610 [ForkJoinPool.commonPool-worker-6] INFO  server.AbstractConnector (AbstractConnector.java:doStop(383)) - Stopped ServerConnector@351e85fe{HTTP/1.1, (http/1.1)}{0.0.0.0:15107}
2024-02-09 18:34:38,610 [ForkJoinPool.commonPool-worker-6] INFO  server.session (HouseKeeper.java:stopScavenging(149)) - node0 Stopped scavenging
2024-02-09 18:34:38,610 [ForkJoinPool.commonPool-worker-2] INFO  utils.DatanodeStoreCache (DatanodeStoreCache.java:removeDB(110)) - Removed db /home/runner/work/ozone/ozone/hadoop-ozone/integration-test/target/test-dir/MiniOzoneClusterImpl-2e7e0147-493e-4f7b-8772-843c2731e345/datanode-0/data-0/containers/hdds/2e7e0147-493e-4f7b-8772-843c2731e345/DS-b635cdf8-c11d-4f52-91d9-924331fc4e69/container.db from cache
2024-02-09 18:34:38,612 [ForkJoinPool.commonPool-worker-2] INFO  volume.HddsVolume (HddsVolume.java:closeDbStore(451)) - SchemaV3 db is stopped at /home/runner/work/ozone/ozone/hadoop-ozone/integration-test/target/test-dir/MiniOzoneClusterImpl-2e7e0147-493e-4f7b-8772-843c2731e345/datanode-0/data-0/containers/hdds/2e7e0147-493e-4f7b-8772-843c2731e345/DS-b635cdf8-c11d-4f52-91d9-924331fc4e69/container.db for volume DS-b635cdf8-c11d-4f52-91d9-924331fc4e69
2024-02-09 18:34:38,612 [ForkJoinPool.commonPool-worker-6] INFO  handler.ContextHandler (ContextHandler.java:doStop(1159)) - Stopped o.e.j.s.ServletContextHandler@44812f3e{static,/static,jar:file:/home/runner/.m2/repository/org/apache/ozone/hdds-container-service/1.5.0-SNAPSHOT/hdds-container-service-1.5.0-SNAPSHOT.jar!/webapps/static,STOPPED}
2024-02-09 18:34:38,612 [ForkJoinPool.commonPool-worker-2] INFO  utils.BackgroundService (BackgroundService.java:shutdown(160)) - Shutting down service BlockDeletingService
2024-02-09 18:34:38,613 [ForkJoinPool.commonPool-worker-6] INFO  handler.ContextHandler (ContextHandler.java:doStop(1159)) - Stopped o.e.j.s.ServletContextHandler@63b4cae3{logs,/logs,file:///home/runner/work/ozone/ozone/hadoop-ozone/integration-test/target/log,STOPPED}
2024-02-09 18:34:38,613 [ForkJoinPool.commonPool-worker-2] INFO  utils.BackgroundService (BackgroundService.java:shutdown(160)) - Shutting down service StaleRecoveringContainerScrubbingService
2024-02-09 18:34:38,613 [ForkJoinPool.commonPool-worker-6] INFO  ozone.HddsDatanodeClientProtocolServer (HddsDatanodeClientProtocolServer.java:stop(78)) - Stopping the RPC server for Client Protocol
2024-02-09 18:34:38,615 [ForkJoinPool.commonPool-worker-6] INFO  ipc.Server (Server.java:stop(3523)) - Stopping server on 15108
2024-02-09 18:34:38,615 [ForkJoinPool.commonPool-worker-2] INFO  statemachine.DatanodeStateMachine (DatanodeStateMachine.java:stopDaemon(638)) - Ozone container server stopped.
2024-02-09 18:34:38,616 [IPC Server Responder] INFO  ipc.Server (Server.java:run(1567)) - Stopping IPC Server Responder
2024-02-09 18:34:38,617 [IPC Server listener on 15108] INFO  ipc.Server (Server.java:run(1434)) - Stopping IPC Server listener on 15108
2024-02-09 18:34:38,618 [ForkJoinPool.commonPool-worker-2] INFO  handler.ContextHandler (ContextHandler.java:doStop(1159)) - Stopped o.e.j.w.WebAppContext@7fea8b42{hddsDatanode,/,null,STOPPED}{jar:file:/home/runner/.m2/repository/org/apache/ozone/hdds-container-service/1.5.0-SNAPSHOT/hdds-container-service-1.5.0-SNAPSHOT.jar!/webapps/hddsDatanode}
2024-02-09 18:34:38,619 [ForkJoinPool.commonPool-worker-2] INFO  server.AbstractConnector (AbstractConnector.java:doStop(383)) - Stopped ServerConnector@232f6e23{HTTP/1.1, (http/1.1)}{0.0.0.0:15098}
2024-02-09 18:34:38,619 [ForkJoinPool.commonPool-worker-2] INFO  server.session (HouseKeeper.java:stopScavenging(149)) - node0 Stopped scavenging
2024-02-09 18:34:38,619 [ForkJoinPool.commonPool-worker-2] INFO  handler.ContextHandler (ContextHandler.java:doStop(1159)) - Stopped o.e.j.s.ServletContextHandler@1f5fe9d1{static,/static,jar:file:/home/runner/.m2/repository/org/apache/ozone/hdds-container-service/1.5.0-SNAPSHOT/hdds-container-service-1.5.0-SNAPSHOT.jar!/webapps/static,STOPPED}
2024-02-09 18:34:38,619 [ForkJoinPool.commonPool-worker-2] INFO  handler.ContextHandler (ContextHandler.java:doStop(1159)) - Stopped o.e.j.s.ServletContextHandler@29edafb8{logs,/logs,file:///home/runner/work/ozone/ozone/hadoop-ozone/integration-test/target/log,STOPPED}
2024-02-09 18:34:38,620 [ForkJoinPool.commonPool-worker-2] INFO  ozone.HddsDatanodeClientProtocolServer (HddsDatanodeClientProtocolServer.java:stop(78)) - Stopping the RPC server for Client Protocol
2024-02-09 18:34:38,620 [ForkJoinPool.commonPool-worker-2] INFO  ipc.Server (Server.java:stop(3523)) - Stopping server on 15099
2024-02-09 18:34:38,621 [IPC Server listener on 15099] INFO  ipc.Server (Server.java:run(1434)) - Stopping IPC Server listener on 15099
2024-02-09 18:34:38,621 [IPC Server Responder] INFO  ipc.Server (Server.java:run(1567)) - Stopping IPC Server Responder
2024-02-09 18:34:38,681 [ForkJoinPool.commonPool-worker-5] INFO  utils.DatanodeStoreCache (DatanodeStoreCache.java:shutdownCache(116)) - Skip clearing cache in mini cluster mode. Entries left: [/home/runner/work/ozone/ozone/hadoop-ozone/integration-test/target/test-dir/MiniOzoneClusterImpl-2e7e0147-493e-4f7b-8772-843c2731e345/datanode-2/data-0/containers/hdds/2e7e0147-493e-4f7b-8772-843c2731e345/DS-7d86a704-a2cc-4d3e-9fdd-0325a918a9a7/container.db, /home/runner/work/ozone/ozone/hadoop-ozone/integration-test/target/test-dir/MiniOzoneClusterImpl-2e7e0147-493e-4f7b-8772-843c2731e345/datanode-3/data-0/containers/hdds/2e7e0147-493e-4f7b-8772-843c2731e345/DS-588d54cd-1bdf-4f3f-8c70-4459ad3beb2a/container.db, /home/runner/work/ozone/ozone/hadoop-ozone/integration-test/target/test-dir/MiniOzoneClusterImpl-2e7e0147-493e-4f7b-8772-843c2731e345/datanode-6/data-0/containers/hdds/2e7e0147-493e-4f7b-8772-843c2731e345/DS-0f76a281-b172-4567-b7c1-d5d9266c8945/container.db, /home/runner/work/ozone/ozone/hadoop-ozone/integration-test/target/test-dir/MiniOzoneClusterImpl-2e7e0147-493e-4f7b-8772-843c2731e345/datanode-7/data-0/containers/hdds/2e7e0147-493e-4f7b-8772-843c2731e345/DS-bdb39d5a-806d-4425-8c25-04e6b17588e5/container.db, /home/runner/work/ozone/ozone/hadoop-ozone/integration-test/target/test-dir/MiniOzoneClusterImpl-2e7e0147-493e-4f7b-8772-843c2731e345/datanode-8/data-0/containers/hdds/2e7e0147-493e-4f7b-8772-843c2731e345/DS-fce2252b-f399-4382-8534-6693dfc0f75f/container.db]
2024-02-09 18:34:38,684 [ForkJoinPool.commonPool-worker-5] INFO  utils.DatanodeStoreCache (DatanodeStoreCache.java:removeDB(110)) - Removed db /home/runner/work/ozone/ozone/hadoop-ozone/integration-test/target/test-dir/MiniOzoneClusterImpl-2e7e0147-493e-4f7b-8772-843c2731e345/datanode-2/data-0/containers/hdds/2e7e0147-493e-4f7b-8772-843c2731e345/DS-7d86a704-a2cc-4d3e-9fdd-0325a918a9a7/container.db from cache
2024-02-09 18:34:38,684 [ForkJoinPool.commonPool-worker-5] INFO  volume.HddsVolume (HddsVolume.java:closeDbStore(451)) - SchemaV3 db is stopped at /home/runner/work/ozone/ozone/hadoop-ozone/integration-test/target/test-dir/MiniOzoneClusterImpl-2e7e0147-493e-4f7b-8772-843c2731e345/datanode-2/data-0/containers/hdds/2e7e0147-493e-4f7b-8772-843c2731e345/DS-7d86a704-a2cc-4d3e-9fdd-0325a918a9a7/container.db for volume DS-7d86a704-a2cc-4d3e-9fdd-0325a918a9a7
2024-02-09 18:34:38,685 [ForkJoinPool.commonPool-worker-5] INFO  utils.BackgroundService (BackgroundService.java:shutdown(160)) - Shutting down service BlockDeletingService
2024-02-09 18:34:38,685 [ForkJoinPool.commonPool-worker-5] INFO  utils.BackgroundService (BackgroundService.java:shutdown(160)) - Shutting down service StaleRecoveringContainerScrubbingService
2024-02-09 18:34:38,685 [ForkJoinPool.commonPool-worker-5] INFO  statemachine.DatanodeStateMachine (DatanodeStateMachine.java:stopDaemon(638)) - Ozone container server stopped.
2024-02-09 18:34:38,686 [ForkJoinPool.commonPool-worker-5] INFO  handler.ContextHandler (ContextHandler.java:doStop(1159)) - Stopped o.e.j.w.WebAppContext@674982c3{hddsDatanode,/,null,STOPPED}{jar:file:/home/runner/.m2/repository/org/apache/ozone/hdds-container-service/1.5.0-SNAPSHOT/hdds-container-service-1.5.0-SNAPSHOT.jar!/webapps/hddsDatanode}
2024-02-09 18:34:38,687 [ForkJoinPool.commonPool-worker-5] INFO  server.AbstractConnector (AbstractConnector.java:doStop(383)) - Stopped ServerConnector@31a818d4{HTTP/1.1, (http/1.1)}{0.0.0.0:15116}
2024-02-09 18:34:38,687 [ForkJoinPool.commonPool-worker-5] INFO  server.session (HouseKeeper.java:stopScavenging(149)) - node0 Stopped scavenging
2024-02-09 18:34:38,687 [ForkJoinPool.commonPool-worker-5] INFO  handler.ContextHandler (ContextHandler.java:doStop(1159)) - Stopped o.e.j.s.ServletContextHandler@2329f146{static,/static,jar:file:/home/runner/.m2/repository/org/apache/ozone/hdds-container-service/1.5.0-SNAPSHOT/hdds-container-service-1.5.0-SNAPSHOT.jar!/webapps/static,STOPPED}
2024-02-09 18:34:38,687 [ForkJoinPool.commonPool-worker-5] INFO  handler.ContextHandler (ContextHandler.java:doStop(1159)) - Stopped o.e.j.s.ServletContextHandler@5d678b8{logs,/logs,file:///home/runner/work/ozone/ozone/hadoop-ozone/integration-test/target/log,STOPPED}
2024-02-09 18:34:38,687 [ForkJoinPool.commonPool-worker-5] INFO  ozone.HddsDatanodeClientProtocolServer (HddsDatanodeClientProtocolServer.java:stop(78)) - Stopping the RPC server for Client Protocol
2024-02-09 18:34:38,688 [ForkJoinPool.commonPool-worker-5] INFO  ipc.Server (Server.java:stop(3523)) - Stopping server on 15117
2024-02-09 18:34:38,689 [IPC Server Responder] INFO  ipc.Server (Server.java:run(1567)) - Stopping IPC Server Responder
2024-02-09 18:34:38,689 [IPC Server listener on 15117] INFO  ipc.Server (Server.java:run(1434)) - Stopping IPC Server listener on 15117
2024-02-09 18:34:38,742 [ForkJoinPool.commonPool-worker-1] INFO  utils.DatanodeStoreCache (DatanodeStoreCache.java:shutdownCache(116)) - Skip clearing cache in mini cluster mode. Entries left: [/home/runner/work/ozone/ozone/hadoop-ozone/integration-test/target/test-dir/MiniOzoneClusterImpl-2e7e0147-493e-4f7b-8772-843c2731e345/datanode-3/data-0/containers/hdds/2e7e0147-493e-4f7b-8772-843c2731e345/DS-588d54cd-1bdf-4f3f-8c70-4459ad3beb2a/container.db, /home/runner/work/ozone/ozone/hadoop-ozone/integration-test/target/test-dir/MiniOzoneClusterImpl-2e7e0147-493e-4f7b-8772-843c2731e345/datanode-6/data-0/containers/hdds/2e7e0147-493e-4f7b-8772-843c2731e345/DS-0f76a281-b172-4567-b7c1-d5d9266c8945/container.db, /home/runner/work/ozone/ozone/hadoop-ozone/integration-test/target/test-dir/MiniOzoneClusterImpl-2e7e0147-493e-4f7b-8772-843c2731e345/datanode-7/data-0/containers/hdds/2e7e0147-493e-4f7b-8772-843c2731e345/DS-bdb39d5a-806d-4425-8c25-04e6b17588e5/container.db, /home/runner/work/ozone/ozone/hadoop-ozone/integration-test/target/test-dir/MiniOzoneClusterImpl-2e7e0147-493e-4f7b-8772-843c2731e345/datanode-8/data-0/containers/hdds/2e7e0147-493e-4f7b-8772-843c2731e345/DS-fce2252b-f399-4382-8534-6693dfc0f75f/container.db]
2024-02-09 18:34:38,743 [ForkJoinPool.commonPool-worker-1] INFO  utils.DatanodeStoreCache (DatanodeStoreCache.java:removeDB(110)) - Removed db /home/runner/work/ozone/ozone/hadoop-ozone/integration-test/target/test-dir/MiniOzoneClusterImpl-2e7e0147-493e-4f7b-8772-843c2731e345/datanode-3/data-0/containers/hdds/2e7e0147-493e-4f7b-8772-843c2731e345/DS-588d54cd-1bdf-4f3f-8c70-4459ad3beb2a/container.db from cache
2024-02-09 18:34:38,744 [ForkJoinPool.commonPool-worker-1] INFO  volume.HddsVolume (HddsVolume.java:closeDbStore(451)) - SchemaV3 db is stopped at /home/runner/work/ozone/ozone/hadoop-ozone/integration-test/target/test-dir/MiniOzoneClusterImpl-2e7e0147-493e-4f7b-8772-843c2731e345/datanode-3/data-0/containers/hdds/2e7e0147-493e-4f7b-8772-843c2731e345/DS-588d54cd-1bdf-4f3f-8c70-4459ad3beb2a/container.db for volume DS-588d54cd-1bdf-4f3f-8c70-4459ad3beb2a
2024-02-09 18:34:38,745 [ForkJoinPool.commonPool-worker-1] INFO  utils.BackgroundService (BackgroundService.java:shutdown(160)) - Shutting down service BlockDeletingService
2024-02-09 18:34:38,745 [ForkJoinPool.commonPool-worker-1] INFO  utils.BackgroundService (BackgroundService.java:shutdown(160)) - Shutting down service StaleRecoveringContainerScrubbingService
2024-02-09 18:34:38,745 [ForkJoinPool.commonPool-worker-1] INFO  statemachine.DatanodeStateMachine (DatanodeStateMachine.java:stopDaemon(638)) - Ozone container server stopped.
2024-02-09 18:34:38,747 [ForkJoinPool.commonPool-worker-1] INFO  handler.ContextHandler (ContextHandler.java:doStop(1159)) - Stopped o.e.j.w.WebAppContext@27225e83{hddsDatanode,/,null,STOPPED}{jar:file:/home/runner/.m2/repository/org/apache/ozone/hdds-container-service/1.5.0-SNAPSHOT/hdds-container-service-1.5.0-SNAPSHOT.jar!/webapps/hddsDatanode}
2024-02-09 18:34:38,747 [ForkJoinPool.commonPool-worker-1] INFO  server.AbstractConnector (AbstractConnector.java:doStop(383)) - Stopped ServerConnector@3ec0ea1c{HTTP/1.1, (http/1.1)}{0.0.0.0:15125}
2024-02-09 18:34:38,747 [ForkJoinPool.commonPool-worker-1] INFO  server.session (HouseKeeper.java:stopScavenging(149)) - node0 Stopped scavenging
2024-02-09 18:34:38,747 [ForkJoinPool.commonPool-worker-1] INFO  handler.ContextHandler (ContextHandler.java:doStop(1159)) - Stopped o.e.j.s.ServletContextHandler@2662e9f1{static,/static,jar:file:/home/runner/.m2/repository/org/apache/ozone/hdds-container-service/1.5.0-SNAPSHOT/hdds-container-service-1.5.0-SNAPSHOT.jar!/webapps/static,STOPPED}
2024-02-09 18:34:38,748 [ForkJoinPool.commonPool-worker-1] INFO  handler.ContextHandler (ContextHandler.java:doStop(1159)) - Stopped o.e.j.s.ServletContextHandler@7ce79563{logs,/logs,file:///home/runner/work/ozone/ozone/hadoop-ozone/integration-test/target/log,STOPPED}
2024-02-09 18:34:38,752 [ForkJoinPool.commonPool-worker-1] INFO  ozone.HddsDatanodeClientProtocolServer (HddsDatanodeClientProtocolServer.java:stop(78)) - Stopping the RPC server for Client Protocol
2024-02-09 18:34:38,752 [ForkJoinPool.commonPool-worker-1] INFO  ipc.Server (Server.java:stop(3523)) - Stopping server on 15126
2024-02-09 18:34:38,753 [IPC Server Responder] INFO  ipc.Server (Server.java:run(1567)) - Stopping IPC Server Responder
2024-02-09 18:34:38,753 [IPC Server listener on 15126] INFO  ipc.Server (Server.java:run(1434)) - Stopping IPC Server listener on 15126
2024-02-09 18:34:39,060 [ForkJoinPool.commonPool-worker-0] INFO  utils.DatanodeStoreCache (DatanodeStoreCache.java:shutdownCache(116)) - Skip clearing cache in mini cluster mode. Entries left: [/home/runner/work/ozone/ozone/hadoop-ozone/integration-test/target/test-dir/MiniOzoneClusterImpl-2e7e0147-493e-4f7b-8772-843c2731e345/datanode-6/data-0/containers/hdds/2e7e0147-493e-4f7b-8772-843c2731e345/DS-0f76a281-b172-4567-b7c1-d5d9266c8945/container.db, /home/runner/work/ozone/ozone/hadoop-ozone/integration-test/target/test-dir/MiniOzoneClusterImpl-2e7e0147-493e-4f7b-8772-843c2731e345/datanode-7/data-0/containers/hdds/2e7e0147-493e-4f7b-8772-843c2731e345/DS-bdb39d5a-806d-4425-8c25-04e6b17588e5/container.db, /home/runner/work/ozone/ozone/hadoop-ozone/integration-test/target/test-dir/MiniOzoneClusterImpl-2e7e0147-493e-4f7b-8772-843c2731e345/datanode-8/data-0/containers/hdds/2e7e0147-493e-4f7b-8772-843c2731e345/DS-fce2252b-f399-4382-8534-6693dfc0f75f/container.db]
2024-02-09 18:34:39,061 [ForkJoinPool.commonPool-worker-0] INFO  utils.DatanodeStoreCache (DatanodeStoreCache.java:removeDB(110)) - Removed db /home/runner/work/ozone/ozone/hadoop-ozone/integration-test/target/test-dir/MiniOzoneClusterImpl-2e7e0147-493e-4f7b-8772-843c2731e345/datanode-8/data-0/containers/hdds/2e7e0147-493e-4f7b-8772-843c2731e345/DS-fce2252b-f399-4382-8534-6693dfc0f75f/container.db from cache
2024-02-09 18:34:39,061 [ForkJoinPool.commonPool-worker-0] INFO  volume.HddsVolume (HddsVolume.java:closeDbStore(451)) - SchemaV3 db is stopped at /home/runner/work/ozone/ozone/hadoop-ozone/integration-test/target/test-dir/MiniOzoneClusterImpl-2e7e0147-493e-4f7b-8772-843c2731e345/datanode-8/data-0/containers/hdds/2e7e0147-493e-4f7b-8772-843c2731e345/DS-fce2252b-f399-4382-8534-6693dfc0f75f/container.db for volume DS-fce2252b-f399-4382-8534-6693dfc0f75f
2024-02-09 18:34:39,061 [ForkJoinPool.commonPool-worker-0] INFO  utils.BackgroundService (BackgroundService.java:shutdown(160)) - Shutting down service BlockDeletingService
2024-02-09 18:34:39,061 [ForkJoinPool.commonPool-worker-0] INFO  utils.BackgroundService (BackgroundService.java:shutdown(160)) - Shutting down service StaleRecoveringContainerScrubbingService
2024-02-09 18:34:39,061 [ForkJoinPool.commonPool-worker-0] INFO  statemachine.DatanodeStateMachine (DatanodeStateMachine.java:stopDaemon(638)) - Ozone container server stopped.
2024-02-09 18:34:39,064 [ForkJoinPool.commonPool-worker-0] INFO  handler.ContextHandler (ContextHandler.java:doStop(1159)) - Stopped o.e.j.w.WebAppContext@7d20558e{hddsDatanode,/,null,STOPPED}{jar:file:/home/runner/.m2/repository/org/apache/ozone/hdds-container-service/1.5.0-SNAPSHOT/hdds-container-service-1.5.0-SNAPSHOT.jar!/webapps/hddsDatanode}
2024-02-09 18:34:39,065 [ForkJoinPool.commonPool-worker-0] INFO  server.AbstractConnector (AbstractConnector.java:doStop(383)) - Stopped ServerConnector@1225750a{HTTP/1.1, (http/1.1)}{0.0.0.0:15170}
2024-02-09 18:34:39,065 [ForkJoinPool.commonPool-worker-0] INFO  server.session (HouseKeeper.java:stopScavenging(149)) - node0 Stopped scavenging
2024-02-09 18:34:39,065 [ForkJoinPool.commonPool-worker-0] INFO  handler.ContextHandler (ContextHandler.java:doStop(1159)) - Stopped o.e.j.s.ServletContextHandler@13c8033b{static,/static,jar:file:/home/runner/.m2/repository/org/apache/ozone/hdds-container-service/1.5.0-SNAPSHOT/hdds-container-service-1.5.0-SNAPSHOT.jar!/webapps/static,STOPPED}
2024-02-09 18:34:39,065 [ForkJoinPool.commonPool-worker-0] INFO  handler.ContextHandler (ContextHandler.java:doStop(1159)) - Stopped o.e.j.s.ServletContextHandler@46283e50{logs,/logs,file:///home/runner/work/ozone/ozone/hadoop-ozone/integration-test/target/log,STOPPED}
2024-02-09 18:34:39,066 [ForkJoinPool.commonPool-worker-0] INFO  ozone.HddsDatanodeClientProtocolServer (HddsDatanodeClientProtocolServer.java:stop(78)) - Stopping the RPC server for Client Protocol
2024-02-09 18:34:39,066 [ForkJoinPool.commonPool-worker-0] INFO  ipc.Server (Server.java:stop(3523)) - Stopping server on 15171
2024-02-09 18:34:39,069 [IPC Server listener on 15171] INFO  ipc.Server (Server.java:run(1434)) - Stopping IPC Server listener on 15171
2024-02-09 18:34:39,069 [IPC Server Responder] INFO  ipc.Server (Server.java:run(1567)) - Stopping IPC Server Responder
2024-02-09 18:34:39,131 [main] INFO  utils.DatanodeStoreCache (DatanodeStoreCache.java:shutdownCache(116)) - Skip clearing cache in mini cluster mode. Entries left: [/home/runner/work/ozone/ozone/hadoop-ozone/integration-test/target/test-dir/MiniOzoneClusterImpl-2e7e0147-493e-4f7b-8772-843c2731e345/datanode-6/data-0/containers/hdds/2e7e0147-493e-4f7b-8772-843c2731e345/DS-0f76a281-b172-4567-b7c1-d5d9266c8945/container.db, /home/runner/work/ozone/ozone/hadoop-ozone/integration-test/target/test-dir/MiniOzoneClusterImpl-2e7e0147-493e-4f7b-8772-843c2731e345/datanode-7/data-0/containers/hdds/2e7e0147-493e-4f7b-8772-843c2731e345/DS-bdb39d5a-806d-4425-8c25-04e6b17588e5/container.db]
2024-02-09 18:34:39,132 [main] INFO  utils.DatanodeStoreCache (DatanodeStoreCache.java:removeDB(110)) - Removed db /home/runner/work/ozone/ozone/hadoop-ozone/integration-test/target/test-dir/MiniOzoneClusterImpl-2e7e0147-493e-4f7b-8772-843c2731e345/datanode-7/data-0/containers/hdds/2e7e0147-493e-4f7b-8772-843c2731e345/DS-bdb39d5a-806d-4425-8c25-04e6b17588e5/container.db from cache
2024-02-09 18:34:39,133 [main] INFO  volume.HddsVolume (HddsVolume.java:closeDbStore(451)) - SchemaV3 db is stopped at /home/runner/work/ozone/ozone/hadoop-ozone/integration-test/target/test-dir/MiniOzoneClusterImpl-2e7e0147-493e-4f7b-8772-843c2731e345/datanode-7/data-0/containers/hdds/2e7e0147-493e-4f7b-8772-843c2731e345/DS-bdb39d5a-806d-4425-8c25-04e6b17588e5/container.db for volume DS-bdb39d5a-806d-4425-8c25-04e6b17588e5
2024-02-09 18:34:39,133 [main] INFO  utils.BackgroundService (BackgroundService.java:shutdown(160)) - Shutting down service BlockDeletingService
2024-02-09 18:34:39,133 [main] INFO  utils.BackgroundService (BackgroundService.java:shutdown(160)) - Shutting down service StaleRecoveringContainerScrubbingService
2024-02-09 18:34:39,134 [main] INFO  statemachine.DatanodeStateMachine (DatanodeStateMachine.java:stopDaemon(638)) - Ozone container server stopped.
2024-02-09 18:34:39,135 [main] INFO  handler.ContextHandler (ContextHandler.java:doStop(1159)) - Stopped o.e.j.w.WebAppContext@2519a7d1{hddsDatanode,/,null,STOPPED}{jar:file:/home/runner/.m2/repository/org/apache/ozone/hdds-container-service/1.5.0-SNAPSHOT/hdds-container-service-1.5.0-SNAPSHOT.jar!/webapps/hddsDatanode}
2024-02-09 18:34:39,135 [main] INFO  server.AbstractConnector (AbstractConnector.java:doStop(383)) - Stopped ServerConnector@5bdf1de9{HTTP/1.1, (http/1.1)}{0.0.0.0:15161}
2024-02-09 18:34:39,136 [main] INFO  server.session (HouseKeeper.java:stopScavenging(149)) - node0 Stopped scavenging
2024-02-09 18:34:39,136 [main] INFO  handler.ContextHandler (ContextHandler.java:doStop(1159)) - Stopped o.e.j.s.ServletContextHandler@b5a0626{static,/static,jar:file:/home/runner/.m2/repository/org/apache/ozone/hdds-container-service/1.5.0-SNAPSHOT/hdds-container-service-1.5.0-SNAPSHOT.jar!/webapps/static,STOPPED}
2024-02-09 18:34:39,136 [main] INFO  handler.ContextHandler (ContextHandler.java:doStop(1159)) - Stopped o.e.j.s.ServletContextHandler@27aab166{logs,/logs,file:///home/runner/work/ozone/ozone/hadoop-ozone/integration-test/target/log,STOPPED}
2024-02-09 18:34:39,137 [main] INFO  ozone.HddsDatanodeClientProtocolServer (HddsDatanodeClientProtocolServer.java:stop(78)) - Stopping the RPC server for Client Protocol
2024-02-09 18:34:39,137 [main] INFO  ipc.Server (Server.java:stop(3523)) - Stopping server on 15162
2024-02-09 18:34:39,137 [IPC Server Responder] INFO  ipc.Server (Server.java:run(1567)) - Stopping IPC Server Responder
2024-02-09 18:34:39,137 [IPC Server listener on 15162] INFO  ipc.Server (Server.java:run(1434)) - Stopping IPC Server listener on 15162
2024-02-09 18:34:39,149 [ForkJoinPool.commonPool-worker-7] INFO  utils.DatanodeStoreCache (DatanodeStoreCache.java:shutdownCache(116)) - Skip clearing cache in mini cluster mode. Entries left: [/home/runner/work/ozone/ozone/hadoop-ozone/integration-test/target/test-dir/MiniOzoneClusterImpl-2e7e0147-493e-4f7b-8772-843c2731e345/datanode-6/data-0/containers/hdds/2e7e0147-493e-4f7b-8772-843c2731e345/DS-0f76a281-b172-4567-b7c1-d5d9266c8945/container.db]
2024-02-09 18:34:39,150 [ForkJoinPool.commonPool-worker-7] INFO  utils.DatanodeStoreCache (DatanodeStoreCache.java:removeDB(110)) - Removed db /home/runner/work/ozone/ozone/hadoop-ozone/integration-test/target/test-dir/MiniOzoneClusterImpl-2e7e0147-493e-4f7b-8772-843c2731e345/datanode-6/data-0/containers/hdds/2e7e0147-493e-4f7b-8772-843c2731e345/DS-0f76a281-b172-4567-b7c1-d5d9266c8945/container.db from cache
2024-02-09 18:34:39,150 [ForkJoinPool.commonPool-worker-7] INFO  volume.HddsVolume (HddsVolume.java:closeDbStore(451)) - SchemaV3 db is stopped at /home/runner/work/ozone/ozone/hadoop-ozone/integration-test/target/test-dir/MiniOzoneClusterImpl-2e7e0147-493e-4f7b-8772-843c2731e345/datanode-6/data-0/containers/hdds/2e7e0147-493e-4f7b-8772-843c2731e345/DS-0f76a281-b172-4567-b7c1-d5d9266c8945/container.db for volume DS-0f76a281-b172-4567-b7c1-d5d9266c8945
2024-02-09 18:34:39,150 [ForkJoinPool.commonPool-worker-7] INFO  utils.BackgroundService (BackgroundService.java:shutdown(160)) - Shutting down service BlockDeletingService
2024-02-09 18:34:39,150 [ForkJoinPool.commonPool-worker-7] INFO  utils.BackgroundService (BackgroundService.java:shutdown(160)) - Shutting down service StaleRecoveringContainerScrubbingService
2024-02-09 18:34:39,150 [ForkJoinPool.commonPool-worker-7] INFO  statemachine.DatanodeStateMachine (DatanodeStateMachine.java:stopDaemon(638)) - Ozone container server stopped.
2024-02-09 18:34:39,151 [ForkJoinPool.commonPool-worker-7] INFO  handler.ContextHandler (ContextHandler.java:doStop(1159)) - Stopped o.e.j.w.WebAppContext@64da162d{hddsDatanode,/,null,STOPPED}{jar:file:/home/runner/.m2/repository/org/apache/ozone/hdds-container-service/1.5.0-SNAPSHOT/hdds-container-service-1.5.0-SNAPSHOT.jar!/webapps/hddsDatanode}
2024-02-09 18:34:39,152 [ForkJoinPool.commonPool-worker-7] INFO  server.AbstractConnector (AbstractConnector.java:doStop(383)) - Stopped ServerConnector@5f61b22e{HTTP/1.1, (http/1.1)}{0.0.0.0:15152}
2024-02-09 18:34:39,152 [ForkJoinPool.commonPool-worker-7] INFO  server.session (HouseKeeper.java:stopScavenging(149)) - node0 Stopped scavenging
2024-02-09 18:34:39,152 [ForkJoinPool.commonPool-worker-7] INFO  handler.ContextHandler (ContextHandler.java:doStop(1159)) - Stopped o.e.j.s.ServletContextHandler@61ea5a2f{static,/static,jar:file:/home/runner/.m2/repository/org/apache/ozone/hdds-container-service/1.5.0-SNAPSHOT/hdds-container-service-1.5.0-SNAPSHOT.jar!/webapps/static,STOPPED}
2024-02-09 18:34:39,152 [ForkJoinPool.commonPool-worker-7] INFO  handler.ContextHandler (ContextHandler.java:doStop(1159)) - Stopped o.e.j.s.ServletContextHandler@34067e25{logs,/logs,file:///home/runner/work/ozone/ozone/hadoop-ozone/integration-test/target/log,STOPPED}
2024-02-09 18:34:39,152 [ForkJoinPool.commonPool-worker-7] INFO  ozone.HddsDatanodeClientProtocolServer (HddsDatanodeClientProtocolServer.java:stop(78)) - Stopping the RPC server for Client Protocol
2024-02-09 18:34:39,154 [ForkJoinPool.commonPool-worker-7] INFO  ipc.Server (Server.java:stop(3523)) - Stopping server on 15153
2024-02-09 18:34:39,154 [IPC Server listener on 15153] INFO  ipc.Server (Server.java:run(1434)) - Stopping IPC Server listener on 15153
2024-02-09 18:34:39,154 [IPC Server Responder] INFO  ipc.Server (Server.java:run(1567)) - Stopping IPC Server Responder
2024-02-09 18:34:39,155 [main] INFO  ozone.MiniOzoneClusterImpl (MiniOzoneClusterImpl.java:stopSCM(542)) - Stopping the StorageContainerManager
2024-02-09 18:34:39,155 [main] INFO  server.StorageContainerManager (StorageContainerManager.java:stop(1653)) - Container Balancer is not running.
2024-02-09 18:34:39,155 [main] INFO  server.StorageContainerManager (StorageContainerManager.java:stopReplicationManager(1786)) - Stopping Replication Manager Service.
2024-02-09 18:34:39,155 [main] INFO  replication.ReplicationManager (ReplicationManager.java:stop(327)) - Stopping Replication Monitor Thread.
2024-02-09 18:34:39,156 [main] INFO  server.StorageContainerManager (StorageContainerManager.java:stop(1662)) - Stopping the Datanode Admin Monitor.
2024-02-09 18:34:39,156 [ReplicationMonitor] INFO  replication.ReplicationManager (ReplicationManager.java:run(934)) - Replication Monitor Thread is stopped
2024-02-09 18:34:39,156 [main] INFO  server.StorageContainerManager (StorageContainerManager.java:stop(1669)) - Stopping datanode service RPC server
2024-02-09 18:34:39,156 [main] INFO  server.SCMDatanodeProtocolServer (SCMDatanodeProtocolServer.java:stop(425)) - Stopping the RPC server for DataNodes
2024-02-09 18:34:39,156 [main] INFO  ipc.Server (Server.java:stop(3523)) - Stopping server on 15091
2024-02-09 18:34:39,156 [UnderReplicatedProcessor] WARN  replication.UnhealthyReplicationProcessor (UnhealthyReplicationProcessor.java:run(180)) - UnderReplicatedProcessor interrupted. Exiting...
2024-02-09 18:34:39,156 [OverReplicatedProcessor] WARN  replication.UnhealthyReplicationProcessor (UnhealthyReplicationProcessor.java:run(180)) - OverReplicatedProcessor interrupted. Exiting...
2024-02-09 18:34:39,158 [IPC Server listener on 15091] INFO  ipc.Server (Server.java:run(1434)) - Stopping IPC Server listener on 15091
2024-02-09 18:34:39,159 [IPC Server Responder] INFO  ipc.Server (Server.java:run(1567)) - Stopping IPC Server Responder
2024-02-09 18:34:39,197 [SCMHeartbeatProcessor-0] WARN  node.NodeStateManager (NodeStateManager.java:scheduleNextHealthCheck(878)) - Current Thread is interrupted, shutting down HB processing thread for Node Manager.
2024-02-09 18:34:39,197 [main] INFO  server.StorageContainerManager (StorageContainerManager.java:stop(1677)) - Stopping block service RPC server
2024-02-09 18:34:39,197 [main] INFO  server.SCMBlockProtocolServer (SCMBlockProtocolServer.java:stop(169)) - Stopping the RPC server for Block Protocol
2024-02-09 18:34:39,197 [main] INFO  ipc.Server (Server.java:stop(3523)) - Stopping server on 15090
2024-02-09 18:34:39,200 [IPC Server listener on 15090] INFO  ipc.Server (Server.java:run(1434)) - Stopping IPC Server listener on 15090
2024-02-09 18:34:39,200 [main] INFO  server.StorageContainerManager (StorageContainerManager.java:stop(1684)) - Stopping the StorageContainerLocationProtocol RPC server
2024-02-09 18:34:39,200 [main] INFO  server.SCMClientProtocolServer (SCMClientProtocolServer.java:stop(212)) - Stopping the RPC server for Client Protocol
2024-02-09 18:34:39,200 [IPC Server Responder] INFO  ipc.Server (Server.java:run(1567)) - Stopping IPC Server Responder
2024-02-09 18:34:39,200 [main] INFO  ipc.Server (Server.java:stop(3523)) - Stopping server on 15089
2024-02-09 18:34:39,204 [IPC Server Responder] INFO  ipc.Server (Server.java:run(1567)) - Stopping IPC Server Responder
2024-02-09 18:34:39,204 [IPC Server listener on 15089] INFO  ipc.Server (Server.java:run(1434)) - Stopping IPC Server listener on 15089
2024-02-09 18:34:39,205 [main] INFO  server.StorageContainerManager (StorageContainerManager.java:stop(1691)) - Stopping Storage Container Manager HTTP server.
2024-02-09 18:34:39,205 [main] INFO  handler.ContextHandler (ContextHandler.java:doStop(1159)) - Stopped o.e.j.w.WebAppContext@232d7256{scm,/,null,STOPPED}{file:/home/runner/work/ozone/ozone/hadoop-ozone/integration-test/target/test-classes/webapps/scm}
2024-02-09 18:34:39,206 [main] INFO  server.AbstractConnector (AbstractConnector.java:doStop(383)) - Stopped ServerConnector@348ef4c0{HTTP/1.1, (http/1.1)}{0.0.0.0:15092}
2024-02-09 18:34:39,206 [main] INFO  server.session (HouseKeeper.java:stopScavenging(149)) - node0 Stopped scavenging
2024-02-09 18:34:39,207 [main] INFO  handler.ContextHandler (ContextHandler.java:doStop(1159)) - Stopped o.e.j.s.ServletContextHandler@7d254adc{static,/static,file:///home/runner/work/ozone/ozone/hadoop-ozone/integration-test/target/test-classes/webapps/static,STOPPED}
2024-02-09 18:34:39,207 [main] INFO  handler.ContextHandler (ContextHandler.java:doStop(1159)) - Stopped o.e.j.s.ServletContextHandler@bd25d7e{logs,/logs,file:///home/runner/work/ozone/ozone/hadoop-ozone/integration-test/target/log,STOPPED}
2024-02-09 18:34:39,207 [main] INFO  server.StorageContainerManager (StorageContainerManager.java:stop(1699)) - Stopping SCM LayoutVersionManager Service.
2024-02-09 18:34:39,208 [main] INFO  server.StorageContainerManager (StorageContainerManager.java:stop(1711)) - Stopping Block Manager Service.
2024-02-09 18:34:39,208 [main] INFO  utils.BackgroundService (BackgroundService.java:shutdown(160)) - Shutting down service SCMBlockDeletingService
2024-02-09 18:34:39,208 [main] INFO  utils.BackgroundService (BackgroundService.java:shutdown(160)) - Shutting down service SCMBlockDeletingService
2024-02-09 18:34:39,208 [main] INFO  server.StorageContainerManager (StorageContainerManager.java:stop(1731)) - Stopping SCM Event Queue.
2024-02-09 18:34:39,209 [JvmPauseMonitor11] INFO  util.JvmPauseMonitor (JvmPauseMonitor.java:run(152)) - JvmPauseMonitor-1e2b28d1-84bf-4369-9573-6eae4cc481a5: Stopped
2024-02-09 18:34:39,209 [main] INFO  server.StorageContainerManager (StorageContainerManager.java:stop(1742)) - Stopping SCM HA services.
2024-02-09 18:34:39,209 [main] INFO  pipeline.BackgroundPipelineCreator (BackgroundPipelineCreator.java:stop(152)) - Stopping RatisPipelineUtilsThread.
2024-02-09 18:34:39,209 [RatisPipelineUtilsThread-0] WARN  pipeline.BackgroundPipelineCreator (BackgroundPipelineCreator.java:run(183)) - RatisPipelineUtilsThread is interrupted.
2024-02-09 18:34:39,210 [main] INFO  BackgroundPipelineScrubber (BackgroundSCMService.java:stop(128)) - Stopping BackgroundPipelineScrubber Service.
2024-02-09 18:34:39,210 [BackgroundPipelineScrubber] WARN  BackgroundPipelineScrubber (BackgroundSCMService.java:run(112)) - BackgroundPipelineScrubber is interrupted, exit
2024-02-09 18:34:39,210 [main] INFO  impl.MetricsSystemImpl (MetricsSystemImpl.java:stop(210)) - Stopping HddsDatanode metrics system...
2024-02-09 18:34:39,211 [prometheus] INFO  impl.MetricsSinkAdapter (MetricsSinkAdapter.java:publishMetricsFromQueue(141)) - prometheus thread interrupted.
2024-02-09 18:34:39,211 [main] INFO  impl.MetricsSystemImpl (MetricsSystemImpl.java:stop(216)) - HddsDatanode metrics system stopped.
2024-02-09 18:34:39,211 [main] WARN  pipeline.BackgroundPipelineCreator (BackgroundPipelineCreator.java:stop(148)) - RatisPipelineUtilsThread is not running, just ignore.
2024-02-09 18:34:39,211 [main] INFO  BackgroundPipelineScrubber (BackgroundSCMService.java:stop(123)) - BackgroundPipelineScrubber Service is not running, skip stop.
2024-02-09 18:34:39,212 [ExpiredContainerReplicaOpScrubber] WARN  ExpiredContainerReplicaOpScrubber (BackgroundSCMService.java:run(112)) - ExpiredContainerReplicaOpScrubber is interrupted, exit
2024-02-09 18:34:39,212 [main] INFO  ExpiredContainerReplicaOpScrubber (BackgroundSCMService.java:stop(128)) - Stopping ExpiredContainerReplicaOpScrubber Service.
2024-02-09 18:34:39,212 [main] INFO  utils.BackgroundService (BackgroundService.java:shutdown(160)) - Shutting down service SCMBlockDeletingService
2024-02-09 18:34:39,212 [main] INFO  replication.ReplicationManager (ReplicationManager.java:stop(337)) - Replication Monitor Thread is not running.
2024-02-09 18:34:39,212 [main] WARN  balancer.ContainerBalancer (ContainerBalancer.java:stop(327)) - Cannot stop Container Balancer because it's not running or stopping
2024-02-09 18:34:39,212 [main] INFO  server.StorageContainerManager (StorageContainerManager.java:stop(1777)) - Stopping SCM MetadataStore.
]]></system-out>
    </flakyFailure>
    <flakyFailure type="java.lang.AssertionError">
      <stackTrace><![CDATA[java.lang.AssertionError: 

Expecting:
 <"org.apache.ratis.protocol.exceptions.RaftRetryFailureException: Failed RaftClientRequest:client-C24E80ECA5E9->81d78f49-5211-4a7a-996b-69bb86adfbbb@group-138E0DE0C554, cid=78, seq=null, Watch-MAJORITY_COMMITTED(26), null for 3 attempts with RequestTypeDependentRetryPolicy{WRITE->ExceptionDependentRetry(maxAttempts=2147483647; defaultPolicy=MultipleLinearRandomRetry[5x5s, 5x10s, 5x15s, 5x20s, 5x25s, 10x60s]; map={org.apache.ratis.protocol.exceptions.GroupMismatchException->NoRetry, org.apache.ratis.protocol.exceptions.NotReplicatedException->NoRetry, org.apache.ratis.protocol.exceptions.ResourceUnavailableException->org.apache.ratis.retry.ExponentialBackoffRetry@2fc1e6c2, org.apache.ratis.protocol.exceptions.StateMachineException->NoRetry, org.apache.ratis.protocol.exceptions.TimeoutIOException->org.apache.ratis.retry.ExponentialBackoffRetry@2fc1e6c2}), WATCH->ExceptionDependentRetry(maxAttempts=2147483647; defaultPolicy=MultipleLinearRandomRetry[5x5s, 5x10s, 5x15s, 5x20s, 5x25s, 10x60s]; map={org.apache.ratis.protocol.exceptions.GroupMismatchException->NoRetry, org.apache.ratis.protocol.exceptions.NotReplicatedException->NoRetry, org.apache.ratis.protocol.exceptions.ResourceUnavailableException->org.apache.ratis.retry.ExponentialBackoffRetry@2fc1e6c2, org.apache.ratis.protocol.exceptions.StateMachineException->NoRetry, org.apache.ratis.protocol.exceptions.TimeoutIOException->NoRetry})}">
not to contain:
 <"Watch-MAJORITY_COMMITTED">

	at org.apache.hadoop.ozone.client.rpc.TestWatchForCommit.testWatchForCommitForRetryfailure(TestWatchForCommit.java:295)
	at java.lang.reflect.Method.invoke(Method.java:498)
	at java.util.ArrayList.forEach(ArrayList.java:1259)
	at java.util.ArrayList.forEach(ArrayList.java:1259)
]]></stackTrace>
      <system-out><![CDATA[2024-02-09 18:35:30,969 [main] WARN  server.ServerUtils (ServerUtils.java:getScmDbDir(143)) - ozone.scm.db.dirs is not configured. We recommend adding this setting. Falling back to ozone.metadata.dirs instead.
2024-02-09 18:35:30,971 [main] WARN  server.ServerUtils (ServerUtils.java:getScmDbDir(143)) - ozone.scm.db.dirs is not configured. We recommend adding this setting. Falling back to ozone.metadata.dirs instead.
2024-02-09 18:35:30,972 [main] INFO  ha.SCMHANodeDetails (SCMHANodeDetails.java:loadSCMHAConfig(207)) - ServiceID for StorageContainerManager is null
2024-02-09 18:35:30,972 [main] INFO  ha.SCMHANodeDetails (SCMHANodeDetails.java:loadSCMHAConfig(212)) - ozone.scm.default.service.id is not defined, falling back to ozone.scm.service.ids to find serviceID for StorageContainerManager if it is HA enabled cluster
2024-02-09 18:35:30,973 [main] WARN  utils.HAUtils (HAUtils.java:getMetaDir(339)) - ozone.scm.db.dirs is not configured. We recommend adding this setting. Falling back to ozone.metadata.dirs instead.
2024-02-09 18:35:30,973 [main] WARN  db.DBStoreBuilder (DBStoreBuilder.java:applyDBDefinition(171)) - ozone.scm.db.dirs is not configured. We recommend adding this setting. Falling back to ozone.metadata.dirs instead.
2024-02-09 18:35:31,054 [main] INFO  net.NodeSchemaLoader (NodeSchemaLoader.java:loadSchemaFromFile(129)) - Loading schema from [jar:file:/home/runner/.m2/repository/org/apache/ozone/hdds-common/1.5.0-SNAPSHOT/hdds-common-1.5.0-SNAPSHOT.jar!/network-topology-default.xml]
2024-02-09 18:35:31,054 [main] INFO  net.NodeSchemaLoader (NodeSchemaLoader.java:loadSchema(176)) - Loading network topology layer schema file
2024-02-09 18:35:31,057 [main] INFO  upgrade.AbstractLayoutVersionManager (AbstractLayoutVersionManager.java:init(83)) - Initializing Layout version manager with metadata layout = HADOOP_PRC_PORTS_IN_DATANODEDETAILS (version = 7), software layout = HADOOP_PRC_PORTS_IN_DATANODEDETAILS (version = 7)
2024-02-09 18:35:31,059 [main] INFO  ha.SequenceIdGenerator (SequenceIdGenerator.java:upgradeToSequenceId(370)) - upgrade localId to 113750153625600000
2024-02-09 18:35:31,060 [main] INFO  ha.SequenceIdGenerator (SequenceIdGenerator.java:upgradeToSequenceId(380)) - upgrade delTxnId to 0
2024-02-09 18:35:31,061 [main] INFO  ha.SequenceIdGenerator (SequenceIdGenerator.java:upgradeToSequenceId(397)) - upgrade containerId to 0
2024-02-09 18:35:31,063 [main] INFO  ha.SequenceIdGenerator (SequenceIdGenerator.java:upgradeToCertificateSequenceId(444)) - upgrade CertificateId to 2
2024-02-09 18:35:31,063 [main] INFO  ha.SequenceIdGenerator (SequenceIdGenerator.java:<init>(241)) - Init the HA SequenceIdGenerator.
2024-02-09 18:35:31,064 [main] INFO  node.SCMNodeManager (SCMNodeManager.java:<init>(177)) - Entering startup safe mode.
2024-02-09 18:35:31,064 [main] INFO  algorithms.ContainerPlacementPolicyFactory (ContainerPlacementPolicyFactory.java:getPolicyInternal(86)) - Create container placement policy of type org.apache.hadoop.hdds.scm.container.placement.algorithms.SCMContainerPlacementRackAware
2024-02-09 18:35:31,064 [main] INFO  algorithms.ContainerPlacementPolicyFactory (ContainerPlacementPolicyFactory.java:getPolicyInternal(86)) - Create container placement policy of type org.apache.hadoop.hdds.scm.container.placement.algorithms.SCMContainerPlacementRackScatter
2024-02-09 18:35:31,065 [main] INFO  pipeline.PipelineStateManagerImpl (PipelineStateManagerImpl.java:initialize(78)) - No pipeline exists in current db
2024-02-09 18:35:31,065 [main] INFO  algorithms.LeaderChoosePolicyFactory (LeaderChoosePolicyFactory.java:getPolicy(57)) - Create leader choose policy of type org.apache.hadoop.hdds.scm.pipeline.leader.choose.algorithms.MinLeaderCountChoosePolicy
2024-02-09 18:35:31,065 [main] INFO  algorithms.ContainerPlacementPolicyFactory (ContainerPlacementPolicyFactory.java:getPolicyInternal(86)) - Create container placement policy of type org.apache.hadoop.hdds.scm.container.placement.algorithms.SCMContainerPlacementRackScatter
2024-02-09 18:35:31,065 [main] INFO  ha.SCMServiceManager (SCMServiceManager.java:register(42)) - Registering service BackgroundPipelineCreator.
2024-02-09 18:35:31,066 [main] INFO  pipeline.BackgroundPipelineCreator (BackgroundPipelineCreator.java:start(127)) - Starting RatisPipelineUtilsThread.
2024-02-09 18:35:31,066 [main] INFO  BackgroundPipelineScrubber (BackgroundSCMService.java:start(65)) - Starting BackgroundPipelineScrubber Service.
2024-02-09 18:35:31,066 [main] INFO  ha.SCMServiceManager (SCMServiceManager.java:register(42)) - Registering service BackgroundPipelineScrubber.
2024-02-09 18:35:31,066 [main] INFO  ExpiredContainerReplicaOpScrubber (BackgroundSCMService.java:start(65)) - Starting ExpiredContainerReplicaOpScrubber Service.
2024-02-09 18:35:31,067 [main] INFO  ha.SCMServiceManager (SCMServiceManager.java:register(42)) - Registering service ExpiredContainerReplicaOpScrubber.
2024-02-09 18:35:31,067 [main] INFO  algorithms.PipelineChoosePolicyFactory (PipelineChoosePolicyFactory.java:createPipelineChoosePolicyFromClass(80)) - Create pipeline choose policy of type org.apache.hadoop.hdds.scm.pipeline.choose.algorithms.RandomPipelineChoosePolicy
2024-02-09 18:35:31,067 [main] INFO  algorithms.PipelineChoosePolicyFactory (PipelineChoosePolicyFactory.java:createPipelineChoosePolicyFromClass(80)) - Create pipeline choose policy of type org.apache.hadoop.hdds.scm.pipeline.choose.algorithms.RandomPipelineChoosePolicy
2024-02-09 18:35:31,068 [main] INFO  ha.SCMServiceManager (SCMServiceManager.java:register(42)) - Registering service SCMBlockDeletingService.
2024-02-09 18:35:31,069 [main] INFO  replication.ReplicationManager (ReplicationManager.java:start(295)) - Starting Replication Monitor Thread.
2024-02-09 18:35:31,069 [ReplicationMonitor] INFO  replication.ReplicationManager (ReplicationManager.java:processAll(370)) - Replication Manager is not ready to run until 3000ms after safemode exit
2024-02-09 18:35:31,069 [main] INFO  ha.SCMServiceManager (SCMServiceManager.java:register(42)) - Registering service ReplicationManager.
2024-02-09 18:35:31,070 [main] INFO  safemode.ContainerSafeModeRule (ContainerSafeModeRule.java:<init>(91)) - containers with one replica threshold count 0
2024-02-09 18:35:31,070 [main] INFO  safemode.HealthyPipelineSafeModeRule (HealthyPipelineSafeModeRule.java:initializeRule(176)) - Total pipeline count is 0, healthy pipeline threshold count is 1
2024-02-09 18:35:31,070 [main] INFO  safemode.OneReplicaPipelineSafeModeRule (OneReplicaPipelineSafeModeRule.java:initializeRule(193)) - Total pipeline count is 0, pipeline's with at least one datanode reported threshold count is 0
2024-02-09 18:35:31,071 [main] INFO  server.StorageContainerManager (StorageContainerManager.java:<init>(440)) - SCM start with adminUsers: [runner]
2024-02-09 18:35:31,071 [main] INFO  ipc.CallQueueManager (CallQueueManager.java:<init>(90)) - Using callQueue: class java.util.concurrent.LinkedBlockingQueue, queueCapacity: 10000, scheduler: class org.apache.hadoop.ipc.DefaultRpcScheduler, ipcBackoff: false.
2024-02-09 18:35:31,071 [main] INFO  ipc.Server (Server.java:<init>(1287)) - Listener at 0.0.0.0:15358
2024-02-09 18:35:31,072 [Socket Reader #1 for port 15358] INFO  ipc.Server (Server.java:run(1323)) - Starting Socket Reader #1 for port 15358
2024-02-09 18:35:31,072 [main] INFO  ipc.CallQueueManager (CallQueueManager.java:<init>(90)) - Using callQueue: class java.util.concurrent.LinkedBlockingQueue, queueCapacity: 10000, scheduler: class org.apache.hadoop.ipc.DefaultRpcScheduler, ipcBackoff: false.
2024-02-09 18:35:31,073 [main] INFO  ipc.Server (Server.java:<init>(1287)) - Listener at 0.0.0.0:15357
2024-02-09 18:35:31,073 [Socket Reader #1 for port 15357] INFO  ipc.Server (Server.java:run(1323)) - Starting Socket Reader #1 for port 15357
2024-02-09 18:35:31,074 [main] INFO  ipc.CallQueueManager (CallQueueManager.java:<init>(90)) - Using callQueue: class java.util.concurrent.LinkedBlockingQueue, queueCapacity: 10000, scheduler: class org.apache.hadoop.ipc.DefaultRpcScheduler, ipcBackoff: false.
2024-02-09 18:35:31,074 [main] INFO  ipc.Server (Server.java:<init>(1287)) - Listener at 0.0.0.0:15356
2024-02-09 18:35:31,074 [Socket Reader #1 for port 15356] INFO  ipc.Server (Server.java:run(1323)) - Starting Socket Reader #1 for port 15356
2024-02-09 18:35:31,076 [main] INFO  ha.SCMServiceManager (SCMServiceManager.java:register(42)) - Registering service ContainerBalancer.
2024-02-09 18:35:31,077 [main] INFO  ha.SCMContext (SCMContext.java:updateSafeModeStatus(225)) - Update SafeModeStatus from SafeModeStatus{safeModeStatus=true, preCheckPassed=false} to SafeModeStatus{safeModeStatus=true, preCheckPassed=false}.
2024-02-09 18:35:31,077 [main] INFO  server.StorageContainerManager (StorageContainerManager.java:start(1545)) - StorageContainerLocationProtocol RPC server is listening at /0.0.0.0:15356
2024-02-09 18:35:31,078 [main] WARN  impl.MetricsConfig (MetricsConfig.java:loadFirst(136)) - Cannot locate configuration: tried hadoop-metrics2-storagecontainermanager.properties,hadoop-metrics2.properties
2024-02-09 18:35:31,078 [main] INFO  impl.MetricsSystemImpl (MetricsSystemImpl.java:startTimer(378)) - Scheduled Metric snapshot period at 10 second(s).
2024-02-09 18:35:31,079 [main] INFO  impl.MetricsSystemImpl (MetricsSystemImpl.java:start(191)) - StorageContainerManager metrics system started
2024-02-09 18:35:31,091 [main] INFO  impl.MetricsSinkAdapter (MetricsSinkAdapter.java:start(204)) - Sink prometheus started
2024-02-09 18:35:31,091 [main] INFO  impl.MetricsSystemImpl (MetricsSystemImpl.java:registerSink(305)) - Registered sink prometheus
2024-02-09 18:35:31,101 [main] INFO  server.SCMClientProtocolServer (SCMClientProtocolServer.java:start(203)) - RPC server for Client  is listening at /0.0.0.0:15356
2024-02-09 18:35:31,102 [IPC Server Responder] INFO  ipc.Server (Server.java:run(1562)) - IPC Server Responder: starting
2024-02-09 18:35:31,102 [IPC Server listener on 15356] INFO  ipc.Server (Server.java:run(1402)) - IPC Server listener on 15356: starting
2024-02-09 18:35:31,124 [main] INFO  server.StorageContainerManager (StorageContainerManager.java:start(1558)) - ScmBlockLocationProtocol RPC server is listening at /0.0.0.0:15357
2024-02-09 18:35:31,124 [main] INFO  server.SCMBlockProtocolServer (SCMBlockProtocolServer.java:start(160)) - RPC server for Block Protocol is listening at /0.0.0.0:15357
2024-02-09 18:35:31,124 [IPC Server Responder] INFO  ipc.Server (Server.java:run(1562)) - IPC Server Responder: starting
2024-02-09 18:35:31,132 [IPC Server listener on 15357] INFO  ipc.Server (Server.java:run(1402)) - IPC Server listener on 15357: starting
2024-02-09 18:35:31,148 [main] INFO  server.SCMDatanodeProtocolServer (SCMDatanodeProtocolServer.java:start(194)) - ScmDatanodeProtocol RPC server for DataNodes is listening at /0.0.0.0:15358
2024-02-09 18:35:31,149 [IPC Server Responder] INFO  ipc.Server (Server.java:run(1562)) - IPC Server Responder: starting
2024-02-09 18:35:31,149 [IPC Server listener on 15358] INFO  ipc.Server (Server.java:run(1402)) - IPC Server listener on 15358: starting
2024-02-09 18:35:31,157 [JvmPauseMonitor44] INFO  util.JvmPauseMonitor (JvmPauseMonitor.java:run(146)) - JvmPauseMonitor-29a3679e-5373-46b6-b3ed-c8f57b10146e: Started
2024-02-09 18:35:31,157 [main] INFO  http.BaseHttpServer (BaseHttpServer.java:newHttpServer2BuilderForOzone(223)) - Starting Web-server for scm at: http://0.0.0.0:15359
2024-02-09 18:35:31,157 [main] INFO  http.BaseHttpServer (BaseHttpServer.java:<init>(110)) - Hadoop Security Enabled: false Ozone Security Enabled: false Ozone HTTP Security Enabled: false 
2024-02-09 18:35:31,158 [main] WARN  server.AuthenticationFilter (AuthenticationFilter.java:constructSecretProvider(240)) - Unable to initialize FileSignerSecretProvider, falling back to use random secrets. Reason: Could not read signature secret file: /home/runner/hadoop-http-auth-signature-secret
2024-02-09 18:35:31,159 [main] INFO  http.HttpRequestLog (HttpRequestLog.java:getRequestLog(86)) - Http request log for http.requests.scm is not defined
2024-02-09 18:35:31,159 [main] INFO  http.HttpServer2 (HttpServer2.java:addGlobalFilter(1036)) - Added global filter 'safety' (class=org.apache.hadoop.hdds.server.http.HttpServer2$QuotingInputFilter)
2024-02-09 18:35:31,160 [main] INFO  http.HttpServer2 (HttpServer2.java:addFilter(1012)) - Added filter static_user_filter (class=org.apache.hadoop.http.lib.StaticUserWebFilter$StaticUserFilter) to context scm
2024-02-09 18:35:31,160 [main] INFO  http.HttpServer2 (HttpServer2.java:addFilter(1020)) - Added filter static_user_filter (class=org.apache.hadoop.http.lib.StaticUserWebFilter$StaticUserFilter) to context logs
2024-02-09 18:35:31,160 [main] INFO  http.HttpServer2 (HttpServer2.java:addFilter(1020)) - Added filter static_user_filter (class=org.apache.hadoop.http.lib.StaticUserWebFilter$StaticUserFilter) to context static
2024-02-09 18:35:31,160 [main] INFO  http.BaseHttpServer (BaseHttpServer.java:<init>(189)) - HTTP server of scm uses base directory /home/runner/work/ozone/ozone/hadoop-ozone/integration-test/target/test-dir/MiniOzoneClusterImpl-10a7684d-3d33-49d2-80ef-f5f5272a1eb0/ozone-meta/webserver
2024-02-09 18:35:31,160 [main] INFO  http.HttpServer2 (HttpServer2.java:bindListener(1236)) - Jetty bound to port 15359
2024-02-09 18:35:31,161 [main] INFO  server.Server (Server.java:doStart(375)) - jetty-9.4.53.v20231009; built: 2023-10-09T12:29:09.265Z; git: 27bde00a0b95a1d5bbee0eae7984f891d2d0f8c9; jvm 1.8.0_402-b06
2024-02-09 18:35:31,161 [main] INFO  server.session (DefaultSessionIdManager.java:doStart(334)) - DefaultSessionIdManager workerName=node0
2024-02-09 18:35:31,161 [main] INFO  server.session (DefaultSessionIdManager.java:doStart(339)) - No SessionScavenger set, using defaults
2024-02-09 18:35:31,162 [main] INFO  server.session (HouseKeeper.java:startScavenging(132)) - node0 Scavenging every 660000ms
2024-02-09 18:35:31,162 [main] INFO  handler.ContextHandler (ContextHandler.java:doStart(921)) - Started o.e.j.s.ServletContextHandler@7953145f{logs,/logs,file:///home/runner/work/ozone/ozone/hadoop-ozone/integration-test/target/log,AVAILABLE}
2024-02-09 18:35:31,162 [main] INFO  handler.ContextHandler (ContextHandler.java:doStart(921)) - Started o.e.j.s.ServletContextHandler@269e0783{static,/static,file:///home/runner/work/ozone/ozone/hadoop-ozone/integration-test/target/test-classes/webapps/static,AVAILABLE}
2024-02-09 18:35:31,164 [main] INFO  handler.ContextHandler (ContextHandler.java:doStart(921)) - Started o.e.j.w.WebAppContext@59c84058{scm,/,file:///home/runner/work/ozone/ozone/hadoop-ozone/integration-test/target/test-classes/webapps/scm/,AVAILABLE}{file:/home/runner/work/ozone/ozone/hadoop-ozone/integration-test/target/test-classes/webapps/scm}
2024-02-09 18:35:31,166 [main] INFO  server.AbstractConnector (AbstractConnector.java:doStart(333)) - Started ServerConnector@74ed1671{HTTP/1.1, (http/1.1)}{0.0.0.0:15359}
2024-02-09 18:35:31,166 [main] INFO  server.Server (Server.java:doStart(415)) - Started @134960ms
2024-02-09 18:35:31,166 [main] WARN  impl.MetricsSystemImpl (MetricsSystemImpl.java:register(279)) - Sink prometheus already exists!
2024-02-09 18:35:31,166 [main] INFO  http.BaseHttpServer (BaseHttpServer.java:updateConnectorAddress(354)) - HTTP server of scm listening at http://0.0.0.0:15359
2024-02-09 18:35:31,166 [main] WARN  server.ServerUtils (ServerUtils.java:getDBPath(299)) - ozone.om.db.dirs is not configured. We recommend adding this setting. Falling back to ozone.metadata.dirs instead.
2024-02-09 18:35:31,168 [main] INFO  ha.OMHANodeDetails (OMHANodeDetails.java:loadOMHAConfig(115)) - ozone.om.internal.service.id is not defined, falling back to ozone.om.service.ids to find serviceID for OzoneManager if it is HA enabled cluster
2024-02-09 18:35:31,168 [main] INFO  ha.OMHANodeDetails (OMHANodeDetails.java:loadOMHAConfig(226)) - Configuration does not have ozone.om.address set. Falling back to the default OM address /127.0.0.1:15360
2024-02-09 18:35:31,168 [main] INFO  ha.OMHANodeDetails (OMHANodeDetails.java:getOMNodeDetailsForNonHA(254)) - OM Service ID is not set. Setting it to the default ID: omServiceIdDefault
2024-02-09 18:35:31,168 [main] INFO  ha.OMHANodeDetails (OMHANodeDetails.java:getOMNodeDetailsForNonHA(261)) - OM Node ID is not set. Setting it to the default ID: om1
2024-02-09 18:35:31,168 [main] WARN  server.ServerUtils (ServerUtils.java:getDBPath(299)) - ozone.om.db.dirs is not configured. We recommend adding this setting. Falling back to ozone.metadata.dirs instead.
2024-02-09 18:35:31,169 [main] INFO  upgrade.AbstractLayoutVersionManager (AbstractLayoutVersionManager.java:init(83)) - Initializing Layout version manager with metadata layout = QUOTA (version = 6), software layout = QUOTA (version = 6)
2024-02-09 18:35:31,203 [main] INFO  upgrade.OMLayoutVersionManager (OMLayoutVersionManager.java:lambda$0(113)) - Skipping Upgrade Action MockOmUpgradeAction since it has been finalized.
2024-02-09 18:35:31,204 [main] INFO  upgrade.OMLayoutVersionManager (OMLayoutVersionManager.java:lambda$0(113)) - Skipping Upgrade Action QuotaRepairUpgradeAction since it has been finalized.
2024-02-09 18:35:31,204 [main] WARN  server.ServerUtils (ServerUtils.java:getDBPath(299)) - ozone.om.db.dirs is not configured. We recommend adding this setting. Falling back to ozone.metadata.dirs instead.
2024-02-09 18:35:31,204 [main] INFO  proxy.SCMBlockLocationFailoverProxyProvider (SCMBlockLocationFailoverProxyProvider.java:<init>(115)) - Created block location fail-over proxy with 1 nodes: [nodeId=scmNodeId,nodeAddress=/0.0.0.0:15357]
2024-02-09 18:35:31,205 [main] INFO  proxy.SCMBlockLocationFailoverProxyProvider (SCMBlockLocationFailoverProxyProvider.java:<init>(115)) - Created block location fail-over proxy with 1 nodes: [nodeId=scmNodeId,nodeAddress=/0.0.0.0:15357]
2024-02-09 18:35:31,212 [main] INFO  om.OzoneManager (OzoneManager.java:<init>(673)) - OM start with adminUsers: [runner]
2024-02-09 18:35:31,212 [main] WARN  server.ServerUtils (ServerUtils.java:getDBPath(299)) - ozone.om.db.dirs is not configured. We recommend adding this setting. Falling back to ozone.metadata.dirs instead.
2024-02-09 18:35:31,213 [main] INFO  helpers.OmKeyInfo (OmKeyInfo.java:getCodec(71)) - OmKeyInfo.getCodec ignorePipeline = true
2024-02-09 18:35:31,354 [main] INFO  om.OzoneManager (OzoneManager.java:instantiateServices(805)) - S3 Multi-Tenancy is disabled
2024-02-09 18:35:31,355 [main] INFO  om.OmSnapshotManager (OmSnapshotManager.java:<init>(176)) - Ozone filesystem snapshot feature is enabled.
2024-02-09 18:35:31,355 [main] WARN  server.ServerUtils (ServerUtils.java:getDBPath(299)) - ozone.om.snapshot.diff.db.dir is not configured. We recommend adding this setting. Falling back to ozone.metadata.dirs instead.
2024-02-09 18:35:31,371 [main] INFO  utils.NativeLibraryLoader (NativeLibraryLoader.java:loadLibrary(108)) - Loading Library: ozone_rocksdb_tools
2024-02-09 18:35:31,372 [main] INFO  snapshot.SnapshotDiffManager (SnapshotDiffManager.java:closeExecutorService(1688)) - Shutting down executorService: 'SstDumpToolExecutor'
2024-02-09 18:35:31,373 [main] INFO  om.OzoneManager (OzoneManager.java:addS3GVolumeToDB(4429)) - Created Volume s3v With Owner runner required for S3Gateway operations.
2024-02-09 18:35:31,374 [main] WARN  server.ServerUtils (ServerUtils.java:getDefaultRatisDirectory(311)) - Storage directory for Ratis is not configured. It is a good idea to map this to an SSD disk. Falling back to ozone.metadata.dirs
2024-02-09 18:35:31,374 [main] WARN  utils.OzoneManagerRatisUtils (OzoneManagerRatisUtils.java:getOMRatisSnapshotDirectory(473)) - ozone.om.ratis.snapshot.dir is not configured. Falling back to ozone.metadata.dirs config
2024-02-09 18:35:31,374 [main] WARN  server.ServerUtils (ServerUtils.java:getDefaultRatisDirectory(311)) - Storage directory for Ratis is not configured. It is a good idea to map this to an SSD disk. Falling back to ozone.metadata.dirs
2024-02-09 18:35:31,375 [main] INFO  ratis.OzoneManagerRatisServer (OzoneManagerRatisServer.java:<init>(167)) - Instantiating OM Ratis server with groupID: omServiceIdDefault and peers: localhost:15363
2024-02-09 18:35:31,375 [main] INFO  ratis.OzoneManagerStateMachine (OzoneManagerStateMachine.java:loadSnapshotInfoFromDB(576)) - TransactionInfo not found in OM DB.
2024-02-09 18:35:31,376 [main] INFO  server.RaftServer (ConfUtils.java:logGet(46)) - raft.rpc.type = GRPC (default)
2024-02-09 18:35:31,376 [main] INFO  grpc.GrpcConfigKeys (ConfUtils.java:logFallback(53)) - raft.grpc.admin.host = null (fallback to raft.grpc.server.host)
2024-02-09 18:35:31,376 [main] INFO  grpc.GrpcConfigKeys (ConfUtils.java:logFallback(53)) - raft.grpc.admin.port = 15363 (fallback to raft.grpc.server.port)
2024-02-09 18:35:31,376 [main] INFO  grpc.GrpcConfigKeys (ConfUtils.java:logFallback(53)) - raft.grpc.client.host = null (fallback to raft.grpc.server.host)
2024-02-09 18:35:31,376 [main] INFO  grpc.GrpcConfigKeys (ConfUtils.java:logFallback(53)) - raft.grpc.client.port = 15363 (fallback to raft.grpc.server.port)
2024-02-09 18:35:31,376 [main] INFO  grpc.GrpcConfigKeys (ConfUtils.java:logGet(46)) - raft.grpc.server.host = null (default)
2024-02-09 18:35:31,377 [main] INFO  grpc.GrpcConfigKeys (ConfUtils.java:logGet(46)) - raft.grpc.server.port = 15363 (custom)
2024-02-09 18:35:31,377 [main] INFO  server.GrpcService (ConfUtils.java:logGet(46)) - raft.grpc.message.size.max = 4194304 (custom)
2024-02-09 18:35:31,377 [main] INFO  server.RaftServerConfigKeys (ConfUtils.java:logGet(46)) - raft.server.log.appender.buffer.byte-limit = 4194304 (custom)
2024-02-09 18:35:31,377 [main] INFO  server.GrpcService (ConfUtils.java:logGet(46)) - raft.grpc.flow.control.window = 1MB (=1048576) (default)
2024-02-09 18:35:31,377 [main] INFO  server.RaftServerConfigKeys (ConfUtils.java:logGet(46)) - raft.server.rpc.request.timeout = 3000ms (default)
2024-02-09 18:35:31,378 [main] INFO  grpc.GrpcConfigKeys (ConfUtils.java:logGet(46)) - raft.grpc.server.heartbeat.channel = true (default)
2024-02-09 18:35:31,378 [main] INFO  grpc.GrpcConfigKeys (ConfUtils.java:logGet(46)) - raft.grpc.server.async.request.thread.pool.cached = true (default)
2024-02-09 18:35:31,378 [main] INFO  grpc.GrpcConfigKeys (ConfUtils.java:logGet(46)) - raft.grpc.server.async.request.thread.pool.size = 32 (default)
2024-02-09 18:35:31,379 [main] INFO  impl.DataStreamServerImpl (ConfUtils.java:logGet(46)) - raft.datastream.type = DISABLED (default)
2024-02-09 18:35:31,379 [main] INFO  server.RaftServerConfigKeys (ConfUtils.java:logGet(46)) - raft.server.sleep.deviation.threshold = 300ms (default)
2024-02-09 18:35:31,379 [main] INFO  server.RaftServerConfigKeys (ConfUtils.java:logGet(46)) - raft.server.close.threshold = 60s (default)
2024-02-09 18:35:31,379 [main] INFO  server.RaftServerConfigKeys (ConfUtils.java:logGet(46)) - raft.server.leaderelection.leader.step-down.wait-time = 10s (default)
2024-02-09 18:35:31,379 [main] INFO  server.RaftServerConfigKeys (ConfUtils.java:logGet(46)) - raft.server.storage.dir = [/home/runner/work/ozone/ozone/hadoop-ozone/integration-test/target/test-dir/MiniOzoneClusterImpl-10a7684d-3d33-49d2-80ef-f5f5272a1eb0/ozone-meta/ratis] (custom)
2024-02-09 18:35:31,379 [main] INFO  server.RaftServerConfigKeys (ConfUtils.java:logGet(46)) - raft.server.threadpool.proxy.cached = true (default)
2024-02-09 18:35:31,380 [main] INFO  server.RaftServerConfigKeys (ConfUtils.java:logGet(46)) - raft.server.threadpool.proxy.size = 0 (default)
2024-02-09 18:35:31,380 [main] INFO  server.RaftServer (RaftServerProxy.java:addNew(100)) - om1: addNew group-C5BA1605619E:[om1|localhost:15363] returns group-C5BA1605619E:java.util.concurrent.CompletableFuture@6b2bbc8c[Not completed]
2024-02-09 18:35:31,380 [main] INFO  om.OzoneManager (OzoneManager.java:initializeRatisServer(2141)) - OzoneManager Ratis server initialized at port 15363
2024-02-09 18:35:31,380 [om1-groupManagement] INFO  server.RaftServer$Division (RaftServerImpl.java:<init>(256)) - om1: new RaftServerImpl for group-C5BA1605619E:[om1|localhost:15363] with OzoneManagerStateMachine:uninitialized
2024-02-09 18:35:31,380 [main] INFO  om.OzoneManager (OzoneManager.java:getRpcServer(1207)) - Creating RPC Server
2024-02-09 18:35:31,380 [om1-groupManagement] INFO  server.RaftServerConfigKeys (ConfUtils.java:logGet(46)) - raft.server.rpc.timeout.min = 1s (custom)
2024-02-09 18:35:31,380 [om1-groupManagement] INFO  server.RaftServerConfigKeys (ConfUtils.java:logGet(46)) - raft.server.rpc.timeout.max = 1200ms (custom)
2024-02-09 18:35:31,380 [om1-groupManagement] INFO  server.RaftServerConfigKeys (ConfUtils.java:logGet(46)) - raft.server.rpc.sleep.time = 25ms (default)
2024-02-09 18:35:31,381 [om1-groupManagement] INFO  server.RaftServerConfigKeys (ConfUtils.java:logGet(46)) - raft.server.rpc.slowness.timeout = 120s (custom)
2024-02-09 18:35:31,381 [om1-groupManagement] INFO  server.RaftServerConfigKeys (ConfUtils.java:logGet(46)) - raft.server.leaderelection.leader.step-down.wait-time = 10s (default)
2024-02-09 18:35:31,381 [om1-groupManagement] INFO  server.RaftServerConfigKeys (ConfUtils.java:logGet(46)) - raft.server.leaderelection.member.majority-add = false (default)
2024-02-09 18:35:31,381 [om1-groupManagement] INFO  server.RaftServerConfigKeys (ConfUtils.java:logGet(46)) - raft.server.sleep.deviation.threshold = 300ms (default)
2024-02-09 18:35:31,381 [om1-groupManagement] INFO  server.RaftServer$Division (ServerState.java:<init>(113)) - om1@group-C5BA1605619E: ConfigurationManager, init=-1: peers:[om1|localhost:15363]|listeners:[], old=null, confs=<EMPTY_MAP>
2024-02-09 18:35:31,381 [om1-groupManagement] INFO  server.RaftServerConfigKeys (ConfUtils.java:logGet(46)) - raft.server.notification.no-leader.timeout = 120s (custom)
2024-02-09 18:35:31,381 [om1-groupManagement] INFO  server.RaftServerConfigKeys (ConfUtils.java:logGet(46)) - raft.server.read.timeout = 10s (default)
2024-02-09 18:35:31,381 [om1-groupManagement] INFO  server.RaftServerConfigKeys (ConfUtils.java:logGet(46)) - raft.server.retrycache.expirytime = 300s (custom)
2024-02-09 18:35:31,381 [om1-groupManagement] INFO  server.RaftServerConfigKeys (ConfUtils.java:logGet(46)) - raft.server.retrycache.statistics.expirytime = 100ms (default)
2024-02-09 18:35:31,381 [om1-groupManagement] INFO  server.RaftServerConfigKeys (ConfUtils.java:logGet(46)) - raft.server.read.option = DEFAULT (default)
2024-02-09 18:35:31,381 [om1-groupManagement] INFO  server.RaftServerConfigKeys (ConfUtils.java:logGet(46)) - raft.server.read.read-after-write-consistent.write-index-cache.expiry-time = 60s (default)
2024-02-09 18:35:31,382 [om1-groupManagement] INFO  server.RaftServerConfigKeys (ConfUtils.java:logGet(46)) - raft.server.rpc.request.timeout = 3000ms (default)
2024-02-09 18:35:31,382 [om1-groupManagement] INFO  server.RaftServerConfigKeys (ConfUtils.java:logGet(46)) - raft.server.log.appender.install.snapshot.enabled = false (custom)
2024-02-09 18:35:31,382 [om1-groupManagement] INFO  server.RaftServerConfigKeys (ConfUtils.java:logGet(46)) - raft.server.threadpool.server.cached = true (default)
2024-02-09 18:35:31,382 [om1-groupManagement] INFO  server.RaftServerConfigKeys (ConfUtils.java:logGet(46)) - raft.server.threadpool.server.size = 0 (default)
2024-02-09 18:35:31,382 [om1-groupManagement] INFO  server.RaftServerConfigKeys (ConfUtils.java:logGet(46)) - raft.server.threadpool.client.cached = true (default)
2024-02-09 18:35:31,382 [om1-groupManagement] INFO  server.RaftServerConfigKeys (ConfUtils.java:logGet(46)) - raft.server.threadpool.client.size = 0 (default)
2024-02-09 18:35:31,566 [main] INFO  ipc.CallQueueManager (CallQueueManager.java:<init>(90)) - Using callQueue: class java.util.concurrent.LinkedBlockingQueue, queueCapacity: 2000, scheduler: class org.apache.hadoop.ipc.DefaultRpcScheduler, ipcBackoff: false.
2024-02-09 18:35:31,566 [main] INFO  ipc.Server (Server.java:<init>(1287)) - Listener at 127.0.0.1:15360
2024-02-09 18:35:31,567 [Socket Reader #1 for port 15360] INFO  ipc.Server (Server.java:run(1323)) - Starting Socket Reader #1 for port 15360
2024-02-09 18:35:31,582 [main] INFO  impl.MetricsSystemImpl (MetricsSystemImpl.java:init(158)) - OzoneManager metrics system started (again)
2024-02-09 18:35:31,589 [main] INFO  om.OzoneManager (OzoneManager.java:start(1629)) - OzoneManager RPC server is listening at localhost/127.0.0.1:15360
2024-02-09 18:35:31,589 [main] INFO  ratis.OzoneManagerRatisServer (OzoneManagerRatisServer.java:start(588)) - Starting OzoneManagerRatisServer om1 at port 15363
2024-02-09 18:35:31,589 [om1-impl-thread1] INFO  server.RaftServerConfigKeys (ConfUtils.java:logGet(46)) - raft.server.storage.free-space.min = 0MB (=0) (default)
2024-02-09 18:35:31,589 [om1-impl-thread1] INFO  server.RaftServerConfigKeys (ConfUtils.java:logGet(46)) - raft.server.log.corruption.policy = EXCEPTION (default)
2024-02-09 18:35:31,590 [om1-impl-thread1] INFO  server.RaftServerConfigKeys (ConfUtils.java:logGet(46)) - raft.server.storage.dir = [/home/runner/work/ozone/ozone/hadoop-ozone/integration-test/target/test-dir/MiniOzoneClusterImpl-10a7684d-3d33-49d2-80ef-f5f5272a1eb0/ozone-meta/ratis] (custom)
2024-02-09 18:35:31,590 [om1-impl-thread1] INFO  storage.RaftStorageDirectory (RaftStorageDirectoryImpl.java:analyzeStorage(138)) - The storage directory /home/runner/work/ozone/ozone/hadoop-ozone/integration-test/target/test-dir/MiniOzoneClusterImpl-10a7684d-3d33-49d2-80ef-f5f5272a1eb0/ozone-meta/ratis/bf265839-605b-3f16-9796-c5ba1605619e does not exist. Creating ...
2024-02-09 18:35:31,591 [om1-impl-thread1] INFO  storage.RaftStorageDirectory (RaftStorageDirectoryImpl.java:tryLock(228)) - Lock on /home/runner/work/ozone/ozone/hadoop-ozone/integration-test/target/test-dir/MiniOzoneClusterImpl-10a7684d-3d33-49d2-80ef-f5f5272a1eb0/ozone-meta/ratis/bf265839-605b-3f16-9796-c5ba1605619e/in_use.lock acquired by nodename 37674@fv-az1241-572
2024-02-09 18:35:31,592 [om1-impl-thread1] INFO  storage.RaftStorage (RaftStorageImpl.java:format(99)) - Storage directory /home/runner/work/ozone/ozone/hadoop-ozone/integration-test/target/test-dir/MiniOzoneClusterImpl-10a7684d-3d33-49d2-80ef-f5f5272a1eb0/ozone-meta/ratis/bf265839-605b-3f16-9796-c5ba1605619e has been successfully formatted.
2024-02-09 18:35:31,592 [om1-impl-thread1] WARN  util.FileUtils (LogUtils.java:supplyAndLog(63)) - Failed to Files.newInputStream /home/runner/work/ozone/ozone/hadoop-ozone/integration-test/target/test-dir/MiniOzoneClusterImpl-10a7684d-3d33-49d2-80ef-f5f5272a1eb0/ozone-meta/ratis/bf265839-605b-3f16-9796-c5ba1605619e/current/raft-meta.conf with options []: java.nio.file.NoSuchFileException: /home/runner/work/ozone/ozone/hadoop-ozone/integration-test/target/test-dir/MiniOzoneClusterImpl-10a7684d-3d33-49d2-80ef-f5f5272a1eb0/ozone-meta/ratis/bf265839-605b-3f16-9796-c5ba1605619e/current/raft-meta.conf
2024-02-09 18:35:31,592 [om1-impl-thread1] INFO  server.RaftServerConfigKeys (ConfUtils.java:logGet(46)) - raft.server.log.use.memory = false (default)
2024-02-09 18:35:31,592 [om1-impl-thread1] INFO  server.RaftServerConfigKeys (ConfUtils.java:logGet(46)) - raft.server.log.purge.gap = 1000000 (custom)
2024-02-09 18:35:31,592 [om1-impl-thread1] INFO  server.RaftServerConfigKeys (ConfUtils.java:logGet(46)) - raft.server.log.appender.buffer.byte-limit = 4194304 (custom)
2024-02-09 18:35:31,592 [om1-impl-thread1] INFO  server.RaftServerConfigKeys (ConfUtils.java:logGet(46)) - raft.server.log.statemachine.data.read.timeout = 1000ms (default)
2024-02-09 18:35:31,592 [om1-impl-thread1] INFO  server.RaftServerConfigKeys (ConfUtils.java:logGet(46)) - raft.server.log.purge.preservation.log.num = 0 (default)
2024-02-09 18:35:31,593 [om1-impl-thread1] INFO  server.RaftServerConfigKeys (ConfUtils.java:logGet(46)) - raft.server.log.segment.size.max = 4194304 (custom)
2024-02-09 18:35:31,593 [om1-impl-thread1] INFO  server.RaftServerConfigKeys (ConfUtils.java:logGet(46)) - raft.server.log.segment.cache.num.max = 2 (custom)
2024-02-09 18:35:31,593 [om1-impl-thread1] INFO  server.RaftServerConfigKeys (ConfUtils.java:logGet(46)) - raft.server.log.segment.cache.size.max = 200MB (=209715200) (default)
2024-02-09 18:35:31,593 [om1-impl-thread1] INFO  server.RaftServerConfigKeys (ConfUtils.java:logGet(46)) - raft.server.log.appender.buffer.byte-limit = 4194304 (custom)
2024-02-09 18:35:31,593 [om1-impl-thread1] INFO  util.AwaitToRun (AwaitToRun.java:start(81)) - Thread[om1@group-C5BA1605619E-cacheEviction-AwaitToRun,5,main] started
2024-02-09 18:35:31,593 [om1-impl-thread1] INFO  segmented.SegmentedRaftLogWorker (SegmentedRaftLogWorker.java:<init>(182)) - new om1@group-C5BA1605619E-SegmentedRaftLogWorker for RaftStorageImpl:Storage Directory /home/runner/work/ozone/ozone/hadoop-ozone/integration-test/target/test-dir/MiniOzoneClusterImpl-10a7684d-3d33-49d2-80ef-f5f5272a1eb0/ozone-meta/ratis/bf265839-605b-3f16-9796-c5ba1605619e
2024-02-09 18:35:31,593 [om1-impl-thread1] INFO  server.RaftServerConfigKeys (ConfUtils.java:logGet(46)) - raft.server.log.queue.byte-limit = 64MB (=67108864) (default)
2024-02-09 18:35:31,593 [om1-impl-thread1] INFO  server.RaftServerConfigKeys (ConfUtils.java:logGet(46)) - raft.server.log.queue.element-limit = 4096 (default)
2024-02-09 18:35:31,594 [om1-impl-thread1] INFO  server.RaftServerConfigKeys (ConfUtils.java:logGet(46)) - raft.server.log.segment.size.max = 4194304 (custom)
2024-02-09 18:35:31,594 [om1-impl-thread1] INFO  server.RaftServerConfigKeys (ConfUtils.java:logGet(46)) - raft.server.log.preallocated.size = 4194304 (custom)
2024-02-09 18:35:31,594 [om1-impl-thread1] INFO  server.RaftServerConfigKeys (ConfUtils.java:logGet(46)) - raft.server.log.force.sync.num = 128 (default)
2024-02-09 18:35:31,594 [om1-impl-thread1] INFO  server.RaftServerConfigKeys (ConfUtils.java:logGet(46)) - raft.server.log.statemachine.data.sync = true (default)
2024-02-09 18:35:31,594 [om1-impl-thread1] INFO  server.RaftServerConfigKeys (ConfUtils.java:logGet(46)) - raft.server.log.statemachine.data.sync.timeout = 10s (default)
2024-02-09 18:35:31,594 [om1-impl-thread1] INFO  server.RaftServerConfigKeys (ConfUtils.java:logGet(46)) - raft.server.log.statemachine.data.sync.timeout.retry = -1 (default)
2024-02-09 18:35:31,594 [om1-impl-thread1] INFO  server.RaftServerConfigKeys (ConfUtils.java:logGet(46)) - raft.server.log.write.buffer.size = 4194312 (custom)
2024-02-09 18:35:31,595 [om1-impl-thread1] INFO  server.RaftServerConfigKeys (ConfUtils.java:logGet(46)) - raft.server.log.appender.buffer.byte-limit = 4194304 (custom)
2024-02-09 18:35:31,595 [om1-impl-thread1] INFO  server.RaftServerConfigKeys (ConfUtils.java:logGet(46)) - raft.server.log.unsafe-flush.enabled = false (default)
2024-02-09 18:35:31,595 [om1-impl-thread1] INFO  server.RaftServerConfigKeys (ConfUtils.java:logGet(46)) - raft.server.log.async-flush.enabled = false (default)
2024-02-09 18:35:31,595 [om1-impl-thread1] INFO  server.RaftServerConfigKeys (ConfUtils.java:logGet(46)) - raft.server.log.statemachine.data.caching.enabled = false (default)
2024-02-09 18:35:31,595 [om1-impl-thread1] INFO  segmented.SegmentedRaftLogWorker (SegmentedRaftLogWorker.java:lambda$new$0(134)) - om1@group-C5BA1605619E-SegmentedRaftLogWorker: flushIndex: setUnconditionally 0 -> -1
2024-02-09 18:35:31,595 [om1-impl-thread1] INFO  segmented.SegmentedRaftLogWorker (SegmentedRaftLogWorker.java:lambda$new$0(134)) - om1@group-C5BA1605619E-SegmentedRaftLogWorker: safeCacheEvictIndex: setUnconditionally 0 -> -1
2024-02-09 18:35:31,595 [om1-impl-thread1] INFO  server.RaftServer$Division (RaftServerImpl.java:start(396)) - om1@group-C5BA1605619E: start as a follower, conf=-1: peers:[om1|localhost:15363]|listeners:[], old=null
2024-02-09 18:35:31,595 [om1-impl-thread1] INFO  server.RaftServer$Division (RaftServerImpl.java:setRole(383)) - om1@group-C5BA1605619E: changes role from      null to FOLLOWER at term 0 for startAsFollower
2024-02-09 18:35:31,595 [om1-impl-thread1] INFO  impl.RoleInfo (RoleInfo.java:updateAndGet(139)) - om1: start om1@group-C5BA1605619E-FollowerState
2024-02-09 18:35:31,596 [om1-impl-thread1] INFO  util.JmxRegister (JmxRegister.java:tryRegister(44)) - Successfully registered JMX Bean with object name Ratis:service=RaftServer,group=group-C5BA1605619E,id=om1
2024-02-09 18:35:31,596 [om1@group-C5BA1605619E-FollowerState] INFO  server.RaftServerConfigKeys (ConfUtils.java:logFallback(53)) - raft.server.rpc.first-election.timeout.min = 1s (fallback to raft.server.rpc.timeout.min)
2024-02-09 18:35:31,596 [om1-impl-thread1] INFO  server.RaftServerConfigKeys (ConfUtils.java:logGet(46)) - raft.server.snapshot.trigger-when-stop.enabled = true (default)
2024-02-09 18:35:31,596 [om1@group-C5BA1605619E-FollowerState] INFO  server.RaftServerConfigKeys (ConfUtils.java:logFallback(53)) - raft.server.rpc.first-election.timeout.max = 1200ms (fallback to raft.server.rpc.timeout.max)
2024-02-09 18:35:31,596 [om1-impl-thread1] INFO  server.RaftServerConfigKeys (ConfUtils.java:logGet(46)) - raft.server.snapshot.auto.trigger.enabled = true (custom)
2024-02-09 18:35:31,596 [om1-impl-thread1] INFO  server.RaftServerConfigKeys (ConfUtils.java:logGet(46)) - raft.server.snapshot.auto.trigger.threshold = 400000 (default)
2024-02-09 18:35:31,596 [om1-impl-thread1] INFO  server.RaftServerConfigKeys (ConfUtils.java:logGet(46)) - raft.server.snapshot.retention.file.num = -1 (default)
2024-02-09 18:35:31,596 [om1-impl-thread1] INFO  server.RaftServerConfigKeys (ConfUtils.java:logGet(46)) - raft.server.log.purge.upto.snapshot.index = true (custom)
2024-02-09 18:35:31,596 [main] INFO  server.RaftServer (RaftServerProxy.java:startImpl(406)) - om1: start RPC server
2024-02-09 18:35:31,597 [main] INFO  server.GrpcService (GrpcService.java:startImpl(302)) - om1: GrpcService started, listening on 15363
2024-02-09 18:35:31,597 [JvmPauseMonitor45] INFO  util.JvmPauseMonitor (JvmPauseMonitor.java:run(146)) - JvmPauseMonitor-om1: Started
2024-02-09 18:35:31,598 [main] INFO  om.OzoneManager (OzoneManager.java:start(1645)) - Version File has different layout version (6) than OM DB (null). That is expected if this OM has never been finalized to a newer layout version.
2024-02-09 18:35:31,600 [main] INFO  http.BaseHttpServer (BaseHttpServer.java:newHttpServer2BuilderForOzone(223)) - Starting Web-server for ozoneManager at: http://0.0.0.0:15361
2024-02-09 18:35:31,600 [main] INFO  http.BaseHttpServer (BaseHttpServer.java:<init>(110)) - Hadoop Security Enabled: false Ozone Security Enabled: false Ozone HTTP Security Enabled: false 
2024-02-09 18:35:31,601 [main] WARN  server.AuthenticationFilter (AuthenticationFilter.java:constructSecretProvider(240)) - Unable to initialize FileSignerSecretProvider, falling back to use random secrets. Reason: Could not read signature secret file: /home/runner/hadoop-http-auth-signature-secret
2024-02-09 18:35:31,602 [main] INFO  http.HttpRequestLog (HttpRequestLog.java:getRequestLog(86)) - Http request log for http.requests.ozoneManager is not defined
2024-02-09 18:35:31,602 [main] INFO  http.HttpServer2 (HttpServer2.java:addGlobalFilter(1036)) - Added global filter 'safety' (class=org.apache.hadoop.hdds.server.http.HttpServer2$QuotingInputFilter)
2024-02-09 18:35:31,603 [main] INFO  http.HttpServer2 (HttpServer2.java:addFilter(1012)) - Added filter static_user_filter (class=org.apache.hadoop.http.lib.StaticUserWebFilter$StaticUserFilter) to context ozoneManager
2024-02-09 18:35:31,603 [main] INFO  http.HttpServer2 (HttpServer2.java:addFilter(1020)) - Added filter static_user_filter (class=org.apache.hadoop.http.lib.StaticUserWebFilter$StaticUserFilter) to context static
2024-02-09 18:35:31,603 [main] INFO  http.HttpServer2 (HttpServer2.java:addFilter(1020)) - Added filter static_user_filter (class=org.apache.hadoop.http.lib.StaticUserWebFilter$StaticUserFilter) to context logs
2024-02-09 18:35:31,603 [main] INFO  http.BaseHttpServer (BaseHttpServer.java:<init>(189)) - HTTP server of ozoneManager uses base directory /home/runner/work/ozone/ozone/hadoop-ozone/integration-test/target/test-dir/MiniOzoneClusterImpl-10a7684d-3d33-49d2-80ef-f5f5272a1eb0/ozone-meta/webserver
2024-02-09 18:35:31,604 [main] INFO  http.HttpServer2 (HttpServer2.java:bindListener(1236)) - Jetty bound to port 15361
2024-02-09 18:35:31,604 [main] INFO  server.Server (Server.java:doStart(375)) - jetty-9.4.53.v20231009; built: 2023-10-09T12:29:09.265Z; git: 27bde00a0b95a1d5bbee0eae7984f891d2d0f8c9; jvm 1.8.0_402-b06
2024-02-09 18:35:31,605 [main] INFO  server.session (DefaultSessionIdManager.java:doStart(334)) - DefaultSessionIdManager workerName=node0
2024-02-09 18:35:31,605 [main] INFO  server.session (DefaultSessionIdManager.java:doStart(339)) - No SessionScavenger set, using defaults
2024-02-09 18:35:31,605 [main] INFO  server.session (HouseKeeper.java:startScavenging(132)) - node0 Scavenging every 600000ms
2024-02-09 18:35:31,605 [main] INFO  handler.ContextHandler (ContextHandler.java:doStart(921)) - Started o.e.j.s.ServletContextHandler@506c5bd1{logs,/logs,file:///home/runner/work/ozone/ozone/hadoop-ozone/integration-test/target/log,AVAILABLE}
2024-02-09 18:35:31,606 [main] INFO  handler.ContextHandler (ContextHandler.java:doStart(921)) - Started o.e.j.s.ServletContextHandler@618a392f{static,/static,file:///home/runner/work/ozone/ozone/hadoop-ozone/integration-test/target/test-classes/webapps/static,AVAILABLE}
2024-02-09 18:35:31,607 [main] INFO  handler.ContextHandler (ContextHandler.java:doStart(921)) - Started o.e.j.w.WebAppContext@43624ff5{ozoneManager,/,file:///home/runner/work/ozone/ozone/hadoop-ozone/integration-test/target/test-classes/webapps/ozoneManager/,AVAILABLE}{file:/home/runner/work/ozone/ozone/hadoop-ozone/integration-test/target/test-classes/webapps/ozoneManager}
2024-02-09 18:35:31,609 [main] INFO  server.AbstractConnector (AbstractConnector.java:doStart(333)) - Started ServerConnector@64049991{HTTP/1.1, (http/1.1)}{0.0.0.0:15361}
2024-02-09 18:35:31,609 [main] INFO  server.Server (Server.java:doStart(415)) - Started @135402ms
2024-02-09 18:35:31,609 [main] WARN  impl.MetricsSystemImpl (MetricsSystemImpl.java:register(279)) - Sink prometheus already exists!
2024-02-09 18:35:31,609 [main] INFO  http.BaseHttpServer (BaseHttpServer.java:updateConnectorAddress(354)) - HTTP server of ozoneManager listening at http://0.0.0.0:15361
2024-02-09 18:35:31,609 [IPC Server Responder] INFO  ipc.Server (Server.java:run(1562)) - IPC Server Responder: starting
2024-02-09 18:35:31,609 [IPC Server listener on 15360] INFO  ipc.Server (Server.java:run(1402)) - IPC Server listener on 15360: starting
2024-02-09 18:35:31,610 [main] INFO  om.OzoneManager (OzoneManager.java:startTrashEmptier(2094)) - Trash Interval set to 0. Files deleted won't move to trash
2024-02-09 18:35:31,623 [main] WARN  dropwizard3.Dm3MetricRegistriesImpl (Dm3MetricRegistriesImpl.java:addReporterRegistration(113)) - New reporters are added after registries were created. Some metrics will be missing from the reporter. Please add reporter before adding any new registry.
2024-02-09 18:35:31,623 [main] WARN  dropwizard3.Dm3MetricRegistriesImpl (Dm3MetricRegistriesImpl.java:addReporterRegistration(113)) - New reporters are added after registries were created. Some metrics will be missing from the reporter. Please add reporter before adding any new registry.
2024-02-09 18:35:31,623 [main] INFO  impl.MetricsSystemImpl (MetricsSystemImpl.java:init(158)) - HddsDatanode metrics system started (again)
2024-02-09 18:35:31,630 [main] INFO  ozone.HddsDatanodeService (HddsDatanodeService.java:start(240)) - HddsDatanodeService host:fv-az1241-572.pcjn5njxctguzesueqcwbvg5cg.ex.internal.cloudapp.net ip:10.1.0.43
2024-02-09 18:35:31,646 [main] INFO  upgrade.AbstractLayoutVersionManager (AbstractLayoutVersionManager.java:init(83)) - Initializing Layout version manager with metadata layout = HADOOP_PRC_PORTS_IN_DATANODEDETAILS (version = 7), software layout = HADOOP_PRC_PORTS_IN_DATANODEDETAILS (version = 7)
2024-02-09 18:35:31,647 [main] INFO  statemachine.DatanodeStateMachine (DatanodeStateMachine.java:getEndPointTaskThreadPoolSize(299)) - Datanode State Machine Task Thread Pool size 2
2024-02-09 18:35:31,647 [main] INFO  volume.HddsVolume (HddsVolume.java:<init>(125)) - Creating HddsVolume: /home/runner/work/ozone/ozone/hadoop-ozone/integration-test/target/test-dir/MiniOzoneClusterImpl-10a7684d-3d33-49d2-80ef-f5f5272a1eb0/datanode-0/data-0/containers/hdds of storage type : DISK capacity : 9223372036854775807
2024-02-09 18:35:31,648 [main] INFO  volume.MutableVolumeSet (MutableVolumeSet.java:initializeVolumeSet(173)) - Added Volume : /home/runner/work/ozone/ozone/hadoop-ozone/integration-test/target/test-dir/MiniOzoneClusterImpl-10a7684d-3d33-49d2-80ef-f5f5272a1eb0/datanode-0/data-0/containers/hdds to VolumeSet
2024-02-09 18:35:31,648 [main] INFO  volume.MutableVolumeSet (MutableVolumeSet.java:initializeVolumeSet(173)) - Added Volume : /home/runner/work/ozone/ozone/hadoop-ozone/integration-test/target/test-dir/MiniOzoneClusterImpl-10a7684d-3d33-49d2-80ef-f5f5272a1eb0/datanode-0/data/ratis to VolumeSet
2024-02-09 18:35:31,648 [main] INFO  ozoneimpl.OzoneContainer (HddsVolumeUtil.java:loadAllHddsVolumeDbStore(103)) - Load 1 volumes DbStore cost: 0ms
2024-02-09 18:35:31,650 [main] INFO  server.RaftServer (ConfUtils.java:logGet(46)) - raft.rpc.type = GRPC (default)
2024-02-09 18:35:31,650 [main] INFO  grpc.GrpcConfigKeys (ConfUtils.java:logFallback(53)) - raft.grpc.admin.host = null (fallback to raft.grpc.server.host)
2024-02-09 18:35:31,650 [main] INFO  grpc.GrpcConfigKeys (ConfUtils.java:logGet(46)) - raft.grpc.admin.port = 15369 (custom)
2024-02-09 18:35:31,650 [main] INFO  grpc.GrpcConfigKeys (ConfUtils.java:logFallback(53)) - raft.grpc.client.host = null (fallback to raft.grpc.server.host)
2024-02-09 18:35:31,650 [main] INFO  grpc.GrpcConfigKeys (ConfUtils.java:logGet(46)) - raft.grpc.client.port = 15368 (custom)
2024-02-09 18:35:31,651 [main] INFO  grpc.GrpcConfigKeys (ConfUtils.java:logGet(46)) - raft.grpc.server.host = null (default)
2024-02-09 18:35:31,651 [main] INFO  grpc.GrpcConfigKeys (ConfUtils.java:logGet(46)) - raft.grpc.server.port = 15370 (custom)
2024-02-09 18:35:31,651 [main] INFO  server.GrpcService (ConfUtils.java:logGet(46)) - raft.grpc.message.size.max = 32MB (=33554432) (custom)
2024-02-09 18:35:31,651 [main] INFO  server.RaftServerConfigKeys (ConfUtils.java:logGet(46)) - raft.server.log.appender.buffer.byte-limit = 8388608 (custom)
2024-02-09 18:35:31,651 [main] INFO  server.GrpcService (ConfUtils.java:logGet(46)) - raft.grpc.flow.control.window = 5MB (=5242880) (custom)
2024-02-09 18:35:31,652 [main] INFO  server.RaftServerConfigKeys (ConfUtils.java:logGet(46)) - raft.server.rpc.request.timeout = 3000ms (default)
2024-02-09 18:35:31,652 [main] INFO  grpc.GrpcConfigKeys (ConfUtils.java:logGet(46)) - raft.grpc.server.heartbeat.channel = true (default)
2024-02-09 18:35:31,652 [main] INFO  grpc.GrpcConfigKeys (ConfUtils.java:logGet(46)) - raft.grpc.server.async.request.thread.pool.cached = true (default)
2024-02-09 18:35:31,652 [main] INFO  grpc.GrpcConfigKeys (ConfUtils.java:logGet(46)) - raft.grpc.server.async.request.thread.pool.size = 32 (default)
2024-02-09 18:35:31,654 [main] INFO  impl.DataStreamServerImpl (ConfUtils.java:logGet(46)) - raft.datastream.type = NETTY (custom)
2024-02-09 18:35:31,654 [main] INFO  server.RaftServerConfigKeys (ConfUtils.java:logGet(46)) - raft.server.data-stream.async.request.thread.pool.cached = false (default)
2024-02-09 18:35:31,654 [main] INFO  server.RaftServerConfigKeys (ConfUtils.java:logGet(46)) - raft.server.data-stream.async.request.thread.pool.size = 20 (custom)
2024-02-09 18:35:31,654 [main] INFO  server.RaftServerConfigKeys (ConfUtils.java:logGet(46)) - raft.server.data-stream.async.write.thread.pool.size = 16 (default)
2024-02-09 18:35:31,655 [main] INFO  netty.NettyConfigKeys$DataStream (ConfUtils.java:logGet(46)) - raft.netty.dataStream.server.channel.inactive.grace-period = 10min (default)
2024-02-09 18:35:31,655 [main] INFO  server.RaftServerConfigKeys (ConfUtils.java:logGet(46)) - raft.server.data-stream.client.pool.size = 10 (default)
2024-02-09 18:35:31,655 [main] INFO  netty.NettyConfigKeys$DataStream (ConfUtils.java:logGet(46)) - raft.netty.dataStream.server.use-epoll = true (default)
2024-02-09 18:35:31,655 [main] INFO  netty.NettyConfigKeys$DataStream (ConfUtils.java:logGet(46)) - raft.netty.dataStream.server.boss-group.size = 0 (default)
2024-02-09 18:35:31,655 [main] INFO  netty.NettyUtils (NettyUtils.java:newEventLoopGroup(69)) - Create EpollEventLoopGroup for cf8377d2-89dc-40fa-8f92-08f9232c90c8-NettyServerStreamRpc-bossGroup; Thread size is 0.
2024-02-09 18:35:31,655 [main] INFO  netty.NettyConfigKeys$DataStream (ConfUtils.java:logGet(46)) - raft.netty.dataStream.server.worker-group.size = 0 (default)
2024-02-09 18:35:31,656 [main] INFO  netty.NettyUtils (NettyUtils.java:newEventLoopGroup(69)) - Create EpollEventLoopGroup for cf8377d2-89dc-40fa-8f92-08f9232c90c8-NettyServerStreamRpc-workerGroup; Thread size is 0.
2024-02-09 18:35:31,656 [main] INFO  netty.NettyConfigKeys$DataStream (ConfUtils.java:logGet(46)) - raft.netty.dataStream.server.tls.conf = null (default)
2024-02-09 18:35:31,656 [main] INFO  netty.NettyConfigKeys$DataStream (ConfUtils.java:logGet(46)) - raft.netty.dataStream.host = null (default)
2024-02-09 18:35:31,656 [main] INFO  netty.NettyConfigKeys$DataStream (ConfUtils.java:logGet(46)) - raft.netty.dataStream.port = 15371 (custom)
2024-02-09 18:35:31,657 [main] INFO  server.RaftServerConfigKeys (ConfUtils.java:logGet(46)) - raft.server.sleep.deviation.threshold = 300ms (default)
2024-02-09 18:35:31,657 [cf8377d2-89dc-40fa-8f92-08f9232c90c8-NettyServerStreamRpc-bossGroup--thread1] INFO  logging.LoggingHandler (AbstractInternalLogger.java:log(148)) - [id: 0xb518a699] REGISTERED
2024-02-09 18:35:31,657 [main] INFO  server.RaftServerConfigKeys (ConfUtils.java:logGet(46)) - raft.server.close.threshold = 60s (default)
2024-02-09 18:35:31,657 [main] INFO  server.RaftServerConfigKeys (ConfUtils.java:logGet(46)) - raft.server.leaderelection.leader.step-down.wait-time = 10s (default)
2024-02-09 18:35:31,657 [main] INFO  server.RaftServerConfigKeys (ConfUtils.java:logGet(46)) - raft.server.storage.dir = [/home/runner/work/ozone/ozone/hadoop-ozone/integration-test/target/test-dir/MiniOzoneClusterImpl-10a7684d-3d33-49d2-80ef-f5f5272a1eb0/datanode-0/data/ratis] (custom)
2024-02-09 18:35:31,657 [main] INFO  server.RaftServerConfigKeys (ConfUtils.java:logGet(46)) - raft.server.threadpool.proxy.cached = true (default)
2024-02-09 18:35:31,658 [main] INFO  server.RaftServerConfigKeys (ConfUtils.java:logGet(46)) - raft.server.threadpool.proxy.size = 0 (default)
2024-02-09 18:35:31,657 [cf8377d2-89dc-40fa-8f92-08f9232c90c8-NettyServerStreamRpc-bossGroup--thread1] INFO  logging.LoggingHandler (AbstractInternalLogger.java:log(148)) - [id: 0xb518a699] BIND: 0.0.0.0/0.0.0.0:15371
2024-02-09 18:35:31,658 [cf8377d2-89dc-40fa-8f92-08f9232c90c8-NettyServerStreamRpc-bossGroup--thread1] INFO  logging.LoggingHandler (AbstractInternalLogger.java:log(148)) - [id: 0xb518a699, L:/0.0.0.0:15371] ACTIVE
2024-02-09 18:35:31,660 [cf8377d2-89dc-40fa-8f92-08f9232c90c8-impl-thread1] INFO  server.RaftServer (RaftServerProxy.java:initGroupDir(264)) - cf8377d2-89dc-40fa-8f92-08f9232c90c8: found a subdirectory /home/runner/work/ozone/ozone/hadoop-ozone/integration-test/target/test-dir/MiniOzoneClusterImpl-10a7684d-3d33-49d2-80ef-f5f5272a1eb0/datanode-0/data/ratis/tmp
2024-02-09 18:35:31,660 [cf8377d2-89dc-40fa-8f92-08f9232c90c8-impl-thread1] INFO  server.RaftServer (RaftServerProxy.java:initGroupDir(269)) - cf8377d2-89dc-40fa-8f92-08f9232c90c8: The directory /home/runner/work/ozone/ozone/hadoop-ozone/integration-test/target/test-dir/MiniOzoneClusterImpl-10a7684d-3d33-49d2-80ef-f5f5272a1eb0/datanode-0/data/ratis/tmp is not a group directory; ignoring it. 
2024-02-09 18:35:31,660 [main] INFO  replication.ReplicationServer (ReplicationServer.java:<init>(86)) - Initializing replication server with thread count = 10 queue length = 4096
2024-02-09 18:35:31,661 [main] INFO  server.XceiverServerGrpc (XceiverServerGrpc.java:<init>(141)) - GrpcServer channel type EpollServerSocketChannel
2024-02-09 18:35:31,662 [main] INFO  replication.ReplicationSupervisor (ReplicationSupervisor.java:build(163)) - Initializing replication supervisor with thread count = 10
2024-02-09 18:35:31,663 [main] INFO  replication.ReplicationSupervisor (ReplicationSupervisor.java:nodeStateUpdated(317)) - Node state updated to IN_SERVICE, scaling executor pool size to 10
2024-02-09 18:35:31,667 [main] INFO  http.BaseHttpServer (BaseHttpServer.java:newHttpServer2BuilderForOzone(223)) - Starting Web-server for hddsDatanode at: http://0.0.0.0:15365
2024-02-09 18:35:31,667 [main] INFO  http.BaseHttpServer (BaseHttpServer.java:<init>(110)) - Hadoop Security Enabled: false Ozone Security Enabled: false Ozone HTTP Security Enabled: false 
2024-02-09 18:35:31,668 [main] WARN  server.AuthenticationFilter (AuthenticationFilter.java:constructSecretProvider(240)) - Unable to initialize FileSignerSecretProvider, falling back to use random secrets. Reason: Could not read signature secret file: /home/runner/hadoop-http-auth-signature-secret
2024-02-09 18:35:31,668 [main] INFO  http.HttpRequestLog (HttpRequestLog.java:getRequestLog(86)) - Http request log for http.requests.hddsDatanode is not defined
2024-02-09 18:35:31,669 [main] INFO  http.HttpServer2 (HttpServer2.java:addGlobalFilter(1036)) - Added global filter 'safety' (class=org.apache.hadoop.hdds.server.http.HttpServer2$QuotingInputFilter)
2024-02-09 18:35:31,669 [main] INFO  http.HttpServer2 (HttpServer2.java:addFilter(1012)) - Added filter static_user_filter (class=org.apache.hadoop.http.lib.StaticUserWebFilter$StaticUserFilter) to context hddsDatanode
2024-02-09 18:35:31,669 [main] INFO  http.HttpServer2 (HttpServer2.java:addFilter(1020)) - Added filter static_user_filter (class=org.apache.hadoop.http.lib.StaticUserWebFilter$StaticUserFilter) to context logs
2024-02-09 18:35:31,669 [main] INFO  http.HttpServer2 (HttpServer2.java:addFilter(1020)) - Added filter static_user_filter (class=org.apache.hadoop.http.lib.StaticUserWebFilter$StaticUserFilter) to context static
2024-02-09 18:35:31,670 [main] INFO  http.BaseHttpServer (BaseHttpServer.java:<init>(189)) - HTTP server of hddsDatanode uses base directory /home/runner/work/ozone/ozone/hadoop-ozone/integration-test/target/test-dir/MiniOzoneClusterImpl-10a7684d-3d33-49d2-80ef-f5f5272a1eb0/datanode-0/meta/webserver
2024-02-09 18:35:31,670 [main] INFO  http.HttpServer2 (HttpServer2.java:bindListener(1236)) - Jetty bound to port 15365
2024-02-09 18:35:31,670 [main] INFO  server.Server (Server.java:doStart(375)) - jetty-9.4.53.v20231009; built: 2023-10-09T12:29:09.265Z; git: 27bde00a0b95a1d5bbee0eae7984f891d2d0f8c9; jvm 1.8.0_402-b06
2024-02-09 18:35:31,671 [main] INFO  server.session (DefaultSessionIdManager.java:doStart(334)) - DefaultSessionIdManager workerName=node0
2024-02-09 18:35:31,671 [main] INFO  server.session (DefaultSessionIdManager.java:doStart(339)) - No SessionScavenger set, using defaults
2024-02-09 18:35:31,671 [main] INFO  server.session (HouseKeeper.java:startScavenging(132)) - node0 Scavenging every 600000ms
2024-02-09 18:35:31,672 [main] INFO  handler.ContextHandler (ContextHandler.java:doStart(921)) - Started o.e.j.s.ServletContextHandler@66291e50{logs,/logs,file:///home/runner/work/ozone/ozone/hadoop-ozone/integration-test/target/log,AVAILABLE}
2024-02-09 18:35:31,672 [main] INFO  handler.ContextHandler (ContextHandler.java:doStart(921)) - Started o.e.j.s.ServletContextHandler@564afc21{static,/static,jar:file:/home/runner/.m2/repository/org/apache/ozone/hdds-container-service/1.5.0-SNAPSHOT/hdds-container-service-1.5.0-SNAPSHOT.jar!/webapps/static,AVAILABLE}
2024-02-09 18:35:31,703 [main] INFO  handler.ContextHandler (ContextHandler.java:doStart(921)) - Started o.e.j.w.WebAppContext@8e698d4{hddsDatanode,/,file:///home/runner/work/ozone/ozone/hadoop-ozone/integration-test/target/test-dir/MiniOzoneClusterImpl-10a7684d-3d33-49d2-80ef-f5f5272a1eb0/datanode-0/meta/webserver/jetty-0_0_0_0-15365-hdds-container-service-1_5_0-SNAPSHOT_jar-_-any-8317773466437378310/webapp/,AVAILABLE}{jar:file:/home/runner/.m2/repository/org/apache/ozone/hdds-container-service/1.5.0-SNAPSHOT/hdds-container-service-1.5.0-SNAPSHOT.jar!/webapps/hddsDatanode}
2024-02-09 18:35:31,704 [main] INFO  server.AbstractConnector (AbstractConnector.java:doStart(333)) - Started ServerConnector@251c131e{HTTP/1.1, (http/1.1)}{0.0.0.0:15365}
2024-02-09 18:35:31,704 [main] INFO  server.Server (Server.java:doStart(415)) - Started @135498ms
2024-02-09 18:35:31,704 [main] WARN  impl.MetricsSystemImpl (MetricsSystemImpl.java:register(279)) - Sink prometheus already exists!
2024-02-09 18:35:31,705 [main] INFO  http.BaseHttpServer (BaseHttpServer.java:updateConnectorAddress(354)) - HTTP server of hddsDatanode listening at http://0.0.0.0:15365
2024-02-09 18:35:31,705 [main] INFO  ipc.CallQueueManager (CallQueueManager.java:<init>(90)) - Using callQueue: class java.util.concurrent.LinkedBlockingQueue, queueCapacity: 100, scheduler: class org.apache.hadoop.ipc.DefaultRpcScheduler, ipcBackoff: false.
2024-02-09 18:35:31,705 [main] INFO  ipc.Server (Server.java:<init>(1287)) - Listener at 0.0.0.0:15366
2024-02-09 18:35:31,705 [Socket Reader #1 for port 15366] INFO  ipc.Server (Server.java:run(1323)) - Starting Socket Reader #1 for port 15366
2024-02-09 18:35:31,708 [main] INFO  ozone.HddsDatanodeService (HddsDatanodeService.java:start(327)) - Datanode start with admins: [runner]
2024-02-09 18:35:31,708 [main] INFO  ozone.HddsDatanodeClientProtocolServer (HddsDatanodeClientProtocolServer.java:start(72)) - RPC server for Client /0.0.0.0:15366
2024-02-09 18:35:31,709 [IPC Server Responder] INFO  ipc.Server (Server.java:run(1562)) - IPC Server Responder: starting
2024-02-09 18:35:31,709 [IPC Server listener on 15366] INFO  ipc.Server (Server.java:run(1402)) - IPC Server listener on 15366: starting
2024-02-09 18:35:31,710 [cf8377d2-89dc-40fa-8f92-08f9232c90c8-DatanodeStateMachineDaemonThread] INFO  statemachine.DatanodeStateMachine (DatanodeStateMachine.java:lambda$startDaemon$1(555)) - Ozone container server started.
2024-02-09 18:35:31,711 [main] WARN  dropwizard3.Dm3MetricRegistriesImpl (Dm3MetricRegistriesImpl.java:addReporterRegistration(113)) - New reporters are added after registries were created. Some metrics will be missing from the reporter. Please add reporter before adding any new registry.
2024-02-09 18:35:31,712 [main] WARN  dropwizard3.Dm3MetricRegistriesImpl (Dm3MetricRegistriesImpl.java:addReporterRegistration(113)) - New reporters are added after registries were created. Some metrics will be missing from the reporter. Please add reporter before adding any new registry.
2024-02-09 18:35:31,712 [main] INFO  impl.MetricsSystemImpl (MetricsSystemImpl.java:init(158)) - HddsDatanode metrics system started (again)
2024-02-09 18:35:31,714 [cf8377d2-89dc-40fa-8f92-08f9232c90c8-DatanodeStateMachineTaskThread-0] INFO  datanode.InitDatanodeState (InitDatanodeState.java:persistContainerDatanodeDetails(139)) - DatanodeDetails is persisted to /home/runner/work/ozone/ozone/hadoop-ozone/integration-test/target/test-dir/MiniOzoneClusterImpl-10a7684d-3d33-49d2-80ef-f5f5272a1eb0/datanode-0/meta/datanode.id
2024-02-09 18:35:31,720 [main] INFO  ozone.HddsDatanodeService (HddsDatanodeService.java:start(240)) - HddsDatanodeService host:fv-az1241-572.pcjn5njxctguzesueqcwbvg5cg.ex.internal.cloudapp.net ip:10.1.0.43
2024-02-09 18:35:31,736 [main] INFO  upgrade.AbstractLayoutVersionManager (AbstractLayoutVersionManager.java:init(83)) - Initializing Layout version manager with metadata layout = HADOOP_PRC_PORTS_IN_DATANODEDETAILS (version = 7), software layout = HADOOP_PRC_PORTS_IN_DATANODEDETAILS (version = 7)
2024-02-09 18:35:31,736 [main] INFO  statemachine.DatanodeStateMachine (DatanodeStateMachine.java:getEndPointTaskThreadPoolSize(299)) - Datanode State Machine Task Thread Pool size 2
2024-02-09 18:35:31,737 [main] INFO  volume.HddsVolume (HddsVolume.java:<init>(125)) - Creating HddsVolume: /home/runner/work/ozone/ozone/hadoop-ozone/integration-test/target/test-dir/MiniOzoneClusterImpl-10a7684d-3d33-49d2-80ef-f5f5272a1eb0/datanode-1/data-0/containers/hdds of storage type : DISK capacity : 9223372036854775807
2024-02-09 18:35:31,737 [main] INFO  volume.MutableVolumeSet (MutableVolumeSet.java:initializeVolumeSet(173)) - Added Volume : /home/runner/work/ozone/ozone/hadoop-ozone/integration-test/target/test-dir/MiniOzoneClusterImpl-10a7684d-3d33-49d2-80ef-f5f5272a1eb0/datanode-1/data-0/containers/hdds to VolumeSet
2024-02-09 18:35:31,737 [main] INFO  volume.MutableVolumeSet (MutableVolumeSet.java:initializeVolumeSet(173)) - Added Volume : /home/runner/work/ozone/ozone/hadoop-ozone/integration-test/target/test-dir/MiniOzoneClusterImpl-10a7684d-3d33-49d2-80ef-f5f5272a1eb0/datanode-1/data/ratis to VolumeSet
2024-02-09 18:35:31,738 [main] INFO  ozoneimpl.OzoneContainer (HddsVolumeUtil.java:loadAllHddsVolumeDbStore(103)) - Load 1 volumes DbStore cost: 1ms
2024-02-09 18:35:31,739 [main] INFO  server.RaftServer (ConfUtils.java:logGet(46)) - raft.rpc.type = GRPC (default)
2024-02-09 18:35:31,739 [main] INFO  grpc.GrpcConfigKeys (ConfUtils.java:logFallback(53)) - raft.grpc.admin.host = null (fallback to raft.grpc.server.host)
2024-02-09 18:35:31,739 [main] INFO  grpc.GrpcConfigKeys (ConfUtils.java:logGet(46)) - raft.grpc.admin.port = 15378 (custom)
2024-02-09 18:35:31,739 [main] INFO  grpc.GrpcConfigKeys (ConfUtils.java:logFallback(53)) - raft.grpc.client.host = null (fallback to raft.grpc.server.host)
2024-02-09 18:35:31,739 [main] INFO  grpc.GrpcConfigKeys (ConfUtils.java:logGet(46)) - raft.grpc.client.port = 15377 (custom)
2024-02-09 18:35:31,739 [main] INFO  grpc.GrpcConfigKeys (ConfUtils.java:logGet(46)) - raft.grpc.server.host = null (default)
2024-02-09 18:35:31,739 [main] INFO  grpc.GrpcConfigKeys (ConfUtils.java:logGet(46)) - raft.grpc.server.port = 15379 (custom)
2024-02-09 18:35:31,740 [main] INFO  server.GrpcService (ConfUtils.java:logGet(46)) - raft.grpc.message.size.max = 32MB (=33554432) (custom)
2024-02-09 18:35:31,740 [main] INFO  server.RaftServerConfigKeys (ConfUtils.java:logGet(46)) - raft.server.log.appender.buffer.byte-limit = 8388608 (custom)
2024-02-09 18:35:31,740 [main] INFO  server.GrpcService (ConfUtils.java:logGet(46)) - raft.grpc.flow.control.window = 5MB (=5242880) (custom)
2024-02-09 18:35:31,740 [main] INFO  server.RaftServerConfigKeys (ConfUtils.java:logGet(46)) - raft.server.rpc.request.timeout = 3000ms (default)
2024-02-09 18:35:31,740 [main] INFO  grpc.GrpcConfigKeys (ConfUtils.java:logGet(46)) - raft.grpc.server.heartbeat.channel = true (default)
2024-02-09 18:35:31,740 [main] INFO  grpc.GrpcConfigKeys (ConfUtils.java:logGet(46)) - raft.grpc.server.async.request.thread.pool.cached = true (default)
2024-02-09 18:35:31,740 [main] INFO  grpc.GrpcConfigKeys (ConfUtils.java:logGet(46)) - raft.grpc.server.async.request.thread.pool.size = 32 (default)
2024-02-09 18:35:31,742 [main] INFO  impl.DataStreamServerImpl (ConfUtils.java:logGet(46)) - raft.datastream.type = NETTY (custom)
2024-02-09 18:35:31,742 [main] INFO  server.RaftServerConfigKeys (ConfUtils.java:logGet(46)) - raft.server.data-stream.async.request.thread.pool.cached = false (default)
2024-02-09 18:35:31,742 [main] INFO  server.RaftServerConfigKeys (ConfUtils.java:logGet(46)) - raft.server.data-stream.async.request.thread.pool.size = 20 (custom)
2024-02-09 18:35:31,743 [main] INFO  server.RaftServerConfigKeys (ConfUtils.java:logGet(46)) - raft.server.data-stream.async.write.thread.pool.size = 16 (default)
2024-02-09 18:35:31,743 [main] INFO  netty.NettyConfigKeys$DataStream (ConfUtils.java:logGet(46)) - raft.netty.dataStream.server.channel.inactive.grace-period = 10min (default)
2024-02-09 18:35:31,743 [main] INFO  server.RaftServerConfigKeys (ConfUtils.java:logGet(46)) - raft.server.data-stream.client.pool.size = 10 (default)
2024-02-09 18:35:31,743 [main] INFO  netty.NettyConfigKeys$DataStream (ConfUtils.java:logGet(46)) - raft.netty.dataStream.server.use-epoll = true (default)
2024-02-09 18:35:31,744 [main] INFO  netty.NettyConfigKeys$DataStream (ConfUtils.java:logGet(46)) - raft.netty.dataStream.server.boss-group.size = 0 (default)
2024-02-09 18:35:31,744 [main] INFO  netty.NettyUtils (NettyUtils.java:newEventLoopGroup(69)) - Create EpollEventLoopGroup for 7b2d406f-67a0-48ec-b7b7-fdf942b3fd04-NettyServerStreamRpc-bossGroup; Thread size is 0.
2024-02-09 18:35:31,744 [main] INFO  netty.NettyConfigKeys$DataStream (ConfUtils.java:logGet(46)) - raft.netty.dataStream.server.worker-group.size = 0 (default)
2024-02-09 18:35:31,744 [main] INFO  netty.NettyUtils (NettyUtils.java:newEventLoopGroup(69)) - Create EpollEventLoopGroup for 7b2d406f-67a0-48ec-b7b7-fdf942b3fd04-NettyServerStreamRpc-workerGroup; Thread size is 0.
2024-02-09 18:35:31,744 [main] INFO  netty.NettyConfigKeys$DataStream (ConfUtils.java:logGet(46)) - raft.netty.dataStream.server.tls.conf = null (default)
2024-02-09 18:35:31,744 [main] INFO  netty.NettyConfigKeys$DataStream (ConfUtils.java:logGet(46)) - raft.netty.dataStream.host = null (default)
2024-02-09 18:35:31,745 [main] INFO  netty.NettyConfigKeys$DataStream (ConfUtils.java:logGet(46)) - raft.netty.dataStream.port = 15380 (custom)
2024-02-09 18:35:31,745 [main] INFO  server.RaftServerConfigKeys (ConfUtils.java:logGet(46)) - raft.server.sleep.deviation.threshold = 300ms (default)
2024-02-09 18:35:31,745 [main] INFO  server.RaftServerConfigKeys (ConfUtils.java:logGet(46)) - raft.server.close.threshold = 60s (default)
2024-02-09 18:35:31,745 [main] INFO  server.RaftServerConfigKeys (ConfUtils.java:logGet(46)) - raft.server.leaderelection.leader.step-down.wait-time = 10s (default)
2024-02-09 18:35:31,745 [7b2d406f-67a0-48ec-b7b7-fdf942b3fd04-NettyServerStreamRpc-bossGroup--thread1] INFO  logging.LoggingHandler (AbstractInternalLogger.java:log(148)) - [id: 0xf85dd53e] REGISTERED
2024-02-09 18:35:31,745 [main] INFO  server.RaftServerConfigKeys (ConfUtils.java:logGet(46)) - raft.server.storage.dir = [/home/runner/work/ozone/ozone/hadoop-ozone/integration-test/target/test-dir/MiniOzoneClusterImpl-10a7684d-3d33-49d2-80ef-f5f5272a1eb0/datanode-1/data/ratis] (custom)
2024-02-09 18:35:31,745 [7b2d406f-67a0-48ec-b7b7-fdf942b3fd04-NettyServerStreamRpc-bossGroup--thread1] INFO  logging.LoggingHandler (AbstractInternalLogger.java:log(148)) - [id: 0xf85dd53e] BIND: 0.0.0.0/0.0.0.0:15380
2024-02-09 18:35:31,746 [main] INFO  server.RaftServerConfigKeys (ConfUtils.java:logGet(46)) - raft.server.threadpool.proxy.cached = true (default)
2024-02-09 18:35:31,746 [7b2d406f-67a0-48ec-b7b7-fdf942b3fd04-NettyServerStreamRpc-bossGroup--thread1] INFO  logging.LoggingHandler (AbstractInternalLogger.java:log(148)) - [id: 0xf85dd53e, L:/0.0.0.0:15380] ACTIVE
2024-02-09 18:35:31,746 [main] INFO  server.RaftServerConfigKeys (ConfUtils.java:logGet(46)) - raft.server.threadpool.proxy.size = 0 (default)
2024-02-09 18:35:31,746 [7b2d406f-67a0-48ec-b7b7-fdf942b3fd04-impl-thread1] INFO  server.RaftServer (RaftServerProxy.java:initGroupDir(264)) - 7b2d406f-67a0-48ec-b7b7-fdf942b3fd04: found a subdirectory /home/runner/work/ozone/ozone/hadoop-ozone/integration-test/target/test-dir/MiniOzoneClusterImpl-10a7684d-3d33-49d2-80ef-f5f5272a1eb0/datanode-1/data/ratis/tmp
2024-02-09 18:35:31,746 [7b2d406f-67a0-48ec-b7b7-fdf942b3fd04-impl-thread1] INFO  server.RaftServer (RaftServerProxy.java:initGroupDir(269)) - 7b2d406f-67a0-48ec-b7b7-fdf942b3fd04: The directory /home/runner/work/ozone/ozone/hadoop-ozone/integration-test/target/test-dir/MiniOzoneClusterImpl-10a7684d-3d33-49d2-80ef-f5f5272a1eb0/datanode-1/data/ratis/tmp is not a group directory; ignoring it. 
2024-02-09 18:35:31,746 [main] INFO  replication.ReplicationServer (ReplicationServer.java:<init>(86)) - Initializing replication server with thread count = 10 queue length = 4096
2024-02-09 18:35:31,747 [main] INFO  server.XceiverServerGrpc (XceiverServerGrpc.java:<init>(141)) - GrpcServer channel type EpollServerSocketChannel
2024-02-09 18:35:31,748 [main] INFO  replication.ReplicationSupervisor (ReplicationSupervisor.java:build(163)) - Initializing replication supervisor with thread count = 10
2024-02-09 18:35:31,748 [main] INFO  replication.ReplicationSupervisor (ReplicationSupervisor.java:nodeStateUpdated(317)) - Node state updated to IN_SERVICE, scaling executor pool size to 10
2024-02-09 18:35:31,749 [main] INFO  http.BaseHttpServer (BaseHttpServer.java:newHttpServer2BuilderForOzone(223)) - Starting Web-server for hddsDatanode at: http://0.0.0.0:15374
2024-02-09 18:35:31,749 [main] INFO  http.BaseHttpServer (BaseHttpServer.java:<init>(110)) - Hadoop Security Enabled: false Ozone Security Enabled: false Ozone HTTP Security Enabled: false 
2024-02-09 18:35:31,750 [main] WARN  server.AuthenticationFilter (AuthenticationFilter.java:constructSecretProvider(240)) - Unable to initialize FileSignerSecretProvider, falling back to use random secrets. Reason: Could not read signature secret file: /home/runner/hadoop-http-auth-signature-secret
2024-02-09 18:35:31,750 [main] INFO  http.HttpRequestLog (HttpRequestLog.java:getRequestLog(86)) - Http request log for http.requests.hddsDatanode is not defined
2024-02-09 18:35:31,751 [main] INFO  http.HttpServer2 (HttpServer2.java:addGlobalFilter(1036)) - Added global filter 'safety' (class=org.apache.hadoop.hdds.server.http.HttpServer2$QuotingInputFilter)
2024-02-09 18:35:31,751 [main] INFO  http.HttpServer2 (HttpServer2.java:addFilter(1012)) - Added filter static_user_filter (class=org.apache.hadoop.http.lib.StaticUserWebFilter$StaticUserFilter) to context hddsDatanode
2024-02-09 18:35:31,751 [main] INFO  http.HttpServer2 (HttpServer2.java:addFilter(1020)) - Added filter static_user_filter (class=org.apache.hadoop.http.lib.StaticUserWebFilter$StaticUserFilter) to context static
2024-02-09 18:35:31,751 [main] INFO  http.HttpServer2 (HttpServer2.java:addFilter(1020)) - Added filter static_user_filter (class=org.apache.hadoop.http.lib.StaticUserWebFilter$StaticUserFilter) to context logs
2024-02-09 18:35:31,752 [main] INFO  http.BaseHttpServer (BaseHttpServer.java:<init>(189)) - HTTP server of hddsDatanode uses base directory /home/runner/work/ozone/ozone/hadoop-ozone/integration-test/target/test-dir/MiniOzoneClusterImpl-10a7684d-3d33-49d2-80ef-f5f5272a1eb0/datanode-1/meta/webserver
2024-02-09 18:35:31,752 [main] INFO  http.HttpServer2 (HttpServer2.java:bindListener(1236)) - Jetty bound to port 15374
2024-02-09 18:35:31,752 [main] INFO  server.Server (Server.java:doStart(375)) - jetty-9.4.53.v20231009; built: 2023-10-09T12:29:09.265Z; git: 27bde00a0b95a1d5bbee0eae7984f891d2d0f8c9; jvm 1.8.0_402-b06
2024-02-09 18:35:31,753 [main] INFO  server.session (DefaultSessionIdManager.java:doStart(334)) - DefaultSessionIdManager workerName=node0
2024-02-09 18:35:31,753 [main] INFO  server.session (DefaultSessionIdManager.java:doStart(339)) - No SessionScavenger set, using defaults
2024-02-09 18:35:31,753 [main] INFO  server.session (HouseKeeper.java:startScavenging(132)) - node0 Scavenging every 600000ms
2024-02-09 18:35:31,753 [main] INFO  handler.ContextHandler (ContextHandler.java:doStart(921)) - Started o.e.j.s.ServletContextHandler@5d5cc6d{logs,/logs,file:///home/runner/work/ozone/ozone/hadoop-ozone/integration-test/target/log,AVAILABLE}
2024-02-09 18:35:31,754 [main] INFO  handler.ContextHandler (ContextHandler.java:doStart(921)) - Started o.e.j.s.ServletContextHandler@55eddd99{static,/static,jar:file:/home/runner/.m2/repository/org/apache/ozone/hdds-container-service/1.5.0-SNAPSHOT/hdds-container-service-1.5.0-SNAPSHOT.jar!/webapps/static,AVAILABLE}
2024-02-09 18:35:31,785 [main] INFO  handler.ContextHandler (ContextHandler.java:doStart(921)) - Started o.e.j.w.WebAppContext@394145af{hddsDatanode,/,file:///home/runner/work/ozone/ozone/hadoop-ozone/integration-test/target/test-dir/MiniOzoneClusterImpl-10a7684d-3d33-49d2-80ef-f5f5272a1eb0/datanode-1/meta/webserver/jetty-0_0_0_0-15374-hdds-container-service-1_5_0-SNAPSHOT_jar-_-any-4820009033283402169/webapp/,AVAILABLE}{jar:file:/home/runner/.m2/repository/org/apache/ozone/hdds-container-service/1.5.0-SNAPSHOT/hdds-container-service-1.5.0-SNAPSHOT.jar!/webapps/hddsDatanode}
2024-02-09 18:35:31,788 [main] INFO  server.AbstractConnector (AbstractConnector.java:doStart(333)) - Started ServerConnector@3842ee34{HTTP/1.1, (http/1.1)}{0.0.0.0:15374}
2024-02-09 18:35:31,789 [main] INFO  server.Server (Server.java:doStart(415)) - Started @135582ms
2024-02-09 18:35:31,789 [main] WARN  impl.MetricsSystemImpl (MetricsSystemImpl.java:register(279)) - Sink prometheus already exists!
2024-02-09 18:35:31,789 [main] INFO  http.BaseHttpServer (BaseHttpServer.java:updateConnectorAddress(354)) - HTTP server of hddsDatanode listening at http://0.0.0.0:15374
2024-02-09 18:35:31,790 [main] INFO  ipc.CallQueueManager (CallQueueManager.java:<init>(90)) - Using callQueue: class java.util.concurrent.LinkedBlockingQueue, queueCapacity: 100, scheduler: class org.apache.hadoop.ipc.DefaultRpcScheduler, ipcBackoff: false.
2024-02-09 18:35:31,790 [main] INFO  ipc.Server (Server.java:<init>(1287)) - Listener at 0.0.0.0:15375
2024-02-09 18:35:31,790 [Socket Reader #1 for port 15375] INFO  ipc.Server (Server.java:run(1323)) - Starting Socket Reader #1 for port 15375
2024-02-09 18:35:31,792 [main] INFO  ozone.HddsDatanodeService (HddsDatanodeService.java:start(327)) - Datanode start with admins: [runner]
2024-02-09 18:35:31,793 [main] INFO  ozone.HddsDatanodeClientProtocolServer (HddsDatanodeClientProtocolServer.java:start(72)) - RPC server for Client /0.0.0.0:15375
2024-02-09 18:35:31,794 [IPC Server Responder] INFO  ipc.Server (Server.java:run(1562)) - IPC Server Responder: starting
2024-02-09 18:35:31,794 [IPC Server listener on 15375] INFO  ipc.Server (Server.java:run(1402)) - IPC Server listener on 15375: starting
2024-02-09 18:35:31,794 [main] WARN  dropwizard3.Dm3MetricRegistriesImpl (Dm3MetricRegistriesImpl.java:addReporterRegistration(113)) - New reporters are added after registries were created. Some metrics will be missing from the reporter. Please add reporter before adding any new registry.
2024-02-09 18:35:31,795 [main] WARN  dropwizard3.Dm3MetricRegistriesImpl (Dm3MetricRegistriesImpl.java:addReporterRegistration(113)) - New reporters are added after registries were created. Some metrics will be missing from the reporter. Please add reporter before adding any new registry.
2024-02-09 18:35:31,794 [7b2d406f-67a0-48ec-b7b7-fdf942b3fd04-DatanodeStateMachineDaemonThread] INFO  statemachine.DatanodeStateMachine (DatanodeStateMachine.java:lambda$startDaemon$1(555)) - Ozone container server started.
2024-02-09 18:35:31,795 [main] INFO  impl.MetricsSystemImpl (MetricsSystemImpl.java:init(158)) - HddsDatanode metrics system started (again)
2024-02-09 18:35:31,798 [7b2d406f-67a0-48ec-b7b7-fdf942b3fd04-DatanodeStateMachineTaskThread-0] INFO  datanode.InitDatanodeState (InitDatanodeState.java:persistContainerDatanodeDetails(139)) - DatanodeDetails is persisted to /home/runner/work/ozone/ozone/hadoop-ozone/integration-test/target/test-dir/MiniOzoneClusterImpl-10a7684d-3d33-49d2-80ef-f5f5272a1eb0/datanode-1/meta/datanode.id
2024-02-09 18:35:31,804 [main] INFO  ozone.HddsDatanodeService (HddsDatanodeService.java:start(240)) - HddsDatanodeService host:fv-az1241-572.pcjn5njxctguzesueqcwbvg5cg.ex.internal.cloudapp.net ip:10.1.0.43
2024-02-09 18:35:31,814 [timer6] WARN  server.GrpcLogAppender (LogUtils.java:warn(121)) - a2d11f98-fc76-41a8-8877-e5ec51dae9c2@group-31A1C7ADE086->f9ffba6d-13e5-4d6f-9c63-231bb1a32c88-AppendLogResponseHandler: Failed appendEntries (Repeated 2 times in the last 5.001s): org.apache.ratis.thirdparty.io.grpc.StatusRuntimeException: UNAVAILABLE: io exception
2024-02-09 18:35:31,821 [main] INFO  upgrade.AbstractLayoutVersionManager (AbstractLayoutVersionManager.java:init(83)) - Initializing Layout version manager with metadata layout = HADOOP_PRC_PORTS_IN_DATANODEDETAILS (version = 7), software layout = HADOOP_PRC_PORTS_IN_DATANODEDETAILS (version = 7)
2024-02-09 18:35:31,821 [main] INFO  statemachine.DatanodeStateMachine (DatanodeStateMachine.java:getEndPointTaskThreadPoolSize(299)) - Datanode State Machine Task Thread Pool size 2
2024-02-09 18:35:31,822 [main] INFO  volume.HddsVolume (HddsVolume.java:<init>(125)) - Creating HddsVolume: /home/runner/work/ozone/ozone/hadoop-ozone/integration-test/target/test-dir/MiniOzoneClusterImpl-10a7684d-3d33-49d2-80ef-f5f5272a1eb0/datanode-2/data-0/containers/hdds of storage type : DISK capacity : 9223372036854775807
2024-02-09 18:35:31,822 [main] INFO  volume.MutableVolumeSet (MutableVolumeSet.java:initializeVolumeSet(173)) - Added Volume : /home/runner/work/ozone/ozone/hadoop-ozone/integration-test/target/test-dir/MiniOzoneClusterImpl-10a7684d-3d33-49d2-80ef-f5f5272a1eb0/datanode-2/data-0/containers/hdds to VolumeSet
2024-02-09 18:35:31,822 [main] INFO  volume.MutableVolumeSet (MutableVolumeSet.java:initializeVolumeSet(173)) - Added Volume : /home/runner/work/ozone/ozone/hadoop-ozone/integration-test/target/test-dir/MiniOzoneClusterImpl-10a7684d-3d33-49d2-80ef-f5f5272a1eb0/datanode-2/data/ratis to VolumeSet
2024-02-09 18:35:31,823 [main] INFO  ozoneimpl.OzoneContainer (HddsVolumeUtil.java:loadAllHddsVolumeDbStore(103)) - Load 1 volumes DbStore cost: 1ms
2024-02-09 18:35:31,824 [main] INFO  server.RaftServer (ConfUtils.java:logGet(46)) - raft.rpc.type = GRPC (default)
2024-02-09 18:35:31,824 [main] INFO  grpc.GrpcConfigKeys (ConfUtils.java:logFallback(53)) - raft.grpc.admin.host = null (fallback to raft.grpc.server.host)
2024-02-09 18:35:31,824 [main] INFO  grpc.GrpcConfigKeys (ConfUtils.java:logGet(46)) - raft.grpc.admin.port = 15387 (custom)
2024-02-09 18:35:31,824 [main] INFO  grpc.GrpcConfigKeys (ConfUtils.java:logFallback(53)) - raft.grpc.client.host = null (fallback to raft.grpc.server.host)
2024-02-09 18:35:31,824 [main] INFO  grpc.GrpcConfigKeys (ConfUtils.java:logGet(46)) - raft.grpc.client.port = 15386 (custom)
2024-02-09 18:35:31,824 [main] INFO  grpc.GrpcConfigKeys (ConfUtils.java:logGet(46)) - raft.grpc.server.host = null (default)
2024-02-09 18:35:31,824 [main] INFO  grpc.GrpcConfigKeys (ConfUtils.java:logGet(46)) - raft.grpc.server.port = 15388 (custom)
2024-02-09 18:35:31,825 [main] INFO  server.GrpcService (ConfUtils.java:logGet(46)) - raft.grpc.message.size.max = 32MB (=33554432) (custom)
2024-02-09 18:35:31,825 [main] INFO  server.RaftServerConfigKeys (ConfUtils.java:logGet(46)) - raft.server.log.appender.buffer.byte-limit = 8388608 (custom)
2024-02-09 18:35:31,825 [main] INFO  server.GrpcService (ConfUtils.java:logGet(46)) - raft.grpc.flow.control.window = 5MB (=5242880) (custom)
2024-02-09 18:35:31,825 [main] INFO  server.RaftServerConfigKeys (ConfUtils.java:logGet(46)) - raft.server.rpc.request.timeout = 3000ms (default)
2024-02-09 18:35:31,825 [main] INFO  grpc.GrpcConfigKeys (ConfUtils.java:logGet(46)) - raft.grpc.server.heartbeat.channel = true (default)
2024-02-09 18:35:31,825 [main] INFO  grpc.GrpcConfigKeys (ConfUtils.java:logGet(46)) - raft.grpc.server.async.request.thread.pool.cached = true (default)
2024-02-09 18:35:31,825 [main] INFO  grpc.GrpcConfigKeys (ConfUtils.java:logGet(46)) - raft.grpc.server.async.request.thread.pool.size = 32 (default)
2024-02-09 18:35:31,827 [main] INFO  impl.DataStreamServerImpl (ConfUtils.java:logGet(46)) - raft.datastream.type = NETTY (custom)
2024-02-09 18:35:31,827 [main] INFO  server.RaftServerConfigKeys (ConfUtils.java:logGet(46)) - raft.server.data-stream.async.request.thread.pool.cached = false (default)
2024-02-09 18:35:31,827 [main] INFO  server.RaftServerConfigKeys (ConfUtils.java:logGet(46)) - raft.server.data-stream.async.request.thread.pool.size = 20 (custom)
2024-02-09 18:35:31,827 [main] INFO  server.RaftServerConfigKeys (ConfUtils.java:logGet(46)) - raft.server.data-stream.async.write.thread.pool.size = 16 (default)
2024-02-09 18:35:31,828 [main] INFO  netty.NettyConfigKeys$DataStream (ConfUtils.java:logGet(46)) - raft.netty.dataStream.server.channel.inactive.grace-period = 10min (default)
2024-02-09 18:35:31,828 [main] INFO  server.RaftServerConfigKeys (ConfUtils.java:logGet(46)) - raft.server.data-stream.client.pool.size = 10 (default)
2024-02-09 18:35:31,828 [main] INFO  netty.NettyConfigKeys$DataStream (ConfUtils.java:logGet(46)) - raft.netty.dataStream.server.use-epoll = true (default)
2024-02-09 18:35:31,828 [main] INFO  netty.NettyConfigKeys$DataStream (ConfUtils.java:logGet(46)) - raft.netty.dataStream.server.boss-group.size = 0 (default)
2024-02-09 18:35:31,828 [main] INFO  netty.NettyUtils (NettyUtils.java:newEventLoopGroup(69)) - Create EpollEventLoopGroup for 81d78f49-5211-4a7a-996b-69bb86adfbbb-NettyServerStreamRpc-bossGroup; Thread size is 0.
2024-02-09 18:35:31,829 [main] INFO  netty.NettyConfigKeys$DataStream (ConfUtils.java:logGet(46)) - raft.netty.dataStream.server.worker-group.size = 0 (default)
2024-02-09 18:35:31,829 [main] INFO  netty.NettyUtils (NettyUtils.java:newEventLoopGroup(69)) - Create EpollEventLoopGroup for 81d78f49-5211-4a7a-996b-69bb86adfbbb-NettyServerStreamRpc-workerGroup; Thread size is 0.
2024-02-09 18:35:31,829 [main] INFO  netty.NettyConfigKeys$DataStream (ConfUtils.java:logGet(46)) - raft.netty.dataStream.server.tls.conf = null (default)
2024-02-09 18:35:31,829 [main] INFO  netty.NettyConfigKeys$DataStream (ConfUtils.java:logGet(46)) - raft.netty.dataStream.host = null (default)
2024-02-09 18:35:31,829 [main] INFO  netty.NettyConfigKeys$DataStream (ConfUtils.java:logGet(46)) - raft.netty.dataStream.port = 15389 (custom)
2024-02-09 18:35:31,829 [main] INFO  server.RaftServerConfigKeys (ConfUtils.java:logGet(46)) - raft.server.sleep.deviation.threshold = 300ms (default)
2024-02-09 18:35:31,830 [main] INFO  server.RaftServerConfigKeys (ConfUtils.java:logGet(46)) - raft.server.close.threshold = 60s (default)
2024-02-09 18:35:31,830 [main] INFO  server.RaftServerConfigKeys (ConfUtils.java:logGet(46)) - raft.server.leaderelection.leader.step-down.wait-time = 10s (default)
2024-02-09 18:35:31,830 [81d78f49-5211-4a7a-996b-69bb86adfbbb-NettyServerStreamRpc-bossGroup--thread1] INFO  logging.LoggingHandler (AbstractInternalLogger.java:log(148)) - [id: 0x0e9eb795] REGISTERED
2024-02-09 18:35:31,830 [main] INFO  server.RaftServerConfigKeys (ConfUtils.java:logGet(46)) - raft.server.storage.dir = [/home/runner/work/ozone/ozone/hadoop-ozone/integration-test/target/test-dir/MiniOzoneClusterImpl-10a7684d-3d33-49d2-80ef-f5f5272a1eb0/datanode-2/data/ratis] (custom)
2024-02-09 18:35:31,830 [81d78f49-5211-4a7a-996b-69bb86adfbbb-NettyServerStreamRpc-bossGroup--thread1] INFO  logging.LoggingHandler (AbstractInternalLogger.java:log(148)) - [id: 0x0e9eb795] BIND: 0.0.0.0/0.0.0.0:15389
2024-02-09 18:35:31,830 [main] INFO  server.RaftServerConfigKeys (ConfUtils.java:logGet(46)) - raft.server.threadpool.proxy.cached = true (default)
2024-02-09 18:35:31,830 [81d78f49-5211-4a7a-996b-69bb86adfbbb-NettyServerStreamRpc-bossGroup--thread1] INFO  logging.LoggingHandler (AbstractInternalLogger.java:log(148)) - [id: 0x0e9eb795, L:/0.0.0.0:15389] ACTIVE
2024-02-09 18:35:31,830 [main] INFO  server.RaftServerConfigKeys (ConfUtils.java:logGet(46)) - raft.server.threadpool.proxy.size = 0 (default)
2024-02-09 18:35:31,831 [81d78f49-5211-4a7a-996b-69bb86adfbbb-impl-thread1] INFO  server.RaftServer (RaftServerProxy.java:initGroupDir(264)) - 81d78f49-5211-4a7a-996b-69bb86adfbbb: found a subdirectory /home/runner/work/ozone/ozone/hadoop-ozone/integration-test/target/test-dir/MiniOzoneClusterImpl-10a7684d-3d33-49d2-80ef-f5f5272a1eb0/datanode-2/data/ratis/tmp
2024-02-09 18:35:31,831 [81d78f49-5211-4a7a-996b-69bb86adfbbb-impl-thread1] INFO  server.RaftServer (RaftServerProxy.java:initGroupDir(269)) - 81d78f49-5211-4a7a-996b-69bb86adfbbb: The directory /home/runner/work/ozone/ozone/hadoop-ozone/integration-test/target/test-dir/MiniOzoneClusterImpl-10a7684d-3d33-49d2-80ef-f5f5272a1eb0/datanode-2/data/ratis/tmp is not a group directory; ignoring it. 
2024-02-09 18:35:31,831 [main] INFO  replication.ReplicationServer (ReplicationServer.java:<init>(86)) - Initializing replication server with thread count = 10 queue length = 4096
2024-02-09 18:35:31,832 [main] INFO  server.XceiverServerGrpc (XceiverServerGrpc.java:<init>(141)) - GrpcServer channel type EpollServerSocketChannel
2024-02-09 18:35:31,832 [main] INFO  replication.ReplicationSupervisor (ReplicationSupervisor.java:build(163)) - Initializing replication supervisor with thread count = 10
2024-02-09 18:35:31,833 [main] INFO  replication.ReplicationSupervisor (ReplicationSupervisor.java:nodeStateUpdated(317)) - Node state updated to IN_SERVICE, scaling executor pool size to 10
2024-02-09 18:35:31,834 [main] INFO  http.BaseHttpServer (BaseHttpServer.java:newHttpServer2BuilderForOzone(223)) - Starting Web-server for hddsDatanode at: http://0.0.0.0:15383
2024-02-09 18:35:31,834 [main] INFO  http.BaseHttpServer (BaseHttpServer.java:<init>(110)) - Hadoop Security Enabled: false Ozone Security Enabled: false Ozone HTTP Security Enabled: false 
2024-02-09 18:35:31,835 [main] WARN  server.AuthenticationFilter (AuthenticationFilter.java:constructSecretProvider(240)) - Unable to initialize FileSignerSecretProvider, falling back to use random secrets. Reason: Could not read signature secret file: /home/runner/hadoop-http-auth-signature-secret
2024-02-09 18:35:31,835 [main] INFO  http.HttpRequestLog (HttpRequestLog.java:getRequestLog(86)) - Http request log for http.requests.hddsDatanode is not defined
2024-02-09 18:35:31,836 [main] INFO  http.HttpServer2 (HttpServer2.java:addGlobalFilter(1036)) - Added global filter 'safety' (class=org.apache.hadoop.hdds.server.http.HttpServer2$QuotingInputFilter)
2024-02-09 18:35:31,836 [main] INFO  http.HttpServer2 (HttpServer2.java:addFilter(1012)) - Added filter static_user_filter (class=org.apache.hadoop.http.lib.StaticUserWebFilter$StaticUserFilter) to context hddsDatanode
2024-02-09 18:35:31,837 [main] INFO  http.HttpServer2 (HttpServer2.java:addFilter(1020)) - Added filter static_user_filter (class=org.apache.hadoop.http.lib.StaticUserWebFilter$StaticUserFilter) to context static
2024-02-09 18:35:31,837 [main] INFO  http.HttpServer2 (HttpServer2.java:addFilter(1020)) - Added filter static_user_filter (class=org.apache.hadoop.http.lib.StaticUserWebFilter$StaticUserFilter) to context logs
2024-02-09 18:35:31,837 [main] INFO  http.BaseHttpServer (BaseHttpServer.java:<init>(189)) - HTTP server of hddsDatanode uses base directory /home/runner/work/ozone/ozone/hadoop-ozone/integration-test/target/test-dir/MiniOzoneClusterImpl-10a7684d-3d33-49d2-80ef-f5f5272a1eb0/datanode-2/meta/webserver
2024-02-09 18:35:31,837 [main] INFO  http.HttpServer2 (HttpServer2.java:bindListener(1236)) - Jetty bound to port 15383
2024-02-09 18:35:31,838 [main] INFO  server.Server (Server.java:doStart(375)) - jetty-9.4.53.v20231009; built: 2023-10-09T12:29:09.265Z; git: 27bde00a0b95a1d5bbee0eae7984f891d2d0f8c9; jvm 1.8.0_402-b06
2024-02-09 18:35:31,839 [main] INFO  server.session (DefaultSessionIdManager.java:doStart(334)) - DefaultSessionIdManager workerName=node0
2024-02-09 18:35:31,839 [main] INFO  server.session (DefaultSessionIdManager.java:doStart(339)) - No SessionScavenger set, using defaults
2024-02-09 18:35:31,839 [main] INFO  server.session (HouseKeeper.java:startScavenging(132)) - node0 Scavenging every 600000ms
2024-02-09 18:35:31,840 [main] INFO  handler.ContextHandler (ContextHandler.java:doStart(921)) - Started o.e.j.s.ServletContextHandler@349cf2bf{logs,/logs,file:///home/runner/work/ozone/ozone/hadoop-ozone/integration-test/target/log,AVAILABLE}
2024-02-09 18:35:31,840 [main] INFO  handler.ContextHandler (ContextHandler.java:doStart(921)) - Started o.e.j.s.ServletContextHandler@51adc0cc{static,/static,jar:file:/home/runner/.m2/repository/org/apache/ozone/hdds-container-service/1.5.0-SNAPSHOT/hdds-container-service-1.5.0-SNAPSHOT.jar!/webapps/static,AVAILABLE}
2024-02-09 18:35:31,872 [main] INFO  handler.ContextHandler (ContextHandler.java:doStart(921)) - Started o.e.j.w.WebAppContext@5ae897b5{hddsDatanode,/,file:///home/runner/work/ozone/ozone/hadoop-ozone/integration-test/target/test-dir/MiniOzoneClusterImpl-10a7684d-3d33-49d2-80ef-f5f5272a1eb0/datanode-2/meta/webserver/jetty-0_0_0_0-15383-hdds-container-service-1_5_0-SNAPSHOT_jar-_-any-8370821086425318683/webapp/,AVAILABLE}{jar:file:/home/runner/.m2/repository/org/apache/ozone/hdds-container-service/1.5.0-SNAPSHOT/hdds-container-service-1.5.0-SNAPSHOT.jar!/webapps/hddsDatanode}
2024-02-09 18:35:31,873 [main] INFO  server.AbstractConnector (AbstractConnector.java:doStart(333)) - Started ServerConnector@1b54dde{HTTP/1.1, (http/1.1)}{0.0.0.0:15383}
2024-02-09 18:35:31,873 [main] INFO  server.Server (Server.java:doStart(415)) - Started @135667ms
2024-02-09 18:35:31,874 [main] WARN  impl.MetricsSystemImpl (MetricsSystemImpl.java:register(279)) - Sink prometheus already exists!
2024-02-09 18:35:31,874 [main] INFO  http.BaseHttpServer (BaseHttpServer.java:updateConnectorAddress(354)) - HTTP server of hddsDatanode listening at http://0.0.0.0:15383
2024-02-09 18:35:31,874 [main] INFO  ipc.CallQueueManager (CallQueueManager.java:<init>(90)) - Using callQueue: class java.util.concurrent.LinkedBlockingQueue, queueCapacity: 100, scheduler: class org.apache.hadoop.ipc.DefaultRpcScheduler, ipcBackoff: false.
2024-02-09 18:35:31,874 [main] INFO  ipc.Server (Server.java:<init>(1287)) - Listener at 0.0.0.0:15384
2024-02-09 18:35:31,875 [Socket Reader #1 for port 15384] INFO  ipc.Server (Server.java:run(1323)) - Starting Socket Reader #1 for port 15384
2024-02-09 18:35:31,879 [main] INFO  ozone.HddsDatanodeService (HddsDatanodeService.java:start(327)) - Datanode start with admins: [runner]
2024-02-09 18:35:31,879 [main] INFO  ozone.HddsDatanodeClientProtocolServer (HddsDatanodeClientProtocolServer.java:start(72)) - RPC server for Client /0.0.0.0:15384
2024-02-09 18:35:31,880 [IPC Server Responder] INFO  ipc.Server (Server.java:run(1562)) - IPC Server Responder: starting
2024-02-09 18:35:31,880 [IPC Server listener on 15384] INFO  ipc.Server (Server.java:run(1402)) - IPC Server listener on 15384: starting
2024-02-09 18:35:31,885 [81d78f49-5211-4a7a-996b-69bb86adfbbb-DatanodeStateMachineDaemonThread] INFO  statemachine.DatanodeStateMachine (DatanodeStateMachine.java:lambda$startDaemon$1(555)) - Ozone container server started.
2024-02-09 18:35:31,885 [main] WARN  dropwizard3.Dm3MetricRegistriesImpl (Dm3MetricRegistriesImpl.java:addReporterRegistration(113)) - New reporters are added after registries were created. Some metrics will be missing from the reporter. Please add reporter before adding any new registry.
2024-02-09 18:35:31,886 [main] WARN  dropwizard3.Dm3MetricRegistriesImpl (Dm3MetricRegistriesImpl.java:addReporterRegistration(113)) - New reporters are added after registries were created. Some metrics will be missing from the reporter. Please add reporter before adding any new registry.
2024-02-09 18:35:31,886 [main] INFO  impl.MetricsSystemImpl (MetricsSystemImpl.java:init(158)) - HddsDatanode metrics system started (again)
2024-02-09 18:35:31,888 [81d78f49-5211-4a7a-996b-69bb86adfbbb-DatanodeStateMachineTaskThread-0] INFO  datanode.InitDatanodeState (InitDatanodeState.java:persistContainerDatanodeDetails(139)) - DatanodeDetails is persisted to /home/runner/work/ozone/ozone/hadoop-ozone/integration-test/target/test-dir/MiniOzoneClusterImpl-10a7684d-3d33-49d2-80ef-f5f5272a1eb0/datanode-2/meta/datanode.id
2024-02-09 18:35:31,895 [main] INFO  ozone.HddsDatanodeService (HddsDatanodeService.java:start(240)) - HddsDatanodeService host:fv-az1241-572.pcjn5njxctguzesueqcwbvg5cg.ex.internal.cloudapp.net ip:10.1.0.43
2024-02-09 18:35:31,911 [main] INFO  upgrade.AbstractLayoutVersionManager (AbstractLayoutVersionManager.java:init(83)) - Initializing Layout version manager with metadata layout = HADOOP_PRC_PORTS_IN_DATANODEDETAILS (version = 7), software layout = HADOOP_PRC_PORTS_IN_DATANODEDETAILS (version = 7)
2024-02-09 18:35:31,911 [main] INFO  statemachine.DatanodeStateMachine (DatanodeStateMachine.java:getEndPointTaskThreadPoolSize(299)) - Datanode State Machine Task Thread Pool size 2
2024-02-09 18:35:31,912 [main] INFO  volume.HddsVolume (HddsVolume.java:<init>(125)) - Creating HddsVolume: /home/runner/work/ozone/ozone/hadoop-ozone/integration-test/target/test-dir/MiniOzoneClusterImpl-10a7684d-3d33-49d2-80ef-f5f5272a1eb0/datanode-3/data-0/containers/hdds of storage type : DISK capacity : 9223372036854775807
2024-02-09 18:35:31,912 [main] INFO  volume.MutableVolumeSet (MutableVolumeSet.java:initializeVolumeSet(173)) - Added Volume : /home/runner/work/ozone/ozone/hadoop-ozone/integration-test/target/test-dir/MiniOzoneClusterImpl-10a7684d-3d33-49d2-80ef-f5f5272a1eb0/datanode-3/data-0/containers/hdds to VolumeSet
2024-02-09 18:35:31,912 [main] INFO  volume.MutableVolumeSet (MutableVolumeSet.java:initializeVolumeSet(173)) - Added Volume : /home/runner/work/ozone/ozone/hadoop-ozone/integration-test/target/test-dir/MiniOzoneClusterImpl-10a7684d-3d33-49d2-80ef-f5f5272a1eb0/datanode-3/data/ratis to VolumeSet
2024-02-09 18:35:31,913 [main] INFO  ozoneimpl.OzoneContainer (HddsVolumeUtil.java:loadAllHddsVolumeDbStore(103)) - Load 1 volumes DbStore cost: 0ms
2024-02-09 18:35:31,914 [main] INFO  server.RaftServer (ConfUtils.java:logGet(46)) - raft.rpc.type = GRPC (default)
2024-02-09 18:35:31,915 [main] INFO  grpc.GrpcConfigKeys (ConfUtils.java:logFallback(53)) - raft.grpc.admin.host = null (fallback to raft.grpc.server.host)
2024-02-09 18:35:31,915 [main] INFO  grpc.GrpcConfigKeys (ConfUtils.java:logGet(46)) - raft.grpc.admin.port = 15396 (custom)
2024-02-09 18:35:31,915 [main] INFO  grpc.GrpcConfigKeys (ConfUtils.java:logFallback(53)) - raft.grpc.client.host = null (fallback to raft.grpc.server.host)
2024-02-09 18:35:31,915 [main] INFO  grpc.GrpcConfigKeys (ConfUtils.java:logGet(46)) - raft.grpc.client.port = 15395 (custom)
2024-02-09 18:35:31,915 [main] INFO  grpc.GrpcConfigKeys (ConfUtils.java:logGet(46)) - raft.grpc.server.host = null (default)
2024-02-09 18:35:31,916 [main] INFO  grpc.GrpcConfigKeys (ConfUtils.java:logGet(46)) - raft.grpc.server.port = 15397 (custom)
2024-02-09 18:35:31,916 [main] INFO  server.GrpcService (ConfUtils.java:logGet(46)) - raft.grpc.message.size.max = 32MB (=33554432) (custom)
2024-02-09 18:35:31,916 [main] INFO  server.RaftServerConfigKeys (ConfUtils.java:logGet(46)) - raft.server.log.appender.buffer.byte-limit = 8388608 (custom)
2024-02-09 18:35:31,916 [main] INFO  server.GrpcService (ConfUtils.java:logGet(46)) - raft.grpc.flow.control.window = 5MB (=5242880) (custom)
2024-02-09 18:35:31,916 [main] INFO  server.RaftServerConfigKeys (ConfUtils.java:logGet(46)) - raft.server.rpc.request.timeout = 3000ms (default)
2024-02-09 18:35:31,917 [main] INFO  grpc.GrpcConfigKeys (ConfUtils.java:logGet(46)) - raft.grpc.server.heartbeat.channel = true (default)
2024-02-09 18:35:31,917 [main] INFO  grpc.GrpcConfigKeys (ConfUtils.java:logGet(46)) - raft.grpc.server.async.request.thread.pool.cached = true (default)
2024-02-09 18:35:31,917 [main] INFO  grpc.GrpcConfigKeys (ConfUtils.java:logGet(46)) - raft.grpc.server.async.request.thread.pool.size = 32 (default)
2024-02-09 18:35:31,919 [main] INFO  impl.DataStreamServerImpl (ConfUtils.java:logGet(46)) - raft.datastream.type = NETTY (custom)
2024-02-09 18:35:31,919 [main] INFO  server.RaftServerConfigKeys (ConfUtils.java:logGet(46)) - raft.server.data-stream.async.request.thread.pool.cached = false (default)
2024-02-09 18:35:31,920 [main] INFO  server.RaftServerConfigKeys (ConfUtils.java:logGet(46)) - raft.server.data-stream.async.request.thread.pool.size = 20 (custom)
2024-02-09 18:35:31,920 [main] INFO  server.RaftServerConfigKeys (ConfUtils.java:logGet(46)) - raft.server.data-stream.async.write.thread.pool.size = 16 (default)
2024-02-09 18:35:31,920 [main] INFO  netty.NettyConfigKeys$DataStream (ConfUtils.java:logGet(46)) - raft.netty.dataStream.server.channel.inactive.grace-period = 10min (default)
2024-02-09 18:35:31,920 [main] INFO  server.RaftServerConfigKeys (ConfUtils.java:logGet(46)) - raft.server.data-stream.client.pool.size = 10 (default)
2024-02-09 18:35:31,920 [main] INFO  netty.NettyConfigKeys$DataStream (ConfUtils.java:logGet(46)) - raft.netty.dataStream.server.use-epoll = true (default)
2024-02-09 18:35:31,920 [main] INFO  netty.NettyConfigKeys$DataStream (ConfUtils.java:logGet(46)) - raft.netty.dataStream.server.boss-group.size = 0 (default)
2024-02-09 18:35:31,921 [main] INFO  netty.NettyUtils (NettyUtils.java:newEventLoopGroup(69)) - Create EpollEventLoopGroup for 81944a75-7880-48bb-a193-a5f914e328c0-NettyServerStreamRpc-bossGroup; Thread size is 0.
2024-02-09 18:35:31,921 [main] INFO  netty.NettyConfigKeys$DataStream (ConfUtils.java:logGet(46)) - raft.netty.dataStream.server.worker-group.size = 0 (default)
2024-02-09 18:35:31,921 [main] INFO  netty.NettyUtils (NettyUtils.java:newEventLoopGroup(69)) - Create EpollEventLoopGroup for 81944a75-7880-48bb-a193-a5f914e328c0-NettyServerStreamRpc-workerGroup; Thread size is 0.
2024-02-09 18:35:31,922 [main] INFO  netty.NettyConfigKeys$DataStream (ConfUtils.java:logGet(46)) - raft.netty.dataStream.server.tls.conf = null (default)
2024-02-09 18:35:31,922 [main] INFO  netty.NettyConfigKeys$DataStream (ConfUtils.java:logGet(46)) - raft.netty.dataStream.host = null (default)
2024-02-09 18:35:31,922 [main] INFO  netty.NettyConfigKeys$DataStream (ConfUtils.java:logGet(46)) - raft.netty.dataStream.port = 15398 (custom)
2024-02-09 18:35:31,923 [main] INFO  server.RaftServerConfigKeys (ConfUtils.java:logGet(46)) - raft.server.sleep.deviation.threshold = 300ms (default)
2024-02-09 18:35:31,923 [main] INFO  server.RaftServerConfigKeys (ConfUtils.java:logGet(46)) - raft.server.close.threshold = 60s (default)
2024-02-09 18:35:31,924 [main] INFO  server.RaftServerConfigKeys (ConfUtils.java:logGet(46)) - raft.server.leaderelection.leader.step-down.wait-time = 10s (default)
2024-02-09 18:35:31,924 [main] INFO  server.RaftServerConfigKeys (ConfUtils.java:logGet(46)) - raft.server.storage.dir = [/home/runner/work/ozone/ozone/hadoop-ozone/integration-test/target/test-dir/MiniOzoneClusterImpl-10a7684d-3d33-49d2-80ef-f5f5272a1eb0/datanode-3/data/ratis] (custom)
2024-02-09 18:35:31,924 [main] INFO  server.RaftServerConfigKeys (ConfUtils.java:logGet(46)) - raft.server.threadpool.proxy.cached = true (default)
2024-02-09 18:35:31,924 [main] INFO  server.RaftServerConfigKeys (ConfUtils.java:logGet(46)) - raft.server.threadpool.proxy.size = 0 (default)
2024-02-09 18:35:31,923 [81944a75-7880-48bb-a193-a5f914e328c0-NettyServerStreamRpc-bossGroup--thread1] INFO  logging.LoggingHandler (AbstractInternalLogger.java:log(148)) - [id: 0x303f227d] REGISTERED
2024-02-09 18:35:31,926 [81944a75-7880-48bb-a193-a5f914e328c0-NettyServerStreamRpc-bossGroup--thread1] INFO  logging.LoggingHandler (AbstractInternalLogger.java:log(148)) - [id: 0x303f227d] BIND: 0.0.0.0/0.0.0.0:15398
2024-02-09 18:35:31,926 [81944a75-7880-48bb-a193-a5f914e328c0-NettyServerStreamRpc-bossGroup--thread1] INFO  logging.LoggingHandler (AbstractInternalLogger.java:log(148)) - [id: 0x303f227d, L:/0.0.0.0:15398] ACTIVE
2024-02-09 18:35:31,927 [81944a75-7880-48bb-a193-a5f914e328c0-impl-thread1] INFO  server.RaftServer (RaftServerProxy.java:initGroupDir(264)) - 81944a75-7880-48bb-a193-a5f914e328c0: found a subdirectory /home/runner/work/ozone/ozone/hadoop-ozone/integration-test/target/test-dir/MiniOzoneClusterImpl-10a7684d-3d33-49d2-80ef-f5f5272a1eb0/datanode-3/data/ratis/tmp
2024-02-09 18:35:31,928 [81944a75-7880-48bb-a193-a5f914e328c0-impl-thread1] INFO  server.RaftServer (RaftServerProxy.java:initGroupDir(269)) - 81944a75-7880-48bb-a193-a5f914e328c0: The directory /home/runner/work/ozone/ozone/hadoop-ozone/integration-test/target/test-dir/MiniOzoneClusterImpl-10a7684d-3d33-49d2-80ef-f5f5272a1eb0/datanode-3/data/ratis/tmp is not a group directory; ignoring it. 
2024-02-09 18:35:31,928 [main] INFO  replication.ReplicationServer (ReplicationServer.java:<init>(86)) - Initializing replication server with thread count = 10 queue length = 4096
2024-02-09 18:35:31,929 [main] INFO  server.XceiverServerGrpc (XceiverServerGrpc.java:<init>(141)) - GrpcServer channel type EpollServerSocketChannel
2024-02-09 18:35:31,930 [main] INFO  replication.ReplicationSupervisor (ReplicationSupervisor.java:build(163)) - Initializing replication supervisor with thread count = 10
2024-02-09 18:35:31,930 [main] INFO  replication.ReplicationSupervisor (ReplicationSupervisor.java:nodeStateUpdated(317)) - Node state updated to IN_SERVICE, scaling executor pool size to 10
2024-02-09 18:35:31,931 [main] INFO  http.BaseHttpServer (BaseHttpServer.java:newHttpServer2BuilderForOzone(223)) - Starting Web-server for hddsDatanode at: http://0.0.0.0:15392
2024-02-09 18:35:31,931 [main] INFO  http.BaseHttpServer (BaseHttpServer.java:<init>(110)) - Hadoop Security Enabled: false Ozone Security Enabled: false Ozone HTTP Security Enabled: false 
2024-02-09 18:35:31,932 [main] WARN  server.AuthenticationFilter (AuthenticationFilter.java:constructSecretProvider(240)) - Unable to initialize FileSignerSecretProvider, falling back to use random secrets. Reason: Could not read signature secret file: /home/runner/hadoop-http-auth-signature-secret
2024-02-09 18:35:31,932 [main] INFO  http.HttpRequestLog (HttpRequestLog.java:getRequestLog(86)) - Http request log for http.requests.hddsDatanode is not defined
2024-02-09 18:35:31,933 [main] INFO  http.HttpServer2 (HttpServer2.java:addGlobalFilter(1036)) - Added global filter 'safety' (class=org.apache.hadoop.hdds.server.http.HttpServer2$QuotingInputFilter)
2024-02-09 18:35:31,933 [main] INFO  http.HttpServer2 (HttpServer2.java:addFilter(1012)) - Added filter static_user_filter (class=org.apache.hadoop.http.lib.StaticUserWebFilter$StaticUserFilter) to context hddsDatanode
2024-02-09 18:35:31,933 [main] INFO  http.HttpServer2 (HttpServer2.java:addFilter(1020)) - Added filter static_user_filter (class=org.apache.hadoop.http.lib.StaticUserWebFilter$StaticUserFilter) to context static
2024-02-09 18:35:31,933 [main] INFO  http.HttpServer2 (HttpServer2.java:addFilter(1020)) - Added filter static_user_filter (class=org.apache.hadoop.http.lib.StaticUserWebFilter$StaticUserFilter) to context logs
2024-02-09 18:35:31,934 [main] INFO  http.BaseHttpServer (BaseHttpServer.java:<init>(189)) - HTTP server of hddsDatanode uses base directory /home/runner/work/ozone/ozone/hadoop-ozone/integration-test/target/test-dir/MiniOzoneClusterImpl-10a7684d-3d33-49d2-80ef-f5f5272a1eb0/datanode-3/meta/webserver
2024-02-09 18:35:31,934 [main] INFO  http.HttpServer2 (HttpServer2.java:bindListener(1236)) - Jetty bound to port 15392
2024-02-09 18:35:31,934 [main] INFO  server.Server (Server.java:doStart(375)) - jetty-9.4.53.v20231009; built: 2023-10-09T12:29:09.265Z; git: 27bde00a0b95a1d5bbee0eae7984f891d2d0f8c9; jvm 1.8.0_402-b06
2024-02-09 18:35:31,935 [main] INFO  server.session (DefaultSessionIdManager.java:doStart(334)) - DefaultSessionIdManager workerName=node0
2024-02-09 18:35:31,935 [main] INFO  server.session (DefaultSessionIdManager.java:doStart(339)) - No SessionScavenger set, using defaults
2024-02-09 18:35:31,935 [main] INFO  server.session (HouseKeeper.java:startScavenging(132)) - node0 Scavenging every 600000ms
2024-02-09 18:35:31,935 [main] INFO  handler.ContextHandler (ContextHandler.java:doStart(921)) - Started o.e.j.s.ServletContextHandler@6ff846f4{logs,/logs,file:///home/runner/work/ozone/ozone/hadoop-ozone/integration-test/target/log,AVAILABLE}
2024-02-09 18:35:31,936 [main] INFO  handler.ContextHandler (ContextHandler.java:doStart(921)) - Started o.e.j.s.ServletContextHandler@3de81082{static,/static,jar:file:/home/runner/.m2/repository/org/apache/ozone/hdds-container-service/1.5.0-SNAPSHOT/hdds-container-service-1.5.0-SNAPSHOT.jar!/webapps/static,AVAILABLE}
2024-02-09 18:35:31,966 [main] INFO  handler.ContextHandler (ContextHandler.java:doStart(921)) - Started o.e.j.w.WebAppContext@2a2284b{hddsDatanode,/,file:///home/runner/work/ozone/ozone/hadoop-ozone/integration-test/target/test-dir/MiniOzoneClusterImpl-10a7684d-3d33-49d2-80ef-f5f5272a1eb0/datanode-3/meta/webserver/jetty-0_0_0_0-15392-hdds-container-service-1_5_0-SNAPSHOT_jar-_-any-3465883628450874133/webapp/,AVAILABLE}{jar:file:/home/runner/.m2/repository/org/apache/ozone/hdds-container-service/1.5.0-SNAPSHOT/hdds-container-service-1.5.0-SNAPSHOT.jar!/webapps/hddsDatanode}
2024-02-09 18:35:31,968 [main] INFO  server.AbstractConnector (AbstractConnector.java:doStart(333)) - Started ServerConnector@35fede0f{HTTP/1.1, (http/1.1)}{0.0.0.0:15392}
2024-02-09 18:35:31,968 [main] INFO  server.Server (Server.java:doStart(415)) - Started @135762ms
2024-02-09 18:35:31,968 [main] WARN  impl.MetricsSystemImpl (MetricsSystemImpl.java:register(279)) - Sink prometheus already exists!
2024-02-09 18:35:31,969 [main] INFO  http.BaseHttpServer (BaseHttpServer.java:updateConnectorAddress(354)) - HTTP server of hddsDatanode listening at http://0.0.0.0:15392
2024-02-09 18:35:31,969 [main] INFO  ipc.CallQueueManager (CallQueueManager.java:<init>(90)) - Using callQueue: class java.util.concurrent.LinkedBlockingQueue, queueCapacity: 100, scheduler: class org.apache.hadoop.ipc.DefaultRpcScheduler, ipcBackoff: false.
2024-02-09 18:35:31,969 [main] INFO  ipc.Server (Server.java:<init>(1287)) - Listener at 0.0.0.0:15393
2024-02-09 18:35:31,970 [Socket Reader #1 for port 15393] INFO  ipc.Server (Server.java:run(1323)) - Starting Socket Reader #1 for port 15393
2024-02-09 18:35:31,971 [main] INFO  ozone.HddsDatanodeService (HddsDatanodeService.java:start(327)) - Datanode start with admins: [runner]
2024-02-09 18:35:31,971 [main] INFO  ozone.HddsDatanodeClientProtocolServer (HddsDatanodeClientProtocolServer.java:start(72)) - RPC server for Client /0.0.0.0:15393
2024-02-09 18:35:31,971 [IPC Server Responder] INFO  ipc.Server (Server.java:run(1562)) - IPC Server Responder: starting
2024-02-09 18:35:31,971 [IPC Server listener on 15393] INFO  ipc.Server (Server.java:run(1402)) - IPC Server listener on 15393: starting
2024-02-09 18:35:31,973 [81944a75-7880-48bb-a193-a5f914e328c0-DatanodeStateMachineDaemonThread] INFO  statemachine.DatanodeStateMachine (DatanodeStateMachine.java:lambda$startDaemon$1(555)) - Ozone container server started.
2024-02-09 18:35:31,973 [main] WARN  dropwizard3.Dm3MetricRegistriesImpl (Dm3MetricRegistriesImpl.java:addReporterRegistration(113)) - New reporters are added after registries were created. Some metrics will be missing from the reporter. Please add reporter before adding any new registry.
2024-02-09 18:35:31,974 [main] WARN  dropwizard3.Dm3MetricRegistriesImpl (Dm3MetricRegistriesImpl.java:addReporterRegistration(113)) - New reporters are added after registries were created. Some metrics will be missing from the reporter. Please add reporter before adding any new registry.
2024-02-09 18:35:31,974 [main] INFO  impl.MetricsSystemImpl (MetricsSystemImpl.java:init(158)) - HddsDatanode metrics system started (again)
2024-02-09 18:35:31,976 [81944a75-7880-48bb-a193-a5f914e328c0-DatanodeStateMachineTaskThread-0] INFO  datanode.InitDatanodeState (InitDatanodeState.java:persistContainerDatanodeDetails(139)) - DatanodeDetails is persisted to /home/runner/work/ozone/ozone/hadoop-ozone/integration-test/target/test-dir/MiniOzoneClusterImpl-10a7684d-3d33-49d2-80ef-f5f5272a1eb0/datanode-3/meta/datanode.id
2024-02-09 18:35:31,982 [main] INFO  ozone.HddsDatanodeService (HddsDatanodeService.java:start(240)) - HddsDatanodeService host:fv-az1241-572.pcjn5njxctguzesueqcwbvg5cg.ex.internal.cloudapp.net ip:10.1.0.43
2024-02-09 18:35:31,998 [main] INFO  upgrade.AbstractLayoutVersionManager (AbstractLayoutVersionManager.java:init(83)) - Initializing Layout version manager with metadata layout = HADOOP_PRC_PORTS_IN_DATANODEDETAILS (version = 7), software layout = HADOOP_PRC_PORTS_IN_DATANODEDETAILS (version = 7)
2024-02-09 18:35:31,998 [main] INFO  statemachine.DatanodeStateMachine (DatanodeStateMachine.java:getEndPointTaskThreadPoolSize(299)) - Datanode State Machine Task Thread Pool size 2
2024-02-09 18:35:31,999 [main] INFO  volume.HddsVolume (HddsVolume.java:<init>(125)) - Creating HddsVolume: /home/runner/work/ozone/ozone/hadoop-ozone/integration-test/target/test-dir/MiniOzoneClusterImpl-10a7684d-3d33-49d2-80ef-f5f5272a1eb0/datanode-4/data-0/containers/hdds of storage type : DISK capacity : 9223372036854775807
2024-02-09 18:35:31,999 [main] INFO  volume.MutableVolumeSet (MutableVolumeSet.java:initializeVolumeSet(173)) - Added Volume : /home/runner/work/ozone/ozone/hadoop-ozone/integration-test/target/test-dir/MiniOzoneClusterImpl-10a7684d-3d33-49d2-80ef-f5f5272a1eb0/datanode-4/data-0/containers/hdds to VolumeSet
2024-02-09 18:35:32,000 [main] INFO  volume.MutableVolumeSet (MutableVolumeSet.java:initializeVolumeSet(173)) - Added Volume : /home/runner/work/ozone/ozone/hadoop-ozone/integration-test/target/test-dir/MiniOzoneClusterImpl-10a7684d-3d33-49d2-80ef-f5f5272a1eb0/datanode-4/data/ratis to VolumeSet
2024-02-09 18:35:32,000 [main] INFO  ozoneimpl.OzoneContainer (HddsVolumeUtil.java:loadAllHddsVolumeDbStore(103)) - Load 1 volumes DbStore cost: 0ms
2024-02-09 18:35:32,002 [main] INFO  server.RaftServer (ConfUtils.java:logGet(46)) - raft.rpc.type = GRPC (default)
2024-02-09 18:35:32,002 [main] INFO  grpc.GrpcConfigKeys (ConfUtils.java:logFallback(53)) - raft.grpc.admin.host = null (fallback to raft.grpc.server.host)
2024-02-09 18:35:32,002 [main] INFO  grpc.GrpcConfigKeys (ConfUtils.java:logGet(46)) - raft.grpc.admin.port = 15405 (custom)
2024-02-09 18:35:32,002 [main] INFO  grpc.GrpcConfigKeys (ConfUtils.java:logFallback(53)) - raft.grpc.client.host = null (fallback to raft.grpc.server.host)
2024-02-09 18:35:32,002 [main] INFO  grpc.GrpcConfigKeys (ConfUtils.java:logGet(46)) - raft.grpc.client.port = 15404 (custom)
2024-02-09 18:35:32,002 [main] INFO  grpc.GrpcConfigKeys (ConfUtils.java:logGet(46)) - raft.grpc.server.host = null (default)
2024-02-09 18:35:32,003 [main] INFO  grpc.GrpcConfigKeys (ConfUtils.java:logGet(46)) - raft.grpc.server.port = 15406 (custom)
2024-02-09 18:35:32,003 [main] INFO  server.GrpcService (ConfUtils.java:logGet(46)) - raft.grpc.message.size.max = 32MB (=33554432) (custom)
2024-02-09 18:35:32,003 [main] INFO  server.RaftServerConfigKeys (ConfUtils.java:logGet(46)) - raft.server.log.appender.buffer.byte-limit = 8388608 (custom)
2024-02-09 18:35:32,003 [main] INFO  server.GrpcService (ConfUtils.java:logGet(46)) - raft.grpc.flow.control.window = 5MB (=5242880) (custom)
2024-02-09 18:35:32,003 [main] INFO  server.RaftServerConfigKeys (ConfUtils.java:logGet(46)) - raft.server.rpc.request.timeout = 3000ms (default)
2024-02-09 18:35:32,003 [main] INFO  grpc.GrpcConfigKeys (ConfUtils.java:logGet(46)) - raft.grpc.server.heartbeat.channel = true (default)
2024-02-09 18:35:32,003 [main] INFO  grpc.GrpcConfigKeys (ConfUtils.java:logGet(46)) - raft.grpc.server.async.request.thread.pool.cached = true (default)
2024-02-09 18:35:32,003 [main] INFO  grpc.GrpcConfigKeys (ConfUtils.java:logGet(46)) - raft.grpc.server.async.request.thread.pool.size = 32 (default)
2024-02-09 18:35:32,005 [main] INFO  impl.DataStreamServerImpl (ConfUtils.java:logGet(46)) - raft.datastream.type = NETTY (custom)
2024-02-09 18:35:32,005 [main] INFO  server.RaftServerConfigKeys (ConfUtils.java:logGet(46)) - raft.server.data-stream.async.request.thread.pool.cached = false (default)
2024-02-09 18:35:32,005 [main] INFO  server.RaftServerConfigKeys (ConfUtils.java:logGet(46)) - raft.server.data-stream.async.request.thread.pool.size = 20 (custom)
2024-02-09 18:35:32,006 [main] INFO  server.RaftServerConfigKeys (ConfUtils.java:logGet(46)) - raft.server.data-stream.async.write.thread.pool.size = 16 (default)
2024-02-09 18:35:32,006 [main] INFO  netty.NettyConfigKeys$DataStream (ConfUtils.java:logGet(46)) - raft.netty.dataStream.server.channel.inactive.grace-period = 10min (default)
2024-02-09 18:35:32,006 [main] INFO  server.RaftServerConfigKeys (ConfUtils.java:logGet(46)) - raft.server.data-stream.client.pool.size = 10 (default)
2024-02-09 18:35:32,006 [main] INFO  netty.NettyConfigKeys$DataStream (ConfUtils.java:logGet(46)) - raft.netty.dataStream.server.use-epoll = true (default)
2024-02-09 18:35:32,006 [main] INFO  netty.NettyConfigKeys$DataStream (ConfUtils.java:logGet(46)) - raft.netty.dataStream.server.boss-group.size = 0 (default)
2024-02-09 18:35:32,006 [main] INFO  netty.NettyUtils (NettyUtils.java:newEventLoopGroup(69)) - Create EpollEventLoopGroup for 02d298ee-5691-417b-b376-6494770463b9-NettyServerStreamRpc-bossGroup; Thread size is 0.
2024-02-09 18:35:32,006 [main] INFO  netty.NettyConfigKeys$DataStream (ConfUtils.java:logGet(46)) - raft.netty.dataStream.server.worker-group.size = 0 (default)
2024-02-09 18:35:32,007 [main] INFO  netty.NettyUtils (NettyUtils.java:newEventLoopGroup(69)) - Create EpollEventLoopGroup for 02d298ee-5691-417b-b376-6494770463b9-NettyServerStreamRpc-workerGroup; Thread size is 0.
2024-02-09 18:35:32,007 [main] INFO  netty.NettyConfigKeys$DataStream (ConfUtils.java:logGet(46)) - raft.netty.dataStream.server.tls.conf = null (default)
2024-02-09 18:35:32,007 [main] INFO  netty.NettyConfigKeys$DataStream (ConfUtils.java:logGet(46)) - raft.netty.dataStream.host = null (default)
2024-02-09 18:35:32,007 [main] INFO  netty.NettyConfigKeys$DataStream (ConfUtils.java:logGet(46)) - raft.netty.dataStream.port = 15407 (custom)
2024-02-09 18:35:32,007 [main] INFO  server.RaftServerConfigKeys (ConfUtils.java:logGet(46)) - raft.server.sleep.deviation.threshold = 300ms (default)
2024-02-09 18:35:32,008 [main] INFO  server.RaftServerConfigKeys (ConfUtils.java:logGet(46)) - raft.server.close.threshold = 60s (default)
2024-02-09 18:35:32,008 [02d298ee-5691-417b-b376-6494770463b9-NettyServerStreamRpc-bossGroup--thread1] INFO  logging.LoggingHandler (AbstractInternalLogger.java:log(148)) - [id: 0xda206acb] REGISTERED
2024-02-09 18:35:32,008 [main] INFO  server.RaftServerConfigKeys (ConfUtils.java:logGet(46)) - raft.server.leaderelection.leader.step-down.wait-time = 10s (default)
2024-02-09 18:35:32,008 [02d298ee-5691-417b-b376-6494770463b9-NettyServerStreamRpc-bossGroup--thread1] INFO  logging.LoggingHandler (AbstractInternalLogger.java:log(148)) - [id: 0xda206acb] BIND: 0.0.0.0/0.0.0.0:15407
2024-02-09 18:35:32,008 [main] INFO  server.RaftServerConfigKeys (ConfUtils.java:logGet(46)) - raft.server.storage.dir = [/home/runner/work/ozone/ozone/hadoop-ozone/integration-test/target/test-dir/MiniOzoneClusterImpl-10a7684d-3d33-49d2-80ef-f5f5272a1eb0/datanode-4/data/ratis] (custom)
2024-02-09 18:35:32,008 [02d298ee-5691-417b-b376-6494770463b9-NettyServerStreamRpc-bossGroup--thread1] INFO  logging.LoggingHandler (AbstractInternalLogger.java:log(148)) - [id: 0xda206acb, L:/0.0.0.0:15407] ACTIVE
2024-02-09 18:35:32,008 [main] INFO  server.RaftServerConfigKeys (ConfUtils.java:logGet(46)) - raft.server.threadpool.proxy.cached = true (default)
2024-02-09 18:35:32,009 [main] INFO  server.RaftServerConfigKeys (ConfUtils.java:logGet(46)) - raft.server.threadpool.proxy.size = 0 (default)
2024-02-09 18:35:32,009 [02d298ee-5691-417b-b376-6494770463b9-impl-thread1] INFO  server.RaftServer (RaftServerProxy.java:initGroupDir(264)) - 02d298ee-5691-417b-b376-6494770463b9: found a subdirectory /home/runner/work/ozone/ozone/hadoop-ozone/integration-test/target/test-dir/MiniOzoneClusterImpl-10a7684d-3d33-49d2-80ef-f5f5272a1eb0/datanode-4/data/ratis/tmp
2024-02-09 18:35:32,009 [02d298ee-5691-417b-b376-6494770463b9-impl-thread1] INFO  server.RaftServer (RaftServerProxy.java:initGroupDir(269)) - 02d298ee-5691-417b-b376-6494770463b9: The directory /home/runner/work/ozone/ozone/hadoop-ozone/integration-test/target/test-dir/MiniOzoneClusterImpl-10a7684d-3d33-49d2-80ef-f5f5272a1eb0/datanode-4/data/ratis/tmp is not a group directory; ignoring it. 
2024-02-09 18:35:32,009 [main] INFO  replication.ReplicationServer (ReplicationServer.java:<init>(86)) - Initializing replication server with thread count = 10 queue length = 4096
2024-02-09 18:35:32,010 [main] INFO  server.XceiverServerGrpc (XceiverServerGrpc.java:<init>(141)) - GrpcServer channel type EpollServerSocketChannel
2024-02-09 18:35:32,011 [main] INFO  replication.ReplicationSupervisor (ReplicationSupervisor.java:build(163)) - Initializing replication supervisor with thread count = 10
2024-02-09 18:35:32,011 [main] INFO  replication.ReplicationSupervisor (ReplicationSupervisor.java:nodeStateUpdated(317)) - Node state updated to IN_SERVICE, scaling executor pool size to 10
2024-02-09 18:35:32,012 [main] INFO  http.BaseHttpServer (BaseHttpServer.java:newHttpServer2BuilderForOzone(223)) - Starting Web-server for hddsDatanode at: http://0.0.0.0:15401
2024-02-09 18:35:32,012 [main] INFO  http.BaseHttpServer (BaseHttpServer.java:<init>(110)) - Hadoop Security Enabled: false Ozone Security Enabled: false Ozone HTTP Security Enabled: false 
2024-02-09 18:35:32,013 [main] WARN  server.AuthenticationFilter (AuthenticationFilter.java:constructSecretProvider(240)) - Unable to initialize FileSignerSecretProvider, falling back to use random secrets. Reason: Could not read signature secret file: /home/runner/hadoop-http-auth-signature-secret
2024-02-09 18:35:32,013 [main] INFO  http.HttpRequestLog (HttpRequestLog.java:getRequestLog(86)) - Http request log for http.requests.hddsDatanode is not defined
2024-02-09 18:35:32,014 [main] INFO  http.HttpServer2 (HttpServer2.java:addGlobalFilter(1036)) - Added global filter 'safety' (class=org.apache.hadoop.hdds.server.http.HttpServer2$QuotingInputFilter)
2024-02-09 18:35:32,014 [main] INFO  http.HttpServer2 (HttpServer2.java:addFilter(1012)) - Added filter static_user_filter (class=org.apache.hadoop.http.lib.StaticUserWebFilter$StaticUserFilter) to context hddsDatanode
2024-02-09 18:35:32,014 [main] INFO  http.HttpServer2 (HttpServer2.java:addFilter(1020)) - Added filter static_user_filter (class=org.apache.hadoop.http.lib.StaticUserWebFilter$StaticUserFilter) to context static
2024-02-09 18:35:32,014 [main] INFO  http.HttpServer2 (HttpServer2.java:addFilter(1020)) - Added filter static_user_filter (class=org.apache.hadoop.http.lib.StaticUserWebFilter$StaticUserFilter) to context logs
2024-02-09 18:35:32,015 [main] INFO  http.BaseHttpServer (BaseHttpServer.java:<init>(189)) - HTTP server of hddsDatanode uses base directory /home/runner/work/ozone/ozone/hadoop-ozone/integration-test/target/test-dir/MiniOzoneClusterImpl-10a7684d-3d33-49d2-80ef-f5f5272a1eb0/datanode-4/meta/webserver
2024-02-09 18:35:32,015 [main] INFO  http.HttpServer2 (HttpServer2.java:bindListener(1236)) - Jetty bound to port 15401
2024-02-09 18:35:32,015 [main] INFO  server.Server (Server.java:doStart(375)) - jetty-9.4.53.v20231009; built: 2023-10-09T12:29:09.265Z; git: 27bde00a0b95a1d5bbee0eae7984f891d2d0f8c9; jvm 1.8.0_402-b06
2024-02-09 18:35:32,016 [main] INFO  server.session (DefaultSessionIdManager.java:doStart(334)) - DefaultSessionIdManager workerName=node0
2024-02-09 18:35:32,016 [main] INFO  server.session (DefaultSessionIdManager.java:doStart(339)) - No SessionScavenger set, using defaults
2024-02-09 18:35:32,016 [main] INFO  server.session (HouseKeeper.java:startScavenging(132)) - node0 Scavenging every 660000ms
2024-02-09 18:35:32,016 [main] INFO  handler.ContextHandler (ContextHandler.java:doStart(921)) - Started o.e.j.s.ServletContextHandler@11dd4ab9{logs,/logs,file:///home/runner/work/ozone/ozone/hadoop-ozone/integration-test/target/log,AVAILABLE}
2024-02-09 18:35:32,017 [main] INFO  handler.ContextHandler (ContextHandler.java:doStart(921)) - Started o.e.j.s.ServletContextHandler@4fe1d9a0{static,/static,jar:file:/home/runner/.m2/repository/org/apache/ozone/hdds-container-service/1.5.0-SNAPSHOT/hdds-container-service-1.5.0-SNAPSHOT.jar!/webapps/static,AVAILABLE}
2024-02-09 18:35:32,049 [main] INFO  handler.ContextHandler (ContextHandler.java:doStart(921)) - Started o.e.j.w.WebAppContext@6976e66f{hddsDatanode,/,file:///home/runner/work/ozone/ozone/hadoop-ozone/integration-test/target/test-dir/MiniOzoneClusterImpl-10a7684d-3d33-49d2-80ef-f5f5272a1eb0/datanode-4/meta/webserver/jetty-0_0_0_0-15401-hdds-container-service-1_5_0-SNAPSHOT_jar-_-any-7689223600586175447/webapp/,AVAILABLE}{jar:file:/home/runner/.m2/repository/org/apache/ozone/hdds-container-service/1.5.0-SNAPSHOT/hdds-container-service-1.5.0-SNAPSHOT.jar!/webapps/hddsDatanode}
2024-02-09 18:35:32,050 [main] INFO  server.AbstractConnector (AbstractConnector.java:doStart(333)) - Started ServerConnector@7af2ff91{HTTP/1.1, (http/1.1)}{0.0.0.0:15401}
2024-02-09 18:35:32,051 [main] INFO  server.Server (Server.java:doStart(415)) - Started @135844ms
2024-02-09 18:35:32,051 [main] WARN  impl.MetricsSystemImpl (MetricsSystemImpl.java:register(279)) - Sink prometheus already exists!
2024-02-09 18:35:32,051 [main] INFO  http.BaseHttpServer (BaseHttpServer.java:updateConnectorAddress(354)) - HTTP server of hddsDatanode listening at http://0.0.0.0:15401
2024-02-09 18:35:32,051 [main] INFO  ipc.CallQueueManager (CallQueueManager.java:<init>(90)) - Using callQueue: class java.util.concurrent.LinkedBlockingQueue, queueCapacity: 100, scheduler: class org.apache.hadoop.ipc.DefaultRpcScheduler, ipcBackoff: false.
2024-02-09 18:35:32,052 [main] INFO  ipc.Server (Server.java:<init>(1287)) - Listener at 0.0.0.0:15402
2024-02-09 18:35:32,052 [Socket Reader #1 for port 15402] INFO  ipc.Server (Server.java:run(1323)) - Starting Socket Reader #1 for port 15402
2024-02-09 18:35:32,053 [main] INFO  ozone.HddsDatanodeService (HddsDatanodeService.java:start(327)) - Datanode start with admins: [runner]
2024-02-09 18:35:32,053 [main] INFO  ozone.HddsDatanodeClientProtocolServer (HddsDatanodeClientProtocolServer.java:start(72)) - RPC server for Client /0.0.0.0:15402
2024-02-09 18:35:32,054 [IPC Server Responder] INFO  ipc.Server (Server.java:run(1562)) - IPC Server Responder: starting
2024-02-09 18:35:32,054 [IPC Server listener on 15402] INFO  ipc.Server (Server.java:run(1402)) - IPC Server listener on 15402: starting
2024-02-09 18:35:32,055 [02d298ee-5691-417b-b376-6494770463b9-DatanodeStateMachineDaemonThread] INFO  statemachine.DatanodeStateMachine (DatanodeStateMachine.java:lambda$startDaemon$1(555)) - Ozone container server started.
2024-02-09 18:35:32,055 [main] WARN  dropwizard3.Dm3MetricRegistriesImpl (Dm3MetricRegistriesImpl.java:addReporterRegistration(113)) - New reporters are added after registries were created. Some metrics will be missing from the reporter. Please add reporter before adding any new registry.
2024-02-09 18:35:32,056 [main] WARN  dropwizard3.Dm3MetricRegistriesImpl (Dm3MetricRegistriesImpl.java:addReporterRegistration(113)) - New reporters are added after registries were created. Some metrics will be missing from the reporter. Please add reporter before adding any new registry.
2024-02-09 18:35:32,056 [main] INFO  impl.MetricsSystemImpl (MetricsSystemImpl.java:init(158)) - HddsDatanode metrics system started (again)
2024-02-09 18:35:32,059 [02d298ee-5691-417b-b376-6494770463b9-DatanodeStateMachineTaskThread-0] INFO  datanode.InitDatanodeState (InitDatanodeState.java:persistContainerDatanodeDetails(139)) - DatanodeDetails is persisted to /home/runner/work/ozone/ozone/hadoop-ozone/integration-test/target/test-dir/MiniOzoneClusterImpl-10a7684d-3d33-49d2-80ef-f5f5272a1eb0/datanode-4/meta/datanode.id
2024-02-09 18:35:32,065 [main] INFO  ozone.HddsDatanodeService (HddsDatanodeService.java:start(240)) - HddsDatanodeService host:fv-az1241-572.pcjn5njxctguzesueqcwbvg5cg.ex.internal.cloudapp.net ip:10.1.0.43
2024-02-09 18:35:32,080 [main] INFO  upgrade.AbstractLayoutVersionManager (AbstractLayoutVersionManager.java:init(83)) - Initializing Layout version manager with metadata layout = HADOOP_PRC_PORTS_IN_DATANODEDETAILS (version = 7), software layout = HADOOP_PRC_PORTS_IN_DATANODEDETAILS (version = 7)
2024-02-09 18:35:32,080 [main] INFO  statemachine.DatanodeStateMachine (DatanodeStateMachine.java:getEndPointTaskThreadPoolSize(299)) - Datanode State Machine Task Thread Pool size 2
2024-02-09 18:35:32,081 [main] INFO  volume.HddsVolume (HddsVolume.java:<init>(125)) - Creating HddsVolume: /home/runner/work/ozone/ozone/hadoop-ozone/integration-test/target/test-dir/MiniOzoneClusterImpl-10a7684d-3d33-49d2-80ef-f5f5272a1eb0/datanode-5/data-0/containers/hdds of storage type : DISK capacity : 9223372036854775807
2024-02-09 18:35:32,081 [main] INFO  volume.MutableVolumeSet (MutableVolumeSet.java:initializeVolumeSet(173)) - Added Volume : /home/runner/work/ozone/ozone/hadoop-ozone/integration-test/target/test-dir/MiniOzoneClusterImpl-10a7684d-3d33-49d2-80ef-f5f5272a1eb0/datanode-5/data-0/containers/hdds to VolumeSet
2024-02-09 18:35:32,082 [main] INFO  volume.MutableVolumeSet (MutableVolumeSet.java:initializeVolumeSet(173)) - Added Volume : /home/runner/work/ozone/ozone/hadoop-ozone/integration-test/target/test-dir/MiniOzoneClusterImpl-10a7684d-3d33-49d2-80ef-f5f5272a1eb0/datanode-5/data/ratis to VolumeSet
2024-02-09 18:35:32,082 [main] INFO  ozoneimpl.OzoneContainer (HddsVolumeUtil.java:loadAllHddsVolumeDbStore(103)) - Load 1 volumes DbStore cost: 0ms
2024-02-09 18:35:32,083 [main] INFO  server.RaftServer (ConfUtils.java:logGet(46)) - raft.rpc.type = GRPC (default)
2024-02-09 18:35:32,083 [main] INFO  grpc.GrpcConfigKeys (ConfUtils.java:logFallback(53)) - raft.grpc.admin.host = null (fallback to raft.grpc.server.host)
2024-02-09 18:35:32,084 [main] INFO  grpc.GrpcConfigKeys (ConfUtils.java:logGet(46)) - raft.grpc.admin.port = 15414 (custom)
2024-02-09 18:35:32,084 [main] INFO  grpc.GrpcConfigKeys (ConfUtils.java:logFallback(53)) - raft.grpc.client.host = null (fallback to raft.grpc.server.host)
2024-02-09 18:35:32,084 [main] INFO  grpc.GrpcConfigKeys (ConfUtils.java:logGet(46)) - raft.grpc.client.port = 15413 (custom)
2024-02-09 18:35:32,084 [main] INFO  grpc.GrpcConfigKeys (ConfUtils.java:logGet(46)) - raft.grpc.server.host = null (default)
2024-02-09 18:35:32,084 [main] INFO  grpc.GrpcConfigKeys (ConfUtils.java:logGet(46)) - raft.grpc.server.port = 15415 (custom)
2024-02-09 18:35:32,085 [main] INFO  server.GrpcService (ConfUtils.java:logGet(46)) - raft.grpc.message.size.max = 32MB (=33554432) (custom)
2024-02-09 18:35:32,085 [main] INFO  server.RaftServerConfigKeys (ConfUtils.java:logGet(46)) - raft.server.log.appender.buffer.byte-limit = 8388608 (custom)
2024-02-09 18:35:32,085 [main] INFO  server.GrpcService (ConfUtils.java:logGet(46)) - raft.grpc.flow.control.window = 5MB (=5242880) (custom)
2024-02-09 18:35:32,085 [main] INFO  server.RaftServerConfigKeys (ConfUtils.java:logGet(46)) - raft.server.rpc.request.timeout = 3000ms (default)
2024-02-09 18:35:32,085 [main] INFO  grpc.GrpcConfigKeys (ConfUtils.java:logGet(46)) - raft.grpc.server.heartbeat.channel = true (default)
2024-02-09 18:35:32,085 [main] INFO  grpc.GrpcConfigKeys (ConfUtils.java:logGet(46)) - raft.grpc.server.async.request.thread.pool.cached = true (default)
2024-02-09 18:35:32,086 [main] INFO  grpc.GrpcConfigKeys (ConfUtils.java:logGet(46)) - raft.grpc.server.async.request.thread.pool.size = 32 (default)
2024-02-09 18:35:32,087 [main] INFO  impl.DataStreamServerImpl (ConfUtils.java:logGet(46)) - raft.datastream.type = NETTY (custom)
2024-02-09 18:35:32,087 [main] INFO  server.RaftServerConfigKeys (ConfUtils.java:logGet(46)) - raft.server.data-stream.async.request.thread.pool.cached = false (default)
2024-02-09 18:35:32,088 [main] INFO  server.RaftServerConfigKeys (ConfUtils.java:logGet(46)) - raft.server.data-stream.async.request.thread.pool.size = 20 (custom)
2024-02-09 18:35:32,088 [main] INFO  server.RaftServerConfigKeys (ConfUtils.java:logGet(46)) - raft.server.data-stream.async.write.thread.pool.size = 16 (default)
2024-02-09 18:35:32,088 [main] INFO  netty.NettyConfigKeys$DataStream (ConfUtils.java:logGet(46)) - raft.netty.dataStream.server.channel.inactive.grace-period = 10min (default)
2024-02-09 18:35:32,088 [main] INFO  server.RaftServerConfigKeys (ConfUtils.java:logGet(46)) - raft.server.data-stream.client.pool.size = 10 (default)
2024-02-09 18:35:32,088 [main] INFO  netty.NettyConfigKeys$DataStream (ConfUtils.java:logGet(46)) - raft.netty.dataStream.server.use-epoll = true (default)
2024-02-09 18:35:32,088 [main] INFO  netty.NettyConfigKeys$DataStream (ConfUtils.java:logGet(46)) - raft.netty.dataStream.server.boss-group.size = 0 (default)
2024-02-09 18:35:32,088 [main] INFO  netty.NettyUtils (NettyUtils.java:newEventLoopGroup(69)) - Create EpollEventLoopGroup for 063a7fb5-8d38-4cc1-bcc2-6ca7f0273dd7-NettyServerStreamRpc-bossGroup; Thread size is 0.
2024-02-09 18:35:32,089 [main] INFO  netty.NettyConfigKeys$DataStream (ConfUtils.java:logGet(46)) - raft.netty.dataStream.server.worker-group.size = 0 (default)
2024-02-09 18:35:32,089 [main] INFO  netty.NettyUtils (NettyUtils.java:newEventLoopGroup(69)) - Create EpollEventLoopGroup for 063a7fb5-8d38-4cc1-bcc2-6ca7f0273dd7-NettyServerStreamRpc-workerGroup; Thread size is 0.
2024-02-09 18:35:32,089 [main] INFO  netty.NettyConfigKeys$DataStream (ConfUtils.java:logGet(46)) - raft.netty.dataStream.server.tls.conf = null (default)
2024-02-09 18:35:32,089 [main] INFO  netty.NettyConfigKeys$DataStream (ConfUtils.java:logGet(46)) - raft.netty.dataStream.host = null (default)
2024-02-09 18:35:32,089 [main] INFO  netty.NettyConfigKeys$DataStream (ConfUtils.java:logGet(46)) - raft.netty.dataStream.port = 15416 (custom)
2024-02-09 18:35:32,089 [main] INFO  server.RaftServerConfigKeys (ConfUtils.java:logGet(46)) - raft.server.sleep.deviation.threshold = 300ms (default)
2024-02-09 18:35:32,090 [063a7fb5-8d38-4cc1-bcc2-6ca7f0273dd7-NettyServerStreamRpc-bossGroup--thread1] INFO  logging.LoggingHandler (AbstractInternalLogger.java:log(148)) - [id: 0xf1d25558] REGISTERED
2024-02-09 18:35:32,090 [main] INFO  server.RaftServerConfigKeys (ConfUtils.java:logGet(46)) - raft.server.close.threshold = 60s (default)
2024-02-09 18:35:32,090 [063a7fb5-8d38-4cc1-bcc2-6ca7f0273dd7-NettyServerStreamRpc-bossGroup--thread1] INFO  logging.LoggingHandler (AbstractInternalLogger.java:log(148)) - [id: 0xf1d25558] BIND: 0.0.0.0/0.0.0.0:15416
2024-02-09 18:35:32,090 [main] INFO  server.RaftServerConfigKeys (ConfUtils.java:logGet(46)) - raft.server.leaderelection.leader.step-down.wait-time = 10s (default)
2024-02-09 18:35:32,090 [063a7fb5-8d38-4cc1-bcc2-6ca7f0273dd7-NettyServerStreamRpc-bossGroup--thread1] INFO  logging.LoggingHandler (AbstractInternalLogger.java:log(148)) - [id: 0xf1d25558, L:/0.0.0.0:15416] ACTIVE
2024-02-09 18:35:32,090 [main] INFO  server.RaftServerConfigKeys (ConfUtils.java:logGet(46)) - raft.server.storage.dir = [/home/runner/work/ozone/ozone/hadoop-ozone/integration-test/target/test-dir/MiniOzoneClusterImpl-10a7684d-3d33-49d2-80ef-f5f5272a1eb0/datanode-5/data/ratis] (custom)
2024-02-09 18:35:32,090 [main] INFO  server.RaftServerConfigKeys (ConfUtils.java:logGet(46)) - raft.server.threadpool.proxy.cached = true (default)
2024-02-09 18:35:32,090 [main] INFO  server.RaftServerConfigKeys (ConfUtils.java:logGet(46)) - raft.server.threadpool.proxy.size = 0 (default)
2024-02-09 18:35:32,091 [063a7fb5-8d38-4cc1-bcc2-6ca7f0273dd7-impl-thread1] INFO  server.RaftServer (RaftServerProxy.java:initGroupDir(264)) - 063a7fb5-8d38-4cc1-bcc2-6ca7f0273dd7: found a subdirectory /home/runner/work/ozone/ozone/hadoop-ozone/integration-test/target/test-dir/MiniOzoneClusterImpl-10a7684d-3d33-49d2-80ef-f5f5272a1eb0/datanode-5/data/ratis/tmp
2024-02-09 18:35:32,091 [063a7fb5-8d38-4cc1-bcc2-6ca7f0273dd7-impl-thread1] INFO  server.RaftServer (RaftServerProxy.java:initGroupDir(269)) - 063a7fb5-8d38-4cc1-bcc2-6ca7f0273dd7: The directory /home/runner/work/ozone/ozone/hadoop-ozone/integration-test/target/test-dir/MiniOzoneClusterImpl-10a7684d-3d33-49d2-80ef-f5f5272a1eb0/datanode-5/data/ratis/tmp is not a group directory; ignoring it. 
2024-02-09 18:35:32,091 [main] INFO  replication.ReplicationServer (ReplicationServer.java:<init>(86)) - Initializing replication server with thread count = 10 queue length = 4096
2024-02-09 18:35:32,091 [main] INFO  server.XceiverServerGrpc (XceiverServerGrpc.java:<init>(141)) - GrpcServer channel type EpollServerSocketChannel
2024-02-09 18:35:32,092 [main] INFO  replication.ReplicationSupervisor (ReplicationSupervisor.java:build(163)) - Initializing replication supervisor with thread count = 10
2024-02-09 18:35:32,092 [main] INFO  replication.ReplicationSupervisor (ReplicationSupervisor.java:nodeStateUpdated(317)) - Node state updated to IN_SERVICE, scaling executor pool size to 10
2024-02-09 18:35:32,094 [main] INFO  http.BaseHttpServer (BaseHttpServer.java:newHttpServer2BuilderForOzone(223)) - Starting Web-server for hddsDatanode at: http://0.0.0.0:15410
2024-02-09 18:35:32,094 [main] INFO  http.BaseHttpServer (BaseHttpServer.java:<init>(110)) - Hadoop Security Enabled: false Ozone Security Enabled: false Ozone HTTP Security Enabled: false 
2024-02-09 18:35:32,094 [main] WARN  server.AuthenticationFilter (AuthenticationFilter.java:constructSecretProvider(240)) - Unable to initialize FileSignerSecretProvider, falling back to use random secrets. Reason: Could not read signature secret file: /home/runner/hadoop-http-auth-signature-secret
2024-02-09 18:35:32,095 [main] INFO  http.HttpRequestLog (HttpRequestLog.java:getRequestLog(86)) - Http request log for http.requests.hddsDatanode is not defined
2024-02-09 18:35:32,095 [main] INFO  http.HttpServer2 (HttpServer2.java:addGlobalFilter(1036)) - Added global filter 'safety' (class=org.apache.hadoop.hdds.server.http.HttpServer2$QuotingInputFilter)
2024-02-09 18:35:32,095 [main] INFO  http.HttpServer2 (HttpServer2.java:addFilter(1012)) - Added filter static_user_filter (class=org.apache.hadoop.http.lib.StaticUserWebFilter$StaticUserFilter) to context hddsDatanode
2024-02-09 18:35:32,096 [main] INFO  http.HttpServer2 (HttpServer2.java:addFilter(1020)) - Added filter static_user_filter (class=org.apache.hadoop.http.lib.StaticUserWebFilter$StaticUserFilter) to context logs
2024-02-09 18:35:32,096 [main] INFO  http.HttpServer2 (HttpServer2.java:addFilter(1020)) - Added filter static_user_filter (class=org.apache.hadoop.http.lib.StaticUserWebFilter$StaticUserFilter) to context static
2024-02-09 18:35:32,096 [main] INFO  http.BaseHttpServer (BaseHttpServer.java:<init>(189)) - HTTP server of hddsDatanode uses base directory /home/runner/work/ozone/ozone/hadoop-ozone/integration-test/target/test-dir/MiniOzoneClusterImpl-10a7684d-3d33-49d2-80ef-f5f5272a1eb0/datanode-5/meta/webserver
2024-02-09 18:35:32,096 [main] INFO  http.HttpServer2 (HttpServer2.java:bindListener(1236)) - Jetty bound to port 15410
2024-02-09 18:35:32,096 [main] INFO  server.Server (Server.java:doStart(375)) - jetty-9.4.53.v20231009; built: 2023-10-09T12:29:09.265Z; git: 27bde00a0b95a1d5bbee0eae7984f891d2d0f8c9; jvm 1.8.0_402-b06
2024-02-09 18:35:32,097 [main] INFO  server.session (DefaultSessionIdManager.java:doStart(334)) - DefaultSessionIdManager workerName=node0
2024-02-09 18:35:32,097 [main] INFO  server.session (DefaultSessionIdManager.java:doStart(339)) - No SessionScavenger set, using defaults
2024-02-09 18:35:32,097 [main] INFO  server.session (HouseKeeper.java:startScavenging(132)) - node0 Scavenging every 600000ms
2024-02-09 18:35:32,098 [main] INFO  handler.ContextHandler (ContextHandler.java:doStart(921)) - Started o.e.j.s.ServletContextHandler@551909ec{logs,/logs,file:///home/runner/work/ozone/ozone/hadoop-ozone/integration-test/target/log,AVAILABLE}
2024-02-09 18:35:32,098 [main] INFO  handler.ContextHandler (ContextHandler.java:doStart(921)) - Started o.e.j.s.ServletContextHandler@5d0e31f8{static,/static,jar:file:/home/runner/.m2/repository/org/apache/ozone/hdds-container-service/1.5.0-SNAPSHOT/hdds-container-service-1.5.0-SNAPSHOT.jar!/webapps/static,AVAILABLE}
2024-02-09 18:35:32,132 [main] INFO  handler.ContextHandler (ContextHandler.java:doStart(921)) - Started o.e.j.w.WebAppContext@4a563907{hddsDatanode,/,file:///home/runner/work/ozone/ozone/hadoop-ozone/integration-test/target/test-dir/MiniOzoneClusterImpl-10a7684d-3d33-49d2-80ef-f5f5272a1eb0/datanode-5/meta/webserver/jetty-0_0_0_0-15410-hdds-container-service-1_5_0-SNAPSHOT_jar-_-any-5423807185080686472/webapp/,AVAILABLE}{jar:file:/home/runner/.m2/repository/org/apache/ozone/hdds-container-service/1.5.0-SNAPSHOT/hdds-container-service-1.5.0-SNAPSHOT.jar!/webapps/hddsDatanode}
2024-02-09 18:35:32,134 [main] INFO  server.AbstractConnector (AbstractConnector.java:doStart(333)) - Started ServerConnector@5227e657{HTTP/1.1, (http/1.1)}{0.0.0.0:15410}
2024-02-09 18:35:32,134 [main] INFO  server.Server (Server.java:doStart(415)) - Started @135928ms
2024-02-09 18:35:32,134 [main] WARN  impl.MetricsSystemImpl (MetricsSystemImpl.java:register(279)) - Sink prometheus already exists!
2024-02-09 18:35:32,135 [main] INFO  http.BaseHttpServer (BaseHttpServer.java:updateConnectorAddress(354)) - HTTP server of hddsDatanode listening at http://0.0.0.0:15410
2024-02-09 18:35:32,135 [main] INFO  ipc.CallQueueManager (CallQueueManager.java:<init>(90)) - Using callQueue: class java.util.concurrent.LinkedBlockingQueue, queueCapacity: 100, scheduler: class org.apache.hadoop.ipc.DefaultRpcScheduler, ipcBackoff: false.
2024-02-09 18:35:32,135 [main] INFO  ipc.Server (Server.java:<init>(1287)) - Listener at 0.0.0.0:15411
2024-02-09 18:35:32,135 [Socket Reader #1 for port 15411] INFO  ipc.Server (Server.java:run(1323)) - Starting Socket Reader #1 for port 15411
2024-02-09 18:35:32,137 [main] INFO  ozone.HddsDatanodeService (HddsDatanodeService.java:start(327)) - Datanode start with admins: [runner]
2024-02-09 18:35:32,137 [main] INFO  ozone.HddsDatanodeClientProtocolServer (HddsDatanodeClientProtocolServer.java:start(72)) - RPC server for Client /0.0.0.0:15411
2024-02-09 18:35:32,137 [IPC Server Responder] INFO  ipc.Server (Server.java:run(1562)) - IPC Server Responder: starting
2024-02-09 18:35:32,137 [IPC Server listener on 15411] INFO  ipc.Server (Server.java:run(1402)) - IPC Server listener on 15411: starting
2024-02-09 18:35:32,139 [063a7fb5-8d38-4cc1-bcc2-6ca7f0273dd7-DatanodeStateMachineDaemonThread] INFO  statemachine.DatanodeStateMachine (DatanodeStateMachine.java:lambda$startDaemon$1(555)) - Ozone container server started.
2024-02-09 18:35:32,139 [main] WARN  dropwizard3.Dm3MetricRegistriesImpl (Dm3MetricRegistriesImpl.java:addReporterRegistration(113)) - New reporters are added after registries were created. Some metrics will be missing from the reporter. Please add reporter before adding any new registry.
2024-02-09 18:35:32,140 [main] WARN  dropwizard3.Dm3MetricRegistriesImpl (Dm3MetricRegistriesImpl.java:addReporterRegistration(113)) - New reporters are added after registries were created. Some metrics will be missing from the reporter. Please add reporter before adding any new registry.
2024-02-09 18:35:32,140 [main] INFO  impl.MetricsSystemImpl (MetricsSystemImpl.java:init(158)) - HddsDatanode metrics system started (again)
2024-02-09 18:35:32,141 [063a7fb5-8d38-4cc1-bcc2-6ca7f0273dd7-DatanodeStateMachineTaskThread-0] INFO  datanode.InitDatanodeState (InitDatanodeState.java:persistContainerDatanodeDetails(139)) - DatanodeDetails is persisted to /home/runner/work/ozone/ozone/hadoop-ozone/integration-test/target/test-dir/MiniOzoneClusterImpl-10a7684d-3d33-49d2-80ef-f5f5272a1eb0/datanode-5/meta/datanode.id
2024-02-09 18:35:32,148 [main] INFO  ozone.HddsDatanodeService (HddsDatanodeService.java:start(240)) - HddsDatanodeService host:fv-az1241-572.pcjn5njxctguzesueqcwbvg5cg.ex.internal.cloudapp.net ip:10.1.0.43
2024-02-09 18:35:32,163 [main] INFO  upgrade.AbstractLayoutVersionManager (AbstractLayoutVersionManager.java:init(83)) - Initializing Layout version manager with metadata layout = HADOOP_PRC_PORTS_IN_DATANODEDETAILS (version = 7), software layout = HADOOP_PRC_PORTS_IN_DATANODEDETAILS (version = 7)
2024-02-09 18:35:32,163 [main] INFO  statemachine.DatanodeStateMachine (DatanodeStateMachine.java:getEndPointTaskThreadPoolSize(299)) - Datanode State Machine Task Thread Pool size 2
2024-02-09 18:35:32,164 [main] INFO  volume.HddsVolume (HddsVolume.java:<init>(125)) - Creating HddsVolume: /home/runner/work/ozone/ozone/hadoop-ozone/integration-test/target/test-dir/MiniOzoneClusterImpl-10a7684d-3d33-49d2-80ef-f5f5272a1eb0/datanode-6/data-0/containers/hdds of storage type : DISK capacity : 9223372036854775807
2024-02-09 18:35:32,165 [main] INFO  volume.MutableVolumeSet (MutableVolumeSet.java:initializeVolumeSet(173)) - Added Volume : /home/runner/work/ozone/ozone/hadoop-ozone/integration-test/target/test-dir/MiniOzoneClusterImpl-10a7684d-3d33-49d2-80ef-f5f5272a1eb0/datanode-6/data-0/containers/hdds to VolumeSet
2024-02-09 18:35:32,165 [main] INFO  volume.MutableVolumeSet (MutableVolumeSet.java:initializeVolumeSet(173)) - Added Volume : /home/runner/work/ozone/ozone/hadoop-ozone/integration-test/target/test-dir/MiniOzoneClusterImpl-10a7684d-3d33-49d2-80ef-f5f5272a1eb0/datanode-6/data/ratis to VolumeSet
2024-02-09 18:35:32,166 [main] INFO  ozoneimpl.OzoneContainer (HddsVolumeUtil.java:loadAllHddsVolumeDbStore(103)) - Load 1 volumes DbStore cost: 0ms
2024-02-09 18:35:32,167 [main] INFO  server.RaftServer (ConfUtils.java:logGet(46)) - raft.rpc.type = GRPC (default)
2024-02-09 18:35:32,167 [main] INFO  grpc.GrpcConfigKeys (ConfUtils.java:logFallback(53)) - raft.grpc.admin.host = null (fallback to raft.grpc.server.host)
2024-02-09 18:35:32,167 [main] INFO  grpc.GrpcConfigKeys (ConfUtils.java:logGet(46)) - raft.grpc.admin.port = 15423 (custom)
2024-02-09 18:35:32,167 [main] INFO  grpc.GrpcConfigKeys (ConfUtils.java:logFallback(53)) - raft.grpc.client.host = null (fallback to raft.grpc.server.host)
2024-02-09 18:35:32,167 [main] INFO  grpc.GrpcConfigKeys (ConfUtils.java:logGet(46)) - raft.grpc.client.port = 15422 (custom)
2024-02-09 18:35:32,167 [main] INFO  grpc.GrpcConfigKeys (ConfUtils.java:logGet(46)) - raft.grpc.server.host = null (default)
2024-02-09 18:35:32,168 [main] INFO  grpc.GrpcConfigKeys (ConfUtils.java:logGet(46)) - raft.grpc.server.port = 15424 (custom)
2024-02-09 18:35:32,168 [main] INFO  server.GrpcService (ConfUtils.java:logGet(46)) - raft.grpc.message.size.max = 32MB (=33554432) (custom)
2024-02-09 18:35:32,168 [main] INFO  server.RaftServerConfigKeys (ConfUtils.java:logGet(46)) - raft.server.log.appender.buffer.byte-limit = 8388608 (custom)
2024-02-09 18:35:32,168 [main] INFO  server.GrpcService (ConfUtils.java:logGet(46)) - raft.grpc.flow.control.window = 5MB (=5242880) (custom)
2024-02-09 18:35:32,168 [main] INFO  server.RaftServerConfigKeys (ConfUtils.java:logGet(46)) - raft.server.rpc.request.timeout = 3000ms (default)
2024-02-09 18:35:32,168 [main] INFO  grpc.GrpcConfigKeys (ConfUtils.java:logGet(46)) - raft.grpc.server.heartbeat.channel = true (default)
2024-02-09 18:35:32,168 [main] INFO  grpc.GrpcConfigKeys (ConfUtils.java:logGet(46)) - raft.grpc.server.async.request.thread.pool.cached = true (default)
2024-02-09 18:35:32,169 [main] INFO  grpc.GrpcConfigKeys (ConfUtils.java:logGet(46)) - raft.grpc.server.async.request.thread.pool.size = 32 (default)
2024-02-09 18:35:32,171 [main] INFO  impl.DataStreamServerImpl (ConfUtils.java:logGet(46)) - raft.datastream.type = NETTY (custom)
2024-02-09 18:35:32,171 [main] INFO  server.RaftServerConfigKeys (ConfUtils.java:logGet(46)) - raft.server.data-stream.async.request.thread.pool.cached = false (default)
2024-02-09 18:35:32,171 [main] INFO  server.RaftServerConfigKeys (ConfUtils.java:logGet(46)) - raft.server.data-stream.async.request.thread.pool.size = 20 (custom)
2024-02-09 18:35:32,171 [main] INFO  server.RaftServerConfigKeys (ConfUtils.java:logGet(46)) - raft.server.data-stream.async.write.thread.pool.size = 16 (default)
2024-02-09 18:35:32,171 [main] INFO  netty.NettyConfigKeys$DataStream (ConfUtils.java:logGet(46)) - raft.netty.dataStream.server.channel.inactive.grace-period = 10min (default)
2024-02-09 18:35:32,172 [main] INFO  server.RaftServerConfigKeys (ConfUtils.java:logGet(46)) - raft.server.data-stream.client.pool.size = 10 (default)
2024-02-09 18:35:32,172 [main] INFO  netty.NettyConfigKeys$DataStream (ConfUtils.java:logGet(46)) - raft.netty.dataStream.server.use-epoll = true (default)
2024-02-09 18:35:32,172 [main] INFO  netty.NettyConfigKeys$DataStream (ConfUtils.java:logGet(46)) - raft.netty.dataStream.server.boss-group.size = 0 (default)
2024-02-09 18:35:32,172 [main] INFO  netty.NettyUtils (NettyUtils.java:newEventLoopGroup(69)) - Create EpollEventLoopGroup for 87145564-582e-4d08-b209-7a2296b785bc-NettyServerStreamRpc-bossGroup; Thread size is 0.
2024-02-09 18:35:32,173 [main] INFO  netty.NettyConfigKeys$DataStream (ConfUtils.java:logGet(46)) - raft.netty.dataStream.server.worker-group.size = 0 (default)
2024-02-09 18:35:32,173 [main] INFO  netty.NettyUtils (NettyUtils.java:newEventLoopGroup(69)) - Create EpollEventLoopGroup for 87145564-582e-4d08-b209-7a2296b785bc-NettyServerStreamRpc-workerGroup; Thread size is 0.
2024-02-09 18:35:32,173 [main] INFO  netty.NettyConfigKeys$DataStream (ConfUtils.java:logGet(46)) - raft.netty.dataStream.server.tls.conf = null (default)
2024-02-09 18:35:32,173 [main] INFO  netty.NettyConfigKeys$DataStream (ConfUtils.java:logGet(46)) - raft.netty.dataStream.host = null (default)
2024-02-09 18:35:32,173 [main] INFO  netty.NettyConfigKeys$DataStream (ConfUtils.java:logGet(46)) - raft.netty.dataStream.port = 15425 (custom)
2024-02-09 18:35:32,174 [main] INFO  server.RaftServerConfigKeys (ConfUtils.java:logGet(46)) - raft.server.sleep.deviation.threshold = 300ms (default)
2024-02-09 18:35:32,174 [main] INFO  server.RaftServerConfigKeys (ConfUtils.java:logGet(46)) - raft.server.close.threshold = 60s (default)
2024-02-09 18:35:32,174 [main] INFO  server.RaftServerConfigKeys (ConfUtils.java:logGet(46)) - raft.server.leaderelection.leader.step-down.wait-time = 10s (default)
2024-02-09 18:35:32,174 [87145564-582e-4d08-b209-7a2296b785bc-NettyServerStreamRpc-bossGroup--thread1] INFO  logging.LoggingHandler (AbstractInternalLogger.java:log(148)) - [id: 0x7f610f0c] REGISTERED
2024-02-09 18:35:32,174 [main] INFO  server.RaftServerConfigKeys (ConfUtils.java:logGet(46)) - raft.server.storage.dir = [/home/runner/work/ozone/ozone/hadoop-ozone/integration-test/target/test-dir/MiniOzoneClusterImpl-10a7684d-3d33-49d2-80ef-f5f5272a1eb0/datanode-6/data/ratis] (custom)
2024-02-09 18:35:32,175 [main] INFO  server.RaftServerConfigKeys (ConfUtils.java:logGet(46)) - raft.server.threadpool.proxy.cached = true (default)
2024-02-09 18:35:32,175 [main] INFO  server.RaftServerConfigKeys (ConfUtils.java:logGet(46)) - raft.server.threadpool.proxy.size = 0 (default)
2024-02-09 18:35:32,175 [87145564-582e-4d08-b209-7a2296b785bc-impl-thread1] INFO  server.RaftServer (RaftServerProxy.java:initGroupDir(264)) - 87145564-582e-4d08-b209-7a2296b785bc: found a subdirectory /home/runner/work/ozone/ozone/hadoop-ozone/integration-test/target/test-dir/MiniOzoneClusterImpl-10a7684d-3d33-49d2-80ef-f5f5272a1eb0/datanode-6/data/ratis/tmp
2024-02-09 18:35:32,175 [87145564-582e-4d08-b209-7a2296b785bc-impl-thread1] INFO  server.RaftServer (RaftServerProxy.java:initGroupDir(269)) - 87145564-582e-4d08-b209-7a2296b785bc: The directory /home/runner/work/ozone/ozone/hadoop-ozone/integration-test/target/test-dir/MiniOzoneClusterImpl-10a7684d-3d33-49d2-80ef-f5f5272a1eb0/datanode-6/data/ratis/tmp is not a group directory; ignoring it. 
2024-02-09 18:35:32,176 [87145564-582e-4d08-b209-7a2296b785bc-NettyServerStreamRpc-bossGroup--thread1] INFO  logging.LoggingHandler (AbstractInternalLogger.java:log(148)) - [id: 0x7f610f0c] BIND: 0.0.0.0/0.0.0.0:15425
2024-02-09 18:35:32,176 [87145564-582e-4d08-b209-7a2296b785bc-NettyServerStreamRpc-bossGroup--thread1] INFO  logging.LoggingHandler (AbstractInternalLogger.java:log(148)) - [id: 0x7f610f0c, L:/0.0.0.0:15425] ACTIVE
2024-02-09 18:35:32,179 [main] INFO  replication.ReplicationServer (ReplicationServer.java:<init>(86)) - Initializing replication server with thread count = 10 queue length = 4096
2024-02-09 18:35:32,180 [main] INFO  server.XceiverServerGrpc (XceiverServerGrpc.java:<init>(141)) - GrpcServer channel type EpollServerSocketChannel
2024-02-09 18:35:32,182 [main] INFO  replication.ReplicationSupervisor (ReplicationSupervisor.java:build(163)) - Initializing replication supervisor with thread count = 10
2024-02-09 18:35:32,182 [main] INFO  replication.ReplicationSupervisor (ReplicationSupervisor.java:nodeStateUpdated(317)) - Node state updated to IN_SERVICE, scaling executor pool size to 10
2024-02-09 18:35:32,183 [main] INFO  http.BaseHttpServer (BaseHttpServer.java:newHttpServer2BuilderForOzone(223)) - Starting Web-server for hddsDatanode at: http://0.0.0.0:15419
2024-02-09 18:35:32,184 [main] INFO  http.BaseHttpServer (BaseHttpServer.java:<init>(110)) - Hadoop Security Enabled: false Ozone Security Enabled: false Ozone HTTP Security Enabled: false 
2024-02-09 18:35:32,184 [main] WARN  server.AuthenticationFilter (AuthenticationFilter.java:constructSecretProvider(240)) - Unable to initialize FileSignerSecretProvider, falling back to use random secrets. Reason: Could not read signature secret file: /home/runner/hadoop-http-auth-signature-secret
2024-02-09 18:35:32,185 [main] INFO  http.HttpRequestLog (HttpRequestLog.java:getRequestLog(86)) - Http request log for http.requests.hddsDatanode is not defined
2024-02-09 18:35:32,185 [main] INFO  http.HttpServer2 (HttpServer2.java:addGlobalFilter(1036)) - Added global filter 'safety' (class=org.apache.hadoop.hdds.server.http.HttpServer2$QuotingInputFilter)
2024-02-09 18:35:32,186 [main] INFO  http.HttpServer2 (HttpServer2.java:addFilter(1012)) - Added filter static_user_filter (class=org.apache.hadoop.http.lib.StaticUserWebFilter$StaticUserFilter) to context hddsDatanode
2024-02-09 18:35:32,186 [main] INFO  http.HttpServer2 (HttpServer2.java:addFilter(1020)) - Added filter static_user_filter (class=org.apache.hadoop.http.lib.StaticUserWebFilter$StaticUserFilter) to context static
2024-02-09 18:35:32,186 [main] INFO  http.HttpServer2 (HttpServer2.java:addFilter(1020)) - Added filter static_user_filter (class=org.apache.hadoop.http.lib.StaticUserWebFilter$StaticUserFilter) to context logs
2024-02-09 18:35:32,186 [main] INFO  http.BaseHttpServer (BaseHttpServer.java:<init>(189)) - HTTP server of hddsDatanode uses base directory /home/runner/work/ozone/ozone/hadoop-ozone/integration-test/target/test-dir/MiniOzoneClusterImpl-10a7684d-3d33-49d2-80ef-f5f5272a1eb0/datanode-6/meta/webserver
2024-02-09 18:35:32,186 [main] INFO  http.HttpServer2 (HttpServer2.java:bindListener(1236)) - Jetty bound to port 15419
2024-02-09 18:35:32,186 [main] INFO  server.Server (Server.java:doStart(375)) - jetty-9.4.53.v20231009; built: 2023-10-09T12:29:09.265Z; git: 27bde00a0b95a1d5bbee0eae7984f891d2d0f8c9; jvm 1.8.0_402-b06
2024-02-09 18:35:32,187 [main] INFO  server.session (DefaultSessionIdManager.java:doStart(334)) - DefaultSessionIdManager workerName=node0
2024-02-09 18:35:32,188 [main] INFO  server.session (DefaultSessionIdManager.java:doStart(339)) - No SessionScavenger set, using defaults
2024-02-09 18:35:32,188 [main] INFO  server.session (HouseKeeper.java:startScavenging(132)) - node0 Scavenging every 660000ms
2024-02-09 18:35:32,188 [main] INFO  handler.ContextHandler (ContextHandler.java:doStart(921)) - Started o.e.j.s.ServletContextHandler@7809e39{logs,/logs,file:///home/runner/work/ozone/ozone/hadoop-ozone/integration-test/target/log,AVAILABLE}
2024-02-09 18:35:32,188 [main] INFO  handler.ContextHandler (ContextHandler.java:doStart(921)) - Started o.e.j.s.ServletContextHandler@3da6d854{static,/static,jar:file:/home/runner/.m2/repository/org/apache/ozone/hdds-container-service/1.5.0-SNAPSHOT/hdds-container-service-1.5.0-SNAPSHOT.jar!/webapps/static,AVAILABLE}
2024-02-09 18:35:32,219 [main] INFO  handler.ContextHandler (ContextHandler.java:doStart(921)) - Started o.e.j.w.WebAppContext@28936392{hddsDatanode,/,file:///home/runner/work/ozone/ozone/hadoop-ozone/integration-test/target/test-dir/MiniOzoneClusterImpl-10a7684d-3d33-49d2-80ef-f5f5272a1eb0/datanode-6/meta/webserver/jetty-0_0_0_0-15419-hdds-container-service-1_5_0-SNAPSHOT_jar-_-any-4604990067014675203/webapp/,AVAILABLE}{jar:file:/home/runner/.m2/repository/org/apache/ozone/hdds-container-service/1.5.0-SNAPSHOT/hdds-container-service-1.5.0-SNAPSHOT.jar!/webapps/hddsDatanode}
2024-02-09 18:35:32,221 [main] INFO  server.AbstractConnector (AbstractConnector.java:doStart(333)) - Started ServerConnector@3427fb95{HTTP/1.1, (http/1.1)}{0.0.0.0:15419}
2024-02-09 18:35:32,221 [main] INFO  server.Server (Server.java:doStart(415)) - Started @136015ms
2024-02-09 18:35:32,221 [main] WARN  impl.MetricsSystemImpl (MetricsSystemImpl.java:register(279)) - Sink prometheus already exists!
2024-02-09 18:35:32,222 [main] INFO  http.BaseHttpServer (BaseHttpServer.java:updateConnectorAddress(354)) - HTTP server of hddsDatanode listening at http://0.0.0.0:15419
2024-02-09 18:35:32,222 [main] INFO  ipc.CallQueueManager (CallQueueManager.java:<init>(90)) - Using callQueue: class java.util.concurrent.LinkedBlockingQueue, queueCapacity: 100, scheduler: class org.apache.hadoop.ipc.DefaultRpcScheduler, ipcBackoff: false.
2024-02-09 18:35:32,222 [main] INFO  ipc.Server (Server.java:<init>(1287)) - Listener at 0.0.0.0:15420
2024-02-09 18:35:32,222 [Socket Reader #1 for port 15420] INFO  ipc.Server (Server.java:run(1323)) - Starting Socket Reader #1 for port 15420
2024-02-09 18:35:32,224 [main] INFO  ozone.HddsDatanodeService (HddsDatanodeService.java:start(327)) - Datanode start with admins: [runner]
2024-02-09 18:35:32,224 [main] INFO  ozone.HddsDatanodeClientProtocolServer (HddsDatanodeClientProtocolServer.java:start(72)) - RPC server for Client /0.0.0.0:15420
2024-02-09 18:35:32,224 [IPC Server Responder] INFO  ipc.Server (Server.java:run(1562)) - IPC Server Responder: starting
2024-02-09 18:35:32,224 [IPC Server listener on 15420] INFO  ipc.Server (Server.java:run(1402)) - IPC Server listener on 15420: starting
2024-02-09 18:35:32,231 [87145564-582e-4d08-b209-7a2296b785bc-DatanodeStateMachineDaemonThread] INFO  statemachine.DatanodeStateMachine (DatanodeStateMachine.java:lambda$startDaemon$1(555)) - Ozone container server started.
2024-02-09 18:35:32,231 [main] WARN  dropwizard3.Dm3MetricRegistriesImpl (Dm3MetricRegistriesImpl.java:addReporterRegistration(113)) - New reporters are added after registries were created. Some metrics will be missing from the reporter. Please add reporter before adding any new registry.
2024-02-09 18:35:32,233 [main] WARN  dropwizard3.Dm3MetricRegistriesImpl (Dm3MetricRegistriesImpl.java:addReporterRegistration(113)) - New reporters are added after registries were created. Some metrics will be missing from the reporter. Please add reporter before adding any new registry.
2024-02-09 18:35:32,233 [main] INFO  impl.MetricsSystemImpl (MetricsSystemImpl.java:init(158)) - HddsDatanode metrics system started (again)
2024-02-09 18:35:32,235 [87145564-582e-4d08-b209-7a2296b785bc-DatanodeStateMachineTaskThread-0] INFO  datanode.InitDatanodeState (InitDatanodeState.java:persistContainerDatanodeDetails(139)) - DatanodeDetails is persisted to /home/runner/work/ozone/ozone/hadoop-ozone/integration-test/target/test-dir/MiniOzoneClusterImpl-10a7684d-3d33-49d2-80ef-f5f5272a1eb0/datanode-6/meta/datanode.id
2024-02-09 18:35:32,243 [main] INFO  ozone.HddsDatanodeService (HddsDatanodeService.java:start(240)) - HddsDatanodeService host:fv-az1241-572.pcjn5njxctguzesueqcwbvg5cg.ex.internal.cloudapp.net ip:10.1.0.43
2024-02-09 18:35:32,258 [main] INFO  upgrade.AbstractLayoutVersionManager (AbstractLayoutVersionManager.java:init(83)) - Initializing Layout version manager with metadata layout = HADOOP_PRC_PORTS_IN_DATANODEDETAILS (version = 7), software layout = HADOOP_PRC_PORTS_IN_DATANODEDETAILS (version = 7)
2024-02-09 18:35:32,258 [main] INFO  statemachine.DatanodeStateMachine (DatanodeStateMachine.java:getEndPointTaskThreadPoolSize(299)) - Datanode State Machine Task Thread Pool size 2
2024-02-09 18:35:32,259 [main] INFO  volume.HddsVolume (HddsVolume.java:<init>(125)) - Creating HddsVolume: /home/runner/work/ozone/ozone/hadoop-ozone/integration-test/target/test-dir/MiniOzoneClusterImpl-10a7684d-3d33-49d2-80ef-f5f5272a1eb0/datanode-7/data-0/containers/hdds of storage type : DISK capacity : 9223372036854775807
2024-02-09 18:35:32,259 [main] INFO  volume.MutableVolumeSet (MutableVolumeSet.java:initializeVolumeSet(173)) - Added Volume : /home/runner/work/ozone/ozone/hadoop-ozone/integration-test/target/test-dir/MiniOzoneClusterImpl-10a7684d-3d33-49d2-80ef-f5f5272a1eb0/datanode-7/data-0/containers/hdds to VolumeSet
2024-02-09 18:35:32,259 [main] INFO  volume.MutableVolumeSet (MutableVolumeSet.java:initializeVolumeSet(173)) - Added Volume : /home/runner/work/ozone/ozone/hadoop-ozone/integration-test/target/test-dir/MiniOzoneClusterImpl-10a7684d-3d33-49d2-80ef-f5f5272a1eb0/datanode-7/data/ratis to VolumeSet
2024-02-09 18:35:32,260 [main] INFO  ozoneimpl.OzoneContainer (HddsVolumeUtil.java:loadAllHddsVolumeDbStore(103)) - Load 1 volumes DbStore cost: 1ms
2024-02-09 18:35:32,261 [main] INFO  server.RaftServer (ConfUtils.java:logGet(46)) - raft.rpc.type = GRPC (default)
2024-02-09 18:35:32,261 [main] INFO  grpc.GrpcConfigKeys (ConfUtils.java:logFallback(53)) - raft.grpc.admin.host = null (fallback to raft.grpc.server.host)
2024-02-09 18:35:32,261 [main] INFO  grpc.GrpcConfigKeys (ConfUtils.java:logGet(46)) - raft.grpc.admin.port = 15432 (custom)
2024-02-09 18:35:32,261 [main] INFO  grpc.GrpcConfigKeys (ConfUtils.java:logFallback(53)) - raft.grpc.client.host = null (fallback to raft.grpc.server.host)
2024-02-09 18:35:32,261 [main] INFO  grpc.GrpcConfigKeys (ConfUtils.java:logGet(46)) - raft.grpc.client.port = 15431 (custom)
2024-02-09 18:35:32,261 [main] INFO  grpc.GrpcConfigKeys (ConfUtils.java:logGet(46)) - raft.grpc.server.host = null (default)
2024-02-09 18:35:32,261 [main] INFO  grpc.GrpcConfigKeys (ConfUtils.java:logGet(46)) - raft.grpc.server.port = 15433 (custom)
2024-02-09 18:35:32,261 [main] INFO  server.GrpcService (ConfUtils.java:logGet(46)) - raft.grpc.message.size.max = 32MB (=33554432) (custom)
2024-02-09 18:35:32,262 [main] INFO  server.RaftServerConfigKeys (ConfUtils.java:logGet(46)) - raft.server.log.appender.buffer.byte-limit = 8388608 (custom)
2024-02-09 18:35:32,262 [main] INFO  server.GrpcService (ConfUtils.java:logGet(46)) - raft.grpc.flow.control.window = 5MB (=5242880) (custom)
2024-02-09 18:35:32,262 [main] INFO  server.RaftServerConfigKeys (ConfUtils.java:logGet(46)) - raft.server.rpc.request.timeout = 3000ms (default)
2024-02-09 18:35:32,262 [main] INFO  grpc.GrpcConfigKeys (ConfUtils.java:logGet(46)) - raft.grpc.server.heartbeat.channel = true (default)
2024-02-09 18:35:32,262 [main] INFO  grpc.GrpcConfigKeys (ConfUtils.java:logGet(46)) - raft.grpc.server.async.request.thread.pool.cached = true (default)
2024-02-09 18:35:32,262 [main] INFO  grpc.GrpcConfigKeys (ConfUtils.java:logGet(46)) - raft.grpc.server.async.request.thread.pool.size = 32 (default)
2024-02-09 18:35:32,264 [main] INFO  impl.DataStreamServerImpl (ConfUtils.java:logGet(46)) - raft.datastream.type = NETTY (custom)
2024-02-09 18:35:32,264 [main] INFO  server.RaftServerConfigKeys (ConfUtils.java:logGet(46)) - raft.server.data-stream.async.request.thread.pool.cached = false (default)
2024-02-09 18:35:32,264 [main] INFO  server.RaftServerConfigKeys (ConfUtils.java:logGet(46)) - raft.server.data-stream.async.request.thread.pool.size = 20 (custom)
2024-02-09 18:35:32,264 [main] INFO  server.RaftServerConfigKeys (ConfUtils.java:logGet(46)) - raft.server.data-stream.async.write.thread.pool.size = 16 (default)
2024-02-09 18:35:32,264 [main] INFO  netty.NettyConfigKeys$DataStream (ConfUtils.java:logGet(46)) - raft.netty.dataStream.server.channel.inactive.grace-period = 10min (default)
2024-02-09 18:35:32,264 [main] INFO  server.RaftServerConfigKeys (ConfUtils.java:logGet(46)) - raft.server.data-stream.client.pool.size = 10 (default)
2024-02-09 18:35:32,264 [main] INFO  netty.NettyConfigKeys$DataStream (ConfUtils.java:logGet(46)) - raft.netty.dataStream.server.use-epoll = true (default)
2024-02-09 18:35:32,265 [main] INFO  netty.NettyConfigKeys$DataStream (ConfUtils.java:logGet(46)) - raft.netty.dataStream.server.boss-group.size = 0 (default)
2024-02-09 18:35:32,265 [main] INFO  netty.NettyUtils (NettyUtils.java:newEventLoopGroup(69)) - Create EpollEventLoopGroup for 408e6c3a-5292-4cb9-8087-08d5bb587f71-NettyServerStreamRpc-bossGroup; Thread size is 0.
2024-02-09 18:35:32,265 [main] INFO  netty.NettyConfigKeys$DataStream (ConfUtils.java:logGet(46)) - raft.netty.dataStream.server.worker-group.size = 0 (default)
2024-02-09 18:35:32,265 [main] INFO  netty.NettyUtils (NettyUtils.java:newEventLoopGroup(69)) - Create EpollEventLoopGroup for 408e6c3a-5292-4cb9-8087-08d5bb587f71-NettyServerStreamRpc-workerGroup; Thread size is 0.
2024-02-09 18:35:32,265 [main] INFO  netty.NettyConfigKeys$DataStream (ConfUtils.java:logGet(46)) - raft.netty.dataStream.server.tls.conf = null (default)
2024-02-09 18:35:32,265 [main] INFO  netty.NettyConfigKeys$DataStream (ConfUtils.java:logGet(46)) - raft.netty.dataStream.host = null (default)
2024-02-09 18:35:32,265 [main] INFO  netty.NettyConfigKeys$DataStream (ConfUtils.java:logGet(46)) - raft.netty.dataStream.port = 15434 (custom)
2024-02-09 18:35:32,266 [main] INFO  server.RaftServerConfigKeys (ConfUtils.java:logGet(46)) - raft.server.sleep.deviation.threshold = 300ms (default)
2024-02-09 18:35:32,266 [408e6c3a-5292-4cb9-8087-08d5bb587f71-NettyServerStreamRpc-bossGroup--thread1] INFO  logging.LoggingHandler (AbstractInternalLogger.java:log(148)) - [id: 0xb7cd1dae] REGISTERED
2024-02-09 18:35:32,266 [main] INFO  server.RaftServerConfigKeys (ConfUtils.java:logGet(46)) - raft.server.close.threshold = 60s (default)
2024-02-09 18:35:32,266 [408e6c3a-5292-4cb9-8087-08d5bb587f71-NettyServerStreamRpc-bossGroup--thread1] INFO  logging.LoggingHandler (AbstractInternalLogger.java:log(148)) - [id: 0xb7cd1dae] BIND: 0.0.0.0/0.0.0.0:15434
2024-02-09 18:35:32,266 [main] INFO  server.RaftServerConfigKeys (ConfUtils.java:logGet(46)) - raft.server.leaderelection.leader.step-down.wait-time = 10s (default)
2024-02-09 18:35:32,266 [408e6c3a-5292-4cb9-8087-08d5bb587f71-NettyServerStreamRpc-bossGroup--thread1] INFO  logging.LoggingHandler (AbstractInternalLogger.java:log(148)) - [id: 0xb7cd1dae, L:/0.0.0.0:15434] ACTIVE
2024-02-09 18:35:32,266 [main] INFO  server.RaftServerConfigKeys (ConfUtils.java:logGet(46)) - raft.server.storage.dir = [/home/runner/work/ozone/ozone/hadoop-ozone/integration-test/target/test-dir/MiniOzoneClusterImpl-10a7684d-3d33-49d2-80ef-f5f5272a1eb0/datanode-7/data/ratis] (custom)
2024-02-09 18:35:32,266 [main] INFO  server.RaftServerConfigKeys (ConfUtils.java:logGet(46)) - raft.server.threadpool.proxy.cached = true (default)
2024-02-09 18:35:32,267 [main] INFO  server.RaftServerConfigKeys (ConfUtils.java:logGet(46)) - raft.server.threadpool.proxy.size = 0 (default)
2024-02-09 18:35:32,267 [408e6c3a-5292-4cb9-8087-08d5bb587f71-impl-thread1] INFO  server.RaftServer (RaftServerProxy.java:initGroupDir(264)) - 408e6c3a-5292-4cb9-8087-08d5bb587f71: found a subdirectory /home/runner/work/ozone/ozone/hadoop-ozone/integration-test/target/test-dir/MiniOzoneClusterImpl-10a7684d-3d33-49d2-80ef-f5f5272a1eb0/datanode-7/data/ratis/tmp
2024-02-09 18:35:32,267 [408e6c3a-5292-4cb9-8087-08d5bb587f71-impl-thread1] INFO  server.RaftServer (RaftServerProxy.java:initGroupDir(269)) - 408e6c3a-5292-4cb9-8087-08d5bb587f71: The directory /home/runner/work/ozone/ozone/hadoop-ozone/integration-test/target/test-dir/MiniOzoneClusterImpl-10a7684d-3d33-49d2-80ef-f5f5272a1eb0/datanode-7/data/ratis/tmp is not a group directory; ignoring it. 
2024-02-09 18:35:32,267 [main] INFO  replication.ReplicationServer (ReplicationServer.java:<init>(86)) - Initializing replication server with thread count = 10 queue length = 4096
2024-02-09 18:35:32,268 [main] INFO  server.XceiverServerGrpc (XceiverServerGrpc.java:<init>(141)) - GrpcServer channel type EpollServerSocketChannel
2024-02-09 18:35:32,269 [main] INFO  replication.ReplicationSupervisor (ReplicationSupervisor.java:build(163)) - Initializing replication supervisor with thread count = 10
2024-02-09 18:35:32,269 [main] INFO  replication.ReplicationSupervisor (ReplicationSupervisor.java:nodeStateUpdated(317)) - Node state updated to IN_SERVICE, scaling executor pool size to 10
2024-02-09 18:35:32,270 [main] INFO  http.BaseHttpServer (BaseHttpServer.java:newHttpServer2BuilderForOzone(223)) - Starting Web-server for hddsDatanode at: http://0.0.0.0:15428
2024-02-09 18:35:32,270 [main] INFO  http.BaseHttpServer (BaseHttpServer.java:<init>(110)) - Hadoop Security Enabled: false Ozone Security Enabled: false Ozone HTTP Security Enabled: false 
2024-02-09 18:35:32,271 [main] WARN  server.AuthenticationFilter (AuthenticationFilter.java:constructSecretProvider(240)) - Unable to initialize FileSignerSecretProvider, falling back to use random secrets. Reason: Could not read signature secret file: /home/runner/hadoop-http-auth-signature-secret
2024-02-09 18:35:32,271 [main] INFO  http.HttpRequestLog (HttpRequestLog.java:getRequestLog(86)) - Http request log for http.requests.hddsDatanode is not defined
2024-02-09 18:35:32,272 [main] INFO  http.HttpServer2 (HttpServer2.java:addGlobalFilter(1036)) - Added global filter 'safety' (class=org.apache.hadoop.hdds.server.http.HttpServer2$QuotingInputFilter)
2024-02-09 18:35:32,273 [main] INFO  http.HttpServer2 (HttpServer2.java:addFilter(1012)) - Added filter static_user_filter (class=org.apache.hadoop.http.lib.StaticUserWebFilter$StaticUserFilter) to context hddsDatanode
2024-02-09 18:35:32,273 [main] INFO  http.HttpServer2 (HttpServer2.java:addFilter(1020)) - Added filter static_user_filter (class=org.apache.hadoop.http.lib.StaticUserWebFilter$StaticUserFilter) to context static
2024-02-09 18:35:32,273 [main] INFO  http.HttpServer2 (HttpServer2.java:addFilter(1020)) - Added filter static_user_filter (class=org.apache.hadoop.http.lib.StaticUserWebFilter$StaticUserFilter) to context logs
2024-02-09 18:35:32,273 [main] INFO  http.BaseHttpServer (BaseHttpServer.java:<init>(189)) - HTTP server of hddsDatanode uses base directory /home/runner/work/ozone/ozone/hadoop-ozone/integration-test/target/test-dir/MiniOzoneClusterImpl-10a7684d-3d33-49d2-80ef-f5f5272a1eb0/datanode-7/meta/webserver
2024-02-09 18:35:32,274 [main] INFO  http.HttpServer2 (HttpServer2.java:bindListener(1236)) - Jetty bound to port 15428
2024-02-09 18:35:32,274 [main] INFO  server.Server (Server.java:doStart(375)) - jetty-9.4.53.v20231009; built: 2023-10-09T12:29:09.265Z; git: 27bde00a0b95a1d5bbee0eae7984f891d2d0f8c9; jvm 1.8.0_402-b06
2024-02-09 18:35:32,275 [main] INFO  server.session (DefaultSessionIdManager.java:doStart(334)) - DefaultSessionIdManager workerName=node0
2024-02-09 18:35:32,275 [main] INFO  server.session (DefaultSessionIdManager.java:doStart(339)) - No SessionScavenger set, using defaults
2024-02-09 18:35:32,275 [main] INFO  server.session (HouseKeeper.java:startScavenging(132)) - node0 Scavenging every 600000ms
2024-02-09 18:35:32,275 [main] INFO  handler.ContextHandler (ContextHandler.java:doStart(921)) - Started o.e.j.s.ServletContextHandler@33f957ae{logs,/logs,file:///home/runner/work/ozone/ozone/hadoop-ozone/integration-test/target/log,AVAILABLE}
2024-02-09 18:35:32,276 [main] INFO  handler.ContextHandler (ContextHandler.java:doStart(921)) - Started o.e.j.s.ServletContextHandler@1d442b80{static,/static,jar:file:/home/runner/.m2/repository/org/apache/ozone/hdds-container-service/1.5.0-SNAPSHOT/hdds-container-service-1.5.0-SNAPSHOT.jar!/webapps/static,AVAILABLE}
2024-02-09 18:35:32,307 [main] INFO  handler.ContextHandler (ContextHandler.java:doStart(921)) - Started o.e.j.w.WebAppContext@55fd5bae{hddsDatanode,/,file:///home/runner/work/ozone/ozone/hadoop-ozone/integration-test/target/test-dir/MiniOzoneClusterImpl-10a7684d-3d33-49d2-80ef-f5f5272a1eb0/datanode-7/meta/webserver/jetty-0_0_0_0-15428-hdds-container-service-1_5_0-SNAPSHOT_jar-_-any-3719929693747901774/webapp/,AVAILABLE}{jar:file:/home/runner/.m2/repository/org/apache/ozone/hdds-container-service/1.5.0-SNAPSHOT/hdds-container-service-1.5.0-SNAPSHOT.jar!/webapps/hddsDatanode}
2024-02-09 18:35:32,307 [main] INFO  server.AbstractConnector (AbstractConnector.java:doStart(333)) - Started ServerConnector@760e84b0{HTTP/1.1, (http/1.1)}{0.0.0.0:15428}
2024-02-09 18:35:32,307 [main] INFO  server.Server (Server.java:doStart(415)) - Started @136101ms
2024-02-09 18:35:32,308 [main] WARN  impl.MetricsSystemImpl (MetricsSystemImpl.java:register(279)) - Sink prometheus already exists!
2024-02-09 18:35:32,308 [main] INFO  http.BaseHttpServer (BaseHttpServer.java:updateConnectorAddress(354)) - HTTP server of hddsDatanode listening at http://0.0.0.0:15428
2024-02-09 18:35:32,308 [main] INFO  ipc.CallQueueManager (CallQueueManager.java:<init>(90)) - Using callQueue: class java.util.concurrent.LinkedBlockingQueue, queueCapacity: 100, scheduler: class org.apache.hadoop.ipc.DefaultRpcScheduler, ipcBackoff: false.
2024-02-09 18:35:32,309 [main] INFO  ipc.Server (Server.java:<init>(1287)) - Listener at 0.0.0.0:15429
2024-02-09 18:35:32,309 [Socket Reader #1 for port 15429] INFO  ipc.Server (Server.java:run(1323)) - Starting Socket Reader #1 for port 15429
2024-02-09 18:35:32,320 [main] INFO  ozone.HddsDatanodeService (HddsDatanodeService.java:start(327)) - Datanode start with admins: [runner]
2024-02-09 18:35:32,320 [main] INFO  ozone.HddsDatanodeClientProtocolServer (HddsDatanodeClientProtocolServer.java:start(72)) - RPC server for Client /0.0.0.0:15429
2024-02-09 18:35:32,323 [IPC Server Responder] INFO  ipc.Server (Server.java:run(1562)) - IPC Server Responder: starting
2024-02-09 18:35:32,323 [IPC Server listener on 15429] INFO  ipc.Server (Server.java:run(1402)) - IPC Server listener on 15429: starting
2024-02-09 18:35:32,329 [408e6c3a-5292-4cb9-8087-08d5bb587f71-DatanodeStateMachineDaemonThread] INFO  statemachine.DatanodeStateMachine (DatanodeStateMachine.java:lambda$startDaemon$1(555)) - Ozone container server started.
2024-02-09 18:35:32,331 [main] WARN  dropwizard3.Dm3MetricRegistriesImpl (Dm3MetricRegistriesImpl.java:addReporterRegistration(113)) - New reporters are added after registries were created. Some metrics will be missing from the reporter. Please add reporter before adding any new registry.
2024-02-09 18:35:32,331 [main] WARN  dropwizard3.Dm3MetricRegistriesImpl (Dm3MetricRegistriesImpl.java:addReporterRegistration(113)) - New reporters are added after registries were created. Some metrics will be missing from the reporter. Please add reporter before adding any new registry.
2024-02-09 18:35:32,331 [main] INFO  impl.MetricsSystemImpl (MetricsSystemImpl.java:init(158)) - HddsDatanode metrics system started (again)
2024-02-09 18:35:32,343 [main] INFO  ozone.HddsDatanodeService (HddsDatanodeService.java:start(240)) - HddsDatanodeService host:fv-az1241-572.pcjn5njxctguzesueqcwbvg5cg.ex.internal.cloudapp.net ip:10.1.0.43
2024-02-09 18:35:32,344 [408e6c3a-5292-4cb9-8087-08d5bb587f71-DatanodeStateMachineTaskThread-0] INFO  datanode.InitDatanodeState (InitDatanodeState.java:persistContainerDatanodeDetails(139)) - DatanodeDetails is persisted to /home/runner/work/ozone/ozone/hadoop-ozone/integration-test/target/test-dir/MiniOzoneClusterImpl-10a7684d-3d33-49d2-80ef-f5f5272a1eb0/datanode-7/meta/datanode.id
2024-02-09 18:35:32,363 [main] INFO  upgrade.AbstractLayoutVersionManager (AbstractLayoutVersionManager.java:init(83)) - Initializing Layout version manager with metadata layout = HADOOP_PRC_PORTS_IN_DATANODEDETAILS (version = 7), software layout = HADOOP_PRC_PORTS_IN_DATANODEDETAILS (version = 7)
2024-02-09 18:35:32,364 [main] INFO  statemachine.DatanodeStateMachine (DatanodeStateMachine.java:getEndPointTaskThreadPoolSize(299)) - Datanode State Machine Task Thread Pool size 2
2024-02-09 18:35:32,365 [main] INFO  volume.HddsVolume (HddsVolume.java:<init>(125)) - Creating HddsVolume: /home/runner/work/ozone/ozone/hadoop-ozone/integration-test/target/test-dir/MiniOzoneClusterImpl-10a7684d-3d33-49d2-80ef-f5f5272a1eb0/datanode-8/data-0/containers/hdds of storage type : DISK capacity : 9223372036854775807
2024-02-09 18:35:32,365 [main] INFO  volume.MutableVolumeSet (MutableVolumeSet.java:initializeVolumeSet(173)) - Added Volume : /home/runner/work/ozone/ozone/hadoop-ozone/integration-test/target/test-dir/MiniOzoneClusterImpl-10a7684d-3d33-49d2-80ef-f5f5272a1eb0/datanode-8/data-0/containers/hdds to VolumeSet
2024-02-09 18:35:32,366 [main] INFO  volume.MutableVolumeSet (MutableVolumeSet.java:initializeVolumeSet(173)) - Added Volume : /home/runner/work/ozone/ozone/hadoop-ozone/integration-test/target/test-dir/MiniOzoneClusterImpl-10a7684d-3d33-49d2-80ef-f5f5272a1eb0/datanode-8/data/ratis to VolumeSet
2024-02-09 18:35:32,366 [main] INFO  ozoneimpl.OzoneContainer (HddsVolumeUtil.java:loadAllHddsVolumeDbStore(103)) - Load 1 volumes DbStore cost: 0ms
2024-02-09 18:35:32,368 [main] INFO  server.RaftServer (ConfUtils.java:logGet(46)) - raft.rpc.type = GRPC (default)
2024-02-09 18:35:32,368 [main] INFO  grpc.GrpcConfigKeys (ConfUtils.java:logFallback(53)) - raft.grpc.admin.host = null (fallback to raft.grpc.server.host)
2024-02-09 18:35:32,369 [main] INFO  grpc.GrpcConfigKeys (ConfUtils.java:logGet(46)) - raft.grpc.admin.port = 15441 (custom)
2024-02-09 18:35:32,369 [main] INFO  grpc.GrpcConfigKeys (ConfUtils.java:logFallback(53)) - raft.grpc.client.host = null (fallback to raft.grpc.server.host)
2024-02-09 18:35:32,369 [main] INFO  grpc.GrpcConfigKeys (ConfUtils.java:logGet(46)) - raft.grpc.client.port = 15440 (custom)
2024-02-09 18:35:32,369 [main] INFO  grpc.GrpcConfigKeys (ConfUtils.java:logGet(46)) - raft.grpc.server.host = null (default)
2024-02-09 18:35:32,370 [main] INFO  grpc.GrpcConfigKeys (ConfUtils.java:logGet(46)) - raft.grpc.server.port = 15442 (custom)
2024-02-09 18:35:32,370 [main] INFO  server.GrpcService (ConfUtils.java:logGet(46)) - raft.grpc.message.size.max = 32MB (=33554432) (custom)
2024-02-09 18:35:32,370 [main] INFO  server.RaftServerConfigKeys (ConfUtils.java:logGet(46)) - raft.server.log.appender.buffer.byte-limit = 8388608 (custom)
2024-02-09 18:35:32,370 [main] INFO  server.GrpcService (ConfUtils.java:logGet(46)) - raft.grpc.flow.control.window = 5MB (=5242880) (custom)
2024-02-09 18:35:32,371 [main] INFO  server.RaftServerConfigKeys (ConfUtils.java:logGet(46)) - raft.server.rpc.request.timeout = 3000ms (default)
2024-02-09 18:35:32,371 [main] INFO  grpc.GrpcConfigKeys (ConfUtils.java:logGet(46)) - raft.grpc.server.heartbeat.channel = true (default)
2024-02-09 18:35:32,371 [main] INFO  grpc.GrpcConfigKeys (ConfUtils.java:logGet(46)) - raft.grpc.server.async.request.thread.pool.cached = true (default)
2024-02-09 18:35:32,371 [main] INFO  grpc.GrpcConfigKeys (ConfUtils.java:logGet(46)) - raft.grpc.server.async.request.thread.pool.size = 32 (default)
2024-02-09 18:35:32,374 [main] INFO  impl.DataStreamServerImpl (ConfUtils.java:logGet(46)) - raft.datastream.type = NETTY (custom)
2024-02-09 18:35:32,374 [main] INFO  server.RaftServerConfigKeys (ConfUtils.java:logGet(46)) - raft.server.data-stream.async.request.thread.pool.cached = false (default)
2024-02-09 18:35:32,374 [main] INFO  server.RaftServerConfigKeys (ConfUtils.java:logGet(46)) - raft.server.data-stream.async.request.thread.pool.size = 20 (custom)
2024-02-09 18:35:32,374 [main] INFO  server.RaftServerConfigKeys (ConfUtils.java:logGet(46)) - raft.server.data-stream.async.write.thread.pool.size = 16 (default)
2024-02-09 18:35:32,375 [main] INFO  netty.NettyConfigKeys$DataStream (ConfUtils.java:logGet(46)) - raft.netty.dataStream.server.channel.inactive.grace-period = 10min (default)
2024-02-09 18:35:32,375 [main] INFO  server.RaftServerConfigKeys (ConfUtils.java:logGet(46)) - raft.server.data-stream.client.pool.size = 10 (default)
2024-02-09 18:35:32,375 [main] INFO  netty.NettyConfigKeys$DataStream (ConfUtils.java:logGet(46)) - raft.netty.dataStream.server.use-epoll = true (default)
2024-02-09 18:35:32,375 [main] INFO  netty.NettyConfigKeys$DataStream (ConfUtils.java:logGet(46)) - raft.netty.dataStream.server.boss-group.size = 0 (default)
2024-02-09 18:35:32,376 [main] INFO  netty.NettyUtils (NettyUtils.java:newEventLoopGroup(69)) - Create EpollEventLoopGroup for bf8a30fd-7b22-4fec-9389-eaf0e8889ee9-NettyServerStreamRpc-bossGroup; Thread size is 0.
2024-02-09 18:35:32,376 [main] INFO  netty.NettyConfigKeys$DataStream (ConfUtils.java:logGet(46)) - raft.netty.dataStream.server.worker-group.size = 0 (default)
2024-02-09 18:35:32,376 [main] INFO  netty.NettyUtils (NettyUtils.java:newEventLoopGroup(69)) - Create EpollEventLoopGroup for bf8a30fd-7b22-4fec-9389-eaf0e8889ee9-NettyServerStreamRpc-workerGroup; Thread size is 0.
2024-02-09 18:35:32,377 [main] INFO  netty.NettyConfigKeys$DataStream (ConfUtils.java:logGet(46)) - raft.netty.dataStream.server.tls.conf = null (default)
2024-02-09 18:35:32,377 [main] INFO  netty.NettyConfigKeys$DataStream (ConfUtils.java:logGet(46)) - raft.netty.dataStream.host = null (default)
2024-02-09 18:35:32,377 [main] INFO  netty.NettyConfigKeys$DataStream (ConfUtils.java:logGet(46)) - raft.netty.dataStream.port = 15443 (custom)
2024-02-09 18:35:32,378 [main] INFO  server.RaftServerConfigKeys (ConfUtils.java:logGet(46)) - raft.server.sleep.deviation.threshold = 300ms (default)
2024-02-09 18:35:32,378 [main] INFO  server.RaftServerConfigKeys (ConfUtils.java:logGet(46)) - raft.server.close.threshold = 60s (default)
2024-02-09 18:35:32,378 [main] INFO  server.RaftServerConfigKeys (ConfUtils.java:logGet(46)) - raft.server.leaderelection.leader.step-down.wait-time = 10s (default)
2024-02-09 18:35:32,378 [main] INFO  server.RaftServerConfigKeys (ConfUtils.java:logGet(46)) - raft.server.storage.dir = [/home/runner/work/ozone/ozone/hadoop-ozone/integration-test/target/test-dir/MiniOzoneClusterImpl-10a7684d-3d33-49d2-80ef-f5f5272a1eb0/datanode-8/data/ratis] (custom)
2024-02-09 18:35:32,379 [main] INFO  server.RaftServerConfigKeys (ConfUtils.java:logGet(46)) - raft.server.threadpool.proxy.cached = true (default)
2024-02-09 18:35:32,379 [main] INFO  server.RaftServerConfigKeys (ConfUtils.java:logGet(46)) - raft.server.threadpool.proxy.size = 0 (default)
2024-02-09 18:35:32,378 [bf8a30fd-7b22-4fec-9389-eaf0e8889ee9-NettyServerStreamRpc-bossGroup--thread1] INFO  logging.LoggingHandler (AbstractInternalLogger.java:log(148)) - [id: 0xd7298800] REGISTERED
2024-02-09 18:35:32,379 [bf8a30fd-7b22-4fec-9389-eaf0e8889ee9-impl-thread1] INFO  server.RaftServer (RaftServerProxy.java:initGroupDir(264)) - bf8a30fd-7b22-4fec-9389-eaf0e8889ee9: found a subdirectory /home/runner/work/ozone/ozone/hadoop-ozone/integration-test/target/test-dir/MiniOzoneClusterImpl-10a7684d-3d33-49d2-80ef-f5f5272a1eb0/datanode-8/data/ratis/tmp
2024-02-09 18:35:32,379 [bf8a30fd-7b22-4fec-9389-eaf0e8889ee9-NettyServerStreamRpc-bossGroup--thread1] INFO  logging.LoggingHandler (AbstractInternalLogger.java:log(148)) - [id: 0xd7298800] BIND: 0.0.0.0/0.0.0.0:15443
2024-02-09 18:35:32,379 [bf8a30fd-7b22-4fec-9389-eaf0e8889ee9-impl-thread1] INFO  server.RaftServer (RaftServerProxy.java:initGroupDir(269)) - bf8a30fd-7b22-4fec-9389-eaf0e8889ee9: The directory /home/runner/work/ozone/ozone/hadoop-ozone/integration-test/target/test-dir/MiniOzoneClusterImpl-10a7684d-3d33-49d2-80ef-f5f5272a1eb0/datanode-8/data/ratis/tmp is not a group directory; ignoring it. 
2024-02-09 18:35:32,380 [bf8a30fd-7b22-4fec-9389-eaf0e8889ee9-NettyServerStreamRpc-bossGroup--thread1] INFO  logging.LoggingHandler (AbstractInternalLogger.java:log(148)) - [id: 0xd7298800, L:/0.0.0.0:15443] ACTIVE
2024-02-09 18:35:32,380 [main] INFO  replication.ReplicationServer (ReplicationServer.java:<init>(86)) - Initializing replication server with thread count = 10 queue length = 4096
2024-02-09 18:35:32,380 [main] INFO  server.XceiverServerGrpc (XceiverServerGrpc.java:<init>(141)) - GrpcServer channel type EpollServerSocketChannel
2024-02-09 18:35:32,381 [main] INFO  replication.ReplicationSupervisor (ReplicationSupervisor.java:build(163)) - Initializing replication supervisor with thread count = 10
2024-02-09 18:35:32,381 [main] INFO  replication.ReplicationSupervisor (ReplicationSupervisor.java:nodeStateUpdated(317)) - Node state updated to IN_SERVICE, scaling executor pool size to 10
2024-02-09 18:35:32,383 [main] INFO  http.BaseHttpServer (BaseHttpServer.java:newHttpServer2BuilderForOzone(223)) - Starting Web-server for hddsDatanode at: http://0.0.0.0:15437
2024-02-09 18:35:32,383 [main] INFO  http.BaseHttpServer (BaseHttpServer.java:<init>(110)) - Hadoop Security Enabled: false Ozone Security Enabled: false Ozone HTTP Security Enabled: false 
2024-02-09 18:35:32,383 [main] WARN  server.AuthenticationFilter (AuthenticationFilter.java:constructSecretProvider(240)) - Unable to initialize FileSignerSecretProvider, falling back to use random secrets. Reason: Could not read signature secret file: /home/runner/hadoop-http-auth-signature-secret
2024-02-09 18:35:32,384 [main] INFO  http.HttpRequestLog (HttpRequestLog.java:getRequestLog(86)) - Http request log for http.requests.hddsDatanode is not defined
2024-02-09 18:35:32,384 [main] INFO  http.HttpServer2 (HttpServer2.java:addGlobalFilter(1036)) - Added global filter 'safety' (class=org.apache.hadoop.hdds.server.http.HttpServer2$QuotingInputFilter)
2024-02-09 18:35:32,385 [main] INFO  http.HttpServer2 (HttpServer2.java:addFilter(1012)) - Added filter static_user_filter (class=org.apache.hadoop.http.lib.StaticUserWebFilter$StaticUserFilter) to context hddsDatanode
2024-02-09 18:35:32,385 [main] INFO  http.HttpServer2 (HttpServer2.java:addFilter(1020)) - Added filter static_user_filter (class=org.apache.hadoop.http.lib.StaticUserWebFilter$StaticUserFilter) to context static
2024-02-09 18:35:32,385 [main] INFO  http.HttpServer2 (HttpServer2.java:addFilter(1020)) - Added filter static_user_filter (class=org.apache.hadoop.http.lib.StaticUserWebFilter$StaticUserFilter) to context logs
2024-02-09 18:35:32,385 [main] INFO  http.BaseHttpServer (BaseHttpServer.java:<init>(189)) - HTTP server of hddsDatanode uses base directory /home/runner/work/ozone/ozone/hadoop-ozone/integration-test/target/test-dir/MiniOzoneClusterImpl-10a7684d-3d33-49d2-80ef-f5f5272a1eb0/datanode-8/meta/webserver
2024-02-09 18:35:32,385 [main] INFO  http.HttpServer2 (HttpServer2.java:bindListener(1236)) - Jetty bound to port 15437
2024-02-09 18:35:32,385 [main] INFO  server.Server (Server.java:doStart(375)) - jetty-9.4.53.v20231009; built: 2023-10-09T12:29:09.265Z; git: 27bde00a0b95a1d5bbee0eae7984f891d2d0f8c9; jvm 1.8.0_402-b06
2024-02-09 18:35:32,386 [main] INFO  server.session (DefaultSessionIdManager.java:doStart(334)) - DefaultSessionIdManager workerName=node0
2024-02-09 18:35:32,386 [main] INFO  server.session (DefaultSessionIdManager.java:doStart(339)) - No SessionScavenger set, using defaults
2024-02-09 18:35:32,387 [main] INFO  server.session (HouseKeeper.java:startScavenging(132)) - node0 Scavenging every 660000ms
2024-02-09 18:35:32,387 [main] INFO  handler.ContextHandler (ContextHandler.java:doStart(921)) - Started o.e.j.s.ServletContextHandler@37f1249e{logs,/logs,file:///home/runner/work/ozone/ozone/hadoop-ozone/integration-test/target/log,AVAILABLE}
2024-02-09 18:35:32,387 [main] INFO  handler.ContextHandler (ContextHandler.java:doStart(921)) - Started o.e.j.s.ServletContextHandler@3980412e{static,/static,jar:file:/home/runner/.m2/repository/org/apache/ozone/hdds-container-service/1.5.0-SNAPSHOT/hdds-container-service-1.5.0-SNAPSHOT.jar!/webapps/static,AVAILABLE}
2024-02-09 18:35:32,418 [main] INFO  handler.ContextHandler (ContextHandler.java:doStart(921)) - Started o.e.j.w.WebAppContext@15be4eb0{hddsDatanode,/,file:///home/runner/work/ozone/ozone/hadoop-ozone/integration-test/target/test-dir/MiniOzoneClusterImpl-10a7684d-3d33-49d2-80ef-f5f5272a1eb0/datanode-8/meta/webserver/jetty-0_0_0_0-15437-hdds-container-service-1_5_0-SNAPSHOT_jar-_-any-3674384289714089442/webapp/,AVAILABLE}{jar:file:/home/runner/.m2/repository/org/apache/ozone/hdds-container-service/1.5.0-SNAPSHOT/hdds-container-service-1.5.0-SNAPSHOT.jar!/webapps/hddsDatanode}
2024-02-09 18:35:32,418 [main] INFO  server.AbstractConnector (AbstractConnector.java:doStart(333)) - Started ServerConnector@1437f717{HTTP/1.1, (http/1.1)}{0.0.0.0:15437}
2024-02-09 18:35:32,419 [main] INFO  server.Server (Server.java:doStart(415)) - Started @136212ms
2024-02-09 18:35:32,419 [main] WARN  impl.MetricsSystemImpl (MetricsSystemImpl.java:register(279)) - Sink prometheus already exists!
2024-02-09 18:35:32,419 [main] INFO  http.BaseHttpServer (BaseHttpServer.java:updateConnectorAddress(354)) - HTTP server of hddsDatanode listening at http://0.0.0.0:15437
2024-02-09 18:35:32,419 [main] INFO  ipc.CallQueueManager (CallQueueManager.java:<init>(90)) - Using callQueue: class java.util.concurrent.LinkedBlockingQueue, queueCapacity: 100, scheduler: class org.apache.hadoop.ipc.DefaultRpcScheduler, ipcBackoff: false.
2024-02-09 18:35:32,420 [main] INFO  ipc.Server (Server.java:<init>(1287)) - Listener at 0.0.0.0:15438
2024-02-09 18:35:32,420 [Socket Reader #1 for port 15438] INFO  ipc.Server (Server.java:run(1323)) - Starting Socket Reader #1 for port 15438
2024-02-09 18:35:32,421 [main] INFO  ozone.HddsDatanodeService (HddsDatanodeService.java:start(327)) - Datanode start with admins: [runner]
2024-02-09 18:35:32,422 [main] INFO  ozone.HddsDatanodeClientProtocolServer (HddsDatanodeClientProtocolServer.java:start(72)) - RPC server for Client /0.0.0.0:15438
2024-02-09 18:35:32,422 [IPC Server Responder] INFO  ipc.Server (Server.java:run(1562)) - IPC Server Responder: starting
2024-02-09 18:35:32,422 [IPC Server listener on 15438] INFO  ipc.Server (Server.java:run(1402)) - IPC Server listener on 15438: starting
2024-02-09 18:35:32,424 [bf8a30fd-7b22-4fec-9389-eaf0e8889ee9-DatanodeStateMachineDaemonThread] INFO  statemachine.DatanodeStateMachine (DatanodeStateMachine.java:lambda$startDaemon$1(555)) - Ozone container server started.
2024-02-09 18:35:32,428 [main] INFO  ozone.MiniOzoneClusterImpl (MiniOzoneClusterImpl.java:lambda$waitForClusterToBeReady$0(221)) - Waiting for nodes to be ready. Got 0 of 9 DN Heartbeats.
2024-02-09 18:35:32,428 [main] INFO  ozone.MiniOzoneClusterImpl (MiniOzoneClusterImpl.java:lambda$waitForClusterToBeReady$0(224)) - Waiting for cluster to exit safe mode
2024-02-09 18:35:32,428 [main] INFO  ozone.MiniOzoneClusterImpl (MiniOzoneClusterImpl.java:lambda$waitForClusterToBeReady$0(226)) - SCM became leader
2024-02-09 18:35:32,430 [bf8a30fd-7b22-4fec-9389-eaf0e8889ee9-DatanodeStateMachineTaskThread-0] INFO  datanode.InitDatanodeState (InitDatanodeState.java:persistContainerDatanodeDetails(139)) - DatanodeDetails is persisted to /home/runner/work/ozone/ozone/hadoop-ozone/integration-test/target/test-dir/MiniOzoneClusterImpl-10a7684d-3d33-49d2-80ef-f5f5272a1eb0/datanode-8/meta/datanode.id
2024-02-09 18:35:32,741 [om1@group-C5BA1605619E-FollowerState] INFO  impl.FollowerState (FollowerState.java:run(143)) - om1@group-C5BA1605619E-FollowerState: change to CANDIDATE, lastRpcElapsedTime:1145508697ns, electionTimeout:1145ms
2024-02-09 18:35:32,741 [om1@group-C5BA1605619E-FollowerState] INFO  impl.RoleInfo (RoleInfo.java:shutdownFollowerState(110)) - om1: shutdown om1@group-C5BA1605619E-FollowerState
2024-02-09 18:35:32,741 [om1@group-C5BA1605619E-FollowerState] INFO  server.RaftServer$Division (RaftServerImpl.java:setRole(383)) - om1@group-C5BA1605619E: changes role from  FOLLOWER to CANDIDATE at term 0 for changeToCandidate
2024-02-09 18:35:32,741 [om1@group-C5BA1605619E-FollowerState] INFO  server.RaftServerConfigKeys (ConfUtils.java:logGet(46)) - raft.server.leaderelection.pre-vote = true (default)
2024-02-09 18:35:32,741 [om1@group-C5BA1605619E-FollowerState] INFO  impl.RoleInfo (RoleInfo.java:updateAndGet(139)) - om1: start om1@group-C5BA1605619E-LeaderElection67
2024-02-09 18:35:32,744 [om1@group-C5BA1605619E-LeaderElection67] INFO  impl.LeaderElection (LeaderElection.java:askForVotes(321)) - om1@group-C5BA1605619E-LeaderElection67 PRE_VOTE round 0: submit vote requests at term 0 for -1: peers:[om1|localhost:15363]|listeners:[], old=null
2024-02-09 18:35:32,744 [om1@group-C5BA1605619E-LeaderElection67] INFO  impl.LeaderElection (LeaderElection.java:askForVotes(323)) - om1@group-C5BA1605619E-LeaderElection67 PRE_VOTE round 0: result PASSED (term=0)
2024-02-09 18:35:32,745 [om1@group-C5BA1605619E-LeaderElection67] INFO  impl.LeaderElection (LeaderElection.java:askForVotes(321)) - om1@group-C5BA1605619E-LeaderElection67 ELECTION round 0: submit vote requests at term 1 for -1: peers:[om1|localhost:15363]|listeners:[], old=null
2024-02-09 18:35:32,745 [om1@group-C5BA1605619E-LeaderElection67] INFO  impl.LeaderElection (LeaderElection.java:askForVotes(323)) - om1@group-C5BA1605619E-LeaderElection67 ELECTION round 0: result PASSED (term=1)
2024-02-09 18:35:32,745 [om1@group-C5BA1605619E-LeaderElection67] INFO  impl.RoleInfo (RoleInfo.java:shutdownLeaderElection(130)) - om1: shutdown om1@group-C5BA1605619E-LeaderElection67
2024-02-09 18:35:32,746 [om1@group-C5BA1605619E-LeaderElection67] INFO  server.RaftServer$Division (RaftServerImpl.java:setRole(383)) - om1@group-C5BA1605619E: changes role from CANDIDATE to LEADER at term 1 for changeToLeader
2024-02-09 18:35:32,746 [om1@group-C5BA1605619E-LeaderElection67] INFO  server.RaftServerConfigKeys (ConfUtils.java:logGet(46)) - raft.server.staging.catchup.gap = 1000 (default)
2024-02-09 18:35:32,746 [om1@group-C5BA1605619E-LeaderElection67] INFO  server.RaftServerConfigKeys (ConfUtils.java:logGet(46)) - raft.server.write.element-limit = 4096 (default)
2024-02-09 18:35:32,746 [om1@group-C5BA1605619E-LeaderElection67] INFO  server.RaftServerConfigKeys (ConfUtils.java:logGet(46)) - raft.server.write.byte-limit = 64MB (=67108864) (default)
2024-02-09 18:35:32,746 [om1@group-C5BA1605619E-LeaderElection67] INFO  server.RaftServerConfigKeys (ConfUtils.java:logGet(46)) - raft.server.watch.timeout = 10s (default)
2024-02-09 18:35:32,746 [om1@group-C5BA1605619E-LeaderElection67] INFO  server.RaftServerConfigKeys (ConfUtils.java:logGet(46)) - raft.server.watch.timeout.denomination = 1s (default)
2024-02-09 18:35:32,746 [om1@group-C5BA1605619E-LeaderElection67] INFO  server.RaftServerConfigKeys (ConfUtils.java:logGet(46)) - raft.server.watch.element-limit = 65536 (default)
2024-02-09 18:35:32,746 [om1@group-C5BA1605619E-LeaderElection67] INFO  server.RaftServerConfigKeys (ConfUtils.java:logGet(46)) - raft.server.read.leader.lease.enabled = false (default)
2024-02-09 18:35:32,746 [om1@group-C5BA1605619E-LeaderElection67] INFO  server.RaftServerConfigKeys (ConfUtils.java:logGet(46)) - raft.server.read.leader.lease.timeout.ratio = 0.9 (default)
2024-02-09 18:35:32,746 [om1@group-C5BA1605619E-LeaderElection67] INFO  server.RaftServerConfigKeys (ConfUtils.java:logGet(46)) - raft.server.rpc.timeout.min = 1s (custom)
2024-02-09 18:35:32,746 [om1@group-C5BA1605619E-LeaderElection67] INFO  server.RaftServerConfigKeys (ConfUtils.java:logGet(46)) - raft.server.write.element-limit = 4096 (default)
2024-02-09 18:35:32,746 [om1@group-C5BA1605619E-LeaderElection67] INFO  server.RaftServerConfigKeys (ConfUtils.java:logGet(46)) - raft.server.write.follower.gap.ratio.max = -1.0 (default)
2024-02-09 18:35:32,746 [om1@group-C5BA1605619E-LeaderElection67] INFO  impl.RoleInfo (RoleInfo.java:updateAndGet(139)) - om1: start om1@group-C5BA1605619E-LeaderStateImpl
2024-02-09 18:35:32,746 [om1@group-C5BA1605619E-LeaderElection67] INFO  server.RaftServer$Division (RaftServerImpl.java:setFirstElection(574)) - om1@group-C5BA1605619E: set firstElectionSinceStartup to false for becomeLeader
2024-02-09 18:35:32,746 [om1@group-C5BA1605619E-LeaderElection67] INFO  server.RaftServer$Division (ServerState.java:setLeader(269)) - om1@group-C5BA1605619E: change Leader from null to om1 at term 1 for becomeLeader, leader elected after 1365ms
2024-02-09 18:35:32,747 [om1@group-C5BA1605619E-LeaderElection67] INFO  segmented.SegmentedRaftLogWorker (SegmentedRaftLogWorker.java:startLogSegment(430)) - om1@group-C5BA1605619E-SegmentedRaftLogWorker: Starting segment from index:0
2024-02-09 18:35:32,747 [om1@group-C5BA1605619E-LeaderElection67] INFO  server.RaftServer$Division (ServerState.java:setRaftConf(386)) - om1@group-C5BA1605619E: set configuration 0: peers:[om1|localhost:15363]|listeners:[], old=null
2024-02-09 18:35:32,747 [om1@group-C5BA1605619E-SegmentedRaftLogWorker] INFO  segmented.BufferedWriteChannel (BufferedWriteChannel.java:open(62)) - open log_inprogress_0 at position 0
2024-02-09 18:35:32,755 [om1@group-C5BA1605619E-SegmentedRaftLogWorker] INFO  segmented.SegmentedRaftLogWorker (SegmentedRaftLogWorker.java:execute(634)) - om1@group-C5BA1605619E-SegmentedRaftLogWorker: created new log segment /home/runner/work/ozone/ozone/hadoop-ozone/integration-test/target/test-dir/MiniOzoneClusterImpl-10a7684d-3d33-49d2-80ef-f5f5272a1eb0/ozone-meta/ratis/bf265839-605b-3f16-9796-c5ba1605619e/current/log_inprogress_0
2024-02-09 18:35:32,756 [om1@group-C5BA1605619E-StateMachineUpdater] INFO  ratis.OzoneManagerStateMachine (OzoneManagerStateMachine.java:notifyConfigurationChanged(200)) - Received Configuration change notification from Ratis. New Peer list:
[id: "om1"
address: "localhost:15363"
startupRole: FOLLOWER
]
2024-02-09 18:35:32,756 [om1@group-C5BA1605619E-StateMachineUpdater] INFO  server.RaftServer$Division (LeaderStateImpl.java:isApplied(320)) - leader is ready since appliedIndex == 0 >= startIndex == 0
2024-02-09 18:35:32,759 [timer0] WARN  server.GrpcLogAppender (LogUtils.java:warn(121)) - ea699c13-30de-425d-9608-cb7b4c6c2812@group-70ECD39926FF->1e25bd0d-0bcd-4ae7-8610-8d6921e7426b-AppendLogResponseHandler: Failed appendEntries (Repeated 2 times in the last 5.000s): org.apache.ratis.thirdparty.io.grpc.StatusRuntimeException: CANCELLED: RST_STREAM closed stream. HTTP/2 error code: CANCEL
2024-02-09 18:35:32,760 [timer1] WARN  server.GrpcLogAppender (GrpcLogAppender.java:lambda$resetClient$1(217)) - ea699c13-30de-425d-9608-cb7b4c6c2812@group-70ECD39926FF->1e25bd0d-0bcd-4ae7-8610-8d6921e7426b-GrpcLogAppender: Follower failed (request=null, errorCount=2); keep nextIndex (1) unchanged and retry. (Repeated 2 times in the last 5.000s)
2024-02-09 18:35:32,772 [timer2] WARN  server.GrpcLogAppender (LogUtils.java:warn(121)) - 5468908b-5817-4145-bdad-ef9ddc6114e5@group-664CF263E2B4->581a98c6-9ca7-4d6e-9270-7af593ff4e35-AppendLogResponseHandler: Failed appendEntries (Repeated 2 times in the last 5.000s): org.apache.ratis.thirdparty.io.grpc.StatusRuntimeException: CANCELLED: RST_STREAM closed stream. HTTP/2 error code: CANCEL
2024-02-09 18:35:32,773 [timer4] WARN  server.GrpcLogAppender (LogUtils.java:warn(121)) - a2d11f98-fc76-41a8-8877-e5ec51dae9c2@group-31A1C7ADE086->0066e3f3-bb6d-46e9-90ee-f09dbacda5b8-AppendLogResponseHandler: Failed appendEntries (Repeated 4 times in the last 4.999s): org.apache.ratis.thirdparty.io.grpc.StatusRuntimeException: UNAVAILABLE: io exception
2024-02-09 18:35:32,773 [timer5] WARN  server.GrpcLogAppender (GrpcLogAppender.java:lambda$resetClient$1(217)) - a2d11f98-fc76-41a8-8877-e5ec51dae9c2@group-31A1C7ADE086->0066e3f3-bb6d-46e9-90ee-f09dbacda5b8-GrpcLogAppender: Follower failed (request=null, errorCount=4); keep nextIndex (5) unchanged and retry. (Repeated 4 times in the last 5.000s)
2024-02-09 18:35:32,773 [timer3] WARN  server.GrpcLogAppender (GrpcLogAppender.java:lambda$resetClient$1(217)) - 5468908b-5817-4145-bdad-ef9ddc6114e5@group-664CF263E2B4->581a98c6-9ca7-4d6e-9270-7af593ff4e35-GrpcLogAppender: Follower failed (request=null, errorCount=2); keep nextIndex (1) unchanged and retry. (Repeated 2 times in the last 5.001s)
2024-02-09 18:35:32,825 [timer4] WARN  server.GrpcLogAppender (GrpcLogAppender.java:lambda$resetClient$1(217)) - 5468908b-5817-4145-bdad-ef9ddc6114e5@group-664CF263E2B4->866eaf8e-b58d-445c-9b9d-2d0ffcb1ec37-GrpcLogAppender: Follower failed (request=null, errorCount=2); keep nextIndex (1) unchanged and retry. (Repeated 2 times in the last 5.000s)
2024-02-09 18:35:32,825 [timer3] WARN  server.GrpcLogAppender (LogUtils.java:warn(121)) - 5468908b-5817-4145-bdad-ef9ddc6114e5@group-664CF263E2B4->866eaf8e-b58d-445c-9b9d-2d0ffcb1ec37-AppendLogResponseHandler: Failed appendEntries (Repeated 2 times in the last 5.001s): org.apache.ratis.thirdparty.io.grpc.StatusRuntimeException: CANCELLED: RST_STREAM closed stream. HTTP/2 error code: CANCEL
2024-02-09 18:35:33,429 [main] INFO  ozone.MiniOzoneClusterImpl (MiniOzoneClusterImpl.java:lambda$waitForClusterToBeReady$0(221)) - Waiting for nodes to be ready. Got 0 of 9 DN Heartbeats.
2024-02-09 18:35:33,429 [main] INFO  ozone.MiniOzoneClusterImpl (MiniOzoneClusterImpl.java:lambda$waitForClusterToBeReady$0(224)) - Waiting for cluster to exit safe mode
2024-02-09 18:35:33,429 [main] INFO  ozone.MiniOzoneClusterImpl (MiniOzoneClusterImpl.java:lambda$waitForClusterToBeReady$0(226)) - SCM became leader
2024-02-09 18:35:33,739 [cf8377d2-89dc-40fa-8f92-08f9232c90c8-EndpointStateMachineTaskThread-/0.0.0.0:15358-0 ] INFO  utils.DatanodeStoreCache (DatanodeStoreCache.java:addDB(72)) - Added db /home/runner/work/ozone/ozone/hadoop-ozone/integration-test/target/test-dir/MiniOzoneClusterImpl-10a7684d-3d33-49d2-80ef-f5f5272a1eb0/datanode-0/data-0/containers/hdds/10a7684d-3d33-49d2-80ef-f5f5272a1eb0/DS-4d99ee64-97a0-4ffe-9681-8df20fa4500a/container.db to cache
2024-02-09 18:35:33,739 [cf8377d2-89dc-40fa-8f92-08f9232c90c8-EndpointStateMachineTaskThread-/0.0.0.0:15358-0 ] INFO  volume.HddsVolume (HddsVolume.java:createDbStore(420)) - SchemaV3 db is created and loaded at /home/runner/work/ozone/ozone/hadoop-ozone/integration-test/target/test-dir/MiniOzoneClusterImpl-10a7684d-3d33-49d2-80ef-f5f5272a1eb0/datanode-0/data-0/containers/hdds/10a7684d-3d33-49d2-80ef-f5f5272a1eb0/DS-4d99ee64-97a0-4ffe-9681-8df20fa4500a/container.db for volume DS-4d99ee64-97a0-4ffe-9681-8df20fa4500a
2024-02-09 18:35:33,740 [cf8377d2-89dc-40fa-8f92-08f9232c90c8-ContainerReader-0] INFO  ozoneimpl.ContainerReader (ContainerReader.java:readVolume(148)) - Start to verify containers on volume /home/runner/work/ozone/ozone/hadoop-ozone/integration-test/target/test-dir/MiniOzoneClusterImpl-10a7684d-3d33-49d2-80ef-f5f5272a1eb0/datanode-0/data-0/containers/hdds
2024-02-09 18:35:33,740 [cf8377d2-89dc-40fa-8f92-08f9232c90c8-ContainerReader-0] INFO  ozoneimpl.ContainerReader (ContainerReader.java:readVolume(178)) - Finish verifying containers on volume /home/runner/work/ozone/ozone/hadoop-ozone/integration-test/target/test-dir/MiniOzoneClusterImpl-10a7684d-3d33-49d2-80ef-f5f5272a1eb0/datanode-0/data-0/containers/hdds
2024-02-09 18:35:33,740 [cf8377d2-89dc-40fa-8f92-08f9232c90c8-EndpointStateMachineTaskThread-/0.0.0.0:15358-0 ] INFO  ozoneimpl.OzoneContainer (OzoneContainer.java:buildContainerSet(328)) - Build ContainerSet costs 0s
2024-02-09 18:35:33,740 [cf8377d2-89dc-40fa-8f92-08f9232c90c8-EndpointStateMachineTaskThread-/0.0.0.0:15358-0 ] INFO  volume.ThrottledAsyncChecker (ThrottledAsyncChecker.java:schedule(141)) - Scheduling a check for /home/runner/work/ozone/ozone/hadoop-ozone/integration-test/target/test-dir/MiniOzoneClusterImpl-10a7684d-3d33-49d2-80ef-f5f5272a1eb0/datanode-0/data-0/containers/hdds
2024-02-09 18:35:33,740 [cf8377d2-89dc-40fa-8f92-08f9232c90c8-EndpointStateMachineTaskThread-/0.0.0.0:15358-0 ] INFO  volume.StorageVolumeChecker (StorageVolumeChecker.java:checkAllVolumes(218)) - Scheduled health check for volume /home/runner/work/ozone/ozone/hadoop-ozone/integration-test/target/test-dir/MiniOzoneClusterImpl-10a7684d-3d33-49d2-80ef-f5f5272a1eb0/datanode-0/data-0/containers/hdds
2024-02-09 18:35:33,742 [cf8377d2-89dc-40fa-8f92-08f9232c90c8-EndpointStateMachineTaskThread-/0.0.0.0:15358-0 ] INFO  volume.ThrottledAsyncChecker (ThrottledAsyncChecker.java:schedule(141)) - Scheduling a check for /home/runner/work/ozone/ozone/hadoop-ozone/integration-test/target/test-dir/MiniOzoneClusterImpl-10a7684d-3d33-49d2-80ef-f5f5272a1eb0/datanode-0/data/ratis
2024-02-09 18:35:33,742 [cf8377d2-89dc-40fa-8f92-08f9232c90c8-EndpointStateMachineTaskThread-/0.0.0.0:15358-0 ] INFO  volume.StorageVolumeChecker (StorageVolumeChecker.java:checkAllVolumes(218)) - Scheduled health check for volume /home/runner/work/ozone/ozone/hadoop-ozone/integration-test/target/test-dir/MiniOzoneClusterImpl-10a7684d-3d33-49d2-80ef-f5f5272a1eb0/datanode-0/data/ratis
2024-02-09 18:35:33,742 [cf8377d2-89dc-40fa-8f92-08f9232c90c8-EndpointStateMachineTaskThread-/0.0.0.0:15358-0 ] INFO  ozoneimpl.OzoneContainer (OzoneContainer.java:start(459)) - Attempting to start container services.
2024-02-09 18:35:33,742 [cf8377d2-89dc-40fa-8f92-08f9232c90c8-EndpointStateMachineTaskThread-/0.0.0.0:15358-0 ] INFO  ozoneimpl.OzoneContainer (OzoneContainer.java:startContainerScrub(339)) - Scheduled background container scanners and the on-demand container scanner have been disabled.
2024-02-09 18:35:33,743 [cf8377d2-89dc-40fa-8f92-08f9232c90c8-EndpointStateMachineTaskThread-/0.0.0.0:15358-0 ] INFO  replication.ReplicationServer (ReplicationServer.java:start(140)) - ReplicationServer is started using port 15372
2024-02-09 18:35:33,743 [cf8377d2-89dc-40fa-8f92-08f9232c90c8-EndpointStateMachineTaskThread-/0.0.0.0:15358-0 ] INFO  ratis.XceiverServerRatis (XceiverServerRatis.java:start(566)) - Starting XceiverServerRatis cf8377d2-89dc-40fa-8f92-08f9232c90c8
2024-02-09 18:35:33,743 [cf8377d2-89dc-40fa-8f92-08f9232c90c8-EndpointStateMachineTaskThread-/0.0.0.0:15358-0 ] INFO  server.RaftServer (RaftServerProxy.java:startImpl(406)) - cf8377d2-89dc-40fa-8f92-08f9232c90c8: start RPC server
2024-02-09 18:35:33,744 [cf8377d2-89dc-40fa-8f92-08f9232c90c8-EndpointStateMachineTaskThread-/0.0.0.0:15358-0 ] INFO  server.GrpcService (GrpcService.java:startImpl(302)) - cf8377d2-89dc-40fa-8f92-08f9232c90c8: GrpcService started, listening on 15368
2024-02-09 18:35:33,744 [cf8377d2-89dc-40fa-8f92-08f9232c90c8-EndpointStateMachineTaskThread-/0.0.0.0:15358-0 ] INFO  server.GrpcService (GrpcService.java:startImpl(302)) - cf8377d2-89dc-40fa-8f92-08f9232c90c8: GrpcService started, listening on 15370
2024-02-09 18:35:33,744 [cf8377d2-89dc-40fa-8f92-08f9232c90c8-EndpointStateMachineTaskThread-/0.0.0.0:15358-0 ] INFO  server.GrpcService (GrpcService.java:startImpl(302)) - cf8377d2-89dc-40fa-8f92-08f9232c90c8: GrpcService started, listening on 15369
2024-02-09 18:35:33,744 [cf8377d2-89dc-40fa-8f92-08f9232c90c8-EndpointStateMachineTaskThread-/0.0.0.0:15358-0 ] INFO  ratis.XceiverServerRatis (XceiverServerRatis.java:getRealPort(592)) - XceiverServerRatis cf8377d2-89dc-40fa-8f92-08f9232c90c8 is started using port 15368 for RATIS
2024-02-09 18:35:33,744 [JvmPauseMonitor46] INFO  util.JvmPauseMonitor (JvmPauseMonitor.java:run(146)) - JvmPauseMonitor-cf8377d2-89dc-40fa-8f92-08f9232c90c8: Started
2024-02-09 18:35:33,744 [cf8377d2-89dc-40fa-8f92-08f9232c90c8-EndpointStateMachineTaskThread-/0.0.0.0:15358-0 ] INFO  ratis.XceiverServerRatis (XceiverServerRatis.java:getRealPort(592)) - XceiverServerRatis cf8377d2-89dc-40fa-8f92-08f9232c90c8 is started using port 15369 for RATIS_ADMIN
2024-02-09 18:35:33,744 [cf8377d2-89dc-40fa-8f92-08f9232c90c8-EndpointStateMachineTaskThread-/0.0.0.0:15358-0 ] INFO  ratis.XceiverServerRatis (XceiverServerRatis.java:getRealPort(592)) - XceiverServerRatis cf8377d2-89dc-40fa-8f92-08f9232c90c8 is started using port 15370 for RATIS_SERVER
2024-02-09 18:35:33,744 [cf8377d2-89dc-40fa-8f92-08f9232c90c8-EndpointStateMachineTaskThread-/0.0.0.0:15358-0 ] INFO  ratis.XceiverServerRatis (XceiverServerRatis.java:getRealPort(592)) - XceiverServerRatis cf8377d2-89dc-40fa-8f92-08f9232c90c8 is started using port 15371 for RATIS_DATASTREAM
2024-02-09 18:35:33,745 [cf8377d2-89dc-40fa-8f92-08f9232c90c8-BlockDeletingService#0] INFO  interfaces.ContainerDeletionChoosingPolicyTemplate (ContainerDeletionChoosingPolicyTemplate.java:chooseContainerForBlockDeletion(85)) - Chosen 0/5000 blocks from 0 candidate containers.
2024-02-09 18:35:33,818 [7b2d406f-67a0-48ec-b7b7-fdf942b3fd04-EndpointStateMachineTaskThread-/0.0.0.0:15358-0 ] INFO  utils.DatanodeStoreCache (DatanodeStoreCache.java:addDB(72)) - Added db /home/runner/work/ozone/ozone/hadoop-ozone/integration-test/target/test-dir/MiniOzoneClusterImpl-10a7684d-3d33-49d2-80ef-f5f5272a1eb0/datanode-1/data-0/containers/hdds/10a7684d-3d33-49d2-80ef-f5f5272a1eb0/DS-3ddfeed4-4c9e-4be4-bbd3-0c91cefd288e/container.db to cache
2024-02-09 18:35:33,819 [7b2d406f-67a0-48ec-b7b7-fdf942b3fd04-EndpointStateMachineTaskThread-/0.0.0.0:15358-0 ] INFO  volume.HddsVolume (HddsVolume.java:createDbStore(420)) - SchemaV3 db is created and loaded at /home/runner/work/ozone/ozone/hadoop-ozone/integration-test/target/test-dir/MiniOzoneClusterImpl-10a7684d-3d33-49d2-80ef-f5f5272a1eb0/datanode-1/data-0/containers/hdds/10a7684d-3d33-49d2-80ef-f5f5272a1eb0/DS-3ddfeed4-4c9e-4be4-bbd3-0c91cefd288e/container.db for volume DS-3ddfeed4-4c9e-4be4-bbd3-0c91cefd288e
2024-02-09 18:35:33,820 [7b2d406f-67a0-48ec-b7b7-fdf942b3fd04-ContainerReader-0] INFO  ozoneimpl.ContainerReader (ContainerReader.java:readVolume(148)) - Start to verify containers on volume /home/runner/work/ozone/ozone/hadoop-ozone/integration-test/target/test-dir/MiniOzoneClusterImpl-10a7684d-3d33-49d2-80ef-f5f5272a1eb0/datanode-1/data-0/containers/hdds
2024-02-09 18:35:33,820 [7b2d406f-67a0-48ec-b7b7-fdf942b3fd04-ContainerReader-0] INFO  ozoneimpl.ContainerReader (ContainerReader.java:readVolume(178)) - Finish verifying containers on volume /home/runner/work/ozone/ozone/hadoop-ozone/integration-test/target/test-dir/MiniOzoneClusterImpl-10a7684d-3d33-49d2-80ef-f5f5272a1eb0/datanode-1/data-0/containers/hdds
2024-02-09 18:35:33,820 [7b2d406f-67a0-48ec-b7b7-fdf942b3fd04-EndpointStateMachineTaskThread-/0.0.0.0:15358-0 ] INFO  ozoneimpl.OzoneContainer (OzoneContainer.java:buildContainerSet(328)) - Build ContainerSet costs 0s
2024-02-09 18:35:33,820 [7b2d406f-67a0-48ec-b7b7-fdf942b3fd04-EndpointStateMachineTaskThread-/0.0.0.0:15358-0 ] INFO  volume.ThrottledAsyncChecker (ThrottledAsyncChecker.java:schedule(141)) - Scheduling a check for /home/runner/work/ozone/ozone/hadoop-ozone/integration-test/target/test-dir/MiniOzoneClusterImpl-10a7684d-3d33-49d2-80ef-f5f5272a1eb0/datanode-1/data-0/containers/hdds
2024-02-09 18:35:33,821 [7b2d406f-67a0-48ec-b7b7-fdf942b3fd04-EndpointStateMachineTaskThread-/0.0.0.0:15358-0 ] INFO  volume.StorageVolumeChecker (StorageVolumeChecker.java:checkAllVolumes(218)) - Scheduled health check for volume /home/runner/work/ozone/ozone/hadoop-ozone/integration-test/target/test-dir/MiniOzoneClusterImpl-10a7684d-3d33-49d2-80ef-f5f5272a1eb0/datanode-1/data-0/containers/hdds
2024-02-09 18:35:33,822 [7b2d406f-67a0-48ec-b7b7-fdf942b3fd04-EndpointStateMachineTaskThread-/0.0.0.0:15358-0 ] INFO  volume.ThrottledAsyncChecker (ThrottledAsyncChecker.java:schedule(141)) - Scheduling a check for /home/runner/work/ozone/ozone/hadoop-ozone/integration-test/target/test-dir/MiniOzoneClusterImpl-10a7684d-3d33-49d2-80ef-f5f5272a1eb0/datanode-1/data/ratis
2024-02-09 18:35:33,822 [7b2d406f-67a0-48ec-b7b7-fdf942b3fd04-EndpointStateMachineTaskThread-/0.0.0.0:15358-0 ] INFO  volume.StorageVolumeChecker (StorageVolumeChecker.java:checkAllVolumes(218)) - Scheduled health check for volume /home/runner/work/ozone/ozone/hadoop-ozone/integration-test/target/test-dir/MiniOzoneClusterImpl-10a7684d-3d33-49d2-80ef-f5f5272a1eb0/datanode-1/data/ratis
2024-02-09 18:35:33,823 [7b2d406f-67a0-48ec-b7b7-fdf942b3fd04-EndpointStateMachineTaskThread-/0.0.0.0:15358-0 ] INFO  ozoneimpl.OzoneContainer (OzoneContainer.java:start(459)) - Attempting to start container services.
2024-02-09 18:35:33,823 [7b2d406f-67a0-48ec-b7b7-fdf942b3fd04-EndpointStateMachineTaskThread-/0.0.0.0:15358-0 ] INFO  ozoneimpl.OzoneContainer (OzoneContainer.java:startContainerScrub(339)) - Scheduled background container scanners and the on-demand container scanner have been disabled.
2024-02-09 18:35:33,823 [7b2d406f-67a0-48ec-b7b7-fdf942b3fd04-EndpointStateMachineTaskThread-/0.0.0.0:15358-0 ] INFO  replication.ReplicationServer (ReplicationServer.java:start(140)) - ReplicationServer is started using port 15381
2024-02-09 18:35:33,823 [7b2d406f-67a0-48ec-b7b7-fdf942b3fd04-EndpointStateMachineTaskThread-/0.0.0.0:15358-0 ] INFO  ratis.XceiverServerRatis (XceiverServerRatis.java:start(566)) - Starting XceiverServerRatis 7b2d406f-67a0-48ec-b7b7-fdf942b3fd04
2024-02-09 18:35:33,824 [7b2d406f-67a0-48ec-b7b7-fdf942b3fd04-EndpointStateMachineTaskThread-/0.0.0.0:15358-0 ] INFO  server.RaftServer (RaftServerProxy.java:startImpl(406)) - 7b2d406f-67a0-48ec-b7b7-fdf942b3fd04: start RPC server
2024-02-09 18:35:33,824 [7b2d406f-67a0-48ec-b7b7-fdf942b3fd04-EndpointStateMachineTaskThread-/0.0.0.0:15358-0 ] INFO  server.GrpcService (GrpcService.java:startImpl(302)) - 7b2d406f-67a0-48ec-b7b7-fdf942b3fd04: GrpcService started, listening on 15377
2024-02-09 18:35:33,824 [7b2d406f-67a0-48ec-b7b7-fdf942b3fd04-EndpointStateMachineTaskThread-/0.0.0.0:15358-0 ] INFO  server.GrpcService (GrpcService.java:startImpl(302)) - 7b2d406f-67a0-48ec-b7b7-fdf942b3fd04: GrpcService started, listening on 15379
2024-02-09 18:35:33,824 [7b2d406f-67a0-48ec-b7b7-fdf942b3fd04-EndpointStateMachineTaskThread-/0.0.0.0:15358-0 ] INFO  server.GrpcService (GrpcService.java:startImpl(302)) - 7b2d406f-67a0-48ec-b7b7-fdf942b3fd04: GrpcService started, listening on 15378
2024-02-09 18:35:33,824 [7b2d406f-67a0-48ec-b7b7-fdf942b3fd04-EndpointStateMachineTaskThread-/0.0.0.0:15358-0 ] INFO  ratis.XceiverServerRatis (XceiverServerRatis.java:getRealPort(592)) - XceiverServerRatis 7b2d406f-67a0-48ec-b7b7-fdf942b3fd04 is started using port 15377 for RATIS
2024-02-09 18:35:33,824 [7b2d406f-67a0-48ec-b7b7-fdf942b3fd04-EndpointStateMachineTaskThread-/0.0.0.0:15358-0 ] INFO  ratis.XceiverServerRatis (XceiverServerRatis.java:getRealPort(592)) - XceiverServerRatis 7b2d406f-67a0-48ec-b7b7-fdf942b3fd04 is started using port 15378 for RATIS_ADMIN
2024-02-09 18:35:33,825 [7b2d406f-67a0-48ec-b7b7-fdf942b3fd04-EndpointStateMachineTaskThread-/0.0.0.0:15358-0 ] INFO  ratis.XceiverServerRatis (XceiverServerRatis.java:getRealPort(592)) - XceiverServerRatis 7b2d406f-67a0-48ec-b7b7-fdf942b3fd04 is started using port 15379 for RATIS_SERVER
2024-02-09 18:35:33,825 [7b2d406f-67a0-48ec-b7b7-fdf942b3fd04-EndpointStateMachineTaskThread-/0.0.0.0:15358-0 ] INFO  ratis.XceiverServerRatis (XceiverServerRatis.java:getRealPort(592)) - XceiverServerRatis 7b2d406f-67a0-48ec-b7b7-fdf942b3fd04 is started using port 15380 for RATIS_DATASTREAM
2024-02-09 18:35:33,824 [JvmPauseMonitor47] INFO  util.JvmPauseMonitor (JvmPauseMonitor.java:run(146)) - JvmPauseMonitor-7b2d406f-67a0-48ec-b7b7-fdf942b3fd04: Started
2024-02-09 18:35:33,826 [7b2d406f-67a0-48ec-b7b7-fdf942b3fd04-BlockDeletingService#0] INFO  interfaces.ContainerDeletionChoosingPolicyTemplate (ContainerDeletionChoosingPolicyTemplate.java:chooseContainerForBlockDeletion(85)) - Chosen 0/5000 blocks from 0 candidate containers.
2024-02-09 18:35:33,907 [81d78f49-5211-4a7a-996b-69bb86adfbbb-EndpointStateMachineTaskThread-/0.0.0.0:15358-0 ] INFO  utils.DatanodeStoreCache (DatanodeStoreCache.java:addDB(72)) - Added db /home/runner/work/ozone/ozone/hadoop-ozone/integration-test/target/test-dir/MiniOzoneClusterImpl-10a7684d-3d33-49d2-80ef-f5f5272a1eb0/datanode-2/data-0/containers/hdds/10a7684d-3d33-49d2-80ef-f5f5272a1eb0/DS-19547b0c-34e2-44bd-8024-97f43ba96895/container.db to cache
2024-02-09 18:35:33,907 [81d78f49-5211-4a7a-996b-69bb86adfbbb-EndpointStateMachineTaskThread-/0.0.0.0:15358-0 ] INFO  volume.HddsVolume (HddsVolume.java:createDbStore(420)) - SchemaV3 db is created and loaded at /home/runner/work/ozone/ozone/hadoop-ozone/integration-test/target/test-dir/MiniOzoneClusterImpl-10a7684d-3d33-49d2-80ef-f5f5272a1eb0/datanode-2/data-0/containers/hdds/10a7684d-3d33-49d2-80ef-f5f5272a1eb0/DS-19547b0c-34e2-44bd-8024-97f43ba96895/container.db for volume DS-19547b0c-34e2-44bd-8024-97f43ba96895
2024-02-09 18:35:33,908 [81d78f49-5211-4a7a-996b-69bb86adfbbb-ContainerReader-0] INFO  ozoneimpl.ContainerReader (ContainerReader.java:readVolume(148)) - Start to verify containers on volume /home/runner/work/ozone/ozone/hadoop-ozone/integration-test/target/test-dir/MiniOzoneClusterImpl-10a7684d-3d33-49d2-80ef-f5f5272a1eb0/datanode-2/data-0/containers/hdds
2024-02-09 18:35:33,908 [81d78f49-5211-4a7a-996b-69bb86adfbbb-ContainerReader-0] INFO  ozoneimpl.ContainerReader (ContainerReader.java:readVolume(178)) - Finish verifying containers on volume /home/runner/work/ozone/ozone/hadoop-ozone/integration-test/target/test-dir/MiniOzoneClusterImpl-10a7684d-3d33-49d2-80ef-f5f5272a1eb0/datanode-2/data-0/containers/hdds
2024-02-09 18:35:33,908 [81d78f49-5211-4a7a-996b-69bb86adfbbb-EndpointStateMachineTaskThread-/0.0.0.0:15358-0 ] INFO  ozoneimpl.OzoneContainer (OzoneContainer.java:buildContainerSet(328)) - Build ContainerSet costs 0s
2024-02-09 18:35:33,908 [81d78f49-5211-4a7a-996b-69bb86adfbbb-EndpointStateMachineTaskThread-/0.0.0.0:15358-0 ] INFO  volume.ThrottledAsyncChecker (ThrottledAsyncChecker.java:schedule(141)) - Scheduling a check for /home/runner/work/ozone/ozone/hadoop-ozone/integration-test/target/test-dir/MiniOzoneClusterImpl-10a7684d-3d33-49d2-80ef-f5f5272a1eb0/datanode-2/data-0/containers/hdds
2024-02-09 18:35:33,909 [81d78f49-5211-4a7a-996b-69bb86adfbbb-EndpointStateMachineTaskThread-/0.0.0.0:15358-0 ] INFO  volume.StorageVolumeChecker (StorageVolumeChecker.java:checkAllVolumes(218)) - Scheduled health check for volume /home/runner/work/ozone/ozone/hadoop-ozone/integration-test/target/test-dir/MiniOzoneClusterImpl-10a7684d-3d33-49d2-80ef-f5f5272a1eb0/datanode-2/data-0/containers/hdds
2024-02-09 18:35:33,910 [81d78f49-5211-4a7a-996b-69bb86adfbbb-EndpointStateMachineTaskThread-/0.0.0.0:15358-0 ] INFO  volume.ThrottledAsyncChecker (ThrottledAsyncChecker.java:schedule(141)) - Scheduling a check for /home/runner/work/ozone/ozone/hadoop-ozone/integration-test/target/test-dir/MiniOzoneClusterImpl-10a7684d-3d33-49d2-80ef-f5f5272a1eb0/datanode-2/data/ratis
2024-02-09 18:35:33,910 [81d78f49-5211-4a7a-996b-69bb86adfbbb-EndpointStateMachineTaskThread-/0.0.0.0:15358-0 ] INFO  volume.StorageVolumeChecker (StorageVolumeChecker.java:checkAllVolumes(218)) - Scheduled health check for volume /home/runner/work/ozone/ozone/hadoop-ozone/integration-test/target/test-dir/MiniOzoneClusterImpl-10a7684d-3d33-49d2-80ef-f5f5272a1eb0/datanode-2/data/ratis
2024-02-09 18:35:33,911 [81d78f49-5211-4a7a-996b-69bb86adfbbb-EndpointStateMachineTaskThread-/0.0.0.0:15358-0 ] INFO  ozoneimpl.OzoneContainer (OzoneContainer.java:start(459)) - Attempting to start container services.
2024-02-09 18:35:33,911 [81d78f49-5211-4a7a-996b-69bb86adfbbb-EndpointStateMachineTaskThread-/0.0.0.0:15358-0 ] INFO  ozoneimpl.OzoneContainer (OzoneContainer.java:startContainerScrub(339)) - Scheduled background container scanners and the on-demand container scanner have been disabled.
2024-02-09 18:35:33,911 [81d78f49-5211-4a7a-996b-69bb86adfbbb-EndpointStateMachineTaskThread-/0.0.0.0:15358-0 ] INFO  replication.ReplicationServer (ReplicationServer.java:start(140)) - ReplicationServer is started using port 15390
2024-02-09 18:35:33,911 [81d78f49-5211-4a7a-996b-69bb86adfbbb-EndpointStateMachineTaskThread-/0.0.0.0:15358-0 ] INFO  ratis.XceiverServerRatis (XceiverServerRatis.java:start(566)) - Starting XceiverServerRatis 81d78f49-5211-4a7a-996b-69bb86adfbbb
2024-02-09 18:35:33,911 [81d78f49-5211-4a7a-996b-69bb86adfbbb-EndpointStateMachineTaskThread-/0.0.0.0:15358-0 ] INFO  server.RaftServer (RaftServerProxy.java:startImpl(406)) - 81d78f49-5211-4a7a-996b-69bb86adfbbb: start RPC server
2024-02-09 18:35:33,912 [81d78f49-5211-4a7a-996b-69bb86adfbbb-EndpointStateMachineTaskThread-/0.0.0.0:15358-0 ] INFO  server.GrpcService (GrpcService.java:startImpl(302)) - 81d78f49-5211-4a7a-996b-69bb86adfbbb: GrpcService started, listening on 15386
2024-02-09 18:35:33,912 [81d78f49-5211-4a7a-996b-69bb86adfbbb-EndpointStateMachineTaskThread-/0.0.0.0:15358-0 ] INFO  server.GrpcService (GrpcService.java:startImpl(302)) - 81d78f49-5211-4a7a-996b-69bb86adfbbb: GrpcService started, listening on 15388
2024-02-09 18:35:33,912 [81d78f49-5211-4a7a-996b-69bb86adfbbb-EndpointStateMachineTaskThread-/0.0.0.0:15358-0 ] INFO  server.GrpcService (GrpcService.java:startImpl(302)) - 81d78f49-5211-4a7a-996b-69bb86adfbbb: GrpcService started, listening on 15387
2024-02-09 18:35:33,912 [81d78f49-5211-4a7a-996b-69bb86adfbbb-EndpointStateMachineTaskThread-/0.0.0.0:15358-0 ] INFO  ratis.XceiverServerRatis (XceiverServerRatis.java:getRealPort(592)) - XceiverServerRatis 81d78f49-5211-4a7a-996b-69bb86adfbbb is started using port 15386 for RATIS
2024-02-09 18:35:33,912 [81d78f49-5211-4a7a-996b-69bb86adfbbb-EndpointStateMachineTaskThread-/0.0.0.0:15358-0 ] INFO  ratis.XceiverServerRatis (XceiverServerRatis.java:getRealPort(592)) - XceiverServerRatis 81d78f49-5211-4a7a-996b-69bb86adfbbb is started using port 15387 for RATIS_ADMIN
2024-02-09 18:35:33,912 [81d78f49-5211-4a7a-996b-69bb86adfbbb-EndpointStateMachineTaskThread-/0.0.0.0:15358-0 ] INFO  ratis.XceiverServerRatis (XceiverServerRatis.java:getRealPort(592)) - XceiverServerRatis 81d78f49-5211-4a7a-996b-69bb86adfbbb is started using port 15388 for RATIS_SERVER
2024-02-09 18:35:33,912 [81d78f49-5211-4a7a-996b-69bb86adfbbb-EndpointStateMachineTaskThread-/0.0.0.0:15358-0 ] INFO  ratis.XceiverServerRatis (XceiverServerRatis.java:getRealPort(592)) - XceiverServerRatis 81d78f49-5211-4a7a-996b-69bb86adfbbb is started using port 15389 for RATIS_DATASTREAM
2024-02-09 18:35:33,912 [JvmPauseMonitor48] INFO  util.JvmPauseMonitor (JvmPauseMonitor.java:run(146)) - JvmPauseMonitor-81d78f49-5211-4a7a-996b-69bb86adfbbb: Started
2024-02-09 18:35:33,913 [81d78f49-5211-4a7a-996b-69bb86adfbbb-BlockDeletingService#0] INFO  interfaces.ContainerDeletionChoosingPolicyTemplate (ContainerDeletionChoosingPolicyTemplate.java:chooseContainerForBlockDeletion(85)) - Chosen 0/5000 blocks from 0 candidate containers.
2024-02-09 18:35:33,994 [81944a75-7880-48bb-a193-a5f914e328c0-EndpointStateMachineTaskThread-/0.0.0.0:15358-0 ] INFO  utils.DatanodeStoreCache (DatanodeStoreCache.java:addDB(72)) - Added db /home/runner/work/ozone/ozone/hadoop-ozone/integration-test/target/test-dir/MiniOzoneClusterImpl-10a7684d-3d33-49d2-80ef-f5f5272a1eb0/datanode-3/data-0/containers/hdds/10a7684d-3d33-49d2-80ef-f5f5272a1eb0/DS-877b8892-bf95-4a21-84f9-279fd9a984c8/container.db to cache
2024-02-09 18:35:33,994 [81944a75-7880-48bb-a193-a5f914e328c0-EndpointStateMachineTaskThread-/0.0.0.0:15358-0 ] INFO  volume.HddsVolume (HddsVolume.java:createDbStore(420)) - SchemaV3 db is created and loaded at /home/runner/work/ozone/ozone/hadoop-ozone/integration-test/target/test-dir/MiniOzoneClusterImpl-10a7684d-3d33-49d2-80ef-f5f5272a1eb0/datanode-3/data-0/containers/hdds/10a7684d-3d33-49d2-80ef-f5f5272a1eb0/DS-877b8892-bf95-4a21-84f9-279fd9a984c8/container.db for volume DS-877b8892-bf95-4a21-84f9-279fd9a984c8
2024-02-09 18:35:33,995 [81944a75-7880-48bb-a193-a5f914e328c0-ContainerReader-0] INFO  ozoneimpl.ContainerReader (ContainerReader.java:readVolume(148)) - Start to verify containers on volume /home/runner/work/ozone/ozone/hadoop-ozone/integration-test/target/test-dir/MiniOzoneClusterImpl-10a7684d-3d33-49d2-80ef-f5f5272a1eb0/datanode-3/data-0/containers/hdds
2024-02-09 18:35:33,995 [81944a75-7880-48bb-a193-a5f914e328c0-ContainerReader-0] INFO  ozoneimpl.ContainerReader (ContainerReader.java:readVolume(178)) - Finish verifying containers on volume /home/runner/work/ozone/ozone/hadoop-ozone/integration-test/target/test-dir/MiniOzoneClusterImpl-10a7684d-3d33-49d2-80ef-f5f5272a1eb0/datanode-3/data-0/containers/hdds
2024-02-09 18:35:33,995 [81944a75-7880-48bb-a193-a5f914e328c0-EndpointStateMachineTaskThread-/0.0.0.0:15358-0 ] INFO  ozoneimpl.OzoneContainer (OzoneContainer.java:buildContainerSet(328)) - Build ContainerSet costs 0s
2024-02-09 18:35:33,995 [81944a75-7880-48bb-a193-a5f914e328c0-EndpointStateMachineTaskThread-/0.0.0.0:15358-0 ] INFO  volume.ThrottledAsyncChecker (ThrottledAsyncChecker.java:schedule(141)) - Scheduling a check for /home/runner/work/ozone/ozone/hadoop-ozone/integration-test/target/test-dir/MiniOzoneClusterImpl-10a7684d-3d33-49d2-80ef-f5f5272a1eb0/datanode-3/data-0/containers/hdds
2024-02-09 18:35:33,996 [81944a75-7880-48bb-a193-a5f914e328c0-EndpointStateMachineTaskThread-/0.0.0.0:15358-0 ] INFO  volume.StorageVolumeChecker (StorageVolumeChecker.java:checkAllVolumes(218)) - Scheduled health check for volume /home/runner/work/ozone/ozone/hadoop-ozone/integration-test/target/test-dir/MiniOzoneClusterImpl-10a7684d-3d33-49d2-80ef-f5f5272a1eb0/datanode-3/data-0/containers/hdds
2024-02-09 18:35:33,997 [81944a75-7880-48bb-a193-a5f914e328c0-EndpointStateMachineTaskThread-/0.0.0.0:15358-0 ] INFO  volume.ThrottledAsyncChecker (ThrottledAsyncChecker.java:schedule(141)) - Scheduling a check for /home/runner/work/ozone/ozone/hadoop-ozone/integration-test/target/test-dir/MiniOzoneClusterImpl-10a7684d-3d33-49d2-80ef-f5f5272a1eb0/datanode-3/data/ratis
2024-02-09 18:35:33,997 [81944a75-7880-48bb-a193-a5f914e328c0-EndpointStateMachineTaskThread-/0.0.0.0:15358-0 ] INFO  volume.StorageVolumeChecker (StorageVolumeChecker.java:checkAllVolumes(218)) - Scheduled health check for volume /home/runner/work/ozone/ozone/hadoop-ozone/integration-test/target/test-dir/MiniOzoneClusterImpl-10a7684d-3d33-49d2-80ef-f5f5272a1eb0/datanode-3/data/ratis
2024-02-09 18:35:33,997 [81944a75-7880-48bb-a193-a5f914e328c0-EndpointStateMachineTaskThread-/0.0.0.0:15358-0 ] INFO  ozoneimpl.OzoneContainer (OzoneContainer.java:start(459)) - Attempting to start container services.
2024-02-09 18:35:33,998 [81944a75-7880-48bb-a193-a5f914e328c0-EndpointStateMachineTaskThread-/0.0.0.0:15358-0 ] INFO  ozoneimpl.OzoneContainer (OzoneContainer.java:startContainerScrub(339)) - Scheduled background container scanners and the on-demand container scanner have been disabled.
2024-02-09 18:35:33,998 [81944a75-7880-48bb-a193-a5f914e328c0-EndpointStateMachineTaskThread-/0.0.0.0:15358-0 ] INFO  replication.ReplicationServer (ReplicationServer.java:start(140)) - ReplicationServer is started using port 15399
2024-02-09 18:35:33,998 [81944a75-7880-48bb-a193-a5f914e328c0-EndpointStateMachineTaskThread-/0.0.0.0:15358-0 ] INFO  ratis.XceiverServerRatis (XceiverServerRatis.java:start(566)) - Starting XceiverServerRatis 81944a75-7880-48bb-a193-a5f914e328c0
2024-02-09 18:35:33,998 [81944a75-7880-48bb-a193-a5f914e328c0-EndpointStateMachineTaskThread-/0.0.0.0:15358-0 ] INFO  server.RaftServer (RaftServerProxy.java:startImpl(406)) - 81944a75-7880-48bb-a193-a5f914e328c0: start RPC server
2024-02-09 18:35:33,998 [81944a75-7880-48bb-a193-a5f914e328c0-EndpointStateMachineTaskThread-/0.0.0.0:15358-0 ] INFO  server.GrpcService (GrpcService.java:startImpl(302)) - 81944a75-7880-48bb-a193-a5f914e328c0: GrpcService started, listening on 15395
2024-02-09 18:35:33,999 [81944a75-7880-48bb-a193-a5f914e328c0-EndpointStateMachineTaskThread-/0.0.0.0:15358-0 ] INFO  server.GrpcService (GrpcService.java:startImpl(302)) - 81944a75-7880-48bb-a193-a5f914e328c0: GrpcService started, listening on 15397
2024-02-09 18:35:33,999 [81944a75-7880-48bb-a193-a5f914e328c0-EndpointStateMachineTaskThread-/0.0.0.0:15358-0 ] INFO  server.GrpcService (GrpcService.java:startImpl(302)) - 81944a75-7880-48bb-a193-a5f914e328c0: GrpcService started, listening on 15396
2024-02-09 18:35:33,999 [81944a75-7880-48bb-a193-a5f914e328c0-EndpointStateMachineTaskThread-/0.0.0.0:15358-0 ] INFO  ratis.XceiverServerRatis (XceiverServerRatis.java:getRealPort(592)) - XceiverServerRatis 81944a75-7880-48bb-a193-a5f914e328c0 is started using port 15395 for RATIS
2024-02-09 18:35:33,999 [JvmPauseMonitor49] INFO  util.JvmPauseMonitor (JvmPauseMonitor.java:run(146)) - JvmPauseMonitor-81944a75-7880-48bb-a193-a5f914e328c0: Started
2024-02-09 18:35:33,999 [81944a75-7880-48bb-a193-a5f914e328c0-EndpointStateMachineTaskThread-/0.0.0.0:15358-0 ] INFO  ratis.XceiverServerRatis (XceiverServerRatis.java:getRealPort(592)) - XceiverServerRatis 81944a75-7880-48bb-a193-a5f914e328c0 is started using port 15396 for RATIS_ADMIN
2024-02-09 18:35:33,999 [81944a75-7880-48bb-a193-a5f914e328c0-EndpointStateMachineTaskThread-/0.0.0.0:15358-0 ] INFO  ratis.XceiverServerRatis (XceiverServerRatis.java:getRealPort(592)) - XceiverServerRatis 81944a75-7880-48bb-a193-a5f914e328c0 is started using port 15397 for RATIS_SERVER
2024-02-09 18:35:33,999 [81944a75-7880-48bb-a193-a5f914e328c0-EndpointStateMachineTaskThread-/0.0.0.0:15358-0 ] INFO  ratis.XceiverServerRatis (XceiverServerRatis.java:getRealPort(592)) - XceiverServerRatis 81944a75-7880-48bb-a193-a5f914e328c0 is started using port 15398 for RATIS_DATASTREAM
2024-02-09 18:35:34,000 [81944a75-7880-48bb-a193-a5f914e328c0-BlockDeletingService#0] INFO  interfaces.ContainerDeletionChoosingPolicyTemplate (ContainerDeletionChoosingPolicyTemplate.java:chooseContainerForBlockDeletion(85)) - Chosen 0/5000 blocks from 0 candidate containers.
2024-02-09 18:35:34,077 [02d298ee-5691-417b-b376-6494770463b9-EndpointStateMachineTaskThread-/0.0.0.0:15358-0 ] INFO  utils.DatanodeStoreCache (DatanodeStoreCache.java:addDB(72)) - Added db /home/runner/work/ozone/ozone/hadoop-ozone/integration-test/target/test-dir/MiniOzoneClusterImpl-10a7684d-3d33-49d2-80ef-f5f5272a1eb0/datanode-4/data-0/containers/hdds/10a7684d-3d33-49d2-80ef-f5f5272a1eb0/DS-648d9530-a775-4918-a815-4b116036c093/container.db to cache
2024-02-09 18:35:34,077 [02d298ee-5691-417b-b376-6494770463b9-EndpointStateMachineTaskThread-/0.0.0.0:15358-0 ] INFO  volume.HddsVolume (HddsVolume.java:createDbStore(420)) - SchemaV3 db is created and loaded at /home/runner/work/ozone/ozone/hadoop-ozone/integration-test/target/test-dir/MiniOzoneClusterImpl-10a7684d-3d33-49d2-80ef-f5f5272a1eb0/datanode-4/data-0/containers/hdds/10a7684d-3d33-49d2-80ef-f5f5272a1eb0/DS-648d9530-a775-4918-a815-4b116036c093/container.db for volume DS-648d9530-a775-4918-a815-4b116036c093
2024-02-09 18:35:34,078 [02d298ee-5691-417b-b376-6494770463b9-ContainerReader-0] INFO  ozoneimpl.ContainerReader (ContainerReader.java:readVolume(148)) - Start to verify containers on volume /home/runner/work/ozone/ozone/hadoop-ozone/integration-test/target/test-dir/MiniOzoneClusterImpl-10a7684d-3d33-49d2-80ef-f5f5272a1eb0/datanode-4/data-0/containers/hdds
2024-02-09 18:35:34,078 [02d298ee-5691-417b-b376-6494770463b9-ContainerReader-0] INFO  ozoneimpl.ContainerReader (ContainerReader.java:readVolume(178)) - Finish verifying containers on volume /home/runner/work/ozone/ozone/hadoop-ozone/integration-test/target/test-dir/MiniOzoneClusterImpl-10a7684d-3d33-49d2-80ef-f5f5272a1eb0/datanode-4/data-0/containers/hdds
2024-02-09 18:35:34,078 [02d298ee-5691-417b-b376-6494770463b9-EndpointStateMachineTaskThread-/0.0.0.0:15358-0 ] INFO  ozoneimpl.OzoneContainer (OzoneContainer.java:buildContainerSet(328)) - Build ContainerSet costs 0s
2024-02-09 18:35:34,078 [02d298ee-5691-417b-b376-6494770463b9-EndpointStateMachineTaskThread-/0.0.0.0:15358-0 ] INFO  volume.ThrottledAsyncChecker (ThrottledAsyncChecker.java:schedule(141)) - Scheduling a check for /home/runner/work/ozone/ozone/hadoop-ozone/integration-test/target/test-dir/MiniOzoneClusterImpl-10a7684d-3d33-49d2-80ef-f5f5272a1eb0/datanode-4/data-0/containers/hdds
2024-02-09 18:35:34,078 [02d298ee-5691-417b-b376-6494770463b9-EndpointStateMachineTaskThread-/0.0.0.0:15358-0 ] INFO  volume.StorageVolumeChecker (StorageVolumeChecker.java:checkAllVolumes(218)) - Scheduled health check for volume /home/runner/work/ozone/ozone/hadoop-ozone/integration-test/target/test-dir/MiniOzoneClusterImpl-10a7684d-3d33-49d2-80ef-f5f5272a1eb0/datanode-4/data-0/containers/hdds
2024-02-09 18:35:34,080 [02d298ee-5691-417b-b376-6494770463b9-EndpointStateMachineTaskThread-/0.0.0.0:15358-0 ] INFO  volume.ThrottledAsyncChecker (ThrottledAsyncChecker.java:schedule(141)) - Scheduling a check for /home/runner/work/ozone/ozone/hadoop-ozone/integration-test/target/test-dir/MiniOzoneClusterImpl-10a7684d-3d33-49d2-80ef-f5f5272a1eb0/datanode-4/data/ratis
2024-02-09 18:35:34,080 [02d298ee-5691-417b-b376-6494770463b9-EndpointStateMachineTaskThread-/0.0.0.0:15358-0 ] INFO  volume.StorageVolumeChecker (StorageVolumeChecker.java:checkAllVolumes(218)) - Scheduled health check for volume /home/runner/work/ozone/ozone/hadoop-ozone/integration-test/target/test-dir/MiniOzoneClusterImpl-10a7684d-3d33-49d2-80ef-f5f5272a1eb0/datanode-4/data/ratis
2024-02-09 18:35:34,081 [02d298ee-5691-417b-b376-6494770463b9-EndpointStateMachineTaskThread-/0.0.0.0:15358-0 ] INFO  ozoneimpl.OzoneContainer (OzoneContainer.java:start(459)) - Attempting to start container services.
2024-02-09 18:35:34,081 [02d298ee-5691-417b-b376-6494770463b9-EndpointStateMachineTaskThread-/0.0.0.0:15358-0 ] INFO  ozoneimpl.OzoneContainer (OzoneContainer.java:startContainerScrub(339)) - Scheduled background container scanners and the on-demand container scanner have been disabled.
2024-02-09 18:35:34,081 [02d298ee-5691-417b-b376-6494770463b9-EndpointStateMachineTaskThread-/0.0.0.0:15358-0 ] INFO  replication.ReplicationServer (ReplicationServer.java:start(140)) - ReplicationServer is started using port 15408
2024-02-09 18:35:34,081 [02d298ee-5691-417b-b376-6494770463b9-EndpointStateMachineTaskThread-/0.0.0.0:15358-0 ] INFO  ratis.XceiverServerRatis (XceiverServerRatis.java:start(566)) - Starting XceiverServerRatis 02d298ee-5691-417b-b376-6494770463b9
2024-02-09 18:35:34,081 [02d298ee-5691-417b-b376-6494770463b9-EndpointStateMachineTaskThread-/0.0.0.0:15358-0 ] INFO  server.RaftServer (RaftServerProxy.java:startImpl(406)) - 02d298ee-5691-417b-b376-6494770463b9: start RPC server
2024-02-09 18:35:34,082 [02d298ee-5691-417b-b376-6494770463b9-EndpointStateMachineTaskThread-/0.0.0.0:15358-0 ] INFO  server.GrpcService (GrpcService.java:startImpl(302)) - 02d298ee-5691-417b-b376-6494770463b9: GrpcService started, listening on 15404
2024-02-09 18:35:34,082 [02d298ee-5691-417b-b376-6494770463b9-EndpointStateMachineTaskThread-/0.0.0.0:15358-0 ] INFO  server.GrpcService (GrpcService.java:startImpl(302)) - 02d298ee-5691-417b-b376-6494770463b9: GrpcService started, listening on 15406
2024-02-09 18:35:34,082 [02d298ee-5691-417b-b376-6494770463b9-EndpointStateMachineTaskThread-/0.0.0.0:15358-0 ] INFO  server.GrpcService (GrpcService.java:startImpl(302)) - 02d298ee-5691-417b-b376-6494770463b9: GrpcService started, listening on 15405
2024-02-09 18:35:34,082 [02d298ee-5691-417b-b376-6494770463b9-EndpointStateMachineTaskThread-/0.0.0.0:15358-0 ] INFO  ratis.XceiverServerRatis (XceiverServerRatis.java:getRealPort(592)) - XceiverServerRatis 02d298ee-5691-417b-b376-6494770463b9 is started using port 15404 for RATIS
2024-02-09 18:35:34,082 [02d298ee-5691-417b-b376-6494770463b9-EndpointStateMachineTaskThread-/0.0.0.0:15358-0 ] INFO  ratis.XceiverServerRatis (XceiverServerRatis.java:getRealPort(592)) - XceiverServerRatis 02d298ee-5691-417b-b376-6494770463b9 is started using port 15405 for RATIS_ADMIN
2024-02-09 18:35:34,082 [JvmPauseMonitor50] INFO  util.JvmPauseMonitor (JvmPauseMonitor.java:run(146)) - JvmPauseMonitor-02d298ee-5691-417b-b376-6494770463b9: Started
2024-02-09 18:35:34,082 [02d298ee-5691-417b-b376-6494770463b9-EndpointStateMachineTaskThread-/0.0.0.0:15358-0 ] INFO  ratis.XceiverServerRatis (XceiverServerRatis.java:getRealPort(592)) - XceiverServerRatis 02d298ee-5691-417b-b376-6494770463b9 is started using port 15406 for RATIS_SERVER
2024-02-09 18:35:34,082 [02d298ee-5691-417b-b376-6494770463b9-EndpointStateMachineTaskThread-/0.0.0.0:15358-0 ] INFO  ratis.XceiverServerRatis (XceiverServerRatis.java:getRealPort(592)) - XceiverServerRatis 02d298ee-5691-417b-b376-6494770463b9 is started using port 15407 for RATIS_DATASTREAM
2024-02-09 18:35:34,083 [02d298ee-5691-417b-b376-6494770463b9-BlockDeletingService#0] INFO  interfaces.ContainerDeletionChoosingPolicyTemplate (ContainerDeletionChoosingPolicyTemplate.java:chooseContainerForBlockDeletion(85)) - Chosen 0/5000 blocks from 0 candidate containers.
2024-02-09 18:35:34,161 [063a7fb5-8d38-4cc1-bcc2-6ca7f0273dd7-EndpointStateMachineTaskThread-/0.0.0.0:15358-0 ] INFO  utils.DatanodeStoreCache (DatanodeStoreCache.java:addDB(72)) - Added db /home/runner/work/ozone/ozone/hadoop-ozone/integration-test/target/test-dir/MiniOzoneClusterImpl-10a7684d-3d33-49d2-80ef-f5f5272a1eb0/datanode-5/data-0/containers/hdds/10a7684d-3d33-49d2-80ef-f5f5272a1eb0/DS-228ed3c1-9205-4cfb-a76e-32e3815cea4d/container.db to cache
2024-02-09 18:35:34,162 [063a7fb5-8d38-4cc1-bcc2-6ca7f0273dd7-EndpointStateMachineTaskThread-/0.0.0.0:15358-0 ] INFO  volume.HddsVolume (HddsVolume.java:createDbStore(420)) - SchemaV3 db is created and loaded at /home/runner/work/ozone/ozone/hadoop-ozone/integration-test/target/test-dir/MiniOzoneClusterImpl-10a7684d-3d33-49d2-80ef-f5f5272a1eb0/datanode-5/data-0/containers/hdds/10a7684d-3d33-49d2-80ef-f5f5272a1eb0/DS-228ed3c1-9205-4cfb-a76e-32e3815cea4d/container.db for volume DS-228ed3c1-9205-4cfb-a76e-32e3815cea4d
2024-02-09 18:35:34,163 [063a7fb5-8d38-4cc1-bcc2-6ca7f0273dd7-ContainerReader-0] INFO  ozoneimpl.ContainerReader (ContainerReader.java:readVolume(148)) - Start to verify containers on volume /home/runner/work/ozone/ozone/hadoop-ozone/integration-test/target/test-dir/MiniOzoneClusterImpl-10a7684d-3d33-49d2-80ef-f5f5272a1eb0/datanode-5/data-0/containers/hdds
2024-02-09 18:35:34,163 [063a7fb5-8d38-4cc1-bcc2-6ca7f0273dd7-ContainerReader-0] INFO  ozoneimpl.ContainerReader (ContainerReader.java:readVolume(178)) - Finish verifying containers on volume /home/runner/work/ozone/ozone/hadoop-ozone/integration-test/target/test-dir/MiniOzoneClusterImpl-10a7684d-3d33-49d2-80ef-f5f5272a1eb0/datanode-5/data-0/containers/hdds
2024-02-09 18:35:34,163 [063a7fb5-8d38-4cc1-bcc2-6ca7f0273dd7-EndpointStateMachineTaskThread-/0.0.0.0:15358-0 ] INFO  ozoneimpl.OzoneContainer (OzoneContainer.java:buildContainerSet(328)) - Build ContainerSet costs 0s
2024-02-09 18:35:34,163 [063a7fb5-8d38-4cc1-bcc2-6ca7f0273dd7-EndpointStateMachineTaskThread-/0.0.0.0:15358-0 ] INFO  volume.ThrottledAsyncChecker (ThrottledAsyncChecker.java:schedule(141)) - Scheduling a check for /home/runner/work/ozone/ozone/hadoop-ozone/integration-test/target/test-dir/MiniOzoneClusterImpl-10a7684d-3d33-49d2-80ef-f5f5272a1eb0/datanode-5/data-0/containers/hdds
2024-02-09 18:35:34,163 [063a7fb5-8d38-4cc1-bcc2-6ca7f0273dd7-EndpointStateMachineTaskThread-/0.0.0.0:15358-0 ] INFO  volume.StorageVolumeChecker (StorageVolumeChecker.java:checkAllVolumes(218)) - Scheduled health check for volume /home/runner/work/ozone/ozone/hadoop-ozone/integration-test/target/test-dir/MiniOzoneClusterImpl-10a7684d-3d33-49d2-80ef-f5f5272a1eb0/datanode-5/data-0/containers/hdds
2024-02-09 18:35:34,165 [063a7fb5-8d38-4cc1-bcc2-6ca7f0273dd7-EndpointStateMachineTaskThread-/0.0.0.0:15358-0 ] INFO  volume.ThrottledAsyncChecker (ThrottledAsyncChecker.java:schedule(141)) - Scheduling a check for /home/runner/work/ozone/ozone/hadoop-ozone/integration-test/target/test-dir/MiniOzoneClusterImpl-10a7684d-3d33-49d2-80ef-f5f5272a1eb0/datanode-5/data/ratis
2024-02-09 18:35:34,165 [063a7fb5-8d38-4cc1-bcc2-6ca7f0273dd7-EndpointStateMachineTaskThread-/0.0.0.0:15358-0 ] INFO  volume.StorageVolumeChecker (StorageVolumeChecker.java:checkAllVolumes(218)) - Scheduled health check for volume /home/runner/work/ozone/ozone/hadoop-ozone/integration-test/target/test-dir/MiniOzoneClusterImpl-10a7684d-3d33-49d2-80ef-f5f5272a1eb0/datanode-5/data/ratis
2024-02-09 18:35:34,166 [063a7fb5-8d38-4cc1-bcc2-6ca7f0273dd7-EndpointStateMachineTaskThread-/0.0.0.0:15358-0 ] INFO  ozoneimpl.OzoneContainer (OzoneContainer.java:start(459)) - Attempting to start container services.
2024-02-09 18:35:34,166 [063a7fb5-8d38-4cc1-bcc2-6ca7f0273dd7-EndpointStateMachineTaskThread-/0.0.0.0:15358-0 ] INFO  ozoneimpl.OzoneContainer (OzoneContainer.java:startContainerScrub(339)) - Scheduled background container scanners and the on-demand container scanner have been disabled.
2024-02-09 18:35:34,166 [063a7fb5-8d38-4cc1-bcc2-6ca7f0273dd7-EndpointStateMachineTaskThread-/0.0.0.0:15358-0 ] INFO  replication.ReplicationServer (ReplicationServer.java:start(140)) - ReplicationServer is started using port 15417
2024-02-09 18:35:34,166 [063a7fb5-8d38-4cc1-bcc2-6ca7f0273dd7-EndpointStateMachineTaskThread-/0.0.0.0:15358-0 ] INFO  ratis.XceiverServerRatis (XceiverServerRatis.java:start(566)) - Starting XceiverServerRatis 063a7fb5-8d38-4cc1-bcc2-6ca7f0273dd7
2024-02-09 18:35:34,167 [063a7fb5-8d38-4cc1-bcc2-6ca7f0273dd7-EndpointStateMachineTaskThread-/0.0.0.0:15358-0 ] INFO  server.RaftServer (RaftServerProxy.java:startImpl(406)) - 063a7fb5-8d38-4cc1-bcc2-6ca7f0273dd7: start RPC server
2024-02-09 18:35:34,167 [063a7fb5-8d38-4cc1-bcc2-6ca7f0273dd7-EndpointStateMachineTaskThread-/0.0.0.0:15358-0 ] INFO  server.GrpcService (GrpcService.java:startImpl(302)) - 063a7fb5-8d38-4cc1-bcc2-6ca7f0273dd7: GrpcService started, listening on 15413
2024-02-09 18:35:34,167 [063a7fb5-8d38-4cc1-bcc2-6ca7f0273dd7-EndpointStateMachineTaskThread-/0.0.0.0:15358-0 ] INFO  server.GrpcService (GrpcService.java:startImpl(302)) - 063a7fb5-8d38-4cc1-bcc2-6ca7f0273dd7: GrpcService started, listening on 15415
2024-02-09 18:35:34,167 [063a7fb5-8d38-4cc1-bcc2-6ca7f0273dd7-EndpointStateMachineTaskThread-/0.0.0.0:15358-0 ] INFO  server.GrpcService (GrpcService.java:startImpl(302)) - 063a7fb5-8d38-4cc1-bcc2-6ca7f0273dd7: GrpcService started, listening on 15414
2024-02-09 18:35:34,167 [063a7fb5-8d38-4cc1-bcc2-6ca7f0273dd7-EndpointStateMachineTaskThread-/0.0.0.0:15358-0 ] INFO  ratis.XceiverServerRatis (XceiverServerRatis.java:getRealPort(592)) - XceiverServerRatis 063a7fb5-8d38-4cc1-bcc2-6ca7f0273dd7 is started using port 15413 for RATIS
2024-02-09 18:35:34,167 [JvmPauseMonitor51] INFO  util.JvmPauseMonitor (JvmPauseMonitor.java:run(146)) - JvmPauseMonitor-063a7fb5-8d38-4cc1-bcc2-6ca7f0273dd7: Started
2024-02-09 18:35:34,167 [063a7fb5-8d38-4cc1-bcc2-6ca7f0273dd7-EndpointStateMachineTaskThread-/0.0.0.0:15358-0 ] INFO  ratis.XceiverServerRatis (XceiverServerRatis.java:getRealPort(592)) - XceiverServerRatis 063a7fb5-8d38-4cc1-bcc2-6ca7f0273dd7 is started using port 15414 for RATIS_ADMIN
2024-02-09 18:35:34,168 [063a7fb5-8d38-4cc1-bcc2-6ca7f0273dd7-EndpointStateMachineTaskThread-/0.0.0.0:15358-0 ] INFO  ratis.XceiverServerRatis (XceiverServerRatis.java:getRealPort(592)) - XceiverServerRatis 063a7fb5-8d38-4cc1-bcc2-6ca7f0273dd7 is started using port 15415 for RATIS_SERVER
2024-02-09 18:35:34,168 [063a7fb5-8d38-4cc1-bcc2-6ca7f0273dd7-EndpointStateMachineTaskThread-/0.0.0.0:15358-0 ] INFO  ratis.XceiverServerRatis (XceiverServerRatis.java:getRealPort(592)) - XceiverServerRatis 063a7fb5-8d38-4cc1-bcc2-6ca7f0273dd7 is started using port 15416 for RATIS_DATASTREAM
2024-02-09 18:35:34,168 [063a7fb5-8d38-4cc1-bcc2-6ca7f0273dd7-BlockDeletingService#0] INFO  interfaces.ContainerDeletionChoosingPolicyTemplate (ContainerDeletionChoosingPolicyTemplate.java:chooseContainerForBlockDeletion(85)) - Chosen 0/5000 blocks from 0 candidate containers.
2024-02-09 18:35:34,254 [87145564-582e-4d08-b209-7a2296b785bc-EndpointStateMachineTaskThread-/0.0.0.0:15358-0 ] INFO  utils.DatanodeStoreCache (DatanodeStoreCache.java:addDB(72)) - Added db /home/runner/work/ozone/ozone/hadoop-ozone/integration-test/target/test-dir/MiniOzoneClusterImpl-10a7684d-3d33-49d2-80ef-f5f5272a1eb0/datanode-6/data-0/containers/hdds/10a7684d-3d33-49d2-80ef-f5f5272a1eb0/DS-582452f8-d4c2-4124-b29a-e0971a69cf66/container.db to cache
2024-02-09 18:35:34,254 [87145564-582e-4d08-b209-7a2296b785bc-EndpointStateMachineTaskThread-/0.0.0.0:15358-0 ] INFO  volume.HddsVolume (HddsVolume.java:createDbStore(420)) - SchemaV3 db is created and loaded at /home/runner/work/ozone/ozone/hadoop-ozone/integration-test/target/test-dir/MiniOzoneClusterImpl-10a7684d-3d33-49d2-80ef-f5f5272a1eb0/datanode-6/data-0/containers/hdds/10a7684d-3d33-49d2-80ef-f5f5272a1eb0/DS-582452f8-d4c2-4124-b29a-e0971a69cf66/container.db for volume DS-582452f8-d4c2-4124-b29a-e0971a69cf66
2024-02-09 18:35:34,256 [87145564-582e-4d08-b209-7a2296b785bc-ContainerReader-0] INFO  ozoneimpl.ContainerReader (ContainerReader.java:readVolume(148)) - Start to verify containers on volume /home/runner/work/ozone/ozone/hadoop-ozone/integration-test/target/test-dir/MiniOzoneClusterImpl-10a7684d-3d33-49d2-80ef-f5f5272a1eb0/datanode-6/data-0/containers/hdds
2024-02-09 18:35:34,256 [87145564-582e-4d08-b209-7a2296b785bc-ContainerReader-0] INFO  ozoneimpl.ContainerReader (ContainerReader.java:readVolume(178)) - Finish verifying containers on volume /home/runner/work/ozone/ozone/hadoop-ozone/integration-test/target/test-dir/MiniOzoneClusterImpl-10a7684d-3d33-49d2-80ef-f5f5272a1eb0/datanode-6/data-0/containers/hdds
2024-02-09 18:35:34,256 [87145564-582e-4d08-b209-7a2296b785bc-EndpointStateMachineTaskThread-/0.0.0.0:15358-0 ] INFO  ozoneimpl.OzoneContainer (OzoneContainer.java:buildContainerSet(328)) - Build ContainerSet costs 0s
2024-02-09 18:35:34,256 [87145564-582e-4d08-b209-7a2296b785bc-EndpointStateMachineTaskThread-/0.0.0.0:15358-0 ] INFO  volume.ThrottledAsyncChecker (ThrottledAsyncChecker.java:schedule(141)) - Scheduling a check for /home/runner/work/ozone/ozone/hadoop-ozone/integration-test/target/test-dir/MiniOzoneClusterImpl-10a7684d-3d33-49d2-80ef-f5f5272a1eb0/datanode-6/data-0/containers/hdds
2024-02-09 18:35:34,256 [87145564-582e-4d08-b209-7a2296b785bc-EndpointStateMachineTaskThread-/0.0.0.0:15358-0 ] INFO  volume.StorageVolumeChecker (StorageVolumeChecker.java:checkAllVolumes(218)) - Scheduled health check for volume /home/runner/work/ozone/ozone/hadoop-ozone/integration-test/target/test-dir/MiniOzoneClusterImpl-10a7684d-3d33-49d2-80ef-f5f5272a1eb0/datanode-6/data-0/containers/hdds
2024-02-09 18:35:34,258 [87145564-582e-4d08-b209-7a2296b785bc-EndpointStateMachineTaskThread-/0.0.0.0:15358-0 ] INFO  volume.ThrottledAsyncChecker (ThrottledAsyncChecker.java:schedule(141)) - Scheduling a check for /home/runner/work/ozone/ozone/hadoop-ozone/integration-test/target/test-dir/MiniOzoneClusterImpl-10a7684d-3d33-49d2-80ef-f5f5272a1eb0/datanode-6/data/ratis
2024-02-09 18:35:34,258 [87145564-582e-4d08-b209-7a2296b785bc-EndpointStateMachineTaskThread-/0.0.0.0:15358-0 ] INFO  volume.StorageVolumeChecker (StorageVolumeChecker.java:checkAllVolumes(218)) - Scheduled health check for volume /home/runner/work/ozone/ozone/hadoop-ozone/integration-test/target/test-dir/MiniOzoneClusterImpl-10a7684d-3d33-49d2-80ef-f5f5272a1eb0/datanode-6/data/ratis
2024-02-09 18:35:34,258 [87145564-582e-4d08-b209-7a2296b785bc-EndpointStateMachineTaskThread-/0.0.0.0:15358-0 ] INFO  ozoneimpl.OzoneContainer (OzoneContainer.java:start(459)) - Attempting to start container services.
2024-02-09 18:35:34,258 [87145564-582e-4d08-b209-7a2296b785bc-EndpointStateMachineTaskThread-/0.0.0.0:15358-0 ] INFO  ozoneimpl.OzoneContainer (OzoneContainer.java:startContainerScrub(339)) - Scheduled background container scanners and the on-demand container scanner have been disabled.
2024-02-09 18:35:34,259 [87145564-582e-4d08-b209-7a2296b785bc-EndpointStateMachineTaskThread-/0.0.0.0:15358-0 ] INFO  replication.ReplicationServer (ReplicationServer.java:start(140)) - ReplicationServer is started using port 15426
2024-02-09 18:35:34,259 [87145564-582e-4d08-b209-7a2296b785bc-EndpointStateMachineTaskThread-/0.0.0.0:15358-0 ] INFO  ratis.XceiverServerRatis (XceiverServerRatis.java:start(566)) - Starting XceiverServerRatis 87145564-582e-4d08-b209-7a2296b785bc
2024-02-09 18:35:34,261 [87145564-582e-4d08-b209-7a2296b785bc-EndpointStateMachineTaskThread-/0.0.0.0:15358-0 ] INFO  server.RaftServer (RaftServerProxy.java:startImpl(406)) - 87145564-582e-4d08-b209-7a2296b785bc: start RPC server
2024-02-09 18:35:34,261 [87145564-582e-4d08-b209-7a2296b785bc-EndpointStateMachineTaskThread-/0.0.0.0:15358-0 ] INFO  server.GrpcService (GrpcService.java:startImpl(302)) - 87145564-582e-4d08-b209-7a2296b785bc: GrpcService started, listening on 15422
2024-02-09 18:35:34,261 [87145564-582e-4d08-b209-7a2296b785bc-EndpointStateMachineTaskThread-/0.0.0.0:15358-0 ] INFO  server.GrpcService (GrpcService.java:startImpl(302)) - 87145564-582e-4d08-b209-7a2296b785bc: GrpcService started, listening on 15424
2024-02-09 18:35:34,261 [87145564-582e-4d08-b209-7a2296b785bc-EndpointStateMachineTaskThread-/0.0.0.0:15358-0 ] INFO  server.GrpcService (GrpcService.java:startImpl(302)) - 87145564-582e-4d08-b209-7a2296b785bc: GrpcService started, listening on 15423
2024-02-09 18:35:34,261 [87145564-582e-4d08-b209-7a2296b785bc-EndpointStateMachineTaskThread-/0.0.0.0:15358-0 ] INFO  ratis.XceiverServerRatis (XceiverServerRatis.java:getRealPort(592)) - XceiverServerRatis 87145564-582e-4d08-b209-7a2296b785bc is started using port 15422 for RATIS
2024-02-09 18:35:34,261 [87145564-582e-4d08-b209-7a2296b785bc-EndpointStateMachineTaskThread-/0.0.0.0:15358-0 ] INFO  ratis.XceiverServerRatis (XceiverServerRatis.java:getRealPort(592)) - XceiverServerRatis 87145564-582e-4d08-b209-7a2296b785bc is started using port 15423 for RATIS_ADMIN
2024-02-09 18:35:34,262 [87145564-582e-4d08-b209-7a2296b785bc-EndpointStateMachineTaskThread-/0.0.0.0:15358-0 ] INFO  ratis.XceiverServerRatis (XceiverServerRatis.java:getRealPort(592)) - XceiverServerRatis 87145564-582e-4d08-b209-7a2296b785bc is started using port 15424 for RATIS_SERVER
2024-02-09 18:35:34,262 [87145564-582e-4d08-b209-7a2296b785bc-EndpointStateMachineTaskThread-/0.0.0.0:15358-0 ] INFO  ratis.XceiverServerRatis (XceiverServerRatis.java:getRealPort(592)) - XceiverServerRatis 87145564-582e-4d08-b209-7a2296b785bc is started using port 15425 for RATIS_DATASTREAM
2024-02-09 18:35:34,261 [JvmPauseMonitor52] INFO  util.JvmPauseMonitor (JvmPauseMonitor.java:run(146)) - JvmPauseMonitor-87145564-582e-4d08-b209-7a2296b785bc: Started
2024-02-09 18:35:34,262 [87145564-582e-4d08-b209-7a2296b785bc-BlockDeletingService#0] INFO  interfaces.ContainerDeletionChoosingPolicyTemplate (ContainerDeletionChoosingPolicyTemplate.java:chooseContainerForBlockDeletion(85)) - Chosen 0/5000 blocks from 0 candidate containers.
2024-02-09 18:35:34,358 [408e6c3a-5292-4cb9-8087-08d5bb587f71-EndpointStateMachineTaskThread-/0.0.0.0:15358-0 ] INFO  utils.DatanodeStoreCache (DatanodeStoreCache.java:addDB(72)) - Added db /home/runner/work/ozone/ozone/hadoop-ozone/integration-test/target/test-dir/MiniOzoneClusterImpl-10a7684d-3d33-49d2-80ef-f5f5272a1eb0/datanode-7/data-0/containers/hdds/10a7684d-3d33-49d2-80ef-f5f5272a1eb0/DS-3b4da911-e387-4413-8f4d-00f7ed38ddc8/container.db to cache
2024-02-09 18:35:34,359 [408e6c3a-5292-4cb9-8087-08d5bb587f71-EndpointStateMachineTaskThread-/0.0.0.0:15358-0 ] INFO  volume.HddsVolume (HddsVolume.java:createDbStore(420)) - SchemaV3 db is created and loaded at /home/runner/work/ozone/ozone/hadoop-ozone/integration-test/target/test-dir/MiniOzoneClusterImpl-10a7684d-3d33-49d2-80ef-f5f5272a1eb0/datanode-7/data-0/containers/hdds/10a7684d-3d33-49d2-80ef-f5f5272a1eb0/DS-3b4da911-e387-4413-8f4d-00f7ed38ddc8/container.db for volume DS-3b4da911-e387-4413-8f4d-00f7ed38ddc8
2024-02-09 18:35:34,360 [408e6c3a-5292-4cb9-8087-08d5bb587f71-ContainerReader-0] INFO  ozoneimpl.ContainerReader (ContainerReader.java:readVolume(148)) - Start to verify containers on volume /home/runner/work/ozone/ozone/hadoop-ozone/integration-test/target/test-dir/MiniOzoneClusterImpl-10a7684d-3d33-49d2-80ef-f5f5272a1eb0/datanode-7/data-0/containers/hdds
2024-02-09 18:35:34,360 [408e6c3a-5292-4cb9-8087-08d5bb587f71-ContainerReader-0] INFO  ozoneimpl.ContainerReader (ContainerReader.java:readVolume(178)) - Finish verifying containers on volume /home/runner/work/ozone/ozone/hadoop-ozone/integration-test/target/test-dir/MiniOzoneClusterImpl-10a7684d-3d33-49d2-80ef-f5f5272a1eb0/datanode-7/data-0/containers/hdds
2024-02-09 18:35:34,360 [408e6c3a-5292-4cb9-8087-08d5bb587f71-EndpointStateMachineTaskThread-/0.0.0.0:15358-0 ] INFO  ozoneimpl.OzoneContainer (OzoneContainer.java:buildContainerSet(328)) - Build ContainerSet costs 0s
2024-02-09 18:35:34,360 [408e6c3a-5292-4cb9-8087-08d5bb587f71-EndpointStateMachineTaskThread-/0.0.0.0:15358-0 ] INFO  volume.ThrottledAsyncChecker (ThrottledAsyncChecker.java:schedule(141)) - Scheduling a check for /home/runner/work/ozone/ozone/hadoop-ozone/integration-test/target/test-dir/MiniOzoneClusterImpl-10a7684d-3d33-49d2-80ef-f5f5272a1eb0/datanode-7/data-0/containers/hdds
2024-02-09 18:35:34,360 [408e6c3a-5292-4cb9-8087-08d5bb587f71-EndpointStateMachineTaskThread-/0.0.0.0:15358-0 ] INFO  volume.StorageVolumeChecker (StorageVolumeChecker.java:checkAllVolumes(218)) - Scheduled health check for volume /home/runner/work/ozone/ozone/hadoop-ozone/integration-test/target/test-dir/MiniOzoneClusterImpl-10a7684d-3d33-49d2-80ef-f5f5272a1eb0/datanode-7/data-0/containers/hdds
2024-02-09 18:35:34,362 [408e6c3a-5292-4cb9-8087-08d5bb587f71-EndpointStateMachineTaskThread-/0.0.0.0:15358-0 ] INFO  volume.ThrottledAsyncChecker (ThrottledAsyncChecker.java:schedule(141)) - Scheduling a check for /home/runner/work/ozone/ozone/hadoop-ozone/integration-test/target/test-dir/MiniOzoneClusterImpl-10a7684d-3d33-49d2-80ef-f5f5272a1eb0/datanode-7/data/ratis
2024-02-09 18:35:34,362 [408e6c3a-5292-4cb9-8087-08d5bb587f71-EndpointStateMachineTaskThread-/0.0.0.0:15358-0 ] INFO  volume.StorageVolumeChecker (StorageVolumeChecker.java:checkAllVolumes(218)) - Scheduled health check for volume /home/runner/work/ozone/ozone/hadoop-ozone/integration-test/target/test-dir/MiniOzoneClusterImpl-10a7684d-3d33-49d2-80ef-f5f5272a1eb0/datanode-7/data/ratis
2024-02-09 18:35:34,362 [408e6c3a-5292-4cb9-8087-08d5bb587f71-EndpointStateMachineTaskThread-/0.0.0.0:15358-0 ] INFO  ozoneimpl.OzoneContainer (OzoneContainer.java:start(459)) - Attempting to start container services.
2024-02-09 18:35:34,363 [408e6c3a-5292-4cb9-8087-08d5bb587f71-EndpointStateMachineTaskThread-/0.0.0.0:15358-0 ] INFO  ozoneimpl.OzoneContainer (OzoneContainer.java:startContainerScrub(339)) - Scheduled background container scanners and the on-demand container scanner have been disabled.
2024-02-09 18:35:34,363 [408e6c3a-5292-4cb9-8087-08d5bb587f71-EndpointStateMachineTaskThread-/0.0.0.0:15358-0 ] INFO  replication.ReplicationServer (ReplicationServer.java:start(140)) - ReplicationServer is started using port 15435
2024-02-09 18:35:34,363 [408e6c3a-5292-4cb9-8087-08d5bb587f71-EndpointStateMachineTaskThread-/0.0.0.0:15358-0 ] INFO  ratis.XceiverServerRatis (XceiverServerRatis.java:start(566)) - Starting XceiverServerRatis 408e6c3a-5292-4cb9-8087-08d5bb587f71
2024-02-09 18:35:34,363 [408e6c3a-5292-4cb9-8087-08d5bb587f71-EndpointStateMachineTaskThread-/0.0.0.0:15358-0 ] INFO  server.RaftServer (RaftServerProxy.java:startImpl(406)) - 408e6c3a-5292-4cb9-8087-08d5bb587f71: start RPC server
2024-02-09 18:35:34,363 [408e6c3a-5292-4cb9-8087-08d5bb587f71-EndpointStateMachineTaskThread-/0.0.0.0:15358-0 ] INFO  server.GrpcService (GrpcService.java:startImpl(302)) - 408e6c3a-5292-4cb9-8087-08d5bb587f71: GrpcService started, listening on 15431
2024-02-09 18:35:34,364 [408e6c3a-5292-4cb9-8087-08d5bb587f71-EndpointStateMachineTaskThread-/0.0.0.0:15358-0 ] INFO  server.GrpcService (GrpcService.java:startImpl(302)) - 408e6c3a-5292-4cb9-8087-08d5bb587f71: GrpcService started, listening on 15433
2024-02-09 18:35:34,364 [408e6c3a-5292-4cb9-8087-08d5bb587f71-EndpointStateMachineTaskThread-/0.0.0.0:15358-0 ] INFO  server.GrpcService (GrpcService.java:startImpl(302)) - 408e6c3a-5292-4cb9-8087-08d5bb587f71: GrpcService started, listening on 15432
2024-02-09 18:35:34,364 [408e6c3a-5292-4cb9-8087-08d5bb587f71-EndpointStateMachineTaskThread-/0.0.0.0:15358-0 ] INFO  ratis.XceiverServerRatis (XceiverServerRatis.java:getRealPort(592)) - XceiverServerRatis 408e6c3a-5292-4cb9-8087-08d5bb587f71 is started using port 15431 for RATIS
2024-02-09 18:35:34,364 [JvmPauseMonitor53] INFO  util.JvmPauseMonitor (JvmPauseMonitor.java:run(146)) - JvmPauseMonitor-408e6c3a-5292-4cb9-8087-08d5bb587f71: Started
2024-02-09 18:35:34,364 [408e6c3a-5292-4cb9-8087-08d5bb587f71-EndpointStateMachineTaskThread-/0.0.0.0:15358-0 ] INFO  ratis.XceiverServerRatis (XceiverServerRatis.java:getRealPort(592)) - XceiverServerRatis 408e6c3a-5292-4cb9-8087-08d5bb587f71 is started using port 15432 for RATIS_ADMIN
2024-02-09 18:35:34,364 [408e6c3a-5292-4cb9-8087-08d5bb587f71-EndpointStateMachineTaskThread-/0.0.0.0:15358-0 ] INFO  ratis.XceiverServerRatis (XceiverServerRatis.java:getRealPort(592)) - XceiverServerRatis 408e6c3a-5292-4cb9-8087-08d5bb587f71 is started using port 15433 for RATIS_SERVER
2024-02-09 18:35:34,364 [408e6c3a-5292-4cb9-8087-08d5bb587f71-EndpointStateMachineTaskThread-/0.0.0.0:15358-0 ] INFO  ratis.XceiverServerRatis (XceiverServerRatis.java:getRealPort(592)) - XceiverServerRatis 408e6c3a-5292-4cb9-8087-08d5bb587f71 is started using port 15434 for RATIS_DATASTREAM
2024-02-09 18:35:34,365 [408e6c3a-5292-4cb9-8087-08d5bb587f71-BlockDeletingService#0] INFO  interfaces.ContainerDeletionChoosingPolicyTemplate (ContainerDeletionChoosingPolicyTemplate.java:chooseContainerForBlockDeletion(85)) - Chosen 0/5000 blocks from 0 candidate containers.
2024-02-09 18:35:34,429 [main] INFO  ozone.MiniOzoneClusterImpl (MiniOzoneClusterImpl.java:lambda$waitForClusterToBeReady$0(221)) - Waiting for nodes to be ready. Got 0 of 9 DN Heartbeats.
2024-02-09 18:35:34,429 [main] INFO  ozone.MiniOzoneClusterImpl (MiniOzoneClusterImpl.java:lambda$waitForClusterToBeReady$0(224)) - Waiting for cluster to exit safe mode
2024-02-09 18:35:34,429 [main] INFO  ozone.MiniOzoneClusterImpl (MiniOzoneClusterImpl.java:lambda$waitForClusterToBeReady$0(226)) - SCM became leader
2024-02-09 18:35:34,450 [bf8a30fd-7b22-4fec-9389-eaf0e8889ee9-EndpointStateMachineTaskThread-/0.0.0.0:15358-0 ] INFO  utils.DatanodeStoreCache (DatanodeStoreCache.java:addDB(72)) - Added db /home/runner/work/ozone/ozone/hadoop-ozone/integration-test/target/test-dir/MiniOzoneClusterImpl-10a7684d-3d33-49d2-80ef-f5f5272a1eb0/datanode-8/data-0/containers/hdds/10a7684d-3d33-49d2-80ef-f5f5272a1eb0/DS-a22aaa58-7673-488c-af28-ecead3820f80/container.db to cache
2024-02-09 18:35:34,450 [bf8a30fd-7b22-4fec-9389-eaf0e8889ee9-EndpointStateMachineTaskThread-/0.0.0.0:15358-0 ] INFO  volume.HddsVolume (HddsVolume.java:createDbStore(420)) - SchemaV3 db is created and loaded at /home/runner/work/ozone/ozone/hadoop-ozone/integration-test/target/test-dir/MiniOzoneClusterImpl-10a7684d-3d33-49d2-80ef-f5f5272a1eb0/datanode-8/data-0/containers/hdds/10a7684d-3d33-49d2-80ef-f5f5272a1eb0/DS-a22aaa58-7673-488c-af28-ecead3820f80/container.db for volume DS-a22aaa58-7673-488c-af28-ecead3820f80
2024-02-09 18:35:34,451 [bf8a30fd-7b22-4fec-9389-eaf0e8889ee9-ContainerReader-0] INFO  ozoneimpl.ContainerReader (ContainerReader.java:readVolume(148)) - Start to verify containers on volume /home/runner/work/ozone/ozone/hadoop-ozone/integration-test/target/test-dir/MiniOzoneClusterImpl-10a7684d-3d33-49d2-80ef-f5f5272a1eb0/datanode-8/data-0/containers/hdds
2024-02-09 18:35:34,451 [bf8a30fd-7b22-4fec-9389-eaf0e8889ee9-ContainerReader-0] INFO  ozoneimpl.ContainerReader (ContainerReader.java:readVolume(178)) - Finish verifying containers on volume /home/runner/work/ozone/ozone/hadoop-ozone/integration-test/target/test-dir/MiniOzoneClusterImpl-10a7684d-3d33-49d2-80ef-f5f5272a1eb0/datanode-8/data-0/containers/hdds
2024-02-09 18:35:34,451 [bf8a30fd-7b22-4fec-9389-eaf0e8889ee9-EndpointStateMachineTaskThread-/0.0.0.0:15358-0 ] INFO  ozoneimpl.OzoneContainer (OzoneContainer.java:buildContainerSet(328)) - Build ContainerSet costs 0s
2024-02-09 18:35:34,452 [bf8a30fd-7b22-4fec-9389-eaf0e8889ee9-EndpointStateMachineTaskThread-/0.0.0.0:15358-0 ] INFO  volume.ThrottledAsyncChecker (ThrottledAsyncChecker.java:schedule(141)) - Scheduling a check for /home/runner/work/ozone/ozone/hadoop-ozone/integration-test/target/test-dir/MiniOzoneClusterImpl-10a7684d-3d33-49d2-80ef-f5f5272a1eb0/datanode-8/data-0/containers/hdds
2024-02-09 18:35:34,452 [bf8a30fd-7b22-4fec-9389-eaf0e8889ee9-EndpointStateMachineTaskThread-/0.0.0.0:15358-0 ] INFO  volume.StorageVolumeChecker (StorageVolumeChecker.java:checkAllVolumes(218)) - Scheduled health check for volume /home/runner/work/ozone/ozone/hadoop-ozone/integration-test/target/test-dir/MiniOzoneClusterImpl-10a7684d-3d33-49d2-80ef-f5f5272a1eb0/datanode-8/data-0/containers/hdds
2024-02-09 18:35:34,453 [bf8a30fd-7b22-4fec-9389-eaf0e8889ee9-EndpointStateMachineTaskThread-/0.0.0.0:15358-0 ] INFO  volume.ThrottledAsyncChecker (ThrottledAsyncChecker.java:schedule(141)) - Scheduling a check for /home/runner/work/ozone/ozone/hadoop-ozone/integration-test/target/test-dir/MiniOzoneClusterImpl-10a7684d-3d33-49d2-80ef-f5f5272a1eb0/datanode-8/data/ratis
2024-02-09 18:35:34,453 [bf8a30fd-7b22-4fec-9389-eaf0e8889ee9-EndpointStateMachineTaskThread-/0.0.0.0:15358-0 ] INFO  volume.StorageVolumeChecker (StorageVolumeChecker.java:checkAllVolumes(218)) - Scheduled health check for volume /home/runner/work/ozone/ozone/hadoop-ozone/integration-test/target/test-dir/MiniOzoneClusterImpl-10a7684d-3d33-49d2-80ef-f5f5272a1eb0/datanode-8/data/ratis
2024-02-09 18:35:34,454 [bf8a30fd-7b22-4fec-9389-eaf0e8889ee9-EndpointStateMachineTaskThread-/0.0.0.0:15358-0 ] INFO  ozoneimpl.OzoneContainer (OzoneContainer.java:start(459)) - Attempting to start container services.
2024-02-09 18:35:34,454 [bf8a30fd-7b22-4fec-9389-eaf0e8889ee9-EndpointStateMachineTaskThread-/0.0.0.0:15358-0 ] INFO  ozoneimpl.OzoneContainer (OzoneContainer.java:startContainerScrub(339)) - Scheduled background container scanners and the on-demand container scanner have been disabled.
2024-02-09 18:35:34,454 [bf8a30fd-7b22-4fec-9389-eaf0e8889ee9-EndpointStateMachineTaskThread-/0.0.0.0:15358-0 ] INFO  replication.ReplicationServer (ReplicationServer.java:start(140)) - ReplicationServer is started using port 15444
2024-02-09 18:35:34,454 [bf8a30fd-7b22-4fec-9389-eaf0e8889ee9-EndpointStateMachineTaskThread-/0.0.0.0:15358-0 ] INFO  ratis.XceiverServerRatis (XceiverServerRatis.java:start(566)) - Starting XceiverServerRatis bf8a30fd-7b22-4fec-9389-eaf0e8889ee9
2024-02-09 18:35:34,455 [bf8a30fd-7b22-4fec-9389-eaf0e8889ee9-EndpointStateMachineTaskThread-/0.0.0.0:15358-0 ] INFO  server.RaftServer (RaftServerProxy.java:startImpl(406)) - bf8a30fd-7b22-4fec-9389-eaf0e8889ee9: start RPC server
2024-02-09 18:35:34,455 [bf8a30fd-7b22-4fec-9389-eaf0e8889ee9-EndpointStateMachineTaskThread-/0.0.0.0:15358-0 ] INFO  server.GrpcService (GrpcService.java:startImpl(302)) - bf8a30fd-7b22-4fec-9389-eaf0e8889ee9: GrpcService started, listening on 15440
2024-02-09 18:35:34,455 [bf8a30fd-7b22-4fec-9389-eaf0e8889ee9-EndpointStateMachineTaskThread-/0.0.0.0:15358-0 ] INFO  server.GrpcService (GrpcService.java:startImpl(302)) - bf8a30fd-7b22-4fec-9389-eaf0e8889ee9: GrpcService started, listening on 15442
2024-02-09 18:35:34,456 [bf8a30fd-7b22-4fec-9389-eaf0e8889ee9-EndpointStateMachineTaskThread-/0.0.0.0:15358-0 ] INFO  server.GrpcService (GrpcService.java:startImpl(302)) - bf8a30fd-7b22-4fec-9389-eaf0e8889ee9: GrpcService started, listening on 15441
2024-02-09 18:35:34,456 [bf8a30fd-7b22-4fec-9389-eaf0e8889ee9-EndpointStateMachineTaskThread-/0.0.0.0:15358-0 ] INFO  ratis.XceiverServerRatis (XceiverServerRatis.java:getRealPort(592)) - XceiverServerRatis bf8a30fd-7b22-4fec-9389-eaf0e8889ee9 is started using port 15440 for RATIS
2024-02-09 18:35:34,456 [JvmPauseMonitor54] INFO  util.JvmPauseMonitor (JvmPauseMonitor.java:run(146)) - JvmPauseMonitor-bf8a30fd-7b22-4fec-9389-eaf0e8889ee9: Started
2024-02-09 18:35:34,456 [bf8a30fd-7b22-4fec-9389-eaf0e8889ee9-EndpointStateMachineTaskThread-/0.0.0.0:15358-0 ] INFO  ratis.XceiverServerRatis (XceiverServerRatis.java:getRealPort(592)) - XceiverServerRatis bf8a30fd-7b22-4fec-9389-eaf0e8889ee9 is started using port 15441 for RATIS_ADMIN
2024-02-09 18:35:34,456 [bf8a30fd-7b22-4fec-9389-eaf0e8889ee9-EndpointStateMachineTaskThread-/0.0.0.0:15358-0 ] INFO  ratis.XceiverServerRatis (XceiverServerRatis.java:getRealPort(592)) - XceiverServerRatis bf8a30fd-7b22-4fec-9389-eaf0e8889ee9 is started using port 15442 for RATIS_SERVER
2024-02-09 18:35:34,456 [bf8a30fd-7b22-4fec-9389-eaf0e8889ee9-EndpointStateMachineTaskThread-/0.0.0.0:15358-0 ] INFO  ratis.XceiverServerRatis (XceiverServerRatis.java:getRealPort(592)) - XceiverServerRatis bf8a30fd-7b22-4fec-9389-eaf0e8889ee9 is started using port 15443 for RATIS_DATASTREAM
2024-02-09 18:35:34,457 [bf8a30fd-7b22-4fec-9389-eaf0e8889ee9-BlockDeletingService#0] INFO  interfaces.ContainerDeletionChoosingPolicyTemplate (ContainerDeletionChoosingPolicyTemplate.java:chooseContainerForBlockDeletion(85)) - Chosen 0/5000 blocks from 0 candidate containers.
2024-02-09 18:35:35,430 [main] INFO  ozone.MiniOzoneClusterImpl (MiniOzoneClusterImpl.java:lambda$waitForClusterToBeReady$0(221)) - Waiting for nodes to be ready. Got 0 of 9 DN Heartbeats.
2024-02-09 18:35:35,430 [main] INFO  ozone.MiniOzoneClusterImpl (MiniOzoneClusterImpl.java:lambda$waitForClusterToBeReady$0(224)) - Waiting for cluster to exit safe mode
2024-02-09 18:35:35,430 [main] INFO  ozone.MiniOzoneClusterImpl (MiniOzoneClusterImpl.java:lambda$waitForClusterToBeReady$0(226)) - SCM became leader
2024-02-09 18:35:35,713 [IPC Server handler 3 on default port 15358] INFO  net.NetworkTopologyImpl (NetworkTopologyImpl.java:add(124)) - Added a new node: /default-rack/cf8377d2-89dc-40fa-8f92-08f9232c90c8
2024-02-09 18:35:35,713 [IPC Server handler 3 on default port 15358] INFO  node.SCMNodeManager (SCMNodeManager.java:register(421)) - Registered datanode: cf8377d2-89dc-40fa-8f92-08f9232c90c8{ip: 10.1.0.43, host: fv-az1241-572.pcjn5njxctguzesueqcwbvg5cg.ex.internal.cloudapp.net, ports: [HTTP=15365, CLIENT_RPC=15366, REPLICATION=15372, RATIS=15368, RATIS_ADMIN=15369, RATIS_SERVER=15370, RATIS_DATASTREAM=15371, STANDALONE=15367], networkLocation: /default-rack, certSerialId: null, persistedOpState: null, persistedOpStateExpiryEpochSec: 0}
2024-02-09 18:35:35,716 [EventQueue-NewNodeForNewNodeHandler] INFO  pipeline.BackgroundPipelineCreator (BackgroundPipelineCreator.java:notifyEventTriggered(280)) - trigger a one-shot run on RatisPipelineUtilsThread.
2024-02-09 18:35:35,716 [EventQueue-NodeRegistrationContainerReportForContainerSafeModeRule] INFO  safemode.SCMSafeModeManager (SCMSafeModeManager.java:validateSafeModeExitRules(200)) - ContainerSafeModeRule rule is successfully validated
2024-02-09 18:35:35,716 [RatisPipelineUtilsThread-0] INFO  pipeline.RatisPipelineProvider (RatisPipelineProvider.java:lambda$create$0(206)) - Sending CreatePipelineCommand for pipeline:PipelineID=b8d98cbf-4520-496b-a0e1-2a85afbfb806 to datanode:cf8377d2-89dc-40fa-8f92-08f9232c90c8
2024-02-09 18:35:35,716 [EventQueue-NodeRegistrationContainerReportForDataNodeSafeModeRule] INFO  safemode.SCMSafeModeManager (DataNodeSafeModeRule.java:process(71)) - SCM in safe mode. 1 DataNodes registered, 3 required.
2024-02-09 18:35:35,722 [EventQueue-PipelineReportForOneReplicaPipelineSafeModeRule] INFO  safemode.SCMSafeModeManager (SCMSafeModeManager.java:validateSafeModeExitRules(200)) - AtleastOneDatanodeReportedRule rule is successfully validated
2024-02-09 18:35:35,722 [RatisPipelineUtilsThread-0] INFO  pipeline.BackgroundPipelineCreator (BackgroundPipelineCreator.java:createPipelines(236)) - Created new pipeline Pipeline[ Id: b8d98cbf-4520-496b-a0e1-2a85afbfb806, Nodes: cf8377d2-89dc-40fa-8f92-08f9232c90c8(fv-az1241-572.pcjn5njxctguzesueqcwbvg5cg.ex.internal.cloudapp.net/10.1.0.43), ReplicationConfig: RATIS/ONE, State:ALLOCATED, leaderId:, CreationTimestamp2024-02-09T18:35:35.716Z[Etc/UTC]]
2024-02-09 18:35:35,798 [IPC Server handler 5 on default port 15358] INFO  net.NetworkTopologyImpl (NetworkTopologyImpl.java:add(124)) - Added a new node: /default-rack/7b2d406f-67a0-48ec-b7b7-fdf942b3fd04
2024-02-09 18:35:35,799 [IPC Server handler 5 on default port 15358] INFO  node.SCMNodeManager (SCMNodeManager.java:register(421)) - Registered datanode: 7b2d406f-67a0-48ec-b7b7-fdf942b3fd04{ip: 10.1.0.43, host: fv-az1241-572.pcjn5njxctguzesueqcwbvg5cg.ex.internal.cloudapp.net, ports: [HTTP=15374, CLIENT_RPC=15375, REPLICATION=15381, RATIS=15377, RATIS_ADMIN=15378, RATIS_SERVER=15379, RATIS_DATASTREAM=15380, STANDALONE=15376], networkLocation: /default-rack, certSerialId: null, persistedOpState: null, persistedOpStateExpiryEpochSec: 0}
2024-02-09 18:35:35,799 [EventQueue-NewNodeForNewNodeHandler] INFO  pipeline.BackgroundPipelineCreator (BackgroundPipelineCreator.java:notifyEventTriggered(280)) - trigger a one-shot run on RatisPipelineUtilsThread.
2024-02-09 18:35:35,799 [RatisPipelineUtilsThread-0] INFO  pipeline.RatisPipelineProvider (RatisPipelineProvider.java:lambda$create$0(206)) - Sending CreatePipelineCommand for pipeline:PipelineID=2db728ee-99fd-4f15-a296-c65dc1ee0095 to datanode:7b2d406f-67a0-48ec-b7b7-fdf942b3fd04
2024-02-09 18:35:35,800 [EventQueue-NodeRegistrationContainerReportForDataNodeSafeModeRule] INFO  safemode.SCMSafeModeManager (DataNodeSafeModeRule.java:process(71)) - SCM in safe mode. 2 DataNodes registered, 3 required.
2024-02-09 18:35:35,800 [RatisPipelineUtilsThread-0] INFO  pipeline.BackgroundPipelineCreator (BackgroundPipelineCreator.java:createPipelines(236)) - Created new pipeline Pipeline[ Id: 2db728ee-99fd-4f15-a296-c65dc1ee0095, Nodes: 7b2d406f-67a0-48ec-b7b7-fdf942b3fd04(fv-az1241-572.pcjn5njxctguzesueqcwbvg5cg.ex.internal.cloudapp.net/10.1.0.43), ReplicationConfig: RATIS/ONE, State:ALLOCATED, leaderId:, CreationTimestamp2024-02-09T18:35:35.799Z[Etc/UTC]]
2024-02-09 18:35:35,888 [IPC Server handler 4 on default port 15358] INFO  net.NetworkTopologyImpl (NetworkTopologyImpl.java:add(124)) - Added a new node: /default-rack/81d78f49-5211-4a7a-996b-69bb86adfbbb
2024-02-09 18:35:35,888 [IPC Server handler 4 on default port 15358] INFO  node.SCMNodeManager (SCMNodeManager.java:register(421)) - Registered datanode: 81d78f49-5211-4a7a-996b-69bb86adfbbb{ip: 10.1.0.43, host: fv-az1241-572.pcjn5njxctguzesueqcwbvg5cg.ex.internal.cloudapp.net, ports: [HTTP=15383, CLIENT_RPC=15384, REPLICATION=15390, RATIS=15386, RATIS_ADMIN=15387, RATIS_SERVER=15388, RATIS_DATASTREAM=15389, STANDALONE=15385], networkLocation: /default-rack, certSerialId: null, persistedOpState: null, persistedOpStateExpiryEpochSec: 0}
2024-02-09 18:35:35,888 [EventQueue-NewNodeForNewNodeHandler] INFO  pipeline.BackgroundPipelineCreator (BackgroundPipelineCreator.java:notifyEventTriggered(280)) - trigger a one-shot run on RatisPipelineUtilsThread.
2024-02-09 18:35:35,889 [RatisPipelineUtilsThread-0] INFO  pipeline.RatisPipelineProvider (RatisPipelineProvider.java:lambda$create$0(206)) - Sending CreatePipelineCommand for pipeline:PipelineID=7ec916ed-2fa6-47c2-8a8a-64a6ecf3bfaf to datanode:81d78f49-5211-4a7a-996b-69bb86adfbbb
2024-02-09 18:35:35,889 [EventQueue-NodeRegistrationContainerReportForDataNodeSafeModeRule] INFO  safemode.SCMSafeModeManager (DataNodeSafeModeRule.java:process(71)) - SCM in safe mode. 3 DataNodes registered, 3 required.
2024-02-09 18:35:35,889 [EventQueue-NodeRegistrationContainerReportForDataNodeSafeModeRule] INFO  safemode.SCMSafeModeManager (SCMSafeModeManager.java:validateSafeModeExitRules(200)) - DataNodeSafeModeRule rule is successfully validated
2024-02-09 18:35:35,889 [EventQueue-NodeRegistrationContainerReportForDataNodeSafeModeRule] INFO  safemode.SCMSafeModeManager (SCMSafeModeManager.java:completePreCheck(229)) - All SCM safe mode pre check rules have passed
2024-02-09 18:35:35,889 [RatisPipelineUtilsThread-0] INFO  pipeline.BackgroundPipelineCreator (BackgroundPipelineCreator.java:createPipelines(236)) - Created new pipeline Pipeline[ Id: 7ec916ed-2fa6-47c2-8a8a-64a6ecf3bfaf, Nodes: 81d78f49-5211-4a7a-996b-69bb86adfbbb(fv-az1241-572.pcjn5njxctguzesueqcwbvg5cg.ex.internal.cloudapp.net/10.1.0.43), ReplicationConfig: RATIS/ONE, State:ALLOCATED, leaderId:, CreationTimestamp2024-02-09T18:35:35.889Z[Etc/UTC]]
2024-02-09 18:35:35,889 [EventQueue-NodeRegistrationContainerReportForDataNodeSafeModeRule] INFO  ha.SCMContext (SCMContext.java:updateSafeModeStatus(225)) - Update SafeModeStatus from SafeModeStatus{safeModeStatus=true, preCheckPassed=false} to SafeModeStatus{safeModeStatus=true, preCheckPassed=true}.
2024-02-09 18:35:35,889 [EventQueue-NodeRegistrationContainerReportForDataNodeSafeModeRule] INFO  pipeline.BackgroundPipelineCreator (BackgroundPipelineCreator.java:notifyEventTriggered(280)) - trigger a one-shot run on RatisPipelineUtilsThread.
2024-02-09 18:35:35,890 [RatisPipelineUtilsThread-0] INFO  pipeline.RatisPipelineProvider (RatisPipelineProvider.java:lambda$create$0(206)) - Sending CreatePipelineCommand for pipeline:PipelineID=b1a77248-3b90-49fe-ace1-138e0de0c554 to datanode:7b2d406f-67a0-48ec-b7b7-fdf942b3fd04
2024-02-09 18:35:35,890 [RatisPipelineUtilsThread-0] INFO  pipeline.RatisPipelineProvider (RatisPipelineProvider.java:lambda$create$0(206)) - Sending CreatePipelineCommand for pipeline:PipelineID=b1a77248-3b90-49fe-ace1-138e0de0c554 to datanode:cf8377d2-89dc-40fa-8f92-08f9232c90c8
2024-02-09 18:35:35,890 [RatisPipelineUtilsThread-0] INFO  pipeline.RatisPipelineProvider (RatisPipelineProvider.java:lambda$create$0(206)) - Sending CreatePipelineCommand for pipeline:PipelineID=b1a77248-3b90-49fe-ace1-138e0de0c554 to datanode:81d78f49-5211-4a7a-996b-69bb86adfbbb
2024-02-09 18:35:35,890 [RatisPipelineUtilsThread-0] INFO  pipeline.BackgroundPipelineCreator (BackgroundPipelineCreator.java:createPipelines(236)) - Created new pipeline Pipeline[ Id: b1a77248-3b90-49fe-ace1-138e0de0c554, Nodes: 7b2d406f-67a0-48ec-b7b7-fdf942b3fd04(fv-az1241-572.pcjn5njxctguzesueqcwbvg5cg.ex.internal.cloudapp.net/10.1.0.43)cf8377d2-89dc-40fa-8f92-08f9232c90c8(fv-az1241-572.pcjn5njxctguzesueqcwbvg5cg.ex.internal.cloudapp.net/10.1.0.43)81d78f49-5211-4a7a-996b-69bb86adfbbb(fv-az1241-572.pcjn5njxctguzesueqcwbvg5cg.ex.internal.cloudapp.net/10.1.0.43), ReplicationConfig: RATIS/THREE, State:ALLOCATED, leaderId:, CreationTimestamp2024-02-09T18:35:35.890Z[Etc/UTC]]
2024-02-09 18:35:35,975 [IPC Server handler 6 on default port 15358] INFO  net.NetworkTopologyImpl (NetworkTopologyImpl.java:add(124)) - Added a new node: /default-rack/81944a75-7880-48bb-a193-a5f914e328c0
2024-02-09 18:35:35,975 [IPC Server handler 6 on default port 15358] INFO  node.SCMNodeManager (SCMNodeManager.java:register(421)) - Registered datanode: 81944a75-7880-48bb-a193-a5f914e328c0{ip: 10.1.0.43, host: fv-az1241-572.pcjn5njxctguzesueqcwbvg5cg.ex.internal.cloudapp.net, ports: [HTTP=15392, CLIENT_RPC=15393, REPLICATION=15399, RATIS=15395, RATIS_ADMIN=15396, RATIS_SERVER=15397, RATIS_DATASTREAM=15398, STANDALONE=15394], networkLocation: /default-rack, certSerialId: null, persistedOpState: null, persistedOpStateExpiryEpochSec: 0}
2024-02-09 18:35:35,976 [EventQueue-NewNodeForNewNodeHandler] INFO  pipeline.BackgroundPipelineCreator (BackgroundPipelineCreator.java:notifyEventTriggered(280)) - trigger a one-shot run on RatisPipelineUtilsThread.
2024-02-09 18:35:35,976 [RatisPipelineUtilsThread-0] INFO  pipeline.RatisPipelineProvider (RatisPipelineProvider.java:lambda$create$0(206)) - Sending CreatePipelineCommand for pipeline:PipelineID=09eebd41-ca38-44b6-bd61-5789d7cdb26a to datanode:81944a75-7880-48bb-a193-a5f914e328c0
2024-02-09 18:35:35,977 [RatisPipelineUtilsThread-0] INFO  pipeline.BackgroundPipelineCreator (BackgroundPipelineCreator.java:createPipelines(236)) - Created new pipeline Pipeline[ Id: 09eebd41-ca38-44b6-bd61-5789d7cdb26a, Nodes: 81944a75-7880-48bb-a193-a5f914e328c0(fv-az1241-572.pcjn5njxctguzesueqcwbvg5cg.ex.internal.cloudapp.net/10.1.0.43), ReplicationConfig: RATIS/ONE, State:ALLOCATED, leaderId:, CreationTimestamp2024-02-09T18:35:35.976Z[Etc/UTC]]
2024-02-09 18:35:36,057 [IPC Server handler 7 on default port 15358] INFO  net.NetworkTopologyImpl (NetworkTopologyImpl.java:add(124)) - Added a new node: /default-rack/02d298ee-5691-417b-b376-6494770463b9
2024-02-09 18:35:36,057 [IPC Server handler 7 on default port 15358] INFO  node.SCMNodeManager (SCMNodeManager.java:register(421)) - Registered datanode: 02d298ee-5691-417b-b376-6494770463b9{ip: 10.1.0.43, host: fv-az1241-572.pcjn5njxctguzesueqcwbvg5cg.ex.internal.cloudapp.net, ports: [HTTP=15401, CLIENT_RPC=15402, REPLICATION=15408, RATIS=15404, RATIS_ADMIN=15405, RATIS_SERVER=15406, RATIS_DATASTREAM=15407, STANDALONE=15403], networkLocation: /default-rack, certSerialId: null, persistedOpState: null, persistedOpStateExpiryEpochSec: 0}
2024-02-09 18:35:36,057 [EventQueue-NewNodeForNewNodeHandler] INFO  pipeline.BackgroundPipelineCreator (BackgroundPipelineCreator.java:notifyEventTriggered(280)) - trigger a one-shot run on RatisPipelineUtilsThread.
2024-02-09 18:35:36,057 [RatisPipelineUtilsThread-0] INFO  pipeline.RatisPipelineProvider (RatisPipelineProvider.java:lambda$create$0(206)) - Sending CreatePipelineCommand for pipeline:PipelineID=4c9e782c-9fbd-4609-95de-7a921fa49d78 to datanode:02d298ee-5691-417b-b376-6494770463b9
2024-02-09 18:35:36,058 [RatisPipelineUtilsThread-0] INFO  pipeline.BackgroundPipelineCreator (BackgroundPipelineCreator.java:createPipelines(236)) - Created new pipeline Pipeline[ Id: 4c9e782c-9fbd-4609-95de-7a921fa49d78, Nodes: 02d298ee-5691-417b-b376-6494770463b9(fv-az1241-572.pcjn5njxctguzesueqcwbvg5cg.ex.internal.cloudapp.net/10.1.0.43), ReplicationConfig: RATIS/ONE, State:ALLOCATED, leaderId:, CreationTimestamp2024-02-09T18:35:36.057Z[Etc/UTC]]
2024-02-09 18:35:36,141 [IPC Server handler 8 on default port 15358] INFO  net.NetworkTopologyImpl (NetworkTopologyImpl.java:add(124)) - Added a new node: /default-rack/063a7fb5-8d38-4cc1-bcc2-6ca7f0273dd7
2024-02-09 18:35:36,141 [IPC Server handler 8 on default port 15358] INFO  node.SCMNodeManager (SCMNodeManager.java:register(421)) - Registered datanode: 063a7fb5-8d38-4cc1-bcc2-6ca7f0273dd7{ip: 10.1.0.43, host: fv-az1241-572.pcjn5njxctguzesueqcwbvg5cg.ex.internal.cloudapp.net, ports: [HTTP=15410, CLIENT_RPC=15411, REPLICATION=15417, RATIS=15413, RATIS_ADMIN=15414, RATIS_SERVER=15415, RATIS_DATASTREAM=15416, STANDALONE=15412], networkLocation: /default-rack, certSerialId: null, persistedOpState: null, persistedOpStateExpiryEpochSec: 0}
2024-02-09 18:35:36,141 [EventQueue-NewNodeForNewNodeHandler] INFO  pipeline.BackgroundPipelineCreator (BackgroundPipelineCreator.java:notifyEventTriggered(280)) - trigger a one-shot run on RatisPipelineUtilsThread.
2024-02-09 18:35:36,143 [RatisPipelineUtilsThread-0] INFO  pipeline.RatisPipelineProvider (RatisPipelineProvider.java:lambda$create$0(206)) - Sending CreatePipelineCommand for pipeline:PipelineID=d0d29731-c61b-47cb-abc0-36eabe44ea76 to datanode:063a7fb5-8d38-4cc1-bcc2-6ca7f0273dd7
2024-02-09 18:35:36,143 [RatisPipelineUtilsThread-0] INFO  pipeline.BackgroundPipelineCreator (BackgroundPipelineCreator.java:createPipelines(236)) - Created new pipeline Pipeline[ Id: d0d29731-c61b-47cb-abc0-36eabe44ea76, Nodes: 063a7fb5-8d38-4cc1-bcc2-6ca7f0273dd7(fv-az1241-572.pcjn5njxctguzesueqcwbvg5cg.ex.internal.cloudapp.net/10.1.0.43), ReplicationConfig: RATIS/ONE, State:ALLOCATED, leaderId:, CreationTimestamp2024-02-09T18:35:36.143Z[Etc/UTC]]
2024-02-09 18:35:36,143 [RatisPipelineUtilsThread-0] INFO  pipeline.RatisPipelineProvider (RatisPipelineProvider.java:lambda$create$0(206)) - Sending CreatePipelineCommand for pipeline:PipelineID=034c33d7-1bfa-475b-8907-1be58298164a to datanode:81944a75-7880-48bb-a193-a5f914e328c0
2024-02-09 18:35:36,143 [RatisPipelineUtilsThread-0] INFO  pipeline.RatisPipelineProvider (RatisPipelineProvider.java:lambda$create$0(206)) - Sending CreatePipelineCommand for pipeline:PipelineID=034c33d7-1bfa-475b-8907-1be58298164a to datanode:02d298ee-5691-417b-b376-6494770463b9
2024-02-09 18:35:36,143 [RatisPipelineUtilsThread-0] INFO  pipeline.RatisPipelineProvider (RatisPipelineProvider.java:lambda$create$0(206)) - Sending CreatePipelineCommand for pipeline:PipelineID=034c33d7-1bfa-475b-8907-1be58298164a to datanode:063a7fb5-8d38-4cc1-bcc2-6ca7f0273dd7
2024-02-09 18:35:36,144 [RatisPipelineUtilsThread-0] INFO  pipeline.BackgroundPipelineCreator (BackgroundPipelineCreator.java:createPipelines(236)) - Created new pipeline Pipeline[ Id: 034c33d7-1bfa-475b-8907-1be58298164a, Nodes: 81944a75-7880-48bb-a193-a5f914e328c0(fv-az1241-572.pcjn5njxctguzesueqcwbvg5cg.ex.internal.cloudapp.net/10.1.0.43)02d298ee-5691-417b-b376-6494770463b9(fv-az1241-572.pcjn5njxctguzesueqcwbvg5cg.ex.internal.cloudapp.net/10.1.0.43)063a7fb5-8d38-4cc1-bcc2-6ca7f0273dd7(fv-az1241-572.pcjn5njxctguzesueqcwbvg5cg.ex.internal.cloudapp.net/10.1.0.43), ReplicationConfig: RATIS/THREE, State:ALLOCATED, leaderId:, CreationTimestamp2024-02-09T18:35:36.143Z[Etc/UTC]]
2024-02-09 18:35:36,234 [IPC Server handler 0 on default port 15358] INFO  net.NetworkTopologyImpl (NetworkTopologyImpl.java:add(124)) - Added a new node: /default-rack/87145564-582e-4d08-b209-7a2296b785bc
2024-02-09 18:35:36,234 [IPC Server handler 0 on default port 15358] INFO  node.SCMNodeManager (SCMNodeManager.java:register(421)) - Registered datanode: 87145564-582e-4d08-b209-7a2296b785bc{ip: 10.1.0.43, host: fv-az1241-572.pcjn5njxctguzesueqcwbvg5cg.ex.internal.cloudapp.net, ports: [HTTP=15419, CLIENT_RPC=15420, REPLICATION=15426, RATIS=15422, RATIS_ADMIN=15423, RATIS_SERVER=15424, RATIS_DATASTREAM=15425, STANDALONE=15421], networkLocation: /default-rack, certSerialId: null, persistedOpState: null, persistedOpStateExpiryEpochSec: 0}
2024-02-09 18:35:36,234 [EventQueue-NewNodeForNewNodeHandler] INFO  pipeline.BackgroundPipelineCreator (BackgroundPipelineCreator.java:notifyEventTriggered(280)) - trigger a one-shot run on RatisPipelineUtilsThread.
2024-02-09 18:35:36,235 [RatisPipelineUtilsThread-0] INFO  pipeline.RatisPipelineProvider (RatisPipelineProvider.java:lambda$create$0(206)) - Sending CreatePipelineCommand for pipeline:PipelineID=df469fe8-93f1-48fc-991a-56b751c24a32 to datanode:87145564-582e-4d08-b209-7a2296b785bc
2024-02-09 18:35:36,235 [RatisPipelineUtilsThread-0] INFO  pipeline.BackgroundPipelineCreator (BackgroundPipelineCreator.java:createPipelines(236)) - Created new pipeline Pipeline[ Id: df469fe8-93f1-48fc-991a-56b751c24a32, Nodes: 87145564-582e-4d08-b209-7a2296b785bc(fv-az1241-572.pcjn5njxctguzesueqcwbvg5cg.ex.internal.cloudapp.net/10.1.0.43), ReplicationConfig: RATIS/ONE, State:ALLOCATED, leaderId:, CreationTimestamp2024-02-09T18:35:36.235Z[Etc/UTC]]
2024-02-09 18:35:36,339 [IPC Server handler 1 on default port 15358] INFO  net.NetworkTopologyImpl (NetworkTopologyImpl.java:add(124)) - Added a new node: /default-rack/408e6c3a-5292-4cb9-8087-08d5bb587f71
2024-02-09 18:35:36,339 [IPC Server handler 1 on default port 15358] INFO  node.SCMNodeManager (SCMNodeManager.java:register(421)) - Registered datanode: 408e6c3a-5292-4cb9-8087-08d5bb587f71{ip: 10.1.0.43, host: fv-az1241-572.pcjn5njxctguzesueqcwbvg5cg.ex.internal.cloudapp.net, ports: [HTTP=15428, CLIENT_RPC=15429, REPLICATION=15435, RATIS=15431, RATIS_ADMIN=15432, RATIS_SERVER=15433, RATIS_DATASTREAM=15434, STANDALONE=15430], networkLocation: /default-rack, certSerialId: null, persistedOpState: null, persistedOpStateExpiryEpochSec: 0}
2024-02-09 18:35:36,340 [EventQueue-NewNodeForNewNodeHandler] INFO  pipeline.BackgroundPipelineCreator (BackgroundPipelineCreator.java:notifyEventTriggered(280)) - trigger a one-shot run on RatisPipelineUtilsThread.
2024-02-09 18:35:36,340 [RatisPipelineUtilsThread-0] INFO  pipeline.RatisPipelineProvider (RatisPipelineProvider.java:lambda$create$0(206)) - Sending CreatePipelineCommand for pipeline:PipelineID=0ad5ed76-d86a-479d-93d9-098deecb2faa to datanode:408e6c3a-5292-4cb9-8087-08d5bb587f71
2024-02-09 18:35:36,341 [RatisPipelineUtilsThread-0] INFO  pipeline.BackgroundPipelineCreator (BackgroundPipelineCreator.java:createPipelines(236)) - Created new pipeline Pipeline[ Id: 0ad5ed76-d86a-479d-93d9-098deecb2faa, Nodes: 408e6c3a-5292-4cb9-8087-08d5bb587f71(fv-az1241-572.pcjn5njxctguzesueqcwbvg5cg.ex.internal.cloudapp.net/10.1.0.43), ReplicationConfig: RATIS/ONE, State:ALLOCATED, leaderId:, CreationTimestamp2024-02-09T18:35:36.340Z[Etc/UTC]]
2024-02-09 18:35:36,430 [IPC Server handler 2 on default port 15358] INFO  net.NetworkTopologyImpl (NetworkTopologyImpl.java:add(124)) - Added a new node: /default-rack/bf8a30fd-7b22-4fec-9389-eaf0e8889ee9
2024-02-09 18:35:36,430 [main] INFO  ozone.MiniOzoneClusterImpl (MiniOzoneClusterImpl.java:lambda$waitForClusterToBeReady$0(221)) - Waiting for nodes to be ready. Got 8 of 9 DN Heartbeats.
2024-02-09 18:35:36,430 [main] INFO  ozone.MiniOzoneClusterImpl (MiniOzoneClusterImpl.java:lambda$waitForClusterToBeReady$0(224)) - Waiting for cluster to exit safe mode
2024-02-09 18:35:36,431 [main] INFO  ozone.MiniOzoneClusterImpl (MiniOzoneClusterImpl.java:lambda$waitForClusterToBeReady$0(226)) - SCM became leader
2024-02-09 18:35:36,430 [IPC Server handler 2 on default port 15358] INFO  node.SCMNodeManager (SCMNodeManager.java:register(421)) - Registered datanode: bf8a30fd-7b22-4fec-9389-eaf0e8889ee9{ip: 10.1.0.43, host: fv-az1241-572.pcjn5njxctguzesueqcwbvg5cg.ex.internal.cloudapp.net, ports: [HTTP=15437, CLIENT_RPC=15438, REPLICATION=15444, RATIS=15440, RATIS_ADMIN=15441, RATIS_SERVER=15442, RATIS_DATASTREAM=15443, STANDALONE=15439], networkLocation: /default-rack, certSerialId: null, persistedOpState: null, persistedOpStateExpiryEpochSec: 0}
2024-02-09 18:35:36,431 [EventQueue-NewNodeForNewNodeHandler] INFO  pipeline.BackgroundPipelineCreator (BackgroundPipelineCreator.java:notifyEventTriggered(280)) - trigger a one-shot run on RatisPipelineUtilsThread.
2024-02-09 18:35:36,432 [RatisPipelineUtilsThread-0] INFO  pipeline.RatisPipelineProvider (RatisPipelineProvider.java:lambda$create$0(206)) - Sending CreatePipelineCommand for pipeline:PipelineID=b0bc7ef5-f9b7-487d-8070-2f070e17dbc0 to datanode:bf8a30fd-7b22-4fec-9389-eaf0e8889ee9
2024-02-09 18:35:36,432 [RatisPipelineUtilsThread-0] INFO  pipeline.BackgroundPipelineCreator (BackgroundPipelineCreator.java:createPipelines(236)) - Created new pipeline Pipeline[ Id: b0bc7ef5-f9b7-487d-8070-2f070e17dbc0, Nodes: bf8a30fd-7b22-4fec-9389-eaf0e8889ee9(fv-az1241-572.pcjn5njxctguzesueqcwbvg5cg.ex.internal.cloudapp.net/10.1.0.43), ReplicationConfig: RATIS/ONE, State:ALLOCATED, leaderId:, CreationTimestamp2024-02-09T18:35:36.432Z[Etc/UTC]]
2024-02-09 18:35:36,433 [RatisPipelineUtilsThread-0] INFO  pipeline.RatisPipelineProvider (RatisPipelineProvider.java:lambda$create$0(206)) - Sending CreatePipelineCommand for pipeline:PipelineID=2135d486-1a49-4d36-8ae2-3830f8d38876 to datanode:87145564-582e-4d08-b209-7a2296b785bc
2024-02-09 18:35:36,433 [RatisPipelineUtilsThread-0] INFO  pipeline.RatisPipelineProvider (RatisPipelineProvider.java:lambda$create$0(206)) - Sending CreatePipelineCommand for pipeline:PipelineID=2135d486-1a49-4d36-8ae2-3830f8d38876 to datanode:408e6c3a-5292-4cb9-8087-08d5bb587f71
2024-02-09 18:35:36,433 [RatisPipelineUtilsThread-0] INFO  pipeline.RatisPipelineProvider (RatisPipelineProvider.java:lambda$create$0(206)) - Sending CreatePipelineCommand for pipeline:PipelineID=2135d486-1a49-4d36-8ae2-3830f8d38876 to datanode:bf8a30fd-7b22-4fec-9389-eaf0e8889ee9
2024-02-09 18:35:36,433 [RatisPipelineUtilsThread-0] INFO  pipeline.BackgroundPipelineCreator (BackgroundPipelineCreator.java:createPipelines(236)) - Created new pipeline Pipeline[ Id: 2135d486-1a49-4d36-8ae2-3830f8d38876, Nodes: 87145564-582e-4d08-b209-7a2296b785bc(fv-az1241-572.pcjn5njxctguzesueqcwbvg5cg.ex.internal.cloudapp.net/10.1.0.43)408e6c3a-5292-4cb9-8087-08d5bb587f71(fv-az1241-572.pcjn5njxctguzesueqcwbvg5cg.ex.internal.cloudapp.net/10.1.0.43)bf8a30fd-7b22-4fec-9389-eaf0e8889ee9(fv-az1241-572.pcjn5njxctguzesueqcwbvg5cg.ex.internal.cloudapp.net/10.1.0.43), ReplicationConfig: RATIS/THREE, State:ALLOCATED, leaderId:, CreationTimestamp2024-02-09T18:35:36.433Z[Etc/UTC]]
2024-02-09 18:35:37,431 [main] INFO  ozone.MiniOzoneClusterImpl (MiniOzoneClusterImpl.java:lambda$waitForClusterToBeReady$0(221)) - Nodes are ready. Got 9 of 9 DN Heartbeats.
2024-02-09 18:35:37,431 [main] INFO  ozone.MiniOzoneClusterImpl (MiniOzoneClusterImpl.java:lambda$waitForClusterToBeReady$0(224)) - Waiting for cluster to exit safe mode
2024-02-09 18:35:37,431 [main] INFO  ozone.MiniOzoneClusterImpl (MiniOzoneClusterImpl.java:lambda$waitForClusterToBeReady$0(226)) - SCM became leader
2024-02-09 18:35:38,431 [main] INFO  ozone.MiniOzoneClusterImpl (MiniOzoneClusterImpl.java:lambda$waitForClusterToBeReady$0(221)) - Nodes are ready. Got 9 of 9 DN Heartbeats.
2024-02-09 18:35:38,432 [main] INFO  ozone.MiniOzoneClusterImpl (MiniOzoneClusterImpl.java:lambda$waitForClusterToBeReady$0(224)) - Waiting for cluster to exit safe mode
2024-02-09 18:35:38,432 [main] INFO  ozone.MiniOzoneClusterImpl (MiniOzoneClusterImpl.java:lambda$waitForClusterToBeReady$0(226)) - SCM became leader
2024-02-09 18:35:38,712 [cf8377d2-89dc-40fa-8f92-08f9232c90c8-PipelineCommandHandlerThread-0] INFO  server.RaftServer (RaftServerProxy.java:addNew(100)) - cf8377d2-89dc-40fa-8f92-08f9232c90c8: addNew group-2A85AFBFB806:[cf8377d2-89dc-40fa-8f92-08f9232c90c8|10.1.0.43:15370] returns group-2A85AFBFB806:java.util.concurrent.CompletableFuture@3e4a2020[Not completed]
2024-02-09 18:35:38,713 [cf8377d2-89dc-40fa-8f92-08f9232c90c8-groupManagement] INFO  server.RaftServer$Division (RaftServerImpl.java:<init>(256)) - cf8377d2-89dc-40fa-8f92-08f9232c90c8: new RaftServerImpl for group-2A85AFBFB806:[cf8377d2-89dc-40fa-8f92-08f9232c90c8|10.1.0.43:15370] with ContainerStateMachine:uninitialized
2024-02-09 18:35:38,713 [cf8377d2-89dc-40fa-8f92-08f9232c90c8-groupManagement] INFO  server.RaftServerConfigKeys (ConfUtils.java:logGet(46)) - raft.server.rpc.timeout.min = 5s (custom)
2024-02-09 18:35:38,713 [cf8377d2-89dc-40fa-8f92-08f9232c90c8-groupManagement] INFO  server.RaftServerConfigKeys (ConfUtils.java:logGet(46)) - raft.server.rpc.timeout.max = 5200ms (custom)
2024-02-09 18:35:38,713 [cf8377d2-89dc-40fa-8f92-08f9232c90c8-groupManagement] INFO  server.RaftServerConfigKeys (ConfUtils.java:logGet(46)) - raft.server.rpc.sleep.time = 25ms (default)
2024-02-09 18:35:38,713 [cf8377d2-89dc-40fa-8f92-08f9232c90c8-groupManagement] INFO  server.RaftServerConfigKeys (ConfUtils.java:logGet(46)) - raft.server.rpc.slowness.timeout = 300000ms (custom)
2024-02-09 18:35:38,713 [cf8377d2-89dc-40fa-8f92-08f9232c90c8-groupManagement] INFO  server.RaftServerConfigKeys (ConfUtils.java:logGet(46)) - raft.server.leaderelection.leader.step-down.wait-time = 10s (default)
2024-02-09 18:35:38,713 [cf8377d2-89dc-40fa-8f92-08f9232c90c8-groupManagement] INFO  server.RaftServerConfigKeys (ConfUtils.java:logGet(46)) - raft.server.leaderelection.member.majority-add = false (default)
2024-02-09 18:35:38,713 [cf8377d2-89dc-40fa-8f92-08f9232c90c8-groupManagement] INFO  server.RaftServerConfigKeys (ConfUtils.java:logGet(46)) - raft.server.sleep.deviation.threshold = 300ms (default)
2024-02-09 18:35:38,714 [cf8377d2-89dc-40fa-8f92-08f9232c90c8-groupManagement] INFO  server.RaftServer$Division (ServerState.java:<init>(113)) - cf8377d2-89dc-40fa-8f92-08f9232c90c8@group-2A85AFBFB806: ConfigurationManager, init=-1: peers:[cf8377d2-89dc-40fa-8f92-08f9232c90c8|10.1.0.43:15370]|listeners:[], old=null, confs=<EMPTY_MAP>
2024-02-09 18:35:38,714 [cf8377d2-89dc-40fa-8f92-08f9232c90c8-groupManagement] INFO  server.RaftServerConfigKeys (ConfUtils.java:logGet(46)) - raft.server.notification.no-leader.timeout = 300000ms (custom)
2024-02-09 18:35:38,714 [cf8377d2-89dc-40fa-8f92-08f9232c90c8-groupManagement] INFO  server.RaftServerConfigKeys (ConfUtils.java:logGet(46)) - raft.server.read.timeout = 10s (default)
2024-02-09 18:35:38,714 [cf8377d2-89dc-40fa-8f92-08f9232c90c8-groupManagement] INFO  server.RaftServerConfigKeys (ConfUtils.java:logGet(46)) - raft.server.retrycache.expirytime = 600000ms (custom)
2024-02-09 18:35:38,714 [cf8377d2-89dc-40fa-8f92-08f9232c90c8-groupManagement] INFO  server.RaftServerConfigKeys (ConfUtils.java:logGet(46)) - raft.server.retrycache.statistics.expirytime = 100ms (default)
2024-02-09 18:35:38,714 [cf8377d2-89dc-40fa-8f92-08f9232c90c8-groupManagement] INFO  server.RaftServerConfigKeys (ConfUtils.java:logGet(46)) - raft.server.read.option = DEFAULT (default)
2024-02-09 18:35:38,714 [cf8377d2-89dc-40fa-8f92-08f9232c90c8-groupManagement] INFO  server.RaftServerConfigKeys (ConfUtils.java:logGet(46)) - raft.server.read.read-after-write-consistent.write-index-cache.expiry-time = 60s (default)
2024-02-09 18:35:38,716 [cf8377d2-89dc-40fa-8f92-08f9232c90c8-groupManagement] INFO  server.RaftServerConfigKeys (ConfUtils.java:logGet(46)) - raft.server.rpc.request.timeout = 3000ms (default)
2024-02-09 18:35:38,716 [cf8377d2-89dc-40fa-8f92-08f9232c90c8-groupManagement] INFO  server.RaftServerConfigKeys (ConfUtils.java:logGet(46)) - raft.server.log.appender.install.snapshot.enabled = false (custom)
2024-02-09 18:35:38,716 [cf8377d2-89dc-40fa-8f92-08f9232c90c8-groupManagement] INFO  server.RaftServerConfigKeys (ConfUtils.java:logGet(46)) - raft.server.threadpool.server.cached = true (default)
2024-02-09 18:35:38,716 [cf8377d2-89dc-40fa-8f92-08f9232c90c8-groupManagement] INFO  server.RaftServerConfigKeys (ConfUtils.java:logGet(46)) - raft.server.threadpool.server.size = 0 (default)
2024-02-09 18:35:38,716 [cf8377d2-89dc-40fa-8f92-08f9232c90c8-groupManagement] INFO  server.RaftServerConfigKeys (ConfUtils.java:logGet(46)) - raft.server.threadpool.client.cached = true (default)
2024-02-09 18:35:38,716 [cf8377d2-89dc-40fa-8f92-08f9232c90c8-groupManagement] INFO  server.RaftServerConfigKeys (ConfUtils.java:logGet(46)) - raft.server.threadpool.client.size = 0 (default)
2024-02-09 18:35:38,716 [cf8377d2-89dc-40fa-8f92-08f9232c90c8-groupManagement] INFO  server.RaftServerConfigKeys (ConfUtils.java:logGet(46)) - raft.server.storage.free-space.min = 0MB (=0) (default)
2024-02-09 18:35:38,716 [cf8377d2-89dc-40fa-8f92-08f9232c90c8-groupManagement] INFO  server.RaftServerConfigKeys (ConfUtils.java:logGet(46)) - raft.server.log.corruption.policy = EXCEPTION (default)
2024-02-09 18:35:38,716 [cf8377d2-89dc-40fa-8f92-08f9232c90c8-groupManagement] INFO  server.RaftServerConfigKeys (ConfUtils.java:logGet(46)) - raft.server.storage.dir = [/home/runner/work/ozone/ozone/hadoop-ozone/integration-test/target/test-dir/MiniOzoneClusterImpl-10a7684d-3d33-49d2-80ef-f5f5272a1eb0/datanode-0/data/ratis] (custom)
2024-02-09 18:35:38,716 [cf8377d2-89dc-40fa-8f92-08f9232c90c8-groupManagement] INFO  storage.RaftStorageDirectory (RaftStorageDirectoryImpl.java:analyzeStorage(138)) - The storage directory /home/runner/work/ozone/ozone/hadoop-ozone/integration-test/target/test-dir/MiniOzoneClusterImpl-10a7684d-3d33-49d2-80ef-f5f5272a1eb0/datanode-0/data/ratis/b8d98cbf-4520-496b-a0e1-2a85afbfb806 does not exist. Creating ...
2024-02-09 18:35:38,717 [cf8377d2-89dc-40fa-8f92-08f9232c90c8-groupManagement] INFO  storage.RaftStorageDirectory (RaftStorageDirectoryImpl.java:tryLock(228)) - Lock on /home/runner/work/ozone/ozone/hadoop-ozone/integration-test/target/test-dir/MiniOzoneClusterImpl-10a7684d-3d33-49d2-80ef-f5f5272a1eb0/datanode-0/data/ratis/b8d98cbf-4520-496b-a0e1-2a85afbfb806/in_use.lock acquired by nodename 37674@fv-az1241-572
2024-02-09 18:35:38,718 [cf8377d2-89dc-40fa-8f92-08f9232c90c8-groupManagement] INFO  storage.RaftStorage (RaftStorageImpl.java:format(99)) - Storage directory /home/runner/work/ozone/ozone/hadoop-ozone/integration-test/target/test-dir/MiniOzoneClusterImpl-10a7684d-3d33-49d2-80ef-f5f5272a1eb0/datanode-0/data/ratis/b8d98cbf-4520-496b-a0e1-2a85afbfb806 has been successfully formatted.
2024-02-09 18:35:38,718 [cf8377d2-89dc-40fa-8f92-08f9232c90c8-groupManagement] WARN  util.FileUtils (LogUtils.java:supplyAndLog(63)) - Failed to Files.newInputStream /home/runner/work/ozone/ozone/hadoop-ozone/integration-test/target/test-dir/MiniOzoneClusterImpl-10a7684d-3d33-49d2-80ef-f5f5272a1eb0/datanode-0/data/ratis/b8d98cbf-4520-496b-a0e1-2a85afbfb806/current/raft-meta.conf with options []: java.nio.file.NoSuchFileException: /home/runner/work/ozone/ozone/hadoop-ozone/integration-test/target/test-dir/MiniOzoneClusterImpl-10a7684d-3d33-49d2-80ef-f5f5272a1eb0/datanode-0/data/ratis/b8d98cbf-4520-496b-a0e1-2a85afbfb806/current/raft-meta.conf
2024-02-09 18:35:38,719 [cf8377d2-89dc-40fa-8f92-08f9232c90c8-groupManagement] INFO  ratis.ContainerStateMachine (ContainerStateMachine.java:loadSnapshot(287)) - group-2A85AFBFB806: The snapshot info is null. Setting the last applied index to:(t:0, i:~)
2024-02-09 18:35:38,719 [cf8377d2-89dc-40fa-8f92-08f9232c90c8-groupManagement] INFO  server.RaftServerConfigKeys (ConfUtils.java:logGet(46)) - raft.server.log.use.memory = false (default)
2024-02-09 18:35:38,719 [cf8377d2-89dc-40fa-8f92-08f9232c90c8-groupManagement] INFO  server.RaftServerConfigKeys (ConfUtils.java:logGet(46)) - raft.server.log.purge.gap = 1000000 (custom)
2024-02-09 18:35:38,719 [cf8377d2-89dc-40fa-8f92-08f9232c90c8-groupManagement] INFO  server.RaftServerConfigKeys (ConfUtils.java:logGet(46)) - raft.server.log.appender.buffer.byte-limit = 8388608 (custom)
2024-02-09 18:35:38,719 [cf8377d2-89dc-40fa-8f92-08f9232c90c8-groupManagement] INFO  server.RaftServerConfigKeys (ConfUtils.java:logGet(46)) - raft.server.log.statemachine.data.read.timeout = 1000ms (default)
2024-02-09 18:35:38,719 [cf8377d2-89dc-40fa-8f92-08f9232c90c8-groupManagement] INFO  server.RaftServerConfigKeys (ConfUtils.java:logGet(46)) - raft.server.log.purge.preservation.log.num = 0 (default)
2024-02-09 18:35:38,720 [EventQueue-PipelineReportForPipelineReportHandler] INFO  pipeline.PipelineReportHandler (PipelineReportHandler.java:processPipelineReport(136)) - Opened pipeline PipelineID=b8d98cbf-4520-496b-a0e1-2a85afbfb806
2024-02-09 18:35:38,721 [EventQueue-OpenPipelineForHealthyPipelineSafeModeRule] INFO  safemode.SCMSafeModeManager (HealthyPipelineSafeModeRule.java:process(140)) - SCM in safe mode. Healthy pipelines reported count is 0, required healthy pipeline reported count is 1
2024-02-09 18:35:38,722 [cf8377d2-89dc-40fa-8f92-08f9232c90c8-groupManagement] INFO  server.RaftServerConfigKeys (ConfUtils.java:logGet(46)) - raft.server.log.segment.size.max = 67108864 (custom)
2024-02-09 18:35:38,722 [cf8377d2-89dc-40fa-8f92-08f9232c90c8-groupManagement] INFO  server.RaftServerConfigKeys (ConfUtils.java:logGet(46)) - raft.server.log.segment.cache.num.max = 2 (custom)
2024-02-09 18:35:38,722 [cf8377d2-89dc-40fa-8f92-08f9232c90c8-groupManagement] INFO  server.RaftServerConfigKeys (ConfUtils.java:logGet(46)) - raft.server.log.segment.cache.size.max = 200MB (=209715200) (default)
2024-02-09 18:35:38,722 [cf8377d2-89dc-40fa-8f92-08f9232c90c8-groupManagement] INFO  server.RaftServerConfigKeys (ConfUtils.java:logGet(46)) - raft.server.log.appender.buffer.byte-limit = 8388608 (custom)
2024-02-09 18:35:38,722 [cf8377d2-89dc-40fa-8f92-08f9232c90c8-groupManagement] INFO  util.AwaitToRun (AwaitToRun.java:start(81)) - Thread[cf8377d2-89dc-40fa-8f92-08f9232c90c8@group-2A85AFBFB806-cacheEviction-AwaitToRun,5,main] started
2024-02-09 18:35:38,722 [cf8377d2-89dc-40fa-8f92-08f9232c90c8-groupManagement] INFO  segmented.SegmentedRaftLogWorker (SegmentedRaftLogWorker.java:<init>(182)) - new cf8377d2-89dc-40fa-8f92-08f9232c90c8@group-2A85AFBFB806-SegmentedRaftLogWorker for RaftStorageImpl:Storage Directory /home/runner/work/ozone/ozone/hadoop-ozone/integration-test/target/test-dir/MiniOzoneClusterImpl-10a7684d-3d33-49d2-80ef-f5f5272a1eb0/datanode-0/data/ratis/b8d98cbf-4520-496b-a0e1-2a85afbfb806
2024-02-09 18:35:38,722 [cf8377d2-89dc-40fa-8f92-08f9232c90c8-groupManagement] INFO  server.RaftServerConfigKeys (ConfUtils.java:logGet(46)) - raft.server.log.queue.byte-limit = 4294967296 (custom)
2024-02-09 18:35:38,722 [cf8377d2-89dc-40fa-8f92-08f9232c90c8-groupManagement] INFO  server.RaftServerConfigKeys (ConfUtils.java:logGet(46)) - raft.server.log.queue.element-limit = 1024 (custom)
2024-02-09 18:35:38,722 [cf8377d2-89dc-40fa-8f92-08f9232c90c8-groupManagement] INFO  server.RaftServerConfigKeys (ConfUtils.java:logGet(46)) - raft.server.log.segment.size.max = 67108864 (custom)
2024-02-09 18:35:38,722 [cf8377d2-89dc-40fa-8f92-08f9232c90c8-groupManagement] INFO  server.RaftServerConfigKeys (ConfUtils.java:logGet(46)) - raft.server.log.preallocated.size = 4194304 (custom)
2024-02-09 18:35:38,722 [cf8377d2-89dc-40fa-8f92-08f9232c90c8-groupManagement] INFO  server.RaftServerConfigKeys (ConfUtils.java:logGet(46)) - raft.server.log.force.sync.num = 128 (default)
2024-02-09 18:35:38,722 [cf8377d2-89dc-40fa-8f92-08f9232c90c8-groupManagement] INFO  server.RaftServerConfigKeys (ConfUtils.java:logGet(46)) - raft.server.log.statemachine.data.sync = true (default)
2024-02-09 18:35:38,723 [cf8377d2-89dc-40fa-8f92-08f9232c90c8-groupManagement] INFO  server.RaftServerConfigKeys (ConfUtils.java:logGet(46)) - raft.server.log.statemachine.data.sync.timeout = 10s (default)
2024-02-09 18:35:38,723 [cf8377d2-89dc-40fa-8f92-08f9232c90c8-groupManagement] INFO  server.RaftServerConfigKeys (ConfUtils.java:logGet(46)) - raft.server.log.statemachine.data.sync.timeout.retry = 0 (custom)
2024-02-09 18:35:38,723 [cf8377d2-89dc-40fa-8f92-08f9232c90c8-groupManagement] INFO  server.RaftServerConfigKeys (ConfUtils.java:logGet(46)) - raft.server.log.write.buffer.size = 8388616 (custom)
2024-02-09 18:35:38,724 [cf8377d2-89dc-40fa-8f92-08f9232c90c8-groupManagement] INFO  server.RaftServerConfigKeys (ConfUtils.java:logGet(46)) - raft.server.log.appender.buffer.byte-limit = 8388608 (custom)
2024-02-09 18:35:38,724 [cf8377d2-89dc-40fa-8f92-08f9232c90c8-groupManagement] INFO  server.RaftServerConfigKeys (ConfUtils.java:logGet(46)) - raft.server.log.unsafe-flush.enabled = false (default)
2024-02-09 18:35:38,724 [cf8377d2-89dc-40fa-8f92-08f9232c90c8-groupManagement] INFO  server.RaftServerConfigKeys (ConfUtils.java:logGet(46)) - raft.server.log.async-flush.enabled = false (default)
2024-02-09 18:35:38,724 [cf8377d2-89dc-40fa-8f92-08f9232c90c8-groupManagement] INFO  server.RaftServerConfigKeys (ConfUtils.java:logGet(46)) - raft.server.log.statemachine.data.caching.enabled = true (custom)
2024-02-09 18:35:38,724 [cf8377d2-89dc-40fa-8f92-08f9232c90c8-groupManagement] INFO  segmented.SegmentedRaftLogWorker (SegmentedRaftLogWorker.java:lambda$new$0(134)) - cf8377d2-89dc-40fa-8f92-08f9232c90c8@group-2A85AFBFB806-SegmentedRaftLogWorker: flushIndex: setUnconditionally 0 -> -1
2024-02-09 18:35:38,724 [cf8377d2-89dc-40fa-8f92-08f9232c90c8-groupManagement] INFO  segmented.SegmentedRaftLogWorker (SegmentedRaftLogWorker.java:lambda$new$0(134)) - cf8377d2-89dc-40fa-8f92-08f9232c90c8@group-2A85AFBFB806-SegmentedRaftLogWorker: safeCacheEvictIndex: setUnconditionally 0 -> -1
2024-02-09 18:35:38,724 [cf8377d2-89dc-40fa-8f92-08f9232c90c8-groupManagement] INFO  server.RaftServer$Division (RaftServerImpl.java:start(396)) - cf8377d2-89dc-40fa-8f92-08f9232c90c8@group-2A85AFBFB806: start as a follower, conf=-1: peers:[cf8377d2-89dc-40fa-8f92-08f9232c90c8|10.1.0.43:15370]|listeners:[], old=null
2024-02-09 18:35:38,725 [cf8377d2-89dc-40fa-8f92-08f9232c90c8-groupManagement] INFO  server.RaftServer$Division (RaftServerImpl.java:setRole(383)) - cf8377d2-89dc-40fa-8f92-08f9232c90c8@group-2A85AFBFB806: changes role from      null to FOLLOWER at term 0 for startAsFollower
2024-02-09 18:35:38,725 [cf8377d2-89dc-40fa-8f92-08f9232c90c8-groupManagement] INFO  impl.RoleInfo (RoleInfo.java:updateAndGet(139)) - cf8377d2-89dc-40fa-8f92-08f9232c90c8: start cf8377d2-89dc-40fa-8f92-08f9232c90c8@group-2A85AFBFB806-FollowerState
2024-02-09 18:35:38,725 [cf8377d2-89dc-40fa-8f92-08f9232c90c8-groupManagement] INFO  util.JmxRegister (JmxRegister.java:tryRegister(44)) - Successfully registered JMX Bean with object name Ratis:service=RaftServer,group=group-2A85AFBFB806,id=cf8377d2-89dc-40fa-8f92-08f9232c90c8
2024-02-09 18:35:38,725 [cf8377d2-89dc-40fa-8f92-08f9232c90c8@group-2A85AFBFB806-FollowerState] INFO  server.RaftServerConfigKeys (ConfUtils.java:logFallback(53)) - raft.server.rpc.first-election.timeout.min = 5s (fallback to raft.server.rpc.timeout.min)
2024-02-09 18:35:38,725 [cf8377d2-89dc-40fa-8f92-08f9232c90c8-groupManagement] INFO  server.RaftServerConfigKeys (ConfUtils.java:logGet(46)) - raft.server.snapshot.trigger-when-stop.enabled = true (default)
2024-02-09 18:35:38,725 [cf8377d2-89dc-40fa-8f92-08f9232c90c8@group-2A85AFBFB806-FollowerState] INFO  server.RaftServerConfigKeys (ConfUtils.java:logFallback(53)) - raft.server.rpc.first-election.timeout.max = 5200ms (fallback to raft.server.rpc.timeout.max)
2024-02-09 18:35:38,725 [cf8377d2-89dc-40fa-8f92-08f9232c90c8-groupManagement] INFO  server.RaftServerConfigKeys (ConfUtils.java:logGet(46)) - raft.server.snapshot.auto.trigger.enabled = true (custom)
2024-02-09 18:35:38,725 [cf8377d2-89dc-40fa-8f92-08f9232c90c8-groupManagement] INFO  server.RaftServerConfigKeys (ConfUtils.java:logGet(46)) - raft.server.snapshot.auto.trigger.threshold = 10000 (custom)
2024-02-09 18:35:38,725 [cf8377d2-89dc-40fa-8f92-08f9232c90c8-groupManagement] INFO  server.RaftServerConfigKeys (ConfUtils.java:logGet(46)) - raft.server.snapshot.retention.file.num = 5 (custom)
2024-02-09 18:35:38,725 [cf8377d2-89dc-40fa-8f92-08f9232c90c8-groupManagement] INFO  server.RaftServerConfigKeys (ConfUtils.java:logGet(46)) - raft.server.log.purge.upto.snapshot.index = false (default)
2024-02-09 18:35:38,726 [cf8377d2-89dc-40fa-8f92-08f9232c90c8-PipelineCommandHandlerThread-0] INFO  ratis.XceiverServerRatis (XceiverServerRatis.java:addGroup(864)) - Created group PipelineID=b8d98cbf-4520-496b-a0e1-2a85afbfb806
2024-02-09 18:35:38,726 [cf8377d2-89dc-40fa-8f92-08f9232c90c8-PipelineCommandHandlerThread-0] INFO  commandhandler.CreatePipelineCommandHandler (CreatePipelineCommandHandler.java:lambda$handle$2(124)) - Created Pipeline RATIS ONE PipelineID=b8d98cbf-4520-496b-a0e1-2a85afbfb806.
2024-02-09 18:35:38,726 [cf8377d2-89dc-40fa-8f92-08f9232c90c8-PipelineCommandHandlerThread-0] INFO  server.RaftServer (RaftServerProxy.java:addNew(100)) - cf8377d2-89dc-40fa-8f92-08f9232c90c8: addNew group-138E0DE0C554:[cf8377d2-89dc-40fa-8f92-08f9232c90c8|10.1.0.43:15370, 81d78f49-5211-4a7a-996b-69bb86adfbbb|10.1.0.43:15388, 7b2d406f-67a0-48ec-b7b7-fdf942b3fd04|10.1.0.43:15379] returns group-138E0DE0C554:java.util.concurrent.CompletableFuture@3a75b331[Not completed]
2024-02-09 18:35:38,727 [cf8377d2-89dc-40fa-8f92-08f9232c90c8-groupManagement] INFO  server.RaftServer$Division (RaftServerImpl.java:<init>(256)) - cf8377d2-89dc-40fa-8f92-08f9232c90c8: new RaftServerImpl for group-138E0DE0C554:[cf8377d2-89dc-40fa-8f92-08f9232c90c8|10.1.0.43:15370, 81d78f49-5211-4a7a-996b-69bb86adfbbb|10.1.0.43:15388, 7b2d406f-67a0-48ec-b7b7-fdf942b3fd04|10.1.0.43:15379] with ContainerStateMachine:uninitialized
2024-02-09 18:35:38,727 [cf8377d2-89dc-40fa-8f92-08f9232c90c8-groupManagement] INFO  server.RaftServerConfigKeys (ConfUtils.java:logGet(46)) - raft.server.rpc.timeout.min = 5s (custom)
2024-02-09 18:35:38,727 [cf8377d2-89dc-40fa-8f92-08f9232c90c8-groupManagement] INFO  server.RaftServerConfigKeys (ConfUtils.java:logGet(46)) - raft.server.rpc.timeout.max = 5200ms (custom)
2024-02-09 18:35:38,727 [cf8377d2-89dc-40fa-8f92-08f9232c90c8-groupManagement] INFO  server.RaftServerConfigKeys (ConfUtils.java:logGet(46)) - raft.server.rpc.sleep.time = 25ms (default)
2024-02-09 18:35:38,727 [cf8377d2-89dc-40fa-8f92-08f9232c90c8-groupManagement] INFO  server.RaftServerConfigKeys (ConfUtils.java:logGet(46)) - raft.server.rpc.slowness.timeout = 300000ms (custom)
2024-02-09 18:35:38,727 [cf8377d2-89dc-40fa-8f92-08f9232c90c8-groupManagement] INFO  server.RaftServerConfigKeys (ConfUtils.java:logGet(46)) - raft.server.leaderelection.leader.step-down.wait-time = 10s (default)
2024-02-09 18:35:38,727 [cf8377d2-89dc-40fa-8f92-08f9232c90c8-groupManagement] INFO  server.RaftServerConfigKeys (ConfUtils.java:logGet(46)) - raft.server.leaderelection.member.majority-add = false (default)
2024-02-09 18:35:38,727 [cf8377d2-89dc-40fa-8f92-08f9232c90c8-groupManagement] INFO  server.RaftServerConfigKeys (ConfUtils.java:logGet(46)) - raft.server.sleep.deviation.threshold = 300ms (default)
2024-02-09 18:35:38,727 [cf8377d2-89dc-40fa-8f92-08f9232c90c8-groupManagement] INFO  server.RaftServer$Division (ServerState.java:<init>(113)) - cf8377d2-89dc-40fa-8f92-08f9232c90c8@group-138E0DE0C554: ConfigurationManager, init=-1: peers:[cf8377d2-89dc-40fa-8f92-08f9232c90c8|10.1.0.43:15370, 81d78f49-5211-4a7a-996b-69bb86adfbbb|10.1.0.43:15388, 7b2d406f-67a0-48ec-b7b7-fdf942b3fd04|10.1.0.43:15379]|listeners:[], old=null, confs=<EMPTY_MAP>
2024-02-09 18:35:38,728 [cf8377d2-89dc-40fa-8f92-08f9232c90c8-groupManagement] INFO  server.RaftServerConfigKeys (ConfUtils.java:logGet(46)) - raft.server.notification.no-leader.timeout = 300000ms (custom)
2024-02-09 18:35:38,728 [cf8377d2-89dc-40fa-8f92-08f9232c90c8-groupManagement] INFO  server.RaftServerConfigKeys (ConfUtils.java:logGet(46)) - raft.server.read.timeout = 10s (default)
2024-02-09 18:35:38,728 [cf8377d2-89dc-40fa-8f92-08f9232c90c8-groupManagement] INFO  server.RaftServerConfigKeys (ConfUtils.java:logGet(46)) - raft.server.retrycache.expirytime = 600000ms (custom)
2024-02-09 18:35:38,728 [cf8377d2-89dc-40fa-8f92-08f9232c90c8-groupManagement] INFO  server.RaftServerConfigKeys (ConfUtils.java:logGet(46)) - raft.server.retrycache.statistics.expirytime = 100ms (default)
2024-02-09 18:35:38,728 [cf8377d2-89dc-40fa-8f92-08f9232c90c8-groupManagement] INFO  server.RaftServerConfigKeys (ConfUtils.java:logGet(46)) - raft.server.read.option = DEFAULT (default)
2024-02-09 18:35:38,728 [cf8377d2-89dc-40fa-8f92-08f9232c90c8-groupManagement] INFO  server.RaftServerConfigKeys (ConfUtils.java:logGet(46)) - raft.server.read.read-after-write-consistent.write-index-cache.expiry-time = 60s (default)
2024-02-09 18:35:38,730 [cf8377d2-89dc-40fa-8f92-08f9232c90c8-groupManagement] INFO  server.RaftServerConfigKeys (ConfUtils.java:logGet(46)) - raft.server.rpc.request.timeout = 3000ms (default)
2024-02-09 18:35:38,730 [cf8377d2-89dc-40fa-8f92-08f9232c90c8-groupManagement] INFO  server.RaftServerConfigKeys (ConfUtils.java:logGet(46)) - raft.server.log.appender.install.snapshot.enabled = false (custom)
2024-02-09 18:35:38,730 [cf8377d2-89dc-40fa-8f92-08f9232c90c8-groupManagement] INFO  server.RaftServerConfigKeys (ConfUtils.java:logGet(46)) - raft.server.threadpool.server.cached = true (default)
2024-02-09 18:35:38,730 [cf8377d2-89dc-40fa-8f92-08f9232c90c8-groupManagement] INFO  server.RaftServerConfigKeys (ConfUtils.java:logGet(46)) - raft.server.threadpool.server.size = 0 (default)
2024-02-09 18:35:38,730 [cf8377d2-89dc-40fa-8f92-08f9232c90c8-groupManagement] INFO  server.RaftServerConfigKeys (ConfUtils.java:logGet(46)) - raft.server.threadpool.client.cached = true (default)
2024-02-09 18:35:38,730 [cf8377d2-89dc-40fa-8f92-08f9232c90c8-groupManagement] INFO  server.RaftServerConfigKeys (ConfUtils.java:logGet(46)) - raft.server.threadpool.client.size = 0 (default)
2024-02-09 18:35:38,731 [cf8377d2-89dc-40fa-8f92-08f9232c90c8-groupManagement] INFO  server.RaftServerConfigKeys (ConfUtils.java:logGet(46)) - raft.server.storage.free-space.min = 0MB (=0) (default)
2024-02-09 18:35:38,731 [cf8377d2-89dc-40fa-8f92-08f9232c90c8-groupManagement] INFO  server.RaftServerConfigKeys (ConfUtils.java:logGet(46)) - raft.server.log.corruption.policy = EXCEPTION (default)
2024-02-09 18:35:38,731 [cf8377d2-89dc-40fa-8f92-08f9232c90c8-groupManagement] INFO  server.RaftServerConfigKeys (ConfUtils.java:logGet(46)) - raft.server.storage.dir = [/home/runner/work/ozone/ozone/hadoop-ozone/integration-test/target/test-dir/MiniOzoneClusterImpl-10a7684d-3d33-49d2-80ef-f5f5272a1eb0/datanode-0/data/ratis] (custom)
2024-02-09 18:35:38,731 [cf8377d2-89dc-40fa-8f92-08f9232c90c8-groupManagement] INFO  storage.RaftStorageDirectory (RaftStorageDirectoryImpl.java:analyzeStorage(138)) - The storage directory /home/runner/work/ozone/ozone/hadoop-ozone/integration-test/target/test-dir/MiniOzoneClusterImpl-10a7684d-3d33-49d2-80ef-f5f5272a1eb0/datanode-0/data/ratis/b1a77248-3b90-49fe-ace1-138e0de0c554 does not exist. Creating ...
2024-02-09 18:35:38,732 [cf8377d2-89dc-40fa-8f92-08f9232c90c8-groupManagement] INFO  storage.RaftStorageDirectory (RaftStorageDirectoryImpl.java:tryLock(228)) - Lock on /home/runner/work/ozone/ozone/hadoop-ozone/integration-test/target/test-dir/MiniOzoneClusterImpl-10a7684d-3d33-49d2-80ef-f5f5272a1eb0/datanode-0/data/ratis/b1a77248-3b90-49fe-ace1-138e0de0c554/in_use.lock acquired by nodename 37674@fv-az1241-572
2024-02-09 18:35:38,733 [cf8377d2-89dc-40fa-8f92-08f9232c90c8-groupManagement] INFO  storage.RaftStorage (RaftStorageImpl.java:format(99)) - Storage directory /home/runner/work/ozone/ozone/hadoop-ozone/integration-test/target/test-dir/MiniOzoneClusterImpl-10a7684d-3d33-49d2-80ef-f5f5272a1eb0/datanode-0/data/ratis/b1a77248-3b90-49fe-ace1-138e0de0c554 has been successfully formatted.
2024-02-09 18:35:38,733 [cf8377d2-89dc-40fa-8f92-08f9232c90c8-groupManagement] WARN  util.FileUtils (LogUtils.java:supplyAndLog(63)) - Failed to Files.newInputStream /home/runner/work/ozone/ozone/hadoop-ozone/integration-test/target/test-dir/MiniOzoneClusterImpl-10a7684d-3d33-49d2-80ef-f5f5272a1eb0/datanode-0/data/ratis/b1a77248-3b90-49fe-ace1-138e0de0c554/current/raft-meta.conf with options []: java.nio.file.NoSuchFileException: /home/runner/work/ozone/ozone/hadoop-ozone/integration-test/target/test-dir/MiniOzoneClusterImpl-10a7684d-3d33-49d2-80ef-f5f5272a1eb0/datanode-0/data/ratis/b1a77248-3b90-49fe-ace1-138e0de0c554/current/raft-meta.conf
2024-02-09 18:35:38,733 [cf8377d2-89dc-40fa-8f92-08f9232c90c8-groupManagement] INFO  ratis.ContainerStateMachine (ContainerStateMachine.java:loadSnapshot(287)) - group-138E0DE0C554: The snapshot info is null. Setting the last applied index to:(t:0, i:~)
2024-02-09 18:35:38,733 [cf8377d2-89dc-40fa-8f92-08f9232c90c8-groupManagement] INFO  server.RaftServerConfigKeys (ConfUtils.java:logGet(46)) - raft.server.log.use.memory = false (default)
2024-02-09 18:35:38,733 [cf8377d2-89dc-40fa-8f92-08f9232c90c8-groupManagement] INFO  server.RaftServerConfigKeys (ConfUtils.java:logGet(46)) - raft.server.log.purge.gap = 1000000 (custom)
2024-02-09 18:35:38,733 [cf8377d2-89dc-40fa-8f92-08f9232c90c8-groupManagement] INFO  server.RaftServerConfigKeys (ConfUtils.java:logGet(46)) - raft.server.log.appender.buffer.byte-limit = 8388608 (custom)
2024-02-09 18:35:38,733 [cf8377d2-89dc-40fa-8f92-08f9232c90c8-groupManagement] INFO  server.RaftServerConfigKeys (ConfUtils.java:logGet(46)) - raft.server.log.statemachine.data.read.timeout = 1000ms (default)
2024-02-09 18:35:38,733 [cf8377d2-89dc-40fa-8f92-08f9232c90c8-groupManagement] INFO  server.RaftServerConfigKeys (ConfUtils.java:logGet(46)) - raft.server.log.purge.preservation.log.num = 0 (default)
2024-02-09 18:35:38,735 [cf8377d2-89dc-40fa-8f92-08f9232c90c8-groupManagement] INFO  server.RaftServerConfigKeys (ConfUtils.java:logGet(46)) - raft.server.log.segment.size.max = 67108864 (custom)
2024-02-09 18:35:38,735 [cf8377d2-89dc-40fa-8f92-08f9232c90c8-groupManagement] INFO  server.RaftServerConfigKeys (ConfUtils.java:logGet(46)) - raft.server.log.segment.cache.num.max = 2 (custom)
2024-02-09 18:35:38,735 [cf8377d2-89dc-40fa-8f92-08f9232c90c8-groupManagement] INFO  server.RaftServerConfigKeys (ConfUtils.java:logGet(46)) - raft.server.log.segment.cache.size.max = 200MB (=209715200) (default)
2024-02-09 18:35:38,735 [cf8377d2-89dc-40fa-8f92-08f9232c90c8-groupManagement] INFO  server.RaftServerConfigKeys (ConfUtils.java:logGet(46)) - raft.server.log.appender.buffer.byte-limit = 8388608 (custom)
2024-02-09 18:35:38,735 [EventQueue-OpenPipelineForHealthyPipelineSafeModeRule] INFO  safemode.SCMSafeModeManager (HealthyPipelineSafeModeRule.java:process(140)) - SCM in safe mode. Healthy pipelines reported count is 0, required healthy pipeline reported count is 1
2024-02-09 18:35:38,736 [cf8377d2-89dc-40fa-8f92-08f9232c90c8-groupManagement] INFO  util.AwaitToRun (AwaitToRun.java:start(81)) - Thread[cf8377d2-89dc-40fa-8f92-08f9232c90c8@group-138E0DE0C554-cacheEviction-AwaitToRun,5,main] started
2024-02-09 18:35:38,736 [cf8377d2-89dc-40fa-8f92-08f9232c90c8-groupManagement] INFO  segmented.SegmentedRaftLogWorker (SegmentedRaftLogWorker.java:<init>(182)) - new cf8377d2-89dc-40fa-8f92-08f9232c90c8@group-138E0DE0C554-SegmentedRaftLogWorker for RaftStorageImpl:Storage Directory /home/runner/work/ozone/ozone/hadoop-ozone/integration-test/target/test-dir/MiniOzoneClusterImpl-10a7684d-3d33-49d2-80ef-f5f5272a1eb0/datanode-0/data/ratis/b1a77248-3b90-49fe-ace1-138e0de0c554
2024-02-09 18:35:38,736 [cf8377d2-89dc-40fa-8f92-08f9232c90c8-groupManagement] INFO  server.RaftServerConfigKeys (ConfUtils.java:logGet(46)) - raft.server.log.queue.byte-limit = 4294967296 (custom)
2024-02-09 18:35:38,736 [cf8377d2-89dc-40fa-8f92-08f9232c90c8-groupManagement] INFO  server.RaftServerConfigKeys (ConfUtils.java:logGet(46)) - raft.server.log.queue.element-limit = 1024 (custom)
2024-02-09 18:35:38,736 [cf8377d2-89dc-40fa-8f92-08f9232c90c8-groupManagement] INFO  server.RaftServerConfigKeys (ConfUtils.java:logGet(46)) - raft.server.log.segment.size.max = 67108864 (custom)
2024-02-09 18:35:38,736 [cf8377d2-89dc-40fa-8f92-08f9232c90c8-groupManagement] INFO  server.RaftServerConfigKeys (ConfUtils.java:logGet(46)) - raft.server.log.preallocated.size = 4194304 (custom)
2024-02-09 18:35:38,736 [cf8377d2-89dc-40fa-8f92-08f9232c90c8-groupManagement] INFO  server.RaftServerConfigKeys (ConfUtils.java:logGet(46)) - raft.server.log.force.sync.num = 128 (default)
2024-02-09 18:35:38,736 [cf8377d2-89dc-40fa-8f92-08f9232c90c8-groupManagement] INFO  server.RaftServerConfigKeys (ConfUtils.java:logGet(46)) - raft.server.log.statemachine.data.sync = true (default)
2024-02-09 18:35:38,736 [cf8377d2-89dc-40fa-8f92-08f9232c90c8-groupManagement] INFO  server.RaftServerConfigKeys (ConfUtils.java:logGet(46)) - raft.server.log.statemachine.data.sync.timeout = 10s (default)
2024-02-09 18:35:38,736 [cf8377d2-89dc-40fa-8f92-08f9232c90c8-groupManagement] INFO  server.RaftServerConfigKeys (ConfUtils.java:logGet(46)) - raft.server.log.statemachine.data.sync.timeout.retry = 0 (custom)
2024-02-09 18:35:38,736 [cf8377d2-89dc-40fa-8f92-08f9232c90c8-groupManagement] INFO  server.RaftServerConfigKeys (ConfUtils.java:logGet(46)) - raft.server.log.write.buffer.size = 8388616 (custom)
2024-02-09 18:35:38,739 [cf8377d2-89dc-40fa-8f92-08f9232c90c8-groupManagement] INFO  server.RaftServerConfigKeys (ConfUtils.java:logGet(46)) - raft.server.log.appender.buffer.byte-limit = 8388608 (custom)
2024-02-09 18:35:38,739 [cf8377d2-89dc-40fa-8f92-08f9232c90c8-groupManagement] INFO  server.RaftServerConfigKeys (ConfUtils.java:logGet(46)) - raft.server.log.unsafe-flush.enabled = false (default)
2024-02-09 18:35:38,739 [cf8377d2-89dc-40fa-8f92-08f9232c90c8-groupManagement] INFO  server.RaftServerConfigKeys (ConfUtils.java:logGet(46)) - raft.server.log.async-flush.enabled = false (default)
2024-02-09 18:35:38,740 [cf8377d2-89dc-40fa-8f92-08f9232c90c8-groupManagement] INFO  server.RaftServerConfigKeys (ConfUtils.java:logGet(46)) - raft.server.log.statemachine.data.caching.enabled = true (custom)
2024-02-09 18:35:38,740 [cf8377d2-89dc-40fa-8f92-08f9232c90c8-groupManagement] INFO  segmented.SegmentedRaftLogWorker (SegmentedRaftLogWorker.java:lambda$new$0(134)) - cf8377d2-89dc-40fa-8f92-08f9232c90c8@group-138E0DE0C554-SegmentedRaftLogWorker: flushIndex: setUnconditionally 0 -> -1
2024-02-09 18:35:38,740 [cf8377d2-89dc-40fa-8f92-08f9232c90c8-groupManagement] INFO  segmented.SegmentedRaftLogWorker (SegmentedRaftLogWorker.java:lambda$new$0(134)) - cf8377d2-89dc-40fa-8f92-08f9232c90c8@group-138E0DE0C554-SegmentedRaftLogWorker: safeCacheEvictIndex: setUnconditionally 0 -> -1
2024-02-09 18:35:38,740 [cf8377d2-89dc-40fa-8f92-08f9232c90c8-groupManagement] INFO  server.RaftServer$Division (RaftServerImpl.java:start(396)) - cf8377d2-89dc-40fa-8f92-08f9232c90c8@group-138E0DE0C554: start as a follower, conf=-1: peers:[cf8377d2-89dc-40fa-8f92-08f9232c90c8|10.1.0.43:15370, 81d78f49-5211-4a7a-996b-69bb86adfbbb|10.1.0.43:15388, 7b2d406f-67a0-48ec-b7b7-fdf942b3fd04|10.1.0.43:15379]|listeners:[], old=null
2024-02-09 18:35:38,740 [cf8377d2-89dc-40fa-8f92-08f9232c90c8-groupManagement] INFO  server.RaftServer$Division (RaftServerImpl.java:setRole(383)) - cf8377d2-89dc-40fa-8f92-08f9232c90c8@group-138E0DE0C554: changes role from      null to FOLLOWER at term 0 for startAsFollower
2024-02-09 18:35:38,740 [cf8377d2-89dc-40fa-8f92-08f9232c90c8-groupManagement] INFO  impl.RoleInfo (RoleInfo.java:updateAndGet(139)) - cf8377d2-89dc-40fa-8f92-08f9232c90c8: start cf8377d2-89dc-40fa-8f92-08f9232c90c8@group-138E0DE0C554-FollowerState
2024-02-09 18:35:38,740 [cf8377d2-89dc-40fa-8f92-08f9232c90c8@group-138E0DE0C554-FollowerState] INFO  server.RaftServerConfigKeys (ConfUtils.java:logFallback(53)) - raft.server.rpc.first-election.timeout.min = 5s (fallback to raft.server.rpc.timeout.min)
2024-02-09 18:35:38,740 [cf8377d2-89dc-40fa-8f92-08f9232c90c8-groupManagement] INFO  util.JmxRegister (JmxRegister.java:tryRegister(44)) - Successfully registered JMX Bean with object name Ratis:service=RaftServer,group=group-138E0DE0C554,id=cf8377d2-89dc-40fa-8f92-08f9232c90c8
2024-02-09 18:35:38,740 [cf8377d2-89dc-40fa-8f92-08f9232c90c8@group-138E0DE0C554-FollowerState] INFO  server.RaftServerConfigKeys (ConfUtils.java:logFallback(53)) - raft.server.rpc.first-election.timeout.max = 5200ms (fallback to raft.server.rpc.timeout.max)
2024-02-09 18:35:38,740 [cf8377d2-89dc-40fa-8f92-08f9232c90c8-groupManagement] INFO  server.RaftServerConfigKeys (ConfUtils.java:logGet(46)) - raft.server.snapshot.trigger-when-stop.enabled = true (default)
2024-02-09 18:35:38,741 [cf8377d2-89dc-40fa-8f92-08f9232c90c8-groupManagement] INFO  server.RaftServerConfigKeys (ConfUtils.java:logGet(46)) - raft.server.snapshot.auto.trigger.enabled = true (custom)
2024-02-09 18:35:38,741 [cf8377d2-89dc-40fa-8f92-08f9232c90c8-groupManagement] INFO  server.RaftServerConfigKeys (ConfUtils.java:logGet(46)) - raft.server.snapshot.auto.trigger.threshold = 10000 (custom)
2024-02-09 18:35:38,741 [cf8377d2-89dc-40fa-8f92-08f9232c90c8-groupManagement] INFO  server.RaftServerConfigKeys (ConfUtils.java:logGet(46)) - raft.server.snapshot.retention.file.num = 5 (custom)
2024-02-09 18:35:38,741 [cf8377d2-89dc-40fa-8f92-08f9232c90c8-groupManagement] INFO  server.RaftServerConfigKeys (ConfUtils.java:logGet(46)) - raft.server.log.purge.upto.snapshot.index = false (default)
2024-02-09 18:35:38,741 [cf8377d2-89dc-40fa-8f92-08f9232c90c8-PipelineCommandHandlerThread-0] INFO  ratis.XceiverServerRatis (XceiverServerRatis.java:addGroup(864)) - Created group PipelineID=b1a77248-3b90-49fe-ace1-138e0de0c554
2024-02-09 18:35:38,747 [grpc-default-executor-7] INFO  server.RaftServer (RaftServerProxy.java:addNew(100)) - 7b2d406f-67a0-48ec-b7b7-fdf942b3fd04: addNew group-138E0DE0C554:[cf8377d2-89dc-40fa-8f92-08f9232c90c8|10.1.0.43:15370, 81d78f49-5211-4a7a-996b-69bb86adfbbb|10.1.0.43:15388, 7b2d406f-67a0-48ec-b7b7-fdf942b3fd04|10.1.0.43:15379] returns group-138E0DE0C554:java.util.concurrent.CompletableFuture@3a73a1c7[Not completed]
2024-02-09 18:35:38,748 [7b2d406f-67a0-48ec-b7b7-fdf942b3fd04-groupManagement] INFO  server.RaftServer$Division (RaftServerImpl.java:<init>(256)) - 7b2d406f-67a0-48ec-b7b7-fdf942b3fd04: new RaftServerImpl for group-138E0DE0C554:[cf8377d2-89dc-40fa-8f92-08f9232c90c8|10.1.0.43:15370, 81d78f49-5211-4a7a-996b-69bb86adfbbb|10.1.0.43:15388, 7b2d406f-67a0-48ec-b7b7-fdf942b3fd04|10.1.0.43:15379] with ContainerStateMachine:uninitialized
2024-02-09 18:35:38,748 [7b2d406f-67a0-48ec-b7b7-fdf942b3fd04-groupManagement] INFO  server.RaftServerConfigKeys (ConfUtils.java:logGet(46)) - raft.server.rpc.timeout.min = 5s (custom)
2024-02-09 18:35:38,748 [7b2d406f-67a0-48ec-b7b7-fdf942b3fd04-groupManagement] INFO  server.RaftServerConfigKeys (ConfUtils.java:logGet(46)) - raft.server.rpc.timeout.max = 5200ms (custom)
2024-02-09 18:35:38,748 [7b2d406f-67a0-48ec-b7b7-fdf942b3fd04-groupManagement] INFO  server.RaftServerConfigKeys (ConfUtils.java:logGet(46)) - raft.server.rpc.sleep.time = 25ms (default)
2024-02-09 18:35:38,748 [7b2d406f-67a0-48ec-b7b7-fdf942b3fd04-groupManagement] INFO  server.RaftServerConfigKeys (ConfUtils.java:logGet(46)) - raft.server.rpc.slowness.timeout = 300000ms (custom)
2024-02-09 18:35:38,748 [7b2d406f-67a0-48ec-b7b7-fdf942b3fd04-groupManagement] INFO  server.RaftServerConfigKeys (ConfUtils.java:logGet(46)) - raft.server.leaderelection.leader.step-down.wait-time = 10s (default)
2024-02-09 18:35:38,748 [7b2d406f-67a0-48ec-b7b7-fdf942b3fd04-groupManagement] INFO  server.RaftServerConfigKeys (ConfUtils.java:logGet(46)) - raft.server.leaderelection.member.majority-add = false (default)
2024-02-09 18:35:38,748 [7b2d406f-67a0-48ec-b7b7-fdf942b3fd04-groupManagement] INFO  server.RaftServerConfigKeys (ConfUtils.java:logGet(46)) - raft.server.sleep.deviation.threshold = 300ms (default)
2024-02-09 18:35:38,748 [7b2d406f-67a0-48ec-b7b7-fdf942b3fd04-groupManagement] INFO  server.RaftServer$Division (ServerState.java:<init>(113)) - 7b2d406f-67a0-48ec-b7b7-fdf942b3fd04@group-138E0DE0C554: ConfigurationManager, init=-1: peers:[cf8377d2-89dc-40fa-8f92-08f9232c90c8|10.1.0.43:15370, 81d78f49-5211-4a7a-996b-69bb86adfbbb|10.1.0.43:15388, 7b2d406f-67a0-48ec-b7b7-fdf942b3fd04|10.1.0.43:15379]|listeners:[], old=null, confs=<EMPTY_MAP>
2024-02-09 18:35:38,748 [7b2d406f-67a0-48ec-b7b7-fdf942b3fd04-groupManagement] INFO  server.RaftServerConfigKeys (ConfUtils.java:logGet(46)) - raft.server.notification.no-leader.timeout = 300000ms (custom)
2024-02-09 18:35:38,748 [7b2d406f-67a0-48ec-b7b7-fdf942b3fd04-groupManagement] INFO  server.RaftServerConfigKeys (ConfUtils.java:logGet(46)) - raft.server.read.timeout = 10s (default)
2024-02-09 18:35:38,748 [7b2d406f-67a0-48ec-b7b7-fdf942b3fd04-groupManagement] INFO  server.RaftServerConfigKeys (ConfUtils.java:logGet(46)) - raft.server.retrycache.expirytime = 600000ms (custom)
2024-02-09 18:35:38,748 [7b2d406f-67a0-48ec-b7b7-fdf942b3fd04-groupManagement] INFO  server.RaftServerConfigKeys (ConfUtils.java:logGet(46)) - raft.server.retrycache.statistics.expirytime = 100ms (default)
2024-02-09 18:35:38,748 [7b2d406f-67a0-48ec-b7b7-fdf942b3fd04-groupManagement] INFO  server.RaftServerConfigKeys (ConfUtils.java:logGet(46)) - raft.server.read.option = DEFAULT (default)
2024-02-09 18:35:38,748 [7b2d406f-67a0-48ec-b7b7-fdf942b3fd04-groupManagement] INFO  server.RaftServerConfigKeys (ConfUtils.java:logGet(46)) - raft.server.read.read-after-write-consistent.write-index-cache.expiry-time = 60s (default)
2024-02-09 18:35:38,749 [7b2d406f-67a0-48ec-b7b7-fdf942b3fd04-groupManagement] INFO  server.RaftServerConfigKeys (ConfUtils.java:logGet(46)) - raft.server.rpc.request.timeout = 3000ms (default)
2024-02-09 18:35:38,750 [7b2d406f-67a0-48ec-b7b7-fdf942b3fd04-groupManagement] INFO  server.RaftServerConfigKeys (ConfUtils.java:logGet(46)) - raft.server.log.appender.install.snapshot.enabled = false (custom)
2024-02-09 18:35:38,750 [7b2d406f-67a0-48ec-b7b7-fdf942b3fd04-groupManagement] INFO  server.RaftServerConfigKeys (ConfUtils.java:logGet(46)) - raft.server.threadpool.server.cached = true (default)
2024-02-09 18:35:38,750 [7b2d406f-67a0-48ec-b7b7-fdf942b3fd04-groupManagement] INFO  server.RaftServerConfigKeys (ConfUtils.java:logGet(46)) - raft.server.threadpool.server.size = 0 (default)
2024-02-09 18:35:38,750 [7b2d406f-67a0-48ec-b7b7-fdf942b3fd04-groupManagement] INFO  server.RaftServerConfigKeys (ConfUtils.java:logGet(46)) - raft.server.threadpool.client.cached = true (default)
2024-02-09 18:35:38,750 [7b2d406f-67a0-48ec-b7b7-fdf942b3fd04-groupManagement] INFO  server.RaftServerConfigKeys (ConfUtils.java:logGet(46)) - raft.server.threadpool.client.size = 0 (default)
2024-02-09 18:35:38,750 [7b2d406f-67a0-48ec-b7b7-fdf942b3fd04-groupManagement] INFO  server.RaftServerConfigKeys (ConfUtils.java:logGet(46)) - raft.server.storage.free-space.min = 0MB (=0) (default)
2024-02-09 18:35:38,750 [7b2d406f-67a0-48ec-b7b7-fdf942b3fd04-groupManagement] INFO  server.RaftServerConfigKeys (ConfUtils.java:logGet(46)) - raft.server.log.corruption.policy = EXCEPTION (default)
2024-02-09 18:35:38,750 [7b2d406f-67a0-48ec-b7b7-fdf942b3fd04-groupManagement] INFO  server.RaftServerConfigKeys (ConfUtils.java:logGet(46)) - raft.server.storage.dir = [/home/runner/work/ozone/ozone/hadoop-ozone/integration-test/target/test-dir/MiniOzoneClusterImpl-10a7684d-3d33-49d2-80ef-f5f5272a1eb0/datanode-1/data/ratis] (custom)
2024-02-09 18:35:38,750 [7b2d406f-67a0-48ec-b7b7-fdf942b3fd04-groupManagement] INFO  storage.RaftStorageDirectory (RaftStorageDirectoryImpl.java:analyzeStorage(138)) - The storage directory /home/runner/work/ozone/ozone/hadoop-ozone/integration-test/target/test-dir/MiniOzoneClusterImpl-10a7684d-3d33-49d2-80ef-f5f5272a1eb0/datanode-1/data/ratis/b1a77248-3b90-49fe-ace1-138e0de0c554 does not exist. Creating ...
2024-02-09 18:35:38,751 [7b2d406f-67a0-48ec-b7b7-fdf942b3fd04-groupManagement] INFO  storage.RaftStorageDirectory (RaftStorageDirectoryImpl.java:tryLock(228)) - Lock on /home/runner/work/ozone/ozone/hadoop-ozone/integration-test/target/test-dir/MiniOzoneClusterImpl-10a7684d-3d33-49d2-80ef-f5f5272a1eb0/datanode-1/data/ratis/b1a77248-3b90-49fe-ace1-138e0de0c554/in_use.lock acquired by nodename 37674@fv-az1241-572
2024-02-09 18:35:38,752 [7b2d406f-67a0-48ec-b7b7-fdf942b3fd04-groupManagement] INFO  storage.RaftStorage (RaftStorageImpl.java:format(99)) - Storage directory /home/runner/work/ozone/ozone/hadoop-ozone/integration-test/target/test-dir/MiniOzoneClusterImpl-10a7684d-3d33-49d2-80ef-f5f5272a1eb0/datanode-1/data/ratis/b1a77248-3b90-49fe-ace1-138e0de0c554 has been successfully formatted.
2024-02-09 18:35:38,752 [7b2d406f-67a0-48ec-b7b7-fdf942b3fd04-groupManagement] WARN  util.FileUtils (LogUtils.java:supplyAndLog(63)) - Failed to Files.newInputStream /home/runner/work/ozone/ozone/hadoop-ozone/integration-test/target/test-dir/MiniOzoneClusterImpl-10a7684d-3d33-49d2-80ef-f5f5272a1eb0/datanode-1/data/ratis/b1a77248-3b90-49fe-ace1-138e0de0c554/current/raft-meta.conf with options []: java.nio.file.NoSuchFileException: /home/runner/work/ozone/ozone/hadoop-ozone/integration-test/target/test-dir/MiniOzoneClusterImpl-10a7684d-3d33-49d2-80ef-f5f5272a1eb0/datanode-1/data/ratis/b1a77248-3b90-49fe-ace1-138e0de0c554/current/raft-meta.conf
2024-02-09 18:35:38,753 [7b2d406f-67a0-48ec-b7b7-fdf942b3fd04-groupManagement] INFO  ratis.ContainerStateMachine (ContainerStateMachine.java:loadSnapshot(287)) - group-138E0DE0C554: The snapshot info is null. Setting the last applied index to:(t:0, i:~)
2024-02-09 18:35:38,753 [7b2d406f-67a0-48ec-b7b7-fdf942b3fd04-groupManagement] INFO  server.RaftServerConfigKeys (ConfUtils.java:logGet(46)) - raft.server.log.use.memory = false (default)
2024-02-09 18:35:38,753 [7b2d406f-67a0-48ec-b7b7-fdf942b3fd04-groupManagement] INFO  server.RaftServerConfigKeys (ConfUtils.java:logGet(46)) - raft.server.log.purge.gap = 1000000 (custom)
2024-02-09 18:35:38,753 [7b2d406f-67a0-48ec-b7b7-fdf942b3fd04-groupManagement] INFO  server.RaftServerConfigKeys (ConfUtils.java:logGet(46)) - raft.server.log.appender.buffer.byte-limit = 8388608 (custom)
2024-02-09 18:35:38,753 [7b2d406f-67a0-48ec-b7b7-fdf942b3fd04-groupManagement] INFO  server.RaftServerConfigKeys (ConfUtils.java:logGet(46)) - raft.server.log.statemachine.data.read.timeout = 1000ms (default)
2024-02-09 18:35:38,753 [7b2d406f-67a0-48ec-b7b7-fdf942b3fd04-groupManagement] INFO  server.RaftServerConfigKeys (ConfUtils.java:logGet(46)) - raft.server.log.purge.preservation.log.num = 0 (default)
2024-02-09 18:35:38,754 [7b2d406f-67a0-48ec-b7b7-fdf942b3fd04-groupManagement] INFO  server.RaftServerConfigKeys (ConfUtils.java:logGet(46)) - raft.server.log.segment.size.max = 67108864 (custom)
2024-02-09 18:35:38,754 [7b2d406f-67a0-48ec-b7b7-fdf942b3fd04-groupManagement] INFO  server.RaftServerConfigKeys (ConfUtils.java:logGet(46)) - raft.server.log.segment.cache.num.max = 2 (custom)
2024-02-09 18:35:38,754 [7b2d406f-67a0-48ec-b7b7-fdf942b3fd04-groupManagement] INFO  server.RaftServerConfigKeys (ConfUtils.java:logGet(46)) - raft.server.log.segment.cache.size.max = 200MB (=209715200) (default)
2024-02-09 18:35:38,754 [7b2d406f-67a0-48ec-b7b7-fdf942b3fd04-groupManagement] INFO  server.RaftServerConfigKeys (ConfUtils.java:logGet(46)) - raft.server.log.appender.buffer.byte-limit = 8388608 (custom)
2024-02-09 18:35:38,755 [7b2d406f-67a0-48ec-b7b7-fdf942b3fd04-groupManagement] INFO  util.AwaitToRun (AwaitToRun.java:start(81)) - Thread[7b2d406f-67a0-48ec-b7b7-fdf942b3fd04@group-138E0DE0C554-cacheEviction-AwaitToRun,5,main] started
2024-02-09 18:35:38,755 [7b2d406f-67a0-48ec-b7b7-fdf942b3fd04-groupManagement] INFO  segmented.SegmentedRaftLogWorker (SegmentedRaftLogWorker.java:<init>(182)) - new 7b2d406f-67a0-48ec-b7b7-fdf942b3fd04@group-138E0DE0C554-SegmentedRaftLogWorker for RaftStorageImpl:Storage Directory /home/runner/work/ozone/ozone/hadoop-ozone/integration-test/target/test-dir/MiniOzoneClusterImpl-10a7684d-3d33-49d2-80ef-f5f5272a1eb0/datanode-1/data/ratis/b1a77248-3b90-49fe-ace1-138e0de0c554
2024-02-09 18:35:38,755 [7b2d406f-67a0-48ec-b7b7-fdf942b3fd04-groupManagement] INFO  server.RaftServerConfigKeys (ConfUtils.java:logGet(46)) - raft.server.log.queue.byte-limit = 4294967296 (custom)
2024-02-09 18:35:38,755 [7b2d406f-67a0-48ec-b7b7-fdf942b3fd04-groupManagement] INFO  server.RaftServerConfigKeys (ConfUtils.java:logGet(46)) - raft.server.log.queue.element-limit = 1024 (custom)
2024-02-09 18:35:38,755 [7b2d406f-67a0-48ec-b7b7-fdf942b3fd04-groupManagement] INFO  server.RaftServerConfigKeys (ConfUtils.java:logGet(46)) - raft.server.log.segment.size.max = 67108864 (custom)
2024-02-09 18:35:38,755 [7b2d406f-67a0-48ec-b7b7-fdf942b3fd04-groupManagement] INFO  server.RaftServerConfigKeys (ConfUtils.java:logGet(46)) - raft.server.log.preallocated.size = 4194304 (custom)
2024-02-09 18:35:38,755 [7b2d406f-67a0-48ec-b7b7-fdf942b3fd04-groupManagement] INFO  server.RaftServerConfigKeys (ConfUtils.java:logGet(46)) - raft.server.log.force.sync.num = 128 (default)
2024-02-09 18:35:38,755 [7b2d406f-67a0-48ec-b7b7-fdf942b3fd04-groupManagement] INFO  server.RaftServerConfigKeys (ConfUtils.java:logGet(46)) - raft.server.log.statemachine.data.sync = true (default)
2024-02-09 18:35:38,756 [7b2d406f-67a0-48ec-b7b7-fdf942b3fd04-groupManagement] INFO  server.RaftServerConfigKeys (ConfUtils.java:logGet(46)) - raft.server.log.statemachine.data.sync.timeout = 10s (default)
2024-02-09 18:35:38,756 [7b2d406f-67a0-48ec-b7b7-fdf942b3fd04-groupManagement] INFO  server.RaftServerConfigKeys (ConfUtils.java:logGet(46)) - raft.server.log.statemachine.data.sync.timeout.retry = 0 (custom)
2024-02-09 18:35:38,756 [7b2d406f-67a0-48ec-b7b7-fdf942b3fd04-groupManagement] INFO  server.RaftServerConfigKeys (ConfUtils.java:logGet(46)) - raft.server.log.write.buffer.size = 8388616 (custom)
2024-02-09 18:35:38,757 [7b2d406f-67a0-48ec-b7b7-fdf942b3fd04-groupManagement] INFO  server.RaftServerConfigKeys (ConfUtils.java:logGet(46)) - raft.server.log.appender.buffer.byte-limit = 8388608 (custom)
2024-02-09 18:35:38,757 [7b2d406f-67a0-48ec-b7b7-fdf942b3fd04-groupManagement] INFO  server.RaftServerConfigKeys (ConfUtils.java:logGet(46)) - raft.server.log.unsafe-flush.enabled = false (default)
2024-02-09 18:35:38,757 [7b2d406f-67a0-48ec-b7b7-fdf942b3fd04-groupManagement] INFO  server.RaftServerConfigKeys (ConfUtils.java:logGet(46)) - raft.server.log.async-flush.enabled = false (default)
2024-02-09 18:35:38,757 [7b2d406f-67a0-48ec-b7b7-fdf942b3fd04-groupManagement] INFO  server.RaftServerConfigKeys (ConfUtils.java:logGet(46)) - raft.server.log.statemachine.data.caching.enabled = true (custom)
2024-02-09 18:35:38,757 [7b2d406f-67a0-48ec-b7b7-fdf942b3fd04-groupManagement] INFO  segmented.SegmentedRaftLogWorker (SegmentedRaftLogWorker.java:lambda$new$0(134)) - 7b2d406f-67a0-48ec-b7b7-fdf942b3fd04@group-138E0DE0C554-SegmentedRaftLogWorker: flushIndex: setUnconditionally 0 -> -1
2024-02-09 18:35:38,757 [7b2d406f-67a0-48ec-b7b7-fdf942b3fd04-groupManagement] INFO  segmented.SegmentedRaftLogWorker (SegmentedRaftLogWorker.java:lambda$new$0(134)) - 7b2d406f-67a0-48ec-b7b7-fdf942b3fd04@group-138E0DE0C554-SegmentedRaftLogWorker: safeCacheEvictIndex: setUnconditionally 0 -> -1
2024-02-09 18:35:38,757 [7b2d406f-67a0-48ec-b7b7-fdf942b3fd04-groupManagement] INFO  server.RaftServer$Division (RaftServerImpl.java:start(396)) - 7b2d406f-67a0-48ec-b7b7-fdf942b3fd04@group-138E0DE0C554: start as a follower, conf=-1: peers:[cf8377d2-89dc-40fa-8f92-08f9232c90c8|10.1.0.43:15370, 81d78f49-5211-4a7a-996b-69bb86adfbbb|10.1.0.43:15388, 7b2d406f-67a0-48ec-b7b7-fdf942b3fd04|10.1.0.43:15379]|listeners:[], old=null
2024-02-09 18:35:38,757 [7b2d406f-67a0-48ec-b7b7-fdf942b3fd04-groupManagement] INFO  server.RaftServer$Division (RaftServerImpl.java:setRole(383)) - 7b2d406f-67a0-48ec-b7b7-fdf942b3fd04@group-138E0DE0C554: changes role from      null to FOLLOWER at term 0 for startAsFollower
2024-02-09 18:35:38,757 [7b2d406f-67a0-48ec-b7b7-fdf942b3fd04-groupManagement] INFO  impl.RoleInfo (RoleInfo.java:updateAndGet(139)) - 7b2d406f-67a0-48ec-b7b7-fdf942b3fd04: start 7b2d406f-67a0-48ec-b7b7-fdf942b3fd04@group-138E0DE0C554-FollowerState
2024-02-09 18:35:38,758 [7b2d406f-67a0-48ec-b7b7-fdf942b3fd04-groupManagement] INFO  util.JmxRegister (JmxRegister.java:tryRegister(44)) - Successfully registered JMX Bean with object name Ratis:service=RaftServer,group=group-138E0DE0C554,id=7b2d406f-67a0-48ec-b7b7-fdf942b3fd04
2024-02-09 18:35:38,758 [7b2d406f-67a0-48ec-b7b7-fdf942b3fd04@group-138E0DE0C554-FollowerState] INFO  server.RaftServerConfigKeys (ConfUtils.java:logFallback(53)) - raft.server.rpc.first-election.timeout.min = 5s (fallback to raft.server.rpc.timeout.min)
2024-02-09 18:35:38,758 [7b2d406f-67a0-48ec-b7b7-fdf942b3fd04-groupManagement] INFO  server.RaftServerConfigKeys (ConfUtils.java:logGet(46)) - raft.server.snapshot.trigger-when-stop.enabled = true (default)
2024-02-09 18:35:38,758 [7b2d406f-67a0-48ec-b7b7-fdf942b3fd04@group-138E0DE0C554-FollowerState] INFO  server.RaftServerConfigKeys (ConfUtils.java:logFallback(53)) - raft.server.rpc.first-election.timeout.max = 5200ms (fallback to raft.server.rpc.timeout.max)
2024-02-09 18:35:38,758 [7b2d406f-67a0-48ec-b7b7-fdf942b3fd04-groupManagement] INFO  server.RaftServerConfigKeys (ConfUtils.java:logGet(46)) - raft.server.snapshot.auto.trigger.enabled = true (custom)
2024-02-09 18:35:38,758 [7b2d406f-67a0-48ec-b7b7-fdf942b3fd04-groupManagement] INFO  server.RaftServerConfigKeys (ConfUtils.java:logGet(46)) - raft.server.snapshot.auto.trigger.threshold = 10000 (custom)
2024-02-09 18:35:38,758 [7b2d406f-67a0-48ec-b7b7-fdf942b3fd04-groupManagement] INFO  server.RaftServerConfigKeys (ConfUtils.java:logGet(46)) - raft.server.snapshot.retention.file.num = 5 (custom)
2024-02-09 18:35:38,758 [7b2d406f-67a0-48ec-b7b7-fdf942b3fd04-groupManagement] INFO  server.RaftServerConfigKeys (ConfUtils.java:logGet(46)) - raft.server.log.purge.upto.snapshot.index = false (default)
2024-02-09 18:35:38,765 [grpc-default-executor-7] INFO  server.RaftServer (RaftServerProxy.java:addNew(100)) - 81d78f49-5211-4a7a-996b-69bb86adfbbb: addNew group-138E0DE0C554:[cf8377d2-89dc-40fa-8f92-08f9232c90c8|10.1.0.43:15370, 81d78f49-5211-4a7a-996b-69bb86adfbbb|10.1.0.43:15388, 7b2d406f-67a0-48ec-b7b7-fdf942b3fd04|10.1.0.43:15379] returns group-138E0DE0C554:java.util.concurrent.CompletableFuture@e11fdf8[Not completed]
2024-02-09 18:35:38,765 [81d78f49-5211-4a7a-996b-69bb86adfbbb-groupManagement] INFO  server.RaftServer$Division (RaftServerImpl.java:<init>(256)) - 81d78f49-5211-4a7a-996b-69bb86adfbbb: new RaftServerImpl for group-138E0DE0C554:[cf8377d2-89dc-40fa-8f92-08f9232c90c8|10.1.0.43:15370, 81d78f49-5211-4a7a-996b-69bb86adfbbb|10.1.0.43:15388, 7b2d406f-67a0-48ec-b7b7-fdf942b3fd04|10.1.0.43:15379] with ContainerStateMachine:uninitialized
2024-02-09 18:35:38,766 [81d78f49-5211-4a7a-996b-69bb86adfbbb-groupManagement] INFO  server.RaftServerConfigKeys (ConfUtils.java:logGet(46)) - raft.server.rpc.timeout.min = 5s (custom)
2024-02-09 18:35:38,766 [81d78f49-5211-4a7a-996b-69bb86adfbbb-groupManagement] INFO  server.RaftServerConfigKeys (ConfUtils.java:logGet(46)) - raft.server.rpc.timeout.max = 5200ms (custom)
2024-02-09 18:35:38,766 [81d78f49-5211-4a7a-996b-69bb86adfbbb-groupManagement] INFO  server.RaftServerConfigKeys (ConfUtils.java:logGet(46)) - raft.server.rpc.sleep.time = 25ms (default)
2024-02-09 18:35:38,766 [81d78f49-5211-4a7a-996b-69bb86adfbbb-groupManagement] INFO  server.RaftServerConfigKeys (ConfUtils.java:logGet(46)) - raft.server.rpc.slowness.timeout = 300000ms (custom)
2024-02-09 18:35:38,766 [81d78f49-5211-4a7a-996b-69bb86adfbbb-groupManagement] INFO  server.RaftServerConfigKeys (ConfUtils.java:logGet(46)) - raft.server.leaderelection.leader.step-down.wait-time = 10s (default)
2024-02-09 18:35:38,766 [81d78f49-5211-4a7a-996b-69bb86adfbbb-groupManagement] INFO  server.RaftServerConfigKeys (ConfUtils.java:logGet(46)) - raft.server.leaderelection.member.majority-add = false (default)
2024-02-09 18:35:38,766 [81d78f49-5211-4a7a-996b-69bb86adfbbb-groupManagement] INFO  server.RaftServerConfigKeys (ConfUtils.java:logGet(46)) - raft.server.sleep.deviation.threshold = 300ms (default)
2024-02-09 18:35:38,766 [81d78f49-5211-4a7a-996b-69bb86adfbbb-groupManagement] INFO  server.RaftServer$Division (ServerState.java:<init>(113)) - 81d78f49-5211-4a7a-996b-69bb86adfbbb@group-138E0DE0C554: ConfigurationManager, init=-1: peers:[cf8377d2-89dc-40fa-8f92-08f9232c90c8|10.1.0.43:15370, 81d78f49-5211-4a7a-996b-69bb86adfbbb|10.1.0.43:15388, 7b2d406f-67a0-48ec-b7b7-fdf942b3fd04|10.1.0.43:15379]|listeners:[], old=null, confs=<EMPTY_MAP>
2024-02-09 18:35:38,766 [81d78f49-5211-4a7a-996b-69bb86adfbbb-groupManagement] INFO  server.RaftServerConfigKeys (ConfUtils.java:logGet(46)) - raft.server.notification.no-leader.timeout = 300000ms (custom)
2024-02-09 18:35:38,766 [81d78f49-5211-4a7a-996b-69bb86adfbbb-groupManagement] INFO  server.RaftServerConfigKeys (ConfUtils.java:logGet(46)) - raft.server.read.timeout = 10s (default)
2024-02-09 18:35:38,766 [81d78f49-5211-4a7a-996b-69bb86adfbbb-groupManagement] INFO  server.RaftServerConfigKeys (ConfUtils.java:logGet(46)) - raft.server.retrycache.expirytime = 600000ms (custom)
2024-02-09 18:35:38,766 [81d78f49-5211-4a7a-996b-69bb86adfbbb-groupManagement] INFO  server.RaftServerConfigKeys (ConfUtils.java:logGet(46)) - raft.server.retrycache.statistics.expirytime = 100ms (default)
2024-02-09 18:35:38,766 [81d78f49-5211-4a7a-996b-69bb86adfbbb-groupManagement] INFO  server.RaftServerConfigKeys (ConfUtils.java:logGet(46)) - raft.server.read.option = DEFAULT (default)
2024-02-09 18:35:38,766 [81d78f49-5211-4a7a-996b-69bb86adfbbb-groupManagement] INFO  server.RaftServerConfigKeys (ConfUtils.java:logGet(46)) - raft.server.read.read-after-write-consistent.write-index-cache.expiry-time = 60s (default)
2024-02-09 18:35:38,767 [81d78f49-5211-4a7a-996b-69bb86adfbbb-groupManagement] INFO  server.RaftServerConfigKeys (ConfUtils.java:logGet(46)) - raft.server.rpc.request.timeout = 3000ms (default)
2024-02-09 18:35:38,767 [81d78f49-5211-4a7a-996b-69bb86adfbbb-groupManagement] INFO  server.RaftServerConfigKeys (ConfUtils.java:logGet(46)) - raft.server.log.appender.install.snapshot.enabled = false (custom)
2024-02-09 18:35:38,767 [81d78f49-5211-4a7a-996b-69bb86adfbbb-groupManagement] INFO  server.RaftServerConfigKeys (ConfUtils.java:logGet(46)) - raft.server.threadpool.server.cached = true (default)
2024-02-09 18:35:38,767 [81d78f49-5211-4a7a-996b-69bb86adfbbb-groupManagement] INFO  server.RaftServerConfigKeys (ConfUtils.java:logGet(46)) - raft.server.threadpool.server.size = 0 (default)
2024-02-09 18:35:38,768 [81d78f49-5211-4a7a-996b-69bb86adfbbb-groupManagement] INFO  server.RaftServerConfigKeys (ConfUtils.java:logGet(46)) - raft.server.threadpool.client.cached = true (default)
2024-02-09 18:35:38,768 [81d78f49-5211-4a7a-996b-69bb86adfbbb-groupManagement] INFO  server.RaftServerConfigKeys (ConfUtils.java:logGet(46)) - raft.server.threadpool.client.size = 0 (default)
2024-02-09 18:35:38,768 [81d78f49-5211-4a7a-996b-69bb86adfbbb-groupManagement] INFO  server.RaftServerConfigKeys (ConfUtils.java:logGet(46)) - raft.server.storage.free-space.min = 0MB (=0) (default)
2024-02-09 18:35:38,768 [81d78f49-5211-4a7a-996b-69bb86adfbbb-groupManagement] INFO  server.RaftServerConfigKeys (ConfUtils.java:logGet(46)) - raft.server.log.corruption.policy = EXCEPTION (default)
2024-02-09 18:35:38,768 [81d78f49-5211-4a7a-996b-69bb86adfbbb-groupManagement] INFO  server.RaftServerConfigKeys (ConfUtils.java:logGet(46)) - raft.server.storage.dir = [/home/runner/work/ozone/ozone/hadoop-ozone/integration-test/target/test-dir/MiniOzoneClusterImpl-10a7684d-3d33-49d2-80ef-f5f5272a1eb0/datanode-2/data/ratis] (custom)
2024-02-09 18:35:38,768 [81d78f49-5211-4a7a-996b-69bb86adfbbb-groupManagement] INFO  storage.RaftStorageDirectory (RaftStorageDirectoryImpl.java:analyzeStorage(138)) - The storage directory /home/runner/work/ozone/ozone/hadoop-ozone/integration-test/target/test-dir/MiniOzoneClusterImpl-10a7684d-3d33-49d2-80ef-f5f5272a1eb0/datanode-2/data/ratis/b1a77248-3b90-49fe-ace1-138e0de0c554 does not exist. Creating ...
2024-02-09 18:35:38,769 [81d78f49-5211-4a7a-996b-69bb86adfbbb-groupManagement] INFO  storage.RaftStorageDirectory (RaftStorageDirectoryImpl.java:tryLock(228)) - Lock on /home/runner/work/ozone/ozone/hadoop-ozone/integration-test/target/test-dir/MiniOzoneClusterImpl-10a7684d-3d33-49d2-80ef-f5f5272a1eb0/datanode-2/data/ratis/b1a77248-3b90-49fe-ace1-138e0de0c554/in_use.lock acquired by nodename 37674@fv-az1241-572
2024-02-09 18:35:38,770 [81d78f49-5211-4a7a-996b-69bb86adfbbb-groupManagement] INFO  storage.RaftStorage (RaftStorageImpl.java:format(99)) - Storage directory /home/runner/work/ozone/ozone/hadoop-ozone/integration-test/target/test-dir/MiniOzoneClusterImpl-10a7684d-3d33-49d2-80ef-f5f5272a1eb0/datanode-2/data/ratis/b1a77248-3b90-49fe-ace1-138e0de0c554 has been successfully formatted.
2024-02-09 18:35:38,770 [81d78f49-5211-4a7a-996b-69bb86adfbbb-groupManagement] WARN  util.FileUtils (LogUtils.java:supplyAndLog(63)) - Failed to Files.newInputStream /home/runner/work/ozone/ozone/hadoop-ozone/integration-test/target/test-dir/MiniOzoneClusterImpl-10a7684d-3d33-49d2-80ef-f5f5272a1eb0/datanode-2/data/ratis/b1a77248-3b90-49fe-ace1-138e0de0c554/current/raft-meta.conf with options []: java.nio.file.NoSuchFileException: /home/runner/work/ozone/ozone/hadoop-ozone/integration-test/target/test-dir/MiniOzoneClusterImpl-10a7684d-3d33-49d2-80ef-f5f5272a1eb0/datanode-2/data/ratis/b1a77248-3b90-49fe-ace1-138e0de0c554/current/raft-meta.conf
2024-02-09 18:35:38,771 [81d78f49-5211-4a7a-996b-69bb86adfbbb-groupManagement] INFO  ratis.ContainerStateMachine (ContainerStateMachine.java:loadSnapshot(287)) - group-138E0DE0C554: The snapshot info is null. Setting the last applied index to:(t:0, i:~)
2024-02-09 18:35:38,771 [81d78f49-5211-4a7a-996b-69bb86adfbbb-groupManagement] INFO  server.RaftServerConfigKeys (ConfUtils.java:logGet(46)) - raft.server.log.use.memory = false (default)
2024-02-09 18:35:38,771 [81d78f49-5211-4a7a-996b-69bb86adfbbb-groupManagement] INFO  server.RaftServerConfigKeys (ConfUtils.java:logGet(46)) - raft.server.log.purge.gap = 1000000 (custom)
2024-02-09 18:35:38,771 [81d78f49-5211-4a7a-996b-69bb86adfbbb-groupManagement] INFO  server.RaftServerConfigKeys (ConfUtils.java:logGet(46)) - raft.server.log.appender.buffer.byte-limit = 8388608 (custom)
2024-02-09 18:35:38,771 [81d78f49-5211-4a7a-996b-69bb86adfbbb-groupManagement] INFO  server.RaftServerConfigKeys (ConfUtils.java:logGet(46)) - raft.server.log.statemachine.data.read.timeout = 1000ms (default)
2024-02-09 18:35:38,772 [81d78f49-5211-4a7a-996b-69bb86adfbbb-groupManagement] INFO  server.RaftServerConfigKeys (ConfUtils.java:logGet(46)) - raft.server.log.purge.preservation.log.num = 0 (default)
2024-02-09 18:35:38,773 [81d78f49-5211-4a7a-996b-69bb86adfbbb-groupManagement] INFO  server.RaftServerConfigKeys (ConfUtils.java:logGet(46)) - raft.server.log.segment.size.max = 67108864 (custom)
2024-02-09 18:35:38,773 [81d78f49-5211-4a7a-996b-69bb86adfbbb-groupManagement] INFO  server.RaftServerConfigKeys (ConfUtils.java:logGet(46)) - raft.server.log.segment.cache.num.max = 2 (custom)
2024-02-09 18:35:38,773 [81d78f49-5211-4a7a-996b-69bb86adfbbb-groupManagement] INFO  server.RaftServerConfigKeys (ConfUtils.java:logGet(46)) - raft.server.log.segment.cache.size.max = 200MB (=209715200) (default)
2024-02-09 18:35:38,773 [81d78f49-5211-4a7a-996b-69bb86adfbbb-groupManagement] INFO  server.RaftServerConfigKeys (ConfUtils.java:logGet(46)) - raft.server.log.appender.buffer.byte-limit = 8388608 (custom)
2024-02-09 18:35:38,773 [81d78f49-5211-4a7a-996b-69bb86adfbbb-groupManagement] INFO  util.AwaitToRun (AwaitToRun.java:start(81)) - Thread[81d78f49-5211-4a7a-996b-69bb86adfbbb@group-138E0DE0C554-cacheEviction-AwaitToRun,5,main] started
2024-02-09 18:35:38,773 [81d78f49-5211-4a7a-996b-69bb86adfbbb-groupManagement] INFO  segmented.SegmentedRaftLogWorker (SegmentedRaftLogWorker.java:<init>(182)) - new 81d78f49-5211-4a7a-996b-69bb86adfbbb@group-138E0DE0C554-SegmentedRaftLogWorker for RaftStorageImpl:Storage Directory /home/runner/work/ozone/ozone/hadoop-ozone/integration-test/target/test-dir/MiniOzoneClusterImpl-10a7684d-3d33-49d2-80ef-f5f5272a1eb0/datanode-2/data/ratis/b1a77248-3b90-49fe-ace1-138e0de0c554
2024-02-09 18:35:38,773 [81d78f49-5211-4a7a-996b-69bb86adfbbb-groupManagement] INFO  server.RaftServerConfigKeys (ConfUtils.java:logGet(46)) - raft.server.log.queue.byte-limit = 4294967296 (custom)
2024-02-09 18:35:38,773 [81d78f49-5211-4a7a-996b-69bb86adfbbb-groupManagement] INFO  server.RaftServerConfigKeys (ConfUtils.java:logGet(46)) - raft.server.log.queue.element-limit = 1024 (custom)
2024-02-09 18:35:38,773 [81d78f49-5211-4a7a-996b-69bb86adfbbb-groupManagement] INFO  server.RaftServerConfigKeys (ConfUtils.java:logGet(46)) - raft.server.log.segment.size.max = 67108864 (custom)
2024-02-09 18:35:38,773 [81d78f49-5211-4a7a-996b-69bb86adfbbb-groupManagement] INFO  server.RaftServerConfigKeys (ConfUtils.java:logGet(46)) - raft.server.log.preallocated.size = 4194304 (custom)
2024-02-09 18:35:38,773 [81d78f49-5211-4a7a-996b-69bb86adfbbb-groupManagement] INFO  server.RaftServerConfigKeys (ConfUtils.java:logGet(46)) - raft.server.log.force.sync.num = 128 (default)
2024-02-09 18:35:38,773 [81d78f49-5211-4a7a-996b-69bb86adfbbb-groupManagement] INFO  server.RaftServerConfigKeys (ConfUtils.java:logGet(46)) - raft.server.log.statemachine.data.sync = true (default)
2024-02-09 18:35:38,773 [81d78f49-5211-4a7a-996b-69bb86adfbbb-groupManagement] INFO  server.RaftServerConfigKeys (ConfUtils.java:logGet(46)) - raft.server.log.statemachine.data.sync.timeout = 10s (default)
2024-02-09 18:35:38,773 [81d78f49-5211-4a7a-996b-69bb86adfbbb-groupManagement] INFO  server.RaftServerConfigKeys (ConfUtils.java:logGet(46)) - raft.server.log.statemachine.data.sync.timeout.retry = 0 (custom)
2024-02-09 18:35:38,774 [81d78f49-5211-4a7a-996b-69bb86adfbbb-groupManagement] INFO  server.RaftServerConfigKeys (ConfUtils.java:logGet(46)) - raft.server.log.write.buffer.size = 8388616 (custom)
2024-02-09 18:35:38,775 [81d78f49-5211-4a7a-996b-69bb86adfbbb-groupManagement] INFO  server.RaftServerConfigKeys (ConfUtils.java:logGet(46)) - raft.server.log.appender.buffer.byte-limit = 8388608 (custom)
2024-02-09 18:35:38,775 [81d78f49-5211-4a7a-996b-69bb86adfbbb-groupManagement] INFO  server.RaftServerConfigKeys (ConfUtils.java:logGet(46)) - raft.server.log.unsafe-flush.enabled = false (default)
2024-02-09 18:35:38,775 [81d78f49-5211-4a7a-996b-69bb86adfbbb-groupManagement] INFO  server.RaftServerConfigKeys (ConfUtils.java:logGet(46)) - raft.server.log.async-flush.enabled = false (default)
2024-02-09 18:35:38,775 [81d78f49-5211-4a7a-996b-69bb86adfbbb-groupManagement] INFO  server.RaftServerConfigKeys (ConfUtils.java:logGet(46)) - raft.server.log.statemachine.data.caching.enabled = true (custom)
2024-02-09 18:35:38,775 [81d78f49-5211-4a7a-996b-69bb86adfbbb-groupManagement] INFO  segmented.SegmentedRaftLogWorker (SegmentedRaftLogWorker.java:lambda$new$0(134)) - 81d78f49-5211-4a7a-996b-69bb86adfbbb@group-138E0DE0C554-SegmentedRaftLogWorker: flushIndex: setUnconditionally 0 -> -1
2024-02-09 18:35:38,775 [81d78f49-5211-4a7a-996b-69bb86adfbbb-groupManagement] INFO  segmented.SegmentedRaftLogWorker (SegmentedRaftLogWorker.java:lambda$new$0(134)) - 81d78f49-5211-4a7a-996b-69bb86adfbbb@group-138E0DE0C554-SegmentedRaftLogWorker: safeCacheEvictIndex: setUnconditionally 0 -> -1
2024-02-09 18:35:38,775 [81d78f49-5211-4a7a-996b-69bb86adfbbb-groupManagement] INFO  server.RaftServer$Division (RaftServerImpl.java:start(396)) - 81d78f49-5211-4a7a-996b-69bb86adfbbb@group-138E0DE0C554: start as a follower, conf=-1: peers:[cf8377d2-89dc-40fa-8f92-08f9232c90c8|10.1.0.43:15370, 81d78f49-5211-4a7a-996b-69bb86adfbbb|10.1.0.43:15388, 7b2d406f-67a0-48ec-b7b7-fdf942b3fd04|10.1.0.43:15379]|listeners:[], old=null
2024-02-09 18:35:38,775 [81d78f49-5211-4a7a-996b-69bb86adfbbb-groupManagement] INFO  server.RaftServer$Division (RaftServerImpl.java:setRole(383)) - 81d78f49-5211-4a7a-996b-69bb86adfbbb@group-138E0DE0C554: changes role from      null to FOLLOWER at term 0 for startAsFollower
2024-02-09 18:35:38,775 [81d78f49-5211-4a7a-996b-69bb86adfbbb-groupManagement] INFO  impl.RoleInfo (RoleInfo.java:updateAndGet(139)) - 81d78f49-5211-4a7a-996b-69bb86adfbbb: start 81d78f49-5211-4a7a-996b-69bb86adfbbb@group-138E0DE0C554-FollowerState
2024-02-09 18:35:38,775 [81d78f49-5211-4a7a-996b-69bb86adfbbb-groupManagement] INFO  util.JmxRegister (JmxRegister.java:tryRegister(44)) - Successfully registered JMX Bean with object name Ratis:service=RaftServer,group=group-138E0DE0C554,id=81d78f49-5211-4a7a-996b-69bb86adfbbb
2024-02-09 18:35:38,775 [81d78f49-5211-4a7a-996b-69bb86adfbbb@group-138E0DE0C554-FollowerState] INFO  server.RaftServerConfigKeys (ConfUtils.java:logFallback(53)) - raft.server.rpc.first-election.timeout.min = 5s (fallback to raft.server.rpc.timeout.min)
2024-02-09 18:35:38,775 [81d78f49-5211-4a7a-996b-69bb86adfbbb-groupManagement] INFO  server.RaftServerConfigKeys (ConfUtils.java:logGet(46)) - raft.server.snapshot.trigger-when-stop.enabled = true (default)
2024-02-09 18:35:38,776 [81d78f49-5211-4a7a-996b-69bb86adfbbb@group-138E0DE0C554-FollowerState] INFO  server.RaftServerConfigKeys (ConfUtils.java:logFallback(53)) - raft.server.rpc.first-election.timeout.max = 5200ms (fallback to raft.server.rpc.timeout.max)
2024-02-09 18:35:38,776 [81d78f49-5211-4a7a-996b-69bb86adfbbb-groupManagement] INFO  server.RaftServerConfigKeys (ConfUtils.java:logGet(46)) - raft.server.snapshot.auto.trigger.enabled = true (custom)
2024-02-09 18:35:38,776 [81d78f49-5211-4a7a-996b-69bb86adfbbb-groupManagement] INFO  server.RaftServerConfigKeys (ConfUtils.java:logGet(46)) - raft.server.snapshot.auto.trigger.threshold = 10000 (custom)
2024-02-09 18:35:38,776 [81d78f49-5211-4a7a-996b-69bb86adfbbb-groupManagement] INFO  server.RaftServerConfigKeys (ConfUtils.java:logGet(46)) - raft.server.snapshot.retention.file.num = 5 (custom)
2024-02-09 18:35:38,776 [81d78f49-5211-4a7a-996b-69bb86adfbbb-groupManagement] INFO  server.RaftServerConfigKeys (ConfUtils.java:logGet(46)) - raft.server.log.purge.upto.snapshot.index = false (default)
2024-02-09 18:35:38,783 [cf8377d2-89dc-40fa-8f92-08f9232c90c8-PipelineCommandHandlerThread-0] INFO  commandhandler.CreatePipelineCommandHandler (CreatePipelineCommandHandler.java:lambda$handle$2(124)) - Created Pipeline RATIS THREE PipelineID=b1a77248-3b90-49fe-ace1-138e0de0c554.
2024-02-09 18:35:38,798 [7b2d406f-67a0-48ec-b7b7-fdf942b3fd04-PipelineCommandHandlerThread-0] INFO  server.RaftServer (RaftServerProxy.java:addNew(100)) - 7b2d406f-67a0-48ec-b7b7-fdf942b3fd04: addNew group-C65DC1EE0095:[7b2d406f-67a0-48ec-b7b7-fdf942b3fd04|10.1.0.43:15379] returns group-C65DC1EE0095:java.util.concurrent.CompletableFuture@abddb4c[Not completed]
2024-02-09 18:35:38,800 [7b2d406f-67a0-48ec-b7b7-fdf942b3fd04-groupManagement] INFO  server.RaftServer$Division (RaftServerImpl.java:<init>(256)) - 7b2d406f-67a0-48ec-b7b7-fdf942b3fd04: new RaftServerImpl for group-C65DC1EE0095:[7b2d406f-67a0-48ec-b7b7-fdf942b3fd04|10.1.0.43:15379] with ContainerStateMachine:uninitialized
2024-02-09 18:35:38,800 [7b2d406f-67a0-48ec-b7b7-fdf942b3fd04-groupManagement] INFO  server.RaftServerConfigKeys (ConfUtils.java:logGet(46)) - raft.server.rpc.timeout.min = 5s (custom)
2024-02-09 18:35:38,800 [7b2d406f-67a0-48ec-b7b7-fdf942b3fd04-groupManagement] INFO  server.RaftServerConfigKeys (ConfUtils.java:logGet(46)) - raft.server.rpc.timeout.max = 5200ms (custom)
2024-02-09 18:35:38,800 [7b2d406f-67a0-48ec-b7b7-fdf942b3fd04-groupManagement] INFO  server.RaftServerConfigKeys (ConfUtils.java:logGet(46)) - raft.server.rpc.sleep.time = 25ms (default)
2024-02-09 18:35:38,800 [7b2d406f-67a0-48ec-b7b7-fdf942b3fd04-groupManagement] INFO  server.RaftServerConfigKeys (ConfUtils.java:logGet(46)) - raft.server.rpc.slowness.timeout = 300000ms (custom)
2024-02-09 18:35:38,800 [7b2d406f-67a0-48ec-b7b7-fdf942b3fd04-groupManagement] INFO  server.RaftServerConfigKeys (ConfUtils.java:logGet(46)) - raft.server.leaderelection.leader.step-down.wait-time = 10s (default)
2024-02-09 18:35:38,800 [7b2d406f-67a0-48ec-b7b7-fdf942b3fd04-groupManagement] INFO  server.RaftServerConfigKeys (ConfUtils.java:logGet(46)) - raft.server.leaderelection.member.majority-add = false (default)
2024-02-09 18:35:38,800 [7b2d406f-67a0-48ec-b7b7-fdf942b3fd04-groupManagement] INFO  server.RaftServerConfigKeys (ConfUtils.java:logGet(46)) - raft.server.sleep.deviation.threshold = 300ms (default)
2024-02-09 18:35:38,800 [7b2d406f-67a0-48ec-b7b7-fdf942b3fd04-groupManagement] INFO  server.RaftServer$Division (ServerState.java:<init>(113)) - 7b2d406f-67a0-48ec-b7b7-fdf942b3fd04@group-C65DC1EE0095: ConfigurationManager, init=-1: peers:[7b2d406f-67a0-48ec-b7b7-fdf942b3fd04|10.1.0.43:15379]|listeners:[], old=null, confs=<EMPTY_MAP>
2024-02-09 18:35:38,800 [7b2d406f-67a0-48ec-b7b7-fdf942b3fd04-groupManagement] INFO  server.RaftServerConfigKeys (ConfUtils.java:logGet(46)) - raft.server.notification.no-leader.timeout = 300000ms (custom)
2024-02-09 18:35:38,800 [7b2d406f-67a0-48ec-b7b7-fdf942b3fd04-groupManagement] INFO  server.RaftServerConfigKeys (ConfUtils.java:logGet(46)) - raft.server.read.timeout = 10s (default)
2024-02-09 18:35:38,800 [7b2d406f-67a0-48ec-b7b7-fdf942b3fd04-groupManagement] INFO  server.RaftServerConfigKeys (ConfUtils.java:logGet(46)) - raft.server.retrycache.expirytime = 600000ms (custom)
2024-02-09 18:35:38,800 [7b2d406f-67a0-48ec-b7b7-fdf942b3fd04-groupManagement] INFO  server.RaftServerConfigKeys (ConfUtils.java:logGet(46)) - raft.server.retrycache.statistics.expirytime = 100ms (default)
2024-02-09 18:35:38,801 [7b2d406f-67a0-48ec-b7b7-fdf942b3fd04-groupManagement] INFO  server.RaftServerConfigKeys (ConfUtils.java:logGet(46)) - raft.server.read.option = DEFAULT (default)
2024-02-09 18:35:38,801 [7b2d406f-67a0-48ec-b7b7-fdf942b3fd04-groupManagement] INFO  server.RaftServerConfigKeys (ConfUtils.java:logGet(46)) - raft.server.read.read-after-write-consistent.write-index-cache.expiry-time = 60s (default)
2024-02-09 18:35:38,803 [7b2d406f-67a0-48ec-b7b7-fdf942b3fd04-groupManagement] INFO  server.RaftServerConfigKeys (ConfUtils.java:logGet(46)) - raft.server.rpc.request.timeout = 3000ms (default)
2024-02-09 18:35:38,803 [7b2d406f-67a0-48ec-b7b7-fdf942b3fd04-groupManagement] INFO  server.RaftServerConfigKeys (ConfUtils.java:logGet(46)) - raft.server.log.appender.install.snapshot.enabled = false (custom)
2024-02-09 18:35:38,803 [7b2d406f-67a0-48ec-b7b7-fdf942b3fd04-groupManagement] INFO  server.RaftServerConfigKeys (ConfUtils.java:logGet(46)) - raft.server.threadpool.server.cached = true (default)
2024-02-09 18:35:38,803 [7b2d406f-67a0-48ec-b7b7-fdf942b3fd04-groupManagement] INFO  server.RaftServerConfigKeys (ConfUtils.java:logGet(46)) - raft.server.threadpool.server.size = 0 (default)
2024-02-09 18:35:38,803 [7b2d406f-67a0-48ec-b7b7-fdf942b3fd04-groupManagement] INFO  server.RaftServerConfigKeys (ConfUtils.java:logGet(46)) - raft.server.threadpool.client.cached = true (default)
2024-02-09 18:35:38,803 [7b2d406f-67a0-48ec-b7b7-fdf942b3fd04-groupManagement] INFO  server.RaftServerConfigKeys (ConfUtils.java:logGet(46)) - raft.server.threadpool.client.size = 0 (default)
2024-02-09 18:35:38,803 [7b2d406f-67a0-48ec-b7b7-fdf942b3fd04-groupManagement] INFO  server.RaftServerConfigKeys (ConfUtils.java:logGet(46)) - raft.server.storage.free-space.min = 0MB (=0) (default)
2024-02-09 18:35:38,803 [7b2d406f-67a0-48ec-b7b7-fdf942b3fd04-groupManagement] INFO  server.RaftServerConfigKeys (ConfUtils.java:logGet(46)) - raft.server.log.corruption.policy = EXCEPTION (default)
2024-02-09 18:35:38,803 [7b2d406f-67a0-48ec-b7b7-fdf942b3fd04-groupManagement] INFO  server.RaftServerConfigKeys (ConfUtils.java:logGet(46)) - raft.server.storage.dir = [/home/runner/work/ozone/ozone/hadoop-ozone/integration-test/target/test-dir/MiniOzoneClusterImpl-10a7684d-3d33-49d2-80ef-f5f5272a1eb0/datanode-1/data/ratis] (custom)
2024-02-09 18:35:38,803 [7b2d406f-67a0-48ec-b7b7-fdf942b3fd04-groupManagement] INFO  storage.RaftStorageDirectory (RaftStorageDirectoryImpl.java:analyzeStorage(138)) - The storage directory /home/runner/work/ozone/ozone/hadoop-ozone/integration-test/target/test-dir/MiniOzoneClusterImpl-10a7684d-3d33-49d2-80ef-f5f5272a1eb0/datanode-1/data/ratis/2db728ee-99fd-4f15-a296-c65dc1ee0095 does not exist. Creating ...
2024-02-09 18:35:38,804 [7b2d406f-67a0-48ec-b7b7-fdf942b3fd04-groupManagement] INFO  storage.RaftStorageDirectory (RaftStorageDirectoryImpl.java:tryLock(228)) - Lock on /home/runner/work/ozone/ozone/hadoop-ozone/integration-test/target/test-dir/MiniOzoneClusterImpl-10a7684d-3d33-49d2-80ef-f5f5272a1eb0/datanode-1/data/ratis/2db728ee-99fd-4f15-a296-c65dc1ee0095/in_use.lock acquired by nodename 37674@fv-az1241-572
2024-02-09 18:35:38,805 [7b2d406f-67a0-48ec-b7b7-fdf942b3fd04-groupManagement] INFO  storage.RaftStorage (RaftStorageImpl.java:format(99)) - Storage directory /home/runner/work/ozone/ozone/hadoop-ozone/integration-test/target/test-dir/MiniOzoneClusterImpl-10a7684d-3d33-49d2-80ef-f5f5272a1eb0/datanode-1/data/ratis/2db728ee-99fd-4f15-a296-c65dc1ee0095 has been successfully formatted.
2024-02-09 18:35:38,805 [7b2d406f-67a0-48ec-b7b7-fdf942b3fd04-groupManagement] WARN  util.FileUtils (LogUtils.java:supplyAndLog(63)) - Failed to Files.newInputStream /home/runner/work/ozone/ozone/hadoop-ozone/integration-test/target/test-dir/MiniOzoneClusterImpl-10a7684d-3d33-49d2-80ef-f5f5272a1eb0/datanode-1/data/ratis/2db728ee-99fd-4f15-a296-c65dc1ee0095/current/raft-meta.conf with options []: java.nio.file.NoSuchFileException: /home/runner/work/ozone/ozone/hadoop-ozone/integration-test/target/test-dir/MiniOzoneClusterImpl-10a7684d-3d33-49d2-80ef-f5f5272a1eb0/datanode-1/data/ratis/2db728ee-99fd-4f15-a296-c65dc1ee0095/current/raft-meta.conf
2024-02-09 18:35:38,806 [7b2d406f-67a0-48ec-b7b7-fdf942b3fd04-groupManagement] INFO  ratis.ContainerStateMachine (ContainerStateMachine.java:loadSnapshot(287)) - group-C65DC1EE0095: The snapshot info is null. Setting the last applied index to:(t:0, i:~)
2024-02-09 18:35:38,806 [7b2d406f-67a0-48ec-b7b7-fdf942b3fd04-groupManagement] INFO  server.RaftServerConfigKeys (ConfUtils.java:logGet(46)) - raft.server.log.use.memory = false (default)
2024-02-09 18:35:38,806 [7b2d406f-67a0-48ec-b7b7-fdf942b3fd04-groupManagement] INFO  server.RaftServerConfigKeys (ConfUtils.java:logGet(46)) - raft.server.log.purge.gap = 1000000 (custom)
2024-02-09 18:35:38,806 [7b2d406f-67a0-48ec-b7b7-fdf942b3fd04-groupManagement] INFO  server.RaftServerConfigKeys (ConfUtils.java:logGet(46)) - raft.server.log.appender.buffer.byte-limit = 8388608 (custom)
2024-02-09 18:35:38,806 [7b2d406f-67a0-48ec-b7b7-fdf942b3fd04-groupManagement] INFO  server.RaftServerConfigKeys (ConfUtils.java:logGet(46)) - raft.server.log.statemachine.data.read.timeout = 1000ms (default)
2024-02-09 18:35:38,806 [7b2d406f-67a0-48ec-b7b7-fdf942b3fd04-groupManagement] INFO  server.RaftServerConfigKeys (ConfUtils.java:logGet(46)) - raft.server.log.purge.preservation.log.num = 0 (default)
2024-02-09 18:35:38,807 [EventQueue-PipelineReportForPipelineReportHandler] INFO  pipeline.PipelineReportHandler (PipelineReportHandler.java:processPipelineReport(136)) - Opened pipeline PipelineID=2db728ee-99fd-4f15-a296-c65dc1ee0095
2024-02-09 18:35:38,807 [EventQueue-OpenPipelineForHealthyPipelineSafeModeRule] INFO  safemode.SCMSafeModeManager (HealthyPipelineSafeModeRule.java:process(140)) - SCM in safe mode. Healthy pipelines reported count is 0, required healthy pipeline reported count is 1
2024-02-09 18:35:38,807 [7b2d406f-67a0-48ec-b7b7-fdf942b3fd04-groupManagement] INFO  server.RaftServerConfigKeys (ConfUtils.java:logGet(46)) - raft.server.log.segment.size.max = 67108864 (custom)
2024-02-09 18:35:38,807 [7b2d406f-67a0-48ec-b7b7-fdf942b3fd04-groupManagement] INFO  server.RaftServerConfigKeys (ConfUtils.java:logGet(46)) - raft.server.log.segment.cache.num.max = 2 (custom)
2024-02-09 18:35:38,807 [7b2d406f-67a0-48ec-b7b7-fdf942b3fd04-groupManagement] INFO  server.RaftServerConfigKeys (ConfUtils.java:logGet(46)) - raft.server.log.segment.cache.size.max = 200MB (=209715200) (default)
2024-02-09 18:35:38,807 [7b2d406f-67a0-48ec-b7b7-fdf942b3fd04-groupManagement] INFO  server.RaftServerConfigKeys (ConfUtils.java:logGet(46)) - raft.server.log.appender.buffer.byte-limit = 8388608 (custom)
2024-02-09 18:35:38,808 [7b2d406f-67a0-48ec-b7b7-fdf942b3fd04-groupManagement] INFO  util.AwaitToRun (AwaitToRun.java:start(81)) - Thread[7b2d406f-67a0-48ec-b7b7-fdf942b3fd04@group-C65DC1EE0095-cacheEviction-AwaitToRun,5,main] started
2024-02-09 18:35:38,808 [7b2d406f-67a0-48ec-b7b7-fdf942b3fd04-groupManagement] INFO  segmented.SegmentedRaftLogWorker (SegmentedRaftLogWorker.java:<init>(182)) - new 7b2d406f-67a0-48ec-b7b7-fdf942b3fd04@group-C65DC1EE0095-SegmentedRaftLogWorker for RaftStorageImpl:Storage Directory /home/runner/work/ozone/ozone/hadoop-ozone/integration-test/target/test-dir/MiniOzoneClusterImpl-10a7684d-3d33-49d2-80ef-f5f5272a1eb0/datanode-1/data/ratis/2db728ee-99fd-4f15-a296-c65dc1ee0095
2024-02-09 18:35:38,808 [7b2d406f-67a0-48ec-b7b7-fdf942b3fd04-groupManagement] INFO  server.RaftServerConfigKeys (ConfUtils.java:logGet(46)) - raft.server.log.queue.byte-limit = 4294967296 (custom)
2024-02-09 18:35:38,808 [7b2d406f-67a0-48ec-b7b7-fdf942b3fd04-groupManagement] INFO  server.RaftServerConfigKeys (ConfUtils.java:logGet(46)) - raft.server.log.queue.element-limit = 1024 (custom)
2024-02-09 18:35:38,808 [7b2d406f-67a0-48ec-b7b7-fdf942b3fd04-groupManagement] INFO  server.RaftServerConfigKeys (ConfUtils.java:logGet(46)) - raft.server.log.segment.size.max = 67108864 (custom)
2024-02-09 18:35:38,808 [7b2d406f-67a0-48ec-b7b7-fdf942b3fd04-groupManagement] INFO  server.RaftServerConfigKeys (ConfUtils.java:logGet(46)) - raft.server.log.preallocated.size = 4194304 (custom)
2024-02-09 18:35:38,808 [7b2d406f-67a0-48ec-b7b7-fdf942b3fd04-groupManagement] INFO  server.RaftServerConfigKeys (ConfUtils.java:logGet(46)) - raft.server.log.force.sync.num = 128 (default)
2024-02-09 18:35:38,808 [7b2d406f-67a0-48ec-b7b7-fdf942b3fd04-groupManagement] INFO  server.RaftServerConfigKeys (ConfUtils.java:logGet(46)) - raft.server.log.statemachine.data.sync = true (default)
2024-02-09 18:35:38,808 [7b2d406f-67a0-48ec-b7b7-fdf942b3fd04-groupManagement] INFO  server.RaftServerConfigKeys (ConfUtils.java:logGet(46)) - raft.server.log.statemachine.data.sync.timeout = 10s (default)
2024-02-09 18:35:38,808 [7b2d406f-67a0-48ec-b7b7-fdf942b3fd04-groupManagement] INFO  server.RaftServerConfigKeys (ConfUtils.java:logGet(46)) - raft.server.log.statemachine.data.sync.timeout.retry = 0 (custom)
2024-02-09 18:35:38,808 [7b2d406f-67a0-48ec-b7b7-fdf942b3fd04-groupManagement] INFO  server.RaftServerConfigKeys (ConfUtils.java:logGet(46)) - raft.server.log.write.buffer.size = 8388616 (custom)
2024-02-09 18:35:38,809 [7b2d406f-67a0-48ec-b7b7-fdf942b3fd04-groupManagement] INFO  server.RaftServerConfigKeys (ConfUtils.java:logGet(46)) - raft.server.log.appender.buffer.byte-limit = 8388608 (custom)
2024-02-09 18:35:38,809 [7b2d406f-67a0-48ec-b7b7-fdf942b3fd04-groupManagement] INFO  server.RaftServerConfigKeys (ConfUtils.java:logGet(46)) - raft.server.log.unsafe-flush.enabled = false (default)
2024-02-09 18:35:38,809 [7b2d406f-67a0-48ec-b7b7-fdf942b3fd04-groupManagement] INFO  server.RaftServerConfigKeys (ConfUtils.java:logGet(46)) - raft.server.log.async-flush.enabled = false (default)
2024-02-09 18:35:38,809 [7b2d406f-67a0-48ec-b7b7-fdf942b3fd04-groupManagement] INFO  server.RaftServerConfigKeys (ConfUtils.java:logGet(46)) - raft.server.log.statemachine.data.caching.enabled = true (custom)
2024-02-09 18:35:38,809 [7b2d406f-67a0-48ec-b7b7-fdf942b3fd04-groupManagement] INFO  segmented.SegmentedRaftLogWorker (SegmentedRaftLogWorker.java:lambda$new$0(134)) - 7b2d406f-67a0-48ec-b7b7-fdf942b3fd04@group-C65DC1EE0095-SegmentedRaftLogWorker: flushIndex: setUnconditionally 0 -> -1
2024-02-09 18:35:38,809 [7b2d406f-67a0-48ec-b7b7-fdf942b3fd04-groupManagement] INFO  segmented.SegmentedRaftLogWorker (SegmentedRaftLogWorker.java:lambda$new$0(134)) - 7b2d406f-67a0-48ec-b7b7-fdf942b3fd04@group-C65DC1EE0095-SegmentedRaftLogWorker: safeCacheEvictIndex: setUnconditionally 0 -> -1
2024-02-09 18:35:38,809 [7b2d406f-67a0-48ec-b7b7-fdf942b3fd04-groupManagement] INFO  server.RaftServer$Division (RaftServerImpl.java:start(396)) - 7b2d406f-67a0-48ec-b7b7-fdf942b3fd04@group-C65DC1EE0095: start as a follower, conf=-1: peers:[7b2d406f-67a0-48ec-b7b7-fdf942b3fd04|10.1.0.43:15379]|listeners:[], old=null
2024-02-09 18:35:38,810 [7b2d406f-67a0-48ec-b7b7-fdf942b3fd04-groupManagement] INFO  server.RaftServer$Division (RaftServerImpl.java:setRole(383)) - 7b2d406f-67a0-48ec-b7b7-fdf942b3fd04@group-C65DC1EE0095: changes role from      null to FOLLOWER at term 0 for startAsFollower
2024-02-09 18:35:38,810 [7b2d406f-67a0-48ec-b7b7-fdf942b3fd04-groupManagement] INFO  impl.RoleInfo (RoleInfo.java:updateAndGet(139)) - 7b2d406f-67a0-48ec-b7b7-fdf942b3fd04: start 7b2d406f-67a0-48ec-b7b7-fdf942b3fd04@group-C65DC1EE0095-FollowerState
2024-02-09 18:35:38,810 [7b2d406f-67a0-48ec-b7b7-fdf942b3fd04@group-C65DC1EE0095-FollowerState] INFO  server.RaftServerConfigKeys (ConfUtils.java:logFallback(53)) - raft.server.rpc.first-election.timeout.min = 5s (fallback to raft.server.rpc.timeout.min)
2024-02-09 18:35:38,810 [7b2d406f-67a0-48ec-b7b7-fdf942b3fd04-groupManagement] INFO  util.JmxRegister (JmxRegister.java:tryRegister(44)) - Successfully registered JMX Bean with object name Ratis:service=RaftServer,group=group-C65DC1EE0095,id=7b2d406f-67a0-48ec-b7b7-fdf942b3fd04
2024-02-09 18:35:38,810 [7b2d406f-67a0-48ec-b7b7-fdf942b3fd04@group-C65DC1EE0095-FollowerState] INFO  server.RaftServerConfigKeys (ConfUtils.java:logFallback(53)) - raft.server.rpc.first-election.timeout.max = 5200ms (fallback to raft.server.rpc.timeout.max)
2024-02-09 18:35:38,810 [7b2d406f-67a0-48ec-b7b7-fdf942b3fd04-groupManagement] INFO  server.RaftServerConfigKeys (ConfUtils.java:logGet(46)) - raft.server.snapshot.trigger-when-stop.enabled = true (default)
2024-02-09 18:35:38,810 [7b2d406f-67a0-48ec-b7b7-fdf942b3fd04-groupManagement] INFO  server.RaftServerConfigKeys (ConfUtils.java:logGet(46)) - raft.server.snapshot.auto.trigger.enabled = true (custom)
2024-02-09 18:35:38,810 [7b2d406f-67a0-48ec-b7b7-fdf942b3fd04-groupManagement] INFO  server.RaftServerConfigKeys (ConfUtils.java:logGet(46)) - raft.server.snapshot.auto.trigger.threshold = 10000 (custom)
2024-02-09 18:35:38,810 [7b2d406f-67a0-48ec-b7b7-fdf942b3fd04-groupManagement] INFO  server.RaftServerConfigKeys (ConfUtils.java:logGet(46)) - raft.server.snapshot.retention.file.num = 5 (custom)
2024-02-09 18:35:38,810 [7b2d406f-67a0-48ec-b7b7-fdf942b3fd04-groupManagement] INFO  server.RaftServerConfigKeys (ConfUtils.java:logGet(46)) - raft.server.log.purge.upto.snapshot.index = false (default)
2024-02-09 18:35:38,810 [7b2d406f-67a0-48ec-b7b7-fdf942b3fd04-PipelineCommandHandlerThread-0] INFO  ratis.XceiverServerRatis (XceiverServerRatis.java:addGroup(864)) - Created group PipelineID=2db728ee-99fd-4f15-a296-c65dc1ee0095
2024-02-09 18:35:38,810 [7b2d406f-67a0-48ec-b7b7-fdf942b3fd04-PipelineCommandHandlerThread-0] INFO  commandhandler.CreatePipelineCommandHandler (CreatePipelineCommandHandler.java:lambda$handle$2(124)) - Created Pipeline RATIS ONE PipelineID=2db728ee-99fd-4f15-a296-c65dc1ee0095.
2024-02-09 18:35:38,888 [81d78f49-5211-4a7a-996b-69bb86adfbbb-PipelineCommandHandlerThread-0] INFO  server.RaftServer (RaftServerProxy.java:addNew(100)) - 81d78f49-5211-4a7a-996b-69bb86adfbbb: addNew group-64A6ECF3BFAF:[81d78f49-5211-4a7a-996b-69bb86adfbbb|10.1.0.43:15388] returns group-64A6ECF3BFAF:java.util.concurrent.CompletableFuture@1435262b[Not completed]
2024-02-09 18:35:38,888 [81d78f49-5211-4a7a-996b-69bb86adfbbb-groupManagement] INFO  server.RaftServer$Division (RaftServerImpl.java:<init>(256)) - 81d78f49-5211-4a7a-996b-69bb86adfbbb: new RaftServerImpl for group-64A6ECF3BFAF:[81d78f49-5211-4a7a-996b-69bb86adfbbb|10.1.0.43:15388] with ContainerStateMachine:uninitialized
2024-02-09 18:35:38,888 [81d78f49-5211-4a7a-996b-69bb86adfbbb-groupManagement] INFO  server.RaftServerConfigKeys (ConfUtils.java:logGet(46)) - raft.server.rpc.timeout.min = 5s (custom)
2024-02-09 18:35:38,888 [81d78f49-5211-4a7a-996b-69bb86adfbbb-groupManagement] INFO  server.RaftServerConfigKeys (ConfUtils.java:logGet(46)) - raft.server.rpc.timeout.max = 5200ms (custom)
2024-02-09 18:35:38,888 [81d78f49-5211-4a7a-996b-69bb86adfbbb-groupManagement] INFO  server.RaftServerConfigKeys (ConfUtils.java:logGet(46)) - raft.server.rpc.sleep.time = 25ms (default)
2024-02-09 18:35:38,888 [81d78f49-5211-4a7a-996b-69bb86adfbbb-groupManagement] INFO  server.RaftServerConfigKeys (ConfUtils.java:logGet(46)) - raft.server.rpc.slowness.timeout = 300000ms (custom)
2024-02-09 18:35:38,888 [81d78f49-5211-4a7a-996b-69bb86adfbbb-groupManagement] INFO  server.RaftServerConfigKeys (ConfUtils.java:logGet(46)) - raft.server.leaderelection.leader.step-down.wait-time = 10s (default)
2024-02-09 18:35:38,888 [81d78f49-5211-4a7a-996b-69bb86adfbbb-groupManagement] INFO  server.RaftServerConfigKeys (ConfUtils.java:logGet(46)) - raft.server.leaderelection.member.majority-add = false (default)
2024-02-09 18:35:38,888 [81d78f49-5211-4a7a-996b-69bb86adfbbb-groupManagement] INFO  server.RaftServerConfigKeys (ConfUtils.java:logGet(46)) - raft.server.sleep.deviation.threshold = 300ms (default)
2024-02-09 18:35:38,888 [81d78f49-5211-4a7a-996b-69bb86adfbbb-groupManagement] INFO  server.RaftServer$Division (ServerState.java:<init>(113)) - 81d78f49-5211-4a7a-996b-69bb86adfbbb@group-64A6ECF3BFAF: ConfigurationManager, init=-1: peers:[81d78f49-5211-4a7a-996b-69bb86adfbbb|10.1.0.43:15388]|listeners:[], old=null, confs=<EMPTY_MAP>
2024-02-09 18:35:38,888 [81d78f49-5211-4a7a-996b-69bb86adfbbb-groupManagement] INFO  server.RaftServerConfigKeys (ConfUtils.java:logGet(46)) - raft.server.notification.no-leader.timeout = 300000ms (custom)
2024-02-09 18:35:38,888 [81d78f49-5211-4a7a-996b-69bb86adfbbb-groupManagement] INFO  server.RaftServerConfigKeys (ConfUtils.java:logGet(46)) - raft.server.read.timeout = 10s (default)
2024-02-09 18:35:38,888 [81d78f49-5211-4a7a-996b-69bb86adfbbb-groupManagement] INFO  server.RaftServerConfigKeys (ConfUtils.java:logGet(46)) - raft.server.retrycache.expirytime = 600000ms (custom)
2024-02-09 18:35:38,888 [81d78f49-5211-4a7a-996b-69bb86adfbbb-groupManagement] INFO  server.RaftServerConfigKeys (ConfUtils.java:logGet(46)) - raft.server.retrycache.statistics.expirytime = 100ms (default)
2024-02-09 18:35:38,888 [81d78f49-5211-4a7a-996b-69bb86adfbbb-groupManagement] INFO  server.RaftServerConfigKeys (ConfUtils.java:logGet(46)) - raft.server.read.option = DEFAULT (default)
2024-02-09 18:35:38,889 [81d78f49-5211-4a7a-996b-69bb86adfbbb-groupManagement] INFO  server.RaftServerConfigKeys (ConfUtils.java:logGet(46)) - raft.server.read.read-after-write-consistent.write-index-cache.expiry-time = 60s (default)
2024-02-09 18:35:38,890 [81d78f49-5211-4a7a-996b-69bb86adfbbb-groupManagement] INFO  server.RaftServerConfigKeys (ConfUtils.java:logGet(46)) - raft.server.rpc.request.timeout = 3000ms (default)
2024-02-09 18:35:38,890 [81d78f49-5211-4a7a-996b-69bb86adfbbb-groupManagement] INFO  server.RaftServerConfigKeys (ConfUtils.java:logGet(46)) - raft.server.log.appender.install.snapshot.enabled = false (custom)
2024-02-09 18:35:38,890 [81d78f49-5211-4a7a-996b-69bb86adfbbb-groupManagement] INFO  server.RaftServerConfigKeys (ConfUtils.java:logGet(46)) - raft.server.threadpool.server.cached = true (default)
2024-02-09 18:35:38,890 [81d78f49-5211-4a7a-996b-69bb86adfbbb-groupManagement] INFO  server.RaftServerConfigKeys (ConfUtils.java:logGet(46)) - raft.server.threadpool.server.size = 0 (default)
2024-02-09 18:35:38,890 [81d78f49-5211-4a7a-996b-69bb86adfbbb-groupManagement] INFO  server.RaftServerConfigKeys (ConfUtils.java:logGet(46)) - raft.server.threadpool.client.cached = true (default)
2024-02-09 18:35:38,890 [81d78f49-5211-4a7a-996b-69bb86adfbbb-groupManagement] INFO  server.RaftServerConfigKeys (ConfUtils.java:logGet(46)) - raft.server.threadpool.client.size = 0 (default)
2024-02-09 18:35:38,890 [81d78f49-5211-4a7a-996b-69bb86adfbbb-groupManagement] INFO  server.RaftServerConfigKeys (ConfUtils.java:logGet(46)) - raft.server.storage.free-space.min = 0MB (=0) (default)
2024-02-09 18:35:38,890 [81d78f49-5211-4a7a-996b-69bb86adfbbb-groupManagement] INFO  server.RaftServerConfigKeys (ConfUtils.java:logGet(46)) - raft.server.log.corruption.policy = EXCEPTION (default)
2024-02-09 18:35:38,890 [81d78f49-5211-4a7a-996b-69bb86adfbbb-groupManagement] INFO  server.RaftServerConfigKeys (ConfUtils.java:logGet(46)) - raft.server.storage.dir = [/home/runner/work/ozone/ozone/hadoop-ozone/integration-test/target/test-dir/MiniOzoneClusterImpl-10a7684d-3d33-49d2-80ef-f5f5272a1eb0/datanode-2/data/ratis] (custom)
2024-02-09 18:35:38,891 [81d78f49-5211-4a7a-996b-69bb86adfbbb-groupManagement] INFO  storage.RaftStorageDirectory (RaftStorageDirectoryImpl.java:analyzeStorage(138)) - The storage directory /home/runner/work/ozone/ozone/hadoop-ozone/integration-test/target/test-dir/MiniOzoneClusterImpl-10a7684d-3d33-49d2-80ef-f5f5272a1eb0/datanode-2/data/ratis/7ec916ed-2fa6-47c2-8a8a-64a6ecf3bfaf does not exist. Creating ...
2024-02-09 18:35:38,892 [81d78f49-5211-4a7a-996b-69bb86adfbbb-groupManagement] INFO  storage.RaftStorageDirectory (RaftStorageDirectoryImpl.java:tryLock(228)) - Lock on /home/runner/work/ozone/ozone/hadoop-ozone/integration-test/target/test-dir/MiniOzoneClusterImpl-10a7684d-3d33-49d2-80ef-f5f5272a1eb0/datanode-2/data/ratis/7ec916ed-2fa6-47c2-8a8a-64a6ecf3bfaf/in_use.lock acquired by nodename 37674@fv-az1241-572
2024-02-09 18:35:38,892 [81d78f49-5211-4a7a-996b-69bb86adfbbb-groupManagement] INFO  storage.RaftStorage (RaftStorageImpl.java:format(99)) - Storage directory /home/runner/work/ozone/ozone/hadoop-ozone/integration-test/target/test-dir/MiniOzoneClusterImpl-10a7684d-3d33-49d2-80ef-f5f5272a1eb0/datanode-2/data/ratis/7ec916ed-2fa6-47c2-8a8a-64a6ecf3bfaf has been successfully formatted.
2024-02-09 18:35:38,893 [81d78f49-5211-4a7a-996b-69bb86adfbbb-groupManagement] WARN  util.FileUtils (LogUtils.java:supplyAndLog(63)) - Failed to Files.newInputStream /home/runner/work/ozone/ozone/hadoop-ozone/integration-test/target/test-dir/MiniOzoneClusterImpl-10a7684d-3d33-49d2-80ef-f5f5272a1eb0/datanode-2/data/ratis/7ec916ed-2fa6-47c2-8a8a-64a6ecf3bfaf/current/raft-meta.conf with options []: java.nio.file.NoSuchFileException: /home/runner/work/ozone/ozone/hadoop-ozone/integration-test/target/test-dir/MiniOzoneClusterImpl-10a7684d-3d33-49d2-80ef-f5f5272a1eb0/datanode-2/data/ratis/7ec916ed-2fa6-47c2-8a8a-64a6ecf3bfaf/current/raft-meta.conf
2024-02-09 18:35:38,893 [81d78f49-5211-4a7a-996b-69bb86adfbbb-groupManagement] INFO  ratis.ContainerStateMachine (ContainerStateMachine.java:loadSnapshot(287)) - group-64A6ECF3BFAF: The snapshot info is null. Setting the last applied index to:(t:0, i:~)
2024-02-09 18:35:38,893 [81d78f49-5211-4a7a-996b-69bb86adfbbb-groupManagement] INFO  server.RaftServerConfigKeys (ConfUtils.java:logGet(46)) - raft.server.log.use.memory = false (default)
2024-02-09 18:35:38,893 [81d78f49-5211-4a7a-996b-69bb86adfbbb-groupManagement] INFO  server.RaftServerConfigKeys (ConfUtils.java:logGet(46)) - raft.server.log.purge.gap = 1000000 (custom)
2024-02-09 18:35:38,893 [81d78f49-5211-4a7a-996b-69bb86adfbbb-groupManagement] INFO  server.RaftServerConfigKeys (ConfUtils.java:logGet(46)) - raft.server.log.appender.buffer.byte-limit = 8388608 (custom)
2024-02-09 18:35:38,893 [81d78f49-5211-4a7a-996b-69bb86adfbbb-groupManagement] INFO  server.RaftServerConfigKeys (ConfUtils.java:logGet(46)) - raft.server.log.statemachine.data.read.timeout = 1000ms (default)
2024-02-09 18:35:38,893 [81d78f49-5211-4a7a-996b-69bb86adfbbb-groupManagement] INFO  server.RaftServerConfigKeys (ConfUtils.java:logGet(46)) - raft.server.log.purge.preservation.log.num = 0 (default)
2024-02-09 18:35:38,894 [EventQueue-PipelineReportForPipelineReportHandler] INFO  pipeline.PipelineReportHandler (PipelineReportHandler.java:processPipelineReport(136)) - Opened pipeline PipelineID=7ec916ed-2fa6-47c2-8a8a-64a6ecf3bfaf
2024-02-09 18:35:38,894 [EventQueue-OpenPipelineForHealthyPipelineSafeModeRule] INFO  safemode.SCMSafeModeManager (HealthyPipelineSafeModeRule.java:process(140)) - SCM in safe mode. Healthy pipelines reported count is 0, required healthy pipeline reported count is 1
2024-02-09 18:35:38,894 [81d78f49-5211-4a7a-996b-69bb86adfbbb-groupManagement] INFO  server.RaftServerConfigKeys (ConfUtils.java:logGet(46)) - raft.server.log.segment.size.max = 67108864 (custom)
2024-02-09 18:35:38,894 [81d78f49-5211-4a7a-996b-69bb86adfbbb-groupManagement] INFO  server.RaftServerConfigKeys (ConfUtils.java:logGet(46)) - raft.server.log.segment.cache.num.max = 2 (custom)
2024-02-09 18:35:38,894 [81d78f49-5211-4a7a-996b-69bb86adfbbb-groupManagement] INFO  server.RaftServerConfigKeys (ConfUtils.java:logGet(46)) - raft.server.log.segment.cache.size.max = 200MB (=209715200) (default)
2024-02-09 18:35:38,894 [81d78f49-5211-4a7a-996b-69bb86adfbbb-groupManagement] INFO  server.RaftServerConfigKeys (ConfUtils.java:logGet(46)) - raft.server.log.appender.buffer.byte-limit = 8388608 (custom)
2024-02-09 18:35:38,894 [81d78f49-5211-4a7a-996b-69bb86adfbbb-groupManagement] INFO  util.AwaitToRun (AwaitToRun.java:start(81)) - Thread[81d78f49-5211-4a7a-996b-69bb86adfbbb@group-64A6ECF3BFAF-cacheEviction-AwaitToRun,5,main] started
2024-02-09 18:35:38,894 [81d78f49-5211-4a7a-996b-69bb86adfbbb-groupManagement] INFO  segmented.SegmentedRaftLogWorker (SegmentedRaftLogWorker.java:<init>(182)) - new 81d78f49-5211-4a7a-996b-69bb86adfbbb@group-64A6ECF3BFAF-SegmentedRaftLogWorker for RaftStorageImpl:Storage Directory /home/runner/work/ozone/ozone/hadoop-ozone/integration-test/target/test-dir/MiniOzoneClusterImpl-10a7684d-3d33-49d2-80ef-f5f5272a1eb0/datanode-2/data/ratis/7ec916ed-2fa6-47c2-8a8a-64a6ecf3bfaf
2024-02-09 18:35:38,894 [81d78f49-5211-4a7a-996b-69bb86adfbbb-groupManagement] INFO  server.RaftServerConfigKeys (ConfUtils.java:logGet(46)) - raft.server.log.queue.byte-limit = 4294967296 (custom)
2024-02-09 18:35:38,894 [81d78f49-5211-4a7a-996b-69bb86adfbbb-groupManagement] INFO  server.RaftServerConfigKeys (ConfUtils.java:logGet(46)) - raft.server.log.queue.element-limit = 1024 (custom)
2024-02-09 18:35:38,894 [81d78f49-5211-4a7a-996b-69bb86adfbbb-groupManagement] INFO  server.RaftServerConfigKeys (ConfUtils.java:logGet(46)) - raft.server.log.segment.size.max = 67108864 (custom)
2024-02-09 18:35:38,894 [81d78f49-5211-4a7a-996b-69bb86adfbbb-groupManagement] INFO  server.RaftServerConfigKeys (ConfUtils.java:logGet(46)) - raft.server.log.preallocated.size = 4194304 (custom)
2024-02-09 18:35:38,895 [81d78f49-5211-4a7a-996b-69bb86adfbbb-groupManagement] INFO  server.RaftServerConfigKeys (ConfUtils.java:logGet(46)) - raft.server.log.force.sync.num = 128 (default)
2024-02-09 18:35:38,895 [81d78f49-5211-4a7a-996b-69bb86adfbbb-groupManagement] INFO  server.RaftServerConfigKeys (ConfUtils.java:logGet(46)) - raft.server.log.statemachine.data.sync = true (default)
2024-02-09 18:35:38,895 [81d78f49-5211-4a7a-996b-69bb86adfbbb-groupManagement] INFO  server.RaftServerConfigKeys (ConfUtils.java:logGet(46)) - raft.server.log.statemachine.data.sync.timeout = 10s (default)
2024-02-09 18:35:38,895 [81d78f49-5211-4a7a-996b-69bb86adfbbb-groupManagement] INFO  server.RaftServerConfigKeys (ConfUtils.java:logGet(46)) - raft.server.log.statemachine.data.sync.timeout.retry = 0 (custom)
2024-02-09 18:35:38,895 [81d78f49-5211-4a7a-996b-69bb86adfbbb-groupManagement] INFO  server.RaftServerConfigKeys (ConfUtils.java:logGet(46)) - raft.server.log.write.buffer.size = 8388616 (custom)
2024-02-09 18:35:38,896 [81d78f49-5211-4a7a-996b-69bb86adfbbb-groupManagement] INFO  server.RaftServerConfigKeys (ConfUtils.java:logGet(46)) - raft.server.log.appender.buffer.byte-limit = 8388608 (custom)
2024-02-09 18:35:38,896 [81d78f49-5211-4a7a-996b-69bb86adfbbb-groupManagement] INFO  server.RaftServerConfigKeys (ConfUtils.java:logGet(46)) - raft.server.log.unsafe-flush.enabled = false (default)
2024-02-09 18:35:38,896 [81d78f49-5211-4a7a-996b-69bb86adfbbb-groupManagement] INFO  server.RaftServerConfigKeys (ConfUtils.java:logGet(46)) - raft.server.log.async-flush.enabled = false (default)
2024-02-09 18:35:38,896 [81d78f49-5211-4a7a-996b-69bb86adfbbb-groupManagement] INFO  server.RaftServerConfigKeys (ConfUtils.java:logGet(46)) - raft.server.log.statemachine.data.caching.enabled = true (custom)
2024-02-09 18:35:38,896 [81d78f49-5211-4a7a-996b-69bb86adfbbb-groupManagement] INFO  segmented.SegmentedRaftLogWorker (SegmentedRaftLogWorker.java:lambda$new$0(134)) - 81d78f49-5211-4a7a-996b-69bb86adfbbb@group-64A6ECF3BFAF-SegmentedRaftLogWorker: flushIndex: setUnconditionally 0 -> -1
2024-02-09 18:35:38,896 [81d78f49-5211-4a7a-996b-69bb86adfbbb-groupManagement] INFO  segmented.SegmentedRaftLogWorker (SegmentedRaftLogWorker.java:lambda$new$0(134)) - 81d78f49-5211-4a7a-996b-69bb86adfbbb@group-64A6ECF3BFAF-SegmentedRaftLogWorker: safeCacheEvictIndex: setUnconditionally 0 -> -1
2024-02-09 18:35:38,896 [81d78f49-5211-4a7a-996b-69bb86adfbbb-groupManagement] INFO  server.RaftServer$Division (RaftServerImpl.java:start(396)) - 81d78f49-5211-4a7a-996b-69bb86adfbbb@group-64A6ECF3BFAF: start as a follower, conf=-1: peers:[81d78f49-5211-4a7a-996b-69bb86adfbbb|10.1.0.43:15388]|listeners:[], old=null
2024-02-09 18:35:38,896 [81d78f49-5211-4a7a-996b-69bb86adfbbb-groupManagement] INFO  server.RaftServer$Division (RaftServerImpl.java:setRole(383)) - 81d78f49-5211-4a7a-996b-69bb86adfbbb@group-64A6ECF3BFAF: changes role from      null to FOLLOWER at term 0 for startAsFollower
2024-02-09 18:35:38,896 [81d78f49-5211-4a7a-996b-69bb86adfbbb-groupManagement] INFO  impl.RoleInfo (RoleInfo.java:updateAndGet(139)) - 81d78f49-5211-4a7a-996b-69bb86adfbbb: start 81d78f49-5211-4a7a-996b-69bb86adfbbb@group-64A6ECF3BFAF-FollowerState
2024-02-09 18:35:38,897 [81d78f49-5211-4a7a-996b-69bb86adfbbb-groupManagement] INFO  util.JmxRegister (JmxRegister.java:tryRegister(44)) - Successfully registered JMX Bean with object name Ratis:service=RaftServer,group=group-64A6ECF3BFAF,id=81d78f49-5211-4a7a-996b-69bb86adfbbb
2024-02-09 18:35:38,897 [81d78f49-5211-4a7a-996b-69bb86adfbbb@group-64A6ECF3BFAF-FollowerState] INFO  server.RaftServerConfigKeys (ConfUtils.java:logFallback(53)) - raft.server.rpc.first-election.timeout.min = 5s (fallback to raft.server.rpc.timeout.min)
2024-02-09 18:35:38,897 [81d78f49-5211-4a7a-996b-69bb86adfbbb-groupManagement] INFO  server.RaftServerConfigKeys (ConfUtils.java:logGet(46)) - raft.server.snapshot.trigger-when-stop.enabled = true (default)
2024-02-09 18:35:38,897 [81d78f49-5211-4a7a-996b-69bb86adfbbb@group-64A6ECF3BFAF-FollowerState] INFO  server.RaftServerConfigKeys (ConfUtils.java:logFallback(53)) - raft.server.rpc.first-election.timeout.max = 5200ms (fallback to raft.server.rpc.timeout.max)
2024-02-09 18:35:38,897 [81d78f49-5211-4a7a-996b-69bb86adfbbb-groupManagement] INFO  server.RaftServerConfigKeys (ConfUtils.java:logGet(46)) - raft.server.snapshot.auto.trigger.enabled = true (custom)
2024-02-09 18:35:38,897 [81d78f49-5211-4a7a-996b-69bb86adfbbb-groupManagement] INFO  server.RaftServerConfigKeys (ConfUtils.java:logGet(46)) - raft.server.snapshot.auto.trigger.threshold = 10000 (custom)
2024-02-09 18:35:38,897 [81d78f49-5211-4a7a-996b-69bb86adfbbb-groupManagement] INFO  server.RaftServerConfigKeys (ConfUtils.java:logGet(46)) - raft.server.snapshot.retention.file.num = 5 (custom)
2024-02-09 18:35:38,897 [81d78f49-5211-4a7a-996b-69bb86adfbbb-groupManagement] INFO  server.RaftServerConfigKeys (ConfUtils.java:logGet(46)) - raft.server.log.purge.upto.snapshot.index = false (default)
2024-02-09 18:35:38,897 [81d78f49-5211-4a7a-996b-69bb86adfbbb-PipelineCommandHandlerThread-0] INFO  ratis.XceiverServerRatis (XceiverServerRatis.java:addGroup(864)) - Created group PipelineID=7ec916ed-2fa6-47c2-8a8a-64a6ecf3bfaf
2024-02-09 18:35:38,897 [81d78f49-5211-4a7a-996b-69bb86adfbbb-PipelineCommandHandlerThread-0] INFO  commandhandler.CreatePipelineCommandHandler (CreatePipelineCommandHandler.java:lambda$handle$2(124)) - Created Pipeline RATIS ONE PipelineID=7ec916ed-2fa6-47c2-8a8a-64a6ecf3bfaf.
2024-02-09 18:35:38,976 [81944a75-7880-48bb-a193-a5f914e328c0-PipelineCommandHandlerThread-0] INFO  server.RaftServer (RaftServerProxy.java:addNew(100)) - 81944a75-7880-48bb-a193-a5f914e328c0: addNew group-5789D7CDB26A:[81944a75-7880-48bb-a193-a5f914e328c0|10.1.0.43:15397] returns group-5789D7CDB26A:java.util.concurrent.CompletableFuture@3a189e5e[Not completed]
2024-02-09 18:35:38,977 [81944a75-7880-48bb-a193-a5f914e328c0-groupManagement] INFO  server.RaftServer$Division (RaftServerImpl.java:<init>(256)) - 81944a75-7880-48bb-a193-a5f914e328c0: new RaftServerImpl for group-5789D7CDB26A:[81944a75-7880-48bb-a193-a5f914e328c0|10.1.0.43:15397] with ContainerStateMachine:uninitialized
2024-02-09 18:35:38,977 [81944a75-7880-48bb-a193-a5f914e328c0-groupManagement] INFO  server.RaftServerConfigKeys (ConfUtils.java:logGet(46)) - raft.server.rpc.timeout.min = 5s (custom)
2024-02-09 18:35:38,977 [81944a75-7880-48bb-a193-a5f914e328c0-groupManagement] INFO  server.RaftServerConfigKeys (ConfUtils.java:logGet(46)) - raft.server.rpc.timeout.max = 5200ms (custom)
2024-02-09 18:35:38,977 [81944a75-7880-48bb-a193-a5f914e328c0-groupManagement] INFO  server.RaftServerConfigKeys (ConfUtils.java:logGet(46)) - raft.server.rpc.sleep.time = 25ms (default)
2024-02-09 18:35:38,977 [81944a75-7880-48bb-a193-a5f914e328c0-groupManagement] INFO  server.RaftServerConfigKeys (ConfUtils.java:logGet(46)) - raft.server.rpc.slowness.timeout = 300000ms (custom)
2024-02-09 18:35:38,977 [81944a75-7880-48bb-a193-a5f914e328c0-groupManagement] INFO  server.RaftServerConfigKeys (ConfUtils.java:logGet(46)) - raft.server.leaderelection.leader.step-down.wait-time = 10s (default)
2024-02-09 18:35:38,977 [81944a75-7880-48bb-a193-a5f914e328c0-groupManagement] INFO  server.RaftServerConfigKeys (ConfUtils.java:logGet(46)) - raft.server.leaderelection.member.majority-add = false (default)
2024-02-09 18:35:38,977 [81944a75-7880-48bb-a193-a5f914e328c0-groupManagement] INFO  server.RaftServerConfigKeys (ConfUtils.java:logGet(46)) - raft.server.sleep.deviation.threshold = 300ms (default)
2024-02-09 18:35:38,977 [81944a75-7880-48bb-a193-a5f914e328c0-groupManagement] INFO  server.RaftServer$Division (ServerState.java:<init>(113)) - 81944a75-7880-48bb-a193-a5f914e328c0@group-5789D7CDB26A: ConfigurationManager, init=-1: peers:[81944a75-7880-48bb-a193-a5f914e328c0|10.1.0.43:15397]|listeners:[], old=null, confs=<EMPTY_MAP>
2024-02-09 18:35:38,978 [81944a75-7880-48bb-a193-a5f914e328c0-groupManagement] INFO  server.RaftServerConfigKeys (ConfUtils.java:logGet(46)) - raft.server.notification.no-leader.timeout = 300000ms (custom)
2024-02-09 18:35:38,978 [81944a75-7880-48bb-a193-a5f914e328c0-groupManagement] INFO  server.RaftServerConfigKeys (ConfUtils.java:logGet(46)) - raft.server.read.timeout = 10s (default)
2024-02-09 18:35:38,978 [81944a75-7880-48bb-a193-a5f914e328c0-groupManagement] INFO  server.RaftServerConfigKeys (ConfUtils.java:logGet(46)) - raft.server.retrycache.expirytime = 600000ms (custom)
2024-02-09 18:35:38,978 [81944a75-7880-48bb-a193-a5f914e328c0-groupManagement] INFO  server.RaftServerConfigKeys (ConfUtils.java:logGet(46)) - raft.server.retrycache.statistics.expirytime = 100ms (default)
2024-02-09 18:35:38,978 [81944a75-7880-48bb-a193-a5f914e328c0-groupManagement] INFO  server.RaftServerConfigKeys (ConfUtils.java:logGet(46)) - raft.server.read.option = DEFAULT (default)
2024-02-09 18:35:38,978 [81944a75-7880-48bb-a193-a5f914e328c0-groupManagement] INFO  server.RaftServerConfigKeys (ConfUtils.java:logGet(46)) - raft.server.read.read-after-write-consistent.write-index-cache.expiry-time = 60s (default)
2024-02-09 18:35:38,979 [81944a75-7880-48bb-a193-a5f914e328c0-groupManagement] INFO  server.RaftServerConfigKeys (ConfUtils.java:logGet(46)) - raft.server.rpc.request.timeout = 3000ms (default)
2024-02-09 18:35:38,979 [81944a75-7880-48bb-a193-a5f914e328c0-groupManagement] INFO  server.RaftServerConfigKeys (ConfUtils.java:logGet(46)) - raft.server.log.appender.install.snapshot.enabled = false (custom)
2024-02-09 18:35:38,979 [81944a75-7880-48bb-a193-a5f914e328c0-groupManagement] INFO  server.RaftServerConfigKeys (ConfUtils.java:logGet(46)) - raft.server.threadpool.server.cached = true (default)
2024-02-09 18:35:38,979 [81944a75-7880-48bb-a193-a5f914e328c0-groupManagement] INFO  server.RaftServerConfigKeys (ConfUtils.java:logGet(46)) - raft.server.threadpool.server.size = 0 (default)
2024-02-09 18:35:38,979 [81944a75-7880-48bb-a193-a5f914e328c0-groupManagement] INFO  server.RaftServerConfigKeys (ConfUtils.java:logGet(46)) - raft.server.threadpool.client.cached = true (default)
2024-02-09 18:35:38,979 [81944a75-7880-48bb-a193-a5f914e328c0-groupManagement] INFO  server.RaftServerConfigKeys (ConfUtils.java:logGet(46)) - raft.server.threadpool.client.size = 0 (default)
2024-02-09 18:35:38,980 [81944a75-7880-48bb-a193-a5f914e328c0-groupManagement] INFO  server.RaftServerConfigKeys (ConfUtils.java:logGet(46)) - raft.server.storage.free-space.min = 0MB (=0) (default)
2024-02-09 18:35:38,980 [81944a75-7880-48bb-a193-a5f914e328c0-groupManagement] INFO  server.RaftServerConfigKeys (ConfUtils.java:logGet(46)) - raft.server.log.corruption.policy = EXCEPTION (default)
2024-02-09 18:35:38,980 [81944a75-7880-48bb-a193-a5f914e328c0-groupManagement] INFO  server.RaftServerConfigKeys (ConfUtils.java:logGet(46)) - raft.server.storage.dir = [/home/runner/work/ozone/ozone/hadoop-ozone/integration-test/target/test-dir/MiniOzoneClusterImpl-10a7684d-3d33-49d2-80ef-f5f5272a1eb0/datanode-3/data/ratis] (custom)
2024-02-09 18:35:38,980 [81944a75-7880-48bb-a193-a5f914e328c0-groupManagement] INFO  storage.RaftStorageDirectory (RaftStorageDirectoryImpl.java:analyzeStorage(138)) - The storage directory /home/runner/work/ozone/ozone/hadoop-ozone/integration-test/target/test-dir/MiniOzoneClusterImpl-10a7684d-3d33-49d2-80ef-f5f5272a1eb0/datanode-3/data/ratis/09eebd41-ca38-44b6-bd61-5789d7cdb26a does not exist. Creating ...
2024-02-09 18:35:38,981 [81944a75-7880-48bb-a193-a5f914e328c0-groupManagement] INFO  storage.RaftStorageDirectory (RaftStorageDirectoryImpl.java:tryLock(228)) - Lock on /home/runner/work/ozone/ozone/hadoop-ozone/integration-test/target/test-dir/MiniOzoneClusterImpl-10a7684d-3d33-49d2-80ef-f5f5272a1eb0/datanode-3/data/ratis/09eebd41-ca38-44b6-bd61-5789d7cdb26a/in_use.lock acquired by nodename 37674@fv-az1241-572
2024-02-09 18:35:38,981 [81944a75-7880-48bb-a193-a5f914e328c0-groupManagement] INFO  storage.RaftStorage (RaftStorageImpl.java:format(99)) - Storage directory /home/runner/work/ozone/ozone/hadoop-ozone/integration-test/target/test-dir/MiniOzoneClusterImpl-10a7684d-3d33-49d2-80ef-f5f5272a1eb0/datanode-3/data/ratis/09eebd41-ca38-44b6-bd61-5789d7cdb26a has been successfully formatted.
2024-02-09 18:35:38,981 [81944a75-7880-48bb-a193-a5f914e328c0-groupManagement] WARN  util.FileUtils (LogUtils.java:supplyAndLog(63)) - Failed to Files.newInputStream /home/runner/work/ozone/ozone/hadoop-ozone/integration-test/target/test-dir/MiniOzoneClusterImpl-10a7684d-3d33-49d2-80ef-f5f5272a1eb0/datanode-3/data/ratis/09eebd41-ca38-44b6-bd61-5789d7cdb26a/current/raft-meta.conf with options []: java.nio.file.NoSuchFileException: /home/runner/work/ozone/ozone/hadoop-ozone/integration-test/target/test-dir/MiniOzoneClusterImpl-10a7684d-3d33-49d2-80ef-f5f5272a1eb0/datanode-3/data/ratis/09eebd41-ca38-44b6-bd61-5789d7cdb26a/current/raft-meta.conf
2024-02-09 18:35:38,982 [81944a75-7880-48bb-a193-a5f914e328c0-groupManagement] INFO  ratis.ContainerStateMachine (ContainerStateMachine.java:loadSnapshot(287)) - group-5789D7CDB26A: The snapshot info is null. Setting the last applied index to:(t:0, i:~)
2024-02-09 18:35:38,982 [81944a75-7880-48bb-a193-a5f914e328c0-groupManagement] INFO  server.RaftServerConfigKeys (ConfUtils.java:logGet(46)) - raft.server.log.use.memory = false (default)
2024-02-09 18:35:38,982 [81944a75-7880-48bb-a193-a5f914e328c0-groupManagement] INFO  server.RaftServerConfigKeys (ConfUtils.java:logGet(46)) - raft.server.log.purge.gap = 1000000 (custom)
2024-02-09 18:35:38,983 [81944a75-7880-48bb-a193-a5f914e328c0-groupManagement] INFO  server.RaftServerConfigKeys (ConfUtils.java:logGet(46)) - raft.server.log.appender.buffer.byte-limit = 8388608 (custom)
2024-02-09 18:35:38,983 [81944a75-7880-48bb-a193-a5f914e328c0-groupManagement] INFO  server.RaftServerConfigKeys (ConfUtils.java:logGet(46)) - raft.server.log.statemachine.data.read.timeout = 1000ms (default)
2024-02-09 18:35:38,983 [81944a75-7880-48bb-a193-a5f914e328c0-groupManagement] INFO  server.RaftServerConfigKeys (ConfUtils.java:logGet(46)) - raft.server.log.purge.preservation.log.num = 0 (default)
2024-02-09 18:35:38,983 [EventQueue-PipelineReportForPipelineReportHandler] INFO  pipeline.PipelineReportHandler (PipelineReportHandler.java:processPipelineReport(136)) - Opened pipeline PipelineID=09eebd41-ca38-44b6-bd61-5789d7cdb26a
2024-02-09 18:35:38,983 [EventQueue-OpenPipelineForHealthyPipelineSafeModeRule] INFO  safemode.SCMSafeModeManager (HealthyPipelineSafeModeRule.java:process(140)) - SCM in safe mode. Healthy pipelines reported count is 0, required healthy pipeline reported count is 1
2024-02-09 18:35:38,984 [81944a75-7880-48bb-a193-a5f914e328c0-groupManagement] INFO  server.RaftServerConfigKeys (ConfUtils.java:logGet(46)) - raft.server.log.segment.size.max = 67108864 (custom)
2024-02-09 18:35:38,984 [81944a75-7880-48bb-a193-a5f914e328c0-groupManagement] INFO  server.RaftServerConfigKeys (ConfUtils.java:logGet(46)) - raft.server.log.segment.cache.num.max = 2 (custom)
2024-02-09 18:35:38,984 [81944a75-7880-48bb-a193-a5f914e328c0-groupManagement] INFO  server.RaftServerConfigKeys (ConfUtils.java:logGet(46)) - raft.server.log.segment.cache.size.max = 200MB (=209715200) (default)
2024-02-09 18:35:38,984 [81944a75-7880-48bb-a193-a5f914e328c0-groupManagement] INFO  server.RaftServerConfigKeys (ConfUtils.java:logGet(46)) - raft.server.log.appender.buffer.byte-limit = 8388608 (custom)
2024-02-09 18:35:38,984 [81944a75-7880-48bb-a193-a5f914e328c0-groupManagement] INFO  util.AwaitToRun (AwaitToRun.java:start(81)) - Thread[81944a75-7880-48bb-a193-a5f914e328c0@group-5789D7CDB26A-cacheEviction-AwaitToRun,5,main] started
2024-02-09 18:35:38,984 [81944a75-7880-48bb-a193-a5f914e328c0-groupManagement] INFO  segmented.SegmentedRaftLogWorker (SegmentedRaftLogWorker.java:<init>(182)) - new 81944a75-7880-48bb-a193-a5f914e328c0@group-5789D7CDB26A-SegmentedRaftLogWorker for RaftStorageImpl:Storage Directory /home/runner/work/ozone/ozone/hadoop-ozone/integration-test/target/test-dir/MiniOzoneClusterImpl-10a7684d-3d33-49d2-80ef-f5f5272a1eb0/datanode-3/data/ratis/09eebd41-ca38-44b6-bd61-5789d7cdb26a
2024-02-09 18:35:38,984 [81944a75-7880-48bb-a193-a5f914e328c0-groupManagement] INFO  server.RaftServerConfigKeys (ConfUtils.java:logGet(46)) - raft.server.log.queue.byte-limit = 4294967296 (custom)
2024-02-09 18:35:38,985 [81944a75-7880-48bb-a193-a5f914e328c0-groupManagement] INFO  server.RaftServerConfigKeys (ConfUtils.java:logGet(46)) - raft.server.log.queue.element-limit = 1024 (custom)
2024-02-09 18:35:38,985 [81944a75-7880-48bb-a193-a5f914e328c0-groupManagement] INFO  server.RaftServerConfigKeys (ConfUtils.java:logGet(46)) - raft.server.log.segment.size.max = 67108864 (custom)
2024-02-09 18:35:38,985 [81944a75-7880-48bb-a193-a5f914e328c0-groupManagement] INFO  server.RaftServerConfigKeys (ConfUtils.java:logGet(46)) - raft.server.log.preallocated.size = 4194304 (custom)
2024-02-09 18:35:38,985 [81944a75-7880-48bb-a193-a5f914e328c0-groupManagement] INFO  server.RaftServerConfigKeys (ConfUtils.java:logGet(46)) - raft.server.log.force.sync.num = 128 (default)
2024-02-09 18:35:38,985 [81944a75-7880-48bb-a193-a5f914e328c0-groupManagement] INFO  server.RaftServerConfigKeys (ConfUtils.java:logGet(46)) - raft.server.log.statemachine.data.sync = true (default)
2024-02-09 18:35:38,985 [81944a75-7880-48bb-a193-a5f914e328c0-groupManagement] INFO  server.RaftServerConfigKeys (ConfUtils.java:logGet(46)) - raft.server.log.statemachine.data.sync.timeout = 10s (default)
2024-02-09 18:35:38,985 [81944a75-7880-48bb-a193-a5f914e328c0-groupManagement] INFO  server.RaftServerConfigKeys (ConfUtils.java:logGet(46)) - raft.server.log.statemachine.data.sync.timeout.retry = 0 (custom)
2024-02-09 18:35:38,985 [81944a75-7880-48bb-a193-a5f914e328c0-groupManagement] INFO  server.RaftServerConfigKeys (ConfUtils.java:logGet(46)) - raft.server.log.write.buffer.size = 8388616 (custom)
2024-02-09 18:35:38,986 [81944a75-7880-48bb-a193-a5f914e328c0-groupManagement] INFO  server.RaftServerConfigKeys (ConfUtils.java:logGet(46)) - raft.server.log.appender.buffer.byte-limit = 8388608 (custom)
2024-02-09 18:35:38,986 [81944a75-7880-48bb-a193-a5f914e328c0-groupManagement] INFO  server.RaftServerConfigKeys (ConfUtils.java:logGet(46)) - raft.server.log.unsafe-flush.enabled = false (default)
2024-02-09 18:35:38,986 [81944a75-7880-48bb-a193-a5f914e328c0-groupManagement] INFO  server.RaftServerConfigKeys (ConfUtils.java:logGet(46)) - raft.server.log.async-flush.enabled = false (default)
2024-02-09 18:35:38,986 [81944a75-7880-48bb-a193-a5f914e328c0-groupManagement] INFO  server.RaftServerConfigKeys (ConfUtils.java:logGet(46)) - raft.server.log.statemachine.data.caching.enabled = true (custom)
2024-02-09 18:35:38,986 [81944a75-7880-48bb-a193-a5f914e328c0-groupManagement] INFO  segmented.SegmentedRaftLogWorker (SegmentedRaftLogWorker.java:lambda$new$0(134)) - 81944a75-7880-48bb-a193-a5f914e328c0@group-5789D7CDB26A-SegmentedRaftLogWorker: flushIndex: setUnconditionally 0 -> -1
2024-02-09 18:35:38,986 [81944a75-7880-48bb-a193-a5f914e328c0-groupManagement] INFO  segmented.SegmentedRaftLogWorker (SegmentedRaftLogWorker.java:lambda$new$0(134)) - 81944a75-7880-48bb-a193-a5f914e328c0@group-5789D7CDB26A-SegmentedRaftLogWorker: safeCacheEvictIndex: setUnconditionally 0 -> -1
2024-02-09 18:35:38,987 [81944a75-7880-48bb-a193-a5f914e328c0-groupManagement] INFO  server.RaftServer$Division (RaftServerImpl.java:start(396)) - 81944a75-7880-48bb-a193-a5f914e328c0@group-5789D7CDB26A: start as a follower, conf=-1: peers:[81944a75-7880-48bb-a193-a5f914e328c0|10.1.0.43:15397]|listeners:[], old=null
2024-02-09 18:35:38,987 [81944a75-7880-48bb-a193-a5f914e328c0-groupManagement] INFO  server.RaftServer$Division (RaftServerImpl.java:setRole(383)) - 81944a75-7880-48bb-a193-a5f914e328c0@group-5789D7CDB26A: changes role from      null to FOLLOWER at term 0 for startAsFollower
2024-02-09 18:35:38,987 [81944a75-7880-48bb-a193-a5f914e328c0-groupManagement] INFO  impl.RoleInfo (RoleInfo.java:updateAndGet(139)) - 81944a75-7880-48bb-a193-a5f914e328c0: start 81944a75-7880-48bb-a193-a5f914e328c0@group-5789D7CDB26A-FollowerState
2024-02-09 18:35:38,987 [81944a75-7880-48bb-a193-a5f914e328c0-groupManagement] INFO  util.JmxRegister (JmxRegister.java:tryRegister(44)) - Successfully registered JMX Bean with object name Ratis:service=RaftServer,group=group-5789D7CDB26A,id=81944a75-7880-48bb-a193-a5f914e328c0
2024-02-09 18:35:38,987 [81944a75-7880-48bb-a193-a5f914e328c0@group-5789D7CDB26A-FollowerState] INFO  server.RaftServerConfigKeys (ConfUtils.java:logFallback(53)) - raft.server.rpc.first-election.timeout.min = 5s (fallback to raft.server.rpc.timeout.min)
2024-02-09 18:35:38,987 [81944a75-7880-48bb-a193-a5f914e328c0-groupManagement] INFO  server.RaftServerConfigKeys (ConfUtils.java:logGet(46)) - raft.server.snapshot.trigger-when-stop.enabled = true (default)
2024-02-09 18:35:38,987 [81944a75-7880-48bb-a193-a5f914e328c0@group-5789D7CDB26A-FollowerState] INFO  server.RaftServerConfigKeys (ConfUtils.java:logFallback(53)) - raft.server.rpc.first-election.timeout.max = 5200ms (fallback to raft.server.rpc.timeout.max)
2024-02-09 18:35:38,987 [81944a75-7880-48bb-a193-a5f914e328c0-groupManagement] INFO  server.RaftServerConfigKeys (ConfUtils.java:logGet(46)) - raft.server.snapshot.auto.trigger.enabled = true (custom)
2024-02-09 18:35:38,987 [81944a75-7880-48bb-a193-a5f914e328c0-groupManagement] INFO  server.RaftServerConfigKeys (ConfUtils.java:logGet(46)) - raft.server.snapshot.auto.trigger.threshold = 10000 (custom)
2024-02-09 18:35:38,987 [81944a75-7880-48bb-a193-a5f914e328c0-groupManagement] INFO  server.RaftServerConfigKeys (ConfUtils.java:logGet(46)) - raft.server.snapshot.retention.file.num = 5 (custom)
2024-02-09 18:35:38,987 [81944a75-7880-48bb-a193-a5f914e328c0-groupManagement] INFO  server.RaftServerConfigKeys (ConfUtils.java:logGet(46)) - raft.server.log.purge.upto.snapshot.index = false (default)
2024-02-09 18:35:38,988 [81944a75-7880-48bb-a193-a5f914e328c0-PipelineCommandHandlerThread-0] INFO  ratis.XceiverServerRatis (XceiverServerRatis.java:addGroup(864)) - Created group PipelineID=09eebd41-ca38-44b6-bd61-5789d7cdb26a
2024-02-09 18:35:38,988 [81944a75-7880-48bb-a193-a5f914e328c0-PipelineCommandHandlerThread-0] INFO  commandhandler.CreatePipelineCommandHandler (CreatePipelineCommandHandler.java:lambda$handle$2(124)) - Created Pipeline RATIS ONE PipelineID=09eebd41-ca38-44b6-bd61-5789d7cdb26a.
2024-02-09 18:35:38,988 [81944a75-7880-48bb-a193-a5f914e328c0-PipelineCommandHandlerThread-0] INFO  server.RaftServer (RaftServerProxy.java:addNew(100)) - 81944a75-7880-48bb-a193-a5f914e328c0: addNew group-1BE58298164A:[81944a75-7880-48bb-a193-a5f914e328c0|10.1.0.43:15397, 063a7fb5-8d38-4cc1-bcc2-6ca7f0273dd7|10.1.0.43:15415, 02d298ee-5691-417b-b376-6494770463b9|10.1.0.43:15406] returns group-1BE58298164A:java.util.concurrent.CompletableFuture@3e271dc5[Not completed]
2024-02-09 18:35:38,988 [81944a75-7880-48bb-a193-a5f914e328c0-groupManagement] INFO  server.RaftServer$Division (RaftServerImpl.java:<init>(256)) - 81944a75-7880-48bb-a193-a5f914e328c0: new RaftServerImpl for group-1BE58298164A:[81944a75-7880-48bb-a193-a5f914e328c0|10.1.0.43:15397, 063a7fb5-8d38-4cc1-bcc2-6ca7f0273dd7|10.1.0.43:15415, 02d298ee-5691-417b-b376-6494770463b9|10.1.0.43:15406] with ContainerStateMachine:uninitialized
2024-02-09 18:35:38,989 [81944a75-7880-48bb-a193-a5f914e328c0-groupManagement] INFO  server.RaftServerConfigKeys (ConfUtils.java:logGet(46)) - raft.server.rpc.timeout.min = 5s (custom)
2024-02-09 18:35:38,989 [81944a75-7880-48bb-a193-a5f914e328c0-groupManagement] INFO  server.RaftServerConfigKeys (ConfUtils.java:logGet(46)) - raft.server.rpc.timeout.max = 5200ms (custom)
2024-02-09 18:35:38,989 [81944a75-7880-48bb-a193-a5f914e328c0-groupManagement] INFO  server.RaftServerConfigKeys (ConfUtils.java:logGet(46)) - raft.server.rpc.sleep.time = 25ms (default)
2024-02-09 18:35:38,989 [81944a75-7880-48bb-a193-a5f914e328c0-groupManagement] INFO  server.RaftServerConfigKeys (ConfUtils.java:logGet(46)) - raft.server.rpc.slowness.timeout = 300000ms (custom)
2024-02-09 18:35:38,989 [81944a75-7880-48bb-a193-a5f914e328c0-groupManagement] INFO  server.RaftServerConfigKeys (ConfUtils.java:logGet(46)) - raft.server.leaderelection.leader.step-down.wait-time = 10s (default)
2024-02-09 18:35:38,989 [81944a75-7880-48bb-a193-a5f914e328c0-groupManagement] INFO  server.RaftServerConfigKeys (ConfUtils.java:logGet(46)) - raft.server.leaderelection.member.majority-add = false (default)
2024-02-09 18:35:38,989 [81944a75-7880-48bb-a193-a5f914e328c0-groupManagement] INFO  server.RaftServerConfigKeys (ConfUtils.java:logGet(46)) - raft.server.sleep.deviation.threshold = 300ms (default)
2024-02-09 18:35:38,989 [81944a75-7880-48bb-a193-a5f914e328c0-groupManagement] INFO  server.RaftServer$Division (ServerState.java:<init>(113)) - 81944a75-7880-48bb-a193-a5f914e328c0@group-1BE58298164A: ConfigurationManager, init=-1: peers:[81944a75-7880-48bb-a193-a5f914e328c0|10.1.0.43:15397, 063a7fb5-8d38-4cc1-bcc2-6ca7f0273dd7|10.1.0.43:15415, 02d298ee-5691-417b-b376-6494770463b9|10.1.0.43:15406]|listeners:[], old=null, confs=<EMPTY_MAP>
2024-02-09 18:35:38,989 [81944a75-7880-48bb-a193-a5f914e328c0-groupManagement] INFO  server.RaftServerConfigKeys (ConfUtils.java:logGet(46)) - raft.server.notification.no-leader.timeout = 300000ms (custom)
2024-02-09 18:35:38,989 [81944a75-7880-48bb-a193-a5f914e328c0-groupManagement] INFO  server.RaftServerConfigKeys (ConfUtils.java:logGet(46)) - raft.server.read.timeout = 10s (default)
2024-02-09 18:35:38,989 [81944a75-7880-48bb-a193-a5f914e328c0-groupManagement] INFO  server.RaftServerConfigKeys (ConfUtils.java:logGet(46)) - raft.server.retrycache.expirytime = 600000ms (custom)
2024-02-09 18:35:38,989 [81944a75-7880-48bb-a193-a5f914e328c0-groupManagement] INFO  server.RaftServerConfigKeys (ConfUtils.java:logGet(46)) - raft.server.retrycache.statistics.expirytime = 100ms (default)
2024-02-09 18:35:38,989 [81944a75-7880-48bb-a193-a5f914e328c0-groupManagement] INFO  server.RaftServerConfigKeys (ConfUtils.java:logGet(46)) - raft.server.read.option = DEFAULT (default)
2024-02-09 18:35:38,989 [81944a75-7880-48bb-a193-a5f914e328c0-groupManagement] INFO  server.RaftServerConfigKeys (ConfUtils.java:logGet(46)) - raft.server.read.read-after-write-consistent.write-index-cache.expiry-time = 60s (default)
2024-02-09 18:35:38,991 [81944a75-7880-48bb-a193-a5f914e328c0-groupManagement] INFO  server.RaftServerConfigKeys (ConfUtils.java:logGet(46)) - raft.server.rpc.request.timeout = 3000ms (default)
2024-02-09 18:35:38,991 [81944a75-7880-48bb-a193-a5f914e328c0-groupManagement] INFO  server.RaftServerConfigKeys (ConfUtils.java:logGet(46)) - raft.server.log.appender.install.snapshot.enabled = false (custom)
2024-02-09 18:35:38,991 [81944a75-7880-48bb-a193-a5f914e328c0-groupManagement] INFO  server.RaftServerConfigKeys (ConfUtils.java:logGet(46)) - raft.server.threadpool.server.cached = true (default)
2024-02-09 18:35:38,991 [81944a75-7880-48bb-a193-a5f914e328c0-groupManagement] INFO  server.RaftServerConfigKeys (ConfUtils.java:logGet(46)) - raft.server.threadpool.server.size = 0 (default)
2024-02-09 18:35:38,992 [81944a75-7880-48bb-a193-a5f914e328c0-groupManagement] INFO  server.RaftServerConfigKeys (ConfUtils.java:logGet(46)) - raft.server.threadpool.client.cached = true (default)
2024-02-09 18:35:38,992 [81944a75-7880-48bb-a193-a5f914e328c0-groupManagement] INFO  server.RaftServerConfigKeys (ConfUtils.java:logGet(46)) - raft.server.threadpool.client.size = 0 (default)
2024-02-09 18:35:38,992 [81944a75-7880-48bb-a193-a5f914e328c0-groupManagement] INFO  server.RaftServerConfigKeys (ConfUtils.java:logGet(46)) - raft.server.storage.free-space.min = 0MB (=0) (default)
2024-02-09 18:35:38,992 [81944a75-7880-48bb-a193-a5f914e328c0-groupManagement] INFO  server.RaftServerConfigKeys (ConfUtils.java:logGet(46)) - raft.server.log.corruption.policy = EXCEPTION (default)
2024-02-09 18:35:38,992 [81944a75-7880-48bb-a193-a5f914e328c0-groupManagement] INFO  server.RaftServerConfigKeys (ConfUtils.java:logGet(46)) - raft.server.storage.dir = [/home/runner/work/ozone/ozone/hadoop-ozone/integration-test/target/test-dir/MiniOzoneClusterImpl-10a7684d-3d33-49d2-80ef-f5f5272a1eb0/datanode-3/data/ratis] (custom)
2024-02-09 18:35:38,992 [81944a75-7880-48bb-a193-a5f914e328c0-groupManagement] INFO  storage.RaftStorageDirectory (RaftStorageDirectoryImpl.java:analyzeStorage(138)) - The storage directory /home/runner/work/ozone/ozone/hadoop-ozone/integration-test/target/test-dir/MiniOzoneClusterImpl-10a7684d-3d33-49d2-80ef-f5f5272a1eb0/datanode-3/data/ratis/034c33d7-1bfa-475b-8907-1be58298164a does not exist. Creating ...
2024-02-09 18:35:38,993 [81944a75-7880-48bb-a193-a5f914e328c0-groupManagement] INFO  storage.RaftStorageDirectory (RaftStorageDirectoryImpl.java:tryLock(228)) - Lock on /home/runner/work/ozone/ozone/hadoop-ozone/integration-test/target/test-dir/MiniOzoneClusterImpl-10a7684d-3d33-49d2-80ef-f5f5272a1eb0/datanode-3/data/ratis/034c33d7-1bfa-475b-8907-1be58298164a/in_use.lock acquired by nodename 37674@fv-az1241-572
2024-02-09 18:35:38,994 [81944a75-7880-48bb-a193-a5f914e328c0-groupManagement] INFO  storage.RaftStorage (RaftStorageImpl.java:format(99)) - Storage directory /home/runner/work/ozone/ozone/hadoop-ozone/integration-test/target/test-dir/MiniOzoneClusterImpl-10a7684d-3d33-49d2-80ef-f5f5272a1eb0/datanode-3/data/ratis/034c33d7-1bfa-475b-8907-1be58298164a has been successfully formatted.
2024-02-09 18:35:38,994 [81944a75-7880-48bb-a193-a5f914e328c0-groupManagement] WARN  util.FileUtils (LogUtils.java:supplyAndLog(63)) - Failed to Files.newInputStream /home/runner/work/ozone/ozone/hadoop-ozone/integration-test/target/test-dir/MiniOzoneClusterImpl-10a7684d-3d33-49d2-80ef-f5f5272a1eb0/datanode-3/data/ratis/034c33d7-1bfa-475b-8907-1be58298164a/current/raft-meta.conf with options []: java.nio.file.NoSuchFileException: /home/runner/work/ozone/ozone/hadoop-ozone/integration-test/target/test-dir/MiniOzoneClusterImpl-10a7684d-3d33-49d2-80ef-f5f5272a1eb0/datanode-3/data/ratis/034c33d7-1bfa-475b-8907-1be58298164a/current/raft-meta.conf
2024-02-09 18:35:38,994 [81944a75-7880-48bb-a193-a5f914e328c0-groupManagement] INFO  ratis.ContainerStateMachine (ContainerStateMachine.java:loadSnapshot(287)) - group-1BE58298164A: The snapshot info is null. Setting the last applied index to:(t:0, i:~)
2024-02-09 18:35:38,994 [81944a75-7880-48bb-a193-a5f914e328c0-groupManagement] INFO  server.RaftServerConfigKeys (ConfUtils.java:logGet(46)) - raft.server.log.use.memory = false (default)
2024-02-09 18:35:38,994 [81944a75-7880-48bb-a193-a5f914e328c0-groupManagement] INFO  server.RaftServerConfigKeys (ConfUtils.java:logGet(46)) - raft.server.log.purge.gap = 1000000 (custom)
2024-02-09 18:35:38,994 [81944a75-7880-48bb-a193-a5f914e328c0-groupManagement] INFO  server.RaftServerConfigKeys (ConfUtils.java:logGet(46)) - raft.server.log.appender.buffer.byte-limit = 8388608 (custom)
2024-02-09 18:35:38,994 [81944a75-7880-48bb-a193-a5f914e328c0-groupManagement] INFO  server.RaftServerConfigKeys (ConfUtils.java:logGet(46)) - raft.server.log.statemachine.data.read.timeout = 1000ms (default)
2024-02-09 18:35:38,995 [EventQueue-OpenPipelineForHealthyPipelineSafeModeRule] INFO  safemode.SCMSafeModeManager (HealthyPipelineSafeModeRule.java:process(140)) - SCM in safe mode. Healthy pipelines reported count is 0, required healthy pipeline reported count is 1
2024-02-09 18:35:38,995 [81944a75-7880-48bb-a193-a5f914e328c0-groupManagement] INFO  server.RaftServerConfigKeys (ConfUtils.java:logGet(46)) - raft.server.log.purge.preservation.log.num = 0 (default)
2024-02-09 18:35:38,996 [81944a75-7880-48bb-a193-a5f914e328c0-groupManagement] INFO  server.RaftServerConfigKeys (ConfUtils.java:logGet(46)) - raft.server.log.segment.size.max = 67108864 (custom)
2024-02-09 18:35:38,997 [81944a75-7880-48bb-a193-a5f914e328c0-groupManagement] INFO  server.RaftServerConfigKeys (ConfUtils.java:logGet(46)) - raft.server.log.segment.cache.num.max = 2 (custom)
2024-02-09 18:35:38,997 [81944a75-7880-48bb-a193-a5f914e328c0-groupManagement] INFO  server.RaftServerConfigKeys (ConfUtils.java:logGet(46)) - raft.server.log.segment.cache.size.max = 200MB (=209715200) (default)
2024-02-09 18:35:38,997 [81944a75-7880-48bb-a193-a5f914e328c0-groupManagement] INFO  server.RaftServerConfigKeys (ConfUtils.java:logGet(46)) - raft.server.log.appender.buffer.byte-limit = 8388608 (custom)
2024-02-09 18:35:38,997 [81944a75-7880-48bb-a193-a5f914e328c0-groupManagement] INFO  util.AwaitToRun (AwaitToRun.java:start(81)) - Thread[81944a75-7880-48bb-a193-a5f914e328c0@group-1BE58298164A-cacheEviction-AwaitToRun,5,main] started
2024-02-09 18:35:38,997 [81944a75-7880-48bb-a193-a5f914e328c0-groupManagement] INFO  segmented.SegmentedRaftLogWorker (SegmentedRaftLogWorker.java:<init>(182)) - new 81944a75-7880-48bb-a193-a5f914e328c0@group-1BE58298164A-SegmentedRaftLogWorker for RaftStorageImpl:Storage Directory /home/runner/work/ozone/ozone/hadoop-ozone/integration-test/target/test-dir/MiniOzoneClusterImpl-10a7684d-3d33-49d2-80ef-f5f5272a1eb0/datanode-3/data/ratis/034c33d7-1bfa-475b-8907-1be58298164a
2024-02-09 18:35:38,997 [81944a75-7880-48bb-a193-a5f914e328c0-groupManagement] INFO  server.RaftServerConfigKeys (ConfUtils.java:logGet(46)) - raft.server.log.queue.byte-limit = 4294967296 (custom)
2024-02-09 18:35:38,997 [81944a75-7880-48bb-a193-a5f914e328c0-groupManagement] INFO  server.RaftServerConfigKeys (ConfUtils.java:logGet(46)) - raft.server.log.queue.element-limit = 1024 (custom)
2024-02-09 18:35:38,997 [81944a75-7880-48bb-a193-a5f914e328c0-groupManagement] INFO  server.RaftServerConfigKeys (ConfUtils.java:logGet(46)) - raft.server.log.segment.size.max = 67108864 (custom)
2024-02-09 18:35:38,997 [81944a75-7880-48bb-a193-a5f914e328c0-groupManagement] INFO  server.RaftServerConfigKeys (ConfUtils.java:logGet(46)) - raft.server.log.preallocated.size = 4194304 (custom)
2024-02-09 18:35:38,997 [81944a75-7880-48bb-a193-a5f914e328c0-groupManagement] INFO  server.RaftServerConfigKeys (ConfUtils.java:logGet(46)) - raft.server.log.force.sync.num = 128 (default)
2024-02-09 18:35:38,997 [81944a75-7880-48bb-a193-a5f914e328c0-groupManagement] INFO  server.RaftServerConfigKeys (ConfUtils.java:logGet(46)) - raft.server.log.statemachine.data.sync = true (default)
2024-02-09 18:35:38,997 [81944a75-7880-48bb-a193-a5f914e328c0-groupManagement] INFO  server.RaftServerConfigKeys (ConfUtils.java:logGet(46)) - raft.server.log.statemachine.data.sync.timeout = 10s (default)
2024-02-09 18:35:38,997 [81944a75-7880-48bb-a193-a5f914e328c0-groupManagement] INFO  server.RaftServerConfigKeys (ConfUtils.java:logGet(46)) - raft.server.log.statemachine.data.sync.timeout.retry = 0 (custom)
2024-02-09 18:35:38,997 [81944a75-7880-48bb-a193-a5f914e328c0-groupManagement] INFO  server.RaftServerConfigKeys (ConfUtils.java:logGet(46)) - raft.server.log.write.buffer.size = 8388616 (custom)
2024-02-09 18:35:38,998 [81944a75-7880-48bb-a193-a5f914e328c0-groupManagement] INFO  server.RaftServerConfigKeys (ConfUtils.java:logGet(46)) - raft.server.log.appender.buffer.byte-limit = 8388608 (custom)
2024-02-09 18:35:38,998 [81944a75-7880-48bb-a193-a5f914e328c0-groupManagement] INFO  server.RaftServerConfigKeys (ConfUtils.java:logGet(46)) - raft.server.log.unsafe-flush.enabled = false (default)
2024-02-09 18:35:38,999 [81944a75-7880-48bb-a193-a5f914e328c0-groupManagement] INFO  server.RaftServerConfigKeys (ConfUtils.java:logGet(46)) - raft.server.log.async-flush.enabled = false (default)
2024-02-09 18:35:38,999 [81944a75-7880-48bb-a193-a5f914e328c0-groupManagement] INFO  server.RaftServerConfigKeys (ConfUtils.java:logGet(46)) - raft.server.log.statemachine.data.caching.enabled = true (custom)
2024-02-09 18:35:38,999 [81944a75-7880-48bb-a193-a5f914e328c0-groupManagement] INFO  segmented.SegmentedRaftLogWorker (SegmentedRaftLogWorker.java:lambda$new$0(134)) - 81944a75-7880-48bb-a193-a5f914e328c0@group-1BE58298164A-SegmentedRaftLogWorker: flushIndex: setUnconditionally 0 -> -1
2024-02-09 18:35:38,999 [81944a75-7880-48bb-a193-a5f914e328c0-groupManagement] INFO  segmented.SegmentedRaftLogWorker (SegmentedRaftLogWorker.java:lambda$new$0(134)) - 81944a75-7880-48bb-a193-a5f914e328c0@group-1BE58298164A-SegmentedRaftLogWorker: safeCacheEvictIndex: setUnconditionally 0 -> -1
2024-02-09 18:35:38,999 [81944a75-7880-48bb-a193-a5f914e328c0-groupManagement] INFO  server.RaftServer$Division (RaftServerImpl.java:start(396)) - 81944a75-7880-48bb-a193-a5f914e328c0@group-1BE58298164A: start as a follower, conf=-1: peers:[81944a75-7880-48bb-a193-a5f914e328c0|10.1.0.43:15397, 063a7fb5-8d38-4cc1-bcc2-6ca7f0273dd7|10.1.0.43:15415, 02d298ee-5691-417b-b376-6494770463b9|10.1.0.43:15406]|listeners:[], old=null
2024-02-09 18:35:38,999 [81944a75-7880-48bb-a193-a5f914e328c0-groupManagement] INFO  server.RaftServer$Division (RaftServerImpl.java:setRole(383)) - 81944a75-7880-48bb-a193-a5f914e328c0@group-1BE58298164A: changes role from      null to FOLLOWER at term 0 for startAsFollower
2024-02-09 18:35:38,999 [81944a75-7880-48bb-a193-a5f914e328c0-groupManagement] INFO  impl.RoleInfo (RoleInfo.java:updateAndGet(139)) - 81944a75-7880-48bb-a193-a5f914e328c0: start 81944a75-7880-48bb-a193-a5f914e328c0@group-1BE58298164A-FollowerState
2024-02-09 18:35:38,999 [81944a75-7880-48bb-a193-a5f914e328c0-groupManagement] INFO  util.JmxRegister (JmxRegister.java:tryRegister(44)) - Successfully registered JMX Bean with object name Ratis:service=RaftServer,group=group-1BE58298164A,id=81944a75-7880-48bb-a193-a5f914e328c0
2024-02-09 18:35:38,999 [81944a75-7880-48bb-a193-a5f914e328c0@group-1BE58298164A-FollowerState] INFO  server.RaftServerConfigKeys (ConfUtils.java:logFallback(53)) - raft.server.rpc.first-election.timeout.min = 5s (fallback to raft.server.rpc.timeout.min)
2024-02-09 18:35:38,999 [81944a75-7880-48bb-a193-a5f914e328c0-groupManagement] INFO  server.RaftServerConfigKeys (ConfUtils.java:logGet(46)) - raft.server.snapshot.trigger-when-stop.enabled = true (default)
2024-02-09 18:35:38,999 [81944a75-7880-48bb-a193-a5f914e328c0@group-1BE58298164A-FollowerState] INFO  server.RaftServerConfigKeys (ConfUtils.java:logFallback(53)) - raft.server.rpc.first-election.timeout.max = 5200ms (fallback to raft.server.rpc.timeout.max)
2024-02-09 18:35:38,999 [81944a75-7880-48bb-a193-a5f914e328c0-groupManagement] INFO  server.RaftServerConfigKeys (ConfUtils.java:logGet(46)) - raft.server.snapshot.auto.trigger.enabled = true (custom)
2024-02-09 18:35:38,999 [81944a75-7880-48bb-a193-a5f914e328c0-groupManagement] INFO  server.RaftServerConfigKeys (ConfUtils.java:logGet(46)) - raft.server.snapshot.auto.trigger.threshold = 10000 (custom)
2024-02-09 18:35:38,999 [81944a75-7880-48bb-a193-a5f914e328c0-groupManagement] INFO  server.RaftServerConfigKeys (ConfUtils.java:logGet(46)) - raft.server.snapshot.retention.file.num = 5 (custom)
2024-02-09 18:35:39,000 [81944a75-7880-48bb-a193-a5f914e328c0-groupManagement] INFO  server.RaftServerConfigKeys (ConfUtils.java:logGet(46)) - raft.server.log.purge.upto.snapshot.index = false (default)
2024-02-09 18:35:39,000 [81944a75-7880-48bb-a193-a5f914e328c0-PipelineCommandHandlerThread-0] INFO  ratis.XceiverServerRatis (XceiverServerRatis.java:addGroup(864)) - Created group PipelineID=034c33d7-1bfa-475b-8907-1be58298164a
2024-02-09 18:35:39,006 [grpc-default-executor-7] INFO  server.RaftServer (RaftServerProxy.java:addNew(100)) - 02d298ee-5691-417b-b376-6494770463b9: addNew group-1BE58298164A:[81944a75-7880-48bb-a193-a5f914e328c0|10.1.0.43:15397, 063a7fb5-8d38-4cc1-bcc2-6ca7f0273dd7|10.1.0.43:15415, 02d298ee-5691-417b-b376-6494770463b9|10.1.0.43:15406] returns group-1BE58298164A:java.util.concurrent.CompletableFuture@2e9114f6[Not completed]
2024-02-09 18:35:39,006 [02d298ee-5691-417b-b376-6494770463b9-groupManagement] INFO  server.RaftServer$Division (RaftServerImpl.java:<init>(256)) - 02d298ee-5691-417b-b376-6494770463b9: new RaftServerImpl for group-1BE58298164A:[81944a75-7880-48bb-a193-a5f914e328c0|10.1.0.43:15397, 063a7fb5-8d38-4cc1-bcc2-6ca7f0273dd7|10.1.0.43:15415, 02d298ee-5691-417b-b376-6494770463b9|10.1.0.43:15406] with ContainerStateMachine:uninitialized
2024-02-09 18:35:39,006 [02d298ee-5691-417b-b376-6494770463b9-groupManagement] INFO  server.RaftServerConfigKeys (ConfUtils.java:logGet(46)) - raft.server.rpc.timeout.min = 5s (custom)
2024-02-09 18:35:39,006 [02d298ee-5691-417b-b376-6494770463b9-groupManagement] INFO  server.RaftServerConfigKeys (ConfUtils.java:logGet(46)) - raft.server.rpc.timeout.max = 5200ms (custom)
2024-02-09 18:35:39,006 [02d298ee-5691-417b-b376-6494770463b9-groupManagement] INFO  server.RaftServerConfigKeys (ConfUtils.java:logGet(46)) - raft.server.rpc.sleep.time = 25ms (default)
2024-02-09 18:35:39,006 [02d298ee-5691-417b-b376-6494770463b9-groupManagement] INFO  server.RaftServerConfigKeys (ConfUtils.java:logGet(46)) - raft.server.rpc.slowness.timeout = 300000ms (custom)
2024-02-09 18:35:39,006 [02d298ee-5691-417b-b376-6494770463b9-groupManagement] INFO  server.RaftServerConfigKeys (ConfUtils.java:logGet(46)) - raft.server.leaderelection.leader.step-down.wait-time = 10s (default)
2024-02-09 18:35:39,006 [02d298ee-5691-417b-b376-6494770463b9-groupManagement] INFO  server.RaftServerConfigKeys (ConfUtils.java:logGet(46)) - raft.server.leaderelection.member.majority-add = false (default)
2024-02-09 18:35:39,006 [02d298ee-5691-417b-b376-6494770463b9-groupManagement] INFO  server.RaftServerConfigKeys (ConfUtils.java:logGet(46)) - raft.server.sleep.deviation.threshold = 300ms (default)
2024-02-09 18:35:39,007 [02d298ee-5691-417b-b376-6494770463b9-groupManagement] INFO  server.RaftServer$Division (ServerState.java:<init>(113)) - 02d298ee-5691-417b-b376-6494770463b9@group-1BE58298164A: ConfigurationManager, init=-1: peers:[81944a75-7880-48bb-a193-a5f914e328c0|10.1.0.43:15397, 063a7fb5-8d38-4cc1-bcc2-6ca7f0273dd7|10.1.0.43:15415, 02d298ee-5691-417b-b376-6494770463b9|10.1.0.43:15406]|listeners:[], old=null, confs=<EMPTY_MAP>
2024-02-09 18:35:39,007 [02d298ee-5691-417b-b376-6494770463b9-groupManagement] INFO  server.RaftServerConfigKeys (ConfUtils.java:logGet(46)) - raft.server.notification.no-leader.timeout = 300000ms (custom)
2024-02-09 18:35:39,007 [02d298ee-5691-417b-b376-6494770463b9-groupManagement] INFO  server.RaftServerConfigKeys (ConfUtils.java:logGet(46)) - raft.server.read.timeout = 10s (default)
2024-02-09 18:35:39,007 [02d298ee-5691-417b-b376-6494770463b9-groupManagement] INFO  server.RaftServerConfigKeys (ConfUtils.java:logGet(46)) - raft.server.retrycache.expirytime = 600000ms (custom)
2024-02-09 18:35:39,007 [02d298ee-5691-417b-b376-6494770463b9-groupManagement] INFO  server.RaftServerConfigKeys (ConfUtils.java:logGet(46)) - raft.server.retrycache.statistics.expirytime = 100ms (default)
2024-02-09 18:35:39,007 [02d298ee-5691-417b-b376-6494770463b9-groupManagement] INFO  server.RaftServerConfigKeys (ConfUtils.java:logGet(46)) - raft.server.read.option = DEFAULT (default)
2024-02-09 18:35:39,007 [02d298ee-5691-417b-b376-6494770463b9-groupManagement] INFO  server.RaftServerConfigKeys (ConfUtils.java:logGet(46)) - raft.server.read.read-after-write-consistent.write-index-cache.expiry-time = 60s (default)
2024-02-09 18:35:39,008 [02d298ee-5691-417b-b376-6494770463b9-groupManagement] INFO  server.RaftServerConfigKeys (ConfUtils.java:logGet(46)) - raft.server.rpc.request.timeout = 3000ms (default)
2024-02-09 18:35:39,008 [02d298ee-5691-417b-b376-6494770463b9-groupManagement] INFO  server.RaftServerConfigKeys (ConfUtils.java:logGet(46)) - raft.server.log.appender.install.snapshot.enabled = false (custom)
2024-02-09 18:35:39,008 [02d298ee-5691-417b-b376-6494770463b9-groupManagement] INFO  server.RaftServerConfigKeys (ConfUtils.java:logGet(46)) - raft.server.threadpool.server.cached = true (default)
2024-02-09 18:35:39,008 [02d298ee-5691-417b-b376-6494770463b9-groupManagement] INFO  server.RaftServerConfigKeys (ConfUtils.java:logGet(46)) - raft.server.threadpool.server.size = 0 (default)
2024-02-09 18:35:39,008 [02d298ee-5691-417b-b376-6494770463b9-groupManagement] INFO  server.RaftServerConfigKeys (ConfUtils.java:logGet(46)) - raft.server.threadpool.client.cached = true (default)
2024-02-09 18:35:39,008 [02d298ee-5691-417b-b376-6494770463b9-groupManagement] INFO  server.RaftServerConfigKeys (ConfUtils.java:logGet(46)) - raft.server.threadpool.client.size = 0 (default)
2024-02-09 18:35:39,008 [02d298ee-5691-417b-b376-6494770463b9-groupManagement] INFO  server.RaftServerConfigKeys (ConfUtils.java:logGet(46)) - raft.server.storage.free-space.min = 0MB (=0) (default)
2024-02-09 18:35:39,008 [02d298ee-5691-417b-b376-6494770463b9-groupManagement] INFO  server.RaftServerConfigKeys (ConfUtils.java:logGet(46)) - raft.server.log.corruption.policy = EXCEPTION (default)
2024-02-09 18:35:39,008 [02d298ee-5691-417b-b376-6494770463b9-groupManagement] INFO  server.RaftServerConfigKeys (ConfUtils.java:logGet(46)) - raft.server.storage.dir = [/home/runner/work/ozone/ozone/hadoop-ozone/integration-test/target/test-dir/MiniOzoneClusterImpl-10a7684d-3d33-49d2-80ef-f5f5272a1eb0/datanode-4/data/ratis] (custom)
2024-02-09 18:35:39,009 [02d298ee-5691-417b-b376-6494770463b9-groupManagement] INFO  storage.RaftStorageDirectory (RaftStorageDirectoryImpl.java:analyzeStorage(138)) - The storage directory /home/runner/work/ozone/ozone/hadoop-ozone/integration-test/target/test-dir/MiniOzoneClusterImpl-10a7684d-3d33-49d2-80ef-f5f5272a1eb0/datanode-4/data/ratis/034c33d7-1bfa-475b-8907-1be58298164a does not exist. Creating ...
2024-02-09 18:35:39,009 [02d298ee-5691-417b-b376-6494770463b9-groupManagement] INFO  storage.RaftStorageDirectory (RaftStorageDirectoryImpl.java:tryLock(228)) - Lock on /home/runner/work/ozone/ozone/hadoop-ozone/integration-test/target/test-dir/MiniOzoneClusterImpl-10a7684d-3d33-49d2-80ef-f5f5272a1eb0/datanode-4/data/ratis/034c33d7-1bfa-475b-8907-1be58298164a/in_use.lock acquired by nodename 37674@fv-az1241-572
2024-02-09 18:35:39,010 [02d298ee-5691-417b-b376-6494770463b9-groupManagement] INFO  storage.RaftStorage (RaftStorageImpl.java:format(99)) - Storage directory /home/runner/work/ozone/ozone/hadoop-ozone/integration-test/target/test-dir/MiniOzoneClusterImpl-10a7684d-3d33-49d2-80ef-f5f5272a1eb0/datanode-4/data/ratis/034c33d7-1bfa-475b-8907-1be58298164a has been successfully formatted.
2024-02-09 18:35:39,010 [02d298ee-5691-417b-b376-6494770463b9-groupManagement] WARN  util.FileUtils (LogUtils.java:supplyAndLog(63)) - Failed to Files.newInputStream /home/runner/work/ozone/ozone/hadoop-ozone/integration-test/target/test-dir/MiniOzoneClusterImpl-10a7684d-3d33-49d2-80ef-f5f5272a1eb0/datanode-4/data/ratis/034c33d7-1bfa-475b-8907-1be58298164a/current/raft-meta.conf with options []: java.nio.file.NoSuchFileException: /home/runner/work/ozone/ozone/hadoop-ozone/integration-test/target/test-dir/MiniOzoneClusterImpl-10a7684d-3d33-49d2-80ef-f5f5272a1eb0/datanode-4/data/ratis/034c33d7-1bfa-475b-8907-1be58298164a/current/raft-meta.conf
2024-02-09 18:35:39,011 [02d298ee-5691-417b-b376-6494770463b9-groupManagement] INFO  ratis.ContainerStateMachine (ContainerStateMachine.java:loadSnapshot(287)) - group-1BE58298164A: The snapshot info is null. Setting the last applied index to:(t:0, i:~)
2024-02-09 18:35:39,011 [02d298ee-5691-417b-b376-6494770463b9-groupManagement] INFO  server.RaftServerConfigKeys (ConfUtils.java:logGet(46)) - raft.server.log.use.memory = false (default)
2024-02-09 18:35:39,011 [02d298ee-5691-417b-b376-6494770463b9-groupManagement] INFO  server.RaftServerConfigKeys (ConfUtils.java:logGet(46)) - raft.server.log.purge.gap = 1000000 (custom)
2024-02-09 18:35:39,012 [02d298ee-5691-417b-b376-6494770463b9-groupManagement] INFO  server.RaftServerConfigKeys (ConfUtils.java:logGet(46)) - raft.server.log.appender.buffer.byte-limit = 8388608 (custom)
2024-02-09 18:35:39,012 [02d298ee-5691-417b-b376-6494770463b9-groupManagement] INFO  server.RaftServerConfigKeys (ConfUtils.java:logGet(46)) - raft.server.log.statemachine.data.read.timeout = 1000ms (default)
2024-02-09 18:35:39,012 [02d298ee-5691-417b-b376-6494770463b9-groupManagement] INFO  server.RaftServerConfigKeys (ConfUtils.java:logGet(46)) - raft.server.log.purge.preservation.log.num = 0 (default)
2024-02-09 18:35:39,013 [02d298ee-5691-417b-b376-6494770463b9-groupManagement] INFO  server.RaftServerConfigKeys (ConfUtils.java:logGet(46)) - raft.server.log.segment.size.max = 67108864 (custom)
2024-02-09 18:35:39,013 [02d298ee-5691-417b-b376-6494770463b9-groupManagement] INFO  server.RaftServerConfigKeys (ConfUtils.java:logGet(46)) - raft.server.log.segment.cache.num.max = 2 (custom)
2024-02-09 18:35:39,013 [02d298ee-5691-417b-b376-6494770463b9-groupManagement] INFO  server.RaftServerConfigKeys (ConfUtils.java:logGet(46)) - raft.server.log.segment.cache.size.max = 200MB (=209715200) (default)
2024-02-09 18:35:39,013 [02d298ee-5691-417b-b376-6494770463b9-groupManagement] INFO  server.RaftServerConfigKeys (ConfUtils.java:logGet(46)) - raft.server.log.appender.buffer.byte-limit = 8388608 (custom)
2024-02-09 18:35:39,014 [02d298ee-5691-417b-b376-6494770463b9-groupManagement] INFO  util.AwaitToRun (AwaitToRun.java:start(81)) - Thread[02d298ee-5691-417b-b376-6494770463b9@group-1BE58298164A-cacheEviction-AwaitToRun,5,main] started
2024-02-09 18:35:39,014 [02d298ee-5691-417b-b376-6494770463b9-groupManagement] INFO  segmented.SegmentedRaftLogWorker (SegmentedRaftLogWorker.java:<init>(182)) - new 02d298ee-5691-417b-b376-6494770463b9@group-1BE58298164A-SegmentedRaftLogWorker for RaftStorageImpl:Storage Directory /home/runner/work/ozone/ozone/hadoop-ozone/integration-test/target/test-dir/MiniOzoneClusterImpl-10a7684d-3d33-49d2-80ef-f5f5272a1eb0/datanode-4/data/ratis/034c33d7-1bfa-475b-8907-1be58298164a
2024-02-09 18:35:39,014 [02d298ee-5691-417b-b376-6494770463b9-groupManagement] INFO  server.RaftServerConfigKeys (ConfUtils.java:logGet(46)) - raft.server.log.queue.byte-limit = 4294967296 (custom)
2024-02-09 18:35:39,014 [02d298ee-5691-417b-b376-6494770463b9-groupManagement] INFO  server.RaftServerConfigKeys (ConfUtils.java:logGet(46)) - raft.server.log.queue.element-limit = 1024 (custom)
2024-02-09 18:35:39,014 [02d298ee-5691-417b-b376-6494770463b9-groupManagement] INFO  server.RaftServerConfigKeys (ConfUtils.java:logGet(46)) - raft.server.log.segment.size.max = 67108864 (custom)
2024-02-09 18:35:39,014 [02d298ee-5691-417b-b376-6494770463b9-groupManagement] INFO  server.RaftServerConfigKeys (ConfUtils.java:logGet(46)) - raft.server.log.preallocated.size = 4194304 (custom)
2024-02-09 18:35:39,014 [02d298ee-5691-417b-b376-6494770463b9-groupManagement] INFO  server.RaftServerConfigKeys (ConfUtils.java:logGet(46)) - raft.server.log.force.sync.num = 128 (default)
2024-02-09 18:35:39,014 [02d298ee-5691-417b-b376-6494770463b9-groupManagement] INFO  server.RaftServerConfigKeys (ConfUtils.java:logGet(46)) - raft.server.log.statemachine.data.sync = true (default)
2024-02-09 18:35:39,014 [02d298ee-5691-417b-b376-6494770463b9-groupManagement] INFO  server.RaftServerConfigKeys (ConfUtils.java:logGet(46)) - raft.server.log.statemachine.data.sync.timeout = 10s (default)
2024-02-09 18:35:39,014 [02d298ee-5691-417b-b376-6494770463b9-groupManagement] INFO  server.RaftServerConfigKeys (ConfUtils.java:logGet(46)) - raft.server.log.statemachine.data.sync.timeout.retry = 0 (custom)
2024-02-09 18:35:39,014 [02d298ee-5691-417b-b376-6494770463b9-groupManagement] INFO  server.RaftServerConfigKeys (ConfUtils.java:logGet(46)) - raft.server.log.write.buffer.size = 8388616 (custom)
2024-02-09 18:35:39,015 [02d298ee-5691-417b-b376-6494770463b9-groupManagement] INFO  server.RaftServerConfigKeys (ConfUtils.java:logGet(46)) - raft.server.log.appender.buffer.byte-limit = 8388608 (custom)
2024-02-09 18:35:39,015 [02d298ee-5691-417b-b376-6494770463b9-groupManagement] INFO  server.RaftServerConfigKeys (ConfUtils.java:logGet(46)) - raft.server.log.unsafe-flush.enabled = false (default)
2024-02-09 18:35:39,015 [02d298ee-5691-417b-b376-6494770463b9-groupManagement] INFO  server.RaftServerConfigKeys (ConfUtils.java:logGet(46)) - raft.server.log.async-flush.enabled = false (default)
2024-02-09 18:35:39,015 [02d298ee-5691-417b-b376-6494770463b9-groupManagement] INFO  server.RaftServerConfigKeys (ConfUtils.java:logGet(46)) - raft.server.log.statemachine.data.caching.enabled = true (custom)
2024-02-09 18:35:39,016 [02d298ee-5691-417b-b376-6494770463b9-groupManagement] INFO  segmented.SegmentedRaftLogWorker (SegmentedRaftLogWorker.java:lambda$new$0(134)) - 02d298ee-5691-417b-b376-6494770463b9@group-1BE58298164A-SegmentedRaftLogWorker: flushIndex: setUnconditionally 0 -> -1
2024-02-09 18:35:39,016 [02d298ee-5691-417b-b376-6494770463b9-groupManagement] INFO  segmented.SegmentedRaftLogWorker (SegmentedRaftLogWorker.java:lambda$new$0(134)) - 02d298ee-5691-417b-b376-6494770463b9@group-1BE58298164A-SegmentedRaftLogWorker: safeCacheEvictIndex: setUnconditionally 0 -> -1
2024-02-09 18:35:39,016 [02d298ee-5691-417b-b376-6494770463b9-groupManagement] INFO  server.RaftServer$Division (RaftServerImpl.java:start(396)) - 02d298ee-5691-417b-b376-6494770463b9@group-1BE58298164A: start as a follower, conf=-1: peers:[81944a75-7880-48bb-a193-a5f914e328c0|10.1.0.43:15397, 063a7fb5-8d38-4cc1-bcc2-6ca7f0273dd7|10.1.0.43:15415, 02d298ee-5691-417b-b376-6494770463b9|10.1.0.43:15406]|listeners:[], old=null
2024-02-09 18:35:39,016 [02d298ee-5691-417b-b376-6494770463b9-groupManagement] INFO  server.RaftServer$Division (RaftServerImpl.java:setRole(383)) - 02d298ee-5691-417b-b376-6494770463b9@group-1BE58298164A: changes role from      null to FOLLOWER at term 0 for startAsFollower
2024-02-09 18:35:39,016 [02d298ee-5691-417b-b376-6494770463b9-groupManagement] INFO  impl.RoleInfo (RoleInfo.java:updateAndGet(139)) - 02d298ee-5691-417b-b376-6494770463b9: start 02d298ee-5691-417b-b376-6494770463b9@group-1BE58298164A-FollowerState
2024-02-09 18:35:39,016 [02d298ee-5691-417b-b376-6494770463b9@group-1BE58298164A-FollowerState] INFO  server.RaftServerConfigKeys (ConfUtils.java:logFallback(53)) - raft.server.rpc.first-election.timeout.min = 5s (fallback to raft.server.rpc.timeout.min)
2024-02-09 18:35:39,016 [02d298ee-5691-417b-b376-6494770463b9-groupManagement] INFO  util.JmxRegister (JmxRegister.java:tryRegister(44)) - Successfully registered JMX Bean with object name Ratis:service=RaftServer,group=group-1BE58298164A,id=02d298ee-5691-417b-b376-6494770463b9
2024-02-09 18:35:39,016 [02d298ee-5691-417b-b376-6494770463b9@group-1BE58298164A-FollowerState] INFO  server.RaftServerConfigKeys (ConfUtils.java:logFallback(53)) - raft.server.rpc.first-election.timeout.max = 5200ms (fallback to raft.server.rpc.timeout.max)
2024-02-09 18:35:39,016 [02d298ee-5691-417b-b376-6494770463b9-groupManagement] INFO  server.RaftServerConfigKeys (ConfUtils.java:logGet(46)) - raft.server.snapshot.trigger-when-stop.enabled = true (default)
2024-02-09 18:35:39,016 [02d298ee-5691-417b-b376-6494770463b9-groupManagement] INFO  server.RaftServerConfigKeys (ConfUtils.java:logGet(46)) - raft.server.snapshot.auto.trigger.enabled = true (custom)
2024-02-09 18:35:39,016 [02d298ee-5691-417b-b376-6494770463b9-groupManagement] INFO  server.RaftServerConfigKeys (ConfUtils.java:logGet(46)) - raft.server.snapshot.auto.trigger.threshold = 10000 (custom)
2024-02-09 18:35:39,016 [02d298ee-5691-417b-b376-6494770463b9-groupManagement] INFO  server.RaftServerConfigKeys (ConfUtils.java:logGet(46)) - raft.server.snapshot.retention.file.num = 5 (custom)
2024-02-09 18:35:39,016 [02d298ee-5691-417b-b376-6494770463b9-groupManagement] INFO  server.RaftServerConfigKeys (ConfUtils.java:logGet(46)) - raft.server.log.purge.upto.snapshot.index = false (default)
2024-02-09 18:35:39,027 [grpc-default-executor-7] INFO  server.RaftServer (RaftServerProxy.java:addNew(100)) - 063a7fb5-8d38-4cc1-bcc2-6ca7f0273dd7: addNew group-1BE58298164A:[81944a75-7880-48bb-a193-a5f914e328c0|10.1.0.43:15397, 063a7fb5-8d38-4cc1-bcc2-6ca7f0273dd7|10.1.0.43:15415, 02d298ee-5691-417b-b376-6494770463b9|10.1.0.43:15406] returns group-1BE58298164A:java.util.concurrent.CompletableFuture@47bf37bc[Not completed]
2024-02-09 18:35:39,028 [063a7fb5-8d38-4cc1-bcc2-6ca7f0273dd7-groupManagement] INFO  server.RaftServer$Division (RaftServerImpl.java:<init>(256)) - 063a7fb5-8d38-4cc1-bcc2-6ca7f0273dd7: new RaftServerImpl for group-1BE58298164A:[81944a75-7880-48bb-a193-a5f914e328c0|10.1.0.43:15397, 063a7fb5-8d38-4cc1-bcc2-6ca7f0273dd7|10.1.0.43:15415, 02d298ee-5691-417b-b376-6494770463b9|10.1.0.43:15406] with ContainerStateMachine:uninitialized
2024-02-09 18:35:39,028 [063a7fb5-8d38-4cc1-bcc2-6ca7f0273dd7-groupManagement] INFO  server.RaftServerConfigKeys (ConfUtils.java:logGet(46)) - raft.server.rpc.timeout.min = 5s (custom)
2024-02-09 18:35:39,028 [063a7fb5-8d38-4cc1-bcc2-6ca7f0273dd7-groupManagement] INFO  server.RaftServerConfigKeys (ConfUtils.java:logGet(46)) - raft.server.rpc.timeout.max = 5200ms (custom)
2024-02-09 18:35:39,028 [063a7fb5-8d38-4cc1-bcc2-6ca7f0273dd7-groupManagement] INFO  server.RaftServerConfigKeys (ConfUtils.java:logGet(46)) - raft.server.rpc.sleep.time = 25ms (default)
2024-02-09 18:35:39,028 [063a7fb5-8d38-4cc1-bcc2-6ca7f0273dd7-groupManagement] INFO  server.RaftServerConfigKeys (ConfUtils.java:logGet(46)) - raft.server.rpc.slowness.timeout = 300000ms (custom)
2024-02-09 18:35:39,028 [063a7fb5-8d38-4cc1-bcc2-6ca7f0273dd7-groupManagement] INFO  server.RaftServerConfigKeys (ConfUtils.java:logGet(46)) - raft.server.leaderelection.leader.step-down.wait-time = 10s (default)
2024-02-09 18:35:39,028 [063a7fb5-8d38-4cc1-bcc2-6ca7f0273dd7-groupManagement] INFO  server.RaftServerConfigKeys (ConfUtils.java:logGet(46)) - raft.server.leaderelection.member.majority-add = false (default)
2024-02-09 18:35:39,028 [063a7fb5-8d38-4cc1-bcc2-6ca7f0273dd7-groupManagement] INFO  server.RaftServerConfigKeys (ConfUtils.java:logGet(46)) - raft.server.sleep.deviation.threshold = 300ms (default)
2024-02-09 18:35:39,028 [063a7fb5-8d38-4cc1-bcc2-6ca7f0273dd7-groupManagement] INFO  server.RaftServer$Division (ServerState.java:<init>(113)) - 063a7fb5-8d38-4cc1-bcc2-6ca7f0273dd7@group-1BE58298164A: ConfigurationManager, init=-1: peers:[81944a75-7880-48bb-a193-a5f914e328c0|10.1.0.43:15397, 063a7fb5-8d38-4cc1-bcc2-6ca7f0273dd7|10.1.0.43:15415, 02d298ee-5691-417b-b376-6494770463b9|10.1.0.43:15406]|listeners:[], old=null, confs=<EMPTY_MAP>
2024-02-09 18:35:39,029 [063a7fb5-8d38-4cc1-bcc2-6ca7f0273dd7-groupManagement] INFO  server.RaftServerConfigKeys (ConfUtils.java:logGet(46)) - raft.server.notification.no-leader.timeout = 300000ms (custom)
2024-02-09 18:35:39,029 [063a7fb5-8d38-4cc1-bcc2-6ca7f0273dd7-groupManagement] INFO  server.RaftServerConfigKeys (ConfUtils.java:logGet(46)) - raft.server.read.timeout = 10s (default)
2024-02-09 18:35:39,029 [063a7fb5-8d38-4cc1-bcc2-6ca7f0273dd7-groupManagement] INFO  server.RaftServerConfigKeys (ConfUtils.java:logGet(46)) - raft.server.retrycache.expirytime = 600000ms (custom)
2024-02-09 18:35:39,029 [063a7fb5-8d38-4cc1-bcc2-6ca7f0273dd7-groupManagement] INFO  server.RaftServerConfigKeys (ConfUtils.java:logGet(46)) - raft.server.retrycache.statistics.expirytime = 100ms (default)
2024-02-09 18:35:39,029 [063a7fb5-8d38-4cc1-bcc2-6ca7f0273dd7-groupManagement] INFO  server.RaftServerConfigKeys (ConfUtils.java:logGet(46)) - raft.server.read.option = DEFAULT (default)
2024-02-09 18:35:39,029 [063a7fb5-8d38-4cc1-bcc2-6ca7f0273dd7-groupManagement] INFO  server.RaftServerConfigKeys (ConfUtils.java:logGet(46)) - raft.server.read.read-after-write-consistent.write-index-cache.expiry-time = 60s (default)
2024-02-09 18:35:39,031 [063a7fb5-8d38-4cc1-bcc2-6ca7f0273dd7-groupManagement] INFO  server.RaftServerConfigKeys (ConfUtils.java:logGet(46)) - raft.server.rpc.request.timeout = 3000ms (default)
2024-02-09 18:35:39,031 [063a7fb5-8d38-4cc1-bcc2-6ca7f0273dd7-groupManagement] INFO  server.RaftServerConfigKeys (ConfUtils.java:logGet(46)) - raft.server.log.appender.install.snapshot.enabled = false (custom)
2024-02-09 18:35:39,031 [063a7fb5-8d38-4cc1-bcc2-6ca7f0273dd7-groupManagement] INFO  server.RaftServerConfigKeys (ConfUtils.java:logGet(46)) - raft.server.threadpool.server.cached = true (default)
2024-02-09 18:35:39,031 [063a7fb5-8d38-4cc1-bcc2-6ca7f0273dd7-groupManagement] INFO  server.RaftServerConfigKeys (ConfUtils.java:logGet(46)) - raft.server.threadpool.server.size = 0 (default)
2024-02-09 18:35:39,031 [063a7fb5-8d38-4cc1-bcc2-6ca7f0273dd7-groupManagement] INFO  server.RaftServerConfigKeys (ConfUtils.java:logGet(46)) - raft.server.threadpool.client.cached = true (default)
2024-02-09 18:35:39,031 [063a7fb5-8d38-4cc1-bcc2-6ca7f0273dd7-groupManagement] INFO  server.RaftServerConfigKeys (ConfUtils.java:logGet(46)) - raft.server.threadpool.client.size = 0 (default)
2024-02-09 18:35:39,031 [063a7fb5-8d38-4cc1-bcc2-6ca7f0273dd7-groupManagement] INFO  server.RaftServerConfigKeys (ConfUtils.java:logGet(46)) - raft.server.storage.free-space.min = 0MB (=0) (default)
2024-02-09 18:35:39,031 [063a7fb5-8d38-4cc1-bcc2-6ca7f0273dd7-groupManagement] INFO  server.RaftServerConfigKeys (ConfUtils.java:logGet(46)) - raft.server.log.corruption.policy = EXCEPTION (default)
2024-02-09 18:35:39,031 [063a7fb5-8d38-4cc1-bcc2-6ca7f0273dd7-groupManagement] INFO  server.RaftServerConfigKeys (ConfUtils.java:logGet(46)) - raft.server.storage.dir = [/home/runner/work/ozone/ozone/hadoop-ozone/integration-test/target/test-dir/MiniOzoneClusterImpl-10a7684d-3d33-49d2-80ef-f5f5272a1eb0/datanode-5/data/ratis] (custom)
2024-02-09 18:35:39,032 [063a7fb5-8d38-4cc1-bcc2-6ca7f0273dd7-groupManagement] INFO  storage.RaftStorageDirectory (RaftStorageDirectoryImpl.java:analyzeStorage(138)) - The storage directory /home/runner/work/ozone/ozone/hadoop-ozone/integration-test/target/test-dir/MiniOzoneClusterImpl-10a7684d-3d33-49d2-80ef-f5f5272a1eb0/datanode-5/data/ratis/034c33d7-1bfa-475b-8907-1be58298164a does not exist. Creating ...
2024-02-09 18:35:39,033 [063a7fb5-8d38-4cc1-bcc2-6ca7f0273dd7-groupManagement] INFO  storage.RaftStorageDirectory (RaftStorageDirectoryImpl.java:tryLock(228)) - Lock on /home/runner/work/ozone/ozone/hadoop-ozone/integration-test/target/test-dir/MiniOzoneClusterImpl-10a7684d-3d33-49d2-80ef-f5f5272a1eb0/datanode-5/data/ratis/034c33d7-1bfa-475b-8907-1be58298164a/in_use.lock acquired by nodename 37674@fv-az1241-572
2024-02-09 18:35:39,034 [063a7fb5-8d38-4cc1-bcc2-6ca7f0273dd7-groupManagement] INFO  storage.RaftStorage (RaftStorageImpl.java:format(99)) - Storage directory /home/runner/work/ozone/ozone/hadoop-ozone/integration-test/target/test-dir/MiniOzoneClusterImpl-10a7684d-3d33-49d2-80ef-f5f5272a1eb0/datanode-5/data/ratis/034c33d7-1bfa-475b-8907-1be58298164a has been successfully formatted.
2024-02-09 18:35:39,034 [063a7fb5-8d38-4cc1-bcc2-6ca7f0273dd7-groupManagement] WARN  util.FileUtils (LogUtils.java:supplyAndLog(63)) - Failed to Files.newInputStream /home/runner/work/ozone/ozone/hadoop-ozone/integration-test/target/test-dir/MiniOzoneClusterImpl-10a7684d-3d33-49d2-80ef-f5f5272a1eb0/datanode-5/data/ratis/034c33d7-1bfa-475b-8907-1be58298164a/current/raft-meta.conf with options []: java.nio.file.NoSuchFileException: /home/runner/work/ozone/ozone/hadoop-ozone/integration-test/target/test-dir/MiniOzoneClusterImpl-10a7684d-3d33-49d2-80ef-f5f5272a1eb0/datanode-5/data/ratis/034c33d7-1bfa-475b-8907-1be58298164a/current/raft-meta.conf
2024-02-09 18:35:39,035 [063a7fb5-8d38-4cc1-bcc2-6ca7f0273dd7-groupManagement] INFO  ratis.ContainerStateMachine (ContainerStateMachine.java:loadSnapshot(287)) - group-1BE58298164A: The snapshot info is null. Setting the last applied index to:(t:0, i:~)
2024-02-09 18:35:39,035 [063a7fb5-8d38-4cc1-bcc2-6ca7f0273dd7-groupManagement] INFO  server.RaftServerConfigKeys (ConfUtils.java:logGet(46)) - raft.server.log.use.memory = false (default)
2024-02-09 18:35:39,035 [063a7fb5-8d38-4cc1-bcc2-6ca7f0273dd7-groupManagement] INFO  server.RaftServerConfigKeys (ConfUtils.java:logGet(46)) - raft.server.log.purge.gap = 1000000 (custom)
2024-02-09 18:35:39,035 [063a7fb5-8d38-4cc1-bcc2-6ca7f0273dd7-groupManagement] INFO  server.RaftServerConfigKeys (ConfUtils.java:logGet(46)) - raft.server.log.appender.buffer.byte-limit = 8388608 (custom)
2024-02-09 18:35:39,035 [063a7fb5-8d38-4cc1-bcc2-6ca7f0273dd7-groupManagement] INFO  server.RaftServerConfigKeys (ConfUtils.java:logGet(46)) - raft.server.log.statemachine.data.read.timeout = 1000ms (default)
2024-02-09 18:35:39,035 [063a7fb5-8d38-4cc1-bcc2-6ca7f0273dd7-groupManagement] INFO  server.RaftServerConfigKeys (ConfUtils.java:logGet(46)) - raft.server.log.purge.preservation.log.num = 0 (default)
2024-02-09 18:35:39,037 [063a7fb5-8d38-4cc1-bcc2-6ca7f0273dd7-groupManagement] INFO  server.RaftServerConfigKeys (ConfUtils.java:logGet(46)) - raft.server.log.segment.size.max = 67108864 (custom)
2024-02-09 18:35:39,037 [063a7fb5-8d38-4cc1-bcc2-6ca7f0273dd7-groupManagement] INFO  server.RaftServerConfigKeys (ConfUtils.java:logGet(46)) - raft.server.log.segment.cache.num.max = 2 (custom)
2024-02-09 18:35:39,037 [063a7fb5-8d38-4cc1-bcc2-6ca7f0273dd7-groupManagement] INFO  server.RaftServerConfigKeys (ConfUtils.java:logGet(46)) - raft.server.log.segment.cache.size.max = 200MB (=209715200) (default)
2024-02-09 18:35:39,037 [063a7fb5-8d38-4cc1-bcc2-6ca7f0273dd7-groupManagement] INFO  server.RaftServerConfigKeys (ConfUtils.java:logGet(46)) - raft.server.log.appender.buffer.byte-limit = 8388608 (custom)
2024-02-09 18:35:39,037 [063a7fb5-8d38-4cc1-bcc2-6ca7f0273dd7-groupManagement] INFO  util.AwaitToRun (AwaitToRun.java:start(81)) - Thread[063a7fb5-8d38-4cc1-bcc2-6ca7f0273dd7@group-1BE58298164A-cacheEviction-AwaitToRun,5,main] started
2024-02-09 18:35:39,037 [063a7fb5-8d38-4cc1-bcc2-6ca7f0273dd7-groupManagement] INFO  segmented.SegmentedRaftLogWorker (SegmentedRaftLogWorker.java:<init>(182)) - new 063a7fb5-8d38-4cc1-bcc2-6ca7f0273dd7@group-1BE58298164A-SegmentedRaftLogWorker for RaftStorageImpl:Storage Directory /home/runner/work/ozone/ozone/hadoop-ozone/integration-test/target/test-dir/MiniOzoneClusterImpl-10a7684d-3d33-49d2-80ef-f5f5272a1eb0/datanode-5/data/ratis/034c33d7-1bfa-475b-8907-1be58298164a
2024-02-09 18:35:39,037 [063a7fb5-8d38-4cc1-bcc2-6ca7f0273dd7-groupManagement] INFO  server.RaftServerConfigKeys (ConfUtils.java:logGet(46)) - raft.server.log.queue.byte-limit = 4294967296 (custom)
2024-02-09 18:35:39,037 [063a7fb5-8d38-4cc1-bcc2-6ca7f0273dd7-groupManagement] INFO  server.RaftServerConfigKeys (ConfUtils.java:logGet(46)) - raft.server.log.queue.element-limit = 1024 (custom)
2024-02-09 18:35:39,037 [063a7fb5-8d38-4cc1-bcc2-6ca7f0273dd7-groupManagement] INFO  server.RaftServerConfigKeys (ConfUtils.java:logGet(46)) - raft.server.log.segment.size.max = 67108864 (custom)
2024-02-09 18:35:39,037 [063a7fb5-8d38-4cc1-bcc2-6ca7f0273dd7-groupManagement] INFO  server.RaftServerConfigKeys (ConfUtils.java:logGet(46)) - raft.server.log.preallocated.size = 4194304 (custom)
2024-02-09 18:35:39,038 [063a7fb5-8d38-4cc1-bcc2-6ca7f0273dd7-groupManagement] INFO  server.RaftServerConfigKeys (ConfUtils.java:logGet(46)) - raft.server.log.force.sync.num = 128 (default)
2024-02-09 18:35:39,038 [063a7fb5-8d38-4cc1-bcc2-6ca7f0273dd7-groupManagement] INFO  server.RaftServerConfigKeys (ConfUtils.java:logGet(46)) - raft.server.log.statemachine.data.sync = true (default)
2024-02-09 18:35:39,038 [063a7fb5-8d38-4cc1-bcc2-6ca7f0273dd7-groupManagement] INFO  server.RaftServerConfigKeys (ConfUtils.java:logGet(46)) - raft.server.log.statemachine.data.sync.timeout = 10s (default)
2024-02-09 18:35:39,038 [063a7fb5-8d38-4cc1-bcc2-6ca7f0273dd7-groupManagement] INFO  server.RaftServerConfigKeys (ConfUtils.java:logGet(46)) - raft.server.log.statemachine.data.sync.timeout.retry = 0 (custom)
2024-02-09 18:35:39,038 [063a7fb5-8d38-4cc1-bcc2-6ca7f0273dd7-groupManagement] INFO  server.RaftServerConfigKeys (ConfUtils.java:logGet(46)) - raft.server.log.write.buffer.size = 8388616 (custom)
2024-02-09 18:35:39,039 [063a7fb5-8d38-4cc1-bcc2-6ca7f0273dd7-groupManagement] INFO  server.RaftServerConfigKeys (ConfUtils.java:logGet(46)) - raft.server.log.appender.buffer.byte-limit = 8388608 (custom)
2024-02-09 18:35:39,040 [063a7fb5-8d38-4cc1-bcc2-6ca7f0273dd7-groupManagement] INFO  server.RaftServerConfigKeys (ConfUtils.java:logGet(46)) - raft.server.log.unsafe-flush.enabled = false (default)
2024-02-09 18:35:39,040 [063a7fb5-8d38-4cc1-bcc2-6ca7f0273dd7-groupManagement] INFO  server.RaftServerConfigKeys (ConfUtils.java:logGet(46)) - raft.server.log.async-flush.enabled = false (default)
2024-02-09 18:35:39,040 [063a7fb5-8d38-4cc1-bcc2-6ca7f0273dd7-groupManagement] INFO  server.RaftServerConfigKeys (ConfUtils.java:logGet(46)) - raft.server.log.statemachine.data.caching.enabled = true (custom)
2024-02-09 18:35:39,040 [063a7fb5-8d38-4cc1-bcc2-6ca7f0273dd7-groupManagement] INFO  segmented.SegmentedRaftLogWorker (SegmentedRaftLogWorker.java:lambda$new$0(134)) - 063a7fb5-8d38-4cc1-bcc2-6ca7f0273dd7@group-1BE58298164A-SegmentedRaftLogWorker: flushIndex: setUnconditionally 0 -> -1
2024-02-09 18:35:39,040 [063a7fb5-8d38-4cc1-bcc2-6ca7f0273dd7-groupManagement] INFO  segmented.SegmentedRaftLogWorker (SegmentedRaftLogWorker.java:lambda$new$0(134)) - 063a7fb5-8d38-4cc1-bcc2-6ca7f0273dd7@group-1BE58298164A-SegmentedRaftLogWorker: safeCacheEvictIndex: setUnconditionally 0 -> -1
2024-02-09 18:35:39,040 [063a7fb5-8d38-4cc1-bcc2-6ca7f0273dd7-groupManagement] INFO  server.RaftServer$Division (RaftServerImpl.java:start(396)) - 063a7fb5-8d38-4cc1-bcc2-6ca7f0273dd7@group-1BE58298164A: start as a follower, conf=-1: peers:[81944a75-7880-48bb-a193-a5f914e328c0|10.1.0.43:15397, 063a7fb5-8d38-4cc1-bcc2-6ca7f0273dd7|10.1.0.43:15415, 02d298ee-5691-417b-b376-6494770463b9|10.1.0.43:15406]|listeners:[], old=null
2024-02-09 18:35:39,040 [063a7fb5-8d38-4cc1-bcc2-6ca7f0273dd7-groupManagement] INFO  server.RaftServer$Division (RaftServerImpl.java:setRole(383)) - 063a7fb5-8d38-4cc1-bcc2-6ca7f0273dd7@group-1BE58298164A: changes role from      null to FOLLOWER at term 0 for startAsFollower
2024-02-09 18:35:39,040 [063a7fb5-8d38-4cc1-bcc2-6ca7f0273dd7-groupManagement] INFO  impl.RoleInfo (RoleInfo.java:updateAndGet(139)) - 063a7fb5-8d38-4cc1-bcc2-6ca7f0273dd7: start 063a7fb5-8d38-4cc1-bcc2-6ca7f0273dd7@group-1BE58298164A-FollowerState
2024-02-09 18:35:39,040 [063a7fb5-8d38-4cc1-bcc2-6ca7f0273dd7-groupManagement] INFO  util.JmxRegister (JmxRegister.java:tryRegister(44)) - Successfully registered JMX Bean with object name Ratis:service=RaftServer,group=group-1BE58298164A,id=063a7fb5-8d38-4cc1-bcc2-6ca7f0273dd7
2024-02-09 18:35:39,040 [063a7fb5-8d38-4cc1-bcc2-6ca7f0273dd7@group-1BE58298164A-FollowerState] INFO  server.RaftServerConfigKeys (ConfUtils.java:logFallback(53)) - raft.server.rpc.first-election.timeout.min = 5s (fallback to raft.server.rpc.timeout.min)
2024-02-09 18:35:39,040 [063a7fb5-8d38-4cc1-bcc2-6ca7f0273dd7-groupManagement] INFO  server.RaftServerConfigKeys (ConfUtils.java:logGet(46)) - raft.server.snapshot.trigger-when-stop.enabled = true (default)
2024-02-09 18:35:39,041 [063a7fb5-8d38-4cc1-bcc2-6ca7f0273dd7-groupManagement] INFO  server.RaftServerConfigKeys (ConfUtils.java:logGet(46)) - raft.server.snapshot.auto.trigger.enabled = true (custom)
2024-02-09 18:35:39,041 [063a7fb5-8d38-4cc1-bcc2-6ca7f0273dd7-groupManagement] INFO  server.RaftServerConfigKeys (ConfUtils.java:logGet(46)) - raft.server.snapshot.auto.trigger.threshold = 10000 (custom)
2024-02-09 18:35:39,041 [063a7fb5-8d38-4cc1-bcc2-6ca7f0273dd7-groupManagement] INFO  server.RaftServerConfigKeys (ConfUtils.java:logGet(46)) - raft.server.snapshot.retention.file.num = 5 (custom)
2024-02-09 18:35:39,041 [063a7fb5-8d38-4cc1-bcc2-6ca7f0273dd7-groupManagement] INFO  server.RaftServerConfigKeys (ConfUtils.java:logGet(46)) - raft.server.log.purge.upto.snapshot.index = false (default)
2024-02-09 18:35:39,041 [063a7fb5-8d38-4cc1-bcc2-6ca7f0273dd7@group-1BE58298164A-FollowerState] INFO  server.RaftServerConfigKeys (ConfUtils.java:logFallback(53)) - raft.server.rpc.first-election.timeout.max = 5200ms (fallback to raft.server.rpc.timeout.max)
2024-02-09 18:35:39,046 [81944a75-7880-48bb-a193-a5f914e328c0-PipelineCommandHandlerThread-0] INFO  commandhandler.CreatePipelineCommandHandler (CreatePipelineCommandHandler.java:lambda$handle$2(124)) - Created Pipeline RATIS THREE PipelineID=034c33d7-1bfa-475b-8907-1be58298164a.
2024-02-09 18:35:39,057 [02d298ee-5691-417b-b376-6494770463b9-PipelineCommandHandlerThread-0] INFO  server.RaftServer (RaftServerProxy.java:addNew(100)) - 02d298ee-5691-417b-b376-6494770463b9: addNew group-7A921FA49D78:[02d298ee-5691-417b-b376-6494770463b9|10.1.0.43:15406] returns group-7A921FA49D78:java.util.concurrent.CompletableFuture@78c30d31[Not completed]
2024-02-09 18:35:39,057 [02d298ee-5691-417b-b376-6494770463b9-groupManagement] INFO  server.RaftServer$Division (RaftServerImpl.java:<init>(256)) - 02d298ee-5691-417b-b376-6494770463b9: new RaftServerImpl for group-7A921FA49D78:[02d298ee-5691-417b-b376-6494770463b9|10.1.0.43:15406] with ContainerStateMachine:uninitialized
2024-02-09 18:35:39,057 [02d298ee-5691-417b-b376-6494770463b9-groupManagement] INFO  server.RaftServerConfigKeys (ConfUtils.java:logGet(46)) - raft.server.rpc.timeout.min = 5s (custom)
2024-02-09 18:35:39,057 [02d298ee-5691-417b-b376-6494770463b9-groupManagement] INFO  server.RaftServerConfigKeys (ConfUtils.java:logGet(46)) - raft.server.rpc.timeout.max = 5200ms (custom)
2024-02-09 18:35:39,058 [02d298ee-5691-417b-b376-6494770463b9-groupManagement] INFO  server.RaftServerConfigKeys (ConfUtils.java:logGet(46)) - raft.server.rpc.sleep.time = 25ms (default)
2024-02-09 18:35:39,058 [02d298ee-5691-417b-b376-6494770463b9-groupManagement] INFO  server.RaftServerConfigKeys (ConfUtils.java:logGet(46)) - raft.server.rpc.slowness.timeout = 300000ms (custom)
2024-02-09 18:35:39,058 [02d298ee-5691-417b-b376-6494770463b9-groupManagement] INFO  server.RaftServerConfigKeys (ConfUtils.java:logGet(46)) - raft.server.leaderelection.leader.step-down.wait-time = 10s (default)
2024-02-09 18:35:39,058 [02d298ee-5691-417b-b376-6494770463b9-groupManagement] INFO  server.RaftServerConfigKeys (ConfUtils.java:logGet(46)) - raft.server.leaderelection.member.majority-add = false (default)
2024-02-09 18:35:39,058 [02d298ee-5691-417b-b376-6494770463b9-groupManagement] INFO  server.RaftServerConfigKeys (ConfUtils.java:logGet(46)) - raft.server.sleep.deviation.threshold = 300ms (default)
2024-02-09 18:35:39,058 [02d298ee-5691-417b-b376-6494770463b9-groupManagement] INFO  server.RaftServer$Division (ServerState.java:<init>(113)) - 02d298ee-5691-417b-b376-6494770463b9@group-7A921FA49D78: ConfigurationManager, init=-1: peers:[02d298ee-5691-417b-b376-6494770463b9|10.1.0.43:15406]|listeners:[], old=null, confs=<EMPTY_MAP>
2024-02-09 18:35:39,058 [02d298ee-5691-417b-b376-6494770463b9-groupManagement] INFO  server.RaftServerConfigKeys (ConfUtils.java:logGet(46)) - raft.server.notification.no-leader.timeout = 300000ms (custom)
2024-02-09 18:35:39,058 [02d298ee-5691-417b-b376-6494770463b9-groupManagement] INFO  server.RaftServerConfigKeys (ConfUtils.java:logGet(46)) - raft.server.read.timeout = 10s (default)
2024-02-09 18:35:39,058 [02d298ee-5691-417b-b376-6494770463b9-groupManagement] INFO  server.RaftServerConfigKeys (ConfUtils.java:logGet(46)) - raft.server.retrycache.expirytime = 600000ms (custom)
2024-02-09 18:35:39,058 [02d298ee-5691-417b-b376-6494770463b9-groupManagement] INFO  server.RaftServerConfigKeys (ConfUtils.java:logGet(46)) - raft.server.retrycache.statistics.expirytime = 100ms (default)
2024-02-09 18:35:39,058 [02d298ee-5691-417b-b376-6494770463b9-groupManagement] INFO  server.RaftServerConfigKeys (ConfUtils.java:logGet(46)) - raft.server.read.option = DEFAULT (default)
2024-02-09 18:35:39,058 [02d298ee-5691-417b-b376-6494770463b9-groupManagement] INFO  server.RaftServerConfigKeys (ConfUtils.java:logGet(46)) - raft.server.read.read-after-write-consistent.write-index-cache.expiry-time = 60s (default)
2024-02-09 18:35:39,060 [02d298ee-5691-417b-b376-6494770463b9-groupManagement] INFO  server.RaftServerConfigKeys (ConfUtils.java:logGet(46)) - raft.server.rpc.request.timeout = 3000ms (default)
2024-02-09 18:35:39,060 [02d298ee-5691-417b-b376-6494770463b9-groupManagement] INFO  server.RaftServerConfigKeys (ConfUtils.java:logGet(46)) - raft.server.log.appender.install.snapshot.enabled = false (custom)
2024-02-09 18:35:39,060 [02d298ee-5691-417b-b376-6494770463b9-groupManagement] INFO  server.RaftServerConfigKeys (ConfUtils.java:logGet(46)) - raft.server.threadpool.server.cached = true (default)
2024-02-09 18:35:39,060 [02d298ee-5691-417b-b376-6494770463b9-groupManagement] INFO  server.RaftServerConfigKeys (ConfUtils.java:logGet(46)) - raft.server.threadpool.server.size = 0 (default)
2024-02-09 18:35:39,061 [02d298ee-5691-417b-b376-6494770463b9-groupManagement] INFO  server.RaftServerConfigKeys (ConfUtils.java:logGet(46)) - raft.server.threadpool.client.cached = true (default)
2024-02-09 18:35:39,061 [02d298ee-5691-417b-b376-6494770463b9-groupManagement] INFO  server.RaftServerConfigKeys (ConfUtils.java:logGet(46)) - raft.server.threadpool.client.size = 0 (default)
2024-02-09 18:35:39,061 [02d298ee-5691-417b-b376-6494770463b9-groupManagement] INFO  server.RaftServerConfigKeys (ConfUtils.java:logGet(46)) - raft.server.storage.free-space.min = 0MB (=0) (default)
2024-02-09 18:35:39,061 [02d298ee-5691-417b-b376-6494770463b9-groupManagement] INFO  server.RaftServerConfigKeys (ConfUtils.java:logGet(46)) - raft.server.log.corruption.policy = EXCEPTION (default)
2024-02-09 18:35:39,061 [02d298ee-5691-417b-b376-6494770463b9-groupManagement] INFO  server.RaftServerConfigKeys (ConfUtils.java:logGet(46)) - raft.server.storage.dir = [/home/runner/work/ozone/ozone/hadoop-ozone/integration-test/target/test-dir/MiniOzoneClusterImpl-10a7684d-3d33-49d2-80ef-f5f5272a1eb0/datanode-4/data/ratis] (custom)
2024-02-09 18:35:39,061 [02d298ee-5691-417b-b376-6494770463b9-groupManagement] INFO  storage.RaftStorageDirectory (RaftStorageDirectoryImpl.java:analyzeStorage(138)) - The storage directory /home/runner/work/ozone/ozone/hadoop-ozone/integration-test/target/test-dir/MiniOzoneClusterImpl-10a7684d-3d33-49d2-80ef-f5f5272a1eb0/datanode-4/data/ratis/4c9e782c-9fbd-4609-95de-7a921fa49d78 does not exist. Creating ...
2024-02-09 18:35:39,062 [02d298ee-5691-417b-b376-6494770463b9-groupManagement] INFO  storage.RaftStorageDirectory (RaftStorageDirectoryImpl.java:tryLock(228)) - Lock on /home/runner/work/ozone/ozone/hadoop-ozone/integration-test/target/test-dir/MiniOzoneClusterImpl-10a7684d-3d33-49d2-80ef-f5f5272a1eb0/datanode-4/data/ratis/4c9e782c-9fbd-4609-95de-7a921fa49d78/in_use.lock acquired by nodename 37674@fv-az1241-572
2024-02-09 18:35:39,063 [02d298ee-5691-417b-b376-6494770463b9-groupManagement] INFO  storage.RaftStorage (RaftStorageImpl.java:format(99)) - Storage directory /home/runner/work/ozone/ozone/hadoop-ozone/integration-test/target/test-dir/MiniOzoneClusterImpl-10a7684d-3d33-49d2-80ef-f5f5272a1eb0/datanode-4/data/ratis/4c9e782c-9fbd-4609-95de-7a921fa49d78 has been successfully formatted.
2024-02-09 18:35:39,063 [02d298ee-5691-417b-b376-6494770463b9-groupManagement] WARN  util.FileUtils (LogUtils.java:supplyAndLog(63)) - Failed to Files.newInputStream /home/runner/work/ozone/ozone/hadoop-ozone/integration-test/target/test-dir/MiniOzoneClusterImpl-10a7684d-3d33-49d2-80ef-f5f5272a1eb0/datanode-4/data/ratis/4c9e782c-9fbd-4609-95de-7a921fa49d78/current/raft-meta.conf with options []: java.nio.file.NoSuchFileException: /home/runner/work/ozone/ozone/hadoop-ozone/integration-test/target/test-dir/MiniOzoneClusterImpl-10a7684d-3d33-49d2-80ef-f5f5272a1eb0/datanode-4/data/ratis/4c9e782c-9fbd-4609-95de-7a921fa49d78/current/raft-meta.conf
2024-02-09 18:35:39,063 [02d298ee-5691-417b-b376-6494770463b9-groupManagement] INFO  ratis.ContainerStateMachine (ContainerStateMachine.java:loadSnapshot(287)) - group-7A921FA49D78: The snapshot info is null. Setting the last applied index to:(t:0, i:~)
2024-02-09 18:35:39,063 [02d298ee-5691-417b-b376-6494770463b9-groupManagement] INFO  server.RaftServerConfigKeys (ConfUtils.java:logGet(46)) - raft.server.log.use.memory = false (default)
2024-02-09 18:35:39,063 [02d298ee-5691-417b-b376-6494770463b9-groupManagement] INFO  server.RaftServerConfigKeys (ConfUtils.java:logGet(46)) - raft.server.log.purge.gap = 1000000 (custom)
2024-02-09 18:35:39,064 [02d298ee-5691-417b-b376-6494770463b9-groupManagement] INFO  server.RaftServerConfigKeys (ConfUtils.java:logGet(46)) - raft.server.log.appender.buffer.byte-limit = 8388608 (custom)
2024-02-09 18:35:39,064 [02d298ee-5691-417b-b376-6494770463b9-groupManagement] INFO  server.RaftServerConfigKeys (ConfUtils.java:logGet(46)) - raft.server.log.statemachine.data.read.timeout = 1000ms (default)
2024-02-09 18:35:39,064 [02d298ee-5691-417b-b376-6494770463b9-groupManagement] INFO  server.RaftServerConfigKeys (ConfUtils.java:logGet(46)) - raft.server.log.purge.preservation.log.num = 0 (default)
2024-02-09 18:35:39,064 [EventQueue-PipelineReportForPipelineReportHandler] INFO  pipeline.PipelineReportHandler (PipelineReportHandler.java:processPipelineReport(136)) - Opened pipeline PipelineID=4c9e782c-9fbd-4609-95de-7a921fa49d78
2024-02-09 18:35:39,064 [EventQueue-OpenPipelineForHealthyPipelineSafeModeRule] INFO  safemode.SCMSafeModeManager (HealthyPipelineSafeModeRule.java:process(140)) - SCM in safe mode. Healthy pipelines reported count is 0, required healthy pipeline reported count is 1
2024-02-09 18:35:39,065 [02d298ee-5691-417b-b376-6494770463b9-groupManagement] INFO  server.RaftServerConfigKeys (ConfUtils.java:logGet(46)) - raft.server.log.segment.size.max = 67108864 (custom)
2024-02-09 18:35:39,065 [02d298ee-5691-417b-b376-6494770463b9-groupManagement] INFO  server.RaftServerConfigKeys (ConfUtils.java:logGet(46)) - raft.server.log.segment.cache.num.max = 2 (custom)
2024-02-09 18:35:39,065 [02d298ee-5691-417b-b376-6494770463b9-groupManagement] INFO  server.RaftServerConfigKeys (ConfUtils.java:logGet(46)) - raft.server.log.segment.cache.size.max = 200MB (=209715200) (default)
2024-02-09 18:35:39,065 [02d298ee-5691-417b-b376-6494770463b9-groupManagement] INFO  server.RaftServerConfigKeys (ConfUtils.java:logGet(46)) - raft.server.log.appender.buffer.byte-limit = 8388608 (custom)
2024-02-09 18:35:39,066 [02d298ee-5691-417b-b376-6494770463b9-groupManagement] INFO  util.AwaitToRun (AwaitToRun.java:start(81)) - Thread[02d298ee-5691-417b-b376-6494770463b9@group-7A921FA49D78-cacheEviction-AwaitToRun,5,main] started
2024-02-09 18:35:39,066 [02d298ee-5691-417b-b376-6494770463b9-groupManagement] INFO  segmented.SegmentedRaftLogWorker (SegmentedRaftLogWorker.java:<init>(182)) - new 02d298ee-5691-417b-b376-6494770463b9@group-7A921FA49D78-SegmentedRaftLogWorker for RaftStorageImpl:Storage Directory /home/runner/work/ozone/ozone/hadoop-ozone/integration-test/target/test-dir/MiniOzoneClusterImpl-10a7684d-3d33-49d2-80ef-f5f5272a1eb0/datanode-4/data/ratis/4c9e782c-9fbd-4609-95de-7a921fa49d78
2024-02-09 18:35:39,066 [02d298ee-5691-417b-b376-6494770463b9-groupManagement] INFO  server.RaftServerConfigKeys (ConfUtils.java:logGet(46)) - raft.server.log.queue.byte-limit = 4294967296 (custom)
2024-02-09 18:35:39,066 [02d298ee-5691-417b-b376-6494770463b9-groupManagement] INFO  server.RaftServerConfigKeys (ConfUtils.java:logGet(46)) - raft.server.log.queue.element-limit = 1024 (custom)
2024-02-09 18:35:39,066 [02d298ee-5691-417b-b376-6494770463b9-groupManagement] INFO  server.RaftServerConfigKeys (ConfUtils.java:logGet(46)) - raft.server.log.segment.size.max = 67108864 (custom)
2024-02-09 18:35:39,066 [02d298ee-5691-417b-b376-6494770463b9-groupManagement] INFO  server.RaftServerConfigKeys (ConfUtils.java:logGet(46)) - raft.server.log.preallocated.size = 4194304 (custom)
2024-02-09 18:35:39,066 [02d298ee-5691-417b-b376-6494770463b9-groupManagement] INFO  server.RaftServerConfigKeys (ConfUtils.java:logGet(46)) - raft.server.log.force.sync.num = 128 (default)
2024-02-09 18:35:39,066 [02d298ee-5691-417b-b376-6494770463b9-groupManagement] INFO  server.RaftServerConfigKeys (ConfUtils.java:logGet(46)) - raft.server.log.statemachine.data.sync = true (default)
2024-02-09 18:35:39,066 [02d298ee-5691-417b-b376-6494770463b9-groupManagement] INFO  server.RaftServerConfigKeys (ConfUtils.java:logGet(46)) - raft.server.log.statemachine.data.sync.timeout = 10s (default)
2024-02-09 18:35:39,066 [02d298ee-5691-417b-b376-6494770463b9-groupManagement] INFO  server.RaftServerConfigKeys (ConfUtils.java:logGet(46)) - raft.server.log.statemachine.data.sync.timeout.retry = 0 (custom)
2024-02-09 18:35:39,066 [02d298ee-5691-417b-b376-6494770463b9-groupManagement] INFO  server.RaftServerConfigKeys (ConfUtils.java:logGet(46)) - raft.server.log.write.buffer.size = 8388616 (custom)
2024-02-09 18:35:39,068 [02d298ee-5691-417b-b376-6494770463b9-groupManagement] INFO  server.RaftServerConfigKeys (ConfUtils.java:logGet(46)) - raft.server.log.appender.buffer.byte-limit = 8388608 (custom)
2024-02-09 18:35:39,068 [02d298ee-5691-417b-b376-6494770463b9-groupManagement] INFO  server.RaftServerConfigKeys (ConfUtils.java:logGet(46)) - raft.server.log.unsafe-flush.enabled = false (default)
2024-02-09 18:35:39,068 [02d298ee-5691-417b-b376-6494770463b9-groupManagement] INFO  server.RaftServerConfigKeys (ConfUtils.java:logGet(46)) - raft.server.log.async-flush.enabled = false (default)
2024-02-09 18:35:39,068 [02d298ee-5691-417b-b376-6494770463b9-groupManagement] INFO  server.RaftServerConfigKeys (ConfUtils.java:logGet(46)) - raft.server.log.statemachine.data.caching.enabled = true (custom)
2024-02-09 18:35:39,068 [02d298ee-5691-417b-b376-6494770463b9-groupManagement] INFO  segmented.SegmentedRaftLogWorker (SegmentedRaftLogWorker.java:lambda$new$0(134)) - 02d298ee-5691-417b-b376-6494770463b9@group-7A921FA49D78-SegmentedRaftLogWorker: flushIndex: setUnconditionally 0 -> -1
2024-02-09 18:35:39,068 [02d298ee-5691-417b-b376-6494770463b9-groupManagement] INFO  segmented.SegmentedRaftLogWorker (SegmentedRaftLogWorker.java:lambda$new$0(134)) - 02d298ee-5691-417b-b376-6494770463b9@group-7A921FA49D78-SegmentedRaftLogWorker: safeCacheEvictIndex: setUnconditionally 0 -> -1
2024-02-09 18:35:39,069 [02d298ee-5691-417b-b376-6494770463b9-groupManagement] INFO  server.RaftServer$Division (RaftServerImpl.java:start(396)) - 02d298ee-5691-417b-b376-6494770463b9@group-7A921FA49D78: start as a follower, conf=-1: peers:[02d298ee-5691-417b-b376-6494770463b9|10.1.0.43:15406]|listeners:[], old=null
2024-02-09 18:35:39,069 [02d298ee-5691-417b-b376-6494770463b9-groupManagement] INFO  server.RaftServer$Division (RaftServerImpl.java:setRole(383)) - 02d298ee-5691-417b-b376-6494770463b9@group-7A921FA49D78: changes role from      null to FOLLOWER at term 0 for startAsFollower
2024-02-09 18:35:39,069 [02d298ee-5691-417b-b376-6494770463b9-groupManagement] INFO  impl.RoleInfo (RoleInfo.java:updateAndGet(139)) - 02d298ee-5691-417b-b376-6494770463b9: start 02d298ee-5691-417b-b376-6494770463b9@group-7A921FA49D78-FollowerState
2024-02-09 18:35:39,069 [02d298ee-5691-417b-b376-6494770463b9-groupManagement] INFO  util.JmxRegister (JmxRegister.java:tryRegister(44)) - Successfully registered JMX Bean with object name Ratis:service=RaftServer,group=group-7A921FA49D78,id=02d298ee-5691-417b-b376-6494770463b9
2024-02-09 18:35:39,069 [02d298ee-5691-417b-b376-6494770463b9@group-7A921FA49D78-FollowerState] INFO  server.RaftServerConfigKeys (ConfUtils.java:logFallback(53)) - raft.server.rpc.first-election.timeout.min = 5s (fallback to raft.server.rpc.timeout.min)
2024-02-09 18:35:39,069 [02d298ee-5691-417b-b376-6494770463b9-groupManagement] INFO  server.RaftServerConfigKeys (ConfUtils.java:logGet(46)) - raft.server.snapshot.trigger-when-stop.enabled = true (default)
2024-02-09 18:35:39,069 [02d298ee-5691-417b-b376-6494770463b9-groupManagement] INFO  server.RaftServerConfigKeys (ConfUtils.java:logGet(46)) - raft.server.snapshot.auto.trigger.enabled = true (custom)
2024-02-09 18:35:39,069 [02d298ee-5691-417b-b376-6494770463b9@group-7A921FA49D78-FollowerState] INFO  server.RaftServerConfigKeys (ConfUtils.java:logFallback(53)) - raft.server.rpc.first-election.timeout.max = 5200ms (fallback to raft.server.rpc.timeout.max)
2024-02-09 18:35:39,069 [02d298ee-5691-417b-b376-6494770463b9-groupManagement] INFO  server.RaftServerConfigKeys (ConfUtils.java:logGet(46)) - raft.server.snapshot.auto.trigger.threshold = 10000 (custom)
2024-02-09 18:35:39,069 [02d298ee-5691-417b-b376-6494770463b9-groupManagement] INFO  server.RaftServerConfigKeys (ConfUtils.java:logGet(46)) - raft.server.snapshot.retention.file.num = 5 (custom)
2024-02-09 18:35:39,069 [02d298ee-5691-417b-b376-6494770463b9-groupManagement] INFO  server.RaftServerConfigKeys (ConfUtils.java:logGet(46)) - raft.server.log.purge.upto.snapshot.index = false (default)
2024-02-09 18:35:39,070 [02d298ee-5691-417b-b376-6494770463b9-PipelineCommandHandlerThread-0] INFO  ratis.XceiverServerRatis (XceiverServerRatis.java:addGroup(864)) - Created group PipelineID=4c9e782c-9fbd-4609-95de-7a921fa49d78
2024-02-09 18:35:39,070 [02d298ee-5691-417b-b376-6494770463b9-PipelineCommandHandlerThread-0] INFO  commandhandler.CreatePipelineCommandHandler (CreatePipelineCommandHandler.java:lambda$handle$2(124)) - Created Pipeline RATIS ONE PipelineID=4c9e782c-9fbd-4609-95de-7a921fa49d78.
2024-02-09 18:35:39,141 [063a7fb5-8d38-4cc1-bcc2-6ca7f0273dd7-PipelineCommandHandlerThread-0] INFO  server.RaftServer (RaftServerProxy.java:addNew(100)) - 063a7fb5-8d38-4cc1-bcc2-6ca7f0273dd7: addNew group-36EABE44EA76:[063a7fb5-8d38-4cc1-bcc2-6ca7f0273dd7|10.1.0.43:15415] returns group-36EABE44EA76:java.util.concurrent.CompletableFuture@703f552a[Not completed]
2024-02-09 18:35:39,141 [063a7fb5-8d38-4cc1-bcc2-6ca7f0273dd7-groupManagement] INFO  server.RaftServer$Division (RaftServerImpl.java:<init>(256)) - 063a7fb5-8d38-4cc1-bcc2-6ca7f0273dd7: new RaftServerImpl for group-36EABE44EA76:[063a7fb5-8d38-4cc1-bcc2-6ca7f0273dd7|10.1.0.43:15415] with ContainerStateMachine:uninitialized
2024-02-09 18:35:39,141 [063a7fb5-8d38-4cc1-bcc2-6ca7f0273dd7-groupManagement] INFO  server.RaftServerConfigKeys (ConfUtils.java:logGet(46)) - raft.server.rpc.timeout.min = 5s (custom)
2024-02-09 18:35:39,141 [063a7fb5-8d38-4cc1-bcc2-6ca7f0273dd7-groupManagement] INFO  server.RaftServerConfigKeys (ConfUtils.java:logGet(46)) - raft.server.rpc.timeout.max = 5200ms (custom)
2024-02-09 18:35:39,141 [063a7fb5-8d38-4cc1-bcc2-6ca7f0273dd7-groupManagement] INFO  server.RaftServerConfigKeys (ConfUtils.java:logGet(46)) - raft.server.rpc.sleep.time = 25ms (default)
2024-02-09 18:35:39,141 [063a7fb5-8d38-4cc1-bcc2-6ca7f0273dd7-groupManagement] INFO  server.RaftServerConfigKeys (ConfUtils.java:logGet(46)) - raft.server.rpc.slowness.timeout = 300000ms (custom)
2024-02-09 18:35:39,141 [063a7fb5-8d38-4cc1-bcc2-6ca7f0273dd7-groupManagement] INFO  server.RaftServerConfigKeys (ConfUtils.java:logGet(46)) - raft.server.leaderelection.leader.step-down.wait-time = 10s (default)
2024-02-09 18:35:39,142 [063a7fb5-8d38-4cc1-bcc2-6ca7f0273dd7-groupManagement] INFO  server.RaftServerConfigKeys (ConfUtils.java:logGet(46)) - raft.server.leaderelection.member.majority-add = false (default)
2024-02-09 18:35:39,142 [063a7fb5-8d38-4cc1-bcc2-6ca7f0273dd7-groupManagement] INFO  server.RaftServerConfigKeys (ConfUtils.java:logGet(46)) - raft.server.sleep.deviation.threshold = 300ms (default)
2024-02-09 18:35:39,142 [063a7fb5-8d38-4cc1-bcc2-6ca7f0273dd7-groupManagement] INFO  server.RaftServer$Division (ServerState.java:<init>(113)) - 063a7fb5-8d38-4cc1-bcc2-6ca7f0273dd7@group-36EABE44EA76: ConfigurationManager, init=-1: peers:[063a7fb5-8d38-4cc1-bcc2-6ca7f0273dd7|10.1.0.43:15415]|listeners:[], old=null, confs=<EMPTY_MAP>
2024-02-09 18:35:39,142 [063a7fb5-8d38-4cc1-bcc2-6ca7f0273dd7-groupManagement] INFO  server.RaftServerConfigKeys (ConfUtils.java:logGet(46)) - raft.server.notification.no-leader.timeout = 300000ms (custom)
2024-02-09 18:35:39,142 [063a7fb5-8d38-4cc1-bcc2-6ca7f0273dd7-groupManagement] INFO  server.RaftServerConfigKeys (ConfUtils.java:logGet(46)) - raft.server.read.timeout = 10s (default)
2024-02-09 18:35:39,142 [063a7fb5-8d38-4cc1-bcc2-6ca7f0273dd7-groupManagement] INFO  server.RaftServerConfigKeys (ConfUtils.java:logGet(46)) - raft.server.retrycache.expirytime = 600000ms (custom)
2024-02-09 18:35:39,142 [063a7fb5-8d38-4cc1-bcc2-6ca7f0273dd7-groupManagement] INFO  server.RaftServerConfigKeys (ConfUtils.java:logGet(46)) - raft.server.retrycache.statistics.expirytime = 100ms (default)
2024-02-09 18:35:39,142 [063a7fb5-8d38-4cc1-bcc2-6ca7f0273dd7-groupManagement] INFO  server.RaftServerConfigKeys (ConfUtils.java:logGet(46)) - raft.server.read.option = DEFAULT (default)
2024-02-09 18:35:39,142 [063a7fb5-8d38-4cc1-bcc2-6ca7f0273dd7-groupManagement] INFO  server.RaftServerConfigKeys (ConfUtils.java:logGet(46)) - raft.server.read.read-after-write-consistent.write-index-cache.expiry-time = 60s (default)
2024-02-09 18:35:39,143 [063a7fb5-8d38-4cc1-bcc2-6ca7f0273dd7-groupManagement] INFO  server.RaftServerConfigKeys (ConfUtils.java:logGet(46)) - raft.server.rpc.request.timeout = 3000ms (default)
2024-02-09 18:35:39,143 [063a7fb5-8d38-4cc1-bcc2-6ca7f0273dd7-groupManagement] INFO  server.RaftServerConfigKeys (ConfUtils.java:logGet(46)) - raft.server.log.appender.install.snapshot.enabled = false (custom)
2024-02-09 18:35:39,143 [063a7fb5-8d38-4cc1-bcc2-6ca7f0273dd7-groupManagement] INFO  server.RaftServerConfigKeys (ConfUtils.java:logGet(46)) - raft.server.threadpool.server.cached = true (default)
2024-02-09 18:35:39,143 [063a7fb5-8d38-4cc1-bcc2-6ca7f0273dd7-groupManagement] INFO  server.RaftServerConfigKeys (ConfUtils.java:logGet(46)) - raft.server.threadpool.server.size = 0 (default)
2024-02-09 18:35:39,143 [063a7fb5-8d38-4cc1-bcc2-6ca7f0273dd7-groupManagement] INFO  server.RaftServerConfigKeys (ConfUtils.java:logGet(46)) - raft.server.threadpool.client.cached = true (default)
2024-02-09 18:35:39,143 [063a7fb5-8d38-4cc1-bcc2-6ca7f0273dd7-groupManagement] INFO  server.RaftServerConfigKeys (ConfUtils.java:logGet(46)) - raft.server.threadpool.client.size = 0 (default)
2024-02-09 18:35:39,143 [063a7fb5-8d38-4cc1-bcc2-6ca7f0273dd7-groupManagement] INFO  server.RaftServerConfigKeys (ConfUtils.java:logGet(46)) - raft.server.storage.free-space.min = 0MB (=0) (default)
2024-02-09 18:35:39,144 [063a7fb5-8d38-4cc1-bcc2-6ca7f0273dd7-groupManagement] INFO  server.RaftServerConfigKeys (ConfUtils.java:logGet(46)) - raft.server.log.corruption.policy = EXCEPTION (default)
2024-02-09 18:35:39,144 [063a7fb5-8d38-4cc1-bcc2-6ca7f0273dd7-groupManagement] INFO  server.RaftServerConfigKeys (ConfUtils.java:logGet(46)) - raft.server.storage.dir = [/home/runner/work/ozone/ozone/hadoop-ozone/integration-test/target/test-dir/MiniOzoneClusterImpl-10a7684d-3d33-49d2-80ef-f5f5272a1eb0/datanode-5/data/ratis] (custom)
2024-02-09 18:35:39,144 [063a7fb5-8d38-4cc1-bcc2-6ca7f0273dd7-groupManagement] INFO  storage.RaftStorageDirectory (RaftStorageDirectoryImpl.java:analyzeStorage(138)) - The storage directory /home/runner/work/ozone/ozone/hadoop-ozone/integration-test/target/test-dir/MiniOzoneClusterImpl-10a7684d-3d33-49d2-80ef-f5f5272a1eb0/datanode-5/data/ratis/d0d29731-c61b-47cb-abc0-36eabe44ea76 does not exist. Creating ...
2024-02-09 18:35:39,145 [063a7fb5-8d38-4cc1-bcc2-6ca7f0273dd7-groupManagement] INFO  storage.RaftStorageDirectory (RaftStorageDirectoryImpl.java:tryLock(228)) - Lock on /home/runner/work/ozone/ozone/hadoop-ozone/integration-test/target/test-dir/MiniOzoneClusterImpl-10a7684d-3d33-49d2-80ef-f5f5272a1eb0/datanode-5/data/ratis/d0d29731-c61b-47cb-abc0-36eabe44ea76/in_use.lock acquired by nodename 37674@fv-az1241-572
2024-02-09 18:35:39,146 [063a7fb5-8d38-4cc1-bcc2-6ca7f0273dd7-groupManagement] INFO  storage.RaftStorage (RaftStorageImpl.java:format(99)) - Storage directory /home/runner/work/ozone/ozone/hadoop-ozone/integration-test/target/test-dir/MiniOzoneClusterImpl-10a7684d-3d33-49d2-80ef-f5f5272a1eb0/datanode-5/data/ratis/d0d29731-c61b-47cb-abc0-36eabe44ea76 has been successfully formatted.
2024-02-09 18:35:39,146 [063a7fb5-8d38-4cc1-bcc2-6ca7f0273dd7-groupManagement] WARN  util.FileUtils (LogUtils.java:supplyAndLog(63)) - Failed to Files.newInputStream /home/runner/work/ozone/ozone/hadoop-ozone/integration-test/target/test-dir/MiniOzoneClusterImpl-10a7684d-3d33-49d2-80ef-f5f5272a1eb0/datanode-5/data/ratis/d0d29731-c61b-47cb-abc0-36eabe44ea76/current/raft-meta.conf with options []: java.nio.file.NoSuchFileException: /home/runner/work/ozone/ozone/hadoop-ozone/integration-test/target/test-dir/MiniOzoneClusterImpl-10a7684d-3d33-49d2-80ef-f5f5272a1eb0/datanode-5/data/ratis/d0d29731-c61b-47cb-abc0-36eabe44ea76/current/raft-meta.conf
2024-02-09 18:35:39,146 [063a7fb5-8d38-4cc1-bcc2-6ca7f0273dd7-groupManagement] INFO  ratis.ContainerStateMachine (ContainerStateMachine.java:loadSnapshot(287)) - group-36EABE44EA76: The snapshot info is null. Setting the last applied index to:(t:0, i:~)
2024-02-09 18:35:39,146 [063a7fb5-8d38-4cc1-bcc2-6ca7f0273dd7-groupManagement] INFO  server.RaftServerConfigKeys (ConfUtils.java:logGet(46)) - raft.server.log.use.memory = false (default)
2024-02-09 18:35:39,146 [063a7fb5-8d38-4cc1-bcc2-6ca7f0273dd7-groupManagement] INFO  server.RaftServerConfigKeys (ConfUtils.java:logGet(46)) - raft.server.log.purge.gap = 1000000 (custom)
2024-02-09 18:35:39,146 [063a7fb5-8d38-4cc1-bcc2-6ca7f0273dd7-groupManagement] INFO  server.RaftServerConfigKeys (ConfUtils.java:logGet(46)) - raft.server.log.appender.buffer.byte-limit = 8388608 (custom)
2024-02-09 18:35:39,146 [063a7fb5-8d38-4cc1-bcc2-6ca7f0273dd7-groupManagement] INFO  server.RaftServerConfigKeys (ConfUtils.java:logGet(46)) - raft.server.log.statemachine.data.read.timeout = 1000ms (default)
2024-02-09 18:35:39,146 [063a7fb5-8d38-4cc1-bcc2-6ca7f0273dd7-groupManagement] INFO  server.RaftServerConfigKeys (ConfUtils.java:logGet(46)) - raft.server.log.purge.preservation.log.num = 0 (default)
2024-02-09 18:35:39,147 [EventQueue-PipelineReportForPipelineReportHandler] INFO  pipeline.PipelineReportHandler (PipelineReportHandler.java:processPipelineReport(136)) - Opened pipeline PipelineID=d0d29731-c61b-47cb-abc0-36eabe44ea76
2024-02-09 18:35:39,147 [EventQueue-OpenPipelineForHealthyPipelineSafeModeRule] INFO  safemode.SCMSafeModeManager (HealthyPipelineSafeModeRule.java:process(140)) - SCM in safe mode. Healthy pipelines reported count is 0, required healthy pipeline reported count is 1
2024-02-09 18:35:39,147 [063a7fb5-8d38-4cc1-bcc2-6ca7f0273dd7-groupManagement] INFO  server.RaftServerConfigKeys (ConfUtils.java:logGet(46)) - raft.server.log.segment.size.max = 67108864 (custom)
2024-02-09 18:35:39,147 [063a7fb5-8d38-4cc1-bcc2-6ca7f0273dd7-groupManagement] INFO  server.RaftServerConfigKeys (ConfUtils.java:logGet(46)) - raft.server.log.segment.cache.num.max = 2 (custom)
2024-02-09 18:35:39,147 [063a7fb5-8d38-4cc1-bcc2-6ca7f0273dd7-groupManagement] INFO  server.RaftServerConfigKeys (ConfUtils.java:logGet(46)) - raft.server.log.segment.cache.size.max = 200MB (=209715200) (default)
2024-02-09 18:35:39,148 [063a7fb5-8d38-4cc1-bcc2-6ca7f0273dd7-groupManagement] INFO  server.RaftServerConfigKeys (ConfUtils.java:logGet(46)) - raft.server.log.appender.buffer.byte-limit = 8388608 (custom)
2024-02-09 18:35:39,148 [063a7fb5-8d38-4cc1-bcc2-6ca7f0273dd7-groupManagement] INFO  util.AwaitToRun (AwaitToRun.java:start(81)) - Thread[063a7fb5-8d38-4cc1-bcc2-6ca7f0273dd7@group-36EABE44EA76-cacheEviction-AwaitToRun,5,main] started
2024-02-09 18:35:39,148 [063a7fb5-8d38-4cc1-bcc2-6ca7f0273dd7-groupManagement] INFO  segmented.SegmentedRaftLogWorker (SegmentedRaftLogWorker.java:<init>(182)) - new 063a7fb5-8d38-4cc1-bcc2-6ca7f0273dd7@group-36EABE44EA76-SegmentedRaftLogWorker for RaftStorageImpl:Storage Directory /home/runner/work/ozone/ozone/hadoop-ozone/integration-test/target/test-dir/MiniOzoneClusterImpl-10a7684d-3d33-49d2-80ef-f5f5272a1eb0/datanode-5/data/ratis/d0d29731-c61b-47cb-abc0-36eabe44ea76
2024-02-09 18:35:39,148 [063a7fb5-8d38-4cc1-bcc2-6ca7f0273dd7-groupManagement] INFO  server.RaftServerConfigKeys (ConfUtils.java:logGet(46)) - raft.server.log.queue.byte-limit = 4294967296 (custom)
2024-02-09 18:35:39,148 [063a7fb5-8d38-4cc1-bcc2-6ca7f0273dd7-groupManagement] INFO  server.RaftServerConfigKeys (ConfUtils.java:logGet(46)) - raft.server.log.queue.element-limit = 1024 (custom)
2024-02-09 18:35:39,148 [063a7fb5-8d38-4cc1-bcc2-6ca7f0273dd7-groupManagement] INFO  server.RaftServerConfigKeys (ConfUtils.java:logGet(46)) - raft.server.log.segment.size.max = 67108864 (custom)
2024-02-09 18:35:39,148 [063a7fb5-8d38-4cc1-bcc2-6ca7f0273dd7-groupManagement] INFO  server.RaftServerConfigKeys (ConfUtils.java:logGet(46)) - raft.server.log.preallocated.size = 4194304 (custom)
2024-02-09 18:35:39,148 [063a7fb5-8d38-4cc1-bcc2-6ca7f0273dd7-groupManagement] INFO  server.RaftServerConfigKeys (ConfUtils.java:logGet(46)) - raft.server.log.force.sync.num = 128 (default)
2024-02-09 18:35:39,148 [063a7fb5-8d38-4cc1-bcc2-6ca7f0273dd7-groupManagement] INFO  server.RaftServerConfigKeys (ConfUtils.java:logGet(46)) - raft.server.log.statemachine.data.sync = true (default)
2024-02-09 18:35:39,148 [063a7fb5-8d38-4cc1-bcc2-6ca7f0273dd7-groupManagement] INFO  server.RaftServerConfigKeys (ConfUtils.java:logGet(46)) - raft.server.log.statemachine.data.sync.timeout = 10s (default)
2024-02-09 18:35:39,148 [063a7fb5-8d38-4cc1-bcc2-6ca7f0273dd7-groupManagement] INFO  server.RaftServerConfigKeys (ConfUtils.java:logGet(46)) - raft.server.log.statemachine.data.sync.timeout.retry = 0 (custom)
2024-02-09 18:35:39,148 [063a7fb5-8d38-4cc1-bcc2-6ca7f0273dd7-groupManagement] INFO  server.RaftServerConfigKeys (ConfUtils.java:logGet(46)) - raft.server.log.write.buffer.size = 8388616 (custom)
2024-02-09 18:35:39,149 [063a7fb5-8d38-4cc1-bcc2-6ca7f0273dd7-groupManagement] INFO  server.RaftServerConfigKeys (ConfUtils.java:logGet(46)) - raft.server.log.appender.buffer.byte-limit = 8388608 (custom)
2024-02-09 18:35:39,149 [063a7fb5-8d38-4cc1-bcc2-6ca7f0273dd7-groupManagement] INFO  server.RaftServerConfigKeys (ConfUtils.java:logGet(46)) - raft.server.log.unsafe-flush.enabled = false (default)
2024-02-09 18:35:39,150 [063a7fb5-8d38-4cc1-bcc2-6ca7f0273dd7-groupManagement] INFO  server.RaftServerConfigKeys (ConfUtils.java:logGet(46)) - raft.server.log.async-flush.enabled = false (default)
2024-02-09 18:35:39,150 [063a7fb5-8d38-4cc1-bcc2-6ca7f0273dd7-groupManagement] INFO  server.RaftServerConfigKeys (ConfUtils.java:logGet(46)) - raft.server.log.statemachine.data.caching.enabled = true (custom)
2024-02-09 18:35:39,150 [063a7fb5-8d38-4cc1-bcc2-6ca7f0273dd7-groupManagement] INFO  segmented.SegmentedRaftLogWorker (SegmentedRaftLogWorker.java:lambda$new$0(134)) - 063a7fb5-8d38-4cc1-bcc2-6ca7f0273dd7@group-36EABE44EA76-SegmentedRaftLogWorker: flushIndex: setUnconditionally 0 -> -1
2024-02-09 18:35:39,150 [063a7fb5-8d38-4cc1-bcc2-6ca7f0273dd7-groupManagement] INFO  segmented.SegmentedRaftLogWorker (SegmentedRaftLogWorker.java:lambda$new$0(134)) - 063a7fb5-8d38-4cc1-bcc2-6ca7f0273dd7@group-36EABE44EA76-SegmentedRaftLogWorker: safeCacheEvictIndex: setUnconditionally 0 -> -1
2024-02-09 18:35:39,150 [063a7fb5-8d38-4cc1-bcc2-6ca7f0273dd7-groupManagement] INFO  server.RaftServer$Division (RaftServerImpl.java:start(396)) - 063a7fb5-8d38-4cc1-bcc2-6ca7f0273dd7@group-36EABE44EA76: start as a follower, conf=-1: peers:[063a7fb5-8d38-4cc1-bcc2-6ca7f0273dd7|10.1.0.43:15415]|listeners:[], old=null
2024-02-09 18:35:39,150 [063a7fb5-8d38-4cc1-bcc2-6ca7f0273dd7-groupManagement] INFO  server.RaftServer$Division (RaftServerImpl.java:setRole(383)) - 063a7fb5-8d38-4cc1-bcc2-6ca7f0273dd7@group-36EABE44EA76: changes role from      null to FOLLOWER at term 0 for startAsFollower
2024-02-09 18:35:39,150 [063a7fb5-8d38-4cc1-bcc2-6ca7f0273dd7-groupManagement] INFO  impl.RoleInfo (RoleInfo.java:updateAndGet(139)) - 063a7fb5-8d38-4cc1-bcc2-6ca7f0273dd7: start 063a7fb5-8d38-4cc1-bcc2-6ca7f0273dd7@group-36EABE44EA76-FollowerState
2024-02-09 18:35:39,150 [063a7fb5-8d38-4cc1-bcc2-6ca7f0273dd7-groupManagement] INFO  util.JmxRegister (JmxRegister.java:tryRegister(44)) - Successfully registered JMX Bean with object name Ratis:service=RaftServer,group=group-36EABE44EA76,id=063a7fb5-8d38-4cc1-bcc2-6ca7f0273dd7
2024-02-09 18:35:39,150 [063a7fb5-8d38-4cc1-bcc2-6ca7f0273dd7@group-36EABE44EA76-FollowerState] INFO  server.RaftServerConfigKeys (ConfUtils.java:logFallback(53)) - raft.server.rpc.first-election.timeout.min = 5s (fallback to raft.server.rpc.timeout.min)
2024-02-09 18:35:39,150 [063a7fb5-8d38-4cc1-bcc2-6ca7f0273dd7-groupManagement] INFO  server.RaftServerConfigKeys (ConfUtils.java:logGet(46)) - raft.server.snapshot.trigger-when-stop.enabled = true (default)
2024-02-09 18:35:39,150 [063a7fb5-8d38-4cc1-bcc2-6ca7f0273dd7@group-36EABE44EA76-FollowerState] INFO  server.RaftServerConfigKeys (ConfUtils.java:logFallback(53)) - raft.server.rpc.first-election.timeout.max = 5200ms (fallback to raft.server.rpc.timeout.max)
2024-02-09 18:35:39,150 [063a7fb5-8d38-4cc1-bcc2-6ca7f0273dd7-groupManagement] INFO  server.RaftServerConfigKeys (ConfUtils.java:logGet(46)) - raft.server.snapshot.auto.trigger.enabled = true (custom)
2024-02-09 18:35:39,151 [063a7fb5-8d38-4cc1-bcc2-6ca7f0273dd7-groupManagement] INFO  server.RaftServerConfigKeys (ConfUtils.java:logGet(46)) - raft.server.snapshot.auto.trigger.threshold = 10000 (custom)
2024-02-09 18:35:39,151 [063a7fb5-8d38-4cc1-bcc2-6ca7f0273dd7-groupManagement] INFO  server.RaftServerConfigKeys (ConfUtils.java:logGet(46)) - raft.server.snapshot.retention.file.num = 5 (custom)
2024-02-09 18:35:39,151 [063a7fb5-8d38-4cc1-bcc2-6ca7f0273dd7-groupManagement] INFO  server.RaftServerConfigKeys (ConfUtils.java:logGet(46)) - raft.server.log.purge.upto.snapshot.index = false (default)
2024-02-09 18:35:39,151 [063a7fb5-8d38-4cc1-bcc2-6ca7f0273dd7-PipelineCommandHandlerThread-0] INFO  ratis.XceiverServerRatis (XceiverServerRatis.java:addGroup(864)) - Created group PipelineID=d0d29731-c61b-47cb-abc0-36eabe44ea76
2024-02-09 18:35:39,151 [063a7fb5-8d38-4cc1-bcc2-6ca7f0273dd7-PipelineCommandHandlerThread-0] INFO  commandhandler.CreatePipelineCommandHandler (CreatePipelineCommandHandler.java:lambda$handle$2(124)) - Created Pipeline RATIS ONE PipelineID=d0d29731-c61b-47cb-abc0-36eabe44ea76.
2024-02-09 18:35:39,235 [87145564-582e-4d08-b209-7a2296b785bc-PipelineCommandHandlerThread-0] INFO  server.RaftServer (RaftServerProxy.java:addNew(100)) - 87145564-582e-4d08-b209-7a2296b785bc: addNew group-56B751C24A32:[87145564-582e-4d08-b209-7a2296b785bc|10.1.0.43:15424] returns group-56B751C24A32:java.util.concurrent.CompletableFuture@58db5208[Not completed]
2024-02-09 18:35:39,236 [87145564-582e-4d08-b209-7a2296b785bc-groupManagement] INFO  server.RaftServer$Division (RaftServerImpl.java:<init>(256)) - 87145564-582e-4d08-b209-7a2296b785bc: new RaftServerImpl for group-56B751C24A32:[87145564-582e-4d08-b209-7a2296b785bc|10.1.0.43:15424] with ContainerStateMachine:uninitialized
2024-02-09 18:35:39,236 [87145564-582e-4d08-b209-7a2296b785bc-groupManagement] INFO  server.RaftServerConfigKeys (ConfUtils.java:logGet(46)) - raft.server.rpc.timeout.min = 5s (custom)
2024-02-09 18:35:39,236 [87145564-582e-4d08-b209-7a2296b785bc-groupManagement] INFO  server.RaftServerConfigKeys (ConfUtils.java:logGet(46)) - raft.server.rpc.timeout.max = 5200ms (custom)
2024-02-09 18:35:39,236 [87145564-582e-4d08-b209-7a2296b785bc-groupManagement] INFO  server.RaftServerConfigKeys (ConfUtils.java:logGet(46)) - raft.server.rpc.sleep.time = 25ms (default)
2024-02-09 18:35:39,236 [87145564-582e-4d08-b209-7a2296b785bc-groupManagement] INFO  server.RaftServerConfigKeys (ConfUtils.java:logGet(46)) - raft.server.rpc.slowness.timeout = 300000ms (custom)
2024-02-09 18:35:39,236 [87145564-582e-4d08-b209-7a2296b785bc-groupManagement] INFO  server.RaftServerConfigKeys (ConfUtils.java:logGet(46)) - raft.server.leaderelection.leader.step-down.wait-time = 10s (default)
2024-02-09 18:35:39,236 [87145564-582e-4d08-b209-7a2296b785bc-groupManagement] INFO  server.RaftServerConfigKeys (ConfUtils.java:logGet(46)) - raft.server.leaderelection.member.majority-add = false (default)
2024-02-09 18:35:39,236 [87145564-582e-4d08-b209-7a2296b785bc-groupManagement] INFO  server.RaftServerConfigKeys (ConfUtils.java:logGet(46)) - raft.server.sleep.deviation.threshold = 300ms (default)
2024-02-09 18:35:39,236 [87145564-582e-4d08-b209-7a2296b785bc-groupManagement] INFO  server.RaftServer$Division (ServerState.java:<init>(113)) - 87145564-582e-4d08-b209-7a2296b785bc@group-56B751C24A32: ConfigurationManager, init=-1: peers:[87145564-582e-4d08-b209-7a2296b785bc|10.1.0.43:15424]|listeners:[], old=null, confs=<EMPTY_MAP>
2024-02-09 18:35:39,236 [87145564-582e-4d08-b209-7a2296b785bc-groupManagement] INFO  server.RaftServerConfigKeys (ConfUtils.java:logGet(46)) - raft.server.notification.no-leader.timeout = 300000ms (custom)
2024-02-09 18:35:39,236 [87145564-582e-4d08-b209-7a2296b785bc-groupManagement] INFO  server.RaftServerConfigKeys (ConfUtils.java:logGet(46)) - raft.server.read.timeout = 10s (default)
2024-02-09 18:35:39,236 [87145564-582e-4d08-b209-7a2296b785bc-groupManagement] INFO  server.RaftServerConfigKeys (ConfUtils.java:logGet(46)) - raft.server.retrycache.expirytime = 600000ms (custom)
2024-02-09 18:35:39,236 [87145564-582e-4d08-b209-7a2296b785bc-groupManagement] INFO  server.RaftServerConfigKeys (ConfUtils.java:logGet(46)) - raft.server.retrycache.statistics.expirytime = 100ms (default)
2024-02-09 18:35:39,236 [87145564-582e-4d08-b209-7a2296b785bc-groupManagement] INFO  server.RaftServerConfigKeys (ConfUtils.java:logGet(46)) - raft.server.read.option = DEFAULT (default)
2024-02-09 18:35:39,236 [87145564-582e-4d08-b209-7a2296b785bc-groupManagement] INFO  server.RaftServerConfigKeys (ConfUtils.java:logGet(46)) - raft.server.read.read-after-write-consistent.write-index-cache.expiry-time = 60s (default)
2024-02-09 18:35:39,238 [87145564-582e-4d08-b209-7a2296b785bc-groupManagement] INFO  server.RaftServerConfigKeys (ConfUtils.java:logGet(46)) - raft.server.rpc.request.timeout = 3000ms (default)
2024-02-09 18:35:39,238 [87145564-582e-4d08-b209-7a2296b785bc-groupManagement] INFO  server.RaftServerConfigKeys (ConfUtils.java:logGet(46)) - raft.server.log.appender.install.snapshot.enabled = false (custom)
2024-02-09 18:35:39,238 [87145564-582e-4d08-b209-7a2296b785bc-groupManagement] INFO  server.RaftServerConfigKeys (ConfUtils.java:logGet(46)) - raft.server.threadpool.server.cached = true (default)
2024-02-09 18:35:39,238 [87145564-582e-4d08-b209-7a2296b785bc-groupManagement] INFO  server.RaftServerConfigKeys (ConfUtils.java:logGet(46)) - raft.server.threadpool.server.size = 0 (default)
2024-02-09 18:35:39,238 [87145564-582e-4d08-b209-7a2296b785bc-groupManagement] INFO  server.RaftServerConfigKeys (ConfUtils.java:logGet(46)) - raft.server.threadpool.client.cached = true (default)
2024-02-09 18:35:39,238 [87145564-582e-4d08-b209-7a2296b785bc-groupManagement] INFO  server.RaftServerConfigKeys (ConfUtils.java:logGet(46)) - raft.server.threadpool.client.size = 0 (default)
2024-02-09 18:35:39,238 [87145564-582e-4d08-b209-7a2296b785bc-groupManagement] INFO  server.RaftServerConfigKeys (ConfUtils.java:logGet(46)) - raft.server.storage.free-space.min = 0MB (=0) (default)
2024-02-09 18:35:39,238 [87145564-582e-4d08-b209-7a2296b785bc-groupManagement] INFO  server.RaftServerConfigKeys (ConfUtils.java:logGet(46)) - raft.server.log.corruption.policy = EXCEPTION (default)
2024-02-09 18:35:39,238 [87145564-582e-4d08-b209-7a2296b785bc-groupManagement] INFO  server.RaftServerConfigKeys (ConfUtils.java:logGet(46)) - raft.server.storage.dir = [/home/runner/work/ozone/ozone/hadoop-ozone/integration-test/target/test-dir/MiniOzoneClusterImpl-10a7684d-3d33-49d2-80ef-f5f5272a1eb0/datanode-6/data/ratis] (custom)
2024-02-09 18:35:39,238 [87145564-582e-4d08-b209-7a2296b785bc-groupManagement] INFO  storage.RaftStorageDirectory (RaftStorageDirectoryImpl.java:analyzeStorage(138)) - The storage directory /home/runner/work/ozone/ozone/hadoop-ozone/integration-test/target/test-dir/MiniOzoneClusterImpl-10a7684d-3d33-49d2-80ef-f5f5272a1eb0/datanode-6/data/ratis/df469fe8-93f1-48fc-991a-56b751c24a32 does not exist. Creating ...
2024-02-09 18:35:39,239 [87145564-582e-4d08-b209-7a2296b785bc-groupManagement] INFO  storage.RaftStorageDirectory (RaftStorageDirectoryImpl.java:tryLock(228)) - Lock on /home/runner/work/ozone/ozone/hadoop-ozone/integration-test/target/test-dir/MiniOzoneClusterImpl-10a7684d-3d33-49d2-80ef-f5f5272a1eb0/datanode-6/data/ratis/df469fe8-93f1-48fc-991a-56b751c24a32/in_use.lock acquired by nodename 37674@fv-az1241-572
2024-02-09 18:35:39,240 [87145564-582e-4d08-b209-7a2296b785bc-groupManagement] INFO  storage.RaftStorage (RaftStorageImpl.java:format(99)) - Storage directory /home/runner/work/ozone/ozone/hadoop-ozone/integration-test/target/test-dir/MiniOzoneClusterImpl-10a7684d-3d33-49d2-80ef-f5f5272a1eb0/datanode-6/data/ratis/df469fe8-93f1-48fc-991a-56b751c24a32 has been successfully formatted.
2024-02-09 18:35:39,240 [87145564-582e-4d08-b209-7a2296b785bc-groupManagement] WARN  util.FileUtils (LogUtils.java:supplyAndLog(63)) - Failed to Files.newInputStream /home/runner/work/ozone/ozone/hadoop-ozone/integration-test/target/test-dir/MiniOzoneClusterImpl-10a7684d-3d33-49d2-80ef-f5f5272a1eb0/datanode-6/data/ratis/df469fe8-93f1-48fc-991a-56b751c24a32/current/raft-meta.conf with options []: java.nio.file.NoSuchFileException: /home/runner/work/ozone/ozone/hadoop-ozone/integration-test/target/test-dir/MiniOzoneClusterImpl-10a7684d-3d33-49d2-80ef-f5f5272a1eb0/datanode-6/data/ratis/df469fe8-93f1-48fc-991a-56b751c24a32/current/raft-meta.conf
2024-02-09 18:35:39,241 [87145564-582e-4d08-b209-7a2296b785bc-groupManagement] INFO  ratis.ContainerStateMachine (ContainerStateMachine.java:loadSnapshot(287)) - group-56B751C24A32: The snapshot info is null. Setting the last applied index to:(t:0, i:~)
2024-02-09 18:35:39,241 [87145564-582e-4d08-b209-7a2296b785bc-groupManagement] INFO  server.RaftServerConfigKeys (ConfUtils.java:logGet(46)) - raft.server.log.use.memory = false (default)
2024-02-09 18:35:39,242 [87145564-582e-4d08-b209-7a2296b785bc-groupManagement] INFO  server.RaftServerConfigKeys (ConfUtils.java:logGet(46)) - raft.server.log.purge.gap = 1000000 (custom)
2024-02-09 18:35:39,242 [87145564-582e-4d08-b209-7a2296b785bc-groupManagement] INFO  server.RaftServerConfigKeys (ConfUtils.java:logGet(46)) - raft.server.log.appender.buffer.byte-limit = 8388608 (custom)
2024-02-09 18:35:39,242 [EventQueue-PipelineReportForPipelineReportHandler] INFO  pipeline.PipelineReportHandler (PipelineReportHandler.java:processPipelineReport(136)) - Opened pipeline PipelineID=df469fe8-93f1-48fc-991a-56b751c24a32
2024-02-09 18:35:39,243 [87145564-582e-4d08-b209-7a2296b785bc-groupManagement] INFO  server.RaftServerConfigKeys (ConfUtils.java:logGet(46)) - raft.server.log.statemachine.data.read.timeout = 1000ms (default)
2024-02-09 18:35:39,243 [EventQueue-OpenPipelineForHealthyPipelineSafeModeRule] INFO  safemode.SCMSafeModeManager (HealthyPipelineSafeModeRule.java:process(140)) - SCM in safe mode. Healthy pipelines reported count is 0, required healthy pipeline reported count is 1
2024-02-09 18:35:39,243 [87145564-582e-4d08-b209-7a2296b785bc-groupManagement] INFO  server.RaftServerConfigKeys (ConfUtils.java:logGet(46)) - raft.server.log.purge.preservation.log.num = 0 (default)
2024-02-09 18:35:39,244 [87145564-582e-4d08-b209-7a2296b785bc-groupManagement] INFO  server.RaftServerConfigKeys (ConfUtils.java:logGet(46)) - raft.server.log.segment.size.max = 67108864 (custom)
2024-02-09 18:35:39,244 [87145564-582e-4d08-b209-7a2296b785bc-groupManagement] INFO  server.RaftServerConfigKeys (ConfUtils.java:logGet(46)) - raft.server.log.segment.cache.num.max = 2 (custom)
2024-02-09 18:35:39,244 [87145564-582e-4d08-b209-7a2296b785bc-groupManagement] INFO  server.RaftServerConfigKeys (ConfUtils.java:logGet(46)) - raft.server.log.segment.cache.size.max = 200MB (=209715200) (default)
2024-02-09 18:35:39,244 [87145564-582e-4d08-b209-7a2296b785bc-groupManagement] INFO  server.RaftServerConfigKeys (ConfUtils.java:logGet(46)) - raft.server.log.appender.buffer.byte-limit = 8388608 (custom)
2024-02-09 18:35:39,245 [87145564-582e-4d08-b209-7a2296b785bc-groupManagement] INFO  util.AwaitToRun (AwaitToRun.java:start(81)) - Thread[87145564-582e-4d08-b209-7a2296b785bc@group-56B751C24A32-cacheEviction-AwaitToRun,5,main] started
2024-02-09 18:35:39,245 [87145564-582e-4d08-b209-7a2296b785bc-groupManagement] INFO  segmented.SegmentedRaftLogWorker (SegmentedRaftLogWorker.java:<init>(182)) - new 87145564-582e-4d08-b209-7a2296b785bc@group-56B751C24A32-SegmentedRaftLogWorker for RaftStorageImpl:Storage Directory /home/runner/work/ozone/ozone/hadoop-ozone/integration-test/target/test-dir/MiniOzoneClusterImpl-10a7684d-3d33-49d2-80ef-f5f5272a1eb0/datanode-6/data/ratis/df469fe8-93f1-48fc-991a-56b751c24a32
2024-02-09 18:35:39,245 [87145564-582e-4d08-b209-7a2296b785bc-groupManagement] INFO  server.RaftServerConfigKeys (ConfUtils.java:logGet(46)) - raft.server.log.queue.byte-limit = 4294967296 (custom)
2024-02-09 18:35:39,245 [87145564-582e-4d08-b209-7a2296b785bc-groupManagement] INFO  server.RaftServerConfigKeys (ConfUtils.java:logGet(46)) - raft.server.log.queue.element-limit = 1024 (custom)
2024-02-09 18:35:39,245 [87145564-582e-4d08-b209-7a2296b785bc-groupManagement] INFO  server.RaftServerConfigKeys (ConfUtils.java:logGet(46)) - raft.server.log.segment.size.max = 67108864 (custom)
2024-02-09 18:35:39,245 [87145564-582e-4d08-b209-7a2296b785bc-groupManagement] INFO  server.RaftServerConfigKeys (ConfUtils.java:logGet(46)) - raft.server.log.preallocated.size = 4194304 (custom)
2024-02-09 18:35:39,245 [87145564-582e-4d08-b209-7a2296b785bc-groupManagement] INFO  server.RaftServerConfigKeys (ConfUtils.java:logGet(46)) - raft.server.log.force.sync.num = 128 (default)
2024-02-09 18:35:39,245 [87145564-582e-4d08-b209-7a2296b785bc-groupManagement] INFO  server.RaftServerConfigKeys (ConfUtils.java:logGet(46)) - raft.server.log.statemachine.data.sync = true (default)
2024-02-09 18:35:39,245 [87145564-582e-4d08-b209-7a2296b785bc-groupManagement] INFO  server.RaftServerConfigKeys (ConfUtils.java:logGet(46)) - raft.server.log.statemachine.data.sync.timeout = 10s (default)
2024-02-09 18:35:39,245 [87145564-582e-4d08-b209-7a2296b785bc-groupManagement] INFO  server.RaftServerConfigKeys (ConfUtils.java:logGet(46)) - raft.server.log.statemachine.data.sync.timeout.retry = 0 (custom)
2024-02-09 18:35:39,245 [87145564-582e-4d08-b209-7a2296b785bc-groupManagement] INFO  server.RaftServerConfigKeys (ConfUtils.java:logGet(46)) - raft.server.log.write.buffer.size = 8388616 (custom)
2024-02-09 18:35:39,247 [87145564-582e-4d08-b209-7a2296b785bc-groupManagement] INFO  server.RaftServerConfigKeys (ConfUtils.java:logGet(46)) - raft.server.log.appender.buffer.byte-limit = 8388608 (custom)
2024-02-09 18:35:39,247 [87145564-582e-4d08-b209-7a2296b785bc-groupManagement] INFO  server.RaftServerConfigKeys (ConfUtils.java:logGet(46)) - raft.server.log.unsafe-flush.enabled = false (default)
2024-02-09 18:35:39,247 [87145564-582e-4d08-b209-7a2296b785bc-groupManagement] INFO  server.RaftServerConfigKeys (ConfUtils.java:logGet(46)) - raft.server.log.async-flush.enabled = false (default)
2024-02-09 18:35:39,247 [87145564-582e-4d08-b209-7a2296b785bc-groupManagement] INFO  server.RaftServerConfigKeys (ConfUtils.java:logGet(46)) - raft.server.log.statemachine.data.caching.enabled = true (custom)
2024-02-09 18:35:39,247 [87145564-582e-4d08-b209-7a2296b785bc-groupManagement] INFO  segmented.SegmentedRaftLogWorker (SegmentedRaftLogWorker.java:lambda$new$0(134)) - 87145564-582e-4d08-b209-7a2296b785bc@group-56B751C24A32-SegmentedRaftLogWorker: flushIndex: setUnconditionally 0 -> -1
2024-02-09 18:35:39,247 [87145564-582e-4d08-b209-7a2296b785bc-groupManagement] INFO  segmented.SegmentedRaftLogWorker (SegmentedRaftLogWorker.java:lambda$new$0(134)) - 87145564-582e-4d08-b209-7a2296b785bc@group-56B751C24A32-SegmentedRaftLogWorker: safeCacheEvictIndex: setUnconditionally 0 -> -1
2024-02-09 18:35:39,247 [87145564-582e-4d08-b209-7a2296b785bc-groupManagement] INFO  server.RaftServer$Division (RaftServerImpl.java:start(396)) - 87145564-582e-4d08-b209-7a2296b785bc@group-56B751C24A32: start as a follower, conf=-1: peers:[87145564-582e-4d08-b209-7a2296b785bc|10.1.0.43:15424]|listeners:[], old=null
2024-02-09 18:35:39,247 [87145564-582e-4d08-b209-7a2296b785bc-groupManagement] INFO  server.RaftServer$Division (RaftServerImpl.java:setRole(383)) - 87145564-582e-4d08-b209-7a2296b785bc@group-56B751C24A32: changes role from      null to FOLLOWER at term 0 for startAsFollower
2024-02-09 18:35:39,247 [87145564-582e-4d08-b209-7a2296b785bc-groupManagement] INFO  impl.RoleInfo (RoleInfo.java:updateAndGet(139)) - 87145564-582e-4d08-b209-7a2296b785bc: start 87145564-582e-4d08-b209-7a2296b785bc@group-56B751C24A32-FollowerState
2024-02-09 18:35:39,248 [87145564-582e-4d08-b209-7a2296b785bc@group-56B751C24A32-FollowerState] INFO  server.RaftServerConfigKeys (ConfUtils.java:logFallback(53)) - raft.server.rpc.first-election.timeout.min = 5s (fallback to raft.server.rpc.timeout.min)
2024-02-09 18:35:39,248 [87145564-582e-4d08-b209-7a2296b785bc-groupManagement] INFO  util.JmxRegister (JmxRegister.java:tryRegister(44)) - Successfully registered JMX Bean with object name Ratis:service=RaftServer,group=group-56B751C24A32,id=87145564-582e-4d08-b209-7a2296b785bc
2024-02-09 18:35:39,248 [87145564-582e-4d08-b209-7a2296b785bc@group-56B751C24A32-FollowerState] INFO  server.RaftServerConfigKeys (ConfUtils.java:logFallback(53)) - raft.server.rpc.first-election.timeout.max = 5200ms (fallback to raft.server.rpc.timeout.max)
2024-02-09 18:35:39,248 [87145564-582e-4d08-b209-7a2296b785bc-groupManagement] INFO  server.RaftServerConfigKeys (ConfUtils.java:logGet(46)) - raft.server.snapshot.trigger-when-stop.enabled = true (default)
2024-02-09 18:35:39,248 [87145564-582e-4d08-b209-7a2296b785bc-groupManagement] INFO  server.RaftServerConfigKeys (ConfUtils.java:logGet(46)) - raft.server.snapshot.auto.trigger.enabled = true (custom)
2024-02-09 18:35:39,248 [87145564-582e-4d08-b209-7a2296b785bc-groupManagement] INFO  server.RaftServerConfigKeys (ConfUtils.java:logGet(46)) - raft.server.snapshot.auto.trigger.threshold = 10000 (custom)
2024-02-09 18:35:39,248 [87145564-582e-4d08-b209-7a2296b785bc-groupManagement] INFO  server.RaftServerConfigKeys (ConfUtils.java:logGet(46)) - raft.server.snapshot.retention.file.num = 5 (custom)
2024-02-09 18:35:39,248 [87145564-582e-4d08-b209-7a2296b785bc-groupManagement] INFO  server.RaftServerConfigKeys (ConfUtils.java:logGet(46)) - raft.server.log.purge.upto.snapshot.index = false (default)
2024-02-09 18:35:39,248 [87145564-582e-4d08-b209-7a2296b785bc-PipelineCommandHandlerThread-0] INFO  ratis.XceiverServerRatis (XceiverServerRatis.java:addGroup(864)) - Created group PipelineID=df469fe8-93f1-48fc-991a-56b751c24a32
2024-02-09 18:35:39,248 [87145564-582e-4d08-b209-7a2296b785bc-PipelineCommandHandlerThread-0] INFO  commandhandler.CreatePipelineCommandHandler (CreatePipelineCommandHandler.java:lambda$handle$2(124)) - Created Pipeline RATIS ONE PipelineID=df469fe8-93f1-48fc-991a-56b751c24a32.
2024-02-09 18:35:39,249 [87145564-582e-4d08-b209-7a2296b785bc-PipelineCommandHandlerThread-0] INFO  server.RaftServer (RaftServerProxy.java:addNew(100)) - 87145564-582e-4d08-b209-7a2296b785bc: addNew group-3830F8D38876:[408e6c3a-5292-4cb9-8087-08d5bb587f71|10.1.0.43:15433, bf8a30fd-7b22-4fec-9389-eaf0e8889ee9|10.1.0.43:15442, 87145564-582e-4d08-b209-7a2296b785bc|10.1.0.43:15424] returns group-3830F8D38876:java.util.concurrent.CompletableFuture@5ce4ddcb[Not completed]
2024-02-09 18:35:39,249 [87145564-582e-4d08-b209-7a2296b785bc-groupManagement] INFO  server.RaftServer$Division (RaftServerImpl.java:<init>(256)) - 87145564-582e-4d08-b209-7a2296b785bc: new RaftServerImpl for group-3830F8D38876:[408e6c3a-5292-4cb9-8087-08d5bb587f71|10.1.0.43:15433, bf8a30fd-7b22-4fec-9389-eaf0e8889ee9|10.1.0.43:15442, 87145564-582e-4d08-b209-7a2296b785bc|10.1.0.43:15424] with ContainerStateMachine:uninitialized
2024-02-09 18:35:39,249 [87145564-582e-4d08-b209-7a2296b785bc-groupManagement] INFO  server.RaftServerConfigKeys (ConfUtils.java:logGet(46)) - raft.server.rpc.timeout.min = 5s (custom)
2024-02-09 18:35:39,249 [87145564-582e-4d08-b209-7a2296b785bc-groupManagement] INFO  server.RaftServerConfigKeys (ConfUtils.java:logGet(46)) - raft.server.rpc.timeout.max = 5200ms (custom)
2024-02-09 18:35:39,249 [87145564-582e-4d08-b209-7a2296b785bc-groupManagement] INFO  server.RaftServerConfigKeys (ConfUtils.java:logGet(46)) - raft.server.rpc.sleep.time = 25ms (default)
2024-02-09 18:35:39,249 [87145564-582e-4d08-b209-7a2296b785bc-groupManagement] INFO  server.RaftServerConfigKeys (ConfUtils.java:logGet(46)) - raft.server.rpc.slowness.timeout = 300000ms (custom)
2024-02-09 18:35:39,249 [87145564-582e-4d08-b209-7a2296b785bc-groupManagement] INFO  server.RaftServerConfigKeys (ConfUtils.java:logGet(46)) - raft.server.leaderelection.leader.step-down.wait-time = 10s (default)
2024-02-09 18:35:39,249 [87145564-582e-4d08-b209-7a2296b785bc-groupManagement] INFO  server.RaftServerConfigKeys (ConfUtils.java:logGet(46)) - raft.server.leaderelection.member.majority-add = false (default)
2024-02-09 18:35:39,249 [87145564-582e-4d08-b209-7a2296b785bc-groupManagement] INFO  server.RaftServerConfigKeys (ConfUtils.java:logGet(46)) - raft.server.sleep.deviation.threshold = 300ms (default)
2024-02-09 18:35:39,250 [87145564-582e-4d08-b209-7a2296b785bc-groupManagement] INFO  server.RaftServer$Division (ServerState.java:<init>(113)) - 87145564-582e-4d08-b209-7a2296b785bc@group-3830F8D38876: ConfigurationManager, init=-1: peers:[408e6c3a-5292-4cb9-8087-08d5bb587f71|10.1.0.43:15433, bf8a30fd-7b22-4fec-9389-eaf0e8889ee9|10.1.0.43:15442, 87145564-582e-4d08-b209-7a2296b785bc|10.1.0.43:15424]|listeners:[], old=null, confs=<EMPTY_MAP>
2024-02-09 18:35:39,250 [87145564-582e-4d08-b209-7a2296b785bc-groupManagement] INFO  server.RaftServerConfigKeys (ConfUtils.java:logGet(46)) - raft.server.notification.no-leader.timeout = 300000ms (custom)
2024-02-09 18:35:39,250 [87145564-582e-4d08-b209-7a2296b785bc-groupManagement] INFO  server.RaftServerConfigKeys (ConfUtils.java:logGet(46)) - raft.server.read.timeout = 10s (default)
2024-02-09 18:35:39,250 [87145564-582e-4d08-b209-7a2296b785bc-groupManagement] INFO  server.RaftServerConfigKeys (ConfUtils.java:logGet(46)) - raft.server.retrycache.expirytime = 600000ms (custom)
2024-02-09 18:35:39,250 [87145564-582e-4d08-b209-7a2296b785bc-groupManagement] INFO  server.RaftServerConfigKeys (ConfUtils.java:logGet(46)) - raft.server.retrycache.statistics.expirytime = 100ms (default)
2024-02-09 18:35:39,250 [87145564-582e-4d08-b209-7a2296b785bc-groupManagement] INFO  server.RaftServerConfigKeys (ConfUtils.java:logGet(46)) - raft.server.read.option = DEFAULT (default)
2024-02-09 18:35:39,250 [87145564-582e-4d08-b209-7a2296b785bc-groupManagement] INFO  server.RaftServerConfigKeys (ConfUtils.java:logGet(46)) - raft.server.read.read-after-write-consistent.write-index-cache.expiry-time = 60s (default)
2024-02-09 18:35:39,251 [87145564-582e-4d08-b209-7a2296b785bc-groupManagement] INFO  server.RaftServerConfigKeys (ConfUtils.java:logGet(46)) - raft.server.rpc.request.timeout = 3000ms (default)
2024-02-09 18:35:39,251 [87145564-582e-4d08-b209-7a2296b785bc-groupManagement] INFO  server.RaftServerConfigKeys (ConfUtils.java:logGet(46)) - raft.server.log.appender.install.snapshot.enabled = false (custom)
2024-02-09 18:35:39,251 [87145564-582e-4d08-b209-7a2296b785bc-groupManagement] INFO  server.RaftServerConfigKeys (ConfUtils.java:logGet(46)) - raft.server.threadpool.server.cached = true (default)
2024-02-09 18:35:39,251 [87145564-582e-4d08-b209-7a2296b785bc-groupManagement] INFO  server.RaftServerConfigKeys (ConfUtils.java:logGet(46)) - raft.server.threadpool.server.size = 0 (default)
2024-02-09 18:35:39,251 [87145564-582e-4d08-b209-7a2296b785bc-groupManagement] INFO  server.RaftServerConfigKeys (ConfUtils.java:logGet(46)) - raft.server.threadpool.client.cached = true (default)
2024-02-09 18:35:39,251 [87145564-582e-4d08-b209-7a2296b785bc-groupManagement] INFO  server.RaftServerConfigKeys (ConfUtils.java:logGet(46)) - raft.server.threadpool.client.size = 0 (default)
2024-02-09 18:35:39,251 [87145564-582e-4d08-b209-7a2296b785bc-groupManagement] INFO  server.RaftServerConfigKeys (ConfUtils.java:logGet(46)) - raft.server.storage.free-space.min = 0MB (=0) (default)
2024-02-09 18:35:39,251 [87145564-582e-4d08-b209-7a2296b785bc-groupManagement] INFO  server.RaftServerConfigKeys (ConfUtils.java:logGet(46)) - raft.server.log.corruption.policy = EXCEPTION (default)
2024-02-09 18:35:39,252 [87145564-582e-4d08-b209-7a2296b785bc-groupManagement] INFO  server.RaftServerConfigKeys (ConfUtils.java:logGet(46)) - raft.server.storage.dir = [/home/runner/work/ozone/ozone/hadoop-ozone/integration-test/target/test-dir/MiniOzoneClusterImpl-10a7684d-3d33-49d2-80ef-f5f5272a1eb0/datanode-6/data/ratis] (custom)
2024-02-09 18:35:39,252 [87145564-582e-4d08-b209-7a2296b785bc-groupManagement] INFO  storage.RaftStorageDirectory (RaftStorageDirectoryImpl.java:analyzeStorage(138)) - The storage directory /home/runner/work/ozone/ozone/hadoop-ozone/integration-test/target/test-dir/MiniOzoneClusterImpl-10a7684d-3d33-49d2-80ef-f5f5272a1eb0/datanode-6/data/ratis/2135d486-1a49-4d36-8ae2-3830f8d38876 does not exist. Creating ...
2024-02-09 18:35:39,252 [87145564-582e-4d08-b209-7a2296b785bc-groupManagement] INFO  storage.RaftStorageDirectory (RaftStorageDirectoryImpl.java:tryLock(228)) - Lock on /home/runner/work/ozone/ozone/hadoop-ozone/integration-test/target/test-dir/MiniOzoneClusterImpl-10a7684d-3d33-49d2-80ef-f5f5272a1eb0/datanode-6/data/ratis/2135d486-1a49-4d36-8ae2-3830f8d38876/in_use.lock acquired by nodename 37674@fv-az1241-572
2024-02-09 18:35:39,253 [87145564-582e-4d08-b209-7a2296b785bc-groupManagement] INFO  storage.RaftStorage (RaftStorageImpl.java:format(99)) - Storage directory /home/runner/work/ozone/ozone/hadoop-ozone/integration-test/target/test-dir/MiniOzoneClusterImpl-10a7684d-3d33-49d2-80ef-f5f5272a1eb0/datanode-6/data/ratis/2135d486-1a49-4d36-8ae2-3830f8d38876 has been successfully formatted.
2024-02-09 18:35:39,253 [87145564-582e-4d08-b209-7a2296b785bc-groupManagement] WARN  util.FileUtils (LogUtils.java:supplyAndLog(63)) - Failed to Files.newInputStream /home/runner/work/ozone/ozone/hadoop-ozone/integration-test/target/test-dir/MiniOzoneClusterImpl-10a7684d-3d33-49d2-80ef-f5f5272a1eb0/datanode-6/data/ratis/2135d486-1a49-4d36-8ae2-3830f8d38876/current/raft-meta.conf with options []: java.nio.file.NoSuchFileException: /home/runner/work/ozone/ozone/hadoop-ozone/integration-test/target/test-dir/MiniOzoneClusterImpl-10a7684d-3d33-49d2-80ef-f5f5272a1eb0/datanode-6/data/ratis/2135d486-1a49-4d36-8ae2-3830f8d38876/current/raft-meta.conf
2024-02-09 18:35:39,254 [87145564-582e-4d08-b209-7a2296b785bc-groupManagement] INFO  ratis.ContainerStateMachine (ContainerStateMachine.java:loadSnapshot(287)) - group-3830F8D38876: The snapshot info is null. Setting the last applied index to:(t:0, i:~)
2024-02-09 18:35:39,254 [87145564-582e-4d08-b209-7a2296b785bc-groupManagement] INFO  server.RaftServerConfigKeys (ConfUtils.java:logGet(46)) - raft.server.log.use.memory = false (default)
2024-02-09 18:35:39,254 [87145564-582e-4d08-b209-7a2296b785bc-groupManagement] INFO  server.RaftServerConfigKeys (ConfUtils.java:logGet(46)) - raft.server.log.purge.gap = 1000000 (custom)
2024-02-09 18:35:39,254 [87145564-582e-4d08-b209-7a2296b785bc-groupManagement] INFO  server.RaftServerConfigKeys (ConfUtils.java:logGet(46)) - raft.server.log.appender.buffer.byte-limit = 8388608 (custom)
2024-02-09 18:35:39,254 [87145564-582e-4d08-b209-7a2296b785bc-groupManagement] INFO  server.RaftServerConfigKeys (ConfUtils.java:logGet(46)) - raft.server.log.statemachine.data.read.timeout = 1000ms (default)
2024-02-09 18:35:39,254 [EventQueue-OpenPipelineForHealthyPipelineSafeModeRule] INFO  safemode.SCMSafeModeManager (HealthyPipelineSafeModeRule.java:process(140)) - SCM in safe mode. Healthy pipelines reported count is 0, required healthy pipeline reported count is 1
2024-02-09 18:35:39,254 [87145564-582e-4d08-b209-7a2296b785bc-groupManagement] INFO  server.RaftServerConfigKeys (ConfUtils.java:logGet(46)) - raft.server.log.purge.preservation.log.num = 0 (default)
2024-02-09 18:35:39,255 [87145564-582e-4d08-b209-7a2296b785bc-groupManagement] INFO  server.RaftServerConfigKeys (ConfUtils.java:logGet(46)) - raft.server.log.segment.size.max = 67108864 (custom)
2024-02-09 18:35:39,255 [87145564-582e-4d08-b209-7a2296b785bc-groupManagement] INFO  server.RaftServerConfigKeys (ConfUtils.java:logGet(46)) - raft.server.log.segment.cache.num.max = 2 (custom)
2024-02-09 18:35:39,255 [87145564-582e-4d08-b209-7a2296b785bc-groupManagement] INFO  server.RaftServerConfigKeys (ConfUtils.java:logGet(46)) - raft.server.log.segment.cache.size.max = 200MB (=209715200) (default)
2024-02-09 18:35:39,255 [87145564-582e-4d08-b209-7a2296b785bc-groupManagement] INFO  server.RaftServerConfigKeys (ConfUtils.java:logGet(46)) - raft.server.log.appender.buffer.byte-limit = 8388608 (custom)
2024-02-09 18:35:39,256 [87145564-582e-4d08-b209-7a2296b785bc-groupManagement] INFO  util.AwaitToRun (AwaitToRun.java:start(81)) - Thread[87145564-582e-4d08-b209-7a2296b785bc@group-3830F8D38876-cacheEviction-AwaitToRun,5,main] started
2024-02-09 18:35:39,256 [87145564-582e-4d08-b209-7a2296b785bc-groupManagement] INFO  segmented.SegmentedRaftLogWorker (SegmentedRaftLogWorker.java:<init>(182)) - new 87145564-582e-4d08-b209-7a2296b785bc@group-3830F8D38876-SegmentedRaftLogWorker for RaftStorageImpl:Storage Directory /home/runner/work/ozone/ozone/hadoop-ozone/integration-test/target/test-dir/MiniOzoneClusterImpl-10a7684d-3d33-49d2-80ef-f5f5272a1eb0/datanode-6/data/ratis/2135d486-1a49-4d36-8ae2-3830f8d38876
2024-02-09 18:35:39,256 [87145564-582e-4d08-b209-7a2296b785bc-groupManagement] INFO  server.RaftServerConfigKeys (ConfUtils.java:logGet(46)) - raft.server.log.queue.byte-limit = 4294967296 (custom)
2024-02-09 18:35:39,256 [87145564-582e-4d08-b209-7a2296b785bc-groupManagement] INFO  server.RaftServerConfigKeys (ConfUtils.java:logGet(46)) - raft.server.log.queue.element-limit = 1024 (custom)
2024-02-09 18:35:39,256 [87145564-582e-4d08-b209-7a2296b785bc-groupManagement] INFO  server.RaftServerConfigKeys (ConfUtils.java:logGet(46)) - raft.server.log.segment.size.max = 67108864 (custom)
2024-02-09 18:35:39,256 [87145564-582e-4d08-b209-7a2296b785bc-groupManagement] INFO  server.RaftServerConfigKeys (ConfUtils.java:logGet(46)) - raft.server.log.preallocated.size = 4194304 (custom)
2024-02-09 18:35:39,256 [87145564-582e-4d08-b209-7a2296b785bc-groupManagement] INFO  server.RaftServerConfigKeys (ConfUtils.java:logGet(46)) - raft.server.log.force.sync.num = 128 (default)
2024-02-09 18:35:39,256 [87145564-582e-4d08-b209-7a2296b785bc-groupManagement] INFO  server.RaftServerConfigKeys (ConfUtils.java:logGet(46)) - raft.server.log.statemachine.data.sync = true (default)
2024-02-09 18:35:39,256 [87145564-582e-4d08-b209-7a2296b785bc-groupManagement] INFO  server.RaftServerConfigKeys (ConfUtils.java:logGet(46)) - raft.server.log.statemachine.data.sync.timeout = 10s (default)
2024-02-09 18:35:39,256 [87145564-582e-4d08-b209-7a2296b785bc-groupManagement] INFO  server.RaftServerConfigKeys (ConfUtils.java:logGet(46)) - raft.server.log.statemachine.data.sync.timeout.retry = 0 (custom)
2024-02-09 18:35:39,256 [87145564-582e-4d08-b209-7a2296b785bc-groupManagement] INFO  server.RaftServerConfigKeys (ConfUtils.java:logGet(46)) - raft.server.log.write.buffer.size = 8388616 (custom)
2024-02-09 18:35:39,257 [87145564-582e-4d08-b209-7a2296b785bc-groupManagement] INFO  server.RaftServerConfigKeys (ConfUtils.java:logGet(46)) - raft.server.log.appender.buffer.byte-limit = 8388608 (custom)
2024-02-09 18:35:39,257 [87145564-582e-4d08-b209-7a2296b785bc-groupManagement] INFO  server.RaftServerConfigKeys (ConfUtils.java:logGet(46)) - raft.server.log.unsafe-flush.enabled = false (default)
2024-02-09 18:35:39,257 [87145564-582e-4d08-b209-7a2296b785bc-groupManagement] INFO  server.RaftServerConfigKeys (ConfUtils.java:logGet(46)) - raft.server.log.async-flush.enabled = false (default)
2024-02-09 18:35:39,257 [87145564-582e-4d08-b209-7a2296b785bc-groupManagement] INFO  server.RaftServerConfigKeys (ConfUtils.java:logGet(46)) - raft.server.log.statemachine.data.caching.enabled = true (custom)
2024-02-09 18:35:39,258 [87145564-582e-4d08-b209-7a2296b785bc-groupManagement] INFO  segmented.SegmentedRaftLogWorker (SegmentedRaftLogWorker.java:lambda$new$0(134)) - 87145564-582e-4d08-b209-7a2296b785bc@group-3830F8D38876-SegmentedRaftLogWorker: flushIndex: setUnconditionally 0 -> -1
2024-02-09 18:35:39,258 [87145564-582e-4d08-b209-7a2296b785bc-groupManagement] INFO  segmented.SegmentedRaftLogWorker (SegmentedRaftLogWorker.java:lambda$new$0(134)) - 87145564-582e-4d08-b209-7a2296b785bc@group-3830F8D38876-SegmentedRaftLogWorker: safeCacheEvictIndex: setUnconditionally 0 -> -1
2024-02-09 18:35:39,258 [87145564-582e-4d08-b209-7a2296b785bc-groupManagement] INFO  server.RaftServer$Division (RaftServerImpl.java:start(396)) - 87145564-582e-4d08-b209-7a2296b785bc@group-3830F8D38876: start as a follower, conf=-1: peers:[408e6c3a-5292-4cb9-8087-08d5bb587f71|10.1.0.43:15433, bf8a30fd-7b22-4fec-9389-eaf0e8889ee9|10.1.0.43:15442, 87145564-582e-4d08-b209-7a2296b785bc|10.1.0.43:15424]|listeners:[], old=null
2024-02-09 18:35:39,258 [87145564-582e-4d08-b209-7a2296b785bc-groupManagement] INFO  server.RaftServer$Division (RaftServerImpl.java:setRole(383)) - 87145564-582e-4d08-b209-7a2296b785bc@group-3830F8D38876: changes role from      null to FOLLOWER at term 0 for startAsFollower
2024-02-09 18:35:39,258 [87145564-582e-4d08-b209-7a2296b785bc-groupManagement] INFO  impl.RoleInfo (RoleInfo.java:updateAndGet(139)) - 87145564-582e-4d08-b209-7a2296b785bc: start 87145564-582e-4d08-b209-7a2296b785bc@group-3830F8D38876-FollowerState
2024-02-09 18:35:39,258 [87145564-582e-4d08-b209-7a2296b785bc-groupManagement] INFO  util.JmxRegister (JmxRegister.java:tryRegister(44)) - Successfully registered JMX Bean with object name Ratis:service=RaftServer,group=group-3830F8D38876,id=87145564-582e-4d08-b209-7a2296b785bc
2024-02-09 18:35:39,258 [87145564-582e-4d08-b209-7a2296b785bc@group-3830F8D38876-FollowerState] INFO  server.RaftServerConfigKeys (ConfUtils.java:logFallback(53)) - raft.server.rpc.first-election.timeout.min = 5s (fallback to raft.server.rpc.timeout.min)
2024-02-09 18:35:39,258 [87145564-582e-4d08-b209-7a2296b785bc-groupManagement] INFO  server.RaftServerConfigKeys (ConfUtils.java:logGet(46)) - raft.server.snapshot.trigger-when-stop.enabled = true (default)
2024-02-09 18:35:39,258 [87145564-582e-4d08-b209-7a2296b785bc@group-3830F8D38876-FollowerState] INFO  server.RaftServerConfigKeys (ConfUtils.java:logFallback(53)) - raft.server.rpc.first-election.timeout.max = 5200ms (fallback to raft.server.rpc.timeout.max)
2024-02-09 18:35:39,258 [87145564-582e-4d08-b209-7a2296b785bc-groupManagement] INFO  server.RaftServerConfigKeys (ConfUtils.java:logGet(46)) - raft.server.snapshot.auto.trigger.enabled = true (custom)
2024-02-09 18:35:39,258 [87145564-582e-4d08-b209-7a2296b785bc-groupManagement] INFO  server.RaftServerConfigKeys (ConfUtils.java:logGet(46)) - raft.server.snapshot.auto.trigger.threshold = 10000 (custom)
2024-02-09 18:35:39,258 [87145564-582e-4d08-b209-7a2296b785bc-groupManagement] INFO  server.RaftServerConfigKeys (ConfUtils.java:logGet(46)) - raft.server.snapshot.retention.file.num = 5 (custom)
2024-02-09 18:35:39,258 [87145564-582e-4d08-b209-7a2296b785bc-groupManagement] INFO  server.RaftServerConfigKeys (ConfUtils.java:logGet(46)) - raft.server.log.purge.upto.snapshot.index = false (default)
2024-02-09 18:35:39,259 [87145564-582e-4d08-b209-7a2296b785bc-PipelineCommandHandlerThread-0] INFO  ratis.XceiverServerRatis (XceiverServerRatis.java:addGroup(864)) - Created group PipelineID=2135d486-1a49-4d36-8ae2-3830f8d38876
2024-02-09 18:35:39,264 [grpc-default-executor-7] INFO  server.RaftServer (RaftServerProxy.java:addNew(100)) - 408e6c3a-5292-4cb9-8087-08d5bb587f71: addNew group-3830F8D38876:[408e6c3a-5292-4cb9-8087-08d5bb587f71|10.1.0.43:15433, bf8a30fd-7b22-4fec-9389-eaf0e8889ee9|10.1.0.43:15442, 87145564-582e-4d08-b209-7a2296b785bc|10.1.0.43:15424] returns group-3830F8D38876:java.util.concurrent.CompletableFuture@3e58094c[Not completed]
2024-02-09 18:35:39,265 [408e6c3a-5292-4cb9-8087-08d5bb587f71-groupManagement] INFO  server.RaftServer$Division (RaftServerImpl.java:<init>(256)) - 408e6c3a-5292-4cb9-8087-08d5bb587f71: new RaftServerImpl for group-3830F8D38876:[408e6c3a-5292-4cb9-8087-08d5bb587f71|10.1.0.43:15433, bf8a30fd-7b22-4fec-9389-eaf0e8889ee9|10.1.0.43:15442, 87145564-582e-4d08-b209-7a2296b785bc|10.1.0.43:15424] with ContainerStateMachine:uninitialized
2024-02-09 18:35:39,265 [408e6c3a-5292-4cb9-8087-08d5bb587f71-groupManagement] INFO  server.RaftServerConfigKeys (ConfUtils.java:logGet(46)) - raft.server.rpc.timeout.min = 5s (custom)
2024-02-09 18:35:39,265 [408e6c3a-5292-4cb9-8087-08d5bb587f71-groupManagement] INFO  server.RaftServerConfigKeys (ConfUtils.java:logGet(46)) - raft.server.rpc.timeout.max = 5200ms (custom)
2024-02-09 18:35:39,265 [408e6c3a-5292-4cb9-8087-08d5bb587f71-groupManagement] INFO  server.RaftServerConfigKeys (ConfUtils.java:logGet(46)) - raft.server.rpc.sleep.time = 25ms (default)
2024-02-09 18:35:39,265 [408e6c3a-5292-4cb9-8087-08d5bb587f71-groupManagement] INFO  server.RaftServerConfigKeys (ConfUtils.java:logGet(46)) - raft.server.rpc.slowness.timeout = 300000ms (custom)
2024-02-09 18:35:39,265 [408e6c3a-5292-4cb9-8087-08d5bb587f71-groupManagement] INFO  server.RaftServerConfigKeys (ConfUtils.java:logGet(46)) - raft.server.leaderelection.leader.step-down.wait-time = 10s (default)
2024-02-09 18:35:39,265 [408e6c3a-5292-4cb9-8087-08d5bb587f71-groupManagement] INFO  server.RaftServerConfigKeys (ConfUtils.java:logGet(46)) - raft.server.leaderelection.member.majority-add = false (default)
2024-02-09 18:35:39,265 [408e6c3a-5292-4cb9-8087-08d5bb587f71-groupManagement] INFO  server.RaftServerConfigKeys (ConfUtils.java:logGet(46)) - raft.server.sleep.deviation.threshold = 300ms (default)
2024-02-09 18:35:39,265 [408e6c3a-5292-4cb9-8087-08d5bb587f71-groupManagement] INFO  server.RaftServer$Division (ServerState.java:<init>(113)) - 408e6c3a-5292-4cb9-8087-08d5bb587f71@group-3830F8D38876: ConfigurationManager, init=-1: peers:[408e6c3a-5292-4cb9-8087-08d5bb587f71|10.1.0.43:15433, bf8a30fd-7b22-4fec-9389-eaf0e8889ee9|10.1.0.43:15442, 87145564-582e-4d08-b209-7a2296b785bc|10.1.0.43:15424]|listeners:[], old=null, confs=<EMPTY_MAP>
2024-02-09 18:35:39,265 [408e6c3a-5292-4cb9-8087-08d5bb587f71-groupManagement] INFO  server.RaftServerConfigKeys (ConfUtils.java:logGet(46)) - raft.server.notification.no-leader.timeout = 300000ms (custom)
2024-02-09 18:35:39,265 [408e6c3a-5292-4cb9-8087-08d5bb587f71-groupManagement] INFO  server.RaftServerConfigKeys (ConfUtils.java:logGet(46)) - raft.server.read.timeout = 10s (default)
2024-02-09 18:35:39,265 [408e6c3a-5292-4cb9-8087-08d5bb587f71-groupManagement] INFO  server.RaftServerConfigKeys (ConfUtils.java:logGet(46)) - raft.server.retrycache.expirytime = 600000ms (custom)
2024-02-09 18:35:39,265 [408e6c3a-5292-4cb9-8087-08d5bb587f71-groupManagement] INFO  server.RaftServerConfigKeys (ConfUtils.java:logGet(46)) - raft.server.retrycache.statistics.expirytime = 100ms (default)
2024-02-09 18:35:39,265 [408e6c3a-5292-4cb9-8087-08d5bb587f71-groupManagement] INFO  server.RaftServerConfigKeys (ConfUtils.java:logGet(46)) - raft.server.read.option = DEFAULT (default)
2024-02-09 18:35:39,265 [408e6c3a-5292-4cb9-8087-08d5bb587f71-groupManagement] INFO  server.RaftServerConfigKeys (ConfUtils.java:logGet(46)) - raft.server.read.read-after-write-consistent.write-index-cache.expiry-time = 60s (default)
2024-02-09 18:35:39,267 [408e6c3a-5292-4cb9-8087-08d5bb587f71-groupManagement] INFO  server.RaftServerConfigKeys (ConfUtils.java:logGet(46)) - raft.server.rpc.request.timeout = 3000ms (default)
2024-02-09 18:35:39,267 [408e6c3a-5292-4cb9-8087-08d5bb587f71-groupManagement] INFO  server.RaftServerConfigKeys (ConfUtils.java:logGet(46)) - raft.server.log.appender.install.snapshot.enabled = false (custom)
2024-02-09 18:35:39,267 [408e6c3a-5292-4cb9-8087-08d5bb587f71-groupManagement] INFO  server.RaftServerConfigKeys (ConfUtils.java:logGet(46)) - raft.server.threadpool.server.cached = true (default)
2024-02-09 18:35:39,267 [408e6c3a-5292-4cb9-8087-08d5bb587f71-groupManagement] INFO  server.RaftServerConfigKeys (ConfUtils.java:logGet(46)) - raft.server.threadpool.server.size = 0 (default)
2024-02-09 18:35:39,267 [408e6c3a-5292-4cb9-8087-08d5bb587f71-groupManagement] INFO  server.RaftServerConfigKeys (ConfUtils.java:logGet(46)) - raft.server.threadpool.client.cached = true (default)
2024-02-09 18:35:39,267 [408e6c3a-5292-4cb9-8087-08d5bb587f71-groupManagement] INFO  server.RaftServerConfigKeys (ConfUtils.java:logGet(46)) - raft.server.threadpool.client.size = 0 (default)
2024-02-09 18:35:39,267 [408e6c3a-5292-4cb9-8087-08d5bb587f71-groupManagement] INFO  server.RaftServerConfigKeys (ConfUtils.java:logGet(46)) - raft.server.storage.free-space.min = 0MB (=0) (default)
2024-02-09 18:35:39,267 [408e6c3a-5292-4cb9-8087-08d5bb587f71-groupManagement] INFO  server.RaftServerConfigKeys (ConfUtils.java:logGet(46)) - raft.server.log.corruption.policy = EXCEPTION (default)
2024-02-09 18:35:39,267 [408e6c3a-5292-4cb9-8087-08d5bb587f71-groupManagement] INFO  server.RaftServerConfigKeys (ConfUtils.java:logGet(46)) - raft.server.storage.dir = [/home/runner/work/ozone/ozone/hadoop-ozone/integration-test/target/test-dir/MiniOzoneClusterImpl-10a7684d-3d33-49d2-80ef-f5f5272a1eb0/datanode-7/data/ratis] (custom)
2024-02-09 18:35:39,267 [408e6c3a-5292-4cb9-8087-08d5bb587f71-groupManagement] INFO  storage.RaftStorageDirectory (RaftStorageDirectoryImpl.java:analyzeStorage(138)) - The storage directory /home/runner/work/ozone/ozone/hadoop-ozone/integration-test/target/test-dir/MiniOzoneClusterImpl-10a7684d-3d33-49d2-80ef-f5f5272a1eb0/datanode-7/data/ratis/2135d486-1a49-4d36-8ae2-3830f8d38876 does not exist. Creating ...
2024-02-09 18:35:39,268 [408e6c3a-5292-4cb9-8087-08d5bb587f71-groupManagement] INFO  storage.RaftStorageDirectory (RaftStorageDirectoryImpl.java:tryLock(228)) - Lock on /home/runner/work/ozone/ozone/hadoop-ozone/integration-test/target/test-dir/MiniOzoneClusterImpl-10a7684d-3d33-49d2-80ef-f5f5272a1eb0/datanode-7/data/ratis/2135d486-1a49-4d36-8ae2-3830f8d38876/in_use.lock acquired by nodename 37674@fv-az1241-572
2024-02-09 18:35:39,269 [408e6c3a-5292-4cb9-8087-08d5bb587f71-groupManagement] INFO  storage.RaftStorage (RaftStorageImpl.java:format(99)) - Storage directory /home/runner/work/ozone/ozone/hadoop-ozone/integration-test/target/test-dir/MiniOzoneClusterImpl-10a7684d-3d33-49d2-80ef-f5f5272a1eb0/datanode-7/data/ratis/2135d486-1a49-4d36-8ae2-3830f8d38876 has been successfully formatted.
2024-02-09 18:35:39,269 [408e6c3a-5292-4cb9-8087-08d5bb587f71-groupManagement] WARN  util.FileUtils (LogUtils.java:supplyAndLog(63)) - Failed to Files.newInputStream /home/runner/work/ozone/ozone/hadoop-ozone/integration-test/target/test-dir/MiniOzoneClusterImpl-10a7684d-3d33-49d2-80ef-f5f5272a1eb0/datanode-7/data/ratis/2135d486-1a49-4d36-8ae2-3830f8d38876/current/raft-meta.conf with options []: java.nio.file.NoSuchFileException: /home/runner/work/ozone/ozone/hadoop-ozone/integration-test/target/test-dir/MiniOzoneClusterImpl-10a7684d-3d33-49d2-80ef-f5f5272a1eb0/datanode-7/data/ratis/2135d486-1a49-4d36-8ae2-3830f8d38876/current/raft-meta.conf
2024-02-09 18:35:39,270 [408e6c3a-5292-4cb9-8087-08d5bb587f71-groupManagement] INFO  ratis.ContainerStateMachine (ContainerStateMachine.java:loadSnapshot(287)) - group-3830F8D38876: The snapshot info is null. Setting the last applied index to:(t:0, i:~)
2024-02-09 18:35:39,270 [408e6c3a-5292-4cb9-8087-08d5bb587f71-groupManagement] INFO  server.RaftServerConfigKeys (ConfUtils.java:logGet(46)) - raft.server.log.use.memory = false (default)
2024-02-09 18:35:39,270 [408e6c3a-5292-4cb9-8087-08d5bb587f71-groupManagement] INFO  server.RaftServerConfigKeys (ConfUtils.java:logGet(46)) - raft.server.log.purge.gap = 1000000 (custom)
2024-02-09 18:35:39,270 [408e6c3a-5292-4cb9-8087-08d5bb587f71-groupManagement] INFO  server.RaftServerConfigKeys (ConfUtils.java:logGet(46)) - raft.server.log.appender.buffer.byte-limit = 8388608 (custom)
2024-02-09 18:35:39,270 [408e6c3a-5292-4cb9-8087-08d5bb587f71-groupManagement] INFO  server.RaftServerConfigKeys (ConfUtils.java:logGet(46)) - raft.server.log.statemachine.data.read.timeout = 1000ms (default)
2024-02-09 18:35:39,270 [408e6c3a-5292-4cb9-8087-08d5bb587f71-groupManagement] INFO  server.RaftServerConfigKeys (ConfUtils.java:logGet(46)) - raft.server.log.purge.preservation.log.num = 0 (default)
2024-02-09 18:35:39,271 [408e6c3a-5292-4cb9-8087-08d5bb587f71-groupManagement] INFO  server.RaftServerConfigKeys (ConfUtils.java:logGet(46)) - raft.server.log.segment.size.max = 67108864 (custom)
2024-02-09 18:35:39,271 [408e6c3a-5292-4cb9-8087-08d5bb587f71-groupManagement] INFO  server.RaftServerConfigKeys (ConfUtils.java:logGet(46)) - raft.server.log.segment.cache.num.max = 2 (custom)
2024-02-09 18:35:39,271 [408e6c3a-5292-4cb9-8087-08d5bb587f71-groupManagement] INFO  server.RaftServerConfigKeys (ConfUtils.java:logGet(46)) - raft.server.log.segment.cache.size.max = 200MB (=209715200) (default)
2024-02-09 18:35:39,271 [408e6c3a-5292-4cb9-8087-08d5bb587f71-groupManagement] INFO  server.RaftServerConfigKeys (ConfUtils.java:logGet(46)) - raft.server.log.appender.buffer.byte-limit = 8388608 (custom)
2024-02-09 18:35:39,272 [408e6c3a-5292-4cb9-8087-08d5bb587f71-groupManagement] INFO  util.AwaitToRun (AwaitToRun.java:start(81)) - Thread[408e6c3a-5292-4cb9-8087-08d5bb587f71@group-3830F8D38876-cacheEviction-AwaitToRun,5,main] started
2024-02-09 18:35:39,272 [408e6c3a-5292-4cb9-8087-08d5bb587f71-groupManagement] INFO  segmented.SegmentedRaftLogWorker (SegmentedRaftLogWorker.java:<init>(182)) - new 408e6c3a-5292-4cb9-8087-08d5bb587f71@group-3830F8D38876-SegmentedRaftLogWorker for RaftStorageImpl:Storage Directory /home/runner/work/ozone/ozone/hadoop-ozone/integration-test/target/test-dir/MiniOzoneClusterImpl-10a7684d-3d33-49d2-80ef-f5f5272a1eb0/datanode-7/data/ratis/2135d486-1a49-4d36-8ae2-3830f8d38876
2024-02-09 18:35:39,272 [408e6c3a-5292-4cb9-8087-08d5bb587f71-groupManagement] INFO  server.RaftServerConfigKeys (ConfUtils.java:logGet(46)) - raft.server.log.queue.byte-limit = 4294967296 (custom)
2024-02-09 18:35:39,272 [408e6c3a-5292-4cb9-8087-08d5bb587f71-groupManagement] INFO  server.RaftServerConfigKeys (ConfUtils.java:logGet(46)) - raft.server.log.queue.element-limit = 1024 (custom)
2024-02-09 18:35:39,272 [408e6c3a-5292-4cb9-8087-08d5bb587f71-groupManagement] INFO  server.RaftServerConfigKeys (ConfUtils.java:logGet(46)) - raft.server.log.segment.size.max = 67108864 (custom)
2024-02-09 18:35:39,272 [408e6c3a-5292-4cb9-8087-08d5bb587f71-groupManagement] INFO  server.RaftServerConfigKeys (ConfUtils.java:logGet(46)) - raft.server.log.preallocated.size = 4194304 (custom)
2024-02-09 18:35:39,272 [408e6c3a-5292-4cb9-8087-08d5bb587f71-groupManagement] INFO  server.RaftServerConfigKeys (ConfUtils.java:logGet(46)) - raft.server.log.force.sync.num = 128 (default)
2024-02-09 18:35:39,272 [408e6c3a-5292-4cb9-8087-08d5bb587f71-groupManagement] INFO  server.RaftServerConfigKeys (ConfUtils.java:logGet(46)) - raft.server.log.statemachine.data.sync = true (default)
2024-02-09 18:35:39,272 [408e6c3a-5292-4cb9-8087-08d5bb587f71-groupManagement] INFO  server.RaftServerConfigKeys (ConfUtils.java:logGet(46)) - raft.server.log.statemachine.data.sync.timeout = 10s (default)
2024-02-09 18:35:39,272 [408e6c3a-5292-4cb9-8087-08d5bb587f71-groupManagement] INFO  server.RaftServerConfigKeys (ConfUtils.java:logGet(46)) - raft.server.log.statemachine.data.sync.timeout.retry = 0 (custom)
2024-02-09 18:35:39,272 [408e6c3a-5292-4cb9-8087-08d5bb587f71-groupManagement] INFO  server.RaftServerConfigKeys (ConfUtils.java:logGet(46)) - raft.server.log.write.buffer.size = 8388616 (custom)
2024-02-09 18:35:39,273 [408e6c3a-5292-4cb9-8087-08d5bb587f71-groupManagement] INFO  server.RaftServerConfigKeys (ConfUtils.java:logGet(46)) - raft.server.log.appender.buffer.byte-limit = 8388608 (custom)
2024-02-09 18:35:39,273 [408e6c3a-5292-4cb9-8087-08d5bb587f71-groupManagement] INFO  server.RaftServerConfigKeys (ConfUtils.java:logGet(46)) - raft.server.log.unsafe-flush.enabled = false (default)
2024-02-09 18:35:39,273 [408e6c3a-5292-4cb9-8087-08d5bb587f71-groupManagement] INFO  server.RaftServerConfigKeys (ConfUtils.java:logGet(46)) - raft.server.log.async-flush.enabled = false (default)
2024-02-09 18:35:39,273 [408e6c3a-5292-4cb9-8087-08d5bb587f71-groupManagement] INFO  server.RaftServerConfigKeys (ConfUtils.java:logGet(46)) - raft.server.log.statemachine.data.caching.enabled = true (custom)
2024-02-09 18:35:39,273 [408e6c3a-5292-4cb9-8087-08d5bb587f71-groupManagement] INFO  segmented.SegmentedRaftLogWorker (SegmentedRaftLogWorker.java:lambda$new$0(134)) - 408e6c3a-5292-4cb9-8087-08d5bb587f71@group-3830F8D38876-SegmentedRaftLogWorker: flushIndex: setUnconditionally 0 -> -1
2024-02-09 18:35:39,273 [408e6c3a-5292-4cb9-8087-08d5bb587f71-groupManagement] INFO  segmented.SegmentedRaftLogWorker (SegmentedRaftLogWorker.java:lambda$new$0(134)) - 408e6c3a-5292-4cb9-8087-08d5bb587f71@group-3830F8D38876-SegmentedRaftLogWorker: safeCacheEvictIndex: setUnconditionally 0 -> -1
2024-02-09 18:35:39,274 [408e6c3a-5292-4cb9-8087-08d5bb587f71-groupManagement] INFO  server.RaftServer$Division (RaftServerImpl.java:start(396)) - 408e6c3a-5292-4cb9-8087-08d5bb587f71@group-3830F8D38876: start as a follower, conf=-1: peers:[408e6c3a-5292-4cb9-8087-08d5bb587f71|10.1.0.43:15433, bf8a30fd-7b22-4fec-9389-eaf0e8889ee9|10.1.0.43:15442, 87145564-582e-4d08-b209-7a2296b785bc|10.1.0.43:15424]|listeners:[], old=null
2024-02-09 18:35:39,274 [408e6c3a-5292-4cb9-8087-08d5bb587f71-groupManagement] INFO  server.RaftServer$Division (RaftServerImpl.java:setRole(383)) - 408e6c3a-5292-4cb9-8087-08d5bb587f71@group-3830F8D38876: changes role from      null to FOLLOWER at term 0 for startAsFollower
2024-02-09 18:35:39,274 [408e6c3a-5292-4cb9-8087-08d5bb587f71-groupManagement] INFO  impl.RoleInfo (RoleInfo.java:updateAndGet(139)) - 408e6c3a-5292-4cb9-8087-08d5bb587f71: start 408e6c3a-5292-4cb9-8087-08d5bb587f71@group-3830F8D38876-FollowerState
2024-02-09 18:35:39,274 [408e6c3a-5292-4cb9-8087-08d5bb587f71@group-3830F8D38876-FollowerState] INFO  server.RaftServerConfigKeys (ConfUtils.java:logFallback(53)) - raft.server.rpc.first-election.timeout.min = 5s (fallback to raft.server.rpc.timeout.min)
2024-02-09 18:35:39,274 [408e6c3a-5292-4cb9-8087-08d5bb587f71-groupManagement] INFO  util.JmxRegister (JmxRegister.java:tryRegister(44)) - Successfully registered JMX Bean with object name Ratis:service=RaftServer,group=group-3830F8D38876,id=408e6c3a-5292-4cb9-8087-08d5bb587f71
2024-02-09 18:35:39,274 [408e6c3a-5292-4cb9-8087-08d5bb587f71@group-3830F8D38876-FollowerState] INFO  server.RaftServerConfigKeys (ConfUtils.java:logFallback(53)) - raft.server.rpc.first-election.timeout.max = 5200ms (fallback to raft.server.rpc.timeout.max)
2024-02-09 18:35:39,274 [408e6c3a-5292-4cb9-8087-08d5bb587f71-groupManagement] INFO  server.RaftServerConfigKeys (ConfUtils.java:logGet(46)) - raft.server.snapshot.trigger-when-stop.enabled = true (default)
2024-02-09 18:35:39,274 [408e6c3a-5292-4cb9-8087-08d5bb587f71-groupManagement] INFO  server.RaftServerConfigKeys (ConfUtils.java:logGet(46)) - raft.server.snapshot.auto.trigger.enabled = true (custom)
2024-02-09 18:35:39,274 [408e6c3a-5292-4cb9-8087-08d5bb587f71-groupManagement] INFO  server.RaftServerConfigKeys (ConfUtils.java:logGet(46)) - raft.server.snapshot.auto.trigger.threshold = 10000 (custom)
2024-02-09 18:35:39,274 [408e6c3a-5292-4cb9-8087-08d5bb587f71-groupManagement] INFO  server.RaftServerConfigKeys (ConfUtils.java:logGet(46)) - raft.server.snapshot.retention.file.num = 5 (custom)
2024-02-09 18:35:39,274 [408e6c3a-5292-4cb9-8087-08d5bb587f71-groupManagement] INFO  server.RaftServerConfigKeys (ConfUtils.java:logGet(46)) - raft.server.log.purge.upto.snapshot.index = false (default)
2024-02-09 18:35:39,281 [grpc-default-executor-7] INFO  server.RaftServer (RaftServerProxy.java:addNew(100)) - bf8a30fd-7b22-4fec-9389-eaf0e8889ee9: addNew group-3830F8D38876:[408e6c3a-5292-4cb9-8087-08d5bb587f71|10.1.0.43:15433, bf8a30fd-7b22-4fec-9389-eaf0e8889ee9|10.1.0.43:15442, 87145564-582e-4d08-b209-7a2296b785bc|10.1.0.43:15424] returns group-3830F8D38876:java.util.concurrent.CompletableFuture@261815d5[Not completed]
2024-02-09 18:35:39,282 [bf8a30fd-7b22-4fec-9389-eaf0e8889ee9-groupManagement] INFO  server.RaftServer$Division (RaftServerImpl.java:<init>(256)) - bf8a30fd-7b22-4fec-9389-eaf0e8889ee9: new RaftServerImpl for group-3830F8D38876:[408e6c3a-5292-4cb9-8087-08d5bb587f71|10.1.0.43:15433, bf8a30fd-7b22-4fec-9389-eaf0e8889ee9|10.1.0.43:15442, 87145564-582e-4d08-b209-7a2296b785bc|10.1.0.43:15424] with ContainerStateMachine:uninitialized
2024-02-09 18:35:39,282 [bf8a30fd-7b22-4fec-9389-eaf0e8889ee9-groupManagement] INFO  server.RaftServerConfigKeys (ConfUtils.java:logGet(46)) - raft.server.rpc.timeout.min = 5s (custom)
2024-02-09 18:35:39,282 [bf8a30fd-7b22-4fec-9389-eaf0e8889ee9-groupManagement] INFO  server.RaftServerConfigKeys (ConfUtils.java:logGet(46)) - raft.server.rpc.timeout.max = 5200ms (custom)
2024-02-09 18:35:39,282 [bf8a30fd-7b22-4fec-9389-eaf0e8889ee9-groupManagement] INFO  server.RaftServerConfigKeys (ConfUtils.java:logGet(46)) - raft.server.rpc.sleep.time = 25ms (default)
2024-02-09 18:35:39,282 [bf8a30fd-7b22-4fec-9389-eaf0e8889ee9-groupManagement] INFO  server.RaftServerConfigKeys (ConfUtils.java:logGet(46)) - raft.server.rpc.slowness.timeout = 300000ms (custom)
2024-02-09 18:35:39,282 [bf8a30fd-7b22-4fec-9389-eaf0e8889ee9-groupManagement] INFO  server.RaftServerConfigKeys (ConfUtils.java:logGet(46)) - raft.server.leaderelection.leader.step-down.wait-time = 10s (default)
2024-02-09 18:35:39,282 [bf8a30fd-7b22-4fec-9389-eaf0e8889ee9-groupManagement] INFO  server.RaftServerConfigKeys (ConfUtils.java:logGet(46)) - raft.server.leaderelection.member.majority-add = false (default)
2024-02-09 18:35:39,282 [bf8a30fd-7b22-4fec-9389-eaf0e8889ee9-groupManagement] INFO  server.RaftServerConfigKeys (ConfUtils.java:logGet(46)) - raft.server.sleep.deviation.threshold = 300ms (default)
2024-02-09 18:35:39,282 [bf8a30fd-7b22-4fec-9389-eaf0e8889ee9-groupManagement] INFO  server.RaftServer$Division (ServerState.java:<init>(113)) - bf8a30fd-7b22-4fec-9389-eaf0e8889ee9@group-3830F8D38876: ConfigurationManager, init=-1: peers:[408e6c3a-5292-4cb9-8087-08d5bb587f71|10.1.0.43:15433, bf8a30fd-7b22-4fec-9389-eaf0e8889ee9|10.1.0.43:15442, 87145564-582e-4d08-b209-7a2296b785bc|10.1.0.43:15424]|listeners:[], old=null, confs=<EMPTY_MAP>
2024-02-09 18:35:39,282 [bf8a30fd-7b22-4fec-9389-eaf0e8889ee9-groupManagement] INFO  server.RaftServerConfigKeys (ConfUtils.java:logGet(46)) - raft.server.notification.no-leader.timeout = 300000ms (custom)
2024-02-09 18:35:39,282 [bf8a30fd-7b22-4fec-9389-eaf0e8889ee9-groupManagement] INFO  server.RaftServerConfigKeys (ConfUtils.java:logGet(46)) - raft.server.read.timeout = 10s (default)
2024-02-09 18:35:39,282 [bf8a30fd-7b22-4fec-9389-eaf0e8889ee9-groupManagement] INFO  server.RaftServerConfigKeys (ConfUtils.java:logGet(46)) - raft.server.retrycache.expirytime = 600000ms (custom)
2024-02-09 18:35:39,282 [bf8a30fd-7b22-4fec-9389-eaf0e8889ee9-groupManagement] INFO  server.RaftServerConfigKeys (ConfUtils.java:logGet(46)) - raft.server.retrycache.statistics.expirytime = 100ms (default)
2024-02-09 18:35:39,282 [bf8a30fd-7b22-4fec-9389-eaf0e8889ee9-groupManagement] INFO  server.RaftServerConfigKeys (ConfUtils.java:logGet(46)) - raft.server.read.option = DEFAULT (default)
2024-02-09 18:35:39,282 [bf8a30fd-7b22-4fec-9389-eaf0e8889ee9-groupManagement] INFO  server.RaftServerConfigKeys (ConfUtils.java:logGet(46)) - raft.server.read.read-after-write-consistent.write-index-cache.expiry-time = 60s (default)
2024-02-09 18:35:39,284 [bf8a30fd-7b22-4fec-9389-eaf0e8889ee9-groupManagement] INFO  server.RaftServerConfigKeys (ConfUtils.java:logGet(46)) - raft.server.rpc.request.timeout = 3000ms (default)
2024-02-09 18:35:39,284 [bf8a30fd-7b22-4fec-9389-eaf0e8889ee9-groupManagement] INFO  server.RaftServerConfigKeys (ConfUtils.java:logGet(46)) - raft.server.log.appender.install.snapshot.enabled = false (custom)
2024-02-09 18:35:39,284 [bf8a30fd-7b22-4fec-9389-eaf0e8889ee9-groupManagement] INFO  server.RaftServerConfigKeys (ConfUtils.java:logGet(46)) - raft.server.threadpool.server.cached = true (default)
2024-02-09 18:35:39,284 [bf8a30fd-7b22-4fec-9389-eaf0e8889ee9-groupManagement] INFO  server.RaftServerConfigKeys (ConfUtils.java:logGet(46)) - raft.server.threadpool.server.size = 0 (default)
2024-02-09 18:35:39,284 [bf8a30fd-7b22-4fec-9389-eaf0e8889ee9-groupManagement] INFO  server.RaftServerConfigKeys (ConfUtils.java:logGet(46)) - raft.server.threadpool.client.cached = true (default)
2024-02-09 18:35:39,284 [bf8a30fd-7b22-4fec-9389-eaf0e8889ee9-groupManagement] INFO  server.RaftServerConfigKeys (ConfUtils.java:logGet(46)) - raft.server.threadpool.client.size = 0 (default)
2024-02-09 18:35:39,284 [bf8a30fd-7b22-4fec-9389-eaf0e8889ee9-groupManagement] INFO  server.RaftServerConfigKeys (ConfUtils.java:logGet(46)) - raft.server.storage.free-space.min = 0MB (=0) (default)
2024-02-09 18:35:39,284 [bf8a30fd-7b22-4fec-9389-eaf0e8889ee9-groupManagement] INFO  server.RaftServerConfigKeys (ConfUtils.java:logGet(46)) - raft.server.log.corruption.policy = EXCEPTION (default)
2024-02-09 18:35:39,284 [bf8a30fd-7b22-4fec-9389-eaf0e8889ee9-groupManagement] INFO  server.RaftServerConfigKeys (ConfUtils.java:logGet(46)) - raft.server.storage.dir = [/home/runner/work/ozone/ozone/hadoop-ozone/integration-test/target/test-dir/MiniOzoneClusterImpl-10a7684d-3d33-49d2-80ef-f5f5272a1eb0/datanode-8/data/ratis] (custom)
2024-02-09 18:35:39,284 [bf8a30fd-7b22-4fec-9389-eaf0e8889ee9-groupManagement] INFO  storage.RaftStorageDirectory (RaftStorageDirectoryImpl.java:analyzeStorage(138)) - The storage directory /home/runner/work/ozone/ozone/hadoop-ozone/integration-test/target/test-dir/MiniOzoneClusterImpl-10a7684d-3d33-49d2-80ef-f5f5272a1eb0/datanode-8/data/ratis/2135d486-1a49-4d36-8ae2-3830f8d38876 does not exist. Creating ...
2024-02-09 18:35:39,285 [bf8a30fd-7b22-4fec-9389-eaf0e8889ee9-groupManagement] INFO  storage.RaftStorageDirectory (RaftStorageDirectoryImpl.java:tryLock(228)) - Lock on /home/runner/work/ozone/ozone/hadoop-ozone/integration-test/target/test-dir/MiniOzoneClusterImpl-10a7684d-3d33-49d2-80ef-f5f5272a1eb0/datanode-8/data/ratis/2135d486-1a49-4d36-8ae2-3830f8d38876/in_use.lock acquired by nodename 37674@fv-az1241-572
2024-02-09 18:35:39,286 [bf8a30fd-7b22-4fec-9389-eaf0e8889ee9-groupManagement] INFO  storage.RaftStorage (RaftStorageImpl.java:format(99)) - Storage directory /home/runner/work/ozone/ozone/hadoop-ozone/integration-test/target/test-dir/MiniOzoneClusterImpl-10a7684d-3d33-49d2-80ef-f5f5272a1eb0/datanode-8/data/ratis/2135d486-1a49-4d36-8ae2-3830f8d38876 has been successfully formatted.
2024-02-09 18:35:39,286 [bf8a30fd-7b22-4fec-9389-eaf0e8889ee9-groupManagement] WARN  util.FileUtils (LogUtils.java:supplyAndLog(63)) - Failed to Files.newInputStream /home/runner/work/ozone/ozone/hadoop-ozone/integration-test/target/test-dir/MiniOzoneClusterImpl-10a7684d-3d33-49d2-80ef-f5f5272a1eb0/datanode-8/data/ratis/2135d486-1a49-4d36-8ae2-3830f8d38876/current/raft-meta.conf with options []: java.nio.file.NoSuchFileException: /home/runner/work/ozone/ozone/hadoop-ozone/integration-test/target/test-dir/MiniOzoneClusterImpl-10a7684d-3d33-49d2-80ef-f5f5272a1eb0/datanode-8/data/ratis/2135d486-1a49-4d36-8ae2-3830f8d38876/current/raft-meta.conf
2024-02-09 18:35:39,287 [bf8a30fd-7b22-4fec-9389-eaf0e8889ee9-groupManagement] INFO  ratis.ContainerStateMachine (ContainerStateMachine.java:loadSnapshot(287)) - group-3830F8D38876: The snapshot info is null. Setting the last applied index to:(t:0, i:~)
2024-02-09 18:35:39,287 [bf8a30fd-7b22-4fec-9389-eaf0e8889ee9-groupManagement] INFO  server.RaftServerConfigKeys (ConfUtils.java:logGet(46)) - raft.server.log.use.memory = false (default)
2024-02-09 18:35:39,287 [bf8a30fd-7b22-4fec-9389-eaf0e8889ee9-groupManagement] INFO  server.RaftServerConfigKeys (ConfUtils.java:logGet(46)) - raft.server.log.purge.gap = 1000000 (custom)
2024-02-09 18:35:39,287 [bf8a30fd-7b22-4fec-9389-eaf0e8889ee9-groupManagement] INFO  server.RaftServerConfigKeys (ConfUtils.java:logGet(46)) - raft.server.log.appender.buffer.byte-limit = 8388608 (custom)
2024-02-09 18:35:39,288 [bf8a30fd-7b22-4fec-9389-eaf0e8889ee9-groupManagement] INFO  server.RaftServerConfigKeys (ConfUtils.java:logGet(46)) - raft.server.log.statemachine.data.read.timeout = 1000ms (default)
2024-02-09 18:35:39,288 [bf8a30fd-7b22-4fec-9389-eaf0e8889ee9-groupManagement] INFO  server.RaftServerConfigKeys (ConfUtils.java:logGet(46)) - raft.server.log.purge.preservation.log.num = 0 (default)
2024-02-09 18:35:39,288 [bf8a30fd-7b22-4fec-9389-eaf0e8889ee9-groupManagement] INFO  server.RaftServerConfigKeys (ConfUtils.java:logGet(46)) - raft.server.log.segment.size.max = 67108864 (custom)
2024-02-09 18:35:39,289 [bf8a30fd-7b22-4fec-9389-eaf0e8889ee9-groupManagement] INFO  server.RaftServerConfigKeys (ConfUtils.java:logGet(46)) - raft.server.log.segment.cache.num.max = 2 (custom)
2024-02-09 18:35:39,289 [bf8a30fd-7b22-4fec-9389-eaf0e8889ee9-groupManagement] INFO  server.RaftServerConfigKeys (ConfUtils.java:logGet(46)) - raft.server.log.segment.cache.size.max = 200MB (=209715200) (default)
2024-02-09 18:35:39,289 [bf8a30fd-7b22-4fec-9389-eaf0e8889ee9-groupManagement] INFO  server.RaftServerConfigKeys (ConfUtils.java:logGet(46)) - raft.server.log.appender.buffer.byte-limit = 8388608 (custom)
2024-02-09 18:35:39,289 [bf8a30fd-7b22-4fec-9389-eaf0e8889ee9-groupManagement] INFO  util.AwaitToRun (AwaitToRun.java:start(81)) - Thread[bf8a30fd-7b22-4fec-9389-eaf0e8889ee9@group-3830F8D38876-cacheEviction-AwaitToRun,5,main] started
2024-02-09 18:35:39,289 [bf8a30fd-7b22-4fec-9389-eaf0e8889ee9-groupManagement] INFO  segmented.SegmentedRaftLogWorker (SegmentedRaftLogWorker.java:<init>(182)) - new bf8a30fd-7b22-4fec-9389-eaf0e8889ee9@group-3830F8D38876-SegmentedRaftLogWorker for RaftStorageImpl:Storage Directory /home/runner/work/ozone/ozone/hadoop-ozone/integration-test/target/test-dir/MiniOzoneClusterImpl-10a7684d-3d33-49d2-80ef-f5f5272a1eb0/datanode-8/data/ratis/2135d486-1a49-4d36-8ae2-3830f8d38876
2024-02-09 18:35:39,289 [bf8a30fd-7b22-4fec-9389-eaf0e8889ee9-groupManagement] INFO  server.RaftServerConfigKeys (ConfUtils.java:logGet(46)) - raft.server.log.queue.byte-limit = 4294967296 (custom)
2024-02-09 18:35:39,289 [bf8a30fd-7b22-4fec-9389-eaf0e8889ee9-groupManagement] INFO  server.RaftServerConfigKeys (ConfUtils.java:logGet(46)) - raft.server.log.queue.element-limit = 1024 (custom)
2024-02-09 18:35:39,289 [bf8a30fd-7b22-4fec-9389-eaf0e8889ee9-groupManagement] INFO  server.RaftServerConfigKeys (ConfUtils.java:logGet(46)) - raft.server.log.segment.size.max = 67108864 (custom)
2024-02-09 18:35:39,289 [bf8a30fd-7b22-4fec-9389-eaf0e8889ee9-groupManagement] INFO  server.RaftServerConfigKeys (ConfUtils.java:logGet(46)) - raft.server.log.preallocated.size = 4194304 (custom)
2024-02-09 18:35:39,289 [bf8a30fd-7b22-4fec-9389-eaf0e8889ee9-groupManagement] INFO  server.RaftServerConfigKeys (ConfUtils.java:logGet(46)) - raft.server.log.force.sync.num = 128 (default)
2024-02-09 18:35:39,289 [bf8a30fd-7b22-4fec-9389-eaf0e8889ee9-groupManagement] INFO  server.RaftServerConfigKeys (ConfUtils.java:logGet(46)) - raft.server.log.statemachine.data.sync = true (default)
2024-02-09 18:35:39,289 [bf8a30fd-7b22-4fec-9389-eaf0e8889ee9-groupManagement] INFO  server.RaftServerConfigKeys (ConfUtils.java:logGet(46)) - raft.server.log.statemachine.data.sync.timeout = 10s (default)
2024-02-09 18:35:39,289 [bf8a30fd-7b22-4fec-9389-eaf0e8889ee9-groupManagement] INFO  server.RaftServerConfigKeys (ConfUtils.java:logGet(46)) - raft.server.log.statemachine.data.sync.timeout.retry = 0 (custom)
2024-02-09 18:35:39,289 [bf8a30fd-7b22-4fec-9389-eaf0e8889ee9-groupManagement] INFO  server.RaftServerConfigKeys (ConfUtils.java:logGet(46)) - raft.server.log.write.buffer.size = 8388616 (custom)
2024-02-09 18:35:39,290 [bf8a30fd-7b22-4fec-9389-eaf0e8889ee9-groupManagement] INFO  server.RaftServerConfigKeys (ConfUtils.java:logGet(46)) - raft.server.log.appender.buffer.byte-limit = 8388608 (custom)
2024-02-09 18:35:39,290 [bf8a30fd-7b22-4fec-9389-eaf0e8889ee9-groupManagement] INFO  server.RaftServerConfigKeys (ConfUtils.java:logGet(46)) - raft.server.log.unsafe-flush.enabled = false (default)
2024-02-09 18:35:39,291 [bf8a30fd-7b22-4fec-9389-eaf0e8889ee9-groupManagement] INFO  server.RaftServerConfigKeys (ConfUtils.java:logGet(46)) - raft.server.log.async-flush.enabled = false (default)
2024-02-09 18:35:39,291 [bf8a30fd-7b22-4fec-9389-eaf0e8889ee9-groupManagement] INFO  server.RaftServerConfigKeys (ConfUtils.java:logGet(46)) - raft.server.log.statemachine.data.caching.enabled = true (custom)
2024-02-09 18:35:39,291 [bf8a30fd-7b22-4fec-9389-eaf0e8889ee9-groupManagement] INFO  segmented.SegmentedRaftLogWorker (SegmentedRaftLogWorker.java:lambda$new$0(134)) - bf8a30fd-7b22-4fec-9389-eaf0e8889ee9@group-3830F8D38876-SegmentedRaftLogWorker: flushIndex: setUnconditionally 0 -> -1
2024-02-09 18:35:39,291 [bf8a30fd-7b22-4fec-9389-eaf0e8889ee9-groupManagement] INFO  segmented.SegmentedRaftLogWorker (SegmentedRaftLogWorker.java:lambda$new$0(134)) - bf8a30fd-7b22-4fec-9389-eaf0e8889ee9@group-3830F8D38876-SegmentedRaftLogWorker: safeCacheEvictIndex: setUnconditionally 0 -> -1
2024-02-09 18:35:39,291 [bf8a30fd-7b22-4fec-9389-eaf0e8889ee9-groupManagement] INFO  server.RaftServer$Division (RaftServerImpl.java:start(396)) - bf8a30fd-7b22-4fec-9389-eaf0e8889ee9@group-3830F8D38876: start as a follower, conf=-1: peers:[408e6c3a-5292-4cb9-8087-08d5bb587f71|10.1.0.43:15433, bf8a30fd-7b22-4fec-9389-eaf0e8889ee9|10.1.0.43:15442, 87145564-582e-4d08-b209-7a2296b785bc|10.1.0.43:15424]|listeners:[], old=null
2024-02-09 18:35:39,291 [bf8a30fd-7b22-4fec-9389-eaf0e8889ee9-groupManagement] INFO  server.RaftServer$Division (RaftServerImpl.java:setRole(383)) - bf8a30fd-7b22-4fec-9389-eaf0e8889ee9@group-3830F8D38876: changes role from      null to FOLLOWER at term 0 for startAsFollower
2024-02-09 18:35:39,291 [bf8a30fd-7b22-4fec-9389-eaf0e8889ee9-groupManagement] INFO  impl.RoleInfo (RoleInfo.java:updateAndGet(139)) - bf8a30fd-7b22-4fec-9389-eaf0e8889ee9: start bf8a30fd-7b22-4fec-9389-eaf0e8889ee9@group-3830F8D38876-FollowerState
2024-02-09 18:35:39,291 [bf8a30fd-7b22-4fec-9389-eaf0e8889ee9-groupManagement] INFO  util.JmxRegister (JmxRegister.java:tryRegister(44)) - Successfully registered JMX Bean with object name Ratis:service=RaftServer,group=group-3830F8D38876,id=bf8a30fd-7b22-4fec-9389-eaf0e8889ee9
2024-02-09 18:35:39,291 [bf8a30fd-7b22-4fec-9389-eaf0e8889ee9@group-3830F8D38876-FollowerState] INFO  server.RaftServerConfigKeys (ConfUtils.java:logFallback(53)) - raft.server.rpc.first-election.timeout.min = 5s (fallback to raft.server.rpc.timeout.min)
2024-02-09 18:35:39,291 [bf8a30fd-7b22-4fec-9389-eaf0e8889ee9-groupManagement] INFO  server.RaftServerConfigKeys (ConfUtils.java:logGet(46)) - raft.server.snapshot.trigger-when-stop.enabled = true (default)
2024-02-09 18:35:39,291 [bf8a30fd-7b22-4fec-9389-eaf0e8889ee9@group-3830F8D38876-FollowerState] INFO  server.RaftServerConfigKeys (ConfUtils.java:logFallback(53)) - raft.server.rpc.first-election.timeout.max = 5200ms (fallback to raft.server.rpc.timeout.max)
2024-02-09 18:35:39,291 [bf8a30fd-7b22-4fec-9389-eaf0e8889ee9-groupManagement] INFO  server.RaftServerConfigKeys (ConfUtils.java:logGet(46)) - raft.server.snapshot.auto.trigger.enabled = true (custom)
2024-02-09 18:35:39,291 [bf8a30fd-7b22-4fec-9389-eaf0e8889ee9-groupManagement] INFO  server.RaftServerConfigKeys (ConfUtils.java:logGet(46)) - raft.server.snapshot.auto.trigger.threshold = 10000 (custom)
2024-02-09 18:35:39,291 [bf8a30fd-7b22-4fec-9389-eaf0e8889ee9-groupManagement] INFO  server.RaftServerConfigKeys (ConfUtils.java:logGet(46)) - raft.server.snapshot.retention.file.num = 5 (custom)
2024-02-09 18:35:39,291 [bf8a30fd-7b22-4fec-9389-eaf0e8889ee9-groupManagement] INFO  server.RaftServerConfigKeys (ConfUtils.java:logGet(46)) - raft.server.log.purge.upto.snapshot.index = false (default)
2024-02-09 18:35:39,294 [87145564-582e-4d08-b209-7a2296b785bc-PipelineCommandHandlerThread-0] INFO  commandhandler.CreatePipelineCommandHandler (CreatePipelineCommandHandler.java:lambda$handle$2(124)) - Created Pipeline RATIS THREE PipelineID=2135d486-1a49-4d36-8ae2-3830f8d38876.
2024-02-09 18:35:39,339 [408e6c3a-5292-4cb9-8087-08d5bb587f71-PipelineCommandHandlerThread-0] INFO  server.RaftServer (RaftServerProxy.java:addNew(100)) - 408e6c3a-5292-4cb9-8087-08d5bb587f71: addNew group-098DEECB2FAA:[408e6c3a-5292-4cb9-8087-08d5bb587f71|10.1.0.43:15433] returns group-098DEECB2FAA:java.util.concurrent.CompletableFuture@7d7abfcf[Not completed]
2024-02-09 18:35:39,339 [408e6c3a-5292-4cb9-8087-08d5bb587f71-groupManagement] INFO  server.RaftServer$Division (RaftServerImpl.java:<init>(256)) - 408e6c3a-5292-4cb9-8087-08d5bb587f71: new RaftServerImpl for group-098DEECB2FAA:[408e6c3a-5292-4cb9-8087-08d5bb587f71|10.1.0.43:15433] with ContainerStateMachine:uninitialized
2024-02-09 18:35:39,339 [408e6c3a-5292-4cb9-8087-08d5bb587f71-groupManagement] INFO  server.RaftServerConfigKeys (ConfUtils.java:logGet(46)) - raft.server.rpc.timeout.min = 5s (custom)
2024-02-09 18:35:39,339 [408e6c3a-5292-4cb9-8087-08d5bb587f71-groupManagement] INFO  server.RaftServerConfigKeys (ConfUtils.java:logGet(46)) - raft.server.rpc.timeout.max = 5200ms (custom)
2024-02-09 18:35:39,339 [408e6c3a-5292-4cb9-8087-08d5bb587f71-groupManagement] INFO  server.RaftServerConfigKeys (ConfUtils.java:logGet(46)) - raft.server.rpc.sleep.time = 25ms (default)
2024-02-09 18:35:39,340 [408e6c3a-5292-4cb9-8087-08d5bb587f71-groupManagement] INFO  server.RaftServerConfigKeys (ConfUtils.java:logGet(46)) - raft.server.rpc.slowness.timeout = 300000ms (custom)
2024-02-09 18:35:39,340 [408e6c3a-5292-4cb9-8087-08d5bb587f71-groupManagement] INFO  server.RaftServerConfigKeys (ConfUtils.java:logGet(46)) - raft.server.leaderelection.leader.step-down.wait-time = 10s (default)
2024-02-09 18:35:39,340 [408e6c3a-5292-4cb9-8087-08d5bb587f71-groupManagement] INFO  server.RaftServerConfigKeys (ConfUtils.java:logGet(46)) - raft.server.leaderelection.member.majority-add = false (default)
2024-02-09 18:35:39,340 [408e6c3a-5292-4cb9-8087-08d5bb587f71-groupManagement] INFO  server.RaftServerConfigKeys (ConfUtils.java:logGet(46)) - raft.server.sleep.deviation.threshold = 300ms (default)
2024-02-09 18:35:39,340 [408e6c3a-5292-4cb9-8087-08d5bb587f71-groupManagement] INFO  server.RaftServer$Division (ServerState.java:<init>(113)) - 408e6c3a-5292-4cb9-8087-08d5bb587f71@group-098DEECB2FAA: ConfigurationManager, init=-1: peers:[408e6c3a-5292-4cb9-8087-08d5bb587f71|10.1.0.43:15433]|listeners:[], old=null, confs=<EMPTY_MAP>
2024-02-09 18:35:39,340 [408e6c3a-5292-4cb9-8087-08d5bb587f71-groupManagement] INFO  server.RaftServerConfigKeys (ConfUtils.java:logGet(46)) - raft.server.notification.no-leader.timeout = 300000ms (custom)
2024-02-09 18:35:39,340 [408e6c3a-5292-4cb9-8087-08d5bb587f71-groupManagement] INFO  server.RaftServerConfigKeys (ConfUtils.java:logGet(46)) - raft.server.read.timeout = 10s (default)
2024-02-09 18:35:39,340 [408e6c3a-5292-4cb9-8087-08d5bb587f71-groupManagement] INFO  server.RaftServerConfigKeys (ConfUtils.java:logGet(46)) - raft.server.retrycache.expirytime = 600000ms (custom)
2024-02-09 18:35:39,340 [408e6c3a-5292-4cb9-8087-08d5bb587f71-groupManagement] INFO  server.RaftServerConfigKeys (ConfUtils.java:logGet(46)) - raft.server.retrycache.statistics.expirytime = 100ms (default)
2024-02-09 18:35:39,340 [408e6c3a-5292-4cb9-8087-08d5bb587f71-groupManagement] INFO  server.RaftServerConfigKeys (ConfUtils.java:logGet(46)) - raft.server.read.option = DEFAULT (default)
2024-02-09 18:35:39,340 [408e6c3a-5292-4cb9-8087-08d5bb587f71-groupManagement] INFO  server.RaftServerConfigKeys (ConfUtils.java:logGet(46)) - raft.server.read.read-after-write-consistent.write-index-cache.expiry-time = 60s (default)
2024-02-09 18:35:39,341 [408e6c3a-5292-4cb9-8087-08d5bb587f71-groupManagement] INFO  server.RaftServerConfigKeys (ConfUtils.java:logGet(46)) - raft.server.rpc.request.timeout = 3000ms (default)
2024-02-09 18:35:39,341 [408e6c3a-5292-4cb9-8087-08d5bb587f71-groupManagement] INFO  server.RaftServerConfigKeys (ConfUtils.java:logGet(46)) - raft.server.log.appender.install.snapshot.enabled = false (custom)
2024-02-09 18:35:39,341 [408e6c3a-5292-4cb9-8087-08d5bb587f71-groupManagement] INFO  server.RaftServerConfigKeys (ConfUtils.java:logGet(46)) - raft.server.threadpool.server.cached = true (default)
2024-02-09 18:35:39,341 [408e6c3a-5292-4cb9-8087-08d5bb587f71-groupManagement] INFO  server.RaftServerConfigKeys (ConfUtils.java:logGet(46)) - raft.server.threadpool.server.size = 0 (default)
2024-02-09 18:35:39,341 [408e6c3a-5292-4cb9-8087-08d5bb587f71-groupManagement] INFO  server.RaftServerConfigKeys (ConfUtils.java:logGet(46)) - raft.server.threadpool.client.cached = true (default)
2024-02-09 18:35:39,341 [408e6c3a-5292-4cb9-8087-08d5bb587f71-groupManagement] INFO  server.RaftServerConfigKeys (ConfUtils.java:logGet(46)) - raft.server.threadpool.client.size = 0 (default)
2024-02-09 18:35:39,341 [408e6c3a-5292-4cb9-8087-08d5bb587f71-groupManagement] INFO  server.RaftServerConfigKeys (ConfUtils.java:logGet(46)) - raft.server.storage.free-space.min = 0MB (=0) (default)
2024-02-09 18:35:39,341 [408e6c3a-5292-4cb9-8087-08d5bb587f71-groupManagement] INFO  server.RaftServerConfigKeys (ConfUtils.java:logGet(46)) - raft.server.log.corruption.policy = EXCEPTION (default)
2024-02-09 18:35:39,341 [408e6c3a-5292-4cb9-8087-08d5bb587f71-groupManagement] INFO  server.RaftServerConfigKeys (ConfUtils.java:logGet(46)) - raft.server.storage.dir = [/home/runner/work/ozone/ozone/hadoop-ozone/integration-test/target/test-dir/MiniOzoneClusterImpl-10a7684d-3d33-49d2-80ef-f5f5272a1eb0/datanode-7/data/ratis] (custom)
2024-02-09 18:35:39,342 [408e6c3a-5292-4cb9-8087-08d5bb587f71-groupManagement] INFO  storage.RaftStorageDirectory (RaftStorageDirectoryImpl.java:analyzeStorage(138)) - The storage directory /home/runner/work/ozone/ozone/hadoop-ozone/integration-test/target/test-dir/MiniOzoneClusterImpl-10a7684d-3d33-49d2-80ef-f5f5272a1eb0/datanode-7/data/ratis/0ad5ed76-d86a-479d-93d9-098deecb2faa does not exist. Creating ...
2024-02-09 18:35:39,342 [408e6c3a-5292-4cb9-8087-08d5bb587f71-groupManagement] INFO  storage.RaftStorageDirectory (RaftStorageDirectoryImpl.java:tryLock(228)) - Lock on /home/runner/work/ozone/ozone/hadoop-ozone/integration-test/target/test-dir/MiniOzoneClusterImpl-10a7684d-3d33-49d2-80ef-f5f5272a1eb0/datanode-7/data/ratis/0ad5ed76-d86a-479d-93d9-098deecb2faa/in_use.lock acquired by nodename 37674@fv-az1241-572
2024-02-09 18:35:39,343 [408e6c3a-5292-4cb9-8087-08d5bb587f71-groupManagement] INFO  storage.RaftStorage (RaftStorageImpl.java:format(99)) - Storage directory /home/runner/work/ozone/ozone/hadoop-ozone/integration-test/target/test-dir/MiniOzoneClusterImpl-10a7684d-3d33-49d2-80ef-f5f5272a1eb0/datanode-7/data/ratis/0ad5ed76-d86a-479d-93d9-098deecb2faa has been successfully formatted.
2024-02-09 18:35:39,343 [408e6c3a-5292-4cb9-8087-08d5bb587f71-groupManagement] WARN  util.FileUtils (LogUtils.java:supplyAndLog(63)) - Failed to Files.newInputStream /home/runner/work/ozone/ozone/hadoop-ozone/integration-test/target/test-dir/MiniOzoneClusterImpl-10a7684d-3d33-49d2-80ef-f5f5272a1eb0/datanode-7/data/ratis/0ad5ed76-d86a-479d-93d9-098deecb2faa/current/raft-meta.conf with options []: java.nio.file.NoSuchFileException: /home/runner/work/ozone/ozone/hadoop-ozone/integration-test/target/test-dir/MiniOzoneClusterImpl-10a7684d-3d33-49d2-80ef-f5f5272a1eb0/datanode-7/data/ratis/0ad5ed76-d86a-479d-93d9-098deecb2faa/current/raft-meta.conf
2024-02-09 18:35:39,343 [408e6c3a-5292-4cb9-8087-08d5bb587f71-groupManagement] INFO  ratis.ContainerStateMachine (ContainerStateMachine.java:loadSnapshot(287)) - group-098DEECB2FAA: The snapshot info is null. Setting the last applied index to:(t:0, i:~)
2024-02-09 18:35:39,343 [408e6c3a-5292-4cb9-8087-08d5bb587f71-groupManagement] INFO  server.RaftServerConfigKeys (ConfUtils.java:logGet(46)) - raft.server.log.use.memory = false (default)
2024-02-09 18:35:39,343 [408e6c3a-5292-4cb9-8087-08d5bb587f71-groupManagement] INFO  server.RaftServerConfigKeys (ConfUtils.java:logGet(46)) - raft.server.log.purge.gap = 1000000 (custom)
2024-02-09 18:35:39,343 [408e6c3a-5292-4cb9-8087-08d5bb587f71-groupManagement] INFO  server.RaftServerConfigKeys (ConfUtils.java:logGet(46)) - raft.server.log.appender.buffer.byte-limit = 8388608 (custom)
2024-02-09 18:35:39,343 [408e6c3a-5292-4cb9-8087-08d5bb587f71-groupManagement] INFO  server.RaftServerConfigKeys (ConfUtils.java:logGet(46)) - raft.server.log.statemachine.data.read.timeout = 1000ms (default)
2024-02-09 18:35:39,343 [408e6c3a-5292-4cb9-8087-08d5bb587f71-groupManagement] INFO  server.RaftServerConfigKeys (ConfUtils.java:logGet(46)) - raft.server.log.purge.preservation.log.num = 0 (default)
2024-02-09 18:35:39,344 [EventQueue-PipelineReportForPipelineReportHandler] INFO  pipeline.PipelineReportHandler (PipelineReportHandler.java:processPipelineReport(136)) - Opened pipeline PipelineID=0ad5ed76-d86a-479d-93d9-098deecb2faa
2024-02-09 18:35:39,344 [EventQueue-OpenPipelineForHealthyPipelineSafeModeRule] INFO  safemode.SCMSafeModeManager (HealthyPipelineSafeModeRule.java:process(140)) - SCM in safe mode. Healthy pipelines reported count is 0, required healthy pipeline reported count is 1
2024-02-09 18:35:39,345 [408e6c3a-5292-4cb9-8087-08d5bb587f71-groupManagement] INFO  server.RaftServerConfigKeys (ConfUtils.java:logGet(46)) - raft.server.log.segment.size.max = 67108864 (custom)
2024-02-09 18:35:39,345 [408e6c3a-5292-4cb9-8087-08d5bb587f71-groupManagement] INFO  server.RaftServerConfigKeys (ConfUtils.java:logGet(46)) - raft.server.log.segment.cache.num.max = 2 (custom)
2024-02-09 18:35:39,345 [408e6c3a-5292-4cb9-8087-08d5bb587f71-groupManagement] INFO  server.RaftServerConfigKeys (ConfUtils.java:logGet(46)) - raft.server.log.segment.cache.size.max = 200MB (=209715200) (default)
2024-02-09 18:35:39,345 [408e6c3a-5292-4cb9-8087-08d5bb587f71-groupManagement] INFO  server.RaftServerConfigKeys (ConfUtils.java:logGet(46)) - raft.server.log.appender.buffer.byte-limit = 8388608 (custom)
2024-02-09 18:35:39,345 [408e6c3a-5292-4cb9-8087-08d5bb587f71-groupManagement] INFO  util.AwaitToRun (AwaitToRun.java:start(81)) - Thread[408e6c3a-5292-4cb9-8087-08d5bb587f71@group-098DEECB2FAA-cacheEviction-AwaitToRun,5,main] started
2024-02-09 18:35:39,345 [408e6c3a-5292-4cb9-8087-08d5bb587f71-groupManagement] INFO  segmented.SegmentedRaftLogWorker (SegmentedRaftLogWorker.java:<init>(182)) - new 408e6c3a-5292-4cb9-8087-08d5bb587f71@group-098DEECB2FAA-SegmentedRaftLogWorker for RaftStorageImpl:Storage Directory /home/runner/work/ozone/ozone/hadoop-ozone/integration-test/target/test-dir/MiniOzoneClusterImpl-10a7684d-3d33-49d2-80ef-f5f5272a1eb0/datanode-7/data/ratis/0ad5ed76-d86a-479d-93d9-098deecb2faa
2024-02-09 18:35:39,345 [408e6c3a-5292-4cb9-8087-08d5bb587f71-groupManagement] INFO  server.RaftServerConfigKeys (ConfUtils.java:logGet(46)) - raft.server.log.queue.byte-limit = 4294967296 (custom)
2024-02-09 18:35:39,345 [408e6c3a-5292-4cb9-8087-08d5bb587f71-groupManagement] INFO  server.RaftServerConfigKeys (ConfUtils.java:logGet(46)) - raft.server.log.queue.element-limit = 1024 (custom)
2024-02-09 18:35:39,345 [408e6c3a-5292-4cb9-8087-08d5bb587f71-groupManagement] INFO  server.RaftServerConfigKeys (ConfUtils.java:logGet(46)) - raft.server.log.segment.size.max = 67108864 (custom)
2024-02-09 18:35:39,345 [408e6c3a-5292-4cb9-8087-08d5bb587f71-groupManagement] INFO  server.RaftServerConfigKeys (ConfUtils.java:logGet(46)) - raft.server.log.preallocated.size = 4194304 (custom)
2024-02-09 18:35:39,345 [408e6c3a-5292-4cb9-8087-08d5bb587f71-groupManagement] INFO  server.RaftServerConfigKeys (ConfUtils.java:logGet(46)) - raft.server.log.force.sync.num = 128 (default)
2024-02-09 18:35:39,345 [408e6c3a-5292-4cb9-8087-08d5bb587f71-groupManagement] INFO  server.RaftServerConfigKeys (ConfUtils.java:logGet(46)) - raft.server.log.statemachine.data.sync = true (default)
2024-02-09 18:35:39,345 [408e6c3a-5292-4cb9-8087-08d5bb587f71-groupManagement] INFO  server.RaftServerConfigKeys (ConfUtils.java:logGet(46)) - raft.server.log.statemachine.data.sync.timeout = 10s (default)
2024-02-09 18:35:39,345 [408e6c3a-5292-4cb9-8087-08d5bb587f71-groupManagement] INFO  server.RaftServerConfigKeys (ConfUtils.java:logGet(46)) - raft.server.log.statemachine.data.sync.timeout.retry = 0 (custom)
2024-02-09 18:35:39,345 [408e6c3a-5292-4cb9-8087-08d5bb587f71-groupManagement] INFO  server.RaftServerConfigKeys (ConfUtils.java:logGet(46)) - raft.server.log.write.buffer.size = 8388616 (custom)
2024-02-09 18:35:39,347 [408e6c3a-5292-4cb9-8087-08d5bb587f71-groupManagement] INFO  server.RaftServerConfigKeys (ConfUtils.java:logGet(46)) - raft.server.log.appender.buffer.byte-limit = 8388608 (custom)
2024-02-09 18:35:39,347 [408e6c3a-5292-4cb9-8087-08d5bb587f71-groupManagement] INFO  server.RaftServerConfigKeys (ConfUtils.java:logGet(46)) - raft.server.log.unsafe-flush.enabled = false (default)
2024-02-09 18:35:39,347 [408e6c3a-5292-4cb9-8087-08d5bb587f71-groupManagement] INFO  server.RaftServerConfigKeys (ConfUtils.java:logGet(46)) - raft.server.log.async-flush.enabled = false (default)
2024-02-09 18:35:39,347 [408e6c3a-5292-4cb9-8087-08d5bb587f71-groupManagement] INFO  server.RaftServerConfigKeys (ConfUtils.java:logGet(46)) - raft.server.log.statemachine.data.caching.enabled = true (custom)
2024-02-09 18:35:39,347 [408e6c3a-5292-4cb9-8087-08d5bb587f71-groupManagement] INFO  segmented.SegmentedRaftLogWorker (SegmentedRaftLogWorker.java:lambda$new$0(134)) - 408e6c3a-5292-4cb9-8087-08d5bb587f71@group-098DEECB2FAA-SegmentedRaftLogWorker: flushIndex: setUnconditionally 0 -> -1
2024-02-09 18:35:39,347 [408e6c3a-5292-4cb9-8087-08d5bb587f71-groupManagement] INFO  segmented.SegmentedRaftLogWorker (SegmentedRaftLogWorker.java:lambda$new$0(134)) - 408e6c3a-5292-4cb9-8087-08d5bb587f71@group-098DEECB2FAA-SegmentedRaftLogWorker: safeCacheEvictIndex: setUnconditionally 0 -> -1
2024-02-09 18:35:39,347 [408e6c3a-5292-4cb9-8087-08d5bb587f71-groupManagement] INFO  server.RaftServer$Division (RaftServerImpl.java:start(396)) - 408e6c3a-5292-4cb9-8087-08d5bb587f71@group-098DEECB2FAA: start as a follower, conf=-1: peers:[408e6c3a-5292-4cb9-8087-08d5bb587f71|10.1.0.43:15433]|listeners:[], old=null
2024-02-09 18:35:39,347 [408e6c3a-5292-4cb9-8087-08d5bb587f71-groupManagement] INFO  server.RaftServer$Division (RaftServerImpl.java:setRole(383)) - 408e6c3a-5292-4cb9-8087-08d5bb587f71@group-098DEECB2FAA: changes role from      null to FOLLOWER at term 0 for startAsFollower
2024-02-09 18:35:39,347 [408e6c3a-5292-4cb9-8087-08d5bb587f71-groupManagement] INFO  impl.RoleInfo (RoleInfo.java:updateAndGet(139)) - 408e6c3a-5292-4cb9-8087-08d5bb587f71: start 408e6c3a-5292-4cb9-8087-08d5bb587f71@group-098DEECB2FAA-FollowerState
2024-02-09 18:35:39,347 [408e6c3a-5292-4cb9-8087-08d5bb587f71@group-098DEECB2FAA-FollowerState] INFO  server.RaftServerConfigKeys (ConfUtils.java:logFallback(53)) - raft.server.rpc.first-election.timeout.min = 5s (fallback to raft.server.rpc.timeout.min)
2024-02-09 18:35:39,347 [408e6c3a-5292-4cb9-8087-08d5bb587f71-groupManagement] INFO  util.JmxRegister (JmxRegister.java:tryRegister(44)) - Successfully registered JMX Bean with object name Ratis:service=RaftServer,group=group-098DEECB2FAA,id=408e6c3a-5292-4cb9-8087-08d5bb587f71
2024-02-09 18:35:39,347 [408e6c3a-5292-4cb9-8087-08d5bb587f71@group-098DEECB2FAA-FollowerState] INFO  server.RaftServerConfigKeys (ConfUtils.java:logFallback(53)) - raft.server.rpc.first-election.timeout.max = 5200ms (fallback to raft.server.rpc.timeout.max)
2024-02-09 18:35:39,347 [408e6c3a-5292-4cb9-8087-08d5bb587f71-groupManagement] INFO  server.RaftServerConfigKeys (ConfUtils.java:logGet(46)) - raft.server.snapshot.trigger-when-stop.enabled = true (default)
2024-02-09 18:35:39,347 [408e6c3a-5292-4cb9-8087-08d5bb587f71-groupManagement] INFO  server.RaftServerConfigKeys (ConfUtils.java:logGet(46)) - raft.server.snapshot.auto.trigger.enabled = true (custom)
2024-02-09 18:35:39,347 [408e6c3a-5292-4cb9-8087-08d5bb587f71-groupManagement] INFO  server.RaftServerConfigKeys (ConfUtils.java:logGet(46)) - raft.server.snapshot.auto.trigger.threshold = 10000 (custom)
2024-02-09 18:35:39,347 [408e6c3a-5292-4cb9-8087-08d5bb587f71-groupManagement] INFO  server.RaftServerConfigKeys (ConfUtils.java:logGet(46)) - raft.server.snapshot.retention.file.num = 5 (custom)
2024-02-09 18:35:39,347 [408e6c3a-5292-4cb9-8087-08d5bb587f71-groupManagement] INFO  server.RaftServerConfigKeys (ConfUtils.java:logGet(46)) - raft.server.log.purge.upto.snapshot.index = false (default)
2024-02-09 18:35:39,348 [408e6c3a-5292-4cb9-8087-08d5bb587f71-PipelineCommandHandlerThread-0] INFO  ratis.XceiverServerRatis (XceiverServerRatis.java:addGroup(864)) - Created group PipelineID=0ad5ed76-d86a-479d-93d9-098deecb2faa
2024-02-09 18:35:39,348 [408e6c3a-5292-4cb9-8087-08d5bb587f71-PipelineCommandHandlerThread-0] INFO  commandhandler.CreatePipelineCommandHandler (CreatePipelineCommandHandler.java:lambda$handle$2(124)) - Created Pipeline RATIS ONE PipelineID=0ad5ed76-d86a-479d-93d9-098deecb2faa.
2024-02-09 18:35:39,430 [bf8a30fd-7b22-4fec-9389-eaf0e8889ee9-PipelineCommandHandlerThread-0] INFO  server.RaftServer (RaftServerProxy.java:addNew(100)) - bf8a30fd-7b22-4fec-9389-eaf0e8889ee9: addNew group-2F070E17DBC0:[bf8a30fd-7b22-4fec-9389-eaf0e8889ee9|10.1.0.43:15442] returns group-2F070E17DBC0:java.util.concurrent.CompletableFuture@45b3ec4d[Not completed]
2024-02-09 18:35:39,431 [bf8a30fd-7b22-4fec-9389-eaf0e8889ee9-groupManagement] INFO  server.RaftServer$Division (RaftServerImpl.java:<init>(256)) - bf8a30fd-7b22-4fec-9389-eaf0e8889ee9: new RaftServerImpl for group-2F070E17DBC0:[bf8a30fd-7b22-4fec-9389-eaf0e8889ee9|10.1.0.43:15442] with ContainerStateMachine:uninitialized
2024-02-09 18:35:39,431 [bf8a30fd-7b22-4fec-9389-eaf0e8889ee9-groupManagement] INFO  server.RaftServerConfigKeys (ConfUtils.java:logGet(46)) - raft.server.rpc.timeout.min = 5s (custom)
2024-02-09 18:35:39,431 [bf8a30fd-7b22-4fec-9389-eaf0e8889ee9-groupManagement] INFO  server.RaftServerConfigKeys (ConfUtils.java:logGet(46)) - raft.server.rpc.timeout.max = 5200ms (custom)
2024-02-09 18:35:39,431 [bf8a30fd-7b22-4fec-9389-eaf0e8889ee9-groupManagement] INFO  server.RaftServerConfigKeys (ConfUtils.java:logGet(46)) - raft.server.rpc.sleep.time = 25ms (default)
2024-02-09 18:35:39,431 [bf8a30fd-7b22-4fec-9389-eaf0e8889ee9-groupManagement] INFO  server.RaftServerConfigKeys (ConfUtils.java:logGet(46)) - raft.server.rpc.slowness.timeout = 300000ms (custom)
2024-02-09 18:35:39,431 [bf8a30fd-7b22-4fec-9389-eaf0e8889ee9-groupManagement] INFO  server.RaftServerConfigKeys (ConfUtils.java:logGet(46)) - raft.server.leaderelection.leader.step-down.wait-time = 10s (default)
2024-02-09 18:35:39,431 [bf8a30fd-7b22-4fec-9389-eaf0e8889ee9-groupManagement] INFO  server.RaftServerConfigKeys (ConfUtils.java:logGet(46)) - raft.server.leaderelection.member.majority-add = false (default)
2024-02-09 18:35:39,431 [bf8a30fd-7b22-4fec-9389-eaf0e8889ee9-groupManagement] INFO  server.RaftServerConfigKeys (ConfUtils.java:logGet(46)) - raft.server.sleep.deviation.threshold = 300ms (default)
2024-02-09 18:35:39,431 [bf8a30fd-7b22-4fec-9389-eaf0e8889ee9-groupManagement] INFO  server.RaftServer$Division (ServerState.java:<init>(113)) - bf8a30fd-7b22-4fec-9389-eaf0e8889ee9@group-2F070E17DBC0: ConfigurationManager, init=-1: peers:[bf8a30fd-7b22-4fec-9389-eaf0e8889ee9|10.1.0.43:15442]|listeners:[], old=null, confs=<EMPTY_MAP>
2024-02-09 18:35:39,431 [bf8a30fd-7b22-4fec-9389-eaf0e8889ee9-groupManagement] INFO  server.RaftServerConfigKeys (ConfUtils.java:logGet(46)) - raft.server.notification.no-leader.timeout = 300000ms (custom)
2024-02-09 18:35:39,431 [bf8a30fd-7b22-4fec-9389-eaf0e8889ee9-groupManagement] INFO  server.RaftServerConfigKeys (ConfUtils.java:logGet(46)) - raft.server.read.timeout = 10s (default)
2024-02-09 18:35:39,431 [bf8a30fd-7b22-4fec-9389-eaf0e8889ee9-groupManagement] INFO  server.RaftServerConfigKeys (ConfUtils.java:logGet(46)) - raft.server.retrycache.expirytime = 600000ms (custom)
2024-02-09 18:35:39,431 [bf8a30fd-7b22-4fec-9389-eaf0e8889ee9-groupManagement] INFO  server.RaftServerConfigKeys (ConfUtils.java:logGet(46)) - raft.server.retrycache.statistics.expirytime = 100ms (default)
2024-02-09 18:35:39,431 [bf8a30fd-7b22-4fec-9389-eaf0e8889ee9-groupManagement] INFO  server.RaftServerConfigKeys (ConfUtils.java:logGet(46)) - raft.server.read.option = DEFAULT (default)
2024-02-09 18:35:39,431 [bf8a30fd-7b22-4fec-9389-eaf0e8889ee9-groupManagement] INFO  server.RaftServerConfigKeys (ConfUtils.java:logGet(46)) - raft.server.read.read-after-write-consistent.write-index-cache.expiry-time = 60s (default)
2024-02-09 18:35:39,432 [main] INFO  ozone.MiniOzoneClusterImpl (MiniOzoneClusterImpl.java:lambda$waitForClusterToBeReady$0(221)) - Nodes are ready. Got 9 of 9 DN Heartbeats.
2024-02-09 18:35:39,432 [main] INFO  ozone.MiniOzoneClusterImpl (MiniOzoneClusterImpl.java:lambda$waitForClusterToBeReady$0(224)) - Waiting for cluster to exit safe mode
2024-02-09 18:35:39,432 [main] INFO  ozone.MiniOzoneClusterImpl (MiniOzoneClusterImpl.java:lambda$waitForClusterToBeReady$0(226)) - SCM became leader
2024-02-09 18:35:39,433 [bf8a30fd-7b22-4fec-9389-eaf0e8889ee9-groupManagement] INFO  server.RaftServerConfigKeys (ConfUtils.java:logGet(46)) - raft.server.rpc.request.timeout = 3000ms (default)
2024-02-09 18:35:39,433 [bf8a30fd-7b22-4fec-9389-eaf0e8889ee9-groupManagement] INFO  server.RaftServerConfigKeys (ConfUtils.java:logGet(46)) - raft.server.log.appender.install.snapshot.enabled = false (custom)
2024-02-09 18:35:39,433 [bf8a30fd-7b22-4fec-9389-eaf0e8889ee9-groupManagement] INFO  server.RaftServerConfigKeys (ConfUtils.java:logGet(46)) - raft.server.threadpool.server.cached = true (default)
2024-02-09 18:35:39,433 [bf8a30fd-7b22-4fec-9389-eaf0e8889ee9-groupManagement] INFO  server.RaftServerConfigKeys (ConfUtils.java:logGet(46)) - raft.server.threadpool.server.size = 0 (default)
2024-02-09 18:35:39,433 [bf8a30fd-7b22-4fec-9389-eaf0e8889ee9-groupManagement] INFO  server.RaftServerConfigKeys (ConfUtils.java:logGet(46)) - raft.server.threadpool.client.cached = true (default)
2024-02-09 18:35:39,433 [bf8a30fd-7b22-4fec-9389-eaf0e8889ee9-groupManagement] INFO  server.RaftServerConfigKeys (ConfUtils.java:logGet(46)) - raft.server.threadpool.client.size = 0 (default)
2024-02-09 18:35:39,433 [bf8a30fd-7b22-4fec-9389-eaf0e8889ee9-groupManagement] INFO  server.RaftServerConfigKeys (ConfUtils.java:logGet(46)) - raft.server.storage.free-space.min = 0MB (=0) (default)
2024-02-09 18:35:39,433 [bf8a30fd-7b22-4fec-9389-eaf0e8889ee9-groupManagement] INFO  server.RaftServerConfigKeys (ConfUtils.java:logGet(46)) - raft.server.log.corruption.policy = EXCEPTION (default)
2024-02-09 18:35:39,433 [bf8a30fd-7b22-4fec-9389-eaf0e8889ee9-groupManagement] INFO  server.RaftServerConfigKeys (ConfUtils.java:logGet(46)) - raft.server.storage.dir = [/home/runner/work/ozone/ozone/hadoop-ozone/integration-test/target/test-dir/MiniOzoneClusterImpl-10a7684d-3d33-49d2-80ef-f5f5272a1eb0/datanode-8/data/ratis] (custom)
2024-02-09 18:35:39,433 [bf8a30fd-7b22-4fec-9389-eaf0e8889ee9-groupManagement] INFO  storage.RaftStorageDirectory (RaftStorageDirectoryImpl.java:analyzeStorage(138)) - The storage directory /home/runner/work/ozone/ozone/hadoop-ozone/integration-test/target/test-dir/MiniOzoneClusterImpl-10a7684d-3d33-49d2-80ef-f5f5272a1eb0/datanode-8/data/ratis/b0bc7ef5-f9b7-487d-8070-2f070e17dbc0 does not exist. Creating ...
2024-02-09 18:35:39,434 [bf8a30fd-7b22-4fec-9389-eaf0e8889ee9-groupManagement] INFO  storage.RaftStorageDirectory (RaftStorageDirectoryImpl.java:tryLock(228)) - Lock on /home/runner/work/ozone/ozone/hadoop-ozone/integration-test/target/test-dir/MiniOzoneClusterImpl-10a7684d-3d33-49d2-80ef-f5f5272a1eb0/datanode-8/data/ratis/b0bc7ef5-f9b7-487d-8070-2f070e17dbc0/in_use.lock acquired by nodename 37674@fv-az1241-572
2024-02-09 18:35:39,435 [bf8a30fd-7b22-4fec-9389-eaf0e8889ee9-groupManagement] INFO  storage.RaftStorage (RaftStorageImpl.java:format(99)) - Storage directory /home/runner/work/ozone/ozone/hadoop-ozone/integration-test/target/test-dir/MiniOzoneClusterImpl-10a7684d-3d33-49d2-80ef-f5f5272a1eb0/datanode-8/data/ratis/b0bc7ef5-f9b7-487d-8070-2f070e17dbc0 has been successfully formatted.
2024-02-09 18:35:39,435 [bf8a30fd-7b22-4fec-9389-eaf0e8889ee9-groupManagement] WARN  util.FileUtils (LogUtils.java:supplyAndLog(63)) - Failed to Files.newInputStream /home/runner/work/ozone/ozone/hadoop-ozone/integration-test/target/test-dir/MiniOzoneClusterImpl-10a7684d-3d33-49d2-80ef-f5f5272a1eb0/datanode-8/data/ratis/b0bc7ef5-f9b7-487d-8070-2f070e17dbc0/current/raft-meta.conf with options []: java.nio.file.NoSuchFileException: /home/runner/work/ozone/ozone/hadoop-ozone/integration-test/target/test-dir/MiniOzoneClusterImpl-10a7684d-3d33-49d2-80ef-f5f5272a1eb0/datanode-8/data/ratis/b0bc7ef5-f9b7-487d-8070-2f070e17dbc0/current/raft-meta.conf
2024-02-09 18:35:39,435 [bf8a30fd-7b22-4fec-9389-eaf0e8889ee9-groupManagement] INFO  ratis.ContainerStateMachine (ContainerStateMachine.java:loadSnapshot(287)) - group-2F070E17DBC0: The snapshot info is null. Setting the last applied index to:(t:0, i:~)
2024-02-09 18:35:39,435 [bf8a30fd-7b22-4fec-9389-eaf0e8889ee9-groupManagement] INFO  server.RaftServerConfigKeys (ConfUtils.java:logGet(46)) - raft.server.log.use.memory = false (default)
2024-02-09 18:35:39,435 [bf8a30fd-7b22-4fec-9389-eaf0e8889ee9-groupManagement] INFO  server.RaftServerConfigKeys (ConfUtils.java:logGet(46)) - raft.server.log.purge.gap = 1000000 (custom)
2024-02-09 18:35:39,435 [bf8a30fd-7b22-4fec-9389-eaf0e8889ee9-groupManagement] INFO  server.RaftServerConfigKeys (ConfUtils.java:logGet(46)) - raft.server.log.appender.buffer.byte-limit = 8388608 (custom)
2024-02-09 18:35:39,435 [bf8a30fd-7b22-4fec-9389-eaf0e8889ee9-groupManagement] INFO  server.RaftServerConfigKeys (ConfUtils.java:logGet(46)) - raft.server.log.statemachine.data.read.timeout = 1000ms (default)
2024-02-09 18:35:39,435 [bf8a30fd-7b22-4fec-9389-eaf0e8889ee9-groupManagement] INFO  server.RaftServerConfigKeys (ConfUtils.java:logGet(46)) - raft.server.log.purge.preservation.log.num = 0 (default)
2024-02-09 18:35:39,437 [bf8a30fd-7b22-4fec-9389-eaf0e8889ee9-groupManagement] INFO  server.RaftServerConfigKeys (ConfUtils.java:logGet(46)) - raft.server.log.segment.size.max = 67108864 (custom)
2024-02-09 18:35:39,437 [bf8a30fd-7b22-4fec-9389-eaf0e8889ee9-groupManagement] INFO  server.RaftServerConfigKeys (ConfUtils.java:logGet(46)) - raft.server.log.segment.cache.num.max = 2 (custom)
2024-02-09 18:35:39,437 [EventQueue-PipelineReportForPipelineReportHandler] INFO  pipeline.PipelineReportHandler (PipelineReportHandler.java:processPipelineReport(136)) - Opened pipeline PipelineID=b0bc7ef5-f9b7-487d-8070-2f070e17dbc0
2024-02-09 18:35:39,437 [bf8a30fd-7b22-4fec-9389-eaf0e8889ee9-groupManagement] INFO  server.RaftServerConfigKeys (ConfUtils.java:logGet(46)) - raft.server.log.segment.cache.size.max = 200MB (=209715200) (default)
2024-02-09 18:35:39,437 [EventQueue-OpenPipelineForHealthyPipelineSafeModeRule] INFO  safemode.SCMSafeModeManager (HealthyPipelineSafeModeRule.java:process(140)) - SCM in safe mode. Healthy pipelines reported count is 0, required healthy pipeline reported count is 1
2024-02-09 18:35:39,437 [bf8a30fd-7b22-4fec-9389-eaf0e8889ee9-groupManagement] INFO  server.RaftServerConfigKeys (ConfUtils.java:logGet(46)) - raft.server.log.appender.buffer.byte-limit = 8388608 (custom)
2024-02-09 18:35:39,437 [bf8a30fd-7b22-4fec-9389-eaf0e8889ee9-groupManagement] INFO  util.AwaitToRun (AwaitToRun.java:start(81)) - Thread[bf8a30fd-7b22-4fec-9389-eaf0e8889ee9@group-2F070E17DBC0-cacheEviction-AwaitToRun,5,main] started
2024-02-09 18:35:39,437 [bf8a30fd-7b22-4fec-9389-eaf0e8889ee9-groupManagement] INFO  segmented.SegmentedRaftLogWorker (SegmentedRaftLogWorker.java:<init>(182)) - new bf8a30fd-7b22-4fec-9389-eaf0e8889ee9@group-2F070E17DBC0-SegmentedRaftLogWorker for RaftStorageImpl:Storage Directory /home/runner/work/ozone/ozone/hadoop-ozone/integration-test/target/test-dir/MiniOzoneClusterImpl-10a7684d-3d33-49d2-80ef-f5f5272a1eb0/datanode-8/data/ratis/b0bc7ef5-f9b7-487d-8070-2f070e17dbc0
2024-02-09 18:35:39,437 [bf8a30fd-7b22-4fec-9389-eaf0e8889ee9-groupManagement] INFO  server.RaftServerConfigKeys (ConfUtils.java:logGet(46)) - raft.server.log.queue.byte-limit = 4294967296 (custom)
2024-02-09 18:35:39,437 [bf8a30fd-7b22-4fec-9389-eaf0e8889ee9-groupManagement] INFO  server.RaftServerConfigKeys (ConfUtils.java:logGet(46)) - raft.server.log.queue.element-limit = 1024 (custom)
2024-02-09 18:35:39,437 [bf8a30fd-7b22-4fec-9389-eaf0e8889ee9-groupManagement] INFO  server.RaftServerConfigKeys (ConfUtils.java:logGet(46)) - raft.server.log.segment.size.max = 67108864 (custom)
2024-02-09 18:35:39,437 [bf8a30fd-7b22-4fec-9389-eaf0e8889ee9-groupManagement] INFO  server.RaftServerConfigKeys (ConfUtils.java:logGet(46)) - raft.server.log.preallocated.size = 4194304 (custom)
2024-02-09 18:35:39,437 [bf8a30fd-7b22-4fec-9389-eaf0e8889ee9-groupManagement] INFO  server.RaftServerConfigKeys (ConfUtils.java:logGet(46)) - raft.server.log.force.sync.num = 128 (default)
2024-02-09 18:35:39,437 [bf8a30fd-7b22-4fec-9389-eaf0e8889ee9-groupManagement] INFO  server.RaftServerConfigKeys (ConfUtils.java:logGet(46)) - raft.server.log.statemachine.data.sync = true (default)
2024-02-09 18:35:39,437 [bf8a30fd-7b22-4fec-9389-eaf0e8889ee9-groupManagement] INFO  server.RaftServerConfigKeys (ConfUtils.java:logGet(46)) - raft.server.log.statemachine.data.sync.timeout = 10s (default)
2024-02-09 18:35:39,438 [bf8a30fd-7b22-4fec-9389-eaf0e8889ee9-groupManagement] INFO  server.RaftServerConfigKeys (ConfUtils.java:logGet(46)) - raft.server.log.statemachine.data.sync.timeout.retry = 0 (custom)
2024-02-09 18:35:39,438 [bf8a30fd-7b22-4fec-9389-eaf0e8889ee9-groupManagement] INFO  server.RaftServerConfigKeys (ConfUtils.java:logGet(46)) - raft.server.log.write.buffer.size = 8388616 (custom)
2024-02-09 18:35:39,440 [bf8a30fd-7b22-4fec-9389-eaf0e8889ee9-groupManagement] INFO  server.RaftServerConfigKeys (ConfUtils.java:logGet(46)) - raft.server.log.appender.buffer.byte-limit = 8388608 (custom)
2024-02-09 18:35:39,440 [bf8a30fd-7b22-4fec-9389-eaf0e8889ee9-groupManagement] INFO  server.RaftServerConfigKeys (ConfUtils.java:logGet(46)) - raft.server.log.unsafe-flush.enabled = false (default)
2024-02-09 18:35:39,440 [bf8a30fd-7b22-4fec-9389-eaf0e8889ee9-groupManagement] INFO  server.RaftServerConfigKeys (ConfUtils.java:logGet(46)) - raft.server.log.async-flush.enabled = false (default)
2024-02-09 18:35:39,440 [bf8a30fd-7b22-4fec-9389-eaf0e8889ee9-groupManagement] INFO  server.RaftServerConfigKeys (ConfUtils.java:logGet(46)) - raft.server.log.statemachine.data.caching.enabled = true (custom)
2024-02-09 18:35:39,440 [bf8a30fd-7b22-4fec-9389-eaf0e8889ee9-groupManagement] INFO  segmented.SegmentedRaftLogWorker (SegmentedRaftLogWorker.java:lambda$new$0(134)) - bf8a30fd-7b22-4fec-9389-eaf0e8889ee9@group-2F070E17DBC0-SegmentedRaftLogWorker: flushIndex: setUnconditionally 0 -> -1
2024-02-09 18:35:39,440 [bf8a30fd-7b22-4fec-9389-eaf0e8889ee9-groupManagement] INFO  segmented.SegmentedRaftLogWorker (SegmentedRaftLogWorker.java:lambda$new$0(134)) - bf8a30fd-7b22-4fec-9389-eaf0e8889ee9@group-2F070E17DBC0-SegmentedRaftLogWorker: safeCacheEvictIndex: setUnconditionally 0 -> -1
2024-02-09 18:35:39,440 [bf8a30fd-7b22-4fec-9389-eaf0e8889ee9-groupManagement] INFO  server.RaftServer$Division (RaftServerImpl.java:start(396)) - bf8a30fd-7b22-4fec-9389-eaf0e8889ee9@group-2F070E17DBC0: start as a follower, conf=-1: peers:[bf8a30fd-7b22-4fec-9389-eaf0e8889ee9|10.1.0.43:15442]|listeners:[], old=null
2024-02-09 18:35:39,440 [bf8a30fd-7b22-4fec-9389-eaf0e8889ee9-groupManagement] INFO  server.RaftServer$Division (RaftServerImpl.java:setRole(383)) - bf8a30fd-7b22-4fec-9389-eaf0e8889ee9@group-2F070E17DBC0: changes role from      null to FOLLOWER at term 0 for startAsFollower
2024-02-09 18:35:39,440 [bf8a30fd-7b22-4fec-9389-eaf0e8889ee9-groupManagement] INFO  impl.RoleInfo (RoleInfo.java:updateAndGet(139)) - bf8a30fd-7b22-4fec-9389-eaf0e8889ee9: start bf8a30fd-7b22-4fec-9389-eaf0e8889ee9@group-2F070E17DBC0-FollowerState
2024-02-09 18:35:39,440 [bf8a30fd-7b22-4fec-9389-eaf0e8889ee9-groupManagement] INFO  util.JmxRegister (JmxRegister.java:tryRegister(44)) - Successfully registered JMX Bean with object name Ratis:service=RaftServer,group=group-2F070E17DBC0,id=bf8a30fd-7b22-4fec-9389-eaf0e8889ee9
2024-02-09 18:35:39,440 [bf8a30fd-7b22-4fec-9389-eaf0e8889ee9@group-2F070E17DBC0-FollowerState] INFO  server.RaftServerConfigKeys (ConfUtils.java:logFallback(53)) - raft.server.rpc.first-election.timeout.min = 5s (fallback to raft.server.rpc.timeout.min)
2024-02-09 18:35:39,440 [bf8a30fd-7b22-4fec-9389-eaf0e8889ee9-groupManagement] INFO  server.RaftServerConfigKeys (ConfUtils.java:logGet(46)) - raft.server.snapshot.trigger-when-stop.enabled = true (default)
2024-02-09 18:35:39,441 [bf8a30fd-7b22-4fec-9389-eaf0e8889ee9@group-2F070E17DBC0-FollowerState] INFO  server.RaftServerConfigKeys (ConfUtils.java:logFallback(53)) - raft.server.rpc.first-election.timeout.max = 5200ms (fallback to raft.server.rpc.timeout.max)
2024-02-09 18:35:39,441 [bf8a30fd-7b22-4fec-9389-eaf0e8889ee9-groupManagement] INFO  server.RaftServerConfigKeys (ConfUtils.java:logGet(46)) - raft.server.snapshot.auto.trigger.enabled = true (custom)
2024-02-09 18:35:39,441 [bf8a30fd-7b22-4fec-9389-eaf0e8889ee9-groupManagement] INFO  server.RaftServerConfigKeys (ConfUtils.java:logGet(46)) - raft.server.snapshot.auto.trigger.threshold = 10000 (custom)
2024-02-09 18:35:39,441 [bf8a30fd-7b22-4fec-9389-eaf0e8889ee9-groupManagement] INFO  server.RaftServerConfigKeys (ConfUtils.java:logGet(46)) - raft.server.snapshot.retention.file.num = 5 (custom)
2024-02-09 18:35:39,441 [bf8a30fd-7b22-4fec-9389-eaf0e8889ee9-groupManagement] INFO  server.RaftServerConfigKeys (ConfUtils.java:logGet(46)) - raft.server.log.purge.upto.snapshot.index = false (default)
2024-02-09 18:35:39,445 [bf8a30fd-7b22-4fec-9389-eaf0e8889ee9-PipelineCommandHandlerThread-0] INFO  ratis.XceiverServerRatis (XceiverServerRatis.java:addGroup(864)) - Created group PipelineID=b0bc7ef5-f9b7-487d-8070-2f070e17dbc0
2024-02-09 18:35:39,446 [bf8a30fd-7b22-4fec-9389-eaf0e8889ee9-PipelineCommandHandlerThread-0] INFO  commandhandler.CreatePipelineCommandHandler (CreatePipelineCommandHandler.java:lambda$handle$2(124)) - Created Pipeline RATIS ONE PipelineID=b0bc7ef5-f9b7-487d-8070-2f070e17dbc0.
2024-02-09 18:35:40,432 [main] INFO  ozone.MiniOzoneClusterImpl (MiniOzoneClusterImpl.java:lambda$waitForClusterToBeReady$0(221)) - Nodes are ready. Got 9 of 9 DN Heartbeats.
2024-02-09 18:35:40,433 [main] INFO  ozone.MiniOzoneClusterImpl (MiniOzoneClusterImpl.java:lambda$waitForClusterToBeReady$0(224)) - Waiting for cluster to exit safe mode
2024-02-09 18:35:40,433 [main] INFO  ozone.MiniOzoneClusterImpl (MiniOzoneClusterImpl.java:lambda$waitForClusterToBeReady$0(226)) - SCM became leader
2024-02-09 18:35:41,433 [main] INFO  ozone.MiniOzoneClusterImpl (MiniOzoneClusterImpl.java:lambda$waitForClusterToBeReady$0(221)) - Nodes are ready. Got 9 of 9 DN Heartbeats.
2024-02-09 18:35:41,433 [main] INFO  ozone.MiniOzoneClusterImpl (MiniOzoneClusterImpl.java:lambda$waitForClusterToBeReady$0(224)) - Waiting for cluster to exit safe mode
2024-02-09 18:35:41,433 [main] INFO  ozone.MiniOzoneClusterImpl (MiniOzoneClusterImpl.java:lambda$waitForClusterToBeReady$0(226)) - SCM became leader
2024-02-09 18:35:42,433 [main] INFO  ozone.MiniOzoneClusterImpl (MiniOzoneClusterImpl.java:lambda$waitForClusterToBeReady$0(221)) - Nodes are ready. Got 9 of 9 DN Heartbeats.
2024-02-09 18:35:42,434 [main] INFO  ozone.MiniOzoneClusterImpl (MiniOzoneClusterImpl.java:lambda$waitForClusterToBeReady$0(224)) - Waiting for cluster to exit safe mode
2024-02-09 18:35:42,434 [main] INFO  ozone.MiniOzoneClusterImpl (MiniOzoneClusterImpl.java:lambda$waitForClusterToBeReady$0(226)) - SCM became leader
2024-02-09 18:35:43,434 [main] INFO  ozone.MiniOzoneClusterImpl (MiniOzoneClusterImpl.java:lambda$waitForClusterToBeReady$0(221)) - Nodes are ready. Got 9 of 9 DN Heartbeats.
2024-02-09 18:35:43,434 [main] INFO  ozone.MiniOzoneClusterImpl (MiniOzoneClusterImpl.java:lambda$waitForClusterToBeReady$0(224)) - Waiting for cluster to exit safe mode
2024-02-09 18:35:43,434 [main] INFO  ozone.MiniOzoneClusterImpl (MiniOzoneClusterImpl.java:lambda$waitForClusterToBeReady$0(226)) - SCM became leader
2024-02-09 18:35:43,839 [cf8377d2-89dc-40fa-8f92-08f9232c90c8@group-138E0DE0C554-FollowerState] INFO  impl.FollowerState (FollowerState.java:run(143)) - cf8377d2-89dc-40fa-8f92-08f9232c90c8@group-138E0DE0C554-FollowerState: change to CANDIDATE, lastRpcElapsedTime:5098442039ns, electionTimeout:5098ms
2024-02-09 18:35:43,839 [cf8377d2-89dc-40fa-8f92-08f9232c90c8@group-138E0DE0C554-FollowerState] INFO  impl.RoleInfo (RoleInfo.java:shutdownFollowerState(110)) - cf8377d2-89dc-40fa-8f92-08f9232c90c8: shutdown cf8377d2-89dc-40fa-8f92-08f9232c90c8@group-138E0DE0C554-FollowerState
2024-02-09 18:35:43,839 [cf8377d2-89dc-40fa-8f92-08f9232c90c8@group-138E0DE0C554-FollowerState] INFO  server.RaftServer$Division (RaftServerImpl.java:setRole(383)) - cf8377d2-89dc-40fa-8f92-08f9232c90c8@group-138E0DE0C554: changes role from  FOLLOWER to CANDIDATE at term 0 for changeToCandidate
2024-02-09 18:35:43,839 [cf8377d2-89dc-40fa-8f92-08f9232c90c8@group-138E0DE0C554-FollowerState] INFO  server.RaftServerConfigKeys (ConfUtils.java:logGet(46)) - raft.server.leaderelection.pre-vote = true (default)
2024-02-09 18:35:43,839 [cf8377d2-89dc-40fa-8f92-08f9232c90c8@group-138E0DE0C554-FollowerState] INFO  impl.RoleInfo (RoleInfo.java:updateAndGet(139)) - cf8377d2-89dc-40fa-8f92-08f9232c90c8: start cf8377d2-89dc-40fa-8f92-08f9232c90c8@group-138E0DE0C554-LeaderElection68
2024-02-09 18:35:43,840 [cf8377d2-89dc-40fa-8f92-08f9232c90c8@group-138E0DE0C554-LeaderElection68] INFO  impl.LeaderElection (LeaderElection.java:askForVotes(321)) - cf8377d2-89dc-40fa-8f92-08f9232c90c8@group-138E0DE0C554-LeaderElection68 PRE_VOTE round 0: submit vote requests at term 0 for -1: peers:[cf8377d2-89dc-40fa-8f92-08f9232c90c8|10.1.0.43:15370, 81d78f49-5211-4a7a-996b-69bb86adfbbb|10.1.0.43:15388, 7b2d406f-67a0-48ec-b7b7-fdf942b3fd04|10.1.0.43:15379]|listeners:[], old=null
2024-02-09 18:35:43,841 [cf8377d2-89dc-40fa-8f92-08f9232c90c8@group-138E0DE0C554-LeaderElection68] INFO  server.RaftServerConfigKeys (ConfUtils.java:logFallback(53)) - raft.server.rpc.first-election.timeout.min = 5s (fallback to raft.server.rpc.timeout.min)
2024-02-09 18:35:43,841 [cf8377d2-89dc-40fa-8f92-08f9232c90c8@group-138E0DE0C554-LeaderElection68-2] INFO  server.GrpcServerProtocolClient (GrpcServerProtocolClient.java:<init>(65)) - Build channel for 7b2d406f-67a0-48ec-b7b7-fdf942b3fd04|10.1.0.43:15379
2024-02-09 18:35:43,841 [cf8377d2-89dc-40fa-8f92-08f9232c90c8@group-138E0DE0C554-LeaderElection68] INFO  server.RaftServerConfigKeys (ConfUtils.java:logFallback(53)) - raft.server.rpc.first-election.timeout.max = 5200ms (fallback to raft.server.rpc.timeout.max)
2024-02-09 18:35:43,841 [cf8377d2-89dc-40fa-8f92-08f9232c90c8@group-138E0DE0C554-LeaderElection68-1] INFO  server.GrpcServerProtocolClient (GrpcServerProtocolClient.java:<init>(65)) - Build channel for 81d78f49-5211-4a7a-996b-69bb86adfbbb|10.1.0.43:15388
2024-02-09 18:35:43,844 [grpc-default-executor-7] INFO  server.RaftServer$Division (RaftServerImpl.java:requestVote(1389)) - 7b2d406f-67a0-48ec-b7b7-fdf942b3fd04@group-138E0DE0C554: receive requestVote(PRE_VOTE, cf8377d2-89dc-40fa-8f92-08f9232c90c8, group-138E0DE0C554, 0, (t:0, i:0))
2024-02-09 18:35:43,845 [grpc-default-executor-7] INFO  impl.VoteContext (VoteContext.java:log(49)) - 7b2d406f-67a0-48ec-b7b7-fdf942b3fd04@group-138E0DE0C554-FOLLOWER: accept PRE_VOTE from cf8377d2-89dc-40fa-8f92-08f9232c90c8: our priority 0 <= candidate's priority 0
2024-02-09 18:35:43,845 [grpc-default-executor-7] INFO  server.RaftServer$Division (RaftServerImpl.java:requestVote(1422)) - 7b2d406f-67a0-48ec-b7b7-fdf942b3fd04@group-138E0DE0C554 replies to PRE_VOTE vote request: cf8377d2-89dc-40fa-8f92-08f9232c90c8<-7b2d406f-67a0-48ec-b7b7-fdf942b3fd04#0:OK-t0. Peer's state: 7b2d406f-67a0-48ec-b7b7-fdf942b3fd04@group-138E0DE0C554:t0, leader=null, voted=, raftlog=Memoized:7b2d406f-67a0-48ec-b7b7-fdf942b3fd04@group-138E0DE0C554-SegmentedRaftLog:OPENED:c-1, conf=-1: peers:[cf8377d2-89dc-40fa-8f92-08f9232c90c8|10.1.0.43:15370, 81d78f49-5211-4a7a-996b-69bb86adfbbb|10.1.0.43:15388, 7b2d406f-67a0-48ec-b7b7-fdf942b3fd04|10.1.0.43:15379]|listeners:[], old=null
2024-02-09 18:35:43,845 [grpc-default-executor-8] INFO  server.RaftServer$Division (RaftServerImpl.java:requestVote(1389)) - 81d78f49-5211-4a7a-996b-69bb86adfbbb@group-138E0DE0C554: receive requestVote(PRE_VOTE, cf8377d2-89dc-40fa-8f92-08f9232c90c8, group-138E0DE0C554, 0, (t:0, i:0))
2024-02-09 18:35:43,846 [grpc-default-executor-8] INFO  impl.VoteContext (VoteContext.java:log(49)) - 81d78f49-5211-4a7a-996b-69bb86adfbbb@group-138E0DE0C554-FOLLOWER: reject PRE_VOTE from cf8377d2-89dc-40fa-8f92-08f9232c90c8: our priority 1 > candidate's priority 0
2024-02-09 18:35:43,846 [grpc-default-executor-8] INFO  server.RaftServer$Division (RaftServerImpl.java:requestVote(1422)) - 81d78f49-5211-4a7a-996b-69bb86adfbbb@group-138E0DE0C554 replies to PRE_VOTE vote request: cf8377d2-89dc-40fa-8f92-08f9232c90c8<-81d78f49-5211-4a7a-996b-69bb86adfbbb#0:FAIL-t0. Peer's state: 81d78f49-5211-4a7a-996b-69bb86adfbbb@group-138E0DE0C554:t0, leader=null, voted=, raftlog=Memoized:81d78f49-5211-4a7a-996b-69bb86adfbbb@group-138E0DE0C554-SegmentedRaftLog:OPENED:c-1, conf=-1: peers:[cf8377d2-89dc-40fa-8f92-08f9232c90c8|10.1.0.43:15370, 81d78f49-5211-4a7a-996b-69bb86adfbbb|10.1.0.43:15388, 7b2d406f-67a0-48ec-b7b7-fdf942b3fd04|10.1.0.43:15379]|listeners:[], old=null
2024-02-09 18:35:43,848 [cf8377d2-89dc-40fa-8f92-08f9232c90c8@group-138E0DE0C554-LeaderElection68] INFO  impl.LeaderElection (LeaderElection.java:logAndReturn(89)) - cf8377d2-89dc-40fa-8f92-08f9232c90c8@group-138E0DE0C554-LeaderElection68: PRE_VOTE REJECTED received 2 response(s) and 0 exception(s):
2024-02-09 18:35:43,848 [cf8377d2-89dc-40fa-8f92-08f9232c90c8@group-138E0DE0C554-LeaderElection68] INFO  impl.LeaderElection (LeaderElection.java:logAndReturn(93)) -   Response 0: cf8377d2-89dc-40fa-8f92-08f9232c90c8<-81d78f49-5211-4a7a-996b-69bb86adfbbb#0:FAIL-t0
2024-02-09 18:35:43,848 [cf8377d2-89dc-40fa-8f92-08f9232c90c8@group-138E0DE0C554-LeaderElection68] INFO  impl.LeaderElection (LeaderElection.java:logAndReturn(93)) -   Response 1: cf8377d2-89dc-40fa-8f92-08f9232c90c8<-7b2d406f-67a0-48ec-b7b7-fdf942b3fd04#0:OK-t0
2024-02-09 18:35:43,848 [cf8377d2-89dc-40fa-8f92-08f9232c90c8@group-138E0DE0C554-LeaderElection68] INFO  impl.LeaderElection (LeaderElection.java:askForVotes(323)) - cf8377d2-89dc-40fa-8f92-08f9232c90c8@group-138E0DE0C554-LeaderElection68 PRE_VOTE round 0: result REJECTED
2024-02-09 18:35:43,848 [cf8377d2-89dc-40fa-8f92-08f9232c90c8@group-138E0DE0C554-LeaderElection68] INFO  server.RaftServer$Division (RaftServerImpl.java:setRole(383)) - cf8377d2-89dc-40fa-8f92-08f9232c90c8@group-138E0DE0C554: changes role from CANDIDATE to FOLLOWER at term 0 for REJECTED
2024-02-09 18:35:43,848 [cf8377d2-89dc-40fa-8f92-08f9232c90c8@group-138E0DE0C554-LeaderElection68] INFO  impl.RoleInfo (RoleInfo.java:shutdownLeaderElection(130)) - cf8377d2-89dc-40fa-8f92-08f9232c90c8: shutdown cf8377d2-89dc-40fa-8f92-08f9232c90c8@group-138E0DE0C554-LeaderElection68
2024-02-09 18:35:43,848 [cf8377d2-89dc-40fa-8f92-08f9232c90c8@group-138E0DE0C554-LeaderElection68] INFO  impl.RoleInfo (RoleInfo.java:updateAndGet(139)) - cf8377d2-89dc-40fa-8f92-08f9232c90c8: start cf8377d2-89dc-40fa-8f92-08f9232c90c8@group-138E0DE0C554-FollowerState
2024-02-09 18:35:43,850 [cf8377d2-89dc-40fa-8f92-08f9232c90c8@group-138E0DE0C554-LeaderElection68] INFO  server.RaftServer$Division (RaftServerImpl.java:setFirstElection(574)) - cf8377d2-89dc-40fa-8f92-08f9232c90c8@group-138E0DE0C554: set firstElectionSinceStartup to false for REJECTED
2024-02-09 18:35:43,886 [81d78f49-5211-4a7a-996b-69bb86adfbbb@group-138E0DE0C554-FollowerState] INFO  impl.FollowerState (FollowerState.java:run(143)) - 81d78f49-5211-4a7a-996b-69bb86adfbbb@group-138E0DE0C554-FollowerState: change to CANDIDATE, lastRpcElapsedTime:5110509579ns, electionTimeout:5110ms
2024-02-09 18:35:43,886 [81d78f49-5211-4a7a-996b-69bb86adfbbb@group-138E0DE0C554-FollowerState] INFO  impl.RoleInfo (RoleInfo.java:shutdownFollowerState(110)) - 81d78f49-5211-4a7a-996b-69bb86adfbbb: shutdown 81d78f49-5211-4a7a-996b-69bb86adfbbb@group-138E0DE0C554-FollowerState
2024-02-09 18:35:43,886 [81d78f49-5211-4a7a-996b-69bb86adfbbb@group-138E0DE0C554-FollowerState] INFO  server.RaftServer$Division (RaftServerImpl.java:setRole(383)) - 81d78f49-5211-4a7a-996b-69bb86adfbbb@group-138E0DE0C554: changes role from  FOLLOWER to CANDIDATE at term 0 for changeToCandidate
2024-02-09 18:35:43,886 [81d78f49-5211-4a7a-996b-69bb86adfbbb@group-138E0DE0C554-FollowerState] INFO  server.RaftServerConfigKeys (ConfUtils.java:logGet(46)) - raft.server.leaderelection.pre-vote = true (default)
2024-02-09 18:35:43,886 [81d78f49-5211-4a7a-996b-69bb86adfbbb@group-138E0DE0C554-FollowerState] INFO  impl.RoleInfo (RoleInfo.java:updateAndGet(139)) - 81d78f49-5211-4a7a-996b-69bb86adfbbb: start 81d78f49-5211-4a7a-996b-69bb86adfbbb@group-138E0DE0C554-LeaderElection69
2024-02-09 18:35:43,887 [81d78f49-5211-4a7a-996b-69bb86adfbbb@group-138E0DE0C554-LeaderElection69] INFO  impl.LeaderElection (LeaderElection.java:askForVotes(321)) - 81d78f49-5211-4a7a-996b-69bb86adfbbb@group-138E0DE0C554-LeaderElection69 PRE_VOTE round 0: submit vote requests at term 0 for -1: peers:[cf8377d2-89dc-40fa-8f92-08f9232c90c8|10.1.0.43:15370, 81d78f49-5211-4a7a-996b-69bb86adfbbb|10.1.0.43:15388, 7b2d406f-67a0-48ec-b7b7-fdf942b3fd04|10.1.0.43:15379]|listeners:[], old=null
2024-02-09 18:35:43,887 [81d78f49-5211-4a7a-996b-69bb86adfbbb@group-138E0DE0C554-LeaderElection69-1] INFO  server.GrpcServerProtocolClient (GrpcServerProtocolClient.java:<init>(65)) - Build channel for cf8377d2-89dc-40fa-8f92-08f9232c90c8|10.1.0.43:15370
2024-02-09 18:35:43,887 [81d78f49-5211-4a7a-996b-69bb86adfbbb@group-138E0DE0C554-LeaderElection69] INFO  server.RaftServerConfigKeys (ConfUtils.java:logFallback(53)) - raft.server.rpc.first-election.timeout.min = 5s (fallback to raft.server.rpc.timeout.min)
2024-02-09 18:35:43,887 [81d78f49-5211-4a7a-996b-69bb86adfbbb@group-138E0DE0C554-LeaderElection69-2] INFO  server.GrpcServerProtocolClient (GrpcServerProtocolClient.java:<init>(65)) - Build channel for 7b2d406f-67a0-48ec-b7b7-fdf942b3fd04|10.1.0.43:15379
2024-02-09 18:35:43,887 [81d78f49-5211-4a7a-996b-69bb86adfbbb@group-138E0DE0C554-LeaderElection69] INFO  server.RaftServerConfigKeys (ConfUtils.java:logFallback(53)) - raft.server.rpc.first-election.timeout.max = 5200ms (fallback to raft.server.rpc.timeout.max)
2024-02-09 18:35:43,890 [grpc-default-executor-8] INFO  server.RaftServer$Division (RaftServerImpl.java:requestVote(1389)) - cf8377d2-89dc-40fa-8f92-08f9232c90c8@group-138E0DE0C554: receive requestVote(PRE_VOTE, 81d78f49-5211-4a7a-996b-69bb86adfbbb, group-138E0DE0C554, 0, (t:0, i:0))
2024-02-09 18:35:43,890 [grpc-default-executor-8] INFO  impl.VoteContext (VoteContext.java:log(49)) - cf8377d2-89dc-40fa-8f92-08f9232c90c8@group-138E0DE0C554-FOLLOWER: accept PRE_VOTE from 81d78f49-5211-4a7a-996b-69bb86adfbbb: our priority 0 <= candidate's priority 1
2024-02-09 18:35:43,890 [grpc-default-executor-8] INFO  server.RaftServer$Division (RaftServerImpl.java:requestVote(1422)) - cf8377d2-89dc-40fa-8f92-08f9232c90c8@group-138E0DE0C554 replies to PRE_VOTE vote request: 81d78f49-5211-4a7a-996b-69bb86adfbbb<-cf8377d2-89dc-40fa-8f92-08f9232c90c8#0:OK-t0. Peer's state: cf8377d2-89dc-40fa-8f92-08f9232c90c8@group-138E0DE0C554:t0, leader=null, voted=, raftlog=Memoized:cf8377d2-89dc-40fa-8f92-08f9232c90c8@group-138E0DE0C554-SegmentedRaftLog:OPENED:c-1, conf=-1: peers:[cf8377d2-89dc-40fa-8f92-08f9232c90c8|10.1.0.43:15370, 81d78f49-5211-4a7a-996b-69bb86adfbbb|10.1.0.43:15388, 7b2d406f-67a0-48ec-b7b7-fdf942b3fd04|10.1.0.43:15379]|listeners:[], old=null
2024-02-09 18:35:43,891 [grpc-default-executor-8] INFO  server.RaftServer$Division (RaftServerImpl.java:requestVote(1389)) - 7b2d406f-67a0-48ec-b7b7-fdf942b3fd04@group-138E0DE0C554: receive requestVote(PRE_VOTE, 81d78f49-5211-4a7a-996b-69bb86adfbbb, group-138E0DE0C554, 0, (t:0, i:0))
2024-02-09 18:35:43,891 [grpc-default-executor-8] INFO  impl.VoteContext (VoteContext.java:log(49)) - 7b2d406f-67a0-48ec-b7b7-fdf942b3fd04@group-138E0DE0C554-FOLLOWER: accept PRE_VOTE from 81d78f49-5211-4a7a-996b-69bb86adfbbb: our priority 0 <= candidate's priority 1
2024-02-09 18:35:43,891 [grpc-default-executor-8] INFO  server.RaftServer$Division (RaftServerImpl.java:requestVote(1422)) - 7b2d406f-67a0-48ec-b7b7-fdf942b3fd04@group-138E0DE0C554 replies to PRE_VOTE vote request: 81d78f49-5211-4a7a-996b-69bb86adfbbb<-7b2d406f-67a0-48ec-b7b7-fdf942b3fd04#0:OK-t0. Peer's state: 7b2d406f-67a0-48ec-b7b7-fdf942b3fd04@group-138E0DE0C554:t0, leader=null, voted=, raftlog=Memoized:7b2d406f-67a0-48ec-b7b7-fdf942b3fd04@group-138E0DE0C554-SegmentedRaftLog:OPENED:c-1, conf=-1: peers:[cf8377d2-89dc-40fa-8f92-08f9232c90c8|10.1.0.43:15370, 81d78f49-5211-4a7a-996b-69bb86adfbbb|10.1.0.43:15388, 7b2d406f-67a0-48ec-b7b7-fdf942b3fd04|10.1.0.43:15379]|listeners:[], old=null
2024-02-09 18:35:43,892 [81d78f49-5211-4a7a-996b-69bb86adfbbb@group-138E0DE0C554-LeaderElection69] INFO  impl.LeaderElection (LeaderElection.java:logAndReturn(89)) - 81d78f49-5211-4a7a-996b-69bb86adfbbb@group-138E0DE0C554-LeaderElection69: PRE_VOTE PASSED received 1 response(s) and 0 exception(s):
2024-02-09 18:35:43,893 [81d78f49-5211-4a7a-996b-69bb86adfbbb@group-138E0DE0C554-LeaderElection69] INFO  impl.LeaderElection (LeaderElection.java:logAndReturn(93)) -   Response 0: 81d78f49-5211-4a7a-996b-69bb86adfbbb<-cf8377d2-89dc-40fa-8f92-08f9232c90c8#0:OK-t0
2024-02-09 18:35:43,893 [81d78f49-5211-4a7a-996b-69bb86adfbbb@group-138E0DE0C554-LeaderElection69] INFO  impl.LeaderElection (LeaderElection.java:askForVotes(323)) - 81d78f49-5211-4a7a-996b-69bb86adfbbb@group-138E0DE0C554-LeaderElection69 PRE_VOTE round 0: result PASSED
2024-02-09 18:35:43,893 [7b2d406f-67a0-48ec-b7b7-fdf942b3fd04@group-138E0DE0C554-FollowerState] INFO  server.RaftServerConfigKeys (ConfUtils.java:logFallback(53)) - raft.server.rpc.first-election.timeout.min = 5s (fallback to raft.server.rpc.timeout.min)
2024-02-09 18:35:43,893 [7b2d406f-67a0-48ec-b7b7-fdf942b3fd04@group-138E0DE0C554-FollowerState] INFO  server.RaftServerConfigKeys (ConfUtils.java:logFallback(53)) - raft.server.rpc.first-election.timeout.max = 5200ms (fallback to raft.server.rpc.timeout.max)
2024-02-09 18:35:43,894 [81d78f49-5211-4a7a-996b-69bb86adfbbb@group-138E0DE0C554-LeaderElection69] INFO  impl.LeaderElection (LeaderElection.java:askForVotes(321)) - 81d78f49-5211-4a7a-996b-69bb86adfbbb@group-138E0DE0C554-LeaderElection69 ELECTION round 0: submit vote requests at term 1 for -1: peers:[cf8377d2-89dc-40fa-8f92-08f9232c90c8|10.1.0.43:15370, 81d78f49-5211-4a7a-996b-69bb86adfbbb|10.1.0.43:15388, 7b2d406f-67a0-48ec-b7b7-fdf942b3fd04|10.1.0.43:15379]|listeners:[], old=null
2024-02-09 18:35:43,894 [81d78f49-5211-4a7a-996b-69bb86adfbbb@group-138E0DE0C554-LeaderElection69] INFO  server.RaftServerConfigKeys (ConfUtils.java:logFallback(53)) - raft.server.rpc.first-election.timeout.min = 5s (fallback to raft.server.rpc.timeout.min)
2024-02-09 18:35:43,894 [81d78f49-5211-4a7a-996b-69bb86adfbbb@group-138E0DE0C554-LeaderElection69] INFO  server.RaftServerConfigKeys (ConfUtils.java:logFallback(53)) - raft.server.rpc.first-election.timeout.max = 5200ms (fallback to raft.server.rpc.timeout.max)
2024-02-09 18:35:43,895 [grpc-default-executor-8] INFO  server.RaftServer$Division (RaftServerImpl.java:requestVote(1389)) - cf8377d2-89dc-40fa-8f92-08f9232c90c8@group-138E0DE0C554: receive requestVote(ELECTION, 81d78f49-5211-4a7a-996b-69bb86adfbbb, group-138E0DE0C554, 1, (t:0, i:0))
2024-02-09 18:35:43,895 [grpc-default-executor-8] INFO  impl.VoteContext (VoteContext.java:log(49)) - cf8377d2-89dc-40fa-8f92-08f9232c90c8@group-138E0DE0C554-FOLLOWER: accept ELECTION from 81d78f49-5211-4a7a-996b-69bb86adfbbb: our priority 0 <= candidate's priority 1
2024-02-09 18:35:43,895 [grpc-default-executor-7] INFO  server.RaftServer$Division (RaftServerImpl.java:requestVote(1389)) - 7b2d406f-67a0-48ec-b7b7-fdf942b3fd04@group-138E0DE0C554: receive requestVote(ELECTION, 81d78f49-5211-4a7a-996b-69bb86adfbbb, group-138E0DE0C554, 1, (t:0, i:0))
2024-02-09 18:35:43,895 [grpc-default-executor-8] INFO  server.RaftServer$Division (RaftServerImpl.java:setRole(383)) - cf8377d2-89dc-40fa-8f92-08f9232c90c8@group-138E0DE0C554: changes role from  FOLLOWER to FOLLOWER at term 1 for candidate:81d78f49-5211-4a7a-996b-69bb86adfbbb
2024-02-09 18:35:43,895 [grpc-default-executor-8] INFO  impl.RoleInfo (RoleInfo.java:shutdownFollowerState(110)) - cf8377d2-89dc-40fa-8f92-08f9232c90c8: shutdown cf8377d2-89dc-40fa-8f92-08f9232c90c8@group-138E0DE0C554-FollowerState
2024-02-09 18:35:43,895 [grpc-default-executor-7] INFO  impl.VoteContext (VoteContext.java:log(49)) - 7b2d406f-67a0-48ec-b7b7-fdf942b3fd04@group-138E0DE0C554-FOLLOWER: accept ELECTION from 81d78f49-5211-4a7a-996b-69bb86adfbbb: our priority 0 <= candidate's priority 1
2024-02-09 18:35:43,895 [cf8377d2-89dc-40fa-8f92-08f9232c90c8@group-138E0DE0C554-FollowerState] INFO  impl.FollowerState (FollowerState.java:run(152)) - cf8377d2-89dc-40fa-8f92-08f9232c90c8@group-138E0DE0C554-FollowerState was interrupted
2024-02-09 18:35:43,895 [grpc-default-executor-7] INFO  server.RaftServer$Division (RaftServerImpl.java:setRole(383)) - 7b2d406f-67a0-48ec-b7b7-fdf942b3fd04@group-138E0DE0C554: changes role from  FOLLOWER to FOLLOWER at term 1 for candidate:81d78f49-5211-4a7a-996b-69bb86adfbbb
2024-02-09 18:35:43,896 [grpc-default-executor-7] INFO  impl.RoleInfo (RoleInfo.java:shutdownFollowerState(110)) - 7b2d406f-67a0-48ec-b7b7-fdf942b3fd04: shutdown 7b2d406f-67a0-48ec-b7b7-fdf942b3fd04@group-138E0DE0C554-FollowerState
2024-02-09 18:35:43,895 [grpc-default-executor-8] INFO  impl.RoleInfo (RoleInfo.java:updateAndGet(139)) - cf8377d2-89dc-40fa-8f92-08f9232c90c8: start cf8377d2-89dc-40fa-8f92-08f9232c90c8@group-138E0DE0C554-FollowerState
2024-02-09 18:35:43,896 [7b2d406f-67a0-48ec-b7b7-fdf942b3fd04@group-138E0DE0C554-FollowerState] INFO  impl.FollowerState (FollowerState.java:run(152)) - 7b2d406f-67a0-48ec-b7b7-fdf942b3fd04@group-138E0DE0C554-FollowerState was interrupted
2024-02-09 18:35:43,896 [grpc-default-executor-7] INFO  impl.RoleInfo (RoleInfo.java:updateAndGet(139)) - 7b2d406f-67a0-48ec-b7b7-fdf942b3fd04: start 7b2d406f-67a0-48ec-b7b7-fdf942b3fd04@group-138E0DE0C554-FollowerState
2024-02-09 18:35:43,896 [grpc-default-executor-7] INFO  server.RaftServer$Division (RaftServerImpl.java:setFirstElection(574)) - 7b2d406f-67a0-48ec-b7b7-fdf942b3fd04@group-138E0DE0C554: set firstElectionSinceStartup to false for candidate:81d78f49-5211-4a7a-996b-69bb86adfbbb
2024-02-09 18:35:43,900 [grpc-default-executor-8] INFO  server.RaftServer$Division (RaftServerImpl.java:requestVote(1422)) - cf8377d2-89dc-40fa-8f92-08f9232c90c8@group-138E0DE0C554 replies to ELECTION vote request: 81d78f49-5211-4a7a-996b-69bb86adfbbb<-cf8377d2-89dc-40fa-8f92-08f9232c90c8#0:OK-t1. Peer's state: cf8377d2-89dc-40fa-8f92-08f9232c90c8@group-138E0DE0C554:t1, leader=null, voted=81d78f49-5211-4a7a-996b-69bb86adfbbb, raftlog=Memoized:cf8377d2-89dc-40fa-8f92-08f9232c90c8@group-138E0DE0C554-SegmentedRaftLog:OPENED:c-1, conf=-1: peers:[cf8377d2-89dc-40fa-8f92-08f9232c90c8|10.1.0.43:15370, 81d78f49-5211-4a7a-996b-69bb86adfbbb|10.1.0.43:15388, 7b2d406f-67a0-48ec-b7b7-fdf942b3fd04|10.1.0.43:15379]|listeners:[], old=null
2024-02-09 18:35:43,901 [grpc-default-executor-7] INFO  server.RaftServer$Division (RaftServerImpl.java:requestVote(1422)) - 7b2d406f-67a0-48ec-b7b7-fdf942b3fd04@group-138E0DE0C554 replies to ELECTION vote request: 81d78f49-5211-4a7a-996b-69bb86adfbbb<-7b2d406f-67a0-48ec-b7b7-fdf942b3fd04#0:OK-t1. Peer's state: 7b2d406f-67a0-48ec-b7b7-fdf942b3fd04@group-138E0DE0C554:t1, leader=null, voted=81d78f49-5211-4a7a-996b-69bb86adfbbb, raftlog=Memoized:7b2d406f-67a0-48ec-b7b7-fdf942b3fd04@group-138E0DE0C554-SegmentedRaftLog:OPENED:c-1, conf=-1: peers:[cf8377d2-89dc-40fa-8f92-08f9232c90c8|10.1.0.43:15370, 81d78f49-5211-4a7a-996b-69bb86adfbbb|10.1.0.43:15388, 7b2d406f-67a0-48ec-b7b7-fdf942b3fd04|10.1.0.43:15379]|listeners:[], old=null
2024-02-09 18:35:43,901 [81d78f49-5211-4a7a-996b-69bb86adfbbb@group-138E0DE0C554-LeaderElection69] INFO  impl.LeaderElection (LeaderElection.java:logAndReturn(89)) - 81d78f49-5211-4a7a-996b-69bb86adfbbb@group-138E0DE0C554-LeaderElection69: ELECTION PASSED received 1 response(s) and 0 exception(s):
2024-02-09 18:35:43,901 [81d78f49-5211-4a7a-996b-69bb86adfbbb@group-138E0DE0C554-LeaderElection69] INFO  impl.LeaderElection (LeaderElection.java:logAndReturn(93)) -   Response 0: 81d78f49-5211-4a7a-996b-69bb86adfbbb<-cf8377d2-89dc-40fa-8f92-08f9232c90c8#0:OK-t1
2024-02-09 18:35:43,901 [81d78f49-5211-4a7a-996b-69bb86adfbbb@group-138E0DE0C554-LeaderElection69] INFO  impl.LeaderElection (LeaderElection.java:askForVotes(323)) - 81d78f49-5211-4a7a-996b-69bb86adfbbb@group-138E0DE0C554-LeaderElection69 ELECTION round 0: result PASSED
2024-02-09 18:35:43,901 [81d78f49-5211-4a7a-996b-69bb86adfbbb@group-138E0DE0C554-LeaderElection69] INFO  impl.RoleInfo (RoleInfo.java:shutdownLeaderElection(130)) - 81d78f49-5211-4a7a-996b-69bb86adfbbb: shutdown 81d78f49-5211-4a7a-996b-69bb86adfbbb@group-138E0DE0C554-LeaderElection69
2024-02-09 18:35:43,901 [81d78f49-5211-4a7a-996b-69bb86adfbbb@group-138E0DE0C554-LeaderElection69] INFO  server.RaftServer$Division (RaftServerImpl.java:setRole(383)) - 81d78f49-5211-4a7a-996b-69bb86adfbbb@group-138E0DE0C554: changes role from CANDIDATE to LEADER at term 1 for changeToLeader
2024-02-09 18:35:43,901 [81d78f49-5211-4a7a-996b-69bb86adfbbb@group-138E0DE0C554-LeaderElection69] INFO  server.RaftServerConfigKeys (ConfUtils.java:logGet(46)) - raft.server.staging.catchup.gap = 1000 (default)
2024-02-09 18:35:43,901 [81d78f49-5211-4a7a-996b-69bb86adfbbb@group-138E0DE0C554-LeaderElection69] INFO  server.RaftServerConfigKeys (ConfUtils.java:logGet(46)) - raft.server.write.element-limit = 1024 (custom)
2024-02-09 18:35:43,901 [81d78f49-5211-4a7a-996b-69bb86adfbbb@group-138E0DE0C554-LeaderElection69] INFO  server.RaftServerConfigKeys (ConfUtils.java:logGet(46)) - raft.server.write.byte-limit = 1024 M (=1073741824) (custom)
2024-02-09 18:35:43,902 [81d78f49-5211-4a7a-996b-69bb86adfbbb@group-138E0DE0C554-LeaderElection69] INFO  server.RaftServerConfigKeys (ConfUtils.java:logGet(46)) - raft.server.watch.timeout = 3000ms (custom)
2024-02-09 18:35:43,902 [81d78f49-5211-4a7a-996b-69bb86adfbbb@group-138E0DE0C554-LeaderElection69] INFO  server.RaftServerConfigKeys (ConfUtils.java:logGet(46)) - raft.server.watch.timeout.denomination = 1s (default)
2024-02-09 18:35:43,902 [81d78f49-5211-4a7a-996b-69bb86adfbbb@group-138E0DE0C554-LeaderElection69] INFO  server.RaftServerConfigKeys (ConfUtils.java:logGet(46)) - raft.server.watch.element-limit = 65536 (default)
2024-02-09 18:35:43,902 [81d78f49-5211-4a7a-996b-69bb86adfbbb@group-138E0DE0C554-LeaderElection69] INFO  server.RaftServerConfigKeys (ConfUtils.java:logGet(46)) - raft.server.read.leader.lease.enabled = false (default)
2024-02-09 18:35:43,902 [81d78f49-5211-4a7a-996b-69bb86adfbbb@group-138E0DE0C554-LeaderElection69] INFO  server.RaftServerConfigKeys (ConfUtils.java:logGet(46)) - raft.server.read.leader.lease.timeout.ratio = 0.9 (default)
2024-02-09 18:35:43,902 [81d78f49-5211-4a7a-996b-69bb86adfbbb@group-138E0DE0C554-LeaderElection69] INFO  server.RaftServerConfigKeys (ConfUtils.java:logGet(46)) - raft.server.rpc.timeout.min = 5s (custom)
2024-02-09 18:35:43,902 [81d78f49-5211-4a7a-996b-69bb86adfbbb@group-138E0DE0C554-LeaderElection69] INFO  server.RaftServerConfigKeys (ConfUtils.java:logGet(46)) - raft.server.write.element-limit = 1024 (custom)
2024-02-09 18:35:43,902 [81d78f49-5211-4a7a-996b-69bb86adfbbb@group-138E0DE0C554-LeaderElection69] INFO  server.RaftServerConfigKeys (ConfUtils.java:logGet(46)) - raft.server.write.follower.gap.ratio.max = -1.0 (default)
2024-02-09 18:35:43,902 [81d78f49-5211-4a7a-996b-69bb86adfbbb@group-138E0DE0C554-LeaderElection69] INFO  server.RaftServerConfigKeys (ConfUtils.java:logGet(46)) - raft.server.log.appender.snapshot.chunk.size.max = 16MB (=16777216) (default)
2024-02-09 18:35:43,902 [81d78f49-5211-4a7a-996b-69bb86adfbbb@group-138E0DE0C554-LeaderElection69] INFO  server.RaftServerConfigKeys (ConfUtils.java:logGet(46)) - raft.server.log.appender.buffer.byte-limit = 8388608 (custom)
2024-02-09 18:35:43,902 [81d78f49-5211-4a7a-996b-69bb86adfbbb@group-138E0DE0C554-LeaderElection69] INFO  server.RaftServerConfigKeys (ConfUtils.java:logGet(46)) - raft.server.log.appender.buffer.element-limit = 1 (custom)
2024-02-09 18:35:43,902 [81d78f49-5211-4a7a-996b-69bb86adfbbb@group-138E0DE0C554-LeaderElection69] INFO  server.RaftServerConfigKeys (ConfUtils.java:logGet(46)) - raft.server.log.appender.wait-time.min = 0ms (custom)
2024-02-09 18:35:43,902 [81d78f49-5211-4a7a-996b-69bb86adfbbb@group-138E0DE0C554-LeaderElection69] INFO  grpc.GrpcConfigKeys (ConfUtils.java:logGet(46)) - raft.grpc.server.leader.outstanding.appends.max = 8 (default)
2024-02-09 18:35:43,902 [81d78f49-5211-4a7a-996b-69bb86adfbbb@group-138E0DE0C554-LeaderElection69] INFO  server.RaftServerConfigKeys (ConfUtils.java:logGet(46)) - raft.server.rpc.request.timeout = 3000ms (default)
2024-02-09 18:35:43,902 [81d78f49-5211-4a7a-996b-69bb86adfbbb@group-138E0DE0C554-LeaderElection69] INFO  grpc.GrpcConfigKeys (ConfUtils.java:logGet(46)) - raft.grpc.server.install_snapshot.request.element-limit = 8 (default)
2024-02-09 18:35:43,903 [81d78f49-5211-4a7a-996b-69bb86adfbbb@group-138E0DE0C554-LeaderElection69] INFO  grpc.GrpcConfigKeys (ConfUtils.java:logGet(46)) - raft.grpc.server.install_snapshot.request.timeout = 3000ms (default)
2024-02-09 18:35:43,903 [81d78f49-5211-4a7a-996b-69bb86adfbbb@group-138E0DE0C554-LeaderElection69] INFO  grpc.GrpcConfigKeys (ConfUtils.java:logGet(46)) - raft.grpc.server.log-message.batch.duration = 5s (default)
2024-02-09 18:35:43,903 [81d78f49-5211-4a7a-996b-69bb86adfbbb@group-138E0DE0C554-LeaderElection69] INFO  server.RaftServerConfigKeys (ConfUtils.java:logGet(46)) - raft.server.log.appender.install.snapshot.enabled = false (custom)
2024-02-09 18:35:43,903 [81d78f49-5211-4a7a-996b-69bb86adfbbb@group-138E0DE0C554-LeaderElection69] INFO  grpc.GrpcConfigKeys (ConfUtils.java:logGet(46)) - raft.grpc.server.heartbeat.channel = true (default)
2024-02-09 18:35:43,903 [81d78f49-5211-4a7a-996b-69bb86adfbbb@group-138E0DE0C554-LeaderElection69] INFO  server.RaftServerConfigKeys (ConfUtils.java:logGet(46)) - raft.server.log.appender.snapshot.chunk.size.max = 16MB (=16777216) (default)
2024-02-09 18:35:43,903 [81d78f49-5211-4a7a-996b-69bb86adfbbb@group-138E0DE0C554-LeaderElection69] INFO  server.RaftServerConfigKeys (ConfUtils.java:logGet(46)) - raft.server.log.appender.buffer.byte-limit = 8388608 (custom)
2024-02-09 18:35:43,903 [81d78f49-5211-4a7a-996b-69bb86adfbbb@group-138E0DE0C554-LeaderElection69] INFO  server.RaftServerConfigKeys (ConfUtils.java:logGet(46)) - raft.server.log.appender.buffer.element-limit = 1 (custom)
2024-02-09 18:35:43,903 [81d78f49-5211-4a7a-996b-69bb86adfbbb@group-138E0DE0C554-LeaderElection69] INFO  server.RaftServerConfigKeys (ConfUtils.java:logGet(46)) - raft.server.log.appender.wait-time.min = 0ms (custom)
2024-02-09 18:35:43,903 [81d78f49-5211-4a7a-996b-69bb86adfbbb@group-138E0DE0C554-LeaderElection69] INFO  grpc.GrpcConfigKeys (ConfUtils.java:logGet(46)) - raft.grpc.server.leader.outstanding.appends.max = 8 (default)
2024-02-09 18:35:43,903 [81d78f49-5211-4a7a-996b-69bb86adfbbb@group-138E0DE0C554-LeaderElection69] INFO  server.RaftServerConfigKeys (ConfUtils.java:logGet(46)) - raft.server.rpc.request.timeout = 3000ms (default)
2024-02-09 18:35:43,903 [81d78f49-5211-4a7a-996b-69bb86adfbbb@group-138E0DE0C554-LeaderElection69] INFO  grpc.GrpcConfigKeys (ConfUtils.java:logGet(46)) - raft.grpc.server.install_snapshot.request.element-limit = 8 (default)
2024-02-09 18:35:43,904 [81d78f49-5211-4a7a-996b-69bb86adfbbb@group-138E0DE0C554-LeaderElection69] INFO  grpc.GrpcConfigKeys (ConfUtils.java:logGet(46)) - raft.grpc.server.install_snapshot.request.timeout = 3000ms (default)
2024-02-09 18:35:43,904 [81d78f49-5211-4a7a-996b-69bb86adfbbb@group-138E0DE0C554-LeaderElection69] INFO  grpc.GrpcConfigKeys (ConfUtils.java:logGet(46)) - raft.grpc.server.log-message.batch.duration = 5s (default)
2024-02-09 18:35:43,904 [81d78f49-5211-4a7a-996b-69bb86adfbbb@group-138E0DE0C554-LeaderElection69] INFO  server.RaftServerConfigKeys (ConfUtils.java:logGet(46)) - raft.server.log.appender.install.snapshot.enabled = false (custom)
2024-02-09 18:35:43,904 [81d78f49-5211-4a7a-996b-69bb86adfbbb@group-138E0DE0C554-LeaderElection69] INFO  grpc.GrpcConfigKeys (ConfUtils.java:logGet(46)) - raft.grpc.server.heartbeat.channel = true (default)
2024-02-09 18:35:43,904 [81d78f49-5211-4a7a-996b-69bb86adfbbb@group-64A6ECF3BFAF-FollowerState] INFO  impl.FollowerState (FollowerState.java:run(143)) - 81d78f49-5211-4a7a-996b-69bb86adfbbb@group-64A6ECF3BFAF-FollowerState: change to CANDIDATE, lastRpcElapsedTime:5007415048ns, electionTimeout:5007ms
2024-02-09 18:35:43,904 [81d78f49-5211-4a7a-996b-69bb86adfbbb@group-64A6ECF3BFAF-FollowerState] INFO  impl.RoleInfo (RoleInfo.java:shutdownFollowerState(110)) - 81d78f49-5211-4a7a-996b-69bb86adfbbb: shutdown 81d78f49-5211-4a7a-996b-69bb86adfbbb@group-64A6ECF3BFAF-FollowerState
2024-02-09 18:35:43,904 [81d78f49-5211-4a7a-996b-69bb86adfbbb@group-138E0DE0C554-LeaderElection69] INFO  impl.RoleInfo (RoleInfo.java:updateAndGet(139)) - 81d78f49-5211-4a7a-996b-69bb86adfbbb: start 81d78f49-5211-4a7a-996b-69bb86adfbbb@group-138E0DE0C554-LeaderStateImpl
2024-02-09 18:35:43,904 [81d78f49-5211-4a7a-996b-69bb86adfbbb@group-64A6ECF3BFAF-FollowerState] INFO  server.RaftServer$Division (RaftServerImpl.java:setRole(383)) - 81d78f49-5211-4a7a-996b-69bb86adfbbb@group-64A6ECF3BFAF: changes role from  FOLLOWER to CANDIDATE at term 0 for changeToCandidate
2024-02-09 18:35:43,904 [81d78f49-5211-4a7a-996b-69bb86adfbbb@group-138E0DE0C554-LeaderElection69] INFO  server.RaftServer$Division (RaftServerImpl.java:setFirstElection(574)) - 81d78f49-5211-4a7a-996b-69bb86adfbbb@group-138E0DE0C554: set firstElectionSinceStartup to false for becomeLeader
2024-02-09 18:35:43,904 [81d78f49-5211-4a7a-996b-69bb86adfbbb@group-138E0DE0C554-LeaderElection69] INFO  ratis.XceiverServerRatis (XceiverServerRatis.java:handleLeaderChangedNotification(966)) - Leader change notification received for group: group-138E0DE0C554 with new leaderId: 81d78f49-5211-4a7a-996b-69bb86adfbbb
2024-02-09 18:35:43,904 [81d78f49-5211-4a7a-996b-69bb86adfbbb@group-64A6ECF3BFAF-FollowerState] INFO  server.RaftServerConfigKeys (ConfUtils.java:logGet(46)) - raft.server.leaderelection.pre-vote = true (default)
2024-02-09 18:35:43,904 [81d78f49-5211-4a7a-996b-69bb86adfbbb@group-64A6ECF3BFAF-FollowerState] INFO  impl.RoleInfo (RoleInfo.java:updateAndGet(139)) - 81d78f49-5211-4a7a-996b-69bb86adfbbb: start 81d78f49-5211-4a7a-996b-69bb86adfbbb@group-64A6ECF3BFAF-LeaderElection70
2024-02-09 18:35:43,904 [81d78f49-5211-4a7a-996b-69bb86adfbbb@group-138E0DE0C554-LeaderElection69] INFO  server.RaftServer$Division (ServerState.java:setLeader(269)) - 81d78f49-5211-4a7a-996b-69bb86adfbbb@group-138E0DE0C554: change Leader from null to 81d78f49-5211-4a7a-996b-69bb86adfbbb at term 1 for becomeLeader, leader elected after 5138ms
2024-02-09 18:35:43,908 [81d78f49-5211-4a7a-996b-69bb86adfbbb@group-64A6ECF3BFAF-LeaderElection70] INFO  impl.LeaderElection (LeaderElection.java:askForVotes(321)) - 81d78f49-5211-4a7a-996b-69bb86adfbbb@group-64A6ECF3BFAF-LeaderElection70 PRE_VOTE round 0: submit vote requests at term 0 for -1: peers:[81d78f49-5211-4a7a-996b-69bb86adfbbb|10.1.0.43:15388]|listeners:[], old=null
2024-02-09 18:35:43,908 [81d78f49-5211-4a7a-996b-69bb86adfbbb@group-64A6ECF3BFAF-LeaderElection70] INFO  impl.LeaderElection (LeaderElection.java:askForVotes(323)) - 81d78f49-5211-4a7a-996b-69bb86adfbbb@group-64A6ECF3BFAF-LeaderElection70 PRE_VOTE round 0: result PASSED (term=0)
2024-02-09 18:35:43,908 [EventQueue-OpenPipelineForHealthyPipelineSafeModeRule] INFO  safemode.SCMSafeModeManager (HealthyPipelineSafeModeRule.java:process(140)) - SCM in safe mode. Healthy pipelines reported count is 0, required healthy pipeline reported count is 1
2024-02-09 18:35:43,908 [81d78f49-5211-4a7a-996b-69bb86adfbbb@group-138E0DE0C554-LeaderElection69] INFO  segmented.SegmentedRaftLogWorker (SegmentedRaftLogWorker.java:startLogSegment(430)) - 81d78f49-5211-4a7a-996b-69bb86adfbbb@group-138E0DE0C554-SegmentedRaftLogWorker: Starting segment from index:0
2024-02-09 18:35:43,908 [81d78f49-5211-4a7a-996b-69bb86adfbbb@group-138E0DE0C554-SegmentedRaftLogWorker] INFO  segmented.BufferedWriteChannel (BufferedWriteChannel.java:open(62)) - open log_inprogress_0 at position 0
2024-02-09 18:35:43,908 [EventQueue-PipelineReportForPipelineReportHandler] INFO  pipeline.PipelineReportHandler (PipelineReportHandler.java:processPipelineReport(136)) - Opened pipeline PipelineID=b1a77248-3b90-49fe-ace1-138e0de0c554
2024-02-09 18:35:43,909 [EventQueue-OpenPipelineForHealthyPipelineSafeModeRule] INFO  safemode.SCMSafeModeManager (HealthyPipelineSafeModeRule.java:process(140)) - SCM in safe mode. Healthy pipelines reported count is 1, required healthy pipeline reported count is 1
2024-02-09 18:35:43,909 [EventQueue-OpenPipelineForHealthyPipelineSafeModeRule] INFO  safemode.SCMSafeModeManager (SCMSafeModeManager.java:validateSafeModeExitRules(200)) - HealthyPipelineSafeModeRule rule is successfully validated
2024-02-09 18:35:43,910 [EventQueue-OpenPipelineForHealthyPipelineSafeModeRule] INFO  safemode.SCMSafeModeManager (SCMSafeModeManager.java:validateSafeModeExitRules(215)) - ScmSafeModeManager, all rules are successfully validated
2024-02-09 18:35:43,910 [EventQueue-OpenPipelineForHealthyPipelineSafeModeRule] INFO  safemode.SCMSafeModeManager (SCMSafeModeManager.java:exitSafeMode(244)) - SCM exiting safe mode.
2024-02-09 18:35:43,910 [EventQueue-OpenPipelineForHealthyPipelineSafeModeRule] INFO  ha.SCMContext (SCMContext.java:updateSafeModeStatus(225)) - Update SafeModeStatus from SafeModeStatus{safeModeStatus=true, preCheckPassed=true} to SafeModeStatus{safeModeStatus=false, preCheckPassed=true}.
2024-02-09 18:35:43,910 [EventQueue-OpenPipelineForHealthyPipelineSafeModeRule] INFO  pipeline.BackgroundPipelineCreator (BackgroundPipelineCreator.java:notifyStatusChanged(258)) - Service BackgroundPipelineCreator transitions to RUNNING.
2024-02-09 18:35:43,910 [EventQueue-OpenPipelineForHealthyPipelineSafeModeRule] INFO  BackgroundPipelineScrubber (BackgroundSCMService.java:notifyStatusChanged(79)) - Service BackgroundPipelineScrubber transitions to RUNNING.
2024-02-09 18:35:43,910 [EventQueue-OpenPipelineForHealthyPipelineSafeModeRule] INFO  ExpiredContainerReplicaOpScrubber (BackgroundSCMService.java:notifyStatusChanged(79)) - Service ExpiredContainerReplicaOpScrubber transitions to RUNNING.
2024-02-09 18:35:43,910 [EventQueue-OpenPipelineForHealthyPipelineSafeModeRule] INFO  block.SCMBlockDeletingService (SCMBlockDeletingService.java:notifyStatusChanged(247)) - notifyStatusChanged:RUNNING
2024-02-09 18:35:43,910 [EventQueue-OpenPipelineForHealthyPipelineSafeModeRule] INFO  replication.ReplicationManager (ReplicationManager.java:notifyStatusChanged(1402)) - Service ReplicationManager transitions to RUNNING.
2024-02-09 18:35:43,910 [81d78f49-5211-4a7a-996b-69bb86adfbbb@group-64A6ECF3BFAF-LeaderElection70] INFO  impl.LeaderElection (LeaderElection.java:askForVotes(321)) - 81d78f49-5211-4a7a-996b-69bb86adfbbb@group-64A6ECF3BFAF-LeaderElection70 ELECTION round 0: submit vote requests at term 1 for -1: peers:[81d78f49-5211-4a7a-996b-69bb86adfbbb|10.1.0.43:15388]|listeners:[], old=null
2024-02-09 18:35:43,910 [81d78f49-5211-4a7a-996b-69bb86adfbbb@group-64A6ECF3BFAF-LeaderElection70] INFO  impl.LeaderElection (LeaderElection.java:askForVotes(323)) - 81d78f49-5211-4a7a-996b-69bb86adfbbb@group-64A6ECF3BFAF-LeaderElection70 ELECTION round 0: result PASSED (term=1)
2024-02-09 18:35:43,910 [81d78f49-5211-4a7a-996b-69bb86adfbbb@group-64A6ECF3BFAF-LeaderElection70] INFO  impl.RoleInfo (RoleInfo.java:shutdownLeaderElection(130)) - 81d78f49-5211-4a7a-996b-69bb86adfbbb: shutdown 81d78f49-5211-4a7a-996b-69bb86adfbbb@group-64A6ECF3BFAF-LeaderElection70
2024-02-09 18:35:43,910 [81d78f49-5211-4a7a-996b-69bb86adfbbb@group-64A6ECF3BFAF-LeaderElection70] INFO  server.RaftServer$Division (RaftServerImpl.java:setRole(383)) - 81d78f49-5211-4a7a-996b-69bb86adfbbb@group-64A6ECF3BFAF: changes role from CANDIDATE to LEADER at term 1 for changeToLeader
2024-02-09 18:35:43,910 [81d78f49-5211-4a7a-996b-69bb86adfbbb@group-64A6ECF3BFAF-LeaderElection70] INFO  server.RaftServerConfigKeys (ConfUtils.java:logGet(46)) - raft.server.staging.catchup.gap = 1000 (default)
2024-02-09 18:35:43,910 [EventQueue-OpenPipelineForHealthyPipelineSafeModeRule] WARN  balancer.ContainerBalancer (ContainerBalancer.java:shouldRun(134)) - Could not find persisted configuration for ContainerBalancer when checking if ContainerBalancer should run. ContainerBalancer should not run now.
2024-02-09 18:35:43,910 [81d78f49-5211-4a7a-996b-69bb86adfbbb@group-64A6ECF3BFAF-LeaderElection70] INFO  server.RaftServerConfigKeys (ConfUtils.java:logGet(46)) - raft.server.write.element-limit = 1024 (custom)
2024-02-09 18:35:43,910 [81d78f49-5211-4a7a-996b-69bb86adfbbb@group-64A6ECF3BFAF-LeaderElection70] INFO  server.RaftServerConfigKeys (ConfUtils.java:logGet(46)) - raft.server.write.byte-limit = 1024 M (=1073741824) (custom)
2024-02-09 18:35:43,909 [81d78f49-5211-4a7a-996b-69bb86adfbbb@group-138E0DE0C554-LeaderElection69] INFO  server.RaftServer$Division (ServerState.java:setRaftConf(386)) - 81d78f49-5211-4a7a-996b-69bb86adfbbb@group-138E0DE0C554: set configuration 0: peers:[cf8377d2-89dc-40fa-8f92-08f9232c90c8|10.1.0.43:15370, 81d78f49-5211-4a7a-996b-69bb86adfbbb|10.1.0.43:15388, 7b2d406f-67a0-48ec-b7b7-fdf942b3fd04|10.1.0.43:15379]|listeners:[], old=null
2024-02-09 18:35:43,911 [81d78f49-5211-4a7a-996b-69bb86adfbbb@group-64A6ECF3BFAF-LeaderElection70] INFO  server.RaftServerConfigKeys (ConfUtils.java:logGet(46)) - raft.server.watch.timeout = 3000ms (custom)
2024-02-09 18:35:43,911 [81d78f49-5211-4a7a-996b-69bb86adfbbb@group-64A6ECF3BFAF-LeaderElection70] INFO  server.RaftServerConfigKeys (ConfUtils.java:logGet(46)) - raft.server.watch.timeout.denomination = 1s (default)
2024-02-09 18:35:43,911 [81d78f49-5211-4a7a-996b-69bb86adfbbb@group-64A6ECF3BFAF-LeaderElection70] INFO  server.RaftServerConfigKeys (ConfUtils.java:logGet(46)) - raft.server.watch.element-limit = 65536 (default)
2024-02-09 18:35:43,911 [81d78f49-5211-4a7a-996b-69bb86adfbbb@group-64A6ECF3BFAF-LeaderElection70] INFO  server.RaftServerConfigKeys (ConfUtils.java:logGet(46)) - raft.server.read.leader.lease.enabled = false (default)
2024-02-09 18:35:43,911 [81d78f49-5211-4a7a-996b-69bb86adfbbb@group-64A6ECF3BFAF-LeaderElection70] INFO  server.RaftServerConfigKeys (ConfUtils.java:logGet(46)) - raft.server.read.leader.lease.timeout.ratio = 0.9 (default)
2024-02-09 18:35:43,911 [81d78f49-5211-4a7a-996b-69bb86adfbbb@group-64A6ECF3BFAF-LeaderElection70] INFO  server.RaftServerConfigKeys (ConfUtils.java:logGet(46)) - raft.server.rpc.timeout.min = 5s (custom)
2024-02-09 18:35:43,911 [81d78f49-5211-4a7a-996b-69bb86adfbbb@group-64A6ECF3BFAF-LeaderElection70] INFO  server.RaftServerConfigKeys (ConfUtils.java:logGet(46)) - raft.server.write.element-limit = 1024 (custom)
2024-02-09 18:35:43,911 [81d78f49-5211-4a7a-996b-69bb86adfbbb@group-64A6ECF3BFAF-LeaderElection70] INFO  server.RaftServerConfigKeys (ConfUtils.java:logGet(46)) - raft.server.write.follower.gap.ratio.max = -1.0 (default)
2024-02-09 18:35:43,911 [81d78f49-5211-4a7a-996b-69bb86adfbbb@group-64A6ECF3BFAF-LeaderElection70] INFO  impl.RoleInfo (RoleInfo.java:updateAndGet(139)) - 81d78f49-5211-4a7a-996b-69bb86adfbbb: start 81d78f49-5211-4a7a-996b-69bb86adfbbb@group-64A6ECF3BFAF-LeaderStateImpl
2024-02-09 18:35:43,911 [81d78f49-5211-4a7a-996b-69bb86adfbbb@group-64A6ECF3BFAF-LeaderElection70] INFO  server.RaftServer$Division (RaftServerImpl.java:setFirstElection(574)) - 81d78f49-5211-4a7a-996b-69bb86adfbbb@group-64A6ECF3BFAF: set firstElectionSinceStartup to false for becomeLeader
2024-02-09 18:35:43,911 [81d78f49-5211-4a7a-996b-69bb86adfbbb@group-64A6ECF3BFAF-LeaderElection70] INFO  ratis.XceiverServerRatis (XceiverServerRatis.java:handleLeaderChangedNotification(966)) - Leader change notification received for group: group-64A6ECF3BFAF with new leaderId: 81d78f49-5211-4a7a-996b-69bb86adfbbb
2024-02-09 18:35:43,912 [81d78f49-5211-4a7a-996b-69bb86adfbbb@group-64A6ECF3BFAF-LeaderElection70] INFO  server.RaftServer$Division (ServerState.java:setLeader(269)) - 81d78f49-5211-4a7a-996b-69bb86adfbbb@group-64A6ECF3BFAF: change Leader from null to 81d78f49-5211-4a7a-996b-69bb86adfbbb at term 1 for becomeLeader, leader elected after 5022ms
2024-02-09 18:35:43,912 [81d78f49-5211-4a7a-996b-69bb86adfbbb@group-64A6ECF3BFAF-LeaderElection70] INFO  segmented.SegmentedRaftLogWorker (SegmentedRaftLogWorker.java:startLogSegment(430)) - 81d78f49-5211-4a7a-996b-69bb86adfbbb@group-64A6ECF3BFAF-SegmentedRaftLogWorker: Starting segment from index:0
2024-02-09 18:35:43,913 [81d78f49-5211-4a7a-996b-69bb86adfbbb@group-64A6ECF3BFAF-SegmentedRaftLogWorker] INFO  segmented.BufferedWriteChannel (BufferedWriteChannel.java:open(62)) - open log_inprogress_0 at position 0
2024-02-09 18:35:43,918 [81d78f49-5211-4a7a-996b-69bb86adfbbb@group-64A6ECF3BFAF-LeaderElection70] INFO  server.RaftServer$Division (ServerState.java:setRaftConf(386)) - 81d78f49-5211-4a7a-996b-69bb86adfbbb@group-64A6ECF3BFAF: set configuration 0: peers:[81d78f49-5211-4a7a-996b-69bb86adfbbb|10.1.0.43:15388]|listeners:[], old=null
2024-02-09 18:35:43,918 [cf8377d2-89dc-40fa-8f92-08f9232c90c8-server-thread1] INFO  ratis.XceiverServerRatis (XceiverServerRatis.java:handleLeaderChangedNotification(966)) - Leader change notification received for group: group-138E0DE0C554 with new leaderId: 81d78f49-5211-4a7a-996b-69bb86adfbbb
2024-02-09 18:35:43,918 [7b2d406f-67a0-48ec-b7b7-fdf942b3fd04-server-thread1] INFO  ratis.XceiverServerRatis (XceiverServerRatis.java:handleLeaderChangedNotification(966)) - Leader change notification received for group: group-138E0DE0C554 with new leaderId: 81d78f49-5211-4a7a-996b-69bb86adfbbb
2024-02-09 18:35:43,918 [cf8377d2-89dc-40fa-8f92-08f9232c90c8-server-thread1] INFO  server.RaftServer$Division (ServerState.java:setLeader(269)) - cf8377d2-89dc-40fa-8f92-08f9232c90c8@group-138E0DE0C554: change Leader from null to 81d78f49-5211-4a7a-996b-69bb86adfbbb at term 1 for appendEntries, leader elected after 5190ms
2024-02-09 18:35:43,918 [7b2d406f-67a0-48ec-b7b7-fdf942b3fd04-server-thread1] INFO  server.RaftServer$Division (ServerState.java:setLeader(269)) - 7b2d406f-67a0-48ec-b7b7-fdf942b3fd04@group-138E0DE0C554: change Leader from null to 81d78f49-5211-4a7a-996b-69bb86adfbbb at term 1 for appendEntries, leader elected after 5170ms
2024-02-09 18:35:43,920 [81d78f49-5211-4a7a-996b-69bb86adfbbb@group-138E0DE0C554-SegmentedRaftLogWorker] INFO  segmented.SegmentedRaftLogWorker (SegmentedRaftLogWorker.java:execute(634)) - 81d78f49-5211-4a7a-996b-69bb86adfbbb@group-138E0DE0C554-SegmentedRaftLogWorker: created new log segment /home/runner/work/ozone/ozone/hadoop-ozone/integration-test/target/test-dir/MiniOzoneClusterImpl-10a7684d-3d33-49d2-80ef-f5f5272a1eb0/datanode-2/data/ratis/b1a77248-3b90-49fe-ace1-138e0de0c554/current/log_inprogress_0
2024-02-09 18:35:43,921 [81d78f49-5211-4a7a-996b-69bb86adfbbb@group-64A6ECF3BFAF-SegmentedRaftLogWorker] INFO  segmented.SegmentedRaftLogWorker (SegmentedRaftLogWorker.java:execute(634)) - 81d78f49-5211-4a7a-996b-69bb86adfbbb@group-64A6ECF3BFAF-SegmentedRaftLogWorker: created new log segment /home/runner/work/ozone/ozone/hadoop-ozone/integration-test/target/test-dir/MiniOzoneClusterImpl-10a7684d-3d33-49d2-80ef-f5f5272a1eb0/datanode-2/data/ratis/7ec916ed-2fa6-47c2-8a8a-64a6ecf3bfaf/current/log_inprogress_0
2024-02-09 18:35:43,921 [cf8377d2-89dc-40fa-8f92-08f9232c90c8-server-thread3] INFO  server.RaftServer$Division (ServerState.java:setRaftConf(386)) - cf8377d2-89dc-40fa-8f92-08f9232c90c8@group-138E0DE0C554: set configuration 0: peers:[cf8377d2-89dc-40fa-8f92-08f9232c90c8|10.1.0.43:15370, 81d78f49-5211-4a7a-996b-69bb86adfbbb|10.1.0.43:15388, 7b2d406f-67a0-48ec-b7b7-fdf942b3fd04|10.1.0.43:15379]|listeners:[], old=null
2024-02-09 18:35:43,921 [cf8377d2-89dc-40fa-8f92-08f9232c90c8-server-thread3] INFO  segmented.SegmentedRaftLogWorker (SegmentedRaftLogWorker.java:startLogSegment(430)) - cf8377d2-89dc-40fa-8f92-08f9232c90c8@group-138E0DE0C554-SegmentedRaftLogWorker: Starting segment from index:0
2024-02-09 18:35:43,922 [7b2d406f-67a0-48ec-b7b7-fdf942b3fd04-server-thread1] INFO  server.RaftServer$Division (ServerState.java:setRaftConf(386)) - 7b2d406f-67a0-48ec-b7b7-fdf942b3fd04@group-138E0DE0C554: set configuration 0: peers:[cf8377d2-89dc-40fa-8f92-08f9232c90c8|10.1.0.43:15370, 81d78f49-5211-4a7a-996b-69bb86adfbbb|10.1.0.43:15388, 7b2d406f-67a0-48ec-b7b7-fdf942b3fd04|10.1.0.43:15379]|listeners:[], old=null
2024-02-09 18:35:43,922 [7b2d406f-67a0-48ec-b7b7-fdf942b3fd04-server-thread1] INFO  segmented.SegmentedRaftLogWorker (SegmentedRaftLogWorker.java:startLogSegment(430)) - 7b2d406f-67a0-48ec-b7b7-fdf942b3fd04@group-138E0DE0C554-SegmentedRaftLogWorker: Starting segment from index:0
2024-02-09 18:35:43,923 [81d78f49-5211-4a7a-996b-69bb86adfbbb@group-64A6ECF3BFAF-StateMachineUpdater] INFO  server.RaftServer$Division (LeaderStateImpl.java:isApplied(320)) - leader is ready since appliedIndex == 0 >= startIndex == 0
2024-02-09 18:35:43,923 [7b2d406f-67a0-48ec-b7b7-fdf942b3fd04@group-138E0DE0C554-SegmentedRaftLogWorker] INFO  segmented.BufferedWriteChannel (BufferedWriteChannel.java:open(62)) - open log_inprogress_0 at position 0
2024-02-09 18:35:43,924 [cf8377d2-89dc-40fa-8f92-08f9232c90c8@group-2A85AFBFB806-FollowerState] INFO  impl.FollowerState (FollowerState.java:run(143)) - cf8377d2-89dc-40fa-8f92-08f9232c90c8@group-2A85AFBFB806-FollowerState: change to CANDIDATE, lastRpcElapsedTime:5199490123ns, electionTimeout:5199ms
2024-02-09 18:35:43,924 [cf8377d2-89dc-40fa-8f92-08f9232c90c8@group-2A85AFBFB806-FollowerState] INFO  impl.RoleInfo (RoleInfo.java:shutdownFollowerState(110)) - cf8377d2-89dc-40fa-8f92-08f9232c90c8: shutdown cf8377d2-89dc-40fa-8f92-08f9232c90c8@group-2A85AFBFB806-FollowerState
2024-02-09 18:35:43,924 [cf8377d2-89dc-40fa-8f92-08f9232c90c8@group-2A85AFBFB806-FollowerState] INFO  server.RaftServer$Division (RaftServerImpl.java:setRole(383)) - cf8377d2-89dc-40fa-8f92-08f9232c90c8@group-2A85AFBFB806: changes role from  FOLLOWER to CANDIDATE at term 0 for changeToCandidate
2024-02-09 18:35:43,924 [cf8377d2-89dc-40fa-8f92-08f9232c90c8@group-2A85AFBFB806-FollowerState] INFO  server.RaftServerConfigKeys (ConfUtils.java:logGet(46)) - raft.server.leaderelection.pre-vote = true (default)
2024-02-09 18:35:43,924 [cf8377d2-89dc-40fa-8f92-08f9232c90c8@group-2A85AFBFB806-FollowerState] INFO  impl.RoleInfo (RoleInfo.java:updateAndGet(139)) - cf8377d2-89dc-40fa-8f92-08f9232c90c8: start cf8377d2-89dc-40fa-8f92-08f9232c90c8@group-2A85AFBFB806-LeaderElection71
2024-02-09 18:35:43,926 [cf8377d2-89dc-40fa-8f92-08f9232c90c8@group-138E0DE0C554-SegmentedRaftLogWorker] INFO  segmented.BufferedWriteChannel (BufferedWriteChannel.java:open(62)) - open log_inprogress_0 at position 0
2024-02-09 18:35:43,927 [cf8377d2-89dc-40fa-8f92-08f9232c90c8@group-2A85AFBFB806-LeaderElection71] INFO  impl.LeaderElection (LeaderElection.java:askForVotes(321)) - cf8377d2-89dc-40fa-8f92-08f9232c90c8@group-2A85AFBFB806-LeaderElection71 PRE_VOTE round 0: submit vote requests at term 0 for -1: peers:[cf8377d2-89dc-40fa-8f92-08f9232c90c8|10.1.0.43:15370]|listeners:[], old=null
2024-02-09 18:35:43,928 [cf8377d2-89dc-40fa-8f92-08f9232c90c8@group-2A85AFBFB806-LeaderElection71] INFO  impl.LeaderElection (LeaderElection.java:askForVotes(323)) - cf8377d2-89dc-40fa-8f92-08f9232c90c8@group-2A85AFBFB806-LeaderElection71 PRE_VOTE round 0: result PASSED (term=0)
2024-02-09 18:35:43,934 [7b2d406f-67a0-48ec-b7b7-fdf942b3fd04@group-138E0DE0C554-SegmentedRaftLogWorker] INFO  segmented.SegmentedRaftLogWorker (SegmentedRaftLogWorker.java:execute(634)) - 7b2d406f-67a0-48ec-b7b7-fdf942b3fd04@group-138E0DE0C554-SegmentedRaftLogWorker: created new log segment /home/runner/work/ozone/ozone/hadoop-ozone/integration-test/target/test-dir/MiniOzoneClusterImpl-10a7684d-3d33-49d2-80ef-f5f5272a1eb0/datanode-1/data/ratis/b1a77248-3b90-49fe-ace1-138e0de0c554/current/log_inprogress_0
2024-02-09 18:35:43,934 [cf8377d2-89dc-40fa-8f92-08f9232c90c8@group-2A85AFBFB806-LeaderElection71] INFO  impl.LeaderElection (LeaderElection.java:askForVotes(321)) - cf8377d2-89dc-40fa-8f92-08f9232c90c8@group-2A85AFBFB806-LeaderElection71 ELECTION round 0: submit vote requests at term 1 for -1: peers:[cf8377d2-89dc-40fa-8f92-08f9232c90c8|10.1.0.43:15370]|listeners:[], old=null
2024-02-09 18:35:43,934 [cf8377d2-89dc-40fa-8f92-08f9232c90c8@group-2A85AFBFB806-LeaderElection71] INFO  impl.LeaderElection (LeaderElection.java:askForVotes(323)) - cf8377d2-89dc-40fa-8f92-08f9232c90c8@group-2A85AFBFB806-LeaderElection71 ELECTION round 0: result PASSED (term=1)
2024-02-09 18:35:43,934 [cf8377d2-89dc-40fa-8f92-08f9232c90c8@group-2A85AFBFB806-LeaderElection71] INFO  impl.RoleInfo (RoleInfo.java:shutdownLeaderElection(130)) - cf8377d2-89dc-40fa-8f92-08f9232c90c8: shutdown cf8377d2-89dc-40fa-8f92-08f9232c90c8@group-2A85AFBFB806-LeaderElection71
2024-02-09 18:35:43,934 [cf8377d2-89dc-40fa-8f92-08f9232c90c8@group-2A85AFBFB806-LeaderElection71] INFO  server.RaftServer$Division (RaftServerImpl.java:setRole(383)) - cf8377d2-89dc-40fa-8f92-08f9232c90c8@group-2A85AFBFB806: changes role from CANDIDATE to LEADER at term 1 for changeToLeader
2024-02-09 18:35:43,934 [cf8377d2-89dc-40fa-8f92-08f9232c90c8@group-2A85AFBFB806-LeaderElection71] INFO  server.RaftServerConfigKeys (ConfUtils.java:logGet(46)) - raft.server.staging.catchup.gap = 1000 (default)
2024-02-09 18:35:43,935 [cf8377d2-89dc-40fa-8f92-08f9232c90c8@group-2A85AFBFB806-LeaderElection71] INFO  server.RaftServerConfigKeys (ConfUtils.java:logGet(46)) - raft.server.write.element-limit = 1024 (custom)
2024-02-09 18:35:43,935 [cf8377d2-89dc-40fa-8f92-08f9232c90c8@group-138E0DE0C554-SegmentedRaftLogWorker] INFO  segmented.SegmentedRaftLogWorker (SegmentedRaftLogWorker.java:execute(634)) - cf8377d2-89dc-40fa-8f92-08f9232c90c8@group-138E0DE0C554-SegmentedRaftLogWorker: created new log segment /home/runner/work/ozone/ozone/hadoop-ozone/integration-test/target/test-dir/MiniOzoneClusterImpl-10a7684d-3d33-49d2-80ef-f5f5272a1eb0/datanode-0/data/ratis/b1a77248-3b90-49fe-ace1-138e0de0c554/current/log_inprogress_0
2024-02-09 18:35:43,935 [cf8377d2-89dc-40fa-8f92-08f9232c90c8@group-2A85AFBFB806-LeaderElection71] INFO  server.RaftServerConfigKeys (ConfUtils.java:logGet(46)) - raft.server.write.byte-limit = 1024 M (=1073741824) (custom)
2024-02-09 18:35:43,935 [cf8377d2-89dc-40fa-8f92-08f9232c90c8@group-2A85AFBFB806-LeaderElection71] INFO  server.RaftServerConfigKeys (ConfUtils.java:logGet(46)) - raft.server.watch.timeout = 3000ms (custom)
2024-02-09 18:35:43,935 [cf8377d2-89dc-40fa-8f92-08f9232c90c8@group-2A85AFBFB806-LeaderElection71] INFO  server.RaftServerConfigKeys (ConfUtils.java:logGet(46)) - raft.server.watch.timeout.denomination = 1s (default)
2024-02-09 18:35:43,935 [cf8377d2-89dc-40fa-8f92-08f9232c90c8@group-2A85AFBFB806-LeaderElection71] INFO  server.RaftServerConfigKeys (ConfUtils.java:logGet(46)) - raft.server.watch.element-limit = 65536 (default)
2024-02-09 18:35:43,936 [cf8377d2-89dc-40fa-8f92-08f9232c90c8@group-2A85AFBFB806-LeaderElection71] INFO  server.RaftServerConfigKeys (ConfUtils.java:logGet(46)) - raft.server.read.leader.lease.enabled = false (default)
2024-02-09 18:35:43,936 [cf8377d2-89dc-40fa-8f92-08f9232c90c8@group-2A85AFBFB806-LeaderElection71] INFO  server.RaftServerConfigKeys (ConfUtils.java:logGet(46)) - raft.server.read.leader.lease.timeout.ratio = 0.9 (default)
2024-02-09 18:35:43,936 [cf8377d2-89dc-40fa-8f92-08f9232c90c8@group-2A85AFBFB806-LeaderElection71] INFO  server.RaftServerConfigKeys (ConfUtils.java:logGet(46)) - raft.server.rpc.timeout.min = 5s (custom)
2024-02-09 18:35:43,936 [cf8377d2-89dc-40fa-8f92-08f9232c90c8@group-2A85AFBFB806-LeaderElection71] INFO  server.RaftServerConfigKeys (ConfUtils.java:logGet(46)) - raft.server.write.element-limit = 1024 (custom)
2024-02-09 18:35:43,936 [cf8377d2-89dc-40fa-8f92-08f9232c90c8@group-2A85AFBFB806-LeaderElection71] INFO  server.RaftServerConfigKeys (ConfUtils.java:logGet(46)) - raft.server.write.follower.gap.ratio.max = -1.0 (default)
2024-02-09 18:35:43,936 [cf8377d2-89dc-40fa-8f92-08f9232c90c8@group-2A85AFBFB806-LeaderElection71] INFO  impl.RoleInfo (RoleInfo.java:updateAndGet(139)) - cf8377d2-89dc-40fa-8f92-08f9232c90c8: start cf8377d2-89dc-40fa-8f92-08f9232c90c8@group-2A85AFBFB806-LeaderStateImpl
2024-02-09 18:35:43,936 [81d78f49-5211-4a7a-996b-69bb86adfbbb@group-138E0DE0C554-StateMachineUpdater] INFO  server.RaftServer$Division (LeaderStateImpl.java:isApplied(320)) - leader is ready since appliedIndex == 0 >= startIndex == 0
2024-02-09 18:35:43,936 [cf8377d2-89dc-40fa-8f92-08f9232c90c8@group-2A85AFBFB806-LeaderElection71] INFO  server.RaftServer$Division (RaftServerImpl.java:setFirstElection(574)) - cf8377d2-89dc-40fa-8f92-08f9232c90c8@group-2A85AFBFB806: set firstElectionSinceStartup to false for becomeLeader
2024-02-09 18:35:43,936 [cf8377d2-89dc-40fa-8f92-08f9232c90c8@group-2A85AFBFB806-LeaderElection71] INFO  ratis.XceiverServerRatis (XceiverServerRatis.java:handleLeaderChangedNotification(966)) - Leader change notification received for group: group-2A85AFBFB806 with new leaderId: cf8377d2-89dc-40fa-8f92-08f9232c90c8
2024-02-09 18:35:43,937 [cf8377d2-89dc-40fa-8f92-08f9232c90c8@group-2A85AFBFB806-LeaderElection71] INFO  server.RaftServer$Division (ServerState.java:setLeader(269)) - cf8377d2-89dc-40fa-8f92-08f9232c90c8@group-2A85AFBFB806: change Leader from null to cf8377d2-89dc-40fa-8f92-08f9232c90c8 at term 1 for becomeLeader, leader elected after 5222ms
2024-02-09 18:35:43,937 [cf8377d2-89dc-40fa-8f92-08f9232c90c8@group-2A85AFBFB806-LeaderElection71] INFO  segmented.SegmentedRaftLogWorker (SegmentedRaftLogWorker.java:startLogSegment(430)) - cf8377d2-89dc-40fa-8f92-08f9232c90c8@group-2A85AFBFB806-SegmentedRaftLogWorker: Starting segment from index:0
2024-02-09 18:35:43,937 [cf8377d2-89dc-40fa-8f92-08f9232c90c8@group-2A85AFBFB806-SegmentedRaftLogWorker] INFO  segmented.BufferedWriteChannel (BufferedWriteChannel.java:open(62)) - open log_inprogress_0 at position 0
2024-02-09 18:35:43,939 [cf8377d2-89dc-40fa-8f92-08f9232c90c8@group-2A85AFBFB806-LeaderElection71] INFO  server.RaftServer$Division (ServerState.java:setRaftConf(386)) - cf8377d2-89dc-40fa-8f92-08f9232c90c8@group-2A85AFBFB806: set configuration 0: peers:[cf8377d2-89dc-40fa-8f92-08f9232c90c8|10.1.0.43:15370]|listeners:[], old=null
2024-02-09 18:35:43,944 [cf8377d2-89dc-40fa-8f92-08f9232c90c8@group-2A85AFBFB806-SegmentedRaftLogWorker] INFO  segmented.SegmentedRaftLogWorker (SegmentedRaftLogWorker.java:execute(634)) - cf8377d2-89dc-40fa-8f92-08f9232c90c8@group-2A85AFBFB806-SegmentedRaftLogWorker: created new log segment /home/runner/work/ozone/ozone/hadoop-ozone/integration-test/target/test-dir/MiniOzoneClusterImpl-10a7684d-3d33-49d2-80ef-f5f5272a1eb0/datanode-0/data/ratis/b8d98cbf-4520-496b-a0e1-2a85afbfb806/current/log_inprogress_0
2024-02-09 18:35:43,945 [cf8377d2-89dc-40fa-8f92-08f9232c90c8@group-2A85AFBFB806-StateMachineUpdater] INFO  server.RaftServer$Division (LeaderStateImpl.java:isApplied(320)) - leader is ready since appliedIndex == 0 >= startIndex == 0
2024-02-09 18:35:44,004 [7b2d406f-67a0-48ec-b7b7-fdf942b3fd04@group-C65DC1EE0095-FollowerState] INFO  impl.FollowerState (FollowerState.java:run(143)) - 7b2d406f-67a0-48ec-b7b7-fdf942b3fd04@group-C65DC1EE0095-FollowerState: change to CANDIDATE, lastRpcElapsedTime:5194316550ns, electionTimeout:5194ms
2024-02-09 18:35:44,004 [7b2d406f-67a0-48ec-b7b7-fdf942b3fd04@group-C65DC1EE0095-FollowerState] INFO  impl.RoleInfo (RoleInfo.java:shutdownFollowerState(110)) - 7b2d406f-67a0-48ec-b7b7-fdf942b3fd04: shutdown 7b2d406f-67a0-48ec-b7b7-fdf942b3fd04@group-C65DC1EE0095-FollowerState
2024-02-09 18:35:44,004 [7b2d406f-67a0-48ec-b7b7-fdf942b3fd04@group-C65DC1EE0095-FollowerState] INFO  server.RaftServer$Division (RaftServerImpl.java:setRole(383)) - 7b2d406f-67a0-48ec-b7b7-fdf942b3fd04@group-C65DC1EE0095: changes role from  FOLLOWER to CANDIDATE at term 0 for changeToCandidate
2024-02-09 18:35:44,004 [7b2d406f-67a0-48ec-b7b7-fdf942b3fd04@group-C65DC1EE0095-FollowerState] INFO  server.RaftServerConfigKeys (ConfUtils.java:logGet(46)) - raft.server.leaderelection.pre-vote = true (default)
2024-02-09 18:35:44,004 [7b2d406f-67a0-48ec-b7b7-fdf942b3fd04@group-C65DC1EE0095-FollowerState] INFO  impl.RoleInfo (RoleInfo.java:updateAndGet(139)) - 7b2d406f-67a0-48ec-b7b7-fdf942b3fd04: start 7b2d406f-67a0-48ec-b7b7-fdf942b3fd04@group-C65DC1EE0095-LeaderElection72
2024-02-09 18:35:44,005 [7b2d406f-67a0-48ec-b7b7-fdf942b3fd04@group-C65DC1EE0095-LeaderElection72] INFO  impl.LeaderElection (LeaderElection.java:askForVotes(321)) - 7b2d406f-67a0-48ec-b7b7-fdf942b3fd04@group-C65DC1EE0095-LeaderElection72 PRE_VOTE round 0: submit vote requests at term 0 for -1: peers:[7b2d406f-67a0-48ec-b7b7-fdf942b3fd04|10.1.0.43:15379]|listeners:[], old=null
2024-02-09 18:35:44,005 [7b2d406f-67a0-48ec-b7b7-fdf942b3fd04@group-C65DC1EE0095-LeaderElection72] INFO  impl.LeaderElection (LeaderElection.java:askForVotes(323)) - 7b2d406f-67a0-48ec-b7b7-fdf942b3fd04@group-C65DC1EE0095-LeaderElection72 PRE_VOTE round 0: result PASSED (term=0)
2024-02-09 18:35:44,006 [7b2d406f-67a0-48ec-b7b7-fdf942b3fd04@group-C65DC1EE0095-LeaderElection72] INFO  impl.LeaderElection (LeaderElection.java:askForVotes(321)) - 7b2d406f-67a0-48ec-b7b7-fdf942b3fd04@group-C65DC1EE0095-LeaderElection72 ELECTION round 0: submit vote requests at term 1 for -1: peers:[7b2d406f-67a0-48ec-b7b7-fdf942b3fd04|10.1.0.43:15379]|listeners:[], old=null
2024-02-09 18:35:44,006 [7b2d406f-67a0-48ec-b7b7-fdf942b3fd04@group-C65DC1EE0095-LeaderElection72] INFO  impl.LeaderElection (LeaderElection.java:askForVotes(323)) - 7b2d406f-67a0-48ec-b7b7-fdf942b3fd04@group-C65DC1EE0095-LeaderElection72 ELECTION round 0: result PASSED (term=1)
2024-02-09 18:35:44,006 [7b2d406f-67a0-48ec-b7b7-fdf942b3fd04@group-C65DC1EE0095-LeaderElection72] INFO  impl.RoleInfo (RoleInfo.java:shutdownLeaderElection(130)) - 7b2d406f-67a0-48ec-b7b7-fdf942b3fd04: shutdown 7b2d406f-67a0-48ec-b7b7-fdf942b3fd04@group-C65DC1EE0095-LeaderElection72
2024-02-09 18:35:44,006 [7b2d406f-67a0-48ec-b7b7-fdf942b3fd04@group-C65DC1EE0095-LeaderElection72] INFO  server.RaftServer$Division (RaftServerImpl.java:setRole(383)) - 7b2d406f-67a0-48ec-b7b7-fdf942b3fd04@group-C65DC1EE0095: changes role from CANDIDATE to LEADER at term 1 for changeToLeader
2024-02-09 18:35:44,006 [7b2d406f-67a0-48ec-b7b7-fdf942b3fd04@group-C65DC1EE0095-LeaderElection72] INFO  server.RaftServerConfigKeys (ConfUtils.java:logGet(46)) - raft.server.staging.catchup.gap = 1000 (default)
2024-02-09 18:35:44,006 [7b2d406f-67a0-48ec-b7b7-fdf942b3fd04@group-C65DC1EE0095-LeaderElection72] INFO  server.RaftServerConfigKeys (ConfUtils.java:logGet(46)) - raft.server.write.element-limit = 1024 (custom)
2024-02-09 18:35:44,006 [7b2d406f-67a0-48ec-b7b7-fdf942b3fd04@group-C65DC1EE0095-LeaderElection72] INFO  server.RaftServerConfigKeys (ConfUtils.java:logGet(46)) - raft.server.write.byte-limit = 1024 M (=1073741824) (custom)
2024-02-09 18:35:44,006 [7b2d406f-67a0-48ec-b7b7-fdf942b3fd04@group-C65DC1EE0095-LeaderElection72] INFO  server.RaftServerConfigKeys (ConfUtils.java:logGet(46)) - raft.server.watch.timeout = 3000ms (custom)
2024-02-09 18:35:44,006 [7b2d406f-67a0-48ec-b7b7-fdf942b3fd04@group-C65DC1EE0095-LeaderElection72] INFO  server.RaftServerConfigKeys (ConfUtils.java:logGet(46)) - raft.server.watch.timeout.denomination = 1s (default)
2024-02-09 18:35:44,007 [7b2d406f-67a0-48ec-b7b7-fdf942b3fd04@group-C65DC1EE0095-LeaderElection72] INFO  server.RaftServerConfigKeys (ConfUtils.java:logGet(46)) - raft.server.watch.element-limit = 65536 (default)
2024-02-09 18:35:44,007 [7b2d406f-67a0-48ec-b7b7-fdf942b3fd04@group-C65DC1EE0095-LeaderElection72] INFO  server.RaftServerConfigKeys (ConfUtils.java:logGet(46)) - raft.server.read.leader.lease.enabled = false (default)
2024-02-09 18:35:44,007 [7b2d406f-67a0-48ec-b7b7-fdf942b3fd04@group-C65DC1EE0095-LeaderElection72] INFO  server.RaftServerConfigKeys (ConfUtils.java:logGet(46)) - raft.server.read.leader.lease.timeout.ratio = 0.9 (default)
2024-02-09 18:35:44,007 [7b2d406f-67a0-48ec-b7b7-fdf942b3fd04@group-C65DC1EE0095-LeaderElection72] INFO  server.RaftServerConfigKeys (ConfUtils.java:logGet(46)) - raft.server.rpc.timeout.min = 5s (custom)
2024-02-09 18:35:44,007 [7b2d406f-67a0-48ec-b7b7-fdf942b3fd04@group-C65DC1EE0095-LeaderElection72] INFO  server.RaftServerConfigKeys (ConfUtils.java:logGet(46)) - raft.server.write.element-limit = 1024 (custom)
2024-02-09 18:35:44,007 [7b2d406f-67a0-48ec-b7b7-fdf942b3fd04@group-C65DC1EE0095-LeaderElection72] INFO  server.RaftServerConfigKeys (ConfUtils.java:logGet(46)) - raft.server.write.follower.gap.ratio.max = -1.0 (default)
2024-02-09 18:35:44,007 [7b2d406f-67a0-48ec-b7b7-fdf942b3fd04@group-C65DC1EE0095-LeaderElection72] INFO  impl.RoleInfo (RoleInfo.java:updateAndGet(139)) - 7b2d406f-67a0-48ec-b7b7-fdf942b3fd04: start 7b2d406f-67a0-48ec-b7b7-fdf942b3fd04@group-C65DC1EE0095-LeaderStateImpl
2024-02-09 18:35:44,007 [7b2d406f-67a0-48ec-b7b7-fdf942b3fd04@group-C65DC1EE0095-LeaderElection72] INFO  server.RaftServer$Division (RaftServerImpl.java:setFirstElection(574)) - 7b2d406f-67a0-48ec-b7b7-fdf942b3fd04@group-C65DC1EE0095: set firstElectionSinceStartup to false for becomeLeader
2024-02-09 18:35:44,007 [7b2d406f-67a0-48ec-b7b7-fdf942b3fd04@group-C65DC1EE0095-LeaderElection72] INFO  ratis.XceiverServerRatis (XceiverServerRatis.java:handleLeaderChangedNotification(966)) - Leader change notification received for group: group-C65DC1EE0095 with new leaderId: 7b2d406f-67a0-48ec-b7b7-fdf942b3fd04
2024-02-09 18:35:44,007 [7b2d406f-67a0-48ec-b7b7-fdf942b3fd04@group-C65DC1EE0095-LeaderElection72] INFO  server.RaftServer$Division (ServerState.java:setLeader(269)) - 7b2d406f-67a0-48ec-b7b7-fdf942b3fd04@group-C65DC1EE0095: change Leader from null to 7b2d406f-67a0-48ec-b7b7-fdf942b3fd04 at term 1 for becomeLeader, leader elected after 5206ms
2024-02-09 18:35:44,007 [7b2d406f-67a0-48ec-b7b7-fdf942b3fd04@group-C65DC1EE0095-LeaderElection72] INFO  segmented.SegmentedRaftLogWorker (SegmentedRaftLogWorker.java:startLogSegment(430)) - 7b2d406f-67a0-48ec-b7b7-fdf942b3fd04@group-C65DC1EE0095-SegmentedRaftLogWorker: Starting segment from index:0
2024-02-09 18:35:44,007 [7b2d406f-67a0-48ec-b7b7-fdf942b3fd04@group-C65DC1EE0095-SegmentedRaftLogWorker] INFO  segmented.BufferedWriteChannel (BufferedWriteChannel.java:open(62)) - open log_inprogress_0 at position 0
2024-02-09 18:35:44,010 [7b2d406f-67a0-48ec-b7b7-fdf942b3fd04@group-C65DC1EE0095-LeaderElection72] INFO  server.RaftServer$Division (ServerState.java:setRaftConf(386)) - 7b2d406f-67a0-48ec-b7b7-fdf942b3fd04@group-C65DC1EE0095: set configuration 0: peers:[7b2d406f-67a0-48ec-b7b7-fdf942b3fd04|10.1.0.43:15379]|listeners:[], old=null
2024-02-09 18:35:44,013 [7b2d406f-67a0-48ec-b7b7-fdf942b3fd04@group-C65DC1EE0095-SegmentedRaftLogWorker] INFO  segmented.SegmentedRaftLogWorker (SegmentedRaftLogWorker.java:execute(634)) - 7b2d406f-67a0-48ec-b7b7-fdf942b3fd04@group-C65DC1EE0095-SegmentedRaftLogWorker: created new log segment /home/runner/work/ozone/ozone/hadoop-ozone/integration-test/target/test-dir/MiniOzoneClusterImpl-10a7684d-3d33-49d2-80ef-f5f5272a1eb0/datanode-1/data/ratis/2db728ee-99fd-4f15-a296-c65dc1ee0095/current/log_inprogress_0
2024-02-09 18:35:44,014 [7b2d406f-67a0-48ec-b7b7-fdf942b3fd04@group-C65DC1EE0095-StateMachineUpdater] INFO  server.RaftServer$Division (LeaderStateImpl.java:isApplied(320)) - leader is ready since appliedIndex == 0 >= startIndex == 0
2024-02-09 18:35:44,085 [81944a75-7880-48bb-a193-a5f914e328c0@group-1BE58298164A-FollowerState] INFO  impl.FollowerState (FollowerState.java:run(143)) - 81944a75-7880-48bb-a193-a5f914e328c0@group-1BE58298164A-FollowerState: change to CANDIDATE, lastRpcElapsedTime:5086510119ns, electionTimeout:5086ms
2024-02-09 18:35:44,086 [81944a75-7880-48bb-a193-a5f914e328c0@group-1BE58298164A-FollowerState] INFO  impl.RoleInfo (RoleInfo.java:shutdownFollowerState(110)) - 81944a75-7880-48bb-a193-a5f914e328c0: shutdown 81944a75-7880-48bb-a193-a5f914e328c0@group-1BE58298164A-FollowerState
2024-02-09 18:35:44,086 [81944a75-7880-48bb-a193-a5f914e328c0@group-1BE58298164A-FollowerState] INFO  server.RaftServer$Division (RaftServerImpl.java:setRole(383)) - 81944a75-7880-48bb-a193-a5f914e328c0@group-1BE58298164A: changes role from  FOLLOWER to CANDIDATE at term 0 for changeToCandidate
2024-02-09 18:35:44,086 [81944a75-7880-48bb-a193-a5f914e328c0@group-1BE58298164A-FollowerState] INFO  server.RaftServerConfigKeys (ConfUtils.java:logGet(46)) - raft.server.leaderelection.pre-vote = true (default)
2024-02-09 18:35:44,086 [81944a75-7880-48bb-a193-a5f914e328c0@group-1BE58298164A-FollowerState] INFO  impl.RoleInfo (RoleInfo.java:updateAndGet(139)) - 81944a75-7880-48bb-a193-a5f914e328c0: start 81944a75-7880-48bb-a193-a5f914e328c0@group-1BE58298164A-LeaderElection73
2024-02-09 18:35:44,086 [81944a75-7880-48bb-a193-a5f914e328c0@group-1BE58298164A-LeaderElection73] INFO  impl.LeaderElection (LeaderElection.java:askForVotes(321)) - 81944a75-7880-48bb-a193-a5f914e328c0@group-1BE58298164A-LeaderElection73 PRE_VOTE round 0: submit vote requests at term 0 for -1: peers:[81944a75-7880-48bb-a193-a5f914e328c0|10.1.0.43:15397, 063a7fb5-8d38-4cc1-bcc2-6ca7f0273dd7|10.1.0.43:15415, 02d298ee-5691-417b-b376-6494770463b9|10.1.0.43:15406]|listeners:[], old=null
2024-02-09 18:35:44,086 [81944a75-7880-48bb-a193-a5f914e328c0@group-1BE58298164A-LeaderElection73-1] INFO  server.GrpcServerProtocolClient (GrpcServerProtocolClient.java:<init>(65)) - Build channel for 063a7fb5-8d38-4cc1-bcc2-6ca7f0273dd7|10.1.0.43:15415
2024-02-09 18:35:44,086 [81944a75-7880-48bb-a193-a5f914e328c0@group-1BE58298164A-LeaderElection73] INFO  server.RaftServerConfigKeys (ConfUtils.java:logFallback(53)) - raft.server.rpc.first-election.timeout.min = 5s (fallback to raft.server.rpc.timeout.min)
2024-02-09 18:35:44,086 [81944a75-7880-48bb-a193-a5f914e328c0@group-1BE58298164A-LeaderElection73] INFO  server.RaftServerConfigKeys (ConfUtils.java:logFallback(53)) - raft.server.rpc.first-election.timeout.max = 5200ms (fallback to raft.server.rpc.timeout.max)
2024-02-09 18:35:44,087 [81944a75-7880-48bb-a193-a5f914e328c0@group-1BE58298164A-LeaderElection73-2] INFO  server.GrpcServerProtocolClient (GrpcServerProtocolClient.java:<init>(65)) - Build channel for 02d298ee-5691-417b-b376-6494770463b9|10.1.0.43:15406
2024-02-09 18:35:44,091 [grpc-default-executor-5] INFO  server.RaftServer$Division (RaftServerImpl.java:requestVote(1389)) - 02d298ee-5691-417b-b376-6494770463b9@group-1BE58298164A: receive requestVote(PRE_VOTE, 81944a75-7880-48bb-a193-a5f914e328c0, group-1BE58298164A, 0, (t:0, i:0))
2024-02-09 18:35:44,091 [grpc-default-executor-5] INFO  impl.VoteContext (VoteContext.java:log(49)) - 02d298ee-5691-417b-b376-6494770463b9@group-1BE58298164A-FOLLOWER: accept PRE_VOTE from 81944a75-7880-48bb-a193-a5f914e328c0: our priority 0 <= candidate's priority 1
2024-02-09 18:35:44,091 [grpc-default-executor-5] INFO  server.RaftServer$Division (RaftServerImpl.java:requestVote(1422)) - 02d298ee-5691-417b-b376-6494770463b9@group-1BE58298164A replies to PRE_VOTE vote request: 81944a75-7880-48bb-a193-a5f914e328c0<-02d298ee-5691-417b-b376-6494770463b9#0:OK-t0. Peer's state: 02d298ee-5691-417b-b376-6494770463b9@group-1BE58298164A:t0, leader=null, voted=, raftlog=Memoized:02d298ee-5691-417b-b376-6494770463b9@group-1BE58298164A-SegmentedRaftLog:OPENED:c-1, conf=-1: peers:[81944a75-7880-48bb-a193-a5f914e328c0|10.1.0.43:15397, 063a7fb5-8d38-4cc1-bcc2-6ca7f0273dd7|10.1.0.43:15415, 02d298ee-5691-417b-b376-6494770463b9|10.1.0.43:15406]|listeners:[], old=null
2024-02-09 18:35:44,092 [grpc-default-executor-7] INFO  server.RaftServer$Division (RaftServerImpl.java:requestVote(1389)) - 063a7fb5-8d38-4cc1-bcc2-6ca7f0273dd7@group-1BE58298164A: receive requestVote(PRE_VOTE, 81944a75-7880-48bb-a193-a5f914e328c0, group-1BE58298164A, 0, (t:0, i:0))
2024-02-09 18:35:44,092 [grpc-default-executor-7] INFO  impl.VoteContext (VoteContext.java:log(49)) - 063a7fb5-8d38-4cc1-bcc2-6ca7f0273dd7@group-1BE58298164A-FOLLOWER: accept PRE_VOTE from 81944a75-7880-48bb-a193-a5f914e328c0: our priority 0 <= candidate's priority 1
2024-02-09 18:35:44,092 [81944a75-7880-48bb-a193-a5f914e328c0@group-1BE58298164A-LeaderElection73] INFO  impl.LeaderElection (LeaderElection.java:logAndReturn(89)) - 81944a75-7880-48bb-a193-a5f914e328c0@group-1BE58298164A-LeaderElection73: PRE_VOTE PASSED received 1 response(s) and 0 exception(s):
2024-02-09 18:35:44,092 [81944a75-7880-48bb-a193-a5f914e328c0@group-1BE58298164A-LeaderElection73] INFO  impl.LeaderElection (LeaderElection.java:logAndReturn(93)) -   Response 0: 81944a75-7880-48bb-a193-a5f914e328c0<-02d298ee-5691-417b-b376-6494770463b9#0:OK-t0
2024-02-09 18:35:44,092 [grpc-default-executor-7] INFO  server.RaftServer$Division (RaftServerImpl.java:requestVote(1422)) - 063a7fb5-8d38-4cc1-bcc2-6ca7f0273dd7@group-1BE58298164A replies to PRE_VOTE vote request: 81944a75-7880-48bb-a193-a5f914e328c0<-063a7fb5-8d38-4cc1-bcc2-6ca7f0273dd7#0:OK-t0. Peer's state: 063a7fb5-8d38-4cc1-bcc2-6ca7f0273dd7@group-1BE58298164A:t0, leader=null, voted=, raftlog=Memoized:063a7fb5-8d38-4cc1-bcc2-6ca7f0273dd7@group-1BE58298164A-SegmentedRaftLog:OPENED:c-1, conf=-1: peers:[81944a75-7880-48bb-a193-a5f914e328c0|10.1.0.43:15397, 063a7fb5-8d38-4cc1-bcc2-6ca7f0273dd7|10.1.0.43:15415, 02d298ee-5691-417b-b376-6494770463b9|10.1.0.43:15406]|listeners:[], old=null
2024-02-09 18:35:44,092 [81944a75-7880-48bb-a193-a5f914e328c0@group-1BE58298164A-LeaderElection73] INFO  impl.LeaderElection (LeaderElection.java:askForVotes(323)) - 81944a75-7880-48bb-a193-a5f914e328c0@group-1BE58298164A-LeaderElection73 PRE_VOTE round 0: result PASSED
2024-02-09 18:35:44,094 [81944a75-7880-48bb-a193-a5f914e328c0@group-1BE58298164A-LeaderElection73] INFO  impl.LeaderElection (LeaderElection.java:askForVotes(321)) - 81944a75-7880-48bb-a193-a5f914e328c0@group-1BE58298164A-LeaderElection73 ELECTION round 0: submit vote requests at term 1 for -1: peers:[81944a75-7880-48bb-a193-a5f914e328c0|10.1.0.43:15397, 063a7fb5-8d38-4cc1-bcc2-6ca7f0273dd7|10.1.0.43:15415, 02d298ee-5691-417b-b376-6494770463b9|10.1.0.43:15406]|listeners:[], old=null
2024-02-09 18:35:44,094 [81944a75-7880-48bb-a193-a5f914e328c0@group-1BE58298164A-LeaderElection73] INFO  server.RaftServerConfigKeys (ConfUtils.java:logFallback(53)) - raft.server.rpc.first-election.timeout.min = 5s (fallback to raft.server.rpc.timeout.min)
2024-02-09 18:35:44,094 [81944a75-7880-48bb-a193-a5f914e328c0@group-1BE58298164A-LeaderElection73] INFO  server.RaftServerConfigKeys (ConfUtils.java:logFallback(53)) - raft.server.rpc.first-election.timeout.max = 5200ms (fallback to raft.server.rpc.timeout.max)
2024-02-09 18:35:44,095 [grpc-default-executor-5] INFO  server.RaftServer$Division (RaftServerImpl.java:requestVote(1389)) - 063a7fb5-8d38-4cc1-bcc2-6ca7f0273dd7@group-1BE58298164A: receive requestVote(ELECTION, 81944a75-7880-48bb-a193-a5f914e328c0, group-1BE58298164A, 1, (t:0, i:0))
2024-02-09 18:35:44,095 [grpc-default-executor-7] INFO  server.RaftServer$Division (RaftServerImpl.java:requestVote(1389)) - 02d298ee-5691-417b-b376-6494770463b9@group-1BE58298164A: receive requestVote(ELECTION, 81944a75-7880-48bb-a193-a5f914e328c0, group-1BE58298164A, 1, (t:0, i:0))
2024-02-09 18:35:44,095 [grpc-default-executor-5] INFO  impl.VoteContext (VoteContext.java:log(49)) - 063a7fb5-8d38-4cc1-bcc2-6ca7f0273dd7@group-1BE58298164A-FOLLOWER: accept ELECTION from 81944a75-7880-48bb-a193-a5f914e328c0: our priority 0 <= candidate's priority 1
2024-02-09 18:35:44,095 [grpc-default-executor-7] INFO  impl.VoteContext (VoteContext.java:log(49)) - 02d298ee-5691-417b-b376-6494770463b9@group-1BE58298164A-FOLLOWER: accept ELECTION from 81944a75-7880-48bb-a193-a5f914e328c0: our priority 0 <= candidate's priority 1
2024-02-09 18:35:44,095 [grpc-default-executor-5] INFO  server.RaftServer$Division (RaftServerImpl.java:setRole(383)) - 063a7fb5-8d38-4cc1-bcc2-6ca7f0273dd7@group-1BE58298164A: changes role from  FOLLOWER to FOLLOWER at term 1 for candidate:81944a75-7880-48bb-a193-a5f914e328c0
2024-02-09 18:35:44,095 [grpc-default-executor-5] INFO  impl.RoleInfo (RoleInfo.java:shutdownFollowerState(110)) - 063a7fb5-8d38-4cc1-bcc2-6ca7f0273dd7: shutdown 063a7fb5-8d38-4cc1-bcc2-6ca7f0273dd7@group-1BE58298164A-FollowerState
2024-02-09 18:35:44,095 [grpc-default-executor-5] INFO  impl.RoleInfo (RoleInfo.java:updateAndGet(139)) - 063a7fb5-8d38-4cc1-bcc2-6ca7f0273dd7: start 063a7fb5-8d38-4cc1-bcc2-6ca7f0273dd7@group-1BE58298164A-FollowerState
2024-02-09 18:35:44,095 [grpc-default-executor-5] INFO  server.RaftServer$Division (RaftServerImpl.java:setFirstElection(574)) - 063a7fb5-8d38-4cc1-bcc2-6ca7f0273dd7@group-1BE58298164A: set firstElectionSinceStartup to false for candidate:81944a75-7880-48bb-a193-a5f914e328c0
2024-02-09 18:35:44,095 [063a7fb5-8d38-4cc1-bcc2-6ca7f0273dd7@group-1BE58298164A-FollowerState] INFO  impl.FollowerState (FollowerState.java:run(152)) - 063a7fb5-8d38-4cc1-bcc2-6ca7f0273dd7@group-1BE58298164A-FollowerState was interrupted
2024-02-09 18:35:44,095 [grpc-default-executor-7] INFO  server.RaftServer$Division (RaftServerImpl.java:setRole(383)) - 02d298ee-5691-417b-b376-6494770463b9@group-1BE58298164A: changes role from  FOLLOWER to FOLLOWER at term 1 for candidate:81944a75-7880-48bb-a193-a5f914e328c0
2024-02-09 18:35:44,097 [grpc-default-executor-7] INFO  impl.RoleInfo (RoleInfo.java:shutdownFollowerState(110)) - 02d298ee-5691-417b-b376-6494770463b9: shutdown 02d298ee-5691-417b-b376-6494770463b9@group-1BE58298164A-FollowerState
2024-02-09 18:35:44,097 [grpc-default-executor-7] INFO  impl.RoleInfo (RoleInfo.java:updateAndGet(139)) - 02d298ee-5691-417b-b376-6494770463b9: start 02d298ee-5691-417b-b376-6494770463b9@group-1BE58298164A-FollowerState
2024-02-09 18:35:44,097 [02d298ee-5691-417b-b376-6494770463b9@group-1BE58298164A-FollowerState] INFO  impl.FollowerState (FollowerState.java:run(152)) - 02d298ee-5691-417b-b376-6494770463b9@group-1BE58298164A-FollowerState was interrupted
2024-02-09 18:35:44,097 [grpc-default-executor-7] INFO  server.RaftServer$Division (RaftServerImpl.java:setFirstElection(574)) - 02d298ee-5691-417b-b376-6494770463b9@group-1BE58298164A: set firstElectionSinceStartup to false for candidate:81944a75-7880-48bb-a193-a5f914e328c0
2024-02-09 18:35:44,098 [grpc-default-executor-5] INFO  server.RaftServer$Division (RaftServerImpl.java:requestVote(1422)) - 063a7fb5-8d38-4cc1-bcc2-6ca7f0273dd7@group-1BE58298164A replies to ELECTION vote request: 81944a75-7880-48bb-a193-a5f914e328c0<-063a7fb5-8d38-4cc1-bcc2-6ca7f0273dd7#0:OK-t1. Peer's state: 063a7fb5-8d38-4cc1-bcc2-6ca7f0273dd7@group-1BE58298164A:t1, leader=null, voted=81944a75-7880-48bb-a193-a5f914e328c0, raftlog=Memoized:063a7fb5-8d38-4cc1-bcc2-6ca7f0273dd7@group-1BE58298164A-SegmentedRaftLog:OPENED:c-1, conf=-1: peers:[81944a75-7880-48bb-a193-a5f914e328c0|10.1.0.43:15397, 063a7fb5-8d38-4cc1-bcc2-6ca7f0273dd7|10.1.0.43:15415, 02d298ee-5691-417b-b376-6494770463b9|10.1.0.43:15406]|listeners:[], old=null
2024-02-09 18:35:44,098 [81944a75-7880-48bb-a193-a5f914e328c0@group-1BE58298164A-LeaderElection73] INFO  impl.LeaderElection (LeaderElection.java:logAndReturn(89)) - 81944a75-7880-48bb-a193-a5f914e328c0@group-1BE58298164A-LeaderElection73: ELECTION PASSED received 1 response(s) and 0 exception(s):
2024-02-09 18:35:44,098 [81944a75-7880-48bb-a193-a5f914e328c0@group-1BE58298164A-LeaderElection73] INFO  impl.LeaderElection (LeaderElection.java:logAndReturn(93)) -   Response 0: 81944a75-7880-48bb-a193-a5f914e328c0<-063a7fb5-8d38-4cc1-bcc2-6ca7f0273dd7#0:OK-t1
2024-02-09 18:35:44,098 [81944a75-7880-48bb-a193-a5f914e328c0@group-1BE58298164A-LeaderElection73] INFO  impl.LeaderElection (LeaderElection.java:askForVotes(323)) - 81944a75-7880-48bb-a193-a5f914e328c0@group-1BE58298164A-LeaderElection73 ELECTION round 0: result PASSED
2024-02-09 18:35:44,098 [81944a75-7880-48bb-a193-a5f914e328c0@group-1BE58298164A-LeaderElection73] INFO  impl.RoleInfo (RoleInfo.java:shutdownLeaderElection(130)) - 81944a75-7880-48bb-a193-a5f914e328c0: shutdown 81944a75-7880-48bb-a193-a5f914e328c0@group-1BE58298164A-LeaderElection73
2024-02-09 18:35:44,099 [81944a75-7880-48bb-a193-a5f914e328c0@group-1BE58298164A-LeaderElection73] INFO  server.RaftServer$Division (RaftServerImpl.java:setRole(383)) - 81944a75-7880-48bb-a193-a5f914e328c0@group-1BE58298164A: changes role from CANDIDATE to LEADER at term 1 for changeToLeader
2024-02-09 18:35:44,099 [grpc-default-executor-7] INFO  server.RaftServer$Division (RaftServerImpl.java:requestVote(1422)) - 02d298ee-5691-417b-b376-6494770463b9@group-1BE58298164A replies to ELECTION vote request: 81944a75-7880-48bb-a193-a5f914e328c0<-02d298ee-5691-417b-b376-6494770463b9#0:OK-t1. Peer's state: 02d298ee-5691-417b-b376-6494770463b9@group-1BE58298164A:t1, leader=null, voted=81944a75-7880-48bb-a193-a5f914e328c0, raftlog=Memoized:02d298ee-5691-417b-b376-6494770463b9@group-1BE58298164A-SegmentedRaftLog:OPENED:c-1, conf=-1: peers:[81944a75-7880-48bb-a193-a5f914e328c0|10.1.0.43:15397, 063a7fb5-8d38-4cc1-bcc2-6ca7f0273dd7|10.1.0.43:15415, 02d298ee-5691-417b-b376-6494770463b9|10.1.0.43:15406]|listeners:[], old=null
2024-02-09 18:35:44,099 [81944a75-7880-48bb-a193-a5f914e328c0@group-1BE58298164A-LeaderElection73] INFO  server.RaftServerConfigKeys (ConfUtils.java:logGet(46)) - raft.server.staging.catchup.gap = 1000 (default)
2024-02-09 18:35:44,099 [81944a75-7880-48bb-a193-a5f914e328c0@group-1BE58298164A-LeaderElection73] INFO  server.RaftServerConfigKeys (ConfUtils.java:logGet(46)) - raft.server.write.element-limit = 1024 (custom)
2024-02-09 18:35:44,099 [81944a75-7880-48bb-a193-a5f914e328c0@group-1BE58298164A-LeaderElection73] INFO  server.RaftServerConfigKeys (ConfUtils.java:logGet(46)) - raft.server.write.byte-limit = 1024 M (=1073741824) (custom)
2024-02-09 18:35:44,099 [81944a75-7880-48bb-a193-a5f914e328c0@group-1BE58298164A-LeaderElection73] INFO  server.RaftServerConfigKeys (ConfUtils.java:logGet(46)) - raft.server.watch.timeout = 3000ms (custom)
2024-02-09 18:35:44,099 [81944a75-7880-48bb-a193-a5f914e328c0@group-1BE58298164A-LeaderElection73] INFO  server.RaftServerConfigKeys (ConfUtils.java:logGet(46)) - raft.server.watch.timeout.denomination = 1s (default)
2024-02-09 18:35:44,099 [81944a75-7880-48bb-a193-a5f914e328c0@group-1BE58298164A-LeaderElection73] INFO  server.RaftServerConfigKeys (ConfUtils.java:logGet(46)) - raft.server.watch.element-limit = 65536 (default)
2024-02-09 18:35:44,099 [81944a75-7880-48bb-a193-a5f914e328c0@group-1BE58298164A-LeaderElection73] INFO  server.RaftServerConfigKeys (ConfUtils.java:logGet(46)) - raft.server.read.leader.lease.enabled = false (default)
2024-02-09 18:35:44,099 [81944a75-7880-48bb-a193-a5f914e328c0@group-1BE58298164A-LeaderElection73] INFO  server.RaftServerConfigKeys (ConfUtils.java:logGet(46)) - raft.server.read.leader.lease.timeout.ratio = 0.9 (default)
2024-02-09 18:35:44,099 [81944a75-7880-48bb-a193-a5f914e328c0@group-1BE58298164A-LeaderElection73] INFO  server.RaftServerConfigKeys (ConfUtils.java:logGet(46)) - raft.server.rpc.timeout.min = 5s (custom)
2024-02-09 18:35:44,100 [81944a75-7880-48bb-a193-a5f914e328c0@group-1BE58298164A-LeaderElection73] INFO  server.RaftServerConfigKeys (ConfUtils.java:logGet(46)) - raft.server.write.element-limit = 1024 (custom)
2024-02-09 18:35:44,100 [81944a75-7880-48bb-a193-a5f914e328c0@group-1BE58298164A-LeaderElection73] INFO  server.RaftServerConfigKeys (ConfUtils.java:logGet(46)) - raft.server.write.follower.gap.ratio.max = -1.0 (default)
2024-02-09 18:35:44,100 [81944a75-7880-48bb-a193-a5f914e328c0@group-1BE58298164A-LeaderElection73] INFO  server.RaftServerConfigKeys (ConfUtils.java:logGet(46)) - raft.server.log.appender.snapshot.chunk.size.max = 16MB (=16777216) (default)
2024-02-09 18:35:44,100 [81944a75-7880-48bb-a193-a5f914e328c0@group-1BE58298164A-LeaderElection73] INFO  server.RaftServerConfigKeys (ConfUtils.java:logGet(46)) - raft.server.log.appender.buffer.byte-limit = 8388608 (custom)
2024-02-09 18:35:44,100 [81944a75-7880-48bb-a193-a5f914e328c0@group-1BE58298164A-LeaderElection73] INFO  server.RaftServerConfigKeys (ConfUtils.java:logGet(46)) - raft.server.log.appender.buffer.element-limit = 1 (custom)
2024-02-09 18:35:44,100 [81944a75-7880-48bb-a193-a5f914e328c0@group-1BE58298164A-LeaderElection73] INFO  server.RaftServerConfigKeys (ConfUtils.java:logGet(46)) - raft.server.log.appender.wait-time.min = 0ms (custom)
2024-02-09 18:35:44,100 [81944a75-7880-48bb-a193-a5f914e328c0@group-1BE58298164A-LeaderElection73] INFO  grpc.GrpcConfigKeys (ConfUtils.java:logGet(46)) - raft.grpc.server.leader.outstanding.appends.max = 8 (default)
2024-02-09 18:35:44,100 [81944a75-7880-48bb-a193-a5f914e328c0@group-1BE58298164A-LeaderElection73] INFO  server.RaftServerConfigKeys (ConfUtils.java:logGet(46)) - raft.server.rpc.request.timeout = 3000ms (default)
2024-02-09 18:35:44,100 [81944a75-7880-48bb-a193-a5f914e328c0@group-1BE58298164A-LeaderElection73] INFO  grpc.GrpcConfigKeys (ConfUtils.java:logGet(46)) - raft.grpc.server.install_snapshot.request.element-limit = 8 (default)
2024-02-09 18:35:44,100 [81944a75-7880-48bb-a193-a5f914e328c0@group-1BE58298164A-LeaderElection73] INFO  grpc.GrpcConfigKeys (ConfUtils.java:logGet(46)) - raft.grpc.server.install_snapshot.request.timeout = 3000ms (default)
2024-02-09 18:35:44,100 [81944a75-7880-48bb-a193-a5f914e328c0@group-1BE58298164A-LeaderElection73] INFO  grpc.GrpcConfigKeys (ConfUtils.java:logGet(46)) - raft.grpc.server.log-message.batch.duration = 5s (default)
2024-02-09 18:35:44,100 [81944a75-7880-48bb-a193-a5f914e328c0@group-1BE58298164A-LeaderElection73] INFO  server.RaftServerConfigKeys (ConfUtils.java:logGet(46)) - raft.server.log.appender.install.snapshot.enabled = false (custom)
2024-02-09 18:35:44,100 [81944a75-7880-48bb-a193-a5f914e328c0@group-1BE58298164A-LeaderElection73] INFO  grpc.GrpcConfigKeys (ConfUtils.java:logGet(46)) - raft.grpc.server.heartbeat.channel = true (default)
2024-02-09 18:35:44,101 [81944a75-7880-48bb-a193-a5f914e328c0@group-1BE58298164A-LeaderElection73] INFO  server.RaftServerConfigKeys (ConfUtils.java:logGet(46)) - raft.server.log.appender.snapshot.chunk.size.max = 16MB (=16777216) (default)
2024-02-09 18:35:44,101 [81944a75-7880-48bb-a193-a5f914e328c0@group-1BE58298164A-LeaderElection73] INFO  server.RaftServerConfigKeys (ConfUtils.java:logGet(46)) - raft.server.log.appender.buffer.byte-limit = 8388608 (custom)
2024-02-09 18:35:44,101 [81944a75-7880-48bb-a193-a5f914e328c0@group-1BE58298164A-LeaderElection73] INFO  server.RaftServerConfigKeys (ConfUtils.java:logGet(46)) - raft.server.log.appender.buffer.element-limit = 1 (custom)
2024-02-09 18:35:44,101 [81944a75-7880-48bb-a193-a5f914e328c0@group-1BE58298164A-LeaderElection73] INFO  server.RaftServerConfigKeys (ConfUtils.java:logGet(46)) - raft.server.log.appender.wait-time.min = 0ms (custom)
2024-02-09 18:35:44,101 [81944a75-7880-48bb-a193-a5f914e328c0@group-1BE58298164A-LeaderElection73] INFO  grpc.GrpcConfigKeys (ConfUtils.java:logGet(46)) - raft.grpc.server.leader.outstanding.appends.max = 8 (default)
2024-02-09 18:35:44,101 [81944a75-7880-48bb-a193-a5f914e328c0@group-1BE58298164A-LeaderElection73] INFO  server.RaftServerConfigKeys (ConfUtils.java:logGet(46)) - raft.server.rpc.request.timeout = 3000ms (default)
2024-02-09 18:35:44,101 [81944a75-7880-48bb-a193-a5f914e328c0@group-1BE58298164A-LeaderElection73] INFO  grpc.GrpcConfigKeys (ConfUtils.java:logGet(46)) - raft.grpc.server.install_snapshot.request.element-limit = 8 (default)
2024-02-09 18:35:44,101 [81944a75-7880-48bb-a193-a5f914e328c0@group-1BE58298164A-LeaderElection73] INFO  grpc.GrpcConfigKeys (ConfUtils.java:logGet(46)) - raft.grpc.server.install_snapshot.request.timeout = 3000ms (default)
2024-02-09 18:35:44,101 [81944a75-7880-48bb-a193-a5f914e328c0@group-1BE58298164A-LeaderElection73] INFO  grpc.GrpcConfigKeys (ConfUtils.java:logGet(46)) - raft.grpc.server.log-message.batch.duration = 5s (default)
2024-02-09 18:35:44,101 [81944a75-7880-48bb-a193-a5f914e328c0@group-1BE58298164A-LeaderElection73] INFO  server.RaftServerConfigKeys (ConfUtils.java:logGet(46)) - raft.server.log.appender.install.snapshot.enabled = false (custom)
2024-02-09 18:35:44,101 [81944a75-7880-48bb-a193-a5f914e328c0@group-1BE58298164A-LeaderElection73] INFO  grpc.GrpcConfigKeys (ConfUtils.java:logGet(46)) - raft.grpc.server.heartbeat.channel = true (default)
2024-02-09 18:35:44,101 [81944a75-7880-48bb-a193-a5f914e328c0@group-1BE58298164A-LeaderElection73] INFO  impl.RoleInfo (RoleInfo.java:updateAndGet(139)) - 81944a75-7880-48bb-a193-a5f914e328c0: start 81944a75-7880-48bb-a193-a5f914e328c0@group-1BE58298164A-LeaderStateImpl
2024-02-09 18:35:44,101 [81944a75-7880-48bb-a193-a5f914e328c0@group-1BE58298164A-LeaderElection73] INFO  server.RaftServer$Division (RaftServerImpl.java:setFirstElection(574)) - 81944a75-7880-48bb-a193-a5f914e328c0@group-1BE58298164A: set firstElectionSinceStartup to false for becomeLeader
2024-02-09 18:35:44,101 [81944a75-7880-48bb-a193-a5f914e328c0@group-1BE58298164A-LeaderElection73] INFO  ratis.XceiverServerRatis (XceiverServerRatis.java:handleLeaderChangedNotification(966)) - Leader change notification received for group: group-1BE58298164A with new leaderId: 81944a75-7880-48bb-a193-a5f914e328c0
2024-02-09 18:35:44,102 [81944a75-7880-48bb-a193-a5f914e328c0@group-1BE58298164A-LeaderElection73] INFO  server.RaftServer$Division (ServerState.java:setLeader(269)) - 81944a75-7880-48bb-a193-a5f914e328c0@group-1BE58298164A: change Leader from null to 81944a75-7880-48bb-a193-a5f914e328c0 at term 1 for becomeLeader, leader elected after 5112ms
2024-02-09 18:35:44,102 [81944a75-7880-48bb-a193-a5f914e328c0@group-1BE58298164A-LeaderElection73] INFO  segmented.SegmentedRaftLogWorker (SegmentedRaftLogWorker.java:startLogSegment(430)) - 81944a75-7880-48bb-a193-a5f914e328c0@group-1BE58298164A-SegmentedRaftLogWorker: Starting segment from index:0
2024-02-09 18:35:44,102 [81944a75-7880-48bb-a193-a5f914e328c0@group-1BE58298164A-SegmentedRaftLogWorker] INFO  segmented.BufferedWriteChannel (BufferedWriteChannel.java:open(62)) - open log_inprogress_0 at position 0
2024-02-09 18:35:44,103 [EventQueue-PipelineReportForPipelineReportHandler] INFO  pipeline.PipelineReportHandler (PipelineReportHandler.java:processPipelineReport(136)) - Opened pipeline PipelineID=034c33d7-1bfa-475b-8907-1be58298164a
2024-02-09 18:35:44,104 [81944a75-7880-48bb-a193-a5f914e328c0@group-1BE58298164A-LeaderElection73] INFO  server.RaftServer$Division (ServerState.java:setRaftConf(386)) - 81944a75-7880-48bb-a193-a5f914e328c0@group-1BE58298164A: set configuration 0: peers:[81944a75-7880-48bb-a193-a5f914e328c0|10.1.0.43:15397, 063a7fb5-8d38-4cc1-bcc2-6ca7f0273dd7|10.1.0.43:15415, 02d298ee-5691-417b-b376-6494770463b9|10.1.0.43:15406]|listeners:[], old=null
2024-02-09 18:35:44,111 [81944a75-7880-48bb-a193-a5f914e328c0@group-1BE58298164A-SegmentedRaftLogWorker] INFO  segmented.SegmentedRaftLogWorker (SegmentedRaftLogWorker.java:execute(634)) - 81944a75-7880-48bb-a193-a5f914e328c0@group-1BE58298164A-SegmentedRaftLogWorker: created new log segment /home/runner/work/ozone/ozone/hadoop-ozone/integration-test/target/test-dir/MiniOzoneClusterImpl-10a7684d-3d33-49d2-80ef-f5f5272a1eb0/datanode-3/data/ratis/034c33d7-1bfa-475b-8907-1be58298164a/current/log_inprogress_0
2024-02-09 18:35:44,111 [063a7fb5-8d38-4cc1-bcc2-6ca7f0273dd7-server-thread1] INFO  ratis.XceiverServerRatis (XceiverServerRatis.java:handleLeaderChangedNotification(966)) - Leader change notification received for group: group-1BE58298164A with new leaderId: 81944a75-7880-48bb-a193-a5f914e328c0
2024-02-09 18:35:44,111 [063a7fb5-8d38-4cc1-bcc2-6ca7f0273dd7-server-thread1] INFO  server.RaftServer$Division (ServerState.java:setLeader(269)) - 063a7fb5-8d38-4cc1-bcc2-6ca7f0273dd7@group-1BE58298164A: change Leader from null to 81944a75-7880-48bb-a193-a5f914e328c0 at term 1 for appendEntries, leader elected after 5082ms
2024-02-09 18:35:44,113 [063a7fb5-8d38-4cc1-bcc2-6ca7f0273dd7-server-thread2] INFO  server.RaftServer$Division (ServerState.java:setRaftConf(386)) - 063a7fb5-8d38-4cc1-bcc2-6ca7f0273dd7@group-1BE58298164A: set configuration 0: peers:[81944a75-7880-48bb-a193-a5f914e328c0|10.1.0.43:15397, 063a7fb5-8d38-4cc1-bcc2-6ca7f0273dd7|10.1.0.43:15415, 02d298ee-5691-417b-b376-6494770463b9|10.1.0.43:15406]|listeners:[], old=null
2024-02-09 18:35:44,113 [063a7fb5-8d38-4cc1-bcc2-6ca7f0273dd7-server-thread2] INFO  segmented.SegmentedRaftLogWorker (SegmentedRaftLogWorker.java:startLogSegment(430)) - 063a7fb5-8d38-4cc1-bcc2-6ca7f0273dd7@group-1BE58298164A-SegmentedRaftLogWorker: Starting segment from index:0
2024-02-09 18:35:44,114 [063a7fb5-8d38-4cc1-bcc2-6ca7f0273dd7@group-1BE58298164A-SegmentedRaftLogWorker] INFO  segmented.BufferedWriteChannel (BufferedWriteChannel.java:open(62)) - open log_inprogress_0 at position 0
2024-02-09 18:35:44,115 [02d298ee-5691-417b-b376-6494770463b9-server-thread1] INFO  ratis.XceiverServerRatis (XceiverServerRatis.java:handleLeaderChangedNotification(966)) - Leader change notification received for group: group-1BE58298164A with new leaderId: 81944a75-7880-48bb-a193-a5f914e328c0
2024-02-09 18:35:44,115 [02d298ee-5691-417b-b376-6494770463b9-server-thread1] INFO  server.RaftServer$Division (ServerState.java:setLeader(269)) - 02d298ee-5691-417b-b376-6494770463b9@group-1BE58298164A: change Leader from null to 81944a75-7880-48bb-a193-a5f914e328c0 at term 1 for appendEntries, leader elected after 5108ms
2024-02-09 18:35:44,117 [02d298ee-5691-417b-b376-6494770463b9-server-thread2] INFO  server.RaftServer$Division (ServerState.java:setRaftConf(386)) - 02d298ee-5691-417b-b376-6494770463b9@group-1BE58298164A: set configuration 0: peers:[81944a75-7880-48bb-a193-a5f914e328c0|10.1.0.43:15397, 063a7fb5-8d38-4cc1-bcc2-6ca7f0273dd7|10.1.0.43:15415, 02d298ee-5691-417b-b376-6494770463b9|10.1.0.43:15406]|listeners:[], old=null
2024-02-09 18:35:44,117 [02d298ee-5691-417b-b376-6494770463b9-server-thread2] INFO  segmented.SegmentedRaftLogWorker (SegmentedRaftLogWorker.java:startLogSegment(430)) - 02d298ee-5691-417b-b376-6494770463b9@group-1BE58298164A-SegmentedRaftLogWorker: Starting segment from index:0
2024-02-09 18:35:44,118 [02d298ee-5691-417b-b376-6494770463b9@group-1BE58298164A-SegmentedRaftLogWorker] INFO  segmented.BufferedWriteChannel (BufferedWriteChannel.java:open(62)) - open log_inprogress_0 at position 0
2024-02-09 18:35:44,125 [063a7fb5-8d38-4cc1-bcc2-6ca7f0273dd7@group-1BE58298164A-SegmentedRaftLogWorker] INFO  segmented.SegmentedRaftLogWorker (SegmentedRaftLogWorker.java:execute(634)) - 063a7fb5-8d38-4cc1-bcc2-6ca7f0273dd7@group-1BE58298164A-SegmentedRaftLogWorker: created new log segment /home/runner/work/ozone/ozone/hadoop-ozone/integration-test/target/test-dir/MiniOzoneClusterImpl-10a7684d-3d33-49d2-80ef-f5f5272a1eb0/datanode-5/data/ratis/034c33d7-1bfa-475b-8907-1be58298164a/current/log_inprogress_0
2024-02-09 18:35:44,126 [02d298ee-5691-417b-b376-6494770463b9@group-1BE58298164A-SegmentedRaftLogWorker] INFO  segmented.SegmentedRaftLogWorker (SegmentedRaftLogWorker.java:execute(634)) - 02d298ee-5691-417b-b376-6494770463b9@group-1BE58298164A-SegmentedRaftLogWorker: created new log segment /home/runner/work/ozone/ozone/hadoop-ozone/integration-test/target/test-dir/MiniOzoneClusterImpl-10a7684d-3d33-49d2-80ef-f5f5272a1eb0/datanode-4/data/ratis/034c33d7-1bfa-475b-8907-1be58298164a/current/log_inprogress_0
2024-02-09 18:35:44,127 [81944a75-7880-48bb-a193-a5f914e328c0@group-1BE58298164A-StateMachineUpdater] INFO  server.RaftServer$Division (LeaderStateImpl.java:isApplied(320)) - leader is ready since appliedIndex == 0 >= startIndex == 0
2024-02-09 18:35:44,162 [81944a75-7880-48bb-a193-a5f914e328c0@group-5789D7CDB26A-FollowerState] INFO  impl.FollowerState (FollowerState.java:run(143)) - 81944a75-7880-48bb-a193-a5f914e328c0@group-5789D7CDB26A-FollowerState: change to CANDIDATE, lastRpcElapsedTime:5175469557ns, electionTimeout:5175ms
2024-02-09 18:35:44,162 [81944a75-7880-48bb-a193-a5f914e328c0@group-5789D7CDB26A-FollowerState] INFO  impl.RoleInfo (RoleInfo.java:shutdownFollowerState(110)) - 81944a75-7880-48bb-a193-a5f914e328c0: shutdown 81944a75-7880-48bb-a193-a5f914e328c0@group-5789D7CDB26A-FollowerState
2024-02-09 18:35:44,162 [81944a75-7880-48bb-a193-a5f914e328c0@group-5789D7CDB26A-FollowerState] INFO  server.RaftServer$Division (RaftServerImpl.java:setRole(383)) - 81944a75-7880-48bb-a193-a5f914e328c0@group-5789D7CDB26A: changes role from  FOLLOWER to CANDIDATE at term 0 for changeToCandidate
2024-02-09 18:35:44,162 [81944a75-7880-48bb-a193-a5f914e328c0@group-5789D7CDB26A-FollowerState] INFO  server.RaftServerConfigKeys (ConfUtils.java:logGet(46)) - raft.server.leaderelection.pre-vote = true (default)
2024-02-09 18:35:44,162 [81944a75-7880-48bb-a193-a5f914e328c0@group-5789D7CDB26A-FollowerState] INFO  impl.RoleInfo (RoleInfo.java:updateAndGet(139)) - 81944a75-7880-48bb-a193-a5f914e328c0: start 81944a75-7880-48bb-a193-a5f914e328c0@group-5789D7CDB26A-LeaderElection74
2024-02-09 18:35:44,163 [81944a75-7880-48bb-a193-a5f914e328c0@group-5789D7CDB26A-LeaderElection74] INFO  impl.LeaderElection (LeaderElection.java:askForVotes(321)) - 81944a75-7880-48bb-a193-a5f914e328c0@group-5789D7CDB26A-LeaderElection74 PRE_VOTE round 0: submit vote requests at term 0 for -1: peers:[81944a75-7880-48bb-a193-a5f914e328c0|10.1.0.43:15397]|listeners:[], old=null
2024-02-09 18:35:44,163 [81944a75-7880-48bb-a193-a5f914e328c0@group-5789D7CDB26A-LeaderElection74] INFO  impl.LeaderElection (LeaderElection.java:askForVotes(323)) - 81944a75-7880-48bb-a193-a5f914e328c0@group-5789D7CDB26A-LeaderElection74 PRE_VOTE round 0: result PASSED (term=0)
2024-02-09 18:35:44,164 [81944a75-7880-48bb-a193-a5f914e328c0@group-5789D7CDB26A-LeaderElection74] INFO  impl.LeaderElection (LeaderElection.java:askForVotes(321)) - 81944a75-7880-48bb-a193-a5f914e328c0@group-5789D7CDB26A-LeaderElection74 ELECTION round 0: submit vote requests at term 1 for -1: peers:[81944a75-7880-48bb-a193-a5f914e328c0|10.1.0.43:15397]|listeners:[], old=null
2024-02-09 18:35:44,164 [81944a75-7880-48bb-a193-a5f914e328c0@group-5789D7CDB26A-LeaderElection74] INFO  impl.LeaderElection (LeaderElection.java:askForVotes(323)) - 81944a75-7880-48bb-a193-a5f914e328c0@group-5789D7CDB26A-LeaderElection74 ELECTION round 0: result PASSED (term=1)
2024-02-09 18:35:44,164 [81944a75-7880-48bb-a193-a5f914e328c0@group-5789D7CDB26A-LeaderElection74] INFO  impl.RoleInfo (RoleInfo.java:shutdownLeaderElection(130)) - 81944a75-7880-48bb-a193-a5f914e328c0: shutdown 81944a75-7880-48bb-a193-a5f914e328c0@group-5789D7CDB26A-LeaderElection74
2024-02-09 18:35:44,164 [81944a75-7880-48bb-a193-a5f914e328c0@group-5789D7CDB26A-LeaderElection74] INFO  server.RaftServer$Division (RaftServerImpl.java:setRole(383)) - 81944a75-7880-48bb-a193-a5f914e328c0@group-5789D7CDB26A: changes role from CANDIDATE to LEADER at term 1 for changeToLeader
2024-02-09 18:35:44,164 [81944a75-7880-48bb-a193-a5f914e328c0@group-5789D7CDB26A-LeaderElection74] INFO  server.RaftServerConfigKeys (ConfUtils.java:logGet(46)) - raft.server.staging.catchup.gap = 1000 (default)
2024-02-09 18:35:44,165 [81944a75-7880-48bb-a193-a5f914e328c0@group-5789D7CDB26A-LeaderElection74] INFO  server.RaftServerConfigKeys (ConfUtils.java:logGet(46)) - raft.server.write.element-limit = 1024 (custom)
2024-02-09 18:35:44,165 [81944a75-7880-48bb-a193-a5f914e328c0@group-5789D7CDB26A-LeaderElection74] INFO  server.RaftServerConfigKeys (ConfUtils.java:logGet(46)) - raft.server.write.byte-limit = 1024 M (=1073741824) (custom)
2024-02-09 18:35:44,165 [81944a75-7880-48bb-a193-a5f914e328c0@group-5789D7CDB26A-LeaderElection74] INFO  server.RaftServerConfigKeys (ConfUtils.java:logGet(46)) - raft.server.watch.timeout = 3000ms (custom)
2024-02-09 18:35:44,165 [81944a75-7880-48bb-a193-a5f914e328c0@group-5789D7CDB26A-LeaderElection74] INFO  server.RaftServerConfigKeys (ConfUtils.java:logGet(46)) - raft.server.watch.timeout.denomination = 1s (default)
2024-02-09 18:35:44,165 [81944a75-7880-48bb-a193-a5f914e328c0@group-5789D7CDB26A-LeaderElection74] INFO  server.RaftServerConfigKeys (ConfUtils.java:logGet(46)) - raft.server.watch.element-limit = 65536 (default)
2024-02-09 18:35:44,165 [81944a75-7880-48bb-a193-a5f914e328c0@group-5789D7CDB26A-LeaderElection74] INFO  server.RaftServerConfigKeys (ConfUtils.java:logGet(46)) - raft.server.read.leader.lease.enabled = false (default)
2024-02-09 18:35:44,165 [81944a75-7880-48bb-a193-a5f914e328c0@group-5789D7CDB26A-LeaderElection74] INFO  server.RaftServerConfigKeys (ConfUtils.java:logGet(46)) - raft.server.read.leader.lease.timeout.ratio = 0.9 (default)
2024-02-09 18:35:44,165 [81944a75-7880-48bb-a193-a5f914e328c0@group-5789D7CDB26A-LeaderElection74] INFO  server.RaftServerConfigKeys (ConfUtils.java:logGet(46)) - raft.server.rpc.timeout.min = 5s (custom)
2024-02-09 18:35:44,165 [81944a75-7880-48bb-a193-a5f914e328c0@group-5789D7CDB26A-LeaderElection74] INFO  server.RaftServerConfigKeys (ConfUtils.java:logGet(46)) - raft.server.write.element-limit = 1024 (custom)
2024-02-09 18:35:44,165 [81944a75-7880-48bb-a193-a5f914e328c0@group-5789D7CDB26A-LeaderElection74] INFO  server.RaftServerConfigKeys (ConfUtils.java:logGet(46)) - raft.server.write.follower.gap.ratio.max = -1.0 (default)
2024-02-09 18:35:44,165 [81944a75-7880-48bb-a193-a5f914e328c0@group-5789D7CDB26A-LeaderElection74] INFO  impl.RoleInfo (RoleInfo.java:updateAndGet(139)) - 81944a75-7880-48bb-a193-a5f914e328c0: start 81944a75-7880-48bb-a193-a5f914e328c0@group-5789D7CDB26A-LeaderStateImpl
2024-02-09 18:35:44,165 [81944a75-7880-48bb-a193-a5f914e328c0@group-5789D7CDB26A-LeaderElection74] INFO  server.RaftServer$Division (RaftServerImpl.java:setFirstElection(574)) - 81944a75-7880-48bb-a193-a5f914e328c0@group-5789D7CDB26A: set firstElectionSinceStartup to false for becomeLeader
2024-02-09 18:35:44,165 [81944a75-7880-48bb-a193-a5f914e328c0@group-5789D7CDB26A-LeaderElection74] INFO  ratis.XceiverServerRatis (XceiverServerRatis.java:handleLeaderChangedNotification(966)) - Leader change notification received for group: group-5789D7CDB26A with new leaderId: 81944a75-7880-48bb-a193-a5f914e328c0
2024-02-09 18:35:44,165 [81944a75-7880-48bb-a193-a5f914e328c0@group-5789D7CDB26A-LeaderElection74] INFO  server.RaftServer$Division (ServerState.java:setLeader(269)) - 81944a75-7880-48bb-a193-a5f914e328c0@group-5789D7CDB26A: change Leader from null to 81944a75-7880-48bb-a193-a5f914e328c0 at term 1 for becomeLeader, leader elected after 5187ms
2024-02-09 18:35:44,165 [81944a75-7880-48bb-a193-a5f914e328c0@group-5789D7CDB26A-LeaderElection74] INFO  segmented.SegmentedRaftLogWorker (SegmentedRaftLogWorker.java:startLogSegment(430)) - 81944a75-7880-48bb-a193-a5f914e328c0@group-5789D7CDB26A-SegmentedRaftLogWorker: Starting segment from index:0
2024-02-09 18:35:44,166 [81944a75-7880-48bb-a193-a5f914e328c0@group-5789D7CDB26A-LeaderElection74] INFO  server.RaftServer$Division (ServerState.java:setRaftConf(386)) - 81944a75-7880-48bb-a193-a5f914e328c0@group-5789D7CDB26A: set configuration 0: peers:[81944a75-7880-48bb-a193-a5f914e328c0|10.1.0.43:15397]|listeners:[], old=null
2024-02-09 18:35:44,167 [81944a75-7880-48bb-a193-a5f914e328c0@group-5789D7CDB26A-SegmentedRaftLogWorker] INFO  segmented.BufferedWriteChannel (BufferedWriteChannel.java:open(62)) - open log_inprogress_0 at position 0
2024-02-09 18:35:44,173 [81944a75-7880-48bb-a193-a5f914e328c0@group-5789D7CDB26A-SegmentedRaftLogWorker] INFO  segmented.SegmentedRaftLogWorker (SegmentedRaftLogWorker.java:execute(634)) - 81944a75-7880-48bb-a193-a5f914e328c0@group-5789D7CDB26A-SegmentedRaftLogWorker: created new log segment /home/runner/work/ozone/ozone/hadoop-ozone/integration-test/target/test-dir/MiniOzoneClusterImpl-10a7684d-3d33-49d2-80ef-f5f5272a1eb0/datanode-3/data/ratis/09eebd41-ca38-44b6-bd61-5789d7cdb26a/current/log_inprogress_0
2024-02-09 18:35:44,174 [81944a75-7880-48bb-a193-a5f914e328c0@group-5789D7CDB26A-StateMachineUpdater] INFO  server.RaftServer$Division (LeaderStateImpl.java:isApplied(320)) - leader is ready since appliedIndex == 0 >= startIndex == 0
2024-02-09 18:35:44,198 [063a7fb5-8d38-4cc1-bcc2-6ca7f0273dd7@group-36EABE44EA76-FollowerState] INFO  impl.FollowerState (FollowerState.java:run(143)) - 063a7fb5-8d38-4cc1-bcc2-6ca7f0273dd7@group-36EABE44EA76-FollowerState: change to CANDIDATE, lastRpcElapsedTime:5047534556ns, electionTimeout:5047ms
2024-02-09 18:35:44,198 [063a7fb5-8d38-4cc1-bcc2-6ca7f0273dd7@group-36EABE44EA76-FollowerState] INFO  impl.RoleInfo (RoleInfo.java:shutdownFollowerState(110)) - 063a7fb5-8d38-4cc1-bcc2-6ca7f0273dd7: shutdown 063a7fb5-8d38-4cc1-bcc2-6ca7f0273dd7@group-36EABE44EA76-FollowerState
2024-02-09 18:35:44,198 [063a7fb5-8d38-4cc1-bcc2-6ca7f0273dd7@group-36EABE44EA76-FollowerState] INFO  server.RaftServer$Division (RaftServerImpl.java:setRole(383)) - 063a7fb5-8d38-4cc1-bcc2-6ca7f0273dd7@group-36EABE44EA76: changes role from  FOLLOWER to CANDIDATE at term 0 for changeToCandidate
2024-02-09 18:35:44,198 [063a7fb5-8d38-4cc1-bcc2-6ca7f0273dd7@group-36EABE44EA76-FollowerState] INFO  server.RaftServerConfigKeys (ConfUtils.java:logGet(46)) - raft.server.leaderelection.pre-vote = true (default)
2024-02-09 18:35:44,198 [063a7fb5-8d38-4cc1-bcc2-6ca7f0273dd7@group-36EABE44EA76-FollowerState] INFO  impl.RoleInfo (RoleInfo.java:updateAndGet(139)) - 063a7fb5-8d38-4cc1-bcc2-6ca7f0273dd7: start 063a7fb5-8d38-4cc1-bcc2-6ca7f0273dd7@group-36EABE44EA76-LeaderElection75
2024-02-09 18:35:44,199 [063a7fb5-8d38-4cc1-bcc2-6ca7f0273dd7@group-36EABE44EA76-LeaderElection75] INFO  impl.LeaderElection (LeaderElection.java:askForVotes(321)) - 063a7fb5-8d38-4cc1-bcc2-6ca7f0273dd7@group-36EABE44EA76-LeaderElection75 PRE_VOTE round 0: submit vote requests at term 0 for -1: peers:[063a7fb5-8d38-4cc1-bcc2-6ca7f0273dd7|10.1.0.43:15415]|listeners:[], old=null
2024-02-09 18:35:44,199 [063a7fb5-8d38-4cc1-bcc2-6ca7f0273dd7@group-36EABE44EA76-LeaderElection75] INFO  impl.LeaderElection (LeaderElection.java:askForVotes(323)) - 063a7fb5-8d38-4cc1-bcc2-6ca7f0273dd7@group-36EABE44EA76-LeaderElection75 PRE_VOTE round 0: result PASSED (term=0)
2024-02-09 18:35:44,199 [063a7fb5-8d38-4cc1-bcc2-6ca7f0273dd7@group-36EABE44EA76-LeaderElection75] INFO  impl.LeaderElection (LeaderElection.java:askForVotes(321)) - 063a7fb5-8d38-4cc1-bcc2-6ca7f0273dd7@group-36EABE44EA76-LeaderElection75 ELECTION round 0: submit vote requests at term 1 for -1: peers:[063a7fb5-8d38-4cc1-bcc2-6ca7f0273dd7|10.1.0.43:15415]|listeners:[], old=null
2024-02-09 18:35:44,199 [063a7fb5-8d38-4cc1-bcc2-6ca7f0273dd7@group-36EABE44EA76-LeaderElection75] INFO  impl.LeaderElection (LeaderElection.java:askForVotes(323)) - 063a7fb5-8d38-4cc1-bcc2-6ca7f0273dd7@group-36EABE44EA76-LeaderElection75 ELECTION round 0: result PASSED (term=1)
2024-02-09 18:35:44,199 [063a7fb5-8d38-4cc1-bcc2-6ca7f0273dd7@group-36EABE44EA76-LeaderElection75] INFO  impl.RoleInfo (RoleInfo.java:shutdownLeaderElection(130)) - 063a7fb5-8d38-4cc1-bcc2-6ca7f0273dd7: shutdown 063a7fb5-8d38-4cc1-bcc2-6ca7f0273dd7@group-36EABE44EA76-LeaderElection75
2024-02-09 18:35:44,199 [063a7fb5-8d38-4cc1-bcc2-6ca7f0273dd7@group-36EABE44EA76-LeaderElection75] INFO  server.RaftServer$Division (RaftServerImpl.java:setRole(383)) - 063a7fb5-8d38-4cc1-bcc2-6ca7f0273dd7@group-36EABE44EA76: changes role from CANDIDATE to LEADER at term 1 for changeToLeader
2024-02-09 18:35:44,199 [063a7fb5-8d38-4cc1-bcc2-6ca7f0273dd7@group-36EABE44EA76-LeaderElection75] INFO  server.RaftServerConfigKeys (ConfUtils.java:logGet(46)) - raft.server.staging.catchup.gap = 1000 (default)
2024-02-09 18:35:44,200 [063a7fb5-8d38-4cc1-bcc2-6ca7f0273dd7@group-36EABE44EA76-LeaderElection75] INFO  server.RaftServerConfigKeys (ConfUtils.java:logGet(46)) - raft.server.write.element-limit = 1024 (custom)
2024-02-09 18:35:44,200 [063a7fb5-8d38-4cc1-bcc2-6ca7f0273dd7@group-36EABE44EA76-LeaderElection75] INFO  server.RaftServerConfigKeys (ConfUtils.java:logGet(46)) - raft.server.write.byte-limit = 1024 M (=1073741824) (custom)
2024-02-09 18:35:44,200 [063a7fb5-8d38-4cc1-bcc2-6ca7f0273dd7@group-36EABE44EA76-LeaderElection75] INFO  server.RaftServerConfigKeys (ConfUtils.java:logGet(46)) - raft.server.watch.timeout = 3000ms (custom)
2024-02-09 18:35:44,200 [063a7fb5-8d38-4cc1-bcc2-6ca7f0273dd7@group-36EABE44EA76-LeaderElection75] INFO  server.RaftServerConfigKeys (ConfUtils.java:logGet(46)) - raft.server.watch.timeout.denomination = 1s (default)
2024-02-09 18:35:44,200 [063a7fb5-8d38-4cc1-bcc2-6ca7f0273dd7@group-36EABE44EA76-LeaderElection75] INFO  server.RaftServerConfigKeys (ConfUtils.java:logGet(46)) - raft.server.watch.element-limit = 65536 (default)
2024-02-09 18:35:44,200 [063a7fb5-8d38-4cc1-bcc2-6ca7f0273dd7@group-36EABE44EA76-LeaderElection75] INFO  server.RaftServerConfigKeys (ConfUtils.java:logGet(46)) - raft.server.read.leader.lease.enabled = false (default)
2024-02-09 18:35:44,200 [063a7fb5-8d38-4cc1-bcc2-6ca7f0273dd7@group-36EABE44EA76-LeaderElection75] INFO  server.RaftServerConfigKeys (ConfUtils.java:logGet(46)) - raft.server.read.leader.lease.timeout.ratio = 0.9 (default)
2024-02-09 18:35:44,200 [063a7fb5-8d38-4cc1-bcc2-6ca7f0273dd7@group-36EABE44EA76-LeaderElection75] INFO  server.RaftServerConfigKeys (ConfUtils.java:logGet(46)) - raft.server.rpc.timeout.min = 5s (custom)
2024-02-09 18:35:44,200 [063a7fb5-8d38-4cc1-bcc2-6ca7f0273dd7@group-36EABE44EA76-LeaderElection75] INFO  server.RaftServerConfigKeys (ConfUtils.java:logGet(46)) - raft.server.write.element-limit = 1024 (custom)
2024-02-09 18:35:44,200 [063a7fb5-8d38-4cc1-bcc2-6ca7f0273dd7@group-36EABE44EA76-LeaderElection75] INFO  server.RaftServerConfigKeys (ConfUtils.java:logGet(46)) - raft.server.write.follower.gap.ratio.max = -1.0 (default)
2024-02-09 18:35:44,200 [063a7fb5-8d38-4cc1-bcc2-6ca7f0273dd7@group-36EABE44EA76-LeaderElection75] INFO  impl.RoleInfo (RoleInfo.java:updateAndGet(139)) - 063a7fb5-8d38-4cc1-bcc2-6ca7f0273dd7: start 063a7fb5-8d38-4cc1-bcc2-6ca7f0273dd7@group-36EABE44EA76-LeaderStateImpl
2024-02-09 18:35:44,200 [063a7fb5-8d38-4cc1-bcc2-6ca7f0273dd7@group-36EABE44EA76-LeaderElection75] INFO  server.RaftServer$Division (RaftServerImpl.java:setFirstElection(574)) - 063a7fb5-8d38-4cc1-bcc2-6ca7f0273dd7@group-36EABE44EA76: set firstElectionSinceStartup to false for becomeLeader
2024-02-09 18:35:44,200 [063a7fb5-8d38-4cc1-bcc2-6ca7f0273dd7@group-36EABE44EA76-LeaderElection75] INFO  ratis.XceiverServerRatis (XceiverServerRatis.java:handleLeaderChangedNotification(966)) - Leader change notification received for group: group-36EABE44EA76 with new leaderId: 063a7fb5-8d38-4cc1-bcc2-6ca7f0273dd7
2024-02-09 18:35:44,200 [063a7fb5-8d38-4cc1-bcc2-6ca7f0273dd7@group-36EABE44EA76-LeaderElection75] INFO  server.RaftServer$Division (ServerState.java:setLeader(269)) - 063a7fb5-8d38-4cc1-bcc2-6ca7f0273dd7@group-36EABE44EA76: change Leader from null to 063a7fb5-8d38-4cc1-bcc2-6ca7f0273dd7 at term 1 for becomeLeader, leader elected after 5058ms
2024-02-09 18:35:44,200 [063a7fb5-8d38-4cc1-bcc2-6ca7f0273dd7@group-36EABE44EA76-LeaderElection75] INFO  segmented.SegmentedRaftLogWorker (SegmentedRaftLogWorker.java:startLogSegment(430)) - 063a7fb5-8d38-4cc1-bcc2-6ca7f0273dd7@group-36EABE44EA76-SegmentedRaftLogWorker: Starting segment from index:0
2024-02-09 18:35:44,201 [063a7fb5-8d38-4cc1-bcc2-6ca7f0273dd7@group-36EABE44EA76-LeaderElection75] INFO  server.RaftServer$Division (ServerState.java:setRaftConf(386)) - 063a7fb5-8d38-4cc1-bcc2-6ca7f0273dd7@group-36EABE44EA76: set configuration 0: peers:[063a7fb5-8d38-4cc1-bcc2-6ca7f0273dd7|10.1.0.43:15415]|listeners:[], old=null
2024-02-09 18:35:44,201 [063a7fb5-8d38-4cc1-bcc2-6ca7f0273dd7@group-36EABE44EA76-SegmentedRaftLogWorker] INFO  segmented.BufferedWriteChannel (BufferedWriteChannel.java:open(62)) - open log_inprogress_0 at position 0
2024-02-09 18:35:44,208 [063a7fb5-8d38-4cc1-bcc2-6ca7f0273dd7@group-36EABE44EA76-SegmentedRaftLogWorker] INFO  segmented.SegmentedRaftLogWorker (SegmentedRaftLogWorker.java:execute(634)) - 063a7fb5-8d38-4cc1-bcc2-6ca7f0273dd7@group-36EABE44EA76-SegmentedRaftLogWorker: created new log segment /home/runner/work/ozone/ozone/hadoop-ozone/integration-test/target/test-dir/MiniOzoneClusterImpl-10a7684d-3d33-49d2-80ef-f5f5272a1eb0/datanode-5/data/ratis/d0d29731-c61b-47cb-abc0-36eabe44ea76/current/log_inprogress_0
2024-02-09 18:35:44,209 [063a7fb5-8d38-4cc1-bcc2-6ca7f0273dd7@group-36EABE44EA76-StateMachineUpdater] INFO  server.RaftServer$Division (LeaderStateImpl.java:isApplied(320)) - leader is ready since appliedIndex == 0 >= startIndex == 0
2024-02-09 18:35:44,235 [02d298ee-5691-417b-b376-6494770463b9@group-7A921FA49D78-FollowerState] INFO  impl.FollowerState (FollowerState.java:run(143)) - 02d298ee-5691-417b-b376-6494770463b9@group-7A921FA49D78-FollowerState: change to CANDIDATE, lastRpcElapsedTime:5166525281ns, electionTimeout:5166ms
2024-02-09 18:35:44,235 [02d298ee-5691-417b-b376-6494770463b9@group-7A921FA49D78-FollowerState] INFO  impl.RoleInfo (RoleInfo.java:shutdownFollowerState(110)) - 02d298ee-5691-417b-b376-6494770463b9: shutdown 02d298ee-5691-417b-b376-6494770463b9@group-7A921FA49D78-FollowerState
2024-02-09 18:35:44,235 [02d298ee-5691-417b-b376-6494770463b9@group-7A921FA49D78-FollowerState] INFO  server.RaftServer$Division (RaftServerImpl.java:setRole(383)) - 02d298ee-5691-417b-b376-6494770463b9@group-7A921FA49D78: changes role from  FOLLOWER to CANDIDATE at term 0 for changeToCandidate
2024-02-09 18:35:44,235 [02d298ee-5691-417b-b376-6494770463b9@group-7A921FA49D78-FollowerState] INFO  server.RaftServerConfigKeys (ConfUtils.java:logGet(46)) - raft.server.leaderelection.pre-vote = true (default)
2024-02-09 18:35:44,235 [02d298ee-5691-417b-b376-6494770463b9@group-7A921FA49D78-FollowerState] INFO  impl.RoleInfo (RoleInfo.java:updateAndGet(139)) - 02d298ee-5691-417b-b376-6494770463b9: start 02d298ee-5691-417b-b376-6494770463b9@group-7A921FA49D78-LeaderElection76
2024-02-09 18:35:44,236 [02d298ee-5691-417b-b376-6494770463b9@group-7A921FA49D78-LeaderElection76] INFO  impl.LeaderElection (LeaderElection.java:askForVotes(321)) - 02d298ee-5691-417b-b376-6494770463b9@group-7A921FA49D78-LeaderElection76 PRE_VOTE round 0: submit vote requests at term 0 for -1: peers:[02d298ee-5691-417b-b376-6494770463b9|10.1.0.43:15406]|listeners:[], old=null
2024-02-09 18:35:44,236 [02d298ee-5691-417b-b376-6494770463b9@group-7A921FA49D78-LeaderElection76] INFO  impl.LeaderElection (LeaderElection.java:askForVotes(323)) - 02d298ee-5691-417b-b376-6494770463b9@group-7A921FA49D78-LeaderElection76 PRE_VOTE round 0: result PASSED (term=0)
2024-02-09 18:35:44,237 [02d298ee-5691-417b-b376-6494770463b9@group-7A921FA49D78-LeaderElection76] INFO  impl.LeaderElection (LeaderElection.java:askForVotes(321)) - 02d298ee-5691-417b-b376-6494770463b9@group-7A921FA49D78-LeaderElection76 ELECTION round 0: submit vote requests at term 1 for -1: peers:[02d298ee-5691-417b-b376-6494770463b9|10.1.0.43:15406]|listeners:[], old=null
2024-02-09 18:35:44,237 [02d298ee-5691-417b-b376-6494770463b9@group-7A921FA49D78-LeaderElection76] INFO  impl.LeaderElection (LeaderElection.java:askForVotes(323)) - 02d298ee-5691-417b-b376-6494770463b9@group-7A921FA49D78-LeaderElection76 ELECTION round 0: result PASSED (term=1)
2024-02-09 18:35:44,237 [02d298ee-5691-417b-b376-6494770463b9@group-7A921FA49D78-LeaderElection76] INFO  impl.RoleInfo (RoleInfo.java:shutdownLeaderElection(130)) - 02d298ee-5691-417b-b376-6494770463b9: shutdown 02d298ee-5691-417b-b376-6494770463b9@group-7A921FA49D78-LeaderElection76
2024-02-09 18:35:44,237 [02d298ee-5691-417b-b376-6494770463b9@group-7A921FA49D78-LeaderElection76] INFO  server.RaftServer$Division (RaftServerImpl.java:setRole(383)) - 02d298ee-5691-417b-b376-6494770463b9@group-7A921FA49D78: changes role from CANDIDATE to LEADER at term 1 for changeToLeader
2024-02-09 18:35:44,237 [02d298ee-5691-417b-b376-6494770463b9@group-7A921FA49D78-LeaderElection76] INFO  server.RaftServerConfigKeys (ConfUtils.java:logGet(46)) - raft.server.staging.catchup.gap = 1000 (default)
2024-02-09 18:35:44,237 [02d298ee-5691-417b-b376-6494770463b9@group-7A921FA49D78-LeaderElection76] INFO  server.RaftServerConfigKeys (ConfUtils.java:logGet(46)) - raft.server.write.element-limit = 1024 (custom)
2024-02-09 18:35:44,237 [02d298ee-5691-417b-b376-6494770463b9@group-7A921FA49D78-LeaderElection76] INFO  server.RaftServerConfigKeys (ConfUtils.java:logGet(46)) - raft.server.write.byte-limit = 1024 M (=1073741824) (custom)
2024-02-09 18:35:44,237 [02d298ee-5691-417b-b376-6494770463b9@group-7A921FA49D78-LeaderElection76] INFO  server.RaftServerConfigKeys (ConfUtils.java:logGet(46)) - raft.server.watch.timeout = 3000ms (custom)
2024-02-09 18:35:44,237 [02d298ee-5691-417b-b376-6494770463b9@group-7A921FA49D78-LeaderElection76] INFO  server.RaftServerConfigKeys (ConfUtils.java:logGet(46)) - raft.server.watch.timeout.denomination = 1s (default)
2024-02-09 18:35:44,237 [02d298ee-5691-417b-b376-6494770463b9@group-7A921FA49D78-LeaderElection76] INFO  server.RaftServerConfigKeys (ConfUtils.java:logGet(46)) - raft.server.watch.element-limit = 65536 (default)
2024-02-09 18:35:44,237 [02d298ee-5691-417b-b376-6494770463b9@group-7A921FA49D78-LeaderElection76] INFO  server.RaftServerConfigKeys (ConfUtils.java:logGet(46)) - raft.server.read.leader.lease.enabled = false (default)
2024-02-09 18:35:44,237 [02d298ee-5691-417b-b376-6494770463b9@group-7A921FA49D78-LeaderElection76] INFO  server.RaftServerConfigKeys (ConfUtils.java:logGet(46)) - raft.server.read.leader.lease.timeout.ratio = 0.9 (default)
2024-02-09 18:35:44,237 [02d298ee-5691-417b-b376-6494770463b9@group-7A921FA49D78-LeaderElection76] INFO  server.RaftServerConfigKeys (ConfUtils.java:logGet(46)) - raft.server.rpc.timeout.min = 5s (custom)
2024-02-09 18:35:44,237 [02d298ee-5691-417b-b376-6494770463b9@group-7A921FA49D78-LeaderElection76] INFO  server.RaftServerConfigKeys (ConfUtils.java:logGet(46)) - raft.server.write.element-limit = 1024 (custom)
2024-02-09 18:35:44,237 [02d298ee-5691-417b-b376-6494770463b9@group-7A921FA49D78-LeaderElection76] INFO  server.RaftServerConfigKeys (ConfUtils.java:logGet(46)) - raft.server.write.follower.gap.ratio.max = -1.0 (default)
2024-02-09 18:35:44,238 [02d298ee-5691-417b-b376-6494770463b9@group-7A921FA49D78-LeaderElection76] INFO  impl.RoleInfo (RoleInfo.java:updateAndGet(139)) - 02d298ee-5691-417b-b376-6494770463b9: start 02d298ee-5691-417b-b376-6494770463b9@group-7A921FA49D78-LeaderStateImpl
2024-02-09 18:35:44,238 [02d298ee-5691-417b-b376-6494770463b9@group-7A921FA49D78-LeaderElection76] INFO  server.RaftServer$Division (RaftServerImpl.java:setFirstElection(574)) - 02d298ee-5691-417b-b376-6494770463b9@group-7A921FA49D78: set firstElectionSinceStartup to false for becomeLeader
2024-02-09 18:35:44,238 [02d298ee-5691-417b-b376-6494770463b9@group-7A921FA49D78-LeaderElection76] INFO  ratis.XceiverServerRatis (XceiverServerRatis.java:handleLeaderChangedNotification(966)) - Leader change notification received for group: group-7A921FA49D78 with new leaderId: 02d298ee-5691-417b-b376-6494770463b9
2024-02-09 18:35:44,238 [02d298ee-5691-417b-b376-6494770463b9@group-7A921FA49D78-LeaderElection76] INFO  server.RaftServer$Division (ServerState.java:setLeader(269)) - 02d298ee-5691-417b-b376-6494770463b9@group-7A921FA49D78: change Leader from null to 02d298ee-5691-417b-b376-6494770463b9 at term 1 for becomeLeader, leader elected after 5179ms
2024-02-09 18:35:44,238 [02d298ee-5691-417b-b376-6494770463b9@group-7A921FA49D78-LeaderElection76] INFO  segmented.SegmentedRaftLogWorker (SegmentedRaftLogWorker.java:startLogSegment(430)) - 02d298ee-5691-417b-b376-6494770463b9@group-7A921FA49D78-SegmentedRaftLogWorker: Starting segment from index:0
2024-02-09 18:35:44,239 [02d298ee-5691-417b-b376-6494770463b9@group-7A921FA49D78-LeaderElection76] INFO  server.RaftServer$Division (ServerState.java:setRaftConf(386)) - 02d298ee-5691-417b-b376-6494770463b9@group-7A921FA49D78: set configuration 0: peers:[02d298ee-5691-417b-b376-6494770463b9|10.1.0.43:15406]|listeners:[], old=null
2024-02-09 18:35:44,239 [02d298ee-5691-417b-b376-6494770463b9@group-7A921FA49D78-SegmentedRaftLogWorker] INFO  segmented.BufferedWriteChannel (BufferedWriteChannel.java:open(62)) - open log_inprogress_0 at position 0
2024-02-09 18:35:44,246 [02d298ee-5691-417b-b376-6494770463b9@group-7A921FA49D78-SegmentedRaftLogWorker] INFO  segmented.SegmentedRaftLogWorker (SegmentedRaftLogWorker.java:execute(634)) - 02d298ee-5691-417b-b376-6494770463b9@group-7A921FA49D78-SegmentedRaftLogWorker: created new log segment /home/runner/work/ozone/ozone/hadoop-ozone/integration-test/target/test-dir/MiniOzoneClusterImpl-10a7684d-3d33-49d2-80ef-f5f5272a1eb0/datanode-4/data/ratis/4c9e782c-9fbd-4609-95de-7a921fa49d78/current/log_inprogress_0
2024-02-09 18:35:44,247 [02d298ee-5691-417b-b376-6494770463b9@group-7A921FA49D78-StateMachineUpdater] INFO  server.RaftServer$Division (LeaderStateImpl.java:isApplied(320)) - leader is ready since appliedIndex == 0 >= startIndex == 0
2024-02-09 18:35:44,343 [408e6c3a-5292-4cb9-8087-08d5bb587f71@group-3830F8D38876-FollowerState] INFO  impl.FollowerState (FollowerState.java:run(143)) - 408e6c3a-5292-4cb9-8087-08d5bb587f71@group-3830F8D38876-FollowerState: change to CANDIDATE, lastRpcElapsedTime:5069331879ns, electionTimeout:5069ms
2024-02-09 18:35:44,343 [408e6c3a-5292-4cb9-8087-08d5bb587f71@group-3830F8D38876-FollowerState] INFO  impl.RoleInfo (RoleInfo.java:shutdownFollowerState(110)) - 408e6c3a-5292-4cb9-8087-08d5bb587f71: shutdown 408e6c3a-5292-4cb9-8087-08d5bb587f71@group-3830F8D38876-FollowerState
2024-02-09 18:35:44,343 [408e6c3a-5292-4cb9-8087-08d5bb587f71@group-3830F8D38876-FollowerState] INFO  server.RaftServer$Division (RaftServerImpl.java:setRole(383)) - 408e6c3a-5292-4cb9-8087-08d5bb587f71@group-3830F8D38876: changes role from  FOLLOWER to CANDIDATE at term 0 for changeToCandidate
2024-02-09 18:35:44,343 [408e6c3a-5292-4cb9-8087-08d5bb587f71@group-3830F8D38876-FollowerState] INFO  server.RaftServerConfigKeys (ConfUtils.java:logGet(46)) - raft.server.leaderelection.pre-vote = true (default)
2024-02-09 18:35:44,343 [408e6c3a-5292-4cb9-8087-08d5bb587f71@group-3830F8D38876-FollowerState] INFO  impl.RoleInfo (RoleInfo.java:updateAndGet(139)) - 408e6c3a-5292-4cb9-8087-08d5bb587f71: start 408e6c3a-5292-4cb9-8087-08d5bb587f71@group-3830F8D38876-LeaderElection77
2024-02-09 18:35:44,344 [408e6c3a-5292-4cb9-8087-08d5bb587f71@group-3830F8D38876-LeaderElection77] INFO  impl.LeaderElection (LeaderElection.java:askForVotes(321)) - 408e6c3a-5292-4cb9-8087-08d5bb587f71@group-3830F8D38876-LeaderElection77 PRE_VOTE round 0: submit vote requests at term 0 for -1: peers:[408e6c3a-5292-4cb9-8087-08d5bb587f71|10.1.0.43:15433, bf8a30fd-7b22-4fec-9389-eaf0e8889ee9|10.1.0.43:15442, 87145564-582e-4d08-b209-7a2296b785bc|10.1.0.43:15424]|listeners:[], old=null
2024-02-09 18:35:44,344 [408e6c3a-5292-4cb9-8087-08d5bb587f71@group-3830F8D38876-LeaderElection77-1] INFO  server.GrpcServerProtocolClient (GrpcServerProtocolClient.java:<init>(65)) - Build channel for bf8a30fd-7b22-4fec-9389-eaf0e8889ee9|10.1.0.43:15442
2024-02-09 18:35:44,345 [408e6c3a-5292-4cb9-8087-08d5bb587f71@group-3830F8D38876-LeaderElection77-2] INFO  server.GrpcServerProtocolClient (GrpcServerProtocolClient.java:<init>(65)) - Build channel for 87145564-582e-4d08-b209-7a2296b785bc|10.1.0.43:15424
2024-02-09 18:35:44,344 [408e6c3a-5292-4cb9-8087-08d5bb587f71@group-3830F8D38876-LeaderElection77] INFO  server.RaftServerConfigKeys (ConfUtils.java:logFallback(53)) - raft.server.rpc.first-election.timeout.min = 5s (fallback to raft.server.rpc.timeout.min)
2024-02-09 18:35:44,345 [408e6c3a-5292-4cb9-8087-08d5bb587f71@group-3830F8D38876-LeaderElection77] INFO  server.RaftServerConfigKeys (ConfUtils.java:logFallback(53)) - raft.server.rpc.first-election.timeout.max = 5200ms (fallback to raft.server.rpc.timeout.max)
2024-02-09 18:35:44,348 [grpc-default-executor-8] INFO  server.RaftServer$Division (RaftServerImpl.java:requestVote(1389)) - 87145564-582e-4d08-b209-7a2296b785bc@group-3830F8D38876: receive requestVote(PRE_VOTE, 408e6c3a-5292-4cb9-8087-08d5bb587f71, group-3830F8D38876, 0, (t:0, i:0))
2024-02-09 18:35:44,348 [grpc-default-executor-8] INFO  impl.VoteContext (VoteContext.java:log(49)) - 87145564-582e-4d08-b209-7a2296b785bc@group-3830F8D38876-FOLLOWER: accept PRE_VOTE from 408e6c3a-5292-4cb9-8087-08d5bb587f71: our priority 0 <= candidate's priority 0
2024-02-09 18:35:44,348 [grpc-default-executor-8] INFO  server.RaftServer$Division (RaftServerImpl.java:requestVote(1422)) - 87145564-582e-4d08-b209-7a2296b785bc@group-3830F8D38876 replies to PRE_VOTE vote request: 408e6c3a-5292-4cb9-8087-08d5bb587f71<-87145564-582e-4d08-b209-7a2296b785bc#0:OK-t0. Peer's state: 87145564-582e-4d08-b209-7a2296b785bc@group-3830F8D38876:t0, leader=null, voted=, raftlog=Memoized:87145564-582e-4d08-b209-7a2296b785bc@group-3830F8D38876-SegmentedRaftLog:OPENED:c-1, conf=-1: peers:[408e6c3a-5292-4cb9-8087-08d5bb587f71|10.1.0.43:15433, bf8a30fd-7b22-4fec-9389-eaf0e8889ee9|10.1.0.43:15442, 87145564-582e-4d08-b209-7a2296b785bc|10.1.0.43:15424]|listeners:[], old=null
2024-02-09 18:35:44,349 [408e6c3a-5292-4cb9-8087-08d5bb587f71@group-098DEECB2FAA-FollowerState] INFO  impl.FollowerState (FollowerState.java:run(143)) - 408e6c3a-5292-4cb9-8087-08d5bb587f71@group-098DEECB2FAA-FollowerState: change to CANDIDATE, lastRpcElapsedTime:5002365956ns, electionTimeout:5002ms
2024-02-09 18:35:44,349 [408e6c3a-5292-4cb9-8087-08d5bb587f71@group-098DEECB2FAA-FollowerState] INFO  impl.RoleInfo (RoleInfo.java:shutdownFollowerState(110)) - 408e6c3a-5292-4cb9-8087-08d5bb587f71: shutdown 408e6c3a-5292-4cb9-8087-08d5bb587f71@group-098DEECB2FAA-FollowerState
2024-02-09 18:35:44,349 [408e6c3a-5292-4cb9-8087-08d5bb587f71@group-098DEECB2FAA-FollowerState] INFO  server.RaftServer$Division (RaftServerImpl.java:setRole(383)) - 408e6c3a-5292-4cb9-8087-08d5bb587f71@group-098DEECB2FAA: changes role from  FOLLOWER to CANDIDATE at term 0 for changeToCandidate
2024-02-09 18:35:44,350 [408e6c3a-5292-4cb9-8087-08d5bb587f71@group-098DEECB2FAA-FollowerState] INFO  server.RaftServerConfigKeys (ConfUtils.java:logGet(46)) - raft.server.leaderelection.pre-vote = true (default)
2024-02-09 18:35:44,350 [408e6c3a-5292-4cb9-8087-08d5bb587f71@group-098DEECB2FAA-FollowerState] INFO  impl.RoleInfo (RoleInfo.java:updateAndGet(139)) - 408e6c3a-5292-4cb9-8087-08d5bb587f71: start 408e6c3a-5292-4cb9-8087-08d5bb587f71@group-098DEECB2FAA-LeaderElection78
2024-02-09 18:35:44,351 [408e6c3a-5292-4cb9-8087-08d5bb587f71@group-098DEECB2FAA-LeaderElection78] INFO  impl.LeaderElection (LeaderElection.java:askForVotes(321)) - 408e6c3a-5292-4cb9-8087-08d5bb587f71@group-098DEECB2FAA-LeaderElection78 PRE_VOTE round 0: submit vote requests at term 0 for -1: peers:[408e6c3a-5292-4cb9-8087-08d5bb587f71|10.1.0.43:15433]|listeners:[], old=null
2024-02-09 18:35:44,351 [408e6c3a-5292-4cb9-8087-08d5bb587f71@group-098DEECB2FAA-LeaderElection78] INFO  impl.LeaderElection (LeaderElection.java:askForVotes(323)) - 408e6c3a-5292-4cb9-8087-08d5bb587f71@group-098DEECB2FAA-LeaderElection78 PRE_VOTE round 0: result PASSED (term=0)
2024-02-09 18:35:44,351 [grpc-default-executor-8] INFO  server.RaftServer$Division (RaftServerImpl.java:requestVote(1389)) - bf8a30fd-7b22-4fec-9389-eaf0e8889ee9@group-3830F8D38876: receive requestVote(PRE_VOTE, 408e6c3a-5292-4cb9-8087-08d5bb587f71, group-3830F8D38876, 0, (t:0, i:0))
2024-02-09 18:35:44,352 [grpc-default-executor-8] INFO  impl.VoteContext (VoteContext.java:log(49)) - bf8a30fd-7b22-4fec-9389-eaf0e8889ee9@group-3830F8D38876-FOLLOWER: reject PRE_VOTE from 408e6c3a-5292-4cb9-8087-08d5bb587f71: our priority 1 > candidate's priority 0
2024-02-09 18:35:44,352 [grpc-default-executor-8] INFO  server.RaftServer$Division (RaftServerImpl.java:requestVote(1422)) - bf8a30fd-7b22-4fec-9389-eaf0e8889ee9@group-3830F8D38876 replies to PRE_VOTE vote request: 408e6c3a-5292-4cb9-8087-08d5bb587f71<-bf8a30fd-7b22-4fec-9389-eaf0e8889ee9#0:FAIL-t0. Peer's state: bf8a30fd-7b22-4fec-9389-eaf0e8889ee9@group-3830F8D38876:t0, leader=null, voted=, raftlog=Memoized:bf8a30fd-7b22-4fec-9389-eaf0e8889ee9@group-3830F8D38876-SegmentedRaftLog:OPENED:c-1, conf=-1: peers:[408e6c3a-5292-4cb9-8087-08d5bb587f71|10.1.0.43:15433, bf8a30fd-7b22-4fec-9389-eaf0e8889ee9|10.1.0.43:15442, 87145564-582e-4d08-b209-7a2296b785bc|10.1.0.43:15424]|listeners:[], old=null
2024-02-09 18:35:44,352 [408e6c3a-5292-4cb9-8087-08d5bb587f71@group-098DEECB2FAA-LeaderElection78] INFO  impl.LeaderElection (LeaderElection.java:askForVotes(321)) - 408e6c3a-5292-4cb9-8087-08d5bb587f71@group-098DEECB2FAA-LeaderElection78 ELECTION round 0: submit vote requests at term 1 for -1: peers:[408e6c3a-5292-4cb9-8087-08d5bb587f71|10.1.0.43:15433]|listeners:[], old=null
2024-02-09 18:35:44,352 [408e6c3a-5292-4cb9-8087-08d5bb587f71@group-098DEECB2FAA-LeaderElection78] INFO  impl.LeaderElection (LeaderElection.java:askForVotes(323)) - 408e6c3a-5292-4cb9-8087-08d5bb587f71@group-098DEECB2FAA-LeaderElection78 ELECTION round 0: result PASSED (term=1)
2024-02-09 18:35:44,352 [408e6c3a-5292-4cb9-8087-08d5bb587f71@group-098DEECB2FAA-LeaderElection78] INFO  impl.RoleInfo (RoleInfo.java:shutdownLeaderElection(130)) - 408e6c3a-5292-4cb9-8087-08d5bb587f71: shutdown 408e6c3a-5292-4cb9-8087-08d5bb587f71@group-098DEECB2FAA-LeaderElection78
2024-02-09 18:35:44,352 [408e6c3a-5292-4cb9-8087-08d5bb587f71@group-098DEECB2FAA-LeaderElection78] INFO  server.RaftServer$Division (RaftServerImpl.java:setRole(383)) - 408e6c3a-5292-4cb9-8087-08d5bb587f71@group-098DEECB2FAA: changes role from CANDIDATE to LEADER at term 1 for changeToLeader
2024-02-09 18:35:44,352 [408e6c3a-5292-4cb9-8087-08d5bb587f71@group-098DEECB2FAA-LeaderElection78] INFO  server.RaftServerConfigKeys (ConfUtils.java:logGet(46)) - raft.server.staging.catchup.gap = 1000 (default)
2024-02-09 18:35:44,352 [408e6c3a-5292-4cb9-8087-08d5bb587f71@group-098DEECB2FAA-LeaderElection78] INFO  server.RaftServerConfigKeys (ConfUtils.java:logGet(46)) - raft.server.write.element-limit = 1024 (custom)
2024-02-09 18:35:44,352 [408e6c3a-5292-4cb9-8087-08d5bb587f71@group-098DEECB2FAA-LeaderElection78] INFO  server.RaftServerConfigKeys (ConfUtils.java:logGet(46)) - raft.server.write.byte-limit = 1024 M (=1073741824) (custom)
2024-02-09 18:35:44,352 [408e6c3a-5292-4cb9-8087-08d5bb587f71@group-098DEECB2FAA-LeaderElection78] INFO  server.RaftServerConfigKeys (ConfUtils.java:logGet(46)) - raft.server.watch.timeout = 3000ms (custom)
2024-02-09 18:35:44,352 [408e6c3a-5292-4cb9-8087-08d5bb587f71@group-098DEECB2FAA-LeaderElection78] INFO  server.RaftServerConfigKeys (ConfUtils.java:logGet(46)) - raft.server.watch.timeout.denomination = 1s (default)
2024-02-09 18:35:44,352 [408e6c3a-5292-4cb9-8087-08d5bb587f71@group-098DEECB2FAA-LeaderElection78] INFO  server.RaftServerConfigKeys (ConfUtils.java:logGet(46)) - raft.server.watch.element-limit = 65536 (default)
2024-02-09 18:35:44,352 [408e6c3a-5292-4cb9-8087-08d5bb587f71@group-098DEECB2FAA-LeaderElection78] INFO  server.RaftServerConfigKeys (ConfUtils.java:logGet(46)) - raft.server.read.leader.lease.enabled = false (default)
2024-02-09 18:35:44,352 [408e6c3a-5292-4cb9-8087-08d5bb587f71@group-098DEECB2FAA-LeaderElection78] INFO  server.RaftServerConfigKeys (ConfUtils.java:logGet(46)) - raft.server.read.leader.lease.timeout.ratio = 0.9 (default)
2024-02-09 18:35:44,352 [408e6c3a-5292-4cb9-8087-08d5bb587f71@group-098DEECB2FAA-LeaderElection78] INFO  server.RaftServerConfigKeys (ConfUtils.java:logGet(46)) - raft.server.rpc.timeout.min = 5s (custom)
2024-02-09 18:35:44,352 [408e6c3a-5292-4cb9-8087-08d5bb587f71@group-098DEECB2FAA-LeaderElection78] INFO  server.RaftServerConfigKeys (ConfUtils.java:logGet(46)) - raft.server.write.element-limit = 1024 (custom)
2024-02-09 18:35:44,352 [408e6c3a-5292-4cb9-8087-08d5bb587f71@group-098DEECB2FAA-LeaderElection78] INFO  server.RaftServerConfigKeys (ConfUtils.java:logGet(46)) - raft.server.write.follower.gap.ratio.max = -1.0 (default)
2024-02-09 18:35:44,353 [408e6c3a-5292-4cb9-8087-08d5bb587f71@group-098DEECB2FAA-LeaderElection78] INFO  impl.RoleInfo (RoleInfo.java:updateAndGet(139)) - 408e6c3a-5292-4cb9-8087-08d5bb587f71: start 408e6c3a-5292-4cb9-8087-08d5bb587f71@group-098DEECB2FAA-LeaderStateImpl
2024-02-09 18:35:44,353 [408e6c3a-5292-4cb9-8087-08d5bb587f71@group-098DEECB2FAA-LeaderElection78] INFO  server.RaftServer$Division (RaftServerImpl.java:setFirstElection(574)) - 408e6c3a-5292-4cb9-8087-08d5bb587f71@group-098DEECB2FAA: set firstElectionSinceStartup to false for becomeLeader
2024-02-09 18:35:44,353 [408e6c3a-5292-4cb9-8087-08d5bb587f71@group-098DEECB2FAA-LeaderElection78] INFO  ratis.XceiverServerRatis (XceiverServerRatis.java:handleLeaderChangedNotification(966)) - Leader change notification received for group: group-098DEECB2FAA with new leaderId: 408e6c3a-5292-4cb9-8087-08d5bb587f71
2024-02-09 18:35:44,353 [408e6c3a-5292-4cb9-8087-08d5bb587f71@group-098DEECB2FAA-LeaderElection78] INFO  server.RaftServer$Division (ServerState.java:setLeader(269)) - 408e6c3a-5292-4cb9-8087-08d5bb587f71@group-098DEECB2FAA: change Leader from null to 408e6c3a-5292-4cb9-8087-08d5bb587f71 at term 1 for becomeLeader, leader elected after 5012ms
2024-02-09 18:35:44,353 [408e6c3a-5292-4cb9-8087-08d5bb587f71@group-098DEECB2FAA-LeaderElection78] INFO  segmented.SegmentedRaftLogWorker (SegmentedRaftLogWorker.java:startLogSegment(430)) - 408e6c3a-5292-4cb9-8087-08d5bb587f71@group-098DEECB2FAA-SegmentedRaftLogWorker: Starting segment from index:0
2024-02-09 18:35:44,354 [408e6c3a-5292-4cb9-8087-08d5bb587f71@group-098DEECB2FAA-LeaderElection78] INFO  server.RaftServer$Division (ServerState.java:setRaftConf(386)) - 408e6c3a-5292-4cb9-8087-08d5bb587f71@group-098DEECB2FAA: set configuration 0: peers:[408e6c3a-5292-4cb9-8087-08d5bb587f71|10.1.0.43:15433]|listeners:[], old=null
2024-02-09 18:35:44,354 [408e6c3a-5292-4cb9-8087-08d5bb587f71@group-098DEECB2FAA-SegmentedRaftLogWorker] INFO  segmented.BufferedWriteChannel (BufferedWriteChannel.java:open(62)) - open log_inprogress_0 at position 0
2024-02-09 18:35:44,355 [408e6c3a-5292-4cb9-8087-08d5bb587f71@group-3830F8D38876-LeaderElection77] INFO  impl.LeaderElection (LeaderElection.java:logAndReturn(89)) - 408e6c3a-5292-4cb9-8087-08d5bb587f71@group-3830F8D38876-LeaderElection77: PRE_VOTE REJECTED received 2 response(s) and 0 exception(s):
2024-02-09 18:35:44,355 [408e6c3a-5292-4cb9-8087-08d5bb587f71@group-3830F8D38876-LeaderElection77] INFO  impl.LeaderElection (LeaderElection.java:logAndReturn(93)) -   Response 0: 408e6c3a-5292-4cb9-8087-08d5bb587f71<-bf8a30fd-7b22-4fec-9389-eaf0e8889ee9#0:FAIL-t0
2024-02-09 18:35:44,355 [408e6c3a-5292-4cb9-8087-08d5bb587f71@group-3830F8D38876-LeaderElection77] INFO  impl.LeaderElection (LeaderElection.java:logAndReturn(93)) -   Response 1: 408e6c3a-5292-4cb9-8087-08d5bb587f71<-87145564-582e-4d08-b209-7a2296b785bc#0:OK-t0
2024-02-09 18:35:44,355 [408e6c3a-5292-4cb9-8087-08d5bb587f71@group-3830F8D38876-LeaderElection77] INFO  impl.LeaderElection (LeaderElection.java:askForVotes(323)) - 408e6c3a-5292-4cb9-8087-08d5bb587f71@group-3830F8D38876-LeaderElection77 PRE_VOTE round 0: result REJECTED
2024-02-09 18:35:44,356 [408e6c3a-5292-4cb9-8087-08d5bb587f71@group-3830F8D38876-LeaderElection77] INFO  server.RaftServer$Division (RaftServerImpl.java:setRole(383)) - 408e6c3a-5292-4cb9-8087-08d5bb587f71@group-3830F8D38876: changes role from CANDIDATE to FOLLOWER at term 0 for REJECTED
2024-02-09 18:35:44,356 [408e6c3a-5292-4cb9-8087-08d5bb587f71@group-3830F8D38876-LeaderElection77] INFO  impl.RoleInfo (RoleInfo.java:shutdownLeaderElection(130)) - 408e6c3a-5292-4cb9-8087-08d5bb587f71: shutdown 408e6c3a-5292-4cb9-8087-08d5bb587f71@group-3830F8D38876-LeaderElection77
2024-02-09 18:35:44,356 [408e6c3a-5292-4cb9-8087-08d5bb587f71@group-3830F8D38876-LeaderElection77] INFO  impl.RoleInfo (RoleInfo.java:updateAndGet(139)) - 408e6c3a-5292-4cb9-8087-08d5bb587f71: start 408e6c3a-5292-4cb9-8087-08d5bb587f71@group-3830F8D38876-FollowerState
2024-02-09 18:35:44,356 [408e6c3a-5292-4cb9-8087-08d5bb587f71@group-3830F8D38876-LeaderElection77] INFO  server.RaftServer$Division (RaftServerImpl.java:setFirstElection(574)) - 408e6c3a-5292-4cb9-8087-08d5bb587f71@group-3830F8D38876: set firstElectionSinceStartup to false for REJECTED
2024-02-09 18:35:44,360 [408e6c3a-5292-4cb9-8087-08d5bb587f71@group-098DEECB2FAA-SegmentedRaftLogWorker] INFO  segmented.SegmentedRaftLogWorker (SegmentedRaftLogWorker.java:execute(634)) - 408e6c3a-5292-4cb9-8087-08d5bb587f71@group-098DEECB2FAA-SegmentedRaftLogWorker: created new log segment /home/runner/work/ozone/ozone/hadoop-ozone/integration-test/target/test-dir/MiniOzoneClusterImpl-10a7684d-3d33-49d2-80ef-f5f5272a1eb0/datanode-7/data/ratis/0ad5ed76-d86a-479d-93d9-098deecb2faa/current/log_inprogress_0
2024-02-09 18:35:44,362 [408e6c3a-5292-4cb9-8087-08d5bb587f71@group-098DEECB2FAA-StateMachineUpdater] INFO  server.RaftServer$Division (LeaderStateImpl.java:isApplied(320)) - leader is ready since appliedIndex == 0 >= startIndex == 0
2024-02-09 18:35:44,400 [87145564-582e-4d08-b209-7a2296b785bc@group-56B751C24A32-FollowerState] INFO  impl.FollowerState (FollowerState.java:run(143)) - 87145564-582e-4d08-b209-7a2296b785bc@group-56B751C24A32-FollowerState: change to CANDIDATE, lastRpcElapsedTime:5152425893ns, electionTimeout:5152ms
2024-02-09 18:35:44,400 [87145564-582e-4d08-b209-7a2296b785bc@group-56B751C24A32-FollowerState] INFO  impl.RoleInfo (RoleInfo.java:shutdownFollowerState(110)) - 87145564-582e-4d08-b209-7a2296b785bc: shutdown 87145564-582e-4d08-b209-7a2296b785bc@group-56B751C24A32-FollowerState
2024-02-09 18:35:44,400 [87145564-582e-4d08-b209-7a2296b785bc@group-56B751C24A32-FollowerState] INFO  server.RaftServer$Division (RaftServerImpl.java:setRole(383)) - 87145564-582e-4d08-b209-7a2296b785bc@group-56B751C24A32: changes role from  FOLLOWER to CANDIDATE at term 0 for changeToCandidate
2024-02-09 18:35:44,400 [87145564-582e-4d08-b209-7a2296b785bc@group-56B751C24A32-FollowerState] INFO  server.RaftServerConfigKeys (ConfUtils.java:logGet(46)) - raft.server.leaderelection.pre-vote = true (default)
2024-02-09 18:35:44,400 [87145564-582e-4d08-b209-7a2296b785bc@group-56B751C24A32-FollowerState] INFO  impl.RoleInfo (RoleInfo.java:updateAndGet(139)) - 87145564-582e-4d08-b209-7a2296b785bc: start 87145564-582e-4d08-b209-7a2296b785bc@group-56B751C24A32-LeaderElection79
2024-02-09 18:35:44,401 [87145564-582e-4d08-b209-7a2296b785bc@group-56B751C24A32-LeaderElection79] INFO  impl.LeaderElection (LeaderElection.java:askForVotes(321)) - 87145564-582e-4d08-b209-7a2296b785bc@group-56B751C24A32-LeaderElection79 PRE_VOTE round 0: submit vote requests at term 0 for -1: peers:[87145564-582e-4d08-b209-7a2296b785bc|10.1.0.43:15424]|listeners:[], old=null
2024-02-09 18:35:44,401 [87145564-582e-4d08-b209-7a2296b785bc@group-56B751C24A32-LeaderElection79] INFO  impl.LeaderElection (LeaderElection.java:askForVotes(323)) - 87145564-582e-4d08-b209-7a2296b785bc@group-56B751C24A32-LeaderElection79 PRE_VOTE round 0: result PASSED (term=0)
2024-02-09 18:35:44,402 [87145564-582e-4d08-b209-7a2296b785bc@group-56B751C24A32-LeaderElection79] INFO  impl.LeaderElection (LeaderElection.java:askForVotes(321)) - 87145564-582e-4d08-b209-7a2296b785bc@group-56B751C24A32-LeaderElection79 ELECTION round 0: submit vote requests at term 1 for -1: peers:[87145564-582e-4d08-b209-7a2296b785bc|10.1.0.43:15424]|listeners:[], old=null
2024-02-09 18:35:44,402 [87145564-582e-4d08-b209-7a2296b785bc@group-56B751C24A32-LeaderElection79] INFO  impl.LeaderElection (LeaderElection.java:askForVotes(323)) - 87145564-582e-4d08-b209-7a2296b785bc@group-56B751C24A32-LeaderElection79 ELECTION round 0: result PASSED (term=1)
2024-02-09 18:35:44,402 [87145564-582e-4d08-b209-7a2296b785bc@group-56B751C24A32-LeaderElection79] INFO  impl.RoleInfo (RoleInfo.java:shutdownLeaderElection(130)) - 87145564-582e-4d08-b209-7a2296b785bc: shutdown 87145564-582e-4d08-b209-7a2296b785bc@group-56B751C24A32-LeaderElection79
2024-02-09 18:35:44,402 [87145564-582e-4d08-b209-7a2296b785bc@group-56B751C24A32-LeaderElection79] INFO  server.RaftServer$Division (RaftServerImpl.java:setRole(383)) - 87145564-582e-4d08-b209-7a2296b785bc@group-56B751C24A32: changes role from CANDIDATE to LEADER at term 1 for changeToLeader
2024-02-09 18:35:44,402 [87145564-582e-4d08-b209-7a2296b785bc@group-56B751C24A32-LeaderElection79] INFO  server.RaftServerConfigKeys (ConfUtils.java:logGet(46)) - raft.server.staging.catchup.gap = 1000 (default)
2024-02-09 18:35:44,402 [87145564-582e-4d08-b209-7a2296b785bc@group-56B751C24A32-LeaderElection79] INFO  server.RaftServerConfigKeys (ConfUtils.java:logGet(46)) - raft.server.write.element-limit = 1024 (custom)
2024-02-09 18:35:44,402 [87145564-582e-4d08-b209-7a2296b785bc@group-56B751C24A32-LeaderElection79] INFO  server.RaftServerConfigKeys (ConfUtils.java:logGet(46)) - raft.server.write.byte-limit = 1024 M (=1073741824) (custom)
2024-02-09 18:35:44,403 [87145564-582e-4d08-b209-7a2296b785bc@group-56B751C24A32-LeaderElection79] INFO  server.RaftServerConfigKeys (ConfUtils.java:logGet(46)) - raft.server.watch.timeout = 3000ms (custom)
2024-02-09 18:35:44,403 [87145564-582e-4d08-b209-7a2296b785bc@group-56B751C24A32-LeaderElection79] INFO  server.RaftServerConfigKeys (ConfUtils.java:logGet(46)) - raft.server.watch.timeout.denomination = 1s (default)
2024-02-09 18:35:44,403 [87145564-582e-4d08-b209-7a2296b785bc@group-56B751C24A32-LeaderElection79] INFO  server.RaftServerConfigKeys (ConfUtils.java:logGet(46)) - raft.server.watch.element-limit = 65536 (default)
2024-02-09 18:35:44,403 [87145564-582e-4d08-b209-7a2296b785bc@group-56B751C24A32-LeaderElection79] INFO  server.RaftServerConfigKeys (ConfUtils.java:logGet(46)) - raft.server.read.leader.lease.enabled = false (default)
2024-02-09 18:35:44,403 [87145564-582e-4d08-b209-7a2296b785bc@group-56B751C24A32-LeaderElection79] INFO  server.RaftServerConfigKeys (ConfUtils.java:logGet(46)) - raft.server.read.leader.lease.timeout.ratio = 0.9 (default)
2024-02-09 18:35:44,403 [87145564-582e-4d08-b209-7a2296b785bc@group-56B751C24A32-LeaderElection79] INFO  server.RaftServerConfigKeys (ConfUtils.java:logGet(46)) - raft.server.rpc.timeout.min = 5s (custom)
2024-02-09 18:35:44,403 [87145564-582e-4d08-b209-7a2296b785bc@group-56B751C24A32-LeaderElection79] INFO  server.RaftServerConfigKeys (ConfUtils.java:logGet(46)) - raft.server.write.element-limit = 1024 (custom)
2024-02-09 18:35:44,403 [87145564-582e-4d08-b209-7a2296b785bc@group-56B751C24A32-LeaderElection79] INFO  server.RaftServerConfigKeys (ConfUtils.java:logGet(46)) - raft.server.write.follower.gap.ratio.max = -1.0 (default)
2024-02-09 18:35:44,403 [87145564-582e-4d08-b209-7a2296b785bc@group-56B751C24A32-LeaderElection79] INFO  impl.RoleInfo (RoleInfo.java:updateAndGet(139)) - 87145564-582e-4d08-b209-7a2296b785bc: start 87145564-582e-4d08-b209-7a2296b785bc@group-56B751C24A32-LeaderStateImpl
2024-02-09 18:35:44,403 [87145564-582e-4d08-b209-7a2296b785bc@group-56B751C24A32-LeaderElection79] INFO  server.RaftServer$Division (RaftServerImpl.java:setFirstElection(574)) - 87145564-582e-4d08-b209-7a2296b785bc@group-56B751C24A32: set firstElectionSinceStartup to false for becomeLeader
2024-02-09 18:35:44,403 [87145564-582e-4d08-b209-7a2296b785bc@group-56B751C24A32-LeaderElection79] INFO  ratis.XceiverServerRatis (XceiverServerRatis.java:handleLeaderChangedNotification(966)) - Leader change notification received for group: group-56B751C24A32 with new leaderId: 87145564-582e-4d08-b209-7a2296b785bc
2024-02-09 18:35:44,403 [87145564-582e-4d08-b209-7a2296b785bc@group-56B751C24A32-LeaderElection79] INFO  server.RaftServer$Division (ServerState.java:setLeader(269)) - 87145564-582e-4d08-b209-7a2296b785bc@group-56B751C24A32: change Leader from null to 87145564-582e-4d08-b209-7a2296b785bc at term 1 for becomeLeader, leader elected after 5167ms
2024-02-09 18:35:44,403 [87145564-582e-4d08-b209-7a2296b785bc@group-56B751C24A32-LeaderElection79] INFO  segmented.SegmentedRaftLogWorker (SegmentedRaftLogWorker.java:startLogSegment(430)) - 87145564-582e-4d08-b209-7a2296b785bc@group-56B751C24A32-SegmentedRaftLogWorker: Starting segment from index:0
2024-02-09 18:35:44,404 [87145564-582e-4d08-b209-7a2296b785bc@group-56B751C24A32-LeaderElection79] INFO  server.RaftServer$Division (ServerState.java:setRaftConf(386)) - 87145564-582e-4d08-b209-7a2296b785bc@group-56B751C24A32: set configuration 0: peers:[87145564-582e-4d08-b209-7a2296b785bc|10.1.0.43:15424]|listeners:[], old=null
2024-02-09 18:35:44,404 [87145564-582e-4d08-b209-7a2296b785bc@group-56B751C24A32-SegmentedRaftLogWorker] INFO  segmented.BufferedWriteChannel (BufferedWriteChannel.java:open(62)) - open log_inprogress_0 at position 0
2024-02-09 18:35:44,411 [87145564-582e-4d08-b209-7a2296b785bc@group-56B751C24A32-SegmentedRaftLogWorker] INFO  segmented.SegmentedRaftLogWorker (SegmentedRaftLogWorker.java:execute(634)) - 87145564-582e-4d08-b209-7a2296b785bc@group-56B751C24A32-SegmentedRaftLogWorker: created new log segment /home/runner/work/ozone/ozone/hadoop-ozone/integration-test/target/test-dir/MiniOzoneClusterImpl-10a7684d-3d33-49d2-80ef-f5f5272a1eb0/datanode-6/data/ratis/df469fe8-93f1-48fc-991a-56b751c24a32/current/log_inprogress_0
2024-02-09 18:35:44,412 [87145564-582e-4d08-b209-7a2296b785bc@group-56B751C24A32-StateMachineUpdater] INFO  server.RaftServer$Division (LeaderStateImpl.java:isApplied(320)) - leader is ready since appliedIndex == 0 >= startIndex == 0
2024-02-09 18:35:44,426 [87145564-582e-4d08-b209-7a2296b785bc@group-3830F8D38876-FollowerState] INFO  server.RaftServerConfigKeys (ConfUtils.java:logFallback(53)) - raft.server.rpc.first-election.timeout.min = 5s (fallback to raft.server.rpc.timeout.min)
2024-02-09 18:35:44,426 [87145564-582e-4d08-b209-7a2296b785bc@group-3830F8D38876-FollowerState] INFO  server.RaftServerConfigKeys (ConfUtils.java:logFallback(53)) - raft.server.rpc.first-election.timeout.max = 5200ms (fallback to raft.server.rpc.timeout.max)
2024-02-09 18:35:44,434 [main] INFO  ozone.MiniOzoneClusterImpl (MiniOzoneClusterImpl.java:lambda$waitForClusterToBeReady$0(221)) - Nodes are ready. Got 9 of 9 DN Heartbeats.
2024-02-09 18:35:44,435 [main] INFO  ozone.MiniOzoneClusterImpl (MiniOzoneClusterImpl.java:lambda$waitForClusterToBeReady$0(224)) - Cluster exits safe mode
2024-02-09 18:35:44,435 [main] INFO  ozone.MiniOzoneClusterImpl (MiniOzoneClusterImpl.java:lambda$waitForClusterToBeReady$0(226)) - SCM became leader
2024-02-09 18:35:44,436 [main] INFO  protocolPB.OmTransportFactory (OmTransportFactory.java:createFactory(62)) - Loading OM transport implementation org.apache.hadoop.ozone.om.protocolPB.Hadoop3OmTransportFactory as specified by configuration.
2024-02-09 18:35:44,442 [main] INFO  rpc.RpcClient (RpcClient.java:createVolume(456)) - Creating Volume: watchforcommithandlingtest, with runner as owner and space quota set to -1 bytes, counts quota set to -1
2024-02-09 18:35:44,445 [om1-OMStateMachineApplyTransactionThread - 0] INFO  volume.OMVolumeCreateRequest (OMVolumeCreateRequest.java:validateAndUpdateCache(198)) - created volume:watchforcommithandlingtest for user:runner
2024-02-09 18:35:44,449 [main] INFO  rpc.RpcClient (RpcClient.java:createBucket(683)) - Creating Bucket: watchforcommithandlingtest/watchforcommithandlingtest, with server-side default bucket layout, runner as owner, Versioning false, Storage Type set to DISK and Encryption set to false, Replication Type set to server-side default replication type, Namespace Quota set to -1, Space Quota set to -1 
2024-02-09 18:35:44,451 [om1-OMStateMachineApplyTransactionThread - 0] INFO  bucket.OMBucketCreateRequest (OMBucketCreateRequest.java:validateAndUpdateCache(292)) - created bucket: watchforcommithandlingtest of layout FILE_SYSTEM_OPTIMIZED in volume: watchforcommithandlingtest
2024-02-09 18:35:44,456 [IPC Server handler 1 on default port 15356] INFO  ha.SequenceIdGenerator (SequenceIdGenerator.java:getNextId(145)) - Allocate a batch for containerId, change lastId from 0 to 1000.
2024-02-09 18:35:44,463 [bf8a30fd-7b22-4fec-9389-eaf0e8889ee9@group-3830F8D38876-FollowerState] INFO  impl.FollowerState (FollowerState.java:run(143)) - bf8a30fd-7b22-4fec-9389-eaf0e8889ee9@group-3830F8D38876-FollowerState: change to CANDIDATE, lastRpcElapsedTime:5171865504ns, electionTimeout:5171ms
2024-02-09 18:35:44,463 [bf8a30fd-7b22-4fec-9389-eaf0e8889ee9@group-3830F8D38876-FollowerState] INFO  impl.RoleInfo (RoleInfo.java:shutdownFollowerState(110)) - bf8a30fd-7b22-4fec-9389-eaf0e8889ee9: shutdown bf8a30fd-7b22-4fec-9389-eaf0e8889ee9@group-3830F8D38876-FollowerState
2024-02-09 18:35:44,463 [bf8a30fd-7b22-4fec-9389-eaf0e8889ee9@group-3830F8D38876-FollowerState] INFO  server.RaftServer$Division (RaftServerImpl.java:setRole(383)) - bf8a30fd-7b22-4fec-9389-eaf0e8889ee9@group-3830F8D38876: changes role from  FOLLOWER to CANDIDATE at term 0 for changeToCandidate
2024-02-09 18:35:44,463 [bf8a30fd-7b22-4fec-9389-eaf0e8889ee9@group-3830F8D38876-FollowerState] INFO  server.RaftServerConfigKeys (ConfUtils.java:logGet(46)) - raft.server.leaderelection.pre-vote = true (default)
2024-02-09 18:35:44,463 [bf8a30fd-7b22-4fec-9389-eaf0e8889ee9@group-3830F8D38876-FollowerState] INFO  impl.RoleInfo (RoleInfo.java:updateAndGet(139)) - bf8a30fd-7b22-4fec-9389-eaf0e8889ee9: start bf8a30fd-7b22-4fec-9389-eaf0e8889ee9@group-3830F8D38876-LeaderElection80
2024-02-09 18:35:44,466 [bf8a30fd-7b22-4fec-9389-eaf0e8889ee9@group-3830F8D38876-LeaderElection80] INFO  impl.LeaderElection (LeaderElection.java:askForVotes(321)) - bf8a30fd-7b22-4fec-9389-eaf0e8889ee9@group-3830F8D38876-LeaderElection80 PRE_VOTE round 0: submit vote requests at term 0 for -1: peers:[408e6c3a-5292-4cb9-8087-08d5bb587f71|10.1.0.43:15433, bf8a30fd-7b22-4fec-9389-eaf0e8889ee9|10.1.0.43:15442, 87145564-582e-4d08-b209-7a2296b785bc|10.1.0.43:15424]|listeners:[], old=null
2024-02-09 18:35:44,467 [bf8a30fd-7b22-4fec-9389-eaf0e8889ee9@group-3830F8D38876-LeaderElection80-1] INFO  server.GrpcServerProtocolClient (GrpcServerProtocolClient.java:<init>(65)) - Build channel for 408e6c3a-5292-4cb9-8087-08d5bb587f71|10.1.0.43:15433
2024-02-09 18:35:44,467 [bf8a30fd-7b22-4fec-9389-eaf0e8889ee9@group-3830F8D38876-LeaderElection80] INFO  server.RaftServerConfigKeys (ConfUtils.java:logFallback(53)) - raft.server.rpc.first-election.timeout.min = 5s (fallback to raft.server.rpc.timeout.min)
2024-02-09 18:35:44,467 [bf8a30fd-7b22-4fec-9389-eaf0e8889ee9@group-3830F8D38876-LeaderElection80-2] INFO  server.GrpcServerProtocolClient (GrpcServerProtocolClient.java:<init>(65)) - Build channel for 87145564-582e-4d08-b209-7a2296b785bc|10.1.0.43:15424
2024-02-09 18:35:44,467 [bf8a30fd-7b22-4fec-9389-eaf0e8889ee9@group-3830F8D38876-LeaderElection80] INFO  server.RaftServerConfigKeys (ConfUtils.java:logFallback(53)) - raft.server.rpc.first-election.timeout.max = 5200ms (fallback to raft.server.rpc.timeout.max)
2024-02-09 18:35:44,477 [grpc-default-executor-4] INFO  server.RaftServer$Division (RaftServerImpl.java:requestVote(1389)) - 408e6c3a-5292-4cb9-8087-08d5bb587f71@group-3830F8D38876: receive requestVote(PRE_VOTE, bf8a30fd-7b22-4fec-9389-eaf0e8889ee9, group-3830F8D38876, 0, (t:0, i:0))
2024-02-09 18:35:44,477 [grpc-default-executor-4] INFO  impl.VoteContext (VoteContext.java:log(49)) - 408e6c3a-5292-4cb9-8087-08d5bb587f71@group-3830F8D38876-FOLLOWER: accept PRE_VOTE from bf8a30fd-7b22-4fec-9389-eaf0e8889ee9: our priority 0 <= candidate's priority 1
2024-02-09 18:35:44,477 [grpc-default-executor-4] INFO  server.RaftServer$Division (RaftServerImpl.java:requestVote(1422)) - 408e6c3a-5292-4cb9-8087-08d5bb587f71@group-3830F8D38876 replies to PRE_VOTE vote request: bf8a30fd-7b22-4fec-9389-eaf0e8889ee9<-408e6c3a-5292-4cb9-8087-08d5bb587f71#0:OK-t0. Peer's state: 408e6c3a-5292-4cb9-8087-08d5bb587f71@group-3830F8D38876:t0, leader=null, voted=, raftlog=Memoized:408e6c3a-5292-4cb9-8087-08d5bb587f71@group-3830F8D38876-SegmentedRaftLog:OPENED:c-1, conf=-1: peers:[408e6c3a-5292-4cb9-8087-08d5bb587f71|10.1.0.43:15433, bf8a30fd-7b22-4fec-9389-eaf0e8889ee9|10.1.0.43:15442, 87145564-582e-4d08-b209-7a2296b785bc|10.1.0.43:15424]|listeners:[], old=null
2024-02-09 18:35:44,480 [bf8a30fd-7b22-4fec-9389-eaf0e8889ee9@group-3830F8D38876-LeaderElection80] INFO  impl.LeaderElection (LeaderElection.java:logAndReturn(89)) - bf8a30fd-7b22-4fec-9389-eaf0e8889ee9@group-3830F8D38876-LeaderElection80: PRE_VOTE PASSED received 1 response(s) and 0 exception(s):
2024-02-09 18:35:44,483 [main] INFO  ozoneimpl.OzoneContainer (OzoneContainer.java:stop(481)) - Attempting to stop container services.
2024-02-09 18:35:44,482 [bf8a30fd-7b22-4fec-9389-eaf0e8889ee9@group-2F070E17DBC0-FollowerState] INFO  impl.FollowerState (FollowerState.java:run(143)) - bf8a30fd-7b22-4fec-9389-eaf0e8889ee9@group-2F070E17DBC0-FollowerState: change to CANDIDATE, lastRpcElapsedTime:5041512545ns, electionTimeout:5041ms
2024-02-09 18:35:44,484 [bf8a30fd-7b22-4fec-9389-eaf0e8889ee9@group-2F070E17DBC0-FollowerState] INFO  impl.RoleInfo (RoleInfo.java:shutdownFollowerState(110)) - bf8a30fd-7b22-4fec-9389-eaf0e8889ee9: shutdown bf8a30fd-7b22-4fec-9389-eaf0e8889ee9@group-2F070E17DBC0-FollowerState
2024-02-09 18:35:44,484 [bf8a30fd-7b22-4fec-9389-eaf0e8889ee9@group-2F070E17DBC0-FollowerState] INFO  server.RaftServer$Division (RaftServerImpl.java:setRole(383)) - bf8a30fd-7b22-4fec-9389-eaf0e8889ee9@group-2F070E17DBC0: changes role from  FOLLOWER to CANDIDATE at term 0 for changeToCandidate
2024-02-09 18:35:44,484 [main] INFO  server.RaftServer (RaftServerProxy.java:lambda$close$9(416)) - 7b2d406f-67a0-48ec-b7b7-fdf942b3fd04: close
2024-02-09 18:35:44,484 [bf8a30fd-7b22-4fec-9389-eaf0e8889ee9@group-2F070E17DBC0-FollowerState] INFO  server.RaftServerConfigKeys (ConfUtils.java:logGet(46)) - raft.server.leaderelection.pre-vote = true (default)
2024-02-09 18:35:44,484 [bf8a30fd-7b22-4fec-9389-eaf0e8889ee9@group-2F070E17DBC0-FollowerState] INFO  impl.RoleInfo (RoleInfo.java:updateAndGet(139)) - bf8a30fd-7b22-4fec-9389-eaf0e8889ee9: start bf8a30fd-7b22-4fec-9389-eaf0e8889ee9@group-2F070E17DBC0-LeaderElection81
2024-02-09 18:35:44,484 [main] INFO  server.GrpcService (GrpcService.java:closeImpl(311)) - 7b2d406f-67a0-48ec-b7b7-fdf942b3fd04: shutdown server org.apache.ratis.grpc.server.GrpcClientProtocolService now
2024-02-09 18:35:44,484 [bf8a30fd-7b22-4fec-9389-eaf0e8889ee9@group-2F070E17DBC0-LeaderElection81] INFO  impl.LeaderElection (LeaderElection.java:askForVotes(321)) - bf8a30fd-7b22-4fec-9389-eaf0e8889ee9@group-2F070E17DBC0-LeaderElection81 PRE_VOTE round 0: submit vote requests at term 0 for -1: peers:[bf8a30fd-7b22-4fec-9389-eaf0e8889ee9|10.1.0.43:15442]|listeners:[], old=null
2024-02-09 18:35:44,484 [bf8a30fd-7b22-4fec-9389-eaf0e8889ee9@group-3830F8D38876-LeaderElection80] INFO  impl.LeaderElection (LeaderElection.java:logAndReturn(93)) -   Response 0: bf8a30fd-7b22-4fec-9389-eaf0e8889ee9<-408e6c3a-5292-4cb9-8087-08d5bb587f71#0:OK-t0
2024-02-09 18:35:44,484 [bf8a30fd-7b22-4fec-9389-eaf0e8889ee9@group-2F070E17DBC0-LeaderElection81] INFO  impl.LeaderElection (LeaderElection.java:askForVotes(323)) - bf8a30fd-7b22-4fec-9389-eaf0e8889ee9@group-2F070E17DBC0-LeaderElection81 PRE_VOTE round 0: result PASSED (term=0)
2024-02-09 18:35:44,484 [7b2d406f-67a0-48ec-b7b7-fdf942b3fd04-impl-thread1] INFO  server.RaftServer$Division (RaftServerImpl.java:lambda$close$3(526)) - 7b2d406f-67a0-48ec-b7b7-fdf942b3fd04@group-C65DC1EE0095: shutdown
2024-02-09 18:35:44,484 [7b2d406f-67a0-48ec-b7b7-fdf942b3fd04-impl-thread1] INFO  util.JmxRegister (JmxRegister.java:unregister(73)) - Successfully un-registered JMX Bean with object name Ratis:service=RaftServer,group=group-C65DC1EE0095,id=7b2d406f-67a0-48ec-b7b7-fdf942b3fd04
2024-02-09 18:35:44,484 [7b2d406f-67a0-48ec-b7b7-fdf942b3fd04-impl-thread1] INFO  impl.RoleInfo (RoleInfo.java:shutdownLeaderState(94)) - 7b2d406f-67a0-48ec-b7b7-fdf942b3fd04: shutdown 7b2d406f-67a0-48ec-b7b7-fdf942b3fd04@group-C65DC1EE0095-LeaderStateImpl
2024-02-09 18:35:44,485 [7b2d406f-67a0-48ec-b7b7-fdf942b3fd04-impl-thread1] INFO  impl.PendingRequests (PendingRequests.java:sendNotLeaderResponses(289)) - 7b2d406f-67a0-48ec-b7b7-fdf942b3fd04@group-C65DC1EE0095-PendingRequests: sendNotLeaderResponses
2024-02-09 18:35:44,485 [7b2d406f-67a0-48ec-b7b7-fdf942b3fd04-impl-thread2] INFO  server.RaftServer$Division (RaftServerImpl.java:lambda$close$3(526)) - 7b2d406f-67a0-48ec-b7b7-fdf942b3fd04@group-138E0DE0C554: shutdown
2024-02-09 18:35:44,485 [7b2d406f-67a0-48ec-b7b7-fdf942b3fd04-impl-thread2] INFO  util.JmxRegister (JmxRegister.java:unregister(73)) - Successfully un-registered JMX Bean with object name Ratis:service=RaftServer,group=group-138E0DE0C554,id=7b2d406f-67a0-48ec-b7b7-fdf942b3fd04
2024-02-09 18:35:44,485 [7b2d406f-67a0-48ec-b7b7-fdf942b3fd04-impl-thread2] INFO  impl.RoleInfo (RoleInfo.java:shutdownFollowerState(110)) - 7b2d406f-67a0-48ec-b7b7-fdf942b3fd04: shutdown 7b2d406f-67a0-48ec-b7b7-fdf942b3fd04@group-138E0DE0C554-FollowerState
2024-02-09 18:35:44,485 [7b2d406f-67a0-48ec-b7b7-fdf942b3fd04-impl-thread2] INFO  impl.StateMachineUpdater (StateMachineUpdater.java:stopAndJoin(157)) - 7b2d406f-67a0-48ec-b7b7-fdf942b3fd04@group-138E0DE0C554-StateMachineUpdater: set stopIndex = 1
2024-02-09 18:35:44,485 [bf8a30fd-7b22-4fec-9389-eaf0e8889ee9@group-3830F8D38876-LeaderElection80] INFO  impl.LeaderElection (LeaderElection.java:askForVotes(323)) - bf8a30fd-7b22-4fec-9389-eaf0e8889ee9@group-3830F8D38876-LeaderElection80 PRE_VOTE round 0: result PASSED
2024-02-09 18:35:44,485 [7b2d406f-67a0-48ec-b7b7-fdf942b3fd04@group-138E0DE0C554-FollowerState] INFO  impl.FollowerState (FollowerState.java:run(152)) - 7b2d406f-67a0-48ec-b7b7-fdf942b3fd04@group-138E0DE0C554-FollowerState was interrupted
2024-02-09 18:35:44,485 [7b2d406f-67a0-48ec-b7b7-fdf942b3fd04@group-138E0DE0C554-StateMachineUpdater] INFO  ratis.ContainerStateMachine (ContainerStateMachine.java:takeSnapshot(355)) - group-138E0DE0C554: Taking a snapshot at:(t:1, i:0) file /home/runner/work/ozone/ozone/hadoop-ozone/integration-test/target/test-dir/MiniOzoneClusterImpl-10a7684d-3d33-49d2-80ef-f5f5272a1eb0/datanode-1/data/ratis/b1a77248-3b90-49fe-ace1-138e0de0c554/sm/snapshot.1_0
2024-02-09 18:35:44,485 [main] INFO  server.GrpcService (GrpcService.java:closeImpl(320)) - 7b2d406f-67a0-48ec-b7b7-fdf942b3fd04: shutdown server org.apache.ratis.grpc.server.GrpcClientProtocolService successfully
2024-02-09 18:35:44,486 [main] INFO  server.GrpcService (GrpcService.java:closeImpl(311)) - 7b2d406f-67a0-48ec-b7b7-fdf942b3fd04: shutdown server GrpcServerProtocolService now
2024-02-09 18:35:44,486 [bf8a30fd-7b22-4fec-9389-eaf0e8889ee9@group-2F070E17DBC0-LeaderElection81] INFO  impl.LeaderElection (LeaderElection.java:askForVotes(321)) - bf8a30fd-7b22-4fec-9389-eaf0e8889ee9@group-2F070E17DBC0-LeaderElection81 ELECTION round 0: submit vote requests at term 1 for -1: peers:[bf8a30fd-7b22-4fec-9389-eaf0e8889ee9|10.1.0.43:15442]|listeners:[], old=null
2024-02-09 18:35:44,486 [bf8a30fd-7b22-4fec-9389-eaf0e8889ee9@group-2F070E17DBC0-LeaderElection81] INFO  impl.LeaderElection (LeaderElection.java:askForVotes(323)) - bf8a30fd-7b22-4fec-9389-eaf0e8889ee9@group-2F070E17DBC0-LeaderElection81 ELECTION round 0: result PASSED (term=1)
2024-02-09 18:35:44,488 [bf8a30fd-7b22-4fec-9389-eaf0e8889ee9@group-2F070E17DBC0-LeaderElection81] INFO  impl.RoleInfo (RoleInfo.java:shutdownLeaderElection(130)) - bf8a30fd-7b22-4fec-9389-eaf0e8889ee9: shutdown bf8a30fd-7b22-4fec-9389-eaf0e8889ee9@group-2F070E17DBC0-LeaderElection81
2024-02-09 18:35:44,488 [7b2d406f-67a0-48ec-b7b7-fdf942b3fd04@group-138E0DE0C554-StateMachineUpdater] INFO  ratis.ContainerStateMachine (ContainerStateMachine.java:takeSnapshot(366)) - group-138E0DE0C554: Finished taking a snapshot at:(t:1, i:0) file:/home/runner/work/ozone/ozone/hadoop-ozone/integration-test/target/test-dir/MiniOzoneClusterImpl-10a7684d-3d33-49d2-80ef-f5f5272a1eb0/datanode-1/data/ratis/b1a77248-3b90-49fe-ace1-138e0de0c554/sm/snapshot.1_0 took: 4 ms
2024-02-09 18:35:44,487 [bf8a30fd-7b22-4fec-9389-eaf0e8889ee9@group-3830F8D38876-LeaderElection80] INFO  impl.LeaderElection (LeaderElection.java:askForVotes(321)) - bf8a30fd-7b22-4fec-9389-eaf0e8889ee9@group-3830F8D38876-LeaderElection80 ELECTION round 0: submit vote requests at term 1 for -1: peers:[408e6c3a-5292-4cb9-8087-08d5bb587f71|10.1.0.43:15433, bf8a30fd-7b22-4fec-9389-eaf0e8889ee9|10.1.0.43:15442, 87145564-582e-4d08-b209-7a2296b785bc|10.1.0.43:15424]|listeners:[], old=null
2024-02-09 18:35:44,487 [7b2d406f-67a0-48ec-b7b7-fdf942b3fd04@group-C65DC1EE0095-StateMachineUpdater] INFO  ratis.ContainerStateMachine (ContainerStateMachine.java:takeSnapshot(355)) - group-C65DC1EE0095: Taking a snapshot at:(t:1, i:0) file /home/runner/work/ozone/ozone/hadoop-ozone/integration-test/target/test-dir/MiniOzoneClusterImpl-10a7684d-3d33-49d2-80ef-f5f5272a1eb0/datanode-1/data/ratis/2db728ee-99fd-4f15-a296-c65dc1ee0095/sm/snapshot.1_0
2024-02-09 18:35:44,487 [7b2d406f-67a0-48ec-b7b7-fdf942b3fd04-impl-thread1] INFO  impl.StateMachineUpdater (StateMachineUpdater.java:stopAndJoin(157)) - 7b2d406f-67a0-48ec-b7b7-fdf942b3fd04@group-C65DC1EE0095-StateMachineUpdater: set stopIndex = 0
2024-02-09 18:35:44,488 [bf8a30fd-7b22-4fec-9389-eaf0e8889ee9@group-2F070E17DBC0-LeaderElection81] INFO  server.RaftServer$Division (RaftServerImpl.java:setRole(383)) - bf8a30fd-7b22-4fec-9389-eaf0e8889ee9@group-2F070E17DBC0: changes role from CANDIDATE to LEADER at term 1 for changeToLeader
2024-02-09 18:35:44,489 [bf8a30fd-7b22-4fec-9389-eaf0e8889ee9@group-2F070E17DBC0-LeaderElection81] INFO  server.RaftServerConfigKeys (ConfUtils.java:logGet(46)) - raft.server.staging.catchup.gap = 1000 (default)
2024-02-09 18:35:44,490 [bf8a30fd-7b22-4fec-9389-eaf0e8889ee9@group-3830F8D38876-LeaderElection80] INFO  server.RaftServerConfigKeys (ConfUtils.java:logFallback(53)) - raft.server.rpc.first-election.timeout.min = 5s (fallback to raft.server.rpc.timeout.min)
2024-02-09 18:35:44,490 [bf8a30fd-7b22-4fec-9389-eaf0e8889ee9@group-3830F8D38876-LeaderElection80] INFO  server.RaftServerConfigKeys (ConfUtils.java:logFallback(53)) - raft.server.rpc.first-election.timeout.max = 5200ms (fallback to raft.server.rpc.timeout.max)
2024-02-09 18:35:44,490 [7b2d406f-67a0-48ec-b7b7-fdf942b3fd04@group-C65DC1EE0095-StateMachineUpdater] INFO  ratis.ContainerStateMachine (ContainerStateMachine.java:takeSnapshot(366)) - group-C65DC1EE0095: Finished taking a snapshot at:(t:1, i:0) file:/home/runner/work/ozone/ozone/hadoop-ozone/integration-test/target/test-dir/MiniOzoneClusterImpl-10a7684d-3d33-49d2-80ef-f5f5272a1eb0/datanode-1/data/ratis/2db728ee-99fd-4f15-a296-c65dc1ee0095/sm/snapshot.1_0 took: 3 ms
2024-02-09 18:35:44,493 [7b2d406f-67a0-48ec-b7b7-fdf942b3fd04@group-C65DC1EE0095-StateMachineUpdater] INFO  impl.StateMachineUpdater (StateMachineUpdater.java:takeSnapshot(295)) - 7b2d406f-67a0-48ec-b7b7-fdf942b3fd04@group-C65DC1EE0095-StateMachineUpdater: Took a snapshot at index 0
2024-02-09 18:35:44,493 [7b2d406f-67a0-48ec-b7b7-fdf942b3fd04@group-C65DC1EE0095-StateMachineUpdater] INFO  impl.StateMachineUpdater (StateMachineUpdater.java:lambda$new$0(98)) - 7b2d406f-67a0-48ec-b7b7-fdf942b3fd04@group-C65DC1EE0095-StateMachineUpdater: snapshotIndex: updateIncreasingly -1 -> 0
2024-02-09 18:35:44,494 [7b2d406f-67a0-48ec-b7b7-fdf942b3fd04@group-138E0DE0C554-StateMachineUpdater] INFO  impl.StateMachineUpdater (StateMachineUpdater.java:takeSnapshot(295)) - 7b2d406f-67a0-48ec-b7b7-fdf942b3fd04@group-138E0DE0C554-StateMachineUpdater: Took a snapshot at index 0
2024-02-09 18:35:44,494 [7b2d406f-67a0-48ec-b7b7-fdf942b3fd04@group-138E0DE0C554-StateMachineUpdater] INFO  impl.StateMachineUpdater (StateMachineUpdater.java:lambda$new$0(98)) - 7b2d406f-67a0-48ec-b7b7-fdf942b3fd04@group-138E0DE0C554-StateMachineUpdater: snapshotIndex: updateIncreasingly -1 -> 0
2024-02-09 18:35:44,494 [7b2d406f-67a0-48ec-b7b7-fdf942b3fd04@group-138E0DE0C554-StateMachineUpdater] INFO  ratis.ContainerStateMachine (ContainerStateMachine.java:takeSnapshot(355)) - group-138E0DE0C554: Taking a snapshot at:(t:1, i:1) file /home/runner/work/ozone/ozone/hadoop-ozone/integration-test/target/test-dir/MiniOzoneClusterImpl-10a7684d-3d33-49d2-80ef-f5f5272a1eb0/datanode-1/data/ratis/b1a77248-3b90-49fe-ace1-138e0de0c554/sm/snapshot.1_1
2024-02-09 18:35:44,494 [7b2d406f-67a0-48ec-b7b7-fdf942b3fd04-impl-thread1] INFO  server.RaftServer$Division (ServerState.java:close(427)) - 7b2d406f-67a0-48ec-b7b7-fdf942b3fd04@group-C65DC1EE0095: applyIndex: 0
2024-02-09 18:35:44,494 [7b2d406f-67a0-48ec-b7b7-fdf942b3fd04@group-C65DC1EE0095-cacheEviction-AwaitToRun] INFO  util.AwaitToRun (AwaitToRun.java:run(49)) - 7b2d406f-67a0-48ec-b7b7-fdf942b3fd04@group-C65DC1EE0095-cacheEviction-AwaitToRun-AwaitForSignal is interrupted
2024-02-09 18:35:44,494 [grpc-default-executor-2] WARN  server.GrpcLogAppender (LogUtils.java:warn(121)) - 81d78f49-5211-4a7a-996b-69bb86adfbbb@group-138E0DE0C554->7b2d406f-67a0-48ec-b7b7-fdf942b3fd04-AppendLogResponseHandler: Failed appendEntries: org.apache.ratis.thirdparty.io.grpc.StatusRuntimeException: CANCELLED: RST_STREAM closed stream. HTTP/2 error code: CANCEL
2024-02-09 18:35:44,495 [grpc-default-executor-2] WARN  server.GrpcLogAppender (GrpcLogAppender.java:lambda$resetClient$1(217)) - 81d78f49-5211-4a7a-996b-69bb86adfbbb@group-138E0DE0C554->7b2d406f-67a0-48ec-b7b7-fdf942b3fd04-GrpcLogAppender: Follower failed (request=null, errorCount=1); keep nextIndex (3) unchanged and retry.
2024-02-09 18:35:44,495 [grpc-default-executor-4] WARN  server.GrpcServerProtocolService (LogUtils.java:warn(121)) - 7b2d406f-67a0-48ec-b7b7-fdf942b3fd04: APPEND_ENTRIES onError, lastRequest: null: org.apache.ratis.thirdparty.io.grpc.StatusRuntimeException: CANCELLED: client cancelled
2024-02-09 18:35:44,495 [grpc-default-executor-2] INFO  server.RaftServer$Division (RaftServerImpl.java:requestVote(1389)) - 408e6c3a-5292-4cb9-8087-08d5bb587f71@group-3830F8D38876: receive requestVote(ELECTION, bf8a30fd-7b22-4fec-9389-eaf0e8889ee9, group-3830F8D38876, 1, (t:0, i:0))
2024-02-09 18:35:44,496 [7b2d406f-67a0-48ec-b7b7-fdf942b3fd04@group-138E0DE0C554-StateMachineUpdater] INFO  ratis.ContainerStateMachine (ContainerStateMachine.java:takeSnapshot(366)) - group-138E0DE0C554: Finished taking a snapshot at:(t:1, i:1) file:/home/runner/work/ozone/ozone/hadoop-ozone/integration-test/target/test-dir/MiniOzoneClusterImpl-10a7684d-3d33-49d2-80ef-f5f5272a1eb0/datanode-1/data/ratis/b1a77248-3b90-49fe-ace1-138e0de0c554/sm/snapshot.1_1 took: 2 ms
2024-02-09 18:35:44,496 [bf8a30fd-7b22-4fec-9389-eaf0e8889ee9@group-2F070E17DBC0-LeaderElection81] INFO  server.RaftServerConfigKeys (ConfUtils.java:logGet(46)) - raft.server.write.element-limit = 1024 (custom)
2024-02-09 18:35:44,501 [7b2d406f-67a0-48ec-b7b7-fdf942b3fd04@group-138E0DE0C554-StateMachineUpdater] INFO  impl.StateMachineUpdater (StateMachineUpdater.java:takeSnapshot(295)) - 7b2d406f-67a0-48ec-b7b7-fdf942b3fd04@group-138E0DE0C554-StateMachineUpdater: Took a snapshot at index 1
2024-02-09 18:35:44,502 [7b2d406f-67a0-48ec-b7b7-fdf942b3fd04@group-138E0DE0C554-StateMachineUpdater] INFO  impl.StateMachineUpdater (StateMachineUpdater.java:lambda$new$0(98)) - 7b2d406f-67a0-48ec-b7b7-fdf942b3fd04@group-138E0DE0C554-StateMachineUpdater: snapshotIndex: updateIncreasingly 0 -> 1
2024-02-09 18:35:44,502 [grpc-default-executor-5] INFO  server.RaftServer$Division (RaftServerImpl.java:requestVote(1389)) - 87145564-582e-4d08-b209-7a2296b785bc@group-3830F8D38876: receive requestVote(ELECTION, bf8a30fd-7b22-4fec-9389-eaf0e8889ee9, group-3830F8D38876, 1, (t:0, i:0))
2024-02-09 18:35:44,502 [grpc-default-executor-5] INFO  impl.VoteContext (VoteContext.java:log(49)) - 87145564-582e-4d08-b209-7a2296b785bc@group-3830F8D38876-FOLLOWER: accept ELECTION from bf8a30fd-7b22-4fec-9389-eaf0e8889ee9: our priority 0 <= candidate's priority 1
2024-02-09 18:35:44,503 [grpc-default-executor-5] INFO  server.RaftServer$Division (RaftServerImpl.java:setRole(383)) - 87145564-582e-4d08-b209-7a2296b785bc@group-3830F8D38876: changes role from  FOLLOWER to FOLLOWER at term 1 for candidate:bf8a30fd-7b22-4fec-9389-eaf0e8889ee9
2024-02-09 18:35:44,503 [grpc-default-executor-5] INFO  impl.RoleInfo (RoleInfo.java:shutdownFollowerState(110)) - 87145564-582e-4d08-b209-7a2296b785bc: shutdown 87145564-582e-4d08-b209-7a2296b785bc@group-3830F8D38876-FollowerState
2024-02-09 18:35:44,503 [grpc-default-executor-5] INFO  impl.RoleInfo (RoleInfo.java:updateAndGet(139)) - 87145564-582e-4d08-b209-7a2296b785bc: start 87145564-582e-4d08-b209-7a2296b785bc@group-3830F8D38876-FollowerState
2024-02-09 18:35:44,500 [main] INFO  server.GrpcService (GrpcService.java:closeImpl(320)) - 7b2d406f-67a0-48ec-b7b7-fdf942b3fd04: shutdown server GrpcServerProtocolService successfully
2024-02-09 18:35:44,503 [main] INFO  server.GrpcService (GrpcService.java:closeImpl(311)) - 7b2d406f-67a0-48ec-b7b7-fdf942b3fd04: shutdown server org.apache.ratis.grpc.server.GrpcAdminProtocolService now
2024-02-09 18:35:44,496 [grpc-default-executor-2] INFO  impl.VoteContext (VoteContext.java:log(49)) - 408e6c3a-5292-4cb9-8087-08d5bb587f71@group-3830F8D38876-FOLLOWER: accept ELECTION from bf8a30fd-7b22-4fec-9389-eaf0e8889ee9: our priority 0 <= candidate's priority 1
2024-02-09 18:35:44,495 [grpc-default-executor-7] WARN  server.GrpcServerProtocolService (LogUtils.java:warn(121)) - 7b2d406f-67a0-48ec-b7b7-fdf942b3fd04: APPEND_ENTRIES onError, lastRequest: 81d78f49-5211-4a7a-996b-69bb86adfbbb->7b2d406f-67a0-48ec-b7b7-fdf942b3fd04#4-t1,previous=(t:1, i:1),leaderCommit=1,initializing? false,entries: size=1, first=(t:1, i:2), METADATAENTRY(c:1): org.apache.ratis.thirdparty.io.grpc.StatusRuntimeException: CANCELLED: client cancelled
2024-02-09 18:35:44,503 [grpc-default-executor-2] INFO  server.RaftServer$Division (RaftServerImpl.java:setRole(383)) - 408e6c3a-5292-4cb9-8087-08d5bb587f71@group-3830F8D38876: changes role from  FOLLOWER to FOLLOWER at term 1 for candidate:bf8a30fd-7b22-4fec-9389-eaf0e8889ee9
2024-02-09 18:35:44,503 [7b2d406f-67a0-48ec-b7b7-fdf942b3fd04-impl-thread2] INFO  server.RaftServer$Division (ServerState.java:close(427)) - 7b2d406f-67a0-48ec-b7b7-fdf942b3fd04@group-138E0DE0C554: applyIndex: 1
2024-02-09 18:35:44,503 [87145564-582e-4d08-b209-7a2296b785bc@group-3830F8D38876-FollowerState] INFO  impl.FollowerState (FollowerState.java:run(152)) - 87145564-582e-4d08-b209-7a2296b785bc@group-3830F8D38876-FollowerState was interrupted
2024-02-09 18:35:44,504 [7b2d406f-67a0-48ec-b7b7-fdf942b3fd04@group-138E0DE0C554-cacheEviction-AwaitToRun] INFO  util.AwaitToRun (AwaitToRun.java:run(49)) - 7b2d406f-67a0-48ec-b7b7-fdf942b3fd04@group-138E0DE0C554-cacheEviction-AwaitToRun-AwaitForSignal is interrupted
2024-02-09 18:35:44,505 [main] INFO  server.GrpcService (GrpcService.java:closeImpl(320)) - 7b2d406f-67a0-48ec-b7b7-fdf942b3fd04: shutdown server org.apache.ratis.grpc.server.GrpcAdminProtocolService successfully
2024-02-09 18:35:44,502 [bf8a30fd-7b22-4fec-9389-eaf0e8889ee9@group-2F070E17DBC0-LeaderElection81] INFO  server.RaftServerConfigKeys (ConfUtils.java:logGet(46)) - raft.server.write.byte-limit = 1024 M (=1073741824) (custom)
2024-02-09 18:35:44,502 [grpc-default-executor-1] INFO  server.RaftServer$Division (RaftServerImpl.java:requestVote(1389)) - 87145564-582e-4d08-b209-7a2296b785bc@group-3830F8D38876: receive requestVote(PRE_VOTE, bf8a30fd-7b22-4fec-9389-eaf0e8889ee9, group-3830F8D38876, 0, (t:0, i:0))
2024-02-09 18:35:44,505 [bf8a30fd-7b22-4fec-9389-eaf0e8889ee9@group-2F070E17DBC0-LeaderElection81] INFO  server.RaftServerConfigKeys (ConfUtils.java:logGet(46)) - raft.server.watch.timeout = 3000ms (custom)
2024-02-09 18:35:44,505 [bf8a30fd-7b22-4fec-9389-eaf0e8889ee9@group-2F070E17DBC0-LeaderElection81] INFO  server.RaftServerConfigKeys (ConfUtils.java:logGet(46)) - raft.server.watch.timeout.denomination = 1s (default)
2024-02-09 18:35:44,503 [grpc-default-executor-2] INFO  impl.RoleInfo (RoleInfo.java:shutdownFollowerState(110)) - 408e6c3a-5292-4cb9-8087-08d5bb587f71: shutdown 408e6c3a-5292-4cb9-8087-08d5bb587f71@group-3830F8D38876-FollowerState
2024-02-09 18:35:44,503 [grpc-default-executor-5] INFO  server.RaftServer$Division (RaftServerImpl.java:setFirstElection(574)) - 87145564-582e-4d08-b209-7a2296b785bc@group-3830F8D38876: set firstElectionSinceStartup to false for candidate:bf8a30fd-7b22-4fec-9389-eaf0e8889ee9
2024-02-09 18:35:44,506 [grpc-default-executor-2] INFO  impl.RoleInfo (RoleInfo.java:updateAndGet(139)) - 408e6c3a-5292-4cb9-8087-08d5bb587f71: start 408e6c3a-5292-4cb9-8087-08d5bb587f71@group-3830F8D38876-FollowerState
2024-02-09 18:35:44,506 [408e6c3a-5292-4cb9-8087-08d5bb587f71@group-3830F8D38876-FollowerState] INFO  impl.FollowerState (FollowerState.java:run(152)) - 408e6c3a-5292-4cb9-8087-08d5bb587f71@group-3830F8D38876-FollowerState was interrupted
2024-02-09 18:35:44,505 [bf8a30fd-7b22-4fec-9389-eaf0e8889ee9@group-2F070E17DBC0-LeaderElection81] INFO  server.RaftServerConfigKeys (ConfUtils.java:logGet(46)) - raft.server.watch.element-limit = 65536 (default)
2024-02-09 18:35:44,506 [bf8a30fd-7b22-4fec-9389-eaf0e8889ee9@group-2F070E17DBC0-LeaderElection81] INFO  server.RaftServerConfigKeys (ConfUtils.java:logGet(46)) - raft.server.read.leader.lease.enabled = false (default)
2024-02-09 18:35:44,506 [bf8a30fd-7b22-4fec-9389-eaf0e8889ee9@group-2F070E17DBC0-LeaderElection81] INFO  server.RaftServerConfigKeys (ConfUtils.java:logGet(46)) - raft.server.read.leader.lease.timeout.ratio = 0.9 (default)
2024-02-09 18:35:44,506 [bf8a30fd-7b22-4fec-9389-eaf0e8889ee9@group-2F070E17DBC0-LeaderElection81] INFO  server.RaftServerConfigKeys (ConfUtils.java:logGet(46)) - raft.server.rpc.timeout.min = 5s (custom)
2024-02-09 18:35:44,506 [bf8a30fd-7b22-4fec-9389-eaf0e8889ee9@group-2F070E17DBC0-LeaderElection81] INFO  server.RaftServerConfigKeys (ConfUtils.java:logGet(46)) - raft.server.write.element-limit = 1024 (custom)
2024-02-09 18:35:44,507 [bf8a30fd-7b22-4fec-9389-eaf0e8889ee9@group-2F070E17DBC0-LeaderElection81] INFO  server.RaftServerConfigKeys (ConfUtils.java:logGet(46)) - raft.server.write.follower.gap.ratio.max = -1.0 (default)
2024-02-09 18:35:44,506 [grpc-default-executor-5] INFO  server.RaftServer$Division (RaftServerImpl.java:requestVote(1422)) - 87145564-582e-4d08-b209-7a2296b785bc@group-3830F8D38876 replies to ELECTION vote request: bf8a30fd-7b22-4fec-9389-eaf0e8889ee9<-87145564-582e-4d08-b209-7a2296b785bc#0:OK-t1. Peer's state: 87145564-582e-4d08-b209-7a2296b785bc@group-3830F8D38876:t1, leader=null, voted=bf8a30fd-7b22-4fec-9389-eaf0e8889ee9, raftlog=Memoized:87145564-582e-4d08-b209-7a2296b785bc@group-3830F8D38876-SegmentedRaftLog:OPENED:c-1, conf=-1: peers:[408e6c3a-5292-4cb9-8087-08d5bb587f71|10.1.0.43:15433, bf8a30fd-7b22-4fec-9389-eaf0e8889ee9|10.1.0.43:15442, 87145564-582e-4d08-b209-7a2296b785bc|10.1.0.43:15424]|listeners:[], old=null
2024-02-09 18:35:44,507 [grpc-default-executor-1] INFO  impl.VoteContext (VoteContext.java:log(49)) - 87145564-582e-4d08-b209-7a2296b785bc@group-3830F8D38876-FOLLOWER: accept PRE_VOTE from bf8a30fd-7b22-4fec-9389-eaf0e8889ee9: our priority 0 <= candidate's priority 1
2024-02-09 18:35:44,507 [bf8a30fd-7b22-4fec-9389-eaf0e8889ee9@group-2F070E17DBC0-LeaderElection81] INFO  impl.RoleInfo (RoleInfo.java:updateAndGet(139)) - bf8a30fd-7b22-4fec-9389-eaf0e8889ee9: start bf8a30fd-7b22-4fec-9389-eaf0e8889ee9@group-2F070E17DBC0-LeaderStateImpl
2024-02-09 18:35:44,507 [grpc-default-executor-1] INFO  server.RaftServer$Division (RaftServerImpl.java:requestVote(1422)) - 87145564-582e-4d08-b209-7a2296b785bc@group-3830F8D38876 replies to PRE_VOTE vote request: bf8a30fd-7b22-4fec-9389-eaf0e8889ee9<-87145564-582e-4d08-b209-7a2296b785bc#0:OK-t1. Peer's state: 87145564-582e-4d08-b209-7a2296b785bc@group-3830F8D38876:t1, leader=null, voted=bf8a30fd-7b22-4fec-9389-eaf0e8889ee9, raftlog=Memoized:87145564-582e-4d08-b209-7a2296b785bc@group-3830F8D38876-SegmentedRaftLog:OPENED:c-1, conf=-1: peers:[408e6c3a-5292-4cb9-8087-08d5bb587f71|10.1.0.43:15433, bf8a30fd-7b22-4fec-9389-eaf0e8889ee9|10.1.0.43:15442, 87145564-582e-4d08-b209-7a2296b785bc|10.1.0.43:15424]|listeners:[], old=null
2024-02-09 18:35:44,507 [grpc-default-executor-2] INFO  server.RaftServer$Division (RaftServerImpl.java:requestVote(1422)) - 408e6c3a-5292-4cb9-8087-08d5bb587f71@group-3830F8D38876 replies to ELECTION vote request: bf8a30fd-7b22-4fec-9389-eaf0e8889ee9<-408e6c3a-5292-4cb9-8087-08d5bb587f71#0:OK-t1. Peer's state: 408e6c3a-5292-4cb9-8087-08d5bb587f71@group-3830F8D38876:t1, leader=null, voted=bf8a30fd-7b22-4fec-9389-eaf0e8889ee9, raftlog=Memoized:408e6c3a-5292-4cb9-8087-08d5bb587f71@group-3830F8D38876-SegmentedRaftLog:OPENED:c-1, conf=-1: peers:[408e6c3a-5292-4cb9-8087-08d5bb587f71|10.1.0.43:15433, bf8a30fd-7b22-4fec-9389-eaf0e8889ee9|10.1.0.43:15442, 87145564-582e-4d08-b209-7a2296b785bc|10.1.0.43:15424]|listeners:[], old=null
2024-02-09 18:35:44,507 [bf8a30fd-7b22-4fec-9389-eaf0e8889ee9@group-2F070E17DBC0-LeaderElection81] INFO  server.RaftServer$Division (RaftServerImpl.java:setFirstElection(574)) - bf8a30fd-7b22-4fec-9389-eaf0e8889ee9@group-2F070E17DBC0: set firstElectionSinceStartup to false for becomeLeader
2024-02-09 18:35:44,507 [bf8a30fd-7b22-4fec-9389-eaf0e8889ee9@group-2F070E17DBC0-LeaderElection81] INFO  ratis.XceiverServerRatis (XceiverServerRatis.java:handleLeaderChangedNotification(966)) - Leader change notification received for group: group-2F070E17DBC0 with new leaderId: bf8a30fd-7b22-4fec-9389-eaf0e8889ee9
2024-02-09 18:35:44,507 [bf8a30fd-7b22-4fec-9389-eaf0e8889ee9@group-2F070E17DBC0-LeaderElection81] INFO  server.RaftServer$Division (ServerState.java:setLeader(269)) - bf8a30fd-7b22-4fec-9389-eaf0e8889ee9@group-2F070E17DBC0: change Leader from null to bf8a30fd-7b22-4fec-9389-eaf0e8889ee9 at term 1 for becomeLeader, leader elected after 5075ms
2024-02-09 18:35:44,508 [bf8a30fd-7b22-4fec-9389-eaf0e8889ee9@group-3830F8D38876-LeaderElection80] INFO  impl.LeaderElection (LeaderElection.java:logAndReturn(89)) - bf8a30fd-7b22-4fec-9389-eaf0e8889ee9@group-3830F8D38876-LeaderElection80: ELECTION PASSED received 1 response(s) and 0 exception(s):
2024-02-09 18:35:44,508 [bf8a30fd-7b22-4fec-9389-eaf0e8889ee9@group-3830F8D38876-LeaderElection80] INFO  impl.LeaderElection (LeaderElection.java:logAndReturn(93)) -   Response 0: bf8a30fd-7b22-4fec-9389-eaf0e8889ee9<-408e6c3a-5292-4cb9-8087-08d5bb587f71#0:OK-t1
2024-02-09 18:35:44,508 [bf8a30fd-7b22-4fec-9389-eaf0e8889ee9@group-2F070E17DBC0-LeaderElection81] INFO  segmented.SegmentedRaftLogWorker (SegmentedRaftLogWorker.java:startLogSegment(430)) - bf8a30fd-7b22-4fec-9389-eaf0e8889ee9@group-2F070E17DBC0-SegmentedRaftLogWorker: Starting segment from index:0
2024-02-09 18:35:44,508 [bf8a30fd-7b22-4fec-9389-eaf0e8889ee9@group-3830F8D38876-LeaderElection80] INFO  impl.LeaderElection (LeaderElection.java:askForVotes(323)) - bf8a30fd-7b22-4fec-9389-eaf0e8889ee9@group-3830F8D38876-LeaderElection80 ELECTION round 0: result PASSED
2024-02-09 18:35:44,508 [bf8a30fd-7b22-4fec-9389-eaf0e8889ee9@group-2F070E17DBC0-SegmentedRaftLogWorker] INFO  segmented.BufferedWriteChannel (BufferedWriteChannel.java:open(62)) - open log_inprogress_0 at position 0
2024-02-09 18:35:44,508 [bf8a30fd-7b22-4fec-9389-eaf0e8889ee9@group-3830F8D38876-LeaderElection80] INFO  impl.RoleInfo (RoleInfo.java:shutdownLeaderElection(130)) - bf8a30fd-7b22-4fec-9389-eaf0e8889ee9: shutdown bf8a30fd-7b22-4fec-9389-eaf0e8889ee9@group-3830F8D38876-LeaderElection80
2024-02-09 18:35:44,508 [bf8a30fd-7b22-4fec-9389-eaf0e8889ee9@group-3830F8D38876-LeaderElection80] INFO  server.RaftServer$Division (RaftServerImpl.java:setRole(383)) - bf8a30fd-7b22-4fec-9389-eaf0e8889ee9@group-3830F8D38876: changes role from CANDIDATE to LEADER at term 1 for changeToLeader
2024-02-09 18:35:44,508 [bf8a30fd-7b22-4fec-9389-eaf0e8889ee9@group-3830F8D38876-LeaderElection80] INFO  server.RaftServerConfigKeys (ConfUtils.java:logGet(46)) - raft.server.staging.catchup.gap = 1000 (default)
2024-02-09 18:35:44,508 [bf8a30fd-7b22-4fec-9389-eaf0e8889ee9@group-3830F8D38876-LeaderElection80] INFO  server.RaftServerConfigKeys (ConfUtils.java:logGet(46)) - raft.server.write.element-limit = 1024 (custom)
2024-02-09 18:35:44,509 [bf8a30fd-7b22-4fec-9389-eaf0e8889ee9@group-3830F8D38876-LeaderElection80] INFO  server.RaftServerConfigKeys (ConfUtils.java:logGet(46)) - raft.server.write.byte-limit = 1024 M (=1073741824) (custom)
2024-02-09 18:35:44,509 [bf8a30fd-7b22-4fec-9389-eaf0e8889ee9@group-3830F8D38876-LeaderElection80] INFO  server.RaftServerConfigKeys (ConfUtils.java:logGet(46)) - raft.server.watch.timeout = 3000ms (custom)
2024-02-09 18:35:44,509 [bf8a30fd-7b22-4fec-9389-eaf0e8889ee9@group-3830F8D38876-LeaderElection80] INFO  server.RaftServerConfigKeys (ConfUtils.java:logGet(46)) - raft.server.watch.timeout.denomination = 1s (default)
2024-02-09 18:35:44,509 [bf8a30fd-7b22-4fec-9389-eaf0e8889ee9@group-3830F8D38876-LeaderElection80] INFO  server.RaftServerConfigKeys (ConfUtils.java:logGet(46)) - raft.server.watch.element-limit = 65536 (default)
2024-02-09 18:35:44,509 [bf8a30fd-7b22-4fec-9389-eaf0e8889ee9@group-3830F8D38876-LeaderElection80] INFO  server.RaftServerConfigKeys (ConfUtils.java:logGet(46)) - raft.server.read.leader.lease.enabled = false (default)
2024-02-09 18:35:44,509 [bf8a30fd-7b22-4fec-9389-eaf0e8889ee9@group-3830F8D38876-LeaderElection80] INFO  server.RaftServerConfigKeys (ConfUtils.java:logGet(46)) - raft.server.read.leader.lease.timeout.ratio = 0.9 (default)
2024-02-09 18:35:44,509 [bf8a30fd-7b22-4fec-9389-eaf0e8889ee9@group-3830F8D38876-LeaderElection80] INFO  server.RaftServerConfigKeys (ConfUtils.java:logGet(46)) - raft.server.rpc.timeout.min = 5s (custom)
2024-02-09 18:35:44,509 [bf8a30fd-7b22-4fec-9389-eaf0e8889ee9@group-3830F8D38876-LeaderElection80] INFO  server.RaftServerConfigKeys (ConfUtils.java:logGet(46)) - raft.server.write.element-limit = 1024 (custom)
2024-02-09 18:35:44,509 [bf8a30fd-7b22-4fec-9389-eaf0e8889ee9@group-3830F8D38876-LeaderElection80] INFO  server.RaftServerConfigKeys (ConfUtils.java:logGet(46)) - raft.server.write.follower.gap.ratio.max = -1.0 (default)
2024-02-09 18:35:44,510 [bf8a30fd-7b22-4fec-9389-eaf0e8889ee9@group-3830F8D38876-LeaderElection80] INFO  server.RaftServerConfigKeys (ConfUtils.java:logGet(46)) - raft.server.log.appender.snapshot.chunk.size.max = 16MB (=16777216) (default)
2024-02-09 18:35:44,510 [bf8a30fd-7b22-4fec-9389-eaf0e8889ee9@group-3830F8D38876-LeaderElection80] INFO  server.RaftServerConfigKeys (ConfUtils.java:logGet(46)) - raft.server.log.appender.buffer.byte-limit = 8388608 (custom)
2024-02-09 18:35:44,510 [bf8a30fd-7b22-4fec-9389-eaf0e8889ee9@group-3830F8D38876-LeaderElection80] INFO  server.RaftServerConfigKeys (ConfUtils.java:logGet(46)) - raft.server.log.appender.buffer.element-limit = 1 (custom)
2024-02-09 18:35:44,510 [bf8a30fd-7b22-4fec-9389-eaf0e8889ee9@group-3830F8D38876-LeaderElection80] INFO  server.RaftServerConfigKeys (ConfUtils.java:logGet(46)) - raft.server.log.appender.wait-time.min = 0ms (custom)
2024-02-09 18:35:44,510 [bf8a30fd-7b22-4fec-9389-eaf0e8889ee9@group-3830F8D38876-LeaderElection80] INFO  grpc.GrpcConfigKeys (ConfUtils.java:logGet(46)) - raft.grpc.server.leader.outstanding.appends.max = 8 (default)
2024-02-09 18:35:44,510 [bf8a30fd-7b22-4fec-9389-eaf0e8889ee9@group-3830F8D38876-LeaderElection80] INFO  server.RaftServerConfigKeys (ConfUtils.java:logGet(46)) - raft.server.rpc.request.timeout = 3000ms (default)
2024-02-09 18:35:44,510 [bf8a30fd-7b22-4fec-9389-eaf0e8889ee9@group-3830F8D38876-LeaderElection80] INFO  grpc.GrpcConfigKeys (ConfUtils.java:logGet(46)) - raft.grpc.server.install_snapshot.request.element-limit = 8 (default)
2024-02-09 18:35:44,510 [bf8a30fd-7b22-4fec-9389-eaf0e8889ee9@group-3830F8D38876-LeaderElection80] INFO  grpc.GrpcConfigKeys (ConfUtils.java:logGet(46)) - raft.grpc.server.install_snapshot.request.timeout = 3000ms (default)
2024-02-09 18:35:44,510 [bf8a30fd-7b22-4fec-9389-eaf0e8889ee9@group-3830F8D38876-LeaderElection80] INFO  grpc.GrpcConfigKeys (ConfUtils.java:logGet(46)) - raft.grpc.server.log-message.batch.duration = 5s (default)
2024-02-09 18:35:44,510 [bf8a30fd-7b22-4fec-9389-eaf0e8889ee9@group-3830F8D38876-LeaderElection80] INFO  server.RaftServerConfigKeys (ConfUtils.java:logGet(46)) - raft.server.log.appender.install.snapshot.enabled = false (custom)
2024-02-09 18:35:44,510 [bf8a30fd-7b22-4fec-9389-eaf0e8889ee9@group-3830F8D38876-LeaderElection80] INFO  grpc.GrpcConfigKeys (ConfUtils.java:logGet(46)) - raft.grpc.server.heartbeat.channel = true (default)
2024-02-09 18:35:44,511 [bf8a30fd-7b22-4fec-9389-eaf0e8889ee9@group-2F070E17DBC0-LeaderElection81] INFO  server.RaftServer$Division (ServerState.java:setRaftConf(386)) - bf8a30fd-7b22-4fec-9389-eaf0e8889ee9@group-2F070E17DBC0: set configuration 0: peers:[bf8a30fd-7b22-4fec-9389-eaf0e8889ee9|10.1.0.43:15442]|listeners:[], old=null
2024-02-09 18:35:44,512 [bf8a30fd-7b22-4fec-9389-eaf0e8889ee9@group-3830F8D38876-LeaderElection80] INFO  server.RaftServerConfigKeys (ConfUtils.java:logGet(46)) - raft.server.log.appender.snapshot.chunk.size.max = 16MB (=16777216) (default)
2024-02-09 18:35:44,512 [bf8a30fd-7b22-4fec-9389-eaf0e8889ee9@group-3830F8D38876-LeaderElection80] INFO  server.RaftServerConfigKeys (ConfUtils.java:logGet(46)) - raft.server.log.appender.buffer.byte-limit = 8388608 (custom)
2024-02-09 18:35:44,512 [bf8a30fd-7b22-4fec-9389-eaf0e8889ee9@group-3830F8D38876-LeaderElection80] INFO  server.RaftServerConfigKeys (ConfUtils.java:logGet(46)) - raft.server.log.appender.buffer.element-limit = 1 (custom)
2024-02-09 18:35:44,512 [bf8a30fd-7b22-4fec-9389-eaf0e8889ee9@group-3830F8D38876-LeaderElection80] INFO  server.RaftServerConfigKeys (ConfUtils.java:logGet(46)) - raft.server.log.appender.wait-time.min = 0ms (custom)
2024-02-09 18:35:44,512 [bf8a30fd-7b22-4fec-9389-eaf0e8889ee9@group-3830F8D38876-LeaderElection80] INFO  grpc.GrpcConfigKeys (ConfUtils.java:logGet(46)) - raft.grpc.server.leader.outstanding.appends.max = 8 (default)
2024-02-09 18:35:44,512 [bf8a30fd-7b22-4fec-9389-eaf0e8889ee9@group-3830F8D38876-LeaderElection80] INFO  server.RaftServerConfigKeys (ConfUtils.java:logGet(46)) - raft.server.rpc.request.timeout = 3000ms (default)
2024-02-09 18:35:44,512 [bf8a30fd-7b22-4fec-9389-eaf0e8889ee9@group-3830F8D38876-LeaderElection80] INFO  grpc.GrpcConfigKeys (ConfUtils.java:logGet(46)) - raft.grpc.server.install_snapshot.request.element-limit = 8 (default)
2024-02-09 18:35:44,512 [bf8a30fd-7b22-4fec-9389-eaf0e8889ee9@group-3830F8D38876-LeaderElection80] INFO  grpc.GrpcConfigKeys (ConfUtils.java:logGet(46)) - raft.grpc.server.install_snapshot.request.timeout = 3000ms (default)
2024-02-09 18:35:44,512 [bf8a30fd-7b22-4fec-9389-eaf0e8889ee9@group-3830F8D38876-LeaderElection80] INFO  grpc.GrpcConfigKeys (ConfUtils.java:logGet(46)) - raft.grpc.server.log-message.batch.duration = 5s (default)
2024-02-09 18:35:44,513 [bf8a30fd-7b22-4fec-9389-eaf0e8889ee9@group-3830F8D38876-LeaderElection80] INFO  server.RaftServerConfigKeys (ConfUtils.java:logGet(46)) - raft.server.log.appender.install.snapshot.enabled = false (custom)
2024-02-09 18:35:44,513 [bf8a30fd-7b22-4fec-9389-eaf0e8889ee9@group-3830F8D38876-LeaderElection80] INFO  grpc.GrpcConfigKeys (ConfUtils.java:logGet(46)) - raft.grpc.server.heartbeat.channel = true (default)
2024-02-09 18:35:44,513 [bf8a30fd-7b22-4fec-9389-eaf0e8889ee9@group-3830F8D38876-LeaderElection80] INFO  impl.RoleInfo (RoleInfo.java:updateAndGet(139)) - bf8a30fd-7b22-4fec-9389-eaf0e8889ee9: start bf8a30fd-7b22-4fec-9389-eaf0e8889ee9@group-3830F8D38876-LeaderStateImpl
2024-02-09 18:35:44,513 [bf8a30fd-7b22-4fec-9389-eaf0e8889ee9@group-3830F8D38876-LeaderElection80] INFO  server.RaftServer$Division (RaftServerImpl.java:setFirstElection(574)) - bf8a30fd-7b22-4fec-9389-eaf0e8889ee9@group-3830F8D38876: set firstElectionSinceStartup to false for becomeLeader
2024-02-09 18:35:44,513 [bf8a30fd-7b22-4fec-9389-eaf0e8889ee9@group-3830F8D38876-LeaderElection80] INFO  ratis.XceiverServerRatis (XceiverServerRatis.java:handleLeaderChangedNotification(966)) - Leader change notification received for group: group-3830F8D38876 with new leaderId: bf8a30fd-7b22-4fec-9389-eaf0e8889ee9
2024-02-09 18:35:44,513 [bf8a30fd-7b22-4fec-9389-eaf0e8889ee9@group-3830F8D38876-LeaderElection80] INFO  server.RaftServer$Division (ServerState.java:setLeader(269)) - bf8a30fd-7b22-4fec-9389-eaf0e8889ee9@group-3830F8D38876: change Leader from null to bf8a30fd-7b22-4fec-9389-eaf0e8889ee9 at term 1 for becomeLeader, leader elected after 5230ms
2024-02-09 18:35:44,513 [bf8a30fd-7b22-4fec-9389-eaf0e8889ee9@group-3830F8D38876-LeaderElection80] INFO  segmented.SegmentedRaftLogWorker (SegmentedRaftLogWorker.java:startLogSegment(430)) - bf8a30fd-7b22-4fec-9389-eaf0e8889ee9@group-3830F8D38876-SegmentedRaftLogWorker: Starting segment from index:0
2024-02-09 18:35:44,514 [bf8a30fd-7b22-4fec-9389-eaf0e8889ee9@group-3830F8D38876-SegmentedRaftLogWorker] INFO  segmented.BufferedWriteChannel (BufferedWriteChannel.java:open(62)) - open log_inprogress_0 at position 0
2024-02-09 18:35:44,514 [bf8a30fd-7b22-4fec-9389-eaf0e8889ee9@group-2F070E17DBC0-SegmentedRaftLogWorker] INFO  segmented.SegmentedRaftLogWorker (SegmentedRaftLogWorker.java:execute(634)) - bf8a30fd-7b22-4fec-9389-eaf0e8889ee9@group-2F070E17DBC0-SegmentedRaftLogWorker: created new log segment /home/runner/work/ozone/ozone/hadoop-ozone/integration-test/target/test-dir/MiniOzoneClusterImpl-10a7684d-3d33-49d2-80ef-f5f5272a1eb0/datanode-8/data/ratis/b0bc7ef5-f9b7-487d-8070-2f070e17dbc0/current/log_inprogress_0
2024-02-09 18:35:44,514 [bf8a30fd-7b22-4fec-9389-eaf0e8889ee9@group-3830F8D38876-LeaderElection80] INFO  server.RaftServer$Division (ServerState.java:setRaftConf(386)) - bf8a30fd-7b22-4fec-9389-eaf0e8889ee9@group-3830F8D38876: set configuration 0: peers:[408e6c3a-5292-4cb9-8087-08d5bb587f71|10.1.0.43:15433, bf8a30fd-7b22-4fec-9389-eaf0e8889ee9|10.1.0.43:15442, 87145564-582e-4d08-b209-7a2296b785bc|10.1.0.43:15424]|listeners:[], old=null
2024-02-09 18:35:44,516 [EventQueue-PipelineReportForPipelineReportHandler] INFO  pipeline.PipelineReportHandler (PipelineReportHandler.java:processPipelineReport(136)) - Opened pipeline PipelineID=2135d486-1a49-4d36-8ae2-3830f8d38876
2024-02-09 18:35:44,518 [87145564-582e-4d08-b209-7a2296b785bc-server-thread1] INFO  ratis.XceiverServerRatis (XceiverServerRatis.java:handleLeaderChangedNotification(966)) - Leader change notification received for group: group-3830F8D38876 with new leaderId: bf8a30fd-7b22-4fec-9389-eaf0e8889ee9
2024-02-09 18:35:44,518 [87145564-582e-4d08-b209-7a2296b785bc-server-thread1] INFO  server.RaftServer$Division (ServerState.java:setLeader(269)) - 87145564-582e-4d08-b209-7a2296b785bc@group-3830F8D38876: change Leader from null to bf8a30fd-7b22-4fec-9389-eaf0e8889ee9 at term 1 for appendEntries, leader elected after 5268ms
2024-02-09 18:35:44,521 [bf8a30fd-7b22-4fec-9389-eaf0e8889ee9@group-3830F8D38876-SegmentedRaftLogWorker] INFO  segmented.SegmentedRaftLogWorker (SegmentedRaftLogWorker.java:execute(634)) - bf8a30fd-7b22-4fec-9389-eaf0e8889ee9@group-3830F8D38876-SegmentedRaftLogWorker: created new log segment /home/runner/work/ozone/ozone/hadoop-ozone/integration-test/target/test-dir/MiniOzoneClusterImpl-10a7684d-3d33-49d2-80ef-f5f5272a1eb0/datanode-8/data/ratis/2135d486-1a49-4d36-8ae2-3830f8d38876/current/log_inprogress_0
2024-02-09 18:35:44,522 [bf8a30fd-7b22-4fec-9389-eaf0e8889ee9@group-2F070E17DBC0-StateMachineUpdater] INFO  server.RaftServer$Division (LeaderStateImpl.java:isApplied(320)) - leader is ready since appliedIndex == 0 >= startIndex == 0
2024-02-09 18:35:44,528 [87145564-582e-4d08-b209-7a2296b785bc-server-thread1] INFO  server.RaftServer$Division (ServerState.java:setRaftConf(386)) - 87145564-582e-4d08-b209-7a2296b785bc@group-3830F8D38876: set configuration 0: peers:[408e6c3a-5292-4cb9-8087-08d5bb587f71|10.1.0.43:15433, bf8a30fd-7b22-4fec-9389-eaf0e8889ee9|10.1.0.43:15442, 87145564-582e-4d08-b209-7a2296b785bc|10.1.0.43:15424]|listeners:[], old=null
2024-02-09 18:35:44,528 [408e6c3a-5292-4cb9-8087-08d5bb587f71-server-thread2] INFO  ratis.XceiverServerRatis (XceiverServerRatis.java:handleLeaderChangedNotification(966)) - Leader change notification received for group: group-3830F8D38876 with new leaderId: bf8a30fd-7b22-4fec-9389-eaf0e8889ee9
2024-02-09 18:35:44,528 [408e6c3a-5292-4cb9-8087-08d5bb587f71-server-thread2] INFO  server.RaftServer$Division (ServerState.java:setLeader(269)) - 408e6c3a-5292-4cb9-8087-08d5bb587f71@group-3830F8D38876: change Leader from null to bf8a30fd-7b22-4fec-9389-eaf0e8889ee9 at term 1 for appendEntries, leader elected after 5262ms
2024-02-09 18:35:44,528 [87145564-582e-4d08-b209-7a2296b785bc-server-thread1] INFO  segmented.SegmentedRaftLogWorker (SegmentedRaftLogWorker.java:startLogSegment(430)) - 87145564-582e-4d08-b209-7a2296b785bc@group-3830F8D38876-SegmentedRaftLogWorker: Starting segment from index:0
2024-02-09 18:35:44,528 [7b2d406f-67a0-48ec-b7b7-fdf942b3fd04-NettyServerStreamRpc-bossGroup--thread1] INFO  logging.LoggingHandler (AbstractInternalLogger.java:log(148)) - [id: 0xf85dd53e, L:/0.0.0.0:15380] CLOSE
2024-02-09 18:35:44,529 [7b2d406f-67a0-48ec-b7b7-fdf942b3fd04-NettyServerStreamRpc-bossGroup--thread1] INFO  logging.LoggingHandler (AbstractInternalLogger.java:log(148)) - [id: 0xf85dd53e, L:/0.0.0.0:15380] INACTIVE
2024-02-09 18:35:44,529 [7b2d406f-67a0-48ec-b7b7-fdf942b3fd04-NettyServerStreamRpc-bossGroup--thread1] INFO  logging.LoggingHandler (AbstractInternalLogger.java:log(148)) - [id: 0xf85dd53e, L:/0.0.0.0:15380] UNREGISTERED
2024-02-09 18:35:44,529 [87145564-582e-4d08-b209-7a2296b785bc@group-3830F8D38876-SegmentedRaftLogWorker] INFO  segmented.BufferedWriteChannel (BufferedWriteChannel.java:open(62)) - open log_inprogress_0 at position 0
2024-02-09 18:35:44,531 [408e6c3a-5292-4cb9-8087-08d5bb587f71-server-thread2] INFO  server.RaftServer$Division (ServerState.java:setRaftConf(386)) - 408e6c3a-5292-4cb9-8087-08d5bb587f71@group-3830F8D38876: set configuration 0: peers:[408e6c3a-5292-4cb9-8087-08d5bb587f71|10.1.0.43:15433, bf8a30fd-7b22-4fec-9389-eaf0e8889ee9|10.1.0.43:15442, 87145564-582e-4d08-b209-7a2296b785bc|10.1.0.43:15424]|listeners:[], old=null
2024-02-09 18:35:44,531 [408e6c3a-5292-4cb9-8087-08d5bb587f71-server-thread2] INFO  segmented.SegmentedRaftLogWorker (SegmentedRaftLogWorker.java:startLogSegment(430)) - 408e6c3a-5292-4cb9-8087-08d5bb587f71@group-3830F8D38876-SegmentedRaftLogWorker: Starting segment from index:0
2024-02-09 18:35:44,531 [408e6c3a-5292-4cb9-8087-08d5bb587f71@group-3830F8D38876-SegmentedRaftLogWorker] INFO  segmented.BufferedWriteChannel (BufferedWriteChannel.java:open(62)) - open log_inprogress_0 at position 0
2024-02-09 18:35:44,540 [87145564-582e-4d08-b209-7a2296b785bc@group-3830F8D38876-SegmentedRaftLogWorker] INFO  segmented.SegmentedRaftLogWorker (SegmentedRaftLogWorker.java:execute(634)) - 87145564-582e-4d08-b209-7a2296b785bc@group-3830F8D38876-SegmentedRaftLogWorker: created new log segment /home/runner/work/ozone/ozone/hadoop-ozone/integration-test/target/test-dir/MiniOzoneClusterImpl-10a7684d-3d33-49d2-80ef-f5f5272a1eb0/datanode-6/data/ratis/2135d486-1a49-4d36-8ae2-3830f8d38876/current/log_inprogress_0
2024-02-09 18:35:44,540 [408e6c3a-5292-4cb9-8087-08d5bb587f71@group-3830F8D38876-SegmentedRaftLogWorker] INFO  segmented.SegmentedRaftLogWorker (SegmentedRaftLogWorker.java:execute(634)) - 408e6c3a-5292-4cb9-8087-08d5bb587f71@group-3830F8D38876-SegmentedRaftLogWorker: created new log segment /home/runner/work/ozone/ozone/hadoop-ozone/integration-test/target/test-dir/MiniOzoneClusterImpl-10a7684d-3d33-49d2-80ef-f5f5272a1eb0/datanode-7/data/ratis/2135d486-1a49-4d36-8ae2-3830f8d38876/current/log_inprogress_0
2024-02-09 18:35:44,542 [bf8a30fd-7b22-4fec-9389-eaf0e8889ee9@group-3830F8D38876-StateMachineUpdater] INFO  server.RaftServer$Division (LeaderStateImpl.java:isApplied(320)) - leader is ready since appliedIndex == 0 >= startIndex == 0
2024-02-09 18:35:45,014 [7b2d406f-67a0-48ec-b7b7-fdf942b3fd04-impl-thread1] INFO  segmented.SegmentedRaftLogWorker (SegmentedRaftLogWorker.java:close(245)) - 7b2d406f-67a0-48ec-b7b7-fdf942b3fd04@group-C65DC1EE0095-SegmentedRaftLogWorker close()
2024-02-09 18:35:45,476 [7b2d406f-67a0-48ec-b7b7-fdf942b3fd04-impl-thread2] INFO  segmented.SegmentedRaftLogWorker (SegmentedRaftLogWorker.java:close(245)) - 7b2d406f-67a0-48ec-b7b7-fdf942b3fd04@group-138E0DE0C554-SegmentedRaftLogWorker close()
2024-02-09 18:35:45,477 [JvmPauseMonitor47] INFO  util.JvmPauseMonitor (JvmPauseMonitor.java:run(152)) - JvmPauseMonitor-7b2d406f-67a0-48ec-b7b7-fdf942b3fd04: Stopped
2024-02-09 18:35:47,480 [main] INFO  utils.DatanodeStoreCache (DatanodeStoreCache.java:shutdownCache(116)) - Skip clearing cache in mini cluster mode. Entries left: [/home/runner/work/ozone/ozone/hadoop-ozone/integration-test/target/test-dir/MiniOzoneClusterImpl-10a7684d-3d33-49d2-80ef-f5f5272a1eb0/datanode-0/data-0/containers/hdds/10a7684d-3d33-49d2-80ef-f5f5272a1eb0/DS-4d99ee64-97a0-4ffe-9681-8df20fa4500a/container.db, /home/runner/work/ozone/ozone/hadoop-ozone/integration-test/target/test-dir/MiniOzoneClusterImpl-10a7684d-3d33-49d2-80ef-f5f5272a1eb0/datanode-1/data-0/containers/hdds/10a7684d-3d33-49d2-80ef-f5f5272a1eb0/DS-3ddfeed4-4c9e-4be4-bbd3-0c91cefd288e/container.db, /home/runner/work/ozone/ozone/hadoop-ozone/integration-test/target/test-dir/MiniOzoneClusterImpl-10a7684d-3d33-49d2-80ef-f5f5272a1eb0/datanode-2/data-0/containers/hdds/10a7684d-3d33-49d2-80ef-f5f5272a1eb0/DS-19547b0c-34e2-44bd-8024-97f43ba96895/container.db, /home/runner/work/ozone/ozone/hadoop-ozone/integration-test/target/test-dir/MiniOzoneClusterImpl-10a7684d-3d33-49d2-80ef-f5f5272a1eb0/datanode-3/data-0/containers/hdds/10a7684d-3d33-49d2-80ef-f5f5272a1eb0/DS-877b8892-bf95-4a21-84f9-279fd9a984c8/container.db, /home/runner/work/ozone/ozone/hadoop-ozone/integration-test/target/test-dir/MiniOzoneClusterImpl-10a7684d-3d33-49d2-80ef-f5f5272a1eb0/datanode-4/data-0/containers/hdds/10a7684d-3d33-49d2-80ef-f5f5272a1eb0/DS-648d9530-a775-4918-a815-4b116036c093/container.db, /home/runner/work/ozone/ozone/hadoop-ozone/integration-test/target/test-dir/MiniOzoneClusterImpl-10a7684d-3d33-49d2-80ef-f5f5272a1eb0/datanode-5/data-0/containers/hdds/10a7684d-3d33-49d2-80ef-f5f5272a1eb0/DS-228ed3c1-9205-4cfb-a76e-32e3815cea4d/container.db, /home/runner/work/ozone/ozone/hadoop-ozone/integration-test/target/test-dir/MiniOzoneClusterImpl-10a7684d-3d33-49d2-80ef-f5f5272a1eb0/datanode-6/data-0/containers/hdds/10a7684d-3d33-49d2-80ef-f5f5272a1eb0/DS-582452f8-d4c2-4124-b29a-e0971a69cf66/container.db, /home/runner/work/ozone/ozone/hadoop-ozone/integration-test/target/test-dir/MiniOzoneClusterImpl-10a7684d-3d33-49d2-80ef-f5f5272a1eb0/datanode-7/data-0/containers/hdds/10a7684d-3d33-49d2-80ef-f5f5272a1eb0/DS-3b4da911-e387-4413-8f4d-00f7ed38ddc8/container.db, /home/runner/work/ozone/ozone/hadoop-ozone/integration-test/target/test-dir/MiniOzoneClusterImpl-10a7684d-3d33-49d2-80ef-f5f5272a1eb0/datanode-8/data-0/containers/hdds/10a7684d-3d33-49d2-80ef-f5f5272a1eb0/DS-a22aaa58-7673-488c-af28-ecead3820f80/container.db]
2024-02-09 18:35:47,481 [main] INFO  utils.DatanodeStoreCache (DatanodeStoreCache.java:removeDB(110)) - Removed db /home/runner/work/ozone/ozone/hadoop-ozone/integration-test/target/test-dir/MiniOzoneClusterImpl-10a7684d-3d33-49d2-80ef-f5f5272a1eb0/datanode-1/data-0/containers/hdds/10a7684d-3d33-49d2-80ef-f5f5272a1eb0/DS-3ddfeed4-4c9e-4be4-bbd3-0c91cefd288e/container.db from cache
2024-02-09 18:35:47,481 [main] INFO  volume.HddsVolume (HddsVolume.java:closeDbStore(451)) - SchemaV3 db is stopped at /home/runner/work/ozone/ozone/hadoop-ozone/integration-test/target/test-dir/MiniOzoneClusterImpl-10a7684d-3d33-49d2-80ef-f5f5272a1eb0/datanode-1/data-0/containers/hdds/10a7684d-3d33-49d2-80ef-f5f5272a1eb0/DS-3ddfeed4-4c9e-4be4-bbd3-0c91cefd288e/container.db for volume DS-3ddfeed4-4c9e-4be4-bbd3-0c91cefd288e
2024-02-09 18:35:47,482 [main] INFO  utils.BackgroundService (BackgroundService.java:shutdown(160)) - Shutting down service BlockDeletingService
2024-02-09 18:35:47,482 [main] INFO  utils.BackgroundService (BackgroundService.java:shutdown(160)) - Shutting down service StaleRecoveringContainerScrubbingService
2024-02-09 18:35:47,483 [main] INFO  statemachine.DatanodeStateMachine (DatanodeStateMachine.java:stopDaemon(638)) - Ozone container server stopped.
2024-02-09 18:35:47,483 [main] INFO  handler.ContextHandler (ContextHandler.java:doStop(1159)) - Stopped o.e.j.w.WebAppContext@394145af{hddsDatanode,/,null,STOPPED}{jar:file:/home/runner/.m2/repository/org/apache/ozone/hdds-container-service/1.5.0-SNAPSHOT/hdds-container-service-1.5.0-SNAPSHOT.jar!/webapps/hddsDatanode}
2024-02-09 18:35:47,488 [main] INFO  server.AbstractConnector (AbstractConnector.java:doStop(383)) - Stopped ServerConnector@3842ee34{HTTP/1.1, (http/1.1)}{0.0.0.0:15374}
2024-02-09 18:35:47,488 [main] INFO  server.session (HouseKeeper.java:stopScavenging(149)) - node0 Stopped scavenging
2024-02-09 18:35:47,488 [main] INFO  handler.ContextHandler (ContextHandler.java:doStop(1159)) - Stopped o.e.j.s.ServletContextHandler@55eddd99{static,/static,jar:file:/home/runner/.m2/repository/org/apache/ozone/hdds-container-service/1.5.0-SNAPSHOT/hdds-container-service-1.5.0-SNAPSHOT.jar!/webapps/static,STOPPED}
2024-02-09 18:35:47,488 [main] INFO  handler.ContextHandler (ContextHandler.java:doStop(1159)) - Stopped o.e.j.s.ServletContextHandler@5d5cc6d{logs,/logs,file:///home/runner/work/ozone/ozone/hadoop-ozone/integration-test/target/log,STOPPED}
2024-02-09 18:35:47,489 [main] INFO  ozone.HddsDatanodeClientProtocolServer (HddsDatanodeClientProtocolServer.java:stop(78)) - Stopping the RPC server for Client Protocol
2024-02-09 18:35:47,489 [main] INFO  ipc.Server (Server.java:stop(3523)) - Stopping server on 15375
2024-02-09 18:35:47,490 [IPC Server listener on 15375] INFO  ipc.Server (Server.java:run(1434)) - Stopping IPC Server listener on 15375
2024-02-09 18:35:47,491 [IPC Server Responder] INFO  ipc.Server (Server.java:run(1567)) - Stopping IPC Server Responder
2024-02-09 18:35:47,493 [main] INFO  ozoneimpl.OzoneContainer (OzoneContainer.java:stop(481)) - Attempting to stop container services.
2024-02-09 18:35:47,493 [main] INFO  server.RaftServer (RaftServerProxy.java:lambda$close$9(416)) - cf8377d2-89dc-40fa-8f92-08f9232c90c8: close
2024-02-09 18:35:47,493 [cf8377d2-89dc-40fa-8f92-08f9232c90c8-impl-thread1] INFO  server.RaftServer$Division (RaftServerImpl.java:lambda$close$3(526)) - cf8377d2-89dc-40fa-8f92-08f9232c90c8@group-2A85AFBFB806: shutdown
2024-02-09 18:35:47,493 [main] INFO  server.GrpcService (GrpcService.java:closeImpl(311)) - cf8377d2-89dc-40fa-8f92-08f9232c90c8: shutdown server org.apache.ratis.grpc.server.GrpcClientProtocolService now
2024-02-09 18:35:47,493 [cf8377d2-89dc-40fa-8f92-08f9232c90c8-impl-thread2] INFO  server.RaftServer$Division (RaftServerImpl.java:lambda$close$3(526)) - cf8377d2-89dc-40fa-8f92-08f9232c90c8@group-138E0DE0C554: shutdown
2024-02-09 18:35:47,493 [cf8377d2-89dc-40fa-8f92-08f9232c90c8-impl-thread2] INFO  util.JmxRegister (JmxRegister.java:unregister(73)) - Successfully un-registered JMX Bean with object name Ratis:service=RaftServer,group=group-138E0DE0C554,id=cf8377d2-89dc-40fa-8f92-08f9232c90c8
2024-02-09 18:35:47,493 [cf8377d2-89dc-40fa-8f92-08f9232c90c8-impl-thread1] INFO  util.JmxRegister (JmxRegister.java:unregister(73)) - Successfully un-registered JMX Bean with object name Ratis:service=RaftServer,group=group-2A85AFBFB806,id=cf8377d2-89dc-40fa-8f92-08f9232c90c8
2024-02-09 18:35:47,495 [cf8377d2-89dc-40fa-8f92-08f9232c90c8-impl-thread1] INFO  impl.RoleInfo (RoleInfo.java:shutdownLeaderState(94)) - cf8377d2-89dc-40fa-8f92-08f9232c90c8: shutdown cf8377d2-89dc-40fa-8f92-08f9232c90c8@group-2A85AFBFB806-LeaderStateImpl
2024-02-09 18:35:47,495 [cf8377d2-89dc-40fa-8f92-08f9232c90c8-impl-thread2] INFO  impl.RoleInfo (RoleInfo.java:shutdownFollowerState(110)) - cf8377d2-89dc-40fa-8f92-08f9232c90c8: shutdown cf8377d2-89dc-40fa-8f92-08f9232c90c8@group-138E0DE0C554-FollowerState
2024-02-09 18:35:47,494 [Thread-5734] INFO  server.GrpcServerProtocolClient (GrpcServerProtocolClient.java:close(103)) - 7b2d406f-67a0-48ec-b7b7-fdf942b3fd04 Close channels
2024-02-09 18:35:47,494 [Thread-5733] INFO  server.GrpcServerProtocolClient (GrpcServerProtocolClient.java:close(103)) - 81d78f49-5211-4a7a-996b-69bb86adfbbb Close channels
2024-02-09 18:35:47,495 [cf8377d2-89dc-40fa-8f92-08f9232c90c8-impl-thread2] INFO  impl.StateMachineUpdater (StateMachineUpdater.java:stopAndJoin(157)) - cf8377d2-89dc-40fa-8f92-08f9232c90c8@group-138E0DE0C554-StateMachineUpdater: set stopIndex = 2
2024-02-09 18:35:47,495 [cf8377d2-89dc-40fa-8f92-08f9232c90c8@group-138E0DE0C554-FollowerState] INFO  impl.FollowerState (FollowerState.java:run(152)) - cf8377d2-89dc-40fa-8f92-08f9232c90c8@group-138E0DE0C554-FollowerState was interrupted
2024-02-09 18:35:47,495 [cf8377d2-89dc-40fa-8f92-08f9232c90c8-impl-thread1] INFO  impl.PendingRequests (PendingRequests.java:sendNotLeaderResponses(289)) - cf8377d2-89dc-40fa-8f92-08f9232c90c8@group-2A85AFBFB806-PendingRequests: sendNotLeaderResponses
2024-02-09 18:35:47,496 [cf8377d2-89dc-40fa-8f92-08f9232c90c8-impl-thread1] INFO  impl.StateMachineUpdater (StateMachineUpdater.java:stopAndJoin(157)) - cf8377d2-89dc-40fa-8f92-08f9232c90c8@group-2A85AFBFB806-StateMachineUpdater: set stopIndex = 0
2024-02-09 18:35:47,496 [cf8377d2-89dc-40fa-8f92-08f9232c90c8@group-2A85AFBFB806-StateMachineUpdater] INFO  ratis.ContainerStateMachine (ContainerStateMachine.java:takeSnapshot(355)) - group-2A85AFBFB806: Taking a snapshot at:(t:1, i:0) file /home/runner/work/ozone/ozone/hadoop-ozone/integration-test/target/test-dir/MiniOzoneClusterImpl-10a7684d-3d33-49d2-80ef-f5f5272a1eb0/datanode-0/data/ratis/b8d98cbf-4520-496b-a0e1-2a85afbfb806/sm/snapshot.1_0
2024-02-09 18:35:47,496 [cf8377d2-89dc-40fa-8f92-08f9232c90c8@group-2A85AFBFB806-StateMachineUpdater] INFO  ratis.ContainerStateMachine (ContainerStateMachine.java:takeSnapshot(366)) - group-2A85AFBFB806: Finished taking a snapshot at:(t:1, i:0) file:/home/runner/work/ozone/ozone/hadoop-ozone/integration-test/target/test-dir/MiniOzoneClusterImpl-10a7684d-3d33-49d2-80ef-f5f5272a1eb0/datanode-0/data/ratis/b8d98cbf-4520-496b-a0e1-2a85afbfb806/sm/snapshot.1_0 took: 1 ms
2024-02-09 18:35:47,496 [cf8377d2-89dc-40fa-8f92-08f9232c90c8@group-2A85AFBFB806-StateMachineUpdater] INFO  impl.StateMachineUpdater (StateMachineUpdater.java:takeSnapshot(295)) - cf8377d2-89dc-40fa-8f92-08f9232c90c8@group-2A85AFBFB806-StateMachineUpdater: Took a snapshot at index 0
2024-02-09 18:35:47,496 [cf8377d2-89dc-40fa-8f92-08f9232c90c8@group-2A85AFBFB806-StateMachineUpdater] INFO  impl.StateMachineUpdater (StateMachineUpdater.java:lambda$new$0(98)) - cf8377d2-89dc-40fa-8f92-08f9232c90c8@group-2A85AFBFB806-StateMachineUpdater: snapshotIndex: updateIncreasingly -1 -> 0
2024-02-09 18:35:47,497 [cf8377d2-89dc-40fa-8f92-08f9232c90c8-impl-thread1] INFO  server.RaftServer$Division (ServerState.java:close(427)) - cf8377d2-89dc-40fa-8f92-08f9232c90c8@group-2A85AFBFB806: applyIndex: 0
2024-02-09 18:35:47,497 [cf8377d2-89dc-40fa-8f92-08f9232c90c8@group-2A85AFBFB806-cacheEviction-AwaitToRun] INFO  util.AwaitToRun (AwaitToRun.java:run(49)) - cf8377d2-89dc-40fa-8f92-08f9232c90c8@group-2A85AFBFB806-cacheEviction-AwaitToRun-AwaitForSignal is interrupted
2024-02-09 18:35:47,499 [cf8377d2-89dc-40fa-8f92-08f9232c90c8@group-138E0DE0C554-StateMachineUpdater] INFO  ratis.ContainerStateMachine (ContainerStateMachine.java:takeSnapshot(355)) - group-138E0DE0C554: Taking a snapshot at:(t:1, i:2) file /home/runner/work/ozone/ozone/hadoop-ozone/integration-test/target/test-dir/MiniOzoneClusterImpl-10a7684d-3d33-49d2-80ef-f5f5272a1eb0/datanode-0/data/ratis/b1a77248-3b90-49fe-ace1-138e0de0c554/sm/snapshot.1_2
2024-02-09 18:35:47,499 [main] INFO  server.GrpcService (GrpcService.java:closeImpl(320)) - cf8377d2-89dc-40fa-8f92-08f9232c90c8: shutdown server org.apache.ratis.grpc.server.GrpcClientProtocolService successfully
2024-02-09 18:35:47,499 [main] INFO  server.GrpcService (GrpcService.java:closeImpl(311)) - cf8377d2-89dc-40fa-8f92-08f9232c90c8: shutdown server GrpcServerProtocolService now
2024-02-09 18:35:47,500 [cf8377d2-89dc-40fa-8f92-08f9232c90c8@group-138E0DE0C554-StateMachineUpdater] INFO  ratis.ContainerStateMachine (ContainerStateMachine.java:takeSnapshot(366)) - group-138E0DE0C554: Finished taking a snapshot at:(t:1, i:2) file:/home/runner/work/ozone/ozone/hadoop-ozone/integration-test/target/test-dir/MiniOzoneClusterImpl-10a7684d-3d33-49d2-80ef-f5f5272a1eb0/datanode-0/data/ratis/b1a77248-3b90-49fe-ace1-138e0de0c554/sm/snapshot.1_2 took: 1 ms
2024-02-09 18:35:47,500 [cf8377d2-89dc-40fa-8f92-08f9232c90c8@group-138E0DE0C554-StateMachineUpdater] INFO  impl.StateMachineUpdater (StateMachineUpdater.java:takeSnapshot(295)) - cf8377d2-89dc-40fa-8f92-08f9232c90c8@group-138E0DE0C554-StateMachineUpdater: Took a snapshot at index 2
2024-02-09 18:35:47,500 [cf8377d2-89dc-40fa-8f92-08f9232c90c8@group-138E0DE0C554-StateMachineUpdater] INFO  impl.StateMachineUpdater (StateMachineUpdater.java:lambda$new$0(98)) - cf8377d2-89dc-40fa-8f92-08f9232c90c8@group-138E0DE0C554-StateMachineUpdater: snapshotIndex: updateIncreasingly -1 -> 2
2024-02-09 18:35:47,500 [cf8377d2-89dc-40fa-8f92-08f9232c90c8-impl-thread2] INFO  server.RaftServer$Division (ServerState.java:close(427)) - cf8377d2-89dc-40fa-8f92-08f9232c90c8@group-138E0DE0C554: applyIndex: 2
2024-02-09 18:35:47,501 [cf8377d2-89dc-40fa-8f92-08f9232c90c8@group-138E0DE0C554-cacheEviction-AwaitToRun] INFO  util.AwaitToRun (AwaitToRun.java:run(49)) - cf8377d2-89dc-40fa-8f92-08f9232c90c8@group-138E0DE0C554-cacheEviction-AwaitToRun-AwaitForSignal is interrupted
2024-02-09 18:35:47,501 [grpc-default-executor-4] WARN  server.GrpcServerProtocolService (LogUtils.java:warn(121)) - cf8377d2-89dc-40fa-8f92-08f9232c90c8: APPEND_ENTRIES onError, lastRequest: null: org.apache.ratis.thirdparty.io.grpc.StatusRuntimeException: CANCELLED: client cancelled
2024-02-09 18:35:47,501 [grpc-default-executor-5] WARN  server.GrpcServerProtocolService (LogUtils.java:warn(121)) - cf8377d2-89dc-40fa-8f92-08f9232c90c8: APPEND_ENTRIES onError, lastRequest: 81d78f49-5211-4a7a-996b-69bb86adfbbb->cf8377d2-89dc-40fa-8f92-08f9232c90c8#5-t1,previous=(t:1, i:1),leaderCommit=1,initializing? false,entries: size=1, first=(t:1, i:2), METADATAENTRY(c:1): org.apache.ratis.thirdparty.io.grpc.StatusRuntimeException: CANCELLED: client cancelled
2024-02-09 18:35:47,501 [grpc-default-executor-1] WARN  server.GrpcLogAppender (LogUtils.java:warn(121)) - 81d78f49-5211-4a7a-996b-69bb86adfbbb@group-138E0DE0C554->cf8377d2-89dc-40fa-8f92-08f9232c90c8-AppendLogResponseHandler: Failed appendEntries: org.apache.ratis.thirdparty.io.grpc.StatusRuntimeException: CANCELLED: RST_STREAM closed stream. HTTP/2 error code: CANCEL
2024-02-09 18:35:47,501 [main] INFO  server.GrpcService (GrpcService.java:closeImpl(320)) - cf8377d2-89dc-40fa-8f92-08f9232c90c8: shutdown server GrpcServerProtocolService successfully
2024-02-09 18:35:47,502 [main] INFO  server.GrpcService (GrpcService.java:closeImpl(311)) - cf8377d2-89dc-40fa-8f92-08f9232c90c8: shutdown server org.apache.ratis.grpc.server.GrpcAdminProtocolService now
2024-02-09 18:35:47,502 [grpc-default-executor-1] WARN  server.GrpcLogAppender (GrpcLogAppender.java:lambda$resetClient$1(217)) - 81d78f49-5211-4a7a-996b-69bb86adfbbb@group-138E0DE0C554->cf8377d2-89dc-40fa-8f92-08f9232c90c8-GrpcLogAppender: Follower failed (request=null, errorCount=1); keep nextIndex (3) unchanged and retry.
2024-02-09 18:35:47,503 [main] INFO  server.GrpcService (GrpcService.java:closeImpl(320)) - cf8377d2-89dc-40fa-8f92-08f9232c90c8: shutdown server org.apache.ratis.grpc.server.GrpcAdminProtocolService successfully
2024-02-09 18:35:47,505 [cf8377d2-89dc-40fa-8f92-08f9232c90c8-NettyServerStreamRpc-bossGroup--thread1] INFO  logging.LoggingHandler (AbstractInternalLogger.java:log(148)) - [id: 0xb518a699, L:/0.0.0.0:15371] CLOSE
2024-02-09 18:35:47,505 [cf8377d2-89dc-40fa-8f92-08f9232c90c8-NettyServerStreamRpc-bossGroup--thread1] INFO  logging.LoggingHandler (AbstractInternalLogger.java:log(148)) - [id: 0xb518a699, L:/0.0.0.0:15371] INACTIVE
2024-02-09 18:35:47,506 [cf8377d2-89dc-40fa-8f92-08f9232c90c8-NettyServerStreamRpc-bossGroup--thread1] INFO  logging.LoggingHandler (AbstractInternalLogger.java:log(148)) - [id: 0xb518a699, L:/0.0.0.0:15371] UNREGISTERED
2024-02-09 18:35:47,945 [cf8377d2-89dc-40fa-8f92-08f9232c90c8-impl-thread1] INFO  segmented.SegmentedRaftLogWorker (SegmentedRaftLogWorker.java:close(245)) - cf8377d2-89dc-40fa-8f92-08f9232c90c8@group-2A85AFBFB806-SegmentedRaftLogWorker close()
2024-02-09 18:35:48,476 [cf8377d2-89dc-40fa-8f92-08f9232c90c8-impl-thread2] INFO  segmented.SegmentedRaftLogWorker (SegmentedRaftLogWorker.java:close(245)) - cf8377d2-89dc-40fa-8f92-08f9232c90c8@group-138E0DE0C554-SegmentedRaftLogWorker close()
2024-02-09 18:35:48,478 [JvmPauseMonitor46] INFO  util.JvmPauseMonitor (JvmPauseMonitor.java:run(152)) - JvmPauseMonitor-cf8377d2-89dc-40fa-8f92-08f9232c90c8: Stopped
2024-02-09 18:35:49,494 [timer7] WARN  server.GrpcLogAppender (LogUtils.java:warn(121)) - 81d78f49-5211-4a7a-996b-69bb86adfbbb@group-138E0DE0C554->7b2d406f-67a0-48ec-b7b7-fdf942b3fd04-AppendLogResponseHandler: Failed appendEntries (Repeated 10 times in the last 5.000s): org.apache.ratis.thirdparty.io.grpc.StatusRuntimeException: UNAVAILABLE: io exception
2024-02-09 18:35:49,495 [timer0] WARN  server.GrpcLogAppender (GrpcLogAppender.java:lambda$resetClient$1(217)) - 81d78f49-5211-4a7a-996b-69bb86adfbbb@group-138E0DE0C554->7b2d406f-67a0-48ec-b7b7-fdf942b3fd04-GrpcLogAppender: Follower failed (request=null, errorCount=10); keep nextIndex (3) unchanged and retry. (Repeated 10 times in the last 5.000s)
2024-02-09 18:35:50,480 [main] INFO  utils.DatanodeStoreCache (DatanodeStoreCache.java:shutdownCache(116)) - Skip clearing cache in mini cluster mode. Entries left: [/home/runner/work/ozone/ozone/hadoop-ozone/integration-test/target/test-dir/MiniOzoneClusterImpl-10a7684d-3d33-49d2-80ef-f5f5272a1eb0/datanode-0/data-0/containers/hdds/10a7684d-3d33-49d2-80ef-f5f5272a1eb0/DS-4d99ee64-97a0-4ffe-9681-8df20fa4500a/container.db, /home/runner/work/ozone/ozone/hadoop-ozone/integration-test/target/test-dir/MiniOzoneClusterImpl-10a7684d-3d33-49d2-80ef-f5f5272a1eb0/datanode-2/data-0/containers/hdds/10a7684d-3d33-49d2-80ef-f5f5272a1eb0/DS-19547b0c-34e2-44bd-8024-97f43ba96895/container.db, /home/runner/work/ozone/ozone/hadoop-ozone/integration-test/target/test-dir/MiniOzoneClusterImpl-10a7684d-3d33-49d2-80ef-f5f5272a1eb0/datanode-3/data-0/containers/hdds/10a7684d-3d33-49d2-80ef-f5f5272a1eb0/DS-877b8892-bf95-4a21-84f9-279fd9a984c8/container.db, /home/runner/work/ozone/ozone/hadoop-ozone/integration-test/target/test-dir/MiniOzoneClusterImpl-10a7684d-3d33-49d2-80ef-f5f5272a1eb0/datanode-4/data-0/containers/hdds/10a7684d-3d33-49d2-80ef-f5f5272a1eb0/DS-648d9530-a775-4918-a815-4b116036c093/container.db, /home/runner/work/ozone/ozone/hadoop-ozone/integration-test/target/test-dir/MiniOzoneClusterImpl-10a7684d-3d33-49d2-80ef-f5f5272a1eb0/datanode-5/data-0/containers/hdds/10a7684d-3d33-49d2-80ef-f5f5272a1eb0/DS-228ed3c1-9205-4cfb-a76e-32e3815cea4d/container.db, /home/runner/work/ozone/ozone/hadoop-ozone/integration-test/target/test-dir/MiniOzoneClusterImpl-10a7684d-3d33-49d2-80ef-f5f5272a1eb0/datanode-6/data-0/containers/hdds/10a7684d-3d33-49d2-80ef-f5f5272a1eb0/DS-582452f8-d4c2-4124-b29a-e0971a69cf66/container.db, /home/runner/work/ozone/ozone/hadoop-ozone/integration-test/target/test-dir/MiniOzoneClusterImpl-10a7684d-3d33-49d2-80ef-f5f5272a1eb0/datanode-7/data-0/containers/hdds/10a7684d-3d33-49d2-80ef-f5f5272a1eb0/DS-3b4da911-e387-4413-8f4d-00f7ed38ddc8/container.db, /home/runner/work/ozone/ozone/hadoop-ozone/integration-test/target/test-dir/MiniOzoneClusterImpl-10a7684d-3d33-49d2-80ef-f5f5272a1eb0/datanode-8/data-0/containers/hdds/10a7684d-3d33-49d2-80ef-f5f5272a1eb0/DS-a22aaa58-7673-488c-af28-ecead3820f80/container.db]
2024-02-09 18:35:50,481 [main] INFO  utils.DatanodeStoreCache (DatanodeStoreCache.java:removeDB(110)) - Removed db /home/runner/work/ozone/ozone/hadoop-ozone/integration-test/target/test-dir/MiniOzoneClusterImpl-10a7684d-3d33-49d2-80ef-f5f5272a1eb0/datanode-0/data-0/containers/hdds/10a7684d-3d33-49d2-80ef-f5f5272a1eb0/DS-4d99ee64-97a0-4ffe-9681-8df20fa4500a/container.db from cache
2024-02-09 18:35:50,481 [main] INFO  volume.HddsVolume (HddsVolume.java:closeDbStore(451)) - SchemaV3 db is stopped at /home/runner/work/ozone/ozone/hadoop-ozone/integration-test/target/test-dir/MiniOzoneClusterImpl-10a7684d-3d33-49d2-80ef-f5f5272a1eb0/datanode-0/data-0/containers/hdds/10a7684d-3d33-49d2-80ef-f5f5272a1eb0/DS-4d99ee64-97a0-4ffe-9681-8df20fa4500a/container.db for volume DS-4d99ee64-97a0-4ffe-9681-8df20fa4500a
2024-02-09 18:35:50,482 [main] INFO  utils.BackgroundService (BackgroundService.java:shutdown(160)) - Shutting down service BlockDeletingService
2024-02-09 18:35:50,482 [main] INFO  utils.BackgroundService (BackgroundService.java:shutdown(160)) - Shutting down service StaleRecoveringContainerScrubbingService
2024-02-09 18:35:50,482 [main] INFO  statemachine.DatanodeStateMachine (DatanodeStateMachine.java:stopDaemon(638)) - Ozone container server stopped.
2024-02-09 18:35:50,483 [main] INFO  handler.ContextHandler (ContextHandler.java:doStop(1159)) - Stopped o.e.j.w.WebAppContext@8e698d4{hddsDatanode,/,null,STOPPED}{jar:file:/home/runner/.m2/repository/org/apache/ozone/hdds-container-service/1.5.0-SNAPSHOT/hdds-container-service-1.5.0-SNAPSHOT.jar!/webapps/hddsDatanode}
2024-02-09 18:35:50,483 [main] INFO  server.AbstractConnector (AbstractConnector.java:doStop(383)) - Stopped ServerConnector@251c131e{HTTP/1.1, (http/1.1)}{0.0.0.0:15365}
2024-02-09 18:35:50,484 [main] INFO  server.session (HouseKeeper.java:stopScavenging(149)) - node0 Stopped scavenging
2024-02-09 18:35:50,484 [main] INFO  handler.ContextHandler (ContextHandler.java:doStop(1159)) - Stopped o.e.j.s.ServletContextHandler@564afc21{static,/static,jar:file:/home/runner/.m2/repository/org/apache/ozone/hdds-container-service/1.5.0-SNAPSHOT/hdds-container-service-1.5.0-SNAPSHOT.jar!/webapps/static,STOPPED}
2024-02-09 18:35:50,484 [main] INFO  handler.ContextHandler (ContextHandler.java:doStop(1159)) - Stopped o.e.j.s.ServletContextHandler@66291e50{logs,/logs,file:///home/runner/work/ozone/ozone/hadoop-ozone/integration-test/target/log,STOPPED}
2024-02-09 18:35:50,484 [main] INFO  ozone.HddsDatanodeClientProtocolServer (HddsDatanodeClientProtocolServer.java:stop(78)) - Stopping the RPC server for Client Protocol
2024-02-09 18:35:50,485 [main] INFO  ipc.Server (Server.java:stop(3523)) - Stopping server on 15366
2024-02-09 18:35:50,486 [IPC Server listener on 15366] INFO  ipc.Server (Server.java:run(1434)) - Stopping IPC Server listener on 15366
2024-02-09 18:35:50,486 [IPC Server Responder] INFO  ipc.Server (Server.java:run(1567)) - Stopping IPC Server Responder
2024-02-09 18:35:50,487 [main] INFO  pipeline.PipelineManagerImpl (PipelineManagerImpl.java:closeContainersForPipeline(484)) - Container #1 closed for pipeline=PipelineID=b1a77248-3b90-49fe-ace1-138e0de0c554
2024-02-09 18:35:50,488 [EventQueue-CloseContainerForCloseContainerEventHandler] INFO  container.CloseContainerEventHandler (CloseContainerEventHandler.java:onMessage(88)) - Close container Event triggered for container : #1, current state: CLOSING
2024-02-09 18:35:50,488 [main] INFO  pipeline.PipelineManagerImpl (PipelineManagerImpl.java:closePipeline(518)) - Pipeline PipelineID=b1a77248-3b90-49fe-ace1-138e0de0c554 moved to CLOSED state
2024-02-09 18:35:50,736 [grpc-default-executor-7] WARN  server.GrpcLogAppender (LogUtils.java:warn(121)) - 81d78f49-5211-4a7a-996b-69bb86adfbbb@group-138E0DE0C554->7b2d406f-67a0-48ec-b7b7-fdf942b3fd04-AppendLogResponseHandler: Failed appendEntries: org.apache.ratis.thirdparty.io.grpc.StatusRuntimeException: UNAVAILABLE: io exception
2024-02-09 18:35:50,737 [grpc-default-executor-5] WARN  server.GrpcLogAppender (GrpcLogAppender.java:lambda$resetClient$1(217)) - 81d78f49-5211-4a7a-996b-69bb86adfbbb@group-138E0DE0C554->7b2d406f-67a0-48ec-b7b7-fdf942b3fd04-GrpcLogAppender: Follower failed (request=null, errorCount=11); keep nextIndex (3) unchanged and retry.
2024-02-09 18:35:52,501 [timer6] WARN  server.GrpcLogAppender (LogUtils.java:warn(121)) - 81d78f49-5211-4a7a-996b-69bb86adfbbb@group-138E0DE0C554->cf8377d2-89dc-40fa-8f92-08f9232c90c8-AppendLogResponseHandler: Failed appendEntries (Repeated 8 times in the last 5.000s): org.apache.ratis.thirdparty.io.grpc.StatusRuntimeException: UNAVAILABLE: io exception
2024-02-09 18:35:52,502 [timer7] WARN  server.GrpcLogAppender (GrpcLogAppender.java:lambda$resetClient$1(217)) - 81d78f49-5211-4a7a-996b-69bb86adfbbb@group-138E0DE0C554->cf8377d2-89dc-40fa-8f92-08f9232c90c8-GrpcLogAppender: Follower failed (request=null, errorCount=8); keep nextIndex (3) unchanged and retry. (Repeated 8 times in the last 5.000s)
2024-02-09 18:35:53,238 [grpc-default-executor-7] WARN  server.GrpcLogAppender (LogUtils.java:warn(121)) - 81d78f49-5211-4a7a-996b-69bb86adfbbb@group-138E0DE0C554->cf8377d2-89dc-40fa-8f92-08f9232c90c8-AppendLogResponseHandler: Failed appendEntries: org.apache.ratis.thirdparty.io.grpc.StatusRuntimeException: UNAVAILABLE: io exception
2024-02-09 18:35:53,239 [grpc-default-executor-5] WARN  server.GrpcLogAppender (GrpcLogAppender.java:lambda$resetClient$1(217)) - 81d78f49-5211-4a7a-996b-69bb86adfbbb@group-138E0DE0C554->cf8377d2-89dc-40fa-8f92-08f9232c90c8-GrpcLogAppender: Follower failed (request=null, errorCount=9); keep nextIndex (3) unchanged and retry.
2024-02-09 18:35:53,816 [null-request--thread1] INFO  server.GrpcClientProtocolService (GrpcClientProtocolService.java:lambda$processClientRequest$0(284)) - Failed RaftClientRequest:client-C24E80ECA5E9->81d78f49-5211-4a7a-996b-69bb86adfbbb@group-138E0DE0C554, cid=77, seq=null, Watch-ALL_COMMITTED(26), Message:<EMPTY>, reply=RaftClientReply:client-C24E80ECA5E9->81d78f49-5211-4a7a-996b-69bb86adfbbb@group-138E0DE0C554, cid=77, FAILED org.apache.ratis.protocol.exceptions.NotReplicatedException: Request with call Id 77 and log index 26 is not yet replicated to ALL_COMMITTED, logIndex=26, commits[81d78f49-5211-4a7a-996b-69bb86adfbbb:c2, cf8377d2-89dc-40fa-8f92-08f9232c90c8:c2, 7b2d406f-67a0-48ec-b7b7-fdf942b3fd04:c1]
2024-02-09 18:35:53,819 [main] WARN  scm.XceiverClientRatis (XceiverClientRatis.java:watchForCommit(284)) - 3 way commit failed on pipeline Pipeline[ Id: b1a77248-3b90-49fe-ace1-138e0de0c554, Nodes: 7b2d406f-67a0-48ec-b7b7-fdf942b3fd04(fv-az1241-572.pcjn5njxctguzesueqcwbvg5cg.ex.internal.cloudapp.net/10.1.0.43)cf8377d2-89dc-40fa-8f92-08f9232c90c8(fv-az1241-572.pcjn5njxctguzesueqcwbvg5cg.ex.internal.cloudapp.net/10.1.0.43)81d78f49-5211-4a7a-996b-69bb86adfbbb(fv-az1241-572.pcjn5njxctguzesueqcwbvg5cg.ex.internal.cloudapp.net/10.1.0.43), ReplicationConfig: RATIS/THREE, State:OPEN, leaderId:81d78f49-5211-4a7a-996b-69bb86adfbbb, CreationTimestamp2024-02-09T18:35:35.890Z[Etc/UTC]]
java.util.concurrent.ExecutionException: org.apache.ratis.protocol.exceptions.NotReplicatedException: Request with call Id 77 and log index 26 is not yet replicated to ALL_COMMITTED
	at java.util.concurrent.CompletableFuture.reportGet(CompletableFuture.java:357)
	at java.util.concurrent.CompletableFuture.get(CompletableFuture.java:1908)
	at org.apache.hadoop.hdds.scm.XceiverClientRatis.watchForCommit(XceiverClientRatis.java:279)
	at org.apache.hadoop.ozone.client.rpc.TestWatchForCommit.lambda$testWatchForCommitForRetryfailure$0(TestWatchForCommit.java:286)
	at org.junit.jupiter.api.AssertThrows.assertThrows(AssertThrows.java:53)
	at org.junit.jupiter.api.AssertThrows.assertThrows(AssertThrows.java:35)
	at org.junit.jupiter.api.Assertions.assertThrows(Assertions.java:3115)
	at org.apache.hadoop.ozone.client.rpc.TestWatchForCommit.testWatchForCommitForRetryfailure(TestWatchForCommit.java:285)
	at sun.reflect.NativeMethodAccessorImpl.invoke0(Native Method)
	at sun.reflect.NativeMethodAccessorImpl.invoke(NativeMethodAccessorImpl.java:62)
	at sun.reflect.DelegatingMethodAccessorImpl.invoke(DelegatingMethodAccessorImpl.java:43)
	at java.lang.reflect.Method.invoke(Method.java:498)
	at org.junit.platform.commons.util.ReflectionUtils.invokeMethod(ReflectionUtils.java:728)
	at org.junit.jupiter.engine.execution.MethodInvocation.proceed(MethodInvocation.java:60)
	at org.junit.jupiter.engine.execution.InvocationInterceptorChain$ValidatingInvocation.proceed(InvocationInterceptorChain.java:131)
	at org.junit.jupiter.engine.extension.TimeoutExtension.intercept(TimeoutExtension.java:156)
	at org.junit.jupiter.engine.extension.TimeoutExtension.interceptTestableMethod(TimeoutExtension.java:147)
	at org.junit.jupiter.engine.extension.TimeoutExtension.interceptTestMethod(TimeoutExtension.java:86)
	at org.junit.jupiter.engine.execution.InterceptingExecutableInvoker$ReflectiveInterceptorCall.lambda$ofVoidMethod$0(InterceptingExecutableInvoker.java:103)
	at org.junit.jupiter.engine.execution.InterceptingExecutableInvoker.lambda$invoke$0(InterceptingExecutableInvoker.java:93)
	at org.junit.jupiter.engine.execution.InvocationInterceptorChain$InterceptedInvocation.proceed(InvocationInterceptorChain.java:106)
	at org.junit.jupiter.engine.execution.InvocationInterceptorChain.proceed(InvocationInterceptorChain.java:64)
	at org.junit.jupiter.engine.execution.InvocationInterceptorChain.chainAndInvoke(InvocationInterceptorChain.java:45)
	at org.junit.jupiter.engine.execution.InvocationInterceptorChain.invoke(InvocationInterceptorChain.java:37)
	at org.junit.jupiter.engine.execution.InterceptingExecutableInvoker.invoke(InterceptingExecutableInvoker.java:92)
	at org.junit.jupiter.engine.execution.InterceptingExecutableInvoker.invoke(InterceptingExecutableInvoker.java:86)
	at org.junit.jupiter.engine.descriptor.TestMethodTestDescriptor.lambda$invokeTestMethod$7(TestMethodTestDescriptor.java:218)
	at org.junit.platform.engine.support.hierarchical.ThrowableCollector.execute(ThrowableCollector.java:73)
	at org.junit.jupiter.engine.descriptor.TestMethodTestDescriptor.invokeTestMethod(TestMethodTestDescriptor.java:214)
	at org.junit.jupiter.engine.descriptor.TestMethodTestDescriptor.execute(TestMethodTestDescriptor.java:139)
	at org.junit.jupiter.engine.descriptor.TestMethodTestDescriptor.execute(TestMethodTestDescriptor.java:69)
	at org.junit.platform.engine.support.hierarchical.NodeTestTask.lambda$executeRecursively$6(NodeTestTask.java:151)
	at org.junit.platform.engine.support.hierarchical.ThrowableCollector.execute(ThrowableCollector.java:73)
	at org.junit.platform.engine.support.hierarchical.NodeTestTask.lambda$executeRecursively$8(NodeTestTask.java:141)
	at org.junit.platform.engine.support.hierarchical.Node.around(Node.java:137)
	at org.junit.platform.engine.support.hierarchical.NodeTestTask.lambda$executeRecursively$9(NodeTestTask.java:139)
	at org.junit.platform.engine.support.hierarchical.ThrowableCollector.execute(ThrowableCollector.java:73)
	at org.junit.platform.engine.support.hierarchical.NodeTestTask.executeRecursively(NodeTestTask.java:138)
	at org.junit.platform.engine.support.hierarchical.NodeTestTask.execute(NodeTestTask.java:95)
	at java.util.ArrayList.forEach(ArrayList.java:1259)
	at org.junit.platform.engine.support.hierarchical.SameThreadHierarchicalTestExecutorService.invokeAll(SameThreadHierarchicalTestExecutorService.java:41)
	at org.junit.platform.engine.support.hierarchical.NodeTestTask.lambda$executeRecursively$6(NodeTestTask.java:155)
	at org.junit.platform.engine.support.hierarchical.ThrowableCollector.execute(ThrowableCollector.java:73)
	at org.junit.platform.engine.support.hierarchical.NodeTestTask.lambda$executeRecursively$8(NodeTestTask.java:141)
	at org.junit.platform.engine.support.hierarchical.Node.around(Node.java:137)
	at org.junit.platform.engine.support.hierarchical.NodeTestTask.lambda$executeRecursively$9(NodeTestTask.java:139)
	at org.junit.platform.engine.support.hierarchical.ThrowableCollector.execute(ThrowableCollector.java:73)
	at org.junit.platform.engine.support.hierarchical.NodeTestTask.executeRecursively(NodeTestTask.java:138)
	at org.junit.platform.engine.support.hierarchical.NodeTestTask.execute(NodeTestTask.java:95)
	at java.util.ArrayList.forEach(ArrayList.java:1259)
	at org.junit.platform.engine.support.hierarchical.SameThreadHierarchicalTestExecutorService.invokeAll(SameThreadHierarchicalTestExecutorService.java:41)
	at org.junit.platform.engine.support.hierarchical.NodeTestTask.lambda$executeRecursively$6(NodeTestTask.java:155)
	at org.junit.platform.engine.support.hierarchical.ThrowableCollector.execute(ThrowableCollector.java:73)
	at org.junit.platform.engine.support.hierarchical.NodeTestTask.lambda$executeRecursively$8(NodeTestTask.java:141)
	at org.junit.platform.engine.support.hierarchical.Node.around(Node.java:137)
	at org.junit.platform.engine.support.hierarchical.NodeTestTask.lambda$executeRecursively$9(NodeTestTask.java:139)
	at org.junit.platform.engine.support.hierarchical.ThrowableCollector.execute(ThrowableCollector.java:73)
	at org.junit.platform.engine.support.hierarchical.NodeTestTask.executeRecursively(NodeTestTask.java:138)
	at org.junit.platform.engine.support.hierarchical.NodeTestTask.execute(NodeTestTask.java:95)
	at org.junit.platform.engine.support.hierarchical.SameThreadHierarchicalTestExecutorService.submit(SameThreadHierarchicalTestExecutorService.java:35)
	at org.junit.platform.engine.support.hierarchical.HierarchicalTestExecutor.execute(HierarchicalTestExecutor.java:57)
	at org.junit.platform.engine.support.hierarchical.HierarchicalTestEngine.execute(HierarchicalTestEngine.java:54)
	at org.junit.platform.launcher.core.EngineExecutionOrchestrator.execute(EngineExecutionOrchestrator.java:198)
	at org.junit.platform.launcher.core.EngineExecutionOrchestrator.execute(EngineExecutionOrchestrator.java:169)
	at org.junit.platform.launcher.core.EngineExecutionOrchestrator.execute(EngineExecutionOrchestrator.java:93)
	at org.junit.platform.launcher.core.EngineExecutionOrchestrator.lambda$execute$0(EngineExecutionOrchestrator.java:58)
	at org.junit.platform.launcher.core.EngineExecutionOrchestrator.withInterceptedStreams(EngineExecutionOrchestrator.java:141)
	at org.junit.platform.launcher.core.EngineExecutionOrchestrator.execute(EngineExecutionOrchestrator.java:57)
	at org.junit.platform.launcher.core.DefaultLauncher.execute(DefaultLauncher.java:103)
	at org.junit.platform.launcher.core.DefaultLauncher.execute(DefaultLauncher.java:85)
	at org.junit.platform.launcher.core.DelegatingLauncher.execute(DelegatingLauncher.java:47)
	at org.junit.platform.launcher.core.SessionPerRequestLauncher.execute(SessionPerRequestLauncher.java:63)
	at org.apache.maven.surefire.junitplatform.JUnitPlatformProvider.invokeAllTests(JUnitPlatformProvider.java:165)
	at org.apache.maven.surefire.junitplatform.JUnitPlatformProvider.invoke(JUnitPlatformProvider.java:124)
	at org.apache.maven.surefire.booter.ForkedBooter.runSuitesInProcess(ForkedBooter.java:428)
	at org.apache.maven.surefire.booter.ForkedBooter.execute(ForkedBooter.java:162)
	at org.apache.maven.surefire.booter.ForkedBooter.run(ForkedBooter.java:562)
	at org.apache.maven.surefire.booter.ForkedBooter.main(ForkedBooter.java:548)
Caused by: org.apache.ratis.protocol.exceptions.NotReplicatedException: Request with call Id 77 and log index 26 is not yet replicated to ALL_COMMITTED
	at org.apache.ratis.client.impl.ClientProtoUtils.toRaftClientReply(ClientProtoUtils.java:400)
	at org.apache.ratis.grpc.client.GrpcClientProtocolClient$AsyncStreamObservers$1.onNext(GrpcClientProtocolClient.java:310)
	at org.apache.ratis.grpc.client.GrpcClientProtocolClient$AsyncStreamObservers$1.onNext(GrpcClientProtocolClient.java:305)
	at org.apache.ratis.thirdparty.io.grpc.stub.ClientCalls$StreamObserverToCallListenerAdapter.onMessage(ClientCalls.java:468)
	at org.apache.ratis.thirdparty.io.grpc.ForwardingClientCallListener.onMessage(ForwardingClientCallListener.java:33)
	at org.apache.ratis.thirdparty.io.grpc.internal.ClientCallImpl$ClientStreamListenerImpl$1MessagesAvailable.runInternal(ClientCallImpl.java:660)
	at org.apache.ratis.thirdparty.io.grpc.internal.ClientCallImpl$ClientStreamListenerImpl$1MessagesAvailable.runInContext(ClientCallImpl.java:647)
	at org.apache.ratis.thirdparty.io.grpc.internal.ContextRunnable.run(ContextRunnable.java:37)
	at org.apache.ratis.thirdparty.io.grpc.internal.SerializingExecutor.run(SerializingExecutor.java:133)
	at java.util.concurrent.ThreadPoolExecutor.runWorker(ThreadPoolExecutor.java:1149)
	at java.util.concurrent.ThreadPoolExecutor$Worker.run(ThreadPoolExecutor.java:624)
	at java.lang.Thread.run(Thread.java:750)
2024-02-09 18:35:54,877 [81d78f49-5211-4a7a-996b-69bb86adfbbb@group-138E0DE0C554-LeaderStateImpl] WARN  server.RaftServer$Division (LeaderStateImpl.java:checkLeadership(1107)) - 81d78f49-5211-4a7a-996b-69bb86adfbbb@group-138E0DE0C554-LeaderStateImpl: Lost leadership on term: 1. Election timeout: 5200ms. In charge for: 10975ms. Conf: 0: peers:[cf8377d2-89dc-40fa-8f92-08f9232c90c8|10.1.0.43:15370, 81d78f49-5211-4a7a-996b-69bb86adfbbb|10.1.0.43:15388, 7b2d406f-67a0-48ec-b7b7-fdf942b3fd04|10.1.0.43:15379]|listeners:[], old=null
2024-02-09 18:35:54,877 [81d78f49-5211-4a7a-996b-69bb86adfbbb@group-138E0DE0C554-LeaderStateImpl] WARN  server.RaftServer$Division (LeaderStateImpl.java:lambda$checkLeadership$21(1111)) - Follower 81d78f49-5211-4a7a-996b-69bb86adfbbb@group-138E0DE0C554->cf8377d2-89dc-40fa-8f92-08f9232c90c8(c2,m2,n3, caughtUp=true, lastRpcSendTime=385, lastRpcResponseTime=7896)
2024-02-09 18:35:54,877 [81d78f49-5211-4a7a-996b-69bb86adfbbb@group-138E0DE0C554-LeaderStateImpl] WARN  server.RaftServer$Division (LeaderStateImpl.java:lambda$checkLeadership$21(1111)) - Follower 81d78f49-5211-4a7a-996b-69bb86adfbbb@group-138E0DE0C554->7b2d406f-67a0-48ec-b7b7-fdf942b3fd04(c1,m2,n3, caughtUp=true, lastRpcSendTime=406, lastRpcResponseTime=10401)
2024-02-09 18:35:54,877 [81d78f49-5211-4a7a-996b-69bb86adfbbb@group-138E0DE0C554-LeaderStateImpl] INFO  server.RaftServer$Division (RaftServerImpl.java:setRole(383)) - 81d78f49-5211-4a7a-996b-69bb86adfbbb@group-138E0DE0C554: changes role from    LEADER to FOLLOWER at term 1 for StepDownReason:LOST_MAJORITY_HEARTBEATS
2024-02-09 18:35:54,877 [81d78f49-5211-4a7a-996b-69bb86adfbbb@group-138E0DE0C554-LeaderStateImpl] INFO  impl.RoleInfo (RoleInfo.java:shutdownLeaderState(94)) - 81d78f49-5211-4a7a-996b-69bb86adfbbb: shutdown 81d78f49-5211-4a7a-996b-69bb86adfbbb@group-138E0DE0C554-LeaderStateImpl
2024-02-09 18:35:54,877 [81d78f49-5211-4a7a-996b-69bb86adfbbb@group-138E0DE0C554->cf8377d2-89dc-40fa-8f92-08f9232c90c8-GrpcLogAppender-LogAppenderDaemon] WARN  server.GrpcLogAppender (GrpcLogAppender.java:mayWait(289)) - 81d78f49-5211-4a7a-996b-69bb86adfbbb@group-138E0DE0C554->cf8377d2-89dc-40fa-8f92-08f9232c90c8-GrpcLogAppender: Wait interrupted by java.lang.InterruptedException
2024-02-09 18:35:54,877 [81d78f49-5211-4a7a-996b-69bb86adfbbb@group-138E0DE0C554-LeaderStateImpl] INFO  impl.PendingRequests (PendingRequests.java:sendNotLeaderResponses(289)) - 81d78f49-5211-4a7a-996b-69bb86adfbbb@group-138E0DE0C554-PendingRequests: sendNotLeaderResponses
2024-02-09 18:35:54,877 [81d78f49-5211-4a7a-996b-69bb86adfbbb@group-138E0DE0C554->7b2d406f-67a0-48ec-b7b7-fdf942b3fd04-GrpcLogAppender-LogAppenderDaemon] WARN  server.GrpcLogAppender (GrpcLogAppender.java:mayWait(289)) - 81d78f49-5211-4a7a-996b-69bb86adfbbb@group-138E0DE0C554->7b2d406f-67a0-48ec-b7b7-fdf942b3fd04-GrpcLogAppender: Wait interrupted by java.lang.InterruptedException
2024-02-09 18:35:54,879 [null-request--thread1] INFO  server.GrpcClientProtocolService (GrpcClientProtocolService.java:lambda$processClientRequest$0(284)) - Failed RaftClientRequest:client-C24E80ECA5E9->81d78f49-5211-4a7a-996b-69bb86adfbbb@group-138E0DE0C554, cid=78, seq=null, Watch-MAJORITY_COMMITTED(26), Message:<EMPTY>, reply=RaftClientReply:client-C24E80ECA5E9->81d78f49-5211-4a7a-996b-69bb86adfbbb@group-138E0DE0C554, cid=78, FAILED org.apache.ratis.protocol.exceptions.NotLeaderException: Server 81d78f49-5211-4a7a-996b-69bb86adfbbb@group-138E0DE0C554 is not the leader, logIndex=0, commits[81d78f49-5211-4a7a-996b-69bb86adfbbb:c2, cf8377d2-89dc-40fa-8f92-08f9232c90c8:c2, 7b2d406f-67a0-48ec-b7b7-fdf942b3fd04:c1]
2024-02-09 18:35:54,879 [81d78f49-5211-4a7a-996b-69bb86adfbbb@group-138E0DE0C554-LeaderStateImpl] INFO  server.RaftServer$Division (ServerState.java:setLeader(269)) - 81d78f49-5211-4a7a-996b-69bb86adfbbb@group-138E0DE0C554: change Leader from 81d78f49-5211-4a7a-996b-69bb86adfbbb to null at term 1 for StepDownReason:LOST_MAJORITY_HEARTBEATS
2024-02-09 18:35:54,879 [81d78f49-5211-4a7a-996b-69bb86adfbbb@group-138E0DE0C554-LeaderStateImpl] INFO  impl.RoleInfo (RoleInfo.java:updateAndGet(139)) - 81d78f49-5211-4a7a-996b-69bb86adfbbb: start 81d78f49-5211-4a7a-996b-69bb86adfbbb@group-138E0DE0C554-FollowerState
2024-02-09 18:35:55,483 [81d78f49-5211-4a7a-996b-69bb86adfbbb-CloseContainerThread-0] INFO  commandhandler.CloseContainerCommandHandler (CloseContainerCommandHandler.java:lambda$handle$0(154)) - Follower cannot close container #1.
2024-02-09 18:35:55,736 [timer6] WARN  server.GrpcLogAppender (LogUtils.java:warn(121)) - 81d78f49-5211-4a7a-996b-69bb86adfbbb@group-138E0DE0C554->7b2d406f-67a0-48ec-b7b7-fdf942b3fd04-AppendLogResponseHandler: Failed appendEntries (Repeated 6 times in the last 5.001s): org.apache.ratis.thirdparty.io.grpc.StatusRuntimeException: UNAVAILABLE: io exception
2024-02-09 18:35:55,737 [timer7] WARN  server.GrpcLogAppender (GrpcLogAppender.java:lambda$resetClient$1(217)) - 81d78f49-5211-4a7a-996b-69bb86adfbbb@group-138E0DE0C554->7b2d406f-67a0-48ec-b7b7-fdf942b3fd04-GrpcLogAppender: Follower failed (request=null, errorCount=16); keep nextIndex (3) unchanged and retry. (Repeated 6 times in the last 5.000s)
2024-02-09 18:35:57,067 [BackgroundPipelineScrubber] INFO  pipeline.PipelineManagerImpl (PipelineManagerImpl.java:scrubPipelines(610)) - Scrubbing pipeline: id: PipelineID=b1a77248-3b90-49fe-ace1-138e0de0c554 since it stays at CLOSED stage.
2024-02-09 18:35:57,068 [BackgroundPipelineScrubber] INFO  pipeline.RatisPipelineProvider (RatisPipelineProvider.java:lambda$close$4(272)) - Send pipeline:PipelineID=b1a77248-3b90-49fe-ace1-138e0de0c554 close command to datanode 7b2d406f-67a0-48ec-b7b7-fdf942b3fd04
2024-02-09 18:35:57,068 [BackgroundPipelineScrubber] INFO  pipeline.RatisPipelineProvider (RatisPipelineProvider.java:lambda$close$4(272)) - Send pipeline:PipelineID=b1a77248-3b90-49fe-ace1-138e0de0c554 close command to datanode cf8377d2-89dc-40fa-8f92-08f9232c90c8
2024-02-09 18:35:57,068 [BackgroundPipelineScrubber] INFO  pipeline.RatisPipelineProvider (RatisPipelineProvider.java:lambda$close$4(272)) - Send pipeline:PipelineID=b1a77248-3b90-49fe-ace1-138e0de0c554 close command to datanode 81d78f49-5211-4a7a-996b-69bb86adfbbb
2024-02-09 18:35:57,069 [BackgroundPipelineScrubber] INFO  pipeline.PipelineManagerImpl (PipelineManagerImpl.java:removePipeline(459)) - Pipeline Pipeline[ Id: b1a77248-3b90-49fe-ace1-138e0de0c554, Nodes: 7b2d406f-67a0-48ec-b7b7-fdf942b3fd04(fv-az1241-572.pcjn5njxctguzesueqcwbvg5cg.ex.internal.cloudapp.net/10.1.0.43)cf8377d2-89dc-40fa-8f92-08f9232c90c8(fv-az1241-572.pcjn5njxctguzesueqcwbvg5cg.ex.internal.cloudapp.net/10.1.0.43)81d78f49-5211-4a7a-996b-69bb86adfbbb(fv-az1241-572.pcjn5njxctguzesueqcwbvg5cg.ex.internal.cloudapp.net/10.1.0.43), ReplicationConfig: RATIS/THREE, State:CLOSED, leaderId:81d78f49-5211-4a7a-996b-69bb86adfbbb, CreationTimestamp2024-02-09T18:35:35.890Z[Etc/UTC]] removed.
2024-02-09 18:35:58,239 [timer6] WARN  server.GrpcLogAppender (LogUtils.java:warn(121)) - 81d78f49-5211-4a7a-996b-69bb86adfbbb@group-138E0DE0C554->cf8377d2-89dc-40fa-8f92-08f9232c90c8-AppendLogResponseHandler: Failed appendEntries (Repeated 4 times in the last 5.001s): org.apache.ratis.thirdparty.io.grpc.StatusRuntimeException: UNAVAILABLE: io exception
2024-02-09 18:35:58,239 [timer7] WARN  server.GrpcLogAppender (GrpcLogAppender.java:lambda$resetClient$1(217)) - 81d78f49-5211-4a7a-996b-69bb86adfbbb@group-138E0DE0C554->cf8377d2-89dc-40fa-8f92-08f9232c90c8-GrpcLogAppender: Follower failed (request=null, errorCount=12); keep nextIndex (3) unchanged and retry. (Repeated 4 times in the last 5.000s)
2024-02-09 18:35:58,482 [81d78f49-5211-4a7a-996b-69bb86adfbbb-PipelineCommandHandlerThread-0] INFO  server.RaftServer (RaftServerProxy.java:remove(111)) - 81d78f49-5211-4a7a-996b-69bb86adfbbb: remove  FOLLOWER 81d78f49-5211-4a7a-996b-69bb86adfbbb@group-138E0DE0C554:t1, leader=null, voted=81d78f49-5211-4a7a-996b-69bb86adfbbb, raftlog=Memoized:81d78f49-5211-4a7a-996b-69bb86adfbbb@group-138E0DE0C554-SegmentedRaftLog:OPENED:c2, conf=0: peers:[cf8377d2-89dc-40fa-8f92-08f9232c90c8|10.1.0.43:15370, 81d78f49-5211-4a7a-996b-69bb86adfbbb|10.1.0.43:15388, 7b2d406f-67a0-48ec-b7b7-fdf942b3fd04|10.1.0.43:15379]|listeners:[], old=null RUNNING
2024-02-09 18:35:58,483 [81d78f49-5211-4a7a-996b-69bb86adfbbb-PipelineCommandHandlerThread-0] INFO  server.RaftServer$Division (RaftServerImpl.java:lambda$close$3(526)) - 81d78f49-5211-4a7a-996b-69bb86adfbbb@group-138E0DE0C554: shutdown
2024-02-09 18:35:58,483 [81d78f49-5211-4a7a-996b-69bb86adfbbb-PipelineCommandHandlerThread-0] INFO  util.JmxRegister (JmxRegister.java:unregister(73)) - Successfully un-registered JMX Bean with object name Ratis:service=RaftServer,group=group-138E0DE0C554,id=81d78f49-5211-4a7a-996b-69bb86adfbbb
2024-02-09 18:35:58,483 [81d78f49-5211-4a7a-996b-69bb86adfbbb-PipelineCommandHandlerThread-0] INFO  impl.RoleInfo (RoleInfo.java:shutdownFollowerState(110)) - 81d78f49-5211-4a7a-996b-69bb86adfbbb: shutdown 81d78f49-5211-4a7a-996b-69bb86adfbbb@group-138E0DE0C554-FollowerState
2024-02-09 18:35:58,483 [81d78f49-5211-4a7a-996b-69bb86adfbbb-PipelineCommandHandlerThread-0] INFO  impl.StateMachineUpdater (StateMachineUpdater.java:stopAndJoin(157)) - 81d78f49-5211-4a7a-996b-69bb86adfbbb@group-138E0DE0C554-StateMachineUpdater: set stopIndex = 2
2024-02-09 18:35:58,483 [81d78f49-5211-4a7a-996b-69bb86adfbbb@group-138E0DE0C554-FollowerState] INFO  impl.FollowerState (FollowerState.java:run(152)) - 81d78f49-5211-4a7a-996b-69bb86adfbbb@group-138E0DE0C554-FollowerState was interrupted
2024-02-09 18:35:58,483 [81d78f49-5211-4a7a-996b-69bb86adfbbb@group-138E0DE0C554-StateMachineUpdater] INFO  ratis.ContainerStateMachine (ContainerStateMachine.java:takeSnapshot(355)) - group-138E0DE0C554: Taking a snapshot at:(t:1, i:2) file /home/runner/work/ozone/ozone/hadoop-ozone/integration-test/target/test-dir/MiniOzoneClusterImpl-10a7684d-3d33-49d2-80ef-f5f5272a1eb0/datanode-2/data/ratis/b1a77248-3b90-49fe-ace1-138e0de0c554/sm/snapshot.1_2
2024-02-09 18:35:58,484 [81d78f49-5211-4a7a-996b-69bb86adfbbb@group-138E0DE0C554-StateMachineUpdater] INFO  ratis.ContainerStateMachine (ContainerStateMachine.java:takeSnapshot(366)) - group-138E0DE0C554: Finished taking a snapshot at:(t:1, i:2) file:/home/runner/work/ozone/ozone/hadoop-ozone/integration-test/target/test-dir/MiniOzoneClusterImpl-10a7684d-3d33-49d2-80ef-f5f5272a1eb0/datanode-2/data/ratis/b1a77248-3b90-49fe-ace1-138e0de0c554/sm/snapshot.1_2 took: 1 ms
2024-02-09 18:35:58,484 [81d78f49-5211-4a7a-996b-69bb86adfbbb@group-138E0DE0C554-StateMachineUpdater] INFO  impl.StateMachineUpdater (StateMachineUpdater.java:takeSnapshot(295)) - 81d78f49-5211-4a7a-996b-69bb86adfbbb@group-138E0DE0C554-StateMachineUpdater: Took a snapshot at index 2
2024-02-09 18:35:58,484 [81d78f49-5211-4a7a-996b-69bb86adfbbb@group-138E0DE0C554-StateMachineUpdater] INFO  impl.StateMachineUpdater (StateMachineUpdater.java:lambda$new$0(98)) - 81d78f49-5211-4a7a-996b-69bb86adfbbb@group-138E0DE0C554-StateMachineUpdater: snapshotIndex: updateIncreasingly -1 -> 2
2024-02-09 18:35:58,484 [81d78f49-5211-4a7a-996b-69bb86adfbbb-PipelineCommandHandlerThread-0] INFO  server.RaftServer$Division (ServerState.java:close(427)) - 81d78f49-5211-4a7a-996b-69bb86adfbbb@group-138E0DE0C554: applyIndex: 2
2024-02-09 18:35:58,484 [81d78f49-5211-4a7a-996b-69bb86adfbbb@group-138E0DE0C554-cacheEviction-AwaitToRun] INFO  util.AwaitToRun (AwaitToRun.java:run(49)) - 81d78f49-5211-4a7a-996b-69bb86adfbbb@group-138E0DE0C554-cacheEviction-AwaitToRun-AwaitForSignal is interrupted
2024-02-09 18:35:59,477 [81d78f49-5211-4a7a-996b-69bb86adfbbb-PipelineCommandHandlerThread-0] INFO  segmented.SegmentedRaftLogWorker (SegmentedRaftLogWorker.java:close(245)) - 81d78f49-5211-4a7a-996b-69bb86adfbbb@group-138E0DE0C554-SegmentedRaftLogWorker close()
2024-02-09 18:35:59,478 [81d78f49-5211-4a7a-996b-69bb86adfbbb-PipelineCommandHandlerThread-0] INFO  keyvalue.KeyValueContainer (KeyValueContainer.java:flushAndSyncDB(522)) - Container 1 is synced with bcsId 0.
2024-02-09 18:35:59,478 [81d78f49-5211-4a7a-996b-69bb86adfbbb-PipelineCommandHandlerThread-0] INFO  keyvalue.KeyValueContainer (KeyValueContainer.java:flushAndSyncDB(522)) - Container 1 is synced with bcsId 0.
2024-02-09 18:35:59,480 [81d78f49-5211-4a7a-996b-69bb86adfbbb-PipelineCommandHandlerThread-0] INFO  server.RaftServer$Division (RaftServerImpl.java:groupRemove(496)) - 81d78f49-5211-4a7a-996b-69bb86adfbbb@group-138E0DE0C554: Succeed to remove RaftStorageDirectory Storage Directory /home/runner/work/ozone/ozone/hadoop-ozone/integration-test/target/test-dir/MiniOzoneClusterImpl-10a7684d-3d33-49d2-80ef-f5f5272a1eb0/datanode-2/data/ratis/b1a77248-3b90-49fe-ace1-138e0de0c554
2024-02-09 18:35:59,480 [FixedThreadPoolWithAffinityExecutor-1-0] INFO  container.IncrementalContainerReportHandler (AbstractContainerReportHandler.java:updateContainerState(287)) - Moving container #1 to QUASI_CLOSED state, datanode 81d78f49-5211-4a7a-996b-69bb86adfbbb(fv-az1241-572.pcjn5njxctguzesueqcwbvg5cg.ex.internal.cloudapp.net/10.1.0.43) reported QUASI_CLOSED replica.
2024-02-09 18:35:59,480 [81d78f49-5211-4a7a-996b-69bb86adfbbb-PipelineCommandHandlerThread-0] ERROR commandhandler.ClosePipelineCommandHandler (ClosePipelineCommandHandler.java:lambda$handle$2(137)) - Can't close pipeline PipelineID=b1a77248-3b90-49fe-ace1-138e0de0c554
org.apache.ratis.protocol.exceptions.GroupMismatchException: 81d78f49-5211-4a7a-996b-69bb86adfbbb: group-138E0DE0C554 not found.
	at org.apache.ratis.server.impl.RaftServerProxy$ImplMap.get(RaftServerProxy.java:154)
	at org.apache.ratis.server.impl.RaftServerProxy.getImplFuture(RaftServerProxy.java:364)
	at org.apache.ratis.server.impl.RaftServerProxy.getImpl(RaftServerProxy.java:373)
	at org.apache.ratis.server.impl.RaftServerProxy.getDivision(RaftServerProxy.java:386)
	at org.apache.hadoop.ozone.container.common.transport.server.ratis.XceiverServerRatis.getRaftPeersInPipeline(XceiverServerRatis.java:951)
	at org.apache.hadoop.ozone.container.common.statemachine.commandhandler.ClosePipelineCommandHandler.lambda$handle$2(ClosePipelineCommandHandler.java:114)
	at java.util.concurrent.CompletableFuture$AsyncRun.run(CompletableFuture.java:1640)
	at java.util.concurrent.ThreadPoolExecutor.runWorker(ThreadPoolExecutor.java:1149)
	at java.util.concurrent.ThreadPoolExecutor$Worker.run(ThreadPoolExecutor.java:624)
	at java.lang.Thread.run(Thread.java:750)
2024-02-09 18:36:09,349 [main] INFO  ozone.MiniOzoneClusterImpl (MiniOzoneClusterImpl.java:shutdown(441)) - Shutting down the Mini Ozone Cluster
2024-02-09 18:36:09,350 [main] INFO  db.CodecTestUtil (CodecTestUtil.java:gc(50)) - gc 0
2024-02-09 18:36:09,729 [main] INFO  ozone.MiniOzoneClusterImpl (MiniOzoneClusterImpl.java:stop(457)) - Stopping the Mini Ozone Cluster
2024-02-09 18:36:09,729 [main] INFO  om.OzoneManager (OzoneManager.java:stop(2204)) - om1[localhost:15360]: Stopping Ozone Manager
2024-02-09 18:36:09,729 [main] INFO  ipc.Server (Server.java:stop(3523)) - Stopping server on 15360
2024-02-09 18:36:09,732 [IPC Server listener on 15360] INFO  ipc.Server (Server.java:run(1434)) - Stopping IPC Server listener on 15360
2024-02-09 18:36:09,733 [IPC Server Responder] INFO  ipc.Server (Server.java:run(1567)) - Stopping IPC Server Responder
2024-02-09 18:36:09,733 [main] INFO  ratis.OzoneManagerRatisServer (OzoneManagerRatisServer.java:stop(594)) - Stopping org.apache.hadoop.ozone.om.ratis.OzoneManagerRatisServer@7f927526 at port 15363
2024-02-09 18:36:09,733 [main] INFO  server.RaftServer (RaftServerProxy.java:lambda$close$9(416)) - om1: close
2024-02-09 18:36:09,734 [main] INFO  server.GrpcService (GrpcService.java:closeImpl(311)) - om1: shutdown server GrpcServerProtocolService now
2024-02-09 18:36:09,734 [om1-impl-thread1] INFO  server.RaftServer$Division (RaftServerImpl.java:lambda$close$3(526)) - om1@group-C5BA1605619E: shutdown
2024-02-09 18:36:09,734 [om1-impl-thread1] INFO  util.JmxRegister (JmxRegister.java:unregister(73)) - Successfully un-registered JMX Bean with object name Ratis:service=RaftServer,group=group-C5BA1605619E,id=om1
2024-02-09 18:36:09,734 [om1-impl-thread1] INFO  impl.RoleInfo (RoleInfo.java:shutdownLeaderState(94)) - om1: shutdown om1@group-C5BA1605619E-LeaderStateImpl
2024-02-09 18:36:09,734 [om1-impl-thread1] INFO  impl.PendingRequests (PendingRequests.java:sendNotLeaderResponses(289)) - om1@group-C5BA1605619E-PendingRequests: sendNotLeaderResponses
2024-02-09 18:36:09,735 [main] INFO  server.GrpcService (GrpcService.java:closeImpl(320)) - om1: shutdown server GrpcServerProtocolService successfully
2024-02-09 18:36:09,737 [om1-impl-thread1] INFO  impl.StateMachineUpdater (StateMachineUpdater.java:stopAndJoin(157)) - om1@group-C5BA1605619E-StateMachineUpdater: set stopIndex = 4
2024-02-09 18:36:09,737 [om1@group-C5BA1605619E-StateMachineUpdater] INFO  ratis.OzoneManagerStateMachine (OzoneManagerStateMachine.java:takeSnapshotImpl(469)) -  applied = (t:1, i:3)
2024-02-09 18:36:09,738 [om1@group-C5BA1605619E-StateMachineUpdater] INFO  ratis.OzoneManagerStateMachine (OzoneManagerStateMachine.java:takeSnapshotImpl(470)) -  skipped = 3
2024-02-09 18:36:09,738 [om1@group-C5BA1605619E-StateMachineUpdater] INFO  ratis.OzoneManagerStateMachine (OzoneManagerStateMachine.java:takeSnapshotImpl(471)) - notified = (t:1, i:4)
2024-02-09 18:36:09,738 [om1@group-C5BA1605619E-StateMachineUpdater] INFO  ratis.OzoneManagerStateMachine (OzoneManagerStateMachine.java:takeSnapshotImpl(472)) - snapshot = (t:1, i:4)
2024-02-09 18:36:09,747 [om1@group-C5BA1605619E-StateMachineUpdater] INFO  impl.StateMachineUpdater (StateMachineUpdater.java:takeSnapshot(295)) - om1@group-C5BA1605619E-StateMachineUpdater: Took a snapshot at index 4
2024-02-09 18:36:09,747 [om1@group-C5BA1605619E-StateMachineUpdater] INFO  impl.StateMachineUpdater (StateMachineUpdater.java:lambda$new$0(98)) - om1@group-C5BA1605619E-StateMachineUpdater: snapshotIndex: updateIncreasingly -1 -> 4
2024-02-09 18:36:09,747 [om1@group-C5BA1605619E-StateMachineUpdater] INFO  ratis.OzoneManagerStateMachine (OzoneManagerStateMachine.java:close(515)) - Stopping OzoneManagerStateMachine:om1:group-C5BA1605619E.
2024-02-09 18:36:09,747 [om1@group-C5BA1605619E-StateMachineUpdater] INFO  ratis.OzoneManagerDoubleBuffer (OzoneManagerDoubleBuffer.java:stopDaemon(514)) - Stopping OMDoubleBuffer flush thread
2024-02-09 18:36:09,748 [om1-OMDoubleBufferFlushThread] INFO  ratis.OzoneManagerDoubleBuffer (OzoneManagerDoubleBuffer.java:canFlush(578)) - OMDoubleBuffer flush thread om1-OMDoubleBufferFlushThread is interrupted and will exit.
2024-02-09 18:36:09,748 [om1-impl-thread1] INFO  server.RaftServer$Division (ServerState.java:close(427)) - om1@group-C5BA1605619E: applyIndex: 3
2024-02-09 18:36:09,749 [om1@group-C5BA1605619E-cacheEviction-AwaitToRun] INFO  util.AwaitToRun (AwaitToRun.java:run(49)) - om1@group-C5BA1605619E-cacheEviction-AwaitToRun-AwaitForSignal is interrupted
2024-02-09 18:36:10,631 [om1-impl-thread1] INFO  segmented.SegmentedRaftLogWorker (SegmentedRaftLogWorker.java:close(245)) - om1@group-C5BA1605619E-SegmentedRaftLogWorker close()
2024-02-09 18:36:10,632 [JvmPauseMonitor45] INFO  util.JvmPauseMonitor (JvmPauseMonitor.java:run(152)) - JvmPauseMonitor-om1: Stopped
2024-02-09 18:36:10,632 [main] INFO  utils.BackgroundService (BackgroundService.java:shutdown(160)) - Shutting down service KeyDeletingService
2024-02-09 18:36:10,632 [main] INFO  utils.BackgroundService (BackgroundService.java:shutdown(160)) - Shutting down service DirectoryDeletingService
2024-02-09 18:36:10,632 [main] INFO  utils.BackgroundService (BackgroundService.java:shutdown(160)) - Shutting down service OpenKeyCleanupService
2024-02-09 18:36:10,633 [main] INFO  utils.BackgroundService (BackgroundService.java:shutdown(160)) - Shutting down service SstFilteringService
2024-02-09 18:36:10,633 [main] INFO  utils.BackgroundService (BackgroundService.java:shutdown(160)) - Shutting down service SnapshotDeletingService
2024-02-09 18:36:10,633 [main] INFO  utils.BackgroundService (BackgroundService.java:shutdown(160)) - Shutting down service MultipartUploadCleanupService
2024-02-09 18:36:10,633 [main] INFO  utils.BackgroundService (BackgroundService.java:shutdown(160)) - Shutting down service SnapshotDirectoryCleaningService
2024-02-09 18:36:10,634 [main] INFO  handler.ContextHandler (ContextHandler.java:doStop(1159)) - Stopped o.e.j.w.WebAppContext@43624ff5{ozoneManager,/,null,STOPPED}{file:/home/runner/work/ozone/ozone/hadoop-ozone/integration-test/target/test-classes/webapps/ozoneManager}
2024-02-09 18:36:10,634 [main] INFO  server.AbstractConnector (AbstractConnector.java:doStop(383)) - Stopped ServerConnector@64049991{HTTP/1.1, (http/1.1)}{0.0.0.0:15361}
2024-02-09 18:36:10,634 [main] INFO  server.session (HouseKeeper.java:stopScavenging(149)) - node0 Stopped scavenging
2024-02-09 18:36:10,634 [main] INFO  handler.ContextHandler (ContextHandler.java:doStop(1159)) - Stopped o.e.j.s.ServletContextHandler@618a392f{static,/static,file:///home/runner/work/ozone/ozone/hadoop-ozone/integration-test/target/test-classes/webapps/static,STOPPED}
2024-02-09 18:36:10,635 [main] INFO  handler.ContextHandler (ContextHandler.java:doStop(1159)) - Stopped o.e.j.s.ServletContextHandler@506c5bd1{logs,/logs,file:///home/runner/work/ozone/ozone/hadoop-ozone/integration-test/target/log,STOPPED}
2024-02-09 18:36:10,635 [main] INFO  rocksdiff.RocksDBCheckpointDiffer (RocksDBCheckpointDiffer.java:close(310)) - Shutting down CompactionDagPruningService.
2024-02-09 18:36:10,637 [main] INFO  snapshot.SnapshotDiffManager (SnapshotDiffManager.java:closeExecutorService(1688)) - Shutting down executorService: 'SnapDiffExecutor'
2024-02-09 18:36:10,637 [main] INFO  snapshot.SnapshotDiffManager (SnapshotDiffManager.java:closeExecutorService(1688)) - Shutting down executorService: 'SstDumpToolExecutor'
2024-02-09 18:36:10,637 [main] INFO  utils.BackgroundService (BackgroundService.java:shutdown(160)) - Shutting down service SnapshotDiffCleanupService
2024-02-09 18:36:10,638 [main] INFO  ozone.MiniOzoneClusterImpl (MiniOzoneClusterImpl.java:stopDatanodes(527)) - Stopping the HddsDatanodes
2024-02-09 18:36:10,640 [ForkJoinPool.commonPool-worker-4] INFO  ozoneimpl.OzoneContainer (OzoneContainer.java:stop(481)) - Attempting to stop container services.
2024-02-09 18:36:10,640 [main] INFO  ozoneimpl.OzoneContainer (OzoneContainer.java:stop(481)) - Attempting to stop container services.
2024-02-09 18:36:10,641 [ForkJoinPool.commonPool-worker-6] INFO  ozoneimpl.OzoneContainer (OzoneContainer.java:stop(481)) - Attempting to stop container services.
2024-02-09 18:36:10,641 [main] INFO  server.RaftServer (RaftServerProxy.java:lambda$close$9(416)) - 063a7fb5-8d38-4cc1-bcc2-6ca7f0273dd7: close
2024-02-09 18:36:10,641 [ForkJoinPool.commonPool-worker-4] INFO  server.RaftServer (RaftServerProxy.java:lambda$close$9(416)) - 81d78f49-5211-4a7a-996b-69bb86adfbbb: close
2024-02-09 18:36:10,641 [063a7fb5-8d38-4cc1-bcc2-6ca7f0273dd7-impl-thread1] INFO  server.RaftServer$Division (RaftServerImpl.java:lambda$close$3(526)) - 063a7fb5-8d38-4cc1-bcc2-6ca7f0273dd7@group-1BE58298164A: shutdown
2024-02-09 18:36:10,641 [063a7fb5-8d38-4cc1-bcc2-6ca7f0273dd7-impl-thread1] INFO  util.JmxRegister (JmxRegister.java:unregister(73)) - Successfully un-registered JMX Bean with object name Ratis:service=RaftServer,group=group-1BE58298164A,id=063a7fb5-8d38-4cc1-bcc2-6ca7f0273dd7
2024-02-09 18:36:10,641 [063a7fb5-8d38-4cc1-bcc2-6ca7f0273dd7-impl-thread1] INFO  impl.RoleInfo (RoleInfo.java:shutdownFollowerState(110)) - 063a7fb5-8d38-4cc1-bcc2-6ca7f0273dd7: shutdown 063a7fb5-8d38-4cc1-bcc2-6ca7f0273dd7@group-1BE58298164A-FollowerState
2024-02-09 18:36:10,641 [ForkJoinPool.commonPool-worker-6] INFO  server.RaftServer (RaftServerProxy.java:lambda$close$9(416)) - 02d298ee-5691-417b-b376-6494770463b9: close
2024-02-09 18:36:10,643 [main] INFO  server.GrpcService (GrpcService.java:closeImpl(311)) - 063a7fb5-8d38-4cc1-bcc2-6ca7f0273dd7: shutdown server org.apache.ratis.grpc.server.GrpcClientProtocolService now
2024-02-09 18:36:10,644 [02d298ee-5691-417b-b376-6494770463b9-impl-thread1] INFO  server.RaftServer$Division (RaftServerImpl.java:lambda$close$3(526)) - 02d298ee-5691-417b-b376-6494770463b9@group-7A921FA49D78: shutdown
2024-02-09 18:36:10,644 [02d298ee-5691-417b-b376-6494770463b9-impl-thread1] INFO  util.JmxRegister (JmxRegister.java:unregister(73)) - Successfully un-registered JMX Bean with object name Ratis:service=RaftServer,group=group-7A921FA49D78,id=02d298ee-5691-417b-b376-6494770463b9
2024-02-09 18:36:10,644 [02d298ee-5691-417b-b376-6494770463b9-impl-thread1] INFO  impl.RoleInfo (RoleInfo.java:shutdownLeaderState(94)) - 02d298ee-5691-417b-b376-6494770463b9: shutdown 02d298ee-5691-417b-b376-6494770463b9@group-7A921FA49D78-LeaderStateImpl
2024-02-09 18:36:10,644 [02d298ee-5691-417b-b376-6494770463b9-impl-thread1] INFO  impl.PendingRequests (PendingRequests.java:sendNotLeaderResponses(289)) - 02d298ee-5691-417b-b376-6494770463b9@group-7A921FA49D78-PendingRequests: sendNotLeaderResponses
2024-02-09 18:36:10,645 [02d298ee-5691-417b-b376-6494770463b9-impl-thread1] INFO  impl.StateMachineUpdater (StateMachineUpdater.java:stopAndJoin(157)) - 02d298ee-5691-417b-b376-6494770463b9@group-7A921FA49D78-StateMachineUpdater: set stopIndex = 0
2024-02-09 18:36:10,645 [02d298ee-5691-417b-b376-6494770463b9@group-7A921FA49D78-StateMachineUpdater] INFO  ratis.ContainerStateMachine (ContainerStateMachine.java:takeSnapshot(355)) - group-7A921FA49D78: Taking a snapshot at:(t:1, i:0) file /home/runner/work/ozone/ozone/hadoop-ozone/integration-test/target/test-dir/MiniOzoneClusterImpl-10a7684d-3d33-49d2-80ef-f5f5272a1eb0/datanode-4/data/ratis/4c9e782c-9fbd-4609-95de-7a921fa49d78/sm/snapshot.1_0
2024-02-09 18:36:10,645 [063a7fb5-8d38-4cc1-bcc2-6ca7f0273dd7-impl-thread2] INFO  server.RaftServer$Division (RaftServerImpl.java:lambda$close$3(526)) - 063a7fb5-8d38-4cc1-bcc2-6ca7f0273dd7@group-36EABE44EA76: shutdown
2024-02-09 18:36:10,645 [063a7fb5-8d38-4cc1-bcc2-6ca7f0273dd7-impl-thread2] INFO  util.JmxRegister (JmxRegister.java:unregister(73)) - Successfully un-registered JMX Bean with object name Ratis:service=RaftServer,group=group-36EABE44EA76,id=063a7fb5-8d38-4cc1-bcc2-6ca7f0273dd7
2024-02-09 18:36:10,645 [063a7fb5-8d38-4cc1-bcc2-6ca7f0273dd7-impl-thread2] INFO  impl.RoleInfo (RoleInfo.java:shutdownLeaderState(94)) - 063a7fb5-8d38-4cc1-bcc2-6ca7f0273dd7: shutdown 063a7fb5-8d38-4cc1-bcc2-6ca7f0273dd7@group-36EABE44EA76-LeaderStateImpl
2024-02-09 18:36:10,645 [063a7fb5-8d38-4cc1-bcc2-6ca7f0273dd7-impl-thread2] INFO  impl.PendingRequests (PendingRequests.java:sendNotLeaderResponses(289)) - 063a7fb5-8d38-4cc1-bcc2-6ca7f0273dd7@group-36EABE44EA76-PendingRequests: sendNotLeaderResponses
2024-02-09 18:36:10,646 [02d298ee-5691-417b-b376-6494770463b9@group-7A921FA49D78-StateMachineUpdater] INFO  ratis.ContainerStateMachine (ContainerStateMachine.java:takeSnapshot(366)) - group-7A921FA49D78: Finished taking a snapshot at:(t:1, i:0) file:/home/runner/work/ozone/ozone/hadoop-ozone/integration-test/target/test-dir/MiniOzoneClusterImpl-10a7684d-3d33-49d2-80ef-f5f5272a1eb0/datanode-4/data/ratis/4c9e782c-9fbd-4609-95de-7a921fa49d78/sm/snapshot.1_0 took: 1 ms
2024-02-09 18:36:10,646 [02d298ee-5691-417b-b376-6494770463b9@group-7A921FA49D78-StateMachineUpdater] INFO  impl.StateMachineUpdater (StateMachineUpdater.java:takeSnapshot(295)) - 02d298ee-5691-417b-b376-6494770463b9@group-7A921FA49D78-StateMachineUpdater: Took a snapshot at index 0
2024-02-09 18:36:10,646 [02d298ee-5691-417b-b376-6494770463b9@group-7A921FA49D78-StateMachineUpdater] INFO  impl.StateMachineUpdater (StateMachineUpdater.java:lambda$new$0(98)) - 02d298ee-5691-417b-b376-6494770463b9@group-7A921FA49D78-StateMachineUpdater: snapshotIndex: updateIncreasingly -1 -> 0
2024-02-09 18:36:10,646 [02d298ee-5691-417b-b376-6494770463b9-impl-thread1] INFO  server.RaftServer$Division (ServerState.java:close(427)) - 02d298ee-5691-417b-b376-6494770463b9@group-7A921FA49D78: applyIndex: 0
2024-02-09 18:36:10,646 [063a7fb5-8d38-4cc1-bcc2-6ca7f0273dd7-impl-thread2] INFO  impl.StateMachineUpdater (StateMachineUpdater.java:stopAndJoin(157)) - 063a7fb5-8d38-4cc1-bcc2-6ca7f0273dd7@group-36EABE44EA76-StateMachineUpdater: set stopIndex = 0
2024-02-09 18:36:10,646 [063a7fb5-8d38-4cc1-bcc2-6ca7f0273dd7@group-36EABE44EA76-StateMachineUpdater] INFO  ratis.ContainerStateMachine (ContainerStateMachine.java:takeSnapshot(355)) - group-36EABE44EA76: Taking a snapshot at:(t:1, i:0) file /home/runner/work/ozone/ozone/hadoop-ozone/integration-test/target/test-dir/MiniOzoneClusterImpl-10a7684d-3d33-49d2-80ef-f5f5272a1eb0/datanode-5/data/ratis/d0d29731-c61b-47cb-abc0-36eabe44ea76/sm/snapshot.1_0
2024-02-09 18:36:10,646 [063a7fb5-8d38-4cc1-bcc2-6ca7f0273dd7@group-36EABE44EA76-StateMachineUpdater] INFO  ratis.ContainerStateMachine (ContainerStateMachine.java:takeSnapshot(366)) - group-36EABE44EA76: Finished taking a snapshot at:(t:1, i:0) file:/home/runner/work/ozone/ozone/hadoop-ozone/integration-test/target/test-dir/MiniOzoneClusterImpl-10a7684d-3d33-49d2-80ef-f5f5272a1eb0/datanode-5/data/ratis/d0d29731-c61b-47cb-abc0-36eabe44ea76/sm/snapshot.1_0 took: 1 ms
2024-02-09 18:36:10,646 [063a7fb5-8d38-4cc1-bcc2-6ca7f0273dd7@group-1BE58298164A-StateMachineUpdater] INFO  ratis.ContainerStateMachine (ContainerStateMachine.java:takeSnapshot(355)) - group-1BE58298164A: Taking a snapshot at:(t:1, i:0) file /home/runner/work/ozone/ozone/hadoop-ozone/integration-test/target/test-dir/MiniOzoneClusterImpl-10a7684d-3d33-49d2-80ef-f5f5272a1eb0/datanode-5/data/ratis/034c33d7-1bfa-475b-8907-1be58298164a/sm/snapshot.1_0
2024-02-09 18:36:10,647 [063a7fb5-8d38-4cc1-bcc2-6ca7f0273dd7@group-36EABE44EA76-StateMachineUpdater] INFO  impl.StateMachineUpdater (StateMachineUpdater.java:takeSnapshot(295)) - 063a7fb5-8d38-4cc1-bcc2-6ca7f0273dd7@group-36EABE44EA76-StateMachineUpdater: Took a snapshot at index 0
2024-02-09 18:36:10,647 [063a7fb5-8d38-4cc1-bcc2-6ca7f0273dd7@group-36EABE44EA76-StateMachineUpdater] INFO  impl.StateMachineUpdater (StateMachineUpdater.java:lambda$new$0(98)) - 063a7fb5-8d38-4cc1-bcc2-6ca7f0273dd7@group-36EABE44EA76-StateMachineUpdater: snapshotIndex: updateIncreasingly -1 -> 0
2024-02-09 18:36:10,647 [063a7fb5-8d38-4cc1-bcc2-6ca7f0273dd7-impl-thread2] INFO  server.RaftServer$Division (ServerState.java:close(427)) - 063a7fb5-8d38-4cc1-bcc2-6ca7f0273dd7@group-36EABE44EA76: applyIndex: 0
2024-02-09 18:36:10,647 [063a7fb5-8d38-4cc1-bcc2-6ca7f0273dd7@group-36EABE44EA76-cacheEviction-AwaitToRun] INFO  util.AwaitToRun (AwaitToRun.java:run(49)) - 063a7fb5-8d38-4cc1-bcc2-6ca7f0273dd7@group-36EABE44EA76-cacheEviction-AwaitToRun-AwaitForSignal is interrupted
2024-02-09 18:36:10,646 [063a7fb5-8d38-4cc1-bcc2-6ca7f0273dd7@group-1BE58298164A-FollowerState] INFO  impl.FollowerState (FollowerState.java:run(152)) - 063a7fb5-8d38-4cc1-bcc2-6ca7f0273dd7@group-1BE58298164A-FollowerState was interrupted
2024-02-09 18:36:10,646 [063a7fb5-8d38-4cc1-bcc2-6ca7f0273dd7-impl-thread1] INFO  impl.StateMachineUpdater (StateMachineUpdater.java:stopAndJoin(157)) - 063a7fb5-8d38-4cc1-bcc2-6ca7f0273dd7@group-1BE58298164A-StateMachineUpdater: set stopIndex = 0
2024-02-09 18:36:10,647 [main] INFO  server.GrpcService (GrpcService.java:closeImpl(320)) - 063a7fb5-8d38-4cc1-bcc2-6ca7f0273dd7: shutdown server org.apache.ratis.grpc.server.GrpcClientProtocolService successfully
2024-02-09 18:36:10,648 [main] INFO  server.GrpcService (GrpcService.java:closeImpl(311)) - 063a7fb5-8d38-4cc1-bcc2-6ca7f0273dd7: shutdown server GrpcServerProtocolService now
2024-02-09 18:36:10,648 [02d298ee-5691-417b-b376-6494770463b9@group-7A921FA49D78-cacheEviction-AwaitToRun] INFO  util.AwaitToRun (AwaitToRun.java:run(49)) - 02d298ee-5691-417b-b376-6494770463b9@group-7A921FA49D78-cacheEviction-AwaitToRun-AwaitForSignal is interrupted
2024-02-09 18:36:10,648 [063a7fb5-8d38-4cc1-bcc2-6ca7f0273dd7@group-1BE58298164A-StateMachineUpdater] INFO  ratis.ContainerStateMachine (ContainerStateMachine.java:takeSnapshot(366)) - group-1BE58298164A: Finished taking a snapshot at:(t:1, i:0) file:/home/runner/work/ozone/ozone/hadoop-ozone/integration-test/target/test-dir/MiniOzoneClusterImpl-10a7684d-3d33-49d2-80ef-f5f5272a1eb0/datanode-5/data/ratis/034c33d7-1bfa-475b-8907-1be58298164a/sm/snapshot.1_0 took: 1 ms
2024-02-09 18:36:10,647 [ForkJoinPool.commonPool-worker-4] INFO  server.GrpcService (GrpcService.java:closeImpl(311)) - 81d78f49-5211-4a7a-996b-69bb86adfbbb: shutdown server org.apache.ratis.grpc.server.GrpcClientProtocolService now
2024-02-09 18:36:10,647 [81d78f49-5211-4a7a-996b-69bb86adfbbb-impl-thread1] INFO  server.RaftServer$Division (RaftServerImpl.java:lambda$close$3(526)) - 81d78f49-5211-4a7a-996b-69bb86adfbbb@group-64A6ECF3BFAF: shutdown
2024-02-09 18:36:10,648 [81d78f49-5211-4a7a-996b-69bb86adfbbb-impl-thread1] INFO  util.JmxRegister (JmxRegister.java:unregister(73)) - Successfully un-registered JMX Bean with object name Ratis:service=RaftServer,group=group-64A6ECF3BFAF,id=81d78f49-5211-4a7a-996b-69bb86adfbbb
2024-02-09 18:36:10,648 [81d78f49-5211-4a7a-996b-69bb86adfbbb-impl-thread1] INFO  impl.RoleInfo (RoleInfo.java:shutdownLeaderState(94)) - 81d78f49-5211-4a7a-996b-69bb86adfbbb: shutdown 81d78f49-5211-4a7a-996b-69bb86adfbbb@group-64A6ECF3BFAF-LeaderStateImpl
2024-02-09 18:36:10,648 [81d78f49-5211-4a7a-996b-69bb86adfbbb-impl-thread1] INFO  impl.PendingRequests (PendingRequests.java:sendNotLeaderResponses(289)) - 81d78f49-5211-4a7a-996b-69bb86adfbbb@group-64A6ECF3BFAF-PendingRequests: sendNotLeaderResponses
2024-02-09 18:36:10,649 [81d78f49-5211-4a7a-996b-69bb86adfbbb-impl-thread1] INFO  impl.StateMachineUpdater (StateMachineUpdater.java:stopAndJoin(157)) - 81d78f49-5211-4a7a-996b-69bb86adfbbb@group-64A6ECF3BFAF-StateMachineUpdater: set stopIndex = 0
2024-02-09 18:36:10,649 [81d78f49-5211-4a7a-996b-69bb86adfbbb@group-64A6ECF3BFAF-StateMachineUpdater] INFO  ratis.ContainerStateMachine (ContainerStateMachine.java:takeSnapshot(355)) - group-64A6ECF3BFAF: Taking a snapshot at:(t:1, i:0) file /home/runner/work/ozone/ozone/hadoop-ozone/integration-test/target/test-dir/MiniOzoneClusterImpl-10a7684d-3d33-49d2-80ef-f5f5272a1eb0/datanode-2/data/ratis/7ec916ed-2fa6-47c2-8a8a-64a6ecf3bfaf/sm/snapshot.1_0
2024-02-09 18:36:10,648 [063a7fb5-8d38-4cc1-bcc2-6ca7f0273dd7@group-1BE58298164A-StateMachineUpdater] INFO  impl.StateMachineUpdater (StateMachineUpdater.java:takeSnapshot(295)) - 063a7fb5-8d38-4cc1-bcc2-6ca7f0273dd7@group-1BE58298164A-StateMachineUpdater: Took a snapshot at index 0
2024-02-09 18:36:10,649 [063a7fb5-8d38-4cc1-bcc2-6ca7f0273dd7@group-1BE58298164A-StateMachineUpdater] INFO  impl.StateMachineUpdater (StateMachineUpdater.java:lambda$new$0(98)) - 063a7fb5-8d38-4cc1-bcc2-6ca7f0273dd7@group-1BE58298164A-StateMachineUpdater: snapshotIndex: updateIncreasingly -1 -> 0
2024-02-09 18:36:10,649 [063a7fb5-8d38-4cc1-bcc2-6ca7f0273dd7-impl-thread1] INFO  server.RaftServer$Division (ServerState.java:close(427)) - 063a7fb5-8d38-4cc1-bcc2-6ca7f0273dd7@group-1BE58298164A: applyIndex: 0
2024-02-09 18:36:10,649 [81d78f49-5211-4a7a-996b-69bb86adfbbb@group-64A6ECF3BFAF-StateMachineUpdater] INFO  ratis.ContainerStateMachine (ContainerStateMachine.java:takeSnapshot(366)) - group-64A6ECF3BFAF: Finished taking a snapshot at:(t:1, i:0) file:/home/runner/work/ozone/ozone/hadoop-ozone/integration-test/target/test-dir/MiniOzoneClusterImpl-10a7684d-3d33-49d2-80ef-f5f5272a1eb0/datanode-2/data/ratis/7ec916ed-2fa6-47c2-8a8a-64a6ecf3bfaf/sm/snapshot.1_0 took: 0 ms
2024-02-09 18:36:10,649 [81d78f49-5211-4a7a-996b-69bb86adfbbb@group-64A6ECF3BFAF-StateMachineUpdater] INFO  impl.StateMachineUpdater (StateMachineUpdater.java:takeSnapshot(295)) - 81d78f49-5211-4a7a-996b-69bb86adfbbb@group-64A6ECF3BFAF-StateMachineUpdater: Took a snapshot at index 0
2024-02-09 18:36:10,649 [81d78f49-5211-4a7a-996b-69bb86adfbbb@group-64A6ECF3BFAF-StateMachineUpdater] INFO  impl.StateMachineUpdater (StateMachineUpdater.java:lambda$new$0(98)) - 81d78f49-5211-4a7a-996b-69bb86adfbbb@group-64A6ECF3BFAF-StateMachineUpdater: snapshotIndex: updateIncreasingly -1 -> 0
2024-02-09 18:36:10,649 [grpc-default-executor-5] WARN  server.GrpcServerProtocolService (LogUtils.java:warn(121)) - 063a7fb5-8d38-4cc1-bcc2-6ca7f0273dd7: APPEND_ENTRIES onError, lastRequest: 81944a75-7880-48bb-a193-a5f914e328c0->063a7fb5-8d38-4cc1-bcc2-6ca7f0273dd7#1-t1,previous=(t:0, i:0),leaderCommit=-1,initializing? false,entries: size=1, first=(t:1, i:0), CONFIGURATIONENTRY(current:id: "81944a75-7880-48bb-a193-a5f914e328c0"
address: "10.1.0.43:15397"
priority: 1
dataStreamAddress: "10.1.0.43:15398"
clientAddress: "10.1.0.43:15395"
adminAddress: "10.1.0.43:15396"
startupRole: FOLLOWER
,id: "063a7fb5-8d38-4cc1-bcc2-6ca7f0273dd7"
address: "10.1.0.43:15415"
dataStreamAddress: "10.1.0.43:15416"
clientAddress: "10.1.0.43:15413"
adminAddress: "10.1.0.43:15414"
startupRole: FOLLOWER
,id: "02d298ee-5691-417b-b376-6494770463b9"
address: "10.1.0.43:15406"
dataStreamAddress: "10.1.0.43:15407"
clientAddress: "10.1.0.43:15404"
adminAddress: "10.1.0.43:15405"
startupRole: FOLLOWER
, old:): org.apache.ratis.thirdparty.io.grpc.StatusRuntimeException: CANCELLED: client cancelled
2024-02-09 18:36:10,649 [grpc-default-executor-4] WARN  server.GrpcServerProtocolService (LogUtils.java:warn(121)) - 063a7fb5-8d38-4cc1-bcc2-6ca7f0273dd7: APPEND_ENTRIES onError, lastRequest: null: org.apache.ratis.thirdparty.io.grpc.StatusRuntimeException: CANCELLED: client cancelled
2024-02-09 18:36:10,650 [grpc-default-executor-2] WARN  server.GrpcLogAppender (LogUtils.java:warn(121)) - 81944a75-7880-48bb-a193-a5f914e328c0@group-1BE58298164A->063a7fb5-8d38-4cc1-bcc2-6ca7f0273dd7-AppendLogResponseHandler: Failed appendEntries: org.apache.ratis.thirdparty.io.grpc.StatusRuntimeException: CANCELLED: RST_STREAM closed stream. HTTP/2 error code: CANCEL
2024-02-09 18:36:10,650 [grpc-default-executor-2] WARN  server.GrpcLogAppender (GrpcLogAppender.java:lambda$resetClient$1(217)) - 81944a75-7880-48bb-a193-a5f914e328c0@group-1BE58298164A->063a7fb5-8d38-4cc1-bcc2-6ca7f0273dd7-GrpcLogAppender: Follower failed (request=null, errorCount=1); keep nextIndex (1) unchanged and retry.
2024-02-09 18:36:10,650 [81d78f49-5211-4a7a-996b-69bb86adfbbb-impl-thread1] INFO  server.RaftServer$Division (ServerState.java:close(427)) - 81d78f49-5211-4a7a-996b-69bb86adfbbb@group-64A6ECF3BFAF: applyIndex: 0
2024-02-09 18:36:10,651 [ForkJoinPool.commonPool-worker-6] INFO  server.GrpcService (GrpcService.java:closeImpl(311)) - 02d298ee-5691-417b-b376-6494770463b9: shutdown server org.apache.ratis.grpc.server.GrpcClientProtocolService now
2024-02-09 18:36:10,651 [02d298ee-5691-417b-b376-6494770463b9-impl-thread2] INFO  server.RaftServer$Division (RaftServerImpl.java:lambda$close$3(526)) - 02d298ee-5691-417b-b376-6494770463b9@group-1BE58298164A: shutdown
2024-02-09 18:36:10,652 [02d298ee-5691-417b-b376-6494770463b9-impl-thread2] INFO  util.JmxRegister (JmxRegister.java:unregister(73)) - Successfully un-registered JMX Bean with object name Ratis:service=RaftServer,group=group-1BE58298164A,id=02d298ee-5691-417b-b376-6494770463b9
2024-02-09 18:36:10,652 [02d298ee-5691-417b-b376-6494770463b9-impl-thread2] INFO  impl.RoleInfo (RoleInfo.java:shutdownFollowerState(110)) - 02d298ee-5691-417b-b376-6494770463b9: shutdown 02d298ee-5691-417b-b376-6494770463b9@group-1BE58298164A-FollowerState
2024-02-09 18:36:10,652 [81d78f49-5211-4a7a-996b-69bb86adfbbb@group-64A6ECF3BFAF-cacheEviction-AwaitToRun] INFO  util.AwaitToRun (AwaitToRun.java:run(49)) - 81d78f49-5211-4a7a-996b-69bb86adfbbb@group-64A6ECF3BFAF-cacheEviction-AwaitToRun-AwaitForSignal is interrupted
2024-02-09 18:36:10,655 [063a7fb5-8d38-4cc1-bcc2-6ca7f0273dd7@group-1BE58298164A-cacheEviction-AwaitToRun] INFO  util.AwaitToRun (AwaitToRun.java:run(49)) - 063a7fb5-8d38-4cc1-bcc2-6ca7f0273dd7@group-1BE58298164A-cacheEviction-AwaitToRun-AwaitForSignal is interrupted
2024-02-09 18:36:10,655 [main] INFO  server.GrpcService (GrpcService.java:closeImpl(320)) - 063a7fb5-8d38-4cc1-bcc2-6ca7f0273dd7: shutdown server GrpcServerProtocolService successfully
2024-02-09 18:36:10,655 [main] INFO  server.GrpcService (GrpcService.java:closeImpl(311)) - 063a7fb5-8d38-4cc1-bcc2-6ca7f0273dd7: shutdown server org.apache.ratis.grpc.server.GrpcAdminProtocolService now
2024-02-09 18:36:10,655 [Thread-5832] INFO  server.GrpcServerProtocolClient (GrpcServerProtocolClient.java:close(103)) - cf8377d2-89dc-40fa-8f92-08f9232c90c8 Close channels
2024-02-09 18:36:10,660 [ForkJoinPool.commonPool-worker-5] INFO  ozoneimpl.OzoneContainer (OzoneContainer.java:stop(481)) - Attempting to stop container services.
2024-02-09 18:36:10,660 [02d298ee-5691-417b-b376-6494770463b9@group-1BE58298164A-StateMachineUpdater] INFO  ratis.ContainerStateMachine (ContainerStateMachine.java:takeSnapshot(355)) - group-1BE58298164A: Taking a snapshot at:(t:1, i:0) file /home/runner/work/ozone/ozone/hadoop-ozone/integration-test/target/test-dir/MiniOzoneClusterImpl-10a7684d-3d33-49d2-80ef-f5f5272a1eb0/datanode-4/data/ratis/034c33d7-1bfa-475b-8907-1be58298164a/sm/snapshot.1_0
2024-02-09 18:36:10,660 [02d298ee-5691-417b-b376-6494770463b9@group-1BE58298164A-FollowerState] INFO  impl.FollowerState (FollowerState.java:run(152)) - 02d298ee-5691-417b-b376-6494770463b9@group-1BE58298164A-FollowerState was interrupted
2024-02-09 18:36:10,660 [02d298ee-5691-417b-b376-6494770463b9-impl-thread2] INFO  impl.StateMachineUpdater (StateMachineUpdater.java:stopAndJoin(157)) - 02d298ee-5691-417b-b376-6494770463b9@group-1BE58298164A-StateMachineUpdater: set stopIndex = 0
2024-02-09 18:36:10,660 [Thread-5840] INFO  server.GrpcServerProtocolClient (GrpcServerProtocolClient.java:close(103)) - 7b2d406f-67a0-48ec-b7b7-fdf942b3fd04 Close channels
2024-02-09 18:36:10,660 [ForkJoinPool.commonPool-worker-6] INFO  server.GrpcService (GrpcService.java:closeImpl(320)) - 02d298ee-5691-417b-b376-6494770463b9: shutdown server org.apache.ratis.grpc.server.GrpcClientProtocolService successfully
2024-02-09 18:36:10,661 [ForkJoinPool.commonPool-worker-4] INFO  server.GrpcService (GrpcService.java:closeImpl(320)) - 81d78f49-5211-4a7a-996b-69bb86adfbbb: shutdown server org.apache.ratis.grpc.server.GrpcClientProtocolService successfully
2024-02-09 18:36:10,661 [ForkJoinPool.commonPool-worker-4] INFO  server.GrpcService (GrpcService.java:closeImpl(311)) - 81d78f49-5211-4a7a-996b-69bb86adfbbb: shutdown server GrpcServerProtocolService now
2024-02-09 18:36:10,661 [02d298ee-5691-417b-b376-6494770463b9@group-1BE58298164A-StateMachineUpdater] INFO  ratis.ContainerStateMachine (ContainerStateMachine.java:takeSnapshot(366)) - group-1BE58298164A: Finished taking a snapshot at:(t:1, i:0) file:/home/runner/work/ozone/ozone/hadoop-ozone/integration-test/target/test-dir/MiniOzoneClusterImpl-10a7684d-3d33-49d2-80ef-f5f5272a1eb0/datanode-4/data/ratis/034c33d7-1bfa-475b-8907-1be58298164a/sm/snapshot.1_0 took: 1 ms
2024-02-09 18:36:10,661 [ForkJoinPool.commonPool-worker-6] INFO  server.GrpcService (GrpcService.java:closeImpl(311)) - 02d298ee-5691-417b-b376-6494770463b9: shutdown server GrpcServerProtocolService now
2024-02-09 18:36:10,661 [02d298ee-5691-417b-b376-6494770463b9@group-1BE58298164A-StateMachineUpdater] INFO  impl.StateMachineUpdater (StateMachineUpdater.java:takeSnapshot(295)) - 02d298ee-5691-417b-b376-6494770463b9@group-1BE58298164A-StateMachineUpdater: Took a snapshot at index 0
2024-02-09 18:36:10,661 [02d298ee-5691-417b-b376-6494770463b9@group-1BE58298164A-StateMachineUpdater] INFO  impl.StateMachineUpdater (StateMachineUpdater.java:lambda$new$0(98)) - 02d298ee-5691-417b-b376-6494770463b9@group-1BE58298164A-StateMachineUpdater: snapshotIndex: updateIncreasingly -1 -> 0
2024-02-09 18:36:10,662 [02d298ee-5691-417b-b376-6494770463b9-impl-thread2] INFO  server.RaftServer$Division (ServerState.java:close(427)) - 02d298ee-5691-417b-b376-6494770463b9@group-1BE58298164A: applyIndex: 0
2024-02-09 18:36:10,662 [02d298ee-5691-417b-b376-6494770463b9@group-1BE58298164A-cacheEviction-AwaitToRun] INFO  util.AwaitToRun (AwaitToRun.java:run(49)) - 02d298ee-5691-417b-b376-6494770463b9@group-1BE58298164A-cacheEviction-AwaitToRun-AwaitForSignal is interrupted
2024-02-09 18:36:10,666 [ForkJoinPool.commonPool-worker-7] INFO  ozoneimpl.OzoneContainer (OzoneContainer.java:stop(481)) - Attempting to stop container services.
2024-02-09 18:36:10,666 [ForkJoinPool.commonPool-worker-5] INFO  server.RaftServer (RaftServerProxy.java:lambda$close$9(416)) - 408e6c3a-5292-4cb9-8087-08d5bb587f71: close
2024-02-09 18:36:10,666 [main] INFO  server.GrpcService (GrpcService.java:closeImpl(320)) - 063a7fb5-8d38-4cc1-bcc2-6ca7f0273dd7: shutdown server org.apache.ratis.grpc.server.GrpcAdminProtocolService successfully
2024-02-09 18:36:10,666 [ForkJoinPool.commonPool-worker-5] INFO  server.GrpcService (GrpcService.java:closeImpl(311)) - 408e6c3a-5292-4cb9-8087-08d5bb587f71: shutdown server org.apache.ratis.grpc.server.GrpcClientProtocolService now
2024-02-09 18:36:10,671 [408e6c3a-5292-4cb9-8087-08d5bb587f71-impl-thread2] INFO  server.RaftServer$Division (RaftServerImpl.java:lambda$close$3(526)) - 408e6c3a-5292-4cb9-8087-08d5bb587f71@group-3830F8D38876: shutdown
2024-02-09 18:36:10,671 [408e6c3a-5292-4cb9-8087-08d5bb587f71-impl-thread1] INFO  server.RaftServer$Division (RaftServerImpl.java:lambda$close$3(526)) - 408e6c3a-5292-4cb9-8087-08d5bb587f71@group-098DEECB2FAA: shutdown
2024-02-09 18:36:10,676 [408e6c3a-5292-4cb9-8087-08d5bb587f71-impl-thread1] INFO  util.JmxRegister (JmxRegister.java:unregister(73)) - Successfully un-registered JMX Bean with object name Ratis:service=RaftServer,group=group-098DEECB2FAA,id=408e6c3a-5292-4cb9-8087-08d5bb587f71
2024-02-09 18:36:10,676 [408e6c3a-5292-4cb9-8087-08d5bb587f71-impl-thread1] INFO  impl.RoleInfo (RoleInfo.java:shutdownLeaderState(94)) - 408e6c3a-5292-4cb9-8087-08d5bb587f71: shutdown 408e6c3a-5292-4cb9-8087-08d5bb587f71@group-098DEECB2FAA-LeaderStateImpl
2024-02-09 18:36:10,676 [408e6c3a-5292-4cb9-8087-08d5bb587f71-impl-thread1] INFO  impl.PendingRequests (PendingRequests.java:sendNotLeaderResponses(289)) - 408e6c3a-5292-4cb9-8087-08d5bb587f71@group-098DEECB2FAA-PendingRequests: sendNotLeaderResponses
2024-02-09 18:36:10,676 [408e6c3a-5292-4cb9-8087-08d5bb587f71-impl-thread1] INFO  impl.StateMachineUpdater (StateMachineUpdater.java:stopAndJoin(157)) - 408e6c3a-5292-4cb9-8087-08d5bb587f71@group-098DEECB2FAA-StateMachineUpdater: set stopIndex = 0
2024-02-09 18:36:10,676 [408e6c3a-5292-4cb9-8087-08d5bb587f71@group-098DEECB2FAA-StateMachineUpdater] INFO  ratis.ContainerStateMachine (ContainerStateMachine.java:takeSnapshot(355)) - group-098DEECB2FAA: Taking a snapshot at:(t:1, i:0) file /home/runner/work/ozone/ozone/hadoop-ozone/integration-test/target/test-dir/MiniOzoneClusterImpl-10a7684d-3d33-49d2-80ef-f5f5272a1eb0/datanode-7/data/ratis/0ad5ed76-d86a-479d-93d9-098deecb2faa/sm/snapshot.1_0
2024-02-09 18:36:10,676 [Thread-5856] INFO  server.GrpcServerProtocolClient (GrpcServerProtocolClient.java:close(103)) - 87145564-582e-4d08-b209-7a2296b785bc Close channels
2024-02-09 18:36:10,677 [408e6c3a-5292-4cb9-8087-08d5bb587f71@group-098DEECB2FAA-StateMachineUpdater] INFO  ratis.ContainerStateMachine (ContainerStateMachine.java:takeSnapshot(366)) - group-098DEECB2FAA: Finished taking a snapshot at:(t:1, i:0) file:/home/runner/work/ozone/ozone/hadoop-ozone/integration-test/target/test-dir/MiniOzoneClusterImpl-10a7684d-3d33-49d2-80ef-f5f5272a1eb0/datanode-7/data/ratis/0ad5ed76-d86a-479d-93d9-098deecb2faa/sm/snapshot.1_0 took: 0 ms
2024-02-09 18:36:10,677 [408e6c3a-5292-4cb9-8087-08d5bb587f71@group-098DEECB2FAA-StateMachineUpdater] INFO  impl.StateMachineUpdater (StateMachineUpdater.java:takeSnapshot(295)) - 408e6c3a-5292-4cb9-8087-08d5bb587f71@group-098DEECB2FAA-StateMachineUpdater: Took a snapshot at index 0
2024-02-09 18:36:10,677 [408e6c3a-5292-4cb9-8087-08d5bb587f71@group-098DEECB2FAA-StateMachineUpdater] INFO  impl.StateMachineUpdater (StateMachineUpdater.java:lambda$new$0(98)) - 408e6c3a-5292-4cb9-8087-08d5bb587f71@group-098DEECB2FAA-StateMachineUpdater: snapshotIndex: updateIncreasingly -1 -> 0
2024-02-09 18:36:10,677 [408e6c3a-5292-4cb9-8087-08d5bb587f71-impl-thread1] INFO  server.RaftServer$Division (ServerState.java:close(427)) - 408e6c3a-5292-4cb9-8087-08d5bb587f71@group-098DEECB2FAA: applyIndex: 0
2024-02-09 18:36:10,677 [408e6c3a-5292-4cb9-8087-08d5bb587f71@group-098DEECB2FAA-cacheEviction-AwaitToRun] INFO  util.AwaitToRun (AwaitToRun.java:run(49)) - 408e6c3a-5292-4cb9-8087-08d5bb587f71@group-098DEECB2FAA-cacheEviction-AwaitToRun-AwaitForSignal is interrupted
2024-02-09 18:36:10,676 [Thread-5855] INFO  server.GrpcServerProtocolClient (GrpcServerProtocolClient.java:close(103)) - bf8a30fd-7b22-4fec-9389-eaf0e8889ee9 Close channels
2024-02-09 18:36:10,675 [grpc-default-executor-1] WARN  server.GrpcLogAppender (LogUtils.java:warn(121)) - 81944a75-7880-48bb-a193-a5f914e328c0@group-1BE58298164A->02d298ee-5691-417b-b376-6494770463b9-AppendLogResponseHandler: Failed appendEntries: org.apache.ratis.thirdparty.io.grpc.StatusRuntimeException: CANCELLED: RST_STREAM closed stream. HTTP/2 error code: CANCEL
2024-02-09 18:36:10,679 [grpc-default-executor-1] WARN  server.GrpcLogAppender (GrpcLogAppender.java:lambda$resetClient$1(217)) - 81944a75-7880-48bb-a193-a5f914e328c0@group-1BE58298164A->02d298ee-5691-417b-b376-6494770463b9-GrpcLogAppender: Follower failed (request=null, errorCount=1); keep nextIndex (1) unchanged and retry.
2024-02-09 18:36:10,675 [ForkJoinPool.commonPool-worker-6] INFO  server.GrpcService (GrpcService.java:closeImpl(320)) - 02d298ee-5691-417b-b376-6494770463b9: shutdown server GrpcServerProtocolService successfully
2024-02-09 18:36:10,680 [ForkJoinPool.commonPool-worker-6] INFO  server.GrpcService (GrpcService.java:closeImpl(311)) - 02d298ee-5691-417b-b376-6494770463b9: shutdown server org.apache.ratis.grpc.server.GrpcAdminProtocolService now
2024-02-09 18:36:10,680 [ForkJoinPool.commonPool-worker-5] INFO  server.GrpcService (GrpcService.java:closeImpl(320)) - 408e6c3a-5292-4cb9-8087-08d5bb587f71: shutdown server org.apache.ratis.grpc.server.GrpcClientProtocolService successfully
2024-02-09 18:36:10,680 [ForkJoinPool.commonPool-worker-4] INFO  server.GrpcService (GrpcService.java:closeImpl(320)) - 81d78f49-5211-4a7a-996b-69bb86adfbbb: shutdown server GrpcServerProtocolService successfully
2024-02-09 18:36:10,680 [ForkJoinPool.commonPool-worker-4] INFO  server.GrpcService (GrpcService.java:closeImpl(311)) - 81d78f49-5211-4a7a-996b-69bb86adfbbb: shutdown server org.apache.ratis.grpc.server.GrpcAdminProtocolService now
2024-02-09 18:36:10,675 [grpc-default-executor-4] WARN  server.GrpcServerProtocolService (LogUtils.java:warn(121)) - 02d298ee-5691-417b-b376-6494770463b9: APPEND_ENTRIES onError, lastRequest: 81944a75-7880-48bb-a193-a5f914e328c0->02d298ee-5691-417b-b376-6494770463b9#1-t1,previous=(t:0, i:0),leaderCommit=-1,initializing? false,entries: size=1, first=(t:1, i:0), CONFIGURATIONENTRY(current:id: "81944a75-7880-48bb-a193-a5f914e328c0"
address: "10.1.0.43:15397"
priority: 1
dataStreamAddress: "10.1.0.43:15398"
clientAddress: "10.1.0.43:15395"
adminAddress: "10.1.0.43:15396"
startupRole: FOLLOWER
,id: "063a7fb5-8d38-4cc1-bcc2-6ca7f0273dd7"
address: "10.1.0.43:15415"
dataStreamAddress: "10.1.0.43:15416"
clientAddress: "10.1.0.43:15413"
adminAddress: "10.1.0.43:15414"
startupRole: FOLLOWER
,id: "02d298ee-5691-417b-b376-6494770463b9"
address: "10.1.0.43:15406"
dataStreamAddress: "10.1.0.43:15407"
clientAddress: "10.1.0.43:15404"
adminAddress: "10.1.0.43:15405"
startupRole: FOLLOWER
, old:): org.apache.ratis.thirdparty.io.grpc.StatusRuntimeException: CANCELLED: client cancelled
2024-02-09 18:36:10,675 [grpc-default-executor-2] WARN  server.GrpcServerProtocolService (LogUtils.java:warn(121)) - 02d298ee-5691-417b-b376-6494770463b9: APPEND_ENTRIES onError, lastRequest: null: org.apache.ratis.thirdparty.io.grpc.StatusRuntimeException: CANCELLED: client cancelled
2024-02-09 18:36:10,675 [ForkJoinPool.commonPool-worker-7] INFO  server.RaftServer (RaftServerProxy.java:lambda$close$9(416)) - 81944a75-7880-48bb-a193-a5f914e328c0: close
2024-02-09 18:36:10,682 [ForkJoinPool.commonPool-worker-4] INFO  server.GrpcService (GrpcService.java:closeImpl(320)) - 81d78f49-5211-4a7a-996b-69bb86adfbbb: shutdown server org.apache.ratis.grpc.server.GrpcAdminProtocolService successfully
2024-02-09 18:36:10,680 [ForkJoinPool.commonPool-worker-5] INFO  server.GrpcService (GrpcService.java:closeImpl(311)) - 408e6c3a-5292-4cb9-8087-08d5bb587f71: shutdown server GrpcServerProtocolService now
2024-02-09 18:36:10,680 [408e6c3a-5292-4cb9-8087-08d5bb587f71-impl-thread2] INFO  util.JmxRegister (JmxRegister.java:unregister(73)) - Successfully un-registered JMX Bean with object name Ratis:service=RaftServer,group=group-3830F8D38876,id=408e6c3a-5292-4cb9-8087-08d5bb587f71
2024-02-09 18:36:10,684 [408e6c3a-5292-4cb9-8087-08d5bb587f71-impl-thread2] INFO  impl.RoleInfo (RoleInfo.java:shutdownFollowerState(110)) - 408e6c3a-5292-4cb9-8087-08d5bb587f71: shutdown 408e6c3a-5292-4cb9-8087-08d5bb587f71@group-3830F8D38876-FollowerState
2024-02-09 18:36:10,684 [grpc-default-executor-2] WARN  server.GrpcLogAppender (LogUtils.java:warn(121)) - bf8a30fd-7b22-4fec-9389-eaf0e8889ee9@group-3830F8D38876->408e6c3a-5292-4cb9-8087-08d5bb587f71-AppendLogResponseHandler: Failed appendEntries: org.apache.ratis.thirdparty.io.grpc.StatusRuntimeException: CANCELLED: RST_STREAM closed stream. HTTP/2 error code: CANCEL
2024-02-09 18:36:10,684 [grpc-default-executor-4] WARN  server.GrpcServerProtocolService (LogUtils.java:warn(121)) - 408e6c3a-5292-4cb9-8087-08d5bb587f71: APPEND_ENTRIES onError, lastRequest: bf8a30fd-7b22-4fec-9389-eaf0e8889ee9->408e6c3a-5292-4cb9-8087-08d5bb587f71#1-t1,previous=(t:0, i:0),leaderCommit=-1,initializing? false,entries: size=1, first=(t:1, i:0), CONFIGURATIONENTRY(current:id: "408e6c3a-5292-4cb9-8087-08d5bb587f71"
address: "10.1.0.43:15433"
dataStreamAddress: "10.1.0.43:15434"
clientAddress: "10.1.0.43:15431"
adminAddress: "10.1.0.43:15432"
startupRole: FOLLOWER
,id: "bf8a30fd-7b22-4fec-9389-eaf0e8889ee9"
address: "10.1.0.43:15442"
priority: 1
dataStreamAddress: "10.1.0.43:15443"
clientAddress: "10.1.0.43:15440"
adminAddress: "10.1.0.43:15441"
startupRole: FOLLOWER
,id: "87145564-582e-4d08-b209-7a2296b785bc"
address: "10.1.0.43:15424"
dataStreamAddress: "10.1.0.43:15425"
clientAddress: "10.1.0.43:15422"
adminAddress: "10.1.0.43:15423"
startupRole: FOLLOWER
, old:): org.apache.ratis.thirdparty.io.grpc.StatusRuntimeException: CANCELLED: client cancelled
2024-02-09 18:36:10,684 [grpc-default-executor-2] WARN  server.GrpcLogAppender (GrpcLogAppender.java:lambda$resetClient$1(217)) - bf8a30fd-7b22-4fec-9389-eaf0e8889ee9@group-3830F8D38876->408e6c3a-5292-4cb9-8087-08d5bb587f71-GrpcLogAppender: Follower failed (request=null, errorCount=1); keep nextIndex (1) unchanged and retry.
2024-02-09 18:36:10,684 [grpc-default-executor-5] WARN  server.GrpcServerProtocolService (LogUtils.java:warn(121)) - 408e6c3a-5292-4cb9-8087-08d5bb587f71: APPEND_ENTRIES onError, lastRequest: null: org.apache.ratis.thirdparty.io.grpc.StatusRuntimeException: CANCELLED: client cancelled
2024-02-09 18:36:10,693 [ForkJoinPool.commonPool-worker-6] INFO  server.GrpcService (GrpcService.java:closeImpl(320)) - 02d298ee-5691-417b-b376-6494770463b9: shutdown server org.apache.ratis.grpc.server.GrpcAdminProtocolService successfully
2024-02-09 18:36:10,698 [81944a75-7880-48bb-a193-a5f914e328c0-impl-thread2] INFO  server.RaftServer$Division (RaftServerImpl.java:lambda$close$3(526)) - 81944a75-7880-48bb-a193-a5f914e328c0@group-5789D7CDB26A: shutdown
2024-02-09 18:36:10,698 [ForkJoinPool.commonPool-worker-7] INFO  server.GrpcService (GrpcService.java:closeImpl(311)) - 81944a75-7880-48bb-a193-a5f914e328c0: shutdown server org.apache.ratis.grpc.server.GrpcClientProtocolService now
2024-02-09 18:36:10,696 [81944a75-7880-48bb-a193-a5f914e328c0-impl-thread1] INFO  server.RaftServer$Division (RaftServerImpl.java:lambda$close$3(526)) - 81944a75-7880-48bb-a193-a5f914e328c0@group-1BE58298164A: shutdown
2024-02-09 18:36:10,698 [81944a75-7880-48bb-a193-a5f914e328c0-impl-thread1] INFO  util.JmxRegister (JmxRegister.java:unregister(73)) - Successfully un-registered JMX Bean with object name Ratis:service=RaftServer,group=group-1BE58298164A,id=81944a75-7880-48bb-a193-a5f914e328c0
2024-02-09 18:36:10,695 [ForkJoinPool.commonPool-worker-5] INFO  server.GrpcService (GrpcService.java:closeImpl(320)) - 408e6c3a-5292-4cb9-8087-08d5bb587f71: shutdown server GrpcServerProtocolService successfully
2024-02-09 18:36:10,699 [ForkJoinPool.commonPool-worker-5] INFO  server.GrpcService (GrpcService.java:closeImpl(311)) - 408e6c3a-5292-4cb9-8087-08d5bb587f71: shutdown server org.apache.ratis.grpc.server.GrpcAdminProtocolService now
2024-02-09 18:36:10,694 [408e6c3a-5292-4cb9-8087-08d5bb587f71@group-3830F8D38876-StateMachineUpdater] INFO  ratis.ContainerStateMachine (ContainerStateMachine.java:takeSnapshot(355)) - group-3830F8D38876: Taking a snapshot at:(t:1, i:0) file /home/runner/work/ozone/ozone/hadoop-ozone/integration-test/target/test-dir/MiniOzoneClusterImpl-10a7684d-3d33-49d2-80ef-f5f5272a1eb0/datanode-7/data/ratis/2135d486-1a49-4d36-8ae2-3830f8d38876/sm/snapshot.1_0
2024-02-09 18:36:10,702 [ForkJoinPool.commonPool-worker-5] INFO  server.GrpcService (GrpcService.java:closeImpl(320)) - 408e6c3a-5292-4cb9-8087-08d5bb587f71: shutdown server org.apache.ratis.grpc.server.GrpcAdminProtocolService successfully
2024-02-09 18:36:10,694 [408e6c3a-5292-4cb9-8087-08d5bb587f71@group-3830F8D38876-FollowerState] INFO  impl.FollowerState (FollowerState.java:run(152)) - 408e6c3a-5292-4cb9-8087-08d5bb587f71@group-3830F8D38876-FollowerState was interrupted
2024-02-09 18:36:10,694 [408e6c3a-5292-4cb9-8087-08d5bb587f71-impl-thread2] INFO  impl.StateMachineUpdater (StateMachineUpdater.java:stopAndJoin(157)) - 408e6c3a-5292-4cb9-8087-08d5bb587f71@group-3830F8D38876-StateMachineUpdater: set stopIndex = 0
2024-02-09 18:36:10,700 [ForkJoinPool.commonPool-worker-0] INFO  ozoneimpl.OzoneContainer (OzoneContainer.java:stop(481)) - Attempting to stop container services.
2024-02-09 18:36:10,698 [81944a75-7880-48bb-a193-a5f914e328c0-impl-thread1] INFO  impl.RoleInfo (RoleInfo.java:shutdownLeaderState(94)) - 81944a75-7880-48bb-a193-a5f914e328c0: shutdown 81944a75-7880-48bb-a193-a5f914e328c0@group-1BE58298164A-LeaderStateImpl
2024-02-09 18:36:10,698 [81944a75-7880-48bb-a193-a5f914e328c0-impl-thread2] INFO  util.JmxRegister (JmxRegister.java:unregister(73)) - Successfully un-registered JMX Bean with object name Ratis:service=RaftServer,group=group-5789D7CDB26A,id=81944a75-7880-48bb-a193-a5f914e328c0
2024-02-09 18:36:10,702 [ForkJoinPool.commonPool-worker-0] INFO  server.RaftServer (RaftServerProxy.java:lambda$close$9(416)) - 87145564-582e-4d08-b209-7a2296b785bc: close
2024-02-09 18:36:10,702 [81944a75-7880-48bb-a193-a5f914e328c0-impl-thread2] INFO  impl.RoleInfo (RoleInfo.java:shutdownLeaderState(94)) - 81944a75-7880-48bb-a193-a5f914e328c0: shutdown 81944a75-7880-48bb-a193-a5f914e328c0@group-5789D7CDB26A-LeaderStateImpl
2024-02-09 18:36:10,702 [81944a75-7880-48bb-a193-a5f914e328c0-impl-thread2] INFO  impl.PendingRequests (PendingRequests.java:sendNotLeaderResponses(289)) - 81944a75-7880-48bb-a193-a5f914e328c0@group-5789D7CDB26A-PendingRequests: sendNotLeaderResponses
2024-02-09 18:36:10,702 [408e6c3a-5292-4cb9-8087-08d5bb587f71@group-3830F8D38876-StateMachineUpdater] INFO  ratis.ContainerStateMachine (ContainerStateMachine.java:takeSnapshot(366)) - group-3830F8D38876: Finished taking a snapshot at:(t:1, i:0) file:/home/runner/work/ozone/ozone/hadoop-ozone/integration-test/target/test-dir/MiniOzoneClusterImpl-10a7684d-3d33-49d2-80ef-f5f5272a1eb0/datanode-7/data/ratis/2135d486-1a49-4d36-8ae2-3830f8d38876/sm/snapshot.1_0 took: 9 ms
2024-02-09 18:36:10,702 [Thread-5888] INFO  server.GrpcServerProtocolClient (GrpcServerProtocolClient.java:close(103)) - 063a7fb5-8d38-4cc1-bcc2-6ca7f0273dd7 Close channels
2024-02-09 18:36:10,703 [81944a75-7880-48bb-a193-a5f914e328c0@group-1BE58298164A->063a7fb5-8d38-4cc1-bcc2-6ca7f0273dd7-GrpcLogAppender-LogAppenderDaemon] WARN  server.GrpcLogAppender (GrpcLogAppender.java:mayWait(289)) - 81944a75-7880-48bb-a193-a5f914e328c0@group-1BE58298164A->063a7fb5-8d38-4cc1-bcc2-6ca7f0273dd7-GrpcLogAppender: Wait interrupted by java.lang.InterruptedException
2024-02-09 18:36:10,703 [Thread-5889] INFO  server.GrpcServerProtocolClient (GrpcServerProtocolClient.java:close(103)) - 02d298ee-5691-417b-b376-6494770463b9 Close channels
2024-02-09 18:36:10,703 [ForkJoinPool.commonPool-worker-7] INFO  server.GrpcService (GrpcService.java:closeImpl(320)) - 81944a75-7880-48bb-a193-a5f914e328c0: shutdown server org.apache.ratis.grpc.server.GrpcClientProtocolService successfully
2024-02-09 18:36:10,703 [ForkJoinPool.commonPool-worker-7] INFO  server.GrpcService (GrpcService.java:closeImpl(311)) - 81944a75-7880-48bb-a193-a5f914e328c0: shutdown server GrpcServerProtocolService now
2024-02-09 18:36:10,703 [81944a75-7880-48bb-a193-a5f914e328c0@group-1BE58298164A->02d298ee-5691-417b-b376-6494770463b9-GrpcLogAppender-LogAppenderDaemon] WARN  server.GrpcLogAppender (GrpcLogAppender.java:mayWait(289)) - 81944a75-7880-48bb-a193-a5f914e328c0@group-1BE58298164A->02d298ee-5691-417b-b376-6494770463b9-GrpcLogAppender: Wait interrupted by java.lang.InterruptedException
2024-02-09 18:36:10,703 [81944a75-7880-48bb-a193-a5f914e328c0-impl-thread1] INFO  impl.PendingRequests (PendingRequests.java:sendNotLeaderResponses(289)) - 81944a75-7880-48bb-a193-a5f914e328c0@group-1BE58298164A-PendingRequests: sendNotLeaderResponses
2024-02-09 18:36:10,703 [87145564-582e-4d08-b209-7a2296b785bc-impl-thread1] INFO  server.RaftServer$Division (RaftServerImpl.java:lambda$close$3(526)) - 87145564-582e-4d08-b209-7a2296b785bc@group-3830F8D38876: shutdown
2024-02-09 18:36:10,703 [81944a75-7880-48bb-a193-a5f914e328c0@group-5789D7CDB26A-StateMachineUpdater] INFO  ratis.ContainerStateMachine (ContainerStateMachine.java:takeSnapshot(355)) - group-5789D7CDB26A: Taking a snapshot at:(t:1, i:0) file /home/runner/work/ozone/ozone/hadoop-ozone/integration-test/target/test-dir/MiniOzoneClusterImpl-10a7684d-3d33-49d2-80ef-f5f5272a1eb0/datanode-3/data/ratis/09eebd41-ca38-44b6-bd61-5789d7cdb26a/sm/snapshot.1_0
2024-02-09 18:36:10,702 [81944a75-7880-48bb-a193-a5f914e328c0-impl-thread2] INFO  impl.StateMachineUpdater (StateMachineUpdater.java:stopAndJoin(157)) - 81944a75-7880-48bb-a193-a5f914e328c0@group-5789D7CDB26A-StateMachineUpdater: set stopIndex = 0
2024-02-09 18:36:10,702 [408e6c3a-5292-4cb9-8087-08d5bb587f71@group-3830F8D38876-StateMachineUpdater] INFO  impl.StateMachineUpdater (StateMachineUpdater.java:takeSnapshot(295)) - 408e6c3a-5292-4cb9-8087-08d5bb587f71@group-3830F8D38876-StateMachineUpdater: Took a snapshot at index 0
2024-02-09 18:36:10,703 [87145564-582e-4d08-b209-7a2296b785bc-impl-thread1] INFO  util.JmxRegister (JmxRegister.java:unregister(73)) - Successfully un-registered JMX Bean with object name Ratis:service=RaftServer,group=group-3830F8D38876,id=87145564-582e-4d08-b209-7a2296b785bc
2024-02-09 18:36:10,704 [81944a75-7880-48bb-a193-a5f914e328c0@group-5789D7CDB26A-StateMachineUpdater] INFO  ratis.ContainerStateMachine (ContainerStateMachine.java:takeSnapshot(366)) - group-5789D7CDB26A: Finished taking a snapshot at:(t:1, i:0) file:/home/runner/work/ozone/ozone/hadoop-ozone/integration-test/target/test-dir/MiniOzoneClusterImpl-10a7684d-3d33-49d2-80ef-f5f5272a1eb0/datanode-3/data/ratis/09eebd41-ca38-44b6-bd61-5789d7cdb26a/sm/snapshot.1_0 took: 1 ms
2024-02-09 18:36:10,704 [81944a75-7880-48bb-a193-a5f914e328c0-impl-thread1] INFO  impl.StateMachineUpdater (StateMachineUpdater.java:stopAndJoin(157)) - 81944a75-7880-48bb-a193-a5f914e328c0@group-1BE58298164A-StateMachineUpdater: set stopIndex = 0
2024-02-09 18:36:10,703 [408e6c3a-5292-4cb9-8087-08d5bb587f71@group-3830F8D38876-StateMachineUpdater] INFO  impl.StateMachineUpdater (StateMachineUpdater.java:lambda$new$0(98)) - 408e6c3a-5292-4cb9-8087-08d5bb587f71@group-3830F8D38876-StateMachineUpdater: snapshotIndex: updateIncreasingly -1 -> 0
2024-02-09 18:36:10,704 [81944a75-7880-48bb-a193-a5f914e328c0@group-1BE58298164A-StateMachineUpdater] INFO  ratis.ContainerStateMachine (ContainerStateMachine.java:takeSnapshot(355)) - group-1BE58298164A: Taking a snapshot at:(t:1, i:0) file /home/runner/work/ozone/ozone/hadoop-ozone/integration-test/target/test-dir/MiniOzoneClusterImpl-10a7684d-3d33-49d2-80ef-f5f5272a1eb0/datanode-3/data/ratis/034c33d7-1bfa-475b-8907-1be58298164a/sm/snapshot.1_0
2024-02-09 18:36:10,704 [408e6c3a-5292-4cb9-8087-08d5bb587f71-impl-thread2] INFO  server.RaftServer$Division (ServerState.java:close(427)) - 408e6c3a-5292-4cb9-8087-08d5bb587f71@group-3830F8D38876: applyIndex: 0
2024-02-09 18:36:10,704 [81944a75-7880-48bb-a193-a5f914e328c0@group-5789D7CDB26A-StateMachineUpdater] INFO  impl.StateMachineUpdater (StateMachineUpdater.java:takeSnapshot(295)) - 81944a75-7880-48bb-a193-a5f914e328c0@group-5789D7CDB26A-StateMachineUpdater: Took a snapshot at index 0
2024-02-09 18:36:10,704 [81944a75-7880-48bb-a193-a5f914e328c0@group-5789D7CDB26A-StateMachineUpdater] INFO  impl.StateMachineUpdater (StateMachineUpdater.java:lambda$new$0(98)) - 81944a75-7880-48bb-a193-a5f914e328c0@group-5789D7CDB26A-StateMachineUpdater: snapshotIndex: updateIncreasingly -1 -> 0
2024-02-09 18:36:10,704 [87145564-582e-4d08-b209-7a2296b785bc-impl-thread1] INFO  impl.RoleInfo (RoleInfo.java:shutdownFollowerState(110)) - 87145564-582e-4d08-b209-7a2296b785bc: shutdown 87145564-582e-4d08-b209-7a2296b785bc@group-3830F8D38876-FollowerState
2024-02-09 18:36:10,704 [81944a75-7880-48bb-a193-a5f914e328c0-impl-thread2] INFO  server.RaftServer$Division (ServerState.java:close(427)) - 81944a75-7880-48bb-a193-a5f914e328c0@group-5789D7CDB26A: applyIndex: 0
2024-02-09 18:36:10,704 [81944a75-7880-48bb-a193-a5f914e328c0@group-1BE58298164A-StateMachineUpdater] INFO  ratis.ContainerStateMachine (ContainerStateMachine.java:takeSnapshot(366)) - group-1BE58298164A: Finished taking a snapshot at:(t:1, i:0) file:/home/runner/work/ozone/ozone/hadoop-ozone/integration-test/target/test-dir/MiniOzoneClusterImpl-10a7684d-3d33-49d2-80ef-f5f5272a1eb0/datanode-3/data/ratis/034c33d7-1bfa-475b-8907-1be58298164a/sm/snapshot.1_0 took: 0 ms
2024-02-09 18:36:10,704 [81944a75-7880-48bb-a193-a5f914e328c0@group-1BE58298164A-StateMachineUpdater] INFO  impl.StateMachineUpdater (StateMachineUpdater.java:takeSnapshot(295)) - 81944a75-7880-48bb-a193-a5f914e328c0@group-1BE58298164A-StateMachineUpdater: Took a snapshot at index 0
2024-02-09 18:36:10,704 [81944a75-7880-48bb-a193-a5f914e328c0@group-1BE58298164A-StateMachineUpdater] INFO  impl.StateMachineUpdater (StateMachineUpdater.java:lambda$new$0(98)) - 81944a75-7880-48bb-a193-a5f914e328c0@group-1BE58298164A-StateMachineUpdater: snapshotIndex: updateIncreasingly -1 -> 0
2024-02-09 18:36:10,704 [87145564-582e-4d08-b209-7a2296b785bc@group-3830F8D38876-StateMachineUpdater] INFO  ratis.ContainerStateMachine (ContainerStateMachine.java:takeSnapshot(355)) - group-3830F8D38876: Taking a snapshot at:(t:1, i:0) file /home/runner/work/ozone/ozone/hadoop-ozone/integration-test/target/test-dir/MiniOzoneClusterImpl-10a7684d-3d33-49d2-80ef-f5f5272a1eb0/datanode-6/data/ratis/2135d486-1a49-4d36-8ae2-3830f8d38876/sm/snapshot.1_0
2024-02-09 18:36:10,704 [87145564-582e-4d08-b209-7a2296b785bc-impl-thread1] INFO  impl.StateMachineUpdater (StateMachineUpdater.java:stopAndJoin(157)) - 87145564-582e-4d08-b209-7a2296b785bc@group-3830F8D38876-StateMachineUpdater: set stopIndex = 0
2024-02-09 18:36:10,704 [87145564-582e-4d08-b209-7a2296b785bc@group-3830F8D38876-FollowerState] INFO  impl.FollowerState (FollowerState.java:run(152)) - 87145564-582e-4d08-b209-7a2296b785bc@group-3830F8D38876-FollowerState was interrupted
2024-02-09 18:36:10,704 [81944a75-7880-48bb-a193-a5f914e328c0@group-5789D7CDB26A-cacheEviction-AwaitToRun] INFO  util.AwaitToRun (AwaitToRun.java:run(49)) - 81944a75-7880-48bb-a193-a5f914e328c0@group-5789D7CDB26A-cacheEviction-AwaitToRun-AwaitForSignal is interrupted
2024-02-09 18:36:10,705 [87145564-582e-4d08-b209-7a2296b785bc@group-3830F8D38876-StateMachineUpdater] INFO  ratis.ContainerStateMachine (ContainerStateMachine.java:takeSnapshot(366)) - group-3830F8D38876: Finished taking a snapshot at:(t:1, i:0) file:/home/runner/work/ozone/ozone/hadoop-ozone/integration-test/target/test-dir/MiniOzoneClusterImpl-10a7684d-3d33-49d2-80ef-f5f5272a1eb0/datanode-6/data/ratis/2135d486-1a49-4d36-8ae2-3830f8d38876/sm/snapshot.1_0 took: 0 ms
2024-02-09 18:36:10,705 [87145564-582e-4d08-b209-7a2296b785bc@group-3830F8D38876-StateMachineUpdater] INFO  impl.StateMachineUpdater (StateMachineUpdater.java:takeSnapshot(295)) - 87145564-582e-4d08-b209-7a2296b785bc@group-3830F8D38876-StateMachineUpdater: Took a snapshot at index 0
2024-02-09 18:36:10,705 [87145564-582e-4d08-b209-7a2296b785bc@group-3830F8D38876-StateMachineUpdater] INFO  impl.StateMachineUpdater (StateMachineUpdater.java:lambda$new$0(98)) - 87145564-582e-4d08-b209-7a2296b785bc@group-3830F8D38876-StateMachineUpdater: snapshotIndex: updateIncreasingly -1 -> 0
2024-02-09 18:36:10,705 [87145564-582e-4d08-b209-7a2296b785bc-impl-thread1] INFO  server.RaftServer$Division (ServerState.java:close(427)) - 87145564-582e-4d08-b209-7a2296b785bc@group-3830F8D38876: applyIndex: 0
2024-02-09 18:36:10,705 [87145564-582e-4d08-b209-7a2296b785bc@group-3830F8D38876-cacheEviction-AwaitToRun] INFO  util.AwaitToRun (AwaitToRun.java:run(49)) - 87145564-582e-4d08-b209-7a2296b785bc@group-3830F8D38876-cacheEviction-AwaitToRun-AwaitForSignal is interrupted
2024-02-09 18:36:10,706 [81944a75-7880-48bb-a193-a5f914e328c0-impl-thread1] INFO  server.RaftServer$Division (ServerState.java:close(427)) - 81944a75-7880-48bb-a193-a5f914e328c0@group-1BE58298164A: applyIndex: 0
2024-02-09 18:36:10,706 [408e6c3a-5292-4cb9-8087-08d5bb587f71@group-3830F8D38876-cacheEviction-AwaitToRun] INFO  util.AwaitToRun (AwaitToRun.java:run(49)) - 408e6c3a-5292-4cb9-8087-08d5bb587f71@group-3830F8D38876-cacheEviction-AwaitToRun-AwaitForSignal is interrupted
2024-02-09 18:36:10,706 [81944a75-7880-48bb-a193-a5f914e328c0@group-1BE58298164A-cacheEviction-AwaitToRun] INFO  util.AwaitToRun (AwaitToRun.java:run(49)) - 81944a75-7880-48bb-a193-a5f914e328c0@group-1BE58298164A-cacheEviction-AwaitToRun-AwaitForSignal is interrupted
2024-02-09 18:36:10,706 [ForkJoinPool.commonPool-worker-7] INFO  server.GrpcService (GrpcService.java:closeImpl(320)) - 81944a75-7880-48bb-a193-a5f914e328c0: shutdown server GrpcServerProtocolService successfully
2024-02-09 18:36:10,706 [ForkJoinPool.commonPool-worker-7] INFO  server.GrpcService (GrpcService.java:closeImpl(311)) - 81944a75-7880-48bb-a193-a5f914e328c0: shutdown server org.apache.ratis.grpc.server.GrpcAdminProtocolService now
2024-02-09 18:36:10,706 [ForkJoinPool.commonPool-worker-0] INFO  server.GrpcService (GrpcService.java:closeImpl(311)) - 87145564-582e-4d08-b209-7a2296b785bc: shutdown server org.apache.ratis.grpc.server.GrpcClientProtocolService now
2024-02-09 18:36:10,707 [87145564-582e-4d08-b209-7a2296b785bc-impl-thread2] INFO  server.RaftServer$Division (RaftServerImpl.java:lambda$close$3(526)) - 87145564-582e-4d08-b209-7a2296b785bc@group-56B751C24A32: shutdown
2024-02-09 18:36:10,707 [87145564-582e-4d08-b209-7a2296b785bc-impl-thread2] INFO  util.JmxRegister (JmxRegister.java:unregister(73)) - Successfully un-registered JMX Bean with object name Ratis:service=RaftServer,group=group-56B751C24A32,id=87145564-582e-4d08-b209-7a2296b785bc
2024-02-09 18:36:10,707 [87145564-582e-4d08-b209-7a2296b785bc-impl-thread2] INFO  impl.RoleInfo (RoleInfo.java:shutdownLeaderState(94)) - 87145564-582e-4d08-b209-7a2296b785bc: shutdown 87145564-582e-4d08-b209-7a2296b785bc@group-56B751C24A32-LeaderStateImpl
2024-02-09 18:36:10,707 [87145564-582e-4d08-b209-7a2296b785bc-impl-thread2] INFO  impl.PendingRequests (PendingRequests.java:sendNotLeaderResponses(289)) - 87145564-582e-4d08-b209-7a2296b785bc@group-56B751C24A32-PendingRequests: sendNotLeaderResponses
2024-02-09 18:36:10,707 [87145564-582e-4d08-b209-7a2296b785bc-impl-thread2] INFO  impl.StateMachineUpdater (StateMachineUpdater.java:stopAndJoin(157)) - 87145564-582e-4d08-b209-7a2296b785bc@group-56B751C24A32-StateMachineUpdater: set stopIndex = 0
2024-02-09 18:36:10,707 [87145564-582e-4d08-b209-7a2296b785bc@group-56B751C24A32-StateMachineUpdater] INFO  ratis.ContainerStateMachine (ContainerStateMachine.java:takeSnapshot(355)) - group-56B751C24A32: Taking a snapshot at:(t:1, i:0) file /home/runner/work/ozone/ozone/hadoop-ozone/integration-test/target/test-dir/MiniOzoneClusterImpl-10a7684d-3d33-49d2-80ef-f5f5272a1eb0/datanode-6/data/ratis/df469fe8-93f1-48fc-991a-56b751c24a32/sm/snapshot.1_0
2024-02-09 18:36:10,707 [87145564-582e-4d08-b209-7a2296b785bc@group-56B751C24A32-StateMachineUpdater] INFO  ratis.ContainerStateMachine (ContainerStateMachine.java:takeSnapshot(366)) - group-56B751C24A32: Finished taking a snapshot at:(t:1, i:0) file:/home/runner/work/ozone/ozone/hadoop-ozone/integration-test/target/test-dir/MiniOzoneClusterImpl-10a7684d-3d33-49d2-80ef-f5f5272a1eb0/datanode-6/data/ratis/df469fe8-93f1-48fc-991a-56b751c24a32/sm/snapshot.1_0 took: 1 ms
2024-02-09 18:36:10,708 [87145564-582e-4d08-b209-7a2296b785bc@group-56B751C24A32-StateMachineUpdater] INFO  impl.StateMachineUpdater (StateMachineUpdater.java:takeSnapshot(295)) - 87145564-582e-4d08-b209-7a2296b785bc@group-56B751C24A32-StateMachineUpdater: Took a snapshot at index 0
2024-02-09 18:36:10,708 [87145564-582e-4d08-b209-7a2296b785bc@group-56B751C24A32-StateMachineUpdater] INFO  impl.StateMachineUpdater (StateMachineUpdater.java:lambda$new$0(98)) - 87145564-582e-4d08-b209-7a2296b785bc@group-56B751C24A32-StateMachineUpdater: snapshotIndex: updateIncreasingly -1 -> 0
2024-02-09 18:36:10,708 [87145564-582e-4d08-b209-7a2296b785bc-impl-thread2] INFO  server.RaftServer$Division (ServerState.java:close(427)) - 87145564-582e-4d08-b209-7a2296b785bc@group-56B751C24A32: applyIndex: 0
2024-02-09 18:36:10,708 [87145564-582e-4d08-b209-7a2296b785bc@group-56B751C24A32-cacheEviction-AwaitToRun] INFO  util.AwaitToRun (AwaitToRun.java:run(49)) - 87145564-582e-4d08-b209-7a2296b785bc@group-56B751C24A32-cacheEviction-AwaitToRun-AwaitForSignal is interrupted
2024-02-09 18:36:10,709 [ForkJoinPool.commonPool-worker-7] INFO  server.GrpcService (GrpcService.java:closeImpl(320)) - 81944a75-7880-48bb-a193-a5f914e328c0: shutdown server org.apache.ratis.grpc.server.GrpcAdminProtocolService successfully
2024-02-09 18:36:10,710 [ForkJoinPool.commonPool-worker-0] INFO  server.GrpcService (GrpcService.java:closeImpl(320)) - 87145564-582e-4d08-b209-7a2296b785bc: shutdown server org.apache.ratis.grpc.server.GrpcClientProtocolService successfully
2024-02-09 18:36:10,710 [ForkJoinPool.commonPool-worker-0] INFO  server.GrpcService (GrpcService.java:closeImpl(311)) - 87145564-582e-4d08-b209-7a2296b785bc: shutdown server GrpcServerProtocolService now
2024-02-09 18:36:10,711 [ForkJoinPool.commonPool-worker-1] INFO  ozoneimpl.OzoneContainer (OzoneContainer.java:stop(481)) - Attempting to stop container services.
2024-02-09 18:36:10,711 [063a7fb5-8d38-4cc1-bcc2-6ca7f0273dd7-NettyServerStreamRpc-bossGroup--thread1] INFO  logging.LoggingHandler (AbstractInternalLogger.java:log(148)) - [id: 0xf1d25558, L:/0.0.0.0:15416] CLOSE
2024-02-09 18:36:10,711 [063a7fb5-8d38-4cc1-bcc2-6ca7f0273dd7-NettyServerStreamRpc-bossGroup--thread1] INFO  logging.LoggingHandler (AbstractInternalLogger.java:log(148)) - [id: 0xf1d25558, L:/0.0.0.0:15416] INACTIVE
2024-02-09 18:36:10,711 [063a7fb5-8d38-4cc1-bcc2-6ca7f0273dd7-NettyServerStreamRpc-bossGroup--thread1] INFO  logging.LoggingHandler (AbstractInternalLogger.java:log(148)) - [id: 0xf1d25558, L:/0.0.0.0:15416] UNREGISTERED
2024-02-09 18:36:10,720 [ForkJoinPool.commonPool-worker-1] INFO  server.RaftServer (RaftServerProxy.java:lambda$close$9(416)) - bf8a30fd-7b22-4fec-9389-eaf0e8889ee9: close
2024-02-09 18:36:10,720 [grpc-default-executor-7] WARN  server.GrpcServerProtocolService (LogUtils.java:warn(121)) - 87145564-582e-4d08-b209-7a2296b785bc: APPEND_ENTRIES onError, lastRequest: bf8a30fd-7b22-4fec-9389-eaf0e8889ee9->87145564-582e-4d08-b209-7a2296b785bc#1-t1,previous=(t:0, i:0),leaderCommit=-1,initializing? false,entries: size=1, first=(t:1, i:0), CONFIGURATIONENTRY(current:id: "408e6c3a-5292-4cb9-8087-08d5bb587f71"
address: "10.1.0.43:15433"
dataStreamAddress: "10.1.0.43:15434"
clientAddress: "10.1.0.43:15431"
adminAddress: "10.1.0.43:15432"
startupRole: FOLLOWER
,id: "bf8a30fd-7b22-4fec-9389-eaf0e8889ee9"
address: "10.1.0.43:15442"
priority: 1
dataStreamAddress: "10.1.0.43:15443"
clientAddress: "10.1.0.43:15440"
adminAddress: "10.1.0.43:15441"
startupRole: FOLLOWER
,id: "87145564-582e-4d08-b209-7a2296b785bc"
address: "10.1.0.43:15424"
dataStreamAddress: "10.1.0.43:15425"
clientAddress: "10.1.0.43:15422"
adminAddress: "10.1.0.43:15423"
startupRole: FOLLOWER
, old:): org.apache.ratis.thirdparty.io.grpc.StatusRuntimeException: CANCELLED: client cancelled
2024-02-09 18:36:10,720 [grpc-default-executor-4] WARN  server.GrpcServerProtocolService (LogUtils.java:warn(121)) - 87145564-582e-4d08-b209-7a2296b785bc: APPEND_ENTRIES onError, lastRequest: null: org.apache.ratis.thirdparty.io.grpc.StatusRuntimeException: CANCELLED: client cancelled
2024-02-09 18:36:10,720 [grpc-default-executor-5] WARN  server.GrpcLogAppender (LogUtils.java:warn(121)) - bf8a30fd-7b22-4fec-9389-eaf0e8889ee9@group-3830F8D38876->87145564-582e-4d08-b209-7a2296b785bc-AppendLogResponseHandler: Failed appendEntries: org.apache.ratis.thirdparty.io.grpc.StatusRuntimeException: CANCELLED: RST_STREAM closed stream. HTTP/2 error code: CANCEL
2024-02-09 18:36:10,720 [ForkJoinPool.commonPool-worker-0] INFO  server.GrpcService (GrpcService.java:closeImpl(320)) - 87145564-582e-4d08-b209-7a2296b785bc: shutdown server GrpcServerProtocolService successfully
2024-02-09 18:36:10,720 [grpc-default-executor-5] WARN  server.GrpcLogAppender (GrpcLogAppender.java:lambda$resetClient$1(217)) - bf8a30fd-7b22-4fec-9389-eaf0e8889ee9@group-3830F8D38876->87145564-582e-4d08-b209-7a2296b785bc-GrpcLogAppender: Follower failed (request=null, errorCount=1); keep nextIndex (1) unchanged and retry.
2024-02-09 18:36:10,721 [ForkJoinPool.commonPool-worker-0] INFO  server.GrpcService (GrpcService.java:closeImpl(311)) - 87145564-582e-4d08-b209-7a2296b785bc: shutdown server org.apache.ratis.grpc.server.GrpcAdminProtocolService now
2024-02-09 18:36:10,721 [408e6c3a-5292-4cb9-8087-08d5bb587f71-NettyServerStreamRpc-bossGroup--thread1] INFO  logging.LoggingHandler (AbstractInternalLogger.java:log(148)) - [id: 0xb7cd1dae, L:/0.0.0.0:15434] CLOSE
2024-02-09 18:36:10,721 [408e6c3a-5292-4cb9-8087-08d5bb587f71-NettyServerStreamRpc-bossGroup--thread1] INFO  logging.LoggingHandler (AbstractInternalLogger.java:log(148)) - [id: 0xb7cd1dae, L:/0.0.0.0:15434] INACTIVE
2024-02-09 18:36:10,721 [408e6c3a-5292-4cb9-8087-08d5bb587f71-NettyServerStreamRpc-bossGroup--thread1] INFO  logging.LoggingHandler (AbstractInternalLogger.java:log(148)) - [id: 0xb7cd1dae, L:/0.0.0.0:15434] UNREGISTERED
2024-02-09 18:36:10,725 [02d298ee-5691-417b-b376-6494770463b9-NettyServerStreamRpc-bossGroup--thread1] INFO  logging.LoggingHandler (AbstractInternalLogger.java:log(148)) - [id: 0xda206acb, L:/0.0.0.0:15407] CLOSE
2024-02-09 18:36:10,725 [02d298ee-5691-417b-b376-6494770463b9-NettyServerStreamRpc-bossGroup--thread1] INFO  logging.LoggingHandler (AbstractInternalLogger.java:log(148)) - [id: 0xda206acb, L:/0.0.0.0:15407] INACTIVE
2024-02-09 18:36:10,725 [02d298ee-5691-417b-b376-6494770463b9-NettyServerStreamRpc-bossGroup--thread1] INFO  logging.LoggingHandler (AbstractInternalLogger.java:log(148)) - [id: 0xda206acb, L:/0.0.0.0:15407] UNREGISTERED
2024-02-09 18:36:10,727 [bf8a30fd-7b22-4fec-9389-eaf0e8889ee9-impl-thread1] INFO  server.RaftServer$Division (RaftServerImpl.java:lambda$close$3(526)) - bf8a30fd-7b22-4fec-9389-eaf0e8889ee9@group-2F070E17DBC0: shutdown
2024-02-09 18:36:10,727 [ForkJoinPool.commonPool-worker-1] INFO  server.GrpcService (GrpcService.java:closeImpl(311)) - bf8a30fd-7b22-4fec-9389-eaf0e8889ee9: shutdown server org.apache.ratis.grpc.server.GrpcClientProtocolService now
2024-02-09 18:36:10,727 [bf8a30fd-7b22-4fec-9389-eaf0e8889ee9-impl-thread2] INFO  server.RaftServer$Division (RaftServerImpl.java:lambda$close$3(526)) - bf8a30fd-7b22-4fec-9389-eaf0e8889ee9@group-3830F8D38876: shutdown
2024-02-09 18:36:10,727 [bf8a30fd-7b22-4fec-9389-eaf0e8889ee9-impl-thread1] INFO  util.JmxRegister (JmxRegister.java:unregister(73)) - Successfully un-registered JMX Bean with object name Ratis:service=RaftServer,group=group-2F070E17DBC0,id=bf8a30fd-7b22-4fec-9389-eaf0e8889ee9
2024-02-09 18:36:10,727 [bf8a30fd-7b22-4fec-9389-eaf0e8889ee9-impl-thread2] INFO  util.JmxRegister (JmxRegister.java:unregister(73)) - Successfully un-registered JMX Bean with object name Ratis:service=RaftServer,group=group-3830F8D38876,id=bf8a30fd-7b22-4fec-9389-eaf0e8889ee9
2024-02-09 18:36:10,727 [bf8a30fd-7b22-4fec-9389-eaf0e8889ee9-impl-thread2] INFO  impl.RoleInfo (RoleInfo.java:shutdownLeaderState(94)) - bf8a30fd-7b22-4fec-9389-eaf0e8889ee9: shutdown bf8a30fd-7b22-4fec-9389-eaf0e8889ee9@group-3830F8D38876-LeaderStateImpl
2024-02-09 18:36:10,727 [bf8a30fd-7b22-4fec-9389-eaf0e8889ee9-impl-thread1] INFO  impl.RoleInfo (RoleInfo.java:shutdownLeaderState(94)) - bf8a30fd-7b22-4fec-9389-eaf0e8889ee9: shutdown bf8a30fd-7b22-4fec-9389-eaf0e8889ee9@group-2F070E17DBC0-LeaderStateImpl
2024-02-09 18:36:10,727 [bf8a30fd-7b22-4fec-9389-eaf0e8889ee9@group-3830F8D38876->408e6c3a-5292-4cb9-8087-08d5bb587f71-GrpcLogAppender-LogAppenderDaemon] WARN  server.GrpcLogAppender (GrpcLogAppender.java:mayWait(289)) - bf8a30fd-7b22-4fec-9389-eaf0e8889ee9@group-3830F8D38876->408e6c3a-5292-4cb9-8087-08d5bb587f71-GrpcLogAppender: Wait interrupted by java.lang.InterruptedException
2024-02-09 18:36:10,727 [ForkJoinPool.commonPool-worker-0] INFO  server.GrpcService (GrpcService.java:closeImpl(320)) - 87145564-582e-4d08-b209-7a2296b785bc: shutdown server org.apache.ratis.grpc.server.GrpcAdminProtocolService successfully
2024-02-09 18:36:10,727 [bf8a30fd-7b22-4fec-9389-eaf0e8889ee9-impl-thread1] INFO  impl.PendingRequests (PendingRequests.java:sendNotLeaderResponses(289)) - bf8a30fd-7b22-4fec-9389-eaf0e8889ee9@group-2F070E17DBC0-PendingRequests: sendNotLeaderResponses
2024-02-09 18:36:10,727 [bf8a30fd-7b22-4fec-9389-eaf0e8889ee9-impl-thread1] INFO  impl.StateMachineUpdater (StateMachineUpdater.java:stopAndJoin(157)) - bf8a30fd-7b22-4fec-9389-eaf0e8889ee9@group-2F070E17DBC0-StateMachineUpdater: set stopIndex = 0
2024-02-09 18:36:10,727 [bf8a30fd-7b22-4fec-9389-eaf0e8889ee9@group-2F070E17DBC0-StateMachineUpdater] INFO  ratis.ContainerStateMachine (ContainerStateMachine.java:takeSnapshot(355)) - group-2F070E17DBC0: Taking a snapshot at:(t:1, i:0) file /home/runner/work/ozone/ozone/hadoop-ozone/integration-test/target/test-dir/MiniOzoneClusterImpl-10a7684d-3d33-49d2-80ef-f5f5272a1eb0/datanode-8/data/ratis/b0bc7ef5-f9b7-487d-8070-2f070e17dbc0/sm/snapshot.1_0
2024-02-09 18:36:10,728 [bf8a30fd-7b22-4fec-9389-eaf0e8889ee9@group-2F070E17DBC0-StateMachineUpdater] INFO  ratis.ContainerStateMachine (ContainerStateMachine.java:takeSnapshot(366)) - group-2F070E17DBC0: Finished taking a snapshot at:(t:1, i:0) file:/home/runner/work/ozone/ozone/hadoop-ozone/integration-test/target/test-dir/MiniOzoneClusterImpl-10a7684d-3d33-49d2-80ef-f5f5272a1eb0/datanode-8/data/ratis/b0bc7ef5-f9b7-487d-8070-2f070e17dbc0/sm/snapshot.1_0 took: 0 ms
2024-02-09 18:36:10,728 [bf8a30fd-7b22-4fec-9389-eaf0e8889ee9@group-2F070E17DBC0-StateMachineUpdater] INFO  impl.StateMachineUpdater (StateMachineUpdater.java:takeSnapshot(295)) - bf8a30fd-7b22-4fec-9389-eaf0e8889ee9@group-2F070E17DBC0-StateMachineUpdater: Took a snapshot at index 0
2024-02-09 18:36:10,728 [bf8a30fd-7b22-4fec-9389-eaf0e8889ee9@group-2F070E17DBC0-StateMachineUpdater] INFO  impl.StateMachineUpdater (StateMachineUpdater.java:lambda$new$0(98)) - bf8a30fd-7b22-4fec-9389-eaf0e8889ee9@group-2F070E17DBC0-StateMachineUpdater: snapshotIndex: updateIncreasingly -1 -> 0
2024-02-09 18:36:10,728 [bf8a30fd-7b22-4fec-9389-eaf0e8889ee9-impl-thread1] INFO  server.RaftServer$Division (ServerState.java:close(427)) - bf8a30fd-7b22-4fec-9389-eaf0e8889ee9@group-2F070E17DBC0: applyIndex: 0
2024-02-09 18:36:10,729 [bf8a30fd-7b22-4fec-9389-eaf0e8889ee9@group-2F070E17DBC0-cacheEviction-AwaitToRun] INFO  util.AwaitToRun (AwaitToRun.java:run(49)) - bf8a30fd-7b22-4fec-9389-eaf0e8889ee9@group-2F070E17DBC0-cacheEviction-AwaitToRun-AwaitForSignal is interrupted
2024-02-09 18:36:10,729 [bf8a30fd-7b22-4fec-9389-eaf0e8889ee9@group-3830F8D38876->87145564-582e-4d08-b209-7a2296b785bc-GrpcLogAppender-LogAppenderDaemon] WARN  server.GrpcLogAppender (GrpcLogAppender.java:mayWait(289)) - bf8a30fd-7b22-4fec-9389-eaf0e8889ee9@group-3830F8D38876->87145564-582e-4d08-b209-7a2296b785bc-GrpcLogAppender: Wait interrupted by java.lang.InterruptedException
2024-02-09 18:36:10,729 [81d78f49-5211-4a7a-996b-69bb86adfbbb-NettyServerStreamRpc-bossGroup--thread1] INFO  logging.LoggingHandler (AbstractInternalLogger.java:log(148)) - [id: 0x0e9eb795, L:/0.0.0.0:15389] CLOSE
2024-02-09 18:36:10,729 [bf8a30fd-7b22-4fec-9389-eaf0e8889ee9-impl-thread2] INFO  impl.PendingRequests (PendingRequests.java:sendNotLeaderResponses(289)) - bf8a30fd-7b22-4fec-9389-eaf0e8889ee9@group-3830F8D38876-PendingRequests: sendNotLeaderResponses
2024-02-09 18:36:10,729 [81d78f49-5211-4a7a-996b-69bb86adfbbb-NettyServerStreamRpc-bossGroup--thread1] INFO  logging.LoggingHandler (AbstractInternalLogger.java:log(148)) - [id: 0x0e9eb795, L:/0.0.0.0:15389] INACTIVE
2024-02-09 18:36:10,729 [81d78f49-5211-4a7a-996b-69bb86adfbbb-NettyServerStreamRpc-bossGroup--thread1] INFO  logging.LoggingHandler (AbstractInternalLogger.java:log(148)) - [id: 0x0e9eb795, L:/0.0.0.0:15389] UNREGISTERED
2024-02-09 18:36:10,730 [bf8a30fd-7b22-4fec-9389-eaf0e8889ee9-impl-thread2] INFO  impl.StateMachineUpdater (StateMachineUpdater.java:stopAndJoin(157)) - bf8a30fd-7b22-4fec-9389-eaf0e8889ee9@group-3830F8D38876-StateMachineUpdater: set stopIndex = 0
2024-02-09 18:36:10,730 [bf8a30fd-7b22-4fec-9389-eaf0e8889ee9@group-3830F8D38876-StateMachineUpdater] INFO  ratis.ContainerStateMachine (ContainerStateMachine.java:takeSnapshot(355)) - group-3830F8D38876: Taking a snapshot at:(t:1, i:0) file /home/runner/work/ozone/ozone/hadoop-ozone/integration-test/target/test-dir/MiniOzoneClusterImpl-10a7684d-3d33-49d2-80ef-f5f5272a1eb0/datanode-8/data/ratis/2135d486-1a49-4d36-8ae2-3830f8d38876/sm/snapshot.1_0
2024-02-09 18:36:10,732 [Thread-5996] INFO  server.GrpcServerProtocolClient (GrpcServerProtocolClient.java:close(103)) - 408e6c3a-5292-4cb9-8087-08d5bb587f71 Close channels
2024-02-09 18:36:10,732 [Thread-6022] INFO  server.GrpcServerProtocolClient (GrpcServerProtocolClient.java:close(103)) - 87145564-582e-4d08-b209-7a2296b785bc Close channels
2024-02-09 18:36:10,732 [bf8a30fd-7b22-4fec-9389-eaf0e8889ee9@group-3830F8D38876-StateMachineUpdater] INFO  ratis.ContainerStateMachine (ContainerStateMachine.java:takeSnapshot(366)) - group-3830F8D38876: Finished taking a snapshot at:(t:1, i:0) file:/home/runner/work/ozone/ozone/hadoop-ozone/integration-test/target/test-dir/MiniOzoneClusterImpl-10a7684d-3d33-49d2-80ef-f5f5272a1eb0/datanode-8/data/ratis/2135d486-1a49-4d36-8ae2-3830f8d38876/sm/snapshot.1_0 took: 2 ms
2024-02-09 18:36:10,732 [bf8a30fd-7b22-4fec-9389-eaf0e8889ee9@group-3830F8D38876-StateMachineUpdater] INFO  impl.StateMachineUpdater (StateMachineUpdater.java:takeSnapshot(295)) - bf8a30fd-7b22-4fec-9389-eaf0e8889ee9@group-3830F8D38876-StateMachineUpdater: Took a snapshot at index 0
2024-02-09 18:36:10,732 [bf8a30fd-7b22-4fec-9389-eaf0e8889ee9@group-3830F8D38876-StateMachineUpdater] INFO  impl.StateMachineUpdater (StateMachineUpdater.java:lambda$new$0(98)) - bf8a30fd-7b22-4fec-9389-eaf0e8889ee9@group-3830F8D38876-StateMachineUpdater: snapshotIndex: updateIncreasingly -1 -> 0
2024-02-09 18:36:10,732 [bf8a30fd-7b22-4fec-9389-eaf0e8889ee9-impl-thread2] INFO  server.RaftServer$Division (ServerState.java:close(427)) - bf8a30fd-7b22-4fec-9389-eaf0e8889ee9@group-3830F8D38876: applyIndex: 0
2024-02-09 18:36:10,732 [bf8a30fd-7b22-4fec-9389-eaf0e8889ee9@group-3830F8D38876-cacheEviction-AwaitToRun] INFO  util.AwaitToRun (AwaitToRun.java:run(49)) - bf8a30fd-7b22-4fec-9389-eaf0e8889ee9@group-3830F8D38876-cacheEviction-AwaitToRun-AwaitForSignal is interrupted
2024-02-09 18:36:10,735 [ForkJoinPool.commonPool-worker-1] INFO  server.GrpcService (GrpcService.java:closeImpl(320)) - bf8a30fd-7b22-4fec-9389-eaf0e8889ee9: shutdown server org.apache.ratis.grpc.server.GrpcClientProtocolService successfully
2024-02-09 18:36:10,735 [ForkJoinPool.commonPool-worker-1] INFO  server.GrpcService (GrpcService.java:closeImpl(311)) - bf8a30fd-7b22-4fec-9389-eaf0e8889ee9: shutdown server GrpcServerProtocolService now
2024-02-09 18:36:10,741 [ForkJoinPool.commonPool-worker-1] INFO  server.GrpcService (GrpcService.java:closeImpl(320)) - bf8a30fd-7b22-4fec-9389-eaf0e8889ee9: shutdown server GrpcServerProtocolService successfully
2024-02-09 18:36:10,741 [ForkJoinPool.commonPool-worker-1] INFO  server.GrpcService (GrpcService.java:closeImpl(311)) - bf8a30fd-7b22-4fec-9389-eaf0e8889ee9: shutdown server org.apache.ratis.grpc.server.GrpcAdminProtocolService now
2024-02-09 18:36:10,742 [ForkJoinPool.commonPool-worker-1] INFO  server.GrpcService (GrpcService.java:closeImpl(320)) - bf8a30fd-7b22-4fec-9389-eaf0e8889ee9: shutdown server org.apache.ratis.grpc.server.GrpcAdminProtocolService successfully
2024-02-09 18:36:10,743 [87145564-582e-4d08-b209-7a2296b785bc-NettyServerStreamRpc-bossGroup--thread1] INFO  logging.LoggingHandler (AbstractInternalLogger.java:log(148)) - [id: 0x7f610f0c, L:/0.0.0.0:15425] CLOSE
2024-02-09 18:36:10,743 [81944a75-7880-48bb-a193-a5f914e328c0-NettyServerStreamRpc-bossGroup--thread1] INFO  logging.LoggingHandler (AbstractInternalLogger.java:log(148)) - [id: 0x303f227d, L:/0.0.0.0:15398] CLOSE
2024-02-09 18:36:10,743 [87145564-582e-4d08-b209-7a2296b785bc-NettyServerStreamRpc-bossGroup--thread1] INFO  logging.LoggingHandler (AbstractInternalLogger.java:log(148)) - [id: 0x7f610f0c, L:/0.0.0.0:15425] INACTIVE
2024-02-09 18:36:10,743 [87145564-582e-4d08-b209-7a2296b785bc-NettyServerStreamRpc-bossGroup--thread1] INFO  logging.LoggingHandler (AbstractInternalLogger.java:log(148)) - [id: 0x7f610f0c, L:/0.0.0.0:15425] UNREGISTERED
2024-02-09 18:36:10,743 [81944a75-7880-48bb-a193-a5f914e328c0-NettyServerStreamRpc-bossGroup--thread1] INFO  logging.LoggingHandler (AbstractInternalLogger.java:log(148)) - [id: 0x303f227d, L:/0.0.0.0:15398] INACTIVE
2024-02-09 18:36:10,743 [81944a75-7880-48bb-a193-a5f914e328c0-NettyServerStreamRpc-bossGroup--thread1] INFO  logging.LoggingHandler (AbstractInternalLogger.java:log(148)) - [id: 0x303f227d, L:/0.0.0.0:15398] UNREGISTERED
2024-02-09 18:36:10,747 [bf8a30fd-7b22-4fec-9389-eaf0e8889ee9-NettyServerStreamRpc-bossGroup--thread1] INFO  logging.LoggingHandler (AbstractInternalLogger.java:log(148)) - [id: 0xd7298800, L:/0.0.0.0:15443] CLOSE
2024-02-09 18:36:10,747 [bf8a30fd-7b22-4fec-9389-eaf0e8889ee9-NettyServerStreamRpc-bossGroup--thread1] INFO  logging.LoggingHandler (AbstractInternalLogger.java:log(148)) - [id: 0xd7298800, L:/0.0.0.0:15443] INACTIVE
2024-02-09 18:36:10,747 [bf8a30fd-7b22-4fec-9389-eaf0e8889ee9-NettyServerStreamRpc-bossGroup--thread1] INFO  logging.LoggingHandler (AbstractInternalLogger.java:log(148)) - [id: 0xd7298800, L:/0.0.0.0:15443] UNREGISTERED
2024-02-09 18:36:10,924 [81d78f49-5211-4a7a-996b-69bb86adfbbb-impl-thread1] INFO  segmented.SegmentedRaftLogWorker (SegmentedRaftLogWorker.java:close(245)) - 81d78f49-5211-4a7a-996b-69bb86adfbbb@group-64A6ECF3BFAF-SegmentedRaftLogWorker close()
2024-02-09 18:36:10,925 [JvmPauseMonitor48] INFO  util.JvmPauseMonitor (JvmPauseMonitor.java:run(152)) - JvmPauseMonitor-81d78f49-5211-4a7a-996b-69bb86adfbbb: Stopped
2024-02-09 18:36:11,113 [81944a75-7880-48bb-a193-a5f914e328c0-impl-thread1] INFO  segmented.SegmentedRaftLogWorker (SegmentedRaftLogWorker.java:close(245)) - 81944a75-7880-48bb-a193-a5f914e328c0@group-1BE58298164A-SegmentedRaftLogWorker close()
2024-02-09 18:36:11,128 [063a7fb5-8d38-4cc1-bcc2-6ca7f0273dd7-impl-thread1] INFO  segmented.SegmentedRaftLogWorker (SegmentedRaftLogWorker.java:close(245)) - 063a7fb5-8d38-4cc1-bcc2-6ca7f0273dd7@group-1BE58298164A-SegmentedRaftLogWorker close()
2024-02-09 18:36:11,129 [02d298ee-5691-417b-b376-6494770463b9-impl-thread2] INFO  segmented.SegmentedRaftLogWorker (SegmentedRaftLogWorker.java:close(245)) - 02d298ee-5691-417b-b376-6494770463b9@group-1BE58298164A-SegmentedRaftLogWorker close()
2024-02-09 18:36:11,204 [81944a75-7880-48bb-a193-a5f914e328c0-impl-thread2] INFO  segmented.SegmentedRaftLogWorker (SegmentedRaftLogWorker.java:close(245)) - 81944a75-7880-48bb-a193-a5f914e328c0@group-5789D7CDB26A-SegmentedRaftLogWorker close()
2024-02-09 18:36:11,205 [JvmPauseMonitor49] INFO  util.JvmPauseMonitor (JvmPauseMonitor.java:run(152)) - JvmPauseMonitor-81944a75-7880-48bb-a193-a5f914e328c0: Stopped
2024-02-09 18:36:11,211 [063a7fb5-8d38-4cc1-bcc2-6ca7f0273dd7-impl-thread2] INFO  segmented.SegmentedRaftLogWorker (SegmentedRaftLogWorker.java:close(245)) - 063a7fb5-8d38-4cc1-bcc2-6ca7f0273dd7@group-36EABE44EA76-SegmentedRaftLogWorker close()
2024-02-09 18:36:11,212 [JvmPauseMonitor51] INFO  util.JvmPauseMonitor (JvmPauseMonitor.java:run(152)) - JvmPauseMonitor-063a7fb5-8d38-4cc1-bcc2-6ca7f0273dd7: Stopped
2024-02-09 18:36:11,248 [02d298ee-5691-417b-b376-6494770463b9-impl-thread1] INFO  segmented.SegmentedRaftLogWorker (SegmentedRaftLogWorker.java:close(245)) - 02d298ee-5691-417b-b376-6494770463b9@group-7A921FA49D78-SegmentedRaftLogWorker close()
2024-02-09 18:36:11,249 [JvmPauseMonitor50] INFO  util.JvmPauseMonitor (JvmPauseMonitor.java:run(152)) - JvmPauseMonitor-02d298ee-5691-417b-b376-6494770463b9: Stopped
2024-02-09 18:36:11,631 [bf8a30fd-7b22-4fec-9389-eaf0e8889ee9-impl-thread2] INFO  segmented.SegmentedRaftLogWorker (SegmentedRaftLogWorker.java:close(245)) - bf8a30fd-7b22-4fec-9389-eaf0e8889ee9@group-3830F8D38876-SegmentedRaftLogWorker close()
2024-02-09 18:36:11,631 [408e6c3a-5292-4cb9-8087-08d5bb587f71-impl-thread2] INFO  segmented.SegmentedRaftLogWorker (SegmentedRaftLogWorker.java:close(245)) - 408e6c3a-5292-4cb9-8087-08d5bb587f71@group-3830F8D38876-SegmentedRaftLogWorker close()
2024-02-09 18:36:11,631 [bf8a30fd-7b22-4fec-9389-eaf0e8889ee9-impl-thread1] INFO  segmented.SegmentedRaftLogWorker (SegmentedRaftLogWorker.java:close(245)) - bf8a30fd-7b22-4fec-9389-eaf0e8889ee9@group-2F070E17DBC0-SegmentedRaftLogWorker close()
2024-02-09 18:36:11,631 [87145564-582e-4d08-b209-7a2296b785bc-impl-thread1] INFO  segmented.SegmentedRaftLogWorker (SegmentedRaftLogWorker.java:close(245)) - 87145564-582e-4d08-b209-7a2296b785bc@group-3830F8D38876-SegmentedRaftLogWorker close()
2024-02-09 18:36:11,632 [87145564-582e-4d08-b209-7a2296b785bc-impl-thread2] INFO  segmented.SegmentedRaftLogWorker (SegmentedRaftLogWorker.java:close(245)) - 87145564-582e-4d08-b209-7a2296b785bc@group-56B751C24A32-SegmentedRaftLogWorker close()
2024-02-09 18:36:11,636 [JvmPauseMonitor54] INFO  util.JvmPauseMonitor (JvmPauseMonitor.java:run(152)) - JvmPauseMonitor-bf8a30fd-7b22-4fec-9389-eaf0e8889ee9: Stopped
2024-02-09 18:36:11,636 [408e6c3a-5292-4cb9-8087-08d5bb587f71-impl-thread1] INFO  segmented.SegmentedRaftLogWorker (SegmentedRaftLogWorker.java:close(245)) - 408e6c3a-5292-4cb9-8087-08d5bb587f71@group-098DEECB2FAA-SegmentedRaftLogWorker close()
2024-02-09 18:36:11,637 [JvmPauseMonitor52] INFO  util.JvmPauseMonitor (JvmPauseMonitor.java:run(152)) - JvmPauseMonitor-87145564-582e-4d08-b209-7a2296b785bc: Stopped
2024-02-09 18:36:11,637 [JvmPauseMonitor53] INFO  util.JvmPauseMonitor (JvmPauseMonitor.java:run(152)) - JvmPauseMonitor-408e6c3a-5292-4cb9-8087-08d5bb587f71: Stopped
2024-02-09 18:36:12,926 [ForkJoinPool.commonPool-worker-4] INFO  utils.DatanodeStoreCache (DatanodeStoreCache.java:shutdownCache(116)) - Skip clearing cache in mini cluster mode. Entries left: [/home/runner/work/ozone/ozone/hadoop-ozone/integration-test/target/test-dir/MiniOzoneClusterImpl-10a7684d-3d33-49d2-80ef-f5f5272a1eb0/datanode-2/data-0/containers/hdds/10a7684d-3d33-49d2-80ef-f5f5272a1eb0/DS-19547b0c-34e2-44bd-8024-97f43ba96895/container.db, /home/runner/work/ozone/ozone/hadoop-ozone/integration-test/target/test-dir/MiniOzoneClusterImpl-10a7684d-3d33-49d2-80ef-f5f5272a1eb0/datanode-3/data-0/containers/hdds/10a7684d-3d33-49d2-80ef-f5f5272a1eb0/DS-877b8892-bf95-4a21-84f9-279fd9a984c8/container.db, /home/runner/work/ozone/ozone/hadoop-ozone/integration-test/target/test-dir/MiniOzoneClusterImpl-10a7684d-3d33-49d2-80ef-f5f5272a1eb0/datanode-4/data-0/containers/hdds/10a7684d-3d33-49d2-80ef-f5f5272a1eb0/DS-648d9530-a775-4918-a815-4b116036c093/container.db, /home/runner/work/ozone/ozone/hadoop-ozone/integration-test/target/test-dir/MiniOzoneClusterImpl-10a7684d-3d33-49d2-80ef-f5f5272a1eb0/datanode-5/data-0/containers/hdds/10a7684d-3d33-49d2-80ef-f5f5272a1eb0/DS-228ed3c1-9205-4cfb-a76e-32e3815cea4d/container.db, /home/runner/work/ozone/ozone/hadoop-ozone/integration-test/target/test-dir/MiniOzoneClusterImpl-10a7684d-3d33-49d2-80ef-f5f5272a1eb0/datanode-6/data-0/containers/hdds/10a7684d-3d33-49d2-80ef-f5f5272a1eb0/DS-582452f8-d4c2-4124-b29a-e0971a69cf66/container.db, /home/runner/work/ozone/ozone/hadoop-ozone/integration-test/target/test-dir/MiniOzoneClusterImpl-10a7684d-3d33-49d2-80ef-f5f5272a1eb0/datanode-7/data-0/containers/hdds/10a7684d-3d33-49d2-80ef-f5f5272a1eb0/DS-3b4da911-e387-4413-8f4d-00f7ed38ddc8/container.db, /home/runner/work/ozone/ozone/hadoop-ozone/integration-test/target/test-dir/MiniOzoneClusterImpl-10a7684d-3d33-49d2-80ef-f5f5272a1eb0/datanode-8/data-0/containers/hdds/10a7684d-3d33-49d2-80ef-f5f5272a1eb0/DS-a22aaa58-7673-488c-af28-ecead3820f80/container.db]
2024-02-09 18:36:12,928 [ForkJoinPool.commonPool-worker-4] INFO  utils.DatanodeStoreCache (DatanodeStoreCache.java:removeDB(110)) - Removed db /home/runner/work/ozone/ozone/hadoop-ozone/integration-test/target/test-dir/MiniOzoneClusterImpl-10a7684d-3d33-49d2-80ef-f5f5272a1eb0/datanode-2/data-0/containers/hdds/10a7684d-3d33-49d2-80ef-f5f5272a1eb0/DS-19547b0c-34e2-44bd-8024-97f43ba96895/container.db from cache
2024-02-09 18:36:12,928 [ForkJoinPool.commonPool-worker-4] INFO  volume.HddsVolume (HddsVolume.java:closeDbStore(451)) - SchemaV3 db is stopped at /home/runner/work/ozone/ozone/hadoop-ozone/integration-test/target/test-dir/MiniOzoneClusterImpl-10a7684d-3d33-49d2-80ef-f5f5272a1eb0/datanode-2/data-0/containers/hdds/10a7684d-3d33-49d2-80ef-f5f5272a1eb0/DS-19547b0c-34e2-44bd-8024-97f43ba96895/container.db for volume DS-19547b0c-34e2-44bd-8024-97f43ba96895
2024-02-09 18:36:12,928 [ForkJoinPool.commonPool-worker-4] INFO  utils.BackgroundService (BackgroundService.java:shutdown(160)) - Shutting down service BlockDeletingService
2024-02-09 18:36:12,929 [ForkJoinPool.commonPool-worker-4] INFO  utils.BackgroundService (BackgroundService.java:shutdown(160)) - Shutting down service StaleRecoveringContainerScrubbingService
2024-02-09 18:36:12,929 [ForkJoinPool.commonPool-worker-4] INFO  statemachine.DatanodeStateMachine (DatanodeStateMachine.java:stopDaemon(638)) - Ozone container server stopped.
2024-02-09 18:36:12,931 [ForkJoinPool.commonPool-worker-4] INFO  handler.ContextHandler (ContextHandler.java:doStop(1159)) - Stopped o.e.j.w.WebAppContext@5ae897b5{hddsDatanode,/,null,STOPPED}{jar:file:/home/runner/.m2/repository/org/apache/ozone/hdds-container-service/1.5.0-SNAPSHOT/hdds-container-service-1.5.0-SNAPSHOT.jar!/webapps/hddsDatanode}
2024-02-09 18:36:12,931 [ForkJoinPool.commonPool-worker-4] INFO  server.AbstractConnector (AbstractConnector.java:doStop(383)) - Stopped ServerConnector@1b54dde{HTTP/1.1, (http/1.1)}{0.0.0.0:15383}
2024-02-09 18:36:12,932 [ForkJoinPool.commonPool-worker-4] INFO  server.session (HouseKeeper.java:stopScavenging(149)) - node0 Stopped scavenging
2024-02-09 18:36:12,932 [ForkJoinPool.commonPool-worker-4] INFO  handler.ContextHandler (ContextHandler.java:doStop(1159)) - Stopped o.e.j.s.ServletContextHandler@51adc0cc{static,/static,jar:file:/home/runner/.m2/repository/org/apache/ozone/hdds-container-service/1.5.0-SNAPSHOT/hdds-container-service-1.5.0-SNAPSHOT.jar!/webapps/static,STOPPED}
2024-02-09 18:36:12,933 [ForkJoinPool.commonPool-worker-4] INFO  handler.ContextHandler (ContextHandler.java:doStop(1159)) - Stopped o.e.j.s.ServletContextHandler@349cf2bf{logs,/logs,file:///home/runner/work/ozone/ozone/hadoop-ozone/integration-test/target/log,STOPPED}
2024-02-09 18:36:12,933 [ForkJoinPool.commonPool-worker-4] INFO  ozone.HddsDatanodeClientProtocolServer (HddsDatanodeClientProtocolServer.java:stop(78)) - Stopping the RPC server for Client Protocol
2024-02-09 18:36:12,934 [ForkJoinPool.commonPool-worker-4] INFO  ipc.Server (Server.java:stop(3523)) - Stopping server on 15384
2024-02-09 18:36:12,934 [IPC Server listener on 15384] INFO  ipc.Server (Server.java:run(1434)) - Stopping IPC Server listener on 15384
2024-02-09 18:36:12,934 [IPC Server Responder] INFO  ipc.Server (Server.java:run(1567)) - Stopping IPC Server Responder
2024-02-09 18:36:13,207 [ForkJoinPool.commonPool-worker-7] INFO  utils.DatanodeStoreCache (DatanodeStoreCache.java:shutdownCache(116)) - Skip clearing cache in mini cluster mode. Entries left: [/home/runner/work/ozone/ozone/hadoop-ozone/integration-test/target/test-dir/MiniOzoneClusterImpl-10a7684d-3d33-49d2-80ef-f5f5272a1eb0/datanode-3/data-0/containers/hdds/10a7684d-3d33-49d2-80ef-f5f5272a1eb0/DS-877b8892-bf95-4a21-84f9-279fd9a984c8/container.db, /home/runner/work/ozone/ozone/hadoop-ozone/integration-test/target/test-dir/MiniOzoneClusterImpl-10a7684d-3d33-49d2-80ef-f5f5272a1eb0/datanode-4/data-0/containers/hdds/10a7684d-3d33-49d2-80ef-f5f5272a1eb0/DS-648d9530-a775-4918-a815-4b116036c093/container.db, /home/runner/work/ozone/ozone/hadoop-ozone/integration-test/target/test-dir/MiniOzoneClusterImpl-10a7684d-3d33-49d2-80ef-f5f5272a1eb0/datanode-5/data-0/containers/hdds/10a7684d-3d33-49d2-80ef-f5f5272a1eb0/DS-228ed3c1-9205-4cfb-a76e-32e3815cea4d/container.db, /home/runner/work/ozone/ozone/hadoop-ozone/integration-test/target/test-dir/MiniOzoneClusterImpl-10a7684d-3d33-49d2-80ef-f5f5272a1eb0/datanode-6/data-0/containers/hdds/10a7684d-3d33-49d2-80ef-f5f5272a1eb0/DS-582452f8-d4c2-4124-b29a-e0971a69cf66/container.db, /home/runner/work/ozone/ozone/hadoop-ozone/integration-test/target/test-dir/MiniOzoneClusterImpl-10a7684d-3d33-49d2-80ef-f5f5272a1eb0/datanode-7/data-0/containers/hdds/10a7684d-3d33-49d2-80ef-f5f5272a1eb0/DS-3b4da911-e387-4413-8f4d-00f7ed38ddc8/container.db, /home/runner/work/ozone/ozone/hadoop-ozone/integration-test/target/test-dir/MiniOzoneClusterImpl-10a7684d-3d33-49d2-80ef-f5f5272a1eb0/datanode-8/data-0/containers/hdds/10a7684d-3d33-49d2-80ef-f5f5272a1eb0/DS-a22aaa58-7673-488c-af28-ecead3820f80/container.db]
2024-02-09 18:36:13,208 [ForkJoinPool.commonPool-worker-7] INFO  utils.DatanodeStoreCache (DatanodeStoreCache.java:removeDB(110)) - Removed db /home/runner/work/ozone/ozone/hadoop-ozone/integration-test/target/test-dir/MiniOzoneClusterImpl-10a7684d-3d33-49d2-80ef-f5f5272a1eb0/datanode-3/data-0/containers/hdds/10a7684d-3d33-49d2-80ef-f5f5272a1eb0/DS-877b8892-bf95-4a21-84f9-279fd9a984c8/container.db from cache
2024-02-09 18:36:13,208 [ForkJoinPool.commonPool-worker-7] INFO  volume.HddsVolume (HddsVolume.java:closeDbStore(451)) - SchemaV3 db is stopped at /home/runner/work/ozone/ozone/hadoop-ozone/integration-test/target/test-dir/MiniOzoneClusterImpl-10a7684d-3d33-49d2-80ef-f5f5272a1eb0/datanode-3/data-0/containers/hdds/10a7684d-3d33-49d2-80ef-f5f5272a1eb0/DS-877b8892-bf95-4a21-84f9-279fd9a984c8/container.db for volume DS-877b8892-bf95-4a21-84f9-279fd9a984c8
2024-02-09 18:36:13,208 [ForkJoinPool.commonPool-worker-7] INFO  utils.BackgroundService (BackgroundService.java:shutdown(160)) - Shutting down service BlockDeletingService
2024-02-09 18:36:13,209 [ForkJoinPool.commonPool-worker-7] INFO  utils.BackgroundService (BackgroundService.java:shutdown(160)) - Shutting down service StaleRecoveringContainerScrubbingService
2024-02-09 18:36:13,209 [ForkJoinPool.commonPool-worker-7] INFO  statemachine.DatanodeStateMachine (DatanodeStateMachine.java:stopDaemon(638)) - Ozone container server stopped.
2024-02-09 18:36:13,211 [ForkJoinPool.commonPool-worker-7] INFO  handler.ContextHandler (ContextHandler.java:doStop(1159)) - Stopped o.e.j.w.WebAppContext@2a2284b{hddsDatanode,/,null,STOPPED}{jar:file:/home/runner/.m2/repository/org/apache/ozone/hdds-container-service/1.5.0-SNAPSHOT/hdds-container-service-1.5.0-SNAPSHOT.jar!/webapps/hddsDatanode}
2024-02-09 18:36:13,211 [ForkJoinPool.commonPool-worker-7] INFO  server.AbstractConnector (AbstractConnector.java:doStop(383)) - Stopped ServerConnector@35fede0f{HTTP/1.1, (http/1.1)}{0.0.0.0:15392}
2024-02-09 18:36:13,212 [ForkJoinPool.commonPool-worker-7] INFO  server.session (HouseKeeper.java:stopScavenging(149)) - node0 Stopped scavenging
2024-02-09 18:36:13,212 [ForkJoinPool.commonPool-worker-7] INFO  handler.ContextHandler (ContextHandler.java:doStop(1159)) - Stopped o.e.j.s.ServletContextHandler@3de81082{static,/static,jar:file:/home/runner/.m2/repository/org/apache/ozone/hdds-container-service/1.5.0-SNAPSHOT/hdds-container-service-1.5.0-SNAPSHOT.jar!/webapps/static,STOPPED}
2024-02-09 18:36:13,213 [ForkJoinPool.commonPool-worker-7] INFO  handler.ContextHandler (ContextHandler.java:doStop(1159)) - Stopped o.e.j.s.ServletContextHandler@6ff846f4{logs,/logs,file:///home/runner/work/ozone/ozone/hadoop-ozone/integration-test/target/log,STOPPED}
2024-02-09 18:36:13,213 [ForkJoinPool.commonPool-worker-7] INFO  ozone.HddsDatanodeClientProtocolServer (HddsDatanodeClientProtocolServer.java:stop(78)) - Stopping the RPC server for Client Protocol
2024-02-09 18:36:13,214 [main] INFO  utils.DatanodeStoreCache (DatanodeStoreCache.java:shutdownCache(116)) - Skip clearing cache in mini cluster mode. Entries left: [/home/runner/work/ozone/ozone/hadoop-ozone/integration-test/target/test-dir/MiniOzoneClusterImpl-10a7684d-3d33-49d2-80ef-f5f5272a1eb0/datanode-4/data-0/containers/hdds/10a7684d-3d33-49d2-80ef-f5f5272a1eb0/DS-648d9530-a775-4918-a815-4b116036c093/container.db, /home/runner/work/ozone/ozone/hadoop-ozone/integration-test/target/test-dir/MiniOzoneClusterImpl-10a7684d-3d33-49d2-80ef-f5f5272a1eb0/datanode-5/data-0/containers/hdds/10a7684d-3d33-49d2-80ef-f5f5272a1eb0/DS-228ed3c1-9205-4cfb-a76e-32e3815cea4d/container.db, /home/runner/work/ozone/ozone/hadoop-ozone/integration-test/target/test-dir/MiniOzoneClusterImpl-10a7684d-3d33-49d2-80ef-f5f5272a1eb0/datanode-6/data-0/containers/hdds/10a7684d-3d33-49d2-80ef-f5f5272a1eb0/DS-582452f8-d4c2-4124-b29a-e0971a69cf66/container.db, /home/runner/work/ozone/ozone/hadoop-ozone/integration-test/target/test-dir/MiniOzoneClusterImpl-10a7684d-3d33-49d2-80ef-f5f5272a1eb0/datanode-7/data-0/containers/hdds/10a7684d-3d33-49d2-80ef-f5f5272a1eb0/DS-3b4da911-e387-4413-8f4d-00f7ed38ddc8/container.db, /home/runner/work/ozone/ozone/hadoop-ozone/integration-test/target/test-dir/MiniOzoneClusterImpl-10a7684d-3d33-49d2-80ef-f5f5272a1eb0/datanode-8/data-0/containers/hdds/10a7684d-3d33-49d2-80ef-f5f5272a1eb0/DS-a22aaa58-7673-488c-af28-ecead3820f80/container.db]
2024-02-09 18:36:13,214 [ForkJoinPool.commonPool-worker-7] INFO  ipc.Server (Server.java:stop(3523)) - Stopping server on 15393
2024-02-09 18:36:13,215 [main] INFO  utils.DatanodeStoreCache (DatanodeStoreCache.java:removeDB(110)) - Removed db /home/runner/work/ozone/ozone/hadoop-ozone/integration-test/target/test-dir/MiniOzoneClusterImpl-10a7684d-3d33-49d2-80ef-f5f5272a1eb0/datanode-5/data-0/containers/hdds/10a7684d-3d33-49d2-80ef-f5f5272a1eb0/DS-228ed3c1-9205-4cfb-a76e-32e3815cea4d/container.db from cache
2024-02-09 18:36:13,215 [main] INFO  volume.HddsVolume (HddsVolume.java:closeDbStore(451)) - SchemaV3 db is stopped at /home/runner/work/ozone/ozone/hadoop-ozone/integration-test/target/test-dir/MiniOzoneClusterImpl-10a7684d-3d33-49d2-80ef-f5f5272a1eb0/datanode-5/data-0/containers/hdds/10a7684d-3d33-49d2-80ef-f5f5272a1eb0/DS-228ed3c1-9205-4cfb-a76e-32e3815cea4d/container.db for volume DS-228ed3c1-9205-4cfb-a76e-32e3815cea4d
2024-02-09 18:36:13,215 [main] INFO  utils.BackgroundService (BackgroundService.java:shutdown(160)) - Shutting down service BlockDeletingService
2024-02-09 18:36:13,216 [IPC Server listener on 15393] INFO  ipc.Server (Server.java:run(1434)) - Stopping IPC Server listener on 15393
2024-02-09 18:36:13,216 [main] INFO  utils.BackgroundService (BackgroundService.java:shutdown(160)) - Shutting down service StaleRecoveringContainerScrubbingService
2024-02-09 18:36:13,219 [main] INFO  statemachine.DatanodeStateMachine (DatanodeStateMachine.java:stopDaemon(638)) - Ozone container server stopped.
2024-02-09 18:36:13,219 [IPC Server Responder] INFO  ipc.Server (Server.java:run(1567)) - Stopping IPC Server Responder
2024-02-09 18:36:13,220 [main] INFO  handler.ContextHandler (ContextHandler.java:doStop(1159)) - Stopped o.e.j.w.WebAppContext@4a563907{hddsDatanode,/,null,STOPPED}{jar:file:/home/runner/.m2/repository/org/apache/ozone/hdds-container-service/1.5.0-SNAPSHOT/hdds-container-service-1.5.0-SNAPSHOT.jar!/webapps/hddsDatanode}
2024-02-09 18:36:13,221 [main] INFO  server.AbstractConnector (AbstractConnector.java:doStop(383)) - Stopped ServerConnector@5227e657{HTTP/1.1, (http/1.1)}{0.0.0.0:15410}
2024-02-09 18:36:13,221 [main] INFO  server.session (HouseKeeper.java:stopScavenging(149)) - node0 Stopped scavenging
2024-02-09 18:36:13,221 [main] INFO  handler.ContextHandler (ContextHandler.java:doStop(1159)) - Stopped o.e.j.s.ServletContextHandler@5d0e31f8{static,/static,jar:file:/home/runner/.m2/repository/org/apache/ozone/hdds-container-service/1.5.0-SNAPSHOT/hdds-container-service-1.5.0-SNAPSHOT.jar!/webapps/static,STOPPED}
2024-02-09 18:36:13,221 [main] INFO  handler.ContextHandler (ContextHandler.java:doStop(1159)) - Stopped o.e.j.s.ServletContextHandler@551909ec{logs,/logs,file:///home/runner/work/ozone/ozone/hadoop-ozone/integration-test/target/log,STOPPED}
2024-02-09 18:36:13,222 [main] INFO  ozone.HddsDatanodeClientProtocolServer (HddsDatanodeClientProtocolServer.java:stop(78)) - Stopping the RPC server for Client Protocol
2024-02-09 18:36:13,222 [main] INFO  ipc.Server (Server.java:stop(3523)) - Stopping server on 15411
2024-02-09 18:36:13,223 [IPC Server listener on 15411] INFO  ipc.Server (Server.java:run(1434)) - Stopping IPC Server listener on 15411
2024-02-09 18:36:13,223 [IPC Server Responder] INFO  ipc.Server (Server.java:run(1567)) - Stopping IPC Server Responder
2024-02-09 18:36:13,251 [ForkJoinPool.commonPool-worker-6] INFO  utils.DatanodeStoreCache (DatanodeStoreCache.java:shutdownCache(116)) - Skip clearing cache in mini cluster mode. Entries left: [/home/runner/work/ozone/ozone/hadoop-ozone/integration-test/target/test-dir/MiniOzoneClusterImpl-10a7684d-3d33-49d2-80ef-f5f5272a1eb0/datanode-4/data-0/containers/hdds/10a7684d-3d33-49d2-80ef-f5f5272a1eb0/DS-648d9530-a775-4918-a815-4b116036c093/container.db, /home/runner/work/ozone/ozone/hadoop-ozone/integration-test/target/test-dir/MiniOzoneClusterImpl-10a7684d-3d33-49d2-80ef-f5f5272a1eb0/datanode-6/data-0/containers/hdds/10a7684d-3d33-49d2-80ef-f5f5272a1eb0/DS-582452f8-d4c2-4124-b29a-e0971a69cf66/container.db, /home/runner/work/ozone/ozone/hadoop-ozone/integration-test/target/test-dir/MiniOzoneClusterImpl-10a7684d-3d33-49d2-80ef-f5f5272a1eb0/datanode-7/data-0/containers/hdds/10a7684d-3d33-49d2-80ef-f5f5272a1eb0/DS-3b4da911-e387-4413-8f4d-00f7ed38ddc8/container.db, /home/runner/work/ozone/ozone/hadoop-ozone/integration-test/target/test-dir/MiniOzoneClusterImpl-10a7684d-3d33-49d2-80ef-f5f5272a1eb0/datanode-8/data-0/containers/hdds/10a7684d-3d33-49d2-80ef-f5f5272a1eb0/DS-a22aaa58-7673-488c-af28-ecead3820f80/container.db]
2024-02-09 18:36:13,252 [ForkJoinPool.commonPool-worker-6] INFO  utils.DatanodeStoreCache (DatanodeStoreCache.java:removeDB(110)) - Removed db /home/runner/work/ozone/ozone/hadoop-ozone/integration-test/target/test-dir/MiniOzoneClusterImpl-10a7684d-3d33-49d2-80ef-f5f5272a1eb0/datanode-4/data-0/containers/hdds/10a7684d-3d33-49d2-80ef-f5f5272a1eb0/DS-648d9530-a775-4918-a815-4b116036c093/container.db from cache
2024-02-09 18:36:13,252 [ForkJoinPool.commonPool-worker-6] INFO  volume.HddsVolume (HddsVolume.java:closeDbStore(451)) - SchemaV3 db is stopped at /home/runner/work/ozone/ozone/hadoop-ozone/integration-test/target/test-dir/MiniOzoneClusterImpl-10a7684d-3d33-49d2-80ef-f5f5272a1eb0/datanode-4/data-0/containers/hdds/10a7684d-3d33-49d2-80ef-f5f5272a1eb0/DS-648d9530-a775-4918-a815-4b116036c093/container.db for volume DS-648d9530-a775-4918-a815-4b116036c093
2024-02-09 18:36:13,252 [ForkJoinPool.commonPool-worker-6] INFO  utils.BackgroundService (BackgroundService.java:shutdown(160)) - Shutting down service BlockDeletingService
2024-02-09 18:36:13,252 [ForkJoinPool.commonPool-worker-6] INFO  utils.BackgroundService (BackgroundService.java:shutdown(160)) - Shutting down service StaleRecoveringContainerScrubbingService
2024-02-09 18:36:13,254 [ForkJoinPool.commonPool-worker-6] INFO  statemachine.DatanodeStateMachine (DatanodeStateMachine.java:stopDaemon(638)) - Ozone container server stopped.
2024-02-09 18:36:13,256 [ForkJoinPool.commonPool-worker-6] INFO  handler.ContextHandler (ContextHandler.java:doStop(1159)) - Stopped o.e.j.w.WebAppContext@6976e66f{hddsDatanode,/,null,STOPPED}{jar:file:/home/runner/.m2/repository/org/apache/ozone/hdds-container-service/1.5.0-SNAPSHOT/hdds-container-service-1.5.0-SNAPSHOT.jar!/webapps/hddsDatanode}
2024-02-09 18:36:13,257 [ForkJoinPool.commonPool-worker-6] INFO  server.AbstractConnector (AbstractConnector.java:doStop(383)) - Stopped ServerConnector@7af2ff91{HTTP/1.1, (http/1.1)}{0.0.0.0:15401}
2024-02-09 18:36:13,257 [ForkJoinPool.commonPool-worker-6] INFO  server.session (HouseKeeper.java:stopScavenging(149)) - node0 Stopped scavenging
2024-02-09 18:36:13,257 [ForkJoinPool.commonPool-worker-6] INFO  handler.ContextHandler (ContextHandler.java:doStop(1159)) - Stopped o.e.j.s.ServletContextHandler@4fe1d9a0{static,/static,jar:file:/home/runner/.m2/repository/org/apache/ozone/hdds-container-service/1.5.0-SNAPSHOT/hdds-container-service-1.5.0-SNAPSHOT.jar!/webapps/static,STOPPED}
2024-02-09 18:36:13,258 [ForkJoinPool.commonPool-worker-6] INFO  handler.ContextHandler (ContextHandler.java:doStop(1159)) - Stopped o.e.j.s.ServletContextHandler@11dd4ab9{logs,/logs,file:///home/runner/work/ozone/ozone/hadoop-ozone/integration-test/target/log,STOPPED}
2024-02-09 18:36:13,258 [ForkJoinPool.commonPool-worker-6] INFO  ozone.HddsDatanodeClientProtocolServer (HddsDatanodeClientProtocolServer.java:stop(78)) - Stopping the RPC server for Client Protocol
2024-02-09 18:36:13,259 [ForkJoinPool.commonPool-worker-6] INFO  ipc.Server (Server.java:stop(3523)) - Stopping server on 15402
2024-02-09 18:36:13,259 [IPC Server Responder] INFO  ipc.Server (Server.java:run(1567)) - Stopping IPC Server Responder
2024-02-09 18:36:13,259 [IPC Server listener on 15402] INFO  ipc.Server (Server.java:run(1434)) - Stopping IPC Server listener on 15402
2024-02-09 18:36:13,637 [ForkJoinPool.commonPool-worker-1] INFO  utils.DatanodeStoreCache (DatanodeStoreCache.java:shutdownCache(116)) - Skip clearing cache in mini cluster mode. Entries left: [/home/runner/work/ozone/ozone/hadoop-ozone/integration-test/target/test-dir/MiniOzoneClusterImpl-10a7684d-3d33-49d2-80ef-f5f5272a1eb0/datanode-6/data-0/containers/hdds/10a7684d-3d33-49d2-80ef-f5f5272a1eb0/DS-582452f8-d4c2-4124-b29a-e0971a69cf66/container.db, /home/runner/work/ozone/ozone/hadoop-ozone/integration-test/target/test-dir/MiniOzoneClusterImpl-10a7684d-3d33-49d2-80ef-f5f5272a1eb0/datanode-7/data-0/containers/hdds/10a7684d-3d33-49d2-80ef-f5f5272a1eb0/DS-3b4da911-e387-4413-8f4d-00f7ed38ddc8/container.db, /home/runner/work/ozone/ozone/hadoop-ozone/integration-test/target/test-dir/MiniOzoneClusterImpl-10a7684d-3d33-49d2-80ef-f5f5272a1eb0/datanode-8/data-0/containers/hdds/10a7684d-3d33-49d2-80ef-f5f5272a1eb0/DS-a22aaa58-7673-488c-af28-ecead3820f80/container.db]
2024-02-09 18:36:13,638 [ForkJoinPool.commonPool-worker-1] INFO  utils.DatanodeStoreCache (DatanodeStoreCache.java:removeDB(110)) - Removed db /home/runner/work/ozone/ozone/hadoop-ozone/integration-test/target/test-dir/MiniOzoneClusterImpl-10a7684d-3d33-49d2-80ef-f5f5272a1eb0/datanode-8/data-0/containers/hdds/10a7684d-3d33-49d2-80ef-f5f5272a1eb0/DS-a22aaa58-7673-488c-af28-ecead3820f80/container.db from cache
2024-02-09 18:36:13,639 [ForkJoinPool.commonPool-worker-1] INFO  volume.HddsVolume (HddsVolume.java:closeDbStore(451)) - SchemaV3 db is stopped at /home/runner/work/ozone/ozone/hadoop-ozone/integration-test/target/test-dir/MiniOzoneClusterImpl-10a7684d-3d33-49d2-80ef-f5f5272a1eb0/datanode-8/data-0/containers/hdds/10a7684d-3d33-49d2-80ef-f5f5272a1eb0/DS-a22aaa58-7673-488c-af28-ecead3820f80/container.db for volume DS-a22aaa58-7673-488c-af28-ecead3820f80
2024-02-09 18:36:13,639 [ForkJoinPool.commonPool-worker-1] INFO  utils.BackgroundService (BackgroundService.java:shutdown(160)) - Shutting down service BlockDeletingService
2024-02-09 18:36:13,639 [ForkJoinPool.commonPool-worker-0] INFO  utils.DatanodeStoreCache (DatanodeStoreCache.java:shutdownCache(116)) - Skip clearing cache in mini cluster mode. Entries left: [/home/runner/work/ozone/ozone/hadoop-ozone/integration-test/target/test-dir/MiniOzoneClusterImpl-10a7684d-3d33-49d2-80ef-f5f5272a1eb0/datanode-6/data-0/containers/hdds/10a7684d-3d33-49d2-80ef-f5f5272a1eb0/DS-582452f8-d4c2-4124-b29a-e0971a69cf66/container.db, /home/runner/work/ozone/ozone/hadoop-ozone/integration-test/target/test-dir/MiniOzoneClusterImpl-10a7684d-3d33-49d2-80ef-f5f5272a1eb0/datanode-7/data-0/containers/hdds/10a7684d-3d33-49d2-80ef-f5f5272a1eb0/DS-3b4da911-e387-4413-8f4d-00f7ed38ddc8/container.db]
2024-02-09 18:36:13,639 [ForkJoinPool.commonPool-worker-5] INFO  utils.DatanodeStoreCache (DatanodeStoreCache.java:shutdownCache(116)) - Skip clearing cache in mini cluster mode. Entries left: [/home/runner/work/ozone/ozone/hadoop-ozone/integration-test/target/test-dir/MiniOzoneClusterImpl-10a7684d-3d33-49d2-80ef-f5f5272a1eb0/datanode-6/data-0/containers/hdds/10a7684d-3d33-49d2-80ef-f5f5272a1eb0/DS-582452f8-d4c2-4124-b29a-e0971a69cf66/container.db, /home/runner/work/ozone/ozone/hadoop-ozone/integration-test/target/test-dir/MiniOzoneClusterImpl-10a7684d-3d33-49d2-80ef-f5f5272a1eb0/datanode-7/data-0/containers/hdds/10a7684d-3d33-49d2-80ef-f5f5272a1eb0/DS-3b4da911-e387-4413-8f4d-00f7ed38ddc8/container.db]
2024-02-09 18:36:13,640 [ForkJoinPool.commonPool-worker-1] INFO  utils.BackgroundService (BackgroundService.java:shutdown(160)) - Shutting down service StaleRecoveringContainerScrubbingService
2024-02-09 18:36:13,641 [ForkJoinPool.commonPool-worker-0] INFO  utils.DatanodeStoreCache (DatanodeStoreCache.java:removeDB(110)) - Removed db /home/runner/work/ozone/ozone/hadoop-ozone/integration-test/target/test-dir/MiniOzoneClusterImpl-10a7684d-3d33-49d2-80ef-f5f5272a1eb0/datanode-6/data-0/containers/hdds/10a7684d-3d33-49d2-80ef-f5f5272a1eb0/DS-582452f8-d4c2-4124-b29a-e0971a69cf66/container.db from cache
2024-02-09 18:36:13,641 [ForkJoinPool.commonPool-worker-5] INFO  utils.DatanodeStoreCache (DatanodeStoreCache.java:removeDB(110)) - Removed db /home/runner/work/ozone/ozone/hadoop-ozone/integration-test/target/test-dir/MiniOzoneClusterImpl-10a7684d-3d33-49d2-80ef-f5f5272a1eb0/datanode-7/data-0/containers/hdds/10a7684d-3d33-49d2-80ef-f5f5272a1eb0/DS-3b4da911-e387-4413-8f4d-00f7ed38ddc8/container.db from cache
2024-02-09 18:36:13,641 [ForkJoinPool.commonPool-worker-5] INFO  volume.HddsVolume (HddsVolume.java:closeDbStore(451)) - SchemaV3 db is stopped at /home/runner/work/ozone/ozone/hadoop-ozone/integration-test/target/test-dir/MiniOzoneClusterImpl-10a7684d-3d33-49d2-80ef-f5f5272a1eb0/datanode-7/data-0/containers/hdds/10a7684d-3d33-49d2-80ef-f5f5272a1eb0/DS-3b4da911-e387-4413-8f4d-00f7ed38ddc8/container.db for volume DS-3b4da911-e387-4413-8f4d-00f7ed38ddc8
2024-02-09 18:36:13,641 [ForkJoinPool.commonPool-worker-0] INFO  volume.HddsVolume (HddsVolume.java:closeDbStore(451)) - SchemaV3 db is stopped at /home/runner/work/ozone/ozone/hadoop-ozone/integration-test/target/test-dir/MiniOzoneClusterImpl-10a7684d-3d33-49d2-80ef-f5f5272a1eb0/datanode-6/data-0/containers/hdds/10a7684d-3d33-49d2-80ef-f5f5272a1eb0/DS-582452f8-d4c2-4124-b29a-e0971a69cf66/container.db for volume DS-582452f8-d4c2-4124-b29a-e0971a69cf66
2024-02-09 18:36:13,641 [ForkJoinPool.commonPool-worker-5] INFO  utils.BackgroundService (BackgroundService.java:shutdown(160)) - Shutting down service BlockDeletingService
2024-02-09 18:36:13,641 [ForkJoinPool.commonPool-worker-5] INFO  utils.BackgroundService (BackgroundService.java:shutdown(160)) - Shutting down service StaleRecoveringContainerScrubbingService
2024-02-09 18:36:13,642 [ForkJoinPool.commonPool-worker-1] INFO  statemachine.DatanodeStateMachine (DatanodeStateMachine.java:stopDaemon(638)) - Ozone container server stopped.
2024-02-09 18:36:13,642 [ForkJoinPool.commonPool-worker-0] INFO  utils.BackgroundService (BackgroundService.java:shutdown(160)) - Shutting down service BlockDeletingService
2024-02-09 18:36:13,644 [ForkJoinPool.commonPool-worker-5] INFO  statemachine.DatanodeStateMachine (DatanodeStateMachine.java:stopDaemon(638)) - Ozone container server stopped.
2024-02-09 18:36:13,644 [ForkJoinPool.commonPool-worker-0] INFO  utils.BackgroundService (BackgroundService.java:shutdown(160)) - Shutting down service StaleRecoveringContainerScrubbingService
2024-02-09 18:36:13,646 [ForkJoinPool.commonPool-worker-5] INFO  handler.ContextHandler (ContextHandler.java:doStop(1159)) - Stopped o.e.j.w.WebAppContext@55fd5bae{hddsDatanode,/,null,STOPPED}{jar:file:/home/runner/.m2/repository/org/apache/ozone/hdds-container-service/1.5.0-SNAPSHOT/hdds-container-service-1.5.0-SNAPSHOT.jar!/webapps/hddsDatanode}
2024-02-09 18:36:13,647 [ForkJoinPool.commonPool-worker-0] INFO  statemachine.DatanodeStateMachine (DatanodeStateMachine.java:stopDaemon(638)) - Ozone container server stopped.
2024-02-09 18:36:13,648 [ForkJoinPool.commonPool-worker-1] INFO  handler.ContextHandler (ContextHandler.java:doStop(1159)) - Stopped o.e.j.w.WebAppContext@15be4eb0{hddsDatanode,/,null,STOPPED}{jar:file:/home/runner/.m2/repository/org/apache/ozone/hdds-container-service/1.5.0-SNAPSHOT/hdds-container-service-1.5.0-SNAPSHOT.jar!/webapps/hddsDatanode}
2024-02-09 18:36:13,648 [ForkJoinPool.commonPool-worker-0] INFO  handler.ContextHandler (ContextHandler.java:doStop(1159)) - Stopped o.e.j.w.WebAppContext@28936392{hddsDatanode,/,null,STOPPED}{jar:file:/home/runner/.m2/repository/org/apache/ozone/hdds-container-service/1.5.0-SNAPSHOT/hdds-container-service-1.5.0-SNAPSHOT.jar!/webapps/hddsDatanode}
2024-02-09 18:36:13,648 [ForkJoinPool.commonPool-worker-1] INFO  server.AbstractConnector (AbstractConnector.java:doStop(383)) - Stopped ServerConnector@1437f717{HTTP/1.1, (http/1.1)}{0.0.0.0:15437}
2024-02-09 18:36:13,648 [ForkJoinPool.commonPool-worker-1] INFO  server.session (HouseKeeper.java:stopScavenging(149)) - node0 Stopped scavenging
2024-02-09 18:36:13,648 [ForkJoinPool.commonPool-worker-5] INFO  server.AbstractConnector (AbstractConnector.java:doStop(383)) - Stopped ServerConnector@760e84b0{HTTP/1.1, (http/1.1)}{0.0.0.0:15428}
2024-02-09 18:36:13,648 [ForkJoinPool.commonPool-worker-1] INFO  handler.ContextHandler (ContextHandler.java:doStop(1159)) - Stopped o.e.j.s.ServletContextHandler@3980412e{static,/static,jar:file:/home/runner/.m2/repository/org/apache/ozone/hdds-container-service/1.5.0-SNAPSHOT/hdds-container-service-1.5.0-SNAPSHOT.jar!/webapps/static,STOPPED}
2024-02-09 18:36:13,649 [ForkJoinPool.commonPool-worker-0] INFO  server.AbstractConnector (AbstractConnector.java:doStop(383)) - Stopped ServerConnector@3427fb95{HTTP/1.1, (http/1.1)}{0.0.0.0:15419}
2024-02-09 18:36:13,649 [ForkJoinPool.commonPool-worker-1] INFO  handler.ContextHandler (ContextHandler.java:doStop(1159)) - Stopped o.e.j.s.ServletContextHandler@37f1249e{logs,/logs,file:///home/runner/work/ozone/ozone/hadoop-ozone/integration-test/target/log,STOPPED}
2024-02-09 18:36:13,649 [ForkJoinPool.commonPool-worker-0] INFO  server.session (HouseKeeper.java:stopScavenging(149)) - node0 Stopped scavenging
2024-02-09 18:36:13,649 [ForkJoinPool.commonPool-worker-0] INFO  handler.ContextHandler (ContextHandler.java:doStop(1159)) - Stopped o.e.j.s.ServletContextHandler@3da6d854{static,/static,jar:file:/home/runner/.m2/repository/org/apache/ozone/hdds-container-service/1.5.0-SNAPSHOT/hdds-container-service-1.5.0-SNAPSHOT.jar!/webapps/static,STOPPED}
2024-02-09 18:36:13,649 [ForkJoinPool.commonPool-worker-0] INFO  handler.ContextHandler (ContextHandler.java:doStop(1159)) - Stopped o.e.j.s.ServletContextHandler@7809e39{logs,/logs,file:///home/runner/work/ozone/ozone/hadoop-ozone/integration-test/target/log,STOPPED}
2024-02-09 18:36:13,649 [ForkJoinPool.commonPool-worker-1] INFO  ozone.HddsDatanodeClientProtocolServer (HddsDatanodeClientProtocolServer.java:stop(78)) - Stopping the RPC server for Client Protocol
2024-02-09 18:36:13,648 [ForkJoinPool.commonPool-worker-5] INFO  server.session (HouseKeeper.java:stopScavenging(149)) - node0 Stopped scavenging
2024-02-09 18:36:13,650 [ForkJoinPool.commonPool-worker-1] INFO  ipc.Server (Server.java:stop(3523)) - Stopping server on 15438
2024-02-09 18:36:13,650 [ForkJoinPool.commonPool-worker-5] INFO  handler.ContextHandler (ContextHandler.java:doStop(1159)) - Stopped o.e.j.s.ServletContextHandler@1d442b80{static,/static,jar:file:/home/runner/.m2/repository/org/apache/ozone/hdds-container-service/1.5.0-SNAPSHOT/hdds-container-service-1.5.0-SNAPSHOT.jar!/webapps/static,STOPPED}
2024-02-09 18:36:13,650 [ForkJoinPool.commonPool-worker-0] INFO  ozone.HddsDatanodeClientProtocolServer (HddsDatanodeClientProtocolServer.java:stop(78)) - Stopping the RPC server for Client Protocol
2024-02-09 18:36:13,650 [ForkJoinPool.commonPool-worker-5] INFO  handler.ContextHandler (ContextHandler.java:doStop(1159)) - Stopped o.e.j.s.ServletContextHandler@33f957ae{logs,/logs,file:///home/runner/work/ozone/ozone/hadoop-ozone/integration-test/target/log,STOPPED}
2024-02-09 18:36:13,651 [IPC Server listener on 15438] INFO  ipc.Server (Server.java:run(1434)) - Stopping IPC Server listener on 15438
2024-02-09 18:36:13,650 [ForkJoinPool.commonPool-worker-0] INFO  ipc.Server (Server.java:stop(3523)) - Stopping server on 15420
2024-02-09 18:36:13,651 [IPC Server Responder] INFO  ipc.Server (Server.java:run(1567)) - Stopping IPC Server Responder
2024-02-09 18:36:13,652 [IPC Server listener on 15420] INFO  ipc.Server (Server.java:run(1434)) - Stopping IPC Server listener on 15420
2024-02-09 18:36:13,652 [IPC Server Responder] INFO  ipc.Server (Server.java:run(1567)) - Stopping IPC Server Responder
2024-02-09 18:36:13,653 [ForkJoinPool.commonPool-worker-5] INFO  ozone.HddsDatanodeClientProtocolServer (HddsDatanodeClientProtocolServer.java:stop(78)) - Stopping the RPC server for Client Protocol
2024-02-09 18:36:13,653 [ForkJoinPool.commonPool-worker-5] INFO  ipc.Server (Server.java:stop(3523)) - Stopping server on 15429
2024-02-09 18:36:13,654 [IPC Server listener on 15429] INFO  ipc.Server (Server.java:run(1434)) - Stopping IPC Server listener on 15429
2024-02-09 18:36:13,654 [IPC Server Responder] INFO  ipc.Server (Server.java:run(1567)) - Stopping IPC Server Responder
2024-02-09 18:36:13,655 [main] INFO  ozone.MiniOzoneClusterImpl (MiniOzoneClusterImpl.java:stopSCM(542)) - Stopping the StorageContainerManager
2024-02-09 18:36:13,655 [main] INFO  server.StorageContainerManager (StorageContainerManager.java:stop(1653)) - Container Balancer is not running.
2024-02-09 18:36:13,655 [main] INFO  server.StorageContainerManager (StorageContainerManager.java:stopReplicationManager(1786)) - Stopping Replication Manager Service.
2024-02-09 18:36:13,655 [main] INFO  replication.ReplicationManager (ReplicationManager.java:stop(327)) - Stopping Replication Monitor Thread.
2024-02-09 18:36:13,656 [main] INFO  server.StorageContainerManager (StorageContainerManager.java:stop(1662)) - Stopping the Datanode Admin Monitor.
2024-02-09 18:36:13,656 [ReplicationMonitor] INFO  replication.ReplicationManager (ReplicationManager.java:run(934)) - Replication Monitor Thread is stopped
2024-02-09 18:36:13,656 [OverReplicatedProcessor] WARN  replication.UnhealthyReplicationProcessor (UnhealthyReplicationProcessor.java:run(180)) - OverReplicatedProcessor interrupted. Exiting...
2024-02-09 18:36:13,656 [UnderReplicatedProcessor] WARN  replication.UnhealthyReplicationProcessor (UnhealthyReplicationProcessor.java:run(180)) - UnderReplicatedProcessor interrupted. Exiting...
2024-02-09 18:36:13,656 [main] INFO  server.StorageContainerManager (StorageContainerManager.java:stop(1669)) - Stopping datanode service RPC server
2024-02-09 18:36:13,656 [main] INFO  server.SCMDatanodeProtocolServer (SCMDatanodeProtocolServer.java:stop(425)) - Stopping the RPC server for DataNodes
2024-02-09 18:36:13,656 [main] INFO  ipc.Server (Server.java:stop(3523)) - Stopping server on 15358
2024-02-09 18:36:13,658 [IPC Server listener on 15358] INFO  ipc.Server (Server.java:run(1434)) - Stopping IPC Server listener on 15358
2024-02-09 18:36:13,658 [IPC Server Responder] INFO  ipc.Server (Server.java:run(1567)) - Stopping IPC Server Responder
2024-02-09 18:36:13,737 [SCMHeartbeatProcessor-0] WARN  node.NodeStateManager (NodeStateManager.java:scheduleNextHealthCheck(878)) - Current Thread is interrupted, shutting down HB processing thread for Node Manager.
2024-02-09 18:36:13,737 [main] INFO  server.StorageContainerManager (StorageContainerManager.java:stop(1677)) - Stopping block service RPC server
2024-02-09 18:36:13,738 [main] INFO  server.SCMBlockProtocolServer (SCMBlockProtocolServer.java:stop(169)) - Stopping the RPC server for Block Protocol
2024-02-09 18:36:13,738 [main] INFO  ipc.Server (Server.java:stop(3523)) - Stopping server on 15357
2024-02-09 18:36:13,740 [IPC Server listener on 15357] INFO  ipc.Server (Server.java:run(1434)) - Stopping IPC Server listener on 15357
2024-02-09 18:36:13,740 [IPC Server Responder] INFO  ipc.Server (Server.java:run(1567)) - Stopping IPC Server Responder
2024-02-09 18:36:13,740 [main] INFO  server.StorageContainerManager (StorageContainerManager.java:stop(1684)) - Stopping the StorageContainerLocationProtocol RPC server
2024-02-09 18:36:13,741 [main] INFO  server.SCMClientProtocolServer (SCMClientProtocolServer.java:stop(212)) - Stopping the RPC server for Client Protocol
2024-02-09 18:36:13,741 [main] INFO  ipc.Server (Server.java:stop(3523)) - Stopping server on 15356
2024-02-09 18:36:13,742 [IPC Server listener on 15356] INFO  ipc.Server (Server.java:run(1434)) - Stopping IPC Server listener on 15356
2024-02-09 18:36:13,742 [IPC Server Responder] INFO  ipc.Server (Server.java:run(1567)) - Stopping IPC Server Responder
2024-02-09 18:36:13,743 [main] INFO  server.StorageContainerManager (StorageContainerManager.java:stop(1691)) - Stopping Storage Container Manager HTTP server.
2024-02-09 18:36:13,744 [main] INFO  handler.ContextHandler (ContextHandler.java:doStop(1159)) - Stopped o.e.j.w.WebAppContext@59c84058{scm,/,null,STOPPED}{file:/home/runner/work/ozone/ozone/hadoop-ozone/integration-test/target/test-classes/webapps/scm}
2024-02-09 18:36:13,744 [main] INFO  server.AbstractConnector (AbstractConnector.java:doStop(383)) - Stopped ServerConnector@74ed1671{HTTP/1.1, (http/1.1)}{0.0.0.0:15359}
2024-02-09 18:36:13,745 [main] INFO  server.session (HouseKeeper.java:stopScavenging(149)) - node0 Stopped scavenging
2024-02-09 18:36:13,745 [main] INFO  handler.ContextHandler (ContextHandler.java:doStop(1159)) - Stopped o.e.j.s.ServletContextHandler@269e0783{static,/static,file:///home/runner/work/ozone/ozone/hadoop-ozone/integration-test/target/test-classes/webapps/static,STOPPED}
2024-02-09 18:36:13,745 [main] INFO  handler.ContextHandler (ContextHandler.java:doStop(1159)) - Stopped o.e.j.s.ServletContextHandler@7953145f{logs,/logs,file:///home/runner/work/ozone/ozone/hadoop-ozone/integration-test/target/log,STOPPED}
2024-02-09 18:36:13,746 [main] INFO  server.StorageContainerManager (StorageContainerManager.java:stop(1699)) - Stopping SCM LayoutVersionManager Service.
2024-02-09 18:36:13,746 [main] INFO  server.StorageContainerManager (StorageContainerManager.java:stop(1711)) - Stopping Block Manager Service.
2024-02-09 18:36:13,746 [main] INFO  utils.BackgroundService (BackgroundService.java:shutdown(160)) - Shutting down service SCMBlockDeletingService
2024-02-09 18:36:13,747 [main] INFO  utils.BackgroundService (BackgroundService.java:shutdown(160)) - Shutting down service SCMBlockDeletingService
2024-02-09 18:36:13,747 [main] INFO  server.StorageContainerManager (StorageContainerManager.java:stop(1731)) - Stopping SCM Event Queue.
2024-02-09 18:36:13,748 [JvmPauseMonitor44] INFO  util.JvmPauseMonitor (JvmPauseMonitor.java:run(152)) - JvmPauseMonitor-29a3679e-5373-46b6-b3ed-c8f57b10146e: Stopped
2024-02-09 18:36:13,748 [main] INFO  server.StorageContainerManager (StorageContainerManager.java:stop(1742)) - Stopping SCM HA services.
2024-02-09 18:36:13,748 [main] INFO  pipeline.BackgroundPipelineCreator (BackgroundPipelineCreator.java:stop(152)) - Stopping RatisPipelineUtilsThread.
2024-02-09 18:36:13,748 [RatisPipelineUtilsThread-0] WARN  pipeline.BackgroundPipelineCreator (BackgroundPipelineCreator.java:run(183)) - RatisPipelineUtilsThread is interrupted.
2024-02-09 18:36:13,748 [main] INFO  BackgroundPipelineScrubber (BackgroundSCMService.java:stop(128)) - Stopping BackgroundPipelineScrubber Service.
2024-02-09 18:36:13,749 [main] INFO  impl.MetricsSystemImpl (MetricsSystemImpl.java:stop(210)) - Stopping HddsDatanode metrics system...
2024-02-09 18:36:13,748 [BackgroundPipelineScrubber] WARN  BackgroundPipelineScrubber (BackgroundSCMService.java:run(112)) - BackgroundPipelineScrubber is interrupted, exit
2024-02-09 18:36:13,752 [prometheus] INFO  impl.MetricsSinkAdapter (MetricsSinkAdapter.java:publishMetricsFromQueue(141)) - prometheus thread interrupted.
2024-02-09 18:36:13,752 [main] INFO  impl.MetricsSystemImpl (MetricsSystemImpl.java:stop(216)) - HddsDatanode metrics system stopped.
2024-02-09 18:36:13,755 [main] WARN  pipeline.BackgroundPipelineCreator (BackgroundPipelineCreator.java:stop(148)) - RatisPipelineUtilsThread is not running, just ignore.
2024-02-09 18:36:13,755 [main] INFO  BackgroundPipelineScrubber (BackgroundSCMService.java:stop(123)) - BackgroundPipelineScrubber Service is not running, skip stop.
2024-02-09 18:36:13,756 [main] INFO  ExpiredContainerReplicaOpScrubber (BackgroundSCMService.java:stop(128)) - Stopping ExpiredContainerReplicaOpScrubber Service.
2024-02-09 18:36:13,756 [ExpiredContainerReplicaOpScrubber] WARN  ExpiredContainerReplicaOpScrubber (BackgroundSCMService.java:run(112)) - ExpiredContainerReplicaOpScrubber is interrupted, exit
2024-02-09 18:36:13,756 [main] INFO  utils.BackgroundService (BackgroundService.java:shutdown(160)) - Shutting down service SCMBlockDeletingService
2024-02-09 18:36:13,756 [main] INFO  replication.ReplicationManager (ReplicationManager.java:stop(337)) - Replication Monitor Thread is not running.
2024-02-09 18:36:13,756 [main] WARN  balancer.ContainerBalancer (ContainerBalancer.java:stop(327)) - Cannot stop Container Balancer because it's not running or stopping
2024-02-09 18:36:13,756 [LeaseManager#LeaseMonitor] WARN  lease.LeaseManager (LeaseManager.java:run(287)) - Lease manager is interrupted. Shutting down...
java.lang.InterruptedException
	at java.util.concurrent.locks.AbstractQueuedSynchronizer.doAcquireSharedNanos(AbstractQueuedSynchronizer.java:1039)
	at java.util.concurrent.locks.AbstractQueuedSynchronizer.tryAcquireSharedNanos(AbstractQueuedSynchronizer.java:1328)
	at java.util.concurrent.Semaphore.tryAcquire(Semaphore.java:409)
	at org.apache.hadoop.ozone.lease.LeaseManager$LeaseMonitor.run(LeaseManager.java:285)
	at java.lang.Thread.run(Thread.java:750)
2024-02-09 18:36:13,756 [main] INFO  server.StorageContainerManager (StorageContainerManager.java:stop(1777)) - Stopping SCM MetadataStore.
]]></system-out>
    </flakyFailure>
  </testcase>
  <testcase name="testWatchForCommitForGroupMismatchException" classname="org.apache.hadoop.ozone.client.rpc.TestWatchForCommit" time="26.847"/>
  <testcase name="test2WayCommitForTimeoutException" classname="org.apache.hadoop.ozone.client.rpc.TestWatchForCommit" time="24.833"/>
</testsuite>