<?xml version="1.0" encoding="UTF-8"?>
<testsuite xmlns:xsi="http://www.w3.org/2001/XMLSchema-instance" xsi:noNamespaceSchemaLocation="https://maven.apache.org/surefire/maven-surefire-plugin/xsd/surefire-test-report.xsd" name="org.apache.hadoop.ozone.container.common.statemachine.commandhandler.TestBlockDeletion" time="230.314" tests="3" errors="0" skipped="0" failures="1">
  <properties>
    <property name="awt.toolkit" value="sun.awt.X11.XToolkit"/>
    <property name="file.encoding.pkg" value="sun.io"/>
    <property name="java.specification.version" value="1.8"/>
    <property name="sun.cpu.isalist" value=""/>
    <property name="sun.jnu.encoding" value="UTF-8"/>
    <property name="java.class.path" value="/home/runner/work/ozone/ozone/hadoop-ozone/integration-test/target/test-classes:/home/runner/work/ozone/ozone/hadoop-ozone/integration-test/target/classes:/home/runner/.m2/repository/org/apache/ozone/ozone-common/1.2.0-SNAPSHOT/ozone-common-1.2.0-SNAPSHOT.jar:/home/runner/.m2/repository/org/apache/commons/commons-compress/1.20/commons-compress-1.20.jar:/home/runner/.m2/repository/org/apache/ozone/hdds-common/1.2.0-SNAPSHOT/hdds-common-1.2.0-SNAPSHOT.jar:/home/runner/.m2/repository/org/apache/ozone/hdds-client/1.2.0-SNAPSHOT/hdds-client-1.2.0-SNAPSHOT.jar:/home/runner/.m2/repository/org/apache/ozone/ozone-interface-client/1.2.0-SNAPSHOT/ozone-interface-client-1.2.0-SNAPSHOT.jar:/home/runner/.m2/repository/org/apache/ozone/hdds-server-framework/1.2.0-SNAPSHOT/hdds-server-framework-1.2.0-SNAPSHOT.jar:/home/runner/.m2/repository/org/apache/ozone/hdds-interface-server/1.2.0-SNAPSHOT/hdds-interface-server-1.2.0-SNAPSHOT.jar:/home/runner/.m2/repository/org/eclipse/jetty/jetty-servlet/9.4.43.v20210629/jetty-servlet-9.4.43.v20210629.jar:/home/runner/.m2/repository/org/eclipse/jetty/jetty-security/9.4.43.v20210629/jetty-security-9.4.43.v20210629.jar:/home/runner/.m2/repository/org/rocksdb/rocksdbjni/6.20.3/rocksdbjni-6.20.3.jar:/home/runner/.m2/repository/io/prometheus/simpleclient_dropwizard/0.7.0/simpleclient_dropwizard-0.7.0.jar:/home/runner/.m2/repository/io/prometheus/simpleclient/0.7.0/simpleclient-0.7.0.jar:/home/runner/.m2/repository/io/prometheus/simpleclient_common/0.7.0/simpleclient_common-0.7.0.jar:/home/runner/.m2/repository/com/fasterxml/jackson/datatype/jackson-datatype-jsr310/2.12.1/jackson-datatype-jsr310-2.12.1.jar:/home/runner/.m2/repository/org/apache/ozone/hdds-test-utils/1.2.0-SNAPSHOT/hdds-test-utils-1.2.0-SNAPSHOT.jar:/home/runner/.m2/repository/com/google/guava/guava/30.1.1-jre/guava-30.1.1-jre.jar:/home/runner/.m2/repository/com/google/guava/failureaccess/1.0.1/failureaccess-1.0.1.jar:/home/runner/.m2/repository/com/google/guava/listenablefuture/9999.0-empty-to-avoid-conflict-with-guava/listenablefuture-9999.0-empty-to-avoid-conflict-with-guava.jar:/home/runner/.m2/repository/com/google/code/findbugs/jsr305/3.0.0/jsr305-3.0.0.jar:/home/runner/.m2/repository/org/checkerframework/checker-qual/3.8.0/checker-qual-3.8.0.jar:/home/runner/.m2/repository/com/google/errorprone/error_prone_annotations/2.2.0/error_prone_annotations-2.2.0.jar:/home/runner/.m2/repository/com/google/j2objc/j2objc-annotations/1.3/j2objc-annotations-1.3.jar:/home/runner/.m2/repository/commons-io/commons-io/2.8.0/commons-io-2.8.0.jar:/home/runner/.m2/repository/commons-logging/commons-logging/1.2/commons-logging-1.2.jar:/home/runner/.m2/repository/log4j/log4j/1.2.17/log4j-1.2.17.jar:/home/runner/.m2/repository/org/slf4j/slf4j-api/1.7.30/slf4j-api-1.7.30.jar:/home/runner/.m2/repository/org/apache/ozone/hdds-server-scm/1.2.0-SNAPSHOT/hdds-server-scm-1.2.0-SNAPSHOT.jar:/home/runner/.m2/repository/org/apache/ozone/hdds-container-service/1.2.0-SNAPSHOT/hdds-container-service-1.2.0-SNAPSHOT.jar:/home/runner/.m2/repository/org/apache/ozone/hdds-hadoop-dependency-server/1.2.0-SNAPSHOT/hdds-hadoop-dependency-server-1.2.0-SNAPSHOT.jar:/home/runner/.m2/repository/org/apache/hadoop/hadoop-hdfs/3.3.1/hadoop-hdfs-3.3.1.jar:/home/runner/.m2/repository/io/dropwizard/metrics/metrics-core/3.2.4/metrics-core-3.2.4.jar:/home/runner/.m2/repository/org/apache/hadoop/hadoop-hdfs-client/3.3.1/hadoop-hdfs-client-3.3.1.jar:/home/runner/.m2/repository/org/bouncycastle/bcprov-jdk15on/1.67/bcprov-jdk15on-1.67.jar:/home/runner/.m2/repository/com/google/protobuf/protobuf-java/2.5.0/protobuf-java-2.5.0.jar:/home/runner/.m2/repository/org/apache/ozone/ozone-manager/1.2.0-SNAPSHOT/ozone-manager-1.2.0-SNAPSHOT.jar:/home/runner/.m2/repository/org/aspectj/aspectjrt/1.8.9/aspectjrt-1.8.9.jar:/home/runner/.m2/repository/org/aspectj/aspectjweaver/1.8.9/aspectjweaver-1.8.9.jar:/home/runner/.m2/repository/org/apache/ozone/hdds-interface-client/1.2.0-SNAPSHOT/hdds-interface-client-1.2.0-SNAPSHOT.jar:/home/runner/.m2/repository/org/apache/hadoop/thirdparty/hadoop-shaded-protobuf_3_7/1.1.1/hadoop-shaded-protobuf_3_7-1.1.1.jar:/home/runner/.m2/repository/org/apache/ratis/ratis-thirdparty-misc/0.7.0/ratis-thirdparty-misc-0.7.0.jar:/home/runner/.m2/repository/org/apache/ozone/ozone-interface-storage/1.2.0-SNAPSHOT/ozone-interface-storage-1.2.0-SNAPSHOT.jar:/home/runner/.m2/repository/org/reflections/reflections/0.9.11/reflections-0.9.11.jar:/home/runner/.m2/repository/org/apache/hadoop/hadoop-minikdc/3.3.1/hadoop-minikdc-3.3.1.jar:/home/runner/.m2/repository/org/apache/kerby/kerb-simplekdc/1.0.1/kerb-simplekdc-1.0.1.jar:/home/runner/.m2/repository/org/apache/kerby/kerb-client/1.0.1/kerb-client-1.0.1.jar:/home/runner/.m2/repository/org/apache/kerby/kerby-config/1.0.1/kerby-config-1.0.1.jar:/home/runner/.m2/repository/org/apache/kerby/kerb-common/1.0.1/kerb-common-1.0.1.jar:/home/runner/.m2/repository/org/apache/kerby/kerb-crypto/1.0.1/kerb-crypto-1.0.1.jar:/home/runner/.m2/repository/org/apache/kerby/kerb-util/1.0.1/kerb-util-1.0.1.jar:/home/runner/.m2/repository/org/apache/kerby/token-provider/1.0.1/token-provider-1.0.1.jar:/home/runner/.m2/repository/org/apache/kerby/kerb-admin/1.0.1/kerb-admin-1.0.1.jar:/home/runner/.m2/repository/org/apache/kerby/kerb-server/1.0.1/kerb-server-1.0.1.jar:/home/runner/.m2/repository/org/apache/kerby/kerb-identity/1.0.1/kerb-identity-1.0.1.jar:/home/runner/.m2/repository/org/apache/kerby/kerby-xdr/1.0.1/kerby-xdr-1.0.1.jar:/home/runner/.m2/repository/org/slf4j/slf4j-log4j12/1.7.30/slf4j-log4j12-1.7.30.jar:/home/runner/.m2/repository/org/apache/ozone/ozone-s3gateway/1.2.0-SNAPSHOT/ozone-s3gateway-1.2.0-SNAPSHOT.jar:/home/runner/.m2/repository/org/javassist/javassist/3.21.0-GA/javassist-3.21.0-GA.jar:/home/runner/.m2/repository/org/jboss/weld/servlet/weld-servlet/2.4.7.Final/weld-servlet-2.4.7.Final.jar:/home/runner/.m2/repository/org/glassfish/jersey/containers/jersey-container-servlet-core/2.33/jersey-container-servlet-core-2.33.jar:/home/runner/.m2/repository/org/glassfish/hk2/external/jakarta.inject/2.6.1/jakarta.inject-2.6.1.jar:/home/runner/.m2/repository/org/glassfish/jersey/core/jersey-common/2.33/jersey-common-2.33.jar:/home/runner/.m2/repository/jakarta/ws/rs/jakarta.ws.rs-api/2.1.6/jakarta.ws.rs-api-2.1.6.jar:/home/runner/.m2/repository/org/glassfish/jersey/ext/cdi/jersey-cdi1x/2.33/jersey-cdi1x-2.33.jar:/home/runner/.m2/repository/org/glassfish/jersey/inject/jersey-hk2/2.33/jersey-hk2-2.33.jar:/home/runner/.m2/repository/org/glassfish/hk2/hk2-locator/2.6.1/hk2-locator-2.6.1.jar:/home/runner/.m2/repository/org/glassfish/jersey/media/jersey-media-jaxb/2.33/jersey-media-jaxb-2.33.jar:/home/runner/.m2/repository/org/glassfish/hk2/osgi-resource-locator/1.0.3/osgi-resource-locator-1.0.3.jar:/home/runner/.m2/repository/org/glassfish/hk2/hk2-api/2.5.0/hk2-api-2.5.0.jar:/home/runner/.m2/repository/org/glassfish/hk2/hk2-utils/2.5.0/hk2-utils-2.5.0.jar:/home/runner/.m2/repository/org/glassfish/hk2/external/aopalliance-repackaged/2.5.0/aopalliance-repackaged-2.5.0.jar:/home/runner/.m2/repository/com/fasterxml/jackson/dataformat/jackson-dataformat-xml/2.12.1/jackson-dataformat-xml-2.12.1.jar:/home/runner/.m2/repository/com/fasterxml/jackson/core/jackson-core/2.12.1/jackson-core-2.12.1.jar:/home/runner/.m2/repository/com/fasterxml/jackson/module/jackson-module-jaxb-annotations/2.12.1/jackson-module-jaxb-annotations-2.12.1.jar:/home/runner/.m2/repository/jakarta/xml/bind/jakarta.xml.bind-api/2.3.2/jakarta.xml.bind-api-2.3.2.jar:/home/runner/.m2/repository/org/codehaus/woodstox/stax2-api/3.1.4/stax2-api-3.1.4.jar:/home/runner/.m2/repository/com/fasterxml/woodstox/woodstox-core/5.0.3/woodstox-core-5.0.3.jar:/home/runner/.m2/repository/javax/enterprise/cdi-api/1.2/cdi-api-1.2.jar:/home/runner/.m2/repository/javax/el/javax.el-api/3.0.0/javax.el-api-3.0.0.jar:/home/runner/.m2/repository/javax/interceptor/javax.interceptor-api/1.2/javax.interceptor-api-1.2.jar:/home/runner/.m2/repository/javax/inject/javax.inject/1/javax.inject-1.jar:/home/runner/.m2/repository/javax/xml/bind/jaxb-api/2.3.0/jaxb-api-2.3.0.jar:/home/runner/.m2/repository/org/glassfish/jaxb/jaxb-runtime/2.3.0.1/jaxb-runtime-2.3.0.1.jar:/home/runner/.m2/repository/org/glassfish/jaxb/jaxb-core/2.3.0.1/jaxb-core-2.3.0.1.jar:/home/runner/.m2/repository/org/glassfish/jaxb/txw2/2.3.0.1/txw2-2.3.0.1.jar:/home/runner/.m2/repository/com/sun/istack/istack-commons-runtime/3.0.5/istack-commons-runtime-3.0.5.jar:/home/runner/.m2/repository/org/jvnet/staxex/stax-ex/1.7.8/stax-ex-1.7.8.jar:/home/runner/.m2/repository/com/sun/xml/fastinfoset/FastInfoset/1.2.13/FastInfoset-1.2.13.jar:/home/runner/.m2/repository/javax/activation/activation/1.1.1/activation-1.1.1.jar:/home/runner/.m2/repository/org/apache/ozone/ozone-csi/1.2.0-SNAPSHOT/ozone-csi-1.2.0-SNAPSHOT.jar:/home/runner/.m2/repository/com/google/protobuf/protobuf-java-util/3.12.0/protobuf-java-util-3.12.0.jar:/home/runner/.m2/repository/com/google/code/gson/gson/2.2.4/gson-2.2.4.jar:/home/runner/.m2/repository/org/apache/ozone/hdds-config/1.2.0-SNAPSHOT/hdds-config-1.2.0-SNAPSHOT.jar:/home/runner/.m2/repository/io/grpc/grpc-netty/1.33.0/grpc-netty-1.33.0.jar:/home/runner/.m2/repository/io/grpc/grpc-core/1.33.0/grpc-core-1.33.0.jar:/home/runner/.m2/repository/com/google/android/annotations/4.1.1.4/annotations-4.1.1.4.jar:/home/runner/.m2/repository/io/netty/netty-codec-http2/4.1.63.Final/netty-codec-http2-4.1.63.Final.jar:/home/runner/.m2/repository/io/netty/netty-codec-http/4.1.63.Final/netty-codec-http-4.1.63.Final.jar:/home/runner/.m2/repository/io/netty/netty-handler-proxy/4.1.63.Final/netty-handler-proxy-4.1.63.Final.jar:/home/runner/.m2/repository/io/netty/netty-codec-socks/4.1.63.Final/netty-codec-socks-4.1.63.Final.jar:/home/runner/.m2/repository/io/perfmark/perfmark-api/0.19.0/perfmark-api-0.19.0.jar:/home/runner/.m2/repository/org/codehaus/mojo/animal-sniffer-annotations/1.18/animal-sniffer-annotations-1.18.jar:/home/runner/.m2/repository/io/netty/netty-transport-native-epoll/4.1.63.Final/netty-transport-native-epoll-4.1.63.Final.jar:/home/runner/.m2/repository/io/netty/netty-common/4.1.63.Final/netty-common-4.1.63.Final.jar:/home/runner/.m2/repository/io/netty/netty-buffer/4.1.63.Final/netty-buffer-4.1.63.Final.jar:/home/runner/.m2/repository/io/netty/netty-transport-native-unix-common/4.1.63.Final/netty-transport-native-unix-common-4.1.63.Final.jar:/home/runner/.m2/repository/io/grpc/grpc-protobuf/1.33.0/grpc-protobuf-1.33.0.jar:/home/runner/.m2/repository/io/grpc/grpc-api/1.33.0/grpc-api-1.33.0.jar:/home/runner/.m2/repository/io/grpc/grpc-context/1.33.0/grpc-context-1.33.0.jar:/home/runner/.m2/repository/com/google/api/grpc/proto-google-common-protos/1.17.0/proto-google-common-protos-1.17.0.jar:/home/runner/.m2/repository/io/grpc/grpc-protobuf-lite/1.33.0/grpc-protobuf-lite-1.33.0.jar:/home/runner/.m2/repository/io/grpc/grpc-stub/1.33.0/grpc-stub-1.33.0.jar:/home/runner/.m2/repository/org/apache/ozone/ozone-recon/1.2.0-SNAPSHOT/ozone-recon-1.2.0-SNAPSHOT.jar:/home/runner/.m2/repository/org/apache/ozone/ozone-reconcodegen/1.2.0-SNAPSHOT/ozone-reconcodegen-1.2.0-SNAPSHOT.jar:/home/runner/.m2/repository/com/google/inject/extensions/guice-multibindings/4.0/guice-multibindings-4.0.jar:/home/runner/.m2/repository/com/google/inject/guice/4.0/guice-4.0.jar:/home/runner/.m2/repository/aopalliance/aopalliance/1.0/aopalliance-1.0.jar:/home/runner/.m2/repository/com/google/inject/extensions/guice-assistedinject/4.0/guice-assistedinject-4.0.jar:/home/runner/.m2/repository/com/google/inject/extensions/guice-servlet/4.0/guice-servlet-4.0.jar:/home/runner/.m2/repository/org/glassfish/jersey/containers/jersey-container-servlet/2.33/jersey-container-servlet-2.33.jar:/home/runner/.m2/repository/org/glassfish/hk2/guice-bridge/2.5.0/guice-bridge-2.5.0.jar:/home/runner/.m2/repository/org/glassfish/jersey/core/jersey-server/2.33/jersey-server-2.33.jar:/home/runner/.m2/repository/org/glassfish/jersey/core/jersey-client/2.33/jersey-client-2.33.jar:/home/runner/.m2/repository/jakarta/annotation/jakarta.annotation-api/1.3.5/jakarta.annotation-api-1.3.5.jar:/home/runner/.m2/repository/jakarta/validation/jakarta.validation-api/2.0.2/jakarta.validation-api-2.0.2.jar:/home/runner/.m2/repository/org/glassfish/jersey/media/jersey-media-json-jackson/2.33/jersey-media-json-jackson-2.33.jar:/home/runner/.m2/repository/org/glassfish/jersey/ext/jersey-entity-filtering/2.33/jersey-entity-filtering-2.33.jar:/home/runner/.m2/repository/org/jooq/jooq/3.11.10/jooq-3.11.10.jar:/home/runner/.m2/repository/org/jooq/jooq-meta/3.11.10/jooq-meta-3.11.10.jar:/home/runner/.m2/repository/org/jooq/jooq-codegen/3.11.10/jooq-codegen-3.11.10.jar:/home/runner/.m2/repository/com/jolbox/bonecp/0.8.0.RELEASE/bonecp-0.8.0.RELEASE.jar:/home/runner/.m2/repository/org/apache/derby/derby/10.14.2.0/derby-10.14.2.0.jar:/home/runner/.m2/repository/org/xerial/sqlite-jdbc/3.25.2/sqlite-jdbc-3.25.2.jar:/home/runner/.m2/repository/org/springframework/spring-jdbc/5.2.11.RELEASE/spring-jdbc-5.2.11.RELEASE.jar:/home/runner/.m2/repository/org/springframework/spring-beans/5.2.11.RELEASE/spring-beans-5.2.11.RELEASE.jar:/home/runner/.m2/repository/org/springframework/spring-core/5.2.11.RELEASE/spring-core-5.2.11.RELEASE.jar:/home/runner/.m2/repository/org/springframework/spring-jcl/5.2.11.RELEASE/spring-jcl-5.2.11.RELEASE.jar:/home/runner/.m2/repository/org/springframework/spring-tx/5.2.11.RELEASE/spring-tx-5.2.11.RELEASE.jar:/home/runner/.m2/repository/org/apache/ozone/ozone-client/1.2.0-SNAPSHOT/ozone-client-1.2.0-SNAPSHOT.jar:/home/runner/.m2/repository/org/apache/ozone/ozone-filesystem/1.2.0-SNAPSHOT/ozone-filesystem-1.2.0-SNAPSHOT.jar:/home/runner/.m2/repository/org/apache/ozone/ozone-filesystem-common/1.2.0-SNAPSHOT/ozone-filesystem-common-1.2.0-SNAPSHOT.jar:/home/runner/.m2/repository/org/apache/ozone/ozone-tools/1.2.0-SNAPSHOT/ozone-tools-1.2.0-SNAPSHOT.jar:/home/runner/.m2/repository/org/apache/ratis/ratis-tools/2.1.0/ratis-tools-2.1.0.jar:/home/runner/.m2/repository/org/apache/ratis/ratis-proto/2.1.0/ratis-proto-2.1.0.jar:/home/runner/.m2/repository/org/apache/ratis/ratis-common/2.1.0/ratis-common-2.1.0.jar:/home/runner/.m2/repository/com/amazonaws/aws-java-sdk-core/1.11.901/aws-java-sdk-core-1.11.901.jar:/home/runner/.m2/repository/org/apache/httpcomponents/httpclient/4.5.13/httpclient-4.5.13.jar:/home/runner/.m2/repository/org/apache/httpcomponents/httpcore/4.4.13/httpcore-4.4.13.jar:/home/runner/.m2/repository/software/amazon/ion/ion-java/1.0.2/ion-java-1.0.2.jar:/home/runner/.m2/repository/com/fasterxml/jackson/dataformat/jackson-dataformat-cbor/2.12.1/jackson-dataformat-cbor-2.12.1.jar:/home/runner/.m2/repository/joda-time/joda-time/2.8.1/joda-time-2.8.1.jar:/home/runner/.m2/repository/com/amazonaws/aws-java-sdk-s3/1.11.901/aws-java-sdk-s3-1.11.901.jar:/home/runner/.m2/repository/com/amazonaws/aws-java-sdk-kms/1.11.901/aws-java-sdk-kms-1.11.901.jar:/home/runner/.m2/repository/com/amazonaws/jmespath-java/1.11.901/jmespath-java-1.11.901.jar:/home/runner/.m2/repository/org/kohsuke/metainf-services/metainf-services/1.8/metainf-services-1.8.jar:/home/runner/.m2/repository/org/apache/ozone/hdds-tools/1.2.0-SNAPSHOT/hdds-tools-1.2.0-SNAPSHOT.jar:/home/runner/.m2/repository/commons-cli/commons-cli/1.2/commons-cli-1.2.jar:/home/runner/.m2/repository/org/apache/commons/commons-lang3/3.7/commons-lang3-3.7.jar:/home/runner/.m2/repository/org/apache/ozone/ozone-manager/1.2.0-SNAPSHOT/ozone-manager-1.2.0-SNAPSHOT-tests.jar:/home/runner/.m2/repository/org/apache/ozone/hdds-common/1.2.0-SNAPSHOT/hdds-common-1.2.0-SNAPSHOT-tests.jar:/home/runner/.m2/repository/org/apache/ozone/hdds-hadoop-dependency-client/1.2.0-SNAPSHOT/hdds-hadoop-dependency-client-1.2.0-SNAPSHOT.jar:/home/runner/.m2/repository/info/picocli/picocli/4.4.0/picocli-4.4.0.jar:/home/runner/.m2/repository/com/fasterxml/jackson/core/jackson-annotations/2.12.1/jackson-annotations-2.12.1.jar:/home/runner/.m2/repository/javax/annotation/javax.annotation-api/1.2/javax.annotation-api-1.2.jar:/home/runner/.m2/repository/org/apache/ratis/ratis-server/2.1.0/ratis-server-2.1.0.jar:/home/runner/.m2/repository/org/apache/ratis/ratis-client/2.1.0/ratis-client-2.1.0.jar:/home/runner/.m2/repository/org/apache/ratis/ratis-server-api/2.1.0/ratis-server-api-2.1.0.jar:/home/runner/.m2/repository/org/apache/ratis/ratis-metrics/2.1.0/ratis-metrics-2.1.0.jar:/home/runner/.m2/repository/org/apache/ratis/ratis-netty/2.1.0/ratis-netty-2.1.0.jar:/home/runner/.m2/repository/org/apache/ratis/ratis-grpc/2.1.0/ratis-grpc-2.1.0.jar:/home/runner/.m2/repository/org/apache/logging/log4j/log4j-api/2.13.3/log4j-api-2.13.3.jar:/home/runner/.m2/repository/org/apache/logging/log4j/log4j-core/2.13.3/log4j-core-2.13.3.jar:/home/runner/.m2/repository/com/lmax/disruptor/3.4.2/disruptor-3.4.2.jar:/home/runner/.m2/repository/org/apache/commons/commons-pool2/2.6.0/commons-pool2-2.6.0.jar:/home/runner/.m2/repository/org/bouncycastle/bcpkix-jdk15on/1.67/bcpkix-jdk15on-1.67.jar:/home/runner/.m2/repository/commons-validator/commons-validator/1.6/commons-validator-1.6.jar:/home/runner/.m2/repository/commons-beanutils/commons-beanutils/1.9.4/commons-beanutils-1.9.4.jar:/home/runner/.m2/repository/commons-digester/commons-digester/1.8.1/commons-digester-1.8.1.jar:/home/runner/.m2/repository/commons-collections/commons-collections/3.2.2/commons-collections-3.2.2.jar:/home/runner/.m2/repository/io/jaegertracing/jaeger-client/1.6.0/jaeger-client-1.6.0.jar:/home/runner/.m2/repository/io/jaegertracing/jaeger-thrift/1.6.0/jaeger-thrift-1.6.0.jar:/home/runner/.m2/repository/org/apache/thrift/libthrift/0.14.1/libthrift-0.14.1.jar:/home/runner/.m2/repository/com/squareup/okhttp3/okhttp/4.9.0/okhttp-4.9.0.jar:/home/runner/.m2/repository/com/squareup/okio/okio/2.8.0/okio-2.8.0.jar:/home/runner/.m2/repository/io/jaegertracing/jaeger-core/1.6.0/jaeger-core-1.6.0.jar:/home/runner/.m2/repository/io/jaegertracing/jaeger-tracerresolver/1.6.0/jaeger-tracerresolver-1.6.0.jar:/home/runner/.m2/repository/io/opentracing/contrib/opentracing-tracerresolver/0.1.8/opentracing-tracerresolver-0.1.8.jar:/home/runner/.m2/repository/org/jetbrains/kotlin/kotlin-stdlib/1.4.31/kotlin-stdlib-1.4.31.jar:/home/runner/.m2/repository/org/jetbrains/kotlin/kotlin-stdlib-common/1.4.31/kotlin-stdlib-common-1.4.31.jar:/home/runner/.m2/repository/org/jetbrains/annotations/13.0/annotations-13.0.jar:/home/runner/.m2/repository/io/opentracing/opentracing-util/0.33.0/opentracing-util-0.33.0.jar:/home/runner/.m2/repository/io/opentracing/opentracing-api/0.33.0/opentracing-api-0.33.0.jar:/home/runner/.m2/repository/io/opentracing/opentracing-noop/0.33.0/opentracing-noop-0.33.0.jar:/home/runner/.m2/repository/org/yaml/snakeyaml/1.26/snakeyaml-1.26.jar:/home/runner/.m2/repository/org/apache/ozone/hdds-interface-admin/1.2.0-SNAPSHOT/hdds-interface-admin-1.2.0-SNAPSHOT.jar:/home/runner/.m2/repository/junit/junit/4.13.1/junit-4.13.1.jar:/home/runner/.m2/repository/org/hamcrest/hamcrest-core/1.3/hamcrest-core-1.3.jar:/home/runner/.m2/repository/org/junit/jupiter/junit-jupiter-api/5.7.0/junit-jupiter-api-5.7.0.jar:/home/runner/.m2/repository/org/apiguardian/apiguardian-api/1.1.0/apiguardian-api-1.1.0.jar:/home/runner/.m2/repository/org/opentest4j/opentest4j/1.2.0/opentest4j-1.2.0.jar:/home/runner/.m2/repository/org/junit/platform/junit-platform-commons/1.7.0/junit-platform-commons-1.7.0.jar:/home/runner/.m2/repository/org/junit/jupiter/junit-jupiter-engine/5.7.0/junit-jupiter-engine-5.7.0.jar:/home/runner/.m2/repository/org/junit/platform/junit-platform-engine/1.7.0/junit-platform-engine-1.7.0.jar:/home/runner/.m2/repository/org/junit/vintage/junit-vintage-engine/5.7.0/junit-vintage-engine-5.7.0.jar:/home/runner/.m2/repository/org/junit/platform/junit-platform-launcher/1.7.0/junit-platform-launcher-1.7.0.jar:/home/runner/.m2/repository/org/openjdk/jmh/jmh-core/1.19/jmh-core-1.19.jar:/home/runner/.m2/repository/net/sf/jopt-simple/jopt-simple/4.6/jopt-simple-4.6.jar:/home/runner/.m2/repository/org/apache/commons/commons-math3/3.1.1/commons-math3-3.1.1.jar:/home/runner/.m2/repository/org/openjdk/jmh/jmh-generator-annprocess/1.19/jmh-generator-annprocess-1.19.jar:/home/runner/.m2/repository/org/mockito/mockito-core/2.28.2/mockito-core-2.28.2.jar:/home/runner/.m2/repository/net/bytebuddy/byte-buddy/1.9.10/byte-buddy-1.9.10.jar:/home/runner/.m2/repository/net/bytebuddy/byte-buddy-agent/1.9.10/byte-buddy-agent-1.9.10.jar:/home/runner/.m2/repository/org/objenesis/objenesis/1.0/objenesis-1.0.jar:/home/runner/.m2/repository/org/apache/hadoop/hadoop-kms/3.3.1/hadoop-kms-3.3.1.jar:/home/runner/.m2/repository/org/apache/hadoop/hadoop-auth/3.3.1/hadoop-auth-3.3.1.jar:/home/runner/.m2/repository/com/nimbusds/nimbus-jose-jwt/7.9/nimbus-jose-jwt-7.9.jar:/home/runner/.m2/repository/com/github/stephenc/jcip/jcip-annotations/1.0-1/jcip-annotations-1.0-1.jar:/home/runner/.m2/repository/net/minidev/json-smart/2.3/json-smart-2.3.jar:/home/runner/.m2/repository/net/minidev/accessors-smart/1.2/accessors-smart-1.2.jar:/home/runner/.m2/repository/org/ow2/asm/asm/5.0.4/asm-5.0.4.jar:/home/runner/.m2/repository/org/apache/zookeeper/zookeeper/3.5.6/zookeeper-3.5.6.jar:/home/runner/.m2/repository/org/apache/zookeeper/zookeeper-jute/3.5.6/zookeeper-jute-3.5.6.jar:/home/runner/.m2/repository/org/apache/yetus/audience-annotations/0.5.0/audience-annotations-0.5.0.jar:/home/runner/.m2/repository/org/apache/curator/curator-framework/4.2.0/curator-framework-4.2.0.jar:/home/runner/.m2/repository/org/apache/hadoop/thirdparty/hadoop-shaded-guava/1.1.1/hadoop-shaded-guava-1.1.1.jar:/home/runner/.m2/repository/com/sun/jersey/jersey-core/1.19/jersey-core-1.19.jar:/home/runner/.m2/repository/javax/ws/rs/jsr311-api/1.1.1/jsr311-api-1.1.1.jar:/home/runner/.m2/repository/com/sun/jersey/jersey-server/1.19/jersey-server-1.19.jar:/home/runner/.m2/repository/javax/servlet/javax.servlet-api/3.1.0/javax.servlet-api-3.1.0.jar:/home/runner/.m2/repository/org/eclipse/jetty/jetty-server/9.4.43.v20210629/jetty-server-9.4.43.v20210629.jar:/home/runner/.m2/repository/org/eclipse/jetty/jetty-http/9.4.43.v20210629/jetty-http-9.4.43.v20210629.jar:/home/runner/.m2/repository/org/eclipse/jetty/jetty-io/9.4.43.v20210629/jetty-io-9.4.43.v20210629.jar:/home/runner/.m2/repository/org/eclipse/jetty/jetty-webapp/9.4.43.v20210629/jetty-webapp-9.4.43.v20210629.jar:/home/runner/.m2/repository/org/eclipse/jetty/jetty-xml/9.4.43.v20210629/jetty-xml-9.4.43.v20210629.jar:/home/runner/.m2/repository/org/apache/hadoop/hadoop-common/3.3.1/hadoop-common-3.3.1.jar:/home/runner/.m2/repository/commons-net/commons-net/3.6/commons-net-3.6.jar:/home/runner/.m2/repository/jakarta/activation/jakarta.activation-api/1.2.1/jakarta.activation-api-1.2.1.jar:/home/runner/.m2/repository/com/sun/jersey/jersey-servlet/1.19/jersey-servlet-1.19.jar:/home/runner/.m2/repository/com/sun/jersey/jersey-json/1.19/jersey-json-1.19.jar:/home/runner/.m2/repository/org/codehaus/jettison/jettison/1.1/jettison-1.1.jar:/home/runner/.m2/repository/com/sun/xml/bind/jaxb-impl/2.2.3-1/jaxb-impl-2.2.3-1.jar:/home/runner/.m2/repository/org/codehaus/jackson/jackson-jaxrs/1.9.2/jackson-jaxrs-1.9.2.jar:/home/runner/.m2/repository/org/codehaus/jackson/jackson-xc/1.9.2/jackson-xc-1.9.2.jar:/home/runner/.m2/repository/org/apache/commons/commons-configuration2/2.1.1/commons-configuration2-2.1.1.jar:/home/runner/.m2/repository/org/apache/commons/commons-text/1.4/commons-text-1.4.jar:/home/runner/.m2/repository/com/google/re2j/re2j/1.1/re2j-1.1.jar:/home/runner/.m2/repository/com/jcraft/jsch/0.1.54/jsch-0.1.54.jar:/home/runner/.m2/repository/org/apache/curator/curator-client/4.2.0/curator-client-4.2.0.jar:/home/runner/.m2/repository/org/apache/curator/curator-recipes/4.2.0/curator-recipes-4.2.0.jar:/home/runner/.m2/repository/org/apache/kerby/kerb-core/1.0.1/kerb-core-1.0.1.jar:/home/runner/.m2/repository/org/apache/kerby/kerby-pkix/1.0.1/kerby-pkix-1.0.1.jar:/home/runner/.m2/repository/org/apache/kerby/kerby-asn1/1.0.1/kerby-asn1-1.0.1.jar:/home/runner/.m2/repository/org/apache/kerby/kerby-util/1.0.1/kerby-util-1.0.1.jar:/home/runner/.m2/repository/dnsjava/dnsjava/2.1.7/dnsjava-2.1.7.jar:/home/runner/.m2/repository/org/xerial/snappy/snappy-java/1.1.8.2/snappy-java-1.1.8.2.jar:/home/runner/.m2/repository/org/slf4j/jul-to-slf4j/1.7.30/jul-to-slf4j-1.7.30.jar:/home/runner/.m2/repository/org/eclipse/jetty/jetty-util/9.4.43.v20210629/jetty-util-9.4.43.v20210629.jar:/home/runner/.m2/repository/com/fasterxml/jackson/core/jackson-databind/2.12.1/jackson-databind-2.12.1.jar:/home/runner/.m2/repository/org/apache/hadoop/hadoop-kms/3.3.1/hadoop-kms-3.3.1-tests.jar:/home/runner/.m2/repository/org/apache/ozone/hdds-server-scm/1.2.0-SNAPSHOT/hdds-server-scm-1.2.0-SNAPSHOT-tests.jar:/home/runner/.m2/repository/org/apache/ozone/hdds-container-service/1.2.0-SNAPSHOT/hdds-container-service-1.2.0-SNAPSHOT-tests.jar:/home/runner/.m2/repository/commons-codec/commons-codec/1.11/commons-codec-1.11.jar:/home/runner/.m2/repository/io/netty/netty-transport/4.1.63.Final/netty-transport-4.1.63.Final.jar:/home/runner/.m2/repository/io/netty/netty-resolver/4.1.63.Final/netty-resolver-4.1.63.Final.jar:/home/runner/.m2/repository/io/netty/netty-codec/4.1.63.Final/netty-codec-4.1.63.Final.jar:/home/runner/.m2/repository/io/netty/netty-handler/4.1.63.Final/netty-handler-4.1.63.Final.jar:/home/runner/.m2/repository/org/apache/ozone/hdds-hadoop-dependency-test/1.2.0-SNAPSHOT/hdds-hadoop-dependency-test-1.2.0-SNAPSHOT.jar:/home/runner/.m2/repository/org/apache/hadoop/hadoop-common/3.3.1/hadoop-common-3.3.1-tests.jar:/home/runner/.m2/repository/org/assertj/assertj-core/3.12.2/assertj-core-3.12.2.jar:/home/runner/.m2/repository/org/apache/hadoop/hadoop-hdfs/3.3.1/hadoop-hdfs-3.3.1-tests.jar:/home/runner/.m2/repository/org/eclipse/jetty/jetty-util-ajax/9.4.43.v20210629/jetty-util-ajax-9.4.43.v20210629.jar:/home/runner/.m2/repository/commons-daemon/commons-daemon/1.0.13/commons-daemon-1.0.13.jar:/home/runner/.m2/repository/io/netty/netty/3.10.6.Final/netty-3.10.6.Final.jar:/home/runner/.m2/repository/io/netty/netty-all/4.1.63.Final/netty-all-4.1.63.Final.jar:/home/runner/.m2/repository/org/apache/htrace/htrace-core4/4.1.0-incubating/htrace-core4-4.1.0-incubating.jar:/home/runner/.m2/repository/org/fusesource/leveldbjni/leveldbjni-all/1.8/leveldbjni-all-1.8.jar:/home/runner/.m2/repository/org/apache/hadoop/hadoop-distcp/3.3.1/hadoop-distcp-3.3.1.jar:/home/runner/.m2/repository/org/apache/hadoop/hadoop-mapreduce-client-jobclient/3.3.1/hadoop-mapreduce-client-jobclient-3.3.1.jar:/home/runner/.m2/repository/org/apache/hadoop/hadoop-mapreduce-client-common/3.3.1/hadoop-mapreduce-client-common-3.3.1.jar:/home/runner/.m2/repository/org/apache/hadoop/hadoop-yarn-common/3.3.1/hadoop-yarn-common-3.3.1.jar:/home/runner/.m2/repository/org/apache/hadoop/hadoop-yarn-api/3.3.1/hadoop-yarn-api-3.3.1.jar:/home/runner/.m2/repository/com/sun/jersey/jersey-client/1.19/jersey-client-1.19.jar:/home/runner/.m2/repository/com/sun/jersey/contribs/jersey-guice/1.19/jersey-guice-1.19.jar:/home/runner/.m2/repository/com/fasterxml/jackson/jaxrs/jackson-jaxrs-json-provider/2.12.1/jackson-jaxrs-json-provider-2.12.1.jar:/home/runner/.m2/repository/com/fasterxml/jackson/jaxrs/jackson-jaxrs-base/2.12.1/jackson-jaxrs-base-2.12.1.jar:/home/runner/.m2/repository/org/apache/hadoop/hadoop-yarn-client/3.3.1/hadoop-yarn-client-3.3.1.jar:/home/runner/.m2/repository/org/eclipse/jetty/websocket/websocket-client/9.4.40.v20210413/websocket-client-9.4.40.v20210413.jar:/home/runner/.m2/repository/org/eclipse/jetty/jetty-client/9.4.40.v20210413/jetty-client-9.4.40.v20210413.jar:/home/runner/.m2/repository/org/eclipse/jetty/websocket/websocket-common/9.4.40.v20210413/websocket-common-9.4.40.v20210413.jar:/home/runner/.m2/repository/org/eclipse/jetty/websocket/websocket-api/9.4.40.v20210413/websocket-api-9.4.40.v20210413.jar:/home/runner/.m2/repository/org/jline/jline/3.9.0/jline-3.9.0.jar:/home/runner/.m2/repository/org/apache/hadoop/hadoop-mapreduce-client-core/3.3.1/hadoop-mapreduce-client-core-3.3.1.jar:/home/runner/.m2/repository/org/apache/avro/avro/1.7.7/avro-1.7.7.jar:/home/runner/.m2/repository/org/codehaus/jackson/jackson-core-asl/1.9.13/jackson-core-asl-1.9.13.jar:/home/runner/.m2/repository/org/codehaus/jackson/jackson-mapper-asl/1.9.13/jackson-mapper-asl-1.9.13.jar:/home/runner/.m2/repository/com/thoughtworks/paranamer/paranamer/2.3/paranamer-2.3.jar:/home/runner/.m2/repository/org/apache/hadoop/hadoop-annotations/3.3.1/hadoop-annotations-3.3.1.jar:/usr/lib/jvm/adoptopenjdk-8-hotspot-amd64/jre/../lib/tools.jar:/home/runner/.m2/repository/org/apache/hadoop/hadoop-distcp/3.3.1/hadoop-distcp-3.3.1-tests.jar:"/>
    <property name="java.vm.vendor" value="AdoptOpenJDK"/>
    <property name="sun.arch.data.model" value="64"/>
    <property name="test.build.dir" value="/home/runner/work/ozone/ozone/hadoop-ozone/integration-test/target/test-dir"/>
    <property name="test.cache.data" value=""/>
    <property name="java.vendor.url" value="https://adoptopenjdk.net/"/>
    <property name="user.timezone" value=""/>
    <property name="java.vm.specification.version" value="1.8"/>
    <property name="os.name" value="Linux"/>
    <property name="test.build.data" value="/home/runner/work/ozone/ozone/hadoop-ozone/integration-test/target/test-dir"/>
    <property name="sun.java.launcher" value="SUN_STANDARD"/>
    <property name="sun.boot.library.path" value="/usr/lib/jvm/adoptopenjdk-8-hotspot-amd64/jre/lib/amd64"/>
    <property name="sun.java.command" value="/home/runner/work/ozone/ozone/hadoop-ozone/integration-test/target/surefire/surefirebooter6274347756066636456.jar /home/runner/work/ozone/ozone/hadoop-ozone/integration-test/target/surefire 2021-08-11T07-35-07_248-jvmRun1 surefire1287307800631665088tmp surefire_543735194623118759395tmp"/>
    <property name="surefire.test.class.path" value="/home/runner/work/ozone/ozone/hadoop-ozone/integration-test/target/test-classes:/home/runner/work/ozone/ozone/hadoop-ozone/integration-test/target/classes:/home/runner/.m2/repository/org/apache/ozone/ozone-common/1.2.0-SNAPSHOT/ozone-common-1.2.0-SNAPSHOT.jar:/home/runner/.m2/repository/org/apache/commons/commons-compress/1.20/commons-compress-1.20.jar:/home/runner/.m2/repository/org/apache/ozone/hdds-common/1.2.0-SNAPSHOT/hdds-common-1.2.0-SNAPSHOT.jar:/home/runner/.m2/repository/org/apache/ozone/hdds-client/1.2.0-SNAPSHOT/hdds-client-1.2.0-SNAPSHOT.jar:/home/runner/.m2/repository/org/apache/ozone/ozone-interface-client/1.2.0-SNAPSHOT/ozone-interface-client-1.2.0-SNAPSHOT.jar:/home/runner/.m2/repository/org/apache/ozone/hdds-server-framework/1.2.0-SNAPSHOT/hdds-server-framework-1.2.0-SNAPSHOT.jar:/home/runner/.m2/repository/org/apache/ozone/hdds-interface-server/1.2.0-SNAPSHOT/hdds-interface-server-1.2.0-SNAPSHOT.jar:/home/runner/.m2/repository/org/eclipse/jetty/jetty-servlet/9.4.43.v20210629/jetty-servlet-9.4.43.v20210629.jar:/home/runner/.m2/repository/org/eclipse/jetty/jetty-security/9.4.43.v20210629/jetty-security-9.4.43.v20210629.jar:/home/runner/.m2/repository/org/rocksdb/rocksdbjni/6.20.3/rocksdbjni-6.20.3.jar:/home/runner/.m2/repository/io/prometheus/simpleclient_dropwizard/0.7.0/simpleclient_dropwizard-0.7.0.jar:/home/runner/.m2/repository/io/prometheus/simpleclient/0.7.0/simpleclient-0.7.0.jar:/home/runner/.m2/repository/io/prometheus/simpleclient_common/0.7.0/simpleclient_common-0.7.0.jar:/home/runner/.m2/repository/com/fasterxml/jackson/datatype/jackson-datatype-jsr310/2.12.1/jackson-datatype-jsr310-2.12.1.jar:/home/runner/.m2/repository/org/apache/ozone/hdds-test-utils/1.2.0-SNAPSHOT/hdds-test-utils-1.2.0-SNAPSHOT.jar:/home/runner/.m2/repository/com/google/guava/guava/30.1.1-jre/guava-30.1.1-jre.jar:/home/runner/.m2/repository/com/google/guava/failureaccess/1.0.1/failureaccess-1.0.1.jar:/home/runner/.m2/repository/com/google/guava/listenablefuture/9999.0-empty-to-avoid-conflict-with-guava/listenablefuture-9999.0-empty-to-avoid-conflict-with-guava.jar:/home/runner/.m2/repository/com/google/code/findbugs/jsr305/3.0.0/jsr305-3.0.0.jar:/home/runner/.m2/repository/org/checkerframework/checker-qual/3.8.0/checker-qual-3.8.0.jar:/home/runner/.m2/repository/com/google/errorprone/error_prone_annotations/2.2.0/error_prone_annotations-2.2.0.jar:/home/runner/.m2/repository/com/google/j2objc/j2objc-annotations/1.3/j2objc-annotations-1.3.jar:/home/runner/.m2/repository/commons-io/commons-io/2.8.0/commons-io-2.8.0.jar:/home/runner/.m2/repository/commons-logging/commons-logging/1.2/commons-logging-1.2.jar:/home/runner/.m2/repository/log4j/log4j/1.2.17/log4j-1.2.17.jar:/home/runner/.m2/repository/org/slf4j/slf4j-api/1.7.30/slf4j-api-1.7.30.jar:/home/runner/.m2/repository/org/apache/ozone/hdds-server-scm/1.2.0-SNAPSHOT/hdds-server-scm-1.2.0-SNAPSHOT.jar:/home/runner/.m2/repository/org/apache/ozone/hdds-container-service/1.2.0-SNAPSHOT/hdds-container-service-1.2.0-SNAPSHOT.jar:/home/runner/.m2/repository/org/apache/ozone/hdds-hadoop-dependency-server/1.2.0-SNAPSHOT/hdds-hadoop-dependency-server-1.2.0-SNAPSHOT.jar:/home/runner/.m2/repository/org/apache/hadoop/hadoop-hdfs/3.3.1/hadoop-hdfs-3.3.1.jar:/home/runner/.m2/repository/io/dropwizard/metrics/metrics-core/3.2.4/metrics-core-3.2.4.jar:/home/runner/.m2/repository/org/apache/hadoop/hadoop-hdfs-client/3.3.1/hadoop-hdfs-client-3.3.1.jar:/home/runner/.m2/repository/org/bouncycastle/bcprov-jdk15on/1.67/bcprov-jdk15on-1.67.jar:/home/runner/.m2/repository/com/google/protobuf/protobuf-java/2.5.0/protobuf-java-2.5.0.jar:/home/runner/.m2/repository/org/apache/ozone/ozone-manager/1.2.0-SNAPSHOT/ozone-manager-1.2.0-SNAPSHOT.jar:/home/runner/.m2/repository/org/aspectj/aspectjrt/1.8.9/aspectjrt-1.8.9.jar:/home/runner/.m2/repository/org/aspectj/aspectjweaver/1.8.9/aspectjweaver-1.8.9.jar:/home/runner/.m2/repository/org/apache/ozone/hdds-interface-client/1.2.0-SNAPSHOT/hdds-interface-client-1.2.0-SNAPSHOT.jar:/home/runner/.m2/repository/org/apache/hadoop/thirdparty/hadoop-shaded-protobuf_3_7/1.1.1/hadoop-shaded-protobuf_3_7-1.1.1.jar:/home/runner/.m2/repository/org/apache/ratis/ratis-thirdparty-misc/0.7.0/ratis-thirdparty-misc-0.7.0.jar:/home/runner/.m2/repository/org/apache/ozone/ozone-interface-storage/1.2.0-SNAPSHOT/ozone-interface-storage-1.2.0-SNAPSHOT.jar:/home/runner/.m2/repository/org/reflections/reflections/0.9.11/reflections-0.9.11.jar:/home/runner/.m2/repository/org/apache/hadoop/hadoop-minikdc/3.3.1/hadoop-minikdc-3.3.1.jar:/home/runner/.m2/repository/org/apache/kerby/kerb-simplekdc/1.0.1/kerb-simplekdc-1.0.1.jar:/home/runner/.m2/repository/org/apache/kerby/kerb-client/1.0.1/kerb-client-1.0.1.jar:/home/runner/.m2/repository/org/apache/kerby/kerby-config/1.0.1/kerby-config-1.0.1.jar:/home/runner/.m2/repository/org/apache/kerby/kerb-common/1.0.1/kerb-common-1.0.1.jar:/home/runner/.m2/repository/org/apache/kerby/kerb-crypto/1.0.1/kerb-crypto-1.0.1.jar:/home/runner/.m2/repository/org/apache/kerby/kerb-util/1.0.1/kerb-util-1.0.1.jar:/home/runner/.m2/repository/org/apache/kerby/token-provider/1.0.1/token-provider-1.0.1.jar:/home/runner/.m2/repository/org/apache/kerby/kerb-admin/1.0.1/kerb-admin-1.0.1.jar:/home/runner/.m2/repository/org/apache/kerby/kerb-server/1.0.1/kerb-server-1.0.1.jar:/home/runner/.m2/repository/org/apache/kerby/kerb-identity/1.0.1/kerb-identity-1.0.1.jar:/home/runner/.m2/repository/org/apache/kerby/kerby-xdr/1.0.1/kerby-xdr-1.0.1.jar:/home/runner/.m2/repository/org/slf4j/slf4j-log4j12/1.7.30/slf4j-log4j12-1.7.30.jar:/home/runner/.m2/repository/org/apache/ozone/ozone-s3gateway/1.2.0-SNAPSHOT/ozone-s3gateway-1.2.0-SNAPSHOT.jar:/home/runner/.m2/repository/org/javassist/javassist/3.21.0-GA/javassist-3.21.0-GA.jar:/home/runner/.m2/repository/org/jboss/weld/servlet/weld-servlet/2.4.7.Final/weld-servlet-2.4.7.Final.jar:/home/runner/.m2/repository/org/glassfish/jersey/containers/jersey-container-servlet-core/2.33/jersey-container-servlet-core-2.33.jar:/home/runner/.m2/repository/org/glassfish/hk2/external/jakarta.inject/2.6.1/jakarta.inject-2.6.1.jar:/home/runner/.m2/repository/org/glassfish/jersey/core/jersey-common/2.33/jersey-common-2.33.jar:/home/runner/.m2/repository/jakarta/ws/rs/jakarta.ws.rs-api/2.1.6/jakarta.ws.rs-api-2.1.6.jar:/home/runner/.m2/repository/org/glassfish/jersey/ext/cdi/jersey-cdi1x/2.33/jersey-cdi1x-2.33.jar:/home/runner/.m2/repository/org/glassfish/jersey/inject/jersey-hk2/2.33/jersey-hk2-2.33.jar:/home/runner/.m2/repository/org/glassfish/hk2/hk2-locator/2.6.1/hk2-locator-2.6.1.jar:/home/runner/.m2/repository/org/glassfish/jersey/media/jersey-media-jaxb/2.33/jersey-media-jaxb-2.33.jar:/home/runner/.m2/repository/org/glassfish/hk2/osgi-resource-locator/1.0.3/osgi-resource-locator-1.0.3.jar:/home/runner/.m2/repository/org/glassfish/hk2/hk2-api/2.5.0/hk2-api-2.5.0.jar:/home/runner/.m2/repository/org/glassfish/hk2/hk2-utils/2.5.0/hk2-utils-2.5.0.jar:/home/runner/.m2/repository/org/glassfish/hk2/external/aopalliance-repackaged/2.5.0/aopalliance-repackaged-2.5.0.jar:/home/runner/.m2/repository/com/fasterxml/jackson/dataformat/jackson-dataformat-xml/2.12.1/jackson-dataformat-xml-2.12.1.jar:/home/runner/.m2/repository/com/fasterxml/jackson/core/jackson-core/2.12.1/jackson-core-2.12.1.jar:/home/runner/.m2/repository/com/fasterxml/jackson/module/jackson-module-jaxb-annotations/2.12.1/jackson-module-jaxb-annotations-2.12.1.jar:/home/runner/.m2/repository/jakarta/xml/bind/jakarta.xml.bind-api/2.3.2/jakarta.xml.bind-api-2.3.2.jar:/home/runner/.m2/repository/org/codehaus/woodstox/stax2-api/3.1.4/stax2-api-3.1.4.jar:/home/runner/.m2/repository/com/fasterxml/woodstox/woodstox-core/5.0.3/woodstox-core-5.0.3.jar:/home/runner/.m2/repository/javax/enterprise/cdi-api/1.2/cdi-api-1.2.jar:/home/runner/.m2/repository/javax/el/javax.el-api/3.0.0/javax.el-api-3.0.0.jar:/home/runner/.m2/repository/javax/interceptor/javax.interceptor-api/1.2/javax.interceptor-api-1.2.jar:/home/runner/.m2/repository/javax/inject/javax.inject/1/javax.inject-1.jar:/home/runner/.m2/repository/javax/xml/bind/jaxb-api/2.3.0/jaxb-api-2.3.0.jar:/home/runner/.m2/repository/org/glassfish/jaxb/jaxb-runtime/2.3.0.1/jaxb-runtime-2.3.0.1.jar:/home/runner/.m2/repository/org/glassfish/jaxb/jaxb-core/2.3.0.1/jaxb-core-2.3.0.1.jar:/home/runner/.m2/repository/org/glassfish/jaxb/txw2/2.3.0.1/txw2-2.3.0.1.jar:/home/runner/.m2/repository/com/sun/istack/istack-commons-runtime/3.0.5/istack-commons-runtime-3.0.5.jar:/home/runner/.m2/repository/org/jvnet/staxex/stax-ex/1.7.8/stax-ex-1.7.8.jar:/home/runner/.m2/repository/com/sun/xml/fastinfoset/FastInfoset/1.2.13/FastInfoset-1.2.13.jar:/home/runner/.m2/repository/javax/activation/activation/1.1.1/activation-1.1.1.jar:/home/runner/.m2/repository/org/apache/ozone/ozone-csi/1.2.0-SNAPSHOT/ozone-csi-1.2.0-SNAPSHOT.jar:/home/runner/.m2/repository/com/google/protobuf/protobuf-java-util/3.12.0/protobuf-java-util-3.12.0.jar:/home/runner/.m2/repository/com/google/code/gson/gson/2.2.4/gson-2.2.4.jar:/home/runner/.m2/repository/org/apache/ozone/hdds-config/1.2.0-SNAPSHOT/hdds-config-1.2.0-SNAPSHOT.jar:/home/runner/.m2/repository/io/grpc/grpc-netty/1.33.0/grpc-netty-1.33.0.jar:/home/runner/.m2/repository/io/grpc/grpc-core/1.33.0/grpc-core-1.33.0.jar:/home/runner/.m2/repository/com/google/android/annotations/4.1.1.4/annotations-4.1.1.4.jar:/home/runner/.m2/repository/io/netty/netty-codec-http2/4.1.63.Final/netty-codec-http2-4.1.63.Final.jar:/home/runner/.m2/repository/io/netty/netty-codec-http/4.1.63.Final/netty-codec-http-4.1.63.Final.jar:/home/runner/.m2/repository/io/netty/netty-handler-proxy/4.1.63.Final/netty-handler-proxy-4.1.63.Final.jar:/home/runner/.m2/repository/io/netty/netty-codec-socks/4.1.63.Final/netty-codec-socks-4.1.63.Final.jar:/home/runner/.m2/repository/io/perfmark/perfmark-api/0.19.0/perfmark-api-0.19.0.jar:/home/runner/.m2/repository/org/codehaus/mojo/animal-sniffer-annotations/1.18/animal-sniffer-annotations-1.18.jar:/home/runner/.m2/repository/io/netty/netty-transport-native-epoll/4.1.63.Final/netty-transport-native-epoll-4.1.63.Final.jar:/home/runner/.m2/repository/io/netty/netty-common/4.1.63.Final/netty-common-4.1.63.Final.jar:/home/runner/.m2/repository/io/netty/netty-buffer/4.1.63.Final/netty-buffer-4.1.63.Final.jar:/home/runner/.m2/repository/io/netty/netty-transport-native-unix-common/4.1.63.Final/netty-transport-native-unix-common-4.1.63.Final.jar:/home/runner/.m2/repository/io/grpc/grpc-protobuf/1.33.0/grpc-protobuf-1.33.0.jar:/home/runner/.m2/repository/io/grpc/grpc-api/1.33.0/grpc-api-1.33.0.jar:/home/runner/.m2/repository/io/grpc/grpc-context/1.33.0/grpc-context-1.33.0.jar:/home/runner/.m2/repository/com/google/api/grpc/proto-google-common-protos/1.17.0/proto-google-common-protos-1.17.0.jar:/home/runner/.m2/repository/io/grpc/grpc-protobuf-lite/1.33.0/grpc-protobuf-lite-1.33.0.jar:/home/runner/.m2/repository/io/grpc/grpc-stub/1.33.0/grpc-stub-1.33.0.jar:/home/runner/.m2/repository/org/apache/ozone/ozone-recon/1.2.0-SNAPSHOT/ozone-recon-1.2.0-SNAPSHOT.jar:/home/runner/.m2/repository/org/apache/ozone/ozone-reconcodegen/1.2.0-SNAPSHOT/ozone-reconcodegen-1.2.0-SNAPSHOT.jar:/home/runner/.m2/repository/com/google/inject/extensions/guice-multibindings/4.0/guice-multibindings-4.0.jar:/home/runner/.m2/repository/com/google/inject/guice/4.0/guice-4.0.jar:/home/runner/.m2/repository/aopalliance/aopalliance/1.0/aopalliance-1.0.jar:/home/runner/.m2/repository/com/google/inject/extensions/guice-assistedinject/4.0/guice-assistedinject-4.0.jar:/home/runner/.m2/repository/com/google/inject/extensions/guice-servlet/4.0/guice-servlet-4.0.jar:/home/runner/.m2/repository/org/glassfish/jersey/containers/jersey-container-servlet/2.33/jersey-container-servlet-2.33.jar:/home/runner/.m2/repository/org/glassfish/hk2/guice-bridge/2.5.0/guice-bridge-2.5.0.jar:/home/runner/.m2/repository/org/glassfish/jersey/core/jersey-server/2.33/jersey-server-2.33.jar:/home/runner/.m2/repository/org/glassfish/jersey/core/jersey-client/2.33/jersey-client-2.33.jar:/home/runner/.m2/repository/jakarta/annotation/jakarta.annotation-api/1.3.5/jakarta.annotation-api-1.3.5.jar:/home/runner/.m2/repository/jakarta/validation/jakarta.validation-api/2.0.2/jakarta.validation-api-2.0.2.jar:/home/runner/.m2/repository/org/glassfish/jersey/media/jersey-media-json-jackson/2.33/jersey-media-json-jackson-2.33.jar:/home/runner/.m2/repository/org/glassfish/jersey/ext/jersey-entity-filtering/2.33/jersey-entity-filtering-2.33.jar:/home/runner/.m2/repository/org/jooq/jooq/3.11.10/jooq-3.11.10.jar:/home/runner/.m2/repository/org/jooq/jooq-meta/3.11.10/jooq-meta-3.11.10.jar:/home/runner/.m2/repository/org/jooq/jooq-codegen/3.11.10/jooq-codegen-3.11.10.jar:/home/runner/.m2/repository/com/jolbox/bonecp/0.8.0.RELEASE/bonecp-0.8.0.RELEASE.jar:/home/runner/.m2/repository/org/apache/derby/derby/10.14.2.0/derby-10.14.2.0.jar:/home/runner/.m2/repository/org/xerial/sqlite-jdbc/3.25.2/sqlite-jdbc-3.25.2.jar:/home/runner/.m2/repository/org/springframework/spring-jdbc/5.2.11.RELEASE/spring-jdbc-5.2.11.RELEASE.jar:/home/runner/.m2/repository/org/springframework/spring-beans/5.2.11.RELEASE/spring-beans-5.2.11.RELEASE.jar:/home/runner/.m2/repository/org/springframework/spring-core/5.2.11.RELEASE/spring-core-5.2.11.RELEASE.jar:/home/runner/.m2/repository/org/springframework/spring-jcl/5.2.11.RELEASE/spring-jcl-5.2.11.RELEASE.jar:/home/runner/.m2/repository/org/springframework/spring-tx/5.2.11.RELEASE/spring-tx-5.2.11.RELEASE.jar:/home/runner/.m2/repository/org/apache/ozone/ozone-client/1.2.0-SNAPSHOT/ozone-client-1.2.0-SNAPSHOT.jar:/home/runner/.m2/repository/org/apache/ozone/ozone-filesystem/1.2.0-SNAPSHOT/ozone-filesystem-1.2.0-SNAPSHOT.jar:/home/runner/.m2/repository/org/apache/ozone/ozone-filesystem-common/1.2.0-SNAPSHOT/ozone-filesystem-common-1.2.0-SNAPSHOT.jar:/home/runner/.m2/repository/org/apache/ozone/ozone-tools/1.2.0-SNAPSHOT/ozone-tools-1.2.0-SNAPSHOT.jar:/home/runner/.m2/repository/org/apache/ratis/ratis-tools/2.1.0/ratis-tools-2.1.0.jar:/home/runner/.m2/repository/org/apache/ratis/ratis-proto/2.1.0/ratis-proto-2.1.0.jar:/home/runner/.m2/repository/org/apache/ratis/ratis-common/2.1.0/ratis-common-2.1.0.jar:/home/runner/.m2/repository/com/amazonaws/aws-java-sdk-core/1.11.901/aws-java-sdk-core-1.11.901.jar:/home/runner/.m2/repository/org/apache/httpcomponents/httpclient/4.5.13/httpclient-4.5.13.jar:/home/runner/.m2/repository/org/apache/httpcomponents/httpcore/4.4.13/httpcore-4.4.13.jar:/home/runner/.m2/repository/software/amazon/ion/ion-java/1.0.2/ion-java-1.0.2.jar:/home/runner/.m2/repository/com/fasterxml/jackson/dataformat/jackson-dataformat-cbor/2.12.1/jackson-dataformat-cbor-2.12.1.jar:/home/runner/.m2/repository/joda-time/joda-time/2.8.1/joda-time-2.8.1.jar:/home/runner/.m2/repository/com/amazonaws/aws-java-sdk-s3/1.11.901/aws-java-sdk-s3-1.11.901.jar:/home/runner/.m2/repository/com/amazonaws/aws-java-sdk-kms/1.11.901/aws-java-sdk-kms-1.11.901.jar:/home/runner/.m2/repository/com/amazonaws/jmespath-java/1.11.901/jmespath-java-1.11.901.jar:/home/runner/.m2/repository/org/kohsuke/metainf-services/metainf-services/1.8/metainf-services-1.8.jar:/home/runner/.m2/repository/org/apache/ozone/hdds-tools/1.2.0-SNAPSHOT/hdds-tools-1.2.0-SNAPSHOT.jar:/home/runner/.m2/repository/commons-cli/commons-cli/1.2/commons-cli-1.2.jar:/home/runner/.m2/repository/org/apache/commons/commons-lang3/3.7/commons-lang3-3.7.jar:/home/runner/.m2/repository/org/apache/ozone/ozone-manager/1.2.0-SNAPSHOT/ozone-manager-1.2.0-SNAPSHOT-tests.jar:/home/runner/.m2/repository/org/apache/ozone/hdds-common/1.2.0-SNAPSHOT/hdds-common-1.2.0-SNAPSHOT-tests.jar:/home/runner/.m2/repository/org/apache/ozone/hdds-hadoop-dependency-client/1.2.0-SNAPSHOT/hdds-hadoop-dependency-client-1.2.0-SNAPSHOT.jar:/home/runner/.m2/repository/info/picocli/picocli/4.4.0/picocli-4.4.0.jar:/home/runner/.m2/repository/com/fasterxml/jackson/core/jackson-annotations/2.12.1/jackson-annotations-2.12.1.jar:/home/runner/.m2/repository/javax/annotation/javax.annotation-api/1.2/javax.annotation-api-1.2.jar:/home/runner/.m2/repository/org/apache/ratis/ratis-server/2.1.0/ratis-server-2.1.0.jar:/home/runner/.m2/repository/org/apache/ratis/ratis-client/2.1.0/ratis-client-2.1.0.jar:/home/runner/.m2/repository/org/apache/ratis/ratis-server-api/2.1.0/ratis-server-api-2.1.0.jar:/home/runner/.m2/repository/org/apache/ratis/ratis-metrics/2.1.0/ratis-metrics-2.1.0.jar:/home/runner/.m2/repository/org/apache/ratis/ratis-netty/2.1.0/ratis-netty-2.1.0.jar:/home/runner/.m2/repository/org/apache/ratis/ratis-grpc/2.1.0/ratis-grpc-2.1.0.jar:/home/runner/.m2/repository/org/apache/logging/log4j/log4j-api/2.13.3/log4j-api-2.13.3.jar:/home/runner/.m2/repository/org/apache/logging/log4j/log4j-core/2.13.3/log4j-core-2.13.3.jar:/home/runner/.m2/repository/com/lmax/disruptor/3.4.2/disruptor-3.4.2.jar:/home/runner/.m2/repository/org/apache/commons/commons-pool2/2.6.0/commons-pool2-2.6.0.jar:/home/runner/.m2/repository/org/bouncycastle/bcpkix-jdk15on/1.67/bcpkix-jdk15on-1.67.jar:/home/runner/.m2/repository/commons-validator/commons-validator/1.6/commons-validator-1.6.jar:/home/runner/.m2/repository/commons-beanutils/commons-beanutils/1.9.4/commons-beanutils-1.9.4.jar:/home/runner/.m2/repository/commons-digester/commons-digester/1.8.1/commons-digester-1.8.1.jar:/home/runner/.m2/repository/commons-collections/commons-collections/3.2.2/commons-collections-3.2.2.jar:/home/runner/.m2/repository/io/jaegertracing/jaeger-client/1.6.0/jaeger-client-1.6.0.jar:/home/runner/.m2/repository/io/jaegertracing/jaeger-thrift/1.6.0/jaeger-thrift-1.6.0.jar:/home/runner/.m2/repository/org/apache/thrift/libthrift/0.14.1/libthrift-0.14.1.jar:/home/runner/.m2/repository/com/squareup/okhttp3/okhttp/4.9.0/okhttp-4.9.0.jar:/home/runner/.m2/repository/com/squareup/okio/okio/2.8.0/okio-2.8.0.jar:/home/runner/.m2/repository/io/jaegertracing/jaeger-core/1.6.0/jaeger-core-1.6.0.jar:/home/runner/.m2/repository/io/jaegertracing/jaeger-tracerresolver/1.6.0/jaeger-tracerresolver-1.6.0.jar:/home/runner/.m2/repository/io/opentracing/contrib/opentracing-tracerresolver/0.1.8/opentracing-tracerresolver-0.1.8.jar:/home/runner/.m2/repository/org/jetbrains/kotlin/kotlin-stdlib/1.4.31/kotlin-stdlib-1.4.31.jar:/home/runner/.m2/repository/org/jetbrains/kotlin/kotlin-stdlib-common/1.4.31/kotlin-stdlib-common-1.4.31.jar:/home/runner/.m2/repository/org/jetbrains/annotations/13.0/annotations-13.0.jar:/home/runner/.m2/repository/io/opentracing/opentracing-util/0.33.0/opentracing-util-0.33.0.jar:/home/runner/.m2/repository/io/opentracing/opentracing-api/0.33.0/opentracing-api-0.33.0.jar:/home/runner/.m2/repository/io/opentracing/opentracing-noop/0.33.0/opentracing-noop-0.33.0.jar:/home/runner/.m2/repository/org/yaml/snakeyaml/1.26/snakeyaml-1.26.jar:/home/runner/.m2/repository/org/apache/ozone/hdds-interface-admin/1.2.0-SNAPSHOT/hdds-interface-admin-1.2.0-SNAPSHOT.jar:/home/runner/.m2/repository/junit/junit/4.13.1/junit-4.13.1.jar:/home/runner/.m2/repository/org/hamcrest/hamcrest-core/1.3/hamcrest-core-1.3.jar:/home/runner/.m2/repository/org/junit/jupiter/junit-jupiter-api/5.7.0/junit-jupiter-api-5.7.0.jar:/home/runner/.m2/repository/org/apiguardian/apiguardian-api/1.1.0/apiguardian-api-1.1.0.jar:/home/runner/.m2/repository/org/opentest4j/opentest4j/1.2.0/opentest4j-1.2.0.jar:/home/runner/.m2/repository/org/junit/platform/junit-platform-commons/1.7.0/junit-platform-commons-1.7.0.jar:/home/runner/.m2/repository/org/junit/jupiter/junit-jupiter-engine/5.7.0/junit-jupiter-engine-5.7.0.jar:/home/runner/.m2/repository/org/junit/platform/junit-platform-engine/1.7.0/junit-platform-engine-1.7.0.jar:/home/runner/.m2/repository/org/junit/vintage/junit-vintage-engine/5.7.0/junit-vintage-engine-5.7.0.jar:/home/runner/.m2/repository/org/junit/platform/junit-platform-launcher/1.7.0/junit-platform-launcher-1.7.0.jar:/home/runner/.m2/repository/org/openjdk/jmh/jmh-core/1.19/jmh-core-1.19.jar:/home/runner/.m2/repository/net/sf/jopt-simple/jopt-simple/4.6/jopt-simple-4.6.jar:/home/runner/.m2/repository/org/apache/commons/commons-math3/3.1.1/commons-math3-3.1.1.jar:/home/runner/.m2/repository/org/openjdk/jmh/jmh-generator-annprocess/1.19/jmh-generator-annprocess-1.19.jar:/home/runner/.m2/repository/org/mockito/mockito-core/2.28.2/mockito-core-2.28.2.jar:/home/runner/.m2/repository/net/bytebuddy/byte-buddy/1.9.10/byte-buddy-1.9.10.jar:/home/runner/.m2/repository/net/bytebuddy/byte-buddy-agent/1.9.10/byte-buddy-agent-1.9.10.jar:/home/runner/.m2/repository/org/objenesis/objenesis/1.0/objenesis-1.0.jar:/home/runner/.m2/repository/org/apache/hadoop/hadoop-kms/3.3.1/hadoop-kms-3.3.1.jar:/home/runner/.m2/repository/org/apache/hadoop/hadoop-auth/3.3.1/hadoop-auth-3.3.1.jar:/home/runner/.m2/repository/com/nimbusds/nimbus-jose-jwt/7.9/nimbus-jose-jwt-7.9.jar:/home/runner/.m2/repository/com/github/stephenc/jcip/jcip-annotations/1.0-1/jcip-annotations-1.0-1.jar:/home/runner/.m2/repository/net/minidev/json-smart/2.3/json-smart-2.3.jar:/home/runner/.m2/repository/net/minidev/accessors-smart/1.2/accessors-smart-1.2.jar:/home/runner/.m2/repository/org/ow2/asm/asm/5.0.4/asm-5.0.4.jar:/home/runner/.m2/repository/org/apache/zookeeper/zookeeper/3.5.6/zookeeper-3.5.6.jar:/home/runner/.m2/repository/org/apache/zookeeper/zookeeper-jute/3.5.6/zookeeper-jute-3.5.6.jar:/home/runner/.m2/repository/org/apache/yetus/audience-annotations/0.5.0/audience-annotations-0.5.0.jar:/home/runner/.m2/repository/org/apache/curator/curator-framework/4.2.0/curator-framework-4.2.0.jar:/home/runner/.m2/repository/org/apache/hadoop/thirdparty/hadoop-shaded-guava/1.1.1/hadoop-shaded-guava-1.1.1.jar:/home/runner/.m2/repository/com/sun/jersey/jersey-core/1.19/jersey-core-1.19.jar:/home/runner/.m2/repository/javax/ws/rs/jsr311-api/1.1.1/jsr311-api-1.1.1.jar:/home/runner/.m2/repository/com/sun/jersey/jersey-server/1.19/jersey-server-1.19.jar:/home/runner/.m2/repository/javax/servlet/javax.servlet-api/3.1.0/javax.servlet-api-3.1.0.jar:/home/runner/.m2/repository/org/eclipse/jetty/jetty-server/9.4.43.v20210629/jetty-server-9.4.43.v20210629.jar:/home/runner/.m2/repository/org/eclipse/jetty/jetty-http/9.4.43.v20210629/jetty-http-9.4.43.v20210629.jar:/home/runner/.m2/repository/org/eclipse/jetty/jetty-io/9.4.43.v20210629/jetty-io-9.4.43.v20210629.jar:/home/runner/.m2/repository/org/eclipse/jetty/jetty-webapp/9.4.43.v20210629/jetty-webapp-9.4.43.v20210629.jar:/home/runner/.m2/repository/org/eclipse/jetty/jetty-xml/9.4.43.v20210629/jetty-xml-9.4.43.v20210629.jar:/home/runner/.m2/repository/org/apache/hadoop/hadoop-common/3.3.1/hadoop-common-3.3.1.jar:/home/runner/.m2/repository/commons-net/commons-net/3.6/commons-net-3.6.jar:/home/runner/.m2/repository/jakarta/activation/jakarta.activation-api/1.2.1/jakarta.activation-api-1.2.1.jar:/home/runner/.m2/repository/com/sun/jersey/jersey-servlet/1.19/jersey-servlet-1.19.jar:/home/runner/.m2/repository/com/sun/jersey/jersey-json/1.19/jersey-json-1.19.jar:/home/runner/.m2/repository/org/codehaus/jettison/jettison/1.1/jettison-1.1.jar:/home/runner/.m2/repository/com/sun/xml/bind/jaxb-impl/2.2.3-1/jaxb-impl-2.2.3-1.jar:/home/runner/.m2/repository/org/codehaus/jackson/jackson-jaxrs/1.9.2/jackson-jaxrs-1.9.2.jar:/home/runner/.m2/repository/org/codehaus/jackson/jackson-xc/1.9.2/jackson-xc-1.9.2.jar:/home/runner/.m2/repository/org/apache/commons/commons-configuration2/2.1.1/commons-configuration2-2.1.1.jar:/home/runner/.m2/repository/org/apache/commons/commons-text/1.4/commons-text-1.4.jar:/home/runner/.m2/repository/com/google/re2j/re2j/1.1/re2j-1.1.jar:/home/runner/.m2/repository/com/jcraft/jsch/0.1.54/jsch-0.1.54.jar:/home/runner/.m2/repository/org/apache/curator/curator-client/4.2.0/curator-client-4.2.0.jar:/home/runner/.m2/repository/org/apache/curator/curator-recipes/4.2.0/curator-recipes-4.2.0.jar:/home/runner/.m2/repository/org/apache/kerby/kerb-core/1.0.1/kerb-core-1.0.1.jar:/home/runner/.m2/repository/org/apache/kerby/kerby-pkix/1.0.1/kerby-pkix-1.0.1.jar:/home/runner/.m2/repository/org/apache/kerby/kerby-asn1/1.0.1/kerby-asn1-1.0.1.jar:/home/runner/.m2/repository/org/apache/kerby/kerby-util/1.0.1/kerby-util-1.0.1.jar:/home/runner/.m2/repository/dnsjava/dnsjava/2.1.7/dnsjava-2.1.7.jar:/home/runner/.m2/repository/org/xerial/snappy/snappy-java/1.1.8.2/snappy-java-1.1.8.2.jar:/home/runner/.m2/repository/org/slf4j/jul-to-slf4j/1.7.30/jul-to-slf4j-1.7.30.jar:/home/runner/.m2/repository/org/eclipse/jetty/jetty-util/9.4.43.v20210629/jetty-util-9.4.43.v20210629.jar:/home/runner/.m2/repository/com/fasterxml/jackson/core/jackson-databind/2.12.1/jackson-databind-2.12.1.jar:/home/runner/.m2/repository/org/apache/hadoop/hadoop-kms/3.3.1/hadoop-kms-3.3.1-tests.jar:/home/runner/.m2/repository/org/apache/ozone/hdds-server-scm/1.2.0-SNAPSHOT/hdds-server-scm-1.2.0-SNAPSHOT-tests.jar:/home/runner/.m2/repository/org/apache/ozone/hdds-container-service/1.2.0-SNAPSHOT/hdds-container-service-1.2.0-SNAPSHOT-tests.jar:/home/runner/.m2/repository/commons-codec/commons-codec/1.11/commons-codec-1.11.jar:/home/runner/.m2/repository/io/netty/netty-transport/4.1.63.Final/netty-transport-4.1.63.Final.jar:/home/runner/.m2/repository/io/netty/netty-resolver/4.1.63.Final/netty-resolver-4.1.63.Final.jar:/home/runner/.m2/repository/io/netty/netty-codec/4.1.63.Final/netty-codec-4.1.63.Final.jar:/home/runner/.m2/repository/io/netty/netty-handler/4.1.63.Final/netty-handler-4.1.63.Final.jar:/home/runner/.m2/repository/org/apache/ozone/hdds-hadoop-dependency-test/1.2.0-SNAPSHOT/hdds-hadoop-dependency-test-1.2.0-SNAPSHOT.jar:/home/runner/.m2/repository/org/apache/hadoop/hadoop-common/3.3.1/hadoop-common-3.3.1-tests.jar:/home/runner/.m2/repository/org/assertj/assertj-core/3.12.2/assertj-core-3.12.2.jar:/home/runner/.m2/repository/org/apache/hadoop/hadoop-hdfs/3.3.1/hadoop-hdfs-3.3.1-tests.jar:/home/runner/.m2/repository/org/eclipse/jetty/jetty-util-ajax/9.4.43.v20210629/jetty-util-ajax-9.4.43.v20210629.jar:/home/runner/.m2/repository/commons-daemon/commons-daemon/1.0.13/commons-daemon-1.0.13.jar:/home/runner/.m2/repository/io/netty/netty/3.10.6.Final/netty-3.10.6.Final.jar:/home/runner/.m2/repository/io/netty/netty-all/4.1.63.Final/netty-all-4.1.63.Final.jar:/home/runner/.m2/repository/org/apache/htrace/htrace-core4/4.1.0-incubating/htrace-core4-4.1.0-incubating.jar:/home/runner/.m2/repository/org/fusesource/leveldbjni/leveldbjni-all/1.8/leveldbjni-all-1.8.jar:/home/runner/.m2/repository/org/apache/hadoop/hadoop-distcp/3.3.1/hadoop-distcp-3.3.1.jar:/home/runner/.m2/repository/org/apache/hadoop/hadoop-mapreduce-client-jobclient/3.3.1/hadoop-mapreduce-client-jobclient-3.3.1.jar:/home/runner/.m2/repository/org/apache/hadoop/hadoop-mapreduce-client-common/3.3.1/hadoop-mapreduce-client-common-3.3.1.jar:/home/runner/.m2/repository/org/apache/hadoop/hadoop-yarn-common/3.3.1/hadoop-yarn-common-3.3.1.jar:/home/runner/.m2/repository/org/apache/hadoop/hadoop-yarn-api/3.3.1/hadoop-yarn-api-3.3.1.jar:/home/runner/.m2/repository/com/sun/jersey/jersey-client/1.19/jersey-client-1.19.jar:/home/runner/.m2/repository/com/sun/jersey/contribs/jersey-guice/1.19/jersey-guice-1.19.jar:/home/runner/.m2/repository/com/fasterxml/jackson/jaxrs/jackson-jaxrs-json-provider/2.12.1/jackson-jaxrs-json-provider-2.12.1.jar:/home/runner/.m2/repository/com/fasterxml/jackson/jaxrs/jackson-jaxrs-base/2.12.1/jackson-jaxrs-base-2.12.1.jar:/home/runner/.m2/repository/org/apache/hadoop/hadoop-yarn-client/3.3.1/hadoop-yarn-client-3.3.1.jar:/home/runner/.m2/repository/org/eclipse/jetty/websocket/websocket-client/9.4.40.v20210413/websocket-client-9.4.40.v20210413.jar:/home/runner/.m2/repository/org/eclipse/jetty/jetty-client/9.4.40.v20210413/jetty-client-9.4.40.v20210413.jar:/home/runner/.m2/repository/org/eclipse/jetty/websocket/websocket-common/9.4.40.v20210413/websocket-common-9.4.40.v20210413.jar:/home/runner/.m2/repository/org/eclipse/jetty/websocket/websocket-api/9.4.40.v20210413/websocket-api-9.4.40.v20210413.jar:/home/runner/.m2/repository/org/jline/jline/3.9.0/jline-3.9.0.jar:/home/runner/.m2/repository/org/apache/hadoop/hadoop-mapreduce-client-core/3.3.1/hadoop-mapreduce-client-core-3.3.1.jar:/home/runner/.m2/repository/org/apache/avro/avro/1.7.7/avro-1.7.7.jar:/home/runner/.m2/repository/org/codehaus/jackson/jackson-core-asl/1.9.13/jackson-core-asl-1.9.13.jar:/home/runner/.m2/repository/org/codehaus/jackson/jackson-mapper-asl/1.9.13/jackson-mapper-asl-1.9.13.jar:/home/runner/.m2/repository/com/thoughtworks/paranamer/paranamer/2.3/paranamer-2.3.jar:/home/runner/.m2/repository/org/apache/hadoop/hadoop-annotations/3.3.1/hadoop-annotations-3.3.1.jar:/usr/lib/jvm/adoptopenjdk-8-hotspot-amd64/jre/../lib/tools.jar:/home/runner/.m2/repository/org/apache/hadoop/hadoop-distcp/3.3.1/hadoop-distcp-3.3.1-tests.jar:"/>
    <property name="sun.cpu.endian" value="little"/>
    <property name="user.home" value="/home/runner"/>
    <property name="user.language" value="en"/>
    <property name="java.specification.vendor" value="Oracle Corporation"/>
    <property name="java.home" value="/usr/lib/jvm/adoptopenjdk-8-hotspot-amd64/jre"/>
    <property name="java.security.krb5.conf" value="/home/runner/work/ozone/ozone/hadoop-ozone/integration-test/target/test-classes/krb5.conf"/>
    <property name="basedir" value="/home/runner/work/ozone/ozone/hadoop-ozone/integration-test"/>
    <property name="file.separator" value="/"/>
    <property name="line.separator" value="&#10;"/>
    <property name="java.vm.specification.vendor" value="Oracle Corporation"/>
    <property name="java.specification.name" value="Java Platform API Specification"/>
    <property name="java.awt.graphicsenv" value="sun.awt.X11GraphicsEnvironment"/>
    <property name="skip.installnpx" value="true"/>
    <property name="surefire.real.class.path" value="/home/runner/work/ozone/ozone/hadoop-ozone/integration-test/target/surefire/surefirebooter6274347756066636456.jar:/home/runner/.m2/repository/org/jacoco/org.jacoco.agent/0.8.5/org.jacoco.agent-0.8.5-runtime.jar"/>
    <property name="hadoop.log.dir" value="/home/runner/work/ozone/ozone/hadoop-ozone/integration-test/target/log"/>
    <property name="sun.boot.class.path" value="/usr/lib/jvm/adoptopenjdk-8-hotspot-amd64/jre/lib/resources.jar:/usr/lib/jvm/adoptopenjdk-8-hotspot-amd64/jre/lib/rt.jar:/usr/lib/jvm/adoptopenjdk-8-hotspot-amd64/jre/lib/sunrsasign.jar:/usr/lib/jvm/adoptopenjdk-8-hotspot-amd64/jre/lib/jsse.jar:/usr/lib/jvm/adoptopenjdk-8-hotspot-amd64/jre/lib/jce.jar:/usr/lib/jvm/adoptopenjdk-8-hotspot-amd64/jre/lib/charsets.jar:/usr/lib/jvm/adoptopenjdk-8-hotspot-amd64/jre/lib/jfr.jar:/usr/lib/jvm/adoptopenjdk-8-hotspot-amd64/jre/classes"/>
    <property name="sun.management.compiler" value="HotSpot 64-Bit Tiered Compilers"/>
    <property name="skip.npx" value="true"/>
    <property name="java.runtime.version" value="1.8.0_292-b10"/>
    <property name="java.net.preferIPv4Stack" value="true"/>
    <property name="user.name" value="runner"/>
    <property name="path.separator" value=":"/>
    <property name="java.security.egd" value="file:///dev/urandom"/>
    <property name="os.version" value="5.4.0-1055-azure"/>
    <property name="java.endorsed.dirs" value="/usr/lib/jvm/adoptopenjdk-8-hotspot-amd64/jre/lib/endorsed"/>
    <property name="java.runtime.name" value="OpenJDK Runtime Environment"/>
    <property name="file.encoding" value="UTF-8"/>
    <property name="java.vm.name" value="OpenJDK 64-Bit Server VM"/>
    <property name="test.build.webapps" value=""/>
    <property name="localRepository" value="/home/runner/.m2/repository"/>
    <property name="java.vendor.url.bug" value="https://github.com/AdoptOpenJDK/openjdk-support/issues"/>
    <property name="java.io.tmpdir" value="/tmp"/>
    <property name="require.test.libhadoop" value=""/>
    <property name="java.version" value="1.8.0_292"/>
    <property name="user.dir" value="/home/runner/work/ozone/ozone/hadoop-ozone/integration-test"/>
    <property name="os.arch" value="amd64"/>
    <property name="java.vm.specification.name" value="Java Virtual Machine Specification"/>
    <property name="test.build.classes" value="/home/runner/work/ozone/ozone/hadoop-ozone/integration-test/target/test-classes"/>
    <property name="java.awt.printerjob" value="sun.print.PSPrinterJob"/>
    <property name="sun.os.patch.level" value="unknown"/>
    <property name="hadoop.tmp.dir" value="/home/runner/work/ozone/ozone/hadoop-ozone/integration-test/target/tmp"/>
    <property name="java.library.path" value="/usr/java/packages/lib/amd64:/usr/lib64:/lib64:/lib:/usr/lib"/>
    <property name="java.vm.info" value="mixed mode"/>
    <property name="java.vendor" value="AdoptOpenJDK"/>
    <property name="java.vm.version" value="25.292-b10"/>
    <property name="java.ext.dirs" value="/usr/lib/jvm/adoptopenjdk-8-hotspot-amd64/jre/lib/ext:/usr/java/packages/lib/ext"/>
    <property name="sun.io.unicode.encoding" value="UnicodeLittle"/>
    <property name="java.class.version" value="52.0"/>
  </properties>
  <testcase name="testBlockDeleteCommandParallelProcess" classname="org.apache.hadoop.ozone.container.common.statemachine.commandhandler.TestBlockDeletion" time="43.755"/>
  <testcase name="testContainerStatisticsAfterDelete" classname="org.apache.hadoop.ozone.container.common.statemachine.commandhandler.TestBlockDeletion" time="64.312">
    <failure message="expected:&lt;DELETED&gt; but was:&lt;DELETING&gt;" type="java.lang.AssertionError"><![CDATA[java.lang.AssertionError: expected:<DELETED> but was:<DELETING>
	at org.junit.Assert.fail(Assert.java:89)
	at org.junit.Assert.failNotEquals(Assert.java:835)
	at org.junit.Assert.assertEquals(Assert.java:120)
	at org.junit.Assert.assertEquals(Assert.java:146)
	at org.apache.hadoop.ozone.container.common.statemachine.commandhandler.TestBlockDeletion.lambda$testContainerStatisticsAfterDelete$13(TestBlockDeletion.java:374)
	at java.util.ArrayList$ArrayListSpliterator.forEachRemaining(ArrayList.java:1384)
	at java.util.stream.ReferencePipeline$Head.forEach(ReferencePipeline.java:647)
	at org.apache.hadoop.ozone.container.common.statemachine.commandhandler.TestBlockDeletion.testContainerStatisticsAfterDelete(TestBlockDeletion.java:373)
	at sun.reflect.NativeMethodAccessorImpl.invoke0(Native Method)
	at sun.reflect.NativeMethodAccessorImpl.invoke(NativeMethodAccessorImpl.java:62)
	at sun.reflect.DelegatingMethodAccessorImpl.invoke(DelegatingMethodAccessorImpl.java:43)
	at java.lang.reflect.Method.invoke(Method.java:498)
	at org.junit.runners.model.FrameworkMethod$1.runReflectiveCall(FrameworkMethod.java:59)
	at org.junit.internal.runners.model.ReflectiveCallable.run(ReflectiveCallable.java:12)
	at org.junit.runners.model.FrameworkMethod.invokeExplosively(FrameworkMethod.java:56)
	at org.junit.internal.runners.statements.InvokeMethod.evaluate(InvokeMethod.java:17)
	at org.junit.internal.runners.statements.RunBefores.evaluate(RunBefores.java:26)
	at org.junit.internal.runners.statements.RunAfters.evaluate(RunAfters.java:27)
	at org.junit.runners.ParentRunner$3.evaluate(ParentRunner.java:306)
	at org.junit.runners.BlockJUnit4ClassRunner$1.evaluate(BlockJUnit4ClassRunner.java:100)
	at org.junit.runners.ParentRunner.runLeaf(ParentRunner.java:366)
	at org.junit.runners.BlockJUnit4ClassRunner.runChild(BlockJUnit4ClassRunner.java:103)
	at org.junit.runners.BlockJUnit4ClassRunner.runChild(BlockJUnit4ClassRunner.java:63)
	at org.junit.runners.ParentRunner$4.run(ParentRunner.java:331)
	at org.junit.runners.ParentRunner$1.schedule(ParentRunner.java:79)
	at org.junit.runners.ParentRunner.runChildren(ParentRunner.java:329)
	at org.junit.runners.ParentRunner.access$100(ParentRunner.java:66)
	at org.junit.runners.ParentRunner$2.evaluate(ParentRunner.java:293)
	at org.junit.runners.ParentRunner$3.evaluate(ParentRunner.java:306)
	at org.junit.runners.ParentRunner.run(ParentRunner.java:413)
	at org.junit.runner.JUnitCore.run(JUnitCore.java:137)
	at org.junit.runner.JUnitCore.run(JUnitCore.java:115)
	at org.junit.vintage.engine.execution.RunnerExecutor.execute(RunnerExecutor.java:43)
	at java.util.stream.ForEachOps$ForEachOp$OfRef.accept(ForEachOps.java:183)
	at java.util.stream.ReferencePipeline$3$1.accept(ReferencePipeline.java:193)
	at java.util.Iterator.forEachRemaining(Iterator.java:116)
	at java.util.Spliterators$IteratorSpliterator.forEachRemaining(Spliterators.java:1801)
	at java.util.stream.AbstractPipeline.copyInto(AbstractPipeline.java:482)
	at java.util.stream.AbstractPipeline.wrapAndCopyInto(AbstractPipeline.java:472)
	at java.util.stream.ForEachOps$ForEachOp.evaluateSequential(ForEachOps.java:150)
	at java.util.stream.ForEachOps$ForEachOp$OfRef.evaluateSequential(ForEachOps.java:173)
	at java.util.stream.AbstractPipeline.evaluate(AbstractPipeline.java:234)
	at java.util.stream.ReferencePipeline.forEach(ReferencePipeline.java:485)
	at org.junit.vintage.engine.VintageTestEngine.executeAllChildren(VintageTestEngine.java:82)
	at org.junit.vintage.engine.VintageTestEngine.execute(VintageTestEngine.java:73)
	at org.junit.platform.launcher.core.EngineExecutionOrchestrator.execute(EngineExecutionOrchestrator.java:108)
	at org.junit.platform.launcher.core.EngineExecutionOrchestrator.execute(EngineExecutionOrchestrator.java:88)
	at org.junit.platform.launcher.core.EngineExecutionOrchestrator.lambda$execute$0(EngineExecutionOrchestrator.java:54)
	at org.junit.platform.launcher.core.EngineExecutionOrchestrator.withInterceptedStreams(EngineExecutionOrchestrator.java:67)
	at org.junit.platform.launcher.core.EngineExecutionOrchestrator.execute(EngineExecutionOrchestrator.java:52)
	at org.junit.platform.launcher.core.DefaultLauncher.execute(DefaultLauncher.java:96)
	at org.junit.platform.launcher.core.DefaultLauncher.execute(DefaultLauncher.java:75)
	at org.apache.maven.surefire.junitplatform.JUnitPlatformProvider.invokeAllTests(JUnitPlatformProvider.java:142)
	at org.apache.maven.surefire.junitplatform.JUnitPlatformProvider.invoke(JUnitPlatformProvider.java:113)
	at org.apache.maven.surefire.booter.ForkedBooter.invokeProviderInSameClassLoader(ForkedBooter.java:384)
	at org.apache.maven.surefire.booter.ForkedBooter.runSuitesInProcess(ForkedBooter.java:345)
	at org.apache.maven.surefire.booter.ForkedBooter.execute(ForkedBooter.java:126)
	at org.apache.maven.surefire.booter.ForkedBooter.main(ForkedBooter.java:418)
]]></failure>
    <system-out><![CDATA[2021-08-11 08:46:40,053 [Listener at 127.0.0.1/33215] WARN  server.ServerUtils (ServerUtils.java:getScmDbDir(148)) - ozone.scm.db.dirs is not configured. We recommend adding this setting. Falling back to ozone.metadata.dirs instead.
2021-08-11 08:46:40,059 [Listener at 127.0.0.1/33215] INFO  ha.SCMHANodeDetails (SCMHANodeDetails.java:loadSCMHAConfig(157)) - ServiceID for StorageContainerManager is null
2021-08-11 08:46:40,059 [Listener at 127.0.0.1/33215] INFO  ha.SCMHANodeDetails (SCMHANodeDetails.java:loadSCMHAConfig(162)) - ozone.scm.default.service.id is not defined, falling back to ozone.scm.service.ids to find serviceID for StorageContainerManager if it is HA enabled cluster
2021-08-11 08:46:40,059 [Listener at 127.0.0.1/33215] WARN  server.ServerUtils (ServerUtils.java:getScmDbDir(148)) - ozone.scm.db.dirs is not configured. We recommend adding this setting. Falling back to ozone.metadata.dirs instead.
2021-08-11 08:46:40,060 [Listener at 127.0.0.1/33215] INFO  upgrade.AbstractLayoutVersionManager (AbstractLayoutVersionManager.java:init(70)) - Initializing Layout version manager with metadata layout = SCM_HA (version = 2), software layout = SCM_HA (version = 2)
2021-08-11 08:46:40,124 [Listener at 127.0.0.1/33215] INFO  reflections.Reflections (Reflections.java:scan(232)) - Reflections took 62 ms to scan 7 urls, producing 120 keys and 275 values 
2021-08-11 08:46:40,128 [Listener at 127.0.0.1/33215] WARN  utils.HAUtils (HAUtils.java:getMetaDir(342)) - ozone.scm.db.dirs is not configured. We recommend adding this setting. Falling back to ozone.metadata.dirs instead.
2021-08-11 08:46:40,131 [Listener at 127.0.0.1/33215] WARN  db.DBStoreBuilder (DBStoreBuilder.java:applyDBDefinition(145)) - ozone.scm.db.dirs is not configured. We recommend adding this setting. Falling back to ozone.metadata.dirs instead.
2021-08-11 08:46:40,253 [Listener at 127.0.0.1/33215] INFO  net.NodeSchemaLoader (NodeSchemaLoader.java:loadSchemaFromFile(129)) - Loading schema from [jar:file:/home/runner/.m2/repository/org/apache/ozone/hdds-common/1.2.0-SNAPSHOT/hdds-common-1.2.0-SNAPSHOT.jar!/network-topology-default.xml]
2021-08-11 08:46:40,253 [Listener at 127.0.0.1/33215] INFO  net.NodeSchemaLoader (NodeSchemaLoader.java:loadSchema(176)) - Loading network topology layer schema file
2021-08-11 08:46:40,255 [Listener at 127.0.0.1/33215] INFO  ha.SequenceIdGenerator (SequenceIdGenerator.java:upgradeToSequenceId(327)) - upgrade localId to 107544261427200000
2021-08-11 08:46:40,256 [Listener at 127.0.0.1/33215] INFO  ha.SequenceIdGenerator (SequenceIdGenerator.java:upgradeToSequenceId(337)) - upgrade delTxnId to 0
2021-08-11 08:46:40,256 [Listener at 127.0.0.1/33215] INFO  ha.SequenceIdGenerator (SequenceIdGenerator.java:upgradeToSequenceId(351)) - upgrade containerId to 0
2021-08-11 08:46:40,256 [Listener at 127.0.0.1/33215] INFO  ha.SequenceIdGenerator (SequenceIdGenerator.java:<init>(217)) - Init the HA SequenceIdGenerator.
2021-08-11 08:46:40,256 [Listener at 127.0.0.1/33215] INFO  node.SCMNodeManager (SCMNodeManager.java:<init>(145)) - Entering startup safe mode.
2021-08-11 08:46:40,257 [Listener at 127.0.0.1/33215] INFO  algorithms.ContainerPlacementPolicyFactory (ContainerPlacementPolicyFactory.java:getPolicy(60)) - Create container placement policy of type org.apache.hadoop.hdds.scm.container.placement.algorithms.SCMContainerPlacementRandom
2021-08-11 08:46:40,257 [Listener at 127.0.0.1/33215] INFO  pipeline.PipelineStateManager (PipelineStateManagerV2Impl.java:initialize(78)) - No pipeline exists in current db
2021-08-11 08:46:40,258 [Listener at 127.0.0.1/33215] INFO  algorithms.LeaderChoosePolicyFactory (LeaderChoosePolicyFactory.java:getPolicy(57)) - Create leader choose policy of type org.apache.hadoop.hdds.scm.pipeline.leader.choose.algorithms.MinLeaderCountChoosePolicy
2021-08-11 08:46:40,258 [Listener at 127.0.0.1/33215] INFO  ha.SCMServiceManager (SCMServiceManager.java:register(43)) - Registering service BackgroundPipelineCreator.
2021-08-11 08:46:40,258 [Listener at 127.0.0.1/33215] INFO  pipeline.BackgroundPipelineCreator (BackgroundPipelineCreatorV2.java:start(130)) - Starting RatisPipelineUtilsThread.
2021-08-11 08:46:40,259 [Listener at 127.0.0.1/33215] INFO  algorithms.PipelineChoosePolicyFactory (PipelineChoosePolicyFactory.java:createPipelineChoosePolicyFromClass(73)) - Create pipeline choose policy of type org.apache.hadoop.hdds.scm.pipeline.choose.algorithms.RandomPipelineChoosePolicy
2021-08-11 08:46:40,259 [Listener at 127.0.0.1/33215] INFO  ha.SCMServiceManager (SCMServiceManager.java:register(43)) - Registering service SCMBlockDeletingService.
2021-08-11 08:46:40,259 [Listener at 127.0.0.1/33215] INFO  ha.SCMServiceManager (SCMServiceManager.java:register(43)) - Registering service ReplicationManager.
2021-08-11 08:46:40,260 [Listener at 127.0.0.1/33215] INFO  container.ReplicationManager (ReplicationManager.java:start(286)) - Starting Replication Monitor Thread.
2021-08-11 08:46:40,272 [Listener at 127.0.0.1/33215] INFO  safemode.ContainerSafeModeRule (ContainerSafeModeRule.java:<init>(89)) - containers with one replica threshold count 0
2021-08-11 08:46:40,272 [Listener at 127.0.0.1/33215] INFO  safemode.HealthyPipelineSafeModeRule (HealthyPipelineSafeModeRule.java:initializeRule(156)) - Total pipeline count is 0, healthy pipeline threshold count is 1
2021-08-11 08:46:40,272 [Listener at 127.0.0.1/33215] INFO  safemode.OneReplicaPipelineSafeModeRule (OneReplicaPipelineSafeModeRule.java:initializeRule(180)) - Total pipeline count is 0, pipeline's with at least one datanode reported threshold count is 0
2021-08-11 08:46:40,287 [Listener at 127.0.0.1/33215] INFO  ipc.CallQueueManager (CallQueueManager.java:<init>(90)) - Using callQueue: class java.util.concurrent.LinkedBlockingQueue, queueCapacity: 2000, scheduler: class org.apache.hadoop.ipc.DefaultRpcScheduler, ipcBackoff: false.
2021-08-11 08:46:40,299 [Socket Reader #1 for port 0] INFO  ipc.Server (Server.java:run(1265)) - Starting Socket Reader #1 for port 0
2021-08-11 08:46:40,300 [Listener at 0.0.0.0/33263] INFO  ipc.CallQueueManager (CallQueueManager.java:<init>(90)) - Using callQueue: class java.util.concurrent.LinkedBlockingQueue, queueCapacity: 2000, scheduler: class org.apache.hadoop.ipc.DefaultRpcScheduler, ipcBackoff: false.
2021-08-11 08:46:40,314 [Socket Reader #1 for port 0] INFO  ipc.Server (Server.java:run(1265)) - Starting Socket Reader #1 for port 0
2021-08-11 08:46:40,324 [Listener at 0.0.0.0/35907] INFO  ipc.CallQueueManager (CallQueueManager.java:<init>(90)) - Using callQueue: class java.util.concurrent.LinkedBlockingQueue, queueCapacity: 2000, scheduler: class org.apache.hadoop.ipc.DefaultRpcScheduler, ipcBackoff: false.
2021-08-11 08:46:40,331 [Socket Reader #1 for port 0] INFO  ipc.Server (Server.java:run(1265)) - Starting Socket Reader #1 for port 0
2021-08-11 08:46:40,348 [ReplicationMonitor] INFO  container.ReplicationManager (ReplicationManager.java:processAll(341)) - Replication Monitor Thread took 0 milliseconds for processing 0 containers.
2021-08-11 08:46:40,364 [Listener at 0.0.0.0/42115] INFO  server.StorageContainerManager (StorageContainerManager.java:<init>(380)) - 
Container Balancer status:
Key                            Value
Running                        true
Container Balancer Configuration values:
Key                            Value
Threshold                      0.1
Max Datanodes to Balance       5
Max Size to Move               10737418240B

2021-08-11 08:46:40,367 [Listener at 0.0.0.0/42115] WARN  events.EventQueue (EventQueue.java:fireEvent(194)) - No event handler registered for event TypedEvent{payloadType=SafeModeStatus, name='Safe mode status'}
2021-08-11 08:46:40,368 [Listener at 0.0.0.0/42115] INFO  ha.SCMContext (SCMContext.java:updateSafeModeStatus(205)) - Update SafeModeStatus from SafeModeStatus{safeModeStatus=true, preCheckPassed=false} to SafeModeStatus{safeModeStatus=true, preCheckPassed=false}.
2021-08-11 08:46:40,368 [Listener at 0.0.0.0/42115] INFO  server.StorageContainerManager (StorageContainerManager.java:start(1246)) - StorageContainerLocationProtocol RPC server is listening at /0.0.0.0:42115
2021-08-11 08:46:40,369 [Listener at 0.0.0.0/42115] WARN  impl.MetricsConfig (MetricsConfig.java:loadFirst(136)) - Cannot locate configuration: tried hadoop-metrics2-storagecontainermanager.properties,hadoop-metrics2.properties
2021-08-11 08:46:40,376 [Listener at 0.0.0.0/42115] INFO  impl.MetricsSystemImpl (MetricsSystemImpl.java:startTimer(378)) - Scheduled Metric snapshot period at 10 second(s).
2021-08-11 08:46:40,376 [Listener at 0.0.0.0/42115] INFO  impl.MetricsSystemImpl (MetricsSystemImpl.java:start(191)) - StorageContainerManager metrics system started
2021-08-11 08:46:40,391 [Listener at 0.0.0.0/42115] INFO  impl.MetricsSinkAdapter (MetricsSinkAdapter.java:start(204)) - Sink prometheus started
2021-08-11 08:46:40,391 [Listener at 0.0.0.0/42115] INFO  impl.MetricsSystemImpl (MetricsSystemImpl.java:registerSink(305)) - Registered sink prometheus
2021-08-11 08:46:40,421 [Listener at 0.0.0.0/42115] INFO  server.SCMClientProtocolServer (SCMClientProtocolServer.java:start(165)) - RPC server for Client  is listening at /0.0.0.0:42115
2021-08-11 08:46:40,421 [IPC Server Responder] INFO  ipc.Server (Server.java:run(1507)) - IPC Server Responder: starting
2021-08-11 08:46:40,431 [IPC Server listener on 0] INFO  ipc.Server (Server.java:run(1344)) - IPC Server listener on 0: starting
2021-08-11 08:46:40,527 [Listener at 0.0.0.0/42115] INFO  server.StorageContainerManager (StorageContainerManager.java:start(1261)) - ScmBlockLocationProtocol RPC server is listening at /0.0.0.0:35907
2021-08-11 08:46:40,527 [Listener at 0.0.0.0/42115] INFO  server.SCMBlockProtocolServer (SCMBlockProtocolServer.java:start(151)) - RPC server for Block Protocol is listening at /0.0.0.0:35907
2021-08-11 08:46:40,534 [IPC Server Responder] INFO  ipc.Server (Server.java:run(1507)) - IPC Server Responder: starting
2021-08-11 08:46:40,535 [IPC Server listener on 0] INFO  ipc.Server (Server.java:run(1344)) - IPC Server listener on 0: starting
2021-08-11 08:46:40,569 [Listener at 0.0.0.0/42115] INFO  server.StorageContainerManager (StorageContainerManager.java:start(1267)) - ScmDatanodeProtocl RPC server is listening at /0.0.0.0:33263
2021-08-11 08:46:40,569 [Listener at 0.0.0.0/42115] INFO  server.SCMDatanodeProtocolServer (SCMDatanodeProtocolServer.java:start(181)) - RPC server for DataNodes is listening at /0.0.0.0:33263
2021-08-11 08:46:40,574 [IPC Server Responder] INFO  ipc.Server (Server.java:run(1507)) - IPC Server Responder: starting
2021-08-11 08:46:40,578 [IPC Server listener on 0] INFO  ipc.Server (Server.java:run(1344)) - IPC Server listener on 0: starting
2021-08-11 08:46:40,600 [Listener at 0.0.0.0/42115] INFO  http.BaseHttpServer (BaseHttpServer.java:newHttpServer2BuilderForOzone(209)) - Starting Web-server for scm at: http://0.0.0.0:0
2021-08-11 08:46:40,600 [Listener at 0.0.0.0/42115] INFO  http.BaseHttpServer (BaseHttpServer.java:<init>(107)) - Hadoop Security Enabled: false Ozone Security Enabled: false Ozone HTTP Security Enabled: false 
2021-08-11 08:46:40,600 [org.apache.hadoop.util.JvmPauseMonitor$Monitor@4cc6713c] INFO  util.JvmPauseMonitor (JvmPauseMonitor.java:run(188)) - Starting JVM pause monitor
2021-08-11 08:46:40,605 [Listener at 0.0.0.0/42115] INFO  server.AuthenticationFilter (AuthenticationFilter.java:constructSecretProvider(240)) - Unable to initialize FileSignerSecretProvider, falling back to use random secrets.
2021-08-11 08:46:40,605 [Listener at 0.0.0.0/42115] WARN  http.HttpRequestLog (HttpRequestLog.java:getRequestLog(103)) - Jetty request log can only be enabled using Log4j
2021-08-11 08:46:40,606 [Listener at 0.0.0.0/42115] INFO  http.HttpServer2 (HttpServer2.java:addGlobalFilter(1020)) - Added global filter 'safety' (class=org.apache.hadoop.hdds.server.http.HttpServer2$QuotingInputFilter)
2021-08-11 08:46:40,607 [Listener at 0.0.0.0/42115] INFO  http.HttpServer2 (HttpServer2.java:addFilter(996)) - Added filter static_user_filter (class=org.apache.hadoop.http.lib.StaticUserWebFilter$StaticUserFilter) to context scm
2021-08-11 08:46:40,607 [Listener at 0.0.0.0/42115] INFO  http.HttpServer2 (HttpServer2.java:addFilter(1004)) - Added filter static_user_filter (class=org.apache.hadoop.http.lib.StaticUserWebFilter$StaticUserFilter) to context static
2021-08-11 08:46:40,607 [Listener at 0.0.0.0/42115] INFO  http.HttpServer2 (HttpServer2.java:addFilter(1004)) - Added filter static_user_filter (class=org.apache.hadoop.http.lib.StaticUserWebFilter$StaticUserFilter) to context logs
2021-08-11 08:46:40,608 [Listener at 0.0.0.0/42115] INFO  http.HttpServer2 (HttpServer2.java:bindListener(1239)) - Jetty bound to port 41619
2021-08-11 08:46:40,608 [Listener at 0.0.0.0/42115] INFO  server.Server (Server.java:doStart(375)) - jetty-9.4.43.v20210629; built: 2021-06-30T11:07:22.254Z; git: 526006ecfa3af7f1a27ef3a288e2bef7ea9dd7e8; jvm 1.8.0_292-b10
2021-08-11 08:46:40,610 [Listener at 0.0.0.0/42115] INFO  server.session (DefaultSessionIdManager.java:doStart(334)) - DefaultSessionIdManager workerName=node0
2021-08-11 08:46:40,610 [Listener at 0.0.0.0/42115] INFO  server.session (DefaultSessionIdManager.java:doStart(339)) - No SessionScavenger set, using defaults
2021-08-11 08:46:40,610 [Listener at 0.0.0.0/42115] INFO  server.session (HouseKeeper.java:startScavenging(132)) - node0 Scavenging every 660000ms
2021-08-11 08:46:40,612 [Listener at 0.0.0.0/42115] INFO  handler.ContextHandler (ContextHandler.java:doStart(915)) - Started o.e.j.s.ServletContextHandler@2a9f2f11{logs,/logs,file:///home/runner/work/ozone/ozone/hadoop-ozone/integration-test/target/log,AVAILABLE}
2021-08-11 08:46:40,612 [Listener at 0.0.0.0/42115] INFO  handler.ContextHandler (ContextHandler.java:doStart(915)) - Started o.e.j.s.ServletContextHandler@78a47ca8{static,/static,file:///home/runner/work/ozone/ozone/hadoop-ozone/integration-test/target/test-classes/webapps/static,AVAILABLE}
2021-08-11 08:46:40,622 [Listener at 0.0.0.0/42115] INFO  handler.ContextHandler (ContextHandler.java:doStart(915)) - Started o.e.j.w.WebAppContext@28aee12e{scm,/,file:///home/runner/work/ozone/ozone/hadoop-ozone/integration-test/target/test-classes/webapps/scm/,AVAILABLE}{file:/home/runner/work/ozone/ozone/hadoop-ozone/integration-test/target/test-classes/webapps/scm}
2021-08-11 08:46:40,632 [Listener at 0.0.0.0/42115] INFO  server.AbstractConnector (AbstractConnector.java:doStart(331)) - Started ServerConnector@150dec7b{HTTP/1.1, (http/1.1)}{0.0.0.0:41619}
2021-08-11 08:46:40,632 [Listener at 0.0.0.0/42115] INFO  server.Server (Server.java:doStart(415)) - Started @45423ms
2021-08-11 08:46:40,632 [Listener at 0.0.0.0/42115] WARN  impl.MetricsSystemImpl (MetricsSystemImpl.java:register(279)) - Sink prometheus already exists!
2021-08-11 08:46:40,633 [Listener at 0.0.0.0/42115] INFO  http.BaseHttpServer (BaseHttpServer.java:updateConnectorAddress(329)) - HTTP server of scm listening at http://0.0.0.0:41619
2021-08-11 08:46:40,633 [Listener at 0.0.0.0/42115] WARN  server.ServerUtils (ServerUtils.java:getDBPath(225)) - ozone.om.db.dirs is not configured. We recommend adding this setting. Falling back to ozone.metadata.dirs instead.
2021-08-11 08:46:40,634 [Listener at 0.0.0.0/42115] INFO  ha.OMHANodeDetails (OMHANodeDetails.java:loadOMHAConfig(112)) - ozone.om.internal.service.id is not defined, falling back to ozone.om.service.ids to find serviceID for OzoneManager if it is HA enabled cluster
2021-08-11 08:46:40,634 [Listener at 0.0.0.0/42115] INFO  ha.OMHANodeDetails (OMHANodeDetails.java:loadOMHAConfig(219)) - Configuration does not have ozone.om.address set. Falling back to the default OM address /127.0.0.1:0
2021-08-11 08:46:40,634 [Listener at 0.0.0.0/42115] INFO  ha.OMHANodeDetails (OMHANodeDetails.java:getOMNodeDetails(247)) - OM Service ID is not set. Setting it to the default ID: omServiceIdDefault
2021-08-11 08:46:40,634 [Listener at 0.0.0.0/42115] INFO  ha.OMHANodeDetails (OMHANodeDetails.java:getOMNodeDetails(254)) - OM Node ID is not set. Setting it to the default ID: om1
2021-08-11 08:46:40,635 [Listener at 0.0.0.0/42115] WARN  server.ServerUtils (ServerUtils.java:getDBPath(225)) - ozone.om.db.dirs is not configured. We recommend adding this setting. Falling back to ozone.metadata.dirs instead.
2021-08-11 08:46:40,635 [Listener at 0.0.0.0/42115] INFO  upgrade.AbstractLayoutVersionManager (AbstractLayoutVersionManager.java:init(70)) - Initializing Layout version manager with metadata layout = INITIAL_VERSION (version = 0), software layout = INITIAL_VERSION (version = 0)
2021-08-11 08:46:40,704 [Listener at 0.0.0.0/42115] INFO  reflections.Reflections (Reflections.java:scan(232)) - Reflections took 68 ms to scan 2 urls, producing 131 keys and 342 values [using 2 cores]
2021-08-11 08:46:40,704 [Listener at 0.0.0.0/42115] INFO  upgrade.OMLayoutVersionManager (OMLayoutVersionManager.java:lambda$0(116)) - Skipping Upgrade Action MockOmUpgradeAction since it has been finalized.
2021-08-11 08:46:40,704 [Listener at 0.0.0.0/42115] WARN  server.ServerUtils (ServerUtils.java:getDBPath(225)) - ozone.om.db.dirs is not configured. We recommend adding this setting. Falling back to ozone.metadata.dirs instead.
2021-08-11 08:46:40,713 [Listener at 0.0.0.0/42115] WARN  server.ServerUtils (ServerUtils.java:getDBPath(225)) - ozone.om.db.dirs is not configured. We recommend adding this setting. Falling back to ozone.metadata.dirs instead.
2021-08-11 08:46:40,713 [Listener at 0.0.0.0/42115] INFO  codec.OmKeyInfoCodec (OmKeyInfoCodec.java:<init>(51)) - OmKeyInfoCodec ignorePipeline = true
2021-08-11 08:46:40,713 [Listener at 0.0.0.0/42115] INFO  codec.RepeatedOmKeyInfoCodec (RepeatedOmKeyInfoCodec.java:<init>(42)) - RepeatedOmKeyInfoCodec ignorePipeline = true
2021-08-11 08:46:40,890 [Listener at 0.0.0.0/42115] INFO  om.OzoneManager (OzoneManager.java:addS3GVolumeToDB(4115)) - Created Volume s3v With Owner runner required for S3Gateway operations.
2021-08-11 08:46:40,890 [Listener at 0.0.0.0/42115] WARN  server.ServerUtils (ServerUtils.java:getDefaultRatisDirectory(237)) - Storage directory for Ratis is not configured. It is a good idea to map this to an SSD disk. Falling back to ozone.metadata.dirs
2021-08-11 08:46:40,890 [Listener at 0.0.0.0/42115] WARN  utils.OzoneManagerRatisUtils (OzoneManagerRatisUtils.java:getOMRatisSnapshotDirectory(391)) - ozone.om.ratis.snapshot.dir is not configured. Falling back to ozone.metadata.dirs config
2021-08-11 08:46:40,891 [Listener at 0.0.0.0/42115] WARN  impl.MetricRegistriesImpl (MetricRegistriesImpl.java:addReporterRegistration(111)) - New reporters are added after registries were created. Some metrics will be missing from the reporter. Please add reporter before adding any new registry.
2021-08-11 08:46:40,891 [Listener at 0.0.0.0/42115] WARN  impl.MetricRegistriesImpl (MetricRegistriesImpl.java:addReporterRegistration(111)) - New reporters are added after registries were created. Some metrics will be missing from the reporter. Please add reporter before adding any new registry.
2021-08-11 08:46:40,891 [Listener at 0.0.0.0/42115] WARN  server.ServerUtils (ServerUtils.java:getDefaultRatisDirectory(237)) - Storage directory for Ratis is not configured. It is a good idea to map this to an SSD disk. Falling back to ozone.metadata.dirs
2021-08-11 08:46:40,892 [Listener at 0.0.0.0/42115] INFO  ratis.OzoneManagerRatisServer (OzoneManagerRatisServer.java:<init>(158)) - Instantiating OM Ratis server with groupID: omServiceIdDefault and peers: localhost:9872
2021-08-11 08:46:40,892 [Listener at 0.0.0.0/42115] INFO  ratis.OzoneManagerStateMachine (OzoneManagerStateMachine.java:loadSnapshotInfoFromDB(605)) - LastAppliedIndex is set from TransactionInfo from OM DB as (t:0, i:~)
2021-08-11 08:46:40,893 [Listener at 0.0.0.0/42115] INFO  server.RaftServer (ConfUtils.java:logGet(44)) - raft.rpc.type = GRPC (default)
2021-08-11 08:46:40,893 [Listener at 0.0.0.0/42115] INFO  grpc.GrpcFactory (GrpcFactory.java:checkPooledByteBufAllocatorUseCacheForAllThreads(48)) - PERFORMANCE WARNING: useCacheForAllThreads is true that may cause Netty to create a lot garbage objects and, as a result, trigger GC.
	It is recommended to disable useCacheForAllThreads by setting -Dorg.apache.ratis.thirdparty.io.netty.allocator.useCacheForAllThreads=false in command line.
2021-08-11 08:46:40,893 [Listener at 0.0.0.0/42115] INFO  grpc.GrpcConfigKeys (ConfUtils.java:logGet(44)) - raft.grpc.admin.port = -1 (default)
2021-08-11 08:46:40,893 [Listener at 0.0.0.0/42115] INFO  grpc.GrpcConfigKeys (ConfUtils.java:logGet(44)) - raft.grpc.server.port = 9872 (custom)
2021-08-11 08:46:40,893 [Listener at 0.0.0.0/42115] INFO  grpc.GrpcConfigKeys (ConfUtils.java:logGet(44)) - raft.grpc.client.port = -1 (default)
2021-08-11 08:46:40,893 [Listener at 0.0.0.0/42115] INFO  grpc.GrpcConfigKeys (ConfUtils.java:logGet(44)) - raft.grpc.server.port = 9872 (custom)
2021-08-11 08:46:40,893 [Listener at 0.0.0.0/42115] INFO  grpc.GrpcConfigKeys (ConfUtils.java:logGet(44)) - raft.grpc.server.port = 9872 (custom)
2021-08-11 08:46:40,894 [Listener at 0.0.0.0/42115] INFO  server.GrpcService (ConfUtils.java:logGet(44)) - raft.grpc.message.size.max = 33554432 (custom)
2021-08-11 08:46:40,894 [Listener at 0.0.0.0/42115] INFO  server.RaftServerConfigKeys (ConfUtils.java:logGet(44)) - raft.server.log.appender.buffer.byte-limit = 33554432 (custom)
2021-08-11 08:46:40,894 [Listener at 0.0.0.0/42115] INFO  server.GrpcService (ConfUtils.java:logGet(44)) - raft.grpc.flow.control.window = 1MB (=1048576) (default)
2021-08-11 08:46:40,894 [Listener at 0.0.0.0/42115] INFO  server.RaftServerConfigKeys (ConfUtils.java:logGet(44)) - raft.server.rpc.request.timeout = 3000ms (default)
2021-08-11 08:46:40,895 [Listener at 0.0.0.0/42115] INFO  impl.DataStreamServerImpl (ConfUtils.java:logGet(44)) - raft.datastream.type = DISABLED (default)
2021-08-11 08:46:40,895 [Listener at 0.0.0.0/42115] INFO  server.RaftServerConfigKeys (ConfUtils.java:logGet(44)) - raft.server.rpc.slowness.timeout = 120s (custom)
2021-08-11 08:46:40,899 [Listener at 0.0.0.0/42115] INFO  server.RaftServerConfigKeys (ConfUtils.java:logGet(44)) - raft.server.leaderelection.leader.step-down.wait-time = 10s (default)
2021-08-11 08:46:40,899 [Listener at 0.0.0.0/42115] INFO  server.RaftServerConfigKeys (ConfUtils.java:logGet(44)) - raft.server.storage.dir = [/home/runner/work/ozone/ozone/hadoop-ozone/integration-test/target/test-dir/MiniOzoneClusterImpl-c4fb58e9-55df-43b6-ac52-1e7b71033b91/ozone-meta/ratis] (custom)
2021-08-11 08:46:40,899 [Listener at 0.0.0.0/42115] INFO  server.RaftServer (RaftServerProxy.java:addNew(95)) - om1: addNew group-C5BA1605619E:[om1|rpc:localhost:9872|priority:0] returns group-C5BA1605619E:java.util.concurrent.CompletableFuture@31d4c6c9[Not completed]
2021-08-11 08:46:40,900 [Listener at 0.0.0.0/42115] INFO  om.OzoneManager (OzoneManager.java:initializeRatisServer(1573)) - OzoneManager Ratis server initialized at port 9872
2021-08-11 08:46:40,901 [Listener at 0.0.0.0/42115] INFO  ipc.CallQueueManager (CallQueueManager.java:<init>(90)) - Using callQueue: class java.util.concurrent.LinkedBlockingQueue, queueCapacity: 2000, scheduler: class org.apache.hadoop.ipc.DefaultRpcScheduler, ipcBackoff: false.
2021-08-11 08:46:40,902 [pool-269-thread-1] INFO  server.RaftServer$Division (RaftServerImpl.java:<init>(181)) - om1: new RaftServerImpl for group-C5BA1605619E:[om1|rpc:localhost:9872|priority:0] with OzoneManagerStateMachine:uninitialized
2021-08-11 08:46:40,908 [pool-269-thread-1] INFO  server.RaftServerConfigKeys (ConfUtils.java:logGet(44)) - raft.server.rpc.timeout.min = 1s (custom)
2021-08-11 08:46:40,908 [pool-269-thread-1] INFO  server.RaftServerConfigKeys (ConfUtils.java:logGet(44)) - raft.server.rpc.timeout.max = 1200ms (custom)
2021-08-11 08:46:40,909 [pool-269-thread-1] INFO  server.RaftServerConfigKeys (ConfUtils.java:logGet(44)) - raft.server.rpc.sleep.time = 25ms (default)
2021-08-11 08:46:40,909 [pool-269-thread-1] INFO  server.RaftServerConfigKeys (ConfUtils.java:logGet(44)) - raft.server.rpc.slowness.timeout = 120s (custom)
2021-08-11 08:46:40,909 [pool-269-thread-1] INFO  server.RaftServerConfigKeys (ConfUtils.java:logGet(44)) - raft.server.leaderelection.leader.step-down.wait-time = 10s (default)
2021-08-11 08:46:40,909 [pool-269-thread-1] INFO  server.RaftServerConfigKeys (ConfUtils.java:logGet(44)) - raft.server.sleep.deviation.threshold = 300ms (default)
2021-08-11 08:46:40,909 [pool-269-thread-1] INFO  server.RaftServerConfigKeys (ConfUtils.java:logGet(44)) - raft.server.log.appender.install.snapshot.enabled = false (custom)
2021-08-11 08:46:40,909 [pool-269-thread-1] INFO  server.RaftServer$Division (ServerState.java:<init>(105)) - om1@group-C5BA1605619E: ConfigurationManager, init=-1: [om1|rpc:localhost:9872|priority:0], old=null, confs=<EMPTY_MAP>
2021-08-11 08:46:40,909 [pool-269-thread-1] INFO  server.RaftServerConfigKeys (ConfUtils.java:logGet(44)) - raft.server.storage.dir = [/home/runner/work/ozone/ozone/hadoop-ozone/integration-test/target/test-dir/MiniOzoneClusterImpl-c4fb58e9-55df-43b6-ac52-1e7b71033b91/ozone-meta/ratis] (custom)
2021-08-11 08:46:40,909 [pool-269-thread-1] INFO  server.RaftServerConfigKeys (ConfUtils.java:logGet(44)) - raft.server.log.corruption.policy = EXCEPTION (default)
2021-08-11 08:46:40,909 [pool-269-thread-1] INFO  server.RaftServerConfigKeys (ConfUtils.java:logGet(44)) - raft.server.storage.free-space.min = 0MB (=0) (default)
2021-08-11 08:46:40,909 [pool-269-thread-1] INFO  storage.RaftStorageDirectory (RaftStorageDirectoryImpl.java:analyzeStorage(135)) - The storage directory /home/runner/work/ozone/ozone/hadoop-ozone/integration-test/target/test-dir/MiniOzoneClusterImpl-c4fb58e9-55df-43b6-ac52-1e7b71033b91/ozone-meta/ratis/bf265839-605b-3f16-9796-c5ba1605619e does not exist. Creating ...
2021-08-11 08:46:40,910 [pool-269-thread-1] INFO  storage.RaftStorageDirectory (RaftStorageDirectoryImpl.java:tryLock(230)) - Lock on /home/runner/work/ozone/ozone/hadoop-ozone/integration-test/target/test-dir/MiniOzoneClusterImpl-c4fb58e9-55df-43b6-ac52-1e7b71033b91/ozone-meta/ratis/bf265839-605b-3f16-9796-c5ba1605619e/in_use.lock acquired by nodename 29959@fv-az291-953
2021-08-11 08:46:40,911 [Socket Reader #1 for port 0] INFO  ipc.Server (Server.java:run(1265)) - Starting Socket Reader #1 for port 0
2021-08-11 08:46:40,917 [pool-269-thread-1] INFO  storage.RaftStorage (RaftStorageImpl.java:format(89)) - Storage directory /home/runner/work/ozone/ozone/hadoop-ozone/integration-test/target/test-dir/MiniOzoneClusterImpl-c4fb58e9-55df-43b6-ac52-1e7b71033b91/ozone-meta/ratis/bf265839-605b-3f16-9796-c5ba1605619e has been successfully formatted.
2021-08-11 08:46:40,918 [pool-269-thread-1] INFO  server.RaftServerConfigKeys (ConfUtils.java:logGet(44)) - raft.server.notification.no-leader.timeout = 120s (custom)
2021-08-11 08:46:40,918 [pool-269-thread-1] INFO  server.RaftServerConfigKeys (ConfUtils.java:logGet(44)) - raft.server.log.use.memory = false (default)
2021-08-11 08:46:40,918 [pool-269-thread-1] INFO  server.RaftServerConfigKeys (ConfUtils.java:logGet(44)) - raft.server.log.purge.gap = 1000000 (custom)
2021-08-11 08:46:40,918 [pool-269-thread-1] INFO  server.RaftServerConfigKeys (ConfUtils.java:logGet(44)) - raft.server.log.appender.buffer.byte-limit = 33554432 (custom)
2021-08-11 08:46:40,918 [pool-269-thread-1] INFO  server.RaftServerConfigKeys (ConfUtils.java:logGet(44)) - raft.server.log.segment.size.max = 4194304 (custom)
2021-08-11 08:46:40,918 [pool-269-thread-1] INFO  server.RaftServerConfigKeys (ConfUtils.java:logGet(44)) - raft.server.log.segment.cache.num.max = 2 (custom)
2021-08-11 08:46:40,918 [pool-269-thread-1] INFO  server.RaftServerConfigKeys (ConfUtils.java:logGet(44)) - raft.server.log.segment.cache.size.max = 200MB (=209715200) (default)
2021-08-11 08:46:40,918 [pool-269-thread-1] INFO  segmented.SegmentedRaftLogWorker (SegmentedRaftLogWorker.java:<init>(182)) - new om1@group-C5BA1605619E-SegmentedRaftLogWorker for RaftStorageImpl:Storage Directory /home/runner/work/ozone/ozone/hadoop-ozone/integration-test/target/test-dir/MiniOzoneClusterImpl-c4fb58e9-55df-43b6-ac52-1e7b71033b91/ozone-meta/ratis/bf265839-605b-3f16-9796-c5ba1605619e
2021-08-11 08:46:40,918 [pool-269-thread-1] INFO  server.RaftServerConfigKeys (ConfUtils.java:logGet(44)) - raft.server.log.queue.byte-limit = 64MB (=67108864) (default)
2021-08-11 08:46:40,919 [pool-269-thread-1] INFO  server.RaftServerConfigKeys (ConfUtils.java:logGet(44)) - raft.server.log.queue.element-limit = 4096 (default)
2021-08-11 08:46:40,919 [pool-269-thread-1] INFO  server.RaftServerConfigKeys (ConfUtils.java:logGet(44)) - raft.server.log.segment.size.max = 4194304 (custom)
2021-08-11 08:46:40,919 [pool-269-thread-1] INFO  server.RaftServerConfigKeys (ConfUtils.java:logGet(44)) - raft.server.log.preallocated.size = 4194304 (custom)
2021-08-11 08:46:40,919 [pool-269-thread-1] INFO  server.RaftServerConfigKeys (ConfUtils.java:logGet(44)) - raft.server.log.force.sync.num = 128 (default)
2021-08-11 08:46:40,919 [pool-269-thread-1] INFO  server.RaftServerConfigKeys (ConfUtils.java:logGet(44)) - raft.server.log.statemachine.data.sync = true (default)
2021-08-11 08:46:40,919 [pool-269-thread-1] INFO  server.RaftServerConfigKeys (ConfUtils.java:logGet(44)) - raft.server.log.statemachine.data.sync.timeout = 10s (default)
2021-08-11 08:46:40,919 [pool-269-thread-1] INFO  server.RaftServerConfigKeys (ConfUtils.java:logGet(44)) - raft.server.log.statemachine.data.sync.timeout.retry = -1 (default)
2021-08-11 08:46:40,921 [pool-269-thread-1] INFO  server.RaftServerConfigKeys (ConfUtils.java:logGet(44)) - raft.server.log.write.buffer.size = 64KB (=65536) (default)
2021-08-11 08:46:40,921 [pool-269-thread-1] INFO  server.RaftServerConfigKeys (ConfUtils.java:logGet(44)) - raft.server.log.statemachine.data.caching.enabled = false (default)
2021-08-11 08:46:40,923 [pool-269-thread-1] INFO  segmented.SegmentedRaftLogWorker (SegmentedRaftLogWorker.java:lambda$new$0(133)) - om1@group-C5BA1605619E-SegmentedRaftLogWorker: flushIndex: setUnconditionally 0 -> -1
2021-08-11 08:46:40,923 [pool-269-thread-1] INFO  segmented.SegmentedRaftLogWorker (SegmentedRaftLogWorker.java:lambda$new$0(133)) - om1@group-C5BA1605619E-SegmentedRaftLogWorker: safeCacheEvictIndex: setUnconditionally 0 -> -1
2021-08-11 08:46:40,925 [pool-269-thread-1] INFO  server.RaftServerConfigKeys (ConfUtils.java:logGet(44)) - raft.server.snapshot.auto.trigger.enabled = true (custom)
2021-08-11 08:46:40,925 [pool-269-thread-1] INFO  server.RaftServerConfigKeys (ConfUtils.java:logGet(44)) - raft.server.snapshot.auto.trigger.threshold = 400000 (default)
2021-08-11 08:46:40,925 [pool-269-thread-1] INFO  server.RaftServerConfigKeys (ConfUtils.java:logGet(44)) - raft.server.snapshot.retention.file.num = -1 (default)
2021-08-11 08:46:40,925 [pool-269-thread-1] INFO  server.RaftServerConfigKeys (ConfUtils.java:logGet(44)) - raft.server.log.purge.upto.snapshot.index = true (custom)
2021-08-11 08:46:40,925 [pool-269-thread-1] INFO  server.RaftServerConfigKeys (ConfUtils.java:logGet(44)) - raft.server.retrycache.expirytime = 300s (custom)
2021-08-11 08:46:40,925 [pool-269-thread-1] INFO  server.RaftServerConfigKeys (ConfUtils.java:logGet(44)) - raft.server.retrycache.statistics.expirytime = 100μs (default)
2021-08-11 08:46:40,954 [Listener at 127.0.0.1/34095] INFO  om.OzoneManager (OzoneManager.java:initFSOLayout(4321)) - Configured ozone.om.metadata.layout=SIMPLE and disabled optimized OM FS operations
2021-08-11 08:46:40,955 [Listener at 127.0.0.1/34095] INFO  impl.MetricsSystemImpl (MetricsSystemImpl.java:init(158)) - OzoneManager metrics system started (again)
2021-08-11 08:46:40,981 [Listener at 127.0.0.1/34095] INFO  om.OzoneManager (OzoneManager.java:start(1270)) - OzoneManager RPC server is listening at localhost/127.0.0.1:34095
2021-08-11 08:46:40,981 [Listener at 127.0.0.1/34095] INFO  ratis.OzoneManagerRatisServer (OzoneManagerRatisServer.java:start(516)) - Starting OzoneManagerRatisServer om1 at port 9872
2021-08-11 08:46:40,981 [Listener at 127.0.0.1/34095] INFO  server.RaftServer$Division (RaftServerImpl.java:start(296)) - om1@group-C5BA1605619E: start as a follower, conf=-1: [om1|rpc:localhost:9872|priority:0], old=null
2021-08-11 08:46:40,982 [Listener at 127.0.0.1/34095] INFO  server.RaftServer$Division (RaftServerImpl.java:setRole(285)) - om1@group-C5BA1605619E: changes role from      null to FOLLOWER at term 0 for startAsFollower
2021-08-11 08:46:40,982 [Listener at 127.0.0.1/34095] INFO  impl.RoleInfo (RoleInfo.java:updateAndGet(130)) - om1: start om1@group-C5BA1605619E-FollowerState
2021-08-11 08:46:40,990 [Listener at 127.0.0.1/34095] INFO  util.JmxRegister (JmxRegister.java:tryRegister(44)) - Successfully registered JMX Bean with object name Ratis:service=RaftServer,group=group-C5BA1605619E,id=om1
2021-08-11 08:46:40,991 [Listener at 127.0.0.1/34095] INFO  server.RaftServer (RaftServerProxy.java:lambda$start$5(374)) - om1: start RPC server
2021-08-11 08:46:41,003 [Listener at 127.0.0.1/34095] INFO  server.GrpcService (GrpcService.java:startImpl(253)) - om1: GrpcService started, listening on 9872
2021-08-11 08:46:41,003 [Listener at 127.0.0.1/34095] INFO  om.OzoneManager (OzoneManager.java:start(1288)) - Version File has different layout version (0) than OM DB (null). That is expected if this OM has never been finalized to a newer layout version.
2021-08-11 08:46:41,003 [org.apache.ratis.util.JvmPauseMonitor$$Lambda$531/124654028@22293ab7] INFO  util.JvmPauseMonitor (JvmPauseMonitor.java:run(103)) - JvmPauseMonitor-om1: Started
2021-08-11 08:46:41,005 [Listener at 127.0.0.1/34095] INFO  http.BaseHttpServer (BaseHttpServer.java:newHttpServer2BuilderForOzone(209)) - Starting Web-server for ozoneManager at: http://0.0.0.0:0
2021-08-11 08:46:41,005 [Listener at 127.0.0.1/34095] INFO  http.BaseHttpServer (BaseHttpServer.java:<init>(107)) - Hadoop Security Enabled: false Ozone Security Enabled: false Ozone HTTP Security Enabled: false 
2021-08-11 08:46:41,006 [Listener at 127.0.0.1/34095] INFO  server.AuthenticationFilter (AuthenticationFilter.java:constructSecretProvider(240)) - Unable to initialize FileSignerSecretProvider, falling back to use random secrets.
2021-08-11 08:46:41,007 [Listener at 127.0.0.1/34095] WARN  http.HttpRequestLog (HttpRequestLog.java:getRequestLog(103)) - Jetty request log can only be enabled using Log4j
2021-08-11 08:46:41,010 [Listener at 127.0.0.1/34095] INFO  http.HttpServer2 (HttpServer2.java:addGlobalFilter(1020)) - Added global filter 'safety' (class=org.apache.hadoop.hdds.server.http.HttpServer2$QuotingInputFilter)
2021-08-11 08:46:41,011 [Listener at 127.0.0.1/34095] INFO  http.HttpServer2 (HttpServer2.java:addFilter(996)) - Added filter static_user_filter (class=org.apache.hadoop.http.lib.StaticUserWebFilter$StaticUserFilter) to context ozoneManager
2021-08-11 08:46:41,011 [Listener at 127.0.0.1/34095] INFO  http.HttpServer2 (HttpServer2.java:addFilter(1004)) - Added filter static_user_filter (class=org.apache.hadoop.http.lib.StaticUserWebFilter$StaticUserFilter) to context static
2021-08-11 08:46:41,011 [Listener at 127.0.0.1/34095] INFO  http.HttpServer2 (HttpServer2.java:addFilter(1004)) - Added filter static_user_filter (class=org.apache.hadoop.http.lib.StaticUserWebFilter$StaticUserFilter) to context logs
2021-08-11 08:46:41,012 [Listener at 127.0.0.1/34095] INFO  http.HttpServer2 (HttpServer2.java:bindListener(1239)) - Jetty bound to port 44625
2021-08-11 08:46:41,012 [Listener at 127.0.0.1/34095] INFO  server.Server (Server.java:doStart(375)) - jetty-9.4.43.v20210629; built: 2021-06-30T11:07:22.254Z; git: 526006ecfa3af7f1a27ef3a288e2bef7ea9dd7e8; jvm 1.8.0_292-b10
2021-08-11 08:46:41,014 [Listener at 127.0.0.1/34095] INFO  server.session (DefaultSessionIdManager.java:doStart(334)) - DefaultSessionIdManager workerName=node0
2021-08-11 08:46:41,014 [Listener at 127.0.0.1/34095] INFO  server.session (DefaultSessionIdManager.java:doStart(339)) - No SessionScavenger set, using defaults
2021-08-11 08:46:41,014 [Listener at 127.0.0.1/34095] INFO  server.session (HouseKeeper.java:startScavenging(132)) - node0 Scavenging every 660000ms
2021-08-11 08:46:41,015 [Listener at 127.0.0.1/34095] INFO  handler.ContextHandler (ContextHandler.java:doStart(915)) - Started o.e.j.s.ServletContextHandler@65500c79{logs,/logs,file:///home/runner/work/ozone/ozone/hadoop-ozone/integration-test/target/log,AVAILABLE}
2021-08-11 08:46:41,015 [Listener at 127.0.0.1/34095] INFO  handler.ContextHandler (ContextHandler.java:doStart(915)) - Started o.e.j.s.ServletContextHandler@357f678b{static,/static,file:///home/runner/work/ozone/ozone/hadoop-ozone/integration-test/target/test-classes/webapps/static,AVAILABLE}
2021-08-11 08:46:41,022 [Listener at 127.0.0.1/34095] INFO  handler.ContextHandler (ContextHandler.java:doStart(915)) - Started o.e.j.w.WebAppContext@31fcad71{ozoneManager,/,file:///home/runner/work/ozone/ozone/hadoop-ozone/integration-test/target/test-classes/webapps/ozoneManager/,AVAILABLE}{file:/home/runner/work/ozone/ozone/hadoop-ozone/integration-test/target/test-classes/webapps/ozoneManager}
2021-08-11 08:46:41,027 [Listener at 127.0.0.1/34095] INFO  server.AbstractConnector (AbstractConnector.java:doStart(331)) - Started ServerConnector@25539a73{HTTP/1.1, (http/1.1)}{0.0.0.0:44625}
2021-08-11 08:46:41,027 [Listener at 127.0.0.1/34095] INFO  server.Server (Server.java:doStart(415)) - Started @45818ms
2021-08-11 08:46:41,029 [Listener at 127.0.0.1/34095] WARN  impl.MetricsSystemImpl (MetricsSystemImpl.java:register(279)) - Sink prometheus already exists!
2021-08-11 08:46:41,030 [Listener at 127.0.0.1/34095] INFO  http.BaseHttpServer (BaseHttpServer.java:updateConnectorAddress(329)) - HTTP server of ozoneManager listening at http://0.0.0.0:44625
2021-08-11 08:46:41,043 [IPC Server Responder] INFO  ipc.Server (Server.java:run(1507)) - IPC Server Responder: starting
2021-08-11 08:46:41,051 [IPC Server listener on 0] INFO  ipc.Server (Server.java:run(1344)) - IPC Server listener on 0: starting
2021-08-11 08:46:41,055 [Listener at 127.0.0.1/34095] INFO  om.OzoneManager (OzoneManager.java:startTrashEmptier(1531)) - Trash Interval set to 0. Files deleted will not move to trash
2021-08-11 08:46:41,075 [Listener at 127.0.0.1/34095] WARN  impl.MetricRegistriesImpl (MetricRegistriesImpl.java:addReporterRegistration(111)) - New reporters are added after registries were created. Some metrics will be missing from the reporter. Please add reporter before adding any new registry.
2021-08-11 08:46:41,080 [Listener at 127.0.0.1/34095] WARN  impl.MetricRegistriesImpl (MetricRegistriesImpl.java:addReporterRegistration(111)) - New reporters are added after registries were created. Some metrics will be missing from the reporter. Please add reporter before adding any new registry.
2021-08-11 08:46:41,080 [Listener at 127.0.0.1/34095] INFO  impl.MetricsSystemImpl (MetricsSystemImpl.java:init(158)) - HddsDatanode metrics system started (again)
2021-08-11 08:46:41,080 [org.apache.hadoop.util.JvmPauseMonitor$Monitor@4ac9a1ff] INFO  util.JvmPauseMonitor (JvmPauseMonitor.java:run(188)) - Starting JVM pause monitor
2021-08-11 08:46:41,092 [Listener at 127.0.0.1/34095] INFO  ozone.HddsDatanodeService (HddsDatanodeService.java:start(234)) - HddsDatanodeService host:fv-az291-953.wgnan5asplgejimfprtllbpdch.jx.internal.cloudapp.net ip:10.1.0.43
2021-08-11 08:46:41,124 [Listener at 127.0.0.1/34095] INFO  upgrade.AbstractLayoutVersionManager (AbstractLayoutVersionManager.java:init(70)) - Initializing Layout version manager with metadata layout = SCM_HA (version = 2), software layout = SCM_HA (version = 2)
2021-08-11 08:46:41,186 [Listener at 127.0.0.1/34095] INFO  reflections.Reflections (Reflections.java:scan(232)) - Reflections took 60 ms to scan 7 urls, producing 120 keys and 275 values 
2021-08-11 08:46:41,199 [Listener at 127.0.0.1/34095] INFO  volume.HddsVolume (HddsVolume.java:<init>(120)) - Creating HddsVolume: /home/runner/work/ozone/ozone/hadoop-ozone/integration-test/target/test-dir/MiniOzoneClusterImpl-c4fb58e9-55df-43b6-ac52-1e7b71033b91/datanode-0/data-0/containers/hdds of storage type : DISK capacity : 9223372036854775807
2021-08-11 08:46:41,199 [Listener at 127.0.0.1/34095] INFO  volume.MutableVolumeSet (MutableVolumeSet.java:initializeVolumeSet(181)) - Added Volume : /home/runner/work/ozone/ozone/hadoop-ozone/integration-test/target/test-dir/MiniOzoneClusterImpl-c4fb58e9-55df-43b6-ac52-1e7b71033b91/datanode-0/data-0/containers/hdds to VolumeSet
2021-08-11 08:46:41,199 [Listener at 127.0.0.1/34095] INFO  volume.ThrottledAsyncChecker (ThrottledAsyncChecker.java:schedule(141)) - Scheduling a check for /home/runner/work/ozone/ozone/hadoop-ozone/integration-test/target/test-dir/MiniOzoneClusterImpl-c4fb58e9-55df-43b6-ac52-1e7b71033b91/datanode-0/data-0/containers/hdds
2021-08-11 08:46:41,200 [Listener at 127.0.0.1/34095] INFO  volume.StorageVolumeChecker (StorageVolumeChecker.java:checkAllVolumes(202)) - Scheduled health check for volume /home/runner/work/ozone/ozone/hadoop-ozone/integration-test/target/test-dir/MiniOzoneClusterImpl-c4fb58e9-55df-43b6-ac52-1e7b71033b91/datanode-0/data-0/containers/hdds
2021-08-11 08:46:41,223 [Listener at 127.0.0.1/34095] INFO  volume.MutableVolumeSet (MutableVolumeSet.java:initializeVolumeSet(181)) - Added Volume : /home/runner/work/ozone/ozone/hadoop-ozone/integration-test/target/test-dir/MiniOzoneClusterImpl-c4fb58e9-55df-43b6-ac52-1e7b71033b91/datanode-0/data/ratis to VolumeSet
2021-08-11 08:46:41,223 [Listener at 127.0.0.1/34095] INFO  volume.ThrottledAsyncChecker (ThrottledAsyncChecker.java:schedule(141)) - Scheduling a check for /home/runner/work/ozone/ozone/hadoop-ozone/integration-test/target/test-dir/MiniOzoneClusterImpl-c4fb58e9-55df-43b6-ac52-1e7b71033b91/datanode-0/data/ratis
2021-08-11 08:46:41,223 [Listener at 127.0.0.1/34095] INFO  volume.StorageVolumeChecker (StorageVolumeChecker.java:checkAllVolumes(202)) - Scheduled health check for volume /home/runner/work/ozone/ozone/hadoop-ozone/integration-test/target/test-dir/MiniOzoneClusterImpl-c4fb58e9-55df-43b6-ac52-1e7b71033b91/datanode-0/data/ratis
2021-08-11 08:46:41,241 [Listener at 127.0.0.1/34095] INFO  ozoneimpl.ContainerReader (ContainerReader.java:<init>(98)) - Running in upgrade mode:true
2021-08-11 08:46:41,241 [Thread-3833] INFO  ozoneimpl.ContainerReader (ContainerReader.java:readVolume(142)) - Start to verify containers on volume /home/runner/work/ozone/ozone/hadoop-ozone/integration-test/target/test-dir/MiniOzoneClusterImpl-c4fb58e9-55df-43b6-ac52-1e7b71033b91/datanode-0/data-0/containers/hdds
2021-08-11 08:46:41,241 [Thread-3833] INFO  ozoneimpl.ContainerReader (ContainerReader.java:readVolume(174)) - Finish verifying containers on volume /home/runner/work/ozone/ozone/hadoop-ozone/integration-test/target/test-dir/MiniOzoneClusterImpl-c4fb58e9-55df-43b6-ac52-1e7b71033b91/datanode-0/data-0/containers/hdds
2021-08-11 08:46:41,241 [Listener at 127.0.0.1/34095] INFO  ozoneimpl.OzoneContainer (OzoneContainer.java:buildContainerSet(237)) - Build ContainerSet costs 0s
2021-08-11 08:46:41,243 [Listener at 127.0.0.1/34095] INFO  server.RaftServer (ConfUtils.java:logGet(44)) - raft.rpc.type = GRPC (default)
2021-08-11 08:46:41,244 [Listener at 127.0.0.1/34095] INFO  grpc.GrpcFactory (GrpcFactory.java:checkPooledByteBufAllocatorUseCacheForAllThreads(48)) - PERFORMANCE WARNING: useCacheForAllThreads is true that may cause Netty to create a lot garbage objects and, as a result, trigger GC.
	It is recommended to disable useCacheForAllThreads by setting -Dorg.apache.ratis.thirdparty.io.netty.allocator.useCacheForAllThreads=false in command line.
2021-08-11 08:46:41,244 [Listener at 127.0.0.1/34095] INFO  grpc.GrpcConfigKeys (ConfUtils.java:logGet(44)) - raft.grpc.admin.port = 0 (custom)
2021-08-11 08:46:41,244 [Listener at 127.0.0.1/34095] INFO  grpc.GrpcConfigKeys (ConfUtils.java:logGet(44)) - raft.grpc.client.port = 0 (custom)
2021-08-11 08:46:41,244 [Listener at 127.0.0.1/34095] INFO  grpc.GrpcConfigKeys (ConfUtils.java:logGet(44)) - raft.grpc.server.port = 0 (default)
2021-08-11 08:46:41,244 [Listener at 127.0.0.1/34095] INFO  server.GrpcService (ConfUtils.java:logGet(44)) - raft.grpc.message.size.max = 32MB (=33554432) (custom)
2021-08-11 08:46:41,244 [Listener at 127.0.0.1/34095] INFO  server.RaftServerConfigKeys (ConfUtils.java:logGet(44)) - raft.server.log.appender.buffer.byte-limit = 33554432 (custom)
2021-08-11 08:46:41,245 [Listener at 127.0.0.1/34095] INFO  server.GrpcService (ConfUtils.java:logGet(44)) - raft.grpc.flow.control.window = 5MB (=5242880) (custom)
2021-08-11 08:46:41,245 [Listener at 127.0.0.1/34095] INFO  server.RaftServerConfigKeys (ConfUtils.java:logGet(44)) - raft.server.rpc.request.timeout = 60s (custom)
2021-08-11 08:46:41,252 [Listener at 127.0.0.1/34095] INFO  impl.DataStreamServerImpl (ConfUtils.java:logGet(44)) - raft.datastream.type = DISABLED (default)
2021-08-11 08:46:41,252 [Listener at 127.0.0.1/34095] INFO  server.RaftServerConfigKeys (ConfUtils.java:logGet(44)) - raft.server.rpc.slowness.timeout = 300s (custom)
2021-08-11 08:46:41,252 [Listener at 127.0.0.1/34095] INFO  server.RaftServerConfigKeys (ConfUtils.java:logGet(44)) - raft.server.leaderelection.leader.step-down.wait-time = 10s (default)
2021-08-11 08:46:41,253 [Listener at 127.0.0.1/34095] INFO  server.RaftServerConfigKeys (ConfUtils.java:logGet(44)) - raft.server.storage.dir = [/home/runner/work/ozone/ozone/hadoop-ozone/integration-test/target/test-dir/MiniOzoneClusterImpl-c4fb58e9-55df-43b6-ac52-1e7b71033b91/datanode-0/data/ratis] (custom)
2021-08-11 08:46:41,265 [Listener at 127.0.0.1/34095] INFO  http.BaseHttpServer (BaseHttpServer.java:newHttpServer2BuilderForOzone(209)) - Starting Web-server for hddsDatanode at: http://0.0.0.0:0
2021-08-11 08:46:41,265 [Listener at 127.0.0.1/34095] INFO  http.BaseHttpServer (BaseHttpServer.java:<init>(107)) - Hadoop Security Enabled: false Ozone Security Enabled: false Ozone HTTP Security Enabled: false 
2021-08-11 08:46:41,266 [Listener at 127.0.0.1/34095] INFO  server.AuthenticationFilter (AuthenticationFilter.java:constructSecretProvider(240)) - Unable to initialize FileSignerSecretProvider, falling back to use random secrets.
2021-08-11 08:46:41,267 [Listener at 127.0.0.1/34095] WARN  http.HttpRequestLog (HttpRequestLog.java:getRequestLog(103)) - Jetty request log can only be enabled using Log4j
2021-08-11 08:46:41,268 [Listener at 127.0.0.1/34095] INFO  http.HttpServer2 (HttpServer2.java:addGlobalFilter(1020)) - Added global filter 'safety' (class=org.apache.hadoop.hdds.server.http.HttpServer2$QuotingInputFilter)
2021-08-11 08:46:41,269 [Listener at 127.0.0.1/34095] INFO  http.HttpServer2 (HttpServer2.java:addFilter(996)) - Added filter static_user_filter (class=org.apache.hadoop.http.lib.StaticUserWebFilter$StaticUserFilter) to context hddsDatanode
2021-08-11 08:46:41,269 [Listener at 127.0.0.1/34095] INFO  http.HttpServer2 (HttpServer2.java:addFilter(1004)) - Added filter static_user_filter (class=org.apache.hadoop.http.lib.StaticUserWebFilter$StaticUserFilter) to context logs
2021-08-11 08:46:41,269 [Listener at 127.0.0.1/34095] INFO  http.HttpServer2 (HttpServer2.java:addFilter(1004)) - Added filter static_user_filter (class=org.apache.hadoop.http.lib.StaticUserWebFilter$StaticUserFilter) to context static
2021-08-11 08:46:41,270 [Listener at 127.0.0.1/34095] INFO  http.HttpServer2 (HttpServer2.java:bindListener(1239)) - Jetty bound to port 35525
2021-08-11 08:46:41,270 [Listener at 127.0.0.1/34095] INFO  server.Server (Server.java:doStart(375)) - jetty-9.4.43.v20210629; built: 2021-06-30T11:07:22.254Z; git: 526006ecfa3af7f1a27ef3a288e2bef7ea9dd7e8; jvm 1.8.0_292-b10
2021-08-11 08:46:41,331 [Listener at 127.0.0.1/34095] INFO  server.session (DefaultSessionIdManager.java:doStart(334)) - DefaultSessionIdManager workerName=node0
2021-08-11 08:46:41,332 [Listener at 127.0.0.1/34095] INFO  server.session (DefaultSessionIdManager.java:doStart(339)) - No SessionScavenger set, using defaults
2021-08-11 08:46:41,332 [Listener at 127.0.0.1/34095] INFO  server.session (HouseKeeper.java:startScavenging(132)) - node0 Scavenging every 660000ms
2021-08-11 08:46:41,348 [Listener at 127.0.0.1/34095] INFO  handler.ContextHandler (ContextHandler.java:doStart(915)) - Started o.e.j.s.ServletContextHandler@3a63653b{logs,/logs,file:///home/runner/work/ozone/ozone/hadoop-ozone/integration-test/target/log,AVAILABLE}
2021-08-11 08:46:41,348 [Listener at 127.0.0.1/34095] INFO  handler.ContextHandler (ContextHandler.java:doStart(915)) - Started o.e.j.s.ServletContextHandler@2412347c{static,/static,jar:file:/home/runner/.m2/repository/org/apache/ozone/hdds-container-service/1.2.0-SNAPSHOT/hdds-container-service-1.2.0-SNAPSHOT.jar!/webapps/static,AVAILABLE}
2021-08-11 08:46:41,449 [Listener at 127.0.0.1/34095] INFO  handler.ContextHandler (ContextHandler.java:doStart(915)) - Started o.e.j.w.WebAppContext@44fc80a0{hddsDatanode,/,file:///tmp/jetty-0_0_0_0-35525-hdds-container-service-1_2_0-SNAPSHOT_jar-_-any-1158331149253887600/webapp/,AVAILABLE}{jar:file:/home/runner/.m2/repository/org/apache/ozone/hdds-container-service/1.2.0-SNAPSHOT/hdds-container-service-1.2.0-SNAPSHOT.jar!/webapps/hddsDatanode}
2021-08-11 08:46:41,452 [Listener at 127.0.0.1/34095] INFO  server.AbstractConnector (AbstractConnector.java:doStart(331)) - Started ServerConnector@7d425bf1{HTTP/1.1, (http/1.1)}{0.0.0.0:35525}
2021-08-11 08:46:41,452 [Listener at 127.0.0.1/34095] INFO  server.Server (Server.java:doStart(415)) - Started @46243ms
2021-08-11 08:46:41,453 [Listener at 127.0.0.1/34095] WARN  impl.MetricsSystemImpl (MetricsSystemImpl.java:register(279)) - Sink prometheus already exists!
2021-08-11 08:46:41,453 [Listener at 127.0.0.1/34095] INFO  http.BaseHttpServer (BaseHttpServer.java:updateConnectorAddress(329)) - HTTP server of hddsDatanode listening at http://0.0.0.0:35525
2021-08-11 08:46:41,459 [Listener at 127.0.0.1/34095] WARN  impl.MetricRegistriesImpl (MetricRegistriesImpl.java:addReporterRegistration(111)) - New reporters are added after registries were created. Some metrics will be missing from the reporter. Please add reporter before adding any new registry.
2021-08-11 08:46:41,459 [Listener at 127.0.0.1/34095] WARN  impl.MetricRegistriesImpl (MetricRegistriesImpl.java:addReporterRegistration(111)) - New reporters are added after registries were created. Some metrics will be missing from the reporter. Please add reporter before adding any new registry.
2021-08-11 08:46:41,459 [Listener at 127.0.0.1/34095] INFO  impl.MetricsSystemImpl (MetricsSystemImpl.java:init(158)) - HddsDatanode metrics system started (again)
2021-08-11 08:46:41,474 [Listener at 127.0.0.1/34095] INFO  ozone.HddsDatanodeService (HddsDatanodeService.java:start(234)) - HddsDatanodeService host:fv-az291-953.wgnan5asplgejimfprtllbpdch.jx.internal.cloudapp.net ip:10.1.0.43
2021-08-11 08:46:41,526 [Listener at 127.0.0.1/34095] INFO  upgrade.AbstractLayoutVersionManager (AbstractLayoutVersionManager.java:init(70)) - Initializing Layout version manager with metadata layout = SCM_HA (version = 2), software layout = SCM_HA (version = 2)
2021-08-11 08:46:41,539 [org.apache.hadoop.util.JvmPauseMonitor$Monitor@212d96ba] INFO  util.JvmPauseMonitor (JvmPauseMonitor.java:run(188)) - Starting JVM pause monitor
2021-08-11 08:46:41,546 [Datanode State Machine Task Thread - 0] INFO  datanode.InitDatanodeState (InitDatanodeState.java:persistContainerDatanodeDetails(145)) - DatanodeDetails is persisted to /home/runner/work/ozone/ozone/hadoop-ozone/integration-test/target/test-dir/MiniOzoneClusterImpl-c4fb58e9-55df-43b6-ac52-1e7b71033b91/datanode-0/meta/datanode.id
2021-08-11 08:46:41,630 [Listener at 127.0.0.1/34095] INFO  reflections.Reflections (Reflections.java:scan(232)) - Reflections took 102 ms to scan 7 urls, producing 120 keys and 275 values 
2021-08-11 08:46:41,653 [Listener at 127.0.0.1/34095] INFO  volume.HddsVolume (HddsVolume.java:<init>(120)) - Creating HddsVolume: /home/runner/work/ozone/ozone/hadoop-ozone/integration-test/target/test-dir/MiniOzoneClusterImpl-c4fb58e9-55df-43b6-ac52-1e7b71033b91/datanode-1/data-0/containers/hdds of storage type : DISK capacity : 9223372036854775807
2021-08-11 08:46:41,654 [Listener at 127.0.0.1/34095] INFO  volume.MutableVolumeSet (MutableVolumeSet.java:initializeVolumeSet(181)) - Added Volume : /home/runner/work/ozone/ozone/hadoop-ozone/integration-test/target/test-dir/MiniOzoneClusterImpl-c4fb58e9-55df-43b6-ac52-1e7b71033b91/datanode-1/data-0/containers/hdds to VolumeSet
2021-08-11 08:46:41,654 [Listener at 127.0.0.1/34095] INFO  volume.ThrottledAsyncChecker (ThrottledAsyncChecker.java:schedule(141)) - Scheduling a check for /home/runner/work/ozone/ozone/hadoop-ozone/integration-test/target/test-dir/MiniOzoneClusterImpl-c4fb58e9-55df-43b6-ac52-1e7b71033b91/datanode-1/data-0/containers/hdds
2021-08-11 08:46:41,668 [Listener at 127.0.0.1/34095] INFO  volume.StorageVolumeChecker (StorageVolumeChecker.java:checkAllVolumes(202)) - Scheduled health check for volume /home/runner/work/ozone/ozone/hadoop-ozone/integration-test/target/test-dir/MiniOzoneClusterImpl-c4fb58e9-55df-43b6-ac52-1e7b71033b91/datanode-1/data-0/containers/hdds
2021-08-11 08:46:41,679 [Listener at 127.0.0.1/34095] INFO  volume.MutableVolumeSet (MutableVolumeSet.java:initializeVolumeSet(181)) - Added Volume : /home/runner/work/ozone/ozone/hadoop-ozone/integration-test/target/test-dir/MiniOzoneClusterImpl-c4fb58e9-55df-43b6-ac52-1e7b71033b91/datanode-1/data/ratis to VolumeSet
2021-08-11 08:46:41,691 [Listener at 127.0.0.1/34095] INFO  volume.ThrottledAsyncChecker (ThrottledAsyncChecker.java:schedule(141)) - Scheduling a check for /home/runner/work/ozone/ozone/hadoop-ozone/integration-test/target/test-dir/MiniOzoneClusterImpl-c4fb58e9-55df-43b6-ac52-1e7b71033b91/datanode-1/data/ratis
2021-08-11 08:46:41,692 [Listener at 127.0.0.1/34095] INFO  volume.StorageVolumeChecker (StorageVolumeChecker.java:checkAllVolumes(202)) - Scheduled health check for volume /home/runner/work/ozone/ozone/hadoop-ozone/integration-test/target/test-dir/MiniOzoneClusterImpl-c4fb58e9-55df-43b6-ac52-1e7b71033b91/datanode-1/data/ratis
2021-08-11 08:46:41,715 [Listener at 127.0.0.1/34095] INFO  ozoneimpl.ContainerReader (ContainerReader.java:<init>(98)) - Running in upgrade mode:true
2021-08-11 08:46:41,728 [Thread-3845] INFO  ozoneimpl.ContainerReader (ContainerReader.java:readVolume(142)) - Start to verify containers on volume /home/runner/work/ozone/ozone/hadoop-ozone/integration-test/target/test-dir/MiniOzoneClusterImpl-c4fb58e9-55df-43b6-ac52-1e7b71033b91/datanode-1/data-0/containers/hdds
2021-08-11 08:46:41,728 [Thread-3845] INFO  ozoneimpl.ContainerReader (ContainerReader.java:readVolume(174)) - Finish verifying containers on volume /home/runner/work/ozone/ozone/hadoop-ozone/integration-test/target/test-dir/MiniOzoneClusterImpl-c4fb58e9-55df-43b6-ac52-1e7b71033b91/datanode-1/data-0/containers/hdds
2021-08-11 08:46:41,728 [Listener at 127.0.0.1/34095] INFO  ozoneimpl.OzoneContainer (OzoneContainer.java:buildContainerSet(237)) - Build ContainerSet costs 0s
2021-08-11 08:46:41,730 [Listener at 127.0.0.1/34095] INFO  server.RaftServer (ConfUtils.java:logGet(44)) - raft.rpc.type = GRPC (default)
2021-08-11 08:46:41,730 [Listener at 127.0.0.1/34095] INFO  grpc.GrpcFactory (GrpcFactory.java:checkPooledByteBufAllocatorUseCacheForAllThreads(48)) - PERFORMANCE WARNING: useCacheForAllThreads is true that may cause Netty to create a lot garbage objects and, as a result, trigger GC.
	It is recommended to disable useCacheForAllThreads by setting -Dorg.apache.ratis.thirdparty.io.netty.allocator.useCacheForAllThreads=false in command line.
2021-08-11 08:46:41,730 [Listener at 127.0.0.1/34095] INFO  grpc.GrpcConfigKeys (ConfUtils.java:logGet(44)) - raft.grpc.admin.port = 0 (custom)
2021-08-11 08:46:41,730 [Listener at 127.0.0.1/34095] INFO  grpc.GrpcConfigKeys (ConfUtils.java:logGet(44)) - raft.grpc.client.port = 0 (custom)
2021-08-11 08:46:41,731 [Listener at 127.0.0.1/34095] INFO  grpc.GrpcConfigKeys (ConfUtils.java:logGet(44)) - raft.grpc.server.port = 0 (default)
2021-08-11 08:46:41,731 [Listener at 127.0.0.1/34095] INFO  server.GrpcService (ConfUtils.java:logGet(44)) - raft.grpc.message.size.max = 32MB (=33554432) (custom)
2021-08-11 08:46:41,731 [Listener at 127.0.0.1/34095] INFO  server.RaftServerConfigKeys (ConfUtils.java:logGet(44)) - raft.server.log.appender.buffer.byte-limit = 33554432 (custom)
2021-08-11 08:46:41,731 [Listener at 127.0.0.1/34095] INFO  server.GrpcService (ConfUtils.java:logGet(44)) - raft.grpc.flow.control.window = 5MB (=5242880) (custom)
2021-08-11 08:46:41,731 [Listener at 127.0.0.1/34095] INFO  server.RaftServerConfigKeys (ConfUtils.java:logGet(44)) - raft.server.rpc.request.timeout = 60s (custom)
2021-08-11 08:46:41,732 [Listener at 127.0.0.1/34095] INFO  impl.DataStreamServerImpl (ConfUtils.java:logGet(44)) - raft.datastream.type = DISABLED (default)
2021-08-11 08:46:41,732 [Listener at 127.0.0.1/34095] INFO  server.RaftServerConfigKeys (ConfUtils.java:logGet(44)) - raft.server.rpc.slowness.timeout = 300s (custom)
2021-08-11 08:46:41,733 [Listener at 127.0.0.1/34095] INFO  server.RaftServerConfigKeys (ConfUtils.java:logGet(44)) - raft.server.leaderelection.leader.step-down.wait-time = 10s (default)
2021-08-11 08:46:41,733 [Listener at 127.0.0.1/34095] INFO  server.RaftServerConfigKeys (ConfUtils.java:logGet(44)) - raft.server.storage.dir = [/home/runner/work/ozone/ozone/hadoop-ozone/integration-test/target/test-dir/MiniOzoneClusterImpl-c4fb58e9-55df-43b6-ac52-1e7b71033b91/datanode-1/data/ratis] (custom)
2021-08-11 08:46:41,741 [Listener at 127.0.0.1/34095] INFO  http.BaseHttpServer (BaseHttpServer.java:newHttpServer2BuilderForOzone(209)) - Starting Web-server for hddsDatanode at: http://0.0.0.0:0
2021-08-11 08:46:41,741 [Listener at 127.0.0.1/34095] INFO  http.BaseHttpServer (BaseHttpServer.java:<init>(107)) - Hadoop Security Enabled: false Ozone Security Enabled: false Ozone HTTP Security Enabled: false 
2021-08-11 08:46:41,742 [Listener at 127.0.0.1/34095] INFO  server.AuthenticationFilter (AuthenticationFilter.java:constructSecretProvider(240)) - Unable to initialize FileSignerSecretProvider, falling back to use random secrets.
2021-08-11 08:46:41,743 [Listener at 127.0.0.1/34095] WARN  http.HttpRequestLog (HttpRequestLog.java:getRequestLog(103)) - Jetty request log can only be enabled using Log4j
2021-08-11 08:46:41,744 [Listener at 127.0.0.1/34095] INFO  http.HttpServer2 (HttpServer2.java:addGlobalFilter(1020)) - Added global filter 'safety' (class=org.apache.hadoop.hdds.server.http.HttpServer2$QuotingInputFilter)
2021-08-11 08:46:41,745 [Listener at 127.0.0.1/34095] INFO  http.HttpServer2 (HttpServer2.java:addFilter(996)) - Added filter static_user_filter (class=org.apache.hadoop.http.lib.StaticUserWebFilter$StaticUserFilter) to context hddsDatanode
2021-08-11 08:46:41,745 [Listener at 127.0.0.1/34095] INFO  http.HttpServer2 (HttpServer2.java:addFilter(1004)) - Added filter static_user_filter (class=org.apache.hadoop.http.lib.StaticUserWebFilter$StaticUserFilter) to context static
2021-08-11 08:46:41,745 [Listener at 127.0.0.1/34095] INFO  http.HttpServer2 (HttpServer2.java:addFilter(1004)) - Added filter static_user_filter (class=org.apache.hadoop.http.lib.StaticUserWebFilter$StaticUserFilter) to context logs
2021-08-11 08:46:41,746 [Listener at 127.0.0.1/34095] INFO  http.HttpServer2 (HttpServer2.java:bindListener(1239)) - Jetty bound to port 41873
2021-08-11 08:46:41,746 [Listener at 127.0.0.1/34095] INFO  server.Server (Server.java:doStart(375)) - jetty-9.4.43.v20210629; built: 2021-06-30T11:07:22.254Z; git: 526006ecfa3af7f1a27ef3a288e2bef7ea9dd7e8; jvm 1.8.0_292-b10
2021-08-11 08:46:41,756 [Listener at 127.0.0.1/34095] INFO  server.session (DefaultSessionIdManager.java:doStart(334)) - DefaultSessionIdManager workerName=node0
2021-08-11 08:46:41,756 [Listener at 127.0.0.1/34095] INFO  server.session (DefaultSessionIdManager.java:doStart(339)) - No SessionScavenger set, using defaults
2021-08-11 08:46:41,756 [Listener at 127.0.0.1/34095] INFO  server.session (HouseKeeper.java:startScavenging(132)) - node0 Scavenging every 660000ms
2021-08-11 08:46:41,760 [Listener at 127.0.0.1/34095] INFO  handler.ContextHandler (ContextHandler.java:doStart(915)) - Started o.e.j.s.ServletContextHandler@347ee622{logs,/logs,file:///home/runner/work/ozone/ozone/hadoop-ozone/integration-test/target/log,AVAILABLE}
2021-08-11 08:46:41,760 [Listener at 127.0.0.1/34095] INFO  handler.ContextHandler (ContextHandler.java:doStart(915)) - Started o.e.j.s.ServletContextHandler@492882b0{static,/static,jar:file:/home/runner/.m2/repository/org/apache/ozone/hdds-container-service/1.2.0-SNAPSHOT/hdds-container-service-1.2.0-SNAPSHOT.jar!/webapps/static,AVAILABLE}
2021-08-11 08:46:41,851 [Listener at 127.0.0.1/34095] INFO  handler.ContextHandler (ContextHandler.java:doStart(915)) - Started o.e.j.w.WebAppContext@ad7d183{hddsDatanode,/,file:///tmp/jetty-0_0_0_0-41873-hdds-container-service-1_2_0-SNAPSHOT_jar-_-any-3122205752653706665/webapp/,AVAILABLE}{jar:file:/home/runner/.m2/repository/org/apache/ozone/hdds-container-service/1.2.0-SNAPSHOT/hdds-container-service-1.2.0-SNAPSHOT.jar!/webapps/hddsDatanode}
2021-08-11 08:46:41,863 [Listener at 127.0.0.1/34095] INFO  server.AbstractConnector (AbstractConnector.java:doStart(331)) - Started ServerConnector@6cca0ca9{HTTP/1.1, (http/1.1)}{0.0.0.0:41873}
2021-08-11 08:46:41,864 [Listener at 127.0.0.1/34095] INFO  server.Server (Server.java:doStart(415)) - Started @46654ms
2021-08-11 08:46:41,864 [Listener at 127.0.0.1/34095] WARN  impl.MetricsSystemImpl (MetricsSystemImpl.java:register(279)) - Sink prometheus already exists!
2021-08-11 08:46:41,864 [Listener at 127.0.0.1/34095] INFO  http.BaseHttpServer (BaseHttpServer.java:updateConnectorAddress(329)) - HTTP server of hddsDatanode listening at http://0.0.0.0:41873
2021-08-11 08:46:41,876 [Listener at 127.0.0.1/34095] WARN  impl.MetricRegistriesImpl (MetricRegistriesImpl.java:addReporterRegistration(111)) - New reporters are added after registries were created. Some metrics will be missing from the reporter. Please add reporter before adding any new registry.
2021-08-11 08:46:41,876 [Listener at 127.0.0.1/34095] WARN  impl.MetricRegistriesImpl (MetricRegistriesImpl.java:addReporterRegistration(111)) - New reporters are added after registries were created. Some metrics will be missing from the reporter. Please add reporter before adding any new registry.
2021-08-11 08:46:41,876 [Listener at 127.0.0.1/34095] INFO  impl.MetricsSystemImpl (MetricsSystemImpl.java:init(158)) - HddsDatanode metrics system started (again)
2021-08-11 08:46:41,888 [Listener at 127.0.0.1/34095] INFO  ozone.HddsDatanodeService (HddsDatanodeService.java:start(234)) - HddsDatanodeService host:fv-az291-953.wgnan5asplgejimfprtllbpdch.jx.internal.cloudapp.net ip:10.1.0.43
2021-08-11 08:46:41,896 [org.apache.hadoop.util.JvmPauseMonitor$Monitor@4db66adb] INFO  util.JvmPauseMonitor (JvmPauseMonitor.java:run(188)) - Starting JVM pause monitor
2021-08-11 08:46:41,924 [Datanode State Machine Task Thread - 0] INFO  datanode.InitDatanodeState (InitDatanodeState.java:persistContainerDatanodeDetails(145)) - DatanodeDetails is persisted to /home/runner/work/ozone/ozone/hadoop-ozone/integration-test/target/test-dir/MiniOzoneClusterImpl-c4fb58e9-55df-43b6-ac52-1e7b71033b91/datanode-1/meta/datanode.id
2021-08-11 08:46:41,925 [Listener at 127.0.0.1/34095] INFO  upgrade.AbstractLayoutVersionManager (AbstractLayoutVersionManager.java:init(70)) - Initializing Layout version manager with metadata layout = SCM_HA (version = 2), software layout = SCM_HA (version = 2)
2021-08-11 08:46:42,002 [Listener at 127.0.0.1/34095] INFO  reflections.Reflections (Reflections.java:scan(232)) - Reflections took 76 ms to scan 7 urls, producing 120 keys and 275 values 
2021-08-11 08:46:42,012 [Listener at 127.0.0.1/34095] INFO  volume.HddsVolume (HddsVolume.java:<init>(120)) - Creating HddsVolume: /home/runner/work/ozone/ozone/hadoop-ozone/integration-test/target/test-dir/MiniOzoneClusterImpl-c4fb58e9-55df-43b6-ac52-1e7b71033b91/datanode-2/data-0/containers/hdds of storage type : DISK capacity : 9223372036854775807
2021-08-11 08:46:42,012 [Listener at 127.0.0.1/34095] INFO  volume.MutableVolumeSet (MutableVolumeSet.java:initializeVolumeSet(181)) - Added Volume : /home/runner/work/ozone/ozone/hadoop-ozone/integration-test/target/test-dir/MiniOzoneClusterImpl-c4fb58e9-55df-43b6-ac52-1e7b71033b91/datanode-2/data-0/containers/hdds to VolumeSet
2021-08-11 08:46:42,012 [Listener at 127.0.0.1/34095] INFO  volume.ThrottledAsyncChecker (ThrottledAsyncChecker.java:schedule(141)) - Scheduling a check for /home/runner/work/ozone/ozone/hadoop-ozone/integration-test/target/test-dir/MiniOzoneClusterImpl-c4fb58e9-55df-43b6-ac52-1e7b71033b91/datanode-2/data-0/containers/hdds
2021-08-11 08:46:42,013 [Listener at 127.0.0.1/34095] INFO  volume.StorageVolumeChecker (StorageVolumeChecker.java:checkAllVolumes(202)) - Scheduled health check for volume /home/runner/work/ozone/ozone/hadoop-ozone/integration-test/target/test-dir/MiniOzoneClusterImpl-c4fb58e9-55df-43b6-ac52-1e7b71033b91/datanode-2/data-0/containers/hdds
2021-08-11 08:46:42,025 [Listener at 127.0.0.1/34095] INFO  volume.MutableVolumeSet (MutableVolumeSet.java:initializeVolumeSet(181)) - Added Volume : /home/runner/work/ozone/ozone/hadoop-ozone/integration-test/target/test-dir/MiniOzoneClusterImpl-c4fb58e9-55df-43b6-ac52-1e7b71033b91/datanode-2/data/ratis to VolumeSet
2021-08-11 08:46:42,025 [Listener at 127.0.0.1/34095] INFO  volume.ThrottledAsyncChecker (ThrottledAsyncChecker.java:schedule(141)) - Scheduling a check for /home/runner/work/ozone/ozone/hadoop-ozone/integration-test/target/test-dir/MiniOzoneClusterImpl-c4fb58e9-55df-43b6-ac52-1e7b71033b91/datanode-2/data/ratis
2021-08-11 08:46:42,026 [Listener at 127.0.0.1/34095] INFO  volume.StorageVolumeChecker (StorageVolumeChecker.java:checkAllVolumes(202)) - Scheduled health check for volume /home/runner/work/ozone/ozone/hadoop-ozone/integration-test/target/test-dir/MiniOzoneClusterImpl-c4fb58e9-55df-43b6-ac52-1e7b71033b91/datanode-2/data/ratis
2021-08-11 08:46:42,051 [Listener at 127.0.0.1/34095] INFO  ozoneimpl.ContainerReader (ContainerReader.java:<init>(98)) - Running in upgrade mode:true
2021-08-11 08:46:42,055 [Thread-3857] INFO  ozoneimpl.ContainerReader (ContainerReader.java:readVolume(142)) - Start to verify containers on volume /home/runner/work/ozone/ozone/hadoop-ozone/integration-test/target/test-dir/MiniOzoneClusterImpl-c4fb58e9-55df-43b6-ac52-1e7b71033b91/datanode-2/data-0/containers/hdds
2021-08-11 08:46:42,055 [Thread-3857] INFO  ozoneimpl.ContainerReader (ContainerReader.java:readVolume(174)) - Finish verifying containers on volume /home/runner/work/ozone/ozone/hadoop-ozone/integration-test/target/test-dir/MiniOzoneClusterImpl-c4fb58e9-55df-43b6-ac52-1e7b71033b91/datanode-2/data-0/containers/hdds
2021-08-11 08:46:42,055 [Listener at 127.0.0.1/34095] INFO  ozoneimpl.OzoneContainer (OzoneContainer.java:buildContainerSet(237)) - Build ContainerSet costs 0s
2021-08-11 08:46:42,059 [Listener at 127.0.0.1/34095] INFO  server.RaftServer (ConfUtils.java:logGet(44)) - raft.rpc.type = GRPC (default)
2021-08-11 08:46:42,061 [Listener at 127.0.0.1/34095] INFO  grpc.GrpcFactory (GrpcFactory.java:checkPooledByteBufAllocatorUseCacheForAllThreads(48)) - PERFORMANCE WARNING: useCacheForAllThreads is true that may cause Netty to create a lot garbage objects and, as a result, trigger GC.
	It is recommended to disable useCacheForAllThreads by setting -Dorg.apache.ratis.thirdparty.io.netty.allocator.useCacheForAllThreads=false in command line.
2021-08-11 08:46:42,061 [Listener at 127.0.0.1/34095] INFO  grpc.GrpcConfigKeys (ConfUtils.java:logGet(44)) - raft.grpc.admin.port = 0 (custom)
2021-08-11 08:46:42,062 [Listener at 127.0.0.1/34095] INFO  grpc.GrpcConfigKeys (ConfUtils.java:logGet(44)) - raft.grpc.client.port = 0 (custom)
2021-08-11 08:46:42,062 [Listener at 127.0.0.1/34095] INFO  grpc.GrpcConfigKeys (ConfUtils.java:logGet(44)) - raft.grpc.server.port = 0 (default)
2021-08-11 08:46:42,062 [Listener at 127.0.0.1/34095] INFO  server.GrpcService (ConfUtils.java:logGet(44)) - raft.grpc.message.size.max = 32MB (=33554432) (custom)
2021-08-11 08:46:42,062 [Listener at 127.0.0.1/34095] INFO  server.RaftServerConfigKeys (ConfUtils.java:logGet(44)) - raft.server.log.appender.buffer.byte-limit = 33554432 (custom)
2021-08-11 08:46:42,062 [Listener at 127.0.0.1/34095] INFO  server.GrpcService (ConfUtils.java:logGet(44)) - raft.grpc.flow.control.window = 5MB (=5242880) (custom)
2021-08-11 08:46:42,063 [Listener at 127.0.0.1/34095] INFO  server.RaftServerConfigKeys (ConfUtils.java:logGet(44)) - raft.server.rpc.request.timeout = 60s (custom)
2021-08-11 08:46:42,067 [Listener at 127.0.0.1/34095] INFO  impl.DataStreamServerImpl (ConfUtils.java:logGet(44)) - raft.datastream.type = DISABLED (default)
2021-08-11 08:46:42,068 [Listener at 127.0.0.1/34095] INFO  server.RaftServerConfigKeys (ConfUtils.java:logGet(44)) - raft.server.rpc.slowness.timeout = 300s (custom)
2021-08-11 08:46:42,068 [Listener at 127.0.0.1/34095] INFO  server.RaftServerConfigKeys (ConfUtils.java:logGet(44)) - raft.server.leaderelection.leader.step-down.wait-time = 10s (default)
2021-08-11 08:46:42,069 [Listener at 127.0.0.1/34095] INFO  server.RaftServerConfigKeys (ConfUtils.java:logGet(44)) - raft.server.storage.dir = [/home/runner/work/ozone/ozone/hadoop-ozone/integration-test/target/test-dir/MiniOzoneClusterImpl-c4fb58e9-55df-43b6-ac52-1e7b71033b91/datanode-2/data/ratis] (custom)
2021-08-11 08:46:42,076 [Listener at 127.0.0.1/34095] INFO  http.BaseHttpServer (BaseHttpServer.java:newHttpServer2BuilderForOzone(209)) - Starting Web-server for hddsDatanode at: http://0.0.0.0:0
2021-08-11 08:46:42,077 [Listener at 127.0.0.1/34095] INFO  http.BaseHttpServer (BaseHttpServer.java:<init>(107)) - Hadoop Security Enabled: false Ozone Security Enabled: false Ozone HTTP Security Enabled: false 
2021-08-11 08:46:42,098 [Listener at 127.0.0.1/34095] INFO  server.AuthenticationFilter (AuthenticationFilter.java:constructSecretProvider(240)) - Unable to initialize FileSignerSecretProvider, falling back to use random secrets.
2021-08-11 08:46:42,100 [Listener at 127.0.0.1/34095] WARN  http.HttpRequestLog (HttpRequestLog.java:getRequestLog(103)) - Jetty request log can only be enabled using Log4j
2021-08-11 08:46:42,101 [Listener at 127.0.0.1/34095] INFO  http.HttpServer2 (HttpServer2.java:addGlobalFilter(1020)) - Added global filter 'safety' (class=org.apache.hadoop.hdds.server.http.HttpServer2$QuotingInputFilter)
2021-08-11 08:46:42,101 [Listener at 127.0.0.1/34095] INFO  http.HttpServer2 (HttpServer2.java:addFilter(996)) - Added filter static_user_filter (class=org.apache.hadoop.http.lib.StaticUserWebFilter$StaticUserFilter) to context hddsDatanode
2021-08-11 08:46:42,102 [Listener at 127.0.0.1/34095] INFO  http.HttpServer2 (HttpServer2.java:addFilter(1004)) - Added filter static_user_filter (class=org.apache.hadoop.http.lib.StaticUserWebFilter$StaticUserFilter) to context static
2021-08-11 08:46:42,102 [Listener at 127.0.0.1/34095] INFO  http.HttpServer2 (HttpServer2.java:addFilter(1004)) - Added filter static_user_filter (class=org.apache.hadoop.http.lib.StaticUserWebFilter$StaticUserFilter) to context logs
2021-08-11 08:46:42,102 [Listener at 127.0.0.1/34095] INFO  http.HttpServer2 (HttpServer2.java:bindListener(1239)) - Jetty bound to port 42851
2021-08-11 08:46:42,102 [Listener at 127.0.0.1/34095] INFO  server.Server (Server.java:doStart(375)) - jetty-9.4.43.v20210629; built: 2021-06-30T11:07:22.254Z; git: 526006ecfa3af7f1a27ef3a288e2bef7ea9dd7e8; jvm 1.8.0_292-b10
2021-08-11 08:46:42,105 [Listener at 127.0.0.1/34095] INFO  server.session (DefaultSessionIdManager.java:doStart(334)) - DefaultSessionIdManager workerName=node0
2021-08-11 08:46:42,105 [Listener at 127.0.0.1/34095] INFO  server.session (DefaultSessionIdManager.java:doStart(339)) - No SessionScavenger set, using defaults
2021-08-11 08:46:42,105 [Listener at 127.0.0.1/34095] INFO  server.session (HouseKeeper.java:startScavenging(132)) - node0 Scavenging every 600000ms
2021-08-11 08:46:42,106 [om1@group-C5BA1605619E-FollowerState] INFO  impl.FollowerState (FollowerState.java:run(134)) - om1@group-C5BA1605619E-FollowerState: change to CANDIDATE, lastRpcElapsedTime:1123916068ns, electionTimeout:1116ms
2021-08-11 08:46:42,106 [Listener at 127.0.0.1/34095] INFO  handler.ContextHandler (ContextHandler.java:doStart(915)) - Started o.e.j.s.ServletContextHandler@233cd973{logs,/logs,file:///home/runner/work/ozone/ozone/hadoop-ozone/integration-test/target/log,AVAILABLE}
2021-08-11 08:46:42,106 [om1@group-C5BA1605619E-FollowerState] INFO  impl.RoleInfo (RoleInfo.java:shutdownFollowerState(108)) - om1: shutdown om1@group-C5BA1605619E-FollowerState
2021-08-11 08:46:42,106 [om1@group-C5BA1605619E-FollowerState] INFO  server.RaftServer$Division (RaftServerImpl.java:setRole(285)) - om1@group-C5BA1605619E: changes role from  FOLLOWER to CANDIDATE at term 0 for changeToCandidate
2021-08-11 08:46:42,106 [Listener at 127.0.0.1/34095] INFO  handler.ContextHandler (ContextHandler.java:doStart(915)) - Started o.e.j.s.ServletContextHandler@630d4d7f{static,/static,jar:file:/home/runner/.m2/repository/org/apache/ozone/hdds-container-service/1.2.0-SNAPSHOT/hdds-container-service-1.2.0-SNAPSHOT.jar!/webapps/static,AVAILABLE}
2021-08-11 08:46:42,106 [om1@group-C5BA1605619E-FollowerState] INFO  server.RaftServerConfigKeys (ConfUtils.java:logGet(44)) - raft.server.leaderelection.pre-vote = false (custom)
2021-08-11 08:46:42,106 [om1@group-C5BA1605619E-FollowerState] INFO  impl.RoleInfo (RoleInfo.java:updateAndGet(130)) - om1: start om1@group-C5BA1605619E-LeaderElection4
2021-08-11 08:46:42,137 [om1@group-C5BA1605619E-LeaderElection4] INFO  impl.LeaderElection (LeaderElection.java:askForVotes(306)) - om1@group-C5BA1605619E-LeaderElection4 ELECTION round 0: submit vote requests at term 1 for -1: [om1|rpc:localhost:9872|priority:0], old=null
2021-08-11 08:46:42,137 [om1@group-C5BA1605619E-LeaderElection4] INFO  impl.LeaderElection (LeaderElection.java:askForVotes(308)) - om1@group-C5BA1605619E-LeaderElection4 ELECTION round 0: result PASSED (term=1)
2021-08-11 08:46:42,137 [om1@group-C5BA1605619E-LeaderElection4] INFO  impl.RoleInfo (RoleInfo.java:shutdownLeaderElection(121)) - om1: shutdown om1@group-C5BA1605619E-LeaderElection4
2021-08-11 08:46:42,137 [om1@group-C5BA1605619E-LeaderElection4] INFO  server.RaftServer$Division (RaftServerImpl.java:setRole(285)) - om1@group-C5BA1605619E: changes role from CANDIDATE to LEADER at term 1 for changeToLeader
2021-08-11 08:46:42,137 [om1@group-C5BA1605619E-LeaderElection4] INFO  server.RaftServer$Division (ServerState.java:setLeader(285)) - om1@group-C5BA1605619E: change Leader from null to om1 at term 1 for becomeLeader, leader elected after 1219ms
2021-08-11 08:46:42,137 [om1@group-C5BA1605619E-LeaderElection4] INFO  server.RaftServerConfigKeys (ConfUtils.java:logGet(44)) - raft.server.staging.catchup.gap = 1000 (default)
2021-08-11 08:46:42,138 [om1@group-C5BA1605619E-LeaderElection4] INFO  server.RaftServerConfigKeys (ConfUtils.java:logGet(44)) - raft.server.write.element-limit = 4096 (default)
2021-08-11 08:46:42,138 [om1@group-C5BA1605619E-LeaderElection4] INFO  server.RaftServerConfigKeys (ConfUtils.java:logGet(44)) - raft.server.write.byte-limit = 64MB (=67108864) (default)
2021-08-11 08:46:42,138 [om1@group-C5BA1605619E-LeaderElection4] INFO  server.RaftServerConfigKeys (ConfUtils.java:logGet(44)) - raft.server.watch.timeout = 10s (default)
2021-08-11 08:46:42,138 [om1@group-C5BA1605619E-LeaderElection4] INFO  server.RaftServerConfigKeys (ConfUtils.java:logGet(44)) - raft.server.watch.timeout.denomination = 1s (default)
2021-08-11 08:46:42,138 [om1@group-C5BA1605619E-LeaderElection4] INFO  server.RaftServerConfigKeys (ConfUtils.java:logGet(44)) - raft.server.watch.element-limit = 65536 (default)
2021-08-11 08:46:42,139 [om1@group-C5BA1605619E-LeaderElection4] INFO  impl.RoleInfo (RoleInfo.java:updateAndGet(130)) - om1: start om1@group-C5BA1605619E-LeaderStateImpl
2021-08-11 08:46:42,139 [om1@group-C5BA1605619E-LeaderElection4] INFO  segmented.SegmentedRaftLogWorker (SegmentedRaftLogWorker.java:startLogSegment(394)) - om1@group-C5BA1605619E-SegmentedRaftLogWorker: Starting segment from index:0
2021-08-11 08:46:42,150 [om1@group-C5BA1605619E-SegmentedRaftLogWorker] INFO  segmented.SegmentedRaftLogWorker (SegmentedRaftLogWorker.java:execute(601)) - om1@group-C5BA1605619E-SegmentedRaftLogWorker: created new log segment /home/runner/work/ozone/ozone/hadoop-ozone/integration-test/target/test-dir/MiniOzoneClusterImpl-c4fb58e9-55df-43b6-ac52-1e7b71033b91/ozone-meta/ratis/bf265839-605b-3f16-9796-c5ba1605619e/current/log_inprogress_0
2021-08-11 08:46:42,154 [om1@group-C5BA1605619E-LeaderElection4] INFO  server.RaftServer$Division (ServerState.java:setRaftConf(387)) - om1@group-C5BA1605619E: set configuration 0: [om1|rpc:localhost:9872|admin:|client:|dataStream:|priority:0], old=null
2021-08-11 08:46:42,164 [om1@group-C5BA1605619E-StateMachineUpdater] INFO  ratis.OzoneManagerStateMachine (OzoneManagerStateMachine.java:notifyConfigurationChanged(188)) - Received Configuration change notification from Ratis. New Peer list:
[id: "om1"
address: "localhost:9872"
]
2021-08-11 08:46:42,188 [Listener at 127.0.0.1/34095] INFO  handler.ContextHandler (ContextHandler.java:doStart(915)) - Started o.e.j.w.WebAppContext@2d683b2d{hddsDatanode,/,file:///tmp/jetty-0_0_0_0-42851-hdds-container-service-1_2_0-SNAPSHOT_jar-_-any-7622720473537056312/webapp/,AVAILABLE}{jar:file:/home/runner/.m2/repository/org/apache/ozone/hdds-container-service/1.2.0-SNAPSHOT/hdds-container-service-1.2.0-SNAPSHOT.jar!/webapps/hddsDatanode}
2021-08-11 08:46:42,192 [Listener at 127.0.0.1/34095] INFO  server.AbstractConnector (AbstractConnector.java:doStart(331)) - Started ServerConnector@5dac286c{HTTP/1.1, (http/1.1)}{0.0.0.0:42851}
2021-08-11 08:46:42,192 [Listener at 127.0.0.1/34095] INFO  server.Server (Server.java:doStart(415)) - Started @46983ms
2021-08-11 08:46:42,192 [Listener at 127.0.0.1/34095] WARN  impl.MetricsSystemImpl (MetricsSystemImpl.java:register(279)) - Sink prometheus already exists!
2021-08-11 08:46:42,193 [Listener at 127.0.0.1/34095] INFO  http.BaseHttpServer (BaseHttpServer.java:updateConnectorAddress(329)) - HTTP server of hddsDatanode listening at http://0.0.0.0:42851
2021-08-11 08:46:42,196 [Listener at 127.0.0.1/34095] INFO  ozone.MiniOzoneClusterImpl (MiniOzoneClusterImpl.java:lambda$waitForClusterToBeReady$0(235)) - Waiting for nodes to be ready. Got 0 of 3 DN Heartbeats.
2021-08-11 08:46:42,196 [Listener at 127.0.0.1/34095] INFO  ozone.MiniOzoneClusterImpl (MiniOzoneClusterImpl.java:lambda$waitForClusterToBeReady$0(238)) - Waiting for cluster to exit safe mode
2021-08-11 08:46:42,196 [Listener at 127.0.0.1/34095] INFO  ozone.MiniOzoneClusterImpl (MiniOzoneClusterImpl.java:lambda$waitForClusterToBeReady$0(240)) - SCM became leader
2021-08-11 08:46:42,234 [org.apache.hadoop.util.JvmPauseMonitor$Monitor@5a9f07ce] INFO  util.JvmPauseMonitor (JvmPauseMonitor.java:run(188)) - Starting JVM pause monitor
2021-08-11 08:46:42,242 [Datanode State Machine Task Thread - 0] INFO  datanode.InitDatanodeState (InitDatanodeState.java:persistContainerDatanodeDetails(145)) - DatanodeDetails is persisted to /home/runner/work/ozone/ozone/hadoop-ozone/integration-test/target/test-dir/MiniOzoneClusterImpl-c4fb58e9-55df-43b6-ac52-1e7b71033b91/datanode-2/meta/datanode.id
2021-08-11 08:46:43,196 [Listener at 127.0.0.1/34095] INFO  ozone.MiniOzoneClusterImpl (MiniOzoneClusterImpl.java:lambda$waitForClusterToBeReady$0(235)) - Waiting for nodes to be ready. Got 0 of 3 DN Heartbeats.
2021-08-11 08:46:43,196 [Listener at 127.0.0.1/34095] INFO  ozone.MiniOzoneClusterImpl (MiniOzoneClusterImpl.java:lambda$waitForClusterToBeReady$0(238)) - Waiting for cluster to exit safe mode
2021-08-11 08:46:43,196 [Listener at 127.0.0.1/34095] INFO  ozone.MiniOzoneClusterImpl (MiniOzoneClusterImpl.java:lambda$waitForClusterToBeReady$0(240)) - SCM became leader
2021-08-11 08:46:43,557 [EndpointStateMachine task thread for /0.0.0.0:33263 - 0 ] INFO  ozoneimpl.OzoneContainer (OzoneContainer.java:start(305)) - Attempting to start container services.
2021-08-11 08:46:43,557 [EndpointStateMachine task thread for /0.0.0.0:33263 - 0 ] INFO  ozoneimpl.OzoneContainer (OzoneContainer.java:startContainerScrub(250)) - Background container scanner has been disabled.
2021-08-11 08:46:43,558 [EndpointStateMachine task thread for /0.0.0.0:33263 - 0 ] INFO  replication.ReplicationServer (ReplicationServer.java:start(106)) - ReplicationServer is started using port 41367
2021-08-11 08:46:43,559 [EndpointStateMachine task thread for /0.0.0.0:33263 - 0 ] INFO  ratis.XceiverServerRatis (XceiverServerRatis.java:start(478)) - Starting XceiverServerRatis ae694f9c-4230-4382-bdc9-4a730a1d0d10
2021-08-11 08:46:43,559 [EndpointStateMachine task thread for /0.0.0.0:33263 - 0 ] INFO  server.RaftServer (RaftServerProxy.java:lambda$start$5(374)) - ae694f9c-4230-4382-bdc9-4a730a1d0d10: start RPC server
2021-08-11 08:46:43,564 [EndpointStateMachine task thread for /0.0.0.0:33263 - 0 ] INFO  server.GrpcService (GrpcService.java:startImpl(253)) - ae694f9c-4230-4382-bdc9-4a730a1d0d10: GrpcService started, listening on 34969
2021-08-11 08:46:43,567 [EndpointStateMachine task thread for /0.0.0.0:33263 - 0 ] INFO  ratis.XceiverServerRatis (XceiverServerRatis.java:getRealPort(499)) - XceiverServerRatis ae694f9c-4230-4382-bdc9-4a730a1d0d10 is started using port 34969 for RATIS
2021-08-11 08:46:43,567 [EndpointStateMachine task thread for /0.0.0.0:33263 - 0 ] INFO  ratis.XceiverServerRatis (XceiverServerRatis.java:getRealPort(499)) - XceiverServerRatis ae694f9c-4230-4382-bdc9-4a730a1d0d10 is started using port 34969 for RATIS_ADMIN
2021-08-11 08:46:43,567 [EndpointStateMachine task thread for /0.0.0.0:33263 - 0 ] INFO  ratis.XceiverServerRatis (XceiverServerRatis.java:getRealPort(499)) - XceiverServerRatis ae694f9c-4230-4382-bdc9-4a730a1d0d10 is started using port 34969 for RATIS_SERVER
2021-08-11 08:46:43,576 [EndpointStateMachine task thread for /0.0.0.0:33263 - 0 ] INFO  server.XceiverServerGrpc (XceiverServerGrpc.java:start(135)) - XceiverServerGrpc ae694f9c-4230-4382-bdc9-4a730a1d0d10 is started using port 42147
2021-08-11 08:46:43,586 [org.apache.ratis.util.JvmPauseMonitor$$Lambda$531/124654028@3b7c2695] INFO  util.JvmPauseMonitor (JvmPauseMonitor.java:run(103)) - JvmPauseMonitor-ae694f9c-4230-4382-bdc9-4a730a1d0d10: Started
2021-08-11 08:46:43,920 [EndpointStateMachine task thread for /0.0.0.0:33263 - 0 ] INFO  ozoneimpl.OzoneContainer (OzoneContainer.java:start(305)) - Attempting to start container services.
2021-08-11 08:46:43,920 [EndpointStateMachine task thread for /0.0.0.0:33263 - 0 ] INFO  ozoneimpl.OzoneContainer (OzoneContainer.java:startContainerScrub(250)) - Background container scanner has been disabled.
2021-08-11 08:46:43,928 [EndpointStateMachine task thread for /0.0.0.0:33263 - 0 ] INFO  replication.ReplicationServer (ReplicationServer.java:start(106)) - ReplicationServer is started using port 37559
2021-08-11 08:46:43,939 [EndpointStateMachine task thread for /0.0.0.0:33263 - 0 ] INFO  ratis.XceiverServerRatis (XceiverServerRatis.java:start(478)) - Starting XceiverServerRatis 109ac5ad-939f-490b-bf91-0dce67b5b01f
2021-08-11 08:46:43,940 [EndpointStateMachine task thread for /0.0.0.0:33263 - 0 ] INFO  server.RaftServer (RaftServerProxy.java:lambda$start$5(374)) - 109ac5ad-939f-490b-bf91-0dce67b5b01f: start RPC server
2021-08-11 08:46:43,942 [EndpointStateMachine task thread for /0.0.0.0:33263 - 0 ] INFO  server.GrpcService (GrpcService.java:startImpl(253)) - 109ac5ad-939f-490b-bf91-0dce67b5b01f: GrpcService started, listening on 46857
2021-08-11 08:46:43,943 [EndpointStateMachine task thread for /0.0.0.0:33263 - 0 ] INFO  ratis.XceiverServerRatis (XceiverServerRatis.java:getRealPort(499)) - XceiverServerRatis 109ac5ad-939f-490b-bf91-0dce67b5b01f is started using port 46857 for RATIS
2021-08-11 08:46:43,943 [EndpointStateMachine task thread for /0.0.0.0:33263 - 0 ] INFO  ratis.XceiverServerRatis (XceiverServerRatis.java:getRealPort(499)) - XceiverServerRatis 109ac5ad-939f-490b-bf91-0dce67b5b01f is started using port 46857 for RATIS_ADMIN
2021-08-11 08:46:43,943 [EndpointStateMachine task thread for /0.0.0.0:33263 - 0 ] INFO  ratis.XceiverServerRatis (XceiverServerRatis.java:getRealPort(499)) - XceiverServerRatis 109ac5ad-939f-490b-bf91-0dce67b5b01f is started using port 46857 for RATIS_SERVER
2021-08-11 08:46:43,949 [EndpointStateMachine task thread for /0.0.0.0:33263 - 0 ] INFO  server.XceiverServerGrpc (XceiverServerGrpc.java:start(135)) - XceiverServerGrpc 109ac5ad-939f-490b-bf91-0dce67b5b01f is started using port 44477
2021-08-11 08:46:43,951 [org.apache.ratis.util.JvmPauseMonitor$$Lambda$531/124654028@3669d02d] INFO  util.JvmPauseMonitor (JvmPauseMonitor.java:run(103)) - JvmPauseMonitor-109ac5ad-939f-490b-bf91-0dce67b5b01f: Started
2021-08-11 08:46:44,196 [Listener at 127.0.0.1/34095] INFO  ozone.MiniOzoneClusterImpl (MiniOzoneClusterImpl.java:lambda$waitForClusterToBeReady$0(235)) - Waiting for nodes to be ready. Got 0 of 3 DN Heartbeats.
2021-08-11 08:46:44,197 [Listener at 127.0.0.1/34095] INFO  ozone.MiniOzoneClusterImpl (MiniOzoneClusterImpl.java:lambda$waitForClusterToBeReady$0(238)) - Waiting for cluster to exit safe mode
2021-08-11 08:46:44,197 [Listener at 127.0.0.1/34095] INFO  ozone.MiniOzoneClusterImpl (MiniOzoneClusterImpl.java:lambda$waitForClusterToBeReady$0(240)) - SCM became leader
2021-08-11 08:46:44,243 [EndpointStateMachine task thread for /0.0.0.0:33263 - 0 ] INFO  ozoneimpl.OzoneContainer (OzoneContainer.java:start(305)) - Attempting to start container services.
2021-08-11 08:46:44,243 [EndpointStateMachine task thread for /0.0.0.0:33263 - 0 ] INFO  ozoneimpl.OzoneContainer (OzoneContainer.java:startContainerScrub(250)) - Background container scanner has been disabled.
2021-08-11 08:46:44,245 [EndpointStateMachine task thread for /0.0.0.0:33263 - 0 ] INFO  replication.ReplicationServer (ReplicationServer.java:start(106)) - ReplicationServer is started using port 42787
2021-08-11 08:46:44,245 [EndpointStateMachine task thread for /0.0.0.0:33263 - 0 ] INFO  ratis.XceiverServerRatis (XceiverServerRatis.java:start(478)) - Starting XceiverServerRatis 420b874f-857b-4c1c-9003-2dc7fb97d846
2021-08-11 08:46:44,247 [EndpointStateMachine task thread for /0.0.0.0:33263 - 0 ] INFO  server.RaftServer (RaftServerProxy.java:lambda$start$5(374)) - 420b874f-857b-4c1c-9003-2dc7fb97d846: start RPC server
2021-08-11 08:46:44,252 [EndpointStateMachine task thread for /0.0.0.0:33263 - 0 ] INFO  server.GrpcService (GrpcService.java:startImpl(253)) - 420b874f-857b-4c1c-9003-2dc7fb97d846: GrpcService started, listening on 37267
2021-08-11 08:46:44,255 [EndpointStateMachine task thread for /0.0.0.0:33263 - 0 ] INFO  ratis.XceiverServerRatis (XceiverServerRatis.java:getRealPort(499)) - XceiverServerRatis 420b874f-857b-4c1c-9003-2dc7fb97d846 is started using port 37267 for RATIS
2021-08-11 08:46:44,255 [EndpointStateMachine task thread for /0.0.0.0:33263 - 0 ] INFO  ratis.XceiverServerRatis (XceiverServerRatis.java:getRealPort(499)) - XceiverServerRatis 420b874f-857b-4c1c-9003-2dc7fb97d846 is started using port 37267 for RATIS_ADMIN
2021-08-11 08:46:44,256 [EndpointStateMachine task thread for /0.0.0.0:33263 - 0 ] INFO  ratis.XceiverServerRatis (XceiverServerRatis.java:getRealPort(499)) - XceiverServerRatis 420b874f-857b-4c1c-9003-2dc7fb97d846 is started using port 37267 for RATIS_SERVER
2021-08-11 08:46:44,257 [EndpointStateMachine task thread for /0.0.0.0:33263 - 0 ] INFO  server.XceiverServerGrpc (XceiverServerGrpc.java:start(135)) - XceiverServerGrpc 420b874f-857b-4c1c-9003-2dc7fb97d846 is started using port 39267
2021-08-11 08:46:44,265 [org.apache.ratis.util.JvmPauseMonitor$$Lambda$531/124654028@fdd5f41] INFO  util.JvmPauseMonitor (JvmPauseMonitor.java:run(103)) - JvmPauseMonitor-420b874f-857b-4c1c-9003-2dc7fb97d846: Started
2021-08-11 08:46:45,197 [Listener at 127.0.0.1/34095] INFO  ozone.MiniOzoneClusterImpl (MiniOzoneClusterImpl.java:lambda$waitForClusterToBeReady$0(235)) - Waiting for nodes to be ready. Got 0 of 3 DN Heartbeats.
2021-08-11 08:46:45,197 [Listener at 127.0.0.1/34095] INFO  ozone.MiniOzoneClusterImpl (MiniOzoneClusterImpl.java:lambda$waitForClusterToBeReady$0(238)) - Waiting for cluster to exit safe mode
2021-08-11 08:46:45,197 [Listener at 127.0.0.1/34095] INFO  ozone.MiniOzoneClusterImpl (MiniOzoneClusterImpl.java:lambda$waitForClusterToBeReady$0(240)) - SCM became leader
2021-08-11 08:46:45,541 [IPC Server handler 2 on default port 33263] INFO  net.NetworkTopologyImpl (NetworkTopologyImpl.java:add(112)) - Added a new node: /default-rack/ae694f9c-4230-4382-bdc9-4a730a1d0d10
2021-08-11 08:46:45,541 [IPC Server handler 2 on default port 33263] INFO  node.SCMNodeManager (SCMNodeManager.java:register(390)) - Registered Data node : ae694f9c-4230-4382-bdc9-4a730a1d0d10{ip: 10.1.0.43, host: fv-az291-953.wgnan5asplgejimfprtllbpdch.jx.internal.cloudapp.net, ports: [REPLICATION=41367, RATIS=34969, RATIS_ADMIN=34969, RATIS_SERVER=34969, STANDALONE=42147], networkLocation: /default-rack, certSerialId: null, persistedOpState: null, persistedOpStateExpiryEpochSec: 0}
2021-08-11 08:46:45,543 [EventQueue-NodeRegistrationContainerReportForContainerSafeModeRule] INFO  safemode.SCMSafeModeManager (SCMSafeModeManager.java:validateSafeModeExitRules(204)) - ContainerSafeModeRule rule is successfully validated
2021-08-11 08:46:45,543 [EventQueue-NodeRegistrationContainerReportForDataNodeSafeModeRule] INFO  safemode.SCMSafeModeManager (DataNodeSafeModeRule.java:process(71)) - SCM in safe mode. 1 DataNodes registered, 3 required.
2021-08-11 08:46:45,551 [EventQueue-PipelineReportForOneReplicaPipelineSafeModeRule] INFO  safemode.SCMSafeModeManager (SCMSafeModeManager.java:validateSafeModeExitRules(204)) - AtleastOneDatanodeReportedRule rule is successfully validated
2021-08-11 08:46:45,554 [EventQueue-NewNodeForNewNodeHandler] INFO  pipeline.BackgroundPipelineCreator (BackgroundPipelineCreatorV2.java:notifyEventTriggered(285)) - trigger a one-shot run on RatisPipelineUtilsThread.
2021-08-11 08:46:45,911 [IPC Server handler 0 on default port 33263] INFO  net.NetworkTopologyImpl (NetworkTopologyImpl.java:add(112)) - Added a new node: /default-rack/109ac5ad-939f-490b-bf91-0dce67b5b01f
2021-08-11 08:46:45,911 [IPC Server handler 0 on default port 33263] INFO  node.SCMNodeManager (SCMNodeManager.java:register(390)) - Registered Data node : 109ac5ad-939f-490b-bf91-0dce67b5b01f{ip: 10.1.0.43, host: fv-az291-953.wgnan5asplgejimfprtllbpdch.jx.internal.cloudapp.net, ports: [REPLICATION=37559, RATIS=46857, RATIS_ADMIN=46857, RATIS_SERVER=46857, STANDALONE=44477], networkLocation: /default-rack, certSerialId: null, persistedOpState: null, persistedOpStateExpiryEpochSec: 0}
2021-08-11 08:46:45,911 [EventQueue-NewNodeForNewNodeHandler] INFO  pipeline.BackgroundPipelineCreator (BackgroundPipelineCreatorV2.java:notifyEventTriggered(285)) - trigger a one-shot run on RatisPipelineUtilsThread.
2021-08-11 08:46:45,913 [EventQueue-NodeRegistrationContainerReportForDataNodeSafeModeRule] INFO  safemode.SCMSafeModeManager (DataNodeSafeModeRule.java:process(71)) - SCM in safe mode. 2 DataNodes registered, 3 required.
2021-08-11 08:46:46,197 [Listener at 127.0.0.1/34095] INFO  ozone.MiniOzoneClusterImpl (MiniOzoneClusterImpl.java:lambda$waitForClusterToBeReady$0(235)) - Waiting for nodes to be ready. Got 2 of 3 DN Heartbeats.
2021-08-11 08:46:46,198 [Listener at 127.0.0.1/34095] INFO  ozone.MiniOzoneClusterImpl (MiniOzoneClusterImpl.java:lambda$waitForClusterToBeReady$0(238)) - Waiting for cluster to exit safe mode
2021-08-11 08:46:46,198 [Listener at 127.0.0.1/34095] INFO  ozone.MiniOzoneClusterImpl (MiniOzoneClusterImpl.java:lambda$waitForClusterToBeReady$0(240)) - SCM became leader
2021-08-11 08:46:46,235 [IPC Server handler 1 on default port 33263] INFO  net.NetworkTopologyImpl (NetworkTopologyImpl.java:add(112)) - Added a new node: /default-rack/420b874f-857b-4c1c-9003-2dc7fb97d846
2021-08-11 08:46:46,235 [IPC Server handler 1 on default port 33263] INFO  node.SCMNodeManager (SCMNodeManager.java:register(390)) - Registered Data node : 420b874f-857b-4c1c-9003-2dc7fb97d846{ip: 10.1.0.43, host: fv-az291-953.wgnan5asplgejimfprtllbpdch.jx.internal.cloudapp.net, ports: [REPLICATION=42787, RATIS=37267, RATIS_ADMIN=37267, RATIS_SERVER=37267, STANDALONE=39267], networkLocation: /default-rack, certSerialId: null, persistedOpState: null, persistedOpStateExpiryEpochSec: 0}
2021-08-11 08:46:46,236 [EventQueue-NewNodeForNewNodeHandler] INFO  pipeline.BackgroundPipelineCreator (BackgroundPipelineCreatorV2.java:notifyEventTriggered(285)) - trigger a one-shot run on RatisPipelineUtilsThread.
2021-08-11 08:46:46,244 [EventQueue-NodeRegistrationContainerReportForDataNodeSafeModeRule] INFO  safemode.SCMSafeModeManager (DataNodeSafeModeRule.java:process(71)) - SCM in safe mode. 3 DataNodes registered, 3 required.
2021-08-11 08:46:46,244 [EventQueue-NodeRegistrationContainerReportForDataNodeSafeModeRule] INFO  safemode.SCMSafeModeManager (SCMSafeModeManager.java:validateSafeModeExitRules(204)) - DataNodeSafeModeRule rule is successfully validated
2021-08-11 08:46:46,244 [EventQueue-NodeRegistrationContainerReportForDataNodeSafeModeRule] INFO  safemode.SCMSafeModeManager (SCMSafeModeManager.java:completePreCheck(233)) - All SCM safe mode pre check rules have passed
2021-08-11 08:46:46,244 [EventQueue-NodeRegistrationContainerReportForDataNodeSafeModeRule] WARN  events.EventQueue (EventQueue.java:fireEvent(194)) - No event handler registered for event TypedEvent{payloadType=SafeModeStatus, name='Safe mode status'}
2021-08-11 08:46:46,244 [EventQueue-NodeRegistrationContainerReportForDataNodeSafeModeRule] INFO  ha.SCMContext (SCMContext.java:updateSafeModeStatus(205)) - Update SafeModeStatus from SafeModeStatus{safeModeStatus=true, preCheckPassed=false} to SafeModeStatus{safeModeStatus=true, preCheckPassed=true}.
2021-08-11 08:46:46,244 [EventQueue-NodeRegistrationContainerReportForDataNodeSafeModeRule] INFO  pipeline.BackgroundPipelineCreator (BackgroundPipelineCreatorV2.java:notifyEventTriggered(285)) - trigger a one-shot run on RatisPipelineUtilsThread.
2021-08-11 08:46:46,244 [RatisPipelineUtilsThread - 0] INFO  pipeline.RatisPipelineProvider (RatisPipelineProvider.java:lambda$create$0(183)) - Sending CreatePipelineCommand for pipeline:PipelineID=6d1ce88c-fb58-4f21-926f-0ff0947762bf to datanode:109ac5ad-939f-490b-bf91-0dce67b5b01f
2021-08-11 08:46:46,248 [RatisPipelineUtilsThread - 0] INFO  pipeline.RatisPipelineProvider (RatisPipelineProvider.java:lambda$create$0(183)) - Sending CreatePipelineCommand for pipeline:PipelineID=6d1ce88c-fb58-4f21-926f-0ff0947762bf to datanode:ae694f9c-4230-4382-bdc9-4a730a1d0d10
2021-08-11 08:46:46,248 [RatisPipelineUtilsThread - 0] INFO  pipeline.RatisPipelineProvider (RatisPipelineProvider.java:lambda$create$0(183)) - Sending CreatePipelineCommand for pipeline:PipelineID=6d1ce88c-fb58-4f21-926f-0ff0947762bf to datanode:420b874f-857b-4c1c-9003-2dc7fb97d846
2021-08-11 08:46:46,248 [RatisPipelineUtilsThread - 0] INFO  pipeline.PipelineStateManager (PipelineStateManagerV2Impl.java:addPipeline(101)) - Created pipeline Pipeline[ Id: 6d1ce88c-fb58-4f21-926f-0ff0947762bf, Nodes: 109ac5ad-939f-490b-bf91-0dce67b5b01f{ip: 10.1.0.43, host: fv-az291-953.wgnan5asplgejimfprtllbpdch.jx.internal.cloudapp.net, ports: [REPLICATION=37559, RATIS=46857, RATIS_ADMIN=46857, RATIS_SERVER=46857, STANDALONE=44477], networkLocation: /default-rack, certSerialId: null, persistedOpState: IN_SERVICE, persistedOpStateExpiryEpochSec: 0}ae694f9c-4230-4382-bdc9-4a730a1d0d10{ip: 10.1.0.43, host: fv-az291-953.wgnan5asplgejimfprtllbpdch.jx.internal.cloudapp.net, ports: [REPLICATION=41367, RATIS=34969, RATIS_ADMIN=34969, RATIS_SERVER=34969, STANDALONE=42147], networkLocation: /default-rack, certSerialId: null, persistedOpState: IN_SERVICE, persistedOpStateExpiryEpochSec: 0}420b874f-857b-4c1c-9003-2dc7fb97d846{ip: 10.1.0.43, host: fv-az291-953.wgnan5asplgejimfprtllbpdch.jx.internal.cloudapp.net, ports: [REPLICATION=42787, RATIS=37267, RATIS_ADMIN=37267, RATIS_SERVER=37267, STANDALONE=39267], networkLocation: /default-rack, certSerialId: null, persistedOpState: IN_SERVICE, persistedOpStateExpiryEpochSec: 0}, ReplicationConfig: RATIS/THREE, State:ALLOCATED, leaderId:, CreationTimestamp2021-08-11T08:46:46.244Z[Etc/UTC]].
2021-08-11 08:46:47,198 [Listener at 127.0.0.1/34095] INFO  ozone.MiniOzoneClusterImpl (MiniOzoneClusterImpl.java:lambda$waitForClusterToBeReady$0(235)) - Nodes are ready. Got 3 of 3 DN Heartbeats.
2021-08-11 08:46:47,198 [Listener at 127.0.0.1/34095] INFO  ozone.MiniOzoneClusterImpl (MiniOzoneClusterImpl.java:lambda$waitForClusterToBeReady$0(238)) - Waiting for cluster to exit safe mode
2021-08-11 08:46:47,198 [Listener at 127.0.0.1/34095] INFO  ozone.MiniOzoneClusterImpl (MiniOzoneClusterImpl.java:lambda$waitForClusterToBeReady$0(240)) - SCM became leader
2021-08-11 08:46:48,199 [Listener at 127.0.0.1/34095] INFO  ozone.MiniOzoneClusterImpl (MiniOzoneClusterImpl.java:lambda$waitForClusterToBeReady$0(235)) - Nodes are ready. Got 3 of 3 DN Heartbeats.
2021-08-11 08:46:48,199 [Listener at 127.0.0.1/34095] INFO  ozone.MiniOzoneClusterImpl (MiniOzoneClusterImpl.java:lambda$waitForClusterToBeReady$0(238)) - Waiting for cluster to exit safe mode
2021-08-11 08:46:48,199 [Listener at 127.0.0.1/34095] INFO  ozone.MiniOzoneClusterImpl (MiniOzoneClusterImpl.java:lambda$waitForClusterToBeReady$0(240)) - SCM became leader
2021-08-11 08:46:48,543 [Command processor thread] INFO  server.RaftServer (RaftServerProxy.java:addNew(95)) - ae694f9c-4230-4382-bdc9-4a730a1d0d10: addNew group-0FF0947762BF:[109ac5ad-939f-490b-bf91-0dce67b5b01f|rpc:10.1.0.43:46857|priority:0, ae694f9c-4230-4382-bdc9-4a730a1d0d10|rpc:10.1.0.43:34969|priority:1, 420b874f-857b-4c1c-9003-2dc7fb97d846|rpc:10.1.0.43:37267|priority:0] returns group-0FF0947762BF:java.util.concurrent.CompletableFuture@9fb15ed[Not completed]
2021-08-11 08:46:48,553 [pool-282-thread-1] INFO  server.RaftServer$Division (RaftServerImpl.java:<init>(181)) - ae694f9c-4230-4382-bdc9-4a730a1d0d10: new RaftServerImpl for group-0FF0947762BF:[109ac5ad-939f-490b-bf91-0dce67b5b01f|rpc:10.1.0.43:46857|priority:0, ae694f9c-4230-4382-bdc9-4a730a1d0d10|rpc:10.1.0.43:34969|priority:1, 420b874f-857b-4c1c-9003-2dc7fb97d846|rpc:10.1.0.43:37267|priority:0] with ContainerStateMachine:uninitialized
2021-08-11 08:46:48,555 [pool-282-thread-1] INFO  server.RaftServerConfigKeys (ConfUtils.java:logGet(44)) - raft.server.rpc.timeout.min = 5s (custom)
2021-08-11 08:46:48,555 [pool-282-thread-1] INFO  server.RaftServerConfigKeys (ConfUtils.java:logGet(44)) - raft.server.rpc.timeout.max = 5200ms (custom)
2021-08-11 08:46:48,556 [pool-282-thread-1] INFO  server.RaftServerConfigKeys (ConfUtils.java:logGet(44)) - raft.server.rpc.sleep.time = 25ms (default)
2021-08-11 08:46:48,556 [pool-282-thread-1] INFO  server.RaftServerConfigKeys (ConfUtils.java:logGet(44)) - raft.server.rpc.slowness.timeout = 300s (custom)
2021-08-11 08:46:48,556 [pool-282-thread-1] INFO  server.RaftServerConfigKeys (ConfUtils.java:logGet(44)) - raft.server.leaderelection.leader.step-down.wait-time = 10s (default)
2021-08-11 08:46:48,556 [pool-282-thread-1] INFO  server.RaftServerConfigKeys (ConfUtils.java:logGet(44)) - raft.server.sleep.deviation.threshold = 300ms (default)
2021-08-11 08:46:48,556 [pool-282-thread-1] INFO  server.RaftServerConfigKeys (ConfUtils.java:logGet(44)) - raft.server.log.appender.install.snapshot.enabled = false (custom)
2021-08-11 08:46:48,556 [pool-282-thread-1] INFO  server.RaftServer$Division (ServerState.java:<init>(105)) - ae694f9c-4230-4382-bdc9-4a730a1d0d10@group-0FF0947762BF: ConfigurationManager, init=-1: [109ac5ad-939f-490b-bf91-0dce67b5b01f|rpc:10.1.0.43:46857|priority:0, ae694f9c-4230-4382-bdc9-4a730a1d0d10|rpc:10.1.0.43:34969|priority:1, 420b874f-857b-4c1c-9003-2dc7fb97d846|rpc:10.1.0.43:37267|priority:0], old=null, confs=<EMPTY_MAP>
2021-08-11 08:46:48,556 [pool-282-thread-1] INFO  server.RaftServerConfigKeys (ConfUtils.java:logGet(44)) - raft.server.storage.dir = [/home/runner/work/ozone/ozone/hadoop-ozone/integration-test/target/test-dir/MiniOzoneClusterImpl-c4fb58e9-55df-43b6-ac52-1e7b71033b91/datanode-0/data/ratis] (custom)
2021-08-11 08:46:48,557 [pool-282-thread-1] INFO  server.RaftServerConfigKeys (ConfUtils.java:logGet(44)) - raft.server.log.corruption.policy = EXCEPTION (default)
2021-08-11 08:46:48,557 [pool-282-thread-1] INFO  server.RaftServerConfigKeys (ConfUtils.java:logGet(44)) - raft.server.storage.free-space.min = 0MB (=0) (default)
2021-08-11 08:46:48,557 [pool-282-thread-1] INFO  storage.RaftStorageDirectory (RaftStorageDirectoryImpl.java:analyzeStorage(135)) - The storage directory /home/runner/work/ozone/ozone/hadoop-ozone/integration-test/target/test-dir/MiniOzoneClusterImpl-c4fb58e9-55df-43b6-ac52-1e7b71033b91/datanode-0/data/ratis/6d1ce88c-fb58-4f21-926f-0ff0947762bf does not exist. Creating ...
2021-08-11 08:46:48,561 [pool-282-thread-1] INFO  storage.RaftStorageDirectory (RaftStorageDirectoryImpl.java:tryLock(230)) - Lock on /home/runner/work/ozone/ozone/hadoop-ozone/integration-test/target/test-dir/MiniOzoneClusterImpl-c4fb58e9-55df-43b6-ac52-1e7b71033b91/datanode-0/data/ratis/6d1ce88c-fb58-4f21-926f-0ff0947762bf/in_use.lock acquired by nodename 29959@fv-az291-953
2021-08-11 08:46:48,565 [pool-282-thread-1] INFO  storage.RaftStorage (RaftStorageImpl.java:format(89)) - Storage directory /home/runner/work/ozone/ozone/hadoop-ozone/integration-test/target/test-dir/MiniOzoneClusterImpl-c4fb58e9-55df-43b6-ac52-1e7b71033b91/datanode-0/data/ratis/6d1ce88c-fb58-4f21-926f-0ff0947762bf has been successfully formatted.
2021-08-11 08:46:48,565 [pool-282-thread-1] INFO  ratis.ContainerStateMachine (ContainerStateMachine.java:loadSnapshot(223)) - group-0FF0947762BF: The snapshot info is null. Setting the last applied indexto:(t:0, i:~)
2021-08-11 08:46:48,565 [Datanode State Machine Thread - 0] WARN  statemachine.StateContext (StateContext.java:execute(621)) - No available thread in pool for past 0 seconds.
2021-08-11 08:46:48,565 [pool-282-thread-1] INFO  server.RaftServerConfigKeys (ConfUtils.java:logGet(44)) - raft.server.notification.no-leader.timeout = 300s (custom)
2021-08-11 08:46:48,565 [pool-282-thread-1] INFO  server.RaftServerConfigKeys (ConfUtils.java:logGet(44)) - raft.server.log.use.memory = false (default)
2021-08-11 08:46:48,566 [pool-282-thread-1] INFO  server.RaftServerConfigKeys (ConfUtils.java:logGet(44)) - raft.server.log.purge.gap = 1000000 (custom)
2021-08-11 08:46:48,566 [pool-282-thread-1] INFO  server.RaftServerConfigKeys (ConfUtils.java:logGet(44)) - raft.server.log.appender.buffer.byte-limit = 33554432 (custom)
2021-08-11 08:46:48,567 [pool-282-thread-1] INFO  server.RaftServerConfigKeys (ConfUtils.java:logGet(44)) - raft.server.log.segment.size.max = 1048576 (custom)
2021-08-11 08:46:48,567 [pool-282-thread-1] INFO  server.RaftServerConfigKeys (ConfUtils.java:logGet(44)) - raft.server.log.segment.cache.num.max = 2 (custom)
2021-08-11 08:46:48,567 [pool-282-thread-1] INFO  server.RaftServerConfigKeys (ConfUtils.java:logGet(44)) - raft.server.log.segment.cache.size.max = 200MB (=209715200) (default)
2021-08-11 08:46:48,567 [pool-282-thread-1] INFO  segmented.SegmentedRaftLogWorker (SegmentedRaftLogWorker.java:<init>(182)) - new ae694f9c-4230-4382-bdc9-4a730a1d0d10@group-0FF0947762BF-SegmentedRaftLogWorker for RaftStorageImpl:Storage Directory /home/runner/work/ozone/ozone/hadoop-ozone/integration-test/target/test-dir/MiniOzoneClusterImpl-c4fb58e9-55df-43b6-ac52-1e7b71033b91/datanode-0/data/ratis/6d1ce88c-fb58-4f21-926f-0ff0947762bf
2021-08-11 08:46:48,568 [pool-282-thread-1] INFO  server.RaftServerConfigKeys (ConfUtils.java:logGet(44)) - raft.server.log.queue.byte-limit = 2147483647 (custom)
2021-08-11 08:46:48,568 [pool-282-thread-1] INFO  server.RaftServerConfigKeys (ConfUtils.java:logGet(44)) - raft.server.log.queue.element-limit = 1024 (custom)
2021-08-11 08:46:48,568 [pool-282-thread-1] INFO  server.RaftServerConfigKeys (ConfUtils.java:logGet(44)) - raft.server.log.segment.size.max = 1048576 (custom)
2021-08-11 08:46:48,569 [pool-282-thread-1] INFO  server.RaftServerConfigKeys (ConfUtils.java:logGet(44)) - raft.server.log.preallocated.size = 16384 (custom)
2021-08-11 08:46:48,569 [pool-282-thread-1] INFO  server.RaftServerConfigKeys (ConfUtils.java:logGet(44)) - raft.server.log.force.sync.num = 128 (default)
2021-08-11 08:46:48,569 [pool-282-thread-1] INFO  server.RaftServerConfigKeys (ConfUtils.java:logGet(44)) - raft.server.log.statemachine.data.sync = true (default)
2021-08-11 08:46:48,569 [pool-282-thread-1] INFO  server.RaftServerConfigKeys (ConfUtils.java:logGet(44)) - raft.server.log.statemachine.data.sync.timeout = 10s (default)
2021-08-11 08:46:48,569 [pool-282-thread-1] INFO  server.RaftServerConfigKeys (ConfUtils.java:logGet(44)) - raft.server.log.statemachine.data.sync.timeout.retry = -1 (default)
2021-08-11 08:46:48,570 [pool-282-thread-1] INFO  server.RaftServerConfigKeys (ConfUtils.java:logGet(44)) - raft.server.log.write.buffer.size = 1048576 (custom)
2021-08-11 08:46:48,572 [pool-282-thread-1] INFO  server.RaftServerConfigKeys (ConfUtils.java:logGet(44)) - raft.server.log.statemachine.data.caching.enabled = true (custom)
2021-08-11 08:46:48,572 [pool-282-thread-1] INFO  segmented.SegmentedRaftLogWorker (SegmentedRaftLogWorker.java:lambda$new$0(133)) - ae694f9c-4230-4382-bdc9-4a730a1d0d10@group-0FF0947762BF-SegmentedRaftLogWorker: flushIndex: setUnconditionally 0 -> -1
2021-08-11 08:46:48,572 [pool-282-thread-1] INFO  segmented.SegmentedRaftLogWorker (SegmentedRaftLogWorker.java:lambda$new$0(133)) - ae694f9c-4230-4382-bdc9-4a730a1d0d10@group-0FF0947762BF-SegmentedRaftLogWorker: safeCacheEvictIndex: setUnconditionally 0 -> -1
2021-08-11 08:46:48,572 [pool-282-thread-1] INFO  server.RaftServerConfigKeys (ConfUtils.java:logGet(44)) - raft.server.snapshot.auto.trigger.enabled = true (custom)
2021-08-11 08:46:48,572 [pool-282-thread-1] INFO  server.RaftServerConfigKeys (ConfUtils.java:logGet(44)) - raft.server.snapshot.auto.trigger.threshold = 10000 (custom)
2021-08-11 08:46:48,572 [pool-282-thread-1] INFO  server.RaftServerConfigKeys (ConfUtils.java:logGet(44)) - raft.server.snapshot.retention.file.num = 5 (custom)
2021-08-11 08:46:48,572 [pool-282-thread-1] INFO  server.RaftServerConfigKeys (ConfUtils.java:logGet(44)) - raft.server.log.purge.upto.snapshot.index = false (default)
2021-08-11 08:46:48,572 [pool-282-thread-1] INFO  server.RaftServerConfigKeys (ConfUtils.java:logGet(44)) - raft.server.retrycache.expirytime = 600000ms (custom)
2021-08-11 08:46:48,572 [pool-282-thread-1] INFO  server.RaftServerConfigKeys (ConfUtils.java:logGet(44)) - raft.server.retrycache.statistics.expirytime = 100μs (default)
2021-08-11 08:46:48,574 [pool-282-thread-1] INFO  server.RaftServer$Division (RaftServerImpl.java:start(296)) - ae694f9c-4230-4382-bdc9-4a730a1d0d10@group-0FF0947762BF: start as a follower, conf=-1: [109ac5ad-939f-490b-bf91-0dce67b5b01f|rpc:10.1.0.43:46857|priority:0, ae694f9c-4230-4382-bdc9-4a730a1d0d10|rpc:10.1.0.43:34969|priority:1, 420b874f-857b-4c1c-9003-2dc7fb97d846|rpc:10.1.0.43:37267|priority:0], old=null
2021-08-11 08:46:48,574 [pool-282-thread-1] INFO  server.RaftServer$Division (RaftServerImpl.java:setRole(285)) - ae694f9c-4230-4382-bdc9-4a730a1d0d10@group-0FF0947762BF: changes role from      null to FOLLOWER at term 0 for startAsFollower
2021-08-11 08:46:48,574 [pool-282-thread-1] INFO  impl.RoleInfo (RoleInfo.java:updateAndGet(130)) - ae694f9c-4230-4382-bdc9-4a730a1d0d10: start ae694f9c-4230-4382-bdc9-4a730a1d0d10@group-0FF0947762BF-FollowerState
2021-08-11 08:46:48,574 [pool-282-thread-1] INFO  util.JmxRegister (JmxRegister.java:tryRegister(44)) - Successfully registered JMX Bean with object name Ratis:service=RaftServer,group=group-0FF0947762BF,id=ae694f9c-4230-4382-bdc9-4a730a1d0d10
2021-08-11 08:46:48,575 [Command processor thread] INFO  ratis.XceiverServerRatis (XceiverServerRatis.java:addGroup(759)) - Created group PipelineID=6d1ce88c-fb58-4f21-926f-0ff0947762bf
2021-08-11 08:46:48,602 [grpc-default-executor-2] INFO  server.RaftServer (RaftServerProxy.java:addNew(95)) - 109ac5ad-939f-490b-bf91-0dce67b5b01f: addNew group-0FF0947762BF:[109ac5ad-939f-490b-bf91-0dce67b5b01f|rpc:10.1.0.43:46857|dataStream:|priority:0, ae694f9c-4230-4382-bdc9-4a730a1d0d10|rpc:10.1.0.43:34969|dataStream:|priority:1, 420b874f-857b-4c1c-9003-2dc7fb97d846|rpc:10.1.0.43:37267|dataStream:|priority:0] returns group-0FF0947762BF:java.util.concurrent.CompletableFuture@10904cb[Not completed]
2021-08-11 08:46:48,627 [pool-301-thread-1] INFO  server.RaftServer$Division (RaftServerImpl.java:<init>(181)) - 109ac5ad-939f-490b-bf91-0dce67b5b01f: new RaftServerImpl for group-0FF0947762BF:[109ac5ad-939f-490b-bf91-0dce67b5b01f|rpc:10.1.0.43:46857|dataStream:|priority:0, ae694f9c-4230-4382-bdc9-4a730a1d0d10|rpc:10.1.0.43:34969|dataStream:|priority:1, 420b874f-857b-4c1c-9003-2dc7fb97d846|rpc:10.1.0.43:37267|dataStream:|priority:0] with ContainerStateMachine:uninitialized
2021-08-11 08:46:48,627 [pool-301-thread-1] INFO  server.RaftServerConfigKeys (ConfUtils.java:logGet(44)) - raft.server.rpc.timeout.min = 5s (custom)
2021-08-11 08:46:48,627 [pool-301-thread-1] INFO  server.RaftServerConfigKeys (ConfUtils.java:logGet(44)) - raft.server.rpc.timeout.max = 5200ms (custom)
2021-08-11 08:46:48,629 [pool-301-thread-1] INFO  server.RaftServerConfigKeys (ConfUtils.java:logGet(44)) - raft.server.rpc.sleep.time = 25ms (default)
2021-08-11 08:46:48,629 [pool-301-thread-1] INFO  server.RaftServerConfigKeys (ConfUtils.java:logGet(44)) - raft.server.rpc.slowness.timeout = 300s (custom)
2021-08-11 08:46:48,629 [pool-301-thread-1] INFO  server.RaftServerConfigKeys (ConfUtils.java:logGet(44)) - raft.server.leaderelection.leader.step-down.wait-time = 10s (default)
2021-08-11 08:46:48,630 [pool-301-thread-1] INFO  server.RaftServerConfigKeys (ConfUtils.java:logGet(44)) - raft.server.sleep.deviation.threshold = 300ms (default)
2021-08-11 08:46:48,630 [pool-301-thread-1] INFO  server.RaftServerConfigKeys (ConfUtils.java:logGet(44)) - raft.server.log.appender.install.snapshot.enabled = false (custom)
2021-08-11 08:46:48,630 [pool-301-thread-1] INFO  server.RaftServer$Division (ServerState.java:<init>(105)) - 109ac5ad-939f-490b-bf91-0dce67b5b01f@group-0FF0947762BF: ConfigurationManager, init=-1: [109ac5ad-939f-490b-bf91-0dce67b5b01f|rpc:10.1.0.43:46857|dataStream:|priority:0, ae694f9c-4230-4382-bdc9-4a730a1d0d10|rpc:10.1.0.43:34969|dataStream:|priority:1, 420b874f-857b-4c1c-9003-2dc7fb97d846|rpc:10.1.0.43:37267|dataStream:|priority:0], old=null, confs=<EMPTY_MAP>
2021-08-11 08:46:48,630 [pool-301-thread-1] INFO  server.RaftServerConfigKeys (ConfUtils.java:logGet(44)) - raft.server.storage.dir = [/home/runner/work/ozone/ozone/hadoop-ozone/integration-test/target/test-dir/MiniOzoneClusterImpl-c4fb58e9-55df-43b6-ac52-1e7b71033b91/datanode-1/data/ratis] (custom)
2021-08-11 08:46:48,630 [pool-301-thread-1] INFO  server.RaftServerConfigKeys (ConfUtils.java:logGet(44)) - raft.server.log.corruption.policy = EXCEPTION (default)
2021-08-11 08:46:48,630 [pool-301-thread-1] INFO  server.RaftServerConfigKeys (ConfUtils.java:logGet(44)) - raft.server.storage.free-space.min = 0MB (=0) (default)
2021-08-11 08:46:48,630 [pool-301-thread-1] INFO  storage.RaftStorageDirectory (RaftStorageDirectoryImpl.java:analyzeStorage(135)) - The storage directory /home/runner/work/ozone/ozone/hadoop-ozone/integration-test/target/test-dir/MiniOzoneClusterImpl-c4fb58e9-55df-43b6-ac52-1e7b71033b91/datanode-1/data/ratis/6d1ce88c-fb58-4f21-926f-0ff0947762bf does not exist. Creating ...
2021-08-11 08:46:48,631 [pool-301-thread-1] INFO  storage.RaftStorageDirectory (RaftStorageDirectoryImpl.java:tryLock(230)) - Lock on /home/runner/work/ozone/ozone/hadoop-ozone/integration-test/target/test-dir/MiniOzoneClusterImpl-c4fb58e9-55df-43b6-ac52-1e7b71033b91/datanode-1/data/ratis/6d1ce88c-fb58-4f21-926f-0ff0947762bf/in_use.lock acquired by nodename 29959@fv-az291-953
2021-08-11 08:46:48,632 [pool-301-thread-1] INFO  storage.RaftStorage (RaftStorageImpl.java:format(89)) - Storage directory /home/runner/work/ozone/ozone/hadoop-ozone/integration-test/target/test-dir/MiniOzoneClusterImpl-c4fb58e9-55df-43b6-ac52-1e7b71033b91/datanode-1/data/ratis/6d1ce88c-fb58-4f21-926f-0ff0947762bf has been successfully formatted.
2021-08-11 08:46:48,640 [pool-301-thread-1] INFO  ratis.ContainerStateMachine (ContainerStateMachine.java:loadSnapshot(223)) - group-0FF0947762BF: The snapshot info is null. Setting the last applied indexto:(t:0, i:~)
2021-08-11 08:46:48,640 [pool-301-thread-1] INFO  server.RaftServerConfigKeys (ConfUtils.java:logGet(44)) - raft.server.notification.no-leader.timeout = 300s (custom)
2021-08-11 08:46:48,640 [pool-301-thread-1] INFO  server.RaftServerConfigKeys (ConfUtils.java:logGet(44)) - raft.server.log.use.memory = false (default)
2021-08-11 08:46:48,640 [pool-301-thread-1] INFO  server.RaftServerConfigKeys (ConfUtils.java:logGet(44)) - raft.server.log.purge.gap = 1000000 (custom)
2021-08-11 08:46:48,640 [pool-301-thread-1] INFO  server.RaftServerConfigKeys (ConfUtils.java:logGet(44)) - raft.server.log.appender.buffer.byte-limit = 33554432 (custom)
2021-08-11 08:46:48,640 [pool-301-thread-1] INFO  server.RaftServerConfigKeys (ConfUtils.java:logGet(44)) - raft.server.log.segment.size.max = 1048576 (custom)
2021-08-11 08:46:48,641 [pool-301-thread-1] INFO  server.RaftServerConfigKeys (ConfUtils.java:logGet(44)) - raft.server.log.segment.cache.num.max = 2 (custom)
2021-08-11 08:46:48,641 [pool-301-thread-1] INFO  server.RaftServerConfigKeys (ConfUtils.java:logGet(44)) - raft.server.log.segment.cache.size.max = 200MB (=209715200) (default)
2021-08-11 08:46:48,641 [pool-301-thread-1] INFO  segmented.SegmentedRaftLogWorker (SegmentedRaftLogWorker.java:<init>(182)) - new 109ac5ad-939f-490b-bf91-0dce67b5b01f@group-0FF0947762BF-SegmentedRaftLogWorker for RaftStorageImpl:Storage Directory /home/runner/work/ozone/ozone/hadoop-ozone/integration-test/target/test-dir/MiniOzoneClusterImpl-c4fb58e9-55df-43b6-ac52-1e7b71033b91/datanode-1/data/ratis/6d1ce88c-fb58-4f21-926f-0ff0947762bf
2021-08-11 08:46:48,641 [pool-301-thread-1] INFO  server.RaftServerConfigKeys (ConfUtils.java:logGet(44)) - raft.server.log.queue.byte-limit = 2147483647 (custom)
2021-08-11 08:46:48,641 [pool-301-thread-1] INFO  server.RaftServerConfigKeys (ConfUtils.java:logGet(44)) - raft.server.log.queue.element-limit = 1024 (custom)
2021-08-11 08:46:48,641 [pool-301-thread-1] INFO  server.RaftServerConfigKeys (ConfUtils.java:logGet(44)) - raft.server.log.segment.size.max = 1048576 (custom)
2021-08-11 08:46:48,641 [pool-301-thread-1] INFO  server.RaftServerConfigKeys (ConfUtils.java:logGet(44)) - raft.server.log.preallocated.size = 16384 (custom)
2021-08-11 08:46:48,641 [pool-301-thread-1] INFO  server.RaftServerConfigKeys (ConfUtils.java:logGet(44)) - raft.server.log.force.sync.num = 128 (default)
2021-08-11 08:46:48,641 [pool-301-thread-1] INFO  server.RaftServerConfigKeys (ConfUtils.java:logGet(44)) - raft.server.log.statemachine.data.sync = true (default)
2021-08-11 08:46:48,642 [pool-301-thread-1] INFO  server.RaftServerConfigKeys (ConfUtils.java:logGet(44)) - raft.server.log.statemachine.data.sync.timeout = 10s (default)
2021-08-11 08:46:48,642 [pool-301-thread-1] INFO  server.RaftServerConfigKeys (ConfUtils.java:logGet(44)) - raft.server.log.statemachine.data.sync.timeout.retry = -1 (default)
2021-08-11 08:46:48,643 [pool-301-thread-1] INFO  server.RaftServerConfigKeys (ConfUtils.java:logGet(44)) - raft.server.log.write.buffer.size = 1048576 (custom)
2021-08-11 08:46:48,643 [pool-301-thread-1] INFO  server.RaftServerConfigKeys (ConfUtils.java:logGet(44)) - raft.server.log.statemachine.data.caching.enabled = true (custom)
2021-08-11 08:46:48,643 [pool-301-thread-1] INFO  segmented.SegmentedRaftLogWorker (SegmentedRaftLogWorker.java:lambda$new$0(133)) - 109ac5ad-939f-490b-bf91-0dce67b5b01f@group-0FF0947762BF-SegmentedRaftLogWorker: flushIndex: setUnconditionally 0 -> -1
2021-08-11 08:46:48,643 [pool-301-thread-1] INFO  segmented.SegmentedRaftLogWorker (SegmentedRaftLogWorker.java:lambda$new$0(133)) - 109ac5ad-939f-490b-bf91-0dce67b5b01f@group-0FF0947762BF-SegmentedRaftLogWorker: safeCacheEvictIndex: setUnconditionally 0 -> -1
2021-08-11 08:46:48,644 [Datanode State Machine Thread - 0] WARN  statemachine.StateContext (StateContext.java:execute(621)) - No available thread in pool for past 0 seconds.
2021-08-11 08:46:48,652 [pool-301-thread-1] INFO  server.RaftServerConfigKeys (ConfUtils.java:logGet(44)) - raft.server.snapshot.auto.trigger.enabled = true (custom)
2021-08-11 08:46:48,652 [pool-301-thread-1] INFO  server.RaftServerConfigKeys (ConfUtils.java:logGet(44)) - raft.server.snapshot.auto.trigger.threshold = 10000 (custom)
2021-08-11 08:46:48,652 [pool-301-thread-1] INFO  server.RaftServerConfigKeys (ConfUtils.java:logGet(44)) - raft.server.snapshot.retention.file.num = 5 (custom)
2021-08-11 08:46:48,652 [pool-301-thread-1] INFO  server.RaftServerConfigKeys (ConfUtils.java:logGet(44)) - raft.server.log.purge.upto.snapshot.index = false (default)
2021-08-11 08:46:48,652 [pool-301-thread-1] INFO  server.RaftServerConfigKeys (ConfUtils.java:logGet(44)) - raft.server.retrycache.expirytime = 600000ms (custom)
2021-08-11 08:46:48,652 [pool-301-thread-1] INFO  server.RaftServerConfigKeys (ConfUtils.java:logGet(44)) - raft.server.retrycache.statistics.expirytime = 100μs (default)
2021-08-11 08:46:48,653 [pool-301-thread-1] INFO  server.RaftServer$Division (RaftServerImpl.java:start(296)) - 109ac5ad-939f-490b-bf91-0dce67b5b01f@group-0FF0947762BF: start as a follower, conf=-1: [109ac5ad-939f-490b-bf91-0dce67b5b01f|rpc:10.1.0.43:46857|dataStream:|priority:0, ae694f9c-4230-4382-bdc9-4a730a1d0d10|rpc:10.1.0.43:34969|dataStream:|priority:1, 420b874f-857b-4c1c-9003-2dc7fb97d846|rpc:10.1.0.43:37267|dataStream:|priority:0], old=null
2021-08-11 08:46:48,654 [pool-301-thread-1] INFO  server.RaftServer$Division (RaftServerImpl.java:setRole(285)) - 109ac5ad-939f-490b-bf91-0dce67b5b01f@group-0FF0947762BF: changes role from      null to FOLLOWER at term 0 for startAsFollower
2021-08-11 08:46:48,654 [pool-301-thread-1] INFO  impl.RoleInfo (RoleInfo.java:updateAndGet(130)) - 109ac5ad-939f-490b-bf91-0dce67b5b01f: start 109ac5ad-939f-490b-bf91-0dce67b5b01f@group-0FF0947762BF-FollowerState
2021-08-11 08:46:48,663 [pool-301-thread-1] INFO  util.JmxRegister (JmxRegister.java:tryRegister(44)) - Successfully registered JMX Bean with object name Ratis:service=RaftServer,group=group-0FF0947762BF,id=109ac5ad-939f-490b-bf91-0dce67b5b01f
2021-08-11 08:46:48,699 [grpc-default-executor-2] INFO  server.RaftServer (RaftServerProxy.java:addNew(95)) - 420b874f-857b-4c1c-9003-2dc7fb97d846: addNew group-0FF0947762BF:[109ac5ad-939f-490b-bf91-0dce67b5b01f|rpc:10.1.0.43:46857|dataStream:|priority:0, ae694f9c-4230-4382-bdc9-4a730a1d0d10|rpc:10.1.0.43:34969|dataStream:|priority:1, 420b874f-857b-4c1c-9003-2dc7fb97d846|rpc:10.1.0.43:37267|dataStream:|priority:0] returns group-0FF0947762BF:java.util.concurrent.CompletableFuture@3ab26daf[Not completed]
2021-08-11 08:46:48,705 [pool-320-thread-1] INFO  server.RaftServer$Division (RaftServerImpl.java:<init>(181)) - 420b874f-857b-4c1c-9003-2dc7fb97d846: new RaftServerImpl for group-0FF0947762BF:[109ac5ad-939f-490b-bf91-0dce67b5b01f|rpc:10.1.0.43:46857|dataStream:|priority:0, ae694f9c-4230-4382-bdc9-4a730a1d0d10|rpc:10.1.0.43:34969|dataStream:|priority:1, 420b874f-857b-4c1c-9003-2dc7fb97d846|rpc:10.1.0.43:37267|dataStream:|priority:0] with ContainerStateMachine:uninitialized
2021-08-11 08:46:48,705 [pool-320-thread-1] INFO  server.RaftServerConfigKeys (ConfUtils.java:logGet(44)) - raft.server.rpc.timeout.min = 5s (custom)
2021-08-11 08:46:48,705 [pool-320-thread-1] INFO  server.RaftServerConfigKeys (ConfUtils.java:logGet(44)) - raft.server.rpc.timeout.max = 5200ms (custom)
2021-08-11 08:46:48,706 [pool-320-thread-1] INFO  server.RaftServerConfigKeys (ConfUtils.java:logGet(44)) - raft.server.rpc.sleep.time = 25ms (default)
2021-08-11 08:46:48,706 [pool-320-thread-1] INFO  server.RaftServerConfigKeys (ConfUtils.java:logGet(44)) - raft.server.rpc.slowness.timeout = 300s (custom)
2021-08-11 08:46:48,706 [pool-320-thread-1] INFO  server.RaftServerConfigKeys (ConfUtils.java:logGet(44)) - raft.server.leaderelection.leader.step-down.wait-time = 10s (default)
2021-08-11 08:46:48,706 [pool-320-thread-1] INFO  server.RaftServerConfigKeys (ConfUtils.java:logGet(44)) - raft.server.sleep.deviation.threshold = 300ms (default)
2021-08-11 08:46:48,706 [pool-320-thread-1] INFO  server.RaftServerConfigKeys (ConfUtils.java:logGet(44)) - raft.server.log.appender.install.snapshot.enabled = false (custom)
2021-08-11 08:46:48,706 [pool-320-thread-1] INFO  server.RaftServer$Division (ServerState.java:<init>(105)) - 420b874f-857b-4c1c-9003-2dc7fb97d846@group-0FF0947762BF: ConfigurationManager, init=-1: [109ac5ad-939f-490b-bf91-0dce67b5b01f|rpc:10.1.0.43:46857|dataStream:|priority:0, ae694f9c-4230-4382-bdc9-4a730a1d0d10|rpc:10.1.0.43:34969|dataStream:|priority:1, 420b874f-857b-4c1c-9003-2dc7fb97d846|rpc:10.1.0.43:37267|dataStream:|priority:0], old=null, confs=<EMPTY_MAP>
2021-08-11 08:46:48,706 [pool-320-thread-1] INFO  server.RaftServerConfigKeys (ConfUtils.java:logGet(44)) - raft.server.storage.dir = [/home/runner/work/ozone/ozone/hadoop-ozone/integration-test/target/test-dir/MiniOzoneClusterImpl-c4fb58e9-55df-43b6-ac52-1e7b71033b91/datanode-2/data/ratis] (custom)
2021-08-11 08:46:48,706 [pool-320-thread-1] INFO  server.RaftServerConfigKeys (ConfUtils.java:logGet(44)) - raft.server.log.corruption.policy = EXCEPTION (default)
2021-08-11 08:46:48,706 [pool-320-thread-1] INFO  server.RaftServerConfigKeys (ConfUtils.java:logGet(44)) - raft.server.storage.free-space.min = 0MB (=0) (default)
2021-08-11 08:46:48,707 [pool-320-thread-1] INFO  storage.RaftStorageDirectory (RaftStorageDirectoryImpl.java:analyzeStorage(135)) - The storage directory /home/runner/work/ozone/ozone/hadoop-ozone/integration-test/target/test-dir/MiniOzoneClusterImpl-c4fb58e9-55df-43b6-ac52-1e7b71033b91/datanode-2/data/ratis/6d1ce88c-fb58-4f21-926f-0ff0947762bf does not exist. Creating ...
2021-08-11 08:46:48,708 [pool-320-thread-1] INFO  storage.RaftStorageDirectory (RaftStorageDirectoryImpl.java:tryLock(230)) - Lock on /home/runner/work/ozone/ozone/hadoop-ozone/integration-test/target/test-dir/MiniOzoneClusterImpl-c4fb58e9-55df-43b6-ac52-1e7b71033b91/datanode-2/data/ratis/6d1ce88c-fb58-4f21-926f-0ff0947762bf/in_use.lock acquired by nodename 29959@fv-az291-953
2021-08-11 08:46:48,709 [pool-320-thread-1] INFO  storage.RaftStorage (RaftStorageImpl.java:format(89)) - Storage directory /home/runner/work/ozone/ozone/hadoop-ozone/integration-test/target/test-dir/MiniOzoneClusterImpl-c4fb58e9-55df-43b6-ac52-1e7b71033b91/datanode-2/data/ratis/6d1ce88c-fb58-4f21-926f-0ff0947762bf has been successfully formatted.
2021-08-11 08:46:48,714 [pool-320-thread-1] INFO  ratis.ContainerStateMachine (ContainerStateMachine.java:loadSnapshot(223)) - group-0FF0947762BF: The snapshot info is null. Setting the last applied indexto:(t:0, i:~)
2021-08-11 08:46:48,714 [pool-320-thread-1] INFO  server.RaftServerConfigKeys (ConfUtils.java:logGet(44)) - raft.server.notification.no-leader.timeout = 300s (custom)
2021-08-11 08:46:48,714 [pool-320-thread-1] INFO  server.RaftServerConfigKeys (ConfUtils.java:logGet(44)) - raft.server.log.use.memory = false (default)
2021-08-11 08:46:48,714 [pool-320-thread-1] INFO  server.RaftServerConfigKeys (ConfUtils.java:logGet(44)) - raft.server.log.purge.gap = 1000000 (custom)
2021-08-11 08:46:48,714 [pool-320-thread-1] INFO  server.RaftServerConfigKeys (ConfUtils.java:logGet(44)) - raft.server.log.appender.buffer.byte-limit = 33554432 (custom)
2021-08-11 08:46:48,718 [pool-320-thread-1] INFO  server.RaftServerConfigKeys (ConfUtils.java:logGet(44)) - raft.server.log.segment.size.max = 1048576 (custom)
2021-08-11 08:46:48,719 [pool-320-thread-1] INFO  server.RaftServerConfigKeys (ConfUtils.java:logGet(44)) - raft.server.log.segment.cache.num.max = 2 (custom)
2021-08-11 08:46:48,719 [pool-320-thread-1] INFO  server.RaftServerConfigKeys (ConfUtils.java:logGet(44)) - raft.server.log.segment.cache.size.max = 200MB (=209715200) (default)
2021-08-11 08:46:48,719 [pool-320-thread-1] INFO  segmented.SegmentedRaftLogWorker (SegmentedRaftLogWorker.java:<init>(182)) - new 420b874f-857b-4c1c-9003-2dc7fb97d846@group-0FF0947762BF-SegmentedRaftLogWorker for RaftStorageImpl:Storage Directory /home/runner/work/ozone/ozone/hadoop-ozone/integration-test/target/test-dir/MiniOzoneClusterImpl-c4fb58e9-55df-43b6-ac52-1e7b71033b91/datanode-2/data/ratis/6d1ce88c-fb58-4f21-926f-0ff0947762bf
2021-08-11 08:46:48,723 [pool-320-thread-1] INFO  server.RaftServerConfigKeys (ConfUtils.java:logGet(44)) - raft.server.log.queue.byte-limit = 2147483647 (custom)
2021-08-11 08:46:48,723 [pool-320-thread-1] INFO  server.RaftServerConfigKeys (ConfUtils.java:logGet(44)) - raft.server.log.queue.element-limit = 1024 (custom)
2021-08-11 08:46:48,723 [pool-320-thread-1] INFO  server.RaftServerConfigKeys (ConfUtils.java:logGet(44)) - raft.server.log.segment.size.max = 1048576 (custom)
2021-08-11 08:46:48,724 [pool-320-thread-1] INFO  server.RaftServerConfigKeys (ConfUtils.java:logGet(44)) - raft.server.log.preallocated.size = 16384 (custom)
2021-08-11 08:46:48,724 [pool-320-thread-1] INFO  server.RaftServerConfigKeys (ConfUtils.java:logGet(44)) - raft.server.log.force.sync.num = 128 (default)
2021-08-11 08:46:48,724 [pool-320-thread-1] INFO  server.RaftServerConfigKeys (ConfUtils.java:logGet(44)) - raft.server.log.statemachine.data.sync = true (default)
2021-08-11 08:46:48,724 [pool-320-thread-1] INFO  server.RaftServerConfigKeys (ConfUtils.java:logGet(44)) - raft.server.log.statemachine.data.sync.timeout = 10s (default)
2021-08-11 08:46:48,724 [pool-320-thread-1] INFO  server.RaftServerConfigKeys (ConfUtils.java:logGet(44)) - raft.server.log.statemachine.data.sync.timeout.retry = -1 (default)
2021-08-11 08:46:48,726 [pool-320-thread-1] INFO  server.RaftServerConfigKeys (ConfUtils.java:logGet(44)) - raft.server.log.write.buffer.size = 1048576 (custom)
2021-08-11 08:46:48,726 [pool-320-thread-1] INFO  server.RaftServerConfigKeys (ConfUtils.java:logGet(44)) - raft.server.log.statemachine.data.caching.enabled = true (custom)
2021-08-11 08:46:48,727 [pool-320-thread-1] INFO  segmented.SegmentedRaftLogWorker (SegmentedRaftLogWorker.java:lambda$new$0(133)) - 420b874f-857b-4c1c-9003-2dc7fb97d846@group-0FF0947762BF-SegmentedRaftLogWorker: flushIndex: setUnconditionally 0 -> -1
2021-08-11 08:46:48,727 [pool-320-thread-1] INFO  segmented.SegmentedRaftLogWorker (SegmentedRaftLogWorker.java:lambda$new$0(133)) - 420b874f-857b-4c1c-9003-2dc7fb97d846@group-0FF0947762BF-SegmentedRaftLogWorker: safeCacheEvictIndex: setUnconditionally 0 -> -1
2021-08-11 08:46:48,735 [pool-320-thread-1] INFO  server.RaftServerConfigKeys (ConfUtils.java:logGet(44)) - raft.server.snapshot.auto.trigger.enabled = true (custom)
2021-08-11 08:46:48,735 [pool-320-thread-1] INFO  server.RaftServerConfigKeys (ConfUtils.java:logGet(44)) - raft.server.snapshot.auto.trigger.threshold = 10000 (custom)
2021-08-11 08:46:48,736 [pool-320-thread-1] INFO  server.RaftServerConfigKeys (ConfUtils.java:logGet(44)) - raft.server.snapshot.retention.file.num = 5 (custom)
2021-08-11 08:46:48,736 [pool-320-thread-1] INFO  server.RaftServerConfigKeys (ConfUtils.java:logGet(44)) - raft.server.log.purge.upto.snapshot.index = false (default)
2021-08-11 08:46:48,736 [pool-320-thread-1] INFO  server.RaftServerConfigKeys (ConfUtils.java:logGet(44)) - raft.server.retrycache.expirytime = 600000ms (custom)
2021-08-11 08:46:48,736 [pool-320-thread-1] INFO  server.RaftServerConfigKeys (ConfUtils.java:logGet(44)) - raft.server.retrycache.statistics.expirytime = 100μs (default)
2021-08-11 08:46:48,737 [pool-320-thread-1] INFO  server.RaftServer$Division (RaftServerImpl.java:start(296)) - 420b874f-857b-4c1c-9003-2dc7fb97d846@group-0FF0947762BF: start as a follower, conf=-1: [109ac5ad-939f-490b-bf91-0dce67b5b01f|rpc:10.1.0.43:46857|dataStream:|priority:0, ae694f9c-4230-4382-bdc9-4a730a1d0d10|rpc:10.1.0.43:34969|dataStream:|priority:1, 420b874f-857b-4c1c-9003-2dc7fb97d846|rpc:10.1.0.43:37267|dataStream:|priority:0], old=null
2021-08-11 08:46:48,737 [pool-320-thread-1] INFO  server.RaftServer$Division (RaftServerImpl.java:setRole(285)) - 420b874f-857b-4c1c-9003-2dc7fb97d846@group-0FF0947762BF: changes role from      null to FOLLOWER at term 0 for startAsFollower
2021-08-11 08:46:48,737 [pool-320-thread-1] INFO  impl.RoleInfo (RoleInfo.java:updateAndGet(130)) - 420b874f-857b-4c1c-9003-2dc7fb97d846: start 420b874f-857b-4c1c-9003-2dc7fb97d846@group-0FF0947762BF-FollowerState
2021-08-11 08:46:48,743 [pool-320-thread-1] INFO  util.JmxRegister (JmxRegister.java:tryRegister(44)) - Successfully registered JMX Bean with object name Ratis:service=RaftServer,group=group-0FF0947762BF,id=420b874f-857b-4c1c-9003-2dc7fb97d846
2021-08-11 08:46:48,762 [Command processor thread] INFO  commandhandler.CreatePipelineCommandHandler (CreatePipelineCommandHandler.java:handle(106)) - Created Pipeline RATIS THREE PipelineID=6d1ce88c-fb58-4f21-926f-0ff0947762bf.
2021-08-11 08:46:49,199 [Listener at 127.0.0.1/34095] INFO  ozone.MiniOzoneClusterImpl (MiniOzoneClusterImpl.java:lambda$waitForClusterToBeReady$0(235)) - Nodes are ready. Got 3 of 3 DN Heartbeats.
2021-08-11 08:46:49,199 [Listener at 127.0.0.1/34095] INFO  ozone.MiniOzoneClusterImpl (MiniOzoneClusterImpl.java:lambda$waitForClusterToBeReady$0(238)) - Waiting for cluster to exit safe mode
2021-08-11 08:46:49,200 [Listener at 127.0.0.1/34095] INFO  ozone.MiniOzoneClusterImpl (MiniOzoneClusterImpl.java:lambda$waitForClusterToBeReady$0(240)) - SCM became leader
2021-08-11 08:46:50,200 [Listener at 127.0.0.1/34095] INFO  ozone.MiniOzoneClusterImpl (MiniOzoneClusterImpl.java:lambda$waitForClusterToBeReady$0(235)) - Nodes are ready. Got 3 of 3 DN Heartbeats.
2021-08-11 08:46:50,200 [Listener at 127.0.0.1/34095] INFO  ozone.MiniOzoneClusterImpl (MiniOzoneClusterImpl.java:lambda$waitForClusterToBeReady$0(238)) - Waiting for cluster to exit safe mode
2021-08-11 08:46:50,200 [Listener at 127.0.0.1/34095] INFO  ozone.MiniOzoneClusterImpl (MiniOzoneClusterImpl.java:lambda$waitForClusterToBeReady$0(240)) - SCM became leader
2021-08-11 08:46:51,200 [Listener at 127.0.0.1/34095] INFO  ozone.MiniOzoneClusterImpl (MiniOzoneClusterImpl.java:lambda$waitForClusterToBeReady$0(235)) - Nodes are ready. Got 3 of 3 DN Heartbeats.
2021-08-11 08:46:51,200 [Listener at 127.0.0.1/34095] INFO  ozone.MiniOzoneClusterImpl (MiniOzoneClusterImpl.java:lambda$waitForClusterToBeReady$0(238)) - Waiting for cluster to exit safe mode
2021-08-11 08:46:51,200 [Listener at 127.0.0.1/34095] INFO  ozone.MiniOzoneClusterImpl (MiniOzoneClusterImpl.java:lambda$waitForClusterToBeReady$0(240)) - SCM became leader
2021-08-11 08:46:52,201 [Listener at 127.0.0.1/34095] INFO  ozone.MiniOzoneClusterImpl (MiniOzoneClusterImpl.java:lambda$waitForClusterToBeReady$0(235)) - Nodes are ready. Got 3 of 3 DN Heartbeats.
2021-08-11 08:46:52,201 [Listener at 127.0.0.1/34095] INFO  ozone.MiniOzoneClusterImpl (MiniOzoneClusterImpl.java:lambda$waitForClusterToBeReady$0(238)) - Waiting for cluster to exit safe mode
2021-08-11 08:46:52,201 [Listener at 127.0.0.1/34095] INFO  ozone.MiniOzoneClusterImpl (MiniOzoneClusterImpl.java:lambda$waitForClusterToBeReady$0(240)) - SCM became leader
2021-08-11 08:46:53,201 [Listener at 127.0.0.1/34095] INFO  ozone.MiniOzoneClusterImpl (MiniOzoneClusterImpl.java:lambda$waitForClusterToBeReady$0(235)) - Nodes are ready. Got 3 of 3 DN Heartbeats.
2021-08-11 08:46:53,201 [Listener at 127.0.0.1/34095] INFO  ozone.MiniOzoneClusterImpl (MiniOzoneClusterImpl.java:lambda$waitForClusterToBeReady$0(238)) - Waiting for cluster to exit safe mode
2021-08-11 08:46:53,201 [Listener at 127.0.0.1/34095] INFO  ozone.MiniOzoneClusterImpl (MiniOzoneClusterImpl.java:lambda$waitForClusterToBeReady$0(240)) - SCM became leader
2021-08-11 08:46:53,709 [109ac5ad-939f-490b-bf91-0dce67b5b01f@group-0FF0947762BF-FollowerState] INFO  impl.FollowerState (FollowerState.java:run(134)) - 109ac5ad-939f-490b-bf91-0dce67b5b01f@group-0FF0947762BF-FollowerState: change to CANDIDATE, lastRpcElapsedTime:5055403246ns, electionTimeout:5045ms
2021-08-11 08:46:53,710 [109ac5ad-939f-490b-bf91-0dce67b5b01f@group-0FF0947762BF-FollowerState] INFO  impl.RoleInfo (RoleInfo.java:shutdownFollowerState(108)) - 109ac5ad-939f-490b-bf91-0dce67b5b01f: shutdown 109ac5ad-939f-490b-bf91-0dce67b5b01f@group-0FF0947762BF-FollowerState
2021-08-11 08:46:53,710 [109ac5ad-939f-490b-bf91-0dce67b5b01f@group-0FF0947762BF-FollowerState] INFO  server.RaftServer$Division (RaftServerImpl.java:setRole(285)) - 109ac5ad-939f-490b-bf91-0dce67b5b01f@group-0FF0947762BF: changes role from  FOLLOWER to CANDIDATE at term 0 for changeToCandidate
2021-08-11 08:46:53,711 [109ac5ad-939f-490b-bf91-0dce67b5b01f@group-0FF0947762BF-FollowerState] INFO  server.RaftServerConfigKeys (ConfUtils.java:logGet(44)) - raft.server.leaderelection.pre-vote = false (custom)
2021-08-11 08:46:53,711 [109ac5ad-939f-490b-bf91-0dce67b5b01f@group-0FF0947762BF-FollowerState] INFO  impl.RoleInfo (RoleInfo.java:updateAndGet(130)) - 109ac5ad-939f-490b-bf91-0dce67b5b01f: start 109ac5ad-939f-490b-bf91-0dce67b5b01f@group-0FF0947762BF-LeaderElection5
2021-08-11 08:46:53,722 [109ac5ad-939f-490b-bf91-0dce67b5b01f@group-0FF0947762BF-LeaderElection5] INFO  impl.LeaderElection (LeaderElection.java:askForVotes(306)) - 109ac5ad-939f-490b-bf91-0dce67b5b01f@group-0FF0947762BF-LeaderElection5 ELECTION round 0: submit vote requests at term 1 for -1: [109ac5ad-939f-490b-bf91-0dce67b5b01f|rpc:10.1.0.43:46857|dataStream:|priority:0, ae694f9c-4230-4382-bdc9-4a730a1d0d10|rpc:10.1.0.43:34969|dataStream:|priority:1, 420b874f-857b-4c1c-9003-2dc7fb97d846|rpc:10.1.0.43:37267|dataStream:|priority:0], old=null
2021-08-11 08:46:53,744 [grpc-default-executor-2] INFO  server.RaftServer$Division (RaftServerImpl.java:requestVote(1043)) - ae694f9c-4230-4382-bdc9-4a730a1d0d10@group-0FF0947762BF: receive requestVote(ELECTION, 109ac5ad-939f-490b-bf91-0dce67b5b01f, group-0FF0947762BF, 1, (t:0, i:0))
2021-08-11 08:46:53,744 [grpc-default-executor-2] INFO  impl.VoteContext (VoteContext.java:log(48)) - ae694f9c-4230-4382-bdc9-4a730a1d0d10@group-0FF0947762BF-FOLLOWER: reject ELECTION from 109ac5ad-939f-490b-bf91-0dce67b5b01f: our priority 1 > candidate's priority 0
2021-08-11 08:46:53,744 [grpc-default-executor-2] INFO  server.RaftServer$Division (RaftServerImpl.java:setRole(285)) - ae694f9c-4230-4382-bdc9-4a730a1d0d10@group-0FF0947762BF: changes role from  FOLLOWER to FOLLOWER at term 1 for candidate:109ac5ad-939f-490b-bf91-0dce67b5b01f
2021-08-11 08:46:53,744 [grpc-default-executor-2] INFO  impl.RoleInfo (RoleInfo.java:shutdownFollowerState(108)) - ae694f9c-4230-4382-bdc9-4a730a1d0d10: shutdown ae694f9c-4230-4382-bdc9-4a730a1d0d10@group-0FF0947762BF-FollowerState
2021-08-11 08:46:53,744 [grpc-default-executor-2] INFO  impl.RoleInfo (RoleInfo.java:updateAndGet(130)) - ae694f9c-4230-4382-bdc9-4a730a1d0d10: start ae694f9c-4230-4382-bdc9-4a730a1d0d10@group-0FF0947762BF-FollowerState
2021-08-11 08:46:53,744 [ae694f9c-4230-4382-bdc9-4a730a1d0d10@group-0FF0947762BF-FollowerState] INFO  impl.FollowerState (FollowerState.java:run(143)) - ae694f9c-4230-4382-bdc9-4a730a1d0d10@group-0FF0947762BF-FollowerState was interrupted: {}
java.lang.InterruptedException: sleep interrupted
	at java.lang.Thread.sleep(Native Method)
	at java.lang.Thread.sleep(Thread.java:340)
	at java.util.concurrent.TimeUnit.sleep(TimeUnit.java:386)
	at org.apache.ratis.util.TimeDuration.sleep(TimeDuration.java:324)
	at org.apache.ratis.util.TimeDuration.sleep(TimeDuration.java:309)
	at org.apache.ratis.server.impl.FollowerState.run(FollowerState.java:118)
2021-08-11 08:46:53,753 [grpc-default-executor-0] INFO  server.RaftServer$Division (RaftServerImpl.java:requestVote(1043)) - 420b874f-857b-4c1c-9003-2dc7fb97d846@group-0FF0947762BF: receive requestVote(ELECTION, 109ac5ad-939f-490b-bf91-0dce67b5b01f, group-0FF0947762BF, 1, (t:0, i:0))
2021-08-11 08:46:53,753 [grpc-default-executor-2] INFO  server.RaftServer$Division (RaftServerImpl.java:requestVote(1075)) - ae694f9c-4230-4382-bdc9-4a730a1d0d10@group-0FF0947762BF replies to ELECTION vote request: 109ac5ad-939f-490b-bf91-0dce67b5b01f<-ae694f9c-4230-4382-bdc9-4a730a1d0d10#0:FAIL-t1. Peer's state: ae694f9c-4230-4382-bdc9-4a730a1d0d10@group-0FF0947762BF:t1, leader=null, voted=null, raftlog=ae694f9c-4230-4382-bdc9-4a730a1d0d10@group-0FF0947762BF-SegmentedRaftLog:OPENED:c-1,f-1,i0, conf=-1: [109ac5ad-939f-490b-bf91-0dce67b5b01f|rpc:10.1.0.43:46857|priority:0, ae694f9c-4230-4382-bdc9-4a730a1d0d10|rpc:10.1.0.43:34969|priority:1, 420b874f-857b-4c1c-9003-2dc7fb97d846|rpc:10.1.0.43:37267|priority:0], old=null
2021-08-11 08:46:53,754 [grpc-default-executor-0] INFO  impl.VoteContext (VoteContext.java:log(48)) - 420b874f-857b-4c1c-9003-2dc7fb97d846@group-0FF0947762BF-FOLLOWER: accept ELECTION from 109ac5ad-939f-490b-bf91-0dce67b5b01f: our priority 0 <= candidate's priority 0
2021-08-11 08:46:53,754 [grpc-default-executor-0] INFO  server.RaftServer$Division (RaftServerImpl.java:setRole(285)) - 420b874f-857b-4c1c-9003-2dc7fb97d846@group-0FF0947762BF: changes role from  FOLLOWER to FOLLOWER at term 1 for candidate:109ac5ad-939f-490b-bf91-0dce67b5b01f
2021-08-11 08:46:53,754 [grpc-default-executor-0] INFO  impl.RoleInfo (RoleInfo.java:shutdownFollowerState(108)) - 420b874f-857b-4c1c-9003-2dc7fb97d846: shutdown 420b874f-857b-4c1c-9003-2dc7fb97d846@group-0FF0947762BF-FollowerState
2021-08-11 08:46:53,754 [grpc-default-executor-0] INFO  impl.RoleInfo (RoleInfo.java:updateAndGet(130)) - 420b874f-857b-4c1c-9003-2dc7fb97d846: start 420b874f-857b-4c1c-9003-2dc7fb97d846@group-0FF0947762BF-FollowerState
2021-08-11 08:46:53,754 [420b874f-857b-4c1c-9003-2dc7fb97d846@group-0FF0947762BF-FollowerState] INFO  impl.FollowerState (FollowerState.java:run(143)) - 420b874f-857b-4c1c-9003-2dc7fb97d846@group-0FF0947762BF-FollowerState was interrupted: {}
java.lang.InterruptedException: sleep interrupted
	at java.lang.Thread.sleep(Native Method)
	at java.lang.Thread.sleep(Thread.java:340)
	at java.util.concurrent.TimeUnit.sleep(TimeUnit.java:386)
	at org.apache.ratis.util.TimeDuration.sleep(TimeDuration.java:324)
	at org.apache.ratis.util.TimeDuration.sleep(TimeDuration.java:309)
	at org.apache.ratis.server.impl.FollowerState.run(FollowerState.java:118)
2021-08-11 08:46:53,759 [grpc-default-executor-0] INFO  server.RaftServer$Division (RaftServerImpl.java:requestVote(1075)) - 420b874f-857b-4c1c-9003-2dc7fb97d846@group-0FF0947762BF replies to ELECTION vote request: 109ac5ad-939f-490b-bf91-0dce67b5b01f<-420b874f-857b-4c1c-9003-2dc7fb97d846#0:OK-t1. Peer's state: 420b874f-857b-4c1c-9003-2dc7fb97d846@group-0FF0947762BF:t1, leader=null, voted=109ac5ad-939f-490b-bf91-0dce67b5b01f, raftlog=420b874f-857b-4c1c-9003-2dc7fb97d846@group-0FF0947762BF-SegmentedRaftLog:OPENED:c-1,f-1,i0, conf=-1: [109ac5ad-939f-490b-bf91-0dce67b5b01f|rpc:10.1.0.43:46857|dataStream:|priority:0, ae694f9c-4230-4382-bdc9-4a730a1d0d10|rpc:10.1.0.43:34969|dataStream:|priority:1, 420b874f-857b-4c1c-9003-2dc7fb97d846|rpc:10.1.0.43:37267|dataStream:|priority:0], old=null
2021-08-11 08:46:53,760 [109ac5ad-939f-490b-bf91-0dce67b5b01f@group-0FF0947762BF-LeaderElection5] INFO  impl.LeaderElection (LeaderElection.java:logAndReturn(89)) - 109ac5ad-939f-490b-bf91-0dce67b5b01f@group-0FF0947762BF-LeaderElection5: ELECTION REJECTED received 1 response(s) and 0 exception(s):
2021-08-11 08:46:53,760 [109ac5ad-939f-490b-bf91-0dce67b5b01f@group-0FF0947762BF-LeaderElection5] INFO  impl.LeaderElection (LeaderElection.java:logAndReturn(93)) -   Response 0: 109ac5ad-939f-490b-bf91-0dce67b5b01f<-ae694f9c-4230-4382-bdc9-4a730a1d0d10#0:FAIL-t1
2021-08-11 08:46:53,760 [109ac5ad-939f-490b-bf91-0dce67b5b01f@group-0FF0947762BF-LeaderElection5] INFO  impl.LeaderElection (LeaderElection.java:askForVotes(308)) - 109ac5ad-939f-490b-bf91-0dce67b5b01f@group-0FF0947762BF-LeaderElection5 ELECTION round 0: result REJECTED
2021-08-11 08:46:53,760 [109ac5ad-939f-490b-bf91-0dce67b5b01f@group-0FF0947762BF-LeaderElection5] INFO  server.RaftServer$Division (RaftServerImpl.java:setRole(285)) - 109ac5ad-939f-490b-bf91-0dce67b5b01f@group-0FF0947762BF: changes role from CANDIDATE to FOLLOWER at term 1 for REJECTED
2021-08-11 08:46:53,760 [109ac5ad-939f-490b-bf91-0dce67b5b01f@group-0FF0947762BF-LeaderElection5] INFO  impl.RoleInfo (RoleInfo.java:shutdownLeaderElection(121)) - 109ac5ad-939f-490b-bf91-0dce67b5b01f: shutdown 109ac5ad-939f-490b-bf91-0dce67b5b01f@group-0FF0947762BF-LeaderElection5
2021-08-11 08:46:53,760 [109ac5ad-939f-490b-bf91-0dce67b5b01f@group-0FF0947762BF-LeaderElection5] INFO  impl.RoleInfo (RoleInfo.java:updateAndGet(130)) - 109ac5ad-939f-490b-bf91-0dce67b5b01f: start 109ac5ad-939f-490b-bf91-0dce67b5b01f@group-0FF0947762BF-FollowerState
2021-08-11 08:46:54,202 [Listener at 127.0.0.1/34095] INFO  ozone.MiniOzoneClusterImpl (MiniOzoneClusterImpl.java:lambda$waitForClusterToBeReady$0(235)) - Nodes are ready. Got 3 of 3 DN Heartbeats.
2021-08-11 08:46:54,203 [Listener at 127.0.0.1/34095] INFO  ozone.MiniOzoneClusterImpl (MiniOzoneClusterImpl.java:lambda$waitForClusterToBeReady$0(238)) - Waiting for cluster to exit safe mode
2021-08-11 08:46:54,203 [Listener at 127.0.0.1/34095] INFO  ozone.MiniOzoneClusterImpl (MiniOzoneClusterImpl.java:lambda$waitForClusterToBeReady$0(240)) - SCM became leader
2021-08-11 08:46:55,203 [Listener at 127.0.0.1/34095] INFO  ozone.MiniOzoneClusterImpl (MiniOzoneClusterImpl.java:lambda$waitForClusterToBeReady$0(235)) - Nodes are ready. Got 3 of 3 DN Heartbeats.
2021-08-11 08:46:55,203 [Listener at 127.0.0.1/34095] INFO  ozone.MiniOzoneClusterImpl (MiniOzoneClusterImpl.java:lambda$waitForClusterToBeReady$0(238)) - Waiting for cluster to exit safe mode
2021-08-11 08:46:55,203 [Listener at 127.0.0.1/34095] INFO  ozone.MiniOzoneClusterImpl (MiniOzoneClusterImpl.java:lambda$waitForClusterToBeReady$0(240)) - SCM became leader
2021-08-11 08:46:56,203 [Listener at 127.0.0.1/34095] INFO  ozone.MiniOzoneClusterImpl (MiniOzoneClusterImpl.java:lambda$waitForClusterToBeReady$0(235)) - Nodes are ready. Got 3 of 3 DN Heartbeats.
2021-08-11 08:46:56,204 [Listener at 127.0.0.1/34095] INFO  ozone.MiniOzoneClusterImpl (MiniOzoneClusterImpl.java:lambda$waitForClusterToBeReady$0(238)) - Waiting for cluster to exit safe mode
2021-08-11 08:46:56,204 [Listener at 127.0.0.1/34095] INFO  ozone.MiniOzoneClusterImpl (MiniOzoneClusterImpl.java:lambda$waitForClusterToBeReady$0(240)) - SCM became leader
2021-08-11 08:46:57,204 [Listener at 127.0.0.1/34095] INFO  ozone.MiniOzoneClusterImpl (MiniOzoneClusterImpl.java:lambda$waitForClusterToBeReady$0(235)) - Nodes are ready. Got 3 of 3 DN Heartbeats.
2021-08-11 08:46:57,204 [Listener at 127.0.0.1/34095] INFO  ozone.MiniOzoneClusterImpl (MiniOzoneClusterImpl.java:lambda$waitForClusterToBeReady$0(238)) - Waiting for cluster to exit safe mode
2021-08-11 08:46:57,204 [Listener at 127.0.0.1/34095] INFO  ozone.MiniOzoneClusterImpl (MiniOzoneClusterImpl.java:lambda$waitForClusterToBeReady$0(240)) - SCM became leader
2021-08-11 08:46:58,204 [Listener at 127.0.0.1/34095] INFO  ozone.MiniOzoneClusterImpl (MiniOzoneClusterImpl.java:lambda$waitForClusterToBeReady$0(235)) - Nodes are ready. Got 3 of 3 DN Heartbeats.
2021-08-11 08:46:58,204 [Listener at 127.0.0.1/34095] INFO  ozone.MiniOzoneClusterImpl (MiniOzoneClusterImpl.java:lambda$waitForClusterToBeReady$0(238)) - Waiting for cluster to exit safe mode
2021-08-11 08:46:58,205 [Listener at 127.0.0.1/34095] INFO  ozone.MiniOzoneClusterImpl (MiniOzoneClusterImpl.java:lambda$waitForClusterToBeReady$0(240)) - SCM became leader
2021-08-11 08:46:58,804 [109ac5ad-939f-490b-bf91-0dce67b5b01f@group-0FF0947762BF-FollowerState] INFO  impl.FollowerState (FollowerState.java:run(134)) - 109ac5ad-939f-490b-bf91-0dce67b5b01f@group-0FF0947762BF-FollowerState: change to CANDIDATE, lastRpcElapsedTime:5043974214ns, electionTimeout:5033ms
2021-08-11 08:46:58,805 [109ac5ad-939f-490b-bf91-0dce67b5b01f@group-0FF0947762BF-FollowerState] INFO  impl.RoleInfo (RoleInfo.java:shutdownFollowerState(108)) - 109ac5ad-939f-490b-bf91-0dce67b5b01f: shutdown 109ac5ad-939f-490b-bf91-0dce67b5b01f@group-0FF0947762BF-FollowerState
2021-08-11 08:46:58,805 [109ac5ad-939f-490b-bf91-0dce67b5b01f@group-0FF0947762BF-FollowerState] INFO  server.RaftServer$Division (RaftServerImpl.java:setRole(285)) - 109ac5ad-939f-490b-bf91-0dce67b5b01f@group-0FF0947762BF: changes role from  FOLLOWER to CANDIDATE at term 1 for changeToCandidate
2021-08-11 08:46:58,805 [109ac5ad-939f-490b-bf91-0dce67b5b01f@group-0FF0947762BF-FollowerState] INFO  server.RaftServerConfigKeys (ConfUtils.java:logGet(44)) - raft.server.leaderelection.pre-vote = false (custom)
2021-08-11 08:46:58,805 [109ac5ad-939f-490b-bf91-0dce67b5b01f@group-0FF0947762BF-FollowerState] INFO  impl.RoleInfo (RoleInfo.java:updateAndGet(130)) - 109ac5ad-939f-490b-bf91-0dce67b5b01f: start 109ac5ad-939f-490b-bf91-0dce67b5b01f@group-0FF0947762BF-LeaderElection6
2021-08-11 08:46:58,814 [109ac5ad-939f-490b-bf91-0dce67b5b01f@group-0FF0947762BF-LeaderElection6] INFO  impl.LeaderElection (LeaderElection.java:askForVotes(306)) - 109ac5ad-939f-490b-bf91-0dce67b5b01f@group-0FF0947762BF-LeaderElection6 ELECTION round 0: submit vote requests at term 2 for -1: [109ac5ad-939f-490b-bf91-0dce67b5b01f|rpc:10.1.0.43:46857|dataStream:|priority:0, ae694f9c-4230-4382-bdc9-4a730a1d0d10|rpc:10.1.0.43:34969|dataStream:|priority:1, 420b874f-857b-4c1c-9003-2dc7fb97d846|rpc:10.1.0.43:37267|dataStream:|priority:0], old=null
2021-08-11 08:46:58,832 [grpc-default-executor-0] INFO  server.RaftServer$Division (RaftServerImpl.java:requestVote(1043)) - ae694f9c-4230-4382-bdc9-4a730a1d0d10@group-0FF0947762BF: receive requestVote(ELECTION, 109ac5ad-939f-490b-bf91-0dce67b5b01f, group-0FF0947762BF, 2, (t:0, i:0))
2021-08-11 08:46:58,832 [grpc-default-executor-0] INFO  impl.VoteContext (VoteContext.java:log(48)) - ae694f9c-4230-4382-bdc9-4a730a1d0d10@group-0FF0947762BF-FOLLOWER: reject ELECTION from 109ac5ad-939f-490b-bf91-0dce67b5b01f: our priority 1 > candidate's priority 0
2021-08-11 08:46:58,832 [grpc-default-executor-0] INFO  server.RaftServer$Division (RaftServerImpl.java:setRole(285)) - ae694f9c-4230-4382-bdc9-4a730a1d0d10@group-0FF0947762BF: changes role from  FOLLOWER to FOLLOWER at term 2 for candidate:109ac5ad-939f-490b-bf91-0dce67b5b01f
2021-08-11 08:46:58,832 [grpc-default-executor-0] INFO  impl.RoleInfo (RoleInfo.java:shutdownFollowerState(108)) - ae694f9c-4230-4382-bdc9-4a730a1d0d10: shutdown ae694f9c-4230-4382-bdc9-4a730a1d0d10@group-0FF0947762BF-FollowerState
2021-08-11 08:46:58,832 [grpc-default-executor-0] INFO  impl.RoleInfo (RoleInfo.java:updateAndGet(130)) - ae694f9c-4230-4382-bdc9-4a730a1d0d10: start ae694f9c-4230-4382-bdc9-4a730a1d0d10@group-0FF0947762BF-FollowerState
2021-08-11 08:46:58,834 [grpc-default-executor-0] INFO  server.RaftServer$Division (RaftServerImpl.java:requestVote(1075)) - ae694f9c-4230-4382-bdc9-4a730a1d0d10@group-0FF0947762BF replies to ELECTION vote request: 109ac5ad-939f-490b-bf91-0dce67b5b01f<-ae694f9c-4230-4382-bdc9-4a730a1d0d10#0:FAIL-t2. Peer's state: ae694f9c-4230-4382-bdc9-4a730a1d0d10@group-0FF0947762BF:t2, leader=null, voted=null, raftlog=ae694f9c-4230-4382-bdc9-4a730a1d0d10@group-0FF0947762BF-SegmentedRaftLog:OPENED:c-1,f-1,i0, conf=-1: [109ac5ad-939f-490b-bf91-0dce67b5b01f|rpc:10.1.0.43:46857|priority:0, ae694f9c-4230-4382-bdc9-4a730a1d0d10|rpc:10.1.0.43:34969|priority:1, 420b874f-857b-4c1c-9003-2dc7fb97d846|rpc:10.1.0.43:37267|priority:0], old=null
2021-08-11 08:46:58,835 [ae694f9c-4230-4382-bdc9-4a730a1d0d10@group-0FF0947762BF-FollowerState] INFO  impl.FollowerState (FollowerState.java:run(134)) - ae694f9c-4230-4382-bdc9-4a730a1d0d10@group-0FF0947762BF-FollowerState: change to CANDIDATE, lastRpcElapsedTime:5090544923ns, electionTimeout:5069ms
2021-08-11 08:46:58,837 [ae694f9c-4230-4382-bdc9-4a730a1d0d10@group-0FF0947762BF-FollowerState] INFO  impl.RoleInfo (RoleInfo.java:shutdownFollowerState(108)) - ae694f9c-4230-4382-bdc9-4a730a1d0d10: shutdown ae694f9c-4230-4382-bdc9-4a730a1d0d10@group-0FF0947762BF-FollowerState
2021-08-11 08:46:58,837 [ae694f9c-4230-4382-bdc9-4a730a1d0d10@group-0FF0947762BF-FollowerState] INFO  server.RaftServer$Division (RaftServerImpl.java:setRole(285)) - ae694f9c-4230-4382-bdc9-4a730a1d0d10@group-0FF0947762BF: changes role from  FOLLOWER to CANDIDATE at term 2 for changeToCandidate
2021-08-11 08:46:58,835 [109ac5ad-939f-490b-bf91-0dce67b5b01f@group-0FF0947762BF-LeaderElection6] INFO  impl.LeaderElection (LeaderElection.java:logAndReturn(89)) - 109ac5ad-939f-490b-bf91-0dce67b5b01f@group-0FF0947762BF-LeaderElection6: ELECTION REJECTED received 1 response(s) and 0 exception(s):
2021-08-11 08:46:58,838 [ae694f9c-4230-4382-bdc9-4a730a1d0d10@group-0FF0947762BF-FollowerState] INFO  server.RaftServerConfigKeys (ConfUtils.java:logGet(44)) - raft.server.leaderelection.pre-vote = false (custom)
2021-08-11 08:46:58,838 [ae694f9c-4230-4382-bdc9-4a730a1d0d10@group-0FF0947762BF-FollowerState] INFO  impl.RoleInfo (RoleInfo.java:updateAndGet(130)) - ae694f9c-4230-4382-bdc9-4a730a1d0d10: start ae694f9c-4230-4382-bdc9-4a730a1d0d10@group-0FF0947762BF-LeaderElection7
2021-08-11 08:46:58,838 [109ac5ad-939f-490b-bf91-0dce67b5b01f@group-0FF0947762BF-LeaderElection6] INFO  impl.LeaderElection (LeaderElection.java:logAndReturn(93)) -   Response 0: 109ac5ad-939f-490b-bf91-0dce67b5b01f<-ae694f9c-4230-4382-bdc9-4a730a1d0d10#0:FAIL-t2
2021-08-11 08:46:58,847 [109ac5ad-939f-490b-bf91-0dce67b5b01f@group-0FF0947762BF-LeaderElection6] INFO  impl.LeaderElection (LeaderElection.java:askForVotes(308)) - 109ac5ad-939f-490b-bf91-0dce67b5b01f@group-0FF0947762BF-LeaderElection6 ELECTION round 0: result REJECTED
2021-08-11 08:46:58,847 [109ac5ad-939f-490b-bf91-0dce67b5b01f@group-0FF0947762BF-LeaderElection6] INFO  server.RaftServer$Division (RaftServerImpl.java:setRole(285)) - 109ac5ad-939f-490b-bf91-0dce67b5b01f@group-0FF0947762BF: changes role from CANDIDATE to FOLLOWER at term 2 for REJECTED
2021-08-11 08:46:58,848 [109ac5ad-939f-490b-bf91-0dce67b5b01f@group-0FF0947762BF-LeaderElection6] INFO  impl.RoleInfo (RoleInfo.java:shutdownLeaderElection(121)) - 109ac5ad-939f-490b-bf91-0dce67b5b01f: shutdown 109ac5ad-939f-490b-bf91-0dce67b5b01f@group-0FF0947762BF-LeaderElection6
2021-08-11 08:46:58,848 [109ac5ad-939f-490b-bf91-0dce67b5b01f@group-0FF0947762BF-LeaderElection6] INFO  impl.RoleInfo (RoleInfo.java:updateAndGet(130)) - 109ac5ad-939f-490b-bf91-0dce67b5b01f: start 109ac5ad-939f-490b-bf91-0dce67b5b01f@group-0FF0947762BF-FollowerState
2021-08-11 08:46:58,848 [grpc-default-executor-0] INFO  server.RaftServer$Division (RaftServerImpl.java:requestVote(1043)) - 420b874f-857b-4c1c-9003-2dc7fb97d846@group-0FF0947762BF: receive requestVote(ELECTION, 109ac5ad-939f-490b-bf91-0dce67b5b01f, group-0FF0947762BF, 2, (t:0, i:0))
2021-08-11 08:46:58,848 [grpc-default-executor-0] INFO  impl.VoteContext (VoteContext.java:log(48)) - 420b874f-857b-4c1c-9003-2dc7fb97d846@group-0FF0947762BF-FOLLOWER: accept ELECTION from 109ac5ad-939f-490b-bf91-0dce67b5b01f: our priority 0 <= candidate's priority 0
2021-08-11 08:46:58,848 [grpc-default-executor-0] INFO  server.RaftServer$Division (RaftServerImpl.java:setRole(285)) - 420b874f-857b-4c1c-9003-2dc7fb97d846@group-0FF0947762BF: changes role from  FOLLOWER to FOLLOWER at term 2 for candidate:109ac5ad-939f-490b-bf91-0dce67b5b01f
2021-08-11 08:46:58,848 [grpc-default-executor-0] INFO  impl.RoleInfo (RoleInfo.java:shutdownFollowerState(108)) - 420b874f-857b-4c1c-9003-2dc7fb97d846: shutdown 420b874f-857b-4c1c-9003-2dc7fb97d846@group-0FF0947762BF-FollowerState
2021-08-11 08:46:58,850 [ae694f9c-4230-4382-bdc9-4a730a1d0d10@group-0FF0947762BF-LeaderElection7] INFO  impl.LeaderElection (LeaderElection.java:askForVotes(306)) - ae694f9c-4230-4382-bdc9-4a730a1d0d10@group-0FF0947762BF-LeaderElection7 ELECTION round 0: submit vote requests at term 3 for -1: [109ac5ad-939f-490b-bf91-0dce67b5b01f|rpc:10.1.0.43:46857|priority:0, ae694f9c-4230-4382-bdc9-4a730a1d0d10|rpc:10.1.0.43:34969|priority:1, 420b874f-857b-4c1c-9003-2dc7fb97d846|rpc:10.1.0.43:37267|priority:0], old=null
2021-08-11 08:46:58,860 [grpc-default-executor-0] INFO  impl.RoleInfo (RoleInfo.java:updateAndGet(130)) - 420b874f-857b-4c1c-9003-2dc7fb97d846: start 420b874f-857b-4c1c-9003-2dc7fb97d846@group-0FF0947762BF-FollowerState
2021-08-11 08:46:58,862 [420b874f-857b-4c1c-9003-2dc7fb97d846@group-0FF0947762BF-FollowerState] INFO  impl.FollowerState (FollowerState.java:run(143)) - 420b874f-857b-4c1c-9003-2dc7fb97d846@group-0FF0947762BF-FollowerState was interrupted: {}
java.lang.InterruptedException: sleep interrupted
	at java.lang.Thread.sleep(Native Method)
	at java.lang.Thread.sleep(Thread.java:340)
	at java.util.concurrent.TimeUnit.sleep(TimeUnit.java:386)
	at org.apache.ratis.util.TimeDuration.sleep(TimeDuration.java:324)
	at org.apache.ratis.util.TimeDuration.sleep(TimeDuration.java:309)
	at org.apache.ratis.server.impl.FollowerState.run(FollowerState.java:118)
2021-08-11 08:46:58,863 [grpc-default-executor-0] INFO  server.RaftServer$Division (RaftServerImpl.java:requestVote(1075)) - 420b874f-857b-4c1c-9003-2dc7fb97d846@group-0FF0947762BF replies to ELECTION vote request: 109ac5ad-939f-490b-bf91-0dce67b5b01f<-420b874f-857b-4c1c-9003-2dc7fb97d846#0:OK-t2. Peer's state: 420b874f-857b-4c1c-9003-2dc7fb97d846@group-0FF0947762BF:t2, leader=null, voted=109ac5ad-939f-490b-bf91-0dce67b5b01f, raftlog=420b874f-857b-4c1c-9003-2dc7fb97d846@group-0FF0947762BF-SegmentedRaftLog:OPENED:c-1,f-1,i0, conf=-1: [109ac5ad-939f-490b-bf91-0dce67b5b01f|rpc:10.1.0.43:46857|dataStream:|priority:0, ae694f9c-4230-4382-bdc9-4a730a1d0d10|rpc:10.1.0.43:34969|dataStream:|priority:1, 420b874f-857b-4c1c-9003-2dc7fb97d846|rpc:10.1.0.43:37267|dataStream:|priority:0], old=null
2021-08-11 08:46:58,892 [grpc-default-executor-0] INFO  server.RaftServer$Division (RaftServerImpl.java:requestVote(1043)) - 420b874f-857b-4c1c-9003-2dc7fb97d846@group-0FF0947762BF: receive requestVote(ELECTION, ae694f9c-4230-4382-bdc9-4a730a1d0d10, group-0FF0947762BF, 3, (t:0, i:0))
2021-08-11 08:46:58,892 [grpc-default-executor-0] INFO  impl.VoteContext (VoteContext.java:log(48)) - 420b874f-857b-4c1c-9003-2dc7fb97d846@group-0FF0947762BF-FOLLOWER: accept ELECTION from ae694f9c-4230-4382-bdc9-4a730a1d0d10: our priority 0 <= candidate's priority 1
2021-08-11 08:46:58,892 [grpc-default-executor-0] INFO  server.RaftServer$Division (RaftServerImpl.java:setRole(285)) - 420b874f-857b-4c1c-9003-2dc7fb97d846@group-0FF0947762BF: changes role from  FOLLOWER to FOLLOWER at term 3 for candidate:ae694f9c-4230-4382-bdc9-4a730a1d0d10
2021-08-11 08:46:58,892 [grpc-default-executor-0] INFO  impl.RoleInfo (RoleInfo.java:shutdownFollowerState(108)) - 420b874f-857b-4c1c-9003-2dc7fb97d846: shutdown 420b874f-857b-4c1c-9003-2dc7fb97d846@group-0FF0947762BF-FollowerState
2021-08-11 08:46:58,893 [grpc-default-executor-0] INFO  impl.RoleInfo (RoleInfo.java:updateAndGet(130)) - 420b874f-857b-4c1c-9003-2dc7fb97d846: start 420b874f-857b-4c1c-9003-2dc7fb97d846@group-0FF0947762BF-FollowerState
2021-08-11 08:46:58,893 [420b874f-857b-4c1c-9003-2dc7fb97d846@group-0FF0947762BF-FollowerState] INFO  impl.FollowerState (FollowerState.java:run(143)) - 420b874f-857b-4c1c-9003-2dc7fb97d846@group-0FF0947762BF-FollowerState was interrupted: {}
java.lang.InterruptedException: sleep interrupted
	at java.lang.Thread.sleep(Native Method)
	at java.lang.Thread.sleep(Thread.java:340)
	at java.util.concurrent.TimeUnit.sleep(TimeUnit.java:386)
	at org.apache.ratis.util.TimeDuration.sleep(TimeDuration.java:324)
	at org.apache.ratis.util.TimeDuration.sleep(TimeDuration.java:309)
	at org.apache.ratis.server.impl.FollowerState.run(FollowerState.java:118)
2021-08-11 08:46:58,906 [grpc-default-executor-0] INFO  server.RaftServer$Division (RaftServerImpl.java:requestVote(1075)) - 420b874f-857b-4c1c-9003-2dc7fb97d846@group-0FF0947762BF replies to ELECTION vote request: ae694f9c-4230-4382-bdc9-4a730a1d0d10<-420b874f-857b-4c1c-9003-2dc7fb97d846#0:OK-t3. Peer's state: 420b874f-857b-4c1c-9003-2dc7fb97d846@group-0FF0947762BF:t3, leader=null, voted=ae694f9c-4230-4382-bdc9-4a730a1d0d10, raftlog=420b874f-857b-4c1c-9003-2dc7fb97d846@group-0FF0947762BF-SegmentedRaftLog:OPENED:c-1,f-1,i0, conf=-1: [109ac5ad-939f-490b-bf91-0dce67b5b01f|rpc:10.1.0.43:46857|dataStream:|priority:0, ae694f9c-4230-4382-bdc9-4a730a1d0d10|rpc:10.1.0.43:34969|dataStream:|priority:1, 420b874f-857b-4c1c-9003-2dc7fb97d846|rpc:10.1.0.43:37267|dataStream:|priority:0], old=null
2021-08-11 08:46:58,909 [grpc-default-executor-2] INFO  server.RaftServer$Division (RaftServerImpl.java:requestVote(1043)) - 109ac5ad-939f-490b-bf91-0dce67b5b01f@group-0FF0947762BF: receive requestVote(ELECTION, ae694f9c-4230-4382-bdc9-4a730a1d0d10, group-0FF0947762BF, 3, (t:0, i:0))
2021-08-11 08:46:58,909 [grpc-default-executor-2] INFO  impl.VoteContext (VoteContext.java:log(48)) - 109ac5ad-939f-490b-bf91-0dce67b5b01f@group-0FF0947762BF-FOLLOWER: accept ELECTION from ae694f9c-4230-4382-bdc9-4a730a1d0d10: our priority 0 <= candidate's priority 1
2021-08-11 08:46:58,909 [grpc-default-executor-2] INFO  server.RaftServer$Division (RaftServerImpl.java:setRole(285)) - 109ac5ad-939f-490b-bf91-0dce67b5b01f@group-0FF0947762BF: changes role from  FOLLOWER to FOLLOWER at term 3 for candidate:ae694f9c-4230-4382-bdc9-4a730a1d0d10
2021-08-11 08:46:58,910 [grpc-default-executor-2] INFO  impl.RoleInfo (RoleInfo.java:shutdownFollowerState(108)) - 109ac5ad-939f-490b-bf91-0dce67b5b01f: shutdown 109ac5ad-939f-490b-bf91-0dce67b5b01f@group-0FF0947762BF-FollowerState
2021-08-11 08:46:58,910 [grpc-default-executor-2] INFO  impl.RoleInfo (RoleInfo.java:updateAndGet(130)) - 109ac5ad-939f-490b-bf91-0dce67b5b01f: start 109ac5ad-939f-490b-bf91-0dce67b5b01f@group-0FF0947762BF-FollowerState
2021-08-11 08:46:58,910 [109ac5ad-939f-490b-bf91-0dce67b5b01f@group-0FF0947762BF-FollowerState] INFO  impl.FollowerState (FollowerState.java:run(143)) - 109ac5ad-939f-490b-bf91-0dce67b5b01f@group-0FF0947762BF-FollowerState was interrupted: {}
java.lang.InterruptedException: sleep interrupted
	at java.lang.Thread.sleep(Native Method)
	at java.lang.Thread.sleep(Thread.java:340)
	at java.util.concurrent.TimeUnit.sleep(TimeUnit.java:386)
	at org.apache.ratis.util.TimeDuration.sleep(TimeDuration.java:324)
	at org.apache.ratis.util.TimeDuration.sleep(TimeDuration.java:309)
	at org.apache.ratis.server.impl.FollowerState.run(FollowerState.java:118)
2021-08-11 08:46:58,915 [grpc-default-executor-2] INFO  server.RaftServer$Division (RaftServerImpl.java:requestVote(1075)) - 109ac5ad-939f-490b-bf91-0dce67b5b01f@group-0FF0947762BF replies to ELECTION vote request: ae694f9c-4230-4382-bdc9-4a730a1d0d10<-109ac5ad-939f-490b-bf91-0dce67b5b01f#0:OK-t3. Peer's state: 109ac5ad-939f-490b-bf91-0dce67b5b01f@group-0FF0947762BF:t3, leader=null, voted=ae694f9c-4230-4382-bdc9-4a730a1d0d10, raftlog=109ac5ad-939f-490b-bf91-0dce67b5b01f@group-0FF0947762BF-SegmentedRaftLog:OPENED:c-1,f-1,i0, conf=-1: [109ac5ad-939f-490b-bf91-0dce67b5b01f|rpc:10.1.0.43:46857|dataStream:|priority:0, ae694f9c-4230-4382-bdc9-4a730a1d0d10|rpc:10.1.0.43:34969|dataStream:|priority:1, 420b874f-857b-4c1c-9003-2dc7fb97d846|rpc:10.1.0.43:37267|dataStream:|priority:0], old=null
2021-08-11 08:46:58,920 [ae694f9c-4230-4382-bdc9-4a730a1d0d10@group-0FF0947762BF-LeaderElection7] INFO  impl.LeaderElection (LeaderElection.java:logAndReturn(89)) - ae694f9c-4230-4382-bdc9-4a730a1d0d10@group-0FF0947762BF-LeaderElection7: ELECTION PASSED received 1 response(s) and 0 exception(s):
2021-08-11 08:46:58,920 [ae694f9c-4230-4382-bdc9-4a730a1d0d10@group-0FF0947762BF-LeaderElection7] INFO  impl.LeaderElection (LeaderElection.java:logAndReturn(93)) -   Response 0: ae694f9c-4230-4382-bdc9-4a730a1d0d10<-420b874f-857b-4c1c-9003-2dc7fb97d846#0:OK-t3
2021-08-11 08:46:58,920 [ae694f9c-4230-4382-bdc9-4a730a1d0d10@group-0FF0947762BF-LeaderElection7] INFO  impl.LeaderElection (LeaderElection.java:askForVotes(308)) - ae694f9c-4230-4382-bdc9-4a730a1d0d10@group-0FF0947762BF-LeaderElection7 ELECTION round 0: result PASSED
2021-08-11 08:46:58,920 [ae694f9c-4230-4382-bdc9-4a730a1d0d10@group-0FF0947762BF-LeaderElection7] INFO  impl.RoleInfo (RoleInfo.java:shutdownLeaderElection(121)) - ae694f9c-4230-4382-bdc9-4a730a1d0d10: shutdown ae694f9c-4230-4382-bdc9-4a730a1d0d10@group-0FF0947762BF-LeaderElection7
2021-08-11 08:46:58,920 [ae694f9c-4230-4382-bdc9-4a730a1d0d10@group-0FF0947762BF-LeaderElection7] INFO  server.RaftServer$Division (RaftServerImpl.java:setRole(285)) - ae694f9c-4230-4382-bdc9-4a730a1d0d10@group-0FF0947762BF: changes role from CANDIDATE to LEADER at term 3 for changeToLeader
2021-08-11 08:46:58,920 [ae694f9c-4230-4382-bdc9-4a730a1d0d10@group-0FF0947762BF-LeaderElection7] INFO  ratis.XceiverServerRatis (XceiverServerRatis.java:handleLeaderChangedNotification(857)) - Leader change notification received for group: group-0FF0947762BF with new leaderId: ae694f9c-4230-4382-bdc9-4a730a1d0d10
2021-08-11 08:46:58,920 [ae694f9c-4230-4382-bdc9-4a730a1d0d10@group-0FF0947762BF-LeaderElection7] INFO  server.RaftServer$Division (ServerState.java:setLeader(285)) - ae694f9c-4230-4382-bdc9-4a730a1d0d10@group-0FF0947762BF: change Leader from null to ae694f9c-4230-4382-bdc9-4a730a1d0d10 at term 3 for becomeLeader, leader elected after 10354ms
2021-08-11 08:46:58,921 [ae694f9c-4230-4382-bdc9-4a730a1d0d10@group-0FF0947762BF-LeaderElection7] INFO  server.RaftServerConfigKeys (ConfUtils.java:logGet(44)) - raft.server.staging.catchup.gap = 1000 (default)
2021-08-11 08:46:58,921 [ae694f9c-4230-4382-bdc9-4a730a1d0d10@group-0FF0947762BF-LeaderElection7] INFO  server.RaftServerConfigKeys (ConfUtils.java:logGet(44)) - raft.server.write.element-limit = 1024 (custom)
2021-08-11 08:46:58,921 [ae694f9c-4230-4382-bdc9-4a730a1d0d10@group-0FF0947762BF-LeaderElection7] INFO  server.RaftServerConfigKeys (ConfUtils.java:logGet(44)) - raft.server.write.byte-limit = 1073741824 (custom)
2021-08-11 08:46:58,924 [Datanode State Machine Thread - 0] WARN  statemachine.StateContext (StateContext.java:execute(621)) - No available thread in pool for past 0 seconds.
2021-08-11 08:46:58,925 [ae694f9c-4230-4382-bdc9-4a730a1d0d10@group-0FF0947762BF-LeaderElection7] INFO  server.RaftServerConfigKeys (ConfUtils.java:logGet(44)) - raft.server.watch.timeout = 180s (custom)
2021-08-11 08:46:58,925 [ae694f9c-4230-4382-bdc9-4a730a1d0d10@group-0FF0947762BF-LeaderElection7] INFO  server.RaftServerConfigKeys (ConfUtils.java:logGet(44)) - raft.server.watch.timeout.denomination = 1s (default)
2021-08-11 08:46:58,925 [ae694f9c-4230-4382-bdc9-4a730a1d0d10@group-0FF0947762BF-LeaderElection7] INFO  server.RaftServerConfigKeys (ConfUtils.java:logGet(44)) - raft.server.watch.element-limit = 65536 (default)
2021-08-11 08:46:58,925 [ae694f9c-4230-4382-bdc9-4a730a1d0d10@group-0FF0947762BF-LeaderElection7] INFO  server.RaftServerConfigKeys (ConfUtils.java:logGet(44)) - raft.server.log.appender.snapshot.chunk.size.max = 16MB (=16777216) (default)
2021-08-11 08:46:58,925 [ae694f9c-4230-4382-bdc9-4a730a1d0d10@group-0FF0947762BF-LeaderElection7] INFO  server.RaftServerConfigKeys (ConfUtils.java:logGet(44)) - raft.server.log.appender.buffer.byte-limit = 33554432 (custom)
2021-08-11 08:46:58,925 [ae694f9c-4230-4382-bdc9-4a730a1d0d10@group-0FF0947762BF-LeaderElection7] INFO  server.RaftServerConfigKeys (ConfUtils.java:logGet(44)) - raft.server.log.appender.buffer.element-limit = 1 (custom)
2021-08-11 08:46:58,925 [ae694f9c-4230-4382-bdc9-4a730a1d0d10@group-0FF0947762BF-LeaderElection7] INFO  grpc.GrpcConfigKeys (ConfUtils.java:logGet(44)) - raft.grpc.server.leader.outstanding.appends.max = 128 (default)
2021-08-11 08:46:58,925 [ae694f9c-4230-4382-bdc9-4a730a1d0d10@group-0FF0947762BF-LeaderElection7] INFO  server.RaftServerConfigKeys (ConfUtils.java:logGet(44)) - raft.server.rpc.request.timeout = 60s (custom)
2021-08-11 08:46:58,925 [ae694f9c-4230-4382-bdc9-4a730a1d0d10@group-0FF0947762BF-LeaderElection7] INFO  server.RaftServerConfigKeys (ConfUtils.java:logGet(44)) - raft.server.log.appender.install.snapshot.enabled = false (custom)
2021-08-11 08:46:58,926 [ae694f9c-4230-4382-bdc9-4a730a1d0d10@group-0FF0947762BF-LeaderElection7] INFO  server.RaftServerConfigKeys (ConfUtils.java:logGet(44)) - raft.server.log.appender.snapshot.chunk.size.max = 16MB (=16777216) (default)
2021-08-11 08:46:58,926 [ae694f9c-4230-4382-bdc9-4a730a1d0d10@group-0FF0947762BF-LeaderElection7] INFO  server.RaftServerConfigKeys (ConfUtils.java:logGet(44)) - raft.server.log.appender.buffer.byte-limit = 33554432 (custom)
2021-08-11 08:46:58,926 [ae694f9c-4230-4382-bdc9-4a730a1d0d10@group-0FF0947762BF-LeaderElection7] INFO  server.RaftServerConfigKeys (ConfUtils.java:logGet(44)) - raft.server.log.appender.buffer.element-limit = 1 (custom)
2021-08-11 08:46:58,926 [ae694f9c-4230-4382-bdc9-4a730a1d0d10@group-0FF0947762BF-LeaderElection7] INFO  grpc.GrpcConfigKeys (ConfUtils.java:logGet(44)) - raft.grpc.server.leader.outstanding.appends.max = 128 (default)
2021-08-11 08:46:58,926 [ae694f9c-4230-4382-bdc9-4a730a1d0d10@group-0FF0947762BF-LeaderElection7] INFO  server.RaftServerConfigKeys (ConfUtils.java:logGet(44)) - raft.server.rpc.request.timeout = 60s (custom)
2021-08-11 08:46:58,926 [ae694f9c-4230-4382-bdc9-4a730a1d0d10@group-0FF0947762BF-LeaderElection7] INFO  server.RaftServerConfigKeys (ConfUtils.java:logGet(44)) - raft.server.log.appender.install.snapshot.enabled = false (custom)
2021-08-11 08:46:58,927 [ae694f9c-4230-4382-bdc9-4a730a1d0d10@group-0FF0947762BF-LeaderElection7] INFO  impl.RoleInfo (RoleInfo.java:updateAndGet(130)) - ae694f9c-4230-4382-bdc9-4a730a1d0d10: start ae694f9c-4230-4382-bdc9-4a730a1d0d10@group-0FF0947762BF-LeaderStateImpl
2021-08-11 08:46:58,927 [ae694f9c-4230-4382-bdc9-4a730a1d0d10@group-0FF0947762BF-LeaderElection7] INFO  segmented.SegmentedRaftLogWorker (SegmentedRaftLogWorker.java:startLogSegment(394)) - ae694f9c-4230-4382-bdc9-4a730a1d0d10@group-0FF0947762BF-SegmentedRaftLogWorker: Starting segment from index:0
2021-08-11 08:46:58,929 [EventQueue-PipelineReportForPipelineReportHandler] INFO  pipeline.PipelineManagerImpl (PipelineManagerImpl.java:openPipeline(283)) - Pipeline Pipeline[ Id: 6d1ce88c-fb58-4f21-926f-0ff0947762bf, Nodes: 109ac5ad-939f-490b-bf91-0dce67b5b01f{ip: 10.1.0.43, host: fv-az291-953.wgnan5asplgejimfprtllbpdch.jx.internal.cloudapp.net, ports: [REPLICATION=37559, RATIS=46857, RATIS_ADMIN=46857, RATIS_SERVER=46857, STANDALONE=44477], networkLocation: /default-rack, certSerialId: null, persistedOpState: IN_SERVICE, persistedOpStateExpiryEpochSec: 0}ae694f9c-4230-4382-bdc9-4a730a1d0d10{ip: 10.1.0.43, host: fv-az291-953.wgnan5asplgejimfprtllbpdch.jx.internal.cloudapp.net, ports: [REPLICATION=41367, RATIS=34969, RATIS_ADMIN=34969, RATIS_SERVER=34969, STANDALONE=42147], networkLocation: /default-rack, certSerialId: null, persistedOpState: IN_SERVICE, persistedOpStateExpiryEpochSec: 0}420b874f-857b-4c1c-9003-2dc7fb97d846{ip: 10.1.0.43, host: fv-az291-953.wgnan5asplgejimfprtllbpdch.jx.internal.cloudapp.net, ports: [REPLICATION=42787, RATIS=37267, RATIS_ADMIN=37267, RATIS_SERVER=37267, STANDALONE=39267], networkLocation: /default-rack, certSerialId: null, persistedOpState: IN_SERVICE, persistedOpStateExpiryEpochSec: 0}, ReplicationConfig: RATIS/THREE, State:ALLOCATED, leaderId:ae694f9c-4230-4382-bdc9-4a730a1d0d10, CreationTimestamp2021-08-11T08:46:46.244Z[Etc/UTC]] moved to OPEN state
2021-08-11 08:46:58,939 [EventQueue-OpenPipelineForHealthyPipelineSafeModeRule] INFO  safemode.SCMSafeModeManager (HealthyPipelineSafeModeRule.java:process(124)) - SCM in safe mode. Healthy pipelines reported count is 1, required healthy pipeline reported count is 1
2021-08-11 08:46:58,939 [EventQueue-OpenPipelineForHealthyPipelineSafeModeRule] INFO  safemode.SCMSafeModeManager (SCMSafeModeManager.java:validateSafeModeExitRules(204)) - HealthyPipelineSafeModeRule rule is successfully validated
2021-08-11 08:46:58,940 [EventQueue-OpenPipelineForHealthyPipelineSafeModeRule] INFO  safemode.SCMSafeModeManager (SCMSafeModeManager.java:validateSafeModeExitRules(219)) - ScmSafeModeManager, all rules are successfully validated
2021-08-11 08:46:58,940 [EventQueue-OpenPipelineForHealthyPipelineSafeModeRule] INFO  safemode.SCMSafeModeManager (SCMSafeModeManager.java:exitSafeMode(248)) - SCM exiting safe mode.
2021-08-11 08:46:58,940 [EventQueue-OpenPipelineForHealthyPipelineSafeModeRule] WARN  events.EventQueue (EventQueue.java:fireEvent(194)) - No event handler registered for event TypedEvent{payloadType=SafeModeStatus, name='Safe mode status'}
2021-08-11 08:46:58,940 [EventQueue-OpenPipelineForHealthyPipelineSafeModeRule] INFO  ha.SCMContext (SCMContext.java:updateSafeModeStatus(205)) - Update SafeModeStatus from SafeModeStatus{safeModeStatus=true, preCheckPassed=true} to SafeModeStatus{safeModeStatus=false, preCheckPassed=true}.
2021-08-11 08:46:58,940 [EventQueue-OpenPipelineForHealthyPipelineSafeModeRule] INFO  pipeline.BackgroundPipelineCreator (BackgroundPipelineCreatorV2.java:notifyStatusChanged(264)) - Service BackgroundPipelineCreator transitions to RUNNING.
2021-08-11 08:46:58,940 [EventQueue-OpenPipelineForHealthyPipelineSafeModeRule] INFO  container.ReplicationManager (ReplicationManager.java:notifyStatusChanged(1674)) - Service ReplicationManager transitions to RUNNING.
2021-08-11 08:46:58,944 [ae694f9c-4230-4382-bdc9-4a730a1d0d10@group-0FF0947762BF-LeaderElection7] INFO  server.RaftServer$Division (ServerState.java:setRaftConf(387)) - ae694f9c-4230-4382-bdc9-4a730a1d0d10@group-0FF0947762BF: set configuration 0: [109ac5ad-939f-490b-bf91-0dce67b5b01f|rpc:10.1.0.43:46857|dataStream:|priority:0, ae694f9c-4230-4382-bdc9-4a730a1d0d10|rpc:10.1.0.43:34969|dataStream:|priority:1, 420b874f-857b-4c1c-9003-2dc7fb97d846|rpc:10.1.0.43:37267|dataStream:|priority:0], old=null
2021-08-11 08:46:58,945 [ae694f9c-4230-4382-bdc9-4a730a1d0d10@group-0FF0947762BF-SegmentedRaftLogWorker] INFO  segmented.SegmentedRaftLogWorker (SegmentedRaftLogWorker.java:execute(601)) - ae694f9c-4230-4382-bdc9-4a730a1d0d10@group-0FF0947762BF-SegmentedRaftLogWorker: created new log segment /home/runner/work/ozone/ozone/hadoop-ozone/integration-test/target/test-dir/MiniOzoneClusterImpl-c4fb58e9-55df-43b6-ac52-1e7b71033b91/datanode-0/data/ratis/6d1ce88c-fb58-4f21-926f-0ff0947762bf/current/log_inprogress_0
2021-08-11 08:46:58,947 [SCMBlockDeletingService#0] DEBUG block.SCMBlockDeletingService (SCMBlockDeletingService.java:call(133)) - Running DeletedBlockTransactionScanner
2021-08-11 08:46:58,948 [grpc-default-executor-0] INFO  ratis.XceiverServerRatis (XceiverServerRatis.java:handleLeaderChangedNotification(857)) - Leader change notification received for group: group-0FF0947762BF with new leaderId: ae694f9c-4230-4382-bdc9-4a730a1d0d10
2021-08-11 08:46:58,948 [grpc-default-executor-0] INFO  server.RaftServer$Division (ServerState.java:setLeader(285)) - 109ac5ad-939f-490b-bf91-0dce67b5b01f@group-0FF0947762BF: change Leader from null to ae694f9c-4230-4382-bdc9-4a730a1d0d10 at term 3 for appendEntries, leader elected after 10308ms
2021-08-11 08:46:58,960 [grpc-default-executor-0] INFO  server.RaftServer$Division (ServerState.java:setRaftConf(387)) - 109ac5ad-939f-490b-bf91-0dce67b5b01f@group-0FF0947762BF: set configuration 0: [109ac5ad-939f-490b-bf91-0dce67b5b01f|rpc:10.1.0.43:46857|dataStream:|priority:0, ae694f9c-4230-4382-bdc9-4a730a1d0d10|rpc:10.1.0.43:34969|dataStream:|priority:1, 420b874f-857b-4c1c-9003-2dc7fb97d846|rpc:10.1.0.43:37267|dataStream:|priority:0], old=null
2021-08-11 08:46:58,964 [grpc-default-executor-0] INFO  segmented.SegmentedRaftLogWorker (SegmentedRaftLogWorker.java:startLogSegment(394)) - 109ac5ad-939f-490b-bf91-0dce67b5b01f@group-0FF0947762BF-SegmentedRaftLogWorker: Starting segment from index:0
2021-08-11 08:46:58,966 [109ac5ad-939f-490b-bf91-0dce67b5b01f@group-0FF0947762BF-SegmentedRaftLogWorker] INFO  segmented.SegmentedRaftLogWorker (SegmentedRaftLogWorker.java:execute(601)) - 109ac5ad-939f-490b-bf91-0dce67b5b01f@group-0FF0947762BF-SegmentedRaftLogWorker: created new log segment /home/runner/work/ozone/ozone/hadoop-ozone/integration-test/target/test-dir/MiniOzoneClusterImpl-c4fb58e9-55df-43b6-ac52-1e7b71033b91/datanode-1/data/ratis/6d1ce88c-fb58-4f21-926f-0ff0947762bf/current/log_inprogress_0
2021-08-11 08:46:58,988 [grpc-default-executor-2] INFO  ratis.XceiverServerRatis (XceiverServerRatis.java:handleLeaderChangedNotification(857)) - Leader change notification received for group: group-0FF0947762BF with new leaderId: ae694f9c-4230-4382-bdc9-4a730a1d0d10
2021-08-11 08:46:58,988 [grpc-default-executor-2] INFO  server.RaftServer$Division (ServerState.java:setLeader(285)) - 420b874f-857b-4c1c-9003-2dc7fb97d846@group-0FF0947762BF: change Leader from null to ae694f9c-4230-4382-bdc9-4a730a1d0d10 at term 3 for appendEntries, leader elected after 10273ms
2021-08-11 08:46:58,996 [grpc-default-executor-2] INFO  server.RaftServer$Division (ServerState.java:setRaftConf(387)) - 420b874f-857b-4c1c-9003-2dc7fb97d846@group-0FF0947762BF: set configuration 0: [109ac5ad-939f-490b-bf91-0dce67b5b01f|rpc:10.1.0.43:46857|dataStream:|priority:0, ae694f9c-4230-4382-bdc9-4a730a1d0d10|rpc:10.1.0.43:34969|dataStream:|priority:1, 420b874f-857b-4c1c-9003-2dc7fb97d846|rpc:10.1.0.43:37267|dataStream:|priority:0], old=null
2021-08-11 08:46:58,996 [grpc-default-executor-2] INFO  segmented.SegmentedRaftLogWorker (SegmentedRaftLogWorker.java:startLogSegment(394)) - 420b874f-857b-4c1c-9003-2dc7fb97d846@group-0FF0947762BF-SegmentedRaftLogWorker: Starting segment from index:0
2021-08-11 08:46:58,997 [420b874f-857b-4c1c-9003-2dc7fb97d846@group-0FF0947762BF-SegmentedRaftLogWorker] INFO  segmented.SegmentedRaftLogWorker (SegmentedRaftLogWorker.java:execute(601)) - 420b874f-857b-4c1c-9003-2dc7fb97d846@group-0FF0947762BF-SegmentedRaftLogWorker: created new log segment /home/runner/work/ozone/ozone/hadoop-ozone/integration-test/target/test-dir/MiniOzoneClusterImpl-c4fb58e9-55df-43b6-ac52-1e7b71033b91/datanode-2/data/ratis/6d1ce88c-fb58-4f21-926f-0ff0947762bf/current/log_inprogress_0
2021-08-11 08:46:59,047 [SCMBlockDeletingService#0] DEBUG block.SCMBlockDeletingService (SCMBlockDeletingService.java:call(133)) - Running DeletedBlockTransactionScanner
2021-08-11 08:46:59,148 [SCMBlockDeletingService#0] DEBUG block.SCMBlockDeletingService (SCMBlockDeletingService.java:call(133)) - Running DeletedBlockTransactionScanner
2021-08-11 08:46:59,205 [Listener at 127.0.0.1/34095] INFO  ozone.MiniOzoneClusterImpl (MiniOzoneClusterImpl.java:lambda$waitForClusterToBeReady$0(235)) - Nodes are ready. Got 3 of 3 DN Heartbeats.
2021-08-11 08:46:59,205 [Listener at 127.0.0.1/34095] INFO  ozone.MiniOzoneClusterImpl (MiniOzoneClusterImpl.java:lambda$waitForClusterToBeReady$0(238)) - Cluster exits safe mode
2021-08-11 08:46:59,205 [Listener at 127.0.0.1/34095] INFO  ozone.MiniOzoneClusterImpl (MiniOzoneClusterImpl.java:lambda$waitForClusterToBeReady$0(240)) - SCM became leader
2021-08-11 08:46:59,248 [SCMBlockDeletingService#0] DEBUG block.SCMBlockDeletingService (SCMBlockDeletingService.java:call(133)) - Running DeletedBlockTransactionScanner
2021-08-11 08:46:59,348 [SCMBlockDeletingService#0] DEBUG block.SCMBlockDeletingService (SCMBlockDeletingService.java:call(133)) - Running DeletedBlockTransactionScanner
2021-08-11 08:46:59,448 [SCMBlockDeletingService#0] DEBUG block.SCMBlockDeletingService (SCMBlockDeletingService.java:call(133)) - Running DeletedBlockTransactionScanner
2021-08-11 08:46:59,502 [Listener at 127.0.0.1/34095] INFO  rpc.RpcClient (RpcClient.java:createVolume(342)) - Creating Volume: 6d70c058-ca15-41f9-8c5b-d52f7afc926d, with runner as owner and space quota set to -1 bytes, counts quota set to -1
2021-08-11 08:46:59,512 [OM StateMachine ApplyTransaction Thread - 0] INFO  volume.OMVolumeCreateRequest (OMVolumeCreateRequest.java:validateAndUpdateCache(195)) - created volume:6d70c058-ca15-41f9-8c5b-d52f7afc926d for user:runner
2021-08-11 08:46:59,517 [Listener at 127.0.0.1/34095] INFO  rpc.RpcClient (RpcClient.java:createBucket(502)) - Creating Bucket: 6d70c058-ca15-41f9-8c5b-d52f7afc926d/662f4dbc-b0da-4bbe-9779-7c9246b6ccd2, with Versioning false and Storage Type set to DISK and Encryption set to false 
2021-08-11 08:46:59,548 [SCMBlockDeletingService#0] DEBUG block.SCMBlockDeletingService (SCMBlockDeletingService.java:call(133)) - Running DeletedBlockTransactionScanner
2021-08-11 08:46:59,556 [IPC Server handler 1 on default port 35907] INFO  ha.SequenceIdGenerator (SequenceIdGenerator.java:getNextId(127)) - Allocate a batch for containerId, change lastId from 0 to 1000.
2021-08-11 08:46:59,557 [IPC Server handler 1 on default port 35907] WARN  ha.SequenceIdGenerator (SequenceIdGenerator.java:allocateBatch(234)) - Failed to allocate a batch for localId, expected lastId is 0, actual lastId is 107544261427200000.
2021-08-11 08:46:59,557 [IPC Server handler 1 on default port 35907] INFO  ha.SequenceIdGenerator (SequenceIdGenerator.java:getNextId(127)) - Allocate a batch for localId, change lastId from 107544261427200000 to 107544261427201000.
2021-08-11 08:46:59,648 [SCMBlockDeletingService#0] DEBUG block.SCMBlockDeletingService (SCMBlockDeletingService.java:call(133)) - Running DeletedBlockTransactionScanner
2021-08-11 08:46:59,749 [SCMBlockDeletingService#0] DEBUG block.SCMBlockDeletingService (SCMBlockDeletingService.java:call(133)) - Running DeletedBlockTransactionScanner
2021-08-11 08:46:59,764 [Datanode State Machine Thread - 0] WARN  statemachine.StateContext (StateContext.java:execute(621)) - No available thread in pool for past 0 seconds.
2021-08-11 08:46:59,849 [SCMBlockDeletingService#0] DEBUG block.SCMBlockDeletingService (SCMBlockDeletingService.java:call(133)) - Running DeletedBlockTransactionScanner
2021-08-11 08:46:59,949 [SCMBlockDeletingService#0] DEBUG block.SCMBlockDeletingService (SCMBlockDeletingService.java:call(133)) - Running DeletedBlockTransactionScanner
2021-08-11 08:47:00,050 [SCMBlockDeletingService#0] DEBUG block.SCMBlockDeletingService (SCMBlockDeletingService.java:call(133)) - Running DeletedBlockTransactionScanner
2021-08-11 08:47:00,150 [SCMBlockDeletingService#0] DEBUG block.SCMBlockDeletingService (SCMBlockDeletingService.java:call(133)) - Running DeletedBlockTransactionScanner
2021-08-11 08:47:00,250 [SCMBlockDeletingService#0] DEBUG block.SCMBlockDeletingService (SCMBlockDeletingService.java:call(133)) - Running DeletedBlockTransactionScanner
2021-08-11 08:47:00,350 [SCMBlockDeletingService#0] DEBUG block.SCMBlockDeletingService (SCMBlockDeletingService.java:call(133)) - Running DeletedBlockTransactionScanner
2021-08-11 08:47:00,450 [SCMBlockDeletingService#0] DEBUG block.SCMBlockDeletingService (SCMBlockDeletingService.java:call(133)) - Running DeletedBlockTransactionScanner
2021-08-11 08:47:00,550 [SCMBlockDeletingService#0] DEBUG block.SCMBlockDeletingService (SCMBlockDeletingService.java:call(133)) - Running DeletedBlockTransactionScanner
2021-08-11 08:47:00,650 [SCMBlockDeletingService#0] DEBUG block.SCMBlockDeletingService (SCMBlockDeletingService.java:call(133)) - Running DeletedBlockTransactionScanner
2021-08-11 08:47:00,750 [SCMBlockDeletingService#0] DEBUG block.SCMBlockDeletingService (SCMBlockDeletingService.java:call(133)) - Running DeletedBlockTransactionScanner
2021-08-11 08:47:00,850 [SCMBlockDeletingService#0] DEBUG block.SCMBlockDeletingService (SCMBlockDeletingService.java:call(133)) - Running DeletedBlockTransactionScanner
2021-08-11 08:47:00,950 [SCMBlockDeletingService#0] DEBUG block.SCMBlockDeletingService (SCMBlockDeletingService.java:call(133)) - Running DeletedBlockTransactionScanner
2021-08-11 08:47:01,050 [SCMBlockDeletingService#0] DEBUG block.SCMBlockDeletingService (SCMBlockDeletingService.java:call(133)) - Running DeletedBlockTransactionScanner
2021-08-11 08:47:01,150 [SCMBlockDeletingService#0] DEBUG block.SCMBlockDeletingService (SCMBlockDeletingService.java:call(133)) - Running DeletedBlockTransactionScanner
2021-08-11 08:47:01,250 [SCMBlockDeletingService#0] DEBUG block.SCMBlockDeletingService (SCMBlockDeletingService.java:call(133)) - Running DeletedBlockTransactionScanner
2021-08-11 08:47:01,351 [SCMBlockDeletingService#0] DEBUG block.SCMBlockDeletingService (SCMBlockDeletingService.java:call(133)) - Running DeletedBlockTransactionScanner
2021-08-11 08:47:01,451 [SCMBlockDeletingService#0] DEBUG block.SCMBlockDeletingService (SCMBlockDeletingService.java:call(133)) - Running DeletedBlockTransactionScanner
2021-08-11 08:47:01,551 [SCMBlockDeletingService#0] DEBUG block.SCMBlockDeletingService (SCMBlockDeletingService.java:call(133)) - Running DeletedBlockTransactionScanner
2021-08-11 08:47:01,651 [SCMBlockDeletingService#0] DEBUG block.SCMBlockDeletingService (SCMBlockDeletingService.java:call(133)) - Running DeletedBlockTransactionScanner
2021-08-11 08:47:01,751 [SCMBlockDeletingService#0] DEBUG block.SCMBlockDeletingService (SCMBlockDeletingService.java:call(133)) - Running DeletedBlockTransactionScanner
2021-08-11 08:47:01,851 [SCMBlockDeletingService#0] DEBUG block.SCMBlockDeletingService (SCMBlockDeletingService.java:call(133)) - Running DeletedBlockTransactionScanner
2021-08-11 08:47:01,951 [SCMBlockDeletingService#0] DEBUG block.SCMBlockDeletingService (SCMBlockDeletingService.java:call(133)) - Running DeletedBlockTransactionScanner
2021-08-11 08:47:02,051 [SCMBlockDeletingService#0] DEBUG block.SCMBlockDeletingService (SCMBlockDeletingService.java:call(133)) - Running DeletedBlockTransactionScanner
2021-08-11 08:47:02,151 [SCMBlockDeletingService#0] DEBUG block.SCMBlockDeletingService (SCMBlockDeletingService.java:call(133)) - Running DeletedBlockTransactionScanner
2021-08-11 08:47:02,251 [SCMBlockDeletingService#0] DEBUG block.SCMBlockDeletingService (SCMBlockDeletingService.java:call(133)) - Running DeletedBlockTransactionScanner
2021-08-11 08:47:02,351 [SCMBlockDeletingService#0] DEBUG block.SCMBlockDeletingService (SCMBlockDeletingService.java:call(133)) - Running DeletedBlockTransactionScanner
2021-08-11 08:47:02,451 [SCMBlockDeletingService#0] DEBUG block.SCMBlockDeletingService (SCMBlockDeletingService.java:call(133)) - Running DeletedBlockTransactionScanner
2021-08-11 08:47:02,552 [SCMBlockDeletingService#0] DEBUG block.SCMBlockDeletingService (SCMBlockDeletingService.java:call(133)) - Running DeletedBlockTransactionScanner
2021-08-11 08:47:02,652 [SCMBlockDeletingService#0] DEBUG block.SCMBlockDeletingService (SCMBlockDeletingService.java:call(133)) - Running DeletedBlockTransactionScanner
2021-08-11 08:47:02,752 [SCMBlockDeletingService#0] DEBUG block.SCMBlockDeletingService (SCMBlockDeletingService.java:call(133)) - Running DeletedBlockTransactionScanner
2021-08-11 08:47:02,852 [SCMBlockDeletingService#0] DEBUG block.SCMBlockDeletingService (SCMBlockDeletingService.java:call(133)) - Running DeletedBlockTransactionScanner
2021-08-11 08:47:02,952 [SCMBlockDeletingService#0] DEBUG block.SCMBlockDeletingService (SCMBlockDeletingService.java:call(133)) - Running DeletedBlockTransactionScanner
2021-08-11 08:47:03,052 [SCMBlockDeletingService#0] DEBUG block.SCMBlockDeletingService (SCMBlockDeletingService.java:call(133)) - Running DeletedBlockTransactionScanner
2021-08-11 08:47:03,152 [SCMBlockDeletingService#0] DEBUG block.SCMBlockDeletingService (SCMBlockDeletingService.java:call(133)) - Running DeletedBlockTransactionScanner
2021-08-11 08:47:03,252 [SCMBlockDeletingService#0] DEBUG block.SCMBlockDeletingService (SCMBlockDeletingService.java:call(133)) - Running DeletedBlockTransactionScanner
2021-08-11 08:47:03,352 [SCMBlockDeletingService#0] DEBUG block.SCMBlockDeletingService (SCMBlockDeletingService.java:call(133)) - Running DeletedBlockTransactionScanner
2021-08-11 08:47:03,452 [SCMBlockDeletingService#0] DEBUG block.SCMBlockDeletingService (SCMBlockDeletingService.java:call(133)) - Running DeletedBlockTransactionScanner
2021-08-11 08:47:03,552 [SCMBlockDeletingService#0] DEBUG block.SCMBlockDeletingService (SCMBlockDeletingService.java:call(133)) - Running DeletedBlockTransactionScanner
2021-08-11 08:47:03,652 [SCMBlockDeletingService#0] DEBUG block.SCMBlockDeletingService (SCMBlockDeletingService.java:call(133)) - Running DeletedBlockTransactionScanner
2021-08-11 08:47:03,752 [SCMBlockDeletingService#0] DEBUG block.SCMBlockDeletingService (SCMBlockDeletingService.java:call(133)) - Running DeletedBlockTransactionScanner
2021-08-11 08:47:03,853 [SCMBlockDeletingService#0] DEBUG block.SCMBlockDeletingService (SCMBlockDeletingService.java:call(133)) - Running DeletedBlockTransactionScanner
2021-08-11 08:47:03,953 [SCMBlockDeletingService#0] DEBUG block.SCMBlockDeletingService (SCMBlockDeletingService.java:call(133)) - Running DeletedBlockTransactionScanner
2021-08-11 08:47:04,053 [SCMBlockDeletingService#0] DEBUG block.SCMBlockDeletingService (SCMBlockDeletingService.java:call(133)) - Running DeletedBlockTransactionScanner
2021-08-11 08:47:04,153 [SCMBlockDeletingService#0] DEBUG block.SCMBlockDeletingService (SCMBlockDeletingService.java:call(133)) - Running DeletedBlockTransactionScanner
2021-08-11 08:47:04,253 [SCMBlockDeletingService#0] DEBUG block.SCMBlockDeletingService (SCMBlockDeletingService.java:call(133)) - Running DeletedBlockTransactionScanner
2021-08-11 08:47:04,353 [SCMBlockDeletingService#0] DEBUG block.SCMBlockDeletingService (SCMBlockDeletingService.java:call(133)) - Running DeletedBlockTransactionScanner
2021-08-11 08:47:04,453 [SCMBlockDeletingService#0] DEBUG block.SCMBlockDeletingService (SCMBlockDeletingService.java:call(133)) - Running DeletedBlockTransactionScanner
2021-08-11 08:47:04,553 [SCMBlockDeletingService#0] DEBUG block.SCMBlockDeletingService (SCMBlockDeletingService.java:call(133)) - Running DeletedBlockTransactionScanner
2021-08-11 08:47:04,653 [SCMBlockDeletingService#0] DEBUG block.SCMBlockDeletingService (SCMBlockDeletingService.java:call(133)) - Running DeletedBlockTransactionScanner
2021-08-11 08:47:04,753 [SCMBlockDeletingService#0] DEBUG block.SCMBlockDeletingService (SCMBlockDeletingService.java:call(133)) - Running DeletedBlockTransactionScanner
2021-08-11 08:47:04,853 [SCMBlockDeletingService#0] DEBUG block.SCMBlockDeletingService (SCMBlockDeletingService.java:call(133)) - Running DeletedBlockTransactionScanner
2021-08-11 08:47:04,953 [SCMBlockDeletingService#0] DEBUG block.SCMBlockDeletingService (SCMBlockDeletingService.java:call(133)) - Running DeletedBlockTransactionScanner
2021-08-11 08:47:05,053 [SCMBlockDeletingService#0] DEBUG block.SCMBlockDeletingService (SCMBlockDeletingService.java:call(133)) - Running DeletedBlockTransactionScanner
2021-08-11 08:47:05,154 [SCMBlockDeletingService#0] DEBUG block.SCMBlockDeletingService (SCMBlockDeletingService.java:call(133)) - Running DeletedBlockTransactionScanner
2021-08-11 08:47:05,254 [SCMBlockDeletingService#0] DEBUG block.SCMBlockDeletingService (SCMBlockDeletingService.java:call(133)) - Running DeletedBlockTransactionScanner
2021-08-11 08:47:05,320 [EventQueue-CloseContainerForCloseContainerEventHandler] INFO  container.CloseContainerEventHandler (CloseContainerEventHandler.java:onMessage(69)) - Close container Event triggered for container : #1
2021-08-11 08:47:05,354 [SCMBlockDeletingService#0] DEBUG block.SCMBlockDeletingService (SCMBlockDeletingService.java:call(133)) - Running DeletedBlockTransactionScanner
2021-08-11 08:47:05,454 [SCMBlockDeletingService#0] DEBUG block.SCMBlockDeletingService (SCMBlockDeletingService.java:call(133)) - Running DeletedBlockTransactionScanner
2021-08-11 08:47:05,535 [Datanode State Machine Thread - 0] WARN  statemachine.StateContext (StateContext.java:execute(621)) - No available thread in pool for past 0 seconds.
2021-08-11 08:47:05,554 [SCMBlockDeletingService#0] DEBUG block.SCMBlockDeletingService (SCMBlockDeletingService.java:call(133)) - Running DeletedBlockTransactionScanner
2021-08-11 08:47:05,654 [SCMBlockDeletingService#0] DEBUG block.SCMBlockDeletingService (SCMBlockDeletingService.java:call(133)) - Running DeletedBlockTransactionScanner
2021-08-11 08:47:05,689 [Datanode State Machine Thread - 0] WARN  statemachine.StateContext (StateContext.java:execute(621)) - No available thread in pool for past 0 seconds.
2021-08-11 08:47:05,706 [pool-328-thread-7] INFO  keyvalue.KeyValueContainer (KeyValueContainer.java:flushAndSyncDB(397)) - Container 1 is synced with bcsId 10.
2021-08-11 08:47:05,710 [pool-328-thread-7] INFO  keyvalue.KeyValueContainer (KeyValueContainer.java:flushAndSyncDB(397)) - Container 1 is synced with bcsId 10.
2021-08-11 08:47:05,715 [pool-328-thread-7] INFO  keyvalue.KeyValueContainer (KeyValueContainer.java:close(334)) - Container 1 is closed with bcsId 10.
2021-08-11 08:47:05,720 [Datanode State Machine Thread - 0] WARN  statemachine.StateContext (StateContext.java:execute(621)) - No available thread in pool for past 0 seconds.
2021-08-11 08:47:05,722 [EventQueue-IncrementalContainerReportForIncrementalContainerReportHandler] INFO  container.IncrementalContainerReportHandler (AbstractContainerReportHandler.java:updateContainerState(223)) - Moving container #1 to CLOSED state, datanode ae694f9c-4230-4382-bdc9-4a730a1d0d10{ip: 10.1.0.43, host: fv-az291-953.wgnan5asplgejimfprtllbpdch.jx.internal.cloudapp.net, ports: [REPLICATION=41367, RATIS=34969, RATIS_ADMIN=34969, RATIS_SERVER=34969, STANDALONE=42147], networkLocation: /default-rack, certSerialId: null, persistedOpState: IN_SERVICE, persistedOpStateExpiryEpochSec: 0} reported CLOSED replica.
2021-08-11 08:47:05,723 [pool-330-thread-7] INFO  keyvalue.KeyValueContainer (KeyValueContainer.java:flushAndSyncDB(397)) - Container 1 is synced with bcsId 10.
2021-08-11 08:47:05,723 [pool-330-thread-7] INFO  keyvalue.KeyValueContainer (KeyValueContainer.java:flushAndSyncDB(397)) - Container 1 is synced with bcsId 10.
2021-08-11 08:47:05,733 [pool-330-thread-7] INFO  keyvalue.KeyValueContainer (KeyValueContainer.java:close(334)) - Container 1 is closed with bcsId 10.
2021-08-11 08:47:05,733 [Datanode State Machine Thread - 0] WARN  statemachine.StateContext (StateContext.java:execute(621)) - No available thread in pool for past 0 seconds.
2021-08-11 08:47:05,735 [Datanode State Machine Thread - 0] WARN  statemachine.StateContext (StateContext.java:execute(621)) - No available thread in pool for past 0 seconds.
2021-08-11 08:47:05,736 [pool-329-thread-7] INFO  keyvalue.KeyValueContainer (KeyValueContainer.java:flushAndSyncDB(397)) - Container 1 is synced with bcsId 10.
2021-08-11 08:47:05,736 [pool-329-thread-7] INFO  keyvalue.KeyValueContainer (KeyValueContainer.java:flushAndSyncDB(397)) - Container 1 is synced with bcsId 10.
2021-08-11 08:47:05,737 [pool-329-thread-7] INFO  keyvalue.KeyValueContainer (KeyValueContainer.java:close(334)) - Container 1 is closed with bcsId 10.
2021-08-11 08:47:05,738 [Datanode State Machine Thread - 0] WARN  statemachine.StateContext (StateContext.java:execute(621)) - No available thread in pool for past 0 seconds.
2021-08-11 08:47:05,754 [SCMBlockDeletingService#0] DEBUG block.SCMBlockDeletingService (SCMBlockDeletingService.java:call(133)) - Running DeletedBlockTransactionScanner
2021-08-11 08:47:05,854 [SCMBlockDeletingService#0] DEBUG block.SCMBlockDeletingService (SCMBlockDeletingService.java:call(133)) - Running DeletedBlockTransactionScanner
2021-08-11 08:47:05,954 [SCMBlockDeletingService#0] DEBUG block.SCMBlockDeletingService (SCMBlockDeletingService.java:call(133)) - Running DeletedBlockTransactionScanner
2021-08-11 08:47:06,054 [SCMBlockDeletingService#0] DEBUG block.SCMBlockDeletingService (SCMBlockDeletingService.java:call(133)) - Running DeletedBlockTransactionScanner
2021-08-11 08:47:06,154 [SCMBlockDeletingService#0] DEBUG block.SCMBlockDeletingService (SCMBlockDeletingService.java:call(133)) - Running DeletedBlockTransactionScanner
2021-08-11 08:47:06,254 [SCMBlockDeletingService#0] DEBUG block.SCMBlockDeletingService (SCMBlockDeletingService.java:call(133)) - Running DeletedBlockTransactionScanner
2021-08-11 08:47:06,355 [SCMBlockDeletingService#0] DEBUG block.SCMBlockDeletingService (SCMBlockDeletingService.java:call(133)) - Running DeletedBlockTransactionScanner
2021-08-11 08:47:06,455 [SCMBlockDeletingService#0] DEBUG block.SCMBlockDeletingService (SCMBlockDeletingService.java:call(133)) - Running DeletedBlockTransactionScanner
2021-08-11 08:47:06,555 [SCMBlockDeletingService#0] DEBUG block.SCMBlockDeletingService (SCMBlockDeletingService.java:call(133)) - Running DeletedBlockTransactionScanner
2021-08-11 08:47:06,655 [SCMBlockDeletingService#0] DEBUG block.SCMBlockDeletingService (SCMBlockDeletingService.java:call(133)) - Running DeletedBlockTransactionScanner
2021-08-11 08:47:06,755 [SCMBlockDeletingService#0] DEBUG block.SCMBlockDeletingService (SCMBlockDeletingService.java:call(133)) - Running DeletedBlockTransactionScanner
2021-08-11 08:47:06,855 [SCMBlockDeletingService#0] DEBUG block.SCMBlockDeletingService (SCMBlockDeletingService.java:call(133)) - Running DeletedBlockTransactionScanner
2021-08-11 08:47:06,955 [SCMBlockDeletingService#0] DEBUG block.SCMBlockDeletingService (SCMBlockDeletingService.java:call(133)) - Running DeletedBlockTransactionScanner
2021-08-11 08:47:07,055 [SCMBlockDeletingService#0] DEBUG block.SCMBlockDeletingService (SCMBlockDeletingService.java:call(133)) - Running DeletedBlockTransactionScanner
2021-08-11 08:47:07,155 [SCMBlockDeletingService#0] DEBUG block.SCMBlockDeletingService (SCMBlockDeletingService.java:call(133)) - Running DeletedBlockTransactionScanner
2021-08-11 08:47:07,255 [SCMBlockDeletingService#0] DEBUG block.SCMBlockDeletingService (SCMBlockDeletingService.java:call(133)) - Running DeletedBlockTransactionScanner
2021-08-11 08:47:07,355 [SCMBlockDeletingService#0] DEBUG block.SCMBlockDeletingService (SCMBlockDeletingService.java:call(133)) - Running DeletedBlockTransactionScanner
2021-08-11 08:47:07,367 [IPC Server handler 1 on default port 35907] INFO  ha.SequenceIdGenerator (SequenceIdGenerator.java:getNextId(127)) - Allocate a batch for delTxnId, change lastId from 0 to 1000.
2021-08-11 08:47:07,455 [SCMBlockDeletingService#0] DEBUG block.SCMBlockDeletingService (SCMBlockDeletingService.java:call(133)) - Running DeletedBlockTransactionScanner
2021-08-11 08:47:07,455 [SCMBlockDeletingService#0] DEBUG block.SCMBlockDeletingService (DatanodeDeletedBlockTransactions.java:addTransactionToDN(50)) - Transaction added: 109ac5ad-939f-490b-bf91-0dce67b5b01f <- TX(1)
2021-08-11 08:47:07,456 [SCMBlockDeletingService#0] DEBUG block.SCMBlockDeletingService (DatanodeDeletedBlockTransactions.java:addTransactionToDN(50)) - Transaction added: ae694f9c-4230-4382-bdc9-4a730a1d0d10 <- TX(1)
2021-08-11 08:47:07,456 [SCMBlockDeletingService#0] DEBUG block.SCMBlockDeletingService (DatanodeDeletedBlockTransactions.java:addTransactionToDN(50)) - Transaction added: 420b874f-857b-4c1c-9003-2dc7fb97d846 <- TX(1)
2021-08-11 08:47:07,456 [SCMBlockDeletingService#0] DEBUG block.SCMBlockDeletingService (SCMBlockDeletingService.java:call(164)) - Added delete block command for datanode ae694f9c-4230-4382-bdc9-4a730a1d0d10 in the queue, number of delete block transactions: 1
2021-08-11 08:47:07,456 [SCMBlockDeletingService#0] DEBUG block.SCMBlockDeletingService (SCMBlockDeletingService.java:call(164)) - Added delete block command for datanode 420b874f-857b-4c1c-9003-2dc7fb97d846 in the queue, number of delete block transactions: 1
2021-08-11 08:47:07,456 [SCMBlockDeletingService#0] DEBUG block.SCMBlockDeletingService (SCMBlockDeletingService.java:call(164)) - Added delete block command for datanode 109ac5ad-939f-490b-bf91-0dce67b5b01f in the queue, number of delete block transactions: 1
2021-08-11 08:47:07,456 [SCMBlockDeletingService#0] INFO  block.SCMBlockDeletingService (SCMBlockDeletingService.java:call(174)) - Totally added 3 blocks to be deleted for 3 datanodes, task elapsed time: 1ms
2021-08-11 08:47:07,555 [SCMBlockDeletingService#0] DEBUG block.SCMBlockDeletingService (SCMBlockDeletingService.java:call(133)) - Running DeletedBlockTransactionScanner
2021-08-11 08:47:07,556 [SCMBlockDeletingService#0] DEBUG block.SCMBlockDeletingService (DatanodeDeletedBlockTransactions.java:addTransactionToDN(50)) - Transaction added: 109ac5ad-939f-490b-bf91-0dce67b5b01f <- TX(1)
2021-08-11 08:47:07,556 [SCMBlockDeletingService#0] DEBUG block.SCMBlockDeletingService (DatanodeDeletedBlockTransactions.java:addTransactionToDN(50)) - Transaction added: ae694f9c-4230-4382-bdc9-4a730a1d0d10 <- TX(1)
2021-08-11 08:47:07,556 [SCMBlockDeletingService#0] DEBUG block.SCMBlockDeletingService (DatanodeDeletedBlockTransactions.java:addTransactionToDN(50)) - Transaction added: 420b874f-857b-4c1c-9003-2dc7fb97d846 <- TX(1)
2021-08-11 08:47:07,556 [SCMBlockDeletingService#0] DEBUG block.SCMBlockDeletingService (SCMBlockDeletingService.java:call(164)) - Added delete block command for datanode ae694f9c-4230-4382-bdc9-4a730a1d0d10 in the queue, number of delete block transactions: 1
2021-08-11 08:47:07,556 [SCMBlockDeletingService#0] DEBUG block.SCMBlockDeletingService (SCMBlockDeletingService.java:call(164)) - Added delete block command for datanode 420b874f-857b-4c1c-9003-2dc7fb97d846 in the queue, number of delete block transactions: 1
2021-08-11 08:47:07,556 [SCMBlockDeletingService#0] DEBUG block.SCMBlockDeletingService (SCMBlockDeletingService.java:call(164)) - Added delete block command for datanode 109ac5ad-939f-490b-bf91-0dce67b5b01f in the queue, number of delete block transactions: 1
2021-08-11 08:47:07,556 [SCMBlockDeletingService#0] INFO  block.SCMBlockDeletingService (SCMBlockDeletingService.java:call(174)) - Totally added 3 blocks to be deleted for 3 datanodes, task elapsed time: 1ms
2021-08-11 08:47:07,657 [SCMBlockDeletingService#0] DEBUG block.SCMBlockDeletingService (SCMBlockDeletingService.java:call(133)) - Running DeletedBlockTransactionScanner
2021-08-11 08:47:07,657 [SCMBlockDeletingService#0] DEBUG block.SCMBlockDeletingService (DatanodeDeletedBlockTransactions.java:addTransactionToDN(50)) - Transaction added: 109ac5ad-939f-490b-bf91-0dce67b5b01f <- TX(1)
2021-08-11 08:47:07,657 [SCMBlockDeletingService#0] DEBUG block.SCMBlockDeletingService (DatanodeDeletedBlockTransactions.java:addTransactionToDN(50)) - Transaction added: ae694f9c-4230-4382-bdc9-4a730a1d0d10 <- TX(1)
2021-08-11 08:47:07,657 [SCMBlockDeletingService#0] DEBUG block.SCMBlockDeletingService (DatanodeDeletedBlockTransactions.java:addTransactionToDN(50)) - Transaction added: 420b874f-857b-4c1c-9003-2dc7fb97d846 <- TX(1)
2021-08-11 08:47:07,657 [SCMBlockDeletingService#0] DEBUG block.SCMBlockDeletingService (SCMBlockDeletingService.java:call(164)) - Added delete block command for datanode ae694f9c-4230-4382-bdc9-4a730a1d0d10 in the queue, number of delete block transactions: 1
2021-08-11 08:47:07,657 [SCMBlockDeletingService#0] DEBUG block.SCMBlockDeletingService (SCMBlockDeletingService.java:call(164)) - Added delete block command for datanode 420b874f-857b-4c1c-9003-2dc7fb97d846 in the queue, number of delete block transactions: 1
2021-08-11 08:47:07,657 [SCMBlockDeletingService#0] DEBUG block.SCMBlockDeletingService (SCMBlockDeletingService.java:call(164)) - Added delete block command for datanode 109ac5ad-939f-490b-bf91-0dce67b5b01f in the queue, number of delete block transactions: 1
2021-08-11 08:47:07,657 [SCMBlockDeletingService#0] INFO  block.SCMBlockDeletingService (SCMBlockDeletingService.java:call(174)) - Totally added 3 blocks to be deleted for 3 datanodes, task elapsed time: 0ms
2021-08-11 08:47:07,757 [SCMBlockDeletingService#0] DEBUG block.SCMBlockDeletingService (SCMBlockDeletingService.java:call(133)) - Running DeletedBlockTransactionScanner
2021-08-11 08:47:07,757 [SCMBlockDeletingService#0] DEBUG block.SCMBlockDeletingService (DatanodeDeletedBlockTransactions.java:addTransactionToDN(50)) - Transaction added: 109ac5ad-939f-490b-bf91-0dce67b5b01f <- TX(1)
2021-08-11 08:47:07,757 [SCMBlockDeletingService#0] DEBUG block.SCMBlockDeletingService (DatanodeDeletedBlockTransactions.java:addTransactionToDN(50)) - Transaction added: ae694f9c-4230-4382-bdc9-4a730a1d0d10 <- TX(1)
2021-08-11 08:47:07,757 [SCMBlockDeletingService#0] DEBUG block.SCMBlockDeletingService (DatanodeDeletedBlockTransactions.java:addTransactionToDN(50)) - Transaction added: 420b874f-857b-4c1c-9003-2dc7fb97d846 <- TX(1)
2021-08-11 08:47:07,757 [SCMBlockDeletingService#0] DEBUG block.SCMBlockDeletingService (SCMBlockDeletingService.java:call(164)) - Added delete block command for datanode ae694f9c-4230-4382-bdc9-4a730a1d0d10 in the queue, number of delete block transactions: 1
2021-08-11 08:47:07,757 [SCMBlockDeletingService#0] DEBUG block.SCMBlockDeletingService (SCMBlockDeletingService.java:call(164)) - Added delete block command for datanode 420b874f-857b-4c1c-9003-2dc7fb97d846 in the queue, number of delete block transactions: 1
2021-08-11 08:47:07,757 [SCMBlockDeletingService#0] DEBUG block.SCMBlockDeletingService (SCMBlockDeletingService.java:call(164)) - Added delete block command for datanode 109ac5ad-939f-490b-bf91-0dce67b5b01f in the queue, number of delete block transactions: 1
2021-08-11 08:47:07,757 [SCMBlockDeletingService#0] INFO  block.SCMBlockDeletingService (SCMBlockDeletingService.java:call(174)) - Totally added 3 blocks to be deleted for 3 datanodes, task elapsed time: 0ms
2021-08-11 08:47:07,857 [SCMBlockDeletingService#0] DEBUG block.SCMBlockDeletingService (SCMBlockDeletingService.java:call(133)) - Running DeletedBlockTransactionScanner
2021-08-11 08:47:07,857 [SCMBlockDeletingService#0] DEBUG block.SCMBlockDeletingService (DatanodeDeletedBlockTransactions.java:addTransactionToDN(50)) - Transaction added: 109ac5ad-939f-490b-bf91-0dce67b5b01f <- TX(1)
2021-08-11 08:47:07,857 [SCMBlockDeletingService#0] DEBUG block.SCMBlockDeletingService (DatanodeDeletedBlockTransactions.java:addTransactionToDN(50)) - Transaction added: ae694f9c-4230-4382-bdc9-4a730a1d0d10 <- TX(1)
2021-08-11 08:47:07,857 [SCMBlockDeletingService#0] DEBUG block.SCMBlockDeletingService (DatanodeDeletedBlockTransactions.java:addTransactionToDN(50)) - Transaction added: 420b874f-857b-4c1c-9003-2dc7fb97d846 <- TX(1)
2021-08-11 08:47:07,857 [SCMBlockDeletingService#0] DEBUG block.SCMBlockDeletingService (SCMBlockDeletingService.java:call(164)) - Added delete block command for datanode ae694f9c-4230-4382-bdc9-4a730a1d0d10 in the queue, number of delete block transactions: 1
2021-08-11 08:47:07,857 [SCMBlockDeletingService#0] DEBUG block.SCMBlockDeletingService (SCMBlockDeletingService.java:call(164)) - Added delete block command for datanode 420b874f-857b-4c1c-9003-2dc7fb97d846 in the queue, number of delete block transactions: 1
2021-08-11 08:47:07,857 [SCMBlockDeletingService#0] DEBUG block.SCMBlockDeletingService (SCMBlockDeletingService.java:call(164)) - Added delete block command for datanode 109ac5ad-939f-490b-bf91-0dce67b5b01f in the queue, number of delete block transactions: 1
2021-08-11 08:47:07,857 [SCMBlockDeletingService#0] INFO  block.SCMBlockDeletingService (SCMBlockDeletingService.java:call(174)) - Totally added 3 blocks to be deleted for 3 datanodes, task elapsed time: 0ms
2021-08-11 08:47:07,957 [SCMBlockDeletingService#0] DEBUG block.SCMBlockDeletingService (SCMBlockDeletingService.java:call(133)) - Running DeletedBlockTransactionScanner
2021-08-11 08:47:07,957 [SCMBlockDeletingService#0] DEBUG block.SCMBlockDeletingService (DatanodeDeletedBlockTransactions.java:addTransactionToDN(50)) - Transaction added: 109ac5ad-939f-490b-bf91-0dce67b5b01f <- TX(1)
2021-08-11 08:47:07,957 [SCMBlockDeletingService#0] DEBUG block.SCMBlockDeletingService (DatanodeDeletedBlockTransactions.java:addTransactionToDN(50)) - Transaction added: ae694f9c-4230-4382-bdc9-4a730a1d0d10 <- TX(1)
2021-08-11 08:47:07,957 [SCMBlockDeletingService#0] DEBUG block.SCMBlockDeletingService (DatanodeDeletedBlockTransactions.java:addTransactionToDN(50)) - Transaction added: 420b874f-857b-4c1c-9003-2dc7fb97d846 <- TX(1)
2021-08-11 08:47:07,957 [SCMBlockDeletingService#0] DEBUG block.SCMBlockDeletingService (SCMBlockDeletingService.java:call(164)) - Added delete block command for datanode ae694f9c-4230-4382-bdc9-4a730a1d0d10 in the queue, number of delete block transactions: 1
2021-08-11 08:47:07,957 [SCMBlockDeletingService#0] DEBUG block.SCMBlockDeletingService (SCMBlockDeletingService.java:call(164)) - Added delete block command for datanode 420b874f-857b-4c1c-9003-2dc7fb97d846 in the queue, number of delete block transactions: 1
2021-08-11 08:47:07,957 [SCMBlockDeletingService#0] DEBUG block.SCMBlockDeletingService (SCMBlockDeletingService.java:call(164)) - Added delete block command for datanode 109ac5ad-939f-490b-bf91-0dce67b5b01f in the queue, number of delete block transactions: 1
2021-08-11 08:47:07,957 [SCMBlockDeletingService#0] INFO  block.SCMBlockDeletingService (SCMBlockDeletingService.java:call(174)) - Totally added 3 blocks to be deleted for 3 datanodes, task elapsed time: 0ms
2021-08-11 08:47:08,057 [SCMBlockDeletingService#0] DEBUG block.SCMBlockDeletingService (SCMBlockDeletingService.java:call(133)) - Running DeletedBlockTransactionScanner
2021-08-11 08:47:08,057 [SCMBlockDeletingService#0] DEBUG block.SCMBlockDeletingService (DatanodeDeletedBlockTransactions.java:addTransactionToDN(50)) - Transaction added: 109ac5ad-939f-490b-bf91-0dce67b5b01f <- TX(1)
2021-08-11 08:47:08,057 [SCMBlockDeletingService#0] DEBUG block.SCMBlockDeletingService (DatanodeDeletedBlockTransactions.java:addTransactionToDN(50)) - Transaction added: ae694f9c-4230-4382-bdc9-4a730a1d0d10 <- TX(1)
2021-08-11 08:47:08,057 [SCMBlockDeletingService#0] DEBUG block.SCMBlockDeletingService (DatanodeDeletedBlockTransactions.java:addTransactionToDN(50)) - Transaction added: 420b874f-857b-4c1c-9003-2dc7fb97d846 <- TX(1)
2021-08-11 08:47:08,057 [SCMBlockDeletingService#0] DEBUG block.SCMBlockDeletingService (SCMBlockDeletingService.java:call(164)) - Added delete block command for datanode ae694f9c-4230-4382-bdc9-4a730a1d0d10 in the queue, number of delete block transactions: 1
2021-08-11 08:47:08,057 [SCMBlockDeletingService#0] DEBUG block.SCMBlockDeletingService (SCMBlockDeletingService.java:call(164)) - Added delete block command for datanode 420b874f-857b-4c1c-9003-2dc7fb97d846 in the queue, number of delete block transactions: 1
2021-08-11 08:47:08,057 [SCMBlockDeletingService#0] DEBUG block.SCMBlockDeletingService (SCMBlockDeletingService.java:call(164)) - Added delete block command for datanode 109ac5ad-939f-490b-bf91-0dce67b5b01f in the queue, number of delete block transactions: 1
2021-08-11 08:47:08,057 [SCMBlockDeletingService#0] INFO  block.SCMBlockDeletingService (SCMBlockDeletingService.java:call(174)) - Totally added 3 blocks to be deleted for 3 datanodes, task elapsed time: 0ms
2021-08-11 08:47:08,103 [org.apache.hadoop.ozone.container.common.statemachine.commandhandler.DeleteBlocksCommandHandler$DeleteCmdWorker@3ca1fde] INFO  commandhandler.DeleteBlocksCommandHandler (DeleteBlocksCommandHandler.java:processCmd(261)) - Start to delete container blocks, TXIDs=[1(0)], numOfContainers=1, numOfBlocks=1
2021-08-11 08:47:08,104 [org.apache.hadoop.ozone.container.common.statemachine.commandhandler.DeleteBlocksCommandHandler$DeleteCmdWorker@3ca1fde] INFO  commandhandler.DeleteBlocksCommandHandler (DeleteBlocksCommandHandler.java:processCmd(261)) - Start to delete container blocks, TXIDs=[1(0)], numOfContainers=1, numOfBlocks=1
2021-08-11 08:47:08,104 [org.apache.hadoop.ozone.container.common.statemachine.commandhandler.DeleteBlocksCommandHandler$DeleteCmdWorker@3ca1fde] INFO  commandhandler.DeleteBlocksCommandHandler (DeleteBlocksCommandHandler.java:processCmd(261)) - Start to delete container blocks, TXIDs=[1(0)], numOfContainers=1, numOfBlocks=1
2021-08-11 08:47:08,157 [SCMBlockDeletingService#0] DEBUG block.SCMBlockDeletingService (SCMBlockDeletingService.java:call(133)) - Running DeletedBlockTransactionScanner
2021-08-11 08:47:08,157 [SCMBlockDeletingService#0] DEBUG block.SCMBlockDeletingService (DatanodeDeletedBlockTransactions.java:addTransactionToDN(50)) - Transaction added: 109ac5ad-939f-490b-bf91-0dce67b5b01f <- TX(1)
2021-08-11 08:47:08,157 [SCMBlockDeletingService#0] DEBUG block.SCMBlockDeletingService (DatanodeDeletedBlockTransactions.java:addTransactionToDN(50)) - Transaction added: ae694f9c-4230-4382-bdc9-4a730a1d0d10 <- TX(1)
2021-08-11 08:47:08,157 [SCMBlockDeletingService#0] DEBUG block.SCMBlockDeletingService (DatanodeDeletedBlockTransactions.java:addTransactionToDN(50)) - Transaction added: 420b874f-857b-4c1c-9003-2dc7fb97d846 <- TX(1)
2021-08-11 08:47:08,157 [SCMBlockDeletingService#0] DEBUG block.SCMBlockDeletingService (SCMBlockDeletingService.java:call(164)) - Added delete block command for datanode ae694f9c-4230-4382-bdc9-4a730a1d0d10 in the queue, number of delete block transactions: 1
2021-08-11 08:47:08,157 [SCMBlockDeletingService#0] DEBUG block.SCMBlockDeletingService (SCMBlockDeletingService.java:call(164)) - Added delete block command for datanode 420b874f-857b-4c1c-9003-2dc7fb97d846 in the queue, number of delete block transactions: 1
2021-08-11 08:47:08,157 [SCMBlockDeletingService#0] DEBUG block.SCMBlockDeletingService (SCMBlockDeletingService.java:call(164)) - Added delete block command for datanode 109ac5ad-939f-490b-bf91-0dce67b5b01f in the queue, number of delete block transactions: 1
2021-08-11 08:47:08,157 [SCMBlockDeletingService#0] INFO  block.SCMBlockDeletingService (SCMBlockDeletingService.java:call(174)) - Totally added 3 blocks to be deleted for 3 datanodes, task elapsed time: 0ms
2021-08-11 08:47:08,176 [BlockDeletingService#2] INFO  background.BlockDeletingService (BlockDeletingService.java:getTasks(158)) - Plan to choose 5000 blocks for block deletion, actually deleting 1 blocks.
2021-08-11 08:47:08,187 [BlockDeletingService#2] INFO  impl.FilePerBlockStrategy (FilePerBlockStrategy.java:deleteChunk(227)) - Deleted block file: /home/runner/work/ozone/ozone/hadoop-ozone/integration-test/target/test-dir/MiniOzoneClusterImpl-c4fb58e9-55df-43b6-ac52-1e7b71033b91/datanode-2/data-0/containers/hdds/c4fb58e9-55df-43b6-ac52-1e7b71033b91/current/containerDir0/1/chunks/107544261427200001.block
2021-08-11 08:47:08,187 [BlockDeletingService#2] INFO  background.BlockDeletingService (BlockDeletingService.java:deleteViaSchema2(447)) - Container: 1, deleted blocks: 1, task elapsed time: 11ms
2021-08-11 08:47:08,257 [SCMBlockDeletingService#0] DEBUG block.SCMBlockDeletingService (SCMBlockDeletingService.java:call(133)) - Running DeletedBlockTransactionScanner
2021-08-11 08:47:08,257 [SCMBlockDeletingService#0] DEBUG block.SCMBlockDeletingService (DatanodeDeletedBlockTransactions.java:addTransactionToDN(50)) - Transaction added: 109ac5ad-939f-490b-bf91-0dce67b5b01f <- TX(1)
2021-08-11 08:47:08,257 [SCMBlockDeletingService#0] DEBUG block.SCMBlockDeletingService (DatanodeDeletedBlockTransactions.java:addTransactionToDN(50)) - Transaction added: ae694f9c-4230-4382-bdc9-4a730a1d0d10 <- TX(1)
2021-08-11 08:47:08,257 [SCMBlockDeletingService#0] DEBUG block.SCMBlockDeletingService (DatanodeDeletedBlockTransactions.java:addTransactionToDN(50)) - Transaction added: 420b874f-857b-4c1c-9003-2dc7fb97d846 <- TX(1)
2021-08-11 08:47:08,257 [SCMBlockDeletingService#0] DEBUG block.SCMBlockDeletingService (SCMBlockDeletingService.java:call(164)) - Added delete block command for datanode ae694f9c-4230-4382-bdc9-4a730a1d0d10 in the queue, number of delete block transactions: 1
2021-08-11 08:47:08,257 [SCMBlockDeletingService#0] DEBUG block.SCMBlockDeletingService (SCMBlockDeletingService.java:call(164)) - Added delete block command for datanode 420b874f-857b-4c1c-9003-2dc7fb97d846 in the queue, number of delete block transactions: 1
2021-08-11 08:47:08,257 [SCMBlockDeletingService#0] DEBUG block.SCMBlockDeletingService (SCMBlockDeletingService.java:call(164)) - Added delete block command for datanode 109ac5ad-939f-490b-bf91-0dce67b5b01f in the queue, number of delete block transactions: 1
2021-08-11 08:47:08,257 [SCMBlockDeletingService#0] INFO  block.SCMBlockDeletingService (SCMBlockDeletingService.java:call(174)) - Totally added 3 blocks to be deleted for 3 datanodes, task elapsed time: 1ms
2021-08-11 08:47:08,347 [EventQueue-DeleteBlockStatusForDeletedBlockLogImpl] DEBUG block.DeletedBlockLogImpl (DeletedBlockLogImpl.java:isTransactionFailed(278)) - Got block deletion ACK from datanode, TXIDs=1, success=true
2021-08-11 08:47:08,348 [EventQueue-DeleteBlockStatusForDeletedBlockLogImpl] DEBUG block.DeletedBlockLogImpl (DeletedBlockLogImpl.java:commitTransactions(256)) - Datanode txId=1 containerId=#1 committed by dnId=420b874f-857b-4c1c-9003-2dc7fb97d846
2021-08-11 08:47:08,348 [EventQueue-DeleteBlockStatusForDeletedBlockLogImpl] DEBUG block.DeletedBlockLogImpl (DeletedBlockLogImpl.java:isTransactionFailed(278)) - Got block deletion ACK from datanode, TXIDs=1, success=true
2021-08-11 08:47:08,348 [EventQueue-DeleteBlockStatusForDeletedBlockLogImpl] DEBUG block.DeletedBlockLogImpl (DeletedBlockLogImpl.java:commitTransactions(256)) - Datanode txId=1 containerId=#1 committed by dnId=420b874f-857b-4c1c-9003-2dc7fb97d846
2021-08-11 08:47:08,348 [EventQueue-DeleteBlockStatusForDeletedBlockLogImpl] DEBUG block.DeletedBlockLogImpl (DeletedBlockLogImpl.java:isTransactionFailed(278)) - Got block deletion ACK from datanode, TXIDs=1, success=true
2021-08-11 08:47:08,348 [EventQueue-DeleteBlockStatusForDeletedBlockLogImpl] DEBUG block.DeletedBlockLogImpl (DeletedBlockLogImpl.java:commitTransactions(256)) - Datanode txId=1 containerId=#1 committed by dnId=420b874f-857b-4c1c-9003-2dc7fb97d846
2021-08-11 08:47:08,357 [SCMBlockDeletingService#0] DEBUG block.SCMBlockDeletingService (SCMBlockDeletingService.java:call(133)) - Running DeletedBlockTransactionScanner
2021-08-11 08:47:08,357 [SCMBlockDeletingService#0] DEBUG block.SCMBlockDeletingService (DatanodeDeletedBlockTransactions.java:addTransactionToDN(50)) - Transaction added: 109ac5ad-939f-490b-bf91-0dce67b5b01f <- TX(1)
2021-08-11 08:47:08,357 [SCMBlockDeletingService#0] DEBUG block.SCMBlockDeletingService (DatanodeDeletedBlockTransactions.java:addTransactionToDN(50)) - Transaction added: ae694f9c-4230-4382-bdc9-4a730a1d0d10 <- TX(1)
2021-08-11 08:47:08,357 [SCMBlockDeletingService#0] DEBUG block.SCMBlockDeletingService (SCMBlockDeletingService.java:call(164)) - Added delete block command for datanode ae694f9c-4230-4382-bdc9-4a730a1d0d10 in the queue, number of delete block transactions: 1
2021-08-11 08:47:08,357 [SCMBlockDeletingService#0] DEBUG block.SCMBlockDeletingService (SCMBlockDeletingService.java:call(164)) - Added delete block command for datanode 109ac5ad-939f-490b-bf91-0dce67b5b01f in the queue, number of delete block transactions: 1
2021-08-11 08:47:08,357 [SCMBlockDeletingService#0] INFO  block.SCMBlockDeletingService (SCMBlockDeletingService.java:call(174)) - Totally added 2 blocks to be deleted for 2 datanodes, task elapsed time: 1ms
2021-08-11 08:47:08,457 [SCMBlockDeletingService#0] DEBUG block.SCMBlockDeletingService (SCMBlockDeletingService.java:call(133)) - Running DeletedBlockTransactionScanner
2021-08-11 08:47:08,457 [SCMBlockDeletingService#0] DEBUG block.SCMBlockDeletingService (DatanodeDeletedBlockTransactions.java:addTransactionToDN(50)) - Transaction added: 109ac5ad-939f-490b-bf91-0dce67b5b01f <- TX(1)
2021-08-11 08:47:08,457 [SCMBlockDeletingService#0] DEBUG block.SCMBlockDeletingService (DatanodeDeletedBlockTransactions.java:addTransactionToDN(50)) - Transaction added: ae694f9c-4230-4382-bdc9-4a730a1d0d10 <- TX(1)
2021-08-11 08:47:08,457 [SCMBlockDeletingService#0] DEBUG block.SCMBlockDeletingService (SCMBlockDeletingService.java:call(164)) - Added delete block command for datanode ae694f9c-4230-4382-bdc9-4a730a1d0d10 in the queue, number of delete block transactions: 1
2021-08-11 08:47:08,457 [SCMBlockDeletingService#0] DEBUG block.SCMBlockDeletingService (SCMBlockDeletingService.java:call(164)) - Added delete block command for datanode 109ac5ad-939f-490b-bf91-0dce67b5b01f in the queue, number of delete block transactions: 1
2021-08-11 08:47:08,458 [SCMBlockDeletingService#0] INFO  block.SCMBlockDeletingService (SCMBlockDeletingService.java:call(174)) - Totally added 2 blocks to be deleted for 2 datanodes, task elapsed time: 1ms
2021-08-11 08:47:08,557 [SCMBlockDeletingService#0] DEBUG block.SCMBlockDeletingService (SCMBlockDeletingService.java:call(133)) - Running DeletedBlockTransactionScanner
2021-08-11 08:47:08,557 [SCMBlockDeletingService#0] DEBUG block.SCMBlockDeletingService (DatanodeDeletedBlockTransactions.java:addTransactionToDN(50)) - Transaction added: 109ac5ad-939f-490b-bf91-0dce67b5b01f <- TX(1)
2021-08-11 08:47:08,557 [SCMBlockDeletingService#0] DEBUG block.SCMBlockDeletingService (DatanodeDeletedBlockTransactions.java:addTransactionToDN(50)) - Transaction added: ae694f9c-4230-4382-bdc9-4a730a1d0d10 <- TX(1)
2021-08-11 08:47:08,558 [SCMBlockDeletingService#0] DEBUG block.SCMBlockDeletingService (SCMBlockDeletingService.java:call(164)) - Added delete block command for datanode ae694f9c-4230-4382-bdc9-4a730a1d0d10 in the queue, number of delete block transactions: 1
2021-08-11 08:47:08,558 [SCMBlockDeletingService#0] DEBUG block.SCMBlockDeletingService (SCMBlockDeletingService.java:call(164)) - Added delete block command for datanode 109ac5ad-939f-490b-bf91-0dce67b5b01f in the queue, number of delete block transactions: 1
2021-08-11 08:47:08,558 [SCMBlockDeletingService#0] INFO  block.SCMBlockDeletingService (SCMBlockDeletingService.java:call(174)) - Totally added 2 blocks to be deleted for 2 datanodes, task elapsed time: 1ms
2021-08-11 08:47:08,657 [SCMBlockDeletingService#0] DEBUG block.SCMBlockDeletingService (SCMBlockDeletingService.java:call(133)) - Running DeletedBlockTransactionScanner
2021-08-11 08:47:08,658 [SCMBlockDeletingService#0] DEBUG block.SCMBlockDeletingService (DatanodeDeletedBlockTransactions.java:addTransactionToDN(50)) - Transaction added: 109ac5ad-939f-490b-bf91-0dce67b5b01f <- TX(1)
2021-08-11 08:47:08,658 [SCMBlockDeletingService#0] DEBUG block.SCMBlockDeletingService (DatanodeDeletedBlockTransactions.java:addTransactionToDN(50)) - Transaction added: ae694f9c-4230-4382-bdc9-4a730a1d0d10 <- TX(1)
2021-08-11 08:47:08,658 [SCMBlockDeletingService#0] DEBUG block.SCMBlockDeletingService (SCMBlockDeletingService.java:call(164)) - Added delete block command for datanode ae694f9c-4230-4382-bdc9-4a730a1d0d10 in the queue, number of delete block transactions: 1
2021-08-11 08:47:08,658 [SCMBlockDeletingService#0] DEBUG block.SCMBlockDeletingService (SCMBlockDeletingService.java:call(164)) - Added delete block command for datanode 109ac5ad-939f-490b-bf91-0dce67b5b01f in the queue, number of delete block transactions: 1
2021-08-11 08:47:08,658 [SCMBlockDeletingService#0] INFO  block.SCMBlockDeletingService (SCMBlockDeletingService.java:call(174)) - Totally added 2 blocks to be deleted for 2 datanodes, task elapsed time: 1ms
2021-08-11 08:47:08,757 [SCMBlockDeletingService#0] DEBUG block.SCMBlockDeletingService (SCMBlockDeletingService.java:call(133)) - Running DeletedBlockTransactionScanner
2021-08-11 08:47:08,758 [SCMBlockDeletingService#0] DEBUG block.SCMBlockDeletingService (DatanodeDeletedBlockTransactions.java:addTransactionToDN(50)) - Transaction added: 109ac5ad-939f-490b-bf91-0dce67b5b01f <- TX(1)
2021-08-11 08:47:08,758 [SCMBlockDeletingService#0] DEBUG block.SCMBlockDeletingService (DatanodeDeletedBlockTransactions.java:addTransactionToDN(50)) - Transaction added: ae694f9c-4230-4382-bdc9-4a730a1d0d10 <- TX(1)
2021-08-11 08:47:08,758 [SCMBlockDeletingService#0] DEBUG block.SCMBlockDeletingService (SCMBlockDeletingService.java:call(164)) - Added delete block command for datanode ae694f9c-4230-4382-bdc9-4a730a1d0d10 in the queue, number of delete block transactions: 1
2021-08-11 08:47:08,758 [SCMBlockDeletingService#0] DEBUG block.SCMBlockDeletingService (SCMBlockDeletingService.java:call(164)) - Added delete block command for datanode 109ac5ad-939f-490b-bf91-0dce67b5b01f in the queue, number of delete block transactions: 1
2021-08-11 08:47:08,758 [SCMBlockDeletingService#0] INFO  block.SCMBlockDeletingService (SCMBlockDeletingService.java:call(174)) - Totally added 2 blocks to be deleted for 2 datanodes, task elapsed time: 0ms
2021-08-11 08:47:08,857 [SCMBlockDeletingService#0] DEBUG block.SCMBlockDeletingService (SCMBlockDeletingService.java:call(133)) - Running DeletedBlockTransactionScanner
2021-08-11 08:47:08,858 [SCMBlockDeletingService#0] DEBUG block.SCMBlockDeletingService (DatanodeDeletedBlockTransactions.java:addTransactionToDN(50)) - Transaction added: 109ac5ad-939f-490b-bf91-0dce67b5b01f <- TX(1)
2021-08-11 08:47:08,858 [SCMBlockDeletingService#0] DEBUG block.SCMBlockDeletingService (DatanodeDeletedBlockTransactions.java:addTransactionToDN(50)) - Transaction added: ae694f9c-4230-4382-bdc9-4a730a1d0d10 <- TX(1)
2021-08-11 08:47:08,858 [SCMBlockDeletingService#0] DEBUG block.SCMBlockDeletingService (SCMBlockDeletingService.java:call(164)) - Added delete block command for datanode ae694f9c-4230-4382-bdc9-4a730a1d0d10 in the queue, number of delete block transactions: 1
2021-08-11 08:47:08,858 [SCMBlockDeletingService#0] DEBUG block.SCMBlockDeletingService (SCMBlockDeletingService.java:call(164)) - Added delete block command for datanode 109ac5ad-939f-490b-bf91-0dce67b5b01f in the queue, number of delete block transactions: 1
2021-08-11 08:47:08,858 [SCMBlockDeletingService#0] INFO  block.SCMBlockDeletingService (SCMBlockDeletingService.java:call(174)) - Totally added 2 blocks to be deleted for 2 datanodes, task elapsed time: 0ms
2021-08-11 08:47:08,958 [SCMBlockDeletingService#0] DEBUG block.SCMBlockDeletingService (SCMBlockDeletingService.java:call(133)) - Running DeletedBlockTransactionScanner
2021-08-11 08:47:08,958 [SCMBlockDeletingService#0] DEBUG block.SCMBlockDeletingService (DatanodeDeletedBlockTransactions.java:addTransactionToDN(50)) - Transaction added: 109ac5ad-939f-490b-bf91-0dce67b5b01f <- TX(1)
2021-08-11 08:47:08,958 [SCMBlockDeletingService#0] DEBUG block.SCMBlockDeletingService (DatanodeDeletedBlockTransactions.java:addTransactionToDN(50)) - Transaction added: ae694f9c-4230-4382-bdc9-4a730a1d0d10 <- TX(1)
2021-08-11 08:47:08,958 [SCMBlockDeletingService#0] DEBUG block.SCMBlockDeletingService (SCMBlockDeletingService.java:call(164)) - Added delete block command for datanode ae694f9c-4230-4382-bdc9-4a730a1d0d10 in the queue, number of delete block transactions: 1
2021-08-11 08:47:08,958 [SCMBlockDeletingService#0] DEBUG block.SCMBlockDeletingService (SCMBlockDeletingService.java:call(164)) - Added delete block command for datanode 109ac5ad-939f-490b-bf91-0dce67b5b01f in the queue, number of delete block transactions: 1
2021-08-11 08:47:08,958 [SCMBlockDeletingService#0] INFO  block.SCMBlockDeletingService (SCMBlockDeletingService.java:call(174)) - Totally added 2 blocks to be deleted for 2 datanodes, task elapsed time: 0ms
2021-08-11 08:47:09,058 [SCMBlockDeletingService#0] DEBUG block.SCMBlockDeletingService (SCMBlockDeletingService.java:call(133)) - Running DeletedBlockTransactionScanner
2021-08-11 08:47:09,058 [SCMBlockDeletingService#0] DEBUG block.SCMBlockDeletingService (DatanodeDeletedBlockTransactions.java:addTransactionToDN(50)) - Transaction added: 109ac5ad-939f-490b-bf91-0dce67b5b01f <- TX(1)
2021-08-11 08:47:09,058 [SCMBlockDeletingService#0] DEBUG block.SCMBlockDeletingService (DatanodeDeletedBlockTransactions.java:addTransactionToDN(50)) - Transaction added: ae694f9c-4230-4382-bdc9-4a730a1d0d10 <- TX(1)
2021-08-11 08:47:09,058 [SCMBlockDeletingService#0] DEBUG block.SCMBlockDeletingService (SCMBlockDeletingService.java:call(164)) - Added delete block command for datanode ae694f9c-4230-4382-bdc9-4a730a1d0d10 in the queue, number of delete block transactions: 1
2021-08-11 08:47:09,058 [SCMBlockDeletingService#0] DEBUG block.SCMBlockDeletingService (SCMBlockDeletingService.java:call(164)) - Added delete block command for datanode 109ac5ad-939f-490b-bf91-0dce67b5b01f in the queue, number of delete block transactions: 1
2021-08-11 08:47:09,058 [SCMBlockDeletingService#0] INFO  block.SCMBlockDeletingService (SCMBlockDeletingService.java:call(174)) - Totally added 2 blocks to be deleted for 2 datanodes, task elapsed time: 0ms
2021-08-11 08:47:09,158 [SCMBlockDeletingService#0] DEBUG block.SCMBlockDeletingService (SCMBlockDeletingService.java:call(133)) - Running DeletedBlockTransactionScanner
2021-08-11 08:47:09,158 [SCMBlockDeletingService#0] DEBUG block.SCMBlockDeletingService (DatanodeDeletedBlockTransactions.java:addTransactionToDN(50)) - Transaction added: 109ac5ad-939f-490b-bf91-0dce67b5b01f <- TX(1)
2021-08-11 08:47:09,158 [SCMBlockDeletingService#0] DEBUG block.SCMBlockDeletingService (DatanodeDeletedBlockTransactions.java:addTransactionToDN(50)) - Transaction added: ae694f9c-4230-4382-bdc9-4a730a1d0d10 <- TX(1)
2021-08-11 08:47:09,158 [SCMBlockDeletingService#0] DEBUG block.SCMBlockDeletingService (SCMBlockDeletingService.java:call(164)) - Added delete block command for datanode ae694f9c-4230-4382-bdc9-4a730a1d0d10 in the queue, number of delete block transactions: 1
2021-08-11 08:47:09,158 [SCMBlockDeletingService#0] DEBUG block.SCMBlockDeletingService (SCMBlockDeletingService.java:call(164)) - Added delete block command for datanode 109ac5ad-939f-490b-bf91-0dce67b5b01f in the queue, number of delete block transactions: 1
2021-08-11 08:47:09,158 [SCMBlockDeletingService#0] INFO  block.SCMBlockDeletingService (SCMBlockDeletingService.java:call(174)) - Totally added 2 blocks to be deleted for 2 datanodes, task elapsed time: 0ms
2021-08-11 08:47:09,258 [SCMBlockDeletingService#0] DEBUG block.SCMBlockDeletingService (SCMBlockDeletingService.java:call(133)) - Running DeletedBlockTransactionScanner
2021-08-11 08:47:09,258 [SCMBlockDeletingService#0] DEBUG block.SCMBlockDeletingService (DatanodeDeletedBlockTransactions.java:addTransactionToDN(50)) - Transaction added: 109ac5ad-939f-490b-bf91-0dce67b5b01f <- TX(1)
2021-08-11 08:47:09,258 [SCMBlockDeletingService#0] DEBUG block.SCMBlockDeletingService (DatanodeDeletedBlockTransactions.java:addTransactionToDN(50)) - Transaction added: ae694f9c-4230-4382-bdc9-4a730a1d0d10 <- TX(1)
2021-08-11 08:47:09,258 [SCMBlockDeletingService#0] DEBUG block.SCMBlockDeletingService (SCMBlockDeletingService.java:call(164)) - Added delete block command for datanode ae694f9c-4230-4382-bdc9-4a730a1d0d10 in the queue, number of delete block transactions: 1
2021-08-11 08:47:09,258 [SCMBlockDeletingService#0] DEBUG block.SCMBlockDeletingService (SCMBlockDeletingService.java:call(164)) - Added delete block command for datanode 109ac5ad-939f-490b-bf91-0dce67b5b01f in the queue, number of delete block transactions: 1
2021-08-11 08:47:09,258 [SCMBlockDeletingService#0] INFO  block.SCMBlockDeletingService (SCMBlockDeletingService.java:call(174)) - Totally added 2 blocks to be deleted for 2 datanodes, task elapsed time: 0ms
2021-08-11 08:47:09,268 [org.apache.hadoop.ozone.container.common.statemachine.commandhandler.DeleteBlocksCommandHandler$DeleteCmdWorker@2b6deb26] INFO  commandhandler.DeleteBlocksCommandHandler (DeleteBlocksCommandHandler.java:processCmd(261)) - Start to delete container blocks, TXIDs=[1(0)], numOfContainers=1, numOfBlocks=1
2021-08-11 08:47:09,269 [org.apache.hadoop.ozone.container.common.statemachine.commandhandler.DeleteBlocksCommandHandler$DeleteCmdWorker@2b6deb26] INFO  commandhandler.DeleteBlocksCommandHandler (DeleteBlocksCommandHandler.java:processCmd(261)) - Start to delete container blocks, TXIDs=[1(0)], numOfContainers=1, numOfBlocks=1
2021-08-11 08:47:09,269 [org.apache.hadoop.ozone.container.common.statemachine.commandhandler.DeleteBlocksCommandHandler$DeleteCmdWorker@2b6deb26] INFO  commandhandler.DeleteBlocksCommandHandler (DeleteBlocksCommandHandler.java:processCmd(261)) - Start to delete container blocks, TXIDs=[1(0)], numOfContainers=1, numOfBlocks=1
2021-08-11 08:47:09,269 [org.apache.hadoop.ozone.container.common.statemachine.commandhandler.DeleteBlocksCommandHandler$DeleteCmdWorker@2b6deb26] INFO  commandhandler.DeleteBlocksCommandHandler (DeleteBlocksCommandHandler.java:processCmd(261)) - Start to delete container blocks, TXIDs=[1(0)], numOfContainers=1, numOfBlocks=1
2021-08-11 08:47:09,269 [org.apache.hadoop.ozone.container.common.statemachine.commandhandler.DeleteBlocksCommandHandler$DeleteCmdWorker@2b6deb26] INFO  commandhandler.DeleteBlocksCommandHandler (DeleteBlocksCommandHandler.java:processCmd(261)) - Start to delete container blocks, TXIDs=[1(0)], numOfContainers=1, numOfBlocks=1
2021-08-11 08:47:09,269 [org.apache.hadoop.ozone.container.common.statemachine.commandhandler.DeleteBlocksCommandHandler$DeleteCmdWorker@2b6deb26] INFO  commandhandler.DeleteBlocksCommandHandler (DeleteBlocksCommandHandler.java:processCmd(261)) - Start to delete container blocks, TXIDs=[1(0)], numOfContainers=1, numOfBlocks=1
2021-08-11 08:47:09,269 [org.apache.hadoop.ozone.container.common.statemachine.commandhandler.DeleteBlocksCommandHandler$DeleteCmdWorker@2b6deb26] INFO  commandhandler.DeleteBlocksCommandHandler (DeleteBlocksCommandHandler.java:processCmd(261)) - Start to delete container blocks, TXIDs=[1(0)], numOfContainers=1, numOfBlocks=1
2021-08-11 08:47:09,269 [org.apache.hadoop.ozone.container.common.statemachine.commandhandler.DeleteBlocksCommandHandler$DeleteCmdWorker@2b6deb26] INFO  commandhandler.DeleteBlocksCommandHandler (DeleteBlocksCommandHandler.java:processCmd(261)) - Start to delete container blocks, TXIDs=[1(0)], numOfContainers=1, numOfBlocks=1
2021-08-11 08:47:09,269 [org.apache.hadoop.ozone.container.common.statemachine.commandhandler.DeleteBlocksCommandHandler$DeleteCmdWorker@2b6deb26] INFO  commandhandler.DeleteBlocksCommandHandler (DeleteBlocksCommandHandler.java:processCmd(261)) - Start to delete container blocks, TXIDs=[1(0)], numOfContainers=1, numOfBlocks=1
2021-08-11 08:47:09,270 [org.apache.hadoop.ozone.container.common.statemachine.commandhandler.DeleteBlocksCommandHandler$DeleteCmdWorker@2b6deb26] INFO  commandhandler.DeleteBlocksCommandHandler (DeleteBlocksCommandHandler.java:processCmd(261)) - Start to delete container blocks, TXIDs=[1(0)], numOfContainers=1, numOfBlocks=1
2021-08-11 08:47:09,270 [org.apache.hadoop.ozone.container.common.statemachine.commandhandler.DeleteBlocksCommandHandler$DeleteCmdWorker@2b6deb26] INFO  commandhandler.DeleteBlocksCommandHandler (DeleteBlocksCommandHandler.java:processCmd(261)) - Start to delete container blocks, TXIDs=[1(0)], numOfContainers=1, numOfBlocks=1
2021-08-11 08:47:09,270 [org.apache.hadoop.ozone.container.common.statemachine.commandhandler.DeleteBlocksCommandHandler$DeleteCmdWorker@2b6deb26] INFO  commandhandler.DeleteBlocksCommandHandler (DeleteBlocksCommandHandler.java:processCmd(261)) - Start to delete container blocks, TXIDs=[1(0)], numOfContainers=1, numOfBlocks=1
2021-08-11 08:47:09,270 [org.apache.hadoop.ozone.container.common.statemachine.commandhandler.DeleteBlocksCommandHandler$DeleteCmdWorker@2b6deb26] INFO  commandhandler.DeleteBlocksCommandHandler (DeleteBlocksCommandHandler.java:processCmd(261)) - Start to delete container blocks, TXIDs=[1(0)], numOfContainers=1, numOfBlocks=1
2021-08-11 08:47:09,270 [org.apache.hadoop.ozone.container.common.statemachine.commandhandler.DeleteBlocksCommandHandler$DeleteCmdWorker@2b6deb26] INFO  commandhandler.DeleteBlocksCommandHandler (DeleteBlocksCommandHandler.java:processCmd(261)) - Start to delete container blocks, TXIDs=[1(0)], numOfContainers=1, numOfBlocks=1
2021-08-11 08:47:09,270 [org.apache.hadoop.ozone.container.common.statemachine.commandhandler.DeleteBlocksCommandHandler$DeleteCmdWorker@2b6deb26] INFO  commandhandler.DeleteBlocksCommandHandler (DeleteBlocksCommandHandler.java:processCmd(261)) - Start to delete container blocks, TXIDs=[1(0)], numOfContainers=1, numOfBlocks=1
2021-08-11 08:47:09,307 [BlockDeletingService#8] INFO  background.BlockDeletingService (BlockDeletingService.java:getTasks(158)) - Plan to choose 5000 blocks for block deletion, actually deleting 1 blocks.
2021-08-11 08:47:09,308 [BlockDeletingService#8] INFO  impl.FilePerBlockStrategy (FilePerBlockStrategy.java:deleteChunk(227)) - Deleted block file: /home/runner/work/ozone/ozone/hadoop-ozone/integration-test/target/test-dir/MiniOzoneClusterImpl-c4fb58e9-55df-43b6-ac52-1e7b71033b91/datanode-0/data-0/containers/hdds/c4fb58e9-55df-43b6-ac52-1e7b71033b91/current/containerDir0/1/chunks/107544261427200001.block
2021-08-11 08:47:09,308 [BlockDeletingService#8] INFO  background.BlockDeletingService (BlockDeletingService.java:deleteViaSchema2(447)) - Container: 1, deleted blocks: 1, task elapsed time: 1ms
2021-08-11 08:47:09,358 [SCMBlockDeletingService#0] DEBUG block.SCMBlockDeletingService (SCMBlockDeletingService.java:call(133)) - Running DeletedBlockTransactionScanner
2021-08-11 08:47:09,358 [SCMBlockDeletingService#0] DEBUG block.SCMBlockDeletingService (DatanodeDeletedBlockTransactions.java:addTransactionToDN(50)) - Transaction added: 109ac5ad-939f-490b-bf91-0dce67b5b01f <- TX(1)
2021-08-11 08:47:09,358 [SCMBlockDeletingService#0] DEBUG block.SCMBlockDeletingService (DatanodeDeletedBlockTransactions.java:addTransactionToDN(50)) - Transaction added: ae694f9c-4230-4382-bdc9-4a730a1d0d10 <- TX(1)
2021-08-11 08:47:09,358 [SCMBlockDeletingService#0] DEBUG block.SCMBlockDeletingService (SCMBlockDeletingService.java:call(164)) - Added delete block command for datanode ae694f9c-4230-4382-bdc9-4a730a1d0d10 in the queue, number of delete block transactions: 1
2021-08-11 08:47:09,358 [SCMBlockDeletingService#0] DEBUG block.SCMBlockDeletingService (SCMBlockDeletingService.java:call(164)) - Added delete block command for datanode 109ac5ad-939f-490b-bf91-0dce67b5b01f in the queue, number of delete block transactions: 1
2021-08-11 08:47:09,358 [SCMBlockDeletingService#0] INFO  block.SCMBlockDeletingService (SCMBlockDeletingService.java:call(174)) - Totally added 2 blocks to be deleted for 2 datanodes, task elapsed time: 0ms
2021-08-11 08:47:09,458 [SCMBlockDeletingService#0] DEBUG block.SCMBlockDeletingService (SCMBlockDeletingService.java:call(133)) - Running DeletedBlockTransactionScanner
2021-08-11 08:47:09,458 [SCMBlockDeletingService#0] DEBUG block.SCMBlockDeletingService (DatanodeDeletedBlockTransactions.java:addTransactionToDN(50)) - Transaction added: 109ac5ad-939f-490b-bf91-0dce67b5b01f <- TX(1)
2021-08-11 08:47:09,458 [SCMBlockDeletingService#0] DEBUG block.SCMBlockDeletingService (DatanodeDeletedBlockTransactions.java:addTransactionToDN(50)) - Transaction added: ae694f9c-4230-4382-bdc9-4a730a1d0d10 <- TX(1)
2021-08-11 08:47:09,458 [SCMBlockDeletingService#0] DEBUG block.SCMBlockDeletingService (SCMBlockDeletingService.java:call(164)) - Added delete block command for datanode ae694f9c-4230-4382-bdc9-4a730a1d0d10 in the queue, number of delete block transactions: 1
2021-08-11 08:47:09,458 [SCMBlockDeletingService#0] DEBUG block.SCMBlockDeletingService (SCMBlockDeletingService.java:call(164)) - Added delete block command for datanode 109ac5ad-939f-490b-bf91-0dce67b5b01f in the queue, number of delete block transactions: 1
2021-08-11 08:47:09,458 [SCMBlockDeletingService#0] INFO  block.SCMBlockDeletingService (SCMBlockDeletingService.java:call(174)) - Totally added 2 blocks to be deleted for 2 datanodes, task elapsed time: 0ms
2021-08-11 08:47:09,523 [EventQueue-DeleteBlockStatusForDeletedBlockLogImpl] DEBUG block.DeletedBlockLogImpl (DeletedBlockLogImpl.java:isTransactionFailed(278)) - Got block deletion ACK from datanode, TXIDs=1, success=true
2021-08-11 08:47:09,524 [EventQueue-DeleteBlockStatusForDeletedBlockLogImpl] DEBUG block.DeletedBlockLogImpl (DeletedBlockLogImpl.java:commitTransactions(256)) - Datanode txId=1 containerId=#1 committed by dnId=ae694f9c-4230-4382-bdc9-4a730a1d0d10
2021-08-11 08:47:09,524 [EventQueue-DeleteBlockStatusForDeletedBlockLogImpl] DEBUG block.DeletedBlockLogImpl (DeletedBlockLogImpl.java:isTransactionFailed(278)) - Got block deletion ACK from datanode, TXIDs=1, success=true
2021-08-11 08:47:09,524 [EventQueue-DeleteBlockStatusForDeletedBlockLogImpl] DEBUG block.DeletedBlockLogImpl (DeletedBlockLogImpl.java:commitTransactions(256)) - Datanode txId=1 containerId=#1 committed by dnId=ae694f9c-4230-4382-bdc9-4a730a1d0d10
2021-08-11 08:47:09,524 [EventQueue-DeleteBlockStatusForDeletedBlockLogImpl] DEBUG block.DeletedBlockLogImpl (DeletedBlockLogImpl.java:isTransactionFailed(278)) - Got block deletion ACK from datanode, TXIDs=1, success=true
2021-08-11 08:47:09,524 [EventQueue-DeleteBlockStatusForDeletedBlockLogImpl] DEBUG block.DeletedBlockLogImpl (DeletedBlockLogImpl.java:commitTransactions(256)) - Datanode txId=1 containerId=#1 committed by dnId=ae694f9c-4230-4382-bdc9-4a730a1d0d10
2021-08-11 08:47:09,524 [EventQueue-DeleteBlockStatusForDeletedBlockLogImpl] DEBUG block.DeletedBlockLogImpl (DeletedBlockLogImpl.java:isTransactionFailed(278)) - Got block deletion ACK from datanode, TXIDs=1, success=true
2021-08-11 08:47:09,524 [EventQueue-DeleteBlockStatusForDeletedBlockLogImpl] DEBUG block.DeletedBlockLogImpl (DeletedBlockLogImpl.java:commitTransactions(256)) - Datanode txId=1 containerId=#1 committed by dnId=ae694f9c-4230-4382-bdc9-4a730a1d0d10
2021-08-11 08:47:09,524 [EventQueue-DeleteBlockStatusForDeletedBlockLogImpl] DEBUG block.DeletedBlockLogImpl (DeletedBlockLogImpl.java:isTransactionFailed(278)) - Got block deletion ACK from datanode, TXIDs=1, success=true
2021-08-11 08:47:09,524 [EventQueue-DeleteBlockStatusForDeletedBlockLogImpl] DEBUG block.DeletedBlockLogImpl (DeletedBlockLogImpl.java:commitTransactions(256)) - Datanode txId=1 containerId=#1 committed by dnId=ae694f9c-4230-4382-bdc9-4a730a1d0d10
2021-08-11 08:47:09,524 [EventQueue-DeleteBlockStatusForDeletedBlockLogImpl] DEBUG block.DeletedBlockLogImpl (DeletedBlockLogImpl.java:isTransactionFailed(278)) - Got block deletion ACK from datanode, TXIDs=1, success=true
2021-08-11 08:47:09,524 [EventQueue-DeleteBlockStatusForDeletedBlockLogImpl] DEBUG block.DeletedBlockLogImpl (DeletedBlockLogImpl.java:commitTransactions(256)) - Datanode txId=1 containerId=#1 committed by dnId=ae694f9c-4230-4382-bdc9-4a730a1d0d10
2021-08-11 08:47:09,524 [EventQueue-DeleteBlockStatusForDeletedBlockLogImpl] DEBUG block.DeletedBlockLogImpl (DeletedBlockLogImpl.java:isTransactionFailed(278)) - Got block deletion ACK from datanode, TXIDs=1, success=true
2021-08-11 08:47:09,524 [EventQueue-DeleteBlockStatusForDeletedBlockLogImpl] DEBUG block.DeletedBlockLogImpl (DeletedBlockLogImpl.java:commitTransactions(256)) - Datanode txId=1 containerId=#1 committed by dnId=ae694f9c-4230-4382-bdc9-4a730a1d0d10
2021-08-11 08:47:09,524 [EventQueue-DeleteBlockStatusForDeletedBlockLogImpl] DEBUG block.DeletedBlockLogImpl (DeletedBlockLogImpl.java:isTransactionFailed(278)) - Got block deletion ACK from datanode, TXIDs=1, success=true
2021-08-11 08:47:09,524 [EventQueue-DeleteBlockStatusForDeletedBlockLogImpl] DEBUG block.DeletedBlockLogImpl (DeletedBlockLogImpl.java:commitTransactions(256)) - Datanode txId=1 containerId=#1 committed by dnId=ae694f9c-4230-4382-bdc9-4a730a1d0d10
2021-08-11 08:47:09,524 [EventQueue-DeleteBlockStatusForDeletedBlockLogImpl] DEBUG block.DeletedBlockLogImpl (DeletedBlockLogImpl.java:isTransactionFailed(278)) - Got block deletion ACK from datanode, TXIDs=1, success=true
2021-08-11 08:47:09,524 [EventQueue-DeleteBlockStatusForDeletedBlockLogImpl] DEBUG block.DeletedBlockLogImpl (DeletedBlockLogImpl.java:commitTransactions(256)) - Datanode txId=1 containerId=#1 committed by dnId=ae694f9c-4230-4382-bdc9-4a730a1d0d10
2021-08-11 08:47:09,524 [EventQueue-DeleteBlockStatusForDeletedBlockLogImpl] DEBUG block.DeletedBlockLogImpl (DeletedBlockLogImpl.java:isTransactionFailed(278)) - Got block deletion ACK from datanode, TXIDs=1, success=true
2021-08-11 08:47:09,524 [EventQueue-DeleteBlockStatusForDeletedBlockLogImpl] DEBUG block.DeletedBlockLogImpl (DeletedBlockLogImpl.java:commitTransactions(256)) - Datanode txId=1 containerId=#1 committed by dnId=ae694f9c-4230-4382-bdc9-4a730a1d0d10
2021-08-11 08:47:09,524 [EventQueue-DeleteBlockStatusForDeletedBlockLogImpl] DEBUG block.DeletedBlockLogImpl (DeletedBlockLogImpl.java:isTransactionFailed(278)) - Got block deletion ACK from datanode, TXIDs=1, success=true
2021-08-11 08:47:09,524 [EventQueue-DeleteBlockStatusForDeletedBlockLogImpl] DEBUG block.DeletedBlockLogImpl (DeletedBlockLogImpl.java:commitTransactions(256)) - Datanode txId=1 containerId=#1 committed by dnId=ae694f9c-4230-4382-bdc9-4a730a1d0d10
2021-08-11 08:47:09,525 [EventQueue-DeleteBlockStatusForDeletedBlockLogImpl] DEBUG block.DeletedBlockLogImpl (DeletedBlockLogImpl.java:isTransactionFailed(278)) - Got block deletion ACK from datanode, TXIDs=1, success=true
2021-08-11 08:47:09,525 [EventQueue-DeleteBlockStatusForDeletedBlockLogImpl] DEBUG block.DeletedBlockLogImpl (DeletedBlockLogImpl.java:commitTransactions(256)) - Datanode txId=1 containerId=#1 committed by dnId=ae694f9c-4230-4382-bdc9-4a730a1d0d10
2021-08-11 08:47:09,525 [EventQueue-DeleteBlockStatusForDeletedBlockLogImpl] DEBUG block.DeletedBlockLogImpl (DeletedBlockLogImpl.java:isTransactionFailed(278)) - Got block deletion ACK from datanode, TXIDs=1, success=true
2021-08-11 08:47:09,525 [EventQueue-DeleteBlockStatusForDeletedBlockLogImpl] DEBUG block.DeletedBlockLogImpl (DeletedBlockLogImpl.java:commitTransactions(256)) - Datanode txId=1 containerId=#1 committed by dnId=ae694f9c-4230-4382-bdc9-4a730a1d0d10
2021-08-11 08:47:09,525 [EventQueue-DeleteBlockStatusForDeletedBlockLogImpl] DEBUG block.DeletedBlockLogImpl (DeletedBlockLogImpl.java:isTransactionFailed(278)) - Got block deletion ACK from datanode, TXIDs=1, success=true
2021-08-11 08:47:09,525 [EventQueue-DeleteBlockStatusForDeletedBlockLogImpl] DEBUG block.DeletedBlockLogImpl (DeletedBlockLogImpl.java:commitTransactions(256)) - Datanode txId=1 containerId=#1 committed by dnId=ae694f9c-4230-4382-bdc9-4a730a1d0d10
2021-08-11 08:47:09,525 [EventQueue-DeleteBlockStatusForDeletedBlockLogImpl] DEBUG block.DeletedBlockLogImpl (DeletedBlockLogImpl.java:isTransactionFailed(278)) - Got block deletion ACK from datanode, TXIDs=1, success=true
2021-08-11 08:47:09,525 [EventQueue-DeleteBlockStatusForDeletedBlockLogImpl] DEBUG block.DeletedBlockLogImpl (DeletedBlockLogImpl.java:commitTransactions(256)) - Datanode txId=1 containerId=#1 committed by dnId=ae694f9c-4230-4382-bdc9-4a730a1d0d10
2021-08-11 08:47:09,558 [SCMBlockDeletingService#0] DEBUG block.SCMBlockDeletingService (SCMBlockDeletingService.java:call(133)) - Running DeletedBlockTransactionScanner
2021-08-11 08:47:09,558 [SCMBlockDeletingService#0] DEBUG block.SCMBlockDeletingService (DatanodeDeletedBlockTransactions.java:addTransactionToDN(50)) - Transaction added: 109ac5ad-939f-490b-bf91-0dce67b5b01f <- TX(1)
2021-08-11 08:47:09,558 [SCMBlockDeletingService#0] DEBUG block.SCMBlockDeletingService (SCMBlockDeletingService.java:call(164)) - Added delete block command for datanode 109ac5ad-939f-490b-bf91-0dce67b5b01f in the queue, number of delete block transactions: 1
2021-08-11 08:47:09,558 [SCMBlockDeletingService#0] INFO  block.SCMBlockDeletingService (SCMBlockDeletingService.java:call(174)) - Totally added 1 blocks to be deleted for 1 datanodes, task elapsed time: 0ms
2021-08-11 08:47:09,658 [SCMBlockDeletingService#0] DEBUG block.SCMBlockDeletingService (SCMBlockDeletingService.java:call(133)) - Running DeletedBlockTransactionScanner
2021-08-11 08:47:09,658 [SCMBlockDeletingService#0] DEBUG block.SCMBlockDeletingService (DatanodeDeletedBlockTransactions.java:addTransactionToDN(50)) - Transaction added: 109ac5ad-939f-490b-bf91-0dce67b5b01f <- TX(1)
2021-08-11 08:47:09,658 [SCMBlockDeletingService#0] DEBUG block.SCMBlockDeletingService (SCMBlockDeletingService.java:call(164)) - Added delete block command for datanode 109ac5ad-939f-490b-bf91-0dce67b5b01f in the queue, number of delete block transactions: 1
2021-08-11 08:47:09,658 [SCMBlockDeletingService#0] INFO  block.SCMBlockDeletingService (SCMBlockDeletingService.java:call(174)) - Totally added 1 blocks to be deleted for 1 datanodes, task elapsed time: 0ms
2021-08-11 08:47:09,744 [org.apache.hadoop.ozone.container.common.statemachine.commandhandler.DeleteBlocksCommandHandler$DeleteCmdWorker@e44a73a] INFO  commandhandler.DeleteBlocksCommandHandler (DeleteBlocksCommandHandler.java:processCmd(261)) - Start to delete container blocks, TXIDs=[1(0)], numOfContainers=1, numOfBlocks=1
2021-08-11 08:47:09,745 [org.apache.hadoop.ozone.container.common.statemachine.commandhandler.DeleteBlocksCommandHandler$DeleteCmdWorker@e44a73a] INFO  commandhandler.DeleteBlocksCommandHandler (DeleteBlocksCommandHandler.java:processCmd(261)) - Start to delete container blocks, TXIDs=[1(0)], numOfContainers=1, numOfBlocks=1
2021-08-11 08:47:09,745 [org.apache.hadoop.ozone.container.common.statemachine.commandhandler.DeleteBlocksCommandHandler$DeleteCmdWorker@e44a73a] INFO  commandhandler.DeleteBlocksCommandHandler (DeleteBlocksCommandHandler.java:processCmd(261)) - Start to delete container blocks, TXIDs=[1(0)], numOfContainers=1, numOfBlocks=1
2021-08-11 08:47:09,751 [org.apache.hadoop.ozone.container.common.statemachine.commandhandler.DeleteBlocksCommandHandler$DeleteCmdWorker@e44a73a] INFO  commandhandler.DeleteBlocksCommandHandler (DeleteBlocksCommandHandler.java:processCmd(261)) - Start to delete container blocks, TXIDs=[1(0)], numOfContainers=1, numOfBlocks=1
2021-08-11 08:47:09,751 [org.apache.hadoop.ozone.container.common.statemachine.commandhandler.DeleteBlocksCommandHandler$DeleteCmdWorker@e44a73a] INFO  commandhandler.DeleteBlocksCommandHandler (DeleteBlocksCommandHandler.java:processCmd(261)) - Start to delete container blocks, TXIDs=[1(0)], numOfContainers=1, numOfBlocks=1
2021-08-11 08:47:09,752 [org.apache.hadoop.ozone.container.common.statemachine.commandhandler.DeleteBlocksCommandHandler$DeleteCmdWorker@e44a73a] INFO  commandhandler.DeleteBlocksCommandHandler (DeleteBlocksCommandHandler.java:processCmd(261)) - Start to delete container blocks, TXIDs=[1(0)], numOfContainers=1, numOfBlocks=1
2021-08-11 08:47:09,752 [org.apache.hadoop.ozone.container.common.statemachine.commandhandler.DeleteBlocksCommandHandler$DeleteCmdWorker@e44a73a] INFO  commandhandler.DeleteBlocksCommandHandler (DeleteBlocksCommandHandler.java:processCmd(261)) - Start to delete container blocks, TXIDs=[1(0)], numOfContainers=1, numOfBlocks=1
2021-08-11 08:47:09,752 [org.apache.hadoop.ozone.container.common.statemachine.commandhandler.DeleteBlocksCommandHandler$DeleteCmdWorker@e44a73a] INFO  commandhandler.DeleteBlocksCommandHandler (DeleteBlocksCommandHandler.java:processCmd(261)) - Start to delete container blocks, TXIDs=[1(0)], numOfContainers=1, numOfBlocks=1
2021-08-11 08:47:09,752 [org.apache.hadoop.ozone.container.common.statemachine.commandhandler.DeleteBlocksCommandHandler$DeleteCmdWorker@e44a73a] INFO  commandhandler.DeleteBlocksCommandHandler (DeleteBlocksCommandHandler.java:processCmd(261)) - Start to delete container blocks, TXIDs=[1(0)], numOfContainers=1, numOfBlocks=1
2021-08-11 08:47:09,752 [org.apache.hadoop.ozone.container.common.statemachine.commandhandler.DeleteBlocksCommandHandler$DeleteCmdWorker@e44a73a] INFO  commandhandler.DeleteBlocksCommandHandler (DeleteBlocksCommandHandler.java:processCmd(261)) - Start to delete container blocks, TXIDs=[1(0)], numOfContainers=1, numOfBlocks=1
2021-08-11 08:47:09,752 [org.apache.hadoop.ozone.container.common.statemachine.commandhandler.DeleteBlocksCommandHandler$DeleteCmdWorker@e44a73a] INFO  commandhandler.DeleteBlocksCommandHandler (DeleteBlocksCommandHandler.java:processCmd(261)) - Start to delete container blocks, TXIDs=[1(0)], numOfContainers=1, numOfBlocks=1
2021-08-11 08:47:09,752 [org.apache.hadoop.ozone.container.common.statemachine.commandhandler.DeleteBlocksCommandHandler$DeleteCmdWorker@e44a73a] INFO  commandhandler.DeleteBlocksCommandHandler (DeleteBlocksCommandHandler.java:processCmd(261)) - Start to delete container blocks, TXIDs=[1(0)], numOfContainers=1, numOfBlocks=1
2021-08-11 08:47:09,752 [org.apache.hadoop.ozone.container.common.statemachine.commandhandler.DeleteBlocksCommandHandler$DeleteCmdWorker@e44a73a] INFO  commandhandler.DeleteBlocksCommandHandler (DeleteBlocksCommandHandler.java:processCmd(261)) - Start to delete container blocks, TXIDs=[1(0)], numOfContainers=1, numOfBlocks=1
2021-08-11 08:47:09,752 [org.apache.hadoop.ozone.container.common.statemachine.commandhandler.DeleteBlocksCommandHandler$DeleteCmdWorker@e44a73a] INFO  commandhandler.DeleteBlocksCommandHandler (DeleteBlocksCommandHandler.java:processCmd(261)) - Start to delete container blocks, TXIDs=[1(0)], numOfContainers=1, numOfBlocks=1
2021-08-11 08:47:09,752 [org.apache.hadoop.ozone.container.common.statemachine.commandhandler.DeleteBlocksCommandHandler$DeleteCmdWorker@e44a73a] INFO  commandhandler.DeleteBlocksCommandHandler (DeleteBlocksCommandHandler.java:processCmd(261)) - Start to delete container blocks, TXIDs=[1(0)], numOfContainers=1, numOfBlocks=1
2021-08-11 08:47:09,752 [org.apache.hadoop.ozone.container.common.statemachine.commandhandler.DeleteBlocksCommandHandler$DeleteCmdWorker@e44a73a] INFO  commandhandler.DeleteBlocksCommandHandler (DeleteBlocksCommandHandler.java:processCmd(261)) - Start to delete container blocks, TXIDs=[1(0)], numOfContainers=1, numOfBlocks=1
2021-08-11 08:47:09,752 [org.apache.hadoop.ozone.container.common.statemachine.commandhandler.DeleteBlocksCommandHandler$DeleteCmdWorker@e44a73a] INFO  commandhandler.DeleteBlocksCommandHandler (DeleteBlocksCommandHandler.java:processCmd(261)) - Start to delete container blocks, TXIDs=[1(0)], numOfContainers=1, numOfBlocks=1
2021-08-11 08:47:09,753 [org.apache.hadoop.ozone.container.common.statemachine.commandhandler.DeleteBlocksCommandHandler$DeleteCmdWorker@e44a73a] INFO  commandhandler.DeleteBlocksCommandHandler (DeleteBlocksCommandHandler.java:processCmd(261)) - Start to delete container blocks, TXIDs=[1(0)], numOfContainers=1, numOfBlocks=1
2021-08-11 08:47:09,753 [org.apache.hadoop.ozone.container.common.statemachine.commandhandler.DeleteBlocksCommandHandler$DeleteCmdWorker@e44a73a] INFO  commandhandler.DeleteBlocksCommandHandler (DeleteBlocksCommandHandler.java:processCmd(261)) - Start to delete container blocks, TXIDs=[1(0)], numOfContainers=1, numOfBlocks=1
2021-08-11 08:47:09,753 [org.apache.hadoop.ozone.container.common.statemachine.commandhandler.DeleteBlocksCommandHandler$DeleteCmdWorker@e44a73a] INFO  commandhandler.DeleteBlocksCommandHandler (DeleteBlocksCommandHandler.java:processCmd(261)) - Start to delete container blocks, TXIDs=[1(0)], numOfContainers=1, numOfBlocks=1
2021-08-11 08:47:09,753 [org.apache.hadoop.ozone.container.common.statemachine.commandhandler.DeleteBlocksCommandHandler$DeleteCmdWorker@e44a73a] INFO  commandhandler.DeleteBlocksCommandHandler (DeleteBlocksCommandHandler.java:processCmd(261)) - Start to delete container blocks, TXIDs=[1(0)], numOfContainers=1, numOfBlocks=1
2021-08-11 08:47:09,758 [SCMBlockDeletingService#0] DEBUG block.SCMBlockDeletingService (SCMBlockDeletingService.java:call(133)) - Running DeletedBlockTransactionScanner
2021-08-11 08:47:09,758 [SCMBlockDeletingService#0] DEBUG block.SCMBlockDeletingService (DatanodeDeletedBlockTransactions.java:addTransactionToDN(50)) - Transaction added: 109ac5ad-939f-490b-bf91-0dce67b5b01f <- TX(1)
2021-08-11 08:47:09,758 [SCMBlockDeletingService#0] DEBUG block.SCMBlockDeletingService (SCMBlockDeletingService.java:call(164)) - Added delete block command for datanode 109ac5ad-939f-490b-bf91-0dce67b5b01f in the queue, number of delete block transactions: 1
2021-08-11 08:47:09,758 [SCMBlockDeletingService#0] INFO  block.SCMBlockDeletingService (SCMBlockDeletingService.java:call(174)) - Totally added 1 blocks to be deleted for 1 datanodes, task elapsed time: 1ms
2021-08-11 08:47:09,795 [BlockDeletingService#0] INFO  background.BlockDeletingService (BlockDeletingService.java:getTasks(158)) - Plan to choose 5000 blocks for block deletion, actually deleting 1 blocks.
2021-08-11 08:47:09,796 [BlockDeletingService#0] INFO  impl.FilePerBlockStrategy (FilePerBlockStrategy.java:deleteChunk(227)) - Deleted block file: /home/runner/work/ozone/ozone/hadoop-ozone/integration-test/target/test-dir/MiniOzoneClusterImpl-c4fb58e9-55df-43b6-ac52-1e7b71033b91/datanode-1/data-0/containers/hdds/c4fb58e9-55df-43b6-ac52-1e7b71033b91/current/containerDir0/1/chunks/107544261427200001.block
2021-08-11 08:47:09,796 [BlockDeletingService#0] INFO  background.BlockDeletingService (BlockDeletingService.java:deleteViaSchema2(447)) - Container: 1, deleted blocks: 1, task elapsed time: 0ms
2021-08-11 08:47:09,858 [SCMBlockDeletingService#0] DEBUG block.SCMBlockDeletingService (SCMBlockDeletingService.java:call(133)) - Running DeletedBlockTransactionScanner
2021-08-11 08:47:09,858 [SCMBlockDeletingService#0] DEBUG block.SCMBlockDeletingService (DatanodeDeletedBlockTransactions.java:addTransactionToDN(50)) - Transaction added: 109ac5ad-939f-490b-bf91-0dce67b5b01f <- TX(1)
2021-08-11 08:47:09,858 [SCMBlockDeletingService#0] DEBUG block.SCMBlockDeletingService (SCMBlockDeletingService.java:call(164)) - Added delete block command for datanode 109ac5ad-939f-490b-bf91-0dce67b5b01f in the queue, number of delete block transactions: 1
2021-08-11 08:47:09,858 [SCMBlockDeletingService#0] INFO  block.SCMBlockDeletingService (SCMBlockDeletingService.java:call(174)) - Totally added 1 blocks to be deleted for 1 datanodes, task elapsed time: 1ms
2021-08-11 08:47:09,941 [EventQueue-DeleteBlockStatusForDeletedBlockLogImpl] DEBUG block.DeletedBlockLogImpl (DeletedBlockLogImpl.java:isTransactionFailed(278)) - Got block deletion ACK from datanode, TXIDs=1, success=true
2021-08-11 08:47:09,941 [EventQueue-DeleteBlockStatusForDeletedBlockLogImpl] DEBUG block.DeletedBlockLogImpl (DeletedBlockLogImpl.java:commitTransactions(250)) - Purging txId=1 from block deletion log
2021-08-11 08:47:09,941 [EventQueue-DeleteBlockStatusForDeletedBlockLogImpl] DEBUG block.DeletedBlockLogImpl (DeletedBlockLogImpl.java:commitTransactions(256)) - Datanode txId=1 containerId=#1 committed by dnId=109ac5ad-939f-490b-bf91-0dce67b5b01f
2021-08-11 08:47:09,941 [EventQueue-DeleteBlockStatusForDeletedBlockLogImpl] DEBUG block.DeletedBlockLogImpl (DeletedBlockLogImpl.java:isTransactionFailed(278)) - Got block deletion ACK from datanode, TXIDs=1, success=true
2021-08-11 08:47:09,941 [EventQueue-DeleteBlockStatusForDeletedBlockLogImpl] DEBUG block.DeletedBlockLogImpl (DeletedBlockLogImpl.java:commitTransactions(224)) - Transaction txId=1 commit by dnId=109ac5ad-939f-490b-bf91-0dce67b5b01f for containerID=#1 failed. Corresponding entry not found.
2021-08-11 08:47:09,941 [EventQueue-DeleteBlockStatusForDeletedBlockLogImpl] DEBUG block.DeletedBlockLogImpl (DeletedBlockLogImpl.java:isTransactionFailed(278)) - Got block deletion ACK from datanode, TXIDs=1, success=true
2021-08-11 08:47:09,941 [EventQueue-DeleteBlockStatusForDeletedBlockLogImpl] DEBUG block.DeletedBlockLogImpl (DeletedBlockLogImpl.java:commitTransactions(224)) - Transaction txId=1 commit by dnId=109ac5ad-939f-490b-bf91-0dce67b5b01f for containerID=#1 failed. Corresponding entry not found.
2021-08-11 08:47:09,941 [EventQueue-DeleteBlockStatusForDeletedBlockLogImpl] DEBUG block.DeletedBlockLogImpl (DeletedBlockLogImpl.java:isTransactionFailed(278)) - Got block deletion ACK from datanode, TXIDs=1, success=true
2021-08-11 08:47:09,941 [EventQueue-DeleteBlockStatusForDeletedBlockLogImpl] DEBUG block.DeletedBlockLogImpl (DeletedBlockLogImpl.java:commitTransactions(224)) - Transaction txId=1 commit by dnId=109ac5ad-939f-490b-bf91-0dce67b5b01f for containerID=#1 failed. Corresponding entry not found.
2021-08-11 08:47:09,941 [EventQueue-DeleteBlockStatusForDeletedBlockLogImpl] DEBUG block.DeletedBlockLogImpl (DeletedBlockLogImpl.java:isTransactionFailed(278)) - Got block deletion ACK from datanode, TXIDs=1, success=true
2021-08-11 08:47:09,941 [EventQueue-DeleteBlockStatusForDeletedBlockLogImpl] DEBUG block.DeletedBlockLogImpl (DeletedBlockLogImpl.java:commitTransactions(224)) - Transaction txId=1 commit by dnId=109ac5ad-939f-490b-bf91-0dce67b5b01f for containerID=#1 failed. Corresponding entry not found.
2021-08-11 08:47:09,941 [EventQueue-DeleteBlockStatusForDeletedBlockLogImpl] DEBUG block.DeletedBlockLogImpl (DeletedBlockLogImpl.java:isTransactionFailed(278)) - Got block deletion ACK from datanode, TXIDs=1, success=true
2021-08-11 08:47:09,941 [EventQueue-DeleteBlockStatusForDeletedBlockLogImpl] DEBUG block.DeletedBlockLogImpl (DeletedBlockLogImpl.java:commitTransactions(224)) - Transaction txId=1 commit by dnId=109ac5ad-939f-490b-bf91-0dce67b5b01f for containerID=#1 failed. Corresponding entry not found.
2021-08-11 08:47:09,941 [EventQueue-DeleteBlockStatusForDeletedBlockLogImpl] DEBUG block.DeletedBlockLogImpl (DeletedBlockLogImpl.java:isTransactionFailed(278)) - Got block deletion ACK from datanode, TXIDs=1, success=true
2021-08-11 08:47:09,941 [EventQueue-DeleteBlockStatusForDeletedBlockLogImpl] DEBUG block.DeletedBlockLogImpl (DeletedBlockLogImpl.java:commitTransactions(224)) - Transaction txId=1 commit by dnId=109ac5ad-939f-490b-bf91-0dce67b5b01f for containerID=#1 failed. Corresponding entry not found.
2021-08-11 08:47:09,941 [EventQueue-DeleteBlockStatusForDeletedBlockLogImpl] DEBUG block.DeletedBlockLogImpl (DeletedBlockLogImpl.java:isTransactionFailed(278)) - Got block deletion ACK from datanode, TXIDs=1, success=true
2021-08-11 08:47:09,941 [EventQueue-DeleteBlockStatusForDeletedBlockLogImpl] DEBUG block.DeletedBlockLogImpl (DeletedBlockLogImpl.java:commitTransactions(224)) - Transaction txId=1 commit by dnId=109ac5ad-939f-490b-bf91-0dce67b5b01f for containerID=#1 failed. Corresponding entry not found.
2021-08-11 08:47:09,941 [EventQueue-DeleteBlockStatusForDeletedBlockLogImpl] DEBUG block.DeletedBlockLogImpl (DeletedBlockLogImpl.java:isTransactionFailed(278)) - Got block deletion ACK from datanode, TXIDs=1, success=true
2021-08-11 08:47:09,941 [EventQueue-DeleteBlockStatusForDeletedBlockLogImpl] DEBUG block.DeletedBlockLogImpl (DeletedBlockLogImpl.java:commitTransactions(224)) - Transaction txId=1 commit by dnId=109ac5ad-939f-490b-bf91-0dce67b5b01f for containerID=#1 failed. Corresponding entry not found.
2021-08-11 08:47:09,942 [EventQueue-DeleteBlockStatusForDeletedBlockLogImpl] DEBUG block.DeletedBlockLogImpl (DeletedBlockLogImpl.java:isTransactionFailed(278)) - Got block deletion ACK from datanode, TXIDs=1, success=true
2021-08-11 08:47:09,942 [EventQueue-DeleteBlockStatusForDeletedBlockLogImpl] DEBUG block.DeletedBlockLogImpl (DeletedBlockLogImpl.java:commitTransactions(224)) - Transaction txId=1 commit by dnId=109ac5ad-939f-490b-bf91-0dce67b5b01f for containerID=#1 failed. Corresponding entry not found.
2021-08-11 08:47:09,942 [EventQueue-DeleteBlockStatusForDeletedBlockLogImpl] DEBUG block.DeletedBlockLogImpl (DeletedBlockLogImpl.java:isTransactionFailed(278)) - Got block deletion ACK from datanode, TXIDs=1, success=true
2021-08-11 08:47:09,942 [EventQueue-DeleteBlockStatusForDeletedBlockLogImpl] DEBUG block.DeletedBlockLogImpl (DeletedBlockLogImpl.java:commitTransactions(224)) - Transaction txId=1 commit by dnId=109ac5ad-939f-490b-bf91-0dce67b5b01f for containerID=#1 failed. Corresponding entry not found.
2021-08-11 08:47:09,942 [EventQueue-DeleteBlockStatusForDeletedBlockLogImpl] DEBUG block.DeletedBlockLogImpl (DeletedBlockLogImpl.java:isTransactionFailed(278)) - Got block deletion ACK from datanode, TXIDs=1, success=true
2021-08-11 08:47:09,942 [EventQueue-DeleteBlockStatusForDeletedBlockLogImpl] DEBUG block.DeletedBlockLogImpl (DeletedBlockLogImpl.java:commitTransactions(224)) - Transaction txId=1 commit by dnId=109ac5ad-939f-490b-bf91-0dce67b5b01f for containerID=#1 failed. Corresponding entry not found.
2021-08-11 08:47:09,942 [EventQueue-DeleteBlockStatusForDeletedBlockLogImpl] DEBUG block.DeletedBlockLogImpl (DeletedBlockLogImpl.java:isTransactionFailed(278)) - Got block deletion ACK from datanode, TXIDs=1, success=true
2021-08-11 08:47:09,942 [EventQueue-DeleteBlockStatusForDeletedBlockLogImpl] DEBUG block.DeletedBlockLogImpl (DeletedBlockLogImpl.java:commitTransactions(224)) - Transaction txId=1 commit by dnId=109ac5ad-939f-490b-bf91-0dce67b5b01f for containerID=#1 failed. Corresponding entry not found.
2021-08-11 08:47:09,942 [EventQueue-DeleteBlockStatusForDeletedBlockLogImpl] DEBUG block.DeletedBlockLogImpl (DeletedBlockLogImpl.java:isTransactionFailed(278)) - Got block deletion ACK from datanode, TXIDs=1, success=true
2021-08-11 08:47:09,942 [EventQueue-DeleteBlockStatusForDeletedBlockLogImpl] DEBUG block.DeletedBlockLogImpl (DeletedBlockLogImpl.java:commitTransactions(224)) - Transaction txId=1 commit by dnId=109ac5ad-939f-490b-bf91-0dce67b5b01f for containerID=#1 failed. Corresponding entry not found.
2021-08-11 08:47:09,942 [EventQueue-DeleteBlockStatusForDeletedBlockLogImpl] DEBUG block.DeletedBlockLogImpl (DeletedBlockLogImpl.java:isTransactionFailed(278)) - Got block deletion ACK from datanode, TXIDs=1, success=true
2021-08-11 08:47:09,942 [EventQueue-DeleteBlockStatusForDeletedBlockLogImpl] DEBUG block.DeletedBlockLogImpl (DeletedBlockLogImpl.java:commitTransactions(224)) - Transaction txId=1 commit by dnId=109ac5ad-939f-490b-bf91-0dce67b5b01f for containerID=#1 failed. Corresponding entry not found.
2021-08-11 08:47:09,942 [EventQueue-DeleteBlockStatusForDeletedBlockLogImpl] DEBUG block.DeletedBlockLogImpl (DeletedBlockLogImpl.java:isTransactionFailed(278)) - Got block deletion ACK from datanode, TXIDs=1, success=true
2021-08-11 08:47:09,942 [EventQueue-DeleteBlockStatusForDeletedBlockLogImpl] DEBUG block.DeletedBlockLogImpl (DeletedBlockLogImpl.java:commitTransactions(224)) - Transaction txId=1 commit by dnId=109ac5ad-939f-490b-bf91-0dce67b5b01f for containerID=#1 failed. Corresponding entry not found.
2021-08-11 08:47:09,942 [EventQueue-DeleteBlockStatusForDeletedBlockLogImpl] DEBUG block.DeletedBlockLogImpl (DeletedBlockLogImpl.java:isTransactionFailed(278)) - Got block deletion ACK from datanode, TXIDs=1, success=true
2021-08-11 08:47:09,942 [EventQueue-DeleteBlockStatusForDeletedBlockLogImpl] DEBUG block.DeletedBlockLogImpl (DeletedBlockLogImpl.java:commitTransactions(224)) - Transaction txId=1 commit by dnId=109ac5ad-939f-490b-bf91-0dce67b5b01f for containerID=#1 failed. Corresponding entry not found.
2021-08-11 08:47:09,942 [EventQueue-DeleteBlockStatusForDeletedBlockLogImpl] DEBUG block.DeletedBlockLogImpl (DeletedBlockLogImpl.java:isTransactionFailed(278)) - Got block deletion ACK from datanode, TXIDs=1, success=true
2021-08-11 08:47:09,942 [EventQueue-DeleteBlockStatusForDeletedBlockLogImpl] DEBUG block.DeletedBlockLogImpl (DeletedBlockLogImpl.java:commitTransactions(224)) - Transaction txId=1 commit by dnId=109ac5ad-939f-490b-bf91-0dce67b5b01f for containerID=#1 failed. Corresponding entry not found.
2021-08-11 08:47:09,942 [EventQueue-DeleteBlockStatusForDeletedBlockLogImpl] DEBUG block.DeletedBlockLogImpl (DeletedBlockLogImpl.java:isTransactionFailed(278)) - Got block deletion ACK from datanode, TXIDs=1, success=true
2021-08-11 08:47:09,942 [EventQueue-DeleteBlockStatusForDeletedBlockLogImpl] DEBUG block.DeletedBlockLogImpl (DeletedBlockLogImpl.java:commitTransactions(224)) - Transaction txId=1 commit by dnId=109ac5ad-939f-490b-bf91-0dce67b5b01f for containerID=#1 failed. Corresponding entry not found.
2021-08-11 08:47:09,942 [EventQueue-DeleteBlockStatusForDeletedBlockLogImpl] DEBUG block.DeletedBlockLogImpl (DeletedBlockLogImpl.java:isTransactionFailed(278)) - Got block deletion ACK from datanode, TXIDs=1, success=true
2021-08-11 08:47:09,942 [EventQueue-DeleteBlockStatusForDeletedBlockLogImpl] DEBUG block.DeletedBlockLogImpl (DeletedBlockLogImpl.java:commitTransactions(224)) - Transaction txId=1 commit by dnId=109ac5ad-939f-490b-bf91-0dce67b5b01f for containerID=#1 failed. Corresponding entry not found.
2021-08-11 08:47:09,942 [EventQueue-DeleteBlockStatusForDeletedBlockLogImpl] DEBUG block.DeletedBlockLogImpl (DeletedBlockLogImpl.java:isTransactionFailed(278)) - Got block deletion ACK from datanode, TXIDs=1, success=true
2021-08-11 08:47:09,942 [EventQueue-DeleteBlockStatusForDeletedBlockLogImpl] DEBUG block.DeletedBlockLogImpl (DeletedBlockLogImpl.java:commitTransactions(224)) - Transaction txId=1 commit by dnId=109ac5ad-939f-490b-bf91-0dce67b5b01f for containerID=#1 failed. Corresponding entry not found.
2021-08-11 08:47:09,958 [SCMBlockDeletingService#0] DEBUG block.SCMBlockDeletingService (SCMBlockDeletingService.java:call(133)) - Running DeletedBlockTransactionScanner
2021-08-11 08:47:10,058 [SCMBlockDeletingService#0] DEBUG block.SCMBlockDeletingService (SCMBlockDeletingService.java:call(133)) - Running DeletedBlockTransactionScanner
2021-08-11 08:47:10,104 [org.apache.hadoop.ozone.container.common.statemachine.commandhandler.DeleteBlocksCommandHandler$DeleteCmdWorker@3ca1fde] INFO  commandhandler.DeleteBlocksCommandHandler (DeleteBlocksCommandHandler.java:processCmd(261)) - Start to delete container blocks, TXIDs=[1(0)], numOfContainers=1, numOfBlocks=1
2021-08-11 08:47:10,104 [org.apache.hadoop.ozone.container.common.statemachine.commandhandler.DeleteBlocksCommandHandler$DeleteCmdWorker@3ca1fde] INFO  commandhandler.DeleteBlocksCommandHandler (DeleteBlocksCommandHandler.java:processCmd(261)) - Start to delete container blocks, TXIDs=[1(0)], numOfContainers=1, numOfBlocks=1
2021-08-11 08:47:10,104 [org.apache.hadoop.ozone.container.common.statemachine.commandhandler.DeleteBlocksCommandHandler$DeleteCmdWorker@3ca1fde] INFO  commandhandler.DeleteBlocksCommandHandler (DeleteBlocksCommandHandler.java:processCmd(261)) - Start to delete container blocks, TXIDs=[1(0)], numOfContainers=1, numOfBlocks=1
2021-08-11 08:47:10,105 [org.apache.hadoop.ozone.container.common.statemachine.commandhandler.DeleteBlocksCommandHandler$DeleteCmdWorker@3ca1fde] INFO  commandhandler.DeleteBlocksCommandHandler (DeleteBlocksCommandHandler.java:processCmd(261)) - Start to delete container blocks, TXIDs=[1(0)], numOfContainers=1, numOfBlocks=1
2021-08-11 08:47:10,105 [org.apache.hadoop.ozone.container.common.statemachine.commandhandler.DeleteBlocksCommandHandler$DeleteCmdWorker@3ca1fde] INFO  commandhandler.DeleteBlocksCommandHandler (DeleteBlocksCommandHandler.java:processCmd(261)) - Start to delete container blocks, TXIDs=[1(0)], numOfContainers=1, numOfBlocks=1
2021-08-11 08:47:10,105 [org.apache.hadoop.ozone.container.common.statemachine.commandhandler.DeleteBlocksCommandHandler$DeleteCmdWorker@3ca1fde] INFO  commandhandler.DeleteBlocksCommandHandler (DeleteBlocksCommandHandler.java:processCmd(261)) - Start to delete container blocks, TXIDs=[1(0)], numOfContainers=1, numOfBlocks=1
2021-08-11 08:47:10,158 [SCMBlockDeletingService#0] DEBUG block.SCMBlockDeletingService (SCMBlockDeletingService.java:call(133)) - Running DeletedBlockTransactionScanner
2021-08-11 08:47:10,259 [SCMBlockDeletingService#0] DEBUG block.SCMBlockDeletingService (SCMBlockDeletingService.java:call(133)) - Running DeletedBlockTransactionScanner
2021-08-11 08:47:10,338 [EventQueue-DeleteBlockStatusForDeletedBlockLogImpl] DEBUG block.DeletedBlockLogImpl (DeletedBlockLogImpl.java:isTransactionFailed(278)) - Got block deletion ACK from datanode, TXIDs=1, success=true
2021-08-11 08:47:10,338 [EventQueue-DeleteBlockStatusForDeletedBlockLogImpl] DEBUG block.DeletedBlockLogImpl (DeletedBlockLogImpl.java:commitTransactions(224)) - Transaction txId=1 commit by dnId=420b874f-857b-4c1c-9003-2dc7fb97d846 for containerID=#1 failed. Corresponding entry not found.
2021-08-11 08:47:10,338 [EventQueue-DeleteBlockStatusForDeletedBlockLogImpl] DEBUG block.DeletedBlockLogImpl (DeletedBlockLogImpl.java:isTransactionFailed(278)) - Got block deletion ACK from datanode, TXIDs=1, success=true
2021-08-11 08:47:10,338 [EventQueue-DeleteBlockStatusForDeletedBlockLogImpl] DEBUG block.DeletedBlockLogImpl (DeletedBlockLogImpl.java:commitTransactions(224)) - Transaction txId=1 commit by dnId=420b874f-857b-4c1c-9003-2dc7fb97d846 for containerID=#1 failed. Corresponding entry not found.
2021-08-11 08:47:10,338 [EventQueue-DeleteBlockStatusForDeletedBlockLogImpl] DEBUG block.DeletedBlockLogImpl (DeletedBlockLogImpl.java:isTransactionFailed(278)) - Got block deletion ACK from datanode, TXIDs=1, success=true
2021-08-11 08:47:10,338 [EventQueue-DeleteBlockStatusForDeletedBlockLogImpl] DEBUG block.DeletedBlockLogImpl (DeletedBlockLogImpl.java:commitTransactions(224)) - Transaction txId=1 commit by dnId=420b874f-857b-4c1c-9003-2dc7fb97d846 for containerID=#1 failed. Corresponding entry not found.
2021-08-11 08:47:10,338 [EventQueue-DeleteBlockStatusForDeletedBlockLogImpl] DEBUG block.DeletedBlockLogImpl (DeletedBlockLogImpl.java:isTransactionFailed(278)) - Got block deletion ACK from datanode, TXIDs=1, success=true
2021-08-11 08:47:10,338 [EventQueue-DeleteBlockStatusForDeletedBlockLogImpl] DEBUG block.DeletedBlockLogImpl (DeletedBlockLogImpl.java:commitTransactions(224)) - Transaction txId=1 commit by dnId=420b874f-857b-4c1c-9003-2dc7fb97d846 for containerID=#1 failed. Corresponding entry not found.
2021-08-11 08:47:10,338 [EventQueue-DeleteBlockStatusForDeletedBlockLogImpl] DEBUG block.DeletedBlockLogImpl (DeletedBlockLogImpl.java:isTransactionFailed(278)) - Got block deletion ACK from datanode, TXIDs=1, success=true
2021-08-11 08:47:10,338 [EventQueue-DeleteBlockStatusForDeletedBlockLogImpl] DEBUG block.DeletedBlockLogImpl (DeletedBlockLogImpl.java:commitTransactions(224)) - Transaction txId=1 commit by dnId=420b874f-857b-4c1c-9003-2dc7fb97d846 for containerID=#1 failed. Corresponding entry not found.
2021-08-11 08:47:10,338 [EventQueue-DeleteBlockStatusForDeletedBlockLogImpl] DEBUG block.DeletedBlockLogImpl (DeletedBlockLogImpl.java:isTransactionFailed(278)) - Got block deletion ACK from datanode, TXIDs=1, success=true
2021-08-11 08:47:10,338 [EventQueue-DeleteBlockStatusForDeletedBlockLogImpl] DEBUG block.DeletedBlockLogImpl (DeletedBlockLogImpl.java:commitTransactions(224)) - Transaction txId=1 commit by dnId=420b874f-857b-4c1c-9003-2dc7fb97d846 for containerID=#1 failed. Corresponding entry not found.
2021-08-11 08:47:10,359 [SCMBlockDeletingService#0] DEBUG block.SCMBlockDeletingService (SCMBlockDeletingService.java:call(133)) - Running DeletedBlockTransactionScanner
2021-08-11 08:47:10,459 [SCMBlockDeletingService#0] DEBUG block.SCMBlockDeletingService (SCMBlockDeletingService.java:call(133)) - Running DeletedBlockTransactionScanner
2021-08-11 08:47:10,559 [SCMBlockDeletingService#0] DEBUG block.SCMBlockDeletingService (SCMBlockDeletingService.java:call(133)) - Running DeletedBlockTransactionScanner
2021-08-11 08:47:10,659 [SCMBlockDeletingService#0] DEBUG block.SCMBlockDeletingService (SCMBlockDeletingService.java:call(133)) - Running DeletedBlockTransactionScanner
2021-08-11 08:47:10,759 [SCMBlockDeletingService#0] DEBUG block.SCMBlockDeletingService (SCMBlockDeletingService.java:call(133)) - Running DeletedBlockTransactionScanner
2021-08-11 08:47:10,859 [SCMBlockDeletingService#0] DEBUG block.SCMBlockDeletingService (SCMBlockDeletingService.java:call(133)) - Running DeletedBlockTransactionScanner
2021-08-11 08:47:10,959 [SCMBlockDeletingService#0] DEBUG block.SCMBlockDeletingService (SCMBlockDeletingService.java:call(133)) - Running DeletedBlockTransactionScanner
2021-08-11 08:47:11,059 [SCMBlockDeletingService#0] DEBUG block.SCMBlockDeletingService (SCMBlockDeletingService.java:call(133)) - Running DeletedBlockTransactionScanner
2021-08-11 08:47:11,159 [SCMBlockDeletingService#0] DEBUG block.SCMBlockDeletingService (SCMBlockDeletingService.java:call(133)) - Running DeletedBlockTransactionScanner
2021-08-11 08:47:11,259 [SCMBlockDeletingService#0] DEBUG block.SCMBlockDeletingService (SCMBlockDeletingService.java:call(133)) - Running DeletedBlockTransactionScanner
2021-08-11 08:47:11,270 [org.apache.hadoop.ozone.container.common.statemachine.commandhandler.DeleteBlocksCommandHandler$DeleteCmdWorker@2b6deb26] INFO  commandhandler.DeleteBlocksCommandHandler (DeleteBlocksCommandHandler.java:processCmd(261)) - Start to delete container blocks, TXIDs=[1(0)], numOfContainers=1, numOfBlocks=1
2021-08-11 08:47:11,270 [org.apache.hadoop.ozone.container.common.statemachine.commandhandler.DeleteBlocksCommandHandler$DeleteCmdWorker@2b6deb26] INFO  commandhandler.DeleteBlocksCommandHandler (DeleteBlocksCommandHandler.java:processCmd(261)) - Start to delete container blocks, TXIDs=[1(0)], numOfContainers=1, numOfBlocks=1
2021-08-11 08:47:11,271 [org.apache.hadoop.ozone.container.common.statemachine.commandhandler.DeleteBlocksCommandHandler$DeleteCmdWorker@2b6deb26] INFO  commandhandler.DeleteBlocksCommandHandler (DeleteBlocksCommandHandler.java:processCmd(261)) - Start to delete container blocks, TXIDs=[1(0)], numOfContainers=1, numOfBlocks=1
2021-08-11 08:47:11,271 [org.apache.hadoop.ozone.container.common.statemachine.commandhandler.DeleteBlocksCommandHandler$DeleteCmdWorker@2b6deb26] INFO  commandhandler.DeleteBlocksCommandHandler (DeleteBlocksCommandHandler.java:processCmd(261)) - Start to delete container blocks, TXIDs=[1(0)], numOfContainers=1, numOfBlocks=1
2021-08-11 08:47:11,271 [org.apache.hadoop.ozone.container.common.statemachine.commandhandler.DeleteBlocksCommandHandler$DeleteCmdWorker@2b6deb26] INFO  commandhandler.DeleteBlocksCommandHandler (DeleteBlocksCommandHandler.java:processCmd(261)) - Start to delete container blocks, TXIDs=[1(0)], numOfContainers=1, numOfBlocks=1
2021-08-11 08:47:11,271 [org.apache.hadoop.ozone.container.common.statemachine.commandhandler.DeleteBlocksCommandHandler$DeleteCmdWorker@2b6deb26] INFO  commandhandler.DeleteBlocksCommandHandler (DeleteBlocksCommandHandler.java:processCmd(261)) - Start to delete container blocks, TXIDs=[1(0)], numOfContainers=1, numOfBlocks=1
2021-08-11 08:47:11,359 [SCMBlockDeletingService#0] DEBUG block.SCMBlockDeletingService (SCMBlockDeletingService.java:call(133)) - Running DeletedBlockTransactionScanner
2021-08-11 08:47:11,460 [SCMBlockDeletingService#0] DEBUG block.SCMBlockDeletingService (SCMBlockDeletingService.java:call(133)) - Running DeletedBlockTransactionScanner
2021-08-11 08:47:11,527 [EventQueue-DeleteBlockStatusForDeletedBlockLogImpl] DEBUG block.DeletedBlockLogImpl (DeletedBlockLogImpl.java:isTransactionFailed(278)) - Got block deletion ACK from datanode, TXIDs=1, success=true
2021-08-11 08:47:11,527 [EventQueue-DeleteBlockStatusForDeletedBlockLogImpl] DEBUG block.DeletedBlockLogImpl (DeletedBlockLogImpl.java:commitTransactions(224)) - Transaction txId=1 commit by dnId=ae694f9c-4230-4382-bdc9-4a730a1d0d10 for containerID=#1 failed. Corresponding entry not found.
2021-08-11 08:47:11,528 [EventQueue-DeleteBlockStatusForDeletedBlockLogImpl] DEBUG block.DeletedBlockLogImpl (DeletedBlockLogImpl.java:isTransactionFailed(278)) - Got block deletion ACK from datanode, TXIDs=1, success=true
2021-08-11 08:47:11,528 [EventQueue-DeleteBlockStatusForDeletedBlockLogImpl] DEBUG block.DeletedBlockLogImpl (DeletedBlockLogImpl.java:commitTransactions(224)) - Transaction txId=1 commit by dnId=ae694f9c-4230-4382-bdc9-4a730a1d0d10 for containerID=#1 failed. Corresponding entry not found.
2021-08-11 08:47:11,528 [EventQueue-DeleteBlockStatusForDeletedBlockLogImpl] DEBUG block.DeletedBlockLogImpl (DeletedBlockLogImpl.java:isTransactionFailed(278)) - Got block deletion ACK from datanode, TXIDs=1, success=true
2021-08-11 08:47:11,528 [EventQueue-DeleteBlockStatusForDeletedBlockLogImpl] DEBUG block.DeletedBlockLogImpl (DeletedBlockLogImpl.java:commitTransactions(224)) - Transaction txId=1 commit by dnId=ae694f9c-4230-4382-bdc9-4a730a1d0d10 for containerID=#1 failed. Corresponding entry not found.
2021-08-11 08:47:11,528 [EventQueue-DeleteBlockStatusForDeletedBlockLogImpl] DEBUG block.DeletedBlockLogImpl (DeletedBlockLogImpl.java:isTransactionFailed(278)) - Got block deletion ACK from datanode, TXIDs=1, success=true
2021-08-11 08:47:11,528 [EventQueue-DeleteBlockStatusForDeletedBlockLogImpl] DEBUG block.DeletedBlockLogImpl (DeletedBlockLogImpl.java:commitTransactions(224)) - Transaction txId=1 commit by dnId=ae694f9c-4230-4382-bdc9-4a730a1d0d10 for containerID=#1 failed. Corresponding entry not found.
2021-08-11 08:47:11,528 [EventQueue-DeleteBlockStatusForDeletedBlockLogImpl] DEBUG block.DeletedBlockLogImpl (DeletedBlockLogImpl.java:isTransactionFailed(278)) - Got block deletion ACK from datanode, TXIDs=1, success=true
2021-08-11 08:47:11,528 [EventQueue-DeleteBlockStatusForDeletedBlockLogImpl] DEBUG block.DeletedBlockLogImpl (DeletedBlockLogImpl.java:commitTransactions(224)) - Transaction txId=1 commit by dnId=ae694f9c-4230-4382-bdc9-4a730a1d0d10 for containerID=#1 failed. Corresponding entry not found.
2021-08-11 08:47:11,528 [EventQueue-DeleteBlockStatusForDeletedBlockLogImpl] DEBUG block.DeletedBlockLogImpl (DeletedBlockLogImpl.java:isTransactionFailed(278)) - Got block deletion ACK from datanode, TXIDs=1, success=true
2021-08-11 08:47:11,528 [EventQueue-DeleteBlockStatusForDeletedBlockLogImpl] DEBUG block.DeletedBlockLogImpl (DeletedBlockLogImpl.java:commitTransactions(224)) - Transaction txId=1 commit by dnId=ae694f9c-4230-4382-bdc9-4a730a1d0d10 for containerID=#1 failed. Corresponding entry not found.
2021-08-11 08:47:11,560 [SCMBlockDeletingService#0] DEBUG block.SCMBlockDeletingService (SCMBlockDeletingService.java:call(133)) - Running DeletedBlockTransactionScanner
2021-08-11 08:47:11,661 [SCMBlockDeletingService#0] DEBUG block.SCMBlockDeletingService (SCMBlockDeletingService.java:call(133)) - Running DeletedBlockTransactionScanner
2021-08-11 08:47:11,753 [org.apache.hadoop.ozone.container.common.statemachine.commandhandler.DeleteBlocksCommandHandler$DeleteCmdWorker@e44a73a] INFO  commandhandler.DeleteBlocksCommandHandler (DeleteBlocksCommandHandler.java:processCmd(261)) - Start to delete container blocks, TXIDs=[1(0)], numOfContainers=1, numOfBlocks=1
2021-08-11 08:47:11,753 [org.apache.hadoop.ozone.container.common.statemachine.commandhandler.DeleteBlocksCommandHandler$DeleteCmdWorker@e44a73a] INFO  commandhandler.DeleteBlocksCommandHandler (DeleteBlocksCommandHandler.java:processCmd(261)) - Start to delete container blocks, TXIDs=[1(0)], numOfContainers=1, numOfBlocks=1
2021-08-11 08:47:11,753 [org.apache.hadoop.ozone.container.common.statemachine.commandhandler.DeleteBlocksCommandHandler$DeleteCmdWorker@e44a73a] INFO  commandhandler.DeleteBlocksCommandHandler (DeleteBlocksCommandHandler.java:processCmd(261)) - Start to delete container blocks, TXIDs=[1(0)], numOfContainers=1, numOfBlocks=1
2021-08-11 08:47:11,754 [org.apache.hadoop.ozone.container.common.statemachine.commandhandler.DeleteBlocksCommandHandler$DeleteCmdWorker@e44a73a] INFO  commandhandler.DeleteBlocksCommandHandler (DeleteBlocksCommandHandler.java:processCmd(261)) - Start to delete container blocks, TXIDs=[1(0)], numOfContainers=1, numOfBlocks=1
2021-08-11 08:47:11,761 [SCMBlockDeletingService#0] DEBUG block.SCMBlockDeletingService (SCMBlockDeletingService.java:call(133)) - Running DeletedBlockTransactionScanner
2021-08-11 08:47:11,861 [SCMBlockDeletingService#0] DEBUG block.SCMBlockDeletingService (SCMBlockDeletingService.java:call(133)) - Running DeletedBlockTransactionScanner
2021-08-11 08:47:11,943 [EventQueue-DeleteBlockStatusForDeletedBlockLogImpl] DEBUG block.DeletedBlockLogImpl (DeletedBlockLogImpl.java:isTransactionFailed(278)) - Got block deletion ACK from datanode, TXIDs=1, success=true
2021-08-11 08:47:11,943 [EventQueue-DeleteBlockStatusForDeletedBlockLogImpl] DEBUG block.DeletedBlockLogImpl (DeletedBlockLogImpl.java:commitTransactions(224)) - Transaction txId=1 commit by dnId=109ac5ad-939f-490b-bf91-0dce67b5b01f for containerID=#1 failed. Corresponding entry not found.
2021-08-11 08:47:11,943 [EventQueue-DeleteBlockStatusForDeletedBlockLogImpl] DEBUG block.DeletedBlockLogImpl (DeletedBlockLogImpl.java:isTransactionFailed(278)) - Got block deletion ACK from datanode, TXIDs=1, success=true
2021-08-11 08:47:11,944 [EventQueue-DeleteBlockStatusForDeletedBlockLogImpl] DEBUG block.DeletedBlockLogImpl (DeletedBlockLogImpl.java:commitTransactions(224)) - Transaction txId=1 commit by dnId=109ac5ad-939f-490b-bf91-0dce67b5b01f for containerID=#1 failed. Corresponding entry not found.
2021-08-11 08:47:11,944 [EventQueue-DeleteBlockStatusForDeletedBlockLogImpl] DEBUG block.DeletedBlockLogImpl (DeletedBlockLogImpl.java:isTransactionFailed(278)) - Got block deletion ACK from datanode, TXIDs=1, success=true
2021-08-11 08:47:11,944 [EventQueue-DeleteBlockStatusForDeletedBlockLogImpl] DEBUG block.DeletedBlockLogImpl (DeletedBlockLogImpl.java:commitTransactions(224)) - Transaction txId=1 commit by dnId=109ac5ad-939f-490b-bf91-0dce67b5b01f for containerID=#1 failed. Corresponding entry not found.
2021-08-11 08:47:11,944 [EventQueue-DeleteBlockStatusForDeletedBlockLogImpl] DEBUG block.DeletedBlockLogImpl (DeletedBlockLogImpl.java:isTransactionFailed(278)) - Got block deletion ACK from datanode, TXIDs=1, success=true
2021-08-11 08:47:11,944 [EventQueue-DeleteBlockStatusForDeletedBlockLogImpl] DEBUG block.DeletedBlockLogImpl (DeletedBlockLogImpl.java:commitTransactions(224)) - Transaction txId=1 commit by dnId=109ac5ad-939f-490b-bf91-0dce67b5b01f for containerID=#1 failed. Corresponding entry not found.
2021-08-11 08:47:11,961 [SCMBlockDeletingService#0] DEBUG block.SCMBlockDeletingService (SCMBlockDeletingService.java:call(133)) - Running DeletedBlockTransactionScanner
2021-08-11 08:47:12,061 [SCMBlockDeletingService#0] DEBUG block.SCMBlockDeletingService (SCMBlockDeletingService.java:call(133)) - Running DeletedBlockTransactionScanner
2021-08-11 08:47:12,161 [SCMBlockDeletingService#0] DEBUG block.SCMBlockDeletingService (SCMBlockDeletingService.java:call(133)) - Running DeletedBlockTransactionScanner
2021-08-11 08:47:12,261 [SCMBlockDeletingService#0] DEBUG block.SCMBlockDeletingService (SCMBlockDeletingService.java:call(133)) - Running DeletedBlockTransactionScanner
2021-08-11 08:47:12,325 [Datanode State Machine Thread - 0] INFO  statemachine.DatanodeStateMachine (DatanodeStateMachine.java:lambda$startDaemon$0(457)) - Ozone container server started.
2021-08-11 08:47:12,361 [SCMBlockDeletingService#0] DEBUG block.SCMBlockDeletingService (SCMBlockDeletingService.java:call(133)) - Running DeletedBlockTransactionScanner
2021-08-11 08:47:12,461 [SCMBlockDeletingService#0] DEBUG block.SCMBlockDeletingService (SCMBlockDeletingService.java:call(133)) - Running DeletedBlockTransactionScanner
2021-08-11 08:47:12,561 [SCMBlockDeletingService#0] DEBUG block.SCMBlockDeletingService (SCMBlockDeletingService.java:call(133)) - Running DeletedBlockTransactionScanner
2021-08-11 08:47:12,661 [SCMBlockDeletingService#0] DEBUG block.SCMBlockDeletingService (SCMBlockDeletingService.java:call(133)) - Running DeletedBlockTransactionScanner
2021-08-11 08:47:12,761 [SCMBlockDeletingService#0] DEBUG block.SCMBlockDeletingService (SCMBlockDeletingService.java:call(133)) - Running DeletedBlockTransactionScanner
2021-08-11 08:47:12,861 [SCMBlockDeletingService#0] DEBUG block.SCMBlockDeletingService (SCMBlockDeletingService.java:call(133)) - Running DeletedBlockTransactionScanner
2021-08-11 08:47:12,962 [SCMBlockDeletingService#0] DEBUG block.SCMBlockDeletingService (SCMBlockDeletingService.java:call(133)) - Running DeletedBlockTransactionScanner
2021-08-11 08:47:13,063 [SCMBlockDeletingService#0] DEBUG block.SCMBlockDeletingService (SCMBlockDeletingService.java:call(133)) - Running DeletedBlockTransactionScanner
2021-08-11 08:47:13,163 [SCMBlockDeletingService#0] DEBUG block.SCMBlockDeletingService (SCMBlockDeletingService.java:call(133)) - Running DeletedBlockTransactionScanner
2021-08-11 08:47:13,263 [SCMBlockDeletingService#0] DEBUG block.SCMBlockDeletingService (SCMBlockDeletingService.java:call(133)) - Running DeletedBlockTransactionScanner
2021-08-11 08:47:13,363 [SCMBlockDeletingService#0] DEBUG block.SCMBlockDeletingService (SCMBlockDeletingService.java:call(133)) - Running DeletedBlockTransactionScanner
2021-08-11 08:47:13,463 [SCMBlockDeletingService#0] DEBUG block.SCMBlockDeletingService (SCMBlockDeletingService.java:call(133)) - Running DeletedBlockTransactionScanner
2021-08-11 08:47:13,563 [SCMBlockDeletingService#0] DEBUG block.SCMBlockDeletingService (SCMBlockDeletingService.java:call(133)) - Running DeletedBlockTransactionScanner
2021-08-11 08:47:13,663 [SCMBlockDeletingService#0] DEBUG block.SCMBlockDeletingService (SCMBlockDeletingService.java:call(133)) - Running DeletedBlockTransactionScanner
2021-08-11 08:47:13,763 [SCMBlockDeletingService#0] DEBUG block.SCMBlockDeletingService (SCMBlockDeletingService.java:call(133)) - Running DeletedBlockTransactionScanner
2021-08-11 08:47:13,863 [SCMBlockDeletingService#0] DEBUG block.SCMBlockDeletingService (SCMBlockDeletingService.java:call(133)) - Running DeletedBlockTransactionScanner
2021-08-11 08:47:13,963 [SCMBlockDeletingService#0] DEBUG block.SCMBlockDeletingService (SCMBlockDeletingService.java:call(133)) - Running DeletedBlockTransactionScanner
2021-08-11 08:47:14,063 [SCMBlockDeletingService#0] DEBUG block.SCMBlockDeletingService (SCMBlockDeletingService.java:call(133)) - Running DeletedBlockTransactionScanner
2021-08-11 08:47:14,163 [SCMBlockDeletingService#0] DEBUG block.SCMBlockDeletingService (SCMBlockDeletingService.java:call(133)) - Running DeletedBlockTransactionScanner
2021-08-11 08:47:14,264 [SCMBlockDeletingService#0] DEBUG block.SCMBlockDeletingService (SCMBlockDeletingService.java:call(133)) - Running DeletedBlockTransactionScanner
2021-08-11 08:47:14,364 [SCMBlockDeletingService#0] DEBUG block.SCMBlockDeletingService (SCMBlockDeletingService.java:call(133)) - Running DeletedBlockTransactionScanner
2021-08-11 08:47:14,464 [SCMBlockDeletingService#0] DEBUG block.SCMBlockDeletingService (SCMBlockDeletingService.java:call(133)) - Running DeletedBlockTransactionScanner
2021-08-11 08:47:14,564 [SCMBlockDeletingService#0] DEBUG block.SCMBlockDeletingService (SCMBlockDeletingService.java:call(133)) - Running DeletedBlockTransactionScanner
2021-08-11 08:47:14,664 [SCMBlockDeletingService#0] DEBUG block.SCMBlockDeletingService (SCMBlockDeletingService.java:call(133)) - Running DeletedBlockTransactionScanner
2021-08-11 08:47:14,764 [SCMBlockDeletingService#0] DEBUG block.SCMBlockDeletingService (SCMBlockDeletingService.java:call(133)) - Running DeletedBlockTransactionScanner
2021-08-11 08:47:14,864 [SCMBlockDeletingService#0] DEBUG block.SCMBlockDeletingService (SCMBlockDeletingService.java:call(133)) - Running DeletedBlockTransactionScanner
2021-08-11 08:47:14,964 [SCMBlockDeletingService#0] DEBUG block.SCMBlockDeletingService (SCMBlockDeletingService.java:call(133)) - Running DeletedBlockTransactionScanner
2021-08-11 08:47:15,064 [SCMBlockDeletingService#0] DEBUG block.SCMBlockDeletingService (SCMBlockDeletingService.java:call(133)) - Running DeletedBlockTransactionScanner
2021-08-11 08:47:15,132 [EventQueue-StaleNodeForStaleNodeHandler] INFO  node.StaleNodeHandler (StaleNodeHandler.java:onMessage(58)) - Datanode ae694f9c-4230-4382-bdc9-4a730a1d0d10{ip: 10.1.0.43, host: fv-az291-953.wgnan5asplgejimfprtllbpdch.jx.internal.cloudapp.net, ports: [REPLICATION=41367, RATIS=34969, RATIS_ADMIN=34969, RATIS_SERVER=34969, STANDALONE=42147], networkLocation: /default-rack, certSerialId: null, persistedOpState: IN_SERVICE, persistedOpStateExpiryEpochSec: 0} moved to stale state. Finalizing its pipelines [PipelineID=6d1ce88c-fb58-4f21-926f-0ff0947762bf]
2021-08-11 08:47:15,132 [EventQueue-StaleNodeForStaleNodeHandler] INFO  pipeline.PipelineManagerImpl (PipelineManagerImpl.java:closePipeline(343)) - Pipeline Pipeline[ Id: 6d1ce88c-fb58-4f21-926f-0ff0947762bf, Nodes: 109ac5ad-939f-490b-bf91-0dce67b5b01f{ip: 10.1.0.43, host: fv-az291-953.wgnan5asplgejimfprtllbpdch.jx.internal.cloudapp.net, ports: [REPLICATION=37559, RATIS=46857, RATIS_ADMIN=46857, RATIS_SERVER=46857, STANDALONE=44477], networkLocation: /default-rack, certSerialId: null, persistedOpState: IN_SERVICE, persistedOpStateExpiryEpochSec: 0}ae694f9c-4230-4382-bdc9-4a730a1d0d10{ip: 10.1.0.43, host: fv-az291-953.wgnan5asplgejimfprtllbpdch.jx.internal.cloudapp.net, ports: [REPLICATION=41367, RATIS=34969, RATIS_ADMIN=34969, RATIS_SERVER=34969, STANDALONE=42147], networkLocation: /default-rack, certSerialId: null, persistedOpState: IN_SERVICE, persistedOpStateExpiryEpochSec: 0}420b874f-857b-4c1c-9003-2dc7fb97d846{ip: 10.1.0.43, host: fv-az291-953.wgnan5asplgejimfprtllbpdch.jx.internal.cloudapp.net, ports: [REPLICATION=42787, RATIS=37267, RATIS_ADMIN=37267, RATIS_SERVER=37267, STANDALONE=39267], networkLocation: /default-rack, certSerialId: null, persistedOpState: IN_SERVICE, persistedOpStateExpiryEpochSec: 0}, ReplicationConfig: RATIS/THREE, State:OPEN, leaderId:ae694f9c-4230-4382-bdc9-4a730a1d0d10, CreationTimestamp2021-08-11T08:46:46.244Z[Etc/UTC]] moved to CLOSED state
2021-08-11 08:47:15,164 [SCMBlockDeletingService#0] DEBUG block.SCMBlockDeletingService (SCMBlockDeletingService.java:call(133)) - Running DeletedBlockTransactionScanner
2021-08-11 08:47:15,264 [SCMBlockDeletingService#0] DEBUG block.SCMBlockDeletingService (SCMBlockDeletingService.java:call(133)) - Running DeletedBlockTransactionScanner
2021-08-11 08:47:15,364 [SCMBlockDeletingService#0] DEBUG block.SCMBlockDeletingService (SCMBlockDeletingService.java:call(133)) - Running DeletedBlockTransactionScanner
2021-08-11 08:47:15,464 [SCMBlockDeletingService#0] DEBUG block.SCMBlockDeletingService (SCMBlockDeletingService.java:call(133)) - Running DeletedBlockTransactionScanner
2021-08-11 08:47:15,564 [SCMBlockDeletingService#0] DEBUG block.SCMBlockDeletingService (SCMBlockDeletingService.java:call(133)) - Running DeletedBlockTransactionScanner
2021-08-11 08:47:15,665 [SCMBlockDeletingService#0] DEBUG block.SCMBlockDeletingService (SCMBlockDeletingService.java:call(133)) - Running DeletedBlockTransactionScanner
2021-08-11 08:47:15,765 [SCMBlockDeletingService#0] DEBUG block.SCMBlockDeletingService (SCMBlockDeletingService.java:call(133)) - Running DeletedBlockTransactionScanner
2021-08-11 08:47:15,865 [SCMBlockDeletingService#0] DEBUG block.SCMBlockDeletingService (SCMBlockDeletingService.java:call(133)) - Running DeletedBlockTransactionScanner
2021-08-11 08:47:15,965 [SCMBlockDeletingService#0] DEBUG block.SCMBlockDeletingService (SCMBlockDeletingService.java:call(133)) - Running DeletedBlockTransactionScanner
2021-08-11 08:47:16,065 [SCMBlockDeletingService#0] DEBUG block.SCMBlockDeletingService (SCMBlockDeletingService.java:call(133)) - Running DeletedBlockTransactionScanner
2021-08-11 08:47:16,165 [SCMBlockDeletingService#0] DEBUG block.SCMBlockDeletingService (SCMBlockDeletingService.java:call(133)) - Running DeletedBlockTransactionScanner
2021-08-11 08:47:16,265 [SCMBlockDeletingService#0] DEBUG block.SCMBlockDeletingService (SCMBlockDeletingService.java:call(133)) - Running DeletedBlockTransactionScanner
2021-08-11 08:47:16,365 [SCMBlockDeletingService#0] DEBUG block.SCMBlockDeletingService (SCMBlockDeletingService.java:call(133)) - Running DeletedBlockTransactionScanner
2021-08-11 08:47:16,465 [SCMBlockDeletingService#0] DEBUG block.SCMBlockDeletingService (SCMBlockDeletingService.java:call(133)) - Running DeletedBlockTransactionScanner
2021-08-11 08:47:16,565 [SCMBlockDeletingService#0] DEBUG block.SCMBlockDeletingService (SCMBlockDeletingService.java:call(133)) - Running DeletedBlockTransactionScanner
2021-08-11 08:47:16,665 [SCMBlockDeletingService#0] DEBUG block.SCMBlockDeletingService (SCMBlockDeletingService.java:call(133)) - Running DeletedBlockTransactionScanner
2021-08-11 08:47:16,765 [SCMBlockDeletingService#0] DEBUG block.SCMBlockDeletingService (SCMBlockDeletingService.java:call(133)) - Running DeletedBlockTransactionScanner
2021-08-11 08:47:16,866 [SCMBlockDeletingService#0] DEBUG block.SCMBlockDeletingService (SCMBlockDeletingService.java:call(133)) - Running DeletedBlockTransactionScanner
2021-08-11 08:47:16,966 [SCMBlockDeletingService#0] DEBUG block.SCMBlockDeletingService (SCMBlockDeletingService.java:call(133)) - Running DeletedBlockTransactionScanner
2021-08-11 08:47:17,066 [SCMBlockDeletingService#0] DEBUG block.SCMBlockDeletingService (SCMBlockDeletingService.java:call(133)) - Running DeletedBlockTransactionScanner
2021-08-11 08:47:17,166 [SCMBlockDeletingService#0] DEBUG block.SCMBlockDeletingService (SCMBlockDeletingService.java:call(133)) - Running DeletedBlockTransactionScanner
2021-08-11 08:47:17,266 [SCMBlockDeletingService#0] DEBUG block.SCMBlockDeletingService (SCMBlockDeletingService.java:call(133)) - Running DeletedBlockTransactionScanner
2021-08-11 08:47:17,324 [Listener at 127.0.0.1/34095] INFO  ozoneimpl.OzoneContainer (OzoneContainer.java:stop(326)) - Attempting to stop container services.
2021-08-11 08:47:17,326 [Listener at 127.0.0.1/34095] INFO  server.RaftServer (RaftServerProxy.java:lambda$close$6(391)) - ae694f9c-4230-4382-bdc9-4a730a1d0d10: close
2021-08-11 08:47:17,326 [Listener at 127.0.0.1/34095] INFO  server.RaftServer$Division (RaftServerImpl.java:lambda$close$4(407)) - ae694f9c-4230-4382-bdc9-4a730a1d0d10@group-0FF0947762BF: shutdown
2021-08-11 08:47:17,327 [Listener at 127.0.0.1/34095] INFO  util.JmxRegister (JmxRegister.java:unregister(73)) - Successfully un-registered JMX Bean with object name Ratis:service=RaftServer,group=group-0FF0947762BF,id=ae694f9c-4230-4382-bdc9-4a730a1d0d10
2021-08-11 08:47:17,327 [Listener at 127.0.0.1/34095] INFO  impl.RoleInfo (RoleInfo.java:shutdownLeaderState(91)) - ae694f9c-4230-4382-bdc9-4a730a1d0d10: shutdown ae694f9c-4230-4382-bdc9-4a730a1d0d10@group-0FF0947762BF-LeaderStateImpl
2021-08-11 08:47:17,330 [ae694f9c-4230-4382-bdc9-4a730a1d0d10@group-0FF0947762BF->420b874f-857b-4c1c-9003-2dc7fb97d846-GrpcLogAppender-LogAppenderDaemon] WARN  server.GrpcLogAppender (GrpcLogAppender.java:mayWait(175)) - ae694f9c-4230-4382-bdc9-4a730a1d0d10@group-0FF0947762BF->420b874f-857b-4c1c-9003-2dc7fb97d846-GrpcLogAppender: Wait interrupted by java.lang.InterruptedException
2021-08-11 08:47:17,330 [ae694f9c-4230-4382-bdc9-4a730a1d0d10@group-0FF0947762BF->109ac5ad-939f-490b-bf91-0dce67b5b01f-GrpcLogAppender-LogAppenderDaemon] WARN  server.GrpcLogAppender (GrpcLogAppender.java:mayWait(175)) - ae694f9c-4230-4382-bdc9-4a730a1d0d10@group-0FF0947762BF->109ac5ad-939f-490b-bf91-0dce67b5b01f-GrpcLogAppender: Wait interrupted by java.lang.InterruptedException
2021-08-11 08:47:17,331 [grpc-default-executor-0] INFO  server.GrpcServerProtocolService (GrpcServerProtocolService.java:onCompleted(140)) - 420b874f-857b-4c1c-9003-2dc7fb97d846: Completed APPEND_ENTRIES, lastRequest: ae694f9c-4230-4382-bdc9-4a730a1d0d10->420b874f-857b-4c1c-9003-2dc7fb97d846#288-t3,previous=(t:3, i:13),leaderCommit=13,initializing? true,entries: size=1, first=(t:3, i:14), METADATAENTRY(c:13)
2021-08-11 08:47:17,331 [Listener at 127.0.0.1/34095] INFO  impl.PendingRequests (PendingRequests.java:sendNotLeaderResponses(249)) - ae694f9c-4230-4382-bdc9-4a730a1d0d10@group-0FF0947762BF-PendingRequests: sendNotLeaderResponses
2021-08-11 08:47:17,331 [grpc-default-executor-2] INFO  server.GrpcServerProtocolService (GrpcServerProtocolService.java:onCompleted(140)) - 109ac5ad-939f-490b-bf91-0dce67b5b01f: Completed APPEND_ENTRIES, lastRequest: ae694f9c-4230-4382-bdc9-4a730a1d0d10->109ac5ad-939f-490b-bf91-0dce67b5b01f#299-t3,previous=(t:3, i:13),leaderCommit=13,initializing? true,entries: size=1, first=(t:3, i:14), METADATAENTRY(c:13)
2021-08-11 08:47:17,332 [grpc-default-executor-1] INFO  server.GrpcLogAppender (GrpcLogAppender.java:onCompleted(344)) - ae694f9c-4230-4382-bdc9-4a730a1d0d10@group-0FF0947762BF->109ac5ad-939f-490b-bf91-0dce67b5b01f-AppendLogResponseHandler: follower responses appendEntries COMPLETED
2021-08-11 08:47:17,332 [grpc-default-executor-1] INFO  leader.FollowerInfo (FollowerInfoImpl.java:lambda$new$0(46)) - ae694f9c-4230-4382-bdc9-4a730a1d0d10@group-0FF0947762BF->109ac5ad-939f-490b-bf91-0dce67b5b01f: nextIndex: updateUnconditionally 15 -> 14
2021-08-11 08:47:17,338 [grpc-default-executor-2] INFO  server.GrpcLogAppender (GrpcLogAppender.java:onCompleted(344)) - ae694f9c-4230-4382-bdc9-4a730a1d0d10@group-0FF0947762BF->420b874f-857b-4c1c-9003-2dc7fb97d846-AppendLogResponseHandler: follower responses appendEntries COMPLETED
2021-08-11 08:47:17,338 [grpc-default-executor-2] INFO  leader.FollowerInfo (FollowerInfoImpl.java:lambda$new$0(46)) - ae694f9c-4230-4382-bdc9-4a730a1d0d10@group-0FF0947762BF->420b874f-857b-4c1c-9003-2dc7fb97d846: nextIndex: updateUnconditionally 15 -> 14
2021-08-11 08:47:17,343 [ae694f9c-4230-4382-bdc9-4a730a1d0d10@group-0FF0947762BF-StateMachineUpdater] INFO  ratis.ContainerStateMachine (ContainerStateMachine.java:takeSnapshot(291)) - group-0FF0947762BF: Taking a snapshot at:(t:3, i:14) file /home/runner/work/ozone/ozone/hadoop-ozone/integration-test/target/test-dir/MiniOzoneClusterImpl-c4fb58e9-55df-43b6-ac52-1e7b71033b91/datanode-0/data/ratis/6d1ce88c-fb58-4f21-926f-0ff0947762bf/sm/snapshot.3_14
2021-08-11 08:47:17,344 [Listener at 127.0.0.1/34095] INFO  impl.StateMachineUpdater (StateMachineUpdater.java:stopAndJoin(149)) - ae694f9c-4230-4382-bdc9-4a730a1d0d10@group-0FF0947762BF-StateMachineUpdater: set stopIndex = 14
2021-08-11 08:47:17,345 [ae694f9c-4230-4382-bdc9-4a730a1d0d10@group-0FF0947762BF-StateMachineUpdater] INFO  ratis.ContainerStateMachine (ContainerStateMachine.java:takeSnapshot(302)) - group-0FF0947762BF: Finished taking a snapshot at:(t:3, i:14) file:/home/runner/work/ozone/ozone/hadoop-ozone/integration-test/target/test-dir/MiniOzoneClusterImpl-c4fb58e9-55df-43b6-ac52-1e7b71033b91/datanode-0/data/ratis/6d1ce88c-fb58-4f21-926f-0ff0947762bf/sm/snapshot.3_14 took: 1 ms
2021-08-11 08:47:17,345 [ae694f9c-4230-4382-bdc9-4a730a1d0d10@group-0FF0947762BF-StateMachineUpdater] INFO  impl.StateMachineUpdater (StateMachineUpdater.java:takeSnapshot(281)) - ae694f9c-4230-4382-bdc9-4a730a1d0d10@group-0FF0947762BF-StateMachineUpdater: Took a snapshot at index 14
2021-08-11 08:47:17,345 [ae694f9c-4230-4382-bdc9-4a730a1d0d10@group-0FF0947762BF-StateMachineUpdater] INFO  impl.StateMachineUpdater (StateMachineUpdater.java:lambda$new$0(89)) - ae694f9c-4230-4382-bdc9-4a730a1d0d10@group-0FF0947762BF-StateMachineUpdater: snapshotIndex: updateIncreasingly -1 -> 14
2021-08-11 08:47:17,352 [Listener at 127.0.0.1/34095] INFO  server.RaftServer$Division (ServerState.java:close(419)) - ae694f9c-4230-4382-bdc9-4a730a1d0d10@group-0FF0947762BF: closes. applyIndex: 14
2021-08-11 08:47:17,352 [ae694f9c-4230-4382-bdc9-4a730a1d0d10@group-0FF0947762BF-SegmentedRaftLogWorker] INFO  segmented.SegmentedRaftLogWorker (SegmentedRaftLogWorker.java:run(327)) - ae694f9c-4230-4382-bdc9-4a730a1d0d10@group-0FF0947762BF-SegmentedRaftLogWorker was interrupted, exiting. There are 0 tasks remaining in the queue.
2021-08-11 08:47:17,353 [Listener at 127.0.0.1/34095] INFO  segmented.SegmentedRaftLogWorker (SegmentedRaftLogWorker.java:close(237)) - ae694f9c-4230-4382-bdc9-4a730a1d0d10@group-0FF0947762BF-SegmentedRaftLogWorker close()
2021-08-11 08:47:17,354 [Listener at 127.0.0.1/34095] INFO  server.GrpcService (GrpcService.java:closeImpl(262)) - ae694f9c-4230-4382-bdc9-4a730a1d0d10: shutdown server with port 34969 now
2021-08-11 08:47:17,366 [SCMBlockDeletingService#0] DEBUG block.SCMBlockDeletingService (SCMBlockDeletingService.java:call(133)) - Running DeletedBlockTransactionScanner
2021-08-11 08:47:17,368 [Listener at 127.0.0.1/34095] INFO  server.GrpcService (GrpcService.java:closeImpl(271)) - ae694f9c-4230-4382-bdc9-4a730a1d0d10: shutdown server with port 34969 successfully
2021-08-11 08:47:17,368 [org.apache.ratis.util.JvmPauseMonitor$$Lambda$531/124654028@3b7c2695] INFO  util.JvmPauseMonitor (JvmPauseMonitor.java:run(109)) - JvmPauseMonitor-ae694f9c-4230-4382-bdc9-4a730a1d0d10: Stopped
2021-08-11 08:47:17,370 [Listener at 127.0.0.1/34095] INFO  utils.BackgroundService (BackgroundService.java:shutdown(132)) - Shutting down service BlockDeletingService
2021-08-11 08:47:17,466 [SCMBlockDeletingService#0] DEBUG block.SCMBlockDeletingService (SCMBlockDeletingService.java:call(133)) - Running DeletedBlockTransactionScanner
2021-08-11 08:47:17,566 [SCMBlockDeletingService#0] DEBUG block.SCMBlockDeletingService (SCMBlockDeletingService.java:call(133)) - Running DeletedBlockTransactionScanner
2021-08-11 08:47:17,666 [SCMBlockDeletingService#0] DEBUG block.SCMBlockDeletingService (SCMBlockDeletingService.java:call(133)) - Running DeletedBlockTransactionScanner
2021-08-11 08:47:17,766 [SCMBlockDeletingService#0] DEBUG block.SCMBlockDeletingService (SCMBlockDeletingService.java:call(133)) - Running DeletedBlockTransactionScanner
2021-08-11 08:47:17,866 [SCMBlockDeletingService#0] DEBUG block.SCMBlockDeletingService (SCMBlockDeletingService.java:call(133)) - Running DeletedBlockTransactionScanner
2021-08-11 08:47:17,966 [SCMBlockDeletingService#0] DEBUG block.SCMBlockDeletingService (SCMBlockDeletingService.java:call(133)) - Running DeletedBlockTransactionScanner
2021-08-11 08:47:18,066 [SCMBlockDeletingService#0] DEBUG block.SCMBlockDeletingService (SCMBlockDeletingService.java:call(133)) - Running DeletedBlockTransactionScanner
2021-08-11 08:47:18,167 [SCMBlockDeletingService#0] DEBUG block.SCMBlockDeletingService (SCMBlockDeletingService.java:call(133)) - Running DeletedBlockTransactionScanner
2021-08-11 08:47:18,267 [SCMBlockDeletingService#0] DEBUG block.SCMBlockDeletingService (SCMBlockDeletingService.java:call(133)) - Running DeletedBlockTransactionScanner
2021-08-11 08:47:18,368 [SCMBlockDeletingService#0] DEBUG block.SCMBlockDeletingService (SCMBlockDeletingService.java:call(133)) - Running DeletedBlockTransactionScanner
2021-08-11 08:47:18,468 [SCMBlockDeletingService#0] DEBUG block.SCMBlockDeletingService (SCMBlockDeletingService.java:call(133)) - Running DeletedBlockTransactionScanner
2021-08-11 08:47:18,568 [SCMBlockDeletingService#0] DEBUG block.SCMBlockDeletingService (SCMBlockDeletingService.java:call(133)) - Running DeletedBlockTransactionScanner
2021-08-11 08:47:18,668 [SCMBlockDeletingService#0] DEBUG block.SCMBlockDeletingService (SCMBlockDeletingService.java:call(133)) - Running DeletedBlockTransactionScanner
2021-08-11 08:47:18,769 [SCMBlockDeletingService#0] DEBUG block.SCMBlockDeletingService (SCMBlockDeletingService.java:call(133)) - Running DeletedBlockTransactionScanner
2021-08-11 08:47:18,869 [SCMBlockDeletingService#0] DEBUG block.SCMBlockDeletingService (SCMBlockDeletingService.java:call(133)) - Running DeletedBlockTransactionScanner
2021-08-11 08:47:18,969 [SCMBlockDeletingService#0] DEBUG block.SCMBlockDeletingService (SCMBlockDeletingService.java:call(133)) - Running DeletedBlockTransactionScanner
2021-08-11 08:47:19,069 [SCMBlockDeletingService#0] DEBUG block.SCMBlockDeletingService (SCMBlockDeletingService.java:call(133)) - Running DeletedBlockTransactionScanner
2021-08-11 08:47:19,169 [SCMBlockDeletingService#0] DEBUG block.SCMBlockDeletingService (SCMBlockDeletingService.java:call(133)) - Running DeletedBlockTransactionScanner
2021-08-11 08:47:19,269 [SCMBlockDeletingService#0] DEBUG block.SCMBlockDeletingService (SCMBlockDeletingService.java:call(133)) - Running DeletedBlockTransactionScanner
2021-08-11 08:47:19,369 [SCMBlockDeletingService#0] DEBUG block.SCMBlockDeletingService (SCMBlockDeletingService.java:call(133)) - Running DeletedBlockTransactionScanner
2021-08-11 08:47:19,469 [SCMBlockDeletingService#0] DEBUG block.SCMBlockDeletingService (SCMBlockDeletingService.java:call(133)) - Running DeletedBlockTransactionScanner
2021-08-11 08:47:19,569 [SCMBlockDeletingService#0] DEBUG block.SCMBlockDeletingService (SCMBlockDeletingService.java:call(133)) - Running DeletedBlockTransactionScanner
2021-08-11 08:47:19,669 [SCMBlockDeletingService#0] DEBUG block.SCMBlockDeletingService (SCMBlockDeletingService.java:call(133)) - Running DeletedBlockTransactionScanner
2021-08-11 08:47:19,769 [SCMBlockDeletingService#0] DEBUG block.SCMBlockDeletingService (SCMBlockDeletingService.java:call(133)) - Running DeletedBlockTransactionScanner
2021-08-11 08:47:19,870 [SCMBlockDeletingService#0] DEBUG block.SCMBlockDeletingService (SCMBlockDeletingService.java:call(133)) - Running DeletedBlockTransactionScanner
2021-08-11 08:47:19,970 [SCMBlockDeletingService#0] DEBUG block.SCMBlockDeletingService (SCMBlockDeletingService.java:call(133)) - Running DeletedBlockTransactionScanner
2021-08-11 08:47:20,070 [SCMBlockDeletingService#0] DEBUG block.SCMBlockDeletingService (SCMBlockDeletingService.java:call(133)) - Running DeletedBlockTransactionScanner
2021-08-11 08:47:20,170 [SCMBlockDeletingService#0] DEBUG block.SCMBlockDeletingService (SCMBlockDeletingService.java:call(133)) - Running DeletedBlockTransactionScanner
2021-08-11 08:47:20,270 [SCMBlockDeletingService#0] DEBUG block.SCMBlockDeletingService (SCMBlockDeletingService.java:call(133)) - Running DeletedBlockTransactionScanner
2021-08-11 08:47:20,370 [SCMBlockDeletingService#0] DEBUG block.SCMBlockDeletingService (SCMBlockDeletingService.java:call(133)) - Running DeletedBlockTransactionScanner
2021-08-11 08:47:20,383 [Listener at 127.0.0.1/34095] INFO  statemachine.DatanodeStateMachine (DatanodeStateMachine.java:stopDaemon(515)) - Ozone container server stopped.
2021-08-11 08:47:20,384 [Listener at 127.0.0.1/34095] INFO  handler.ContextHandler (ContextHandler.java:doStop(1153)) - Stopped o.e.j.w.WebAppContext@44fc80a0{hddsDatanode,/,null,STOPPED}{jar:file:/home/runner/.m2/repository/org/apache/ozone/hdds-container-service/1.2.0-SNAPSHOT/hdds-container-service-1.2.0-SNAPSHOT.jar!/webapps/hddsDatanode}
2021-08-11 08:47:20,385 [Listener at 127.0.0.1/34095] INFO  server.AbstractConnector (AbstractConnector.java:doStop(381)) - Stopped ServerConnector@7d425bf1{HTTP/1.1, (http/1.1)}{0.0.0.0:0}
2021-08-11 08:47:20,385 [Listener at 127.0.0.1/34095] INFO  server.session (HouseKeeper.java:stopScavenging(149)) - node0 Stopped scavenging
2021-08-11 08:47:20,385 [Listener at 127.0.0.1/34095] INFO  handler.ContextHandler (ContextHandler.java:doStop(1153)) - Stopped o.e.j.s.ServletContextHandler@2412347c{static,/static,jar:file:/home/runner/.m2/repository/org/apache/ozone/hdds-container-service/1.2.0-SNAPSHOT/hdds-container-service-1.2.0-SNAPSHOT.jar!/webapps/static,STOPPED}
2021-08-11 08:47:20,385 [Listener at 127.0.0.1/34095] INFO  handler.ContextHandler (ContextHandler.java:doStop(1153)) - Stopped o.e.j.s.ServletContextHandler@3a63653b{logs,/logs,file:///home/runner/work/ozone/ozone/hadoop-ozone/integration-test/target/log,STOPPED}
2021-08-11 08:47:20,398 [Listener at 127.0.0.1/34095] INFO  container.ReplicationManager (ReplicationManager.java:sendDeleteCommand(1478)) - Sending delete container command for container #1 to datanode 109ac5ad-939f-490b-bf91-0dce67b5b01f{ip: 10.1.0.43, host: fv-az291-953.wgnan5asplgejimfprtllbpdch.jx.internal.cloudapp.net, ports: [REPLICATION=37559, RATIS=46857, RATIS_ADMIN=46857, RATIS_SERVER=46857, STANDALONE=44477], networkLocation: /default-rack, certSerialId: null, persistedOpState: IN_SERVICE, persistedOpStateExpiryEpochSec: 0}
2021-08-11 08:47:20,403 [Listener at 127.0.0.1/34095] INFO  container.ReplicationManager (ReplicationManager.java:sendDeleteCommand(1478)) - Sending delete container command for container #1 to datanode ae694f9c-4230-4382-bdc9-4a730a1d0d10{ip: 10.1.0.43, host: fv-az291-953.wgnan5asplgejimfprtllbpdch.jx.internal.cloudapp.net, ports: [REPLICATION=41367, RATIS=34969, RATIS_ADMIN=34969, RATIS_SERVER=34969, STANDALONE=42147], networkLocation: /default-rack, certSerialId: null, persistedOpState: IN_SERVICE, persistedOpStateExpiryEpochSec: 0}
2021-08-11 08:47:20,403 [Listener at 127.0.0.1/34095] INFO  container.ReplicationManager (ReplicationManager.java:sendDeleteCommand(1478)) - Sending delete container command for container #1 to datanode 420b874f-857b-4c1c-9003-2dc7fb97d846{ip: 10.1.0.43, host: fv-az291-953.wgnan5asplgejimfprtllbpdch.jx.internal.cloudapp.net, ports: [REPLICATION=42787, RATIS=37267, RATIS_ADMIN=37267, RATIS_SERVER=37267, STANDALONE=39267], networkLocation: /default-rack, certSerialId: null, persistedOpState: IN_SERVICE, persistedOpStateExpiryEpochSec: 0}
2021-08-11 08:47:20,404 [Listener at 127.0.0.1/34095] DEBUG container.ReplicationManager (ReplicationManager.java:deleteContainerReplicas(948)) - Deleting empty container replicas for ContainerInfo{id=1, state=DELETING, pipelineID=PipelineID=6d1ce88c-fb58-4f21-926f-0ff0947762bf, stateEnterTime=2021-08-11T08:46:59.557Z, owner=om1},
2021-08-11 08:47:20,404 [Listener at 127.0.0.1/34095] INFO  container.ReplicationManager (ReplicationManager.java:processAll(341)) - Replication Monitor Thread took 10 milliseconds for processing 1 containers.
2021-08-11 08:47:20,405 [Listener at 127.0.0.1/34095] INFO  container.ReplicationManager (ReplicationManager.java:sendDeleteCommand(1478)) - Sending delete container command for container #1 to datanode ae694f9c-4230-4382-bdc9-4a730a1d0d10{ip: 10.1.0.43, host: fv-az291-953.wgnan5asplgejimfprtllbpdch.jx.internal.cloudapp.net, ports: [REPLICATION=41367, RATIS=34969, RATIS_ADMIN=34969, RATIS_SERVER=34969, STANDALONE=42147], networkLocation: /default-rack, certSerialId: null, persistedOpState: IN_SERVICE, persistedOpStateExpiryEpochSec: 0}
2021-08-11 08:47:20,411 [Listener at 127.0.0.1/34095] DEBUG container.ReplicationManager (ReplicationManager.java:handleContainerUnderDelete(979)) - Resend delete Container command for ContainerInfo{id=1, state=DELETING, pipelineID=PipelineID=6d1ce88c-fb58-4f21-926f-0ff0947762bf, stateEnterTime=2021-08-11T08:46:59.557Z, owner=om1}
2021-08-11 08:47:20,411 [Listener at 127.0.0.1/34095] INFO  container.ReplicationManager (ReplicationManager.java:processAll(341)) - Replication Monitor Thread took 8 milliseconds for processing 1 containers.
2021-08-11 08:47:20,429 [Listener at 127.0.0.1/34095] WARN  impl.MetricRegistriesImpl (MetricRegistriesImpl.java:addReporterRegistration(111)) - New reporters are added after registries were created. Some metrics will be missing from the reporter. Please add reporter before adding any new registry.
2021-08-11 08:47:20,431 [Listener at 127.0.0.1/34095] WARN  impl.MetricRegistriesImpl (MetricRegistriesImpl.java:addReporterRegistration(111)) - New reporters are added after registries were created. Some metrics will be missing from the reporter. Please add reporter before adding any new registry.
2021-08-11 08:47:20,431 [Listener at 127.0.0.1/34095] INFO  impl.MetricsSystemImpl (MetricsSystemImpl.java:init(158)) - HddsDatanode metrics system started (again)
2021-08-11 08:47:20,470 [SCMBlockDeletingService#0] DEBUG block.SCMBlockDeletingService (SCMBlockDeletingService.java:call(133)) - Running DeletedBlockTransactionScanner
2021-08-11 08:47:20,528 [Listener at 127.0.0.1/34095] INFO  ozone.HddsDatanodeService (HddsDatanodeService.java:start(234)) - HddsDatanodeService host:fv-az291-953.wgnan5asplgejimfprtllbpdch.jx.internal.cloudapp.net ip:10.1.0.43
2021-08-11 08:47:20,570 [SCMBlockDeletingService#0] DEBUG block.SCMBlockDeletingService (SCMBlockDeletingService.java:call(133)) - Running DeletedBlockTransactionScanner
2021-08-11 08:47:20,580 [Listener at 127.0.0.1/34095] INFO  upgrade.AbstractLayoutVersionManager (AbstractLayoutVersionManager.java:init(70)) - Initializing Layout version manager with metadata layout = SCM_HA (version = 2), software layout = SCM_HA (version = 2)
2021-08-11 08:47:20,639 [Listener at 127.0.0.1/34095] INFO  reflections.Reflections (Reflections.java:scan(232)) - Reflections took 57 ms to scan 7 urls, producing 120 keys and 275 values 
2021-08-11 08:47:20,649 [Listener at 127.0.0.1/34095] INFO  volume.HddsVolume (HddsVolume.java:<init>(120)) - Creating HddsVolume: /home/runner/work/ozone/ozone/hadoop-ozone/integration-test/target/test-dir/MiniOzoneClusterImpl-c4fb58e9-55df-43b6-ac52-1e7b71033b91/datanode-0/data-0/containers/hdds of storage type : DISK capacity : 9223372036854775807
2021-08-11 08:47:20,649 [Listener at 127.0.0.1/34095] INFO  volume.MutableVolumeSet (MutableVolumeSet.java:initializeVolumeSet(181)) - Added Volume : /home/runner/work/ozone/ozone/hadoop-ozone/integration-test/target/test-dir/MiniOzoneClusterImpl-c4fb58e9-55df-43b6-ac52-1e7b71033b91/datanode-0/data-0/containers/hdds to VolumeSet
2021-08-11 08:47:20,649 [Listener at 127.0.0.1/34095] INFO  volume.ThrottledAsyncChecker (ThrottledAsyncChecker.java:schedule(141)) - Scheduling a check for /home/runner/work/ozone/ozone/hadoop-ozone/integration-test/target/test-dir/MiniOzoneClusterImpl-c4fb58e9-55df-43b6-ac52-1e7b71033b91/datanode-0/data-0/containers/hdds
2021-08-11 08:47:20,650 [Listener at 127.0.0.1/34095] INFO  volume.StorageVolumeChecker (StorageVolumeChecker.java:checkAllVolumes(202)) - Scheduled health check for volume /home/runner/work/ozone/ozone/hadoop-ozone/integration-test/target/test-dir/MiniOzoneClusterImpl-c4fb58e9-55df-43b6-ac52-1e7b71033b91/datanode-0/data-0/containers/hdds
2021-08-11 08:47:20,667 [Listener at 127.0.0.1/34095] INFO  volume.MutableVolumeSet (MutableVolumeSet.java:initializeVolumeSet(181)) - Added Volume : /home/runner/work/ozone/ozone/hadoop-ozone/integration-test/target/test-dir/MiniOzoneClusterImpl-c4fb58e9-55df-43b6-ac52-1e7b71033b91/datanode-0/data/ratis to VolumeSet
2021-08-11 08:47:20,667 [Listener at 127.0.0.1/34095] INFO  volume.ThrottledAsyncChecker (ThrottledAsyncChecker.java:schedule(141)) - Scheduling a check for /home/runner/work/ozone/ozone/hadoop-ozone/integration-test/target/test-dir/MiniOzoneClusterImpl-c4fb58e9-55df-43b6-ac52-1e7b71033b91/datanode-0/data/ratis
2021-08-11 08:47:20,667 [Listener at 127.0.0.1/34095] INFO  volume.StorageVolumeChecker (StorageVolumeChecker.java:checkAllVolumes(202)) - Scheduled health check for volume /home/runner/work/ozone/ozone/hadoop-ozone/integration-test/target/test-dir/MiniOzoneClusterImpl-c4fb58e9-55df-43b6-ac52-1e7b71033b91/datanode-0/data/ratis
2021-08-11 08:47:20,670 [SCMBlockDeletingService#0] DEBUG block.SCMBlockDeletingService (SCMBlockDeletingService.java:call(133)) - Running DeletedBlockTransactionScanner
2021-08-11 08:47:20,686 [Listener at 127.0.0.1/34095] INFO  ozoneimpl.ContainerReader (ContainerReader.java:<init>(98)) - Running in upgrade mode:true
2021-08-11 08:47:20,687 [Thread-4418] INFO  ozoneimpl.ContainerReader (ContainerReader.java:readVolume(142)) - Start to verify containers on volume /home/runner/work/ozone/ozone/hadoop-ozone/integration-test/target/test-dir/MiniOzoneClusterImpl-c4fb58e9-55df-43b6-ac52-1e7b71033b91/datanode-0/data-0/containers/hdds
2021-08-11 08:47:20,770 [SCMBlockDeletingService#0] DEBUG block.SCMBlockDeletingService (SCMBlockDeletingService.java:call(133)) - Running DeletedBlockTransactionScanner
2021-08-11 08:47:20,775 [Thread-4418] INFO  ozoneimpl.ContainerReader (ContainerReader.java:readVolume(174)) - Finish verifying containers on volume /home/runner/work/ozone/ozone/hadoop-ozone/integration-test/target/test-dir/MiniOzoneClusterImpl-c4fb58e9-55df-43b6-ac52-1e7b71033b91/datanode-0/data-0/containers/hdds
2021-08-11 08:47:20,775 [Listener at 127.0.0.1/34095] INFO  ozoneimpl.OzoneContainer (OzoneContainer.java:buildContainerSet(237)) - Build ContainerSet costs 0s
2021-08-11 08:47:20,778 [Listener at 127.0.0.1/34095] INFO  server.RaftServer (ConfUtils.java:logGet(44)) - raft.rpc.type = GRPC (default)
2021-08-11 08:47:20,780 [Listener at 127.0.0.1/34095] INFO  grpc.GrpcFactory (GrpcFactory.java:checkPooledByteBufAllocatorUseCacheForAllThreads(48)) - PERFORMANCE WARNING: useCacheForAllThreads is true that may cause Netty to create a lot garbage objects and, as a result, trigger GC.
	It is recommended to disable useCacheForAllThreads by setting -Dorg.apache.ratis.thirdparty.io.netty.allocator.useCacheForAllThreads=false in command line.
2021-08-11 08:47:20,780 [Listener at 127.0.0.1/34095] INFO  grpc.GrpcConfigKeys (ConfUtils.java:logGet(44)) - raft.grpc.admin.port = 34969 (custom)
2021-08-11 08:47:20,780 [Listener at 127.0.0.1/34095] INFO  grpc.GrpcConfigKeys (ConfUtils.java:logGet(44)) - raft.grpc.client.port = 34969 (custom)
2021-08-11 08:47:20,783 [Listener at 127.0.0.1/34095] INFO  grpc.GrpcConfigKeys (ConfUtils.java:logGet(44)) - raft.grpc.server.port = 34969 (custom)
2021-08-11 08:47:20,784 [Listener at 127.0.0.1/34095] INFO  server.GrpcService (ConfUtils.java:logGet(44)) - raft.grpc.message.size.max = 32MB (=33554432) (custom)
2021-08-11 08:47:20,784 [Listener at 127.0.0.1/34095] INFO  server.RaftServerConfigKeys (ConfUtils.java:logGet(44)) - raft.server.log.appender.buffer.byte-limit = 33554432 (custom)
2021-08-11 08:47:20,784 [Listener at 127.0.0.1/34095] INFO  server.GrpcService (ConfUtils.java:logGet(44)) - raft.grpc.flow.control.window = 5MB (=5242880) (custom)
2021-08-11 08:47:20,784 [Listener at 127.0.0.1/34095] INFO  server.RaftServerConfigKeys (ConfUtils.java:logGet(44)) - raft.server.rpc.request.timeout = 60s (custom)
2021-08-11 08:47:20,785 [Listener at 127.0.0.1/34095] INFO  impl.DataStreamServerImpl (ConfUtils.java:logGet(44)) - raft.datastream.type = DISABLED (default)
2021-08-11 08:47:20,786 [Listener at 127.0.0.1/34095] INFO  server.RaftServerConfigKeys (ConfUtils.java:logGet(44)) - raft.server.rpc.slowness.timeout = 300s (custom)
2021-08-11 08:47:20,786 [Listener at 127.0.0.1/34095] INFO  server.RaftServerConfigKeys (ConfUtils.java:logGet(44)) - raft.server.leaderelection.leader.step-down.wait-time = 10s (default)
2021-08-11 08:47:20,786 [Listener at 127.0.0.1/34095] INFO  server.RaftServerConfigKeys (ConfUtils.java:logGet(44)) - raft.server.storage.dir = [/home/runner/work/ozone/ozone/hadoop-ozone/integration-test/target/test-dir/MiniOzoneClusterImpl-c4fb58e9-55df-43b6-ac52-1e7b71033b91/datanode-0/data/ratis] (custom)
2021-08-11 08:47:20,786 [Listener at 127.0.0.1/34095] INFO  server.RaftServer (RaftServerProxy.java:lambda$null$1(235)) - ae694f9c-4230-4382-bdc9-4a730a1d0d10: found a subdirectory /home/runner/work/ozone/ozone/hadoop-ozone/integration-test/target/test-dir/MiniOzoneClusterImpl-c4fb58e9-55df-43b6-ac52-1e7b71033b91/datanode-0/data/ratis/6d1ce88c-fb58-4f21-926f-0ff0947762bf
2021-08-11 08:47:20,787 [Listener at 127.0.0.1/34095] INFO  server.RaftServer (RaftServerProxy.java:addNew(95)) - ae694f9c-4230-4382-bdc9-4a730a1d0d10: addNew group-0FF0947762BF:[] returns group-0FF0947762BF:java.util.concurrent.CompletableFuture@2332f57d[Not completed]
2021-08-11 08:47:20,790 [pool-359-thread-1] INFO  server.RaftServer$Division (RaftServerImpl.java:<init>(181)) - ae694f9c-4230-4382-bdc9-4a730a1d0d10: new RaftServerImpl for group-0FF0947762BF:[] with ContainerStateMachine:uninitialized
2021-08-11 08:47:20,791 [pool-359-thread-1] INFO  server.RaftServerConfigKeys (ConfUtils.java:logGet(44)) - raft.server.rpc.timeout.min = 5s (custom)
2021-08-11 08:47:20,791 [pool-359-thread-1] INFO  server.RaftServerConfigKeys (ConfUtils.java:logGet(44)) - raft.server.rpc.timeout.max = 5200ms (custom)
2021-08-11 08:47:20,791 [pool-359-thread-1] INFO  server.RaftServerConfigKeys (ConfUtils.java:logGet(44)) - raft.server.rpc.sleep.time = 25ms (default)
2021-08-11 08:47:20,791 [pool-359-thread-1] INFO  server.RaftServerConfigKeys (ConfUtils.java:logGet(44)) - raft.server.rpc.slowness.timeout = 300s (custom)
2021-08-11 08:47:20,791 [pool-359-thread-1] INFO  server.RaftServerConfigKeys (ConfUtils.java:logGet(44)) - raft.server.leaderelection.leader.step-down.wait-time = 10s (default)
2021-08-11 08:47:20,791 [pool-359-thread-1] INFO  server.RaftServerConfigKeys (ConfUtils.java:logGet(44)) - raft.server.sleep.deviation.threshold = 300ms (default)
2021-08-11 08:47:20,791 [pool-359-thread-1] INFO  server.RaftServerConfigKeys (ConfUtils.java:logGet(44)) - raft.server.log.appender.install.snapshot.enabled = false (custom)
2021-08-11 08:47:20,792 [pool-359-thread-1] INFO  server.RaftServer$Division (ServerState.java:<init>(105)) - ae694f9c-4230-4382-bdc9-4a730a1d0d10@group-0FF0947762BF: ConfigurationManager, init=-1: [], old=null, confs=<EMPTY_MAP>
2021-08-11 08:47:20,792 [pool-359-thread-1] INFO  server.RaftServerConfigKeys (ConfUtils.java:logGet(44)) - raft.server.storage.dir = [/home/runner/work/ozone/ozone/hadoop-ozone/integration-test/target/test-dir/MiniOzoneClusterImpl-c4fb58e9-55df-43b6-ac52-1e7b71033b91/datanode-0/data/ratis] (custom)
2021-08-11 08:47:20,792 [pool-359-thread-1] INFO  server.RaftServerConfigKeys (ConfUtils.java:logGet(44)) - raft.server.log.corruption.policy = EXCEPTION (default)
2021-08-11 08:47:20,792 [pool-359-thread-1] INFO  server.RaftServerConfigKeys (ConfUtils.java:logGet(44)) - raft.server.storage.free-space.min = 0MB (=0) (default)
2021-08-11 08:47:20,796 [Listener at 127.0.0.1/34095] INFO  http.BaseHttpServer (BaseHttpServer.java:newHttpServer2BuilderForOzone(209)) - Starting Web-server for hddsDatanode at: http://0.0.0.0:35525
2021-08-11 08:47:20,796 [Listener at 127.0.0.1/34095] INFO  http.BaseHttpServer (BaseHttpServer.java:<init>(107)) - Hadoop Security Enabled: false Ozone Security Enabled: false Ozone HTTP Security Enabled: false 
2021-08-11 08:47:20,797 [Listener at 127.0.0.1/34095] INFO  server.AuthenticationFilter (AuthenticationFilter.java:constructSecretProvider(240)) - Unable to initialize FileSignerSecretProvider, falling back to use random secrets.
2021-08-11 08:47:20,800 [pool-359-thread-1] INFO  storage.RaftStorageDirectory (RaftStorageDirectoryImpl.java:tryLock(230)) - Lock on /home/runner/work/ozone/ozone/hadoop-ozone/integration-test/target/test-dir/MiniOzoneClusterImpl-c4fb58e9-55df-43b6-ac52-1e7b71033b91/datanode-0/data/ratis/6d1ce88c-fb58-4f21-926f-0ff0947762bf/in_use.lock acquired by nodename 29959@fv-az291-953
2021-08-11 08:47:20,801 [pool-359-thread-1] INFO  storage.RaftStorage (RaftStorageImpl.java:analyzeAndRecoverStorage(110)) - Read RaftStorageMetadata{term=3, votedFor=ae694f9c-4230-4382-bdc9-4a730a1d0d10} from /home/runner/work/ozone/ozone/hadoop-ozone/integration-test/target/test-dir/MiniOzoneClusterImpl-c4fb58e9-55df-43b6-ac52-1e7b71033b91/datanode-0/data/ratis/6d1ce88c-fb58-4f21-926f-0ff0947762bf/current/raft-meta
2021-08-11 08:47:20,804 [Listener at 127.0.0.1/34095] WARN  http.HttpRequestLog (HttpRequestLog.java:getRequestLog(103)) - Jetty request log can only be enabled using Log4j
2021-08-11 08:47:20,805 [Listener at 127.0.0.1/34095] INFO  http.HttpServer2 (HttpServer2.java:addGlobalFilter(1020)) - Added global filter 'safety' (class=org.apache.hadoop.hdds.server.http.HttpServer2$QuotingInputFilter)
2021-08-11 08:47:20,806 [Listener at 127.0.0.1/34095] INFO  http.HttpServer2 (HttpServer2.java:addFilter(996)) - Added filter static_user_filter (class=org.apache.hadoop.http.lib.StaticUserWebFilter$StaticUserFilter) to context hddsDatanode
2021-08-11 08:47:20,806 [Listener at 127.0.0.1/34095] INFO  http.HttpServer2 (HttpServer2.java:addFilter(1004)) - Added filter static_user_filter (class=org.apache.hadoop.http.lib.StaticUserWebFilter$StaticUserFilter) to context logs
2021-08-11 08:47:20,806 [Listener at 127.0.0.1/34095] INFO  http.HttpServer2 (HttpServer2.java:addFilter(1004)) - Added filter static_user_filter (class=org.apache.hadoop.http.lib.StaticUserWebFilter$StaticUserFilter) to context static
2021-08-11 08:47:20,807 [Listener at 127.0.0.1/34095] INFO  http.HttpServer2 (HttpServer2.java:bindListener(1239)) - Jetty bound to port 35525
2021-08-11 08:47:20,807 [Listener at 127.0.0.1/34095] INFO  server.Server (Server.java:doStart(375)) - jetty-9.4.43.v20210629; built: 2021-06-30T11:07:22.254Z; git: 526006ecfa3af7f1a27ef3a288e2bef7ea9dd7e8; jvm 1.8.0_292-b10
2021-08-11 08:47:20,808 [Listener at 127.0.0.1/34095] INFO  server.session (DefaultSessionIdManager.java:doStart(334)) - DefaultSessionIdManager workerName=node0
2021-08-11 08:47:20,808 [Listener at 127.0.0.1/34095] INFO  server.session (DefaultSessionIdManager.java:doStart(339)) - No SessionScavenger set, using defaults
2021-08-11 08:47:20,809 [Listener at 127.0.0.1/34095] INFO  server.session (HouseKeeper.java:startScavenging(132)) - node0 Scavenging every 600000ms
2021-08-11 08:47:20,817 [Listener at 127.0.0.1/34095] INFO  handler.ContextHandler (ContextHandler.java:doStart(915)) - Started o.e.j.s.ServletContextHandler@136cef7c{logs,/logs,file:///home/runner/work/ozone/ozone/hadoop-ozone/integration-test/target/log,AVAILABLE}
2021-08-11 08:47:20,817 [Listener at 127.0.0.1/34095] INFO  handler.ContextHandler (ContextHandler.java:doStart(915)) - Started o.e.j.s.ServletContextHandler@4b904d1a{static,/static,jar:file:/home/runner/.m2/repository/org/apache/ozone/hdds-container-service/1.2.0-SNAPSHOT/hdds-container-service-1.2.0-SNAPSHOT.jar!/webapps/static,AVAILABLE}
2021-08-11 08:47:20,824 [pool-359-thread-1] INFO  ratis.ContainerStateMachine (ContainerStateMachine.java:loadSnapshot(232)) - group-0FF0947762BF: Setting the last applied index to (t:3, i:14)
2021-08-11 08:47:20,840 [pool-359-thread-1] INFO  server.RaftServer$Division (ServerState.java:setRaftConf(387)) - ae694f9c-4230-4382-bdc9-4a730a1d0d10@group-0FF0947762BF: set configuration 0: [109ac5ad-939f-490b-bf91-0dce67b5b01f|rpc:10.1.0.43:46857|dataStream:|priority:0, ae694f9c-4230-4382-bdc9-4a730a1d0d10|rpc:10.1.0.43:34969|dataStream:|priority:1, 420b874f-857b-4c1c-9003-2dc7fb97d846|rpc:10.1.0.43:37267|dataStream:|priority:0], old=null
2021-08-11 08:47:20,840 [pool-359-thread-1] INFO  server.RaftServerConfigKeys (ConfUtils.java:logGet(44)) - raft.server.notification.no-leader.timeout = 300s (custom)
2021-08-11 08:47:20,840 [pool-359-thread-1] INFO  server.RaftServerConfigKeys (ConfUtils.java:logGet(44)) - raft.server.log.use.memory = false (default)
2021-08-11 08:47:20,840 [pool-359-thread-1] INFO  server.RaftServerConfigKeys (ConfUtils.java:logGet(44)) - raft.server.log.purge.gap = 1000000 (custom)
2021-08-11 08:47:20,840 [pool-359-thread-1] INFO  server.RaftServerConfigKeys (ConfUtils.java:logGet(44)) - raft.server.log.appender.buffer.byte-limit = 33554432 (custom)
2021-08-11 08:47:20,841 [pool-359-thread-1] INFO  server.RaftServerConfigKeys (ConfUtils.java:logGet(44)) - raft.server.log.segment.size.max = 1048576 (custom)
2021-08-11 08:47:20,841 [pool-359-thread-1] INFO  server.RaftServerConfigKeys (ConfUtils.java:logGet(44)) - raft.server.log.segment.cache.num.max = 2 (custom)
2021-08-11 08:47:20,841 [pool-359-thread-1] INFO  server.RaftServerConfigKeys (ConfUtils.java:logGet(44)) - raft.server.log.segment.cache.size.max = 200MB (=209715200) (default)
2021-08-11 08:47:20,841 [pool-359-thread-1] INFO  segmented.SegmentedRaftLogWorker (SegmentedRaftLogWorker.java:<init>(182)) - new ae694f9c-4230-4382-bdc9-4a730a1d0d10@group-0FF0947762BF-SegmentedRaftLogWorker for RaftStorageImpl:Storage Directory /home/runner/work/ozone/ozone/hadoop-ozone/integration-test/target/test-dir/MiniOzoneClusterImpl-c4fb58e9-55df-43b6-ac52-1e7b71033b91/datanode-0/data/ratis/6d1ce88c-fb58-4f21-926f-0ff0947762bf
2021-08-11 08:47:20,841 [pool-359-thread-1] INFO  server.RaftServerConfigKeys (ConfUtils.java:logGet(44)) - raft.server.log.queue.byte-limit = 2147483647 (custom)
2021-08-11 08:47:20,841 [pool-359-thread-1] INFO  server.RaftServerConfigKeys (ConfUtils.java:logGet(44)) - raft.server.log.queue.element-limit = 1024 (custom)
2021-08-11 08:47:20,841 [pool-359-thread-1] INFO  server.RaftServerConfigKeys (ConfUtils.java:logGet(44)) - raft.server.log.segment.size.max = 1048576 (custom)
2021-08-11 08:47:20,841 [pool-359-thread-1] INFO  server.RaftServerConfigKeys (ConfUtils.java:logGet(44)) - raft.server.log.preallocated.size = 16384 (custom)
2021-08-11 08:47:20,841 [pool-359-thread-1] INFO  server.RaftServerConfigKeys (ConfUtils.java:logGet(44)) - raft.server.log.force.sync.num = 128 (default)
2021-08-11 08:47:20,842 [pool-359-thread-1] INFO  server.RaftServerConfigKeys (ConfUtils.java:logGet(44)) - raft.server.log.statemachine.data.sync = true (default)
2021-08-11 08:47:20,842 [pool-359-thread-1] INFO  server.RaftServerConfigKeys (ConfUtils.java:logGet(44)) - raft.server.log.statemachine.data.sync.timeout = 10s (default)
2021-08-11 08:47:20,842 [pool-359-thread-1] INFO  server.RaftServerConfigKeys (ConfUtils.java:logGet(44)) - raft.server.log.statemachine.data.sync.timeout.retry = -1 (default)
2021-08-11 08:47:20,843 [pool-359-thread-1] INFO  server.RaftServerConfigKeys (ConfUtils.java:logGet(44)) - raft.server.log.write.buffer.size = 1048576 (custom)
2021-08-11 08:47:20,843 [pool-359-thread-1] INFO  server.RaftServerConfigKeys (ConfUtils.java:logGet(44)) - raft.server.log.statemachine.data.caching.enabled = true (custom)
2021-08-11 08:47:20,863 [pool-359-thread-1] INFO  server.RaftServer$Division (ServerState.java:setRaftConf(387)) - ae694f9c-4230-4382-bdc9-4a730a1d0d10@group-0FF0947762BF: set configuration 0: [109ac5ad-939f-490b-bf91-0dce67b5b01f|rpc:10.1.0.43:46857|dataStream:|priority:0, ae694f9c-4230-4382-bdc9-4a730a1d0d10|rpc:10.1.0.43:34969|dataStream:|priority:1, 420b874f-857b-4c1c-9003-2dc7fb97d846|rpc:10.1.0.43:37267|dataStream:|priority:0], old=null
2021-08-11 08:47:20,865 [pool-359-thread-1] INFO  segmented.LogSegment (LogSegment.java:loadSegment(173)) - Successfully read 15 entries from segment file /home/runner/work/ozone/ozone/hadoop-ozone/integration-test/target/test-dir/MiniOzoneClusterImpl-c4fb58e9-55df-43b6-ac52-1e7b71033b91/datanode-0/data/ratis/6d1ce88c-fb58-4f21-926f-0ff0947762bf/current/log_inprogress_0
2021-08-11 08:47:20,865 [pool-359-thread-1] INFO  segmented.SegmentedRaftLogWorker (SegmentedRaftLogWorker.java:lambda$new$0(133)) - ae694f9c-4230-4382-bdc9-4a730a1d0d10@group-0FF0947762BF-SegmentedRaftLogWorker: flushIndex: setUnconditionally 0 -> 14
2021-08-11 08:47:20,865 [pool-359-thread-1] INFO  segmented.SegmentedRaftLogWorker (SegmentedRaftLogWorker.java:lambda$new$0(133)) - ae694f9c-4230-4382-bdc9-4a730a1d0d10@group-0FF0947762BF-SegmentedRaftLogWorker: safeCacheEvictIndex: setUnconditionally 0 -> -1
2021-08-11 08:47:20,865 [pool-359-thread-1] INFO  raftlog.RaftLog (RaftLogBase.java:lambda$new$0(53)) - ae694f9c-4230-4382-bdc9-4a730a1d0d10@group-0FF0947762BF-SegmentedRaftLog: commitIndex: updateToMax old=14, new=13, updated? false
2021-08-11 08:47:20,865 [pool-359-thread-1] INFO  server.RaftServerConfigKeys (ConfUtils.java:logGet(44)) - raft.server.snapshot.auto.trigger.enabled = true (custom)
2021-08-11 08:47:20,865 [pool-359-thread-1] INFO  server.RaftServerConfigKeys (ConfUtils.java:logGet(44)) - raft.server.snapshot.auto.trigger.threshold = 10000 (custom)
2021-08-11 08:47:20,865 [pool-359-thread-1] INFO  server.RaftServerConfigKeys (ConfUtils.java:logGet(44)) - raft.server.snapshot.retention.file.num = 5 (custom)
2021-08-11 08:47:20,865 [pool-359-thread-1] INFO  server.RaftServerConfigKeys (ConfUtils.java:logGet(44)) - raft.server.log.purge.upto.snapshot.index = false (default)
2021-08-11 08:47:20,865 [pool-359-thread-1] INFO  server.RaftServerConfigKeys (ConfUtils.java:logGet(44)) - raft.server.retrycache.expirytime = 600000ms (custom)
2021-08-11 08:47:20,866 [pool-359-thread-1] INFO  server.RaftServerConfigKeys (ConfUtils.java:logGet(44)) - raft.server.retrycache.statistics.expirytime = 100μs (default)
2021-08-11 08:47:20,870 [SCMBlockDeletingService#0] DEBUG block.SCMBlockDeletingService (SCMBlockDeletingService.java:call(133)) - Running DeletedBlockTransactionScanner
2021-08-11 08:47:20,923 [Listener at 127.0.0.1/34095] INFO  handler.ContextHandler (ContextHandler.java:doStart(915)) - Started o.e.j.w.WebAppContext@247ec94c{hddsDatanode,/,file:///tmp/jetty-0_0_0_0-35525-hdds-container-service-1_2_0-SNAPSHOT_jar-_-any-3460190557299229582/webapp/,AVAILABLE}{jar:file:/home/runner/.m2/repository/org/apache/ozone/hdds-container-service/1.2.0-SNAPSHOT/hdds-container-service-1.2.0-SNAPSHOT.jar!/webapps/hddsDatanode}
2021-08-11 08:47:20,924 [Listener at 127.0.0.1/34095] INFO  server.AbstractConnector (AbstractConnector.java:doStart(331)) - Started ServerConnector@947e589{HTTP/1.1, (http/1.1)}{0.0.0.0:35525}
2021-08-11 08:47:20,924 [Listener at 127.0.0.1/34095] INFO  server.Server (Server.java:doStart(415)) - Started @85715ms
2021-08-11 08:47:20,927 [Listener at 127.0.0.1/34095] WARN  impl.MetricsSystemImpl (MetricsSystemImpl.java:register(279)) - Sink prometheus already exists!
2021-08-11 08:47:20,928 [Listener at 127.0.0.1/34095] INFO  http.BaseHttpServer (BaseHttpServer.java:updateConnectorAddress(329)) - HTTP server of hddsDatanode listening at http://0.0.0.0:35525
2021-08-11 08:47:20,932 [Listener at 127.0.0.1/34095] INFO  ozone.MiniOzoneClusterImpl (MiniOzoneClusterImpl.java:lambda$waitForClusterToBeReady$0(235)) - Waiting for nodes to be ready. Got 2 of 3 DN Heartbeats.
2021-08-11 08:47:20,932 [Listener at 127.0.0.1/34095] INFO  ozone.MiniOzoneClusterImpl (MiniOzoneClusterImpl.java:lambda$waitForClusterToBeReady$0(238)) - Cluster exits safe mode
2021-08-11 08:47:20,932 [Listener at 127.0.0.1/34095] INFO  ozone.MiniOzoneClusterImpl (MiniOzoneClusterImpl.java:lambda$waitForClusterToBeReady$0(240)) - SCM became leader
2021-08-11 08:47:20,964 [org.apache.hadoop.util.JvmPauseMonitor$Monitor@52048c4b] INFO  util.JvmPauseMonitor (JvmPauseMonitor.java:run(188)) - Starting JVM pause monitor
2021-08-11 08:47:20,970 [SCMBlockDeletingService#0] DEBUG block.SCMBlockDeletingService (SCMBlockDeletingService.java:call(133)) - Running DeletedBlockTransactionScanner
2021-08-11 08:47:21,070 [SCMBlockDeletingService#0] DEBUG block.SCMBlockDeletingService (SCMBlockDeletingService.java:call(133)) - Running DeletedBlockTransactionScanner
2021-08-11 08:47:21,153 [Datanode State Machine Thread - 0] WARN  statemachine.StateContext (StateContext.java:execute(621)) - No available thread in pool for past 0 seconds.
2021-08-11 08:47:21,171 [SCMBlockDeletingService#0] DEBUG block.SCMBlockDeletingService (SCMBlockDeletingService.java:call(133)) - Running DeletedBlockTransactionScanner
2021-08-11 08:47:21,271 [SCMBlockDeletingService#0] DEBUG block.SCMBlockDeletingService (SCMBlockDeletingService.java:call(133)) - Running DeletedBlockTransactionScanner
2021-08-11 08:47:21,371 [SCMBlockDeletingService#0] DEBUG block.SCMBlockDeletingService (SCMBlockDeletingService.java:call(133)) - Running DeletedBlockTransactionScanner
2021-08-11 08:47:21,471 [SCMBlockDeletingService#0] DEBUG block.SCMBlockDeletingService (SCMBlockDeletingService.java:call(133)) - Running DeletedBlockTransactionScanner
2021-08-11 08:47:21,571 [SCMBlockDeletingService#0] DEBUG block.SCMBlockDeletingService (SCMBlockDeletingService.java:call(133)) - Running DeletedBlockTransactionScanner
2021-08-11 08:47:21,671 [SCMBlockDeletingService#0] DEBUG block.SCMBlockDeletingService (SCMBlockDeletingService.java:call(133)) - Running DeletedBlockTransactionScanner
2021-08-11 08:47:21,771 [SCMBlockDeletingService#0] DEBUG block.SCMBlockDeletingService (SCMBlockDeletingService.java:call(133)) - Running DeletedBlockTransactionScanner
2021-08-11 08:47:21,871 [SCMBlockDeletingService#0] DEBUG block.SCMBlockDeletingService (SCMBlockDeletingService.java:call(133)) - Running DeletedBlockTransactionScanner
2021-08-11 08:47:21,933 [Listener at 127.0.0.1/34095] INFO  ozone.MiniOzoneClusterImpl (MiniOzoneClusterImpl.java:lambda$waitForClusterToBeReady$0(235)) - Waiting for nodes to be ready. Got 2 of 3 DN Heartbeats.
2021-08-11 08:47:21,933 [Listener at 127.0.0.1/34095] INFO  ozone.MiniOzoneClusterImpl (MiniOzoneClusterImpl.java:lambda$waitForClusterToBeReady$0(238)) - Cluster exits safe mode
2021-08-11 08:47:21,934 [Listener at 127.0.0.1/34095] INFO  ozone.MiniOzoneClusterImpl (MiniOzoneClusterImpl.java:lambda$waitForClusterToBeReady$0(240)) - SCM became leader
2021-08-11 08:47:21,971 [SCMBlockDeletingService#0] DEBUG block.SCMBlockDeletingService (SCMBlockDeletingService.java:call(133)) - Running DeletedBlockTransactionScanner
2021-08-11 08:47:22,071 [SCMBlockDeletingService#0] DEBUG block.SCMBlockDeletingService (SCMBlockDeletingService.java:call(133)) - Running DeletedBlockTransactionScanner
2021-08-11 08:47:22,171 [SCMBlockDeletingService#0] DEBUG block.SCMBlockDeletingService (SCMBlockDeletingService.java:call(133)) - Running DeletedBlockTransactionScanner
2021-08-11 08:47:22,272 [SCMBlockDeletingService#0] DEBUG block.SCMBlockDeletingService (SCMBlockDeletingService.java:call(133)) - Running DeletedBlockTransactionScanner
2021-08-11 08:47:22,372 [SCMBlockDeletingService#0] DEBUG block.SCMBlockDeletingService (SCMBlockDeletingService.java:call(133)) - Running DeletedBlockTransactionScanner
2021-08-11 08:47:22,472 [SCMBlockDeletingService#0] DEBUG block.SCMBlockDeletingService (SCMBlockDeletingService.java:call(133)) - Running DeletedBlockTransactionScanner
2021-08-11 08:47:22,572 [SCMBlockDeletingService#0] DEBUG block.SCMBlockDeletingService (SCMBlockDeletingService.java:call(133)) - Running DeletedBlockTransactionScanner
2021-08-11 08:47:22,672 [SCMBlockDeletingService#0] DEBUG block.SCMBlockDeletingService (SCMBlockDeletingService.java:call(133)) - Running DeletedBlockTransactionScanner
2021-08-11 08:47:22,772 [SCMBlockDeletingService#0] DEBUG block.SCMBlockDeletingService (SCMBlockDeletingService.java:call(133)) - Running DeletedBlockTransactionScanner
2021-08-11 08:47:22,872 [SCMBlockDeletingService#0] DEBUG block.SCMBlockDeletingService (SCMBlockDeletingService.java:call(133)) - Running DeletedBlockTransactionScanner
2021-08-11 08:47:22,934 [Listener at 127.0.0.1/34095] INFO  ozone.MiniOzoneClusterImpl (MiniOzoneClusterImpl.java:lambda$waitForClusterToBeReady$0(235)) - Waiting for nodes to be ready. Got 2 of 3 DN Heartbeats.
2021-08-11 08:47:22,934 [Listener at 127.0.0.1/34095] INFO  ozone.MiniOzoneClusterImpl (MiniOzoneClusterImpl.java:lambda$waitForClusterToBeReady$0(238)) - Cluster exits safe mode
2021-08-11 08:47:22,934 [Listener at 127.0.0.1/34095] INFO  ozone.MiniOzoneClusterImpl (MiniOzoneClusterImpl.java:lambda$waitForClusterToBeReady$0(240)) - SCM became leader
2021-08-11 08:47:22,972 [SCMBlockDeletingService#0] DEBUG block.SCMBlockDeletingService (SCMBlockDeletingService.java:call(133)) - Running DeletedBlockTransactionScanner
2021-08-11 08:47:22,972 [EndpointStateMachine task thread for /0.0.0.0:33263 - 0 ] INFO  ozoneimpl.OzoneContainer (OzoneContainer.java:start(305)) - Attempting to start container services.
2021-08-11 08:47:22,974 [EndpointStateMachine task thread for /0.0.0.0:33263 - 0 ] INFO  ozoneimpl.OzoneContainer (OzoneContainer.java:startContainerScrub(250)) - Background container scanner has been disabled.
2021-08-11 08:47:22,978 [EndpointStateMachine task thread for /0.0.0.0:33263 - 0 ] INFO  replication.ReplicationServer (ReplicationServer.java:start(106)) - ReplicationServer is started using port 33865
2021-08-11 08:47:22,978 [EndpointStateMachine task thread for /0.0.0.0:33263 - 0 ] INFO  ratis.XceiverServerRatis (XceiverServerRatis.java:start(478)) - Starting XceiverServerRatis ae694f9c-4230-4382-bdc9-4a730a1d0d10
2021-08-11 08:47:22,981 [EndpointStateMachine task thread for /0.0.0.0:33263 - 0 ] INFO  server.RaftServer$Division (RaftServerImpl.java:start(296)) - ae694f9c-4230-4382-bdc9-4a730a1d0d10@group-0FF0947762BF: start as a follower, conf=0: [109ac5ad-939f-490b-bf91-0dce67b5b01f|rpc:10.1.0.43:46857|dataStream:|priority:0, ae694f9c-4230-4382-bdc9-4a730a1d0d10|rpc:10.1.0.43:34969|dataStream:|priority:1, 420b874f-857b-4c1c-9003-2dc7fb97d846|rpc:10.1.0.43:37267|dataStream:|priority:0], old=null
2021-08-11 08:47:22,981 [EndpointStateMachine task thread for /0.0.0.0:33263 - 0 ] INFO  server.RaftServer$Division (RaftServerImpl.java:setRole(285)) - ae694f9c-4230-4382-bdc9-4a730a1d0d10@group-0FF0947762BF: changes role from      null to FOLLOWER at term 3 for startAsFollower
2021-08-11 08:47:22,981 [EndpointStateMachine task thread for /0.0.0.0:33263 - 0 ] INFO  impl.RoleInfo (RoleInfo.java:updateAndGet(130)) - ae694f9c-4230-4382-bdc9-4a730a1d0d10: start ae694f9c-4230-4382-bdc9-4a730a1d0d10@group-0FF0947762BF-FollowerState
2021-08-11 08:47:22,982 [EndpointStateMachine task thread for /0.0.0.0:33263 - 0 ] INFO  util.JmxRegister (JmxRegister.java:tryRegister(44)) - Successfully registered JMX Bean with object name Ratis:service=RaftServer,group=group-0FF0947762BF,id=ae694f9c-4230-4382-bdc9-4a730a1d0d10
2021-08-11 08:47:22,988 [EndpointStateMachine task thread for /0.0.0.0:33263 - 0 ] INFO  server.RaftServer (RaftServerProxy.java:lambda$start$5(374)) - ae694f9c-4230-4382-bdc9-4a730a1d0d10: start RPC server
2021-08-11 08:47:22,999 [EndpointStateMachine task thread for /0.0.0.0:33263 - 0 ] INFO  server.GrpcService (GrpcService.java:startImpl(253)) - ae694f9c-4230-4382-bdc9-4a730a1d0d10: GrpcService started, listening on 34969
2021-08-11 08:47:23,005 [EndpointStateMachine task thread for /0.0.0.0:33263 - 0 ] INFO  ratis.XceiverServerRatis (XceiverServerRatis.java:getRealPort(499)) - XceiverServerRatis ae694f9c-4230-4382-bdc9-4a730a1d0d10 is started using port 34969 for RATIS
2021-08-11 08:47:23,005 [EndpointStateMachine task thread for /0.0.0.0:33263 - 0 ] INFO  ratis.XceiverServerRatis (XceiverServerRatis.java:getRealPort(499)) - XceiverServerRatis ae694f9c-4230-4382-bdc9-4a730a1d0d10 is started using port 34969 for RATIS_ADMIN
2021-08-11 08:47:23,005 [EndpointStateMachine task thread for /0.0.0.0:33263 - 0 ] INFO  ratis.XceiverServerRatis (XceiverServerRatis.java:getRealPort(499)) - XceiverServerRatis ae694f9c-4230-4382-bdc9-4a730a1d0d10 is started using port 34969 for RATIS_SERVER
2021-08-11 08:47:23,012 [org.apache.ratis.util.JvmPauseMonitor$$Lambda$531/124654028@1be57b46] INFO  util.JvmPauseMonitor (JvmPauseMonitor.java:run(103)) - JvmPauseMonitor-ae694f9c-4230-4382-bdc9-4a730a1d0d10: Started
2021-08-11 08:47:23,072 [SCMBlockDeletingService#0] DEBUG block.SCMBlockDeletingService (SCMBlockDeletingService.java:call(133)) - Running DeletedBlockTransactionScanner
2021-08-11 08:47:23,172 [SCMBlockDeletingService#0] DEBUG block.SCMBlockDeletingService (SCMBlockDeletingService.java:call(133)) - Running DeletedBlockTransactionScanner
2021-08-11 08:47:23,272 [SCMBlockDeletingService#0] DEBUG block.SCMBlockDeletingService (SCMBlockDeletingService.java:call(133)) - Running DeletedBlockTransactionScanner
2021-08-11 08:47:23,372 [SCMBlockDeletingService#0] DEBUG block.SCMBlockDeletingService (SCMBlockDeletingService.java:call(133)) - Running DeletedBlockTransactionScanner
2021-08-11 08:47:23,473 [SCMBlockDeletingService#0] DEBUG block.SCMBlockDeletingService (SCMBlockDeletingService.java:call(133)) - Running DeletedBlockTransactionScanner
2021-08-11 08:47:23,573 [SCMBlockDeletingService#0] DEBUG block.SCMBlockDeletingService (SCMBlockDeletingService.java:call(133)) - Running DeletedBlockTransactionScanner
2021-08-11 08:47:23,675 [SCMBlockDeletingService#0] DEBUG block.SCMBlockDeletingService (SCMBlockDeletingService.java:call(133)) - Running DeletedBlockTransactionScanner
2021-08-11 08:47:23,775 [SCMBlockDeletingService#0] DEBUG block.SCMBlockDeletingService (SCMBlockDeletingService.java:call(133)) - Running DeletedBlockTransactionScanner
2021-08-11 08:47:23,875 [SCMBlockDeletingService#0] DEBUG block.SCMBlockDeletingService (SCMBlockDeletingService.java:call(133)) - Running DeletedBlockTransactionScanner
2021-08-11 08:47:23,934 [Listener at 127.0.0.1/34095] INFO  ozone.MiniOzoneClusterImpl (MiniOzoneClusterImpl.java:lambda$waitForClusterToBeReady$0(235)) - Waiting for nodes to be ready. Got 2 of 3 DN Heartbeats.
2021-08-11 08:47:23,935 [Listener at 127.0.0.1/34095] INFO  ozone.MiniOzoneClusterImpl (MiniOzoneClusterImpl.java:lambda$waitForClusterToBeReady$0(238)) - Cluster exits safe mode
2021-08-11 08:47:23,935 [Listener at 127.0.0.1/34095] INFO  ozone.MiniOzoneClusterImpl (MiniOzoneClusterImpl.java:lambda$waitForClusterToBeReady$0(240)) - SCM became leader
2021-08-11 08:47:23,975 [SCMBlockDeletingService#0] DEBUG block.SCMBlockDeletingService (SCMBlockDeletingService.java:call(133)) - Running DeletedBlockTransactionScanner
2021-08-11 08:47:24,075 [SCMBlockDeletingService#0] DEBUG block.SCMBlockDeletingService (SCMBlockDeletingService.java:call(133)) - Running DeletedBlockTransactionScanner
2021-08-11 08:47:24,175 [SCMBlockDeletingService#0] DEBUG block.SCMBlockDeletingService (SCMBlockDeletingService.java:call(133)) - Running DeletedBlockTransactionScanner
2021-08-11 08:47:24,231 [109ac5ad-939f-490b-bf91-0dce67b5b01f@group-0FF0947762BF-FollowerState] INFO  impl.FollowerState (FollowerState.java:run(134)) - 109ac5ad-939f-490b-bf91-0dce67b5b01f@group-0FF0947762BF-FollowerState: change to CANDIDATE, lastRpcElapsedTime:8508137007ns, electionTimeout:5100ms
2021-08-11 08:47:24,232 [109ac5ad-939f-490b-bf91-0dce67b5b01f@group-0FF0947762BF-FollowerState] INFO  impl.RoleInfo (RoleInfo.java:shutdownFollowerState(108)) - 109ac5ad-939f-490b-bf91-0dce67b5b01f: shutdown 109ac5ad-939f-490b-bf91-0dce67b5b01f@group-0FF0947762BF-FollowerState
2021-08-11 08:47:24,232 [109ac5ad-939f-490b-bf91-0dce67b5b01f@group-0FF0947762BF-FollowerState] INFO  server.RaftServer$Division (RaftServerImpl.java:setRole(285)) - 109ac5ad-939f-490b-bf91-0dce67b5b01f@group-0FF0947762BF: changes role from  FOLLOWER to CANDIDATE at term 3 for changeToCandidate
2021-08-11 08:47:24,232 [109ac5ad-939f-490b-bf91-0dce67b5b01f@group-0FF0947762BF-FollowerState] INFO  server.RaftServerConfigKeys (ConfUtils.java:logGet(44)) - raft.server.leaderelection.pre-vote = false (custom)
2021-08-11 08:47:24,232 [109ac5ad-939f-490b-bf91-0dce67b5b01f@group-0FF0947762BF-FollowerState] INFO  impl.RoleInfo (RoleInfo.java:updateAndGet(130)) - 109ac5ad-939f-490b-bf91-0dce67b5b01f: start 109ac5ad-939f-490b-bf91-0dce67b5b01f@group-0FF0947762BF-LeaderElection8
2021-08-11 08:47:24,242 [109ac5ad-939f-490b-bf91-0dce67b5b01f@group-0FF0947762BF-LeaderElection8] INFO  server.RaftServer$Division (ServerState.java:setLeader(285)) - 109ac5ad-939f-490b-bf91-0dce67b5b01f@group-0FF0947762BF: change Leader from ae694f9c-4230-4382-bdc9-4a730a1d0d10 to null at term 3 for ELECTION
2021-08-11 08:47:24,247 [109ac5ad-939f-490b-bf91-0dce67b5b01f@group-0FF0947762BF-LeaderElection8] INFO  impl.LeaderElection (LeaderElection.java:askForVotes(306)) - 109ac5ad-939f-490b-bf91-0dce67b5b01f@group-0FF0947762BF-LeaderElection8 ELECTION round 0: submit vote requests at term 4 for 0: [109ac5ad-939f-490b-bf91-0dce67b5b01f|rpc:10.1.0.43:46857|dataStream:|priority:0, ae694f9c-4230-4382-bdc9-4a730a1d0d10|rpc:10.1.0.43:34969|dataStream:|priority:1, 420b874f-857b-4c1c-9003-2dc7fb97d846|rpc:10.1.0.43:37267|dataStream:|priority:0], old=null
2021-08-11 08:47:24,276 [SCMBlockDeletingService#0] DEBUG block.SCMBlockDeletingService (SCMBlockDeletingService.java:call(133)) - Running DeletedBlockTransactionScanner
2021-08-11 08:47:24,290 [grpc-default-executor-2] INFO  server.RaftServer$Division (RaftServerImpl.java:requestVote(1043)) - ae694f9c-4230-4382-bdc9-4a730a1d0d10@group-0FF0947762BF: receive requestVote(ELECTION, 109ac5ad-939f-490b-bf91-0dce67b5b01f, group-0FF0947762BF, 4, (t:3, i:14))
2021-08-11 08:47:24,297 [grpc-default-executor-2] INFO  impl.VoteContext (VoteContext.java:log(48)) - ae694f9c-4230-4382-bdc9-4a730a1d0d10@group-0FF0947762BF-FOLLOWER: reject ELECTION from 109ac5ad-939f-490b-bf91-0dce67b5b01f: our priority 1 > candidate's priority 0
2021-08-11 08:47:24,297 [grpc-default-executor-2] INFO  server.RaftServer$Division (RaftServerImpl.java:setRole(285)) - ae694f9c-4230-4382-bdc9-4a730a1d0d10@group-0FF0947762BF: changes role from  FOLLOWER to FOLLOWER at term 4 for candidate:109ac5ad-939f-490b-bf91-0dce67b5b01f
2021-08-11 08:47:24,297 [grpc-default-executor-2] INFO  impl.RoleInfo (RoleInfo.java:shutdownFollowerState(108)) - ae694f9c-4230-4382-bdc9-4a730a1d0d10: shutdown ae694f9c-4230-4382-bdc9-4a730a1d0d10@group-0FF0947762BF-FollowerState
2021-08-11 08:47:24,297 [grpc-default-executor-2] INFO  impl.RoleInfo (RoleInfo.java:updateAndGet(130)) - ae694f9c-4230-4382-bdc9-4a730a1d0d10: start ae694f9c-4230-4382-bdc9-4a730a1d0d10@group-0FF0947762BF-FollowerState
2021-08-11 08:47:24,297 [ae694f9c-4230-4382-bdc9-4a730a1d0d10@group-0FF0947762BF-FollowerState] INFO  impl.FollowerState (FollowerState.java:run(143)) - ae694f9c-4230-4382-bdc9-4a730a1d0d10@group-0FF0947762BF-FollowerState was interrupted: {}
java.lang.InterruptedException: sleep interrupted
	at java.lang.Thread.sleep(Native Method)
	at java.lang.Thread.sleep(Thread.java:340)
	at java.util.concurrent.TimeUnit.sleep(TimeUnit.java:386)
	at org.apache.ratis.util.TimeDuration.sleep(TimeDuration.java:324)
	at org.apache.ratis.util.TimeDuration.sleep(TimeDuration.java:309)
	at org.apache.ratis.server.impl.FollowerState.run(FollowerState.java:118)
2021-08-11 08:47:24,299 [grpc-default-executor-2] INFO  server.RaftServer$Division (RaftServerImpl.java:requestVote(1075)) - ae694f9c-4230-4382-bdc9-4a730a1d0d10@group-0FF0947762BF replies to ELECTION vote request: 109ac5ad-939f-490b-bf91-0dce67b5b01f<-ae694f9c-4230-4382-bdc9-4a730a1d0d10#0:FAIL-t4. Peer's state: ae694f9c-4230-4382-bdc9-4a730a1d0d10@group-0FF0947762BF:t4, leader=null, voted=null, raftlog=ae694f9c-4230-4382-bdc9-4a730a1d0d10@group-0FF0947762BF-SegmentedRaftLog:OPENED:c14,f14,i14, conf=0: [109ac5ad-939f-490b-bf91-0dce67b5b01f|rpc:10.1.0.43:46857|dataStream:|priority:0, ae694f9c-4230-4382-bdc9-4a730a1d0d10|rpc:10.1.0.43:34969|dataStream:|priority:1, 420b874f-857b-4c1c-9003-2dc7fb97d846|rpc:10.1.0.43:37267|dataStream:|priority:0], old=null
2021-08-11 08:47:24,304 [109ac5ad-939f-490b-bf91-0dce67b5b01f@group-0FF0947762BF-LeaderElection8] INFO  impl.LeaderElection (LeaderElection.java:logAndReturn(89)) - 109ac5ad-939f-490b-bf91-0dce67b5b01f@group-0FF0947762BF-LeaderElection8: ELECTION REJECTED received 1 response(s) and 0 exception(s):
2021-08-11 08:47:24,304 [109ac5ad-939f-490b-bf91-0dce67b5b01f@group-0FF0947762BF-LeaderElection8] INFO  impl.LeaderElection (LeaderElection.java:logAndReturn(93)) -   Response 0: 109ac5ad-939f-490b-bf91-0dce67b5b01f<-ae694f9c-4230-4382-bdc9-4a730a1d0d10#0:FAIL-t4
2021-08-11 08:47:24,304 [109ac5ad-939f-490b-bf91-0dce67b5b01f@group-0FF0947762BF-LeaderElection8] INFO  impl.LeaderElection (LeaderElection.java:askForVotes(308)) - 109ac5ad-939f-490b-bf91-0dce67b5b01f@group-0FF0947762BF-LeaderElection8 ELECTION round 0: result REJECTED
2021-08-11 08:47:24,304 [109ac5ad-939f-490b-bf91-0dce67b5b01f@group-0FF0947762BF-LeaderElection8] INFO  server.RaftServer$Division (RaftServerImpl.java:setRole(285)) - 109ac5ad-939f-490b-bf91-0dce67b5b01f@group-0FF0947762BF: changes role from CANDIDATE to FOLLOWER at term 4 for REJECTED
2021-08-11 08:47:24,304 [109ac5ad-939f-490b-bf91-0dce67b5b01f@group-0FF0947762BF-LeaderElection8] INFO  impl.RoleInfo (RoleInfo.java:shutdownLeaderElection(121)) - 109ac5ad-939f-490b-bf91-0dce67b5b01f: shutdown 109ac5ad-939f-490b-bf91-0dce67b5b01f@group-0FF0947762BF-LeaderElection8
2021-08-11 08:47:24,304 [109ac5ad-939f-490b-bf91-0dce67b5b01f@group-0FF0947762BF-LeaderElection8] INFO  impl.RoleInfo (RoleInfo.java:updateAndGet(130)) - 109ac5ad-939f-490b-bf91-0dce67b5b01f: start 109ac5ad-939f-490b-bf91-0dce67b5b01f@group-0FF0947762BF-FollowerState
2021-08-11 08:47:24,311 [grpc-default-executor-2] INFO  server.RaftServer$Division (RaftServerImpl.java:requestVote(1043)) - 420b874f-857b-4c1c-9003-2dc7fb97d846@group-0FF0947762BF: receive requestVote(ELECTION, 109ac5ad-939f-490b-bf91-0dce67b5b01f, group-0FF0947762BF, 4, (t:3, i:14))
2021-08-11 08:47:24,312 [grpc-default-executor-2] INFO  impl.VoteContext (VoteContext.java:log(48)) - 420b874f-857b-4c1c-9003-2dc7fb97d846@group-0FF0947762BF-FOLLOWER: accept ELECTION from 109ac5ad-939f-490b-bf91-0dce67b5b01f: our priority 0 <= candidate's priority 0
2021-08-11 08:47:24,312 [grpc-default-executor-2] INFO  server.RaftServer$Division (ServerState.java:setLeader(285)) - 420b874f-857b-4c1c-9003-2dc7fb97d846@group-0FF0947762BF: change Leader from ae694f9c-4230-4382-bdc9-4a730a1d0d10 to null at term 4 for updateCurrentTerm
2021-08-11 08:47:24,312 [grpc-default-executor-2] INFO  server.RaftServer$Division (RaftServerImpl.java:setRole(285)) - 420b874f-857b-4c1c-9003-2dc7fb97d846@group-0FF0947762BF: changes role from  FOLLOWER to FOLLOWER at term 4 for candidate:109ac5ad-939f-490b-bf91-0dce67b5b01f
2021-08-11 08:47:24,312 [grpc-default-executor-2] INFO  impl.RoleInfo (RoleInfo.java:shutdownFollowerState(108)) - 420b874f-857b-4c1c-9003-2dc7fb97d846: shutdown 420b874f-857b-4c1c-9003-2dc7fb97d846@group-0FF0947762BF-FollowerState
2021-08-11 08:47:24,312 [grpc-default-executor-2] INFO  impl.RoleInfo (RoleInfo.java:updateAndGet(130)) - 420b874f-857b-4c1c-9003-2dc7fb97d846: start 420b874f-857b-4c1c-9003-2dc7fb97d846@group-0FF0947762BF-FollowerState
2021-08-11 08:47:24,312 [420b874f-857b-4c1c-9003-2dc7fb97d846@group-0FF0947762BF-FollowerState] INFO  impl.FollowerState (FollowerState.java:run(143)) - 420b874f-857b-4c1c-9003-2dc7fb97d846@group-0FF0947762BF-FollowerState was interrupted: {}
java.lang.InterruptedException: sleep interrupted
	at java.lang.Thread.sleep(Native Method)
	at java.lang.Thread.sleep(Thread.java:340)
	at java.util.concurrent.TimeUnit.sleep(TimeUnit.java:386)
	at org.apache.ratis.util.TimeDuration.sleep(TimeDuration.java:324)
	at org.apache.ratis.util.TimeDuration.sleep(TimeDuration.java:309)
	at org.apache.ratis.server.impl.FollowerState.run(FollowerState.java:118)
2021-08-11 08:47:24,326 [grpc-default-executor-2] INFO  server.RaftServer$Division (RaftServerImpl.java:requestVote(1075)) - 420b874f-857b-4c1c-9003-2dc7fb97d846@group-0FF0947762BF replies to ELECTION vote request: 109ac5ad-939f-490b-bf91-0dce67b5b01f<-420b874f-857b-4c1c-9003-2dc7fb97d846#0:OK-t4. Peer's state: 420b874f-857b-4c1c-9003-2dc7fb97d846@group-0FF0947762BF:t4, leader=null, voted=109ac5ad-939f-490b-bf91-0dce67b5b01f, raftlog=420b874f-857b-4c1c-9003-2dc7fb97d846@group-0FF0947762BF-SegmentedRaftLog:OPENED:c14,f14,i14, conf=0: [109ac5ad-939f-490b-bf91-0dce67b5b01f|rpc:10.1.0.43:46857|dataStream:|priority:0, ae694f9c-4230-4382-bdc9-4a730a1d0d10|rpc:10.1.0.43:34969|dataStream:|priority:1, 420b874f-857b-4c1c-9003-2dc7fb97d846|rpc:10.1.0.43:37267|dataStream:|priority:0], old=null
2021-08-11 08:47:24,376 [SCMBlockDeletingService#0] DEBUG block.SCMBlockDeletingService (SCMBlockDeletingService.java:call(133)) - Running DeletedBlockTransactionScanner
2021-08-11 08:47:24,476 [SCMBlockDeletingService#0] DEBUG block.SCMBlockDeletingService (SCMBlockDeletingService.java:call(133)) - Running DeletedBlockTransactionScanner
2021-08-11 08:47:24,576 [SCMBlockDeletingService#0] DEBUG block.SCMBlockDeletingService (SCMBlockDeletingService.java:call(133)) - Running DeletedBlockTransactionScanner
2021-08-11 08:47:24,676 [SCMBlockDeletingService#0] DEBUG block.SCMBlockDeletingService (SCMBlockDeletingService.java:call(133)) - Running DeletedBlockTransactionScanner
2021-08-11 08:47:24,776 [SCMBlockDeletingService#0] DEBUG block.SCMBlockDeletingService (SCMBlockDeletingService.java:call(133)) - Running DeletedBlockTransactionScanner
2021-08-11 08:47:24,876 [SCMBlockDeletingService#0] DEBUG block.SCMBlockDeletingService (SCMBlockDeletingService.java:call(133)) - Running DeletedBlockTransactionScanner
2021-08-11 08:47:24,935 [Listener at 127.0.0.1/34095] INFO  ozone.MiniOzoneClusterImpl (MiniOzoneClusterImpl.java:lambda$waitForClusterToBeReady$0(235)) - Waiting for nodes to be ready. Got 2 of 3 DN Heartbeats.
2021-08-11 08:47:24,936 [Listener at 127.0.0.1/34095] INFO  ozone.MiniOzoneClusterImpl (MiniOzoneClusterImpl.java:lambda$waitForClusterToBeReady$0(238)) - Cluster exits safe mode
2021-08-11 08:47:24,936 [Listener at 127.0.0.1/34095] INFO  ozone.MiniOzoneClusterImpl (MiniOzoneClusterImpl.java:lambda$waitForClusterToBeReady$0(240)) - SCM became leader
2021-08-11 08:47:24,976 [SCMBlockDeletingService#0] DEBUG block.SCMBlockDeletingService (SCMBlockDeletingService.java:call(133)) - Running DeletedBlockTransactionScanner
2021-08-11 08:47:25,076 [SCMBlockDeletingService#0] DEBUG block.SCMBlockDeletingService (SCMBlockDeletingService.java:call(133)) - Running DeletedBlockTransactionScanner
2021-08-11 08:47:25,179 [SCMBlockDeletingService#0] DEBUG block.SCMBlockDeletingService (SCMBlockDeletingService.java:call(133)) - Running DeletedBlockTransactionScanner
2021-08-11 08:47:25,279 [SCMBlockDeletingService#0] DEBUG block.SCMBlockDeletingService (SCMBlockDeletingService.java:call(133)) - Running DeletedBlockTransactionScanner
2021-08-11 08:47:25,379 [SCMBlockDeletingService#0] DEBUG block.SCMBlockDeletingService (SCMBlockDeletingService.java:call(133)) - Running DeletedBlockTransactionScanner
2021-08-11 08:47:25,480 [SCMBlockDeletingService#0] DEBUG block.SCMBlockDeletingService (SCMBlockDeletingService.java:call(133)) - Running DeletedBlockTransactionScanner
2021-08-11 08:47:25,580 [SCMBlockDeletingService#0] DEBUG block.SCMBlockDeletingService (SCMBlockDeletingService.java:call(133)) - Running DeletedBlockTransactionScanner
2021-08-11 08:47:25,680 [SCMBlockDeletingService#0] DEBUG block.SCMBlockDeletingService (SCMBlockDeletingService.java:call(133)) - Running DeletedBlockTransactionScanner
2021-08-11 08:47:25,780 [SCMBlockDeletingService#0] DEBUG block.SCMBlockDeletingService (SCMBlockDeletingService.java:call(133)) - Running DeletedBlockTransactionScanner
2021-08-11 08:47:25,882 [SCMBlockDeletingService#0] DEBUG block.SCMBlockDeletingService (SCMBlockDeletingService.java:call(133)) - Running DeletedBlockTransactionScanner
2021-08-11 08:47:25,936 [Listener at 127.0.0.1/34095] INFO  ozone.MiniOzoneClusterImpl (MiniOzoneClusterImpl.java:lambda$waitForClusterToBeReady$0(235)) - Waiting for nodes to be ready. Got 2 of 3 DN Heartbeats.
2021-08-11 08:47:25,937 [Listener at 127.0.0.1/34095] INFO  ozone.MiniOzoneClusterImpl (MiniOzoneClusterImpl.java:lambda$waitForClusterToBeReady$0(238)) - Cluster exits safe mode
2021-08-11 08:47:25,937 [Listener at 127.0.0.1/34095] INFO  ozone.MiniOzoneClusterImpl (MiniOzoneClusterImpl.java:lambda$waitForClusterToBeReady$0(240)) - SCM became leader
2021-08-11 08:47:25,982 [SCMBlockDeletingService#0] DEBUG block.SCMBlockDeletingService (SCMBlockDeletingService.java:call(133)) - Running DeletedBlockTransactionScanner
2021-08-11 08:47:26,082 [SCMBlockDeletingService#0] DEBUG block.SCMBlockDeletingService (SCMBlockDeletingService.java:call(133)) - Running DeletedBlockTransactionScanner
2021-08-11 08:47:26,182 [SCMBlockDeletingService#0] DEBUG block.SCMBlockDeletingService (SCMBlockDeletingService.java:call(133)) - Running DeletedBlockTransactionScanner
2021-08-11 08:47:26,282 [SCMBlockDeletingService#0] DEBUG block.SCMBlockDeletingService (SCMBlockDeletingService.java:call(133)) - Running DeletedBlockTransactionScanner
2021-08-11 08:47:26,382 [SCMBlockDeletingService#0] DEBUG block.SCMBlockDeletingService (SCMBlockDeletingService.java:call(133)) - Running DeletedBlockTransactionScanner
2021-08-11 08:47:26,483 [SCMBlockDeletingService#0] DEBUG block.SCMBlockDeletingService (SCMBlockDeletingService.java:call(133)) - Running DeletedBlockTransactionScanner
2021-08-11 08:47:26,583 [SCMBlockDeletingService#0] DEBUG block.SCMBlockDeletingService (SCMBlockDeletingService.java:call(133)) - Running DeletedBlockTransactionScanner
2021-08-11 08:47:26,683 [SCMBlockDeletingService#0] DEBUG block.SCMBlockDeletingService (SCMBlockDeletingService.java:call(133)) - Running DeletedBlockTransactionScanner
2021-08-11 08:47:26,783 [SCMBlockDeletingService#0] DEBUG block.SCMBlockDeletingService (SCMBlockDeletingService.java:call(133)) - Running DeletedBlockTransactionScanner
2021-08-11 08:47:26,883 [SCMBlockDeletingService#0] DEBUG block.SCMBlockDeletingService (SCMBlockDeletingService.java:call(133)) - Running DeletedBlockTransactionScanner
2021-08-11 08:47:26,937 [Listener at 127.0.0.1/34095] INFO  ozone.MiniOzoneClusterImpl (MiniOzoneClusterImpl.java:lambda$waitForClusterToBeReady$0(235)) - Waiting for nodes to be ready. Got 2 of 3 DN Heartbeats.
2021-08-11 08:47:26,937 [Listener at 127.0.0.1/34095] INFO  ozone.MiniOzoneClusterImpl (MiniOzoneClusterImpl.java:lambda$waitForClusterToBeReady$0(238)) - Cluster exits safe mode
2021-08-11 08:47:26,937 [Listener at 127.0.0.1/34095] INFO  ozone.MiniOzoneClusterImpl (MiniOzoneClusterImpl.java:lambda$waitForClusterToBeReady$0(240)) - SCM became leader
2021-08-11 08:47:26,983 [SCMBlockDeletingService#0] DEBUG block.SCMBlockDeletingService (SCMBlockDeletingService.java:call(133)) - Running DeletedBlockTransactionScanner
2021-08-11 08:47:27,065 [EventQueue-HealthyReadonlyNodeForHealthyReadOnlyNodeHandler] INFO  node.HealthyReadOnlyNodeHandler (HealthyReadOnlyNodeHandler.java:onMessage(56)) - Datanode ae694f9c-4230-4382-bdc9-4a730a1d0d10{ip: 10.1.0.43, host: fv-az291-953.wgnan5asplgejimfprtllbpdch.jx.internal.cloudapp.net, ports: [REPLICATION=41367, RATIS=34969, RATIS_ADMIN=34969, RATIS_SERVER=34969, STANDALONE=42147], networkLocation: /default-rack, certSerialId: null, persistedOpState: IN_SERVICE, persistedOpStateExpiryEpochSec: 0} moved to HEALTHY READONLY state.
2021-08-11 08:47:27,067 [EventQueue-HealthyReadonlyNodeForHealthyReadOnlyNodeHandler] INFO  node.HealthyReadOnlyNodeHandler (HealthyReadOnlyNodeHandler.java:onMessage(60)) - Closing pipeline PipelineID=6d1ce88c-fb58-4f21-926f-0ff0947762bf which uses HEALTHY READONLY datanode ae694f9c-4230-4382-bdc9-4a730a1d0d10{ip: 10.1.0.43, host: fv-az291-953.wgnan5asplgejimfprtllbpdch.jx.internal.cloudapp.net, ports: [REPLICATION=41367, RATIS=34969, RATIS_ADMIN=34969, RATIS_SERVER=34969, STANDALONE=42147], networkLocation: /default-rack, certSerialId: null, persistedOpState: IN_SERVICE, persistedOpStateExpiryEpochSec: 0} 
2021-08-11 08:47:27,070 [EventQueue-HealthyReadonlyNodeForHealthyReadOnlyNodeHandler] INFO  pipeline.RatisPipelineProvider (RatisPipelineProvider.java:lambda$close$1(222)) - Send pipeline:PipelineID=6d1ce88c-fb58-4f21-926f-0ff0947762bf close command to datanode 109ac5ad-939f-490b-bf91-0dce67b5b01f
2021-08-11 08:47:27,078 [EventQueue-HealthyReadonlyNodeForHealthyReadOnlyNodeHandler] INFO  pipeline.RatisPipelineProvider (RatisPipelineProvider.java:lambda$close$1(222)) - Send pipeline:PipelineID=6d1ce88c-fb58-4f21-926f-0ff0947762bf close command to datanode ae694f9c-4230-4382-bdc9-4a730a1d0d10
2021-08-11 08:47:27,078 [EventQueue-HealthyReadonlyNodeForHealthyReadOnlyNodeHandler] INFO  pipeline.RatisPipelineProvider (RatisPipelineProvider.java:lambda$close$1(222)) - Send pipeline:PipelineID=6d1ce88c-fb58-4f21-926f-0ff0947762bf close command to datanode 420b874f-857b-4c1c-9003-2dc7fb97d846
2021-08-11 08:47:27,083 [SCMBlockDeletingService#0] DEBUG block.SCMBlockDeletingService (SCMBlockDeletingService.java:call(133)) - Running DeletedBlockTransactionScanner
2021-08-11 08:47:27,089 [EventQueue-HealthyReadonlyNodeForHealthyReadOnlyNodeHandler] INFO  pipeline.PipelineStateManager (PipelineStateManagerV2Impl.java:removePipeline(211)) - Pipeline Pipeline[ Id: 6d1ce88c-fb58-4f21-926f-0ff0947762bf, Nodes: 109ac5ad-939f-490b-bf91-0dce67b5b01f{ip: 10.1.0.43, host: fv-az291-953.wgnan5asplgejimfprtllbpdch.jx.internal.cloudapp.net, ports: [REPLICATION=37559, RATIS=46857, RATIS_ADMIN=46857, RATIS_SERVER=46857, STANDALONE=44477], networkLocation: /default-rack, certSerialId: null, persistedOpState: IN_SERVICE, persistedOpStateExpiryEpochSec: 0}ae694f9c-4230-4382-bdc9-4a730a1d0d10{ip: 10.1.0.43, host: fv-az291-953.wgnan5asplgejimfprtllbpdch.jx.internal.cloudapp.net, ports: [REPLICATION=41367, RATIS=34969, RATIS_ADMIN=34969, RATIS_SERVER=34969, STANDALONE=42147], networkLocation: /default-rack, certSerialId: null, persistedOpState: IN_SERVICE, persistedOpStateExpiryEpochSec: 0}420b874f-857b-4c1c-9003-2dc7fb97d846{ip: 10.1.0.43, host: fv-az291-953.wgnan5asplgejimfprtllbpdch.jx.internal.cloudapp.net, ports: [REPLICATION=42787, RATIS=37267, RATIS_ADMIN=37267, RATIS_SERVER=37267, STANDALONE=39267], networkLocation: /default-rack, certSerialId: null, persistedOpState: IN_SERVICE, persistedOpStateExpiryEpochSec: 0}, ReplicationConfig: RATIS/THREE, State:CLOSED, leaderId:ae694f9c-4230-4382-bdc9-4a730a1d0d10, CreationTimestamp2021-08-11T08:46:46.244Z[Etc/UTC]] removed.
2021-08-11 08:47:27,175 [EventQueue-HealthyReadonlyToHealthyNodeForReadOnlyHealthyToHealthyNodeHandler] INFO  node.ReadOnlyHealthyToHealthyNodeHandler (ReadOnlyHealthyToHealthyNodeHandler.java:onMessage(51)) - Datanode ae694f9c-4230-4382-bdc9-4a730a1d0d10{ip: 10.1.0.43, host: fv-az291-953.wgnan5asplgejimfprtllbpdch.jx.internal.cloudapp.net, ports: [REPLICATION=41367, RATIS=34969, RATIS_ADMIN=34969, RATIS_SERVER=34969, STANDALONE=42147], networkLocation: /default-rack, certSerialId: null, persistedOpState: IN_SERVICE, persistedOpStateExpiryEpochSec: 0} moved to HEALTHY state.
2021-08-11 08:47:27,177 [EventQueue-HealthyReadonlyToHealthyNodeForReadOnlyHealthyToHealthyNodeHandler] INFO  pipeline.BackgroundPipelineCreator (BackgroundPipelineCreatorV2.java:notifyEventTriggered(285)) - trigger a one-shot run on RatisPipelineUtilsThread.
2021-08-11 08:47:27,177 [RatisPipelineUtilsThread - 0] INFO  pipeline.RatisPipelineProvider (RatisPipelineProvider.java:lambda$create$0(183)) - Sending CreatePipelineCommand for pipeline:PipelineID=78097312-14c1-4a92-90ae-ef0e04f40afa to datanode:109ac5ad-939f-490b-bf91-0dce67b5b01f
2021-08-11 08:47:27,178 [RatisPipelineUtilsThread - 0] INFO  pipeline.RatisPipelineProvider (RatisPipelineProvider.java:lambda$create$0(183)) - Sending CreatePipelineCommand for pipeline:PipelineID=78097312-14c1-4a92-90ae-ef0e04f40afa to datanode:420b874f-857b-4c1c-9003-2dc7fb97d846
2021-08-11 08:47:27,178 [RatisPipelineUtilsThread - 0] INFO  pipeline.RatisPipelineProvider (RatisPipelineProvider.java:lambda$create$0(183)) - Sending CreatePipelineCommand for pipeline:PipelineID=78097312-14c1-4a92-90ae-ef0e04f40afa to datanode:ae694f9c-4230-4382-bdc9-4a730a1d0d10
2021-08-11 08:47:27,178 [RatisPipelineUtilsThread - 0] INFO  pipeline.PipelineStateManager (PipelineStateManagerV2Impl.java:addPipeline(101)) - Created pipeline Pipeline[ Id: 78097312-14c1-4a92-90ae-ef0e04f40afa, Nodes: 109ac5ad-939f-490b-bf91-0dce67b5b01f{ip: 10.1.0.43, host: fv-az291-953.wgnan5asplgejimfprtllbpdch.jx.internal.cloudapp.net, ports: [REPLICATION=37559, RATIS=46857, RATIS_ADMIN=46857, RATIS_SERVER=46857, STANDALONE=44477], networkLocation: /default-rack, certSerialId: null, persistedOpState: IN_SERVICE, persistedOpStateExpiryEpochSec: 0}420b874f-857b-4c1c-9003-2dc7fb97d846{ip: 10.1.0.43, host: fv-az291-953.wgnan5asplgejimfprtllbpdch.jx.internal.cloudapp.net, ports: [REPLICATION=42787, RATIS=37267, RATIS_ADMIN=37267, RATIS_SERVER=37267, STANDALONE=39267], networkLocation: /default-rack, certSerialId: null, persistedOpState: IN_SERVICE, persistedOpStateExpiryEpochSec: 0}ae694f9c-4230-4382-bdc9-4a730a1d0d10{ip: 10.1.0.43, host: fv-az291-953.wgnan5asplgejimfprtllbpdch.jx.internal.cloudapp.net, ports: [REPLICATION=41367, RATIS=34969, RATIS_ADMIN=34969, RATIS_SERVER=34969, STANDALONE=42147], networkLocation: /default-rack, certSerialId: null, persistedOpState: IN_SERVICE, persistedOpStateExpiryEpochSec: 0}, ReplicationConfig: RATIS/THREE, State:ALLOCATED, leaderId:, CreationTimestamp2021-08-11T08:47:27.177Z[Etc/UTC]].
2021-08-11 08:47:27,183 [SCMBlockDeletingService#0] DEBUG block.SCMBlockDeletingService (SCMBlockDeletingService.java:call(133)) - Running DeletedBlockTransactionScanner
2021-08-11 08:47:27,283 [SCMBlockDeletingService#0] DEBUG block.SCMBlockDeletingService (SCMBlockDeletingService.java:call(133)) - Running DeletedBlockTransactionScanner
2021-08-11 08:47:27,361 [Command processor thread] INFO  server.RaftServer (RaftServerProxy.java:remove(106)) - 420b874f-857b-4c1c-9003-2dc7fb97d846: remove  FOLLOWER 420b874f-857b-4c1c-9003-2dc7fb97d846@group-0FF0947762BF:t4, leader=null, voted=109ac5ad-939f-490b-bf91-0dce67b5b01f, raftlog=420b874f-857b-4c1c-9003-2dc7fb97d846@group-0FF0947762BF-SegmentedRaftLog:OPENED:c14,f14,i14, conf=0: [109ac5ad-939f-490b-bf91-0dce67b5b01f|rpc:10.1.0.43:46857|dataStream:|priority:0, ae694f9c-4230-4382-bdc9-4a730a1d0d10|rpc:10.1.0.43:34969|dataStream:|priority:1, 420b874f-857b-4c1c-9003-2dc7fb97d846|rpc:10.1.0.43:37267|dataStream:|priority:0], old=null RUNNING
2021-08-11 08:47:27,368 [Command processor thread] INFO  server.RaftServer$Division (RaftServerImpl.java:lambda$close$4(407)) - 420b874f-857b-4c1c-9003-2dc7fb97d846@group-0FF0947762BF: shutdown
2021-08-11 08:47:27,368 [Command processor thread] INFO  util.JmxRegister (JmxRegister.java:unregister(73)) - Successfully un-registered JMX Bean with object name Ratis:service=RaftServer,group=group-0FF0947762BF,id=420b874f-857b-4c1c-9003-2dc7fb97d846
2021-08-11 08:47:27,368 [Command processor thread] INFO  impl.RoleInfo (RoleInfo.java:shutdownFollowerState(108)) - 420b874f-857b-4c1c-9003-2dc7fb97d846: shutdown 420b874f-857b-4c1c-9003-2dc7fb97d846@group-0FF0947762BF-FollowerState
2021-08-11 08:47:27,368 [Command processor thread] INFO  impl.StateMachineUpdater (StateMachineUpdater.java:stopAndJoin(149)) - 420b874f-857b-4c1c-9003-2dc7fb97d846@group-0FF0947762BF-StateMachineUpdater: set stopIndex = 14
2021-08-11 08:47:27,368 [420b874f-857b-4c1c-9003-2dc7fb97d846@group-0FF0947762BF-FollowerState] INFO  impl.FollowerState (FollowerState.java:run(143)) - 420b874f-857b-4c1c-9003-2dc7fb97d846@group-0FF0947762BF-FollowerState was interrupted: {}
java.lang.InterruptedException: sleep interrupted
	at java.lang.Thread.sleep(Native Method)
	at java.lang.Thread.sleep(Thread.java:340)
	at java.util.concurrent.TimeUnit.sleep(TimeUnit.java:386)
	at org.apache.ratis.util.TimeDuration.sleep(TimeDuration.java:324)
	at org.apache.ratis.util.TimeDuration.sleep(TimeDuration.java:309)
	at org.apache.ratis.server.impl.FollowerState.run(FollowerState.java:118)
2021-08-11 08:47:27,368 [420b874f-857b-4c1c-9003-2dc7fb97d846@group-0FF0947762BF-StateMachineUpdater] INFO  ratis.ContainerStateMachine (ContainerStateMachine.java:takeSnapshot(291)) - group-0FF0947762BF: Taking a snapshot at:(t:3, i:14) file /home/runner/work/ozone/ozone/hadoop-ozone/integration-test/target/test-dir/MiniOzoneClusterImpl-c4fb58e9-55df-43b6-ac52-1e7b71033b91/datanode-2/data/ratis/6d1ce88c-fb58-4f21-926f-0ff0947762bf/sm/snapshot.3_14
2021-08-11 08:47:27,370 [420b874f-857b-4c1c-9003-2dc7fb97d846@group-0FF0947762BF-StateMachineUpdater] INFO  ratis.ContainerStateMachine (ContainerStateMachine.java:takeSnapshot(302)) - group-0FF0947762BF: Finished taking a snapshot at:(t:3, i:14) file:/home/runner/work/ozone/ozone/hadoop-ozone/integration-test/target/test-dir/MiniOzoneClusterImpl-c4fb58e9-55df-43b6-ac52-1e7b71033b91/datanode-2/data/ratis/6d1ce88c-fb58-4f21-926f-0ff0947762bf/sm/snapshot.3_14 took: 2 ms
2021-08-11 08:47:27,370 [420b874f-857b-4c1c-9003-2dc7fb97d846@group-0FF0947762BF-StateMachineUpdater] INFO  impl.StateMachineUpdater (StateMachineUpdater.java:takeSnapshot(281)) - 420b874f-857b-4c1c-9003-2dc7fb97d846@group-0FF0947762BF-StateMachineUpdater: Took a snapshot at index 14
2021-08-11 08:47:27,370 [420b874f-857b-4c1c-9003-2dc7fb97d846@group-0FF0947762BF-StateMachineUpdater] INFO  impl.StateMachineUpdater (StateMachineUpdater.java:lambda$new$0(89)) - 420b874f-857b-4c1c-9003-2dc7fb97d846@group-0FF0947762BF-StateMachineUpdater: snapshotIndex: updateIncreasingly -1 -> 14
2021-08-11 08:47:27,371 [Command processor thread] INFO  server.RaftServer$Division (ServerState.java:close(419)) - 420b874f-857b-4c1c-9003-2dc7fb97d846@group-0FF0947762BF: closes. applyIndex: 14
2021-08-11 08:47:27,372 [420b874f-857b-4c1c-9003-2dc7fb97d846@group-0FF0947762BF-SegmentedRaftLogWorker] INFO  segmented.SegmentedRaftLogWorker (SegmentedRaftLogWorker.java:run(327)) - 420b874f-857b-4c1c-9003-2dc7fb97d846@group-0FF0947762BF-SegmentedRaftLogWorker was interrupted, exiting. There are 0 tasks remaining in the queue.
2021-08-11 08:47:27,373 [Command processor thread] INFO  segmented.SegmentedRaftLogWorker (SegmentedRaftLogWorker.java:close(237)) - 420b874f-857b-4c1c-9003-2dc7fb97d846@group-0FF0947762BF-SegmentedRaftLogWorker close()
2021-08-11 08:47:27,374 [Command processor thread] ERROR commandhandler.ClosePipelineCommandHandler (ClosePipelineCommandHandler.java:handle(78)) - Can't close pipeline PipelineID=6d1ce88c-fb58-4f21-926f-0ff0947762bf
java.io.IOException: java.lang.NullPointerException
	at org.apache.hadoop.ozone.container.common.transport.server.ratis.XceiverServerRatis.removeGroup(XceiverServerRatis.java:777)
	at org.apache.hadoop.ozone.container.common.statemachine.commandhandler.ClosePipelineCommandHandler.handle(ClosePipelineCommandHandler.java:74)
	at org.apache.hadoop.ozone.container.common.statemachine.commandhandler.CommandDispatcher.handle(CommandDispatcher.java:99)
	at org.apache.hadoop.ozone.container.common.statemachine.DatanodeStateMachine.lambda$initCommandHandlerThread$2(DatanodeStateMachine.java:556)
	at java.lang.Thread.run(Thread.java:748)
Caused by: java.io.IOException: java.lang.NullPointerException
	at org.apache.ratis.util.IOUtils.asIOException(IOUtils.java:56)
	at org.apache.ratis.server.impl.RaftServerImpl.waitForReply(RaftServerImpl.java:898)
	at org.apache.ratis.server.impl.RaftServerProxy.groupManagement(RaftServerProxy.java:440)
	at org.apache.hadoop.ozone.container.common.transport.server.ratis.XceiverServerRatis.removeGroup(XceiverServerRatis.java:775)
	... 4 more
Caused by: java.lang.NullPointerException
	at org.apache.hadoop.ozone.container.ozoneimpl.ContainerController.markContainerForClose(ContainerController.java:83)
	at org.apache.hadoop.ozone.container.common.transport.server.ratis.ContainerStateMachine.notifyGroupRemove(ContainerStateMachine.java:901)
	at org.apache.ratis.server.impl.RaftServerImpl.groupRemove(RaftServerImpl.java:372)
	at org.apache.ratis.server.impl.RaftServerProxy.lambda$groupRemoveAsync$14(RaftServerProxy.java:507)
	at java.util.concurrent.CompletableFuture.uniApply(CompletableFuture.java:616)
	at java.util.concurrent.CompletableFuture.uniApplyStage(CompletableFuture.java:628)
	at java.util.concurrent.CompletableFuture.thenApply(CompletableFuture.java:1996)
	at org.apache.ratis.server.impl.RaftServerProxy.groupRemoveAsync(RaftServerProxy.java:506)
	at org.apache.ratis.server.impl.RaftServerProxy.groupManagementAsync(RaftServerProxy.java:460)
	... 6 more
2021-08-11 08:47:27,374 [Command processor thread] INFO  server.RaftServer (RaftServerProxy.java:addNew(95)) - 420b874f-857b-4c1c-9003-2dc7fb97d846: addNew group-EF0E04F40AFA:[109ac5ad-939f-490b-bf91-0dce67b5b01f|rpc:10.1.0.43:46857|priority:0, ae694f9c-4230-4382-bdc9-4a730a1d0d10|rpc:10.1.0.43:34969|priority:1, 420b874f-857b-4c1c-9003-2dc7fb97d846|rpc:10.1.0.43:37267|priority:0] returns group-EF0E04F40AFA:java.util.concurrent.CompletableFuture@2c1a1c9c[Not completed]
2021-08-11 08:47:27,375 [pool-320-thread-1] INFO  server.RaftServer$Division (RaftServerImpl.java:<init>(181)) - 420b874f-857b-4c1c-9003-2dc7fb97d846: new RaftServerImpl for group-EF0E04F40AFA:[109ac5ad-939f-490b-bf91-0dce67b5b01f|rpc:10.1.0.43:46857|priority:0, ae694f9c-4230-4382-bdc9-4a730a1d0d10|rpc:10.1.0.43:34969|priority:1, 420b874f-857b-4c1c-9003-2dc7fb97d846|rpc:10.1.0.43:37267|priority:0] with ContainerStateMachine:uninitialized
2021-08-11 08:47:27,375 [pool-320-thread-1] INFO  server.RaftServerConfigKeys (ConfUtils.java:logGet(44)) - raft.server.rpc.timeout.min = 5s (custom)
2021-08-11 08:47:27,375 [pool-320-thread-1] INFO  server.RaftServerConfigKeys (ConfUtils.java:logGet(44)) - raft.server.rpc.timeout.max = 5200ms (custom)
2021-08-11 08:47:27,375 [pool-320-thread-1] INFO  server.RaftServerConfigKeys (ConfUtils.java:logGet(44)) - raft.server.rpc.sleep.time = 25ms (default)
2021-08-11 08:47:27,375 [pool-320-thread-1] INFO  server.RaftServerConfigKeys (ConfUtils.java:logGet(44)) - raft.server.rpc.slowness.timeout = 300s (custom)
2021-08-11 08:47:27,376 [pool-320-thread-1] INFO  server.RaftServerConfigKeys (ConfUtils.java:logGet(44)) - raft.server.leaderelection.leader.step-down.wait-time = 10s (default)
2021-08-11 08:47:27,376 [pool-320-thread-1] INFO  server.RaftServerConfigKeys (ConfUtils.java:logGet(44)) - raft.server.sleep.deviation.threshold = 300ms (default)
2021-08-11 08:47:27,376 [pool-320-thread-1] INFO  server.RaftServerConfigKeys (ConfUtils.java:logGet(44)) - raft.server.log.appender.install.snapshot.enabled = false (custom)
2021-08-11 08:47:27,376 [pool-320-thread-1] INFO  server.RaftServer$Division (ServerState.java:<init>(105)) - 420b874f-857b-4c1c-9003-2dc7fb97d846@group-EF0E04F40AFA: ConfigurationManager, init=-1: [109ac5ad-939f-490b-bf91-0dce67b5b01f|rpc:10.1.0.43:46857|priority:0, ae694f9c-4230-4382-bdc9-4a730a1d0d10|rpc:10.1.0.43:34969|priority:1, 420b874f-857b-4c1c-9003-2dc7fb97d846|rpc:10.1.0.43:37267|priority:0], old=null, confs=<EMPTY_MAP>
2021-08-11 08:47:27,376 [pool-320-thread-1] INFO  server.RaftServerConfigKeys (ConfUtils.java:logGet(44)) - raft.server.storage.dir = [/home/runner/work/ozone/ozone/hadoop-ozone/integration-test/target/test-dir/MiniOzoneClusterImpl-c4fb58e9-55df-43b6-ac52-1e7b71033b91/datanode-2/data/ratis] (custom)
2021-08-11 08:47:27,376 [pool-320-thread-1] INFO  server.RaftServerConfigKeys (ConfUtils.java:logGet(44)) - raft.server.log.corruption.policy = EXCEPTION (default)
2021-08-11 08:47:27,376 [pool-320-thread-1] INFO  server.RaftServerConfigKeys (ConfUtils.java:logGet(44)) - raft.server.storage.free-space.min = 0MB (=0) (default)
2021-08-11 08:47:27,376 [pool-320-thread-1] INFO  storage.RaftStorageDirectory (RaftStorageDirectoryImpl.java:analyzeStorage(135)) - The storage directory /home/runner/work/ozone/ozone/hadoop-ozone/integration-test/target/test-dir/MiniOzoneClusterImpl-c4fb58e9-55df-43b6-ac52-1e7b71033b91/datanode-2/data/ratis/78097312-14c1-4a92-90ae-ef0e04f40afa does not exist. Creating ...
2021-08-11 08:47:27,379 [pool-320-thread-1] INFO  storage.RaftStorageDirectory (RaftStorageDirectoryImpl.java:tryLock(230)) - Lock on /home/runner/work/ozone/ozone/hadoop-ozone/integration-test/target/test-dir/MiniOzoneClusterImpl-c4fb58e9-55df-43b6-ac52-1e7b71033b91/datanode-2/data/ratis/78097312-14c1-4a92-90ae-ef0e04f40afa/in_use.lock acquired by nodename 29959@fv-az291-953
2021-08-11 08:47:27,381 [pool-320-thread-1] INFO  storage.RaftStorage (RaftStorageImpl.java:format(89)) - Storage directory /home/runner/work/ozone/ozone/hadoop-ozone/integration-test/target/test-dir/MiniOzoneClusterImpl-c4fb58e9-55df-43b6-ac52-1e7b71033b91/datanode-2/data/ratis/78097312-14c1-4a92-90ae-ef0e04f40afa has been successfully formatted.
2021-08-11 08:47:27,381 [pool-320-thread-1] INFO  ratis.ContainerStateMachine (ContainerStateMachine.java:loadSnapshot(223)) - group-EF0E04F40AFA: The snapshot info is null. Setting the last applied indexto:(t:0, i:~)
2021-08-11 08:47:27,382 [pool-320-thread-1] INFO  server.RaftServerConfigKeys (ConfUtils.java:logGet(44)) - raft.server.notification.no-leader.timeout = 300s (custom)
2021-08-11 08:47:27,382 [Datanode State Machine Thread - 0] WARN  statemachine.StateContext (StateContext.java:execute(621)) - No available thread in pool for past 0 seconds.
2021-08-11 08:47:27,382 [pool-320-thread-1] INFO  server.RaftServerConfigKeys (ConfUtils.java:logGet(44)) - raft.server.log.use.memory = false (default)
2021-08-11 08:47:27,383 [pool-320-thread-1] INFO  server.RaftServerConfigKeys (ConfUtils.java:logGet(44)) - raft.server.log.purge.gap = 1000000 (custom)
2021-08-11 08:47:27,383 [SCMBlockDeletingService#0] DEBUG block.SCMBlockDeletingService (SCMBlockDeletingService.java:call(133)) - Running DeletedBlockTransactionScanner
2021-08-11 08:47:27,383 [pool-320-thread-1] INFO  server.RaftServerConfigKeys (ConfUtils.java:logGet(44)) - raft.server.log.appender.buffer.byte-limit = 33554432 (custom)
2021-08-11 08:47:27,386 [pool-320-thread-1] INFO  server.RaftServerConfigKeys (ConfUtils.java:logGet(44)) - raft.server.log.segment.size.max = 1048576 (custom)
2021-08-11 08:47:27,387 [pool-320-thread-1] INFO  server.RaftServerConfigKeys (ConfUtils.java:logGet(44)) - raft.server.log.segment.cache.num.max = 2 (custom)
2021-08-11 08:47:27,387 [pool-320-thread-1] INFO  server.RaftServerConfigKeys (ConfUtils.java:logGet(44)) - raft.server.log.segment.cache.size.max = 200MB (=209715200) (default)
2021-08-11 08:47:27,387 [pool-320-thread-1] INFO  segmented.SegmentedRaftLogWorker (SegmentedRaftLogWorker.java:<init>(182)) - new 420b874f-857b-4c1c-9003-2dc7fb97d846@group-EF0E04F40AFA-SegmentedRaftLogWorker for RaftStorageImpl:Storage Directory /home/runner/work/ozone/ozone/hadoop-ozone/integration-test/target/test-dir/MiniOzoneClusterImpl-c4fb58e9-55df-43b6-ac52-1e7b71033b91/datanode-2/data/ratis/78097312-14c1-4a92-90ae-ef0e04f40afa
2021-08-11 08:47:27,387 [pool-320-thread-1] INFO  server.RaftServerConfigKeys (ConfUtils.java:logGet(44)) - raft.server.log.queue.byte-limit = 2147483647 (custom)
2021-08-11 08:47:27,387 [pool-320-thread-1] INFO  server.RaftServerConfigKeys (ConfUtils.java:logGet(44)) - raft.server.log.queue.element-limit = 1024 (custom)
2021-08-11 08:47:27,387 [pool-320-thread-1] INFO  server.RaftServerConfigKeys (ConfUtils.java:logGet(44)) - raft.server.log.segment.size.max = 1048576 (custom)
2021-08-11 08:47:27,387 [pool-320-thread-1] INFO  server.RaftServerConfigKeys (ConfUtils.java:logGet(44)) - raft.server.log.preallocated.size = 16384 (custom)
2021-08-11 08:47:27,387 [pool-320-thread-1] INFO  server.RaftServerConfigKeys (ConfUtils.java:logGet(44)) - raft.server.log.force.sync.num = 128 (default)
2021-08-11 08:47:27,387 [pool-320-thread-1] INFO  server.RaftServerConfigKeys (ConfUtils.java:logGet(44)) - raft.server.log.statemachine.data.sync = true (default)
2021-08-11 08:47:27,387 [pool-320-thread-1] INFO  server.RaftServerConfigKeys (ConfUtils.java:logGet(44)) - raft.server.log.statemachine.data.sync.timeout = 10s (default)
2021-08-11 08:47:27,388 [pool-320-thread-1] INFO  server.RaftServerConfigKeys (ConfUtils.java:logGet(44)) - raft.server.log.statemachine.data.sync.timeout.retry = -1 (default)
2021-08-11 08:47:27,388 [pool-320-thread-1] INFO  server.RaftServerConfigKeys (ConfUtils.java:logGet(44)) - raft.server.log.write.buffer.size = 1048576 (custom)
2021-08-11 08:47:27,389 [pool-320-thread-1] INFO  server.RaftServerConfigKeys (ConfUtils.java:logGet(44)) - raft.server.log.statemachine.data.caching.enabled = true (custom)
2021-08-11 08:47:27,389 [pool-320-thread-1] INFO  segmented.SegmentedRaftLogWorker (SegmentedRaftLogWorker.java:lambda$new$0(133)) - 420b874f-857b-4c1c-9003-2dc7fb97d846@group-EF0E04F40AFA-SegmentedRaftLogWorker: flushIndex: setUnconditionally 0 -> -1
2021-08-11 08:47:27,395 [pool-320-thread-1] INFO  segmented.SegmentedRaftLogWorker (SegmentedRaftLogWorker.java:lambda$new$0(133)) - 420b874f-857b-4c1c-9003-2dc7fb97d846@group-EF0E04F40AFA-SegmentedRaftLogWorker: safeCacheEvictIndex: setUnconditionally 0 -> -1
2021-08-11 08:47:27,396 [pool-320-thread-1] INFO  server.RaftServerConfigKeys (ConfUtils.java:logGet(44)) - raft.server.snapshot.auto.trigger.enabled = true (custom)
2021-08-11 08:47:27,396 [pool-320-thread-1] INFO  server.RaftServerConfigKeys (ConfUtils.java:logGet(44)) - raft.server.snapshot.auto.trigger.threshold = 10000 (custom)
2021-08-11 08:47:27,396 [pool-320-thread-1] INFO  server.RaftServerConfigKeys (ConfUtils.java:logGet(44)) - raft.server.snapshot.retention.file.num = 5 (custom)
2021-08-11 08:47:27,397 [pool-320-thread-1] INFO  server.RaftServerConfigKeys (ConfUtils.java:logGet(44)) - raft.server.log.purge.upto.snapshot.index = false (default)
2021-08-11 08:47:27,397 [pool-320-thread-1] INFO  server.RaftServerConfigKeys (ConfUtils.java:logGet(44)) - raft.server.retrycache.expirytime = 600000ms (custom)
2021-08-11 08:47:27,397 [pool-320-thread-1] INFO  server.RaftServerConfigKeys (ConfUtils.java:logGet(44)) - raft.server.retrycache.statistics.expirytime = 100μs (default)
2021-08-11 08:47:27,398 [pool-320-thread-1] INFO  server.RaftServer$Division (RaftServerImpl.java:start(296)) - 420b874f-857b-4c1c-9003-2dc7fb97d846@group-EF0E04F40AFA: start as a follower, conf=-1: [109ac5ad-939f-490b-bf91-0dce67b5b01f|rpc:10.1.0.43:46857|priority:0, ae694f9c-4230-4382-bdc9-4a730a1d0d10|rpc:10.1.0.43:34969|priority:1, 420b874f-857b-4c1c-9003-2dc7fb97d846|rpc:10.1.0.43:37267|priority:0], old=null
2021-08-11 08:47:27,399 [pool-320-thread-1] INFO  server.RaftServer$Division (RaftServerImpl.java:setRole(285)) - 420b874f-857b-4c1c-9003-2dc7fb97d846@group-EF0E04F40AFA: changes role from      null to FOLLOWER at term 0 for startAsFollower
2021-08-11 08:47:27,399 [pool-320-thread-1] INFO  impl.RoleInfo (RoleInfo.java:updateAndGet(130)) - 420b874f-857b-4c1c-9003-2dc7fb97d846: start 420b874f-857b-4c1c-9003-2dc7fb97d846@group-EF0E04F40AFA-FollowerState
2021-08-11 08:47:27,404 [pool-320-thread-1] INFO  util.JmxRegister (JmxRegister.java:tryRegister(44)) - Successfully registered JMX Bean with object name Ratis:service=RaftServer,group=group-EF0E04F40AFA,id=420b874f-857b-4c1c-9003-2dc7fb97d846
2021-08-11 08:47:27,405 [Command processor thread] INFO  ratis.XceiverServerRatis (XceiverServerRatis.java:addGroup(759)) - Created group PipelineID=78097312-14c1-4a92-90ae-ef0e04f40afa
2021-08-11 08:47:27,419 [grpc-default-executor-2] INFO  server.RaftServer (RaftServerProxy.java:addNew(95)) - 109ac5ad-939f-490b-bf91-0dce67b5b01f: addNew group-EF0E04F40AFA:[109ac5ad-939f-490b-bf91-0dce67b5b01f|rpc:10.1.0.43:46857|dataStream:|priority:0, ae694f9c-4230-4382-bdc9-4a730a1d0d10|rpc:10.1.0.43:34969|dataStream:|priority:1, 420b874f-857b-4c1c-9003-2dc7fb97d846|rpc:10.1.0.43:37267|dataStream:|priority:0] returns group-EF0E04F40AFA:java.util.concurrent.CompletableFuture@1ecf48aa[Not completed]
2021-08-11 08:47:27,420 [pool-301-thread-1] INFO  server.RaftServer$Division (RaftServerImpl.java:<init>(181)) - 109ac5ad-939f-490b-bf91-0dce67b5b01f: new RaftServerImpl for group-EF0E04F40AFA:[109ac5ad-939f-490b-bf91-0dce67b5b01f|rpc:10.1.0.43:46857|dataStream:|priority:0, ae694f9c-4230-4382-bdc9-4a730a1d0d10|rpc:10.1.0.43:34969|dataStream:|priority:1, 420b874f-857b-4c1c-9003-2dc7fb97d846|rpc:10.1.0.43:37267|dataStream:|priority:0] with ContainerStateMachine:uninitialized
2021-08-11 08:47:27,420 [pool-301-thread-1] INFO  server.RaftServerConfigKeys (ConfUtils.java:logGet(44)) - raft.server.rpc.timeout.min = 5s (custom)
2021-08-11 08:47:27,420 [pool-301-thread-1] INFO  server.RaftServerConfigKeys (ConfUtils.java:logGet(44)) - raft.server.rpc.timeout.max = 5200ms (custom)
2021-08-11 08:47:27,420 [pool-301-thread-1] INFO  server.RaftServerConfigKeys (ConfUtils.java:logGet(44)) - raft.server.rpc.sleep.time = 25ms (default)
2021-08-11 08:47:27,421 [pool-301-thread-1] INFO  server.RaftServerConfigKeys (ConfUtils.java:logGet(44)) - raft.server.rpc.slowness.timeout = 300s (custom)
2021-08-11 08:47:27,421 [pool-301-thread-1] INFO  server.RaftServerConfigKeys (ConfUtils.java:logGet(44)) - raft.server.leaderelection.leader.step-down.wait-time = 10s (default)
2021-08-11 08:47:27,421 [pool-301-thread-1] INFO  server.RaftServerConfigKeys (ConfUtils.java:logGet(44)) - raft.server.sleep.deviation.threshold = 300ms (default)
2021-08-11 08:47:27,421 [pool-301-thread-1] INFO  server.RaftServerConfigKeys (ConfUtils.java:logGet(44)) - raft.server.log.appender.install.snapshot.enabled = false (custom)
2021-08-11 08:47:27,421 [pool-301-thread-1] INFO  server.RaftServer$Division (ServerState.java:<init>(105)) - 109ac5ad-939f-490b-bf91-0dce67b5b01f@group-EF0E04F40AFA: ConfigurationManager, init=-1: [109ac5ad-939f-490b-bf91-0dce67b5b01f|rpc:10.1.0.43:46857|dataStream:|priority:0, ae694f9c-4230-4382-bdc9-4a730a1d0d10|rpc:10.1.0.43:34969|dataStream:|priority:1, 420b874f-857b-4c1c-9003-2dc7fb97d846|rpc:10.1.0.43:37267|dataStream:|priority:0], old=null, confs=<EMPTY_MAP>
2021-08-11 08:47:27,421 [pool-301-thread-1] INFO  server.RaftServerConfigKeys (ConfUtils.java:logGet(44)) - raft.server.storage.dir = [/home/runner/work/ozone/ozone/hadoop-ozone/integration-test/target/test-dir/MiniOzoneClusterImpl-c4fb58e9-55df-43b6-ac52-1e7b71033b91/datanode-1/data/ratis] (custom)
2021-08-11 08:47:27,421 [pool-301-thread-1] INFO  server.RaftServerConfigKeys (ConfUtils.java:logGet(44)) - raft.server.log.corruption.policy = EXCEPTION (default)
2021-08-11 08:47:27,421 [pool-301-thread-1] INFO  server.RaftServerConfigKeys (ConfUtils.java:logGet(44)) - raft.server.storage.free-space.min = 0MB (=0) (default)
2021-08-11 08:47:27,421 [pool-301-thread-1] INFO  storage.RaftStorageDirectory (RaftStorageDirectoryImpl.java:analyzeStorage(135)) - The storage directory /home/runner/work/ozone/ozone/hadoop-ozone/integration-test/target/test-dir/MiniOzoneClusterImpl-c4fb58e9-55df-43b6-ac52-1e7b71033b91/datanode-1/data/ratis/78097312-14c1-4a92-90ae-ef0e04f40afa does not exist. Creating ...
2021-08-11 08:47:27,422 [pool-301-thread-1] INFO  storage.RaftStorageDirectory (RaftStorageDirectoryImpl.java:tryLock(230)) - Lock on /home/runner/work/ozone/ozone/hadoop-ozone/integration-test/target/test-dir/MiniOzoneClusterImpl-c4fb58e9-55df-43b6-ac52-1e7b71033b91/datanode-1/data/ratis/78097312-14c1-4a92-90ae-ef0e04f40afa/in_use.lock acquired by nodename 29959@fv-az291-953
2021-08-11 08:47:27,425 [pool-301-thread-1] INFO  storage.RaftStorage (RaftStorageImpl.java:format(89)) - Storage directory /home/runner/work/ozone/ozone/hadoop-ozone/integration-test/target/test-dir/MiniOzoneClusterImpl-c4fb58e9-55df-43b6-ac52-1e7b71033b91/datanode-1/data/ratis/78097312-14c1-4a92-90ae-ef0e04f40afa has been successfully formatted.
2021-08-11 08:47:27,428 [pool-301-thread-1] INFO  ratis.ContainerStateMachine (ContainerStateMachine.java:loadSnapshot(223)) - group-EF0E04F40AFA: The snapshot info is null. Setting the last applied indexto:(t:0, i:~)
2021-08-11 08:47:27,428 [pool-301-thread-1] INFO  server.RaftServerConfigKeys (ConfUtils.java:logGet(44)) - raft.server.notification.no-leader.timeout = 300s (custom)
2021-08-11 08:47:27,428 [pool-301-thread-1] INFO  server.RaftServerConfigKeys (ConfUtils.java:logGet(44)) - raft.server.log.use.memory = false (default)
2021-08-11 08:47:27,428 [pool-301-thread-1] INFO  server.RaftServerConfigKeys (ConfUtils.java:logGet(44)) - raft.server.log.purge.gap = 1000000 (custom)
2021-08-11 08:47:27,428 [pool-301-thread-1] INFO  server.RaftServerConfigKeys (ConfUtils.java:logGet(44)) - raft.server.log.appender.buffer.byte-limit = 33554432 (custom)
2021-08-11 08:47:27,428 [pool-301-thread-1] INFO  server.RaftServerConfigKeys (ConfUtils.java:logGet(44)) - raft.server.log.segment.size.max = 1048576 (custom)
2021-08-11 08:47:27,429 [pool-301-thread-1] INFO  server.RaftServerConfigKeys (ConfUtils.java:logGet(44)) - raft.server.log.segment.cache.num.max = 2 (custom)
2021-08-11 08:47:27,429 [pool-301-thread-1] INFO  server.RaftServerConfigKeys (ConfUtils.java:logGet(44)) - raft.server.log.segment.cache.size.max = 200MB (=209715200) (default)
2021-08-11 08:47:27,429 [pool-301-thread-1] INFO  segmented.SegmentedRaftLogWorker (SegmentedRaftLogWorker.java:<init>(182)) - new 109ac5ad-939f-490b-bf91-0dce67b5b01f@group-EF0E04F40AFA-SegmentedRaftLogWorker for RaftStorageImpl:Storage Directory /home/runner/work/ozone/ozone/hadoop-ozone/integration-test/target/test-dir/MiniOzoneClusterImpl-c4fb58e9-55df-43b6-ac52-1e7b71033b91/datanode-1/data/ratis/78097312-14c1-4a92-90ae-ef0e04f40afa
2021-08-11 08:47:27,429 [pool-301-thread-1] INFO  server.RaftServerConfigKeys (ConfUtils.java:logGet(44)) - raft.server.log.queue.byte-limit = 2147483647 (custom)
2021-08-11 08:47:27,429 [pool-301-thread-1] INFO  server.RaftServerConfigKeys (ConfUtils.java:logGet(44)) - raft.server.log.queue.element-limit = 1024 (custom)
2021-08-11 08:47:27,429 [pool-301-thread-1] INFO  server.RaftServerConfigKeys (ConfUtils.java:logGet(44)) - raft.server.log.segment.size.max = 1048576 (custom)
2021-08-11 08:47:27,429 [pool-301-thread-1] INFO  server.RaftServerConfigKeys (ConfUtils.java:logGet(44)) - raft.server.log.preallocated.size = 16384 (custom)
2021-08-11 08:47:27,429 [pool-301-thread-1] INFO  server.RaftServerConfigKeys (ConfUtils.java:logGet(44)) - raft.server.log.force.sync.num = 128 (default)
2021-08-11 08:47:27,429 [pool-301-thread-1] INFO  server.RaftServerConfigKeys (ConfUtils.java:logGet(44)) - raft.server.log.statemachine.data.sync = true (default)
2021-08-11 08:47:27,429 [pool-301-thread-1] INFO  server.RaftServerConfigKeys (ConfUtils.java:logGet(44)) - raft.server.log.statemachine.data.sync.timeout = 10s (default)
2021-08-11 08:47:27,429 [pool-301-thread-1] INFO  server.RaftServerConfigKeys (ConfUtils.java:logGet(44)) - raft.server.log.statemachine.data.sync.timeout.retry = -1 (default)
2021-08-11 08:47:27,430 [pool-301-thread-1] INFO  server.RaftServerConfigKeys (ConfUtils.java:logGet(44)) - raft.server.log.write.buffer.size = 1048576 (custom)
2021-08-11 08:47:27,430 [pool-301-thread-1] INFO  server.RaftServerConfigKeys (ConfUtils.java:logGet(44)) - raft.server.log.statemachine.data.caching.enabled = true (custom)
2021-08-11 08:47:27,430 [pool-301-thread-1] INFO  segmented.SegmentedRaftLogWorker (SegmentedRaftLogWorker.java:lambda$new$0(133)) - 109ac5ad-939f-490b-bf91-0dce67b5b01f@group-EF0E04F40AFA-SegmentedRaftLogWorker: flushIndex: setUnconditionally 0 -> -1
2021-08-11 08:47:27,430 [pool-301-thread-1] INFO  segmented.SegmentedRaftLogWorker (SegmentedRaftLogWorker.java:lambda$new$0(133)) - 109ac5ad-939f-490b-bf91-0dce67b5b01f@group-EF0E04F40AFA-SegmentedRaftLogWorker: safeCacheEvictIndex: setUnconditionally 0 -> -1
2021-08-11 08:47:27,430 [Datanode State Machine Thread - 0] WARN  statemachine.StateContext (StateContext.java:execute(621)) - No available thread in pool for past 0 seconds.
2021-08-11 08:47:27,432 [EventQueue-PipelineReportForPipelineReportHandler] INFO  pipeline.PipelineReportHandler (PipelineReportHandler.java:processPipelineReport(113)) - Reported pipeline PipelineID=6d1ce88c-fb58-4f21-926f-0ff0947762bf is not found
2021-08-11 08:47:27,435 [pool-301-thread-1] INFO  server.RaftServerConfigKeys (ConfUtils.java:logGet(44)) - raft.server.snapshot.auto.trigger.enabled = true (custom)
2021-08-11 08:47:27,435 [pool-301-thread-1] INFO  server.RaftServerConfigKeys (ConfUtils.java:logGet(44)) - raft.server.snapshot.auto.trigger.threshold = 10000 (custom)
2021-08-11 08:47:27,435 [pool-301-thread-1] INFO  server.RaftServerConfigKeys (ConfUtils.java:logGet(44)) - raft.server.snapshot.retention.file.num = 5 (custom)
2021-08-11 08:47:27,436 [pool-301-thread-1] INFO  server.RaftServerConfigKeys (ConfUtils.java:logGet(44)) - raft.server.log.purge.upto.snapshot.index = false (default)
2021-08-11 08:47:27,436 [pool-301-thread-1] INFO  server.RaftServerConfigKeys (ConfUtils.java:logGet(44)) - raft.server.retrycache.expirytime = 600000ms (custom)
2021-08-11 08:47:27,436 [pool-301-thread-1] INFO  server.RaftServerConfigKeys (ConfUtils.java:logGet(44)) - raft.server.retrycache.statistics.expirytime = 100μs (default)
2021-08-11 08:47:27,437 [pool-301-thread-1] INFO  server.RaftServer$Division (RaftServerImpl.java:start(296)) - 109ac5ad-939f-490b-bf91-0dce67b5b01f@group-EF0E04F40AFA: start as a follower, conf=-1: [109ac5ad-939f-490b-bf91-0dce67b5b01f|rpc:10.1.0.43:46857|dataStream:|priority:0, ae694f9c-4230-4382-bdc9-4a730a1d0d10|rpc:10.1.0.43:34969|dataStream:|priority:1, 420b874f-857b-4c1c-9003-2dc7fb97d846|rpc:10.1.0.43:37267|dataStream:|priority:0], old=null
2021-08-11 08:47:27,437 [pool-301-thread-1] INFO  server.RaftServer$Division (RaftServerImpl.java:setRole(285)) - 109ac5ad-939f-490b-bf91-0dce67b5b01f@group-EF0E04F40AFA: changes role from      null to FOLLOWER at term 0 for startAsFollower
2021-08-11 08:47:27,437 [pool-301-thread-1] INFO  impl.RoleInfo (RoleInfo.java:updateAndGet(130)) - 109ac5ad-939f-490b-bf91-0dce67b5b01f: start 109ac5ad-939f-490b-bf91-0dce67b5b01f@group-EF0E04F40AFA-FollowerState
2021-08-11 08:47:27,445 [pool-301-thread-1] INFO  util.JmxRegister (JmxRegister.java:tryRegister(44)) - Successfully registered JMX Bean with object name Ratis:service=RaftServer,group=group-EF0E04F40AFA,id=109ac5ad-939f-490b-bf91-0dce67b5b01f
2021-08-11 08:47:27,483 [SCMBlockDeletingService#0] DEBUG block.SCMBlockDeletingService (SCMBlockDeletingService.java:call(133)) - Running DeletedBlockTransactionScanner
2021-08-11 08:47:27,488 [grpc-default-executor-2] INFO  server.RaftServer (RaftServerProxy.java:addNew(95)) - ae694f9c-4230-4382-bdc9-4a730a1d0d10: addNew group-EF0E04F40AFA:[109ac5ad-939f-490b-bf91-0dce67b5b01f|rpc:10.1.0.43:46857|dataStream:|priority:0, ae694f9c-4230-4382-bdc9-4a730a1d0d10|rpc:10.1.0.43:34969|dataStream:|priority:1, 420b874f-857b-4c1c-9003-2dc7fb97d846|rpc:10.1.0.43:37267|dataStream:|priority:0] returns group-EF0E04F40AFA:java.util.concurrent.CompletableFuture@60b1ab6b[Not completed]
2021-08-11 08:47:27,488 [pool-359-thread-1] INFO  server.RaftServer$Division (RaftServerImpl.java:<init>(181)) - ae694f9c-4230-4382-bdc9-4a730a1d0d10: new RaftServerImpl for group-EF0E04F40AFA:[109ac5ad-939f-490b-bf91-0dce67b5b01f|rpc:10.1.0.43:46857|dataStream:|priority:0, ae694f9c-4230-4382-bdc9-4a730a1d0d10|rpc:10.1.0.43:34969|dataStream:|priority:1, 420b874f-857b-4c1c-9003-2dc7fb97d846|rpc:10.1.0.43:37267|dataStream:|priority:0] with ContainerStateMachine:uninitialized
2021-08-11 08:47:27,489 [pool-359-thread-1] INFO  server.RaftServerConfigKeys (ConfUtils.java:logGet(44)) - raft.server.rpc.timeout.min = 5s (custom)
2021-08-11 08:47:27,489 [pool-359-thread-1] INFO  server.RaftServerConfigKeys (ConfUtils.java:logGet(44)) - raft.server.rpc.timeout.max = 5200ms (custom)
2021-08-11 08:47:27,489 [pool-359-thread-1] INFO  server.RaftServerConfigKeys (ConfUtils.java:logGet(44)) - raft.server.rpc.sleep.time = 25ms (default)
2021-08-11 08:47:27,489 [pool-359-thread-1] INFO  server.RaftServerConfigKeys (ConfUtils.java:logGet(44)) - raft.server.rpc.slowness.timeout = 300s (custom)
2021-08-11 08:47:27,489 [pool-359-thread-1] INFO  server.RaftServerConfigKeys (ConfUtils.java:logGet(44)) - raft.server.leaderelection.leader.step-down.wait-time = 10s (default)
2021-08-11 08:47:27,489 [pool-359-thread-1] INFO  server.RaftServerConfigKeys (ConfUtils.java:logGet(44)) - raft.server.sleep.deviation.threshold = 300ms (default)
2021-08-11 08:47:27,489 [pool-359-thread-1] INFO  server.RaftServerConfigKeys (ConfUtils.java:logGet(44)) - raft.server.log.appender.install.snapshot.enabled = false (custom)
2021-08-11 08:47:27,489 [pool-359-thread-1] INFO  server.RaftServer$Division (ServerState.java:<init>(105)) - ae694f9c-4230-4382-bdc9-4a730a1d0d10@group-EF0E04F40AFA: ConfigurationManager, init=-1: [109ac5ad-939f-490b-bf91-0dce67b5b01f|rpc:10.1.0.43:46857|dataStream:|priority:0, ae694f9c-4230-4382-bdc9-4a730a1d0d10|rpc:10.1.0.43:34969|dataStream:|priority:1, 420b874f-857b-4c1c-9003-2dc7fb97d846|rpc:10.1.0.43:37267|dataStream:|priority:0], old=null, confs=<EMPTY_MAP>
2021-08-11 08:47:27,489 [pool-359-thread-1] INFO  server.RaftServerConfigKeys (ConfUtils.java:logGet(44)) - raft.server.storage.dir = [/home/runner/work/ozone/ozone/hadoop-ozone/integration-test/target/test-dir/MiniOzoneClusterImpl-c4fb58e9-55df-43b6-ac52-1e7b71033b91/datanode-0/data/ratis] (custom)
2021-08-11 08:47:27,489 [pool-359-thread-1] INFO  server.RaftServerConfigKeys (ConfUtils.java:logGet(44)) - raft.server.log.corruption.policy = EXCEPTION (default)
2021-08-11 08:47:27,489 [pool-359-thread-1] INFO  server.RaftServerConfigKeys (ConfUtils.java:logGet(44)) - raft.server.storage.free-space.min = 0MB (=0) (default)
2021-08-11 08:47:27,489 [pool-359-thread-1] INFO  storage.RaftStorageDirectory (RaftStorageDirectoryImpl.java:analyzeStorage(135)) - The storage directory /home/runner/work/ozone/ozone/hadoop-ozone/integration-test/target/test-dir/MiniOzoneClusterImpl-c4fb58e9-55df-43b6-ac52-1e7b71033b91/datanode-0/data/ratis/78097312-14c1-4a92-90ae-ef0e04f40afa does not exist. Creating ...
2021-08-11 08:47:27,492 [pool-359-thread-1] INFO  storage.RaftStorageDirectory (RaftStorageDirectoryImpl.java:tryLock(230)) - Lock on /home/runner/work/ozone/ozone/hadoop-ozone/integration-test/target/test-dir/MiniOzoneClusterImpl-c4fb58e9-55df-43b6-ac52-1e7b71033b91/datanode-0/data/ratis/78097312-14c1-4a92-90ae-ef0e04f40afa/in_use.lock acquired by nodename 29959@fv-az291-953
2021-08-11 08:47:27,493 [pool-359-thread-1] INFO  storage.RaftStorage (RaftStorageImpl.java:format(89)) - Storage directory /home/runner/work/ozone/ozone/hadoop-ozone/integration-test/target/test-dir/MiniOzoneClusterImpl-c4fb58e9-55df-43b6-ac52-1e7b71033b91/datanode-0/data/ratis/78097312-14c1-4a92-90ae-ef0e04f40afa has been successfully formatted.
2021-08-11 08:47:27,493 [Datanode State Machine Thread - 0] WARN  statemachine.StateContext (StateContext.java:execute(621)) - No available thread in pool for past 0 seconds.
2021-08-11 08:47:27,494 [pool-359-thread-1] INFO  ratis.ContainerStateMachine (ContainerStateMachine.java:loadSnapshot(223)) - group-EF0E04F40AFA: The snapshot info is null. Setting the last applied indexto:(t:0, i:~)
2021-08-11 08:47:27,494 [EventQueue-PipelineReportForPipelineReportHandler] INFO  pipeline.PipelineReportHandler (PipelineReportHandler.java:processPipelineReport(113)) - Reported pipeline PipelineID=6d1ce88c-fb58-4f21-926f-0ff0947762bf is not found
2021-08-11 08:47:27,494 [pool-359-thread-1] INFO  server.RaftServerConfigKeys (ConfUtils.java:logGet(44)) - raft.server.notification.no-leader.timeout = 300s (custom)
2021-08-11 08:47:27,494 [pool-359-thread-1] INFO  server.RaftServerConfigKeys (ConfUtils.java:logGet(44)) - raft.server.log.use.memory = false (default)
2021-08-11 08:47:27,494 [pool-359-thread-1] INFO  server.RaftServerConfigKeys (ConfUtils.java:logGet(44)) - raft.server.log.purge.gap = 1000000 (custom)
2021-08-11 08:47:27,495 [pool-359-thread-1] INFO  server.RaftServerConfigKeys (ConfUtils.java:logGet(44)) - raft.server.log.appender.buffer.byte-limit = 33554432 (custom)
2021-08-11 08:47:27,495 [pool-359-thread-1] INFO  server.RaftServerConfigKeys (ConfUtils.java:logGet(44)) - raft.server.log.segment.size.max = 1048576 (custom)
2021-08-11 08:47:27,495 [pool-359-thread-1] INFO  server.RaftServerConfigKeys (ConfUtils.java:logGet(44)) - raft.server.log.segment.cache.num.max = 2 (custom)
2021-08-11 08:47:27,495 [pool-359-thread-1] INFO  server.RaftServerConfigKeys (ConfUtils.java:logGet(44)) - raft.server.log.segment.cache.size.max = 200MB (=209715200) (default)
2021-08-11 08:47:27,495 [pool-359-thread-1] INFO  segmented.SegmentedRaftLogWorker (SegmentedRaftLogWorker.java:<init>(182)) - new ae694f9c-4230-4382-bdc9-4a730a1d0d10@group-EF0E04F40AFA-SegmentedRaftLogWorker for RaftStorageImpl:Storage Directory /home/runner/work/ozone/ozone/hadoop-ozone/integration-test/target/test-dir/MiniOzoneClusterImpl-c4fb58e9-55df-43b6-ac52-1e7b71033b91/datanode-0/data/ratis/78097312-14c1-4a92-90ae-ef0e04f40afa
2021-08-11 08:47:27,495 [pool-359-thread-1] INFO  server.RaftServerConfigKeys (ConfUtils.java:logGet(44)) - raft.server.log.queue.byte-limit = 2147483647 (custom)
2021-08-11 08:47:27,495 [pool-359-thread-1] INFO  server.RaftServerConfigKeys (ConfUtils.java:logGet(44)) - raft.server.log.queue.element-limit = 1024 (custom)
2021-08-11 08:47:27,495 [pool-359-thread-1] INFO  server.RaftServerConfigKeys (ConfUtils.java:logGet(44)) - raft.server.log.segment.size.max = 1048576 (custom)
2021-08-11 08:47:27,495 [pool-359-thread-1] INFO  server.RaftServerConfigKeys (ConfUtils.java:logGet(44)) - raft.server.log.preallocated.size = 16384 (custom)
2021-08-11 08:47:27,495 [pool-359-thread-1] INFO  server.RaftServerConfigKeys (ConfUtils.java:logGet(44)) - raft.server.log.force.sync.num = 128 (default)
2021-08-11 08:47:27,496 [pool-359-thread-1] INFO  server.RaftServerConfigKeys (ConfUtils.java:logGet(44)) - raft.server.log.statemachine.data.sync = true (default)
2021-08-11 08:47:27,496 [pool-359-thread-1] INFO  server.RaftServerConfigKeys (ConfUtils.java:logGet(44)) - raft.server.log.statemachine.data.sync.timeout = 10s (default)
2021-08-11 08:47:27,496 [pool-359-thread-1] INFO  server.RaftServerConfigKeys (ConfUtils.java:logGet(44)) - raft.server.log.statemachine.data.sync.timeout.retry = -1 (default)
2021-08-11 08:47:27,496 [pool-359-thread-1] INFO  server.RaftServerConfigKeys (ConfUtils.java:logGet(44)) - raft.server.log.write.buffer.size = 1048576 (custom)
2021-08-11 08:47:27,497 [pool-359-thread-1] INFO  server.RaftServerConfigKeys (ConfUtils.java:logGet(44)) - raft.server.log.statemachine.data.caching.enabled = true (custom)
2021-08-11 08:47:27,497 [pool-359-thread-1] INFO  segmented.SegmentedRaftLogWorker (SegmentedRaftLogWorker.java:lambda$new$0(133)) - ae694f9c-4230-4382-bdc9-4a730a1d0d10@group-EF0E04F40AFA-SegmentedRaftLogWorker: flushIndex: setUnconditionally 0 -> -1
2021-08-11 08:47:27,497 [pool-359-thread-1] INFO  segmented.SegmentedRaftLogWorker (SegmentedRaftLogWorker.java:lambda$new$0(133)) - ae694f9c-4230-4382-bdc9-4a730a1d0d10@group-EF0E04F40AFA-SegmentedRaftLogWorker: safeCacheEvictIndex: setUnconditionally 0 -> -1
2021-08-11 08:47:27,505 [pool-359-thread-1] INFO  server.RaftServerConfigKeys (ConfUtils.java:logGet(44)) - raft.server.snapshot.auto.trigger.enabled = true (custom)
2021-08-11 08:47:27,505 [pool-359-thread-1] INFO  server.RaftServerConfigKeys (ConfUtils.java:logGet(44)) - raft.server.snapshot.auto.trigger.threshold = 10000 (custom)
2021-08-11 08:47:27,505 [pool-359-thread-1] INFO  server.RaftServerConfigKeys (ConfUtils.java:logGet(44)) - raft.server.snapshot.retention.file.num = 5 (custom)
2021-08-11 08:47:27,505 [pool-359-thread-1] INFO  server.RaftServerConfigKeys (ConfUtils.java:logGet(44)) - raft.server.log.purge.upto.snapshot.index = false (default)
2021-08-11 08:47:27,505 [pool-359-thread-1] INFO  server.RaftServerConfigKeys (ConfUtils.java:logGet(44)) - raft.server.retrycache.expirytime = 600000ms (custom)
2021-08-11 08:47:27,505 [pool-359-thread-1] INFO  server.RaftServerConfigKeys (ConfUtils.java:logGet(44)) - raft.server.retrycache.statistics.expirytime = 100μs (default)
2021-08-11 08:47:27,506 [pool-359-thread-1] INFO  server.RaftServer$Division (RaftServerImpl.java:start(296)) - ae694f9c-4230-4382-bdc9-4a730a1d0d10@group-EF0E04F40AFA: start as a follower, conf=-1: [109ac5ad-939f-490b-bf91-0dce67b5b01f|rpc:10.1.0.43:46857|dataStream:|priority:0, ae694f9c-4230-4382-bdc9-4a730a1d0d10|rpc:10.1.0.43:34969|dataStream:|priority:1, 420b874f-857b-4c1c-9003-2dc7fb97d846|rpc:10.1.0.43:37267|dataStream:|priority:0], old=null
2021-08-11 08:47:27,507 [pool-359-thread-1] INFO  server.RaftServer$Division (RaftServerImpl.java:setRole(285)) - ae694f9c-4230-4382-bdc9-4a730a1d0d10@group-EF0E04F40AFA: changes role from      null to FOLLOWER at term 0 for startAsFollower
2021-08-11 08:47:27,509 [pool-359-thread-1] INFO  impl.RoleInfo (RoleInfo.java:updateAndGet(130)) - ae694f9c-4230-4382-bdc9-4a730a1d0d10: start ae694f9c-4230-4382-bdc9-4a730a1d0d10@group-EF0E04F40AFA-FollowerState
2021-08-11 08:47:27,515 [pool-359-thread-1] INFO  util.JmxRegister (JmxRegister.java:tryRegister(44)) - Successfully registered JMX Bean with object name Ratis:service=RaftServer,group=group-EF0E04F40AFA,id=ae694f9c-4230-4382-bdc9-4a730a1d0d10
2021-08-11 08:47:27,522 [Command processor thread] INFO  commandhandler.CreatePipelineCommandHandler (CreatePipelineCommandHandler.java:handle(106)) - Created Pipeline RATIS THREE PipelineID=78097312-14c1-4a92-90ae-ef0e04f40afa.
2021-08-11 08:47:27,583 [SCMBlockDeletingService#0] DEBUG block.SCMBlockDeletingService (SCMBlockDeletingService.java:call(133)) - Running DeletedBlockTransactionScanner
2021-08-11 08:47:27,683 [SCMBlockDeletingService#0] DEBUG block.SCMBlockDeletingService (SCMBlockDeletingService.java:call(133)) - Running DeletedBlockTransactionScanner
2021-08-11 08:47:27,784 [SCMBlockDeletingService#0] DEBUG block.SCMBlockDeletingService (SCMBlockDeletingService.java:call(133)) - Running DeletedBlockTransactionScanner
2021-08-11 08:47:27,884 [SCMBlockDeletingService#0] DEBUG block.SCMBlockDeletingService (SCMBlockDeletingService.java:call(133)) - Running DeletedBlockTransactionScanner
2021-08-11 08:47:27,938 [Listener at 127.0.0.1/34095] INFO  ozone.MiniOzoneClusterImpl (MiniOzoneClusterImpl.java:lambda$waitForClusterToBeReady$0(235)) - Nodes are ready. Got 3 of 3 DN Heartbeats.
2021-08-11 08:47:27,938 [Listener at 127.0.0.1/34095] INFO  ozone.MiniOzoneClusterImpl (MiniOzoneClusterImpl.java:lambda$waitForClusterToBeReady$0(238)) - Cluster exits safe mode
2021-08-11 08:47:27,938 [Listener at 127.0.0.1/34095] INFO  ozone.MiniOzoneClusterImpl (MiniOzoneClusterImpl.java:lambda$waitForClusterToBeReady$0(240)) - SCM became leader
2021-08-11 08:47:27,964 [Command processor thread] INFO  server.RaftServer (RaftServerProxy.java:remove(106)) - ae694f9c-4230-4382-bdc9-4a730a1d0d10: remove  FOLLOWER ae694f9c-4230-4382-bdc9-4a730a1d0d10@group-0FF0947762BF:t4, leader=null, voted=null, raftlog=ae694f9c-4230-4382-bdc9-4a730a1d0d10@group-0FF0947762BF-SegmentedRaftLog:OPENED:c14,f14,i14, conf=0: [109ac5ad-939f-490b-bf91-0dce67b5b01f|rpc:10.1.0.43:46857|dataStream:|priority:0, ae694f9c-4230-4382-bdc9-4a730a1d0d10|rpc:10.1.0.43:34969|dataStream:|priority:1, 420b874f-857b-4c1c-9003-2dc7fb97d846|rpc:10.1.0.43:37267|dataStream:|priority:0], old=null RUNNING
2021-08-11 08:47:27,964 [Command processor thread] INFO  server.RaftServer$Division (RaftServerImpl.java:lambda$close$4(407)) - ae694f9c-4230-4382-bdc9-4a730a1d0d10@group-0FF0947762BF: shutdown
2021-08-11 08:47:27,965 [Command processor thread] INFO  util.JmxRegister (JmxRegister.java:unregister(73)) - Successfully un-registered JMX Bean with object name Ratis:service=RaftServer,group=group-0FF0947762BF,id=ae694f9c-4230-4382-bdc9-4a730a1d0d10
2021-08-11 08:47:27,965 [Command processor thread] INFO  impl.RoleInfo (RoleInfo.java:shutdownFollowerState(108)) - ae694f9c-4230-4382-bdc9-4a730a1d0d10: shutdown ae694f9c-4230-4382-bdc9-4a730a1d0d10@group-0FF0947762BF-FollowerState
2021-08-11 08:47:27,965 [Command processor thread] INFO  impl.StateMachineUpdater (StateMachineUpdater.java:stopAndJoin(149)) - ae694f9c-4230-4382-bdc9-4a730a1d0d10@group-0FF0947762BF-StateMachineUpdater: set stopIndex = 14
2021-08-11 08:47:27,965 [ae694f9c-4230-4382-bdc9-4a730a1d0d10@group-0FF0947762BF-FollowerState] INFO  impl.FollowerState (FollowerState.java:run(143)) - ae694f9c-4230-4382-bdc9-4a730a1d0d10@group-0FF0947762BF-FollowerState was interrupted: {}
java.lang.InterruptedException: sleep interrupted
	at java.lang.Thread.sleep(Native Method)
	at java.lang.Thread.sleep(Thread.java:340)
	at java.util.concurrent.TimeUnit.sleep(TimeUnit.java:386)
	at org.apache.ratis.util.TimeDuration.sleep(TimeDuration.java:324)
	at org.apache.ratis.util.TimeDuration.sleep(TimeDuration.java:309)
	at org.apache.ratis.server.impl.FollowerState.run(FollowerState.java:118)
2021-08-11 08:47:27,973 [Command processor thread] INFO  server.RaftServer$Division (ServerState.java:close(419)) - ae694f9c-4230-4382-bdc9-4a730a1d0d10@group-0FF0947762BF: closes. applyIndex: 14
2021-08-11 08:47:27,973 [ae694f9c-4230-4382-bdc9-4a730a1d0d10@group-0FF0947762BF-SegmentedRaftLogWorker] INFO  segmented.SegmentedRaftLogWorker (SegmentedRaftLogWorker.java:run(327)) - ae694f9c-4230-4382-bdc9-4a730a1d0d10@group-0FF0947762BF-SegmentedRaftLogWorker was interrupted, exiting. There are 0 tasks remaining in the queue.
2021-08-11 08:47:27,975 [Command processor thread] INFO  segmented.SegmentedRaftLogWorker (SegmentedRaftLogWorker.java:close(237)) - ae694f9c-4230-4382-bdc9-4a730a1d0d10@group-0FF0947762BF-SegmentedRaftLogWorker close()
2021-08-11 08:47:27,975 [Command processor thread] ERROR commandhandler.ClosePipelineCommandHandler (ClosePipelineCommandHandler.java:handle(78)) - Can't close pipeline PipelineID=6d1ce88c-fb58-4f21-926f-0ff0947762bf
java.io.IOException: java.lang.NullPointerException
	at org.apache.hadoop.ozone.container.common.transport.server.ratis.XceiverServerRatis.removeGroup(XceiverServerRatis.java:777)
	at org.apache.hadoop.ozone.container.common.statemachine.commandhandler.ClosePipelineCommandHandler.handle(ClosePipelineCommandHandler.java:74)
	at org.apache.hadoop.ozone.container.common.statemachine.commandhandler.CommandDispatcher.handle(CommandDispatcher.java:99)
	at org.apache.hadoop.ozone.container.common.statemachine.DatanodeStateMachine.lambda$initCommandHandlerThread$2(DatanodeStateMachine.java:556)
	at java.lang.Thread.run(Thread.java:748)
Caused by: java.io.IOException: java.lang.NullPointerException
	at org.apache.ratis.util.IOUtils.asIOException(IOUtils.java:56)
	at org.apache.ratis.server.impl.RaftServerImpl.waitForReply(RaftServerImpl.java:898)
	at org.apache.ratis.server.impl.RaftServerProxy.groupManagement(RaftServerProxy.java:440)
	at org.apache.hadoop.ozone.container.common.transport.server.ratis.XceiverServerRatis.removeGroup(XceiverServerRatis.java:775)
	... 4 more
Caused by: java.lang.NullPointerException
	at org.apache.hadoop.ozone.container.ozoneimpl.ContainerController.markContainerForClose(ContainerController.java:83)
	at org.apache.hadoop.ozone.container.common.transport.server.ratis.ContainerStateMachine.notifyGroupRemove(ContainerStateMachine.java:901)
	at org.apache.ratis.server.impl.RaftServerImpl.groupRemove(RaftServerImpl.java:372)
	at org.apache.ratis.server.impl.RaftServerProxy.lambda$groupRemoveAsync$14(RaftServerProxy.java:507)
	at java.util.concurrent.CompletableFuture.uniApply(CompletableFuture.java:616)
	at java.util.concurrent.CompletableFuture.uniApplyStage(CompletableFuture.java:628)
	at java.util.concurrent.CompletableFuture.thenApply(CompletableFuture.java:1996)
	at org.apache.ratis.server.impl.RaftServerProxy.groupRemoveAsync(RaftServerProxy.java:506)
	at org.apache.ratis.server.impl.RaftServerProxy.groupManagementAsync(RaftServerProxy.java:460)
	... 6 more
2021-08-11 08:47:27,976 [Command processor thread] WARN  server.RaftServer (RaftServerProxy.java:remove(101)) - ae694f9c-4230-4382-bdc9-4a730a1d0d10: does not contain group: group-0FF0947762BF
2021-08-11 08:47:27,976 [Command processor thread] ERROR commandhandler.ClosePipelineCommandHandler (ClosePipelineCommandHandler.java:handle(78)) - Can't close pipeline PipelineID=6d1ce88c-fb58-4f21-926f-0ff0947762bf
java.io.IOException: ae694f9c-4230-4382-bdc9-4a730a1d0d10: Group group-0FF0947762BF not found.
	at org.apache.hadoop.ozone.container.common.transport.server.ratis.XceiverServerRatis.removeGroup(XceiverServerRatis.java:777)
	at org.apache.hadoop.ozone.container.common.statemachine.commandhandler.ClosePipelineCommandHandler.handle(ClosePipelineCommandHandler.java:74)
	at org.apache.hadoop.ozone.container.common.statemachine.commandhandler.CommandDispatcher.handle(CommandDispatcher.java:99)
	at org.apache.hadoop.ozone.container.common.statemachine.DatanodeStateMachine.lambda$initCommandHandlerThread$2(DatanodeStateMachine.java:556)
	at java.lang.Thread.run(Thread.java:748)
Caused by: org.apache.ratis.protocol.exceptions.GroupMismatchException: ae694f9c-4230-4382-bdc9-4a730a1d0d10: Group group-0FF0947762BF not found.
	at org.apache.ratis.server.impl.RaftServerProxy.groupRemoveAsync(RaftServerProxy.java:504)
	at org.apache.ratis.server.impl.RaftServerProxy.groupManagementAsync(RaftServerProxy.java:460)
	at org.apache.ratis.server.impl.RaftServerProxy.groupManagement(RaftServerProxy.java:440)
	at org.apache.hadoop.ozone.container.common.transport.server.ratis.XceiverServerRatis.removeGroup(XceiverServerRatis.java:775)
	... 4 more
2021-08-11 08:47:27,984 [SCMBlockDeletingService#0] DEBUG block.SCMBlockDeletingService (SCMBlockDeletingService.java:call(133)) - Running DeletedBlockTransactionScanner
2021-08-11 08:47:28,038 [Listener at 127.0.0.1/34095] INFO  container.ReplicationManager (ReplicationManager.java:sendDeleteCommand(1478)) - Sending delete container command for container #1 to datanode ae694f9c-4230-4382-bdc9-4a730a1d0d10{ip: 10.1.0.43, host: fv-az291-953.wgnan5asplgejimfprtllbpdch.jx.internal.cloudapp.net, ports: [REPLICATION=41367, RATIS=34969, RATIS_ADMIN=34969, RATIS_SERVER=34969, STANDALONE=42147], networkLocation: /default-rack, certSerialId: null, persistedOpState: IN_SERVICE, persistedOpStateExpiryEpochSec: 0}
2021-08-11 08:47:28,038 [Listener at 127.0.0.1/34095] DEBUG container.ReplicationManager (ReplicationManager.java:handleContainerUnderDelete(979)) - Resend delete Container command for ContainerInfo{id=1, state=DELETING, pipelineID=PipelineID=6d1ce88c-fb58-4f21-926f-0ff0947762bf, stateEnterTime=2021-08-11T08:46:59.557Z, owner=om1}
2021-08-11 08:47:28,039 [Listener at 127.0.0.1/34095] INFO  container.ReplicationManager (ReplicationManager.java:processAll(341)) - Replication Monitor Thread took 1 milliseconds for processing 1 containers.
2021-08-11 08:47:28,039 [Listener at 127.0.0.1/34095] INFO  ozone.MiniOzoneClusterImpl (MiniOzoneClusterImpl.java:shutdown(453)) - Shutting down the Mini Ozone Cluster
2021-08-11 08:47:28,039 [Listener at 127.0.0.1/34095] INFO  ozone.MiniOzoneClusterImpl (MiniOzoneClusterImpl.java:stop(468)) - Stopping the Mini Ozone Cluster
2021-08-11 08:47:28,039 [Listener at 127.0.0.1/34095] INFO  ozone.MiniOzoneClusterImpl (MiniOzoneClusterImpl.java:stopOM(550)) - Stopping the OzoneManager
2021-08-11 08:47:28,039 [Listener at 127.0.0.1/34095] INFO  om.OzoneManager (OzoneManager.java:stop(1632)) - Stopping Ozone Manager
2021-08-11 08:47:28,039 [Listener at 127.0.0.1/34095] INFO  ipc.Server (Server.java:stop(3414)) - Stopping server on 34095
2021-08-11 08:47:28,045 [IPC Server listener on 0] INFO  ipc.Server (Server.java:run(1376)) - Stopping IPC Server listener on 0
2021-08-11 08:47:28,045 [IPC Server Responder] INFO  ipc.Server (Server.java:run(1512)) - Stopping IPC Server Responder
2021-08-11 08:47:28,053 [Listener at 127.0.0.1/34095] INFO  server.RaftServer (RaftServerProxy.java:lambda$close$6(391)) - om1: close
2021-08-11 08:47:28,053 [Listener at 127.0.0.1/34095] INFO  server.RaftServer$Division (RaftServerImpl.java:lambda$close$4(407)) - om1@group-C5BA1605619E: shutdown
2021-08-11 08:47:28,053 [Listener at 127.0.0.1/34095] INFO  util.JmxRegister (JmxRegister.java:unregister(73)) - Successfully un-registered JMX Bean with object name Ratis:service=RaftServer,group=group-C5BA1605619E,id=om1
2021-08-11 08:47:28,054 [Listener at 127.0.0.1/34095] INFO  impl.RoleInfo (RoleInfo.java:shutdownLeaderState(91)) - om1: shutdown om1@group-C5BA1605619E-LeaderStateImpl
2021-08-11 08:47:28,054 [Listener at 127.0.0.1/34095] INFO  impl.PendingRequests (PendingRequests.java:sendNotLeaderResponses(249)) - om1@group-C5BA1605619E-PendingRequests: sendNotLeaderResponses
2021-08-11 08:47:28,056 [Listener at 127.0.0.1/34095] INFO  impl.StateMachineUpdater (StateMachineUpdater.java:stopAndJoin(149)) - om1@group-C5BA1605619E-StateMachineUpdater: set stopIndex = 10
2021-08-11 08:47:28,057 [om1@group-C5BA1605619E-StateMachineUpdater] INFO  ratis.OzoneManagerStateMachine (OzoneManagerStateMachine.java:takeSnapshot(417)) - Current Snapshot Index (t:1, i:10)
2021-08-11 08:47:28,057 [om1@group-C5BA1605619E-StateMachineUpdater] INFO  impl.StateMachineUpdater (StateMachineUpdater.java:takeSnapshot(281)) - om1@group-C5BA1605619E-StateMachineUpdater: Took a snapshot at index 10
2021-08-11 08:47:28,057 [om1@group-C5BA1605619E-StateMachineUpdater] INFO  impl.StateMachineUpdater (StateMachineUpdater.java:lambda$new$0(89)) - om1@group-C5BA1605619E-StateMachineUpdater: snapshotIndex: updateIncreasingly -1 -> 10
2021-08-11 08:47:28,057 [om1@group-C5BA1605619E-StateMachineUpdater] INFO  ratis.OzoneManagerStateMachine (OzoneManagerStateMachine.java:close(471)) - StateMachine has shutdown. Shutdown OzoneManager if not already shutdown.
2021-08-11 08:47:28,059 [Listener at 127.0.0.1/34095] INFO  server.RaftServer$Division (ServerState.java:close(419)) - om1@group-C5BA1605619E: closes. applyIndex: 10
2021-08-11 08:47:28,060 [om1@group-C5BA1605619E-SegmentedRaftLogWorker] INFO  segmented.SegmentedRaftLogWorker (SegmentedRaftLogWorker.java:run(327)) - om1@group-C5BA1605619E-SegmentedRaftLogWorker was interrupted, exiting. There are 0 tasks remaining in the queue.
2021-08-11 08:47:28,068 [Listener at 127.0.0.1/34095] INFO  segmented.SegmentedRaftLogWorker (SegmentedRaftLogWorker.java:close(237)) - om1@group-C5BA1605619E-SegmentedRaftLogWorker close()
2021-08-11 08:47:28,069 [Listener at 127.0.0.1/34095] INFO  server.GrpcService (GrpcService.java:closeImpl(262)) - om1: shutdown server with port 9872 now
2021-08-11 08:47:28,069 [Listener at 127.0.0.1/34095] INFO  server.GrpcService (GrpcService.java:closeImpl(271)) - om1: shutdown server with port 9872 successfully
2021-08-11 08:47:28,069 [org.apache.ratis.util.JvmPauseMonitor$$Lambda$531/124654028@22293ab7] INFO  util.JvmPauseMonitor (JvmPauseMonitor.java:run(109)) - JvmPauseMonitor-om1: Stopped
2021-08-11 08:47:28,070 [Listener at 127.0.0.1/34095] INFO  ratis.OzoneManagerDoubleBuffer (OzoneManagerDoubleBuffer.java:stop(437)) - Stopping OMDoubleBuffer flush thread
2021-08-11 08:47:28,070 [OMDoubleBufferFlushThread] INFO  ratis.OzoneManagerDoubleBuffer (OzoneManagerDoubleBuffer.java:flushTransactions(356)) - OMDoubleBuffer flush thread OMDoubleBufferFlushThread is interrupted and will exit. OMDoubleBufferFlushThread
2021-08-11 08:47:28,070 [Listener at 127.0.0.1/34095] INFO  utils.BackgroundService (BackgroundService.java:shutdown(132)) - Shutting down service KeyDeletingService
2021-08-11 08:47:28,071 [Listener at 127.0.0.1/34095] INFO  handler.ContextHandler (ContextHandler.java:doStop(1153)) - Stopped o.e.j.w.WebAppContext@31fcad71{ozoneManager,/,null,STOPPED}{file:/home/runner/work/ozone/ozone/hadoop-ozone/integration-test/target/test-classes/webapps/ozoneManager}
2021-08-11 08:47:28,072 [Listener at 127.0.0.1/34095] INFO  server.AbstractConnector (AbstractConnector.java:doStop(381)) - Stopped ServerConnector@25539a73{HTTP/1.1, (http/1.1)}{0.0.0.0:0}
2021-08-11 08:47:28,073 [Listener at 127.0.0.1/34095] INFO  server.session (HouseKeeper.java:stopScavenging(149)) - node0 Stopped scavenging
2021-08-11 08:47:28,074 [Listener at 127.0.0.1/34095] INFO  handler.ContextHandler (ContextHandler.java:doStop(1153)) - Stopped o.e.j.s.ServletContextHandler@357f678b{static,/static,file:///home/runner/work/ozone/ozone/hadoop-ozone/integration-test/target/test-classes/webapps/static,STOPPED}
2021-08-11 08:47:28,075 [Listener at 127.0.0.1/34095] INFO  handler.ContextHandler (ContextHandler.java:doStop(1153)) - Stopped o.e.j.s.ServletContextHandler@65500c79{logs,/logs,file:///home/runner/work/ozone/ozone/hadoop-ozone/integration-test/target/log,STOPPED}
2021-08-11 08:47:28,078 [Listener at 127.0.0.1/34095] INFO  ozone.MiniOzoneClusterImpl (MiniOzoneClusterImpl.java:stopDatanodes(527)) - Stopping the HddsDatanodes
2021-08-11 08:47:28,085 [SCMBlockDeletingService#0] DEBUG block.SCMBlockDeletingService (SCMBlockDeletingService.java:call(133)) - Running DeletedBlockTransactionScanner
2021-08-11 08:47:28,185 [SCMBlockDeletingService#0] DEBUG block.SCMBlockDeletingService (SCMBlockDeletingService.java:call(133)) - Running DeletedBlockTransactionScanner
2021-08-11 08:47:28,187 [Datanode State Machine Thread - 0] INFO  statemachine.DatanodeStateMachine (DatanodeStateMachine.java:lambda$startDaemon$0(457)) - Ozone container server started.
2021-08-11 08:47:28,231 [Datanode State Machine Thread - 0] INFO  statemachine.DatanodeStateMachine (DatanodeStateMachine.java:lambda$startDaemon$0(457)) - Ozone container server started.
2021-08-11 08:47:28,285 [SCMBlockDeletingService#0] DEBUG block.SCMBlockDeletingService (SCMBlockDeletingService.java:call(133)) - Running DeletedBlockTransactionScanner
2021-08-11 08:47:28,385 [SCMBlockDeletingService#0] DEBUG block.SCMBlockDeletingService (SCMBlockDeletingService.java:call(133)) - Running DeletedBlockTransactionScanner
2021-08-11 08:47:28,485 [SCMBlockDeletingService#0] DEBUG block.SCMBlockDeletingService (SCMBlockDeletingService.java:call(133)) - Running DeletedBlockTransactionScanner
2021-08-11 08:47:28,585 [SCMBlockDeletingService#0] DEBUG block.SCMBlockDeletingService (SCMBlockDeletingService.java:call(133)) - Running DeletedBlockTransactionScanner
2021-08-11 08:47:28,685 [SCMBlockDeletingService#0] DEBUG block.SCMBlockDeletingService (SCMBlockDeletingService.java:call(133)) - Running DeletedBlockTransactionScanner
2021-08-11 08:47:28,786 [SCMBlockDeletingService#0] DEBUG block.SCMBlockDeletingService (SCMBlockDeletingService.java:call(133)) - Running DeletedBlockTransactionScanner
2021-08-11 08:47:28,886 [SCMBlockDeletingService#0] DEBUG block.SCMBlockDeletingService (SCMBlockDeletingService.java:call(133)) - Running DeletedBlockTransactionScanner
2021-08-11 08:47:28,986 [SCMBlockDeletingService#0] DEBUG block.SCMBlockDeletingService (SCMBlockDeletingService.java:call(133)) - Running DeletedBlockTransactionScanner
2021-08-11 08:47:29,086 [SCMBlockDeletingService#0] DEBUG block.SCMBlockDeletingService (SCMBlockDeletingService.java:call(133)) - Running DeletedBlockTransactionScanner
2021-08-11 08:47:29,186 [SCMBlockDeletingService#0] DEBUG block.SCMBlockDeletingService (SCMBlockDeletingService.java:call(133)) - Running DeletedBlockTransactionScanner
2021-08-11 08:47:29,286 [SCMBlockDeletingService#0] DEBUG block.SCMBlockDeletingService (SCMBlockDeletingService.java:call(133)) - Running DeletedBlockTransactionScanner
2021-08-11 08:47:29,386 [SCMBlockDeletingService#0] DEBUG block.SCMBlockDeletingService (SCMBlockDeletingService.java:call(133)) - Running DeletedBlockTransactionScanner
2021-08-11 08:47:29,425 [109ac5ad-939f-490b-bf91-0dce67b5b01f@group-0FF0947762BF-FollowerState] INFO  impl.FollowerState (FollowerState.java:run(134)) - 109ac5ad-939f-490b-bf91-0dce67b5b01f@group-0FF0947762BF-FollowerState: change to CANDIDATE, lastRpcElapsedTime:5120650794ns, electionTimeout:5098ms
2021-08-11 08:47:29,425 [109ac5ad-939f-490b-bf91-0dce67b5b01f@group-0FF0947762BF-FollowerState] INFO  impl.RoleInfo (RoleInfo.java:shutdownFollowerState(108)) - 109ac5ad-939f-490b-bf91-0dce67b5b01f: shutdown 109ac5ad-939f-490b-bf91-0dce67b5b01f@group-0FF0947762BF-FollowerState
2021-08-11 08:47:29,425 [109ac5ad-939f-490b-bf91-0dce67b5b01f@group-0FF0947762BF-FollowerState] INFO  server.RaftServer$Division (RaftServerImpl.java:setRole(285)) - 109ac5ad-939f-490b-bf91-0dce67b5b01f@group-0FF0947762BF: changes role from  FOLLOWER to CANDIDATE at term 4 for changeToCandidate
2021-08-11 08:47:29,425 [109ac5ad-939f-490b-bf91-0dce67b5b01f@group-0FF0947762BF-FollowerState] INFO  server.RaftServerConfigKeys (ConfUtils.java:logGet(44)) - raft.server.leaderelection.pre-vote = false (custom)
2021-08-11 08:47:29,425 [109ac5ad-939f-490b-bf91-0dce67b5b01f@group-0FF0947762BF-FollowerState] INFO  impl.RoleInfo (RoleInfo.java:updateAndGet(130)) - 109ac5ad-939f-490b-bf91-0dce67b5b01f: start 109ac5ad-939f-490b-bf91-0dce67b5b01f@group-0FF0947762BF-LeaderElection9
2021-08-11 08:47:29,435 [109ac5ad-939f-490b-bf91-0dce67b5b01f@group-0FF0947762BF-LeaderElection9] INFO  impl.LeaderElection (LeaderElection.java:askForVotes(306)) - 109ac5ad-939f-490b-bf91-0dce67b5b01f@group-0FF0947762BF-LeaderElection9 ELECTION round 0: submit vote requests at term 5 for 0: [109ac5ad-939f-490b-bf91-0dce67b5b01f|rpc:10.1.0.43:46857|dataStream:|priority:0, ae694f9c-4230-4382-bdc9-4a730a1d0d10|rpc:10.1.0.43:34969|dataStream:|priority:1, 420b874f-857b-4c1c-9003-2dc7fb97d846|rpc:10.1.0.43:37267|dataStream:|priority:0], old=null
2021-08-11 08:47:29,445 [grpc-default-executor-2] WARN  server.GrpcServerProtocolService (LogUtils.java:warn(124)) - ae694f9c-4230-4382-bdc9-4a730a1d0d10: Failed requestVote 109ac5ad-939f-490b-bf91-0dce67b5b01f->ae694f9c-4230-4382-bdc9-4a730a1d0d10#0
org.apache.ratis.protocol.exceptions.GroupMismatchException: ae694f9c-4230-4382-bdc9-4a730a1d0d10: group-0FF0947762BF not found.
	at org.apache.ratis.server.impl.RaftServerProxy$ImplMap.get(RaftServerProxy.java:147)
	at org.apache.ratis.server.impl.RaftServerProxy.getImplFuture(RaftServerProxy.java:339)
	at org.apache.ratis.server.impl.RaftServerProxy.getImpl(RaftServerProxy.java:348)
	at org.apache.ratis.server.impl.RaftServerProxy.getImpl(RaftServerProxy.java:343)
	at org.apache.ratis.server.impl.RaftServerProxy.requestVote(RaftServerProxy.java:548)
	at org.apache.ratis.grpc.server.GrpcServerProtocolService.requestVote(GrpcServerProtocolService.java:172)
	at org.apache.ratis.proto.grpc.RaftServerProtocolServiceGrpc$MethodHandlers.invoke(RaftServerProtocolServiceGrpc.java:394)
	at org.apache.ratis.thirdparty.io.grpc.stub.ServerCalls$UnaryServerCallHandler$UnaryServerCallListener.onHalfClose(ServerCalls.java:182)
	at org.apache.ratis.thirdparty.io.grpc.PartialForwardingServerCallListener.onHalfClose(PartialForwardingServerCallListener.java:35)
	at org.apache.ratis.thirdparty.io.grpc.ForwardingServerCallListener.onHalfClose(ForwardingServerCallListener.java:23)
	at org.apache.ratis.thirdparty.io.grpc.internal.ServerCallImpl$ServerStreamListenerImpl.halfClosed(ServerCallImpl.java:331)
	at org.apache.ratis.thirdparty.io.grpc.internal.ServerImpl$JumpToApplicationThreadServerStreamListener$1HalfClosed.runInContext(ServerImpl.java:814)
	at org.apache.ratis.thirdparty.io.grpc.internal.ContextRunnable.run(ContextRunnable.java:37)
	at org.apache.ratis.thirdparty.io.grpc.internal.SerializingExecutor.run(SerializingExecutor.java:123)
	at java.util.concurrent.ThreadPoolExecutor.runWorker(ThreadPoolExecutor.java:1149)
	at java.util.concurrent.ThreadPoolExecutor$Worker.run(ThreadPoolExecutor.java:624)
	at java.lang.Thread.run(Thread.java:748)
2021-08-11 08:47:29,448 [grpc-default-executor-0] WARN  server.GrpcServerProtocolService (LogUtils.java:warn(124)) - 420b874f-857b-4c1c-9003-2dc7fb97d846: Failed requestVote 109ac5ad-939f-490b-bf91-0dce67b5b01f->420b874f-857b-4c1c-9003-2dc7fb97d846#0
org.apache.ratis.protocol.exceptions.GroupMismatchException: 420b874f-857b-4c1c-9003-2dc7fb97d846: group-0FF0947762BF not found.
	at org.apache.ratis.server.impl.RaftServerProxy$ImplMap.get(RaftServerProxy.java:147)
	at org.apache.ratis.server.impl.RaftServerProxy.getImplFuture(RaftServerProxy.java:339)
	at org.apache.ratis.server.impl.RaftServerProxy.getImpl(RaftServerProxy.java:348)
	at org.apache.ratis.server.impl.RaftServerProxy.getImpl(RaftServerProxy.java:343)
	at org.apache.ratis.server.impl.RaftServerProxy.requestVote(RaftServerProxy.java:548)
	at org.apache.ratis.grpc.server.GrpcServerProtocolService.requestVote(GrpcServerProtocolService.java:172)
	at org.apache.ratis.proto.grpc.RaftServerProtocolServiceGrpc$MethodHandlers.invoke(RaftServerProtocolServiceGrpc.java:394)
	at org.apache.ratis.thirdparty.io.grpc.stub.ServerCalls$UnaryServerCallHandler$UnaryServerCallListener.onHalfClose(ServerCalls.java:182)
	at org.apache.ratis.thirdparty.io.grpc.PartialForwardingServerCallListener.onHalfClose(PartialForwardingServerCallListener.java:35)
	at org.apache.ratis.thirdparty.io.grpc.ForwardingServerCallListener.onHalfClose(ForwardingServerCallListener.java:23)
	at org.apache.ratis.thirdparty.io.grpc.internal.ServerCallImpl$ServerStreamListenerImpl.halfClosed(ServerCallImpl.java:331)
	at org.apache.ratis.thirdparty.io.grpc.internal.ServerImpl$JumpToApplicationThreadServerStreamListener$1HalfClosed.runInContext(ServerImpl.java:814)
	at org.apache.ratis.thirdparty.io.grpc.internal.ContextRunnable.run(ContextRunnable.java:37)
	at org.apache.ratis.thirdparty.io.grpc.internal.SerializingExecutor.run(SerializingExecutor.java:123)
	at java.util.concurrent.ThreadPoolExecutor.runWorker(ThreadPoolExecutor.java:1149)
	at java.util.concurrent.ThreadPoolExecutor$Worker.run(ThreadPoolExecutor.java:624)
	at java.lang.Thread.run(Thread.java:748)
2021-08-11 08:47:29,455 [109ac5ad-939f-490b-bf91-0dce67b5b01f@group-0FF0947762BF-LeaderElection9] INFO  impl.LeaderElection (LogUtils.java:infoOrTrace(137)) - 109ac5ad-939f-490b-bf91-0dce67b5b01f@group-0FF0947762BF-LeaderElection9 got exception when requesting votes: java.util.concurrent.ExecutionException: org.apache.ratis.thirdparty.io.grpc.StatusRuntimeException: INTERNAL: ae694f9c-4230-4382-bdc9-4a730a1d0d10: group-0FF0947762BF not found.
2021-08-11 08:47:29,460 [109ac5ad-939f-490b-bf91-0dce67b5b01f@group-0FF0947762BF-LeaderElection9] INFO  impl.LeaderElection (LogUtils.java:infoOrTrace(137)) - 109ac5ad-939f-490b-bf91-0dce67b5b01f@group-0FF0947762BF-LeaderElection9 got exception when requesting votes: java.util.concurrent.ExecutionException: org.apache.ratis.thirdparty.io.grpc.StatusRuntimeException: INTERNAL: 420b874f-857b-4c1c-9003-2dc7fb97d846: group-0FF0947762BF not found.
2021-08-11 08:47:29,461 [109ac5ad-939f-490b-bf91-0dce67b5b01f@group-0FF0947762BF-LeaderElection9] INFO  impl.LeaderElection (LeaderElection.java:logAndReturn(89)) - 109ac5ad-939f-490b-bf91-0dce67b5b01f@group-0FF0947762BF-LeaderElection9: ELECTION REJECTED received 0 response(s) and 2 exception(s):
2021-08-11 08:47:29,461 [109ac5ad-939f-490b-bf91-0dce67b5b01f@group-0FF0947762BF-LeaderElection9] INFO  impl.LeaderElection (LogUtils.java:infoOrTrace(137)) -   Exception 0: java.util.concurrent.ExecutionException: org.apache.ratis.thirdparty.io.grpc.StatusRuntimeException: INTERNAL: ae694f9c-4230-4382-bdc9-4a730a1d0d10: group-0FF0947762BF not found.
2021-08-11 08:47:29,461 [109ac5ad-939f-490b-bf91-0dce67b5b01f@group-0FF0947762BF-LeaderElection9] INFO  impl.LeaderElection (LogUtils.java:infoOrTrace(137)) -   Exception 1: java.util.concurrent.ExecutionException: org.apache.ratis.thirdparty.io.grpc.StatusRuntimeException: INTERNAL: 420b874f-857b-4c1c-9003-2dc7fb97d846: group-0FF0947762BF not found.
2021-08-11 08:47:29,461 [109ac5ad-939f-490b-bf91-0dce67b5b01f@group-0FF0947762BF-LeaderElection9] INFO  impl.LeaderElection (LeaderElection.java:askForVotes(308)) - 109ac5ad-939f-490b-bf91-0dce67b5b01f@group-0FF0947762BF-LeaderElection9 ELECTION round 0: result REJECTED
2021-08-11 08:47:29,461 [109ac5ad-939f-490b-bf91-0dce67b5b01f@group-0FF0947762BF-LeaderElection9] INFO  server.RaftServer$Division (RaftServerImpl.java:setRole(285)) - 109ac5ad-939f-490b-bf91-0dce67b5b01f@group-0FF0947762BF: changes role from CANDIDATE to FOLLOWER at term 5 for REJECTED
2021-08-11 08:47:29,461 [109ac5ad-939f-490b-bf91-0dce67b5b01f@group-0FF0947762BF-LeaderElection9] INFO  impl.RoleInfo (RoleInfo.java:shutdownLeaderElection(121)) - 109ac5ad-939f-490b-bf91-0dce67b5b01f: shutdown 109ac5ad-939f-490b-bf91-0dce67b5b01f@group-0FF0947762BF-LeaderElection9
2021-08-11 08:47:29,461 [109ac5ad-939f-490b-bf91-0dce67b5b01f@group-0FF0947762BF-LeaderElection9] INFO  impl.RoleInfo (RoleInfo.java:updateAndGet(130)) - 109ac5ad-939f-490b-bf91-0dce67b5b01f: start 109ac5ad-939f-490b-bf91-0dce67b5b01f@group-0FF0947762BF-FollowerState
2021-08-11 08:47:29,486 [SCMBlockDeletingService#0] DEBUG block.SCMBlockDeletingService (SCMBlockDeletingService.java:call(133)) - Running DeletedBlockTransactionScanner
2021-08-11 08:47:29,586 [SCMBlockDeletingService#0] DEBUG block.SCMBlockDeletingService (SCMBlockDeletingService.java:call(133)) - Running DeletedBlockTransactionScanner
2021-08-11 08:47:29,686 [SCMBlockDeletingService#0] DEBUG block.SCMBlockDeletingService (SCMBlockDeletingService.java:call(133)) - Running DeletedBlockTransactionScanner
2021-08-11 08:47:29,787 [SCMBlockDeletingService#0] DEBUG block.SCMBlockDeletingService (SCMBlockDeletingService.java:call(133)) - Running DeletedBlockTransactionScanner
2021-08-11 08:47:29,887 [SCMBlockDeletingService#0] DEBUG block.SCMBlockDeletingService (SCMBlockDeletingService.java:call(133)) - Running DeletedBlockTransactionScanner
2021-08-11 08:47:29,987 [SCMBlockDeletingService#0] DEBUG block.SCMBlockDeletingService (SCMBlockDeletingService.java:call(133)) - Running DeletedBlockTransactionScanner
2021-08-11 08:47:30,087 [SCMBlockDeletingService#0] DEBUG block.SCMBlockDeletingService (SCMBlockDeletingService.java:call(133)) - Running DeletedBlockTransactionScanner
2021-08-11 08:47:30,187 [SCMBlockDeletingService#0] DEBUG block.SCMBlockDeletingService (SCMBlockDeletingService.java:call(133)) - Running DeletedBlockTransactionScanner
2021-08-11 08:47:30,287 [SCMBlockDeletingService#0] DEBUG block.SCMBlockDeletingService (SCMBlockDeletingService.java:call(133)) - Running DeletedBlockTransactionScanner
2021-08-11 08:47:30,387 [SCMBlockDeletingService#0] DEBUG block.SCMBlockDeletingService (SCMBlockDeletingService.java:call(133)) - Running DeletedBlockTransactionScanner
2021-08-11 08:47:30,487 [SCMBlockDeletingService#0] DEBUG block.SCMBlockDeletingService (SCMBlockDeletingService.java:call(133)) - Running DeletedBlockTransactionScanner
2021-08-11 08:47:30,587 [SCMBlockDeletingService#0] DEBUG block.SCMBlockDeletingService (SCMBlockDeletingService.java:call(133)) - Running DeletedBlockTransactionScanner
2021-08-11 08:47:30,687 [SCMBlockDeletingService#0] DEBUG block.SCMBlockDeletingService (SCMBlockDeletingService.java:call(133)) - Running DeletedBlockTransactionScanner
2021-08-11 08:47:30,787 [SCMBlockDeletingService#0] DEBUG block.SCMBlockDeletingService (SCMBlockDeletingService.java:call(133)) - Running DeletedBlockTransactionScanner
2021-08-11 08:47:30,887 [SCMBlockDeletingService#0] DEBUG block.SCMBlockDeletingService (SCMBlockDeletingService.java:call(133)) - Running DeletedBlockTransactionScanner
2021-08-11 08:47:30,988 [SCMBlockDeletingService#0] DEBUG block.SCMBlockDeletingService (SCMBlockDeletingService.java:call(133)) - Running DeletedBlockTransactionScanner
2021-08-11 08:47:31,084 [EventQueue-StaleNodeForStaleNodeHandler] INFO  node.StaleNodeHandler (StaleNodeHandler.java:onMessage(58)) - Datanode ae694f9c-4230-4382-bdc9-4a730a1d0d10{ip: 10.1.0.43, host: fv-az291-953.wgnan5asplgejimfprtllbpdch.jx.internal.cloudapp.net, ports: [REPLICATION=41367, RATIS=34969, RATIS_ADMIN=34969, RATIS_SERVER=34969, STANDALONE=42147], networkLocation: /default-rack, certSerialId: null, persistedOpState: IN_SERVICE, persistedOpStateExpiryEpochSec: 0} moved to stale state. Finalizing its pipelines [PipelineID=78097312-14c1-4a92-90ae-ef0e04f40afa]
2021-08-11 08:47:31,085 [EventQueue-StaleNodeForStaleNodeHandler] INFO  pipeline.PipelineManagerImpl (PipelineManagerImpl.java:closePipeline(343)) - Pipeline Pipeline[ Id: 78097312-14c1-4a92-90ae-ef0e04f40afa, Nodes: 109ac5ad-939f-490b-bf91-0dce67b5b01f{ip: 10.1.0.43, host: fv-az291-953.wgnan5asplgejimfprtllbpdch.jx.internal.cloudapp.net, ports: [REPLICATION=37559, RATIS=46857, RATIS_ADMIN=46857, RATIS_SERVER=46857, STANDALONE=44477], networkLocation: /default-rack, certSerialId: null, persistedOpState: IN_SERVICE, persistedOpStateExpiryEpochSec: 0}420b874f-857b-4c1c-9003-2dc7fb97d846{ip: 10.1.0.43, host: fv-az291-953.wgnan5asplgejimfprtllbpdch.jx.internal.cloudapp.net, ports: [REPLICATION=42787, RATIS=37267, RATIS_ADMIN=37267, RATIS_SERVER=37267, STANDALONE=39267], networkLocation: /default-rack, certSerialId: null, persistedOpState: IN_SERVICE, persistedOpStateExpiryEpochSec: 0}ae694f9c-4230-4382-bdc9-4a730a1d0d10{ip: 10.1.0.43, host: fv-az291-953.wgnan5asplgejimfprtllbpdch.jx.internal.cloudapp.net, ports: [REPLICATION=41367, RATIS=34969, RATIS_ADMIN=34969, RATIS_SERVER=34969, STANDALONE=42147], networkLocation: /default-rack, certSerialId: null, persistedOpState: IN_SERVICE, persistedOpStateExpiryEpochSec: 0}, ReplicationConfig: RATIS/THREE, State:ALLOCATED, leaderId:, CreationTimestamp2021-08-11T08:47:27.177Z[Etc/UTC]] moved to CLOSED state
2021-08-11 08:47:31,085 [EventQueue-StaleNodeForStaleNodeHandler] INFO  node.StaleNodeHandler (StaleNodeHandler.java:onMessage(58)) - Datanode 109ac5ad-939f-490b-bf91-0dce67b5b01f{ip: 10.1.0.43, host: fv-az291-953.wgnan5asplgejimfprtllbpdch.jx.internal.cloudapp.net, ports: [REPLICATION=37559, RATIS=46857, RATIS_ADMIN=46857, RATIS_SERVER=46857, STANDALONE=44477], networkLocation: /default-rack, certSerialId: null, persistedOpState: IN_SERVICE, persistedOpStateExpiryEpochSec: 0} moved to stale state. Finalizing its pipelines [PipelineID=78097312-14c1-4a92-90ae-ef0e04f40afa]
2021-08-11 08:47:31,088 [SCMBlockDeletingService#0] DEBUG block.SCMBlockDeletingService (SCMBlockDeletingService.java:call(133)) - Running DeletedBlockTransactionScanner
2021-08-11 08:47:31,188 [SCMBlockDeletingService#0] DEBUG block.SCMBlockDeletingService (SCMBlockDeletingService.java:call(133)) - Running DeletedBlockTransactionScanner
2021-08-11 08:47:31,289 [SCMBlockDeletingService#0] DEBUG block.SCMBlockDeletingService (SCMBlockDeletingService.java:call(133)) - Running DeletedBlockTransactionScanner
2021-08-11 08:47:31,389 [SCMBlockDeletingService#0] DEBUG block.SCMBlockDeletingService (SCMBlockDeletingService.java:call(133)) - Running DeletedBlockTransactionScanner
2021-08-11 08:47:31,489 [SCMBlockDeletingService#0] DEBUG block.SCMBlockDeletingService (SCMBlockDeletingService.java:call(133)) - Running DeletedBlockTransactionScanner
2021-08-11 08:47:31,589 [SCMBlockDeletingService#0] DEBUG block.SCMBlockDeletingService (SCMBlockDeletingService.java:call(133)) - Running DeletedBlockTransactionScanner
2021-08-11 08:47:31,689 [SCMBlockDeletingService#0] DEBUG block.SCMBlockDeletingService (SCMBlockDeletingService.java:call(133)) - Running DeletedBlockTransactionScanner
2021-08-11 08:47:31,790 [SCMBlockDeletingService#0] DEBUG block.SCMBlockDeletingService (SCMBlockDeletingService.java:call(133)) - Running DeletedBlockTransactionScanner
2021-08-11 08:47:31,890 [SCMBlockDeletingService#0] DEBUG block.SCMBlockDeletingService (SCMBlockDeletingService.java:call(133)) - Running DeletedBlockTransactionScanner
2021-08-11 08:47:31,990 [SCMBlockDeletingService#0] DEBUG block.SCMBlockDeletingService (SCMBlockDeletingService.java:call(133)) - Running DeletedBlockTransactionScanner
2021-08-11 08:47:32,090 [SCMBlockDeletingService#0] DEBUG block.SCMBlockDeletingService (SCMBlockDeletingService.java:call(133)) - Running DeletedBlockTransactionScanner
2021-08-11 08:47:32,190 [SCMBlockDeletingService#0] DEBUG block.SCMBlockDeletingService (SCMBlockDeletingService.java:call(133)) - Running DeletedBlockTransactionScanner
2021-08-11 08:47:32,290 [SCMBlockDeletingService#0] DEBUG block.SCMBlockDeletingService (SCMBlockDeletingService.java:call(133)) - Running DeletedBlockTransactionScanner
2021-08-11 08:47:32,390 [SCMBlockDeletingService#0] DEBUG block.SCMBlockDeletingService (SCMBlockDeletingService.java:call(133)) - Running DeletedBlockTransactionScanner
2021-08-11 08:47:32,490 [SCMBlockDeletingService#0] DEBUG block.SCMBlockDeletingService (SCMBlockDeletingService.java:call(133)) - Running DeletedBlockTransactionScanner
2021-08-11 08:47:32,529 [420b874f-857b-4c1c-9003-2dc7fb97d846@group-EF0E04F40AFA-FollowerState] INFO  impl.FollowerState (FollowerState.java:run(134)) - 420b874f-857b-4c1c-9003-2dc7fb97d846@group-EF0E04F40AFA-FollowerState: change to CANDIDATE, lastRpcElapsedTime:5129691398ns, electionTimeout:5125ms
2021-08-11 08:47:32,530 [420b874f-857b-4c1c-9003-2dc7fb97d846@group-EF0E04F40AFA-FollowerState] INFO  impl.RoleInfo (RoleInfo.java:shutdownFollowerState(108)) - 420b874f-857b-4c1c-9003-2dc7fb97d846: shutdown 420b874f-857b-4c1c-9003-2dc7fb97d846@group-EF0E04F40AFA-FollowerState
2021-08-11 08:47:32,530 [420b874f-857b-4c1c-9003-2dc7fb97d846@group-EF0E04F40AFA-FollowerState] INFO  server.RaftServer$Division (RaftServerImpl.java:setRole(285)) - 420b874f-857b-4c1c-9003-2dc7fb97d846@group-EF0E04F40AFA: changes role from  FOLLOWER to CANDIDATE at term 0 for changeToCandidate
2021-08-11 08:47:32,531 [420b874f-857b-4c1c-9003-2dc7fb97d846@group-EF0E04F40AFA-FollowerState] INFO  server.RaftServerConfigKeys (ConfUtils.java:logGet(44)) - raft.server.leaderelection.pre-vote = false (custom)
2021-08-11 08:47:32,531 [420b874f-857b-4c1c-9003-2dc7fb97d846@group-EF0E04F40AFA-FollowerState] INFO  impl.RoleInfo (RoleInfo.java:updateAndGet(130)) - 420b874f-857b-4c1c-9003-2dc7fb97d846: start 420b874f-857b-4c1c-9003-2dc7fb97d846@group-EF0E04F40AFA-LeaderElection10
2021-08-11 08:47:32,545 [ae694f9c-4230-4382-bdc9-4a730a1d0d10@group-EF0E04F40AFA-FollowerState] INFO  impl.FollowerState (FollowerState.java:run(134)) - ae694f9c-4230-4382-bdc9-4a730a1d0d10@group-EF0E04F40AFA-FollowerState: change to CANDIDATE, lastRpcElapsedTime:5036059444ns, electionTimeout:5029ms
2021-08-11 08:47:32,545 [ae694f9c-4230-4382-bdc9-4a730a1d0d10@group-EF0E04F40AFA-FollowerState] INFO  impl.RoleInfo (RoleInfo.java:shutdownFollowerState(108)) - ae694f9c-4230-4382-bdc9-4a730a1d0d10: shutdown ae694f9c-4230-4382-bdc9-4a730a1d0d10@group-EF0E04F40AFA-FollowerState
2021-08-11 08:47:32,545 [ae694f9c-4230-4382-bdc9-4a730a1d0d10@group-EF0E04F40AFA-FollowerState] INFO  server.RaftServer$Division (RaftServerImpl.java:setRole(285)) - ae694f9c-4230-4382-bdc9-4a730a1d0d10@group-EF0E04F40AFA: changes role from  FOLLOWER to CANDIDATE at term 0 for changeToCandidate
2021-08-11 08:47:32,545 [ae694f9c-4230-4382-bdc9-4a730a1d0d10@group-EF0E04F40AFA-FollowerState] INFO  server.RaftServerConfigKeys (ConfUtils.java:logGet(44)) - raft.server.leaderelection.pre-vote = false (custom)
2021-08-11 08:47:32,545 [ae694f9c-4230-4382-bdc9-4a730a1d0d10@group-EF0E04F40AFA-FollowerState] INFO  impl.RoleInfo (RoleInfo.java:updateAndGet(130)) - ae694f9c-4230-4382-bdc9-4a730a1d0d10: start ae694f9c-4230-4382-bdc9-4a730a1d0d10@group-EF0E04F40AFA-LeaderElection11
2021-08-11 08:47:32,550 [109ac5ad-939f-490b-bf91-0dce67b5b01f@group-EF0E04F40AFA-FollowerState] INFO  impl.FollowerState (FollowerState.java:run(134)) - 109ac5ad-939f-490b-bf91-0dce67b5b01f@group-EF0E04F40AFA-FollowerState: change to CANDIDATE, lastRpcElapsedTime:5113613592ns, electionTimeout:5105ms
2021-08-11 08:47:32,550 [109ac5ad-939f-490b-bf91-0dce67b5b01f@group-EF0E04F40AFA-FollowerState] INFO  impl.RoleInfo (RoleInfo.java:shutdownFollowerState(108)) - 109ac5ad-939f-490b-bf91-0dce67b5b01f: shutdown 109ac5ad-939f-490b-bf91-0dce67b5b01f@group-EF0E04F40AFA-FollowerState
2021-08-11 08:47:32,551 [109ac5ad-939f-490b-bf91-0dce67b5b01f@group-EF0E04F40AFA-FollowerState] INFO  server.RaftServer$Division (RaftServerImpl.java:setRole(285)) - 109ac5ad-939f-490b-bf91-0dce67b5b01f@group-EF0E04F40AFA: changes role from  FOLLOWER to CANDIDATE at term 0 for changeToCandidate
2021-08-11 08:47:32,551 [109ac5ad-939f-490b-bf91-0dce67b5b01f@group-EF0E04F40AFA-FollowerState] INFO  server.RaftServerConfigKeys (ConfUtils.java:logGet(44)) - raft.server.leaderelection.pre-vote = false (custom)
2021-08-11 08:47:32,551 [109ac5ad-939f-490b-bf91-0dce67b5b01f@group-EF0E04F40AFA-FollowerState] INFO  impl.RoleInfo (RoleInfo.java:updateAndGet(130)) - 109ac5ad-939f-490b-bf91-0dce67b5b01f: start 109ac5ad-939f-490b-bf91-0dce67b5b01f@group-EF0E04F40AFA-LeaderElection12
2021-08-11 08:47:32,566 [ae694f9c-4230-4382-bdc9-4a730a1d0d10@group-EF0E04F40AFA-LeaderElection11] INFO  impl.LeaderElection (LeaderElection.java:askForVotes(306)) - ae694f9c-4230-4382-bdc9-4a730a1d0d10@group-EF0E04F40AFA-LeaderElection11 ELECTION round 0: submit vote requests at term 1 for -1: [109ac5ad-939f-490b-bf91-0dce67b5b01f|rpc:10.1.0.43:46857|dataStream:|priority:0, ae694f9c-4230-4382-bdc9-4a730a1d0d10|rpc:10.1.0.43:34969|dataStream:|priority:1, 420b874f-857b-4c1c-9003-2dc7fb97d846|rpc:10.1.0.43:37267|dataStream:|priority:0], old=null
2021-08-11 08:47:32,568 [420b874f-857b-4c1c-9003-2dc7fb97d846@group-EF0E04F40AFA-LeaderElection10] INFO  impl.LeaderElection (LeaderElection.java:askForVotes(306)) - 420b874f-857b-4c1c-9003-2dc7fb97d846@group-EF0E04F40AFA-LeaderElection10 ELECTION round 0: submit vote requests at term 1 for -1: [109ac5ad-939f-490b-bf91-0dce67b5b01f|rpc:10.1.0.43:46857|priority:0, ae694f9c-4230-4382-bdc9-4a730a1d0d10|rpc:10.1.0.43:34969|priority:1, 420b874f-857b-4c1c-9003-2dc7fb97d846|rpc:10.1.0.43:37267|priority:0], old=null
2021-08-11 08:47:32,568 [109ac5ad-939f-490b-bf91-0dce67b5b01f@group-EF0E04F40AFA-LeaderElection12] INFO  impl.LeaderElection (LeaderElection.java:askForVotes(306)) - 109ac5ad-939f-490b-bf91-0dce67b5b01f@group-EF0E04F40AFA-LeaderElection12 ELECTION round 0: submit vote requests at term 1 for -1: [109ac5ad-939f-490b-bf91-0dce67b5b01f|rpc:10.1.0.43:46857|dataStream:|priority:0, ae694f9c-4230-4382-bdc9-4a730a1d0d10|rpc:10.1.0.43:34969|dataStream:|priority:1, 420b874f-857b-4c1c-9003-2dc7fb97d846|rpc:10.1.0.43:37267|dataStream:|priority:0], old=null
2021-08-11 08:47:32,597 [SCMBlockDeletingService#0] DEBUG block.SCMBlockDeletingService (SCMBlockDeletingService.java:call(133)) - Running DeletedBlockTransactionScanner
2021-08-11 08:47:32,605 [grpc-default-executor-2] INFO  server.RaftServer$Division (RaftServerImpl.java:requestVote(1043)) - 109ac5ad-939f-490b-bf91-0dce67b5b01f@group-EF0E04F40AFA: receive requestVote(ELECTION, 420b874f-857b-4c1c-9003-2dc7fb97d846, group-EF0E04F40AFA, 1, (t:0, i:0))
2021-08-11 08:47:32,605 [grpc-default-executor-2] INFO  impl.VoteContext (VoteContext.java:log(48)) - 109ac5ad-939f-490b-bf91-0dce67b5b01f@group-EF0E04F40AFA-CANDIDATE: reject ELECTION from 420b874f-857b-4c1c-9003-2dc7fb97d846: already has voted for 109ac5ad-939f-490b-bf91-0dce67b5b01f at current term 1
2021-08-11 08:47:32,605 [grpc-default-executor-2] INFO  server.RaftServer$Division (RaftServerImpl.java:requestVote(1075)) - 109ac5ad-939f-490b-bf91-0dce67b5b01f@group-EF0E04F40AFA replies to ELECTION vote request: 420b874f-857b-4c1c-9003-2dc7fb97d846<-109ac5ad-939f-490b-bf91-0dce67b5b01f#0:FAIL-t1. Peer's state: 109ac5ad-939f-490b-bf91-0dce67b5b01f@group-EF0E04F40AFA:t1, leader=null, voted=109ac5ad-939f-490b-bf91-0dce67b5b01f, raftlog=109ac5ad-939f-490b-bf91-0dce67b5b01f@group-EF0E04F40AFA-SegmentedRaftLog:OPENED:c-1,f-1,i0, conf=-1: [109ac5ad-939f-490b-bf91-0dce67b5b01f|rpc:10.1.0.43:46857|dataStream:|priority:0, ae694f9c-4230-4382-bdc9-4a730a1d0d10|rpc:10.1.0.43:34969|dataStream:|priority:1, 420b874f-857b-4c1c-9003-2dc7fb97d846|rpc:10.1.0.43:37267|dataStream:|priority:0], old=null
2021-08-11 08:47:32,623 [grpc-default-executor-2] INFO  server.RaftServer$Division (RaftServerImpl.java:requestVote(1043)) - ae694f9c-4230-4382-bdc9-4a730a1d0d10@group-EF0E04F40AFA: receive requestVote(ELECTION, 109ac5ad-939f-490b-bf91-0dce67b5b01f, group-EF0E04F40AFA, 1, (t:0, i:0))
2021-08-11 08:47:32,623 [grpc-default-executor-2] INFO  impl.VoteContext (VoteContext.java:log(48)) - ae694f9c-4230-4382-bdc9-4a730a1d0d10@group-EF0E04F40AFA-CANDIDATE: reject ELECTION from 109ac5ad-939f-490b-bf91-0dce67b5b01f: already has voted for ae694f9c-4230-4382-bdc9-4a730a1d0d10 at current term 1
2021-08-11 08:47:32,623 [grpc-default-executor-2] INFO  server.RaftServer$Division (RaftServerImpl.java:requestVote(1075)) - ae694f9c-4230-4382-bdc9-4a730a1d0d10@group-EF0E04F40AFA replies to ELECTION vote request: 109ac5ad-939f-490b-bf91-0dce67b5b01f<-ae694f9c-4230-4382-bdc9-4a730a1d0d10#0:FAIL-t1. Peer's state: ae694f9c-4230-4382-bdc9-4a730a1d0d10@group-EF0E04F40AFA:t1, leader=null, voted=ae694f9c-4230-4382-bdc9-4a730a1d0d10, raftlog=ae694f9c-4230-4382-bdc9-4a730a1d0d10@group-EF0E04F40AFA-SegmentedRaftLog:OPENED:c-1,f-1,i0, conf=-1: [109ac5ad-939f-490b-bf91-0dce67b5b01f|rpc:10.1.0.43:46857|dataStream:|priority:0, ae694f9c-4230-4382-bdc9-4a730a1d0d10|rpc:10.1.0.43:34969|dataStream:|priority:1, 420b874f-857b-4c1c-9003-2dc7fb97d846|rpc:10.1.0.43:37267|dataStream:|priority:0], old=null
2021-08-11 08:47:32,628 [grpc-default-executor-0] INFO  server.RaftServer$Division (RaftServerImpl.java:requestVote(1043)) - 109ac5ad-939f-490b-bf91-0dce67b5b01f@group-EF0E04F40AFA: receive requestVote(ELECTION, ae694f9c-4230-4382-bdc9-4a730a1d0d10, group-EF0E04F40AFA, 1, (t:0, i:0))
2021-08-11 08:47:32,628 [grpc-default-executor-1] INFO  server.RaftServer$Division (RaftServerImpl.java:requestVote(1043)) - 420b874f-857b-4c1c-9003-2dc7fb97d846@group-EF0E04F40AFA: receive requestVote(ELECTION, 109ac5ad-939f-490b-bf91-0dce67b5b01f, group-EF0E04F40AFA, 1, (t:0, i:0))
2021-08-11 08:47:32,639 [grpc-default-executor-1] INFO  impl.VoteContext (VoteContext.java:log(48)) - 420b874f-857b-4c1c-9003-2dc7fb97d846@group-EF0E04F40AFA-CANDIDATE: reject ELECTION from 109ac5ad-939f-490b-bf91-0dce67b5b01f: already has voted for 420b874f-857b-4c1c-9003-2dc7fb97d846 at current term 1
2021-08-11 08:47:32,639 [grpc-default-executor-0] INFO  impl.VoteContext (VoteContext.java:log(48)) - 109ac5ad-939f-490b-bf91-0dce67b5b01f@group-EF0E04F40AFA-CANDIDATE: reject ELECTION from ae694f9c-4230-4382-bdc9-4a730a1d0d10: already has voted for 109ac5ad-939f-490b-bf91-0dce67b5b01f at current term 1
2021-08-11 08:47:32,639 [grpc-default-executor-1] INFO  server.RaftServer$Division (RaftServerImpl.java:requestVote(1075)) - 420b874f-857b-4c1c-9003-2dc7fb97d846@group-EF0E04F40AFA replies to ELECTION vote request: 109ac5ad-939f-490b-bf91-0dce67b5b01f<-420b874f-857b-4c1c-9003-2dc7fb97d846#0:FAIL-t1. Peer's state: 420b874f-857b-4c1c-9003-2dc7fb97d846@group-EF0E04F40AFA:t1, leader=null, voted=420b874f-857b-4c1c-9003-2dc7fb97d846, raftlog=420b874f-857b-4c1c-9003-2dc7fb97d846@group-EF0E04F40AFA-SegmentedRaftLog:OPENED:c-1,f-1,i0, conf=-1: [109ac5ad-939f-490b-bf91-0dce67b5b01f|rpc:10.1.0.43:46857|priority:0, ae694f9c-4230-4382-bdc9-4a730a1d0d10|rpc:10.1.0.43:34969|priority:1, 420b874f-857b-4c1c-9003-2dc7fb97d846|rpc:10.1.0.43:37267|priority:0], old=null
2021-08-11 08:47:32,639 [grpc-default-executor-0] INFO  server.RaftServer$Division (RaftServerImpl.java:requestVote(1075)) - 109ac5ad-939f-490b-bf91-0dce67b5b01f@group-EF0E04F40AFA replies to ELECTION vote request: ae694f9c-4230-4382-bdc9-4a730a1d0d10<-109ac5ad-939f-490b-bf91-0dce67b5b01f#0:FAIL-t1. Peer's state: 109ac5ad-939f-490b-bf91-0dce67b5b01f@group-EF0E04F40AFA:t1, leader=null, voted=109ac5ad-939f-490b-bf91-0dce67b5b01f, raftlog=109ac5ad-939f-490b-bf91-0dce67b5b01f@group-EF0E04F40AFA-SegmentedRaftLog:OPENED:c-1,f-1,i0, conf=-1: [109ac5ad-939f-490b-bf91-0dce67b5b01f|rpc:10.1.0.43:46857|dataStream:|priority:0, ae694f9c-4230-4382-bdc9-4a730a1d0d10|rpc:10.1.0.43:34969|dataStream:|priority:1, 420b874f-857b-4c1c-9003-2dc7fb97d846|rpc:10.1.0.43:37267|dataStream:|priority:0], old=null
2021-08-11 08:47:32,647 [grpc-default-executor-2] INFO  server.RaftServer$Division (RaftServerImpl.java:requestVote(1043)) - ae694f9c-4230-4382-bdc9-4a730a1d0d10@group-EF0E04F40AFA: receive requestVote(ELECTION, 420b874f-857b-4c1c-9003-2dc7fb97d846, group-EF0E04F40AFA, 1, (t:0, i:0))
2021-08-11 08:47:32,648 [grpc-default-executor-2] INFO  impl.VoteContext (VoteContext.java:log(48)) - ae694f9c-4230-4382-bdc9-4a730a1d0d10@group-EF0E04F40AFA-CANDIDATE: reject ELECTION from 420b874f-857b-4c1c-9003-2dc7fb97d846: already has voted for ae694f9c-4230-4382-bdc9-4a730a1d0d10 at current term 1
2021-08-11 08:47:32,648 [grpc-default-executor-2] INFO  server.RaftServer$Division (RaftServerImpl.java:requestVote(1075)) - ae694f9c-4230-4382-bdc9-4a730a1d0d10@group-EF0E04F40AFA replies to ELECTION vote request: 420b874f-857b-4c1c-9003-2dc7fb97d846<-ae694f9c-4230-4382-bdc9-4a730a1d0d10#0:FAIL-t1. Peer's state: ae694f9c-4230-4382-bdc9-4a730a1d0d10@group-EF0E04F40AFA:t1, leader=null, voted=ae694f9c-4230-4382-bdc9-4a730a1d0d10, raftlog=ae694f9c-4230-4382-bdc9-4a730a1d0d10@group-EF0E04F40AFA-SegmentedRaftLog:OPENED:c-1,f-1,i0, conf=-1: [109ac5ad-939f-490b-bf91-0dce67b5b01f|rpc:10.1.0.43:46857|dataStream:|priority:0, ae694f9c-4230-4382-bdc9-4a730a1d0d10|rpc:10.1.0.43:34969|dataStream:|priority:1, 420b874f-857b-4c1c-9003-2dc7fb97d846|rpc:10.1.0.43:37267|dataStream:|priority:0], old=null
2021-08-11 08:47:32,648 [109ac5ad-939f-490b-bf91-0dce67b5b01f@group-EF0E04F40AFA-LeaderElection12] INFO  impl.LeaderElection (LeaderElection.java:logAndReturn(89)) - 109ac5ad-939f-490b-bf91-0dce67b5b01f@group-EF0E04F40AFA-LeaderElection12: ELECTION REJECTED received 1 response(s) and 0 exception(s):
2021-08-11 08:47:32,652 [109ac5ad-939f-490b-bf91-0dce67b5b01f@group-EF0E04F40AFA-LeaderElection12] INFO  impl.LeaderElection (LeaderElection.java:logAndReturn(93)) -   Response 0: 109ac5ad-939f-490b-bf91-0dce67b5b01f<-ae694f9c-4230-4382-bdc9-4a730a1d0d10#0:FAIL-t1
2021-08-11 08:47:32,652 [109ac5ad-939f-490b-bf91-0dce67b5b01f@group-EF0E04F40AFA-LeaderElection12] INFO  impl.LeaderElection (LeaderElection.java:askForVotes(308)) - 109ac5ad-939f-490b-bf91-0dce67b5b01f@group-EF0E04F40AFA-LeaderElection12 ELECTION round 0: result REJECTED
2021-08-11 08:47:32,652 [109ac5ad-939f-490b-bf91-0dce67b5b01f@group-EF0E04F40AFA-LeaderElection12] INFO  server.RaftServer$Division (RaftServerImpl.java:setRole(285)) - 109ac5ad-939f-490b-bf91-0dce67b5b01f@group-EF0E04F40AFA: changes role from CANDIDATE to FOLLOWER at term 1 for REJECTED
2021-08-11 08:47:32,652 [109ac5ad-939f-490b-bf91-0dce67b5b01f@group-EF0E04F40AFA-LeaderElection12] INFO  impl.RoleInfo (RoleInfo.java:shutdownLeaderElection(121)) - 109ac5ad-939f-490b-bf91-0dce67b5b01f: shutdown 109ac5ad-939f-490b-bf91-0dce67b5b01f@group-EF0E04F40AFA-LeaderElection12
2021-08-11 08:47:32,652 [109ac5ad-939f-490b-bf91-0dce67b5b01f@group-EF0E04F40AFA-LeaderElection12] INFO  impl.RoleInfo (RoleInfo.java:updateAndGet(130)) - 109ac5ad-939f-490b-bf91-0dce67b5b01f: start 109ac5ad-939f-490b-bf91-0dce67b5b01f@group-EF0E04F40AFA-FollowerState
2021-08-11 08:47:32,660 [grpc-default-executor-2] INFO  server.RaftServer$Division (RaftServerImpl.java:requestVote(1043)) - 420b874f-857b-4c1c-9003-2dc7fb97d846@group-EF0E04F40AFA: receive requestVote(ELECTION, ae694f9c-4230-4382-bdc9-4a730a1d0d10, group-EF0E04F40AFA, 1, (t:0, i:0))
2021-08-11 08:47:32,670 [grpc-default-executor-2] INFO  impl.VoteContext (VoteContext.java:log(48)) - 420b874f-857b-4c1c-9003-2dc7fb97d846@group-EF0E04F40AFA-CANDIDATE: reject ELECTION from ae694f9c-4230-4382-bdc9-4a730a1d0d10: already has voted for 420b874f-857b-4c1c-9003-2dc7fb97d846 at current term 1
2021-08-11 08:47:32,670 [grpc-default-executor-2] INFO  server.RaftServer$Division (RaftServerImpl.java:requestVote(1075)) - 420b874f-857b-4c1c-9003-2dc7fb97d846@group-EF0E04F40AFA replies to ELECTION vote request: ae694f9c-4230-4382-bdc9-4a730a1d0d10<-420b874f-857b-4c1c-9003-2dc7fb97d846#0:FAIL-t1. Peer's state: 420b874f-857b-4c1c-9003-2dc7fb97d846@group-EF0E04F40AFA:t1, leader=null, voted=420b874f-857b-4c1c-9003-2dc7fb97d846, raftlog=420b874f-857b-4c1c-9003-2dc7fb97d846@group-EF0E04F40AFA-SegmentedRaftLog:OPENED:c-1,f-1,i0, conf=-1: [109ac5ad-939f-490b-bf91-0dce67b5b01f|rpc:10.1.0.43:46857|priority:0, ae694f9c-4230-4382-bdc9-4a730a1d0d10|rpc:10.1.0.43:34969|priority:1, 420b874f-857b-4c1c-9003-2dc7fb97d846|rpc:10.1.0.43:37267|priority:0], old=null
2021-08-11 08:47:32,670 [420b874f-857b-4c1c-9003-2dc7fb97d846@group-EF0E04F40AFA-LeaderElection10] INFO  impl.LeaderElection (LeaderElection.java:logAndReturn(89)) - 420b874f-857b-4c1c-9003-2dc7fb97d846@group-EF0E04F40AFA-LeaderElection10: ELECTION REJECTED received 2 response(s) and 0 exception(s):
2021-08-11 08:47:32,671 [420b874f-857b-4c1c-9003-2dc7fb97d846@group-EF0E04F40AFA-LeaderElection10] INFO  impl.LeaderElection (LeaderElection.java:logAndReturn(93)) -   Response 0: 420b874f-857b-4c1c-9003-2dc7fb97d846<-109ac5ad-939f-490b-bf91-0dce67b5b01f#0:FAIL-t1
2021-08-11 08:47:32,670 [ae694f9c-4230-4382-bdc9-4a730a1d0d10@group-EF0E04F40AFA-LeaderElection11] INFO  impl.LeaderElection (LeaderElection.java:logAndReturn(89)) - ae694f9c-4230-4382-bdc9-4a730a1d0d10@group-EF0E04F40AFA-LeaderElection11: ELECTION REJECTED received 2 response(s) and 0 exception(s):
2021-08-11 08:47:32,671 [420b874f-857b-4c1c-9003-2dc7fb97d846@group-EF0E04F40AFA-LeaderElection10] INFO  impl.LeaderElection (LeaderElection.java:logAndReturn(93)) -   Response 1: 420b874f-857b-4c1c-9003-2dc7fb97d846<-ae694f9c-4230-4382-bdc9-4a730a1d0d10#0:FAIL-t1
2021-08-11 08:47:32,671 [ae694f9c-4230-4382-bdc9-4a730a1d0d10@group-EF0E04F40AFA-LeaderElection11] INFO  impl.LeaderElection (LeaderElection.java:logAndReturn(93)) -   Response 0: ae694f9c-4230-4382-bdc9-4a730a1d0d10<-109ac5ad-939f-490b-bf91-0dce67b5b01f#0:FAIL-t1
2021-08-11 08:47:32,671 [ae694f9c-4230-4382-bdc9-4a730a1d0d10@group-EF0E04F40AFA-LeaderElection11] INFO  impl.LeaderElection (LeaderElection.java:logAndReturn(93)) -   Response 1: ae694f9c-4230-4382-bdc9-4a730a1d0d10<-420b874f-857b-4c1c-9003-2dc7fb97d846#0:FAIL-t1
2021-08-11 08:47:32,671 [ae694f9c-4230-4382-bdc9-4a730a1d0d10@group-EF0E04F40AFA-LeaderElection11] INFO  impl.LeaderElection (LeaderElection.java:askForVotes(308)) - ae694f9c-4230-4382-bdc9-4a730a1d0d10@group-EF0E04F40AFA-LeaderElection11 ELECTION round 0: result REJECTED
2021-08-11 08:47:32,671 [ae694f9c-4230-4382-bdc9-4a730a1d0d10@group-EF0E04F40AFA-LeaderElection11] INFO  server.RaftServer$Division (RaftServerImpl.java:setRole(285)) - ae694f9c-4230-4382-bdc9-4a730a1d0d10@group-EF0E04F40AFA: changes role from CANDIDATE to FOLLOWER at term 1 for REJECTED
2021-08-11 08:47:32,671 [ae694f9c-4230-4382-bdc9-4a730a1d0d10@group-EF0E04F40AFA-LeaderElection11] INFO  impl.RoleInfo (RoleInfo.java:shutdownLeaderElection(121)) - ae694f9c-4230-4382-bdc9-4a730a1d0d10: shutdown ae694f9c-4230-4382-bdc9-4a730a1d0d10@group-EF0E04F40AFA-LeaderElection11
2021-08-11 08:47:32,671 [ae694f9c-4230-4382-bdc9-4a730a1d0d10@group-EF0E04F40AFA-LeaderElection11] INFO  impl.RoleInfo (RoleInfo.java:updateAndGet(130)) - ae694f9c-4230-4382-bdc9-4a730a1d0d10: start ae694f9c-4230-4382-bdc9-4a730a1d0d10@group-EF0E04F40AFA-FollowerState
2021-08-11 08:47:32,671 [420b874f-857b-4c1c-9003-2dc7fb97d846@group-EF0E04F40AFA-LeaderElection10] INFO  impl.LeaderElection (LeaderElection.java:askForVotes(308)) - 420b874f-857b-4c1c-9003-2dc7fb97d846@group-EF0E04F40AFA-LeaderElection10 ELECTION round 0: result REJECTED
2021-08-11 08:47:32,672 [420b874f-857b-4c1c-9003-2dc7fb97d846@group-EF0E04F40AFA-LeaderElection10] INFO  server.RaftServer$Division (RaftServerImpl.java:setRole(285)) - 420b874f-857b-4c1c-9003-2dc7fb97d846@group-EF0E04F40AFA: changes role from CANDIDATE to FOLLOWER at term 1 for REJECTED
2021-08-11 08:47:32,672 [420b874f-857b-4c1c-9003-2dc7fb97d846@group-EF0E04F40AFA-LeaderElection10] INFO  impl.RoleInfo (RoleInfo.java:shutdownLeaderElection(121)) - 420b874f-857b-4c1c-9003-2dc7fb97d846: shutdown 420b874f-857b-4c1c-9003-2dc7fb97d846@group-EF0E04F40AFA-LeaderElection10
2021-08-11 08:47:32,676 [420b874f-857b-4c1c-9003-2dc7fb97d846@group-EF0E04F40AFA-LeaderElection10] INFO  impl.RoleInfo (RoleInfo.java:updateAndGet(130)) - 420b874f-857b-4c1c-9003-2dc7fb97d846: start 420b874f-857b-4c1c-9003-2dc7fb97d846@group-EF0E04F40AFA-FollowerState
2021-08-11 08:47:32,697 [SCMBlockDeletingService#0] DEBUG block.SCMBlockDeletingService (SCMBlockDeletingService.java:call(133)) - Running DeletedBlockTransactionScanner
2021-08-11 08:47:32,797 [SCMBlockDeletingService#0] DEBUG block.SCMBlockDeletingService (SCMBlockDeletingService.java:call(133)) - Running DeletedBlockTransactionScanner
2021-08-11 08:47:32,897 [SCMBlockDeletingService#0] DEBUG block.SCMBlockDeletingService (SCMBlockDeletingService.java:call(133)) - Running DeletedBlockTransactionScanner
2021-08-11 08:47:32,997 [SCMBlockDeletingService#0] DEBUG block.SCMBlockDeletingService (SCMBlockDeletingService.java:call(133)) - Running DeletedBlockTransactionScanner
2021-08-11 08:47:33,087 [ForkJoinPool.commonPool-worker-1] INFO  ozoneimpl.OzoneContainer (OzoneContainer.java:stop(326)) - Attempting to stop container services.
2021-08-11 08:47:33,089 [ForkJoinPool.commonPool-worker-1] INFO  server.RaftServer (RaftServerProxy.java:lambda$close$6(391)) - ae694f9c-4230-4382-bdc9-4a730a1d0d10: close
2021-08-11 08:47:33,089 [ForkJoinPool.commonPool-worker-1] INFO  server.RaftServer$Division (RaftServerImpl.java:lambda$close$4(407)) - ae694f9c-4230-4382-bdc9-4a730a1d0d10@group-EF0E04F40AFA: shutdown
2021-08-11 08:47:33,089 [ForkJoinPool.commonPool-worker-1] INFO  util.JmxRegister (JmxRegister.java:unregister(73)) - Successfully un-registered JMX Bean with object name Ratis:service=RaftServer,group=group-EF0E04F40AFA,id=ae694f9c-4230-4382-bdc9-4a730a1d0d10
2021-08-11 08:47:33,089 [ForkJoinPool.commonPool-worker-1] INFO  impl.RoleInfo (RoleInfo.java:shutdownFollowerState(108)) - ae694f9c-4230-4382-bdc9-4a730a1d0d10: shutdown ae694f9c-4230-4382-bdc9-4a730a1d0d10@group-EF0E04F40AFA-FollowerState
2021-08-11 08:47:33,090 [ForkJoinPool.commonPool-worker-1] INFO  impl.StateMachineUpdater (StateMachineUpdater.java:stopAndJoin(149)) - ae694f9c-4230-4382-bdc9-4a730a1d0d10@group-EF0E04F40AFA-StateMachineUpdater: set stopIndex = -1
2021-08-11 08:47:33,090 [ae694f9c-4230-4382-bdc9-4a730a1d0d10@group-EF0E04F40AFA-FollowerState] INFO  impl.FollowerState (FollowerState.java:run(143)) - ae694f9c-4230-4382-bdc9-4a730a1d0d10@group-EF0E04F40AFA-FollowerState was interrupted: {}
java.lang.InterruptedException: sleep interrupted
	at java.lang.Thread.sleep(Native Method)
	at java.lang.Thread.sleep(Thread.java:340)
	at java.util.concurrent.TimeUnit.sleep(TimeUnit.java:386)
	at org.apache.ratis.util.TimeDuration.sleep(TimeDuration.java:324)
	at org.apache.ratis.util.TimeDuration.sleep(TimeDuration.java:309)
	at org.apache.ratis.server.impl.FollowerState.run(FollowerState.java:118)
2021-08-11 08:47:33,090 [ForkJoinPool.commonPool-worker-1] INFO  server.RaftServer$Division (ServerState.java:close(419)) - ae694f9c-4230-4382-bdc9-4a730a1d0d10@group-EF0E04F40AFA: closes. applyIndex: -1
2021-08-11 08:47:33,090 [ae694f9c-4230-4382-bdc9-4a730a1d0d10@group-EF0E04F40AFA-SegmentedRaftLogWorker] INFO  segmented.SegmentedRaftLogWorker (SegmentedRaftLogWorker.java:run(327)) - ae694f9c-4230-4382-bdc9-4a730a1d0d10@group-EF0E04F40AFA-SegmentedRaftLogWorker was interrupted, exiting. There are 0 tasks remaining in the queue.
2021-08-11 08:47:33,093 [ForkJoinPool.commonPool-worker-1] INFO  segmented.SegmentedRaftLogWorker (SegmentedRaftLogWorker.java:close(237)) - ae694f9c-4230-4382-bdc9-4a730a1d0d10@group-EF0E04F40AFA-SegmentedRaftLogWorker close()
2021-08-11 08:47:33,093 [Listener at 127.0.0.1/34095] INFO  ozoneimpl.OzoneContainer (OzoneContainer.java:stop(326)) - Attempting to stop container services.
2021-08-11 08:47:33,094 [Listener at 127.0.0.1/34095] INFO  server.RaftServer (RaftServerProxy.java:lambda$close$6(391)) - 109ac5ad-939f-490b-bf91-0dce67b5b01f: close
2021-08-11 08:47:33,094 [Listener at 127.0.0.1/34095] INFO  server.RaftServer$Division (RaftServerImpl.java:lambda$close$4(407)) - 109ac5ad-939f-490b-bf91-0dce67b5b01f@group-EF0E04F40AFA: shutdown
2021-08-11 08:47:33,094 [Listener at 127.0.0.1/34095] INFO  util.JmxRegister (JmxRegister.java:unregister(73)) - Successfully un-registered JMX Bean with object name Ratis:service=RaftServer,group=group-EF0E04F40AFA,id=109ac5ad-939f-490b-bf91-0dce67b5b01f
2021-08-11 08:47:33,095 [Listener at 127.0.0.1/34095] INFO  impl.RoleInfo (RoleInfo.java:shutdownFollowerState(108)) - 109ac5ad-939f-490b-bf91-0dce67b5b01f: shutdown 109ac5ad-939f-490b-bf91-0dce67b5b01f@group-EF0E04F40AFA-FollowerState
2021-08-11 08:47:33,095 [Listener at 127.0.0.1/34095] INFO  impl.StateMachineUpdater (StateMachineUpdater.java:stopAndJoin(149)) - 109ac5ad-939f-490b-bf91-0dce67b5b01f@group-EF0E04F40AFA-StateMachineUpdater: set stopIndex = -1
2021-08-11 08:47:33,095 [109ac5ad-939f-490b-bf91-0dce67b5b01f@group-EF0E04F40AFA-FollowerState] INFO  impl.FollowerState (FollowerState.java:run(143)) - 109ac5ad-939f-490b-bf91-0dce67b5b01f@group-EF0E04F40AFA-FollowerState was interrupted: {}
java.lang.InterruptedException: sleep interrupted
	at java.lang.Thread.sleep(Native Method)
	at java.lang.Thread.sleep(Thread.java:340)
	at java.util.concurrent.TimeUnit.sleep(TimeUnit.java:386)
	at org.apache.ratis.util.TimeDuration.sleep(TimeDuration.java:324)
	at org.apache.ratis.util.TimeDuration.sleep(TimeDuration.java:309)
	at org.apache.ratis.server.impl.FollowerState.run(FollowerState.java:118)
2021-08-11 08:47:33,096 [Listener at 127.0.0.1/34095] INFO  server.RaftServer$Division (ServerState.java:close(419)) - 109ac5ad-939f-490b-bf91-0dce67b5b01f@group-EF0E04F40AFA: closes. applyIndex: -1
2021-08-11 08:47:33,096 [109ac5ad-939f-490b-bf91-0dce67b5b01f@group-EF0E04F40AFA-SegmentedRaftLogWorker] INFO  segmented.SegmentedRaftLogWorker (SegmentedRaftLogWorker.java:run(327)) - 109ac5ad-939f-490b-bf91-0dce67b5b01f@group-EF0E04F40AFA-SegmentedRaftLogWorker was interrupted, exiting. There are 0 tasks remaining in the queue.
2021-08-11 08:47:33,097 [Listener at 127.0.0.1/34095] INFO  segmented.SegmentedRaftLogWorker (SegmentedRaftLogWorker.java:close(237)) - 109ac5ad-939f-490b-bf91-0dce67b5b01f@group-EF0E04F40AFA-SegmentedRaftLogWorker close()
2021-08-11 08:47:33,098 [ForkJoinPool.commonPool-worker-1] INFO  server.GrpcService (GrpcService.java:closeImpl(262)) - ae694f9c-4230-4382-bdc9-4a730a1d0d10: shutdown server with port 34969 now
2021-08-11 08:47:33,098 [SCMBlockDeletingService#0] DEBUG block.SCMBlockDeletingService (SCMBlockDeletingService.java:call(133)) - Running DeletedBlockTransactionScanner
2021-08-11 08:47:33,099 [Listener at 127.0.0.1/34095] INFO  server.RaftServer$Division (RaftServerImpl.java:lambda$close$4(407)) - 109ac5ad-939f-490b-bf91-0dce67b5b01f@group-0FF0947762BF: shutdown
2021-08-11 08:47:33,099 [Listener at 127.0.0.1/34095] INFO  util.JmxRegister (JmxRegister.java:unregister(73)) - Successfully un-registered JMX Bean with object name Ratis:service=RaftServer,group=group-0FF0947762BF,id=109ac5ad-939f-490b-bf91-0dce67b5b01f
2021-08-11 08:47:33,099 [Listener at 127.0.0.1/34095] INFO  impl.RoleInfo (RoleInfo.java:shutdownFollowerState(108)) - 109ac5ad-939f-490b-bf91-0dce67b5b01f: shutdown 109ac5ad-939f-490b-bf91-0dce67b5b01f@group-0FF0947762BF-FollowerState
2021-08-11 08:47:33,099 [Listener at 127.0.0.1/34095] INFO  impl.StateMachineUpdater (StateMachineUpdater.java:stopAndJoin(149)) - 109ac5ad-939f-490b-bf91-0dce67b5b01f@group-0FF0947762BF-StateMachineUpdater: set stopIndex = 14
2021-08-11 08:47:33,099 [109ac5ad-939f-490b-bf91-0dce67b5b01f@group-0FF0947762BF-FollowerState] INFO  impl.FollowerState (FollowerState.java:run(143)) - 109ac5ad-939f-490b-bf91-0dce67b5b01f@group-0FF0947762BF-FollowerState was interrupted: {}
java.lang.InterruptedException: sleep interrupted
	at java.lang.Thread.sleep(Native Method)
	at java.lang.Thread.sleep(Thread.java:340)
	at java.util.concurrent.TimeUnit.sleep(TimeUnit.java:386)
	at org.apache.ratis.util.TimeDuration.sleep(TimeDuration.java:324)
	at org.apache.ratis.util.TimeDuration.sleep(TimeDuration.java:309)
	at org.apache.ratis.server.impl.FollowerState.run(FollowerState.java:118)
2021-08-11 08:47:33,099 [109ac5ad-939f-490b-bf91-0dce67b5b01f@group-0FF0947762BF-StateMachineUpdater] INFO  ratis.ContainerStateMachine (ContainerStateMachine.java:takeSnapshot(291)) - group-0FF0947762BF: Taking a snapshot at:(t:3, i:14) file /home/runner/work/ozone/ozone/hadoop-ozone/integration-test/target/test-dir/MiniOzoneClusterImpl-c4fb58e9-55df-43b6-ac52-1e7b71033b91/datanode-1/data/ratis/6d1ce88c-fb58-4f21-926f-0ff0947762bf/sm/snapshot.3_14
2021-08-11 08:47:33,101 [109ac5ad-939f-490b-bf91-0dce67b5b01f@group-0FF0947762BF-StateMachineUpdater] INFO  ratis.ContainerStateMachine (ContainerStateMachine.java:takeSnapshot(302)) - group-0FF0947762BF: Finished taking a snapshot at:(t:3, i:14) file:/home/runner/work/ozone/ozone/hadoop-ozone/integration-test/target/test-dir/MiniOzoneClusterImpl-c4fb58e9-55df-43b6-ac52-1e7b71033b91/datanode-1/data/ratis/6d1ce88c-fb58-4f21-926f-0ff0947762bf/sm/snapshot.3_14 took: 1 ms
2021-08-11 08:47:33,101 [109ac5ad-939f-490b-bf91-0dce67b5b01f@group-0FF0947762BF-StateMachineUpdater] INFO  impl.StateMachineUpdater (StateMachineUpdater.java:takeSnapshot(281)) - 109ac5ad-939f-490b-bf91-0dce67b5b01f@group-0FF0947762BF-StateMachineUpdater: Took a snapshot at index 14
2021-08-11 08:47:33,101 [109ac5ad-939f-490b-bf91-0dce67b5b01f@group-0FF0947762BF-StateMachineUpdater] INFO  impl.StateMachineUpdater (StateMachineUpdater.java:lambda$new$0(89)) - 109ac5ad-939f-490b-bf91-0dce67b5b01f@group-0FF0947762BF-StateMachineUpdater: snapshotIndex: updateIncreasingly -1 -> 14
2021-08-11 08:47:33,101 [Listener at 127.0.0.1/34095] INFO  server.RaftServer$Division (ServerState.java:close(419)) - 109ac5ad-939f-490b-bf91-0dce67b5b01f@group-0FF0947762BF: closes. applyIndex: 14
2021-08-11 08:47:33,102 [109ac5ad-939f-490b-bf91-0dce67b5b01f@group-0FF0947762BF-SegmentedRaftLogWorker] INFO  segmented.SegmentedRaftLogWorker (SegmentedRaftLogWorker.java:run(327)) - 109ac5ad-939f-490b-bf91-0dce67b5b01f@group-0FF0947762BF-SegmentedRaftLogWorker was interrupted, exiting. There are 0 tasks remaining in the queue.
2021-08-11 08:47:33,102 [Listener at 127.0.0.1/34095] INFO  segmented.SegmentedRaftLogWorker (SegmentedRaftLogWorker.java:close(237)) - 109ac5ad-939f-490b-bf91-0dce67b5b01f@group-0FF0947762BF-SegmentedRaftLogWorker close()
2021-08-11 08:47:33,110 [Listener at 127.0.0.1/34095] INFO  server.GrpcService (GrpcService.java:closeImpl(262)) - 109ac5ad-939f-490b-bf91-0dce67b5b01f: shutdown server with port 46857 now
2021-08-11 08:47:33,121 [ForkJoinPool.commonPool-worker-1] INFO  server.GrpcService (GrpcService.java:closeImpl(271)) - ae694f9c-4230-4382-bdc9-4a730a1d0d10: shutdown server with port 34969 successfully
2021-08-11 08:47:33,121 [Listener at 127.0.0.1/34095] INFO  server.GrpcService (GrpcService.java:closeImpl(271)) - 109ac5ad-939f-490b-bf91-0dce67b5b01f: shutdown server with port 46857 successfully
2021-08-11 08:47:33,121 [org.apache.ratis.util.JvmPauseMonitor$$Lambda$531/124654028@3669d02d] INFO  util.JvmPauseMonitor (JvmPauseMonitor.java:run(109)) - JvmPauseMonitor-109ac5ad-939f-490b-bf91-0dce67b5b01f: Stopped
2021-08-11 08:47:33,121 [org.apache.ratis.util.JvmPauseMonitor$$Lambda$531/124654028@1be57b46] INFO  util.JvmPauseMonitor (JvmPauseMonitor.java:run(109)) - JvmPauseMonitor-ae694f9c-4230-4382-bdc9-4a730a1d0d10: Stopped
2021-08-11 08:47:33,123 [ForkJoinPool.commonPool-worker-1] INFO  utils.BackgroundService (BackgroundService.java:shutdown(132)) - Shutting down service BlockDeletingService
2021-08-11 08:47:33,139 [Listener at 127.0.0.1/34095] INFO  utils.BackgroundService (BackgroundService.java:shutdown(132)) - Shutting down service BlockDeletingService
2021-08-11 08:47:33,198 [SCMBlockDeletingService#0] DEBUG block.SCMBlockDeletingService (SCMBlockDeletingService.java:call(133)) - Running DeletedBlockTransactionScanner
2021-08-11 08:47:33,298 [SCMBlockDeletingService#0] DEBUG block.SCMBlockDeletingService (SCMBlockDeletingService.java:call(133)) - Running DeletedBlockTransactionScanner
2021-08-11 08:47:33,398 [SCMBlockDeletingService#0] DEBUG block.SCMBlockDeletingService (SCMBlockDeletingService.java:call(133)) - Running DeletedBlockTransactionScanner
2021-08-11 08:47:33,498 [SCMBlockDeletingService#0] DEBUG block.SCMBlockDeletingService (SCMBlockDeletingService.java:call(133)) - Running DeletedBlockTransactionScanner
2021-08-11 08:47:33,598 [SCMBlockDeletingService#0] DEBUG block.SCMBlockDeletingService (SCMBlockDeletingService.java:call(133)) - Running DeletedBlockTransactionScanner
2021-08-11 08:47:33,698 [SCMBlockDeletingService#0] DEBUG block.SCMBlockDeletingService (SCMBlockDeletingService.java:call(133)) - Running DeletedBlockTransactionScanner
2021-08-11 08:47:33,799 [SCMBlockDeletingService#0] DEBUG block.SCMBlockDeletingService (SCMBlockDeletingService.java:call(133)) - Running DeletedBlockTransactionScanner
2021-08-11 08:47:33,899 [SCMBlockDeletingService#0] DEBUG block.SCMBlockDeletingService (SCMBlockDeletingService.java:call(133)) - Running DeletedBlockTransactionScanner
2021-08-11 08:47:33,999 [SCMBlockDeletingService#0] DEBUG block.SCMBlockDeletingService (SCMBlockDeletingService.java:call(133)) - Running DeletedBlockTransactionScanner
2021-08-11 08:47:34,099 [SCMBlockDeletingService#0] DEBUG block.SCMBlockDeletingService (SCMBlockDeletingService.java:call(133)) - Running DeletedBlockTransactionScanner
2021-08-11 08:47:34,199 [SCMBlockDeletingService#0] DEBUG block.SCMBlockDeletingService (SCMBlockDeletingService.java:call(133)) - Running DeletedBlockTransactionScanner
2021-08-11 08:47:34,299 [SCMBlockDeletingService#0] DEBUG block.SCMBlockDeletingService (SCMBlockDeletingService.java:call(133)) - Running DeletedBlockTransactionScanner
2021-08-11 08:47:34,400 [SCMBlockDeletingService#0] DEBUG block.SCMBlockDeletingService (SCMBlockDeletingService.java:call(133)) - Running DeletedBlockTransactionScanner
2021-08-11 08:47:34,500 [SCMBlockDeletingService#0] DEBUG block.SCMBlockDeletingService (SCMBlockDeletingService.java:call(133)) - Running DeletedBlockTransactionScanner
2021-08-11 08:47:34,601 [SCMBlockDeletingService#0] DEBUG block.SCMBlockDeletingService (SCMBlockDeletingService.java:call(133)) - Running DeletedBlockTransactionScanner
2021-08-11 08:47:34,701 [SCMBlockDeletingService#0] DEBUG block.SCMBlockDeletingService (SCMBlockDeletingService.java:call(133)) - Running DeletedBlockTransactionScanner
2021-08-11 08:47:34,801 [SCMBlockDeletingService#0] DEBUG block.SCMBlockDeletingService (SCMBlockDeletingService.java:call(133)) - Running DeletedBlockTransactionScanner
2021-08-11 08:47:34,901 [SCMBlockDeletingService#0] DEBUG block.SCMBlockDeletingService (SCMBlockDeletingService.java:call(133)) - Running DeletedBlockTransactionScanner
2021-08-11 08:47:35,001 [SCMBlockDeletingService#0] DEBUG block.SCMBlockDeletingService (SCMBlockDeletingService.java:call(133)) - Running DeletedBlockTransactionScanner
2021-08-11 08:47:35,101 [SCMBlockDeletingService#0] DEBUG block.SCMBlockDeletingService (SCMBlockDeletingService.java:call(133)) - Running DeletedBlockTransactionScanner
2021-08-11 08:47:35,201 [SCMBlockDeletingService#0] DEBUG block.SCMBlockDeletingService (SCMBlockDeletingService.java:call(133)) - Running DeletedBlockTransactionScanner
2021-08-11 08:47:35,307 [SCMBlockDeletingService#0] DEBUG block.SCMBlockDeletingService (SCMBlockDeletingService.java:call(133)) - Running DeletedBlockTransactionScanner
2021-08-11 08:47:35,407 [SCMBlockDeletingService#0] DEBUG block.SCMBlockDeletingService (SCMBlockDeletingService.java:call(133)) - Running DeletedBlockTransactionScanner
2021-08-11 08:47:35,507 [SCMBlockDeletingService#0] DEBUG block.SCMBlockDeletingService (SCMBlockDeletingService.java:call(133)) - Running DeletedBlockTransactionScanner
2021-08-11 08:47:35,608 [SCMBlockDeletingService#0] DEBUG block.SCMBlockDeletingService (SCMBlockDeletingService.java:call(133)) - Running DeletedBlockTransactionScanner
2021-08-11 08:47:35,708 [SCMBlockDeletingService#0] DEBUG block.SCMBlockDeletingService (SCMBlockDeletingService.java:call(133)) - Running DeletedBlockTransactionScanner
2021-08-11 08:47:35,808 [SCMBlockDeletingService#0] DEBUG block.SCMBlockDeletingService (SCMBlockDeletingService.java:call(133)) - Running DeletedBlockTransactionScanner
2021-08-11 08:47:35,908 [SCMBlockDeletingService#0] DEBUG block.SCMBlockDeletingService (SCMBlockDeletingService.java:call(133)) - Running DeletedBlockTransactionScanner
2021-08-11 08:47:36,008 [SCMBlockDeletingService#0] DEBUG block.SCMBlockDeletingService (SCMBlockDeletingService.java:call(133)) - Running DeletedBlockTransactionScanner
2021-08-11 08:47:36,108 [SCMBlockDeletingService#0] DEBUG block.SCMBlockDeletingService (SCMBlockDeletingService.java:call(133)) - Running DeletedBlockTransactionScanner
2021-08-11 08:47:36,132 [ForkJoinPool.commonPool-worker-1] INFO  statemachine.DatanodeStateMachine (DatanodeStateMachine.java:stopDaemon(515)) - Ozone container server stopped.
2021-08-11 08:47:36,136 [ForkJoinPool.commonPool-worker-1] INFO  handler.ContextHandler (ContextHandler.java:doStop(1153)) - Stopped o.e.j.w.WebAppContext@247ec94c{hddsDatanode,/,null,STOPPED}{jar:file:/home/runner/.m2/repository/org/apache/ozone/hdds-container-service/1.2.0-SNAPSHOT/hdds-container-service-1.2.0-SNAPSHOT.jar!/webapps/hddsDatanode}
2021-08-11 08:47:36,137 [ForkJoinPool.commonPool-worker-1] INFO  server.AbstractConnector (AbstractConnector.java:doStop(381)) - Stopped ServerConnector@947e589{HTTP/1.1, (http/1.1)}{0.0.0.0:35525}
2021-08-11 08:47:36,137 [ForkJoinPool.commonPool-worker-1] INFO  server.session (HouseKeeper.java:stopScavenging(149)) - node0 Stopped scavenging
2021-08-11 08:47:36,138 [ForkJoinPool.commonPool-worker-1] INFO  handler.ContextHandler (ContextHandler.java:doStop(1153)) - Stopped o.e.j.s.ServletContextHandler@4b904d1a{static,/static,jar:file:/home/runner/.m2/repository/org/apache/ozone/hdds-container-service/1.2.0-SNAPSHOT/hdds-container-service-1.2.0-SNAPSHOT.jar!/webapps/static,STOPPED}
2021-08-11 08:47:36,139 [ForkJoinPool.commonPool-worker-1] INFO  handler.ContextHandler (ContextHandler.java:doStop(1153)) - Stopped o.e.j.s.ServletContextHandler@136cef7c{logs,/logs,file:///home/runner/work/ozone/ozone/hadoop-ozone/integration-test/target/log,STOPPED}
2021-08-11 08:47:36,144 [Listener at 127.0.0.1/34095] INFO  statemachine.DatanodeStateMachine (DatanodeStateMachine.java:stopDaemon(515)) - Ozone container server stopped.
2021-08-11 08:47:36,144 [Listener at 127.0.0.1/34095] INFO  handler.ContextHandler (ContextHandler.java:doStop(1153)) - Stopped o.e.j.w.WebAppContext@ad7d183{hddsDatanode,/,null,STOPPED}{jar:file:/home/runner/.m2/repository/org/apache/ozone/hdds-container-service/1.2.0-SNAPSHOT/hdds-container-service-1.2.0-SNAPSHOT.jar!/webapps/hddsDatanode}
2021-08-11 08:47:36,145 [Listener at 127.0.0.1/34095] INFO  server.AbstractConnector (AbstractConnector.java:doStop(381)) - Stopped ServerConnector@6cca0ca9{HTTP/1.1, (http/1.1)}{0.0.0.0:0}
2021-08-11 08:47:36,145 [Listener at 127.0.0.1/34095] INFO  server.session (HouseKeeper.java:stopScavenging(149)) - node0 Stopped scavenging
2021-08-11 08:47:36,146 [Listener at 127.0.0.1/34095] INFO  handler.ContextHandler (ContextHandler.java:doStop(1153)) - Stopped o.e.j.s.ServletContextHandler@492882b0{static,/static,jar:file:/home/runner/.m2/repository/org/apache/ozone/hdds-container-service/1.2.0-SNAPSHOT/hdds-container-service-1.2.0-SNAPSHOT.jar!/webapps/static,STOPPED}
2021-08-11 08:47:36,146 [Listener at 127.0.0.1/34095] INFO  handler.ContextHandler (ContextHandler.java:doStop(1153)) - Stopped o.e.j.s.ServletContextHandler@347ee622{logs,/logs,file:///home/runner/work/ozone/ozone/hadoop-ozone/integration-test/target/log,STOPPED}
2021-08-11 08:47:36,199 [Datanode State Machine Thread - 0] INFO  statemachine.DatanodeStateMachine (DatanodeStateMachine.java:lambda$startDaemon$0(457)) - Ozone container server started.
2021-08-11 08:47:36,208 [SCMBlockDeletingService#0] DEBUG block.SCMBlockDeletingService (SCMBlockDeletingService.java:call(133)) - Running DeletedBlockTransactionScanner
2021-08-11 08:47:36,308 [SCMBlockDeletingService#0] DEBUG block.SCMBlockDeletingService (SCMBlockDeletingService.java:call(133)) - Running DeletedBlockTransactionScanner
2021-08-11 08:47:36,408 [SCMBlockDeletingService#0] DEBUG block.SCMBlockDeletingService (SCMBlockDeletingService.java:call(133)) - Running DeletedBlockTransactionScanner
2021-08-11 08:47:36,508 [SCMBlockDeletingService#0] DEBUG block.SCMBlockDeletingService (SCMBlockDeletingService.java:call(133)) - Running DeletedBlockTransactionScanner
2021-08-11 08:47:36,608 [SCMBlockDeletingService#0] DEBUG block.SCMBlockDeletingService (SCMBlockDeletingService.java:call(133)) - Running DeletedBlockTransactionScanner
2021-08-11 08:47:36,711 [SCMBlockDeletingService#0] DEBUG block.SCMBlockDeletingService (SCMBlockDeletingService.java:call(133)) - Running DeletedBlockTransactionScanner
2021-08-11 08:47:36,811 [SCMBlockDeletingService#0] DEBUG block.SCMBlockDeletingService (SCMBlockDeletingService.java:call(133)) - Running DeletedBlockTransactionScanner
2021-08-11 08:47:36,911 [SCMBlockDeletingService#0] DEBUG block.SCMBlockDeletingService (SCMBlockDeletingService.java:call(133)) - Running DeletedBlockTransactionScanner
2021-08-11 08:47:37,011 [SCMBlockDeletingService#0] DEBUG block.SCMBlockDeletingService (SCMBlockDeletingService.java:call(133)) - Running DeletedBlockTransactionScanner
2021-08-11 08:47:37,111 [SCMBlockDeletingService#0] DEBUG block.SCMBlockDeletingService (SCMBlockDeletingService.java:call(133)) - Running DeletedBlockTransactionScanner
2021-08-11 08:47:37,213 [SCMBlockDeletingService#0] DEBUG block.SCMBlockDeletingService (SCMBlockDeletingService.java:call(133)) - Running DeletedBlockTransactionScanner
2021-08-11 08:47:37,313 [SCMBlockDeletingService#0] DEBUG block.SCMBlockDeletingService (SCMBlockDeletingService.java:call(133)) - Running DeletedBlockTransactionScanner
2021-08-11 08:47:37,413 [SCMBlockDeletingService#0] DEBUG block.SCMBlockDeletingService (SCMBlockDeletingService.java:call(133)) - Running DeletedBlockTransactionScanner
2021-08-11 08:47:37,513 [SCMBlockDeletingService#0] DEBUG block.SCMBlockDeletingService (SCMBlockDeletingService.java:call(133)) - Running DeletedBlockTransactionScanner
2021-08-11 08:47:37,613 [SCMBlockDeletingService#0] DEBUG block.SCMBlockDeletingService (SCMBlockDeletingService.java:call(133)) - Running DeletedBlockTransactionScanner
2021-08-11 08:47:37,713 [SCMBlockDeletingService#0] DEBUG block.SCMBlockDeletingService (SCMBlockDeletingService.java:call(133)) - Running DeletedBlockTransactionScanner
2021-08-11 08:47:37,813 [SCMBlockDeletingService#0] DEBUG block.SCMBlockDeletingService (SCMBlockDeletingService.java:call(133)) - Running DeletedBlockTransactionScanner
2021-08-11 08:47:37,833 [420b874f-857b-4c1c-9003-2dc7fb97d846@group-EF0E04F40AFA-FollowerState] INFO  impl.FollowerState (FollowerState.java:run(134)) - 420b874f-857b-4c1c-9003-2dc7fb97d846@group-EF0E04F40AFA-FollowerState: change to CANDIDATE, lastRpcElapsedTime:5157099366ns, electionTimeout:5154ms
2021-08-11 08:47:37,834 [420b874f-857b-4c1c-9003-2dc7fb97d846@group-EF0E04F40AFA-FollowerState] INFO  impl.RoleInfo (RoleInfo.java:shutdownFollowerState(108)) - 420b874f-857b-4c1c-9003-2dc7fb97d846: shutdown 420b874f-857b-4c1c-9003-2dc7fb97d846@group-EF0E04F40AFA-FollowerState
2021-08-11 08:47:37,834 [420b874f-857b-4c1c-9003-2dc7fb97d846@group-EF0E04F40AFA-FollowerState] INFO  server.RaftServer$Division (RaftServerImpl.java:setRole(285)) - 420b874f-857b-4c1c-9003-2dc7fb97d846@group-EF0E04F40AFA: changes role from  FOLLOWER to CANDIDATE at term 1 for changeToCandidate
2021-08-11 08:47:37,834 [420b874f-857b-4c1c-9003-2dc7fb97d846@group-EF0E04F40AFA-FollowerState] INFO  server.RaftServerConfigKeys (ConfUtils.java:logGet(44)) - raft.server.leaderelection.pre-vote = false (custom)
2021-08-11 08:47:37,834 [420b874f-857b-4c1c-9003-2dc7fb97d846@group-EF0E04F40AFA-FollowerState] INFO  impl.RoleInfo (RoleInfo.java:updateAndGet(130)) - 420b874f-857b-4c1c-9003-2dc7fb97d846: start 420b874f-857b-4c1c-9003-2dc7fb97d846@group-EF0E04F40AFA-LeaderElection13
2021-08-11 08:47:37,849 [420b874f-857b-4c1c-9003-2dc7fb97d846@group-EF0E04F40AFA-LeaderElection13] INFO  impl.LeaderElection (LeaderElection.java:askForVotes(306)) - 420b874f-857b-4c1c-9003-2dc7fb97d846@group-EF0E04F40AFA-LeaderElection13 ELECTION round 0: submit vote requests at term 2 for -1: [109ac5ad-939f-490b-bf91-0dce67b5b01f|rpc:10.1.0.43:46857|priority:0, ae694f9c-4230-4382-bdc9-4a730a1d0d10|rpc:10.1.0.43:34969|priority:1, 420b874f-857b-4c1c-9003-2dc7fb97d846|rpc:10.1.0.43:37267|priority:0], old=null
2021-08-11 08:47:37,871 [420b874f-857b-4c1c-9003-2dc7fb97d846@group-EF0E04F40AFA-LeaderElection13] INFO  impl.LeaderElection (LogUtils.java:infoOrTrace(137)) - 420b874f-857b-4c1c-9003-2dc7fb97d846@group-EF0E04F40AFA-LeaderElection13 got exception when requesting votes: java.util.concurrent.ExecutionException: org.apache.ratis.thirdparty.io.grpc.StatusRuntimeException: UNAVAILABLE: io exception
2021-08-11 08:47:37,876 [420b874f-857b-4c1c-9003-2dc7fb97d846@group-EF0E04F40AFA-LeaderElection13] INFO  impl.LeaderElection (LogUtils.java:infoOrTrace(137)) - 420b874f-857b-4c1c-9003-2dc7fb97d846@group-EF0E04F40AFA-LeaderElection13 got exception when requesting votes: java.util.concurrent.ExecutionException: org.apache.ratis.thirdparty.io.grpc.StatusRuntimeException: UNAVAILABLE: io exception
2021-08-11 08:47:37,876 [420b874f-857b-4c1c-9003-2dc7fb97d846@group-EF0E04F40AFA-LeaderElection13] INFO  impl.LeaderElection (LeaderElection.java:logAndReturn(89)) - 420b874f-857b-4c1c-9003-2dc7fb97d846@group-EF0E04F40AFA-LeaderElection13: ELECTION REJECTED received 0 response(s) and 2 exception(s):
2021-08-11 08:47:37,876 [420b874f-857b-4c1c-9003-2dc7fb97d846@group-EF0E04F40AFA-LeaderElection13] INFO  impl.LeaderElection (LogUtils.java:infoOrTrace(137)) -   Exception 0: java.util.concurrent.ExecutionException: org.apache.ratis.thirdparty.io.grpc.StatusRuntimeException: UNAVAILABLE: io exception
2021-08-11 08:47:37,876 [420b874f-857b-4c1c-9003-2dc7fb97d846@group-EF0E04F40AFA-LeaderElection13] INFO  impl.LeaderElection (LogUtils.java:infoOrTrace(137)) -   Exception 1: java.util.concurrent.ExecutionException: org.apache.ratis.thirdparty.io.grpc.StatusRuntimeException: UNAVAILABLE: io exception
2021-08-11 08:47:37,876 [420b874f-857b-4c1c-9003-2dc7fb97d846@group-EF0E04F40AFA-LeaderElection13] INFO  impl.LeaderElection (LeaderElection.java:askForVotes(308)) - 420b874f-857b-4c1c-9003-2dc7fb97d846@group-EF0E04F40AFA-LeaderElection13 ELECTION round 0: result REJECTED
2021-08-11 08:47:37,876 [420b874f-857b-4c1c-9003-2dc7fb97d846@group-EF0E04F40AFA-LeaderElection13] INFO  server.RaftServer$Division (RaftServerImpl.java:setRole(285)) - 420b874f-857b-4c1c-9003-2dc7fb97d846@group-EF0E04F40AFA: changes role from CANDIDATE to FOLLOWER at term 2 for REJECTED
2021-08-11 08:47:37,876 [420b874f-857b-4c1c-9003-2dc7fb97d846@group-EF0E04F40AFA-LeaderElection13] INFO  impl.RoleInfo (RoleInfo.java:shutdownLeaderElection(121)) - 420b874f-857b-4c1c-9003-2dc7fb97d846: shutdown 420b874f-857b-4c1c-9003-2dc7fb97d846@group-EF0E04F40AFA-LeaderElection13
2021-08-11 08:47:37,876 [420b874f-857b-4c1c-9003-2dc7fb97d846@group-EF0E04F40AFA-LeaderElection13] INFO  impl.RoleInfo (RoleInfo.java:updateAndGet(130)) - 420b874f-857b-4c1c-9003-2dc7fb97d846: start 420b874f-857b-4c1c-9003-2dc7fb97d846@group-EF0E04F40AFA-FollowerState
2021-08-11 08:47:37,913 [SCMBlockDeletingService#0] DEBUG block.SCMBlockDeletingService (SCMBlockDeletingService.java:call(133)) - Running DeletedBlockTransactionScanner
2021-08-11 08:47:38,013 [SCMBlockDeletingService#0] DEBUG block.SCMBlockDeletingService (SCMBlockDeletingService.java:call(133)) - Running DeletedBlockTransactionScanner
2021-08-11 08:47:38,113 [SCMBlockDeletingService#0] DEBUG block.SCMBlockDeletingService (SCMBlockDeletingService.java:call(133)) - Running DeletedBlockTransactionScanner
2021-08-11 08:47:38,213 [SCMBlockDeletingService#0] DEBUG block.SCMBlockDeletingService (SCMBlockDeletingService.java:call(133)) - Running DeletedBlockTransactionScanner
2021-08-11 08:47:38,315 [SCMBlockDeletingService#0] DEBUG block.SCMBlockDeletingService (SCMBlockDeletingService.java:call(133)) - Running DeletedBlockTransactionScanner
2021-08-11 08:47:38,415 [SCMBlockDeletingService#0] DEBUG block.SCMBlockDeletingService (SCMBlockDeletingService.java:call(133)) - Running DeletedBlockTransactionScanner
2021-08-11 08:47:38,516 [SCMBlockDeletingService#0] DEBUG block.SCMBlockDeletingService (SCMBlockDeletingService.java:call(133)) - Running DeletedBlockTransactionScanner
2021-08-11 08:47:38,616 [SCMBlockDeletingService#0] DEBUG block.SCMBlockDeletingService (SCMBlockDeletingService.java:call(133)) - Running DeletedBlockTransactionScanner
2021-08-11 08:47:38,716 [SCMBlockDeletingService#0] DEBUG block.SCMBlockDeletingService (SCMBlockDeletingService.java:call(133)) - Running DeletedBlockTransactionScanner
2021-08-11 08:47:38,816 [SCMBlockDeletingService#0] DEBUG block.SCMBlockDeletingService (SCMBlockDeletingService.java:call(133)) - Running DeletedBlockTransactionScanner
2021-08-11 08:47:38,917 [SCMBlockDeletingService#0] DEBUG block.SCMBlockDeletingService (SCMBlockDeletingService.java:call(133)) - Running DeletedBlockTransactionScanner
2021-08-11 08:47:39,002 [EventQueue-StaleNodeForStaleNodeHandler] INFO  node.StaleNodeHandler (StaleNodeHandler.java:onMessage(58)) - Datanode 420b874f-857b-4c1c-9003-2dc7fb97d846{ip: 10.1.0.43, host: fv-az291-953.wgnan5asplgejimfprtllbpdch.jx.internal.cloudapp.net, ports: [REPLICATION=42787, RATIS=37267, RATIS_ADMIN=37267, RATIS_SERVER=37267, STANDALONE=39267], networkLocation: /default-rack, certSerialId: null, persistedOpState: IN_SERVICE, persistedOpStateExpiryEpochSec: 0} moved to stale state. Finalizing its pipelines [PipelineID=78097312-14c1-4a92-90ae-ef0e04f40afa]
2021-08-11 08:47:39,017 [SCMBlockDeletingService#0] DEBUG block.SCMBlockDeletingService (SCMBlockDeletingService.java:call(133)) - Running DeletedBlockTransactionScanner
2021-08-11 08:47:39,117 [SCMBlockDeletingService#0] DEBUG block.SCMBlockDeletingService (SCMBlockDeletingService.java:call(133)) - Running DeletedBlockTransactionScanner
2021-08-11 08:47:39,217 [SCMBlockDeletingService#0] DEBUG block.SCMBlockDeletingService (SCMBlockDeletingService.java:call(133)) - Running DeletedBlockTransactionScanner
2021-08-11 08:47:39,317 [SCMBlockDeletingService#0] DEBUG block.SCMBlockDeletingService (SCMBlockDeletingService.java:call(133)) - Running DeletedBlockTransactionScanner
2021-08-11 08:47:39,418 [SCMBlockDeletingService#0] DEBUG block.SCMBlockDeletingService (SCMBlockDeletingService.java:call(133)) - Running DeletedBlockTransactionScanner
2021-08-11 08:47:39,518 [SCMBlockDeletingService#0] DEBUG block.SCMBlockDeletingService (SCMBlockDeletingService.java:call(133)) - Running DeletedBlockTransactionScanner
2021-08-11 08:47:39,618 [SCMBlockDeletingService#0] DEBUG block.SCMBlockDeletingService (SCMBlockDeletingService.java:call(133)) - Running DeletedBlockTransactionScanner
2021-08-11 08:47:39,718 [SCMBlockDeletingService#0] DEBUG block.SCMBlockDeletingService (SCMBlockDeletingService.java:call(133)) - Running DeletedBlockTransactionScanner
2021-08-11 08:47:39,818 [SCMBlockDeletingService#0] DEBUG block.SCMBlockDeletingService (SCMBlockDeletingService.java:call(133)) - Running DeletedBlockTransactionScanner
2021-08-11 08:47:39,918 [SCMBlockDeletingService#0] DEBUG block.SCMBlockDeletingService (SCMBlockDeletingService.java:call(133)) - Running DeletedBlockTransactionScanner
2021-08-11 08:47:40,018 [SCMBlockDeletingService#0] DEBUG block.SCMBlockDeletingService (SCMBlockDeletingService.java:call(133)) - Running DeletedBlockTransactionScanner
2021-08-11 08:47:40,118 [SCMBlockDeletingService#0] DEBUG block.SCMBlockDeletingService (SCMBlockDeletingService.java:call(133)) - Running DeletedBlockTransactionScanner
2021-08-11 08:47:40,218 [SCMBlockDeletingService#0] DEBUG block.SCMBlockDeletingService (SCMBlockDeletingService.java:call(133)) - Running DeletedBlockTransactionScanner
2021-08-11 08:47:40,320 [SCMBlockDeletingService#0] DEBUG block.SCMBlockDeletingService (SCMBlockDeletingService.java:call(133)) - Running DeletedBlockTransactionScanner
2021-08-11 08:47:40,420 [SCMBlockDeletingService#0] DEBUG block.SCMBlockDeletingService (SCMBlockDeletingService.java:call(133)) - Running DeletedBlockTransactionScanner
2021-08-11 08:47:40,520 [SCMBlockDeletingService#0] DEBUG block.SCMBlockDeletingService (SCMBlockDeletingService.java:call(133)) - Running DeletedBlockTransactionScanner
2021-08-11 08:47:40,620 [SCMBlockDeletingService#0] DEBUG block.SCMBlockDeletingService (SCMBlockDeletingService.java:call(133)) - Running DeletedBlockTransactionScanner
2021-08-11 08:47:40,720 [SCMBlockDeletingService#0] DEBUG block.SCMBlockDeletingService (SCMBlockDeletingService.java:call(133)) - Running DeletedBlockTransactionScanner
2021-08-11 08:47:40,820 [SCMBlockDeletingService#0] DEBUG block.SCMBlockDeletingService (SCMBlockDeletingService.java:call(133)) - Running DeletedBlockTransactionScanner
2021-08-11 08:47:40,920 [SCMBlockDeletingService#0] DEBUG block.SCMBlockDeletingService (SCMBlockDeletingService.java:call(133)) - Running DeletedBlockTransactionScanner
2021-08-11 08:47:41,020 [SCMBlockDeletingService#0] DEBUG block.SCMBlockDeletingService (SCMBlockDeletingService.java:call(133)) - Running DeletedBlockTransactionScanner
2021-08-11 08:47:41,120 [SCMBlockDeletingService#0] DEBUG block.SCMBlockDeletingService (SCMBlockDeletingService.java:call(133)) - Running DeletedBlockTransactionScanner
2021-08-11 08:47:41,141 [ForkJoinPool.commonPool-worker-1] INFO  ozoneimpl.OzoneContainer (OzoneContainer.java:stop(326)) - Attempting to stop container services.
2021-08-11 08:47:41,142 [ForkJoinPool.commonPool-worker-1] INFO  server.RaftServer (RaftServerProxy.java:lambda$close$6(391)) - 420b874f-857b-4c1c-9003-2dc7fb97d846: close
2021-08-11 08:47:41,142 [ForkJoinPool.commonPool-worker-1] INFO  server.RaftServer$Division (RaftServerImpl.java:lambda$close$4(407)) - 420b874f-857b-4c1c-9003-2dc7fb97d846@group-EF0E04F40AFA: shutdown
2021-08-11 08:47:41,142 [ForkJoinPool.commonPool-worker-1] INFO  util.JmxRegister (JmxRegister.java:unregister(73)) - Successfully un-registered JMX Bean with object name Ratis:service=RaftServer,group=group-EF0E04F40AFA,id=420b874f-857b-4c1c-9003-2dc7fb97d846
2021-08-11 08:47:41,142 [ForkJoinPool.commonPool-worker-1] INFO  impl.RoleInfo (RoleInfo.java:shutdownFollowerState(108)) - 420b874f-857b-4c1c-9003-2dc7fb97d846: shutdown 420b874f-857b-4c1c-9003-2dc7fb97d846@group-EF0E04F40AFA-FollowerState
2021-08-11 08:47:41,142 [ForkJoinPool.commonPool-worker-1] INFO  impl.StateMachineUpdater (StateMachineUpdater.java:stopAndJoin(149)) - 420b874f-857b-4c1c-9003-2dc7fb97d846@group-EF0E04F40AFA-StateMachineUpdater: set stopIndex = -1
2021-08-11 08:47:41,142 [420b874f-857b-4c1c-9003-2dc7fb97d846@group-EF0E04F40AFA-FollowerState] INFO  impl.FollowerState (FollowerState.java:run(143)) - 420b874f-857b-4c1c-9003-2dc7fb97d846@group-EF0E04F40AFA-FollowerState was interrupted: {}
java.lang.InterruptedException: sleep interrupted
	at java.lang.Thread.sleep(Native Method)
	at java.lang.Thread.sleep(Thread.java:340)
	at java.util.concurrent.TimeUnit.sleep(TimeUnit.java:386)
	at org.apache.ratis.util.TimeDuration.sleep(TimeDuration.java:324)
	at org.apache.ratis.util.TimeDuration.sleep(TimeDuration.java:309)
	at org.apache.ratis.server.impl.FollowerState.run(FollowerState.java:118)
2021-08-11 08:47:41,142 [ForkJoinPool.commonPool-worker-1] INFO  server.RaftServer$Division (ServerState.java:close(419)) - 420b874f-857b-4c1c-9003-2dc7fb97d846@group-EF0E04F40AFA: closes. applyIndex: -1
2021-08-11 08:47:41,142 [420b874f-857b-4c1c-9003-2dc7fb97d846@group-EF0E04F40AFA-SegmentedRaftLogWorker] INFO  segmented.SegmentedRaftLogWorker (SegmentedRaftLogWorker.java:run(327)) - 420b874f-857b-4c1c-9003-2dc7fb97d846@group-EF0E04F40AFA-SegmentedRaftLogWorker was interrupted, exiting. There are 0 tasks remaining in the queue.
2021-08-11 08:47:41,143 [ForkJoinPool.commonPool-worker-1] INFO  segmented.SegmentedRaftLogWorker (SegmentedRaftLogWorker.java:close(237)) - 420b874f-857b-4c1c-9003-2dc7fb97d846@group-EF0E04F40AFA-SegmentedRaftLogWorker close()
2021-08-11 08:47:41,148 [ForkJoinPool.commonPool-worker-1] INFO  server.GrpcService (GrpcService.java:closeImpl(262)) - 420b874f-857b-4c1c-9003-2dc7fb97d846: shutdown server with port 37267 now
2021-08-11 08:47:41,157 [ForkJoinPool.commonPool-worker-1] INFO  server.GrpcService (GrpcService.java:closeImpl(271)) - 420b874f-857b-4c1c-9003-2dc7fb97d846: shutdown server with port 37267 successfully
2021-08-11 08:47:41,157 [org.apache.ratis.util.JvmPauseMonitor$$Lambda$531/124654028@fdd5f41] INFO  util.JvmPauseMonitor (JvmPauseMonitor.java:run(109)) - JvmPauseMonitor-420b874f-857b-4c1c-9003-2dc7fb97d846: Stopped
2021-08-11 08:47:41,160 [ForkJoinPool.commonPool-worker-1] INFO  utils.BackgroundService (BackgroundService.java:shutdown(132)) - Shutting down service BlockDeletingService
2021-08-11 08:47:41,220 [SCMBlockDeletingService#0] DEBUG block.SCMBlockDeletingService (SCMBlockDeletingService.java:call(133)) - Running DeletedBlockTransactionScanner
2021-08-11 08:47:41,320 [SCMBlockDeletingService#0] DEBUG block.SCMBlockDeletingService (SCMBlockDeletingService.java:call(133)) - Running DeletedBlockTransactionScanner
2021-08-11 08:47:41,420 [SCMBlockDeletingService#0] DEBUG block.SCMBlockDeletingService (SCMBlockDeletingService.java:call(133)) - Running DeletedBlockTransactionScanner
2021-08-11 08:47:41,520 [SCMBlockDeletingService#0] DEBUG block.SCMBlockDeletingService (SCMBlockDeletingService.java:call(133)) - Running DeletedBlockTransactionScanner
2021-08-11 08:47:41,621 [SCMBlockDeletingService#0] DEBUG block.SCMBlockDeletingService (SCMBlockDeletingService.java:call(133)) - Running DeletedBlockTransactionScanner
2021-08-11 08:47:41,721 [SCMBlockDeletingService#0] DEBUG block.SCMBlockDeletingService (SCMBlockDeletingService.java:call(133)) - Running DeletedBlockTransactionScanner
2021-08-11 08:47:41,821 [SCMBlockDeletingService#0] DEBUG block.SCMBlockDeletingService (SCMBlockDeletingService.java:call(133)) - Running DeletedBlockTransactionScanner
2021-08-11 08:47:41,921 [SCMBlockDeletingService#0] DEBUG block.SCMBlockDeletingService (SCMBlockDeletingService.java:call(133)) - Running DeletedBlockTransactionScanner
2021-08-11 08:47:42,021 [SCMBlockDeletingService#0] DEBUG block.SCMBlockDeletingService (SCMBlockDeletingService.java:call(133)) - Running DeletedBlockTransactionScanner
2021-08-11 08:47:42,122 [SCMBlockDeletingService#0] DEBUG block.SCMBlockDeletingService (SCMBlockDeletingService.java:call(133)) - Running DeletedBlockTransactionScanner
2021-08-11 08:47:42,222 [SCMBlockDeletingService#0] DEBUG block.SCMBlockDeletingService (SCMBlockDeletingService.java:call(133)) - Running DeletedBlockTransactionScanner
2021-08-11 08:47:42,322 [SCMBlockDeletingService#0] DEBUG block.SCMBlockDeletingService (SCMBlockDeletingService.java:call(133)) - Running DeletedBlockTransactionScanner
2021-08-11 08:47:42,422 [SCMBlockDeletingService#0] DEBUG block.SCMBlockDeletingService (SCMBlockDeletingService.java:call(133)) - Running DeletedBlockTransactionScanner
2021-08-11 08:47:42,522 [SCMBlockDeletingService#0] DEBUG block.SCMBlockDeletingService (SCMBlockDeletingService.java:call(133)) - Running DeletedBlockTransactionScanner
2021-08-11 08:47:42,622 [SCMBlockDeletingService#0] DEBUG block.SCMBlockDeletingService (SCMBlockDeletingService.java:call(133)) - Running DeletedBlockTransactionScanner
2021-08-11 08:47:42,722 [SCMBlockDeletingService#0] DEBUG block.SCMBlockDeletingService (SCMBlockDeletingService.java:call(133)) - Running DeletedBlockTransactionScanner
2021-08-11 08:47:42,822 [SCMBlockDeletingService#0] DEBUG block.SCMBlockDeletingService (SCMBlockDeletingService.java:call(133)) - Running DeletedBlockTransactionScanner
2021-08-11 08:47:42,923 [SCMBlockDeletingService#0] DEBUG block.SCMBlockDeletingService (SCMBlockDeletingService.java:call(133)) - Running DeletedBlockTransactionScanner
2021-08-11 08:47:43,023 [SCMBlockDeletingService#0] DEBUG block.SCMBlockDeletingService (SCMBlockDeletingService.java:call(133)) - Running DeletedBlockTransactionScanner
2021-08-11 08:47:43,123 [SCMBlockDeletingService#0] DEBUG block.SCMBlockDeletingService (SCMBlockDeletingService.java:call(133)) - Running DeletedBlockTransactionScanner
2021-08-11 08:47:43,223 [SCMBlockDeletingService#0] DEBUG block.SCMBlockDeletingService (SCMBlockDeletingService.java:call(133)) - Running DeletedBlockTransactionScanner
2021-08-11 08:47:43,323 [SCMBlockDeletingService#0] DEBUG block.SCMBlockDeletingService (SCMBlockDeletingService.java:call(133)) - Running DeletedBlockTransactionScanner
2021-08-11 08:47:43,423 [SCMBlockDeletingService#0] DEBUG block.SCMBlockDeletingService (SCMBlockDeletingService.java:call(133)) - Running DeletedBlockTransactionScanner
2021-08-11 08:47:43,523 [SCMBlockDeletingService#0] DEBUG block.SCMBlockDeletingService (SCMBlockDeletingService.java:call(133)) - Running DeletedBlockTransactionScanner
2021-08-11 08:47:43,623 [SCMBlockDeletingService#0] DEBUG block.SCMBlockDeletingService (SCMBlockDeletingService.java:call(133)) - Running DeletedBlockTransactionScanner
2021-08-11 08:47:43,723 [SCMBlockDeletingService#0] DEBUG block.SCMBlockDeletingService (SCMBlockDeletingService.java:call(133)) - Running DeletedBlockTransactionScanner
2021-08-11 08:47:43,823 [SCMBlockDeletingService#0] DEBUG block.SCMBlockDeletingService (SCMBlockDeletingService.java:call(133)) - Running DeletedBlockTransactionScanner
2021-08-11 08:47:43,923 [SCMBlockDeletingService#0] DEBUG block.SCMBlockDeletingService (SCMBlockDeletingService.java:call(133)) - Running DeletedBlockTransactionScanner
2021-08-11 08:47:44,023 [SCMBlockDeletingService#0] DEBUG block.SCMBlockDeletingService (SCMBlockDeletingService.java:call(133)) - Running DeletedBlockTransactionScanner
2021-08-11 08:47:44,124 [SCMBlockDeletingService#0] DEBUG block.SCMBlockDeletingService (SCMBlockDeletingService.java:call(133)) - Running DeletedBlockTransactionScanner
2021-08-11 08:47:44,168 [ForkJoinPool.commonPool-worker-1] INFO  statemachine.DatanodeStateMachine (DatanodeStateMachine.java:stopDaemon(515)) - Ozone container server stopped.
2021-08-11 08:47:44,170 [ForkJoinPool.commonPool-worker-1] INFO  handler.ContextHandler (ContextHandler.java:doStop(1153)) - Stopped o.e.j.w.WebAppContext@2d683b2d{hddsDatanode,/,null,STOPPED}{jar:file:/home/runner/.m2/repository/org/apache/ozone/hdds-container-service/1.2.0-SNAPSHOT/hdds-container-service-1.2.0-SNAPSHOT.jar!/webapps/hddsDatanode}
2021-08-11 08:47:44,170 [ForkJoinPool.commonPool-worker-1] INFO  server.AbstractConnector (AbstractConnector.java:doStop(381)) - Stopped ServerConnector@5dac286c{HTTP/1.1, (http/1.1)}{0.0.0.0:0}
2021-08-11 08:47:44,171 [ForkJoinPool.commonPool-worker-1] INFO  server.session (HouseKeeper.java:stopScavenging(149)) - node0 Stopped scavenging
2021-08-11 08:47:44,176 [ForkJoinPool.commonPool-worker-1] INFO  handler.ContextHandler (ContextHandler.java:doStop(1153)) - Stopped o.e.j.s.ServletContextHandler@630d4d7f{static,/static,jar:file:/home/runner/.m2/repository/org/apache/ozone/hdds-container-service/1.2.0-SNAPSHOT/hdds-container-service-1.2.0-SNAPSHOT.jar!/webapps/static,STOPPED}
2021-08-11 08:47:44,176 [ForkJoinPool.commonPool-worker-1] INFO  handler.ContextHandler (ContextHandler.java:doStop(1153)) - Stopped o.e.j.s.ServletContextHandler@233cd973{logs,/logs,file:///home/runner/work/ozone/ozone/hadoop-ozone/integration-test/target/log,STOPPED}
2021-08-11 08:47:44,178 [Listener at 127.0.0.1/34095] INFO  ozone.MiniOzoneClusterImpl (MiniOzoneClusterImpl.java:stopSCM(542)) - Stopping the StorageContainerManager
2021-08-11 08:47:44,178 [Listener at 127.0.0.1/34095] INFO  server.StorageContainerManager (StorageContainerManager.java:stop(1338)) - Stopping Replication Manager Service.
2021-08-11 08:47:44,178 [Listener at 127.0.0.1/34095] INFO  container.ReplicationManager (ReplicationManager.java:stop(317)) - Stopping Replication Monitor Thread.
2021-08-11 08:47:44,178 [Listener at 127.0.0.1/34095] INFO  server.StorageContainerManager (StorageContainerManager.java:stop(1345)) - Stopping the Datanode Admin Monitor.
2021-08-11 08:47:44,178 [Listener at 127.0.0.1/34095] INFO  server.StorageContainerManager (StorageContainerManager.java:stop(1352)) - Stopping Lease Manager of the command watchers
2021-08-11 08:47:44,178 [Listener at 127.0.0.1/34095] INFO  server.StorageContainerManager (StorageContainerManager.java:stop(1359)) - Stopping datanode service RPC server
2021-08-11 08:47:44,178 [Listener at 127.0.0.1/34095] INFO  server.SCMDatanodeProtocolServer (SCMDatanodeProtocolServer.java:stop(389)) - Stopping the RPC server for DataNodes
2021-08-11 08:47:44,178 [Listener at 127.0.0.1/34095] INFO  ipc.Server (Server.java:stop(3414)) - Stopping server on 33263
2021-08-11 08:47:44,187 [IPC Server Responder] INFO  ipc.Server (Server.java:run(1512)) - Stopping IPC Server Responder
2021-08-11 08:47:44,187 [IPC Server listener on 0] INFO  ipc.Server (Server.java:run(1376)) - Stopping IPC Server listener on 0
2021-08-11 08:47:44,207 [SCM Heartbeat Processing Thread - 0] WARN  node.NodeStateManager (NodeStateManager.java:scheduleNextHealthCheck(799)) - Current Thread is interrupted, shutting down HB processing thread for Node Manager.
2021-08-11 08:47:44,208 [Listener at 127.0.0.1/34095] INFO  server.StorageContainerManager (StorageContainerManager.java:stop(1367)) - Stopping block service RPC server
2021-08-11 08:47:44,208 [Listener at 127.0.0.1/34095] INFO  server.SCMBlockProtocolServer (SCMBlockProtocolServer.java:stop(160)) - Stopping the RPC server for Block Protocol
2021-08-11 08:47:44,208 [Listener at 127.0.0.1/34095] INFO  ipc.Server (Server.java:stop(3414)) - Stopping server on 35907
2021-08-11 08:47:44,209 [Listener at 127.0.0.1/34095] INFO  server.StorageContainerManager (StorageContainerManager.java:stop(1374)) - Stopping the StorageContainerLocationProtocol RPC server
2021-08-11 08:47:44,209 [Listener at 127.0.0.1/34095] INFO  server.SCMClientProtocolServer (SCMClientProtocolServer.java:stop(174)) - Stopping the RPC server for Client Protocol
2021-08-11 08:47:44,210 [Listener at 127.0.0.1/34095] INFO  ipc.Server (Server.java:stop(3414)) - Stopping server on 42115
2021-08-11 08:47:44,211 [IPC Server listener on 0] INFO  ipc.Server (Server.java:run(1376)) - Stopping IPC Server listener on 0
2021-08-11 08:47:44,212 [Listener at 127.0.0.1/34095] INFO  server.StorageContainerManager (StorageContainerManager.java:stop(1381)) - Stopping Storage Container Manager HTTP server.
2021-08-11 08:47:44,212 [Listener at 127.0.0.1/34095] INFO  handler.ContextHandler (ContextHandler.java:doStop(1153)) - Stopped o.e.j.w.WebAppContext@28aee12e{scm,/,null,STOPPED}{file:/home/runner/work/ozone/ozone/hadoop-ozone/integration-test/target/test-classes/webapps/scm}
2021-08-11 08:47:44,212 [IPC Server Responder] INFO  ipc.Server (Server.java:run(1512)) - Stopping IPC Server Responder
2021-08-11 08:47:44,212 [IPC Server listener on 0] INFO  ipc.Server (Server.java:run(1376)) - Stopping IPC Server listener on 0
2021-08-11 08:47:44,221 [Listener at 127.0.0.1/34095] INFO  server.AbstractConnector (AbstractConnector.java:doStop(381)) - Stopped ServerConnector@150dec7b{HTTP/1.1, (http/1.1)}{0.0.0.0:0}
2021-08-11 08:47:44,221 [Listener at 127.0.0.1/34095] INFO  server.session (HouseKeeper.java:stopScavenging(149)) - node0 Stopped scavenging
2021-08-11 08:47:44,221 [Listener at 127.0.0.1/34095] INFO  handler.ContextHandler (ContextHandler.java:doStop(1153)) - Stopped o.e.j.s.ServletContextHandler@78a47ca8{static,/static,file:///home/runner/work/ozone/ozone/hadoop-ozone/integration-test/target/test-classes/webapps/static,STOPPED}
2021-08-11 08:47:44,221 [Listener at 127.0.0.1/34095] INFO  handler.ContextHandler (ContextHandler.java:doStop(1153)) - Stopped o.e.j.s.ServletContextHandler@2a9f2f11{logs,/logs,file:///home/runner/work/ozone/ozone/hadoop-ozone/integration-test/target/log,STOPPED}
2021-08-11 08:47:44,224 [SCMBlockDeletingService#0] DEBUG block.SCMBlockDeletingService (SCMBlockDeletingService.java:call(133)) - Running DeletedBlockTransactionScanner
2021-08-11 08:47:44,230 [IPC Server Responder] INFO  ipc.Server (Server.java:run(1512)) - Stopping IPC Server Responder
2021-08-11 08:47:44,235 [Listener at 127.0.0.1/34095] INFO  server.StorageContainerManager (StorageContainerManager.java:stop(1392)) - Stopping Block Manager Service.
2021-08-11 08:47:44,235 [Listener at 127.0.0.1/34095] INFO  utils.BackgroundService (BackgroundService.java:shutdown(132)) - Shutting down service SCMBlockDeletingService
2021-08-11 08:47:44,236 [Listener at 127.0.0.1/34095] INFO  utils.BackgroundService (BackgroundService.java:shutdown(132)) - Shutting down service SCMBlockDeletingService
2021-08-11 08:47:44,236 [Listener at 127.0.0.1/34095] INFO  server.StorageContainerManager (StorageContainerManager.java:stop(1419)) - Stopping SCM Event Queue.
2021-08-11 08:47:44,238 [Listener at 127.0.0.1/34095] INFO  server.StorageContainerManager (StorageContainerManager.java:stop(1430)) - Stopping SCM HA services.
2021-08-11 08:47:44,238 [Listener at 127.0.0.1/34095] INFO  pipeline.BackgroundPipelineCreator (BackgroundPipelineCreatorV2.java:stop(158)) - Stopping RatisPipelineUtilsThread.
2021-08-11 08:47:44,238 [Listener at 127.0.0.1/34095] INFO  server.StorageContainerManager (StorageContainerManager.java:stop(1440)) - Stopping SCM MetadataStore.
2021-08-11 08:47:44,239 [Listener at 127.0.0.1/34095] INFO  impl.MetricsSystemImpl (MetricsSystemImpl.java:stop(210)) - Stopping HddsDatanode metrics system...
2021-08-11 08:47:44,248 [prometheus] INFO  impl.MetricsSinkAdapter (MetricsSinkAdapter.java:publishMetricsFromQueue(141)) - prometheus thread interrupted.
2021-08-11 08:47:44,248 [Listener at 127.0.0.1/34095] INFO  impl.MetricsSystemImpl (MetricsSystemImpl.java:stop(216)) - HddsDatanode metrics system stopped.
]]></system-out>
  </testcase>
  <testcase name="testBlockDeletion" classname="org.apache.hadoop.ozone.container.common.statemachine.commandhandler.TestBlockDeletion" time="122.239"/>
</testsuite>