<?xml version="1.0" encoding="UTF-8"?>
<testsuite xmlns:xsi="http://www.w3.org/2001/XMLSchema-instance" xsi:noNamespaceSchemaLocation="https://maven.apache.org/surefire/maven-surefire-plugin/xsd/surefire-test-report-3.0.xsd" version="3.0" name="org.apache.hadoop.hdds.scm.TestRatisPipelineLeader" time="48.017" tests="2" errors="0" skipped="0" failures="2">
  <properties>
    <property name="awt.toolkit" value="sun.awt.X11.XToolkit"/>
    <property name="file.encoding.pkg" value="sun.io"/>
    <property name="java.specification.version" value="1.8"/>
    <property name="sun.cpu.isalist" value=""/>
    <property name="sun.jnu.encoding" value="UTF-8"/>
    <property name="java.class.path" value="/home/runner/work/ozone/ozone/hadoop-ozone/integration-test/target/test-classes:/home/runner/work/ozone/ozone/hadoop-ozone/integration-test/target/classes:/home/runner/.m2/repository/org/apache/ozone/ozone-common/1.3.0-SNAPSHOT/ozone-common-1.3.0-SNAPSHOT.jar:/home/runner/.m2/repository/io/grpc/grpc-netty/1.48.1/grpc-netty-1.48.1.jar:/home/runner/.m2/repository/io/grpc/grpc-core/1.48.1/grpc-core-1.48.1.jar:/home/runner/.m2/repository/com/google/android/annotations/4.1.1.4/annotations-4.1.1.4.jar:/home/runner/.m2/repository/org/codehaus/mojo/animal-sniffer-annotations/1.21/animal-sniffer-annotations-1.21.jar:/home/runner/.m2/repository/com/google/errorprone/error_prone_annotations/2.2.0/error_prone_annotations-2.2.0.jar:/home/runner/.m2/repository/io/perfmark/perfmark-api/0.25.0/perfmark-api-0.25.0.jar:/home/runner/.m2/repository/io/netty/netty-codec-http2/4.1.79.Final/netty-codec-http2-4.1.79.Final.jar:/home/runner/.m2/repository/io/netty/netty-common/4.1.79.Final/netty-common-4.1.79.Final.jar:/home/runner/.m2/repository/io/netty/netty-buffer/4.1.79.Final/netty-buffer-4.1.79.Final.jar:/home/runner/.m2/repository/io/netty/netty-codec-http/4.1.79.Final/netty-codec-http-4.1.79.Final.jar:/home/runner/.m2/repository/io/netty/netty-handler-proxy/4.1.79.Final/netty-handler-proxy-4.1.79.Final.jar:/home/runner/.m2/repository/io/netty/netty-codec-socks/4.1.79.Final/netty-codec-socks-4.1.79.Final.jar:/home/runner/.m2/repository/io/netty/netty-tcnative-boringssl-static/2.0.53.Final/netty-tcnative-boringssl-static-2.0.53.Final.jar:/home/runner/.m2/repository/io/netty/netty-tcnative-classes/2.0.53.Final/netty-tcnative-classes-2.0.53.Final.jar:/home/runner/.m2/repository/io/netty/netty-tcnative-boringssl-static/2.0.53.Final/netty-tcnative-boringssl-static-2.0.53.Final-linux-x86_64.jar:/home/runner/.m2/repository/io/netty/netty-tcnative-boringssl-static/2.0.53.Final/netty-tcnative-boringssl-static-2.0.53.Final-linux-aarch_64.jar:/home/runner/.m2/repository/io/netty/netty-tcnative-boringssl-static/2.0.53.Final/netty-tcnative-boringssl-static-2.0.53.Final-osx-x86_64.jar:/home/runner/.m2/repository/io/netty/netty-tcnative-boringssl-static/2.0.53.Final/netty-tcnative-boringssl-static-2.0.53.Final-osx-aarch_64.jar:/home/runner/.m2/repository/io/netty/netty-tcnative-boringssl-static/2.0.53.Final/netty-tcnative-boringssl-static-2.0.53.Final-windows-x86_64.jar:/home/runner/.m2/repository/org/apache/commons/commons-compress/1.21/commons-compress-1.21.jar:/home/runner/.m2/repository/org/apache/ozone/hdds-common/1.3.0-SNAPSHOT/hdds-common-1.3.0-SNAPSHOT.jar:/home/runner/.m2/repository/org/apache/ozone/hdds-client/1.3.0-SNAPSHOT/hdds-client-1.3.0-SNAPSHOT.jar:/home/runner/.m2/repository/org/apache/ozone/ozone-interface-client/1.3.0-SNAPSHOT/ozone-interface-client-1.3.0-SNAPSHOT.jar:/home/runner/.m2/repository/org/apache/ozone/hdds-test-utils/1.3.0-SNAPSHOT/hdds-test-utils-1.3.0-SNAPSHOT.jar:/home/runner/.m2/repository/com/google/guava/guava/31.1-jre/guava-31.1-jre.jar:/home/runner/.m2/repository/com/google/guava/failureaccess/1.0.1/failureaccess-1.0.1.jar:/home/runner/.m2/repository/com/google/guava/listenablefuture/9999.0-empty-to-avoid-conflict-with-guava/listenablefuture-9999.0-empty-to-avoid-conflict-with-guava.jar:/home/runner/.m2/repository/com/google/code/findbugs/jsr305/3.0.0/jsr305-3.0.0.jar:/home/runner/.m2/repository/org/checkerframework/checker-qual/3.12.0/checker-qual-3.12.0.jar:/home/runner/.m2/repository/com/google/j2objc/j2objc-annotations/1.3/j2objc-annotations-1.3.jar:/home/runner/.m2/repository/commons-io/commons-io/2.11.0/commons-io-2.11.0.jar:/home/runner/.m2/repository/commons-logging/commons-logging/1.2/commons-logging-1.2.jar:/home/runner/.m2/repository/ch/qos/reload4j/reload4j/1.2.22/reload4j-1.2.22.jar:/home/runner/.m2/repository/org/slf4j/slf4j-api/1.7.36/slf4j-api-1.7.36.jar:/home/runner/.m2/repository/org/apache/ozone/hdds-server-scm/1.3.0-SNAPSHOT/hdds-server-scm-1.3.0-SNAPSHOT.jar:/home/runner/.m2/repository/org/apache/ozone/hdds-container-service/1.3.0-SNAPSHOT/hdds-container-service-1.3.0-SNAPSHOT.jar:/home/runner/.m2/repository/org/apache/ozone/hdds-hadoop-dependency-server/1.3.0-SNAPSHOT/hdds-hadoop-dependency-server-1.3.0-SNAPSHOT.jar:/home/runner/.m2/repository/org/apache/hadoop/hadoop-hdfs/3.3.1/hadoop-hdfs-3.3.1.jar:/home/runner/.m2/repository/org/eclipse/jetty/jetty-util-ajax/9.4.43.v20210629/jetty-util-ajax-9.4.43.v20210629.jar:/home/runner/.m2/repository/commons-daemon/commons-daemon/1.0.13/commons-daemon-1.0.13.jar:/home/runner/.m2/repository/org/apache/ozone/hdds-server-framework/1.3.0-SNAPSHOT/hdds-server-framework-1.3.0-SNAPSHOT.jar:/home/runner/.m2/repository/org/apache/ozone/hdds-interface-server/1.3.0-SNAPSHOT/hdds-interface-server-1.3.0-SNAPSHOT.jar:/home/runner/.m2/repository/org/apache/logging/log4j/log4j-core/2.17.1/log4j-core-2.17.1.jar:/home/runner/.m2/repository/com/lmax/disruptor/3.4.2/disruptor-3.4.2.jar:/home/runner/.m2/repository/org/eclipse/jetty/jetty-servlet/9.4.43.v20210629/jetty-servlet-9.4.43.v20210629.jar:/home/runner/.m2/repository/org/eclipse/jetty/jetty-security/9.4.43.v20210629/jetty-security-9.4.43.v20210629.jar:/home/runner/.m2/repository/org/rocksdb/rocksdbjni/7.4.5/rocksdbjni-7.4.5.jar:/home/runner/.m2/repository/io/prometheus/simpleclient_dropwizard/0.7.0/simpleclient_dropwizard-0.7.0.jar:/home/runner/.m2/repository/io/prometheus/simpleclient/0.7.0/simpleclient-0.7.0.jar:/home/runner/.m2/repository/io/prometheus/simpleclient_common/0.7.0/simpleclient_common-0.7.0.jar:/home/runner/.m2/repository/io/dropwizard/metrics/metrics-core/3.2.4/metrics-core-3.2.4.jar:/home/runner/.m2/repository/org/apache/hadoop/hadoop-hdfs-client/3.3.1/hadoop-hdfs-client-3.3.1.jar:/home/runner/.m2/repository/org/bouncycastle/bcprov-jdk15on/1.67/bcprov-jdk15on-1.67.jar:/home/runner/.m2/repository/com/google/protobuf/protobuf-java/2.5.0/protobuf-java-2.5.0.jar:/home/runner/.m2/repository/org/apache/ozone/ozone-manager/1.3.0-SNAPSHOT/ozone-manager-1.3.0-SNAPSHOT.jar:/home/runner/.m2/repository/org/aspectj/aspectjrt/1.9.7/aspectjrt-1.9.7.jar:/home/runner/.m2/repository/org/aspectj/aspectjweaver/1.9.7/aspectjweaver-1.9.7.jar:/home/runner/.m2/repository/org/apache/ozone/hdds-interface-client/1.3.0-SNAPSHOT/hdds-interface-client-1.3.0-SNAPSHOT.jar:/home/runner/.m2/repository/org/apache/hadoop/thirdparty/hadoop-shaded-protobuf_3_7/1.1.1/hadoop-shaded-protobuf_3_7-1.1.1.jar:/home/runner/.m2/repository/org/apache/ozone/ozone-interface-storage/1.3.0-SNAPSHOT/ozone-interface-storage-1.3.0-SNAPSHOT.jar:/home/runner/.m2/repository/org/reflections/reflections/0.9.11/reflections-0.9.11.jar:/home/runner/.m2/repository/com/sun/jersey/jersey-client/1.19/jersey-client-1.19.jar:/home/runner/.m2/repository/org/apache/ranger/ranger-intg/2.3.0/ranger-intg-2.3.0.jar:/home/runner/.m2/repository/org/apache/ranger/ranger-plugins-common/2.3.0/ranger-plugins-common-2.3.0.jar:/home/runner/.m2/repository/commons-lang/commons-lang/2.6/commons-lang-2.6.jar:/home/runner/.m2/repository/org/codehaus/jackson/jackson-jaxrs/1.9.13/jackson-jaxrs-1.9.13.jar:/home/runner/.m2/repository/org/apache/ranger/ranger-plugins-cred/2.3.0/ranger-plugins-cred-2.3.0.jar:/home/runner/.m2/repository/org/apache/ranger/ranger-plugins-audit/2.3.0/ranger-plugins-audit-2.3.0.jar:/home/runner/.m2/repository/org/eclipse/jetty/jetty-client/9.4.31.v20200723/jetty-client-9.4.31.v20200723.jar:/home/runner/.m2/repository/org/apache/httpcomponents/httpmime/4.5.6/httpmime-4.5.6.jar:/home/runner/.m2/repository/org/apache/httpcomponents/httpcore-nio/4.4.6/httpcore-nio-4.4.6.jar:/home/runner/.m2/repository/org/apache/httpcomponents/httpasyncclient/4.1.3/httpasyncclient-4.1.3.jar:/home/runner/.m2/repository/com/carrotsearch/hppc/0.8.0/hppc-0.8.0.jar:/home/runner/.m2/repository/org/apache/orc/orc-core/1.5.8/orc-core-1.5.8.jar:/home/runner/.m2/repository/net/java/dev/jna/jna/5.2.0/jna-5.2.0.jar:/home/runner/.m2/repository/net/java/dev/jna/jna-platform/5.2.0/jna-platform-5.2.0.jar:/home/runner/.m2/repository/com/kstruct/gethostname4j/0.0.2/gethostname4j-0.0.2.jar:/home/runner/.m2/repository/org/apache/ranger/ranger-plugin-classloader/2.3.0/ranger-plugin-classloader-2.3.0.jar:/home/runner/.m2/repository/org/apache/hadoop/hadoop-minikdc/3.3.1/hadoop-minikdc-3.3.1.jar:/home/runner/.m2/repository/org/apache/kerby/kerb-simplekdc/1.0.1/kerb-simplekdc-1.0.1.jar:/home/runner/.m2/repository/org/apache/kerby/kerb-client/1.0.1/kerb-client-1.0.1.jar:/home/runner/.m2/repository/org/apache/kerby/kerby-config/1.0.1/kerby-config-1.0.1.jar:/home/runner/.m2/repository/org/apache/kerby/kerb-common/1.0.1/kerb-common-1.0.1.jar:/home/runner/.m2/repository/org/apache/kerby/kerb-crypto/1.0.1/kerb-crypto-1.0.1.jar:/home/runner/.m2/repository/org/apache/kerby/kerb-util/1.0.1/kerb-util-1.0.1.jar:/home/runner/.m2/repository/org/apache/kerby/token-provider/1.0.1/token-provider-1.0.1.jar:/home/runner/.m2/repository/org/apache/kerby/kerb-admin/1.0.1/kerb-admin-1.0.1.jar:/home/runner/.m2/repository/org/apache/kerby/kerb-server/1.0.1/kerb-server-1.0.1.jar:/home/runner/.m2/repository/org/apache/kerby/kerb-identity/1.0.1/kerb-identity-1.0.1.jar:/home/runner/.m2/repository/org/apache/kerby/kerby-xdr/1.0.1/kerby-xdr-1.0.1.jar:/home/runner/.m2/repository/org/apache/ozone/ozone-s3gateway/1.3.0-SNAPSHOT/ozone-s3gateway-1.3.0-SNAPSHOT.jar:/home/runner/.m2/repository/org/javassist/javassist/3.21.0-GA/javassist-3.21.0-GA.jar:/home/runner/.m2/repository/org/jboss/weld/servlet/weld-servlet/2.4.7.Final/weld-servlet-2.4.7.Final.jar:/home/runner/.m2/repository/org/glassfish/jersey/containers/jersey-container-servlet-core/2.34/jersey-container-servlet-core-2.34.jar:/home/runner/.m2/repository/org/glassfish/hk2/external/jakarta.inject/2.6.1/jakarta.inject-2.6.1.jar:/home/runner/.m2/repository/org/glassfish/jersey/core/jersey-common/2.34/jersey-common-2.34.jar:/home/runner/.m2/repository/jakarta/ws/rs/jakarta.ws.rs-api/2.1.6/jakarta.ws.rs-api-2.1.6.jar:/home/runner/.m2/repository/org/glassfish/jersey/ext/cdi/jersey-cdi1x/2.34/jersey-cdi1x-2.34.jar:/home/runner/.m2/repository/org/glassfish/jersey/inject/jersey-hk2/2.34/jersey-hk2-2.34.jar:/home/runner/.m2/repository/org/glassfish/hk2/hk2-locator/2.6.1/hk2-locator-2.6.1.jar:/home/runner/.m2/repository/org/glassfish/jersey/media/jersey-media-jaxb/2.34/jersey-media-jaxb-2.34.jar:/home/runner/.m2/repository/org/glassfish/hk2/osgi-resource-locator/1.0.3/osgi-resource-locator-1.0.3.jar:/home/runner/.m2/repository/org/glassfish/hk2/hk2-api/2.5.0/hk2-api-2.5.0.jar:/home/runner/.m2/repository/org/glassfish/hk2/hk2-utils/2.5.0/hk2-utils-2.5.0.jar:/home/runner/.m2/repository/org/glassfish/hk2/external/aopalliance-repackaged/2.5.0/aopalliance-repackaged-2.5.0.jar:/home/runner/.m2/repository/com/fasterxml/jackson/dataformat/jackson-dataformat-xml/2.13.2/jackson-dataformat-xml-2.13.2.jar:/home/runner/.m2/repository/com/fasterxml/jackson/core/jackson-core/2.13.2/jackson-core-2.13.2.jar:/home/runner/.m2/repository/org/codehaus/woodstox/stax2-api/3.1.4/stax2-api-3.1.4.jar:/home/runner/.m2/repository/com/fasterxml/woodstox/woodstox-core/5.0.3/woodstox-core-5.0.3.jar:/home/runner/.m2/repository/com/fasterxml/jackson/module/jackson-module-jaxb-annotations/2.13.2/jackson-module-jaxb-annotations-2.13.2.jar:/home/runner/.m2/repository/jakarta/xml/bind/jakarta.xml.bind-api/2.3.3/jakarta.xml.bind-api-2.3.3.jar:/home/runner/.m2/repository/jakarta/activation/jakarta.activation-api/1.2.1/jakarta.activation-api-1.2.1.jar:/home/runner/.m2/repository/javax/enterprise/cdi-api/1.2/cdi-api-1.2.jar:/home/runner/.m2/repository/javax/el/javax.el-api/3.0.0/javax.el-api-3.0.0.jar:/home/runner/.m2/repository/javax/interceptor/javax.interceptor-api/1.2/javax.interceptor-api-1.2.jar:/home/runner/.m2/repository/javax/inject/javax.inject/1/javax.inject-1.jar:/home/runner/.m2/repository/javax/xml/bind/jaxb-api/2.3.0/jaxb-api-2.3.0.jar:/home/runner/.m2/repository/org/glassfish/jaxb/jaxb-runtime/2.3.0.1/jaxb-runtime-2.3.0.1.jar:/home/runner/.m2/repository/org/glassfish/jaxb/jaxb-core/2.3.0.1/jaxb-core-2.3.0.1.jar:/home/runner/.m2/repository/org/glassfish/jaxb/txw2/2.3.0.1/txw2-2.3.0.1.jar:/home/runner/.m2/repository/com/sun/istack/istack-commons-runtime/3.0.5/istack-commons-runtime-3.0.5.jar:/home/runner/.m2/repository/org/jvnet/staxex/stax-ex/1.7.8/stax-ex-1.7.8.jar:/home/runner/.m2/repository/com/sun/xml/fastinfoset/FastInfoset/1.2.13/FastInfoset-1.2.13.jar:/home/runner/.m2/repository/javax/activation/activation/1.1.1/activation-1.1.1.jar:/home/runner/.m2/repository/io/grpc/grpc-protobuf/1.48.1/grpc-protobuf-1.48.1.jar:/home/runner/.m2/repository/io/grpc/grpc-api/1.48.1/grpc-api-1.48.1.jar:/home/runner/.m2/repository/io/grpc/grpc-context/1.48.1/grpc-context-1.48.1.jar:/home/runner/.m2/repository/com/google/api/grpc/proto-google-common-protos/2.9.0/proto-google-common-protos-2.9.0.jar:/home/runner/.m2/repository/io/grpc/grpc-protobuf-lite/1.48.1/grpc-protobuf-lite-1.48.1.jar:/home/runner/.m2/repository/io/grpc/grpc-stub/1.48.1/grpc-stub-1.48.1.jar:/home/runner/.m2/repository/io/netty/netty-transport/4.1.79.Final/netty-transport-4.1.79.Final.jar:/home/runner/.m2/repository/io/netty/netty-resolver/4.1.79.Final/netty-resolver-4.1.79.Final.jar:/home/runner/.m2/repository/org/apache/ozone/ozone-csi/1.3.0-SNAPSHOT/ozone-csi-1.3.0-SNAPSHOT.jar:/home/runner/.m2/repository/com/google/protobuf/protobuf-java-util/3.19.2/protobuf-java-util-3.19.2.jar:/home/runner/.m2/repository/com/google/code/gson/gson/2.9.0/gson-2.9.0.jar:/home/runner/.m2/repository/org/apache/ozone/hdds-config/1.3.0-SNAPSHOT/hdds-config-1.3.0-SNAPSHOT.jar:/home/runner/.m2/repository/io/netty/netty-transport-native-epoll/4.1.79.Final/netty-transport-native-epoll-4.1.79.Final-linux-x86_64.jar:/home/runner/.m2/repository/io/netty/netty-transport-classes-epoll/4.1.79.Final/netty-transport-classes-epoll-4.1.79.Final.jar:/home/runner/.m2/repository/io/netty/netty-transport-native-unix-common/4.1.79.Final/netty-transport-native-unix-common-4.1.79.Final.jar:/home/runner/.m2/repository/org/slf4j/slf4j-reload4j/1.7.36/slf4j-reload4j-1.7.36.jar:/home/runner/.m2/repository/org/apache/ozone/ozone-recon/1.3.0-SNAPSHOT/ozone-recon-1.3.0-SNAPSHOT.jar:/home/runner/.m2/repository/org/apache/ozone/ozone-reconcodegen/1.3.0-SNAPSHOT/ozone-reconcodegen-1.3.0-SNAPSHOT.jar:/home/runner/.m2/repository/com/google/inject/extensions/guice-multibindings/4.0/guice-multibindings-4.0.jar:/home/runner/.m2/repository/com/google/inject/guice/4.0/guice-4.0.jar:/home/runner/.m2/repository/aopalliance/aopalliance/1.0/aopalliance-1.0.jar:/home/runner/.m2/repository/com/google/inject/extensions/guice-assistedinject/4.0/guice-assistedinject-4.0.jar:/home/runner/.m2/repository/com/google/inject/extensions/guice-servlet/4.0/guice-servlet-4.0.jar:/home/runner/.m2/repository/org/glassfish/jersey/containers/jersey-container-servlet/2.34/jersey-container-servlet-2.34.jar:/home/runner/.m2/repository/org/glassfish/hk2/guice-bridge/2.5.0/guice-bridge-2.5.0.jar:/home/runner/.m2/repository/org/glassfish/jersey/core/jersey-server/2.34/jersey-server-2.34.jar:/home/runner/.m2/repository/org/glassfish/jersey/core/jersey-client/2.34/jersey-client-2.34.jar:/home/runner/.m2/repository/jakarta/annotation/jakarta.annotation-api/1.3.5/jakarta.annotation-api-1.3.5.jar:/home/runner/.m2/repository/jakarta/validation/jakarta.validation-api/2.0.2/jakarta.validation-api-2.0.2.jar:/home/runner/.m2/repository/org/glassfish/jersey/media/jersey-media-json-jackson/2.34/jersey-media-json-jackson-2.34.jar:/home/runner/.m2/repository/org/glassfish/jersey/ext/jersey-entity-filtering/2.34/jersey-entity-filtering-2.34.jar:/home/runner/.m2/repository/org/jooq/jooq/3.11.10/jooq-3.11.10.jar:/home/runner/.m2/repository/org/jooq/jooq-meta/3.11.10/jooq-meta-3.11.10.jar:/home/runner/.m2/repository/org/jooq/jooq-codegen/3.11.10/jooq-codegen-3.11.10.jar:/home/runner/.m2/repository/com/jolbox/bonecp/0.8.0.RELEASE/bonecp-0.8.0.RELEASE.jar:/home/runner/.m2/repository/org/apache/derby/derby/10.14.2.0/derby-10.14.2.0.jar:/home/runner/.m2/repository/org/xerial/sqlite-jdbc/3.25.2/sqlite-jdbc-3.25.2.jar:/home/runner/.m2/repository/org/springframework/spring-jdbc/5.2.20.RELEASE/spring-jdbc-5.2.20.RELEASE.jar:/home/runner/.m2/repository/org/springframework/spring-beans/5.2.20.RELEASE/spring-beans-5.2.20.RELEASE.jar:/home/runner/.m2/repository/org/springframework/spring-core/5.2.20.RELEASE/spring-core-5.2.20.RELEASE.jar:/home/runner/.m2/repository/org/springframework/spring-jcl/5.2.20.RELEASE/spring-jcl-5.2.20.RELEASE.jar:/home/runner/.m2/repository/org/springframework/spring-tx/5.2.20.RELEASE/spring-tx-5.2.20.RELEASE.jar:/home/runner/.m2/repository/org/apache/ozone/ozone-client/1.3.0-SNAPSHOT/ozone-client-1.3.0-SNAPSHOT.jar:/home/runner/.m2/repository/org/apache/ozone/hdds-erasurecode/1.3.0-SNAPSHOT/hdds-erasurecode-1.3.0-SNAPSHOT.jar:/home/runner/.m2/repository/com/github/spotbugs/spotbugs-annotations/3.1.12/spotbugs-annotations-3.1.12.jar:/home/runner/.m2/repository/org/apache/ozone/ozone-filesystem/1.3.0-SNAPSHOT/ozone-filesystem-1.3.0-SNAPSHOT.jar:/home/runner/.m2/repository/org/apache/ozone/ozone-filesystem-common/1.3.0-SNAPSHOT/ozone-filesystem-common-1.3.0-SNAPSHOT.jar:/home/runner/.m2/repository/org/apache/ozone/ozone-tools/1.3.0-SNAPSHOT/ozone-tools-1.3.0-SNAPSHOT.jar:/home/runner/.m2/repository/org/apache/ratis/ratis-tools/2.3.0/ratis-tools-2.3.0.jar:/home/runner/.m2/repository/com/amazonaws/aws-java-sdk-core/1.12.261/aws-java-sdk-core-1.12.261.jar:/home/runner/.m2/repository/org/apache/httpcomponents/httpclient/4.5.13/httpclient-4.5.13.jar:/home/runner/.m2/repository/org/apache/httpcomponents/httpcore/4.4.13/httpcore-4.4.13.jar:/home/runner/.m2/repository/software/amazon/ion/ion-java/1.0.2/ion-java-1.0.2.jar:/home/runner/.m2/repository/com/fasterxml/jackson/dataformat/jackson-dataformat-cbor/2.13.2/jackson-dataformat-cbor-2.13.2.jar:/home/runner/.m2/repository/joda-time/joda-time/2.8.1/joda-time-2.8.1.jar:/home/runner/.m2/repository/com/amazonaws/aws-java-sdk-s3/1.12.261/aws-java-sdk-s3-1.12.261.jar:/home/runner/.m2/repository/com/amazonaws/aws-java-sdk-kms/1.12.261/aws-java-sdk-kms-1.12.261.jar:/home/runner/.m2/repository/com/amazonaws/jmespath-java/1.12.261/jmespath-java-1.12.261.jar:/home/runner/.m2/repository/org/kohsuke/metainf-services/metainf-services/1.8/metainf-services-1.8.jar:/home/runner/.m2/repository/org/apache/ozone/hdds-tools/1.3.0-SNAPSHOT/hdds-tools-1.3.0-SNAPSHOT.jar:/home/runner/.m2/repository/commons-cli/commons-cli/1.2/commons-cli-1.2.jar:/home/runner/.m2/repository/org/apache/commons/commons-lang3/3.7/commons-lang3-3.7.jar:/home/runner/.m2/repository/org/apache/ozone/ozone-manager/1.3.0-SNAPSHOT/ozone-manager-1.3.0-SNAPSHOT-tests.jar:/home/runner/.m2/repository/org/apache/ozone/hdds-common/1.3.0-SNAPSHOT/hdds-common-1.3.0-SNAPSHOT-tests.jar:/home/runner/.m2/repository/org/apache/ozone/hdds-hadoop-dependency-client/1.3.0-SNAPSHOT/hdds-hadoop-dependency-client-1.3.0-SNAPSHOT.jar:/home/runner/.m2/repository/info/picocli/picocli/4.6.1/picocli-4.6.1.jar:/home/runner/.m2/repository/com/fasterxml/jackson/core/jackson-annotations/2.13.2/jackson-annotations-2.13.2.jar:/home/runner/.m2/repository/com/fasterxml/jackson/datatype/jackson-datatype-jsr310/2.13.2/jackson-datatype-jsr310-2.13.2.jar:/home/runner/.m2/repository/org/apache/ozone/hdds-annotation-processing/1.3.0-SNAPSHOT/hdds-annotation-processing-1.3.0-SNAPSHOT.jar:/home/runner/.m2/repository/javax/annotation/javax.annotation-api/1.2/javax.annotation-api-1.2.jar:/home/runner/.m2/repository/org/apache/ratis/ratis-server/2.3.0/ratis-server-2.3.0.jar:/home/runner/.m2/repository/org/apache/ratis/ratis-client/2.3.0/ratis-client-2.3.0.jar:/home/runner/.m2/repository/org/apache/ratis/ratis-server-api/2.3.0/ratis-server-api-2.3.0.jar:/home/runner/.m2/repository/org/apache/ratis/ratis-metrics/2.3.0/ratis-metrics-2.3.0.jar:/home/runner/.m2/repository/org/apache/ratis/ratis-netty/2.3.0/ratis-netty-2.3.0.jar:/home/runner/.m2/repository/org/apache/ratis/ratis-grpc/2.3.0/ratis-grpc-2.3.0.jar:/home/runner/.m2/repository/org/apache/logging/log4j/log4j-api/2.17.1/log4j-api-2.17.1.jar:/home/runner/.m2/repository/org/apache/commons/commons-pool2/2.6.0/commons-pool2-2.6.0.jar:/home/runner/.m2/repository/org/bouncycastle/bcpkix-jdk15on/1.67/bcpkix-jdk15on-1.67.jar:/home/runner/.m2/repository/commons-validator/commons-validator/1.6/commons-validator-1.6.jar:/home/runner/.m2/repository/commons-beanutils/commons-beanutils/1.9.4/commons-beanutils-1.9.4.jar:/home/runner/.m2/repository/commons-digester/commons-digester/1.8.1/commons-digester-1.8.1.jar:/home/runner/.m2/repository/commons-collections/commons-collections/3.2.2/commons-collections-3.2.2.jar:/home/runner/.m2/repository/io/jaegertracing/jaeger-client/1.6.0/jaeger-client-1.6.0.jar:/home/runner/.m2/repository/io/jaegertracing/jaeger-thrift/1.6.0/jaeger-thrift-1.6.0.jar:/home/runner/.m2/repository/org/apache/thrift/libthrift/0.14.1/libthrift-0.14.1.jar:/home/runner/.m2/repository/com/squareup/okhttp3/okhttp/4.9.0/okhttp-4.9.0.jar:/home/runner/.m2/repository/com/squareup/okio/okio/2.8.0/okio-2.8.0.jar:/home/runner/.m2/repository/io/jaegertracing/jaeger-core/1.6.0/jaeger-core-1.6.0.jar:/home/runner/.m2/repository/io/jaegertracing/jaeger-tracerresolver/1.6.0/jaeger-tracerresolver-1.6.0.jar:/home/runner/.m2/repository/io/opentracing/contrib/opentracing-tracerresolver/0.1.8/opentracing-tracerresolver-0.1.8.jar:/home/runner/.m2/repository/org/jetbrains/kotlin/kotlin-stdlib/1.6.21/kotlin-stdlib-1.6.21.jar:/home/runner/.m2/repository/org/jetbrains/kotlin/kotlin-stdlib-common/1.6.21/kotlin-stdlib-common-1.6.21.jar:/home/runner/.m2/repository/org/jetbrains/annotations/13.0/annotations-13.0.jar:/home/runner/.m2/repository/io/opentracing/opentracing-util/0.33.0/opentracing-util-0.33.0.jar:/home/runner/.m2/repository/io/opentracing/opentracing-api/0.33.0/opentracing-api-0.33.0.jar:/home/runner/.m2/repository/io/opentracing/opentracing-noop/0.33.0/opentracing-noop-0.33.0.jar:/home/runner/.m2/repository/org/yaml/snakeyaml/1.32/snakeyaml-1.32.jar:/home/runner/.m2/repository/org/apache/ozone/hdds-interface-admin/1.3.0-SNAPSHOT/hdds-interface-admin-1.3.0-SNAPSHOT.jar:/home/runner/.m2/repository/junit/junit/4.13.1/junit-4.13.1.jar:/home/runner/.m2/repository/org/hamcrest/hamcrest-core/1.3/hamcrest-core-1.3.jar:/home/runner/.m2/repository/org/junit/jupiter/junit-jupiter-api/5.8.2/junit-jupiter-api-5.8.2.jar:/home/runner/.m2/repository/org/opentest4j/opentest4j/1.2.0/opentest4j-1.2.0.jar:/home/runner/.m2/repository/org/junit/platform/junit-platform-commons/1.8.2/junit-platform-commons-1.8.2.jar:/home/runner/.m2/repository/org/apiguardian/apiguardian-api/1.1.2/apiguardian-api-1.1.2.jar:/home/runner/.m2/repository/org/junit/jupiter/junit-jupiter-params/5.8.2/junit-jupiter-params-5.8.2.jar:/home/runner/.m2/repository/org/junit/jupiter/junit-jupiter-migrationsupport/5.8.2/junit-jupiter-migrationsupport-5.8.2.jar:/home/runner/.m2/repository/org/junit/jupiter/junit-jupiter-engine/5.8.2/junit-jupiter-engine-5.8.2.jar:/home/runner/.m2/repository/org/junit/platform/junit-platform-engine/1.8.2/junit-platform-engine-1.8.2.jar:/home/runner/.m2/repository/org/junit/vintage/junit-vintage-engine/5.8.2/junit-vintage-engine-5.8.2.jar:/home/runner/.m2/repository/org/junit/platform/junit-platform-launcher/1.8.2/junit-platform-launcher-1.8.2.jar:/home/runner/.m2/repository/org/mockito/mockito-core/2.28.2/mockito-core-2.28.2.jar:/home/runner/.m2/repository/net/bytebuddy/byte-buddy/1.9.10/byte-buddy-1.9.10.jar:/home/runner/.m2/repository/net/bytebuddy/byte-buddy-agent/1.9.10/byte-buddy-agent-1.9.10.jar:/home/runner/.m2/repository/org/objenesis/objenesis/1.0/objenesis-1.0.jar:/home/runner/.m2/repository/org/apache/hadoop/hadoop-kms/3.3.1/hadoop-kms-3.3.1.jar:/home/runner/.m2/repository/org/apache/hadoop/hadoop-auth/3.3.1/hadoop-auth-3.3.1.jar:/home/runner/.m2/repository/com/nimbusds/nimbus-jose-jwt/7.9/nimbus-jose-jwt-7.9.jar:/home/runner/.m2/repository/com/github/stephenc/jcip/jcip-annotations/1.0-1/jcip-annotations-1.0-1.jar:/home/runner/.m2/repository/net/minidev/json-smart/2.4.7/json-smart-2.4.7.jar:/home/runner/.m2/repository/net/minidev/accessors-smart/2.4.7/accessors-smart-2.4.7.jar:/home/runner/.m2/repository/org/ow2/asm/asm/5.0.4/asm-5.0.4.jar:/home/runner/.m2/repository/org/apache/zookeeper/zookeeper/3.5.6/zookeeper-3.5.6.jar:/home/runner/.m2/repository/org/apache/zookeeper/zookeeper-jute/3.5.6/zookeeper-jute-3.5.6.jar:/home/runner/.m2/repository/org/apache/yetus/audience-annotations/0.5.0/audience-annotations-0.5.0.jar:/home/runner/.m2/repository/org/apache/curator/curator-framework/4.2.0/curator-framework-4.2.0.jar:/home/runner/.m2/repository/org/apache/hadoop/thirdparty/hadoop-shaded-guava/1.1.1/hadoop-shaded-guava-1.1.1.jar:/home/runner/.m2/repository/com/sun/jersey/jersey-core/1.19/jersey-core-1.19.jar:/home/runner/.m2/repository/javax/ws/rs/jsr311-api/1.1.1/jsr311-api-1.1.1.jar:/home/runner/.m2/repository/com/sun/jersey/jersey-server/1.19/jersey-server-1.19.jar:/home/runner/.m2/repository/javax/servlet/javax.servlet-api/3.1.0/javax.servlet-api-3.1.0.jar:/home/runner/.m2/repository/org/eclipse/jetty/jetty-server/9.4.43.v20210629/jetty-server-9.4.43.v20210629.jar:/home/runner/.m2/repository/org/eclipse/jetty/jetty-http/9.4.43.v20210629/jetty-http-9.4.43.v20210629.jar:/home/runner/.m2/repository/org/eclipse/jetty/jetty-io/9.4.43.v20210629/jetty-io-9.4.43.v20210629.jar:/home/runner/.m2/repository/org/eclipse/jetty/jetty-webapp/9.4.43.v20210629/jetty-webapp-9.4.43.v20210629.jar:/home/runner/.m2/repository/org/eclipse/jetty/jetty-xml/9.4.43.v20210629/jetty-xml-9.4.43.v20210629.jar:/home/runner/.m2/repository/org/apache/hadoop/hadoop-common/3.3.1/hadoop-common-3.3.1.jar:/home/runner/.m2/repository/org/apache/commons/commons-math3/3.1.1/commons-math3-3.1.1.jar:/home/runner/.m2/repository/commons-net/commons-net/3.6/commons-net-3.6.jar:/home/runner/.m2/repository/com/sun/jersey/jersey-servlet/1.19/jersey-servlet-1.19.jar:/home/runner/.m2/repository/com/sun/jersey/jersey-json/1.19/jersey-json-1.19.jar:/home/runner/.m2/repository/org/codehaus/jettison/jettison/1.1/jettison-1.1.jar:/home/runner/.m2/repository/com/sun/xml/bind/jaxb-impl/2.2.3-1/jaxb-impl-2.2.3-1.jar:/home/runner/.m2/repository/org/codehaus/jackson/jackson-xc/1.9.2/jackson-xc-1.9.2.jar:/home/runner/.m2/repository/org/apache/commons/commons-configuration2/2.1.1/commons-configuration2-2.1.1.jar:/home/runner/.m2/repository/org/apache/commons/commons-text/1.4/commons-text-1.4.jar:/home/runner/.m2/repository/com/google/re2j/re2j/1.1/re2j-1.1.jar:/home/runner/.m2/repository/com/jcraft/jsch/0.1.54/jsch-0.1.54.jar:/home/runner/.m2/repository/org/apache/curator/curator-client/4.2.0/curator-client-4.2.0.jar:/home/runner/.m2/repository/org/apache/curator/curator-recipes/4.2.0/curator-recipes-4.2.0.jar:/home/runner/.m2/repository/org/apache/htrace/htrace-core4/4.1.0-incubating/htrace-core4-4.1.0-incubating.jar:/home/runner/.m2/repository/org/apache/kerby/kerb-core/1.0.1/kerb-core-1.0.1.jar:/home/runner/.m2/repository/org/apache/kerby/kerby-pkix/1.0.1/kerby-pkix-1.0.1.jar:/home/runner/.m2/repository/org/apache/kerby/kerby-asn1/1.0.1/kerby-asn1-1.0.1.jar:/home/runner/.m2/repository/org/apache/kerby/kerby-util/1.0.1/kerby-util-1.0.1.jar:/home/runner/.m2/repository/dnsjava/dnsjava/2.1.7/dnsjava-2.1.7.jar:/home/runner/.m2/repository/org/xerial/snappy/snappy-java/1.1.8.2/snappy-java-1.1.8.2.jar:/home/runner/.m2/repository/org/eclipse/jetty/jetty-util/9.4.43.v20210629/jetty-util-9.4.43.v20210629.jar:/home/runner/.m2/repository/com/fasterxml/jackson/core/jackson-databind/2.13.2.2/jackson-databind-2.13.2.2.jar:/home/runner/.m2/repository/org/apache/hadoop/hadoop-kms/3.3.1/hadoop-kms-3.3.1-tests.jar:/home/runner/.m2/repository/org/apache/ozone/hdds-server-scm/1.3.0-SNAPSHOT/hdds-server-scm-1.3.0-SNAPSHOT-tests.jar:/home/runner/.m2/repository/org/apache/ozone/hdds-container-service/1.3.0-SNAPSHOT/hdds-container-service-1.3.0-SNAPSHOT-tests.jar:/home/runner/.m2/repository/commons-codec/commons-codec/1.11/commons-codec-1.11.jar:/home/runner/.m2/repository/io/netty/netty-codec/4.1.79.Final/netty-codec-4.1.79.Final.jar:/home/runner/.m2/repository/io/netty/netty-handler/4.1.79.Final/netty-handler-4.1.79.Final.jar:/home/runner/.m2/repository/org/apache/ozone/hdds-hadoop-dependency-test/1.3.0-SNAPSHOT/hdds-hadoop-dependency-test-1.3.0-SNAPSHOT.jar:/home/runner/.m2/repository/org/apache/hadoop/hadoop-common/3.3.1/hadoop-common-3.3.1-tests.jar:/home/runner/.m2/repository/org/apache/hadoop/hadoop-hdfs/3.3.1/hadoop-hdfs-3.3.1-tests.jar:/home/runner/.m2/repository/org/assertj/assertj-core/3.12.2/assertj-core-3.12.2.jar:/home/runner/.m2/repository/org/apache/hadoop/hadoop-distcp/3.3.1/hadoop-distcp-3.3.1.jar:/home/runner/.m2/repository/org/apache/hadoop/hadoop-mapreduce-client-jobclient/3.3.1/hadoop-mapreduce-client-jobclient-3.3.1.jar:/home/runner/.m2/repository/org/apache/hadoop/hadoop-mapreduce-client-common/3.3.1/hadoop-mapreduce-client-common-3.3.1.jar:/home/runner/.m2/repository/org/apache/hadoop/hadoop-yarn-common/3.3.1/hadoop-yarn-common-3.3.1.jar:/home/runner/.m2/repository/org/apache/hadoop/hadoop-yarn-api/3.3.1/hadoop-yarn-api-3.3.1.jar:/home/runner/.m2/repository/com/sun/jersey/contribs/jersey-guice/1.19/jersey-guice-1.19.jar:/home/runner/.m2/repository/com/fasterxml/jackson/jaxrs/jackson-jaxrs-json-provider/2.13.2/jackson-jaxrs-json-provider-2.13.2.jar:/home/runner/.m2/repository/com/fasterxml/jackson/jaxrs/jackson-jaxrs-base/2.13.2/jackson-jaxrs-base-2.13.2.jar:/home/runner/.m2/repository/org/apache/hadoop/hadoop-yarn-client/3.3.1/hadoop-yarn-client-3.3.1.jar:/home/runner/.m2/repository/org/eclipse/jetty/websocket/websocket-client/9.4.40.v20210413/websocket-client-9.4.40.v20210413.jar:/home/runner/.m2/repository/org/eclipse/jetty/websocket/websocket-common/9.4.40.v20210413/websocket-common-9.4.40.v20210413.jar:/home/runner/.m2/repository/org/eclipse/jetty/websocket/websocket-api/9.4.40.v20210413/websocket-api-9.4.40.v20210413.jar:/home/runner/.m2/repository/org/jline/jline/3.9.0/jline-3.9.0.jar:/home/runner/.m2/repository/org/apache/hadoop/hadoop-mapreduce-client-core/3.3.1/hadoop-mapreduce-client-core-3.3.1.jar:/home/runner/.m2/repository/org/apache/avro/avro/1.7.7/avro-1.7.7.jar:/home/runner/.m2/repository/org/codehaus/jackson/jackson-core-asl/1.9.13/jackson-core-asl-1.9.13.jar:/home/runner/.m2/repository/org/codehaus/jackson/jackson-mapper-asl/1.9.13/jackson-mapper-asl-1.9.13.jar:/home/runner/.m2/repository/com/thoughtworks/paranamer/paranamer/2.3/paranamer-2.3.jar:/home/runner/.m2/repository/org/apache/hadoop/hadoop-annotations/3.3.1/hadoop-annotations-3.3.1.jar:/opt/hostedtoolcache/jdk/8.0.345/x64/jre/../lib/tools.jar:/home/runner/.m2/repository/io/netty/netty/3.10.6.Final/netty-3.10.6.Final.jar:/home/runner/.m2/repository/org/apache/hadoop/hadoop-distcp/3.3.1/hadoop-distcp-3.3.1-tests.jar:/home/runner/.m2/repository/org/slf4j/jul-to-slf4j/1.7.36/jul-to-slf4j-1.7.36.jar:/home/runner/.m2/repository/org/apache/ratis/ratis-common/2.3.0/ratis-common-2.3.0.jar:/home/runner/.m2/repository/org/apache/ratis/ratis-thirdparty-misc/1.0.0/ratis-thirdparty-misc-1.0.0.jar:/home/runner/.m2/repository/org/apache/ratis/ratis-proto/2.3.0/ratis-proto-2.3.0.jar:"/>
    <property name="java.vm.vendor" value="Azul Systems, Inc."/>
    <property name="sun.arch.data.model" value="64"/>
    <property name="test.build.dir" value="/home/runner/work/ozone/ozone/hadoop-ozone/integration-test/target/test-dir"/>
    <property name="test.cache.data" value=""/>
    <property name="java.vendor.url" value="http://www.azul.com/"/>
    <property name="user.timezone" value="Etc/UTC"/>
    <property name="os.name" value="Linux"/>
    <property name="java.vm.specification.version" value="1.8"/>
    <property name="test.build.data" value="/home/runner/work/ozone/ozone/hadoop-ozone/integration-test/target/test-dir"/>
    <property name="sun.java.launcher" value="SUN_STANDARD"/>
    <property name="sun.boot.library.path" value="/opt/hostedtoolcache/jdk/8.0.345/x64/jre/lib/amd64"/>
    <property name="sun.java.command" value="/home/runner/work/ozone/ozone/hadoop-ozone/integration-test/target/surefire/surefirebooter130848893182134165.jar /home/runner/work/ozone/ozone/hadoop-ozone/integration-test/target/surefire 2022-10-03T12-53-55_975-jvmRun1 surefire8637529089072859363tmp surefire_02823794633705801019tmp"/>
    <property name="surefire.test.class.path" value="/home/runner/work/ozone/ozone/hadoop-ozone/integration-test/target/test-classes:/home/runner/work/ozone/ozone/hadoop-ozone/integration-test/target/classes:/home/runner/.m2/repository/org/apache/ozone/ozone-common/1.3.0-SNAPSHOT/ozone-common-1.3.0-SNAPSHOT.jar:/home/runner/.m2/repository/io/grpc/grpc-netty/1.48.1/grpc-netty-1.48.1.jar:/home/runner/.m2/repository/io/grpc/grpc-core/1.48.1/grpc-core-1.48.1.jar:/home/runner/.m2/repository/com/google/android/annotations/4.1.1.4/annotations-4.1.1.4.jar:/home/runner/.m2/repository/org/codehaus/mojo/animal-sniffer-annotations/1.21/animal-sniffer-annotations-1.21.jar:/home/runner/.m2/repository/com/google/errorprone/error_prone_annotations/2.2.0/error_prone_annotations-2.2.0.jar:/home/runner/.m2/repository/io/perfmark/perfmark-api/0.25.0/perfmark-api-0.25.0.jar:/home/runner/.m2/repository/io/netty/netty-codec-http2/4.1.79.Final/netty-codec-http2-4.1.79.Final.jar:/home/runner/.m2/repository/io/netty/netty-common/4.1.79.Final/netty-common-4.1.79.Final.jar:/home/runner/.m2/repository/io/netty/netty-buffer/4.1.79.Final/netty-buffer-4.1.79.Final.jar:/home/runner/.m2/repository/io/netty/netty-codec-http/4.1.79.Final/netty-codec-http-4.1.79.Final.jar:/home/runner/.m2/repository/io/netty/netty-handler-proxy/4.1.79.Final/netty-handler-proxy-4.1.79.Final.jar:/home/runner/.m2/repository/io/netty/netty-codec-socks/4.1.79.Final/netty-codec-socks-4.1.79.Final.jar:/home/runner/.m2/repository/io/netty/netty-tcnative-boringssl-static/2.0.53.Final/netty-tcnative-boringssl-static-2.0.53.Final.jar:/home/runner/.m2/repository/io/netty/netty-tcnative-classes/2.0.53.Final/netty-tcnative-classes-2.0.53.Final.jar:/home/runner/.m2/repository/io/netty/netty-tcnative-boringssl-static/2.0.53.Final/netty-tcnative-boringssl-static-2.0.53.Final-linux-x86_64.jar:/home/runner/.m2/repository/io/netty/netty-tcnative-boringssl-static/2.0.53.Final/netty-tcnative-boringssl-static-2.0.53.Final-linux-aarch_64.jar:/home/runner/.m2/repository/io/netty/netty-tcnative-boringssl-static/2.0.53.Final/netty-tcnative-boringssl-static-2.0.53.Final-osx-x86_64.jar:/home/runner/.m2/repository/io/netty/netty-tcnative-boringssl-static/2.0.53.Final/netty-tcnative-boringssl-static-2.0.53.Final-osx-aarch_64.jar:/home/runner/.m2/repository/io/netty/netty-tcnative-boringssl-static/2.0.53.Final/netty-tcnative-boringssl-static-2.0.53.Final-windows-x86_64.jar:/home/runner/.m2/repository/org/apache/commons/commons-compress/1.21/commons-compress-1.21.jar:/home/runner/.m2/repository/org/apache/ozone/hdds-common/1.3.0-SNAPSHOT/hdds-common-1.3.0-SNAPSHOT.jar:/home/runner/.m2/repository/org/apache/ozone/hdds-client/1.3.0-SNAPSHOT/hdds-client-1.3.0-SNAPSHOT.jar:/home/runner/.m2/repository/org/apache/ozone/ozone-interface-client/1.3.0-SNAPSHOT/ozone-interface-client-1.3.0-SNAPSHOT.jar:/home/runner/.m2/repository/org/apache/ozone/hdds-test-utils/1.3.0-SNAPSHOT/hdds-test-utils-1.3.0-SNAPSHOT.jar:/home/runner/.m2/repository/com/google/guava/guava/31.1-jre/guava-31.1-jre.jar:/home/runner/.m2/repository/com/google/guava/failureaccess/1.0.1/failureaccess-1.0.1.jar:/home/runner/.m2/repository/com/google/guava/listenablefuture/9999.0-empty-to-avoid-conflict-with-guava/listenablefuture-9999.0-empty-to-avoid-conflict-with-guava.jar:/home/runner/.m2/repository/com/google/code/findbugs/jsr305/3.0.0/jsr305-3.0.0.jar:/home/runner/.m2/repository/org/checkerframework/checker-qual/3.12.0/checker-qual-3.12.0.jar:/home/runner/.m2/repository/com/google/j2objc/j2objc-annotations/1.3/j2objc-annotations-1.3.jar:/home/runner/.m2/repository/commons-io/commons-io/2.11.0/commons-io-2.11.0.jar:/home/runner/.m2/repository/commons-logging/commons-logging/1.2/commons-logging-1.2.jar:/home/runner/.m2/repository/ch/qos/reload4j/reload4j/1.2.22/reload4j-1.2.22.jar:/home/runner/.m2/repository/org/slf4j/slf4j-api/1.7.36/slf4j-api-1.7.36.jar:/home/runner/.m2/repository/org/apache/ozone/hdds-server-scm/1.3.0-SNAPSHOT/hdds-server-scm-1.3.0-SNAPSHOT.jar:/home/runner/.m2/repository/org/apache/ozone/hdds-container-service/1.3.0-SNAPSHOT/hdds-container-service-1.3.0-SNAPSHOT.jar:/home/runner/.m2/repository/org/apache/ozone/hdds-hadoop-dependency-server/1.3.0-SNAPSHOT/hdds-hadoop-dependency-server-1.3.0-SNAPSHOT.jar:/home/runner/.m2/repository/org/apache/hadoop/hadoop-hdfs/3.3.1/hadoop-hdfs-3.3.1.jar:/home/runner/.m2/repository/org/eclipse/jetty/jetty-util-ajax/9.4.43.v20210629/jetty-util-ajax-9.4.43.v20210629.jar:/home/runner/.m2/repository/commons-daemon/commons-daemon/1.0.13/commons-daemon-1.0.13.jar:/home/runner/.m2/repository/org/apache/ozone/hdds-server-framework/1.3.0-SNAPSHOT/hdds-server-framework-1.3.0-SNAPSHOT.jar:/home/runner/.m2/repository/org/apache/ozone/hdds-interface-server/1.3.0-SNAPSHOT/hdds-interface-server-1.3.0-SNAPSHOT.jar:/home/runner/.m2/repository/org/apache/logging/log4j/log4j-core/2.17.1/log4j-core-2.17.1.jar:/home/runner/.m2/repository/com/lmax/disruptor/3.4.2/disruptor-3.4.2.jar:/home/runner/.m2/repository/org/eclipse/jetty/jetty-servlet/9.4.43.v20210629/jetty-servlet-9.4.43.v20210629.jar:/home/runner/.m2/repository/org/eclipse/jetty/jetty-security/9.4.43.v20210629/jetty-security-9.4.43.v20210629.jar:/home/runner/.m2/repository/org/rocksdb/rocksdbjni/7.4.5/rocksdbjni-7.4.5.jar:/home/runner/.m2/repository/io/prometheus/simpleclient_dropwizard/0.7.0/simpleclient_dropwizard-0.7.0.jar:/home/runner/.m2/repository/io/prometheus/simpleclient/0.7.0/simpleclient-0.7.0.jar:/home/runner/.m2/repository/io/prometheus/simpleclient_common/0.7.0/simpleclient_common-0.7.0.jar:/home/runner/.m2/repository/io/dropwizard/metrics/metrics-core/3.2.4/metrics-core-3.2.4.jar:/home/runner/.m2/repository/org/apache/hadoop/hadoop-hdfs-client/3.3.1/hadoop-hdfs-client-3.3.1.jar:/home/runner/.m2/repository/org/bouncycastle/bcprov-jdk15on/1.67/bcprov-jdk15on-1.67.jar:/home/runner/.m2/repository/com/google/protobuf/protobuf-java/2.5.0/protobuf-java-2.5.0.jar:/home/runner/.m2/repository/org/apache/ozone/ozone-manager/1.3.0-SNAPSHOT/ozone-manager-1.3.0-SNAPSHOT.jar:/home/runner/.m2/repository/org/aspectj/aspectjrt/1.9.7/aspectjrt-1.9.7.jar:/home/runner/.m2/repository/org/aspectj/aspectjweaver/1.9.7/aspectjweaver-1.9.7.jar:/home/runner/.m2/repository/org/apache/ozone/hdds-interface-client/1.3.0-SNAPSHOT/hdds-interface-client-1.3.0-SNAPSHOT.jar:/home/runner/.m2/repository/org/apache/hadoop/thirdparty/hadoop-shaded-protobuf_3_7/1.1.1/hadoop-shaded-protobuf_3_7-1.1.1.jar:/home/runner/.m2/repository/org/apache/ozone/ozone-interface-storage/1.3.0-SNAPSHOT/ozone-interface-storage-1.3.0-SNAPSHOT.jar:/home/runner/.m2/repository/org/reflections/reflections/0.9.11/reflections-0.9.11.jar:/home/runner/.m2/repository/com/sun/jersey/jersey-client/1.19/jersey-client-1.19.jar:/home/runner/.m2/repository/org/apache/ranger/ranger-intg/2.3.0/ranger-intg-2.3.0.jar:/home/runner/.m2/repository/org/apache/ranger/ranger-plugins-common/2.3.0/ranger-plugins-common-2.3.0.jar:/home/runner/.m2/repository/commons-lang/commons-lang/2.6/commons-lang-2.6.jar:/home/runner/.m2/repository/org/codehaus/jackson/jackson-jaxrs/1.9.13/jackson-jaxrs-1.9.13.jar:/home/runner/.m2/repository/org/apache/ranger/ranger-plugins-cred/2.3.0/ranger-plugins-cred-2.3.0.jar:/home/runner/.m2/repository/org/apache/ranger/ranger-plugins-audit/2.3.0/ranger-plugins-audit-2.3.0.jar:/home/runner/.m2/repository/org/eclipse/jetty/jetty-client/9.4.31.v20200723/jetty-client-9.4.31.v20200723.jar:/home/runner/.m2/repository/org/apache/httpcomponents/httpmime/4.5.6/httpmime-4.5.6.jar:/home/runner/.m2/repository/org/apache/httpcomponents/httpcore-nio/4.4.6/httpcore-nio-4.4.6.jar:/home/runner/.m2/repository/org/apache/httpcomponents/httpasyncclient/4.1.3/httpasyncclient-4.1.3.jar:/home/runner/.m2/repository/com/carrotsearch/hppc/0.8.0/hppc-0.8.0.jar:/home/runner/.m2/repository/org/apache/orc/orc-core/1.5.8/orc-core-1.5.8.jar:/home/runner/.m2/repository/net/java/dev/jna/jna/5.2.0/jna-5.2.0.jar:/home/runner/.m2/repository/net/java/dev/jna/jna-platform/5.2.0/jna-platform-5.2.0.jar:/home/runner/.m2/repository/com/kstruct/gethostname4j/0.0.2/gethostname4j-0.0.2.jar:/home/runner/.m2/repository/org/apache/ranger/ranger-plugin-classloader/2.3.0/ranger-plugin-classloader-2.3.0.jar:/home/runner/.m2/repository/org/apache/hadoop/hadoop-minikdc/3.3.1/hadoop-minikdc-3.3.1.jar:/home/runner/.m2/repository/org/apache/kerby/kerb-simplekdc/1.0.1/kerb-simplekdc-1.0.1.jar:/home/runner/.m2/repository/org/apache/kerby/kerb-client/1.0.1/kerb-client-1.0.1.jar:/home/runner/.m2/repository/org/apache/kerby/kerby-config/1.0.1/kerby-config-1.0.1.jar:/home/runner/.m2/repository/org/apache/kerby/kerb-common/1.0.1/kerb-common-1.0.1.jar:/home/runner/.m2/repository/org/apache/kerby/kerb-crypto/1.0.1/kerb-crypto-1.0.1.jar:/home/runner/.m2/repository/org/apache/kerby/kerb-util/1.0.1/kerb-util-1.0.1.jar:/home/runner/.m2/repository/org/apache/kerby/token-provider/1.0.1/token-provider-1.0.1.jar:/home/runner/.m2/repository/org/apache/kerby/kerb-admin/1.0.1/kerb-admin-1.0.1.jar:/home/runner/.m2/repository/org/apache/kerby/kerb-server/1.0.1/kerb-server-1.0.1.jar:/home/runner/.m2/repository/org/apache/kerby/kerb-identity/1.0.1/kerb-identity-1.0.1.jar:/home/runner/.m2/repository/org/apache/kerby/kerby-xdr/1.0.1/kerby-xdr-1.0.1.jar:/home/runner/.m2/repository/org/apache/ozone/ozone-s3gateway/1.3.0-SNAPSHOT/ozone-s3gateway-1.3.0-SNAPSHOT.jar:/home/runner/.m2/repository/org/javassist/javassist/3.21.0-GA/javassist-3.21.0-GA.jar:/home/runner/.m2/repository/org/jboss/weld/servlet/weld-servlet/2.4.7.Final/weld-servlet-2.4.7.Final.jar:/home/runner/.m2/repository/org/glassfish/jersey/containers/jersey-container-servlet-core/2.34/jersey-container-servlet-core-2.34.jar:/home/runner/.m2/repository/org/glassfish/hk2/external/jakarta.inject/2.6.1/jakarta.inject-2.6.1.jar:/home/runner/.m2/repository/org/glassfish/jersey/core/jersey-common/2.34/jersey-common-2.34.jar:/home/runner/.m2/repository/jakarta/ws/rs/jakarta.ws.rs-api/2.1.6/jakarta.ws.rs-api-2.1.6.jar:/home/runner/.m2/repository/org/glassfish/jersey/ext/cdi/jersey-cdi1x/2.34/jersey-cdi1x-2.34.jar:/home/runner/.m2/repository/org/glassfish/jersey/inject/jersey-hk2/2.34/jersey-hk2-2.34.jar:/home/runner/.m2/repository/org/glassfish/hk2/hk2-locator/2.6.1/hk2-locator-2.6.1.jar:/home/runner/.m2/repository/org/glassfish/jersey/media/jersey-media-jaxb/2.34/jersey-media-jaxb-2.34.jar:/home/runner/.m2/repository/org/glassfish/hk2/osgi-resource-locator/1.0.3/osgi-resource-locator-1.0.3.jar:/home/runner/.m2/repository/org/glassfish/hk2/hk2-api/2.5.0/hk2-api-2.5.0.jar:/home/runner/.m2/repository/org/glassfish/hk2/hk2-utils/2.5.0/hk2-utils-2.5.0.jar:/home/runner/.m2/repository/org/glassfish/hk2/external/aopalliance-repackaged/2.5.0/aopalliance-repackaged-2.5.0.jar:/home/runner/.m2/repository/com/fasterxml/jackson/dataformat/jackson-dataformat-xml/2.13.2/jackson-dataformat-xml-2.13.2.jar:/home/runner/.m2/repository/com/fasterxml/jackson/core/jackson-core/2.13.2/jackson-core-2.13.2.jar:/home/runner/.m2/repository/org/codehaus/woodstox/stax2-api/3.1.4/stax2-api-3.1.4.jar:/home/runner/.m2/repository/com/fasterxml/woodstox/woodstox-core/5.0.3/woodstox-core-5.0.3.jar:/home/runner/.m2/repository/com/fasterxml/jackson/module/jackson-module-jaxb-annotations/2.13.2/jackson-module-jaxb-annotations-2.13.2.jar:/home/runner/.m2/repository/jakarta/xml/bind/jakarta.xml.bind-api/2.3.3/jakarta.xml.bind-api-2.3.3.jar:/home/runner/.m2/repository/jakarta/activation/jakarta.activation-api/1.2.1/jakarta.activation-api-1.2.1.jar:/home/runner/.m2/repository/javax/enterprise/cdi-api/1.2/cdi-api-1.2.jar:/home/runner/.m2/repository/javax/el/javax.el-api/3.0.0/javax.el-api-3.0.0.jar:/home/runner/.m2/repository/javax/interceptor/javax.interceptor-api/1.2/javax.interceptor-api-1.2.jar:/home/runner/.m2/repository/javax/inject/javax.inject/1/javax.inject-1.jar:/home/runner/.m2/repository/javax/xml/bind/jaxb-api/2.3.0/jaxb-api-2.3.0.jar:/home/runner/.m2/repository/org/glassfish/jaxb/jaxb-runtime/2.3.0.1/jaxb-runtime-2.3.0.1.jar:/home/runner/.m2/repository/org/glassfish/jaxb/jaxb-core/2.3.0.1/jaxb-core-2.3.0.1.jar:/home/runner/.m2/repository/org/glassfish/jaxb/txw2/2.3.0.1/txw2-2.3.0.1.jar:/home/runner/.m2/repository/com/sun/istack/istack-commons-runtime/3.0.5/istack-commons-runtime-3.0.5.jar:/home/runner/.m2/repository/org/jvnet/staxex/stax-ex/1.7.8/stax-ex-1.7.8.jar:/home/runner/.m2/repository/com/sun/xml/fastinfoset/FastInfoset/1.2.13/FastInfoset-1.2.13.jar:/home/runner/.m2/repository/javax/activation/activation/1.1.1/activation-1.1.1.jar:/home/runner/.m2/repository/io/grpc/grpc-protobuf/1.48.1/grpc-protobuf-1.48.1.jar:/home/runner/.m2/repository/io/grpc/grpc-api/1.48.1/grpc-api-1.48.1.jar:/home/runner/.m2/repository/io/grpc/grpc-context/1.48.1/grpc-context-1.48.1.jar:/home/runner/.m2/repository/com/google/api/grpc/proto-google-common-protos/2.9.0/proto-google-common-protos-2.9.0.jar:/home/runner/.m2/repository/io/grpc/grpc-protobuf-lite/1.48.1/grpc-protobuf-lite-1.48.1.jar:/home/runner/.m2/repository/io/grpc/grpc-stub/1.48.1/grpc-stub-1.48.1.jar:/home/runner/.m2/repository/io/netty/netty-transport/4.1.79.Final/netty-transport-4.1.79.Final.jar:/home/runner/.m2/repository/io/netty/netty-resolver/4.1.79.Final/netty-resolver-4.1.79.Final.jar:/home/runner/.m2/repository/org/apache/ozone/ozone-csi/1.3.0-SNAPSHOT/ozone-csi-1.3.0-SNAPSHOT.jar:/home/runner/.m2/repository/com/google/protobuf/protobuf-java-util/3.19.2/protobuf-java-util-3.19.2.jar:/home/runner/.m2/repository/com/google/code/gson/gson/2.9.0/gson-2.9.0.jar:/home/runner/.m2/repository/org/apache/ozone/hdds-config/1.3.0-SNAPSHOT/hdds-config-1.3.0-SNAPSHOT.jar:/home/runner/.m2/repository/io/netty/netty-transport-native-epoll/4.1.79.Final/netty-transport-native-epoll-4.1.79.Final-linux-x86_64.jar:/home/runner/.m2/repository/io/netty/netty-transport-classes-epoll/4.1.79.Final/netty-transport-classes-epoll-4.1.79.Final.jar:/home/runner/.m2/repository/io/netty/netty-transport-native-unix-common/4.1.79.Final/netty-transport-native-unix-common-4.1.79.Final.jar:/home/runner/.m2/repository/org/slf4j/slf4j-reload4j/1.7.36/slf4j-reload4j-1.7.36.jar:/home/runner/.m2/repository/org/apache/ozone/ozone-recon/1.3.0-SNAPSHOT/ozone-recon-1.3.0-SNAPSHOT.jar:/home/runner/.m2/repository/org/apache/ozone/ozone-reconcodegen/1.3.0-SNAPSHOT/ozone-reconcodegen-1.3.0-SNAPSHOT.jar:/home/runner/.m2/repository/com/google/inject/extensions/guice-multibindings/4.0/guice-multibindings-4.0.jar:/home/runner/.m2/repository/com/google/inject/guice/4.0/guice-4.0.jar:/home/runner/.m2/repository/aopalliance/aopalliance/1.0/aopalliance-1.0.jar:/home/runner/.m2/repository/com/google/inject/extensions/guice-assistedinject/4.0/guice-assistedinject-4.0.jar:/home/runner/.m2/repository/com/google/inject/extensions/guice-servlet/4.0/guice-servlet-4.0.jar:/home/runner/.m2/repository/org/glassfish/jersey/containers/jersey-container-servlet/2.34/jersey-container-servlet-2.34.jar:/home/runner/.m2/repository/org/glassfish/hk2/guice-bridge/2.5.0/guice-bridge-2.5.0.jar:/home/runner/.m2/repository/org/glassfish/jersey/core/jersey-server/2.34/jersey-server-2.34.jar:/home/runner/.m2/repository/org/glassfish/jersey/core/jersey-client/2.34/jersey-client-2.34.jar:/home/runner/.m2/repository/jakarta/annotation/jakarta.annotation-api/1.3.5/jakarta.annotation-api-1.3.5.jar:/home/runner/.m2/repository/jakarta/validation/jakarta.validation-api/2.0.2/jakarta.validation-api-2.0.2.jar:/home/runner/.m2/repository/org/glassfish/jersey/media/jersey-media-json-jackson/2.34/jersey-media-json-jackson-2.34.jar:/home/runner/.m2/repository/org/glassfish/jersey/ext/jersey-entity-filtering/2.34/jersey-entity-filtering-2.34.jar:/home/runner/.m2/repository/org/jooq/jooq/3.11.10/jooq-3.11.10.jar:/home/runner/.m2/repository/org/jooq/jooq-meta/3.11.10/jooq-meta-3.11.10.jar:/home/runner/.m2/repository/org/jooq/jooq-codegen/3.11.10/jooq-codegen-3.11.10.jar:/home/runner/.m2/repository/com/jolbox/bonecp/0.8.0.RELEASE/bonecp-0.8.0.RELEASE.jar:/home/runner/.m2/repository/org/apache/derby/derby/10.14.2.0/derby-10.14.2.0.jar:/home/runner/.m2/repository/org/xerial/sqlite-jdbc/3.25.2/sqlite-jdbc-3.25.2.jar:/home/runner/.m2/repository/org/springframework/spring-jdbc/5.2.20.RELEASE/spring-jdbc-5.2.20.RELEASE.jar:/home/runner/.m2/repository/org/springframework/spring-beans/5.2.20.RELEASE/spring-beans-5.2.20.RELEASE.jar:/home/runner/.m2/repository/org/springframework/spring-core/5.2.20.RELEASE/spring-core-5.2.20.RELEASE.jar:/home/runner/.m2/repository/org/springframework/spring-jcl/5.2.20.RELEASE/spring-jcl-5.2.20.RELEASE.jar:/home/runner/.m2/repository/org/springframework/spring-tx/5.2.20.RELEASE/spring-tx-5.2.20.RELEASE.jar:/home/runner/.m2/repository/org/apache/ozone/ozone-client/1.3.0-SNAPSHOT/ozone-client-1.3.0-SNAPSHOT.jar:/home/runner/.m2/repository/org/apache/ozone/hdds-erasurecode/1.3.0-SNAPSHOT/hdds-erasurecode-1.3.0-SNAPSHOT.jar:/home/runner/.m2/repository/com/github/spotbugs/spotbugs-annotations/3.1.12/spotbugs-annotations-3.1.12.jar:/home/runner/.m2/repository/org/apache/ozone/ozone-filesystem/1.3.0-SNAPSHOT/ozone-filesystem-1.3.0-SNAPSHOT.jar:/home/runner/.m2/repository/org/apache/ozone/ozone-filesystem-common/1.3.0-SNAPSHOT/ozone-filesystem-common-1.3.0-SNAPSHOT.jar:/home/runner/.m2/repository/org/apache/ozone/ozone-tools/1.3.0-SNAPSHOT/ozone-tools-1.3.0-SNAPSHOT.jar:/home/runner/.m2/repository/org/apache/ratis/ratis-tools/2.3.0/ratis-tools-2.3.0.jar:/home/runner/.m2/repository/com/amazonaws/aws-java-sdk-core/1.12.261/aws-java-sdk-core-1.12.261.jar:/home/runner/.m2/repository/org/apache/httpcomponents/httpclient/4.5.13/httpclient-4.5.13.jar:/home/runner/.m2/repository/org/apache/httpcomponents/httpcore/4.4.13/httpcore-4.4.13.jar:/home/runner/.m2/repository/software/amazon/ion/ion-java/1.0.2/ion-java-1.0.2.jar:/home/runner/.m2/repository/com/fasterxml/jackson/dataformat/jackson-dataformat-cbor/2.13.2/jackson-dataformat-cbor-2.13.2.jar:/home/runner/.m2/repository/joda-time/joda-time/2.8.1/joda-time-2.8.1.jar:/home/runner/.m2/repository/com/amazonaws/aws-java-sdk-s3/1.12.261/aws-java-sdk-s3-1.12.261.jar:/home/runner/.m2/repository/com/amazonaws/aws-java-sdk-kms/1.12.261/aws-java-sdk-kms-1.12.261.jar:/home/runner/.m2/repository/com/amazonaws/jmespath-java/1.12.261/jmespath-java-1.12.261.jar:/home/runner/.m2/repository/org/kohsuke/metainf-services/metainf-services/1.8/metainf-services-1.8.jar:/home/runner/.m2/repository/org/apache/ozone/hdds-tools/1.3.0-SNAPSHOT/hdds-tools-1.3.0-SNAPSHOT.jar:/home/runner/.m2/repository/commons-cli/commons-cli/1.2/commons-cli-1.2.jar:/home/runner/.m2/repository/org/apache/commons/commons-lang3/3.7/commons-lang3-3.7.jar:/home/runner/.m2/repository/org/apache/ozone/ozone-manager/1.3.0-SNAPSHOT/ozone-manager-1.3.0-SNAPSHOT-tests.jar:/home/runner/.m2/repository/org/apache/ozone/hdds-common/1.3.0-SNAPSHOT/hdds-common-1.3.0-SNAPSHOT-tests.jar:/home/runner/.m2/repository/org/apache/ozone/hdds-hadoop-dependency-client/1.3.0-SNAPSHOT/hdds-hadoop-dependency-client-1.3.0-SNAPSHOT.jar:/home/runner/.m2/repository/info/picocli/picocli/4.6.1/picocli-4.6.1.jar:/home/runner/.m2/repository/com/fasterxml/jackson/core/jackson-annotations/2.13.2/jackson-annotations-2.13.2.jar:/home/runner/.m2/repository/com/fasterxml/jackson/datatype/jackson-datatype-jsr310/2.13.2/jackson-datatype-jsr310-2.13.2.jar:/home/runner/.m2/repository/org/apache/ozone/hdds-annotation-processing/1.3.0-SNAPSHOT/hdds-annotation-processing-1.3.0-SNAPSHOT.jar:/home/runner/.m2/repository/javax/annotation/javax.annotation-api/1.2/javax.annotation-api-1.2.jar:/home/runner/.m2/repository/org/apache/ratis/ratis-server/2.3.0/ratis-server-2.3.0.jar:/home/runner/.m2/repository/org/apache/ratis/ratis-client/2.3.0/ratis-client-2.3.0.jar:/home/runner/.m2/repository/org/apache/ratis/ratis-server-api/2.3.0/ratis-server-api-2.3.0.jar:/home/runner/.m2/repository/org/apache/ratis/ratis-metrics/2.3.0/ratis-metrics-2.3.0.jar:/home/runner/.m2/repository/org/apache/ratis/ratis-netty/2.3.0/ratis-netty-2.3.0.jar:/home/runner/.m2/repository/org/apache/ratis/ratis-grpc/2.3.0/ratis-grpc-2.3.0.jar:/home/runner/.m2/repository/org/apache/logging/log4j/log4j-api/2.17.1/log4j-api-2.17.1.jar:/home/runner/.m2/repository/org/apache/commons/commons-pool2/2.6.0/commons-pool2-2.6.0.jar:/home/runner/.m2/repository/org/bouncycastle/bcpkix-jdk15on/1.67/bcpkix-jdk15on-1.67.jar:/home/runner/.m2/repository/commons-validator/commons-validator/1.6/commons-validator-1.6.jar:/home/runner/.m2/repository/commons-beanutils/commons-beanutils/1.9.4/commons-beanutils-1.9.4.jar:/home/runner/.m2/repository/commons-digester/commons-digester/1.8.1/commons-digester-1.8.1.jar:/home/runner/.m2/repository/commons-collections/commons-collections/3.2.2/commons-collections-3.2.2.jar:/home/runner/.m2/repository/io/jaegertracing/jaeger-client/1.6.0/jaeger-client-1.6.0.jar:/home/runner/.m2/repository/io/jaegertracing/jaeger-thrift/1.6.0/jaeger-thrift-1.6.0.jar:/home/runner/.m2/repository/org/apache/thrift/libthrift/0.14.1/libthrift-0.14.1.jar:/home/runner/.m2/repository/com/squareup/okhttp3/okhttp/4.9.0/okhttp-4.9.0.jar:/home/runner/.m2/repository/com/squareup/okio/okio/2.8.0/okio-2.8.0.jar:/home/runner/.m2/repository/io/jaegertracing/jaeger-core/1.6.0/jaeger-core-1.6.0.jar:/home/runner/.m2/repository/io/jaegertracing/jaeger-tracerresolver/1.6.0/jaeger-tracerresolver-1.6.0.jar:/home/runner/.m2/repository/io/opentracing/contrib/opentracing-tracerresolver/0.1.8/opentracing-tracerresolver-0.1.8.jar:/home/runner/.m2/repository/org/jetbrains/kotlin/kotlin-stdlib/1.6.21/kotlin-stdlib-1.6.21.jar:/home/runner/.m2/repository/org/jetbrains/kotlin/kotlin-stdlib-common/1.6.21/kotlin-stdlib-common-1.6.21.jar:/home/runner/.m2/repository/org/jetbrains/annotations/13.0/annotations-13.0.jar:/home/runner/.m2/repository/io/opentracing/opentracing-util/0.33.0/opentracing-util-0.33.0.jar:/home/runner/.m2/repository/io/opentracing/opentracing-api/0.33.0/opentracing-api-0.33.0.jar:/home/runner/.m2/repository/io/opentracing/opentracing-noop/0.33.0/opentracing-noop-0.33.0.jar:/home/runner/.m2/repository/org/yaml/snakeyaml/1.32/snakeyaml-1.32.jar:/home/runner/.m2/repository/org/apache/ozone/hdds-interface-admin/1.3.0-SNAPSHOT/hdds-interface-admin-1.3.0-SNAPSHOT.jar:/home/runner/.m2/repository/junit/junit/4.13.1/junit-4.13.1.jar:/home/runner/.m2/repository/org/hamcrest/hamcrest-core/1.3/hamcrest-core-1.3.jar:/home/runner/.m2/repository/org/junit/jupiter/junit-jupiter-api/5.8.2/junit-jupiter-api-5.8.2.jar:/home/runner/.m2/repository/org/opentest4j/opentest4j/1.2.0/opentest4j-1.2.0.jar:/home/runner/.m2/repository/org/junit/platform/junit-platform-commons/1.8.2/junit-platform-commons-1.8.2.jar:/home/runner/.m2/repository/org/apiguardian/apiguardian-api/1.1.2/apiguardian-api-1.1.2.jar:/home/runner/.m2/repository/org/junit/jupiter/junit-jupiter-params/5.8.2/junit-jupiter-params-5.8.2.jar:/home/runner/.m2/repository/org/junit/jupiter/junit-jupiter-migrationsupport/5.8.2/junit-jupiter-migrationsupport-5.8.2.jar:/home/runner/.m2/repository/org/junit/jupiter/junit-jupiter-engine/5.8.2/junit-jupiter-engine-5.8.2.jar:/home/runner/.m2/repository/org/junit/platform/junit-platform-engine/1.8.2/junit-platform-engine-1.8.2.jar:/home/runner/.m2/repository/org/junit/vintage/junit-vintage-engine/5.8.2/junit-vintage-engine-5.8.2.jar:/home/runner/.m2/repository/org/junit/platform/junit-platform-launcher/1.8.2/junit-platform-launcher-1.8.2.jar:/home/runner/.m2/repository/org/mockito/mockito-core/2.28.2/mockito-core-2.28.2.jar:/home/runner/.m2/repository/net/bytebuddy/byte-buddy/1.9.10/byte-buddy-1.9.10.jar:/home/runner/.m2/repository/net/bytebuddy/byte-buddy-agent/1.9.10/byte-buddy-agent-1.9.10.jar:/home/runner/.m2/repository/org/objenesis/objenesis/1.0/objenesis-1.0.jar:/home/runner/.m2/repository/org/apache/hadoop/hadoop-kms/3.3.1/hadoop-kms-3.3.1.jar:/home/runner/.m2/repository/org/apache/hadoop/hadoop-auth/3.3.1/hadoop-auth-3.3.1.jar:/home/runner/.m2/repository/com/nimbusds/nimbus-jose-jwt/7.9/nimbus-jose-jwt-7.9.jar:/home/runner/.m2/repository/com/github/stephenc/jcip/jcip-annotations/1.0-1/jcip-annotations-1.0-1.jar:/home/runner/.m2/repository/net/minidev/json-smart/2.4.7/json-smart-2.4.7.jar:/home/runner/.m2/repository/net/minidev/accessors-smart/2.4.7/accessors-smart-2.4.7.jar:/home/runner/.m2/repository/org/ow2/asm/asm/5.0.4/asm-5.0.4.jar:/home/runner/.m2/repository/org/apache/zookeeper/zookeeper/3.5.6/zookeeper-3.5.6.jar:/home/runner/.m2/repository/org/apache/zookeeper/zookeeper-jute/3.5.6/zookeeper-jute-3.5.6.jar:/home/runner/.m2/repository/org/apache/yetus/audience-annotations/0.5.0/audience-annotations-0.5.0.jar:/home/runner/.m2/repository/org/apache/curator/curator-framework/4.2.0/curator-framework-4.2.0.jar:/home/runner/.m2/repository/org/apache/hadoop/thirdparty/hadoop-shaded-guava/1.1.1/hadoop-shaded-guava-1.1.1.jar:/home/runner/.m2/repository/com/sun/jersey/jersey-core/1.19/jersey-core-1.19.jar:/home/runner/.m2/repository/javax/ws/rs/jsr311-api/1.1.1/jsr311-api-1.1.1.jar:/home/runner/.m2/repository/com/sun/jersey/jersey-server/1.19/jersey-server-1.19.jar:/home/runner/.m2/repository/javax/servlet/javax.servlet-api/3.1.0/javax.servlet-api-3.1.0.jar:/home/runner/.m2/repository/org/eclipse/jetty/jetty-server/9.4.43.v20210629/jetty-server-9.4.43.v20210629.jar:/home/runner/.m2/repository/org/eclipse/jetty/jetty-http/9.4.43.v20210629/jetty-http-9.4.43.v20210629.jar:/home/runner/.m2/repository/org/eclipse/jetty/jetty-io/9.4.43.v20210629/jetty-io-9.4.43.v20210629.jar:/home/runner/.m2/repository/org/eclipse/jetty/jetty-webapp/9.4.43.v20210629/jetty-webapp-9.4.43.v20210629.jar:/home/runner/.m2/repository/org/eclipse/jetty/jetty-xml/9.4.43.v20210629/jetty-xml-9.4.43.v20210629.jar:/home/runner/.m2/repository/org/apache/hadoop/hadoop-common/3.3.1/hadoop-common-3.3.1.jar:/home/runner/.m2/repository/org/apache/commons/commons-math3/3.1.1/commons-math3-3.1.1.jar:/home/runner/.m2/repository/commons-net/commons-net/3.6/commons-net-3.6.jar:/home/runner/.m2/repository/com/sun/jersey/jersey-servlet/1.19/jersey-servlet-1.19.jar:/home/runner/.m2/repository/com/sun/jersey/jersey-json/1.19/jersey-json-1.19.jar:/home/runner/.m2/repository/org/codehaus/jettison/jettison/1.1/jettison-1.1.jar:/home/runner/.m2/repository/com/sun/xml/bind/jaxb-impl/2.2.3-1/jaxb-impl-2.2.3-1.jar:/home/runner/.m2/repository/org/codehaus/jackson/jackson-xc/1.9.2/jackson-xc-1.9.2.jar:/home/runner/.m2/repository/org/apache/commons/commons-configuration2/2.1.1/commons-configuration2-2.1.1.jar:/home/runner/.m2/repository/org/apache/commons/commons-text/1.4/commons-text-1.4.jar:/home/runner/.m2/repository/com/google/re2j/re2j/1.1/re2j-1.1.jar:/home/runner/.m2/repository/com/jcraft/jsch/0.1.54/jsch-0.1.54.jar:/home/runner/.m2/repository/org/apache/curator/curator-client/4.2.0/curator-client-4.2.0.jar:/home/runner/.m2/repository/org/apache/curator/curator-recipes/4.2.0/curator-recipes-4.2.0.jar:/home/runner/.m2/repository/org/apache/htrace/htrace-core4/4.1.0-incubating/htrace-core4-4.1.0-incubating.jar:/home/runner/.m2/repository/org/apache/kerby/kerb-core/1.0.1/kerb-core-1.0.1.jar:/home/runner/.m2/repository/org/apache/kerby/kerby-pkix/1.0.1/kerby-pkix-1.0.1.jar:/home/runner/.m2/repository/org/apache/kerby/kerby-asn1/1.0.1/kerby-asn1-1.0.1.jar:/home/runner/.m2/repository/org/apache/kerby/kerby-util/1.0.1/kerby-util-1.0.1.jar:/home/runner/.m2/repository/dnsjava/dnsjava/2.1.7/dnsjava-2.1.7.jar:/home/runner/.m2/repository/org/xerial/snappy/snappy-java/1.1.8.2/snappy-java-1.1.8.2.jar:/home/runner/.m2/repository/org/eclipse/jetty/jetty-util/9.4.43.v20210629/jetty-util-9.4.43.v20210629.jar:/home/runner/.m2/repository/com/fasterxml/jackson/core/jackson-databind/2.13.2.2/jackson-databind-2.13.2.2.jar:/home/runner/.m2/repository/org/apache/hadoop/hadoop-kms/3.3.1/hadoop-kms-3.3.1-tests.jar:/home/runner/.m2/repository/org/apache/ozone/hdds-server-scm/1.3.0-SNAPSHOT/hdds-server-scm-1.3.0-SNAPSHOT-tests.jar:/home/runner/.m2/repository/org/apache/ozone/hdds-container-service/1.3.0-SNAPSHOT/hdds-container-service-1.3.0-SNAPSHOT-tests.jar:/home/runner/.m2/repository/commons-codec/commons-codec/1.11/commons-codec-1.11.jar:/home/runner/.m2/repository/io/netty/netty-codec/4.1.79.Final/netty-codec-4.1.79.Final.jar:/home/runner/.m2/repository/io/netty/netty-handler/4.1.79.Final/netty-handler-4.1.79.Final.jar:/home/runner/.m2/repository/org/apache/ozone/hdds-hadoop-dependency-test/1.3.0-SNAPSHOT/hdds-hadoop-dependency-test-1.3.0-SNAPSHOT.jar:/home/runner/.m2/repository/org/apache/hadoop/hadoop-common/3.3.1/hadoop-common-3.3.1-tests.jar:/home/runner/.m2/repository/org/apache/hadoop/hadoop-hdfs/3.3.1/hadoop-hdfs-3.3.1-tests.jar:/home/runner/.m2/repository/org/assertj/assertj-core/3.12.2/assertj-core-3.12.2.jar:/home/runner/.m2/repository/org/apache/hadoop/hadoop-distcp/3.3.1/hadoop-distcp-3.3.1.jar:/home/runner/.m2/repository/org/apache/hadoop/hadoop-mapreduce-client-jobclient/3.3.1/hadoop-mapreduce-client-jobclient-3.3.1.jar:/home/runner/.m2/repository/org/apache/hadoop/hadoop-mapreduce-client-common/3.3.1/hadoop-mapreduce-client-common-3.3.1.jar:/home/runner/.m2/repository/org/apache/hadoop/hadoop-yarn-common/3.3.1/hadoop-yarn-common-3.3.1.jar:/home/runner/.m2/repository/org/apache/hadoop/hadoop-yarn-api/3.3.1/hadoop-yarn-api-3.3.1.jar:/home/runner/.m2/repository/com/sun/jersey/contribs/jersey-guice/1.19/jersey-guice-1.19.jar:/home/runner/.m2/repository/com/fasterxml/jackson/jaxrs/jackson-jaxrs-json-provider/2.13.2/jackson-jaxrs-json-provider-2.13.2.jar:/home/runner/.m2/repository/com/fasterxml/jackson/jaxrs/jackson-jaxrs-base/2.13.2/jackson-jaxrs-base-2.13.2.jar:/home/runner/.m2/repository/org/apache/hadoop/hadoop-yarn-client/3.3.1/hadoop-yarn-client-3.3.1.jar:/home/runner/.m2/repository/org/eclipse/jetty/websocket/websocket-client/9.4.40.v20210413/websocket-client-9.4.40.v20210413.jar:/home/runner/.m2/repository/org/eclipse/jetty/websocket/websocket-common/9.4.40.v20210413/websocket-common-9.4.40.v20210413.jar:/home/runner/.m2/repository/org/eclipse/jetty/websocket/websocket-api/9.4.40.v20210413/websocket-api-9.4.40.v20210413.jar:/home/runner/.m2/repository/org/jline/jline/3.9.0/jline-3.9.0.jar:/home/runner/.m2/repository/org/apache/hadoop/hadoop-mapreduce-client-core/3.3.1/hadoop-mapreduce-client-core-3.3.1.jar:/home/runner/.m2/repository/org/apache/avro/avro/1.7.7/avro-1.7.7.jar:/home/runner/.m2/repository/org/codehaus/jackson/jackson-core-asl/1.9.13/jackson-core-asl-1.9.13.jar:/home/runner/.m2/repository/org/codehaus/jackson/jackson-mapper-asl/1.9.13/jackson-mapper-asl-1.9.13.jar:/home/runner/.m2/repository/com/thoughtworks/paranamer/paranamer/2.3/paranamer-2.3.jar:/home/runner/.m2/repository/org/apache/hadoop/hadoop-annotations/3.3.1/hadoop-annotations-3.3.1.jar:/opt/hostedtoolcache/jdk/8.0.345/x64/jre/../lib/tools.jar:/home/runner/.m2/repository/io/netty/netty/3.10.6.Final/netty-3.10.6.Final.jar:/home/runner/.m2/repository/org/apache/hadoop/hadoop-distcp/3.3.1/hadoop-distcp-3.3.1-tests.jar:/home/runner/.m2/repository/org/slf4j/jul-to-slf4j/1.7.36/jul-to-slf4j-1.7.36.jar:/home/runner/.m2/repository/org/apache/ratis/ratis-common/2.3.0/ratis-common-2.3.0.jar:/home/runner/.m2/repository/org/apache/ratis/ratis-thirdparty-misc/1.0.0/ratis-thirdparty-misc-1.0.0.jar:/home/runner/.m2/repository/org/apache/ratis/ratis-proto/2.3.0/ratis-proto-2.3.0.jar:"/>
    <property name="sun.cpu.endian" value="little"/>
    <property name="user.home" value="/home/runner"/>
    <property name="user.language" value="en"/>
    <property name="java.specification.vendor" value="Oracle Corporation"/>
    <property name="java.home" value="/opt/hostedtoolcache/jdk/8.0.345/x64/jre"/>
    <property name="java.security.krb5.conf" value="/home/runner/work/ozone/ozone/hadoop-ozone/integration-test/target/test-classes/krb5.conf"/>
    <property name="basedir" value="/home/runner/work/ozone/ozone/hadoop-ozone/integration-test"/>
    <property name="file.separator" value="/"/>
    <property name="line.separator" value="&#10;"/>
    <property name="jdk.vendor.version" value="Zulu 8.64.0.19-CA-linux64"/>
    <property name="java.vm.specification.vendor" value="Oracle Corporation"/>
    <property name="java.specification.name" value="Java Platform API Specification"/>
    <property name="java.awt.graphicsenv" value="sun.awt.X11GraphicsEnvironment"/>
    <property name="skip.installnpx" value="true"/>
    <property name="surefire.fork.timeout" value="3600"/>
    <property name="surefire.real.class.path" value="/home/runner/work/ozone/ozone/hadoop-ozone/integration-test/target/surefire/surefirebooter130848893182134165.jar:/home/runner/.m2/repository/org/jacoco/org.jacoco.agent/0.8.5/org.jacoco.agent-0.8.5-runtime.jar"/>
    <property name="hadoop.log.dir" value="/home/runner/work/ozone/ozone/hadoop-ozone/integration-test/target/log"/>
    <property name="sun.boot.class.path" value="/opt/hostedtoolcache/jdk/8.0.345/x64/jre/lib/resources.jar:/opt/hostedtoolcache/jdk/8.0.345/x64/jre/lib/rt.jar:/opt/hostedtoolcache/jdk/8.0.345/x64/jre/lib/sunrsasign.jar:/opt/hostedtoolcache/jdk/8.0.345/x64/jre/lib/jsse.jar:/opt/hostedtoolcache/jdk/8.0.345/x64/jre/lib/jce.jar:/opt/hostedtoolcache/jdk/8.0.345/x64/jre/lib/charsets.jar:/opt/hostedtoolcache/jdk/8.0.345/x64/jre/lib/jfr.jar:/opt/hostedtoolcache/jdk/8.0.345/x64/jre/lib/cat.jar:/opt/hostedtoolcache/jdk/8.0.345/x64/jre/classes"/>
    <property name="sun.management.compiler" value="HotSpot 64-Bit Tiered Compilers"/>
    <property name="skip.npx" value="true"/>
    <property name="java.runtime.version" value="1.8.0_345-b01"/>
    <property name="java.net.preferIPv4Stack" value="true"/>
    <property name="user.name" value="runner"/>
    <property name="path.separator" value=":"/>
    <property name="java.security.egd" value="file:///dev/urandom"/>
    <property name="os.version" value="5.15.0-1020-azure"/>
    <property name="java.endorsed.dirs" value="/opt/hostedtoolcache/jdk/8.0.345/x64/jre/lib/endorsed"/>
    <property name="java.runtime.name" value="OpenJDK Runtime Environment"/>
    <property name="file.encoding" value="UTF-8"/>
    <property name="java.vm.name" value="OpenJDK 64-Bit Server VM"/>
    <property name="test.build.webapps" value=""/>
    <property name="localRepository" value="/home/runner/.m2/repository"/>
    <property name="jetty.git.hash" value="526006ecfa3af7f1a27ef3a288e2bef7ea9dd7e8"/>
    <property name="java.vendor.url.bug" value="http://www.azul.com/support/"/>
    <property name="java.io.tmpdir" value="/tmp"/>
    <property name="require.test.libhadoop" value=""/>
    <property name="surefire.rerunFailingTestsCount" value="5"/>
    <property name="java.version" value="1.8.0_345"/>
    <property name="user.dir" value="/home/runner/work/ozone/ozone/hadoop-ozone/integration-test"/>
    <property name="os.arch" value="amd64"/>
    <property name="java.vm.specification.name" value="Java Virtual Machine Specification"/>
    <property name="test.build.classes" value="/home/runner/work/ozone/ozone/hadoop-ozone/integration-test/target/test-classes"/>
    <property name="java.awt.printerjob" value="sun.print.PSPrinterJob"/>
    <property name="sun.os.patch.level" value="unknown"/>
    <property name="hadoop.tmp.dir" value="/home/runner/work/ozone/ozone/hadoop-ozone/integration-test/target/tmp"/>
    <property name="java.library.path" value="/usr/java/packages/lib/amd64:/usr/lib64:/lib64:/lib:/usr/lib"/>
    <property name="java.vm.info" value="mixed mode"/>
    <property name="java.vendor" value="Azul Systems, Inc."/>
    <property name="java.vm.version" value="25.345-b01"/>
    <property name="java.ext.dirs" value="/opt/hostedtoolcache/jdk/8.0.345/x64/jre/lib/ext:/usr/java/packages/lib/ext"/>
    <property name="sun.io.unicode.encoding" value="UnicodeLittle"/>
    <property name="java.class.version" value="52.0"/>
  </properties>
  <testcase name="testLeaderIdAfterLeaderChange" classname="org.apache.hadoop.hdds.scm.TestRatisPipelineLeader" time="0.025">
    <failure type="java.lang.AssertionError"><![CDATA[java.lang.AssertionError
	at org.junit.Assert.fail(Assert.java:87)
	at org.junit.Assert.assertTrue(Assert.java:42)
	at org.junit.Assert.assertTrue(Assert.java:53)
	at org.apache.hadoop.hdds.scm.TestRatisPipelineLeader.testLeaderIdAfterLeaderChange(TestRatisPipelineLeader.java:119)
	at sun.reflect.NativeMethodAccessorImpl.invoke0(Native Method)
	at sun.reflect.NativeMethodAccessorImpl.invoke(NativeMethodAccessorImpl.java:62)
	at sun.reflect.DelegatingMethodAccessorImpl.invoke(DelegatingMethodAccessorImpl.java:43)
	at java.lang.reflect.Method.invoke(Method.java:498)
	at org.junit.platform.commons.util.ReflectionUtils.invokeMethod(ReflectionUtils.java:725)
	at org.junit.jupiter.engine.execution.MethodInvocation.proceed(MethodInvocation.java:60)
	at org.junit.jupiter.engine.execution.InvocationInterceptorChain$ValidatingInvocation.proceed(InvocationInterceptorChain.java:131)
	at org.junit.jupiter.engine.extension.TimeoutInvocation.proceed(TimeoutInvocation.java:46)
	at org.junit.jupiter.engine.extension.TimeoutExtension.intercept(TimeoutExtension.java:149)
	at org.junit.jupiter.engine.extension.TimeoutExtension.interceptTestableMethod(TimeoutExtension.java:140)
	at org.junit.jupiter.engine.extension.TimeoutExtension.interceptTestMethod(TimeoutExtension.java:84)
	at org.junit.jupiter.engine.execution.ExecutableInvoker$ReflectiveInterceptorCall.lambda$ofVoidMethod$0(ExecutableInvoker.java:115)
	at org.junit.jupiter.engine.execution.ExecutableInvoker.lambda$invoke$0(ExecutableInvoker.java:105)
	at org.junit.jupiter.engine.execution.InvocationInterceptorChain$InterceptedInvocation.proceed(InvocationInterceptorChain.java:106)
	at org.junit.jupiter.engine.execution.InvocationInterceptorChain.proceed(InvocationInterceptorChain.java:64)
	at org.junit.jupiter.engine.execution.InvocationInterceptorChain.chainAndInvoke(InvocationInterceptorChain.java:45)
	at org.junit.jupiter.engine.execution.InvocationInterceptorChain.invoke(InvocationInterceptorChain.java:37)
	at org.junit.jupiter.engine.execution.ExecutableInvoker.invoke(ExecutableInvoker.java:104)
	at org.junit.jupiter.engine.execution.ExecutableInvoker.invoke(ExecutableInvoker.java:98)
	at org.junit.jupiter.engine.descriptor.TestMethodTestDescriptor.lambda$invokeTestMethod$7(TestMethodTestDescriptor.java:214)
	at org.junit.platform.engine.support.hierarchical.ThrowableCollector.execute(ThrowableCollector.java:73)
	at org.junit.jupiter.engine.descriptor.TestMethodTestDescriptor.invokeTestMethod(TestMethodTestDescriptor.java:210)
	at org.junit.jupiter.engine.descriptor.TestMethodTestDescriptor.execute(TestMethodTestDescriptor.java:135)
	at org.junit.jupiter.engine.descriptor.TestMethodTestDescriptor.execute(TestMethodTestDescriptor.java:66)
	at org.junit.platform.engine.support.hierarchical.NodeTestTask.lambda$executeRecursively$6(NodeTestTask.java:151)
	at org.junit.platform.engine.support.hierarchical.ThrowableCollector.execute(ThrowableCollector.java:73)
	at org.junit.platform.engine.support.hierarchical.NodeTestTask.lambda$executeRecursively$8(NodeTestTask.java:141)
	at org.junit.platform.engine.support.hierarchical.Node.around(Node.java:137)
	at org.junit.platform.engine.support.hierarchical.NodeTestTask.lambda$executeRecursively$9(NodeTestTask.java:139)
	at org.junit.platform.engine.support.hierarchical.ThrowableCollector.execute(ThrowableCollector.java:73)
	at org.junit.platform.engine.support.hierarchical.NodeTestTask.executeRecursively(NodeTestTask.java:138)
	at org.junit.platform.engine.support.hierarchical.NodeTestTask.execute(NodeTestTask.java:95)
	at java.util.ArrayList.forEach(ArrayList.java:1259)
	at org.junit.platform.engine.support.hierarchical.SameThreadHierarchicalTestExecutorService.invokeAll(SameThreadHierarchicalTestExecutorService.java:41)
	at org.junit.platform.engine.support.hierarchical.NodeTestTask.lambda$executeRecursively$6(NodeTestTask.java:155)
	at org.junit.platform.engine.support.hierarchical.ThrowableCollector.execute(ThrowableCollector.java:73)
	at org.junit.platform.engine.support.hierarchical.NodeTestTask.lambda$executeRecursively$8(NodeTestTask.java:141)
	at org.junit.platform.engine.support.hierarchical.Node.around(Node.java:137)
	at org.junit.platform.engine.support.hierarchical.NodeTestTask.lambda$executeRecursively$9(NodeTestTask.java:139)
	at org.junit.platform.engine.support.hierarchical.ThrowableCollector.execute(ThrowableCollector.java:73)
	at org.junit.platform.engine.support.hierarchical.NodeTestTask.executeRecursively(NodeTestTask.java:138)
	at org.junit.platform.engine.support.hierarchical.NodeTestTask.execute(NodeTestTask.java:95)
	at java.util.ArrayList.forEach(ArrayList.java:1259)
	at org.junit.platform.engine.support.hierarchical.SameThreadHierarchicalTestExecutorService.invokeAll(SameThreadHierarchicalTestExecutorService.java:41)
	at org.junit.platform.engine.support.hierarchical.NodeTestTask.lambda$executeRecursively$6(NodeTestTask.java:155)
	at org.junit.platform.engine.support.hierarchical.ThrowableCollector.execute(ThrowableCollector.java:73)
	at org.junit.platform.engine.support.hierarchical.NodeTestTask.lambda$executeRecursively$8(NodeTestTask.java:141)
	at org.junit.platform.engine.support.hierarchical.Node.around(Node.java:137)
	at org.junit.platform.engine.support.hierarchical.NodeTestTask.lambda$executeRecursively$9(NodeTestTask.java:139)
	at org.junit.platform.engine.support.hierarchical.ThrowableCollector.execute(ThrowableCollector.java:73)
	at org.junit.platform.engine.support.hierarchical.NodeTestTask.executeRecursively(NodeTestTask.java:138)
	at org.junit.platform.engine.support.hierarchical.NodeTestTask.execute(NodeTestTask.java:95)
	at org.junit.platform.engine.support.hierarchical.SameThreadHierarchicalTestExecutorService.submit(SameThreadHierarchicalTestExecutorService.java:35)
	at org.junit.platform.engine.support.hierarchical.HierarchicalTestExecutor.execute(HierarchicalTestExecutor.java:57)
	at org.junit.platform.engine.support.hierarchical.HierarchicalTestEngine.execute(HierarchicalTestEngine.java:54)
	at org.junit.platform.launcher.core.EngineExecutionOrchestrator.execute(EngineExecutionOrchestrator.java:107)
	at org.junit.platform.launcher.core.EngineExecutionOrchestrator.execute(EngineExecutionOrchestrator.java:88)
	at org.junit.platform.launcher.core.EngineExecutionOrchestrator.lambda$execute$0(EngineExecutionOrchestrator.java:54)
	at org.junit.platform.launcher.core.EngineExecutionOrchestrator.withInterceptedStreams(EngineExecutionOrchestrator.java:67)
	at org.junit.platform.launcher.core.EngineExecutionOrchestrator.execute(EngineExecutionOrchestrator.java:52)
	at org.junit.platform.launcher.core.DefaultLauncher.execute(DefaultLauncher.java:114)
	at org.junit.platform.launcher.core.DefaultLauncher.execute(DefaultLauncher.java:86)
	at org.junit.platform.launcher.core.DefaultLauncherSession$DelegatingLauncher.execute(DefaultLauncherSession.java:86)
	at org.junit.platform.launcher.core.SessionPerRequestLauncher.execute(SessionPerRequestLauncher.java:53)
	at org.apache.maven.surefire.junitplatform.JUnitPlatformProvider.execute(JUnitPlatformProvider.java:188)
	at org.apache.maven.surefire.junitplatform.JUnitPlatformProvider.invokeAllTests(JUnitPlatformProvider.java:154)
	at org.apache.maven.surefire.junitplatform.JUnitPlatformProvider.invoke(JUnitPlatformProvider.java:124)
	at org.apache.maven.surefire.booter.ForkedBooter.runSuitesInProcess(ForkedBooter.java:428)
	at org.apache.maven.surefire.booter.ForkedBooter.execute(ForkedBooter.java:162)
	at org.apache.maven.surefire.booter.ForkedBooter.run(ForkedBooter.java:562)
	at org.apache.maven.surefire.booter.ForkedBooter.main(ForkedBooter.java:548)
]]></failure>
    <system-out><![CDATA[2022-10-03 12:53:59,355 [main] WARN  server.ServerUtils (ServerUtils.java:getScmDbDir(148)) - ozone.scm.db.dirs is not configured. We recommend adding this setting. Falling back to ozone.metadata.dirs instead.
2022-10-03 12:53:59,443 [main] WARN  server.ServerUtils (ServerUtils.java:getScmDbDir(148)) - ozone.scm.db.dirs is not configured. We recommend adding this setting. Falling back to ozone.metadata.dirs instead.
2022-10-03 12:53:59,446 [main] INFO  ha.SCMHANodeDetails (SCMHANodeDetails.java:loadSCMHAConfig(209)) - ServiceID for StorageContainerManager is null
2022-10-03 12:53:59,465 [main] WARN  ha.SCMHANodeDetails (SCMHANodeDetails.java:validateSCMHAConfig(182)) - Invalid config ozone.scm.ratis.enable. The config was not specified, but the default value true conflicts with the expected config value false. Falling back to the expected value. Current State of SCM: SCM is running in Non-HA without Ratis Ratis SCM -> Non Ratis SCM or Non HA SCM -> HA SCM is not supported
2022-10-03 12:53:59,466 [main] INFO  ha.SCMHANodeDetails (SCMHANodeDetails.java:loadSCMHAConfig(214)) - ozone.scm.default.service.id is not defined, falling back to ozone.scm.service.ids to find serviceID for StorageContainerManager if it is HA enabled cluster
2022-10-03 12:53:59,994 [main] WARN  utils.HAUtils (HAUtils.java:getMetaDir(342)) - ozone.scm.db.dirs is not configured. We recommend adding this setting. Falling back to ozone.metadata.dirs instead.
2022-10-03 12:54:00,144 [main] WARN  db.DBStoreBuilder (DBStoreBuilder.java:applyDBDefinition(144)) - ozone.scm.db.dirs is not configured. We recommend adding this setting. Falling back to ozone.metadata.dirs instead.
2022-10-03 12:54:00,402 [main] INFO  net.NodeSchemaLoader (NodeSchemaLoader.java:loadSchemaFromFile(129)) - Loading schema from [jar:file:/home/runner/.m2/repository/org/apache/ozone/hdds-common/1.3.0-SNAPSHOT/hdds-common-1.3.0-SNAPSHOT.jar!/network-topology-default.xml]
2022-10-03 12:54:00,403 [main] INFO  net.NodeSchemaLoader (NodeSchemaLoader.java:loadSchema(176)) - Loading network topology layer schema file
2022-10-03 12:54:00,448 [main] INFO  metrics.MetricRegistries (MetricRegistriesLoader.java:load(64)) - Loaded MetricRegistries class org.apache.ratis.metrics.impl.MetricRegistriesImpl
2022-10-03 12:54:00,458 [main] INFO  upgrade.AbstractLayoutVersionManager (AbstractLayoutVersionManager.java:init(83)) - Initializing Layout version manager with metadata layout = DATANODE_SCHEMA_V3 (version = 4), software layout = DATANODE_SCHEMA_V3 (version = 4)
2022-10-03 12:54:00,644 [main] INFO  reflections.Reflections (Reflections.java:scan(232)) - Reflections took 112 ms to scan 7 urls, producing 135 keys and 327 values 
2022-10-03 12:54:00,732 [main] INFO  ha.SequenceIdGenerator (SequenceIdGenerator.java:upgradeToSequenceId(349)) - upgrade localId to 109611004723200000
2022-10-03 12:54:00,733 [main] INFO  ha.SequenceIdGenerator (SequenceIdGenerator.java:upgradeToSequenceId(359)) - upgrade delTxnId to 0
2022-10-03 12:54:00,737 [main] INFO  ha.SequenceIdGenerator (SequenceIdGenerator.java:upgradeToSequenceId(376)) - upgrade containerId to 0
2022-10-03 12:54:00,739 [main] INFO  ha.SequenceIdGenerator (SequenceIdGenerator.java:<init>(220)) - Init the HA SequenceIdGenerator.
2022-10-03 12:54:00,774 [main] WARN  server.ServerUtils (ServerUtils.java:sanitizeUserArgs(73)) - ozone.scm.stale.node.interval value = 300000 is larger than max = 100000 based on the key value of ozone.scm.heartbeat.thread.interval, reset to the max value 100000.
2022-10-03 12:54:00,774 [main] WARN  server.ServerUtils (ServerUtils.java:sanitizeUserArgs(73)) - ozone.scm.stale.node.interval value = 300000 is larger than max = 100000 based on the key value of ozone.scm.heartbeat.thread.interval, reset to the max value 100000.
2022-10-03 12:54:00,780 [main] INFO  node.SCMNodeManager (SCMNodeManager.java:<init>(149)) - Entering startup safe mode.
2022-10-03 12:54:00,857 [main] INFO  algorithms.ContainerPlacementPolicyFactory (ContainerPlacementPolicyFactory.java:getPolicyInternal(86)) - Create container placement policy of type org.apache.hadoop.hdds.scm.container.placement.algorithms.SCMContainerPlacementRandom
2022-10-03 12:54:00,863 [main] INFO  algorithms.ContainerPlacementPolicyFactory (ContainerPlacementPolicyFactory.java:getPolicyInternal(86)) - Create container placement policy of type org.apache.hadoop.hdds.scm.container.placement.algorithms.SCMContainerPlacementRackScatter
2022-10-03 12:54:00,891 [main] INFO  pipeline.PipelineStateManagerImpl (PipelineStateManagerImpl.java:initialize(78)) - No pipeline exists in current db
2022-10-03 12:54:00,957 [main] INFO  algorithms.LeaderChoosePolicyFactory (LeaderChoosePolicyFactory.java:getPolicy(57)) - Create leader choose policy of type org.apache.hadoop.hdds.scm.pipeline.leader.choose.algorithms.MinLeaderCountChoosePolicy
2022-10-03 12:54:00,965 [main] INFO  algorithms.ContainerPlacementPolicyFactory (ContainerPlacementPolicyFactory.java:getPolicyInternal(86)) - Create container placement policy of type org.apache.hadoop.hdds.scm.container.placement.algorithms.SCMContainerPlacementRackScatter
2022-10-03 12:54:00,975 [main] INFO  ha.SCMServiceManager (SCMServiceManager.java:register(42)) - Registering service BackgroundPipelineCreator.
2022-10-03 12:54:00,975 [main] INFO  pipeline.BackgroundPipelineCreator (BackgroundPipelineCreator.java:start(124)) - Starting RatisPipelineUtilsThread.
2022-10-03 12:54:00,996 [main] INFO  BackgroundPipelineScrubber (BackgroundSCMService.java:start(68)) - Starting BackgroundPipelineScrubber Service.
2022-10-03 12:54:01,001 [main] INFO  ha.SCMServiceManager (SCMServiceManager.java:register(42)) - Registering service BackgroundPipelineScrubber.
2022-10-03 12:54:01,010 [main] INFO  ExpiredContainerReplicaOpScrubber (BackgroundSCMService.java:start(68)) - Starting ExpiredContainerReplicaOpScrubber Service.
2022-10-03 12:54:01,021 [main] INFO  ha.SCMServiceManager (SCMServiceManager.java:register(42)) - Registering service ExpiredContainerReplicaOpScrubber.
2022-10-03 12:54:01,074 [main] INFO  algorithms.PipelineChoosePolicyFactory (PipelineChoosePolicyFactory.java:createPipelineChoosePolicyFromClass(73)) - Create pipeline choose policy of type org.apache.hadoop.hdds.scm.pipeline.choose.algorithms.RandomPipelineChoosePolicy
2022-10-03 12:54:01,097 [main] INFO  ha.SCMServiceManager (SCMServiceManager.java:register(42)) - Registering service SCMBlockDeletingService.
2022-10-03 12:54:01,154 [main] INFO  replication.ReplicationManager (ReplicationManager.java:start(223)) - Starting Replication Monitor Thread.
2022-10-03 12:54:01,161 [main] INFO  ha.SCMServiceManager (SCMServiceManager.java:register(42)) - Registering service ReplicationManager.
2022-10-03 12:54:01,165 [ReplicationMonitor] INFO  replication.ReplicationManager (ReplicationManager.java:processAll(291)) - Replication Manager is not ready to run until 3000ms after safemode exit
2022-10-03 12:54:01,169 [main] INFO  safemode.ContainerSafeModeRule (ContainerSafeModeRule.java:<init>(89)) - containers with one replica threshold count 0
2022-10-03 12:54:01,172 [main] INFO  safemode.HealthyPipelineSafeModeRule (HealthyPipelineSafeModeRule.java:initializeRule(169)) - Total pipeline count is 0, healthy pipeline threshold count is 1
2022-10-03 12:54:01,174 [main] INFO  safemode.OneReplicaPipelineSafeModeRule (OneReplicaPipelineSafeModeRule.java:initializeRule(180)) - Total pipeline count is 0, pipeline's with at least one datanode reported threshold count is 0
2022-10-03 12:54:01,452 [main] INFO  audit.AuditLogger (AuditLogger.java:refreshDebugCmdSet(126)) - Refresh DebugCmdSet for SCMAudit to [].
2022-10-03 12:54:01,479 [main] INFO  ipc.CallQueueManager (CallQueueManager.java:<init>(90)) - Using callQueue: class java.util.concurrent.LinkedBlockingQueue, queueCapacity: 2000, scheduler: class org.apache.hadoop.ipc.DefaultRpcScheduler, ipcBackoff: false.
2022-10-03 12:54:01,516 [Socket Reader #1 for port 0] INFO  ipc.Server (Server.java:run(1265)) - Starting Socket Reader #1 for port 0
2022-10-03 12:54:01,563 [Listener at 0.0.0.0/44405] INFO  audit.AuditLogger (AuditLogger.java:refreshDebugCmdSet(126)) - Refresh DebugCmdSet for SCMAudit to [].
2022-10-03 12:54:01,571 [Listener at 0.0.0.0/44405] INFO  ipc.CallQueueManager (CallQueueManager.java:<init>(90)) - Using callQueue: class java.util.concurrent.LinkedBlockingQueue, queueCapacity: 2000, scheduler: class org.apache.hadoop.ipc.DefaultRpcScheduler, ipcBackoff: false.
2022-10-03 12:54:01,572 [Socket Reader #1 for port 0] INFO  ipc.Server (Server.java:run(1265)) - Starting Socket Reader #1 for port 0
2022-10-03 12:54:01,602 [Listener at 0.0.0.0/40975] INFO  audit.AuditLogger (AuditLogger.java:refreshDebugCmdSet(126)) - Refresh DebugCmdSet for SCMAudit to [].
2022-10-03 12:54:01,615 [Listener at 0.0.0.0/40975] INFO  ipc.CallQueueManager (CallQueueManager.java:<init>(90)) - Using callQueue: class java.util.concurrent.LinkedBlockingQueue, queueCapacity: 2000, scheduler: class org.apache.hadoop.ipc.DefaultRpcScheduler, ipcBackoff: false.
2022-10-03 12:54:01,617 [Socket Reader #1 for port 0] INFO  ipc.Server (Server.java:run(1265)) - Starting Socket Reader #1 for port 0
2022-10-03 12:54:01,695 [Listener at 0.0.0.0/43681] INFO  ha.SCMServiceManager (SCMServiceManager.java:register(42)) - Registering service ContainerBalancer.
2022-10-03 12:54:01,696 [Listener at 0.0.0.0/43681] INFO  server.StorageContainerManager (StorageContainerManager.java:<init>(410)) - 
Container Balancer status:
Key                            Value
Running                        false
Container Balancer Configuration values:
Key                                                Value
Threshold                                          10
Max Datanodes to Involve per Iteration(percent)    20
Max Size to Move per Iteration                     500GB
Max Size Entering Target per Iteration             26GB
Max Size Leaving Source per Iteration              26GB

2022-10-03 12:54:01,696 [Listener at 0.0.0.0/43681] WARN  events.EventQueue (EventQueue.java:fireEvent(216)) - No event handler registered for event TypedEvent{payloadType=SafeModeStatus, name='Safe mode status'}
2022-10-03 12:54:01,698 [Listener at 0.0.0.0/43681] INFO  ha.SCMContext (SCMContext.java:updateSafeModeStatus(228)) - Update SafeModeStatus from SafeModeStatus{safeModeStatus=true, preCheckPassed=false} to SafeModeStatus{safeModeStatus=true, preCheckPassed=false}.
2022-10-03 12:54:01,701 [Listener at 0.0.0.0/43681] INFO  server.StorageContainerManager (StorageContainerManager.java:start(1436)) - StorageContainerLocationProtocol RPC server is listening at /0.0.0.0:43681
2022-10-03 12:54:01,825 [Listener at 0.0.0.0/43681] WARN  impl.MetricsConfig (MetricsConfig.java:loadFirst(136)) - Cannot locate configuration: tried hadoop-metrics2-storagecontainermanager.properties,hadoop-metrics2.properties
2022-10-03 12:54:01,836 [Listener at 0.0.0.0/43681] INFO  impl.MetricsSystemImpl (MetricsSystemImpl.java:startTimer(378)) - Scheduled Metric snapshot period at 10 second(s).
2022-10-03 12:54:01,836 [Listener at 0.0.0.0/43681] INFO  impl.MetricsSystemImpl (MetricsSystemImpl.java:start(191)) - StorageContainerManager metrics system started
2022-10-03 12:54:02,059 [Listener at 0.0.0.0/43681] INFO  server.SCMClientProtocolServer (SCMClientProtocolServer.java:start(170)) - RPC server for Client  is listening at /0.0.0.0:43681
2022-10-03 12:54:02,059 [IPC Server Responder] INFO  ipc.Server (Server.java:run(1507)) - IPC Server Responder: starting
2022-10-03 12:54:02,061 [IPC Server listener on 0] INFO  ipc.Server (Server.java:run(1344)) - IPC Server listener on 0: starting
2022-10-03 12:54:02,065 [Listener at 0.0.0.0/43681] INFO  server.StorageContainerManager (StorageContainerManager.java:start(1451)) - ScmBlockLocationProtocol RPC server is listening at /0.0.0.0:40975
2022-10-03 12:54:02,065 [Listener at 0.0.0.0/43681] INFO  server.SCMBlockProtocolServer (SCMBlockProtocolServer.java:start(152)) - RPC server for Block Protocol is listening at /0.0.0.0:40975
2022-10-03 12:54:02,066 [IPC Server Responder] INFO  ipc.Server (Server.java:run(1507)) - IPC Server Responder: starting
2022-10-03 12:54:02,066 [IPC Server listener on 0] INFO  ipc.Server (Server.java:run(1344)) - IPC Server listener on 0: starting
2022-10-03 12:54:02,068 [Listener at 0.0.0.0/43681] INFO  server.SCMDatanodeProtocolServer (SCMDatanodeProtocolServer.java:start(186)) - ScmDatanodeProtocol RPC server for DataNodes is listening at /0.0.0.0:44405
2022-10-03 12:54:02,068 [IPC Server Responder] INFO  ipc.Server (Server.java:run(1507)) - IPC Server Responder: starting
2022-10-03 12:54:02,069 [IPC Server listener on 0] INFO  ipc.Server (Server.java:run(1344)) - IPC Server listener on 0: starting
2022-10-03 12:54:02,080 [org.apache.hadoop.util.JvmPauseMonitor$Monitor@32f54c2a] INFO  util.JvmPauseMonitor (JvmPauseMonitor.java:run(188)) - Starting JVM pause monitor
2022-10-03 12:54:02,097 [Listener at 0.0.0.0/43681] INFO  http.BaseHttpServer (BaseHttpServer.java:newHttpServer2BuilderForOzone(213)) - Starting Web-server for scm at: http://0.0.0.0:0
2022-10-03 12:54:02,097 [Listener at 0.0.0.0/43681] INFO  http.BaseHttpServer (BaseHttpServer.java:<init>(108)) - Hadoop Security Enabled: false Ozone Security Enabled: false Ozone HTTP Security Enabled: false 
2022-10-03 12:54:02,124 [Listener at 0.0.0.0/43681] INFO  util.log (Log.java:initialized(170)) - Logging initialized @4136ms to org.eclipse.jetty.util.log.Slf4jLog
2022-10-03 12:54:02,225 [Listener at 0.0.0.0/43681] INFO  server.AuthenticationFilter (AuthenticationFilter.java:constructSecretProvider(240)) - Unable to initialize FileSignerSecretProvider, falling back to use random secrets.
2022-10-03 12:54:02,229 [Listener at 0.0.0.0/43681] WARN  http.HttpRequestLog (HttpRequestLog.java:getRequestLog(103)) - Jetty request log can only be enabled using Log4j
2022-10-03 12:54:02,235 [Listener at 0.0.0.0/43681] INFO  http.HttpServer2 (HttpServer2.java:addGlobalFilter(1029)) - Added global filter 'safety' (class=org.apache.hadoop.hdds.server.http.HttpServer2$QuotingInputFilter)
2022-10-03 12:54:02,238 [Listener at 0.0.0.0/43681] INFO  http.HttpServer2 (HttpServer2.java:addFilter(1005)) - Added filter static_user_filter (class=org.apache.hadoop.http.lib.StaticUserWebFilter$StaticUserFilter) to context scm
2022-10-03 12:54:02,238 [Listener at 0.0.0.0/43681] INFO  http.HttpServer2 (HttpServer2.java:addFilter(1013)) - Added filter static_user_filter (class=org.apache.hadoop.http.lib.StaticUserWebFilter$StaticUserFilter) to context logs
2022-10-03 12:54:02,238 [Listener at 0.0.0.0/43681] INFO  http.HttpServer2 (HttpServer2.java:addFilter(1013)) - Added filter static_user_filter (class=org.apache.hadoop.http.lib.StaticUserWebFilter$StaticUserFilter) to context static
2022-10-03 12:54:02,279 [Listener at 0.0.0.0/43681] INFO  http.HttpServer2 (HttpServer2.java:bindListener(1248)) - Jetty bound to port 38651
2022-10-03 12:54:02,281 [Listener at 0.0.0.0/43681] INFO  server.Server (Server.java:doStart(375)) - jetty-9.4.43.v20210629; built: 2021-06-30T11:07:22.254Z; git: 526006ecfa3af7f1a27ef3a288e2bef7ea9dd7e8; jvm 1.8.0_345-b01
2022-10-03 12:54:02,306 [Listener at 0.0.0.0/43681] INFO  server.session (DefaultSessionIdManager.java:doStart(334)) - DefaultSessionIdManager workerName=node0
2022-10-03 12:54:02,306 [Listener at 0.0.0.0/43681] INFO  server.session (DefaultSessionIdManager.java:doStart(339)) - No SessionScavenger set, using defaults
2022-10-03 12:54:02,308 [Listener at 0.0.0.0/43681] INFO  server.session (HouseKeeper.java:startScavenging(132)) - node0 Scavenging every 600000ms
2022-10-03 12:54:02,319 [Listener at 0.0.0.0/43681] INFO  handler.ContextHandler (ContextHandler.java:doStart(915)) - Started o.e.j.s.ServletContextHandler@12925d2{logs,/logs,file:///home/runner/work/ozone/ozone/hadoop-ozone/integration-test/target/log,AVAILABLE}
2022-10-03 12:54:02,320 [Listener at 0.0.0.0/43681] INFO  handler.ContextHandler (ContextHandler.java:doStart(915)) - Started o.e.j.s.ServletContextHandler@4fea23d6{static,/static,file:///home/runner/work/ozone/ozone/hadoop-ozone/integration-test/target/test-classes/webapps/static,AVAILABLE}
2022-10-03 12:54:02,359 [Listener at 0.0.0.0/43681] INFO  handler.ContextHandler (ContextHandler.java:doStart(915)) - Started o.e.j.w.WebAppContext@278cbf5a{scm,/,file:///home/runner/work/ozone/ozone/hadoop-ozone/integration-test/target/test-classes/webapps/scm/,AVAILABLE}{file:/home/runner/work/ozone/ozone/hadoop-ozone/integration-test/target/test-classes/webapps/scm}
2022-10-03 12:54:02,367 [Listener at 0.0.0.0/43681] INFO  server.AbstractConnector (AbstractConnector.java:doStart(331)) - Started ServerConnector@63614cdd{HTTP/1.1, (http/1.1)}{0.0.0.0:38651}
2022-10-03 12:54:02,367 [Listener at 0.0.0.0/43681] INFO  server.Server (Server.java:doStart(415)) - Started @4379ms
2022-10-03 12:54:02,369 [Listener at 0.0.0.0/43681] INFO  impl.MetricsSinkAdapter (MetricsSinkAdapter.java:start(204)) - Sink prometheus started
2022-10-03 12:54:02,369 [Listener at 0.0.0.0/43681] INFO  impl.MetricsSystemImpl (MetricsSystemImpl.java:registerSink(305)) - Registered sink prometheus
2022-10-03 12:54:02,370 [Listener at 0.0.0.0/43681] INFO  http.BaseHttpServer (BaseHttpServer.java:updateConnectorAddress(333)) - HTTP server of scm listening at http://0.0.0.0:38651
2022-10-03 12:54:02,372 [Listener at 0.0.0.0/43681] WARN  server.ServerUtils (ServerUtils.java:getDBPath(225)) - ozone.om.db.dirs is not configured. We recommend adding this setting. Falling back to ozone.metadata.dirs instead.
2022-10-03 12:54:02,425 [Listener at 0.0.0.0/43681] INFO  audit.AuditLogger (AuditLogger.java:refreshDebugCmdSet(126)) - Refresh DebugCmdSet for OMAudit to [].
2022-10-03 12:54:02,495 [Listener at 0.0.0.0/43681] INFO  ha.OMHANodeDetails (OMHANodeDetails.java:loadOMHAConfig(115)) - ozone.om.internal.service.id is not defined, falling back to ozone.om.service.ids to find serviceID for OzoneManager if it is HA enabled cluster
2022-10-03 12:54:02,499 [Listener at 0.0.0.0/43681] INFO  ha.OMHANodeDetails (OMHANodeDetails.java:loadOMHAConfig(226)) - Configuration does not have ozone.om.address set. Falling back to the default OM address /127.0.0.1:0
2022-10-03 12:54:02,499 [Listener at 0.0.0.0/43681] INFO  ha.OMHANodeDetails (OMHANodeDetails.java:getOMNodeDetailsForNonHA(254)) - OM Service ID is not set. Setting it to the default ID: omServiceIdDefault
2022-10-03 12:54:02,499 [Listener at 0.0.0.0/43681] INFO  ha.OMHANodeDetails (OMHANodeDetails.java:getOMNodeDetailsForNonHA(261)) - OM Node ID is not set. Setting it to the default ID: om1
2022-10-03 12:54:02,503 [Listener at 0.0.0.0/43681] WARN  server.ServerUtils (ServerUtils.java:getDBPath(225)) - ozone.om.db.dirs is not configured. We recommend adding this setting. Falling back to ozone.metadata.dirs instead.
2022-10-03 12:54:02,504 [Listener at 0.0.0.0/43681] INFO  upgrade.AbstractLayoutVersionManager (AbstractLayoutVersionManager.java:init(83)) - Initializing Layout version manager with metadata layout = MULTITENANCY_SCHEMA (version = 3), software layout = MULTITENANCY_SCHEMA (version = 3)
2022-10-03 12:54:02,589 [Listener at 0.0.0.0/43681] INFO  reflections.Reflections (Reflections.java:scan(232)) - Reflections took 79 ms to scan 2 urls, producing 154 keys and 428 values [using 2 cores]
2022-10-03 12:54:02,593 [Listener at 0.0.0.0/43681] INFO  upgrade.OMLayoutVersionManager (OMLayoutVersionManager.java:lambda$0(115)) - Skipping Upgrade Action MockOmUpgradeAction since it has been finalized.
2022-10-03 12:54:02,594 [Listener at 0.0.0.0/43681] WARN  server.ServerUtils (ServerUtils.java:getDBPath(225)) - ozone.om.db.dirs is not configured. We recommend adding this setting. Falling back to ozone.metadata.dirs instead.
2022-10-03 12:54:02,760 [Listener at 0.0.0.0/43681] INFO  proxy.SCMBlockLocationFailoverProxyProvider (SCMBlockLocationFailoverProxyProvider.java:<init>(114)) - Created block location fail-over proxy with 1 nodes: [nodeId=scmNodeId,nodeAddress=/0.0.0.0:40975]
2022-10-03 12:54:02,787 [Listener at 0.0.0.0/43681] INFO  proxy.SCMBlockLocationFailoverProxyProvider (SCMBlockLocationFailoverProxyProvider.java:<init>(114)) - Created block location fail-over proxy with 1 nodes: [nodeId=scmNodeId,nodeAddress=/0.0.0.0:40975]
2022-10-03 12:54:02,987 [Listener at 0.0.0.0/43681] WARN  server.ServerUtils (ServerUtils.java:getDBPath(225)) - ozone.om.db.dirs is not configured. We recommend adding this setting. Falling back to ozone.metadata.dirs instead.
2022-10-03 12:54:02,998 [Listener at 0.0.0.0/43681] INFO  codec.OmKeyInfoCodec (OmKeyInfoCodec.java:<init>(49)) - OmKeyInfoCodec ignorePipeline = true
2022-10-03 12:54:03,006 [Listener at 0.0.0.0/43681] INFO  codec.RepeatedOmKeyInfoCodec (RepeatedOmKeyInfoCodec.java:<init>(41)) - RepeatedOmKeyInfoCodec ignorePipeline = true
2022-10-03 12:54:03,143 [Listener at 0.0.0.0/43681] INFO  om.OzoneManager (OzoneManager.java:instantiateServices(710)) - S3 Multi-Tenancy is disabled
2022-10-03 12:54:03,218 [Listener at 0.0.0.0/43681] INFO  om.OzoneManager (OzoneManager.java:addS3GVolumeToDB(4325)) - Created Volume s3v With Owner runner required for S3Gateway operations.
2022-10-03 12:54:03,277 [Listener at 0.0.0.0/43681] WARN  server.ServerUtils (ServerUtils.java:getDefaultRatisDirectory(237)) - Storage directory for Ratis is not configured. It is a good idea to map this to an SSD disk. Falling back to ozone.metadata.dirs
2022-10-03 12:54:03,278 [Listener at 0.0.0.0/43681] WARN  utils.OzoneManagerRatisUtils (OzoneManagerRatisUtils.java:getOMRatisSnapshotDirectory(434)) - ozone.om.ratis.snapshot.dir is not configured. Falling back to ozone.metadata.dirs config
2022-10-03 12:54:03,297 [Listener at 0.0.0.0/43681] WARN  server.ServerUtils (ServerUtils.java:getDefaultRatisDirectory(237)) - Storage directory for Ratis is not configured. It is a good idea to map this to an SSD disk. Falling back to ozone.metadata.dirs
2022-10-03 12:54:03,322 [Listener at 0.0.0.0/43681] INFO  ratis.OzoneManagerRatisServer (OzoneManagerRatisServer.java:<init>(160)) - Instantiating OM Ratis server with groupID: omServiceIdDefault and peers: localhost:9872
2022-10-03 12:54:03,331 [Listener at 0.0.0.0/43681] INFO  ratis.OzoneManagerStateMachine (OzoneManagerStateMachine.java:loadSnapshotInfoFromDB(632)) - LastAppliedIndex is set from TransactionInfo from OM DB as (t:0, i:~)
2022-10-03 12:54:03,382 [Listener at 0.0.0.0/43681] INFO  server.RaftServer (ConfUtils.java:logGet(46)) - raft.rpc.type = GRPC (default)
2022-10-03 12:54:03,462 [Listener at 0.0.0.0/43681] INFO  grpc.GrpcFactory (GrpcFactory.java:checkPooledByteBufAllocatorUseCacheForAllThreads(48)) - PERFORMANCE WARNING: useCacheForAllThreads is true that may cause Netty to create a lot garbage objects and, as a result, trigger GC.
	It is recommended to disable useCacheForAllThreads by setting -Dorg.apache.ratis.thirdparty.io.netty.allocator.useCacheForAllThreads=false in command line.
2022-10-03 12:54:03,466 [Listener at 0.0.0.0/43681] INFO  grpc.GrpcConfigKeys (ConfUtils.java:logGet(46)) - raft.grpc.admin.port = -1 (default)
2022-10-03 12:54:03,466 [Listener at 0.0.0.0/43681] INFO  grpc.GrpcConfigKeys (ConfUtils.java:logGet(46)) - raft.grpc.server.port = 9872 (custom)
2022-10-03 12:54:03,467 [Listener at 0.0.0.0/43681] INFO  grpc.GrpcConfigKeys (ConfUtils.java:logGet(46)) - raft.grpc.client.port = -1 (default)
2022-10-03 12:54:03,467 [Listener at 0.0.0.0/43681] INFO  grpc.GrpcConfigKeys (ConfUtils.java:logGet(46)) - raft.grpc.server.port = 9872 (custom)
2022-10-03 12:54:03,467 [Listener at 0.0.0.0/43681] INFO  grpc.GrpcConfigKeys (ConfUtils.java:logGet(46)) - raft.grpc.server.port = 9872 (custom)
2022-10-03 12:54:03,468 [Listener at 0.0.0.0/43681] INFO  server.GrpcService (ConfUtils.java:logGet(46)) - raft.grpc.message.size.max = 33554432 (custom)
2022-10-03 12:54:03,469 [Listener at 0.0.0.0/43681] INFO  server.RaftServerConfigKeys (ConfUtils.java:logGet(46)) - raft.server.log.appender.buffer.byte-limit = 33554432 (custom)
2022-10-03 12:54:03,469 [Listener at 0.0.0.0/43681] INFO  server.GrpcService (ConfUtils.java:logGet(46)) - raft.grpc.flow.control.window = 1MB (=1048576) (default)
2022-10-03 12:54:03,470 [Listener at 0.0.0.0/43681] INFO  server.RaftServerConfigKeys (ConfUtils.java:logGet(46)) - raft.server.rpc.request.timeout = 3000ms (default)
2022-10-03 12:54:03,486 [Listener at 0.0.0.0/43681] INFO  grpc.GrpcConfigKeys (ConfUtils.java:logGet(46)) - raft.grpc.server.async.request.thread.pool.cached = true (default)
2022-10-03 12:54:03,487 [Listener at 0.0.0.0/43681] INFO  grpc.GrpcConfigKeys (ConfUtils.java:logGet(46)) - raft.grpc.server.async.request.thread.pool.size = 32 (default)
2022-10-03 12:54:03,766 [Listener at 0.0.0.0/43681] INFO  impl.DataStreamServerImpl (ConfUtils.java:logGet(46)) - raft.datastream.type = DISABLED (default)
2022-10-03 12:54:03,769 [Listener at 0.0.0.0/43681] INFO  server.RaftServerConfigKeys (ConfUtils.java:logGet(46)) - raft.server.threadpool.proxy.cached = true (default)
2022-10-03 12:54:03,770 [Listener at 0.0.0.0/43681] INFO  server.RaftServerConfigKeys (ConfUtils.java:logGet(46)) - raft.server.threadpool.proxy.size = 0 (default)
2022-10-03 12:54:03,770 [Listener at 0.0.0.0/43681] INFO  server.RaftServerConfigKeys (ConfUtils.java:logGet(46)) - raft.server.rpc.slowness.timeout = 120s (custom)
2022-10-03 12:54:03,770 [Listener at 0.0.0.0/43681] INFO  server.RaftServerConfigKeys (ConfUtils.java:logGet(46)) - raft.server.leaderelection.leader.step-down.wait-time = 10s (default)
2022-10-03 12:54:03,773 [Listener at 0.0.0.0/43681] INFO  server.RaftServerConfigKeys (ConfUtils.java:logGet(46)) - raft.server.storage.dir = [/home/runner/work/ozone/ozone/hadoop-ozone/integration-test/target/test-dir/MiniOzoneClusterImpl-b6ae2940-34d7-4a31-919c-df5c2426260d/ozone-meta/ratis] (custom)
2022-10-03 12:54:03,781 [Listener at 0.0.0.0/43681] INFO  server.RaftServer (RaftServerProxy.java:addNew(96)) - om1: addNew group-C5BA1605619E:[om1|rpc:localhost:9872|priority:0] returns group-C5BA1605619E:java.util.concurrent.CompletableFuture@40c0937f[Not completed]
2022-10-03 12:54:03,782 [Listener at 0.0.0.0/43681] INFO  om.OzoneManager (OzoneManager.java:initializeRatisServer(1977)) - OzoneManager Ratis server initialized at port 9872
2022-10-03 12:54:03,796 [Listener at 0.0.0.0/43681] INFO  om.OzoneManager (OzoneManager.java:getRpcServer(1100)) - Creating RPC Server
2022-10-03 12:54:03,836 [pool-55-thread-1] INFO  server.RaftServer$Division (RaftServerImpl.java:<init>(190)) - om1: new RaftServerImpl for group-C5BA1605619E:[om1|rpc:localhost:9872|priority:0] with OzoneManagerStateMachine:uninitialized
2022-10-03 12:54:03,838 [pool-55-thread-1] INFO  server.RaftServerConfigKeys (ConfUtils.java:logGet(46)) - raft.server.rpc.timeout.min = 1s (custom)
2022-10-03 12:54:03,841 [pool-55-thread-1] INFO  server.RaftServerConfigKeys (ConfUtils.java:logGet(46)) - raft.server.rpc.timeout.max = 1200ms (custom)
2022-10-03 12:54:03,841 [pool-55-thread-1] INFO  server.RaftServerConfigKeys (ConfUtils.java:logGet(46)) - raft.server.rpc.sleep.time = 25ms (default)
2022-10-03 12:54:03,841 [pool-55-thread-1] INFO  server.RaftServerConfigKeys (ConfUtils.java:logGet(46)) - raft.server.rpc.slowness.timeout = 120s (custom)
2022-10-03 12:54:03,842 [pool-55-thread-1] INFO  server.RaftServerConfigKeys (ConfUtils.java:logGet(46)) - raft.server.leaderelection.leader.step-down.wait-time = 10s (default)
2022-10-03 12:54:03,842 [pool-55-thread-1] INFO  server.RaftServerConfigKeys (ConfUtils.java:logGet(46)) - raft.server.sleep.deviation.threshold = 300ms (default)
2022-10-03 12:54:03,849 [pool-55-thread-1] INFO  server.RaftServer$Division (ServerState.java:<init>(107)) - om1@group-C5BA1605619E: ConfigurationManager, init=-1: [om1|rpc:localhost:9872|priority:0], old=null, confs=<EMPTY_MAP>
2022-10-03 12:54:03,849 [pool-55-thread-1] INFO  server.RaftServerConfigKeys (ConfUtils.java:logGet(46)) - raft.server.storage.dir = [/home/runner/work/ozone/ozone/hadoop-ozone/integration-test/target/test-dir/MiniOzoneClusterImpl-b6ae2940-34d7-4a31-919c-df5c2426260d/ozone-meta/ratis] (custom)
2022-10-03 12:54:03,853 [pool-55-thread-1] INFO  server.RaftServerConfigKeys (ConfUtils.java:logGet(46)) - raft.server.log.corruption.policy = EXCEPTION (default)
2022-10-03 12:54:03,853 [pool-55-thread-1] INFO  server.RaftServerConfigKeys (ConfUtils.java:logGet(46)) - raft.server.storage.free-space.min = 0MB (=0) (default)
2022-10-03 12:54:03,855 [pool-55-thread-1] INFO  storage.RaftStorageDirectory (RaftStorageDirectoryImpl.java:analyzeStorage(135)) - The storage directory /home/runner/work/ozone/ozone/hadoop-ozone/integration-test/target/test-dir/MiniOzoneClusterImpl-b6ae2940-34d7-4a31-919c-df5c2426260d/ozone-meta/ratis/bf265839-605b-3f16-9796-c5ba1605619e does not exist. Creating ...
2022-10-03 12:54:03,859 [pool-55-thread-1] INFO  storage.RaftStorageDirectory (RaftStorageDirectoryImpl.java:tryLock(230)) - Lock on /home/runner/work/ozone/ozone/hadoop-ozone/integration-test/target/test-dir/MiniOzoneClusterImpl-b6ae2940-34d7-4a31-919c-df5c2426260d/ozone-meta/ratis/bf265839-605b-3f16-9796-c5ba1605619e/in_use.lock acquired by nodename 2263@fv-az443-503
2022-10-03 12:54:03,865 [pool-55-thread-1] INFO  storage.RaftStorage (RaftStorageImpl.java:format(89)) - Storage directory /home/runner/work/ozone/ozone/hadoop-ozone/integration-test/target/test-dir/MiniOzoneClusterImpl-b6ae2940-34d7-4a31-919c-df5c2426260d/ozone-meta/ratis/bf265839-605b-3f16-9796-c5ba1605619e has been successfully formatted.
2022-10-03 12:54:03,867 [pool-55-thread-1] INFO  server.RaftServerConfigKeys (ConfUtils.java:logGet(46)) - raft.server.notification.no-leader.timeout = 120s (custom)
2022-10-03 12:54:03,869 [pool-55-thread-1] INFO  server.RaftServerConfigKeys (ConfUtils.java:logGet(46)) - raft.server.log.use.memory = false (default)
2022-10-03 12:54:03,878 [pool-55-thread-1] INFO  server.RaftServerConfigKeys (ConfUtils.java:logGet(46)) - raft.server.log.purge.gap = 1000000 (custom)
2022-10-03 12:54:03,878 [pool-55-thread-1] INFO  server.RaftServerConfigKeys (ConfUtils.java:logGet(46)) - raft.server.log.appender.buffer.byte-limit = 33554432 (custom)
2022-10-03 12:54:03,880 [pool-55-thread-1] INFO  server.RaftServerConfigKeys (ConfUtils.java:logGet(46)) - raft.server.log.statemachine.data.read.timeout = 1000ms (default)
2022-10-03 12:54:03,899 [pool-55-thread-1] INFO  server.RaftServerConfigKeys (ConfUtils.java:logGet(46)) - raft.server.log.segment.size.max = 4194304 (custom)
2022-10-03 12:54:03,921 [pool-55-thread-1] INFO  server.RaftServerConfigKeys (ConfUtils.java:logGet(46)) - raft.server.log.segment.cache.num.max = 2 (custom)
2022-10-03 12:54:03,926 [pool-55-thread-1] INFO  server.RaftServerConfigKeys (ConfUtils.java:logGet(46)) - raft.server.log.segment.cache.size.max = 200MB (=209715200) (default)
2022-10-03 12:54:03,942 [pool-55-thread-1] INFO  segmented.SegmentedRaftLogWorker (SegmentedRaftLogWorker.java:<init>(187)) - new om1@group-C5BA1605619E-SegmentedRaftLogWorker for RaftStorageImpl:Storage Directory /home/runner/work/ozone/ozone/hadoop-ozone/integration-test/target/test-dir/MiniOzoneClusterImpl-b6ae2940-34d7-4a31-919c-df5c2426260d/ozone-meta/ratis/bf265839-605b-3f16-9796-c5ba1605619e
2022-10-03 12:54:03,942 [pool-55-thread-1] INFO  server.RaftServerConfigKeys (ConfUtils.java:logGet(46)) - raft.server.log.queue.byte-limit = 64MB (=67108864) (default)
2022-10-03 12:54:03,942 [pool-55-thread-1] INFO  server.RaftServerConfigKeys (ConfUtils.java:logGet(46)) - raft.server.log.queue.element-limit = 4096 (default)
2022-10-03 12:54:03,943 [pool-55-thread-1] INFO  server.RaftServerConfigKeys (ConfUtils.java:logGet(46)) - raft.server.log.segment.size.max = 4194304 (custom)
2022-10-03 12:54:03,944 [pool-55-thread-1] INFO  server.RaftServerConfigKeys (ConfUtils.java:logGet(46)) - raft.server.log.preallocated.size = 4194304 (custom)
2022-10-03 12:54:03,944 [pool-55-thread-1] INFO  server.RaftServerConfigKeys (ConfUtils.java:logGet(46)) - raft.server.log.force.sync.num = 128 (default)
2022-10-03 12:54:03,960 [pool-55-thread-1] INFO  server.RaftServerConfigKeys (ConfUtils.java:logGet(46)) - raft.server.log.statemachine.data.sync = true (default)
2022-10-03 12:54:03,961 [pool-55-thread-1] INFO  server.RaftServerConfigKeys (ConfUtils.java:logGet(46)) - raft.server.log.statemachine.data.sync.timeout = 10s (default)
2022-10-03 12:54:03,961 [pool-55-thread-1] INFO  server.RaftServerConfigKeys (ConfUtils.java:logGet(46)) - raft.server.log.statemachine.data.sync.timeout.retry = -1 (default)
2022-10-03 12:54:03,993 [pool-55-thread-1] INFO  server.RaftServerConfigKeys (ConfUtils.java:logGet(46)) - raft.server.log.write.buffer.size = 64KB (=65536) (default)
2022-10-03 12:54:03,993 [pool-55-thread-1] INFO  server.RaftServerConfigKeys (ConfUtils.java:logGet(46)) - raft.server.log.unsafe-flush.enabled = false (default)
2022-10-03 12:54:03,994 [pool-55-thread-1] INFO  server.RaftServerConfigKeys (ConfUtils.java:logGet(46)) - raft.server.log.statemachine.data.caching.enabled = false (default)
2022-10-03 12:54:04,010 [pool-55-thread-1] INFO  segmented.SegmentedRaftLogWorker (SegmentedRaftLogWorker.java:lambda$new$0(135)) - om1@group-C5BA1605619E-SegmentedRaftLogWorker: flushIndex: setUnconditionally 0 -> -1
2022-10-03 12:54:04,010 [pool-55-thread-1] INFO  segmented.SegmentedRaftLogWorker (SegmentedRaftLogWorker.java:lambda$new$0(135)) - om1@group-C5BA1605619E-SegmentedRaftLogWorker: safeCacheEvictIndex: setUnconditionally 0 -> -1
2022-10-03 12:54:04,019 [pool-55-thread-1] INFO  server.RaftServerConfigKeys (ConfUtils.java:logGet(46)) - raft.server.snapshot.auto.trigger.enabled = true (custom)
2022-10-03 12:54:04,019 [pool-55-thread-1] INFO  server.RaftServerConfigKeys (ConfUtils.java:logGet(46)) - raft.server.snapshot.auto.trigger.threshold = 400000 (default)
2022-10-03 12:54:04,020 [pool-55-thread-1] INFO  server.RaftServerConfigKeys (ConfUtils.java:logGet(46)) - raft.server.snapshot.retention.file.num = -1 (default)
2022-10-03 12:54:04,020 [pool-55-thread-1] INFO  server.RaftServerConfigKeys (ConfUtils.java:logGet(46)) - raft.server.log.purge.upto.snapshot.index = true (custom)
2022-10-03 12:54:04,022 [pool-55-thread-1] INFO  server.RaftServerConfigKeys (ConfUtils.java:logGet(46)) - raft.server.retrycache.expirytime = 300s (custom)
2022-10-03 12:54:04,023 [pool-55-thread-1] INFO  server.RaftServerConfigKeys (ConfUtils.java:logGet(46)) - raft.server.retrycache.statistics.expirytime = 100μs (default)
2022-10-03 12:54:04,132 [pool-55-thread-1] INFO  server.RaftServerConfigKeys (ConfUtils.java:logGet(46)) - raft.server.log.appender.install.snapshot.enabled = false (custom)
2022-10-03 12:54:04,133 [pool-55-thread-1] INFO  server.RaftServerConfigKeys (ConfUtils.java:logGet(46)) - raft.server.threadpool.server.cached = true (default)
2022-10-03 12:54:04,133 [pool-55-thread-1] INFO  server.RaftServerConfigKeys (ConfUtils.java:logGet(46)) - raft.server.threadpool.server.size = 0 (default)
2022-10-03 12:54:04,133 [pool-55-thread-1] INFO  server.RaftServerConfigKeys (ConfUtils.java:logGet(46)) - raft.server.threadpool.client.cached = true (default)
2022-10-03 12:54:04,134 [pool-55-thread-1] INFO  server.RaftServerConfigKeys (ConfUtils.java:logGet(46)) - raft.server.threadpool.client.size = 0 (default)
2022-10-03 12:54:04,607 [Listener at 0.0.0.0/43681] INFO  reflections.Reflections (Reflections.java:scan(232)) - Reflections took 710 ms to scan 19 urls, producing 67 keys and 4220 values [using 2 cores]
2022-10-03 12:54:04,767 [Listener at 0.0.0.0/43681] INFO  ipc.CallQueueManager (CallQueueManager.java:<init>(90)) - Using callQueue: class java.util.concurrent.LinkedBlockingQueue, queueCapacity: 2000, scheduler: class org.apache.hadoop.ipc.DefaultRpcScheduler, ipcBackoff: false.
2022-10-03 12:54:04,768 [Socket Reader #1 for port 0] INFO  ipc.Server (Server.java:run(1265)) - Starting Socket Reader #1 for port 0
2022-10-03 12:54:04,798 [Listener at 127.0.0.1/36971] INFO  impl.MetricsSystemImpl (MetricsSystemImpl.java:init(158)) - OzoneManager metrics system started (again)
2022-10-03 12:54:04,809 [Listener at 127.0.0.1/36971] INFO  om.OzoneManager (OzoneManager.java:start(1484)) - OzoneManager RPC server is listening at localhost/127.0.0.1:36971
2022-10-03 12:54:04,809 [Listener at 127.0.0.1/36971] INFO  ratis.OzoneManagerRatisServer (OzoneManagerRatisServer.java:start(555)) - Starting OzoneManagerRatisServer om1 at port 9872
2022-10-03 12:54:04,812 [om1-impl-thread1] INFO  server.RaftServer$Division (RaftServerImpl.java:start(310)) - om1@group-C5BA1605619E: start as a follower, conf=-1: [om1|rpc:localhost:9872|priority:0], old=null
2022-10-03 12:54:04,812 [om1-impl-thread1] INFO  server.RaftServer$Division (RaftServerImpl.java:setRole(299)) - om1@group-C5BA1605619E: changes role from      null to FOLLOWER at term 0 for startAsFollower
2022-10-03 12:54:04,813 [om1-impl-thread1] INFO  impl.RoleInfo (RoleInfo.java:updateAndGet(139)) - om1: start om1@group-C5BA1605619E-FollowerState
2022-10-03 12:54:04,816 [om1-impl-thread1] INFO  util.JmxRegister (JmxRegister.java:tryRegister(44)) - Successfully registered JMX Bean with object name Ratis:service=RaftServer,group=group-C5BA1605619E,id=om1
2022-10-03 12:54:04,823 [Listener at 127.0.0.1/36971] INFO  server.RaftServer (RaftServerProxy.java:lambda$start$6(382)) - om1: start RPC server
2022-10-03 12:54:04,878 [Listener at 127.0.0.1/36971] INFO  server.GrpcService (GrpcService.java:startImpl(260)) - om1: GrpcService started, listening on 9872
2022-10-03 12:54:04,879 [Listener at 127.0.0.1/36971] INFO  om.OzoneManager (OzoneManager.java:start(1500)) - Version File has different layout version (3) than OM DB (null). That is expected if this OM has never been finalized to a newer layout version.
2022-10-03 12:54:04,882 [org.apache.ratis.util.JvmPauseMonitor$$Lambda$685/536859976@5bfe65df] INFO  util.JvmPauseMonitor (JvmPauseMonitor.java:run(103)) - JvmPauseMonitor-om1: Started
2022-10-03 12:54:04,893 [Listener at 127.0.0.1/36971] INFO  http.BaseHttpServer (BaseHttpServer.java:newHttpServer2BuilderForOzone(213)) - Starting Web-server for ozoneManager at: http://0.0.0.0:0
2022-10-03 12:54:04,894 [Listener at 127.0.0.1/36971] INFO  http.BaseHttpServer (BaseHttpServer.java:<init>(108)) - Hadoop Security Enabled: false Ozone Security Enabled: false Ozone HTTP Security Enabled: false 
2022-10-03 12:54:04,895 [Listener at 127.0.0.1/36971] INFO  server.AuthenticationFilter (AuthenticationFilter.java:constructSecretProvider(240)) - Unable to initialize FileSignerSecretProvider, falling back to use random secrets.
2022-10-03 12:54:04,895 [Listener at 127.0.0.1/36971] WARN  http.HttpRequestLog (HttpRequestLog.java:getRequestLog(103)) - Jetty request log can only be enabled using Log4j
2022-10-03 12:54:04,897 [Listener at 127.0.0.1/36971] INFO  http.HttpServer2 (HttpServer2.java:addGlobalFilter(1029)) - Added global filter 'safety' (class=org.apache.hadoop.hdds.server.http.HttpServer2$QuotingInputFilter)
2022-10-03 12:54:04,898 [Listener at 127.0.0.1/36971] INFO  http.HttpServer2 (HttpServer2.java:addFilter(1005)) - Added filter static_user_filter (class=org.apache.hadoop.http.lib.StaticUserWebFilter$StaticUserFilter) to context ozoneManager
2022-10-03 12:54:04,898 [Listener at 127.0.0.1/36971] INFO  http.HttpServer2 (HttpServer2.java:addFilter(1013)) - Added filter static_user_filter (class=org.apache.hadoop.http.lib.StaticUserWebFilter$StaticUserFilter) to context static
2022-10-03 12:54:04,898 [Listener at 127.0.0.1/36971] INFO  http.HttpServer2 (HttpServer2.java:addFilter(1013)) - Added filter static_user_filter (class=org.apache.hadoop.http.lib.StaticUserWebFilter$StaticUserFilter) to context logs
2022-10-03 12:54:04,900 [Listener at 127.0.0.1/36971] INFO  http.HttpServer2 (HttpServer2.java:bindListener(1248)) - Jetty bound to port 41897
2022-10-03 12:54:04,900 [Listener at 127.0.0.1/36971] INFO  server.Server (Server.java:doStart(375)) - jetty-9.4.43.v20210629; built: 2021-06-30T11:07:22.254Z; git: 526006ecfa3af7f1a27ef3a288e2bef7ea9dd7e8; jvm 1.8.0_345-b01
2022-10-03 12:54:04,904 [Listener at 127.0.0.1/36971] INFO  server.session (DefaultSessionIdManager.java:doStart(334)) - DefaultSessionIdManager workerName=node0
2022-10-03 12:54:04,904 [Listener at 127.0.0.1/36971] INFO  server.session (DefaultSessionIdManager.java:doStart(339)) - No SessionScavenger set, using defaults
2022-10-03 12:54:04,904 [Listener at 127.0.0.1/36971] INFO  server.session (HouseKeeper.java:startScavenging(132)) - node0 Scavenging every 660000ms
2022-10-03 12:54:04,907 [Listener at 127.0.0.1/36971] INFO  handler.ContextHandler (ContextHandler.java:doStart(915)) - Started o.e.j.s.ServletContextHandler@3248a82c{logs,/logs,file:///home/runner/work/ozone/ozone/hadoop-ozone/integration-test/target/log,AVAILABLE}
2022-10-03 12:54:04,908 [Listener at 127.0.0.1/36971] INFO  handler.ContextHandler (ContextHandler.java:doStart(915)) - Started o.e.j.s.ServletContextHandler@722dd1df{static,/static,file:///home/runner/work/ozone/ozone/hadoop-ozone/integration-test/target/test-classes/webapps/static,AVAILABLE}
2022-10-03 12:54:04,913 [Listener at 127.0.0.1/36971] INFO  handler.ContextHandler (ContextHandler.java:doStart(915)) - Started o.e.j.w.WebAppContext@53416190{ozoneManager,/,file:///home/runner/work/ozone/ozone/hadoop-ozone/integration-test/target/test-classes/webapps/ozoneManager/,AVAILABLE}{file:/home/runner/work/ozone/ozone/hadoop-ozone/integration-test/target/test-classes/webapps/ozoneManager}
2022-10-03 12:54:04,921 [Listener at 127.0.0.1/36971] INFO  server.AbstractConnector (AbstractConnector.java:doStart(331)) - Started ServerConnector@4aecb548{HTTP/1.1, (http/1.1)}{0.0.0.0:41897}
2022-10-03 12:54:04,921 [Listener at 127.0.0.1/36971] INFO  server.Server (Server.java:doStart(415)) - Started @6933ms
2022-10-03 12:54:04,921 [Listener at 127.0.0.1/36971] WARN  impl.MetricsSystemImpl (MetricsSystemImpl.java:register(279)) - Sink prometheus already exists!
2022-10-03 12:54:04,936 [Listener at 127.0.0.1/36971] INFO  http.BaseHttpServer (BaseHttpServer.java:updateConnectorAddress(333)) - HTTP server of ozoneManager listening at http://0.0.0.0:41897
2022-10-03 12:54:04,937 [IPC Server Responder] INFO  ipc.Server (Server.java:run(1507)) - IPC Server Responder: starting
2022-10-03 12:54:04,939 [IPC Server listener on 0] INFO  ipc.Server (Server.java:run(1344)) - IPC Server listener on 0: starting
2022-10-03 12:54:04,945 [Listener at 127.0.0.1/36971] INFO  om.OzoneManager (OzoneManager.java:startTrashEmptier(1921)) - Trash Interval set to 0. Files deleted won't move to trash
2022-10-03 12:54:04,947 [org.apache.hadoop.util.JvmPauseMonitor$Monitor@4bcaa38c] INFO  util.JvmPauseMonitor (JvmPauseMonitor.java:run(188)) - Starting JVM pause monitor
2022-10-03 12:54:05,077 [Listener at 127.0.0.1/36971] WARN  impl.MetricRegistriesImpl (MetricRegistriesImpl.java:addReporterRegistration(111)) - New reporters are added after registries were created. Some metrics will be missing from the reporter. Please add reporter before adding any new registry.
2022-10-03 12:54:05,078 [Listener at 127.0.0.1/36971] WARN  impl.MetricRegistriesImpl (MetricRegistriesImpl.java:addReporterRegistration(111)) - New reporters are added after registries were created. Some metrics will be missing from the reporter. Please add reporter before adding any new registry.
2022-10-03 12:54:05,078 [Listener at 127.0.0.1/36971] INFO  impl.MetricsSystemImpl (MetricsSystemImpl.java:init(158)) - HddsDatanode metrics system started (again)
2022-10-03 12:54:05,093 [Listener at 127.0.0.1/36971] INFO  ozone.HddsDatanodeService (HddsDatanodeService.java:start(236)) - HddsDatanodeService host:fv-az443-503.ap2fcshprsnunfx25e1aelzb4b.cx.internal.cloudapp.net ip:10.1.0.147
2022-10-03 12:54:05,118 [Listener at 127.0.0.1/36971] INFO  upgrade.AbstractLayoutVersionManager (AbstractLayoutVersionManager.java:init(83)) - Initializing Layout version manager with metadata layout = DATANODE_SCHEMA_V3 (version = 4), software layout = DATANODE_SCHEMA_V3 (version = 4)
2022-10-03 12:54:05,160 [Listener at 127.0.0.1/36971] INFO  reflections.Reflections (Reflections.java:scan(232)) - Reflections took 41 ms to scan 7 urls, producing 135 keys and 327 values 
2022-10-03 12:54:05,164 [Listener at 127.0.0.1/36971] INFO  statemachine.DatanodeStateMachine (DatanodeStateMachine.java:getEndPointTaskThreadPoolSize(237)) - Datanode State Machine Task Thread Pool size 2
2022-10-03 12:54:05,215 [Listener at 127.0.0.1/36971] INFO  volume.HddsVolume (HddsVolume.java:<init>(117)) - Creating HddsVolume: /home/runner/work/ozone/ozone/hadoop-ozone/integration-test/target/test-dir/MiniOzoneClusterImpl-b6ae2940-34d7-4a31-919c-df5c2426260d/datanode-0/data-0/containers/hdds of storage type : DISK capacity : 9223372036854775807
2022-10-03 12:54:05,217 [Listener at 127.0.0.1/36971] INFO  volume.MutableVolumeSet (MutableVolumeSet.java:initializeVolumeSet(174)) - Added Volume : /home/runner/work/ozone/ozone/hadoop-ozone/integration-test/target/test-dir/MiniOzoneClusterImpl-b6ae2940-34d7-4a31-919c-df5c2426260d/datanode-0/data-0/containers/hdds to VolumeSet
2022-10-03 12:54:05,218 [Listener at 127.0.0.1/36971] INFO  volume.ThrottledAsyncChecker (ThrottledAsyncChecker.java:schedule(141)) - Scheduling a check for /home/runner/work/ozone/ozone/hadoop-ozone/integration-test/target/test-dir/MiniOzoneClusterImpl-b6ae2940-34d7-4a31-919c-df5c2426260d/datanode-0/data-0/containers/hdds
2022-10-03 12:54:05,238 [Listener at 127.0.0.1/36971] INFO  volume.StorageVolumeChecker (StorageVolumeChecker.java:checkAllVolumes(202)) - Scheduled health check for volume /home/runner/work/ozone/ozone/hadoop-ozone/integration-test/target/test-dir/MiniOzoneClusterImpl-b6ae2940-34d7-4a31-919c-df5c2426260d/datanode-0/data-0/containers/hdds
2022-10-03 12:54:05,254 [Listener at 127.0.0.1/36971] INFO  volume.MutableVolumeSet (MutableVolumeSet.java:initializeVolumeSet(174)) - Added Volume : /home/runner/work/ozone/ozone/hadoop-ozone/integration-test/target/test-dir/MiniOzoneClusterImpl-b6ae2940-34d7-4a31-919c-df5c2426260d/datanode-0/data/ratis to VolumeSet
2022-10-03 12:54:05,254 [Listener at 127.0.0.1/36971] INFO  volume.ThrottledAsyncChecker (ThrottledAsyncChecker.java:schedule(141)) - Scheduling a check for /home/runner/work/ozone/ozone/hadoop-ozone/integration-test/target/test-dir/MiniOzoneClusterImpl-b6ae2940-34d7-4a31-919c-df5c2426260d/datanode-0/data/ratis
2022-10-03 12:54:05,254 [Listener at 127.0.0.1/36971] INFO  volume.StorageVolumeChecker (StorageVolumeChecker.java:checkAllVolumes(202)) - Scheduled health check for volume /home/runner/work/ozone/ozone/hadoop-ozone/integration-test/target/test-dir/MiniOzoneClusterImpl-b6ae2940-34d7-4a31-919c-df5c2426260d/datanode-0/data/ratis
2022-10-03 12:54:05,276 [Thread-136] INFO  ozoneimpl.ContainerReader (ContainerReader.java:readVolume(175)) - Finish verifying containers on volume /home/runner/work/ozone/ozone/hadoop-ozone/integration-test/target/test-dir/MiniOzoneClusterImpl-b6ae2940-34d7-4a31-919c-df5c2426260d/datanode-0/data-0/containers/hdds
2022-10-03 12:54:05,276 [Listener at 127.0.0.1/36971] INFO  ozoneimpl.OzoneContainer (OzoneContainer.java:buildContainerSet(300)) - Build ContainerSet costs 0s
2022-10-03 12:54:05,319 [Listener at 127.0.0.1/36971] INFO  audit.AuditLogger (AuditLogger.java:refreshDebugCmdSet(126)) - Refresh DebugCmdSet for DNAudit to [].
2022-10-03 12:54:05,346 [Listener at 127.0.0.1/36971] INFO  server.RaftServer (ConfUtils.java:logGet(46)) - raft.rpc.type = GRPC (default)
2022-10-03 12:54:05,347 [Listener at 127.0.0.1/36971] INFO  grpc.GrpcFactory (GrpcFactory.java:checkPooledByteBufAllocatorUseCacheForAllThreads(48)) - PERFORMANCE WARNING: useCacheForAllThreads is true that may cause Netty to create a lot garbage objects and, as a result, trigger GC.
	It is recommended to disable useCacheForAllThreads by setting -Dorg.apache.ratis.thirdparty.io.netty.allocator.useCacheForAllThreads=false in command line.
2022-10-03 12:54:05,347 [Listener at 127.0.0.1/36971] INFO  grpc.GrpcConfigKeys (ConfUtils.java:logGet(46)) - raft.grpc.admin.port = 0 (custom)
2022-10-03 12:54:05,347 [Listener at 127.0.0.1/36971] INFO  grpc.GrpcConfigKeys (ConfUtils.java:logGet(46)) - raft.grpc.client.port = 0 (custom)
2022-10-03 12:54:05,347 [Listener at 127.0.0.1/36971] INFO  grpc.GrpcConfigKeys (ConfUtils.java:logGet(46)) - raft.grpc.server.port = 0 (default)
2022-10-03 12:54:05,347 [Listener at 127.0.0.1/36971] INFO  server.GrpcService (ConfUtils.java:logGet(46)) - raft.grpc.message.size.max = 32MB (=33554432) (custom)
2022-10-03 12:54:05,347 [Listener at 127.0.0.1/36971] INFO  server.RaftServerConfigKeys (ConfUtils.java:logGet(46)) - raft.server.log.appender.buffer.byte-limit = 33554432 (custom)
2022-10-03 12:54:05,348 [Listener at 127.0.0.1/36971] INFO  server.GrpcService (ConfUtils.java:logGet(46)) - raft.grpc.flow.control.window = 5MB (=5242880) (custom)
2022-10-03 12:54:05,348 [Listener at 127.0.0.1/36971] INFO  server.RaftServerConfigKeys (ConfUtils.java:logGet(46)) - raft.server.rpc.request.timeout = 60s (custom)
2022-10-03 12:54:05,348 [Listener at 127.0.0.1/36971] INFO  grpc.GrpcConfigKeys (ConfUtils.java:logGet(46)) - raft.grpc.server.async.request.thread.pool.cached = true (default)
2022-10-03 12:54:05,348 [Listener at 127.0.0.1/36971] INFO  grpc.GrpcConfigKeys (ConfUtils.java:logGet(46)) - raft.grpc.server.async.request.thread.pool.size = 32 (default)
2022-10-03 12:54:05,349 [Listener at 127.0.0.1/36971] INFO  impl.DataStreamServerImpl (ConfUtils.java:logGet(46)) - raft.datastream.type = DISABLED (default)
2022-10-03 12:54:05,349 [Listener at 127.0.0.1/36971] INFO  server.RaftServerConfigKeys (ConfUtils.java:logGet(46)) - raft.server.threadpool.proxy.cached = true (default)
2022-10-03 12:54:05,350 [Listener at 127.0.0.1/36971] INFO  server.RaftServerConfigKeys (ConfUtils.java:logGet(46)) - raft.server.threadpool.proxy.size = 0 (default)
2022-10-03 12:54:05,350 [Listener at 127.0.0.1/36971] INFO  server.RaftServerConfigKeys (ConfUtils.java:logGet(46)) - raft.server.rpc.slowness.timeout = 300s (custom)
2022-10-03 12:54:05,350 [Listener at 127.0.0.1/36971] INFO  server.RaftServerConfigKeys (ConfUtils.java:logGet(46)) - raft.server.leaderelection.leader.step-down.wait-time = 10s (default)
2022-10-03 12:54:05,350 [Listener at 127.0.0.1/36971] INFO  server.RaftServerConfigKeys (ConfUtils.java:logGet(46)) - raft.server.storage.dir = [/home/runner/work/ozone/ozone/hadoop-ozone/integration-test/target/test-dir/MiniOzoneClusterImpl-b6ae2940-34d7-4a31-919c-df5c2426260d/datanode-0/data/ratis] (custom)
2022-10-03 12:54:05,371 [Listener at 127.0.0.1/36971] INFO  server.XceiverServerGrpc (XceiverServerGrpc.java:<init>(132)) - GrpcServer channel type EpollServerSocketChannel
2022-10-03 12:54:05,433 [Listener at 127.0.0.1/36971] INFO  http.BaseHttpServer (BaseHttpServer.java:newHttpServer2BuilderForOzone(213)) - Starting Web-server for hddsDatanode at: http://0.0.0.0:0
2022-10-03 12:54:05,433 [Listener at 127.0.0.1/36971] INFO  http.BaseHttpServer (BaseHttpServer.java:<init>(108)) - Hadoop Security Enabled: false Ozone Security Enabled: false Ozone HTTP Security Enabled: false 
2022-10-03 12:54:05,435 [Listener at 127.0.0.1/36971] INFO  server.AuthenticationFilter (AuthenticationFilter.java:constructSecretProvider(240)) - Unable to initialize FileSignerSecretProvider, falling back to use random secrets.
2022-10-03 12:54:05,439 [Listener at 127.0.0.1/36971] WARN  http.HttpRequestLog (HttpRequestLog.java:getRequestLog(103)) - Jetty request log can only be enabled using Log4j
2022-10-03 12:54:05,441 [Listener at 127.0.0.1/36971] INFO  http.HttpServer2 (HttpServer2.java:addGlobalFilter(1029)) - Added global filter 'safety' (class=org.apache.hadoop.hdds.server.http.HttpServer2$QuotingInputFilter)
2022-10-03 12:54:05,442 [Listener at 127.0.0.1/36971] INFO  http.HttpServer2 (HttpServer2.java:addFilter(1005)) - Added filter static_user_filter (class=org.apache.hadoop.http.lib.StaticUserWebFilter$StaticUserFilter) to context hddsDatanode
2022-10-03 12:54:05,443 [Listener at 127.0.0.1/36971] INFO  http.HttpServer2 (HttpServer2.java:addFilter(1013)) - Added filter static_user_filter (class=org.apache.hadoop.http.lib.StaticUserWebFilter$StaticUserFilter) to context logs
2022-10-03 12:54:05,443 [Listener at 127.0.0.1/36971] INFO  http.HttpServer2 (HttpServer2.java:addFilter(1013)) - Added filter static_user_filter (class=org.apache.hadoop.http.lib.StaticUserWebFilter$StaticUserFilter) to context static
2022-10-03 12:54:05,443 [Listener at 127.0.0.1/36971] INFO  http.HttpServer2 (HttpServer2.java:bindListener(1248)) - Jetty bound to port 41617
2022-10-03 12:54:05,444 [Listener at 127.0.0.1/36971] INFO  server.Server (Server.java:doStart(375)) - jetty-9.4.43.v20210629; built: 2021-06-30T11:07:22.254Z; git: 526006ecfa3af7f1a27ef3a288e2bef7ea9dd7e8; jvm 1.8.0_345-b01
2022-10-03 12:54:05,450 [Listener at 127.0.0.1/36971] INFO  server.session (DefaultSessionIdManager.java:doStart(334)) - DefaultSessionIdManager workerName=node0
2022-10-03 12:54:05,450 [Listener at 127.0.0.1/36971] INFO  server.session (DefaultSessionIdManager.java:doStart(339)) - No SessionScavenger set, using defaults
2022-10-03 12:54:05,451 [Listener at 127.0.0.1/36971] INFO  server.session (HouseKeeper.java:startScavenging(132)) - node0 Scavenging every 660000ms
2022-10-03 12:54:05,451 [Listener at 127.0.0.1/36971] INFO  handler.ContextHandler (ContextHandler.java:doStart(915)) - Started o.e.j.s.ServletContextHandler@2d9b7ff9{logs,/logs,file:///home/runner/work/ozone/ozone/hadoop-ozone/integration-test/target/log,AVAILABLE}
2022-10-03 12:54:05,452 [Listener at 127.0.0.1/36971] INFO  handler.ContextHandler (ContextHandler.java:doStart(915)) - Started o.e.j.s.ServletContextHandler@d2bca33{static,/static,jar:file:/home/runner/.m2/repository/org/apache/ozone/hdds-container-service/1.3.0-SNAPSHOT/hdds-container-service-1.3.0-SNAPSHOT.jar!/webapps/static,AVAILABLE}
2022-10-03 12:54:05,645 [Listener at 127.0.0.1/36971] INFO  handler.ContextHandler (ContextHandler.java:doStart(915)) - Started o.e.j.w.WebAppContext@43491b7e{hddsDatanode,/,file:///tmp/jetty-0_0_0_0-41617-hdds-container-service-1_3_0-SNAPSHOT_jar-_-any-8540256967048460596/webapp/,AVAILABLE}{jar:file:/home/runner/.m2/repository/org/apache/ozone/hdds-container-service/1.3.0-SNAPSHOT/hdds-container-service-1.3.0-SNAPSHOT.jar!/webapps/hddsDatanode}
2022-10-03 12:54:05,647 [Listener at 127.0.0.1/36971] INFO  server.AbstractConnector (AbstractConnector.java:doStart(331)) - Started ServerConnector@1a8eed09{HTTP/1.1, (http/1.1)}{0.0.0.0:41617}
2022-10-03 12:54:05,647 [Listener at 127.0.0.1/36971] INFO  server.Server (Server.java:doStart(415)) - Started @7659ms
2022-10-03 12:54:05,647 [Listener at 127.0.0.1/36971] WARN  impl.MetricsSystemImpl (MetricsSystemImpl.java:register(279)) - Sink prometheus already exists!
2022-10-03 12:54:05,648 [Listener at 127.0.0.1/36971] INFO  http.BaseHttpServer (BaseHttpServer.java:updateConnectorAddress(333)) - HTTP server of hddsDatanode listening at http://0.0.0.0:41617
2022-10-03 12:54:05,649 [Listener at 127.0.0.1/36971] WARN  impl.MetricRegistriesImpl (MetricRegistriesImpl.java:addReporterRegistration(111)) - New reporters are added after registries were created. Some metrics will be missing from the reporter. Please add reporter before adding any new registry.
2022-10-03 12:54:05,650 [Listener at 127.0.0.1/36971] WARN  impl.MetricRegistriesImpl (MetricRegistriesImpl.java:addReporterRegistration(111)) - New reporters are added after registries were created. Some metrics will be missing from the reporter. Please add reporter before adding any new registry.
2022-10-03 12:54:05,650 [Listener at 127.0.0.1/36971] INFO  impl.MetricsSystemImpl (MetricsSystemImpl.java:init(158)) - HddsDatanode metrics system started (again)
2022-10-03 12:54:05,657 [Datanode State Machine Daemon Thread] INFO  statemachine.DatanodeStateMachine (DatanodeStateMachine.java:lambda$startDaemon$0(492)) - Ozone container server started.
2022-10-03 12:54:05,673 [Listener at 127.0.0.1/36971] INFO  ozone.HddsDatanodeService (HddsDatanodeService.java:start(236)) - HddsDatanodeService host:fv-az443-503.ap2fcshprsnunfx25e1aelzb4b.cx.internal.cloudapp.net ip:10.1.0.147
2022-10-03 12:54:05,674 [org.apache.hadoop.util.JvmPauseMonitor$Monitor@2cf8cd6f] INFO  util.JvmPauseMonitor (JvmPauseMonitor.java:run(188)) - Starting JVM pause monitor
2022-10-03 12:54:05,708 [Listener at 127.0.0.1/36971] INFO  upgrade.AbstractLayoutVersionManager (AbstractLayoutVersionManager.java:init(83)) - Initializing Layout version manager with metadata layout = DATANODE_SCHEMA_V3 (version = 4), software layout = DATANODE_SCHEMA_V3 (version = 4)
2022-10-03 12:54:05,791 [Listener at 127.0.0.1/36971] INFO  reflections.Reflections (Reflections.java:scan(232)) - Reflections took 82 ms to scan 7 urls, producing 135 keys and 327 values 
2022-10-03 12:54:05,797 [Listener at 127.0.0.1/36971] INFO  statemachine.DatanodeStateMachine (DatanodeStateMachine.java:getEndPointTaskThreadPoolSize(237)) - Datanode State Machine Task Thread Pool size 2
2022-10-03 12:54:05,800 [Listener at 127.0.0.1/36971] INFO  volume.HddsVolume (HddsVolume.java:<init>(117)) - Creating HddsVolume: /home/runner/work/ozone/ozone/hadoop-ozone/integration-test/target/test-dir/MiniOzoneClusterImpl-b6ae2940-34d7-4a31-919c-df5c2426260d/datanode-1/data-0/containers/hdds of storage type : DISK capacity : 9223372036854775807
2022-10-03 12:54:05,800 [Listener at 127.0.0.1/36971] INFO  volume.MutableVolumeSet (MutableVolumeSet.java:initializeVolumeSet(174)) - Added Volume : /home/runner/work/ozone/ozone/hadoop-ozone/integration-test/target/test-dir/MiniOzoneClusterImpl-b6ae2940-34d7-4a31-919c-df5c2426260d/datanode-1/data-0/containers/hdds to VolumeSet
2022-10-03 12:54:05,800 [Listener at 127.0.0.1/36971] INFO  volume.ThrottledAsyncChecker (ThrottledAsyncChecker.java:schedule(141)) - Scheduling a check for /home/runner/work/ozone/ozone/hadoop-ozone/integration-test/target/test-dir/MiniOzoneClusterImpl-b6ae2940-34d7-4a31-919c-df5c2426260d/datanode-1/data-0/containers/hdds
2022-10-03 12:54:05,809 [Datanode State Machine Task Thread - 0] INFO  datanode.InitDatanodeState (InitDatanodeState.java:persistContainerDatanodeDetails(138)) - DatanodeDetails is persisted to /home/runner/work/ozone/ozone/hadoop-ozone/integration-test/target/test-dir/MiniOzoneClusterImpl-b6ae2940-34d7-4a31-919c-df5c2426260d/datanode-0/meta/datanode.id
2022-10-03 12:54:05,813 [Listener at 127.0.0.1/36971] INFO  volume.StorageVolumeChecker (StorageVolumeChecker.java:checkAllVolumes(202)) - Scheduled health check for volume /home/runner/work/ozone/ozone/hadoop-ozone/integration-test/target/test-dir/MiniOzoneClusterImpl-b6ae2940-34d7-4a31-919c-df5c2426260d/datanode-1/data-0/containers/hdds
2022-10-03 12:54:05,826 [Listener at 127.0.0.1/36971] INFO  volume.MutableVolumeSet (MutableVolumeSet.java:initializeVolumeSet(174)) - Added Volume : /home/runner/work/ozone/ozone/hadoop-ozone/integration-test/target/test-dir/MiniOzoneClusterImpl-b6ae2940-34d7-4a31-919c-df5c2426260d/datanode-1/data/ratis to VolumeSet
2022-10-03 12:54:05,826 [Listener at 127.0.0.1/36971] INFO  volume.ThrottledAsyncChecker (ThrottledAsyncChecker.java:schedule(141)) - Scheduling a check for /home/runner/work/ozone/ozone/hadoop-ozone/integration-test/target/test-dir/MiniOzoneClusterImpl-b6ae2940-34d7-4a31-919c-df5c2426260d/datanode-1/data/ratis
2022-10-03 12:54:05,826 [Listener at 127.0.0.1/36971] INFO  volume.StorageVolumeChecker (StorageVolumeChecker.java:checkAllVolumes(202)) - Scheduled health check for volume /home/runner/work/ozone/ozone/hadoop-ozone/integration-test/target/test-dir/MiniOzoneClusterImpl-b6ae2940-34d7-4a31-919c-df5c2426260d/datanode-1/data/ratis
2022-10-03 12:54:05,839 [Thread-149] INFO  ozoneimpl.ContainerReader (ContainerReader.java:readVolume(175)) - Finish verifying containers on volume /home/runner/work/ozone/ozone/hadoop-ozone/integration-test/target/test-dir/MiniOzoneClusterImpl-b6ae2940-34d7-4a31-919c-df5c2426260d/datanode-1/data-0/containers/hdds
2022-10-03 12:54:05,839 [Listener at 127.0.0.1/36971] INFO  ozoneimpl.OzoneContainer (OzoneContainer.java:buildContainerSet(300)) - Build ContainerSet costs 0s
2022-10-03 12:54:05,845 [Listener at 127.0.0.1/36971] INFO  server.RaftServer (ConfUtils.java:logGet(46)) - raft.rpc.type = GRPC (default)
2022-10-03 12:54:05,845 [Listener at 127.0.0.1/36971] INFO  grpc.GrpcFactory (GrpcFactory.java:checkPooledByteBufAllocatorUseCacheForAllThreads(48)) - PERFORMANCE WARNING: useCacheForAllThreads is true that may cause Netty to create a lot garbage objects and, as a result, trigger GC.
	It is recommended to disable useCacheForAllThreads by setting -Dorg.apache.ratis.thirdparty.io.netty.allocator.useCacheForAllThreads=false in command line.
2022-10-03 12:54:05,845 [Listener at 127.0.0.1/36971] INFO  grpc.GrpcConfigKeys (ConfUtils.java:logGet(46)) - raft.grpc.admin.port = 0 (custom)
2022-10-03 12:54:05,845 [Listener at 127.0.0.1/36971] INFO  grpc.GrpcConfigKeys (ConfUtils.java:logGet(46)) - raft.grpc.client.port = 0 (custom)
2022-10-03 12:54:05,845 [Listener at 127.0.0.1/36971] INFO  grpc.GrpcConfigKeys (ConfUtils.java:logGet(46)) - raft.grpc.server.port = 0 (default)
2022-10-03 12:54:05,845 [Listener at 127.0.0.1/36971] INFO  server.GrpcService (ConfUtils.java:logGet(46)) - raft.grpc.message.size.max = 32MB (=33554432) (custom)
2022-10-03 12:54:05,846 [Listener at 127.0.0.1/36971] INFO  server.RaftServerConfigKeys (ConfUtils.java:logGet(46)) - raft.server.log.appender.buffer.byte-limit = 33554432 (custom)
2022-10-03 12:54:05,846 [Listener at 127.0.0.1/36971] INFO  server.GrpcService (ConfUtils.java:logGet(46)) - raft.grpc.flow.control.window = 5MB (=5242880) (custom)
2022-10-03 12:54:05,846 [Listener at 127.0.0.1/36971] INFO  server.RaftServerConfigKeys (ConfUtils.java:logGet(46)) - raft.server.rpc.request.timeout = 60s (custom)
2022-10-03 12:54:05,846 [Listener at 127.0.0.1/36971] INFO  grpc.GrpcConfigKeys (ConfUtils.java:logGet(46)) - raft.grpc.server.async.request.thread.pool.cached = true (default)
2022-10-03 12:54:05,846 [Listener at 127.0.0.1/36971] INFO  grpc.GrpcConfigKeys (ConfUtils.java:logGet(46)) - raft.grpc.server.async.request.thread.pool.size = 32 (default)
2022-10-03 12:54:05,847 [Listener at 127.0.0.1/36971] INFO  impl.DataStreamServerImpl (ConfUtils.java:logGet(46)) - raft.datastream.type = DISABLED (default)
2022-10-03 12:54:05,847 [Listener at 127.0.0.1/36971] INFO  server.RaftServerConfigKeys (ConfUtils.java:logGet(46)) - raft.server.threadpool.proxy.cached = true (default)
2022-10-03 12:54:05,848 [Listener at 127.0.0.1/36971] INFO  server.RaftServerConfigKeys (ConfUtils.java:logGet(46)) - raft.server.threadpool.proxy.size = 0 (default)
2022-10-03 12:54:05,848 [Listener at 127.0.0.1/36971] INFO  server.RaftServerConfigKeys (ConfUtils.java:logGet(46)) - raft.server.rpc.slowness.timeout = 300s (custom)
2022-10-03 12:54:05,848 [Listener at 127.0.0.1/36971] INFO  server.RaftServerConfigKeys (ConfUtils.java:logGet(46)) - raft.server.leaderelection.leader.step-down.wait-time = 10s (default)
2022-10-03 12:54:05,848 [Listener at 127.0.0.1/36971] INFO  server.RaftServerConfigKeys (ConfUtils.java:logGet(46)) - raft.server.storage.dir = [/home/runner/work/ozone/ozone/hadoop-ozone/integration-test/target/test-dir/MiniOzoneClusterImpl-b6ae2940-34d7-4a31-919c-df5c2426260d/datanode-1/data/ratis] (custom)
2022-10-03 12:54:05,850 [Listener at 127.0.0.1/36971] INFO  server.XceiverServerGrpc (XceiverServerGrpc.java:<init>(132)) - GrpcServer channel type EpollServerSocketChannel
2022-10-03 12:54:05,858 [Listener at 127.0.0.1/36971] INFO  http.BaseHttpServer (BaseHttpServer.java:newHttpServer2BuilderForOzone(213)) - Starting Web-server for hddsDatanode at: http://0.0.0.0:0
2022-10-03 12:54:05,858 [Listener at 127.0.0.1/36971] INFO  http.BaseHttpServer (BaseHttpServer.java:<init>(108)) - Hadoop Security Enabled: false Ozone Security Enabled: false Ozone HTTP Security Enabled: false 
2022-10-03 12:54:05,859 [Listener at 127.0.0.1/36971] INFO  server.AuthenticationFilter (AuthenticationFilter.java:constructSecretProvider(240)) - Unable to initialize FileSignerSecretProvider, falling back to use random secrets.
2022-10-03 12:54:05,861 [Listener at 127.0.0.1/36971] WARN  http.HttpRequestLog (HttpRequestLog.java:getRequestLog(103)) - Jetty request log can only be enabled using Log4j
2022-10-03 12:54:05,862 [Listener at 127.0.0.1/36971] INFO  http.HttpServer2 (HttpServer2.java:addGlobalFilter(1029)) - Added global filter 'safety' (class=org.apache.hadoop.hdds.server.http.HttpServer2$QuotingInputFilter)
2022-10-03 12:54:05,863 [Listener at 127.0.0.1/36971] INFO  http.HttpServer2 (HttpServer2.java:addFilter(1005)) - Added filter static_user_filter (class=org.apache.hadoop.http.lib.StaticUserWebFilter$StaticUserFilter) to context hddsDatanode
2022-10-03 12:54:05,863 [Listener at 127.0.0.1/36971] INFO  http.HttpServer2 (HttpServer2.java:addFilter(1013)) - Added filter static_user_filter (class=org.apache.hadoop.http.lib.StaticUserWebFilter$StaticUserFilter) to context static
2022-10-03 12:54:05,863 [Listener at 127.0.0.1/36971] INFO  http.HttpServer2 (HttpServer2.java:addFilter(1013)) - Added filter static_user_filter (class=org.apache.hadoop.http.lib.StaticUserWebFilter$StaticUserFilter) to context logs
2022-10-03 12:54:05,864 [Listener at 127.0.0.1/36971] INFO  http.HttpServer2 (HttpServer2.java:bindListener(1248)) - Jetty bound to port 37323
2022-10-03 12:54:05,864 [Listener at 127.0.0.1/36971] INFO  server.Server (Server.java:doStart(375)) - jetty-9.4.43.v20210629; built: 2021-06-30T11:07:22.254Z; git: 526006ecfa3af7f1a27ef3a288e2bef7ea9dd7e8; jvm 1.8.0_345-b01
2022-10-03 12:54:05,869 [Listener at 127.0.0.1/36971] INFO  server.session (DefaultSessionIdManager.java:doStart(334)) - DefaultSessionIdManager workerName=node0
2022-10-03 12:54:05,869 [Listener at 127.0.0.1/36971] INFO  server.session (DefaultSessionIdManager.java:doStart(339)) - No SessionScavenger set, using defaults
2022-10-03 12:54:05,869 [Listener at 127.0.0.1/36971] INFO  server.session (HouseKeeper.java:startScavenging(132)) - node0 Scavenging every 600000ms
2022-10-03 12:54:05,874 [Listener at 127.0.0.1/36971] INFO  handler.ContextHandler (ContextHandler.java:doStart(915)) - Started o.e.j.s.ServletContextHandler@8d4d58b{logs,/logs,file:///home/runner/work/ozone/ozone/hadoop-ozone/integration-test/target/log,AVAILABLE}
2022-10-03 12:54:05,874 [Listener at 127.0.0.1/36971] INFO  handler.ContextHandler (ContextHandler.java:doStart(915)) - Started o.e.j.s.ServletContextHandler@4c45f6fb{static,/static,jar:file:/home/runner/.m2/repository/org/apache/ozone/hdds-container-service/1.3.0-SNAPSHOT/hdds-container-service-1.3.0-SNAPSHOT.jar!/webapps/static,AVAILABLE}
2022-10-03 12:54:05,968 [om1@group-C5BA1605619E-FollowerState] INFO  impl.FollowerState (FollowerState.java:run(143)) - om1@group-C5BA1605619E-FollowerState: change to CANDIDATE, lastRpcElapsedTime:1154663701ns, electionTimeout:1144ms
2022-10-03 12:54:05,969 [om1@group-C5BA1605619E-FollowerState] INFO  impl.RoleInfo (RoleInfo.java:shutdownFollowerState(110)) - om1: shutdown om1@group-C5BA1605619E-FollowerState
2022-10-03 12:54:05,970 [om1@group-C5BA1605619E-FollowerState] INFO  server.RaftServer$Division (RaftServerImpl.java:setRole(299)) - om1@group-C5BA1605619E: changes role from  FOLLOWER to CANDIDATE at term 0 for changeToCandidate
2022-10-03 12:54:05,972 [om1@group-C5BA1605619E-FollowerState] INFO  server.RaftServerConfigKeys (ConfUtils.java:logGet(46)) - raft.server.leaderelection.pre-vote = false (custom)
2022-10-03 12:54:05,972 [om1@group-C5BA1605619E-FollowerState] INFO  impl.RoleInfo (RoleInfo.java:updateAndGet(139)) - om1: start om1@group-C5BA1605619E-LeaderElection1
2022-10-03 12:54:05,978 [om1@group-C5BA1605619E-LeaderElection1] INFO  impl.LeaderElection (LeaderElection.java:askForVotes(310)) - om1@group-C5BA1605619E-LeaderElection1 ELECTION round 0: submit vote requests at term 1 for -1: [om1|rpc:localhost:9872|priority:0], old=null
2022-10-03 12:54:05,979 [om1@group-C5BA1605619E-LeaderElection1] INFO  impl.LeaderElection (LeaderElection.java:askForVotes(312)) - om1@group-C5BA1605619E-LeaderElection1 ELECTION round 0: result PASSED (term=1)
2022-10-03 12:54:05,980 [om1@group-C5BA1605619E-LeaderElection1] INFO  impl.RoleInfo (RoleInfo.java:shutdownLeaderElection(130)) - om1: shutdown om1@group-C5BA1605619E-LeaderElection1
2022-10-03 12:54:05,982 [om1@group-C5BA1605619E-LeaderElection1] INFO  server.RaftServer$Division (RaftServerImpl.java:setRole(299)) - om1@group-C5BA1605619E: changes role from CANDIDATE to LEADER at term 1 for changeToLeader
2022-10-03 12:54:05,982 [om1@group-C5BA1605619E-LeaderElection1] INFO  server.RaftServer$Division (ServerState.java:setLeader(287)) - om1@group-C5BA1605619E: change Leader from null to om1 at term 1 for becomeLeader, leader elected after 2115ms
2022-10-03 12:54:05,992 [om1@group-C5BA1605619E-LeaderElection1] INFO  server.RaftServerConfigKeys (ConfUtils.java:logGet(46)) - raft.server.staging.catchup.gap = 1000 (default)
2022-10-03 12:54:05,997 [om1@group-C5BA1605619E-LeaderElection1] INFO  server.RaftServerConfigKeys (ConfUtils.java:logGet(46)) - raft.server.write.element-limit = 4096 (default)
2022-10-03 12:54:05,998 [om1@group-C5BA1605619E-LeaderElection1] INFO  server.RaftServerConfigKeys (ConfUtils.java:logGet(46)) - raft.server.write.byte-limit = 64MB (=67108864) (default)
2022-10-03 12:54:06,011 [om1@group-C5BA1605619E-LeaderElection1] INFO  server.RaftServerConfigKeys (ConfUtils.java:logGet(46)) - raft.server.watch.timeout = 10s (default)
2022-10-03 12:54:06,012 [om1@group-C5BA1605619E-LeaderElection1] INFO  server.RaftServerConfigKeys (ConfUtils.java:logGet(46)) - raft.server.watch.timeout.denomination = 1s (default)
2022-10-03 12:54:06,012 [om1@group-C5BA1605619E-LeaderElection1] INFO  server.RaftServerConfigKeys (ConfUtils.java:logGet(46)) - raft.server.watch.element-limit = 65536 (default)
2022-10-03 12:54:06,019 [om1@group-C5BA1605619E-LeaderElection1] INFO  server.RaftServerConfigKeys (ConfUtils.java:logGet(46)) - raft.server.write.element-limit = 4096 (default)
2022-10-03 12:54:06,021 [om1@group-C5BA1605619E-LeaderElection1] INFO  server.RaftServerConfigKeys (ConfUtils.java:logGet(46)) - raft.server.write.follower.gap.ratio.max = -1.0 (default)
2022-10-03 12:54:06,025 [om1@group-C5BA1605619E-LeaderElection1] INFO  impl.RoleInfo (RoleInfo.java:updateAndGet(139)) - om1: start om1@group-C5BA1605619E-LeaderStateImpl
2022-10-03 12:54:06,054 [om1@group-C5BA1605619E-LeaderElection1] INFO  segmented.SegmentedRaftLogWorker (SegmentedRaftLogWorker.java:startLogSegment(425)) - om1@group-C5BA1605619E-SegmentedRaftLogWorker: Starting segment from index:0
2022-10-03 12:54:06,058 [Listener at 127.0.0.1/36971] INFO  handler.ContextHandler (ContextHandler.java:doStart(915)) - Started o.e.j.w.WebAppContext@66c3c813{hddsDatanode,/,file:///tmp/jetty-0_0_0_0-37323-hdds-container-service-1_3_0-SNAPSHOT_jar-_-any-5003560629668579199/webapp/,AVAILABLE}{jar:file:/home/runner/.m2/repository/org/apache/ozone/hdds-container-service/1.3.0-SNAPSHOT/hdds-container-service-1.3.0-SNAPSHOT.jar!/webapps/hddsDatanode}
2022-10-03 12:54:06,062 [Listener at 127.0.0.1/36971] INFO  server.AbstractConnector (AbstractConnector.java:doStart(331)) - Started ServerConnector@3e866fec{HTTP/1.1, (http/1.1)}{0.0.0.0:37323}
2022-10-03 12:54:06,062 [Listener at 127.0.0.1/36971] INFO  server.Server (Server.java:doStart(415)) - Started @8074ms
2022-10-03 12:54:06,062 [Listener at 127.0.0.1/36971] WARN  impl.MetricsSystemImpl (MetricsSystemImpl.java:register(279)) - Sink prometheus already exists!
2022-10-03 12:54:06,066 [Listener at 127.0.0.1/36971] INFO  http.BaseHttpServer (BaseHttpServer.java:updateConnectorAddress(333)) - HTTP server of hddsDatanode listening at http://0.0.0.0:37323
2022-10-03 12:54:06,069 [Listener at 127.0.0.1/36971] WARN  impl.MetricRegistriesImpl (MetricRegistriesImpl.java:addReporterRegistration(111)) - New reporters are added after registries were created. Some metrics will be missing from the reporter. Please add reporter before adding any new registry.
2022-10-03 12:54:06,069 [Listener at 127.0.0.1/36971] WARN  impl.MetricRegistriesImpl (MetricRegistriesImpl.java:addReporterRegistration(111)) - New reporters are added after registries were created. Some metrics will be missing from the reporter. Please add reporter before adding any new registry.
2022-10-03 12:54:06,069 [Listener at 127.0.0.1/36971] INFO  impl.MetricsSystemImpl (MetricsSystemImpl.java:init(158)) - HddsDatanode metrics system started (again)
2022-10-03 12:54:06,077 [Datanode State Machine Daemon Thread] INFO  statemachine.DatanodeStateMachine (DatanodeStateMachine.java:lambda$startDaemon$0(492)) - Ozone container server started.
2022-10-03 12:54:06,083 [Listener at 127.0.0.1/36971] INFO  ozone.HddsDatanodeService (HddsDatanodeService.java:start(236)) - HddsDatanodeService host:fv-az443-503.ap2fcshprsnunfx25e1aelzb4b.cx.internal.cloudapp.net ip:10.1.0.147
2022-10-03 12:54:06,086 [org.apache.hadoop.util.JvmPauseMonitor$Monitor@2e71f2f1] INFO  util.JvmPauseMonitor (JvmPauseMonitor.java:run(188)) - Starting JVM pause monitor
2022-10-03 12:54:06,098 [Listener at 127.0.0.1/36971] INFO  upgrade.AbstractLayoutVersionManager (AbstractLayoutVersionManager.java:init(83)) - Initializing Layout version manager with metadata layout = DATANODE_SCHEMA_V3 (version = 4), software layout = DATANODE_SCHEMA_V3 (version = 4)
2022-10-03 12:54:06,104 [Datanode State Machine Task Thread - 0] INFO  datanode.InitDatanodeState (InitDatanodeState.java:persistContainerDatanodeDetails(138)) - DatanodeDetails is persisted to /home/runner/work/ozone/ozone/hadoop-ozone/integration-test/target/test-dir/MiniOzoneClusterImpl-b6ae2940-34d7-4a31-919c-df5c2426260d/datanode-1/meta/datanode.id
2022-10-03 12:54:06,126 [om1@group-C5BA1605619E-LeaderElection1] INFO  server.RaftServer$Division (ServerState.java:setRaftConf(393)) - om1@group-C5BA1605619E: set configuration 0: [om1|rpc:localhost:9872|admin:|client:|dataStream:|priority:0], old=null
2022-10-03 12:54:06,188 [Listener at 127.0.0.1/36971] INFO  reflections.Reflections (Reflections.java:scan(232)) - Reflections took 89 ms to scan 7 urls, producing 135 keys and 327 values 
2022-10-03 12:54:06,190 [Listener at 127.0.0.1/36971] INFO  statemachine.DatanodeStateMachine (DatanodeStateMachine.java:getEndPointTaskThreadPoolSize(237)) - Datanode State Machine Task Thread Pool size 2
2022-10-03 12:54:06,204 [Listener at 127.0.0.1/36971] INFO  volume.HddsVolume (HddsVolume.java:<init>(117)) - Creating HddsVolume: /home/runner/work/ozone/ozone/hadoop-ozone/integration-test/target/test-dir/MiniOzoneClusterImpl-b6ae2940-34d7-4a31-919c-df5c2426260d/datanode-2/data-0/containers/hdds of storage type : DISK capacity : 9223372036854775807
2022-10-03 12:54:06,205 [Listener at 127.0.0.1/36971] INFO  volume.MutableVolumeSet (MutableVolumeSet.java:initializeVolumeSet(174)) - Added Volume : /home/runner/work/ozone/ozone/hadoop-ozone/integration-test/target/test-dir/MiniOzoneClusterImpl-b6ae2940-34d7-4a31-919c-df5c2426260d/datanode-2/data-0/containers/hdds to VolumeSet
2022-10-03 12:54:06,205 [Listener at 127.0.0.1/36971] INFO  volume.ThrottledAsyncChecker (ThrottledAsyncChecker.java:schedule(141)) - Scheduling a check for /home/runner/work/ozone/ozone/hadoop-ozone/integration-test/target/test-dir/MiniOzoneClusterImpl-b6ae2940-34d7-4a31-919c-df5c2426260d/datanode-2/data-0/containers/hdds
2022-10-03 12:54:06,205 [Listener at 127.0.0.1/36971] INFO  volume.StorageVolumeChecker (StorageVolumeChecker.java:checkAllVolumes(202)) - Scheduled health check for volume /home/runner/work/ozone/ozone/hadoop-ozone/integration-test/target/test-dir/MiniOzoneClusterImpl-b6ae2940-34d7-4a31-919c-df5c2426260d/datanode-2/data-0/containers/hdds
2022-10-03 12:54:06,207 [om1@group-C5BA1605619E-SegmentedRaftLogWorker] INFO  segmented.SegmentedRaftLogWorker (SegmentedRaftLogWorker.java:execute(629)) - om1@group-C5BA1605619E-SegmentedRaftLogWorker: created new log segment /home/runner/work/ozone/ozone/hadoop-ozone/integration-test/target/test-dir/MiniOzoneClusterImpl-b6ae2940-34d7-4a31-919c-df5c2426260d/ozone-meta/ratis/bf265839-605b-3f16-9796-c5ba1605619e/current/log_inprogress_0
2022-10-03 12:54:06,228 [Listener at 127.0.0.1/36971] INFO  volume.MutableVolumeSet (MutableVolumeSet.java:initializeVolumeSet(174)) - Added Volume : /home/runner/work/ozone/ozone/hadoop-ozone/integration-test/target/test-dir/MiniOzoneClusterImpl-b6ae2940-34d7-4a31-919c-df5c2426260d/datanode-2/data/ratis to VolumeSet
2022-10-03 12:54:06,228 [Listener at 127.0.0.1/36971] INFO  volume.ThrottledAsyncChecker (ThrottledAsyncChecker.java:schedule(141)) - Scheduling a check for /home/runner/work/ozone/ozone/hadoop-ozone/integration-test/target/test-dir/MiniOzoneClusterImpl-b6ae2940-34d7-4a31-919c-df5c2426260d/datanode-2/data/ratis
2022-10-03 12:54:06,228 [Listener at 127.0.0.1/36971] INFO  volume.StorageVolumeChecker (StorageVolumeChecker.java:checkAllVolumes(202)) - Scheduled health check for volume /home/runner/work/ozone/ozone/hadoop-ozone/integration-test/target/test-dir/MiniOzoneClusterImpl-b6ae2940-34d7-4a31-919c-df5c2426260d/datanode-2/data/ratis
2022-10-03 12:54:06,259 [Thread-164] INFO  ozoneimpl.ContainerReader (ContainerReader.java:readVolume(175)) - Finish verifying containers on volume /home/runner/work/ozone/ozone/hadoop-ozone/integration-test/target/test-dir/MiniOzoneClusterImpl-b6ae2940-34d7-4a31-919c-df5c2426260d/datanode-2/data-0/containers/hdds
2022-10-03 12:54:06,259 [Listener at 127.0.0.1/36971] INFO  ozoneimpl.OzoneContainer (OzoneContainer.java:buildContainerSet(300)) - Build ContainerSet costs 0s
2022-10-03 12:54:06,262 [Listener at 127.0.0.1/36971] INFO  server.RaftServer (ConfUtils.java:logGet(46)) - raft.rpc.type = GRPC (default)
2022-10-03 12:54:06,263 [Listener at 127.0.0.1/36971] INFO  grpc.GrpcFactory (GrpcFactory.java:checkPooledByteBufAllocatorUseCacheForAllThreads(48)) - PERFORMANCE WARNING: useCacheForAllThreads is true that may cause Netty to create a lot garbage objects and, as a result, trigger GC.
	It is recommended to disable useCacheForAllThreads by setting -Dorg.apache.ratis.thirdparty.io.netty.allocator.useCacheForAllThreads=false in command line.
2022-10-03 12:54:06,263 [Listener at 127.0.0.1/36971] INFO  grpc.GrpcConfigKeys (ConfUtils.java:logGet(46)) - raft.grpc.admin.port = 0 (custom)
2022-10-03 12:54:06,263 [Listener at 127.0.0.1/36971] INFO  grpc.GrpcConfigKeys (ConfUtils.java:logGet(46)) - raft.grpc.client.port = 0 (custom)
2022-10-03 12:54:06,263 [Listener at 127.0.0.1/36971] INFO  grpc.GrpcConfigKeys (ConfUtils.java:logGet(46)) - raft.grpc.server.port = 0 (default)
2022-10-03 12:54:06,263 [Listener at 127.0.0.1/36971] INFO  server.GrpcService (ConfUtils.java:logGet(46)) - raft.grpc.message.size.max = 32MB (=33554432) (custom)
2022-10-03 12:54:06,263 [Listener at 127.0.0.1/36971] INFO  server.RaftServerConfigKeys (ConfUtils.java:logGet(46)) - raft.server.log.appender.buffer.byte-limit = 33554432 (custom)
2022-10-03 12:54:06,264 [Listener at 127.0.0.1/36971] INFO  server.GrpcService (ConfUtils.java:logGet(46)) - raft.grpc.flow.control.window = 5MB (=5242880) (custom)
2022-10-03 12:54:06,264 [Listener at 127.0.0.1/36971] INFO  server.RaftServerConfigKeys (ConfUtils.java:logGet(46)) - raft.server.rpc.request.timeout = 60s (custom)
2022-10-03 12:54:06,264 [Listener at 127.0.0.1/36971] INFO  grpc.GrpcConfigKeys (ConfUtils.java:logGet(46)) - raft.grpc.server.async.request.thread.pool.cached = true (default)
2022-10-03 12:54:06,264 [Listener at 127.0.0.1/36971] INFO  grpc.GrpcConfigKeys (ConfUtils.java:logGet(46)) - raft.grpc.server.async.request.thread.pool.size = 32 (default)
2022-10-03 12:54:06,265 [Listener at 127.0.0.1/36971] INFO  impl.DataStreamServerImpl (ConfUtils.java:logGet(46)) - raft.datastream.type = DISABLED (default)
2022-10-03 12:54:06,265 [Listener at 127.0.0.1/36971] INFO  server.RaftServerConfigKeys (ConfUtils.java:logGet(46)) - raft.server.threadpool.proxy.cached = true (default)
2022-10-03 12:54:06,265 [Listener at 127.0.0.1/36971] INFO  server.RaftServerConfigKeys (ConfUtils.java:logGet(46)) - raft.server.threadpool.proxy.size = 0 (default)
2022-10-03 12:54:06,265 [Listener at 127.0.0.1/36971] INFO  server.RaftServerConfigKeys (ConfUtils.java:logGet(46)) - raft.server.rpc.slowness.timeout = 300s (custom)
2022-10-03 12:54:06,266 [Listener at 127.0.0.1/36971] INFO  server.RaftServerConfigKeys (ConfUtils.java:logGet(46)) - raft.server.leaderelection.leader.step-down.wait-time = 10s (default)
2022-10-03 12:54:06,266 [Listener at 127.0.0.1/36971] INFO  server.RaftServerConfigKeys (ConfUtils.java:logGet(46)) - raft.server.storage.dir = [/home/runner/work/ozone/ozone/hadoop-ozone/integration-test/target/test-dir/MiniOzoneClusterImpl-b6ae2940-34d7-4a31-919c-df5c2426260d/datanode-2/data/ratis] (custom)
2022-10-03 12:54:06,276 [Listener at 127.0.0.1/36971] INFO  server.XceiverServerGrpc (XceiverServerGrpc.java:<init>(132)) - GrpcServer channel type EpollServerSocketChannel
2022-10-03 12:54:06,280 [Listener at 127.0.0.1/36971] INFO  http.BaseHttpServer (BaseHttpServer.java:newHttpServer2BuilderForOzone(213)) - Starting Web-server for hddsDatanode at: http://0.0.0.0:0
2022-10-03 12:54:06,280 [Listener at 127.0.0.1/36971] INFO  http.BaseHttpServer (BaseHttpServer.java:<init>(108)) - Hadoop Security Enabled: false Ozone Security Enabled: false Ozone HTTP Security Enabled: false 
2022-10-03 12:54:06,281 [Listener at 127.0.0.1/36971] INFO  server.AuthenticationFilter (AuthenticationFilter.java:constructSecretProvider(240)) - Unable to initialize FileSignerSecretProvider, falling back to use random secrets.
2022-10-03 12:54:06,289 [Listener at 127.0.0.1/36971] WARN  http.HttpRequestLog (HttpRequestLog.java:getRequestLog(103)) - Jetty request log can only be enabled using Log4j
2022-10-03 12:54:06,290 [Listener at 127.0.0.1/36971] INFO  http.HttpServer2 (HttpServer2.java:addGlobalFilter(1029)) - Added global filter 'safety' (class=org.apache.hadoop.hdds.server.http.HttpServer2$QuotingInputFilter)
2022-10-03 12:54:06,291 [Listener at 127.0.0.1/36971] INFO  http.HttpServer2 (HttpServer2.java:addFilter(1005)) - Added filter static_user_filter (class=org.apache.hadoop.http.lib.StaticUserWebFilter$StaticUserFilter) to context hddsDatanode
2022-10-03 12:54:06,292 [Listener at 127.0.0.1/36971] INFO  http.HttpServer2 (HttpServer2.java:addFilter(1013)) - Added filter static_user_filter (class=org.apache.hadoop.http.lib.StaticUserWebFilter$StaticUserFilter) to context logs
2022-10-03 12:54:06,292 [Listener at 127.0.0.1/36971] INFO  http.HttpServer2 (HttpServer2.java:addFilter(1013)) - Added filter static_user_filter (class=org.apache.hadoop.http.lib.StaticUserWebFilter$StaticUserFilter) to context static
2022-10-03 12:54:06,292 [Listener at 127.0.0.1/36971] INFO  http.HttpServer2 (HttpServer2.java:bindListener(1248)) - Jetty bound to port 46223
2022-10-03 12:54:06,292 [Listener at 127.0.0.1/36971] INFO  server.Server (Server.java:doStart(375)) - jetty-9.4.43.v20210629; built: 2021-06-30T11:07:22.254Z; git: 526006ecfa3af7f1a27ef3a288e2bef7ea9dd7e8; jvm 1.8.0_345-b01
2022-10-03 12:54:06,321 [om1@group-C5BA1605619E-StateMachineUpdater] INFO  ratis.OzoneManagerStateMachine (OzoneManagerStateMachine.java:notifyConfigurationChanged(192)) - Received Configuration change notification from Ratis. New Peer list:
[id: "om1"
address: "localhost:9872"
]
2022-10-03 12:54:06,332 [Listener at 127.0.0.1/36971] INFO  server.session (DefaultSessionIdManager.java:doStart(334)) - DefaultSessionIdManager workerName=node0
2022-10-03 12:54:06,332 [Listener at 127.0.0.1/36971] INFO  server.session (DefaultSessionIdManager.java:doStart(339)) - No SessionScavenger set, using defaults
2022-10-03 12:54:06,333 [Listener at 127.0.0.1/36971] INFO  server.session (HouseKeeper.java:startScavenging(132)) - node0 Scavenging every 600000ms
2022-10-03 12:54:06,334 [Listener at 127.0.0.1/36971] INFO  handler.ContextHandler (ContextHandler.java:doStart(915)) - Started o.e.j.s.ServletContextHandler@639ab97d{logs,/logs,file:///home/runner/work/ozone/ozone/hadoop-ozone/integration-test/target/log,AVAILABLE}
2022-10-03 12:54:06,335 [Listener at 127.0.0.1/36971] INFO  handler.ContextHandler (ContextHandler.java:doStart(915)) - Started o.e.j.s.ServletContextHandler@516a9ded{static,/static,jar:file:/home/runner/.m2/repository/org/apache/ozone/hdds-container-service/1.3.0-SNAPSHOT/hdds-container-service-1.3.0-SNAPSHOT.jar!/webapps/static,AVAILABLE}
2022-10-03 12:54:06,508 [Listener at 127.0.0.1/36971] INFO  handler.ContextHandler (ContextHandler.java:doStart(915)) - Started o.e.j.w.WebAppContext@25c7c446{hddsDatanode,/,file:///tmp/jetty-0_0_0_0-46223-hdds-container-service-1_3_0-SNAPSHOT_jar-_-any-1374038074405982069/webapp/,AVAILABLE}{jar:file:/home/runner/.m2/repository/org/apache/ozone/hdds-container-service/1.3.0-SNAPSHOT/hdds-container-service-1.3.0-SNAPSHOT.jar!/webapps/hddsDatanode}
2022-10-03 12:54:06,510 [Listener at 127.0.0.1/36971] INFO  server.AbstractConnector (AbstractConnector.java:doStart(331)) - Started ServerConnector@31f52510{HTTP/1.1, (http/1.1)}{0.0.0.0:46223}
2022-10-03 12:54:06,510 [Listener at 127.0.0.1/36971] INFO  server.Server (Server.java:doStart(415)) - Started @8522ms
2022-10-03 12:54:06,510 [Listener at 127.0.0.1/36971] WARN  impl.MetricsSystemImpl (MetricsSystemImpl.java:register(279)) - Sink prometheus already exists!
2022-10-03 12:54:06,510 [Listener at 127.0.0.1/36971] INFO  http.BaseHttpServer (BaseHttpServer.java:updateConnectorAddress(333)) - HTTP server of hddsDatanode listening at http://0.0.0.0:46223
2022-10-03 12:54:06,512 [Datanode State Machine Daemon Thread] INFO  statemachine.DatanodeStateMachine (DatanodeStateMachine.java:lambda$startDaemon$0(492)) - Ozone container server started.
2022-10-03 12:54:06,512 [Listener at 127.0.0.1/36971] INFO  ozone.MiniOzoneClusterImpl (MiniOzoneClusterImpl.java:lambda$waitForClusterToBeReady$0(216)) - Waiting for nodes to be ready. Got 0 of 3 DN Heartbeats.
2022-10-03 12:54:06,512 [Listener at 127.0.0.1/36971] INFO  ozone.MiniOzoneClusterImpl (MiniOzoneClusterImpl.java:lambda$waitForClusterToBeReady$0(219)) - Waiting for cluster to exit safe mode
2022-10-03 12:54:06,512 [Listener at 127.0.0.1/36971] INFO  ozone.MiniOzoneClusterImpl (MiniOzoneClusterImpl.java:lambda$waitForClusterToBeReady$0(221)) - SCM became leader
2022-10-03 12:54:06,517 [org.apache.hadoop.util.JvmPauseMonitor$Monitor@7210cee3] INFO  util.JvmPauseMonitor (JvmPauseMonitor.java:run(188)) - Starting JVM pause monitor
2022-10-03 12:54:06,521 [Datanode State Machine Task Thread - 0] INFO  datanode.InitDatanodeState (InitDatanodeState.java:persistContainerDatanodeDetails(138)) - DatanodeDetails is persisted to /home/runner/work/ozone/ozone/hadoop-ozone/integration-test/target/test-dir/MiniOzoneClusterImpl-b6ae2940-34d7-4a31-919c-df5c2426260d/datanode-2/meta/datanode.id
2022-10-03 12:54:07,513 [Listener at 127.0.0.1/36971] INFO  ozone.MiniOzoneClusterImpl (MiniOzoneClusterImpl.java:lambda$waitForClusterToBeReady$0(216)) - Waiting for nodes to be ready. Got 0 of 3 DN Heartbeats.
2022-10-03 12:54:07,513 [Listener at 127.0.0.1/36971] INFO  ozone.MiniOzoneClusterImpl (MiniOzoneClusterImpl.java:lambda$waitForClusterToBeReady$0(219)) - Waiting for cluster to exit safe mode
2022-10-03 12:54:07,513 [Listener at 127.0.0.1/36971] INFO  ozone.MiniOzoneClusterImpl (MiniOzoneClusterImpl.java:lambda$waitForClusterToBeReady$0(221)) - SCM became leader
2022-10-03 12:54:07,762 [EndpointStateMachine task thread for /0.0.0.0:44405 - 0 ] INFO  volume.HddsVolume (HddsVolume.java:createDbStore(307)) - SchemaV3 db is created and loaded at /home/runner/work/ozone/ozone/hadoop-ozone/integration-test/target/test-dir/MiniOzoneClusterImpl-b6ae2940-34d7-4a31-919c-df5c2426260d/datanode-0/data-0/containers/hdds/b6ae2940-34d7-4a31-919c-df5c2426260d/DS-541e1f94-6c87-4deb-ad5e-50246f6ff5e5/container.db for volume DS-541e1f94-6c87-4deb-ad5e-50246f6ff5e5
2022-10-03 12:54:07,765 [EndpointStateMachine task thread for /0.0.0.0:44405 - 0 ] INFO  volume.HddsVolume (HddsVolume.java:closeDbStore(338)) - SchemaV3 db is stopped at /home/runner/work/ozone/ozone/hadoop-ozone/integration-test/target/test-dir/MiniOzoneClusterImpl-b6ae2940-34d7-4a31-919c-df5c2426260d/datanode-0/data-0/containers/hdds/b6ae2940-34d7-4a31-919c-df5c2426260d/DS-541e1f94-6c87-4deb-ad5e-50246f6ff5e5/container.db for volume DS-541e1f94-6c87-4deb-ad5e-50246f6ff5e5
2022-10-03 12:54:07,765 [EndpointStateMachine task thread for /0.0.0.0:44405 - 0 ] INFO  ozoneimpl.OzoneContainer (OzoneContainer.java:start(378)) - Attempting to start container services.
2022-10-03 12:54:07,767 [EndpointStateMachine task thread for /0.0.0.0:44405 - 0 ] INFO  ozoneimpl.OzoneContainer (OzoneContainer.java:startContainerScrub(313)) - Background container scanner has been disabled.
2022-10-03 12:54:07,768 [EndpointStateMachine task thread for /0.0.0.0:44405 - 0 ] INFO  replication.ReplicationServer (ReplicationServer.java:start(111)) - ReplicationServer is started using port 45067
2022-10-03 12:54:07,770 [EndpointStateMachine task thread for /0.0.0.0:44405 - 0 ] INFO  ratis.XceiverServerRatis (XceiverServerRatis.java:start(481)) - Starting XceiverServerRatis e9347147-4904-419e-aa00-cb57e200d90a
2022-10-03 12:54:07,777 [EndpointStateMachine task thread for /0.0.0.0:44405 - 0 ] INFO  server.RaftServer (RaftServerProxy.java:lambda$start$6(382)) - e9347147-4904-419e-aa00-cb57e200d90a: start RPC server
2022-10-03 12:54:07,786 [EndpointStateMachine task thread for /0.0.0.0:44405 - 0 ] INFO  server.GrpcService (GrpcService.java:startImpl(260)) - e9347147-4904-419e-aa00-cb57e200d90a: GrpcService started, listening on 44637
2022-10-03 12:54:07,789 [EndpointStateMachine task thread for /0.0.0.0:44405 - 0 ] INFO  ratis.XceiverServerRatis (XceiverServerRatis.java:getRealPort(502)) - XceiverServerRatis e9347147-4904-419e-aa00-cb57e200d90a is started using port 44637 for RATIS
2022-10-03 12:54:07,789 [EndpointStateMachine task thread for /0.0.0.0:44405 - 0 ] INFO  ratis.XceiverServerRatis (XceiverServerRatis.java:getRealPort(502)) - XceiverServerRatis e9347147-4904-419e-aa00-cb57e200d90a is started using port 44637 for RATIS_ADMIN
2022-10-03 12:54:07,789 [EndpointStateMachine task thread for /0.0.0.0:44405 - 0 ] INFO  ratis.XceiverServerRatis (XceiverServerRatis.java:getRealPort(502)) - XceiverServerRatis e9347147-4904-419e-aa00-cb57e200d90a is started using port 44637 for RATIS_SERVER
2022-10-03 12:54:07,790 [org.apache.ratis.util.JvmPauseMonitor$$Lambda$685/536859976@267f930c] INFO  util.JvmPauseMonitor (JvmPauseMonitor.java:run(103)) - JvmPauseMonitor-e9347147-4904-419e-aa00-cb57e200d90a: Started
2022-10-03 12:54:07,795 [EndpointStateMachine task thread for /0.0.0.0:44405 - 0 ] INFO  server.XceiverServerGrpc (XceiverServerGrpc.java:start(180)) - XceiverServerGrpc e9347147-4904-419e-aa00-cb57e200d90a is started using port 37411
2022-10-03 12:54:08,113 [EndpointStateMachine task thread for /0.0.0.0:44405 - 0 ] INFO  volume.HddsVolume (HddsVolume.java:createDbStore(307)) - SchemaV3 db is created and loaded at /home/runner/work/ozone/ozone/hadoop-ozone/integration-test/target/test-dir/MiniOzoneClusterImpl-b6ae2940-34d7-4a31-919c-df5c2426260d/datanode-1/data-0/containers/hdds/b6ae2940-34d7-4a31-919c-df5c2426260d/DS-18321fbe-cf95-4049-9113-64ee8f5befe5/container.db for volume DS-18321fbe-cf95-4049-9113-64ee8f5befe5
2022-10-03 12:54:08,114 [EndpointStateMachine task thread for /0.0.0.0:44405 - 0 ] INFO  volume.HddsVolume (HddsVolume.java:closeDbStore(338)) - SchemaV3 db is stopped at /home/runner/work/ozone/ozone/hadoop-ozone/integration-test/target/test-dir/MiniOzoneClusterImpl-b6ae2940-34d7-4a31-919c-df5c2426260d/datanode-1/data-0/containers/hdds/b6ae2940-34d7-4a31-919c-df5c2426260d/DS-18321fbe-cf95-4049-9113-64ee8f5befe5/container.db for volume DS-18321fbe-cf95-4049-9113-64ee8f5befe5
2022-10-03 12:54:08,114 [EndpointStateMachine task thread for /0.0.0.0:44405 - 0 ] INFO  ozoneimpl.OzoneContainer (OzoneContainer.java:start(378)) - Attempting to start container services.
2022-10-03 12:54:08,114 [EndpointStateMachine task thread for /0.0.0.0:44405 - 0 ] INFO  ozoneimpl.OzoneContainer (OzoneContainer.java:startContainerScrub(313)) - Background container scanner has been disabled.
2022-10-03 12:54:08,118 [EndpointStateMachine task thread for /0.0.0.0:44405 - 0 ] INFO  replication.ReplicationServer (ReplicationServer.java:start(111)) - ReplicationServer is started using port 44921
2022-10-03 12:54:08,118 [EndpointStateMachine task thread for /0.0.0.0:44405 - 0 ] INFO  ratis.XceiverServerRatis (XceiverServerRatis.java:start(481)) - Starting XceiverServerRatis c2b172e5-e4cb-4596-beed-b2a603e2732e
2022-10-03 12:54:08,120 [EndpointStateMachine task thread for /0.0.0.0:44405 - 0 ] INFO  server.RaftServer (RaftServerProxy.java:lambda$start$6(382)) - c2b172e5-e4cb-4596-beed-b2a603e2732e: start RPC server
2022-10-03 12:54:08,121 [EndpointStateMachine task thread for /0.0.0.0:44405 - 0 ] INFO  server.GrpcService (GrpcService.java:startImpl(260)) - c2b172e5-e4cb-4596-beed-b2a603e2732e: GrpcService started, listening on 36187
2022-10-03 12:54:08,121 [EndpointStateMachine task thread for /0.0.0.0:44405 - 0 ] INFO  ratis.XceiverServerRatis (XceiverServerRatis.java:getRealPort(502)) - XceiverServerRatis c2b172e5-e4cb-4596-beed-b2a603e2732e is started using port 36187 for RATIS
2022-10-03 12:54:08,121 [org.apache.ratis.util.JvmPauseMonitor$$Lambda$685/536859976@6a1d496a] INFO  util.JvmPauseMonitor (JvmPauseMonitor.java:run(103)) - JvmPauseMonitor-c2b172e5-e4cb-4596-beed-b2a603e2732e: Started
2022-10-03 12:54:08,121 [EndpointStateMachine task thread for /0.0.0.0:44405 - 0 ] INFO  ratis.XceiverServerRatis (XceiverServerRatis.java:getRealPort(502)) - XceiverServerRatis c2b172e5-e4cb-4596-beed-b2a603e2732e is started using port 36187 for RATIS_ADMIN
2022-10-03 12:54:08,121 [EndpointStateMachine task thread for /0.0.0.0:44405 - 0 ] INFO  ratis.XceiverServerRatis (XceiverServerRatis.java:getRealPort(502)) - XceiverServerRatis c2b172e5-e4cb-4596-beed-b2a603e2732e is started using port 36187 for RATIS_SERVER
2022-10-03 12:54:08,122 [EndpointStateMachine task thread for /0.0.0.0:44405 - 0 ] INFO  server.XceiverServerGrpc (XceiverServerGrpc.java:start(180)) - XceiverServerGrpc c2b172e5-e4cb-4596-beed-b2a603e2732e is started using port 44911
2022-10-03 12:54:08,514 [Listener at 127.0.0.1/36971] INFO  ozone.MiniOzoneClusterImpl (MiniOzoneClusterImpl.java:lambda$waitForClusterToBeReady$0(216)) - Waiting for nodes to be ready. Got 0 of 3 DN Heartbeats.
2022-10-03 12:54:08,514 [Listener at 127.0.0.1/36971] INFO  ozone.MiniOzoneClusterImpl (MiniOzoneClusterImpl.java:lambda$waitForClusterToBeReady$0(219)) - Waiting for cluster to exit safe mode
2022-10-03 12:54:08,514 [Listener at 127.0.0.1/36971] INFO  ozone.MiniOzoneClusterImpl (MiniOzoneClusterImpl.java:lambda$waitForClusterToBeReady$0(221)) - SCM became leader
2022-10-03 12:54:08,542 [EndpointStateMachine task thread for /0.0.0.0:44405 - 0 ] INFO  volume.HddsVolume (HddsVolume.java:createDbStore(307)) - SchemaV3 db is created and loaded at /home/runner/work/ozone/ozone/hadoop-ozone/integration-test/target/test-dir/MiniOzoneClusterImpl-b6ae2940-34d7-4a31-919c-df5c2426260d/datanode-2/data-0/containers/hdds/b6ae2940-34d7-4a31-919c-df5c2426260d/DS-e07192fa-8534-4ebb-8c79-ff521cca5eff/container.db for volume DS-e07192fa-8534-4ebb-8c79-ff521cca5eff
2022-10-03 12:54:08,543 [EndpointStateMachine task thread for /0.0.0.0:44405 - 0 ] INFO  volume.HddsVolume (HddsVolume.java:closeDbStore(338)) - SchemaV3 db is stopped at /home/runner/work/ozone/ozone/hadoop-ozone/integration-test/target/test-dir/MiniOzoneClusterImpl-b6ae2940-34d7-4a31-919c-df5c2426260d/datanode-2/data-0/containers/hdds/b6ae2940-34d7-4a31-919c-df5c2426260d/DS-e07192fa-8534-4ebb-8c79-ff521cca5eff/container.db for volume DS-e07192fa-8534-4ebb-8c79-ff521cca5eff
2022-10-03 12:54:08,543 [EndpointStateMachine task thread for /0.0.0.0:44405 - 0 ] INFO  ozoneimpl.OzoneContainer (OzoneContainer.java:start(378)) - Attempting to start container services.
2022-10-03 12:54:08,543 [EndpointStateMachine task thread for /0.0.0.0:44405 - 0 ] INFO  ozoneimpl.OzoneContainer (OzoneContainer.java:startContainerScrub(313)) - Background container scanner has been disabled.
2022-10-03 12:54:08,547 [EndpointStateMachine task thread for /0.0.0.0:44405 - 0 ] INFO  replication.ReplicationServer (ReplicationServer.java:start(111)) - ReplicationServer is started using port 39917
2022-10-03 12:54:08,547 [EndpointStateMachine task thread for /0.0.0.0:44405 - 0 ] INFO  ratis.XceiverServerRatis (XceiverServerRatis.java:start(481)) - Starting XceiverServerRatis 65d00af3-f5da-4eaa-9376-f833deec0a70
2022-10-03 12:54:08,548 [EndpointStateMachine task thread for /0.0.0.0:44405 - 0 ] INFO  server.RaftServer (RaftServerProxy.java:lambda$start$6(382)) - 65d00af3-f5da-4eaa-9376-f833deec0a70: start RPC server
2022-10-03 12:54:08,549 [EndpointStateMachine task thread for /0.0.0.0:44405 - 0 ] INFO  server.GrpcService (GrpcService.java:startImpl(260)) - 65d00af3-f5da-4eaa-9376-f833deec0a70: GrpcService started, listening on 39677
2022-10-03 12:54:08,549 [EndpointStateMachine task thread for /0.0.0.0:44405 - 0 ] INFO  ratis.XceiverServerRatis (XceiverServerRatis.java:getRealPort(502)) - XceiverServerRatis 65d00af3-f5da-4eaa-9376-f833deec0a70 is started using port 39677 for RATIS
2022-10-03 12:54:08,549 [EndpointStateMachine task thread for /0.0.0.0:44405 - 0 ] INFO  ratis.XceiverServerRatis (XceiverServerRatis.java:getRealPort(502)) - XceiverServerRatis 65d00af3-f5da-4eaa-9376-f833deec0a70 is started using port 39677 for RATIS_ADMIN
2022-10-03 12:54:08,549 [EndpointStateMachine task thread for /0.0.0.0:44405 - 0 ] INFO  ratis.XceiverServerRatis (XceiverServerRatis.java:getRealPort(502)) - XceiverServerRatis 65d00af3-f5da-4eaa-9376-f833deec0a70 is started using port 39677 for RATIS_SERVER
2022-10-03 12:54:08,549 [org.apache.ratis.util.JvmPauseMonitor$$Lambda$685/536859976@13937578] INFO  util.JvmPauseMonitor (JvmPauseMonitor.java:run(103)) - JvmPauseMonitor-65d00af3-f5da-4eaa-9376-f833deec0a70: Started
2022-10-03 12:54:08,551 [EndpointStateMachine task thread for /0.0.0.0:44405 - 0 ] INFO  server.XceiverServerGrpc (XceiverServerGrpc.java:start(180)) - XceiverServerGrpc 65d00af3-f5da-4eaa-9376-f833deec0a70 is started using port 42163
2022-10-03 12:54:09,514 [Listener at 127.0.0.1/36971] INFO  ozone.MiniOzoneClusterImpl (MiniOzoneClusterImpl.java:lambda$waitForClusterToBeReady$0(216)) - Waiting for nodes to be ready. Got 0 of 3 DN Heartbeats.
2022-10-03 12:54:09,515 [Listener at 127.0.0.1/36971] INFO  ozone.MiniOzoneClusterImpl (MiniOzoneClusterImpl.java:lambda$waitForClusterToBeReady$0(219)) - Waiting for cluster to exit safe mode
2022-10-03 12:54:09,515 [Listener at 127.0.0.1/36971] INFO  ozone.MiniOzoneClusterImpl (MiniOzoneClusterImpl.java:lambda$waitForClusterToBeReady$0(221)) - SCM became leader
2022-10-03 12:54:09,701 [IPC Server handler 1 on default port 44405] INFO  net.NetworkTopologyImpl (NetworkTopologyImpl.java:add(112)) - Added a new node: /default-rack/e9347147-4904-419e-aa00-cb57e200d90a
2022-10-03 12:54:09,703 [IPC Server handler 1 on default port 44405] INFO  node.SCMNodeManager (SCMNodeManager.java:register(397)) - Registered Data node : e9347147-4904-419e-aa00-cb57e200d90a{ip: 10.1.0.147, host: fv-az443-503.ap2fcshprsnunfx25e1aelzb4b.cx.internal.cloudapp.net, ports: [REPLICATION=45067, RATIS=44637, RATIS_ADMIN=44637, RATIS_SERVER=44637, STANDALONE=37411], networkLocation: /default-rack, certSerialId: null, persistedOpState: null, persistedOpStateExpiryEpochSec: 0}
2022-10-03 12:54:09,707 [EventQueue-NewNodeForNewNodeHandler] INFO  pipeline.BackgroundPipelineCreator (BackgroundPipelineCreator.java:notifyEventTriggered(276)) - trigger a one-shot run on RatisPipelineUtilsThread.
2022-10-03 12:54:09,713 [RatisPipelineUtilsThread - 0] INFO  pipeline.RatisPipelineProvider (RatisPipelineProvider.java:lambda$create$0(195)) - Sending CreatePipelineCommand for pipeline:PipelineID=f248898e-17e2-42d4-a2ad-018e6e649ee0 to datanode:e9347147-4904-419e-aa00-cb57e200d90a
2022-10-03 12:54:09,714 [EventQueue-NodeRegistrationContainerReportForContainerSafeModeRule] INFO  safemode.SCMSafeModeManager (SCMSafeModeManager.java:validateSafeModeExitRules(204)) - ContainerSafeModeRule rule is successfully validated
2022-10-03 12:54:09,715 [EventQueue-NodeRegistrationContainerReportForDataNodeSafeModeRule] INFO  safemode.SCMSafeModeManager (DataNodeSafeModeRule.java:process(71)) - SCM in safe mode. 1 DataNodes registered, 3 required.
2022-10-03 12:54:09,715 [EventQueue-PipelineReportForOneReplicaPipelineSafeModeRule] INFO  safemode.SCMSafeModeManager (SCMSafeModeManager.java:validateSafeModeExitRules(204)) - AtleastOneDatanodeReportedRule rule is successfully validated
2022-10-03 12:54:09,727 [RatisPipelineUtilsThread - 0] INFO  pipeline.PipelineStateManagerImpl (PipelineStateManagerImpl.java:addPipeline(103)) - Created pipeline Pipeline[ Id: f248898e-17e2-42d4-a2ad-018e6e649ee0, Nodes: e9347147-4904-419e-aa00-cb57e200d90a{ip: 10.1.0.147, host: fv-az443-503.ap2fcshprsnunfx25e1aelzb4b.cx.internal.cloudapp.net, ports: [REPLICATION=45067, RATIS=44637, RATIS_ADMIN=44637, RATIS_SERVER=44637, STANDALONE=37411], networkLocation: /default-rack, certSerialId: null, persistedOpState: IN_SERVICE, persistedOpStateExpiryEpochSec: 0}, ReplicationConfig: RATIS/ONE, State:ALLOCATED, leaderId:, CreationTimestamp2022-10-03T12:54:09.712Z[Etc/UTC]].
2022-10-03 12:54:10,089 [IPC Server handler 6 on default port 44405] INFO  net.NetworkTopologyImpl (NetworkTopologyImpl.java:add(112)) - Added a new node: /default-rack/c2b172e5-e4cb-4596-beed-b2a603e2732e
2022-10-03 12:54:10,089 [IPC Server handler 6 on default port 44405] INFO  node.SCMNodeManager (SCMNodeManager.java:register(397)) - Registered Data node : c2b172e5-e4cb-4596-beed-b2a603e2732e{ip: 10.1.0.147, host: fv-az443-503.ap2fcshprsnunfx25e1aelzb4b.cx.internal.cloudapp.net, ports: [REPLICATION=44921, RATIS=36187, RATIS_ADMIN=36187, RATIS_SERVER=36187, STANDALONE=44911], networkLocation: /default-rack, certSerialId: null, persistedOpState: null, persistedOpStateExpiryEpochSec: 0}
2022-10-03 12:54:10,090 [EventQueue-NewNodeForNewNodeHandler] INFO  pipeline.BackgroundPipelineCreator (BackgroundPipelineCreator.java:notifyEventTriggered(276)) - trigger a one-shot run on RatisPipelineUtilsThread.
2022-10-03 12:54:10,094 [EventQueue-NodeRegistrationContainerReportForDataNodeSafeModeRule] INFO  safemode.SCMSafeModeManager (DataNodeSafeModeRule.java:process(71)) - SCM in safe mode. 2 DataNodes registered, 3 required.
2022-10-03 12:54:10,094 [RatisPipelineUtilsThread - 0] INFO  pipeline.RatisPipelineProvider (RatisPipelineProvider.java:lambda$create$0(195)) - Sending CreatePipelineCommand for pipeline:PipelineID=907387a3-329b-4a5d-98ea-4f803688fee2 to datanode:c2b172e5-e4cb-4596-beed-b2a603e2732e
2022-10-03 12:54:10,095 [RatisPipelineUtilsThread - 0] INFO  pipeline.PipelineStateManagerImpl (PipelineStateManagerImpl.java:addPipeline(103)) - Created pipeline Pipeline[ Id: 907387a3-329b-4a5d-98ea-4f803688fee2, Nodes: c2b172e5-e4cb-4596-beed-b2a603e2732e{ip: 10.1.0.147, host: fv-az443-503.ap2fcshprsnunfx25e1aelzb4b.cx.internal.cloudapp.net, ports: [REPLICATION=44921, RATIS=36187, RATIS_ADMIN=36187, RATIS_SERVER=36187, STANDALONE=44911], networkLocation: /default-rack, certSerialId: null, persistedOpState: IN_SERVICE, persistedOpStateExpiryEpochSec: 0}, ReplicationConfig: RATIS/ONE, State:ALLOCATED, leaderId:, CreationTimestamp2022-10-03T12:54:10.094Z[Etc/UTC]].
2022-10-03 12:54:10,515 [Listener at 127.0.0.1/36971] INFO  ozone.MiniOzoneClusterImpl (MiniOzoneClusterImpl.java:lambda$waitForClusterToBeReady$0(216)) - Waiting for nodes to be ready. Got 2 of 3 DN Heartbeats.
2022-10-03 12:54:10,515 [Listener at 127.0.0.1/36971] INFO  ozone.MiniOzoneClusterImpl (MiniOzoneClusterImpl.java:lambda$waitForClusterToBeReady$0(219)) - Waiting for cluster to exit safe mode
2022-10-03 12:54:10,515 [Listener at 127.0.0.1/36971] INFO  ozone.MiniOzoneClusterImpl (MiniOzoneClusterImpl.java:lambda$waitForClusterToBeReady$0(221)) - SCM became leader
2022-10-03 12:54:10,519 [IPC Server handler 0 on default port 44405] INFO  net.NetworkTopologyImpl (NetworkTopologyImpl.java:add(112)) - Added a new node: /default-rack/65d00af3-f5da-4eaa-9376-f833deec0a70
2022-10-03 12:54:10,520 [IPC Server handler 0 on default port 44405] INFO  node.SCMNodeManager (SCMNodeManager.java:register(397)) - Registered Data node : 65d00af3-f5da-4eaa-9376-f833deec0a70{ip: 10.1.0.147, host: fv-az443-503.ap2fcshprsnunfx25e1aelzb4b.cx.internal.cloudapp.net, ports: [REPLICATION=39917, RATIS=39677, RATIS_ADMIN=39677, RATIS_SERVER=39677, STANDALONE=42163], networkLocation: /default-rack, certSerialId: null, persistedOpState: null, persistedOpStateExpiryEpochSec: 0}
2022-10-03 12:54:10,520 [EventQueue-NewNodeForNewNodeHandler] INFO  pipeline.BackgroundPipelineCreator (BackgroundPipelineCreator.java:notifyEventTriggered(276)) - trigger a one-shot run on RatisPipelineUtilsThread.
2022-10-03 12:54:10,520 [EventQueue-NodeRegistrationContainerReportForDataNodeSafeModeRule] INFO  safemode.SCMSafeModeManager (DataNodeSafeModeRule.java:process(71)) - SCM in safe mode. 3 DataNodes registered, 3 required.
2022-10-03 12:54:10,520 [EventQueue-NodeRegistrationContainerReportForDataNodeSafeModeRule] INFO  safemode.SCMSafeModeManager (SCMSafeModeManager.java:validateSafeModeExitRules(204)) - DataNodeSafeModeRule rule is successfully validated
2022-10-03 12:54:10,520 [EventQueue-NodeRegistrationContainerReportForDataNodeSafeModeRule] INFO  safemode.SCMSafeModeManager (SCMSafeModeManager.java:completePreCheck(233)) - All SCM safe mode pre check rules have passed
2022-10-03 12:54:10,521 [EventQueue-NodeRegistrationContainerReportForDataNodeSafeModeRule] WARN  events.EventQueue (EventQueue.java:fireEvent(216)) - No event handler registered for event TypedEvent{payloadType=SafeModeStatus, name='Safe mode status'}
2022-10-03 12:54:10,521 [EventQueue-NodeRegistrationContainerReportForDataNodeSafeModeRule] INFO  ha.SCMContext (SCMContext.java:updateSafeModeStatus(228)) - Update SafeModeStatus from SafeModeStatus{safeModeStatus=true, preCheckPassed=false} to SafeModeStatus{safeModeStatus=true, preCheckPassed=true}.
2022-10-03 12:54:10,521 [EventQueue-NodeRegistrationContainerReportForDataNodeSafeModeRule] INFO  pipeline.BackgroundPipelineCreator (BackgroundPipelineCreator.java:notifyEventTriggered(276)) - trigger a one-shot run on RatisPipelineUtilsThread.
2022-10-03 12:54:10,521 [RatisPipelineUtilsThread - 0] INFO  pipeline.RatisPipelineProvider (RatisPipelineProvider.java:lambda$create$0(195)) - Sending CreatePipelineCommand for pipeline:PipelineID=be8c26d4-e307-4fa5-9d87-97b3e762ebae to datanode:65d00af3-f5da-4eaa-9376-f833deec0a70
2022-10-03 12:54:10,522 [RatisPipelineUtilsThread - 0] INFO  pipeline.PipelineStateManagerImpl (PipelineStateManagerImpl.java:addPipeline(103)) - Created pipeline Pipeline[ Id: be8c26d4-e307-4fa5-9d87-97b3e762ebae, Nodes: 65d00af3-f5da-4eaa-9376-f833deec0a70{ip: 10.1.0.147, host: fv-az443-503.ap2fcshprsnunfx25e1aelzb4b.cx.internal.cloudapp.net, ports: [REPLICATION=39917, RATIS=39677, RATIS_ADMIN=39677, RATIS_SERVER=39677, STANDALONE=42163], networkLocation: /default-rack, certSerialId: null, persistedOpState: IN_SERVICE, persistedOpStateExpiryEpochSec: 0}, ReplicationConfig: RATIS/ONE, State:ALLOCATED, leaderId:, CreationTimestamp2022-10-03T12:54:10.521Z[Etc/UTC]].
2022-10-03 12:54:10,525 [RatisPipelineUtilsThread - 0] INFO  pipeline.RatisPipelineProvider (RatisPipelineProvider.java:lambda$create$0(195)) - Sending CreatePipelineCommand for pipeline:PipelineID=65ba1b22-f7dc-4a39-bafb-160eb6a497b2 to datanode:e9347147-4904-419e-aa00-cb57e200d90a
2022-10-03 12:54:10,525 [RatisPipelineUtilsThread - 0] INFO  pipeline.RatisPipelineProvider (RatisPipelineProvider.java:lambda$create$0(195)) - Sending CreatePipelineCommand for pipeline:PipelineID=65ba1b22-f7dc-4a39-bafb-160eb6a497b2 to datanode:c2b172e5-e4cb-4596-beed-b2a603e2732e
2022-10-03 12:54:10,525 [RatisPipelineUtilsThread - 0] INFO  pipeline.RatisPipelineProvider (RatisPipelineProvider.java:lambda$create$0(195)) - Sending CreatePipelineCommand for pipeline:PipelineID=65ba1b22-f7dc-4a39-bafb-160eb6a497b2 to datanode:65d00af3-f5da-4eaa-9376-f833deec0a70
2022-10-03 12:54:10,526 [RatisPipelineUtilsThread - 0] INFO  pipeline.PipelineStateManagerImpl (PipelineStateManagerImpl.java:addPipeline(103)) - Created pipeline Pipeline[ Id: 65ba1b22-f7dc-4a39-bafb-160eb6a497b2, Nodes: e9347147-4904-419e-aa00-cb57e200d90a{ip: 10.1.0.147, host: fv-az443-503.ap2fcshprsnunfx25e1aelzb4b.cx.internal.cloudapp.net, ports: [REPLICATION=45067, RATIS=44637, RATIS_ADMIN=44637, RATIS_SERVER=44637, STANDALONE=37411], networkLocation: /default-rack, certSerialId: null, persistedOpState: IN_SERVICE, persistedOpStateExpiryEpochSec: 0}c2b172e5-e4cb-4596-beed-b2a603e2732e{ip: 10.1.0.147, host: fv-az443-503.ap2fcshprsnunfx25e1aelzb4b.cx.internal.cloudapp.net, ports: [REPLICATION=44921, RATIS=36187, RATIS_ADMIN=36187, RATIS_SERVER=36187, STANDALONE=44911], networkLocation: /default-rack, certSerialId: null, persistedOpState: IN_SERVICE, persistedOpStateExpiryEpochSec: 0}65d00af3-f5da-4eaa-9376-f833deec0a70{ip: 10.1.0.147, host: fv-az443-503.ap2fcshprsnunfx25e1aelzb4b.cx.internal.cloudapp.net, ports: [REPLICATION=39917, RATIS=39677, RATIS_ADMIN=39677, RATIS_SERVER=39677, STANDALONE=42163], networkLocation: /default-rack, certSerialId: null, persistedOpState: IN_SERVICE, persistedOpStateExpiryEpochSec: 0}, ReplicationConfig: RATIS/THREE, State:ALLOCATED, leaderId:, CreationTimestamp2022-10-03T12:54:10.525Z[Etc/UTC]].
2022-10-03 12:54:10,527 [RatisPipelineUtilsThread - 0] INFO  pipeline.RatisPipelineProvider (RatisPipelineProvider.java:lambda$create$0(195)) - Sending CreatePipelineCommand for pipeline:PipelineID=2c74525f-2961-4101-a8f7-d6a0c8b7ac10 to datanode:65d00af3-f5da-4eaa-9376-f833deec0a70
2022-10-03 12:54:10,527 [RatisPipelineUtilsThread - 0] INFO  pipeline.RatisPipelineProvider (RatisPipelineProvider.java:lambda$create$0(195)) - Sending CreatePipelineCommand for pipeline:PipelineID=2c74525f-2961-4101-a8f7-d6a0c8b7ac10 to datanode:e9347147-4904-419e-aa00-cb57e200d90a
2022-10-03 12:54:10,527 [RatisPipelineUtilsThread - 0] INFO  pipeline.RatisPipelineProvider (RatisPipelineProvider.java:lambda$create$0(195)) - Sending CreatePipelineCommand for pipeline:PipelineID=2c74525f-2961-4101-a8f7-d6a0c8b7ac10 to datanode:c2b172e5-e4cb-4596-beed-b2a603e2732e
2022-10-03 12:54:10,528 [RatisPipelineUtilsThread - 0] INFO  pipeline.PipelineStateManagerImpl (PipelineStateManagerImpl.java:addPipeline(103)) - Created pipeline Pipeline[ Id: 2c74525f-2961-4101-a8f7-d6a0c8b7ac10, Nodes: 65d00af3-f5da-4eaa-9376-f833deec0a70{ip: 10.1.0.147, host: fv-az443-503.ap2fcshprsnunfx25e1aelzb4b.cx.internal.cloudapp.net, ports: [REPLICATION=39917, RATIS=39677, RATIS_ADMIN=39677, RATIS_SERVER=39677, STANDALONE=42163], networkLocation: /default-rack, certSerialId: null, persistedOpState: IN_SERVICE, persistedOpStateExpiryEpochSec: 0}e9347147-4904-419e-aa00-cb57e200d90a{ip: 10.1.0.147, host: fv-az443-503.ap2fcshprsnunfx25e1aelzb4b.cx.internal.cloudapp.net, ports: [REPLICATION=45067, RATIS=44637, RATIS_ADMIN=44637, RATIS_SERVER=44637, STANDALONE=37411], networkLocation: /default-rack, certSerialId: null, persistedOpState: IN_SERVICE, persistedOpStateExpiryEpochSec: 0}c2b172e5-e4cb-4596-beed-b2a603e2732e{ip: 10.1.0.147, host: fv-az443-503.ap2fcshprsnunfx25e1aelzb4b.cx.internal.cloudapp.net, ports: [REPLICATION=44921, RATIS=36187, RATIS_ADMIN=36187, RATIS_SERVER=36187, STANDALONE=44911], networkLocation: /default-rack, certSerialId: null, persistedOpState: IN_SERVICE, persistedOpStateExpiryEpochSec: 0}, ReplicationConfig: RATIS/THREE, State:ALLOCATED, leaderId:, CreationTimestamp2022-10-03T12:54:10.527Z[Etc/UTC]].
2022-10-03 12:54:10,528 [RatisPipelineUtilsThread - 0] INFO  pipeline.PipelineManagerImpl (PipelineManagerImpl.java:recordMetricsForPipeline(796)) - Pipeline: PipelineID=2c74525f-2961-4101-a8f7-d6a0c8b7ac10 contains same datanodes as previous pipelines: PipelineID=65ba1b22-f7dc-4a39-bafb-160eb6a497b2 nodeIds: 65d00af3-f5da-4eaa-9376-f833deec0a70, e9347147-4904-419e-aa00-cb57e200d90a, c2b172e5-e4cb-4596-beed-b2a603e2732e
2022-10-03 12:54:11,516 [Listener at 127.0.0.1/36971] INFO  ozone.MiniOzoneClusterImpl (MiniOzoneClusterImpl.java:lambda$waitForClusterToBeReady$0(216)) - Nodes are ready. Got 3 of 3 DN Heartbeats.
2022-10-03 12:54:11,517 [Listener at 127.0.0.1/36971] INFO  ozone.MiniOzoneClusterImpl (MiniOzoneClusterImpl.java:lambda$waitForClusterToBeReady$0(219)) - Waiting for cluster to exit safe mode
2022-10-03 12:54:11,517 [Listener at 127.0.0.1/36971] INFO  ozone.MiniOzoneClusterImpl (MiniOzoneClusterImpl.java:lambda$waitForClusterToBeReady$0(221)) - SCM became leader
2022-10-03 12:54:12,517 [Listener at 127.0.0.1/36971] INFO  ozone.MiniOzoneClusterImpl (MiniOzoneClusterImpl.java:lambda$waitForClusterToBeReady$0(216)) - Nodes are ready. Got 3 of 3 DN Heartbeats.
2022-10-03 12:54:12,518 [Listener at 127.0.0.1/36971] INFO  ozone.MiniOzoneClusterImpl (MiniOzoneClusterImpl.java:lambda$waitForClusterToBeReady$0(219)) - Waiting for cluster to exit safe mode
2022-10-03 12:54:12,518 [Listener at 127.0.0.1/36971] INFO  ozone.MiniOzoneClusterImpl (MiniOzoneClusterImpl.java:lambda$waitForClusterToBeReady$0(221)) - SCM became leader
2022-10-03 12:54:12,695 [Command processor thread] INFO  server.RaftServer (RaftServerProxy.java:addNew(96)) - e9347147-4904-419e-aa00-cb57e200d90a: addNew group-018E6E649EE0:[e9347147-4904-419e-aa00-cb57e200d90a|rpc:10.1.0.147:44637|priority:1] returns group-018E6E649EE0:java.util.concurrent.CompletableFuture@73fab202[Not completed]
2022-10-03 12:54:12,704 [pool-72-thread-1] INFO  server.RaftServer$Division (RaftServerImpl.java:<init>(190)) - e9347147-4904-419e-aa00-cb57e200d90a: new RaftServerImpl for group-018E6E649EE0:[e9347147-4904-419e-aa00-cb57e200d90a|rpc:10.1.0.147:44637|priority:1] with ContainerStateMachine:uninitialized
2022-10-03 12:54:12,704 [pool-72-thread-1] INFO  server.RaftServerConfigKeys (ConfUtils.java:logGet(46)) - raft.server.rpc.timeout.min = 5s (custom)
2022-10-03 12:54:12,704 [pool-72-thread-1] INFO  server.RaftServerConfigKeys (ConfUtils.java:logGet(46)) - raft.server.rpc.timeout.max = 5200ms (custom)
2022-10-03 12:54:12,704 [pool-72-thread-1] INFO  server.RaftServerConfigKeys (ConfUtils.java:logGet(46)) - raft.server.rpc.sleep.time = 25ms (default)
2022-10-03 12:54:12,704 [pool-72-thread-1] INFO  server.RaftServerConfigKeys (ConfUtils.java:logGet(46)) - raft.server.rpc.slowness.timeout = 300s (custom)
2022-10-03 12:54:12,704 [pool-72-thread-1] INFO  server.RaftServerConfigKeys (ConfUtils.java:logGet(46)) - raft.server.leaderelection.leader.step-down.wait-time = 10s (default)
2022-10-03 12:54:12,704 [pool-72-thread-1] INFO  server.RaftServerConfigKeys (ConfUtils.java:logGet(46)) - raft.server.sleep.deviation.threshold = 300ms (default)
2022-10-03 12:54:12,704 [pool-72-thread-1] INFO  server.RaftServer$Division (ServerState.java:<init>(107)) - e9347147-4904-419e-aa00-cb57e200d90a@group-018E6E649EE0: ConfigurationManager, init=-1: [e9347147-4904-419e-aa00-cb57e200d90a|rpc:10.1.0.147:44637|priority:1], old=null, confs=<EMPTY_MAP>
2022-10-03 12:54:12,704 [pool-72-thread-1] INFO  server.RaftServerConfigKeys (ConfUtils.java:logGet(46)) - raft.server.storage.dir = [/home/runner/work/ozone/ozone/hadoop-ozone/integration-test/target/test-dir/MiniOzoneClusterImpl-b6ae2940-34d7-4a31-919c-df5c2426260d/datanode-0/data/ratis] (custom)
2022-10-03 12:54:12,705 [pool-72-thread-1] INFO  server.RaftServerConfigKeys (ConfUtils.java:logGet(46)) - raft.server.log.corruption.policy = EXCEPTION (default)
2022-10-03 12:54:12,705 [pool-72-thread-1] INFO  server.RaftServerConfigKeys (ConfUtils.java:logGet(46)) - raft.server.storage.free-space.min = 0MB (=0) (default)
2022-10-03 12:54:12,705 [pool-72-thread-1] INFO  storage.RaftStorageDirectory (RaftStorageDirectoryImpl.java:analyzeStorage(135)) - The storage directory /home/runner/work/ozone/ozone/hadoop-ozone/integration-test/target/test-dir/MiniOzoneClusterImpl-b6ae2940-34d7-4a31-919c-df5c2426260d/datanode-0/data/ratis/f248898e-17e2-42d4-a2ad-018e6e649ee0 does not exist. Creating ...
2022-10-03 12:54:12,707 [pool-72-thread-1] INFO  storage.RaftStorageDirectory (RaftStorageDirectoryImpl.java:tryLock(230)) - Lock on /home/runner/work/ozone/ozone/hadoop-ozone/integration-test/target/test-dir/MiniOzoneClusterImpl-b6ae2940-34d7-4a31-919c-df5c2426260d/datanode-0/data/ratis/f248898e-17e2-42d4-a2ad-018e6e649ee0/in_use.lock acquired by nodename 2263@fv-az443-503
2022-10-03 12:54:12,708 [pool-72-thread-1] INFO  storage.RaftStorage (RaftStorageImpl.java:format(89)) - Storage directory /home/runner/work/ozone/ozone/hadoop-ozone/integration-test/target/test-dir/MiniOzoneClusterImpl-b6ae2940-34d7-4a31-919c-df5c2426260d/datanode-0/data/ratis/f248898e-17e2-42d4-a2ad-018e6e649ee0 has been successfully formatted.
2022-10-03 12:54:12,725 [pool-72-thread-1] INFO  ratis.ContainerStateMachine (ContainerStateMachine.java:loadSnapshot(236)) - group-018E6E649EE0: The snapshot info is null. Setting the last applied indexto:(t:0, i:~)
2022-10-03 12:54:12,726 [pool-72-thread-1] INFO  server.RaftServerConfigKeys (ConfUtils.java:logGet(46)) - raft.server.notification.no-leader.timeout = 300s (custom)
2022-10-03 12:54:12,726 [pool-72-thread-1] INFO  server.RaftServerConfigKeys (ConfUtils.java:logGet(46)) - raft.server.log.use.memory = false (default)
2022-10-03 12:54:12,726 [pool-72-thread-1] INFO  server.RaftServerConfigKeys (ConfUtils.java:logGet(46)) - raft.server.log.purge.gap = 1000000 (custom)
2022-10-03 12:54:12,726 [pool-72-thread-1] INFO  server.RaftServerConfigKeys (ConfUtils.java:logGet(46)) - raft.server.log.appender.buffer.byte-limit = 33554432 (custom)
2022-10-03 12:54:12,726 [pool-72-thread-1] INFO  server.RaftServerConfigKeys (ConfUtils.java:logGet(46)) - raft.server.log.statemachine.data.read.timeout = 1000ms (default)
2022-10-03 12:54:12,726 [pool-72-thread-1] INFO  server.RaftServerConfigKeys (ConfUtils.java:logGet(46)) - raft.server.log.segment.size.max = 1048576 (custom)
2022-10-03 12:54:12,728 [pool-72-thread-1] INFO  server.RaftServerConfigKeys (ConfUtils.java:logGet(46)) - raft.server.log.segment.cache.num.max = 2 (custom)
2022-10-03 12:54:12,728 [pool-72-thread-1] INFO  server.RaftServerConfigKeys (ConfUtils.java:logGet(46)) - raft.server.log.segment.cache.size.max = 200MB (=209715200) (default)
2022-10-03 12:54:12,728 [pool-72-thread-1] INFO  segmented.SegmentedRaftLogWorker (SegmentedRaftLogWorker.java:<init>(187)) - new e9347147-4904-419e-aa00-cb57e200d90a@group-018E6E649EE0-SegmentedRaftLogWorker for RaftStorageImpl:Storage Directory /home/runner/work/ozone/ozone/hadoop-ozone/integration-test/target/test-dir/MiniOzoneClusterImpl-b6ae2940-34d7-4a31-919c-df5c2426260d/datanode-0/data/ratis/f248898e-17e2-42d4-a2ad-018e6e649ee0
2022-10-03 12:54:12,728 [pool-72-thread-1] INFO  server.RaftServerConfigKeys (ConfUtils.java:logGet(46)) - raft.server.log.queue.byte-limit = 4294967296 (custom)
2022-10-03 12:54:12,728 [pool-72-thread-1] INFO  server.RaftServerConfigKeys (ConfUtils.java:logGet(46)) - raft.server.log.queue.element-limit = 1024 (custom)
2022-10-03 12:54:12,728 [pool-72-thread-1] INFO  server.RaftServerConfigKeys (ConfUtils.java:logGet(46)) - raft.server.log.segment.size.max = 1048576 (custom)
2022-10-03 12:54:12,728 [pool-72-thread-1] INFO  server.RaftServerConfigKeys (ConfUtils.java:logGet(46)) - raft.server.log.preallocated.size = 16384 (custom)
2022-10-03 12:54:12,728 [pool-72-thread-1] INFO  server.RaftServerConfigKeys (ConfUtils.java:logGet(46)) - raft.server.log.force.sync.num = 128 (default)
2022-10-03 12:54:12,728 [pool-72-thread-1] INFO  server.RaftServerConfigKeys (ConfUtils.java:logGet(46)) - raft.server.log.statemachine.data.sync = true (default)
2022-10-03 12:54:12,728 [pool-72-thread-1] INFO  server.RaftServerConfigKeys (ConfUtils.java:logGet(46)) - raft.server.log.statemachine.data.sync.timeout = 10s (default)
2022-10-03 12:54:12,729 [pool-72-thread-1] INFO  server.RaftServerConfigKeys (ConfUtils.java:logGet(46)) - raft.server.log.statemachine.data.sync.timeout.retry = -1 (default)
2022-10-03 12:54:12,730 [pool-72-thread-1] INFO  server.RaftServerConfigKeys (ConfUtils.java:logGet(46)) - raft.server.log.write.buffer.size = 1048576 (custom)
2022-10-03 12:54:12,730 [pool-72-thread-1] INFO  server.RaftServerConfigKeys (ConfUtils.java:logGet(46)) - raft.server.log.unsafe-flush.enabled = false (default)
2022-10-03 12:54:12,731 [pool-72-thread-1] INFO  server.RaftServerConfigKeys (ConfUtils.java:logGet(46)) - raft.server.log.statemachine.data.caching.enabled = true (custom)
2022-10-03 12:54:12,731 [pool-72-thread-1] INFO  segmented.SegmentedRaftLogWorker (SegmentedRaftLogWorker.java:lambda$new$0(135)) - e9347147-4904-419e-aa00-cb57e200d90a@group-018E6E649EE0-SegmentedRaftLogWorker: flushIndex: setUnconditionally 0 -> -1
2022-10-03 12:54:12,731 [pool-72-thread-1] INFO  segmented.SegmentedRaftLogWorker (SegmentedRaftLogWorker.java:lambda$new$0(135)) - e9347147-4904-419e-aa00-cb57e200d90a@group-018E6E649EE0-SegmentedRaftLogWorker: safeCacheEvictIndex: setUnconditionally 0 -> -1
2022-10-03 12:54:12,740 [pool-72-thread-1] INFO  server.RaftServerConfigKeys (ConfUtils.java:logGet(46)) - raft.server.snapshot.auto.trigger.enabled = true (custom)
2022-10-03 12:54:12,740 [pool-72-thread-1] INFO  server.RaftServerConfigKeys (ConfUtils.java:logGet(46)) - raft.server.snapshot.auto.trigger.threshold = 10000 (custom)
2022-10-03 12:54:12,740 [pool-72-thread-1] INFO  server.RaftServerConfigKeys (ConfUtils.java:logGet(46)) - raft.server.snapshot.retention.file.num = 5 (custom)
2022-10-03 12:54:12,740 [pool-72-thread-1] INFO  server.RaftServerConfigKeys (ConfUtils.java:logGet(46)) - raft.server.log.purge.upto.snapshot.index = false (default)
2022-10-03 12:54:12,740 [pool-72-thread-1] INFO  server.RaftServerConfigKeys (ConfUtils.java:logGet(46)) - raft.server.retrycache.expirytime = 600000ms (custom)
2022-10-03 12:54:12,740 [pool-72-thread-1] INFO  server.RaftServerConfigKeys (ConfUtils.java:logGet(46)) - raft.server.retrycache.statistics.expirytime = 100μs (default)
2022-10-03 12:54:12,742 [EventQueue-PipelineReportForPipelineReportHandler] INFO  pipeline.PipelineManagerImpl (PipelineManagerImpl.java:openPipeline(367)) - Pipeline Pipeline[ Id: f248898e-17e2-42d4-a2ad-018e6e649ee0, Nodes: e9347147-4904-419e-aa00-cb57e200d90a{ip: 10.1.0.147, host: fv-az443-503.ap2fcshprsnunfx25e1aelzb4b.cx.internal.cloudapp.net, ports: [REPLICATION=45067, RATIS=44637, RATIS_ADMIN=44637, RATIS_SERVER=44637, STANDALONE=37411], networkLocation: /default-rack, certSerialId: null, persistedOpState: IN_SERVICE, persistedOpStateExpiryEpochSec: 0}, ReplicationConfig: RATIS/ONE, State:ALLOCATED, leaderId:e9347147-4904-419e-aa00-cb57e200d90a, CreationTimestamp2022-10-03T12:54:09.712Z[Etc/UTC]] moved to OPEN state
2022-10-03 12:54:12,746 [pool-72-thread-1] INFO  server.RaftServerConfigKeys (ConfUtils.java:logGet(46)) - raft.server.log.appender.install.snapshot.enabled = false (custom)
2022-10-03 12:54:12,746 [pool-72-thread-1] INFO  server.RaftServerConfigKeys (ConfUtils.java:logGet(46)) - raft.server.threadpool.server.cached = true (default)
2022-10-03 12:54:12,746 [pool-72-thread-1] INFO  server.RaftServerConfigKeys (ConfUtils.java:logGet(46)) - raft.server.threadpool.server.size = 0 (default)
2022-10-03 12:54:12,746 [pool-72-thread-1] INFO  server.RaftServerConfigKeys (ConfUtils.java:logGet(46)) - raft.server.threadpool.client.cached = true (default)
2022-10-03 12:54:12,747 [pool-72-thread-1] INFO  server.RaftServerConfigKeys (ConfUtils.java:logGet(46)) - raft.server.threadpool.client.size = 0 (default)
2022-10-03 12:54:12,747 [pool-72-thread-1] INFO  server.RaftServer$Division (RaftServerImpl.java:start(310)) - e9347147-4904-419e-aa00-cb57e200d90a@group-018E6E649EE0: start as a follower, conf=-1: [e9347147-4904-419e-aa00-cb57e200d90a|rpc:10.1.0.147:44637|priority:1], old=null
2022-10-03 12:54:12,747 [pool-72-thread-1] INFO  server.RaftServer$Division (RaftServerImpl.java:setRole(299)) - e9347147-4904-419e-aa00-cb57e200d90a@group-018E6E649EE0: changes role from      null to FOLLOWER at term 0 for startAsFollower
2022-10-03 12:54:12,747 [pool-72-thread-1] INFO  impl.RoleInfo (RoleInfo.java:updateAndGet(139)) - e9347147-4904-419e-aa00-cb57e200d90a: start e9347147-4904-419e-aa00-cb57e200d90a@group-018E6E649EE0-FollowerState
2022-10-03 12:54:12,747 [EventQueue-OpenPipelineForHealthyPipelineSafeModeRule] INFO  safemode.SCMSafeModeManager (HealthyPipelineSafeModeRule.java:process(137)) - SCM in safe mode. Healthy pipelines reported count is 0, required healthy pipeline reported count is 1
2022-10-03 12:54:12,747 [pool-72-thread-1] INFO  util.JmxRegister (JmxRegister.java:tryRegister(44)) - Successfully registered JMX Bean with object name Ratis:service=RaftServer,group=group-018E6E649EE0,id=e9347147-4904-419e-aa00-cb57e200d90a
2022-10-03 12:54:12,770 [Command processor thread] INFO  ratis.XceiverServerRatis (XceiverServerRatis.java:addGroup(765)) - Created group PipelineID=f248898e-17e2-42d4-a2ad-018e6e649ee0
2022-10-03 12:54:12,771 [Command processor thread] INFO  commandhandler.CreatePipelineCommandHandler (CreatePipelineCommandHandler.java:handle(113)) - Created Pipeline RATIS ONE PipelineID=f248898e-17e2-42d4-a2ad-018e6e649ee0.
2022-10-03 12:54:12,771 [Command processor thread] INFO  server.RaftServer (RaftServerProxy.java:addNew(96)) - e9347147-4904-419e-aa00-cb57e200d90a: addNew group-160EB6A497B2:[e9347147-4904-419e-aa00-cb57e200d90a|rpc:10.1.0.147:44637|priority:1, 65d00af3-f5da-4eaa-9376-f833deec0a70|rpc:10.1.0.147:39677|priority:0, c2b172e5-e4cb-4596-beed-b2a603e2732e|rpc:10.1.0.147:36187|priority:0] returns group-160EB6A497B2:java.util.concurrent.CompletableFuture@39ec4c47[Not completed]
2022-10-03 12:54:12,772 [pool-72-thread-1] INFO  server.RaftServer$Division (RaftServerImpl.java:<init>(190)) - e9347147-4904-419e-aa00-cb57e200d90a: new RaftServerImpl for group-160EB6A497B2:[e9347147-4904-419e-aa00-cb57e200d90a|rpc:10.1.0.147:44637|priority:1, 65d00af3-f5da-4eaa-9376-f833deec0a70|rpc:10.1.0.147:39677|priority:0, c2b172e5-e4cb-4596-beed-b2a603e2732e|rpc:10.1.0.147:36187|priority:0] with ContainerStateMachine:uninitialized
2022-10-03 12:54:12,772 [pool-72-thread-1] INFO  server.RaftServerConfigKeys (ConfUtils.java:logGet(46)) - raft.server.rpc.timeout.min = 5s (custom)
2022-10-03 12:54:12,772 [pool-72-thread-1] INFO  server.RaftServerConfigKeys (ConfUtils.java:logGet(46)) - raft.server.rpc.timeout.max = 5200ms (custom)
2022-10-03 12:54:12,772 [pool-72-thread-1] INFO  server.RaftServerConfigKeys (ConfUtils.java:logGet(46)) - raft.server.rpc.sleep.time = 25ms (default)
2022-10-03 12:54:12,772 [pool-72-thread-1] INFO  server.RaftServerConfigKeys (ConfUtils.java:logGet(46)) - raft.server.rpc.slowness.timeout = 300s (custom)
2022-10-03 12:54:12,772 [pool-72-thread-1] INFO  server.RaftServerConfigKeys (ConfUtils.java:logGet(46)) - raft.server.leaderelection.leader.step-down.wait-time = 10s (default)
2022-10-03 12:54:12,772 [pool-72-thread-1] INFO  server.RaftServerConfigKeys (ConfUtils.java:logGet(46)) - raft.server.sleep.deviation.threshold = 300ms (default)
2022-10-03 12:54:12,772 [pool-72-thread-1] INFO  server.RaftServer$Division (ServerState.java:<init>(107)) - e9347147-4904-419e-aa00-cb57e200d90a@group-160EB6A497B2: ConfigurationManager, init=-1: [e9347147-4904-419e-aa00-cb57e200d90a|rpc:10.1.0.147:44637|priority:1, 65d00af3-f5da-4eaa-9376-f833deec0a70|rpc:10.1.0.147:39677|priority:0, c2b172e5-e4cb-4596-beed-b2a603e2732e|rpc:10.1.0.147:36187|priority:0], old=null, confs=<EMPTY_MAP>
2022-10-03 12:54:12,773 [pool-72-thread-1] INFO  server.RaftServerConfigKeys (ConfUtils.java:logGet(46)) - raft.server.storage.dir = [/home/runner/work/ozone/ozone/hadoop-ozone/integration-test/target/test-dir/MiniOzoneClusterImpl-b6ae2940-34d7-4a31-919c-df5c2426260d/datanode-0/data/ratis] (custom)
2022-10-03 12:54:12,773 [pool-72-thread-1] INFO  server.RaftServerConfigKeys (ConfUtils.java:logGet(46)) - raft.server.log.corruption.policy = EXCEPTION (default)
2022-10-03 12:54:12,773 [pool-72-thread-1] INFO  server.RaftServerConfigKeys (ConfUtils.java:logGet(46)) - raft.server.storage.free-space.min = 0MB (=0) (default)
2022-10-03 12:54:12,773 [pool-72-thread-1] INFO  storage.RaftStorageDirectory (RaftStorageDirectoryImpl.java:analyzeStorage(135)) - The storage directory /home/runner/work/ozone/ozone/hadoop-ozone/integration-test/target/test-dir/MiniOzoneClusterImpl-b6ae2940-34d7-4a31-919c-df5c2426260d/datanode-0/data/ratis/65ba1b22-f7dc-4a39-bafb-160eb6a497b2 does not exist. Creating ...
2022-10-03 12:54:12,774 [pool-72-thread-1] INFO  storage.RaftStorageDirectory (RaftStorageDirectoryImpl.java:tryLock(230)) - Lock on /home/runner/work/ozone/ozone/hadoop-ozone/integration-test/target/test-dir/MiniOzoneClusterImpl-b6ae2940-34d7-4a31-919c-df5c2426260d/datanode-0/data/ratis/65ba1b22-f7dc-4a39-bafb-160eb6a497b2/in_use.lock acquired by nodename 2263@fv-az443-503
2022-10-03 12:54:12,775 [pool-72-thread-1] INFO  storage.RaftStorage (RaftStorageImpl.java:format(89)) - Storage directory /home/runner/work/ozone/ozone/hadoop-ozone/integration-test/target/test-dir/MiniOzoneClusterImpl-b6ae2940-34d7-4a31-919c-df5c2426260d/datanode-0/data/ratis/65ba1b22-f7dc-4a39-bafb-160eb6a497b2 has been successfully formatted.
2022-10-03 12:54:12,780 [pool-72-thread-1] INFO  ratis.ContainerStateMachine (ContainerStateMachine.java:loadSnapshot(236)) - group-160EB6A497B2: The snapshot info is null. Setting the last applied indexto:(t:0, i:~)
2022-10-03 12:54:12,780 [pool-72-thread-1] INFO  server.RaftServerConfigKeys (ConfUtils.java:logGet(46)) - raft.server.notification.no-leader.timeout = 300s (custom)
2022-10-03 12:54:12,780 [EventQueue-OpenPipelineForHealthyPipelineSafeModeRule] INFO  safemode.SCMSafeModeManager (HealthyPipelineSafeModeRule.java:process(137)) - SCM in safe mode. Healthy pipelines reported count is 0, required healthy pipeline reported count is 1
2022-10-03 12:54:12,781 [pool-72-thread-1] INFO  server.RaftServerConfigKeys (ConfUtils.java:logGet(46)) - raft.server.log.use.memory = false (default)
2022-10-03 12:54:12,782 [pool-72-thread-1] INFO  server.RaftServerConfigKeys (ConfUtils.java:logGet(46)) - raft.server.log.purge.gap = 1000000 (custom)
2022-10-03 12:54:12,782 [pool-72-thread-1] INFO  server.RaftServerConfigKeys (ConfUtils.java:logGet(46)) - raft.server.log.appender.buffer.byte-limit = 33554432 (custom)
2022-10-03 12:54:12,782 [pool-72-thread-1] INFO  server.RaftServerConfigKeys (ConfUtils.java:logGet(46)) - raft.server.log.statemachine.data.read.timeout = 1000ms (default)
2022-10-03 12:54:12,782 [pool-72-thread-1] INFO  server.RaftServerConfigKeys (ConfUtils.java:logGet(46)) - raft.server.log.segment.size.max = 1048576 (custom)
2022-10-03 12:54:12,782 [pool-72-thread-1] INFO  server.RaftServerConfigKeys (ConfUtils.java:logGet(46)) - raft.server.log.segment.cache.num.max = 2 (custom)
2022-10-03 12:54:12,782 [pool-72-thread-1] INFO  server.RaftServerConfigKeys (ConfUtils.java:logGet(46)) - raft.server.log.segment.cache.size.max = 200MB (=209715200) (default)
2022-10-03 12:54:12,783 [pool-72-thread-1] INFO  segmented.SegmentedRaftLogWorker (SegmentedRaftLogWorker.java:<init>(187)) - new e9347147-4904-419e-aa00-cb57e200d90a@group-160EB6A497B2-SegmentedRaftLogWorker for RaftStorageImpl:Storage Directory /home/runner/work/ozone/ozone/hadoop-ozone/integration-test/target/test-dir/MiniOzoneClusterImpl-b6ae2940-34d7-4a31-919c-df5c2426260d/datanode-0/data/ratis/65ba1b22-f7dc-4a39-bafb-160eb6a497b2
2022-10-03 12:54:12,783 [pool-72-thread-1] INFO  server.RaftServerConfigKeys (ConfUtils.java:logGet(46)) - raft.server.log.queue.byte-limit = 4294967296 (custom)
2022-10-03 12:54:12,783 [pool-72-thread-1] INFO  server.RaftServerConfigKeys (ConfUtils.java:logGet(46)) - raft.server.log.queue.element-limit = 1024 (custom)
2022-10-03 12:54:12,783 [pool-72-thread-1] INFO  server.RaftServerConfigKeys (ConfUtils.java:logGet(46)) - raft.server.log.segment.size.max = 1048576 (custom)
2022-10-03 12:54:12,783 [pool-72-thread-1] INFO  server.RaftServerConfigKeys (ConfUtils.java:logGet(46)) - raft.server.log.preallocated.size = 16384 (custom)
2022-10-03 12:54:12,783 [pool-72-thread-1] INFO  server.RaftServerConfigKeys (ConfUtils.java:logGet(46)) - raft.server.log.force.sync.num = 128 (default)
2022-10-03 12:54:12,783 [pool-72-thread-1] INFO  server.RaftServerConfigKeys (ConfUtils.java:logGet(46)) - raft.server.log.statemachine.data.sync = true (default)
2022-10-03 12:54:12,783 [pool-72-thread-1] INFO  server.RaftServerConfigKeys (ConfUtils.java:logGet(46)) - raft.server.log.statemachine.data.sync.timeout = 10s (default)
2022-10-03 12:54:12,783 [pool-72-thread-1] INFO  server.RaftServerConfigKeys (ConfUtils.java:logGet(46)) - raft.server.log.statemachine.data.sync.timeout.retry = -1 (default)
2022-10-03 12:54:12,784 [pool-72-thread-1] INFO  server.RaftServerConfigKeys (ConfUtils.java:logGet(46)) - raft.server.log.write.buffer.size = 1048576 (custom)
2022-10-03 12:54:12,785 [pool-72-thread-1] INFO  server.RaftServerConfigKeys (ConfUtils.java:logGet(46)) - raft.server.log.unsafe-flush.enabled = false (default)
2022-10-03 12:54:12,785 [pool-72-thread-1] INFO  server.RaftServerConfigKeys (ConfUtils.java:logGet(46)) - raft.server.log.statemachine.data.caching.enabled = true (custom)
2022-10-03 12:54:12,785 [pool-72-thread-1] INFO  segmented.SegmentedRaftLogWorker (SegmentedRaftLogWorker.java:lambda$new$0(135)) - e9347147-4904-419e-aa00-cb57e200d90a@group-160EB6A497B2-SegmentedRaftLogWorker: flushIndex: setUnconditionally 0 -> -1
2022-10-03 12:54:12,785 [pool-72-thread-1] INFO  segmented.SegmentedRaftLogWorker (SegmentedRaftLogWorker.java:lambda$new$0(135)) - e9347147-4904-419e-aa00-cb57e200d90a@group-160EB6A497B2-SegmentedRaftLogWorker: safeCacheEvictIndex: setUnconditionally 0 -> -1
2022-10-03 12:54:12,789 [pool-72-thread-1] INFO  server.RaftServerConfigKeys (ConfUtils.java:logGet(46)) - raft.server.snapshot.auto.trigger.enabled = true (custom)
2022-10-03 12:54:12,790 [pool-72-thread-1] INFO  server.RaftServerConfigKeys (ConfUtils.java:logGet(46)) - raft.server.snapshot.auto.trigger.threshold = 10000 (custom)
2022-10-03 12:54:12,790 [pool-72-thread-1] INFO  server.RaftServerConfigKeys (ConfUtils.java:logGet(46)) - raft.server.snapshot.retention.file.num = 5 (custom)
2022-10-03 12:54:12,790 [pool-72-thread-1] INFO  server.RaftServerConfigKeys (ConfUtils.java:logGet(46)) - raft.server.log.purge.upto.snapshot.index = false (default)
2022-10-03 12:54:12,790 [pool-72-thread-1] INFO  server.RaftServerConfigKeys (ConfUtils.java:logGet(46)) - raft.server.retrycache.expirytime = 600000ms (custom)
2022-10-03 12:54:12,790 [pool-72-thread-1] INFO  server.RaftServerConfigKeys (ConfUtils.java:logGet(46)) - raft.server.retrycache.statistics.expirytime = 100μs (default)
2022-10-03 12:54:12,797 [pool-72-thread-1] INFO  server.RaftServerConfigKeys (ConfUtils.java:logGet(46)) - raft.server.log.appender.install.snapshot.enabled = false (custom)
2022-10-03 12:54:12,797 [pool-72-thread-1] INFO  server.RaftServerConfigKeys (ConfUtils.java:logGet(46)) - raft.server.threadpool.server.cached = true (default)
2022-10-03 12:54:12,797 [pool-72-thread-1] INFO  server.RaftServerConfigKeys (ConfUtils.java:logGet(46)) - raft.server.threadpool.server.size = 0 (default)
2022-10-03 12:54:12,797 [pool-72-thread-1] INFO  server.RaftServerConfigKeys (ConfUtils.java:logGet(46)) - raft.server.threadpool.client.cached = true (default)
2022-10-03 12:54:12,797 [pool-72-thread-1] INFO  server.RaftServerConfigKeys (ConfUtils.java:logGet(46)) - raft.server.threadpool.client.size = 0 (default)
2022-10-03 12:54:12,797 [pool-72-thread-1] INFO  server.RaftServer$Division (RaftServerImpl.java:start(310)) - e9347147-4904-419e-aa00-cb57e200d90a@group-160EB6A497B2: start as a follower, conf=-1: [e9347147-4904-419e-aa00-cb57e200d90a|rpc:10.1.0.147:44637|priority:1, 65d00af3-f5da-4eaa-9376-f833deec0a70|rpc:10.1.0.147:39677|priority:0, c2b172e5-e4cb-4596-beed-b2a603e2732e|rpc:10.1.0.147:36187|priority:0], old=null
2022-10-03 12:54:12,797 [pool-72-thread-1] INFO  server.RaftServer$Division (RaftServerImpl.java:setRole(299)) - e9347147-4904-419e-aa00-cb57e200d90a@group-160EB6A497B2: changes role from      null to FOLLOWER at term 0 for startAsFollower
2022-10-03 12:54:12,797 [pool-72-thread-1] INFO  impl.RoleInfo (RoleInfo.java:updateAndGet(139)) - e9347147-4904-419e-aa00-cb57e200d90a: start e9347147-4904-419e-aa00-cb57e200d90a@group-160EB6A497B2-FollowerState
2022-10-03 12:54:12,802 [pool-72-thread-1] INFO  util.JmxRegister (JmxRegister.java:tryRegister(44)) - Successfully registered JMX Bean with object name Ratis:service=RaftServer,group=group-160EB6A497B2,id=e9347147-4904-419e-aa00-cb57e200d90a
2022-10-03 12:54:12,807 [Command processor thread] INFO  ratis.XceiverServerRatis (XceiverServerRatis.java:addGroup(765)) - Created group PipelineID=65ba1b22-f7dc-4a39-bafb-160eb6a497b2
2022-10-03 12:54:13,091 [Command processor thread] INFO  server.RaftServer (RaftServerProxy.java:addNew(96)) - c2b172e5-e4cb-4596-beed-b2a603e2732e: addNew group-4F803688FEE2:[c2b172e5-e4cb-4596-beed-b2a603e2732e|rpc:10.1.0.147:36187|priority:1] returns group-4F803688FEE2:java.util.concurrent.CompletableFuture@7024a7b6[Not completed]
2022-10-03 12:54:13,094 [pool-95-thread-1] INFO  server.RaftServer$Division (RaftServerImpl.java:<init>(190)) - c2b172e5-e4cb-4596-beed-b2a603e2732e: new RaftServerImpl for group-4F803688FEE2:[c2b172e5-e4cb-4596-beed-b2a603e2732e|rpc:10.1.0.147:36187|priority:1] with ContainerStateMachine:uninitialized
2022-10-03 12:54:13,095 [pool-95-thread-1] INFO  server.RaftServerConfigKeys (ConfUtils.java:logGet(46)) - raft.server.rpc.timeout.min = 5s (custom)
2022-10-03 12:54:13,095 [pool-95-thread-1] INFO  server.RaftServerConfigKeys (ConfUtils.java:logGet(46)) - raft.server.rpc.timeout.max = 5200ms (custom)
2022-10-03 12:54:13,095 [pool-95-thread-1] INFO  server.RaftServerConfigKeys (ConfUtils.java:logGet(46)) - raft.server.rpc.sleep.time = 25ms (default)
2022-10-03 12:54:13,095 [pool-95-thread-1] INFO  server.RaftServerConfigKeys (ConfUtils.java:logGet(46)) - raft.server.rpc.slowness.timeout = 300s (custom)
2022-10-03 12:54:13,095 [pool-95-thread-1] INFO  server.RaftServerConfigKeys (ConfUtils.java:logGet(46)) - raft.server.leaderelection.leader.step-down.wait-time = 10s (default)
2022-10-03 12:54:13,095 [pool-95-thread-1] INFO  server.RaftServerConfigKeys (ConfUtils.java:logGet(46)) - raft.server.sleep.deviation.threshold = 300ms (default)
2022-10-03 12:54:13,095 [pool-95-thread-1] INFO  server.RaftServer$Division (ServerState.java:<init>(107)) - c2b172e5-e4cb-4596-beed-b2a603e2732e@group-4F803688FEE2: ConfigurationManager, init=-1: [c2b172e5-e4cb-4596-beed-b2a603e2732e|rpc:10.1.0.147:36187|priority:1], old=null, confs=<EMPTY_MAP>
2022-10-03 12:54:13,095 [pool-95-thread-1] INFO  server.RaftServerConfigKeys (ConfUtils.java:logGet(46)) - raft.server.storage.dir = [/home/runner/work/ozone/ozone/hadoop-ozone/integration-test/target/test-dir/MiniOzoneClusterImpl-b6ae2940-34d7-4a31-919c-df5c2426260d/datanode-1/data/ratis] (custom)
2022-10-03 12:54:13,096 [pool-95-thread-1] INFO  server.RaftServerConfigKeys (ConfUtils.java:logGet(46)) - raft.server.log.corruption.policy = EXCEPTION (default)
2022-10-03 12:54:13,096 [pool-95-thread-1] INFO  server.RaftServerConfigKeys (ConfUtils.java:logGet(46)) - raft.server.storage.free-space.min = 0MB (=0) (default)
2022-10-03 12:54:13,096 [pool-95-thread-1] INFO  storage.RaftStorageDirectory (RaftStorageDirectoryImpl.java:analyzeStorage(135)) - The storage directory /home/runner/work/ozone/ozone/hadoop-ozone/integration-test/target/test-dir/MiniOzoneClusterImpl-b6ae2940-34d7-4a31-919c-df5c2426260d/datanode-1/data/ratis/907387a3-329b-4a5d-98ea-4f803688fee2 does not exist. Creating ...
2022-10-03 12:54:13,096 [pool-95-thread-1] INFO  storage.RaftStorageDirectory (RaftStorageDirectoryImpl.java:tryLock(230)) - Lock on /home/runner/work/ozone/ozone/hadoop-ozone/integration-test/target/test-dir/MiniOzoneClusterImpl-b6ae2940-34d7-4a31-919c-df5c2426260d/datanode-1/data/ratis/907387a3-329b-4a5d-98ea-4f803688fee2/in_use.lock acquired by nodename 2263@fv-az443-503
2022-10-03 12:54:13,097 [pool-95-thread-1] INFO  storage.RaftStorage (RaftStorageImpl.java:format(89)) - Storage directory /home/runner/work/ozone/ozone/hadoop-ozone/integration-test/target/test-dir/MiniOzoneClusterImpl-b6ae2940-34d7-4a31-919c-df5c2426260d/datanode-1/data/ratis/907387a3-329b-4a5d-98ea-4f803688fee2 has been successfully formatted.
2022-10-03 12:54:13,102 [EventQueue-PipelineReportForPipelineReportHandler] INFO  pipeline.PipelineManagerImpl (PipelineManagerImpl.java:openPipeline(367)) - Pipeline Pipeline[ Id: 907387a3-329b-4a5d-98ea-4f803688fee2, Nodes: c2b172e5-e4cb-4596-beed-b2a603e2732e{ip: 10.1.0.147, host: fv-az443-503.ap2fcshprsnunfx25e1aelzb4b.cx.internal.cloudapp.net, ports: [REPLICATION=44921, RATIS=36187, RATIS_ADMIN=36187, RATIS_SERVER=36187, STANDALONE=44911], networkLocation: /default-rack, certSerialId: null, persistedOpState: IN_SERVICE, persistedOpStateExpiryEpochSec: 0}, ReplicationConfig: RATIS/ONE, State:ALLOCATED, leaderId:c2b172e5-e4cb-4596-beed-b2a603e2732e, CreationTimestamp2022-10-03T12:54:10.094Z[Etc/UTC]] moved to OPEN state
2022-10-03 12:54:13,102 [EventQueue-OpenPipelineForHealthyPipelineSafeModeRule] INFO  safemode.SCMSafeModeManager (HealthyPipelineSafeModeRule.java:process(137)) - SCM in safe mode. Healthy pipelines reported count is 0, required healthy pipeline reported count is 1
2022-10-03 12:54:13,106 [pool-95-thread-1] INFO  ratis.ContainerStateMachine (ContainerStateMachine.java:loadSnapshot(236)) - group-4F803688FEE2: The snapshot info is null. Setting the last applied indexto:(t:0, i:~)
2022-10-03 12:54:13,112 [pool-95-thread-1] INFO  server.RaftServerConfigKeys (ConfUtils.java:logGet(46)) - raft.server.notification.no-leader.timeout = 300s (custom)
2022-10-03 12:54:13,112 [pool-95-thread-1] INFO  server.RaftServerConfigKeys (ConfUtils.java:logGet(46)) - raft.server.log.use.memory = false (default)
2022-10-03 12:54:13,112 [pool-95-thread-1] INFO  server.RaftServerConfigKeys (ConfUtils.java:logGet(46)) - raft.server.log.purge.gap = 1000000 (custom)
2022-10-03 12:54:13,112 [pool-95-thread-1] INFO  server.RaftServerConfigKeys (ConfUtils.java:logGet(46)) - raft.server.log.appender.buffer.byte-limit = 33554432 (custom)
2022-10-03 12:54:13,112 [pool-95-thread-1] INFO  server.RaftServerConfigKeys (ConfUtils.java:logGet(46)) - raft.server.log.statemachine.data.read.timeout = 1000ms (default)
2022-10-03 12:54:13,112 [pool-95-thread-1] INFO  server.RaftServerConfigKeys (ConfUtils.java:logGet(46)) - raft.server.log.segment.size.max = 1048576 (custom)
2022-10-03 12:54:13,113 [pool-95-thread-1] INFO  server.RaftServerConfigKeys (ConfUtils.java:logGet(46)) - raft.server.log.segment.cache.num.max = 2 (custom)
2022-10-03 12:54:13,113 [pool-95-thread-1] INFO  server.RaftServerConfigKeys (ConfUtils.java:logGet(46)) - raft.server.log.segment.cache.size.max = 200MB (=209715200) (default)
2022-10-03 12:54:13,113 [pool-95-thread-1] INFO  segmented.SegmentedRaftLogWorker (SegmentedRaftLogWorker.java:<init>(187)) - new c2b172e5-e4cb-4596-beed-b2a603e2732e@group-4F803688FEE2-SegmentedRaftLogWorker for RaftStorageImpl:Storage Directory /home/runner/work/ozone/ozone/hadoop-ozone/integration-test/target/test-dir/MiniOzoneClusterImpl-b6ae2940-34d7-4a31-919c-df5c2426260d/datanode-1/data/ratis/907387a3-329b-4a5d-98ea-4f803688fee2
2022-10-03 12:54:13,113 [pool-95-thread-1] INFO  server.RaftServerConfigKeys (ConfUtils.java:logGet(46)) - raft.server.log.queue.byte-limit = 4294967296 (custom)
2022-10-03 12:54:13,113 [pool-95-thread-1] INFO  server.RaftServerConfigKeys (ConfUtils.java:logGet(46)) - raft.server.log.queue.element-limit = 1024 (custom)
2022-10-03 12:54:13,113 [pool-95-thread-1] INFO  server.RaftServerConfigKeys (ConfUtils.java:logGet(46)) - raft.server.log.segment.size.max = 1048576 (custom)
2022-10-03 12:54:13,113 [pool-95-thread-1] INFO  server.RaftServerConfigKeys (ConfUtils.java:logGet(46)) - raft.server.log.preallocated.size = 16384 (custom)
2022-10-03 12:54:13,113 [pool-95-thread-1] INFO  server.RaftServerConfigKeys (ConfUtils.java:logGet(46)) - raft.server.log.force.sync.num = 128 (default)
2022-10-03 12:54:13,113 [pool-95-thread-1] INFO  server.RaftServerConfigKeys (ConfUtils.java:logGet(46)) - raft.server.log.statemachine.data.sync = true (default)
2022-10-03 12:54:13,113 [pool-95-thread-1] INFO  server.RaftServerConfigKeys (ConfUtils.java:logGet(46)) - raft.server.log.statemachine.data.sync.timeout = 10s (default)
2022-10-03 12:54:13,113 [pool-95-thread-1] INFO  server.RaftServerConfigKeys (ConfUtils.java:logGet(46)) - raft.server.log.statemachine.data.sync.timeout.retry = -1 (default)
2022-10-03 12:54:13,114 [pool-95-thread-1] INFO  server.RaftServerConfigKeys (ConfUtils.java:logGet(46)) - raft.server.log.write.buffer.size = 1048576 (custom)
2022-10-03 12:54:13,115 [pool-95-thread-1] INFO  server.RaftServerConfigKeys (ConfUtils.java:logGet(46)) - raft.server.log.unsafe-flush.enabled = false (default)
2022-10-03 12:54:13,115 [pool-95-thread-1] INFO  server.RaftServerConfigKeys (ConfUtils.java:logGet(46)) - raft.server.log.statemachine.data.caching.enabled = true (custom)
2022-10-03 12:54:13,115 [pool-95-thread-1] INFO  segmented.SegmentedRaftLogWorker (SegmentedRaftLogWorker.java:lambda$new$0(135)) - c2b172e5-e4cb-4596-beed-b2a603e2732e@group-4F803688FEE2-SegmentedRaftLogWorker: flushIndex: setUnconditionally 0 -> -1
2022-10-03 12:54:13,115 [pool-95-thread-1] INFO  segmented.SegmentedRaftLogWorker (SegmentedRaftLogWorker.java:lambda$new$0(135)) - c2b172e5-e4cb-4596-beed-b2a603e2732e@group-4F803688FEE2-SegmentedRaftLogWorker: safeCacheEvictIndex: setUnconditionally 0 -> -1
2022-10-03 12:54:13,115 [pool-95-thread-1] INFO  server.RaftServerConfigKeys (ConfUtils.java:logGet(46)) - raft.server.snapshot.auto.trigger.enabled = true (custom)
2022-10-03 12:54:13,116 [pool-95-thread-1] INFO  server.RaftServerConfigKeys (ConfUtils.java:logGet(46)) - raft.server.snapshot.auto.trigger.threshold = 10000 (custom)
2022-10-03 12:54:13,116 [pool-95-thread-1] INFO  server.RaftServerConfigKeys (ConfUtils.java:logGet(46)) - raft.server.snapshot.retention.file.num = 5 (custom)
2022-10-03 12:54:13,116 [pool-95-thread-1] INFO  server.RaftServerConfigKeys (ConfUtils.java:logGet(46)) - raft.server.log.purge.upto.snapshot.index = false (default)
2022-10-03 12:54:13,116 [pool-95-thread-1] INFO  server.RaftServerConfigKeys (ConfUtils.java:logGet(46)) - raft.server.retrycache.expirytime = 600000ms (custom)
2022-10-03 12:54:13,116 [pool-95-thread-1] INFO  server.RaftServerConfigKeys (ConfUtils.java:logGet(46)) - raft.server.retrycache.statistics.expirytime = 100μs (default)
2022-10-03 12:54:13,117 [pool-95-thread-1] INFO  server.RaftServerConfigKeys (ConfUtils.java:logGet(46)) - raft.server.log.appender.install.snapshot.enabled = false (custom)
2022-10-03 12:54:13,117 [pool-95-thread-1] INFO  server.RaftServerConfigKeys (ConfUtils.java:logGet(46)) - raft.server.threadpool.server.cached = true (default)
2022-10-03 12:54:13,117 [pool-95-thread-1] INFO  server.RaftServerConfigKeys (ConfUtils.java:logGet(46)) - raft.server.threadpool.server.size = 0 (default)
2022-10-03 12:54:13,117 [pool-95-thread-1] INFO  server.RaftServerConfigKeys (ConfUtils.java:logGet(46)) - raft.server.threadpool.client.cached = true (default)
2022-10-03 12:54:13,117 [pool-95-thread-1] INFO  server.RaftServerConfigKeys (ConfUtils.java:logGet(46)) - raft.server.threadpool.client.size = 0 (default)
2022-10-03 12:54:13,117 [pool-95-thread-1] INFO  server.RaftServer$Division (RaftServerImpl.java:start(310)) - c2b172e5-e4cb-4596-beed-b2a603e2732e@group-4F803688FEE2: start as a follower, conf=-1: [c2b172e5-e4cb-4596-beed-b2a603e2732e|rpc:10.1.0.147:36187|priority:1], old=null
2022-10-03 12:54:13,117 [pool-95-thread-1] INFO  server.RaftServer$Division (RaftServerImpl.java:setRole(299)) - c2b172e5-e4cb-4596-beed-b2a603e2732e@group-4F803688FEE2: changes role from      null to FOLLOWER at term 0 for startAsFollower
2022-10-03 12:54:13,117 [pool-95-thread-1] INFO  impl.RoleInfo (RoleInfo.java:updateAndGet(139)) - c2b172e5-e4cb-4596-beed-b2a603e2732e: start c2b172e5-e4cb-4596-beed-b2a603e2732e@group-4F803688FEE2-FollowerState
2022-10-03 12:54:13,126 [pool-95-thread-1] INFO  util.JmxRegister (JmxRegister.java:tryRegister(44)) - Successfully registered JMX Bean with object name Ratis:service=RaftServer,group=group-4F803688FEE2,id=c2b172e5-e4cb-4596-beed-b2a603e2732e
2022-10-03 12:54:13,133 [Command processor thread] INFO  ratis.XceiverServerRatis (XceiverServerRatis.java:addGroup(765)) - Created group PipelineID=907387a3-329b-4a5d-98ea-4f803688fee2
2022-10-03 12:54:13,134 [Command processor thread] INFO  commandhandler.CreatePipelineCommandHandler (CreatePipelineCommandHandler.java:handle(113)) - Created Pipeline RATIS ONE PipelineID=907387a3-329b-4a5d-98ea-4f803688fee2.
2022-10-03 12:54:13,134 [Command processor thread] INFO  server.RaftServer (RaftServerProxy.java:addNew(96)) - c2b172e5-e4cb-4596-beed-b2a603e2732e: addNew group-160EB6A497B2:[e9347147-4904-419e-aa00-cb57e200d90a|rpc:10.1.0.147:44637|priority:1, 65d00af3-f5da-4eaa-9376-f833deec0a70|rpc:10.1.0.147:39677|priority:0, c2b172e5-e4cb-4596-beed-b2a603e2732e|rpc:10.1.0.147:36187|priority:0] returns group-160EB6A497B2:java.util.concurrent.CompletableFuture@741b2d6a[Not completed]
2022-10-03 12:54:13,136 [pool-95-thread-1] INFO  server.RaftServer$Division (RaftServerImpl.java:<init>(190)) - c2b172e5-e4cb-4596-beed-b2a603e2732e: new RaftServerImpl for group-160EB6A497B2:[e9347147-4904-419e-aa00-cb57e200d90a|rpc:10.1.0.147:44637|priority:1, 65d00af3-f5da-4eaa-9376-f833deec0a70|rpc:10.1.0.147:39677|priority:0, c2b172e5-e4cb-4596-beed-b2a603e2732e|rpc:10.1.0.147:36187|priority:0] with ContainerStateMachine:uninitialized
2022-10-03 12:54:13,136 [pool-95-thread-1] INFO  server.RaftServerConfigKeys (ConfUtils.java:logGet(46)) - raft.server.rpc.timeout.min = 5s (custom)
2022-10-03 12:54:13,136 [pool-95-thread-1] INFO  server.RaftServerConfigKeys (ConfUtils.java:logGet(46)) - raft.server.rpc.timeout.max = 5200ms (custom)
2022-10-03 12:54:13,137 [pool-95-thread-1] INFO  server.RaftServerConfigKeys (ConfUtils.java:logGet(46)) - raft.server.rpc.sleep.time = 25ms (default)
2022-10-03 12:54:13,137 [pool-95-thread-1] INFO  server.RaftServerConfigKeys (ConfUtils.java:logGet(46)) - raft.server.rpc.slowness.timeout = 300s (custom)
2022-10-03 12:54:13,137 [pool-95-thread-1] INFO  server.RaftServerConfigKeys (ConfUtils.java:logGet(46)) - raft.server.leaderelection.leader.step-down.wait-time = 10s (default)
2022-10-03 12:54:13,137 [pool-95-thread-1] INFO  server.RaftServerConfigKeys (ConfUtils.java:logGet(46)) - raft.server.sleep.deviation.threshold = 300ms (default)
2022-10-03 12:54:13,137 [pool-95-thread-1] INFO  server.RaftServer$Division (ServerState.java:<init>(107)) - c2b172e5-e4cb-4596-beed-b2a603e2732e@group-160EB6A497B2: ConfigurationManager, init=-1: [e9347147-4904-419e-aa00-cb57e200d90a|rpc:10.1.0.147:44637|priority:1, 65d00af3-f5da-4eaa-9376-f833deec0a70|rpc:10.1.0.147:39677|priority:0, c2b172e5-e4cb-4596-beed-b2a603e2732e|rpc:10.1.0.147:36187|priority:0], old=null, confs=<EMPTY_MAP>
2022-10-03 12:54:13,137 [pool-95-thread-1] INFO  server.RaftServerConfigKeys (ConfUtils.java:logGet(46)) - raft.server.storage.dir = [/home/runner/work/ozone/ozone/hadoop-ozone/integration-test/target/test-dir/MiniOzoneClusterImpl-b6ae2940-34d7-4a31-919c-df5c2426260d/datanode-1/data/ratis] (custom)
2022-10-03 12:54:13,137 [pool-95-thread-1] INFO  server.RaftServerConfigKeys (ConfUtils.java:logGet(46)) - raft.server.log.corruption.policy = EXCEPTION (default)
2022-10-03 12:54:13,137 [pool-95-thread-1] INFO  server.RaftServerConfigKeys (ConfUtils.java:logGet(46)) - raft.server.storage.free-space.min = 0MB (=0) (default)
2022-10-03 12:54:13,137 [pool-95-thread-1] INFO  storage.RaftStorageDirectory (RaftStorageDirectoryImpl.java:analyzeStorage(135)) - The storage directory /home/runner/work/ozone/ozone/hadoop-ozone/integration-test/target/test-dir/MiniOzoneClusterImpl-b6ae2940-34d7-4a31-919c-df5c2426260d/datanode-1/data/ratis/65ba1b22-f7dc-4a39-bafb-160eb6a497b2 does not exist. Creating ...
2022-10-03 12:54:13,139 [pool-95-thread-1] INFO  storage.RaftStorageDirectory (RaftStorageDirectoryImpl.java:tryLock(230)) - Lock on /home/runner/work/ozone/ozone/hadoop-ozone/integration-test/target/test-dir/MiniOzoneClusterImpl-b6ae2940-34d7-4a31-919c-df5c2426260d/datanode-1/data/ratis/65ba1b22-f7dc-4a39-bafb-160eb6a497b2/in_use.lock acquired by nodename 2263@fv-az443-503
2022-10-03 12:54:13,141 [pool-95-thread-1] INFO  storage.RaftStorage (RaftStorageImpl.java:format(89)) - Storage directory /home/runner/work/ozone/ozone/hadoop-ozone/integration-test/target/test-dir/MiniOzoneClusterImpl-b6ae2940-34d7-4a31-919c-df5c2426260d/datanode-1/data/ratis/65ba1b22-f7dc-4a39-bafb-160eb6a497b2 has been successfully formatted.
2022-10-03 12:54:13,141 [pool-95-thread-1] INFO  ratis.ContainerStateMachine (ContainerStateMachine.java:loadSnapshot(236)) - group-160EB6A497B2: The snapshot info is null. Setting the last applied indexto:(t:0, i:~)
2022-10-03 12:54:13,141 [pool-95-thread-1] INFO  server.RaftServerConfigKeys (ConfUtils.java:logGet(46)) - raft.server.notification.no-leader.timeout = 300s (custom)
2022-10-03 12:54:13,141 [pool-95-thread-1] INFO  server.RaftServerConfigKeys (ConfUtils.java:logGet(46)) - raft.server.log.use.memory = false (default)
2022-10-03 12:54:13,141 [pool-95-thread-1] INFO  server.RaftServerConfigKeys (ConfUtils.java:logGet(46)) - raft.server.log.purge.gap = 1000000 (custom)
2022-10-03 12:54:13,141 [pool-95-thread-1] INFO  server.RaftServerConfigKeys (ConfUtils.java:logGet(46)) - raft.server.log.appender.buffer.byte-limit = 33554432 (custom)
2022-10-03 12:54:13,141 [pool-95-thread-1] INFO  server.RaftServerConfigKeys (ConfUtils.java:logGet(46)) - raft.server.log.statemachine.data.read.timeout = 1000ms (default)
2022-10-03 12:54:13,147 [EventQueue-OpenPipelineForHealthyPipelineSafeModeRule] INFO  safemode.SCMSafeModeManager (HealthyPipelineSafeModeRule.java:process(137)) - SCM in safe mode. Healthy pipelines reported count is 0, required healthy pipeline reported count is 1
2022-10-03 12:54:13,147 [pool-95-thread-1] INFO  server.RaftServerConfigKeys (ConfUtils.java:logGet(46)) - raft.server.log.segment.size.max = 1048576 (custom)
2022-10-03 12:54:13,149 [pool-95-thread-1] INFO  server.RaftServerConfigKeys (ConfUtils.java:logGet(46)) - raft.server.log.segment.cache.num.max = 2 (custom)
2022-10-03 12:54:13,149 [pool-95-thread-1] INFO  server.RaftServerConfigKeys (ConfUtils.java:logGet(46)) - raft.server.log.segment.cache.size.max = 200MB (=209715200) (default)
2022-10-03 12:54:13,149 [pool-95-thread-1] INFO  segmented.SegmentedRaftLogWorker (SegmentedRaftLogWorker.java:<init>(187)) - new c2b172e5-e4cb-4596-beed-b2a603e2732e@group-160EB6A497B2-SegmentedRaftLogWorker for RaftStorageImpl:Storage Directory /home/runner/work/ozone/ozone/hadoop-ozone/integration-test/target/test-dir/MiniOzoneClusterImpl-b6ae2940-34d7-4a31-919c-df5c2426260d/datanode-1/data/ratis/65ba1b22-f7dc-4a39-bafb-160eb6a497b2
2022-10-03 12:54:13,149 [pool-95-thread-1] INFO  server.RaftServerConfigKeys (ConfUtils.java:logGet(46)) - raft.server.log.queue.byte-limit = 4294967296 (custom)
2022-10-03 12:54:13,149 [pool-95-thread-1] INFO  server.RaftServerConfigKeys (ConfUtils.java:logGet(46)) - raft.server.log.queue.element-limit = 1024 (custom)
2022-10-03 12:54:13,149 [pool-95-thread-1] INFO  server.RaftServerConfigKeys (ConfUtils.java:logGet(46)) - raft.server.log.segment.size.max = 1048576 (custom)
2022-10-03 12:54:13,149 [pool-95-thread-1] INFO  server.RaftServerConfigKeys (ConfUtils.java:logGet(46)) - raft.server.log.preallocated.size = 16384 (custom)
2022-10-03 12:54:13,149 [pool-95-thread-1] INFO  server.RaftServerConfigKeys (ConfUtils.java:logGet(46)) - raft.server.log.force.sync.num = 128 (default)
2022-10-03 12:54:13,149 [pool-95-thread-1] INFO  server.RaftServerConfigKeys (ConfUtils.java:logGet(46)) - raft.server.log.statemachine.data.sync = true (default)
2022-10-03 12:54:13,149 [pool-95-thread-1] INFO  server.RaftServerConfigKeys (ConfUtils.java:logGet(46)) - raft.server.log.statemachine.data.sync.timeout = 10s (default)
2022-10-03 12:54:13,149 [pool-95-thread-1] INFO  server.RaftServerConfigKeys (ConfUtils.java:logGet(46)) - raft.server.log.statemachine.data.sync.timeout.retry = -1 (default)
2022-10-03 12:54:13,150 [pool-95-thread-1] INFO  server.RaftServerConfigKeys (ConfUtils.java:logGet(46)) - raft.server.log.write.buffer.size = 1048576 (custom)
2022-10-03 12:54:13,151 [pool-95-thread-1] INFO  server.RaftServerConfigKeys (ConfUtils.java:logGet(46)) - raft.server.log.unsafe-flush.enabled = false (default)
2022-10-03 12:54:13,151 [pool-95-thread-1] INFO  server.RaftServerConfigKeys (ConfUtils.java:logGet(46)) - raft.server.log.statemachine.data.caching.enabled = true (custom)
2022-10-03 12:54:13,151 [pool-95-thread-1] INFO  segmented.SegmentedRaftLogWorker (SegmentedRaftLogWorker.java:lambda$new$0(135)) - c2b172e5-e4cb-4596-beed-b2a603e2732e@group-160EB6A497B2-SegmentedRaftLogWorker: flushIndex: setUnconditionally 0 -> -1
2022-10-03 12:54:13,151 [pool-95-thread-1] INFO  segmented.SegmentedRaftLogWorker (SegmentedRaftLogWorker.java:lambda$new$0(135)) - c2b172e5-e4cb-4596-beed-b2a603e2732e@group-160EB6A497B2-SegmentedRaftLogWorker: safeCacheEvictIndex: setUnconditionally 0 -> -1
2022-10-03 12:54:13,154 [pool-95-thread-1] INFO  server.RaftServerConfigKeys (ConfUtils.java:logGet(46)) - raft.server.snapshot.auto.trigger.enabled = true (custom)
2022-10-03 12:54:13,154 [pool-95-thread-1] INFO  server.RaftServerConfigKeys (ConfUtils.java:logGet(46)) - raft.server.snapshot.auto.trigger.threshold = 10000 (custom)
2022-10-03 12:54:13,154 [pool-95-thread-1] INFO  server.RaftServerConfigKeys (ConfUtils.java:logGet(46)) - raft.server.snapshot.retention.file.num = 5 (custom)
2022-10-03 12:54:13,154 [pool-95-thread-1] INFO  server.RaftServerConfigKeys (ConfUtils.java:logGet(46)) - raft.server.log.purge.upto.snapshot.index = false (default)
2022-10-03 12:54:13,155 [pool-95-thread-1] INFO  server.RaftServerConfigKeys (ConfUtils.java:logGet(46)) - raft.server.retrycache.expirytime = 600000ms (custom)
2022-10-03 12:54:13,155 [pool-95-thread-1] INFO  server.RaftServerConfigKeys (ConfUtils.java:logGet(46)) - raft.server.retrycache.statistics.expirytime = 100μs (default)
2022-10-03 12:54:13,156 [pool-95-thread-1] INFO  server.RaftServerConfigKeys (ConfUtils.java:logGet(46)) - raft.server.log.appender.install.snapshot.enabled = false (custom)
2022-10-03 12:54:13,156 [pool-95-thread-1] INFO  server.RaftServerConfigKeys (ConfUtils.java:logGet(46)) - raft.server.threadpool.server.cached = true (default)
2022-10-03 12:54:13,156 [pool-95-thread-1] INFO  server.RaftServerConfigKeys (ConfUtils.java:logGet(46)) - raft.server.threadpool.server.size = 0 (default)
2022-10-03 12:54:13,156 [pool-95-thread-1] INFO  server.RaftServerConfigKeys (ConfUtils.java:logGet(46)) - raft.server.threadpool.client.cached = true (default)
2022-10-03 12:54:13,156 [pool-95-thread-1] INFO  server.RaftServerConfigKeys (ConfUtils.java:logGet(46)) - raft.server.threadpool.client.size = 0 (default)
2022-10-03 12:54:13,156 [pool-95-thread-1] INFO  server.RaftServer$Division (RaftServerImpl.java:start(310)) - c2b172e5-e4cb-4596-beed-b2a603e2732e@group-160EB6A497B2: start as a follower, conf=-1: [e9347147-4904-419e-aa00-cb57e200d90a|rpc:10.1.0.147:44637|priority:1, 65d00af3-f5da-4eaa-9376-f833deec0a70|rpc:10.1.0.147:39677|priority:0, c2b172e5-e4cb-4596-beed-b2a603e2732e|rpc:10.1.0.147:36187|priority:0], old=null
2022-10-03 12:54:13,156 [pool-95-thread-1] INFO  server.RaftServer$Division (RaftServerImpl.java:setRole(299)) - c2b172e5-e4cb-4596-beed-b2a603e2732e@group-160EB6A497B2: changes role from      null to FOLLOWER at term 0 for startAsFollower
2022-10-03 12:54:13,156 [pool-95-thread-1] INFO  impl.RoleInfo (RoleInfo.java:updateAndGet(139)) - c2b172e5-e4cb-4596-beed-b2a603e2732e: start c2b172e5-e4cb-4596-beed-b2a603e2732e@group-160EB6A497B2-FollowerState
2022-10-03 12:54:13,157 [pool-95-thread-1] INFO  util.JmxRegister (JmxRegister.java:tryRegister(44)) - Successfully registered JMX Bean with object name Ratis:service=RaftServer,group=group-160EB6A497B2,id=c2b172e5-e4cb-4596-beed-b2a603e2732e
2022-10-03 12:54:13,161 [Command processor thread] INFO  ratis.XceiverServerRatis (XceiverServerRatis.java:addGroup(765)) - Created group PipelineID=65ba1b22-f7dc-4a39-bafb-160eb6a497b2
2022-10-03 12:54:13,361 [grpc-default-executor-0] INFO  server.RaftServer (RaftServerProxy.java:addNew(96)) - 65d00af3-f5da-4eaa-9376-f833deec0a70: addNew group-160EB6A497B2:[e9347147-4904-419e-aa00-cb57e200d90a|rpc:10.1.0.147:44637|dataStream:|priority:1, 65d00af3-f5da-4eaa-9376-f833deec0a70|rpc:10.1.0.147:39677|dataStream:|priority:0, c2b172e5-e4cb-4596-beed-b2a603e2732e|rpc:10.1.0.147:36187|dataStream:|priority:0] returns group-160EB6A497B2:java.util.concurrent.CompletableFuture@1b797356[Not completed]
2022-10-03 12:54:13,368 [pool-118-thread-1] INFO  server.RaftServer$Division (RaftServerImpl.java:<init>(190)) - 65d00af3-f5da-4eaa-9376-f833deec0a70: new RaftServerImpl for group-160EB6A497B2:[e9347147-4904-419e-aa00-cb57e200d90a|rpc:10.1.0.147:44637|dataStream:|priority:1, 65d00af3-f5da-4eaa-9376-f833deec0a70|rpc:10.1.0.147:39677|dataStream:|priority:0, c2b172e5-e4cb-4596-beed-b2a603e2732e|rpc:10.1.0.147:36187|dataStream:|priority:0] with ContainerStateMachine:uninitialized
2022-10-03 12:54:13,368 [pool-118-thread-1] INFO  server.RaftServerConfigKeys (ConfUtils.java:logGet(46)) - raft.server.rpc.timeout.min = 5s (custom)
2022-10-03 12:54:13,368 [pool-118-thread-1] INFO  server.RaftServerConfigKeys (ConfUtils.java:logGet(46)) - raft.server.rpc.timeout.max = 5200ms (custom)
2022-10-03 12:54:13,368 [pool-118-thread-1] INFO  server.RaftServerConfigKeys (ConfUtils.java:logGet(46)) - raft.server.rpc.sleep.time = 25ms (default)
2022-10-03 12:54:13,368 [pool-118-thread-1] INFO  server.RaftServerConfigKeys (ConfUtils.java:logGet(46)) - raft.server.rpc.slowness.timeout = 300s (custom)
2022-10-03 12:54:13,368 [pool-118-thread-1] INFO  server.RaftServerConfigKeys (ConfUtils.java:logGet(46)) - raft.server.leaderelection.leader.step-down.wait-time = 10s (default)
2022-10-03 12:54:13,368 [pool-118-thread-1] INFO  server.RaftServerConfigKeys (ConfUtils.java:logGet(46)) - raft.server.sleep.deviation.threshold = 300ms (default)
2022-10-03 12:54:13,368 [pool-118-thread-1] INFO  server.RaftServer$Division (ServerState.java:<init>(107)) - 65d00af3-f5da-4eaa-9376-f833deec0a70@group-160EB6A497B2: ConfigurationManager, init=-1: [e9347147-4904-419e-aa00-cb57e200d90a|rpc:10.1.0.147:44637|dataStream:|priority:1, 65d00af3-f5da-4eaa-9376-f833deec0a70|rpc:10.1.0.147:39677|dataStream:|priority:0, c2b172e5-e4cb-4596-beed-b2a603e2732e|rpc:10.1.0.147:36187|dataStream:|priority:0], old=null, confs=<EMPTY_MAP>
2022-10-03 12:54:13,368 [pool-118-thread-1] INFO  server.RaftServerConfigKeys (ConfUtils.java:logGet(46)) - raft.server.storage.dir = [/home/runner/work/ozone/ozone/hadoop-ozone/integration-test/target/test-dir/MiniOzoneClusterImpl-b6ae2940-34d7-4a31-919c-df5c2426260d/datanode-2/data/ratis] (custom)
2022-10-03 12:54:13,369 [pool-118-thread-1] INFO  server.RaftServerConfigKeys (ConfUtils.java:logGet(46)) - raft.server.log.corruption.policy = EXCEPTION (default)
2022-10-03 12:54:13,369 [pool-118-thread-1] INFO  server.RaftServerConfigKeys (ConfUtils.java:logGet(46)) - raft.server.storage.free-space.min = 0MB (=0) (default)
2022-10-03 12:54:13,372 [pool-118-thread-1] INFO  storage.RaftStorageDirectory (RaftStorageDirectoryImpl.java:analyzeStorage(135)) - The storage directory /home/runner/work/ozone/ozone/hadoop-ozone/integration-test/target/test-dir/MiniOzoneClusterImpl-b6ae2940-34d7-4a31-919c-df5c2426260d/datanode-2/data/ratis/65ba1b22-f7dc-4a39-bafb-160eb6a497b2 does not exist. Creating ...
2022-10-03 12:54:13,377 [Command processor thread] INFO  commandhandler.CreatePipelineCommandHandler (CreatePipelineCommandHandler.java:handle(113)) - Created Pipeline RATIS THREE PipelineID=65ba1b22-f7dc-4a39-bafb-160eb6a497b2.
2022-10-03 12:54:13,378 [Command processor thread] INFO  server.RaftServer (RaftServerProxy.java:addNew(96)) - e9347147-4904-419e-aa00-cb57e200d90a: addNew group-D6A0C8B7AC10:[e9347147-4904-419e-aa00-cb57e200d90a|rpc:10.1.0.147:44637|priority:0, 65d00af3-f5da-4eaa-9376-f833deec0a70|rpc:10.1.0.147:39677|priority:1, c2b172e5-e4cb-4596-beed-b2a603e2732e|rpc:10.1.0.147:36187|priority:0] returns group-D6A0C8B7AC10:java.util.concurrent.CompletableFuture@75fb9d53[Not completed]
2022-10-03 12:54:13,379 [pool-72-thread-1] INFO  server.RaftServer$Division (RaftServerImpl.java:<init>(190)) - e9347147-4904-419e-aa00-cb57e200d90a: new RaftServerImpl for group-D6A0C8B7AC10:[e9347147-4904-419e-aa00-cb57e200d90a|rpc:10.1.0.147:44637|priority:0, 65d00af3-f5da-4eaa-9376-f833deec0a70|rpc:10.1.0.147:39677|priority:1, c2b172e5-e4cb-4596-beed-b2a603e2732e|rpc:10.1.0.147:36187|priority:0] with ContainerStateMachine:uninitialized
2022-10-03 12:54:13,379 [pool-72-thread-1] INFO  server.RaftServerConfigKeys (ConfUtils.java:logGet(46)) - raft.server.rpc.timeout.min = 5s (custom)
2022-10-03 12:54:13,379 [pool-72-thread-1] INFO  server.RaftServerConfigKeys (ConfUtils.java:logGet(46)) - raft.server.rpc.timeout.max = 5200ms (custom)
2022-10-03 12:54:13,379 [pool-72-thread-1] INFO  server.RaftServerConfigKeys (ConfUtils.java:logGet(46)) - raft.server.rpc.sleep.time = 25ms (default)
2022-10-03 12:54:13,379 [pool-72-thread-1] INFO  server.RaftServerConfigKeys (ConfUtils.java:logGet(46)) - raft.server.rpc.slowness.timeout = 300s (custom)
2022-10-03 12:54:13,379 [pool-72-thread-1] INFO  server.RaftServerConfigKeys (ConfUtils.java:logGet(46)) - raft.server.leaderelection.leader.step-down.wait-time = 10s (default)
2022-10-03 12:54:13,379 [pool-72-thread-1] INFO  server.RaftServerConfigKeys (ConfUtils.java:logGet(46)) - raft.server.sleep.deviation.threshold = 300ms (default)
2022-10-03 12:54:13,379 [pool-72-thread-1] INFO  server.RaftServer$Division (ServerState.java:<init>(107)) - e9347147-4904-419e-aa00-cb57e200d90a@group-D6A0C8B7AC10: ConfigurationManager, init=-1: [e9347147-4904-419e-aa00-cb57e200d90a|rpc:10.1.0.147:44637|priority:0, 65d00af3-f5da-4eaa-9376-f833deec0a70|rpc:10.1.0.147:39677|priority:1, c2b172e5-e4cb-4596-beed-b2a603e2732e|rpc:10.1.0.147:36187|priority:0], old=null, confs=<EMPTY_MAP>
2022-10-03 12:54:13,379 [pool-72-thread-1] INFO  server.RaftServerConfigKeys (ConfUtils.java:logGet(46)) - raft.server.storage.dir = [/home/runner/work/ozone/ozone/hadoop-ozone/integration-test/target/test-dir/MiniOzoneClusterImpl-b6ae2940-34d7-4a31-919c-df5c2426260d/datanode-0/data/ratis] (custom)
2022-10-03 12:54:13,380 [pool-72-thread-1] INFO  server.RaftServerConfigKeys (ConfUtils.java:logGet(46)) - raft.server.log.corruption.policy = EXCEPTION (default)
2022-10-03 12:54:13,380 [pool-72-thread-1] INFO  server.RaftServerConfigKeys (ConfUtils.java:logGet(46)) - raft.server.storage.free-space.min = 0MB (=0) (default)
2022-10-03 12:54:13,380 [pool-72-thread-1] INFO  storage.RaftStorageDirectory (RaftStorageDirectoryImpl.java:analyzeStorage(135)) - The storage directory /home/runner/work/ozone/ozone/hadoop-ozone/integration-test/target/test-dir/MiniOzoneClusterImpl-b6ae2940-34d7-4a31-919c-df5c2426260d/datanode-0/data/ratis/2c74525f-2961-4101-a8f7-d6a0c8b7ac10 does not exist. Creating ...
2022-10-03 12:54:13,381 [pool-72-thread-1] INFO  storage.RaftStorageDirectory (RaftStorageDirectoryImpl.java:tryLock(230)) - Lock on /home/runner/work/ozone/ozone/hadoop-ozone/integration-test/target/test-dir/MiniOzoneClusterImpl-b6ae2940-34d7-4a31-919c-df5c2426260d/datanode-0/data/ratis/2c74525f-2961-4101-a8f7-d6a0c8b7ac10/in_use.lock acquired by nodename 2263@fv-az443-503
2022-10-03 12:54:13,381 [pool-72-thread-1] INFO  storage.RaftStorage (RaftStorageImpl.java:format(89)) - Storage directory /home/runner/work/ozone/ozone/hadoop-ozone/integration-test/target/test-dir/MiniOzoneClusterImpl-b6ae2940-34d7-4a31-919c-df5c2426260d/datanode-0/data/ratis/2c74525f-2961-4101-a8f7-d6a0c8b7ac10 has been successfully formatted.
2022-10-03 12:54:13,382 [pool-72-thread-1] INFO  ratis.ContainerStateMachine (ContainerStateMachine.java:loadSnapshot(236)) - group-D6A0C8B7AC10: The snapshot info is null. Setting the last applied indexto:(t:0, i:~)
2022-10-03 12:54:13,382 [pool-72-thread-1] INFO  server.RaftServerConfigKeys (ConfUtils.java:logGet(46)) - raft.server.notification.no-leader.timeout = 300s (custom)
2022-10-03 12:54:13,382 [pool-72-thread-1] INFO  server.RaftServerConfigKeys (ConfUtils.java:logGet(46)) - raft.server.log.use.memory = false (default)
2022-10-03 12:54:13,382 [pool-72-thread-1] INFO  server.RaftServerConfigKeys (ConfUtils.java:logGet(46)) - raft.server.log.purge.gap = 1000000 (custom)
2022-10-03 12:54:13,382 [pool-72-thread-1] INFO  server.RaftServerConfigKeys (ConfUtils.java:logGet(46)) - raft.server.log.appender.buffer.byte-limit = 33554432 (custom)
2022-10-03 12:54:13,383 [pool-72-thread-1] INFO  server.RaftServerConfigKeys (ConfUtils.java:logGet(46)) - raft.server.log.statemachine.data.read.timeout = 1000ms (default)
2022-10-03 12:54:13,383 [pool-72-thread-1] INFO  server.RaftServerConfigKeys (ConfUtils.java:logGet(46)) - raft.server.log.segment.size.max = 1048576 (custom)
2022-10-03 12:54:13,383 [pool-72-thread-1] INFO  server.RaftServerConfigKeys (ConfUtils.java:logGet(46)) - raft.server.log.segment.cache.num.max = 2 (custom)
2022-10-03 12:54:13,383 [pool-72-thread-1] INFO  server.RaftServerConfigKeys (ConfUtils.java:logGet(46)) - raft.server.log.segment.cache.size.max = 200MB (=209715200) (default)
2022-10-03 12:54:13,383 [pool-72-thread-1] INFO  segmented.SegmentedRaftLogWorker (SegmentedRaftLogWorker.java:<init>(187)) - new e9347147-4904-419e-aa00-cb57e200d90a@group-D6A0C8B7AC10-SegmentedRaftLogWorker for RaftStorageImpl:Storage Directory /home/runner/work/ozone/ozone/hadoop-ozone/integration-test/target/test-dir/MiniOzoneClusterImpl-b6ae2940-34d7-4a31-919c-df5c2426260d/datanode-0/data/ratis/2c74525f-2961-4101-a8f7-d6a0c8b7ac10
2022-10-03 12:54:13,383 [pool-72-thread-1] INFO  server.RaftServerConfigKeys (ConfUtils.java:logGet(46)) - raft.server.log.queue.byte-limit = 4294967296 (custom)
2022-10-03 12:54:13,383 [pool-72-thread-1] INFO  server.RaftServerConfigKeys (ConfUtils.java:logGet(46)) - raft.server.log.queue.element-limit = 1024 (custom)
2022-10-03 12:54:13,383 [pool-72-thread-1] INFO  server.RaftServerConfigKeys (ConfUtils.java:logGet(46)) - raft.server.log.segment.size.max = 1048576 (custom)
2022-10-03 12:54:13,383 [pool-72-thread-1] INFO  server.RaftServerConfigKeys (ConfUtils.java:logGet(46)) - raft.server.log.preallocated.size = 16384 (custom)
2022-10-03 12:54:13,383 [pool-72-thread-1] INFO  server.RaftServerConfigKeys (ConfUtils.java:logGet(46)) - raft.server.log.force.sync.num = 128 (default)
2022-10-03 12:54:13,383 [pool-72-thread-1] INFO  server.RaftServerConfigKeys (ConfUtils.java:logGet(46)) - raft.server.log.statemachine.data.sync = true (default)
2022-10-03 12:54:13,383 [pool-72-thread-1] INFO  server.RaftServerConfigKeys (ConfUtils.java:logGet(46)) - raft.server.log.statemachine.data.sync.timeout = 10s (default)
2022-10-03 12:54:13,383 [pool-72-thread-1] INFO  server.RaftServerConfigKeys (ConfUtils.java:logGet(46)) - raft.server.log.statemachine.data.sync.timeout.retry = -1 (default)
2022-10-03 12:54:13,384 [pool-72-thread-1] INFO  server.RaftServerConfigKeys (ConfUtils.java:logGet(46)) - raft.server.log.write.buffer.size = 1048576 (custom)
2022-10-03 12:54:13,385 [pool-72-thread-1] INFO  server.RaftServerConfigKeys (ConfUtils.java:logGet(46)) - raft.server.log.unsafe-flush.enabled = false (default)
2022-10-03 12:54:13,385 [pool-72-thread-1] INFO  server.RaftServerConfigKeys (ConfUtils.java:logGet(46)) - raft.server.log.statemachine.data.caching.enabled = true (custom)
2022-10-03 12:54:13,385 [pool-72-thread-1] INFO  segmented.SegmentedRaftLogWorker (SegmentedRaftLogWorker.java:lambda$new$0(135)) - e9347147-4904-419e-aa00-cb57e200d90a@group-D6A0C8B7AC10-SegmentedRaftLogWorker: flushIndex: setUnconditionally 0 -> -1
2022-10-03 12:54:13,385 [pool-72-thread-1] INFO  segmented.SegmentedRaftLogWorker (SegmentedRaftLogWorker.java:lambda$new$0(135)) - e9347147-4904-419e-aa00-cb57e200d90a@group-D6A0C8B7AC10-SegmentedRaftLogWorker: safeCacheEvictIndex: setUnconditionally 0 -> -1
2022-10-03 12:54:13,386 [pool-118-thread-1] INFO  storage.RaftStorageDirectory (RaftStorageDirectoryImpl.java:tryLock(230)) - Lock on /home/runner/work/ozone/ozone/hadoop-ozone/integration-test/target/test-dir/MiniOzoneClusterImpl-b6ae2940-34d7-4a31-919c-df5c2426260d/datanode-2/data/ratis/65ba1b22-f7dc-4a39-bafb-160eb6a497b2/in_use.lock acquired by nodename 2263@fv-az443-503
2022-10-03 12:54:13,387 [pool-118-thread-1] INFO  storage.RaftStorage (RaftStorageImpl.java:format(89)) - Storage directory /home/runner/work/ozone/ozone/hadoop-ozone/integration-test/target/test-dir/MiniOzoneClusterImpl-b6ae2940-34d7-4a31-919c-df5c2426260d/datanode-2/data/ratis/65ba1b22-f7dc-4a39-bafb-160eb6a497b2 has been successfully formatted.
2022-10-03 12:54:13,389 [EventQueue-OpenPipelineForHealthyPipelineSafeModeRule] INFO  safemode.SCMSafeModeManager (HealthyPipelineSafeModeRule.java:process(137)) - SCM in safe mode. Healthy pipelines reported count is 0, required healthy pipeline reported count is 1
2022-10-03 12:54:13,389 [pool-118-thread-1] INFO  ratis.ContainerStateMachine (ContainerStateMachine.java:loadSnapshot(236)) - group-160EB6A497B2: The snapshot info is null. Setting the last applied indexto:(t:0, i:~)
2022-10-03 12:54:13,390 [pool-118-thread-1] INFO  server.RaftServerConfigKeys (ConfUtils.java:logGet(46)) - raft.server.notification.no-leader.timeout = 300s (custom)
2022-10-03 12:54:13,390 [pool-118-thread-1] INFO  server.RaftServerConfigKeys (ConfUtils.java:logGet(46)) - raft.server.log.use.memory = false (default)
2022-10-03 12:54:13,390 [pool-118-thread-1] INFO  server.RaftServerConfigKeys (ConfUtils.java:logGet(46)) - raft.server.log.purge.gap = 1000000 (custom)
2022-10-03 12:54:13,390 [pool-118-thread-1] INFO  server.RaftServerConfigKeys (ConfUtils.java:logGet(46)) - raft.server.log.appender.buffer.byte-limit = 33554432 (custom)
2022-10-03 12:54:13,390 [pool-118-thread-1] INFO  server.RaftServerConfigKeys (ConfUtils.java:logGet(46)) - raft.server.log.statemachine.data.read.timeout = 1000ms (default)
2022-10-03 12:54:13,390 [pool-118-thread-1] INFO  server.RaftServerConfigKeys (ConfUtils.java:logGet(46)) - raft.server.log.segment.size.max = 1048576 (custom)
2022-10-03 12:54:13,391 [pool-118-thread-1] INFO  server.RaftServerConfigKeys (ConfUtils.java:logGet(46)) - raft.server.log.segment.cache.num.max = 2 (custom)
2022-10-03 12:54:13,391 [pool-118-thread-1] INFO  server.RaftServerConfigKeys (ConfUtils.java:logGet(46)) - raft.server.log.segment.cache.size.max = 200MB (=209715200) (default)
2022-10-03 12:54:13,391 [pool-118-thread-1] INFO  segmented.SegmentedRaftLogWorker (SegmentedRaftLogWorker.java:<init>(187)) - new 65d00af3-f5da-4eaa-9376-f833deec0a70@group-160EB6A497B2-SegmentedRaftLogWorker for RaftStorageImpl:Storage Directory /home/runner/work/ozone/ozone/hadoop-ozone/integration-test/target/test-dir/MiniOzoneClusterImpl-b6ae2940-34d7-4a31-919c-df5c2426260d/datanode-2/data/ratis/65ba1b22-f7dc-4a39-bafb-160eb6a497b2
2022-10-03 12:54:13,391 [pool-118-thread-1] INFO  server.RaftServerConfigKeys (ConfUtils.java:logGet(46)) - raft.server.log.queue.byte-limit = 4294967296 (custom)
2022-10-03 12:54:13,391 [pool-118-thread-1] INFO  server.RaftServerConfigKeys (ConfUtils.java:logGet(46)) - raft.server.log.queue.element-limit = 1024 (custom)
2022-10-03 12:54:13,391 [pool-118-thread-1] INFO  server.RaftServerConfigKeys (ConfUtils.java:logGet(46)) - raft.server.log.segment.size.max = 1048576 (custom)
2022-10-03 12:54:13,391 [pool-118-thread-1] INFO  server.RaftServerConfigKeys (ConfUtils.java:logGet(46)) - raft.server.log.preallocated.size = 16384 (custom)
2022-10-03 12:54:13,391 [pool-118-thread-1] INFO  server.RaftServerConfigKeys (ConfUtils.java:logGet(46)) - raft.server.log.force.sync.num = 128 (default)
2022-10-03 12:54:13,391 [pool-118-thread-1] INFO  server.RaftServerConfigKeys (ConfUtils.java:logGet(46)) - raft.server.log.statemachine.data.sync = true (default)
2022-10-03 12:54:13,391 [pool-118-thread-1] INFO  server.RaftServerConfigKeys (ConfUtils.java:logGet(46)) - raft.server.log.statemachine.data.sync.timeout = 10s (default)
2022-10-03 12:54:13,391 [pool-118-thread-1] INFO  server.RaftServerConfigKeys (ConfUtils.java:logGet(46)) - raft.server.log.statemachine.data.sync.timeout.retry = -1 (default)
2022-10-03 12:54:13,391 [pool-118-thread-1] INFO  server.RaftServerConfigKeys (ConfUtils.java:logGet(46)) - raft.server.log.write.buffer.size = 1048576 (custom)
2022-10-03 12:54:13,392 [pool-118-thread-1] INFO  server.RaftServerConfigKeys (ConfUtils.java:logGet(46)) - raft.server.log.unsafe-flush.enabled = false (default)
2022-10-03 12:54:13,392 [pool-118-thread-1] INFO  server.RaftServerConfigKeys (ConfUtils.java:logGet(46)) - raft.server.log.statemachine.data.caching.enabled = true (custom)
2022-10-03 12:54:13,392 [pool-118-thread-1] INFO  segmented.SegmentedRaftLogWorker (SegmentedRaftLogWorker.java:lambda$new$0(135)) - 65d00af3-f5da-4eaa-9376-f833deec0a70@group-160EB6A497B2-SegmentedRaftLogWorker: flushIndex: setUnconditionally 0 -> -1
2022-10-03 12:54:13,392 [pool-118-thread-1] INFO  segmented.SegmentedRaftLogWorker (SegmentedRaftLogWorker.java:lambda$new$0(135)) - 65d00af3-f5da-4eaa-9376-f833deec0a70@group-160EB6A497B2-SegmentedRaftLogWorker: safeCacheEvictIndex: setUnconditionally 0 -> -1
2022-10-03 12:54:13,393 [pool-118-thread-1] INFO  server.RaftServerConfigKeys (ConfUtils.java:logGet(46)) - raft.server.snapshot.auto.trigger.enabled = true (custom)
2022-10-03 12:54:13,393 [pool-118-thread-1] INFO  server.RaftServerConfigKeys (ConfUtils.java:logGet(46)) - raft.server.snapshot.auto.trigger.threshold = 10000 (custom)
2022-10-03 12:54:13,393 [pool-118-thread-1] INFO  server.RaftServerConfigKeys (ConfUtils.java:logGet(46)) - raft.server.snapshot.retention.file.num = 5 (custom)
2022-10-03 12:54:13,393 [pool-118-thread-1] INFO  server.RaftServerConfigKeys (ConfUtils.java:logGet(46)) - raft.server.log.purge.upto.snapshot.index = false (default)
2022-10-03 12:54:13,393 [pool-118-thread-1] INFO  server.RaftServerConfigKeys (ConfUtils.java:logGet(46)) - raft.server.retrycache.expirytime = 600000ms (custom)
2022-10-03 12:54:13,393 [pool-118-thread-1] INFO  server.RaftServerConfigKeys (ConfUtils.java:logGet(46)) - raft.server.retrycache.statistics.expirytime = 100μs (default)
2022-10-03 12:54:13,394 [pool-72-thread-1] INFO  server.RaftServerConfigKeys (ConfUtils.java:logGet(46)) - raft.server.snapshot.auto.trigger.enabled = true (custom)
2022-10-03 12:54:13,394 [pool-72-thread-1] INFO  server.RaftServerConfigKeys (ConfUtils.java:logGet(46)) - raft.server.snapshot.auto.trigger.threshold = 10000 (custom)
2022-10-03 12:54:13,394 [pool-72-thread-1] INFO  server.RaftServerConfigKeys (ConfUtils.java:logGet(46)) - raft.server.snapshot.retention.file.num = 5 (custom)
2022-10-03 12:54:13,394 [pool-72-thread-1] INFO  server.RaftServerConfigKeys (ConfUtils.java:logGet(46)) - raft.server.log.purge.upto.snapshot.index = false (default)
2022-10-03 12:54:13,394 [pool-72-thread-1] INFO  server.RaftServerConfigKeys (ConfUtils.java:logGet(46)) - raft.server.retrycache.expirytime = 600000ms (custom)
2022-10-03 12:54:13,394 [pool-72-thread-1] INFO  server.RaftServerConfigKeys (ConfUtils.java:logGet(46)) - raft.server.retrycache.statistics.expirytime = 100μs (default)
2022-10-03 12:54:13,395 [pool-72-thread-1] INFO  server.RaftServerConfigKeys (ConfUtils.java:logGet(46)) - raft.server.log.appender.install.snapshot.enabled = false (custom)
2022-10-03 12:54:13,395 [pool-72-thread-1] INFO  server.RaftServerConfigKeys (ConfUtils.java:logGet(46)) - raft.server.threadpool.server.cached = true (default)
2022-10-03 12:54:13,395 [pool-72-thread-1] INFO  server.RaftServerConfigKeys (ConfUtils.java:logGet(46)) - raft.server.threadpool.server.size = 0 (default)
2022-10-03 12:54:13,395 [pool-72-thread-1] INFO  server.RaftServerConfigKeys (ConfUtils.java:logGet(46)) - raft.server.threadpool.client.cached = true (default)
2022-10-03 12:54:13,395 [pool-72-thread-1] INFO  server.RaftServerConfigKeys (ConfUtils.java:logGet(46)) - raft.server.threadpool.client.size = 0 (default)
2022-10-03 12:54:13,395 [pool-72-thread-1] INFO  server.RaftServer$Division (RaftServerImpl.java:start(310)) - e9347147-4904-419e-aa00-cb57e200d90a@group-D6A0C8B7AC10: start as a follower, conf=-1: [e9347147-4904-419e-aa00-cb57e200d90a|rpc:10.1.0.147:44637|priority:0, 65d00af3-f5da-4eaa-9376-f833deec0a70|rpc:10.1.0.147:39677|priority:1, c2b172e5-e4cb-4596-beed-b2a603e2732e|rpc:10.1.0.147:36187|priority:0], old=null
2022-10-03 12:54:13,395 [pool-72-thread-1] INFO  server.RaftServer$Division (RaftServerImpl.java:setRole(299)) - e9347147-4904-419e-aa00-cb57e200d90a@group-D6A0C8B7AC10: changes role from      null to FOLLOWER at term 0 for startAsFollower
2022-10-03 12:54:13,395 [pool-72-thread-1] INFO  impl.RoleInfo (RoleInfo.java:updateAndGet(139)) - e9347147-4904-419e-aa00-cb57e200d90a: start e9347147-4904-419e-aa00-cb57e200d90a@group-D6A0C8B7AC10-FollowerState
2022-10-03 12:54:13,396 [pool-118-thread-1] INFO  server.RaftServerConfigKeys (ConfUtils.java:logGet(46)) - raft.server.log.appender.install.snapshot.enabled = false (custom)
2022-10-03 12:54:13,396 [pool-118-thread-1] INFO  server.RaftServerConfigKeys (ConfUtils.java:logGet(46)) - raft.server.threadpool.server.cached = true (default)
2022-10-03 12:54:13,396 [pool-118-thread-1] INFO  server.RaftServerConfigKeys (ConfUtils.java:logGet(46)) - raft.server.threadpool.server.size = 0 (default)
2022-10-03 12:54:13,396 [pool-118-thread-1] INFO  server.RaftServerConfigKeys (ConfUtils.java:logGet(46)) - raft.server.threadpool.client.cached = true (default)
2022-10-03 12:54:13,396 [pool-118-thread-1] INFO  server.RaftServerConfigKeys (ConfUtils.java:logGet(46)) - raft.server.threadpool.client.size = 0 (default)
2022-10-03 12:54:13,396 [pool-118-thread-1] INFO  server.RaftServer$Division (RaftServerImpl.java:start(310)) - 65d00af3-f5da-4eaa-9376-f833deec0a70@group-160EB6A497B2: start as a follower, conf=-1: [e9347147-4904-419e-aa00-cb57e200d90a|rpc:10.1.0.147:44637|dataStream:|priority:1, 65d00af3-f5da-4eaa-9376-f833deec0a70|rpc:10.1.0.147:39677|dataStream:|priority:0, c2b172e5-e4cb-4596-beed-b2a603e2732e|rpc:10.1.0.147:36187|dataStream:|priority:0], old=null
2022-10-03 12:54:13,396 [pool-118-thread-1] INFO  server.RaftServer$Division (RaftServerImpl.java:setRole(299)) - 65d00af3-f5da-4eaa-9376-f833deec0a70@group-160EB6A497B2: changes role from      null to FOLLOWER at term 0 for startAsFollower
2022-10-03 12:54:13,405 [pool-72-thread-1] INFO  util.JmxRegister (JmxRegister.java:tryRegister(44)) - Successfully registered JMX Bean with object name Ratis:service=RaftServer,group=group-D6A0C8B7AC10,id=e9347147-4904-419e-aa00-cb57e200d90a
2022-10-03 12:54:13,410 [pool-118-thread-1] INFO  impl.RoleInfo (RoleInfo.java:updateAndGet(139)) - 65d00af3-f5da-4eaa-9376-f833deec0a70: start 65d00af3-f5da-4eaa-9376-f833deec0a70@group-160EB6A497B2-FollowerState
2022-10-03 12:54:13,410 [Command processor thread] INFO  ratis.XceiverServerRatis (XceiverServerRatis.java:addGroup(765)) - Created group PipelineID=2c74525f-2961-4101-a8f7-d6a0c8b7ac10
2022-10-03 12:54:13,411 [pool-118-thread-1] INFO  util.JmxRegister (JmxRegister.java:tryRegister(44)) - Successfully registered JMX Bean with object name Ratis:service=RaftServer,group=group-160EB6A497B2,id=65d00af3-f5da-4eaa-9376-f833deec0a70
2022-10-03 12:54:13,430 [grpc-default-executor-0] INFO  server.RaftServer (RaftServerProxy.java:addNew(96)) - 65d00af3-f5da-4eaa-9376-f833deec0a70: addNew group-D6A0C8B7AC10:[e9347147-4904-419e-aa00-cb57e200d90a|rpc:10.1.0.147:44637|dataStream:|priority:0, 65d00af3-f5da-4eaa-9376-f833deec0a70|rpc:10.1.0.147:39677|dataStream:|priority:1, c2b172e5-e4cb-4596-beed-b2a603e2732e|rpc:10.1.0.147:36187|dataStream:|priority:0] returns group-D6A0C8B7AC10:java.util.concurrent.CompletableFuture@52769c16[Not completed]
2022-10-03 12:54:13,431 [pool-118-thread-1] INFO  server.RaftServer$Division (RaftServerImpl.java:<init>(190)) - 65d00af3-f5da-4eaa-9376-f833deec0a70: new RaftServerImpl for group-D6A0C8B7AC10:[e9347147-4904-419e-aa00-cb57e200d90a|rpc:10.1.0.147:44637|dataStream:|priority:0, 65d00af3-f5da-4eaa-9376-f833deec0a70|rpc:10.1.0.147:39677|dataStream:|priority:1, c2b172e5-e4cb-4596-beed-b2a603e2732e|rpc:10.1.0.147:36187|dataStream:|priority:0] with ContainerStateMachine:uninitialized
2022-10-03 12:54:13,431 [pool-118-thread-1] INFO  server.RaftServerConfigKeys (ConfUtils.java:logGet(46)) - raft.server.rpc.timeout.min = 5s (custom)
2022-10-03 12:54:13,431 [pool-118-thread-1] INFO  server.RaftServerConfigKeys (ConfUtils.java:logGet(46)) - raft.server.rpc.timeout.max = 5200ms (custom)
2022-10-03 12:54:13,431 [pool-118-thread-1] INFO  server.RaftServerConfigKeys (ConfUtils.java:logGet(46)) - raft.server.rpc.sleep.time = 25ms (default)
2022-10-03 12:54:13,431 [pool-118-thread-1] INFO  server.RaftServerConfigKeys (ConfUtils.java:logGet(46)) - raft.server.rpc.slowness.timeout = 300s (custom)
2022-10-03 12:54:13,432 [pool-118-thread-1] INFO  server.RaftServerConfigKeys (ConfUtils.java:logGet(46)) - raft.server.leaderelection.leader.step-down.wait-time = 10s (default)
2022-10-03 12:54:13,432 [pool-118-thread-1] INFO  server.RaftServerConfigKeys (ConfUtils.java:logGet(46)) - raft.server.sleep.deviation.threshold = 300ms (default)
2022-10-03 12:54:13,432 [pool-118-thread-1] INFO  server.RaftServer$Division (ServerState.java:<init>(107)) - 65d00af3-f5da-4eaa-9376-f833deec0a70@group-D6A0C8B7AC10: ConfigurationManager, init=-1: [e9347147-4904-419e-aa00-cb57e200d90a|rpc:10.1.0.147:44637|dataStream:|priority:0, 65d00af3-f5da-4eaa-9376-f833deec0a70|rpc:10.1.0.147:39677|dataStream:|priority:1, c2b172e5-e4cb-4596-beed-b2a603e2732e|rpc:10.1.0.147:36187|dataStream:|priority:0], old=null, confs=<EMPTY_MAP>
2022-10-03 12:54:13,432 [pool-118-thread-1] INFO  server.RaftServerConfigKeys (ConfUtils.java:logGet(46)) - raft.server.storage.dir = [/home/runner/work/ozone/ozone/hadoop-ozone/integration-test/target/test-dir/MiniOzoneClusterImpl-b6ae2940-34d7-4a31-919c-df5c2426260d/datanode-2/data/ratis] (custom)
2022-10-03 12:54:13,432 [pool-118-thread-1] INFO  server.RaftServerConfigKeys (ConfUtils.java:logGet(46)) - raft.server.log.corruption.policy = EXCEPTION (default)
2022-10-03 12:54:13,432 [pool-118-thread-1] INFO  server.RaftServerConfigKeys (ConfUtils.java:logGet(46)) - raft.server.storage.free-space.min = 0MB (=0) (default)
2022-10-03 12:54:13,432 [pool-118-thread-1] INFO  storage.RaftStorageDirectory (RaftStorageDirectoryImpl.java:analyzeStorage(135)) - The storage directory /home/runner/work/ozone/ozone/hadoop-ozone/integration-test/target/test-dir/MiniOzoneClusterImpl-b6ae2940-34d7-4a31-919c-df5c2426260d/datanode-2/data/ratis/2c74525f-2961-4101-a8f7-d6a0c8b7ac10 does not exist. Creating ...
2022-10-03 12:54:13,433 [pool-118-thread-1] INFO  storage.RaftStorageDirectory (RaftStorageDirectoryImpl.java:tryLock(230)) - Lock on /home/runner/work/ozone/ozone/hadoop-ozone/integration-test/target/test-dir/MiniOzoneClusterImpl-b6ae2940-34d7-4a31-919c-df5c2426260d/datanode-2/data/ratis/2c74525f-2961-4101-a8f7-d6a0c8b7ac10/in_use.lock acquired by nodename 2263@fv-az443-503
2022-10-03 12:54:13,434 [pool-118-thread-1] INFO  storage.RaftStorage (RaftStorageImpl.java:format(89)) - Storage directory /home/runner/work/ozone/ozone/hadoop-ozone/integration-test/target/test-dir/MiniOzoneClusterImpl-b6ae2940-34d7-4a31-919c-df5c2426260d/datanode-2/data/ratis/2c74525f-2961-4101-a8f7-d6a0c8b7ac10 has been successfully formatted.
2022-10-03 12:54:13,435 [pool-118-thread-1] INFO  ratis.ContainerStateMachine (ContainerStateMachine.java:loadSnapshot(236)) - group-D6A0C8B7AC10: The snapshot info is null. Setting the last applied indexto:(t:0, i:~)
2022-10-03 12:54:13,435 [pool-118-thread-1] INFO  server.RaftServerConfigKeys (ConfUtils.java:logGet(46)) - raft.server.notification.no-leader.timeout = 300s (custom)
2022-10-03 12:54:13,436 [pool-118-thread-1] INFO  server.RaftServerConfigKeys (ConfUtils.java:logGet(46)) - raft.server.log.use.memory = false (default)
2022-10-03 12:54:13,436 [pool-118-thread-1] INFO  server.RaftServerConfigKeys (ConfUtils.java:logGet(46)) - raft.server.log.purge.gap = 1000000 (custom)
2022-10-03 12:54:13,436 [pool-118-thread-1] INFO  server.RaftServerConfigKeys (ConfUtils.java:logGet(46)) - raft.server.log.appender.buffer.byte-limit = 33554432 (custom)
2022-10-03 12:54:13,436 [pool-118-thread-1] INFO  server.RaftServerConfigKeys (ConfUtils.java:logGet(46)) - raft.server.log.statemachine.data.read.timeout = 1000ms (default)
2022-10-03 12:54:13,436 [pool-118-thread-1] INFO  server.RaftServerConfigKeys (ConfUtils.java:logGet(46)) - raft.server.log.segment.size.max = 1048576 (custom)
2022-10-03 12:54:13,436 [pool-118-thread-1] INFO  server.RaftServerConfigKeys (ConfUtils.java:logGet(46)) - raft.server.log.segment.cache.num.max = 2 (custom)
2022-10-03 12:54:13,436 [pool-118-thread-1] INFO  server.RaftServerConfigKeys (ConfUtils.java:logGet(46)) - raft.server.log.segment.cache.size.max = 200MB (=209715200) (default)
2022-10-03 12:54:13,436 [pool-118-thread-1] INFO  segmented.SegmentedRaftLogWorker (SegmentedRaftLogWorker.java:<init>(187)) - new 65d00af3-f5da-4eaa-9376-f833deec0a70@group-D6A0C8B7AC10-SegmentedRaftLogWorker for RaftStorageImpl:Storage Directory /home/runner/work/ozone/ozone/hadoop-ozone/integration-test/target/test-dir/MiniOzoneClusterImpl-b6ae2940-34d7-4a31-919c-df5c2426260d/datanode-2/data/ratis/2c74525f-2961-4101-a8f7-d6a0c8b7ac10
2022-10-03 12:54:13,436 [pool-118-thread-1] INFO  server.RaftServerConfigKeys (ConfUtils.java:logGet(46)) - raft.server.log.queue.byte-limit = 4294967296 (custom)
2022-10-03 12:54:13,436 [pool-118-thread-1] INFO  server.RaftServerConfigKeys (ConfUtils.java:logGet(46)) - raft.server.log.queue.element-limit = 1024 (custom)
2022-10-03 12:54:13,436 [pool-118-thread-1] INFO  server.RaftServerConfigKeys (ConfUtils.java:logGet(46)) - raft.server.log.segment.size.max = 1048576 (custom)
2022-10-03 12:54:13,436 [pool-118-thread-1] INFO  server.RaftServerConfigKeys (ConfUtils.java:logGet(46)) - raft.server.log.preallocated.size = 16384 (custom)
2022-10-03 12:54:13,436 [pool-118-thread-1] INFO  server.RaftServerConfigKeys (ConfUtils.java:logGet(46)) - raft.server.log.force.sync.num = 128 (default)
2022-10-03 12:54:13,436 [pool-118-thread-1] INFO  server.RaftServerConfigKeys (ConfUtils.java:logGet(46)) - raft.server.log.statemachine.data.sync = true (default)
2022-10-03 12:54:13,437 [pool-118-thread-1] INFO  server.RaftServerConfigKeys (ConfUtils.java:logGet(46)) - raft.server.log.statemachine.data.sync.timeout = 10s (default)
2022-10-03 12:54:13,437 [pool-118-thread-1] INFO  server.RaftServerConfigKeys (ConfUtils.java:logGet(46)) - raft.server.log.statemachine.data.sync.timeout.retry = -1 (default)
2022-10-03 12:54:13,437 [pool-118-thread-1] INFO  server.RaftServerConfigKeys (ConfUtils.java:logGet(46)) - raft.server.log.write.buffer.size = 1048576 (custom)
2022-10-03 12:54:13,438 [pool-118-thread-1] INFO  server.RaftServerConfigKeys (ConfUtils.java:logGet(46)) - raft.server.log.unsafe-flush.enabled = false (default)
2022-10-03 12:54:13,438 [pool-118-thread-1] INFO  server.RaftServerConfigKeys (ConfUtils.java:logGet(46)) - raft.server.log.statemachine.data.caching.enabled = true (custom)
2022-10-03 12:54:13,438 [pool-118-thread-1] INFO  segmented.SegmentedRaftLogWorker (SegmentedRaftLogWorker.java:lambda$new$0(135)) - 65d00af3-f5da-4eaa-9376-f833deec0a70@group-D6A0C8B7AC10-SegmentedRaftLogWorker: flushIndex: setUnconditionally 0 -> -1
2022-10-03 12:54:13,438 [pool-118-thread-1] INFO  segmented.SegmentedRaftLogWorker (SegmentedRaftLogWorker.java:lambda$new$0(135)) - 65d00af3-f5da-4eaa-9376-f833deec0a70@group-D6A0C8B7AC10-SegmentedRaftLogWorker: safeCacheEvictIndex: setUnconditionally 0 -> -1
2022-10-03 12:54:13,438 [pool-118-thread-1] INFO  server.RaftServerConfigKeys (ConfUtils.java:logGet(46)) - raft.server.snapshot.auto.trigger.enabled = true (custom)
2022-10-03 12:54:13,438 [pool-118-thread-1] INFO  server.RaftServerConfigKeys (ConfUtils.java:logGet(46)) - raft.server.snapshot.auto.trigger.threshold = 10000 (custom)
2022-10-03 12:54:13,438 [pool-118-thread-1] INFO  server.RaftServerConfigKeys (ConfUtils.java:logGet(46)) - raft.server.snapshot.retention.file.num = 5 (custom)
2022-10-03 12:54:13,438 [pool-118-thread-1] INFO  server.RaftServerConfigKeys (ConfUtils.java:logGet(46)) - raft.server.log.purge.upto.snapshot.index = false (default)
2022-10-03 12:54:13,438 [pool-118-thread-1] INFO  server.RaftServerConfigKeys (ConfUtils.java:logGet(46)) - raft.server.retrycache.expirytime = 600000ms (custom)
2022-10-03 12:54:13,438 [pool-118-thread-1] INFO  server.RaftServerConfigKeys (ConfUtils.java:logGet(46)) - raft.server.retrycache.statistics.expirytime = 100μs (default)
2022-10-03 12:54:13,439 [pool-118-thread-1] INFO  server.RaftServerConfigKeys (ConfUtils.java:logGet(46)) - raft.server.log.appender.install.snapshot.enabled = false (custom)
2022-10-03 12:54:13,439 [pool-118-thread-1] INFO  server.RaftServerConfigKeys (ConfUtils.java:logGet(46)) - raft.server.threadpool.server.cached = true (default)
2022-10-03 12:54:13,439 [pool-118-thread-1] INFO  server.RaftServerConfigKeys (ConfUtils.java:logGet(46)) - raft.server.threadpool.server.size = 0 (default)
2022-10-03 12:54:13,439 [pool-118-thread-1] INFO  server.RaftServerConfigKeys (ConfUtils.java:logGet(46)) - raft.server.threadpool.client.cached = true (default)
2022-10-03 12:54:13,439 [pool-118-thread-1] INFO  server.RaftServerConfigKeys (ConfUtils.java:logGet(46)) - raft.server.threadpool.client.size = 0 (default)
2022-10-03 12:54:13,439 [pool-118-thread-1] INFO  server.RaftServer$Division (RaftServerImpl.java:start(310)) - 65d00af3-f5da-4eaa-9376-f833deec0a70@group-D6A0C8B7AC10: start as a follower, conf=-1: [e9347147-4904-419e-aa00-cb57e200d90a|rpc:10.1.0.147:44637|dataStream:|priority:0, 65d00af3-f5da-4eaa-9376-f833deec0a70|rpc:10.1.0.147:39677|dataStream:|priority:1, c2b172e5-e4cb-4596-beed-b2a603e2732e|rpc:10.1.0.147:36187|dataStream:|priority:0], old=null
2022-10-03 12:54:13,439 [pool-118-thread-1] INFO  server.RaftServer$Division (RaftServerImpl.java:setRole(299)) - 65d00af3-f5da-4eaa-9376-f833deec0a70@group-D6A0C8B7AC10: changes role from      null to FOLLOWER at term 0 for startAsFollower
2022-10-03 12:54:13,439 [pool-118-thread-1] INFO  impl.RoleInfo (RoleInfo.java:updateAndGet(139)) - 65d00af3-f5da-4eaa-9376-f833deec0a70: start 65d00af3-f5da-4eaa-9376-f833deec0a70@group-D6A0C8B7AC10-FollowerState
2022-10-03 12:54:13,440 [pool-118-thread-1] INFO  util.JmxRegister (JmxRegister.java:tryRegister(44)) - Successfully registered JMX Bean with object name Ratis:service=RaftServer,group=group-D6A0C8B7AC10,id=65d00af3-f5da-4eaa-9376-f833deec0a70
2022-10-03 12:54:13,467 [Command processor thread] INFO  commandhandler.CreatePipelineCommandHandler (CreatePipelineCommandHandler.java:handle(113)) - Created Pipeline RATIS THREE PipelineID=65ba1b22-f7dc-4a39-bafb-160eb6a497b2.
2022-10-03 12:54:13,467 [Command processor thread] INFO  server.RaftServer (RaftServerProxy.java:addNew(96)) - c2b172e5-e4cb-4596-beed-b2a603e2732e: addNew group-D6A0C8B7AC10:[e9347147-4904-419e-aa00-cb57e200d90a|rpc:10.1.0.147:44637|priority:0, 65d00af3-f5da-4eaa-9376-f833deec0a70|rpc:10.1.0.147:39677|priority:1, c2b172e5-e4cb-4596-beed-b2a603e2732e|rpc:10.1.0.147:36187|priority:0] returns group-D6A0C8B7AC10:java.util.concurrent.CompletableFuture@14dbd62a[Not completed]
2022-10-03 12:54:13,469 [pool-95-thread-1] INFO  server.RaftServer$Division (RaftServerImpl.java:<init>(190)) - c2b172e5-e4cb-4596-beed-b2a603e2732e: new RaftServerImpl for group-D6A0C8B7AC10:[e9347147-4904-419e-aa00-cb57e200d90a|rpc:10.1.0.147:44637|priority:0, 65d00af3-f5da-4eaa-9376-f833deec0a70|rpc:10.1.0.147:39677|priority:1, c2b172e5-e4cb-4596-beed-b2a603e2732e|rpc:10.1.0.147:36187|priority:0] with ContainerStateMachine:uninitialized
2022-10-03 12:54:13,469 [pool-95-thread-1] INFO  server.RaftServerConfigKeys (ConfUtils.java:logGet(46)) - raft.server.rpc.timeout.min = 5s (custom)
2022-10-03 12:54:13,469 [pool-95-thread-1] INFO  server.RaftServerConfigKeys (ConfUtils.java:logGet(46)) - raft.server.rpc.timeout.max = 5200ms (custom)
2022-10-03 12:54:13,469 [pool-95-thread-1] INFO  server.RaftServerConfigKeys (ConfUtils.java:logGet(46)) - raft.server.rpc.sleep.time = 25ms (default)
2022-10-03 12:54:13,469 [pool-95-thread-1] INFO  server.RaftServerConfigKeys (ConfUtils.java:logGet(46)) - raft.server.rpc.slowness.timeout = 300s (custom)
2022-10-03 12:54:13,469 [pool-95-thread-1] INFO  server.RaftServerConfigKeys (ConfUtils.java:logGet(46)) - raft.server.leaderelection.leader.step-down.wait-time = 10s (default)
2022-10-03 12:54:13,469 [pool-95-thread-1] INFO  server.RaftServerConfigKeys (ConfUtils.java:logGet(46)) - raft.server.sleep.deviation.threshold = 300ms (default)
2022-10-03 12:54:13,469 [pool-95-thread-1] INFO  server.RaftServer$Division (ServerState.java:<init>(107)) - c2b172e5-e4cb-4596-beed-b2a603e2732e@group-D6A0C8B7AC10: ConfigurationManager, init=-1: [e9347147-4904-419e-aa00-cb57e200d90a|rpc:10.1.0.147:44637|priority:0, 65d00af3-f5da-4eaa-9376-f833deec0a70|rpc:10.1.0.147:39677|priority:1, c2b172e5-e4cb-4596-beed-b2a603e2732e|rpc:10.1.0.147:36187|priority:0], old=null, confs=<EMPTY_MAP>
2022-10-03 12:54:13,469 [pool-95-thread-1] INFO  server.RaftServerConfigKeys (ConfUtils.java:logGet(46)) - raft.server.storage.dir = [/home/runner/work/ozone/ozone/hadoop-ozone/integration-test/target/test-dir/MiniOzoneClusterImpl-b6ae2940-34d7-4a31-919c-df5c2426260d/datanode-1/data/ratis] (custom)
2022-10-03 12:54:13,469 [pool-95-thread-1] INFO  server.RaftServerConfigKeys (ConfUtils.java:logGet(46)) - raft.server.log.corruption.policy = EXCEPTION (default)
2022-10-03 12:54:13,469 [pool-95-thread-1] INFO  server.RaftServerConfigKeys (ConfUtils.java:logGet(46)) - raft.server.storage.free-space.min = 0MB (=0) (default)
2022-10-03 12:54:13,469 [pool-95-thread-1] INFO  storage.RaftStorageDirectory (RaftStorageDirectoryImpl.java:analyzeStorage(135)) - The storage directory /home/runner/work/ozone/ozone/hadoop-ozone/integration-test/target/test-dir/MiniOzoneClusterImpl-b6ae2940-34d7-4a31-919c-df5c2426260d/datanode-1/data/ratis/2c74525f-2961-4101-a8f7-d6a0c8b7ac10 does not exist. Creating ...
2022-10-03 12:54:13,470 [pool-95-thread-1] INFO  storage.RaftStorageDirectory (RaftStorageDirectoryImpl.java:tryLock(230)) - Lock on /home/runner/work/ozone/ozone/hadoop-ozone/integration-test/target/test-dir/MiniOzoneClusterImpl-b6ae2940-34d7-4a31-919c-df5c2426260d/datanode-1/data/ratis/2c74525f-2961-4101-a8f7-d6a0c8b7ac10/in_use.lock acquired by nodename 2263@fv-az443-503
2022-10-03 12:54:13,472 [pool-95-thread-1] INFO  storage.RaftStorage (RaftStorageImpl.java:format(89)) - Storage directory /home/runner/work/ozone/ozone/hadoop-ozone/integration-test/target/test-dir/MiniOzoneClusterImpl-b6ae2940-34d7-4a31-919c-df5c2426260d/datanode-1/data/ratis/2c74525f-2961-4101-a8f7-d6a0c8b7ac10 has been successfully formatted.
2022-10-03 12:54:13,472 [pool-95-thread-1] INFO  ratis.ContainerStateMachine (ContainerStateMachine.java:loadSnapshot(236)) - group-D6A0C8B7AC10: The snapshot info is null. Setting the last applied indexto:(t:0, i:~)
2022-10-03 12:54:13,473 [pool-95-thread-1] INFO  server.RaftServerConfigKeys (ConfUtils.java:logGet(46)) - raft.server.notification.no-leader.timeout = 300s (custom)
2022-10-03 12:54:13,473 [pool-95-thread-1] INFO  server.RaftServerConfigKeys (ConfUtils.java:logGet(46)) - raft.server.log.use.memory = false (default)
2022-10-03 12:54:13,473 [pool-95-thread-1] INFO  server.RaftServerConfigKeys (ConfUtils.java:logGet(46)) - raft.server.log.purge.gap = 1000000 (custom)
2022-10-03 12:54:13,473 [pool-95-thread-1] INFO  server.RaftServerConfigKeys (ConfUtils.java:logGet(46)) - raft.server.log.appender.buffer.byte-limit = 33554432 (custom)
2022-10-03 12:54:13,473 [pool-95-thread-1] INFO  server.RaftServerConfigKeys (ConfUtils.java:logGet(46)) - raft.server.log.statemachine.data.read.timeout = 1000ms (default)
2022-10-03 12:54:13,474 [pool-95-thread-1] INFO  server.RaftServerConfigKeys (ConfUtils.java:logGet(46)) - raft.server.log.segment.size.max = 1048576 (custom)
2022-10-03 12:54:13,474 [pool-95-thread-1] INFO  server.RaftServerConfigKeys (ConfUtils.java:logGet(46)) - raft.server.log.segment.cache.num.max = 2 (custom)
2022-10-03 12:54:13,474 [pool-95-thread-1] INFO  server.RaftServerConfigKeys (ConfUtils.java:logGet(46)) - raft.server.log.segment.cache.size.max = 200MB (=209715200) (default)
2022-10-03 12:54:13,474 [pool-95-thread-1] INFO  segmented.SegmentedRaftLogWorker (SegmentedRaftLogWorker.java:<init>(187)) - new c2b172e5-e4cb-4596-beed-b2a603e2732e@group-D6A0C8B7AC10-SegmentedRaftLogWorker for RaftStorageImpl:Storage Directory /home/runner/work/ozone/ozone/hadoop-ozone/integration-test/target/test-dir/MiniOzoneClusterImpl-b6ae2940-34d7-4a31-919c-df5c2426260d/datanode-1/data/ratis/2c74525f-2961-4101-a8f7-d6a0c8b7ac10
2022-10-03 12:54:13,474 [pool-95-thread-1] INFO  server.RaftServerConfigKeys (ConfUtils.java:logGet(46)) - raft.server.log.queue.byte-limit = 4294967296 (custom)
2022-10-03 12:54:13,474 [pool-95-thread-1] INFO  server.RaftServerConfigKeys (ConfUtils.java:logGet(46)) - raft.server.log.queue.element-limit = 1024 (custom)
2022-10-03 12:54:13,474 [pool-95-thread-1] INFO  server.RaftServerConfigKeys (ConfUtils.java:logGet(46)) - raft.server.log.segment.size.max = 1048576 (custom)
2022-10-03 12:54:13,474 [pool-95-thread-1] INFO  server.RaftServerConfigKeys (ConfUtils.java:logGet(46)) - raft.server.log.preallocated.size = 16384 (custom)
2022-10-03 12:54:13,474 [pool-95-thread-1] INFO  server.RaftServerConfigKeys (ConfUtils.java:logGet(46)) - raft.server.log.force.sync.num = 128 (default)
2022-10-03 12:54:13,474 [pool-95-thread-1] INFO  server.RaftServerConfigKeys (ConfUtils.java:logGet(46)) - raft.server.log.statemachine.data.sync = true (default)
2022-10-03 12:54:13,474 [pool-95-thread-1] INFO  server.RaftServerConfigKeys (ConfUtils.java:logGet(46)) - raft.server.log.statemachine.data.sync.timeout = 10s (default)
2022-10-03 12:54:13,474 [pool-95-thread-1] INFO  server.RaftServerConfigKeys (ConfUtils.java:logGet(46)) - raft.server.log.statemachine.data.sync.timeout.retry = -1 (default)
2022-10-03 12:54:13,475 [pool-95-thread-1] INFO  server.RaftServerConfigKeys (ConfUtils.java:logGet(46)) - raft.server.log.write.buffer.size = 1048576 (custom)
2022-10-03 12:54:13,475 [pool-95-thread-1] INFO  server.RaftServerConfigKeys (ConfUtils.java:logGet(46)) - raft.server.log.unsafe-flush.enabled = false (default)
2022-10-03 12:54:13,475 [pool-95-thread-1] INFO  server.RaftServerConfigKeys (ConfUtils.java:logGet(46)) - raft.server.log.statemachine.data.caching.enabled = true (custom)
2022-10-03 12:54:13,476 [pool-95-thread-1] INFO  segmented.SegmentedRaftLogWorker (SegmentedRaftLogWorker.java:lambda$new$0(135)) - c2b172e5-e4cb-4596-beed-b2a603e2732e@group-D6A0C8B7AC10-SegmentedRaftLogWorker: flushIndex: setUnconditionally 0 -> -1
2022-10-03 12:54:13,476 [pool-95-thread-1] INFO  segmented.SegmentedRaftLogWorker (SegmentedRaftLogWorker.java:lambda$new$0(135)) - c2b172e5-e4cb-4596-beed-b2a603e2732e@group-D6A0C8B7AC10-SegmentedRaftLogWorker: safeCacheEvictIndex: setUnconditionally 0 -> -1
2022-10-03 12:54:13,477 [pool-95-thread-1] INFO  server.RaftServerConfigKeys (ConfUtils.java:logGet(46)) - raft.server.snapshot.auto.trigger.enabled = true (custom)
2022-10-03 12:54:13,477 [pool-95-thread-1] INFO  server.RaftServerConfigKeys (ConfUtils.java:logGet(46)) - raft.server.snapshot.auto.trigger.threshold = 10000 (custom)
2022-10-03 12:54:13,477 [pool-95-thread-1] INFO  server.RaftServerConfigKeys (ConfUtils.java:logGet(46)) - raft.server.snapshot.retention.file.num = 5 (custom)
2022-10-03 12:54:13,477 [pool-95-thread-1] INFO  server.RaftServerConfigKeys (ConfUtils.java:logGet(46)) - raft.server.log.purge.upto.snapshot.index = false (default)
2022-10-03 12:54:13,479 [pool-95-thread-1] INFO  server.RaftServerConfigKeys (ConfUtils.java:logGet(46)) - raft.server.retrycache.expirytime = 600000ms (custom)
2022-10-03 12:54:13,479 [pool-95-thread-1] INFO  server.RaftServerConfigKeys (ConfUtils.java:logGet(46)) - raft.server.retrycache.statistics.expirytime = 100μs (default)
2022-10-03 12:54:13,480 [pool-95-thread-1] INFO  server.RaftServerConfigKeys (ConfUtils.java:logGet(46)) - raft.server.log.appender.install.snapshot.enabled = false (custom)
2022-10-03 12:54:13,480 [pool-95-thread-1] INFO  server.RaftServerConfigKeys (ConfUtils.java:logGet(46)) - raft.server.threadpool.server.cached = true (default)
2022-10-03 12:54:13,480 [pool-95-thread-1] INFO  server.RaftServerConfigKeys (ConfUtils.java:logGet(46)) - raft.server.threadpool.server.size = 0 (default)
2022-10-03 12:54:13,480 [pool-95-thread-1] INFO  server.RaftServerConfigKeys (ConfUtils.java:logGet(46)) - raft.server.threadpool.client.cached = true (default)
2022-10-03 12:54:13,480 [pool-95-thread-1] INFO  server.RaftServerConfigKeys (ConfUtils.java:logGet(46)) - raft.server.threadpool.client.size = 0 (default)
2022-10-03 12:54:13,480 [pool-95-thread-1] INFO  server.RaftServer$Division (RaftServerImpl.java:start(310)) - c2b172e5-e4cb-4596-beed-b2a603e2732e@group-D6A0C8B7AC10: start as a follower, conf=-1: [e9347147-4904-419e-aa00-cb57e200d90a|rpc:10.1.0.147:44637|priority:0, 65d00af3-f5da-4eaa-9376-f833deec0a70|rpc:10.1.0.147:39677|priority:1, c2b172e5-e4cb-4596-beed-b2a603e2732e|rpc:10.1.0.147:36187|priority:0], old=null
2022-10-03 12:54:13,480 [pool-95-thread-1] INFO  server.RaftServer$Division (RaftServerImpl.java:setRole(299)) - c2b172e5-e4cb-4596-beed-b2a603e2732e@group-D6A0C8B7AC10: changes role from      null to FOLLOWER at term 0 for startAsFollower
2022-10-03 12:54:13,480 [pool-95-thread-1] INFO  impl.RoleInfo (RoleInfo.java:updateAndGet(139)) - c2b172e5-e4cb-4596-beed-b2a603e2732e: start c2b172e5-e4cb-4596-beed-b2a603e2732e@group-D6A0C8B7AC10-FollowerState
2022-10-03 12:54:13,489 [pool-95-thread-1] INFO  util.JmxRegister (JmxRegister.java:tryRegister(44)) - Successfully registered JMX Bean with object name Ratis:service=RaftServer,group=group-D6A0C8B7AC10,id=c2b172e5-e4cb-4596-beed-b2a603e2732e
2022-10-03 12:54:13,490 [Command processor thread] INFO  ratis.XceiverServerRatis (XceiverServerRatis.java:addGroup(765)) - Created group PipelineID=2c74525f-2961-4101-a8f7-d6a0c8b7ac10
2022-10-03 12:54:13,502 [EventQueue-OpenPipelineForHealthyPipelineSafeModeRule] INFO  safemode.SCMSafeModeManager (HealthyPipelineSafeModeRule.java:process(137)) - SCM in safe mode. Healthy pipelines reported count is 0, required healthy pipeline reported count is 1
2022-10-03 12:54:13,518 [Command processor thread] INFO  server.RaftServer (RaftServerProxy.java:addNew(96)) - 65d00af3-f5da-4eaa-9376-f833deec0a70: addNew group-97B3E762EBAE:[65d00af3-f5da-4eaa-9376-f833deec0a70|rpc:10.1.0.147:39677|priority:1] returns group-97B3E762EBAE:java.util.concurrent.CompletableFuture@471e1a4a[Not completed]
2022-10-03 12:54:13,519 [Listener at 127.0.0.1/36971] INFO  ozone.MiniOzoneClusterImpl (MiniOzoneClusterImpl.java:lambda$waitForClusterToBeReady$0(216)) - Nodes are ready. Got 3 of 3 DN Heartbeats.
2022-10-03 12:54:13,519 [Listener at 127.0.0.1/36971] INFO  ozone.MiniOzoneClusterImpl (MiniOzoneClusterImpl.java:lambda$waitForClusterToBeReady$0(219)) - Waiting for cluster to exit safe mode
2022-10-03 12:54:13,519 [Listener at 127.0.0.1/36971] INFO  ozone.MiniOzoneClusterImpl (MiniOzoneClusterImpl.java:lambda$waitForClusterToBeReady$0(221)) - SCM became leader
2022-10-03 12:54:13,519 [pool-118-thread-1] INFO  server.RaftServer$Division (RaftServerImpl.java:<init>(190)) - 65d00af3-f5da-4eaa-9376-f833deec0a70: new RaftServerImpl for group-97B3E762EBAE:[65d00af3-f5da-4eaa-9376-f833deec0a70|rpc:10.1.0.147:39677|priority:1] with ContainerStateMachine:uninitialized
2022-10-03 12:54:13,519 [pool-118-thread-1] INFO  server.RaftServerConfigKeys (ConfUtils.java:logGet(46)) - raft.server.rpc.timeout.min = 5s (custom)
2022-10-03 12:54:13,519 [pool-118-thread-1] INFO  server.RaftServerConfigKeys (ConfUtils.java:logGet(46)) - raft.server.rpc.timeout.max = 5200ms (custom)
2022-10-03 12:54:13,519 [pool-118-thread-1] INFO  server.RaftServerConfigKeys (ConfUtils.java:logGet(46)) - raft.server.rpc.sleep.time = 25ms (default)
2022-10-03 12:54:13,519 [pool-118-thread-1] INFO  server.RaftServerConfigKeys (ConfUtils.java:logGet(46)) - raft.server.rpc.slowness.timeout = 300s (custom)
2022-10-03 12:54:13,519 [pool-118-thread-1] INFO  server.RaftServerConfigKeys (ConfUtils.java:logGet(46)) - raft.server.leaderelection.leader.step-down.wait-time = 10s (default)
2022-10-03 12:54:13,520 [pool-118-thread-1] INFO  server.RaftServerConfigKeys (ConfUtils.java:logGet(46)) - raft.server.sleep.deviation.threshold = 300ms (default)
2022-10-03 12:54:13,520 [pool-118-thread-1] INFO  server.RaftServer$Division (ServerState.java:<init>(107)) - 65d00af3-f5da-4eaa-9376-f833deec0a70@group-97B3E762EBAE: ConfigurationManager, init=-1: [65d00af3-f5da-4eaa-9376-f833deec0a70|rpc:10.1.0.147:39677|priority:1], old=null, confs=<EMPTY_MAP>
2022-10-03 12:54:13,520 [pool-118-thread-1] INFO  server.RaftServerConfigKeys (ConfUtils.java:logGet(46)) - raft.server.storage.dir = [/home/runner/work/ozone/ozone/hadoop-ozone/integration-test/target/test-dir/MiniOzoneClusterImpl-b6ae2940-34d7-4a31-919c-df5c2426260d/datanode-2/data/ratis] (custom)
2022-10-03 12:54:13,520 [pool-118-thread-1] INFO  server.RaftServerConfigKeys (ConfUtils.java:logGet(46)) - raft.server.log.corruption.policy = EXCEPTION (default)
2022-10-03 12:54:13,520 [pool-118-thread-1] INFO  server.RaftServerConfigKeys (ConfUtils.java:logGet(46)) - raft.server.storage.free-space.min = 0MB (=0) (default)
2022-10-03 12:54:13,520 [pool-118-thread-1] INFO  storage.RaftStorageDirectory (RaftStorageDirectoryImpl.java:analyzeStorage(135)) - The storage directory /home/runner/work/ozone/ozone/hadoop-ozone/integration-test/target/test-dir/MiniOzoneClusterImpl-b6ae2940-34d7-4a31-919c-df5c2426260d/datanode-2/data/ratis/be8c26d4-e307-4fa5-9d87-97b3e762ebae does not exist. Creating ...
2022-10-03 12:54:13,522 [pool-118-thread-1] INFO  storage.RaftStorageDirectory (RaftStorageDirectoryImpl.java:tryLock(230)) - Lock on /home/runner/work/ozone/ozone/hadoop-ozone/integration-test/target/test-dir/MiniOzoneClusterImpl-b6ae2940-34d7-4a31-919c-df5c2426260d/datanode-2/data/ratis/be8c26d4-e307-4fa5-9d87-97b3e762ebae/in_use.lock acquired by nodename 2263@fv-az443-503
2022-10-03 12:54:13,524 [pool-118-thread-1] INFO  storage.RaftStorage (RaftStorageImpl.java:format(89)) - Storage directory /home/runner/work/ozone/ozone/hadoop-ozone/integration-test/target/test-dir/MiniOzoneClusterImpl-b6ae2940-34d7-4a31-919c-df5c2426260d/datanode-2/data/ratis/be8c26d4-e307-4fa5-9d87-97b3e762ebae has been successfully formatted.
2022-10-03 12:54:13,524 [pool-118-thread-1] INFO  ratis.ContainerStateMachine (ContainerStateMachine.java:loadSnapshot(236)) - group-97B3E762EBAE: The snapshot info is null. Setting the last applied indexto:(t:0, i:~)
2022-10-03 12:54:13,524 [pool-118-thread-1] INFO  server.RaftServerConfigKeys (ConfUtils.java:logGet(46)) - raft.server.notification.no-leader.timeout = 300s (custom)
2022-10-03 12:54:13,524 [pool-118-thread-1] INFO  server.RaftServerConfigKeys (ConfUtils.java:logGet(46)) - raft.server.log.use.memory = false (default)
2022-10-03 12:54:13,524 [pool-118-thread-1] INFO  server.RaftServerConfigKeys (ConfUtils.java:logGet(46)) - raft.server.log.purge.gap = 1000000 (custom)
2022-10-03 12:54:13,524 [pool-118-thread-1] INFO  server.RaftServerConfigKeys (ConfUtils.java:logGet(46)) - raft.server.log.appender.buffer.byte-limit = 33554432 (custom)
2022-10-03 12:54:13,524 [pool-118-thread-1] INFO  server.RaftServerConfigKeys (ConfUtils.java:logGet(46)) - raft.server.log.statemachine.data.read.timeout = 1000ms (default)
2022-10-03 12:54:13,525 [pool-118-thread-1] INFO  server.RaftServerConfigKeys (ConfUtils.java:logGet(46)) - raft.server.log.segment.size.max = 1048576 (custom)
2022-10-03 12:54:13,525 [pool-118-thread-1] INFO  server.RaftServerConfigKeys (ConfUtils.java:logGet(46)) - raft.server.log.segment.cache.num.max = 2 (custom)
2022-10-03 12:54:13,525 [pool-118-thread-1] INFO  server.RaftServerConfigKeys (ConfUtils.java:logGet(46)) - raft.server.log.segment.cache.size.max = 200MB (=209715200) (default)
2022-10-03 12:54:13,525 [pool-118-thread-1] INFO  segmented.SegmentedRaftLogWorker (SegmentedRaftLogWorker.java:<init>(187)) - new 65d00af3-f5da-4eaa-9376-f833deec0a70@group-97B3E762EBAE-SegmentedRaftLogWorker for RaftStorageImpl:Storage Directory /home/runner/work/ozone/ozone/hadoop-ozone/integration-test/target/test-dir/MiniOzoneClusterImpl-b6ae2940-34d7-4a31-919c-df5c2426260d/datanode-2/data/ratis/be8c26d4-e307-4fa5-9d87-97b3e762ebae
2022-10-03 12:54:13,525 [pool-118-thread-1] INFO  server.RaftServerConfigKeys (ConfUtils.java:logGet(46)) - raft.server.log.queue.byte-limit = 4294967296 (custom)
2022-10-03 12:54:13,525 [pool-118-thread-1] INFO  server.RaftServerConfigKeys (ConfUtils.java:logGet(46)) - raft.server.log.queue.element-limit = 1024 (custom)
2022-10-03 12:54:13,525 [pool-118-thread-1] INFO  server.RaftServerConfigKeys (ConfUtils.java:logGet(46)) - raft.server.log.segment.size.max = 1048576 (custom)
2022-10-03 12:54:13,525 [pool-118-thread-1] INFO  server.RaftServerConfigKeys (ConfUtils.java:logGet(46)) - raft.server.log.preallocated.size = 16384 (custom)
2022-10-03 12:54:13,525 [pool-118-thread-1] INFO  server.RaftServerConfigKeys (ConfUtils.java:logGet(46)) - raft.server.log.force.sync.num = 128 (default)
2022-10-03 12:54:13,525 [pool-118-thread-1] INFO  server.RaftServerConfigKeys (ConfUtils.java:logGet(46)) - raft.server.log.statemachine.data.sync = true (default)
2022-10-03 12:54:13,525 [pool-118-thread-1] INFO  server.RaftServerConfigKeys (ConfUtils.java:logGet(46)) - raft.server.log.statemachine.data.sync.timeout = 10s (default)
2022-10-03 12:54:13,525 [pool-118-thread-1] INFO  server.RaftServerConfigKeys (ConfUtils.java:logGet(46)) - raft.server.log.statemachine.data.sync.timeout.retry = -1 (default)
2022-10-03 12:54:13,526 [pool-118-thread-1] INFO  server.RaftServerConfigKeys (ConfUtils.java:logGet(46)) - raft.server.log.write.buffer.size = 1048576 (custom)
2022-10-03 12:54:13,526 [pool-118-thread-1] INFO  server.RaftServerConfigKeys (ConfUtils.java:logGet(46)) - raft.server.log.unsafe-flush.enabled = false (default)
2022-10-03 12:54:13,526 [pool-118-thread-1] INFO  server.RaftServerConfigKeys (ConfUtils.java:logGet(46)) - raft.server.log.statemachine.data.caching.enabled = true (custom)
2022-10-03 12:54:13,527 [pool-118-thread-1] INFO  segmented.SegmentedRaftLogWorker (SegmentedRaftLogWorker.java:lambda$new$0(135)) - 65d00af3-f5da-4eaa-9376-f833deec0a70@group-97B3E762EBAE-SegmentedRaftLogWorker: flushIndex: setUnconditionally 0 -> -1
2022-10-03 12:54:13,527 [pool-118-thread-1] INFO  segmented.SegmentedRaftLogWorker (SegmentedRaftLogWorker.java:lambda$new$0(135)) - 65d00af3-f5da-4eaa-9376-f833deec0a70@group-97B3E762EBAE-SegmentedRaftLogWorker: safeCacheEvictIndex: setUnconditionally 0 -> -1
2022-10-03 12:54:13,527 [pool-118-thread-1] INFO  server.RaftServerConfigKeys (ConfUtils.java:logGet(46)) - raft.server.snapshot.auto.trigger.enabled = true (custom)
2022-10-03 12:54:13,527 [pool-118-thread-1] INFO  server.RaftServerConfigKeys (ConfUtils.java:logGet(46)) - raft.server.snapshot.auto.trigger.threshold = 10000 (custom)
2022-10-03 12:54:13,527 [pool-118-thread-1] INFO  server.RaftServerConfigKeys (ConfUtils.java:logGet(46)) - raft.server.snapshot.retention.file.num = 5 (custom)
2022-10-03 12:54:13,527 [pool-118-thread-1] INFO  server.RaftServerConfigKeys (ConfUtils.java:logGet(46)) - raft.server.log.purge.upto.snapshot.index = false (default)
2022-10-03 12:54:13,527 [pool-118-thread-1] INFO  server.RaftServerConfigKeys (ConfUtils.java:logGet(46)) - raft.server.retrycache.expirytime = 600000ms (custom)
2022-10-03 12:54:13,527 [pool-118-thread-1] INFO  server.RaftServerConfigKeys (ConfUtils.java:logGet(46)) - raft.server.retrycache.statistics.expirytime = 100μs (default)
2022-10-03 12:54:13,528 [pool-118-thread-1] INFO  server.RaftServerConfigKeys (ConfUtils.java:logGet(46)) - raft.server.log.appender.install.snapshot.enabled = false (custom)
2022-10-03 12:54:13,528 [pool-118-thread-1] INFO  server.RaftServerConfigKeys (ConfUtils.java:logGet(46)) - raft.server.threadpool.server.cached = true (default)
2022-10-03 12:54:13,528 [pool-118-thread-1] INFO  server.RaftServerConfigKeys (ConfUtils.java:logGet(46)) - raft.server.threadpool.server.size = 0 (default)
2022-10-03 12:54:13,528 [pool-118-thread-1] INFO  server.RaftServerConfigKeys (ConfUtils.java:logGet(46)) - raft.server.threadpool.client.cached = true (default)
2022-10-03 12:54:13,528 [pool-118-thread-1] INFO  server.RaftServerConfigKeys (ConfUtils.java:logGet(46)) - raft.server.threadpool.client.size = 0 (default)
2022-10-03 12:54:13,528 [pool-118-thread-1] INFO  server.RaftServer$Division (RaftServerImpl.java:start(310)) - 65d00af3-f5da-4eaa-9376-f833deec0a70@group-97B3E762EBAE: start as a follower, conf=-1: [65d00af3-f5da-4eaa-9376-f833deec0a70|rpc:10.1.0.147:39677|priority:1], old=null
2022-10-03 12:54:13,528 [pool-118-thread-1] INFO  server.RaftServer$Division (RaftServerImpl.java:setRole(299)) - 65d00af3-f5da-4eaa-9376-f833deec0a70@group-97B3E762EBAE: changes role from      null to FOLLOWER at term 0 for startAsFollower
2022-10-03 12:54:13,528 [pool-118-thread-1] INFO  impl.RoleInfo (RoleInfo.java:updateAndGet(139)) - 65d00af3-f5da-4eaa-9376-f833deec0a70: start 65d00af3-f5da-4eaa-9376-f833deec0a70@group-97B3E762EBAE-FollowerState
2022-10-03 12:54:13,529 [pool-118-thread-1] INFO  util.JmxRegister (JmxRegister.java:tryRegister(44)) - Successfully registered JMX Bean with object name Ratis:service=RaftServer,group=group-97B3E762EBAE,id=65d00af3-f5da-4eaa-9376-f833deec0a70
2022-10-03 12:54:13,533 [Command processor thread] INFO  ratis.XceiverServerRatis (XceiverServerRatis.java:addGroup(765)) - Created group PipelineID=be8c26d4-e307-4fa5-9d87-97b3e762ebae
2022-10-03 12:54:13,533 [Command processor thread] INFO  commandhandler.CreatePipelineCommandHandler (CreatePipelineCommandHandler.java:handle(113)) - Created Pipeline RATIS ONE PipelineID=be8c26d4-e307-4fa5-9d87-97b3e762ebae.
2022-10-03 12:54:13,536 [EventQueue-PipelineReportForPipelineReportHandler] INFO  pipeline.PipelineManagerImpl (PipelineManagerImpl.java:openPipeline(367)) - Pipeline Pipeline[ Id: be8c26d4-e307-4fa5-9d87-97b3e762ebae, Nodes: 65d00af3-f5da-4eaa-9376-f833deec0a70{ip: 10.1.0.147, host: fv-az443-503.ap2fcshprsnunfx25e1aelzb4b.cx.internal.cloudapp.net, ports: [REPLICATION=39917, RATIS=39677, RATIS_ADMIN=39677, RATIS_SERVER=39677, STANDALONE=42163], networkLocation: /default-rack, certSerialId: null, persistedOpState: IN_SERVICE, persistedOpStateExpiryEpochSec: 0}, ReplicationConfig: RATIS/ONE, State:ALLOCATED, leaderId:65d00af3-f5da-4eaa-9376-f833deec0a70, CreationTimestamp2022-10-03T12:54:10.521Z[Etc/UTC]] moved to OPEN state
2022-10-03 12:54:13,536 [EventQueue-OpenPipelineForHealthyPipelineSafeModeRule] INFO  safemode.SCMSafeModeManager (HealthyPipelineSafeModeRule.java:process(137)) - SCM in safe mode. Healthy pipelines reported count is 0, required healthy pipeline reported count is 1
2022-10-03 12:54:13,549 [Command processor thread] INFO  commandhandler.CreatePipelineCommandHandler (CreatePipelineCommandHandler.java:handle(113)) - Created Pipeline RATIS THREE PipelineID=2c74525f-2961-4101-a8f7-d6a0c8b7ac10.
2022-10-03 12:54:13,569 [Command processor thread] INFO  commandhandler.CreatePipelineCommandHandler (CreatePipelineCommandHandler.java:handle(113)) - Created Pipeline RATIS THREE PipelineID=2c74525f-2961-4101-a8f7-d6a0c8b7ac10.
2022-10-03 12:54:14,519 [Listener at 127.0.0.1/36971] INFO  ozone.MiniOzoneClusterImpl (MiniOzoneClusterImpl.java:lambda$waitForClusterToBeReady$0(216)) - Nodes are ready. Got 3 of 3 DN Heartbeats.
2022-10-03 12:54:14,519 [Listener at 127.0.0.1/36971] INFO  ozone.MiniOzoneClusterImpl (MiniOzoneClusterImpl.java:lambda$waitForClusterToBeReady$0(219)) - Waiting for cluster to exit safe mode
2022-10-03 12:54:14,519 [Listener at 127.0.0.1/36971] INFO  ozone.MiniOzoneClusterImpl (MiniOzoneClusterImpl.java:lambda$waitForClusterToBeReady$0(221)) - SCM became leader
2022-10-03 12:54:15,520 [Listener at 127.0.0.1/36971] INFO  ozone.MiniOzoneClusterImpl (MiniOzoneClusterImpl.java:lambda$waitForClusterToBeReady$0(216)) - Nodes are ready. Got 3 of 3 DN Heartbeats.
2022-10-03 12:54:15,520 [Listener at 127.0.0.1/36971] INFO  ozone.MiniOzoneClusterImpl (MiniOzoneClusterImpl.java:lambda$waitForClusterToBeReady$0(219)) - Waiting for cluster to exit safe mode
2022-10-03 12:54:15,520 [Listener at 127.0.0.1/36971] INFO  ozone.MiniOzoneClusterImpl (MiniOzoneClusterImpl.java:lambda$waitForClusterToBeReady$0(221)) - SCM became leader
2022-10-03 12:54:16,520 [Listener at 127.0.0.1/36971] INFO  ozone.MiniOzoneClusterImpl (MiniOzoneClusterImpl.java:lambda$waitForClusterToBeReady$0(216)) - Nodes are ready. Got 3 of 3 DN Heartbeats.
2022-10-03 12:54:16,520 [Listener at 127.0.0.1/36971] INFO  ozone.MiniOzoneClusterImpl (MiniOzoneClusterImpl.java:lambda$waitForClusterToBeReady$0(219)) - Waiting for cluster to exit safe mode
2022-10-03 12:54:16,520 [Listener at 127.0.0.1/36971] INFO  ozone.MiniOzoneClusterImpl (MiniOzoneClusterImpl.java:lambda$waitForClusterToBeReady$0(221)) - SCM became leader
2022-10-03 12:54:17,521 [Listener at 127.0.0.1/36971] INFO  ozone.MiniOzoneClusterImpl (MiniOzoneClusterImpl.java:lambda$waitForClusterToBeReady$0(216)) - Nodes are ready. Got 3 of 3 DN Heartbeats.
2022-10-03 12:54:17,521 [Listener at 127.0.0.1/36971] INFO  ozone.MiniOzoneClusterImpl (MiniOzoneClusterImpl.java:lambda$waitForClusterToBeReady$0(219)) - Waiting for cluster to exit safe mode
2022-10-03 12:54:17,521 [Listener at 127.0.0.1/36971] INFO  ozone.MiniOzoneClusterImpl (MiniOzoneClusterImpl.java:lambda$waitForClusterToBeReady$0(221)) - SCM became leader
2022-10-03 12:54:17,757 [e9347147-4904-419e-aa00-cb57e200d90a@group-018E6E649EE0-FollowerState] INFO  impl.FollowerState (FollowerState.java:run(143)) - e9347147-4904-419e-aa00-cb57e200d90a@group-018E6E649EE0-FollowerState: change to CANDIDATE, lastRpcElapsedTime:5010664522ns, electionTimeout:5010ms
2022-10-03 12:54:17,758 [e9347147-4904-419e-aa00-cb57e200d90a@group-018E6E649EE0-FollowerState] INFO  impl.RoleInfo (RoleInfo.java:shutdownFollowerState(110)) - e9347147-4904-419e-aa00-cb57e200d90a: shutdown e9347147-4904-419e-aa00-cb57e200d90a@group-018E6E649EE0-FollowerState
2022-10-03 12:54:17,758 [e9347147-4904-419e-aa00-cb57e200d90a@group-018E6E649EE0-FollowerState] INFO  server.RaftServer$Division (RaftServerImpl.java:setRole(299)) - e9347147-4904-419e-aa00-cb57e200d90a@group-018E6E649EE0: changes role from  FOLLOWER to CANDIDATE at term 0 for changeToCandidate
2022-10-03 12:54:17,758 [e9347147-4904-419e-aa00-cb57e200d90a@group-018E6E649EE0-FollowerState] INFO  server.RaftServerConfigKeys (ConfUtils.java:logGet(46)) - raft.server.leaderelection.pre-vote = false (custom)
2022-10-03 12:54:17,758 [e9347147-4904-419e-aa00-cb57e200d90a@group-018E6E649EE0-FollowerState] INFO  impl.RoleInfo (RoleInfo.java:updateAndGet(139)) - e9347147-4904-419e-aa00-cb57e200d90a: start e9347147-4904-419e-aa00-cb57e200d90a@group-018E6E649EE0-LeaderElection2
2022-10-03 12:54:17,764 [e9347147-4904-419e-aa00-cb57e200d90a@group-018E6E649EE0-LeaderElection2] INFO  impl.LeaderElection (LeaderElection.java:askForVotes(310)) - e9347147-4904-419e-aa00-cb57e200d90a@group-018E6E649EE0-LeaderElection2 ELECTION round 0: submit vote requests at term 1 for -1: [e9347147-4904-419e-aa00-cb57e200d90a|rpc:10.1.0.147:44637|priority:1], old=null
2022-10-03 12:54:17,764 [e9347147-4904-419e-aa00-cb57e200d90a@group-018E6E649EE0-LeaderElection2] INFO  impl.LeaderElection (LeaderElection.java:askForVotes(312)) - e9347147-4904-419e-aa00-cb57e200d90a@group-018E6E649EE0-LeaderElection2 ELECTION round 0: result PASSED (term=1)
2022-10-03 12:54:17,764 [e9347147-4904-419e-aa00-cb57e200d90a@group-018E6E649EE0-LeaderElection2] INFO  impl.RoleInfo (RoleInfo.java:shutdownLeaderElection(130)) - e9347147-4904-419e-aa00-cb57e200d90a: shutdown e9347147-4904-419e-aa00-cb57e200d90a@group-018E6E649EE0-LeaderElection2
2022-10-03 12:54:17,764 [e9347147-4904-419e-aa00-cb57e200d90a@group-018E6E649EE0-LeaderElection2] INFO  server.RaftServer$Division (RaftServerImpl.java:setRole(299)) - e9347147-4904-419e-aa00-cb57e200d90a@group-018E6E649EE0: changes role from CANDIDATE to LEADER at term 1 for changeToLeader
2022-10-03 12:54:17,764 [e9347147-4904-419e-aa00-cb57e200d90a@group-018E6E649EE0-LeaderElection2] INFO  ratis.XceiverServerRatis (XceiverServerRatis.java:handleLeaderChangedNotification(863)) - Leader change notification received for group: group-018E6E649EE0 with new leaderId: e9347147-4904-419e-aa00-cb57e200d90a
2022-10-03 12:54:17,764 [e9347147-4904-419e-aa00-cb57e200d90a@group-018E6E649EE0-LeaderElection2] INFO  server.RaftServer$Division (ServerState.java:setLeader(287)) - e9347147-4904-419e-aa00-cb57e200d90a@group-018E6E649EE0: change Leader from null to e9347147-4904-419e-aa00-cb57e200d90a at term 1 for becomeLeader, leader elected after 5038ms
2022-10-03 12:54:17,764 [e9347147-4904-419e-aa00-cb57e200d90a@group-018E6E649EE0-LeaderElection2] INFO  server.RaftServerConfigKeys (ConfUtils.java:logGet(46)) - raft.server.staging.catchup.gap = 1000 (default)
2022-10-03 12:54:17,765 [e9347147-4904-419e-aa00-cb57e200d90a@group-018E6E649EE0-LeaderElection2] INFO  server.RaftServerConfigKeys (ConfUtils.java:logGet(46)) - raft.server.write.element-limit = 1024 (custom)
2022-10-03 12:54:17,765 [e9347147-4904-419e-aa00-cb57e200d90a@group-018E6E649EE0-LeaderElection2] INFO  server.RaftServerConfigKeys (ConfUtils.java:logGet(46)) - raft.server.write.byte-limit = 1024 M (=1073741824) (custom)
2022-10-03 12:54:17,765 [e9347147-4904-419e-aa00-cb57e200d90a@group-018E6E649EE0-LeaderElection2] INFO  server.RaftServerConfigKeys (ConfUtils.java:logGet(46)) - raft.server.watch.timeout = 180s (custom)
2022-10-03 12:54:17,765 [e9347147-4904-419e-aa00-cb57e200d90a@group-018E6E649EE0-LeaderElection2] INFO  server.RaftServerConfigKeys (ConfUtils.java:logGet(46)) - raft.server.watch.timeout.denomination = 1s (default)
2022-10-03 12:54:17,765 [e9347147-4904-419e-aa00-cb57e200d90a@group-018E6E649EE0-LeaderElection2] INFO  server.RaftServerConfigKeys (ConfUtils.java:logGet(46)) - raft.server.watch.element-limit = 65536 (default)
2022-10-03 12:54:17,766 [e9347147-4904-419e-aa00-cb57e200d90a@group-018E6E649EE0-LeaderElection2] INFO  server.RaftServerConfigKeys (ConfUtils.java:logGet(46)) - raft.server.write.element-limit = 1024 (custom)
2022-10-03 12:54:17,766 [e9347147-4904-419e-aa00-cb57e200d90a@group-018E6E649EE0-LeaderElection2] INFO  server.RaftServerConfigKeys (ConfUtils.java:logGet(46)) - raft.server.write.follower.gap.ratio.max = -1.0 (default)
2022-10-03 12:54:17,766 [e9347147-4904-419e-aa00-cb57e200d90a@group-018E6E649EE0-LeaderElection2] INFO  impl.RoleInfo (RoleInfo.java:updateAndGet(139)) - e9347147-4904-419e-aa00-cb57e200d90a: start e9347147-4904-419e-aa00-cb57e200d90a@group-018E6E649EE0-LeaderStateImpl
2022-10-03 12:54:17,766 [e9347147-4904-419e-aa00-cb57e200d90a@group-018E6E649EE0-LeaderElection2] INFO  segmented.SegmentedRaftLogWorker (SegmentedRaftLogWorker.java:startLogSegment(425)) - e9347147-4904-419e-aa00-cb57e200d90a@group-018E6E649EE0-SegmentedRaftLogWorker: Starting segment from index:0
2022-10-03 12:54:17,767 [EventQueue-OpenPipelineForHealthyPipelineSafeModeRule] INFO  safemode.SCMSafeModeManager (HealthyPipelineSafeModeRule.java:process(137)) - SCM in safe mode. Healthy pipelines reported count is 0, required healthy pipeline reported count is 1
2022-10-03 12:54:17,768 [e9347147-4904-419e-aa00-cb57e200d90a@group-018E6E649EE0-SegmentedRaftLogWorker] INFO  segmented.SegmentedRaftLogWorker (SegmentedRaftLogWorker.java:execute(629)) - e9347147-4904-419e-aa00-cb57e200d90a@group-018E6E649EE0-SegmentedRaftLogWorker: created new log segment /home/runner/work/ozone/ozone/hadoop-ozone/integration-test/target/test-dir/MiniOzoneClusterImpl-b6ae2940-34d7-4a31-919c-df5c2426260d/datanode-0/data/ratis/f248898e-17e2-42d4-a2ad-018e6e649ee0/current/log_inprogress_0
2022-10-03 12:54:17,770 [e9347147-4904-419e-aa00-cb57e200d90a@group-018E6E649EE0-LeaderElection2] INFO  server.RaftServer$Division (ServerState.java:setRaftConf(393)) - e9347147-4904-419e-aa00-cb57e200d90a@group-018E6E649EE0: set configuration 0: [e9347147-4904-419e-aa00-cb57e200d90a|rpc:10.1.0.147:44637|dataStream:|priority:1], old=null
2022-10-03 12:54:17,841 [e9347147-4904-419e-aa00-cb57e200d90a@group-160EB6A497B2-FollowerState] INFO  impl.FollowerState (FollowerState.java:run(143)) - e9347147-4904-419e-aa00-cb57e200d90a@group-160EB6A497B2-FollowerState: change to CANDIDATE, lastRpcElapsedTime:5043757121ns, electionTimeout:5035ms
2022-10-03 12:54:17,842 [e9347147-4904-419e-aa00-cb57e200d90a@group-160EB6A497B2-FollowerState] INFO  impl.RoleInfo (RoleInfo.java:shutdownFollowerState(110)) - e9347147-4904-419e-aa00-cb57e200d90a: shutdown e9347147-4904-419e-aa00-cb57e200d90a@group-160EB6A497B2-FollowerState
2022-10-03 12:54:17,842 [e9347147-4904-419e-aa00-cb57e200d90a@group-160EB6A497B2-FollowerState] INFO  server.RaftServer$Division (RaftServerImpl.java:setRole(299)) - e9347147-4904-419e-aa00-cb57e200d90a@group-160EB6A497B2: changes role from  FOLLOWER to CANDIDATE at term 0 for changeToCandidate
2022-10-03 12:54:17,842 [e9347147-4904-419e-aa00-cb57e200d90a@group-160EB6A497B2-FollowerState] INFO  server.RaftServerConfigKeys (ConfUtils.java:logGet(46)) - raft.server.leaderelection.pre-vote = false (custom)
2022-10-03 12:54:17,842 [e9347147-4904-419e-aa00-cb57e200d90a@group-160EB6A497B2-FollowerState] INFO  impl.RoleInfo (RoleInfo.java:updateAndGet(139)) - e9347147-4904-419e-aa00-cb57e200d90a: start e9347147-4904-419e-aa00-cb57e200d90a@group-160EB6A497B2-LeaderElection3
2022-10-03 12:54:17,844 [e9347147-4904-419e-aa00-cb57e200d90a@group-160EB6A497B2-LeaderElection3] INFO  impl.LeaderElection (LeaderElection.java:askForVotes(310)) - e9347147-4904-419e-aa00-cb57e200d90a@group-160EB6A497B2-LeaderElection3 ELECTION round 0: submit vote requests at term 1 for -1: [e9347147-4904-419e-aa00-cb57e200d90a|rpc:10.1.0.147:44637|priority:1, 65d00af3-f5da-4eaa-9376-f833deec0a70|rpc:10.1.0.147:39677|priority:0, c2b172e5-e4cb-4596-beed-b2a603e2732e|rpc:10.1.0.147:36187|priority:0], old=null
2022-10-03 12:54:17,865 [grpc-default-executor-1] INFO  server.RaftServer$Division (RaftServerImpl.java:requestVote(1152)) - 65d00af3-f5da-4eaa-9376-f833deec0a70@group-160EB6A497B2: receive requestVote(ELECTION, e9347147-4904-419e-aa00-cb57e200d90a, group-160EB6A497B2, 1, (t:0, i:0))
2022-10-03 12:54:17,867 [grpc-default-executor-1] INFO  impl.VoteContext (VoteContext.java:log(48)) - 65d00af3-f5da-4eaa-9376-f833deec0a70@group-160EB6A497B2-FOLLOWER: accept ELECTION from e9347147-4904-419e-aa00-cb57e200d90a: our priority 0 <= candidate's priority 1
2022-10-03 12:54:17,868 [grpc-default-executor-1] INFO  server.RaftServer$Division (RaftServerImpl.java:setRole(299)) - 65d00af3-f5da-4eaa-9376-f833deec0a70@group-160EB6A497B2: changes role from  FOLLOWER to FOLLOWER at term 1 for candidate:e9347147-4904-419e-aa00-cb57e200d90a
2022-10-03 12:54:17,868 [grpc-default-executor-1] INFO  impl.RoleInfo (RoleInfo.java:shutdownFollowerState(110)) - 65d00af3-f5da-4eaa-9376-f833deec0a70: shutdown 65d00af3-f5da-4eaa-9376-f833deec0a70@group-160EB6A497B2-FollowerState
2022-10-03 12:54:17,868 [grpc-default-executor-1] INFO  impl.RoleInfo (RoleInfo.java:updateAndGet(139)) - 65d00af3-f5da-4eaa-9376-f833deec0a70: start 65d00af3-f5da-4eaa-9376-f833deec0a70@group-160EB6A497B2-FollowerState
2022-10-03 12:54:17,868 [65d00af3-f5da-4eaa-9376-f833deec0a70@group-160EB6A497B2-FollowerState] INFO  impl.FollowerState (FollowerState.java:run(152)) - 65d00af3-f5da-4eaa-9376-f833deec0a70@group-160EB6A497B2-FollowerState was interrupted
2022-10-03 12:54:17,868 [grpc-default-executor-0] INFO  server.RaftServer$Division (RaftServerImpl.java:requestVote(1152)) - c2b172e5-e4cb-4596-beed-b2a603e2732e@group-160EB6A497B2: receive requestVote(ELECTION, e9347147-4904-419e-aa00-cb57e200d90a, group-160EB6A497B2, 1, (t:0, i:0))
2022-10-03 12:54:17,869 [grpc-default-executor-0] INFO  impl.VoteContext (VoteContext.java:log(48)) - c2b172e5-e4cb-4596-beed-b2a603e2732e@group-160EB6A497B2-FOLLOWER: accept ELECTION from e9347147-4904-419e-aa00-cb57e200d90a: our priority 0 <= candidate's priority 1
2022-10-03 12:54:17,870 [grpc-default-executor-0] INFO  server.RaftServer$Division (RaftServerImpl.java:setRole(299)) - c2b172e5-e4cb-4596-beed-b2a603e2732e@group-160EB6A497B2: changes role from  FOLLOWER to FOLLOWER at term 1 for candidate:e9347147-4904-419e-aa00-cb57e200d90a
2022-10-03 12:54:17,870 [grpc-default-executor-0] INFO  impl.RoleInfo (RoleInfo.java:shutdownFollowerState(110)) - c2b172e5-e4cb-4596-beed-b2a603e2732e: shutdown c2b172e5-e4cb-4596-beed-b2a603e2732e@group-160EB6A497B2-FollowerState
2022-10-03 12:54:17,870 [grpc-default-executor-0] INFO  impl.RoleInfo (RoleInfo.java:updateAndGet(139)) - c2b172e5-e4cb-4596-beed-b2a603e2732e: start c2b172e5-e4cb-4596-beed-b2a603e2732e@group-160EB6A497B2-FollowerState
2022-10-03 12:54:17,870 [c2b172e5-e4cb-4596-beed-b2a603e2732e@group-160EB6A497B2-FollowerState] INFO  impl.FollowerState (FollowerState.java:run(152)) - c2b172e5-e4cb-4596-beed-b2a603e2732e@group-160EB6A497B2-FollowerState was interrupted
2022-10-03 12:54:17,880 [grpc-default-executor-1] INFO  server.RaftServer$Division (RaftServerImpl.java:requestVote(1184)) - 65d00af3-f5da-4eaa-9376-f833deec0a70@group-160EB6A497B2 replies to ELECTION vote request: e9347147-4904-419e-aa00-cb57e200d90a<-65d00af3-f5da-4eaa-9376-f833deec0a70#0:OK-t1. Peer's state: 65d00af3-f5da-4eaa-9376-f833deec0a70@group-160EB6A497B2:t1, leader=null, voted=e9347147-4904-419e-aa00-cb57e200d90a, raftlog=65d00af3-f5da-4eaa-9376-f833deec0a70@group-160EB6A497B2-SegmentedRaftLog:OPENED:c-1, conf=-1: [e9347147-4904-419e-aa00-cb57e200d90a|rpc:10.1.0.147:44637|dataStream:|priority:1, 65d00af3-f5da-4eaa-9376-f833deec0a70|rpc:10.1.0.147:39677|dataStream:|priority:0, c2b172e5-e4cb-4596-beed-b2a603e2732e|rpc:10.1.0.147:36187|dataStream:|priority:0], old=null
2022-10-03 12:54:17,882 [grpc-default-executor-0] INFO  server.RaftServer$Division (RaftServerImpl.java:requestVote(1184)) - c2b172e5-e4cb-4596-beed-b2a603e2732e@group-160EB6A497B2 replies to ELECTION vote request: e9347147-4904-419e-aa00-cb57e200d90a<-c2b172e5-e4cb-4596-beed-b2a603e2732e#0:OK-t1. Peer's state: c2b172e5-e4cb-4596-beed-b2a603e2732e@group-160EB6A497B2:t1, leader=null, voted=e9347147-4904-419e-aa00-cb57e200d90a, raftlog=c2b172e5-e4cb-4596-beed-b2a603e2732e@group-160EB6A497B2-SegmentedRaftLog:OPENED:c-1, conf=-1: [e9347147-4904-419e-aa00-cb57e200d90a|rpc:10.1.0.147:44637|priority:1, 65d00af3-f5da-4eaa-9376-f833deec0a70|rpc:10.1.0.147:39677|priority:0, c2b172e5-e4cb-4596-beed-b2a603e2732e|rpc:10.1.0.147:36187|priority:0], old=null
2022-10-03 12:54:17,884 [e9347147-4904-419e-aa00-cb57e200d90a@group-160EB6A497B2-LeaderElection3] INFO  impl.LeaderElection (LeaderElection.java:logAndReturn(90)) - e9347147-4904-419e-aa00-cb57e200d90a@group-160EB6A497B2-LeaderElection3: ELECTION PASSED received 1 response(s) and 0 exception(s):
2022-10-03 12:54:17,886 [e9347147-4904-419e-aa00-cb57e200d90a@group-160EB6A497B2-LeaderElection3] INFO  impl.LeaderElection (LeaderElection.java:logAndReturn(94)) -   Response 0: e9347147-4904-419e-aa00-cb57e200d90a<-65d00af3-f5da-4eaa-9376-f833deec0a70#0:OK-t1
2022-10-03 12:54:17,886 [e9347147-4904-419e-aa00-cb57e200d90a@group-160EB6A497B2-LeaderElection3] INFO  impl.LeaderElection (LeaderElection.java:askForVotes(312)) - e9347147-4904-419e-aa00-cb57e200d90a@group-160EB6A497B2-LeaderElection3 ELECTION round 0: result PASSED
2022-10-03 12:54:17,886 [e9347147-4904-419e-aa00-cb57e200d90a@group-160EB6A497B2-LeaderElection3] INFO  impl.RoleInfo (RoleInfo.java:shutdownLeaderElection(130)) - e9347147-4904-419e-aa00-cb57e200d90a: shutdown e9347147-4904-419e-aa00-cb57e200d90a@group-160EB6A497B2-LeaderElection3
2022-10-03 12:54:17,886 [e9347147-4904-419e-aa00-cb57e200d90a@group-160EB6A497B2-LeaderElection3] INFO  server.RaftServer$Division (RaftServerImpl.java:setRole(299)) - e9347147-4904-419e-aa00-cb57e200d90a@group-160EB6A497B2: changes role from CANDIDATE to LEADER at term 1 for changeToLeader
2022-10-03 12:54:17,886 [e9347147-4904-419e-aa00-cb57e200d90a@group-160EB6A497B2-LeaderElection3] INFO  ratis.XceiverServerRatis (XceiverServerRatis.java:handleLeaderChangedNotification(863)) - Leader change notification received for group: group-160EB6A497B2 with new leaderId: e9347147-4904-419e-aa00-cb57e200d90a
2022-10-03 12:54:17,886 [e9347147-4904-419e-aa00-cb57e200d90a@group-160EB6A497B2-LeaderElection3] INFO  server.RaftServer$Division (ServerState.java:setLeader(287)) - e9347147-4904-419e-aa00-cb57e200d90a@group-160EB6A497B2: change Leader from null to e9347147-4904-419e-aa00-cb57e200d90a at term 1 for becomeLeader, leader elected after 5106ms
2022-10-03 12:54:17,886 [e9347147-4904-419e-aa00-cb57e200d90a@group-160EB6A497B2-LeaderElection3] INFO  server.RaftServerConfigKeys (ConfUtils.java:logGet(46)) - raft.server.staging.catchup.gap = 1000 (default)
2022-10-03 12:54:17,886 [e9347147-4904-419e-aa00-cb57e200d90a@group-160EB6A497B2-LeaderElection3] INFO  server.RaftServerConfigKeys (ConfUtils.java:logGet(46)) - raft.server.write.element-limit = 1024 (custom)
2022-10-03 12:54:17,886 [e9347147-4904-419e-aa00-cb57e200d90a@group-160EB6A497B2-LeaderElection3] INFO  server.RaftServerConfigKeys (ConfUtils.java:logGet(46)) - raft.server.write.byte-limit = 1024 M (=1073741824) (custom)
2022-10-03 12:54:17,887 [e9347147-4904-419e-aa00-cb57e200d90a@group-160EB6A497B2-LeaderElection3] INFO  server.RaftServerConfigKeys (ConfUtils.java:logGet(46)) - raft.server.watch.timeout = 180s (custom)
2022-10-03 12:54:17,887 [e9347147-4904-419e-aa00-cb57e200d90a@group-160EB6A497B2-LeaderElection3] INFO  server.RaftServerConfigKeys (ConfUtils.java:logGet(46)) - raft.server.watch.timeout.denomination = 1s (default)
2022-10-03 12:54:17,887 [e9347147-4904-419e-aa00-cb57e200d90a@group-160EB6A497B2-LeaderElection3] INFO  server.RaftServerConfigKeys (ConfUtils.java:logGet(46)) - raft.server.watch.element-limit = 65536 (default)
2022-10-03 12:54:17,887 [e9347147-4904-419e-aa00-cb57e200d90a@group-160EB6A497B2-LeaderElection3] INFO  server.RaftServerConfigKeys (ConfUtils.java:logGet(46)) - raft.server.write.element-limit = 1024 (custom)
2022-10-03 12:54:17,887 [e9347147-4904-419e-aa00-cb57e200d90a@group-160EB6A497B2-LeaderElection3] INFO  server.RaftServerConfigKeys (ConfUtils.java:logGet(46)) - raft.server.write.follower.gap.ratio.max = -1.0 (default)
2022-10-03 12:54:17,898 [EventQueue-PipelineReportForPipelineReportHandler] INFO  pipeline.PipelineManagerImpl (PipelineManagerImpl.java:openPipeline(367)) - Pipeline Pipeline[ Id: 65ba1b22-f7dc-4a39-bafb-160eb6a497b2, Nodes: e9347147-4904-419e-aa00-cb57e200d90a{ip: 10.1.0.147, host: fv-az443-503.ap2fcshprsnunfx25e1aelzb4b.cx.internal.cloudapp.net, ports: [REPLICATION=45067, RATIS=44637, RATIS_ADMIN=44637, RATIS_SERVER=44637, STANDALONE=37411], networkLocation: /default-rack, certSerialId: null, persistedOpState: IN_SERVICE, persistedOpStateExpiryEpochSec: 0}c2b172e5-e4cb-4596-beed-b2a603e2732e{ip: 10.1.0.147, host: fv-az443-503.ap2fcshprsnunfx25e1aelzb4b.cx.internal.cloudapp.net, ports: [REPLICATION=44921, RATIS=36187, RATIS_ADMIN=36187, RATIS_SERVER=36187, STANDALONE=44911], networkLocation: /default-rack, certSerialId: null, persistedOpState: IN_SERVICE, persistedOpStateExpiryEpochSec: 0}65d00af3-f5da-4eaa-9376-f833deec0a70{ip: 10.1.0.147, host: fv-az443-503.ap2fcshprsnunfx25e1aelzb4b.cx.internal.cloudapp.net, ports: [REPLICATION=39917, RATIS=39677, RATIS_ADMIN=39677, RATIS_SERVER=39677, STANDALONE=42163], networkLocation: /default-rack, certSerialId: null, persistedOpState: IN_SERVICE, persistedOpStateExpiryEpochSec: 0}, ReplicationConfig: RATIS/THREE, State:ALLOCATED, leaderId:e9347147-4904-419e-aa00-cb57e200d90a, CreationTimestamp2022-10-03T12:54:10.525Z[Etc/UTC]] moved to OPEN state
2022-10-03 12:54:17,902 [e9347147-4904-419e-aa00-cb57e200d90a@group-160EB6A497B2-LeaderElection3] INFO  server.RaftServerConfigKeys (ConfUtils.java:logGet(46)) - raft.server.log.appender.snapshot.chunk.size.max = 16MB (=16777216) (default)
2022-10-03 12:54:17,902 [e9347147-4904-419e-aa00-cb57e200d90a@group-160EB6A497B2-LeaderElection3] INFO  server.RaftServerConfigKeys (ConfUtils.java:logGet(46)) - raft.server.log.appender.buffer.byte-limit = 33554432 (custom)
2022-10-03 12:54:17,898 [EventQueue-OpenPipelineForHealthyPipelineSafeModeRule] INFO  safemode.SCMSafeModeManager (HealthyPipelineSafeModeRule.java:process(137)) - SCM in safe mode. Healthy pipelines reported count is 0, required healthy pipeline reported count is 1
2022-10-03 12:54:17,902 [EventQueue-OpenPipelineForHealthyPipelineSafeModeRule] INFO  safemode.SCMSafeModeManager (HealthyPipelineSafeModeRule.java:process(137)) - SCM in safe mode. Healthy pipelines reported count is 1, required healthy pipeline reported count is 1
2022-10-03 12:54:17,902 [EventQueue-OpenPipelineForHealthyPipelineSafeModeRule] INFO  safemode.SCMSafeModeManager (SCMSafeModeManager.java:validateSafeModeExitRules(204)) - HealthyPipelineSafeModeRule rule is successfully validated
2022-10-03 12:54:17,902 [EventQueue-OpenPipelineForHealthyPipelineSafeModeRule] INFO  safemode.SCMSafeModeManager (SCMSafeModeManager.java:validateSafeModeExitRules(219)) - ScmSafeModeManager, all rules are successfully validated
2022-10-03 12:54:17,903 [EventQueue-OpenPipelineForHealthyPipelineSafeModeRule] INFO  safemode.SCMSafeModeManager (SCMSafeModeManager.java:exitSafeMode(248)) - SCM exiting safe mode.
2022-10-03 12:54:17,903 [EventQueue-OpenPipelineForHealthyPipelineSafeModeRule] WARN  events.EventQueue (EventQueue.java:fireEvent(216)) - No event handler registered for event TypedEvent{payloadType=SafeModeStatus, name='Safe mode status'}
2022-10-03 12:54:17,903 [EventQueue-OpenPipelineForHealthyPipelineSafeModeRule] INFO  ha.SCMContext (SCMContext.java:updateSafeModeStatus(228)) - Update SafeModeStatus from SafeModeStatus{safeModeStatus=true, preCheckPassed=true} to SafeModeStatus{safeModeStatus=false, preCheckPassed=true}.
2022-10-03 12:54:17,903 [EventQueue-OpenPipelineForHealthyPipelineSafeModeRule] INFO  pipeline.BackgroundPipelineCreator (BackgroundPipelineCreator.java:notifyStatusChanged(254)) - Service BackgroundPipelineCreator transitions to RUNNING.
2022-10-03 12:54:17,903 [EventQueue-OpenPipelineForHealthyPipelineSafeModeRule] INFO  BackgroundPipelineScrubber (BackgroundSCMService.java:notifyStatusChanged(82)) - Service BackgroundPipelineScrubber transitions to RUNNING.
2022-10-03 12:54:17,903 [EventQueue-OpenPipelineForHealthyPipelineSafeModeRule] INFO  ExpiredContainerReplicaOpScrubber (BackgroundSCMService.java:notifyStatusChanged(82)) - Service ExpiredContainerReplicaOpScrubber transitions to RUNNING.
2022-10-03 12:54:17,903 [EventQueue-OpenPipelineForHealthyPipelineSafeModeRule] INFO  replication.ReplicationManager (ReplicationManager.java:notifyStatusChanged(728)) - Service ReplicationManager transitions to RUNNING.
2022-10-03 12:54:17,902 [e9347147-4904-419e-aa00-cb57e200d90a@group-160EB6A497B2-LeaderElection3] INFO  server.RaftServerConfigKeys (ConfUtils.java:logGet(46)) - raft.server.log.appender.buffer.element-limit = 1 (custom)
2022-10-03 12:54:17,906 [e9347147-4904-419e-aa00-cb57e200d90a@group-160EB6A497B2-LeaderElection3] INFO  grpc.GrpcConfigKeys (ConfUtils.java:logGet(46)) - raft.grpc.server.leader.outstanding.appends.max = 128 (default)
2022-10-03 12:54:17,906 [e9347147-4904-419e-aa00-cb57e200d90a@group-160EB6A497B2-LeaderElection3] INFO  server.RaftServerConfigKeys (ConfUtils.java:logGet(46)) - raft.server.rpc.request.timeout = 60s (custom)
2022-10-03 12:54:17,906 [e9347147-4904-419e-aa00-cb57e200d90a@group-160EB6A497B2-LeaderElection3] INFO  server.RaftServerConfigKeys (ConfUtils.java:logGet(46)) - raft.server.log.appender.install.snapshot.enabled = false (custom)
2022-10-03 12:54:17,906 [EventQueue-OpenPipelineForHealthyPipelineSafeModeRule] WARN  balancer.ContainerBalancer (ContainerBalancer.java:shouldRun(936)) - Could not find persisted configuration for ContainerBalancer when checking if ContainerBalancer should run. ContainerBalancer should not run now.
2022-10-03 12:54:17,907 [e9347147-4904-419e-aa00-cb57e200d90a@group-160EB6A497B2-LeaderElection3] INFO  server.RaftServerConfigKeys (ConfUtils.java:logGet(46)) - raft.server.log.appender.snapshot.chunk.size.max = 16MB (=16777216) (default)
2022-10-03 12:54:17,908 [e9347147-4904-419e-aa00-cb57e200d90a@group-160EB6A497B2-LeaderElection3] INFO  server.RaftServerConfigKeys (ConfUtils.java:logGet(46)) - raft.server.log.appender.buffer.byte-limit = 33554432 (custom)
2022-10-03 12:54:17,908 [e9347147-4904-419e-aa00-cb57e200d90a@group-160EB6A497B2-LeaderElection3] INFO  server.RaftServerConfigKeys (ConfUtils.java:logGet(46)) - raft.server.log.appender.buffer.element-limit = 1 (custom)
2022-10-03 12:54:17,908 [e9347147-4904-419e-aa00-cb57e200d90a@group-160EB6A497B2-LeaderElection3] INFO  grpc.GrpcConfigKeys (ConfUtils.java:logGet(46)) - raft.grpc.server.leader.outstanding.appends.max = 128 (default)
2022-10-03 12:54:17,908 [e9347147-4904-419e-aa00-cb57e200d90a@group-160EB6A497B2-LeaderElection3] INFO  server.RaftServerConfigKeys (ConfUtils.java:logGet(46)) - raft.server.rpc.request.timeout = 60s (custom)
2022-10-03 12:54:17,910 [e9347147-4904-419e-aa00-cb57e200d90a@group-160EB6A497B2-LeaderElection3] INFO  server.RaftServerConfigKeys (ConfUtils.java:logGet(46)) - raft.server.log.appender.install.snapshot.enabled = false (custom)
2022-10-03 12:54:17,910 [e9347147-4904-419e-aa00-cb57e200d90a@group-160EB6A497B2-LeaderElection3] INFO  impl.RoleInfo (RoleInfo.java:updateAndGet(139)) - e9347147-4904-419e-aa00-cb57e200d90a: start e9347147-4904-419e-aa00-cb57e200d90a@group-160EB6A497B2-LeaderStateImpl
2022-10-03 12:54:17,911 [e9347147-4904-419e-aa00-cb57e200d90a@group-160EB6A497B2-LeaderElection3] INFO  segmented.SegmentedRaftLogWorker (SegmentedRaftLogWorker.java:startLogSegment(425)) - e9347147-4904-419e-aa00-cb57e200d90a@group-160EB6A497B2-SegmentedRaftLogWorker: Starting segment from index:0
2022-10-03 12:54:17,912 [e9347147-4904-419e-aa00-cb57e200d90a@group-160EB6A497B2-SegmentedRaftLogWorker] INFO  segmented.SegmentedRaftLogWorker (SegmentedRaftLogWorker.java:execute(629)) - e9347147-4904-419e-aa00-cb57e200d90a@group-160EB6A497B2-SegmentedRaftLogWorker: created new log segment /home/runner/work/ozone/ozone/hadoop-ozone/integration-test/target/test-dir/MiniOzoneClusterImpl-b6ae2940-34d7-4a31-919c-df5c2426260d/datanode-0/data/ratis/65ba1b22-f7dc-4a39-bafb-160eb6a497b2/current/log_inprogress_0
2022-10-03 12:54:17,915 [e9347147-4904-419e-aa00-cb57e200d90a@group-160EB6A497B2-LeaderElection3] INFO  server.RaftServer$Division (ServerState.java:setRaftConf(393)) - e9347147-4904-419e-aa00-cb57e200d90a@group-160EB6A497B2: set configuration 0: [e9347147-4904-419e-aa00-cb57e200d90a|rpc:10.1.0.147:44637|dataStream:|priority:1, 65d00af3-f5da-4eaa-9376-f833deec0a70|rpc:10.1.0.147:39677|dataStream:|priority:0, c2b172e5-e4cb-4596-beed-b2a603e2732e|rpc:10.1.0.147:36187|dataStream:|priority:0], old=null
2022-10-03 12:54:17,951 [65d00af3-f5da-4eaa-9376-f833deec0a70-server-thread1] INFO  ratis.XceiverServerRatis (XceiverServerRatis.java:handleLeaderChangedNotification(863)) - Leader change notification received for group: group-160EB6A497B2 with new leaderId: e9347147-4904-419e-aa00-cb57e200d90a
2022-10-03 12:54:17,951 [65d00af3-f5da-4eaa-9376-f833deec0a70-server-thread1] INFO  server.RaftServer$Division (ServerState.java:setLeader(287)) - 65d00af3-f5da-4eaa-9376-f833deec0a70@group-160EB6A497B2: change Leader from null to e9347147-4904-419e-aa00-cb57e200d90a at term 1 for appendEntries, leader elected after 4560ms
2022-10-03 12:54:17,952 [c2b172e5-e4cb-4596-beed-b2a603e2732e-server-thread1] INFO  ratis.XceiverServerRatis (XceiverServerRatis.java:handleLeaderChangedNotification(863)) - Leader change notification received for group: group-160EB6A497B2 with new leaderId: e9347147-4904-419e-aa00-cb57e200d90a
2022-10-03 12:54:17,952 [c2b172e5-e4cb-4596-beed-b2a603e2732e-server-thread1] INFO  server.RaftServer$Division (ServerState.java:setLeader(287)) - c2b172e5-e4cb-4596-beed-b2a603e2732e@group-160EB6A497B2: change Leader from null to e9347147-4904-419e-aa00-cb57e200d90a at term 1 for appendEntries, leader elected after 4810ms
2022-10-03 12:54:17,967 [65d00af3-f5da-4eaa-9376-f833deec0a70-server-thread1] INFO  server.RaftServer$Division (ServerState.java:setRaftConf(393)) - 65d00af3-f5da-4eaa-9376-f833deec0a70@group-160EB6A497B2: set configuration 0: [e9347147-4904-419e-aa00-cb57e200d90a|rpc:10.1.0.147:44637|dataStream:|priority:1, 65d00af3-f5da-4eaa-9376-f833deec0a70|rpc:10.1.0.147:39677|dataStream:|priority:0, c2b172e5-e4cb-4596-beed-b2a603e2732e|rpc:10.1.0.147:36187|dataStream:|priority:0], old=null
2022-10-03 12:54:17,967 [65d00af3-f5da-4eaa-9376-f833deec0a70-server-thread1] INFO  segmented.SegmentedRaftLogWorker (SegmentedRaftLogWorker.java:startLogSegment(425)) - 65d00af3-f5da-4eaa-9376-f833deec0a70@group-160EB6A497B2-SegmentedRaftLogWorker: Starting segment from index:0
2022-10-03 12:54:17,970 [65d00af3-f5da-4eaa-9376-f833deec0a70@group-160EB6A497B2-SegmentedRaftLogWorker] INFO  segmented.SegmentedRaftLogWorker (SegmentedRaftLogWorker.java:execute(629)) - 65d00af3-f5da-4eaa-9376-f833deec0a70@group-160EB6A497B2-SegmentedRaftLogWorker: created new log segment /home/runner/work/ozone/ozone/hadoop-ozone/integration-test/target/test-dir/MiniOzoneClusterImpl-b6ae2940-34d7-4a31-919c-df5c2426260d/datanode-2/data/ratis/65ba1b22-f7dc-4a39-bafb-160eb6a497b2/current/log_inprogress_0
2022-10-03 12:54:17,973 [c2b172e5-e4cb-4596-beed-b2a603e2732e-server-thread1] INFO  server.RaftServer$Division (ServerState.java:setRaftConf(393)) - c2b172e5-e4cb-4596-beed-b2a603e2732e@group-160EB6A497B2: set configuration 0: [e9347147-4904-419e-aa00-cb57e200d90a|rpc:10.1.0.147:44637|dataStream:|priority:1, 65d00af3-f5da-4eaa-9376-f833deec0a70|rpc:10.1.0.147:39677|dataStream:|priority:0, c2b172e5-e4cb-4596-beed-b2a603e2732e|rpc:10.1.0.147:36187|dataStream:|priority:0], old=null
2022-10-03 12:54:17,973 [c2b172e5-e4cb-4596-beed-b2a603e2732e-server-thread1] INFO  segmented.SegmentedRaftLogWorker (SegmentedRaftLogWorker.java:startLogSegment(425)) - c2b172e5-e4cb-4596-beed-b2a603e2732e@group-160EB6A497B2-SegmentedRaftLogWorker: Starting segment from index:0
2022-10-03 12:54:17,976 [c2b172e5-e4cb-4596-beed-b2a603e2732e@group-160EB6A497B2-SegmentedRaftLogWorker] INFO  segmented.SegmentedRaftLogWorker (SegmentedRaftLogWorker.java:execute(629)) - c2b172e5-e4cb-4596-beed-b2a603e2732e@group-160EB6A497B2-SegmentedRaftLogWorker: created new log segment /home/runner/work/ozone/ozone/hadoop-ozone/integration-test/target/test-dir/MiniOzoneClusterImpl-b6ae2940-34d7-4a31-919c-df5c2426260d/datanode-1/data/ratis/65ba1b22-f7dc-4a39-bafb-160eb6a497b2/current/log_inprogress_0
2022-10-03 12:54:18,322 [c2b172e5-e4cb-4596-beed-b2a603e2732e@group-4F803688FEE2-FollowerState] INFO  impl.FollowerState (FollowerState.java:run(143)) - c2b172e5-e4cb-4596-beed-b2a603e2732e@group-4F803688FEE2-FollowerState: change to CANDIDATE, lastRpcElapsedTime:5204725505ns, electionTimeout:5195ms
2022-10-03 12:54:18,322 [c2b172e5-e4cb-4596-beed-b2a603e2732e@group-4F803688FEE2-FollowerState] INFO  impl.RoleInfo (RoleInfo.java:shutdownFollowerState(110)) - c2b172e5-e4cb-4596-beed-b2a603e2732e: shutdown c2b172e5-e4cb-4596-beed-b2a603e2732e@group-4F803688FEE2-FollowerState
2022-10-03 12:54:18,322 [c2b172e5-e4cb-4596-beed-b2a603e2732e@group-4F803688FEE2-FollowerState] INFO  server.RaftServer$Division (RaftServerImpl.java:setRole(299)) - c2b172e5-e4cb-4596-beed-b2a603e2732e@group-4F803688FEE2: changes role from  FOLLOWER to CANDIDATE at term 0 for changeToCandidate
2022-10-03 12:54:18,323 [c2b172e5-e4cb-4596-beed-b2a603e2732e@group-4F803688FEE2-FollowerState] INFO  server.RaftServerConfigKeys (ConfUtils.java:logGet(46)) - raft.server.leaderelection.pre-vote = false (custom)
2022-10-03 12:54:18,323 [c2b172e5-e4cb-4596-beed-b2a603e2732e@group-4F803688FEE2-FollowerState] INFO  impl.RoleInfo (RoleInfo.java:updateAndGet(139)) - c2b172e5-e4cb-4596-beed-b2a603e2732e: start c2b172e5-e4cb-4596-beed-b2a603e2732e@group-4F803688FEE2-LeaderElection4
2022-10-03 12:54:18,325 [c2b172e5-e4cb-4596-beed-b2a603e2732e@group-4F803688FEE2-LeaderElection4] INFO  impl.LeaderElection (LeaderElection.java:askForVotes(310)) - c2b172e5-e4cb-4596-beed-b2a603e2732e@group-4F803688FEE2-LeaderElection4 ELECTION round 0: submit vote requests at term 1 for -1: [c2b172e5-e4cb-4596-beed-b2a603e2732e|rpc:10.1.0.147:36187|priority:1], old=null
2022-10-03 12:54:18,326 [c2b172e5-e4cb-4596-beed-b2a603e2732e@group-4F803688FEE2-LeaderElection4] INFO  impl.LeaderElection (LeaderElection.java:askForVotes(312)) - c2b172e5-e4cb-4596-beed-b2a603e2732e@group-4F803688FEE2-LeaderElection4 ELECTION round 0: result PASSED (term=1)
2022-10-03 12:54:18,326 [c2b172e5-e4cb-4596-beed-b2a603e2732e@group-4F803688FEE2-LeaderElection4] INFO  impl.RoleInfo (RoleInfo.java:shutdownLeaderElection(130)) - c2b172e5-e4cb-4596-beed-b2a603e2732e: shutdown c2b172e5-e4cb-4596-beed-b2a603e2732e@group-4F803688FEE2-LeaderElection4
2022-10-03 12:54:18,326 [c2b172e5-e4cb-4596-beed-b2a603e2732e@group-4F803688FEE2-LeaderElection4] INFO  server.RaftServer$Division (RaftServerImpl.java:setRole(299)) - c2b172e5-e4cb-4596-beed-b2a603e2732e@group-4F803688FEE2: changes role from CANDIDATE to LEADER at term 1 for changeToLeader
2022-10-03 12:54:18,326 [c2b172e5-e4cb-4596-beed-b2a603e2732e@group-4F803688FEE2-LeaderElection4] INFO  ratis.XceiverServerRatis (XceiverServerRatis.java:handleLeaderChangedNotification(863)) - Leader change notification received for group: group-4F803688FEE2 with new leaderId: c2b172e5-e4cb-4596-beed-b2a603e2732e
2022-10-03 12:54:18,326 [c2b172e5-e4cb-4596-beed-b2a603e2732e@group-4F803688FEE2-LeaderElection4] INFO  server.RaftServer$Division (ServerState.java:setLeader(287)) - c2b172e5-e4cb-4596-beed-b2a603e2732e@group-4F803688FEE2: change Leader from null to c2b172e5-e4cb-4596-beed-b2a603e2732e at term 1 for becomeLeader, leader elected after 5213ms
2022-10-03 12:54:18,326 [c2b172e5-e4cb-4596-beed-b2a603e2732e@group-4F803688FEE2-LeaderElection4] INFO  server.RaftServerConfigKeys (ConfUtils.java:logGet(46)) - raft.server.staging.catchup.gap = 1000 (default)
2022-10-03 12:54:18,329 [c2b172e5-e4cb-4596-beed-b2a603e2732e@group-4F803688FEE2-LeaderElection4] INFO  server.RaftServerConfigKeys (ConfUtils.java:logGet(46)) - raft.server.write.element-limit = 1024 (custom)
2022-10-03 12:54:18,329 [c2b172e5-e4cb-4596-beed-b2a603e2732e@group-4F803688FEE2-LeaderElection4] INFO  server.RaftServerConfigKeys (ConfUtils.java:logGet(46)) - raft.server.write.byte-limit = 1024 M (=1073741824) (custom)
2022-10-03 12:54:18,329 [c2b172e5-e4cb-4596-beed-b2a603e2732e@group-4F803688FEE2-LeaderElection4] INFO  server.RaftServerConfigKeys (ConfUtils.java:logGet(46)) - raft.server.watch.timeout = 180s (custom)
2022-10-03 12:54:18,330 [c2b172e5-e4cb-4596-beed-b2a603e2732e@group-4F803688FEE2-LeaderElection4] INFO  server.RaftServerConfigKeys (ConfUtils.java:logGet(46)) - raft.server.watch.timeout.denomination = 1s (default)
2022-10-03 12:54:18,330 [c2b172e5-e4cb-4596-beed-b2a603e2732e@group-4F803688FEE2-LeaderElection4] INFO  server.RaftServerConfigKeys (ConfUtils.java:logGet(46)) - raft.server.watch.element-limit = 65536 (default)
2022-10-03 12:54:18,330 [c2b172e5-e4cb-4596-beed-b2a603e2732e@group-4F803688FEE2-LeaderElection4] INFO  server.RaftServerConfigKeys (ConfUtils.java:logGet(46)) - raft.server.write.element-limit = 1024 (custom)
2022-10-03 12:54:18,330 [c2b172e5-e4cb-4596-beed-b2a603e2732e@group-4F803688FEE2-LeaderElection4] INFO  server.RaftServerConfigKeys (ConfUtils.java:logGet(46)) - raft.server.write.follower.gap.ratio.max = -1.0 (default)
2022-10-03 12:54:18,330 [c2b172e5-e4cb-4596-beed-b2a603e2732e@group-4F803688FEE2-LeaderElection4] INFO  impl.RoleInfo (RoleInfo.java:updateAndGet(139)) - c2b172e5-e4cb-4596-beed-b2a603e2732e: start c2b172e5-e4cb-4596-beed-b2a603e2732e@group-4F803688FEE2-LeaderStateImpl
2022-10-03 12:54:18,330 [c2b172e5-e4cb-4596-beed-b2a603e2732e@group-4F803688FEE2-LeaderElection4] INFO  segmented.SegmentedRaftLogWorker (SegmentedRaftLogWorker.java:startLogSegment(425)) - c2b172e5-e4cb-4596-beed-b2a603e2732e@group-4F803688FEE2-SegmentedRaftLogWorker: Starting segment from index:0
2022-10-03 12:54:18,333 [c2b172e5-e4cb-4596-beed-b2a603e2732e@group-4F803688FEE2-LeaderElection4] INFO  server.RaftServer$Division (ServerState.java:setRaftConf(393)) - c2b172e5-e4cb-4596-beed-b2a603e2732e@group-4F803688FEE2: set configuration 0: [c2b172e5-e4cb-4596-beed-b2a603e2732e|rpc:10.1.0.147:36187|dataStream:|priority:1], old=null
2022-10-03 12:54:18,333 [c2b172e5-e4cb-4596-beed-b2a603e2732e@group-4F803688FEE2-SegmentedRaftLogWorker] INFO  segmented.SegmentedRaftLogWorker (SegmentedRaftLogWorker.java:execute(629)) - c2b172e5-e4cb-4596-beed-b2a603e2732e@group-4F803688FEE2-SegmentedRaftLogWorker: created new log segment /home/runner/work/ozone/ozone/hadoop-ozone/integration-test/target/test-dir/MiniOzoneClusterImpl-b6ae2940-34d7-4a31-919c-df5c2426260d/datanode-1/data/ratis/907387a3-329b-4a5d-98ea-4f803688fee2/current/log_inprogress_0
2022-10-03 12:54:18,521 [Listener at 127.0.0.1/36971] INFO  ozone.MiniOzoneClusterImpl (MiniOzoneClusterImpl.java:lambda$waitForClusterToBeReady$0(216)) - Nodes are ready. Got 3 of 3 DN Heartbeats.
2022-10-03 12:54:18,522 [Listener at 127.0.0.1/36971] INFO  ozone.MiniOzoneClusterImpl (MiniOzoneClusterImpl.java:lambda$waitForClusterToBeReady$0(219)) - Cluster exits safe mode
2022-10-03 12:54:18,522 [Listener at 127.0.0.1/36971] INFO  ozone.MiniOzoneClusterImpl (MiniOzoneClusterImpl.java:lambda$waitForClusterToBeReady$0(221)) - SCM became leader
2022-10-03 12:54:18,537 [c2b172e5-e4cb-4596-beed-b2a603e2732e@group-D6A0C8B7AC10-FollowerState] INFO  impl.FollowerState (FollowerState.java:run(143)) - c2b172e5-e4cb-4596-beed-b2a603e2732e@group-D6A0C8B7AC10-FollowerState: change to CANDIDATE, lastRpcElapsedTime:5056498317ns, electionTimeout:5047ms
2022-10-03 12:54:18,537 [c2b172e5-e4cb-4596-beed-b2a603e2732e@group-D6A0C8B7AC10-FollowerState] INFO  impl.RoleInfo (RoleInfo.java:shutdownFollowerState(110)) - c2b172e5-e4cb-4596-beed-b2a603e2732e: shutdown c2b172e5-e4cb-4596-beed-b2a603e2732e@group-D6A0C8B7AC10-FollowerState
2022-10-03 12:54:18,537 [c2b172e5-e4cb-4596-beed-b2a603e2732e@group-D6A0C8B7AC10-FollowerState] INFO  server.RaftServer$Division (RaftServerImpl.java:setRole(299)) - c2b172e5-e4cb-4596-beed-b2a603e2732e@group-D6A0C8B7AC10: changes role from  FOLLOWER to CANDIDATE at term 0 for changeToCandidate
2022-10-03 12:54:18,537 [c2b172e5-e4cb-4596-beed-b2a603e2732e@group-D6A0C8B7AC10-FollowerState] INFO  server.RaftServerConfigKeys (ConfUtils.java:logGet(46)) - raft.server.leaderelection.pre-vote = false (custom)
2022-10-03 12:54:18,537 [c2b172e5-e4cb-4596-beed-b2a603e2732e@group-D6A0C8B7AC10-FollowerState] INFO  impl.RoleInfo (RoleInfo.java:updateAndGet(139)) - c2b172e5-e4cb-4596-beed-b2a603e2732e: start c2b172e5-e4cb-4596-beed-b2a603e2732e@group-D6A0C8B7AC10-LeaderElection5
2022-10-03 12:54:18,540 [c2b172e5-e4cb-4596-beed-b2a603e2732e@group-D6A0C8B7AC10-LeaderElection5] INFO  impl.LeaderElection (LeaderElection.java:askForVotes(310)) - c2b172e5-e4cb-4596-beed-b2a603e2732e@group-D6A0C8B7AC10-LeaderElection5 ELECTION round 0: submit vote requests at term 1 for -1: [e9347147-4904-419e-aa00-cb57e200d90a|rpc:10.1.0.147:44637|priority:0, 65d00af3-f5da-4eaa-9376-f833deec0a70|rpc:10.1.0.147:39677|priority:1, c2b172e5-e4cb-4596-beed-b2a603e2732e|rpc:10.1.0.147:36187|priority:0], old=null
]]></system-out>
    <rerunFailure type="java.lang.AssertionError">
      <stackTrace><![CDATA[java.lang.AssertionError
	at org.junit.Assert.fail(Assert.java:87)
	at org.junit.Assert.assertTrue(Assert.java:42)
	at org.junit.Assert.assertTrue(Assert.java:53)
	at org.apache.hadoop.hdds.scm.TestRatisPipelineLeader.testLeaderIdAfterLeaderChange(TestRatisPipelineLeader.java:119)
	at sun.reflect.NativeMethodAccessorImpl.invoke0(Native Method)
	at sun.reflect.NativeMethodAccessorImpl.invoke(NativeMethodAccessorImpl.java:62)
	at sun.reflect.DelegatingMethodAccessorImpl.invoke(DelegatingMethodAccessorImpl.java:43)
	at java.lang.reflect.Method.invoke(Method.java:498)
	at org.junit.platform.commons.util.ReflectionUtils.invokeMethod(ReflectionUtils.java:725)
	at org.junit.jupiter.engine.execution.MethodInvocation.proceed(MethodInvocation.java:60)
	at org.junit.jupiter.engine.execution.InvocationInterceptorChain$ValidatingInvocation.proceed(InvocationInterceptorChain.java:131)
	at org.junit.jupiter.engine.extension.TimeoutInvocation.proceed(TimeoutInvocation.java:46)
	at org.junit.jupiter.engine.extension.TimeoutExtension.intercept(TimeoutExtension.java:149)
	at org.junit.jupiter.engine.extension.TimeoutExtension.interceptTestableMethod(TimeoutExtension.java:140)
	at org.junit.jupiter.engine.extension.TimeoutExtension.interceptTestMethod(TimeoutExtension.java:84)
	at org.junit.jupiter.engine.execution.ExecutableInvoker$ReflectiveInterceptorCall.lambda$ofVoidMethod$0(ExecutableInvoker.java:115)
	at org.junit.jupiter.engine.execution.ExecutableInvoker.lambda$invoke$0(ExecutableInvoker.java:105)
	at org.junit.jupiter.engine.execution.InvocationInterceptorChain$InterceptedInvocation.proceed(InvocationInterceptorChain.java:106)
	at org.junit.jupiter.engine.execution.InvocationInterceptorChain.proceed(InvocationInterceptorChain.java:64)
	at org.junit.jupiter.engine.execution.InvocationInterceptorChain.chainAndInvoke(InvocationInterceptorChain.java:45)
	at org.junit.jupiter.engine.execution.InvocationInterceptorChain.invoke(InvocationInterceptorChain.java:37)
	at org.junit.jupiter.engine.execution.ExecutableInvoker.invoke(ExecutableInvoker.java:104)
	at org.junit.jupiter.engine.execution.ExecutableInvoker.invoke(ExecutableInvoker.java:98)
	at org.junit.jupiter.engine.descriptor.TestMethodTestDescriptor.lambda$invokeTestMethod$7(TestMethodTestDescriptor.java:214)
	at org.junit.platform.engine.support.hierarchical.ThrowableCollector.execute(ThrowableCollector.java:73)
	at org.junit.jupiter.engine.descriptor.TestMethodTestDescriptor.invokeTestMethod(TestMethodTestDescriptor.java:210)
	at org.junit.jupiter.engine.descriptor.TestMethodTestDescriptor.execute(TestMethodTestDescriptor.java:135)
	at org.junit.jupiter.engine.descriptor.TestMethodTestDescriptor.execute(TestMethodTestDescriptor.java:66)
	at org.junit.platform.engine.support.hierarchical.NodeTestTask.lambda$executeRecursively$6(NodeTestTask.java:151)
	at org.junit.platform.engine.support.hierarchical.ThrowableCollector.execute(ThrowableCollector.java:73)
	at org.junit.platform.engine.support.hierarchical.NodeTestTask.lambda$executeRecursively$8(NodeTestTask.java:141)
	at org.junit.platform.engine.support.hierarchical.Node.around(Node.java:137)
	at org.junit.platform.engine.support.hierarchical.NodeTestTask.lambda$executeRecursively$9(NodeTestTask.java:139)
	at org.junit.platform.engine.support.hierarchical.ThrowableCollector.execute(ThrowableCollector.java:73)
	at org.junit.platform.engine.support.hierarchical.NodeTestTask.executeRecursively(NodeTestTask.java:138)
	at org.junit.platform.engine.support.hierarchical.NodeTestTask.execute(NodeTestTask.java:95)
	at java.util.ArrayList.forEach(ArrayList.java:1259)
	at org.junit.platform.engine.support.hierarchical.SameThreadHierarchicalTestExecutorService.invokeAll(SameThreadHierarchicalTestExecutorService.java:41)
	at org.junit.platform.engine.support.hierarchical.NodeTestTask.lambda$executeRecursively$6(NodeTestTask.java:155)
	at org.junit.platform.engine.support.hierarchical.ThrowableCollector.execute(ThrowableCollector.java:73)
	at org.junit.platform.engine.support.hierarchical.NodeTestTask.lambda$executeRecursively$8(NodeTestTask.java:141)
	at org.junit.platform.engine.support.hierarchical.Node.around(Node.java:137)
	at org.junit.platform.engine.support.hierarchical.NodeTestTask.lambda$executeRecursively$9(NodeTestTask.java:139)
	at org.junit.platform.engine.support.hierarchical.ThrowableCollector.execute(ThrowableCollector.java:73)
	at org.junit.platform.engine.support.hierarchical.NodeTestTask.executeRecursively(NodeTestTask.java:138)
	at org.junit.platform.engine.support.hierarchical.NodeTestTask.execute(NodeTestTask.java:95)
	at java.util.ArrayList.forEach(ArrayList.java:1259)
	at org.junit.platform.engine.support.hierarchical.SameThreadHierarchicalTestExecutorService.invokeAll(SameThreadHierarchicalTestExecutorService.java:41)
	at org.junit.platform.engine.support.hierarchical.NodeTestTask.lambda$executeRecursively$6(NodeTestTask.java:155)
	at org.junit.platform.engine.support.hierarchical.ThrowableCollector.execute(ThrowableCollector.java:73)
	at org.junit.platform.engine.support.hierarchical.NodeTestTask.lambda$executeRecursively$8(NodeTestTask.java:141)
	at org.junit.platform.engine.support.hierarchical.Node.around(Node.java:137)
	at org.junit.platform.engine.support.hierarchical.NodeTestTask.lambda$executeRecursively$9(NodeTestTask.java:139)
	at org.junit.platform.engine.support.hierarchical.ThrowableCollector.execute(ThrowableCollector.java:73)
	at org.junit.platform.engine.support.hierarchical.NodeTestTask.executeRecursively(NodeTestTask.java:138)
	at org.junit.platform.engine.support.hierarchical.NodeTestTask.execute(NodeTestTask.java:95)
	at org.junit.platform.engine.support.hierarchical.SameThreadHierarchicalTestExecutorService.submit(SameThreadHierarchicalTestExecutorService.java:35)
	at org.junit.platform.engine.support.hierarchical.HierarchicalTestExecutor.execute(HierarchicalTestExecutor.java:57)
	at org.junit.platform.engine.support.hierarchical.HierarchicalTestEngine.execute(HierarchicalTestEngine.java:54)
	at org.junit.platform.launcher.core.EngineExecutionOrchestrator.execute(EngineExecutionOrchestrator.java:107)
	at org.junit.platform.launcher.core.EngineExecutionOrchestrator.execute(EngineExecutionOrchestrator.java:88)
	at org.junit.platform.launcher.core.EngineExecutionOrchestrator.lambda$execute$0(EngineExecutionOrchestrator.java:54)
	at org.junit.platform.launcher.core.EngineExecutionOrchestrator.withInterceptedStreams(EngineExecutionOrchestrator.java:67)
	at org.junit.platform.launcher.core.EngineExecutionOrchestrator.execute(EngineExecutionOrchestrator.java:52)
	at org.junit.platform.launcher.core.DefaultLauncher.execute(DefaultLauncher.java:114)
	at org.junit.platform.launcher.core.DefaultLauncher.execute(DefaultLauncher.java:86)
	at org.junit.platform.launcher.core.DefaultLauncherSession$DelegatingLauncher.execute(DefaultLauncherSession.java:86)
	at org.junit.platform.launcher.core.SessionPerRequestLauncher.execute(SessionPerRequestLauncher.java:53)
	at org.apache.maven.surefire.junitplatform.JUnitPlatformProvider.invokeAllTests(JUnitPlatformProvider.java:165)
	at org.apache.maven.surefire.junitplatform.JUnitPlatformProvider.invoke(JUnitPlatformProvider.java:124)
	at org.apache.maven.surefire.booter.ForkedBooter.runSuitesInProcess(ForkedBooter.java:428)
	at org.apache.maven.surefire.booter.ForkedBooter.execute(ForkedBooter.java:162)
	at org.apache.maven.surefire.booter.ForkedBooter.run(ForkedBooter.java:562)
	at org.apache.maven.surefire.booter.ForkedBooter.main(ForkedBooter.java:548)
]]></stackTrace>
      <system-out><![CDATA[2022-10-03 12:54:39,120 [Listener at 127.0.0.1/36971] WARN  server.ServerUtils (ServerUtils.java:getScmDbDir(148)) - ozone.scm.db.dirs is not configured. We recommend adding this setting. Falling back to ozone.metadata.dirs instead.
2022-10-03 12:54:39,122 [Listener at 127.0.0.1/36971] WARN  server.ServerUtils (ServerUtils.java:getScmDbDir(148)) - ozone.scm.db.dirs is not configured. We recommend adding this setting. Falling back to ozone.metadata.dirs instead.
2022-10-03 12:54:39,123 [Listener at 127.0.0.1/36971] INFO  ha.SCMHANodeDetails (SCMHANodeDetails.java:loadSCMHAConfig(209)) - ServiceID for StorageContainerManager is null
2022-10-03 12:54:39,124 [Listener at 127.0.0.1/36971] INFO  ha.SCMHANodeDetails (SCMHANodeDetails.java:loadSCMHAConfig(214)) - ozone.scm.default.service.id is not defined, falling back to ozone.scm.service.ids to find serviceID for StorageContainerManager if it is HA enabled cluster
2022-10-03 12:54:39,125 [Listener at 127.0.0.1/36971] WARN  utils.HAUtils (HAUtils.java:getMetaDir(342)) - ozone.scm.db.dirs is not configured. We recommend adding this setting. Falling back to ozone.metadata.dirs instead.
2022-10-03 12:54:39,126 [Listener at 127.0.0.1/36971] WARN  db.DBStoreBuilder (DBStoreBuilder.java:applyDBDefinition(144)) - ozone.scm.db.dirs is not configured. We recommend adding this setting. Falling back to ozone.metadata.dirs instead.
2022-10-03 12:54:39,340 [Listener at 127.0.0.1/36971] INFO  net.NodeSchemaLoader (NodeSchemaLoader.java:loadSchemaFromFile(129)) - Loading schema from [jar:file:/home/runner/.m2/repository/org/apache/ozone/hdds-common/1.3.0-SNAPSHOT/hdds-common-1.3.0-SNAPSHOT.jar!/network-topology-default.xml]
2022-10-03 12:54:39,340 [Listener at 127.0.0.1/36971] INFO  net.NodeSchemaLoader (NodeSchemaLoader.java:loadSchema(176)) - Loading network topology layer schema file
2022-10-03 12:54:39,348 [Listener at 127.0.0.1/36971] INFO  upgrade.AbstractLayoutVersionManager (AbstractLayoutVersionManager.java:init(83)) - Initializing Layout version manager with metadata layout = DATANODE_SCHEMA_V3 (version = 4), software layout = DATANODE_SCHEMA_V3 (version = 4)
2022-10-03 12:54:39,458 [Listener at 127.0.0.1/36971] INFO  reflections.Reflections (Reflections.java:scan(232)) - Reflections took 109 ms to scan 7 urls, producing 135 keys and 327 values 
2022-10-03 12:54:39,459 [Listener at 127.0.0.1/36971] INFO  ha.SequenceIdGenerator (SequenceIdGenerator.java:upgradeToSequenceId(349)) - upgrade localId to 109611004723200000
2022-10-03 12:54:39,460 [Listener at 127.0.0.1/36971] INFO  ha.SequenceIdGenerator (SequenceIdGenerator.java:upgradeToSequenceId(359)) - upgrade delTxnId to 0
2022-10-03 12:54:39,460 [Listener at 127.0.0.1/36971] INFO  ha.SequenceIdGenerator (SequenceIdGenerator.java:upgradeToSequenceId(376)) - upgrade containerId to 0
2022-10-03 12:54:39,460 [Listener at 127.0.0.1/36971] INFO  ha.SequenceIdGenerator (SequenceIdGenerator.java:<init>(220)) - Init the HA SequenceIdGenerator.
2022-10-03 12:54:39,460 [Listener at 127.0.0.1/36971] WARN  server.ServerUtils (ServerUtils.java:sanitizeUserArgs(73)) - ozone.scm.stale.node.interval value = 300000 is larger than max = 100000 based on the key value of ozone.scm.heartbeat.thread.interval, reset to the max value 100000.
2022-10-03 12:54:39,460 [Listener at 127.0.0.1/36971] WARN  server.ServerUtils (ServerUtils.java:sanitizeUserArgs(73)) - ozone.scm.stale.node.interval value = 300000 is larger than max = 100000 based on the key value of ozone.scm.heartbeat.thread.interval, reset to the max value 100000.
2022-10-03 12:54:39,461 [Listener at 127.0.0.1/36971] INFO  node.SCMNodeManager (SCMNodeManager.java:<init>(149)) - Entering startup safe mode.
2022-10-03 12:54:39,461 [Listener at 127.0.0.1/36971] INFO  algorithms.ContainerPlacementPolicyFactory (ContainerPlacementPolicyFactory.java:getPolicyInternal(86)) - Create container placement policy of type org.apache.hadoop.hdds.scm.container.placement.algorithms.SCMContainerPlacementRandom
2022-10-03 12:54:39,461 [Listener at 127.0.0.1/36971] INFO  algorithms.ContainerPlacementPolicyFactory (ContainerPlacementPolicyFactory.java:getPolicyInternal(86)) - Create container placement policy of type org.apache.hadoop.hdds.scm.container.placement.algorithms.SCMContainerPlacementRackScatter
2022-10-03 12:54:39,461 [Listener at 127.0.0.1/36971] INFO  pipeline.PipelineStateManagerImpl (PipelineStateManagerImpl.java:initialize(78)) - No pipeline exists in current db
2022-10-03 12:54:39,462 [Listener at 127.0.0.1/36971] INFO  algorithms.LeaderChoosePolicyFactory (LeaderChoosePolicyFactory.java:getPolicy(57)) - Create leader choose policy of type org.apache.hadoop.hdds.scm.pipeline.leader.choose.algorithms.MinLeaderCountChoosePolicy
2022-10-03 12:54:39,462 [Listener at 127.0.0.1/36971] INFO  algorithms.ContainerPlacementPolicyFactory (ContainerPlacementPolicyFactory.java:getPolicyInternal(86)) - Create container placement policy of type org.apache.hadoop.hdds.scm.container.placement.algorithms.SCMContainerPlacementRackScatter
2022-10-03 12:54:39,462 [Listener at 127.0.0.1/36971] INFO  ha.SCMServiceManager (SCMServiceManager.java:register(42)) - Registering service BackgroundPipelineCreator.
2022-10-03 12:54:39,462 [Listener at 127.0.0.1/36971] INFO  pipeline.BackgroundPipelineCreator (BackgroundPipelineCreator.java:start(124)) - Starting RatisPipelineUtilsThread.
2022-10-03 12:54:39,462 [Listener at 127.0.0.1/36971] INFO  BackgroundPipelineScrubber (BackgroundSCMService.java:start(68)) - Starting BackgroundPipelineScrubber Service.
2022-10-03 12:54:39,463 [Listener at 127.0.0.1/36971] INFO  ha.SCMServiceManager (SCMServiceManager.java:register(42)) - Registering service BackgroundPipelineScrubber.
2022-10-03 12:54:39,463 [Listener at 127.0.0.1/36971] INFO  ExpiredContainerReplicaOpScrubber (BackgroundSCMService.java:start(68)) - Starting ExpiredContainerReplicaOpScrubber Service.
2022-10-03 12:54:39,463 [Listener at 127.0.0.1/36971] INFO  ha.SCMServiceManager (SCMServiceManager.java:register(42)) - Registering service ExpiredContainerReplicaOpScrubber.
2022-10-03 12:54:39,464 [Listener at 127.0.0.1/36971] INFO  algorithms.PipelineChoosePolicyFactory (PipelineChoosePolicyFactory.java:createPipelineChoosePolicyFromClass(73)) - Create pipeline choose policy of type org.apache.hadoop.hdds.scm.pipeline.choose.algorithms.RandomPipelineChoosePolicy
2022-10-03 12:54:39,464 [Listener at 127.0.0.1/36971] INFO  ha.SCMServiceManager (SCMServiceManager.java:register(42)) - Registering service SCMBlockDeletingService.
2022-10-03 12:54:39,465 [Listener at 127.0.0.1/36971] INFO  replication.ReplicationManager (ReplicationManager.java:start(223)) - Starting Replication Monitor Thread.
2022-10-03 12:54:39,483 [Listener at 127.0.0.1/36971] INFO  ha.SCMServiceManager (SCMServiceManager.java:register(42)) - Registering service ReplicationManager.
2022-10-03 12:54:39,483 [ReplicationMonitor] INFO  replication.ReplicationManager (ReplicationManager.java:processAll(291)) - Replication Manager is not ready to run until 3000ms after safemode exit
2022-10-03 12:54:39,483 [Listener at 127.0.0.1/36971] INFO  safemode.ContainerSafeModeRule (ContainerSafeModeRule.java:<init>(89)) - containers with one replica threshold count 0
2022-10-03 12:54:39,483 [Listener at 127.0.0.1/36971] INFO  safemode.HealthyPipelineSafeModeRule (HealthyPipelineSafeModeRule.java:initializeRule(169)) - Total pipeline count is 0, healthy pipeline threshold count is 1
2022-10-03 12:54:39,484 [Listener at 127.0.0.1/36971] INFO  safemode.OneReplicaPipelineSafeModeRule (OneReplicaPipelineSafeModeRule.java:initializeRule(180)) - Total pipeline count is 0, pipeline's with at least one datanode reported threshold count is 0
2022-10-03 12:54:39,493 [Listener at 127.0.0.1/36971] INFO  ipc.CallQueueManager (CallQueueManager.java:<init>(90)) - Using callQueue: class java.util.concurrent.LinkedBlockingQueue, queueCapacity: 2000, scheduler: class org.apache.hadoop.ipc.DefaultRpcScheduler, ipcBackoff: false.
2022-10-03 12:54:39,497 [Socket Reader #1 for port 0] INFO  ipc.Server (Server.java:run(1265)) - Starting Socket Reader #1 for port 0
2022-10-03 12:54:39,502 [Listener at 0.0.0.0/39547] INFO  ipc.CallQueueManager (CallQueueManager.java:<init>(90)) - Using callQueue: class java.util.concurrent.LinkedBlockingQueue, queueCapacity: 2000, scheduler: class org.apache.hadoop.ipc.DefaultRpcScheduler, ipcBackoff: false.
2022-10-03 12:54:39,509 [Socket Reader #1 for port 0] INFO  ipc.Server (Server.java:run(1265)) - Starting Socket Reader #1 for port 0
2022-10-03 12:54:39,518 [Listener at 0.0.0.0/34199] INFO  ipc.CallQueueManager (CallQueueManager.java:<init>(90)) - Using callQueue: class java.util.concurrent.LinkedBlockingQueue, queueCapacity: 2000, scheduler: class org.apache.hadoop.ipc.DefaultRpcScheduler, ipcBackoff: false.
2022-10-03 12:54:39,521 [Socket Reader #1 for port 0] INFO  ipc.Server (Server.java:run(1265)) - Starting Socket Reader #1 for port 0
2022-10-03 12:54:39,599 [Listener at 0.0.0.0/34441] INFO  ha.SCMServiceManager (SCMServiceManager.java:register(42)) - Registering service ContainerBalancer.
2022-10-03 12:54:39,599 [Listener at 0.0.0.0/34441] INFO  server.StorageContainerManager (StorageContainerManager.java:<init>(410)) - 
Container Balancer status:
Key                            Value
Running                        false
Container Balancer Configuration values:
Key                                                Value
Threshold                                          10
Max Datanodes to Involve per Iteration(percent)    20
Max Size to Move per Iteration                     500GB
Max Size Entering Target per Iteration             26GB
Max Size Leaving Source per Iteration              26GB

2022-10-03 12:54:39,599 [Listener at 0.0.0.0/34441] WARN  events.EventQueue (EventQueue.java:fireEvent(216)) - No event handler registered for event TypedEvent{payloadType=SafeModeStatus, name='Safe mode status'}
2022-10-03 12:54:39,599 [Listener at 0.0.0.0/34441] INFO  ha.SCMContext (SCMContext.java:updateSafeModeStatus(228)) - Update SafeModeStatus from SafeModeStatus{safeModeStatus=true, preCheckPassed=false} to SafeModeStatus{safeModeStatus=true, preCheckPassed=false}.
2022-10-03 12:54:39,599 [Listener at 0.0.0.0/34441] INFO  server.StorageContainerManager (StorageContainerManager.java:start(1436)) - StorageContainerLocationProtocol RPC server is listening at /0.0.0.0:34441
2022-10-03 12:54:39,601 [Listener at 0.0.0.0/34441] WARN  impl.MetricsConfig (MetricsConfig.java:loadFirst(136)) - Cannot locate configuration: tried hadoop-metrics2-storagecontainermanager.properties,hadoop-metrics2.properties
2022-10-03 12:54:39,607 [Listener at 0.0.0.0/34441] INFO  impl.MetricsSystemImpl (MetricsSystemImpl.java:startTimer(378)) - Scheduled Metric snapshot period at 10 second(s).
2022-10-03 12:54:39,607 [Listener at 0.0.0.0/34441] INFO  impl.MetricsSystemImpl (MetricsSystemImpl.java:start(191)) - StorageContainerManager metrics system started
2022-10-03 12:54:39,621 [Listener at 0.0.0.0/34441] INFO  impl.MetricsSinkAdapter (MetricsSinkAdapter.java:start(204)) - Sink prometheus started
2022-10-03 12:54:39,621 [Listener at 0.0.0.0/34441] INFO  impl.MetricsSystemImpl (MetricsSystemImpl.java:registerSink(305)) - Registered sink prometheus
2022-10-03 12:54:39,672 [Listener at 0.0.0.0/34441] INFO  server.SCMClientProtocolServer (SCMClientProtocolServer.java:start(170)) - RPC server for Client  is listening at /0.0.0.0:34441
2022-10-03 12:54:39,680 [IPC Server Responder] INFO  ipc.Server (Server.java:run(1507)) - IPC Server Responder: starting
2022-10-03 12:54:39,705 [Listener at 0.0.0.0/34441] INFO  server.StorageContainerManager (StorageContainerManager.java:start(1451)) - ScmBlockLocationProtocol RPC server is listening at /0.0.0.0:34199
2022-10-03 12:54:39,706 [Listener at 0.0.0.0/34441] INFO  server.SCMBlockProtocolServer (SCMBlockProtocolServer.java:start(152)) - RPC server for Block Protocol is listening at /0.0.0.0:34199
2022-10-03 12:54:39,721 [IPC Server Responder] INFO  ipc.Server (Server.java:run(1507)) - IPC Server Responder: starting
2022-10-03 12:54:39,725 [IPC Server listener on 0] INFO  ipc.Server (Server.java:run(1344)) - IPC Server listener on 0: starting
2022-10-03 12:54:39,755 [Listener at 0.0.0.0/34441] INFO  server.SCMDatanodeProtocolServer (SCMDatanodeProtocolServer.java:start(186)) - ScmDatanodeProtocol RPC server for DataNodes is listening at /0.0.0.0:39547
2022-10-03 12:54:39,755 [IPC Server Responder] INFO  ipc.Server (Server.java:run(1507)) - IPC Server Responder: starting
2022-10-03 12:54:39,755 [IPC Server listener on 0] INFO  ipc.Server (Server.java:run(1344)) - IPC Server listener on 0: starting
2022-10-03 12:54:39,777 [IPC Server listener on 0] INFO  ipc.Server (Server.java:run(1344)) - IPC Server listener on 0: starting
2022-10-03 12:54:39,803 [Listener at 0.0.0.0/34441] INFO  http.BaseHttpServer (BaseHttpServer.java:newHttpServer2BuilderForOzone(213)) - Starting Web-server for scm at: http://0.0.0.0:0
2022-10-03 12:54:39,803 [Listener at 0.0.0.0/34441] INFO  http.BaseHttpServer (BaseHttpServer.java:<init>(108)) - Hadoop Security Enabled: false Ozone Security Enabled: false Ozone HTTP Security Enabled: false 
2022-10-03 12:54:39,805 [Listener at 0.0.0.0/34441] INFO  server.AuthenticationFilter (AuthenticationFilter.java:constructSecretProvider(240)) - Unable to initialize FileSignerSecretProvider, falling back to use random secrets.
2022-10-03 12:54:39,806 [org.apache.hadoop.util.JvmPauseMonitor$Monitor@793b6e25] INFO  util.JvmPauseMonitor (JvmPauseMonitor.java:run(188)) - Starting JVM pause monitor
2022-10-03 12:54:39,809 [Listener at 0.0.0.0/34441] WARN  http.HttpRequestLog (HttpRequestLog.java:getRequestLog(103)) - Jetty request log can only be enabled using Log4j
2022-10-03 12:54:39,810 [Listener at 0.0.0.0/34441] INFO  http.HttpServer2 (HttpServer2.java:addGlobalFilter(1029)) - Added global filter 'safety' (class=org.apache.hadoop.hdds.server.http.HttpServer2$QuotingInputFilter)
2022-10-03 12:54:39,811 [Listener at 0.0.0.0/34441] INFO  http.HttpServer2 (HttpServer2.java:addFilter(1005)) - Added filter static_user_filter (class=org.apache.hadoop.http.lib.StaticUserWebFilter$StaticUserFilter) to context scm
2022-10-03 12:54:39,811 [Listener at 0.0.0.0/34441] INFO  http.HttpServer2 (HttpServer2.java:addFilter(1013)) - Added filter static_user_filter (class=org.apache.hadoop.http.lib.StaticUserWebFilter$StaticUserFilter) to context logs
2022-10-03 12:54:39,811 [Listener at 0.0.0.0/34441] INFO  http.HttpServer2 (HttpServer2.java:addFilter(1013)) - Added filter static_user_filter (class=org.apache.hadoop.http.lib.StaticUserWebFilter$StaticUserFilter) to context static
2022-10-03 12:54:39,812 [Listener at 0.0.0.0/34441] INFO  http.HttpServer2 (HttpServer2.java:bindListener(1248)) - Jetty bound to port 32771
2022-10-03 12:54:39,812 [Listener at 0.0.0.0/34441] INFO  server.Server (Server.java:doStart(375)) - jetty-9.4.43.v20210629; built: 2021-06-30T11:07:22.254Z; git: 526006ecfa3af7f1a27ef3a288e2bef7ea9dd7e8; jvm 1.8.0_345-b01
2022-10-03 12:54:39,816 [Listener at 0.0.0.0/34441] INFO  server.session (DefaultSessionIdManager.java:doStart(334)) - DefaultSessionIdManager workerName=node0
2022-10-03 12:54:39,816 [Listener at 0.0.0.0/34441] INFO  server.session (DefaultSessionIdManager.java:doStart(339)) - No SessionScavenger set, using defaults
2022-10-03 12:54:39,816 [Listener at 0.0.0.0/34441] INFO  server.session (HouseKeeper.java:startScavenging(132)) - node0 Scavenging every 660000ms
2022-10-03 12:54:39,817 [Listener at 0.0.0.0/34441] INFO  handler.ContextHandler (ContextHandler.java:doStart(915)) - Started o.e.j.s.ServletContextHandler@4e904542{logs,/logs,file:///home/runner/work/ozone/ozone/hadoop-ozone/integration-test/target/log,AVAILABLE}
2022-10-03 12:54:39,817 [Listener at 0.0.0.0/34441] INFO  handler.ContextHandler (ContextHandler.java:doStart(915)) - Started o.e.j.s.ServletContextHandler@62d9d684{static,/static,file:///home/runner/work/ozone/ozone/hadoop-ozone/integration-test/target/test-classes/webapps/static,AVAILABLE}
2022-10-03 12:54:39,820 [Listener at 0.0.0.0/34441] INFO  handler.ContextHandler (ContextHandler.java:doStart(915)) - Started o.e.j.w.WebAppContext@75cecab7{scm,/,file:///home/runner/work/ozone/ozone/hadoop-ozone/integration-test/target/test-classes/webapps/scm/,AVAILABLE}{file:/home/runner/work/ozone/ozone/hadoop-ozone/integration-test/target/test-classes/webapps/scm}
2022-10-03 12:54:39,834 [Listener at 0.0.0.0/34441] INFO  server.AbstractConnector (AbstractConnector.java:doStart(331)) - Started ServerConnector@50e3d78a{HTTP/1.1, (http/1.1)}{0.0.0.0:32771}
2022-10-03 12:54:39,834 [Listener at 0.0.0.0/34441] INFO  server.Server (Server.java:doStart(415)) - Started @41846ms
2022-10-03 12:54:39,835 [Listener at 0.0.0.0/34441] WARN  impl.MetricsSystemImpl (MetricsSystemImpl.java:register(279)) - Sink prometheus already exists!
2022-10-03 12:54:39,835 [Listener at 0.0.0.0/34441] INFO  http.BaseHttpServer (BaseHttpServer.java:updateConnectorAddress(333)) - HTTP server of scm listening at http://0.0.0.0:32771
2022-10-03 12:54:39,835 [Listener at 0.0.0.0/34441] WARN  server.ServerUtils (ServerUtils.java:getDBPath(225)) - ozone.om.db.dirs is not configured. We recommend adding this setting. Falling back to ozone.metadata.dirs instead.
2022-10-03 12:54:39,837 [Listener at 0.0.0.0/34441] INFO  ha.OMHANodeDetails (OMHANodeDetails.java:loadOMHAConfig(115)) - ozone.om.internal.service.id is not defined, falling back to ozone.om.service.ids to find serviceID for OzoneManager if it is HA enabled cluster
2022-10-03 12:54:39,837 [Listener at 0.0.0.0/34441] INFO  ha.OMHANodeDetails (OMHANodeDetails.java:loadOMHAConfig(226)) - Configuration does not have ozone.om.address set. Falling back to the default OM address /127.0.0.1:0
2022-10-03 12:54:39,837 [Listener at 0.0.0.0/34441] INFO  ha.OMHANodeDetails (OMHANodeDetails.java:getOMNodeDetailsForNonHA(254)) - OM Service ID is not set. Setting it to the default ID: omServiceIdDefault
2022-10-03 12:54:39,837 [Listener at 0.0.0.0/34441] INFO  ha.OMHANodeDetails (OMHANodeDetails.java:getOMNodeDetailsForNonHA(261)) - OM Node ID is not set. Setting it to the default ID: om1
2022-10-03 12:54:39,838 [Listener at 0.0.0.0/34441] WARN  server.ServerUtils (ServerUtils.java:getDBPath(225)) - ozone.om.db.dirs is not configured. We recommend adding this setting. Falling back to ozone.metadata.dirs instead.
2022-10-03 12:54:39,838 [Listener at 0.0.0.0/34441] INFO  upgrade.AbstractLayoutVersionManager (AbstractLayoutVersionManager.java:init(83)) - Initializing Layout version manager with metadata layout = MULTITENANCY_SCHEMA (version = 3), software layout = MULTITENANCY_SCHEMA (version = 3)
2022-10-03 12:54:40,036 [Listener at 0.0.0.0/34441] INFO  reflections.Reflections (Reflections.java:scan(232)) - Reflections took 197 ms to scan 2 urls, producing 154 keys and 428 values [using 2 cores]
2022-10-03 12:54:40,036 [Listener at 0.0.0.0/34441] INFO  upgrade.OMLayoutVersionManager (OMLayoutVersionManager.java:lambda$0(115)) - Skipping Upgrade Action MockOmUpgradeAction since it has been finalized.
2022-10-03 12:54:40,036 [Listener at 0.0.0.0/34441] WARN  server.ServerUtils (ServerUtils.java:getDBPath(225)) - ozone.om.db.dirs is not configured. We recommend adding this setting. Falling back to ozone.metadata.dirs instead.
2022-10-03 12:54:40,037 [Listener at 0.0.0.0/34441] INFO  proxy.SCMBlockLocationFailoverProxyProvider (SCMBlockLocationFailoverProxyProvider.java:<init>(114)) - Created block location fail-over proxy with 1 nodes: [nodeId=scmNodeId,nodeAddress=/0.0.0.0:34199]
2022-10-03 12:54:40,038 [Listener at 0.0.0.0/34441] INFO  proxy.SCMBlockLocationFailoverProxyProvider (SCMBlockLocationFailoverProxyProvider.java:<init>(114)) - Created block location fail-over proxy with 1 nodes: [nodeId=scmNodeId,nodeAddress=/0.0.0.0:34199]
2022-10-03 12:54:40,061 [Listener at 0.0.0.0/34441] WARN  server.ServerUtils (ServerUtils.java:getDBPath(225)) - ozone.om.db.dirs is not configured. We recommend adding this setting. Falling back to ozone.metadata.dirs instead.
2022-10-03 12:54:40,061 [Listener at 0.0.0.0/34441] INFO  codec.OmKeyInfoCodec (OmKeyInfoCodec.java:<init>(49)) - OmKeyInfoCodec ignorePipeline = true
2022-10-03 12:54:40,061 [Listener at 0.0.0.0/34441] INFO  codec.RepeatedOmKeyInfoCodec (RepeatedOmKeyInfoCodec.java:<init>(41)) - RepeatedOmKeyInfoCodec ignorePipeline = true
2022-10-03 12:54:40,218 [Listener at 0.0.0.0/34441] INFO  om.OzoneManager (OzoneManager.java:instantiateServices(710)) - S3 Multi-Tenancy is disabled
2022-10-03 12:54:40,221 [Listener at 0.0.0.0/34441] INFO  om.OzoneManager (OzoneManager.java:addS3GVolumeToDB(4325)) - Created Volume s3v With Owner runner required for S3Gateway operations.
2022-10-03 12:54:40,221 [Listener at 0.0.0.0/34441] WARN  server.ServerUtils (ServerUtils.java:getDefaultRatisDirectory(237)) - Storage directory for Ratis is not configured. It is a good idea to map this to an SSD disk. Falling back to ozone.metadata.dirs
2022-10-03 12:54:40,221 [Listener at 0.0.0.0/34441] WARN  utils.OzoneManagerRatisUtils (OzoneManagerRatisUtils.java:getOMRatisSnapshotDirectory(434)) - ozone.om.ratis.snapshot.dir is not configured. Falling back to ozone.metadata.dirs config
2022-10-03 12:54:40,221 [Listener at 0.0.0.0/34441] WARN  server.ServerUtils (ServerUtils.java:getDefaultRatisDirectory(237)) - Storage directory for Ratis is not configured. It is a good idea to map this to an SSD disk. Falling back to ozone.metadata.dirs
2022-10-03 12:54:40,224 [Listener at 0.0.0.0/34441] INFO  ratis.OzoneManagerRatisServer (OzoneManagerRatisServer.java:<init>(160)) - Instantiating OM Ratis server with groupID: omServiceIdDefault and peers: localhost:9872
2022-10-03 12:54:40,224 [Listener at 0.0.0.0/34441] INFO  ratis.OzoneManagerStateMachine (OzoneManagerStateMachine.java:loadSnapshotInfoFromDB(632)) - LastAppliedIndex is set from TransactionInfo from OM DB as (t:0, i:~)
2022-10-03 12:54:40,225 [Listener at 0.0.0.0/34441] INFO  server.RaftServer (ConfUtils.java:logGet(46)) - raft.rpc.type = GRPC (default)
2022-10-03 12:54:40,229 [Listener at 0.0.0.0/34441] INFO  grpc.GrpcFactory (GrpcFactory.java:checkPooledByteBufAllocatorUseCacheForAllThreads(48)) - PERFORMANCE WARNING: useCacheForAllThreads is true that may cause Netty to create a lot garbage objects and, as a result, trigger GC.
	It is recommended to disable useCacheForAllThreads by setting -Dorg.apache.ratis.thirdparty.io.netty.allocator.useCacheForAllThreads=false in command line.
2022-10-03 12:54:40,229 [Listener at 0.0.0.0/34441] INFO  grpc.GrpcConfigKeys (ConfUtils.java:logGet(46)) - raft.grpc.admin.port = -1 (default)
2022-10-03 12:54:40,230 [Listener at 0.0.0.0/34441] INFO  grpc.GrpcConfigKeys (ConfUtils.java:logGet(46)) - raft.grpc.server.port = 9872 (custom)
2022-10-03 12:54:40,230 [Listener at 0.0.0.0/34441] INFO  grpc.GrpcConfigKeys (ConfUtils.java:logGet(46)) - raft.grpc.client.port = -1 (default)
2022-10-03 12:54:40,230 [Listener at 0.0.0.0/34441] INFO  grpc.GrpcConfigKeys (ConfUtils.java:logGet(46)) - raft.grpc.server.port = 9872 (custom)
2022-10-03 12:54:40,230 [Listener at 0.0.0.0/34441] INFO  grpc.GrpcConfigKeys (ConfUtils.java:logGet(46)) - raft.grpc.server.port = 9872 (custom)
2022-10-03 12:54:40,230 [Listener at 0.0.0.0/34441] INFO  server.GrpcService (ConfUtils.java:logGet(46)) - raft.grpc.message.size.max = 33554432 (custom)
2022-10-03 12:54:40,230 [Listener at 0.0.0.0/34441] INFO  server.RaftServerConfigKeys (ConfUtils.java:logGet(46)) - raft.server.log.appender.buffer.byte-limit = 33554432 (custom)
2022-10-03 12:54:40,231 [Listener at 0.0.0.0/34441] INFO  server.GrpcService (ConfUtils.java:logGet(46)) - raft.grpc.flow.control.window = 1MB (=1048576) (default)
2022-10-03 12:54:40,231 [Listener at 0.0.0.0/34441] INFO  server.RaftServerConfigKeys (ConfUtils.java:logGet(46)) - raft.server.rpc.request.timeout = 3000ms (default)
2022-10-03 12:54:40,231 [Listener at 0.0.0.0/34441] INFO  grpc.GrpcConfigKeys (ConfUtils.java:logGet(46)) - raft.grpc.server.async.request.thread.pool.cached = true (default)
2022-10-03 12:54:40,231 [Listener at 0.0.0.0/34441] INFO  grpc.GrpcConfigKeys (ConfUtils.java:logGet(46)) - raft.grpc.server.async.request.thread.pool.size = 32 (default)
2022-10-03 12:54:40,232 [Listener at 0.0.0.0/34441] INFO  impl.DataStreamServerImpl (ConfUtils.java:logGet(46)) - raft.datastream.type = DISABLED (default)
2022-10-03 12:54:40,232 [Listener at 0.0.0.0/34441] INFO  server.RaftServerConfigKeys (ConfUtils.java:logGet(46)) - raft.server.threadpool.proxy.cached = true (default)
2022-10-03 12:54:40,232 [Listener at 0.0.0.0/34441] INFO  server.RaftServerConfigKeys (ConfUtils.java:logGet(46)) - raft.server.threadpool.proxy.size = 0 (default)
2022-10-03 12:54:40,232 [Listener at 0.0.0.0/34441] INFO  server.RaftServerConfigKeys (ConfUtils.java:logGet(46)) - raft.server.rpc.slowness.timeout = 120s (custom)
2022-10-03 12:54:40,232 [Listener at 0.0.0.0/34441] INFO  server.RaftServerConfigKeys (ConfUtils.java:logGet(46)) - raft.server.leaderelection.leader.step-down.wait-time = 10s (default)
2022-10-03 12:54:40,233 [Listener at 0.0.0.0/34441] INFO  server.RaftServerConfigKeys (ConfUtils.java:logGet(46)) - raft.server.storage.dir = [/home/runner/work/ozone/ozone/hadoop-ozone/integration-test/target/test-dir/MiniOzoneClusterImpl-da160868-f19b-48c1-b90c-c3b9b090623c/ozone-meta/ratis] (custom)
2022-10-03 12:54:40,245 [Listener at 0.0.0.0/34441] INFO  server.RaftServer (RaftServerProxy.java:addNew(96)) - om1: addNew group-C5BA1605619E:[om1|rpc:localhost:9872|priority:0] returns group-C5BA1605619E:java.util.concurrent.CompletableFuture@1005364f[Not completed]
2022-10-03 12:54:40,245 [Listener at 0.0.0.0/34441] INFO  om.OzoneManager (OzoneManager.java:initializeRatisServer(1977)) - OzoneManager Ratis server initialized at port 9872
2022-10-03 12:54:40,246 [Listener at 0.0.0.0/34441] INFO  om.OzoneManager (OzoneManager.java:getRpcServer(1100)) - Creating RPC Server
2022-10-03 12:54:40,247 [pool-203-thread-1] INFO  server.RaftServer$Division (RaftServerImpl.java:<init>(190)) - om1: new RaftServerImpl for group-C5BA1605619E:[om1|rpc:localhost:9872|priority:0] with OzoneManagerStateMachine:uninitialized
2022-10-03 12:54:40,248 [pool-203-thread-1] INFO  server.RaftServerConfigKeys (ConfUtils.java:logGet(46)) - raft.server.rpc.timeout.min = 1s (custom)
2022-10-03 12:54:40,248 [pool-203-thread-1] INFO  server.RaftServerConfigKeys (ConfUtils.java:logGet(46)) - raft.server.rpc.timeout.max = 1200ms (custom)
2022-10-03 12:54:40,248 [pool-203-thread-1] INFO  server.RaftServerConfigKeys (ConfUtils.java:logGet(46)) - raft.server.rpc.sleep.time = 25ms (default)
2022-10-03 12:54:40,248 [pool-203-thread-1] INFO  server.RaftServerConfigKeys (ConfUtils.java:logGet(46)) - raft.server.rpc.slowness.timeout = 120s (custom)
2022-10-03 12:54:40,248 [pool-203-thread-1] INFO  server.RaftServerConfigKeys (ConfUtils.java:logGet(46)) - raft.server.leaderelection.leader.step-down.wait-time = 10s (default)
2022-10-03 12:54:40,248 [pool-203-thread-1] INFO  server.RaftServerConfigKeys (ConfUtils.java:logGet(46)) - raft.server.sleep.deviation.threshold = 300ms (default)
2022-10-03 12:54:40,248 [pool-203-thread-1] INFO  server.RaftServer$Division (ServerState.java:<init>(107)) - om1@group-C5BA1605619E: ConfigurationManager, init=-1: [om1|rpc:localhost:9872|priority:0], old=null, confs=<EMPTY_MAP>
2022-10-03 12:54:40,248 [pool-203-thread-1] INFO  server.RaftServerConfigKeys (ConfUtils.java:logGet(46)) - raft.server.storage.dir = [/home/runner/work/ozone/ozone/hadoop-ozone/integration-test/target/test-dir/MiniOzoneClusterImpl-da160868-f19b-48c1-b90c-c3b9b090623c/ozone-meta/ratis] (custom)
2022-10-03 12:54:40,248 [pool-203-thread-1] INFO  server.RaftServerConfigKeys (ConfUtils.java:logGet(46)) - raft.server.log.corruption.policy = EXCEPTION (default)
2022-10-03 12:54:40,248 [pool-203-thread-1] INFO  server.RaftServerConfigKeys (ConfUtils.java:logGet(46)) - raft.server.storage.free-space.min = 0MB (=0) (default)
2022-10-03 12:54:40,248 [pool-203-thread-1] INFO  storage.RaftStorageDirectory (RaftStorageDirectoryImpl.java:analyzeStorage(135)) - The storage directory /home/runner/work/ozone/ozone/hadoop-ozone/integration-test/target/test-dir/MiniOzoneClusterImpl-da160868-f19b-48c1-b90c-c3b9b090623c/ozone-meta/ratis/bf265839-605b-3f16-9796-c5ba1605619e does not exist. Creating ...
2022-10-03 12:54:40,251 [pool-203-thread-1] INFO  storage.RaftStorageDirectory (RaftStorageDirectoryImpl.java:tryLock(230)) - Lock on /home/runner/work/ozone/ozone/hadoop-ozone/integration-test/target/test-dir/MiniOzoneClusterImpl-da160868-f19b-48c1-b90c-c3b9b090623c/ozone-meta/ratis/bf265839-605b-3f16-9796-c5ba1605619e/in_use.lock acquired by nodename 2263@fv-az443-503
2022-10-03 12:54:40,257 [pool-203-thread-1] INFO  storage.RaftStorage (RaftStorageImpl.java:format(89)) - Storage directory /home/runner/work/ozone/ozone/hadoop-ozone/integration-test/target/test-dir/MiniOzoneClusterImpl-da160868-f19b-48c1-b90c-c3b9b090623c/ozone-meta/ratis/bf265839-605b-3f16-9796-c5ba1605619e has been successfully formatted.
2022-10-03 12:54:40,258 [pool-203-thread-1] INFO  server.RaftServerConfigKeys (ConfUtils.java:logGet(46)) - raft.server.notification.no-leader.timeout = 120s (custom)
2022-10-03 12:54:40,258 [pool-203-thread-1] INFO  server.RaftServerConfigKeys (ConfUtils.java:logGet(46)) - raft.server.log.use.memory = false (default)
2022-10-03 12:54:40,258 [pool-203-thread-1] INFO  server.RaftServerConfigKeys (ConfUtils.java:logGet(46)) - raft.server.log.purge.gap = 1000000 (custom)
2022-10-03 12:54:40,258 [pool-203-thread-1] INFO  server.RaftServerConfigKeys (ConfUtils.java:logGet(46)) - raft.server.log.appender.buffer.byte-limit = 33554432 (custom)
2022-10-03 12:54:40,258 [pool-203-thread-1] INFO  server.RaftServerConfigKeys (ConfUtils.java:logGet(46)) - raft.server.log.statemachine.data.read.timeout = 1000ms (default)
2022-10-03 12:54:40,258 [pool-203-thread-1] INFO  server.RaftServerConfigKeys (ConfUtils.java:logGet(46)) - raft.server.log.segment.size.max = 4194304 (custom)
2022-10-03 12:54:40,258 [pool-203-thread-1] INFO  server.RaftServerConfigKeys (ConfUtils.java:logGet(46)) - raft.server.log.segment.cache.num.max = 2 (custom)
2022-10-03 12:54:40,258 [pool-203-thread-1] INFO  server.RaftServerConfigKeys (ConfUtils.java:logGet(46)) - raft.server.log.segment.cache.size.max = 200MB (=209715200) (default)
2022-10-03 12:54:40,258 [pool-203-thread-1] INFO  segmented.SegmentedRaftLogWorker (SegmentedRaftLogWorker.java:<init>(187)) - new om1@group-C5BA1605619E-SegmentedRaftLogWorker for RaftStorageImpl:Storage Directory /home/runner/work/ozone/ozone/hadoop-ozone/integration-test/target/test-dir/MiniOzoneClusterImpl-da160868-f19b-48c1-b90c-c3b9b090623c/ozone-meta/ratis/bf265839-605b-3f16-9796-c5ba1605619e
2022-10-03 12:54:40,258 [pool-203-thread-1] INFO  server.RaftServerConfigKeys (ConfUtils.java:logGet(46)) - raft.server.log.queue.byte-limit = 64MB (=67108864) (default)
2022-10-03 12:54:40,259 [pool-203-thread-1] INFO  server.RaftServerConfigKeys (ConfUtils.java:logGet(46)) - raft.server.log.queue.element-limit = 4096 (default)
2022-10-03 12:54:40,259 [pool-203-thread-1] INFO  server.RaftServerConfigKeys (ConfUtils.java:logGet(46)) - raft.server.log.segment.size.max = 4194304 (custom)
2022-10-03 12:54:40,259 [pool-203-thread-1] INFO  server.RaftServerConfigKeys (ConfUtils.java:logGet(46)) - raft.server.log.preallocated.size = 4194304 (custom)
2022-10-03 12:54:40,259 [pool-203-thread-1] INFO  server.RaftServerConfigKeys (ConfUtils.java:logGet(46)) - raft.server.log.force.sync.num = 128 (default)
2022-10-03 12:54:40,259 [pool-203-thread-1] INFO  server.RaftServerConfigKeys (ConfUtils.java:logGet(46)) - raft.server.log.statemachine.data.sync = true (default)
2022-10-03 12:54:40,259 [pool-203-thread-1] INFO  server.RaftServerConfigKeys (ConfUtils.java:logGet(46)) - raft.server.log.statemachine.data.sync.timeout = 10s (default)
2022-10-03 12:54:40,259 [pool-203-thread-1] INFO  server.RaftServerConfigKeys (ConfUtils.java:logGet(46)) - raft.server.log.statemachine.data.sync.timeout.retry = -1 (default)
2022-10-03 12:54:40,259 [pool-203-thread-1] INFO  server.RaftServerConfigKeys (ConfUtils.java:logGet(46)) - raft.server.log.write.buffer.size = 64KB (=65536) (default)
2022-10-03 12:54:40,259 [pool-203-thread-1] INFO  server.RaftServerConfigKeys (ConfUtils.java:logGet(46)) - raft.server.log.unsafe-flush.enabled = false (default)
2022-10-03 12:54:40,259 [pool-203-thread-1] INFO  server.RaftServerConfigKeys (ConfUtils.java:logGet(46)) - raft.server.log.statemachine.data.caching.enabled = false (default)
2022-10-03 12:54:40,260 [pool-203-thread-1] INFO  segmented.SegmentedRaftLogWorker (SegmentedRaftLogWorker.java:lambda$new$0(135)) - om1@group-C5BA1605619E-SegmentedRaftLogWorker: flushIndex: setUnconditionally 0 -> -1
2022-10-03 12:54:40,260 [pool-203-thread-1] INFO  segmented.SegmentedRaftLogWorker (SegmentedRaftLogWorker.java:lambda$new$0(135)) - om1@group-C5BA1605619E-SegmentedRaftLogWorker: safeCacheEvictIndex: setUnconditionally 0 -> -1
2022-10-03 12:54:40,286 [pool-203-thread-1] INFO  server.RaftServerConfigKeys (ConfUtils.java:logGet(46)) - raft.server.snapshot.auto.trigger.enabled = true (custom)
2022-10-03 12:54:40,286 [pool-203-thread-1] INFO  server.RaftServerConfigKeys (ConfUtils.java:logGet(46)) - raft.server.snapshot.auto.trigger.threshold = 400000 (default)
2022-10-03 12:54:40,286 [pool-203-thread-1] INFO  server.RaftServerConfigKeys (ConfUtils.java:logGet(46)) - raft.server.snapshot.retention.file.num = -1 (default)
2022-10-03 12:54:40,286 [pool-203-thread-1] INFO  server.RaftServerConfigKeys (ConfUtils.java:logGet(46)) - raft.server.log.purge.upto.snapshot.index = true (custom)
2022-10-03 12:54:40,286 [pool-203-thread-1] INFO  server.RaftServerConfigKeys (ConfUtils.java:logGet(46)) - raft.server.retrycache.expirytime = 300s (custom)
2022-10-03 12:54:40,286 [pool-203-thread-1] INFO  server.RaftServerConfigKeys (ConfUtils.java:logGet(46)) - raft.server.retrycache.statistics.expirytime = 100μs (default)
2022-10-03 12:54:40,287 [pool-203-thread-1] INFO  server.RaftServerConfigKeys (ConfUtils.java:logGet(46)) - raft.server.log.appender.install.snapshot.enabled = false (custom)
2022-10-03 12:54:40,287 [pool-203-thread-1] INFO  server.RaftServerConfigKeys (ConfUtils.java:logGet(46)) - raft.server.threadpool.server.cached = true (default)
2022-10-03 12:54:40,287 [pool-203-thread-1] INFO  server.RaftServerConfigKeys (ConfUtils.java:logGet(46)) - raft.server.threadpool.server.size = 0 (default)
2022-10-03 12:54:40,287 [pool-203-thread-1] INFO  server.RaftServerConfigKeys (ConfUtils.java:logGet(46)) - raft.server.threadpool.client.cached = true (default)
2022-10-03 12:54:40,287 [pool-203-thread-1] INFO  server.RaftServerConfigKeys (ConfUtils.java:logGet(46)) - raft.server.threadpool.client.size = 0 (default)
2022-10-03 12:54:41,052 [Listener at 0.0.0.0/34441] INFO  reflections.Reflections (Reflections.java:scan(232)) - Reflections took 804 ms to scan 19 urls, producing 67 keys and 4220 values [using 2 cores]
2022-10-03 12:54:41,053 [Listener at 0.0.0.0/34441] INFO  ipc.CallQueueManager (CallQueueManager.java:<init>(90)) - Using callQueue: class java.util.concurrent.LinkedBlockingQueue, queueCapacity: 2000, scheduler: class org.apache.hadoop.ipc.DefaultRpcScheduler, ipcBackoff: false.
2022-10-03 12:54:41,054 [Socket Reader #1 for port 0] INFO  ipc.Server (Server.java:run(1265)) - Starting Socket Reader #1 for port 0
2022-10-03 12:54:41,090 [Listener at 127.0.0.1/41991] INFO  impl.MetricsSystemImpl (MetricsSystemImpl.java:init(158)) - OzoneManager metrics system started (again)
2022-10-03 12:54:41,115 [Listener at 127.0.0.1/41991] INFO  om.OzoneManager (OzoneManager.java:start(1484)) - OzoneManager RPC server is listening at localhost/127.0.0.1:41991
2022-10-03 12:54:41,115 [Listener at 127.0.0.1/41991] INFO  ratis.OzoneManagerRatisServer (OzoneManagerRatisServer.java:start(555)) - Starting OzoneManagerRatisServer om1 at port 9872
2022-10-03 12:54:41,116 [om1-impl-thread1] INFO  server.RaftServer$Division (RaftServerImpl.java:start(310)) - om1@group-C5BA1605619E: start as a follower, conf=-1: [om1|rpc:localhost:9872|priority:0], old=null
2022-10-03 12:54:41,116 [om1-impl-thread1] INFO  server.RaftServer$Division (RaftServerImpl.java:setRole(299)) - om1@group-C5BA1605619E: changes role from      null to FOLLOWER at term 0 for startAsFollower
2022-10-03 12:54:41,116 [om1-impl-thread1] INFO  impl.RoleInfo (RoleInfo.java:updateAndGet(139)) - om1: start om1@group-C5BA1605619E-FollowerState
2022-10-03 12:54:41,116 [om1-impl-thread1] INFO  util.JmxRegister (JmxRegister.java:tryRegister(44)) - Successfully registered JMX Bean with object name Ratis:service=RaftServer,group=group-C5BA1605619E,id=om1
2022-10-03 12:54:41,120 [Listener at 127.0.0.1/41991] INFO  server.RaftServer (RaftServerProxy.java:lambda$start$6(382)) - om1: start RPC server
2022-10-03 12:54:41,134 [Listener at 127.0.0.1/41991] INFO  server.GrpcService (GrpcService.java:startImpl(260)) - om1: GrpcService started, listening on 9872
2022-10-03 12:54:41,135 [Listener at 127.0.0.1/41991] INFO  om.OzoneManager (OzoneManager.java:start(1500)) - Version File has different layout version (3) than OM DB (null). That is expected if this OM has never been finalized to a newer layout version.
2022-10-03 12:54:41,135 [org.apache.ratis.util.JvmPauseMonitor$$Lambda$685/536859976@38968a48] INFO  util.JvmPauseMonitor (JvmPauseMonitor.java:run(103)) - JvmPauseMonitor-om1: Started
2022-10-03 12:54:41,157 [Listener at 127.0.0.1/41991] INFO  http.BaseHttpServer (BaseHttpServer.java:newHttpServer2BuilderForOzone(213)) - Starting Web-server for ozoneManager at: http://0.0.0.0:0
2022-10-03 12:54:41,157 [Listener at 127.0.0.1/41991] INFO  http.BaseHttpServer (BaseHttpServer.java:<init>(108)) - Hadoop Security Enabled: false Ozone Security Enabled: false Ozone HTTP Security Enabled: false 
2022-10-03 12:54:41,158 [Listener at 127.0.0.1/41991] INFO  server.AuthenticationFilter (AuthenticationFilter.java:constructSecretProvider(240)) - Unable to initialize FileSignerSecretProvider, falling back to use random secrets.
2022-10-03 12:54:41,169 [Listener at 127.0.0.1/41991] WARN  http.HttpRequestLog (HttpRequestLog.java:getRequestLog(103)) - Jetty request log can only be enabled using Log4j
2022-10-03 12:54:41,171 [Listener at 127.0.0.1/41991] INFO  http.HttpServer2 (HttpServer2.java:addGlobalFilter(1029)) - Added global filter 'safety' (class=org.apache.hadoop.hdds.server.http.HttpServer2$QuotingInputFilter)
2022-10-03 12:54:41,171 [Listener at 127.0.0.1/41991] INFO  http.HttpServer2 (HttpServer2.java:addFilter(1005)) - Added filter static_user_filter (class=org.apache.hadoop.http.lib.StaticUserWebFilter$StaticUserFilter) to context ozoneManager
2022-10-03 12:54:41,171 [Listener at 127.0.0.1/41991] INFO  http.HttpServer2 (HttpServer2.java:addFilter(1013)) - Added filter static_user_filter (class=org.apache.hadoop.http.lib.StaticUserWebFilter$StaticUserFilter) to context logs
2022-10-03 12:54:41,172 [Listener at 127.0.0.1/41991] INFO  http.HttpServer2 (HttpServer2.java:addFilter(1013)) - Added filter static_user_filter (class=org.apache.hadoop.http.lib.StaticUserWebFilter$StaticUserFilter) to context static
2022-10-03 12:54:41,172 [Listener at 127.0.0.1/41991] INFO  http.HttpServer2 (HttpServer2.java:bindListener(1248)) - Jetty bound to port 42299
2022-10-03 12:54:41,172 [Listener at 127.0.0.1/41991] INFO  server.Server (Server.java:doStart(375)) - jetty-9.4.43.v20210629; built: 2021-06-30T11:07:22.254Z; git: 526006ecfa3af7f1a27ef3a288e2bef7ea9dd7e8; jvm 1.8.0_345-b01
2022-10-03 12:54:41,233 [Listener at 127.0.0.1/41991] INFO  server.session (DefaultSessionIdManager.java:doStart(334)) - DefaultSessionIdManager workerName=node0
2022-10-03 12:54:41,233 [Listener at 127.0.0.1/41991] INFO  server.session (DefaultSessionIdManager.java:doStart(339)) - No SessionScavenger set, using defaults
2022-10-03 12:54:41,234 [Listener at 127.0.0.1/41991] INFO  server.session (HouseKeeper.java:startScavenging(132)) - node0 Scavenging every 660000ms
2022-10-03 12:54:41,237 [Listener at 127.0.0.1/41991] INFO  handler.ContextHandler (ContextHandler.java:doStart(915)) - Started o.e.j.s.ServletContextHandler@2c444359{logs,/logs,file:///home/runner/work/ozone/ozone/hadoop-ozone/integration-test/target/log,AVAILABLE}
2022-10-03 12:54:41,238 [Listener at 127.0.0.1/41991] INFO  handler.ContextHandler (ContextHandler.java:doStart(915)) - Started o.e.j.s.ServletContextHandler@1f11cffc{static,/static,file:///home/runner/work/ozone/ozone/hadoop-ozone/integration-test/target/test-classes/webapps/static,AVAILABLE}
2022-10-03 12:54:41,241 [Listener at 127.0.0.1/41991] INFO  handler.ContextHandler (ContextHandler.java:doStart(915)) - Started o.e.j.w.WebAppContext@56e9ffd3{ozoneManager,/,file:///home/runner/work/ozone/ozone/hadoop-ozone/integration-test/target/test-classes/webapps/ozoneManager/,AVAILABLE}{file:/home/runner/work/ozone/ozone/hadoop-ozone/integration-test/target/test-classes/webapps/ozoneManager}
2022-10-03 12:54:41,261 [Listener at 127.0.0.1/41991] INFO  server.AbstractConnector (AbstractConnector.java:doStart(331)) - Started ServerConnector@7453e050{HTTP/1.1, (http/1.1)}{0.0.0.0:42299}
2022-10-03 12:54:41,262 [Listener at 127.0.0.1/41991] INFO  server.Server (Server.java:doStart(415)) - Started @43274ms
2022-10-03 12:54:41,262 [Listener at 127.0.0.1/41991] WARN  impl.MetricsSystemImpl (MetricsSystemImpl.java:register(279)) - Sink prometheus already exists!
2022-10-03 12:54:41,262 [Listener at 127.0.0.1/41991] INFO  http.BaseHttpServer (BaseHttpServer.java:updateConnectorAddress(333)) - HTTP server of ozoneManager listening at http://0.0.0.0:42299
2022-10-03 12:54:41,273 [IPC Server Responder] INFO  ipc.Server (Server.java:run(1507)) - IPC Server Responder: starting
2022-10-03 12:54:41,273 [IPC Server listener on 0] INFO  ipc.Server (Server.java:run(1344)) - IPC Server listener on 0: starting
2022-10-03 12:54:41,291 [Listener at 127.0.0.1/41991] INFO  om.OzoneManager (OzoneManager.java:startTrashEmptier(1921)) - Trash Interval set to 0. Files deleted won't move to trash
2022-10-03 12:54:41,308 [org.apache.hadoop.util.JvmPauseMonitor$Monitor@55cc19ee] INFO  util.JvmPauseMonitor (JvmPauseMonitor.java:run(188)) - Starting JVM pause monitor
2022-10-03 12:54:41,308 [Listener at 127.0.0.1/41991] WARN  impl.MetricRegistriesImpl (MetricRegistriesImpl.java:addReporterRegistration(111)) - New reporters are added after registries were created. Some metrics will be missing from the reporter. Please add reporter before adding any new registry.
2022-10-03 12:54:41,308 [Listener at 127.0.0.1/41991] WARN  impl.MetricRegistriesImpl (MetricRegistriesImpl.java:addReporterRegistration(111)) - New reporters are added after registries were created. Some metrics will be missing from the reporter. Please add reporter before adding any new registry.
2022-10-03 12:54:41,309 [Listener at 127.0.0.1/41991] INFO  impl.MetricsSystemImpl (MetricsSystemImpl.java:init(158)) - HddsDatanode metrics system started (again)
2022-10-03 12:54:41,327 [Listener at 127.0.0.1/41991] INFO  ozone.HddsDatanodeService (HddsDatanodeService.java:start(236)) - HddsDatanodeService host:fv-az443-503.ap2fcshprsnunfx25e1aelzb4b.cx.internal.cloudapp.net ip:10.1.0.147
2022-10-03 12:54:41,358 [Listener at 127.0.0.1/41991] INFO  upgrade.AbstractLayoutVersionManager (AbstractLayoutVersionManager.java:init(83)) - Initializing Layout version manager with metadata layout = DATANODE_SCHEMA_V3 (version = 4), software layout = DATANODE_SCHEMA_V3 (version = 4)
2022-10-03 12:54:41,446 [Listener at 127.0.0.1/41991] INFO  reflections.Reflections (Reflections.java:scan(232)) - Reflections took 87 ms to scan 7 urls, producing 135 keys and 327 values 
2022-10-03 12:54:41,447 [Listener at 127.0.0.1/41991] INFO  statemachine.DatanodeStateMachine (DatanodeStateMachine.java:getEndPointTaskThreadPoolSize(237)) - Datanode State Machine Task Thread Pool size 2
2022-10-03 12:54:41,451 [Listener at 127.0.0.1/41991] INFO  volume.HddsVolume (HddsVolume.java:<init>(117)) - Creating HddsVolume: /home/runner/work/ozone/ozone/hadoop-ozone/integration-test/target/test-dir/MiniOzoneClusterImpl-da160868-f19b-48c1-b90c-c3b9b090623c/datanode-0/data-0/containers/hdds of storage type : DISK capacity : 9223372036854775807
2022-10-03 12:54:41,451 [Listener at 127.0.0.1/41991] INFO  volume.MutableVolumeSet (MutableVolumeSet.java:initializeVolumeSet(174)) - Added Volume : /home/runner/work/ozone/ozone/hadoop-ozone/integration-test/target/test-dir/MiniOzoneClusterImpl-da160868-f19b-48c1-b90c-c3b9b090623c/datanode-0/data-0/containers/hdds to VolumeSet
2022-10-03 12:54:41,452 [Listener at 127.0.0.1/41991] INFO  volume.ThrottledAsyncChecker (ThrottledAsyncChecker.java:schedule(141)) - Scheduling a check for /home/runner/work/ozone/ozone/hadoop-ozone/integration-test/target/test-dir/MiniOzoneClusterImpl-da160868-f19b-48c1-b90c-c3b9b090623c/datanode-0/data-0/containers/hdds
2022-10-03 12:54:41,460 [Listener at 127.0.0.1/41991] INFO  volume.StorageVolumeChecker (StorageVolumeChecker.java:checkAllVolumes(202)) - Scheduled health check for volume /home/runner/work/ozone/ozone/hadoop-ozone/integration-test/target/test-dir/MiniOzoneClusterImpl-da160868-f19b-48c1-b90c-c3b9b090623c/datanode-0/data-0/containers/hdds
2022-10-03 12:54:41,471 [Listener at 127.0.0.1/41991] INFO  volume.MutableVolumeSet (MutableVolumeSet.java:initializeVolumeSet(174)) - Added Volume : /home/runner/work/ozone/ozone/hadoop-ozone/integration-test/target/test-dir/MiniOzoneClusterImpl-da160868-f19b-48c1-b90c-c3b9b090623c/datanode-0/data/ratis to VolumeSet
2022-10-03 12:54:41,471 [Listener at 127.0.0.1/41991] INFO  volume.ThrottledAsyncChecker (ThrottledAsyncChecker.java:schedule(141)) - Scheduling a check for /home/runner/work/ozone/ozone/hadoop-ozone/integration-test/target/test-dir/MiniOzoneClusterImpl-da160868-f19b-48c1-b90c-c3b9b090623c/datanode-0/data/ratis
2022-10-03 12:54:41,481 [Listener at 127.0.0.1/41991] INFO  volume.StorageVolumeChecker (StorageVolumeChecker.java:checkAllVolumes(202)) - Scheduled health check for volume /home/runner/work/ozone/ozone/hadoop-ozone/integration-test/target/test-dir/MiniOzoneClusterImpl-da160868-f19b-48c1-b90c-c3b9b090623c/datanode-0/data/ratis
2022-10-03 12:54:41,492 [Thread-403] INFO  ozoneimpl.ContainerReader (ContainerReader.java:readVolume(175)) - Finish verifying containers on volume /home/runner/work/ozone/ozone/hadoop-ozone/integration-test/target/test-dir/MiniOzoneClusterImpl-da160868-f19b-48c1-b90c-c3b9b090623c/datanode-0/data-0/containers/hdds
2022-10-03 12:54:41,492 [Listener at 127.0.0.1/41991] INFO  ozoneimpl.OzoneContainer (OzoneContainer.java:buildContainerSet(300)) - Build ContainerSet costs 0s
2022-10-03 12:54:41,502 [Listener at 127.0.0.1/41991] INFO  server.RaftServer (ConfUtils.java:logGet(46)) - raft.rpc.type = GRPC (default)
2022-10-03 12:54:41,502 [Listener at 127.0.0.1/41991] INFO  grpc.GrpcFactory (GrpcFactory.java:checkPooledByteBufAllocatorUseCacheForAllThreads(48)) - PERFORMANCE WARNING: useCacheForAllThreads is true that may cause Netty to create a lot garbage objects and, as a result, trigger GC.
	It is recommended to disable useCacheForAllThreads by setting -Dorg.apache.ratis.thirdparty.io.netty.allocator.useCacheForAllThreads=false in command line.
2022-10-03 12:54:41,502 [Listener at 127.0.0.1/41991] INFO  grpc.GrpcConfigKeys (ConfUtils.java:logGet(46)) - raft.grpc.admin.port = 0 (custom)
2022-10-03 12:54:41,502 [Listener at 127.0.0.1/41991] INFO  grpc.GrpcConfigKeys (ConfUtils.java:logGet(46)) - raft.grpc.client.port = 0 (custom)
2022-10-03 12:54:41,502 [Listener at 127.0.0.1/41991] INFO  grpc.GrpcConfigKeys (ConfUtils.java:logGet(46)) - raft.grpc.server.port = 0 (default)
2022-10-03 12:54:41,503 [Listener at 127.0.0.1/41991] INFO  server.GrpcService (ConfUtils.java:logGet(46)) - raft.grpc.message.size.max = 32MB (=33554432) (custom)
2022-10-03 12:54:41,503 [Listener at 127.0.0.1/41991] INFO  server.RaftServerConfigKeys (ConfUtils.java:logGet(46)) - raft.server.log.appender.buffer.byte-limit = 33554432 (custom)
2022-10-03 12:54:41,503 [Listener at 127.0.0.1/41991] INFO  server.GrpcService (ConfUtils.java:logGet(46)) - raft.grpc.flow.control.window = 5MB (=5242880) (custom)
2022-10-03 12:54:41,503 [Listener at 127.0.0.1/41991] INFO  server.RaftServerConfigKeys (ConfUtils.java:logGet(46)) - raft.server.rpc.request.timeout = 60s (custom)
2022-10-03 12:54:41,503 [Listener at 127.0.0.1/41991] INFO  grpc.GrpcConfigKeys (ConfUtils.java:logGet(46)) - raft.grpc.server.async.request.thread.pool.cached = true (default)
2022-10-03 12:54:41,503 [Listener at 127.0.0.1/41991] INFO  grpc.GrpcConfigKeys (ConfUtils.java:logGet(46)) - raft.grpc.server.async.request.thread.pool.size = 32 (default)
2022-10-03 12:54:41,504 [Listener at 127.0.0.1/41991] INFO  impl.DataStreamServerImpl (ConfUtils.java:logGet(46)) - raft.datastream.type = DISABLED (default)
2022-10-03 12:54:41,504 [Listener at 127.0.0.1/41991] INFO  server.RaftServerConfigKeys (ConfUtils.java:logGet(46)) - raft.server.threadpool.proxy.cached = true (default)
2022-10-03 12:54:41,504 [Listener at 127.0.0.1/41991] INFO  server.RaftServerConfigKeys (ConfUtils.java:logGet(46)) - raft.server.threadpool.proxy.size = 0 (default)
2022-10-03 12:54:41,504 [Listener at 127.0.0.1/41991] INFO  server.RaftServerConfigKeys (ConfUtils.java:logGet(46)) - raft.server.rpc.slowness.timeout = 300s (custom)
2022-10-03 12:54:41,505 [Listener at 127.0.0.1/41991] INFO  server.RaftServerConfigKeys (ConfUtils.java:logGet(46)) - raft.server.leaderelection.leader.step-down.wait-time = 10s (default)
2022-10-03 12:54:41,505 [Listener at 127.0.0.1/41991] INFO  server.RaftServerConfigKeys (ConfUtils.java:logGet(46)) - raft.server.storage.dir = [/home/runner/work/ozone/ozone/hadoop-ozone/integration-test/target/test-dir/MiniOzoneClusterImpl-da160868-f19b-48c1-b90c-c3b9b090623c/datanode-0/data/ratis] (custom)
2022-10-03 12:54:41,509 [Listener at 127.0.0.1/41991] INFO  server.XceiverServerGrpc (XceiverServerGrpc.java:<init>(132)) - GrpcServer channel type EpollServerSocketChannel
2022-10-03 12:54:41,514 [Listener at 127.0.0.1/41991] INFO  http.BaseHttpServer (BaseHttpServer.java:newHttpServer2BuilderForOzone(213)) - Starting Web-server for hddsDatanode at: http://0.0.0.0:0
2022-10-03 12:54:41,514 [Listener at 127.0.0.1/41991] INFO  http.BaseHttpServer (BaseHttpServer.java:<init>(108)) - Hadoop Security Enabled: false Ozone Security Enabled: false Ozone HTTP Security Enabled: false 
2022-10-03 12:54:41,515 [Listener at 127.0.0.1/41991] INFO  server.AuthenticationFilter (AuthenticationFilter.java:constructSecretProvider(240)) - Unable to initialize FileSignerSecretProvider, falling back to use random secrets.
2022-10-03 12:54:41,516 [Listener at 127.0.0.1/41991] WARN  http.HttpRequestLog (HttpRequestLog.java:getRequestLog(103)) - Jetty request log can only be enabled using Log4j
2022-10-03 12:54:41,517 [Listener at 127.0.0.1/41991] INFO  http.HttpServer2 (HttpServer2.java:addGlobalFilter(1029)) - Added global filter 'safety' (class=org.apache.hadoop.hdds.server.http.HttpServer2$QuotingInputFilter)
2022-10-03 12:54:41,517 [Listener at 127.0.0.1/41991] INFO  http.HttpServer2 (HttpServer2.java:addFilter(1005)) - Added filter static_user_filter (class=org.apache.hadoop.http.lib.StaticUserWebFilter$StaticUserFilter) to context hddsDatanode
2022-10-03 12:54:41,518 [Listener at 127.0.0.1/41991] INFO  http.HttpServer2 (HttpServer2.java:addFilter(1013)) - Added filter static_user_filter (class=org.apache.hadoop.http.lib.StaticUserWebFilter$StaticUserFilter) to context logs
2022-10-03 12:54:41,518 [Listener at 127.0.0.1/41991] INFO  http.HttpServer2 (HttpServer2.java:addFilter(1013)) - Added filter static_user_filter (class=org.apache.hadoop.http.lib.StaticUserWebFilter$StaticUserFilter) to context static
2022-10-03 12:54:41,518 [Listener at 127.0.0.1/41991] INFO  http.HttpServer2 (HttpServer2.java:bindListener(1248)) - Jetty bound to port 39857
2022-10-03 12:54:41,518 [Listener at 127.0.0.1/41991] INFO  server.Server (Server.java:doStart(375)) - jetty-9.4.43.v20210629; built: 2021-06-30T11:07:22.254Z; git: 526006ecfa3af7f1a27ef3a288e2bef7ea9dd7e8; jvm 1.8.0_345-b01
2022-10-03 12:54:41,520 [Listener at 127.0.0.1/41991] INFO  server.session (DefaultSessionIdManager.java:doStart(334)) - DefaultSessionIdManager workerName=node0
2022-10-03 12:54:41,521 [Listener at 127.0.0.1/41991] INFO  server.session (DefaultSessionIdManager.java:doStart(339)) - No SessionScavenger set, using defaults
2022-10-03 12:54:41,521 [Listener at 127.0.0.1/41991] INFO  server.session (HouseKeeper.java:startScavenging(132)) - node0 Scavenging every 600000ms
2022-10-03 12:54:41,521 [Listener at 127.0.0.1/41991] INFO  handler.ContextHandler (ContextHandler.java:doStart(915)) - Started o.e.j.s.ServletContextHandler@77b84c33{logs,/logs,file:///home/runner/work/ozone/ozone/hadoop-ozone/integration-test/target/log,AVAILABLE}
2022-10-03 12:54:41,522 [Listener at 127.0.0.1/41991] INFO  handler.ContextHandler (ContextHandler.java:doStart(915)) - Started o.e.j.s.ServletContextHandler@35edd886{static,/static,jar:file:/home/runner/.m2/repository/org/apache/ozone/hdds-container-service/1.3.0-SNAPSHOT/hdds-container-service-1.3.0-SNAPSHOT.jar!/webapps/static,AVAILABLE}
2022-10-03 12:54:41,748 [Listener at 127.0.0.1/41991] INFO  handler.ContextHandler (ContextHandler.java:doStart(915)) - Started o.e.j.w.WebAppContext@5c3b4a9c{hddsDatanode,/,file:///tmp/jetty-0_0_0_0-39857-hdds-container-service-1_3_0-SNAPSHOT_jar-_-any-4727829069831920584/webapp/,AVAILABLE}{jar:file:/home/runner/.m2/repository/org/apache/ozone/hdds-container-service/1.3.0-SNAPSHOT/hdds-container-service-1.3.0-SNAPSHOT.jar!/webapps/hddsDatanode}
2022-10-03 12:54:41,749 [Listener at 127.0.0.1/41991] INFO  server.AbstractConnector (AbstractConnector.java:doStart(331)) - Started ServerConnector@72311210{HTTP/1.1, (http/1.1)}{0.0.0.0:39857}
2022-10-03 12:54:41,749 [Listener at 127.0.0.1/41991] INFO  server.Server (Server.java:doStart(415)) - Started @43762ms
2022-10-03 12:54:41,750 [Listener at 127.0.0.1/41991] WARN  impl.MetricsSystemImpl (MetricsSystemImpl.java:register(279)) - Sink prometheus already exists!
2022-10-03 12:54:41,750 [Listener at 127.0.0.1/41991] INFO  http.BaseHttpServer (BaseHttpServer.java:updateConnectorAddress(333)) - HTTP server of hddsDatanode listening at http://0.0.0.0:39857
2022-10-03 12:54:41,753 [Listener at 127.0.0.1/41991] WARN  impl.MetricRegistriesImpl (MetricRegistriesImpl.java:addReporterRegistration(111)) - New reporters are added after registries were created. Some metrics will be missing from the reporter. Please add reporter before adding any new registry.
2022-10-03 12:54:41,753 [Listener at 127.0.0.1/41991] WARN  impl.MetricRegistriesImpl (MetricRegistriesImpl.java:addReporterRegistration(111)) - New reporters are added after registries were created. Some metrics will be missing from the reporter. Please add reporter before adding any new registry.
2022-10-03 12:54:41,753 [Listener at 127.0.0.1/41991] INFO  impl.MetricsSystemImpl (MetricsSystemImpl.java:init(158)) - HddsDatanode metrics system started (again)
2022-10-03 12:54:41,769 [Datanode State Machine Daemon Thread] INFO  statemachine.DatanodeStateMachine (DatanodeStateMachine.java:lambda$startDaemon$0(492)) - Ozone container server started.
2022-10-03 12:54:41,783 [Listener at 127.0.0.1/41991] INFO  ozone.HddsDatanodeService (HddsDatanodeService.java:start(236)) - HddsDatanodeService host:fv-az443-503.ap2fcshprsnunfx25e1aelzb4b.cx.internal.cloudapp.net ip:10.1.0.147
2022-10-03 12:54:41,822 [Listener at 127.0.0.1/41991] INFO  upgrade.AbstractLayoutVersionManager (AbstractLayoutVersionManager.java:init(83)) - Initializing Layout version manager with metadata layout = DATANODE_SCHEMA_V3 (version = 4), software layout = DATANODE_SCHEMA_V3 (version = 4)
2022-10-03 12:54:41,830 [org.apache.hadoop.util.JvmPauseMonitor$Monitor@60d5a445] INFO  util.JvmPauseMonitor (JvmPauseMonitor.java:run(188)) - Starting JVM pause monitor
2022-10-03 12:54:41,838 [Datanode State Machine Task Thread - 0] INFO  datanode.InitDatanodeState (InitDatanodeState.java:persistContainerDatanodeDetails(138)) - DatanodeDetails is persisted to /home/runner/work/ozone/ozone/hadoop-ozone/integration-test/target/test-dir/MiniOzoneClusterImpl-da160868-f19b-48c1-b90c-c3b9b090623c/datanode-0/meta/datanode.id
2022-10-03 12:54:41,913 [Listener at 127.0.0.1/41991] INFO  reflections.Reflections (Reflections.java:scan(232)) - Reflections took 90 ms to scan 7 urls, producing 135 keys and 327 values 
2022-10-03 12:54:41,916 [Listener at 127.0.0.1/41991] INFO  statemachine.DatanodeStateMachine (DatanodeStateMachine.java:getEndPointTaskThreadPoolSize(237)) - Datanode State Machine Task Thread Pool size 2
2022-10-03 12:54:41,924 [Listener at 127.0.0.1/41991] INFO  volume.HddsVolume (HddsVolume.java:<init>(117)) - Creating HddsVolume: /home/runner/work/ozone/ozone/hadoop-ozone/integration-test/target/test-dir/MiniOzoneClusterImpl-da160868-f19b-48c1-b90c-c3b9b090623c/datanode-1/data-0/containers/hdds of storage type : DISK capacity : 9223372036854775807
2022-10-03 12:54:41,924 [Listener at 127.0.0.1/41991] INFO  volume.MutableVolumeSet (MutableVolumeSet.java:initializeVolumeSet(174)) - Added Volume : /home/runner/work/ozone/ozone/hadoop-ozone/integration-test/target/test-dir/MiniOzoneClusterImpl-da160868-f19b-48c1-b90c-c3b9b090623c/datanode-1/data-0/containers/hdds to VolumeSet
2022-10-03 12:54:41,924 [Listener at 127.0.0.1/41991] INFO  volume.ThrottledAsyncChecker (ThrottledAsyncChecker.java:schedule(141)) - Scheduling a check for /home/runner/work/ozone/ozone/hadoop-ozone/integration-test/target/test-dir/MiniOzoneClusterImpl-da160868-f19b-48c1-b90c-c3b9b090623c/datanode-1/data-0/containers/hdds
2022-10-03 12:54:41,945 [Listener at 127.0.0.1/41991] INFO  volume.StorageVolumeChecker (StorageVolumeChecker.java:checkAllVolumes(202)) - Scheduled health check for volume /home/runner/work/ozone/ozone/hadoop-ozone/integration-test/target/test-dir/MiniOzoneClusterImpl-da160868-f19b-48c1-b90c-c3b9b090623c/datanode-1/data-0/containers/hdds
2022-10-03 12:54:41,956 [Listener at 127.0.0.1/41991] INFO  volume.MutableVolumeSet (MutableVolumeSet.java:initializeVolumeSet(174)) - Added Volume : /home/runner/work/ozone/ozone/hadoop-ozone/integration-test/target/test-dir/MiniOzoneClusterImpl-da160868-f19b-48c1-b90c-c3b9b090623c/datanode-1/data/ratis to VolumeSet
2022-10-03 12:54:41,956 [Listener at 127.0.0.1/41991] INFO  volume.ThrottledAsyncChecker (ThrottledAsyncChecker.java:schedule(141)) - Scheduling a check for /home/runner/work/ozone/ozone/hadoop-ozone/integration-test/target/test-dir/MiniOzoneClusterImpl-da160868-f19b-48c1-b90c-c3b9b090623c/datanode-1/data/ratis
2022-10-03 12:54:41,957 [Listener at 127.0.0.1/41991] INFO  volume.StorageVolumeChecker (StorageVolumeChecker.java:checkAllVolumes(202)) - Scheduled health check for volume /home/runner/work/ozone/ozone/hadoop-ozone/integration-test/target/test-dir/MiniOzoneClusterImpl-da160868-f19b-48c1-b90c-c3b9b090623c/datanode-1/data/ratis
2022-10-03 12:54:41,985 [Thread-416] INFO  ozoneimpl.ContainerReader (ContainerReader.java:readVolume(175)) - Finish verifying containers on volume /home/runner/work/ozone/ozone/hadoop-ozone/integration-test/target/test-dir/MiniOzoneClusterImpl-da160868-f19b-48c1-b90c-c3b9b090623c/datanode-1/data-0/containers/hdds
2022-10-03 12:54:41,985 [Listener at 127.0.0.1/41991] INFO  ozoneimpl.OzoneContainer (OzoneContainer.java:buildContainerSet(300)) - Build ContainerSet costs 0s
2022-10-03 12:54:41,993 [Listener at 127.0.0.1/41991] INFO  server.RaftServer (ConfUtils.java:logGet(46)) - raft.rpc.type = GRPC (default)
2022-10-03 12:54:41,993 [Listener at 127.0.0.1/41991] INFO  grpc.GrpcFactory (GrpcFactory.java:checkPooledByteBufAllocatorUseCacheForAllThreads(48)) - PERFORMANCE WARNING: useCacheForAllThreads is true that may cause Netty to create a lot garbage objects and, as a result, trigger GC.
	It is recommended to disable useCacheForAllThreads by setting -Dorg.apache.ratis.thirdparty.io.netty.allocator.useCacheForAllThreads=false in command line.
2022-10-03 12:54:41,994 [Listener at 127.0.0.1/41991] INFO  grpc.GrpcConfigKeys (ConfUtils.java:logGet(46)) - raft.grpc.admin.port = 0 (custom)
2022-10-03 12:54:41,994 [Listener at 127.0.0.1/41991] INFO  grpc.GrpcConfigKeys (ConfUtils.java:logGet(46)) - raft.grpc.client.port = 0 (custom)
2022-10-03 12:54:41,994 [Listener at 127.0.0.1/41991] INFO  grpc.GrpcConfigKeys (ConfUtils.java:logGet(46)) - raft.grpc.server.port = 0 (default)
2022-10-03 12:54:41,994 [Listener at 127.0.0.1/41991] INFO  server.GrpcService (ConfUtils.java:logGet(46)) - raft.grpc.message.size.max = 32MB (=33554432) (custom)
2022-10-03 12:54:41,994 [Listener at 127.0.0.1/41991] INFO  server.RaftServerConfigKeys (ConfUtils.java:logGet(46)) - raft.server.log.appender.buffer.byte-limit = 33554432 (custom)
2022-10-03 12:54:41,994 [Listener at 127.0.0.1/41991] INFO  server.GrpcService (ConfUtils.java:logGet(46)) - raft.grpc.flow.control.window = 5MB (=5242880) (custom)
2022-10-03 12:54:41,994 [Listener at 127.0.0.1/41991] INFO  server.RaftServerConfigKeys (ConfUtils.java:logGet(46)) - raft.server.rpc.request.timeout = 60s (custom)
2022-10-03 12:54:41,994 [Listener at 127.0.0.1/41991] INFO  grpc.GrpcConfigKeys (ConfUtils.java:logGet(46)) - raft.grpc.server.async.request.thread.pool.cached = true (default)
2022-10-03 12:54:41,994 [Listener at 127.0.0.1/41991] INFO  grpc.GrpcConfigKeys (ConfUtils.java:logGet(46)) - raft.grpc.server.async.request.thread.pool.size = 32 (default)
2022-10-03 12:54:41,995 [Listener at 127.0.0.1/41991] INFO  impl.DataStreamServerImpl (ConfUtils.java:logGet(46)) - raft.datastream.type = DISABLED (default)
2022-10-03 12:54:41,996 [Listener at 127.0.0.1/41991] INFO  server.RaftServerConfigKeys (ConfUtils.java:logGet(46)) - raft.server.threadpool.proxy.cached = true (default)
2022-10-03 12:54:41,996 [Listener at 127.0.0.1/41991] INFO  server.RaftServerConfigKeys (ConfUtils.java:logGet(46)) - raft.server.threadpool.proxy.size = 0 (default)
2022-10-03 12:54:41,996 [Listener at 127.0.0.1/41991] INFO  server.RaftServerConfigKeys (ConfUtils.java:logGet(46)) - raft.server.rpc.slowness.timeout = 300s (custom)
2022-10-03 12:54:41,996 [Listener at 127.0.0.1/41991] INFO  server.RaftServerConfigKeys (ConfUtils.java:logGet(46)) - raft.server.leaderelection.leader.step-down.wait-time = 10s (default)
2022-10-03 12:54:41,996 [Listener at 127.0.0.1/41991] INFO  server.RaftServerConfigKeys (ConfUtils.java:logGet(46)) - raft.server.storage.dir = [/home/runner/work/ozone/ozone/hadoop-ozone/integration-test/target/test-dir/MiniOzoneClusterImpl-da160868-f19b-48c1-b90c-c3b9b090623c/datanode-1/data/ratis] (custom)
2022-10-03 12:54:42,000 [Listener at 127.0.0.1/41991] INFO  server.XceiverServerGrpc (XceiverServerGrpc.java:<init>(132)) - GrpcServer channel type EpollServerSocketChannel
2022-10-03 12:54:42,006 [Listener at 127.0.0.1/41991] INFO  http.BaseHttpServer (BaseHttpServer.java:newHttpServer2BuilderForOzone(213)) - Starting Web-server for hddsDatanode at: http://0.0.0.0:0
2022-10-03 12:54:42,006 [Listener at 127.0.0.1/41991] INFO  http.BaseHttpServer (BaseHttpServer.java:<init>(108)) - Hadoop Security Enabled: false Ozone Security Enabled: false Ozone HTTP Security Enabled: false 
2022-10-03 12:54:42,007 [Listener at 127.0.0.1/41991] INFO  server.AuthenticationFilter (AuthenticationFilter.java:constructSecretProvider(240)) - Unable to initialize FileSignerSecretProvider, falling back to use random secrets.
2022-10-03 12:54:42,009 [Listener at 127.0.0.1/41991] WARN  http.HttpRequestLog (HttpRequestLog.java:getRequestLog(103)) - Jetty request log can only be enabled using Log4j
2022-10-03 12:54:42,010 [Listener at 127.0.0.1/41991] INFO  http.HttpServer2 (HttpServer2.java:addGlobalFilter(1029)) - Added global filter 'safety' (class=org.apache.hadoop.hdds.server.http.HttpServer2$QuotingInputFilter)
2022-10-03 12:54:42,013 [Listener at 127.0.0.1/41991] INFO  http.HttpServer2 (HttpServer2.java:addFilter(1005)) - Added filter static_user_filter (class=org.apache.hadoop.http.lib.StaticUserWebFilter$StaticUserFilter) to context hddsDatanode
2022-10-03 12:54:42,013 [Listener at 127.0.0.1/41991] INFO  http.HttpServer2 (HttpServer2.java:addFilter(1013)) - Added filter static_user_filter (class=org.apache.hadoop.http.lib.StaticUserWebFilter$StaticUserFilter) to context logs
2022-10-03 12:54:42,013 [Listener at 127.0.0.1/41991] INFO  http.HttpServer2 (HttpServer2.java:addFilter(1013)) - Added filter static_user_filter (class=org.apache.hadoop.http.lib.StaticUserWebFilter$StaticUserFilter) to context static
2022-10-03 12:54:42,014 [Listener at 127.0.0.1/41991] INFO  http.HttpServer2 (HttpServer2.java:bindListener(1248)) - Jetty bound to port 33959
2022-10-03 12:54:42,014 [Listener at 127.0.0.1/41991] INFO  server.Server (Server.java:doStart(375)) - jetty-9.4.43.v20210629; built: 2021-06-30T11:07:22.254Z; git: 526006ecfa3af7f1a27ef3a288e2bef7ea9dd7e8; jvm 1.8.0_345-b01
2022-10-03 12:54:42,016 [Listener at 127.0.0.1/41991] INFO  server.session (DefaultSessionIdManager.java:doStart(334)) - DefaultSessionIdManager workerName=node0
2022-10-03 12:54:42,016 [Listener at 127.0.0.1/41991] INFO  server.session (DefaultSessionIdManager.java:doStart(339)) - No SessionScavenger set, using defaults
2022-10-03 12:54:42,016 [Listener at 127.0.0.1/41991] INFO  server.session (HouseKeeper.java:startScavenging(132)) - node0 Scavenging every 660000ms
2022-10-03 12:54:42,035 [Listener at 127.0.0.1/41991] INFO  handler.ContextHandler (ContextHandler.java:doStart(915)) - Started o.e.j.s.ServletContextHandler@ed5cad2{logs,/logs,file:///home/runner/work/ozone/ozone/hadoop-ozone/integration-test/target/log,AVAILABLE}
2022-10-03 12:54:42,035 [Listener at 127.0.0.1/41991] INFO  handler.ContextHandler (ContextHandler.java:doStart(915)) - Started o.e.j.s.ServletContextHandler@1a36b1a{static,/static,jar:file:/home/runner/.m2/repository/org/apache/ozone/hdds-container-service/1.3.0-SNAPSHOT/hdds-container-service-1.3.0-SNAPSHOT.jar!/webapps/static,AVAILABLE}
2022-10-03 12:54:42,238 [om1@group-C5BA1605619E-FollowerState] INFO  impl.FollowerState (FollowerState.java:run(143)) - om1@group-C5BA1605619E-FollowerState: change to CANDIDATE, lastRpcElapsedTime:1122463919ns, electionTimeout:1113ms
2022-10-03 12:54:42,238 [om1@group-C5BA1605619E-FollowerState] INFO  impl.RoleInfo (RoleInfo.java:shutdownFollowerState(110)) - om1: shutdown om1@group-C5BA1605619E-FollowerState
2022-10-03 12:54:42,239 [om1@group-C5BA1605619E-FollowerState] INFO  server.RaftServer$Division (RaftServerImpl.java:setRole(299)) - om1@group-C5BA1605619E: changes role from  FOLLOWER to CANDIDATE at term 0 for changeToCandidate
2022-10-03 12:54:42,239 [om1@group-C5BA1605619E-FollowerState] INFO  server.RaftServerConfigKeys (ConfUtils.java:logGet(46)) - raft.server.leaderelection.pre-vote = false (custom)
2022-10-03 12:54:42,239 [om1@group-C5BA1605619E-FollowerState] INFO  impl.RoleInfo (RoleInfo.java:updateAndGet(139)) - om1: start om1@group-C5BA1605619E-LeaderElection11
2022-10-03 12:54:42,259 [om1@group-C5BA1605619E-LeaderElection11] INFO  impl.LeaderElection (LeaderElection.java:askForVotes(310)) - om1@group-C5BA1605619E-LeaderElection11 ELECTION round 0: submit vote requests at term 1 for -1: [om1|rpc:localhost:9872|priority:0], old=null
2022-10-03 12:54:42,259 [om1@group-C5BA1605619E-LeaderElection11] INFO  impl.LeaderElection (LeaderElection.java:askForVotes(312)) - om1@group-C5BA1605619E-LeaderElection11 ELECTION round 0: result PASSED (term=1)
2022-10-03 12:54:42,259 [om1@group-C5BA1605619E-LeaderElection11] INFO  impl.RoleInfo (RoleInfo.java:shutdownLeaderElection(130)) - om1: shutdown om1@group-C5BA1605619E-LeaderElection11
2022-10-03 12:54:42,259 [om1@group-C5BA1605619E-LeaderElection11] INFO  server.RaftServer$Division (RaftServerImpl.java:setRole(299)) - om1@group-C5BA1605619E: changes role from CANDIDATE to LEADER at term 1 for changeToLeader
2022-10-03 12:54:42,259 [om1@group-C5BA1605619E-LeaderElection11] INFO  server.RaftServer$Division (ServerState.java:setLeader(287)) - om1@group-C5BA1605619E: change Leader from null to om1 at term 1 for becomeLeader, leader elected after 2001ms
2022-10-03 12:54:42,259 [om1@group-C5BA1605619E-LeaderElection11] INFO  server.RaftServerConfigKeys (ConfUtils.java:logGet(46)) - raft.server.staging.catchup.gap = 1000 (default)
2022-10-03 12:54:42,260 [om1@group-C5BA1605619E-LeaderElection11] INFO  server.RaftServerConfigKeys (ConfUtils.java:logGet(46)) - raft.server.write.element-limit = 4096 (default)
2022-10-03 12:54:42,260 [om1@group-C5BA1605619E-LeaderElection11] INFO  server.RaftServerConfigKeys (ConfUtils.java:logGet(46)) - raft.server.write.byte-limit = 64MB (=67108864) (default)
2022-10-03 12:54:42,260 [om1@group-C5BA1605619E-LeaderElection11] INFO  server.RaftServerConfigKeys (ConfUtils.java:logGet(46)) - raft.server.watch.timeout = 10s (default)
2022-10-03 12:54:42,260 [om1@group-C5BA1605619E-LeaderElection11] INFO  server.RaftServerConfigKeys (ConfUtils.java:logGet(46)) - raft.server.watch.timeout.denomination = 1s (default)
2022-10-03 12:54:42,260 [om1@group-C5BA1605619E-LeaderElection11] INFO  server.RaftServerConfigKeys (ConfUtils.java:logGet(46)) - raft.server.watch.element-limit = 65536 (default)
2022-10-03 12:54:42,260 [om1@group-C5BA1605619E-LeaderElection11] INFO  server.RaftServerConfigKeys (ConfUtils.java:logGet(46)) - raft.server.write.element-limit = 4096 (default)
2022-10-03 12:54:42,260 [om1@group-C5BA1605619E-LeaderElection11] INFO  server.RaftServerConfigKeys (ConfUtils.java:logGet(46)) - raft.server.write.follower.gap.ratio.max = -1.0 (default)
2022-10-03 12:54:42,260 [om1@group-C5BA1605619E-LeaderElection11] INFO  impl.RoleInfo (RoleInfo.java:updateAndGet(139)) - om1: start om1@group-C5BA1605619E-LeaderStateImpl
2022-10-03 12:54:42,260 [om1@group-C5BA1605619E-LeaderElection11] INFO  segmented.SegmentedRaftLogWorker (SegmentedRaftLogWorker.java:startLogSegment(425)) - om1@group-C5BA1605619E-SegmentedRaftLogWorker: Starting segment from index:0
2022-10-03 12:54:42,269 [om1@group-C5BA1605619E-LeaderElection11] INFO  server.RaftServer$Division (ServerState.java:setRaftConf(393)) - om1@group-C5BA1605619E: set configuration 0: [om1|rpc:localhost:9872|admin:|client:|dataStream:|priority:0], old=null
2022-10-03 12:54:42,269 [om1@group-C5BA1605619E-SegmentedRaftLogWorker] INFO  segmented.SegmentedRaftLogWorker (SegmentedRaftLogWorker.java:execute(629)) - om1@group-C5BA1605619E-SegmentedRaftLogWorker: created new log segment /home/runner/work/ozone/ozone/hadoop-ozone/integration-test/target/test-dir/MiniOzoneClusterImpl-da160868-f19b-48c1-b90c-c3b9b090623c/ozone-meta/ratis/bf265839-605b-3f16-9796-c5ba1605619e/current/log_inprogress_0
2022-10-03 12:54:42,293 [om1@group-C5BA1605619E-StateMachineUpdater] INFO  ratis.OzoneManagerStateMachine (OzoneManagerStateMachine.java:notifyConfigurationChanged(192)) - Received Configuration change notification from Ratis. New Peer list:
[id: "om1"
address: "localhost:9872"
]
2022-10-03 12:54:42,418 [Listener at 127.0.0.1/41991] INFO  handler.ContextHandler (ContextHandler.java:doStart(915)) - Started o.e.j.w.WebAppContext@57b7287c{hddsDatanode,/,file:///tmp/jetty-0_0_0_0-33959-hdds-container-service-1_3_0-SNAPSHOT_jar-_-any-1184877267541919678/webapp/,AVAILABLE}{jar:file:/home/runner/.m2/repository/org/apache/ozone/hdds-container-service/1.3.0-SNAPSHOT/hdds-container-service-1.3.0-SNAPSHOT.jar!/webapps/hddsDatanode}
2022-10-03 12:54:42,419 [Listener at 127.0.0.1/41991] INFO  server.AbstractConnector (AbstractConnector.java:doStart(331)) - Started ServerConnector@264700ed{HTTP/1.1, (http/1.1)}{0.0.0.0:33959}
2022-10-03 12:54:42,419 [Listener at 127.0.0.1/41991] INFO  server.Server (Server.java:doStart(415)) - Started @44431ms
2022-10-03 12:54:42,419 [Listener at 127.0.0.1/41991] WARN  impl.MetricsSystemImpl (MetricsSystemImpl.java:register(279)) - Sink prometheus already exists!
2022-10-03 12:54:42,420 [Listener at 127.0.0.1/41991] INFO  http.BaseHttpServer (BaseHttpServer.java:updateConnectorAddress(333)) - HTTP server of hddsDatanode listening at http://0.0.0.0:33959
2022-10-03 12:54:42,429 [Listener at 127.0.0.1/41991] WARN  impl.MetricRegistriesImpl (MetricRegistriesImpl.java:addReporterRegistration(111)) - New reporters are added after registries were created. Some metrics will be missing from the reporter. Please add reporter before adding any new registry.
2022-10-03 12:54:42,429 [Listener at 127.0.0.1/41991] WARN  impl.MetricRegistriesImpl (MetricRegistriesImpl.java:addReporterRegistration(111)) - New reporters are added after registries were created. Some metrics will be missing from the reporter. Please add reporter before adding any new registry.
2022-10-03 12:54:42,429 [Listener at 127.0.0.1/41991] INFO  impl.MetricsSystemImpl (MetricsSystemImpl.java:init(158)) - HddsDatanode metrics system started (again)
2022-10-03 12:54:42,438 [Datanode State Machine Daemon Thread] INFO  statemachine.DatanodeStateMachine (DatanodeStateMachine.java:lambda$startDaemon$0(492)) - Ozone container server started.
2022-10-03 12:54:42,448 [Listener at 127.0.0.1/41991] INFO  ozone.HddsDatanodeService (HddsDatanodeService.java:start(236)) - HddsDatanodeService host:fv-az443-503.ap2fcshprsnunfx25e1aelzb4b.cx.internal.cloudapp.net ip:10.1.0.147
2022-10-03 12:54:42,449 [org.apache.hadoop.util.JvmPauseMonitor$Monitor@2e41a9a4] INFO  util.JvmPauseMonitor (JvmPauseMonitor.java:run(188)) - Starting JVM pause monitor
2022-10-03 12:54:42,466 [Datanode State Machine Task Thread - 0] INFO  datanode.InitDatanodeState (InitDatanodeState.java:persistContainerDatanodeDetails(138)) - DatanodeDetails is persisted to /home/runner/work/ozone/ozone/hadoop-ozone/integration-test/target/test-dir/MiniOzoneClusterImpl-da160868-f19b-48c1-b90c-c3b9b090623c/datanode-1/meta/datanode.id
2022-10-03 12:54:42,483 [Listener at 127.0.0.1/41991] INFO  upgrade.AbstractLayoutVersionManager (AbstractLayoutVersionManager.java:init(83)) - Initializing Layout version manager with metadata layout = DATANODE_SCHEMA_V3 (version = 4), software layout = DATANODE_SCHEMA_V3 (version = 4)
2022-10-03 12:54:42,598 [Listener at 127.0.0.1/41991] INFO  reflections.Reflections (Reflections.java:scan(232)) - Reflections took 112 ms to scan 7 urls, producing 135 keys and 327 values 
2022-10-03 12:54:42,601 [Listener at 127.0.0.1/41991] INFO  statemachine.DatanodeStateMachine (DatanodeStateMachine.java:getEndPointTaskThreadPoolSize(237)) - Datanode State Machine Task Thread Pool size 2
2022-10-03 12:54:42,622 [Listener at 127.0.0.1/41991] INFO  volume.HddsVolume (HddsVolume.java:<init>(117)) - Creating HddsVolume: /home/runner/work/ozone/ozone/hadoop-ozone/integration-test/target/test-dir/MiniOzoneClusterImpl-da160868-f19b-48c1-b90c-c3b9b090623c/datanode-2/data-0/containers/hdds of storage type : DISK capacity : 9223372036854775807
2022-10-03 12:54:42,622 [Listener at 127.0.0.1/41991] INFO  volume.MutableVolumeSet (MutableVolumeSet.java:initializeVolumeSet(174)) - Added Volume : /home/runner/work/ozone/ozone/hadoop-ozone/integration-test/target/test-dir/MiniOzoneClusterImpl-da160868-f19b-48c1-b90c-c3b9b090623c/datanode-2/data-0/containers/hdds to VolumeSet
2022-10-03 12:54:42,622 [Listener at 127.0.0.1/41991] INFO  volume.ThrottledAsyncChecker (ThrottledAsyncChecker.java:schedule(141)) - Scheduling a check for /home/runner/work/ozone/ozone/hadoop-ozone/integration-test/target/test-dir/MiniOzoneClusterImpl-da160868-f19b-48c1-b90c-c3b9b090623c/datanode-2/data-0/containers/hdds
2022-10-03 12:54:42,636 [Listener at 127.0.0.1/41991] INFO  volume.StorageVolumeChecker (StorageVolumeChecker.java:checkAllVolumes(202)) - Scheduled health check for volume /home/runner/work/ozone/ozone/hadoop-ozone/integration-test/target/test-dir/MiniOzoneClusterImpl-da160868-f19b-48c1-b90c-c3b9b090623c/datanode-2/data-0/containers/hdds
2022-10-03 12:54:42,647 [Listener at 127.0.0.1/41991] INFO  volume.MutableVolumeSet (MutableVolumeSet.java:initializeVolumeSet(174)) - Added Volume : /home/runner/work/ozone/ozone/hadoop-ozone/integration-test/target/test-dir/MiniOzoneClusterImpl-da160868-f19b-48c1-b90c-c3b9b090623c/datanode-2/data/ratis to VolumeSet
2022-10-03 12:54:42,648 [Listener at 127.0.0.1/41991] INFO  volume.ThrottledAsyncChecker (ThrottledAsyncChecker.java:schedule(141)) - Scheduling a check for /home/runner/work/ozone/ozone/hadoop-ozone/integration-test/target/test-dir/MiniOzoneClusterImpl-da160868-f19b-48c1-b90c-c3b9b090623c/datanode-2/data/ratis
2022-10-03 12:54:42,648 [Listener at 127.0.0.1/41991] INFO  volume.StorageVolumeChecker (StorageVolumeChecker.java:checkAllVolumes(202)) - Scheduled health check for volume /home/runner/work/ozone/ozone/hadoop-ozone/integration-test/target/test-dir/MiniOzoneClusterImpl-da160868-f19b-48c1-b90c-c3b9b090623c/datanode-2/data/ratis
2022-10-03 12:54:42,694 [Thread-431] INFO  ozoneimpl.ContainerReader (ContainerReader.java:readVolume(175)) - Finish verifying containers on volume /home/runner/work/ozone/ozone/hadoop-ozone/integration-test/target/test-dir/MiniOzoneClusterImpl-da160868-f19b-48c1-b90c-c3b9b090623c/datanode-2/data-0/containers/hdds
2022-10-03 12:54:42,694 [Listener at 127.0.0.1/41991] INFO  ozoneimpl.OzoneContainer (OzoneContainer.java:buildContainerSet(300)) - Build ContainerSet costs 0s
2022-10-03 12:54:42,696 [Listener at 127.0.0.1/41991] INFO  server.RaftServer (ConfUtils.java:logGet(46)) - raft.rpc.type = GRPC (default)
2022-10-03 12:54:42,697 [Listener at 127.0.0.1/41991] INFO  grpc.GrpcFactory (GrpcFactory.java:checkPooledByteBufAllocatorUseCacheForAllThreads(48)) - PERFORMANCE WARNING: useCacheForAllThreads is true that may cause Netty to create a lot garbage objects and, as a result, trigger GC.
	It is recommended to disable useCacheForAllThreads by setting -Dorg.apache.ratis.thirdparty.io.netty.allocator.useCacheForAllThreads=false in command line.
2022-10-03 12:54:42,697 [Listener at 127.0.0.1/41991] INFO  grpc.GrpcConfigKeys (ConfUtils.java:logGet(46)) - raft.grpc.admin.port = 0 (custom)
2022-10-03 12:54:42,697 [Listener at 127.0.0.1/41991] INFO  grpc.GrpcConfigKeys (ConfUtils.java:logGet(46)) - raft.grpc.client.port = 0 (custom)
2022-10-03 12:54:42,697 [Listener at 127.0.0.1/41991] INFO  grpc.GrpcConfigKeys (ConfUtils.java:logGet(46)) - raft.grpc.server.port = 0 (default)
2022-10-03 12:54:42,698 [Listener at 127.0.0.1/41991] INFO  server.GrpcService (ConfUtils.java:logGet(46)) - raft.grpc.message.size.max = 32MB (=33554432) (custom)
2022-10-03 12:54:42,698 [Listener at 127.0.0.1/41991] INFO  server.RaftServerConfigKeys (ConfUtils.java:logGet(46)) - raft.server.log.appender.buffer.byte-limit = 33554432 (custom)
2022-10-03 12:54:42,698 [Listener at 127.0.0.1/41991] INFO  server.GrpcService (ConfUtils.java:logGet(46)) - raft.grpc.flow.control.window = 5MB (=5242880) (custom)
2022-10-03 12:54:42,698 [Listener at 127.0.0.1/41991] INFO  server.RaftServerConfigKeys (ConfUtils.java:logGet(46)) - raft.server.rpc.request.timeout = 60s (custom)
2022-10-03 12:54:42,698 [Listener at 127.0.0.1/41991] INFO  grpc.GrpcConfigKeys (ConfUtils.java:logGet(46)) - raft.grpc.server.async.request.thread.pool.cached = true (default)
2022-10-03 12:54:42,698 [Listener at 127.0.0.1/41991] INFO  grpc.GrpcConfigKeys (ConfUtils.java:logGet(46)) - raft.grpc.server.async.request.thread.pool.size = 32 (default)
2022-10-03 12:54:42,699 [Listener at 127.0.0.1/41991] INFO  impl.DataStreamServerImpl (ConfUtils.java:logGet(46)) - raft.datastream.type = DISABLED (default)
2022-10-03 12:54:42,699 [Listener at 127.0.0.1/41991] INFO  server.RaftServerConfigKeys (ConfUtils.java:logGet(46)) - raft.server.threadpool.proxy.cached = true (default)
2022-10-03 12:54:42,699 [Listener at 127.0.0.1/41991] INFO  server.RaftServerConfigKeys (ConfUtils.java:logGet(46)) - raft.server.threadpool.proxy.size = 0 (default)
2022-10-03 12:54:42,699 [Listener at 127.0.0.1/41991] INFO  server.RaftServerConfigKeys (ConfUtils.java:logGet(46)) - raft.server.rpc.slowness.timeout = 300s (custom)
2022-10-03 12:54:42,700 [Listener at 127.0.0.1/41991] INFO  server.RaftServerConfigKeys (ConfUtils.java:logGet(46)) - raft.server.leaderelection.leader.step-down.wait-time = 10s (default)
2022-10-03 12:54:42,700 [Listener at 127.0.0.1/41991] INFO  server.RaftServerConfigKeys (ConfUtils.java:logGet(46)) - raft.server.storage.dir = [/home/runner/work/ozone/ozone/hadoop-ozone/integration-test/target/test-dir/MiniOzoneClusterImpl-da160868-f19b-48c1-b90c-c3b9b090623c/datanode-2/data/ratis] (custom)
2022-10-03 12:54:42,722 [Listener at 127.0.0.1/41991] INFO  server.XceiverServerGrpc (XceiverServerGrpc.java:<init>(132)) - GrpcServer channel type EpollServerSocketChannel
2022-10-03 12:54:42,730 [Listener at 127.0.0.1/41991] INFO  http.BaseHttpServer (BaseHttpServer.java:newHttpServer2BuilderForOzone(213)) - Starting Web-server for hddsDatanode at: http://0.0.0.0:0
2022-10-03 12:54:42,730 [Listener at 127.0.0.1/41991] INFO  http.BaseHttpServer (BaseHttpServer.java:<init>(108)) - Hadoop Security Enabled: false Ozone Security Enabled: false Ozone HTTP Security Enabled: false 
2022-10-03 12:54:42,731 [Listener at 127.0.0.1/41991] INFO  server.AuthenticationFilter (AuthenticationFilter.java:constructSecretProvider(240)) - Unable to initialize FileSignerSecretProvider, falling back to use random secrets.
2022-10-03 12:54:42,745 [Listener at 127.0.0.1/41991] WARN  http.HttpRequestLog (HttpRequestLog.java:getRequestLog(103)) - Jetty request log can only be enabled using Log4j
2022-10-03 12:54:42,747 [Listener at 127.0.0.1/41991] INFO  http.HttpServer2 (HttpServer2.java:addGlobalFilter(1029)) - Added global filter 'safety' (class=org.apache.hadoop.hdds.server.http.HttpServer2$QuotingInputFilter)
2022-10-03 12:54:42,747 [Listener at 127.0.0.1/41991] INFO  http.HttpServer2 (HttpServer2.java:addFilter(1005)) - Added filter static_user_filter (class=org.apache.hadoop.http.lib.StaticUserWebFilter$StaticUserFilter) to context hddsDatanode
2022-10-03 12:54:42,748 [Listener at 127.0.0.1/41991] INFO  http.HttpServer2 (HttpServer2.java:addFilter(1013)) - Added filter static_user_filter (class=org.apache.hadoop.http.lib.StaticUserWebFilter$StaticUserFilter) to context logs
2022-10-03 12:54:42,748 [Listener at 127.0.0.1/41991] INFO  http.HttpServer2 (HttpServer2.java:addFilter(1013)) - Added filter static_user_filter (class=org.apache.hadoop.http.lib.StaticUserWebFilter$StaticUserFilter) to context static
2022-10-03 12:54:42,748 [Listener at 127.0.0.1/41991] INFO  http.HttpServer2 (HttpServer2.java:bindListener(1248)) - Jetty bound to port 35385
2022-10-03 12:54:42,748 [Listener at 127.0.0.1/41991] INFO  server.Server (Server.java:doStart(375)) - jetty-9.4.43.v20210629; built: 2021-06-30T11:07:22.254Z; git: 526006ecfa3af7f1a27ef3a288e2bef7ea9dd7e8; jvm 1.8.0_345-b01
2022-10-03 12:54:42,809 [Listener at 127.0.0.1/41991] INFO  server.session (DefaultSessionIdManager.java:doStart(334)) - DefaultSessionIdManager workerName=node0
2022-10-03 12:54:42,810 [Listener at 127.0.0.1/41991] INFO  server.session (DefaultSessionIdManager.java:doStart(339)) - No SessionScavenger set, using defaults
2022-10-03 12:54:42,810 [Listener at 127.0.0.1/41991] INFO  server.session (HouseKeeper.java:startScavenging(132)) - node0 Scavenging every 660000ms
2022-10-03 12:54:42,825 [Listener at 127.0.0.1/41991] INFO  handler.ContextHandler (ContextHandler.java:doStart(915)) - Started o.e.j.s.ServletContextHandler@4e690bc9{logs,/logs,file:///home/runner/work/ozone/ozone/hadoop-ozone/integration-test/target/log,AVAILABLE}
2022-10-03 12:54:42,826 [Listener at 127.0.0.1/41991] INFO  handler.ContextHandler (ContextHandler.java:doStart(915)) - Started o.e.j.s.ServletContextHandler@3ebaecc4{static,/static,jar:file:/home/runner/.m2/repository/org/apache/ozone/hdds-container-service/1.3.0-SNAPSHOT/hdds-container-service-1.3.0-SNAPSHOT.jar!/webapps/static,AVAILABLE}
2022-10-03 12:54:43,203 [Listener at 127.0.0.1/41991] INFO  handler.ContextHandler (ContextHandler.java:doStart(915)) - Started o.e.j.w.WebAppContext@49f7bb6f{hddsDatanode,/,file:///tmp/jetty-0_0_0_0-35385-hdds-container-service-1_3_0-SNAPSHOT_jar-_-any-2279404864699220726/webapp/,AVAILABLE}{jar:file:/home/runner/.m2/repository/org/apache/ozone/hdds-container-service/1.3.0-SNAPSHOT/hdds-container-service-1.3.0-SNAPSHOT.jar!/webapps/hddsDatanode}
2022-10-03 12:54:43,213 [Listener at 127.0.0.1/41991] INFO  server.AbstractConnector (AbstractConnector.java:doStart(331)) - Started ServerConnector@307d7622{HTTP/1.1, (http/1.1)}{0.0.0.0:35385}
2022-10-03 12:54:43,213 [Listener at 127.0.0.1/41991] INFO  server.Server (Server.java:doStart(415)) - Started @45226ms
2022-10-03 12:54:43,214 [Listener at 127.0.0.1/41991] WARN  impl.MetricsSystemImpl (MetricsSystemImpl.java:register(279)) - Sink prometheus already exists!
2022-10-03 12:54:43,214 [Listener at 127.0.0.1/41991] INFO  http.BaseHttpServer (BaseHttpServer.java:updateConnectorAddress(333)) - HTTP server of hddsDatanode listening at http://0.0.0.0:35385
2022-10-03 12:54:43,215 [Listener at 127.0.0.1/41991] INFO  ozone.MiniOzoneClusterImpl (MiniOzoneClusterImpl.java:lambda$waitForClusterToBeReady$0(216)) - Waiting for nodes to be ready. Got 0 of 3 DN Heartbeats.
2022-10-03 12:54:43,215 [Listener at 127.0.0.1/41991] INFO  ozone.MiniOzoneClusterImpl (MiniOzoneClusterImpl.java:lambda$waitForClusterToBeReady$0(219)) - Waiting for cluster to exit safe mode
2022-10-03 12:54:43,215 [Listener at 127.0.0.1/41991] INFO  ozone.MiniOzoneClusterImpl (MiniOzoneClusterImpl.java:lambda$waitForClusterToBeReady$0(221)) - SCM became leader
2022-10-03 12:54:43,215 [Datanode State Machine Daemon Thread] INFO  statemachine.DatanodeStateMachine (DatanodeStateMachine.java:lambda$startDaemon$0(492)) - Ozone container server started.
2022-10-03 12:54:43,238 [org.apache.hadoop.util.JvmPauseMonitor$Monitor@25f92c51] INFO  util.JvmPauseMonitor (JvmPauseMonitor.java:run(188)) - Starting JVM pause monitor
2022-10-03 12:54:43,241 [Datanode State Machine Task Thread - 0] INFO  datanode.InitDatanodeState (InitDatanodeState.java:persistContainerDatanodeDetails(138)) - DatanodeDetails is persisted to /home/runner/work/ozone/ozone/hadoop-ozone/integration-test/target/test-dir/MiniOzoneClusterImpl-da160868-f19b-48c1-b90c-c3b9b090623c/datanode-2/meta/datanode.id
2022-10-03 12:54:43,901 [EndpointStateMachine task thread for /0.0.0.0:39547 - 0 ] INFO  volume.HddsVolume (HddsVolume.java:createDbStore(307)) - SchemaV3 db is created and loaded at /home/runner/work/ozone/ozone/hadoop-ozone/integration-test/target/test-dir/MiniOzoneClusterImpl-da160868-f19b-48c1-b90c-c3b9b090623c/datanode-0/data-0/containers/hdds/da160868-f19b-48c1-b90c-c3b9b090623c/DS-8f2868db-47b9-42e6-ac2f-86cccba1d13f/container.db for volume DS-8f2868db-47b9-42e6-ac2f-86cccba1d13f
2022-10-03 12:54:43,902 [EndpointStateMachine task thread for /0.0.0.0:39547 - 0 ] INFO  volume.HddsVolume (HddsVolume.java:closeDbStore(338)) - SchemaV3 db is stopped at /home/runner/work/ozone/ozone/hadoop-ozone/integration-test/target/test-dir/MiniOzoneClusterImpl-da160868-f19b-48c1-b90c-c3b9b090623c/datanode-0/data-0/containers/hdds/da160868-f19b-48c1-b90c-c3b9b090623c/DS-8f2868db-47b9-42e6-ac2f-86cccba1d13f/container.db for volume DS-8f2868db-47b9-42e6-ac2f-86cccba1d13f
2022-10-03 12:54:43,902 [EndpointStateMachine task thread for /0.0.0.0:39547 - 0 ] INFO  ozoneimpl.OzoneContainer (OzoneContainer.java:start(378)) - Attempting to start container services.
2022-10-03 12:54:43,902 [EndpointStateMachine task thread for /0.0.0.0:39547 - 0 ] INFO  ozoneimpl.OzoneContainer (OzoneContainer.java:startContainerScrub(313)) - Background container scanner has been disabled.
2022-10-03 12:54:43,920 [EndpointStateMachine task thread for /0.0.0.0:39547 - 0 ] INFO  replication.ReplicationServer (ReplicationServer.java:start(111)) - ReplicationServer is started using port 41435
2022-10-03 12:54:43,925 [EndpointStateMachine task thread for /0.0.0.0:39547 - 0 ] INFO  ratis.XceiverServerRatis (XceiverServerRatis.java:start(481)) - Starting XceiverServerRatis 80c6e929-872b-4790-af2a-af17d73a1ffe
2022-10-03 12:54:43,925 [EndpointStateMachine task thread for /0.0.0.0:39547 - 0 ] INFO  server.RaftServer (RaftServerProxy.java:lambda$start$6(382)) - 80c6e929-872b-4790-af2a-af17d73a1ffe: start RPC server
2022-10-03 12:54:43,938 [EndpointStateMachine task thread for /0.0.0.0:39547 - 0 ] INFO  server.GrpcService (GrpcService.java:startImpl(260)) - 80c6e929-872b-4790-af2a-af17d73a1ffe: GrpcService started, listening on 33091
2022-10-03 12:54:43,938 [EndpointStateMachine task thread for /0.0.0.0:39547 - 0 ] INFO  ratis.XceiverServerRatis (XceiverServerRatis.java:getRealPort(502)) - XceiverServerRatis 80c6e929-872b-4790-af2a-af17d73a1ffe is started using port 33091 for RATIS
2022-10-03 12:54:43,938 [EndpointStateMachine task thread for /0.0.0.0:39547 - 0 ] INFO  ratis.XceiverServerRatis (XceiverServerRatis.java:getRealPort(502)) - XceiverServerRatis 80c6e929-872b-4790-af2a-af17d73a1ffe is started using port 33091 for RATIS_ADMIN
2022-10-03 12:54:43,938 [EndpointStateMachine task thread for /0.0.0.0:39547 - 0 ] INFO  ratis.XceiverServerRatis (XceiverServerRatis.java:getRealPort(502)) - XceiverServerRatis 80c6e929-872b-4790-af2a-af17d73a1ffe is started using port 33091 for RATIS_SERVER
2022-10-03 12:54:43,938 [org.apache.ratis.util.JvmPauseMonitor$$Lambda$685/536859976@6356fe1f] INFO  util.JvmPauseMonitor (JvmPauseMonitor.java:run(103)) - JvmPauseMonitor-80c6e929-872b-4790-af2a-af17d73a1ffe: Started
2022-10-03 12:54:43,958 [EndpointStateMachine task thread for /0.0.0.0:39547 - 0 ] INFO  server.XceiverServerGrpc (XceiverServerGrpc.java:start(180)) - XceiverServerGrpc 80c6e929-872b-4790-af2a-af17d73a1ffe is started using port 38933
2022-10-03 12:54:44,215 [Listener at 127.0.0.1/41991] INFO  ozone.MiniOzoneClusterImpl (MiniOzoneClusterImpl.java:lambda$waitForClusterToBeReady$0(216)) - Waiting for nodes to be ready. Got 0 of 3 DN Heartbeats.
2022-10-03 12:54:44,215 [Listener at 127.0.0.1/41991] INFO  ozone.MiniOzoneClusterImpl (MiniOzoneClusterImpl.java:lambda$waitForClusterToBeReady$0(219)) - Waiting for cluster to exit safe mode
2022-10-03 12:54:44,215 [Listener at 127.0.0.1/41991] INFO  ozone.MiniOzoneClusterImpl (MiniOzoneClusterImpl.java:lambda$waitForClusterToBeReady$0(221)) - SCM became leader
2022-10-03 12:54:44,518 [EndpointStateMachine task thread for /0.0.0.0:39547 - 0 ] INFO  volume.HddsVolume (HddsVolume.java:createDbStore(307)) - SchemaV3 db is created and loaded at /home/runner/work/ozone/ozone/hadoop-ozone/integration-test/target/test-dir/MiniOzoneClusterImpl-da160868-f19b-48c1-b90c-c3b9b090623c/datanode-1/data-0/containers/hdds/da160868-f19b-48c1-b90c-c3b9b090623c/DS-a5cd80a6-0497-4ea4-b9a3-e6927f7d3983/container.db for volume DS-a5cd80a6-0497-4ea4-b9a3-e6927f7d3983
2022-10-03 12:54:44,518 [EndpointStateMachine task thread for /0.0.0.0:39547 - 0 ] INFO  volume.HddsVolume (HddsVolume.java:closeDbStore(338)) - SchemaV3 db is stopped at /home/runner/work/ozone/ozone/hadoop-ozone/integration-test/target/test-dir/MiniOzoneClusterImpl-da160868-f19b-48c1-b90c-c3b9b090623c/datanode-1/data-0/containers/hdds/da160868-f19b-48c1-b90c-c3b9b090623c/DS-a5cd80a6-0497-4ea4-b9a3-e6927f7d3983/container.db for volume DS-a5cd80a6-0497-4ea4-b9a3-e6927f7d3983
2022-10-03 12:54:44,519 [EndpointStateMachine task thread for /0.0.0.0:39547 - 0 ] INFO  ozoneimpl.OzoneContainer (OzoneContainer.java:start(378)) - Attempting to start container services.
2022-10-03 12:54:44,519 [EndpointStateMachine task thread for /0.0.0.0:39547 - 0 ] INFO  ozoneimpl.OzoneContainer (OzoneContainer.java:startContainerScrub(313)) - Background container scanner has been disabled.
2022-10-03 12:54:44,525 [EndpointStateMachine task thread for /0.0.0.0:39547 - 0 ] INFO  replication.ReplicationServer (ReplicationServer.java:start(111)) - ReplicationServer is started using port 36981
2022-10-03 12:54:44,526 [EndpointStateMachine task thread for /0.0.0.0:39547 - 0 ] INFO  ratis.XceiverServerRatis (XceiverServerRatis.java:start(481)) - Starting XceiverServerRatis 785befec-25fa-4d9e-b471-d42e8e28eb7b
2022-10-03 12:54:44,533 [EndpointStateMachine task thread for /0.0.0.0:39547 - 0 ] INFO  server.RaftServer (RaftServerProxy.java:lambda$start$6(382)) - 785befec-25fa-4d9e-b471-d42e8e28eb7b: start RPC server
2022-10-03 12:54:44,535 [EndpointStateMachine task thread for /0.0.0.0:39547 - 0 ] INFO  server.GrpcService (GrpcService.java:startImpl(260)) - 785befec-25fa-4d9e-b471-d42e8e28eb7b: GrpcService started, listening on 44563
2022-10-03 12:54:44,535 [EndpointStateMachine task thread for /0.0.0.0:39547 - 0 ] INFO  ratis.XceiverServerRatis (XceiverServerRatis.java:getRealPort(502)) - XceiverServerRatis 785befec-25fa-4d9e-b471-d42e8e28eb7b is started using port 44563 for RATIS
2022-10-03 12:54:44,535 [EndpointStateMachine task thread for /0.0.0.0:39547 - 0 ] INFO  ratis.XceiverServerRatis (XceiverServerRatis.java:getRealPort(502)) - XceiverServerRatis 785befec-25fa-4d9e-b471-d42e8e28eb7b is started using port 44563 for RATIS_ADMIN
2022-10-03 12:54:44,535 [EndpointStateMachine task thread for /0.0.0.0:39547 - 0 ] INFO  ratis.XceiverServerRatis (XceiverServerRatis.java:getRealPort(502)) - XceiverServerRatis 785befec-25fa-4d9e-b471-d42e8e28eb7b is started using port 44563 for RATIS_SERVER
2022-10-03 12:54:44,535 [org.apache.ratis.util.JvmPauseMonitor$$Lambda$685/536859976@78987763] INFO  util.JvmPauseMonitor (JvmPauseMonitor.java:run(103)) - JvmPauseMonitor-785befec-25fa-4d9e-b471-d42e8e28eb7b: Started
2022-10-03 12:54:44,546 [EndpointStateMachine task thread for /0.0.0.0:39547 - 0 ] INFO  server.XceiverServerGrpc (XceiverServerGrpc.java:start(180)) - XceiverServerGrpc 785befec-25fa-4d9e-b471-d42e8e28eb7b is started using port 37949
2022-10-03 12:54:45,216 [Listener at 127.0.0.1/41991] INFO  ozone.MiniOzoneClusterImpl (MiniOzoneClusterImpl.java:lambda$waitForClusterToBeReady$0(216)) - Waiting for nodes to be ready. Got 0 of 3 DN Heartbeats.
2022-10-03 12:54:45,216 [Listener at 127.0.0.1/41991] INFO  ozone.MiniOzoneClusterImpl (MiniOzoneClusterImpl.java:lambda$waitForClusterToBeReady$0(219)) - Waiting for cluster to exit safe mode
2022-10-03 12:54:45,216 [Listener at 127.0.0.1/41991] INFO  ozone.MiniOzoneClusterImpl (MiniOzoneClusterImpl.java:lambda$waitForClusterToBeReady$0(221)) - SCM became leader
2022-10-03 12:54:45,290 [EndpointStateMachine task thread for /0.0.0.0:39547 - 0 ] INFO  volume.HddsVolume (HddsVolume.java:createDbStore(307)) - SchemaV3 db is created and loaded at /home/runner/work/ozone/ozone/hadoop-ozone/integration-test/target/test-dir/MiniOzoneClusterImpl-da160868-f19b-48c1-b90c-c3b9b090623c/datanode-2/data-0/containers/hdds/da160868-f19b-48c1-b90c-c3b9b090623c/DS-2969dd3d-6408-49e6-a41f-d0bb1db82594/container.db for volume DS-2969dd3d-6408-49e6-a41f-d0bb1db82594
2022-10-03 12:54:45,291 [EndpointStateMachine task thread for /0.0.0.0:39547 - 0 ] INFO  volume.HddsVolume (HddsVolume.java:closeDbStore(338)) - SchemaV3 db is stopped at /home/runner/work/ozone/ozone/hadoop-ozone/integration-test/target/test-dir/MiniOzoneClusterImpl-da160868-f19b-48c1-b90c-c3b9b090623c/datanode-2/data-0/containers/hdds/da160868-f19b-48c1-b90c-c3b9b090623c/DS-2969dd3d-6408-49e6-a41f-d0bb1db82594/container.db for volume DS-2969dd3d-6408-49e6-a41f-d0bb1db82594
2022-10-03 12:54:45,291 [EndpointStateMachine task thread for /0.0.0.0:39547 - 0 ] INFO  ozoneimpl.OzoneContainer (OzoneContainer.java:start(378)) - Attempting to start container services.
2022-10-03 12:54:45,291 [EndpointStateMachine task thread for /0.0.0.0:39547 - 0 ] INFO  ozoneimpl.OzoneContainer (OzoneContainer.java:startContainerScrub(313)) - Background container scanner has been disabled.
2022-10-03 12:54:45,297 [EndpointStateMachine task thread for /0.0.0.0:39547 - 0 ] INFO  replication.ReplicationServer (ReplicationServer.java:start(111)) - ReplicationServer is started using port 33881
2022-10-03 12:54:45,301 [EndpointStateMachine task thread for /0.0.0.0:39547 - 0 ] INFO  ratis.XceiverServerRatis (XceiverServerRatis.java:start(481)) - Starting XceiverServerRatis e69aea10-0801-41ac-a2b4-01fbb41e6c1c
2022-10-03 12:54:45,329 [EndpointStateMachine task thread for /0.0.0.0:39547 - 0 ] INFO  server.RaftServer (RaftServerProxy.java:lambda$start$6(382)) - e69aea10-0801-41ac-a2b4-01fbb41e6c1c: start RPC server
2022-10-03 12:54:45,331 [EndpointStateMachine task thread for /0.0.0.0:39547 - 0 ] INFO  server.GrpcService (GrpcService.java:startImpl(260)) - e69aea10-0801-41ac-a2b4-01fbb41e6c1c: GrpcService started, listening on 41013
2022-10-03 12:54:45,332 [EndpointStateMachine task thread for /0.0.0.0:39547 - 0 ] INFO  ratis.XceiverServerRatis (XceiverServerRatis.java:getRealPort(502)) - XceiverServerRatis e69aea10-0801-41ac-a2b4-01fbb41e6c1c is started using port 41013 for RATIS
2022-10-03 12:54:45,332 [EndpointStateMachine task thread for /0.0.0.0:39547 - 0 ] INFO  ratis.XceiverServerRatis (XceiverServerRatis.java:getRealPort(502)) - XceiverServerRatis e69aea10-0801-41ac-a2b4-01fbb41e6c1c is started using port 41013 for RATIS_ADMIN
2022-10-03 12:54:45,332 [EndpointStateMachine task thread for /0.0.0.0:39547 - 0 ] INFO  ratis.XceiverServerRatis (XceiverServerRatis.java:getRealPort(502)) - XceiverServerRatis e69aea10-0801-41ac-a2b4-01fbb41e6c1c is started using port 41013 for RATIS_SERVER
2022-10-03 12:54:45,332 [org.apache.ratis.util.JvmPauseMonitor$$Lambda$685/536859976@6db6c734] INFO  util.JvmPauseMonitor (JvmPauseMonitor.java:run(103)) - JvmPauseMonitor-e69aea10-0801-41ac-a2b4-01fbb41e6c1c: Started
2022-10-03 12:54:45,359 [EndpointStateMachine task thread for /0.0.0.0:39547 - 0 ] INFO  server.XceiverServerGrpc (XceiverServerGrpc.java:start(180)) - XceiverServerGrpc e69aea10-0801-41ac-a2b4-01fbb41e6c1c is started using port 45033
2022-10-03 12:54:45,833 [IPC Server handler 0 on default port 39547] INFO  net.NetworkTopologyImpl (NetworkTopologyImpl.java:add(112)) - Added a new node: /default-rack/80c6e929-872b-4790-af2a-af17d73a1ffe
2022-10-03 12:54:45,833 [IPC Server handler 0 on default port 39547] INFO  node.SCMNodeManager (SCMNodeManager.java:register(397)) - Registered Data node : 80c6e929-872b-4790-af2a-af17d73a1ffe{ip: 10.1.0.147, host: fv-az443-503.ap2fcshprsnunfx25e1aelzb4b.cx.internal.cloudapp.net, ports: [REPLICATION=41435, RATIS=33091, RATIS_ADMIN=33091, RATIS_SERVER=33091, STANDALONE=38933], networkLocation: /default-rack, certSerialId: null, persistedOpState: null, persistedOpStateExpiryEpochSec: 0}
2022-10-03 12:54:45,837 [EventQueue-NodeRegistrationContainerReportForContainerSafeModeRule] INFO  safemode.SCMSafeModeManager (SCMSafeModeManager.java:validateSafeModeExitRules(204)) - ContainerSafeModeRule rule is successfully validated
2022-10-03 12:54:45,838 [EventQueue-NodeRegistrationContainerReportForDataNodeSafeModeRule] INFO  safemode.SCMSafeModeManager (DataNodeSafeModeRule.java:process(71)) - SCM in safe mode. 1 DataNodes registered, 3 required.
2022-10-03 12:54:45,844 [EventQueue-NewNodeForNewNodeHandler] INFO  pipeline.BackgroundPipelineCreator (BackgroundPipelineCreator.java:notifyEventTriggered(276)) - trigger a one-shot run on RatisPipelineUtilsThread.
2022-10-03 12:54:45,844 [EventQueue-PipelineReportForOneReplicaPipelineSafeModeRule] INFO  safemode.SCMSafeModeManager (SCMSafeModeManager.java:validateSafeModeExitRules(204)) - AtleastOneDatanodeReportedRule rule is successfully validated
2022-10-03 12:54:45,846 [RatisPipelineUtilsThread - 0] INFO  pipeline.RatisPipelineProvider (RatisPipelineProvider.java:lambda$create$0(195)) - Sending CreatePipelineCommand for pipeline:PipelineID=ca42e733-bcfa-4b57-acd7-65845cba5317 to datanode:80c6e929-872b-4790-af2a-af17d73a1ffe
2022-10-03 12:54:45,850 [RatisPipelineUtilsThread - 0] INFO  pipeline.PipelineStateManagerImpl (PipelineStateManagerImpl.java:addPipeline(103)) - Created pipeline Pipeline[ Id: ca42e733-bcfa-4b57-acd7-65845cba5317, Nodes: 80c6e929-872b-4790-af2a-af17d73a1ffe{ip: 10.1.0.147, host: fv-az443-503.ap2fcshprsnunfx25e1aelzb4b.cx.internal.cloudapp.net, ports: [REPLICATION=41435, RATIS=33091, RATIS_ADMIN=33091, RATIS_SERVER=33091, STANDALONE=38933], networkLocation: /default-rack, certSerialId: null, persistedOpState: IN_SERVICE, persistedOpStateExpiryEpochSec: 0}, ReplicationConfig: RATIS/ONE, State:ALLOCATED, leaderId:, CreationTimestamp2022-10-03T12:54:45.846Z[Etc/UTC]].
2022-10-03 12:54:46,216 [Listener at 127.0.0.1/41991] INFO  ozone.MiniOzoneClusterImpl (MiniOzoneClusterImpl.java:lambda$waitForClusterToBeReady$0(216)) - Waiting for nodes to be ready. Got 1 of 3 DN Heartbeats.
2022-10-03 12:54:46,216 [Listener at 127.0.0.1/41991] INFO  ozone.MiniOzoneClusterImpl (MiniOzoneClusterImpl.java:lambda$waitForClusterToBeReady$0(219)) - Waiting for cluster to exit safe mode
2022-10-03 12:54:46,216 [Listener at 127.0.0.1/41991] INFO  ozone.MiniOzoneClusterImpl (MiniOzoneClusterImpl.java:lambda$waitForClusterToBeReady$0(221)) - SCM became leader
2022-10-03 12:54:46,452 [IPC Server handler 2 on default port 39547] INFO  net.NetworkTopologyImpl (NetworkTopologyImpl.java:add(112)) - Added a new node: /default-rack/785befec-25fa-4d9e-b471-d42e8e28eb7b
2022-10-03 12:54:46,460 [IPC Server handler 2 on default port 39547] INFO  node.SCMNodeManager (SCMNodeManager.java:register(397)) - Registered Data node : 785befec-25fa-4d9e-b471-d42e8e28eb7b{ip: 10.1.0.147, host: fv-az443-503.ap2fcshprsnunfx25e1aelzb4b.cx.internal.cloudapp.net, ports: [REPLICATION=36981, RATIS=44563, RATIS_ADMIN=44563, RATIS_SERVER=44563, STANDALONE=37949], networkLocation: /default-rack, certSerialId: null, persistedOpState: null, persistedOpStateExpiryEpochSec: 0}
2022-10-03 12:54:46,461 [EventQueue-NewNodeForNewNodeHandler] INFO  pipeline.BackgroundPipelineCreator (BackgroundPipelineCreator.java:notifyEventTriggered(276)) - trigger a one-shot run on RatisPipelineUtilsThread.
2022-10-03 12:54:46,474 [EventQueue-NodeRegistrationContainerReportForDataNodeSafeModeRule] INFO  safemode.SCMSafeModeManager (DataNodeSafeModeRule.java:process(71)) - SCM in safe mode. 2 DataNodes registered, 3 required.
2022-10-03 12:54:46,477 [RatisPipelineUtilsThread - 0] INFO  pipeline.RatisPipelineProvider (RatisPipelineProvider.java:lambda$create$0(195)) - Sending CreatePipelineCommand for pipeline:PipelineID=9d930fba-c3bd-4aab-b994-4c5445765067 to datanode:785befec-25fa-4d9e-b471-d42e8e28eb7b
2022-10-03 12:54:46,478 [RatisPipelineUtilsThread - 0] INFO  pipeline.PipelineStateManagerImpl (PipelineStateManagerImpl.java:addPipeline(103)) - Created pipeline Pipeline[ Id: 9d930fba-c3bd-4aab-b994-4c5445765067, Nodes: 785befec-25fa-4d9e-b471-d42e8e28eb7b{ip: 10.1.0.147, host: fv-az443-503.ap2fcshprsnunfx25e1aelzb4b.cx.internal.cloudapp.net, ports: [REPLICATION=36981, RATIS=44563, RATIS_ADMIN=44563, RATIS_SERVER=44563, STANDALONE=37949], networkLocation: /default-rack, certSerialId: null, persistedOpState: IN_SERVICE, persistedOpStateExpiryEpochSec: 0}, ReplicationConfig: RATIS/ONE, State:ALLOCATED, leaderId:, CreationTimestamp2022-10-03T12:54:46.477Z[Etc/UTC]].
2022-10-03 12:54:47,217 [Listener at 127.0.0.1/41991] INFO  ozone.MiniOzoneClusterImpl (MiniOzoneClusterImpl.java:lambda$waitForClusterToBeReady$0(216)) - Waiting for nodes to be ready. Got 2 of 3 DN Heartbeats.
2022-10-03 12:54:47,217 [Listener at 127.0.0.1/41991] INFO  ozone.MiniOzoneClusterImpl (MiniOzoneClusterImpl.java:lambda$waitForClusterToBeReady$0(219)) - Waiting for cluster to exit safe mode
2022-10-03 12:54:47,217 [Listener at 127.0.0.1/41991] INFO  ozone.MiniOzoneClusterImpl (MiniOzoneClusterImpl.java:lambda$waitForClusterToBeReady$0(221)) - SCM became leader
2022-10-03 12:54:47,241 [IPC Server handler 1 on default port 39547] INFO  net.NetworkTopologyImpl (NetworkTopologyImpl.java:add(112)) - Added a new node: /default-rack/e69aea10-0801-41ac-a2b4-01fbb41e6c1c
2022-10-03 12:54:47,243 [IPC Server handler 1 on default port 39547] INFO  node.SCMNodeManager (SCMNodeManager.java:register(397)) - Registered Data node : e69aea10-0801-41ac-a2b4-01fbb41e6c1c{ip: 10.1.0.147, host: fv-az443-503.ap2fcshprsnunfx25e1aelzb4b.cx.internal.cloudapp.net, ports: [REPLICATION=33881, RATIS=41013, RATIS_ADMIN=41013, RATIS_SERVER=41013, STANDALONE=45033], networkLocation: /default-rack, certSerialId: null, persistedOpState: null, persistedOpStateExpiryEpochSec: 0}
2022-10-03 12:54:47,243 [EventQueue-NewNodeForNewNodeHandler] INFO  pipeline.BackgroundPipelineCreator (BackgroundPipelineCreator.java:notifyEventTriggered(276)) - trigger a one-shot run on RatisPipelineUtilsThread.
2022-10-03 12:54:47,244 [EventQueue-NodeRegistrationContainerReportForDataNodeSafeModeRule] INFO  safemode.SCMSafeModeManager (DataNodeSafeModeRule.java:process(71)) - SCM in safe mode. 3 DataNodes registered, 3 required.
2022-10-03 12:54:47,250 [EventQueue-NodeRegistrationContainerReportForDataNodeSafeModeRule] INFO  safemode.SCMSafeModeManager (SCMSafeModeManager.java:validateSafeModeExitRules(204)) - DataNodeSafeModeRule rule is successfully validated
2022-10-03 12:54:47,250 [EventQueue-NodeRegistrationContainerReportForDataNodeSafeModeRule] INFO  safemode.SCMSafeModeManager (SCMSafeModeManager.java:completePreCheck(233)) - All SCM safe mode pre check rules have passed
2022-10-03 12:54:47,250 [EventQueue-NodeRegistrationContainerReportForDataNodeSafeModeRule] WARN  events.EventQueue (EventQueue.java:fireEvent(216)) - No event handler registered for event TypedEvent{payloadType=SafeModeStatus, name='Safe mode status'}
2022-10-03 12:54:47,250 [EventQueue-NodeRegistrationContainerReportForDataNodeSafeModeRule] INFO  ha.SCMContext (SCMContext.java:updateSafeModeStatus(228)) - Update SafeModeStatus from SafeModeStatus{safeModeStatus=true, preCheckPassed=false} to SafeModeStatus{safeModeStatus=true, preCheckPassed=true}.
2022-10-03 12:54:47,250 [EventQueue-NodeRegistrationContainerReportForDataNodeSafeModeRule] INFO  pipeline.BackgroundPipelineCreator (BackgroundPipelineCreator.java:notifyEventTriggered(276)) - trigger a one-shot run on RatisPipelineUtilsThread.
2022-10-03 12:54:47,250 [RatisPipelineUtilsThread - 0] INFO  pipeline.RatisPipelineProvider (RatisPipelineProvider.java:lambda$create$0(195)) - Sending CreatePipelineCommand for pipeline:PipelineID=af1b75a9-4a01-46e3-92b2-dfb90023d0a9 to datanode:e69aea10-0801-41ac-a2b4-01fbb41e6c1c
2022-10-03 12:54:47,258 [RatisPipelineUtilsThread - 0] INFO  pipeline.PipelineStateManagerImpl (PipelineStateManagerImpl.java:addPipeline(103)) - Created pipeline Pipeline[ Id: af1b75a9-4a01-46e3-92b2-dfb90023d0a9, Nodes: e69aea10-0801-41ac-a2b4-01fbb41e6c1c{ip: 10.1.0.147, host: fv-az443-503.ap2fcshprsnunfx25e1aelzb4b.cx.internal.cloudapp.net, ports: [REPLICATION=33881, RATIS=41013, RATIS_ADMIN=41013, RATIS_SERVER=41013, STANDALONE=45033], networkLocation: /default-rack, certSerialId: null, persistedOpState: IN_SERVICE, persistedOpStateExpiryEpochSec: 0}, ReplicationConfig: RATIS/ONE, State:ALLOCATED, leaderId:, CreationTimestamp2022-10-03T12:54:47.250Z[Etc/UTC]].
2022-10-03 12:54:47,258 [RatisPipelineUtilsThread - 0] INFO  pipeline.RatisPipelineProvider (RatisPipelineProvider.java:lambda$create$0(195)) - Sending CreatePipelineCommand for pipeline:PipelineID=814082d6-f27e-4346-839c-f260516a388c to datanode:e69aea10-0801-41ac-a2b4-01fbb41e6c1c
2022-10-03 12:54:47,258 [RatisPipelineUtilsThread - 0] INFO  pipeline.RatisPipelineProvider (RatisPipelineProvider.java:lambda$create$0(195)) - Sending CreatePipelineCommand for pipeline:PipelineID=814082d6-f27e-4346-839c-f260516a388c to datanode:785befec-25fa-4d9e-b471-d42e8e28eb7b
2022-10-03 12:54:47,258 [RatisPipelineUtilsThread - 0] INFO  pipeline.RatisPipelineProvider (RatisPipelineProvider.java:lambda$create$0(195)) - Sending CreatePipelineCommand for pipeline:PipelineID=814082d6-f27e-4346-839c-f260516a388c to datanode:80c6e929-872b-4790-af2a-af17d73a1ffe
2022-10-03 12:54:47,259 [RatisPipelineUtilsThread - 0] INFO  pipeline.PipelineStateManagerImpl (PipelineStateManagerImpl.java:addPipeline(103)) - Created pipeline Pipeline[ Id: 814082d6-f27e-4346-839c-f260516a388c, Nodes: e69aea10-0801-41ac-a2b4-01fbb41e6c1c{ip: 10.1.0.147, host: fv-az443-503.ap2fcshprsnunfx25e1aelzb4b.cx.internal.cloudapp.net, ports: [REPLICATION=33881, RATIS=41013, RATIS_ADMIN=41013, RATIS_SERVER=41013, STANDALONE=45033], networkLocation: /default-rack, certSerialId: null, persistedOpState: IN_SERVICE, persistedOpStateExpiryEpochSec: 0}785befec-25fa-4d9e-b471-d42e8e28eb7b{ip: 10.1.0.147, host: fv-az443-503.ap2fcshprsnunfx25e1aelzb4b.cx.internal.cloudapp.net, ports: [REPLICATION=36981, RATIS=44563, RATIS_ADMIN=44563, RATIS_SERVER=44563, STANDALONE=37949], networkLocation: /default-rack, certSerialId: null, persistedOpState: IN_SERVICE, persistedOpStateExpiryEpochSec: 0}80c6e929-872b-4790-af2a-af17d73a1ffe{ip: 10.1.0.147, host: fv-az443-503.ap2fcshprsnunfx25e1aelzb4b.cx.internal.cloudapp.net, ports: [REPLICATION=41435, RATIS=33091, RATIS_ADMIN=33091, RATIS_SERVER=33091, STANDALONE=38933], networkLocation: /default-rack, certSerialId: null, persistedOpState: IN_SERVICE, persistedOpStateExpiryEpochSec: 0}, ReplicationConfig: RATIS/THREE, State:ALLOCATED, leaderId:, CreationTimestamp2022-10-03T12:54:47.258Z[Etc/UTC]].
2022-10-03 12:54:47,262 [RatisPipelineUtilsThread - 0] INFO  pipeline.RatisPipelineProvider (RatisPipelineProvider.java:lambda$create$0(195)) - Sending CreatePipelineCommand for pipeline:PipelineID=0356f669-3719-4f55-8c66-3a975295e0d1 to datanode:e69aea10-0801-41ac-a2b4-01fbb41e6c1c
2022-10-03 12:54:47,262 [RatisPipelineUtilsThread - 0] INFO  pipeline.RatisPipelineProvider (RatisPipelineProvider.java:lambda$create$0(195)) - Sending CreatePipelineCommand for pipeline:PipelineID=0356f669-3719-4f55-8c66-3a975295e0d1 to datanode:80c6e929-872b-4790-af2a-af17d73a1ffe
2022-10-03 12:54:47,262 [RatisPipelineUtilsThread - 0] INFO  pipeline.RatisPipelineProvider (RatisPipelineProvider.java:lambda$create$0(195)) - Sending CreatePipelineCommand for pipeline:PipelineID=0356f669-3719-4f55-8c66-3a975295e0d1 to datanode:785befec-25fa-4d9e-b471-d42e8e28eb7b
2022-10-03 12:54:47,267 [RatisPipelineUtilsThread - 0] INFO  pipeline.PipelineStateManagerImpl (PipelineStateManagerImpl.java:addPipeline(103)) - Created pipeline Pipeline[ Id: 0356f669-3719-4f55-8c66-3a975295e0d1, Nodes: e69aea10-0801-41ac-a2b4-01fbb41e6c1c{ip: 10.1.0.147, host: fv-az443-503.ap2fcshprsnunfx25e1aelzb4b.cx.internal.cloudapp.net, ports: [REPLICATION=33881, RATIS=41013, RATIS_ADMIN=41013, RATIS_SERVER=41013, STANDALONE=45033], networkLocation: /default-rack, certSerialId: null, persistedOpState: IN_SERVICE, persistedOpStateExpiryEpochSec: 0}80c6e929-872b-4790-af2a-af17d73a1ffe{ip: 10.1.0.147, host: fv-az443-503.ap2fcshprsnunfx25e1aelzb4b.cx.internal.cloudapp.net, ports: [REPLICATION=41435, RATIS=33091, RATIS_ADMIN=33091, RATIS_SERVER=33091, STANDALONE=38933], networkLocation: /default-rack, certSerialId: null, persistedOpState: IN_SERVICE, persistedOpStateExpiryEpochSec: 0}785befec-25fa-4d9e-b471-d42e8e28eb7b{ip: 10.1.0.147, host: fv-az443-503.ap2fcshprsnunfx25e1aelzb4b.cx.internal.cloudapp.net, ports: [REPLICATION=36981, RATIS=44563, RATIS_ADMIN=44563, RATIS_SERVER=44563, STANDALONE=37949], networkLocation: /default-rack, certSerialId: null, persistedOpState: IN_SERVICE, persistedOpStateExpiryEpochSec: 0}, ReplicationConfig: RATIS/THREE, State:ALLOCATED, leaderId:, CreationTimestamp2022-10-03T12:54:47.262Z[Etc/UTC]].
2022-10-03 12:54:47,267 [RatisPipelineUtilsThread - 0] INFO  pipeline.PipelineManagerImpl (PipelineManagerImpl.java:recordMetricsForPipeline(796)) - Pipeline: PipelineID=0356f669-3719-4f55-8c66-3a975295e0d1 contains same datanodes as previous pipelines: PipelineID=814082d6-f27e-4346-839c-f260516a388c nodeIds: e69aea10-0801-41ac-a2b4-01fbb41e6c1c, 80c6e929-872b-4790-af2a-af17d73a1ffe, 785befec-25fa-4d9e-b471-d42e8e28eb7b
2022-10-03 12:54:48,217 [Listener at 127.0.0.1/41991] INFO  ozone.MiniOzoneClusterImpl (MiniOzoneClusterImpl.java:lambda$waitForClusterToBeReady$0(216)) - Nodes are ready. Got 3 of 3 DN Heartbeats.
2022-10-03 12:54:48,218 [Listener at 127.0.0.1/41991] INFO  ozone.MiniOzoneClusterImpl (MiniOzoneClusterImpl.java:lambda$waitForClusterToBeReady$0(219)) - Waiting for cluster to exit safe mode
2022-10-03 12:54:48,218 [Listener at 127.0.0.1/41991] INFO  ozone.MiniOzoneClusterImpl (MiniOzoneClusterImpl.java:lambda$waitForClusterToBeReady$0(221)) - SCM became leader
2022-10-03 12:54:48,831 [Command processor thread] INFO  server.RaftServer (RaftServerProxy.java:addNew(96)) - 80c6e929-872b-4790-af2a-af17d73a1ffe: addNew group-65845CBA5317:[80c6e929-872b-4790-af2a-af17d73a1ffe|rpc:10.1.0.147:33091|priority:1] returns group-65845CBA5317:java.util.concurrent.CompletableFuture@7787d728[Not completed]
2022-10-03 12:54:48,842 [pool-218-thread-1] INFO  server.RaftServer$Division (RaftServerImpl.java:<init>(190)) - 80c6e929-872b-4790-af2a-af17d73a1ffe: new RaftServerImpl for group-65845CBA5317:[80c6e929-872b-4790-af2a-af17d73a1ffe|rpc:10.1.0.147:33091|priority:1] with ContainerStateMachine:uninitialized
2022-10-03 12:54:48,843 [pool-218-thread-1] INFO  server.RaftServerConfigKeys (ConfUtils.java:logGet(46)) - raft.server.rpc.timeout.min = 5s (custom)
2022-10-03 12:54:48,843 [pool-218-thread-1] INFO  server.RaftServerConfigKeys (ConfUtils.java:logGet(46)) - raft.server.rpc.timeout.max = 5200ms (custom)
2022-10-03 12:54:48,843 [pool-218-thread-1] INFO  server.RaftServerConfigKeys (ConfUtils.java:logGet(46)) - raft.server.rpc.sleep.time = 25ms (default)
2022-10-03 12:54:48,843 [pool-218-thread-1] INFO  server.RaftServerConfigKeys (ConfUtils.java:logGet(46)) - raft.server.rpc.slowness.timeout = 300s (custom)
2022-10-03 12:54:48,843 [pool-218-thread-1] INFO  server.RaftServerConfigKeys (ConfUtils.java:logGet(46)) - raft.server.leaderelection.leader.step-down.wait-time = 10s (default)
2022-10-03 12:54:48,843 [pool-218-thread-1] INFO  server.RaftServerConfigKeys (ConfUtils.java:logGet(46)) - raft.server.sleep.deviation.threshold = 300ms (default)
2022-10-03 12:54:48,843 [pool-218-thread-1] INFO  server.RaftServer$Division (ServerState.java:<init>(107)) - 80c6e929-872b-4790-af2a-af17d73a1ffe@group-65845CBA5317: ConfigurationManager, init=-1: [80c6e929-872b-4790-af2a-af17d73a1ffe|rpc:10.1.0.147:33091|priority:1], old=null, confs=<EMPTY_MAP>
2022-10-03 12:54:48,843 [pool-218-thread-1] INFO  server.RaftServerConfigKeys (ConfUtils.java:logGet(46)) - raft.server.storage.dir = [/home/runner/work/ozone/ozone/hadoop-ozone/integration-test/target/test-dir/MiniOzoneClusterImpl-da160868-f19b-48c1-b90c-c3b9b090623c/datanode-0/data/ratis] (custom)
2022-10-03 12:54:48,843 [pool-218-thread-1] INFO  server.RaftServerConfigKeys (ConfUtils.java:logGet(46)) - raft.server.log.corruption.policy = EXCEPTION (default)
2022-10-03 12:54:48,843 [pool-218-thread-1] INFO  server.RaftServerConfigKeys (ConfUtils.java:logGet(46)) - raft.server.storage.free-space.min = 0MB (=0) (default)
2022-10-03 12:54:48,843 [pool-218-thread-1] INFO  storage.RaftStorageDirectory (RaftStorageDirectoryImpl.java:analyzeStorage(135)) - The storage directory /home/runner/work/ozone/ozone/hadoop-ozone/integration-test/target/test-dir/MiniOzoneClusterImpl-da160868-f19b-48c1-b90c-c3b9b090623c/datanode-0/data/ratis/ca42e733-bcfa-4b57-acd7-65845cba5317 does not exist. Creating ...
2022-10-03 12:54:48,845 [pool-218-thread-1] INFO  storage.RaftStorageDirectory (RaftStorageDirectoryImpl.java:tryLock(230)) - Lock on /home/runner/work/ozone/ozone/hadoop-ozone/integration-test/target/test-dir/MiniOzoneClusterImpl-da160868-f19b-48c1-b90c-c3b9b090623c/datanode-0/data/ratis/ca42e733-bcfa-4b57-acd7-65845cba5317/in_use.lock acquired by nodename 2263@fv-az443-503
2022-10-03 12:54:48,852 [pool-218-thread-1] INFO  storage.RaftStorage (RaftStorageImpl.java:format(89)) - Storage directory /home/runner/work/ozone/ozone/hadoop-ozone/integration-test/target/test-dir/MiniOzoneClusterImpl-da160868-f19b-48c1-b90c-c3b9b090623c/datanode-0/data/ratis/ca42e733-bcfa-4b57-acd7-65845cba5317 has been successfully formatted.
2022-10-03 12:54:48,861 [pool-218-thread-1] INFO  ratis.ContainerStateMachine (ContainerStateMachine.java:loadSnapshot(236)) - group-65845CBA5317: The snapshot info is null. Setting the last applied indexto:(t:0, i:~)
2022-10-03 12:54:48,861 [pool-218-thread-1] INFO  server.RaftServerConfigKeys (ConfUtils.java:logGet(46)) - raft.server.notification.no-leader.timeout = 300s (custom)
2022-10-03 12:54:48,861 [pool-218-thread-1] INFO  server.RaftServerConfigKeys (ConfUtils.java:logGet(46)) - raft.server.log.use.memory = false (default)
2022-10-03 12:54:48,861 [pool-218-thread-1] INFO  server.RaftServerConfigKeys (ConfUtils.java:logGet(46)) - raft.server.log.purge.gap = 1000000 (custom)
2022-10-03 12:54:48,861 [pool-218-thread-1] INFO  server.RaftServerConfigKeys (ConfUtils.java:logGet(46)) - raft.server.log.appender.buffer.byte-limit = 33554432 (custom)
2022-10-03 12:54:48,861 [pool-218-thread-1] INFO  server.RaftServerConfigKeys (ConfUtils.java:logGet(46)) - raft.server.log.statemachine.data.read.timeout = 1000ms (default)
2022-10-03 12:54:48,862 [pool-218-thread-1] INFO  server.RaftServerConfigKeys (ConfUtils.java:logGet(46)) - raft.server.log.segment.size.max = 1048576 (custom)
2022-10-03 12:54:48,862 [pool-218-thread-1] INFO  server.RaftServerConfigKeys (ConfUtils.java:logGet(46)) - raft.server.log.segment.cache.num.max = 2 (custom)
2022-10-03 12:54:48,862 [pool-218-thread-1] INFO  server.RaftServerConfigKeys (ConfUtils.java:logGet(46)) - raft.server.log.segment.cache.size.max = 200MB (=209715200) (default)
2022-10-03 12:54:48,862 [pool-218-thread-1] INFO  segmented.SegmentedRaftLogWorker (SegmentedRaftLogWorker.java:<init>(187)) - new 80c6e929-872b-4790-af2a-af17d73a1ffe@group-65845CBA5317-SegmentedRaftLogWorker for RaftStorageImpl:Storage Directory /home/runner/work/ozone/ozone/hadoop-ozone/integration-test/target/test-dir/MiniOzoneClusterImpl-da160868-f19b-48c1-b90c-c3b9b090623c/datanode-0/data/ratis/ca42e733-bcfa-4b57-acd7-65845cba5317
2022-10-03 12:54:48,862 [pool-218-thread-1] INFO  server.RaftServerConfigKeys (ConfUtils.java:logGet(46)) - raft.server.log.queue.byte-limit = 4294967296 (custom)
2022-10-03 12:54:48,862 [pool-218-thread-1] INFO  server.RaftServerConfigKeys (ConfUtils.java:logGet(46)) - raft.server.log.queue.element-limit = 1024 (custom)
2022-10-03 12:54:48,862 [pool-218-thread-1] INFO  server.RaftServerConfigKeys (ConfUtils.java:logGet(46)) - raft.server.log.segment.size.max = 1048576 (custom)
2022-10-03 12:54:48,862 [pool-218-thread-1] INFO  server.RaftServerConfigKeys (ConfUtils.java:logGet(46)) - raft.server.log.preallocated.size = 16384 (custom)
2022-10-03 12:54:48,862 [pool-218-thread-1] INFO  server.RaftServerConfigKeys (ConfUtils.java:logGet(46)) - raft.server.log.force.sync.num = 128 (default)
2022-10-03 12:54:48,862 [pool-218-thread-1] INFO  server.RaftServerConfigKeys (ConfUtils.java:logGet(46)) - raft.server.log.statemachine.data.sync = true (default)
2022-10-03 12:54:48,862 [pool-218-thread-1] INFO  server.RaftServerConfigKeys (ConfUtils.java:logGet(46)) - raft.server.log.statemachine.data.sync.timeout = 10s (default)
2022-10-03 12:54:48,862 [pool-218-thread-1] INFO  server.RaftServerConfigKeys (ConfUtils.java:logGet(46)) - raft.server.log.statemachine.data.sync.timeout.retry = -1 (default)
2022-10-03 12:54:48,863 [pool-218-thread-1] INFO  server.RaftServerConfigKeys (ConfUtils.java:logGet(46)) - raft.server.log.write.buffer.size = 1048576 (custom)
2022-10-03 12:54:48,864 [pool-218-thread-1] INFO  server.RaftServerConfigKeys (ConfUtils.java:logGet(46)) - raft.server.log.unsafe-flush.enabled = false (default)
2022-10-03 12:54:48,864 [pool-218-thread-1] INFO  server.RaftServerConfigKeys (ConfUtils.java:logGet(46)) - raft.server.log.statemachine.data.caching.enabled = true (custom)
2022-10-03 12:54:48,864 [pool-218-thread-1] INFO  segmented.SegmentedRaftLogWorker (SegmentedRaftLogWorker.java:lambda$new$0(135)) - 80c6e929-872b-4790-af2a-af17d73a1ffe@group-65845CBA5317-SegmentedRaftLogWorker: flushIndex: setUnconditionally 0 -> -1
2022-10-03 12:54:48,864 [pool-218-thread-1] INFO  segmented.SegmentedRaftLogWorker (SegmentedRaftLogWorker.java:lambda$new$0(135)) - 80c6e929-872b-4790-af2a-af17d73a1ffe@group-65845CBA5317-SegmentedRaftLogWorker: safeCacheEvictIndex: setUnconditionally 0 -> -1
2022-10-03 12:54:48,865 [pool-218-thread-1] INFO  server.RaftServerConfigKeys (ConfUtils.java:logGet(46)) - raft.server.snapshot.auto.trigger.enabled = true (custom)
2022-10-03 12:54:48,865 [pool-218-thread-1] INFO  server.RaftServerConfigKeys (ConfUtils.java:logGet(46)) - raft.server.snapshot.auto.trigger.threshold = 10000 (custom)
2022-10-03 12:54:48,866 [EventQueue-PipelineReportForPipelineReportHandler] INFO  pipeline.PipelineManagerImpl (PipelineManagerImpl.java:openPipeline(367)) - Pipeline Pipeline[ Id: ca42e733-bcfa-4b57-acd7-65845cba5317, Nodes: 80c6e929-872b-4790-af2a-af17d73a1ffe{ip: 10.1.0.147, host: fv-az443-503.ap2fcshprsnunfx25e1aelzb4b.cx.internal.cloudapp.net, ports: [REPLICATION=41435, RATIS=33091, RATIS_ADMIN=33091, RATIS_SERVER=33091, STANDALONE=38933], networkLocation: /default-rack, certSerialId: null, persistedOpState: IN_SERVICE, persistedOpStateExpiryEpochSec: 0}, ReplicationConfig: RATIS/ONE, State:ALLOCATED, leaderId:80c6e929-872b-4790-af2a-af17d73a1ffe, CreationTimestamp2022-10-03T12:54:45.846Z[Etc/UTC]] moved to OPEN state
2022-10-03 12:54:48,868 [pool-218-thread-1] INFO  server.RaftServerConfigKeys (ConfUtils.java:logGet(46)) - raft.server.snapshot.retention.file.num = 5 (custom)
2022-10-03 12:54:48,868 [pool-218-thread-1] INFO  server.RaftServerConfigKeys (ConfUtils.java:logGet(46)) - raft.server.log.purge.upto.snapshot.index = false (default)
2022-10-03 12:54:48,868 [pool-218-thread-1] INFO  server.RaftServerConfigKeys (ConfUtils.java:logGet(46)) - raft.server.retrycache.expirytime = 600000ms (custom)
2022-10-03 12:54:48,868 [pool-218-thread-1] INFO  server.RaftServerConfigKeys (ConfUtils.java:logGet(46)) - raft.server.retrycache.statistics.expirytime = 100μs (default)
2022-10-03 12:54:48,882 [pool-218-thread-1] INFO  server.RaftServerConfigKeys (ConfUtils.java:logGet(46)) - raft.server.log.appender.install.snapshot.enabled = false (custom)
2022-10-03 12:54:48,883 [pool-218-thread-1] INFO  server.RaftServerConfigKeys (ConfUtils.java:logGet(46)) - raft.server.threadpool.server.cached = true (default)
2022-10-03 12:54:48,883 [pool-218-thread-1] INFO  server.RaftServerConfigKeys (ConfUtils.java:logGet(46)) - raft.server.threadpool.server.size = 0 (default)
2022-10-03 12:54:48,883 [pool-218-thread-1] INFO  server.RaftServerConfigKeys (ConfUtils.java:logGet(46)) - raft.server.threadpool.client.cached = true (default)
2022-10-03 12:54:48,883 [pool-218-thread-1] INFO  server.RaftServerConfigKeys (ConfUtils.java:logGet(46)) - raft.server.threadpool.client.size = 0 (default)
2022-10-03 12:54:48,883 [pool-218-thread-1] INFO  server.RaftServer$Division (RaftServerImpl.java:start(310)) - 80c6e929-872b-4790-af2a-af17d73a1ffe@group-65845CBA5317: start as a follower, conf=-1: [80c6e929-872b-4790-af2a-af17d73a1ffe|rpc:10.1.0.147:33091|priority:1], old=null
2022-10-03 12:54:48,883 [pool-218-thread-1] INFO  server.RaftServer$Division (RaftServerImpl.java:setRole(299)) - 80c6e929-872b-4790-af2a-af17d73a1ffe@group-65845CBA5317: changes role from      null to FOLLOWER at term 0 for startAsFollower
2022-10-03 12:54:48,883 [pool-218-thread-1] INFO  impl.RoleInfo (RoleInfo.java:updateAndGet(139)) - 80c6e929-872b-4790-af2a-af17d73a1ffe: start 80c6e929-872b-4790-af2a-af17d73a1ffe@group-65845CBA5317-FollowerState
2022-10-03 12:54:48,893 [pool-218-thread-1] INFO  util.JmxRegister (JmxRegister.java:tryRegister(44)) - Successfully registered JMX Bean with object name Ratis:service=RaftServer,group=group-65845CBA5317,id=80c6e929-872b-4790-af2a-af17d73a1ffe
2022-10-03 12:54:48,894 [Command processor thread] INFO  ratis.XceiverServerRatis (XceiverServerRatis.java:addGroup(765)) - Created group PipelineID=ca42e733-bcfa-4b57-acd7-65845cba5317
2022-10-03 12:54:48,895 [EventQueue-OpenPipelineForHealthyPipelineSafeModeRule] INFO  safemode.SCMSafeModeManager (HealthyPipelineSafeModeRule.java:process(137)) - SCM in safe mode. Healthy pipelines reported count is 0, required healthy pipeline reported count is 1
2022-10-03 12:54:48,895 [Command processor thread] INFO  commandhandler.CreatePipelineCommandHandler (CreatePipelineCommandHandler.java:handle(113)) - Created Pipeline RATIS ONE PipelineID=ca42e733-bcfa-4b57-acd7-65845cba5317.
2022-10-03 12:54:48,895 [Command processor thread] INFO  server.RaftServer (RaftServerProxy.java:addNew(96)) - 80c6e929-872b-4790-af2a-af17d73a1ffe: addNew group-F260516A388C:[785befec-25fa-4d9e-b471-d42e8e28eb7b|rpc:10.1.0.147:44563|priority:0, e69aea10-0801-41ac-a2b4-01fbb41e6c1c|rpc:10.1.0.147:41013|priority:1, 80c6e929-872b-4790-af2a-af17d73a1ffe|rpc:10.1.0.147:33091|priority:0] returns group-F260516A388C:java.util.concurrent.CompletableFuture@73b85d00[Not completed]
2022-10-03 12:54:48,897 [pool-218-thread-1] INFO  server.RaftServer$Division (RaftServerImpl.java:<init>(190)) - 80c6e929-872b-4790-af2a-af17d73a1ffe: new RaftServerImpl for group-F260516A388C:[785befec-25fa-4d9e-b471-d42e8e28eb7b|rpc:10.1.0.147:44563|priority:0, e69aea10-0801-41ac-a2b4-01fbb41e6c1c|rpc:10.1.0.147:41013|priority:1, 80c6e929-872b-4790-af2a-af17d73a1ffe|rpc:10.1.0.147:33091|priority:0] with ContainerStateMachine:uninitialized
2022-10-03 12:54:48,897 [pool-218-thread-1] INFO  server.RaftServerConfigKeys (ConfUtils.java:logGet(46)) - raft.server.rpc.timeout.min = 5s (custom)
2022-10-03 12:54:48,897 [pool-218-thread-1] INFO  server.RaftServerConfigKeys (ConfUtils.java:logGet(46)) - raft.server.rpc.timeout.max = 5200ms (custom)
2022-10-03 12:54:48,897 [pool-218-thread-1] INFO  server.RaftServerConfigKeys (ConfUtils.java:logGet(46)) - raft.server.rpc.sleep.time = 25ms (default)
2022-10-03 12:54:48,897 [pool-218-thread-1] INFO  server.RaftServerConfigKeys (ConfUtils.java:logGet(46)) - raft.server.rpc.slowness.timeout = 300s (custom)
2022-10-03 12:54:48,897 [pool-218-thread-1] INFO  server.RaftServerConfigKeys (ConfUtils.java:logGet(46)) - raft.server.leaderelection.leader.step-down.wait-time = 10s (default)
2022-10-03 12:54:48,897 [pool-218-thread-1] INFO  server.RaftServerConfigKeys (ConfUtils.java:logGet(46)) - raft.server.sleep.deviation.threshold = 300ms (default)
2022-10-03 12:54:48,897 [pool-218-thread-1] INFO  server.RaftServer$Division (ServerState.java:<init>(107)) - 80c6e929-872b-4790-af2a-af17d73a1ffe@group-F260516A388C: ConfigurationManager, init=-1: [785befec-25fa-4d9e-b471-d42e8e28eb7b|rpc:10.1.0.147:44563|priority:0, e69aea10-0801-41ac-a2b4-01fbb41e6c1c|rpc:10.1.0.147:41013|priority:1, 80c6e929-872b-4790-af2a-af17d73a1ffe|rpc:10.1.0.147:33091|priority:0], old=null, confs=<EMPTY_MAP>
2022-10-03 12:54:48,897 [pool-218-thread-1] INFO  server.RaftServerConfigKeys (ConfUtils.java:logGet(46)) - raft.server.storage.dir = [/home/runner/work/ozone/ozone/hadoop-ozone/integration-test/target/test-dir/MiniOzoneClusterImpl-da160868-f19b-48c1-b90c-c3b9b090623c/datanode-0/data/ratis] (custom)
2022-10-03 12:54:48,897 [pool-218-thread-1] INFO  server.RaftServerConfigKeys (ConfUtils.java:logGet(46)) - raft.server.log.corruption.policy = EXCEPTION (default)
2022-10-03 12:54:48,897 [pool-218-thread-1] INFO  server.RaftServerConfigKeys (ConfUtils.java:logGet(46)) - raft.server.storage.free-space.min = 0MB (=0) (default)
2022-10-03 12:54:48,897 [pool-218-thread-1] INFO  storage.RaftStorageDirectory (RaftStorageDirectoryImpl.java:analyzeStorage(135)) - The storage directory /home/runner/work/ozone/ozone/hadoop-ozone/integration-test/target/test-dir/MiniOzoneClusterImpl-da160868-f19b-48c1-b90c-c3b9b090623c/datanode-0/data/ratis/814082d6-f27e-4346-839c-f260516a388c does not exist. Creating ...
2022-10-03 12:54:48,902 [pool-218-thread-1] INFO  storage.RaftStorageDirectory (RaftStorageDirectoryImpl.java:tryLock(230)) - Lock on /home/runner/work/ozone/ozone/hadoop-ozone/integration-test/target/test-dir/MiniOzoneClusterImpl-da160868-f19b-48c1-b90c-c3b9b090623c/datanode-0/data/ratis/814082d6-f27e-4346-839c-f260516a388c/in_use.lock acquired by nodename 2263@fv-az443-503
2022-10-03 12:54:48,906 [pool-218-thread-1] INFO  storage.RaftStorage (RaftStorageImpl.java:format(89)) - Storage directory /home/runner/work/ozone/ozone/hadoop-ozone/integration-test/target/test-dir/MiniOzoneClusterImpl-da160868-f19b-48c1-b90c-c3b9b090623c/datanode-0/data/ratis/814082d6-f27e-4346-839c-f260516a388c has been successfully formatted.
2022-10-03 12:54:48,907 [pool-218-thread-1] INFO  ratis.ContainerStateMachine (ContainerStateMachine.java:loadSnapshot(236)) - group-F260516A388C: The snapshot info is null. Setting the last applied indexto:(t:0, i:~)
2022-10-03 12:54:48,907 [pool-218-thread-1] INFO  server.RaftServerConfigKeys (ConfUtils.java:logGet(46)) - raft.server.notification.no-leader.timeout = 300s (custom)
2022-10-03 12:54:48,907 [pool-218-thread-1] INFO  server.RaftServerConfigKeys (ConfUtils.java:logGet(46)) - raft.server.log.use.memory = false (default)
2022-10-03 12:54:48,907 [pool-218-thread-1] INFO  server.RaftServerConfigKeys (ConfUtils.java:logGet(46)) - raft.server.log.purge.gap = 1000000 (custom)
2022-10-03 12:54:48,907 [pool-218-thread-1] INFO  server.RaftServerConfigKeys (ConfUtils.java:logGet(46)) - raft.server.log.appender.buffer.byte-limit = 33554432 (custom)
2022-10-03 12:54:48,908 [EventQueue-OpenPipelineForHealthyPipelineSafeModeRule] INFO  safemode.SCMSafeModeManager (HealthyPipelineSafeModeRule.java:process(137)) - SCM in safe mode. Healthy pipelines reported count is 0, required healthy pipeline reported count is 1
2022-10-03 12:54:48,908 [pool-218-thread-1] INFO  server.RaftServerConfigKeys (ConfUtils.java:logGet(46)) - raft.server.log.statemachine.data.read.timeout = 1000ms (default)
2022-10-03 12:54:48,909 [pool-218-thread-1] INFO  server.RaftServerConfigKeys (ConfUtils.java:logGet(46)) - raft.server.log.segment.size.max = 1048576 (custom)
2022-10-03 12:54:48,909 [pool-218-thread-1] INFO  server.RaftServerConfigKeys (ConfUtils.java:logGet(46)) - raft.server.log.segment.cache.num.max = 2 (custom)
2022-10-03 12:54:48,909 [pool-218-thread-1] INFO  server.RaftServerConfigKeys (ConfUtils.java:logGet(46)) - raft.server.log.segment.cache.size.max = 200MB (=209715200) (default)
2022-10-03 12:54:48,909 [pool-218-thread-1] INFO  segmented.SegmentedRaftLogWorker (SegmentedRaftLogWorker.java:<init>(187)) - new 80c6e929-872b-4790-af2a-af17d73a1ffe@group-F260516A388C-SegmentedRaftLogWorker for RaftStorageImpl:Storage Directory /home/runner/work/ozone/ozone/hadoop-ozone/integration-test/target/test-dir/MiniOzoneClusterImpl-da160868-f19b-48c1-b90c-c3b9b090623c/datanode-0/data/ratis/814082d6-f27e-4346-839c-f260516a388c
2022-10-03 12:54:48,909 [pool-218-thread-1] INFO  server.RaftServerConfigKeys (ConfUtils.java:logGet(46)) - raft.server.log.queue.byte-limit = 4294967296 (custom)
2022-10-03 12:54:48,909 [pool-218-thread-1] INFO  server.RaftServerConfigKeys (ConfUtils.java:logGet(46)) - raft.server.log.queue.element-limit = 1024 (custom)
2022-10-03 12:54:48,909 [pool-218-thread-1] INFO  server.RaftServerConfigKeys (ConfUtils.java:logGet(46)) - raft.server.log.segment.size.max = 1048576 (custom)
2022-10-03 12:54:48,909 [pool-218-thread-1] INFO  server.RaftServerConfigKeys (ConfUtils.java:logGet(46)) - raft.server.log.preallocated.size = 16384 (custom)
2022-10-03 12:54:48,909 [pool-218-thread-1] INFO  server.RaftServerConfigKeys (ConfUtils.java:logGet(46)) - raft.server.log.force.sync.num = 128 (default)
2022-10-03 12:54:48,909 [pool-218-thread-1] INFO  server.RaftServerConfigKeys (ConfUtils.java:logGet(46)) - raft.server.log.statemachine.data.sync = true (default)
2022-10-03 12:54:48,909 [pool-218-thread-1] INFO  server.RaftServerConfigKeys (ConfUtils.java:logGet(46)) - raft.server.log.statemachine.data.sync.timeout = 10s (default)
2022-10-03 12:54:48,909 [pool-218-thread-1] INFO  server.RaftServerConfigKeys (ConfUtils.java:logGet(46)) - raft.server.log.statemachine.data.sync.timeout.retry = -1 (default)
2022-10-03 12:54:48,910 [pool-218-thread-1] INFO  server.RaftServerConfigKeys (ConfUtils.java:logGet(46)) - raft.server.log.write.buffer.size = 1048576 (custom)
2022-10-03 12:54:48,911 [pool-218-thread-1] INFO  server.RaftServerConfigKeys (ConfUtils.java:logGet(46)) - raft.server.log.unsafe-flush.enabled = false (default)
2022-10-03 12:54:48,911 [pool-218-thread-1] INFO  server.RaftServerConfigKeys (ConfUtils.java:logGet(46)) - raft.server.log.statemachine.data.caching.enabled = true (custom)
2022-10-03 12:54:48,911 [pool-218-thread-1] INFO  segmented.SegmentedRaftLogWorker (SegmentedRaftLogWorker.java:lambda$new$0(135)) - 80c6e929-872b-4790-af2a-af17d73a1ffe@group-F260516A388C-SegmentedRaftLogWorker: flushIndex: setUnconditionally 0 -> -1
2022-10-03 12:54:48,911 [pool-218-thread-1] INFO  segmented.SegmentedRaftLogWorker (SegmentedRaftLogWorker.java:lambda$new$0(135)) - 80c6e929-872b-4790-af2a-af17d73a1ffe@group-F260516A388C-SegmentedRaftLogWorker: safeCacheEvictIndex: setUnconditionally 0 -> -1
2022-10-03 12:54:48,920 [pool-218-thread-1] INFO  server.RaftServerConfigKeys (ConfUtils.java:logGet(46)) - raft.server.snapshot.auto.trigger.enabled = true (custom)
2022-10-03 12:54:48,920 [pool-218-thread-1] INFO  server.RaftServerConfigKeys (ConfUtils.java:logGet(46)) - raft.server.snapshot.auto.trigger.threshold = 10000 (custom)
2022-10-03 12:54:48,920 [pool-218-thread-1] INFO  server.RaftServerConfigKeys (ConfUtils.java:logGet(46)) - raft.server.snapshot.retention.file.num = 5 (custom)
2022-10-03 12:54:48,920 [pool-218-thread-1] INFO  server.RaftServerConfigKeys (ConfUtils.java:logGet(46)) - raft.server.log.purge.upto.snapshot.index = false (default)
2022-10-03 12:54:48,920 [pool-218-thread-1] INFO  server.RaftServerConfigKeys (ConfUtils.java:logGet(46)) - raft.server.retrycache.expirytime = 600000ms (custom)
2022-10-03 12:54:48,920 [pool-218-thread-1] INFO  server.RaftServerConfigKeys (ConfUtils.java:logGet(46)) - raft.server.retrycache.statistics.expirytime = 100μs (default)
2022-10-03 12:54:48,921 [pool-218-thread-1] INFO  server.RaftServerConfigKeys (ConfUtils.java:logGet(46)) - raft.server.log.appender.install.snapshot.enabled = false (custom)
2022-10-03 12:54:48,921 [pool-218-thread-1] INFO  server.RaftServerConfigKeys (ConfUtils.java:logGet(46)) - raft.server.threadpool.server.cached = true (default)
2022-10-03 12:54:48,921 [pool-218-thread-1] INFO  server.RaftServerConfigKeys (ConfUtils.java:logGet(46)) - raft.server.threadpool.server.size = 0 (default)
2022-10-03 12:54:48,922 [pool-218-thread-1] INFO  server.RaftServerConfigKeys (ConfUtils.java:logGet(46)) - raft.server.threadpool.client.cached = true (default)
2022-10-03 12:54:48,922 [pool-218-thread-1] INFO  server.RaftServerConfigKeys (ConfUtils.java:logGet(46)) - raft.server.threadpool.client.size = 0 (default)
2022-10-03 12:54:48,922 [pool-218-thread-1] INFO  server.RaftServer$Division (RaftServerImpl.java:start(310)) - 80c6e929-872b-4790-af2a-af17d73a1ffe@group-F260516A388C: start as a follower, conf=-1: [785befec-25fa-4d9e-b471-d42e8e28eb7b|rpc:10.1.0.147:44563|priority:0, e69aea10-0801-41ac-a2b4-01fbb41e6c1c|rpc:10.1.0.147:41013|priority:1, 80c6e929-872b-4790-af2a-af17d73a1ffe|rpc:10.1.0.147:33091|priority:0], old=null
2022-10-03 12:54:48,922 [pool-218-thread-1] INFO  server.RaftServer$Division (RaftServerImpl.java:setRole(299)) - 80c6e929-872b-4790-af2a-af17d73a1ffe@group-F260516A388C: changes role from      null to FOLLOWER at term 0 for startAsFollower
2022-10-03 12:54:48,922 [pool-218-thread-1] INFO  impl.RoleInfo (RoleInfo.java:updateAndGet(139)) - 80c6e929-872b-4790-af2a-af17d73a1ffe: start 80c6e929-872b-4790-af2a-af17d73a1ffe@group-F260516A388C-FollowerState
2022-10-03 12:54:48,933 [pool-218-thread-1] INFO  util.JmxRegister (JmxRegister.java:tryRegister(44)) - Successfully registered JMX Bean with object name Ratis:service=RaftServer,group=group-F260516A388C,id=80c6e929-872b-4790-af2a-af17d73a1ffe
2022-10-03 12:54:48,945 [Command processor thread] INFO  ratis.XceiverServerRatis (XceiverServerRatis.java:addGroup(765)) - Created group PipelineID=814082d6-f27e-4346-839c-f260516a388c
2022-10-03 12:54:48,976 [grpc-default-executor-0] INFO  server.RaftServer (RaftServerProxy.java:addNew(96)) - e69aea10-0801-41ac-a2b4-01fbb41e6c1c: addNew group-F260516A388C:[785befec-25fa-4d9e-b471-d42e8e28eb7b|rpc:10.1.0.147:44563|dataStream:|priority:0, e69aea10-0801-41ac-a2b4-01fbb41e6c1c|rpc:10.1.0.147:41013|dataStream:|priority:1, 80c6e929-872b-4790-af2a-af17d73a1ffe|rpc:10.1.0.147:33091|dataStream:|priority:0] returns group-F260516A388C:java.util.concurrent.CompletableFuture@254978b[Not completed]
2022-10-03 12:54:48,980 [pool-264-thread-1] INFO  server.RaftServer$Division (RaftServerImpl.java:<init>(190)) - e69aea10-0801-41ac-a2b4-01fbb41e6c1c: new RaftServerImpl for group-F260516A388C:[785befec-25fa-4d9e-b471-d42e8e28eb7b|rpc:10.1.0.147:44563|dataStream:|priority:0, e69aea10-0801-41ac-a2b4-01fbb41e6c1c|rpc:10.1.0.147:41013|dataStream:|priority:1, 80c6e929-872b-4790-af2a-af17d73a1ffe|rpc:10.1.0.147:33091|dataStream:|priority:0] with ContainerStateMachine:uninitialized
2022-10-03 12:54:48,980 [pool-264-thread-1] INFO  server.RaftServerConfigKeys (ConfUtils.java:logGet(46)) - raft.server.rpc.timeout.min = 5s (custom)
2022-10-03 12:54:48,980 [pool-264-thread-1] INFO  server.RaftServerConfigKeys (ConfUtils.java:logGet(46)) - raft.server.rpc.timeout.max = 5200ms (custom)
2022-10-03 12:54:48,980 [pool-264-thread-1] INFO  server.RaftServerConfigKeys (ConfUtils.java:logGet(46)) - raft.server.rpc.sleep.time = 25ms (default)
2022-10-03 12:54:48,980 [pool-264-thread-1] INFO  server.RaftServerConfigKeys (ConfUtils.java:logGet(46)) - raft.server.rpc.slowness.timeout = 300s (custom)
2022-10-03 12:54:48,980 [pool-264-thread-1] INFO  server.RaftServerConfigKeys (ConfUtils.java:logGet(46)) - raft.server.leaderelection.leader.step-down.wait-time = 10s (default)
2022-10-03 12:54:48,980 [pool-264-thread-1] INFO  server.RaftServerConfigKeys (ConfUtils.java:logGet(46)) - raft.server.sleep.deviation.threshold = 300ms (default)
2022-10-03 12:54:48,980 [pool-264-thread-1] INFO  server.RaftServer$Division (ServerState.java:<init>(107)) - e69aea10-0801-41ac-a2b4-01fbb41e6c1c@group-F260516A388C: ConfigurationManager, init=-1: [785befec-25fa-4d9e-b471-d42e8e28eb7b|rpc:10.1.0.147:44563|dataStream:|priority:0, e69aea10-0801-41ac-a2b4-01fbb41e6c1c|rpc:10.1.0.147:41013|dataStream:|priority:1, 80c6e929-872b-4790-af2a-af17d73a1ffe|rpc:10.1.0.147:33091|dataStream:|priority:0], old=null, confs=<EMPTY_MAP>
2022-10-03 12:54:48,980 [pool-264-thread-1] INFO  server.RaftServerConfigKeys (ConfUtils.java:logGet(46)) - raft.server.storage.dir = [/home/runner/work/ozone/ozone/hadoop-ozone/integration-test/target/test-dir/MiniOzoneClusterImpl-da160868-f19b-48c1-b90c-c3b9b090623c/datanode-2/data/ratis] (custom)
2022-10-03 12:54:48,981 [pool-264-thread-1] INFO  server.RaftServerConfigKeys (ConfUtils.java:logGet(46)) - raft.server.log.corruption.policy = EXCEPTION (default)
2022-10-03 12:54:48,981 [pool-264-thread-1] INFO  server.RaftServerConfigKeys (ConfUtils.java:logGet(46)) - raft.server.storage.free-space.min = 0MB (=0) (default)
2022-10-03 12:54:48,981 [pool-264-thread-1] INFO  storage.RaftStorageDirectory (RaftStorageDirectoryImpl.java:analyzeStorage(135)) - The storage directory /home/runner/work/ozone/ozone/hadoop-ozone/integration-test/target/test-dir/MiniOzoneClusterImpl-da160868-f19b-48c1-b90c-c3b9b090623c/datanode-2/data/ratis/814082d6-f27e-4346-839c-f260516a388c does not exist. Creating ...
2022-10-03 12:54:48,982 [pool-264-thread-1] INFO  storage.RaftStorageDirectory (RaftStorageDirectoryImpl.java:tryLock(230)) - Lock on /home/runner/work/ozone/ozone/hadoop-ozone/integration-test/target/test-dir/MiniOzoneClusterImpl-da160868-f19b-48c1-b90c-c3b9b090623c/datanode-2/data/ratis/814082d6-f27e-4346-839c-f260516a388c/in_use.lock acquired by nodename 2263@fv-az443-503
2022-10-03 12:54:48,983 [pool-264-thread-1] INFO  storage.RaftStorage (RaftStorageImpl.java:format(89)) - Storage directory /home/runner/work/ozone/ozone/hadoop-ozone/integration-test/target/test-dir/MiniOzoneClusterImpl-da160868-f19b-48c1-b90c-c3b9b090623c/datanode-2/data/ratis/814082d6-f27e-4346-839c-f260516a388c has been successfully formatted.
2022-10-03 12:54:49,009 [pool-264-thread-1] INFO  ratis.ContainerStateMachine (ContainerStateMachine.java:loadSnapshot(236)) - group-F260516A388C: The snapshot info is null. Setting the last applied indexto:(t:0, i:~)
2022-10-03 12:54:49,009 [pool-264-thread-1] INFO  server.RaftServerConfigKeys (ConfUtils.java:logGet(46)) - raft.server.notification.no-leader.timeout = 300s (custom)
2022-10-03 12:54:49,009 [pool-264-thread-1] INFO  server.RaftServerConfigKeys (ConfUtils.java:logGet(46)) - raft.server.log.use.memory = false (default)
2022-10-03 12:54:49,009 [pool-264-thread-1] INFO  server.RaftServerConfigKeys (ConfUtils.java:logGet(46)) - raft.server.log.purge.gap = 1000000 (custom)
2022-10-03 12:54:49,009 [pool-264-thread-1] INFO  server.RaftServerConfigKeys (ConfUtils.java:logGet(46)) - raft.server.log.appender.buffer.byte-limit = 33554432 (custom)
2022-10-03 12:54:49,009 [pool-264-thread-1] INFO  server.RaftServerConfigKeys (ConfUtils.java:logGet(46)) - raft.server.log.statemachine.data.read.timeout = 1000ms (default)
2022-10-03 12:54:49,010 [pool-264-thread-1] INFO  server.RaftServerConfigKeys (ConfUtils.java:logGet(46)) - raft.server.log.segment.size.max = 1048576 (custom)
2022-10-03 12:54:49,010 [pool-264-thread-1] INFO  server.RaftServerConfigKeys (ConfUtils.java:logGet(46)) - raft.server.log.segment.cache.num.max = 2 (custom)
2022-10-03 12:54:49,010 [pool-264-thread-1] INFO  server.RaftServerConfigKeys (ConfUtils.java:logGet(46)) - raft.server.log.segment.cache.size.max = 200MB (=209715200) (default)
2022-10-03 12:54:49,010 [pool-264-thread-1] INFO  segmented.SegmentedRaftLogWorker (SegmentedRaftLogWorker.java:<init>(187)) - new e69aea10-0801-41ac-a2b4-01fbb41e6c1c@group-F260516A388C-SegmentedRaftLogWorker for RaftStorageImpl:Storage Directory /home/runner/work/ozone/ozone/hadoop-ozone/integration-test/target/test-dir/MiniOzoneClusterImpl-da160868-f19b-48c1-b90c-c3b9b090623c/datanode-2/data/ratis/814082d6-f27e-4346-839c-f260516a388c
2022-10-03 12:54:49,010 [pool-264-thread-1] INFO  server.RaftServerConfigKeys (ConfUtils.java:logGet(46)) - raft.server.log.queue.byte-limit = 4294967296 (custom)
2022-10-03 12:54:49,010 [pool-264-thread-1] INFO  server.RaftServerConfigKeys (ConfUtils.java:logGet(46)) - raft.server.log.queue.element-limit = 1024 (custom)
2022-10-03 12:54:49,010 [pool-264-thread-1] INFO  server.RaftServerConfigKeys (ConfUtils.java:logGet(46)) - raft.server.log.segment.size.max = 1048576 (custom)
2022-10-03 12:54:49,010 [pool-264-thread-1] INFO  server.RaftServerConfigKeys (ConfUtils.java:logGet(46)) - raft.server.log.preallocated.size = 16384 (custom)
2022-10-03 12:54:49,010 [pool-264-thread-1] INFO  server.RaftServerConfigKeys (ConfUtils.java:logGet(46)) - raft.server.log.force.sync.num = 128 (default)
2022-10-03 12:54:49,010 [pool-264-thread-1] INFO  server.RaftServerConfigKeys (ConfUtils.java:logGet(46)) - raft.server.log.statemachine.data.sync = true (default)
2022-10-03 12:54:49,010 [pool-264-thread-1] INFO  server.RaftServerConfigKeys (ConfUtils.java:logGet(46)) - raft.server.log.statemachine.data.sync.timeout = 10s (default)
2022-10-03 12:54:49,010 [pool-264-thread-1] INFO  server.RaftServerConfigKeys (ConfUtils.java:logGet(46)) - raft.server.log.statemachine.data.sync.timeout.retry = -1 (default)
2022-10-03 12:54:49,011 [pool-264-thread-1] INFO  server.RaftServerConfigKeys (ConfUtils.java:logGet(46)) - raft.server.log.write.buffer.size = 1048576 (custom)
2022-10-03 12:54:49,012 [pool-264-thread-1] INFO  server.RaftServerConfigKeys (ConfUtils.java:logGet(46)) - raft.server.log.unsafe-flush.enabled = false (default)
2022-10-03 12:54:49,012 [pool-264-thread-1] INFO  server.RaftServerConfigKeys (ConfUtils.java:logGet(46)) - raft.server.log.statemachine.data.caching.enabled = true (custom)
2022-10-03 12:54:49,012 [pool-264-thread-1] INFO  segmented.SegmentedRaftLogWorker (SegmentedRaftLogWorker.java:lambda$new$0(135)) - e69aea10-0801-41ac-a2b4-01fbb41e6c1c@group-F260516A388C-SegmentedRaftLogWorker: flushIndex: setUnconditionally 0 -> -1
2022-10-03 12:54:49,012 [pool-264-thread-1] INFO  segmented.SegmentedRaftLogWorker (SegmentedRaftLogWorker.java:lambda$new$0(135)) - e69aea10-0801-41ac-a2b4-01fbb41e6c1c@group-F260516A388C-SegmentedRaftLogWorker: safeCacheEvictIndex: setUnconditionally 0 -> -1
2022-10-03 12:54:49,023 [pool-264-thread-1] INFO  server.RaftServerConfigKeys (ConfUtils.java:logGet(46)) - raft.server.snapshot.auto.trigger.enabled = true (custom)
2022-10-03 12:54:49,023 [pool-264-thread-1] INFO  server.RaftServerConfigKeys (ConfUtils.java:logGet(46)) - raft.server.snapshot.auto.trigger.threshold = 10000 (custom)
2022-10-03 12:54:49,023 [pool-264-thread-1] INFO  server.RaftServerConfigKeys (ConfUtils.java:logGet(46)) - raft.server.snapshot.retention.file.num = 5 (custom)
2022-10-03 12:54:49,023 [pool-264-thread-1] INFO  server.RaftServerConfigKeys (ConfUtils.java:logGet(46)) - raft.server.log.purge.upto.snapshot.index = false (default)
2022-10-03 12:54:49,023 [pool-264-thread-1] INFO  server.RaftServerConfigKeys (ConfUtils.java:logGet(46)) - raft.server.retrycache.expirytime = 600000ms (custom)
2022-10-03 12:54:49,023 [pool-264-thread-1] INFO  server.RaftServerConfigKeys (ConfUtils.java:logGet(46)) - raft.server.retrycache.statistics.expirytime = 100μs (default)
2022-10-03 12:54:49,024 [pool-264-thread-1] INFO  server.RaftServerConfigKeys (ConfUtils.java:logGet(46)) - raft.server.log.appender.install.snapshot.enabled = false (custom)
2022-10-03 12:54:49,028 [pool-264-thread-1] INFO  server.RaftServerConfigKeys (ConfUtils.java:logGet(46)) - raft.server.threadpool.server.cached = true (default)
2022-10-03 12:54:49,028 [pool-264-thread-1] INFO  server.RaftServerConfigKeys (ConfUtils.java:logGet(46)) - raft.server.threadpool.server.size = 0 (default)
2022-10-03 12:54:49,028 [pool-264-thread-1] INFO  server.RaftServerConfigKeys (ConfUtils.java:logGet(46)) - raft.server.threadpool.client.cached = true (default)
2022-10-03 12:54:49,028 [pool-264-thread-1] INFO  server.RaftServerConfigKeys (ConfUtils.java:logGet(46)) - raft.server.threadpool.client.size = 0 (default)
2022-10-03 12:54:49,029 [pool-264-thread-1] INFO  server.RaftServer$Division (RaftServerImpl.java:start(310)) - e69aea10-0801-41ac-a2b4-01fbb41e6c1c@group-F260516A388C: start as a follower, conf=-1: [785befec-25fa-4d9e-b471-d42e8e28eb7b|rpc:10.1.0.147:44563|dataStream:|priority:0, e69aea10-0801-41ac-a2b4-01fbb41e6c1c|rpc:10.1.0.147:41013|dataStream:|priority:1, 80c6e929-872b-4790-af2a-af17d73a1ffe|rpc:10.1.0.147:33091|dataStream:|priority:0], old=null
2022-10-03 12:54:49,029 [pool-264-thread-1] INFO  server.RaftServer$Division (RaftServerImpl.java:setRole(299)) - e69aea10-0801-41ac-a2b4-01fbb41e6c1c@group-F260516A388C: changes role from      null to FOLLOWER at term 0 for startAsFollower
2022-10-03 12:54:49,029 [pool-264-thread-1] INFO  impl.RoleInfo (RoleInfo.java:updateAndGet(139)) - e69aea10-0801-41ac-a2b4-01fbb41e6c1c: start e69aea10-0801-41ac-a2b4-01fbb41e6c1c@group-F260516A388C-FollowerState
2022-10-03 12:54:49,030 [pool-264-thread-1] INFO  util.JmxRegister (JmxRegister.java:tryRegister(44)) - Successfully registered JMX Bean with object name Ratis:service=RaftServer,group=group-F260516A388C,id=e69aea10-0801-41ac-a2b4-01fbb41e6c1c
2022-10-03 12:54:49,057 [grpc-default-executor-0] INFO  server.RaftServer (RaftServerProxy.java:addNew(96)) - 785befec-25fa-4d9e-b471-d42e8e28eb7b: addNew group-F260516A388C:[785befec-25fa-4d9e-b471-d42e8e28eb7b|rpc:10.1.0.147:44563|dataStream:|priority:0, e69aea10-0801-41ac-a2b4-01fbb41e6c1c|rpc:10.1.0.147:41013|dataStream:|priority:1, 80c6e929-872b-4790-af2a-af17d73a1ffe|rpc:10.1.0.147:33091|dataStream:|priority:0] returns group-F260516A388C:java.util.concurrent.CompletableFuture@53ee9680[Not completed]
2022-10-03 12:54:49,059 [pool-241-thread-1] INFO  server.RaftServer$Division (RaftServerImpl.java:<init>(190)) - 785befec-25fa-4d9e-b471-d42e8e28eb7b: new RaftServerImpl for group-F260516A388C:[785befec-25fa-4d9e-b471-d42e8e28eb7b|rpc:10.1.0.147:44563|dataStream:|priority:0, e69aea10-0801-41ac-a2b4-01fbb41e6c1c|rpc:10.1.0.147:41013|dataStream:|priority:1, 80c6e929-872b-4790-af2a-af17d73a1ffe|rpc:10.1.0.147:33091|dataStream:|priority:0] with ContainerStateMachine:uninitialized
2022-10-03 12:54:49,059 [pool-241-thread-1] INFO  server.RaftServerConfigKeys (ConfUtils.java:logGet(46)) - raft.server.rpc.timeout.min = 5s (custom)
2022-10-03 12:54:49,059 [pool-241-thread-1] INFO  server.RaftServerConfigKeys (ConfUtils.java:logGet(46)) - raft.server.rpc.timeout.max = 5200ms (custom)
2022-10-03 12:54:49,059 [pool-241-thread-1] INFO  server.RaftServerConfigKeys (ConfUtils.java:logGet(46)) - raft.server.rpc.sleep.time = 25ms (default)
2022-10-03 12:54:49,059 [pool-241-thread-1] INFO  server.RaftServerConfigKeys (ConfUtils.java:logGet(46)) - raft.server.rpc.slowness.timeout = 300s (custom)
2022-10-03 12:54:49,059 [pool-241-thread-1] INFO  server.RaftServerConfigKeys (ConfUtils.java:logGet(46)) - raft.server.leaderelection.leader.step-down.wait-time = 10s (default)
2022-10-03 12:54:49,059 [pool-241-thread-1] INFO  server.RaftServerConfigKeys (ConfUtils.java:logGet(46)) - raft.server.sleep.deviation.threshold = 300ms (default)
2022-10-03 12:54:49,059 [pool-241-thread-1] INFO  server.RaftServer$Division (ServerState.java:<init>(107)) - 785befec-25fa-4d9e-b471-d42e8e28eb7b@group-F260516A388C: ConfigurationManager, init=-1: [785befec-25fa-4d9e-b471-d42e8e28eb7b|rpc:10.1.0.147:44563|dataStream:|priority:0, e69aea10-0801-41ac-a2b4-01fbb41e6c1c|rpc:10.1.0.147:41013|dataStream:|priority:1, 80c6e929-872b-4790-af2a-af17d73a1ffe|rpc:10.1.0.147:33091|dataStream:|priority:0], old=null, confs=<EMPTY_MAP>
2022-10-03 12:54:49,059 [pool-241-thread-1] INFO  server.RaftServerConfigKeys (ConfUtils.java:logGet(46)) - raft.server.storage.dir = [/home/runner/work/ozone/ozone/hadoop-ozone/integration-test/target/test-dir/MiniOzoneClusterImpl-da160868-f19b-48c1-b90c-c3b9b090623c/datanode-1/data/ratis] (custom)
2022-10-03 12:54:49,059 [pool-241-thread-1] INFO  server.RaftServerConfigKeys (ConfUtils.java:logGet(46)) - raft.server.log.corruption.policy = EXCEPTION (default)
2022-10-03 12:54:49,059 [pool-241-thread-1] INFO  server.RaftServerConfigKeys (ConfUtils.java:logGet(46)) - raft.server.storage.free-space.min = 0MB (=0) (default)
2022-10-03 12:54:49,059 [pool-241-thread-1] INFO  storage.RaftStorageDirectory (RaftStorageDirectoryImpl.java:analyzeStorage(135)) - The storage directory /home/runner/work/ozone/ozone/hadoop-ozone/integration-test/target/test-dir/MiniOzoneClusterImpl-da160868-f19b-48c1-b90c-c3b9b090623c/datanode-1/data/ratis/814082d6-f27e-4346-839c-f260516a388c does not exist. Creating ...
2022-10-03 12:54:49,060 [pool-241-thread-1] INFO  storage.RaftStorageDirectory (RaftStorageDirectoryImpl.java:tryLock(230)) - Lock on /home/runner/work/ozone/ozone/hadoop-ozone/integration-test/target/test-dir/MiniOzoneClusterImpl-da160868-f19b-48c1-b90c-c3b9b090623c/datanode-1/data/ratis/814082d6-f27e-4346-839c-f260516a388c/in_use.lock acquired by nodename 2263@fv-az443-503
2022-10-03 12:54:49,062 [pool-241-thread-1] INFO  storage.RaftStorage (RaftStorageImpl.java:format(89)) - Storage directory /home/runner/work/ozone/ozone/hadoop-ozone/integration-test/target/test-dir/MiniOzoneClusterImpl-da160868-f19b-48c1-b90c-c3b9b090623c/datanode-1/data/ratis/814082d6-f27e-4346-839c-f260516a388c has been successfully formatted.
2022-10-03 12:54:49,069 [pool-241-thread-1] INFO  ratis.ContainerStateMachine (ContainerStateMachine.java:loadSnapshot(236)) - group-F260516A388C: The snapshot info is null. Setting the last applied indexto:(t:0, i:~)
2022-10-03 12:54:49,069 [pool-241-thread-1] INFO  server.RaftServerConfigKeys (ConfUtils.java:logGet(46)) - raft.server.notification.no-leader.timeout = 300s (custom)
2022-10-03 12:54:49,069 [pool-241-thread-1] INFO  server.RaftServerConfigKeys (ConfUtils.java:logGet(46)) - raft.server.log.use.memory = false (default)
2022-10-03 12:54:49,069 [pool-241-thread-1] INFO  server.RaftServerConfigKeys (ConfUtils.java:logGet(46)) - raft.server.log.purge.gap = 1000000 (custom)
2022-10-03 12:54:49,069 [pool-241-thread-1] INFO  server.RaftServerConfigKeys (ConfUtils.java:logGet(46)) - raft.server.log.appender.buffer.byte-limit = 33554432 (custom)
2022-10-03 12:54:49,069 [pool-241-thread-1] INFO  server.RaftServerConfigKeys (ConfUtils.java:logGet(46)) - raft.server.log.statemachine.data.read.timeout = 1000ms (default)
2022-10-03 12:54:49,070 [pool-241-thread-1] INFO  server.RaftServerConfigKeys (ConfUtils.java:logGet(46)) - raft.server.log.segment.size.max = 1048576 (custom)
2022-10-03 12:54:49,070 [pool-241-thread-1] INFO  server.RaftServerConfigKeys (ConfUtils.java:logGet(46)) - raft.server.log.segment.cache.num.max = 2 (custom)
2022-10-03 12:54:49,070 [pool-241-thread-1] INFO  server.RaftServerConfigKeys (ConfUtils.java:logGet(46)) - raft.server.log.segment.cache.size.max = 200MB (=209715200) (default)
2022-10-03 12:54:49,070 [pool-241-thread-1] INFO  segmented.SegmentedRaftLogWorker (SegmentedRaftLogWorker.java:<init>(187)) - new 785befec-25fa-4d9e-b471-d42e8e28eb7b@group-F260516A388C-SegmentedRaftLogWorker for RaftStorageImpl:Storage Directory /home/runner/work/ozone/ozone/hadoop-ozone/integration-test/target/test-dir/MiniOzoneClusterImpl-da160868-f19b-48c1-b90c-c3b9b090623c/datanode-1/data/ratis/814082d6-f27e-4346-839c-f260516a388c
2022-10-03 12:54:49,070 [pool-241-thread-1] INFO  server.RaftServerConfigKeys (ConfUtils.java:logGet(46)) - raft.server.log.queue.byte-limit = 4294967296 (custom)
2022-10-03 12:54:49,070 [pool-241-thread-1] INFO  server.RaftServerConfigKeys (ConfUtils.java:logGet(46)) - raft.server.log.queue.element-limit = 1024 (custom)
2022-10-03 12:54:49,070 [pool-241-thread-1] INFO  server.RaftServerConfigKeys (ConfUtils.java:logGet(46)) - raft.server.log.segment.size.max = 1048576 (custom)
2022-10-03 12:54:49,070 [pool-241-thread-1] INFO  server.RaftServerConfigKeys (ConfUtils.java:logGet(46)) - raft.server.log.preallocated.size = 16384 (custom)
2022-10-03 12:54:49,070 [pool-241-thread-1] INFO  server.RaftServerConfigKeys (ConfUtils.java:logGet(46)) - raft.server.log.force.sync.num = 128 (default)
2022-10-03 12:54:49,070 [pool-241-thread-1] INFO  server.RaftServerConfigKeys (ConfUtils.java:logGet(46)) - raft.server.log.statemachine.data.sync = true (default)
2022-10-03 12:54:49,070 [pool-241-thread-1] INFO  server.RaftServerConfigKeys (ConfUtils.java:logGet(46)) - raft.server.log.statemachine.data.sync.timeout = 10s (default)
2022-10-03 12:54:49,070 [pool-241-thread-1] INFO  server.RaftServerConfigKeys (ConfUtils.java:logGet(46)) - raft.server.log.statemachine.data.sync.timeout.retry = -1 (default)
2022-10-03 12:54:49,071 [pool-241-thread-1] INFO  server.RaftServerConfigKeys (ConfUtils.java:logGet(46)) - raft.server.log.write.buffer.size = 1048576 (custom)
2022-10-03 12:54:49,072 [pool-241-thread-1] INFO  server.RaftServerConfigKeys (ConfUtils.java:logGet(46)) - raft.server.log.unsafe-flush.enabled = false (default)
2022-10-03 12:54:49,072 [pool-241-thread-1] INFO  server.RaftServerConfigKeys (ConfUtils.java:logGet(46)) - raft.server.log.statemachine.data.caching.enabled = true (custom)
2022-10-03 12:54:49,072 [pool-241-thread-1] INFO  segmented.SegmentedRaftLogWorker (SegmentedRaftLogWorker.java:lambda$new$0(135)) - 785befec-25fa-4d9e-b471-d42e8e28eb7b@group-F260516A388C-SegmentedRaftLogWorker: flushIndex: setUnconditionally 0 -> -1
2022-10-03 12:54:49,072 [pool-241-thread-1] INFO  segmented.SegmentedRaftLogWorker (SegmentedRaftLogWorker.java:lambda$new$0(135)) - 785befec-25fa-4d9e-b471-d42e8e28eb7b@group-F260516A388C-SegmentedRaftLogWorker: safeCacheEvictIndex: setUnconditionally 0 -> -1
2022-10-03 12:54:49,085 [pool-241-thread-1] INFO  server.RaftServerConfigKeys (ConfUtils.java:logGet(46)) - raft.server.snapshot.auto.trigger.enabled = true (custom)
2022-10-03 12:54:49,085 [pool-241-thread-1] INFO  server.RaftServerConfigKeys (ConfUtils.java:logGet(46)) - raft.server.snapshot.auto.trigger.threshold = 10000 (custom)
2022-10-03 12:54:49,085 [pool-241-thread-1] INFO  server.RaftServerConfigKeys (ConfUtils.java:logGet(46)) - raft.server.snapshot.retention.file.num = 5 (custom)
2022-10-03 12:54:49,085 [pool-241-thread-1] INFO  server.RaftServerConfigKeys (ConfUtils.java:logGet(46)) - raft.server.log.purge.upto.snapshot.index = false (default)
2022-10-03 12:54:49,085 [pool-241-thread-1] INFO  server.RaftServerConfigKeys (ConfUtils.java:logGet(46)) - raft.server.retrycache.expirytime = 600000ms (custom)
2022-10-03 12:54:49,085 [pool-241-thread-1] INFO  server.RaftServerConfigKeys (ConfUtils.java:logGet(46)) - raft.server.retrycache.statistics.expirytime = 100μs (default)
2022-10-03 12:54:49,086 [pool-241-thread-1] INFO  server.RaftServerConfigKeys (ConfUtils.java:logGet(46)) - raft.server.log.appender.install.snapshot.enabled = false (custom)
2022-10-03 12:54:49,086 [pool-241-thread-1] INFO  server.RaftServerConfigKeys (ConfUtils.java:logGet(46)) - raft.server.threadpool.server.cached = true (default)
2022-10-03 12:54:49,086 [pool-241-thread-1] INFO  server.RaftServerConfigKeys (ConfUtils.java:logGet(46)) - raft.server.threadpool.server.size = 0 (default)
2022-10-03 12:54:49,086 [pool-241-thread-1] INFO  server.RaftServerConfigKeys (ConfUtils.java:logGet(46)) - raft.server.threadpool.client.cached = true (default)
2022-10-03 12:54:49,086 [pool-241-thread-1] INFO  server.RaftServerConfigKeys (ConfUtils.java:logGet(46)) - raft.server.threadpool.client.size = 0 (default)
2022-10-03 12:54:49,086 [pool-241-thread-1] INFO  server.RaftServer$Division (RaftServerImpl.java:start(310)) - 785befec-25fa-4d9e-b471-d42e8e28eb7b@group-F260516A388C: start as a follower, conf=-1: [785befec-25fa-4d9e-b471-d42e8e28eb7b|rpc:10.1.0.147:44563|dataStream:|priority:0, e69aea10-0801-41ac-a2b4-01fbb41e6c1c|rpc:10.1.0.147:41013|dataStream:|priority:1, 80c6e929-872b-4790-af2a-af17d73a1ffe|rpc:10.1.0.147:33091|dataStream:|priority:0], old=null
2022-10-03 12:54:49,087 [pool-241-thread-1] INFO  server.RaftServer$Division (RaftServerImpl.java:setRole(299)) - 785befec-25fa-4d9e-b471-d42e8e28eb7b@group-F260516A388C: changes role from      null to FOLLOWER at term 0 for startAsFollower
2022-10-03 12:54:49,087 [pool-241-thread-1] INFO  impl.RoleInfo (RoleInfo.java:updateAndGet(139)) - 785befec-25fa-4d9e-b471-d42e8e28eb7b: start 785befec-25fa-4d9e-b471-d42e8e28eb7b@group-F260516A388C-FollowerState
2022-10-03 12:54:49,094 [pool-241-thread-1] INFO  util.JmxRegister (JmxRegister.java:tryRegister(44)) - Successfully registered JMX Bean with object name Ratis:service=RaftServer,group=group-F260516A388C,id=785befec-25fa-4d9e-b471-d42e8e28eb7b
2022-10-03 12:54:49,105 [Command processor thread] INFO  commandhandler.CreatePipelineCommandHandler (CreatePipelineCommandHandler.java:handle(113)) - Created Pipeline RATIS THREE PipelineID=814082d6-f27e-4346-839c-f260516a388c.
2022-10-03 12:54:49,106 [Command processor thread] INFO  server.RaftServer (RaftServerProxy.java:addNew(96)) - 80c6e929-872b-4790-af2a-af17d73a1ffe: addNew group-3A975295E0D1:[785befec-25fa-4d9e-b471-d42e8e28eb7b|rpc:10.1.0.147:44563|priority:0, e69aea10-0801-41ac-a2b4-01fbb41e6c1c|rpc:10.1.0.147:41013|priority:0, 80c6e929-872b-4790-af2a-af17d73a1ffe|rpc:10.1.0.147:33091|priority:1] returns group-3A975295E0D1:java.util.concurrent.CompletableFuture@495bfba6[Not completed]
2022-10-03 12:54:49,107 [pool-218-thread-1] INFO  server.RaftServer$Division (RaftServerImpl.java:<init>(190)) - 80c6e929-872b-4790-af2a-af17d73a1ffe: new RaftServerImpl for group-3A975295E0D1:[785befec-25fa-4d9e-b471-d42e8e28eb7b|rpc:10.1.0.147:44563|priority:0, e69aea10-0801-41ac-a2b4-01fbb41e6c1c|rpc:10.1.0.147:41013|priority:0, 80c6e929-872b-4790-af2a-af17d73a1ffe|rpc:10.1.0.147:33091|priority:1] with ContainerStateMachine:uninitialized
2022-10-03 12:54:49,107 [pool-218-thread-1] INFO  server.RaftServerConfigKeys (ConfUtils.java:logGet(46)) - raft.server.rpc.timeout.min = 5s (custom)
2022-10-03 12:54:49,107 [pool-218-thread-1] INFO  server.RaftServerConfigKeys (ConfUtils.java:logGet(46)) - raft.server.rpc.timeout.max = 5200ms (custom)
2022-10-03 12:54:49,107 [pool-218-thread-1] INFO  server.RaftServerConfigKeys (ConfUtils.java:logGet(46)) - raft.server.rpc.sleep.time = 25ms (default)
2022-10-03 12:54:49,107 [pool-218-thread-1] INFO  server.RaftServerConfigKeys (ConfUtils.java:logGet(46)) - raft.server.rpc.slowness.timeout = 300s (custom)
2022-10-03 12:54:49,107 [pool-218-thread-1] INFO  server.RaftServerConfigKeys (ConfUtils.java:logGet(46)) - raft.server.leaderelection.leader.step-down.wait-time = 10s (default)
2022-10-03 12:54:49,107 [pool-218-thread-1] INFO  server.RaftServerConfigKeys (ConfUtils.java:logGet(46)) - raft.server.sleep.deviation.threshold = 300ms (default)
2022-10-03 12:54:49,107 [pool-218-thread-1] INFO  server.RaftServer$Division (ServerState.java:<init>(107)) - 80c6e929-872b-4790-af2a-af17d73a1ffe@group-3A975295E0D1: ConfigurationManager, init=-1: [785befec-25fa-4d9e-b471-d42e8e28eb7b|rpc:10.1.0.147:44563|priority:0, e69aea10-0801-41ac-a2b4-01fbb41e6c1c|rpc:10.1.0.147:41013|priority:0, 80c6e929-872b-4790-af2a-af17d73a1ffe|rpc:10.1.0.147:33091|priority:1], old=null, confs=<EMPTY_MAP>
2022-10-03 12:54:49,107 [pool-218-thread-1] INFO  server.RaftServerConfigKeys (ConfUtils.java:logGet(46)) - raft.server.storage.dir = [/home/runner/work/ozone/ozone/hadoop-ozone/integration-test/target/test-dir/MiniOzoneClusterImpl-da160868-f19b-48c1-b90c-c3b9b090623c/datanode-0/data/ratis] (custom)
2022-10-03 12:54:49,107 [pool-218-thread-1] INFO  server.RaftServerConfigKeys (ConfUtils.java:logGet(46)) - raft.server.log.corruption.policy = EXCEPTION (default)
2022-10-03 12:54:49,107 [pool-218-thread-1] INFO  server.RaftServerConfigKeys (ConfUtils.java:logGet(46)) - raft.server.storage.free-space.min = 0MB (=0) (default)
2022-10-03 12:54:49,107 [pool-218-thread-1] INFO  storage.RaftStorageDirectory (RaftStorageDirectoryImpl.java:analyzeStorage(135)) - The storage directory /home/runner/work/ozone/ozone/hadoop-ozone/integration-test/target/test-dir/MiniOzoneClusterImpl-da160868-f19b-48c1-b90c-c3b9b090623c/datanode-0/data/ratis/0356f669-3719-4f55-8c66-3a975295e0d1 does not exist. Creating ...
2022-10-03 12:54:49,108 [pool-218-thread-1] INFO  storage.RaftStorageDirectory (RaftStorageDirectoryImpl.java:tryLock(230)) - Lock on /home/runner/work/ozone/ozone/hadoop-ozone/integration-test/target/test-dir/MiniOzoneClusterImpl-da160868-f19b-48c1-b90c-c3b9b090623c/datanode-0/data/ratis/0356f669-3719-4f55-8c66-3a975295e0d1/in_use.lock acquired by nodename 2263@fv-az443-503
2022-10-03 12:54:49,129 [pool-218-thread-1] INFO  storage.RaftStorage (RaftStorageImpl.java:format(89)) - Storage directory /home/runner/work/ozone/ozone/hadoop-ozone/integration-test/target/test-dir/MiniOzoneClusterImpl-da160868-f19b-48c1-b90c-c3b9b090623c/datanode-0/data/ratis/0356f669-3719-4f55-8c66-3a975295e0d1 has been successfully formatted.
2022-10-03 12:54:49,130 [pool-218-thread-1] INFO  ratis.ContainerStateMachine (ContainerStateMachine.java:loadSnapshot(236)) - group-3A975295E0D1: The snapshot info is null. Setting the last applied indexto:(t:0, i:~)
2022-10-03 12:54:49,130 [pool-218-thread-1] INFO  server.RaftServerConfigKeys (ConfUtils.java:logGet(46)) - raft.server.notification.no-leader.timeout = 300s (custom)
2022-10-03 12:54:49,130 [pool-218-thread-1] INFO  server.RaftServerConfigKeys (ConfUtils.java:logGet(46)) - raft.server.log.use.memory = false (default)
2022-10-03 12:54:49,130 [pool-218-thread-1] INFO  server.RaftServerConfigKeys (ConfUtils.java:logGet(46)) - raft.server.log.purge.gap = 1000000 (custom)
2022-10-03 12:54:49,130 [pool-218-thread-1] INFO  server.RaftServerConfigKeys (ConfUtils.java:logGet(46)) - raft.server.log.appender.buffer.byte-limit = 33554432 (custom)
2022-10-03 12:54:49,130 [pool-218-thread-1] INFO  server.RaftServerConfigKeys (ConfUtils.java:logGet(46)) - raft.server.log.statemachine.data.read.timeout = 1000ms (default)
2022-10-03 12:54:49,130 [pool-218-thread-1] INFO  server.RaftServerConfigKeys (ConfUtils.java:logGet(46)) - raft.server.log.segment.size.max = 1048576 (custom)
2022-10-03 12:54:49,131 [pool-218-thread-1] INFO  server.RaftServerConfigKeys (ConfUtils.java:logGet(46)) - raft.server.log.segment.cache.num.max = 2 (custom)
2022-10-03 12:54:49,131 [pool-218-thread-1] INFO  server.RaftServerConfigKeys (ConfUtils.java:logGet(46)) - raft.server.log.segment.cache.size.max = 200MB (=209715200) (default)
2022-10-03 12:54:49,131 [pool-218-thread-1] INFO  segmented.SegmentedRaftLogWorker (SegmentedRaftLogWorker.java:<init>(187)) - new 80c6e929-872b-4790-af2a-af17d73a1ffe@group-3A975295E0D1-SegmentedRaftLogWorker for RaftStorageImpl:Storage Directory /home/runner/work/ozone/ozone/hadoop-ozone/integration-test/target/test-dir/MiniOzoneClusterImpl-da160868-f19b-48c1-b90c-c3b9b090623c/datanode-0/data/ratis/0356f669-3719-4f55-8c66-3a975295e0d1
2022-10-03 12:54:49,131 [pool-218-thread-1] INFO  server.RaftServerConfigKeys (ConfUtils.java:logGet(46)) - raft.server.log.queue.byte-limit = 4294967296 (custom)
2022-10-03 12:54:49,131 [pool-218-thread-1] INFO  server.RaftServerConfigKeys (ConfUtils.java:logGet(46)) - raft.server.log.queue.element-limit = 1024 (custom)
2022-10-03 12:54:49,131 [pool-218-thread-1] INFO  server.RaftServerConfigKeys (ConfUtils.java:logGet(46)) - raft.server.log.segment.size.max = 1048576 (custom)
2022-10-03 12:54:49,131 [pool-218-thread-1] INFO  server.RaftServerConfigKeys (ConfUtils.java:logGet(46)) - raft.server.log.preallocated.size = 16384 (custom)
2022-10-03 12:54:49,131 [pool-218-thread-1] INFO  server.RaftServerConfigKeys (ConfUtils.java:logGet(46)) - raft.server.log.force.sync.num = 128 (default)
2022-10-03 12:54:49,131 [pool-218-thread-1] INFO  server.RaftServerConfigKeys (ConfUtils.java:logGet(46)) - raft.server.log.statemachine.data.sync = true (default)
2022-10-03 12:54:49,131 [pool-218-thread-1] INFO  server.RaftServerConfigKeys (ConfUtils.java:logGet(46)) - raft.server.log.statemachine.data.sync.timeout = 10s (default)
2022-10-03 12:54:49,131 [pool-218-thread-1] INFO  server.RaftServerConfigKeys (ConfUtils.java:logGet(46)) - raft.server.log.statemachine.data.sync.timeout.retry = -1 (default)
2022-10-03 12:54:49,132 [pool-218-thread-1] INFO  server.RaftServerConfigKeys (ConfUtils.java:logGet(46)) - raft.server.log.write.buffer.size = 1048576 (custom)
2022-10-03 12:54:49,132 [pool-218-thread-1] INFO  server.RaftServerConfigKeys (ConfUtils.java:logGet(46)) - raft.server.log.unsafe-flush.enabled = false (default)
2022-10-03 12:54:49,132 [pool-218-thread-1] INFO  server.RaftServerConfigKeys (ConfUtils.java:logGet(46)) - raft.server.log.statemachine.data.caching.enabled = true (custom)
2022-10-03 12:54:49,133 [pool-218-thread-1] INFO  segmented.SegmentedRaftLogWorker (SegmentedRaftLogWorker.java:lambda$new$0(135)) - 80c6e929-872b-4790-af2a-af17d73a1ffe@group-3A975295E0D1-SegmentedRaftLogWorker: flushIndex: setUnconditionally 0 -> -1
2022-10-03 12:54:49,133 [pool-218-thread-1] INFO  segmented.SegmentedRaftLogWorker (SegmentedRaftLogWorker.java:lambda$new$0(135)) - 80c6e929-872b-4790-af2a-af17d73a1ffe@group-3A975295E0D1-SegmentedRaftLogWorker: safeCacheEvictIndex: setUnconditionally 0 -> -1
2022-10-03 12:54:49,138 [pool-218-thread-1] INFO  server.RaftServerConfigKeys (ConfUtils.java:logGet(46)) - raft.server.snapshot.auto.trigger.enabled = true (custom)
2022-10-03 12:54:49,138 [pool-218-thread-1] INFO  server.RaftServerConfigKeys (ConfUtils.java:logGet(46)) - raft.server.snapshot.auto.trigger.threshold = 10000 (custom)
2022-10-03 12:54:49,138 [pool-218-thread-1] INFO  server.RaftServerConfigKeys (ConfUtils.java:logGet(46)) - raft.server.snapshot.retention.file.num = 5 (custom)
2022-10-03 12:54:49,138 [pool-218-thread-1] INFO  server.RaftServerConfigKeys (ConfUtils.java:logGet(46)) - raft.server.log.purge.upto.snapshot.index = false (default)
2022-10-03 12:54:49,138 [pool-218-thread-1] INFO  server.RaftServerConfigKeys (ConfUtils.java:logGet(46)) - raft.server.retrycache.expirytime = 600000ms (custom)
2022-10-03 12:54:49,138 [pool-218-thread-1] INFO  server.RaftServerConfigKeys (ConfUtils.java:logGet(46)) - raft.server.retrycache.statistics.expirytime = 100μs (default)
2022-10-03 12:54:49,139 [pool-218-thread-1] INFO  server.RaftServerConfigKeys (ConfUtils.java:logGet(46)) - raft.server.log.appender.install.snapshot.enabled = false (custom)
2022-10-03 12:54:49,139 [pool-218-thread-1] INFO  server.RaftServerConfigKeys (ConfUtils.java:logGet(46)) - raft.server.threadpool.server.cached = true (default)
2022-10-03 12:54:49,139 [pool-218-thread-1] INFO  server.RaftServerConfigKeys (ConfUtils.java:logGet(46)) - raft.server.threadpool.server.size = 0 (default)
2022-10-03 12:54:49,139 [pool-218-thread-1] INFO  server.RaftServerConfigKeys (ConfUtils.java:logGet(46)) - raft.server.threadpool.client.cached = true (default)
2022-10-03 12:54:49,139 [pool-218-thread-1] INFO  server.RaftServerConfigKeys (ConfUtils.java:logGet(46)) - raft.server.threadpool.client.size = 0 (default)
2022-10-03 12:54:49,139 [pool-218-thread-1] INFO  server.RaftServer$Division (RaftServerImpl.java:start(310)) - 80c6e929-872b-4790-af2a-af17d73a1ffe@group-3A975295E0D1: start as a follower, conf=-1: [785befec-25fa-4d9e-b471-d42e8e28eb7b|rpc:10.1.0.147:44563|priority:0, e69aea10-0801-41ac-a2b4-01fbb41e6c1c|rpc:10.1.0.147:41013|priority:0, 80c6e929-872b-4790-af2a-af17d73a1ffe|rpc:10.1.0.147:33091|priority:1], old=null
2022-10-03 12:54:49,139 [pool-218-thread-1] INFO  server.RaftServer$Division (RaftServerImpl.java:setRole(299)) - 80c6e929-872b-4790-af2a-af17d73a1ffe@group-3A975295E0D1: changes role from      null to FOLLOWER at term 0 for startAsFollower
2022-10-03 12:54:49,139 [pool-218-thread-1] INFO  impl.RoleInfo (RoleInfo.java:updateAndGet(139)) - 80c6e929-872b-4790-af2a-af17d73a1ffe: start 80c6e929-872b-4790-af2a-af17d73a1ffe@group-3A975295E0D1-FollowerState
2022-10-03 12:54:49,139 [EventQueue-OpenPipelineForHealthyPipelineSafeModeRule] INFO  safemode.SCMSafeModeManager (HealthyPipelineSafeModeRule.java:process(137)) - SCM in safe mode. Healthy pipelines reported count is 0, required healthy pipeline reported count is 1
2022-10-03 12:54:49,149 [pool-218-thread-1] INFO  util.JmxRegister (JmxRegister.java:tryRegister(44)) - Successfully registered JMX Bean with object name Ratis:service=RaftServer,group=group-3A975295E0D1,id=80c6e929-872b-4790-af2a-af17d73a1ffe
2022-10-03 12:54:49,161 [Command processor thread] INFO  ratis.XceiverServerRatis (XceiverServerRatis.java:addGroup(765)) - Created group PipelineID=0356f669-3719-4f55-8c66-3a975295e0d1
2022-10-03 12:54:49,173 [grpc-default-executor-0] INFO  server.RaftServer (RaftServerProxy.java:addNew(96)) - e69aea10-0801-41ac-a2b4-01fbb41e6c1c: addNew group-3A975295E0D1:[785befec-25fa-4d9e-b471-d42e8e28eb7b|rpc:10.1.0.147:44563|dataStream:|priority:0, e69aea10-0801-41ac-a2b4-01fbb41e6c1c|rpc:10.1.0.147:41013|dataStream:|priority:0, 80c6e929-872b-4790-af2a-af17d73a1ffe|rpc:10.1.0.147:33091|dataStream:|priority:1] returns group-3A975295E0D1:java.util.concurrent.CompletableFuture@7ddc1eca[Not completed]
2022-10-03 12:54:49,174 [pool-264-thread-1] INFO  server.RaftServer$Division (RaftServerImpl.java:<init>(190)) - e69aea10-0801-41ac-a2b4-01fbb41e6c1c: new RaftServerImpl for group-3A975295E0D1:[785befec-25fa-4d9e-b471-d42e8e28eb7b|rpc:10.1.0.147:44563|dataStream:|priority:0, e69aea10-0801-41ac-a2b4-01fbb41e6c1c|rpc:10.1.0.147:41013|dataStream:|priority:0, 80c6e929-872b-4790-af2a-af17d73a1ffe|rpc:10.1.0.147:33091|dataStream:|priority:1] with ContainerStateMachine:uninitialized
2022-10-03 12:54:49,175 [pool-264-thread-1] INFO  server.RaftServerConfigKeys (ConfUtils.java:logGet(46)) - raft.server.rpc.timeout.min = 5s (custom)
2022-10-03 12:54:49,175 [pool-264-thread-1] INFO  server.RaftServerConfigKeys (ConfUtils.java:logGet(46)) - raft.server.rpc.timeout.max = 5200ms (custom)
2022-10-03 12:54:49,175 [pool-264-thread-1] INFO  server.RaftServerConfigKeys (ConfUtils.java:logGet(46)) - raft.server.rpc.sleep.time = 25ms (default)
2022-10-03 12:54:49,175 [pool-264-thread-1] INFO  server.RaftServerConfigKeys (ConfUtils.java:logGet(46)) - raft.server.rpc.slowness.timeout = 300s (custom)
2022-10-03 12:54:49,175 [pool-264-thread-1] INFO  server.RaftServerConfigKeys (ConfUtils.java:logGet(46)) - raft.server.leaderelection.leader.step-down.wait-time = 10s (default)
2022-10-03 12:54:49,175 [pool-264-thread-1] INFO  server.RaftServerConfigKeys (ConfUtils.java:logGet(46)) - raft.server.sleep.deviation.threshold = 300ms (default)
2022-10-03 12:54:49,175 [pool-264-thread-1] INFO  server.RaftServer$Division (ServerState.java:<init>(107)) - e69aea10-0801-41ac-a2b4-01fbb41e6c1c@group-3A975295E0D1: ConfigurationManager, init=-1: [785befec-25fa-4d9e-b471-d42e8e28eb7b|rpc:10.1.0.147:44563|dataStream:|priority:0, e69aea10-0801-41ac-a2b4-01fbb41e6c1c|rpc:10.1.0.147:41013|dataStream:|priority:0, 80c6e929-872b-4790-af2a-af17d73a1ffe|rpc:10.1.0.147:33091|dataStream:|priority:1], old=null, confs=<EMPTY_MAP>
2022-10-03 12:54:49,175 [pool-264-thread-1] INFO  server.RaftServerConfigKeys (ConfUtils.java:logGet(46)) - raft.server.storage.dir = [/home/runner/work/ozone/ozone/hadoop-ozone/integration-test/target/test-dir/MiniOzoneClusterImpl-da160868-f19b-48c1-b90c-c3b9b090623c/datanode-2/data/ratis] (custom)
2022-10-03 12:54:49,175 [pool-264-thread-1] INFO  server.RaftServerConfigKeys (ConfUtils.java:logGet(46)) - raft.server.log.corruption.policy = EXCEPTION (default)
2022-10-03 12:54:49,175 [pool-264-thread-1] INFO  server.RaftServerConfigKeys (ConfUtils.java:logGet(46)) - raft.server.storage.free-space.min = 0MB (=0) (default)
2022-10-03 12:54:49,175 [pool-264-thread-1] INFO  storage.RaftStorageDirectory (RaftStorageDirectoryImpl.java:analyzeStorage(135)) - The storage directory /home/runner/work/ozone/ozone/hadoop-ozone/integration-test/target/test-dir/MiniOzoneClusterImpl-da160868-f19b-48c1-b90c-c3b9b090623c/datanode-2/data/ratis/0356f669-3719-4f55-8c66-3a975295e0d1 does not exist. Creating ...
2022-10-03 12:54:49,176 [pool-264-thread-1] INFO  storage.RaftStorageDirectory (RaftStorageDirectoryImpl.java:tryLock(230)) - Lock on /home/runner/work/ozone/ozone/hadoop-ozone/integration-test/target/test-dir/MiniOzoneClusterImpl-da160868-f19b-48c1-b90c-c3b9b090623c/datanode-2/data/ratis/0356f669-3719-4f55-8c66-3a975295e0d1/in_use.lock acquired by nodename 2263@fv-az443-503
2022-10-03 12:54:49,177 [pool-264-thread-1] INFO  storage.RaftStorage (RaftStorageImpl.java:format(89)) - Storage directory /home/runner/work/ozone/ozone/hadoop-ozone/integration-test/target/test-dir/MiniOzoneClusterImpl-da160868-f19b-48c1-b90c-c3b9b090623c/datanode-2/data/ratis/0356f669-3719-4f55-8c66-3a975295e0d1 has been successfully formatted.
2022-10-03 12:54:49,177 [pool-264-thread-1] INFO  ratis.ContainerStateMachine (ContainerStateMachine.java:loadSnapshot(236)) - group-3A975295E0D1: The snapshot info is null. Setting the last applied indexto:(t:0, i:~)
2022-10-03 12:54:49,177 [pool-264-thread-1] INFO  server.RaftServerConfigKeys (ConfUtils.java:logGet(46)) - raft.server.notification.no-leader.timeout = 300s (custom)
2022-10-03 12:54:49,177 [pool-264-thread-1] INFO  server.RaftServerConfigKeys (ConfUtils.java:logGet(46)) - raft.server.log.use.memory = false (default)
2022-10-03 12:54:49,177 [pool-264-thread-1] INFO  server.RaftServerConfigKeys (ConfUtils.java:logGet(46)) - raft.server.log.purge.gap = 1000000 (custom)
2022-10-03 12:54:49,177 [pool-264-thread-1] INFO  server.RaftServerConfigKeys (ConfUtils.java:logGet(46)) - raft.server.log.appender.buffer.byte-limit = 33554432 (custom)
2022-10-03 12:54:49,177 [pool-264-thread-1] INFO  server.RaftServerConfigKeys (ConfUtils.java:logGet(46)) - raft.server.log.statemachine.data.read.timeout = 1000ms (default)
2022-10-03 12:54:49,178 [pool-264-thread-1] INFO  server.RaftServerConfigKeys (ConfUtils.java:logGet(46)) - raft.server.log.segment.size.max = 1048576 (custom)
2022-10-03 12:54:49,178 [pool-264-thread-1] INFO  server.RaftServerConfigKeys (ConfUtils.java:logGet(46)) - raft.server.log.segment.cache.num.max = 2 (custom)
2022-10-03 12:54:49,178 [pool-264-thread-1] INFO  server.RaftServerConfigKeys (ConfUtils.java:logGet(46)) - raft.server.log.segment.cache.size.max = 200MB (=209715200) (default)
2022-10-03 12:54:49,178 [pool-264-thread-1] INFO  segmented.SegmentedRaftLogWorker (SegmentedRaftLogWorker.java:<init>(187)) - new e69aea10-0801-41ac-a2b4-01fbb41e6c1c@group-3A975295E0D1-SegmentedRaftLogWorker for RaftStorageImpl:Storage Directory /home/runner/work/ozone/ozone/hadoop-ozone/integration-test/target/test-dir/MiniOzoneClusterImpl-da160868-f19b-48c1-b90c-c3b9b090623c/datanode-2/data/ratis/0356f669-3719-4f55-8c66-3a975295e0d1
2022-10-03 12:54:49,178 [pool-264-thread-1] INFO  server.RaftServerConfigKeys (ConfUtils.java:logGet(46)) - raft.server.log.queue.byte-limit = 4294967296 (custom)
2022-10-03 12:54:49,178 [pool-264-thread-1] INFO  server.RaftServerConfigKeys (ConfUtils.java:logGet(46)) - raft.server.log.queue.element-limit = 1024 (custom)
2022-10-03 12:54:49,178 [pool-264-thread-1] INFO  server.RaftServerConfigKeys (ConfUtils.java:logGet(46)) - raft.server.log.segment.size.max = 1048576 (custom)
2022-10-03 12:54:49,178 [pool-264-thread-1] INFO  server.RaftServerConfigKeys (ConfUtils.java:logGet(46)) - raft.server.log.preallocated.size = 16384 (custom)
2022-10-03 12:54:49,178 [pool-264-thread-1] INFO  server.RaftServerConfigKeys (ConfUtils.java:logGet(46)) - raft.server.log.force.sync.num = 128 (default)
2022-10-03 12:54:49,178 [pool-264-thread-1] INFO  server.RaftServerConfigKeys (ConfUtils.java:logGet(46)) - raft.server.log.statemachine.data.sync = true (default)
2022-10-03 12:54:49,179 [pool-264-thread-1] INFO  server.RaftServerConfigKeys (ConfUtils.java:logGet(46)) - raft.server.log.statemachine.data.sync.timeout = 10s (default)
2022-10-03 12:54:49,179 [pool-264-thread-1] INFO  server.RaftServerConfigKeys (ConfUtils.java:logGet(46)) - raft.server.log.statemachine.data.sync.timeout.retry = -1 (default)
2022-10-03 12:54:49,185 [pool-264-thread-1] INFO  server.RaftServerConfigKeys (ConfUtils.java:logGet(46)) - raft.server.log.write.buffer.size = 1048576 (custom)
2022-10-03 12:54:49,186 [pool-264-thread-1] INFO  server.RaftServerConfigKeys (ConfUtils.java:logGet(46)) - raft.server.log.unsafe-flush.enabled = false (default)
2022-10-03 12:54:49,186 [pool-264-thread-1] INFO  server.RaftServerConfigKeys (ConfUtils.java:logGet(46)) - raft.server.log.statemachine.data.caching.enabled = true (custom)
2022-10-03 12:54:49,186 [pool-264-thread-1] INFO  segmented.SegmentedRaftLogWorker (SegmentedRaftLogWorker.java:lambda$new$0(135)) - e69aea10-0801-41ac-a2b4-01fbb41e6c1c@group-3A975295E0D1-SegmentedRaftLogWorker: flushIndex: setUnconditionally 0 -> -1
2022-10-03 12:54:49,186 [pool-264-thread-1] INFO  segmented.SegmentedRaftLogWorker (SegmentedRaftLogWorker.java:lambda$new$0(135)) - e69aea10-0801-41ac-a2b4-01fbb41e6c1c@group-3A975295E0D1-SegmentedRaftLogWorker: safeCacheEvictIndex: setUnconditionally 0 -> -1
2022-10-03 12:54:49,194 [pool-264-thread-1] INFO  server.RaftServerConfigKeys (ConfUtils.java:logGet(46)) - raft.server.snapshot.auto.trigger.enabled = true (custom)
2022-10-03 12:54:49,194 [pool-264-thread-1] INFO  server.RaftServerConfigKeys (ConfUtils.java:logGet(46)) - raft.server.snapshot.auto.trigger.threshold = 10000 (custom)
2022-10-03 12:54:49,194 [pool-264-thread-1] INFO  server.RaftServerConfigKeys (ConfUtils.java:logGet(46)) - raft.server.snapshot.retention.file.num = 5 (custom)
2022-10-03 12:54:49,194 [pool-264-thread-1] INFO  server.RaftServerConfigKeys (ConfUtils.java:logGet(46)) - raft.server.log.purge.upto.snapshot.index = false (default)
2022-10-03 12:54:49,195 [pool-264-thread-1] INFO  server.RaftServerConfigKeys (ConfUtils.java:logGet(46)) - raft.server.retrycache.expirytime = 600000ms (custom)
2022-10-03 12:54:49,195 [pool-264-thread-1] INFO  server.RaftServerConfigKeys (ConfUtils.java:logGet(46)) - raft.server.retrycache.statistics.expirytime = 100μs (default)
2022-10-03 12:54:49,195 [pool-264-thread-1] INFO  server.RaftServerConfigKeys (ConfUtils.java:logGet(46)) - raft.server.log.appender.install.snapshot.enabled = false (custom)
2022-10-03 12:54:49,196 [pool-264-thread-1] INFO  server.RaftServerConfigKeys (ConfUtils.java:logGet(46)) - raft.server.threadpool.server.cached = true (default)
2022-10-03 12:54:49,196 [pool-264-thread-1] INFO  server.RaftServerConfigKeys (ConfUtils.java:logGet(46)) - raft.server.threadpool.server.size = 0 (default)
2022-10-03 12:54:49,196 [pool-264-thread-1] INFO  server.RaftServerConfigKeys (ConfUtils.java:logGet(46)) - raft.server.threadpool.client.cached = true (default)
2022-10-03 12:54:49,196 [pool-264-thread-1] INFO  server.RaftServerConfigKeys (ConfUtils.java:logGet(46)) - raft.server.threadpool.client.size = 0 (default)
2022-10-03 12:54:49,196 [pool-264-thread-1] INFO  server.RaftServer$Division (RaftServerImpl.java:start(310)) - e69aea10-0801-41ac-a2b4-01fbb41e6c1c@group-3A975295E0D1: start as a follower, conf=-1: [785befec-25fa-4d9e-b471-d42e8e28eb7b|rpc:10.1.0.147:44563|dataStream:|priority:0, e69aea10-0801-41ac-a2b4-01fbb41e6c1c|rpc:10.1.0.147:41013|dataStream:|priority:0, 80c6e929-872b-4790-af2a-af17d73a1ffe|rpc:10.1.0.147:33091|dataStream:|priority:1], old=null
2022-10-03 12:54:49,196 [pool-264-thread-1] INFO  server.RaftServer$Division (RaftServerImpl.java:setRole(299)) - e69aea10-0801-41ac-a2b4-01fbb41e6c1c@group-3A975295E0D1: changes role from      null to FOLLOWER at term 0 for startAsFollower
2022-10-03 12:54:49,196 [pool-264-thread-1] INFO  impl.RoleInfo (RoleInfo.java:updateAndGet(139)) - e69aea10-0801-41ac-a2b4-01fbb41e6c1c: start e69aea10-0801-41ac-a2b4-01fbb41e6c1c@group-3A975295E0D1-FollowerState
2022-10-03 12:54:49,205 [pool-264-thread-1] INFO  util.JmxRegister (JmxRegister.java:tryRegister(44)) - Successfully registered JMX Bean with object name Ratis:service=RaftServer,group=group-3A975295E0D1,id=e69aea10-0801-41ac-a2b4-01fbb41e6c1c
2022-10-03 12:54:49,218 [Listener at 127.0.0.1/41991] INFO  ozone.MiniOzoneClusterImpl (MiniOzoneClusterImpl.java:lambda$waitForClusterToBeReady$0(216)) - Nodes are ready. Got 3 of 3 DN Heartbeats.
2022-10-03 12:54:49,219 [Listener at 127.0.0.1/41991] INFO  ozone.MiniOzoneClusterImpl (MiniOzoneClusterImpl.java:lambda$waitForClusterToBeReady$0(219)) - Waiting for cluster to exit safe mode
2022-10-03 12:54:49,219 [Listener at 127.0.0.1/41991] INFO  ozone.MiniOzoneClusterImpl (MiniOzoneClusterImpl.java:lambda$waitForClusterToBeReady$0(221)) - SCM became leader
2022-10-03 12:54:49,249 [grpc-default-executor-0] INFO  server.RaftServer (RaftServerProxy.java:addNew(96)) - 785befec-25fa-4d9e-b471-d42e8e28eb7b: addNew group-3A975295E0D1:[785befec-25fa-4d9e-b471-d42e8e28eb7b|rpc:10.1.0.147:44563|dataStream:|priority:0, e69aea10-0801-41ac-a2b4-01fbb41e6c1c|rpc:10.1.0.147:41013|dataStream:|priority:0, 80c6e929-872b-4790-af2a-af17d73a1ffe|rpc:10.1.0.147:33091|dataStream:|priority:1] returns group-3A975295E0D1:java.util.concurrent.CompletableFuture@3b62617b[Not completed]
2022-10-03 12:54:49,250 [pool-241-thread-1] INFO  server.RaftServer$Division (RaftServerImpl.java:<init>(190)) - 785befec-25fa-4d9e-b471-d42e8e28eb7b: new RaftServerImpl for group-3A975295E0D1:[785befec-25fa-4d9e-b471-d42e8e28eb7b|rpc:10.1.0.147:44563|dataStream:|priority:0, e69aea10-0801-41ac-a2b4-01fbb41e6c1c|rpc:10.1.0.147:41013|dataStream:|priority:0, 80c6e929-872b-4790-af2a-af17d73a1ffe|rpc:10.1.0.147:33091|dataStream:|priority:1] with ContainerStateMachine:uninitialized
2022-10-03 12:54:49,250 [pool-241-thread-1] INFO  server.RaftServerConfigKeys (ConfUtils.java:logGet(46)) - raft.server.rpc.timeout.min = 5s (custom)
2022-10-03 12:54:49,250 [pool-241-thread-1] INFO  server.RaftServerConfigKeys (ConfUtils.java:logGet(46)) - raft.server.rpc.timeout.max = 5200ms (custom)
2022-10-03 12:54:49,250 [pool-241-thread-1] INFO  server.RaftServerConfigKeys (ConfUtils.java:logGet(46)) - raft.server.rpc.sleep.time = 25ms (default)
2022-10-03 12:54:49,251 [pool-241-thread-1] INFO  server.RaftServerConfigKeys (ConfUtils.java:logGet(46)) - raft.server.rpc.slowness.timeout = 300s (custom)
2022-10-03 12:54:49,251 [pool-241-thread-1] INFO  server.RaftServerConfigKeys (ConfUtils.java:logGet(46)) - raft.server.leaderelection.leader.step-down.wait-time = 10s (default)
2022-10-03 12:54:49,251 [pool-241-thread-1] INFO  server.RaftServerConfigKeys (ConfUtils.java:logGet(46)) - raft.server.sleep.deviation.threshold = 300ms (default)
2022-10-03 12:54:49,251 [pool-241-thread-1] INFO  server.RaftServer$Division (ServerState.java:<init>(107)) - 785befec-25fa-4d9e-b471-d42e8e28eb7b@group-3A975295E0D1: ConfigurationManager, init=-1: [785befec-25fa-4d9e-b471-d42e8e28eb7b|rpc:10.1.0.147:44563|dataStream:|priority:0, e69aea10-0801-41ac-a2b4-01fbb41e6c1c|rpc:10.1.0.147:41013|dataStream:|priority:0, 80c6e929-872b-4790-af2a-af17d73a1ffe|rpc:10.1.0.147:33091|dataStream:|priority:1], old=null, confs=<EMPTY_MAP>
2022-10-03 12:54:49,251 [pool-241-thread-1] INFO  server.RaftServerConfigKeys (ConfUtils.java:logGet(46)) - raft.server.storage.dir = [/home/runner/work/ozone/ozone/hadoop-ozone/integration-test/target/test-dir/MiniOzoneClusterImpl-da160868-f19b-48c1-b90c-c3b9b090623c/datanode-1/data/ratis] (custom)
2022-10-03 12:54:49,251 [pool-241-thread-1] INFO  server.RaftServerConfigKeys (ConfUtils.java:logGet(46)) - raft.server.log.corruption.policy = EXCEPTION (default)
2022-10-03 12:54:49,251 [pool-241-thread-1] INFO  server.RaftServerConfigKeys (ConfUtils.java:logGet(46)) - raft.server.storage.free-space.min = 0MB (=0) (default)
2022-10-03 12:54:49,251 [pool-241-thread-1] INFO  storage.RaftStorageDirectory (RaftStorageDirectoryImpl.java:analyzeStorage(135)) - The storage directory /home/runner/work/ozone/ozone/hadoop-ozone/integration-test/target/test-dir/MiniOzoneClusterImpl-da160868-f19b-48c1-b90c-c3b9b090623c/datanode-1/data/ratis/0356f669-3719-4f55-8c66-3a975295e0d1 does not exist. Creating ...
2022-10-03 12:54:49,254 [pool-241-thread-1] INFO  storage.RaftStorageDirectory (RaftStorageDirectoryImpl.java:tryLock(230)) - Lock on /home/runner/work/ozone/ozone/hadoop-ozone/integration-test/target/test-dir/MiniOzoneClusterImpl-da160868-f19b-48c1-b90c-c3b9b090623c/datanode-1/data/ratis/0356f669-3719-4f55-8c66-3a975295e0d1/in_use.lock acquired by nodename 2263@fv-az443-503
2022-10-03 12:54:49,255 [pool-241-thread-1] INFO  storage.RaftStorage (RaftStorageImpl.java:format(89)) - Storage directory /home/runner/work/ozone/ozone/hadoop-ozone/integration-test/target/test-dir/MiniOzoneClusterImpl-da160868-f19b-48c1-b90c-c3b9b090623c/datanode-1/data/ratis/0356f669-3719-4f55-8c66-3a975295e0d1 has been successfully formatted.
2022-10-03 12:54:49,256 [pool-241-thread-1] INFO  ratis.ContainerStateMachine (ContainerStateMachine.java:loadSnapshot(236)) - group-3A975295E0D1: The snapshot info is null. Setting the last applied indexto:(t:0, i:~)
2022-10-03 12:54:49,256 [pool-241-thread-1] INFO  server.RaftServerConfigKeys (ConfUtils.java:logGet(46)) - raft.server.notification.no-leader.timeout = 300s (custom)
2022-10-03 12:54:49,257 [pool-241-thread-1] INFO  server.RaftServerConfigKeys (ConfUtils.java:logGet(46)) - raft.server.log.use.memory = false (default)
2022-10-03 12:54:49,257 [pool-241-thread-1] INFO  server.RaftServerConfigKeys (ConfUtils.java:logGet(46)) - raft.server.log.purge.gap = 1000000 (custom)
2022-10-03 12:54:49,257 [pool-241-thread-1] INFO  server.RaftServerConfigKeys (ConfUtils.java:logGet(46)) - raft.server.log.appender.buffer.byte-limit = 33554432 (custom)
2022-10-03 12:54:49,257 [pool-241-thread-1] INFO  server.RaftServerConfigKeys (ConfUtils.java:logGet(46)) - raft.server.log.statemachine.data.read.timeout = 1000ms (default)
2022-10-03 12:54:49,257 [pool-241-thread-1] INFO  server.RaftServerConfigKeys (ConfUtils.java:logGet(46)) - raft.server.log.segment.size.max = 1048576 (custom)
2022-10-03 12:54:49,257 [pool-241-thread-1] INFO  server.RaftServerConfigKeys (ConfUtils.java:logGet(46)) - raft.server.log.segment.cache.num.max = 2 (custom)
2022-10-03 12:54:49,257 [pool-241-thread-1] INFO  server.RaftServerConfigKeys (ConfUtils.java:logGet(46)) - raft.server.log.segment.cache.size.max = 200MB (=209715200) (default)
2022-10-03 12:54:49,257 [pool-241-thread-1] INFO  segmented.SegmentedRaftLogWorker (SegmentedRaftLogWorker.java:<init>(187)) - new 785befec-25fa-4d9e-b471-d42e8e28eb7b@group-3A975295E0D1-SegmentedRaftLogWorker for RaftStorageImpl:Storage Directory /home/runner/work/ozone/ozone/hadoop-ozone/integration-test/target/test-dir/MiniOzoneClusterImpl-da160868-f19b-48c1-b90c-c3b9b090623c/datanode-1/data/ratis/0356f669-3719-4f55-8c66-3a975295e0d1
2022-10-03 12:54:49,258 [pool-241-thread-1] INFO  server.RaftServerConfigKeys (ConfUtils.java:logGet(46)) - raft.server.log.queue.byte-limit = 4294967296 (custom)
2022-10-03 12:54:49,258 [pool-241-thread-1] INFO  server.RaftServerConfigKeys (ConfUtils.java:logGet(46)) - raft.server.log.queue.element-limit = 1024 (custom)
2022-10-03 12:54:49,258 [pool-241-thread-1] INFO  server.RaftServerConfigKeys (ConfUtils.java:logGet(46)) - raft.server.log.segment.size.max = 1048576 (custom)
2022-10-03 12:54:49,258 [pool-241-thread-1] INFO  server.RaftServerConfigKeys (ConfUtils.java:logGet(46)) - raft.server.log.preallocated.size = 16384 (custom)
2022-10-03 12:54:49,258 [pool-241-thread-1] INFO  server.RaftServerConfigKeys (ConfUtils.java:logGet(46)) - raft.server.log.force.sync.num = 128 (default)
2022-10-03 12:54:49,258 [pool-241-thread-1] INFO  server.RaftServerConfigKeys (ConfUtils.java:logGet(46)) - raft.server.log.statemachine.data.sync = true (default)
2022-10-03 12:54:49,258 [pool-241-thread-1] INFO  server.RaftServerConfigKeys (ConfUtils.java:logGet(46)) - raft.server.log.statemachine.data.sync.timeout = 10s (default)
2022-10-03 12:54:49,258 [pool-241-thread-1] INFO  server.RaftServerConfigKeys (ConfUtils.java:logGet(46)) - raft.server.log.statemachine.data.sync.timeout.retry = -1 (default)
2022-10-03 12:54:49,259 [pool-241-thread-1] INFO  server.RaftServerConfigKeys (ConfUtils.java:logGet(46)) - raft.server.log.write.buffer.size = 1048576 (custom)
2022-10-03 12:54:49,259 [pool-241-thread-1] INFO  server.RaftServerConfigKeys (ConfUtils.java:logGet(46)) - raft.server.log.unsafe-flush.enabled = false (default)
2022-10-03 12:54:49,259 [pool-241-thread-1] INFO  server.RaftServerConfigKeys (ConfUtils.java:logGet(46)) - raft.server.log.statemachine.data.caching.enabled = true (custom)
2022-10-03 12:54:49,259 [pool-241-thread-1] INFO  segmented.SegmentedRaftLogWorker (SegmentedRaftLogWorker.java:lambda$new$0(135)) - 785befec-25fa-4d9e-b471-d42e8e28eb7b@group-3A975295E0D1-SegmentedRaftLogWorker: flushIndex: setUnconditionally 0 -> -1
2022-10-03 12:54:49,259 [pool-241-thread-1] INFO  segmented.SegmentedRaftLogWorker (SegmentedRaftLogWorker.java:lambda$new$0(135)) - 785befec-25fa-4d9e-b471-d42e8e28eb7b@group-3A975295E0D1-SegmentedRaftLogWorker: safeCacheEvictIndex: setUnconditionally 0 -> -1
2022-10-03 12:54:49,269 [pool-241-thread-1] INFO  server.RaftServerConfigKeys (ConfUtils.java:logGet(46)) - raft.server.snapshot.auto.trigger.enabled = true (custom)
2022-10-03 12:54:49,269 [pool-241-thread-1] INFO  server.RaftServerConfigKeys (ConfUtils.java:logGet(46)) - raft.server.snapshot.auto.trigger.threshold = 10000 (custom)
2022-10-03 12:54:49,269 [pool-241-thread-1] INFO  server.RaftServerConfigKeys (ConfUtils.java:logGet(46)) - raft.server.snapshot.retention.file.num = 5 (custom)
2022-10-03 12:54:49,269 [pool-241-thread-1] INFO  server.RaftServerConfigKeys (ConfUtils.java:logGet(46)) - raft.server.log.purge.upto.snapshot.index = false (default)
2022-10-03 12:54:49,269 [pool-241-thread-1] INFO  server.RaftServerConfigKeys (ConfUtils.java:logGet(46)) - raft.server.retrycache.expirytime = 600000ms (custom)
2022-10-03 12:54:49,269 [pool-241-thread-1] INFO  server.RaftServerConfigKeys (ConfUtils.java:logGet(46)) - raft.server.retrycache.statistics.expirytime = 100μs (default)
2022-10-03 12:54:49,270 [pool-241-thread-1] INFO  server.RaftServerConfigKeys (ConfUtils.java:logGet(46)) - raft.server.log.appender.install.snapshot.enabled = false (custom)
2022-10-03 12:54:49,270 [pool-241-thread-1] INFO  server.RaftServerConfigKeys (ConfUtils.java:logGet(46)) - raft.server.threadpool.server.cached = true (default)
2022-10-03 12:54:49,270 [pool-241-thread-1] INFO  server.RaftServerConfigKeys (ConfUtils.java:logGet(46)) - raft.server.threadpool.server.size = 0 (default)
2022-10-03 12:54:49,270 [pool-241-thread-1] INFO  server.RaftServerConfigKeys (ConfUtils.java:logGet(46)) - raft.server.threadpool.client.cached = true (default)
2022-10-03 12:54:49,270 [pool-241-thread-1] INFO  server.RaftServerConfigKeys (ConfUtils.java:logGet(46)) - raft.server.threadpool.client.size = 0 (default)
2022-10-03 12:54:49,270 [pool-241-thread-1] INFO  server.RaftServer$Division (RaftServerImpl.java:start(310)) - 785befec-25fa-4d9e-b471-d42e8e28eb7b@group-3A975295E0D1: start as a follower, conf=-1: [785befec-25fa-4d9e-b471-d42e8e28eb7b|rpc:10.1.0.147:44563|dataStream:|priority:0, e69aea10-0801-41ac-a2b4-01fbb41e6c1c|rpc:10.1.0.147:41013|dataStream:|priority:0, 80c6e929-872b-4790-af2a-af17d73a1ffe|rpc:10.1.0.147:33091|dataStream:|priority:1], old=null
2022-10-03 12:54:49,270 [pool-241-thread-1] INFO  server.RaftServer$Division (RaftServerImpl.java:setRole(299)) - 785befec-25fa-4d9e-b471-d42e8e28eb7b@group-3A975295E0D1: changes role from      null to FOLLOWER at term 0 for startAsFollower
2022-10-03 12:54:49,270 [pool-241-thread-1] INFO  impl.RoleInfo (RoleInfo.java:updateAndGet(139)) - 785befec-25fa-4d9e-b471-d42e8e28eb7b: start 785befec-25fa-4d9e-b471-d42e8e28eb7b@group-3A975295E0D1-FollowerState
2022-10-03 12:54:49,280 [pool-241-thread-1] INFO  util.JmxRegister (JmxRegister.java:tryRegister(44)) - Successfully registered JMX Bean with object name Ratis:service=RaftServer,group=group-3A975295E0D1,id=785befec-25fa-4d9e-b471-d42e8e28eb7b
2022-10-03 12:54:49,320 [Command processor thread] INFO  commandhandler.CreatePipelineCommandHandler (CreatePipelineCommandHandler.java:handle(113)) - Created Pipeline RATIS THREE PipelineID=0356f669-3719-4f55-8c66-3a975295e0d1.
2022-10-03 12:54:49,450 [Command processor thread] INFO  server.RaftServer (RaftServerProxy.java:addNew(96)) - 785befec-25fa-4d9e-b471-d42e8e28eb7b: addNew group-4C5445765067:[785befec-25fa-4d9e-b471-d42e8e28eb7b|rpc:10.1.0.147:44563|priority:1] returns group-4C5445765067:java.util.concurrent.CompletableFuture@1d63c46c[Not completed]
2022-10-03 12:54:49,451 [pool-241-thread-1] INFO  server.RaftServer$Division (RaftServerImpl.java:<init>(190)) - 785befec-25fa-4d9e-b471-d42e8e28eb7b: new RaftServerImpl for group-4C5445765067:[785befec-25fa-4d9e-b471-d42e8e28eb7b|rpc:10.1.0.147:44563|priority:1] with ContainerStateMachine:uninitialized
2022-10-03 12:54:49,451 [pool-241-thread-1] INFO  server.RaftServerConfigKeys (ConfUtils.java:logGet(46)) - raft.server.rpc.timeout.min = 5s (custom)
2022-10-03 12:54:49,451 [pool-241-thread-1] INFO  server.RaftServerConfigKeys (ConfUtils.java:logGet(46)) - raft.server.rpc.timeout.max = 5200ms (custom)
2022-10-03 12:54:49,451 [pool-241-thread-1] INFO  server.RaftServerConfigKeys (ConfUtils.java:logGet(46)) - raft.server.rpc.sleep.time = 25ms (default)
2022-10-03 12:54:49,451 [pool-241-thread-1] INFO  server.RaftServerConfigKeys (ConfUtils.java:logGet(46)) - raft.server.rpc.slowness.timeout = 300s (custom)
2022-10-03 12:54:49,451 [pool-241-thread-1] INFO  server.RaftServerConfigKeys (ConfUtils.java:logGet(46)) - raft.server.leaderelection.leader.step-down.wait-time = 10s (default)
2022-10-03 12:54:49,451 [pool-241-thread-1] INFO  server.RaftServerConfigKeys (ConfUtils.java:logGet(46)) - raft.server.sleep.deviation.threshold = 300ms (default)
2022-10-03 12:54:49,451 [pool-241-thread-1] INFO  server.RaftServer$Division (ServerState.java:<init>(107)) - 785befec-25fa-4d9e-b471-d42e8e28eb7b@group-4C5445765067: ConfigurationManager, init=-1: [785befec-25fa-4d9e-b471-d42e8e28eb7b|rpc:10.1.0.147:44563|priority:1], old=null, confs=<EMPTY_MAP>
2022-10-03 12:54:49,451 [pool-241-thread-1] INFO  server.RaftServerConfigKeys (ConfUtils.java:logGet(46)) - raft.server.storage.dir = [/home/runner/work/ozone/ozone/hadoop-ozone/integration-test/target/test-dir/MiniOzoneClusterImpl-da160868-f19b-48c1-b90c-c3b9b090623c/datanode-1/data/ratis] (custom)
2022-10-03 12:54:49,452 [pool-241-thread-1] INFO  server.RaftServerConfigKeys (ConfUtils.java:logGet(46)) - raft.server.log.corruption.policy = EXCEPTION (default)
2022-10-03 12:54:49,452 [pool-241-thread-1] INFO  server.RaftServerConfigKeys (ConfUtils.java:logGet(46)) - raft.server.storage.free-space.min = 0MB (=0) (default)
2022-10-03 12:54:49,452 [pool-241-thread-1] INFO  storage.RaftStorageDirectory (RaftStorageDirectoryImpl.java:analyzeStorage(135)) - The storage directory /home/runner/work/ozone/ozone/hadoop-ozone/integration-test/target/test-dir/MiniOzoneClusterImpl-da160868-f19b-48c1-b90c-c3b9b090623c/datanode-1/data/ratis/9d930fba-c3bd-4aab-b994-4c5445765067 does not exist. Creating ...
2022-10-03 12:54:49,456 [pool-241-thread-1] INFO  storage.RaftStorageDirectory (RaftStorageDirectoryImpl.java:tryLock(230)) - Lock on /home/runner/work/ozone/ozone/hadoop-ozone/integration-test/target/test-dir/MiniOzoneClusterImpl-da160868-f19b-48c1-b90c-c3b9b090623c/datanode-1/data/ratis/9d930fba-c3bd-4aab-b994-4c5445765067/in_use.lock acquired by nodename 2263@fv-az443-503
2022-10-03 12:54:49,457 [pool-241-thread-1] INFO  storage.RaftStorage (RaftStorageImpl.java:format(89)) - Storage directory /home/runner/work/ozone/ozone/hadoop-ozone/integration-test/target/test-dir/MiniOzoneClusterImpl-da160868-f19b-48c1-b90c-c3b9b090623c/datanode-1/data/ratis/9d930fba-c3bd-4aab-b994-4c5445765067 has been successfully formatted.
2022-10-03 12:54:49,458 [pool-241-thread-1] INFO  ratis.ContainerStateMachine (ContainerStateMachine.java:loadSnapshot(236)) - group-4C5445765067: The snapshot info is null. Setting the last applied indexto:(t:0, i:~)
2022-10-03 12:54:49,459 [pool-241-thread-1] INFO  server.RaftServerConfigKeys (ConfUtils.java:logGet(46)) - raft.server.notification.no-leader.timeout = 300s (custom)
2022-10-03 12:54:49,459 [pool-241-thread-1] INFO  server.RaftServerConfigKeys (ConfUtils.java:logGet(46)) - raft.server.log.use.memory = false (default)
2022-10-03 12:54:49,459 [pool-241-thread-1] INFO  server.RaftServerConfigKeys (ConfUtils.java:logGet(46)) - raft.server.log.purge.gap = 1000000 (custom)
2022-10-03 12:54:49,459 [pool-241-thread-1] INFO  server.RaftServerConfigKeys (ConfUtils.java:logGet(46)) - raft.server.log.appender.buffer.byte-limit = 33554432 (custom)
2022-10-03 12:54:49,459 [pool-241-thread-1] INFO  server.RaftServerConfigKeys (ConfUtils.java:logGet(46)) - raft.server.log.statemachine.data.read.timeout = 1000ms (default)
2022-10-03 12:54:49,459 [pool-241-thread-1] INFO  server.RaftServerConfigKeys (ConfUtils.java:logGet(46)) - raft.server.log.segment.size.max = 1048576 (custom)
2022-10-03 12:54:49,459 [pool-241-thread-1] INFO  server.RaftServerConfigKeys (ConfUtils.java:logGet(46)) - raft.server.log.segment.cache.num.max = 2 (custom)
2022-10-03 12:54:49,459 [pool-241-thread-1] INFO  server.RaftServerConfigKeys (ConfUtils.java:logGet(46)) - raft.server.log.segment.cache.size.max = 200MB (=209715200) (default)
2022-10-03 12:54:49,459 [pool-241-thread-1] INFO  segmented.SegmentedRaftLogWorker (SegmentedRaftLogWorker.java:<init>(187)) - new 785befec-25fa-4d9e-b471-d42e8e28eb7b@group-4C5445765067-SegmentedRaftLogWorker for RaftStorageImpl:Storage Directory /home/runner/work/ozone/ozone/hadoop-ozone/integration-test/target/test-dir/MiniOzoneClusterImpl-da160868-f19b-48c1-b90c-c3b9b090623c/datanode-1/data/ratis/9d930fba-c3bd-4aab-b994-4c5445765067
2022-10-03 12:54:49,459 [pool-241-thread-1] INFO  server.RaftServerConfigKeys (ConfUtils.java:logGet(46)) - raft.server.log.queue.byte-limit = 4294967296 (custom)
2022-10-03 12:54:49,459 [pool-241-thread-1] INFO  server.RaftServerConfigKeys (ConfUtils.java:logGet(46)) - raft.server.log.queue.element-limit = 1024 (custom)
2022-10-03 12:54:49,459 [pool-241-thread-1] INFO  server.RaftServerConfigKeys (ConfUtils.java:logGet(46)) - raft.server.log.segment.size.max = 1048576 (custom)
2022-10-03 12:54:49,460 [EventQueue-PipelineReportForPipelineReportHandler] INFO  pipeline.PipelineManagerImpl (PipelineManagerImpl.java:openPipeline(367)) - Pipeline Pipeline[ Id: 9d930fba-c3bd-4aab-b994-4c5445765067, Nodes: 785befec-25fa-4d9e-b471-d42e8e28eb7b{ip: 10.1.0.147, host: fv-az443-503.ap2fcshprsnunfx25e1aelzb4b.cx.internal.cloudapp.net, ports: [REPLICATION=36981, RATIS=44563, RATIS_ADMIN=44563, RATIS_SERVER=44563, STANDALONE=37949], networkLocation: /default-rack, certSerialId: null, persistedOpState: IN_SERVICE, persistedOpStateExpiryEpochSec: 0}, ReplicationConfig: RATIS/ONE, State:ALLOCATED, leaderId:785befec-25fa-4d9e-b471-d42e8e28eb7b, CreationTimestamp2022-10-03T12:54:46.477Z[Etc/UTC]] moved to OPEN state
2022-10-03 12:54:49,461 [EventQueue-OpenPipelineForHealthyPipelineSafeModeRule] INFO  safemode.SCMSafeModeManager (HealthyPipelineSafeModeRule.java:process(137)) - SCM in safe mode. Healthy pipelines reported count is 0, required healthy pipeline reported count is 1
2022-10-03 12:54:49,461 [pool-241-thread-1] INFO  server.RaftServerConfigKeys (ConfUtils.java:logGet(46)) - raft.server.log.preallocated.size = 16384 (custom)
2022-10-03 12:54:49,462 [pool-241-thread-1] INFO  server.RaftServerConfigKeys (ConfUtils.java:logGet(46)) - raft.server.log.force.sync.num = 128 (default)
2022-10-03 12:54:49,462 [pool-241-thread-1] INFO  server.RaftServerConfigKeys (ConfUtils.java:logGet(46)) - raft.server.log.statemachine.data.sync = true (default)
2022-10-03 12:54:49,462 [pool-241-thread-1] INFO  server.RaftServerConfigKeys (ConfUtils.java:logGet(46)) - raft.server.log.statemachine.data.sync.timeout = 10s (default)
2022-10-03 12:54:49,462 [pool-241-thread-1] INFO  server.RaftServerConfigKeys (ConfUtils.java:logGet(46)) - raft.server.log.statemachine.data.sync.timeout.retry = -1 (default)
2022-10-03 12:54:49,462 [pool-241-thread-1] INFO  server.RaftServerConfigKeys (ConfUtils.java:logGet(46)) - raft.server.log.write.buffer.size = 1048576 (custom)
2022-10-03 12:54:49,463 [pool-241-thread-1] INFO  server.RaftServerConfigKeys (ConfUtils.java:logGet(46)) - raft.server.log.unsafe-flush.enabled = false (default)
2022-10-03 12:54:49,463 [pool-241-thread-1] INFO  server.RaftServerConfigKeys (ConfUtils.java:logGet(46)) - raft.server.log.statemachine.data.caching.enabled = true (custom)
2022-10-03 12:54:49,463 [pool-241-thread-1] INFO  segmented.SegmentedRaftLogWorker (SegmentedRaftLogWorker.java:lambda$new$0(135)) - 785befec-25fa-4d9e-b471-d42e8e28eb7b@group-4C5445765067-SegmentedRaftLogWorker: flushIndex: setUnconditionally 0 -> -1
2022-10-03 12:54:49,463 [pool-241-thread-1] INFO  segmented.SegmentedRaftLogWorker (SegmentedRaftLogWorker.java:lambda$new$0(135)) - 785befec-25fa-4d9e-b471-d42e8e28eb7b@group-4C5445765067-SegmentedRaftLogWorker: safeCacheEvictIndex: setUnconditionally 0 -> -1
2022-10-03 12:54:49,469 [pool-241-thread-1] INFO  server.RaftServerConfigKeys (ConfUtils.java:logGet(46)) - raft.server.snapshot.auto.trigger.enabled = true (custom)
2022-10-03 12:54:49,469 [pool-241-thread-1] INFO  server.RaftServerConfigKeys (ConfUtils.java:logGet(46)) - raft.server.snapshot.auto.trigger.threshold = 10000 (custom)
2022-10-03 12:54:49,469 [pool-241-thread-1] INFO  server.RaftServerConfigKeys (ConfUtils.java:logGet(46)) - raft.server.snapshot.retention.file.num = 5 (custom)
2022-10-03 12:54:49,469 [pool-241-thread-1] INFO  server.RaftServerConfigKeys (ConfUtils.java:logGet(46)) - raft.server.log.purge.upto.snapshot.index = false (default)
2022-10-03 12:54:49,469 [pool-241-thread-1] INFO  server.RaftServerConfigKeys (ConfUtils.java:logGet(46)) - raft.server.retrycache.expirytime = 600000ms (custom)
2022-10-03 12:54:49,469 [pool-241-thread-1] INFO  server.RaftServerConfigKeys (ConfUtils.java:logGet(46)) - raft.server.retrycache.statistics.expirytime = 100μs (default)
2022-10-03 12:54:49,470 [pool-241-thread-1] INFO  server.RaftServerConfigKeys (ConfUtils.java:logGet(46)) - raft.server.log.appender.install.snapshot.enabled = false (custom)
2022-10-03 12:54:49,470 [pool-241-thread-1] INFO  server.RaftServerConfigKeys (ConfUtils.java:logGet(46)) - raft.server.threadpool.server.cached = true (default)
2022-10-03 12:54:49,470 [pool-241-thread-1] INFO  server.RaftServerConfigKeys (ConfUtils.java:logGet(46)) - raft.server.threadpool.server.size = 0 (default)
2022-10-03 12:54:49,470 [pool-241-thread-1] INFO  server.RaftServerConfigKeys (ConfUtils.java:logGet(46)) - raft.server.threadpool.client.cached = true (default)
2022-10-03 12:54:49,493 [pool-241-thread-1] INFO  server.RaftServerConfigKeys (ConfUtils.java:logGet(46)) - raft.server.threadpool.client.size = 0 (default)
2022-10-03 12:54:49,493 [pool-241-thread-1] INFO  server.RaftServer$Division (RaftServerImpl.java:start(310)) - 785befec-25fa-4d9e-b471-d42e8e28eb7b@group-4C5445765067: start as a follower, conf=-1: [785befec-25fa-4d9e-b471-d42e8e28eb7b|rpc:10.1.0.147:44563|priority:1], old=null
2022-10-03 12:54:49,493 [pool-241-thread-1] INFO  server.RaftServer$Division (RaftServerImpl.java:setRole(299)) - 785befec-25fa-4d9e-b471-d42e8e28eb7b@group-4C5445765067: changes role from      null to FOLLOWER at term 0 for startAsFollower
2022-10-03 12:54:49,493 [pool-241-thread-1] INFO  impl.RoleInfo (RoleInfo.java:updateAndGet(139)) - 785befec-25fa-4d9e-b471-d42e8e28eb7b: start 785befec-25fa-4d9e-b471-d42e8e28eb7b@group-4C5445765067-FollowerState
2022-10-03 12:54:49,494 [pool-241-thread-1] INFO  util.JmxRegister (JmxRegister.java:tryRegister(44)) - Successfully registered JMX Bean with object name Ratis:service=RaftServer,group=group-4C5445765067,id=785befec-25fa-4d9e-b471-d42e8e28eb7b
2022-10-03 12:54:49,494 [Command processor thread] INFO  ratis.XceiverServerRatis (XceiverServerRatis.java:addGroup(765)) - Created group PipelineID=9d930fba-c3bd-4aab-b994-4c5445765067
2022-10-03 12:54:49,494 [Command processor thread] INFO  commandhandler.CreatePipelineCommandHandler (CreatePipelineCommandHandler.java:handle(113)) - Created Pipeline RATIS ONE PipelineID=9d930fba-c3bd-4aab-b994-4c5445765067.
2022-10-03 12:54:50,219 [Listener at 127.0.0.1/41991] INFO  ozone.MiniOzoneClusterImpl (MiniOzoneClusterImpl.java:lambda$waitForClusterToBeReady$0(216)) - Nodes are ready. Got 3 of 3 DN Heartbeats.
2022-10-03 12:54:50,219 [Listener at 127.0.0.1/41991] INFO  ozone.MiniOzoneClusterImpl (MiniOzoneClusterImpl.java:lambda$waitForClusterToBeReady$0(219)) - Waiting for cluster to exit safe mode
2022-10-03 12:54:50,219 [Listener at 127.0.0.1/41991] INFO  ozone.MiniOzoneClusterImpl (MiniOzoneClusterImpl.java:lambda$waitForClusterToBeReady$0(221)) - SCM became leader
2022-10-03 12:54:50,239 [Command processor thread] INFO  server.RaftServer (RaftServerProxy.java:addNew(96)) - e69aea10-0801-41ac-a2b4-01fbb41e6c1c: addNew group-DFB90023D0A9:[e69aea10-0801-41ac-a2b4-01fbb41e6c1c|rpc:10.1.0.147:41013|priority:1] returns group-DFB90023D0A9:java.util.concurrent.CompletableFuture@6e454d1a[Not completed]
2022-10-03 12:54:50,240 [pool-264-thread-1] INFO  server.RaftServer$Division (RaftServerImpl.java:<init>(190)) - e69aea10-0801-41ac-a2b4-01fbb41e6c1c: new RaftServerImpl for group-DFB90023D0A9:[e69aea10-0801-41ac-a2b4-01fbb41e6c1c|rpc:10.1.0.147:41013|priority:1] with ContainerStateMachine:uninitialized
2022-10-03 12:54:50,240 [pool-264-thread-1] INFO  server.RaftServerConfigKeys (ConfUtils.java:logGet(46)) - raft.server.rpc.timeout.min = 5s (custom)
2022-10-03 12:54:50,240 [pool-264-thread-1] INFO  server.RaftServerConfigKeys (ConfUtils.java:logGet(46)) - raft.server.rpc.timeout.max = 5200ms (custom)
2022-10-03 12:54:50,240 [pool-264-thread-1] INFO  server.RaftServerConfigKeys (ConfUtils.java:logGet(46)) - raft.server.rpc.sleep.time = 25ms (default)
2022-10-03 12:54:50,240 [pool-264-thread-1] INFO  server.RaftServerConfigKeys (ConfUtils.java:logGet(46)) - raft.server.rpc.slowness.timeout = 300s (custom)
2022-10-03 12:54:50,240 [pool-264-thread-1] INFO  server.RaftServerConfigKeys (ConfUtils.java:logGet(46)) - raft.server.leaderelection.leader.step-down.wait-time = 10s (default)
2022-10-03 12:54:50,240 [pool-264-thread-1] INFO  server.RaftServerConfigKeys (ConfUtils.java:logGet(46)) - raft.server.sleep.deviation.threshold = 300ms (default)
2022-10-03 12:54:50,240 [pool-264-thread-1] INFO  server.RaftServer$Division (ServerState.java:<init>(107)) - e69aea10-0801-41ac-a2b4-01fbb41e6c1c@group-DFB90023D0A9: ConfigurationManager, init=-1: [e69aea10-0801-41ac-a2b4-01fbb41e6c1c|rpc:10.1.0.147:41013|priority:1], old=null, confs=<EMPTY_MAP>
2022-10-03 12:54:50,240 [pool-264-thread-1] INFO  server.RaftServerConfigKeys (ConfUtils.java:logGet(46)) - raft.server.storage.dir = [/home/runner/work/ozone/ozone/hadoop-ozone/integration-test/target/test-dir/MiniOzoneClusterImpl-da160868-f19b-48c1-b90c-c3b9b090623c/datanode-2/data/ratis] (custom)
2022-10-03 12:54:50,240 [pool-264-thread-1] INFO  server.RaftServerConfigKeys (ConfUtils.java:logGet(46)) - raft.server.log.corruption.policy = EXCEPTION (default)
2022-10-03 12:54:50,240 [pool-264-thread-1] INFO  server.RaftServerConfigKeys (ConfUtils.java:logGet(46)) - raft.server.storage.free-space.min = 0MB (=0) (default)
2022-10-03 12:54:50,241 [pool-264-thread-1] INFO  storage.RaftStorageDirectory (RaftStorageDirectoryImpl.java:analyzeStorage(135)) - The storage directory /home/runner/work/ozone/ozone/hadoop-ozone/integration-test/target/test-dir/MiniOzoneClusterImpl-da160868-f19b-48c1-b90c-c3b9b090623c/datanode-2/data/ratis/af1b75a9-4a01-46e3-92b2-dfb90023d0a9 does not exist. Creating ...
2022-10-03 12:54:50,241 [pool-264-thread-1] INFO  storage.RaftStorageDirectory (RaftStorageDirectoryImpl.java:tryLock(230)) - Lock on /home/runner/work/ozone/ozone/hadoop-ozone/integration-test/target/test-dir/MiniOzoneClusterImpl-da160868-f19b-48c1-b90c-c3b9b090623c/datanode-2/data/ratis/af1b75a9-4a01-46e3-92b2-dfb90023d0a9/in_use.lock acquired by nodename 2263@fv-az443-503
2022-10-03 12:54:50,242 [pool-264-thread-1] INFO  storage.RaftStorage (RaftStorageImpl.java:format(89)) - Storage directory /home/runner/work/ozone/ozone/hadoop-ozone/integration-test/target/test-dir/MiniOzoneClusterImpl-da160868-f19b-48c1-b90c-c3b9b090623c/datanode-2/data/ratis/af1b75a9-4a01-46e3-92b2-dfb90023d0a9 has been successfully formatted.
2022-10-03 12:54:50,243 [pool-264-thread-1] INFO  ratis.ContainerStateMachine (ContainerStateMachine.java:loadSnapshot(236)) - group-DFB90023D0A9: The snapshot info is null. Setting the last applied indexto:(t:0, i:~)
2022-10-03 12:54:50,243 [pool-264-thread-1] INFO  server.RaftServerConfigKeys (ConfUtils.java:logGet(46)) - raft.server.notification.no-leader.timeout = 300s (custom)
2022-10-03 12:54:50,243 [pool-264-thread-1] INFO  server.RaftServerConfigKeys (ConfUtils.java:logGet(46)) - raft.server.log.use.memory = false (default)
2022-10-03 12:54:50,243 [pool-264-thread-1] INFO  server.RaftServerConfigKeys (ConfUtils.java:logGet(46)) - raft.server.log.purge.gap = 1000000 (custom)
2022-10-03 12:54:50,243 [pool-264-thread-1] INFO  server.RaftServerConfigKeys (ConfUtils.java:logGet(46)) - raft.server.log.appender.buffer.byte-limit = 33554432 (custom)
2022-10-03 12:54:50,243 [pool-264-thread-1] INFO  server.RaftServerConfigKeys (ConfUtils.java:logGet(46)) - raft.server.log.statemachine.data.read.timeout = 1000ms (default)
2022-10-03 12:54:50,243 [pool-264-thread-1] INFO  server.RaftServerConfigKeys (ConfUtils.java:logGet(46)) - raft.server.log.segment.size.max = 1048576 (custom)
2022-10-03 12:54:50,243 [pool-264-thread-1] INFO  server.RaftServerConfigKeys (ConfUtils.java:logGet(46)) - raft.server.log.segment.cache.num.max = 2 (custom)
2022-10-03 12:54:50,243 [pool-264-thread-1] INFO  server.RaftServerConfigKeys (ConfUtils.java:logGet(46)) - raft.server.log.segment.cache.size.max = 200MB (=209715200) (default)
2022-10-03 12:54:50,243 [pool-264-thread-1] INFO  segmented.SegmentedRaftLogWorker (SegmentedRaftLogWorker.java:<init>(187)) - new e69aea10-0801-41ac-a2b4-01fbb41e6c1c@group-DFB90023D0A9-SegmentedRaftLogWorker for RaftStorageImpl:Storage Directory /home/runner/work/ozone/ozone/hadoop-ozone/integration-test/target/test-dir/MiniOzoneClusterImpl-da160868-f19b-48c1-b90c-c3b9b090623c/datanode-2/data/ratis/af1b75a9-4a01-46e3-92b2-dfb90023d0a9
2022-10-03 12:54:50,243 [pool-264-thread-1] INFO  server.RaftServerConfigKeys (ConfUtils.java:logGet(46)) - raft.server.log.queue.byte-limit = 4294967296 (custom)
2022-10-03 12:54:50,243 [pool-264-thread-1] INFO  server.RaftServerConfigKeys (ConfUtils.java:logGet(46)) - raft.server.log.queue.element-limit = 1024 (custom)
2022-10-03 12:54:50,243 [pool-264-thread-1] INFO  server.RaftServerConfigKeys (ConfUtils.java:logGet(46)) - raft.server.log.segment.size.max = 1048576 (custom)
2022-10-03 12:54:50,244 [pool-264-thread-1] INFO  server.RaftServerConfigKeys (ConfUtils.java:logGet(46)) - raft.server.log.preallocated.size = 16384 (custom)
2022-10-03 12:54:50,244 [pool-264-thread-1] INFO  server.RaftServerConfigKeys (ConfUtils.java:logGet(46)) - raft.server.log.force.sync.num = 128 (default)
2022-10-03 12:54:50,244 [pool-264-thread-1] INFO  server.RaftServerConfigKeys (ConfUtils.java:logGet(46)) - raft.server.log.statemachine.data.sync = true (default)
2022-10-03 12:54:50,244 [pool-264-thread-1] INFO  server.RaftServerConfigKeys (ConfUtils.java:logGet(46)) - raft.server.log.statemachine.data.sync.timeout = 10s (default)
2022-10-03 12:54:50,244 [pool-264-thread-1] INFO  server.RaftServerConfigKeys (ConfUtils.java:logGet(46)) - raft.server.log.statemachine.data.sync.timeout.retry = -1 (default)
2022-10-03 12:54:50,244 [pool-264-thread-1] INFO  server.RaftServerConfigKeys (ConfUtils.java:logGet(46)) - raft.server.log.write.buffer.size = 1048576 (custom)
2022-10-03 12:54:50,245 [pool-264-thread-1] INFO  server.RaftServerConfigKeys (ConfUtils.java:logGet(46)) - raft.server.log.unsafe-flush.enabled = false (default)
2022-10-03 12:54:50,245 [pool-264-thread-1] INFO  server.RaftServerConfigKeys (ConfUtils.java:logGet(46)) - raft.server.log.statemachine.data.caching.enabled = true (custom)
2022-10-03 12:54:50,245 [pool-264-thread-1] INFO  segmented.SegmentedRaftLogWorker (SegmentedRaftLogWorker.java:lambda$new$0(135)) - e69aea10-0801-41ac-a2b4-01fbb41e6c1c@group-DFB90023D0A9-SegmentedRaftLogWorker: flushIndex: setUnconditionally 0 -> -1
2022-10-03 12:54:50,245 [pool-264-thread-1] INFO  segmented.SegmentedRaftLogWorker (SegmentedRaftLogWorker.java:lambda$new$0(135)) - e69aea10-0801-41ac-a2b4-01fbb41e6c1c@group-DFB90023D0A9-SegmentedRaftLogWorker: safeCacheEvictIndex: setUnconditionally 0 -> -1
2022-10-03 12:54:50,246 [EventQueue-PipelineReportForPipelineReportHandler] INFO  pipeline.PipelineManagerImpl (PipelineManagerImpl.java:openPipeline(367)) - Pipeline Pipeline[ Id: af1b75a9-4a01-46e3-92b2-dfb90023d0a9, Nodes: e69aea10-0801-41ac-a2b4-01fbb41e6c1c{ip: 10.1.0.147, host: fv-az443-503.ap2fcshprsnunfx25e1aelzb4b.cx.internal.cloudapp.net, ports: [REPLICATION=33881, RATIS=41013, RATIS_ADMIN=41013, RATIS_SERVER=41013, STANDALONE=45033], networkLocation: /default-rack, certSerialId: null, persistedOpState: IN_SERVICE, persistedOpStateExpiryEpochSec: 0}, ReplicationConfig: RATIS/ONE, State:ALLOCATED, leaderId:e69aea10-0801-41ac-a2b4-01fbb41e6c1c, CreationTimestamp2022-10-03T12:54:47.250Z[Etc/UTC]] moved to OPEN state
2022-10-03 12:54:50,247 [EventQueue-OpenPipelineForHealthyPipelineSafeModeRule] INFO  safemode.SCMSafeModeManager (HealthyPipelineSafeModeRule.java:process(137)) - SCM in safe mode. Healthy pipelines reported count is 0, required healthy pipeline reported count is 1
2022-10-03 12:54:50,257 [pool-264-thread-1] INFO  server.RaftServerConfigKeys (ConfUtils.java:logGet(46)) - raft.server.snapshot.auto.trigger.enabled = true (custom)
2022-10-03 12:54:50,265 [pool-264-thread-1] INFO  server.RaftServerConfigKeys (ConfUtils.java:logGet(46)) - raft.server.snapshot.auto.trigger.threshold = 10000 (custom)
2022-10-03 12:54:50,265 [pool-264-thread-1] INFO  server.RaftServerConfigKeys (ConfUtils.java:logGet(46)) - raft.server.snapshot.retention.file.num = 5 (custom)
2022-10-03 12:54:50,265 [pool-264-thread-1] INFO  server.RaftServerConfigKeys (ConfUtils.java:logGet(46)) - raft.server.log.purge.upto.snapshot.index = false (default)
2022-10-03 12:54:50,265 [pool-264-thread-1] INFO  server.RaftServerConfigKeys (ConfUtils.java:logGet(46)) - raft.server.retrycache.expirytime = 600000ms (custom)
2022-10-03 12:54:50,265 [pool-264-thread-1] INFO  server.RaftServerConfigKeys (ConfUtils.java:logGet(46)) - raft.server.retrycache.statistics.expirytime = 100μs (default)
2022-10-03 12:54:50,266 [pool-264-thread-1] INFO  server.RaftServerConfigKeys (ConfUtils.java:logGet(46)) - raft.server.log.appender.install.snapshot.enabled = false (custom)
2022-10-03 12:54:50,266 [pool-264-thread-1] INFO  server.RaftServerConfigKeys (ConfUtils.java:logGet(46)) - raft.server.threadpool.server.cached = true (default)
2022-10-03 12:54:50,266 [pool-264-thread-1] INFO  server.RaftServerConfigKeys (ConfUtils.java:logGet(46)) - raft.server.threadpool.server.size = 0 (default)
2022-10-03 12:54:50,266 [pool-264-thread-1] INFO  server.RaftServerConfigKeys (ConfUtils.java:logGet(46)) - raft.server.threadpool.client.cached = true (default)
2022-10-03 12:54:50,266 [pool-264-thread-1] INFO  server.RaftServerConfigKeys (ConfUtils.java:logGet(46)) - raft.server.threadpool.client.size = 0 (default)
2022-10-03 12:54:50,266 [pool-264-thread-1] INFO  server.RaftServer$Division (RaftServerImpl.java:start(310)) - e69aea10-0801-41ac-a2b4-01fbb41e6c1c@group-DFB90023D0A9: start as a follower, conf=-1: [e69aea10-0801-41ac-a2b4-01fbb41e6c1c|rpc:10.1.0.147:41013|priority:1], old=null
2022-10-03 12:54:50,266 [pool-264-thread-1] INFO  server.RaftServer$Division (RaftServerImpl.java:setRole(299)) - e69aea10-0801-41ac-a2b4-01fbb41e6c1c@group-DFB90023D0A9: changes role from      null to FOLLOWER at term 0 for startAsFollower
2022-10-03 12:54:50,266 [pool-264-thread-1] INFO  impl.RoleInfo (RoleInfo.java:updateAndGet(139)) - e69aea10-0801-41ac-a2b4-01fbb41e6c1c: start e69aea10-0801-41ac-a2b4-01fbb41e6c1c@group-DFB90023D0A9-FollowerState
2022-10-03 12:54:50,281 [pool-264-thread-1] INFO  util.JmxRegister (JmxRegister.java:tryRegister(44)) - Successfully registered JMX Bean with object name Ratis:service=RaftServer,group=group-DFB90023D0A9,id=e69aea10-0801-41ac-a2b4-01fbb41e6c1c
2022-10-03 12:54:50,281 [Command processor thread] INFO  ratis.XceiverServerRatis (XceiverServerRatis.java:addGroup(765)) - Created group PipelineID=af1b75a9-4a01-46e3-92b2-dfb90023d0a9
2022-10-03 12:54:50,282 [Command processor thread] INFO  commandhandler.CreatePipelineCommandHandler (CreatePipelineCommandHandler.java:handle(113)) - Created Pipeline RATIS ONE PipelineID=af1b75a9-4a01-46e3-92b2-dfb90023d0a9.
2022-10-03 12:54:51,219 [Listener at 127.0.0.1/41991] INFO  ozone.MiniOzoneClusterImpl (MiniOzoneClusterImpl.java:lambda$waitForClusterToBeReady$0(216)) - Nodes are ready. Got 3 of 3 DN Heartbeats.
2022-10-03 12:54:51,220 [Listener at 127.0.0.1/41991] INFO  ozone.MiniOzoneClusterImpl (MiniOzoneClusterImpl.java:lambda$waitForClusterToBeReady$0(219)) - Waiting for cluster to exit safe mode
2022-10-03 12:54:51,220 [Listener at 127.0.0.1/41991] INFO  ozone.MiniOzoneClusterImpl (MiniOzoneClusterImpl.java:lambda$waitForClusterToBeReady$0(221)) - SCM became leader
2022-10-03 12:54:52,220 [Listener at 127.0.0.1/41991] INFO  ozone.MiniOzoneClusterImpl (MiniOzoneClusterImpl.java:lambda$waitForClusterToBeReady$0(216)) - Nodes are ready. Got 3 of 3 DN Heartbeats.
2022-10-03 12:54:52,220 [Listener at 127.0.0.1/41991] INFO  ozone.MiniOzoneClusterImpl (MiniOzoneClusterImpl.java:lambda$waitForClusterToBeReady$0(219)) - Waiting for cluster to exit safe mode
2022-10-03 12:54:52,220 [Listener at 127.0.0.1/41991] INFO  ozone.MiniOzoneClusterImpl (MiniOzoneClusterImpl.java:lambda$waitForClusterToBeReady$0(221)) - SCM became leader
2022-10-03 12:54:53,221 [Listener at 127.0.0.1/41991] INFO  ozone.MiniOzoneClusterImpl (MiniOzoneClusterImpl.java:lambda$waitForClusterToBeReady$0(216)) - Nodes are ready. Got 3 of 3 DN Heartbeats.
2022-10-03 12:54:53,221 [Listener at 127.0.0.1/41991] INFO  ozone.MiniOzoneClusterImpl (MiniOzoneClusterImpl.java:lambda$waitForClusterToBeReady$0(219)) - Waiting for cluster to exit safe mode
2022-10-03 12:54:53,221 [Listener at 127.0.0.1/41991] INFO  ozone.MiniOzoneClusterImpl (MiniOzoneClusterImpl.java:lambda$waitForClusterToBeReady$0(221)) - SCM became leader
2022-10-03 12:54:53,900 [80c6e929-872b-4790-af2a-af17d73a1ffe@group-65845CBA5317-FollowerState] INFO  impl.FollowerState (FollowerState.java:run(143)) - 80c6e929-872b-4790-af2a-af17d73a1ffe@group-65845CBA5317-FollowerState: change to CANDIDATE, lastRpcElapsedTime:5016813314ns, electionTimeout:5006ms
2022-10-03 12:54:53,900 [80c6e929-872b-4790-af2a-af17d73a1ffe@group-65845CBA5317-FollowerState] INFO  impl.RoleInfo (RoleInfo.java:shutdownFollowerState(110)) - 80c6e929-872b-4790-af2a-af17d73a1ffe: shutdown 80c6e929-872b-4790-af2a-af17d73a1ffe@group-65845CBA5317-FollowerState
2022-10-03 12:54:53,900 [80c6e929-872b-4790-af2a-af17d73a1ffe@group-65845CBA5317-FollowerState] INFO  server.RaftServer$Division (RaftServerImpl.java:setRole(299)) - 80c6e929-872b-4790-af2a-af17d73a1ffe@group-65845CBA5317: changes role from  FOLLOWER to CANDIDATE at term 0 for changeToCandidate
2022-10-03 12:54:53,900 [80c6e929-872b-4790-af2a-af17d73a1ffe@group-65845CBA5317-FollowerState] INFO  server.RaftServerConfigKeys (ConfUtils.java:logGet(46)) - raft.server.leaderelection.pre-vote = false (custom)
2022-10-03 12:54:53,900 [80c6e929-872b-4790-af2a-af17d73a1ffe@group-65845CBA5317-FollowerState] INFO  impl.RoleInfo (RoleInfo.java:updateAndGet(139)) - 80c6e929-872b-4790-af2a-af17d73a1ffe: start 80c6e929-872b-4790-af2a-af17d73a1ffe@group-65845CBA5317-LeaderElection12
2022-10-03 12:54:53,937 [80c6e929-872b-4790-af2a-af17d73a1ffe@group-65845CBA5317-LeaderElection12] INFO  impl.LeaderElection (LeaderElection.java:askForVotes(310)) - 80c6e929-872b-4790-af2a-af17d73a1ffe@group-65845CBA5317-LeaderElection12 ELECTION round 0: submit vote requests at term 1 for -1: [80c6e929-872b-4790-af2a-af17d73a1ffe|rpc:10.1.0.147:33091|priority:1], old=null
2022-10-03 12:54:53,937 [80c6e929-872b-4790-af2a-af17d73a1ffe@group-65845CBA5317-LeaderElection12] INFO  impl.LeaderElection (LeaderElection.java:askForVotes(312)) - 80c6e929-872b-4790-af2a-af17d73a1ffe@group-65845CBA5317-LeaderElection12 ELECTION round 0: result PASSED (term=1)
2022-10-03 12:54:53,937 [80c6e929-872b-4790-af2a-af17d73a1ffe@group-65845CBA5317-LeaderElection12] INFO  impl.RoleInfo (RoleInfo.java:shutdownLeaderElection(130)) - 80c6e929-872b-4790-af2a-af17d73a1ffe: shutdown 80c6e929-872b-4790-af2a-af17d73a1ffe@group-65845CBA5317-LeaderElection12
2022-10-03 12:54:53,938 [80c6e929-872b-4790-af2a-af17d73a1ffe@group-65845CBA5317-LeaderElection12] INFO  server.RaftServer$Division (RaftServerImpl.java:setRole(299)) - 80c6e929-872b-4790-af2a-af17d73a1ffe@group-65845CBA5317: changes role from CANDIDATE to LEADER at term 1 for changeToLeader
2022-10-03 12:54:53,938 [80c6e929-872b-4790-af2a-af17d73a1ffe@group-65845CBA5317-LeaderElection12] INFO  ratis.XceiverServerRatis (XceiverServerRatis.java:handleLeaderChangedNotification(863)) - Leader change notification received for group: group-65845CBA5317 with new leaderId: 80c6e929-872b-4790-af2a-af17d73a1ffe
2022-10-03 12:54:53,938 [80c6e929-872b-4790-af2a-af17d73a1ffe@group-65845CBA5317-LeaderElection12] INFO  server.RaftServer$Division (ServerState.java:setLeader(287)) - 80c6e929-872b-4790-af2a-af17d73a1ffe@group-65845CBA5317: change Leader from null to 80c6e929-872b-4790-af2a-af17d73a1ffe at term 1 for becomeLeader, leader elected after 5076ms
2022-10-03 12:54:53,938 [80c6e929-872b-4790-af2a-af17d73a1ffe@group-65845CBA5317-LeaderElection12] INFO  server.RaftServerConfigKeys (ConfUtils.java:logGet(46)) - raft.server.staging.catchup.gap = 1000 (default)
2022-10-03 12:54:53,938 [80c6e929-872b-4790-af2a-af17d73a1ffe@group-65845CBA5317-LeaderElection12] INFO  server.RaftServerConfigKeys (ConfUtils.java:logGet(46)) - raft.server.write.element-limit = 1024 (custom)
2022-10-03 12:54:53,938 [80c6e929-872b-4790-af2a-af17d73a1ffe@group-65845CBA5317-LeaderElection12] INFO  server.RaftServerConfigKeys (ConfUtils.java:logGet(46)) - raft.server.write.byte-limit = 1024 M (=1073741824) (custom)
2022-10-03 12:54:53,938 [80c6e929-872b-4790-af2a-af17d73a1ffe@group-65845CBA5317-LeaderElection12] INFO  server.RaftServerConfigKeys (ConfUtils.java:logGet(46)) - raft.server.watch.timeout = 180s (custom)
2022-10-03 12:54:53,938 [80c6e929-872b-4790-af2a-af17d73a1ffe@group-65845CBA5317-LeaderElection12] INFO  server.RaftServerConfigKeys (ConfUtils.java:logGet(46)) - raft.server.watch.timeout.denomination = 1s (default)
2022-10-03 12:54:53,938 [80c6e929-872b-4790-af2a-af17d73a1ffe@group-65845CBA5317-LeaderElection12] INFO  server.RaftServerConfigKeys (ConfUtils.java:logGet(46)) - raft.server.watch.element-limit = 65536 (default)
2022-10-03 12:54:53,938 [80c6e929-872b-4790-af2a-af17d73a1ffe@group-65845CBA5317-LeaderElection12] INFO  server.RaftServerConfigKeys (ConfUtils.java:logGet(46)) - raft.server.write.element-limit = 1024 (custom)
2022-10-03 12:54:53,939 [80c6e929-872b-4790-af2a-af17d73a1ffe@group-65845CBA5317-LeaderElection12] INFO  server.RaftServerConfigKeys (ConfUtils.java:logGet(46)) - raft.server.write.follower.gap.ratio.max = -1.0 (default)
2022-10-03 12:54:53,939 [80c6e929-872b-4790-af2a-af17d73a1ffe@group-65845CBA5317-LeaderElection12] INFO  impl.RoleInfo (RoleInfo.java:updateAndGet(139)) - 80c6e929-872b-4790-af2a-af17d73a1ffe: start 80c6e929-872b-4790-af2a-af17d73a1ffe@group-65845CBA5317-LeaderStateImpl
2022-10-03 12:54:53,939 [80c6e929-872b-4790-af2a-af17d73a1ffe@group-65845CBA5317-LeaderElection12] INFO  segmented.SegmentedRaftLogWorker (SegmentedRaftLogWorker.java:startLogSegment(425)) - 80c6e929-872b-4790-af2a-af17d73a1ffe@group-65845CBA5317-SegmentedRaftLogWorker: Starting segment from index:0
2022-10-03 12:54:53,940 [80c6e929-872b-4790-af2a-af17d73a1ffe@group-65845CBA5317-SegmentedRaftLogWorker] INFO  segmented.SegmentedRaftLogWorker (SegmentedRaftLogWorker.java:execute(629)) - 80c6e929-872b-4790-af2a-af17d73a1ffe@group-65845CBA5317-SegmentedRaftLogWorker: created new log segment /home/runner/work/ozone/ozone/hadoop-ozone/integration-test/target/test-dir/MiniOzoneClusterImpl-da160868-f19b-48c1-b90c-c3b9b090623c/datanode-0/data/ratis/ca42e733-bcfa-4b57-acd7-65845cba5317/current/log_inprogress_0
2022-10-03 12:54:53,941 [EventQueue-OpenPipelineForHealthyPipelineSafeModeRule] INFO  safemode.SCMSafeModeManager (HealthyPipelineSafeModeRule.java:process(137)) - SCM in safe mode. Healthy pipelines reported count is 0, required healthy pipeline reported count is 1
2022-10-03 12:54:53,949 [80c6e929-872b-4790-af2a-af17d73a1ffe@group-65845CBA5317-LeaderElection12] INFO  server.RaftServer$Division (ServerState.java:setRaftConf(393)) - 80c6e929-872b-4790-af2a-af17d73a1ffe@group-65845CBA5317: set configuration 0: [80c6e929-872b-4790-af2a-af17d73a1ffe|rpc:10.1.0.147:33091|dataStream:|priority:1], old=null
2022-10-03 12:54:54,055 [80c6e929-872b-4790-af2a-af17d73a1ffe@group-F260516A388C-FollowerState] INFO  impl.FollowerState (FollowerState.java:run(143)) - 80c6e929-872b-4790-af2a-af17d73a1ffe@group-F260516A388C-FollowerState: change to CANDIDATE, lastRpcElapsedTime:5133394615ns, electionTimeout:5118ms
2022-10-03 12:54:54,055 [80c6e929-872b-4790-af2a-af17d73a1ffe@group-F260516A388C-FollowerState] INFO  impl.RoleInfo (RoleInfo.java:shutdownFollowerState(110)) - 80c6e929-872b-4790-af2a-af17d73a1ffe: shutdown 80c6e929-872b-4790-af2a-af17d73a1ffe@group-F260516A388C-FollowerState
2022-10-03 12:54:54,056 [80c6e929-872b-4790-af2a-af17d73a1ffe@group-F260516A388C-FollowerState] INFO  server.RaftServer$Division (RaftServerImpl.java:setRole(299)) - 80c6e929-872b-4790-af2a-af17d73a1ffe@group-F260516A388C: changes role from  FOLLOWER to CANDIDATE at term 0 for changeToCandidate
2022-10-03 12:54:54,056 [80c6e929-872b-4790-af2a-af17d73a1ffe@group-F260516A388C-FollowerState] INFO  server.RaftServerConfigKeys (ConfUtils.java:logGet(46)) - raft.server.leaderelection.pre-vote = false (custom)
2022-10-03 12:54:54,056 [80c6e929-872b-4790-af2a-af17d73a1ffe@group-F260516A388C-FollowerState] INFO  impl.RoleInfo (RoleInfo.java:updateAndGet(139)) - 80c6e929-872b-4790-af2a-af17d73a1ffe: start 80c6e929-872b-4790-af2a-af17d73a1ffe@group-F260516A388C-LeaderElection13
2022-10-03 12:54:54,061 [e69aea10-0801-41ac-a2b4-01fbb41e6c1c@group-F260516A388C-FollowerState] INFO  impl.FollowerState (FollowerState.java:run(143)) - e69aea10-0801-41ac-a2b4-01fbb41e6c1c@group-F260516A388C-FollowerState: change to CANDIDATE, lastRpcElapsedTime:5032456837ns, electionTimeout:5031ms
2022-10-03 12:54:54,061 [e69aea10-0801-41ac-a2b4-01fbb41e6c1c@group-F260516A388C-FollowerState] INFO  impl.RoleInfo (RoleInfo.java:shutdownFollowerState(110)) - e69aea10-0801-41ac-a2b4-01fbb41e6c1c: shutdown e69aea10-0801-41ac-a2b4-01fbb41e6c1c@group-F260516A388C-FollowerState
2022-10-03 12:54:54,061 [e69aea10-0801-41ac-a2b4-01fbb41e6c1c@group-F260516A388C-FollowerState] INFO  server.RaftServer$Division (RaftServerImpl.java:setRole(299)) - e69aea10-0801-41ac-a2b4-01fbb41e6c1c@group-F260516A388C: changes role from  FOLLOWER to CANDIDATE at term 0 for changeToCandidate
2022-10-03 12:54:54,062 [e69aea10-0801-41ac-a2b4-01fbb41e6c1c@group-F260516A388C-FollowerState] INFO  server.RaftServerConfigKeys (ConfUtils.java:logGet(46)) - raft.server.leaderelection.pre-vote = false (custom)
2022-10-03 12:54:54,062 [e69aea10-0801-41ac-a2b4-01fbb41e6c1c@group-F260516A388C-FollowerState] INFO  impl.RoleInfo (RoleInfo.java:updateAndGet(139)) - e69aea10-0801-41ac-a2b4-01fbb41e6c1c: start e69aea10-0801-41ac-a2b4-01fbb41e6c1c@group-F260516A388C-LeaderElection14
2022-10-03 12:54:54,071 [80c6e929-872b-4790-af2a-af17d73a1ffe@group-F260516A388C-LeaderElection13] INFO  impl.LeaderElection (LeaderElection.java:askForVotes(310)) - 80c6e929-872b-4790-af2a-af17d73a1ffe@group-F260516A388C-LeaderElection13 ELECTION round 0: submit vote requests at term 1 for -1: [785befec-25fa-4d9e-b471-d42e8e28eb7b|rpc:10.1.0.147:44563|priority:0, e69aea10-0801-41ac-a2b4-01fbb41e6c1c|rpc:10.1.0.147:41013|priority:1, 80c6e929-872b-4790-af2a-af17d73a1ffe|rpc:10.1.0.147:33091|priority:0], old=null
2022-10-03 12:54:54,097 [785befec-25fa-4d9e-b471-d42e8e28eb7b@group-F260516A388C-FollowerState] INFO  impl.FollowerState (FollowerState.java:run(143)) - 785befec-25fa-4d9e-b471-d42e8e28eb7b@group-F260516A388C-FollowerState: change to CANDIDATE, lastRpcElapsedTime:5010714448ns, electionTimeout:5001ms
2022-10-03 12:54:54,097 [785befec-25fa-4d9e-b471-d42e8e28eb7b@group-F260516A388C-FollowerState] INFO  impl.RoleInfo (RoleInfo.java:shutdownFollowerState(110)) - 785befec-25fa-4d9e-b471-d42e8e28eb7b: shutdown 785befec-25fa-4d9e-b471-d42e8e28eb7b@group-F260516A388C-FollowerState
2022-10-03 12:54:54,098 [785befec-25fa-4d9e-b471-d42e8e28eb7b@group-F260516A388C-FollowerState] INFO  server.RaftServer$Division (RaftServerImpl.java:setRole(299)) - 785befec-25fa-4d9e-b471-d42e8e28eb7b@group-F260516A388C: changes role from  FOLLOWER to CANDIDATE at term 0 for changeToCandidate
2022-10-03 12:54:54,098 [785befec-25fa-4d9e-b471-d42e8e28eb7b@group-F260516A388C-FollowerState] INFO  server.RaftServerConfigKeys (ConfUtils.java:logGet(46)) - raft.server.leaderelection.pre-vote = false (custom)
2022-10-03 12:54:54,098 [785befec-25fa-4d9e-b471-d42e8e28eb7b@group-F260516A388C-FollowerState] INFO  impl.RoleInfo (RoleInfo.java:updateAndGet(139)) - 785befec-25fa-4d9e-b471-d42e8e28eb7b: start 785befec-25fa-4d9e-b471-d42e8e28eb7b@group-F260516A388C-LeaderElection15
2022-10-03 12:54:54,102 [e69aea10-0801-41ac-a2b4-01fbb41e6c1c@group-F260516A388C-LeaderElection14] INFO  impl.LeaderElection (LeaderElection.java:askForVotes(310)) - e69aea10-0801-41ac-a2b4-01fbb41e6c1c@group-F260516A388C-LeaderElection14 ELECTION round 0: submit vote requests at term 1 for -1: [785befec-25fa-4d9e-b471-d42e8e28eb7b|rpc:10.1.0.147:44563|dataStream:|priority:0, e69aea10-0801-41ac-a2b4-01fbb41e6c1c|rpc:10.1.0.147:41013|dataStream:|priority:1, 80c6e929-872b-4790-af2a-af17d73a1ffe|rpc:10.1.0.147:33091|dataStream:|priority:0], old=null
2022-10-03 12:54:54,129 [grpc-default-executor-0] INFO  server.RaftServer$Division (RaftServerImpl.java:requestVote(1152)) - 785befec-25fa-4d9e-b471-d42e8e28eb7b@group-F260516A388C: receive requestVote(ELECTION, 80c6e929-872b-4790-af2a-af17d73a1ffe, group-F260516A388C, 1, (t:0, i:0))
2022-10-03 12:54:54,129 [785befec-25fa-4d9e-b471-d42e8e28eb7b@group-F260516A388C-LeaderElection15] INFO  impl.LeaderElection (LeaderElection.java:askForVotes(310)) - 785befec-25fa-4d9e-b471-d42e8e28eb7b@group-F260516A388C-LeaderElection15 ELECTION round 0: submit vote requests at term 1 for -1: [785befec-25fa-4d9e-b471-d42e8e28eb7b|rpc:10.1.0.147:44563|dataStream:|priority:0, e69aea10-0801-41ac-a2b4-01fbb41e6c1c|rpc:10.1.0.147:41013|dataStream:|priority:1, 80c6e929-872b-4790-af2a-af17d73a1ffe|rpc:10.1.0.147:33091|dataStream:|priority:0], old=null
2022-10-03 12:54:54,129 [grpc-default-executor-0] INFO  impl.VoteContext (VoteContext.java:log(48)) - 785befec-25fa-4d9e-b471-d42e8e28eb7b@group-F260516A388C-CANDIDATE: reject ELECTION from 80c6e929-872b-4790-af2a-af17d73a1ffe: already has voted for 785befec-25fa-4d9e-b471-d42e8e28eb7b at current term 1
2022-10-03 12:54:54,139 [grpc-default-executor-0] INFO  server.RaftServer$Division (RaftServerImpl.java:requestVote(1184)) - 785befec-25fa-4d9e-b471-d42e8e28eb7b@group-F260516A388C replies to ELECTION vote request: 80c6e929-872b-4790-af2a-af17d73a1ffe<-785befec-25fa-4d9e-b471-d42e8e28eb7b#0:FAIL-t1. Peer's state: 785befec-25fa-4d9e-b471-d42e8e28eb7b@group-F260516A388C:t1, leader=null, voted=785befec-25fa-4d9e-b471-d42e8e28eb7b, raftlog=785befec-25fa-4d9e-b471-d42e8e28eb7b@group-F260516A388C-SegmentedRaftLog:OPENED:c-1, conf=-1: [785befec-25fa-4d9e-b471-d42e8e28eb7b|rpc:10.1.0.147:44563|dataStream:|priority:0, e69aea10-0801-41ac-a2b4-01fbb41e6c1c|rpc:10.1.0.147:41013|dataStream:|priority:1, 80c6e929-872b-4790-af2a-af17d73a1ffe|rpc:10.1.0.147:33091|dataStream:|priority:0], old=null
2022-10-03 12:54:54,193 [grpc-default-executor-0] INFO  server.RaftServer$Division (RaftServerImpl.java:requestVote(1152)) - e69aea10-0801-41ac-a2b4-01fbb41e6c1c@group-F260516A388C: receive requestVote(ELECTION, 80c6e929-872b-4790-af2a-af17d73a1ffe, group-F260516A388C, 1, (t:0, i:0))
2022-10-03 12:54:54,193 [grpc-default-executor-0] INFO  impl.VoteContext (VoteContext.java:log(48)) - e69aea10-0801-41ac-a2b4-01fbb41e6c1c@group-F260516A388C-CANDIDATE: reject ELECTION from 80c6e929-872b-4790-af2a-af17d73a1ffe: already has voted for e69aea10-0801-41ac-a2b4-01fbb41e6c1c at current term 1
2022-10-03 12:54:54,193 [grpc-default-executor-0] INFO  server.RaftServer$Division (RaftServerImpl.java:requestVote(1184)) - e69aea10-0801-41ac-a2b4-01fbb41e6c1c@group-F260516A388C replies to ELECTION vote request: 80c6e929-872b-4790-af2a-af17d73a1ffe<-e69aea10-0801-41ac-a2b4-01fbb41e6c1c#0:FAIL-t1. Peer's state: e69aea10-0801-41ac-a2b4-01fbb41e6c1c@group-F260516A388C:t1, leader=null, voted=e69aea10-0801-41ac-a2b4-01fbb41e6c1c, raftlog=e69aea10-0801-41ac-a2b4-01fbb41e6c1c@group-F260516A388C-SegmentedRaftLog:OPENED:c-1, conf=-1: [785befec-25fa-4d9e-b471-d42e8e28eb7b|rpc:10.1.0.147:44563|dataStream:|priority:0, e69aea10-0801-41ac-a2b4-01fbb41e6c1c|rpc:10.1.0.147:41013|dataStream:|priority:1, 80c6e929-872b-4790-af2a-af17d73a1ffe|rpc:10.1.0.147:33091|dataStream:|priority:0], old=null
2022-10-03 12:54:54,195 [grpc-default-executor-0] INFO  server.RaftServer$Division (RaftServerImpl.java:requestVote(1152)) - 785befec-25fa-4d9e-b471-d42e8e28eb7b@group-F260516A388C: receive requestVote(ELECTION, e69aea10-0801-41ac-a2b4-01fbb41e6c1c, group-F260516A388C, 1, (t:0, i:0))
2022-10-03 12:54:54,195 [grpc-default-executor-0] INFO  impl.VoteContext (VoteContext.java:log(48)) - 785befec-25fa-4d9e-b471-d42e8e28eb7b@group-F260516A388C-CANDIDATE: reject ELECTION from e69aea10-0801-41ac-a2b4-01fbb41e6c1c: already has voted for 785befec-25fa-4d9e-b471-d42e8e28eb7b at current term 1
2022-10-03 12:54:54,195 [grpc-default-executor-0] INFO  server.RaftServer$Division (RaftServerImpl.java:requestVote(1184)) - 785befec-25fa-4d9e-b471-d42e8e28eb7b@group-F260516A388C replies to ELECTION vote request: e69aea10-0801-41ac-a2b4-01fbb41e6c1c<-785befec-25fa-4d9e-b471-d42e8e28eb7b#0:FAIL-t1. Peer's state: 785befec-25fa-4d9e-b471-d42e8e28eb7b@group-F260516A388C:t1, leader=null, voted=785befec-25fa-4d9e-b471-d42e8e28eb7b, raftlog=785befec-25fa-4d9e-b471-d42e8e28eb7b@group-F260516A388C-SegmentedRaftLog:OPENED:c-1, conf=-1: [785befec-25fa-4d9e-b471-d42e8e28eb7b|rpc:10.1.0.147:44563|dataStream:|priority:0, e69aea10-0801-41ac-a2b4-01fbb41e6c1c|rpc:10.1.0.147:41013|dataStream:|priority:1, 80c6e929-872b-4790-af2a-af17d73a1ffe|rpc:10.1.0.147:33091|dataStream:|priority:0], old=null
2022-10-03 12:54:54,211 [80c6e929-872b-4790-af2a-af17d73a1ffe@group-3A975295E0D1-FollowerState] INFO  impl.FollowerState (FollowerState.java:run(143)) - 80c6e929-872b-4790-af2a-af17d73a1ffe@group-3A975295E0D1-FollowerState: change to CANDIDATE, lastRpcElapsedTime:5072154854ns, electionTimeout:5062ms
2022-10-03 12:54:54,216 [80c6e929-872b-4790-af2a-af17d73a1ffe@group-3A975295E0D1-FollowerState] INFO  impl.RoleInfo (RoleInfo.java:shutdownFollowerState(110)) - 80c6e929-872b-4790-af2a-af17d73a1ffe: shutdown 80c6e929-872b-4790-af2a-af17d73a1ffe@group-3A975295E0D1-FollowerState
2022-10-03 12:54:54,217 [80c6e929-872b-4790-af2a-af17d73a1ffe@group-3A975295E0D1-FollowerState] INFO  server.RaftServer$Division (RaftServerImpl.java:setRole(299)) - 80c6e929-872b-4790-af2a-af17d73a1ffe@group-3A975295E0D1: changes role from  FOLLOWER to CANDIDATE at term 0 for changeToCandidate
2022-10-03 12:54:54,217 [80c6e929-872b-4790-af2a-af17d73a1ffe@group-3A975295E0D1-FollowerState] INFO  server.RaftServerConfigKeys (ConfUtils.java:logGet(46)) - raft.server.leaderelection.pre-vote = false (custom)
2022-10-03 12:54:54,217 [80c6e929-872b-4790-af2a-af17d73a1ffe@group-3A975295E0D1-FollowerState] INFO  impl.RoleInfo (RoleInfo.java:updateAndGet(139)) - 80c6e929-872b-4790-af2a-af17d73a1ffe: start 80c6e929-872b-4790-af2a-af17d73a1ffe@group-3A975295E0D1-LeaderElection16
2022-10-03 12:54:54,217 [80c6e929-872b-4790-af2a-af17d73a1ffe@group-F260516A388C-LeaderElection13] INFO  impl.LeaderElection (LeaderElection.java:logAndReturn(90)) - 80c6e929-872b-4790-af2a-af17d73a1ffe@group-F260516A388C-LeaderElection13: ELECTION REJECTED received 2 response(s) and 0 exception(s):
2022-10-03 12:54:54,219 [80c6e929-872b-4790-af2a-af17d73a1ffe@group-F260516A388C-LeaderElection13] INFO  impl.LeaderElection (LeaderElection.java:logAndReturn(94)) -   Response 0: 80c6e929-872b-4790-af2a-af17d73a1ffe<-785befec-25fa-4d9e-b471-d42e8e28eb7b#0:FAIL-t1
2022-10-03 12:54:54,219 [80c6e929-872b-4790-af2a-af17d73a1ffe@group-F260516A388C-LeaderElection13] INFO  impl.LeaderElection (LeaderElection.java:logAndReturn(94)) -   Response 1: 80c6e929-872b-4790-af2a-af17d73a1ffe<-e69aea10-0801-41ac-a2b4-01fbb41e6c1c#0:FAIL-t1
2022-10-03 12:54:54,219 [80c6e929-872b-4790-af2a-af17d73a1ffe@group-F260516A388C-LeaderElection13] INFO  impl.LeaderElection (LeaderElection.java:askForVotes(312)) - 80c6e929-872b-4790-af2a-af17d73a1ffe@group-F260516A388C-LeaderElection13 ELECTION round 0: result REJECTED
2022-10-03 12:54:54,219 [80c6e929-872b-4790-af2a-af17d73a1ffe@group-F260516A388C-LeaderElection13] INFO  server.RaftServer$Division (RaftServerImpl.java:setRole(299)) - 80c6e929-872b-4790-af2a-af17d73a1ffe@group-F260516A388C: changes role from CANDIDATE to FOLLOWER at term 1 for REJECTED
2022-10-03 12:54:54,219 [80c6e929-872b-4790-af2a-af17d73a1ffe@group-F260516A388C-LeaderElection13] INFO  impl.RoleInfo (RoleInfo.java:shutdownLeaderElection(130)) - 80c6e929-872b-4790-af2a-af17d73a1ffe: shutdown 80c6e929-872b-4790-af2a-af17d73a1ffe@group-F260516A388C-LeaderElection13
2022-10-03 12:54:54,219 [80c6e929-872b-4790-af2a-af17d73a1ffe@group-F260516A388C-LeaderElection13] INFO  impl.RoleInfo (RoleInfo.java:updateAndGet(139)) - 80c6e929-872b-4790-af2a-af17d73a1ffe: start 80c6e929-872b-4790-af2a-af17d73a1ffe@group-F260516A388C-FollowerState
2022-10-03 12:54:54,219 [grpc-default-executor-1] INFO  server.RaftServer$Division (RaftServerImpl.java:requestVote(1152)) - e69aea10-0801-41ac-a2b4-01fbb41e6c1c@group-F260516A388C: receive requestVote(ELECTION, 785befec-25fa-4d9e-b471-d42e8e28eb7b, group-F260516A388C, 1, (t:0, i:0))
2022-10-03 12:54:54,219 [grpc-default-executor-1] INFO  impl.VoteContext (VoteContext.java:log(48)) - e69aea10-0801-41ac-a2b4-01fbb41e6c1c@group-F260516A388C-CANDIDATE: reject ELECTION from 785befec-25fa-4d9e-b471-d42e8e28eb7b: already has voted for e69aea10-0801-41ac-a2b4-01fbb41e6c1c at current term 1
2022-10-03 12:54:54,219 [grpc-default-executor-1] INFO  server.RaftServer$Division (RaftServerImpl.java:requestVote(1184)) - e69aea10-0801-41ac-a2b4-01fbb41e6c1c@group-F260516A388C replies to ELECTION vote request: 785befec-25fa-4d9e-b471-d42e8e28eb7b<-e69aea10-0801-41ac-a2b4-01fbb41e6c1c#0:FAIL-t1. Peer's state: e69aea10-0801-41ac-a2b4-01fbb41e6c1c@group-F260516A388C:t1, leader=null, voted=e69aea10-0801-41ac-a2b4-01fbb41e6c1c, raftlog=e69aea10-0801-41ac-a2b4-01fbb41e6c1c@group-F260516A388C-SegmentedRaftLog:OPENED:c-1, conf=-1: [785befec-25fa-4d9e-b471-d42e8e28eb7b|rpc:10.1.0.147:44563|dataStream:|priority:0, e69aea10-0801-41ac-a2b4-01fbb41e6c1c|rpc:10.1.0.147:41013|dataStream:|priority:1, 80c6e929-872b-4790-af2a-af17d73a1ffe|rpc:10.1.0.147:33091|dataStream:|priority:0], old=null
2022-10-03 12:54:54,221 [grpc-default-executor-0] INFO  server.RaftServer$Division (RaftServerImpl.java:requestVote(1152)) - 80c6e929-872b-4790-af2a-af17d73a1ffe@group-F260516A388C: receive requestVote(ELECTION, e69aea10-0801-41ac-a2b4-01fbb41e6c1c, group-F260516A388C, 1, (t:0, i:0))
2022-10-03 12:54:54,221 [grpc-default-executor-2] INFO  server.RaftServer$Division (RaftServerImpl.java:requestVote(1152)) - 80c6e929-872b-4790-af2a-af17d73a1ffe@group-F260516A388C: receive requestVote(ELECTION, 785befec-25fa-4d9e-b471-d42e8e28eb7b, group-F260516A388C, 1, (t:0, i:0))
2022-10-03 12:54:54,222 [785befec-25fa-4d9e-b471-d42e8e28eb7b@group-F260516A388C-LeaderElection15] INFO  impl.LeaderElection (LeaderElection.java:logAndReturn(90)) - 785befec-25fa-4d9e-b471-d42e8e28eb7b@group-F260516A388C-LeaderElection15: ELECTION REJECTED received 1 response(s) and 0 exception(s):
2022-10-03 12:54:54,222 [785befec-25fa-4d9e-b471-d42e8e28eb7b@group-F260516A388C-LeaderElection15] INFO  impl.LeaderElection (LeaderElection.java:logAndReturn(94)) -   Response 0: 785befec-25fa-4d9e-b471-d42e8e28eb7b<-e69aea10-0801-41ac-a2b4-01fbb41e6c1c#0:FAIL-t1
2022-10-03 12:54:54,223 [785befec-25fa-4d9e-b471-d42e8e28eb7b@group-F260516A388C-LeaderElection15] INFO  impl.LeaderElection (LeaderElection.java:askForVotes(312)) - 785befec-25fa-4d9e-b471-d42e8e28eb7b@group-F260516A388C-LeaderElection15 ELECTION round 0: result REJECTED
2022-10-03 12:54:54,223 [785befec-25fa-4d9e-b471-d42e8e28eb7b@group-F260516A388C-LeaderElection15] INFO  server.RaftServer$Division (RaftServerImpl.java:setRole(299)) - 785befec-25fa-4d9e-b471-d42e8e28eb7b@group-F260516A388C: changes role from CANDIDATE to FOLLOWER at term 1 for REJECTED
2022-10-03 12:54:54,223 [785befec-25fa-4d9e-b471-d42e8e28eb7b@group-F260516A388C-LeaderElection15] INFO  impl.RoleInfo (RoleInfo.java:shutdownLeaderElection(130)) - 785befec-25fa-4d9e-b471-d42e8e28eb7b: shutdown 785befec-25fa-4d9e-b471-d42e8e28eb7b@group-F260516A388C-LeaderElection15
2022-10-03 12:54:54,223 [785befec-25fa-4d9e-b471-d42e8e28eb7b@group-F260516A388C-LeaderElection15] INFO  impl.RoleInfo (RoleInfo.java:updateAndGet(139)) - 785befec-25fa-4d9e-b471-d42e8e28eb7b: start 785befec-25fa-4d9e-b471-d42e8e28eb7b@group-F260516A388C-FollowerState
2022-10-03 12:54:54,222 [grpc-default-executor-0] INFO  impl.VoteContext (VoteContext.java:log(48)) - 80c6e929-872b-4790-af2a-af17d73a1ffe@group-F260516A388C-FOLLOWER: reject ELECTION from e69aea10-0801-41ac-a2b4-01fbb41e6c1c: already has voted for 80c6e929-872b-4790-af2a-af17d73a1ffe at current term 1
2022-10-03 12:54:54,221 [Listener at 127.0.0.1/41991] INFO  ozone.MiniOzoneClusterImpl (MiniOzoneClusterImpl.java:lambda$waitForClusterToBeReady$0(216)) - Nodes are ready. Got 3 of 3 DN Heartbeats.
2022-10-03 12:54:54,223 [Listener at 127.0.0.1/41991] INFO  ozone.MiniOzoneClusterImpl (MiniOzoneClusterImpl.java:lambda$waitForClusterToBeReady$0(219)) - Waiting for cluster to exit safe mode
2022-10-03 12:54:54,223 [Listener at 127.0.0.1/41991] INFO  ozone.MiniOzoneClusterImpl (MiniOzoneClusterImpl.java:lambda$waitForClusterToBeReady$0(221)) - SCM became leader
2022-10-03 12:54:54,223 [grpc-default-executor-0] INFO  server.RaftServer$Division (RaftServerImpl.java:requestVote(1184)) - 80c6e929-872b-4790-af2a-af17d73a1ffe@group-F260516A388C replies to ELECTION vote request: e69aea10-0801-41ac-a2b4-01fbb41e6c1c<-80c6e929-872b-4790-af2a-af17d73a1ffe#0:FAIL-t1. Peer's state: 80c6e929-872b-4790-af2a-af17d73a1ffe@group-F260516A388C:t1, leader=null, voted=80c6e929-872b-4790-af2a-af17d73a1ffe, raftlog=80c6e929-872b-4790-af2a-af17d73a1ffe@group-F260516A388C-SegmentedRaftLog:OPENED:c-1, conf=-1: [785befec-25fa-4d9e-b471-d42e8e28eb7b|rpc:10.1.0.147:44563|priority:0, e69aea10-0801-41ac-a2b4-01fbb41e6c1c|rpc:10.1.0.147:41013|priority:1, 80c6e929-872b-4790-af2a-af17d73a1ffe|rpc:10.1.0.147:33091|priority:0], old=null
2022-10-03 12:54:54,223 [grpc-default-executor-2] INFO  impl.VoteContext (VoteContext.java:log(48)) - 80c6e929-872b-4790-af2a-af17d73a1ffe@group-F260516A388C-FOLLOWER: reject ELECTION from 785befec-25fa-4d9e-b471-d42e8e28eb7b: already has voted for 80c6e929-872b-4790-af2a-af17d73a1ffe at current term 1
2022-10-03 12:54:54,224 [grpc-default-executor-2] INFO  server.RaftServer$Division (RaftServerImpl.java:requestVote(1184)) - 80c6e929-872b-4790-af2a-af17d73a1ffe@group-F260516A388C replies to ELECTION vote request: 785befec-25fa-4d9e-b471-d42e8e28eb7b<-80c6e929-872b-4790-af2a-af17d73a1ffe#0:FAIL-t1. Peer's state: 80c6e929-872b-4790-af2a-af17d73a1ffe@group-F260516A388C:t1, leader=null, voted=80c6e929-872b-4790-af2a-af17d73a1ffe, raftlog=80c6e929-872b-4790-af2a-af17d73a1ffe@group-F260516A388C-SegmentedRaftLog:OPENED:c-1, conf=-1: [785befec-25fa-4d9e-b471-d42e8e28eb7b|rpc:10.1.0.147:44563|priority:0, e69aea10-0801-41ac-a2b4-01fbb41e6c1c|rpc:10.1.0.147:41013|priority:1, 80c6e929-872b-4790-af2a-af17d73a1ffe|rpc:10.1.0.147:33091|priority:0], old=null
2022-10-03 12:54:54,228 [e69aea10-0801-41ac-a2b4-01fbb41e6c1c@group-F260516A388C-LeaderElection14] INFO  impl.LeaderElection (LeaderElection.java:logAndReturn(90)) - e69aea10-0801-41ac-a2b4-01fbb41e6c1c@group-F260516A388C-LeaderElection14: ELECTION REJECTED received 2 response(s) and 0 exception(s):
2022-10-03 12:54:54,228 [e69aea10-0801-41ac-a2b4-01fbb41e6c1c@group-F260516A388C-LeaderElection14] INFO  impl.LeaderElection (LeaderElection.java:logAndReturn(94)) -   Response 0: e69aea10-0801-41ac-a2b4-01fbb41e6c1c<-785befec-25fa-4d9e-b471-d42e8e28eb7b#0:FAIL-t1
2022-10-03 12:54:54,229 [e69aea10-0801-41ac-a2b4-01fbb41e6c1c@group-F260516A388C-LeaderElection14] INFO  impl.LeaderElection (LeaderElection.java:logAndReturn(94)) -   Response 1: e69aea10-0801-41ac-a2b4-01fbb41e6c1c<-80c6e929-872b-4790-af2a-af17d73a1ffe#0:FAIL-t1
2022-10-03 12:54:54,229 [e69aea10-0801-41ac-a2b4-01fbb41e6c1c@group-F260516A388C-LeaderElection14] INFO  impl.LeaderElection (LeaderElection.java:askForVotes(312)) - e69aea10-0801-41ac-a2b4-01fbb41e6c1c@group-F260516A388C-LeaderElection14 ELECTION round 0: result REJECTED
2022-10-03 12:54:54,229 [e69aea10-0801-41ac-a2b4-01fbb41e6c1c@group-F260516A388C-LeaderElection14] INFO  server.RaftServer$Division (RaftServerImpl.java:setRole(299)) - e69aea10-0801-41ac-a2b4-01fbb41e6c1c@group-F260516A388C: changes role from CANDIDATE to FOLLOWER at term 1 for REJECTED
2022-10-03 12:54:54,233 [80c6e929-872b-4790-af2a-af17d73a1ffe@group-3A975295E0D1-LeaderElection16] INFO  impl.LeaderElection (LeaderElection.java:askForVotes(310)) - 80c6e929-872b-4790-af2a-af17d73a1ffe@group-3A975295E0D1-LeaderElection16 ELECTION round 0: submit vote requests at term 1 for -1: [785befec-25fa-4d9e-b471-d42e8e28eb7b|rpc:10.1.0.147:44563|priority:0, e69aea10-0801-41ac-a2b4-01fbb41e6c1c|rpc:10.1.0.147:41013|priority:0, 80c6e929-872b-4790-af2a-af17d73a1ffe|rpc:10.1.0.147:33091|priority:1], old=null
2022-10-03 12:54:54,237 [e69aea10-0801-41ac-a2b4-01fbb41e6c1c@group-F260516A388C-LeaderElection14] INFO  impl.RoleInfo (RoleInfo.java:shutdownLeaderElection(130)) - e69aea10-0801-41ac-a2b4-01fbb41e6c1c: shutdown e69aea10-0801-41ac-a2b4-01fbb41e6c1c@group-F260516A388C-LeaderElection14
2022-10-03 12:54:54,242 [e69aea10-0801-41ac-a2b4-01fbb41e6c1c@group-F260516A388C-LeaderElection14] INFO  impl.RoleInfo (RoleInfo.java:updateAndGet(139)) - e69aea10-0801-41ac-a2b4-01fbb41e6c1c: start e69aea10-0801-41ac-a2b4-01fbb41e6c1c@group-F260516A388C-FollowerState
2022-10-03 12:54:54,234 [e69aea10-0801-41ac-a2b4-01fbb41e6c1c@group-3A975295E0D1-FollowerState] INFO  impl.FollowerState (FollowerState.java:run(143)) - e69aea10-0801-41ac-a2b4-01fbb41e6c1c@group-3A975295E0D1-FollowerState: change to CANDIDATE, lastRpcElapsedTime:5037701165ns, electionTimeout:5022ms
2022-10-03 12:54:54,254 [grpc-default-executor-2] INFO  server.RaftServer$Division (RaftServerImpl.java:requestVote(1152)) - 785befec-25fa-4d9e-b471-d42e8e28eb7b@group-3A975295E0D1: receive requestVote(ELECTION, 80c6e929-872b-4790-af2a-af17d73a1ffe, group-3A975295E0D1, 1, (t:0, i:0))
2022-10-03 12:54:54,254 [grpc-default-executor-2] INFO  impl.VoteContext (VoteContext.java:log(48)) - 785befec-25fa-4d9e-b471-d42e8e28eb7b@group-3A975295E0D1-FOLLOWER: accept ELECTION from 80c6e929-872b-4790-af2a-af17d73a1ffe: our priority 0 <= candidate's priority 1
2022-10-03 12:54:54,254 [grpc-default-executor-2] INFO  server.RaftServer$Division (RaftServerImpl.java:setRole(299)) - 785befec-25fa-4d9e-b471-d42e8e28eb7b@group-3A975295E0D1: changes role from  FOLLOWER to FOLLOWER at term 1 for candidate:80c6e929-872b-4790-af2a-af17d73a1ffe
2022-10-03 12:54:54,254 [grpc-default-executor-2] INFO  impl.RoleInfo (RoleInfo.java:shutdownFollowerState(110)) - 785befec-25fa-4d9e-b471-d42e8e28eb7b: shutdown 785befec-25fa-4d9e-b471-d42e8e28eb7b@group-3A975295E0D1-FollowerState
2022-10-03 12:54:54,254 [grpc-default-executor-2] INFO  impl.RoleInfo (RoleInfo.java:updateAndGet(139)) - 785befec-25fa-4d9e-b471-d42e8e28eb7b: start 785befec-25fa-4d9e-b471-d42e8e28eb7b@group-3A975295E0D1-FollowerState
2022-10-03 12:54:54,254 [785befec-25fa-4d9e-b471-d42e8e28eb7b@group-3A975295E0D1-FollowerState] INFO  impl.FollowerState (FollowerState.java:run(152)) - 785befec-25fa-4d9e-b471-d42e8e28eb7b@group-3A975295E0D1-FollowerState was interrupted
2022-10-03 12:54:54,254 [e69aea10-0801-41ac-a2b4-01fbb41e6c1c@group-3A975295E0D1-FollowerState] INFO  impl.RoleInfo (RoleInfo.java:shutdownFollowerState(110)) - e69aea10-0801-41ac-a2b4-01fbb41e6c1c: shutdown e69aea10-0801-41ac-a2b4-01fbb41e6c1c@group-3A975295E0D1-FollowerState
2022-10-03 12:54:54,254 [e69aea10-0801-41ac-a2b4-01fbb41e6c1c@group-3A975295E0D1-FollowerState] INFO  server.RaftServer$Division (RaftServerImpl.java:setRole(299)) - e69aea10-0801-41ac-a2b4-01fbb41e6c1c@group-3A975295E0D1: changes role from  FOLLOWER to CANDIDATE at term 0 for changeToCandidate
2022-10-03 12:54:54,255 [grpc-default-executor-2] INFO  server.RaftServer$Division (RaftServerImpl.java:requestVote(1184)) - 785befec-25fa-4d9e-b471-d42e8e28eb7b@group-3A975295E0D1 replies to ELECTION vote request: 80c6e929-872b-4790-af2a-af17d73a1ffe<-785befec-25fa-4d9e-b471-d42e8e28eb7b#0:OK-t1. Peer's state: 785befec-25fa-4d9e-b471-d42e8e28eb7b@group-3A975295E0D1:t1, leader=null, voted=80c6e929-872b-4790-af2a-af17d73a1ffe, raftlog=785befec-25fa-4d9e-b471-d42e8e28eb7b@group-3A975295E0D1-SegmentedRaftLog:OPENED:c-1, conf=-1: [785befec-25fa-4d9e-b471-d42e8e28eb7b|rpc:10.1.0.147:44563|dataStream:|priority:0, e69aea10-0801-41ac-a2b4-01fbb41e6c1c|rpc:10.1.0.147:41013|dataStream:|priority:0, 80c6e929-872b-4790-af2a-af17d73a1ffe|rpc:10.1.0.147:33091|dataStream:|priority:1], old=null
2022-10-03 12:54:54,257 [80c6e929-872b-4790-af2a-af17d73a1ffe@group-3A975295E0D1-LeaderElection16] INFO  impl.LeaderElection (LeaderElection.java:logAndReturn(90)) - 80c6e929-872b-4790-af2a-af17d73a1ffe@group-3A975295E0D1-LeaderElection16: ELECTION PASSED received 1 response(s) and 0 exception(s):
2022-10-03 12:54:54,257 [80c6e929-872b-4790-af2a-af17d73a1ffe@group-3A975295E0D1-LeaderElection16] INFO  impl.LeaderElection (LeaderElection.java:logAndReturn(94)) -   Response 0: 80c6e929-872b-4790-af2a-af17d73a1ffe<-785befec-25fa-4d9e-b471-d42e8e28eb7b#0:OK-t1
2022-10-03 12:54:54,257 [80c6e929-872b-4790-af2a-af17d73a1ffe@group-3A975295E0D1-LeaderElection16] INFO  impl.LeaderElection (LeaderElection.java:askForVotes(312)) - 80c6e929-872b-4790-af2a-af17d73a1ffe@group-3A975295E0D1-LeaderElection16 ELECTION round 0: result PASSED
2022-10-03 12:54:54,257 [80c6e929-872b-4790-af2a-af17d73a1ffe@group-3A975295E0D1-LeaderElection16] INFO  impl.RoleInfo (RoleInfo.java:shutdownLeaderElection(130)) - 80c6e929-872b-4790-af2a-af17d73a1ffe: shutdown 80c6e929-872b-4790-af2a-af17d73a1ffe@group-3A975295E0D1-LeaderElection16
2022-10-03 12:54:54,258 [80c6e929-872b-4790-af2a-af17d73a1ffe@group-3A975295E0D1-LeaderElection16] INFO  server.RaftServer$Division (RaftServerImpl.java:setRole(299)) - 80c6e929-872b-4790-af2a-af17d73a1ffe@group-3A975295E0D1: changes role from CANDIDATE to LEADER at term 1 for changeToLeader
2022-10-03 12:54:54,258 [80c6e929-872b-4790-af2a-af17d73a1ffe@group-3A975295E0D1-LeaderElection16] INFO  ratis.XceiverServerRatis (XceiverServerRatis.java:handleLeaderChangedNotification(863)) - Leader change notification received for group: group-3A975295E0D1 with new leaderId: 80c6e929-872b-4790-af2a-af17d73a1ffe
2022-10-03 12:54:54,258 [80c6e929-872b-4790-af2a-af17d73a1ffe@group-3A975295E0D1-LeaderElection16] INFO  server.RaftServer$Division (ServerState.java:setLeader(287)) - 80c6e929-872b-4790-af2a-af17d73a1ffe@group-3A975295E0D1: change Leader from null to 80c6e929-872b-4790-af2a-af17d73a1ffe at term 1 for becomeLeader, leader elected after 5127ms
2022-10-03 12:54:54,258 [80c6e929-872b-4790-af2a-af17d73a1ffe@group-3A975295E0D1-LeaderElection16] INFO  server.RaftServerConfigKeys (ConfUtils.java:logGet(46)) - raft.server.staging.catchup.gap = 1000 (default)
2022-10-03 12:54:54,258 [80c6e929-872b-4790-af2a-af17d73a1ffe@group-3A975295E0D1-LeaderElection16] INFO  server.RaftServerConfigKeys (ConfUtils.java:logGet(46)) - raft.server.write.element-limit = 1024 (custom)
2022-10-03 12:54:54,258 [80c6e929-872b-4790-af2a-af17d73a1ffe@group-3A975295E0D1-LeaderElection16] INFO  server.RaftServerConfigKeys (ConfUtils.java:logGet(46)) - raft.server.write.byte-limit = 1024 M (=1073741824) (custom)
2022-10-03 12:54:54,265 [e69aea10-0801-41ac-a2b4-01fbb41e6c1c@group-3A975295E0D1-FollowerState] INFO  server.RaftServerConfigKeys (ConfUtils.java:logGet(46)) - raft.server.leaderelection.pre-vote = false (custom)
2022-10-03 12:54:54,265 [e69aea10-0801-41ac-a2b4-01fbb41e6c1c@group-3A975295E0D1-FollowerState] INFO  impl.RoleInfo (RoleInfo.java:updateAndGet(139)) - e69aea10-0801-41ac-a2b4-01fbb41e6c1c: start e69aea10-0801-41ac-a2b4-01fbb41e6c1c@group-3A975295E0D1-LeaderElection17
2022-10-03 12:54:54,274 [EventQueue-PipelineReportForPipelineReportHandler] INFO  pipeline.PipelineManagerImpl (PipelineManagerImpl.java:openPipeline(367)) - Pipeline Pipeline[ Id: 0356f669-3719-4f55-8c66-3a975295e0d1, Nodes: e69aea10-0801-41ac-a2b4-01fbb41e6c1c{ip: 10.1.0.147, host: fv-az443-503.ap2fcshprsnunfx25e1aelzb4b.cx.internal.cloudapp.net, ports: [REPLICATION=33881, RATIS=41013, RATIS_ADMIN=41013, RATIS_SERVER=41013, STANDALONE=45033], networkLocation: /default-rack, certSerialId: null, persistedOpState: IN_SERVICE, persistedOpStateExpiryEpochSec: 0}80c6e929-872b-4790-af2a-af17d73a1ffe{ip: 10.1.0.147, host: fv-az443-503.ap2fcshprsnunfx25e1aelzb4b.cx.internal.cloudapp.net, ports: [REPLICATION=41435, RATIS=33091, RATIS_ADMIN=33091, RATIS_SERVER=33091, STANDALONE=38933], networkLocation: /default-rack, certSerialId: null, persistedOpState: IN_SERVICE, persistedOpStateExpiryEpochSec: 0}785befec-25fa-4d9e-b471-d42e8e28eb7b{ip: 10.1.0.147, host: fv-az443-503.ap2fcshprsnunfx25e1aelzb4b.cx.internal.cloudapp.net, ports: [REPLICATION=36981, RATIS=44563, RATIS_ADMIN=44563, RATIS_SERVER=44563, STANDALONE=37949], networkLocation: /default-rack, certSerialId: null, persistedOpState: IN_SERVICE, persistedOpStateExpiryEpochSec: 0}, ReplicationConfig: RATIS/THREE, State:ALLOCATED, leaderId:80c6e929-872b-4790-af2a-af17d73a1ffe, CreationTimestamp2022-10-03T12:54:47.262Z[Etc/UTC]] moved to OPEN state
2022-10-03 12:54:54,274 [EventQueue-OpenPipelineForHealthyPipelineSafeModeRule] INFO  safemode.SCMSafeModeManager (HealthyPipelineSafeModeRule.java:process(137)) - SCM in safe mode. Healthy pipelines reported count is 0, required healthy pipeline reported count is 1
2022-10-03 12:54:54,274 [EventQueue-OpenPipelineForHealthyPipelineSafeModeRule] INFO  safemode.SCMSafeModeManager (HealthyPipelineSafeModeRule.java:process(137)) - SCM in safe mode. Healthy pipelines reported count is 1, required healthy pipeline reported count is 1
2022-10-03 12:54:54,274 [EventQueue-OpenPipelineForHealthyPipelineSafeModeRule] INFO  safemode.SCMSafeModeManager (SCMSafeModeManager.java:validateSafeModeExitRules(204)) - HealthyPipelineSafeModeRule rule is successfully validated
2022-10-03 12:54:54,275 [EventQueue-OpenPipelineForHealthyPipelineSafeModeRule] INFO  safemode.SCMSafeModeManager (SCMSafeModeManager.java:validateSafeModeExitRules(219)) - ScmSafeModeManager, all rules are successfully validated
2022-10-03 12:54:54,275 [EventQueue-OpenPipelineForHealthyPipelineSafeModeRule] INFO  safemode.SCMSafeModeManager (SCMSafeModeManager.java:exitSafeMode(248)) - SCM exiting safe mode.
2022-10-03 12:54:54,275 [EventQueue-OpenPipelineForHealthyPipelineSafeModeRule] WARN  events.EventQueue (EventQueue.java:fireEvent(216)) - No event handler registered for event TypedEvent{payloadType=SafeModeStatus, name='Safe mode status'}
2022-10-03 12:54:54,275 [EventQueue-OpenPipelineForHealthyPipelineSafeModeRule] INFO  ha.SCMContext (SCMContext.java:updateSafeModeStatus(228)) - Update SafeModeStatus from SafeModeStatus{safeModeStatus=true, preCheckPassed=true} to SafeModeStatus{safeModeStatus=false, preCheckPassed=true}.
2022-10-03 12:54:54,275 [EventQueue-OpenPipelineForHealthyPipelineSafeModeRule] INFO  pipeline.BackgroundPipelineCreator (BackgroundPipelineCreator.java:notifyStatusChanged(254)) - Service BackgroundPipelineCreator transitions to RUNNING.
2022-10-03 12:54:54,275 [EventQueue-OpenPipelineForHealthyPipelineSafeModeRule] INFO  BackgroundPipelineScrubber (BackgroundSCMService.java:notifyStatusChanged(82)) - Service BackgroundPipelineScrubber transitions to RUNNING.
2022-10-03 12:54:54,275 [EventQueue-OpenPipelineForHealthyPipelineSafeModeRule] INFO  ExpiredContainerReplicaOpScrubber (BackgroundSCMService.java:notifyStatusChanged(82)) - Service ExpiredContainerReplicaOpScrubber transitions to RUNNING.
2022-10-03 12:54:54,275 [EventQueue-OpenPipelineForHealthyPipelineSafeModeRule] INFO  replication.ReplicationManager (ReplicationManager.java:notifyStatusChanged(728)) - Service ReplicationManager transitions to RUNNING.
2022-10-03 12:54:54,275 [EventQueue-OpenPipelineForHealthyPipelineSafeModeRule] WARN  balancer.ContainerBalancer (ContainerBalancer.java:shouldRun(936)) - Could not find persisted configuration for ContainerBalancer when checking if ContainerBalancer should run. ContainerBalancer should not run now.
2022-10-03 12:54:54,291 [80c6e929-872b-4790-af2a-af17d73a1ffe@group-3A975295E0D1-LeaderElection16] INFO  server.RaftServerConfigKeys (ConfUtils.java:logGet(46)) - raft.server.watch.timeout = 180s (custom)
2022-10-03 12:54:54,294 [80c6e929-872b-4790-af2a-af17d73a1ffe@group-3A975295E0D1-LeaderElection16] INFO  server.RaftServerConfigKeys (ConfUtils.java:logGet(46)) - raft.server.watch.timeout.denomination = 1s (default)
2022-10-03 12:54:54,294 [80c6e929-872b-4790-af2a-af17d73a1ffe@group-3A975295E0D1-LeaderElection16] INFO  server.RaftServerConfigKeys (ConfUtils.java:logGet(46)) - raft.server.watch.element-limit = 65536 (default)
2022-10-03 12:54:54,295 [80c6e929-872b-4790-af2a-af17d73a1ffe@group-3A975295E0D1-LeaderElection16] INFO  server.RaftServerConfigKeys (ConfUtils.java:logGet(46)) - raft.server.write.element-limit = 1024 (custom)
2022-10-03 12:54:54,295 [80c6e929-872b-4790-af2a-af17d73a1ffe@group-3A975295E0D1-LeaderElection16] INFO  server.RaftServerConfigKeys (ConfUtils.java:logGet(46)) - raft.server.write.follower.gap.ratio.max = -1.0 (default)
2022-10-03 12:54:54,295 [80c6e929-872b-4790-af2a-af17d73a1ffe@group-3A975295E0D1-LeaderElection16] INFO  server.RaftServerConfigKeys (ConfUtils.java:logGet(46)) - raft.server.log.appender.snapshot.chunk.size.max = 16MB (=16777216) (default)
2022-10-03 12:54:54,295 [80c6e929-872b-4790-af2a-af17d73a1ffe@group-3A975295E0D1-LeaderElection16] INFO  server.RaftServerConfigKeys (ConfUtils.java:logGet(46)) - raft.server.log.appender.buffer.byte-limit = 33554432 (custom)
2022-10-03 12:54:54,295 [80c6e929-872b-4790-af2a-af17d73a1ffe@group-3A975295E0D1-LeaderElection16] INFO  server.RaftServerConfigKeys (ConfUtils.java:logGet(46)) - raft.server.log.appender.buffer.element-limit = 1 (custom)
2022-10-03 12:54:54,295 [80c6e929-872b-4790-af2a-af17d73a1ffe@group-3A975295E0D1-LeaderElection16] INFO  grpc.GrpcConfigKeys (ConfUtils.java:logGet(46)) - raft.grpc.server.leader.outstanding.appends.max = 128 (default)
2022-10-03 12:54:54,295 [80c6e929-872b-4790-af2a-af17d73a1ffe@group-3A975295E0D1-LeaderElection16] INFO  server.RaftServerConfigKeys (ConfUtils.java:logGet(46)) - raft.server.rpc.request.timeout = 60s (custom)
2022-10-03 12:54:54,295 [80c6e929-872b-4790-af2a-af17d73a1ffe@group-3A975295E0D1-LeaderElection16] INFO  server.RaftServerConfigKeys (ConfUtils.java:logGet(46)) - raft.server.log.appender.install.snapshot.enabled = false (custom)
2022-10-03 12:54:54,296 [80c6e929-872b-4790-af2a-af17d73a1ffe@group-3A975295E0D1-LeaderElection16] INFO  server.RaftServerConfigKeys (ConfUtils.java:logGet(46)) - raft.server.log.appender.snapshot.chunk.size.max = 16MB (=16777216) (default)
2022-10-03 12:54:54,296 [80c6e929-872b-4790-af2a-af17d73a1ffe@group-3A975295E0D1-LeaderElection16] INFO  server.RaftServerConfigKeys (ConfUtils.java:logGet(46)) - raft.server.log.appender.buffer.byte-limit = 33554432 (custom)
2022-10-03 12:54:54,296 [80c6e929-872b-4790-af2a-af17d73a1ffe@group-3A975295E0D1-LeaderElection16] INFO  server.RaftServerConfigKeys (ConfUtils.java:logGet(46)) - raft.server.log.appender.buffer.element-limit = 1 (custom)
2022-10-03 12:54:54,296 [80c6e929-872b-4790-af2a-af17d73a1ffe@group-3A975295E0D1-LeaderElection16] INFO  grpc.GrpcConfigKeys (ConfUtils.java:logGet(46)) - raft.grpc.server.leader.outstanding.appends.max = 128 (default)
2022-10-03 12:54:54,296 [80c6e929-872b-4790-af2a-af17d73a1ffe@group-3A975295E0D1-LeaderElection16] INFO  server.RaftServerConfigKeys (ConfUtils.java:logGet(46)) - raft.server.rpc.request.timeout = 60s (custom)
2022-10-03 12:54:54,296 [80c6e929-872b-4790-af2a-af17d73a1ffe@group-3A975295E0D1-LeaderElection16] INFO  server.RaftServerConfigKeys (ConfUtils.java:logGet(46)) - raft.server.log.appender.install.snapshot.enabled = false (custom)
2022-10-03 12:54:54,297 [80c6e929-872b-4790-af2a-af17d73a1ffe@group-3A975295E0D1-LeaderElection16] INFO  impl.RoleInfo (RoleInfo.java:updateAndGet(139)) - 80c6e929-872b-4790-af2a-af17d73a1ffe: start 80c6e929-872b-4790-af2a-af17d73a1ffe@group-3A975295E0D1-LeaderStateImpl
2022-10-03 12:54:54,297 [80c6e929-872b-4790-af2a-af17d73a1ffe@group-3A975295E0D1-LeaderElection16] INFO  segmented.SegmentedRaftLogWorker (SegmentedRaftLogWorker.java:startLogSegment(425)) - 80c6e929-872b-4790-af2a-af17d73a1ffe@group-3A975295E0D1-SegmentedRaftLogWorker: Starting segment from index:0
2022-10-03 12:54:54,291 [grpc-default-executor-2] INFO  server.RaftServer$Division (RaftServerImpl.java:requestVote(1152)) - e69aea10-0801-41ac-a2b4-01fbb41e6c1c@group-3A975295E0D1: receive requestVote(ELECTION, 80c6e929-872b-4790-af2a-af17d73a1ffe, group-3A975295E0D1, 1, (t:0, i:0))
2022-10-03 12:54:54,298 [grpc-default-executor-2] INFO  impl.VoteContext (VoteContext.java:log(48)) - e69aea10-0801-41ac-a2b4-01fbb41e6c1c@group-3A975295E0D1-CANDIDATE: reject ELECTION from 80c6e929-872b-4790-af2a-af17d73a1ffe: already has voted for e69aea10-0801-41ac-a2b4-01fbb41e6c1c at current term 1
2022-10-03 12:54:54,298 [grpc-default-executor-2] INFO  server.RaftServer$Division (RaftServerImpl.java:requestVote(1184)) - e69aea10-0801-41ac-a2b4-01fbb41e6c1c@group-3A975295E0D1 replies to ELECTION vote request: 80c6e929-872b-4790-af2a-af17d73a1ffe<-e69aea10-0801-41ac-a2b4-01fbb41e6c1c#0:FAIL-t1. Peer's state: e69aea10-0801-41ac-a2b4-01fbb41e6c1c@group-3A975295E0D1:t1, leader=null, voted=e69aea10-0801-41ac-a2b4-01fbb41e6c1c, raftlog=e69aea10-0801-41ac-a2b4-01fbb41e6c1c@group-3A975295E0D1-SegmentedRaftLog:OPENED:c-1, conf=-1: [785befec-25fa-4d9e-b471-d42e8e28eb7b|rpc:10.1.0.147:44563|dataStream:|priority:0, e69aea10-0801-41ac-a2b4-01fbb41e6c1c|rpc:10.1.0.147:41013|dataStream:|priority:0, 80c6e929-872b-4790-af2a-af17d73a1ffe|rpc:10.1.0.147:33091|dataStream:|priority:1], old=null
2022-10-03 12:54:54,299 [80c6e929-872b-4790-af2a-af17d73a1ffe@group-3A975295E0D1-SegmentedRaftLogWorker] INFO  segmented.SegmentedRaftLogWorker (SegmentedRaftLogWorker.java:execute(629)) - 80c6e929-872b-4790-af2a-af17d73a1ffe@group-3A975295E0D1-SegmentedRaftLogWorker: created new log segment /home/runner/work/ozone/ozone/hadoop-ozone/integration-test/target/test-dir/MiniOzoneClusterImpl-da160868-f19b-48c1-b90c-c3b9b090623c/datanode-0/data/ratis/0356f669-3719-4f55-8c66-3a975295e0d1/current/log_inprogress_0
2022-10-03 12:54:54,299 [e69aea10-0801-41ac-a2b4-01fbb41e6c1c@group-3A975295E0D1-LeaderElection17] INFO  impl.LeaderElection (LeaderElection.java:askForVotes(310)) - e69aea10-0801-41ac-a2b4-01fbb41e6c1c@group-3A975295E0D1-LeaderElection17 ELECTION round 0: submit vote requests at term 1 for -1: [785befec-25fa-4d9e-b471-d42e8e28eb7b|rpc:10.1.0.147:44563|dataStream:|priority:0, e69aea10-0801-41ac-a2b4-01fbb41e6c1c|rpc:10.1.0.147:41013|dataStream:|priority:0, 80c6e929-872b-4790-af2a-af17d73a1ffe|rpc:10.1.0.147:33091|dataStream:|priority:1], old=null
2022-10-03 12:54:54,327 [grpc-default-executor-2] INFO  server.RaftServer$Division (RaftServerImpl.java:requestVote(1152)) - 80c6e929-872b-4790-af2a-af17d73a1ffe@group-3A975295E0D1: receive requestVote(ELECTION, e69aea10-0801-41ac-a2b4-01fbb41e6c1c, group-3A975295E0D1, 1, (t:0, i:0))
2022-10-03 12:54:54,349 [80c6e929-872b-4790-af2a-af17d73a1ffe@group-3A975295E0D1-LeaderElection16] INFO  server.RaftServer$Division (ServerState.java:setRaftConf(393)) - 80c6e929-872b-4790-af2a-af17d73a1ffe@group-3A975295E0D1: set configuration 0: [785befec-25fa-4d9e-b471-d42e8e28eb7b|rpc:10.1.0.147:44563|dataStream:|priority:0, e69aea10-0801-41ac-a2b4-01fbb41e6c1c|rpc:10.1.0.147:41013|dataStream:|priority:0, 80c6e929-872b-4790-af2a-af17d73a1ffe|rpc:10.1.0.147:33091|dataStream:|priority:1], old=null
2022-10-03 12:54:54,367 [grpc-default-executor-2] INFO  impl.VoteContext (VoteContext.java:log(48)) - 80c6e929-872b-4790-af2a-af17d73a1ffe@group-3A975295E0D1-LEADER: reject ELECTION from e69aea10-0801-41ac-a2b4-01fbb41e6c1c: already has voted for 80c6e929-872b-4790-af2a-af17d73a1ffe at current term 1
2022-10-03 12:54:54,367 [grpc-default-executor-2] INFO  server.RaftServer$Division (RaftServerImpl.java:requestVote(1184)) - 80c6e929-872b-4790-af2a-af17d73a1ffe@group-3A975295E0D1 replies to ELECTION vote request: e69aea10-0801-41ac-a2b4-01fbb41e6c1c<-80c6e929-872b-4790-af2a-af17d73a1ffe#0:FAIL-t1. Peer's state: 80c6e929-872b-4790-af2a-af17d73a1ffe@group-3A975295E0D1:t1, leader=80c6e929-872b-4790-af2a-af17d73a1ffe, voted=80c6e929-872b-4790-af2a-af17d73a1ffe, raftlog=80c6e929-872b-4790-af2a-af17d73a1ffe@group-3A975295E0D1-SegmentedRaftLog:OPENED:c-1, conf=0: [785befec-25fa-4d9e-b471-d42e8e28eb7b|rpc:10.1.0.147:44563|dataStream:|priority:0, e69aea10-0801-41ac-a2b4-01fbb41e6c1c|rpc:10.1.0.147:41013|dataStream:|priority:0, 80c6e929-872b-4790-af2a-af17d73a1ffe|rpc:10.1.0.147:33091|dataStream:|priority:1], old=null
2022-10-03 12:54:54,369 [785befec-25fa-4d9e-b471-d42e8e28eb7b-server-thread1] INFO  ratis.XceiverServerRatis (XceiverServerRatis.java:handleLeaderChangedNotification(863)) - Leader change notification received for group: group-3A975295E0D1 with new leaderId: 80c6e929-872b-4790-af2a-af17d73a1ffe
2022-10-03 12:54:54,369 [785befec-25fa-4d9e-b471-d42e8e28eb7b-server-thread1] INFO  server.RaftServer$Division (ServerState.java:setLeader(287)) - 785befec-25fa-4d9e-b471-d42e8e28eb7b@group-3A975295E0D1: change Leader from null to 80c6e929-872b-4790-af2a-af17d73a1ffe at term 1 for appendEntries, leader elected after 5112ms
2022-10-03 12:54:54,370 [785befec-25fa-4d9e-b471-d42e8e28eb7b-server-thread1] INFO  server.RaftServer$Division (ServerState.java:setRaftConf(393)) - 785befec-25fa-4d9e-b471-d42e8e28eb7b@group-3A975295E0D1: set configuration 0: [785befec-25fa-4d9e-b471-d42e8e28eb7b|rpc:10.1.0.147:44563|dataStream:|priority:0, e69aea10-0801-41ac-a2b4-01fbb41e6c1c|rpc:10.1.0.147:41013|dataStream:|priority:0, 80c6e929-872b-4790-af2a-af17d73a1ffe|rpc:10.1.0.147:33091|dataStream:|priority:1], old=null
2022-10-03 12:54:54,370 [785befec-25fa-4d9e-b471-d42e8e28eb7b-server-thread1] INFO  segmented.SegmentedRaftLogWorker (SegmentedRaftLogWorker.java:startLogSegment(425)) - 785befec-25fa-4d9e-b471-d42e8e28eb7b@group-3A975295E0D1-SegmentedRaftLogWorker: Starting segment from index:0
2022-10-03 12:54:54,372 [grpc-default-executor-3] INFO  server.RaftServer$Division (RaftServerImpl.java:requestVote(1152)) - 785befec-25fa-4d9e-b471-d42e8e28eb7b@group-3A975295E0D1: receive requestVote(ELECTION, e69aea10-0801-41ac-a2b4-01fbb41e6c1c, group-3A975295E0D1, 1, (t:0, i:0))
2022-10-03 12:54:54,372 [grpc-default-executor-3] INFO  impl.VoteContext (VoteContext.java:log(48)) - 785befec-25fa-4d9e-b471-d42e8e28eb7b@group-3A975295E0D1-FOLLOWER: reject ELECTION from e69aea10-0801-41ac-a2b4-01fbb41e6c1c: already has voted for 80c6e929-872b-4790-af2a-af17d73a1ffe at current term 1
2022-10-03 12:54:54,372 [grpc-default-executor-3] INFO  server.RaftServer$Division (RaftServerImpl.java:requestVote(1184)) - 785befec-25fa-4d9e-b471-d42e8e28eb7b@group-3A975295E0D1 replies to ELECTION vote request: e69aea10-0801-41ac-a2b4-01fbb41e6c1c<-785befec-25fa-4d9e-b471-d42e8e28eb7b#0:FAIL-t1. Peer's state: 785befec-25fa-4d9e-b471-d42e8e28eb7b@group-3A975295E0D1:t1, leader=80c6e929-872b-4790-af2a-af17d73a1ffe, voted=80c6e929-872b-4790-af2a-af17d73a1ffe, raftlog=785befec-25fa-4d9e-b471-d42e8e28eb7b@group-3A975295E0D1-SegmentedRaftLog:OPENED:c-1, conf=0: [785befec-25fa-4d9e-b471-d42e8e28eb7b|rpc:10.1.0.147:44563|dataStream:|priority:0, e69aea10-0801-41ac-a2b4-01fbb41e6c1c|rpc:10.1.0.147:41013|dataStream:|priority:0, 80c6e929-872b-4790-af2a-af17d73a1ffe|rpc:10.1.0.147:33091|dataStream:|priority:1], old=null
2022-10-03 12:54:54,374 [e69aea10-0801-41ac-a2b4-01fbb41e6c1c@group-3A975295E0D1-LeaderElection17] INFO  impl.LeaderElection (LeaderElection.java:logAndReturn(90)) - e69aea10-0801-41ac-a2b4-01fbb41e6c1c@group-3A975295E0D1-LeaderElection17: ELECTION REJECTED received 1 response(s) and 0 exception(s):
2022-10-03 12:54:54,374 [e69aea10-0801-41ac-a2b4-01fbb41e6c1c@group-3A975295E0D1-LeaderElection17] INFO  impl.LeaderElection (LeaderElection.java:logAndReturn(94)) -   Response 0: e69aea10-0801-41ac-a2b4-01fbb41e6c1c<-80c6e929-872b-4790-af2a-af17d73a1ffe#0:FAIL-t1
2022-10-03 12:54:54,374 [e69aea10-0801-41ac-a2b4-01fbb41e6c1c@group-3A975295E0D1-LeaderElection17] INFO  impl.LeaderElection (LeaderElection.java:askForVotes(312)) - e69aea10-0801-41ac-a2b4-01fbb41e6c1c@group-3A975295E0D1-LeaderElection17 ELECTION round 0: result REJECTED
2022-10-03 12:54:54,374 [e69aea10-0801-41ac-a2b4-01fbb41e6c1c@group-3A975295E0D1-LeaderElection17] INFO  server.RaftServer$Division (RaftServerImpl.java:setRole(299)) - e69aea10-0801-41ac-a2b4-01fbb41e6c1c@group-3A975295E0D1: changes role from CANDIDATE to FOLLOWER at term 1 for REJECTED
2022-10-03 12:54:54,374 [e69aea10-0801-41ac-a2b4-01fbb41e6c1c@group-3A975295E0D1-LeaderElection17] INFO  impl.RoleInfo (RoleInfo.java:shutdownLeaderElection(130)) - e69aea10-0801-41ac-a2b4-01fbb41e6c1c: shutdown e69aea10-0801-41ac-a2b4-01fbb41e6c1c@group-3A975295E0D1-LeaderElection17
2022-10-03 12:54:54,374 [e69aea10-0801-41ac-a2b4-01fbb41e6c1c@group-3A975295E0D1-LeaderElection17] INFO  impl.RoleInfo (RoleInfo.java:updateAndGet(139)) - e69aea10-0801-41ac-a2b4-01fbb41e6c1c: start e69aea10-0801-41ac-a2b4-01fbb41e6c1c@group-3A975295E0D1-FollowerState
2022-10-03 12:54:54,376 [785befec-25fa-4d9e-b471-d42e8e28eb7b@group-3A975295E0D1-SegmentedRaftLogWorker] INFO  segmented.SegmentedRaftLogWorker (SegmentedRaftLogWorker.java:execute(629)) - 785befec-25fa-4d9e-b471-d42e8e28eb7b@group-3A975295E0D1-SegmentedRaftLogWorker: created new log segment /home/runner/work/ozone/ozone/hadoop-ozone/integration-test/target/test-dir/MiniOzoneClusterImpl-da160868-f19b-48c1-b90c-c3b9b090623c/datanode-1/data/ratis/0356f669-3719-4f55-8c66-3a975295e0d1/current/log_inprogress_0
2022-10-03 12:54:54,400 [e69aea10-0801-41ac-a2b4-01fbb41e6c1c-server-thread1] INFO  ratis.XceiverServerRatis (XceiverServerRatis.java:handleLeaderChangedNotification(863)) - Leader change notification received for group: group-3A975295E0D1 with new leaderId: 80c6e929-872b-4790-af2a-af17d73a1ffe
2022-10-03 12:54:54,400 [e69aea10-0801-41ac-a2b4-01fbb41e6c1c-server-thread1] INFO  server.RaftServer$Division (ServerState.java:setLeader(287)) - e69aea10-0801-41ac-a2b4-01fbb41e6c1c@group-3A975295E0D1: change Leader from null to 80c6e929-872b-4790-af2a-af17d73a1ffe at term 1 for appendEntries, leader elected after 5223ms
2022-10-03 12:54:54,426 [e69aea10-0801-41ac-a2b4-01fbb41e6c1c-server-thread1] INFO  server.RaftServer$Division (ServerState.java:setRaftConf(393)) - e69aea10-0801-41ac-a2b4-01fbb41e6c1c@group-3A975295E0D1: set configuration 0: [785befec-25fa-4d9e-b471-d42e8e28eb7b|rpc:10.1.0.147:44563|dataStream:|priority:0, e69aea10-0801-41ac-a2b4-01fbb41e6c1c|rpc:10.1.0.147:41013|dataStream:|priority:0, 80c6e929-872b-4790-af2a-af17d73a1ffe|rpc:10.1.0.147:33091|dataStream:|priority:1], old=null
2022-10-03 12:54:54,426 [e69aea10-0801-41ac-a2b4-01fbb41e6c1c-server-thread1] INFO  segmented.SegmentedRaftLogWorker (SegmentedRaftLogWorker.java:startLogSegment(425)) - e69aea10-0801-41ac-a2b4-01fbb41e6c1c@group-3A975295E0D1-SegmentedRaftLogWorker: Starting segment from index:0
2022-10-03 12:54:54,429 [e69aea10-0801-41ac-a2b4-01fbb41e6c1c@group-3A975295E0D1-SegmentedRaftLogWorker] INFO  segmented.SegmentedRaftLogWorker (SegmentedRaftLogWorker.java:execute(629)) - e69aea10-0801-41ac-a2b4-01fbb41e6c1c@group-3A975295E0D1-SegmentedRaftLogWorker: created new log segment /home/runner/work/ozone/ozone/hadoop-ozone/integration-test/target/test-dir/MiniOzoneClusterImpl-da160868-f19b-48c1-b90c-c3b9b090623c/datanode-2/data/ratis/0356f669-3719-4f55-8c66-3a975295e0d1/current/log_inprogress_0
2022-10-03 12:54:54,641 [785befec-25fa-4d9e-b471-d42e8e28eb7b@group-4C5445765067-FollowerState] INFO  impl.FollowerState (FollowerState.java:run(143)) - 785befec-25fa-4d9e-b471-d42e8e28eb7b@group-4C5445765067-FollowerState: change to CANDIDATE, lastRpcElapsedTime:5147818909ns, electionTimeout:5147ms
2022-10-03 12:54:54,641 [785befec-25fa-4d9e-b471-d42e8e28eb7b@group-4C5445765067-FollowerState] INFO  impl.RoleInfo (RoleInfo.java:shutdownFollowerState(110)) - 785befec-25fa-4d9e-b471-d42e8e28eb7b: shutdown 785befec-25fa-4d9e-b471-d42e8e28eb7b@group-4C5445765067-FollowerState
2022-10-03 12:54:54,641 [785befec-25fa-4d9e-b471-d42e8e28eb7b@group-4C5445765067-FollowerState] INFO  server.RaftServer$Division (RaftServerImpl.java:setRole(299)) - 785befec-25fa-4d9e-b471-d42e8e28eb7b@group-4C5445765067: changes role from  FOLLOWER to CANDIDATE at term 0 for changeToCandidate
2022-10-03 12:54:54,641 [785befec-25fa-4d9e-b471-d42e8e28eb7b@group-4C5445765067-FollowerState] INFO  server.RaftServerConfigKeys (ConfUtils.java:logGet(46)) - raft.server.leaderelection.pre-vote = false (custom)
2022-10-03 12:54:54,642 [785befec-25fa-4d9e-b471-d42e8e28eb7b@group-4C5445765067-FollowerState] INFO  impl.RoleInfo (RoleInfo.java:updateAndGet(139)) - 785befec-25fa-4d9e-b471-d42e8e28eb7b: start 785befec-25fa-4d9e-b471-d42e8e28eb7b@group-4C5445765067-LeaderElection18
2022-10-03 12:54:54,674 [785befec-25fa-4d9e-b471-d42e8e28eb7b@group-4C5445765067-LeaderElection18] INFO  impl.LeaderElection (LeaderElection.java:askForVotes(310)) - 785befec-25fa-4d9e-b471-d42e8e28eb7b@group-4C5445765067-LeaderElection18 ELECTION round 0: submit vote requests at term 1 for -1: [785befec-25fa-4d9e-b471-d42e8e28eb7b|rpc:10.1.0.147:44563|priority:1], old=null
2022-10-03 12:54:54,674 [785befec-25fa-4d9e-b471-d42e8e28eb7b@group-4C5445765067-LeaderElection18] INFO  impl.LeaderElection (LeaderElection.java:askForVotes(312)) - 785befec-25fa-4d9e-b471-d42e8e28eb7b@group-4C5445765067-LeaderElection18 ELECTION round 0: result PASSED (term=1)
2022-10-03 12:54:54,674 [785befec-25fa-4d9e-b471-d42e8e28eb7b@group-4C5445765067-LeaderElection18] INFO  impl.RoleInfo (RoleInfo.java:shutdownLeaderElection(130)) - 785befec-25fa-4d9e-b471-d42e8e28eb7b: shutdown 785befec-25fa-4d9e-b471-d42e8e28eb7b@group-4C5445765067-LeaderElection18
2022-10-03 12:54:54,674 [785befec-25fa-4d9e-b471-d42e8e28eb7b@group-4C5445765067-LeaderElection18] INFO  server.RaftServer$Division (RaftServerImpl.java:setRole(299)) - 785befec-25fa-4d9e-b471-d42e8e28eb7b@group-4C5445765067: changes role from CANDIDATE to LEADER at term 1 for changeToLeader
2022-10-03 12:54:54,674 [785befec-25fa-4d9e-b471-d42e8e28eb7b@group-4C5445765067-LeaderElection18] INFO  ratis.XceiverServerRatis (XceiverServerRatis.java:handleLeaderChangedNotification(863)) - Leader change notification received for group: group-4C5445765067 with new leaderId: 785befec-25fa-4d9e-b471-d42e8e28eb7b
2022-10-03 12:54:54,674 [785befec-25fa-4d9e-b471-d42e8e28eb7b@group-4C5445765067-LeaderElection18] INFO  server.RaftServer$Division (ServerState.java:setLeader(287)) - 785befec-25fa-4d9e-b471-d42e8e28eb7b@group-4C5445765067: change Leader from null to 785befec-25fa-4d9e-b471-d42e8e28eb7b at term 1 for becomeLeader, leader elected after 5215ms
2022-10-03 12:54:54,675 [785befec-25fa-4d9e-b471-d42e8e28eb7b@group-4C5445765067-LeaderElection18] INFO  server.RaftServerConfigKeys (ConfUtils.java:logGet(46)) - raft.server.staging.catchup.gap = 1000 (default)
2022-10-03 12:54:54,675 [785befec-25fa-4d9e-b471-d42e8e28eb7b@group-4C5445765067-LeaderElection18] INFO  server.RaftServerConfigKeys (ConfUtils.java:logGet(46)) - raft.server.write.element-limit = 1024 (custom)
2022-10-03 12:54:54,675 [785befec-25fa-4d9e-b471-d42e8e28eb7b@group-4C5445765067-LeaderElection18] INFO  server.RaftServerConfigKeys (ConfUtils.java:logGet(46)) - raft.server.write.byte-limit = 1024 M (=1073741824) (custom)
2022-10-03 12:54:54,675 [785befec-25fa-4d9e-b471-d42e8e28eb7b@group-4C5445765067-LeaderElection18] INFO  server.RaftServerConfigKeys (ConfUtils.java:logGet(46)) - raft.server.watch.timeout = 180s (custom)
2022-10-03 12:54:54,675 [785befec-25fa-4d9e-b471-d42e8e28eb7b@group-4C5445765067-LeaderElection18] INFO  server.RaftServerConfigKeys (ConfUtils.java:logGet(46)) - raft.server.watch.timeout.denomination = 1s (default)
2022-10-03 12:54:54,675 [785befec-25fa-4d9e-b471-d42e8e28eb7b@group-4C5445765067-LeaderElection18] INFO  server.RaftServerConfigKeys (ConfUtils.java:logGet(46)) - raft.server.watch.element-limit = 65536 (default)
2022-10-03 12:54:54,675 [785befec-25fa-4d9e-b471-d42e8e28eb7b@group-4C5445765067-LeaderElection18] INFO  server.RaftServerConfigKeys (ConfUtils.java:logGet(46)) - raft.server.write.element-limit = 1024 (custom)
2022-10-03 12:54:54,675 [785befec-25fa-4d9e-b471-d42e8e28eb7b@group-4C5445765067-LeaderElection18] INFO  server.RaftServerConfigKeys (ConfUtils.java:logGet(46)) - raft.server.write.follower.gap.ratio.max = -1.0 (default)
2022-10-03 12:54:54,675 [785befec-25fa-4d9e-b471-d42e8e28eb7b@group-4C5445765067-LeaderElection18] INFO  impl.RoleInfo (RoleInfo.java:updateAndGet(139)) - 785befec-25fa-4d9e-b471-d42e8e28eb7b: start 785befec-25fa-4d9e-b471-d42e8e28eb7b@group-4C5445765067-LeaderStateImpl
2022-10-03 12:54:54,676 [785befec-25fa-4d9e-b471-d42e8e28eb7b@group-4C5445765067-LeaderElection18] INFO  segmented.SegmentedRaftLogWorker (SegmentedRaftLogWorker.java:startLogSegment(425)) - 785befec-25fa-4d9e-b471-d42e8e28eb7b@group-4C5445765067-SegmentedRaftLogWorker: Starting segment from index:0
2022-10-03 12:54:54,678 [785befec-25fa-4d9e-b471-d42e8e28eb7b@group-4C5445765067-SegmentedRaftLogWorker] INFO  segmented.SegmentedRaftLogWorker (SegmentedRaftLogWorker.java:execute(629)) - 785befec-25fa-4d9e-b471-d42e8e28eb7b@group-4C5445765067-SegmentedRaftLogWorker: created new log segment /home/runner/work/ozone/ozone/hadoop-ozone/integration-test/target/test-dir/MiniOzoneClusterImpl-da160868-f19b-48c1-b90c-c3b9b090623c/datanode-1/data/ratis/9d930fba-c3bd-4aab-b994-4c5445765067/current/log_inprogress_0
2022-10-03 12:54:54,690 [785befec-25fa-4d9e-b471-d42e8e28eb7b@group-4C5445765067-LeaderElection18] INFO  server.RaftServer$Division (ServerState.java:setRaftConf(393)) - 785befec-25fa-4d9e-b471-d42e8e28eb7b@group-4C5445765067: set configuration 0: [785befec-25fa-4d9e-b471-d42e8e28eb7b|rpc:10.1.0.147:44563|dataStream:|priority:1], old=null
2022-10-03 12:54:55,223 [Listener at 127.0.0.1/41991] INFO  ozone.MiniOzoneClusterImpl (MiniOzoneClusterImpl.java:lambda$waitForClusterToBeReady$0(216)) - Nodes are ready. Got 3 of 3 DN Heartbeats.
2022-10-03 12:54:55,223 [Listener at 127.0.0.1/41991] INFO  ozone.MiniOzoneClusterImpl (MiniOzoneClusterImpl.java:lambda$waitForClusterToBeReady$0(219)) - Cluster exits safe mode
2022-10-03 12:54:55,224 [Listener at 127.0.0.1/41991] INFO  ozone.MiniOzoneClusterImpl (MiniOzoneClusterImpl.java:lambda$waitForClusterToBeReady$0(221)) - SCM became leader
]]></system-out>
    </rerunFailure>
    <rerunFailure type="java.lang.AssertionError">
      <stackTrace><![CDATA[java.lang.AssertionError
	at org.junit.Assert.fail(Assert.java:87)
	at org.junit.Assert.assertTrue(Assert.java:42)
	at org.junit.Assert.assertTrue(Assert.java:53)
	at org.apache.hadoop.hdds.scm.TestRatisPipelineLeader.testLeaderIdAfterLeaderChange(TestRatisPipelineLeader.java:119)
	at sun.reflect.NativeMethodAccessorImpl.invoke0(Native Method)
	at sun.reflect.NativeMethodAccessorImpl.invoke(NativeMethodAccessorImpl.java:62)
	at sun.reflect.DelegatingMethodAccessorImpl.invoke(DelegatingMethodAccessorImpl.java:43)
	at java.lang.reflect.Method.invoke(Method.java:498)
	at org.junit.platform.commons.util.ReflectionUtils.invokeMethod(ReflectionUtils.java:725)
	at org.junit.jupiter.engine.execution.MethodInvocation.proceed(MethodInvocation.java:60)
	at org.junit.jupiter.engine.execution.InvocationInterceptorChain$ValidatingInvocation.proceed(InvocationInterceptorChain.java:131)
	at org.junit.jupiter.engine.extension.TimeoutInvocation.proceed(TimeoutInvocation.java:46)
	at org.junit.jupiter.engine.extension.TimeoutExtension.intercept(TimeoutExtension.java:149)
	at org.junit.jupiter.engine.extension.TimeoutExtension.interceptTestableMethod(TimeoutExtension.java:140)
	at org.junit.jupiter.engine.extension.TimeoutExtension.interceptTestMethod(TimeoutExtension.java:84)
	at org.junit.jupiter.engine.execution.ExecutableInvoker$ReflectiveInterceptorCall.lambda$ofVoidMethod$0(ExecutableInvoker.java:115)
	at org.junit.jupiter.engine.execution.ExecutableInvoker.lambda$invoke$0(ExecutableInvoker.java:105)
	at org.junit.jupiter.engine.execution.InvocationInterceptorChain$InterceptedInvocation.proceed(InvocationInterceptorChain.java:106)
	at org.junit.jupiter.engine.execution.InvocationInterceptorChain.proceed(InvocationInterceptorChain.java:64)
	at org.junit.jupiter.engine.execution.InvocationInterceptorChain.chainAndInvoke(InvocationInterceptorChain.java:45)
	at org.junit.jupiter.engine.execution.InvocationInterceptorChain.invoke(InvocationInterceptorChain.java:37)
	at org.junit.jupiter.engine.execution.ExecutableInvoker.invoke(ExecutableInvoker.java:104)
	at org.junit.jupiter.engine.execution.ExecutableInvoker.invoke(ExecutableInvoker.java:98)
	at org.junit.jupiter.engine.descriptor.TestMethodTestDescriptor.lambda$invokeTestMethod$7(TestMethodTestDescriptor.java:214)
	at org.junit.platform.engine.support.hierarchical.ThrowableCollector.execute(ThrowableCollector.java:73)
	at org.junit.jupiter.engine.descriptor.TestMethodTestDescriptor.invokeTestMethod(TestMethodTestDescriptor.java:210)
	at org.junit.jupiter.engine.descriptor.TestMethodTestDescriptor.execute(TestMethodTestDescriptor.java:135)
	at org.junit.jupiter.engine.descriptor.TestMethodTestDescriptor.execute(TestMethodTestDescriptor.java:66)
	at org.junit.platform.engine.support.hierarchical.NodeTestTask.lambda$executeRecursively$6(NodeTestTask.java:151)
	at org.junit.platform.engine.support.hierarchical.ThrowableCollector.execute(ThrowableCollector.java:73)
	at org.junit.platform.engine.support.hierarchical.NodeTestTask.lambda$executeRecursively$8(NodeTestTask.java:141)
	at org.junit.platform.engine.support.hierarchical.Node.around(Node.java:137)
	at org.junit.platform.engine.support.hierarchical.NodeTestTask.lambda$executeRecursively$9(NodeTestTask.java:139)
	at org.junit.platform.engine.support.hierarchical.ThrowableCollector.execute(ThrowableCollector.java:73)
	at org.junit.platform.engine.support.hierarchical.NodeTestTask.executeRecursively(NodeTestTask.java:138)
	at org.junit.platform.engine.support.hierarchical.NodeTestTask.execute(NodeTestTask.java:95)
	at java.util.ArrayList.forEach(ArrayList.java:1259)
	at org.junit.platform.engine.support.hierarchical.SameThreadHierarchicalTestExecutorService.invokeAll(SameThreadHierarchicalTestExecutorService.java:41)
	at org.junit.platform.engine.support.hierarchical.NodeTestTask.lambda$executeRecursively$6(NodeTestTask.java:155)
	at org.junit.platform.engine.support.hierarchical.ThrowableCollector.execute(ThrowableCollector.java:73)
	at org.junit.platform.engine.support.hierarchical.NodeTestTask.lambda$executeRecursively$8(NodeTestTask.java:141)
	at org.junit.platform.engine.support.hierarchical.Node.around(Node.java:137)
	at org.junit.platform.engine.support.hierarchical.NodeTestTask.lambda$executeRecursively$9(NodeTestTask.java:139)
	at org.junit.platform.engine.support.hierarchical.ThrowableCollector.execute(ThrowableCollector.java:73)
	at org.junit.platform.engine.support.hierarchical.NodeTestTask.executeRecursively(NodeTestTask.java:138)
	at org.junit.platform.engine.support.hierarchical.NodeTestTask.execute(NodeTestTask.java:95)
	at java.util.ArrayList.forEach(ArrayList.java:1259)
	at org.junit.platform.engine.support.hierarchical.SameThreadHierarchicalTestExecutorService.invokeAll(SameThreadHierarchicalTestExecutorService.java:41)
	at org.junit.platform.engine.support.hierarchical.NodeTestTask.lambda$executeRecursively$6(NodeTestTask.java:155)
	at org.junit.platform.engine.support.hierarchical.ThrowableCollector.execute(ThrowableCollector.java:73)
	at org.junit.platform.engine.support.hierarchical.NodeTestTask.lambda$executeRecursively$8(NodeTestTask.java:141)
	at org.junit.platform.engine.support.hierarchical.Node.around(Node.java:137)
	at org.junit.platform.engine.support.hierarchical.NodeTestTask.lambda$executeRecursively$9(NodeTestTask.java:139)
	at org.junit.platform.engine.support.hierarchical.ThrowableCollector.execute(ThrowableCollector.java:73)
	at org.junit.platform.engine.support.hierarchical.NodeTestTask.executeRecursively(NodeTestTask.java:138)
	at org.junit.platform.engine.support.hierarchical.NodeTestTask.execute(NodeTestTask.java:95)
	at org.junit.platform.engine.support.hierarchical.SameThreadHierarchicalTestExecutorService.submit(SameThreadHierarchicalTestExecutorService.java:35)
	at org.junit.platform.engine.support.hierarchical.HierarchicalTestExecutor.execute(HierarchicalTestExecutor.java:57)
	at org.junit.platform.engine.support.hierarchical.HierarchicalTestEngine.execute(HierarchicalTestEngine.java:54)
	at org.junit.platform.launcher.core.EngineExecutionOrchestrator.execute(EngineExecutionOrchestrator.java:107)
	at org.junit.platform.launcher.core.EngineExecutionOrchestrator.execute(EngineExecutionOrchestrator.java:88)
	at org.junit.platform.launcher.core.EngineExecutionOrchestrator.lambda$execute$0(EngineExecutionOrchestrator.java:54)
	at org.junit.platform.launcher.core.EngineExecutionOrchestrator.withInterceptedStreams(EngineExecutionOrchestrator.java:67)
	at org.junit.platform.launcher.core.EngineExecutionOrchestrator.execute(EngineExecutionOrchestrator.java:52)
	at org.junit.platform.launcher.core.DefaultLauncher.execute(DefaultLauncher.java:114)
	at org.junit.platform.launcher.core.DefaultLauncher.execute(DefaultLauncher.java:86)
	at org.junit.platform.launcher.core.DefaultLauncherSession$DelegatingLauncher.execute(DefaultLauncherSession.java:86)
	at org.junit.platform.launcher.core.SessionPerRequestLauncher.execute(SessionPerRequestLauncher.java:53)
	at org.apache.maven.surefire.junitplatform.JUnitPlatformProvider.invokeAllTests(JUnitPlatformProvider.java:165)
	at org.apache.maven.surefire.junitplatform.JUnitPlatformProvider.invoke(JUnitPlatformProvider.java:124)
	at org.apache.maven.surefire.booter.ForkedBooter.runSuitesInProcess(ForkedBooter.java:428)
	at org.apache.maven.surefire.booter.ForkedBooter.execute(ForkedBooter.java:162)
	at org.apache.maven.surefire.booter.ForkedBooter.run(ForkedBooter.java:562)
	at org.apache.maven.surefire.booter.ForkedBooter.main(ForkedBooter.java:548)
]]></stackTrace>
      <system-out><![CDATA[2022-10-03 12:55:15,937 [Listener at 127.0.0.1/41991] WARN  server.ServerUtils (ServerUtils.java:getScmDbDir(148)) - ozone.scm.db.dirs is not configured. We recommend adding this setting. Falling back to ozone.metadata.dirs instead.
2022-10-03 12:55:15,947 [Listener at 127.0.0.1/41991] WARN  server.ServerUtils (ServerUtils.java:getScmDbDir(148)) - ozone.scm.db.dirs is not configured. We recommend adding this setting. Falling back to ozone.metadata.dirs instead.
2022-10-03 12:55:15,948 [Listener at 127.0.0.1/41991] INFO  ha.SCMHANodeDetails (SCMHANodeDetails.java:loadSCMHAConfig(209)) - ServiceID for StorageContainerManager is null
2022-10-03 12:55:15,948 [Listener at 127.0.0.1/41991] INFO  ha.SCMHANodeDetails (SCMHANodeDetails.java:loadSCMHAConfig(214)) - ozone.scm.default.service.id is not defined, falling back to ozone.scm.service.ids to find serviceID for StorageContainerManager if it is HA enabled cluster
2022-10-03 12:55:15,949 [Listener at 127.0.0.1/41991] WARN  utils.HAUtils (HAUtils.java:getMetaDir(342)) - ozone.scm.db.dirs is not configured. We recommend adding this setting. Falling back to ozone.metadata.dirs instead.
2022-10-03 12:55:15,949 [Listener at 127.0.0.1/41991] WARN  db.DBStoreBuilder (DBStoreBuilder.java:applyDBDefinition(144)) - ozone.scm.db.dirs is not configured. We recommend adding this setting. Falling back to ozone.metadata.dirs instead.
2022-10-03 12:55:16,146 [Listener at 127.0.0.1/41991] INFO  net.NodeSchemaLoader (NodeSchemaLoader.java:loadSchemaFromFile(129)) - Loading schema from [jar:file:/home/runner/.m2/repository/org/apache/ozone/hdds-common/1.3.0-SNAPSHOT/hdds-common-1.3.0-SNAPSHOT.jar!/network-topology-default.xml]
2022-10-03 12:55:16,146 [Listener at 127.0.0.1/41991] INFO  net.NodeSchemaLoader (NodeSchemaLoader.java:loadSchema(176)) - Loading network topology layer schema file
2022-10-03 12:55:16,174 [Listener at 127.0.0.1/41991] WARN  impl.MetricRegistriesImpl (MetricRegistriesImpl.java:addReporterRegistration(111)) - New reporters are added after registries were created. Some metrics will be missing from the reporter. Please add reporter before adding any new registry.
2022-10-03 12:55:16,174 [Listener at 127.0.0.1/41991] WARN  impl.MetricRegistriesImpl (MetricRegistriesImpl.java:addReporterRegistration(111)) - New reporters are added after registries were created. Some metrics will be missing from the reporter. Please add reporter before adding any new registry.
2022-10-03 12:55:16,174 [Listener at 127.0.0.1/41991] INFO  upgrade.AbstractLayoutVersionManager (AbstractLayoutVersionManager.java:init(83)) - Initializing Layout version manager with metadata layout = DATANODE_SCHEMA_V3 (version = 4), software layout = DATANODE_SCHEMA_V3 (version = 4)
2022-10-03 12:55:16,315 [Listener at 127.0.0.1/41991] INFO  reflections.Reflections (Reflections.java:scan(232)) - Reflections took 140 ms to scan 7 urls, producing 135 keys and 327 values 
2022-10-03 12:55:16,334 [Listener at 127.0.0.1/41991] INFO  ha.SequenceIdGenerator (SequenceIdGenerator.java:upgradeToSequenceId(349)) - upgrade localId to 109611004723200000
2022-10-03 12:55:16,334 [Listener at 127.0.0.1/41991] INFO  ha.SequenceIdGenerator (SequenceIdGenerator.java:upgradeToSequenceId(359)) - upgrade delTxnId to 0
2022-10-03 12:55:16,334 [Listener at 127.0.0.1/41991] INFO  ha.SequenceIdGenerator (SequenceIdGenerator.java:upgradeToSequenceId(376)) - upgrade containerId to 0
2022-10-03 12:55:16,334 [Listener at 127.0.0.1/41991] INFO  ha.SequenceIdGenerator (SequenceIdGenerator.java:<init>(220)) - Init the HA SequenceIdGenerator.
2022-10-03 12:55:16,341 [Listener at 127.0.0.1/41991] WARN  server.ServerUtils (ServerUtils.java:sanitizeUserArgs(73)) - ozone.scm.stale.node.interval value = 300000 is larger than max = 100000 based on the key value of ozone.scm.heartbeat.thread.interval, reset to the max value 100000.
2022-10-03 12:55:16,341 [Listener at 127.0.0.1/41991] WARN  server.ServerUtils (ServerUtils.java:sanitizeUserArgs(73)) - ozone.scm.stale.node.interval value = 300000 is larger than max = 100000 based on the key value of ozone.scm.heartbeat.thread.interval, reset to the max value 100000.
2022-10-03 12:55:16,345 [Listener at 127.0.0.1/41991] INFO  node.SCMNodeManager (SCMNodeManager.java:<init>(149)) - Entering startup safe mode.
2022-10-03 12:55:16,345 [Listener at 127.0.0.1/41991] INFO  algorithms.ContainerPlacementPolicyFactory (ContainerPlacementPolicyFactory.java:getPolicyInternal(86)) - Create container placement policy of type org.apache.hadoop.hdds.scm.container.placement.algorithms.SCMContainerPlacementRandom
2022-10-03 12:55:16,346 [Listener at 127.0.0.1/41991] INFO  algorithms.ContainerPlacementPolicyFactory (ContainerPlacementPolicyFactory.java:getPolicyInternal(86)) - Create container placement policy of type org.apache.hadoop.hdds.scm.container.placement.algorithms.SCMContainerPlacementRackScatter
2022-10-03 12:55:16,346 [Listener at 127.0.0.1/41991] INFO  pipeline.PipelineStateManagerImpl (PipelineStateManagerImpl.java:initialize(78)) - No pipeline exists in current db
2022-10-03 12:55:16,346 [Listener at 127.0.0.1/41991] INFO  algorithms.LeaderChoosePolicyFactory (LeaderChoosePolicyFactory.java:getPolicy(57)) - Create leader choose policy of type org.apache.hadoop.hdds.scm.pipeline.leader.choose.algorithms.MinLeaderCountChoosePolicy
2022-10-03 12:55:16,346 [Listener at 127.0.0.1/41991] INFO  algorithms.ContainerPlacementPolicyFactory (ContainerPlacementPolicyFactory.java:getPolicyInternal(86)) - Create container placement policy of type org.apache.hadoop.hdds.scm.container.placement.algorithms.SCMContainerPlacementRackScatter
2022-10-03 12:55:16,346 [Listener at 127.0.0.1/41991] INFO  ha.SCMServiceManager (SCMServiceManager.java:register(42)) - Registering service BackgroundPipelineCreator.
2022-10-03 12:55:16,346 [Listener at 127.0.0.1/41991] INFO  pipeline.BackgroundPipelineCreator (BackgroundPipelineCreator.java:start(124)) - Starting RatisPipelineUtilsThread.
2022-10-03 12:55:16,356 [Listener at 127.0.0.1/41991] INFO  BackgroundPipelineScrubber (BackgroundSCMService.java:start(68)) - Starting BackgroundPipelineScrubber Service.
2022-10-03 12:55:16,357 [Listener at 127.0.0.1/41991] INFO  ha.SCMServiceManager (SCMServiceManager.java:register(42)) - Registering service BackgroundPipelineScrubber.
2022-10-03 12:55:16,357 [Listener at 127.0.0.1/41991] INFO  ExpiredContainerReplicaOpScrubber (BackgroundSCMService.java:start(68)) - Starting ExpiredContainerReplicaOpScrubber Service.
2022-10-03 12:55:16,358 [Listener at 127.0.0.1/41991] INFO  ha.SCMServiceManager (SCMServiceManager.java:register(42)) - Registering service ExpiredContainerReplicaOpScrubber.
2022-10-03 12:55:16,359 [Listener at 127.0.0.1/41991] INFO  algorithms.PipelineChoosePolicyFactory (PipelineChoosePolicyFactory.java:createPipelineChoosePolicyFromClass(73)) - Create pipeline choose policy of type org.apache.hadoop.hdds.scm.pipeline.choose.algorithms.RandomPipelineChoosePolicy
2022-10-03 12:55:16,360 [Listener at 127.0.0.1/41991] INFO  ha.SCMServiceManager (SCMServiceManager.java:register(42)) - Registering service SCMBlockDeletingService.
2022-10-03 12:55:16,360 [Listener at 127.0.0.1/41991] INFO  replication.ReplicationManager (ReplicationManager.java:start(223)) - Starting Replication Monitor Thread.
2022-10-03 12:55:16,361 [Listener at 127.0.0.1/41991] INFO  ha.SCMServiceManager (SCMServiceManager.java:register(42)) - Registering service ReplicationManager.
2022-10-03 12:55:16,361 [Listener at 127.0.0.1/41991] INFO  safemode.ContainerSafeModeRule (ContainerSafeModeRule.java:<init>(89)) - containers with one replica threshold count 0
2022-10-03 12:55:16,361 [Listener at 127.0.0.1/41991] INFO  safemode.HealthyPipelineSafeModeRule (HealthyPipelineSafeModeRule.java:initializeRule(169)) - Total pipeline count is 0, healthy pipeline threshold count is 1
2022-10-03 12:55:16,362 [Listener at 127.0.0.1/41991] INFO  safemode.OneReplicaPipelineSafeModeRule (OneReplicaPipelineSafeModeRule.java:initializeRule(180)) - Total pipeline count is 0, pipeline's with at least one datanode reported threshold count is 0
2022-10-03 12:55:16,362 [Listener at 127.0.0.1/41991] INFO  ipc.CallQueueManager (CallQueueManager.java:<init>(90)) - Using callQueue: class java.util.concurrent.LinkedBlockingQueue, queueCapacity: 2000, scheduler: class org.apache.hadoop.ipc.DefaultRpcScheduler, ipcBackoff: false.
2022-10-03 12:55:16,363 [Socket Reader #1 for port 0] INFO  ipc.Server (Server.java:run(1265)) - Starting Socket Reader #1 for port 0
2022-10-03 12:55:16,363 [Listener at 0.0.0.0/37445] INFO  ipc.CallQueueManager (CallQueueManager.java:<init>(90)) - Using callQueue: class java.util.concurrent.LinkedBlockingQueue, queueCapacity: 2000, scheduler: class org.apache.hadoop.ipc.DefaultRpcScheduler, ipcBackoff: false.
2022-10-03 12:55:16,365 [ReplicationMonitor] INFO  replication.ReplicationManager (ReplicationManager.java:processAll(291)) - Replication Manager is not ready to run until 3000ms after safemode exit
2022-10-03 12:55:16,382 [Socket Reader #1 for port 0] INFO  ipc.Server (Server.java:run(1265)) - Starting Socket Reader #1 for port 0
2022-10-03 12:55:16,382 [Listener at 0.0.0.0/37029] INFO  ipc.CallQueueManager (CallQueueManager.java:<init>(90)) - Using callQueue: class java.util.concurrent.LinkedBlockingQueue, queueCapacity: 2000, scheduler: class org.apache.hadoop.ipc.DefaultRpcScheduler, ipcBackoff: false.
2022-10-03 12:55:16,383 [Socket Reader #1 for port 0] INFO  ipc.Server (Server.java:run(1265)) - Starting Socket Reader #1 for port 0
2022-10-03 12:55:16,442 [Listener at 0.0.0.0/46783] INFO  ha.SCMServiceManager (SCMServiceManager.java:register(42)) - Registering service ContainerBalancer.
2022-10-03 12:55:16,442 [Listener at 0.0.0.0/46783] INFO  server.StorageContainerManager (StorageContainerManager.java:<init>(410)) - 
Container Balancer status:
Key                            Value
Running                        false
Container Balancer Configuration values:
Key                                                Value
Threshold                                          10
Max Datanodes to Involve per Iteration(percent)    20
Max Size to Move per Iteration                     500GB
Max Size Entering Target per Iteration             26GB
Max Size Leaving Source per Iteration              26GB

2022-10-03 12:55:16,442 [Listener at 0.0.0.0/46783] WARN  events.EventQueue (EventQueue.java:fireEvent(216)) - No event handler registered for event TypedEvent{payloadType=SafeModeStatus, name='Safe mode status'}
2022-10-03 12:55:16,442 [Listener at 0.0.0.0/46783] INFO  ha.SCMContext (SCMContext.java:updateSafeModeStatus(228)) - Update SafeModeStatus from SafeModeStatus{safeModeStatus=true, preCheckPassed=false} to SafeModeStatus{safeModeStatus=true, preCheckPassed=false}.
2022-10-03 12:55:16,443 [Listener at 0.0.0.0/46783] INFO  server.StorageContainerManager (StorageContainerManager.java:start(1436)) - StorageContainerLocationProtocol RPC server is listening at /0.0.0.0:46783
2022-10-03 12:55:16,473 [Listener at 0.0.0.0/46783] WARN  impl.MetricsConfig (MetricsConfig.java:loadFirst(136)) - Cannot locate configuration: tried hadoop-metrics2-storagecontainermanager.properties,hadoop-metrics2.properties
2022-10-03 12:55:16,489 [Listener at 0.0.0.0/46783] INFO  impl.MetricsSystemImpl (MetricsSystemImpl.java:startTimer(378)) - Scheduled Metric snapshot period at 10 second(s).
2022-10-03 12:55:16,489 [Listener at 0.0.0.0/46783] INFO  impl.MetricsSystemImpl (MetricsSystemImpl.java:start(191)) - StorageContainerManager metrics system started
2022-10-03 12:55:16,620 [Listener at 0.0.0.0/46783] INFO  impl.MetricsSinkAdapter (MetricsSinkAdapter.java:start(204)) - Sink prometheus started
2022-10-03 12:55:16,620 [Listener at 0.0.0.0/46783] INFO  impl.MetricsSystemImpl (MetricsSystemImpl.java:registerSink(305)) - Registered sink prometheus
2022-10-03 12:55:16,680 [Listener at 0.0.0.0/46783] INFO  server.SCMClientProtocolServer (SCMClientProtocolServer.java:start(170)) - RPC server for Client  is listening at /0.0.0.0:46783
2022-10-03 12:55:16,717 [IPC Server Responder] INFO  ipc.Server (Server.java:run(1507)) - IPC Server Responder: starting
2022-10-03 12:55:16,725 [IPC Server listener on 0] INFO  ipc.Server (Server.java:run(1344)) - IPC Server listener on 0: starting
2022-10-03 12:55:16,847 [Listener at 0.0.0.0/46783] INFO  server.StorageContainerManager (StorageContainerManager.java:start(1451)) - ScmBlockLocationProtocol RPC server is listening at /0.0.0.0:37029
2022-10-03 12:55:16,848 [Listener at 0.0.0.0/46783] INFO  server.SCMBlockProtocolServer (SCMBlockProtocolServer.java:start(152)) - RPC server for Block Protocol is listening at /0.0.0.0:37029
2022-10-03 12:55:16,848 [IPC Server Responder] INFO  ipc.Server (Server.java:run(1507)) - IPC Server Responder: starting
2022-10-03 12:55:16,859 [IPC Server listener on 0] INFO  ipc.Server (Server.java:run(1344)) - IPC Server listener on 0: starting
2022-10-03 12:55:16,981 [Listener at 0.0.0.0/46783] INFO  server.SCMDatanodeProtocolServer (SCMDatanodeProtocolServer.java:start(186)) - ScmDatanodeProtocol RPC server for DataNodes is listening at /0.0.0.0:37445
2022-10-03 12:55:16,989 [IPC Server Responder] INFO  ipc.Server (Server.java:run(1507)) - IPC Server Responder: starting
2022-10-03 12:55:17,001 [IPC Server listener on 0] INFO  ipc.Server (Server.java:run(1344)) - IPC Server listener on 0: starting
2022-10-03 12:55:17,035 [org.apache.hadoop.util.JvmPauseMonitor$Monitor@3de064e0] INFO  util.JvmPauseMonitor (JvmPauseMonitor.java:run(188)) - Starting JVM pause monitor
2022-10-03 12:55:17,069 [Listener at 0.0.0.0/46783] INFO  http.BaseHttpServer (BaseHttpServer.java:newHttpServer2BuilderForOzone(213)) - Starting Web-server for scm at: http://0.0.0.0:0
2022-10-03 12:55:17,069 [Listener at 0.0.0.0/46783] INFO  http.BaseHttpServer (BaseHttpServer.java:<init>(108)) - Hadoop Security Enabled: false Ozone Security Enabled: false Ozone HTTP Security Enabled: false 
2022-10-03 12:55:17,071 [Listener at 0.0.0.0/46783] INFO  server.AuthenticationFilter (AuthenticationFilter.java:constructSecretProvider(240)) - Unable to initialize FileSignerSecretProvider, falling back to use random secrets.
2022-10-03 12:55:17,081 [Listener at 0.0.0.0/46783] WARN  http.HttpRequestLog (HttpRequestLog.java:getRequestLog(103)) - Jetty request log can only be enabled using Log4j
2022-10-03 12:55:17,082 [Listener at 0.0.0.0/46783] INFO  http.HttpServer2 (HttpServer2.java:addGlobalFilter(1029)) - Added global filter 'safety' (class=org.apache.hadoop.hdds.server.http.HttpServer2$QuotingInputFilter)
2022-10-03 12:55:17,083 [Listener at 0.0.0.0/46783] INFO  http.HttpServer2 (HttpServer2.java:addFilter(1005)) - Added filter static_user_filter (class=org.apache.hadoop.http.lib.StaticUserWebFilter$StaticUserFilter) to context scm
2022-10-03 12:55:17,083 [Listener at 0.0.0.0/46783] INFO  http.HttpServer2 (HttpServer2.java:addFilter(1013)) - Added filter static_user_filter (class=org.apache.hadoop.http.lib.StaticUserWebFilter$StaticUserFilter) to context static
2022-10-03 12:55:17,083 [Listener at 0.0.0.0/46783] INFO  http.HttpServer2 (HttpServer2.java:addFilter(1013)) - Added filter static_user_filter (class=org.apache.hadoop.http.lib.StaticUserWebFilter$StaticUserFilter) to context logs
2022-10-03 12:55:17,084 [Listener at 0.0.0.0/46783] INFO  http.HttpServer2 (HttpServer2.java:bindListener(1248)) - Jetty bound to port 45881
2022-10-03 12:55:17,084 [Listener at 0.0.0.0/46783] INFO  server.Server (Server.java:doStart(375)) - jetty-9.4.43.v20210629; built: 2021-06-30T11:07:22.254Z; git: 526006ecfa3af7f1a27ef3a288e2bef7ea9dd7e8; jvm 1.8.0_345-b01
2022-10-03 12:55:17,090 [Listener at 0.0.0.0/46783] INFO  server.session (DefaultSessionIdManager.java:doStart(334)) - DefaultSessionIdManager workerName=node0
2022-10-03 12:55:17,090 [Listener at 0.0.0.0/46783] INFO  server.session (DefaultSessionIdManager.java:doStart(339)) - No SessionScavenger set, using defaults
2022-10-03 12:55:17,090 [Listener at 0.0.0.0/46783] INFO  server.session (HouseKeeper.java:startScavenging(132)) - node0 Scavenging every 660000ms
2022-10-03 12:55:17,091 [Listener at 0.0.0.0/46783] INFO  handler.ContextHandler (ContextHandler.java:doStart(915)) - Started o.e.j.s.ServletContextHandler@283d49e5{logs,/logs,file:///home/runner/work/ozone/ozone/hadoop-ozone/integration-test/target/log,AVAILABLE}
2022-10-03 12:55:17,091 [Listener at 0.0.0.0/46783] INFO  handler.ContextHandler (ContextHandler.java:doStart(915)) - Started o.e.j.s.ServletContextHandler@187fb0cf{static,/static,file:///home/runner/work/ozone/ozone/hadoop-ozone/integration-test/target/test-classes/webapps/static,AVAILABLE}
2022-10-03 12:55:17,093 [Listener at 0.0.0.0/46783] INFO  handler.ContextHandler (ContextHandler.java:doStart(915)) - Started o.e.j.w.WebAppContext@ee021ff{scm,/,file:///home/runner/work/ozone/ozone/hadoop-ozone/integration-test/target/test-classes/webapps/scm/,AVAILABLE}{file:/home/runner/work/ozone/ozone/hadoop-ozone/integration-test/target/test-classes/webapps/scm}
2022-10-03 12:55:17,110 [Listener at 0.0.0.0/46783] INFO  server.AbstractConnector (AbstractConnector.java:doStart(331)) - Started ServerConnector@1337e769{HTTP/1.1, (http/1.1)}{0.0.0.0:45881}
2022-10-03 12:55:17,110 [Listener at 0.0.0.0/46783] INFO  server.Server (Server.java:doStart(415)) - Started @79122ms
2022-10-03 12:55:17,110 [Listener at 0.0.0.0/46783] WARN  impl.MetricsSystemImpl (MetricsSystemImpl.java:register(279)) - Sink prometheus already exists!
2022-10-03 12:55:17,111 [Listener at 0.0.0.0/46783] INFO  http.BaseHttpServer (BaseHttpServer.java:updateConnectorAddress(333)) - HTTP server of scm listening at http://0.0.0.0:45881
2022-10-03 12:55:17,111 [Listener at 0.0.0.0/46783] WARN  server.ServerUtils (ServerUtils.java:getDBPath(225)) - ozone.om.db.dirs is not configured. We recommend adding this setting. Falling back to ozone.metadata.dirs instead.
2022-10-03 12:55:17,121 [Listener at 0.0.0.0/46783] INFO  ha.OMHANodeDetails (OMHANodeDetails.java:loadOMHAConfig(115)) - ozone.om.internal.service.id is not defined, falling back to ozone.om.service.ids to find serviceID for OzoneManager if it is HA enabled cluster
2022-10-03 12:55:17,121 [Listener at 0.0.0.0/46783] INFO  ha.OMHANodeDetails (OMHANodeDetails.java:loadOMHAConfig(226)) - Configuration does not have ozone.om.address set. Falling back to the default OM address /127.0.0.1:0
2022-10-03 12:55:17,121 [Listener at 0.0.0.0/46783] INFO  ha.OMHANodeDetails (OMHANodeDetails.java:getOMNodeDetailsForNonHA(254)) - OM Service ID is not set. Setting it to the default ID: omServiceIdDefault
2022-10-03 12:55:17,121 [Listener at 0.0.0.0/46783] INFO  ha.OMHANodeDetails (OMHANodeDetails.java:getOMNodeDetailsForNonHA(261)) - OM Node ID is not set. Setting it to the default ID: om1
2022-10-03 12:55:17,122 [Listener at 0.0.0.0/46783] WARN  server.ServerUtils (ServerUtils.java:getDBPath(225)) - ozone.om.db.dirs is not configured. We recommend adding this setting. Falling back to ozone.metadata.dirs instead.
2022-10-03 12:55:17,122 [Listener at 0.0.0.0/46783] INFO  upgrade.AbstractLayoutVersionManager (AbstractLayoutVersionManager.java:init(83)) - Initializing Layout version manager with metadata layout = MULTITENANCY_SCHEMA (version = 3), software layout = MULTITENANCY_SCHEMA (version = 3)
2022-10-03 12:55:17,377 [Listener at 0.0.0.0/46783] INFO  reflections.Reflections (Reflections.java:scan(232)) - Reflections took 254 ms to scan 2 urls, producing 154 keys and 428 values [using 2 cores]
2022-10-03 12:55:17,377 [Listener at 0.0.0.0/46783] INFO  upgrade.OMLayoutVersionManager (OMLayoutVersionManager.java:lambda$0(115)) - Skipping Upgrade Action MockOmUpgradeAction since it has been finalized.
2022-10-03 12:55:17,378 [Listener at 0.0.0.0/46783] WARN  server.ServerUtils (ServerUtils.java:getDBPath(225)) - ozone.om.db.dirs is not configured. We recommend adding this setting. Falling back to ozone.metadata.dirs instead.
2022-10-03 12:55:17,379 [Listener at 0.0.0.0/46783] INFO  proxy.SCMBlockLocationFailoverProxyProvider (SCMBlockLocationFailoverProxyProvider.java:<init>(114)) - Created block location fail-over proxy with 1 nodes: [nodeId=scmNodeId,nodeAddress=/0.0.0.0:37029]
2022-10-03 12:55:17,380 [Listener at 0.0.0.0/46783] INFO  proxy.SCMBlockLocationFailoverProxyProvider (SCMBlockLocationFailoverProxyProvider.java:<init>(114)) - Created block location fail-over proxy with 1 nodes: [nodeId=scmNodeId,nodeAddress=/0.0.0.0:37029]
2022-10-03 12:55:17,397 [Listener at 0.0.0.0/46783] WARN  server.ServerUtils (ServerUtils.java:getDBPath(225)) - ozone.om.db.dirs is not configured. We recommend adding this setting. Falling back to ozone.metadata.dirs instead.
2022-10-03 12:55:17,397 [Listener at 0.0.0.0/46783] INFO  codec.OmKeyInfoCodec (OmKeyInfoCodec.java:<init>(49)) - OmKeyInfoCodec ignorePipeline = true
2022-10-03 12:55:17,397 [Listener at 0.0.0.0/46783] INFO  codec.RepeatedOmKeyInfoCodec (RepeatedOmKeyInfoCodec.java:<init>(41)) - RepeatedOmKeyInfoCodec ignorePipeline = true
2022-10-03 12:55:17,660 [Listener at 0.0.0.0/46783] INFO  om.OzoneManager (OzoneManager.java:instantiateServices(710)) - S3 Multi-Tenancy is disabled
2022-10-03 12:55:17,661 [Listener at 0.0.0.0/46783] INFO  om.OzoneManager (OzoneManager.java:addS3GVolumeToDB(4325)) - Created Volume s3v With Owner runner required for S3Gateway operations.
2022-10-03 12:55:17,661 [Listener at 0.0.0.0/46783] WARN  server.ServerUtils (ServerUtils.java:getDefaultRatisDirectory(237)) - Storage directory for Ratis is not configured. It is a good idea to map this to an SSD disk. Falling back to ozone.metadata.dirs
2022-10-03 12:55:17,662 [Listener at 0.0.0.0/46783] WARN  utils.OzoneManagerRatisUtils (OzoneManagerRatisUtils.java:getOMRatisSnapshotDirectory(434)) - ozone.om.ratis.snapshot.dir is not configured. Falling back to ozone.metadata.dirs config
2022-10-03 12:55:17,662 [Listener at 0.0.0.0/46783] WARN  impl.MetricRegistriesImpl (MetricRegistriesImpl.java:addReporterRegistration(111)) - New reporters are added after registries were created. Some metrics will be missing from the reporter. Please add reporter before adding any new registry.
2022-10-03 12:55:17,662 [Listener at 0.0.0.0/46783] WARN  impl.MetricRegistriesImpl (MetricRegistriesImpl.java:addReporterRegistration(111)) - New reporters are added after registries were created. Some metrics will be missing from the reporter. Please add reporter before adding any new registry.
2022-10-03 12:55:17,662 [Listener at 0.0.0.0/46783] WARN  server.ServerUtils (ServerUtils.java:getDefaultRatisDirectory(237)) - Storage directory for Ratis is not configured. It is a good idea to map this to an SSD disk. Falling back to ozone.metadata.dirs
2022-10-03 12:55:17,663 [Listener at 0.0.0.0/46783] INFO  ratis.OzoneManagerRatisServer (OzoneManagerRatisServer.java:<init>(160)) - Instantiating OM Ratis server with groupID: omServiceIdDefault and peers: localhost:9872
2022-10-03 12:55:17,663 [Listener at 0.0.0.0/46783] INFO  ratis.OzoneManagerStateMachine (OzoneManagerStateMachine.java:loadSnapshotInfoFromDB(632)) - LastAppliedIndex is set from TransactionInfo from OM DB as (t:0, i:~)
2022-10-03 12:55:17,677 [Listener at 0.0.0.0/46783] INFO  server.RaftServer (ConfUtils.java:logGet(46)) - raft.rpc.type = GRPC (default)
2022-10-03 12:55:17,677 [Listener at 0.0.0.0/46783] INFO  grpc.GrpcFactory (GrpcFactory.java:checkPooledByteBufAllocatorUseCacheForAllThreads(48)) - PERFORMANCE WARNING: useCacheForAllThreads is true that may cause Netty to create a lot garbage objects and, as a result, trigger GC.
	It is recommended to disable useCacheForAllThreads by setting -Dorg.apache.ratis.thirdparty.io.netty.allocator.useCacheForAllThreads=false in command line.
2022-10-03 12:55:17,677 [Listener at 0.0.0.0/46783] INFO  grpc.GrpcConfigKeys (ConfUtils.java:logGet(46)) - raft.grpc.admin.port = -1 (default)
2022-10-03 12:55:17,678 [Listener at 0.0.0.0/46783] INFO  grpc.GrpcConfigKeys (ConfUtils.java:logGet(46)) - raft.grpc.server.port = 9872 (custom)
2022-10-03 12:55:17,678 [Listener at 0.0.0.0/46783] INFO  grpc.GrpcConfigKeys (ConfUtils.java:logGet(46)) - raft.grpc.client.port = -1 (default)
2022-10-03 12:55:17,678 [Listener at 0.0.0.0/46783] INFO  grpc.GrpcConfigKeys (ConfUtils.java:logGet(46)) - raft.grpc.server.port = 9872 (custom)
2022-10-03 12:55:17,678 [Listener at 0.0.0.0/46783] INFO  grpc.GrpcConfigKeys (ConfUtils.java:logGet(46)) - raft.grpc.server.port = 9872 (custom)
2022-10-03 12:55:17,678 [Listener at 0.0.0.0/46783] INFO  server.GrpcService (ConfUtils.java:logGet(46)) - raft.grpc.message.size.max = 33554432 (custom)
2022-10-03 12:55:17,678 [Listener at 0.0.0.0/46783] INFO  server.RaftServerConfigKeys (ConfUtils.java:logGet(46)) - raft.server.log.appender.buffer.byte-limit = 33554432 (custom)
2022-10-03 12:55:17,678 [Listener at 0.0.0.0/46783] INFO  server.GrpcService (ConfUtils.java:logGet(46)) - raft.grpc.flow.control.window = 1MB (=1048576) (default)
2022-10-03 12:55:17,678 [Listener at 0.0.0.0/46783] INFO  server.RaftServerConfigKeys (ConfUtils.java:logGet(46)) - raft.server.rpc.request.timeout = 3000ms (default)
2022-10-03 12:55:17,678 [Listener at 0.0.0.0/46783] INFO  grpc.GrpcConfigKeys (ConfUtils.java:logGet(46)) - raft.grpc.server.async.request.thread.pool.cached = true (default)
2022-10-03 12:55:17,678 [Listener at 0.0.0.0/46783] INFO  grpc.GrpcConfigKeys (ConfUtils.java:logGet(46)) - raft.grpc.server.async.request.thread.pool.size = 32 (default)
2022-10-03 12:55:17,680 [Listener at 0.0.0.0/46783] INFO  impl.DataStreamServerImpl (ConfUtils.java:logGet(46)) - raft.datastream.type = DISABLED (default)
2022-10-03 12:55:17,680 [Listener at 0.0.0.0/46783] INFO  server.RaftServerConfigKeys (ConfUtils.java:logGet(46)) - raft.server.threadpool.proxy.cached = true (default)
2022-10-03 12:55:17,680 [Listener at 0.0.0.0/46783] INFO  server.RaftServerConfigKeys (ConfUtils.java:logGet(46)) - raft.server.threadpool.proxy.size = 0 (default)
2022-10-03 12:55:17,680 [Listener at 0.0.0.0/46783] INFO  server.RaftServerConfigKeys (ConfUtils.java:logGet(46)) - raft.server.rpc.slowness.timeout = 120s (custom)
2022-10-03 12:55:17,680 [Listener at 0.0.0.0/46783] INFO  server.RaftServerConfigKeys (ConfUtils.java:logGet(46)) - raft.server.leaderelection.leader.step-down.wait-time = 10s (default)
2022-10-03 12:55:17,680 [Listener at 0.0.0.0/46783] INFO  server.RaftServerConfigKeys (ConfUtils.java:logGet(46)) - raft.server.storage.dir = [/home/runner/work/ozone/ozone/hadoop-ozone/integration-test/target/test-dir/MiniOzoneClusterImpl-d9654bc9-ecac-4fba-a00b-99e809f3940b/ozone-meta/ratis] (custom)
2022-10-03 12:55:17,712 [Listener at 0.0.0.0/46783] INFO  server.RaftServer (RaftServerProxy.java:addNew(96)) - om1: addNew group-C5BA1605619E:[om1|rpc:localhost:9872|priority:0] returns group-C5BA1605619E:java.util.concurrent.CompletableFuture@53131125[Not completed]
2022-10-03 12:55:17,712 [Listener at 0.0.0.0/46783] INFO  om.OzoneManager (OzoneManager.java:initializeRatisServer(1977)) - OzoneManager Ratis server initialized at port 9872
2022-10-03 12:55:17,713 [Listener at 0.0.0.0/46783] INFO  om.OzoneManager (OzoneManager.java:getRpcServer(1100)) - Creating RPC Server
2022-10-03 12:55:17,714 [pool-349-thread-1] INFO  server.RaftServer$Division (RaftServerImpl.java:<init>(190)) - om1: new RaftServerImpl for group-C5BA1605619E:[om1|rpc:localhost:9872|priority:0] with OzoneManagerStateMachine:uninitialized
2022-10-03 12:55:17,714 [pool-349-thread-1] INFO  server.RaftServerConfigKeys (ConfUtils.java:logGet(46)) - raft.server.rpc.timeout.min = 1s (custom)
2022-10-03 12:55:17,714 [pool-349-thread-1] INFO  server.RaftServerConfigKeys (ConfUtils.java:logGet(46)) - raft.server.rpc.timeout.max = 1200ms (custom)
2022-10-03 12:55:17,715 [pool-349-thread-1] INFO  server.RaftServerConfigKeys (ConfUtils.java:logGet(46)) - raft.server.rpc.sleep.time = 25ms (default)
2022-10-03 12:55:17,715 [pool-349-thread-1] INFO  server.RaftServerConfigKeys (ConfUtils.java:logGet(46)) - raft.server.rpc.slowness.timeout = 120s (custom)
2022-10-03 12:55:17,715 [pool-349-thread-1] INFO  server.RaftServerConfigKeys (ConfUtils.java:logGet(46)) - raft.server.leaderelection.leader.step-down.wait-time = 10s (default)
2022-10-03 12:55:17,715 [pool-349-thread-1] INFO  server.RaftServerConfigKeys (ConfUtils.java:logGet(46)) - raft.server.sleep.deviation.threshold = 300ms (default)
2022-10-03 12:55:17,715 [pool-349-thread-1] INFO  server.RaftServer$Division (ServerState.java:<init>(107)) - om1@group-C5BA1605619E: ConfigurationManager, init=-1: [om1|rpc:localhost:9872|priority:0], old=null, confs=<EMPTY_MAP>
2022-10-03 12:55:17,715 [pool-349-thread-1] INFO  server.RaftServerConfigKeys (ConfUtils.java:logGet(46)) - raft.server.storage.dir = [/home/runner/work/ozone/ozone/hadoop-ozone/integration-test/target/test-dir/MiniOzoneClusterImpl-d9654bc9-ecac-4fba-a00b-99e809f3940b/ozone-meta/ratis] (custom)
2022-10-03 12:55:17,715 [pool-349-thread-1] INFO  server.RaftServerConfigKeys (ConfUtils.java:logGet(46)) - raft.server.log.corruption.policy = EXCEPTION (default)
2022-10-03 12:55:17,715 [pool-349-thread-1] INFO  server.RaftServerConfigKeys (ConfUtils.java:logGet(46)) - raft.server.storage.free-space.min = 0MB (=0) (default)
2022-10-03 12:55:17,715 [pool-349-thread-1] INFO  storage.RaftStorageDirectory (RaftStorageDirectoryImpl.java:analyzeStorage(135)) - The storage directory /home/runner/work/ozone/ozone/hadoop-ozone/integration-test/target/test-dir/MiniOzoneClusterImpl-d9654bc9-ecac-4fba-a00b-99e809f3940b/ozone-meta/ratis/bf265839-605b-3f16-9796-c5ba1605619e does not exist. Creating ...
2022-10-03 12:55:17,721 [pool-349-thread-1] INFO  storage.RaftStorageDirectory (RaftStorageDirectoryImpl.java:tryLock(230)) - Lock on /home/runner/work/ozone/ozone/hadoop-ozone/integration-test/target/test-dir/MiniOzoneClusterImpl-d9654bc9-ecac-4fba-a00b-99e809f3940b/ozone-meta/ratis/bf265839-605b-3f16-9796-c5ba1605619e/in_use.lock acquired by nodename 2263@fv-az443-503
2022-10-03 12:55:17,722 [pool-349-thread-1] INFO  storage.RaftStorage (RaftStorageImpl.java:format(89)) - Storage directory /home/runner/work/ozone/ozone/hadoop-ozone/integration-test/target/test-dir/MiniOzoneClusterImpl-d9654bc9-ecac-4fba-a00b-99e809f3940b/ozone-meta/ratis/bf265839-605b-3f16-9796-c5ba1605619e has been successfully formatted.
2022-10-03 12:55:17,722 [pool-349-thread-1] INFO  server.RaftServerConfigKeys (ConfUtils.java:logGet(46)) - raft.server.notification.no-leader.timeout = 120s (custom)
2022-10-03 12:55:17,722 [pool-349-thread-1] INFO  server.RaftServerConfigKeys (ConfUtils.java:logGet(46)) - raft.server.log.use.memory = false (default)
2022-10-03 12:55:17,722 [pool-349-thread-1] INFO  server.RaftServerConfigKeys (ConfUtils.java:logGet(46)) - raft.server.log.purge.gap = 1000000 (custom)
2022-10-03 12:55:17,722 [pool-349-thread-1] INFO  server.RaftServerConfigKeys (ConfUtils.java:logGet(46)) - raft.server.log.appender.buffer.byte-limit = 33554432 (custom)
2022-10-03 12:55:17,722 [pool-349-thread-1] INFO  server.RaftServerConfigKeys (ConfUtils.java:logGet(46)) - raft.server.log.statemachine.data.read.timeout = 1000ms (default)
2022-10-03 12:55:17,723 [pool-349-thread-1] INFO  server.RaftServerConfigKeys (ConfUtils.java:logGet(46)) - raft.server.log.segment.size.max = 4194304 (custom)
2022-10-03 12:55:17,723 [pool-349-thread-1] INFO  server.RaftServerConfigKeys (ConfUtils.java:logGet(46)) - raft.server.log.segment.cache.num.max = 2 (custom)
2022-10-03 12:55:17,723 [pool-349-thread-1] INFO  server.RaftServerConfigKeys (ConfUtils.java:logGet(46)) - raft.server.log.segment.cache.size.max = 200MB (=209715200) (default)
2022-10-03 12:55:17,723 [pool-349-thread-1] INFO  segmented.SegmentedRaftLogWorker (SegmentedRaftLogWorker.java:<init>(187)) - new om1@group-C5BA1605619E-SegmentedRaftLogWorker for RaftStorageImpl:Storage Directory /home/runner/work/ozone/ozone/hadoop-ozone/integration-test/target/test-dir/MiniOzoneClusterImpl-d9654bc9-ecac-4fba-a00b-99e809f3940b/ozone-meta/ratis/bf265839-605b-3f16-9796-c5ba1605619e
2022-10-03 12:55:17,723 [pool-349-thread-1] INFO  server.RaftServerConfigKeys (ConfUtils.java:logGet(46)) - raft.server.log.queue.byte-limit = 64MB (=67108864) (default)
2022-10-03 12:55:17,723 [pool-349-thread-1] INFO  server.RaftServerConfigKeys (ConfUtils.java:logGet(46)) - raft.server.log.queue.element-limit = 4096 (default)
2022-10-03 12:55:17,723 [pool-349-thread-1] INFO  server.RaftServerConfigKeys (ConfUtils.java:logGet(46)) - raft.server.log.segment.size.max = 4194304 (custom)
2022-10-03 12:55:17,723 [pool-349-thread-1] INFO  server.RaftServerConfigKeys (ConfUtils.java:logGet(46)) - raft.server.log.preallocated.size = 4194304 (custom)
2022-10-03 12:55:17,723 [pool-349-thread-1] INFO  server.RaftServerConfigKeys (ConfUtils.java:logGet(46)) - raft.server.log.force.sync.num = 128 (default)
2022-10-03 12:55:17,723 [pool-349-thread-1] INFO  server.RaftServerConfigKeys (ConfUtils.java:logGet(46)) - raft.server.log.statemachine.data.sync = true (default)
2022-10-03 12:55:17,723 [pool-349-thread-1] INFO  server.RaftServerConfigKeys (ConfUtils.java:logGet(46)) - raft.server.log.statemachine.data.sync.timeout = 10s (default)
2022-10-03 12:55:17,723 [pool-349-thread-1] INFO  server.RaftServerConfigKeys (ConfUtils.java:logGet(46)) - raft.server.log.statemachine.data.sync.timeout.retry = -1 (default)
2022-10-03 12:55:17,730 [pool-349-thread-1] INFO  server.RaftServerConfigKeys (ConfUtils.java:logGet(46)) - raft.server.log.write.buffer.size = 64KB (=65536) (default)
2022-10-03 12:55:17,730 [pool-349-thread-1] INFO  server.RaftServerConfigKeys (ConfUtils.java:logGet(46)) - raft.server.log.unsafe-flush.enabled = false (default)
2022-10-03 12:55:17,730 [pool-349-thread-1] INFO  server.RaftServerConfigKeys (ConfUtils.java:logGet(46)) - raft.server.log.statemachine.data.caching.enabled = false (default)
2022-10-03 12:55:17,730 [pool-349-thread-1] INFO  segmented.SegmentedRaftLogWorker (SegmentedRaftLogWorker.java:lambda$new$0(135)) - om1@group-C5BA1605619E-SegmentedRaftLogWorker: flushIndex: setUnconditionally 0 -> -1
2022-10-03 12:55:17,730 [pool-349-thread-1] INFO  segmented.SegmentedRaftLogWorker (SegmentedRaftLogWorker.java:lambda$new$0(135)) - om1@group-C5BA1605619E-SegmentedRaftLogWorker: safeCacheEvictIndex: setUnconditionally 0 -> -1
2022-10-03 12:55:17,731 [pool-349-thread-1] INFO  server.RaftServerConfigKeys (ConfUtils.java:logGet(46)) - raft.server.snapshot.auto.trigger.enabled = true (custom)
2022-10-03 12:55:17,731 [pool-349-thread-1] INFO  server.RaftServerConfigKeys (ConfUtils.java:logGet(46)) - raft.server.snapshot.auto.trigger.threshold = 400000 (default)
2022-10-03 12:55:17,731 [pool-349-thread-1] INFO  server.RaftServerConfigKeys (ConfUtils.java:logGet(46)) - raft.server.snapshot.retention.file.num = -1 (default)
2022-10-03 12:55:17,731 [pool-349-thread-1] INFO  server.RaftServerConfigKeys (ConfUtils.java:logGet(46)) - raft.server.log.purge.upto.snapshot.index = true (custom)
2022-10-03 12:55:17,731 [pool-349-thread-1] INFO  server.RaftServerConfigKeys (ConfUtils.java:logGet(46)) - raft.server.retrycache.expirytime = 300s (custom)
2022-10-03 12:55:17,731 [pool-349-thread-1] INFO  server.RaftServerConfigKeys (ConfUtils.java:logGet(46)) - raft.server.retrycache.statistics.expirytime = 100μs (default)
2022-10-03 12:55:17,742 [pool-349-thread-1] INFO  server.RaftServerConfigKeys (ConfUtils.java:logGet(46)) - raft.server.log.appender.install.snapshot.enabled = false (custom)
2022-10-03 12:55:17,742 [pool-349-thread-1] INFO  server.RaftServerConfigKeys (ConfUtils.java:logGet(46)) - raft.server.threadpool.server.cached = true (default)
2022-10-03 12:55:17,742 [pool-349-thread-1] INFO  server.RaftServerConfigKeys (ConfUtils.java:logGet(46)) - raft.server.threadpool.server.size = 0 (default)
2022-10-03 12:55:17,742 [pool-349-thread-1] INFO  server.RaftServerConfigKeys (ConfUtils.java:logGet(46)) - raft.server.threadpool.client.cached = true (default)
2022-10-03 12:55:17,742 [pool-349-thread-1] INFO  server.RaftServerConfigKeys (ConfUtils.java:logGet(46)) - raft.server.threadpool.client.size = 0 (default)
2022-10-03 12:55:18,915 [Listener at 0.0.0.0/46783] INFO  reflections.Reflections (Reflections.java:scan(232)) - Reflections took 1201 ms to scan 19 urls, producing 67 keys and 4220 values [using 2 cores]
2022-10-03 12:55:18,917 [Listener at 0.0.0.0/46783] INFO  ipc.CallQueueManager (CallQueueManager.java:<init>(90)) - Using callQueue: class java.util.concurrent.LinkedBlockingQueue, queueCapacity: 2000, scheduler: class org.apache.hadoop.ipc.DefaultRpcScheduler, ipcBackoff: false.
2022-10-03 12:55:18,937 [Socket Reader #1 for port 0] INFO  ipc.Server (Server.java:run(1265)) - Starting Socket Reader #1 for port 0
2022-10-03 12:55:18,980 [Listener at 127.0.0.1/42881] INFO  impl.MetricsSystemImpl (MetricsSystemImpl.java:init(158)) - OzoneManager metrics system started (again)
2022-10-03 12:55:18,990 [Listener at 127.0.0.1/42881] INFO  om.OzoneManager (OzoneManager.java:start(1484)) - OzoneManager RPC server is listening at localhost/127.0.0.1:42881
2022-10-03 12:55:18,990 [Listener at 127.0.0.1/42881] INFO  ratis.OzoneManagerRatisServer (OzoneManagerRatisServer.java:start(555)) - Starting OzoneManagerRatisServer om1 at port 9872
2022-10-03 12:55:18,990 [om1-impl-thread1] INFO  server.RaftServer$Division (RaftServerImpl.java:start(310)) - om1@group-C5BA1605619E: start as a follower, conf=-1: [om1|rpc:localhost:9872|priority:0], old=null
2022-10-03 12:55:18,990 [om1-impl-thread1] INFO  server.RaftServer$Division (RaftServerImpl.java:setRole(299)) - om1@group-C5BA1605619E: changes role from      null to FOLLOWER at term 0 for startAsFollower
2022-10-03 12:55:18,990 [om1-impl-thread1] INFO  impl.RoleInfo (RoleInfo.java:updateAndGet(139)) - om1: start om1@group-C5BA1605619E-FollowerState
2022-10-03 12:55:18,991 [om1-impl-thread1] INFO  util.JmxRegister (JmxRegister.java:tryRegister(44)) - Successfully registered JMX Bean with object name Ratis:service=RaftServer,group=group-C5BA1605619E,id=om1
2022-10-03 12:55:18,991 [Listener at 127.0.0.1/42881] INFO  server.RaftServer (RaftServerProxy.java:lambda$start$6(382)) - om1: start RPC server
2022-10-03 12:55:19,013 [Listener at 127.0.0.1/42881] INFO  server.GrpcService (GrpcService.java:startImpl(260)) - om1: GrpcService started, listening on 9872
2022-10-03 12:55:19,013 [Listener at 127.0.0.1/42881] INFO  om.OzoneManager (OzoneManager.java:start(1500)) - Version File has different layout version (3) than OM DB (null). That is expected if this OM has never been finalized to a newer layout version.
2022-10-03 12:55:19,014 [org.apache.ratis.util.JvmPauseMonitor$$Lambda$685/536859976@212cecfa] INFO  util.JvmPauseMonitor (JvmPauseMonitor.java:run(103)) - JvmPauseMonitor-om1: Started
2022-10-03 12:55:19,017 [Listener at 127.0.0.1/42881] INFO  http.BaseHttpServer (BaseHttpServer.java:newHttpServer2BuilderForOzone(213)) - Starting Web-server for ozoneManager at: http://0.0.0.0:0
2022-10-03 12:55:19,017 [Listener at 127.0.0.1/42881] INFO  http.BaseHttpServer (BaseHttpServer.java:<init>(108)) - Hadoop Security Enabled: false Ozone Security Enabled: false Ozone HTTP Security Enabled: false 
2022-10-03 12:55:19,018 [Listener at 127.0.0.1/42881] INFO  server.AuthenticationFilter (AuthenticationFilter.java:constructSecretProvider(240)) - Unable to initialize FileSignerSecretProvider, falling back to use random secrets.
2022-10-03 12:55:19,033 [Listener at 127.0.0.1/42881] WARN  http.HttpRequestLog (HttpRequestLog.java:getRequestLog(103)) - Jetty request log can only be enabled using Log4j
2022-10-03 12:55:19,035 [Listener at 127.0.0.1/42881] INFO  http.HttpServer2 (HttpServer2.java:addGlobalFilter(1029)) - Added global filter 'safety' (class=org.apache.hadoop.hdds.server.http.HttpServer2$QuotingInputFilter)
2022-10-03 12:55:19,038 [Listener at 127.0.0.1/42881] INFO  http.HttpServer2 (HttpServer2.java:addFilter(1005)) - Added filter static_user_filter (class=org.apache.hadoop.http.lib.StaticUserWebFilter$StaticUserFilter) to context ozoneManager
2022-10-03 12:55:19,038 [Listener at 127.0.0.1/42881] INFO  http.HttpServer2 (HttpServer2.java:addFilter(1013)) - Added filter static_user_filter (class=org.apache.hadoop.http.lib.StaticUserWebFilter$StaticUserFilter) to context logs
2022-10-03 12:55:19,038 [Listener at 127.0.0.1/42881] INFO  http.HttpServer2 (HttpServer2.java:addFilter(1013)) - Added filter static_user_filter (class=org.apache.hadoop.http.lib.StaticUserWebFilter$StaticUserFilter) to context static
2022-10-03 12:55:19,041 [Listener at 127.0.0.1/42881] INFO  http.HttpServer2 (HttpServer2.java:bindListener(1248)) - Jetty bound to port 43817
2022-10-03 12:55:19,041 [Listener at 127.0.0.1/42881] INFO  server.Server (Server.java:doStart(375)) - jetty-9.4.43.v20210629; built: 2021-06-30T11:07:22.254Z; git: 526006ecfa3af7f1a27ef3a288e2bef7ea9dd7e8; jvm 1.8.0_345-b01
2022-10-03 12:55:19,086 [Listener at 127.0.0.1/42881] INFO  server.session (DefaultSessionIdManager.java:doStart(334)) - DefaultSessionIdManager workerName=node0
2022-10-03 12:55:19,086 [Listener at 127.0.0.1/42881] INFO  server.session (DefaultSessionIdManager.java:doStart(339)) - No SessionScavenger set, using defaults
2022-10-03 12:55:19,087 [Listener at 127.0.0.1/42881] INFO  server.session (HouseKeeper.java:startScavenging(132)) - node0 Scavenging every 660000ms
2022-10-03 12:55:19,087 [Listener at 127.0.0.1/42881] INFO  handler.ContextHandler (ContextHandler.java:doStart(915)) - Started o.e.j.s.ServletContextHandler@328defdf{logs,/logs,file:///home/runner/work/ozone/ozone/hadoop-ozone/integration-test/target/log,AVAILABLE}
2022-10-03 12:55:19,087 [Listener at 127.0.0.1/42881] INFO  handler.ContextHandler (ContextHandler.java:doStart(915)) - Started o.e.j.s.ServletContextHandler@14bca240{static,/static,file:///home/runner/work/ozone/ozone/hadoop-ozone/integration-test/target/test-classes/webapps/static,AVAILABLE}
2022-10-03 12:55:19,090 [Listener at 127.0.0.1/42881] INFO  handler.ContextHandler (ContextHandler.java:doStart(915)) - Started o.e.j.w.WebAppContext@70232b31{ozoneManager,/,file:///home/runner/work/ozone/ozone/hadoop-ozone/integration-test/target/test-classes/webapps/ozoneManager/,AVAILABLE}{file:/home/runner/work/ozone/ozone/hadoop-ozone/integration-test/target/test-classes/webapps/ozoneManager}
2022-10-03 12:55:19,098 [Listener at 127.0.0.1/42881] INFO  server.AbstractConnector (AbstractConnector.java:doStart(331)) - Started ServerConnector@79cf55a3{HTTP/1.1, (http/1.1)}{0.0.0.0:43817}
2022-10-03 12:55:19,098 [Listener at 127.0.0.1/42881] INFO  server.Server (Server.java:doStart(415)) - Started @81110ms
2022-10-03 12:55:19,098 [Listener at 127.0.0.1/42881] WARN  impl.MetricsSystemImpl (MetricsSystemImpl.java:register(279)) - Sink prometheus already exists!
2022-10-03 12:55:19,099 [Listener at 127.0.0.1/42881] INFO  http.BaseHttpServer (BaseHttpServer.java:updateConnectorAddress(333)) - HTTP server of ozoneManager listening at http://0.0.0.0:43817
2022-10-03 12:55:19,101 [IPC Server Responder] INFO  ipc.Server (Server.java:run(1507)) - IPC Server Responder: starting
2022-10-03 12:55:19,105 [IPC Server listener on 0] INFO  ipc.Server (Server.java:run(1344)) - IPC Server listener on 0: starting
2022-10-03 12:55:19,107 [Listener at 127.0.0.1/42881] INFO  om.OzoneManager (OzoneManager.java:startTrashEmptier(1921)) - Trash Interval set to 0. Files deleted won't move to trash
2022-10-03 12:55:19,135 [Listener at 127.0.0.1/42881] WARN  impl.MetricRegistriesImpl (MetricRegistriesImpl.java:addReporterRegistration(111)) - New reporters are added after registries were created. Some metrics will be missing from the reporter. Please add reporter before adding any new registry.
2022-10-03 12:55:19,135 [Listener at 127.0.0.1/42881] WARN  impl.MetricRegistriesImpl (MetricRegistriesImpl.java:addReporterRegistration(111)) - New reporters are added after registries were created. Some metrics will be missing from the reporter. Please add reporter before adding any new registry.
2022-10-03 12:55:19,135 [Listener at 127.0.0.1/42881] INFO  impl.MetricsSystemImpl (MetricsSystemImpl.java:init(158)) - HddsDatanode metrics system started (again)
2022-10-03 12:55:19,141 [org.apache.hadoop.util.JvmPauseMonitor$Monitor@6d8a67d2] INFO  util.JvmPauseMonitor (JvmPauseMonitor.java:run(188)) - Starting JVM pause monitor
2022-10-03 12:55:19,185 [Listener at 127.0.0.1/42881] INFO  ozone.HddsDatanodeService (HddsDatanodeService.java:start(236)) - HddsDatanodeService host:fv-az443-503.ap2fcshprsnunfx25e1aelzb4b.cx.internal.cloudapp.net ip:10.1.0.147
2022-10-03 12:55:19,280 [Listener at 127.0.0.1/42881] INFO  upgrade.AbstractLayoutVersionManager (AbstractLayoutVersionManager.java:init(83)) - Initializing Layout version manager with metadata layout = DATANODE_SCHEMA_V3 (version = 4), software layout = DATANODE_SCHEMA_V3 (version = 4)
2022-10-03 12:55:19,422 [Listener at 127.0.0.1/42881] INFO  reflections.Reflections (Reflections.java:scan(232)) - Reflections took 141 ms to scan 7 urls, producing 135 keys and 327 values 
2022-10-03 12:55:19,424 [Listener at 127.0.0.1/42881] INFO  statemachine.DatanodeStateMachine (DatanodeStateMachine.java:getEndPointTaskThreadPoolSize(237)) - Datanode State Machine Task Thread Pool size 2
2022-10-03 12:55:19,426 [Listener at 127.0.0.1/42881] INFO  volume.HddsVolume (HddsVolume.java:<init>(117)) - Creating HddsVolume: /home/runner/work/ozone/ozone/hadoop-ozone/integration-test/target/test-dir/MiniOzoneClusterImpl-d9654bc9-ecac-4fba-a00b-99e809f3940b/datanode-0/data-0/containers/hdds of storage type : DISK capacity : 9223372036854775807
2022-10-03 12:55:19,426 [Listener at 127.0.0.1/42881] INFO  volume.MutableVolumeSet (MutableVolumeSet.java:initializeVolumeSet(174)) - Added Volume : /home/runner/work/ozone/ozone/hadoop-ozone/integration-test/target/test-dir/MiniOzoneClusterImpl-d9654bc9-ecac-4fba-a00b-99e809f3940b/datanode-0/data-0/containers/hdds to VolumeSet
2022-10-03 12:55:19,426 [Listener at 127.0.0.1/42881] INFO  volume.ThrottledAsyncChecker (ThrottledAsyncChecker.java:schedule(141)) - Scheduling a check for /home/runner/work/ozone/ozone/hadoop-ozone/integration-test/target/test-dir/MiniOzoneClusterImpl-d9654bc9-ecac-4fba-a00b-99e809f3940b/datanode-0/data-0/containers/hdds
2022-10-03 12:55:19,427 [Listener at 127.0.0.1/42881] INFO  volume.StorageVolumeChecker (StorageVolumeChecker.java:checkAllVolumes(202)) - Scheduled health check for volume /home/runner/work/ozone/ozone/hadoop-ozone/integration-test/target/test-dir/MiniOzoneClusterImpl-d9654bc9-ecac-4fba-a00b-99e809f3940b/datanode-0/data-0/containers/hdds
2022-10-03 12:55:19,468 [Listener at 127.0.0.1/42881] INFO  volume.MutableVolumeSet (MutableVolumeSet.java:initializeVolumeSet(174)) - Added Volume : /home/runner/work/ozone/ozone/hadoop-ozone/integration-test/target/test-dir/MiniOzoneClusterImpl-d9654bc9-ecac-4fba-a00b-99e809f3940b/datanode-0/data/ratis to VolumeSet
2022-10-03 12:55:19,468 [Listener at 127.0.0.1/42881] INFO  volume.ThrottledAsyncChecker (ThrottledAsyncChecker.java:schedule(141)) - Scheduling a check for /home/runner/work/ozone/ozone/hadoop-ozone/integration-test/target/test-dir/MiniOzoneClusterImpl-d9654bc9-ecac-4fba-a00b-99e809f3940b/datanode-0/data/ratis
2022-10-03 12:55:19,468 [Listener at 127.0.0.1/42881] INFO  volume.StorageVolumeChecker (StorageVolumeChecker.java:checkAllVolumes(202)) - Scheduled health check for volume /home/runner/work/ozone/ozone/hadoop-ozone/integration-test/target/test-dir/MiniOzoneClusterImpl-d9654bc9-ecac-4fba-a00b-99e809f3940b/datanode-0/data/ratis
2022-10-03 12:55:19,497 [Thread-683] INFO  ozoneimpl.ContainerReader (ContainerReader.java:readVolume(175)) - Finish verifying containers on volume /home/runner/work/ozone/ozone/hadoop-ozone/integration-test/target/test-dir/MiniOzoneClusterImpl-d9654bc9-ecac-4fba-a00b-99e809f3940b/datanode-0/data-0/containers/hdds
2022-10-03 12:55:19,498 [Listener at 127.0.0.1/42881] INFO  ozoneimpl.OzoneContainer (OzoneContainer.java:buildContainerSet(300)) - Build ContainerSet costs 0s
2022-10-03 12:55:19,500 [Listener at 127.0.0.1/42881] INFO  server.RaftServer (ConfUtils.java:logGet(46)) - raft.rpc.type = GRPC (default)
2022-10-03 12:55:19,500 [Listener at 127.0.0.1/42881] INFO  grpc.GrpcFactory (GrpcFactory.java:checkPooledByteBufAllocatorUseCacheForAllThreads(48)) - PERFORMANCE WARNING: useCacheForAllThreads is true that may cause Netty to create a lot garbage objects and, as a result, trigger GC.
	It is recommended to disable useCacheForAllThreads by setting -Dorg.apache.ratis.thirdparty.io.netty.allocator.useCacheForAllThreads=false in command line.
2022-10-03 12:55:19,500 [Listener at 127.0.0.1/42881] INFO  grpc.GrpcConfigKeys (ConfUtils.java:logGet(46)) - raft.grpc.admin.port = 0 (custom)
2022-10-03 12:55:19,500 [Listener at 127.0.0.1/42881] INFO  grpc.GrpcConfigKeys (ConfUtils.java:logGet(46)) - raft.grpc.client.port = 0 (custom)
2022-10-03 12:55:19,500 [Listener at 127.0.0.1/42881] INFO  grpc.GrpcConfigKeys (ConfUtils.java:logGet(46)) - raft.grpc.server.port = 0 (default)
2022-10-03 12:55:19,500 [Listener at 127.0.0.1/42881] INFO  server.GrpcService (ConfUtils.java:logGet(46)) - raft.grpc.message.size.max = 32MB (=33554432) (custom)
2022-10-03 12:55:19,500 [Listener at 127.0.0.1/42881] INFO  server.RaftServerConfigKeys (ConfUtils.java:logGet(46)) - raft.server.log.appender.buffer.byte-limit = 33554432 (custom)
2022-10-03 12:55:19,500 [Listener at 127.0.0.1/42881] INFO  server.GrpcService (ConfUtils.java:logGet(46)) - raft.grpc.flow.control.window = 5MB (=5242880) (custom)
2022-10-03 12:55:19,501 [Listener at 127.0.0.1/42881] INFO  server.RaftServerConfigKeys (ConfUtils.java:logGet(46)) - raft.server.rpc.request.timeout = 60s (custom)
2022-10-03 12:55:19,501 [Listener at 127.0.0.1/42881] INFO  grpc.GrpcConfigKeys (ConfUtils.java:logGet(46)) - raft.grpc.server.async.request.thread.pool.cached = true (default)
2022-10-03 12:55:19,501 [Listener at 127.0.0.1/42881] INFO  grpc.GrpcConfigKeys (ConfUtils.java:logGet(46)) - raft.grpc.server.async.request.thread.pool.size = 32 (default)
2022-10-03 12:55:19,503 [Listener at 127.0.0.1/42881] INFO  impl.DataStreamServerImpl (ConfUtils.java:logGet(46)) - raft.datastream.type = DISABLED (default)
2022-10-03 12:55:19,503 [Listener at 127.0.0.1/42881] INFO  server.RaftServerConfigKeys (ConfUtils.java:logGet(46)) - raft.server.threadpool.proxy.cached = true (default)
2022-10-03 12:55:19,504 [Listener at 127.0.0.1/42881] INFO  server.RaftServerConfigKeys (ConfUtils.java:logGet(46)) - raft.server.threadpool.proxy.size = 0 (default)
2022-10-03 12:55:19,504 [Listener at 127.0.0.1/42881] INFO  server.RaftServerConfigKeys (ConfUtils.java:logGet(46)) - raft.server.rpc.slowness.timeout = 300s (custom)
2022-10-03 12:55:19,504 [Listener at 127.0.0.1/42881] INFO  server.RaftServerConfigKeys (ConfUtils.java:logGet(46)) - raft.server.leaderelection.leader.step-down.wait-time = 10s (default)
2022-10-03 12:55:19,504 [Listener at 127.0.0.1/42881] INFO  server.RaftServerConfigKeys (ConfUtils.java:logGet(46)) - raft.server.storage.dir = [/home/runner/work/ozone/ozone/hadoop-ozone/integration-test/target/test-dir/MiniOzoneClusterImpl-d9654bc9-ecac-4fba-a00b-99e809f3940b/datanode-0/data/ratis] (custom)
2022-10-03 12:55:19,518 [Listener at 127.0.0.1/42881] INFO  server.XceiverServerGrpc (XceiverServerGrpc.java:<init>(132)) - GrpcServer channel type EpollServerSocketChannel
2022-10-03 12:55:19,536 [Listener at 127.0.0.1/42881] INFO  http.BaseHttpServer (BaseHttpServer.java:newHttpServer2BuilderForOzone(213)) - Starting Web-server for hddsDatanode at: http://0.0.0.0:0
2022-10-03 12:55:19,536 [Listener at 127.0.0.1/42881] INFO  http.BaseHttpServer (BaseHttpServer.java:<init>(108)) - Hadoop Security Enabled: false Ozone Security Enabled: false Ozone HTTP Security Enabled: false 
2022-10-03 12:55:19,537 [Listener at 127.0.0.1/42881] INFO  server.AuthenticationFilter (AuthenticationFilter.java:constructSecretProvider(240)) - Unable to initialize FileSignerSecretProvider, falling back to use random secrets.
2022-10-03 12:55:19,545 [Listener at 127.0.0.1/42881] WARN  http.HttpRequestLog (HttpRequestLog.java:getRequestLog(103)) - Jetty request log can only be enabled using Log4j
2022-10-03 12:55:19,546 [Listener at 127.0.0.1/42881] INFO  http.HttpServer2 (HttpServer2.java:addGlobalFilter(1029)) - Added global filter 'safety' (class=org.apache.hadoop.hdds.server.http.HttpServer2$QuotingInputFilter)
2022-10-03 12:55:19,547 [Listener at 127.0.0.1/42881] INFO  http.HttpServer2 (HttpServer2.java:addFilter(1005)) - Added filter static_user_filter (class=org.apache.hadoop.http.lib.StaticUserWebFilter$StaticUserFilter) to context hddsDatanode
2022-10-03 12:55:19,547 [Listener at 127.0.0.1/42881] INFO  http.HttpServer2 (HttpServer2.java:addFilter(1013)) - Added filter static_user_filter (class=org.apache.hadoop.http.lib.StaticUserWebFilter$StaticUserFilter) to context static
2022-10-03 12:55:19,547 [Listener at 127.0.0.1/42881] INFO  http.HttpServer2 (HttpServer2.java:addFilter(1013)) - Added filter static_user_filter (class=org.apache.hadoop.http.lib.StaticUserWebFilter$StaticUserFilter) to context logs
2022-10-03 12:55:19,548 [Listener at 127.0.0.1/42881] INFO  http.HttpServer2 (HttpServer2.java:bindListener(1248)) - Jetty bound to port 41867
2022-10-03 12:55:19,548 [Listener at 127.0.0.1/42881] INFO  server.Server (Server.java:doStart(375)) - jetty-9.4.43.v20210629; built: 2021-06-30T11:07:22.254Z; git: 526006ecfa3af7f1a27ef3a288e2bef7ea9dd7e8; jvm 1.8.0_345-b01
2022-10-03 12:55:19,629 [Listener at 127.0.0.1/42881] INFO  server.session (DefaultSessionIdManager.java:doStart(334)) - DefaultSessionIdManager workerName=node0
2022-10-03 12:55:19,629 [Listener at 127.0.0.1/42881] INFO  server.session (DefaultSessionIdManager.java:doStart(339)) - No SessionScavenger set, using defaults
2022-10-03 12:55:19,630 [Listener at 127.0.0.1/42881] INFO  server.session (HouseKeeper.java:startScavenging(132)) - node0 Scavenging every 600000ms
2022-10-03 12:55:19,630 [Listener at 127.0.0.1/42881] INFO  handler.ContextHandler (ContextHandler.java:doStart(915)) - Started o.e.j.s.ServletContextHandler@7a15778d{logs,/logs,file:///home/runner/work/ozone/ozone/hadoop-ozone/integration-test/target/log,AVAILABLE}
2022-10-03 12:55:19,631 [Listener at 127.0.0.1/42881] INFO  handler.ContextHandler (ContextHandler.java:doStart(915)) - Started o.e.j.s.ServletContextHandler@1f7d202{static,/static,jar:file:/home/runner/.m2/repository/org/apache/ozone/hdds-container-service/1.3.0-SNAPSHOT/hdds-container-service-1.3.0-SNAPSHOT.jar!/webapps/static,AVAILABLE}
2022-10-03 12:55:20,027 [Listener at 127.0.0.1/42881] INFO  handler.ContextHandler (ContextHandler.java:doStart(915)) - Started o.e.j.w.WebAppContext@470d3ea4{hddsDatanode,/,file:///tmp/jetty-0_0_0_0-41867-hdds-container-service-1_3_0-SNAPSHOT_jar-_-any-1413251159062435807/webapp/,AVAILABLE}{jar:file:/home/runner/.m2/repository/org/apache/ozone/hdds-container-service/1.3.0-SNAPSHOT/hdds-container-service-1.3.0-SNAPSHOT.jar!/webapps/hddsDatanode}
2022-10-03 12:55:20,049 [Listener at 127.0.0.1/42881] INFO  server.AbstractConnector (AbstractConnector.java:doStart(331)) - Started ServerConnector@4098b2ec{HTTP/1.1, (http/1.1)}{0.0.0.0:41867}
2022-10-03 12:55:20,049 [Listener at 127.0.0.1/42881] INFO  server.Server (Server.java:doStart(415)) - Started @82061ms
2022-10-03 12:55:20,049 [Listener at 127.0.0.1/42881] WARN  impl.MetricsSystemImpl (MetricsSystemImpl.java:register(279)) - Sink prometheus already exists!
2022-10-03 12:55:20,050 [Listener at 127.0.0.1/42881] INFO  http.BaseHttpServer (BaseHttpServer.java:updateConnectorAddress(333)) - HTTP server of hddsDatanode listening at http://0.0.0.0:41867
2022-10-03 12:55:20,065 [Listener at 127.0.0.1/42881] WARN  impl.MetricRegistriesImpl (MetricRegistriesImpl.java:addReporterRegistration(111)) - New reporters are added after registries were created. Some metrics will be missing from the reporter. Please add reporter before adding any new registry.
2022-10-03 12:55:20,065 [Listener at 127.0.0.1/42881] WARN  impl.MetricRegistriesImpl (MetricRegistriesImpl.java:addReporterRegistration(111)) - New reporters are added after registries were created. Some metrics will be missing from the reporter. Please add reporter before adding any new registry.
2022-10-03 12:55:20,066 [Listener at 127.0.0.1/42881] INFO  impl.MetricsSystemImpl (MetricsSystemImpl.java:init(158)) - HddsDatanode metrics system started (again)
2022-10-03 12:55:20,069 [Datanode State Machine Daemon Thread] INFO  statemachine.DatanodeStateMachine (DatanodeStateMachine.java:lambda$startDaemon$0(492)) - Ozone container server started.
2022-10-03 12:55:20,096 [om1@group-C5BA1605619E-FollowerState] INFO  impl.FollowerState (FollowerState.java:run(143)) - om1@group-C5BA1605619E-FollowerState: change to CANDIDATE, lastRpcElapsedTime:1106323728ns, electionTimeout:1105ms
2022-10-03 12:55:20,097 [om1@group-C5BA1605619E-FollowerState] INFO  impl.RoleInfo (RoleInfo.java:shutdownFollowerState(110)) - om1: shutdown om1@group-C5BA1605619E-FollowerState
2022-10-03 12:55:20,097 [om1@group-C5BA1605619E-FollowerState] INFO  server.RaftServer$Division (RaftServerImpl.java:setRole(299)) - om1@group-C5BA1605619E: changes role from  FOLLOWER to CANDIDATE at term 0 for changeToCandidate
2022-10-03 12:55:20,101 [org.apache.hadoop.util.JvmPauseMonitor$Monitor@3f79427e] INFO  util.JvmPauseMonitor (JvmPauseMonitor.java:run(188)) - Starting JVM pause monitor
2022-10-03 12:55:20,103 [Listener at 127.0.0.1/42881] INFO  ozone.HddsDatanodeService (HddsDatanodeService.java:start(236)) - HddsDatanodeService host:fv-az443-503.ap2fcshprsnunfx25e1aelzb4b.cx.internal.cloudapp.net ip:10.1.0.147
2022-10-03 12:55:20,113 [om1@group-C5BA1605619E-FollowerState] INFO  server.RaftServerConfigKeys (ConfUtils.java:logGet(46)) - raft.server.leaderelection.pre-vote = false (custom)
2022-10-03 12:55:20,113 [om1@group-C5BA1605619E-FollowerState] INFO  impl.RoleInfo (RoleInfo.java:updateAndGet(139)) - om1: start om1@group-C5BA1605619E-LeaderElection25
2022-10-03 12:55:20,116 [Datanode State Machine Task Thread - 0] INFO  datanode.InitDatanodeState (InitDatanodeState.java:persistContainerDatanodeDetails(138)) - DatanodeDetails is persisted to /home/runner/work/ozone/ozone/hadoop-ozone/integration-test/target/test-dir/MiniOzoneClusterImpl-d9654bc9-ecac-4fba-a00b-99e809f3940b/datanode-0/meta/datanode.id
2022-10-03 12:55:20,138 [om1@group-C5BA1605619E-LeaderElection25] INFO  impl.LeaderElection (LeaderElection.java:askForVotes(310)) - om1@group-C5BA1605619E-LeaderElection25 ELECTION round 0: submit vote requests at term 1 for -1: [om1|rpc:localhost:9872|priority:0], old=null
2022-10-03 12:55:20,138 [om1@group-C5BA1605619E-LeaderElection25] INFO  impl.LeaderElection (LeaderElection.java:askForVotes(312)) - om1@group-C5BA1605619E-LeaderElection25 ELECTION round 0: result PASSED (term=1)
2022-10-03 12:55:20,138 [om1@group-C5BA1605619E-LeaderElection25] INFO  impl.RoleInfo (RoleInfo.java:shutdownLeaderElection(130)) - om1: shutdown om1@group-C5BA1605619E-LeaderElection25
2022-10-03 12:55:20,138 [om1@group-C5BA1605619E-LeaderElection25] INFO  server.RaftServer$Division (RaftServerImpl.java:setRole(299)) - om1@group-C5BA1605619E: changes role from CANDIDATE to LEADER at term 1 for changeToLeader
2022-10-03 12:55:20,138 [om1@group-C5BA1605619E-LeaderElection25] INFO  server.RaftServer$Division (ServerState.java:setLeader(287)) - om1@group-C5BA1605619E: change Leader from null to om1 at term 1 for becomeLeader, leader elected after 2416ms
2022-10-03 12:55:20,138 [om1@group-C5BA1605619E-LeaderElection25] INFO  server.RaftServerConfigKeys (ConfUtils.java:logGet(46)) - raft.server.staging.catchup.gap = 1000 (default)
2022-10-03 12:55:20,138 [om1@group-C5BA1605619E-LeaderElection25] INFO  server.RaftServerConfigKeys (ConfUtils.java:logGet(46)) - raft.server.write.element-limit = 4096 (default)
2022-10-03 12:55:20,138 [om1@group-C5BA1605619E-LeaderElection25] INFO  server.RaftServerConfigKeys (ConfUtils.java:logGet(46)) - raft.server.write.byte-limit = 64MB (=67108864) (default)
2022-10-03 12:55:20,139 [om1@group-C5BA1605619E-LeaderElection25] INFO  server.RaftServerConfigKeys (ConfUtils.java:logGet(46)) - raft.server.watch.timeout = 10s (default)
2022-10-03 12:55:20,139 [om1@group-C5BA1605619E-LeaderElection25] INFO  server.RaftServerConfigKeys (ConfUtils.java:logGet(46)) - raft.server.watch.timeout.denomination = 1s (default)
2022-10-03 12:55:20,139 [om1@group-C5BA1605619E-LeaderElection25] INFO  server.RaftServerConfigKeys (ConfUtils.java:logGet(46)) - raft.server.watch.element-limit = 65536 (default)
2022-10-03 12:55:20,139 [om1@group-C5BA1605619E-LeaderElection25] INFO  server.RaftServerConfigKeys (ConfUtils.java:logGet(46)) - raft.server.write.element-limit = 4096 (default)
2022-10-03 12:55:20,139 [om1@group-C5BA1605619E-LeaderElection25] INFO  server.RaftServerConfigKeys (ConfUtils.java:logGet(46)) - raft.server.write.follower.gap.ratio.max = -1.0 (default)
2022-10-03 12:55:20,139 [om1@group-C5BA1605619E-LeaderElection25] INFO  impl.RoleInfo (RoleInfo.java:updateAndGet(139)) - om1: start om1@group-C5BA1605619E-LeaderStateImpl
2022-10-03 12:55:20,142 [om1@group-C5BA1605619E-LeaderElection25] INFO  segmented.SegmentedRaftLogWorker (SegmentedRaftLogWorker.java:startLogSegment(425)) - om1@group-C5BA1605619E-SegmentedRaftLogWorker: Starting segment from index:0
2022-10-03 12:55:20,147 [Listener at 127.0.0.1/42881] INFO  upgrade.AbstractLayoutVersionManager (AbstractLayoutVersionManager.java:init(83)) - Initializing Layout version manager with metadata layout = DATANODE_SCHEMA_V3 (version = 4), software layout = DATANODE_SCHEMA_V3 (version = 4)
2022-10-03 12:55:20,151 [om1@group-C5BA1605619E-SegmentedRaftLogWorker] INFO  segmented.SegmentedRaftLogWorker (SegmentedRaftLogWorker.java:execute(629)) - om1@group-C5BA1605619E-SegmentedRaftLogWorker: created new log segment /home/runner/work/ozone/ozone/hadoop-ozone/integration-test/target/test-dir/MiniOzoneClusterImpl-d9654bc9-ecac-4fba-a00b-99e809f3940b/ozone-meta/ratis/bf265839-605b-3f16-9796-c5ba1605619e/current/log_inprogress_0
2022-10-03 12:55:20,170 [om1@group-C5BA1605619E-LeaderElection25] INFO  server.RaftServer$Division (ServerState.java:setRaftConf(393)) - om1@group-C5BA1605619E: set configuration 0: [om1|rpc:localhost:9872|admin:|client:|dataStream:|priority:0], old=null
2022-10-03 12:55:20,182 [om1@group-C5BA1605619E-StateMachineUpdater] INFO  ratis.OzoneManagerStateMachine (OzoneManagerStateMachine.java:notifyConfigurationChanged(192)) - Received Configuration change notification from Ratis. New Peer list:
[id: "om1"
address: "localhost:9872"
]
2022-10-03 12:55:20,322 [Listener at 127.0.0.1/42881] INFO  reflections.Reflections (Reflections.java:scan(232)) - Reflections took 173 ms to scan 7 urls, producing 135 keys and 327 values 
2022-10-03 12:55:20,323 [Listener at 127.0.0.1/42881] INFO  statemachine.DatanodeStateMachine (DatanodeStateMachine.java:getEndPointTaskThreadPoolSize(237)) - Datanode State Machine Task Thread Pool size 2
2022-10-03 12:55:20,339 [Listener at 127.0.0.1/42881] INFO  volume.HddsVolume (HddsVolume.java:<init>(117)) - Creating HddsVolume: /home/runner/work/ozone/ozone/hadoop-ozone/integration-test/target/test-dir/MiniOzoneClusterImpl-d9654bc9-ecac-4fba-a00b-99e809f3940b/datanode-1/data-0/containers/hdds of storage type : DISK capacity : 9223372036854775807
2022-10-03 12:55:20,340 [Listener at 127.0.0.1/42881] INFO  volume.MutableVolumeSet (MutableVolumeSet.java:initializeVolumeSet(174)) - Added Volume : /home/runner/work/ozone/ozone/hadoop-ozone/integration-test/target/test-dir/MiniOzoneClusterImpl-d9654bc9-ecac-4fba-a00b-99e809f3940b/datanode-1/data-0/containers/hdds to VolumeSet
2022-10-03 12:55:20,340 [Listener at 127.0.0.1/42881] INFO  volume.ThrottledAsyncChecker (ThrottledAsyncChecker.java:schedule(141)) - Scheduling a check for /home/runner/work/ozone/ozone/hadoop-ozone/integration-test/target/test-dir/MiniOzoneClusterImpl-d9654bc9-ecac-4fba-a00b-99e809f3940b/datanode-1/data-0/containers/hdds
2022-10-03 12:55:20,357 [Listener at 127.0.0.1/42881] INFO  volume.StorageVolumeChecker (StorageVolumeChecker.java:checkAllVolumes(202)) - Scheduled health check for volume /home/runner/work/ozone/ozone/hadoop-ozone/integration-test/target/test-dir/MiniOzoneClusterImpl-d9654bc9-ecac-4fba-a00b-99e809f3940b/datanode-1/data-0/containers/hdds
2022-10-03 12:55:20,383 [Listener at 127.0.0.1/42881] INFO  volume.MutableVolumeSet (MutableVolumeSet.java:initializeVolumeSet(174)) - Added Volume : /home/runner/work/ozone/ozone/hadoop-ozone/integration-test/target/test-dir/MiniOzoneClusterImpl-d9654bc9-ecac-4fba-a00b-99e809f3940b/datanode-1/data/ratis to VolumeSet
2022-10-03 12:55:20,383 [Listener at 127.0.0.1/42881] INFO  volume.ThrottledAsyncChecker (ThrottledAsyncChecker.java:schedule(141)) - Scheduling a check for /home/runner/work/ozone/ozone/hadoop-ozone/integration-test/target/test-dir/MiniOzoneClusterImpl-d9654bc9-ecac-4fba-a00b-99e809f3940b/datanode-1/data/ratis
2022-10-03 12:55:20,389 [Listener at 127.0.0.1/42881] INFO  volume.StorageVolumeChecker (StorageVolumeChecker.java:checkAllVolumes(202)) - Scheduled health check for volume /home/runner/work/ozone/ozone/hadoop-ozone/integration-test/target/test-dir/MiniOzoneClusterImpl-d9654bc9-ecac-4fba-a00b-99e809f3940b/datanode-1/data/ratis
2022-10-03 12:55:20,429 [Thread-698] INFO  ozoneimpl.ContainerReader (ContainerReader.java:readVolume(175)) - Finish verifying containers on volume /home/runner/work/ozone/ozone/hadoop-ozone/integration-test/target/test-dir/MiniOzoneClusterImpl-d9654bc9-ecac-4fba-a00b-99e809f3940b/datanode-1/data-0/containers/hdds
2022-10-03 12:55:20,429 [Listener at 127.0.0.1/42881] INFO  ozoneimpl.OzoneContainer (OzoneContainer.java:buildContainerSet(300)) - Build ContainerSet costs 0s
2022-10-03 12:55:20,435 [Listener at 127.0.0.1/42881] INFO  server.RaftServer (ConfUtils.java:logGet(46)) - raft.rpc.type = GRPC (default)
2022-10-03 12:55:20,435 [Listener at 127.0.0.1/42881] INFO  grpc.GrpcFactory (GrpcFactory.java:checkPooledByteBufAllocatorUseCacheForAllThreads(48)) - PERFORMANCE WARNING: useCacheForAllThreads is true that may cause Netty to create a lot garbage objects and, as a result, trigger GC.
	It is recommended to disable useCacheForAllThreads by setting -Dorg.apache.ratis.thirdparty.io.netty.allocator.useCacheForAllThreads=false in command line.
2022-10-03 12:55:20,435 [Listener at 127.0.0.1/42881] INFO  grpc.GrpcConfigKeys (ConfUtils.java:logGet(46)) - raft.grpc.admin.port = 0 (custom)
2022-10-03 12:55:20,435 [Listener at 127.0.0.1/42881] INFO  grpc.GrpcConfigKeys (ConfUtils.java:logGet(46)) - raft.grpc.client.port = 0 (custom)
2022-10-03 12:55:20,435 [Listener at 127.0.0.1/42881] INFO  grpc.GrpcConfigKeys (ConfUtils.java:logGet(46)) - raft.grpc.server.port = 0 (default)
2022-10-03 12:55:20,435 [Listener at 127.0.0.1/42881] INFO  server.GrpcService (ConfUtils.java:logGet(46)) - raft.grpc.message.size.max = 32MB (=33554432) (custom)
2022-10-03 12:55:20,435 [Listener at 127.0.0.1/42881] INFO  server.RaftServerConfigKeys (ConfUtils.java:logGet(46)) - raft.server.log.appender.buffer.byte-limit = 33554432 (custom)
2022-10-03 12:55:20,441 [Listener at 127.0.0.1/42881] INFO  server.GrpcService (ConfUtils.java:logGet(46)) - raft.grpc.flow.control.window = 5MB (=5242880) (custom)
2022-10-03 12:55:20,441 [Listener at 127.0.0.1/42881] INFO  server.RaftServerConfigKeys (ConfUtils.java:logGet(46)) - raft.server.rpc.request.timeout = 60s (custom)
2022-10-03 12:55:20,441 [Listener at 127.0.0.1/42881] INFO  grpc.GrpcConfigKeys (ConfUtils.java:logGet(46)) - raft.grpc.server.async.request.thread.pool.cached = true (default)
2022-10-03 12:55:20,441 [Listener at 127.0.0.1/42881] INFO  grpc.GrpcConfigKeys (ConfUtils.java:logGet(46)) - raft.grpc.server.async.request.thread.pool.size = 32 (default)
2022-10-03 12:55:20,442 [Listener at 127.0.0.1/42881] INFO  impl.DataStreamServerImpl (ConfUtils.java:logGet(46)) - raft.datastream.type = DISABLED (default)
2022-10-03 12:55:20,443 [Listener at 127.0.0.1/42881] INFO  server.RaftServerConfigKeys (ConfUtils.java:logGet(46)) - raft.server.threadpool.proxy.cached = true (default)
2022-10-03 12:55:20,443 [Listener at 127.0.0.1/42881] INFO  server.RaftServerConfigKeys (ConfUtils.java:logGet(46)) - raft.server.threadpool.proxy.size = 0 (default)
2022-10-03 12:55:20,443 [Listener at 127.0.0.1/42881] INFO  server.RaftServerConfigKeys (ConfUtils.java:logGet(46)) - raft.server.rpc.slowness.timeout = 300s (custom)
2022-10-03 12:55:20,443 [Listener at 127.0.0.1/42881] INFO  server.RaftServerConfigKeys (ConfUtils.java:logGet(46)) - raft.server.leaderelection.leader.step-down.wait-time = 10s (default)
2022-10-03 12:55:20,443 [Listener at 127.0.0.1/42881] INFO  server.RaftServerConfigKeys (ConfUtils.java:logGet(46)) - raft.server.storage.dir = [/home/runner/work/ozone/ozone/hadoop-ozone/integration-test/target/test-dir/MiniOzoneClusterImpl-d9654bc9-ecac-4fba-a00b-99e809f3940b/datanode-1/data/ratis] (custom)
2022-10-03 12:55:20,444 [Listener at 127.0.0.1/42881] INFO  server.XceiverServerGrpc (XceiverServerGrpc.java:<init>(132)) - GrpcServer channel type EpollServerSocketChannel
2022-10-03 12:55:20,461 [Listener at 127.0.0.1/42881] INFO  http.BaseHttpServer (BaseHttpServer.java:newHttpServer2BuilderForOzone(213)) - Starting Web-server for hddsDatanode at: http://0.0.0.0:0
2022-10-03 12:55:20,461 [Listener at 127.0.0.1/42881] INFO  http.BaseHttpServer (BaseHttpServer.java:<init>(108)) - Hadoop Security Enabled: false Ozone Security Enabled: false Ozone HTTP Security Enabled: false 
2022-10-03 12:55:20,464 [Listener at 127.0.0.1/42881] INFO  server.AuthenticationFilter (AuthenticationFilter.java:constructSecretProvider(240)) - Unable to initialize FileSignerSecretProvider, falling back to use random secrets.
2022-10-03 12:55:20,464 [Listener at 127.0.0.1/42881] WARN  http.HttpRequestLog (HttpRequestLog.java:getRequestLog(103)) - Jetty request log can only be enabled using Log4j
2022-10-03 12:55:20,467 [Listener at 127.0.0.1/42881] INFO  http.HttpServer2 (HttpServer2.java:addGlobalFilter(1029)) - Added global filter 'safety' (class=org.apache.hadoop.hdds.server.http.HttpServer2$QuotingInputFilter)
2022-10-03 12:55:20,467 [Listener at 127.0.0.1/42881] INFO  http.HttpServer2 (HttpServer2.java:addFilter(1005)) - Added filter static_user_filter (class=org.apache.hadoop.http.lib.StaticUserWebFilter$StaticUserFilter) to context hddsDatanode
2022-10-03 12:55:20,467 [Listener at 127.0.0.1/42881] INFO  http.HttpServer2 (HttpServer2.java:addFilter(1013)) - Added filter static_user_filter (class=org.apache.hadoop.http.lib.StaticUserWebFilter$StaticUserFilter) to context static
2022-10-03 12:55:20,467 [Listener at 127.0.0.1/42881] INFO  http.HttpServer2 (HttpServer2.java:addFilter(1013)) - Added filter static_user_filter (class=org.apache.hadoop.http.lib.StaticUserWebFilter$StaticUserFilter) to context logs
2022-10-03 12:55:20,468 [Listener at 127.0.0.1/42881] INFO  http.HttpServer2 (HttpServer2.java:bindListener(1248)) - Jetty bound to port 41323
2022-10-03 12:55:20,468 [Listener at 127.0.0.1/42881] INFO  server.Server (Server.java:doStart(375)) - jetty-9.4.43.v20210629; built: 2021-06-30T11:07:22.254Z; git: 526006ecfa3af7f1a27ef3a288e2bef7ea9dd7e8; jvm 1.8.0_345-b01
2022-10-03 12:55:20,522 [Listener at 127.0.0.1/42881] INFO  server.session (DefaultSessionIdManager.java:doStart(334)) - DefaultSessionIdManager workerName=node0
2022-10-03 12:55:20,522 [Listener at 127.0.0.1/42881] INFO  server.session (DefaultSessionIdManager.java:doStart(339)) - No SessionScavenger set, using defaults
2022-10-03 12:55:20,522 [Listener at 127.0.0.1/42881] INFO  server.session (HouseKeeper.java:startScavenging(132)) - node0 Scavenging every 660000ms
2022-10-03 12:55:20,523 [Listener at 127.0.0.1/42881] INFO  handler.ContextHandler (ContextHandler.java:doStart(915)) - Started o.e.j.s.ServletContextHandler@2b64a74c{logs,/logs,file:///home/runner/work/ozone/ozone/hadoop-ozone/integration-test/target/log,AVAILABLE}
2022-10-03 12:55:20,523 [Listener at 127.0.0.1/42881] INFO  handler.ContextHandler (ContextHandler.java:doStart(915)) - Started o.e.j.s.ServletContextHandler@45d7ba13{static,/static,jar:file:/home/runner/.m2/repository/org/apache/ozone/hdds-container-service/1.3.0-SNAPSHOT/hdds-container-service-1.3.0-SNAPSHOT.jar!/webapps/static,AVAILABLE}
2022-10-03 12:55:20,985 [Listener at 127.0.0.1/42881] INFO  handler.ContextHandler (ContextHandler.java:doStart(915)) - Started o.e.j.w.WebAppContext@4f7feec2{hddsDatanode,/,file:///tmp/jetty-0_0_0_0-41323-hdds-container-service-1_3_0-SNAPSHOT_jar-_-any-379476676472748445/webapp/,AVAILABLE}{jar:file:/home/runner/.m2/repository/org/apache/ozone/hdds-container-service/1.3.0-SNAPSHOT/hdds-container-service-1.3.0-SNAPSHOT.jar!/webapps/hddsDatanode}
2022-10-03 12:55:20,994 [Listener at 127.0.0.1/42881] INFO  server.AbstractConnector (AbstractConnector.java:doStart(331)) - Started ServerConnector@5e96ad97{HTTP/1.1, (http/1.1)}{0.0.0.0:41323}
2022-10-03 12:55:20,994 [Listener at 127.0.0.1/42881] INFO  server.Server (Server.java:doStart(415)) - Started @83006ms
2022-10-03 12:55:20,994 [Listener at 127.0.0.1/42881] WARN  impl.MetricsSystemImpl (MetricsSystemImpl.java:register(279)) - Sink prometheus already exists!
2022-10-03 12:55:20,995 [Listener at 127.0.0.1/42881] INFO  http.BaseHttpServer (BaseHttpServer.java:updateConnectorAddress(333)) - HTTP server of hddsDatanode listening at http://0.0.0.0:41323
2022-10-03 12:55:21,009 [Listener at 127.0.0.1/42881] WARN  impl.MetricRegistriesImpl (MetricRegistriesImpl.java:addReporterRegistration(111)) - New reporters are added after registries were created. Some metrics will be missing from the reporter. Please add reporter before adding any new registry.
2022-10-03 12:55:21,009 [Listener at 127.0.0.1/42881] WARN  impl.MetricRegistriesImpl (MetricRegistriesImpl.java:addReporterRegistration(111)) - New reporters are added after registries were created. Some metrics will be missing from the reporter. Please add reporter before adding any new registry.
2022-10-03 12:55:21,009 [Listener at 127.0.0.1/42881] INFO  impl.MetricsSystemImpl (MetricsSystemImpl.java:init(158)) - HddsDatanode metrics system started (again)
2022-10-03 12:55:21,015 [Datanode State Machine Daemon Thread] INFO  statemachine.DatanodeStateMachine (DatanodeStateMachine.java:lambda$startDaemon$0(492)) - Ozone container server started.
2022-10-03 12:55:21,105 [org.apache.hadoop.util.JvmPauseMonitor$Monitor@24608931] INFO  util.JvmPauseMonitor (JvmPauseMonitor.java:run(188)) - Starting JVM pause monitor
2022-10-03 12:55:21,145 [Listener at 127.0.0.1/42881] INFO  ozone.HddsDatanodeService (HddsDatanodeService.java:start(236)) - HddsDatanodeService host:fv-az443-503.ap2fcshprsnunfx25e1aelzb4b.cx.internal.cloudapp.net ip:10.1.0.147
2022-10-03 12:55:21,146 [Datanode State Machine Task Thread - 0] INFO  datanode.InitDatanodeState (InitDatanodeState.java:persistContainerDatanodeDetails(138)) - DatanodeDetails is persisted to /home/runner/work/ozone/ozone/hadoop-ozone/integration-test/target/test-dir/MiniOzoneClusterImpl-d9654bc9-ecac-4fba-a00b-99e809f3940b/datanode-1/meta/datanode.id
2022-10-03 12:55:21,206 [Listener at 127.0.0.1/42881] INFO  upgrade.AbstractLayoutVersionManager (AbstractLayoutVersionManager.java:init(83)) - Initializing Layout version manager with metadata layout = DATANODE_SCHEMA_V3 (version = 4), software layout = DATANODE_SCHEMA_V3 (version = 4)
2022-10-03 12:55:21,329 [Listener at 127.0.0.1/42881] INFO  reflections.Reflections (Reflections.java:scan(232)) - Reflections took 110 ms to scan 7 urls, producing 135 keys and 327 values 
2022-10-03 12:55:21,337 [Listener at 127.0.0.1/42881] INFO  statemachine.DatanodeStateMachine (DatanodeStateMachine.java:getEndPointTaskThreadPoolSize(237)) - Datanode State Machine Task Thread Pool size 2
2022-10-03 12:55:21,346 [Listener at 127.0.0.1/42881] INFO  volume.HddsVolume (HddsVolume.java:<init>(117)) - Creating HddsVolume: /home/runner/work/ozone/ozone/hadoop-ozone/integration-test/target/test-dir/MiniOzoneClusterImpl-d9654bc9-ecac-4fba-a00b-99e809f3940b/datanode-2/data-0/containers/hdds of storage type : DISK capacity : 9223372036854775807
2022-10-03 12:55:21,346 [Listener at 127.0.0.1/42881] INFO  volume.MutableVolumeSet (MutableVolumeSet.java:initializeVolumeSet(174)) - Added Volume : /home/runner/work/ozone/ozone/hadoop-ozone/integration-test/target/test-dir/MiniOzoneClusterImpl-d9654bc9-ecac-4fba-a00b-99e809f3940b/datanode-2/data-0/containers/hdds to VolumeSet
2022-10-03 12:55:21,346 [Listener at 127.0.0.1/42881] INFO  volume.ThrottledAsyncChecker (ThrottledAsyncChecker.java:schedule(141)) - Scheduling a check for /home/runner/work/ozone/ozone/hadoop-ozone/integration-test/target/test-dir/MiniOzoneClusterImpl-d9654bc9-ecac-4fba-a00b-99e809f3940b/datanode-2/data-0/containers/hdds
2022-10-03 12:55:21,392 [Listener at 127.0.0.1/42881] INFO  volume.StorageVolumeChecker (StorageVolumeChecker.java:checkAllVolumes(202)) - Scheduled health check for volume /home/runner/work/ozone/ozone/hadoop-ozone/integration-test/target/test-dir/MiniOzoneClusterImpl-d9654bc9-ecac-4fba-a00b-99e809f3940b/datanode-2/data-0/containers/hdds
2022-10-03 12:55:21,415 [Listener at 127.0.0.1/42881] INFO  volume.MutableVolumeSet (MutableVolumeSet.java:initializeVolumeSet(174)) - Added Volume : /home/runner/work/ozone/ozone/hadoop-ozone/integration-test/target/test-dir/MiniOzoneClusterImpl-d9654bc9-ecac-4fba-a00b-99e809f3940b/datanode-2/data/ratis to VolumeSet
2022-10-03 12:55:21,415 [Listener at 127.0.0.1/42881] INFO  volume.ThrottledAsyncChecker (ThrottledAsyncChecker.java:schedule(141)) - Scheduling a check for /home/runner/work/ozone/ozone/hadoop-ozone/integration-test/target/test-dir/MiniOzoneClusterImpl-d9654bc9-ecac-4fba-a00b-99e809f3940b/datanode-2/data/ratis
2022-10-03 12:55:21,416 [Listener at 127.0.0.1/42881] INFO  volume.StorageVolumeChecker (StorageVolumeChecker.java:checkAllVolumes(202)) - Scheduled health check for volume /home/runner/work/ozone/ozone/hadoop-ozone/integration-test/target/test-dir/MiniOzoneClusterImpl-d9654bc9-ecac-4fba-a00b-99e809f3940b/datanode-2/data/ratis
2022-10-03 12:55:21,460 [Thread-711] INFO  ozoneimpl.ContainerReader (ContainerReader.java:readVolume(175)) - Finish verifying containers on volume /home/runner/work/ozone/ozone/hadoop-ozone/integration-test/target/test-dir/MiniOzoneClusterImpl-d9654bc9-ecac-4fba-a00b-99e809f3940b/datanode-2/data-0/containers/hdds
2022-10-03 12:55:21,460 [Listener at 127.0.0.1/42881] INFO  ozoneimpl.OzoneContainer (OzoneContainer.java:buildContainerSet(300)) - Build ContainerSet costs 0s
2022-10-03 12:55:21,462 [Listener at 127.0.0.1/42881] INFO  server.RaftServer (ConfUtils.java:logGet(46)) - raft.rpc.type = GRPC (default)
2022-10-03 12:55:21,463 [Listener at 127.0.0.1/42881] INFO  grpc.GrpcFactory (GrpcFactory.java:checkPooledByteBufAllocatorUseCacheForAllThreads(48)) - PERFORMANCE WARNING: useCacheForAllThreads is true that may cause Netty to create a lot garbage objects and, as a result, trigger GC.
	It is recommended to disable useCacheForAllThreads by setting -Dorg.apache.ratis.thirdparty.io.netty.allocator.useCacheForAllThreads=false in command line.
2022-10-03 12:55:21,463 [Listener at 127.0.0.1/42881] INFO  grpc.GrpcConfigKeys (ConfUtils.java:logGet(46)) - raft.grpc.admin.port = 0 (custom)
2022-10-03 12:55:21,463 [Listener at 127.0.0.1/42881] INFO  grpc.GrpcConfigKeys (ConfUtils.java:logGet(46)) - raft.grpc.client.port = 0 (custom)
2022-10-03 12:55:21,463 [Listener at 127.0.0.1/42881] INFO  grpc.GrpcConfigKeys (ConfUtils.java:logGet(46)) - raft.grpc.server.port = 0 (default)
2022-10-03 12:55:21,463 [Listener at 127.0.0.1/42881] INFO  server.GrpcService (ConfUtils.java:logGet(46)) - raft.grpc.message.size.max = 32MB (=33554432) (custom)
2022-10-03 12:55:21,463 [Listener at 127.0.0.1/42881] INFO  server.RaftServerConfigKeys (ConfUtils.java:logGet(46)) - raft.server.log.appender.buffer.byte-limit = 33554432 (custom)
2022-10-03 12:55:21,463 [Listener at 127.0.0.1/42881] INFO  server.GrpcService (ConfUtils.java:logGet(46)) - raft.grpc.flow.control.window = 5MB (=5242880) (custom)
2022-10-03 12:55:21,463 [Listener at 127.0.0.1/42881] INFO  server.RaftServerConfigKeys (ConfUtils.java:logGet(46)) - raft.server.rpc.request.timeout = 60s (custom)
2022-10-03 12:55:21,463 [Listener at 127.0.0.1/42881] INFO  grpc.GrpcConfigKeys (ConfUtils.java:logGet(46)) - raft.grpc.server.async.request.thread.pool.cached = true (default)
2022-10-03 12:55:21,464 [Listener at 127.0.0.1/42881] INFO  grpc.GrpcConfigKeys (ConfUtils.java:logGet(46)) - raft.grpc.server.async.request.thread.pool.size = 32 (default)
2022-10-03 12:55:21,464 [Listener at 127.0.0.1/42881] INFO  impl.DataStreamServerImpl (ConfUtils.java:logGet(46)) - raft.datastream.type = DISABLED (default)
2022-10-03 12:55:21,465 [Listener at 127.0.0.1/42881] INFO  server.RaftServerConfigKeys (ConfUtils.java:logGet(46)) - raft.server.threadpool.proxy.cached = true (default)
2022-10-03 12:55:21,465 [Listener at 127.0.0.1/42881] INFO  server.RaftServerConfigKeys (ConfUtils.java:logGet(46)) - raft.server.threadpool.proxy.size = 0 (default)
2022-10-03 12:55:21,465 [Listener at 127.0.0.1/42881] INFO  server.RaftServerConfigKeys (ConfUtils.java:logGet(46)) - raft.server.rpc.slowness.timeout = 300s (custom)
2022-10-03 12:55:21,465 [Listener at 127.0.0.1/42881] INFO  server.RaftServerConfigKeys (ConfUtils.java:logGet(46)) - raft.server.leaderelection.leader.step-down.wait-time = 10s (default)
2022-10-03 12:55:21,467 [Listener at 127.0.0.1/42881] INFO  server.RaftServerConfigKeys (ConfUtils.java:logGet(46)) - raft.server.storage.dir = [/home/runner/work/ozone/ozone/hadoop-ozone/integration-test/target/test-dir/MiniOzoneClusterImpl-d9654bc9-ecac-4fba-a00b-99e809f3940b/datanode-2/data/ratis] (custom)
2022-10-03 12:55:21,474 [Listener at 127.0.0.1/42881] INFO  server.XceiverServerGrpc (XceiverServerGrpc.java:<init>(132)) - GrpcServer channel type EpollServerSocketChannel
2022-10-03 12:55:21,477 [Listener at 127.0.0.1/42881] INFO  http.BaseHttpServer (BaseHttpServer.java:newHttpServer2BuilderForOzone(213)) - Starting Web-server for hddsDatanode at: http://0.0.0.0:0
2022-10-03 12:55:21,477 [Listener at 127.0.0.1/42881] INFO  http.BaseHttpServer (BaseHttpServer.java:<init>(108)) - Hadoop Security Enabled: false Ozone Security Enabled: false Ozone HTTP Security Enabled: false 
2022-10-03 12:55:21,478 [Listener at 127.0.0.1/42881] INFO  server.AuthenticationFilter (AuthenticationFilter.java:constructSecretProvider(240)) - Unable to initialize FileSignerSecretProvider, falling back to use random secrets.
2022-10-03 12:55:21,492 [Listener at 127.0.0.1/42881] WARN  http.HttpRequestLog (HttpRequestLog.java:getRequestLog(103)) - Jetty request log can only be enabled using Log4j
2022-10-03 12:55:21,518 [Listener at 127.0.0.1/42881] INFO  http.HttpServer2 (HttpServer2.java:addGlobalFilter(1029)) - Added global filter 'safety' (class=org.apache.hadoop.hdds.server.http.HttpServer2$QuotingInputFilter)
2022-10-03 12:55:21,519 [Listener at 127.0.0.1/42881] INFO  http.HttpServer2 (HttpServer2.java:addFilter(1005)) - Added filter static_user_filter (class=org.apache.hadoop.http.lib.StaticUserWebFilter$StaticUserFilter) to context hddsDatanode
2022-10-03 12:55:21,519 [Listener at 127.0.0.1/42881] INFO  http.HttpServer2 (HttpServer2.java:addFilter(1013)) - Added filter static_user_filter (class=org.apache.hadoop.http.lib.StaticUserWebFilter$StaticUserFilter) to context static
2022-10-03 12:55:21,519 [Listener at 127.0.0.1/42881] INFO  http.HttpServer2 (HttpServer2.java:addFilter(1013)) - Added filter static_user_filter (class=org.apache.hadoop.http.lib.StaticUserWebFilter$StaticUserFilter) to context logs
2022-10-03 12:55:21,519 [Listener at 127.0.0.1/42881] INFO  http.HttpServer2 (HttpServer2.java:bindListener(1248)) - Jetty bound to port 34127
2022-10-03 12:55:21,519 [Listener at 127.0.0.1/42881] INFO  server.Server (Server.java:doStart(375)) - jetty-9.4.43.v20210629; built: 2021-06-30T11:07:22.254Z; git: 526006ecfa3af7f1a27ef3a288e2bef7ea9dd7e8; jvm 1.8.0_345-b01
2022-10-03 12:55:21,545 [Listener at 127.0.0.1/42881] INFO  server.session (DefaultSessionIdManager.java:doStart(334)) - DefaultSessionIdManager workerName=node0
2022-10-03 12:55:21,546 [Listener at 127.0.0.1/42881] INFO  server.session (DefaultSessionIdManager.java:doStart(339)) - No SessionScavenger set, using defaults
2022-10-03 12:55:21,546 [Listener at 127.0.0.1/42881] INFO  server.session (HouseKeeper.java:startScavenging(132)) - node0 Scavenging every 660000ms
2022-10-03 12:55:21,553 [Listener at 127.0.0.1/42881] INFO  handler.ContextHandler (ContextHandler.java:doStart(915)) - Started o.e.j.s.ServletContextHandler@2b21bb4d{logs,/logs,file:///home/runner/work/ozone/ozone/hadoop-ozone/integration-test/target/log,AVAILABLE}
2022-10-03 12:55:21,554 [Listener at 127.0.0.1/42881] INFO  handler.ContextHandler (ContextHandler.java:doStart(915)) - Started o.e.j.s.ServletContextHandler@22b1f453{static,/static,jar:file:/home/runner/.m2/repository/org/apache/ozone/hdds-container-service/1.3.0-SNAPSHOT/hdds-container-service-1.3.0-SNAPSHOT.jar!/webapps/static,AVAILABLE}
2022-10-03 12:55:22,026 [Listener at 127.0.0.1/42881] INFO  handler.ContextHandler (ContextHandler.java:doStart(915)) - Started o.e.j.w.WebAppContext@bc2c2d1{hddsDatanode,/,file:///tmp/jetty-0_0_0_0-34127-hdds-container-service-1_3_0-SNAPSHOT_jar-_-any-310090233201076627/webapp/,AVAILABLE}{jar:file:/home/runner/.m2/repository/org/apache/ozone/hdds-container-service/1.3.0-SNAPSHOT/hdds-container-service-1.3.0-SNAPSHOT.jar!/webapps/hddsDatanode}
2022-10-03 12:55:22,045 [Listener at 127.0.0.1/42881] INFO  server.AbstractConnector (AbstractConnector.java:doStart(331)) - Started ServerConnector@ec351c8{HTTP/1.1, (http/1.1)}{0.0.0.0:34127}
2022-10-03 12:55:22,046 [Listener at 127.0.0.1/42881] INFO  server.Server (Server.java:doStart(415)) - Started @84058ms
2022-10-03 12:55:22,046 [Listener at 127.0.0.1/42881] WARN  impl.MetricsSystemImpl (MetricsSystemImpl.java:register(279)) - Sink prometheus already exists!
2022-10-03 12:55:22,047 [Listener at 127.0.0.1/42881] INFO  http.BaseHttpServer (BaseHttpServer.java:updateConnectorAddress(333)) - HTTP server of hddsDatanode listening at http://0.0.0.0:34127
2022-10-03 12:55:22,049 [Datanode State Machine Daemon Thread] INFO  statemachine.DatanodeStateMachine (DatanodeStateMachine.java:lambda$startDaemon$0(492)) - Ozone container server started.
2022-10-03 12:55:22,057 [Listener at 127.0.0.1/42881] INFO  ozone.MiniOzoneClusterImpl (MiniOzoneClusterImpl.java:lambda$waitForClusterToBeReady$0(216)) - Waiting for nodes to be ready. Got 0 of 3 DN Heartbeats.
2022-10-03 12:55:22,057 [Listener at 127.0.0.1/42881] INFO  ozone.MiniOzoneClusterImpl (MiniOzoneClusterImpl.java:lambda$waitForClusterToBeReady$0(219)) - Waiting for cluster to exit safe mode
2022-10-03 12:55:22,057 [Listener at 127.0.0.1/42881] INFO  ozone.MiniOzoneClusterImpl (MiniOzoneClusterImpl.java:lambda$waitForClusterToBeReady$0(221)) - SCM became leader
2022-10-03 12:55:22,077 [org.apache.hadoop.util.JvmPauseMonitor$Monitor@1d763551] INFO  util.JvmPauseMonitor (JvmPauseMonitor.java:run(188)) - Starting JVM pause monitor
2022-10-03 12:55:22,079 [Datanode State Machine Task Thread - 0] INFO  datanode.InitDatanodeState (InitDatanodeState.java:persistContainerDatanodeDetails(138)) - DatanodeDetails is persisted to /home/runner/work/ozone/ozone/hadoop-ozone/integration-test/target/test-dir/MiniOzoneClusterImpl-d9654bc9-ecac-4fba-a00b-99e809f3940b/datanode-2/meta/datanode.id
2022-10-03 12:55:22,238 [EndpointStateMachine task thread for /0.0.0.0:37445 - 0 ] INFO  volume.HddsVolume (HddsVolume.java:createDbStore(307)) - SchemaV3 db is created and loaded at /home/runner/work/ozone/ozone/hadoop-ozone/integration-test/target/test-dir/MiniOzoneClusterImpl-d9654bc9-ecac-4fba-a00b-99e809f3940b/datanode-0/data-0/containers/hdds/d9654bc9-ecac-4fba-a00b-99e809f3940b/DS-dfd77b72-83bc-4cac-b8f6-964a5d9a9fe7/container.db for volume DS-dfd77b72-83bc-4cac-b8f6-964a5d9a9fe7
2022-10-03 12:55:22,240 [EndpointStateMachine task thread for /0.0.0.0:37445 - 0 ] INFO  volume.HddsVolume (HddsVolume.java:closeDbStore(338)) - SchemaV3 db is stopped at /home/runner/work/ozone/ozone/hadoop-ozone/integration-test/target/test-dir/MiniOzoneClusterImpl-d9654bc9-ecac-4fba-a00b-99e809f3940b/datanode-0/data-0/containers/hdds/d9654bc9-ecac-4fba-a00b-99e809f3940b/DS-dfd77b72-83bc-4cac-b8f6-964a5d9a9fe7/container.db for volume DS-dfd77b72-83bc-4cac-b8f6-964a5d9a9fe7
2022-10-03 12:55:22,241 [EndpointStateMachine task thread for /0.0.0.0:37445 - 0 ] INFO  ozoneimpl.OzoneContainer (OzoneContainer.java:start(378)) - Attempting to start container services.
2022-10-03 12:55:22,241 [EndpointStateMachine task thread for /0.0.0.0:37445 - 0 ] INFO  ozoneimpl.OzoneContainer (OzoneContainer.java:startContainerScrub(313)) - Background container scanner has been disabled.
2022-10-03 12:55:22,257 [EndpointStateMachine task thread for /0.0.0.0:37445 - 0 ] INFO  replication.ReplicationServer (ReplicationServer.java:start(111)) - ReplicationServer is started using port 41673
2022-10-03 12:55:22,258 [EndpointStateMachine task thread for /0.0.0.0:37445 - 0 ] INFO  ratis.XceiverServerRatis (XceiverServerRatis.java:start(481)) - Starting XceiverServerRatis a8f19c9c-b965-441c-b59b-0eb44c264cfd
2022-10-03 12:55:22,260 [EndpointStateMachine task thread for /0.0.0.0:37445 - 0 ] INFO  server.RaftServer (RaftServerProxy.java:lambda$start$6(382)) - a8f19c9c-b965-441c-b59b-0eb44c264cfd: start RPC server
2022-10-03 12:55:22,265 [EndpointStateMachine task thread for /0.0.0.0:37445 - 0 ] INFO  server.GrpcService (GrpcService.java:startImpl(260)) - a8f19c9c-b965-441c-b59b-0eb44c264cfd: GrpcService started, listening on 36157
2022-10-03 12:55:22,266 [EndpointStateMachine task thread for /0.0.0.0:37445 - 0 ] INFO  ratis.XceiverServerRatis (XceiverServerRatis.java:getRealPort(502)) - XceiverServerRatis a8f19c9c-b965-441c-b59b-0eb44c264cfd is started using port 36157 for RATIS
2022-10-03 12:55:22,266 [EndpointStateMachine task thread for /0.0.0.0:37445 - 0 ] INFO  ratis.XceiverServerRatis (XceiverServerRatis.java:getRealPort(502)) - XceiverServerRatis a8f19c9c-b965-441c-b59b-0eb44c264cfd is started using port 36157 for RATIS_ADMIN
2022-10-03 12:55:22,266 [EndpointStateMachine task thread for /0.0.0.0:37445 - 0 ] INFO  ratis.XceiverServerRatis (XceiverServerRatis.java:getRealPort(502)) - XceiverServerRatis a8f19c9c-b965-441c-b59b-0eb44c264cfd is started using port 36157 for RATIS_SERVER
2022-10-03 12:55:22,266 [org.apache.ratis.util.JvmPauseMonitor$$Lambda$685/536859976@5c7b5307] INFO  util.JvmPauseMonitor (JvmPauseMonitor.java:run(103)) - JvmPauseMonitor-a8f19c9c-b965-441c-b59b-0eb44c264cfd: Started
2022-10-03 12:55:22,305 [EndpointStateMachine task thread for /0.0.0.0:37445 - 0 ] INFO  server.XceiverServerGrpc (XceiverServerGrpc.java:start(180)) - XceiverServerGrpc a8f19c9c-b965-441c-b59b-0eb44c264cfd is started using port 36525
2022-10-03 12:55:23,057 [Listener at 127.0.0.1/42881] INFO  ozone.MiniOzoneClusterImpl (MiniOzoneClusterImpl.java:lambda$waitForClusterToBeReady$0(216)) - Waiting for nodes to be ready. Got 0 of 3 DN Heartbeats.
2022-10-03 12:55:23,058 [Listener at 127.0.0.1/42881] INFO  ozone.MiniOzoneClusterImpl (MiniOzoneClusterImpl.java:lambda$waitForClusterToBeReady$0(219)) - Waiting for cluster to exit safe mode
2022-10-03 12:55:23,058 [Listener at 127.0.0.1/42881] INFO  ozone.MiniOzoneClusterImpl (MiniOzoneClusterImpl.java:lambda$waitForClusterToBeReady$0(221)) - SCM became leader
2022-10-03 12:55:23,182 [EndpointStateMachine task thread for /0.0.0.0:37445 - 0 ] INFO  volume.HddsVolume (HddsVolume.java:createDbStore(307)) - SchemaV3 db is created and loaded at /home/runner/work/ozone/ozone/hadoop-ozone/integration-test/target/test-dir/MiniOzoneClusterImpl-d9654bc9-ecac-4fba-a00b-99e809f3940b/datanode-1/data-0/containers/hdds/d9654bc9-ecac-4fba-a00b-99e809f3940b/DS-85c8652f-3a63-4b5c-af8c-29b00f44460c/container.db for volume DS-85c8652f-3a63-4b5c-af8c-29b00f44460c
2022-10-03 12:55:23,182 [EndpointStateMachine task thread for /0.0.0.0:37445 - 0 ] INFO  volume.HddsVolume (HddsVolume.java:closeDbStore(338)) - SchemaV3 db is stopped at /home/runner/work/ozone/ozone/hadoop-ozone/integration-test/target/test-dir/MiniOzoneClusterImpl-d9654bc9-ecac-4fba-a00b-99e809f3940b/datanode-1/data-0/containers/hdds/d9654bc9-ecac-4fba-a00b-99e809f3940b/DS-85c8652f-3a63-4b5c-af8c-29b00f44460c/container.db for volume DS-85c8652f-3a63-4b5c-af8c-29b00f44460c
2022-10-03 12:55:23,183 [EndpointStateMachine task thread for /0.0.0.0:37445 - 0 ] INFO  ozoneimpl.OzoneContainer (OzoneContainer.java:start(378)) - Attempting to start container services.
2022-10-03 12:55:23,183 [EndpointStateMachine task thread for /0.0.0.0:37445 - 0 ] INFO  ozoneimpl.OzoneContainer (OzoneContainer.java:startContainerScrub(313)) - Background container scanner has been disabled.
2022-10-03 12:55:23,202 [EndpointStateMachine task thread for /0.0.0.0:37445 - 0 ] INFO  replication.ReplicationServer (ReplicationServer.java:start(111)) - ReplicationServer is started using port 41079
2022-10-03 12:55:23,202 [EndpointStateMachine task thread for /0.0.0.0:37445 - 0 ] INFO  ratis.XceiverServerRatis (XceiverServerRatis.java:start(481)) - Starting XceiverServerRatis 24b78423-202f-4d58-a16c-bf0353a26f6d
2022-10-03 12:55:23,211 [EndpointStateMachine task thread for /0.0.0.0:37445 - 0 ] INFO  server.RaftServer (RaftServerProxy.java:lambda$start$6(382)) - 24b78423-202f-4d58-a16c-bf0353a26f6d: start RPC server
2022-10-03 12:55:23,241 [EndpointStateMachine task thread for /0.0.0.0:37445 - 0 ] INFO  server.GrpcService (GrpcService.java:startImpl(260)) - 24b78423-202f-4d58-a16c-bf0353a26f6d: GrpcService started, listening on 34309
2022-10-03 12:55:23,245 [EndpointStateMachine task thread for /0.0.0.0:37445 - 0 ] INFO  ratis.XceiverServerRatis (XceiverServerRatis.java:getRealPort(502)) - XceiverServerRatis 24b78423-202f-4d58-a16c-bf0353a26f6d is started using port 34309 for RATIS
2022-10-03 12:55:23,245 [EndpointStateMachine task thread for /0.0.0.0:37445 - 0 ] INFO  ratis.XceiverServerRatis (XceiverServerRatis.java:getRealPort(502)) - XceiverServerRatis 24b78423-202f-4d58-a16c-bf0353a26f6d is started using port 34309 for RATIS_ADMIN
2022-10-03 12:55:23,245 [EndpointStateMachine task thread for /0.0.0.0:37445 - 0 ] INFO  ratis.XceiverServerRatis (XceiverServerRatis.java:getRealPort(502)) - XceiverServerRatis 24b78423-202f-4d58-a16c-bf0353a26f6d is started using port 34309 for RATIS_SERVER
2022-10-03 12:55:23,245 [org.apache.ratis.util.JvmPauseMonitor$$Lambda$685/536859976@50416df6] INFO  util.JvmPauseMonitor (JvmPauseMonitor.java:run(103)) - JvmPauseMonitor-24b78423-202f-4d58-a16c-bf0353a26f6d: Started
2022-10-03 12:55:23,287 [EndpointStateMachine task thread for /0.0.0.0:37445 - 0 ] INFO  server.XceiverServerGrpc (XceiverServerGrpc.java:start(180)) - XceiverServerGrpc 24b78423-202f-4d58-a16c-bf0353a26f6d is started using port 37471
2022-10-03 12:55:24,058 [Listener at 127.0.0.1/42881] INFO  ozone.MiniOzoneClusterImpl (MiniOzoneClusterImpl.java:lambda$waitForClusterToBeReady$0(216)) - Waiting for nodes to be ready. Got 0 of 3 DN Heartbeats.
2022-10-03 12:55:24,058 [Listener at 127.0.0.1/42881] INFO  ozone.MiniOzoneClusterImpl (MiniOzoneClusterImpl.java:lambda$waitForClusterToBeReady$0(219)) - Waiting for cluster to exit safe mode
2022-10-03 12:55:24,058 [Listener at 127.0.0.1/42881] INFO  ozone.MiniOzoneClusterImpl (MiniOzoneClusterImpl.java:lambda$waitForClusterToBeReady$0(221)) - SCM became leader
2022-10-03 12:55:24,103 [IPC Server handler 0 on default port 37445] INFO  net.NetworkTopologyImpl (NetworkTopologyImpl.java:add(112)) - Added a new node: /default-rack/a8f19c9c-b965-441c-b59b-0eb44c264cfd
2022-10-03 12:55:24,103 [IPC Server handler 0 on default port 37445] INFO  node.SCMNodeManager (SCMNodeManager.java:register(397)) - Registered Data node : a8f19c9c-b965-441c-b59b-0eb44c264cfd{ip: 10.1.0.147, host: fv-az443-503.ap2fcshprsnunfx25e1aelzb4b.cx.internal.cloudapp.net, ports: [REPLICATION=41673, RATIS=36157, RATIS_ADMIN=36157, RATIS_SERVER=36157, STANDALONE=36525], networkLocation: /default-rack, certSerialId: null, persistedOpState: null, persistedOpStateExpiryEpochSec: 0}
2022-10-03 12:55:24,125 [EventQueue-NodeRegistrationContainerReportForDataNodeSafeModeRule] INFO  safemode.SCMSafeModeManager (DataNodeSafeModeRule.java:process(71)) - SCM in safe mode. 1 DataNodes registered, 3 required.
2022-10-03 12:55:24,133 [EventQueue-NodeRegistrationContainerReportForContainerSafeModeRule] INFO  safemode.SCMSafeModeManager (SCMSafeModeManager.java:validateSafeModeExitRules(204)) - ContainerSafeModeRule rule is successfully validated
2022-10-03 12:55:24,142 [EventQueue-NewNodeForNewNodeHandler] INFO  pipeline.BackgroundPipelineCreator (BackgroundPipelineCreator.java:notifyEventTriggered(276)) - trigger a one-shot run on RatisPipelineUtilsThread.
2022-10-03 12:55:24,142 [RatisPipelineUtilsThread - 0] INFO  pipeline.RatisPipelineProvider (RatisPipelineProvider.java:lambda$create$0(195)) - Sending CreatePipelineCommand for pipeline:PipelineID=c52313a6-daa8-47c4-9b63-bfe09aaa9304 to datanode:a8f19c9c-b965-441c-b59b-0eb44c264cfd
2022-10-03 12:55:24,142 [EventQueue-PipelineReportForOneReplicaPipelineSafeModeRule] INFO  safemode.SCMSafeModeManager (SCMSafeModeManager.java:validateSafeModeExitRules(204)) - AtleastOneDatanodeReportedRule rule is successfully validated
2022-10-03 12:55:24,143 [RatisPipelineUtilsThread - 0] INFO  pipeline.PipelineStateManagerImpl (PipelineStateManagerImpl.java:addPipeline(103)) - Created pipeline Pipeline[ Id: c52313a6-daa8-47c4-9b63-bfe09aaa9304, Nodes: a8f19c9c-b965-441c-b59b-0eb44c264cfd{ip: 10.1.0.147, host: fv-az443-503.ap2fcshprsnunfx25e1aelzb4b.cx.internal.cloudapp.net, ports: [REPLICATION=41673, RATIS=36157, RATIS_ADMIN=36157, RATIS_SERVER=36157, STANDALONE=36525], networkLocation: /default-rack, certSerialId: null, persistedOpState: IN_SERVICE, persistedOpStateExpiryEpochSec: 0}, ReplicationConfig: RATIS/ONE, State:ALLOCATED, leaderId:, CreationTimestamp2022-10-03T12:55:24.142Z[Etc/UTC]].
2022-10-03 12:55:24,198 [EndpointStateMachine task thread for /0.0.0.0:37445 - 0 ] INFO  volume.HddsVolume (HddsVolume.java:createDbStore(307)) - SchemaV3 db is created and loaded at /home/runner/work/ozone/ozone/hadoop-ozone/integration-test/target/test-dir/MiniOzoneClusterImpl-d9654bc9-ecac-4fba-a00b-99e809f3940b/datanode-2/data-0/containers/hdds/d9654bc9-ecac-4fba-a00b-99e809f3940b/DS-9fd86434-3251-482e-bb40-a9b3608651e6/container.db for volume DS-9fd86434-3251-482e-bb40-a9b3608651e6
2022-10-03 12:55:24,199 [EndpointStateMachine task thread for /0.0.0.0:37445 - 0 ] INFO  volume.HddsVolume (HddsVolume.java:closeDbStore(338)) - SchemaV3 db is stopped at /home/runner/work/ozone/ozone/hadoop-ozone/integration-test/target/test-dir/MiniOzoneClusterImpl-d9654bc9-ecac-4fba-a00b-99e809f3940b/datanode-2/data-0/containers/hdds/d9654bc9-ecac-4fba-a00b-99e809f3940b/DS-9fd86434-3251-482e-bb40-a9b3608651e6/container.db for volume DS-9fd86434-3251-482e-bb40-a9b3608651e6
2022-10-03 12:55:24,199 [EndpointStateMachine task thread for /0.0.0.0:37445 - 0 ] INFO  ozoneimpl.OzoneContainer (OzoneContainer.java:start(378)) - Attempting to start container services.
2022-10-03 12:55:24,199 [EndpointStateMachine task thread for /0.0.0.0:37445 - 0 ] INFO  ozoneimpl.OzoneContainer (OzoneContainer.java:startContainerScrub(313)) - Background container scanner has been disabled.
2022-10-03 12:55:24,214 [EndpointStateMachine task thread for /0.0.0.0:37445 - 0 ] INFO  replication.ReplicationServer (ReplicationServer.java:start(111)) - ReplicationServer is started using port 43247
2022-10-03 12:55:24,214 [EndpointStateMachine task thread for /0.0.0.0:37445 - 0 ] INFO  ratis.XceiverServerRatis (XceiverServerRatis.java:start(481)) - Starting XceiverServerRatis c6640430-6736-4c18-b373-1226daafac87
2022-10-03 12:55:24,215 [EndpointStateMachine task thread for /0.0.0.0:37445 - 0 ] INFO  server.RaftServer (RaftServerProxy.java:lambda$start$6(382)) - c6640430-6736-4c18-b373-1226daafac87: start RPC server
2022-10-03 12:55:24,246 [EndpointStateMachine task thread for /0.0.0.0:37445 - 0 ] INFO  server.GrpcService (GrpcService.java:startImpl(260)) - c6640430-6736-4c18-b373-1226daafac87: GrpcService started, listening on 46643
2022-10-03 12:55:24,261 [EndpointStateMachine task thread for /0.0.0.0:37445 - 0 ] INFO  ratis.XceiverServerRatis (XceiverServerRatis.java:getRealPort(502)) - XceiverServerRatis c6640430-6736-4c18-b373-1226daafac87 is started using port 46643 for RATIS
2022-10-03 12:55:24,261 [org.apache.ratis.util.JvmPauseMonitor$$Lambda$685/536859976@5997ba76] INFO  util.JvmPauseMonitor (JvmPauseMonitor.java:run(103)) - JvmPauseMonitor-c6640430-6736-4c18-b373-1226daafac87: Started
2022-10-03 12:55:24,261 [EndpointStateMachine task thread for /0.0.0.0:37445 - 0 ] INFO  ratis.XceiverServerRatis (XceiverServerRatis.java:getRealPort(502)) - XceiverServerRatis c6640430-6736-4c18-b373-1226daafac87 is started using port 46643 for RATIS_ADMIN
2022-10-03 12:55:24,261 [EndpointStateMachine task thread for /0.0.0.0:37445 - 0 ] INFO  ratis.XceiverServerRatis (XceiverServerRatis.java:getRealPort(502)) - XceiverServerRatis c6640430-6736-4c18-b373-1226daafac87 is started using port 46643 for RATIS_SERVER
2022-10-03 12:55:24,320 [EndpointStateMachine task thread for /0.0.0.0:37445 - 0 ] INFO  server.XceiverServerGrpc (XceiverServerGrpc.java:start(180)) - XceiverServerGrpc c6640430-6736-4c18-b373-1226daafac87 is started using port 37869
2022-10-03 12:55:25,060 [Listener at 127.0.0.1/42881] INFO  ozone.MiniOzoneClusterImpl (MiniOzoneClusterImpl.java:lambda$waitForClusterToBeReady$0(216)) - Waiting for nodes to be ready. Got 1 of 3 DN Heartbeats.
2022-10-03 12:55:25,060 [Listener at 127.0.0.1/42881] INFO  ozone.MiniOzoneClusterImpl (MiniOzoneClusterImpl.java:lambda$waitForClusterToBeReady$0(219)) - Waiting for cluster to exit safe mode
2022-10-03 12:55:25,060 [Listener at 127.0.0.1/42881] INFO  ozone.MiniOzoneClusterImpl (MiniOzoneClusterImpl.java:lambda$waitForClusterToBeReady$0(221)) - SCM became leader
2022-10-03 12:55:25,110 [IPC Server handler 0 on default port 37445] INFO  net.NetworkTopologyImpl (NetworkTopologyImpl.java:add(112)) - Added a new node: /default-rack/24b78423-202f-4d58-a16c-bf0353a26f6d
2022-10-03 12:55:25,111 [IPC Server handler 0 on default port 37445] INFO  node.SCMNodeManager (SCMNodeManager.java:register(397)) - Registered Data node : 24b78423-202f-4d58-a16c-bf0353a26f6d{ip: 10.1.0.147, host: fv-az443-503.ap2fcshprsnunfx25e1aelzb4b.cx.internal.cloudapp.net, ports: [REPLICATION=41079, RATIS=34309, RATIS_ADMIN=34309, RATIS_SERVER=34309, STANDALONE=37471], networkLocation: /default-rack, certSerialId: null, persistedOpState: null, persistedOpStateExpiryEpochSec: 0}
2022-10-03 12:55:25,111 [EventQueue-NewNodeForNewNodeHandler] INFO  pipeline.BackgroundPipelineCreator (BackgroundPipelineCreator.java:notifyEventTriggered(276)) - trigger a one-shot run on RatisPipelineUtilsThread.
2022-10-03 12:55:25,133 [EventQueue-NodeRegistrationContainerReportForDataNodeSafeModeRule] INFO  safemode.SCMSafeModeManager (DataNodeSafeModeRule.java:process(71)) - SCM in safe mode. 2 DataNodes registered, 3 required.
2022-10-03 12:55:25,137 [RatisPipelineUtilsThread - 0] INFO  pipeline.RatisPipelineProvider (RatisPipelineProvider.java:lambda$create$0(195)) - Sending CreatePipelineCommand for pipeline:PipelineID=92008eeb-0304-479b-b4d0-84d15dc147d9 to datanode:24b78423-202f-4d58-a16c-bf0353a26f6d
2022-10-03 12:55:25,138 [RatisPipelineUtilsThread - 0] INFO  pipeline.PipelineStateManagerImpl (PipelineStateManagerImpl.java:addPipeline(103)) - Created pipeline Pipeline[ Id: 92008eeb-0304-479b-b4d0-84d15dc147d9, Nodes: 24b78423-202f-4d58-a16c-bf0353a26f6d{ip: 10.1.0.147, host: fv-az443-503.ap2fcshprsnunfx25e1aelzb4b.cx.internal.cloudapp.net, ports: [REPLICATION=41079, RATIS=34309, RATIS_ADMIN=34309, RATIS_SERVER=34309, STANDALONE=37471], networkLocation: /default-rack, certSerialId: null, persistedOpState: IN_SERVICE, persistedOpStateExpiryEpochSec: 0}, ReplicationConfig: RATIS/ONE, State:ALLOCATED, leaderId:, CreationTimestamp2022-10-03T12:55:25.137Z[Etc/UTC]].
2022-10-03 12:55:26,060 [Listener at 127.0.0.1/42881] INFO  ozone.MiniOzoneClusterImpl (MiniOzoneClusterImpl.java:lambda$waitForClusterToBeReady$0(216)) - Waiting for nodes to be ready. Got 2 of 3 DN Heartbeats.
2022-10-03 12:55:26,061 [Listener at 127.0.0.1/42881] INFO  ozone.MiniOzoneClusterImpl (MiniOzoneClusterImpl.java:lambda$waitForClusterToBeReady$0(219)) - Waiting for cluster to exit safe mode
2022-10-03 12:55:26,061 [Listener at 127.0.0.1/42881] INFO  ozone.MiniOzoneClusterImpl (MiniOzoneClusterImpl.java:lambda$waitForClusterToBeReady$0(221)) - SCM became leader
2022-10-03 12:55:26,086 [IPC Server handler 0 on default port 37445] INFO  net.NetworkTopologyImpl (NetworkTopologyImpl.java:add(112)) - Added a new node: /default-rack/c6640430-6736-4c18-b373-1226daafac87
2022-10-03 12:55:26,086 [IPC Server handler 0 on default port 37445] INFO  node.SCMNodeManager (SCMNodeManager.java:register(397)) - Registered Data node : c6640430-6736-4c18-b373-1226daafac87{ip: 10.1.0.147, host: fv-az443-503.ap2fcshprsnunfx25e1aelzb4b.cx.internal.cloudapp.net, ports: [REPLICATION=43247, RATIS=46643, RATIS_ADMIN=46643, RATIS_SERVER=46643, STANDALONE=37869], networkLocation: /default-rack, certSerialId: null, persistedOpState: null, persistedOpStateExpiryEpochSec: 0}
2022-10-03 12:55:26,086 [EventQueue-NewNodeForNewNodeHandler] INFO  pipeline.BackgroundPipelineCreator (BackgroundPipelineCreator.java:notifyEventTriggered(276)) - trigger a one-shot run on RatisPipelineUtilsThread.
2022-10-03 12:55:26,087 [EventQueue-NodeRegistrationContainerReportForDataNodeSafeModeRule] INFO  safemode.SCMSafeModeManager (DataNodeSafeModeRule.java:process(71)) - SCM in safe mode. 3 DataNodes registered, 3 required.
2022-10-03 12:55:26,087 [EventQueue-NodeRegistrationContainerReportForDataNodeSafeModeRule] INFO  safemode.SCMSafeModeManager (SCMSafeModeManager.java:validateSafeModeExitRules(204)) - DataNodeSafeModeRule rule is successfully validated
2022-10-03 12:55:26,087 [EventQueue-NodeRegistrationContainerReportForDataNodeSafeModeRule] INFO  safemode.SCMSafeModeManager (SCMSafeModeManager.java:completePreCheck(233)) - All SCM safe mode pre check rules have passed
2022-10-03 12:55:26,087 [EventQueue-NodeRegistrationContainerReportForDataNodeSafeModeRule] WARN  events.EventQueue (EventQueue.java:fireEvent(216)) - No event handler registered for event TypedEvent{payloadType=SafeModeStatus, name='Safe mode status'}
2022-10-03 12:55:26,087 [EventQueue-NodeRegistrationContainerReportForDataNodeSafeModeRule] INFO  ha.SCMContext (SCMContext.java:updateSafeModeStatus(228)) - Update SafeModeStatus from SafeModeStatus{safeModeStatus=true, preCheckPassed=false} to SafeModeStatus{safeModeStatus=true, preCheckPassed=true}.
2022-10-03 12:55:26,087 [EventQueue-NodeRegistrationContainerReportForDataNodeSafeModeRule] INFO  pipeline.BackgroundPipelineCreator (BackgroundPipelineCreator.java:notifyEventTriggered(276)) - trigger a one-shot run on RatisPipelineUtilsThread.
2022-10-03 12:55:26,087 [RatisPipelineUtilsThread - 0] INFO  pipeline.RatisPipelineProvider (RatisPipelineProvider.java:lambda$create$0(195)) - Sending CreatePipelineCommand for pipeline:PipelineID=665fc2b6-d4ab-4827-b123-a0d42fa9b87a to datanode:c6640430-6736-4c18-b373-1226daafac87
2022-10-03 12:55:26,087 [RatisPipelineUtilsThread - 0] INFO  pipeline.PipelineStateManagerImpl (PipelineStateManagerImpl.java:addPipeline(103)) - Created pipeline Pipeline[ Id: 665fc2b6-d4ab-4827-b123-a0d42fa9b87a, Nodes: c6640430-6736-4c18-b373-1226daafac87{ip: 10.1.0.147, host: fv-az443-503.ap2fcshprsnunfx25e1aelzb4b.cx.internal.cloudapp.net, ports: [REPLICATION=43247, RATIS=46643, RATIS_ADMIN=46643, RATIS_SERVER=46643, STANDALONE=37869], networkLocation: /default-rack, certSerialId: null, persistedOpState: IN_SERVICE, persistedOpStateExpiryEpochSec: 0}, ReplicationConfig: RATIS/ONE, State:ALLOCATED, leaderId:, CreationTimestamp2022-10-03T12:55:26.087Z[Etc/UTC]].
2022-10-03 12:55:26,088 [RatisPipelineUtilsThread - 0] INFO  pipeline.RatisPipelineProvider (RatisPipelineProvider.java:lambda$create$0(195)) - Sending CreatePipelineCommand for pipeline:PipelineID=adf5fb66-eb63-4d73-accf-ab9f71bfd940 to datanode:a8f19c9c-b965-441c-b59b-0eb44c264cfd
2022-10-03 12:55:26,088 [RatisPipelineUtilsThread - 0] INFO  pipeline.RatisPipelineProvider (RatisPipelineProvider.java:lambda$create$0(195)) - Sending CreatePipelineCommand for pipeline:PipelineID=adf5fb66-eb63-4d73-accf-ab9f71bfd940 to datanode:24b78423-202f-4d58-a16c-bf0353a26f6d
2022-10-03 12:55:26,088 [RatisPipelineUtilsThread - 0] INFO  pipeline.RatisPipelineProvider (RatisPipelineProvider.java:lambda$create$0(195)) - Sending CreatePipelineCommand for pipeline:PipelineID=adf5fb66-eb63-4d73-accf-ab9f71bfd940 to datanode:c6640430-6736-4c18-b373-1226daafac87
2022-10-03 12:55:26,088 [RatisPipelineUtilsThread - 0] INFO  pipeline.PipelineStateManagerImpl (PipelineStateManagerImpl.java:addPipeline(103)) - Created pipeline Pipeline[ Id: adf5fb66-eb63-4d73-accf-ab9f71bfd940, Nodes: a8f19c9c-b965-441c-b59b-0eb44c264cfd{ip: 10.1.0.147, host: fv-az443-503.ap2fcshprsnunfx25e1aelzb4b.cx.internal.cloudapp.net, ports: [REPLICATION=41673, RATIS=36157, RATIS_ADMIN=36157, RATIS_SERVER=36157, STANDALONE=36525], networkLocation: /default-rack, certSerialId: null, persistedOpState: IN_SERVICE, persistedOpStateExpiryEpochSec: 0}24b78423-202f-4d58-a16c-bf0353a26f6d{ip: 10.1.0.147, host: fv-az443-503.ap2fcshprsnunfx25e1aelzb4b.cx.internal.cloudapp.net, ports: [REPLICATION=41079, RATIS=34309, RATIS_ADMIN=34309, RATIS_SERVER=34309, STANDALONE=37471], networkLocation: /default-rack, certSerialId: null, persistedOpState: IN_SERVICE, persistedOpStateExpiryEpochSec: 0}c6640430-6736-4c18-b373-1226daafac87{ip: 10.1.0.147, host: fv-az443-503.ap2fcshprsnunfx25e1aelzb4b.cx.internal.cloudapp.net, ports: [REPLICATION=43247, RATIS=46643, RATIS_ADMIN=46643, RATIS_SERVER=46643, STANDALONE=37869], networkLocation: /default-rack, certSerialId: null, persistedOpState: IN_SERVICE, persistedOpStateExpiryEpochSec: 0}, ReplicationConfig: RATIS/THREE, State:ALLOCATED, leaderId:, CreationTimestamp2022-10-03T12:55:26.088Z[Etc/UTC]].
2022-10-03 12:55:26,094 [RatisPipelineUtilsThread - 0] INFO  pipeline.RatisPipelineProvider (RatisPipelineProvider.java:lambda$create$0(195)) - Sending CreatePipelineCommand for pipeline:PipelineID=620f2965-f2e9-45b4-a295-e5049d8d6ce2 to datanode:a8f19c9c-b965-441c-b59b-0eb44c264cfd
2022-10-03 12:55:26,094 [RatisPipelineUtilsThread - 0] INFO  pipeline.RatisPipelineProvider (RatisPipelineProvider.java:lambda$create$0(195)) - Sending CreatePipelineCommand for pipeline:PipelineID=620f2965-f2e9-45b4-a295-e5049d8d6ce2 to datanode:24b78423-202f-4d58-a16c-bf0353a26f6d
2022-10-03 12:55:26,094 [RatisPipelineUtilsThread - 0] INFO  pipeline.RatisPipelineProvider (RatisPipelineProvider.java:lambda$create$0(195)) - Sending CreatePipelineCommand for pipeline:PipelineID=620f2965-f2e9-45b4-a295-e5049d8d6ce2 to datanode:c6640430-6736-4c18-b373-1226daafac87
2022-10-03 12:55:26,094 [RatisPipelineUtilsThread - 0] INFO  pipeline.PipelineStateManagerImpl (PipelineStateManagerImpl.java:addPipeline(103)) - Created pipeline Pipeline[ Id: 620f2965-f2e9-45b4-a295-e5049d8d6ce2, Nodes: a8f19c9c-b965-441c-b59b-0eb44c264cfd{ip: 10.1.0.147, host: fv-az443-503.ap2fcshprsnunfx25e1aelzb4b.cx.internal.cloudapp.net, ports: [REPLICATION=41673, RATIS=36157, RATIS_ADMIN=36157, RATIS_SERVER=36157, STANDALONE=36525], networkLocation: /default-rack, certSerialId: null, persistedOpState: IN_SERVICE, persistedOpStateExpiryEpochSec: 0}24b78423-202f-4d58-a16c-bf0353a26f6d{ip: 10.1.0.147, host: fv-az443-503.ap2fcshprsnunfx25e1aelzb4b.cx.internal.cloudapp.net, ports: [REPLICATION=41079, RATIS=34309, RATIS_ADMIN=34309, RATIS_SERVER=34309, STANDALONE=37471], networkLocation: /default-rack, certSerialId: null, persistedOpState: IN_SERVICE, persistedOpStateExpiryEpochSec: 0}c6640430-6736-4c18-b373-1226daafac87{ip: 10.1.0.147, host: fv-az443-503.ap2fcshprsnunfx25e1aelzb4b.cx.internal.cloudapp.net, ports: [REPLICATION=43247, RATIS=46643, RATIS_ADMIN=46643, RATIS_SERVER=46643, STANDALONE=37869], networkLocation: /default-rack, certSerialId: null, persistedOpState: IN_SERVICE, persistedOpStateExpiryEpochSec: 0}, ReplicationConfig: RATIS/THREE, State:ALLOCATED, leaderId:, CreationTimestamp2022-10-03T12:55:26.094Z[Etc/UTC]].
2022-10-03 12:55:26,095 [RatisPipelineUtilsThread - 0] INFO  pipeline.PipelineManagerImpl (PipelineManagerImpl.java:recordMetricsForPipeline(796)) - Pipeline: PipelineID=620f2965-f2e9-45b4-a295-e5049d8d6ce2 contains same datanodes as previous pipelines: PipelineID=adf5fb66-eb63-4d73-accf-ab9f71bfd940 nodeIds: a8f19c9c-b965-441c-b59b-0eb44c264cfd, 24b78423-202f-4d58-a16c-bf0353a26f6d, c6640430-6736-4c18-b373-1226daafac87
2022-10-03 12:55:27,061 [Listener at 127.0.0.1/42881] INFO  ozone.MiniOzoneClusterImpl (MiniOzoneClusterImpl.java:lambda$waitForClusterToBeReady$0(216)) - Nodes are ready. Got 3 of 3 DN Heartbeats.
2022-10-03 12:55:27,061 [Listener at 127.0.0.1/42881] INFO  ozone.MiniOzoneClusterImpl (MiniOzoneClusterImpl.java:lambda$waitForClusterToBeReady$0(219)) - Waiting for cluster to exit safe mode
2022-10-03 12:55:27,061 [Listener at 127.0.0.1/42881] INFO  ozone.MiniOzoneClusterImpl (MiniOzoneClusterImpl.java:lambda$waitForClusterToBeReady$0(221)) - SCM became leader
2022-10-03 12:55:27,109 [Command processor thread] INFO  server.RaftServer (RaftServerProxy.java:addNew(96)) - a8f19c9c-b965-441c-b59b-0eb44c264cfd: addNew group-BFE09AAA9304:[a8f19c9c-b965-441c-b59b-0eb44c264cfd|rpc:10.1.0.147:36157|priority:1] returns group-BFE09AAA9304:java.util.concurrent.CompletableFuture@131dce29[Not completed]
2022-10-03 12:55:27,115 [pool-364-thread-1] INFO  server.RaftServer$Division (RaftServerImpl.java:<init>(190)) - a8f19c9c-b965-441c-b59b-0eb44c264cfd: new RaftServerImpl for group-BFE09AAA9304:[a8f19c9c-b965-441c-b59b-0eb44c264cfd|rpc:10.1.0.147:36157|priority:1] with ContainerStateMachine:uninitialized
2022-10-03 12:55:27,115 [pool-364-thread-1] INFO  server.RaftServerConfigKeys (ConfUtils.java:logGet(46)) - raft.server.rpc.timeout.min = 5s (custom)
2022-10-03 12:55:27,115 [pool-364-thread-1] INFO  server.RaftServerConfigKeys (ConfUtils.java:logGet(46)) - raft.server.rpc.timeout.max = 5200ms (custom)
2022-10-03 12:55:27,115 [pool-364-thread-1] INFO  server.RaftServerConfigKeys (ConfUtils.java:logGet(46)) - raft.server.rpc.sleep.time = 25ms (default)
2022-10-03 12:55:27,115 [pool-364-thread-1] INFO  server.RaftServerConfigKeys (ConfUtils.java:logGet(46)) - raft.server.rpc.slowness.timeout = 300s (custom)
2022-10-03 12:55:27,115 [pool-364-thread-1] INFO  server.RaftServerConfigKeys (ConfUtils.java:logGet(46)) - raft.server.leaderelection.leader.step-down.wait-time = 10s (default)
2022-10-03 12:55:27,115 [pool-364-thread-1] INFO  server.RaftServerConfigKeys (ConfUtils.java:logGet(46)) - raft.server.sleep.deviation.threshold = 300ms (default)
2022-10-03 12:55:27,115 [pool-364-thread-1] INFO  server.RaftServer$Division (ServerState.java:<init>(107)) - a8f19c9c-b965-441c-b59b-0eb44c264cfd@group-BFE09AAA9304: ConfigurationManager, init=-1: [a8f19c9c-b965-441c-b59b-0eb44c264cfd|rpc:10.1.0.147:36157|priority:1], old=null, confs=<EMPTY_MAP>
2022-10-03 12:55:27,115 [pool-364-thread-1] INFO  server.RaftServerConfigKeys (ConfUtils.java:logGet(46)) - raft.server.storage.dir = [/home/runner/work/ozone/ozone/hadoop-ozone/integration-test/target/test-dir/MiniOzoneClusterImpl-d9654bc9-ecac-4fba-a00b-99e809f3940b/datanode-0/data/ratis] (custom)
2022-10-03 12:55:27,115 [pool-364-thread-1] INFO  server.RaftServerConfigKeys (ConfUtils.java:logGet(46)) - raft.server.log.corruption.policy = EXCEPTION (default)
2022-10-03 12:55:27,116 [pool-364-thread-1] INFO  server.RaftServerConfigKeys (ConfUtils.java:logGet(46)) - raft.server.storage.free-space.min = 0MB (=0) (default)
2022-10-03 12:55:27,116 [pool-364-thread-1] INFO  storage.RaftStorageDirectory (RaftStorageDirectoryImpl.java:analyzeStorage(135)) - The storage directory /home/runner/work/ozone/ozone/hadoop-ozone/integration-test/target/test-dir/MiniOzoneClusterImpl-d9654bc9-ecac-4fba-a00b-99e809f3940b/datanode-0/data/ratis/c52313a6-daa8-47c4-9b63-bfe09aaa9304 does not exist. Creating ...
2022-10-03 12:55:27,134 [pool-364-thread-1] INFO  storage.RaftStorageDirectory (RaftStorageDirectoryImpl.java:tryLock(230)) - Lock on /home/runner/work/ozone/ozone/hadoop-ozone/integration-test/target/test-dir/MiniOzoneClusterImpl-d9654bc9-ecac-4fba-a00b-99e809f3940b/datanode-0/data/ratis/c52313a6-daa8-47c4-9b63-bfe09aaa9304/in_use.lock acquired by nodename 2263@fv-az443-503
2022-10-03 12:55:27,135 [pool-364-thread-1] INFO  storage.RaftStorage (RaftStorageImpl.java:format(89)) - Storage directory /home/runner/work/ozone/ozone/hadoop-ozone/integration-test/target/test-dir/MiniOzoneClusterImpl-d9654bc9-ecac-4fba-a00b-99e809f3940b/datanode-0/data/ratis/c52313a6-daa8-47c4-9b63-bfe09aaa9304 has been successfully formatted.
2022-10-03 12:55:27,136 [pool-364-thread-1] INFO  ratis.ContainerStateMachine (ContainerStateMachine.java:loadSnapshot(236)) - group-BFE09AAA9304: The snapshot info is null. Setting the last applied indexto:(t:0, i:~)
2022-10-03 12:55:27,136 [pool-364-thread-1] INFO  server.RaftServerConfigKeys (ConfUtils.java:logGet(46)) - raft.server.notification.no-leader.timeout = 300s (custom)
2022-10-03 12:55:27,136 [pool-364-thread-1] INFO  server.RaftServerConfigKeys (ConfUtils.java:logGet(46)) - raft.server.log.use.memory = false (default)
2022-10-03 12:55:27,136 [pool-364-thread-1] INFO  server.RaftServerConfigKeys (ConfUtils.java:logGet(46)) - raft.server.log.purge.gap = 1000000 (custom)
2022-10-03 12:55:27,136 [pool-364-thread-1] INFO  server.RaftServerConfigKeys (ConfUtils.java:logGet(46)) - raft.server.log.appender.buffer.byte-limit = 33554432 (custom)
2022-10-03 12:55:27,136 [pool-364-thread-1] INFO  server.RaftServerConfigKeys (ConfUtils.java:logGet(46)) - raft.server.log.statemachine.data.read.timeout = 1000ms (default)
2022-10-03 12:55:27,136 [pool-364-thread-1] INFO  server.RaftServerConfigKeys (ConfUtils.java:logGet(46)) - raft.server.log.segment.size.max = 1048576 (custom)
2022-10-03 12:55:27,153 [pool-364-thread-1] INFO  server.RaftServerConfigKeys (ConfUtils.java:logGet(46)) - raft.server.log.segment.cache.num.max = 2 (custom)
2022-10-03 12:55:27,153 [pool-364-thread-1] INFO  server.RaftServerConfigKeys (ConfUtils.java:logGet(46)) - raft.server.log.segment.cache.size.max = 200MB (=209715200) (default)
2022-10-03 12:55:27,153 [pool-364-thread-1] INFO  segmented.SegmentedRaftLogWorker (SegmentedRaftLogWorker.java:<init>(187)) - new a8f19c9c-b965-441c-b59b-0eb44c264cfd@group-BFE09AAA9304-SegmentedRaftLogWorker for RaftStorageImpl:Storage Directory /home/runner/work/ozone/ozone/hadoop-ozone/integration-test/target/test-dir/MiniOzoneClusterImpl-d9654bc9-ecac-4fba-a00b-99e809f3940b/datanode-0/data/ratis/c52313a6-daa8-47c4-9b63-bfe09aaa9304
2022-10-03 12:55:27,153 [pool-364-thread-1] INFO  server.RaftServerConfigKeys (ConfUtils.java:logGet(46)) - raft.server.log.queue.byte-limit = 4294967296 (custom)
2022-10-03 12:55:27,153 [pool-364-thread-1] INFO  server.RaftServerConfigKeys (ConfUtils.java:logGet(46)) - raft.server.log.queue.element-limit = 1024 (custom)
2022-10-03 12:55:27,154 [pool-364-thread-1] INFO  server.RaftServerConfigKeys (ConfUtils.java:logGet(46)) - raft.server.log.segment.size.max = 1048576 (custom)
2022-10-03 12:55:27,154 [pool-364-thread-1] INFO  server.RaftServerConfigKeys (ConfUtils.java:logGet(46)) - raft.server.log.preallocated.size = 16384 (custom)
2022-10-03 12:55:27,154 [pool-364-thread-1] INFO  server.RaftServerConfigKeys (ConfUtils.java:logGet(46)) - raft.server.log.force.sync.num = 128 (default)
2022-10-03 12:55:27,154 [pool-364-thread-1] INFO  server.RaftServerConfigKeys (ConfUtils.java:logGet(46)) - raft.server.log.statemachine.data.sync = true (default)
2022-10-03 12:55:27,154 [pool-364-thread-1] INFO  server.RaftServerConfigKeys (ConfUtils.java:logGet(46)) - raft.server.log.statemachine.data.sync.timeout = 10s (default)
2022-10-03 12:55:27,154 [pool-364-thread-1] INFO  server.RaftServerConfigKeys (ConfUtils.java:logGet(46)) - raft.server.log.statemachine.data.sync.timeout.retry = -1 (default)
2022-10-03 12:55:27,155 [pool-364-thread-1] INFO  server.RaftServerConfigKeys (ConfUtils.java:logGet(46)) - raft.server.log.write.buffer.size = 1048576 (custom)
2022-10-03 12:55:27,155 [pool-364-thread-1] INFO  server.RaftServerConfigKeys (ConfUtils.java:logGet(46)) - raft.server.log.unsafe-flush.enabled = false (default)
2022-10-03 12:55:27,155 [pool-364-thread-1] INFO  server.RaftServerConfigKeys (ConfUtils.java:logGet(46)) - raft.server.log.statemachine.data.caching.enabled = true (custom)
2022-10-03 12:55:27,156 [pool-364-thread-1] INFO  segmented.SegmentedRaftLogWorker (SegmentedRaftLogWorker.java:lambda$new$0(135)) - a8f19c9c-b965-441c-b59b-0eb44c264cfd@group-BFE09AAA9304-SegmentedRaftLogWorker: flushIndex: setUnconditionally 0 -> -1
2022-10-03 12:55:27,156 [pool-364-thread-1] INFO  segmented.SegmentedRaftLogWorker (SegmentedRaftLogWorker.java:lambda$new$0(135)) - a8f19c9c-b965-441c-b59b-0eb44c264cfd@group-BFE09AAA9304-SegmentedRaftLogWorker: safeCacheEvictIndex: setUnconditionally 0 -> -1
2022-10-03 12:55:27,156 [EventQueue-PipelineReportForPipelineReportHandler] INFO  pipeline.PipelineManagerImpl (PipelineManagerImpl.java:openPipeline(367)) - Pipeline Pipeline[ Id: c52313a6-daa8-47c4-9b63-bfe09aaa9304, Nodes: a8f19c9c-b965-441c-b59b-0eb44c264cfd{ip: 10.1.0.147, host: fv-az443-503.ap2fcshprsnunfx25e1aelzb4b.cx.internal.cloudapp.net, ports: [REPLICATION=41673, RATIS=36157, RATIS_ADMIN=36157, RATIS_SERVER=36157, STANDALONE=36525], networkLocation: /default-rack, certSerialId: null, persistedOpState: IN_SERVICE, persistedOpStateExpiryEpochSec: 0}, ReplicationConfig: RATIS/ONE, State:ALLOCATED, leaderId:a8f19c9c-b965-441c-b59b-0eb44c264cfd, CreationTimestamp2022-10-03T12:55:24.142Z[Etc/UTC]] moved to OPEN state
2022-10-03 12:55:27,165 [pool-364-thread-1] INFO  server.RaftServerConfigKeys (ConfUtils.java:logGet(46)) - raft.server.snapshot.auto.trigger.enabled = true (custom)
2022-10-03 12:55:27,165 [pool-364-thread-1] INFO  server.RaftServerConfigKeys (ConfUtils.java:logGet(46)) - raft.server.snapshot.auto.trigger.threshold = 10000 (custom)
2022-10-03 12:55:27,165 [pool-364-thread-1] INFO  server.RaftServerConfigKeys (ConfUtils.java:logGet(46)) - raft.server.snapshot.retention.file.num = 5 (custom)
2022-10-03 12:55:27,165 [pool-364-thread-1] INFO  server.RaftServerConfigKeys (ConfUtils.java:logGet(46)) - raft.server.log.purge.upto.snapshot.index = false (default)
2022-10-03 12:55:27,165 [pool-364-thread-1] INFO  server.RaftServerConfigKeys (ConfUtils.java:logGet(46)) - raft.server.retrycache.expirytime = 600000ms (custom)
2022-10-03 12:55:27,165 [pool-364-thread-1] INFO  server.RaftServerConfigKeys (ConfUtils.java:logGet(46)) - raft.server.retrycache.statistics.expirytime = 100μs (default)
2022-10-03 12:55:27,166 [pool-364-thread-1] INFO  server.RaftServerConfigKeys (ConfUtils.java:logGet(46)) - raft.server.log.appender.install.snapshot.enabled = false (custom)
2022-10-03 12:55:27,166 [pool-364-thread-1] INFO  server.RaftServerConfigKeys (ConfUtils.java:logGet(46)) - raft.server.threadpool.server.cached = true (default)
2022-10-03 12:55:27,167 [pool-364-thread-1] INFO  server.RaftServerConfigKeys (ConfUtils.java:logGet(46)) - raft.server.threadpool.server.size = 0 (default)
2022-10-03 12:55:27,167 [pool-364-thread-1] INFO  server.RaftServerConfigKeys (ConfUtils.java:logGet(46)) - raft.server.threadpool.client.cached = true (default)
2022-10-03 12:55:27,167 [pool-364-thread-1] INFO  server.RaftServerConfigKeys (ConfUtils.java:logGet(46)) - raft.server.threadpool.client.size = 0 (default)
2022-10-03 12:55:27,167 [pool-364-thread-1] INFO  server.RaftServer$Division (RaftServerImpl.java:start(310)) - a8f19c9c-b965-441c-b59b-0eb44c264cfd@group-BFE09AAA9304: start as a follower, conf=-1: [a8f19c9c-b965-441c-b59b-0eb44c264cfd|rpc:10.1.0.147:36157|priority:1], old=null
2022-10-03 12:55:27,167 [pool-364-thread-1] INFO  server.RaftServer$Division (RaftServerImpl.java:setRole(299)) - a8f19c9c-b965-441c-b59b-0eb44c264cfd@group-BFE09AAA9304: changes role from      null to FOLLOWER at term 0 for startAsFollower
2022-10-03 12:55:27,167 [pool-364-thread-1] INFO  impl.RoleInfo (RoleInfo.java:updateAndGet(139)) - a8f19c9c-b965-441c-b59b-0eb44c264cfd: start a8f19c9c-b965-441c-b59b-0eb44c264cfd@group-BFE09AAA9304-FollowerState
2022-10-03 12:55:27,173 [pool-364-thread-1] INFO  util.JmxRegister (JmxRegister.java:tryRegister(44)) - Successfully registered JMX Bean with object name Ratis:service=RaftServer,group=group-BFE09AAA9304,id=a8f19c9c-b965-441c-b59b-0eb44c264cfd
2022-10-03 12:55:27,185 [Command processor thread] INFO  ratis.XceiverServerRatis (XceiverServerRatis.java:addGroup(765)) - Created group PipelineID=c52313a6-daa8-47c4-9b63-bfe09aaa9304
2022-10-03 12:55:27,201 [Command processor thread] INFO  commandhandler.CreatePipelineCommandHandler (CreatePipelineCommandHandler.java:handle(113)) - Created Pipeline RATIS ONE PipelineID=c52313a6-daa8-47c4-9b63-bfe09aaa9304.
2022-10-03 12:55:27,201 [Command processor thread] INFO  server.RaftServer (RaftServerProxy.java:addNew(96)) - a8f19c9c-b965-441c-b59b-0eb44c264cfd: addNew group-AB9F71BFD940:[24b78423-202f-4d58-a16c-bf0353a26f6d|rpc:10.1.0.147:34309|priority:0, a8f19c9c-b965-441c-b59b-0eb44c264cfd|rpc:10.1.0.147:36157|priority:1, c6640430-6736-4c18-b373-1226daafac87|rpc:10.1.0.147:46643|priority:0] returns group-AB9F71BFD940:java.util.concurrent.CompletableFuture@17224892[Not completed]
2022-10-03 12:55:27,202 [pool-364-thread-1] INFO  server.RaftServer$Division (RaftServerImpl.java:<init>(190)) - a8f19c9c-b965-441c-b59b-0eb44c264cfd: new RaftServerImpl for group-AB9F71BFD940:[24b78423-202f-4d58-a16c-bf0353a26f6d|rpc:10.1.0.147:34309|priority:0, a8f19c9c-b965-441c-b59b-0eb44c264cfd|rpc:10.1.0.147:36157|priority:1, c6640430-6736-4c18-b373-1226daafac87|rpc:10.1.0.147:46643|priority:0] with ContainerStateMachine:uninitialized
2022-10-03 12:55:27,202 [pool-364-thread-1] INFO  server.RaftServerConfigKeys (ConfUtils.java:logGet(46)) - raft.server.rpc.timeout.min = 5s (custom)
2022-10-03 12:55:27,202 [pool-364-thread-1] INFO  server.RaftServerConfigKeys (ConfUtils.java:logGet(46)) - raft.server.rpc.timeout.max = 5200ms (custom)
2022-10-03 12:55:27,202 [pool-364-thread-1] INFO  server.RaftServerConfigKeys (ConfUtils.java:logGet(46)) - raft.server.rpc.sleep.time = 25ms (default)
2022-10-03 12:55:27,202 [pool-364-thread-1] INFO  server.RaftServerConfigKeys (ConfUtils.java:logGet(46)) - raft.server.rpc.slowness.timeout = 300s (custom)
2022-10-03 12:55:27,203 [pool-364-thread-1] INFO  server.RaftServerConfigKeys (ConfUtils.java:logGet(46)) - raft.server.leaderelection.leader.step-down.wait-time = 10s (default)
2022-10-03 12:55:27,203 [pool-364-thread-1] INFO  server.RaftServerConfigKeys (ConfUtils.java:logGet(46)) - raft.server.sleep.deviation.threshold = 300ms (default)
2022-10-03 12:55:27,203 [pool-364-thread-1] INFO  server.RaftServer$Division (ServerState.java:<init>(107)) - a8f19c9c-b965-441c-b59b-0eb44c264cfd@group-AB9F71BFD940: ConfigurationManager, init=-1: [24b78423-202f-4d58-a16c-bf0353a26f6d|rpc:10.1.0.147:34309|priority:0, a8f19c9c-b965-441c-b59b-0eb44c264cfd|rpc:10.1.0.147:36157|priority:1, c6640430-6736-4c18-b373-1226daafac87|rpc:10.1.0.147:46643|priority:0], old=null, confs=<EMPTY_MAP>
2022-10-03 12:55:27,203 [pool-364-thread-1] INFO  server.RaftServerConfigKeys (ConfUtils.java:logGet(46)) - raft.server.storage.dir = [/home/runner/work/ozone/ozone/hadoop-ozone/integration-test/target/test-dir/MiniOzoneClusterImpl-d9654bc9-ecac-4fba-a00b-99e809f3940b/datanode-0/data/ratis] (custom)
2022-10-03 12:55:27,203 [pool-364-thread-1] INFO  server.RaftServerConfigKeys (ConfUtils.java:logGet(46)) - raft.server.log.corruption.policy = EXCEPTION (default)
2022-10-03 12:55:27,203 [pool-364-thread-1] INFO  server.RaftServerConfigKeys (ConfUtils.java:logGet(46)) - raft.server.storage.free-space.min = 0MB (=0) (default)
2022-10-03 12:55:27,203 [pool-364-thread-1] INFO  storage.RaftStorageDirectory (RaftStorageDirectoryImpl.java:analyzeStorage(135)) - The storage directory /home/runner/work/ozone/ozone/hadoop-ozone/integration-test/target/test-dir/MiniOzoneClusterImpl-d9654bc9-ecac-4fba-a00b-99e809f3940b/datanode-0/data/ratis/adf5fb66-eb63-4d73-accf-ab9f71bfd940 does not exist. Creating ...
2022-10-03 12:55:27,204 [pool-364-thread-1] INFO  storage.RaftStorageDirectory (RaftStorageDirectoryImpl.java:tryLock(230)) - Lock on /home/runner/work/ozone/ozone/hadoop-ozone/integration-test/target/test-dir/MiniOzoneClusterImpl-d9654bc9-ecac-4fba-a00b-99e809f3940b/datanode-0/data/ratis/adf5fb66-eb63-4d73-accf-ab9f71bfd940/in_use.lock acquired by nodename 2263@fv-az443-503
2022-10-03 12:55:27,205 [EventQueue-OpenPipelineForHealthyPipelineSafeModeRule] INFO  safemode.SCMSafeModeManager (HealthyPipelineSafeModeRule.java:process(137)) - SCM in safe mode. Healthy pipelines reported count is 0, required healthy pipeline reported count is 1
2022-10-03 12:55:27,205 [pool-364-thread-1] INFO  storage.RaftStorage (RaftStorageImpl.java:format(89)) - Storage directory /home/runner/work/ozone/ozone/hadoop-ozone/integration-test/target/test-dir/MiniOzoneClusterImpl-d9654bc9-ecac-4fba-a00b-99e809f3940b/datanode-0/data/ratis/adf5fb66-eb63-4d73-accf-ab9f71bfd940 has been successfully formatted.
2022-10-03 12:55:27,210 [EventQueue-OpenPipelineForHealthyPipelineSafeModeRule] INFO  safemode.SCMSafeModeManager (HealthyPipelineSafeModeRule.java:process(137)) - SCM in safe mode. Healthy pipelines reported count is 0, required healthy pipeline reported count is 1
2022-10-03 12:55:27,210 [pool-364-thread-1] INFO  ratis.ContainerStateMachine (ContainerStateMachine.java:loadSnapshot(236)) - group-AB9F71BFD940: The snapshot info is null. Setting the last applied indexto:(t:0, i:~)
2022-10-03 12:55:27,210 [pool-364-thread-1] INFO  server.RaftServerConfigKeys (ConfUtils.java:logGet(46)) - raft.server.notification.no-leader.timeout = 300s (custom)
2022-10-03 12:55:27,210 [pool-364-thread-1] INFO  server.RaftServerConfigKeys (ConfUtils.java:logGet(46)) - raft.server.log.use.memory = false (default)
2022-10-03 12:55:27,210 [pool-364-thread-1] INFO  server.RaftServerConfigKeys (ConfUtils.java:logGet(46)) - raft.server.log.purge.gap = 1000000 (custom)
2022-10-03 12:55:27,210 [pool-364-thread-1] INFO  server.RaftServerConfigKeys (ConfUtils.java:logGet(46)) - raft.server.log.appender.buffer.byte-limit = 33554432 (custom)
2022-10-03 12:55:27,210 [pool-364-thread-1] INFO  server.RaftServerConfigKeys (ConfUtils.java:logGet(46)) - raft.server.log.statemachine.data.read.timeout = 1000ms (default)
2022-10-03 12:55:27,210 [pool-364-thread-1] INFO  server.RaftServerConfigKeys (ConfUtils.java:logGet(46)) - raft.server.log.segment.size.max = 1048576 (custom)
2022-10-03 12:55:27,211 [pool-364-thread-1] INFO  server.RaftServerConfigKeys (ConfUtils.java:logGet(46)) - raft.server.log.segment.cache.num.max = 2 (custom)
2022-10-03 12:55:27,211 [pool-364-thread-1] INFO  server.RaftServerConfigKeys (ConfUtils.java:logGet(46)) - raft.server.log.segment.cache.size.max = 200MB (=209715200) (default)
2022-10-03 12:55:27,211 [pool-364-thread-1] INFO  segmented.SegmentedRaftLogWorker (SegmentedRaftLogWorker.java:<init>(187)) - new a8f19c9c-b965-441c-b59b-0eb44c264cfd@group-AB9F71BFD940-SegmentedRaftLogWorker for RaftStorageImpl:Storage Directory /home/runner/work/ozone/ozone/hadoop-ozone/integration-test/target/test-dir/MiniOzoneClusterImpl-d9654bc9-ecac-4fba-a00b-99e809f3940b/datanode-0/data/ratis/adf5fb66-eb63-4d73-accf-ab9f71bfd940
2022-10-03 12:55:27,211 [pool-364-thread-1] INFO  server.RaftServerConfigKeys (ConfUtils.java:logGet(46)) - raft.server.log.queue.byte-limit = 4294967296 (custom)
2022-10-03 12:55:27,211 [pool-364-thread-1] INFO  server.RaftServerConfigKeys (ConfUtils.java:logGet(46)) - raft.server.log.queue.element-limit = 1024 (custom)
2022-10-03 12:55:27,211 [pool-364-thread-1] INFO  server.RaftServerConfigKeys (ConfUtils.java:logGet(46)) - raft.server.log.segment.size.max = 1048576 (custom)
2022-10-03 12:55:27,211 [pool-364-thread-1] INFO  server.RaftServerConfigKeys (ConfUtils.java:logGet(46)) - raft.server.log.preallocated.size = 16384 (custom)
2022-10-03 12:55:27,211 [pool-364-thread-1] INFO  server.RaftServerConfigKeys (ConfUtils.java:logGet(46)) - raft.server.log.force.sync.num = 128 (default)
2022-10-03 12:55:27,211 [pool-364-thread-1] INFO  server.RaftServerConfigKeys (ConfUtils.java:logGet(46)) - raft.server.log.statemachine.data.sync = true (default)
2022-10-03 12:55:27,211 [pool-364-thread-1] INFO  server.RaftServerConfigKeys (ConfUtils.java:logGet(46)) - raft.server.log.statemachine.data.sync.timeout = 10s (default)
2022-10-03 12:55:27,211 [pool-364-thread-1] INFO  server.RaftServerConfigKeys (ConfUtils.java:logGet(46)) - raft.server.log.statemachine.data.sync.timeout.retry = -1 (default)
2022-10-03 12:55:27,212 [pool-364-thread-1] INFO  server.RaftServerConfigKeys (ConfUtils.java:logGet(46)) - raft.server.log.write.buffer.size = 1048576 (custom)
2022-10-03 12:55:27,212 [pool-364-thread-1] INFO  server.RaftServerConfigKeys (ConfUtils.java:logGet(46)) - raft.server.log.unsafe-flush.enabled = false (default)
2022-10-03 12:55:27,213 [pool-364-thread-1] INFO  server.RaftServerConfigKeys (ConfUtils.java:logGet(46)) - raft.server.log.statemachine.data.caching.enabled = true (custom)
2022-10-03 12:55:27,213 [pool-364-thread-1] INFO  segmented.SegmentedRaftLogWorker (SegmentedRaftLogWorker.java:lambda$new$0(135)) - a8f19c9c-b965-441c-b59b-0eb44c264cfd@group-AB9F71BFD940-SegmentedRaftLogWorker: flushIndex: setUnconditionally 0 -> -1
2022-10-03 12:55:27,213 [pool-364-thread-1] INFO  segmented.SegmentedRaftLogWorker (SegmentedRaftLogWorker.java:lambda$new$0(135)) - a8f19c9c-b965-441c-b59b-0eb44c264cfd@group-AB9F71BFD940-SegmentedRaftLogWorker: safeCacheEvictIndex: setUnconditionally 0 -> -1
2022-10-03 12:55:27,217 [pool-364-thread-1] INFO  server.RaftServerConfigKeys (ConfUtils.java:logGet(46)) - raft.server.snapshot.auto.trigger.enabled = true (custom)
2022-10-03 12:55:27,217 [pool-364-thread-1] INFO  server.RaftServerConfigKeys (ConfUtils.java:logGet(46)) - raft.server.snapshot.auto.trigger.threshold = 10000 (custom)
2022-10-03 12:55:27,217 [pool-364-thread-1] INFO  server.RaftServerConfigKeys (ConfUtils.java:logGet(46)) - raft.server.snapshot.retention.file.num = 5 (custom)
2022-10-03 12:55:27,217 [pool-364-thread-1] INFO  server.RaftServerConfigKeys (ConfUtils.java:logGet(46)) - raft.server.log.purge.upto.snapshot.index = false (default)
2022-10-03 12:55:27,217 [pool-364-thread-1] INFO  server.RaftServerConfigKeys (ConfUtils.java:logGet(46)) - raft.server.retrycache.expirytime = 600000ms (custom)
2022-10-03 12:55:27,217 [pool-364-thread-1] INFO  server.RaftServerConfigKeys (ConfUtils.java:logGet(46)) - raft.server.retrycache.statistics.expirytime = 100μs (default)
2022-10-03 12:55:27,218 [pool-364-thread-1] INFO  server.RaftServerConfigKeys (ConfUtils.java:logGet(46)) - raft.server.log.appender.install.snapshot.enabled = false (custom)
2022-10-03 12:55:27,218 [pool-364-thread-1] INFO  server.RaftServerConfigKeys (ConfUtils.java:logGet(46)) - raft.server.threadpool.server.cached = true (default)
2022-10-03 12:55:27,218 [pool-364-thread-1] INFO  server.RaftServerConfigKeys (ConfUtils.java:logGet(46)) - raft.server.threadpool.server.size = 0 (default)
2022-10-03 12:55:27,218 [pool-364-thread-1] INFO  server.RaftServerConfigKeys (ConfUtils.java:logGet(46)) - raft.server.threadpool.client.cached = true (default)
2022-10-03 12:55:27,218 [pool-364-thread-1] INFO  server.RaftServerConfigKeys (ConfUtils.java:logGet(46)) - raft.server.threadpool.client.size = 0 (default)
2022-10-03 12:55:27,219 [pool-364-thread-1] INFO  server.RaftServer$Division (RaftServerImpl.java:start(310)) - a8f19c9c-b965-441c-b59b-0eb44c264cfd@group-AB9F71BFD940: start as a follower, conf=-1: [24b78423-202f-4d58-a16c-bf0353a26f6d|rpc:10.1.0.147:34309|priority:0, a8f19c9c-b965-441c-b59b-0eb44c264cfd|rpc:10.1.0.147:36157|priority:1, c6640430-6736-4c18-b373-1226daafac87|rpc:10.1.0.147:46643|priority:0], old=null
2022-10-03 12:55:27,219 [pool-364-thread-1] INFO  server.RaftServer$Division (RaftServerImpl.java:setRole(299)) - a8f19c9c-b965-441c-b59b-0eb44c264cfd@group-AB9F71BFD940: changes role from      null to FOLLOWER at term 0 for startAsFollower
2022-10-03 12:55:27,219 [pool-364-thread-1] INFO  impl.RoleInfo (RoleInfo.java:updateAndGet(139)) - a8f19c9c-b965-441c-b59b-0eb44c264cfd: start a8f19c9c-b965-441c-b59b-0eb44c264cfd@group-AB9F71BFD940-FollowerState
2022-10-03 12:55:27,233 [pool-364-thread-1] INFO  util.JmxRegister (JmxRegister.java:tryRegister(44)) - Successfully registered JMX Bean with object name Ratis:service=RaftServer,group=group-AB9F71BFD940,id=a8f19c9c-b965-441c-b59b-0eb44c264cfd
2022-10-03 12:55:27,237 [Command processor thread] INFO  ratis.XceiverServerRatis (XceiverServerRatis.java:addGroup(765)) - Created group PipelineID=adf5fb66-eb63-4d73-accf-ab9f71bfd940
2022-10-03 12:55:27,317 [grpc-default-executor-0] INFO  server.RaftServer (RaftServerProxy.java:addNew(96)) - 24b78423-202f-4d58-a16c-bf0353a26f6d: addNew group-AB9F71BFD940:[24b78423-202f-4d58-a16c-bf0353a26f6d|rpc:10.1.0.147:34309|dataStream:|priority:0, a8f19c9c-b965-441c-b59b-0eb44c264cfd|rpc:10.1.0.147:36157|dataStream:|priority:1, c6640430-6736-4c18-b373-1226daafac87|rpc:10.1.0.147:46643|dataStream:|priority:0] returns group-AB9F71BFD940:java.util.concurrent.CompletableFuture@7ec96dc9[Not completed]
2022-10-03 12:55:27,318 [pool-387-thread-1] INFO  server.RaftServer$Division (RaftServerImpl.java:<init>(190)) - 24b78423-202f-4d58-a16c-bf0353a26f6d: new RaftServerImpl for group-AB9F71BFD940:[24b78423-202f-4d58-a16c-bf0353a26f6d|rpc:10.1.0.147:34309|dataStream:|priority:0, a8f19c9c-b965-441c-b59b-0eb44c264cfd|rpc:10.1.0.147:36157|dataStream:|priority:1, c6640430-6736-4c18-b373-1226daafac87|rpc:10.1.0.147:46643|dataStream:|priority:0] with ContainerStateMachine:uninitialized
2022-10-03 12:55:27,318 [pool-387-thread-1] INFO  server.RaftServerConfigKeys (ConfUtils.java:logGet(46)) - raft.server.rpc.timeout.min = 5s (custom)
2022-10-03 12:55:27,318 [pool-387-thread-1] INFO  server.RaftServerConfigKeys (ConfUtils.java:logGet(46)) - raft.server.rpc.timeout.max = 5200ms (custom)
2022-10-03 12:55:27,318 [pool-387-thread-1] INFO  server.RaftServerConfigKeys (ConfUtils.java:logGet(46)) - raft.server.rpc.sleep.time = 25ms (default)
2022-10-03 12:55:27,318 [pool-387-thread-1] INFO  server.RaftServerConfigKeys (ConfUtils.java:logGet(46)) - raft.server.rpc.slowness.timeout = 300s (custom)
2022-10-03 12:55:27,318 [pool-387-thread-1] INFO  server.RaftServerConfigKeys (ConfUtils.java:logGet(46)) - raft.server.leaderelection.leader.step-down.wait-time = 10s (default)
2022-10-03 12:55:27,318 [pool-387-thread-1] INFO  server.RaftServerConfigKeys (ConfUtils.java:logGet(46)) - raft.server.sleep.deviation.threshold = 300ms (default)
2022-10-03 12:55:27,318 [pool-387-thread-1] INFO  server.RaftServer$Division (ServerState.java:<init>(107)) - 24b78423-202f-4d58-a16c-bf0353a26f6d@group-AB9F71BFD940: ConfigurationManager, init=-1: [24b78423-202f-4d58-a16c-bf0353a26f6d|rpc:10.1.0.147:34309|dataStream:|priority:0, a8f19c9c-b965-441c-b59b-0eb44c264cfd|rpc:10.1.0.147:36157|dataStream:|priority:1, c6640430-6736-4c18-b373-1226daafac87|rpc:10.1.0.147:46643|dataStream:|priority:0], old=null, confs=<EMPTY_MAP>
2022-10-03 12:55:27,318 [pool-387-thread-1] INFO  server.RaftServerConfigKeys (ConfUtils.java:logGet(46)) - raft.server.storage.dir = [/home/runner/work/ozone/ozone/hadoop-ozone/integration-test/target/test-dir/MiniOzoneClusterImpl-d9654bc9-ecac-4fba-a00b-99e809f3940b/datanode-1/data/ratis] (custom)
2022-10-03 12:55:27,319 [pool-387-thread-1] INFO  server.RaftServerConfigKeys (ConfUtils.java:logGet(46)) - raft.server.log.corruption.policy = EXCEPTION (default)
2022-10-03 12:55:27,319 [pool-387-thread-1] INFO  server.RaftServerConfigKeys (ConfUtils.java:logGet(46)) - raft.server.storage.free-space.min = 0MB (=0) (default)
2022-10-03 12:55:27,319 [pool-387-thread-1] INFO  storage.RaftStorageDirectory (RaftStorageDirectoryImpl.java:analyzeStorage(135)) - The storage directory /home/runner/work/ozone/ozone/hadoop-ozone/integration-test/target/test-dir/MiniOzoneClusterImpl-d9654bc9-ecac-4fba-a00b-99e809f3940b/datanode-1/data/ratis/adf5fb66-eb63-4d73-accf-ab9f71bfd940 does not exist. Creating ...
2022-10-03 12:55:27,320 [pool-387-thread-1] INFO  storage.RaftStorageDirectory (RaftStorageDirectoryImpl.java:tryLock(230)) - Lock on /home/runner/work/ozone/ozone/hadoop-ozone/integration-test/target/test-dir/MiniOzoneClusterImpl-d9654bc9-ecac-4fba-a00b-99e809f3940b/datanode-1/data/ratis/adf5fb66-eb63-4d73-accf-ab9f71bfd940/in_use.lock acquired by nodename 2263@fv-az443-503
2022-10-03 12:55:27,321 [pool-387-thread-1] INFO  storage.RaftStorage (RaftStorageImpl.java:format(89)) - Storage directory /home/runner/work/ozone/ozone/hadoop-ozone/integration-test/target/test-dir/MiniOzoneClusterImpl-d9654bc9-ecac-4fba-a00b-99e809f3940b/datanode-1/data/ratis/adf5fb66-eb63-4d73-accf-ab9f71bfd940 has been successfully formatted.
2022-10-03 12:55:27,340 [pool-387-thread-1] INFO  ratis.ContainerStateMachine (ContainerStateMachine.java:loadSnapshot(236)) - group-AB9F71BFD940: The snapshot info is null. Setting the last applied indexto:(t:0, i:~)
2022-10-03 12:55:27,341 [pool-387-thread-1] INFO  server.RaftServerConfigKeys (ConfUtils.java:logGet(46)) - raft.server.notification.no-leader.timeout = 300s (custom)
2022-10-03 12:55:27,341 [pool-387-thread-1] INFO  server.RaftServerConfigKeys (ConfUtils.java:logGet(46)) - raft.server.log.use.memory = false (default)
2022-10-03 12:55:27,341 [pool-387-thread-1] INFO  server.RaftServerConfigKeys (ConfUtils.java:logGet(46)) - raft.server.log.purge.gap = 1000000 (custom)
2022-10-03 12:55:27,341 [pool-387-thread-1] INFO  server.RaftServerConfigKeys (ConfUtils.java:logGet(46)) - raft.server.log.appender.buffer.byte-limit = 33554432 (custom)
2022-10-03 12:55:27,341 [pool-387-thread-1] INFO  server.RaftServerConfigKeys (ConfUtils.java:logGet(46)) - raft.server.log.statemachine.data.read.timeout = 1000ms (default)
2022-10-03 12:55:27,341 [pool-387-thread-1] INFO  server.RaftServerConfigKeys (ConfUtils.java:logGet(46)) - raft.server.log.segment.size.max = 1048576 (custom)
2022-10-03 12:55:27,342 [pool-387-thread-1] INFO  server.RaftServerConfigKeys (ConfUtils.java:logGet(46)) - raft.server.log.segment.cache.num.max = 2 (custom)
2022-10-03 12:55:27,343 [pool-387-thread-1] INFO  server.RaftServerConfigKeys (ConfUtils.java:logGet(46)) - raft.server.log.segment.cache.size.max = 200MB (=209715200) (default)
2022-10-03 12:55:27,343 [pool-387-thread-1] INFO  segmented.SegmentedRaftLogWorker (SegmentedRaftLogWorker.java:<init>(187)) - new 24b78423-202f-4d58-a16c-bf0353a26f6d@group-AB9F71BFD940-SegmentedRaftLogWorker for RaftStorageImpl:Storage Directory /home/runner/work/ozone/ozone/hadoop-ozone/integration-test/target/test-dir/MiniOzoneClusterImpl-d9654bc9-ecac-4fba-a00b-99e809f3940b/datanode-1/data/ratis/adf5fb66-eb63-4d73-accf-ab9f71bfd940
2022-10-03 12:55:27,343 [pool-387-thread-1] INFO  server.RaftServerConfigKeys (ConfUtils.java:logGet(46)) - raft.server.log.queue.byte-limit = 4294967296 (custom)
2022-10-03 12:55:27,343 [pool-387-thread-1] INFO  server.RaftServerConfigKeys (ConfUtils.java:logGet(46)) - raft.server.log.queue.element-limit = 1024 (custom)
2022-10-03 12:55:27,343 [pool-387-thread-1] INFO  server.RaftServerConfigKeys (ConfUtils.java:logGet(46)) - raft.server.log.segment.size.max = 1048576 (custom)
2022-10-03 12:55:27,343 [pool-387-thread-1] INFO  server.RaftServerConfigKeys (ConfUtils.java:logGet(46)) - raft.server.log.preallocated.size = 16384 (custom)
2022-10-03 12:55:27,343 [pool-387-thread-1] INFO  server.RaftServerConfigKeys (ConfUtils.java:logGet(46)) - raft.server.log.force.sync.num = 128 (default)
2022-10-03 12:55:27,343 [pool-387-thread-1] INFO  server.RaftServerConfigKeys (ConfUtils.java:logGet(46)) - raft.server.log.statemachine.data.sync = true (default)
2022-10-03 12:55:27,343 [pool-387-thread-1] INFO  server.RaftServerConfigKeys (ConfUtils.java:logGet(46)) - raft.server.log.statemachine.data.sync.timeout = 10s (default)
2022-10-03 12:55:27,343 [pool-387-thread-1] INFO  server.RaftServerConfigKeys (ConfUtils.java:logGet(46)) - raft.server.log.statemachine.data.sync.timeout.retry = -1 (default)
2022-10-03 12:55:27,351 [pool-387-thread-1] INFO  server.RaftServerConfigKeys (ConfUtils.java:logGet(46)) - raft.server.log.write.buffer.size = 1048576 (custom)
2022-10-03 12:55:27,352 [pool-387-thread-1] INFO  server.RaftServerConfigKeys (ConfUtils.java:logGet(46)) - raft.server.log.unsafe-flush.enabled = false (default)
2022-10-03 12:55:27,352 [pool-387-thread-1] INFO  server.RaftServerConfigKeys (ConfUtils.java:logGet(46)) - raft.server.log.statemachine.data.caching.enabled = true (custom)
2022-10-03 12:55:27,352 [pool-387-thread-1] INFO  segmented.SegmentedRaftLogWorker (SegmentedRaftLogWorker.java:lambda$new$0(135)) - 24b78423-202f-4d58-a16c-bf0353a26f6d@group-AB9F71BFD940-SegmentedRaftLogWorker: flushIndex: setUnconditionally 0 -> -1
2022-10-03 12:55:27,352 [pool-387-thread-1] INFO  segmented.SegmentedRaftLogWorker (SegmentedRaftLogWorker.java:lambda$new$0(135)) - 24b78423-202f-4d58-a16c-bf0353a26f6d@group-AB9F71BFD940-SegmentedRaftLogWorker: safeCacheEvictIndex: setUnconditionally 0 -> -1
2022-10-03 12:55:27,357 [pool-387-thread-1] INFO  server.RaftServerConfigKeys (ConfUtils.java:logGet(46)) - raft.server.snapshot.auto.trigger.enabled = true (custom)
2022-10-03 12:55:27,357 [pool-387-thread-1] INFO  server.RaftServerConfigKeys (ConfUtils.java:logGet(46)) - raft.server.snapshot.auto.trigger.threshold = 10000 (custom)
2022-10-03 12:55:27,357 [pool-387-thread-1] INFO  server.RaftServerConfigKeys (ConfUtils.java:logGet(46)) - raft.server.snapshot.retention.file.num = 5 (custom)
2022-10-03 12:55:27,357 [pool-387-thread-1] INFO  server.RaftServerConfigKeys (ConfUtils.java:logGet(46)) - raft.server.log.purge.upto.snapshot.index = false (default)
2022-10-03 12:55:27,357 [pool-387-thread-1] INFO  server.RaftServerConfigKeys (ConfUtils.java:logGet(46)) - raft.server.retrycache.expirytime = 600000ms (custom)
2022-10-03 12:55:27,357 [pool-387-thread-1] INFO  server.RaftServerConfigKeys (ConfUtils.java:logGet(46)) - raft.server.retrycache.statistics.expirytime = 100μs (default)
2022-10-03 12:55:27,358 [pool-387-thread-1] INFO  server.RaftServerConfigKeys (ConfUtils.java:logGet(46)) - raft.server.log.appender.install.snapshot.enabled = false (custom)
2022-10-03 12:55:27,358 [pool-387-thread-1] INFO  server.RaftServerConfigKeys (ConfUtils.java:logGet(46)) - raft.server.threadpool.server.cached = true (default)
2022-10-03 12:55:27,358 [pool-387-thread-1] INFO  server.RaftServerConfigKeys (ConfUtils.java:logGet(46)) - raft.server.threadpool.server.size = 0 (default)
2022-10-03 12:55:27,358 [pool-387-thread-1] INFO  server.RaftServerConfigKeys (ConfUtils.java:logGet(46)) - raft.server.threadpool.client.cached = true (default)
2022-10-03 12:55:27,358 [pool-387-thread-1] INFO  server.RaftServerConfigKeys (ConfUtils.java:logGet(46)) - raft.server.threadpool.client.size = 0 (default)
2022-10-03 12:55:27,359 [pool-387-thread-1] INFO  server.RaftServer$Division (RaftServerImpl.java:start(310)) - 24b78423-202f-4d58-a16c-bf0353a26f6d@group-AB9F71BFD940: start as a follower, conf=-1: [24b78423-202f-4d58-a16c-bf0353a26f6d|rpc:10.1.0.147:34309|dataStream:|priority:0, a8f19c9c-b965-441c-b59b-0eb44c264cfd|rpc:10.1.0.147:36157|dataStream:|priority:1, c6640430-6736-4c18-b373-1226daafac87|rpc:10.1.0.147:46643|dataStream:|priority:0], old=null
2022-10-03 12:55:27,359 [pool-387-thread-1] INFO  server.RaftServer$Division (RaftServerImpl.java:setRole(299)) - 24b78423-202f-4d58-a16c-bf0353a26f6d@group-AB9F71BFD940: changes role from      null to FOLLOWER at term 0 for startAsFollower
2022-10-03 12:55:27,359 [pool-387-thread-1] INFO  impl.RoleInfo (RoleInfo.java:updateAndGet(139)) - 24b78423-202f-4d58-a16c-bf0353a26f6d: start 24b78423-202f-4d58-a16c-bf0353a26f6d@group-AB9F71BFD940-FollowerState
2022-10-03 12:55:27,360 [pool-387-thread-1] INFO  util.JmxRegister (JmxRegister.java:tryRegister(44)) - Successfully registered JMX Bean with object name Ratis:service=RaftServer,group=group-AB9F71BFD940,id=24b78423-202f-4d58-a16c-bf0353a26f6d
2022-10-03 12:55:27,422 [grpc-default-executor-0] INFO  server.RaftServer (RaftServerProxy.java:addNew(96)) - c6640430-6736-4c18-b373-1226daafac87: addNew group-AB9F71BFD940:[24b78423-202f-4d58-a16c-bf0353a26f6d|rpc:10.1.0.147:34309|dataStream:|priority:0, a8f19c9c-b965-441c-b59b-0eb44c264cfd|rpc:10.1.0.147:36157|dataStream:|priority:1, c6640430-6736-4c18-b373-1226daafac87|rpc:10.1.0.147:46643|dataStream:|priority:0] returns group-AB9F71BFD940:java.util.concurrent.CompletableFuture@7f863252[Not completed]
2022-10-03 12:55:27,423 [pool-410-thread-1] INFO  server.RaftServer$Division (RaftServerImpl.java:<init>(190)) - c6640430-6736-4c18-b373-1226daafac87: new RaftServerImpl for group-AB9F71BFD940:[24b78423-202f-4d58-a16c-bf0353a26f6d|rpc:10.1.0.147:34309|dataStream:|priority:0, a8f19c9c-b965-441c-b59b-0eb44c264cfd|rpc:10.1.0.147:36157|dataStream:|priority:1, c6640430-6736-4c18-b373-1226daafac87|rpc:10.1.0.147:46643|dataStream:|priority:0] with ContainerStateMachine:uninitialized
2022-10-03 12:55:27,423 [pool-410-thread-1] INFO  server.RaftServerConfigKeys (ConfUtils.java:logGet(46)) - raft.server.rpc.timeout.min = 5s (custom)
2022-10-03 12:55:27,423 [pool-410-thread-1] INFO  server.RaftServerConfigKeys (ConfUtils.java:logGet(46)) - raft.server.rpc.timeout.max = 5200ms (custom)
2022-10-03 12:55:27,423 [pool-410-thread-1] INFO  server.RaftServerConfigKeys (ConfUtils.java:logGet(46)) - raft.server.rpc.sleep.time = 25ms (default)
2022-10-03 12:55:27,423 [pool-410-thread-1] INFO  server.RaftServerConfigKeys (ConfUtils.java:logGet(46)) - raft.server.rpc.slowness.timeout = 300s (custom)
2022-10-03 12:55:27,423 [pool-410-thread-1] INFO  server.RaftServerConfigKeys (ConfUtils.java:logGet(46)) - raft.server.leaderelection.leader.step-down.wait-time = 10s (default)
2022-10-03 12:55:27,423 [pool-410-thread-1] INFO  server.RaftServerConfigKeys (ConfUtils.java:logGet(46)) - raft.server.sleep.deviation.threshold = 300ms (default)
2022-10-03 12:55:27,423 [pool-410-thread-1] INFO  server.RaftServer$Division (ServerState.java:<init>(107)) - c6640430-6736-4c18-b373-1226daafac87@group-AB9F71BFD940: ConfigurationManager, init=-1: [24b78423-202f-4d58-a16c-bf0353a26f6d|rpc:10.1.0.147:34309|dataStream:|priority:0, a8f19c9c-b965-441c-b59b-0eb44c264cfd|rpc:10.1.0.147:36157|dataStream:|priority:1, c6640430-6736-4c18-b373-1226daafac87|rpc:10.1.0.147:46643|dataStream:|priority:0], old=null, confs=<EMPTY_MAP>
2022-10-03 12:55:27,423 [pool-410-thread-1] INFO  server.RaftServerConfigKeys (ConfUtils.java:logGet(46)) - raft.server.storage.dir = [/home/runner/work/ozone/ozone/hadoop-ozone/integration-test/target/test-dir/MiniOzoneClusterImpl-d9654bc9-ecac-4fba-a00b-99e809f3940b/datanode-2/data/ratis] (custom)
2022-10-03 12:55:27,424 [pool-410-thread-1] INFO  server.RaftServerConfigKeys (ConfUtils.java:logGet(46)) - raft.server.log.corruption.policy = EXCEPTION (default)
2022-10-03 12:55:27,424 [pool-410-thread-1] INFO  server.RaftServerConfigKeys (ConfUtils.java:logGet(46)) - raft.server.storage.free-space.min = 0MB (=0) (default)
2022-10-03 12:55:27,424 [pool-410-thread-1] INFO  storage.RaftStorageDirectory (RaftStorageDirectoryImpl.java:analyzeStorage(135)) - The storage directory /home/runner/work/ozone/ozone/hadoop-ozone/integration-test/target/test-dir/MiniOzoneClusterImpl-d9654bc9-ecac-4fba-a00b-99e809f3940b/datanode-2/data/ratis/adf5fb66-eb63-4d73-accf-ab9f71bfd940 does not exist. Creating ...
2022-10-03 12:55:27,457 [pool-410-thread-1] INFO  storage.RaftStorageDirectory (RaftStorageDirectoryImpl.java:tryLock(230)) - Lock on /home/runner/work/ozone/ozone/hadoop-ozone/integration-test/target/test-dir/MiniOzoneClusterImpl-d9654bc9-ecac-4fba-a00b-99e809f3940b/datanode-2/data/ratis/adf5fb66-eb63-4d73-accf-ab9f71bfd940/in_use.lock acquired by nodename 2263@fv-az443-503
2022-10-03 12:55:27,465 [pool-410-thread-1] INFO  storage.RaftStorage (RaftStorageImpl.java:format(89)) - Storage directory /home/runner/work/ozone/ozone/hadoop-ozone/integration-test/target/test-dir/MiniOzoneClusterImpl-d9654bc9-ecac-4fba-a00b-99e809f3940b/datanode-2/data/ratis/adf5fb66-eb63-4d73-accf-ab9f71bfd940 has been successfully formatted.
2022-10-03 12:55:27,490 [pool-410-thread-1] INFO  ratis.ContainerStateMachine (ContainerStateMachine.java:loadSnapshot(236)) - group-AB9F71BFD940: The snapshot info is null. Setting the last applied indexto:(t:0, i:~)
2022-10-03 12:55:27,490 [pool-410-thread-1] INFO  server.RaftServerConfigKeys (ConfUtils.java:logGet(46)) - raft.server.notification.no-leader.timeout = 300s (custom)
2022-10-03 12:55:27,490 [pool-410-thread-1] INFO  server.RaftServerConfigKeys (ConfUtils.java:logGet(46)) - raft.server.log.use.memory = false (default)
2022-10-03 12:55:27,490 [pool-410-thread-1] INFO  server.RaftServerConfigKeys (ConfUtils.java:logGet(46)) - raft.server.log.purge.gap = 1000000 (custom)
2022-10-03 12:55:27,490 [pool-410-thread-1] INFO  server.RaftServerConfigKeys (ConfUtils.java:logGet(46)) - raft.server.log.appender.buffer.byte-limit = 33554432 (custom)
2022-10-03 12:55:27,490 [pool-410-thread-1] INFO  server.RaftServerConfigKeys (ConfUtils.java:logGet(46)) - raft.server.log.statemachine.data.read.timeout = 1000ms (default)
2022-10-03 12:55:27,490 [pool-410-thread-1] INFO  server.RaftServerConfigKeys (ConfUtils.java:logGet(46)) - raft.server.log.segment.size.max = 1048576 (custom)
2022-10-03 12:55:27,491 [pool-410-thread-1] INFO  server.RaftServerConfigKeys (ConfUtils.java:logGet(46)) - raft.server.log.segment.cache.num.max = 2 (custom)
2022-10-03 12:55:27,491 [pool-410-thread-1] INFO  server.RaftServerConfigKeys (ConfUtils.java:logGet(46)) - raft.server.log.segment.cache.size.max = 200MB (=209715200) (default)
2022-10-03 12:55:27,491 [pool-410-thread-1] INFO  segmented.SegmentedRaftLogWorker (SegmentedRaftLogWorker.java:<init>(187)) - new c6640430-6736-4c18-b373-1226daafac87@group-AB9F71BFD940-SegmentedRaftLogWorker for RaftStorageImpl:Storage Directory /home/runner/work/ozone/ozone/hadoop-ozone/integration-test/target/test-dir/MiniOzoneClusterImpl-d9654bc9-ecac-4fba-a00b-99e809f3940b/datanode-2/data/ratis/adf5fb66-eb63-4d73-accf-ab9f71bfd940
2022-10-03 12:55:27,491 [pool-410-thread-1] INFO  server.RaftServerConfigKeys (ConfUtils.java:logGet(46)) - raft.server.log.queue.byte-limit = 4294967296 (custom)
2022-10-03 12:55:27,491 [pool-410-thread-1] INFO  server.RaftServerConfigKeys (ConfUtils.java:logGet(46)) - raft.server.log.queue.element-limit = 1024 (custom)
2022-10-03 12:55:27,491 [pool-410-thread-1] INFO  server.RaftServerConfigKeys (ConfUtils.java:logGet(46)) - raft.server.log.segment.size.max = 1048576 (custom)
2022-10-03 12:55:27,491 [pool-410-thread-1] INFO  server.RaftServerConfigKeys (ConfUtils.java:logGet(46)) - raft.server.log.preallocated.size = 16384 (custom)
2022-10-03 12:55:27,491 [pool-410-thread-1] INFO  server.RaftServerConfigKeys (ConfUtils.java:logGet(46)) - raft.server.log.force.sync.num = 128 (default)
2022-10-03 12:55:27,491 [pool-410-thread-1] INFO  server.RaftServerConfigKeys (ConfUtils.java:logGet(46)) - raft.server.log.statemachine.data.sync = true (default)
2022-10-03 12:55:27,491 [pool-410-thread-1] INFO  server.RaftServerConfigKeys (ConfUtils.java:logGet(46)) - raft.server.log.statemachine.data.sync.timeout = 10s (default)
2022-10-03 12:55:27,491 [pool-410-thread-1] INFO  server.RaftServerConfigKeys (ConfUtils.java:logGet(46)) - raft.server.log.statemachine.data.sync.timeout.retry = -1 (default)
2022-10-03 12:55:27,492 [pool-410-thread-1] INFO  server.RaftServerConfigKeys (ConfUtils.java:logGet(46)) - raft.server.log.write.buffer.size = 1048576 (custom)
2022-10-03 12:55:27,492 [pool-410-thread-1] INFO  server.RaftServerConfigKeys (ConfUtils.java:logGet(46)) - raft.server.log.unsafe-flush.enabled = false (default)
2022-10-03 12:55:27,492 [pool-410-thread-1] INFO  server.RaftServerConfigKeys (ConfUtils.java:logGet(46)) - raft.server.log.statemachine.data.caching.enabled = true (custom)
2022-10-03 12:55:27,493 [pool-410-thread-1] INFO  segmented.SegmentedRaftLogWorker (SegmentedRaftLogWorker.java:lambda$new$0(135)) - c6640430-6736-4c18-b373-1226daafac87@group-AB9F71BFD940-SegmentedRaftLogWorker: flushIndex: setUnconditionally 0 -> -1
2022-10-03 12:55:27,493 [pool-410-thread-1] INFO  segmented.SegmentedRaftLogWorker (SegmentedRaftLogWorker.java:lambda$new$0(135)) - c6640430-6736-4c18-b373-1226daafac87@group-AB9F71BFD940-SegmentedRaftLogWorker: safeCacheEvictIndex: setUnconditionally 0 -> -1
2022-10-03 12:55:27,509 [pool-410-thread-1] INFO  server.RaftServerConfigKeys (ConfUtils.java:logGet(46)) - raft.server.snapshot.auto.trigger.enabled = true (custom)
2022-10-03 12:55:27,509 [pool-410-thread-1] INFO  server.RaftServerConfigKeys (ConfUtils.java:logGet(46)) - raft.server.snapshot.auto.trigger.threshold = 10000 (custom)
2022-10-03 12:55:27,509 [pool-410-thread-1] INFO  server.RaftServerConfigKeys (ConfUtils.java:logGet(46)) - raft.server.snapshot.retention.file.num = 5 (custom)
2022-10-03 12:55:27,509 [pool-410-thread-1] INFO  server.RaftServerConfigKeys (ConfUtils.java:logGet(46)) - raft.server.log.purge.upto.snapshot.index = false (default)
2022-10-03 12:55:27,509 [pool-410-thread-1] INFO  server.RaftServerConfigKeys (ConfUtils.java:logGet(46)) - raft.server.retrycache.expirytime = 600000ms (custom)
2022-10-03 12:55:27,509 [pool-410-thread-1] INFO  server.RaftServerConfigKeys (ConfUtils.java:logGet(46)) - raft.server.retrycache.statistics.expirytime = 100μs (default)
2022-10-03 12:55:27,510 [pool-410-thread-1] INFO  server.RaftServerConfigKeys (ConfUtils.java:logGet(46)) - raft.server.log.appender.install.snapshot.enabled = false (custom)
2022-10-03 12:55:27,510 [pool-410-thread-1] INFO  server.RaftServerConfigKeys (ConfUtils.java:logGet(46)) - raft.server.threadpool.server.cached = true (default)
2022-10-03 12:55:27,510 [pool-410-thread-1] INFO  server.RaftServerConfigKeys (ConfUtils.java:logGet(46)) - raft.server.threadpool.server.size = 0 (default)
2022-10-03 12:55:27,510 [pool-410-thread-1] INFO  server.RaftServerConfigKeys (ConfUtils.java:logGet(46)) - raft.server.threadpool.client.cached = true (default)
2022-10-03 12:55:27,510 [pool-410-thread-1] INFO  server.RaftServerConfigKeys (ConfUtils.java:logGet(46)) - raft.server.threadpool.client.size = 0 (default)
2022-10-03 12:55:27,511 [pool-410-thread-1] INFO  server.RaftServer$Division (RaftServerImpl.java:start(310)) - c6640430-6736-4c18-b373-1226daafac87@group-AB9F71BFD940: start as a follower, conf=-1: [24b78423-202f-4d58-a16c-bf0353a26f6d|rpc:10.1.0.147:34309|dataStream:|priority:0, a8f19c9c-b965-441c-b59b-0eb44c264cfd|rpc:10.1.0.147:36157|dataStream:|priority:1, c6640430-6736-4c18-b373-1226daafac87|rpc:10.1.0.147:46643|dataStream:|priority:0], old=null
2022-10-03 12:55:27,511 [pool-410-thread-1] INFO  server.RaftServer$Division (RaftServerImpl.java:setRole(299)) - c6640430-6736-4c18-b373-1226daafac87@group-AB9F71BFD940: changes role from      null to FOLLOWER at term 0 for startAsFollower
2022-10-03 12:55:27,511 [pool-410-thread-1] INFO  impl.RoleInfo (RoleInfo.java:updateAndGet(139)) - c6640430-6736-4c18-b373-1226daafac87: start c6640430-6736-4c18-b373-1226daafac87@group-AB9F71BFD940-FollowerState
2022-10-03 12:55:27,521 [pool-410-thread-1] INFO  util.JmxRegister (JmxRegister.java:tryRegister(44)) - Successfully registered JMX Bean with object name Ratis:service=RaftServer,group=group-AB9F71BFD940,id=c6640430-6736-4c18-b373-1226daafac87
2022-10-03 12:55:27,578 [Command processor thread] INFO  commandhandler.CreatePipelineCommandHandler (CreatePipelineCommandHandler.java:handle(113)) - Created Pipeline RATIS THREE PipelineID=adf5fb66-eb63-4d73-accf-ab9f71bfd940.
2022-10-03 12:55:27,578 [Command processor thread] INFO  server.RaftServer (RaftServerProxy.java:addNew(96)) - a8f19c9c-b965-441c-b59b-0eb44c264cfd: addNew group-E5049D8D6CE2:[24b78423-202f-4d58-a16c-bf0353a26f6d|rpc:10.1.0.147:34309|priority:1, a8f19c9c-b965-441c-b59b-0eb44c264cfd|rpc:10.1.0.147:36157|priority:0, c6640430-6736-4c18-b373-1226daafac87|rpc:10.1.0.147:46643|priority:0] returns group-E5049D8D6CE2:java.util.concurrent.CompletableFuture@7700256f[Not completed]
2022-10-03 12:55:27,579 [pool-364-thread-1] INFO  server.RaftServer$Division (RaftServerImpl.java:<init>(190)) - a8f19c9c-b965-441c-b59b-0eb44c264cfd: new RaftServerImpl for group-E5049D8D6CE2:[24b78423-202f-4d58-a16c-bf0353a26f6d|rpc:10.1.0.147:34309|priority:1, a8f19c9c-b965-441c-b59b-0eb44c264cfd|rpc:10.1.0.147:36157|priority:0, c6640430-6736-4c18-b373-1226daafac87|rpc:10.1.0.147:46643|priority:0] with ContainerStateMachine:uninitialized
2022-10-03 12:55:27,579 [pool-364-thread-1] INFO  server.RaftServerConfigKeys (ConfUtils.java:logGet(46)) - raft.server.rpc.timeout.min = 5s (custom)
2022-10-03 12:55:27,579 [pool-364-thread-1] INFO  server.RaftServerConfigKeys (ConfUtils.java:logGet(46)) - raft.server.rpc.timeout.max = 5200ms (custom)
2022-10-03 12:55:27,579 [pool-364-thread-1] INFO  server.RaftServerConfigKeys (ConfUtils.java:logGet(46)) - raft.server.rpc.sleep.time = 25ms (default)
2022-10-03 12:55:27,579 [pool-364-thread-1] INFO  server.RaftServerConfigKeys (ConfUtils.java:logGet(46)) - raft.server.rpc.slowness.timeout = 300s (custom)
2022-10-03 12:55:27,579 [pool-364-thread-1] INFO  server.RaftServerConfigKeys (ConfUtils.java:logGet(46)) - raft.server.leaderelection.leader.step-down.wait-time = 10s (default)
2022-10-03 12:55:27,579 [pool-364-thread-1] INFO  server.RaftServerConfigKeys (ConfUtils.java:logGet(46)) - raft.server.sleep.deviation.threshold = 300ms (default)
2022-10-03 12:55:27,579 [pool-364-thread-1] INFO  server.RaftServer$Division (ServerState.java:<init>(107)) - a8f19c9c-b965-441c-b59b-0eb44c264cfd@group-E5049D8D6CE2: ConfigurationManager, init=-1: [24b78423-202f-4d58-a16c-bf0353a26f6d|rpc:10.1.0.147:34309|priority:1, a8f19c9c-b965-441c-b59b-0eb44c264cfd|rpc:10.1.0.147:36157|priority:0, c6640430-6736-4c18-b373-1226daafac87|rpc:10.1.0.147:46643|priority:0], old=null, confs=<EMPTY_MAP>
2022-10-03 12:55:27,579 [pool-364-thread-1] INFO  server.RaftServerConfigKeys (ConfUtils.java:logGet(46)) - raft.server.storage.dir = [/home/runner/work/ozone/ozone/hadoop-ozone/integration-test/target/test-dir/MiniOzoneClusterImpl-d9654bc9-ecac-4fba-a00b-99e809f3940b/datanode-0/data/ratis] (custom)
2022-10-03 12:55:27,579 [pool-364-thread-1] INFO  server.RaftServerConfigKeys (ConfUtils.java:logGet(46)) - raft.server.log.corruption.policy = EXCEPTION (default)
2022-10-03 12:55:27,579 [pool-364-thread-1] INFO  server.RaftServerConfigKeys (ConfUtils.java:logGet(46)) - raft.server.storage.free-space.min = 0MB (=0) (default)
2022-10-03 12:55:27,579 [pool-364-thread-1] INFO  storage.RaftStorageDirectory (RaftStorageDirectoryImpl.java:analyzeStorage(135)) - The storage directory /home/runner/work/ozone/ozone/hadoop-ozone/integration-test/target/test-dir/MiniOzoneClusterImpl-d9654bc9-ecac-4fba-a00b-99e809f3940b/datanode-0/data/ratis/620f2965-f2e9-45b4-a295-e5049d8d6ce2 does not exist. Creating ...
2022-10-03 12:55:27,580 [pool-364-thread-1] INFO  storage.RaftStorageDirectory (RaftStorageDirectoryImpl.java:tryLock(230)) - Lock on /home/runner/work/ozone/ozone/hadoop-ozone/integration-test/target/test-dir/MiniOzoneClusterImpl-d9654bc9-ecac-4fba-a00b-99e809f3940b/datanode-0/data/ratis/620f2965-f2e9-45b4-a295-e5049d8d6ce2/in_use.lock acquired by nodename 2263@fv-az443-503
2022-10-03 12:55:27,581 [pool-364-thread-1] INFO  storage.RaftStorage (RaftStorageImpl.java:format(89)) - Storage directory /home/runner/work/ozone/ozone/hadoop-ozone/integration-test/target/test-dir/MiniOzoneClusterImpl-d9654bc9-ecac-4fba-a00b-99e809f3940b/datanode-0/data/ratis/620f2965-f2e9-45b4-a295-e5049d8d6ce2 has been successfully formatted.
2022-10-03 12:55:27,584 [pool-364-thread-1] INFO  ratis.ContainerStateMachine (ContainerStateMachine.java:loadSnapshot(236)) - group-E5049D8D6CE2: The snapshot info is null. Setting the last applied indexto:(t:0, i:~)
2022-10-03 12:55:27,584 [pool-364-thread-1] INFO  server.RaftServerConfigKeys (ConfUtils.java:logGet(46)) - raft.server.notification.no-leader.timeout = 300s (custom)
2022-10-03 12:55:27,584 [pool-364-thread-1] INFO  server.RaftServerConfigKeys (ConfUtils.java:logGet(46)) - raft.server.log.use.memory = false (default)
2022-10-03 12:55:27,584 [pool-364-thread-1] INFO  server.RaftServerConfigKeys (ConfUtils.java:logGet(46)) - raft.server.log.purge.gap = 1000000 (custom)
2022-10-03 12:55:27,584 [pool-364-thread-1] INFO  server.RaftServerConfigKeys (ConfUtils.java:logGet(46)) - raft.server.log.appender.buffer.byte-limit = 33554432 (custom)
2022-10-03 12:55:27,584 [pool-364-thread-1] INFO  server.RaftServerConfigKeys (ConfUtils.java:logGet(46)) - raft.server.log.statemachine.data.read.timeout = 1000ms (default)
2022-10-03 12:55:27,584 [pool-364-thread-1] INFO  server.RaftServerConfigKeys (ConfUtils.java:logGet(46)) - raft.server.log.segment.size.max = 1048576 (custom)
2022-10-03 12:55:27,584 [pool-364-thread-1] INFO  server.RaftServerConfigKeys (ConfUtils.java:logGet(46)) - raft.server.log.segment.cache.num.max = 2 (custom)
2022-10-03 12:55:27,584 [pool-364-thread-1] INFO  server.RaftServerConfigKeys (ConfUtils.java:logGet(46)) - raft.server.log.segment.cache.size.max = 200MB (=209715200) (default)
2022-10-03 12:55:27,584 [pool-364-thread-1] INFO  segmented.SegmentedRaftLogWorker (SegmentedRaftLogWorker.java:<init>(187)) - new a8f19c9c-b965-441c-b59b-0eb44c264cfd@group-E5049D8D6CE2-SegmentedRaftLogWorker for RaftStorageImpl:Storage Directory /home/runner/work/ozone/ozone/hadoop-ozone/integration-test/target/test-dir/MiniOzoneClusterImpl-d9654bc9-ecac-4fba-a00b-99e809f3940b/datanode-0/data/ratis/620f2965-f2e9-45b4-a295-e5049d8d6ce2
2022-10-03 12:55:27,584 [pool-364-thread-1] INFO  server.RaftServerConfigKeys (ConfUtils.java:logGet(46)) - raft.server.log.queue.byte-limit = 4294967296 (custom)
2022-10-03 12:55:27,584 [pool-364-thread-1] INFO  server.RaftServerConfigKeys (ConfUtils.java:logGet(46)) - raft.server.log.queue.element-limit = 1024 (custom)
2022-10-03 12:55:27,585 [pool-364-thread-1] INFO  server.RaftServerConfigKeys (ConfUtils.java:logGet(46)) - raft.server.log.segment.size.max = 1048576 (custom)
2022-10-03 12:55:27,585 [pool-364-thread-1] INFO  server.RaftServerConfigKeys (ConfUtils.java:logGet(46)) - raft.server.log.preallocated.size = 16384 (custom)
2022-10-03 12:55:27,585 [pool-364-thread-1] INFO  server.RaftServerConfigKeys (ConfUtils.java:logGet(46)) - raft.server.log.force.sync.num = 128 (default)
2022-10-03 12:55:27,585 [pool-364-thread-1] INFO  server.RaftServerConfigKeys (ConfUtils.java:logGet(46)) - raft.server.log.statemachine.data.sync = true (default)
2022-10-03 12:55:27,585 [pool-364-thread-1] INFO  server.RaftServerConfigKeys (ConfUtils.java:logGet(46)) - raft.server.log.statemachine.data.sync.timeout = 10s (default)
2022-10-03 12:55:27,585 [pool-364-thread-1] INFO  server.RaftServerConfigKeys (ConfUtils.java:logGet(46)) - raft.server.log.statemachine.data.sync.timeout.retry = -1 (default)
2022-10-03 12:55:27,585 [pool-364-thread-1] INFO  server.RaftServerConfigKeys (ConfUtils.java:logGet(46)) - raft.server.log.write.buffer.size = 1048576 (custom)
2022-10-03 12:55:27,586 [EventQueue-OpenPipelineForHealthyPipelineSafeModeRule] INFO  safemode.SCMSafeModeManager (HealthyPipelineSafeModeRule.java:process(137)) - SCM in safe mode. Healthy pipelines reported count is 0, required healthy pipeline reported count is 1
2022-10-03 12:55:27,586 [pool-364-thread-1] INFO  server.RaftServerConfigKeys (ConfUtils.java:logGet(46)) - raft.server.log.unsafe-flush.enabled = false (default)
2022-10-03 12:55:27,586 [pool-364-thread-1] INFO  server.RaftServerConfigKeys (ConfUtils.java:logGet(46)) - raft.server.log.statemachine.data.caching.enabled = true (custom)
2022-10-03 12:55:27,587 [pool-364-thread-1] INFO  segmented.SegmentedRaftLogWorker (SegmentedRaftLogWorker.java:lambda$new$0(135)) - a8f19c9c-b965-441c-b59b-0eb44c264cfd@group-E5049D8D6CE2-SegmentedRaftLogWorker: flushIndex: setUnconditionally 0 -> -1
2022-10-03 12:55:27,587 [pool-364-thread-1] INFO  segmented.SegmentedRaftLogWorker (SegmentedRaftLogWorker.java:lambda$new$0(135)) - a8f19c9c-b965-441c-b59b-0eb44c264cfd@group-E5049D8D6CE2-SegmentedRaftLogWorker: safeCacheEvictIndex: setUnconditionally 0 -> -1
2022-10-03 12:55:27,587 [pool-364-thread-1] INFO  server.RaftServerConfigKeys (ConfUtils.java:logGet(46)) - raft.server.snapshot.auto.trigger.enabled = true (custom)
2022-10-03 12:55:27,587 [pool-364-thread-1] INFO  server.RaftServerConfigKeys (ConfUtils.java:logGet(46)) - raft.server.snapshot.auto.trigger.threshold = 10000 (custom)
2022-10-03 12:55:27,587 [pool-364-thread-1] INFO  server.RaftServerConfigKeys (ConfUtils.java:logGet(46)) - raft.server.snapshot.retention.file.num = 5 (custom)
2022-10-03 12:55:27,587 [pool-364-thread-1] INFO  server.RaftServerConfigKeys (ConfUtils.java:logGet(46)) - raft.server.log.purge.upto.snapshot.index = false (default)
2022-10-03 12:55:27,587 [pool-364-thread-1] INFO  server.RaftServerConfigKeys (ConfUtils.java:logGet(46)) - raft.server.retrycache.expirytime = 600000ms (custom)
2022-10-03 12:55:27,587 [pool-364-thread-1] INFO  server.RaftServerConfigKeys (ConfUtils.java:logGet(46)) - raft.server.retrycache.statistics.expirytime = 100μs (default)
2022-10-03 12:55:27,588 [pool-364-thread-1] INFO  server.RaftServerConfigKeys (ConfUtils.java:logGet(46)) - raft.server.log.appender.install.snapshot.enabled = false (custom)
2022-10-03 12:55:27,588 [pool-364-thread-1] INFO  server.RaftServerConfigKeys (ConfUtils.java:logGet(46)) - raft.server.threadpool.server.cached = true (default)
2022-10-03 12:55:27,588 [pool-364-thread-1] INFO  server.RaftServerConfigKeys (ConfUtils.java:logGet(46)) - raft.server.threadpool.server.size = 0 (default)
2022-10-03 12:55:27,588 [pool-364-thread-1] INFO  server.RaftServerConfigKeys (ConfUtils.java:logGet(46)) - raft.server.threadpool.client.cached = true (default)
2022-10-03 12:55:27,588 [pool-364-thread-1] INFO  server.RaftServerConfigKeys (ConfUtils.java:logGet(46)) - raft.server.threadpool.client.size = 0 (default)
2022-10-03 12:55:27,588 [pool-364-thread-1] INFO  server.RaftServer$Division (RaftServerImpl.java:start(310)) - a8f19c9c-b965-441c-b59b-0eb44c264cfd@group-E5049D8D6CE2: start as a follower, conf=-1: [24b78423-202f-4d58-a16c-bf0353a26f6d|rpc:10.1.0.147:34309|priority:1, a8f19c9c-b965-441c-b59b-0eb44c264cfd|rpc:10.1.0.147:36157|priority:0, c6640430-6736-4c18-b373-1226daafac87|rpc:10.1.0.147:46643|priority:0], old=null
2022-10-03 12:55:27,588 [pool-364-thread-1] INFO  server.RaftServer$Division (RaftServerImpl.java:setRole(299)) - a8f19c9c-b965-441c-b59b-0eb44c264cfd@group-E5049D8D6CE2: changes role from      null to FOLLOWER at term 0 for startAsFollower
2022-10-03 12:55:27,588 [pool-364-thread-1] INFO  impl.RoleInfo (RoleInfo.java:updateAndGet(139)) - a8f19c9c-b965-441c-b59b-0eb44c264cfd: start a8f19c9c-b965-441c-b59b-0eb44c264cfd@group-E5049D8D6CE2-FollowerState
2022-10-03 12:55:27,609 [pool-364-thread-1] INFO  util.JmxRegister (JmxRegister.java:tryRegister(44)) - Successfully registered JMX Bean with object name Ratis:service=RaftServer,group=group-E5049D8D6CE2,id=a8f19c9c-b965-441c-b59b-0eb44c264cfd
2022-10-03 12:55:27,613 [Command processor thread] INFO  ratis.XceiverServerRatis (XceiverServerRatis.java:addGroup(765)) - Created group PipelineID=620f2965-f2e9-45b4-a295-e5049d8d6ce2
2022-10-03 12:55:27,681 [grpc-default-executor-0] INFO  server.RaftServer (RaftServerProxy.java:addNew(96)) - 24b78423-202f-4d58-a16c-bf0353a26f6d: addNew group-E5049D8D6CE2:[24b78423-202f-4d58-a16c-bf0353a26f6d|rpc:10.1.0.147:34309|dataStream:|priority:1, a8f19c9c-b965-441c-b59b-0eb44c264cfd|rpc:10.1.0.147:36157|dataStream:|priority:0, c6640430-6736-4c18-b373-1226daafac87|rpc:10.1.0.147:46643|dataStream:|priority:0] returns group-E5049D8D6CE2:java.util.concurrent.CompletableFuture@510536e3[Not completed]
2022-10-03 12:55:27,687 [pool-387-thread-1] INFO  server.RaftServer$Division (RaftServerImpl.java:<init>(190)) - 24b78423-202f-4d58-a16c-bf0353a26f6d: new RaftServerImpl for group-E5049D8D6CE2:[24b78423-202f-4d58-a16c-bf0353a26f6d|rpc:10.1.0.147:34309|dataStream:|priority:1, a8f19c9c-b965-441c-b59b-0eb44c264cfd|rpc:10.1.0.147:36157|dataStream:|priority:0, c6640430-6736-4c18-b373-1226daafac87|rpc:10.1.0.147:46643|dataStream:|priority:0] with ContainerStateMachine:uninitialized
2022-10-03 12:55:27,687 [pool-387-thread-1] INFO  server.RaftServerConfigKeys (ConfUtils.java:logGet(46)) - raft.server.rpc.timeout.min = 5s (custom)
2022-10-03 12:55:27,687 [pool-387-thread-1] INFO  server.RaftServerConfigKeys (ConfUtils.java:logGet(46)) - raft.server.rpc.timeout.max = 5200ms (custom)
2022-10-03 12:55:27,687 [pool-387-thread-1] INFO  server.RaftServerConfigKeys (ConfUtils.java:logGet(46)) - raft.server.rpc.sleep.time = 25ms (default)
2022-10-03 12:55:27,687 [pool-387-thread-1] INFO  server.RaftServerConfigKeys (ConfUtils.java:logGet(46)) - raft.server.rpc.slowness.timeout = 300s (custom)
2022-10-03 12:55:27,687 [pool-387-thread-1] INFO  server.RaftServerConfigKeys (ConfUtils.java:logGet(46)) - raft.server.leaderelection.leader.step-down.wait-time = 10s (default)
2022-10-03 12:55:27,687 [pool-387-thread-1] INFO  server.RaftServerConfigKeys (ConfUtils.java:logGet(46)) - raft.server.sleep.deviation.threshold = 300ms (default)
2022-10-03 12:55:27,687 [pool-387-thread-1] INFO  server.RaftServer$Division (ServerState.java:<init>(107)) - 24b78423-202f-4d58-a16c-bf0353a26f6d@group-E5049D8D6CE2: ConfigurationManager, init=-1: [24b78423-202f-4d58-a16c-bf0353a26f6d|rpc:10.1.0.147:34309|dataStream:|priority:1, a8f19c9c-b965-441c-b59b-0eb44c264cfd|rpc:10.1.0.147:36157|dataStream:|priority:0, c6640430-6736-4c18-b373-1226daafac87|rpc:10.1.0.147:46643|dataStream:|priority:0], old=null, confs=<EMPTY_MAP>
2022-10-03 12:55:27,687 [pool-387-thread-1] INFO  server.RaftServerConfigKeys (ConfUtils.java:logGet(46)) - raft.server.storage.dir = [/home/runner/work/ozone/ozone/hadoop-ozone/integration-test/target/test-dir/MiniOzoneClusterImpl-d9654bc9-ecac-4fba-a00b-99e809f3940b/datanode-1/data/ratis] (custom)
2022-10-03 12:55:27,687 [pool-387-thread-1] INFO  server.RaftServerConfigKeys (ConfUtils.java:logGet(46)) - raft.server.log.corruption.policy = EXCEPTION (default)
2022-10-03 12:55:27,687 [pool-387-thread-1] INFO  server.RaftServerConfigKeys (ConfUtils.java:logGet(46)) - raft.server.storage.free-space.min = 0MB (=0) (default)
2022-10-03 12:55:27,688 [pool-387-thread-1] INFO  storage.RaftStorageDirectory (RaftStorageDirectoryImpl.java:analyzeStorage(135)) - The storage directory /home/runner/work/ozone/ozone/hadoop-ozone/integration-test/target/test-dir/MiniOzoneClusterImpl-d9654bc9-ecac-4fba-a00b-99e809f3940b/datanode-1/data/ratis/620f2965-f2e9-45b4-a295-e5049d8d6ce2 does not exist. Creating ...
2022-10-03 12:55:27,689 [pool-387-thread-1] INFO  storage.RaftStorageDirectory (RaftStorageDirectoryImpl.java:tryLock(230)) - Lock on /home/runner/work/ozone/ozone/hadoop-ozone/integration-test/target/test-dir/MiniOzoneClusterImpl-d9654bc9-ecac-4fba-a00b-99e809f3940b/datanode-1/data/ratis/620f2965-f2e9-45b4-a295-e5049d8d6ce2/in_use.lock acquired by nodename 2263@fv-az443-503
2022-10-03 12:55:27,689 [pool-387-thread-1] INFO  storage.RaftStorage (RaftStorageImpl.java:format(89)) - Storage directory /home/runner/work/ozone/ozone/hadoop-ozone/integration-test/target/test-dir/MiniOzoneClusterImpl-d9654bc9-ecac-4fba-a00b-99e809f3940b/datanode-1/data/ratis/620f2965-f2e9-45b4-a295-e5049d8d6ce2 has been successfully formatted.
2022-10-03 12:55:27,690 [pool-387-thread-1] INFO  ratis.ContainerStateMachine (ContainerStateMachine.java:loadSnapshot(236)) - group-E5049D8D6CE2: The snapshot info is null. Setting the last applied indexto:(t:0, i:~)
2022-10-03 12:55:27,691 [pool-387-thread-1] INFO  server.RaftServerConfigKeys (ConfUtils.java:logGet(46)) - raft.server.notification.no-leader.timeout = 300s (custom)
2022-10-03 12:55:27,691 [pool-387-thread-1] INFO  server.RaftServerConfigKeys (ConfUtils.java:logGet(46)) - raft.server.log.use.memory = false (default)
2022-10-03 12:55:27,691 [pool-387-thread-1] INFO  server.RaftServerConfigKeys (ConfUtils.java:logGet(46)) - raft.server.log.purge.gap = 1000000 (custom)
2022-10-03 12:55:27,691 [pool-387-thread-1] INFO  server.RaftServerConfigKeys (ConfUtils.java:logGet(46)) - raft.server.log.appender.buffer.byte-limit = 33554432 (custom)
2022-10-03 12:55:27,691 [pool-387-thread-1] INFO  server.RaftServerConfigKeys (ConfUtils.java:logGet(46)) - raft.server.log.statemachine.data.read.timeout = 1000ms (default)
2022-10-03 12:55:27,691 [pool-387-thread-1] INFO  server.RaftServerConfigKeys (ConfUtils.java:logGet(46)) - raft.server.log.segment.size.max = 1048576 (custom)
2022-10-03 12:55:27,691 [pool-387-thread-1] INFO  server.RaftServerConfigKeys (ConfUtils.java:logGet(46)) - raft.server.log.segment.cache.num.max = 2 (custom)
2022-10-03 12:55:27,691 [pool-387-thread-1] INFO  server.RaftServerConfigKeys (ConfUtils.java:logGet(46)) - raft.server.log.segment.cache.size.max = 200MB (=209715200) (default)
2022-10-03 12:55:27,691 [pool-387-thread-1] INFO  segmented.SegmentedRaftLogWorker (SegmentedRaftLogWorker.java:<init>(187)) - new 24b78423-202f-4d58-a16c-bf0353a26f6d@group-E5049D8D6CE2-SegmentedRaftLogWorker for RaftStorageImpl:Storage Directory /home/runner/work/ozone/ozone/hadoop-ozone/integration-test/target/test-dir/MiniOzoneClusterImpl-d9654bc9-ecac-4fba-a00b-99e809f3940b/datanode-1/data/ratis/620f2965-f2e9-45b4-a295-e5049d8d6ce2
2022-10-03 12:55:27,691 [pool-387-thread-1] INFO  server.RaftServerConfigKeys (ConfUtils.java:logGet(46)) - raft.server.log.queue.byte-limit = 4294967296 (custom)
2022-10-03 12:55:27,691 [pool-387-thread-1] INFO  server.RaftServerConfigKeys (ConfUtils.java:logGet(46)) - raft.server.log.queue.element-limit = 1024 (custom)
2022-10-03 12:55:27,691 [pool-387-thread-1] INFO  server.RaftServerConfigKeys (ConfUtils.java:logGet(46)) - raft.server.log.segment.size.max = 1048576 (custom)
2022-10-03 12:55:27,692 [pool-387-thread-1] INFO  server.RaftServerConfigKeys (ConfUtils.java:logGet(46)) - raft.server.log.preallocated.size = 16384 (custom)
2022-10-03 12:55:27,692 [pool-387-thread-1] INFO  server.RaftServerConfigKeys (ConfUtils.java:logGet(46)) - raft.server.log.force.sync.num = 128 (default)
2022-10-03 12:55:27,692 [pool-387-thread-1] INFO  server.RaftServerConfigKeys (ConfUtils.java:logGet(46)) - raft.server.log.statemachine.data.sync = true (default)
2022-10-03 12:55:27,692 [pool-387-thread-1] INFO  server.RaftServerConfigKeys (ConfUtils.java:logGet(46)) - raft.server.log.statemachine.data.sync.timeout = 10s (default)
2022-10-03 12:55:27,692 [pool-387-thread-1] INFO  server.RaftServerConfigKeys (ConfUtils.java:logGet(46)) - raft.server.log.statemachine.data.sync.timeout.retry = -1 (default)
2022-10-03 12:55:27,692 [pool-387-thread-1] INFO  server.RaftServerConfigKeys (ConfUtils.java:logGet(46)) - raft.server.log.write.buffer.size = 1048576 (custom)
2022-10-03 12:55:27,693 [pool-387-thread-1] INFO  server.RaftServerConfigKeys (ConfUtils.java:logGet(46)) - raft.server.log.unsafe-flush.enabled = false (default)
2022-10-03 12:55:27,693 [pool-387-thread-1] INFO  server.RaftServerConfigKeys (ConfUtils.java:logGet(46)) - raft.server.log.statemachine.data.caching.enabled = true (custom)
2022-10-03 12:55:27,693 [pool-387-thread-1] INFO  segmented.SegmentedRaftLogWorker (SegmentedRaftLogWorker.java:lambda$new$0(135)) - 24b78423-202f-4d58-a16c-bf0353a26f6d@group-E5049D8D6CE2-SegmentedRaftLogWorker: flushIndex: setUnconditionally 0 -> -1
2022-10-03 12:55:27,693 [pool-387-thread-1] INFO  segmented.SegmentedRaftLogWorker (SegmentedRaftLogWorker.java:lambda$new$0(135)) - 24b78423-202f-4d58-a16c-bf0353a26f6d@group-E5049D8D6CE2-SegmentedRaftLogWorker: safeCacheEvictIndex: setUnconditionally 0 -> -1
2022-10-03 12:55:27,694 [pool-387-thread-1] INFO  server.RaftServerConfigKeys (ConfUtils.java:logGet(46)) - raft.server.snapshot.auto.trigger.enabled = true (custom)
2022-10-03 12:55:27,695 [pool-387-thread-1] INFO  server.RaftServerConfigKeys (ConfUtils.java:logGet(46)) - raft.server.snapshot.auto.trigger.threshold = 10000 (custom)
2022-10-03 12:55:27,695 [pool-387-thread-1] INFO  server.RaftServerConfigKeys (ConfUtils.java:logGet(46)) - raft.server.snapshot.retention.file.num = 5 (custom)
2022-10-03 12:55:27,695 [pool-387-thread-1] INFO  server.RaftServerConfigKeys (ConfUtils.java:logGet(46)) - raft.server.log.purge.upto.snapshot.index = false (default)
2022-10-03 12:55:27,695 [pool-387-thread-1] INFO  server.RaftServerConfigKeys (ConfUtils.java:logGet(46)) - raft.server.retrycache.expirytime = 600000ms (custom)
2022-10-03 12:55:27,695 [pool-387-thread-1] INFO  server.RaftServerConfigKeys (ConfUtils.java:logGet(46)) - raft.server.retrycache.statistics.expirytime = 100μs (default)
2022-10-03 12:55:27,696 [pool-387-thread-1] INFO  server.RaftServerConfigKeys (ConfUtils.java:logGet(46)) - raft.server.log.appender.install.snapshot.enabled = false (custom)
2022-10-03 12:55:27,696 [pool-387-thread-1] INFO  server.RaftServerConfigKeys (ConfUtils.java:logGet(46)) - raft.server.threadpool.server.cached = true (default)
2022-10-03 12:55:27,696 [pool-387-thread-1] INFO  server.RaftServerConfigKeys (ConfUtils.java:logGet(46)) - raft.server.threadpool.server.size = 0 (default)
2022-10-03 12:55:27,696 [pool-387-thread-1] INFO  server.RaftServerConfigKeys (ConfUtils.java:logGet(46)) - raft.server.threadpool.client.cached = true (default)
2022-10-03 12:55:27,696 [pool-387-thread-1] INFO  server.RaftServerConfigKeys (ConfUtils.java:logGet(46)) - raft.server.threadpool.client.size = 0 (default)
2022-10-03 12:55:27,696 [pool-387-thread-1] INFO  server.RaftServer$Division (RaftServerImpl.java:start(310)) - 24b78423-202f-4d58-a16c-bf0353a26f6d@group-E5049D8D6CE2: start as a follower, conf=-1: [24b78423-202f-4d58-a16c-bf0353a26f6d|rpc:10.1.0.147:34309|dataStream:|priority:1, a8f19c9c-b965-441c-b59b-0eb44c264cfd|rpc:10.1.0.147:36157|dataStream:|priority:0, c6640430-6736-4c18-b373-1226daafac87|rpc:10.1.0.147:46643|dataStream:|priority:0], old=null
2022-10-03 12:55:27,696 [pool-387-thread-1] INFO  server.RaftServer$Division (RaftServerImpl.java:setRole(299)) - 24b78423-202f-4d58-a16c-bf0353a26f6d@group-E5049D8D6CE2: changes role from      null to FOLLOWER at term 0 for startAsFollower
2022-10-03 12:55:27,696 [pool-387-thread-1] INFO  impl.RoleInfo (RoleInfo.java:updateAndGet(139)) - 24b78423-202f-4d58-a16c-bf0353a26f6d: start 24b78423-202f-4d58-a16c-bf0353a26f6d@group-E5049D8D6CE2-FollowerState
2022-10-03 12:55:27,696 [pool-387-thread-1] INFO  util.JmxRegister (JmxRegister.java:tryRegister(44)) - Successfully registered JMX Bean with object name Ratis:service=RaftServer,group=group-E5049D8D6CE2,id=24b78423-202f-4d58-a16c-bf0353a26f6d
2022-10-03 12:55:27,773 [grpc-default-executor-0] INFO  server.RaftServer (RaftServerProxy.java:addNew(96)) - c6640430-6736-4c18-b373-1226daafac87: addNew group-E5049D8D6CE2:[24b78423-202f-4d58-a16c-bf0353a26f6d|rpc:10.1.0.147:34309|dataStream:|priority:1, a8f19c9c-b965-441c-b59b-0eb44c264cfd|rpc:10.1.0.147:36157|dataStream:|priority:0, c6640430-6736-4c18-b373-1226daafac87|rpc:10.1.0.147:46643|dataStream:|priority:0] returns group-E5049D8D6CE2:java.util.concurrent.CompletableFuture@ae188c9[Not completed]
2022-10-03 12:55:27,775 [pool-410-thread-1] INFO  server.RaftServer$Division (RaftServerImpl.java:<init>(190)) - c6640430-6736-4c18-b373-1226daafac87: new RaftServerImpl for group-E5049D8D6CE2:[24b78423-202f-4d58-a16c-bf0353a26f6d|rpc:10.1.0.147:34309|dataStream:|priority:1, a8f19c9c-b965-441c-b59b-0eb44c264cfd|rpc:10.1.0.147:36157|dataStream:|priority:0, c6640430-6736-4c18-b373-1226daafac87|rpc:10.1.0.147:46643|dataStream:|priority:0] with ContainerStateMachine:uninitialized
2022-10-03 12:55:27,775 [pool-410-thread-1] INFO  server.RaftServerConfigKeys (ConfUtils.java:logGet(46)) - raft.server.rpc.timeout.min = 5s (custom)
2022-10-03 12:55:27,776 [pool-410-thread-1] INFO  server.RaftServerConfigKeys (ConfUtils.java:logGet(46)) - raft.server.rpc.timeout.max = 5200ms (custom)
2022-10-03 12:55:27,776 [pool-410-thread-1] INFO  server.RaftServerConfigKeys (ConfUtils.java:logGet(46)) - raft.server.rpc.sleep.time = 25ms (default)
2022-10-03 12:55:27,776 [pool-410-thread-1] INFO  server.RaftServerConfigKeys (ConfUtils.java:logGet(46)) - raft.server.rpc.slowness.timeout = 300s (custom)
2022-10-03 12:55:27,776 [pool-410-thread-1] INFO  server.RaftServerConfigKeys (ConfUtils.java:logGet(46)) - raft.server.leaderelection.leader.step-down.wait-time = 10s (default)
2022-10-03 12:55:27,776 [pool-410-thread-1] INFO  server.RaftServerConfigKeys (ConfUtils.java:logGet(46)) - raft.server.sleep.deviation.threshold = 300ms (default)
2022-10-03 12:55:27,776 [pool-410-thread-1] INFO  server.RaftServer$Division (ServerState.java:<init>(107)) - c6640430-6736-4c18-b373-1226daafac87@group-E5049D8D6CE2: ConfigurationManager, init=-1: [24b78423-202f-4d58-a16c-bf0353a26f6d|rpc:10.1.0.147:34309|dataStream:|priority:1, a8f19c9c-b965-441c-b59b-0eb44c264cfd|rpc:10.1.0.147:36157|dataStream:|priority:0, c6640430-6736-4c18-b373-1226daafac87|rpc:10.1.0.147:46643|dataStream:|priority:0], old=null, confs=<EMPTY_MAP>
2022-10-03 12:55:27,776 [pool-410-thread-1] INFO  server.RaftServerConfigKeys (ConfUtils.java:logGet(46)) - raft.server.storage.dir = [/home/runner/work/ozone/ozone/hadoop-ozone/integration-test/target/test-dir/MiniOzoneClusterImpl-d9654bc9-ecac-4fba-a00b-99e809f3940b/datanode-2/data/ratis] (custom)
2022-10-03 12:55:27,776 [pool-410-thread-1] INFO  server.RaftServerConfigKeys (ConfUtils.java:logGet(46)) - raft.server.log.corruption.policy = EXCEPTION (default)
2022-10-03 12:55:27,776 [pool-410-thread-1] INFO  server.RaftServerConfigKeys (ConfUtils.java:logGet(46)) - raft.server.storage.free-space.min = 0MB (=0) (default)
2022-10-03 12:55:27,776 [pool-410-thread-1] INFO  storage.RaftStorageDirectory (RaftStorageDirectoryImpl.java:analyzeStorage(135)) - The storage directory /home/runner/work/ozone/ozone/hadoop-ozone/integration-test/target/test-dir/MiniOzoneClusterImpl-d9654bc9-ecac-4fba-a00b-99e809f3940b/datanode-2/data/ratis/620f2965-f2e9-45b4-a295-e5049d8d6ce2 does not exist. Creating ...
2022-10-03 12:55:27,783 [pool-410-thread-1] INFO  storage.RaftStorageDirectory (RaftStorageDirectoryImpl.java:tryLock(230)) - Lock on /home/runner/work/ozone/ozone/hadoop-ozone/integration-test/target/test-dir/MiniOzoneClusterImpl-d9654bc9-ecac-4fba-a00b-99e809f3940b/datanode-2/data/ratis/620f2965-f2e9-45b4-a295-e5049d8d6ce2/in_use.lock acquired by nodename 2263@fv-az443-503
2022-10-03 12:55:27,784 [pool-410-thread-1] INFO  storage.RaftStorage (RaftStorageImpl.java:format(89)) - Storage directory /home/runner/work/ozone/ozone/hadoop-ozone/integration-test/target/test-dir/MiniOzoneClusterImpl-d9654bc9-ecac-4fba-a00b-99e809f3940b/datanode-2/data/ratis/620f2965-f2e9-45b4-a295-e5049d8d6ce2 has been successfully formatted.
2022-10-03 12:55:27,784 [pool-410-thread-1] INFO  ratis.ContainerStateMachine (ContainerStateMachine.java:loadSnapshot(236)) - group-E5049D8D6CE2: The snapshot info is null. Setting the last applied indexto:(t:0, i:~)
2022-10-03 12:55:27,785 [pool-410-thread-1] INFO  server.RaftServerConfigKeys (ConfUtils.java:logGet(46)) - raft.server.notification.no-leader.timeout = 300s (custom)
2022-10-03 12:55:27,785 [pool-410-thread-1] INFO  server.RaftServerConfigKeys (ConfUtils.java:logGet(46)) - raft.server.log.use.memory = false (default)
2022-10-03 12:55:27,786 [pool-410-thread-1] INFO  server.RaftServerConfigKeys (ConfUtils.java:logGet(46)) - raft.server.log.purge.gap = 1000000 (custom)
2022-10-03 12:55:27,786 [pool-410-thread-1] INFO  server.RaftServerConfigKeys (ConfUtils.java:logGet(46)) - raft.server.log.appender.buffer.byte-limit = 33554432 (custom)
2022-10-03 12:55:27,786 [pool-410-thread-1] INFO  server.RaftServerConfigKeys (ConfUtils.java:logGet(46)) - raft.server.log.statemachine.data.read.timeout = 1000ms (default)
2022-10-03 12:55:27,786 [pool-410-thread-1] INFO  server.RaftServerConfigKeys (ConfUtils.java:logGet(46)) - raft.server.log.segment.size.max = 1048576 (custom)
2022-10-03 12:55:27,787 [pool-410-thread-1] INFO  server.RaftServerConfigKeys (ConfUtils.java:logGet(46)) - raft.server.log.segment.cache.num.max = 2 (custom)
2022-10-03 12:55:27,787 [pool-410-thread-1] INFO  server.RaftServerConfigKeys (ConfUtils.java:logGet(46)) - raft.server.log.segment.cache.size.max = 200MB (=209715200) (default)
2022-10-03 12:55:27,787 [pool-410-thread-1] INFO  segmented.SegmentedRaftLogWorker (SegmentedRaftLogWorker.java:<init>(187)) - new c6640430-6736-4c18-b373-1226daafac87@group-E5049D8D6CE2-SegmentedRaftLogWorker for RaftStorageImpl:Storage Directory /home/runner/work/ozone/ozone/hadoop-ozone/integration-test/target/test-dir/MiniOzoneClusterImpl-d9654bc9-ecac-4fba-a00b-99e809f3940b/datanode-2/data/ratis/620f2965-f2e9-45b4-a295-e5049d8d6ce2
2022-10-03 12:55:27,787 [pool-410-thread-1] INFO  server.RaftServerConfigKeys (ConfUtils.java:logGet(46)) - raft.server.log.queue.byte-limit = 4294967296 (custom)
2022-10-03 12:55:27,787 [pool-410-thread-1] INFO  server.RaftServerConfigKeys (ConfUtils.java:logGet(46)) - raft.server.log.queue.element-limit = 1024 (custom)
2022-10-03 12:55:27,787 [pool-410-thread-1] INFO  server.RaftServerConfigKeys (ConfUtils.java:logGet(46)) - raft.server.log.segment.size.max = 1048576 (custom)
2022-10-03 12:55:27,787 [pool-410-thread-1] INFO  server.RaftServerConfigKeys (ConfUtils.java:logGet(46)) - raft.server.log.preallocated.size = 16384 (custom)
2022-10-03 12:55:27,787 [pool-410-thread-1] INFO  server.RaftServerConfigKeys (ConfUtils.java:logGet(46)) - raft.server.log.force.sync.num = 128 (default)
2022-10-03 12:55:27,787 [pool-410-thread-1] INFO  server.RaftServerConfigKeys (ConfUtils.java:logGet(46)) - raft.server.log.statemachine.data.sync = true (default)
2022-10-03 12:55:27,787 [pool-410-thread-1] INFO  server.RaftServerConfigKeys (ConfUtils.java:logGet(46)) - raft.server.log.statemachine.data.sync.timeout = 10s (default)
2022-10-03 12:55:27,787 [pool-410-thread-1] INFO  server.RaftServerConfigKeys (ConfUtils.java:logGet(46)) - raft.server.log.statemachine.data.sync.timeout.retry = -1 (default)
2022-10-03 12:55:27,788 [pool-410-thread-1] INFO  server.RaftServerConfigKeys (ConfUtils.java:logGet(46)) - raft.server.log.write.buffer.size = 1048576 (custom)
2022-10-03 12:55:27,788 [pool-410-thread-1] INFO  server.RaftServerConfigKeys (ConfUtils.java:logGet(46)) - raft.server.log.unsafe-flush.enabled = false (default)
2022-10-03 12:55:27,788 [pool-410-thread-1] INFO  server.RaftServerConfigKeys (ConfUtils.java:logGet(46)) - raft.server.log.statemachine.data.caching.enabled = true (custom)
2022-10-03 12:55:27,788 [pool-410-thread-1] INFO  segmented.SegmentedRaftLogWorker (SegmentedRaftLogWorker.java:lambda$new$0(135)) - c6640430-6736-4c18-b373-1226daafac87@group-E5049D8D6CE2-SegmentedRaftLogWorker: flushIndex: setUnconditionally 0 -> -1
2022-10-03 12:55:27,789 [pool-410-thread-1] INFO  segmented.SegmentedRaftLogWorker (SegmentedRaftLogWorker.java:lambda$new$0(135)) - c6640430-6736-4c18-b373-1226daafac87@group-E5049D8D6CE2-SegmentedRaftLogWorker: safeCacheEvictIndex: setUnconditionally 0 -> -1
2022-10-03 12:55:27,805 [pool-410-thread-1] INFO  server.RaftServerConfigKeys (ConfUtils.java:logGet(46)) - raft.server.snapshot.auto.trigger.enabled = true (custom)
2022-10-03 12:55:27,805 [pool-410-thread-1] INFO  server.RaftServerConfigKeys (ConfUtils.java:logGet(46)) - raft.server.snapshot.auto.trigger.threshold = 10000 (custom)
2022-10-03 12:55:27,805 [pool-410-thread-1] INFO  server.RaftServerConfigKeys (ConfUtils.java:logGet(46)) - raft.server.snapshot.retention.file.num = 5 (custom)
2022-10-03 12:55:27,805 [pool-410-thread-1] INFO  server.RaftServerConfigKeys (ConfUtils.java:logGet(46)) - raft.server.log.purge.upto.snapshot.index = false (default)
2022-10-03 12:55:27,805 [pool-410-thread-1] INFO  server.RaftServerConfigKeys (ConfUtils.java:logGet(46)) - raft.server.retrycache.expirytime = 600000ms (custom)
2022-10-03 12:55:27,805 [pool-410-thread-1] INFO  server.RaftServerConfigKeys (ConfUtils.java:logGet(46)) - raft.server.retrycache.statistics.expirytime = 100μs (default)
2022-10-03 12:55:27,806 [pool-410-thread-1] INFO  server.RaftServerConfigKeys (ConfUtils.java:logGet(46)) - raft.server.log.appender.install.snapshot.enabled = false (custom)
2022-10-03 12:55:27,806 [pool-410-thread-1] INFO  server.RaftServerConfigKeys (ConfUtils.java:logGet(46)) - raft.server.threadpool.server.cached = true (default)
2022-10-03 12:55:27,806 [pool-410-thread-1] INFO  server.RaftServerConfigKeys (ConfUtils.java:logGet(46)) - raft.server.threadpool.server.size = 0 (default)
2022-10-03 12:55:27,806 [pool-410-thread-1] INFO  server.RaftServerConfigKeys (ConfUtils.java:logGet(46)) - raft.server.threadpool.client.cached = true (default)
2022-10-03 12:55:27,806 [pool-410-thread-1] INFO  server.RaftServerConfigKeys (ConfUtils.java:logGet(46)) - raft.server.threadpool.client.size = 0 (default)
2022-10-03 12:55:27,806 [pool-410-thread-1] INFO  server.RaftServer$Division (RaftServerImpl.java:start(310)) - c6640430-6736-4c18-b373-1226daafac87@group-E5049D8D6CE2: start as a follower, conf=-1: [24b78423-202f-4d58-a16c-bf0353a26f6d|rpc:10.1.0.147:34309|dataStream:|priority:1, a8f19c9c-b965-441c-b59b-0eb44c264cfd|rpc:10.1.0.147:36157|dataStream:|priority:0, c6640430-6736-4c18-b373-1226daafac87|rpc:10.1.0.147:46643|dataStream:|priority:0], old=null
2022-10-03 12:55:27,806 [pool-410-thread-1] INFO  server.RaftServer$Division (RaftServerImpl.java:setRole(299)) - c6640430-6736-4c18-b373-1226daafac87@group-E5049D8D6CE2: changes role from      null to FOLLOWER at term 0 for startAsFollower
2022-10-03 12:55:27,807 [pool-410-thread-1] INFO  impl.RoleInfo (RoleInfo.java:updateAndGet(139)) - c6640430-6736-4c18-b373-1226daafac87: start c6640430-6736-4c18-b373-1226daafac87@group-E5049D8D6CE2-FollowerState
2022-10-03 12:55:27,817 [pool-410-thread-1] INFO  util.JmxRegister (JmxRegister.java:tryRegister(44)) - Successfully registered JMX Bean with object name Ratis:service=RaftServer,group=group-E5049D8D6CE2,id=c6640430-6736-4c18-b373-1226daafac87
2022-10-03 12:55:27,854 [Command processor thread] INFO  commandhandler.CreatePipelineCommandHandler (CreatePipelineCommandHandler.java:handle(113)) - Created Pipeline RATIS THREE PipelineID=620f2965-f2e9-45b4-a295-e5049d8d6ce2.
2022-10-03 12:55:28,062 [Listener at 127.0.0.1/42881] INFO  ozone.MiniOzoneClusterImpl (MiniOzoneClusterImpl.java:lambda$waitForClusterToBeReady$0(216)) - Nodes are ready. Got 3 of 3 DN Heartbeats.
2022-10-03 12:55:28,062 [Listener at 127.0.0.1/42881] INFO  ozone.MiniOzoneClusterImpl (MiniOzoneClusterImpl.java:lambda$waitForClusterToBeReady$0(219)) - Waiting for cluster to exit safe mode
2022-10-03 12:55:28,062 [Listener at 127.0.0.1/42881] INFO  ozone.MiniOzoneClusterImpl (MiniOzoneClusterImpl.java:lambda$waitForClusterToBeReady$0(221)) - SCM became leader
2022-10-03 12:55:28,110 [Command processor thread] INFO  server.RaftServer (RaftServerProxy.java:addNew(96)) - 24b78423-202f-4d58-a16c-bf0353a26f6d: addNew group-84D15DC147D9:[24b78423-202f-4d58-a16c-bf0353a26f6d|rpc:10.1.0.147:34309|priority:1] returns group-84D15DC147D9:java.util.concurrent.CompletableFuture@78a1323[Not completed]
2022-10-03 12:55:28,111 [pool-387-thread-1] INFO  server.RaftServer$Division (RaftServerImpl.java:<init>(190)) - 24b78423-202f-4d58-a16c-bf0353a26f6d: new RaftServerImpl for group-84D15DC147D9:[24b78423-202f-4d58-a16c-bf0353a26f6d|rpc:10.1.0.147:34309|priority:1] with ContainerStateMachine:uninitialized
2022-10-03 12:55:28,111 [pool-387-thread-1] INFO  server.RaftServerConfigKeys (ConfUtils.java:logGet(46)) - raft.server.rpc.timeout.min = 5s (custom)
2022-10-03 12:55:28,111 [pool-387-thread-1] INFO  server.RaftServerConfigKeys (ConfUtils.java:logGet(46)) - raft.server.rpc.timeout.max = 5200ms (custom)
2022-10-03 12:55:28,112 [pool-387-thread-1] INFO  server.RaftServerConfigKeys (ConfUtils.java:logGet(46)) - raft.server.rpc.sleep.time = 25ms (default)
2022-10-03 12:55:28,112 [pool-387-thread-1] INFO  server.RaftServerConfigKeys (ConfUtils.java:logGet(46)) - raft.server.rpc.slowness.timeout = 300s (custom)
2022-10-03 12:55:28,112 [pool-387-thread-1] INFO  server.RaftServerConfigKeys (ConfUtils.java:logGet(46)) - raft.server.leaderelection.leader.step-down.wait-time = 10s (default)
2022-10-03 12:55:28,112 [pool-387-thread-1] INFO  server.RaftServerConfigKeys (ConfUtils.java:logGet(46)) - raft.server.sleep.deviation.threshold = 300ms (default)
2022-10-03 12:55:28,112 [pool-387-thread-1] INFO  server.RaftServer$Division (ServerState.java:<init>(107)) - 24b78423-202f-4d58-a16c-bf0353a26f6d@group-84D15DC147D9: ConfigurationManager, init=-1: [24b78423-202f-4d58-a16c-bf0353a26f6d|rpc:10.1.0.147:34309|priority:1], old=null, confs=<EMPTY_MAP>
2022-10-03 12:55:28,112 [pool-387-thread-1] INFO  server.RaftServerConfigKeys (ConfUtils.java:logGet(46)) - raft.server.storage.dir = [/home/runner/work/ozone/ozone/hadoop-ozone/integration-test/target/test-dir/MiniOzoneClusterImpl-d9654bc9-ecac-4fba-a00b-99e809f3940b/datanode-1/data/ratis] (custom)
2022-10-03 12:55:28,112 [pool-387-thread-1] INFO  server.RaftServerConfigKeys (ConfUtils.java:logGet(46)) - raft.server.log.corruption.policy = EXCEPTION (default)
2022-10-03 12:55:28,112 [pool-387-thread-1] INFO  server.RaftServerConfigKeys (ConfUtils.java:logGet(46)) - raft.server.storage.free-space.min = 0MB (=0) (default)
2022-10-03 12:55:28,112 [pool-387-thread-1] INFO  storage.RaftStorageDirectory (RaftStorageDirectoryImpl.java:analyzeStorage(135)) - The storage directory /home/runner/work/ozone/ozone/hadoop-ozone/integration-test/target/test-dir/MiniOzoneClusterImpl-d9654bc9-ecac-4fba-a00b-99e809f3940b/datanode-1/data/ratis/92008eeb-0304-479b-b4d0-84d15dc147d9 does not exist. Creating ...
2022-10-03 12:55:28,117 [pool-387-thread-1] INFO  storage.RaftStorageDirectory (RaftStorageDirectoryImpl.java:tryLock(230)) - Lock on /home/runner/work/ozone/ozone/hadoop-ozone/integration-test/target/test-dir/MiniOzoneClusterImpl-d9654bc9-ecac-4fba-a00b-99e809f3940b/datanode-1/data/ratis/92008eeb-0304-479b-b4d0-84d15dc147d9/in_use.lock acquired by nodename 2263@fv-az443-503
2022-10-03 12:55:28,118 [pool-387-thread-1] INFO  storage.RaftStorage (RaftStorageImpl.java:format(89)) - Storage directory /home/runner/work/ozone/ozone/hadoop-ozone/integration-test/target/test-dir/MiniOzoneClusterImpl-d9654bc9-ecac-4fba-a00b-99e809f3940b/datanode-1/data/ratis/92008eeb-0304-479b-b4d0-84d15dc147d9 has been successfully formatted.
2022-10-03 12:55:28,120 [EventQueue-PipelineReportForPipelineReportHandler] INFO  pipeline.PipelineManagerImpl (PipelineManagerImpl.java:openPipeline(367)) - Pipeline Pipeline[ Id: 92008eeb-0304-479b-b4d0-84d15dc147d9, Nodes: 24b78423-202f-4d58-a16c-bf0353a26f6d{ip: 10.1.0.147, host: fv-az443-503.ap2fcshprsnunfx25e1aelzb4b.cx.internal.cloudapp.net, ports: [REPLICATION=41079, RATIS=34309, RATIS_ADMIN=34309, RATIS_SERVER=34309, STANDALONE=37471], networkLocation: /default-rack, certSerialId: null, persistedOpState: IN_SERVICE, persistedOpStateExpiryEpochSec: 0}, ReplicationConfig: RATIS/ONE, State:ALLOCATED, leaderId:24b78423-202f-4d58-a16c-bf0353a26f6d, CreationTimestamp2022-10-03T12:55:25.137Z[Etc/UTC]] moved to OPEN state
2022-10-03 12:55:28,120 [EventQueue-OpenPipelineForHealthyPipelineSafeModeRule] INFO  safemode.SCMSafeModeManager (HealthyPipelineSafeModeRule.java:process(137)) - SCM in safe mode. Healthy pipelines reported count is 0, required healthy pipeline reported count is 1
2022-10-03 12:55:28,121 [pool-387-thread-1] INFO  ratis.ContainerStateMachine (ContainerStateMachine.java:loadSnapshot(236)) - group-84D15DC147D9: The snapshot info is null. Setting the last applied indexto:(t:0, i:~)
2022-10-03 12:55:28,121 [pool-387-thread-1] INFO  server.RaftServerConfigKeys (ConfUtils.java:logGet(46)) - raft.server.notification.no-leader.timeout = 300s (custom)
2022-10-03 12:55:28,122 [pool-387-thread-1] INFO  server.RaftServerConfigKeys (ConfUtils.java:logGet(46)) - raft.server.log.use.memory = false (default)
2022-10-03 12:55:28,122 [pool-387-thread-1] INFO  server.RaftServerConfigKeys (ConfUtils.java:logGet(46)) - raft.server.log.purge.gap = 1000000 (custom)
2022-10-03 12:55:28,122 [pool-387-thread-1] INFO  server.RaftServerConfigKeys (ConfUtils.java:logGet(46)) - raft.server.log.appender.buffer.byte-limit = 33554432 (custom)
2022-10-03 12:55:28,122 [pool-387-thread-1] INFO  server.RaftServerConfigKeys (ConfUtils.java:logGet(46)) - raft.server.log.statemachine.data.read.timeout = 1000ms (default)
2022-10-03 12:55:28,122 [pool-387-thread-1] INFO  server.RaftServerConfigKeys (ConfUtils.java:logGet(46)) - raft.server.log.segment.size.max = 1048576 (custom)
2022-10-03 12:55:28,122 [pool-387-thread-1] INFO  server.RaftServerConfigKeys (ConfUtils.java:logGet(46)) - raft.server.log.segment.cache.num.max = 2 (custom)
2022-10-03 12:55:28,122 [pool-387-thread-1] INFO  server.RaftServerConfigKeys (ConfUtils.java:logGet(46)) - raft.server.log.segment.cache.size.max = 200MB (=209715200) (default)
2022-10-03 12:55:28,122 [pool-387-thread-1] INFO  segmented.SegmentedRaftLogWorker (SegmentedRaftLogWorker.java:<init>(187)) - new 24b78423-202f-4d58-a16c-bf0353a26f6d@group-84D15DC147D9-SegmentedRaftLogWorker for RaftStorageImpl:Storage Directory /home/runner/work/ozone/ozone/hadoop-ozone/integration-test/target/test-dir/MiniOzoneClusterImpl-d9654bc9-ecac-4fba-a00b-99e809f3940b/datanode-1/data/ratis/92008eeb-0304-479b-b4d0-84d15dc147d9
2022-10-03 12:55:28,122 [pool-387-thread-1] INFO  server.RaftServerConfigKeys (ConfUtils.java:logGet(46)) - raft.server.log.queue.byte-limit = 4294967296 (custom)
2022-10-03 12:55:28,122 [pool-387-thread-1] INFO  server.RaftServerConfigKeys (ConfUtils.java:logGet(46)) - raft.server.log.queue.element-limit = 1024 (custom)
2022-10-03 12:55:28,123 [pool-387-thread-1] INFO  server.RaftServerConfigKeys (ConfUtils.java:logGet(46)) - raft.server.log.segment.size.max = 1048576 (custom)
2022-10-03 12:55:28,123 [pool-387-thread-1] INFO  server.RaftServerConfigKeys (ConfUtils.java:logGet(46)) - raft.server.log.preallocated.size = 16384 (custom)
2022-10-03 12:55:28,123 [pool-387-thread-1] INFO  server.RaftServerConfigKeys (ConfUtils.java:logGet(46)) - raft.server.log.force.sync.num = 128 (default)
2022-10-03 12:55:28,123 [pool-387-thread-1] INFO  server.RaftServerConfigKeys (ConfUtils.java:logGet(46)) - raft.server.log.statemachine.data.sync = true (default)
2022-10-03 12:55:28,123 [pool-387-thread-1] INFO  server.RaftServerConfigKeys (ConfUtils.java:logGet(46)) - raft.server.log.statemachine.data.sync.timeout = 10s (default)
2022-10-03 12:55:28,123 [pool-387-thread-1] INFO  server.RaftServerConfigKeys (ConfUtils.java:logGet(46)) - raft.server.log.statemachine.data.sync.timeout.retry = -1 (default)
2022-10-03 12:55:28,123 [pool-387-thread-1] INFO  server.RaftServerConfigKeys (ConfUtils.java:logGet(46)) - raft.server.log.write.buffer.size = 1048576 (custom)
2022-10-03 12:55:28,124 [pool-387-thread-1] INFO  server.RaftServerConfigKeys (ConfUtils.java:logGet(46)) - raft.server.log.unsafe-flush.enabled = false (default)
2022-10-03 12:55:28,124 [pool-387-thread-1] INFO  server.RaftServerConfigKeys (ConfUtils.java:logGet(46)) - raft.server.log.statemachine.data.caching.enabled = true (custom)
2022-10-03 12:55:28,124 [pool-387-thread-1] INFO  segmented.SegmentedRaftLogWorker (SegmentedRaftLogWorker.java:lambda$new$0(135)) - 24b78423-202f-4d58-a16c-bf0353a26f6d@group-84D15DC147D9-SegmentedRaftLogWorker: flushIndex: setUnconditionally 0 -> -1
2022-10-03 12:55:28,124 [pool-387-thread-1] INFO  segmented.SegmentedRaftLogWorker (SegmentedRaftLogWorker.java:lambda$new$0(135)) - 24b78423-202f-4d58-a16c-bf0353a26f6d@group-84D15DC147D9-SegmentedRaftLogWorker: safeCacheEvictIndex: setUnconditionally 0 -> -1
2022-10-03 12:55:28,137 [pool-387-thread-1] INFO  server.RaftServerConfigKeys (ConfUtils.java:logGet(46)) - raft.server.snapshot.auto.trigger.enabled = true (custom)
2022-10-03 12:55:28,137 [pool-387-thread-1] INFO  server.RaftServerConfigKeys (ConfUtils.java:logGet(46)) - raft.server.snapshot.auto.trigger.threshold = 10000 (custom)
2022-10-03 12:55:28,137 [pool-387-thread-1] INFO  server.RaftServerConfigKeys (ConfUtils.java:logGet(46)) - raft.server.snapshot.retention.file.num = 5 (custom)
2022-10-03 12:55:28,137 [pool-387-thread-1] INFO  server.RaftServerConfigKeys (ConfUtils.java:logGet(46)) - raft.server.log.purge.upto.snapshot.index = false (default)
2022-10-03 12:55:28,137 [pool-387-thread-1] INFO  server.RaftServerConfigKeys (ConfUtils.java:logGet(46)) - raft.server.retrycache.expirytime = 600000ms (custom)
2022-10-03 12:55:28,137 [pool-387-thread-1] INFO  server.RaftServerConfigKeys (ConfUtils.java:logGet(46)) - raft.server.retrycache.statistics.expirytime = 100μs (default)
2022-10-03 12:55:28,138 [pool-387-thread-1] INFO  server.RaftServerConfigKeys (ConfUtils.java:logGet(46)) - raft.server.log.appender.install.snapshot.enabled = false (custom)
2022-10-03 12:55:28,138 [pool-387-thread-1] INFO  server.RaftServerConfigKeys (ConfUtils.java:logGet(46)) - raft.server.threadpool.server.cached = true (default)
2022-10-03 12:55:28,138 [pool-387-thread-1] INFO  server.RaftServerConfigKeys (ConfUtils.java:logGet(46)) - raft.server.threadpool.server.size = 0 (default)
2022-10-03 12:55:28,138 [pool-387-thread-1] INFO  server.RaftServerConfigKeys (ConfUtils.java:logGet(46)) - raft.server.threadpool.client.cached = true (default)
2022-10-03 12:55:28,138 [pool-387-thread-1] INFO  server.RaftServerConfigKeys (ConfUtils.java:logGet(46)) - raft.server.threadpool.client.size = 0 (default)
2022-10-03 12:55:28,138 [pool-387-thread-1] INFO  server.RaftServer$Division (RaftServerImpl.java:start(310)) - 24b78423-202f-4d58-a16c-bf0353a26f6d@group-84D15DC147D9: start as a follower, conf=-1: [24b78423-202f-4d58-a16c-bf0353a26f6d|rpc:10.1.0.147:34309|priority:1], old=null
2022-10-03 12:55:28,138 [pool-387-thread-1] INFO  server.RaftServer$Division (RaftServerImpl.java:setRole(299)) - 24b78423-202f-4d58-a16c-bf0353a26f6d@group-84D15DC147D9: changes role from      null to FOLLOWER at term 0 for startAsFollower
2022-10-03 12:55:28,138 [pool-387-thread-1] INFO  impl.RoleInfo (RoleInfo.java:updateAndGet(139)) - 24b78423-202f-4d58-a16c-bf0353a26f6d: start 24b78423-202f-4d58-a16c-bf0353a26f6d@group-84D15DC147D9-FollowerState
2022-10-03 12:55:28,149 [pool-387-thread-1] INFO  util.JmxRegister (JmxRegister.java:tryRegister(44)) - Successfully registered JMX Bean with object name Ratis:service=RaftServer,group=group-84D15DC147D9,id=24b78423-202f-4d58-a16c-bf0353a26f6d
2022-10-03 12:55:28,155 [Command processor thread] INFO  ratis.XceiverServerRatis (XceiverServerRatis.java:addGroup(765)) - Created group PipelineID=92008eeb-0304-479b-b4d0-84d15dc147d9
2022-10-03 12:55:28,155 [Command processor thread] INFO  commandhandler.CreatePipelineCommandHandler (CreatePipelineCommandHandler.java:handle(113)) - Created Pipeline RATIS ONE PipelineID=92008eeb-0304-479b-b4d0-84d15dc147d9.
2022-10-03 12:55:29,062 [Listener at 127.0.0.1/42881] INFO  ozone.MiniOzoneClusterImpl (MiniOzoneClusterImpl.java:lambda$waitForClusterToBeReady$0(216)) - Nodes are ready. Got 3 of 3 DN Heartbeats.
2022-10-03 12:55:29,062 [Listener at 127.0.0.1/42881] INFO  ozone.MiniOzoneClusterImpl (MiniOzoneClusterImpl.java:lambda$waitForClusterToBeReady$0(219)) - Waiting for cluster to exit safe mode
2022-10-03 12:55:29,062 [Listener at 127.0.0.1/42881] INFO  ozone.MiniOzoneClusterImpl (MiniOzoneClusterImpl.java:lambda$waitForClusterToBeReady$0(221)) - SCM became leader
2022-10-03 12:55:29,077 [Command processor thread] INFO  server.RaftServer (RaftServerProxy.java:addNew(96)) - c6640430-6736-4c18-b373-1226daafac87: addNew group-A0D42FA9B87A:[c6640430-6736-4c18-b373-1226daafac87|rpc:10.1.0.147:46643|priority:1] returns group-A0D42FA9B87A:java.util.concurrent.CompletableFuture@6ec02455[Not completed]
2022-10-03 12:55:29,078 [pool-410-thread-1] INFO  server.RaftServer$Division (RaftServerImpl.java:<init>(190)) - c6640430-6736-4c18-b373-1226daafac87: new RaftServerImpl for group-A0D42FA9B87A:[c6640430-6736-4c18-b373-1226daafac87|rpc:10.1.0.147:46643|priority:1] with ContainerStateMachine:uninitialized
2022-10-03 12:55:29,078 [pool-410-thread-1] INFO  server.RaftServerConfigKeys (ConfUtils.java:logGet(46)) - raft.server.rpc.timeout.min = 5s (custom)
2022-10-03 12:55:29,078 [pool-410-thread-1] INFO  server.RaftServerConfigKeys (ConfUtils.java:logGet(46)) - raft.server.rpc.timeout.max = 5200ms (custom)
2022-10-03 12:55:29,078 [pool-410-thread-1] INFO  server.RaftServerConfigKeys (ConfUtils.java:logGet(46)) - raft.server.rpc.sleep.time = 25ms (default)
2022-10-03 12:55:29,078 [pool-410-thread-1] INFO  server.RaftServerConfigKeys (ConfUtils.java:logGet(46)) - raft.server.rpc.slowness.timeout = 300s (custom)
2022-10-03 12:55:29,078 [pool-410-thread-1] INFO  server.RaftServerConfigKeys (ConfUtils.java:logGet(46)) - raft.server.leaderelection.leader.step-down.wait-time = 10s (default)
2022-10-03 12:55:29,078 [pool-410-thread-1] INFO  server.RaftServerConfigKeys (ConfUtils.java:logGet(46)) - raft.server.sleep.deviation.threshold = 300ms (default)
2022-10-03 12:55:29,078 [pool-410-thread-1] INFO  server.RaftServer$Division (ServerState.java:<init>(107)) - c6640430-6736-4c18-b373-1226daafac87@group-A0D42FA9B87A: ConfigurationManager, init=-1: [c6640430-6736-4c18-b373-1226daafac87|rpc:10.1.0.147:46643|priority:1], old=null, confs=<EMPTY_MAP>
2022-10-03 12:55:29,078 [pool-410-thread-1] INFO  server.RaftServerConfigKeys (ConfUtils.java:logGet(46)) - raft.server.storage.dir = [/home/runner/work/ozone/ozone/hadoop-ozone/integration-test/target/test-dir/MiniOzoneClusterImpl-d9654bc9-ecac-4fba-a00b-99e809f3940b/datanode-2/data/ratis] (custom)
2022-10-03 12:55:29,079 [pool-410-thread-1] INFO  server.RaftServerConfigKeys (ConfUtils.java:logGet(46)) - raft.server.log.corruption.policy = EXCEPTION (default)
2022-10-03 12:55:29,079 [pool-410-thread-1] INFO  server.RaftServerConfigKeys (ConfUtils.java:logGet(46)) - raft.server.storage.free-space.min = 0MB (=0) (default)
2022-10-03 12:55:29,079 [pool-410-thread-1] INFO  storage.RaftStorageDirectory (RaftStorageDirectoryImpl.java:analyzeStorage(135)) - The storage directory /home/runner/work/ozone/ozone/hadoop-ozone/integration-test/target/test-dir/MiniOzoneClusterImpl-d9654bc9-ecac-4fba-a00b-99e809f3940b/datanode-2/data/ratis/665fc2b6-d4ab-4827-b123-a0d42fa9b87a does not exist. Creating ...
2022-10-03 12:55:29,080 [pool-410-thread-1] INFO  storage.RaftStorageDirectory (RaftStorageDirectoryImpl.java:tryLock(230)) - Lock on /home/runner/work/ozone/ozone/hadoop-ozone/integration-test/target/test-dir/MiniOzoneClusterImpl-d9654bc9-ecac-4fba-a00b-99e809f3940b/datanode-2/data/ratis/665fc2b6-d4ab-4827-b123-a0d42fa9b87a/in_use.lock acquired by nodename 2263@fv-az443-503
2022-10-03 12:55:29,081 [pool-410-thread-1] INFO  storage.RaftStorage (RaftStorageImpl.java:format(89)) - Storage directory /home/runner/work/ozone/ozone/hadoop-ozone/integration-test/target/test-dir/MiniOzoneClusterImpl-d9654bc9-ecac-4fba-a00b-99e809f3940b/datanode-2/data/ratis/665fc2b6-d4ab-4827-b123-a0d42fa9b87a has been successfully formatted.
2022-10-03 12:55:29,081 [pool-410-thread-1] INFO  ratis.ContainerStateMachine (ContainerStateMachine.java:loadSnapshot(236)) - group-A0D42FA9B87A: The snapshot info is null. Setting the last applied indexto:(t:0, i:~)
2022-10-03 12:55:29,082 [EventQueue-PipelineReportForPipelineReportHandler] INFO  pipeline.PipelineManagerImpl (PipelineManagerImpl.java:openPipeline(367)) - Pipeline Pipeline[ Id: 665fc2b6-d4ab-4827-b123-a0d42fa9b87a, Nodes: c6640430-6736-4c18-b373-1226daafac87{ip: 10.1.0.147, host: fv-az443-503.ap2fcshprsnunfx25e1aelzb4b.cx.internal.cloudapp.net, ports: [REPLICATION=43247, RATIS=46643, RATIS_ADMIN=46643, RATIS_SERVER=46643, STANDALONE=37869], networkLocation: /default-rack, certSerialId: null, persistedOpState: IN_SERVICE, persistedOpStateExpiryEpochSec: 0}, ReplicationConfig: RATIS/ONE, State:ALLOCATED, leaderId:c6640430-6736-4c18-b373-1226daafac87, CreationTimestamp2022-10-03T12:55:26.087Z[Etc/UTC]] moved to OPEN state
2022-10-03 12:55:29,083 [EventQueue-OpenPipelineForHealthyPipelineSafeModeRule] INFO  safemode.SCMSafeModeManager (HealthyPipelineSafeModeRule.java:process(137)) - SCM in safe mode. Healthy pipelines reported count is 0, required healthy pipeline reported count is 1
2022-10-03 12:55:29,083 [pool-410-thread-1] INFO  server.RaftServerConfigKeys (ConfUtils.java:logGet(46)) - raft.server.notification.no-leader.timeout = 300s (custom)
2022-10-03 12:55:29,083 [pool-410-thread-1] INFO  server.RaftServerConfigKeys (ConfUtils.java:logGet(46)) - raft.server.log.use.memory = false (default)
2022-10-03 12:55:29,083 [pool-410-thread-1] INFO  server.RaftServerConfigKeys (ConfUtils.java:logGet(46)) - raft.server.log.purge.gap = 1000000 (custom)
2022-10-03 12:55:29,083 [pool-410-thread-1] INFO  server.RaftServerConfigKeys (ConfUtils.java:logGet(46)) - raft.server.log.appender.buffer.byte-limit = 33554432 (custom)
2022-10-03 12:55:29,083 [pool-410-thread-1] INFO  server.RaftServerConfigKeys (ConfUtils.java:logGet(46)) - raft.server.log.statemachine.data.read.timeout = 1000ms (default)
2022-10-03 12:55:29,083 [pool-410-thread-1] INFO  server.RaftServerConfigKeys (ConfUtils.java:logGet(46)) - raft.server.log.segment.size.max = 1048576 (custom)
2022-10-03 12:55:29,084 [pool-410-thread-1] INFO  server.RaftServerConfigKeys (ConfUtils.java:logGet(46)) - raft.server.log.segment.cache.num.max = 2 (custom)
2022-10-03 12:55:29,084 [pool-410-thread-1] INFO  server.RaftServerConfigKeys (ConfUtils.java:logGet(46)) - raft.server.log.segment.cache.size.max = 200MB (=209715200) (default)
2022-10-03 12:55:29,084 [pool-410-thread-1] INFO  segmented.SegmentedRaftLogWorker (SegmentedRaftLogWorker.java:<init>(187)) - new c6640430-6736-4c18-b373-1226daafac87@group-A0D42FA9B87A-SegmentedRaftLogWorker for RaftStorageImpl:Storage Directory /home/runner/work/ozone/ozone/hadoop-ozone/integration-test/target/test-dir/MiniOzoneClusterImpl-d9654bc9-ecac-4fba-a00b-99e809f3940b/datanode-2/data/ratis/665fc2b6-d4ab-4827-b123-a0d42fa9b87a
2022-10-03 12:55:29,084 [pool-410-thread-1] INFO  server.RaftServerConfigKeys (ConfUtils.java:logGet(46)) - raft.server.log.queue.byte-limit = 4294967296 (custom)
2022-10-03 12:55:29,084 [pool-410-thread-1] INFO  server.RaftServerConfigKeys (ConfUtils.java:logGet(46)) - raft.server.log.queue.element-limit = 1024 (custom)
2022-10-03 12:55:29,084 [pool-410-thread-1] INFO  server.RaftServerConfigKeys (ConfUtils.java:logGet(46)) - raft.server.log.segment.size.max = 1048576 (custom)
2022-10-03 12:55:29,084 [pool-410-thread-1] INFO  server.RaftServerConfigKeys (ConfUtils.java:logGet(46)) - raft.server.log.preallocated.size = 16384 (custom)
2022-10-03 12:55:29,084 [pool-410-thread-1] INFO  server.RaftServerConfigKeys (ConfUtils.java:logGet(46)) - raft.server.log.force.sync.num = 128 (default)
2022-10-03 12:55:29,084 [pool-410-thread-1] INFO  server.RaftServerConfigKeys (ConfUtils.java:logGet(46)) - raft.server.log.statemachine.data.sync = true (default)
2022-10-03 12:55:29,084 [pool-410-thread-1] INFO  server.RaftServerConfigKeys (ConfUtils.java:logGet(46)) - raft.server.log.statemachine.data.sync.timeout = 10s (default)
2022-10-03 12:55:29,084 [pool-410-thread-1] INFO  server.RaftServerConfigKeys (ConfUtils.java:logGet(46)) - raft.server.log.statemachine.data.sync.timeout.retry = -1 (default)
2022-10-03 12:55:29,085 [pool-410-thread-1] INFO  server.RaftServerConfigKeys (ConfUtils.java:logGet(46)) - raft.server.log.write.buffer.size = 1048576 (custom)
2022-10-03 12:55:29,085 [pool-410-thread-1] INFO  server.RaftServerConfigKeys (ConfUtils.java:logGet(46)) - raft.server.log.unsafe-flush.enabled = false (default)
2022-10-03 12:55:29,085 [pool-410-thread-1] INFO  server.RaftServerConfigKeys (ConfUtils.java:logGet(46)) - raft.server.log.statemachine.data.caching.enabled = true (custom)
2022-10-03 12:55:29,085 [pool-410-thread-1] INFO  segmented.SegmentedRaftLogWorker (SegmentedRaftLogWorker.java:lambda$new$0(135)) - c6640430-6736-4c18-b373-1226daafac87@group-A0D42FA9B87A-SegmentedRaftLogWorker: flushIndex: setUnconditionally 0 -> -1
2022-10-03 12:55:29,086 [pool-410-thread-1] INFO  segmented.SegmentedRaftLogWorker (SegmentedRaftLogWorker.java:lambda$new$0(135)) - c6640430-6736-4c18-b373-1226daafac87@group-A0D42FA9B87A-SegmentedRaftLogWorker: safeCacheEvictIndex: setUnconditionally 0 -> -1
2022-10-03 12:55:29,113 [pool-410-thread-1] INFO  server.RaftServerConfigKeys (ConfUtils.java:logGet(46)) - raft.server.snapshot.auto.trigger.enabled = true (custom)
2022-10-03 12:55:29,113 [pool-410-thread-1] INFO  server.RaftServerConfigKeys (ConfUtils.java:logGet(46)) - raft.server.snapshot.auto.trigger.threshold = 10000 (custom)
2022-10-03 12:55:29,113 [pool-410-thread-1] INFO  server.RaftServerConfigKeys (ConfUtils.java:logGet(46)) - raft.server.snapshot.retention.file.num = 5 (custom)
2022-10-03 12:55:29,113 [pool-410-thread-1] INFO  server.RaftServerConfigKeys (ConfUtils.java:logGet(46)) - raft.server.log.purge.upto.snapshot.index = false (default)
2022-10-03 12:55:29,114 [pool-410-thread-1] INFO  server.RaftServerConfigKeys (ConfUtils.java:logGet(46)) - raft.server.retrycache.expirytime = 600000ms (custom)
2022-10-03 12:55:29,114 [pool-410-thread-1] INFO  server.RaftServerConfigKeys (ConfUtils.java:logGet(46)) - raft.server.retrycache.statistics.expirytime = 100μs (default)
2022-10-03 12:55:29,115 [pool-410-thread-1] INFO  server.RaftServerConfigKeys (ConfUtils.java:logGet(46)) - raft.server.log.appender.install.snapshot.enabled = false (custom)
2022-10-03 12:55:29,115 [pool-410-thread-1] INFO  server.RaftServerConfigKeys (ConfUtils.java:logGet(46)) - raft.server.threadpool.server.cached = true (default)
2022-10-03 12:55:29,115 [pool-410-thread-1] INFO  server.RaftServerConfigKeys (ConfUtils.java:logGet(46)) - raft.server.threadpool.server.size = 0 (default)
2022-10-03 12:55:29,115 [pool-410-thread-1] INFO  server.RaftServerConfigKeys (ConfUtils.java:logGet(46)) - raft.server.threadpool.client.cached = true (default)
2022-10-03 12:55:29,115 [pool-410-thread-1] INFO  server.RaftServerConfigKeys (ConfUtils.java:logGet(46)) - raft.server.threadpool.client.size = 0 (default)
2022-10-03 12:55:29,115 [pool-410-thread-1] INFO  server.RaftServer$Division (RaftServerImpl.java:start(310)) - c6640430-6736-4c18-b373-1226daafac87@group-A0D42FA9B87A: start as a follower, conf=-1: [c6640430-6736-4c18-b373-1226daafac87|rpc:10.1.0.147:46643|priority:1], old=null
2022-10-03 12:55:29,115 [pool-410-thread-1] INFO  server.RaftServer$Division (RaftServerImpl.java:setRole(299)) - c6640430-6736-4c18-b373-1226daafac87@group-A0D42FA9B87A: changes role from      null to FOLLOWER at term 0 for startAsFollower
2022-10-03 12:55:29,115 [pool-410-thread-1] INFO  impl.RoleInfo (RoleInfo.java:updateAndGet(139)) - c6640430-6736-4c18-b373-1226daafac87: start c6640430-6736-4c18-b373-1226daafac87@group-A0D42FA9B87A-FollowerState
2022-10-03 12:55:29,139 [pool-410-thread-1] INFO  util.JmxRegister (JmxRegister.java:tryRegister(44)) - Successfully registered JMX Bean with object name Ratis:service=RaftServer,group=group-A0D42FA9B87A,id=c6640430-6736-4c18-b373-1226daafac87
2022-10-03 12:55:29,145 [Command processor thread] INFO  ratis.XceiverServerRatis (XceiverServerRatis.java:addGroup(765)) - Created group PipelineID=665fc2b6-d4ab-4827-b123-a0d42fa9b87a
2022-10-03 12:55:29,145 [Command processor thread] INFO  commandhandler.CreatePipelineCommandHandler (CreatePipelineCommandHandler.java:handle(113)) - Created Pipeline RATIS ONE PipelineID=665fc2b6-d4ab-4827-b123-a0d42fa9b87a.
2022-10-03 12:55:30,063 [Listener at 127.0.0.1/42881] INFO  ozone.MiniOzoneClusterImpl (MiniOzoneClusterImpl.java:lambda$waitForClusterToBeReady$0(216)) - Nodes are ready. Got 3 of 3 DN Heartbeats.
2022-10-03 12:55:30,063 [Listener at 127.0.0.1/42881] INFO  ozone.MiniOzoneClusterImpl (MiniOzoneClusterImpl.java:lambda$waitForClusterToBeReady$0(219)) - Waiting for cluster to exit safe mode
2022-10-03 12:55:30,063 [Listener at 127.0.0.1/42881] INFO  ozone.MiniOzoneClusterImpl (MiniOzoneClusterImpl.java:lambda$waitForClusterToBeReady$0(221)) - SCM became leader
2022-10-03 12:55:31,063 [Listener at 127.0.0.1/42881] INFO  ozone.MiniOzoneClusterImpl (MiniOzoneClusterImpl.java:lambda$waitForClusterToBeReady$0(216)) - Nodes are ready. Got 3 of 3 DN Heartbeats.
2022-10-03 12:55:31,063 [Listener at 127.0.0.1/42881] INFO  ozone.MiniOzoneClusterImpl (MiniOzoneClusterImpl.java:lambda$waitForClusterToBeReady$0(219)) - Waiting for cluster to exit safe mode
2022-10-03 12:55:31,063 [Listener at 127.0.0.1/42881] INFO  ozone.MiniOzoneClusterImpl (MiniOzoneClusterImpl.java:lambda$waitForClusterToBeReady$0(221)) - SCM became leader
2022-10-03 12:55:32,064 [Listener at 127.0.0.1/42881] INFO  ozone.MiniOzoneClusterImpl (MiniOzoneClusterImpl.java:lambda$waitForClusterToBeReady$0(216)) - Nodes are ready. Got 3 of 3 DN Heartbeats.
2022-10-03 12:55:32,064 [Listener at 127.0.0.1/42881] INFO  ozone.MiniOzoneClusterImpl (MiniOzoneClusterImpl.java:lambda$waitForClusterToBeReady$0(219)) - Waiting for cluster to exit safe mode
2022-10-03 12:55:32,064 [Listener at 127.0.0.1/42881] INFO  ozone.MiniOzoneClusterImpl (MiniOzoneClusterImpl.java:lambda$waitForClusterToBeReady$0(221)) - SCM became leader
2022-10-03 12:55:32,256 [a8f19c9c-b965-441c-b59b-0eb44c264cfd@group-BFE09AAA9304-FollowerState] INFO  impl.FollowerState (FollowerState.java:run(143)) - a8f19c9c-b965-441c-b59b-0eb44c264cfd@group-BFE09AAA9304-FollowerState: change to CANDIDATE, lastRpcElapsedTime:5089358030ns, electionTimeout:5055ms
2022-10-03 12:55:32,256 [a8f19c9c-b965-441c-b59b-0eb44c264cfd@group-BFE09AAA9304-FollowerState] INFO  impl.RoleInfo (RoleInfo.java:shutdownFollowerState(110)) - a8f19c9c-b965-441c-b59b-0eb44c264cfd: shutdown a8f19c9c-b965-441c-b59b-0eb44c264cfd@group-BFE09AAA9304-FollowerState
2022-10-03 12:55:32,256 [a8f19c9c-b965-441c-b59b-0eb44c264cfd@group-BFE09AAA9304-FollowerState] INFO  server.RaftServer$Division (RaftServerImpl.java:setRole(299)) - a8f19c9c-b965-441c-b59b-0eb44c264cfd@group-BFE09AAA9304: changes role from  FOLLOWER to CANDIDATE at term 0 for changeToCandidate
2022-10-03 12:55:32,257 [a8f19c9c-b965-441c-b59b-0eb44c264cfd@group-BFE09AAA9304-FollowerState] INFO  server.RaftServerConfigKeys (ConfUtils.java:logGet(46)) - raft.server.leaderelection.pre-vote = false (custom)
2022-10-03 12:55:32,257 [a8f19c9c-b965-441c-b59b-0eb44c264cfd@group-BFE09AAA9304-FollowerState] INFO  impl.RoleInfo (RoleInfo.java:updateAndGet(139)) - a8f19c9c-b965-441c-b59b-0eb44c264cfd: start a8f19c9c-b965-441c-b59b-0eb44c264cfd@group-BFE09AAA9304-LeaderElection26
2022-10-03 12:55:32,275 [a8f19c9c-b965-441c-b59b-0eb44c264cfd@group-BFE09AAA9304-LeaderElection26] INFO  impl.LeaderElection (LeaderElection.java:askForVotes(310)) - a8f19c9c-b965-441c-b59b-0eb44c264cfd@group-BFE09AAA9304-LeaderElection26 ELECTION round 0: submit vote requests at term 1 for -1: [a8f19c9c-b965-441c-b59b-0eb44c264cfd|rpc:10.1.0.147:36157|priority:1], old=null
2022-10-03 12:55:32,275 [a8f19c9c-b965-441c-b59b-0eb44c264cfd@group-BFE09AAA9304-LeaderElection26] INFO  impl.LeaderElection (LeaderElection.java:askForVotes(312)) - a8f19c9c-b965-441c-b59b-0eb44c264cfd@group-BFE09AAA9304-LeaderElection26 ELECTION round 0: result PASSED (term=1)
2022-10-03 12:55:32,275 [a8f19c9c-b965-441c-b59b-0eb44c264cfd@group-BFE09AAA9304-LeaderElection26] INFO  impl.RoleInfo (RoleInfo.java:shutdownLeaderElection(130)) - a8f19c9c-b965-441c-b59b-0eb44c264cfd: shutdown a8f19c9c-b965-441c-b59b-0eb44c264cfd@group-BFE09AAA9304-LeaderElection26
2022-10-03 12:55:32,275 [a8f19c9c-b965-441c-b59b-0eb44c264cfd@group-BFE09AAA9304-LeaderElection26] INFO  server.RaftServer$Division (RaftServerImpl.java:setRole(299)) - a8f19c9c-b965-441c-b59b-0eb44c264cfd@group-BFE09AAA9304: changes role from CANDIDATE to LEADER at term 1 for changeToLeader
2022-10-03 12:55:32,275 [a8f19c9c-b965-441c-b59b-0eb44c264cfd@group-BFE09AAA9304-LeaderElection26] INFO  ratis.XceiverServerRatis (XceiverServerRatis.java:handleLeaderChangedNotification(863)) - Leader change notification received for group: group-BFE09AAA9304 with new leaderId: a8f19c9c-b965-441c-b59b-0eb44c264cfd
2022-10-03 12:55:32,275 [a8f19c9c-b965-441c-b59b-0eb44c264cfd@group-BFE09AAA9304-LeaderElection26] INFO  server.RaftServer$Division (ServerState.java:setLeader(287)) - a8f19c9c-b965-441c-b59b-0eb44c264cfd@group-BFE09AAA9304: change Leader from null to a8f19c9c-b965-441c-b59b-0eb44c264cfd at term 1 for becomeLeader, leader elected after 5139ms
2022-10-03 12:55:32,275 [a8f19c9c-b965-441c-b59b-0eb44c264cfd@group-BFE09AAA9304-LeaderElection26] INFO  server.RaftServerConfigKeys (ConfUtils.java:logGet(46)) - raft.server.staging.catchup.gap = 1000 (default)
2022-10-03 12:55:32,276 [a8f19c9c-b965-441c-b59b-0eb44c264cfd@group-BFE09AAA9304-LeaderElection26] INFO  server.RaftServerConfigKeys (ConfUtils.java:logGet(46)) - raft.server.write.element-limit = 1024 (custom)
2022-10-03 12:55:32,276 [a8f19c9c-b965-441c-b59b-0eb44c264cfd@group-BFE09AAA9304-LeaderElection26] INFO  server.RaftServerConfigKeys (ConfUtils.java:logGet(46)) - raft.server.write.byte-limit = 1024 M (=1073741824) (custom)
2022-10-03 12:55:32,276 [a8f19c9c-b965-441c-b59b-0eb44c264cfd@group-BFE09AAA9304-LeaderElection26] INFO  server.RaftServerConfigKeys (ConfUtils.java:logGet(46)) - raft.server.watch.timeout = 180s (custom)
2022-10-03 12:55:32,276 [a8f19c9c-b965-441c-b59b-0eb44c264cfd@group-BFE09AAA9304-LeaderElection26] INFO  server.RaftServerConfigKeys (ConfUtils.java:logGet(46)) - raft.server.watch.timeout.denomination = 1s (default)
2022-10-03 12:55:32,276 [a8f19c9c-b965-441c-b59b-0eb44c264cfd@group-BFE09AAA9304-LeaderElection26] INFO  server.RaftServerConfigKeys (ConfUtils.java:logGet(46)) - raft.server.watch.element-limit = 65536 (default)
2022-10-03 12:55:32,276 [a8f19c9c-b965-441c-b59b-0eb44c264cfd@group-BFE09AAA9304-LeaderElection26] INFO  server.RaftServerConfigKeys (ConfUtils.java:logGet(46)) - raft.server.write.element-limit = 1024 (custom)
2022-10-03 12:55:32,276 [a8f19c9c-b965-441c-b59b-0eb44c264cfd@group-BFE09AAA9304-LeaderElection26] INFO  server.RaftServerConfigKeys (ConfUtils.java:logGet(46)) - raft.server.write.follower.gap.ratio.max = -1.0 (default)
2022-10-03 12:55:32,276 [a8f19c9c-b965-441c-b59b-0eb44c264cfd@group-BFE09AAA9304-LeaderElection26] INFO  impl.RoleInfo (RoleInfo.java:updateAndGet(139)) - a8f19c9c-b965-441c-b59b-0eb44c264cfd: start a8f19c9c-b965-441c-b59b-0eb44c264cfd@group-BFE09AAA9304-LeaderStateImpl
2022-10-03 12:55:32,276 [a8f19c9c-b965-441c-b59b-0eb44c264cfd@group-BFE09AAA9304-LeaderElection26] INFO  segmented.SegmentedRaftLogWorker (SegmentedRaftLogWorker.java:startLogSegment(425)) - a8f19c9c-b965-441c-b59b-0eb44c264cfd@group-BFE09AAA9304-SegmentedRaftLogWorker: Starting segment from index:0
2022-10-03 12:55:32,278 [EventQueue-OpenPipelineForHealthyPipelineSafeModeRule] INFO  safemode.SCMSafeModeManager (HealthyPipelineSafeModeRule.java:process(137)) - SCM in safe mode. Healthy pipelines reported count is 0, required healthy pipeline reported count is 1
2022-10-03 12:55:32,281 [a8f19c9c-b965-441c-b59b-0eb44c264cfd@group-BFE09AAA9304-SegmentedRaftLogWorker] INFO  segmented.SegmentedRaftLogWorker (SegmentedRaftLogWorker.java:execute(629)) - a8f19c9c-b965-441c-b59b-0eb44c264cfd@group-BFE09AAA9304-SegmentedRaftLogWorker: created new log segment /home/runner/work/ozone/ozone/hadoop-ozone/integration-test/target/test-dir/MiniOzoneClusterImpl-d9654bc9-ecac-4fba-a00b-99e809f3940b/datanode-0/data/ratis/c52313a6-daa8-47c4-9b63-bfe09aaa9304/current/log_inprogress_0
2022-10-03 12:55:32,285 [a8f19c9c-b965-441c-b59b-0eb44c264cfd@group-BFE09AAA9304-LeaderElection26] INFO  server.RaftServer$Division (ServerState.java:setRaftConf(393)) - a8f19c9c-b965-441c-b59b-0eb44c264cfd@group-BFE09AAA9304: set configuration 0: [a8f19c9c-b965-441c-b59b-0eb44c264cfd|rpc:10.1.0.147:36157|dataStream:|priority:1], old=null
2022-10-03 12:55:32,367 [a8f19c9c-b965-441c-b59b-0eb44c264cfd@group-AB9F71BFD940-FollowerState] INFO  impl.FollowerState (FollowerState.java:run(143)) - a8f19c9c-b965-441c-b59b-0eb44c264cfd@group-AB9F71BFD940-FollowerState: change to CANDIDATE, lastRpcElapsedTime:5148502436ns, electionTimeout:5130ms
2022-10-03 12:55:32,367 [a8f19c9c-b965-441c-b59b-0eb44c264cfd@group-AB9F71BFD940-FollowerState] INFO  impl.RoleInfo (RoleInfo.java:shutdownFollowerState(110)) - a8f19c9c-b965-441c-b59b-0eb44c264cfd: shutdown a8f19c9c-b965-441c-b59b-0eb44c264cfd@group-AB9F71BFD940-FollowerState
2022-10-03 12:55:32,367 [a8f19c9c-b965-441c-b59b-0eb44c264cfd@group-AB9F71BFD940-FollowerState] INFO  server.RaftServer$Division (RaftServerImpl.java:setRole(299)) - a8f19c9c-b965-441c-b59b-0eb44c264cfd@group-AB9F71BFD940: changes role from  FOLLOWER to CANDIDATE at term 0 for changeToCandidate
2022-10-03 12:55:32,367 [a8f19c9c-b965-441c-b59b-0eb44c264cfd@group-AB9F71BFD940-FollowerState] INFO  server.RaftServerConfigKeys (ConfUtils.java:logGet(46)) - raft.server.leaderelection.pre-vote = false (custom)
2022-10-03 12:55:32,368 [a8f19c9c-b965-441c-b59b-0eb44c264cfd@group-AB9F71BFD940-FollowerState] INFO  impl.RoleInfo (RoleInfo.java:updateAndGet(139)) - a8f19c9c-b965-441c-b59b-0eb44c264cfd: start a8f19c9c-b965-441c-b59b-0eb44c264cfd@group-AB9F71BFD940-LeaderElection27
2022-10-03 12:55:32,410 [a8f19c9c-b965-441c-b59b-0eb44c264cfd@group-AB9F71BFD940-LeaderElection27] INFO  impl.LeaderElection (LeaderElection.java:askForVotes(310)) - a8f19c9c-b965-441c-b59b-0eb44c264cfd@group-AB9F71BFD940-LeaderElection27 ELECTION round 0: submit vote requests at term 1 for -1: [24b78423-202f-4d58-a16c-bf0353a26f6d|rpc:10.1.0.147:34309|priority:0, a8f19c9c-b965-441c-b59b-0eb44c264cfd|rpc:10.1.0.147:36157|priority:1, c6640430-6736-4c18-b373-1226daafac87|rpc:10.1.0.147:46643|priority:0], old=null
2022-10-03 12:55:32,460 [grpc-default-executor-0] INFO  server.RaftServer$Division (RaftServerImpl.java:requestVote(1152)) - 24b78423-202f-4d58-a16c-bf0353a26f6d@group-AB9F71BFD940: receive requestVote(ELECTION, a8f19c9c-b965-441c-b59b-0eb44c264cfd, group-AB9F71BFD940, 1, (t:0, i:0))
2022-10-03 12:55:32,460 [grpc-default-executor-0] INFO  impl.VoteContext (VoteContext.java:log(48)) - 24b78423-202f-4d58-a16c-bf0353a26f6d@group-AB9F71BFD940-FOLLOWER: accept ELECTION from a8f19c9c-b965-441c-b59b-0eb44c264cfd: our priority 0 <= candidate's priority 1
2022-10-03 12:55:32,460 [grpc-default-executor-0] INFO  server.RaftServer$Division (RaftServerImpl.java:setRole(299)) - 24b78423-202f-4d58-a16c-bf0353a26f6d@group-AB9F71BFD940: changes role from  FOLLOWER to FOLLOWER at term 1 for candidate:a8f19c9c-b965-441c-b59b-0eb44c264cfd
2022-10-03 12:55:32,460 [grpc-default-executor-0] INFO  impl.RoleInfo (RoleInfo.java:shutdownFollowerState(110)) - 24b78423-202f-4d58-a16c-bf0353a26f6d: shutdown 24b78423-202f-4d58-a16c-bf0353a26f6d@group-AB9F71BFD940-FollowerState
2022-10-03 12:55:32,460 [grpc-default-executor-0] INFO  impl.RoleInfo (RoleInfo.java:updateAndGet(139)) - 24b78423-202f-4d58-a16c-bf0353a26f6d: start 24b78423-202f-4d58-a16c-bf0353a26f6d@group-AB9F71BFD940-FollowerState
2022-10-03 12:55:32,460 [24b78423-202f-4d58-a16c-bf0353a26f6d@group-AB9F71BFD940-FollowerState] INFO  impl.FollowerState (FollowerState.java:run(152)) - 24b78423-202f-4d58-a16c-bf0353a26f6d@group-AB9F71BFD940-FollowerState was interrupted
2022-10-03 12:55:32,462 [grpc-default-executor-0] INFO  server.RaftServer$Division (RaftServerImpl.java:requestVote(1184)) - 24b78423-202f-4d58-a16c-bf0353a26f6d@group-AB9F71BFD940 replies to ELECTION vote request: a8f19c9c-b965-441c-b59b-0eb44c264cfd<-24b78423-202f-4d58-a16c-bf0353a26f6d#0:OK-t1. Peer's state: 24b78423-202f-4d58-a16c-bf0353a26f6d@group-AB9F71BFD940:t1, leader=null, voted=a8f19c9c-b965-441c-b59b-0eb44c264cfd, raftlog=24b78423-202f-4d58-a16c-bf0353a26f6d@group-AB9F71BFD940-SegmentedRaftLog:OPENED:c-1, conf=-1: [24b78423-202f-4d58-a16c-bf0353a26f6d|rpc:10.1.0.147:34309|dataStream:|priority:0, a8f19c9c-b965-441c-b59b-0eb44c264cfd|rpc:10.1.0.147:36157|dataStream:|priority:1, c6640430-6736-4c18-b373-1226daafac87|rpc:10.1.0.147:46643|dataStream:|priority:0], old=null
2022-10-03 12:55:32,483 [a8f19c9c-b965-441c-b59b-0eb44c264cfd@group-AB9F71BFD940-LeaderElection27] INFO  impl.LeaderElection (LeaderElection.java:logAndReturn(90)) - a8f19c9c-b965-441c-b59b-0eb44c264cfd@group-AB9F71BFD940-LeaderElection27: ELECTION PASSED received 1 response(s) and 0 exception(s):
2022-10-03 12:55:32,483 [a8f19c9c-b965-441c-b59b-0eb44c264cfd@group-AB9F71BFD940-LeaderElection27] INFO  impl.LeaderElection (LeaderElection.java:logAndReturn(94)) -   Response 0: a8f19c9c-b965-441c-b59b-0eb44c264cfd<-24b78423-202f-4d58-a16c-bf0353a26f6d#0:OK-t1
2022-10-03 12:55:32,483 [a8f19c9c-b965-441c-b59b-0eb44c264cfd@group-AB9F71BFD940-LeaderElection27] INFO  impl.LeaderElection (LeaderElection.java:askForVotes(312)) - a8f19c9c-b965-441c-b59b-0eb44c264cfd@group-AB9F71BFD940-LeaderElection27 ELECTION round 0: result PASSED
2022-10-03 12:55:32,483 [a8f19c9c-b965-441c-b59b-0eb44c264cfd@group-AB9F71BFD940-LeaderElection27] INFO  impl.RoleInfo (RoleInfo.java:shutdownLeaderElection(130)) - a8f19c9c-b965-441c-b59b-0eb44c264cfd: shutdown a8f19c9c-b965-441c-b59b-0eb44c264cfd@group-AB9F71BFD940-LeaderElection27
2022-10-03 12:55:32,483 [a8f19c9c-b965-441c-b59b-0eb44c264cfd@group-AB9F71BFD940-LeaderElection27] INFO  server.RaftServer$Division (RaftServerImpl.java:setRole(299)) - a8f19c9c-b965-441c-b59b-0eb44c264cfd@group-AB9F71BFD940: changes role from CANDIDATE to LEADER at term 1 for changeToLeader
2022-10-03 12:55:32,483 [a8f19c9c-b965-441c-b59b-0eb44c264cfd@group-AB9F71BFD940-LeaderElection27] INFO  ratis.XceiverServerRatis (XceiverServerRatis.java:handleLeaderChangedNotification(863)) - Leader change notification received for group: group-AB9F71BFD940 with new leaderId: a8f19c9c-b965-441c-b59b-0eb44c264cfd
2022-10-03 12:55:32,483 [a8f19c9c-b965-441c-b59b-0eb44c264cfd@group-AB9F71BFD940-LeaderElection27] INFO  server.RaftServer$Division (ServerState.java:setLeader(287)) - a8f19c9c-b965-441c-b59b-0eb44c264cfd@group-AB9F71BFD940: change Leader from null to a8f19c9c-b965-441c-b59b-0eb44c264cfd at term 1 for becomeLeader, leader elected after 5272ms
2022-10-03 12:55:32,483 [a8f19c9c-b965-441c-b59b-0eb44c264cfd@group-AB9F71BFD940-LeaderElection27] INFO  server.RaftServerConfigKeys (ConfUtils.java:logGet(46)) - raft.server.staging.catchup.gap = 1000 (default)
2022-10-03 12:55:32,483 [a8f19c9c-b965-441c-b59b-0eb44c264cfd@group-AB9F71BFD940-LeaderElection27] INFO  server.RaftServerConfigKeys (ConfUtils.java:logGet(46)) - raft.server.write.element-limit = 1024 (custom)
2022-10-03 12:55:32,483 [a8f19c9c-b965-441c-b59b-0eb44c264cfd@group-AB9F71BFD940-LeaderElection27] INFO  server.RaftServerConfigKeys (ConfUtils.java:logGet(46)) - raft.server.write.byte-limit = 1024 M (=1073741824) (custom)
2022-10-03 12:55:32,483 [a8f19c9c-b965-441c-b59b-0eb44c264cfd@group-AB9F71BFD940-LeaderElection27] INFO  server.RaftServerConfigKeys (ConfUtils.java:logGet(46)) - raft.server.watch.timeout = 180s (custom)
2022-10-03 12:55:32,484 [a8f19c9c-b965-441c-b59b-0eb44c264cfd@group-AB9F71BFD940-LeaderElection27] INFO  server.RaftServerConfigKeys (ConfUtils.java:logGet(46)) - raft.server.watch.timeout.denomination = 1s (default)
2022-10-03 12:55:32,484 [a8f19c9c-b965-441c-b59b-0eb44c264cfd@group-AB9F71BFD940-LeaderElection27] INFO  server.RaftServerConfigKeys (ConfUtils.java:logGet(46)) - raft.server.watch.element-limit = 65536 (default)
2022-10-03 12:55:32,484 [a8f19c9c-b965-441c-b59b-0eb44c264cfd@group-AB9F71BFD940-LeaderElection27] INFO  server.RaftServerConfigKeys (ConfUtils.java:logGet(46)) - raft.server.write.element-limit = 1024 (custom)
2022-10-03 12:55:32,484 [a8f19c9c-b965-441c-b59b-0eb44c264cfd@group-AB9F71BFD940-LeaderElection27] INFO  server.RaftServerConfigKeys (ConfUtils.java:logGet(46)) - raft.server.write.follower.gap.ratio.max = -1.0 (default)
2022-10-03 12:55:32,484 [a8f19c9c-b965-441c-b59b-0eb44c264cfd@group-AB9F71BFD940-LeaderElection27] INFO  server.RaftServerConfigKeys (ConfUtils.java:logGet(46)) - raft.server.log.appender.snapshot.chunk.size.max = 16MB (=16777216) (default)
2022-10-03 12:55:32,484 [a8f19c9c-b965-441c-b59b-0eb44c264cfd@group-AB9F71BFD940-LeaderElection27] INFO  server.RaftServerConfigKeys (ConfUtils.java:logGet(46)) - raft.server.log.appender.buffer.byte-limit = 33554432 (custom)
2022-10-03 12:55:32,484 [a8f19c9c-b965-441c-b59b-0eb44c264cfd@group-AB9F71BFD940-LeaderElection27] INFO  server.RaftServerConfigKeys (ConfUtils.java:logGet(46)) - raft.server.log.appender.buffer.element-limit = 1 (custom)
2022-10-03 12:55:32,484 [a8f19c9c-b965-441c-b59b-0eb44c264cfd@group-AB9F71BFD940-LeaderElection27] INFO  grpc.GrpcConfigKeys (ConfUtils.java:logGet(46)) - raft.grpc.server.leader.outstanding.appends.max = 128 (default)
2022-10-03 12:55:32,484 [a8f19c9c-b965-441c-b59b-0eb44c264cfd@group-AB9F71BFD940-LeaderElection27] INFO  server.RaftServerConfigKeys (ConfUtils.java:logGet(46)) - raft.server.rpc.request.timeout = 60s (custom)
2022-10-03 12:55:32,484 [a8f19c9c-b965-441c-b59b-0eb44c264cfd@group-AB9F71BFD940-LeaderElection27] INFO  server.RaftServerConfigKeys (ConfUtils.java:logGet(46)) - raft.server.log.appender.install.snapshot.enabled = false (custom)
2022-10-03 12:55:32,486 [EventQueue-PipelineReportForPipelineReportHandler] INFO  pipeline.PipelineManagerImpl (PipelineManagerImpl.java:openPipeline(367)) - Pipeline Pipeline[ Id: adf5fb66-eb63-4d73-accf-ab9f71bfd940, Nodes: a8f19c9c-b965-441c-b59b-0eb44c264cfd{ip: 10.1.0.147, host: fv-az443-503.ap2fcshprsnunfx25e1aelzb4b.cx.internal.cloudapp.net, ports: [REPLICATION=41673, RATIS=36157, RATIS_ADMIN=36157, RATIS_SERVER=36157, STANDALONE=36525], networkLocation: /default-rack, certSerialId: null, persistedOpState: IN_SERVICE, persistedOpStateExpiryEpochSec: 0}24b78423-202f-4d58-a16c-bf0353a26f6d{ip: 10.1.0.147, host: fv-az443-503.ap2fcshprsnunfx25e1aelzb4b.cx.internal.cloudapp.net, ports: [REPLICATION=41079, RATIS=34309, RATIS_ADMIN=34309, RATIS_SERVER=34309, STANDALONE=37471], networkLocation: /default-rack, certSerialId: null, persistedOpState: IN_SERVICE, persistedOpStateExpiryEpochSec: 0}c6640430-6736-4c18-b373-1226daafac87{ip: 10.1.0.147, host: fv-az443-503.ap2fcshprsnunfx25e1aelzb4b.cx.internal.cloudapp.net, ports: [REPLICATION=43247, RATIS=46643, RATIS_ADMIN=46643, RATIS_SERVER=46643, STANDALONE=37869], networkLocation: /default-rack, certSerialId: null, persistedOpState: IN_SERVICE, persistedOpStateExpiryEpochSec: 0}, ReplicationConfig: RATIS/THREE, State:ALLOCATED, leaderId:a8f19c9c-b965-441c-b59b-0eb44c264cfd, CreationTimestamp2022-10-03T12:55:26.088Z[Etc/UTC]] moved to OPEN state
2022-10-03 12:55:32,487 [EventQueue-OpenPipelineForHealthyPipelineSafeModeRule] INFO  safemode.SCMSafeModeManager (HealthyPipelineSafeModeRule.java:process(137)) - SCM in safe mode. Healthy pipelines reported count is 0, required healthy pipeline reported count is 1
2022-10-03 12:55:32,487 [EventQueue-OpenPipelineForHealthyPipelineSafeModeRule] INFO  safemode.SCMSafeModeManager (HealthyPipelineSafeModeRule.java:process(137)) - SCM in safe mode. Healthy pipelines reported count is 1, required healthy pipeline reported count is 1
2022-10-03 12:55:32,487 [EventQueue-OpenPipelineForHealthyPipelineSafeModeRule] INFO  safemode.SCMSafeModeManager (SCMSafeModeManager.java:validateSafeModeExitRules(204)) - HealthyPipelineSafeModeRule rule is successfully validated
2022-10-03 12:55:32,487 [EventQueue-OpenPipelineForHealthyPipelineSafeModeRule] INFO  safemode.SCMSafeModeManager (SCMSafeModeManager.java:validateSafeModeExitRules(219)) - ScmSafeModeManager, all rules are successfully validated
2022-10-03 12:55:32,487 [EventQueue-OpenPipelineForHealthyPipelineSafeModeRule] INFO  safemode.SCMSafeModeManager (SCMSafeModeManager.java:exitSafeMode(248)) - SCM exiting safe mode.
2022-10-03 12:55:32,487 [EventQueue-OpenPipelineForHealthyPipelineSafeModeRule] WARN  events.EventQueue (EventQueue.java:fireEvent(216)) - No event handler registered for event TypedEvent{payloadType=SafeModeStatus, name='Safe mode status'}
2022-10-03 12:55:32,487 [EventQueue-OpenPipelineForHealthyPipelineSafeModeRule] INFO  ha.SCMContext (SCMContext.java:updateSafeModeStatus(228)) - Update SafeModeStatus from SafeModeStatus{safeModeStatus=true, preCheckPassed=true} to SafeModeStatus{safeModeStatus=false, preCheckPassed=true}.
2022-10-03 12:55:32,487 [EventQueue-OpenPipelineForHealthyPipelineSafeModeRule] INFO  pipeline.BackgroundPipelineCreator (BackgroundPipelineCreator.java:notifyStatusChanged(254)) - Service BackgroundPipelineCreator transitions to RUNNING.
2022-10-03 12:55:32,487 [EventQueue-OpenPipelineForHealthyPipelineSafeModeRule] INFO  BackgroundPipelineScrubber (BackgroundSCMService.java:notifyStatusChanged(82)) - Service BackgroundPipelineScrubber transitions to RUNNING.
2022-10-03 12:55:32,487 [EventQueue-OpenPipelineForHealthyPipelineSafeModeRule] INFO  ExpiredContainerReplicaOpScrubber (BackgroundSCMService.java:notifyStatusChanged(82)) - Service ExpiredContainerReplicaOpScrubber transitions to RUNNING.
2022-10-03 12:55:32,487 [EventQueue-OpenPipelineForHealthyPipelineSafeModeRule] INFO  replication.ReplicationManager (ReplicationManager.java:notifyStatusChanged(728)) - Service ReplicationManager transitions to RUNNING.
2022-10-03 12:55:32,487 [EventQueue-OpenPipelineForHealthyPipelineSafeModeRule] WARN  balancer.ContainerBalancer (ContainerBalancer.java:shouldRun(936)) - Could not find persisted configuration for ContainerBalancer when checking if ContainerBalancer should run. ContainerBalancer should not run now.
2022-10-03 12:55:32,505 [a8f19c9c-b965-441c-b59b-0eb44c264cfd@group-AB9F71BFD940-LeaderElection27] INFO  server.RaftServerConfigKeys (ConfUtils.java:logGet(46)) - raft.server.log.appender.snapshot.chunk.size.max = 16MB (=16777216) (default)
2022-10-03 12:55:32,505 [a8f19c9c-b965-441c-b59b-0eb44c264cfd@group-AB9F71BFD940-LeaderElection27] INFO  server.RaftServerConfigKeys (ConfUtils.java:logGet(46)) - raft.server.log.appender.buffer.byte-limit = 33554432 (custom)
2022-10-03 12:55:32,505 [a8f19c9c-b965-441c-b59b-0eb44c264cfd@group-AB9F71BFD940-LeaderElection27] INFO  server.RaftServerConfigKeys (ConfUtils.java:logGet(46)) - raft.server.log.appender.buffer.element-limit = 1 (custom)
2022-10-03 12:55:32,505 [a8f19c9c-b965-441c-b59b-0eb44c264cfd@group-AB9F71BFD940-LeaderElection27] INFO  grpc.GrpcConfigKeys (ConfUtils.java:logGet(46)) - raft.grpc.server.leader.outstanding.appends.max = 128 (default)
2022-10-03 12:55:32,506 [a8f19c9c-b965-441c-b59b-0eb44c264cfd@group-AB9F71BFD940-LeaderElection27] INFO  server.RaftServerConfigKeys (ConfUtils.java:logGet(46)) - raft.server.rpc.request.timeout = 60s (custom)
2022-10-03 12:55:32,506 [a8f19c9c-b965-441c-b59b-0eb44c264cfd@group-AB9F71BFD940-LeaderElection27] INFO  server.RaftServerConfigKeys (ConfUtils.java:logGet(46)) - raft.server.log.appender.install.snapshot.enabled = false (custom)
2022-10-03 12:55:32,506 [a8f19c9c-b965-441c-b59b-0eb44c264cfd@group-AB9F71BFD940-LeaderElection27] INFO  impl.RoleInfo (RoleInfo.java:updateAndGet(139)) - a8f19c9c-b965-441c-b59b-0eb44c264cfd: start a8f19c9c-b965-441c-b59b-0eb44c264cfd@group-AB9F71BFD940-LeaderStateImpl
2022-10-03 12:55:32,506 [a8f19c9c-b965-441c-b59b-0eb44c264cfd@group-AB9F71BFD940-LeaderElection27] INFO  segmented.SegmentedRaftLogWorker (SegmentedRaftLogWorker.java:startLogSegment(425)) - a8f19c9c-b965-441c-b59b-0eb44c264cfd@group-AB9F71BFD940-SegmentedRaftLogWorker: Starting segment from index:0
2022-10-03 12:55:32,508 [a8f19c9c-b965-441c-b59b-0eb44c264cfd@group-AB9F71BFD940-SegmentedRaftLogWorker] INFO  segmented.SegmentedRaftLogWorker (SegmentedRaftLogWorker.java:execute(629)) - a8f19c9c-b965-441c-b59b-0eb44c264cfd@group-AB9F71BFD940-SegmentedRaftLogWorker: created new log segment /home/runner/work/ozone/ozone/hadoop-ozone/integration-test/target/test-dir/MiniOzoneClusterImpl-d9654bc9-ecac-4fba-a00b-99e809f3940b/datanode-0/data/ratis/adf5fb66-eb63-4d73-accf-ab9f71bfd940/current/log_inprogress_0
2022-10-03 12:55:32,546 [a8f19c9c-b965-441c-b59b-0eb44c264cfd@group-AB9F71BFD940-LeaderElection27] INFO  server.RaftServer$Division (ServerState.java:setRaftConf(393)) - a8f19c9c-b965-441c-b59b-0eb44c264cfd@group-AB9F71BFD940: set configuration 0: [24b78423-202f-4d58-a16c-bf0353a26f6d|rpc:10.1.0.147:34309|dataStream:|priority:0, a8f19c9c-b965-441c-b59b-0eb44c264cfd|rpc:10.1.0.147:36157|dataStream:|priority:1, c6640430-6736-4c18-b373-1226daafac87|rpc:10.1.0.147:46643|dataStream:|priority:0], old=null
2022-10-03 12:55:32,591 [grpc-default-executor-1] INFO  server.RaftServer$Division (RaftServerImpl.java:requestVote(1152)) - c6640430-6736-4c18-b373-1226daafac87@group-AB9F71BFD940: receive requestVote(ELECTION, a8f19c9c-b965-441c-b59b-0eb44c264cfd, group-AB9F71BFD940, 1, (t:0, i:0))
2022-10-03 12:55:32,591 [grpc-default-executor-1] INFO  impl.VoteContext (VoteContext.java:log(48)) - c6640430-6736-4c18-b373-1226daafac87@group-AB9F71BFD940-FOLLOWER: accept ELECTION from a8f19c9c-b965-441c-b59b-0eb44c264cfd: our priority 0 <= candidate's priority 1
2022-10-03 12:55:32,591 [grpc-default-executor-1] INFO  server.RaftServer$Division (RaftServerImpl.java:setRole(299)) - c6640430-6736-4c18-b373-1226daafac87@group-AB9F71BFD940: changes role from  FOLLOWER to FOLLOWER at term 1 for candidate:a8f19c9c-b965-441c-b59b-0eb44c264cfd
2022-10-03 12:55:32,591 [grpc-default-executor-1] INFO  impl.RoleInfo (RoleInfo.java:shutdownFollowerState(110)) - c6640430-6736-4c18-b373-1226daafac87: shutdown c6640430-6736-4c18-b373-1226daafac87@group-AB9F71BFD940-FollowerState
2022-10-03 12:55:32,624 [grpc-default-executor-1] INFO  impl.RoleInfo (RoleInfo.java:updateAndGet(139)) - c6640430-6736-4c18-b373-1226daafac87: start c6640430-6736-4c18-b373-1226daafac87@group-AB9F71BFD940-FollowerState
2022-10-03 12:55:32,625 [24b78423-202f-4d58-a16c-bf0353a26f6d-server-thread1] INFO  ratis.XceiverServerRatis (XceiverServerRatis.java:handleLeaderChangedNotification(863)) - Leader change notification received for group: group-AB9F71BFD940 with new leaderId: a8f19c9c-b965-441c-b59b-0eb44c264cfd
2022-10-03 12:55:32,625 [24b78423-202f-4d58-a16c-bf0353a26f6d-server-thread1] INFO  server.RaftServer$Division (ServerState.java:setLeader(287)) - 24b78423-202f-4d58-a16c-bf0353a26f6d@group-AB9F71BFD940: change Leader from null to a8f19c9c-b965-441c-b59b-0eb44c264cfd at term 1 for appendEntries, leader elected after 5284ms
2022-10-03 12:55:32,625 [c6640430-6736-4c18-b373-1226daafac87@group-AB9F71BFD940-FollowerState] INFO  impl.FollowerState (FollowerState.java:run(152)) - c6640430-6736-4c18-b373-1226daafac87@group-AB9F71BFD940-FollowerState was interrupted
2022-10-03 12:55:32,657 [grpc-default-executor-1] INFO  server.RaftServer$Division (RaftServerImpl.java:requestVote(1184)) - c6640430-6736-4c18-b373-1226daafac87@group-AB9F71BFD940 replies to ELECTION vote request: a8f19c9c-b965-441c-b59b-0eb44c264cfd<-c6640430-6736-4c18-b373-1226daafac87#0:OK-t1. Peer's state: c6640430-6736-4c18-b373-1226daafac87@group-AB9F71BFD940:t1, leader=null, voted=a8f19c9c-b965-441c-b59b-0eb44c264cfd, raftlog=c6640430-6736-4c18-b373-1226daafac87@group-AB9F71BFD940-SegmentedRaftLog:OPENED:c-1, conf=-1: [24b78423-202f-4d58-a16c-bf0353a26f6d|rpc:10.1.0.147:34309|dataStream:|priority:0, a8f19c9c-b965-441c-b59b-0eb44c264cfd|rpc:10.1.0.147:36157|dataStream:|priority:1, c6640430-6736-4c18-b373-1226daafac87|rpc:10.1.0.147:46643|dataStream:|priority:0], old=null
2022-10-03 12:55:32,659 [a8f19c9c-b965-441c-b59b-0eb44c264cfd@group-E5049D8D6CE2-FollowerState] INFO  impl.FollowerState (FollowerState.java:run(143)) - a8f19c9c-b965-441c-b59b-0eb44c264cfd@group-E5049D8D6CE2-FollowerState: change to CANDIDATE, lastRpcElapsedTime:5071258673ns, electionTimeout:5033ms
2022-10-03 12:55:32,677 [a8f19c9c-b965-441c-b59b-0eb44c264cfd@group-E5049D8D6CE2-FollowerState] INFO  impl.RoleInfo (RoleInfo.java:shutdownFollowerState(110)) - a8f19c9c-b965-441c-b59b-0eb44c264cfd: shutdown a8f19c9c-b965-441c-b59b-0eb44c264cfd@group-E5049D8D6CE2-FollowerState
2022-10-03 12:55:32,677 [a8f19c9c-b965-441c-b59b-0eb44c264cfd@group-E5049D8D6CE2-FollowerState] INFO  server.RaftServer$Division (RaftServerImpl.java:setRole(299)) - a8f19c9c-b965-441c-b59b-0eb44c264cfd@group-E5049D8D6CE2: changes role from  FOLLOWER to CANDIDATE at term 0 for changeToCandidate
2022-10-03 12:55:32,678 [a8f19c9c-b965-441c-b59b-0eb44c264cfd@group-E5049D8D6CE2-FollowerState] INFO  server.RaftServerConfigKeys (ConfUtils.java:logGet(46)) - raft.server.leaderelection.pre-vote = false (custom)
2022-10-03 12:55:32,678 [a8f19c9c-b965-441c-b59b-0eb44c264cfd@group-E5049D8D6CE2-FollowerState] INFO  impl.RoleInfo (RoleInfo.java:updateAndGet(139)) - a8f19c9c-b965-441c-b59b-0eb44c264cfd: start a8f19c9c-b965-441c-b59b-0eb44c264cfd@group-E5049D8D6CE2-LeaderElection28
2022-10-03 12:55:32,690 [24b78423-202f-4d58-a16c-bf0353a26f6d-server-thread1] INFO  server.RaftServer$Division (ServerState.java:setRaftConf(393)) - 24b78423-202f-4d58-a16c-bf0353a26f6d@group-AB9F71BFD940: set configuration 0: [24b78423-202f-4d58-a16c-bf0353a26f6d|rpc:10.1.0.147:34309|dataStream:|priority:0, a8f19c9c-b965-441c-b59b-0eb44c264cfd|rpc:10.1.0.147:36157|dataStream:|priority:1, c6640430-6736-4c18-b373-1226daafac87|rpc:10.1.0.147:46643|dataStream:|priority:0], old=null
2022-10-03 12:55:32,690 [24b78423-202f-4d58-a16c-bf0353a26f6d-server-thread1] INFO  segmented.SegmentedRaftLogWorker (SegmentedRaftLogWorker.java:startLogSegment(425)) - 24b78423-202f-4d58-a16c-bf0353a26f6d@group-AB9F71BFD940-SegmentedRaftLogWorker: Starting segment from index:0
2022-10-03 12:55:32,714 [24b78423-202f-4d58-a16c-bf0353a26f6d@group-AB9F71BFD940-SegmentedRaftLogWorker] INFO  segmented.SegmentedRaftLogWorker (SegmentedRaftLogWorker.java:execute(629)) - 24b78423-202f-4d58-a16c-bf0353a26f6d@group-AB9F71BFD940-SegmentedRaftLogWorker: created new log segment /home/runner/work/ozone/ozone/hadoop-ozone/integration-test/target/test-dir/MiniOzoneClusterImpl-d9654bc9-ecac-4fba-a00b-99e809f3940b/datanode-1/data/ratis/adf5fb66-eb63-4d73-accf-ab9f71bfd940/current/log_inprogress_0
2022-10-03 12:55:32,717 [c6640430-6736-4c18-b373-1226daafac87-server-thread1] INFO  ratis.XceiverServerRatis (XceiverServerRatis.java:handleLeaderChangedNotification(863)) - Leader change notification received for group: group-AB9F71BFD940 with new leaderId: a8f19c9c-b965-441c-b59b-0eb44c264cfd
2022-10-03 12:55:32,717 [c6640430-6736-4c18-b373-1226daafac87-server-thread1] INFO  server.RaftServer$Division (ServerState.java:setLeader(287)) - c6640430-6736-4c18-b373-1226daafac87@group-AB9F71BFD940: change Leader from null to a8f19c9c-b965-441c-b59b-0eb44c264cfd at term 1 for appendEntries, leader elected after 5226ms
2022-10-03 12:55:32,740 [a8f19c9c-b965-441c-b59b-0eb44c264cfd@group-E5049D8D6CE2-LeaderElection28] INFO  impl.LeaderElection (LeaderElection.java:askForVotes(310)) - a8f19c9c-b965-441c-b59b-0eb44c264cfd@group-E5049D8D6CE2-LeaderElection28 ELECTION round 0: submit vote requests at term 1 for -1: [24b78423-202f-4d58-a16c-bf0353a26f6d|rpc:10.1.0.147:34309|priority:1, a8f19c9c-b965-441c-b59b-0eb44c264cfd|rpc:10.1.0.147:36157|priority:0, c6640430-6736-4c18-b373-1226daafac87|rpc:10.1.0.147:46643|priority:0], old=null
2022-10-03 12:55:32,780 [c6640430-6736-4c18-b373-1226daafac87-server-thread1] INFO  server.RaftServer$Division (ServerState.java:setRaftConf(393)) - c6640430-6736-4c18-b373-1226daafac87@group-AB9F71BFD940: set configuration 0: [24b78423-202f-4d58-a16c-bf0353a26f6d|rpc:10.1.0.147:34309|dataStream:|priority:0, a8f19c9c-b965-441c-b59b-0eb44c264cfd|rpc:10.1.0.147:36157|dataStream:|priority:1, c6640430-6736-4c18-b373-1226daafac87|rpc:10.1.0.147:46643|dataStream:|priority:0], old=null
2022-10-03 12:55:32,781 [c6640430-6736-4c18-b373-1226daafac87-server-thread1] INFO  segmented.SegmentedRaftLogWorker (SegmentedRaftLogWorker.java:startLogSegment(425)) - c6640430-6736-4c18-b373-1226daafac87@group-AB9F71BFD940-SegmentedRaftLogWorker: Starting segment from index:0
2022-10-03 12:55:32,781 [grpc-default-executor-0] INFO  server.RaftServer$Division (RaftServerImpl.java:requestVote(1152)) - 24b78423-202f-4d58-a16c-bf0353a26f6d@group-E5049D8D6CE2: receive requestVote(ELECTION, a8f19c9c-b965-441c-b59b-0eb44c264cfd, group-E5049D8D6CE2, 1, (t:0, i:0))
2022-10-03 12:55:32,781 [grpc-default-executor-0] INFO  impl.VoteContext (VoteContext.java:log(48)) - 24b78423-202f-4d58-a16c-bf0353a26f6d@group-E5049D8D6CE2-FOLLOWER: reject ELECTION from a8f19c9c-b965-441c-b59b-0eb44c264cfd: our priority 1 > candidate's priority 0
2022-10-03 12:55:32,781 [grpc-default-executor-0] INFO  server.RaftServer$Division (RaftServerImpl.java:setRole(299)) - 24b78423-202f-4d58-a16c-bf0353a26f6d@group-E5049D8D6CE2: changes role from  FOLLOWER to FOLLOWER at term 1 for candidate:a8f19c9c-b965-441c-b59b-0eb44c264cfd
2022-10-03 12:55:32,781 [grpc-default-executor-0] INFO  impl.RoleInfo (RoleInfo.java:shutdownFollowerState(110)) - 24b78423-202f-4d58-a16c-bf0353a26f6d: shutdown 24b78423-202f-4d58-a16c-bf0353a26f6d@group-E5049D8D6CE2-FollowerState
2022-10-03 12:55:32,781 [grpc-default-executor-0] INFO  impl.RoleInfo (RoleInfo.java:updateAndGet(139)) - 24b78423-202f-4d58-a16c-bf0353a26f6d: start 24b78423-202f-4d58-a16c-bf0353a26f6d@group-E5049D8D6CE2-FollowerState
2022-10-03 12:55:32,784 [grpc-default-executor-0] INFO  server.RaftServer$Division (RaftServerImpl.java:requestVote(1184)) - 24b78423-202f-4d58-a16c-bf0353a26f6d@group-E5049D8D6CE2 replies to ELECTION vote request: a8f19c9c-b965-441c-b59b-0eb44c264cfd<-24b78423-202f-4d58-a16c-bf0353a26f6d#0:FAIL-t1. Peer's state: 24b78423-202f-4d58-a16c-bf0353a26f6d@group-E5049D8D6CE2:t1, leader=null, voted=null, raftlog=24b78423-202f-4d58-a16c-bf0353a26f6d@group-E5049D8D6CE2-SegmentedRaftLog:OPENED:c-1, conf=-1: [24b78423-202f-4d58-a16c-bf0353a26f6d|rpc:10.1.0.147:34309|dataStream:|priority:1, a8f19c9c-b965-441c-b59b-0eb44c264cfd|rpc:10.1.0.147:36157|dataStream:|priority:0, c6640430-6736-4c18-b373-1226daafac87|rpc:10.1.0.147:46643|dataStream:|priority:0], old=null
2022-10-03 12:55:32,785 [a8f19c9c-b965-441c-b59b-0eb44c264cfd@group-E5049D8D6CE2-LeaderElection28] INFO  impl.LeaderElection (LeaderElection.java:logAndReturn(90)) - a8f19c9c-b965-441c-b59b-0eb44c264cfd@group-E5049D8D6CE2-LeaderElection28: ELECTION REJECTED received 1 response(s) and 0 exception(s):
2022-10-03 12:55:32,785 [a8f19c9c-b965-441c-b59b-0eb44c264cfd@group-E5049D8D6CE2-LeaderElection28] INFO  impl.LeaderElection (LeaderElection.java:logAndReturn(94)) -   Response 0: a8f19c9c-b965-441c-b59b-0eb44c264cfd<-24b78423-202f-4d58-a16c-bf0353a26f6d#0:FAIL-t1
2022-10-03 12:55:32,785 [a8f19c9c-b965-441c-b59b-0eb44c264cfd@group-E5049D8D6CE2-LeaderElection28] INFO  impl.LeaderElection (LeaderElection.java:askForVotes(312)) - a8f19c9c-b965-441c-b59b-0eb44c264cfd@group-E5049D8D6CE2-LeaderElection28 ELECTION round 0: result REJECTED
2022-10-03 12:55:32,785 [24b78423-202f-4d58-a16c-bf0353a26f6d@group-E5049D8D6CE2-FollowerState] INFO  impl.FollowerState (FollowerState.java:run(152)) - 24b78423-202f-4d58-a16c-bf0353a26f6d@group-E5049D8D6CE2-FollowerState was interrupted
2022-10-03 12:55:32,785 [a8f19c9c-b965-441c-b59b-0eb44c264cfd@group-E5049D8D6CE2-LeaderElection28] INFO  server.RaftServer$Division (RaftServerImpl.java:setRole(299)) - a8f19c9c-b965-441c-b59b-0eb44c264cfd@group-E5049D8D6CE2: changes role from CANDIDATE to FOLLOWER at term 1 for REJECTED
2022-10-03 12:55:32,789 [a8f19c9c-b965-441c-b59b-0eb44c264cfd@group-E5049D8D6CE2-LeaderElection28] INFO  impl.RoleInfo (RoleInfo.java:shutdownLeaderElection(130)) - a8f19c9c-b965-441c-b59b-0eb44c264cfd: shutdown a8f19c9c-b965-441c-b59b-0eb44c264cfd@group-E5049D8D6CE2-LeaderElection28
2022-10-03 12:55:32,789 [a8f19c9c-b965-441c-b59b-0eb44c264cfd@group-E5049D8D6CE2-LeaderElection28] INFO  impl.RoleInfo (RoleInfo.java:updateAndGet(139)) - a8f19c9c-b965-441c-b59b-0eb44c264cfd: start a8f19c9c-b965-441c-b59b-0eb44c264cfd@group-E5049D8D6CE2-FollowerState
2022-10-03 12:55:32,789 [c6640430-6736-4c18-b373-1226daafac87@group-AB9F71BFD940-SegmentedRaftLogWorker] INFO  segmented.SegmentedRaftLogWorker (SegmentedRaftLogWorker.java:execute(629)) - c6640430-6736-4c18-b373-1226daafac87@group-AB9F71BFD940-SegmentedRaftLogWorker: created new log segment /home/runner/work/ozone/ozone/hadoop-ozone/integration-test/target/test-dir/MiniOzoneClusterImpl-d9654bc9-ecac-4fba-a00b-99e809f3940b/datanode-2/data/ratis/adf5fb66-eb63-4d73-accf-ab9f71bfd940/current/log_inprogress_0
2022-10-03 12:55:32,865 [grpc-default-executor-0] INFO  server.RaftServer$Division (RaftServerImpl.java:requestVote(1152)) - c6640430-6736-4c18-b373-1226daafac87@group-E5049D8D6CE2: receive requestVote(ELECTION, a8f19c9c-b965-441c-b59b-0eb44c264cfd, group-E5049D8D6CE2, 1, (t:0, i:0))
2022-10-03 12:55:32,865 [grpc-default-executor-0] INFO  impl.VoteContext (VoteContext.java:log(48)) - c6640430-6736-4c18-b373-1226daafac87@group-E5049D8D6CE2-FOLLOWER: accept ELECTION from a8f19c9c-b965-441c-b59b-0eb44c264cfd: our priority 0 <= candidate's priority 0
2022-10-03 12:55:32,865 [grpc-default-executor-0] INFO  server.RaftServer$Division (RaftServerImpl.java:setRole(299)) - c6640430-6736-4c18-b373-1226daafac87@group-E5049D8D6CE2: changes role from  FOLLOWER to FOLLOWER at term 1 for candidate:a8f19c9c-b965-441c-b59b-0eb44c264cfd
2022-10-03 12:55:32,865 [grpc-default-executor-0] INFO  impl.RoleInfo (RoleInfo.java:shutdownFollowerState(110)) - c6640430-6736-4c18-b373-1226daafac87: shutdown c6640430-6736-4c18-b373-1226daafac87@group-E5049D8D6CE2-FollowerState
2022-10-03 12:55:32,865 [grpc-default-executor-0] INFO  impl.RoleInfo (RoleInfo.java:updateAndGet(139)) - c6640430-6736-4c18-b373-1226daafac87: start c6640430-6736-4c18-b373-1226daafac87@group-E5049D8D6CE2-FollowerState
2022-10-03 12:55:32,865 [c6640430-6736-4c18-b373-1226daafac87@group-E5049D8D6CE2-FollowerState] INFO  impl.FollowerState (FollowerState.java:run(152)) - c6640430-6736-4c18-b373-1226daafac87@group-E5049D8D6CE2-FollowerState was interrupted
2022-10-03 12:55:32,874 [grpc-default-executor-0] INFO  server.RaftServer$Division (RaftServerImpl.java:requestVote(1184)) - c6640430-6736-4c18-b373-1226daafac87@group-E5049D8D6CE2 replies to ELECTION vote request: a8f19c9c-b965-441c-b59b-0eb44c264cfd<-c6640430-6736-4c18-b373-1226daafac87#0:OK-t1. Peer's state: c6640430-6736-4c18-b373-1226daafac87@group-E5049D8D6CE2:t1, leader=null, voted=a8f19c9c-b965-441c-b59b-0eb44c264cfd, raftlog=c6640430-6736-4c18-b373-1226daafac87@group-E5049D8D6CE2-SegmentedRaftLog:OPENED:c-1, conf=-1: [24b78423-202f-4d58-a16c-bf0353a26f6d|rpc:10.1.0.147:34309|dataStream:|priority:1, a8f19c9c-b965-441c-b59b-0eb44c264cfd|rpc:10.1.0.147:36157|dataStream:|priority:0, c6640430-6736-4c18-b373-1226daafac87|rpc:10.1.0.147:46643|dataStream:|priority:0], old=null
2022-10-03 12:55:33,064 [Listener at 127.0.0.1/42881] INFO  ozone.MiniOzoneClusterImpl (MiniOzoneClusterImpl.java:lambda$waitForClusterToBeReady$0(216)) - Nodes are ready. Got 3 of 3 DN Heartbeats.
2022-10-03 12:55:33,064 [Listener at 127.0.0.1/42881] INFO  ozone.MiniOzoneClusterImpl (MiniOzoneClusterImpl.java:lambda$waitForClusterToBeReady$0(219)) - Cluster exits safe mode
2022-10-03 12:55:33,064 [Listener at 127.0.0.1/42881] INFO  ozone.MiniOzoneClusterImpl (MiniOzoneClusterImpl.java:lambda$waitForClusterToBeReady$0(221)) - SCM became leader
]]></system-out>
    </rerunFailure>
    <rerunFailure type="java.lang.AssertionError">
      <stackTrace><![CDATA[java.lang.AssertionError
	at org.junit.Assert.fail(Assert.java:87)
	at org.junit.Assert.assertTrue(Assert.java:42)
	at org.junit.Assert.assertTrue(Assert.java:53)
	at org.apache.hadoop.hdds.scm.TestRatisPipelineLeader.testLeaderIdAfterLeaderChange(TestRatisPipelineLeader.java:119)
	at sun.reflect.NativeMethodAccessorImpl.invoke0(Native Method)
	at sun.reflect.NativeMethodAccessorImpl.invoke(NativeMethodAccessorImpl.java:62)
	at sun.reflect.DelegatingMethodAccessorImpl.invoke(DelegatingMethodAccessorImpl.java:43)
	at java.lang.reflect.Method.invoke(Method.java:498)
	at org.junit.platform.commons.util.ReflectionUtils.invokeMethod(ReflectionUtils.java:725)
	at org.junit.jupiter.engine.execution.MethodInvocation.proceed(MethodInvocation.java:60)
	at org.junit.jupiter.engine.execution.InvocationInterceptorChain$ValidatingInvocation.proceed(InvocationInterceptorChain.java:131)
	at org.junit.jupiter.engine.extension.TimeoutInvocation.proceed(TimeoutInvocation.java:46)
	at org.junit.jupiter.engine.extension.TimeoutExtension.intercept(TimeoutExtension.java:149)
	at org.junit.jupiter.engine.extension.TimeoutExtension.interceptTestableMethod(TimeoutExtension.java:140)
	at org.junit.jupiter.engine.extension.TimeoutExtension.interceptTestMethod(TimeoutExtension.java:84)
	at org.junit.jupiter.engine.execution.ExecutableInvoker$ReflectiveInterceptorCall.lambda$ofVoidMethod$0(ExecutableInvoker.java:115)
	at org.junit.jupiter.engine.execution.ExecutableInvoker.lambda$invoke$0(ExecutableInvoker.java:105)
	at org.junit.jupiter.engine.execution.InvocationInterceptorChain$InterceptedInvocation.proceed(InvocationInterceptorChain.java:106)
	at org.junit.jupiter.engine.execution.InvocationInterceptorChain.proceed(InvocationInterceptorChain.java:64)
	at org.junit.jupiter.engine.execution.InvocationInterceptorChain.chainAndInvoke(InvocationInterceptorChain.java:45)
	at org.junit.jupiter.engine.execution.InvocationInterceptorChain.invoke(InvocationInterceptorChain.java:37)
	at org.junit.jupiter.engine.execution.ExecutableInvoker.invoke(ExecutableInvoker.java:104)
	at org.junit.jupiter.engine.execution.ExecutableInvoker.invoke(ExecutableInvoker.java:98)
	at org.junit.jupiter.engine.descriptor.TestMethodTestDescriptor.lambda$invokeTestMethod$7(TestMethodTestDescriptor.java:214)
	at org.junit.platform.engine.support.hierarchical.ThrowableCollector.execute(ThrowableCollector.java:73)
	at org.junit.jupiter.engine.descriptor.TestMethodTestDescriptor.invokeTestMethod(TestMethodTestDescriptor.java:210)
	at org.junit.jupiter.engine.descriptor.TestMethodTestDescriptor.execute(TestMethodTestDescriptor.java:135)
	at org.junit.jupiter.engine.descriptor.TestMethodTestDescriptor.execute(TestMethodTestDescriptor.java:66)
	at org.junit.platform.engine.support.hierarchical.NodeTestTask.lambda$executeRecursively$6(NodeTestTask.java:151)
	at org.junit.platform.engine.support.hierarchical.ThrowableCollector.execute(ThrowableCollector.java:73)
	at org.junit.platform.engine.support.hierarchical.NodeTestTask.lambda$executeRecursively$8(NodeTestTask.java:141)
	at org.junit.platform.engine.support.hierarchical.Node.around(Node.java:137)
	at org.junit.platform.engine.support.hierarchical.NodeTestTask.lambda$executeRecursively$9(NodeTestTask.java:139)
	at org.junit.platform.engine.support.hierarchical.ThrowableCollector.execute(ThrowableCollector.java:73)
	at org.junit.platform.engine.support.hierarchical.NodeTestTask.executeRecursively(NodeTestTask.java:138)
	at org.junit.platform.engine.support.hierarchical.NodeTestTask.execute(NodeTestTask.java:95)
	at java.util.ArrayList.forEach(ArrayList.java:1259)
	at org.junit.platform.engine.support.hierarchical.SameThreadHierarchicalTestExecutorService.invokeAll(SameThreadHierarchicalTestExecutorService.java:41)
	at org.junit.platform.engine.support.hierarchical.NodeTestTask.lambda$executeRecursively$6(NodeTestTask.java:155)
	at org.junit.platform.engine.support.hierarchical.ThrowableCollector.execute(ThrowableCollector.java:73)
	at org.junit.platform.engine.support.hierarchical.NodeTestTask.lambda$executeRecursively$8(NodeTestTask.java:141)
	at org.junit.platform.engine.support.hierarchical.Node.around(Node.java:137)
	at org.junit.platform.engine.support.hierarchical.NodeTestTask.lambda$executeRecursively$9(NodeTestTask.java:139)
	at org.junit.platform.engine.support.hierarchical.ThrowableCollector.execute(ThrowableCollector.java:73)
	at org.junit.platform.engine.support.hierarchical.NodeTestTask.executeRecursively(NodeTestTask.java:138)
	at org.junit.platform.engine.support.hierarchical.NodeTestTask.execute(NodeTestTask.java:95)
	at java.util.ArrayList.forEach(ArrayList.java:1259)
	at org.junit.platform.engine.support.hierarchical.SameThreadHierarchicalTestExecutorService.invokeAll(SameThreadHierarchicalTestExecutorService.java:41)
	at org.junit.platform.engine.support.hierarchical.NodeTestTask.lambda$executeRecursively$6(NodeTestTask.java:155)
	at org.junit.platform.engine.support.hierarchical.ThrowableCollector.execute(ThrowableCollector.java:73)
	at org.junit.platform.engine.support.hierarchical.NodeTestTask.lambda$executeRecursively$8(NodeTestTask.java:141)
	at org.junit.platform.engine.support.hierarchical.Node.around(Node.java:137)
	at org.junit.platform.engine.support.hierarchical.NodeTestTask.lambda$executeRecursively$9(NodeTestTask.java:139)
	at org.junit.platform.engine.support.hierarchical.ThrowableCollector.execute(ThrowableCollector.java:73)
	at org.junit.platform.engine.support.hierarchical.NodeTestTask.executeRecursively(NodeTestTask.java:138)
	at org.junit.platform.engine.support.hierarchical.NodeTestTask.execute(NodeTestTask.java:95)
	at org.junit.platform.engine.support.hierarchical.SameThreadHierarchicalTestExecutorService.submit(SameThreadHierarchicalTestExecutorService.java:35)
	at org.junit.platform.engine.support.hierarchical.HierarchicalTestExecutor.execute(HierarchicalTestExecutor.java:57)
	at org.junit.platform.engine.support.hierarchical.HierarchicalTestEngine.execute(HierarchicalTestEngine.java:54)
	at org.junit.platform.launcher.core.EngineExecutionOrchestrator.execute(EngineExecutionOrchestrator.java:107)
	at org.junit.platform.launcher.core.EngineExecutionOrchestrator.execute(EngineExecutionOrchestrator.java:88)
	at org.junit.platform.launcher.core.EngineExecutionOrchestrator.lambda$execute$0(EngineExecutionOrchestrator.java:54)
	at org.junit.platform.launcher.core.EngineExecutionOrchestrator.withInterceptedStreams(EngineExecutionOrchestrator.java:67)
	at org.junit.platform.launcher.core.EngineExecutionOrchestrator.execute(EngineExecutionOrchestrator.java:52)
	at org.junit.platform.launcher.core.DefaultLauncher.execute(DefaultLauncher.java:114)
	at org.junit.platform.launcher.core.DefaultLauncher.execute(DefaultLauncher.java:86)
	at org.junit.platform.launcher.core.DefaultLauncherSession$DelegatingLauncher.execute(DefaultLauncherSession.java:86)
	at org.junit.platform.launcher.core.SessionPerRequestLauncher.execute(SessionPerRequestLauncher.java:53)
	at org.apache.maven.surefire.junitplatform.JUnitPlatformProvider.invokeAllTests(JUnitPlatformProvider.java:165)
	at org.apache.maven.surefire.junitplatform.JUnitPlatformProvider.invoke(JUnitPlatformProvider.java:124)
	at org.apache.maven.surefire.booter.ForkedBooter.runSuitesInProcess(ForkedBooter.java:428)
	at org.apache.maven.surefire.booter.ForkedBooter.execute(ForkedBooter.java:162)
	at org.apache.maven.surefire.booter.ForkedBooter.run(ForkedBooter.java:562)
	at org.apache.maven.surefire.booter.ForkedBooter.main(ForkedBooter.java:548)
]]></stackTrace>
      <system-out><![CDATA[2022-10-03 12:55:54,041 [Listener at 127.0.0.1/42881] WARN  server.ServerUtils (ServerUtils.java:getScmDbDir(148)) - ozone.scm.db.dirs is not configured. We recommend adding this setting. Falling back to ozone.metadata.dirs instead.
2022-10-03 12:55:54,050 [Listener at 127.0.0.1/42881] WARN  server.ServerUtils (ServerUtils.java:getScmDbDir(148)) - ozone.scm.db.dirs is not configured. We recommend adding this setting. Falling back to ozone.metadata.dirs instead.
2022-10-03 12:55:54,050 [Listener at 127.0.0.1/42881] INFO  ha.SCMHANodeDetails (SCMHANodeDetails.java:loadSCMHAConfig(209)) - ServiceID for StorageContainerManager is null
2022-10-03 12:55:54,051 [Listener at 127.0.0.1/42881] INFO  ha.SCMHANodeDetails (SCMHANodeDetails.java:loadSCMHAConfig(214)) - ozone.scm.default.service.id is not defined, falling back to ozone.scm.service.ids to find serviceID for StorageContainerManager if it is HA enabled cluster
2022-10-03 12:55:54,051 [Listener at 127.0.0.1/42881] WARN  utils.HAUtils (HAUtils.java:getMetaDir(342)) - ozone.scm.db.dirs is not configured. We recommend adding this setting. Falling back to ozone.metadata.dirs instead.
2022-10-03 12:55:54,051 [Listener at 127.0.0.1/42881] WARN  db.DBStoreBuilder (DBStoreBuilder.java:applyDBDefinition(144)) - ozone.scm.db.dirs is not configured. We recommend adding this setting. Falling back to ozone.metadata.dirs instead.
2022-10-03 12:55:54,374 [Listener at 127.0.0.1/42881] INFO  net.NodeSchemaLoader (NodeSchemaLoader.java:loadSchemaFromFile(129)) - Loading schema from [jar:file:/home/runner/.m2/repository/org/apache/ozone/hdds-common/1.3.0-SNAPSHOT/hdds-common-1.3.0-SNAPSHOT.jar!/network-topology-default.xml]
2022-10-03 12:55:54,374 [Listener at 127.0.0.1/42881] INFO  net.NodeSchemaLoader (NodeSchemaLoader.java:loadSchema(176)) - Loading network topology layer schema file
2022-10-03 12:55:54,390 [Listener at 127.0.0.1/42881] WARN  impl.MetricRegistriesImpl (MetricRegistriesImpl.java:addReporterRegistration(111)) - New reporters are added after registries were created. Some metrics will be missing from the reporter. Please add reporter before adding any new registry.
2022-10-03 12:55:54,390 [Listener at 127.0.0.1/42881] WARN  impl.MetricRegistriesImpl (MetricRegistriesImpl.java:addReporterRegistration(111)) - New reporters are added after registries were created. Some metrics will be missing from the reporter. Please add reporter before adding any new registry.
2022-10-03 12:55:54,391 [Listener at 127.0.0.1/42881] INFO  upgrade.AbstractLayoutVersionManager (AbstractLayoutVersionManager.java:init(83)) - Initializing Layout version manager with metadata layout = DATANODE_SCHEMA_V3 (version = 4), software layout = DATANODE_SCHEMA_V3 (version = 4)
2022-10-03 12:55:54,571 [Listener at 127.0.0.1/42881] INFO  reflections.Reflections (Reflections.java:scan(232)) - Reflections took 178 ms to scan 7 urls, producing 135 keys and 327 values 
2022-10-03 12:55:54,572 [Listener at 127.0.0.1/42881] INFO  ha.SequenceIdGenerator (SequenceIdGenerator.java:upgradeToSequenceId(349)) - upgrade localId to 109611004723200000
2022-10-03 12:55:54,572 [Listener at 127.0.0.1/42881] INFO  ha.SequenceIdGenerator (SequenceIdGenerator.java:upgradeToSequenceId(359)) - upgrade delTxnId to 0
2022-10-03 12:55:54,572 [Listener at 127.0.0.1/42881] INFO  ha.SequenceIdGenerator (SequenceIdGenerator.java:upgradeToSequenceId(376)) - upgrade containerId to 0
2022-10-03 12:55:54,573 [Listener at 127.0.0.1/42881] INFO  ha.SequenceIdGenerator (SequenceIdGenerator.java:<init>(220)) - Init the HA SequenceIdGenerator.
2022-10-03 12:55:54,573 [Listener at 127.0.0.1/42881] WARN  server.ServerUtils (ServerUtils.java:sanitizeUserArgs(73)) - ozone.scm.stale.node.interval value = 300000 is larger than max = 100000 based on the key value of ozone.scm.heartbeat.thread.interval, reset to the max value 100000.
2022-10-03 12:55:54,573 [Listener at 127.0.0.1/42881] WARN  server.ServerUtils (ServerUtils.java:sanitizeUserArgs(73)) - ozone.scm.stale.node.interval value = 300000 is larger than max = 100000 based on the key value of ozone.scm.heartbeat.thread.interval, reset to the max value 100000.
2022-10-03 12:55:54,573 [Listener at 127.0.0.1/42881] INFO  node.SCMNodeManager (SCMNodeManager.java:<init>(149)) - Entering startup safe mode.
2022-10-03 12:55:54,574 [Listener at 127.0.0.1/42881] INFO  algorithms.ContainerPlacementPolicyFactory (ContainerPlacementPolicyFactory.java:getPolicyInternal(86)) - Create container placement policy of type org.apache.hadoop.hdds.scm.container.placement.algorithms.SCMContainerPlacementRandom
2022-10-03 12:55:54,574 [Listener at 127.0.0.1/42881] INFO  algorithms.ContainerPlacementPolicyFactory (ContainerPlacementPolicyFactory.java:getPolicyInternal(86)) - Create container placement policy of type org.apache.hadoop.hdds.scm.container.placement.algorithms.SCMContainerPlacementRackScatter
2022-10-03 12:55:54,574 [Listener at 127.0.0.1/42881] INFO  pipeline.PipelineStateManagerImpl (PipelineStateManagerImpl.java:initialize(78)) - No pipeline exists in current db
2022-10-03 12:55:54,574 [Listener at 127.0.0.1/42881] INFO  algorithms.LeaderChoosePolicyFactory (LeaderChoosePolicyFactory.java:getPolicy(57)) - Create leader choose policy of type org.apache.hadoop.hdds.scm.pipeline.leader.choose.algorithms.MinLeaderCountChoosePolicy
2022-10-03 12:55:54,574 [Listener at 127.0.0.1/42881] INFO  algorithms.ContainerPlacementPolicyFactory (ContainerPlacementPolicyFactory.java:getPolicyInternal(86)) - Create container placement policy of type org.apache.hadoop.hdds.scm.container.placement.algorithms.SCMContainerPlacementRackScatter
2022-10-03 12:55:54,574 [Listener at 127.0.0.1/42881] INFO  ha.SCMServiceManager (SCMServiceManager.java:register(42)) - Registering service BackgroundPipelineCreator.
2022-10-03 12:55:54,574 [Listener at 127.0.0.1/42881] INFO  pipeline.BackgroundPipelineCreator (BackgroundPipelineCreator.java:start(124)) - Starting RatisPipelineUtilsThread.
2022-10-03 12:55:54,584 [Listener at 127.0.0.1/42881] INFO  BackgroundPipelineScrubber (BackgroundSCMService.java:start(68)) - Starting BackgroundPipelineScrubber Service.
2022-10-03 12:55:54,590 [Listener at 127.0.0.1/42881] INFO  ha.SCMServiceManager (SCMServiceManager.java:register(42)) - Registering service BackgroundPipelineScrubber.
2022-10-03 12:55:54,590 [Listener at 127.0.0.1/42881] INFO  ExpiredContainerReplicaOpScrubber (BackgroundSCMService.java:start(68)) - Starting ExpiredContainerReplicaOpScrubber Service.
2022-10-03 12:55:54,591 [Listener at 127.0.0.1/42881] INFO  ha.SCMServiceManager (SCMServiceManager.java:register(42)) - Registering service ExpiredContainerReplicaOpScrubber.
2022-10-03 12:55:54,592 [Listener at 127.0.0.1/42881] INFO  algorithms.PipelineChoosePolicyFactory (PipelineChoosePolicyFactory.java:createPipelineChoosePolicyFromClass(73)) - Create pipeline choose policy of type org.apache.hadoop.hdds.scm.pipeline.choose.algorithms.RandomPipelineChoosePolicy
2022-10-03 12:55:54,592 [Listener at 127.0.0.1/42881] INFO  ha.SCMServiceManager (SCMServiceManager.java:register(42)) - Registering service SCMBlockDeletingService.
2022-10-03 12:55:54,593 [Listener at 127.0.0.1/42881] INFO  replication.ReplicationManager (ReplicationManager.java:start(223)) - Starting Replication Monitor Thread.
2022-10-03 12:55:54,593 [Listener at 127.0.0.1/42881] INFO  ha.SCMServiceManager (SCMServiceManager.java:register(42)) - Registering service ReplicationManager.
2022-10-03 12:55:54,597 [ReplicationMonitor] INFO  replication.ReplicationManager (ReplicationManager.java:processAll(291)) - Replication Manager is not ready to run until 3000ms after safemode exit
2022-10-03 12:55:54,649 [Listener at 127.0.0.1/42881] INFO  safemode.ContainerSafeModeRule (ContainerSafeModeRule.java:<init>(89)) - containers with one replica threshold count 0
2022-10-03 12:55:54,650 [Listener at 127.0.0.1/42881] INFO  safemode.HealthyPipelineSafeModeRule (HealthyPipelineSafeModeRule.java:initializeRule(169)) - Total pipeline count is 0, healthy pipeline threshold count is 1
2022-10-03 12:55:54,650 [Listener at 127.0.0.1/42881] INFO  safemode.OneReplicaPipelineSafeModeRule (OneReplicaPipelineSafeModeRule.java:initializeRule(180)) - Total pipeline count is 0, pipeline's with at least one datanode reported threshold count is 0
2022-10-03 12:55:54,657 [Listener at 127.0.0.1/42881] INFO  ipc.CallQueueManager (CallQueueManager.java:<init>(90)) - Using callQueue: class java.util.concurrent.LinkedBlockingQueue, queueCapacity: 2000, scheduler: class org.apache.hadoop.ipc.DefaultRpcScheduler, ipcBackoff: false.
2022-10-03 12:55:54,662 [Socket Reader #1 for port 0] INFO  ipc.Server (Server.java:run(1265)) - Starting Socket Reader #1 for port 0
2022-10-03 12:55:54,694 [Listener at 0.0.0.0/39163] INFO  ipc.CallQueueManager (CallQueueManager.java:<init>(90)) - Using callQueue: class java.util.concurrent.LinkedBlockingQueue, queueCapacity: 2000, scheduler: class org.apache.hadoop.ipc.DefaultRpcScheduler, ipcBackoff: false.
2022-10-03 12:55:54,714 [Listener at 0.0.0.0/38033] INFO  ipc.CallQueueManager (CallQueueManager.java:<init>(90)) - Using callQueue: class java.util.concurrent.LinkedBlockingQueue, queueCapacity: 2000, scheduler: class org.apache.hadoop.ipc.DefaultRpcScheduler, ipcBackoff: false.
2022-10-03 12:55:54,714 [Socket Reader #1 for port 0] INFO  ipc.Server (Server.java:run(1265)) - Starting Socket Reader #1 for port 0
2022-10-03 12:55:54,714 [Socket Reader #1 for port 0] INFO  ipc.Server (Server.java:run(1265)) - Starting Socket Reader #1 for port 0
2022-10-03 12:55:54,834 [Listener at 0.0.0.0/46365] INFO  ha.SCMServiceManager (SCMServiceManager.java:register(42)) - Registering service ContainerBalancer.
2022-10-03 12:55:54,834 [Listener at 0.0.0.0/46365] INFO  server.StorageContainerManager (StorageContainerManager.java:<init>(410)) - 
Container Balancer status:
Key                            Value
Running                        false
Container Balancer Configuration values:
Key                                                Value
Threshold                                          10
Max Datanodes to Involve per Iteration(percent)    20
Max Size to Move per Iteration                     500GB
Max Size Entering Target per Iteration             26GB
Max Size Leaving Source per Iteration              26GB

2022-10-03 12:55:54,835 [Listener at 0.0.0.0/46365] WARN  events.EventQueue (EventQueue.java:fireEvent(216)) - No event handler registered for event TypedEvent{payloadType=SafeModeStatus, name='Safe mode status'}
2022-10-03 12:55:54,835 [Listener at 0.0.0.0/46365] INFO  ha.SCMContext (SCMContext.java:updateSafeModeStatus(228)) - Update SafeModeStatus from SafeModeStatus{safeModeStatus=true, preCheckPassed=false} to SafeModeStatus{safeModeStatus=true, preCheckPassed=false}.
2022-10-03 12:55:54,835 [Listener at 0.0.0.0/46365] INFO  server.StorageContainerManager (StorageContainerManager.java:start(1436)) - StorageContainerLocationProtocol RPC server is listening at /0.0.0.0:46365
2022-10-03 12:55:54,836 [Listener at 0.0.0.0/46365] WARN  impl.MetricsConfig (MetricsConfig.java:loadFirst(136)) - Cannot locate configuration: tried hadoop-metrics2-storagecontainermanager.properties,hadoop-metrics2.properties
2022-10-03 12:55:54,853 [Listener at 0.0.0.0/46365] INFO  impl.MetricsSystemImpl (MetricsSystemImpl.java:startTimer(378)) - Scheduled Metric snapshot period at 10 second(s).
2022-10-03 12:55:54,853 [Listener at 0.0.0.0/46365] INFO  impl.MetricsSystemImpl (MetricsSystemImpl.java:start(191)) - StorageContainerManager metrics system started
2022-10-03 12:55:54,901 [Listener at 0.0.0.0/46365] INFO  impl.MetricsSinkAdapter (MetricsSinkAdapter.java:start(204)) - Sink prometheus started
2022-10-03 12:55:54,901 [Listener at 0.0.0.0/46365] INFO  impl.MetricsSystemImpl (MetricsSystemImpl.java:registerSink(305)) - Registered sink prometheus
2022-10-03 12:55:54,938 [Listener at 0.0.0.0/46365] INFO  server.SCMClientProtocolServer (SCMClientProtocolServer.java:start(170)) - RPC server for Client  is listening at /0.0.0.0:46365
2022-10-03 12:55:54,956 [IPC Server Responder] INFO  ipc.Server (Server.java:run(1507)) - IPC Server Responder: starting
2022-10-03 12:55:55,001 [IPC Server listener on 0] INFO  ipc.Server (Server.java:run(1344)) - IPC Server listener on 0: starting
2022-10-03 12:55:55,094 [Listener at 0.0.0.0/46365] INFO  server.StorageContainerManager (StorageContainerManager.java:start(1451)) - ScmBlockLocationProtocol RPC server is listening at /0.0.0.0:38033
2022-10-03 12:55:55,094 [Listener at 0.0.0.0/46365] INFO  server.SCMBlockProtocolServer (SCMBlockProtocolServer.java:start(152)) - RPC server for Block Protocol is listening at /0.0.0.0:38033
2022-10-03 12:55:55,095 [IPC Server Responder] INFO  ipc.Server (Server.java:run(1507)) - IPC Server Responder: starting
2022-10-03 12:55:55,095 [IPC Server listener on 0] INFO  ipc.Server (Server.java:run(1344)) - IPC Server listener on 0: starting
2022-10-03 12:55:55,096 [Listener at 0.0.0.0/46365] INFO  server.SCMDatanodeProtocolServer (SCMDatanodeProtocolServer.java:start(186)) - ScmDatanodeProtocol RPC server for DataNodes is listening at /0.0.0.0:39163
2022-10-03 12:55:55,097 [IPC Server Responder] INFO  ipc.Server (Server.java:run(1507)) - IPC Server Responder: starting
2022-10-03 12:55:55,149 [IPC Server listener on 0] INFO  ipc.Server (Server.java:run(1344)) - IPC Server listener on 0: starting
2022-10-03 12:55:55,266 [Listener at 0.0.0.0/46365] INFO  http.BaseHttpServer (BaseHttpServer.java:newHttpServer2BuilderForOzone(213)) - Starting Web-server for scm at: http://0.0.0.0:0
2022-10-03 12:55:55,267 [Listener at 0.0.0.0/46365] INFO  http.BaseHttpServer (BaseHttpServer.java:<init>(108)) - Hadoop Security Enabled: false Ozone Security Enabled: false Ozone HTTP Security Enabled: false 
2022-10-03 12:55:55,268 [Listener at 0.0.0.0/46365] INFO  server.AuthenticationFilter (AuthenticationFilter.java:constructSecretProvider(240)) - Unable to initialize FileSignerSecretProvider, falling back to use random secrets.
2022-10-03 12:55:55,269 [Listener at 0.0.0.0/46365] WARN  http.HttpRequestLog (HttpRequestLog.java:getRequestLog(103)) - Jetty request log can only be enabled using Log4j
2022-10-03 12:55:55,270 [Listener at 0.0.0.0/46365] INFO  http.HttpServer2 (HttpServer2.java:addGlobalFilter(1029)) - Added global filter 'safety' (class=org.apache.hadoop.hdds.server.http.HttpServer2$QuotingInputFilter)
2022-10-03 12:55:55,271 [Listener at 0.0.0.0/46365] INFO  http.HttpServer2 (HttpServer2.java:addFilter(1005)) - Added filter static_user_filter (class=org.apache.hadoop.http.lib.StaticUserWebFilter$StaticUserFilter) to context scm
2022-10-03 12:55:55,272 [Listener at 0.0.0.0/46365] INFO  http.HttpServer2 (HttpServer2.java:addFilter(1013)) - Added filter static_user_filter (class=org.apache.hadoop.http.lib.StaticUserWebFilter$StaticUserFilter) to context static
2022-10-03 12:55:55,273 [Listener at 0.0.0.0/46365] INFO  http.HttpServer2 (HttpServer2.java:addFilter(1013)) - Added filter static_user_filter (class=org.apache.hadoop.http.lib.StaticUserWebFilter$StaticUserFilter) to context logs
2022-10-03 12:55:55,275 [Listener at 0.0.0.0/46365] INFO  http.HttpServer2 (HttpServer2.java:bindListener(1248)) - Jetty bound to port 46071
2022-10-03 12:55:55,275 [Listener at 0.0.0.0/46365] INFO  server.Server (Server.java:doStart(375)) - jetty-9.4.43.v20210629; built: 2021-06-30T11:07:22.254Z; git: 526006ecfa3af7f1a27ef3a288e2bef7ea9dd7e8; jvm 1.8.0_345-b01
2022-10-03 12:55:55,277 [Listener at 0.0.0.0/46365] INFO  server.session (DefaultSessionIdManager.java:doStart(334)) - DefaultSessionIdManager workerName=node0
2022-10-03 12:55:55,277 [Listener at 0.0.0.0/46365] INFO  server.session (DefaultSessionIdManager.java:doStart(339)) - No SessionScavenger set, using defaults
2022-10-03 12:55:55,277 [Listener at 0.0.0.0/46365] INFO  server.session (HouseKeeper.java:startScavenging(132)) - node0 Scavenging every 600000ms
2022-10-03 12:55:55,278 [Listener at 0.0.0.0/46365] INFO  handler.ContextHandler (ContextHandler.java:doStart(915)) - Started o.e.j.s.ServletContextHandler@5b2ebfe5{logs,/logs,file:///home/runner/work/ozone/ozone/hadoop-ozone/integration-test/target/log,AVAILABLE}
2022-10-03 12:55:55,279 [Listener at 0.0.0.0/46365] INFO  handler.ContextHandler (ContextHandler.java:doStart(915)) - Started o.e.j.s.ServletContextHandler@47006177{static,/static,file:///home/runner/work/ozone/ozone/hadoop-ozone/integration-test/target/test-classes/webapps/static,AVAILABLE}
2022-10-03 12:55:55,290 [Listener at 0.0.0.0/46365] INFO  handler.ContextHandler (ContextHandler.java:doStart(915)) - Started o.e.j.w.WebAppContext@3fd4ca00{scm,/,file:///home/runner/work/ozone/ozone/hadoop-ozone/integration-test/target/test-classes/webapps/scm/,AVAILABLE}{file:/home/runner/work/ozone/ozone/hadoop-ozone/integration-test/target/test-classes/webapps/scm}
2022-10-03 12:55:55,314 [Listener at 0.0.0.0/46365] INFO  server.AbstractConnector (AbstractConnector.java:doStart(331)) - Started ServerConnector@1865ede{HTTP/1.1, (http/1.1)}{0.0.0.0:46071}
2022-10-03 12:55:55,314 [Listener at 0.0.0.0/46365] INFO  server.Server (Server.java:doStart(415)) - Started @117326ms
2022-10-03 12:55:55,314 [Listener at 0.0.0.0/46365] WARN  impl.MetricsSystemImpl (MetricsSystemImpl.java:register(279)) - Sink prometheus already exists!
2022-10-03 12:55:55,315 [Listener at 0.0.0.0/46365] INFO  http.BaseHttpServer (BaseHttpServer.java:updateConnectorAddress(333)) - HTTP server of scm listening at http://0.0.0.0:46071
2022-10-03 12:55:55,315 [Listener at 0.0.0.0/46365] WARN  server.ServerUtils (ServerUtils.java:getDBPath(225)) - ozone.om.db.dirs is not configured. We recommend adding this setting. Falling back to ozone.metadata.dirs instead.
2022-10-03 12:55:55,317 [Listener at 0.0.0.0/46365] INFO  ha.OMHANodeDetails (OMHANodeDetails.java:loadOMHAConfig(115)) - ozone.om.internal.service.id is not defined, falling back to ozone.om.service.ids to find serviceID for OzoneManager if it is HA enabled cluster
2022-10-03 12:55:55,317 [Listener at 0.0.0.0/46365] INFO  ha.OMHANodeDetails (OMHANodeDetails.java:loadOMHAConfig(226)) - Configuration does not have ozone.om.address set. Falling back to the default OM address /127.0.0.1:0
2022-10-03 12:55:55,317 [Listener at 0.0.0.0/46365] INFO  ha.OMHANodeDetails (OMHANodeDetails.java:getOMNodeDetailsForNonHA(254)) - OM Service ID is not set. Setting it to the default ID: omServiceIdDefault
2022-10-03 12:55:55,317 [Listener at 0.0.0.0/46365] INFO  ha.OMHANodeDetails (OMHANodeDetails.java:getOMNodeDetailsForNonHA(261)) - OM Node ID is not set. Setting it to the default ID: om1
2022-10-03 12:55:55,317 [Listener at 0.0.0.0/46365] WARN  server.ServerUtils (ServerUtils.java:getDBPath(225)) - ozone.om.db.dirs is not configured. We recommend adding this setting. Falling back to ozone.metadata.dirs instead.
2022-10-03 12:55:55,318 [Listener at 0.0.0.0/46365] INFO  upgrade.AbstractLayoutVersionManager (AbstractLayoutVersionManager.java:init(83)) - Initializing Layout version manager with metadata layout = MULTITENANCY_SCHEMA (version = 3), software layout = MULTITENANCY_SCHEMA (version = 3)
2022-10-03 12:55:55,341 [org.apache.hadoop.util.JvmPauseMonitor$Monitor@1eb7de01] INFO  util.JvmPauseMonitor (JvmPauseMonitor.java:run(188)) - Starting JVM pause monitor
2022-10-03 12:55:55,488 [Listener at 0.0.0.0/46365] INFO  reflections.Reflections (Reflections.java:scan(232)) - Reflections took 170 ms to scan 2 urls, producing 154 keys and 428 values [using 2 cores]
2022-10-03 12:55:55,489 [Listener at 0.0.0.0/46365] INFO  upgrade.OMLayoutVersionManager (OMLayoutVersionManager.java:lambda$0(115)) - Skipping Upgrade Action MockOmUpgradeAction since it has been finalized.
2022-10-03 12:55:55,489 [Listener at 0.0.0.0/46365] WARN  server.ServerUtils (ServerUtils.java:getDBPath(225)) - ozone.om.db.dirs is not configured. We recommend adding this setting. Falling back to ozone.metadata.dirs instead.
2022-10-03 12:55:55,489 [Listener at 0.0.0.0/46365] INFO  proxy.SCMBlockLocationFailoverProxyProvider (SCMBlockLocationFailoverProxyProvider.java:<init>(114)) - Created block location fail-over proxy with 1 nodes: [nodeId=scmNodeId,nodeAddress=/0.0.0.0:38033]
2022-10-03 12:55:55,490 [Listener at 0.0.0.0/46365] INFO  proxy.SCMBlockLocationFailoverProxyProvider (SCMBlockLocationFailoverProxyProvider.java:<init>(114)) - Created block location fail-over proxy with 1 nodes: [nodeId=scmNodeId,nodeAddress=/0.0.0.0:38033]
2022-10-03 12:55:55,535 [Listener at 0.0.0.0/46365] WARN  server.ServerUtils (ServerUtils.java:getDBPath(225)) - ozone.om.db.dirs is not configured. We recommend adding this setting. Falling back to ozone.metadata.dirs instead.
2022-10-03 12:55:55,536 [Listener at 0.0.0.0/46365] INFO  codec.OmKeyInfoCodec (OmKeyInfoCodec.java:<init>(49)) - OmKeyInfoCodec ignorePipeline = true
2022-10-03 12:55:55,536 [Listener at 0.0.0.0/46365] INFO  codec.RepeatedOmKeyInfoCodec (RepeatedOmKeyInfoCodec.java:<init>(41)) - RepeatedOmKeyInfoCodec ignorePipeline = true
2022-10-03 12:55:55,988 [Listener at 0.0.0.0/46365] INFO  om.OzoneManager (OzoneManager.java:instantiateServices(710)) - S3 Multi-Tenancy is disabled
2022-10-03 12:55:55,989 [Listener at 0.0.0.0/46365] INFO  om.OzoneManager (OzoneManager.java:addS3GVolumeToDB(4325)) - Created Volume s3v With Owner runner required for S3Gateway operations.
2022-10-03 12:55:55,989 [Listener at 0.0.0.0/46365] WARN  server.ServerUtils (ServerUtils.java:getDefaultRatisDirectory(237)) - Storage directory for Ratis is not configured. It is a good idea to map this to an SSD disk. Falling back to ozone.metadata.dirs
2022-10-03 12:55:55,989 [Listener at 0.0.0.0/46365] WARN  utils.OzoneManagerRatisUtils (OzoneManagerRatisUtils.java:getOMRatisSnapshotDirectory(434)) - ozone.om.ratis.snapshot.dir is not configured. Falling back to ozone.metadata.dirs config
2022-10-03 12:55:55,990 [Listener at 0.0.0.0/46365] WARN  impl.MetricRegistriesImpl (MetricRegistriesImpl.java:addReporterRegistration(111)) - New reporters are added after registries were created. Some metrics will be missing from the reporter. Please add reporter before adding any new registry.
2022-10-03 12:55:55,990 [Listener at 0.0.0.0/46365] WARN  impl.MetricRegistriesImpl (MetricRegistriesImpl.java:addReporterRegistration(111)) - New reporters are added after registries were created. Some metrics will be missing from the reporter. Please add reporter before adding any new registry.
2022-10-03 12:55:55,990 [Listener at 0.0.0.0/46365] WARN  server.ServerUtils (ServerUtils.java:getDefaultRatisDirectory(237)) - Storage directory for Ratis is not configured. It is a good idea to map this to an SSD disk. Falling back to ozone.metadata.dirs
2022-10-03 12:55:55,991 [Listener at 0.0.0.0/46365] INFO  ratis.OzoneManagerRatisServer (OzoneManagerRatisServer.java:<init>(160)) - Instantiating OM Ratis server with groupID: omServiceIdDefault and peers: localhost:9872
2022-10-03 12:55:55,991 [Listener at 0.0.0.0/46365] INFO  ratis.OzoneManagerStateMachine (OzoneManagerStateMachine.java:loadSnapshotInfoFromDB(632)) - LastAppliedIndex is set from TransactionInfo from OM DB as (t:0, i:~)
2022-10-03 12:55:55,997 [Listener at 0.0.0.0/46365] INFO  server.RaftServer (ConfUtils.java:logGet(46)) - raft.rpc.type = GRPC (default)
2022-10-03 12:55:55,997 [Listener at 0.0.0.0/46365] INFO  grpc.GrpcFactory (GrpcFactory.java:checkPooledByteBufAllocatorUseCacheForAllThreads(48)) - PERFORMANCE WARNING: useCacheForAllThreads is true that may cause Netty to create a lot garbage objects and, as a result, trigger GC.
	It is recommended to disable useCacheForAllThreads by setting -Dorg.apache.ratis.thirdparty.io.netty.allocator.useCacheForAllThreads=false in command line.
2022-10-03 12:55:55,997 [Listener at 0.0.0.0/46365] INFO  grpc.GrpcConfigKeys (ConfUtils.java:logGet(46)) - raft.grpc.admin.port = -1 (default)
2022-10-03 12:55:55,997 [Listener at 0.0.0.0/46365] INFO  grpc.GrpcConfigKeys (ConfUtils.java:logGet(46)) - raft.grpc.server.port = 9872 (custom)
2022-10-03 12:55:55,998 [Listener at 0.0.0.0/46365] INFO  grpc.GrpcConfigKeys (ConfUtils.java:logGet(46)) - raft.grpc.client.port = -1 (default)
2022-10-03 12:55:55,998 [Listener at 0.0.0.0/46365] INFO  grpc.GrpcConfigKeys (ConfUtils.java:logGet(46)) - raft.grpc.server.port = 9872 (custom)
2022-10-03 12:55:55,998 [Listener at 0.0.0.0/46365] INFO  grpc.GrpcConfigKeys (ConfUtils.java:logGet(46)) - raft.grpc.server.port = 9872 (custom)
2022-10-03 12:55:55,998 [Listener at 0.0.0.0/46365] INFO  server.GrpcService (ConfUtils.java:logGet(46)) - raft.grpc.message.size.max = 33554432 (custom)
2022-10-03 12:55:55,998 [Listener at 0.0.0.0/46365] INFO  server.RaftServerConfigKeys (ConfUtils.java:logGet(46)) - raft.server.log.appender.buffer.byte-limit = 33554432 (custom)
2022-10-03 12:55:55,998 [Listener at 0.0.0.0/46365] INFO  server.GrpcService (ConfUtils.java:logGet(46)) - raft.grpc.flow.control.window = 1MB (=1048576) (default)
2022-10-03 12:55:55,998 [Listener at 0.0.0.0/46365] INFO  server.RaftServerConfigKeys (ConfUtils.java:logGet(46)) - raft.server.rpc.request.timeout = 3000ms (default)
2022-10-03 12:55:55,998 [Listener at 0.0.0.0/46365] INFO  grpc.GrpcConfigKeys (ConfUtils.java:logGet(46)) - raft.grpc.server.async.request.thread.pool.cached = true (default)
2022-10-03 12:55:55,998 [Listener at 0.0.0.0/46365] INFO  grpc.GrpcConfigKeys (ConfUtils.java:logGet(46)) - raft.grpc.server.async.request.thread.pool.size = 32 (default)
2022-10-03 12:55:55,999 [Listener at 0.0.0.0/46365] INFO  impl.DataStreamServerImpl (ConfUtils.java:logGet(46)) - raft.datastream.type = DISABLED (default)
2022-10-03 12:55:56,000 [Listener at 0.0.0.0/46365] INFO  server.RaftServerConfigKeys (ConfUtils.java:logGet(46)) - raft.server.threadpool.proxy.cached = true (default)
2022-10-03 12:55:56,000 [Listener at 0.0.0.0/46365] INFO  server.RaftServerConfigKeys (ConfUtils.java:logGet(46)) - raft.server.threadpool.proxy.size = 0 (default)
2022-10-03 12:55:56,000 [Listener at 0.0.0.0/46365] INFO  server.RaftServerConfigKeys (ConfUtils.java:logGet(46)) - raft.server.rpc.slowness.timeout = 120s (custom)
2022-10-03 12:55:56,000 [Listener at 0.0.0.0/46365] INFO  server.RaftServerConfigKeys (ConfUtils.java:logGet(46)) - raft.server.leaderelection.leader.step-down.wait-time = 10s (default)
2022-10-03 12:55:56,000 [Listener at 0.0.0.0/46365] INFO  server.RaftServerConfigKeys (ConfUtils.java:logGet(46)) - raft.server.storage.dir = [/home/runner/work/ozone/ozone/hadoop-ozone/integration-test/target/test-dir/MiniOzoneClusterImpl-6443e5c3-9dee-4d73-83b7-63138ecdba9d/ozone-meta/ratis] (custom)
2022-10-03 12:55:56,013 [Listener at 0.0.0.0/46365] INFO  server.RaftServer (RaftServerProxy.java:addNew(96)) - om1: addNew group-C5BA1605619E:[om1|rpc:localhost:9872|priority:0] returns group-C5BA1605619E:java.util.concurrent.CompletableFuture@4d881407[Not completed]
2022-10-03 12:55:56,013 [Listener at 0.0.0.0/46365] INFO  om.OzoneManager (OzoneManager.java:initializeRatisServer(1977)) - OzoneManager Ratis server initialized at port 9872
2022-10-03 12:55:56,014 [Listener at 0.0.0.0/46365] INFO  om.OzoneManager (OzoneManager.java:getRpcServer(1100)) - Creating RPC Server
2022-10-03 12:55:56,015 [pool-495-thread-1] INFO  server.RaftServer$Division (RaftServerImpl.java:<init>(190)) - om1: new RaftServerImpl for group-C5BA1605619E:[om1|rpc:localhost:9872|priority:0] with OzoneManagerStateMachine:uninitialized
2022-10-03 12:55:56,015 [pool-495-thread-1] INFO  server.RaftServerConfigKeys (ConfUtils.java:logGet(46)) - raft.server.rpc.timeout.min = 1s (custom)
2022-10-03 12:55:56,015 [pool-495-thread-1] INFO  server.RaftServerConfigKeys (ConfUtils.java:logGet(46)) - raft.server.rpc.timeout.max = 1200ms (custom)
2022-10-03 12:55:56,015 [pool-495-thread-1] INFO  server.RaftServerConfigKeys (ConfUtils.java:logGet(46)) - raft.server.rpc.sleep.time = 25ms (default)
2022-10-03 12:55:56,015 [pool-495-thread-1] INFO  server.RaftServerConfigKeys (ConfUtils.java:logGet(46)) - raft.server.rpc.slowness.timeout = 120s (custom)
2022-10-03 12:55:56,015 [pool-495-thread-1] INFO  server.RaftServerConfigKeys (ConfUtils.java:logGet(46)) - raft.server.leaderelection.leader.step-down.wait-time = 10s (default)
2022-10-03 12:55:56,015 [pool-495-thread-1] INFO  server.RaftServerConfigKeys (ConfUtils.java:logGet(46)) - raft.server.sleep.deviation.threshold = 300ms (default)
2022-10-03 12:55:56,015 [pool-495-thread-1] INFO  server.RaftServer$Division (ServerState.java:<init>(107)) - om1@group-C5BA1605619E: ConfigurationManager, init=-1: [om1|rpc:localhost:9872|priority:0], old=null, confs=<EMPTY_MAP>
2022-10-03 12:55:56,015 [pool-495-thread-1] INFO  server.RaftServerConfigKeys (ConfUtils.java:logGet(46)) - raft.server.storage.dir = [/home/runner/work/ozone/ozone/hadoop-ozone/integration-test/target/test-dir/MiniOzoneClusterImpl-6443e5c3-9dee-4d73-83b7-63138ecdba9d/ozone-meta/ratis] (custom)
2022-10-03 12:55:56,016 [pool-495-thread-1] INFO  server.RaftServerConfigKeys (ConfUtils.java:logGet(46)) - raft.server.log.corruption.policy = EXCEPTION (default)
2022-10-03 12:55:56,016 [pool-495-thread-1] INFO  server.RaftServerConfigKeys (ConfUtils.java:logGet(46)) - raft.server.storage.free-space.min = 0MB (=0) (default)
2022-10-03 12:55:56,016 [pool-495-thread-1] INFO  storage.RaftStorageDirectory (RaftStorageDirectoryImpl.java:analyzeStorage(135)) - The storage directory /home/runner/work/ozone/ozone/hadoop-ozone/integration-test/target/test-dir/MiniOzoneClusterImpl-6443e5c3-9dee-4d73-83b7-63138ecdba9d/ozone-meta/ratis/bf265839-605b-3f16-9796-c5ba1605619e does not exist. Creating ...
2022-10-03 12:55:56,017 [pool-495-thread-1] INFO  storage.RaftStorageDirectory (RaftStorageDirectoryImpl.java:tryLock(230)) - Lock on /home/runner/work/ozone/ozone/hadoop-ozone/integration-test/target/test-dir/MiniOzoneClusterImpl-6443e5c3-9dee-4d73-83b7-63138ecdba9d/ozone-meta/ratis/bf265839-605b-3f16-9796-c5ba1605619e/in_use.lock acquired by nodename 2263@fv-az443-503
2022-10-03 12:55:56,021 [pool-495-thread-1] INFO  storage.RaftStorage (RaftStorageImpl.java:format(89)) - Storage directory /home/runner/work/ozone/ozone/hadoop-ozone/integration-test/target/test-dir/MiniOzoneClusterImpl-6443e5c3-9dee-4d73-83b7-63138ecdba9d/ozone-meta/ratis/bf265839-605b-3f16-9796-c5ba1605619e has been successfully formatted.
2022-10-03 12:55:56,025 [pool-495-thread-1] INFO  server.RaftServerConfigKeys (ConfUtils.java:logGet(46)) - raft.server.notification.no-leader.timeout = 120s (custom)
2022-10-03 12:55:56,025 [pool-495-thread-1] INFO  server.RaftServerConfigKeys (ConfUtils.java:logGet(46)) - raft.server.log.use.memory = false (default)
2022-10-03 12:55:56,025 [pool-495-thread-1] INFO  server.RaftServerConfigKeys (ConfUtils.java:logGet(46)) - raft.server.log.purge.gap = 1000000 (custom)
2022-10-03 12:55:56,025 [pool-495-thread-1] INFO  server.RaftServerConfigKeys (ConfUtils.java:logGet(46)) - raft.server.log.appender.buffer.byte-limit = 33554432 (custom)
2022-10-03 12:55:56,025 [pool-495-thread-1] INFO  server.RaftServerConfigKeys (ConfUtils.java:logGet(46)) - raft.server.log.statemachine.data.read.timeout = 1000ms (default)
2022-10-03 12:55:56,025 [pool-495-thread-1] INFO  server.RaftServerConfigKeys (ConfUtils.java:logGet(46)) - raft.server.log.segment.size.max = 4194304 (custom)
2022-10-03 12:55:56,026 [pool-495-thread-1] INFO  server.RaftServerConfigKeys (ConfUtils.java:logGet(46)) - raft.server.log.segment.cache.num.max = 2 (custom)
2022-10-03 12:55:56,026 [pool-495-thread-1] INFO  server.RaftServerConfigKeys (ConfUtils.java:logGet(46)) - raft.server.log.segment.cache.size.max = 200MB (=209715200) (default)
2022-10-03 12:55:56,026 [pool-495-thread-1] INFO  segmented.SegmentedRaftLogWorker (SegmentedRaftLogWorker.java:<init>(187)) - new om1@group-C5BA1605619E-SegmentedRaftLogWorker for RaftStorageImpl:Storage Directory /home/runner/work/ozone/ozone/hadoop-ozone/integration-test/target/test-dir/MiniOzoneClusterImpl-6443e5c3-9dee-4d73-83b7-63138ecdba9d/ozone-meta/ratis/bf265839-605b-3f16-9796-c5ba1605619e
2022-10-03 12:55:56,026 [pool-495-thread-1] INFO  server.RaftServerConfigKeys (ConfUtils.java:logGet(46)) - raft.server.log.queue.byte-limit = 64MB (=67108864) (default)
2022-10-03 12:55:56,026 [pool-495-thread-1] INFO  server.RaftServerConfigKeys (ConfUtils.java:logGet(46)) - raft.server.log.queue.element-limit = 4096 (default)
2022-10-03 12:55:56,026 [pool-495-thread-1] INFO  server.RaftServerConfigKeys (ConfUtils.java:logGet(46)) - raft.server.log.segment.size.max = 4194304 (custom)
2022-10-03 12:55:56,026 [pool-495-thread-1] INFO  server.RaftServerConfigKeys (ConfUtils.java:logGet(46)) - raft.server.log.preallocated.size = 4194304 (custom)
2022-10-03 12:55:56,026 [pool-495-thread-1] INFO  server.RaftServerConfigKeys (ConfUtils.java:logGet(46)) - raft.server.log.force.sync.num = 128 (default)
2022-10-03 12:55:56,026 [pool-495-thread-1] INFO  server.RaftServerConfigKeys (ConfUtils.java:logGet(46)) - raft.server.log.statemachine.data.sync = true (default)
2022-10-03 12:55:56,026 [pool-495-thread-1] INFO  server.RaftServerConfigKeys (ConfUtils.java:logGet(46)) - raft.server.log.statemachine.data.sync.timeout = 10s (default)
2022-10-03 12:55:56,026 [pool-495-thread-1] INFO  server.RaftServerConfigKeys (ConfUtils.java:logGet(46)) - raft.server.log.statemachine.data.sync.timeout.retry = -1 (default)
2022-10-03 12:55:56,027 [pool-495-thread-1] INFO  server.RaftServerConfigKeys (ConfUtils.java:logGet(46)) - raft.server.log.write.buffer.size = 64KB (=65536) (default)
2022-10-03 12:55:56,027 [pool-495-thread-1] INFO  server.RaftServerConfigKeys (ConfUtils.java:logGet(46)) - raft.server.log.unsafe-flush.enabled = false (default)
2022-10-03 12:55:56,027 [pool-495-thread-1] INFO  server.RaftServerConfigKeys (ConfUtils.java:logGet(46)) - raft.server.log.statemachine.data.caching.enabled = false (default)
2022-10-03 12:55:56,027 [pool-495-thread-1] INFO  segmented.SegmentedRaftLogWorker (SegmentedRaftLogWorker.java:lambda$new$0(135)) - om1@group-C5BA1605619E-SegmentedRaftLogWorker: flushIndex: setUnconditionally 0 -> -1
2022-10-03 12:55:56,027 [pool-495-thread-1] INFO  segmented.SegmentedRaftLogWorker (SegmentedRaftLogWorker.java:lambda$new$0(135)) - om1@group-C5BA1605619E-SegmentedRaftLogWorker: safeCacheEvictIndex: setUnconditionally 0 -> -1
2022-10-03 12:55:56,077 [pool-495-thread-1] INFO  server.RaftServerConfigKeys (ConfUtils.java:logGet(46)) - raft.server.snapshot.auto.trigger.enabled = true (custom)
2022-10-03 12:55:56,077 [pool-495-thread-1] INFO  server.RaftServerConfigKeys (ConfUtils.java:logGet(46)) - raft.server.snapshot.auto.trigger.threshold = 400000 (default)
2022-10-03 12:55:56,077 [pool-495-thread-1] INFO  server.RaftServerConfigKeys (ConfUtils.java:logGet(46)) - raft.server.snapshot.retention.file.num = -1 (default)
2022-10-03 12:55:56,077 [pool-495-thread-1] INFO  server.RaftServerConfigKeys (ConfUtils.java:logGet(46)) - raft.server.log.purge.upto.snapshot.index = true (custom)
2022-10-03 12:55:56,077 [pool-495-thread-1] INFO  server.RaftServerConfigKeys (ConfUtils.java:logGet(46)) - raft.server.retrycache.expirytime = 300s (custom)
2022-10-03 12:55:56,077 [pool-495-thread-1] INFO  server.RaftServerConfigKeys (ConfUtils.java:logGet(46)) - raft.server.retrycache.statistics.expirytime = 100μs (default)
2022-10-03 12:55:56,078 [pool-495-thread-1] INFO  server.RaftServerConfigKeys (ConfUtils.java:logGet(46)) - raft.server.log.appender.install.snapshot.enabled = false (custom)
2022-10-03 12:55:56,078 [pool-495-thread-1] INFO  server.RaftServerConfigKeys (ConfUtils.java:logGet(46)) - raft.server.threadpool.server.cached = true (default)
2022-10-03 12:55:56,078 [pool-495-thread-1] INFO  server.RaftServerConfigKeys (ConfUtils.java:logGet(46)) - raft.server.threadpool.server.size = 0 (default)
2022-10-03 12:55:56,078 [pool-495-thread-1] INFO  server.RaftServerConfigKeys (ConfUtils.java:logGet(46)) - raft.server.threadpool.client.cached = true (default)
2022-10-03 12:55:56,078 [pool-495-thread-1] INFO  server.RaftServerConfigKeys (ConfUtils.java:logGet(46)) - raft.server.threadpool.client.size = 0 (default)
2022-10-03 12:55:57,367 [Listener at 0.0.0.0/46365] INFO  reflections.Reflections (Reflections.java:scan(232)) - Reflections took 1352 ms to scan 19 urls, producing 67 keys and 4220 values [using 2 cores]
2022-10-03 12:55:57,368 [Listener at 0.0.0.0/46365] INFO  ipc.CallQueueManager (CallQueueManager.java:<init>(90)) - Using callQueue: class java.util.concurrent.LinkedBlockingQueue, queueCapacity: 2000, scheduler: class org.apache.hadoop.ipc.DefaultRpcScheduler, ipcBackoff: false.
2022-10-03 12:55:57,369 [Socket Reader #1 for port 0] INFO  ipc.Server (Server.java:run(1265)) - Starting Socket Reader #1 for port 0
2022-10-03 12:55:57,450 [Listener at 127.0.0.1/32777] INFO  impl.MetricsSystemImpl (MetricsSystemImpl.java:init(158)) - OzoneManager metrics system started (again)
2022-10-03 12:55:57,472 [Listener at 127.0.0.1/32777] INFO  om.OzoneManager (OzoneManager.java:start(1484)) - OzoneManager RPC server is listening at localhost/127.0.0.1:32777
2022-10-03 12:55:57,473 [Listener at 127.0.0.1/32777] INFO  ratis.OzoneManagerRatisServer (OzoneManagerRatisServer.java:start(555)) - Starting OzoneManagerRatisServer om1 at port 9872
2022-10-03 12:55:57,473 [om1-impl-thread1] INFO  server.RaftServer$Division (RaftServerImpl.java:start(310)) - om1@group-C5BA1605619E: start as a follower, conf=-1: [om1|rpc:localhost:9872|priority:0], old=null
2022-10-03 12:55:57,473 [om1-impl-thread1] INFO  server.RaftServer$Division (RaftServerImpl.java:setRole(299)) - om1@group-C5BA1605619E: changes role from      null to FOLLOWER at term 0 for startAsFollower
2022-10-03 12:55:57,473 [om1-impl-thread1] INFO  impl.RoleInfo (RoleInfo.java:updateAndGet(139)) - om1: start om1@group-C5BA1605619E-FollowerState
2022-10-03 12:55:57,473 [om1-impl-thread1] INFO  util.JmxRegister (JmxRegister.java:tryRegister(44)) - Successfully registered JMX Bean with object name Ratis:service=RaftServer,group=group-C5BA1605619E,id=om1
2022-10-03 12:55:57,474 [Listener at 127.0.0.1/32777] INFO  server.RaftServer (RaftServerProxy.java:lambda$start$6(382)) - om1: start RPC server
2022-10-03 12:55:57,581 [Listener at 127.0.0.1/32777] INFO  server.GrpcService (GrpcService.java:startImpl(260)) - om1: GrpcService started, listening on 9872
2022-10-03 12:55:57,582 [Listener at 127.0.0.1/32777] INFO  om.OzoneManager (OzoneManager.java:start(1500)) - Version File has different layout version (3) than OM DB (null). That is expected if this OM has never been finalized to a newer layout version.
2022-10-03 12:55:57,582 [org.apache.ratis.util.JvmPauseMonitor$$Lambda$685/536859976@2143dff1] INFO  util.JvmPauseMonitor (JvmPauseMonitor.java:run(103)) - JvmPauseMonitor-om1: Started
2022-10-03 12:55:57,633 [Listener at 127.0.0.1/32777] INFO  http.BaseHttpServer (BaseHttpServer.java:newHttpServer2BuilderForOzone(213)) - Starting Web-server for ozoneManager at: http://0.0.0.0:0
2022-10-03 12:55:57,633 [Listener at 127.0.0.1/32777] INFO  http.BaseHttpServer (BaseHttpServer.java:<init>(108)) - Hadoop Security Enabled: false Ozone Security Enabled: false Ozone HTTP Security Enabled: false 
2022-10-03 12:55:57,634 [Listener at 127.0.0.1/32777] INFO  server.AuthenticationFilter (AuthenticationFilter.java:constructSecretProvider(240)) - Unable to initialize FileSignerSecretProvider, falling back to use random secrets.
2022-10-03 12:55:57,657 [Listener at 127.0.0.1/32777] WARN  http.HttpRequestLog (HttpRequestLog.java:getRequestLog(103)) - Jetty request log can only be enabled using Log4j
2022-10-03 12:55:57,659 [Listener at 127.0.0.1/32777] INFO  http.HttpServer2 (HttpServer2.java:addGlobalFilter(1029)) - Added global filter 'safety' (class=org.apache.hadoop.hdds.server.http.HttpServer2$QuotingInputFilter)
2022-10-03 12:55:57,659 [Listener at 127.0.0.1/32777] INFO  http.HttpServer2 (HttpServer2.java:addFilter(1005)) - Added filter static_user_filter (class=org.apache.hadoop.http.lib.StaticUserWebFilter$StaticUserFilter) to context ozoneManager
2022-10-03 12:55:57,659 [Listener at 127.0.0.1/32777] INFO  http.HttpServer2 (HttpServer2.java:addFilter(1013)) - Added filter static_user_filter (class=org.apache.hadoop.http.lib.StaticUserWebFilter$StaticUserFilter) to context static
2022-10-03 12:55:57,660 [Listener at 127.0.0.1/32777] INFO  http.HttpServer2 (HttpServer2.java:addFilter(1013)) - Added filter static_user_filter (class=org.apache.hadoop.http.lib.StaticUserWebFilter$StaticUserFilter) to context logs
2022-10-03 12:55:57,662 [Listener at 127.0.0.1/32777] INFO  http.HttpServer2 (HttpServer2.java:bindListener(1248)) - Jetty bound to port 32953
2022-10-03 12:55:57,662 [Listener at 127.0.0.1/32777] INFO  server.Server (Server.java:doStart(375)) - jetty-9.4.43.v20210629; built: 2021-06-30T11:07:22.254Z; git: 526006ecfa3af7f1a27ef3a288e2bef7ea9dd7e8; jvm 1.8.0_345-b01
2022-10-03 12:55:57,773 [Listener at 127.0.0.1/32777] INFO  server.session (DefaultSessionIdManager.java:doStart(334)) - DefaultSessionIdManager workerName=node0
2022-10-03 12:55:57,773 [Listener at 127.0.0.1/32777] INFO  server.session (DefaultSessionIdManager.java:doStart(339)) - No SessionScavenger set, using defaults
2022-10-03 12:55:57,774 [Listener at 127.0.0.1/32777] INFO  server.session (HouseKeeper.java:startScavenging(132)) - node0 Scavenging every 600000ms
2022-10-03 12:55:57,781 [Listener at 127.0.0.1/32777] INFO  handler.ContextHandler (ContextHandler.java:doStart(915)) - Started o.e.j.s.ServletContextHandler@f664709{logs,/logs,file:///home/runner/work/ozone/ozone/hadoop-ozone/integration-test/target/log,AVAILABLE}
2022-10-03 12:55:57,782 [Listener at 127.0.0.1/32777] INFO  handler.ContextHandler (ContextHandler.java:doStart(915)) - Started o.e.j.s.ServletContextHandler@7ca1e839{static,/static,file:///home/runner/work/ozone/ozone/hadoop-ozone/integration-test/target/test-classes/webapps/static,AVAILABLE}
2022-10-03 12:55:57,784 [Listener at 127.0.0.1/32777] INFO  handler.ContextHandler (ContextHandler.java:doStart(915)) - Started o.e.j.w.WebAppContext@19a2b4c7{ozoneManager,/,file:///home/runner/work/ozone/ozone/hadoop-ozone/integration-test/target/test-classes/webapps/ozoneManager/,AVAILABLE}{file:/home/runner/work/ozone/ozone/hadoop-ozone/integration-test/target/test-classes/webapps/ozoneManager}
2022-10-03 12:55:57,792 [Listener at 127.0.0.1/32777] INFO  server.AbstractConnector (AbstractConnector.java:doStart(331)) - Started ServerConnector@3deddbbd{HTTP/1.1, (http/1.1)}{0.0.0.0:32953}
2022-10-03 12:55:57,792 [Listener at 127.0.0.1/32777] INFO  server.Server (Server.java:doStart(415)) - Started @119804ms
2022-10-03 12:55:57,792 [Listener at 127.0.0.1/32777] WARN  impl.MetricsSystemImpl (MetricsSystemImpl.java:register(279)) - Sink prometheus already exists!
2022-10-03 12:55:57,793 [Listener at 127.0.0.1/32777] INFO  http.BaseHttpServer (BaseHttpServer.java:updateConnectorAddress(333)) - HTTP server of ozoneManager listening at http://0.0.0.0:32953
2022-10-03 12:55:57,809 [IPC Server Responder] INFO  ipc.Server (Server.java:run(1507)) - IPC Server Responder: starting
2022-10-03 12:55:57,817 [IPC Server listener on 0] INFO  ipc.Server (Server.java:run(1344)) - IPC Server listener on 0: starting
2022-10-03 12:55:57,997 [Listener at 127.0.0.1/32777] INFO  om.OzoneManager (OzoneManager.java:startTrashEmptier(1921)) - Trash Interval set to 0. Files deleted won't move to trash
2022-10-03 12:55:58,029 [Listener at 127.0.0.1/32777] WARN  impl.MetricRegistriesImpl (MetricRegistriesImpl.java:addReporterRegistration(111)) - New reporters are added after registries were created. Some metrics will be missing from the reporter. Please add reporter before adding any new registry.
2022-10-03 12:55:58,029 [Listener at 127.0.0.1/32777] WARN  impl.MetricRegistriesImpl (MetricRegistriesImpl.java:addReporterRegistration(111)) - New reporters are added after registries were created. Some metrics will be missing from the reporter. Please add reporter before adding any new registry.
2022-10-03 12:55:58,029 [Listener at 127.0.0.1/32777] INFO  impl.MetricsSystemImpl (MetricsSystemImpl.java:init(158)) - HddsDatanode metrics system started (again)
2022-10-03 12:55:58,037 [org.apache.hadoop.util.JvmPauseMonitor$Monitor@2d2a4ce0] INFO  util.JvmPauseMonitor (JvmPauseMonitor.java:run(188)) - Starting JVM pause monitor
2022-10-03 12:55:58,088 [Listener at 127.0.0.1/32777] INFO  ozone.HddsDatanodeService (HddsDatanodeService.java:start(236)) - HddsDatanodeService host:fv-az443-503.ap2fcshprsnunfx25e1aelzb4b.cx.internal.cloudapp.net ip:10.1.0.147
2022-10-03 12:55:58,190 [Listener at 127.0.0.1/32777] INFO  upgrade.AbstractLayoutVersionManager (AbstractLayoutVersionManager.java:init(83)) - Initializing Layout version manager with metadata layout = DATANODE_SCHEMA_V3 (version = 4), software layout = DATANODE_SCHEMA_V3 (version = 4)
2022-10-03 12:55:58,351 [Listener at 127.0.0.1/32777] INFO  reflections.Reflections (Reflections.java:scan(232)) - Reflections took 160 ms to scan 7 urls, producing 135 keys and 327 values 
2022-10-03 12:55:58,354 [Listener at 127.0.0.1/32777] INFO  statemachine.DatanodeStateMachine (DatanodeStateMachine.java:getEndPointTaskThreadPoolSize(237)) - Datanode State Machine Task Thread Pool size 2
2022-10-03 12:55:58,356 [Listener at 127.0.0.1/32777] INFO  volume.HddsVolume (HddsVolume.java:<init>(117)) - Creating HddsVolume: /home/runner/work/ozone/ozone/hadoop-ozone/integration-test/target/test-dir/MiniOzoneClusterImpl-6443e5c3-9dee-4d73-83b7-63138ecdba9d/datanode-0/data-0/containers/hdds of storage type : DISK capacity : 9223372036854775807
2022-10-03 12:55:58,357 [Listener at 127.0.0.1/32777] INFO  volume.MutableVolumeSet (MutableVolumeSet.java:initializeVolumeSet(174)) - Added Volume : /home/runner/work/ozone/ozone/hadoop-ozone/integration-test/target/test-dir/MiniOzoneClusterImpl-6443e5c3-9dee-4d73-83b7-63138ecdba9d/datanode-0/data-0/containers/hdds to VolumeSet
2022-10-03 12:55:58,357 [Listener at 127.0.0.1/32777] INFO  volume.ThrottledAsyncChecker (ThrottledAsyncChecker.java:schedule(141)) - Scheduling a check for /home/runner/work/ozone/ozone/hadoop-ozone/integration-test/target/test-dir/MiniOzoneClusterImpl-6443e5c3-9dee-4d73-83b7-63138ecdba9d/datanode-0/data-0/containers/hdds
2022-10-03 12:55:58,358 [Listener at 127.0.0.1/32777] INFO  volume.StorageVolumeChecker (StorageVolumeChecker.java:checkAllVolumes(202)) - Scheduled health check for volume /home/runner/work/ozone/ozone/hadoop-ozone/integration-test/target/test-dir/MiniOzoneClusterImpl-6443e5c3-9dee-4d73-83b7-63138ecdba9d/datanode-0/data-0/containers/hdds
2022-10-03 12:55:58,393 [Listener at 127.0.0.1/32777] INFO  volume.MutableVolumeSet (MutableVolumeSet.java:initializeVolumeSet(174)) - Added Volume : /home/runner/work/ozone/ozone/hadoop-ozone/integration-test/target/test-dir/MiniOzoneClusterImpl-6443e5c3-9dee-4d73-83b7-63138ecdba9d/datanode-0/data/ratis to VolumeSet
2022-10-03 12:55:58,393 [Listener at 127.0.0.1/32777] INFO  volume.ThrottledAsyncChecker (ThrottledAsyncChecker.java:schedule(141)) - Scheduling a check for /home/runner/work/ozone/ozone/hadoop-ozone/integration-test/target/test-dir/MiniOzoneClusterImpl-6443e5c3-9dee-4d73-83b7-63138ecdba9d/datanode-0/data/ratis
2022-10-03 12:55:58,395 [Listener at 127.0.0.1/32777] INFO  volume.StorageVolumeChecker (StorageVolumeChecker.java:checkAllVolumes(202)) - Scheduled health check for volume /home/runner/work/ozone/ozone/hadoop-ozone/integration-test/target/test-dir/MiniOzoneClusterImpl-6443e5c3-9dee-4d73-83b7-63138ecdba9d/datanode-0/data/ratis
2022-10-03 12:55:58,445 [Thread-947] INFO  ozoneimpl.ContainerReader (ContainerReader.java:readVolume(175)) - Finish verifying containers on volume /home/runner/work/ozone/ozone/hadoop-ozone/integration-test/target/test-dir/MiniOzoneClusterImpl-6443e5c3-9dee-4d73-83b7-63138ecdba9d/datanode-0/data-0/containers/hdds
2022-10-03 12:55:58,445 [Listener at 127.0.0.1/32777] INFO  ozoneimpl.OzoneContainer (OzoneContainer.java:buildContainerSet(300)) - Build ContainerSet costs 0s
2022-10-03 12:55:58,447 [Listener at 127.0.0.1/32777] INFO  server.RaftServer (ConfUtils.java:logGet(46)) - raft.rpc.type = GRPC (default)
2022-10-03 12:55:58,447 [Listener at 127.0.0.1/32777] INFO  grpc.GrpcFactory (GrpcFactory.java:checkPooledByteBufAllocatorUseCacheForAllThreads(48)) - PERFORMANCE WARNING: useCacheForAllThreads is true that may cause Netty to create a lot garbage objects and, as a result, trigger GC.
	It is recommended to disable useCacheForAllThreads by setting -Dorg.apache.ratis.thirdparty.io.netty.allocator.useCacheForAllThreads=false in command line.
2022-10-03 12:55:58,447 [Listener at 127.0.0.1/32777] INFO  grpc.GrpcConfigKeys (ConfUtils.java:logGet(46)) - raft.grpc.admin.port = 0 (custom)
2022-10-03 12:55:58,448 [Listener at 127.0.0.1/32777] INFO  grpc.GrpcConfigKeys (ConfUtils.java:logGet(46)) - raft.grpc.client.port = 0 (custom)
2022-10-03 12:55:58,448 [Listener at 127.0.0.1/32777] INFO  grpc.GrpcConfigKeys (ConfUtils.java:logGet(46)) - raft.grpc.server.port = 0 (default)
2022-10-03 12:55:58,448 [Listener at 127.0.0.1/32777] INFO  server.GrpcService (ConfUtils.java:logGet(46)) - raft.grpc.message.size.max = 32MB (=33554432) (custom)
2022-10-03 12:55:58,448 [Listener at 127.0.0.1/32777] INFO  server.RaftServerConfigKeys (ConfUtils.java:logGet(46)) - raft.server.log.appender.buffer.byte-limit = 33554432 (custom)
2022-10-03 12:55:58,448 [Listener at 127.0.0.1/32777] INFO  server.GrpcService (ConfUtils.java:logGet(46)) - raft.grpc.flow.control.window = 5MB (=5242880) (custom)
2022-10-03 12:55:58,448 [Listener at 127.0.0.1/32777] INFO  server.RaftServerConfigKeys (ConfUtils.java:logGet(46)) - raft.server.rpc.request.timeout = 60s (custom)
2022-10-03 12:55:58,448 [Listener at 127.0.0.1/32777] INFO  grpc.GrpcConfigKeys (ConfUtils.java:logGet(46)) - raft.grpc.server.async.request.thread.pool.cached = true (default)
2022-10-03 12:55:58,448 [Listener at 127.0.0.1/32777] INFO  grpc.GrpcConfigKeys (ConfUtils.java:logGet(46)) - raft.grpc.server.async.request.thread.pool.size = 32 (default)
2022-10-03 12:55:58,461 [Listener at 127.0.0.1/32777] INFO  impl.DataStreamServerImpl (ConfUtils.java:logGet(46)) - raft.datastream.type = DISABLED (default)
2022-10-03 12:55:58,462 [Listener at 127.0.0.1/32777] INFO  server.RaftServerConfigKeys (ConfUtils.java:logGet(46)) - raft.server.threadpool.proxy.cached = true (default)
2022-10-03 12:55:58,462 [Listener at 127.0.0.1/32777] INFO  server.RaftServerConfigKeys (ConfUtils.java:logGet(46)) - raft.server.threadpool.proxy.size = 0 (default)
2022-10-03 12:55:58,462 [Listener at 127.0.0.1/32777] INFO  server.RaftServerConfigKeys (ConfUtils.java:logGet(46)) - raft.server.rpc.slowness.timeout = 300s (custom)
2022-10-03 12:55:58,469 [Listener at 127.0.0.1/32777] INFO  server.RaftServerConfigKeys (ConfUtils.java:logGet(46)) - raft.server.leaderelection.leader.step-down.wait-time = 10s (default)
2022-10-03 12:55:58,469 [Listener at 127.0.0.1/32777] INFO  server.RaftServerConfigKeys (ConfUtils.java:logGet(46)) - raft.server.storage.dir = [/home/runner/work/ozone/ozone/hadoop-ozone/integration-test/target/test-dir/MiniOzoneClusterImpl-6443e5c3-9dee-4d73-83b7-63138ecdba9d/datanode-0/data/ratis] (custom)
2022-10-03 12:55:58,471 [Listener at 127.0.0.1/32777] INFO  server.XceiverServerGrpc (XceiverServerGrpc.java:<init>(132)) - GrpcServer channel type EpollServerSocketChannel
2022-10-03 12:55:58,473 [Listener at 127.0.0.1/32777] INFO  http.BaseHttpServer (BaseHttpServer.java:newHttpServer2BuilderForOzone(213)) - Starting Web-server for hddsDatanode at: http://0.0.0.0:0
2022-10-03 12:55:58,473 [Listener at 127.0.0.1/32777] INFO  http.BaseHttpServer (BaseHttpServer.java:<init>(108)) - Hadoop Security Enabled: false Ozone Security Enabled: false Ozone HTTP Security Enabled: false 
2022-10-03 12:55:58,474 [Listener at 127.0.0.1/32777] INFO  server.AuthenticationFilter (AuthenticationFilter.java:constructSecretProvider(240)) - Unable to initialize FileSignerSecretProvider, falling back to use random secrets.
2022-10-03 12:55:58,475 [Listener at 127.0.0.1/32777] WARN  http.HttpRequestLog (HttpRequestLog.java:getRequestLog(103)) - Jetty request log can only be enabled using Log4j
2022-10-03 12:55:58,476 [Listener at 127.0.0.1/32777] INFO  http.HttpServer2 (HttpServer2.java:addGlobalFilter(1029)) - Added global filter 'safety' (class=org.apache.hadoop.hdds.server.http.HttpServer2$QuotingInputFilter)
2022-10-03 12:55:58,476 [Listener at 127.0.0.1/32777] INFO  http.HttpServer2 (HttpServer2.java:addFilter(1005)) - Added filter static_user_filter (class=org.apache.hadoop.http.lib.StaticUserWebFilter$StaticUserFilter) to context hddsDatanode
2022-10-03 12:55:58,476 [Listener at 127.0.0.1/32777] INFO  http.HttpServer2 (HttpServer2.java:addFilter(1013)) - Added filter static_user_filter (class=org.apache.hadoop.http.lib.StaticUserWebFilter$StaticUserFilter) to context static
2022-10-03 12:55:58,476 [Listener at 127.0.0.1/32777] INFO  http.HttpServer2 (HttpServer2.java:addFilter(1013)) - Added filter static_user_filter (class=org.apache.hadoop.http.lib.StaticUserWebFilter$StaticUserFilter) to context logs
2022-10-03 12:55:58,477 [Listener at 127.0.0.1/32777] INFO  http.HttpServer2 (HttpServer2.java:bindListener(1248)) - Jetty bound to port 45579
2022-10-03 12:55:58,477 [Listener at 127.0.0.1/32777] INFO  server.Server (Server.java:doStart(375)) - jetty-9.4.43.v20210629; built: 2021-06-30T11:07:22.254Z; git: 526006ecfa3af7f1a27ef3a288e2bef7ea9dd7e8; jvm 1.8.0_345-b01
2022-10-03 12:55:58,478 [Listener at 127.0.0.1/32777] INFO  server.session (DefaultSessionIdManager.java:doStart(334)) - DefaultSessionIdManager workerName=node0
2022-10-03 12:55:58,478 [Listener at 127.0.0.1/32777] INFO  server.session (DefaultSessionIdManager.java:doStart(339)) - No SessionScavenger set, using defaults
2022-10-03 12:55:58,478 [Listener at 127.0.0.1/32777] INFO  server.session (HouseKeeper.java:startScavenging(132)) - node0 Scavenging every 660000ms
2022-10-03 12:55:58,479 [Listener at 127.0.0.1/32777] INFO  handler.ContextHandler (ContextHandler.java:doStart(915)) - Started o.e.j.s.ServletContextHandler@55f591c2{logs,/logs,file:///home/runner/work/ozone/ozone/hadoop-ozone/integration-test/target/log,AVAILABLE}
2022-10-03 12:55:58,479 [Listener at 127.0.0.1/32777] INFO  handler.ContextHandler (ContextHandler.java:doStart(915)) - Started o.e.j.s.ServletContextHandler@7a95ed24{static,/static,jar:file:/home/runner/.m2/repository/org/apache/ozone/hdds-container-service/1.3.0-SNAPSHOT/hdds-container-service-1.3.0-SNAPSHOT.jar!/webapps/static,AVAILABLE}
2022-10-03 12:55:58,620 [om1@group-C5BA1605619E-FollowerState] INFO  impl.FollowerState (FollowerState.java:run(143)) - om1@group-C5BA1605619E-FollowerState: change to CANDIDATE, lastRpcElapsedTime:1147074618ns, electionTimeout:1146ms
2022-10-03 12:55:58,620 [om1@group-C5BA1605619E-FollowerState] INFO  impl.RoleInfo (RoleInfo.java:shutdownFollowerState(110)) - om1: shutdown om1@group-C5BA1605619E-FollowerState
2022-10-03 12:55:58,620 [om1@group-C5BA1605619E-FollowerState] INFO  server.RaftServer$Division (RaftServerImpl.java:setRole(299)) - om1@group-C5BA1605619E: changes role from  FOLLOWER to CANDIDATE at term 0 for changeToCandidate
2022-10-03 12:55:58,620 [om1@group-C5BA1605619E-FollowerState] INFO  server.RaftServerConfigKeys (ConfUtils.java:logGet(46)) - raft.server.leaderelection.pre-vote = false (custom)
2022-10-03 12:55:58,620 [om1@group-C5BA1605619E-FollowerState] INFO  impl.RoleInfo (RoleInfo.java:updateAndGet(139)) - om1: start om1@group-C5BA1605619E-LeaderElection34
2022-10-03 12:55:58,687 [om1@group-C5BA1605619E-LeaderElection34] INFO  impl.LeaderElection (LeaderElection.java:askForVotes(310)) - om1@group-C5BA1605619E-LeaderElection34 ELECTION round 0: submit vote requests at term 1 for -1: [om1|rpc:localhost:9872|priority:0], old=null
2022-10-03 12:55:58,687 [om1@group-C5BA1605619E-LeaderElection34] INFO  impl.LeaderElection (LeaderElection.java:askForVotes(312)) - om1@group-C5BA1605619E-LeaderElection34 ELECTION round 0: result PASSED (term=1)
2022-10-03 12:55:58,687 [om1@group-C5BA1605619E-LeaderElection34] INFO  impl.RoleInfo (RoleInfo.java:shutdownLeaderElection(130)) - om1: shutdown om1@group-C5BA1605619E-LeaderElection34
2022-10-03 12:55:58,687 [om1@group-C5BA1605619E-LeaderElection34] INFO  server.RaftServer$Division (RaftServerImpl.java:setRole(299)) - om1@group-C5BA1605619E: changes role from CANDIDATE to LEADER at term 1 for changeToLeader
2022-10-03 12:55:58,687 [om1@group-C5BA1605619E-LeaderElection34] INFO  server.RaftServer$Division (ServerState.java:setLeader(287)) - om1@group-C5BA1605619E: change Leader from null to om1 at term 1 for becomeLeader, leader elected after 2662ms
2022-10-03 12:55:58,687 [om1@group-C5BA1605619E-LeaderElection34] INFO  server.RaftServerConfigKeys (ConfUtils.java:logGet(46)) - raft.server.staging.catchup.gap = 1000 (default)
2022-10-03 12:55:58,688 [om1@group-C5BA1605619E-LeaderElection34] INFO  server.RaftServerConfigKeys (ConfUtils.java:logGet(46)) - raft.server.write.element-limit = 4096 (default)
2022-10-03 12:55:58,688 [om1@group-C5BA1605619E-LeaderElection34] INFO  server.RaftServerConfigKeys (ConfUtils.java:logGet(46)) - raft.server.write.byte-limit = 64MB (=67108864) (default)
2022-10-03 12:55:58,688 [om1@group-C5BA1605619E-LeaderElection34] INFO  server.RaftServerConfigKeys (ConfUtils.java:logGet(46)) - raft.server.watch.timeout = 10s (default)
2022-10-03 12:55:58,688 [om1@group-C5BA1605619E-LeaderElection34] INFO  server.RaftServerConfigKeys (ConfUtils.java:logGet(46)) - raft.server.watch.timeout.denomination = 1s (default)
2022-10-03 12:55:58,688 [om1@group-C5BA1605619E-LeaderElection34] INFO  server.RaftServerConfigKeys (ConfUtils.java:logGet(46)) - raft.server.watch.element-limit = 65536 (default)
2022-10-03 12:55:58,688 [om1@group-C5BA1605619E-LeaderElection34] INFO  server.RaftServerConfigKeys (ConfUtils.java:logGet(46)) - raft.server.write.element-limit = 4096 (default)
2022-10-03 12:55:58,688 [om1@group-C5BA1605619E-LeaderElection34] INFO  server.RaftServerConfigKeys (ConfUtils.java:logGet(46)) - raft.server.write.follower.gap.ratio.max = -1.0 (default)
2022-10-03 12:55:58,688 [om1@group-C5BA1605619E-LeaderElection34] INFO  impl.RoleInfo (RoleInfo.java:updateAndGet(139)) - om1: start om1@group-C5BA1605619E-LeaderStateImpl
2022-10-03 12:55:58,688 [om1@group-C5BA1605619E-LeaderElection34] INFO  segmented.SegmentedRaftLogWorker (SegmentedRaftLogWorker.java:startLogSegment(425)) - om1@group-C5BA1605619E-SegmentedRaftLogWorker: Starting segment from index:0
2022-10-03 12:55:58,701 [om1@group-C5BA1605619E-SegmentedRaftLogWorker] INFO  segmented.SegmentedRaftLogWorker (SegmentedRaftLogWorker.java:execute(629)) - om1@group-C5BA1605619E-SegmentedRaftLogWorker: created new log segment /home/runner/work/ozone/ozone/hadoop-ozone/integration-test/target/test-dir/MiniOzoneClusterImpl-6443e5c3-9dee-4d73-83b7-63138ecdba9d/ozone-meta/ratis/bf265839-605b-3f16-9796-c5ba1605619e/current/log_inprogress_0
2022-10-03 12:55:58,709 [om1@group-C5BA1605619E-LeaderElection34] INFO  server.RaftServer$Division (ServerState.java:setRaftConf(393)) - om1@group-C5BA1605619E: set configuration 0: [om1|rpc:localhost:9872|admin:|client:|dataStream:|priority:0], old=null
2022-10-03 12:55:58,737 [om1@group-C5BA1605619E-StateMachineUpdater] INFO  ratis.OzoneManagerStateMachine (OzoneManagerStateMachine.java:notifyConfigurationChanged(192)) - Received Configuration change notification from Ratis. New Peer list:
[id: "om1"
address: "localhost:9872"
]
2022-10-03 12:55:58,946 [Listener at 127.0.0.1/32777] INFO  handler.ContextHandler (ContextHandler.java:doStart(915)) - Started o.e.j.w.WebAppContext@3463d5f7{hddsDatanode,/,file:///tmp/jetty-0_0_0_0-45579-hdds-container-service-1_3_0-SNAPSHOT_jar-_-any-2732511636601171251/webapp/,AVAILABLE}{jar:file:/home/runner/.m2/repository/org/apache/ozone/hdds-container-service/1.3.0-SNAPSHOT/hdds-container-service-1.3.0-SNAPSHOT.jar!/webapps/hddsDatanode}
2022-10-03 12:55:58,967 [Listener at 127.0.0.1/32777] INFO  server.AbstractConnector (AbstractConnector.java:doStart(331)) - Started ServerConnector@591de409{HTTP/1.1, (http/1.1)}{0.0.0.0:45579}
2022-10-03 12:55:58,968 [Listener at 127.0.0.1/32777] INFO  server.Server (Server.java:doStart(415)) - Started @120980ms
2022-10-03 12:55:58,968 [Listener at 127.0.0.1/32777] WARN  impl.MetricsSystemImpl (MetricsSystemImpl.java:register(279)) - Sink prometheus already exists!
2022-10-03 12:55:58,968 [Listener at 127.0.0.1/32777] INFO  http.BaseHttpServer (BaseHttpServer.java:updateConnectorAddress(333)) - HTTP server of hddsDatanode listening at http://0.0.0.0:45579
2022-10-03 12:55:58,981 [Listener at 127.0.0.1/32777] WARN  impl.MetricRegistriesImpl (MetricRegistriesImpl.java:addReporterRegistration(111)) - New reporters are added after registries were created. Some metrics will be missing from the reporter. Please add reporter before adding any new registry.
2022-10-03 12:55:58,981 [Listener at 127.0.0.1/32777] WARN  impl.MetricRegistriesImpl (MetricRegistriesImpl.java:addReporterRegistration(111)) - New reporters are added after registries were created. Some metrics will be missing from the reporter. Please add reporter before adding any new registry.
2022-10-03 12:55:58,981 [Listener at 127.0.0.1/32777] INFO  impl.MetricsSystemImpl (MetricsSystemImpl.java:init(158)) - HddsDatanode metrics system started (again)
2022-10-03 12:55:58,985 [Datanode State Machine Daemon Thread] INFO  statemachine.DatanodeStateMachine (DatanodeStateMachine.java:lambda$startDaemon$0(492)) - Ozone container server started.
2022-10-03 12:55:59,022 [org.apache.hadoop.util.JvmPauseMonitor$Monitor@5bbd3008] INFO  util.JvmPauseMonitor (JvmPauseMonitor.java:run(188)) - Starting JVM pause monitor
2022-10-03 12:55:59,030 [Datanode State Machine Task Thread - 0] INFO  datanode.InitDatanodeState (InitDatanodeState.java:persistContainerDatanodeDetails(138)) - DatanodeDetails is persisted to /home/runner/work/ozone/ozone/hadoop-ozone/integration-test/target/test-dir/MiniOzoneClusterImpl-6443e5c3-9dee-4d73-83b7-63138ecdba9d/datanode-0/meta/datanode.id
2022-10-03 12:55:59,036 [Listener at 127.0.0.1/32777] INFO  ozone.HddsDatanodeService (HddsDatanodeService.java:start(236)) - HddsDatanodeService host:fv-az443-503.ap2fcshprsnunfx25e1aelzb4b.cx.internal.cloudapp.net ip:10.1.0.147
2022-10-03 12:55:59,086 [Listener at 127.0.0.1/32777] INFO  upgrade.AbstractLayoutVersionManager (AbstractLayoutVersionManager.java:init(83)) - Initializing Layout version manager with metadata layout = DATANODE_SCHEMA_V3 (version = 4), software layout = DATANODE_SCHEMA_V3 (version = 4)
2022-10-03 12:55:59,264 [Listener at 127.0.0.1/32777] INFO  reflections.Reflections (Reflections.java:scan(232)) - Reflections took 177 ms to scan 7 urls, producing 135 keys and 327 values 
2022-10-03 12:55:59,265 [Listener at 127.0.0.1/32777] INFO  statemachine.DatanodeStateMachine (DatanodeStateMachine.java:getEndPointTaskThreadPoolSize(237)) - Datanode State Machine Task Thread Pool size 2
2022-10-03 12:55:59,302 [Listener at 127.0.0.1/32777] INFO  volume.HddsVolume (HddsVolume.java:<init>(117)) - Creating HddsVolume: /home/runner/work/ozone/ozone/hadoop-ozone/integration-test/target/test-dir/MiniOzoneClusterImpl-6443e5c3-9dee-4d73-83b7-63138ecdba9d/datanode-1/data-0/containers/hdds of storage type : DISK capacity : 9223372036854775807
2022-10-03 12:55:59,302 [Listener at 127.0.0.1/32777] INFO  volume.MutableVolumeSet (MutableVolumeSet.java:initializeVolumeSet(174)) - Added Volume : /home/runner/work/ozone/ozone/hadoop-ozone/integration-test/target/test-dir/MiniOzoneClusterImpl-6443e5c3-9dee-4d73-83b7-63138ecdba9d/datanode-1/data-0/containers/hdds to VolumeSet
2022-10-03 12:55:59,302 [Listener at 127.0.0.1/32777] INFO  volume.ThrottledAsyncChecker (ThrottledAsyncChecker.java:schedule(141)) - Scheduling a check for /home/runner/work/ozone/ozone/hadoop-ozone/integration-test/target/test-dir/MiniOzoneClusterImpl-6443e5c3-9dee-4d73-83b7-63138ecdba9d/datanode-1/data-0/containers/hdds
2022-10-03 12:55:59,313 [Listener at 127.0.0.1/32777] INFO  volume.StorageVolumeChecker (StorageVolumeChecker.java:checkAllVolumes(202)) - Scheduled health check for volume /home/runner/work/ozone/ozone/hadoop-ozone/integration-test/target/test-dir/MiniOzoneClusterImpl-6443e5c3-9dee-4d73-83b7-63138ecdba9d/datanode-1/data-0/containers/hdds
2022-10-03 12:55:59,331 [Listener at 127.0.0.1/32777] INFO  volume.MutableVolumeSet (MutableVolumeSet.java:initializeVolumeSet(174)) - Added Volume : /home/runner/work/ozone/ozone/hadoop-ozone/integration-test/target/test-dir/MiniOzoneClusterImpl-6443e5c3-9dee-4d73-83b7-63138ecdba9d/datanode-1/data/ratis to VolumeSet
2022-10-03 12:55:59,332 [Listener at 127.0.0.1/32777] INFO  volume.ThrottledAsyncChecker (ThrottledAsyncChecker.java:schedule(141)) - Scheduling a check for /home/runner/work/ozone/ozone/hadoop-ozone/integration-test/target/test-dir/MiniOzoneClusterImpl-6443e5c3-9dee-4d73-83b7-63138ecdba9d/datanode-1/data/ratis
2022-10-03 12:55:59,337 [Listener at 127.0.0.1/32777] INFO  volume.StorageVolumeChecker (StorageVolumeChecker.java:checkAllVolumes(202)) - Scheduled health check for volume /home/runner/work/ozone/ozone/hadoop-ozone/integration-test/target/test-dir/MiniOzoneClusterImpl-6443e5c3-9dee-4d73-83b7-63138ecdba9d/datanode-1/data/ratis
2022-10-03 12:55:59,393 [Thread-962] INFO  ozoneimpl.ContainerReader (ContainerReader.java:readVolume(175)) - Finish verifying containers on volume /home/runner/work/ozone/ozone/hadoop-ozone/integration-test/target/test-dir/MiniOzoneClusterImpl-6443e5c3-9dee-4d73-83b7-63138ecdba9d/datanode-1/data-0/containers/hdds
2022-10-03 12:55:59,393 [Listener at 127.0.0.1/32777] INFO  ozoneimpl.OzoneContainer (OzoneContainer.java:buildContainerSet(300)) - Build ContainerSet costs 0s
2022-10-03 12:55:59,395 [Listener at 127.0.0.1/32777] INFO  server.RaftServer (ConfUtils.java:logGet(46)) - raft.rpc.type = GRPC (default)
2022-10-03 12:55:59,395 [Listener at 127.0.0.1/32777] INFO  grpc.GrpcFactory (GrpcFactory.java:checkPooledByteBufAllocatorUseCacheForAllThreads(48)) - PERFORMANCE WARNING: useCacheForAllThreads is true that may cause Netty to create a lot garbage objects and, as a result, trigger GC.
	It is recommended to disable useCacheForAllThreads by setting -Dorg.apache.ratis.thirdparty.io.netty.allocator.useCacheForAllThreads=false in command line.
2022-10-03 12:55:59,396 [Listener at 127.0.0.1/32777] INFO  grpc.GrpcConfigKeys (ConfUtils.java:logGet(46)) - raft.grpc.admin.port = 0 (custom)
2022-10-03 12:55:59,396 [Listener at 127.0.0.1/32777] INFO  grpc.GrpcConfigKeys (ConfUtils.java:logGet(46)) - raft.grpc.client.port = 0 (custom)
2022-10-03 12:55:59,396 [Listener at 127.0.0.1/32777] INFO  grpc.GrpcConfigKeys (ConfUtils.java:logGet(46)) - raft.grpc.server.port = 0 (default)
2022-10-03 12:55:59,396 [Listener at 127.0.0.1/32777] INFO  server.GrpcService (ConfUtils.java:logGet(46)) - raft.grpc.message.size.max = 32MB (=33554432) (custom)
2022-10-03 12:55:59,396 [Listener at 127.0.0.1/32777] INFO  server.RaftServerConfigKeys (ConfUtils.java:logGet(46)) - raft.server.log.appender.buffer.byte-limit = 33554432 (custom)
2022-10-03 12:55:59,396 [Listener at 127.0.0.1/32777] INFO  server.GrpcService (ConfUtils.java:logGet(46)) - raft.grpc.flow.control.window = 5MB (=5242880) (custom)
2022-10-03 12:55:59,396 [Listener at 127.0.0.1/32777] INFO  server.RaftServerConfigKeys (ConfUtils.java:logGet(46)) - raft.server.rpc.request.timeout = 60s (custom)
2022-10-03 12:55:59,396 [Listener at 127.0.0.1/32777] INFO  grpc.GrpcConfigKeys (ConfUtils.java:logGet(46)) - raft.grpc.server.async.request.thread.pool.cached = true (default)
2022-10-03 12:55:59,396 [Listener at 127.0.0.1/32777] INFO  grpc.GrpcConfigKeys (ConfUtils.java:logGet(46)) - raft.grpc.server.async.request.thread.pool.size = 32 (default)
2022-10-03 12:55:59,404 [Listener at 127.0.0.1/32777] INFO  impl.DataStreamServerImpl (ConfUtils.java:logGet(46)) - raft.datastream.type = DISABLED (default)
2022-10-03 12:55:59,404 [Listener at 127.0.0.1/32777] INFO  server.RaftServerConfigKeys (ConfUtils.java:logGet(46)) - raft.server.threadpool.proxy.cached = true (default)
2022-10-03 12:55:59,405 [Listener at 127.0.0.1/32777] INFO  server.RaftServerConfigKeys (ConfUtils.java:logGet(46)) - raft.server.threadpool.proxy.size = 0 (default)
2022-10-03 12:55:59,405 [Listener at 127.0.0.1/32777] INFO  server.RaftServerConfigKeys (ConfUtils.java:logGet(46)) - raft.server.rpc.slowness.timeout = 300s (custom)
2022-10-03 12:55:59,405 [Listener at 127.0.0.1/32777] INFO  server.RaftServerConfigKeys (ConfUtils.java:logGet(46)) - raft.server.leaderelection.leader.step-down.wait-time = 10s (default)
2022-10-03 12:55:59,415 [Listener at 127.0.0.1/32777] INFO  server.RaftServerConfigKeys (ConfUtils.java:logGet(46)) - raft.server.storage.dir = [/home/runner/work/ozone/ozone/hadoop-ozone/integration-test/target/test-dir/MiniOzoneClusterImpl-6443e5c3-9dee-4d73-83b7-63138ecdba9d/datanode-1/data/ratis] (custom)
2022-10-03 12:55:59,422 [Listener at 127.0.0.1/32777] INFO  server.XceiverServerGrpc (XceiverServerGrpc.java:<init>(132)) - GrpcServer channel type EpollServerSocketChannel
2022-10-03 12:55:59,445 [Listener at 127.0.0.1/32777] INFO  http.BaseHttpServer (BaseHttpServer.java:newHttpServer2BuilderForOzone(213)) - Starting Web-server for hddsDatanode at: http://0.0.0.0:0
2022-10-03 12:55:59,445 [Listener at 127.0.0.1/32777] INFO  http.BaseHttpServer (BaseHttpServer.java:<init>(108)) - Hadoop Security Enabled: false Ozone Security Enabled: false Ozone HTTP Security Enabled: false 
2022-10-03 12:55:59,446 [Listener at 127.0.0.1/32777] INFO  server.AuthenticationFilter (AuthenticationFilter.java:constructSecretProvider(240)) - Unable to initialize FileSignerSecretProvider, falling back to use random secrets.
2022-10-03 12:55:59,460 [Listener at 127.0.0.1/32777] WARN  http.HttpRequestLog (HttpRequestLog.java:getRequestLog(103)) - Jetty request log can only be enabled using Log4j
2022-10-03 12:55:59,466 [Listener at 127.0.0.1/32777] INFO  http.HttpServer2 (HttpServer2.java:addGlobalFilter(1029)) - Added global filter 'safety' (class=org.apache.hadoop.hdds.server.http.HttpServer2$QuotingInputFilter)
2022-10-03 12:55:59,466 [Listener at 127.0.0.1/32777] INFO  http.HttpServer2 (HttpServer2.java:addFilter(1005)) - Added filter static_user_filter (class=org.apache.hadoop.http.lib.StaticUserWebFilter$StaticUserFilter) to context hddsDatanode
2022-10-03 12:55:59,466 [Listener at 127.0.0.1/32777] INFO  http.HttpServer2 (HttpServer2.java:addFilter(1013)) - Added filter static_user_filter (class=org.apache.hadoop.http.lib.StaticUserWebFilter$StaticUserFilter) to context logs
2022-10-03 12:55:59,467 [Listener at 127.0.0.1/32777] INFO  http.HttpServer2 (HttpServer2.java:addFilter(1013)) - Added filter static_user_filter (class=org.apache.hadoop.http.lib.StaticUserWebFilter$StaticUserFilter) to context static
2022-10-03 12:55:59,467 [Listener at 127.0.0.1/32777] INFO  http.HttpServer2 (HttpServer2.java:bindListener(1248)) - Jetty bound to port 45079
2022-10-03 12:55:59,467 [Listener at 127.0.0.1/32777] INFO  server.Server (Server.java:doStart(375)) - jetty-9.4.43.v20210629; built: 2021-06-30T11:07:22.254Z; git: 526006ecfa3af7f1a27ef3a288e2bef7ea9dd7e8; jvm 1.8.0_345-b01
2022-10-03 12:55:59,553 [Listener at 127.0.0.1/32777] INFO  server.session (DefaultSessionIdManager.java:doStart(334)) - DefaultSessionIdManager workerName=node0
2022-10-03 12:55:59,554 [Listener at 127.0.0.1/32777] INFO  server.session (DefaultSessionIdManager.java:doStart(339)) - No SessionScavenger set, using defaults
2022-10-03 12:55:59,554 [Listener at 127.0.0.1/32777] INFO  server.session (HouseKeeper.java:startScavenging(132)) - node0 Scavenging every 660000ms
2022-10-03 12:55:59,555 [Listener at 127.0.0.1/32777] INFO  handler.ContextHandler (ContextHandler.java:doStart(915)) - Started o.e.j.s.ServletContextHandler@6cc4daa4{logs,/logs,file:///home/runner/work/ozone/ozone/hadoop-ozone/integration-test/target/log,AVAILABLE}
2022-10-03 12:55:59,555 [Listener at 127.0.0.1/32777] INFO  handler.ContextHandler (ContextHandler.java:doStart(915)) - Started o.e.j.s.ServletContextHandler@4e6b405d{static,/static,jar:file:/home/runner/.m2/repository/org/apache/ozone/hdds-container-service/1.3.0-SNAPSHOT/hdds-container-service-1.3.0-SNAPSHOT.jar!/webapps/static,AVAILABLE}
2022-10-03 12:56:00,396 [Listener at 127.0.0.1/32777] INFO  handler.ContextHandler (ContextHandler.java:doStart(915)) - Started o.e.j.w.WebAppContext@34afdb84{hddsDatanode,/,file:///tmp/jetty-0_0_0_0-45079-hdds-container-service-1_3_0-SNAPSHOT_jar-_-any-5008673279987762119/webapp/,AVAILABLE}{jar:file:/home/runner/.m2/repository/org/apache/ozone/hdds-container-service/1.3.0-SNAPSHOT/hdds-container-service-1.3.0-SNAPSHOT.jar!/webapps/hddsDatanode}
2022-10-03 12:56:00,413 [Listener at 127.0.0.1/32777] INFO  server.AbstractConnector (AbstractConnector.java:doStart(331)) - Started ServerConnector@732cfe49{HTTP/1.1, (http/1.1)}{0.0.0.0:45079}
2022-10-03 12:56:00,413 [Listener at 127.0.0.1/32777] INFO  server.Server (Server.java:doStart(415)) - Started @122425ms
2022-10-03 12:56:00,413 [Listener at 127.0.0.1/32777] WARN  impl.MetricsSystemImpl (MetricsSystemImpl.java:register(279)) - Sink prometheus already exists!
2022-10-03 12:56:00,429 [Listener at 127.0.0.1/32777] INFO  http.BaseHttpServer (BaseHttpServer.java:updateConnectorAddress(333)) - HTTP server of hddsDatanode listening at http://0.0.0.0:45079
2022-10-03 12:56:00,441 [Listener at 127.0.0.1/32777] WARN  impl.MetricRegistriesImpl (MetricRegistriesImpl.java:addReporterRegistration(111)) - New reporters are added after registries were created. Some metrics will be missing from the reporter. Please add reporter before adding any new registry.
2022-10-03 12:56:00,441 [Listener at 127.0.0.1/32777] WARN  impl.MetricRegistriesImpl (MetricRegistriesImpl.java:addReporterRegistration(111)) - New reporters are added after registries were created. Some metrics will be missing from the reporter. Please add reporter before adding any new registry.
2022-10-03 12:56:00,441 [Listener at 127.0.0.1/32777] INFO  impl.MetricsSystemImpl (MetricsSystemImpl.java:init(158)) - HddsDatanode metrics system started (again)
2022-10-03 12:56:00,449 [Datanode State Machine Daemon Thread] INFO  statemachine.DatanodeStateMachine (DatanodeStateMachine.java:lambda$startDaemon$0(492)) - Ozone container server started.
2022-10-03 12:56:00,481 [Listener at 127.0.0.1/32777] INFO  ozone.HddsDatanodeService (HddsDatanodeService.java:start(236)) - HddsDatanodeService host:fv-az443-503.ap2fcshprsnunfx25e1aelzb4b.cx.internal.cloudapp.net ip:10.1.0.147
2022-10-03 12:56:00,482 [org.apache.hadoop.util.JvmPauseMonitor$Monitor@7150451c] INFO  util.JvmPauseMonitor (JvmPauseMonitor.java:run(188)) - Starting JVM pause monitor
2022-10-03 12:56:00,518 [Datanode State Machine Task Thread - 0] INFO  datanode.InitDatanodeState (InitDatanodeState.java:persistContainerDatanodeDetails(138)) - DatanodeDetails is persisted to /home/runner/work/ozone/ozone/hadoop-ozone/integration-test/target/test-dir/MiniOzoneClusterImpl-6443e5c3-9dee-4d73-83b7-63138ecdba9d/datanode-1/meta/datanode.id
2022-10-03 12:56:00,548 [Listener at 127.0.0.1/32777] INFO  upgrade.AbstractLayoutVersionManager (AbstractLayoutVersionManager.java:init(83)) - Initializing Layout version manager with metadata layout = DATANODE_SCHEMA_V3 (version = 4), software layout = DATANODE_SCHEMA_V3 (version = 4)
2022-10-03 12:56:00,654 [Listener at 127.0.0.1/32777] INFO  reflections.Reflections (Reflections.java:scan(232)) - Reflections took 105 ms to scan 7 urls, producing 135 keys and 327 values 
2022-10-03 12:56:00,656 [Listener at 127.0.0.1/32777] INFO  statemachine.DatanodeStateMachine (DatanodeStateMachine.java:getEndPointTaskThreadPoolSize(237)) - Datanode State Machine Task Thread Pool size 2
2022-10-03 12:56:00,657 [Listener at 127.0.0.1/32777] INFO  volume.HddsVolume (HddsVolume.java:<init>(117)) - Creating HddsVolume: /home/runner/work/ozone/ozone/hadoop-ozone/integration-test/target/test-dir/MiniOzoneClusterImpl-6443e5c3-9dee-4d73-83b7-63138ecdba9d/datanode-2/data-0/containers/hdds of storage type : DISK capacity : 9223372036854775807
2022-10-03 12:56:00,657 [Listener at 127.0.0.1/32777] INFO  volume.MutableVolumeSet (MutableVolumeSet.java:initializeVolumeSet(174)) - Added Volume : /home/runner/work/ozone/ozone/hadoop-ozone/integration-test/target/test-dir/MiniOzoneClusterImpl-6443e5c3-9dee-4d73-83b7-63138ecdba9d/datanode-2/data-0/containers/hdds to VolumeSet
2022-10-03 12:56:00,658 [Listener at 127.0.0.1/32777] INFO  volume.ThrottledAsyncChecker (ThrottledAsyncChecker.java:schedule(141)) - Scheduling a check for /home/runner/work/ozone/ozone/hadoop-ozone/integration-test/target/test-dir/MiniOzoneClusterImpl-6443e5c3-9dee-4d73-83b7-63138ecdba9d/datanode-2/data-0/containers/hdds
2022-10-03 12:56:00,658 [Listener at 127.0.0.1/32777] INFO  volume.StorageVolumeChecker (StorageVolumeChecker.java:checkAllVolumes(202)) - Scheduled health check for volume /home/runner/work/ozone/ozone/hadoop-ozone/integration-test/target/test-dir/MiniOzoneClusterImpl-6443e5c3-9dee-4d73-83b7-63138ecdba9d/datanode-2/data-0/containers/hdds
2022-10-03 12:56:00,672 [Listener at 127.0.0.1/32777] INFO  volume.MutableVolumeSet (MutableVolumeSet.java:initializeVolumeSet(174)) - Added Volume : /home/runner/work/ozone/ozone/hadoop-ozone/integration-test/target/test-dir/MiniOzoneClusterImpl-6443e5c3-9dee-4d73-83b7-63138ecdba9d/datanode-2/data/ratis to VolumeSet
2022-10-03 12:56:00,673 [Listener at 127.0.0.1/32777] INFO  volume.ThrottledAsyncChecker (ThrottledAsyncChecker.java:schedule(141)) - Scheduling a check for /home/runner/work/ozone/ozone/hadoop-ozone/integration-test/target/test-dir/MiniOzoneClusterImpl-6443e5c3-9dee-4d73-83b7-63138ecdba9d/datanode-2/data/ratis
2022-10-03 12:56:00,673 [Listener at 127.0.0.1/32777] INFO  volume.StorageVolumeChecker (StorageVolumeChecker.java:checkAllVolumes(202)) - Scheduled health check for volume /home/runner/work/ozone/ozone/hadoop-ozone/integration-test/target/test-dir/MiniOzoneClusterImpl-6443e5c3-9dee-4d73-83b7-63138ecdba9d/datanode-2/data/ratis
2022-10-03 12:56:00,706 [Thread-975] INFO  ozoneimpl.ContainerReader (ContainerReader.java:readVolume(175)) - Finish verifying containers on volume /home/runner/work/ozone/ozone/hadoop-ozone/integration-test/target/test-dir/MiniOzoneClusterImpl-6443e5c3-9dee-4d73-83b7-63138ecdba9d/datanode-2/data-0/containers/hdds
2022-10-03 12:56:00,706 [Listener at 127.0.0.1/32777] INFO  ozoneimpl.OzoneContainer (OzoneContainer.java:buildContainerSet(300)) - Build ContainerSet costs 0s
2022-10-03 12:56:00,708 [Listener at 127.0.0.1/32777] INFO  server.RaftServer (ConfUtils.java:logGet(46)) - raft.rpc.type = GRPC (default)
2022-10-03 12:56:00,708 [Listener at 127.0.0.1/32777] INFO  grpc.GrpcFactory (GrpcFactory.java:checkPooledByteBufAllocatorUseCacheForAllThreads(48)) - PERFORMANCE WARNING: useCacheForAllThreads is true that may cause Netty to create a lot garbage objects and, as a result, trigger GC.
	It is recommended to disable useCacheForAllThreads by setting -Dorg.apache.ratis.thirdparty.io.netty.allocator.useCacheForAllThreads=false in command line.
2022-10-03 12:56:00,708 [Listener at 127.0.0.1/32777] INFO  grpc.GrpcConfigKeys (ConfUtils.java:logGet(46)) - raft.grpc.admin.port = 0 (custom)
2022-10-03 12:56:00,708 [Listener at 127.0.0.1/32777] INFO  grpc.GrpcConfigKeys (ConfUtils.java:logGet(46)) - raft.grpc.client.port = 0 (custom)
2022-10-03 12:56:00,708 [Listener at 127.0.0.1/32777] INFO  grpc.GrpcConfigKeys (ConfUtils.java:logGet(46)) - raft.grpc.server.port = 0 (default)
2022-10-03 12:56:00,708 [Listener at 127.0.0.1/32777] INFO  server.GrpcService (ConfUtils.java:logGet(46)) - raft.grpc.message.size.max = 32MB (=33554432) (custom)
2022-10-03 12:56:00,708 [Listener at 127.0.0.1/32777] INFO  server.RaftServerConfigKeys (ConfUtils.java:logGet(46)) - raft.server.log.appender.buffer.byte-limit = 33554432 (custom)
2022-10-03 12:56:00,709 [Listener at 127.0.0.1/32777] INFO  server.GrpcService (ConfUtils.java:logGet(46)) - raft.grpc.flow.control.window = 5MB (=5242880) (custom)
2022-10-03 12:56:00,709 [Listener at 127.0.0.1/32777] INFO  server.RaftServerConfigKeys (ConfUtils.java:logGet(46)) - raft.server.rpc.request.timeout = 60s (custom)
2022-10-03 12:56:00,709 [Listener at 127.0.0.1/32777] INFO  grpc.GrpcConfigKeys (ConfUtils.java:logGet(46)) - raft.grpc.server.async.request.thread.pool.cached = true (default)
2022-10-03 12:56:00,709 [Listener at 127.0.0.1/32777] INFO  grpc.GrpcConfigKeys (ConfUtils.java:logGet(46)) - raft.grpc.server.async.request.thread.pool.size = 32 (default)
2022-10-03 12:56:00,710 [Listener at 127.0.0.1/32777] INFO  impl.DataStreamServerImpl (ConfUtils.java:logGet(46)) - raft.datastream.type = DISABLED (default)
2022-10-03 12:56:00,711 [Listener at 127.0.0.1/32777] INFO  server.RaftServerConfigKeys (ConfUtils.java:logGet(46)) - raft.server.threadpool.proxy.cached = true (default)
2022-10-03 12:56:00,711 [Listener at 127.0.0.1/32777] INFO  server.RaftServerConfigKeys (ConfUtils.java:logGet(46)) - raft.server.threadpool.proxy.size = 0 (default)
2022-10-03 12:56:00,711 [Listener at 127.0.0.1/32777] INFO  server.RaftServerConfigKeys (ConfUtils.java:logGet(46)) - raft.server.rpc.slowness.timeout = 300s (custom)
2022-10-03 12:56:00,711 [Listener at 127.0.0.1/32777] INFO  server.RaftServerConfigKeys (ConfUtils.java:logGet(46)) - raft.server.leaderelection.leader.step-down.wait-time = 10s (default)
2022-10-03 12:56:00,721 [Listener at 127.0.0.1/32777] INFO  server.RaftServerConfigKeys (ConfUtils.java:logGet(46)) - raft.server.storage.dir = [/home/runner/work/ozone/ozone/hadoop-ozone/integration-test/target/test-dir/MiniOzoneClusterImpl-6443e5c3-9dee-4d73-83b7-63138ecdba9d/datanode-2/data/ratis] (custom)
2022-10-03 12:56:00,726 [Listener at 127.0.0.1/32777] INFO  server.XceiverServerGrpc (XceiverServerGrpc.java:<init>(132)) - GrpcServer channel type EpollServerSocketChannel
2022-10-03 12:56:00,778 [Listener at 127.0.0.1/32777] INFO  http.BaseHttpServer (BaseHttpServer.java:newHttpServer2BuilderForOzone(213)) - Starting Web-server for hddsDatanode at: http://0.0.0.0:0
2022-10-03 12:56:00,778 [Listener at 127.0.0.1/32777] INFO  http.BaseHttpServer (BaseHttpServer.java:<init>(108)) - Hadoop Security Enabled: false Ozone Security Enabled: false Ozone HTTP Security Enabled: false 
2022-10-03 12:56:00,785 [Listener at 127.0.0.1/32777] INFO  server.AuthenticationFilter (AuthenticationFilter.java:constructSecretProvider(240)) - Unable to initialize FileSignerSecretProvider, falling back to use random secrets.
2022-10-03 12:56:00,793 [Listener at 127.0.0.1/32777] WARN  http.HttpRequestLog (HttpRequestLog.java:getRequestLog(103)) - Jetty request log can only be enabled using Log4j
2022-10-03 12:56:00,794 [Listener at 127.0.0.1/32777] INFO  http.HttpServer2 (HttpServer2.java:addGlobalFilter(1029)) - Added global filter 'safety' (class=org.apache.hadoop.hdds.server.http.HttpServer2$QuotingInputFilter)
2022-10-03 12:56:00,830 [Listener at 127.0.0.1/32777] INFO  http.HttpServer2 (HttpServer2.java:addFilter(1005)) - Added filter static_user_filter (class=org.apache.hadoop.http.lib.StaticUserWebFilter$StaticUserFilter) to context hddsDatanode
2022-10-03 12:56:00,830 [Listener at 127.0.0.1/32777] INFO  http.HttpServer2 (HttpServer2.java:addFilter(1013)) - Added filter static_user_filter (class=org.apache.hadoop.http.lib.StaticUserWebFilter$StaticUserFilter) to context logs
2022-10-03 12:56:00,830 [Listener at 127.0.0.1/32777] INFO  http.HttpServer2 (HttpServer2.java:addFilter(1013)) - Added filter static_user_filter (class=org.apache.hadoop.http.lib.StaticUserWebFilter$StaticUserFilter) to context static
2022-10-03 12:56:00,830 [Listener at 127.0.0.1/32777] INFO  http.HttpServer2 (HttpServer2.java:bindListener(1248)) - Jetty bound to port 33439
2022-10-03 12:56:00,831 [Listener at 127.0.0.1/32777] INFO  server.Server (Server.java:doStart(375)) - jetty-9.4.43.v20210629; built: 2021-06-30T11:07:22.254Z; git: 526006ecfa3af7f1a27ef3a288e2bef7ea9dd7e8; jvm 1.8.0_345-b01
2022-10-03 12:56:00,917 [Listener at 127.0.0.1/32777] INFO  server.session (DefaultSessionIdManager.java:doStart(334)) - DefaultSessionIdManager workerName=node0
2022-10-03 12:56:00,917 [Listener at 127.0.0.1/32777] INFO  server.session (DefaultSessionIdManager.java:doStart(339)) - No SessionScavenger set, using defaults
2022-10-03 12:56:00,918 [Listener at 127.0.0.1/32777] INFO  server.session (HouseKeeper.java:startScavenging(132)) - node0 Scavenging every 600000ms
2022-10-03 12:56:00,921 [Listener at 127.0.0.1/32777] INFO  handler.ContextHandler (ContextHandler.java:doStart(915)) - Started o.e.j.s.ServletContextHandler@55e79f{logs,/logs,file:///home/runner/work/ozone/ozone/hadoop-ozone/integration-test/target/log,AVAILABLE}
2022-10-03 12:56:00,922 [Listener at 127.0.0.1/32777] INFO  handler.ContextHandler (ContextHandler.java:doStart(915)) - Started o.e.j.s.ServletContextHandler@3ef72d49{static,/static,jar:file:/home/runner/.m2/repository/org/apache/ozone/hdds-container-service/1.3.0-SNAPSHOT/hdds-container-service-1.3.0-SNAPSHOT.jar!/webapps/static,AVAILABLE}
2022-10-03 12:56:01,217 [EndpointStateMachine task thread for /0.0.0.0:39163 - 0 ] INFO  volume.HddsVolume (HddsVolume.java:createDbStore(307)) - SchemaV3 db is created and loaded at /home/runner/work/ozone/ozone/hadoop-ozone/integration-test/target/test-dir/MiniOzoneClusterImpl-6443e5c3-9dee-4d73-83b7-63138ecdba9d/datanode-0/data-0/containers/hdds/6443e5c3-9dee-4d73-83b7-63138ecdba9d/DS-2f2f16f9-f5e7-44e0-bb4c-3afe81da3101/container.db for volume DS-2f2f16f9-f5e7-44e0-bb4c-3afe81da3101
2022-10-03 12:56:01,237 [EndpointStateMachine task thread for /0.0.0.0:39163 - 0 ] INFO  volume.HddsVolume (HddsVolume.java:closeDbStore(338)) - SchemaV3 db is stopped at /home/runner/work/ozone/ozone/hadoop-ozone/integration-test/target/test-dir/MiniOzoneClusterImpl-6443e5c3-9dee-4d73-83b7-63138ecdba9d/datanode-0/data-0/containers/hdds/6443e5c3-9dee-4d73-83b7-63138ecdba9d/DS-2f2f16f9-f5e7-44e0-bb4c-3afe81da3101/container.db for volume DS-2f2f16f9-f5e7-44e0-bb4c-3afe81da3101
2022-10-03 12:56:01,238 [EndpointStateMachine task thread for /0.0.0.0:39163 - 0 ] INFO  ozoneimpl.OzoneContainer (OzoneContainer.java:start(378)) - Attempting to start container services.
2022-10-03 12:56:01,238 [EndpointStateMachine task thread for /0.0.0.0:39163 - 0 ] INFO  ozoneimpl.OzoneContainer (OzoneContainer.java:startContainerScrub(313)) - Background container scanner has been disabled.
2022-10-03 12:56:01,239 [EndpointStateMachine task thread for /0.0.0.0:39163 - 0 ] INFO  replication.ReplicationServer (ReplicationServer.java:start(111)) - ReplicationServer is started using port 34819
2022-10-03 12:56:01,240 [EndpointStateMachine task thread for /0.0.0.0:39163 - 0 ] INFO  ratis.XceiverServerRatis (XceiverServerRatis.java:start(481)) - Starting XceiverServerRatis cb992ddc-d8fb-48b8-a749-54f43281b597
2022-10-03 12:56:01,240 [EndpointStateMachine task thread for /0.0.0.0:39163 - 0 ] INFO  server.RaftServer (RaftServerProxy.java:lambda$start$6(382)) - cb992ddc-d8fb-48b8-a749-54f43281b597: start RPC server
2022-10-03 12:56:01,250 [EndpointStateMachine task thread for /0.0.0.0:39163 - 0 ] INFO  server.GrpcService (GrpcService.java:startImpl(260)) - cb992ddc-d8fb-48b8-a749-54f43281b597: GrpcService started, listening on 33249
2022-10-03 12:56:01,250 [EndpointStateMachine task thread for /0.0.0.0:39163 - 0 ] INFO  ratis.XceiverServerRatis (XceiverServerRatis.java:getRealPort(502)) - XceiverServerRatis cb992ddc-d8fb-48b8-a749-54f43281b597 is started using port 33249 for RATIS
2022-10-03 12:56:01,250 [EndpointStateMachine task thread for /0.0.0.0:39163 - 0 ] INFO  ratis.XceiverServerRatis (XceiverServerRatis.java:getRealPort(502)) - XceiverServerRatis cb992ddc-d8fb-48b8-a749-54f43281b597 is started using port 33249 for RATIS_ADMIN
2022-10-03 12:56:01,250 [EndpointStateMachine task thread for /0.0.0.0:39163 - 0 ] INFO  ratis.XceiverServerRatis (XceiverServerRatis.java:getRealPort(502)) - XceiverServerRatis cb992ddc-d8fb-48b8-a749-54f43281b597 is started using port 33249 for RATIS_SERVER
2022-10-03 12:56:01,250 [org.apache.ratis.util.JvmPauseMonitor$$Lambda$685/536859976@47dcdb1e] INFO  util.JvmPauseMonitor (JvmPauseMonitor.java:run(103)) - JvmPauseMonitor-cb992ddc-d8fb-48b8-a749-54f43281b597: Started
2022-10-03 12:56:01,306 [EndpointStateMachine task thread for /0.0.0.0:39163 - 0 ] INFO  server.XceiverServerGrpc (XceiverServerGrpc.java:start(180)) - XceiverServerGrpc cb992ddc-d8fb-48b8-a749-54f43281b597 is started using port 45351
2022-10-03 12:56:01,732 [Listener at 127.0.0.1/32777] INFO  handler.ContextHandler (ContextHandler.java:doStart(915)) - Started o.e.j.w.WebAppContext@11ef4c3c{hddsDatanode,/,file:///tmp/jetty-0_0_0_0-33439-hdds-container-service-1_3_0-SNAPSHOT_jar-_-any-6615141996659706977/webapp/,AVAILABLE}{jar:file:/home/runner/.m2/repository/org/apache/ozone/hdds-container-service/1.3.0-SNAPSHOT/hdds-container-service-1.3.0-SNAPSHOT.jar!/webapps/hddsDatanode}
2022-10-03 12:56:01,733 [Listener at 127.0.0.1/32777] INFO  server.AbstractConnector (AbstractConnector.java:doStart(331)) - Started ServerConnector@762eb3a1{HTTP/1.1, (http/1.1)}{0.0.0.0:33439}
2022-10-03 12:56:01,733 [Listener at 127.0.0.1/32777] INFO  server.Server (Server.java:doStart(415)) - Started @123745ms
2022-10-03 12:56:01,733 [Listener at 127.0.0.1/32777] WARN  impl.MetricsSystemImpl (MetricsSystemImpl.java:register(279)) - Sink prometheus already exists!
2022-10-03 12:56:01,735 [Listener at 127.0.0.1/32777] INFO  http.BaseHttpServer (BaseHttpServer.java:updateConnectorAddress(333)) - HTTP server of hddsDatanode listening at http://0.0.0.0:33439
2022-10-03 12:56:01,736 [Listener at 127.0.0.1/32777] INFO  ozone.MiniOzoneClusterImpl (MiniOzoneClusterImpl.java:lambda$waitForClusterToBeReady$0(216)) - Waiting for nodes to be ready. Got 0 of 3 DN Heartbeats.
2022-10-03 12:56:01,736 [Listener at 127.0.0.1/32777] INFO  ozone.MiniOzoneClusterImpl (MiniOzoneClusterImpl.java:lambda$waitForClusterToBeReady$0(219)) - Waiting for cluster to exit safe mode
2022-10-03 12:56:01,736 [Listener at 127.0.0.1/32777] INFO  ozone.MiniOzoneClusterImpl (MiniOzoneClusterImpl.java:lambda$waitForClusterToBeReady$0(221)) - SCM became leader
2022-10-03 12:56:01,743 [Datanode State Machine Daemon Thread] INFO  statemachine.DatanodeStateMachine (DatanodeStateMachine.java:lambda$startDaemon$0(492)) - Ozone container server started.
2022-10-03 12:56:01,801 [org.apache.hadoop.util.JvmPauseMonitor$Monitor@7573bb19] INFO  util.JvmPauseMonitor (JvmPauseMonitor.java:run(188)) - Starting JVM pause monitor
2022-10-03 12:56:01,831 [Datanode State Machine Task Thread - 0] INFO  datanode.InitDatanodeState (InitDatanodeState.java:persistContainerDatanodeDetails(138)) - DatanodeDetails is persisted to /home/runner/work/ozone/ozone/hadoop-ozone/integration-test/target/test-dir/MiniOzoneClusterImpl-6443e5c3-9dee-4d73-83b7-63138ecdba9d/datanode-2/meta/datanode.id
2022-10-03 12:56:02,613 [EndpointStateMachine task thread for /0.0.0.0:39163 - 0 ] INFO  volume.HddsVolume (HddsVolume.java:createDbStore(307)) - SchemaV3 db is created and loaded at /home/runner/work/ozone/ozone/hadoop-ozone/integration-test/target/test-dir/MiniOzoneClusterImpl-6443e5c3-9dee-4d73-83b7-63138ecdba9d/datanode-1/data-0/containers/hdds/6443e5c3-9dee-4d73-83b7-63138ecdba9d/DS-3151e7d9-a461-45d9-bd67-66413c3ce6b8/container.db for volume DS-3151e7d9-a461-45d9-bd67-66413c3ce6b8
2022-10-03 12:56:02,614 [EndpointStateMachine task thread for /0.0.0.0:39163 - 0 ] INFO  volume.HddsVolume (HddsVolume.java:closeDbStore(338)) - SchemaV3 db is stopped at /home/runner/work/ozone/ozone/hadoop-ozone/integration-test/target/test-dir/MiniOzoneClusterImpl-6443e5c3-9dee-4d73-83b7-63138ecdba9d/datanode-1/data-0/containers/hdds/6443e5c3-9dee-4d73-83b7-63138ecdba9d/DS-3151e7d9-a461-45d9-bd67-66413c3ce6b8/container.db for volume DS-3151e7d9-a461-45d9-bd67-66413c3ce6b8
2022-10-03 12:56:02,614 [EndpointStateMachine task thread for /0.0.0.0:39163 - 0 ] INFO  ozoneimpl.OzoneContainer (OzoneContainer.java:start(378)) - Attempting to start container services.
2022-10-03 12:56:02,614 [EndpointStateMachine task thread for /0.0.0.0:39163 - 0 ] INFO  ozoneimpl.OzoneContainer (OzoneContainer.java:startContainerScrub(313)) - Background container scanner has been disabled.
2022-10-03 12:56:02,624 [EndpointStateMachine task thread for /0.0.0.0:39163 - 0 ] INFO  replication.ReplicationServer (ReplicationServer.java:start(111)) - ReplicationServer is started using port 43751
2022-10-03 12:56:02,624 [EndpointStateMachine task thread for /0.0.0.0:39163 - 0 ] INFO  ratis.XceiverServerRatis (XceiverServerRatis.java:start(481)) - Starting XceiverServerRatis 967ae9f2-b522-4f2f-8a43-5ad718c2969e
2022-10-03 12:56:02,629 [EndpointStateMachine task thread for /0.0.0.0:39163 - 0 ] INFO  server.RaftServer (RaftServerProxy.java:lambda$start$6(382)) - 967ae9f2-b522-4f2f-8a43-5ad718c2969e: start RPC server
2022-10-03 12:56:02,657 [EndpointStateMachine task thread for /0.0.0.0:39163 - 0 ] INFO  server.GrpcService (GrpcService.java:startImpl(260)) - 967ae9f2-b522-4f2f-8a43-5ad718c2969e: GrpcService started, listening on 40807
2022-10-03 12:56:02,658 [EndpointStateMachine task thread for /0.0.0.0:39163 - 0 ] INFO  ratis.XceiverServerRatis (XceiverServerRatis.java:getRealPort(502)) - XceiverServerRatis 967ae9f2-b522-4f2f-8a43-5ad718c2969e is started using port 40807 for RATIS
2022-10-03 12:56:02,658 [EndpointStateMachine task thread for /0.0.0.0:39163 - 0 ] INFO  ratis.XceiverServerRatis (XceiverServerRatis.java:getRealPort(502)) - XceiverServerRatis 967ae9f2-b522-4f2f-8a43-5ad718c2969e is started using port 40807 for RATIS_ADMIN
2022-10-03 12:56:02,658 [EndpointStateMachine task thread for /0.0.0.0:39163 - 0 ] INFO  ratis.XceiverServerRatis (XceiverServerRatis.java:getRealPort(502)) - XceiverServerRatis 967ae9f2-b522-4f2f-8a43-5ad718c2969e is started using port 40807 for RATIS_SERVER
2022-10-03 12:56:02,658 [org.apache.ratis.util.JvmPauseMonitor$$Lambda$685/536859976@280a9dbf] INFO  util.JvmPauseMonitor (JvmPauseMonitor.java:run(103)) - JvmPauseMonitor-967ae9f2-b522-4f2f-8a43-5ad718c2969e: Started
2022-10-03 12:56:02,706 [EndpointStateMachine task thread for /0.0.0.0:39163 - 0 ] INFO  server.XceiverServerGrpc (XceiverServerGrpc.java:start(180)) - XceiverServerGrpc 967ae9f2-b522-4f2f-8a43-5ad718c2969e is started using port 39099
2022-10-03 12:56:02,736 [Listener at 127.0.0.1/32777] INFO  ozone.MiniOzoneClusterImpl (MiniOzoneClusterImpl.java:lambda$waitForClusterToBeReady$0(216)) - Waiting for nodes to be ready. Got 0 of 3 DN Heartbeats.
2022-10-03 12:56:02,736 [Listener at 127.0.0.1/32777] INFO  ozone.MiniOzoneClusterImpl (MiniOzoneClusterImpl.java:lambda$waitForClusterToBeReady$0(219)) - Waiting for cluster to exit safe mode
2022-10-03 12:56:02,736 [Listener at 127.0.0.1/32777] INFO  ozone.MiniOzoneClusterImpl (MiniOzoneClusterImpl.java:lambda$waitForClusterToBeReady$0(221)) - SCM became leader
2022-10-03 12:56:03,027 [IPC Server handler 1 on default port 39163] INFO  net.NetworkTopologyImpl (NetworkTopologyImpl.java:add(112)) - Added a new node: /default-rack/cb992ddc-d8fb-48b8-a749-54f43281b597
2022-10-03 12:56:03,027 [IPC Server handler 1 on default port 39163] INFO  node.SCMNodeManager (SCMNodeManager.java:register(397)) - Registered Data node : cb992ddc-d8fb-48b8-a749-54f43281b597{ip: 10.1.0.147, host: fv-az443-503.ap2fcshprsnunfx25e1aelzb4b.cx.internal.cloudapp.net, ports: [REPLICATION=34819, RATIS=33249, RATIS_ADMIN=33249, RATIS_SERVER=33249, STANDALONE=45351], networkLocation: /default-rack, certSerialId: null, persistedOpState: null, persistedOpStateExpiryEpochSec: 0}
2022-10-03 12:56:03,049 [EventQueue-NodeRegistrationContainerReportForDataNodeSafeModeRule] INFO  safemode.SCMSafeModeManager (DataNodeSafeModeRule.java:process(71)) - SCM in safe mode. 1 DataNodes registered, 3 required.
2022-10-03 12:56:03,055 [EventQueue-NodeRegistrationContainerReportForContainerSafeModeRule] INFO  safemode.SCMSafeModeManager (SCMSafeModeManager.java:validateSafeModeExitRules(204)) - ContainerSafeModeRule rule is successfully validated
2022-10-03 12:56:03,078 [EventQueue-NewNodeForNewNodeHandler] INFO  pipeline.BackgroundPipelineCreator (BackgroundPipelineCreator.java:notifyEventTriggered(276)) - trigger a one-shot run on RatisPipelineUtilsThread.
2022-10-03 12:56:03,078 [RatisPipelineUtilsThread - 0] INFO  pipeline.RatisPipelineProvider (RatisPipelineProvider.java:lambda$create$0(195)) - Sending CreatePipelineCommand for pipeline:PipelineID=30e2e00d-400a-454d-810e-0a711e4390ff to datanode:cb992ddc-d8fb-48b8-a749-54f43281b597
2022-10-03 12:56:03,079 [EventQueue-PipelineReportForOneReplicaPipelineSafeModeRule] INFO  safemode.SCMSafeModeManager (SCMSafeModeManager.java:validateSafeModeExitRules(204)) - AtleastOneDatanodeReportedRule rule is successfully validated
2022-10-03 12:56:03,082 [RatisPipelineUtilsThread - 0] INFO  pipeline.PipelineStateManagerImpl (PipelineStateManagerImpl.java:addPipeline(103)) - Created pipeline Pipeline[ Id: 30e2e00d-400a-454d-810e-0a711e4390ff, Nodes: cb992ddc-d8fb-48b8-a749-54f43281b597{ip: 10.1.0.147, host: fv-az443-503.ap2fcshprsnunfx25e1aelzb4b.cx.internal.cloudapp.net, ports: [REPLICATION=34819, RATIS=33249, RATIS_ADMIN=33249, RATIS_SERVER=33249, STANDALONE=45351], networkLocation: /default-rack, certSerialId: null, persistedOpState: IN_SERVICE, persistedOpStateExpiryEpochSec: 0}, ReplicationConfig: RATIS/ONE, State:ALLOCATED, leaderId:, CreationTimestamp2022-10-03T12:56:03.078Z[Etc/UTC]].
2022-10-03 12:56:03,737 [Listener at 127.0.0.1/32777] INFO  ozone.MiniOzoneClusterImpl (MiniOzoneClusterImpl.java:lambda$waitForClusterToBeReady$0(216)) - Waiting for nodes to be ready. Got 1 of 3 DN Heartbeats.
2022-10-03 12:56:03,737 [Listener at 127.0.0.1/32777] INFO  ozone.MiniOzoneClusterImpl (MiniOzoneClusterImpl.java:lambda$waitForClusterToBeReady$0(219)) - Waiting for cluster to exit safe mode
2022-10-03 12:56:03,737 [Listener at 127.0.0.1/32777] INFO  ozone.MiniOzoneClusterImpl (MiniOzoneClusterImpl.java:lambda$waitForClusterToBeReady$0(221)) - SCM became leader
2022-10-03 12:56:03,881 [EndpointStateMachine task thread for /0.0.0.0:39163 - 0 ] INFO  volume.HddsVolume (HddsVolume.java:createDbStore(307)) - SchemaV3 db is created and loaded at /home/runner/work/ozone/ozone/hadoop-ozone/integration-test/target/test-dir/MiniOzoneClusterImpl-6443e5c3-9dee-4d73-83b7-63138ecdba9d/datanode-2/data-0/containers/hdds/6443e5c3-9dee-4d73-83b7-63138ecdba9d/DS-d5d54a07-e492-450e-9767-55504a92dcba/container.db for volume DS-d5d54a07-e492-450e-9767-55504a92dcba
2022-10-03 12:56:03,882 [EndpointStateMachine task thread for /0.0.0.0:39163 - 0 ] INFO  volume.HddsVolume (HddsVolume.java:closeDbStore(338)) - SchemaV3 db is stopped at /home/runner/work/ozone/ozone/hadoop-ozone/integration-test/target/test-dir/MiniOzoneClusterImpl-6443e5c3-9dee-4d73-83b7-63138ecdba9d/datanode-2/data-0/containers/hdds/6443e5c3-9dee-4d73-83b7-63138ecdba9d/DS-d5d54a07-e492-450e-9767-55504a92dcba/container.db for volume DS-d5d54a07-e492-450e-9767-55504a92dcba
2022-10-03 12:56:03,882 [EndpointStateMachine task thread for /0.0.0.0:39163 - 0 ] INFO  ozoneimpl.OzoneContainer (OzoneContainer.java:start(378)) - Attempting to start container services.
2022-10-03 12:56:03,882 [EndpointStateMachine task thread for /0.0.0.0:39163 - 0 ] INFO  ozoneimpl.OzoneContainer (OzoneContainer.java:startContainerScrub(313)) - Background container scanner has been disabled.
2022-10-03 12:56:03,903 [EndpointStateMachine task thread for /0.0.0.0:39163 - 0 ] INFO  replication.ReplicationServer (ReplicationServer.java:start(111)) - ReplicationServer is started using port 43031
2022-10-03 12:56:03,904 [EndpointStateMachine task thread for /0.0.0.0:39163 - 0 ] INFO  ratis.XceiverServerRatis (XceiverServerRatis.java:start(481)) - Starting XceiverServerRatis 8aaa41ef-7b9f-4bd2-982e-3f8e5f477184
2022-10-03 12:56:03,910 [EndpointStateMachine task thread for /0.0.0.0:39163 - 0 ] INFO  server.RaftServer (RaftServerProxy.java:lambda$start$6(382)) - 8aaa41ef-7b9f-4bd2-982e-3f8e5f477184: start RPC server
2022-10-03 12:56:03,930 [EndpointStateMachine task thread for /0.0.0.0:39163 - 0 ] INFO  server.GrpcService (GrpcService.java:startImpl(260)) - 8aaa41ef-7b9f-4bd2-982e-3f8e5f477184: GrpcService started, listening on 33597
2022-10-03 12:56:03,931 [EndpointStateMachine task thread for /0.0.0.0:39163 - 0 ] INFO  ratis.XceiverServerRatis (XceiverServerRatis.java:getRealPort(502)) - XceiverServerRatis 8aaa41ef-7b9f-4bd2-982e-3f8e5f477184 is started using port 33597 for RATIS
2022-10-03 12:56:03,931 [EndpointStateMachine task thread for /0.0.0.0:39163 - 0 ] INFO  ratis.XceiverServerRatis (XceiverServerRatis.java:getRealPort(502)) - XceiverServerRatis 8aaa41ef-7b9f-4bd2-982e-3f8e5f477184 is started using port 33597 for RATIS_ADMIN
2022-10-03 12:56:03,931 [EndpointStateMachine task thread for /0.0.0.0:39163 - 0 ] INFO  ratis.XceiverServerRatis (XceiverServerRatis.java:getRealPort(502)) - XceiverServerRatis 8aaa41ef-7b9f-4bd2-982e-3f8e5f477184 is started using port 33597 for RATIS_SERVER
2022-10-03 12:56:03,931 [org.apache.ratis.util.JvmPauseMonitor$$Lambda$685/536859976@6069b801] INFO  util.JvmPauseMonitor (JvmPauseMonitor.java:run(103)) - JvmPauseMonitor-8aaa41ef-7b9f-4bd2-982e-3f8e5f477184: Started
2022-10-03 12:56:03,981 [EndpointStateMachine task thread for /0.0.0.0:39163 - 0 ] INFO  server.XceiverServerGrpc (XceiverServerGrpc.java:start(180)) - XceiverServerGrpc 8aaa41ef-7b9f-4bd2-982e-3f8e5f477184 is started using port 44691
2022-10-03 12:56:04,484 [IPC Server handler 0 on default port 39163] INFO  net.NetworkTopologyImpl (NetworkTopologyImpl.java:add(112)) - Added a new node: /default-rack/967ae9f2-b522-4f2f-8a43-5ad718c2969e
2022-10-03 12:56:04,484 [IPC Server handler 0 on default port 39163] INFO  node.SCMNodeManager (SCMNodeManager.java:register(397)) - Registered Data node : 967ae9f2-b522-4f2f-8a43-5ad718c2969e{ip: 10.1.0.147, host: fv-az443-503.ap2fcshprsnunfx25e1aelzb4b.cx.internal.cloudapp.net, ports: [REPLICATION=43751, RATIS=40807, RATIS_ADMIN=40807, RATIS_SERVER=40807, STANDALONE=39099], networkLocation: /default-rack, certSerialId: null, persistedOpState: null, persistedOpStateExpiryEpochSec: 0}
2022-10-03 12:56:04,485 [EventQueue-NewNodeForNewNodeHandler] INFO  pipeline.BackgroundPipelineCreator (BackgroundPipelineCreator.java:notifyEventTriggered(276)) - trigger a one-shot run on RatisPipelineUtilsThread.
2022-10-03 12:56:04,521 [RatisPipelineUtilsThread - 0] INFO  pipeline.RatisPipelineProvider (RatisPipelineProvider.java:lambda$create$0(195)) - Sending CreatePipelineCommand for pipeline:PipelineID=711fbfe2-d1df-450a-9455-59e2bd6473d6 to datanode:967ae9f2-b522-4f2f-8a43-5ad718c2969e
2022-10-03 12:56:04,522 [RatisPipelineUtilsThread - 0] INFO  pipeline.PipelineStateManagerImpl (PipelineStateManagerImpl.java:addPipeline(103)) - Created pipeline Pipeline[ Id: 711fbfe2-d1df-450a-9455-59e2bd6473d6, Nodes: 967ae9f2-b522-4f2f-8a43-5ad718c2969e{ip: 10.1.0.147, host: fv-az443-503.ap2fcshprsnunfx25e1aelzb4b.cx.internal.cloudapp.net, ports: [REPLICATION=43751, RATIS=40807, RATIS_ADMIN=40807, RATIS_SERVER=40807, STANDALONE=39099], networkLocation: /default-rack, certSerialId: null, persistedOpState: IN_SERVICE, persistedOpStateExpiryEpochSec: 0}, ReplicationConfig: RATIS/ONE, State:ALLOCATED, leaderId:, CreationTimestamp2022-10-03T12:56:04.521Z[Etc/UTC]].
2022-10-03 12:56:04,522 [EventQueue-NodeRegistrationContainerReportForDataNodeSafeModeRule] INFO  safemode.SCMSafeModeManager (DataNodeSafeModeRule.java:process(71)) - SCM in safe mode. 2 DataNodes registered, 3 required.
2022-10-03 12:56:04,737 [Listener at 127.0.0.1/32777] INFO  ozone.MiniOzoneClusterImpl (MiniOzoneClusterImpl.java:lambda$waitForClusterToBeReady$0(216)) - Waiting for nodes to be ready. Got 2 of 3 DN Heartbeats.
2022-10-03 12:56:04,737 [Listener at 127.0.0.1/32777] INFO  ozone.MiniOzoneClusterImpl (MiniOzoneClusterImpl.java:lambda$waitForClusterToBeReady$0(219)) - Waiting for cluster to exit safe mode
2022-10-03 12:56:04,737 [Listener at 127.0.0.1/32777] INFO  ozone.MiniOzoneClusterImpl (MiniOzoneClusterImpl.java:lambda$waitForClusterToBeReady$0(221)) - SCM became leader
2022-10-03 12:56:05,738 [Listener at 127.0.0.1/32777] INFO  ozone.MiniOzoneClusterImpl (MiniOzoneClusterImpl.java:lambda$waitForClusterToBeReady$0(216)) - Waiting for nodes to be ready. Got 2 of 3 DN Heartbeats.
2022-10-03 12:56:05,738 [Listener at 127.0.0.1/32777] INFO  ozone.MiniOzoneClusterImpl (MiniOzoneClusterImpl.java:lambda$waitForClusterToBeReady$0(219)) - Waiting for cluster to exit safe mode
2022-10-03 12:56:05,738 [Listener at 127.0.0.1/32777] INFO  ozone.MiniOzoneClusterImpl (MiniOzoneClusterImpl.java:lambda$waitForClusterToBeReady$0(221)) - SCM became leader
2022-10-03 12:56:05,802 [IPC Server handler 1 on default port 39163] INFO  net.NetworkTopologyImpl (NetworkTopologyImpl.java:add(112)) - Added a new node: /default-rack/8aaa41ef-7b9f-4bd2-982e-3f8e5f477184
2022-10-03 12:56:05,802 [IPC Server handler 1 on default port 39163] INFO  node.SCMNodeManager (SCMNodeManager.java:register(397)) - Registered Data node : 8aaa41ef-7b9f-4bd2-982e-3f8e5f477184{ip: 10.1.0.147, host: fv-az443-503.ap2fcshprsnunfx25e1aelzb4b.cx.internal.cloudapp.net, ports: [REPLICATION=43031, RATIS=33597, RATIS_ADMIN=33597, RATIS_SERVER=33597, STANDALONE=44691], networkLocation: /default-rack, certSerialId: null, persistedOpState: null, persistedOpStateExpiryEpochSec: 0}
2022-10-03 12:56:05,802 [EventQueue-NewNodeForNewNodeHandler] INFO  pipeline.BackgroundPipelineCreator (BackgroundPipelineCreator.java:notifyEventTriggered(276)) - trigger a one-shot run on RatisPipelineUtilsThread.
2022-10-03 12:56:05,803 [EventQueue-NodeRegistrationContainerReportForDataNodeSafeModeRule] INFO  safemode.SCMSafeModeManager (DataNodeSafeModeRule.java:process(71)) - SCM in safe mode. 3 DataNodes registered, 3 required.
2022-10-03 12:56:05,803 [EventQueue-NodeRegistrationContainerReportForDataNodeSafeModeRule] INFO  safemode.SCMSafeModeManager (SCMSafeModeManager.java:validateSafeModeExitRules(204)) - DataNodeSafeModeRule rule is successfully validated
2022-10-03 12:56:05,803 [EventQueue-NodeRegistrationContainerReportForDataNodeSafeModeRule] INFO  safemode.SCMSafeModeManager (SCMSafeModeManager.java:completePreCheck(233)) - All SCM safe mode pre check rules have passed
2022-10-03 12:56:05,803 [EventQueue-NodeRegistrationContainerReportForDataNodeSafeModeRule] WARN  events.EventQueue (EventQueue.java:fireEvent(216)) - No event handler registered for event TypedEvent{payloadType=SafeModeStatus, name='Safe mode status'}
2022-10-03 12:56:05,803 [EventQueue-NodeRegistrationContainerReportForDataNodeSafeModeRule] INFO  ha.SCMContext (SCMContext.java:updateSafeModeStatus(228)) - Update SafeModeStatus from SafeModeStatus{safeModeStatus=true, preCheckPassed=false} to SafeModeStatus{safeModeStatus=true, preCheckPassed=true}.
2022-10-03 12:56:05,803 [EventQueue-NodeRegistrationContainerReportForDataNodeSafeModeRule] INFO  pipeline.BackgroundPipelineCreator (BackgroundPipelineCreator.java:notifyEventTriggered(276)) - trigger a one-shot run on RatisPipelineUtilsThread.
2022-10-03 12:56:05,804 [RatisPipelineUtilsThread - 0] INFO  pipeline.RatisPipelineProvider (RatisPipelineProvider.java:lambda$create$0(195)) - Sending CreatePipelineCommand for pipeline:PipelineID=ad2df0e5-11e7-49a5-b1f6-b21771689d7a to datanode:8aaa41ef-7b9f-4bd2-982e-3f8e5f477184
2022-10-03 12:56:05,804 [RatisPipelineUtilsThread - 0] INFO  pipeline.PipelineStateManagerImpl (PipelineStateManagerImpl.java:addPipeline(103)) - Created pipeline Pipeline[ Id: ad2df0e5-11e7-49a5-b1f6-b21771689d7a, Nodes: 8aaa41ef-7b9f-4bd2-982e-3f8e5f477184{ip: 10.1.0.147, host: fv-az443-503.ap2fcshprsnunfx25e1aelzb4b.cx.internal.cloudapp.net, ports: [REPLICATION=43031, RATIS=33597, RATIS_ADMIN=33597, RATIS_SERVER=33597, STANDALONE=44691], networkLocation: /default-rack, certSerialId: null, persistedOpState: IN_SERVICE, persistedOpStateExpiryEpochSec: 0}, ReplicationConfig: RATIS/ONE, State:ALLOCATED, leaderId:, CreationTimestamp2022-10-03T12:56:05.804Z[Etc/UTC]].
2022-10-03 12:56:05,805 [RatisPipelineUtilsThread - 0] INFO  pipeline.RatisPipelineProvider (RatisPipelineProvider.java:lambda$create$0(195)) - Sending CreatePipelineCommand for pipeline:PipelineID=90e14cac-2d5e-4962-a323-16df217dd124 to datanode:8aaa41ef-7b9f-4bd2-982e-3f8e5f477184
2022-10-03 12:56:05,805 [RatisPipelineUtilsThread - 0] INFO  pipeline.RatisPipelineProvider (RatisPipelineProvider.java:lambda$create$0(195)) - Sending CreatePipelineCommand for pipeline:PipelineID=90e14cac-2d5e-4962-a323-16df217dd124 to datanode:cb992ddc-d8fb-48b8-a749-54f43281b597
2022-10-03 12:56:05,805 [RatisPipelineUtilsThread - 0] INFO  pipeline.RatisPipelineProvider (RatisPipelineProvider.java:lambda$create$0(195)) - Sending CreatePipelineCommand for pipeline:PipelineID=90e14cac-2d5e-4962-a323-16df217dd124 to datanode:967ae9f2-b522-4f2f-8a43-5ad718c2969e
2022-10-03 12:56:05,805 [RatisPipelineUtilsThread - 0] INFO  pipeline.PipelineStateManagerImpl (PipelineStateManagerImpl.java:addPipeline(103)) - Created pipeline Pipeline[ Id: 90e14cac-2d5e-4962-a323-16df217dd124, Nodes: 8aaa41ef-7b9f-4bd2-982e-3f8e5f477184{ip: 10.1.0.147, host: fv-az443-503.ap2fcshprsnunfx25e1aelzb4b.cx.internal.cloudapp.net, ports: [REPLICATION=43031, RATIS=33597, RATIS_ADMIN=33597, RATIS_SERVER=33597, STANDALONE=44691], networkLocation: /default-rack, certSerialId: null, persistedOpState: IN_SERVICE, persistedOpStateExpiryEpochSec: 0}cb992ddc-d8fb-48b8-a749-54f43281b597{ip: 10.1.0.147, host: fv-az443-503.ap2fcshprsnunfx25e1aelzb4b.cx.internal.cloudapp.net, ports: [REPLICATION=34819, RATIS=33249, RATIS_ADMIN=33249, RATIS_SERVER=33249, STANDALONE=45351], networkLocation: /default-rack, certSerialId: null, persistedOpState: IN_SERVICE, persistedOpStateExpiryEpochSec: 0}967ae9f2-b522-4f2f-8a43-5ad718c2969e{ip: 10.1.0.147, host: fv-az443-503.ap2fcshprsnunfx25e1aelzb4b.cx.internal.cloudapp.net, ports: [REPLICATION=43751, RATIS=40807, RATIS_ADMIN=40807, RATIS_SERVER=40807, STANDALONE=39099], networkLocation: /default-rack, certSerialId: null, persistedOpState: IN_SERVICE, persistedOpStateExpiryEpochSec: 0}, ReplicationConfig: RATIS/THREE, State:ALLOCATED, leaderId:, CreationTimestamp2022-10-03T12:56:05.805Z[Etc/UTC]].
2022-10-03 12:56:05,806 [RatisPipelineUtilsThread - 0] INFO  pipeline.RatisPipelineProvider (RatisPipelineProvider.java:lambda$create$0(195)) - Sending CreatePipelineCommand for pipeline:PipelineID=b5468242-77ef-41c2-b60c-c340aa17e94f to datanode:cb992ddc-d8fb-48b8-a749-54f43281b597
2022-10-03 12:56:05,806 [RatisPipelineUtilsThread - 0] INFO  pipeline.RatisPipelineProvider (RatisPipelineProvider.java:lambda$create$0(195)) - Sending CreatePipelineCommand for pipeline:PipelineID=b5468242-77ef-41c2-b60c-c340aa17e94f to datanode:8aaa41ef-7b9f-4bd2-982e-3f8e5f477184
2022-10-03 12:56:05,806 [RatisPipelineUtilsThread - 0] INFO  pipeline.RatisPipelineProvider (RatisPipelineProvider.java:lambda$create$0(195)) - Sending CreatePipelineCommand for pipeline:PipelineID=b5468242-77ef-41c2-b60c-c340aa17e94f to datanode:967ae9f2-b522-4f2f-8a43-5ad718c2969e
2022-10-03 12:56:05,806 [RatisPipelineUtilsThread - 0] INFO  pipeline.PipelineStateManagerImpl (PipelineStateManagerImpl.java:addPipeline(103)) - Created pipeline Pipeline[ Id: b5468242-77ef-41c2-b60c-c340aa17e94f, Nodes: cb992ddc-d8fb-48b8-a749-54f43281b597{ip: 10.1.0.147, host: fv-az443-503.ap2fcshprsnunfx25e1aelzb4b.cx.internal.cloudapp.net, ports: [REPLICATION=34819, RATIS=33249, RATIS_ADMIN=33249, RATIS_SERVER=33249, STANDALONE=45351], networkLocation: /default-rack, certSerialId: null, persistedOpState: IN_SERVICE, persistedOpStateExpiryEpochSec: 0}8aaa41ef-7b9f-4bd2-982e-3f8e5f477184{ip: 10.1.0.147, host: fv-az443-503.ap2fcshprsnunfx25e1aelzb4b.cx.internal.cloudapp.net, ports: [REPLICATION=43031, RATIS=33597, RATIS_ADMIN=33597, RATIS_SERVER=33597, STANDALONE=44691], networkLocation: /default-rack, certSerialId: null, persistedOpState: IN_SERVICE, persistedOpStateExpiryEpochSec: 0}967ae9f2-b522-4f2f-8a43-5ad718c2969e{ip: 10.1.0.147, host: fv-az443-503.ap2fcshprsnunfx25e1aelzb4b.cx.internal.cloudapp.net, ports: [REPLICATION=43751, RATIS=40807, RATIS_ADMIN=40807, RATIS_SERVER=40807, STANDALONE=39099], networkLocation: /default-rack, certSerialId: null, persistedOpState: IN_SERVICE, persistedOpStateExpiryEpochSec: 0}, ReplicationConfig: RATIS/THREE, State:ALLOCATED, leaderId:, CreationTimestamp2022-10-03T12:56:05.806Z[Etc/UTC]].
2022-10-03 12:56:05,806 [RatisPipelineUtilsThread - 0] INFO  pipeline.PipelineManagerImpl (PipelineManagerImpl.java:recordMetricsForPipeline(796)) - Pipeline: PipelineID=b5468242-77ef-41c2-b60c-c340aa17e94f contains same datanodes as previous pipelines: PipelineID=90e14cac-2d5e-4962-a323-16df217dd124 nodeIds: cb992ddc-d8fb-48b8-a749-54f43281b597, 8aaa41ef-7b9f-4bd2-982e-3f8e5f477184, 967ae9f2-b522-4f2f-8a43-5ad718c2969e
2022-10-03 12:56:06,030 [Command processor thread] INFO  server.RaftServer (RaftServerProxy.java:addNew(96)) - cb992ddc-d8fb-48b8-a749-54f43281b597: addNew group-0A711E4390FF:[cb992ddc-d8fb-48b8-a749-54f43281b597|rpc:10.1.0.147:33249|priority:1] returns group-0A711E4390FF:java.util.concurrent.CompletableFuture@6f8f710[Not completed]
2022-10-03 12:56:06,045 [pool-510-thread-1] INFO  server.RaftServer$Division (RaftServerImpl.java:<init>(190)) - cb992ddc-d8fb-48b8-a749-54f43281b597: new RaftServerImpl for group-0A711E4390FF:[cb992ddc-d8fb-48b8-a749-54f43281b597|rpc:10.1.0.147:33249|priority:1] with ContainerStateMachine:uninitialized
2022-10-03 12:56:06,045 [pool-510-thread-1] INFO  server.RaftServerConfigKeys (ConfUtils.java:logGet(46)) - raft.server.rpc.timeout.min = 5s (custom)
2022-10-03 12:56:06,046 [pool-510-thread-1] INFO  server.RaftServerConfigKeys (ConfUtils.java:logGet(46)) - raft.server.rpc.timeout.max = 5200ms (custom)
2022-10-03 12:56:06,046 [pool-510-thread-1] INFO  server.RaftServerConfigKeys (ConfUtils.java:logGet(46)) - raft.server.rpc.sleep.time = 25ms (default)
2022-10-03 12:56:06,046 [pool-510-thread-1] INFO  server.RaftServerConfigKeys (ConfUtils.java:logGet(46)) - raft.server.rpc.slowness.timeout = 300s (custom)
2022-10-03 12:56:06,046 [pool-510-thread-1] INFO  server.RaftServerConfigKeys (ConfUtils.java:logGet(46)) - raft.server.leaderelection.leader.step-down.wait-time = 10s (default)
2022-10-03 12:56:06,046 [pool-510-thread-1] INFO  server.RaftServerConfigKeys (ConfUtils.java:logGet(46)) - raft.server.sleep.deviation.threshold = 300ms (default)
2022-10-03 12:56:06,046 [pool-510-thread-1] INFO  server.RaftServer$Division (ServerState.java:<init>(107)) - cb992ddc-d8fb-48b8-a749-54f43281b597@group-0A711E4390FF: ConfigurationManager, init=-1: [cb992ddc-d8fb-48b8-a749-54f43281b597|rpc:10.1.0.147:33249|priority:1], old=null, confs=<EMPTY_MAP>
2022-10-03 12:56:06,046 [pool-510-thread-1] INFO  server.RaftServerConfigKeys (ConfUtils.java:logGet(46)) - raft.server.storage.dir = [/home/runner/work/ozone/ozone/hadoop-ozone/integration-test/target/test-dir/MiniOzoneClusterImpl-6443e5c3-9dee-4d73-83b7-63138ecdba9d/datanode-0/data/ratis] (custom)
2022-10-03 12:56:06,046 [pool-510-thread-1] INFO  server.RaftServerConfigKeys (ConfUtils.java:logGet(46)) - raft.server.log.corruption.policy = EXCEPTION (default)
2022-10-03 12:56:06,046 [pool-510-thread-1] INFO  server.RaftServerConfigKeys (ConfUtils.java:logGet(46)) - raft.server.storage.free-space.min = 0MB (=0) (default)
2022-10-03 12:56:06,046 [pool-510-thread-1] INFO  storage.RaftStorageDirectory (RaftStorageDirectoryImpl.java:analyzeStorage(135)) - The storage directory /home/runner/work/ozone/ozone/hadoop-ozone/integration-test/target/test-dir/MiniOzoneClusterImpl-6443e5c3-9dee-4d73-83b7-63138ecdba9d/datanode-0/data/ratis/30e2e00d-400a-454d-810e-0a711e4390ff does not exist. Creating ...
2022-10-03 12:56:06,051 [pool-510-thread-1] INFO  storage.RaftStorageDirectory (RaftStorageDirectoryImpl.java:tryLock(230)) - Lock on /home/runner/work/ozone/ozone/hadoop-ozone/integration-test/target/test-dir/MiniOzoneClusterImpl-6443e5c3-9dee-4d73-83b7-63138ecdba9d/datanode-0/data/ratis/30e2e00d-400a-454d-810e-0a711e4390ff/in_use.lock acquired by nodename 2263@fv-az443-503
2022-10-03 12:56:06,065 [pool-510-thread-1] INFO  storage.RaftStorage (RaftStorageImpl.java:format(89)) - Storage directory /home/runner/work/ozone/ozone/hadoop-ozone/integration-test/target/test-dir/MiniOzoneClusterImpl-6443e5c3-9dee-4d73-83b7-63138ecdba9d/datanode-0/data/ratis/30e2e00d-400a-454d-810e-0a711e4390ff has been successfully formatted.
2022-10-03 12:56:06,086 [pool-510-thread-1] INFO  ratis.ContainerStateMachine (ContainerStateMachine.java:loadSnapshot(236)) - group-0A711E4390FF: The snapshot info is null. Setting the last applied indexto:(t:0, i:~)
2022-10-03 12:56:06,087 [EventQueue-PipelineReportForPipelineReportHandler] INFO  pipeline.PipelineManagerImpl (PipelineManagerImpl.java:openPipeline(367)) - Pipeline Pipeline[ Id: 30e2e00d-400a-454d-810e-0a711e4390ff, Nodes: cb992ddc-d8fb-48b8-a749-54f43281b597{ip: 10.1.0.147, host: fv-az443-503.ap2fcshprsnunfx25e1aelzb4b.cx.internal.cloudapp.net, ports: [REPLICATION=34819, RATIS=33249, RATIS_ADMIN=33249, RATIS_SERVER=33249, STANDALONE=45351], networkLocation: /default-rack, certSerialId: null, persistedOpState: IN_SERVICE, persistedOpStateExpiryEpochSec: 0}, ReplicationConfig: RATIS/ONE, State:ALLOCATED, leaderId:cb992ddc-d8fb-48b8-a749-54f43281b597, CreationTimestamp2022-10-03T12:56:03.078Z[Etc/UTC]] moved to OPEN state
2022-10-03 12:56:06,125 [EventQueue-OpenPipelineForHealthyPipelineSafeModeRule] INFO  safemode.SCMSafeModeManager (HealthyPipelineSafeModeRule.java:process(137)) - SCM in safe mode. Healthy pipelines reported count is 0, required healthy pipeline reported count is 1
2022-10-03 12:56:06,140 [pool-510-thread-1] INFO  server.RaftServerConfigKeys (ConfUtils.java:logGet(46)) - raft.server.notification.no-leader.timeout = 300s (custom)
2022-10-03 12:56:06,140 [pool-510-thread-1] INFO  server.RaftServerConfigKeys (ConfUtils.java:logGet(46)) - raft.server.log.use.memory = false (default)
2022-10-03 12:56:06,140 [pool-510-thread-1] INFO  server.RaftServerConfigKeys (ConfUtils.java:logGet(46)) - raft.server.log.purge.gap = 1000000 (custom)
2022-10-03 12:56:06,140 [pool-510-thread-1] INFO  server.RaftServerConfigKeys (ConfUtils.java:logGet(46)) - raft.server.log.appender.buffer.byte-limit = 33554432 (custom)
2022-10-03 12:56:06,140 [pool-510-thread-1] INFO  server.RaftServerConfigKeys (ConfUtils.java:logGet(46)) - raft.server.log.statemachine.data.read.timeout = 1000ms (default)
2022-10-03 12:56:06,140 [pool-510-thread-1] INFO  server.RaftServerConfigKeys (ConfUtils.java:logGet(46)) - raft.server.log.segment.size.max = 1048576 (custom)
2022-10-03 12:56:06,141 [pool-510-thread-1] INFO  server.RaftServerConfigKeys (ConfUtils.java:logGet(46)) - raft.server.log.segment.cache.num.max = 2 (custom)
2022-10-03 12:56:06,141 [pool-510-thread-1] INFO  server.RaftServerConfigKeys (ConfUtils.java:logGet(46)) - raft.server.log.segment.cache.size.max = 200MB (=209715200) (default)
2022-10-03 12:56:06,141 [pool-510-thread-1] INFO  segmented.SegmentedRaftLogWorker (SegmentedRaftLogWorker.java:<init>(187)) - new cb992ddc-d8fb-48b8-a749-54f43281b597@group-0A711E4390FF-SegmentedRaftLogWorker for RaftStorageImpl:Storage Directory /home/runner/work/ozone/ozone/hadoop-ozone/integration-test/target/test-dir/MiniOzoneClusterImpl-6443e5c3-9dee-4d73-83b7-63138ecdba9d/datanode-0/data/ratis/30e2e00d-400a-454d-810e-0a711e4390ff
2022-10-03 12:56:06,141 [pool-510-thread-1] INFO  server.RaftServerConfigKeys (ConfUtils.java:logGet(46)) - raft.server.log.queue.byte-limit = 4294967296 (custom)
2022-10-03 12:56:06,141 [pool-510-thread-1] INFO  server.RaftServerConfigKeys (ConfUtils.java:logGet(46)) - raft.server.log.queue.element-limit = 1024 (custom)
2022-10-03 12:56:06,141 [pool-510-thread-1] INFO  server.RaftServerConfigKeys (ConfUtils.java:logGet(46)) - raft.server.log.segment.size.max = 1048576 (custom)
2022-10-03 12:56:06,141 [pool-510-thread-1] INFO  server.RaftServerConfigKeys (ConfUtils.java:logGet(46)) - raft.server.log.preallocated.size = 16384 (custom)
2022-10-03 12:56:06,141 [pool-510-thread-1] INFO  server.RaftServerConfigKeys (ConfUtils.java:logGet(46)) - raft.server.log.force.sync.num = 128 (default)
2022-10-03 12:56:06,141 [pool-510-thread-1] INFO  server.RaftServerConfigKeys (ConfUtils.java:logGet(46)) - raft.server.log.statemachine.data.sync = true (default)
2022-10-03 12:56:06,141 [pool-510-thread-1] INFO  server.RaftServerConfigKeys (ConfUtils.java:logGet(46)) - raft.server.log.statemachine.data.sync.timeout = 10s (default)
2022-10-03 12:56:06,141 [pool-510-thread-1] INFO  server.RaftServerConfigKeys (ConfUtils.java:logGet(46)) - raft.server.log.statemachine.data.sync.timeout.retry = -1 (default)
2022-10-03 12:56:06,142 [pool-510-thread-1] INFO  server.RaftServerConfigKeys (ConfUtils.java:logGet(46)) - raft.server.log.write.buffer.size = 1048576 (custom)
2022-10-03 12:56:06,142 [pool-510-thread-1] INFO  server.RaftServerConfigKeys (ConfUtils.java:logGet(46)) - raft.server.log.unsafe-flush.enabled = false (default)
2022-10-03 12:56:06,142 [pool-510-thread-1] INFO  server.RaftServerConfigKeys (ConfUtils.java:logGet(46)) - raft.server.log.statemachine.data.caching.enabled = true (custom)
2022-10-03 12:56:06,142 [pool-510-thread-1] INFO  segmented.SegmentedRaftLogWorker (SegmentedRaftLogWorker.java:lambda$new$0(135)) - cb992ddc-d8fb-48b8-a749-54f43281b597@group-0A711E4390FF-SegmentedRaftLogWorker: flushIndex: setUnconditionally 0 -> -1
2022-10-03 12:56:06,142 [pool-510-thread-1] INFO  segmented.SegmentedRaftLogWorker (SegmentedRaftLogWorker.java:lambda$new$0(135)) - cb992ddc-d8fb-48b8-a749-54f43281b597@group-0A711E4390FF-SegmentedRaftLogWorker: safeCacheEvictIndex: setUnconditionally 0 -> -1
2022-10-03 12:56:06,161 [pool-510-thread-1] INFO  server.RaftServerConfigKeys (ConfUtils.java:logGet(46)) - raft.server.snapshot.auto.trigger.enabled = true (custom)
2022-10-03 12:56:06,161 [pool-510-thread-1] INFO  server.RaftServerConfigKeys (ConfUtils.java:logGet(46)) - raft.server.snapshot.auto.trigger.threshold = 10000 (custom)
2022-10-03 12:56:06,161 [pool-510-thread-1] INFO  server.RaftServerConfigKeys (ConfUtils.java:logGet(46)) - raft.server.snapshot.retention.file.num = 5 (custom)
2022-10-03 12:56:06,161 [pool-510-thread-1] INFO  server.RaftServerConfigKeys (ConfUtils.java:logGet(46)) - raft.server.log.purge.upto.snapshot.index = false (default)
2022-10-03 12:56:06,161 [pool-510-thread-1] INFO  server.RaftServerConfigKeys (ConfUtils.java:logGet(46)) - raft.server.retrycache.expirytime = 600000ms (custom)
2022-10-03 12:56:06,161 [pool-510-thread-1] INFO  server.RaftServerConfigKeys (ConfUtils.java:logGet(46)) - raft.server.retrycache.statistics.expirytime = 100μs (default)
2022-10-03 12:56:06,162 [pool-510-thread-1] INFO  server.RaftServerConfigKeys (ConfUtils.java:logGet(46)) - raft.server.log.appender.install.snapshot.enabled = false (custom)
2022-10-03 12:56:06,162 [pool-510-thread-1] INFO  server.RaftServerConfigKeys (ConfUtils.java:logGet(46)) - raft.server.threadpool.server.cached = true (default)
2022-10-03 12:56:06,162 [pool-510-thread-1] INFO  server.RaftServerConfigKeys (ConfUtils.java:logGet(46)) - raft.server.threadpool.server.size = 0 (default)
2022-10-03 12:56:06,162 [pool-510-thread-1] INFO  server.RaftServerConfigKeys (ConfUtils.java:logGet(46)) - raft.server.threadpool.client.cached = true (default)
2022-10-03 12:56:06,163 [pool-510-thread-1] INFO  server.RaftServerConfigKeys (ConfUtils.java:logGet(46)) - raft.server.threadpool.client.size = 0 (default)
2022-10-03 12:56:06,163 [pool-510-thread-1] INFO  server.RaftServer$Division (RaftServerImpl.java:start(310)) - cb992ddc-d8fb-48b8-a749-54f43281b597@group-0A711E4390FF: start as a follower, conf=-1: [cb992ddc-d8fb-48b8-a749-54f43281b597|rpc:10.1.0.147:33249|priority:1], old=null
2022-10-03 12:56:06,163 [pool-510-thread-1] INFO  server.RaftServer$Division (RaftServerImpl.java:setRole(299)) - cb992ddc-d8fb-48b8-a749-54f43281b597@group-0A711E4390FF: changes role from      null to FOLLOWER at term 0 for startAsFollower
2022-10-03 12:56:06,163 [pool-510-thread-1] INFO  impl.RoleInfo (RoleInfo.java:updateAndGet(139)) - cb992ddc-d8fb-48b8-a749-54f43281b597: start cb992ddc-d8fb-48b8-a749-54f43281b597@group-0A711E4390FF-FollowerState
2022-10-03 12:56:06,163 [pool-510-thread-1] INFO  util.JmxRegister (JmxRegister.java:tryRegister(44)) - Successfully registered JMX Bean with object name Ratis:service=RaftServer,group=group-0A711E4390FF,id=cb992ddc-d8fb-48b8-a749-54f43281b597
2022-10-03 12:56:06,177 [Command processor thread] INFO  ratis.XceiverServerRatis (XceiverServerRatis.java:addGroup(765)) - Created group PipelineID=30e2e00d-400a-454d-810e-0a711e4390ff
2022-10-03 12:56:06,177 [Command processor thread] INFO  commandhandler.CreatePipelineCommandHandler (CreatePipelineCommandHandler.java:handle(113)) - Created Pipeline RATIS ONE PipelineID=30e2e00d-400a-454d-810e-0a711e4390ff.
2022-10-03 12:56:06,177 [Command processor thread] INFO  server.RaftServer (RaftServerProxy.java:addNew(96)) - cb992ddc-d8fb-48b8-a749-54f43281b597: addNew group-16DF217DD124:[8aaa41ef-7b9f-4bd2-982e-3f8e5f477184|rpc:10.1.0.147:33597|priority:1, 967ae9f2-b522-4f2f-8a43-5ad718c2969e|rpc:10.1.0.147:40807|priority:0, cb992ddc-d8fb-48b8-a749-54f43281b597|rpc:10.1.0.147:33249|priority:0] returns group-16DF217DD124:java.util.concurrent.CompletableFuture@2c77317[Not completed]
2022-10-03 12:56:06,180 [pool-510-thread-1] INFO  server.RaftServer$Division (RaftServerImpl.java:<init>(190)) - cb992ddc-d8fb-48b8-a749-54f43281b597: new RaftServerImpl for group-16DF217DD124:[8aaa41ef-7b9f-4bd2-982e-3f8e5f477184|rpc:10.1.0.147:33597|priority:1, 967ae9f2-b522-4f2f-8a43-5ad718c2969e|rpc:10.1.0.147:40807|priority:0, cb992ddc-d8fb-48b8-a749-54f43281b597|rpc:10.1.0.147:33249|priority:0] with ContainerStateMachine:uninitialized
2022-10-03 12:56:06,180 [pool-510-thread-1] INFO  server.RaftServerConfigKeys (ConfUtils.java:logGet(46)) - raft.server.rpc.timeout.min = 5s (custom)
2022-10-03 12:56:06,180 [pool-510-thread-1] INFO  server.RaftServerConfigKeys (ConfUtils.java:logGet(46)) - raft.server.rpc.timeout.max = 5200ms (custom)
2022-10-03 12:56:06,180 [pool-510-thread-1] INFO  server.RaftServerConfigKeys (ConfUtils.java:logGet(46)) - raft.server.rpc.sleep.time = 25ms (default)
2022-10-03 12:56:06,180 [pool-510-thread-1] INFO  server.RaftServerConfigKeys (ConfUtils.java:logGet(46)) - raft.server.rpc.slowness.timeout = 300s (custom)
2022-10-03 12:56:06,180 [pool-510-thread-1] INFO  server.RaftServerConfigKeys (ConfUtils.java:logGet(46)) - raft.server.leaderelection.leader.step-down.wait-time = 10s (default)
2022-10-03 12:56:06,180 [pool-510-thread-1] INFO  server.RaftServerConfigKeys (ConfUtils.java:logGet(46)) - raft.server.sleep.deviation.threshold = 300ms (default)
2022-10-03 12:56:06,180 [pool-510-thread-1] INFO  server.RaftServer$Division (ServerState.java:<init>(107)) - cb992ddc-d8fb-48b8-a749-54f43281b597@group-16DF217DD124: ConfigurationManager, init=-1: [8aaa41ef-7b9f-4bd2-982e-3f8e5f477184|rpc:10.1.0.147:33597|priority:1, 967ae9f2-b522-4f2f-8a43-5ad718c2969e|rpc:10.1.0.147:40807|priority:0, cb992ddc-d8fb-48b8-a749-54f43281b597|rpc:10.1.0.147:33249|priority:0], old=null, confs=<EMPTY_MAP>
2022-10-03 12:56:06,180 [pool-510-thread-1] INFO  server.RaftServerConfigKeys (ConfUtils.java:logGet(46)) - raft.server.storage.dir = [/home/runner/work/ozone/ozone/hadoop-ozone/integration-test/target/test-dir/MiniOzoneClusterImpl-6443e5c3-9dee-4d73-83b7-63138ecdba9d/datanode-0/data/ratis] (custom)
2022-10-03 12:56:06,180 [pool-510-thread-1] INFO  server.RaftServerConfigKeys (ConfUtils.java:logGet(46)) - raft.server.log.corruption.policy = EXCEPTION (default)
2022-10-03 12:56:06,180 [pool-510-thread-1] INFO  server.RaftServerConfigKeys (ConfUtils.java:logGet(46)) - raft.server.storage.free-space.min = 0MB (=0) (default)
2022-10-03 12:56:06,180 [pool-510-thread-1] INFO  storage.RaftStorageDirectory (RaftStorageDirectoryImpl.java:analyzeStorage(135)) - The storage directory /home/runner/work/ozone/ozone/hadoop-ozone/integration-test/target/test-dir/MiniOzoneClusterImpl-6443e5c3-9dee-4d73-83b7-63138ecdba9d/datanode-0/data/ratis/90e14cac-2d5e-4962-a323-16df217dd124 does not exist. Creating ...
2022-10-03 12:56:06,185 [pool-510-thread-1] INFO  storage.RaftStorageDirectory (RaftStorageDirectoryImpl.java:tryLock(230)) - Lock on /home/runner/work/ozone/ozone/hadoop-ozone/integration-test/target/test-dir/MiniOzoneClusterImpl-6443e5c3-9dee-4d73-83b7-63138ecdba9d/datanode-0/data/ratis/90e14cac-2d5e-4962-a323-16df217dd124/in_use.lock acquired by nodename 2263@fv-az443-503
2022-10-03 12:56:06,186 [pool-510-thread-1] INFO  storage.RaftStorage (RaftStorageImpl.java:format(89)) - Storage directory /home/runner/work/ozone/ozone/hadoop-ozone/integration-test/target/test-dir/MiniOzoneClusterImpl-6443e5c3-9dee-4d73-83b7-63138ecdba9d/datanode-0/data/ratis/90e14cac-2d5e-4962-a323-16df217dd124 has been successfully formatted.
2022-10-03 12:56:06,187 [pool-510-thread-1] INFO  ratis.ContainerStateMachine (ContainerStateMachine.java:loadSnapshot(236)) - group-16DF217DD124: The snapshot info is null. Setting the last applied indexto:(t:0, i:~)
2022-10-03 12:56:06,187 [pool-510-thread-1] INFO  server.RaftServerConfigKeys (ConfUtils.java:logGet(46)) - raft.server.notification.no-leader.timeout = 300s (custom)
2022-10-03 12:56:06,187 [pool-510-thread-1] INFO  server.RaftServerConfigKeys (ConfUtils.java:logGet(46)) - raft.server.log.use.memory = false (default)
2022-10-03 12:56:06,187 [pool-510-thread-1] INFO  server.RaftServerConfigKeys (ConfUtils.java:logGet(46)) - raft.server.log.purge.gap = 1000000 (custom)
2022-10-03 12:56:06,187 [pool-510-thread-1] INFO  server.RaftServerConfigKeys (ConfUtils.java:logGet(46)) - raft.server.log.appender.buffer.byte-limit = 33554432 (custom)
2022-10-03 12:56:06,187 [pool-510-thread-1] INFO  server.RaftServerConfigKeys (ConfUtils.java:logGet(46)) - raft.server.log.statemachine.data.read.timeout = 1000ms (default)
2022-10-03 12:56:06,187 [pool-510-thread-1] INFO  server.RaftServerConfigKeys (ConfUtils.java:logGet(46)) - raft.server.log.segment.size.max = 1048576 (custom)
2022-10-03 12:56:06,187 [pool-510-thread-1] INFO  server.RaftServerConfigKeys (ConfUtils.java:logGet(46)) - raft.server.log.segment.cache.num.max = 2 (custom)
2022-10-03 12:56:06,187 [pool-510-thread-1] INFO  server.RaftServerConfigKeys (ConfUtils.java:logGet(46)) - raft.server.log.segment.cache.size.max = 200MB (=209715200) (default)
2022-10-03 12:56:06,187 [pool-510-thread-1] INFO  segmented.SegmentedRaftLogWorker (SegmentedRaftLogWorker.java:<init>(187)) - new cb992ddc-d8fb-48b8-a749-54f43281b597@group-16DF217DD124-SegmentedRaftLogWorker for RaftStorageImpl:Storage Directory /home/runner/work/ozone/ozone/hadoop-ozone/integration-test/target/test-dir/MiniOzoneClusterImpl-6443e5c3-9dee-4d73-83b7-63138ecdba9d/datanode-0/data/ratis/90e14cac-2d5e-4962-a323-16df217dd124
2022-10-03 12:56:06,187 [pool-510-thread-1] INFO  server.RaftServerConfigKeys (ConfUtils.java:logGet(46)) - raft.server.log.queue.byte-limit = 4294967296 (custom)
2022-10-03 12:56:06,187 [pool-510-thread-1] INFO  server.RaftServerConfigKeys (ConfUtils.java:logGet(46)) - raft.server.log.queue.element-limit = 1024 (custom)
2022-10-03 12:56:06,187 [pool-510-thread-1] INFO  server.RaftServerConfigKeys (ConfUtils.java:logGet(46)) - raft.server.log.segment.size.max = 1048576 (custom)
2022-10-03 12:56:06,187 [pool-510-thread-1] INFO  server.RaftServerConfigKeys (ConfUtils.java:logGet(46)) - raft.server.log.preallocated.size = 16384 (custom)
2022-10-03 12:56:06,188 [pool-510-thread-1] INFO  server.RaftServerConfigKeys (ConfUtils.java:logGet(46)) - raft.server.log.force.sync.num = 128 (default)
2022-10-03 12:56:06,188 [pool-510-thread-1] INFO  server.RaftServerConfigKeys (ConfUtils.java:logGet(46)) - raft.server.log.statemachine.data.sync = true (default)
2022-10-03 12:56:06,188 [pool-510-thread-1] INFO  server.RaftServerConfigKeys (ConfUtils.java:logGet(46)) - raft.server.log.statemachine.data.sync.timeout = 10s (default)
2022-10-03 12:56:06,188 [pool-510-thread-1] INFO  server.RaftServerConfigKeys (ConfUtils.java:logGet(46)) - raft.server.log.statemachine.data.sync.timeout.retry = -1 (default)
2022-10-03 12:56:06,188 [pool-510-thread-1] INFO  server.RaftServerConfigKeys (ConfUtils.java:logGet(46)) - raft.server.log.write.buffer.size = 1048576 (custom)
2022-10-03 12:56:06,189 [pool-510-thread-1] INFO  server.RaftServerConfigKeys (ConfUtils.java:logGet(46)) - raft.server.log.unsafe-flush.enabled = false (default)
2022-10-03 12:56:06,189 [pool-510-thread-1] INFO  server.RaftServerConfigKeys (ConfUtils.java:logGet(46)) - raft.server.log.statemachine.data.caching.enabled = true (custom)
2022-10-03 12:56:06,193 [EventQueue-OpenPipelineForHealthyPipelineSafeModeRule] INFO  safemode.SCMSafeModeManager (HealthyPipelineSafeModeRule.java:process(137)) - SCM in safe mode. Healthy pipelines reported count is 0, required healthy pipeline reported count is 1
2022-10-03 12:56:06,213 [pool-510-thread-1] INFO  segmented.SegmentedRaftLogWorker (SegmentedRaftLogWorker.java:lambda$new$0(135)) - cb992ddc-d8fb-48b8-a749-54f43281b597@group-16DF217DD124-SegmentedRaftLogWorker: flushIndex: setUnconditionally 0 -> -1
2022-10-03 12:56:06,213 [pool-510-thread-1] INFO  segmented.SegmentedRaftLogWorker (SegmentedRaftLogWorker.java:lambda$new$0(135)) - cb992ddc-d8fb-48b8-a749-54f43281b597@group-16DF217DD124-SegmentedRaftLogWorker: safeCacheEvictIndex: setUnconditionally 0 -> -1
2022-10-03 12:56:06,233 [pool-510-thread-1] INFO  server.RaftServerConfigKeys (ConfUtils.java:logGet(46)) - raft.server.snapshot.auto.trigger.enabled = true (custom)
2022-10-03 12:56:06,233 [pool-510-thread-1] INFO  server.RaftServerConfigKeys (ConfUtils.java:logGet(46)) - raft.server.snapshot.auto.trigger.threshold = 10000 (custom)
2022-10-03 12:56:06,233 [pool-510-thread-1] INFO  server.RaftServerConfigKeys (ConfUtils.java:logGet(46)) - raft.server.snapshot.retention.file.num = 5 (custom)
2022-10-03 12:56:06,233 [pool-510-thread-1] INFO  server.RaftServerConfigKeys (ConfUtils.java:logGet(46)) - raft.server.log.purge.upto.snapshot.index = false (default)
2022-10-03 12:56:06,233 [pool-510-thread-1] INFO  server.RaftServerConfigKeys (ConfUtils.java:logGet(46)) - raft.server.retrycache.expirytime = 600000ms (custom)
2022-10-03 12:56:06,233 [pool-510-thread-1] INFO  server.RaftServerConfigKeys (ConfUtils.java:logGet(46)) - raft.server.retrycache.statistics.expirytime = 100μs (default)
2022-10-03 12:56:06,234 [pool-510-thread-1] INFO  server.RaftServerConfigKeys (ConfUtils.java:logGet(46)) - raft.server.log.appender.install.snapshot.enabled = false (custom)
2022-10-03 12:56:06,234 [pool-510-thread-1] INFO  server.RaftServerConfigKeys (ConfUtils.java:logGet(46)) - raft.server.threadpool.server.cached = true (default)
2022-10-03 12:56:06,234 [pool-510-thread-1] INFO  server.RaftServerConfigKeys (ConfUtils.java:logGet(46)) - raft.server.threadpool.server.size = 0 (default)
2022-10-03 12:56:06,234 [pool-510-thread-1] INFO  server.RaftServerConfigKeys (ConfUtils.java:logGet(46)) - raft.server.threadpool.client.cached = true (default)
2022-10-03 12:56:06,234 [pool-510-thread-1] INFO  server.RaftServerConfigKeys (ConfUtils.java:logGet(46)) - raft.server.threadpool.client.size = 0 (default)
2022-10-03 12:56:06,234 [pool-510-thread-1] INFO  server.RaftServer$Division (RaftServerImpl.java:start(310)) - cb992ddc-d8fb-48b8-a749-54f43281b597@group-16DF217DD124: start as a follower, conf=-1: [8aaa41ef-7b9f-4bd2-982e-3f8e5f477184|rpc:10.1.0.147:33597|priority:1, 967ae9f2-b522-4f2f-8a43-5ad718c2969e|rpc:10.1.0.147:40807|priority:0, cb992ddc-d8fb-48b8-a749-54f43281b597|rpc:10.1.0.147:33249|priority:0], old=null
2022-10-03 12:56:06,235 [pool-510-thread-1] INFO  server.RaftServer$Division (RaftServerImpl.java:setRole(299)) - cb992ddc-d8fb-48b8-a749-54f43281b597@group-16DF217DD124: changes role from      null to FOLLOWER at term 0 for startAsFollower
2022-10-03 12:56:06,235 [pool-510-thread-1] INFO  impl.RoleInfo (RoleInfo.java:updateAndGet(139)) - cb992ddc-d8fb-48b8-a749-54f43281b597: start cb992ddc-d8fb-48b8-a749-54f43281b597@group-16DF217DD124-FollowerState
2022-10-03 12:56:06,245 [pool-510-thread-1] INFO  util.JmxRegister (JmxRegister.java:tryRegister(44)) - Successfully registered JMX Bean with object name Ratis:service=RaftServer,group=group-16DF217DD124,id=cb992ddc-d8fb-48b8-a749-54f43281b597
2022-10-03 12:56:06,254 [Command processor thread] INFO  ratis.XceiverServerRatis (XceiverServerRatis.java:addGroup(765)) - Created group PipelineID=90e14cac-2d5e-4962-a323-16df217dd124
2022-10-03 12:56:06,397 [grpc-default-executor-0] INFO  server.RaftServer (RaftServerProxy.java:addNew(96)) - 8aaa41ef-7b9f-4bd2-982e-3f8e5f477184: addNew group-16DF217DD124:[8aaa41ef-7b9f-4bd2-982e-3f8e5f477184|rpc:10.1.0.147:33597|dataStream:|priority:1, 967ae9f2-b522-4f2f-8a43-5ad718c2969e|rpc:10.1.0.147:40807|dataStream:|priority:0, cb992ddc-d8fb-48b8-a749-54f43281b597|rpc:10.1.0.147:33249|dataStream:|priority:0] returns group-16DF217DD124:java.util.concurrent.CompletableFuture@7969b6b1[Not completed]
2022-10-03 12:56:06,402 [pool-556-thread-1] INFO  server.RaftServer$Division (RaftServerImpl.java:<init>(190)) - 8aaa41ef-7b9f-4bd2-982e-3f8e5f477184: new RaftServerImpl for group-16DF217DD124:[8aaa41ef-7b9f-4bd2-982e-3f8e5f477184|rpc:10.1.0.147:33597|dataStream:|priority:1, 967ae9f2-b522-4f2f-8a43-5ad718c2969e|rpc:10.1.0.147:40807|dataStream:|priority:0, cb992ddc-d8fb-48b8-a749-54f43281b597|rpc:10.1.0.147:33249|dataStream:|priority:0] with ContainerStateMachine:uninitialized
2022-10-03 12:56:06,402 [pool-556-thread-1] INFO  server.RaftServerConfigKeys (ConfUtils.java:logGet(46)) - raft.server.rpc.timeout.min = 5s (custom)
2022-10-03 12:56:06,402 [pool-556-thread-1] INFO  server.RaftServerConfigKeys (ConfUtils.java:logGet(46)) - raft.server.rpc.timeout.max = 5200ms (custom)
2022-10-03 12:56:06,402 [pool-556-thread-1] INFO  server.RaftServerConfigKeys (ConfUtils.java:logGet(46)) - raft.server.rpc.sleep.time = 25ms (default)
2022-10-03 12:56:06,402 [pool-556-thread-1] INFO  server.RaftServerConfigKeys (ConfUtils.java:logGet(46)) - raft.server.rpc.slowness.timeout = 300s (custom)
2022-10-03 12:56:06,402 [pool-556-thread-1] INFO  server.RaftServerConfigKeys (ConfUtils.java:logGet(46)) - raft.server.leaderelection.leader.step-down.wait-time = 10s (default)
2022-10-03 12:56:06,403 [pool-556-thread-1] INFO  server.RaftServerConfigKeys (ConfUtils.java:logGet(46)) - raft.server.sleep.deviation.threshold = 300ms (default)
2022-10-03 12:56:06,403 [pool-556-thread-1] INFO  server.RaftServer$Division (ServerState.java:<init>(107)) - 8aaa41ef-7b9f-4bd2-982e-3f8e5f477184@group-16DF217DD124: ConfigurationManager, init=-1: [8aaa41ef-7b9f-4bd2-982e-3f8e5f477184|rpc:10.1.0.147:33597|dataStream:|priority:1, 967ae9f2-b522-4f2f-8a43-5ad718c2969e|rpc:10.1.0.147:40807|dataStream:|priority:0, cb992ddc-d8fb-48b8-a749-54f43281b597|rpc:10.1.0.147:33249|dataStream:|priority:0], old=null, confs=<EMPTY_MAP>
2022-10-03 12:56:06,403 [pool-556-thread-1] INFO  server.RaftServerConfigKeys (ConfUtils.java:logGet(46)) - raft.server.storage.dir = [/home/runner/work/ozone/ozone/hadoop-ozone/integration-test/target/test-dir/MiniOzoneClusterImpl-6443e5c3-9dee-4d73-83b7-63138ecdba9d/datanode-2/data/ratis] (custom)
2022-10-03 12:56:06,417 [pool-556-thread-1] INFO  server.RaftServerConfigKeys (ConfUtils.java:logGet(46)) - raft.server.log.corruption.policy = EXCEPTION (default)
2022-10-03 12:56:06,417 [pool-556-thread-1] INFO  server.RaftServerConfigKeys (ConfUtils.java:logGet(46)) - raft.server.storage.free-space.min = 0MB (=0) (default)
2022-10-03 12:56:06,417 [pool-556-thread-1] INFO  storage.RaftStorageDirectory (RaftStorageDirectoryImpl.java:analyzeStorage(135)) - The storage directory /home/runner/work/ozone/ozone/hadoop-ozone/integration-test/target/test-dir/MiniOzoneClusterImpl-6443e5c3-9dee-4d73-83b7-63138ecdba9d/datanode-2/data/ratis/90e14cac-2d5e-4962-a323-16df217dd124 does not exist. Creating ...
2022-10-03 12:56:06,425 [pool-556-thread-1] INFO  storage.RaftStorageDirectory (RaftStorageDirectoryImpl.java:tryLock(230)) - Lock on /home/runner/work/ozone/ozone/hadoop-ozone/integration-test/target/test-dir/MiniOzoneClusterImpl-6443e5c3-9dee-4d73-83b7-63138ecdba9d/datanode-2/data/ratis/90e14cac-2d5e-4962-a323-16df217dd124/in_use.lock acquired by nodename 2263@fv-az443-503
2022-10-03 12:56:06,426 [pool-556-thread-1] INFO  storage.RaftStorage (RaftStorageImpl.java:format(89)) - Storage directory /home/runner/work/ozone/ozone/hadoop-ozone/integration-test/target/test-dir/MiniOzoneClusterImpl-6443e5c3-9dee-4d73-83b7-63138ecdba9d/datanode-2/data/ratis/90e14cac-2d5e-4962-a323-16df217dd124 has been successfully formatted.
2022-10-03 12:56:06,450 [pool-556-thread-1] INFO  ratis.ContainerStateMachine (ContainerStateMachine.java:loadSnapshot(236)) - group-16DF217DD124: The snapshot info is null. Setting the last applied indexto:(t:0, i:~)
2022-10-03 12:56:06,450 [pool-556-thread-1] INFO  server.RaftServerConfigKeys (ConfUtils.java:logGet(46)) - raft.server.notification.no-leader.timeout = 300s (custom)
2022-10-03 12:56:06,450 [pool-556-thread-1] INFO  server.RaftServerConfigKeys (ConfUtils.java:logGet(46)) - raft.server.log.use.memory = false (default)
2022-10-03 12:56:06,451 [pool-556-thread-1] INFO  server.RaftServerConfigKeys (ConfUtils.java:logGet(46)) - raft.server.log.purge.gap = 1000000 (custom)
2022-10-03 12:56:06,451 [pool-556-thread-1] INFO  server.RaftServerConfigKeys (ConfUtils.java:logGet(46)) - raft.server.log.appender.buffer.byte-limit = 33554432 (custom)
2022-10-03 12:56:06,451 [pool-556-thread-1] INFO  server.RaftServerConfigKeys (ConfUtils.java:logGet(46)) - raft.server.log.statemachine.data.read.timeout = 1000ms (default)
2022-10-03 12:56:06,451 [pool-556-thread-1] INFO  server.RaftServerConfigKeys (ConfUtils.java:logGet(46)) - raft.server.log.segment.size.max = 1048576 (custom)
2022-10-03 12:56:06,451 [pool-556-thread-1] INFO  server.RaftServerConfigKeys (ConfUtils.java:logGet(46)) - raft.server.log.segment.cache.num.max = 2 (custom)
2022-10-03 12:56:06,451 [pool-556-thread-1] INFO  server.RaftServerConfigKeys (ConfUtils.java:logGet(46)) - raft.server.log.segment.cache.size.max = 200MB (=209715200) (default)
2022-10-03 12:56:06,451 [pool-556-thread-1] INFO  segmented.SegmentedRaftLogWorker (SegmentedRaftLogWorker.java:<init>(187)) - new 8aaa41ef-7b9f-4bd2-982e-3f8e5f477184@group-16DF217DD124-SegmentedRaftLogWorker for RaftStorageImpl:Storage Directory /home/runner/work/ozone/ozone/hadoop-ozone/integration-test/target/test-dir/MiniOzoneClusterImpl-6443e5c3-9dee-4d73-83b7-63138ecdba9d/datanode-2/data/ratis/90e14cac-2d5e-4962-a323-16df217dd124
2022-10-03 12:56:06,451 [pool-556-thread-1] INFO  server.RaftServerConfigKeys (ConfUtils.java:logGet(46)) - raft.server.log.queue.byte-limit = 4294967296 (custom)
2022-10-03 12:56:06,451 [pool-556-thread-1] INFO  server.RaftServerConfigKeys (ConfUtils.java:logGet(46)) - raft.server.log.queue.element-limit = 1024 (custom)
2022-10-03 12:56:06,451 [pool-556-thread-1] INFO  server.RaftServerConfigKeys (ConfUtils.java:logGet(46)) - raft.server.log.segment.size.max = 1048576 (custom)
2022-10-03 12:56:06,451 [pool-556-thread-1] INFO  server.RaftServerConfigKeys (ConfUtils.java:logGet(46)) - raft.server.log.preallocated.size = 16384 (custom)
2022-10-03 12:56:06,451 [pool-556-thread-1] INFO  server.RaftServerConfigKeys (ConfUtils.java:logGet(46)) - raft.server.log.force.sync.num = 128 (default)
2022-10-03 12:56:06,451 [pool-556-thread-1] INFO  server.RaftServerConfigKeys (ConfUtils.java:logGet(46)) - raft.server.log.statemachine.data.sync = true (default)
2022-10-03 12:56:06,451 [pool-556-thread-1] INFO  server.RaftServerConfigKeys (ConfUtils.java:logGet(46)) - raft.server.log.statemachine.data.sync.timeout = 10s (default)
2022-10-03 12:56:06,451 [pool-556-thread-1] INFO  server.RaftServerConfigKeys (ConfUtils.java:logGet(46)) - raft.server.log.statemachine.data.sync.timeout.retry = -1 (default)
2022-10-03 12:56:06,452 [pool-556-thread-1] INFO  server.RaftServerConfigKeys (ConfUtils.java:logGet(46)) - raft.server.log.write.buffer.size = 1048576 (custom)
2022-10-03 12:56:06,453 [pool-556-thread-1] INFO  server.RaftServerConfigKeys (ConfUtils.java:logGet(46)) - raft.server.log.unsafe-flush.enabled = false (default)
2022-10-03 12:56:06,453 [pool-556-thread-1] INFO  server.RaftServerConfigKeys (ConfUtils.java:logGet(46)) - raft.server.log.statemachine.data.caching.enabled = true (custom)
2022-10-03 12:56:06,453 [pool-556-thread-1] INFO  segmented.SegmentedRaftLogWorker (SegmentedRaftLogWorker.java:lambda$new$0(135)) - 8aaa41ef-7b9f-4bd2-982e-3f8e5f477184@group-16DF217DD124-SegmentedRaftLogWorker: flushIndex: setUnconditionally 0 -> -1
2022-10-03 12:56:06,453 [pool-556-thread-1] INFO  segmented.SegmentedRaftLogWorker (SegmentedRaftLogWorker.java:lambda$new$0(135)) - 8aaa41ef-7b9f-4bd2-982e-3f8e5f477184@group-16DF217DD124-SegmentedRaftLogWorker: safeCacheEvictIndex: setUnconditionally 0 -> -1
2022-10-03 12:56:06,454 [pool-556-thread-1] INFO  server.RaftServerConfigKeys (ConfUtils.java:logGet(46)) - raft.server.snapshot.auto.trigger.enabled = true (custom)
2022-10-03 12:56:06,454 [pool-556-thread-1] INFO  server.RaftServerConfigKeys (ConfUtils.java:logGet(46)) - raft.server.snapshot.auto.trigger.threshold = 10000 (custom)
2022-10-03 12:56:06,454 [pool-556-thread-1] INFO  server.RaftServerConfigKeys (ConfUtils.java:logGet(46)) - raft.server.snapshot.retention.file.num = 5 (custom)
2022-10-03 12:56:06,454 [pool-556-thread-1] INFO  server.RaftServerConfigKeys (ConfUtils.java:logGet(46)) - raft.server.log.purge.upto.snapshot.index = false (default)
2022-10-03 12:56:06,454 [pool-556-thread-1] INFO  server.RaftServerConfigKeys (ConfUtils.java:logGet(46)) - raft.server.retrycache.expirytime = 600000ms (custom)
2022-10-03 12:56:06,454 [pool-556-thread-1] INFO  server.RaftServerConfigKeys (ConfUtils.java:logGet(46)) - raft.server.retrycache.statistics.expirytime = 100μs (default)
2022-10-03 12:56:06,455 [pool-556-thread-1] INFO  server.RaftServerConfigKeys (ConfUtils.java:logGet(46)) - raft.server.log.appender.install.snapshot.enabled = false (custom)
2022-10-03 12:56:06,455 [pool-556-thread-1] INFO  server.RaftServerConfigKeys (ConfUtils.java:logGet(46)) - raft.server.threadpool.server.cached = true (default)
2022-10-03 12:56:06,455 [pool-556-thread-1] INFO  server.RaftServerConfigKeys (ConfUtils.java:logGet(46)) - raft.server.threadpool.server.size = 0 (default)
2022-10-03 12:56:06,455 [pool-556-thread-1] INFO  server.RaftServerConfigKeys (ConfUtils.java:logGet(46)) - raft.server.threadpool.client.cached = true (default)
2022-10-03 12:56:06,455 [pool-556-thread-1] INFO  server.RaftServerConfigKeys (ConfUtils.java:logGet(46)) - raft.server.threadpool.client.size = 0 (default)
2022-10-03 12:56:06,455 [pool-556-thread-1] INFO  server.RaftServer$Division (RaftServerImpl.java:start(310)) - 8aaa41ef-7b9f-4bd2-982e-3f8e5f477184@group-16DF217DD124: start as a follower, conf=-1: [8aaa41ef-7b9f-4bd2-982e-3f8e5f477184|rpc:10.1.0.147:33597|dataStream:|priority:1, 967ae9f2-b522-4f2f-8a43-5ad718c2969e|rpc:10.1.0.147:40807|dataStream:|priority:0, cb992ddc-d8fb-48b8-a749-54f43281b597|rpc:10.1.0.147:33249|dataStream:|priority:0], old=null
2022-10-03 12:56:06,455 [pool-556-thread-1] INFO  server.RaftServer$Division (RaftServerImpl.java:setRole(299)) - 8aaa41ef-7b9f-4bd2-982e-3f8e5f477184@group-16DF217DD124: changes role from      null to FOLLOWER at term 0 for startAsFollower
2022-10-03 12:56:06,455 [pool-556-thread-1] INFO  impl.RoleInfo (RoleInfo.java:updateAndGet(139)) - 8aaa41ef-7b9f-4bd2-982e-3f8e5f477184: start 8aaa41ef-7b9f-4bd2-982e-3f8e5f477184@group-16DF217DD124-FollowerState
2022-10-03 12:56:06,456 [pool-556-thread-1] INFO  util.JmxRegister (JmxRegister.java:tryRegister(44)) - Successfully registered JMX Bean with object name Ratis:service=RaftServer,group=group-16DF217DD124,id=8aaa41ef-7b9f-4bd2-982e-3f8e5f477184
2022-10-03 12:56:06,581 [grpc-default-executor-0] INFO  server.RaftServer (RaftServerProxy.java:addNew(96)) - 967ae9f2-b522-4f2f-8a43-5ad718c2969e: addNew group-16DF217DD124:[8aaa41ef-7b9f-4bd2-982e-3f8e5f477184|rpc:10.1.0.147:33597|dataStream:|priority:1, 967ae9f2-b522-4f2f-8a43-5ad718c2969e|rpc:10.1.0.147:40807|dataStream:|priority:0, cb992ddc-d8fb-48b8-a749-54f43281b597|rpc:10.1.0.147:33249|dataStream:|priority:0] returns group-16DF217DD124:java.util.concurrent.CompletableFuture@40f09466[Not completed]
2022-10-03 12:56:06,618 [pool-533-thread-1] INFO  server.RaftServer$Division (RaftServerImpl.java:<init>(190)) - 967ae9f2-b522-4f2f-8a43-5ad718c2969e: new RaftServerImpl for group-16DF217DD124:[8aaa41ef-7b9f-4bd2-982e-3f8e5f477184|rpc:10.1.0.147:33597|dataStream:|priority:1, 967ae9f2-b522-4f2f-8a43-5ad718c2969e|rpc:10.1.0.147:40807|dataStream:|priority:0, cb992ddc-d8fb-48b8-a749-54f43281b597|rpc:10.1.0.147:33249|dataStream:|priority:0] with ContainerStateMachine:uninitialized
2022-10-03 12:56:06,618 [pool-533-thread-1] INFO  server.RaftServerConfigKeys (ConfUtils.java:logGet(46)) - raft.server.rpc.timeout.min = 5s (custom)
2022-10-03 12:56:06,618 [pool-533-thread-1] INFO  server.RaftServerConfigKeys (ConfUtils.java:logGet(46)) - raft.server.rpc.timeout.max = 5200ms (custom)
2022-10-03 12:56:06,618 [pool-533-thread-1] INFO  server.RaftServerConfigKeys (ConfUtils.java:logGet(46)) - raft.server.rpc.sleep.time = 25ms (default)
2022-10-03 12:56:06,618 [pool-533-thread-1] INFO  server.RaftServerConfigKeys (ConfUtils.java:logGet(46)) - raft.server.rpc.slowness.timeout = 300s (custom)
2022-10-03 12:56:06,618 [pool-533-thread-1] INFO  server.RaftServerConfigKeys (ConfUtils.java:logGet(46)) - raft.server.leaderelection.leader.step-down.wait-time = 10s (default)
2022-10-03 12:56:06,618 [pool-533-thread-1] INFO  server.RaftServerConfigKeys (ConfUtils.java:logGet(46)) - raft.server.sleep.deviation.threshold = 300ms (default)
2022-10-03 12:56:06,618 [pool-533-thread-1] INFO  server.RaftServer$Division (ServerState.java:<init>(107)) - 967ae9f2-b522-4f2f-8a43-5ad718c2969e@group-16DF217DD124: ConfigurationManager, init=-1: [8aaa41ef-7b9f-4bd2-982e-3f8e5f477184|rpc:10.1.0.147:33597|dataStream:|priority:1, 967ae9f2-b522-4f2f-8a43-5ad718c2969e|rpc:10.1.0.147:40807|dataStream:|priority:0, cb992ddc-d8fb-48b8-a749-54f43281b597|rpc:10.1.0.147:33249|dataStream:|priority:0], old=null, confs=<EMPTY_MAP>
2022-10-03 12:56:06,618 [pool-533-thread-1] INFO  server.RaftServerConfigKeys (ConfUtils.java:logGet(46)) - raft.server.storage.dir = [/home/runner/work/ozone/ozone/hadoop-ozone/integration-test/target/test-dir/MiniOzoneClusterImpl-6443e5c3-9dee-4d73-83b7-63138ecdba9d/datanode-1/data/ratis] (custom)
2022-10-03 12:56:06,618 [pool-533-thread-1] INFO  server.RaftServerConfigKeys (ConfUtils.java:logGet(46)) - raft.server.log.corruption.policy = EXCEPTION (default)
2022-10-03 12:56:06,618 [pool-533-thread-1] INFO  server.RaftServerConfigKeys (ConfUtils.java:logGet(46)) - raft.server.storage.free-space.min = 0MB (=0) (default)
2022-10-03 12:56:06,618 [pool-533-thread-1] INFO  storage.RaftStorageDirectory (RaftStorageDirectoryImpl.java:analyzeStorage(135)) - The storage directory /home/runner/work/ozone/ozone/hadoop-ozone/integration-test/target/test-dir/MiniOzoneClusterImpl-6443e5c3-9dee-4d73-83b7-63138ecdba9d/datanode-1/data/ratis/90e14cac-2d5e-4962-a323-16df217dd124 does not exist. Creating ...
2022-10-03 12:56:06,621 [pool-533-thread-1] INFO  storage.RaftStorageDirectory (RaftStorageDirectoryImpl.java:tryLock(230)) - Lock on /home/runner/work/ozone/ozone/hadoop-ozone/integration-test/target/test-dir/MiniOzoneClusterImpl-6443e5c3-9dee-4d73-83b7-63138ecdba9d/datanode-1/data/ratis/90e14cac-2d5e-4962-a323-16df217dd124/in_use.lock acquired by nodename 2263@fv-az443-503
2022-10-03 12:56:06,625 [pool-533-thread-1] INFO  storage.RaftStorage (RaftStorageImpl.java:format(89)) - Storage directory /home/runner/work/ozone/ozone/hadoop-ozone/integration-test/target/test-dir/MiniOzoneClusterImpl-6443e5c3-9dee-4d73-83b7-63138ecdba9d/datanode-1/data/ratis/90e14cac-2d5e-4962-a323-16df217dd124 has been successfully formatted.
2022-10-03 12:56:06,628 [pool-533-thread-1] INFO  ratis.ContainerStateMachine (ContainerStateMachine.java:loadSnapshot(236)) - group-16DF217DD124: The snapshot info is null. Setting the last applied indexto:(t:0, i:~)
2022-10-03 12:56:06,628 [pool-533-thread-1] INFO  server.RaftServerConfigKeys (ConfUtils.java:logGet(46)) - raft.server.notification.no-leader.timeout = 300s (custom)
2022-10-03 12:56:06,628 [pool-533-thread-1] INFO  server.RaftServerConfigKeys (ConfUtils.java:logGet(46)) - raft.server.log.use.memory = false (default)
2022-10-03 12:56:06,628 [pool-533-thread-1] INFO  server.RaftServerConfigKeys (ConfUtils.java:logGet(46)) - raft.server.log.purge.gap = 1000000 (custom)
2022-10-03 12:56:06,628 [pool-533-thread-1] INFO  server.RaftServerConfigKeys (ConfUtils.java:logGet(46)) - raft.server.log.appender.buffer.byte-limit = 33554432 (custom)
2022-10-03 12:56:06,628 [pool-533-thread-1] INFO  server.RaftServerConfigKeys (ConfUtils.java:logGet(46)) - raft.server.log.statemachine.data.read.timeout = 1000ms (default)
2022-10-03 12:56:06,629 [pool-533-thread-1] INFO  server.RaftServerConfigKeys (ConfUtils.java:logGet(46)) - raft.server.log.segment.size.max = 1048576 (custom)
2022-10-03 12:56:06,629 [pool-533-thread-1] INFO  server.RaftServerConfigKeys (ConfUtils.java:logGet(46)) - raft.server.log.segment.cache.num.max = 2 (custom)
2022-10-03 12:56:06,629 [pool-533-thread-1] INFO  server.RaftServerConfigKeys (ConfUtils.java:logGet(46)) - raft.server.log.segment.cache.size.max = 200MB (=209715200) (default)
2022-10-03 12:56:06,629 [pool-533-thread-1] INFO  segmented.SegmentedRaftLogWorker (SegmentedRaftLogWorker.java:<init>(187)) - new 967ae9f2-b522-4f2f-8a43-5ad718c2969e@group-16DF217DD124-SegmentedRaftLogWorker for RaftStorageImpl:Storage Directory /home/runner/work/ozone/ozone/hadoop-ozone/integration-test/target/test-dir/MiniOzoneClusterImpl-6443e5c3-9dee-4d73-83b7-63138ecdba9d/datanode-1/data/ratis/90e14cac-2d5e-4962-a323-16df217dd124
2022-10-03 12:56:06,629 [pool-533-thread-1] INFO  server.RaftServerConfigKeys (ConfUtils.java:logGet(46)) - raft.server.log.queue.byte-limit = 4294967296 (custom)
2022-10-03 12:56:06,629 [pool-533-thread-1] INFO  server.RaftServerConfigKeys (ConfUtils.java:logGet(46)) - raft.server.log.queue.element-limit = 1024 (custom)
2022-10-03 12:56:06,629 [pool-533-thread-1] INFO  server.RaftServerConfigKeys (ConfUtils.java:logGet(46)) - raft.server.log.segment.size.max = 1048576 (custom)
2022-10-03 12:56:06,629 [pool-533-thread-1] INFO  server.RaftServerConfigKeys (ConfUtils.java:logGet(46)) - raft.server.log.preallocated.size = 16384 (custom)
2022-10-03 12:56:06,629 [pool-533-thread-1] INFO  server.RaftServerConfigKeys (ConfUtils.java:logGet(46)) - raft.server.log.force.sync.num = 128 (default)
2022-10-03 12:56:06,630 [pool-533-thread-1] INFO  server.RaftServerConfigKeys (ConfUtils.java:logGet(46)) - raft.server.log.statemachine.data.sync = true (default)
2022-10-03 12:56:06,630 [pool-533-thread-1] INFO  server.RaftServerConfigKeys (ConfUtils.java:logGet(46)) - raft.server.log.statemachine.data.sync.timeout = 10s (default)
2022-10-03 12:56:06,630 [pool-533-thread-1] INFO  server.RaftServerConfigKeys (ConfUtils.java:logGet(46)) - raft.server.log.statemachine.data.sync.timeout.retry = -1 (default)
2022-10-03 12:56:06,630 [pool-533-thread-1] INFO  server.RaftServerConfigKeys (ConfUtils.java:logGet(46)) - raft.server.log.write.buffer.size = 1048576 (custom)
2022-10-03 12:56:06,631 [pool-533-thread-1] INFO  server.RaftServerConfigKeys (ConfUtils.java:logGet(46)) - raft.server.log.unsafe-flush.enabled = false (default)
2022-10-03 12:56:06,631 [pool-533-thread-1] INFO  server.RaftServerConfigKeys (ConfUtils.java:logGet(46)) - raft.server.log.statemachine.data.caching.enabled = true (custom)
2022-10-03 12:56:06,631 [pool-533-thread-1] INFO  segmented.SegmentedRaftLogWorker (SegmentedRaftLogWorker.java:lambda$new$0(135)) - 967ae9f2-b522-4f2f-8a43-5ad718c2969e@group-16DF217DD124-SegmentedRaftLogWorker: flushIndex: setUnconditionally 0 -> -1
2022-10-03 12:56:06,631 [pool-533-thread-1] INFO  segmented.SegmentedRaftLogWorker (SegmentedRaftLogWorker.java:lambda$new$0(135)) - 967ae9f2-b522-4f2f-8a43-5ad718c2969e@group-16DF217DD124-SegmentedRaftLogWorker: safeCacheEvictIndex: setUnconditionally 0 -> -1
2022-10-03 12:56:06,633 [pool-533-thread-1] INFO  server.RaftServerConfigKeys (ConfUtils.java:logGet(46)) - raft.server.snapshot.auto.trigger.enabled = true (custom)
2022-10-03 12:56:06,633 [pool-533-thread-1] INFO  server.RaftServerConfigKeys (ConfUtils.java:logGet(46)) - raft.server.snapshot.auto.trigger.threshold = 10000 (custom)
2022-10-03 12:56:06,633 [pool-533-thread-1] INFO  server.RaftServerConfigKeys (ConfUtils.java:logGet(46)) - raft.server.snapshot.retention.file.num = 5 (custom)
2022-10-03 12:56:06,633 [pool-533-thread-1] INFO  server.RaftServerConfigKeys (ConfUtils.java:logGet(46)) - raft.server.log.purge.upto.snapshot.index = false (default)
2022-10-03 12:56:06,633 [pool-533-thread-1] INFO  server.RaftServerConfigKeys (ConfUtils.java:logGet(46)) - raft.server.retrycache.expirytime = 600000ms (custom)
2022-10-03 12:56:06,633 [pool-533-thread-1] INFO  server.RaftServerConfigKeys (ConfUtils.java:logGet(46)) - raft.server.retrycache.statistics.expirytime = 100μs (default)
2022-10-03 12:56:06,646 [pool-533-thread-1] INFO  server.RaftServerConfigKeys (ConfUtils.java:logGet(46)) - raft.server.log.appender.install.snapshot.enabled = false (custom)
2022-10-03 12:56:06,646 [pool-533-thread-1] INFO  server.RaftServerConfigKeys (ConfUtils.java:logGet(46)) - raft.server.threadpool.server.cached = true (default)
2022-10-03 12:56:06,646 [pool-533-thread-1] INFO  server.RaftServerConfigKeys (ConfUtils.java:logGet(46)) - raft.server.threadpool.server.size = 0 (default)
2022-10-03 12:56:06,646 [pool-533-thread-1] INFO  server.RaftServerConfigKeys (ConfUtils.java:logGet(46)) - raft.server.threadpool.client.cached = true (default)
2022-10-03 12:56:06,646 [pool-533-thread-1] INFO  server.RaftServerConfigKeys (ConfUtils.java:logGet(46)) - raft.server.threadpool.client.size = 0 (default)
2022-10-03 12:56:06,646 [pool-533-thread-1] INFO  server.RaftServer$Division (RaftServerImpl.java:start(310)) - 967ae9f2-b522-4f2f-8a43-5ad718c2969e@group-16DF217DD124: start as a follower, conf=-1: [8aaa41ef-7b9f-4bd2-982e-3f8e5f477184|rpc:10.1.0.147:33597|dataStream:|priority:1, 967ae9f2-b522-4f2f-8a43-5ad718c2969e|rpc:10.1.0.147:40807|dataStream:|priority:0, cb992ddc-d8fb-48b8-a749-54f43281b597|rpc:10.1.0.147:33249|dataStream:|priority:0], old=null
2022-10-03 12:56:06,646 [pool-533-thread-1] INFO  server.RaftServer$Division (RaftServerImpl.java:setRole(299)) - 967ae9f2-b522-4f2f-8a43-5ad718c2969e@group-16DF217DD124: changes role from      null to FOLLOWER at term 0 for startAsFollower
2022-10-03 12:56:06,646 [pool-533-thread-1] INFO  impl.RoleInfo (RoleInfo.java:updateAndGet(139)) - 967ae9f2-b522-4f2f-8a43-5ad718c2969e: start 967ae9f2-b522-4f2f-8a43-5ad718c2969e@group-16DF217DD124-FollowerState
2022-10-03 12:56:06,656 [pool-533-thread-1] INFO  util.JmxRegister (JmxRegister.java:tryRegister(44)) - Successfully registered JMX Bean with object name Ratis:service=RaftServer,group=group-16DF217DD124,id=967ae9f2-b522-4f2f-8a43-5ad718c2969e
2022-10-03 12:56:06,738 [Listener at 127.0.0.1/32777] INFO  ozone.MiniOzoneClusterImpl (MiniOzoneClusterImpl.java:lambda$waitForClusterToBeReady$0(216)) - Nodes are ready. Got 3 of 3 DN Heartbeats.
2022-10-03 12:56:06,738 [Listener at 127.0.0.1/32777] INFO  ozone.MiniOzoneClusterImpl (MiniOzoneClusterImpl.java:lambda$waitForClusterToBeReady$0(219)) - Waiting for cluster to exit safe mode
2022-10-03 12:56:06,739 [Listener at 127.0.0.1/32777] INFO  ozone.MiniOzoneClusterImpl (MiniOzoneClusterImpl.java:lambda$waitForClusterToBeReady$0(221)) - SCM became leader
2022-10-03 12:56:06,738 [Command processor thread] INFO  commandhandler.CreatePipelineCommandHandler (CreatePipelineCommandHandler.java:handle(113)) - Created Pipeline RATIS THREE PipelineID=90e14cac-2d5e-4962-a323-16df217dd124.
2022-10-03 12:56:06,740 [pool-510-thread-1] INFO  server.RaftServer$Division (RaftServerImpl.java:<init>(190)) - cb992ddc-d8fb-48b8-a749-54f43281b597: new RaftServerImpl for group-C340AA17E94F:[8aaa41ef-7b9f-4bd2-982e-3f8e5f477184|rpc:10.1.0.147:33597|priority:0, 967ae9f2-b522-4f2f-8a43-5ad718c2969e|rpc:10.1.0.147:40807|priority:0, cb992ddc-d8fb-48b8-a749-54f43281b597|rpc:10.1.0.147:33249|priority:1] with ContainerStateMachine:uninitialized
2022-10-03 12:56:06,756 [pool-510-thread-1] INFO  server.RaftServerConfigKeys (ConfUtils.java:logGet(46)) - raft.server.rpc.timeout.min = 5s (custom)
2022-10-03 12:56:06,756 [pool-510-thread-1] INFO  server.RaftServerConfigKeys (ConfUtils.java:logGet(46)) - raft.server.rpc.timeout.max = 5200ms (custom)
2022-10-03 12:56:06,756 [pool-510-thread-1] INFO  server.RaftServerConfigKeys (ConfUtils.java:logGet(46)) - raft.server.rpc.sleep.time = 25ms (default)
2022-10-03 12:56:06,756 [pool-510-thread-1] INFO  server.RaftServerConfigKeys (ConfUtils.java:logGet(46)) - raft.server.rpc.slowness.timeout = 300s (custom)
2022-10-03 12:56:06,756 [pool-510-thread-1] INFO  server.RaftServerConfigKeys (ConfUtils.java:logGet(46)) - raft.server.leaderelection.leader.step-down.wait-time = 10s (default)
2022-10-03 12:56:06,756 [pool-510-thread-1] INFO  server.RaftServerConfigKeys (ConfUtils.java:logGet(46)) - raft.server.sleep.deviation.threshold = 300ms (default)
2022-10-03 12:56:06,756 [pool-510-thread-1] INFO  server.RaftServer$Division (ServerState.java:<init>(107)) - cb992ddc-d8fb-48b8-a749-54f43281b597@group-C340AA17E94F: ConfigurationManager, init=-1: [8aaa41ef-7b9f-4bd2-982e-3f8e5f477184|rpc:10.1.0.147:33597|priority:0, 967ae9f2-b522-4f2f-8a43-5ad718c2969e|rpc:10.1.0.147:40807|priority:0, cb992ddc-d8fb-48b8-a749-54f43281b597|rpc:10.1.0.147:33249|priority:1], old=null, confs=<EMPTY_MAP>
2022-10-03 12:56:06,756 [pool-510-thread-1] INFO  server.RaftServerConfigKeys (ConfUtils.java:logGet(46)) - raft.server.storage.dir = [/home/runner/work/ozone/ozone/hadoop-ozone/integration-test/target/test-dir/MiniOzoneClusterImpl-6443e5c3-9dee-4d73-83b7-63138ecdba9d/datanode-0/data/ratis] (custom)
2022-10-03 12:56:06,756 [pool-510-thread-1] INFO  server.RaftServerConfigKeys (ConfUtils.java:logGet(46)) - raft.server.log.corruption.policy = EXCEPTION (default)
2022-10-03 12:56:06,756 [pool-510-thread-1] INFO  server.RaftServerConfigKeys (ConfUtils.java:logGet(46)) - raft.server.storage.free-space.min = 0MB (=0) (default)
2022-10-03 12:56:06,756 [pool-510-thread-1] INFO  storage.RaftStorageDirectory (RaftStorageDirectoryImpl.java:analyzeStorage(135)) - The storage directory /home/runner/work/ozone/ozone/hadoop-ozone/integration-test/target/test-dir/MiniOzoneClusterImpl-6443e5c3-9dee-4d73-83b7-63138ecdba9d/datanode-0/data/ratis/b5468242-77ef-41c2-b60c-c340aa17e94f does not exist. Creating ...
2022-10-03 12:56:06,757 [Command processor thread] INFO  server.RaftServer (RaftServerProxy.java:addNew(96)) - cb992ddc-d8fb-48b8-a749-54f43281b597: addNew group-C340AA17E94F:[8aaa41ef-7b9f-4bd2-982e-3f8e5f477184|rpc:10.1.0.147:33597|priority:0, 967ae9f2-b522-4f2f-8a43-5ad718c2969e|rpc:10.1.0.147:40807|priority:0, cb992ddc-d8fb-48b8-a749-54f43281b597|rpc:10.1.0.147:33249|priority:1] returns group-C340AA17E94F:java.util.concurrent.CompletableFuture@33b7afb4[Not completed]
2022-10-03 12:56:06,757 [pool-510-thread-1] INFO  storage.RaftStorageDirectory (RaftStorageDirectoryImpl.java:tryLock(230)) - Lock on /home/runner/work/ozone/ozone/hadoop-ozone/integration-test/target/test-dir/MiniOzoneClusterImpl-6443e5c3-9dee-4d73-83b7-63138ecdba9d/datanode-0/data/ratis/b5468242-77ef-41c2-b60c-c340aa17e94f/in_use.lock acquired by nodename 2263@fv-az443-503
2022-10-03 12:56:06,770 [pool-510-thread-1] INFO  storage.RaftStorage (RaftStorageImpl.java:format(89)) - Storage directory /home/runner/work/ozone/ozone/hadoop-ozone/integration-test/target/test-dir/MiniOzoneClusterImpl-6443e5c3-9dee-4d73-83b7-63138ecdba9d/datanode-0/data/ratis/b5468242-77ef-41c2-b60c-c340aa17e94f has been successfully formatted.
2022-10-03 12:56:06,770 [pool-510-thread-1] INFO  ratis.ContainerStateMachine (ContainerStateMachine.java:loadSnapshot(236)) - group-C340AA17E94F: The snapshot info is null. Setting the last applied indexto:(t:0, i:~)
2022-10-03 12:56:06,770 [pool-510-thread-1] INFO  server.RaftServerConfigKeys (ConfUtils.java:logGet(46)) - raft.server.notification.no-leader.timeout = 300s (custom)
2022-10-03 12:56:06,770 [pool-510-thread-1] INFO  server.RaftServerConfigKeys (ConfUtils.java:logGet(46)) - raft.server.log.use.memory = false (default)
2022-10-03 12:56:06,770 [pool-510-thread-1] INFO  server.RaftServerConfigKeys (ConfUtils.java:logGet(46)) - raft.server.log.purge.gap = 1000000 (custom)
2022-10-03 12:56:06,770 [pool-510-thread-1] INFO  server.RaftServerConfigKeys (ConfUtils.java:logGet(46)) - raft.server.log.appender.buffer.byte-limit = 33554432 (custom)
2022-10-03 12:56:06,770 [pool-510-thread-1] INFO  server.RaftServerConfigKeys (ConfUtils.java:logGet(46)) - raft.server.log.statemachine.data.read.timeout = 1000ms (default)
2022-10-03 12:56:06,771 [pool-510-thread-1] INFO  server.RaftServerConfigKeys (ConfUtils.java:logGet(46)) - raft.server.log.segment.size.max = 1048576 (custom)
2022-10-03 12:56:06,771 [pool-510-thread-1] INFO  server.RaftServerConfigKeys (ConfUtils.java:logGet(46)) - raft.server.log.segment.cache.num.max = 2 (custom)
2022-10-03 12:56:06,771 [pool-510-thread-1] INFO  server.RaftServerConfigKeys (ConfUtils.java:logGet(46)) - raft.server.log.segment.cache.size.max = 200MB (=209715200) (default)
2022-10-03 12:56:06,771 [pool-510-thread-1] INFO  segmented.SegmentedRaftLogWorker (SegmentedRaftLogWorker.java:<init>(187)) - new cb992ddc-d8fb-48b8-a749-54f43281b597@group-C340AA17E94F-SegmentedRaftLogWorker for RaftStorageImpl:Storage Directory /home/runner/work/ozone/ozone/hadoop-ozone/integration-test/target/test-dir/MiniOzoneClusterImpl-6443e5c3-9dee-4d73-83b7-63138ecdba9d/datanode-0/data/ratis/b5468242-77ef-41c2-b60c-c340aa17e94f
2022-10-03 12:56:06,771 [pool-510-thread-1] INFO  server.RaftServerConfigKeys (ConfUtils.java:logGet(46)) - raft.server.log.queue.byte-limit = 4294967296 (custom)
2022-10-03 12:56:06,771 [pool-510-thread-1] INFO  server.RaftServerConfigKeys (ConfUtils.java:logGet(46)) - raft.server.log.queue.element-limit = 1024 (custom)
2022-10-03 12:56:06,771 [pool-510-thread-1] INFO  server.RaftServerConfigKeys (ConfUtils.java:logGet(46)) - raft.server.log.segment.size.max = 1048576 (custom)
2022-10-03 12:56:06,771 [pool-510-thread-1] INFO  server.RaftServerConfigKeys (ConfUtils.java:logGet(46)) - raft.server.log.preallocated.size = 16384 (custom)
2022-10-03 12:56:06,771 [pool-510-thread-1] INFO  server.RaftServerConfigKeys (ConfUtils.java:logGet(46)) - raft.server.log.force.sync.num = 128 (default)
2022-10-03 12:56:06,771 [pool-510-thread-1] INFO  server.RaftServerConfigKeys (ConfUtils.java:logGet(46)) - raft.server.log.statemachine.data.sync = true (default)
2022-10-03 12:56:06,771 [pool-510-thread-1] INFO  server.RaftServerConfigKeys (ConfUtils.java:logGet(46)) - raft.server.log.statemachine.data.sync.timeout = 10s (default)
2022-10-03 12:56:06,771 [pool-510-thread-1] INFO  server.RaftServerConfigKeys (ConfUtils.java:logGet(46)) - raft.server.log.statemachine.data.sync.timeout.retry = -1 (default)
2022-10-03 12:56:06,772 [pool-510-thread-1] INFO  server.RaftServerConfigKeys (ConfUtils.java:logGet(46)) - raft.server.log.write.buffer.size = 1048576 (custom)
2022-10-03 12:56:06,772 [pool-510-thread-1] INFO  server.RaftServerConfigKeys (ConfUtils.java:logGet(46)) - raft.server.log.unsafe-flush.enabled = false (default)
2022-10-03 12:56:06,772 [pool-510-thread-1] INFO  server.RaftServerConfigKeys (ConfUtils.java:logGet(46)) - raft.server.log.statemachine.data.caching.enabled = true (custom)
2022-10-03 12:56:06,773 [pool-510-thread-1] INFO  segmented.SegmentedRaftLogWorker (SegmentedRaftLogWorker.java:lambda$new$0(135)) - cb992ddc-d8fb-48b8-a749-54f43281b597@group-C340AA17E94F-SegmentedRaftLogWorker: flushIndex: setUnconditionally 0 -> -1
2022-10-03 12:56:06,773 [pool-510-thread-1] INFO  segmented.SegmentedRaftLogWorker (SegmentedRaftLogWorker.java:lambda$new$0(135)) - cb992ddc-d8fb-48b8-a749-54f43281b597@group-C340AA17E94F-SegmentedRaftLogWorker: safeCacheEvictIndex: setUnconditionally 0 -> -1
2022-10-03 12:56:06,774 [EventQueue-OpenPipelineForHealthyPipelineSafeModeRule] INFO  safemode.SCMSafeModeManager (HealthyPipelineSafeModeRule.java:process(137)) - SCM in safe mode. Healthy pipelines reported count is 0, required healthy pipeline reported count is 1
2022-10-03 12:56:06,789 [pool-510-thread-1] INFO  server.RaftServerConfigKeys (ConfUtils.java:logGet(46)) - raft.server.snapshot.auto.trigger.enabled = true (custom)
2022-10-03 12:56:06,789 [pool-510-thread-1] INFO  server.RaftServerConfigKeys (ConfUtils.java:logGet(46)) - raft.server.snapshot.auto.trigger.threshold = 10000 (custom)
2022-10-03 12:56:06,789 [pool-510-thread-1] INFO  server.RaftServerConfigKeys (ConfUtils.java:logGet(46)) - raft.server.snapshot.retention.file.num = 5 (custom)
2022-10-03 12:56:06,789 [pool-510-thread-1] INFO  server.RaftServerConfigKeys (ConfUtils.java:logGet(46)) - raft.server.log.purge.upto.snapshot.index = false (default)
2022-10-03 12:56:06,789 [pool-510-thread-1] INFO  server.RaftServerConfigKeys (ConfUtils.java:logGet(46)) - raft.server.retrycache.expirytime = 600000ms (custom)
2022-10-03 12:56:06,789 [pool-510-thread-1] INFO  server.RaftServerConfigKeys (ConfUtils.java:logGet(46)) - raft.server.retrycache.statistics.expirytime = 100μs (default)
2022-10-03 12:56:06,790 [pool-510-thread-1] INFO  server.RaftServerConfigKeys (ConfUtils.java:logGet(46)) - raft.server.log.appender.install.snapshot.enabled = false (custom)
2022-10-03 12:56:06,790 [pool-510-thread-1] INFO  server.RaftServerConfigKeys (ConfUtils.java:logGet(46)) - raft.server.threadpool.server.cached = true (default)
2022-10-03 12:56:06,790 [pool-510-thread-1] INFO  server.RaftServerConfigKeys (ConfUtils.java:logGet(46)) - raft.server.threadpool.server.size = 0 (default)
2022-10-03 12:56:06,790 [pool-510-thread-1] INFO  server.RaftServerConfigKeys (ConfUtils.java:logGet(46)) - raft.server.threadpool.client.cached = true (default)
2022-10-03 12:56:06,790 [pool-510-thread-1] INFO  server.RaftServerConfigKeys (ConfUtils.java:logGet(46)) - raft.server.threadpool.client.size = 0 (default)
2022-10-03 12:56:06,791 [pool-510-thread-1] INFO  server.RaftServer$Division (RaftServerImpl.java:start(310)) - cb992ddc-d8fb-48b8-a749-54f43281b597@group-C340AA17E94F: start as a follower, conf=-1: [8aaa41ef-7b9f-4bd2-982e-3f8e5f477184|rpc:10.1.0.147:33597|priority:0, 967ae9f2-b522-4f2f-8a43-5ad718c2969e|rpc:10.1.0.147:40807|priority:0, cb992ddc-d8fb-48b8-a749-54f43281b597|rpc:10.1.0.147:33249|priority:1], old=null
2022-10-03 12:56:06,791 [pool-510-thread-1] INFO  server.RaftServer$Division (RaftServerImpl.java:setRole(299)) - cb992ddc-d8fb-48b8-a749-54f43281b597@group-C340AA17E94F: changes role from      null to FOLLOWER at term 0 for startAsFollower
2022-10-03 12:56:06,791 [pool-510-thread-1] INFO  impl.RoleInfo (RoleInfo.java:updateAndGet(139)) - cb992ddc-d8fb-48b8-a749-54f43281b597: start cb992ddc-d8fb-48b8-a749-54f43281b597@group-C340AA17E94F-FollowerState
2022-10-03 12:56:06,801 [pool-510-thread-1] INFO  util.JmxRegister (JmxRegister.java:tryRegister(44)) - Successfully registered JMX Bean with object name Ratis:service=RaftServer,group=group-C340AA17E94F,id=cb992ddc-d8fb-48b8-a749-54f43281b597
2022-10-03 12:56:06,809 [Command processor thread] INFO  server.RaftServer (RaftServerProxy.java:addNew(96)) - 8aaa41ef-7b9f-4bd2-982e-3f8e5f477184: addNew group-B21771689D7A:[8aaa41ef-7b9f-4bd2-982e-3f8e5f477184|rpc:10.1.0.147:33597|priority:1] returns group-B21771689D7A:java.util.concurrent.CompletableFuture@2b692ed4[Not completed]
2022-10-03 12:56:06,810 [pool-556-thread-1] INFO  server.RaftServer$Division (RaftServerImpl.java:<init>(190)) - 8aaa41ef-7b9f-4bd2-982e-3f8e5f477184: new RaftServerImpl for group-B21771689D7A:[8aaa41ef-7b9f-4bd2-982e-3f8e5f477184|rpc:10.1.0.147:33597|priority:1] with ContainerStateMachine:uninitialized
2022-10-03 12:56:06,810 [pool-556-thread-1] INFO  server.RaftServerConfigKeys (ConfUtils.java:logGet(46)) - raft.server.rpc.timeout.min = 5s (custom)
2022-10-03 12:56:06,810 [pool-556-thread-1] INFO  server.RaftServerConfigKeys (ConfUtils.java:logGet(46)) - raft.server.rpc.timeout.max = 5200ms (custom)
2022-10-03 12:56:06,810 [pool-556-thread-1] INFO  server.RaftServerConfigKeys (ConfUtils.java:logGet(46)) - raft.server.rpc.sleep.time = 25ms (default)
2022-10-03 12:56:06,810 [pool-556-thread-1] INFO  server.RaftServerConfigKeys (ConfUtils.java:logGet(46)) - raft.server.rpc.slowness.timeout = 300s (custom)
2022-10-03 12:56:06,810 [pool-556-thread-1] INFO  server.RaftServerConfigKeys (ConfUtils.java:logGet(46)) - raft.server.leaderelection.leader.step-down.wait-time = 10s (default)
2022-10-03 12:56:06,810 [pool-556-thread-1] INFO  server.RaftServerConfigKeys (ConfUtils.java:logGet(46)) - raft.server.sleep.deviation.threshold = 300ms (default)
2022-10-03 12:56:06,810 [pool-556-thread-1] INFO  server.RaftServer$Division (ServerState.java:<init>(107)) - 8aaa41ef-7b9f-4bd2-982e-3f8e5f477184@group-B21771689D7A: ConfigurationManager, init=-1: [8aaa41ef-7b9f-4bd2-982e-3f8e5f477184|rpc:10.1.0.147:33597|priority:1], old=null, confs=<EMPTY_MAP>
2022-10-03 12:56:06,810 [pool-556-thread-1] INFO  server.RaftServerConfigKeys (ConfUtils.java:logGet(46)) - raft.server.storage.dir = [/home/runner/work/ozone/ozone/hadoop-ozone/integration-test/target/test-dir/MiniOzoneClusterImpl-6443e5c3-9dee-4d73-83b7-63138ecdba9d/datanode-2/data/ratis] (custom)
2022-10-03 12:56:06,810 [pool-556-thread-1] INFO  server.RaftServerConfigKeys (ConfUtils.java:logGet(46)) - raft.server.log.corruption.policy = EXCEPTION (default)
2022-10-03 12:56:06,810 [pool-556-thread-1] INFO  server.RaftServerConfigKeys (ConfUtils.java:logGet(46)) - raft.server.storage.free-space.min = 0MB (=0) (default)
2022-10-03 12:56:06,810 [pool-556-thread-1] INFO  storage.RaftStorageDirectory (RaftStorageDirectoryImpl.java:analyzeStorage(135)) - The storage directory /home/runner/work/ozone/ozone/hadoop-ozone/integration-test/target/test-dir/MiniOzoneClusterImpl-6443e5c3-9dee-4d73-83b7-63138ecdba9d/datanode-2/data/ratis/ad2df0e5-11e7-49a5-b1f6-b21771689d7a does not exist. Creating ...
2022-10-03 12:56:06,811 [Command processor thread] INFO  ratis.XceiverServerRatis (XceiverServerRatis.java:addGroup(765)) - Created group PipelineID=b5468242-77ef-41c2-b60c-c340aa17e94f
2022-10-03 12:56:06,813 [pool-556-thread-1] INFO  storage.RaftStorageDirectory (RaftStorageDirectoryImpl.java:tryLock(230)) - Lock on /home/runner/work/ozone/ozone/hadoop-ozone/integration-test/target/test-dir/MiniOzoneClusterImpl-6443e5c3-9dee-4d73-83b7-63138ecdba9d/datanode-2/data/ratis/ad2df0e5-11e7-49a5-b1f6-b21771689d7a/in_use.lock acquired by nodename 2263@fv-az443-503
2022-10-03 12:56:06,843 [pool-556-thread-1] INFO  storage.RaftStorage (RaftStorageImpl.java:format(89)) - Storage directory /home/runner/work/ozone/ozone/hadoop-ozone/integration-test/target/test-dir/MiniOzoneClusterImpl-6443e5c3-9dee-4d73-83b7-63138ecdba9d/datanode-2/data/ratis/ad2df0e5-11e7-49a5-b1f6-b21771689d7a has been successfully formatted.
2022-10-03 12:56:06,869 [pool-556-thread-1] INFO  ratis.ContainerStateMachine (ContainerStateMachine.java:loadSnapshot(236)) - group-B21771689D7A: The snapshot info is null. Setting the last applied indexto:(t:0, i:~)
2022-10-03 12:56:06,869 [pool-556-thread-1] INFO  server.RaftServerConfigKeys (ConfUtils.java:logGet(46)) - raft.server.notification.no-leader.timeout = 300s (custom)
2022-10-03 12:56:06,869 [pool-556-thread-1] INFO  server.RaftServerConfigKeys (ConfUtils.java:logGet(46)) - raft.server.log.use.memory = false (default)
2022-10-03 12:56:06,869 [pool-556-thread-1] INFO  server.RaftServerConfigKeys (ConfUtils.java:logGet(46)) - raft.server.log.purge.gap = 1000000 (custom)
2022-10-03 12:56:06,869 [pool-556-thread-1] INFO  server.RaftServerConfigKeys (ConfUtils.java:logGet(46)) - raft.server.log.appender.buffer.byte-limit = 33554432 (custom)
2022-10-03 12:56:06,869 [pool-556-thread-1] INFO  server.RaftServerConfigKeys (ConfUtils.java:logGet(46)) - raft.server.log.statemachine.data.read.timeout = 1000ms (default)
2022-10-03 12:56:06,870 [pool-556-thread-1] INFO  server.RaftServerConfigKeys (ConfUtils.java:logGet(46)) - raft.server.log.segment.size.max = 1048576 (custom)
2022-10-03 12:56:06,870 [pool-556-thread-1] INFO  server.RaftServerConfigKeys (ConfUtils.java:logGet(46)) - raft.server.log.segment.cache.num.max = 2 (custom)
2022-10-03 12:56:06,870 [pool-556-thread-1] INFO  server.RaftServerConfigKeys (ConfUtils.java:logGet(46)) - raft.server.log.segment.cache.size.max = 200MB (=209715200) (default)
2022-10-03 12:56:06,870 [pool-556-thread-1] INFO  segmented.SegmentedRaftLogWorker (SegmentedRaftLogWorker.java:<init>(187)) - new 8aaa41ef-7b9f-4bd2-982e-3f8e5f477184@group-B21771689D7A-SegmentedRaftLogWorker for RaftStorageImpl:Storage Directory /home/runner/work/ozone/ozone/hadoop-ozone/integration-test/target/test-dir/MiniOzoneClusterImpl-6443e5c3-9dee-4d73-83b7-63138ecdba9d/datanode-2/data/ratis/ad2df0e5-11e7-49a5-b1f6-b21771689d7a
2022-10-03 12:56:06,870 [pool-556-thread-1] INFO  server.RaftServerConfigKeys (ConfUtils.java:logGet(46)) - raft.server.log.queue.byte-limit = 4294967296 (custom)
2022-10-03 12:56:06,870 [pool-556-thread-1] INFO  server.RaftServerConfigKeys (ConfUtils.java:logGet(46)) - raft.server.log.queue.element-limit = 1024 (custom)
2022-10-03 12:56:06,870 [pool-556-thread-1] INFO  server.RaftServerConfigKeys (ConfUtils.java:logGet(46)) - raft.server.log.segment.size.max = 1048576 (custom)
2022-10-03 12:56:06,870 [pool-556-thread-1] INFO  server.RaftServerConfigKeys (ConfUtils.java:logGet(46)) - raft.server.log.preallocated.size = 16384 (custom)
2022-10-03 12:56:06,870 [pool-556-thread-1] INFO  server.RaftServerConfigKeys (ConfUtils.java:logGet(46)) - raft.server.log.force.sync.num = 128 (default)
2022-10-03 12:56:06,870 [pool-556-thread-1] INFO  server.RaftServerConfigKeys (ConfUtils.java:logGet(46)) - raft.server.log.statemachine.data.sync = true (default)
2022-10-03 12:56:06,870 [pool-556-thread-1] INFO  server.RaftServerConfigKeys (ConfUtils.java:logGet(46)) - raft.server.log.statemachine.data.sync.timeout = 10s (default)
2022-10-03 12:56:06,870 [pool-556-thread-1] INFO  server.RaftServerConfigKeys (ConfUtils.java:logGet(46)) - raft.server.log.statemachine.data.sync.timeout.retry = -1 (default)
2022-10-03 12:56:06,871 [pool-556-thread-1] INFO  server.RaftServerConfigKeys (ConfUtils.java:logGet(46)) - raft.server.log.write.buffer.size = 1048576 (custom)
2022-10-03 12:56:06,872 [pool-556-thread-1] INFO  server.RaftServerConfigKeys (ConfUtils.java:logGet(46)) - raft.server.log.unsafe-flush.enabled = false (default)
2022-10-03 12:56:06,872 [pool-556-thread-1] INFO  server.RaftServerConfigKeys (ConfUtils.java:logGet(46)) - raft.server.log.statemachine.data.caching.enabled = true (custom)
2022-10-03 12:56:06,872 [pool-556-thread-1] INFO  segmented.SegmentedRaftLogWorker (SegmentedRaftLogWorker.java:lambda$new$0(135)) - 8aaa41ef-7b9f-4bd2-982e-3f8e5f477184@group-B21771689D7A-SegmentedRaftLogWorker: flushIndex: setUnconditionally 0 -> -1
2022-10-03 12:56:06,872 [pool-556-thread-1] INFO  segmented.SegmentedRaftLogWorker (SegmentedRaftLogWorker.java:lambda$new$0(135)) - 8aaa41ef-7b9f-4bd2-982e-3f8e5f477184@group-B21771689D7A-SegmentedRaftLogWorker: safeCacheEvictIndex: setUnconditionally 0 -> -1
2022-10-03 12:56:06,903 [pool-556-thread-1] INFO  server.RaftServerConfigKeys (ConfUtils.java:logGet(46)) - raft.server.snapshot.auto.trigger.enabled = true (custom)
2022-10-03 12:56:06,903 [pool-556-thread-1] INFO  server.RaftServerConfigKeys (ConfUtils.java:logGet(46)) - raft.server.snapshot.auto.trigger.threshold = 10000 (custom)
2022-10-03 12:56:06,904 [pool-556-thread-1] INFO  server.RaftServerConfigKeys (ConfUtils.java:logGet(46)) - raft.server.snapshot.retention.file.num = 5 (custom)
2022-10-03 12:56:06,904 [pool-556-thread-1] INFO  server.RaftServerConfigKeys (ConfUtils.java:logGet(46)) - raft.server.log.purge.upto.snapshot.index = false (default)
2022-10-03 12:56:06,904 [pool-556-thread-1] INFO  server.RaftServerConfigKeys (ConfUtils.java:logGet(46)) - raft.server.retrycache.expirytime = 600000ms (custom)
2022-10-03 12:56:06,904 [pool-556-thread-1] INFO  server.RaftServerConfigKeys (ConfUtils.java:logGet(46)) - raft.server.retrycache.statistics.expirytime = 100μs (default)
2022-10-03 12:56:06,905 [pool-556-thread-1] INFO  server.RaftServerConfigKeys (ConfUtils.java:logGet(46)) - raft.server.log.appender.install.snapshot.enabled = false (custom)
2022-10-03 12:56:06,905 [pool-556-thread-1] INFO  server.RaftServerConfigKeys (ConfUtils.java:logGet(46)) - raft.server.threadpool.server.cached = true (default)
2022-10-03 12:56:06,905 [pool-556-thread-1] INFO  server.RaftServerConfigKeys (ConfUtils.java:logGet(46)) - raft.server.threadpool.server.size = 0 (default)
2022-10-03 12:56:06,905 [pool-556-thread-1] INFO  server.RaftServerConfigKeys (ConfUtils.java:logGet(46)) - raft.server.threadpool.client.cached = true (default)
2022-10-03 12:56:06,905 [pool-556-thread-1] INFO  server.RaftServerConfigKeys (ConfUtils.java:logGet(46)) - raft.server.threadpool.client.size = 0 (default)
2022-10-03 12:56:06,905 [pool-556-thread-1] INFO  server.RaftServer$Division (RaftServerImpl.java:start(310)) - 8aaa41ef-7b9f-4bd2-982e-3f8e5f477184@group-B21771689D7A: start as a follower, conf=-1: [8aaa41ef-7b9f-4bd2-982e-3f8e5f477184|rpc:10.1.0.147:33597|priority:1], old=null
2022-10-03 12:56:06,905 [pool-556-thread-1] INFO  server.RaftServer$Division (RaftServerImpl.java:setRole(299)) - 8aaa41ef-7b9f-4bd2-982e-3f8e5f477184@group-B21771689D7A: changes role from      null to FOLLOWER at term 0 for startAsFollower
2022-10-03 12:56:06,905 [pool-556-thread-1] INFO  impl.RoleInfo (RoleInfo.java:updateAndGet(139)) - 8aaa41ef-7b9f-4bd2-982e-3f8e5f477184: start 8aaa41ef-7b9f-4bd2-982e-3f8e5f477184@group-B21771689D7A-FollowerState
2022-10-03 12:56:06,913 [pool-556-thread-1] INFO  util.JmxRegister (JmxRegister.java:tryRegister(44)) - Successfully registered JMX Bean with object name Ratis:service=RaftServer,group=group-B21771689D7A,id=8aaa41ef-7b9f-4bd2-982e-3f8e5f477184
2022-10-03 12:56:06,926 [grpc-default-executor-0] INFO  server.RaftServer (RaftServerProxy.java:addNew(96)) - 8aaa41ef-7b9f-4bd2-982e-3f8e5f477184: addNew group-C340AA17E94F:[8aaa41ef-7b9f-4bd2-982e-3f8e5f477184|rpc:10.1.0.147:33597|dataStream:|priority:0, 967ae9f2-b522-4f2f-8a43-5ad718c2969e|rpc:10.1.0.147:40807|dataStream:|priority:0, cb992ddc-d8fb-48b8-a749-54f43281b597|rpc:10.1.0.147:33249|dataStream:|priority:1] returns group-C340AA17E94F:java.util.concurrent.CompletableFuture@4c436857[Not completed]
2022-10-03 12:56:06,927 [EventQueue-PipelineReportForPipelineReportHandler] INFO  pipeline.PipelineManagerImpl (PipelineManagerImpl.java:openPipeline(367)) - Pipeline Pipeline[ Id: ad2df0e5-11e7-49a5-b1f6-b21771689d7a, Nodes: 8aaa41ef-7b9f-4bd2-982e-3f8e5f477184{ip: 10.1.0.147, host: fv-az443-503.ap2fcshprsnunfx25e1aelzb4b.cx.internal.cloudapp.net, ports: [REPLICATION=43031, RATIS=33597, RATIS_ADMIN=33597, RATIS_SERVER=33597, STANDALONE=44691], networkLocation: /default-rack, certSerialId: null, persistedOpState: IN_SERVICE, persistedOpStateExpiryEpochSec: 0}, ReplicationConfig: RATIS/ONE, State:ALLOCATED, leaderId:8aaa41ef-7b9f-4bd2-982e-3f8e5f477184, CreationTimestamp2022-10-03T12:56:05.804Z[Etc/UTC]] moved to OPEN state
2022-10-03 12:56:06,928 [EventQueue-OpenPipelineForHealthyPipelineSafeModeRule] INFO  safemode.SCMSafeModeManager (HealthyPipelineSafeModeRule.java:process(137)) - SCM in safe mode. Healthy pipelines reported count is 0, required healthy pipeline reported count is 1
2022-10-03 12:56:06,938 [pool-556-thread-1] INFO  server.RaftServer$Division (RaftServerImpl.java:<init>(190)) - 8aaa41ef-7b9f-4bd2-982e-3f8e5f477184: new RaftServerImpl for group-C340AA17E94F:[8aaa41ef-7b9f-4bd2-982e-3f8e5f477184|rpc:10.1.0.147:33597|dataStream:|priority:0, 967ae9f2-b522-4f2f-8a43-5ad718c2969e|rpc:10.1.0.147:40807|dataStream:|priority:0, cb992ddc-d8fb-48b8-a749-54f43281b597|rpc:10.1.0.147:33249|dataStream:|priority:1] with ContainerStateMachine:uninitialized
2022-10-03 12:56:06,938 [pool-556-thread-1] INFO  server.RaftServerConfigKeys (ConfUtils.java:logGet(46)) - raft.server.rpc.timeout.min = 5s (custom)
2022-10-03 12:56:06,938 [pool-556-thread-1] INFO  server.RaftServerConfigKeys (ConfUtils.java:logGet(46)) - raft.server.rpc.timeout.max = 5200ms (custom)
2022-10-03 12:56:06,938 [pool-556-thread-1] INFO  server.RaftServerConfigKeys (ConfUtils.java:logGet(46)) - raft.server.rpc.sleep.time = 25ms (default)
2022-10-03 12:56:06,938 [pool-556-thread-1] INFO  server.RaftServerConfigKeys (ConfUtils.java:logGet(46)) - raft.server.rpc.slowness.timeout = 300s (custom)
2022-10-03 12:56:06,938 [pool-556-thread-1] INFO  server.RaftServerConfigKeys (ConfUtils.java:logGet(46)) - raft.server.leaderelection.leader.step-down.wait-time = 10s (default)
2022-10-03 12:56:06,938 [pool-556-thread-1] INFO  server.RaftServerConfigKeys (ConfUtils.java:logGet(46)) - raft.server.sleep.deviation.threshold = 300ms (default)
2022-10-03 12:56:06,938 [pool-556-thread-1] INFO  server.RaftServer$Division (ServerState.java:<init>(107)) - 8aaa41ef-7b9f-4bd2-982e-3f8e5f477184@group-C340AA17E94F: ConfigurationManager, init=-1: [8aaa41ef-7b9f-4bd2-982e-3f8e5f477184|rpc:10.1.0.147:33597|dataStream:|priority:0, 967ae9f2-b522-4f2f-8a43-5ad718c2969e|rpc:10.1.0.147:40807|dataStream:|priority:0, cb992ddc-d8fb-48b8-a749-54f43281b597|rpc:10.1.0.147:33249|dataStream:|priority:1], old=null, confs=<EMPTY_MAP>
2022-10-03 12:56:06,938 [pool-556-thread-1] INFO  server.RaftServerConfigKeys (ConfUtils.java:logGet(46)) - raft.server.storage.dir = [/home/runner/work/ozone/ozone/hadoop-ozone/integration-test/target/test-dir/MiniOzoneClusterImpl-6443e5c3-9dee-4d73-83b7-63138ecdba9d/datanode-2/data/ratis] (custom)
2022-10-03 12:56:06,938 [pool-556-thread-1] INFO  server.RaftServerConfigKeys (ConfUtils.java:logGet(46)) - raft.server.log.corruption.policy = EXCEPTION (default)
2022-10-03 12:56:06,938 [pool-556-thread-1] INFO  server.RaftServerConfigKeys (ConfUtils.java:logGet(46)) - raft.server.storage.free-space.min = 0MB (=0) (default)
2022-10-03 12:56:06,939 [pool-556-thread-1] INFO  storage.RaftStorageDirectory (RaftStorageDirectoryImpl.java:analyzeStorage(135)) - The storage directory /home/runner/work/ozone/ozone/hadoop-ozone/integration-test/target/test-dir/MiniOzoneClusterImpl-6443e5c3-9dee-4d73-83b7-63138ecdba9d/datanode-2/data/ratis/b5468242-77ef-41c2-b60c-c340aa17e94f does not exist. Creating ...
2022-10-03 12:56:06,941 [Command processor thread] INFO  ratis.XceiverServerRatis (XceiverServerRatis.java:addGroup(765)) - Created group PipelineID=ad2df0e5-11e7-49a5-b1f6-b21771689d7a
2022-10-03 12:56:06,941 [Command processor thread] INFO  commandhandler.CreatePipelineCommandHandler (CreatePipelineCommandHandler.java:handle(113)) - Created Pipeline RATIS ONE PipelineID=ad2df0e5-11e7-49a5-b1f6-b21771689d7a.
2022-10-03 12:56:06,942 [pool-556-thread-1] INFO  storage.RaftStorageDirectory (RaftStorageDirectoryImpl.java:tryLock(230)) - Lock on /home/runner/work/ozone/ozone/hadoop-ozone/integration-test/target/test-dir/MiniOzoneClusterImpl-6443e5c3-9dee-4d73-83b7-63138ecdba9d/datanode-2/data/ratis/b5468242-77ef-41c2-b60c-c340aa17e94f/in_use.lock acquired by nodename 2263@fv-az443-503
2022-10-03 12:56:06,949 [pool-556-thread-1] INFO  storage.RaftStorage (RaftStorageImpl.java:format(89)) - Storage directory /home/runner/work/ozone/ozone/hadoop-ozone/integration-test/target/test-dir/MiniOzoneClusterImpl-6443e5c3-9dee-4d73-83b7-63138ecdba9d/datanode-2/data/ratis/b5468242-77ef-41c2-b60c-c340aa17e94f has been successfully formatted.
2022-10-03 12:56:06,950 [pool-556-thread-1] INFO  ratis.ContainerStateMachine (ContainerStateMachine.java:loadSnapshot(236)) - group-C340AA17E94F: The snapshot info is null. Setting the last applied indexto:(t:0, i:~)
2022-10-03 12:56:06,950 [pool-556-thread-1] INFO  server.RaftServerConfigKeys (ConfUtils.java:logGet(46)) - raft.server.notification.no-leader.timeout = 300s (custom)
2022-10-03 12:56:06,952 [EventQueue-OpenPipelineForHealthyPipelineSafeModeRule] INFO  safemode.SCMSafeModeManager (HealthyPipelineSafeModeRule.java:process(137)) - SCM in safe mode. Healthy pipelines reported count is 0, required healthy pipeline reported count is 1
2022-10-03 12:56:06,952 [pool-556-thread-1] INFO  server.RaftServerConfigKeys (ConfUtils.java:logGet(46)) - raft.server.log.use.memory = false (default)
2022-10-03 12:56:06,952 [pool-556-thread-1] INFO  server.RaftServerConfigKeys (ConfUtils.java:logGet(46)) - raft.server.log.purge.gap = 1000000 (custom)
2022-10-03 12:56:06,952 [pool-556-thread-1] INFO  server.RaftServerConfigKeys (ConfUtils.java:logGet(46)) - raft.server.log.appender.buffer.byte-limit = 33554432 (custom)
2022-10-03 12:56:06,952 [pool-556-thread-1] INFO  server.RaftServerConfigKeys (ConfUtils.java:logGet(46)) - raft.server.log.statemachine.data.read.timeout = 1000ms (default)
2022-10-03 12:56:06,952 [pool-556-thread-1] INFO  server.RaftServerConfigKeys (ConfUtils.java:logGet(46)) - raft.server.log.segment.size.max = 1048576 (custom)
2022-10-03 12:56:06,953 [pool-556-thread-1] INFO  server.RaftServerConfigKeys (ConfUtils.java:logGet(46)) - raft.server.log.segment.cache.num.max = 2 (custom)
2022-10-03 12:56:06,953 [pool-556-thread-1] INFO  server.RaftServerConfigKeys (ConfUtils.java:logGet(46)) - raft.server.log.segment.cache.size.max = 200MB (=209715200) (default)
2022-10-03 12:56:06,953 [pool-556-thread-1] INFO  segmented.SegmentedRaftLogWorker (SegmentedRaftLogWorker.java:<init>(187)) - new 8aaa41ef-7b9f-4bd2-982e-3f8e5f477184@group-C340AA17E94F-SegmentedRaftLogWorker for RaftStorageImpl:Storage Directory /home/runner/work/ozone/ozone/hadoop-ozone/integration-test/target/test-dir/MiniOzoneClusterImpl-6443e5c3-9dee-4d73-83b7-63138ecdba9d/datanode-2/data/ratis/b5468242-77ef-41c2-b60c-c340aa17e94f
2022-10-03 12:56:06,953 [pool-556-thread-1] INFO  server.RaftServerConfigKeys (ConfUtils.java:logGet(46)) - raft.server.log.queue.byte-limit = 4294967296 (custom)
2022-10-03 12:56:06,953 [pool-556-thread-1] INFO  server.RaftServerConfigKeys (ConfUtils.java:logGet(46)) - raft.server.log.queue.element-limit = 1024 (custom)
2022-10-03 12:56:06,953 [pool-556-thread-1] INFO  server.RaftServerConfigKeys (ConfUtils.java:logGet(46)) - raft.server.log.segment.size.max = 1048576 (custom)
2022-10-03 12:56:06,953 [pool-556-thread-1] INFO  server.RaftServerConfigKeys (ConfUtils.java:logGet(46)) - raft.server.log.preallocated.size = 16384 (custom)
2022-10-03 12:56:06,953 [pool-556-thread-1] INFO  server.RaftServerConfigKeys (ConfUtils.java:logGet(46)) - raft.server.log.force.sync.num = 128 (default)
2022-10-03 12:56:06,953 [pool-556-thread-1] INFO  server.RaftServerConfigKeys (ConfUtils.java:logGet(46)) - raft.server.log.statemachine.data.sync = true (default)
2022-10-03 12:56:06,953 [pool-556-thread-1] INFO  server.RaftServerConfigKeys (ConfUtils.java:logGet(46)) - raft.server.log.statemachine.data.sync.timeout = 10s (default)
2022-10-03 12:56:06,953 [pool-556-thread-1] INFO  server.RaftServerConfigKeys (ConfUtils.java:logGet(46)) - raft.server.log.statemachine.data.sync.timeout.retry = -1 (default)
2022-10-03 12:56:06,954 [pool-556-thread-1] INFO  server.RaftServerConfigKeys (ConfUtils.java:logGet(46)) - raft.server.log.write.buffer.size = 1048576 (custom)
2022-10-03 12:56:06,955 [pool-556-thread-1] INFO  server.RaftServerConfigKeys (ConfUtils.java:logGet(46)) - raft.server.log.unsafe-flush.enabled = false (default)
2022-10-03 12:56:06,955 [pool-556-thread-1] INFO  server.RaftServerConfigKeys (ConfUtils.java:logGet(46)) - raft.server.log.statemachine.data.caching.enabled = true (custom)
2022-10-03 12:56:06,955 [pool-556-thread-1] INFO  segmented.SegmentedRaftLogWorker (SegmentedRaftLogWorker.java:lambda$new$0(135)) - 8aaa41ef-7b9f-4bd2-982e-3f8e5f477184@group-C340AA17E94F-SegmentedRaftLogWorker: flushIndex: setUnconditionally 0 -> -1
2022-10-03 12:56:06,955 [pool-556-thread-1] INFO  segmented.SegmentedRaftLogWorker (SegmentedRaftLogWorker.java:lambda$new$0(135)) - 8aaa41ef-7b9f-4bd2-982e-3f8e5f477184@group-C340AA17E94F-SegmentedRaftLogWorker: safeCacheEvictIndex: setUnconditionally 0 -> -1
2022-10-03 12:56:06,964 [pool-556-thread-1] INFO  server.RaftServerConfigKeys (ConfUtils.java:logGet(46)) - raft.server.snapshot.auto.trigger.enabled = true (custom)
2022-10-03 12:56:06,964 [pool-556-thread-1] INFO  server.RaftServerConfigKeys (ConfUtils.java:logGet(46)) - raft.server.snapshot.auto.trigger.threshold = 10000 (custom)
2022-10-03 12:56:06,964 [pool-556-thread-1] INFO  server.RaftServerConfigKeys (ConfUtils.java:logGet(46)) - raft.server.snapshot.retention.file.num = 5 (custom)
2022-10-03 12:56:06,964 [pool-556-thread-1] INFO  server.RaftServerConfigKeys (ConfUtils.java:logGet(46)) - raft.server.log.purge.upto.snapshot.index = false (default)
2022-10-03 12:56:06,964 [pool-556-thread-1] INFO  server.RaftServerConfigKeys (ConfUtils.java:logGet(46)) - raft.server.retrycache.expirytime = 600000ms (custom)
2022-10-03 12:56:06,964 [pool-556-thread-1] INFO  server.RaftServerConfigKeys (ConfUtils.java:logGet(46)) - raft.server.retrycache.statistics.expirytime = 100μs (default)
2022-10-03 12:56:06,965 [pool-556-thread-1] INFO  server.RaftServerConfigKeys (ConfUtils.java:logGet(46)) - raft.server.log.appender.install.snapshot.enabled = false (custom)
2022-10-03 12:56:06,966 [pool-556-thread-1] INFO  server.RaftServerConfigKeys (ConfUtils.java:logGet(46)) - raft.server.threadpool.server.cached = true (default)
2022-10-03 12:56:06,966 [pool-556-thread-1] INFO  server.RaftServerConfigKeys (ConfUtils.java:logGet(46)) - raft.server.threadpool.server.size = 0 (default)
2022-10-03 12:56:06,966 [pool-556-thread-1] INFO  server.RaftServerConfigKeys (ConfUtils.java:logGet(46)) - raft.server.threadpool.client.cached = true (default)
2022-10-03 12:56:06,966 [pool-556-thread-1] INFO  server.RaftServerConfigKeys (ConfUtils.java:logGet(46)) - raft.server.threadpool.client.size = 0 (default)
2022-10-03 12:56:06,966 [pool-556-thread-1] INFO  server.RaftServer$Division (RaftServerImpl.java:start(310)) - 8aaa41ef-7b9f-4bd2-982e-3f8e5f477184@group-C340AA17E94F: start as a follower, conf=-1: [8aaa41ef-7b9f-4bd2-982e-3f8e5f477184|rpc:10.1.0.147:33597|dataStream:|priority:0, 967ae9f2-b522-4f2f-8a43-5ad718c2969e|rpc:10.1.0.147:40807|dataStream:|priority:0, cb992ddc-d8fb-48b8-a749-54f43281b597|rpc:10.1.0.147:33249|dataStream:|priority:1], old=null
2022-10-03 12:56:06,966 [pool-556-thread-1] INFO  server.RaftServer$Division (RaftServerImpl.java:setRole(299)) - 8aaa41ef-7b9f-4bd2-982e-3f8e5f477184@group-C340AA17E94F: changes role from      null to FOLLOWER at term 0 for startAsFollower
2022-10-03 12:56:06,966 [pool-556-thread-1] INFO  impl.RoleInfo (RoleInfo.java:updateAndGet(139)) - 8aaa41ef-7b9f-4bd2-982e-3f8e5f477184: start 8aaa41ef-7b9f-4bd2-982e-3f8e5f477184@group-C340AA17E94F-FollowerState
2022-10-03 12:56:06,987 [pool-556-thread-1] INFO  util.JmxRegister (JmxRegister.java:tryRegister(44)) - Successfully registered JMX Bean with object name Ratis:service=RaftServer,group=group-C340AA17E94F,id=8aaa41ef-7b9f-4bd2-982e-3f8e5f477184
2022-10-03 12:56:07,112 [grpc-default-executor-0] INFO  server.RaftServer (RaftServerProxy.java:addNew(96)) - 967ae9f2-b522-4f2f-8a43-5ad718c2969e: addNew group-C340AA17E94F:[8aaa41ef-7b9f-4bd2-982e-3f8e5f477184|rpc:10.1.0.147:33597|dataStream:|priority:0, 967ae9f2-b522-4f2f-8a43-5ad718c2969e|rpc:10.1.0.147:40807|dataStream:|priority:0, cb992ddc-d8fb-48b8-a749-54f43281b597|rpc:10.1.0.147:33249|dataStream:|priority:1] returns group-C340AA17E94F:java.util.concurrent.CompletableFuture@720c4ca8[Not completed]
2022-10-03 12:56:07,112 [pool-533-thread-1] INFO  server.RaftServer$Division (RaftServerImpl.java:<init>(190)) - 967ae9f2-b522-4f2f-8a43-5ad718c2969e: new RaftServerImpl for group-C340AA17E94F:[8aaa41ef-7b9f-4bd2-982e-3f8e5f477184|rpc:10.1.0.147:33597|dataStream:|priority:0, 967ae9f2-b522-4f2f-8a43-5ad718c2969e|rpc:10.1.0.147:40807|dataStream:|priority:0, cb992ddc-d8fb-48b8-a749-54f43281b597|rpc:10.1.0.147:33249|dataStream:|priority:1] with ContainerStateMachine:uninitialized
2022-10-03 12:56:07,113 [pool-533-thread-1] INFO  server.RaftServerConfigKeys (ConfUtils.java:logGet(46)) - raft.server.rpc.timeout.min = 5s (custom)
2022-10-03 12:56:07,113 [pool-533-thread-1] INFO  server.RaftServerConfigKeys (ConfUtils.java:logGet(46)) - raft.server.rpc.timeout.max = 5200ms (custom)
2022-10-03 12:56:07,113 [pool-533-thread-1] INFO  server.RaftServerConfigKeys (ConfUtils.java:logGet(46)) - raft.server.rpc.sleep.time = 25ms (default)
2022-10-03 12:56:07,113 [pool-533-thread-1] INFO  server.RaftServerConfigKeys (ConfUtils.java:logGet(46)) - raft.server.rpc.slowness.timeout = 300s (custom)
2022-10-03 12:56:07,113 [pool-533-thread-1] INFO  server.RaftServerConfigKeys (ConfUtils.java:logGet(46)) - raft.server.leaderelection.leader.step-down.wait-time = 10s (default)
2022-10-03 12:56:07,113 [pool-533-thread-1] INFO  server.RaftServerConfigKeys (ConfUtils.java:logGet(46)) - raft.server.sleep.deviation.threshold = 300ms (default)
2022-10-03 12:56:07,113 [pool-533-thread-1] INFO  server.RaftServer$Division (ServerState.java:<init>(107)) - 967ae9f2-b522-4f2f-8a43-5ad718c2969e@group-C340AA17E94F: ConfigurationManager, init=-1: [8aaa41ef-7b9f-4bd2-982e-3f8e5f477184|rpc:10.1.0.147:33597|dataStream:|priority:0, 967ae9f2-b522-4f2f-8a43-5ad718c2969e|rpc:10.1.0.147:40807|dataStream:|priority:0, cb992ddc-d8fb-48b8-a749-54f43281b597|rpc:10.1.0.147:33249|dataStream:|priority:1], old=null, confs=<EMPTY_MAP>
2022-10-03 12:56:07,113 [pool-533-thread-1] INFO  server.RaftServerConfigKeys (ConfUtils.java:logGet(46)) - raft.server.storage.dir = [/home/runner/work/ozone/ozone/hadoop-ozone/integration-test/target/test-dir/MiniOzoneClusterImpl-6443e5c3-9dee-4d73-83b7-63138ecdba9d/datanode-1/data/ratis] (custom)
2022-10-03 12:56:07,113 [pool-533-thread-1] INFO  server.RaftServerConfigKeys (ConfUtils.java:logGet(46)) - raft.server.log.corruption.policy = EXCEPTION (default)
2022-10-03 12:56:07,113 [pool-533-thread-1] INFO  server.RaftServerConfigKeys (ConfUtils.java:logGet(46)) - raft.server.storage.free-space.min = 0MB (=0) (default)
2022-10-03 12:56:07,113 [pool-533-thread-1] INFO  storage.RaftStorageDirectory (RaftStorageDirectoryImpl.java:analyzeStorage(135)) - The storage directory /home/runner/work/ozone/ozone/hadoop-ozone/integration-test/target/test-dir/MiniOzoneClusterImpl-6443e5c3-9dee-4d73-83b7-63138ecdba9d/datanode-1/data/ratis/b5468242-77ef-41c2-b60c-c340aa17e94f does not exist. Creating ...
2022-10-03 12:56:07,114 [pool-533-thread-1] INFO  storage.RaftStorageDirectory (RaftStorageDirectoryImpl.java:tryLock(230)) - Lock on /home/runner/work/ozone/ozone/hadoop-ozone/integration-test/target/test-dir/MiniOzoneClusterImpl-6443e5c3-9dee-4d73-83b7-63138ecdba9d/datanode-1/data/ratis/b5468242-77ef-41c2-b60c-c340aa17e94f/in_use.lock acquired by nodename 2263@fv-az443-503
2022-10-03 12:56:07,115 [pool-533-thread-1] INFO  storage.RaftStorage (RaftStorageImpl.java:format(89)) - Storage directory /home/runner/work/ozone/ozone/hadoop-ozone/integration-test/target/test-dir/MiniOzoneClusterImpl-6443e5c3-9dee-4d73-83b7-63138ecdba9d/datanode-1/data/ratis/b5468242-77ef-41c2-b60c-c340aa17e94f has been successfully formatted.
2022-10-03 12:56:07,115 [pool-533-thread-1] INFO  ratis.ContainerStateMachine (ContainerStateMachine.java:loadSnapshot(236)) - group-C340AA17E94F: The snapshot info is null. Setting the last applied indexto:(t:0, i:~)
2022-10-03 12:56:07,115 [pool-533-thread-1] INFO  server.RaftServerConfigKeys (ConfUtils.java:logGet(46)) - raft.server.notification.no-leader.timeout = 300s (custom)
2022-10-03 12:56:07,115 [pool-533-thread-1] INFO  server.RaftServerConfigKeys (ConfUtils.java:logGet(46)) - raft.server.log.use.memory = false (default)
2022-10-03 12:56:07,115 [pool-533-thread-1] INFO  server.RaftServerConfigKeys (ConfUtils.java:logGet(46)) - raft.server.log.purge.gap = 1000000 (custom)
2022-10-03 12:56:07,115 [pool-533-thread-1] INFO  server.RaftServerConfigKeys (ConfUtils.java:logGet(46)) - raft.server.log.appender.buffer.byte-limit = 33554432 (custom)
2022-10-03 12:56:07,115 [pool-533-thread-1] INFO  server.RaftServerConfigKeys (ConfUtils.java:logGet(46)) - raft.server.log.statemachine.data.read.timeout = 1000ms (default)
2022-10-03 12:56:07,116 [pool-533-thread-1] INFO  server.RaftServerConfigKeys (ConfUtils.java:logGet(46)) - raft.server.log.segment.size.max = 1048576 (custom)
2022-10-03 12:56:07,116 [pool-533-thread-1] INFO  server.RaftServerConfigKeys (ConfUtils.java:logGet(46)) - raft.server.log.segment.cache.num.max = 2 (custom)
2022-10-03 12:56:07,116 [pool-533-thread-1] INFO  server.RaftServerConfigKeys (ConfUtils.java:logGet(46)) - raft.server.log.segment.cache.size.max = 200MB (=209715200) (default)
2022-10-03 12:56:07,116 [pool-533-thread-1] INFO  segmented.SegmentedRaftLogWorker (SegmentedRaftLogWorker.java:<init>(187)) - new 967ae9f2-b522-4f2f-8a43-5ad718c2969e@group-C340AA17E94F-SegmentedRaftLogWorker for RaftStorageImpl:Storage Directory /home/runner/work/ozone/ozone/hadoop-ozone/integration-test/target/test-dir/MiniOzoneClusterImpl-6443e5c3-9dee-4d73-83b7-63138ecdba9d/datanode-1/data/ratis/b5468242-77ef-41c2-b60c-c340aa17e94f
2022-10-03 12:56:07,116 [pool-533-thread-1] INFO  server.RaftServerConfigKeys (ConfUtils.java:logGet(46)) - raft.server.log.queue.byte-limit = 4294967296 (custom)
2022-10-03 12:56:07,116 [pool-533-thread-1] INFO  server.RaftServerConfigKeys (ConfUtils.java:logGet(46)) - raft.server.log.queue.element-limit = 1024 (custom)
2022-10-03 12:56:07,116 [pool-533-thread-1] INFO  server.RaftServerConfigKeys (ConfUtils.java:logGet(46)) - raft.server.log.segment.size.max = 1048576 (custom)
2022-10-03 12:56:07,116 [pool-533-thread-1] INFO  server.RaftServerConfigKeys (ConfUtils.java:logGet(46)) - raft.server.log.preallocated.size = 16384 (custom)
2022-10-03 12:56:07,116 [pool-533-thread-1] INFO  server.RaftServerConfigKeys (ConfUtils.java:logGet(46)) - raft.server.log.force.sync.num = 128 (default)
2022-10-03 12:56:07,116 [pool-533-thread-1] INFO  server.RaftServerConfigKeys (ConfUtils.java:logGet(46)) - raft.server.log.statemachine.data.sync = true (default)
2022-10-03 12:56:07,116 [pool-533-thread-1] INFO  server.RaftServerConfigKeys (ConfUtils.java:logGet(46)) - raft.server.log.statemachine.data.sync.timeout = 10s (default)
2022-10-03 12:56:07,116 [pool-533-thread-1] INFO  server.RaftServerConfigKeys (ConfUtils.java:logGet(46)) - raft.server.log.statemachine.data.sync.timeout.retry = -1 (default)
2022-10-03 12:56:07,117 [pool-533-thread-1] INFO  server.RaftServerConfigKeys (ConfUtils.java:logGet(46)) - raft.server.log.write.buffer.size = 1048576 (custom)
2022-10-03 12:56:07,118 [pool-533-thread-1] INFO  server.RaftServerConfigKeys (ConfUtils.java:logGet(46)) - raft.server.log.unsafe-flush.enabled = false (default)
2022-10-03 12:56:07,118 [pool-533-thread-1] INFO  server.RaftServerConfigKeys (ConfUtils.java:logGet(46)) - raft.server.log.statemachine.data.caching.enabled = true (custom)
2022-10-03 12:56:07,118 [pool-533-thread-1] INFO  segmented.SegmentedRaftLogWorker (SegmentedRaftLogWorker.java:lambda$new$0(135)) - 967ae9f2-b522-4f2f-8a43-5ad718c2969e@group-C340AA17E94F-SegmentedRaftLogWorker: flushIndex: setUnconditionally 0 -> -1
2022-10-03 12:56:07,118 [pool-533-thread-1] INFO  segmented.SegmentedRaftLogWorker (SegmentedRaftLogWorker.java:lambda$new$0(135)) - 967ae9f2-b522-4f2f-8a43-5ad718c2969e@group-C340AA17E94F-SegmentedRaftLogWorker: safeCacheEvictIndex: setUnconditionally 0 -> -1
2022-10-03 12:56:07,121 [pool-533-thread-1] INFO  server.RaftServerConfigKeys (ConfUtils.java:logGet(46)) - raft.server.snapshot.auto.trigger.enabled = true (custom)
2022-10-03 12:56:07,121 [pool-533-thread-1] INFO  server.RaftServerConfigKeys (ConfUtils.java:logGet(46)) - raft.server.snapshot.auto.trigger.threshold = 10000 (custom)
2022-10-03 12:56:07,121 [pool-533-thread-1] INFO  server.RaftServerConfigKeys (ConfUtils.java:logGet(46)) - raft.server.snapshot.retention.file.num = 5 (custom)
2022-10-03 12:56:07,121 [pool-533-thread-1] INFO  server.RaftServerConfigKeys (ConfUtils.java:logGet(46)) - raft.server.log.purge.upto.snapshot.index = false (default)
2022-10-03 12:56:07,121 [pool-533-thread-1] INFO  server.RaftServerConfigKeys (ConfUtils.java:logGet(46)) - raft.server.retrycache.expirytime = 600000ms (custom)
2022-10-03 12:56:07,121 [pool-533-thread-1] INFO  server.RaftServerConfigKeys (ConfUtils.java:logGet(46)) - raft.server.retrycache.statistics.expirytime = 100μs (default)
2022-10-03 12:56:07,122 [pool-533-thread-1] INFO  server.RaftServerConfigKeys (ConfUtils.java:logGet(46)) - raft.server.log.appender.install.snapshot.enabled = false (custom)
2022-10-03 12:56:07,122 [pool-533-thread-1] INFO  server.RaftServerConfigKeys (ConfUtils.java:logGet(46)) - raft.server.threadpool.server.cached = true (default)
2022-10-03 12:56:07,122 [pool-533-thread-1] INFO  server.RaftServerConfigKeys (ConfUtils.java:logGet(46)) - raft.server.threadpool.server.size = 0 (default)
2022-10-03 12:56:07,122 [pool-533-thread-1] INFO  server.RaftServerConfigKeys (ConfUtils.java:logGet(46)) - raft.server.threadpool.client.cached = true (default)
2022-10-03 12:56:07,122 [pool-533-thread-1] INFO  server.RaftServerConfigKeys (ConfUtils.java:logGet(46)) - raft.server.threadpool.client.size = 0 (default)
2022-10-03 12:56:07,122 [pool-533-thread-1] INFO  server.RaftServer$Division (RaftServerImpl.java:start(310)) - 967ae9f2-b522-4f2f-8a43-5ad718c2969e@group-C340AA17E94F: start as a follower, conf=-1: [8aaa41ef-7b9f-4bd2-982e-3f8e5f477184|rpc:10.1.0.147:33597|dataStream:|priority:0, 967ae9f2-b522-4f2f-8a43-5ad718c2969e|rpc:10.1.0.147:40807|dataStream:|priority:0, cb992ddc-d8fb-48b8-a749-54f43281b597|rpc:10.1.0.147:33249|dataStream:|priority:1], old=null
2022-10-03 12:56:07,123 [pool-533-thread-1] INFO  server.RaftServer$Division (RaftServerImpl.java:setRole(299)) - 967ae9f2-b522-4f2f-8a43-5ad718c2969e@group-C340AA17E94F: changes role from      null to FOLLOWER at term 0 for startAsFollower
2022-10-03 12:56:07,123 [pool-533-thread-1] INFO  impl.RoleInfo (RoleInfo.java:updateAndGet(139)) - 967ae9f2-b522-4f2f-8a43-5ad718c2969e: start 967ae9f2-b522-4f2f-8a43-5ad718c2969e@group-C340AA17E94F-FollowerState
2022-10-03 12:56:07,134 [pool-533-thread-1] INFO  util.JmxRegister (JmxRegister.java:tryRegister(44)) - Successfully registered JMX Bean with object name Ratis:service=RaftServer,group=group-C340AA17E94F,id=967ae9f2-b522-4f2f-8a43-5ad718c2969e
2022-10-03 12:56:07,176 [Command processor thread] INFO  commandhandler.CreatePipelineCommandHandler (CreatePipelineCommandHandler.java:handle(113)) - Created Pipeline RATIS THREE PipelineID=b5468242-77ef-41c2-b60c-c340aa17e94f.
2022-10-03 12:56:07,482 [Command processor thread] INFO  server.RaftServer (RaftServerProxy.java:addNew(96)) - 967ae9f2-b522-4f2f-8a43-5ad718c2969e: addNew group-59E2BD6473D6:[967ae9f2-b522-4f2f-8a43-5ad718c2969e|rpc:10.1.0.147:40807|priority:1] returns group-59E2BD6473D6:java.util.concurrent.CompletableFuture@6bff56d8[Not completed]
2022-10-03 12:56:07,483 [pool-533-thread-1] INFO  server.RaftServer$Division (RaftServerImpl.java:<init>(190)) - 967ae9f2-b522-4f2f-8a43-5ad718c2969e: new RaftServerImpl for group-59E2BD6473D6:[967ae9f2-b522-4f2f-8a43-5ad718c2969e|rpc:10.1.0.147:40807|priority:1] with ContainerStateMachine:uninitialized
2022-10-03 12:56:07,483 [pool-533-thread-1] INFO  server.RaftServerConfigKeys (ConfUtils.java:logGet(46)) - raft.server.rpc.timeout.min = 5s (custom)
2022-10-03 12:56:07,483 [pool-533-thread-1] INFO  server.RaftServerConfigKeys (ConfUtils.java:logGet(46)) - raft.server.rpc.timeout.max = 5200ms (custom)
2022-10-03 12:56:07,483 [pool-533-thread-1] INFO  server.RaftServerConfigKeys (ConfUtils.java:logGet(46)) - raft.server.rpc.sleep.time = 25ms (default)
2022-10-03 12:56:07,483 [pool-533-thread-1] INFO  server.RaftServerConfigKeys (ConfUtils.java:logGet(46)) - raft.server.rpc.slowness.timeout = 300s (custom)
2022-10-03 12:56:07,483 [pool-533-thread-1] INFO  server.RaftServerConfigKeys (ConfUtils.java:logGet(46)) - raft.server.leaderelection.leader.step-down.wait-time = 10s (default)
2022-10-03 12:56:07,483 [pool-533-thread-1] INFO  server.RaftServerConfigKeys (ConfUtils.java:logGet(46)) - raft.server.sleep.deviation.threshold = 300ms (default)
2022-10-03 12:56:07,483 [pool-533-thread-1] INFO  server.RaftServer$Division (ServerState.java:<init>(107)) - 967ae9f2-b522-4f2f-8a43-5ad718c2969e@group-59E2BD6473D6: ConfigurationManager, init=-1: [967ae9f2-b522-4f2f-8a43-5ad718c2969e|rpc:10.1.0.147:40807|priority:1], old=null, confs=<EMPTY_MAP>
2022-10-03 12:56:07,483 [pool-533-thread-1] INFO  server.RaftServerConfigKeys (ConfUtils.java:logGet(46)) - raft.server.storage.dir = [/home/runner/work/ozone/ozone/hadoop-ozone/integration-test/target/test-dir/MiniOzoneClusterImpl-6443e5c3-9dee-4d73-83b7-63138ecdba9d/datanode-1/data/ratis] (custom)
2022-10-03 12:56:07,484 [pool-533-thread-1] INFO  server.RaftServerConfigKeys (ConfUtils.java:logGet(46)) - raft.server.log.corruption.policy = EXCEPTION (default)
2022-10-03 12:56:07,484 [pool-533-thread-1] INFO  server.RaftServerConfigKeys (ConfUtils.java:logGet(46)) - raft.server.storage.free-space.min = 0MB (=0) (default)
2022-10-03 12:56:07,484 [pool-533-thread-1] INFO  storage.RaftStorageDirectory (RaftStorageDirectoryImpl.java:analyzeStorage(135)) - The storage directory /home/runner/work/ozone/ozone/hadoop-ozone/integration-test/target/test-dir/MiniOzoneClusterImpl-6443e5c3-9dee-4d73-83b7-63138ecdba9d/datanode-1/data/ratis/711fbfe2-d1df-450a-9455-59e2bd6473d6 does not exist. Creating ...
2022-10-03 12:56:07,485 [pool-533-thread-1] INFO  storage.RaftStorageDirectory (RaftStorageDirectoryImpl.java:tryLock(230)) - Lock on /home/runner/work/ozone/ozone/hadoop-ozone/integration-test/target/test-dir/MiniOzoneClusterImpl-6443e5c3-9dee-4d73-83b7-63138ecdba9d/datanode-1/data/ratis/711fbfe2-d1df-450a-9455-59e2bd6473d6/in_use.lock acquired by nodename 2263@fv-az443-503
2022-10-03 12:56:07,486 [pool-533-thread-1] INFO  storage.RaftStorage (RaftStorageImpl.java:format(89)) - Storage directory /home/runner/work/ozone/ozone/hadoop-ozone/integration-test/target/test-dir/MiniOzoneClusterImpl-6443e5c3-9dee-4d73-83b7-63138ecdba9d/datanode-1/data/ratis/711fbfe2-d1df-450a-9455-59e2bd6473d6 has been successfully formatted.
2022-10-03 12:56:07,486 [pool-533-thread-1] INFO  ratis.ContainerStateMachine (ContainerStateMachine.java:loadSnapshot(236)) - group-59E2BD6473D6: The snapshot info is null. Setting the last applied indexto:(t:0, i:~)
2022-10-03 12:56:07,487 [pool-533-thread-1] INFO  server.RaftServerConfigKeys (ConfUtils.java:logGet(46)) - raft.server.notification.no-leader.timeout = 300s (custom)
2022-10-03 12:56:07,487 [pool-533-thread-1] INFO  server.RaftServerConfigKeys (ConfUtils.java:logGet(46)) - raft.server.log.use.memory = false (default)
2022-10-03 12:56:07,487 [pool-533-thread-1] INFO  server.RaftServerConfigKeys (ConfUtils.java:logGet(46)) - raft.server.log.purge.gap = 1000000 (custom)
2022-10-03 12:56:07,487 [pool-533-thread-1] INFO  server.RaftServerConfigKeys (ConfUtils.java:logGet(46)) - raft.server.log.appender.buffer.byte-limit = 33554432 (custom)
2022-10-03 12:56:07,487 [pool-533-thread-1] INFO  server.RaftServerConfigKeys (ConfUtils.java:logGet(46)) - raft.server.log.statemachine.data.read.timeout = 1000ms (default)
2022-10-03 12:56:07,487 [pool-533-thread-1] INFO  server.RaftServerConfigKeys (ConfUtils.java:logGet(46)) - raft.server.log.segment.size.max = 1048576 (custom)
2022-10-03 12:56:07,488 [EventQueue-PipelineReportForPipelineReportHandler] INFO  pipeline.PipelineManagerImpl (PipelineManagerImpl.java:openPipeline(367)) - Pipeline Pipeline[ Id: 711fbfe2-d1df-450a-9455-59e2bd6473d6, Nodes: 967ae9f2-b522-4f2f-8a43-5ad718c2969e{ip: 10.1.0.147, host: fv-az443-503.ap2fcshprsnunfx25e1aelzb4b.cx.internal.cloudapp.net, ports: [REPLICATION=43751, RATIS=40807, RATIS_ADMIN=40807, RATIS_SERVER=40807, STANDALONE=39099], networkLocation: /default-rack, certSerialId: null, persistedOpState: IN_SERVICE, persistedOpStateExpiryEpochSec: 0}, ReplicationConfig: RATIS/ONE, State:ALLOCATED, leaderId:967ae9f2-b522-4f2f-8a43-5ad718c2969e, CreationTimestamp2022-10-03T12:56:04.521Z[Etc/UTC]] moved to OPEN state
2022-10-03 12:56:07,488 [EventQueue-OpenPipelineForHealthyPipelineSafeModeRule] INFO  safemode.SCMSafeModeManager (HealthyPipelineSafeModeRule.java:process(137)) - SCM in safe mode. Healthy pipelines reported count is 0, required healthy pipeline reported count is 1
2022-10-03 12:56:07,493 [pool-533-thread-1] INFO  server.RaftServerConfigKeys (ConfUtils.java:logGet(46)) - raft.server.log.segment.cache.num.max = 2 (custom)
2022-10-03 12:56:07,493 [pool-533-thread-1] INFO  server.RaftServerConfigKeys (ConfUtils.java:logGet(46)) - raft.server.log.segment.cache.size.max = 200MB (=209715200) (default)
2022-10-03 12:56:07,493 [pool-533-thread-1] INFO  segmented.SegmentedRaftLogWorker (SegmentedRaftLogWorker.java:<init>(187)) - new 967ae9f2-b522-4f2f-8a43-5ad718c2969e@group-59E2BD6473D6-SegmentedRaftLogWorker for RaftStorageImpl:Storage Directory /home/runner/work/ozone/ozone/hadoop-ozone/integration-test/target/test-dir/MiniOzoneClusterImpl-6443e5c3-9dee-4d73-83b7-63138ecdba9d/datanode-1/data/ratis/711fbfe2-d1df-450a-9455-59e2bd6473d6
2022-10-03 12:56:07,493 [pool-533-thread-1] INFO  server.RaftServerConfigKeys (ConfUtils.java:logGet(46)) - raft.server.log.queue.byte-limit = 4294967296 (custom)
2022-10-03 12:56:07,493 [pool-533-thread-1] INFO  server.RaftServerConfigKeys (ConfUtils.java:logGet(46)) - raft.server.log.queue.element-limit = 1024 (custom)
2022-10-03 12:56:07,493 [pool-533-thread-1] INFO  server.RaftServerConfigKeys (ConfUtils.java:logGet(46)) - raft.server.log.segment.size.max = 1048576 (custom)
2022-10-03 12:56:07,493 [pool-533-thread-1] INFO  server.RaftServerConfigKeys (ConfUtils.java:logGet(46)) - raft.server.log.preallocated.size = 16384 (custom)
2022-10-03 12:56:07,493 [pool-533-thread-1] INFO  server.RaftServerConfigKeys (ConfUtils.java:logGet(46)) - raft.server.log.force.sync.num = 128 (default)
2022-10-03 12:56:07,493 [pool-533-thread-1] INFO  server.RaftServerConfigKeys (ConfUtils.java:logGet(46)) - raft.server.log.statemachine.data.sync = true (default)
2022-10-03 12:56:07,493 [pool-533-thread-1] INFO  server.RaftServerConfigKeys (ConfUtils.java:logGet(46)) - raft.server.log.statemachine.data.sync.timeout = 10s (default)
2022-10-03 12:56:07,493 [pool-533-thread-1] INFO  server.RaftServerConfigKeys (ConfUtils.java:logGet(46)) - raft.server.log.statemachine.data.sync.timeout.retry = -1 (default)
2022-10-03 12:56:07,494 [pool-533-thread-1] INFO  server.RaftServerConfigKeys (ConfUtils.java:logGet(46)) - raft.server.log.write.buffer.size = 1048576 (custom)
2022-10-03 12:56:07,494 [pool-533-thread-1] INFO  server.RaftServerConfigKeys (ConfUtils.java:logGet(46)) - raft.server.log.unsafe-flush.enabled = false (default)
2022-10-03 12:56:07,494 [pool-533-thread-1] INFO  server.RaftServerConfigKeys (ConfUtils.java:logGet(46)) - raft.server.log.statemachine.data.caching.enabled = true (custom)
2022-10-03 12:56:07,495 [pool-533-thread-1] INFO  segmented.SegmentedRaftLogWorker (SegmentedRaftLogWorker.java:lambda$new$0(135)) - 967ae9f2-b522-4f2f-8a43-5ad718c2969e@group-59E2BD6473D6-SegmentedRaftLogWorker: flushIndex: setUnconditionally 0 -> -1
2022-10-03 12:56:07,495 [pool-533-thread-1] INFO  segmented.SegmentedRaftLogWorker (SegmentedRaftLogWorker.java:lambda$new$0(135)) - 967ae9f2-b522-4f2f-8a43-5ad718c2969e@group-59E2BD6473D6-SegmentedRaftLogWorker: safeCacheEvictIndex: setUnconditionally 0 -> -1
2022-10-03 12:56:07,521 [pool-533-thread-1] INFO  server.RaftServerConfigKeys (ConfUtils.java:logGet(46)) - raft.server.snapshot.auto.trigger.enabled = true (custom)
2022-10-03 12:56:07,521 [pool-533-thread-1] INFO  server.RaftServerConfigKeys (ConfUtils.java:logGet(46)) - raft.server.snapshot.auto.trigger.threshold = 10000 (custom)
2022-10-03 12:56:07,521 [pool-533-thread-1] INFO  server.RaftServerConfigKeys (ConfUtils.java:logGet(46)) - raft.server.snapshot.retention.file.num = 5 (custom)
2022-10-03 12:56:07,521 [pool-533-thread-1] INFO  server.RaftServerConfigKeys (ConfUtils.java:logGet(46)) - raft.server.log.purge.upto.snapshot.index = false (default)
2022-10-03 12:56:07,521 [pool-533-thread-1] INFO  server.RaftServerConfigKeys (ConfUtils.java:logGet(46)) - raft.server.retrycache.expirytime = 600000ms (custom)
2022-10-03 12:56:07,521 [pool-533-thread-1] INFO  server.RaftServerConfigKeys (ConfUtils.java:logGet(46)) - raft.server.retrycache.statistics.expirytime = 100μs (default)
2022-10-03 12:56:07,522 [pool-533-thread-1] INFO  server.RaftServerConfigKeys (ConfUtils.java:logGet(46)) - raft.server.log.appender.install.snapshot.enabled = false (custom)
2022-10-03 12:56:07,522 [pool-533-thread-1] INFO  server.RaftServerConfigKeys (ConfUtils.java:logGet(46)) - raft.server.threadpool.server.cached = true (default)
2022-10-03 12:56:07,522 [pool-533-thread-1] INFO  server.RaftServerConfigKeys (ConfUtils.java:logGet(46)) - raft.server.threadpool.server.size = 0 (default)
2022-10-03 12:56:07,522 [pool-533-thread-1] INFO  server.RaftServerConfigKeys (ConfUtils.java:logGet(46)) - raft.server.threadpool.client.cached = true (default)
2022-10-03 12:56:07,523 [pool-533-thread-1] INFO  server.RaftServerConfigKeys (ConfUtils.java:logGet(46)) - raft.server.threadpool.client.size = 0 (default)
2022-10-03 12:56:07,523 [pool-533-thread-1] INFO  server.RaftServer$Division (RaftServerImpl.java:start(310)) - 967ae9f2-b522-4f2f-8a43-5ad718c2969e@group-59E2BD6473D6: start as a follower, conf=-1: [967ae9f2-b522-4f2f-8a43-5ad718c2969e|rpc:10.1.0.147:40807|priority:1], old=null
2022-10-03 12:56:07,523 [pool-533-thread-1] INFO  server.RaftServer$Division (RaftServerImpl.java:setRole(299)) - 967ae9f2-b522-4f2f-8a43-5ad718c2969e@group-59E2BD6473D6: changes role from      null to FOLLOWER at term 0 for startAsFollower
2022-10-03 12:56:07,523 [pool-533-thread-1] INFO  impl.RoleInfo (RoleInfo.java:updateAndGet(139)) - 967ae9f2-b522-4f2f-8a43-5ad718c2969e: start 967ae9f2-b522-4f2f-8a43-5ad718c2969e@group-59E2BD6473D6-FollowerState
2022-10-03 12:56:07,537 [pool-533-thread-1] INFO  util.JmxRegister (JmxRegister.java:tryRegister(44)) - Successfully registered JMX Bean with object name Ratis:service=RaftServer,group=group-59E2BD6473D6,id=967ae9f2-b522-4f2f-8a43-5ad718c2969e
2022-10-03 12:56:07,543 [Command processor thread] INFO  ratis.XceiverServerRatis (XceiverServerRatis.java:addGroup(765)) - Created group PipelineID=711fbfe2-d1df-450a-9455-59e2bd6473d6
2022-10-03 12:56:07,543 [Command processor thread] INFO  commandhandler.CreatePipelineCommandHandler (CreatePipelineCommandHandler.java:handle(113)) - Created Pipeline RATIS ONE PipelineID=711fbfe2-d1df-450a-9455-59e2bd6473d6.
2022-10-03 12:56:07,739 [Listener at 127.0.0.1/32777] INFO  ozone.MiniOzoneClusterImpl (MiniOzoneClusterImpl.java:lambda$waitForClusterToBeReady$0(216)) - Nodes are ready. Got 3 of 3 DN Heartbeats.
2022-10-03 12:56:07,739 [Listener at 127.0.0.1/32777] INFO  ozone.MiniOzoneClusterImpl (MiniOzoneClusterImpl.java:lambda$waitForClusterToBeReady$0(219)) - Waiting for cluster to exit safe mode
2022-10-03 12:56:07,739 [Listener at 127.0.0.1/32777] INFO  ozone.MiniOzoneClusterImpl (MiniOzoneClusterImpl.java:lambda$waitForClusterToBeReady$0(221)) - SCM became leader
2022-10-03 12:56:08,739 [Listener at 127.0.0.1/32777] INFO  ozone.MiniOzoneClusterImpl (MiniOzoneClusterImpl.java:lambda$waitForClusterToBeReady$0(216)) - Nodes are ready. Got 3 of 3 DN Heartbeats.
2022-10-03 12:56:08,740 [Listener at 127.0.0.1/32777] INFO  ozone.MiniOzoneClusterImpl (MiniOzoneClusterImpl.java:lambda$waitForClusterToBeReady$0(219)) - Waiting for cluster to exit safe mode
2022-10-03 12:56:08,740 [Listener at 127.0.0.1/32777] INFO  ozone.MiniOzoneClusterImpl (MiniOzoneClusterImpl.java:lambda$waitForClusterToBeReady$0(221)) - SCM became leader
2022-10-03 12:56:09,740 [Listener at 127.0.0.1/32777] INFO  ozone.MiniOzoneClusterImpl (MiniOzoneClusterImpl.java:lambda$waitForClusterToBeReady$0(216)) - Nodes are ready. Got 3 of 3 DN Heartbeats.
2022-10-03 12:56:09,740 [Listener at 127.0.0.1/32777] INFO  ozone.MiniOzoneClusterImpl (MiniOzoneClusterImpl.java:lambda$waitForClusterToBeReady$0(219)) - Waiting for cluster to exit safe mode
2022-10-03 12:56:09,740 [Listener at 127.0.0.1/32777] INFO  ozone.MiniOzoneClusterImpl (MiniOzoneClusterImpl.java:lambda$waitForClusterToBeReady$0(221)) - SCM became leader
2022-10-03 12:56:10,740 [Listener at 127.0.0.1/32777] INFO  ozone.MiniOzoneClusterImpl (MiniOzoneClusterImpl.java:lambda$waitForClusterToBeReady$0(216)) - Nodes are ready. Got 3 of 3 DN Heartbeats.
2022-10-03 12:56:10,741 [Listener at 127.0.0.1/32777] INFO  ozone.MiniOzoneClusterImpl (MiniOzoneClusterImpl.java:lambda$waitForClusterToBeReady$0(219)) - Waiting for cluster to exit safe mode
2022-10-03 12:56:10,741 [Listener at 127.0.0.1/32777] INFO  ozone.MiniOzoneClusterImpl (MiniOzoneClusterImpl.java:lambda$waitForClusterToBeReady$0(221)) - SCM became leader
2022-10-03 12:56:11,288 [cb992ddc-d8fb-48b8-a749-54f43281b597@group-16DF217DD124-FollowerState] INFO  impl.FollowerState (FollowerState.java:run(143)) - cb992ddc-d8fb-48b8-a749-54f43281b597@group-16DF217DD124-FollowerState: change to CANDIDATE, lastRpcElapsedTime:5053557566ns, electionTimeout:5039ms
2022-10-03 12:56:11,288 [cb992ddc-d8fb-48b8-a749-54f43281b597@group-16DF217DD124-FollowerState] INFO  impl.RoleInfo (RoleInfo.java:shutdownFollowerState(110)) - cb992ddc-d8fb-48b8-a749-54f43281b597: shutdown cb992ddc-d8fb-48b8-a749-54f43281b597@group-16DF217DD124-FollowerState
2022-10-03 12:56:11,288 [cb992ddc-d8fb-48b8-a749-54f43281b597@group-16DF217DD124-FollowerState] INFO  server.RaftServer$Division (RaftServerImpl.java:setRole(299)) - cb992ddc-d8fb-48b8-a749-54f43281b597@group-16DF217DD124: changes role from  FOLLOWER to CANDIDATE at term 0 for changeToCandidate
2022-10-03 12:56:11,289 [cb992ddc-d8fb-48b8-a749-54f43281b597@group-16DF217DD124-FollowerState] INFO  server.RaftServerConfigKeys (ConfUtils.java:logGet(46)) - raft.server.leaderelection.pre-vote = false (custom)
2022-10-03 12:56:11,289 [cb992ddc-d8fb-48b8-a749-54f43281b597@group-16DF217DD124-FollowerState] INFO  impl.RoleInfo (RoleInfo.java:updateAndGet(139)) - cb992ddc-d8fb-48b8-a749-54f43281b597: start cb992ddc-d8fb-48b8-a749-54f43281b597@group-16DF217DD124-LeaderElection35
2022-10-03 12:56:11,333 [cb992ddc-d8fb-48b8-a749-54f43281b597@group-16DF217DD124-LeaderElection35] INFO  impl.LeaderElection (LeaderElection.java:askForVotes(310)) - cb992ddc-d8fb-48b8-a749-54f43281b597@group-16DF217DD124-LeaderElection35 ELECTION round 0: submit vote requests at term 1 for -1: [8aaa41ef-7b9f-4bd2-982e-3f8e5f477184|rpc:10.1.0.147:33597|priority:1, 967ae9f2-b522-4f2f-8a43-5ad718c2969e|rpc:10.1.0.147:40807|priority:0, cb992ddc-d8fb-48b8-a749-54f43281b597|rpc:10.1.0.147:33249|priority:0], old=null
2022-10-03 12:56:11,388 [grpc-default-executor-0] INFO  server.RaftServer$Division (RaftServerImpl.java:requestVote(1152)) - 8aaa41ef-7b9f-4bd2-982e-3f8e5f477184@group-16DF217DD124: receive requestVote(ELECTION, cb992ddc-d8fb-48b8-a749-54f43281b597, group-16DF217DD124, 1, (t:0, i:0))
2022-10-03 12:56:11,388 [grpc-default-executor-0] INFO  impl.VoteContext (VoteContext.java:log(48)) - 8aaa41ef-7b9f-4bd2-982e-3f8e5f477184@group-16DF217DD124-FOLLOWER: reject ELECTION from cb992ddc-d8fb-48b8-a749-54f43281b597: our priority 1 > candidate's priority 0
2022-10-03 12:56:11,388 [grpc-default-executor-0] INFO  server.RaftServer$Division (RaftServerImpl.java:setRole(299)) - 8aaa41ef-7b9f-4bd2-982e-3f8e5f477184@group-16DF217DD124: changes role from  FOLLOWER to FOLLOWER at term 1 for candidate:cb992ddc-d8fb-48b8-a749-54f43281b597
2022-10-03 12:56:11,388 [grpc-default-executor-0] INFO  impl.RoleInfo (RoleInfo.java:shutdownFollowerState(110)) - 8aaa41ef-7b9f-4bd2-982e-3f8e5f477184: shutdown 8aaa41ef-7b9f-4bd2-982e-3f8e5f477184@group-16DF217DD124-FollowerState
2022-10-03 12:56:11,388 [grpc-default-executor-0] INFO  impl.RoleInfo (RoleInfo.java:updateAndGet(139)) - 8aaa41ef-7b9f-4bd2-982e-3f8e5f477184: start 8aaa41ef-7b9f-4bd2-982e-3f8e5f477184@group-16DF217DD124-FollowerState
2022-10-03 12:56:11,388 [8aaa41ef-7b9f-4bd2-982e-3f8e5f477184@group-16DF217DD124-FollowerState] INFO  impl.FollowerState (FollowerState.java:run(152)) - 8aaa41ef-7b9f-4bd2-982e-3f8e5f477184@group-16DF217DD124-FollowerState was interrupted
2022-10-03 12:56:11,390 [grpc-default-executor-0] INFO  server.RaftServer$Division (RaftServerImpl.java:requestVote(1184)) - 8aaa41ef-7b9f-4bd2-982e-3f8e5f477184@group-16DF217DD124 replies to ELECTION vote request: cb992ddc-d8fb-48b8-a749-54f43281b597<-8aaa41ef-7b9f-4bd2-982e-3f8e5f477184#0:FAIL-t1. Peer's state: 8aaa41ef-7b9f-4bd2-982e-3f8e5f477184@group-16DF217DD124:t1, leader=null, voted=null, raftlog=8aaa41ef-7b9f-4bd2-982e-3f8e5f477184@group-16DF217DD124-SegmentedRaftLog:OPENED:c-1, conf=-1: [8aaa41ef-7b9f-4bd2-982e-3f8e5f477184|rpc:10.1.0.147:33597|dataStream:|priority:1, 967ae9f2-b522-4f2f-8a43-5ad718c2969e|rpc:10.1.0.147:40807|dataStream:|priority:0, cb992ddc-d8fb-48b8-a749-54f43281b597|rpc:10.1.0.147:33249|dataStream:|priority:0], old=null
2022-10-03 12:56:11,413 [cb992ddc-d8fb-48b8-a749-54f43281b597@group-0A711E4390FF-FollowerState] INFO  impl.FollowerState (FollowerState.java:run(143)) - cb992ddc-d8fb-48b8-a749-54f43281b597@group-0A711E4390FF-FollowerState: change to CANDIDATE, lastRpcElapsedTime:5250262687ns, electionTimeout:5183ms
2022-10-03 12:56:11,413 [cb992ddc-d8fb-48b8-a749-54f43281b597@group-0A711E4390FF-FollowerState] INFO  impl.RoleInfo (RoleInfo.java:shutdownFollowerState(110)) - cb992ddc-d8fb-48b8-a749-54f43281b597: shutdown cb992ddc-d8fb-48b8-a749-54f43281b597@group-0A711E4390FF-FollowerState
2022-10-03 12:56:11,413 [cb992ddc-d8fb-48b8-a749-54f43281b597@group-0A711E4390FF-FollowerState] INFO  server.RaftServer$Division (RaftServerImpl.java:setRole(299)) - cb992ddc-d8fb-48b8-a749-54f43281b597@group-0A711E4390FF: changes role from  FOLLOWER to CANDIDATE at term 0 for changeToCandidate
2022-10-03 12:56:11,423 [cb992ddc-d8fb-48b8-a749-54f43281b597@group-0A711E4390FF-FollowerState] INFO  server.RaftServerConfigKeys (ConfUtils.java:logGet(46)) - raft.server.leaderelection.pre-vote = false (custom)
2022-10-03 12:56:11,423 [cb992ddc-d8fb-48b8-a749-54f43281b597@group-0A711E4390FF-FollowerState] INFO  impl.RoleInfo (RoleInfo.java:updateAndGet(139)) - cb992ddc-d8fb-48b8-a749-54f43281b597: start cb992ddc-d8fb-48b8-a749-54f43281b597@group-0A711E4390FF-LeaderElection36
2022-10-03 12:56:11,423 [cb992ddc-d8fb-48b8-a749-54f43281b597@group-16DF217DD124-LeaderElection35] INFO  impl.LeaderElection (LeaderElection.java:logAndReturn(90)) - cb992ddc-d8fb-48b8-a749-54f43281b597@group-16DF217DD124-LeaderElection35: ELECTION REJECTED received 1 response(s) and 0 exception(s):
2022-10-03 12:56:11,423 [cb992ddc-d8fb-48b8-a749-54f43281b597@group-16DF217DD124-LeaderElection35] INFO  impl.LeaderElection (LeaderElection.java:logAndReturn(94)) -   Response 0: cb992ddc-d8fb-48b8-a749-54f43281b597<-8aaa41ef-7b9f-4bd2-982e-3f8e5f477184#0:FAIL-t1
2022-10-03 12:56:11,452 [cb992ddc-d8fb-48b8-a749-54f43281b597@group-16DF217DD124-LeaderElection35] INFO  impl.LeaderElection (LeaderElection.java:askForVotes(312)) - cb992ddc-d8fb-48b8-a749-54f43281b597@group-16DF217DD124-LeaderElection35 ELECTION round 0: result REJECTED
2022-10-03 12:56:11,452 [cb992ddc-d8fb-48b8-a749-54f43281b597@group-16DF217DD124-LeaderElection35] INFO  server.RaftServer$Division (RaftServerImpl.java:setRole(299)) - cb992ddc-d8fb-48b8-a749-54f43281b597@group-16DF217DD124: changes role from CANDIDATE to FOLLOWER at term 1 for REJECTED
2022-10-03 12:56:11,452 [cb992ddc-d8fb-48b8-a749-54f43281b597@group-16DF217DD124-LeaderElection35] INFO  impl.RoleInfo (RoleInfo.java:shutdownLeaderElection(130)) - cb992ddc-d8fb-48b8-a749-54f43281b597: shutdown cb992ddc-d8fb-48b8-a749-54f43281b597@group-16DF217DD124-LeaderElection35
2022-10-03 12:56:11,452 [cb992ddc-d8fb-48b8-a749-54f43281b597@group-16DF217DD124-LeaderElection35] INFO  impl.RoleInfo (RoleInfo.java:updateAndGet(139)) - cb992ddc-d8fb-48b8-a749-54f43281b597: start cb992ddc-d8fb-48b8-a749-54f43281b597@group-16DF217DD124-FollowerState
2022-10-03 12:56:11,456 [cb992ddc-d8fb-48b8-a749-54f43281b597@group-0A711E4390FF-LeaderElection36] INFO  impl.LeaderElection (LeaderElection.java:askForVotes(310)) - cb992ddc-d8fb-48b8-a749-54f43281b597@group-0A711E4390FF-LeaderElection36 ELECTION round 0: submit vote requests at term 1 for -1: [cb992ddc-d8fb-48b8-a749-54f43281b597|rpc:10.1.0.147:33249|priority:1], old=null
2022-10-03 12:56:11,456 [cb992ddc-d8fb-48b8-a749-54f43281b597@group-0A711E4390FF-LeaderElection36] INFO  impl.LeaderElection (LeaderElection.java:askForVotes(312)) - cb992ddc-d8fb-48b8-a749-54f43281b597@group-0A711E4390FF-LeaderElection36 ELECTION round 0: result PASSED (term=1)
2022-10-03 12:56:11,456 [cb992ddc-d8fb-48b8-a749-54f43281b597@group-0A711E4390FF-LeaderElection36] INFO  impl.RoleInfo (RoleInfo.java:shutdownLeaderElection(130)) - cb992ddc-d8fb-48b8-a749-54f43281b597: shutdown cb992ddc-d8fb-48b8-a749-54f43281b597@group-0A711E4390FF-LeaderElection36
2022-10-03 12:56:11,456 [cb992ddc-d8fb-48b8-a749-54f43281b597@group-0A711E4390FF-LeaderElection36] INFO  server.RaftServer$Division (RaftServerImpl.java:setRole(299)) - cb992ddc-d8fb-48b8-a749-54f43281b597@group-0A711E4390FF: changes role from CANDIDATE to LEADER at term 1 for changeToLeader
2022-10-03 12:56:11,456 [cb992ddc-d8fb-48b8-a749-54f43281b597@group-0A711E4390FF-LeaderElection36] INFO  ratis.XceiverServerRatis (XceiverServerRatis.java:handleLeaderChangedNotification(863)) - Leader change notification received for group: group-0A711E4390FF with new leaderId: cb992ddc-d8fb-48b8-a749-54f43281b597
2022-10-03 12:56:11,456 [cb992ddc-d8fb-48b8-a749-54f43281b597@group-0A711E4390FF-LeaderElection36] INFO  server.RaftServer$Division (ServerState.java:setLeader(287)) - cb992ddc-d8fb-48b8-a749-54f43281b597@group-0A711E4390FF: change Leader from null to cb992ddc-d8fb-48b8-a749-54f43281b597 at term 1 for becomeLeader, leader elected after 5316ms
2022-10-03 12:56:11,456 [cb992ddc-d8fb-48b8-a749-54f43281b597@group-0A711E4390FF-LeaderElection36] INFO  server.RaftServerConfigKeys (ConfUtils.java:logGet(46)) - raft.server.staging.catchup.gap = 1000 (default)
2022-10-03 12:56:11,457 [cb992ddc-d8fb-48b8-a749-54f43281b597@group-0A711E4390FF-LeaderElection36] INFO  server.RaftServerConfigKeys (ConfUtils.java:logGet(46)) - raft.server.write.element-limit = 1024 (custom)
2022-10-03 12:56:11,457 [cb992ddc-d8fb-48b8-a749-54f43281b597@group-0A711E4390FF-LeaderElection36] INFO  server.RaftServerConfigKeys (ConfUtils.java:logGet(46)) - raft.server.write.byte-limit = 1024 M (=1073741824) (custom)
2022-10-03 12:56:11,457 [cb992ddc-d8fb-48b8-a749-54f43281b597@group-0A711E4390FF-LeaderElection36] INFO  server.RaftServerConfigKeys (ConfUtils.java:logGet(46)) - raft.server.watch.timeout = 180s (custom)
2022-10-03 12:56:11,457 [cb992ddc-d8fb-48b8-a749-54f43281b597@group-0A711E4390FF-LeaderElection36] INFO  server.RaftServerConfigKeys (ConfUtils.java:logGet(46)) - raft.server.watch.timeout.denomination = 1s (default)
2022-10-03 12:56:11,457 [cb992ddc-d8fb-48b8-a749-54f43281b597@group-0A711E4390FF-LeaderElection36] INFO  server.RaftServerConfigKeys (ConfUtils.java:logGet(46)) - raft.server.watch.element-limit = 65536 (default)
2022-10-03 12:56:11,457 [cb992ddc-d8fb-48b8-a749-54f43281b597@group-0A711E4390FF-LeaderElection36] INFO  server.RaftServerConfigKeys (ConfUtils.java:logGet(46)) - raft.server.write.element-limit = 1024 (custom)
2022-10-03 12:56:11,457 [cb992ddc-d8fb-48b8-a749-54f43281b597@group-0A711E4390FF-LeaderElection36] INFO  server.RaftServerConfigKeys (ConfUtils.java:logGet(46)) - raft.server.write.follower.gap.ratio.max = -1.0 (default)
2022-10-03 12:56:11,457 [cb992ddc-d8fb-48b8-a749-54f43281b597@group-0A711E4390FF-LeaderElection36] INFO  impl.RoleInfo (RoleInfo.java:updateAndGet(139)) - cb992ddc-d8fb-48b8-a749-54f43281b597: start cb992ddc-d8fb-48b8-a749-54f43281b597@group-0A711E4390FF-LeaderStateImpl
2022-10-03 12:56:11,457 [cb992ddc-d8fb-48b8-a749-54f43281b597@group-0A711E4390FF-LeaderElection36] INFO  segmented.SegmentedRaftLogWorker (SegmentedRaftLogWorker.java:startLogSegment(425)) - cb992ddc-d8fb-48b8-a749-54f43281b597@group-0A711E4390FF-SegmentedRaftLogWorker: Starting segment from index:0
2022-10-03 12:56:11,459 [EventQueue-OpenPipelineForHealthyPipelineSafeModeRule] INFO  safemode.SCMSafeModeManager (HealthyPipelineSafeModeRule.java:process(137)) - SCM in safe mode. Healthy pipelines reported count is 0, required healthy pipeline reported count is 1
2022-10-03 12:56:11,461 [cb992ddc-d8fb-48b8-a749-54f43281b597@group-0A711E4390FF-SegmentedRaftLogWorker] INFO  segmented.SegmentedRaftLogWorker (SegmentedRaftLogWorker.java:execute(629)) - cb992ddc-d8fb-48b8-a749-54f43281b597@group-0A711E4390FF-SegmentedRaftLogWorker: created new log segment /home/runner/work/ozone/ozone/hadoop-ozone/integration-test/target/test-dir/MiniOzoneClusterImpl-6443e5c3-9dee-4d73-83b7-63138ecdba9d/datanode-0/data/ratis/30e2e00d-400a-454d-810e-0a711e4390ff/current/log_inprogress_0
2022-10-03 12:56:11,490 [cb992ddc-d8fb-48b8-a749-54f43281b597@group-0A711E4390FF-LeaderElection36] INFO  server.RaftServer$Division (ServerState.java:setRaftConf(393)) - cb992ddc-d8fb-48b8-a749-54f43281b597@group-0A711E4390FF: set configuration 0: [cb992ddc-d8fb-48b8-a749-54f43281b597|rpc:10.1.0.147:33249|dataStream:|priority:1], old=null
2022-10-03 12:56:11,524 [grpc-default-executor-0] INFO  server.RaftServer$Division (RaftServerImpl.java:requestVote(1152)) - 967ae9f2-b522-4f2f-8a43-5ad718c2969e@group-16DF217DD124: receive requestVote(ELECTION, cb992ddc-d8fb-48b8-a749-54f43281b597, group-16DF217DD124, 1, (t:0, i:0))
2022-10-03 12:56:11,524 [grpc-default-executor-0] INFO  impl.VoteContext (VoteContext.java:log(48)) - 967ae9f2-b522-4f2f-8a43-5ad718c2969e@group-16DF217DD124-FOLLOWER: accept ELECTION from cb992ddc-d8fb-48b8-a749-54f43281b597: our priority 0 <= candidate's priority 0
2022-10-03 12:56:11,524 [grpc-default-executor-0] INFO  server.RaftServer$Division (RaftServerImpl.java:setRole(299)) - 967ae9f2-b522-4f2f-8a43-5ad718c2969e@group-16DF217DD124: changes role from  FOLLOWER to FOLLOWER at term 1 for candidate:cb992ddc-d8fb-48b8-a749-54f43281b597
2022-10-03 12:56:11,524 [grpc-default-executor-0] INFO  impl.RoleInfo (RoleInfo.java:shutdownFollowerState(110)) - 967ae9f2-b522-4f2f-8a43-5ad718c2969e: shutdown 967ae9f2-b522-4f2f-8a43-5ad718c2969e@group-16DF217DD124-FollowerState
2022-10-03 12:56:11,524 [grpc-default-executor-0] INFO  impl.RoleInfo (RoleInfo.java:updateAndGet(139)) - 967ae9f2-b522-4f2f-8a43-5ad718c2969e: start 967ae9f2-b522-4f2f-8a43-5ad718c2969e@group-16DF217DD124-FollowerState
2022-10-03 12:56:11,525 [967ae9f2-b522-4f2f-8a43-5ad718c2969e@group-16DF217DD124-FollowerState] INFO  impl.FollowerState (FollowerState.java:run(152)) - 967ae9f2-b522-4f2f-8a43-5ad718c2969e@group-16DF217DD124-FollowerState was interrupted
2022-10-03 12:56:11,558 [grpc-default-executor-0] INFO  server.RaftServer$Division (RaftServerImpl.java:requestVote(1184)) - 967ae9f2-b522-4f2f-8a43-5ad718c2969e@group-16DF217DD124 replies to ELECTION vote request: cb992ddc-d8fb-48b8-a749-54f43281b597<-967ae9f2-b522-4f2f-8a43-5ad718c2969e#0:OK-t1. Peer's state: 967ae9f2-b522-4f2f-8a43-5ad718c2969e@group-16DF217DD124:t1, leader=null, voted=cb992ddc-d8fb-48b8-a749-54f43281b597, raftlog=967ae9f2-b522-4f2f-8a43-5ad718c2969e@group-16DF217DD124-SegmentedRaftLog:OPENED:c-1, conf=-1: [8aaa41ef-7b9f-4bd2-982e-3f8e5f477184|rpc:10.1.0.147:33597|dataStream:|priority:1, 967ae9f2-b522-4f2f-8a43-5ad718c2969e|rpc:10.1.0.147:40807|dataStream:|priority:0, cb992ddc-d8fb-48b8-a749-54f43281b597|rpc:10.1.0.147:33249|dataStream:|priority:0], old=null
2022-10-03 12:56:11,741 [Listener at 127.0.0.1/32777] INFO  ozone.MiniOzoneClusterImpl (MiniOzoneClusterImpl.java:lambda$waitForClusterToBeReady$0(216)) - Nodes are ready. Got 3 of 3 DN Heartbeats.
2022-10-03 12:56:11,741 [Listener at 127.0.0.1/32777] INFO  ozone.MiniOzoneClusterImpl (MiniOzoneClusterImpl.java:lambda$waitForClusterToBeReady$0(219)) - Waiting for cluster to exit safe mode
2022-10-03 12:56:11,741 [Listener at 127.0.0.1/32777] INFO  ozone.MiniOzoneClusterImpl (MiniOzoneClusterImpl.java:lambda$waitForClusterToBeReady$0(221)) - SCM became leader
2022-10-03 12:56:11,860 [cb992ddc-d8fb-48b8-a749-54f43281b597@group-C340AA17E94F-FollowerState] INFO  impl.FollowerState (FollowerState.java:run(143)) - cb992ddc-d8fb-48b8-a749-54f43281b597@group-C340AA17E94F-FollowerState: change to CANDIDATE, lastRpcElapsedTime:5069004562ns, electionTimeout:5058ms
2022-10-03 12:56:11,860 [cb992ddc-d8fb-48b8-a749-54f43281b597@group-C340AA17E94F-FollowerState] INFO  impl.RoleInfo (RoleInfo.java:shutdownFollowerState(110)) - cb992ddc-d8fb-48b8-a749-54f43281b597: shutdown cb992ddc-d8fb-48b8-a749-54f43281b597@group-C340AA17E94F-FollowerState
2022-10-03 12:56:11,860 [cb992ddc-d8fb-48b8-a749-54f43281b597@group-C340AA17E94F-FollowerState] INFO  server.RaftServer$Division (RaftServerImpl.java:setRole(299)) - cb992ddc-d8fb-48b8-a749-54f43281b597@group-C340AA17E94F: changes role from  FOLLOWER to CANDIDATE at term 0 for changeToCandidate
2022-10-03 12:56:11,860 [cb992ddc-d8fb-48b8-a749-54f43281b597@group-C340AA17E94F-FollowerState] INFO  server.RaftServerConfigKeys (ConfUtils.java:logGet(46)) - raft.server.leaderelection.pre-vote = false (custom)
2022-10-03 12:56:11,860 [cb992ddc-d8fb-48b8-a749-54f43281b597@group-C340AA17E94F-FollowerState] INFO  impl.RoleInfo (RoleInfo.java:updateAndGet(139)) - cb992ddc-d8fb-48b8-a749-54f43281b597: start cb992ddc-d8fb-48b8-a749-54f43281b597@group-C340AA17E94F-LeaderElection37
2022-10-03 12:56:11,883 [cb992ddc-d8fb-48b8-a749-54f43281b597@group-C340AA17E94F-LeaderElection37] INFO  impl.LeaderElection (LeaderElection.java:askForVotes(310)) - cb992ddc-d8fb-48b8-a749-54f43281b597@group-C340AA17E94F-LeaderElection37 ELECTION round 0: submit vote requests at term 1 for -1: [8aaa41ef-7b9f-4bd2-982e-3f8e5f477184|rpc:10.1.0.147:33597|priority:0, 967ae9f2-b522-4f2f-8a43-5ad718c2969e|rpc:10.1.0.147:40807|priority:0, cb992ddc-d8fb-48b8-a749-54f43281b597|rpc:10.1.0.147:33249|priority:1], old=null
2022-10-03 12:56:11,922 [grpc-default-executor-0] INFO  server.RaftServer$Division (RaftServerImpl.java:requestVote(1152)) - 8aaa41ef-7b9f-4bd2-982e-3f8e5f477184@group-C340AA17E94F: receive requestVote(ELECTION, cb992ddc-d8fb-48b8-a749-54f43281b597, group-C340AA17E94F, 1, (t:0, i:0))
2022-10-03 12:56:11,922 [grpc-default-executor-0] INFO  impl.VoteContext (VoteContext.java:log(48)) - 8aaa41ef-7b9f-4bd2-982e-3f8e5f477184@group-C340AA17E94F-FOLLOWER: accept ELECTION from cb992ddc-d8fb-48b8-a749-54f43281b597: our priority 0 <= candidate's priority 1
2022-10-03 12:56:11,922 [grpc-default-executor-0] INFO  server.RaftServer$Division (RaftServerImpl.java:setRole(299)) - 8aaa41ef-7b9f-4bd2-982e-3f8e5f477184@group-C340AA17E94F: changes role from  FOLLOWER to FOLLOWER at term 1 for candidate:cb992ddc-d8fb-48b8-a749-54f43281b597
2022-10-03 12:56:11,922 [grpc-default-executor-0] INFO  impl.RoleInfo (RoleInfo.java:shutdownFollowerState(110)) - 8aaa41ef-7b9f-4bd2-982e-3f8e5f477184: shutdown 8aaa41ef-7b9f-4bd2-982e-3f8e5f477184@group-C340AA17E94F-FollowerState
2022-10-03 12:56:11,922 [grpc-default-executor-0] INFO  impl.RoleInfo (RoleInfo.java:updateAndGet(139)) - 8aaa41ef-7b9f-4bd2-982e-3f8e5f477184: start 8aaa41ef-7b9f-4bd2-982e-3f8e5f477184@group-C340AA17E94F-FollowerState
2022-10-03 12:56:11,922 [8aaa41ef-7b9f-4bd2-982e-3f8e5f477184@group-C340AA17E94F-FollowerState] INFO  impl.FollowerState (FollowerState.java:run(152)) - 8aaa41ef-7b9f-4bd2-982e-3f8e5f477184@group-C340AA17E94F-FollowerState was interrupted
2022-10-03 12:56:11,926 [grpc-default-executor-0] INFO  server.RaftServer$Division (RaftServerImpl.java:requestVote(1184)) - 8aaa41ef-7b9f-4bd2-982e-3f8e5f477184@group-C340AA17E94F replies to ELECTION vote request: cb992ddc-d8fb-48b8-a749-54f43281b597<-8aaa41ef-7b9f-4bd2-982e-3f8e5f477184#0:OK-t1. Peer's state: 8aaa41ef-7b9f-4bd2-982e-3f8e5f477184@group-C340AA17E94F:t1, leader=null, voted=cb992ddc-d8fb-48b8-a749-54f43281b597, raftlog=8aaa41ef-7b9f-4bd2-982e-3f8e5f477184@group-C340AA17E94F-SegmentedRaftLog:OPENED:c-1, conf=-1: [8aaa41ef-7b9f-4bd2-982e-3f8e5f477184|rpc:10.1.0.147:33597|dataStream:|priority:0, 967ae9f2-b522-4f2f-8a43-5ad718c2969e|rpc:10.1.0.147:40807|dataStream:|priority:0, cb992ddc-d8fb-48b8-a749-54f43281b597|rpc:10.1.0.147:33249|dataStream:|priority:1], old=null
2022-10-03 12:56:11,954 [grpc-default-executor-1] INFO  server.RaftServer$Division (RaftServerImpl.java:requestVote(1152)) - 967ae9f2-b522-4f2f-8a43-5ad718c2969e@group-C340AA17E94F: receive requestVote(ELECTION, cb992ddc-d8fb-48b8-a749-54f43281b597, group-C340AA17E94F, 1, (t:0, i:0))
2022-10-03 12:56:11,954 [grpc-default-executor-1] INFO  impl.VoteContext (VoteContext.java:log(48)) - 967ae9f2-b522-4f2f-8a43-5ad718c2969e@group-C340AA17E94F-FOLLOWER: accept ELECTION from cb992ddc-d8fb-48b8-a749-54f43281b597: our priority 0 <= candidate's priority 1
2022-10-03 12:56:11,954 [grpc-default-executor-1] INFO  server.RaftServer$Division (RaftServerImpl.java:setRole(299)) - 967ae9f2-b522-4f2f-8a43-5ad718c2969e@group-C340AA17E94F: changes role from  FOLLOWER to FOLLOWER at term 1 for candidate:cb992ddc-d8fb-48b8-a749-54f43281b597
2022-10-03 12:56:11,954 [grpc-default-executor-1] INFO  impl.RoleInfo (RoleInfo.java:shutdownFollowerState(110)) - 967ae9f2-b522-4f2f-8a43-5ad718c2969e: shutdown 967ae9f2-b522-4f2f-8a43-5ad718c2969e@group-C340AA17E94F-FollowerState
2022-10-03 12:56:11,954 [grpc-default-executor-1] INFO  impl.RoleInfo (RoleInfo.java:updateAndGet(139)) - 967ae9f2-b522-4f2f-8a43-5ad718c2969e: start 967ae9f2-b522-4f2f-8a43-5ad718c2969e@group-C340AA17E94F-FollowerState
2022-10-03 12:56:11,957 [grpc-default-executor-1] INFO  server.RaftServer$Division (RaftServerImpl.java:requestVote(1184)) - 967ae9f2-b522-4f2f-8a43-5ad718c2969e@group-C340AA17E94F replies to ELECTION vote request: cb992ddc-d8fb-48b8-a749-54f43281b597<-967ae9f2-b522-4f2f-8a43-5ad718c2969e#0:OK-t1. Peer's state: 967ae9f2-b522-4f2f-8a43-5ad718c2969e@group-C340AA17E94F:t1, leader=null, voted=cb992ddc-d8fb-48b8-a749-54f43281b597, raftlog=967ae9f2-b522-4f2f-8a43-5ad718c2969e@group-C340AA17E94F-SegmentedRaftLog:OPENED:c-1, conf=-1: [8aaa41ef-7b9f-4bd2-982e-3f8e5f477184|rpc:10.1.0.147:33597|dataStream:|priority:0, 967ae9f2-b522-4f2f-8a43-5ad718c2969e|rpc:10.1.0.147:40807|dataStream:|priority:0, cb992ddc-d8fb-48b8-a749-54f43281b597|rpc:10.1.0.147:33249|dataStream:|priority:1], old=null
2022-10-03 12:56:11,958 [967ae9f2-b522-4f2f-8a43-5ad718c2969e@group-C340AA17E94F-FollowerState] INFO  impl.FollowerState (FollowerState.java:run(152)) - 967ae9f2-b522-4f2f-8a43-5ad718c2969e@group-C340AA17E94F-FollowerState was interrupted
2022-10-03 12:56:11,969 [cb992ddc-d8fb-48b8-a749-54f43281b597@group-C340AA17E94F-LeaderElection37] INFO  impl.LeaderElection (LeaderElection.java:logAndReturn(90)) - cb992ddc-d8fb-48b8-a749-54f43281b597@group-C340AA17E94F-LeaderElection37: ELECTION PASSED received 1 response(s) and 0 exception(s):
2022-10-03 12:56:11,969 [cb992ddc-d8fb-48b8-a749-54f43281b597@group-C340AA17E94F-LeaderElection37] INFO  impl.LeaderElection (LeaderElection.java:logAndReturn(94)) -   Response 0: cb992ddc-d8fb-48b8-a749-54f43281b597<-967ae9f2-b522-4f2f-8a43-5ad718c2969e#0:OK-t1
2022-10-03 12:56:11,969 [cb992ddc-d8fb-48b8-a749-54f43281b597@group-C340AA17E94F-LeaderElection37] INFO  impl.LeaderElection (LeaderElection.java:askForVotes(312)) - cb992ddc-d8fb-48b8-a749-54f43281b597@group-C340AA17E94F-LeaderElection37 ELECTION round 0: result PASSED
2022-10-03 12:56:11,969 [cb992ddc-d8fb-48b8-a749-54f43281b597@group-C340AA17E94F-LeaderElection37] INFO  impl.RoleInfo (RoleInfo.java:shutdownLeaderElection(130)) - cb992ddc-d8fb-48b8-a749-54f43281b597: shutdown cb992ddc-d8fb-48b8-a749-54f43281b597@group-C340AA17E94F-LeaderElection37
2022-10-03 12:56:11,969 [cb992ddc-d8fb-48b8-a749-54f43281b597@group-C340AA17E94F-LeaderElection37] INFO  server.RaftServer$Division (RaftServerImpl.java:setRole(299)) - cb992ddc-d8fb-48b8-a749-54f43281b597@group-C340AA17E94F: changes role from CANDIDATE to LEADER at term 1 for changeToLeader
2022-10-03 12:56:11,969 [cb992ddc-d8fb-48b8-a749-54f43281b597@group-C340AA17E94F-LeaderElection37] INFO  ratis.XceiverServerRatis (XceiverServerRatis.java:handleLeaderChangedNotification(863)) - Leader change notification received for group: group-C340AA17E94F with new leaderId: cb992ddc-d8fb-48b8-a749-54f43281b597
2022-10-03 12:56:11,969 [cb992ddc-d8fb-48b8-a749-54f43281b597@group-C340AA17E94F-LeaderElection37] INFO  server.RaftServer$Division (ServerState.java:setLeader(287)) - cb992ddc-d8fb-48b8-a749-54f43281b597@group-C340AA17E94F: change Leader from null to cb992ddc-d8fb-48b8-a749-54f43281b597 at term 1 for becomeLeader, leader elected after 5199ms
2022-10-03 12:56:11,969 [cb992ddc-d8fb-48b8-a749-54f43281b597@group-C340AA17E94F-LeaderElection37] INFO  server.RaftServerConfigKeys (ConfUtils.java:logGet(46)) - raft.server.staging.catchup.gap = 1000 (default)
2022-10-03 12:56:11,970 [cb992ddc-d8fb-48b8-a749-54f43281b597@group-C340AA17E94F-LeaderElection37] INFO  server.RaftServerConfigKeys (ConfUtils.java:logGet(46)) - raft.server.write.element-limit = 1024 (custom)
2022-10-03 12:56:11,970 [cb992ddc-d8fb-48b8-a749-54f43281b597@group-C340AA17E94F-LeaderElection37] INFO  server.RaftServerConfigKeys (ConfUtils.java:logGet(46)) - raft.server.write.byte-limit = 1024 M (=1073741824) (custom)
2022-10-03 12:56:11,970 [cb992ddc-d8fb-48b8-a749-54f43281b597@group-C340AA17E94F-LeaderElection37] INFO  server.RaftServerConfigKeys (ConfUtils.java:logGet(46)) - raft.server.watch.timeout = 180s (custom)
2022-10-03 12:56:11,970 [cb992ddc-d8fb-48b8-a749-54f43281b597@group-C340AA17E94F-LeaderElection37] INFO  server.RaftServerConfigKeys (ConfUtils.java:logGet(46)) - raft.server.watch.timeout.denomination = 1s (default)
2022-10-03 12:56:11,970 [cb992ddc-d8fb-48b8-a749-54f43281b597@group-C340AA17E94F-LeaderElection37] INFO  server.RaftServerConfigKeys (ConfUtils.java:logGet(46)) - raft.server.watch.element-limit = 65536 (default)
2022-10-03 12:56:11,970 [cb992ddc-d8fb-48b8-a749-54f43281b597@group-C340AA17E94F-LeaderElection37] INFO  server.RaftServerConfigKeys (ConfUtils.java:logGet(46)) - raft.server.write.element-limit = 1024 (custom)
2022-10-03 12:56:11,970 [cb992ddc-d8fb-48b8-a749-54f43281b597@group-C340AA17E94F-LeaderElection37] INFO  server.RaftServerConfigKeys (ConfUtils.java:logGet(46)) - raft.server.write.follower.gap.ratio.max = -1.0 (default)
2022-10-03 12:56:11,971 [cb992ddc-d8fb-48b8-a749-54f43281b597@group-C340AA17E94F-LeaderElection37] INFO  server.RaftServerConfigKeys (ConfUtils.java:logGet(46)) - raft.server.log.appender.snapshot.chunk.size.max = 16MB (=16777216) (default)
2022-10-03 12:56:11,971 [cb992ddc-d8fb-48b8-a749-54f43281b597@group-C340AA17E94F-LeaderElection37] INFO  server.RaftServerConfigKeys (ConfUtils.java:logGet(46)) - raft.server.log.appender.buffer.byte-limit = 33554432 (custom)
2022-10-03 12:56:11,971 [cb992ddc-d8fb-48b8-a749-54f43281b597@group-C340AA17E94F-LeaderElection37] INFO  server.RaftServerConfigKeys (ConfUtils.java:logGet(46)) - raft.server.log.appender.buffer.element-limit = 1 (custom)
2022-10-03 12:56:11,971 [cb992ddc-d8fb-48b8-a749-54f43281b597@group-C340AA17E94F-LeaderElection37] INFO  grpc.GrpcConfigKeys (ConfUtils.java:logGet(46)) - raft.grpc.server.leader.outstanding.appends.max = 128 (default)
2022-10-03 12:56:11,971 [cb992ddc-d8fb-48b8-a749-54f43281b597@group-C340AA17E94F-LeaderElection37] INFO  server.RaftServerConfigKeys (ConfUtils.java:logGet(46)) - raft.server.rpc.request.timeout = 60s (custom)
2022-10-03 12:56:11,971 [cb992ddc-d8fb-48b8-a749-54f43281b597@group-C340AA17E94F-LeaderElection37] INFO  server.RaftServerConfigKeys (ConfUtils.java:logGet(46)) - raft.server.log.appender.install.snapshot.enabled = false (custom)
2022-10-03 12:56:11,975 [EventQueue-PipelineReportForPipelineReportHandler] INFO  pipeline.PipelineManagerImpl (PipelineManagerImpl.java:openPipeline(367)) - Pipeline Pipeline[ Id: b5468242-77ef-41c2-b60c-c340aa17e94f, Nodes: cb992ddc-d8fb-48b8-a749-54f43281b597{ip: 10.1.0.147, host: fv-az443-503.ap2fcshprsnunfx25e1aelzb4b.cx.internal.cloudapp.net, ports: [REPLICATION=34819, RATIS=33249, RATIS_ADMIN=33249, RATIS_SERVER=33249, STANDALONE=45351], networkLocation: /default-rack, certSerialId: null, persistedOpState: IN_SERVICE, persistedOpStateExpiryEpochSec: 0}8aaa41ef-7b9f-4bd2-982e-3f8e5f477184{ip: 10.1.0.147, host: fv-az443-503.ap2fcshprsnunfx25e1aelzb4b.cx.internal.cloudapp.net, ports: [REPLICATION=43031, RATIS=33597, RATIS_ADMIN=33597, RATIS_SERVER=33597, STANDALONE=44691], networkLocation: /default-rack, certSerialId: null, persistedOpState: IN_SERVICE, persistedOpStateExpiryEpochSec: 0}967ae9f2-b522-4f2f-8a43-5ad718c2969e{ip: 10.1.0.147, host: fv-az443-503.ap2fcshprsnunfx25e1aelzb4b.cx.internal.cloudapp.net, ports: [REPLICATION=43751, RATIS=40807, RATIS_ADMIN=40807, RATIS_SERVER=40807, STANDALONE=39099], networkLocation: /default-rack, certSerialId: null, persistedOpState: IN_SERVICE, persistedOpStateExpiryEpochSec: 0}, ReplicationConfig: RATIS/THREE, State:ALLOCATED, leaderId:cb992ddc-d8fb-48b8-a749-54f43281b597, CreationTimestamp2022-10-03T12:56:05.806Z[Etc/UTC]] moved to OPEN state
2022-10-03 12:56:11,976 [EventQueue-OpenPipelineForHealthyPipelineSafeModeRule] INFO  safemode.SCMSafeModeManager (HealthyPipelineSafeModeRule.java:process(137)) - SCM in safe mode. Healthy pipelines reported count is 0, required healthy pipeline reported count is 1
2022-10-03 12:56:11,976 [EventQueue-OpenPipelineForHealthyPipelineSafeModeRule] INFO  safemode.SCMSafeModeManager (HealthyPipelineSafeModeRule.java:process(137)) - SCM in safe mode. Healthy pipelines reported count is 1, required healthy pipeline reported count is 1
2022-10-03 12:56:11,976 [EventQueue-OpenPipelineForHealthyPipelineSafeModeRule] INFO  safemode.SCMSafeModeManager (SCMSafeModeManager.java:validateSafeModeExitRules(204)) - HealthyPipelineSafeModeRule rule is successfully validated
2022-10-03 12:56:11,976 [EventQueue-OpenPipelineForHealthyPipelineSafeModeRule] INFO  safemode.SCMSafeModeManager (SCMSafeModeManager.java:validateSafeModeExitRules(219)) - ScmSafeModeManager, all rules are successfully validated
2022-10-03 12:56:11,976 [EventQueue-OpenPipelineForHealthyPipelineSafeModeRule] INFO  safemode.SCMSafeModeManager (SCMSafeModeManager.java:exitSafeMode(248)) - SCM exiting safe mode.
2022-10-03 12:56:11,976 [EventQueue-OpenPipelineForHealthyPipelineSafeModeRule] WARN  events.EventQueue (EventQueue.java:fireEvent(216)) - No event handler registered for event TypedEvent{payloadType=SafeModeStatus, name='Safe mode status'}
2022-10-03 12:56:11,976 [EventQueue-OpenPipelineForHealthyPipelineSafeModeRule] INFO  ha.SCMContext (SCMContext.java:updateSafeModeStatus(228)) - Update SafeModeStatus from SafeModeStatus{safeModeStatus=true, preCheckPassed=true} to SafeModeStatus{safeModeStatus=false, preCheckPassed=true}.
2022-10-03 12:56:11,976 [EventQueue-OpenPipelineForHealthyPipelineSafeModeRule] INFO  pipeline.BackgroundPipelineCreator (BackgroundPipelineCreator.java:notifyStatusChanged(254)) - Service BackgroundPipelineCreator transitions to RUNNING.
2022-10-03 12:56:11,977 [EventQueue-OpenPipelineForHealthyPipelineSafeModeRule] INFO  BackgroundPipelineScrubber (BackgroundSCMService.java:notifyStatusChanged(82)) - Service BackgroundPipelineScrubber transitions to RUNNING.
2022-10-03 12:56:11,977 [EventQueue-OpenPipelineForHealthyPipelineSafeModeRule] INFO  ExpiredContainerReplicaOpScrubber (BackgroundSCMService.java:notifyStatusChanged(82)) - Service ExpiredContainerReplicaOpScrubber transitions to RUNNING.
2022-10-03 12:56:11,977 [EventQueue-OpenPipelineForHealthyPipelineSafeModeRule] INFO  replication.ReplicationManager (ReplicationManager.java:notifyStatusChanged(728)) - Service ReplicationManager transitions to RUNNING.
2022-10-03 12:56:11,977 [EventQueue-OpenPipelineForHealthyPipelineSafeModeRule] WARN  balancer.ContainerBalancer (ContainerBalancer.java:shouldRun(936)) - Could not find persisted configuration for ContainerBalancer when checking if ContainerBalancer should run. ContainerBalancer should not run now.
2022-10-03 12:56:11,980 [cb992ddc-d8fb-48b8-a749-54f43281b597@group-C340AA17E94F-LeaderElection37] INFO  server.RaftServerConfigKeys (ConfUtils.java:logGet(46)) - raft.server.log.appender.snapshot.chunk.size.max = 16MB (=16777216) (default)
2022-10-03 12:56:11,980 [cb992ddc-d8fb-48b8-a749-54f43281b597@group-C340AA17E94F-LeaderElection37] INFO  server.RaftServerConfigKeys (ConfUtils.java:logGet(46)) - raft.server.log.appender.buffer.byte-limit = 33554432 (custom)
2022-10-03 12:56:11,980 [cb992ddc-d8fb-48b8-a749-54f43281b597@group-C340AA17E94F-LeaderElection37] INFO  server.RaftServerConfigKeys (ConfUtils.java:logGet(46)) - raft.server.log.appender.buffer.element-limit = 1 (custom)
2022-10-03 12:56:11,980 [cb992ddc-d8fb-48b8-a749-54f43281b597@group-C340AA17E94F-LeaderElection37] INFO  grpc.GrpcConfigKeys (ConfUtils.java:logGet(46)) - raft.grpc.server.leader.outstanding.appends.max = 128 (default)
2022-10-03 12:56:11,980 [cb992ddc-d8fb-48b8-a749-54f43281b597@group-C340AA17E94F-LeaderElection37] INFO  server.RaftServerConfigKeys (ConfUtils.java:logGet(46)) - raft.server.rpc.request.timeout = 60s (custom)
2022-10-03 12:56:11,980 [cb992ddc-d8fb-48b8-a749-54f43281b597@group-C340AA17E94F-LeaderElection37] INFO  server.RaftServerConfigKeys (ConfUtils.java:logGet(46)) - raft.server.log.appender.install.snapshot.enabled = false (custom)
2022-10-03 12:56:11,981 [cb992ddc-d8fb-48b8-a749-54f43281b597@group-C340AA17E94F-LeaderElection37] INFO  impl.RoleInfo (RoleInfo.java:updateAndGet(139)) - cb992ddc-d8fb-48b8-a749-54f43281b597: start cb992ddc-d8fb-48b8-a749-54f43281b597@group-C340AA17E94F-LeaderStateImpl
2022-10-03 12:56:11,981 [cb992ddc-d8fb-48b8-a749-54f43281b597@group-C340AA17E94F-LeaderElection37] INFO  segmented.SegmentedRaftLogWorker (SegmentedRaftLogWorker.java:startLogSegment(425)) - cb992ddc-d8fb-48b8-a749-54f43281b597@group-C340AA17E94F-SegmentedRaftLogWorker: Starting segment from index:0
2022-10-03 12:56:11,990 [cb992ddc-d8fb-48b8-a749-54f43281b597@group-C340AA17E94F-SegmentedRaftLogWorker] INFO  segmented.SegmentedRaftLogWorker (SegmentedRaftLogWorker.java:execute(629)) - cb992ddc-d8fb-48b8-a749-54f43281b597@group-C340AA17E94F-SegmentedRaftLogWorker: created new log segment /home/runner/work/ozone/ozone/hadoop-ozone/integration-test/target/test-dir/MiniOzoneClusterImpl-6443e5c3-9dee-4d73-83b7-63138ecdba9d/datanode-0/data/ratis/b5468242-77ef-41c2-b60c-c340aa17e94f/current/log_inprogress_0
2022-10-03 12:56:12,025 [cb992ddc-d8fb-48b8-a749-54f43281b597@group-C340AA17E94F-LeaderElection37] INFO  server.RaftServer$Division (ServerState.java:setRaftConf(393)) - cb992ddc-d8fb-48b8-a749-54f43281b597@group-C340AA17E94F: set configuration 0: [8aaa41ef-7b9f-4bd2-982e-3f8e5f477184|rpc:10.1.0.147:33597|dataStream:|priority:0, 967ae9f2-b522-4f2f-8a43-5ad718c2969e|rpc:10.1.0.147:40807|dataStream:|priority:0, cb992ddc-d8fb-48b8-a749-54f43281b597|rpc:10.1.0.147:33249|dataStream:|priority:1], old=null
2022-10-03 12:56:12,041 [8aaa41ef-7b9f-4bd2-982e-3f8e5f477184-server-thread1] INFO  ratis.XceiverServerRatis (XceiverServerRatis.java:handleLeaderChangedNotification(863)) - Leader change notification received for group: group-C340AA17E94F with new leaderId: cb992ddc-d8fb-48b8-a749-54f43281b597
2022-10-03 12:56:12,041 [8aaa41ef-7b9f-4bd2-982e-3f8e5f477184-server-thread1] INFO  server.RaftServer$Division (ServerState.java:setLeader(287)) - 8aaa41ef-7b9f-4bd2-982e-3f8e5f477184@group-C340AA17E94F: change Leader from null to cb992ddc-d8fb-48b8-a749-54f43281b597 at term 1 for appendEntries, leader elected after 5091ms
2022-10-03 12:56:12,101 [8aaa41ef-7b9f-4bd2-982e-3f8e5f477184@group-B21771689D7A-FollowerState] INFO  impl.FollowerState (FollowerState.java:run(143)) - 8aaa41ef-7b9f-4bd2-982e-3f8e5f477184@group-B21771689D7A-FollowerState: change to CANDIDATE, lastRpcElapsedTime:5196160603ns, electionTimeout:5188ms
2022-10-03 12:56:12,110 [967ae9f2-b522-4f2f-8a43-5ad718c2969e-server-thread1] INFO  ratis.XceiverServerRatis (XceiverServerRatis.java:handleLeaderChangedNotification(863)) - Leader change notification received for group: group-C340AA17E94F with new leaderId: cb992ddc-d8fb-48b8-a749-54f43281b597
2022-10-03 12:56:12,110 [967ae9f2-b522-4f2f-8a43-5ad718c2969e-server-thread1] INFO  server.RaftServer$Division (ServerState.java:setLeader(287)) - 967ae9f2-b522-4f2f-8a43-5ad718c2969e@group-C340AA17E94F: change Leader from null to cb992ddc-d8fb-48b8-a749-54f43281b597 at term 1 for appendEntries, leader elected after 4994ms
2022-10-03 12:56:12,110 [8aaa41ef-7b9f-4bd2-982e-3f8e5f477184-server-thread1] INFO  server.RaftServer$Division (ServerState.java:setRaftConf(393)) - 8aaa41ef-7b9f-4bd2-982e-3f8e5f477184@group-C340AA17E94F: set configuration 0: [8aaa41ef-7b9f-4bd2-982e-3f8e5f477184|rpc:10.1.0.147:33597|dataStream:|priority:0, 967ae9f2-b522-4f2f-8a43-5ad718c2969e|rpc:10.1.0.147:40807|dataStream:|priority:0, cb992ddc-d8fb-48b8-a749-54f43281b597|rpc:10.1.0.147:33249|dataStream:|priority:1], old=null
2022-10-03 12:56:12,149 [8aaa41ef-7b9f-4bd2-982e-3f8e5f477184@group-B21771689D7A-FollowerState] INFO  impl.RoleInfo (RoleInfo.java:shutdownFollowerState(110)) - 8aaa41ef-7b9f-4bd2-982e-3f8e5f477184: shutdown 8aaa41ef-7b9f-4bd2-982e-3f8e5f477184@group-B21771689D7A-FollowerState
2022-10-03 12:56:12,149 [8aaa41ef-7b9f-4bd2-982e-3f8e5f477184@group-B21771689D7A-FollowerState] INFO  server.RaftServer$Division (RaftServerImpl.java:setRole(299)) - 8aaa41ef-7b9f-4bd2-982e-3f8e5f477184@group-B21771689D7A: changes role from  FOLLOWER to CANDIDATE at term 0 for changeToCandidate
2022-10-03 12:56:12,149 [8aaa41ef-7b9f-4bd2-982e-3f8e5f477184@group-B21771689D7A-FollowerState] INFO  server.RaftServerConfigKeys (ConfUtils.java:logGet(46)) - raft.server.leaderelection.pre-vote = false (custom)
2022-10-03 12:56:12,149 [8aaa41ef-7b9f-4bd2-982e-3f8e5f477184@group-B21771689D7A-FollowerState] INFO  impl.RoleInfo (RoleInfo.java:updateAndGet(139)) - 8aaa41ef-7b9f-4bd2-982e-3f8e5f477184: start 8aaa41ef-7b9f-4bd2-982e-3f8e5f477184@group-B21771689D7A-LeaderElection38
2022-10-03 12:56:12,150 [8aaa41ef-7b9f-4bd2-982e-3f8e5f477184-server-thread1] INFO  segmented.SegmentedRaftLogWorker (SegmentedRaftLogWorker.java:startLogSegment(425)) - 8aaa41ef-7b9f-4bd2-982e-3f8e5f477184@group-C340AA17E94F-SegmentedRaftLogWorker: Starting segment from index:0
2022-10-03 12:56:12,166 [967ae9f2-b522-4f2f-8a43-5ad718c2969e-server-thread1] INFO  server.RaftServer$Division (ServerState.java:setRaftConf(393)) - 967ae9f2-b522-4f2f-8a43-5ad718c2969e@group-C340AA17E94F: set configuration 0: [8aaa41ef-7b9f-4bd2-982e-3f8e5f477184|rpc:10.1.0.147:33597|dataStream:|priority:0, 967ae9f2-b522-4f2f-8a43-5ad718c2969e|rpc:10.1.0.147:40807|dataStream:|priority:0, cb992ddc-d8fb-48b8-a749-54f43281b597|rpc:10.1.0.147:33249|dataStream:|priority:1], old=null
2022-10-03 12:56:12,166 [967ae9f2-b522-4f2f-8a43-5ad718c2969e-server-thread1] INFO  segmented.SegmentedRaftLogWorker (SegmentedRaftLogWorker.java:startLogSegment(425)) - 967ae9f2-b522-4f2f-8a43-5ad718c2969e@group-C340AA17E94F-SegmentedRaftLogWorker: Starting segment from index:0
2022-10-03 12:56:12,198 [967ae9f2-b522-4f2f-8a43-5ad718c2969e@group-C340AA17E94F-SegmentedRaftLogWorker] INFO  segmented.SegmentedRaftLogWorker (SegmentedRaftLogWorker.java:execute(629)) - 967ae9f2-b522-4f2f-8a43-5ad718c2969e@group-C340AA17E94F-SegmentedRaftLogWorker: created new log segment /home/runner/work/ozone/ozone/hadoop-ozone/integration-test/target/test-dir/MiniOzoneClusterImpl-6443e5c3-9dee-4d73-83b7-63138ecdba9d/datanode-1/data/ratis/b5468242-77ef-41c2-b60c-c340aa17e94f/current/log_inprogress_0
2022-10-03 12:56:12,199 [8aaa41ef-7b9f-4bd2-982e-3f8e5f477184@group-B21771689D7A-LeaderElection38] INFO  impl.LeaderElection (LeaderElection.java:askForVotes(310)) - 8aaa41ef-7b9f-4bd2-982e-3f8e5f477184@group-B21771689D7A-LeaderElection38 ELECTION round 0: submit vote requests at term 1 for -1: [8aaa41ef-7b9f-4bd2-982e-3f8e5f477184|rpc:10.1.0.147:33597|priority:1], old=null
2022-10-03 12:56:12,199 [8aaa41ef-7b9f-4bd2-982e-3f8e5f477184@group-B21771689D7A-LeaderElection38] INFO  impl.LeaderElection (LeaderElection.java:askForVotes(312)) - 8aaa41ef-7b9f-4bd2-982e-3f8e5f477184@group-B21771689D7A-LeaderElection38 ELECTION round 0: result PASSED (term=1)
2022-10-03 12:56:12,199 [8aaa41ef-7b9f-4bd2-982e-3f8e5f477184@group-B21771689D7A-LeaderElection38] INFO  impl.RoleInfo (RoleInfo.java:shutdownLeaderElection(130)) - 8aaa41ef-7b9f-4bd2-982e-3f8e5f477184: shutdown 8aaa41ef-7b9f-4bd2-982e-3f8e5f477184@group-B21771689D7A-LeaderElection38
2022-10-03 12:56:12,199 [8aaa41ef-7b9f-4bd2-982e-3f8e5f477184@group-B21771689D7A-LeaderElection38] INFO  server.RaftServer$Division (RaftServerImpl.java:setRole(299)) - 8aaa41ef-7b9f-4bd2-982e-3f8e5f477184@group-B21771689D7A: changes role from CANDIDATE to LEADER at term 1 for changeToLeader
2022-10-03 12:56:12,199 [8aaa41ef-7b9f-4bd2-982e-3f8e5f477184@group-B21771689D7A-LeaderElection38] INFO  ratis.XceiverServerRatis (XceiverServerRatis.java:handleLeaderChangedNotification(863)) - Leader change notification received for group: group-B21771689D7A with new leaderId: 8aaa41ef-7b9f-4bd2-982e-3f8e5f477184
2022-10-03 12:56:12,217 [8aaa41ef-7b9f-4bd2-982e-3f8e5f477184@group-C340AA17E94F-SegmentedRaftLogWorker] INFO  segmented.SegmentedRaftLogWorker (SegmentedRaftLogWorker.java:execute(629)) - 8aaa41ef-7b9f-4bd2-982e-3f8e5f477184@group-C340AA17E94F-SegmentedRaftLogWorker: created new log segment /home/runner/work/ozone/ozone/hadoop-ozone/integration-test/target/test-dir/MiniOzoneClusterImpl-6443e5c3-9dee-4d73-83b7-63138ecdba9d/datanode-2/data/ratis/b5468242-77ef-41c2-b60c-c340aa17e94f/current/log_inprogress_0
2022-10-03 12:56:12,241 [8aaa41ef-7b9f-4bd2-982e-3f8e5f477184@group-B21771689D7A-LeaderElection38] INFO  server.RaftServer$Division (ServerState.java:setLeader(287)) - 8aaa41ef-7b9f-4bd2-982e-3f8e5f477184@group-B21771689D7A: change Leader from null to 8aaa41ef-7b9f-4bd2-982e-3f8e5f477184 at term 1 for becomeLeader, leader elected after 5330ms
2022-10-03 12:56:12,241 [8aaa41ef-7b9f-4bd2-982e-3f8e5f477184@group-B21771689D7A-LeaderElection38] INFO  server.RaftServerConfigKeys (ConfUtils.java:logGet(46)) - raft.server.staging.catchup.gap = 1000 (default)
2022-10-03 12:56:12,241 [8aaa41ef-7b9f-4bd2-982e-3f8e5f477184@group-B21771689D7A-LeaderElection38] INFO  server.RaftServerConfigKeys (ConfUtils.java:logGet(46)) - raft.server.write.element-limit = 1024 (custom)
2022-10-03 12:56:12,241 [8aaa41ef-7b9f-4bd2-982e-3f8e5f477184@group-B21771689D7A-LeaderElection38] INFO  server.RaftServerConfigKeys (ConfUtils.java:logGet(46)) - raft.server.write.byte-limit = 1024 M (=1073741824) (custom)
2022-10-03 12:56:12,242 [8aaa41ef-7b9f-4bd2-982e-3f8e5f477184@group-B21771689D7A-LeaderElection38] INFO  server.RaftServerConfigKeys (ConfUtils.java:logGet(46)) - raft.server.watch.timeout = 180s (custom)
2022-10-03 12:56:12,242 [8aaa41ef-7b9f-4bd2-982e-3f8e5f477184@group-B21771689D7A-LeaderElection38] INFO  server.RaftServerConfigKeys (ConfUtils.java:logGet(46)) - raft.server.watch.timeout.denomination = 1s (default)
2022-10-03 12:56:12,242 [8aaa41ef-7b9f-4bd2-982e-3f8e5f477184@group-B21771689D7A-LeaderElection38] INFO  server.RaftServerConfigKeys (ConfUtils.java:logGet(46)) - raft.server.watch.element-limit = 65536 (default)
2022-10-03 12:56:12,242 [8aaa41ef-7b9f-4bd2-982e-3f8e5f477184@group-B21771689D7A-LeaderElection38] INFO  server.RaftServerConfigKeys (ConfUtils.java:logGet(46)) - raft.server.write.element-limit = 1024 (custom)
2022-10-03 12:56:12,242 [8aaa41ef-7b9f-4bd2-982e-3f8e5f477184@group-B21771689D7A-LeaderElection38] INFO  server.RaftServerConfigKeys (ConfUtils.java:logGet(46)) - raft.server.write.follower.gap.ratio.max = -1.0 (default)
2022-10-03 12:56:12,242 [8aaa41ef-7b9f-4bd2-982e-3f8e5f477184@group-B21771689D7A-LeaderElection38] INFO  impl.RoleInfo (RoleInfo.java:updateAndGet(139)) - 8aaa41ef-7b9f-4bd2-982e-3f8e5f477184: start 8aaa41ef-7b9f-4bd2-982e-3f8e5f477184@group-B21771689D7A-LeaderStateImpl
2022-10-03 12:56:12,242 [8aaa41ef-7b9f-4bd2-982e-3f8e5f477184@group-B21771689D7A-LeaderElection38] INFO  segmented.SegmentedRaftLogWorker (SegmentedRaftLogWorker.java:startLogSegment(425)) - 8aaa41ef-7b9f-4bd2-982e-3f8e5f477184@group-B21771689D7A-SegmentedRaftLogWorker: Starting segment from index:0
2022-10-03 12:56:12,244 [8aaa41ef-7b9f-4bd2-982e-3f8e5f477184@group-B21771689D7A-SegmentedRaftLogWorker] INFO  segmented.SegmentedRaftLogWorker (SegmentedRaftLogWorker.java:execute(629)) - 8aaa41ef-7b9f-4bd2-982e-3f8e5f477184@group-B21771689D7A-SegmentedRaftLogWorker: created new log segment /home/runner/work/ozone/ozone/hadoop-ozone/integration-test/target/test-dir/MiniOzoneClusterImpl-6443e5c3-9dee-4d73-83b7-63138ecdba9d/datanode-2/data/ratis/ad2df0e5-11e7-49a5-b1f6-b21771689d7a/current/log_inprogress_0
2022-10-03 12:56:12,258 [8aaa41ef-7b9f-4bd2-982e-3f8e5f477184@group-B21771689D7A-LeaderElection38] INFO  server.RaftServer$Division (ServerState.java:setRaftConf(393)) - 8aaa41ef-7b9f-4bd2-982e-3f8e5f477184@group-B21771689D7A: set configuration 0: [8aaa41ef-7b9f-4bd2-982e-3f8e5f477184|rpc:10.1.0.147:33597|dataStream:|priority:1], old=null
2022-10-03 12:56:12,577 [967ae9f2-b522-4f2f-8a43-5ad718c2969e@group-59E2BD6473D6-FollowerState] INFO  impl.FollowerState (FollowerState.java:run(143)) - 967ae9f2-b522-4f2f-8a43-5ad718c2969e@group-59E2BD6473D6-FollowerState: change to CANDIDATE, lastRpcElapsedTime:5054411484ns, electionTimeout:5054ms
2022-10-03 12:56:12,577 [967ae9f2-b522-4f2f-8a43-5ad718c2969e@group-59E2BD6473D6-FollowerState] INFO  impl.RoleInfo (RoleInfo.java:shutdownFollowerState(110)) - 967ae9f2-b522-4f2f-8a43-5ad718c2969e: shutdown 967ae9f2-b522-4f2f-8a43-5ad718c2969e@group-59E2BD6473D6-FollowerState
2022-10-03 12:56:12,577 [967ae9f2-b522-4f2f-8a43-5ad718c2969e@group-59E2BD6473D6-FollowerState] INFO  server.RaftServer$Division (RaftServerImpl.java:setRole(299)) - 967ae9f2-b522-4f2f-8a43-5ad718c2969e@group-59E2BD6473D6: changes role from  FOLLOWER to CANDIDATE at term 0 for changeToCandidate
2022-10-03 12:56:12,577 [967ae9f2-b522-4f2f-8a43-5ad718c2969e@group-59E2BD6473D6-FollowerState] INFO  server.RaftServerConfigKeys (ConfUtils.java:logGet(46)) - raft.server.leaderelection.pre-vote = false (custom)
2022-10-03 12:56:12,577 [967ae9f2-b522-4f2f-8a43-5ad718c2969e@group-59E2BD6473D6-FollowerState] INFO  impl.RoleInfo (RoleInfo.java:updateAndGet(139)) - 967ae9f2-b522-4f2f-8a43-5ad718c2969e: start 967ae9f2-b522-4f2f-8a43-5ad718c2969e@group-59E2BD6473D6-LeaderElection39
2022-10-03 12:56:12,628 [967ae9f2-b522-4f2f-8a43-5ad718c2969e@group-59E2BD6473D6-LeaderElection39] INFO  impl.LeaderElection (LeaderElection.java:askForVotes(310)) - 967ae9f2-b522-4f2f-8a43-5ad718c2969e@group-59E2BD6473D6-LeaderElection39 ELECTION round 0: submit vote requests at term 1 for -1: [967ae9f2-b522-4f2f-8a43-5ad718c2969e|rpc:10.1.0.147:40807|priority:1], old=null
2022-10-03 12:56:12,628 [967ae9f2-b522-4f2f-8a43-5ad718c2969e@group-59E2BD6473D6-LeaderElection39] INFO  impl.LeaderElection (LeaderElection.java:askForVotes(312)) - 967ae9f2-b522-4f2f-8a43-5ad718c2969e@group-59E2BD6473D6-LeaderElection39 ELECTION round 0: result PASSED (term=1)
2022-10-03 12:56:12,628 [967ae9f2-b522-4f2f-8a43-5ad718c2969e@group-59E2BD6473D6-LeaderElection39] INFO  impl.RoleInfo (RoleInfo.java:shutdownLeaderElection(130)) - 967ae9f2-b522-4f2f-8a43-5ad718c2969e: shutdown 967ae9f2-b522-4f2f-8a43-5ad718c2969e@group-59E2BD6473D6-LeaderElection39
2022-10-03 12:56:12,628 [967ae9f2-b522-4f2f-8a43-5ad718c2969e@group-59E2BD6473D6-LeaderElection39] INFO  server.RaftServer$Division (RaftServerImpl.java:setRole(299)) - 967ae9f2-b522-4f2f-8a43-5ad718c2969e@group-59E2BD6473D6: changes role from CANDIDATE to LEADER at term 1 for changeToLeader
2022-10-03 12:56:12,628 [967ae9f2-b522-4f2f-8a43-5ad718c2969e@group-59E2BD6473D6-LeaderElection39] INFO  ratis.XceiverServerRatis (XceiverServerRatis.java:handleLeaderChangedNotification(863)) - Leader change notification received for group: group-59E2BD6473D6 with new leaderId: 967ae9f2-b522-4f2f-8a43-5ad718c2969e
2022-10-03 12:56:12,628 [967ae9f2-b522-4f2f-8a43-5ad718c2969e@group-59E2BD6473D6-LeaderElection39] INFO  server.RaftServer$Division (ServerState.java:setLeader(287)) - 967ae9f2-b522-4f2f-8a43-5ad718c2969e@group-59E2BD6473D6: change Leader from null to 967ae9f2-b522-4f2f-8a43-5ad718c2969e at term 1 for becomeLeader, leader elected after 5141ms
2022-10-03 12:56:12,628 [967ae9f2-b522-4f2f-8a43-5ad718c2969e@group-59E2BD6473D6-LeaderElection39] INFO  server.RaftServerConfigKeys (ConfUtils.java:logGet(46)) - raft.server.staging.catchup.gap = 1000 (default)
2022-10-03 12:56:12,629 [967ae9f2-b522-4f2f-8a43-5ad718c2969e@group-59E2BD6473D6-LeaderElection39] INFO  server.RaftServerConfigKeys (ConfUtils.java:logGet(46)) - raft.server.write.element-limit = 1024 (custom)
2022-10-03 12:56:12,629 [967ae9f2-b522-4f2f-8a43-5ad718c2969e@group-59E2BD6473D6-LeaderElection39] INFO  server.RaftServerConfigKeys (ConfUtils.java:logGet(46)) - raft.server.write.byte-limit = 1024 M (=1073741824) (custom)
2022-10-03 12:56:12,629 [967ae9f2-b522-4f2f-8a43-5ad718c2969e@group-59E2BD6473D6-LeaderElection39] INFO  server.RaftServerConfigKeys (ConfUtils.java:logGet(46)) - raft.server.watch.timeout = 180s (custom)
2022-10-03 12:56:12,629 [967ae9f2-b522-4f2f-8a43-5ad718c2969e@group-59E2BD6473D6-LeaderElection39] INFO  server.RaftServerConfigKeys (ConfUtils.java:logGet(46)) - raft.server.watch.timeout.denomination = 1s (default)
2022-10-03 12:56:12,629 [967ae9f2-b522-4f2f-8a43-5ad718c2969e@group-59E2BD6473D6-LeaderElection39] INFO  server.RaftServerConfigKeys (ConfUtils.java:logGet(46)) - raft.server.watch.element-limit = 65536 (default)
2022-10-03 12:56:12,629 [967ae9f2-b522-4f2f-8a43-5ad718c2969e@group-59E2BD6473D6-LeaderElection39] INFO  server.RaftServerConfigKeys (ConfUtils.java:logGet(46)) - raft.server.write.element-limit = 1024 (custom)
2022-10-03 12:56:12,629 [967ae9f2-b522-4f2f-8a43-5ad718c2969e@group-59E2BD6473D6-LeaderElection39] INFO  server.RaftServerConfigKeys (ConfUtils.java:logGet(46)) - raft.server.write.follower.gap.ratio.max = -1.0 (default)
2022-10-03 12:56:12,629 [967ae9f2-b522-4f2f-8a43-5ad718c2969e@group-59E2BD6473D6-LeaderElection39] INFO  impl.RoleInfo (RoleInfo.java:updateAndGet(139)) - 967ae9f2-b522-4f2f-8a43-5ad718c2969e: start 967ae9f2-b522-4f2f-8a43-5ad718c2969e@group-59E2BD6473D6-LeaderStateImpl
2022-10-03 12:56:12,629 [967ae9f2-b522-4f2f-8a43-5ad718c2969e@group-59E2BD6473D6-LeaderElection39] INFO  segmented.SegmentedRaftLogWorker (SegmentedRaftLogWorker.java:startLogSegment(425)) - 967ae9f2-b522-4f2f-8a43-5ad718c2969e@group-59E2BD6473D6-SegmentedRaftLogWorker: Starting segment from index:0
2022-10-03 12:56:12,631 [967ae9f2-b522-4f2f-8a43-5ad718c2969e@group-59E2BD6473D6-SegmentedRaftLogWorker] INFO  segmented.SegmentedRaftLogWorker (SegmentedRaftLogWorker.java:execute(629)) - 967ae9f2-b522-4f2f-8a43-5ad718c2969e@group-59E2BD6473D6-SegmentedRaftLogWorker: created new log segment /home/runner/work/ozone/ozone/hadoop-ozone/integration-test/target/test-dir/MiniOzoneClusterImpl-6443e5c3-9dee-4d73-83b7-63138ecdba9d/datanode-1/data/ratis/711fbfe2-d1df-450a-9455-59e2bd6473d6/current/log_inprogress_0
2022-10-03 12:56:12,649 [967ae9f2-b522-4f2f-8a43-5ad718c2969e@group-59E2BD6473D6-LeaderElection39] INFO  server.RaftServer$Division (ServerState.java:setRaftConf(393)) - 967ae9f2-b522-4f2f-8a43-5ad718c2969e@group-59E2BD6473D6: set configuration 0: [967ae9f2-b522-4f2f-8a43-5ad718c2969e|rpc:10.1.0.147:40807|dataStream:|priority:1], old=null
2022-10-03 12:56:12,741 [Listener at 127.0.0.1/32777] INFO  ozone.MiniOzoneClusterImpl (MiniOzoneClusterImpl.java:lambda$waitForClusterToBeReady$0(216)) - Nodes are ready. Got 3 of 3 DN Heartbeats.
2022-10-03 12:56:12,742 [Listener at 127.0.0.1/32777] INFO  ozone.MiniOzoneClusterImpl (MiniOzoneClusterImpl.java:lambda$waitForClusterToBeReady$0(219)) - Cluster exits safe mode
2022-10-03 12:56:12,742 [Listener at 127.0.0.1/32777] INFO  ozone.MiniOzoneClusterImpl (MiniOzoneClusterImpl.java:lambda$waitForClusterToBeReady$0(221)) - SCM became leader
]]></system-out>
    </rerunFailure>
    <rerunFailure type="java.lang.AssertionError">
      <stackTrace><![CDATA[java.lang.AssertionError
	at org.junit.Assert.fail(Assert.java:87)
	at org.junit.Assert.assertTrue(Assert.java:42)
	at org.junit.Assert.assertTrue(Assert.java:53)
	at org.apache.hadoop.hdds.scm.TestRatisPipelineLeader.testLeaderIdAfterLeaderChange(TestRatisPipelineLeader.java:119)
	at sun.reflect.NativeMethodAccessorImpl.invoke0(Native Method)
	at sun.reflect.NativeMethodAccessorImpl.invoke(NativeMethodAccessorImpl.java:62)
	at sun.reflect.DelegatingMethodAccessorImpl.invoke(DelegatingMethodAccessorImpl.java:43)
	at java.lang.reflect.Method.invoke(Method.java:498)
	at org.junit.platform.commons.util.ReflectionUtils.invokeMethod(ReflectionUtils.java:725)
	at org.junit.jupiter.engine.execution.MethodInvocation.proceed(MethodInvocation.java:60)
	at org.junit.jupiter.engine.execution.InvocationInterceptorChain$ValidatingInvocation.proceed(InvocationInterceptorChain.java:131)
	at org.junit.jupiter.engine.extension.TimeoutInvocation.proceed(TimeoutInvocation.java:46)
	at org.junit.jupiter.engine.extension.TimeoutExtension.intercept(TimeoutExtension.java:149)
	at org.junit.jupiter.engine.extension.TimeoutExtension.interceptTestableMethod(TimeoutExtension.java:140)
	at org.junit.jupiter.engine.extension.TimeoutExtension.interceptTestMethod(TimeoutExtension.java:84)
	at org.junit.jupiter.engine.execution.ExecutableInvoker$ReflectiveInterceptorCall.lambda$ofVoidMethod$0(ExecutableInvoker.java:115)
	at org.junit.jupiter.engine.execution.ExecutableInvoker.lambda$invoke$0(ExecutableInvoker.java:105)
	at org.junit.jupiter.engine.execution.InvocationInterceptorChain$InterceptedInvocation.proceed(InvocationInterceptorChain.java:106)
	at org.junit.jupiter.engine.execution.InvocationInterceptorChain.proceed(InvocationInterceptorChain.java:64)
	at org.junit.jupiter.engine.execution.InvocationInterceptorChain.chainAndInvoke(InvocationInterceptorChain.java:45)
	at org.junit.jupiter.engine.execution.InvocationInterceptorChain.invoke(InvocationInterceptorChain.java:37)
	at org.junit.jupiter.engine.execution.ExecutableInvoker.invoke(ExecutableInvoker.java:104)
	at org.junit.jupiter.engine.execution.ExecutableInvoker.invoke(ExecutableInvoker.java:98)
	at org.junit.jupiter.engine.descriptor.TestMethodTestDescriptor.lambda$invokeTestMethod$7(TestMethodTestDescriptor.java:214)
	at org.junit.platform.engine.support.hierarchical.ThrowableCollector.execute(ThrowableCollector.java:73)
	at org.junit.jupiter.engine.descriptor.TestMethodTestDescriptor.invokeTestMethod(TestMethodTestDescriptor.java:210)
	at org.junit.jupiter.engine.descriptor.TestMethodTestDescriptor.execute(TestMethodTestDescriptor.java:135)
	at org.junit.jupiter.engine.descriptor.TestMethodTestDescriptor.execute(TestMethodTestDescriptor.java:66)
	at org.junit.platform.engine.support.hierarchical.NodeTestTask.lambda$executeRecursively$6(NodeTestTask.java:151)
	at org.junit.platform.engine.support.hierarchical.ThrowableCollector.execute(ThrowableCollector.java:73)
	at org.junit.platform.engine.support.hierarchical.NodeTestTask.lambda$executeRecursively$8(NodeTestTask.java:141)
	at org.junit.platform.engine.support.hierarchical.Node.around(Node.java:137)
	at org.junit.platform.engine.support.hierarchical.NodeTestTask.lambda$executeRecursively$9(NodeTestTask.java:139)
	at org.junit.platform.engine.support.hierarchical.ThrowableCollector.execute(ThrowableCollector.java:73)
	at org.junit.platform.engine.support.hierarchical.NodeTestTask.executeRecursively(NodeTestTask.java:138)
	at org.junit.platform.engine.support.hierarchical.NodeTestTask.execute(NodeTestTask.java:95)
	at java.util.ArrayList.forEach(ArrayList.java:1259)
	at org.junit.platform.engine.support.hierarchical.SameThreadHierarchicalTestExecutorService.invokeAll(SameThreadHierarchicalTestExecutorService.java:41)
	at org.junit.platform.engine.support.hierarchical.NodeTestTask.lambda$executeRecursively$6(NodeTestTask.java:155)
	at org.junit.platform.engine.support.hierarchical.ThrowableCollector.execute(ThrowableCollector.java:73)
	at org.junit.platform.engine.support.hierarchical.NodeTestTask.lambda$executeRecursively$8(NodeTestTask.java:141)
	at org.junit.platform.engine.support.hierarchical.Node.around(Node.java:137)
	at org.junit.platform.engine.support.hierarchical.NodeTestTask.lambda$executeRecursively$9(NodeTestTask.java:139)
	at org.junit.platform.engine.support.hierarchical.ThrowableCollector.execute(ThrowableCollector.java:73)
	at org.junit.platform.engine.support.hierarchical.NodeTestTask.executeRecursively(NodeTestTask.java:138)
	at org.junit.platform.engine.support.hierarchical.NodeTestTask.execute(NodeTestTask.java:95)
	at java.util.ArrayList.forEach(ArrayList.java:1259)
	at org.junit.platform.engine.support.hierarchical.SameThreadHierarchicalTestExecutorService.invokeAll(SameThreadHierarchicalTestExecutorService.java:41)
	at org.junit.platform.engine.support.hierarchical.NodeTestTask.lambda$executeRecursively$6(NodeTestTask.java:155)
	at org.junit.platform.engine.support.hierarchical.ThrowableCollector.execute(ThrowableCollector.java:73)
	at org.junit.platform.engine.support.hierarchical.NodeTestTask.lambda$executeRecursively$8(NodeTestTask.java:141)
	at org.junit.platform.engine.support.hierarchical.Node.around(Node.java:137)
	at org.junit.platform.engine.support.hierarchical.NodeTestTask.lambda$executeRecursively$9(NodeTestTask.java:139)
	at org.junit.platform.engine.support.hierarchical.ThrowableCollector.execute(ThrowableCollector.java:73)
	at org.junit.platform.engine.support.hierarchical.NodeTestTask.executeRecursively(NodeTestTask.java:138)
	at org.junit.platform.engine.support.hierarchical.NodeTestTask.execute(NodeTestTask.java:95)
	at org.junit.platform.engine.support.hierarchical.SameThreadHierarchicalTestExecutorService.submit(SameThreadHierarchicalTestExecutorService.java:35)
	at org.junit.platform.engine.support.hierarchical.HierarchicalTestExecutor.execute(HierarchicalTestExecutor.java:57)
	at org.junit.platform.engine.support.hierarchical.HierarchicalTestEngine.execute(HierarchicalTestEngine.java:54)
	at org.junit.platform.launcher.core.EngineExecutionOrchestrator.execute(EngineExecutionOrchestrator.java:107)
	at org.junit.platform.launcher.core.EngineExecutionOrchestrator.execute(EngineExecutionOrchestrator.java:88)
	at org.junit.platform.launcher.core.EngineExecutionOrchestrator.lambda$execute$0(EngineExecutionOrchestrator.java:54)
	at org.junit.platform.launcher.core.EngineExecutionOrchestrator.withInterceptedStreams(EngineExecutionOrchestrator.java:67)
	at org.junit.platform.launcher.core.EngineExecutionOrchestrator.execute(EngineExecutionOrchestrator.java:52)
	at org.junit.platform.launcher.core.DefaultLauncher.execute(DefaultLauncher.java:114)
	at org.junit.platform.launcher.core.DefaultLauncher.execute(DefaultLauncher.java:86)
	at org.junit.platform.launcher.core.DefaultLauncherSession$DelegatingLauncher.execute(DefaultLauncherSession.java:86)
	at org.junit.platform.launcher.core.SessionPerRequestLauncher.execute(SessionPerRequestLauncher.java:53)
	at org.apache.maven.surefire.junitplatform.JUnitPlatformProvider.invokeAllTests(JUnitPlatformProvider.java:165)
	at org.apache.maven.surefire.junitplatform.JUnitPlatformProvider.invoke(JUnitPlatformProvider.java:124)
	at org.apache.maven.surefire.booter.ForkedBooter.runSuitesInProcess(ForkedBooter.java:428)
	at org.apache.maven.surefire.booter.ForkedBooter.execute(ForkedBooter.java:162)
	at org.apache.maven.surefire.booter.ForkedBooter.run(ForkedBooter.java:562)
	at org.apache.maven.surefire.booter.ForkedBooter.main(ForkedBooter.java:548)
]]></stackTrace>
      <system-out><![CDATA[2022-10-03 12:56:34,049 [Listener at 127.0.0.1/32777] WARN  server.ServerUtils (ServerUtils.java:getScmDbDir(148)) - ozone.scm.db.dirs is not configured. We recommend adding this setting. Falling back to ozone.metadata.dirs instead.
2022-10-03 12:56:34,052 [Listener at 127.0.0.1/32777] WARN  server.ServerUtils (ServerUtils.java:getScmDbDir(148)) - ozone.scm.db.dirs is not configured. We recommend adding this setting. Falling back to ozone.metadata.dirs instead.
2022-10-03 12:56:34,054 [Listener at 127.0.0.1/32777] INFO  ha.SCMHANodeDetails (SCMHANodeDetails.java:loadSCMHAConfig(209)) - ServiceID for StorageContainerManager is null
2022-10-03 12:56:34,054 [Listener at 127.0.0.1/32777] INFO  ha.SCMHANodeDetails (SCMHANodeDetails.java:loadSCMHAConfig(214)) - ozone.scm.default.service.id is not defined, falling back to ozone.scm.service.ids to find serviceID for StorageContainerManager if it is HA enabled cluster
2022-10-03 12:56:34,055 [Listener at 127.0.0.1/32777] WARN  utils.HAUtils (HAUtils.java:getMetaDir(342)) - ozone.scm.db.dirs is not configured. We recommend adding this setting. Falling back to ozone.metadata.dirs instead.
2022-10-03 12:56:34,055 [Listener at 127.0.0.1/32777] WARN  db.DBStoreBuilder (DBStoreBuilder.java:applyDBDefinition(144)) - ozone.scm.db.dirs is not configured. We recommend adding this setting. Falling back to ozone.metadata.dirs instead.
2022-10-03 12:56:34,602 [Listener at 127.0.0.1/32777] INFO  net.NodeSchemaLoader (NodeSchemaLoader.java:loadSchemaFromFile(129)) - Loading schema from [jar:file:/home/runner/.m2/repository/org/apache/ozone/hdds-common/1.3.0-SNAPSHOT/hdds-common-1.3.0-SNAPSHOT.jar!/network-topology-default.xml]
2022-10-03 12:56:34,602 [Listener at 127.0.0.1/32777] INFO  net.NodeSchemaLoader (NodeSchemaLoader.java:loadSchema(176)) - Loading network topology layer schema file
2022-10-03 12:56:34,605 [Listener at 127.0.0.1/32777] WARN  impl.MetricRegistriesImpl (MetricRegistriesImpl.java:addReporterRegistration(111)) - New reporters are added after registries were created. Some metrics will be missing from the reporter. Please add reporter before adding any new registry.
2022-10-03 12:56:34,605 [Listener at 127.0.0.1/32777] WARN  impl.MetricRegistriesImpl (MetricRegistriesImpl.java:addReporterRegistration(111)) - New reporters are added after registries were created. Some metrics will be missing from the reporter. Please add reporter before adding any new registry.
2022-10-03 12:56:34,605 [Listener at 127.0.0.1/32777] INFO  upgrade.AbstractLayoutVersionManager (AbstractLayoutVersionManager.java:init(83)) - Initializing Layout version manager with metadata layout = DATANODE_SCHEMA_V3 (version = 4), software layout = DATANODE_SCHEMA_V3 (version = 4)
2022-10-03 12:56:34,678 [Listener at 127.0.0.1/32777] INFO  reflections.Reflections (Reflections.java:scan(232)) - Reflections took 72 ms to scan 7 urls, producing 135 keys and 327 values 
2022-10-03 12:56:34,680 [Listener at 127.0.0.1/32777] INFO  ha.SequenceIdGenerator (SequenceIdGenerator.java:upgradeToSequenceId(349)) - upgrade localId to 109611004723200000
2022-10-03 12:56:34,681 [Listener at 127.0.0.1/32777] INFO  ha.SequenceIdGenerator (SequenceIdGenerator.java:upgradeToSequenceId(359)) - upgrade delTxnId to 0
2022-10-03 12:56:34,681 [Listener at 127.0.0.1/32777] INFO  ha.SequenceIdGenerator (SequenceIdGenerator.java:upgradeToSequenceId(376)) - upgrade containerId to 0
2022-10-03 12:56:34,681 [Listener at 127.0.0.1/32777] INFO  ha.SequenceIdGenerator (SequenceIdGenerator.java:<init>(220)) - Init the HA SequenceIdGenerator.
2022-10-03 12:56:34,682 [Listener at 127.0.0.1/32777] WARN  server.ServerUtils (ServerUtils.java:sanitizeUserArgs(73)) - ozone.scm.stale.node.interval value = 300000 is larger than max = 100000 based on the key value of ozone.scm.heartbeat.thread.interval, reset to the max value 100000.
2022-10-03 12:56:34,682 [Listener at 127.0.0.1/32777] WARN  server.ServerUtils (ServerUtils.java:sanitizeUserArgs(73)) - ozone.scm.stale.node.interval value = 300000 is larger than max = 100000 based on the key value of ozone.scm.heartbeat.thread.interval, reset to the max value 100000.
2022-10-03 12:56:34,725 [Listener at 127.0.0.1/32777] INFO  node.SCMNodeManager (SCMNodeManager.java:<init>(149)) - Entering startup safe mode.
2022-10-03 12:56:34,725 [Listener at 127.0.0.1/32777] INFO  algorithms.ContainerPlacementPolicyFactory (ContainerPlacementPolicyFactory.java:getPolicyInternal(86)) - Create container placement policy of type org.apache.hadoop.hdds.scm.container.placement.algorithms.SCMContainerPlacementRandom
2022-10-03 12:56:34,726 [Listener at 127.0.0.1/32777] INFO  algorithms.ContainerPlacementPolicyFactory (ContainerPlacementPolicyFactory.java:getPolicyInternal(86)) - Create container placement policy of type org.apache.hadoop.hdds.scm.container.placement.algorithms.SCMContainerPlacementRackScatter
2022-10-03 12:56:34,726 [Listener at 127.0.0.1/32777] INFO  pipeline.PipelineStateManagerImpl (PipelineStateManagerImpl.java:initialize(78)) - No pipeline exists in current db
2022-10-03 12:56:34,727 [Listener at 127.0.0.1/32777] INFO  algorithms.LeaderChoosePolicyFactory (LeaderChoosePolicyFactory.java:getPolicy(57)) - Create leader choose policy of type org.apache.hadoop.hdds.scm.pipeline.leader.choose.algorithms.MinLeaderCountChoosePolicy
2022-10-03 12:56:34,727 [Listener at 127.0.0.1/32777] INFO  algorithms.ContainerPlacementPolicyFactory (ContainerPlacementPolicyFactory.java:getPolicyInternal(86)) - Create container placement policy of type org.apache.hadoop.hdds.scm.container.placement.algorithms.SCMContainerPlacementRackScatter
2022-10-03 12:56:34,727 [Listener at 127.0.0.1/32777] INFO  ha.SCMServiceManager (SCMServiceManager.java:register(42)) - Registering service BackgroundPipelineCreator.
2022-10-03 12:56:34,728 [Listener at 127.0.0.1/32777] INFO  pipeline.BackgroundPipelineCreator (BackgroundPipelineCreator.java:start(124)) - Starting RatisPipelineUtilsThread.
2022-10-03 12:56:34,785 [Listener at 127.0.0.1/32777] INFO  BackgroundPipelineScrubber (BackgroundSCMService.java:start(68)) - Starting BackgroundPipelineScrubber Service.
2022-10-03 12:56:34,785 [Listener at 127.0.0.1/32777] INFO  ha.SCMServiceManager (SCMServiceManager.java:register(42)) - Registering service BackgroundPipelineScrubber.
2022-10-03 12:56:34,786 [Listener at 127.0.0.1/32777] INFO  ExpiredContainerReplicaOpScrubber (BackgroundSCMService.java:start(68)) - Starting ExpiredContainerReplicaOpScrubber Service.
2022-10-03 12:56:34,786 [Listener at 127.0.0.1/32777] INFO  ha.SCMServiceManager (SCMServiceManager.java:register(42)) - Registering service ExpiredContainerReplicaOpScrubber.
2022-10-03 12:56:34,787 [Listener at 127.0.0.1/32777] INFO  algorithms.PipelineChoosePolicyFactory (PipelineChoosePolicyFactory.java:createPipelineChoosePolicyFromClass(73)) - Create pipeline choose policy of type org.apache.hadoop.hdds.scm.pipeline.choose.algorithms.RandomPipelineChoosePolicy
2022-10-03 12:56:34,787 [Listener at 127.0.0.1/32777] INFO  ha.SCMServiceManager (SCMServiceManager.java:register(42)) - Registering service SCMBlockDeletingService.
2022-10-03 12:56:34,788 [Listener at 127.0.0.1/32777] INFO  replication.ReplicationManager (ReplicationManager.java:start(223)) - Starting Replication Monitor Thread.
2022-10-03 12:56:34,788 [Listener at 127.0.0.1/32777] INFO  ha.SCMServiceManager (SCMServiceManager.java:register(42)) - Registering service ReplicationManager.
2022-10-03 12:56:34,789 [Listener at 127.0.0.1/32777] INFO  safemode.ContainerSafeModeRule (ContainerSafeModeRule.java:<init>(89)) - containers with one replica threshold count 0
2022-10-03 12:56:34,789 [Listener at 127.0.0.1/32777] INFO  safemode.HealthyPipelineSafeModeRule (HealthyPipelineSafeModeRule.java:initializeRule(169)) - Total pipeline count is 0, healthy pipeline threshold count is 1
2022-10-03 12:56:34,789 [Listener at 127.0.0.1/32777] INFO  safemode.OneReplicaPipelineSafeModeRule (OneReplicaPipelineSafeModeRule.java:initializeRule(180)) - Total pipeline count is 0, pipeline's with at least one datanode reported threshold count is 0
2022-10-03 12:56:34,796 [Listener at 127.0.0.1/32777] INFO  ipc.CallQueueManager (CallQueueManager.java:<init>(90)) - Using callQueue: class java.util.concurrent.LinkedBlockingQueue, queueCapacity: 2000, scheduler: class org.apache.hadoop.ipc.DefaultRpcScheduler, ipcBackoff: false.
2022-10-03 12:56:34,837 [Socket Reader #1 for port 0] INFO  ipc.Server (Server.java:run(1265)) - Starting Socket Reader #1 for port 0
2022-10-03 12:56:34,838 [Listener at 0.0.0.0/38797] INFO  ipc.CallQueueManager (CallQueueManager.java:<init>(90)) - Using callQueue: class java.util.concurrent.LinkedBlockingQueue, queueCapacity: 2000, scheduler: class org.apache.hadoop.ipc.DefaultRpcScheduler, ipcBackoff: false.
2022-10-03 12:56:34,877 [Socket Reader #1 for port 0] INFO  ipc.Server (Server.java:run(1265)) - Starting Socket Reader #1 for port 0
2022-10-03 12:56:34,878 [Listener at 0.0.0.0/45217] INFO  ipc.CallQueueManager (CallQueueManager.java:<init>(90)) - Using callQueue: class java.util.concurrent.LinkedBlockingQueue, queueCapacity: 2000, scheduler: class org.apache.hadoop.ipc.DefaultRpcScheduler, ipcBackoff: false.
2022-10-03 12:56:34,885 [Socket Reader #1 for port 0] INFO  ipc.Server (Server.java:run(1265)) - Starting Socket Reader #1 for port 0
2022-10-03 12:56:34,914 [ReplicationMonitor] INFO  replication.ReplicationManager (ReplicationManager.java:processAll(291)) - Replication Manager is not ready to run until 3000ms after safemode exit
2022-10-03 12:56:34,988 [Listener at 0.0.0.0/38243] INFO  ha.SCMServiceManager (SCMServiceManager.java:register(42)) - Registering service ContainerBalancer.
2022-10-03 12:56:34,988 [Listener at 0.0.0.0/38243] INFO  server.StorageContainerManager (StorageContainerManager.java:<init>(410)) - 
Container Balancer status:
Key                            Value
Running                        false
Container Balancer Configuration values:
Key                                                Value
Threshold                                          10
Max Datanodes to Involve per Iteration(percent)    20
Max Size to Move per Iteration                     500GB
Max Size Entering Target per Iteration             26GB
Max Size Leaving Source per Iteration              26GB

2022-10-03 12:56:34,988 [Listener at 0.0.0.0/38243] WARN  events.EventQueue (EventQueue.java:fireEvent(216)) - No event handler registered for event TypedEvent{payloadType=SafeModeStatus, name='Safe mode status'}
2022-10-03 12:56:34,989 [Listener at 0.0.0.0/38243] INFO  ha.SCMContext (SCMContext.java:updateSafeModeStatus(228)) - Update SafeModeStatus from SafeModeStatus{safeModeStatus=true, preCheckPassed=false} to SafeModeStatus{safeModeStatus=true, preCheckPassed=false}.
2022-10-03 12:56:34,989 [Listener at 0.0.0.0/38243] INFO  server.StorageContainerManager (StorageContainerManager.java:start(1436)) - StorageContainerLocationProtocol RPC server is listening at /0.0.0.0:38243
2022-10-03 12:56:34,990 [Listener at 0.0.0.0/38243] WARN  impl.MetricsConfig (MetricsConfig.java:loadFirst(136)) - Cannot locate configuration: tried hadoop-metrics2-storagecontainermanager.properties,hadoop-metrics2.properties
2022-10-03 12:56:34,991 [Listener at 0.0.0.0/38243] INFO  impl.MetricsSystemImpl (MetricsSystemImpl.java:startTimer(378)) - Scheduled Metric snapshot period at 10 second(s).
2022-10-03 12:56:34,991 [Listener at 0.0.0.0/38243] INFO  impl.MetricsSystemImpl (MetricsSystemImpl.java:start(191)) - StorageContainerManager metrics system started
2022-10-03 12:56:35,009 [Listener at 0.0.0.0/38243] INFO  impl.MetricsSinkAdapter (MetricsSinkAdapter.java:start(204)) - Sink prometheus started
2022-10-03 12:56:35,009 [Listener at 0.0.0.0/38243] INFO  impl.MetricsSystemImpl (MetricsSystemImpl.java:registerSink(305)) - Registered sink prometheus
2022-10-03 12:56:35,025 [Listener at 0.0.0.0/38243] INFO  server.SCMClientProtocolServer (SCMClientProtocolServer.java:start(170)) - RPC server for Client  is listening at /0.0.0.0:38243
2022-10-03 12:56:35,081 [IPC Server Responder] INFO  ipc.Server (Server.java:run(1507)) - IPC Server Responder: starting
2022-10-03 12:56:35,085 [IPC Server listener on 0] INFO  ipc.Server (Server.java:run(1344)) - IPC Server listener on 0: starting
2022-10-03 12:56:35,353 [Listener at 0.0.0.0/38243] INFO  server.StorageContainerManager (StorageContainerManager.java:start(1451)) - ScmBlockLocationProtocol RPC server is listening at /0.0.0.0:45217
2022-10-03 12:56:35,353 [Listener at 0.0.0.0/38243] INFO  server.SCMBlockProtocolServer (SCMBlockProtocolServer.java:start(152)) - RPC server for Block Protocol is listening at /0.0.0.0:45217
2022-10-03 12:56:35,369 [IPC Server Responder] INFO  ipc.Server (Server.java:run(1507)) - IPC Server Responder: starting
2022-10-03 12:56:35,369 [IPC Server listener on 0] INFO  ipc.Server (Server.java:run(1344)) - IPC Server listener on 0: starting
2022-10-03 12:56:35,589 [Listener at 0.0.0.0/38243] INFO  server.SCMDatanodeProtocolServer (SCMDatanodeProtocolServer.java:start(186)) - ScmDatanodeProtocol RPC server for DataNodes is listening at /0.0.0.0:38797
2022-10-03 12:56:35,597 [IPC Server Responder] INFO  ipc.Server (Server.java:run(1507)) - IPC Server Responder: starting
2022-10-03 12:56:35,597 [IPC Server listener on 0] INFO  ipc.Server (Server.java:run(1344)) - IPC Server listener on 0: starting
2022-10-03 12:56:35,805 [Listener at 0.0.0.0/38243] INFO  http.BaseHttpServer (BaseHttpServer.java:newHttpServer2BuilderForOzone(213)) - Starting Web-server for scm at: http://0.0.0.0:0
2022-10-03 12:56:35,806 [Listener at 0.0.0.0/38243] INFO  http.BaseHttpServer (BaseHttpServer.java:<init>(108)) - Hadoop Security Enabled: false Ozone Security Enabled: false Ozone HTTP Security Enabled: false 
2022-10-03 12:56:35,810 [Listener at 0.0.0.0/38243] INFO  server.AuthenticationFilter (AuthenticationFilter.java:constructSecretProvider(240)) - Unable to initialize FileSignerSecretProvider, falling back to use random secrets.
2022-10-03 12:56:35,811 [Listener at 0.0.0.0/38243] WARN  http.HttpRequestLog (HttpRequestLog.java:getRequestLog(103)) - Jetty request log can only be enabled using Log4j
2022-10-03 12:56:35,812 [Listener at 0.0.0.0/38243] INFO  http.HttpServer2 (HttpServer2.java:addGlobalFilter(1029)) - Added global filter 'safety' (class=org.apache.hadoop.hdds.server.http.HttpServer2$QuotingInputFilter)
2022-10-03 12:56:35,813 [Listener at 0.0.0.0/38243] INFO  http.HttpServer2 (HttpServer2.java:addFilter(1005)) - Added filter static_user_filter (class=org.apache.hadoop.http.lib.StaticUserWebFilter$StaticUserFilter) to context scm
2022-10-03 12:56:35,813 [Listener at 0.0.0.0/38243] INFO  http.HttpServer2 (HttpServer2.java:addFilter(1013)) - Added filter static_user_filter (class=org.apache.hadoop.http.lib.StaticUserWebFilter$StaticUserFilter) to context logs
2022-10-03 12:56:35,813 [Listener at 0.0.0.0/38243] INFO  http.HttpServer2 (HttpServer2.java:addFilter(1013)) - Added filter static_user_filter (class=org.apache.hadoop.http.lib.StaticUserWebFilter$StaticUserFilter) to context static
2022-10-03 12:56:35,813 [Listener at 0.0.0.0/38243] INFO  http.HttpServer2 (HttpServer2.java:bindListener(1248)) - Jetty bound to port 45257
2022-10-03 12:56:35,813 [Listener at 0.0.0.0/38243] INFO  server.Server (Server.java:doStart(375)) - jetty-9.4.43.v20210629; built: 2021-06-30T11:07:22.254Z; git: 526006ecfa3af7f1a27ef3a288e2bef7ea9dd7e8; jvm 1.8.0_345-b01
2022-10-03 12:56:35,817 [org.apache.hadoop.util.JvmPauseMonitor$Monitor@175ddffd] INFO  util.JvmPauseMonitor (JvmPauseMonitor.java:run(188)) - Starting JVM pause monitor
2022-10-03 12:56:35,818 [Listener at 0.0.0.0/38243] INFO  server.session (DefaultSessionIdManager.java:doStart(334)) - DefaultSessionIdManager workerName=node0
2022-10-03 12:56:35,818 [Listener at 0.0.0.0/38243] INFO  server.session (DefaultSessionIdManager.java:doStart(339)) - No SessionScavenger set, using defaults
2022-10-03 12:56:35,819 [Listener at 0.0.0.0/38243] INFO  server.session (HouseKeeper.java:startScavenging(132)) - node0 Scavenging every 660000ms
2022-10-03 12:56:35,820 [Listener at 0.0.0.0/38243] INFO  handler.ContextHandler (ContextHandler.java:doStart(915)) - Started o.e.j.s.ServletContextHandler@1bf03575{logs,/logs,file:///home/runner/work/ozone/ozone/hadoop-ozone/integration-test/target/log,AVAILABLE}
2022-10-03 12:56:35,820 [Listener at 0.0.0.0/38243] INFO  handler.ContextHandler (ContextHandler.java:doStart(915)) - Started o.e.j.s.ServletContextHandler@34411a6b{static,/static,file:///home/runner/work/ozone/ozone/hadoop-ozone/integration-test/target/test-classes/webapps/static,AVAILABLE}
2022-10-03 12:56:35,822 [Listener at 0.0.0.0/38243] INFO  handler.ContextHandler (ContextHandler.java:doStart(915)) - Started o.e.j.w.WebAppContext@3165b665{scm,/,file:///home/runner/work/ozone/ozone/hadoop-ozone/integration-test/target/test-classes/webapps/scm/,AVAILABLE}{file:/home/runner/work/ozone/ozone/hadoop-ozone/integration-test/target/test-classes/webapps/scm}
2022-10-03 12:56:35,869 [Listener at 0.0.0.0/38243] INFO  server.AbstractConnector (AbstractConnector.java:doStart(331)) - Started ServerConnector@4b4efe16{HTTP/1.1, (http/1.1)}{0.0.0.0:45257}
2022-10-03 12:56:35,870 [Listener at 0.0.0.0/38243] INFO  server.Server (Server.java:doStart(415)) - Started @157882ms
2022-10-03 12:56:35,870 [Listener at 0.0.0.0/38243] WARN  impl.MetricsSystemImpl (MetricsSystemImpl.java:register(279)) - Sink prometheus already exists!
2022-10-03 12:56:35,870 [Listener at 0.0.0.0/38243] INFO  http.BaseHttpServer (BaseHttpServer.java:updateConnectorAddress(333)) - HTTP server of scm listening at http://0.0.0.0:45257
2022-10-03 12:56:35,871 [Listener at 0.0.0.0/38243] WARN  server.ServerUtils (ServerUtils.java:getDBPath(225)) - ozone.om.db.dirs is not configured. We recommend adding this setting. Falling back to ozone.metadata.dirs instead.
2022-10-03 12:56:35,872 [Listener at 0.0.0.0/38243] INFO  ha.OMHANodeDetails (OMHANodeDetails.java:loadOMHAConfig(115)) - ozone.om.internal.service.id is not defined, falling back to ozone.om.service.ids to find serviceID for OzoneManager if it is HA enabled cluster
2022-10-03 12:56:35,872 [Listener at 0.0.0.0/38243] INFO  ha.OMHANodeDetails (OMHANodeDetails.java:loadOMHAConfig(226)) - Configuration does not have ozone.om.address set. Falling back to the default OM address /127.0.0.1:0
2022-10-03 12:56:35,872 [Listener at 0.0.0.0/38243] INFO  ha.OMHANodeDetails (OMHANodeDetails.java:getOMNodeDetailsForNonHA(254)) - OM Service ID is not set. Setting it to the default ID: omServiceIdDefault
2022-10-03 12:56:35,872 [Listener at 0.0.0.0/38243] INFO  ha.OMHANodeDetails (OMHANodeDetails.java:getOMNodeDetailsForNonHA(261)) - OM Node ID is not set. Setting it to the default ID: om1
2022-10-03 12:56:35,872 [Listener at 0.0.0.0/38243] WARN  server.ServerUtils (ServerUtils.java:getDBPath(225)) - ozone.om.db.dirs is not configured. We recommend adding this setting. Falling back to ozone.metadata.dirs instead.
2022-10-03 12:56:35,873 [Listener at 0.0.0.0/38243] INFO  upgrade.AbstractLayoutVersionManager (AbstractLayoutVersionManager.java:init(83)) - Initializing Layout version manager with metadata layout = MULTITENANCY_SCHEMA (version = 3), software layout = MULTITENANCY_SCHEMA (version = 3)
2022-10-03 12:56:36,083 [Listener at 0.0.0.0/38243] INFO  reflections.Reflections (Reflections.java:scan(232)) - Reflections took 210 ms to scan 2 urls, producing 154 keys and 428 values [using 2 cores]
2022-10-03 12:56:36,083 [Listener at 0.0.0.0/38243] INFO  upgrade.OMLayoutVersionManager (OMLayoutVersionManager.java:lambda$0(115)) - Skipping Upgrade Action MockOmUpgradeAction since it has been finalized.
2022-10-03 12:56:36,083 [Listener at 0.0.0.0/38243] WARN  server.ServerUtils (ServerUtils.java:getDBPath(225)) - ozone.om.db.dirs is not configured. We recommend adding this setting. Falling back to ozone.metadata.dirs instead.
2022-10-03 12:56:36,084 [Listener at 0.0.0.0/38243] INFO  proxy.SCMBlockLocationFailoverProxyProvider (SCMBlockLocationFailoverProxyProvider.java:<init>(114)) - Created block location fail-over proxy with 1 nodes: [nodeId=scmNodeId,nodeAddress=/0.0.0.0:45217]
2022-10-03 12:56:36,085 [Listener at 0.0.0.0/38243] INFO  proxy.SCMBlockLocationFailoverProxyProvider (SCMBlockLocationFailoverProxyProvider.java:<init>(114)) - Created block location fail-over proxy with 1 nodes: [nodeId=scmNodeId,nodeAddress=/0.0.0.0:45217]
2022-10-03 12:56:36,158 [Listener at 0.0.0.0/38243] WARN  server.ServerUtils (ServerUtils.java:getDBPath(225)) - ozone.om.db.dirs is not configured. We recommend adding this setting. Falling back to ozone.metadata.dirs instead.
2022-10-03 12:56:36,159 [Listener at 0.0.0.0/38243] INFO  codec.OmKeyInfoCodec (OmKeyInfoCodec.java:<init>(49)) - OmKeyInfoCodec ignorePipeline = true
2022-10-03 12:56:36,159 [Listener at 0.0.0.0/38243] INFO  codec.RepeatedOmKeyInfoCodec (RepeatedOmKeyInfoCodec.java:<init>(41)) - RepeatedOmKeyInfoCodec ignorePipeline = true
2022-10-03 12:56:36,678 [Listener at 0.0.0.0/38243] INFO  om.OzoneManager (OzoneManager.java:instantiateServices(710)) - S3 Multi-Tenancy is disabled
2022-10-03 12:56:36,679 [Listener at 0.0.0.0/38243] INFO  om.OzoneManager (OzoneManager.java:addS3GVolumeToDB(4325)) - Created Volume s3v With Owner runner required for S3Gateway operations.
2022-10-03 12:56:36,679 [Listener at 0.0.0.0/38243] WARN  server.ServerUtils (ServerUtils.java:getDefaultRatisDirectory(237)) - Storage directory for Ratis is not configured. It is a good idea to map this to an SSD disk. Falling back to ozone.metadata.dirs
2022-10-03 12:56:36,679 [Listener at 0.0.0.0/38243] WARN  utils.OzoneManagerRatisUtils (OzoneManagerRatisUtils.java:getOMRatisSnapshotDirectory(434)) - ozone.om.ratis.snapshot.dir is not configured. Falling back to ozone.metadata.dirs config
2022-10-03 12:56:36,679 [Listener at 0.0.0.0/38243] WARN  impl.MetricRegistriesImpl (MetricRegistriesImpl.java:addReporterRegistration(111)) - New reporters are added after registries were created. Some metrics will be missing from the reporter. Please add reporter before adding any new registry.
2022-10-03 12:56:36,680 [Listener at 0.0.0.0/38243] WARN  impl.MetricRegistriesImpl (MetricRegistriesImpl.java:addReporterRegistration(111)) - New reporters are added after registries were created. Some metrics will be missing from the reporter. Please add reporter before adding any new registry.
2022-10-03 12:56:36,713 [Listener at 0.0.0.0/38243] WARN  server.ServerUtils (ServerUtils.java:getDefaultRatisDirectory(237)) - Storage directory for Ratis is not configured. It is a good idea to map this to an SSD disk. Falling back to ozone.metadata.dirs
2022-10-03 12:56:36,714 [Listener at 0.0.0.0/38243] INFO  ratis.OzoneManagerRatisServer (OzoneManagerRatisServer.java:<init>(160)) - Instantiating OM Ratis server with groupID: omServiceIdDefault and peers: localhost:9872
2022-10-03 12:56:36,714 [Listener at 0.0.0.0/38243] INFO  ratis.OzoneManagerStateMachine (OzoneManagerStateMachine.java:loadSnapshotInfoFromDB(632)) - LastAppliedIndex is set from TransactionInfo from OM DB as (t:0, i:~)
2022-10-03 12:56:36,721 [Listener at 0.0.0.0/38243] INFO  server.RaftServer (ConfUtils.java:logGet(46)) - raft.rpc.type = GRPC (default)
2022-10-03 12:56:36,721 [Listener at 0.0.0.0/38243] INFO  grpc.GrpcFactory (GrpcFactory.java:checkPooledByteBufAllocatorUseCacheForAllThreads(48)) - PERFORMANCE WARNING: useCacheForAllThreads is true that may cause Netty to create a lot garbage objects and, as a result, trigger GC.
	It is recommended to disable useCacheForAllThreads by setting -Dorg.apache.ratis.thirdparty.io.netty.allocator.useCacheForAllThreads=false in command line.
2022-10-03 12:56:36,721 [Listener at 0.0.0.0/38243] INFO  grpc.GrpcConfigKeys (ConfUtils.java:logGet(46)) - raft.grpc.admin.port = -1 (default)
2022-10-03 12:56:36,721 [Listener at 0.0.0.0/38243] INFO  grpc.GrpcConfigKeys (ConfUtils.java:logGet(46)) - raft.grpc.server.port = 9872 (custom)
2022-10-03 12:56:36,722 [Listener at 0.0.0.0/38243] INFO  grpc.GrpcConfigKeys (ConfUtils.java:logGet(46)) - raft.grpc.client.port = -1 (default)
2022-10-03 12:56:36,722 [Listener at 0.0.0.0/38243] INFO  grpc.GrpcConfigKeys (ConfUtils.java:logGet(46)) - raft.grpc.server.port = 9872 (custom)
2022-10-03 12:56:36,722 [Listener at 0.0.0.0/38243] INFO  grpc.GrpcConfigKeys (ConfUtils.java:logGet(46)) - raft.grpc.server.port = 9872 (custom)
2022-10-03 12:56:36,722 [Listener at 0.0.0.0/38243] INFO  server.GrpcService (ConfUtils.java:logGet(46)) - raft.grpc.message.size.max = 33554432 (custom)
2022-10-03 12:56:36,722 [Listener at 0.0.0.0/38243] INFO  server.RaftServerConfigKeys (ConfUtils.java:logGet(46)) - raft.server.log.appender.buffer.byte-limit = 33554432 (custom)
2022-10-03 12:56:36,722 [Listener at 0.0.0.0/38243] INFO  server.GrpcService (ConfUtils.java:logGet(46)) - raft.grpc.flow.control.window = 1MB (=1048576) (default)
2022-10-03 12:56:36,722 [Listener at 0.0.0.0/38243] INFO  server.RaftServerConfigKeys (ConfUtils.java:logGet(46)) - raft.server.rpc.request.timeout = 3000ms (default)
2022-10-03 12:56:36,722 [Listener at 0.0.0.0/38243] INFO  grpc.GrpcConfigKeys (ConfUtils.java:logGet(46)) - raft.grpc.server.async.request.thread.pool.cached = true (default)
2022-10-03 12:56:36,722 [Listener at 0.0.0.0/38243] INFO  grpc.GrpcConfigKeys (ConfUtils.java:logGet(46)) - raft.grpc.server.async.request.thread.pool.size = 32 (default)
2022-10-03 12:56:36,723 [Listener at 0.0.0.0/38243] INFO  impl.DataStreamServerImpl (ConfUtils.java:logGet(46)) - raft.datastream.type = DISABLED (default)
2022-10-03 12:56:36,724 [Listener at 0.0.0.0/38243] INFO  server.RaftServerConfigKeys (ConfUtils.java:logGet(46)) - raft.server.threadpool.proxy.cached = true (default)
2022-10-03 12:56:36,724 [Listener at 0.0.0.0/38243] INFO  server.RaftServerConfigKeys (ConfUtils.java:logGet(46)) - raft.server.threadpool.proxy.size = 0 (default)
2022-10-03 12:56:36,724 [Listener at 0.0.0.0/38243] INFO  server.RaftServerConfigKeys (ConfUtils.java:logGet(46)) - raft.server.rpc.slowness.timeout = 120s (custom)
2022-10-03 12:56:36,724 [Listener at 0.0.0.0/38243] INFO  server.RaftServerConfigKeys (ConfUtils.java:logGet(46)) - raft.server.leaderelection.leader.step-down.wait-time = 10s (default)
2022-10-03 12:56:36,724 [Listener at 0.0.0.0/38243] INFO  server.RaftServerConfigKeys (ConfUtils.java:logGet(46)) - raft.server.storage.dir = [/home/runner/work/ozone/ozone/hadoop-ozone/integration-test/target/test-dir/MiniOzoneClusterImpl-01f267b2-e4ec-44eb-81f8-9e98a03d735c/ozone-meta/ratis] (custom)
2022-10-03 12:56:36,750 [Listener at 0.0.0.0/38243] INFO  server.RaftServer (RaftServerProxy.java:addNew(96)) - om1: addNew group-C5BA1605619E:[om1|rpc:localhost:9872|priority:0] returns group-C5BA1605619E:java.util.concurrent.CompletableFuture@172a89ae[Not completed]
2022-10-03 12:56:36,750 [Listener at 0.0.0.0/38243] INFO  om.OzoneManager (OzoneManager.java:initializeRatisServer(1977)) - OzoneManager Ratis server initialized at port 9872
2022-10-03 12:56:36,751 [Listener at 0.0.0.0/38243] INFO  om.OzoneManager (OzoneManager.java:getRpcServer(1100)) - Creating RPC Server
2022-10-03 12:56:36,753 [pool-641-thread-1] INFO  server.RaftServer$Division (RaftServerImpl.java:<init>(190)) - om1: new RaftServerImpl for group-C5BA1605619E:[om1|rpc:localhost:9872|priority:0] with OzoneManagerStateMachine:uninitialized
2022-10-03 12:56:36,753 [pool-641-thread-1] INFO  server.RaftServerConfigKeys (ConfUtils.java:logGet(46)) - raft.server.rpc.timeout.min = 1s (custom)
2022-10-03 12:56:36,753 [pool-641-thread-1] INFO  server.RaftServerConfigKeys (ConfUtils.java:logGet(46)) - raft.server.rpc.timeout.max = 1200ms (custom)
2022-10-03 12:56:36,753 [pool-641-thread-1] INFO  server.RaftServerConfigKeys (ConfUtils.java:logGet(46)) - raft.server.rpc.sleep.time = 25ms (default)
2022-10-03 12:56:36,753 [pool-641-thread-1] INFO  server.RaftServerConfigKeys (ConfUtils.java:logGet(46)) - raft.server.rpc.slowness.timeout = 120s (custom)
2022-10-03 12:56:36,753 [pool-641-thread-1] INFO  server.RaftServerConfigKeys (ConfUtils.java:logGet(46)) - raft.server.leaderelection.leader.step-down.wait-time = 10s (default)
2022-10-03 12:56:36,753 [pool-641-thread-1] INFO  server.RaftServerConfigKeys (ConfUtils.java:logGet(46)) - raft.server.sleep.deviation.threshold = 300ms (default)
2022-10-03 12:56:36,753 [pool-641-thread-1] INFO  server.RaftServer$Division (ServerState.java:<init>(107)) - om1@group-C5BA1605619E: ConfigurationManager, init=-1: [om1|rpc:localhost:9872|priority:0], old=null, confs=<EMPTY_MAP>
2022-10-03 12:56:36,754 [pool-641-thread-1] INFO  server.RaftServerConfigKeys (ConfUtils.java:logGet(46)) - raft.server.storage.dir = [/home/runner/work/ozone/ozone/hadoop-ozone/integration-test/target/test-dir/MiniOzoneClusterImpl-01f267b2-e4ec-44eb-81f8-9e98a03d735c/ozone-meta/ratis] (custom)
2022-10-03 12:56:36,754 [pool-641-thread-1] INFO  server.RaftServerConfigKeys (ConfUtils.java:logGet(46)) - raft.server.log.corruption.policy = EXCEPTION (default)
2022-10-03 12:56:36,754 [pool-641-thread-1] INFO  server.RaftServerConfigKeys (ConfUtils.java:logGet(46)) - raft.server.storage.free-space.min = 0MB (=0) (default)
2022-10-03 12:56:36,754 [pool-641-thread-1] INFO  storage.RaftStorageDirectory (RaftStorageDirectoryImpl.java:analyzeStorage(135)) - The storage directory /home/runner/work/ozone/ozone/hadoop-ozone/integration-test/target/test-dir/MiniOzoneClusterImpl-01f267b2-e4ec-44eb-81f8-9e98a03d735c/ozone-meta/ratis/bf265839-605b-3f16-9796-c5ba1605619e does not exist. Creating ...
2022-10-03 12:56:36,757 [pool-641-thread-1] INFO  storage.RaftStorageDirectory (RaftStorageDirectoryImpl.java:tryLock(230)) - Lock on /home/runner/work/ozone/ozone/hadoop-ozone/integration-test/target/test-dir/MiniOzoneClusterImpl-01f267b2-e4ec-44eb-81f8-9e98a03d735c/ozone-meta/ratis/bf265839-605b-3f16-9796-c5ba1605619e/in_use.lock acquired by nodename 2263@fv-az443-503
2022-10-03 12:56:36,758 [pool-641-thread-1] INFO  storage.RaftStorage (RaftStorageImpl.java:format(89)) - Storage directory /home/runner/work/ozone/ozone/hadoop-ozone/integration-test/target/test-dir/MiniOzoneClusterImpl-01f267b2-e4ec-44eb-81f8-9e98a03d735c/ozone-meta/ratis/bf265839-605b-3f16-9796-c5ba1605619e has been successfully formatted.
2022-10-03 12:56:36,758 [pool-641-thread-1] INFO  server.RaftServerConfigKeys (ConfUtils.java:logGet(46)) - raft.server.notification.no-leader.timeout = 120s (custom)
2022-10-03 12:56:36,758 [pool-641-thread-1] INFO  server.RaftServerConfigKeys (ConfUtils.java:logGet(46)) - raft.server.log.use.memory = false (default)
2022-10-03 12:56:36,758 [pool-641-thread-1] INFO  server.RaftServerConfigKeys (ConfUtils.java:logGet(46)) - raft.server.log.purge.gap = 1000000 (custom)
2022-10-03 12:56:36,758 [pool-641-thread-1] INFO  server.RaftServerConfigKeys (ConfUtils.java:logGet(46)) - raft.server.log.appender.buffer.byte-limit = 33554432 (custom)
2022-10-03 12:56:36,759 [pool-641-thread-1] INFO  server.RaftServerConfigKeys (ConfUtils.java:logGet(46)) - raft.server.log.statemachine.data.read.timeout = 1000ms (default)
2022-10-03 12:56:36,775 [pool-641-thread-1] INFO  server.RaftServerConfigKeys (ConfUtils.java:logGet(46)) - raft.server.log.segment.size.max = 4194304 (custom)
2022-10-03 12:56:36,775 [pool-641-thread-1] INFO  server.RaftServerConfigKeys (ConfUtils.java:logGet(46)) - raft.server.log.segment.cache.num.max = 2 (custom)
2022-10-03 12:56:36,775 [pool-641-thread-1] INFO  server.RaftServerConfigKeys (ConfUtils.java:logGet(46)) - raft.server.log.segment.cache.size.max = 200MB (=209715200) (default)
2022-10-03 12:56:36,775 [pool-641-thread-1] INFO  segmented.SegmentedRaftLogWorker (SegmentedRaftLogWorker.java:<init>(187)) - new om1@group-C5BA1605619E-SegmentedRaftLogWorker for RaftStorageImpl:Storage Directory /home/runner/work/ozone/ozone/hadoop-ozone/integration-test/target/test-dir/MiniOzoneClusterImpl-01f267b2-e4ec-44eb-81f8-9e98a03d735c/ozone-meta/ratis/bf265839-605b-3f16-9796-c5ba1605619e
2022-10-03 12:56:36,775 [pool-641-thread-1] INFO  server.RaftServerConfigKeys (ConfUtils.java:logGet(46)) - raft.server.log.queue.byte-limit = 64MB (=67108864) (default)
2022-10-03 12:56:36,775 [pool-641-thread-1] INFO  server.RaftServerConfigKeys (ConfUtils.java:logGet(46)) - raft.server.log.queue.element-limit = 4096 (default)
2022-10-03 12:56:36,775 [pool-641-thread-1] INFO  server.RaftServerConfigKeys (ConfUtils.java:logGet(46)) - raft.server.log.segment.size.max = 4194304 (custom)
2022-10-03 12:56:36,775 [pool-641-thread-1] INFO  server.RaftServerConfigKeys (ConfUtils.java:logGet(46)) - raft.server.log.preallocated.size = 4194304 (custom)
2022-10-03 12:56:36,775 [pool-641-thread-1] INFO  server.RaftServerConfigKeys (ConfUtils.java:logGet(46)) - raft.server.log.force.sync.num = 128 (default)
2022-10-03 12:56:36,775 [pool-641-thread-1] INFO  server.RaftServerConfigKeys (ConfUtils.java:logGet(46)) - raft.server.log.statemachine.data.sync = true (default)
2022-10-03 12:56:36,775 [pool-641-thread-1] INFO  server.RaftServerConfigKeys (ConfUtils.java:logGet(46)) - raft.server.log.statemachine.data.sync.timeout = 10s (default)
2022-10-03 12:56:36,776 [pool-641-thread-1] INFO  server.RaftServerConfigKeys (ConfUtils.java:logGet(46)) - raft.server.log.statemachine.data.sync.timeout.retry = -1 (default)
2022-10-03 12:56:36,797 [pool-641-thread-1] INFO  server.RaftServerConfigKeys (ConfUtils.java:logGet(46)) - raft.server.log.write.buffer.size = 64KB (=65536) (default)
2022-10-03 12:56:36,797 [pool-641-thread-1] INFO  server.RaftServerConfigKeys (ConfUtils.java:logGet(46)) - raft.server.log.unsafe-flush.enabled = false (default)
2022-10-03 12:56:36,797 [pool-641-thread-1] INFO  server.RaftServerConfigKeys (ConfUtils.java:logGet(46)) - raft.server.log.statemachine.data.caching.enabled = false (default)
2022-10-03 12:56:36,797 [pool-641-thread-1] INFO  segmented.SegmentedRaftLogWorker (SegmentedRaftLogWorker.java:lambda$new$0(135)) - om1@group-C5BA1605619E-SegmentedRaftLogWorker: flushIndex: setUnconditionally 0 -> -1
2022-10-03 12:56:36,797 [pool-641-thread-1] INFO  segmented.SegmentedRaftLogWorker (SegmentedRaftLogWorker.java:lambda$new$0(135)) - om1@group-C5BA1605619E-SegmentedRaftLogWorker: safeCacheEvictIndex: setUnconditionally 0 -> -1
2022-10-03 12:56:36,841 [pool-641-thread-1] INFO  server.RaftServerConfigKeys (ConfUtils.java:logGet(46)) - raft.server.snapshot.auto.trigger.enabled = true (custom)
2022-10-03 12:56:36,841 [pool-641-thread-1] INFO  server.RaftServerConfigKeys (ConfUtils.java:logGet(46)) - raft.server.snapshot.auto.trigger.threshold = 400000 (default)
2022-10-03 12:56:36,841 [pool-641-thread-1] INFO  server.RaftServerConfigKeys (ConfUtils.java:logGet(46)) - raft.server.snapshot.retention.file.num = -1 (default)
2022-10-03 12:56:36,841 [pool-641-thread-1] INFO  server.RaftServerConfigKeys (ConfUtils.java:logGet(46)) - raft.server.log.purge.upto.snapshot.index = true (custom)
2022-10-03 12:56:36,841 [pool-641-thread-1] INFO  server.RaftServerConfigKeys (ConfUtils.java:logGet(46)) - raft.server.retrycache.expirytime = 300s (custom)
2022-10-03 12:56:36,841 [pool-641-thread-1] INFO  server.RaftServerConfigKeys (ConfUtils.java:logGet(46)) - raft.server.retrycache.statistics.expirytime = 100μs (default)
2022-10-03 12:56:36,842 [pool-641-thread-1] INFO  server.RaftServerConfigKeys (ConfUtils.java:logGet(46)) - raft.server.log.appender.install.snapshot.enabled = false (custom)
2022-10-03 12:56:36,842 [pool-641-thread-1] INFO  server.RaftServerConfigKeys (ConfUtils.java:logGet(46)) - raft.server.threadpool.server.cached = true (default)
2022-10-03 12:56:36,842 [pool-641-thread-1] INFO  server.RaftServerConfigKeys (ConfUtils.java:logGet(46)) - raft.server.threadpool.server.size = 0 (default)
2022-10-03 12:56:36,842 [pool-641-thread-1] INFO  server.RaftServerConfigKeys (ConfUtils.java:logGet(46)) - raft.server.threadpool.client.cached = true (default)
2022-10-03 12:56:36,842 [pool-641-thread-1] INFO  server.RaftServerConfigKeys (ConfUtils.java:logGet(46)) - raft.server.threadpool.client.size = 0 (default)
2022-10-03 12:56:38,157 [Listener at 0.0.0.0/38243] INFO  reflections.Reflections (Reflections.java:scan(232)) - Reflections took 1405 ms to scan 19 urls, producing 67 keys and 4220 values [using 2 cores]
2022-10-03 12:56:38,158 [Listener at 0.0.0.0/38243] INFO  ipc.CallQueueManager (CallQueueManager.java:<init>(90)) - Using callQueue: class java.util.concurrent.LinkedBlockingQueue, queueCapacity: 2000, scheduler: class org.apache.hadoop.ipc.DefaultRpcScheduler, ipcBackoff: false.
2022-10-03 12:56:38,205 [Socket Reader #1 for port 0] INFO  ipc.Server (Server.java:run(1265)) - Starting Socket Reader #1 for port 0
2022-10-03 12:56:38,258 [Listener at 127.0.0.1/36433] INFO  impl.MetricsSystemImpl (MetricsSystemImpl.java:init(158)) - OzoneManager metrics system started (again)
2022-10-03 12:56:38,268 [Listener at 127.0.0.1/36433] INFO  om.OzoneManager (OzoneManager.java:start(1484)) - OzoneManager RPC server is listening at localhost/127.0.0.1:36433
2022-10-03 12:56:38,268 [Listener at 127.0.0.1/36433] INFO  ratis.OzoneManagerRatisServer (OzoneManagerRatisServer.java:start(555)) - Starting OzoneManagerRatisServer om1 at port 9872
2022-10-03 12:56:38,268 [om1-impl-thread1] INFO  server.RaftServer$Division (RaftServerImpl.java:start(310)) - om1@group-C5BA1605619E: start as a follower, conf=-1: [om1|rpc:localhost:9872|priority:0], old=null
2022-10-03 12:56:38,268 [om1-impl-thread1] INFO  server.RaftServer$Division (RaftServerImpl.java:setRole(299)) - om1@group-C5BA1605619E: changes role from      null to FOLLOWER at term 0 for startAsFollower
2022-10-03 12:56:38,268 [om1-impl-thread1] INFO  impl.RoleInfo (RoleInfo.java:updateAndGet(139)) - om1: start om1@group-C5BA1605619E-FollowerState
2022-10-03 12:56:38,268 [om1-impl-thread1] INFO  util.JmxRegister (JmxRegister.java:tryRegister(44)) - Successfully registered JMX Bean with object name Ratis:service=RaftServer,group=group-C5BA1605619E,id=om1
2022-10-03 12:56:38,269 [Listener at 127.0.0.1/36433] INFO  server.RaftServer (RaftServerProxy.java:lambda$start$6(382)) - om1: start RPC server
2022-10-03 12:56:38,377 [Listener at 127.0.0.1/36433] INFO  server.GrpcService (GrpcService.java:startImpl(260)) - om1: GrpcService started, listening on 9872
2022-10-03 12:56:38,378 [Listener at 127.0.0.1/36433] INFO  om.OzoneManager (OzoneManager.java:start(1500)) - Version File has different layout version (3) than OM DB (null). That is expected if this OM has never been finalized to a newer layout version.
2022-10-03 12:56:38,378 [org.apache.ratis.util.JvmPauseMonitor$$Lambda$685/536859976@36e4f1aa] INFO  util.JvmPauseMonitor (JvmPauseMonitor.java:run(103)) - JvmPauseMonitor-om1: Started
2022-10-03 12:56:38,380 [Listener at 127.0.0.1/36433] INFO  http.BaseHttpServer (BaseHttpServer.java:newHttpServer2BuilderForOzone(213)) - Starting Web-server for ozoneManager at: http://0.0.0.0:0
2022-10-03 12:56:38,380 [Listener at 127.0.0.1/36433] INFO  http.BaseHttpServer (BaseHttpServer.java:<init>(108)) - Hadoop Security Enabled: false Ozone Security Enabled: false Ozone HTTP Security Enabled: false 
2022-10-03 12:56:38,381 [Listener at 127.0.0.1/36433] INFO  server.AuthenticationFilter (AuthenticationFilter.java:constructSecretProvider(240)) - Unable to initialize FileSignerSecretProvider, falling back to use random secrets.
2022-10-03 12:56:38,381 [Listener at 127.0.0.1/36433] WARN  http.HttpRequestLog (HttpRequestLog.java:getRequestLog(103)) - Jetty request log can only be enabled using Log4j
2022-10-03 12:56:38,382 [Listener at 127.0.0.1/36433] INFO  http.HttpServer2 (HttpServer2.java:addGlobalFilter(1029)) - Added global filter 'safety' (class=org.apache.hadoop.hdds.server.http.HttpServer2$QuotingInputFilter)
2022-10-03 12:56:38,383 [Listener at 127.0.0.1/36433] INFO  http.HttpServer2 (HttpServer2.java:addFilter(1005)) - Added filter static_user_filter (class=org.apache.hadoop.http.lib.StaticUserWebFilter$StaticUserFilter) to context ozoneManager
2022-10-03 12:56:38,383 [Listener at 127.0.0.1/36433] INFO  http.HttpServer2 (HttpServer2.java:addFilter(1013)) - Added filter static_user_filter (class=org.apache.hadoop.http.lib.StaticUserWebFilter$StaticUserFilter) to context static
2022-10-03 12:56:38,383 [Listener at 127.0.0.1/36433] INFO  http.HttpServer2 (HttpServer2.java:addFilter(1013)) - Added filter static_user_filter (class=org.apache.hadoop.http.lib.StaticUserWebFilter$StaticUserFilter) to context logs
2022-10-03 12:56:38,383 [Listener at 127.0.0.1/36433] INFO  http.HttpServer2 (HttpServer2.java:bindListener(1248)) - Jetty bound to port 44655
2022-10-03 12:56:38,384 [Listener at 127.0.0.1/36433] INFO  server.Server (Server.java:doStart(375)) - jetty-9.4.43.v20210629; built: 2021-06-30T11:07:22.254Z; git: 526006ecfa3af7f1a27ef3a288e2bef7ea9dd7e8; jvm 1.8.0_345-b01
2022-10-03 12:56:38,403 [Listener at 127.0.0.1/36433] INFO  server.session (DefaultSessionIdManager.java:doStart(334)) - DefaultSessionIdManager workerName=node0
2022-10-03 12:56:38,404 [Listener at 127.0.0.1/36433] INFO  server.session (DefaultSessionIdManager.java:doStart(339)) - No SessionScavenger set, using defaults
2022-10-03 12:56:38,404 [Listener at 127.0.0.1/36433] INFO  server.session (HouseKeeper.java:startScavenging(132)) - node0 Scavenging every 660000ms
2022-10-03 12:56:38,413 [Listener at 127.0.0.1/36433] INFO  handler.ContextHandler (ContextHandler.java:doStart(915)) - Started o.e.j.s.ServletContextHandler@72292f{logs,/logs,file:///home/runner/work/ozone/ozone/hadoop-ozone/integration-test/target/log,AVAILABLE}
2022-10-03 12:56:38,414 [Listener at 127.0.0.1/36433] INFO  handler.ContextHandler (ContextHandler.java:doStart(915)) - Started o.e.j.s.ServletContextHandler@2bbd6eea{static,/static,file:///home/runner/work/ozone/ozone/hadoop-ozone/integration-test/target/test-classes/webapps/static,AVAILABLE}
2022-10-03 12:56:38,416 [Listener at 127.0.0.1/36433] INFO  handler.ContextHandler (ContextHandler.java:doStart(915)) - Started o.e.j.w.WebAppContext@6369234b{ozoneManager,/,file:///home/runner/work/ozone/ozone/hadoop-ozone/integration-test/target/test-classes/webapps/ozoneManager/,AVAILABLE}{file:/home/runner/work/ozone/ozone/hadoop-ozone/integration-test/target/test-classes/webapps/ozoneManager}
2022-10-03 12:56:38,438 [Listener at 127.0.0.1/36433] INFO  server.AbstractConnector (AbstractConnector.java:doStart(331)) - Started ServerConnector@c582eca{HTTP/1.1, (http/1.1)}{0.0.0.0:44655}
2022-10-03 12:56:38,438 [Listener at 127.0.0.1/36433] INFO  server.Server (Server.java:doStart(415)) - Started @160450ms
2022-10-03 12:56:38,439 [Listener at 127.0.0.1/36433] WARN  impl.MetricsSystemImpl (MetricsSystemImpl.java:register(279)) - Sink prometheus already exists!
2022-10-03 12:56:38,445 [Listener at 127.0.0.1/36433] INFO  http.BaseHttpServer (BaseHttpServer.java:updateConnectorAddress(333)) - HTTP server of ozoneManager listening at http://0.0.0.0:44655
2022-10-03 12:56:38,465 [IPC Server Responder] INFO  ipc.Server (Server.java:run(1507)) - IPC Server Responder: starting
2022-10-03 12:56:38,506 [Listener at 127.0.0.1/36433] INFO  om.OzoneManager (OzoneManager.java:startTrashEmptier(1921)) - Trash Interval set to 0. Files deleted won't move to trash
2022-10-03 12:56:38,508 [org.apache.hadoop.util.JvmPauseMonitor$Monitor@60a6b696] INFO  util.JvmPauseMonitor (JvmPauseMonitor.java:run(188)) - Starting JVM pause monitor
2022-10-03 12:56:38,512 [Listener at 127.0.0.1/36433] WARN  impl.MetricRegistriesImpl (MetricRegistriesImpl.java:addReporterRegistration(111)) - New reporters are added after registries were created. Some metrics will be missing from the reporter. Please add reporter before adding any new registry.
2022-10-03 12:56:38,513 [Listener at 127.0.0.1/36433] WARN  impl.MetricRegistriesImpl (MetricRegistriesImpl.java:addReporterRegistration(111)) - New reporters are added after registries were created. Some metrics will be missing from the reporter. Please add reporter before adding any new registry.
2022-10-03 12:56:38,513 [Listener at 127.0.0.1/36433] INFO  impl.MetricsSystemImpl (MetricsSystemImpl.java:init(158)) - HddsDatanode metrics system started (again)
2022-10-03 12:56:38,545 [IPC Server listener on 0] INFO  ipc.Server (Server.java:run(1344)) - IPC Server listener on 0: starting
2022-10-03 12:56:38,575 [Listener at 127.0.0.1/36433] INFO  ozone.HddsDatanodeService (HddsDatanodeService.java:start(236)) - HddsDatanodeService host:fv-az443-503.ap2fcshprsnunfx25e1aelzb4b.cx.internal.cloudapp.net ip:10.1.0.147
2022-10-03 12:56:38,666 [Listener at 127.0.0.1/36433] INFO  upgrade.AbstractLayoutVersionManager (AbstractLayoutVersionManager.java:init(83)) - Initializing Layout version manager with metadata layout = DATANODE_SCHEMA_V3 (version = 4), software layout = DATANODE_SCHEMA_V3 (version = 4)
2022-10-03 12:56:38,900 [Listener at 127.0.0.1/36433] INFO  reflections.Reflections (Reflections.java:scan(232)) - Reflections took 233 ms to scan 7 urls, producing 135 keys and 327 values 
2022-10-03 12:56:38,911 [Listener at 127.0.0.1/36433] INFO  statemachine.DatanodeStateMachine (DatanodeStateMachine.java:getEndPointTaskThreadPoolSize(237)) - Datanode State Machine Task Thread Pool size 2
2022-10-03 12:56:38,912 [Listener at 127.0.0.1/36433] INFO  volume.HddsVolume (HddsVolume.java:<init>(117)) - Creating HddsVolume: /home/runner/work/ozone/ozone/hadoop-ozone/integration-test/target/test-dir/MiniOzoneClusterImpl-01f267b2-e4ec-44eb-81f8-9e98a03d735c/datanode-0/data-0/containers/hdds of storage type : DISK capacity : 9223372036854775807
2022-10-03 12:56:38,913 [Listener at 127.0.0.1/36433] INFO  volume.MutableVolumeSet (MutableVolumeSet.java:initializeVolumeSet(174)) - Added Volume : /home/runner/work/ozone/ozone/hadoop-ozone/integration-test/target/test-dir/MiniOzoneClusterImpl-01f267b2-e4ec-44eb-81f8-9e98a03d735c/datanode-0/data-0/containers/hdds to VolumeSet
2022-10-03 12:56:38,913 [Listener at 127.0.0.1/36433] INFO  volume.ThrottledAsyncChecker (ThrottledAsyncChecker.java:schedule(141)) - Scheduling a check for /home/runner/work/ozone/ozone/hadoop-ozone/integration-test/target/test-dir/MiniOzoneClusterImpl-01f267b2-e4ec-44eb-81f8-9e98a03d735c/datanode-0/data-0/containers/hdds
2022-10-03 12:56:38,913 [Listener at 127.0.0.1/36433] INFO  volume.StorageVolumeChecker (StorageVolumeChecker.java:checkAllVolumes(202)) - Scheduled health check for volume /home/runner/work/ozone/ozone/hadoop-ozone/integration-test/target/test-dir/MiniOzoneClusterImpl-01f267b2-e4ec-44eb-81f8-9e98a03d735c/datanode-0/data-0/containers/hdds
2022-10-03 12:56:38,925 [Listener at 127.0.0.1/36433] INFO  volume.MutableVolumeSet (MutableVolumeSet.java:initializeVolumeSet(174)) - Added Volume : /home/runner/work/ozone/ozone/hadoop-ozone/integration-test/target/test-dir/MiniOzoneClusterImpl-01f267b2-e4ec-44eb-81f8-9e98a03d735c/datanode-0/data/ratis to VolumeSet
2022-10-03 12:56:38,925 [Listener at 127.0.0.1/36433] INFO  volume.ThrottledAsyncChecker (ThrottledAsyncChecker.java:schedule(141)) - Scheduling a check for /home/runner/work/ozone/ozone/hadoop-ozone/integration-test/target/test-dir/MiniOzoneClusterImpl-01f267b2-e4ec-44eb-81f8-9e98a03d735c/datanode-0/data/ratis
2022-10-03 12:56:38,945 [Listener at 127.0.0.1/36433] INFO  volume.StorageVolumeChecker (StorageVolumeChecker.java:checkAllVolumes(202)) - Scheduled health check for volume /home/runner/work/ozone/ozone/hadoop-ozone/integration-test/target/test-dir/MiniOzoneClusterImpl-01f267b2-e4ec-44eb-81f8-9e98a03d735c/datanode-0/data/ratis
2022-10-03 12:56:38,961 [Thread-1218] INFO  ozoneimpl.ContainerReader (ContainerReader.java:readVolume(175)) - Finish verifying containers on volume /home/runner/work/ozone/ozone/hadoop-ozone/integration-test/target/test-dir/MiniOzoneClusterImpl-01f267b2-e4ec-44eb-81f8-9e98a03d735c/datanode-0/data-0/containers/hdds
2022-10-03 12:56:38,961 [Listener at 127.0.0.1/36433] INFO  ozoneimpl.OzoneContainer (OzoneContainer.java:buildContainerSet(300)) - Build ContainerSet costs 0s
2022-10-03 12:56:38,962 [Listener at 127.0.0.1/36433] INFO  server.RaftServer (ConfUtils.java:logGet(46)) - raft.rpc.type = GRPC (default)
2022-10-03 12:56:38,962 [Listener at 127.0.0.1/36433] INFO  grpc.GrpcFactory (GrpcFactory.java:checkPooledByteBufAllocatorUseCacheForAllThreads(48)) - PERFORMANCE WARNING: useCacheForAllThreads is true that may cause Netty to create a lot garbage objects and, as a result, trigger GC.
	It is recommended to disable useCacheForAllThreads by setting -Dorg.apache.ratis.thirdparty.io.netty.allocator.useCacheForAllThreads=false in command line.
2022-10-03 12:56:38,963 [Listener at 127.0.0.1/36433] INFO  grpc.GrpcConfigKeys (ConfUtils.java:logGet(46)) - raft.grpc.admin.port = 0 (custom)
2022-10-03 12:56:38,963 [Listener at 127.0.0.1/36433] INFO  grpc.GrpcConfigKeys (ConfUtils.java:logGet(46)) - raft.grpc.client.port = 0 (custom)
2022-10-03 12:56:38,963 [Listener at 127.0.0.1/36433] INFO  grpc.GrpcConfigKeys (ConfUtils.java:logGet(46)) - raft.grpc.server.port = 0 (default)
2022-10-03 12:56:38,963 [Listener at 127.0.0.1/36433] INFO  server.GrpcService (ConfUtils.java:logGet(46)) - raft.grpc.message.size.max = 32MB (=33554432) (custom)
2022-10-03 12:56:38,963 [Listener at 127.0.0.1/36433] INFO  server.RaftServerConfigKeys (ConfUtils.java:logGet(46)) - raft.server.log.appender.buffer.byte-limit = 33554432 (custom)
2022-10-03 12:56:38,963 [Listener at 127.0.0.1/36433] INFO  server.GrpcService (ConfUtils.java:logGet(46)) - raft.grpc.flow.control.window = 5MB (=5242880) (custom)
2022-10-03 12:56:38,963 [Listener at 127.0.0.1/36433] INFO  server.RaftServerConfigKeys (ConfUtils.java:logGet(46)) - raft.server.rpc.request.timeout = 60s (custom)
2022-10-03 12:56:38,963 [Listener at 127.0.0.1/36433] INFO  grpc.GrpcConfigKeys (ConfUtils.java:logGet(46)) - raft.grpc.server.async.request.thread.pool.cached = true (default)
2022-10-03 12:56:38,963 [Listener at 127.0.0.1/36433] INFO  grpc.GrpcConfigKeys (ConfUtils.java:logGet(46)) - raft.grpc.server.async.request.thread.pool.size = 32 (default)
2022-10-03 12:56:38,964 [Listener at 127.0.0.1/36433] INFO  impl.DataStreamServerImpl (ConfUtils.java:logGet(46)) - raft.datastream.type = DISABLED (default)
2022-10-03 12:56:38,964 [Listener at 127.0.0.1/36433] INFO  server.RaftServerConfigKeys (ConfUtils.java:logGet(46)) - raft.server.threadpool.proxy.cached = true (default)
2022-10-03 12:56:38,964 [Listener at 127.0.0.1/36433] INFO  server.RaftServerConfigKeys (ConfUtils.java:logGet(46)) - raft.server.threadpool.proxy.size = 0 (default)
2022-10-03 12:56:38,965 [Listener at 127.0.0.1/36433] INFO  server.RaftServerConfigKeys (ConfUtils.java:logGet(46)) - raft.server.rpc.slowness.timeout = 300s (custom)
2022-10-03 12:56:38,965 [Listener at 127.0.0.1/36433] INFO  server.RaftServerConfigKeys (ConfUtils.java:logGet(46)) - raft.server.leaderelection.leader.step-down.wait-time = 10s (default)
2022-10-03 12:56:38,965 [Listener at 127.0.0.1/36433] INFO  server.RaftServerConfigKeys (ConfUtils.java:logGet(46)) - raft.server.storage.dir = [/home/runner/work/ozone/ozone/hadoop-ozone/integration-test/target/test-dir/MiniOzoneClusterImpl-01f267b2-e4ec-44eb-81f8-9e98a03d735c/datanode-0/data/ratis] (custom)
2022-10-03 12:56:38,986 [Listener at 127.0.0.1/36433] INFO  server.XceiverServerGrpc (XceiverServerGrpc.java:<init>(132)) - GrpcServer channel type EpollServerSocketChannel
2022-10-03 12:56:39,043 [Listener at 127.0.0.1/36433] INFO  http.BaseHttpServer (BaseHttpServer.java:newHttpServer2BuilderForOzone(213)) - Starting Web-server for hddsDatanode at: http://0.0.0.0:0
2022-10-03 12:56:39,043 [Listener at 127.0.0.1/36433] INFO  http.BaseHttpServer (BaseHttpServer.java:<init>(108)) - Hadoop Security Enabled: false Ozone Security Enabled: false Ozone HTTP Security Enabled: false 
2022-10-03 12:56:39,044 [Listener at 127.0.0.1/36433] INFO  server.AuthenticationFilter (AuthenticationFilter.java:constructSecretProvider(240)) - Unable to initialize FileSignerSecretProvider, falling back to use random secrets.
2022-10-03 12:56:39,073 [Listener at 127.0.0.1/36433] WARN  http.HttpRequestLog (HttpRequestLog.java:getRequestLog(103)) - Jetty request log can only be enabled using Log4j
2022-10-03 12:56:39,074 [Listener at 127.0.0.1/36433] INFO  http.HttpServer2 (HttpServer2.java:addGlobalFilter(1029)) - Added global filter 'safety' (class=org.apache.hadoop.hdds.server.http.HttpServer2$QuotingInputFilter)
2022-10-03 12:56:39,075 [Listener at 127.0.0.1/36433] INFO  http.HttpServer2 (HttpServer2.java:addFilter(1005)) - Added filter static_user_filter (class=org.apache.hadoop.http.lib.StaticUserWebFilter$StaticUserFilter) to context hddsDatanode
2022-10-03 12:56:39,075 [Listener at 127.0.0.1/36433] INFO  http.HttpServer2 (HttpServer2.java:addFilter(1013)) - Added filter static_user_filter (class=org.apache.hadoop.http.lib.StaticUserWebFilter$StaticUserFilter) to context static
2022-10-03 12:56:39,075 [Listener at 127.0.0.1/36433] INFO  http.HttpServer2 (HttpServer2.java:addFilter(1013)) - Added filter static_user_filter (class=org.apache.hadoop.http.lib.StaticUserWebFilter$StaticUserFilter) to context logs
2022-10-03 12:56:39,075 [Listener at 127.0.0.1/36433] INFO  http.HttpServer2 (HttpServer2.java:bindListener(1248)) - Jetty bound to port 33095
2022-10-03 12:56:39,076 [Listener at 127.0.0.1/36433] INFO  server.Server (Server.java:doStart(375)) - jetty-9.4.43.v20210629; built: 2021-06-30T11:07:22.254Z; git: 526006ecfa3af7f1a27ef3a288e2bef7ea9dd7e8; jvm 1.8.0_345-b01
2022-10-03 12:56:39,141 [Listener at 127.0.0.1/36433] INFO  server.session (DefaultSessionIdManager.java:doStart(334)) - DefaultSessionIdManager workerName=node0
2022-10-03 12:56:39,141 [Listener at 127.0.0.1/36433] INFO  server.session (DefaultSessionIdManager.java:doStart(339)) - No SessionScavenger set, using defaults
2022-10-03 12:56:39,142 [Listener at 127.0.0.1/36433] INFO  server.session (HouseKeeper.java:startScavenging(132)) - node0 Scavenging every 600000ms
2022-10-03 12:56:39,165 [Listener at 127.0.0.1/36433] INFO  handler.ContextHandler (ContextHandler.java:doStart(915)) - Started o.e.j.s.ServletContextHandler@3b91ed0e{logs,/logs,file:///home/runner/work/ozone/ozone/hadoop-ozone/integration-test/target/log,AVAILABLE}
2022-10-03 12:56:39,166 [Listener at 127.0.0.1/36433] INFO  handler.ContextHandler (ContextHandler.java:doStart(915)) - Started o.e.j.s.ServletContextHandler@68f027a{static,/static,jar:file:/home/runner/.m2/repository/org/apache/ozone/hdds-container-service/1.3.0-SNAPSHOT/hdds-container-service-1.3.0-SNAPSHOT.jar!/webapps/static,AVAILABLE}
2022-10-03 12:56:39,358 [om1@group-C5BA1605619E-FollowerState] INFO  impl.FollowerState (FollowerState.java:run(143)) - om1@group-C5BA1605619E-FollowerState: change to CANDIDATE, lastRpcElapsedTime:1089815892ns, electionTimeout:1089ms
2022-10-03 12:56:39,358 [om1@group-C5BA1605619E-FollowerState] INFO  impl.RoleInfo (RoleInfo.java:shutdownFollowerState(110)) - om1: shutdown om1@group-C5BA1605619E-FollowerState
2022-10-03 12:56:39,358 [om1@group-C5BA1605619E-FollowerState] INFO  server.RaftServer$Division (RaftServerImpl.java:setRole(299)) - om1@group-C5BA1605619E: changes role from  FOLLOWER to CANDIDATE at term 0 for changeToCandidate
2022-10-03 12:56:39,358 [om1@group-C5BA1605619E-FollowerState] INFO  server.RaftServerConfigKeys (ConfUtils.java:logGet(46)) - raft.server.leaderelection.pre-vote = false (custom)
2022-10-03 12:56:39,358 [om1@group-C5BA1605619E-FollowerState] INFO  impl.RoleInfo (RoleInfo.java:updateAndGet(139)) - om1: start om1@group-C5BA1605619E-LeaderElection43
2022-10-03 12:56:39,418 [om1@group-C5BA1605619E-LeaderElection43] INFO  impl.LeaderElection (LeaderElection.java:askForVotes(310)) - om1@group-C5BA1605619E-LeaderElection43 ELECTION round 0: submit vote requests at term 1 for -1: [om1|rpc:localhost:9872|priority:0], old=null
2022-10-03 12:56:39,418 [om1@group-C5BA1605619E-LeaderElection43] INFO  impl.LeaderElection (LeaderElection.java:askForVotes(312)) - om1@group-C5BA1605619E-LeaderElection43 ELECTION round 0: result PASSED (term=1)
2022-10-03 12:56:39,418 [om1@group-C5BA1605619E-LeaderElection43] INFO  impl.RoleInfo (RoleInfo.java:shutdownLeaderElection(130)) - om1: shutdown om1@group-C5BA1605619E-LeaderElection43
2022-10-03 12:56:39,419 [om1@group-C5BA1605619E-LeaderElection43] INFO  server.RaftServer$Division (RaftServerImpl.java:setRole(299)) - om1@group-C5BA1605619E: changes role from CANDIDATE to LEADER at term 1 for changeToLeader
2022-10-03 12:56:39,419 [om1@group-C5BA1605619E-LeaderElection43] INFO  server.RaftServer$Division (ServerState.java:setLeader(287)) - om1@group-C5BA1605619E: change Leader from null to om1 at term 1 for becomeLeader, leader elected after 2660ms
2022-10-03 12:56:39,419 [om1@group-C5BA1605619E-LeaderElection43] INFO  server.RaftServerConfigKeys (ConfUtils.java:logGet(46)) - raft.server.staging.catchup.gap = 1000 (default)
2022-10-03 12:56:39,419 [om1@group-C5BA1605619E-LeaderElection43] INFO  server.RaftServerConfigKeys (ConfUtils.java:logGet(46)) - raft.server.write.element-limit = 4096 (default)
2022-10-03 12:56:39,419 [om1@group-C5BA1605619E-LeaderElection43] INFO  server.RaftServerConfigKeys (ConfUtils.java:logGet(46)) - raft.server.write.byte-limit = 64MB (=67108864) (default)
2022-10-03 12:56:39,419 [om1@group-C5BA1605619E-LeaderElection43] INFO  server.RaftServerConfigKeys (ConfUtils.java:logGet(46)) - raft.server.watch.timeout = 10s (default)
2022-10-03 12:56:39,419 [om1@group-C5BA1605619E-LeaderElection43] INFO  server.RaftServerConfigKeys (ConfUtils.java:logGet(46)) - raft.server.watch.timeout.denomination = 1s (default)
2022-10-03 12:56:39,419 [om1@group-C5BA1605619E-LeaderElection43] INFO  server.RaftServerConfigKeys (ConfUtils.java:logGet(46)) - raft.server.watch.element-limit = 65536 (default)
2022-10-03 12:56:39,419 [om1@group-C5BA1605619E-LeaderElection43] INFO  server.RaftServerConfigKeys (ConfUtils.java:logGet(46)) - raft.server.write.element-limit = 4096 (default)
2022-10-03 12:56:39,419 [om1@group-C5BA1605619E-LeaderElection43] INFO  server.RaftServerConfigKeys (ConfUtils.java:logGet(46)) - raft.server.write.follower.gap.ratio.max = -1.0 (default)
2022-10-03 12:56:39,419 [om1@group-C5BA1605619E-LeaderElection43] INFO  impl.RoleInfo (RoleInfo.java:updateAndGet(139)) - om1: start om1@group-C5BA1605619E-LeaderStateImpl
2022-10-03 12:56:39,420 [om1@group-C5BA1605619E-LeaderElection43] INFO  segmented.SegmentedRaftLogWorker (SegmentedRaftLogWorker.java:startLogSegment(425)) - om1@group-C5BA1605619E-SegmentedRaftLogWorker: Starting segment from index:0
2022-10-03 12:56:39,421 [om1@group-C5BA1605619E-LeaderElection43] INFO  server.RaftServer$Division (ServerState.java:setRaftConf(393)) - om1@group-C5BA1605619E: set configuration 0: [om1|rpc:localhost:9872|admin:|client:|dataStream:|priority:0], old=null
2022-10-03 12:56:39,469 [om1@group-C5BA1605619E-SegmentedRaftLogWorker] INFO  segmented.SegmentedRaftLogWorker (SegmentedRaftLogWorker.java:execute(629)) - om1@group-C5BA1605619E-SegmentedRaftLogWorker: created new log segment /home/runner/work/ozone/ozone/hadoop-ozone/integration-test/target/test-dir/MiniOzoneClusterImpl-01f267b2-e4ec-44eb-81f8-9e98a03d735c/ozone-meta/ratis/bf265839-605b-3f16-9796-c5ba1605619e/current/log_inprogress_0
2022-10-03 12:56:39,471 [om1@group-C5BA1605619E-StateMachineUpdater] INFO  ratis.OzoneManagerStateMachine (OzoneManagerStateMachine.java:notifyConfigurationChanged(192)) - Received Configuration change notification from Ratis. New Peer list:
[id: "om1"
address: "localhost:9872"
]
2022-10-03 12:56:39,755 [Listener at 127.0.0.1/36433] INFO  handler.ContextHandler (ContextHandler.java:doStart(915)) - Started o.e.j.w.WebAppContext@26e388a2{hddsDatanode,/,file:///tmp/jetty-0_0_0_0-33095-hdds-container-service-1_3_0-SNAPSHOT_jar-_-any-4601890941673617418/webapp/,AVAILABLE}{jar:file:/home/runner/.m2/repository/org/apache/ozone/hdds-container-service/1.3.0-SNAPSHOT/hdds-container-service-1.3.0-SNAPSHOT.jar!/webapps/hddsDatanode}
2022-10-03 12:56:39,777 [Listener at 127.0.0.1/36433] INFO  server.AbstractConnector (AbstractConnector.java:doStart(331)) - Started ServerConnector@25a086ac{HTTP/1.1, (http/1.1)}{0.0.0.0:33095}
2022-10-03 12:56:39,777 [Listener at 127.0.0.1/36433] INFO  server.Server (Server.java:doStart(415)) - Started @161790ms
2022-10-03 12:56:39,778 [Listener at 127.0.0.1/36433] WARN  impl.MetricsSystemImpl (MetricsSystemImpl.java:register(279)) - Sink prometheus already exists!
2022-10-03 12:56:39,778 [Listener at 127.0.0.1/36433] INFO  http.BaseHttpServer (BaseHttpServer.java:updateConnectorAddress(333)) - HTTP server of hddsDatanode listening at http://0.0.0.0:33095
2022-10-03 12:56:39,779 [Listener at 127.0.0.1/36433] WARN  impl.MetricRegistriesImpl (MetricRegistriesImpl.java:addReporterRegistration(111)) - New reporters are added after registries were created. Some metrics will be missing from the reporter. Please add reporter before adding any new registry.
2022-10-03 12:56:39,779 [Listener at 127.0.0.1/36433] WARN  impl.MetricRegistriesImpl (MetricRegistriesImpl.java:addReporterRegistration(111)) - New reporters are added after registries were created. Some metrics will be missing from the reporter. Please add reporter before adding any new registry.
2022-10-03 12:56:39,779 [Listener at 127.0.0.1/36433] INFO  impl.MetricsSystemImpl (MetricsSystemImpl.java:init(158)) - HddsDatanode metrics system started (again)
2022-10-03 12:56:39,785 [Datanode State Machine Daemon Thread] INFO  statemachine.DatanodeStateMachine (DatanodeStateMachine.java:lambda$startDaemon$0(492)) - Ozone container server started.
2022-10-03 12:56:39,801 [Listener at 127.0.0.1/36433] INFO  ozone.HddsDatanodeService (HddsDatanodeService.java:start(236)) - HddsDatanodeService host:fv-az443-503.ap2fcshprsnunfx25e1aelzb4b.cx.internal.cloudapp.net ip:10.1.0.147
2022-10-03 12:56:39,822 [org.apache.hadoop.util.JvmPauseMonitor$Monitor@154ac0f8] INFO  util.JvmPauseMonitor (JvmPauseMonitor.java:run(188)) - Starting JVM pause monitor
2022-10-03 12:56:39,823 [Datanode State Machine Task Thread - 0] INFO  datanode.InitDatanodeState (InitDatanodeState.java:persistContainerDatanodeDetails(138)) - DatanodeDetails is persisted to /home/runner/work/ozone/ozone/hadoop-ozone/integration-test/target/test-dir/MiniOzoneClusterImpl-01f267b2-e4ec-44eb-81f8-9e98a03d735c/datanode-0/meta/datanode.id
2022-10-03 12:56:39,906 [Listener at 127.0.0.1/36433] INFO  upgrade.AbstractLayoutVersionManager (AbstractLayoutVersionManager.java:init(83)) - Initializing Layout version manager with metadata layout = DATANODE_SCHEMA_V3 (version = 4), software layout = DATANODE_SCHEMA_V3 (version = 4)
2022-10-03 12:56:40,053 [Listener at 127.0.0.1/36433] INFO  reflections.Reflections (Reflections.java:scan(232)) - Reflections took 146 ms to scan 7 urls, producing 135 keys and 327 values 
2022-10-03 12:56:40,054 [Listener at 127.0.0.1/36433] INFO  statemachine.DatanodeStateMachine (DatanodeStateMachine.java:getEndPointTaskThreadPoolSize(237)) - Datanode State Machine Task Thread Pool size 2
2022-10-03 12:56:40,056 [Listener at 127.0.0.1/36433] INFO  volume.HddsVolume (HddsVolume.java:<init>(117)) - Creating HddsVolume: /home/runner/work/ozone/ozone/hadoop-ozone/integration-test/target/test-dir/MiniOzoneClusterImpl-01f267b2-e4ec-44eb-81f8-9e98a03d735c/datanode-1/data-0/containers/hdds of storage type : DISK capacity : 9223372036854775807
2022-10-03 12:56:40,056 [Listener at 127.0.0.1/36433] INFO  volume.MutableVolumeSet (MutableVolumeSet.java:initializeVolumeSet(174)) - Added Volume : /home/runner/work/ozone/ozone/hadoop-ozone/integration-test/target/test-dir/MiniOzoneClusterImpl-01f267b2-e4ec-44eb-81f8-9e98a03d735c/datanode-1/data-0/containers/hdds to VolumeSet
2022-10-03 12:56:40,056 [Listener at 127.0.0.1/36433] INFO  volume.ThrottledAsyncChecker (ThrottledAsyncChecker.java:schedule(141)) - Scheduling a check for /home/runner/work/ozone/ozone/hadoop-ozone/integration-test/target/test-dir/MiniOzoneClusterImpl-01f267b2-e4ec-44eb-81f8-9e98a03d735c/datanode-1/data-0/containers/hdds
2022-10-03 12:56:40,057 [Listener at 127.0.0.1/36433] INFO  volume.StorageVolumeChecker (StorageVolumeChecker.java:checkAllVolumes(202)) - Scheduled health check for volume /home/runner/work/ozone/ozone/hadoop-ozone/integration-test/target/test-dir/MiniOzoneClusterImpl-01f267b2-e4ec-44eb-81f8-9e98a03d735c/datanode-1/data-0/containers/hdds
2022-10-03 12:56:40,068 [Listener at 127.0.0.1/36433] INFO  volume.MutableVolumeSet (MutableVolumeSet.java:initializeVolumeSet(174)) - Added Volume : /home/runner/work/ozone/ozone/hadoop-ozone/integration-test/target/test-dir/MiniOzoneClusterImpl-01f267b2-e4ec-44eb-81f8-9e98a03d735c/datanode-1/data/ratis to VolumeSet
2022-10-03 12:56:40,068 [Listener at 127.0.0.1/36433] INFO  volume.ThrottledAsyncChecker (ThrottledAsyncChecker.java:schedule(141)) - Scheduling a check for /home/runner/work/ozone/ozone/hadoop-ozone/integration-test/target/test-dir/MiniOzoneClusterImpl-01f267b2-e4ec-44eb-81f8-9e98a03d735c/datanode-1/data/ratis
2022-10-03 12:56:40,068 [Listener at 127.0.0.1/36433] INFO  volume.StorageVolumeChecker (StorageVolumeChecker.java:checkAllVolumes(202)) - Scheduled health check for volume /home/runner/work/ozone/ozone/hadoop-ozone/integration-test/target/test-dir/MiniOzoneClusterImpl-01f267b2-e4ec-44eb-81f8-9e98a03d735c/datanode-1/data/ratis
2022-10-03 12:56:40,078 [Thread-1233] INFO  ozoneimpl.ContainerReader (ContainerReader.java:readVolume(175)) - Finish verifying containers on volume /home/runner/work/ozone/ozone/hadoop-ozone/integration-test/target/test-dir/MiniOzoneClusterImpl-01f267b2-e4ec-44eb-81f8-9e98a03d735c/datanode-1/data-0/containers/hdds
2022-10-03 12:56:40,078 [Listener at 127.0.0.1/36433] INFO  ozoneimpl.OzoneContainer (OzoneContainer.java:buildContainerSet(300)) - Build ContainerSet costs 0s
2022-10-03 12:56:40,079 [Listener at 127.0.0.1/36433] INFO  server.RaftServer (ConfUtils.java:logGet(46)) - raft.rpc.type = GRPC (default)
2022-10-03 12:56:40,080 [Listener at 127.0.0.1/36433] INFO  grpc.GrpcFactory (GrpcFactory.java:checkPooledByteBufAllocatorUseCacheForAllThreads(48)) - PERFORMANCE WARNING: useCacheForAllThreads is true that may cause Netty to create a lot garbage objects and, as a result, trigger GC.
	It is recommended to disable useCacheForAllThreads by setting -Dorg.apache.ratis.thirdparty.io.netty.allocator.useCacheForAllThreads=false in command line.
2022-10-03 12:56:40,080 [Listener at 127.0.0.1/36433] INFO  grpc.GrpcConfigKeys (ConfUtils.java:logGet(46)) - raft.grpc.admin.port = 0 (custom)
2022-10-03 12:56:40,080 [Listener at 127.0.0.1/36433] INFO  grpc.GrpcConfigKeys (ConfUtils.java:logGet(46)) - raft.grpc.client.port = 0 (custom)
2022-10-03 12:56:40,080 [Listener at 127.0.0.1/36433] INFO  grpc.GrpcConfigKeys (ConfUtils.java:logGet(46)) - raft.grpc.server.port = 0 (default)
2022-10-03 12:56:40,080 [Listener at 127.0.0.1/36433] INFO  server.GrpcService (ConfUtils.java:logGet(46)) - raft.grpc.message.size.max = 32MB (=33554432) (custom)
2022-10-03 12:56:40,080 [Listener at 127.0.0.1/36433] INFO  server.RaftServerConfigKeys (ConfUtils.java:logGet(46)) - raft.server.log.appender.buffer.byte-limit = 33554432 (custom)
2022-10-03 12:56:40,080 [Listener at 127.0.0.1/36433] INFO  server.GrpcService (ConfUtils.java:logGet(46)) - raft.grpc.flow.control.window = 5MB (=5242880) (custom)
2022-10-03 12:56:40,080 [Listener at 127.0.0.1/36433] INFO  server.RaftServerConfigKeys (ConfUtils.java:logGet(46)) - raft.server.rpc.request.timeout = 60s (custom)
2022-10-03 12:56:40,080 [Listener at 127.0.0.1/36433] INFO  grpc.GrpcConfigKeys (ConfUtils.java:logGet(46)) - raft.grpc.server.async.request.thread.pool.cached = true (default)
2022-10-03 12:56:40,080 [Listener at 127.0.0.1/36433] INFO  grpc.GrpcConfigKeys (ConfUtils.java:logGet(46)) - raft.grpc.server.async.request.thread.pool.size = 32 (default)
2022-10-03 12:56:40,081 [Listener at 127.0.0.1/36433] INFO  impl.DataStreamServerImpl (ConfUtils.java:logGet(46)) - raft.datastream.type = DISABLED (default)
2022-10-03 12:56:40,081 [Listener at 127.0.0.1/36433] INFO  server.RaftServerConfigKeys (ConfUtils.java:logGet(46)) - raft.server.threadpool.proxy.cached = true (default)
2022-10-03 12:56:40,082 [Listener at 127.0.0.1/36433] INFO  server.RaftServerConfigKeys (ConfUtils.java:logGet(46)) - raft.server.threadpool.proxy.size = 0 (default)
2022-10-03 12:56:40,082 [Listener at 127.0.0.1/36433] INFO  server.RaftServerConfigKeys (ConfUtils.java:logGet(46)) - raft.server.rpc.slowness.timeout = 300s (custom)
2022-10-03 12:56:40,082 [Listener at 127.0.0.1/36433] INFO  server.RaftServerConfigKeys (ConfUtils.java:logGet(46)) - raft.server.leaderelection.leader.step-down.wait-time = 10s (default)
2022-10-03 12:56:40,082 [Listener at 127.0.0.1/36433] INFO  server.RaftServerConfigKeys (ConfUtils.java:logGet(46)) - raft.server.storage.dir = [/home/runner/work/ozone/ozone/hadoop-ozone/integration-test/target/test-dir/MiniOzoneClusterImpl-01f267b2-e4ec-44eb-81f8-9e98a03d735c/datanode-1/data/ratis] (custom)
2022-10-03 12:56:40,084 [Listener at 127.0.0.1/36433] INFO  server.XceiverServerGrpc (XceiverServerGrpc.java:<init>(132)) - GrpcServer channel type EpollServerSocketChannel
2022-10-03 12:56:40,102 [Listener at 127.0.0.1/36433] INFO  http.BaseHttpServer (BaseHttpServer.java:newHttpServer2BuilderForOzone(213)) - Starting Web-server for hddsDatanode at: http://0.0.0.0:0
2022-10-03 12:56:40,102 [Listener at 127.0.0.1/36433] INFO  http.BaseHttpServer (BaseHttpServer.java:<init>(108)) - Hadoop Security Enabled: false Ozone Security Enabled: false Ozone HTTP Security Enabled: false 
2022-10-03 12:56:40,103 [Listener at 127.0.0.1/36433] INFO  server.AuthenticationFilter (AuthenticationFilter.java:constructSecretProvider(240)) - Unable to initialize FileSignerSecretProvider, falling back to use random secrets.
2022-10-03 12:56:40,117 [Listener at 127.0.0.1/36433] WARN  http.HttpRequestLog (HttpRequestLog.java:getRequestLog(103)) - Jetty request log can only be enabled using Log4j
2022-10-03 12:56:40,154 [Listener at 127.0.0.1/36433] INFO  http.HttpServer2 (HttpServer2.java:addGlobalFilter(1029)) - Added global filter 'safety' (class=org.apache.hadoop.hdds.server.http.HttpServer2$QuotingInputFilter)
2022-10-03 12:56:40,154 [Listener at 127.0.0.1/36433] INFO  http.HttpServer2 (HttpServer2.java:addFilter(1005)) - Added filter static_user_filter (class=org.apache.hadoop.http.lib.StaticUserWebFilter$StaticUserFilter) to context hddsDatanode
2022-10-03 12:56:40,154 [Listener at 127.0.0.1/36433] INFO  http.HttpServer2 (HttpServer2.java:addFilter(1013)) - Added filter static_user_filter (class=org.apache.hadoop.http.lib.StaticUserWebFilter$StaticUserFilter) to context logs
2022-10-03 12:56:40,155 [Listener at 127.0.0.1/36433] INFO  http.HttpServer2 (HttpServer2.java:addFilter(1013)) - Added filter static_user_filter (class=org.apache.hadoop.http.lib.StaticUserWebFilter$StaticUserFilter) to context static
2022-10-03 12:56:40,155 [Listener at 127.0.0.1/36433] INFO  http.HttpServer2 (HttpServer2.java:bindListener(1248)) - Jetty bound to port 33757
2022-10-03 12:56:40,155 [Listener at 127.0.0.1/36433] INFO  server.Server (Server.java:doStart(375)) - jetty-9.4.43.v20210629; built: 2021-06-30T11:07:22.254Z; git: 526006ecfa3af7f1a27ef3a288e2bef7ea9dd7e8; jvm 1.8.0_345-b01
2022-10-03 12:56:40,277 [Listener at 127.0.0.1/36433] INFO  server.session (DefaultSessionIdManager.java:doStart(334)) - DefaultSessionIdManager workerName=node0
2022-10-03 12:56:40,277 [Listener at 127.0.0.1/36433] INFO  server.session (DefaultSessionIdManager.java:doStart(339)) - No SessionScavenger set, using defaults
2022-10-03 12:56:40,278 [Listener at 127.0.0.1/36433] INFO  server.session (HouseKeeper.java:startScavenging(132)) - node0 Scavenging every 600000ms
2022-10-03 12:56:40,285 [Listener at 127.0.0.1/36433] INFO  handler.ContextHandler (ContextHandler.java:doStart(915)) - Started o.e.j.s.ServletContextHandler@3138f7b9{logs,/logs,file:///home/runner/work/ozone/ozone/hadoop-ozone/integration-test/target/log,AVAILABLE}
2022-10-03 12:56:40,286 [Listener at 127.0.0.1/36433] INFO  handler.ContextHandler (ContextHandler.java:doStart(915)) - Started o.e.j.s.ServletContextHandler@4005586b{static,/static,jar:file:/home/runner/.m2/repository/org/apache/ozone/hdds-container-service/1.3.0-SNAPSHOT/hdds-container-service-1.3.0-SNAPSHOT.jar!/webapps/static,AVAILABLE}
2022-10-03 12:56:40,774 [Listener at 127.0.0.1/36433] INFO  handler.ContextHandler (ContextHandler.java:doStart(915)) - Started o.e.j.w.WebAppContext@235e45a3{hddsDatanode,/,file:///tmp/jetty-0_0_0_0-33757-hdds-container-service-1_3_0-SNAPSHOT_jar-_-any-273723385438531131/webapp/,AVAILABLE}{jar:file:/home/runner/.m2/repository/org/apache/ozone/hdds-container-service/1.3.0-SNAPSHOT/hdds-container-service-1.3.0-SNAPSHOT.jar!/webapps/hddsDatanode}
2022-10-03 12:56:40,775 [Listener at 127.0.0.1/36433] INFO  server.AbstractConnector (AbstractConnector.java:doStart(331)) - Started ServerConnector@2b0e7fbe{HTTP/1.1, (http/1.1)}{0.0.0.0:33757}
2022-10-03 12:56:40,775 [Listener at 127.0.0.1/36433] INFO  server.Server (Server.java:doStart(415)) - Started @162787ms
2022-10-03 12:56:40,775 [Listener at 127.0.0.1/36433] WARN  impl.MetricsSystemImpl (MetricsSystemImpl.java:register(279)) - Sink prometheus already exists!
2022-10-03 12:56:40,778 [Listener at 127.0.0.1/36433] INFO  http.BaseHttpServer (BaseHttpServer.java:updateConnectorAddress(333)) - HTTP server of hddsDatanode listening at http://0.0.0.0:33757
2022-10-03 12:56:40,786 [Listener at 127.0.0.1/36433] WARN  impl.MetricRegistriesImpl (MetricRegistriesImpl.java:addReporterRegistration(111)) - New reporters are added after registries were created. Some metrics will be missing from the reporter. Please add reporter before adding any new registry.
2022-10-03 12:56:40,786 [Listener at 127.0.0.1/36433] WARN  impl.MetricRegistriesImpl (MetricRegistriesImpl.java:addReporterRegistration(111)) - New reporters are added after registries were created. Some metrics will be missing from the reporter. Please add reporter before adding any new registry.
2022-10-03 12:56:40,786 [Listener at 127.0.0.1/36433] INFO  impl.MetricsSystemImpl (MetricsSystemImpl.java:init(158)) - HddsDatanode metrics system started (again)
2022-10-03 12:56:40,813 [Datanode State Machine Daemon Thread] INFO  statemachine.DatanodeStateMachine (DatanodeStateMachine.java:lambda$startDaemon$0(492)) - Ozone container server started.
2022-10-03 12:56:40,833 [org.apache.hadoop.util.JvmPauseMonitor$Monitor@292f447c] INFO  util.JvmPauseMonitor (JvmPauseMonitor.java:run(188)) - Starting JVM pause monitor
2022-10-03 12:56:40,834 [Datanode State Machine Task Thread - 0] INFO  datanode.InitDatanodeState (InitDatanodeState.java:persistContainerDatanodeDetails(138)) - DatanodeDetails is persisted to /home/runner/work/ozone/ozone/hadoop-ozone/integration-test/target/test-dir/MiniOzoneClusterImpl-01f267b2-e4ec-44eb-81f8-9e98a03d735c/datanode-1/meta/datanode.id
2022-10-03 12:56:40,857 [Listener at 127.0.0.1/36433] INFO  ozone.HddsDatanodeService (HddsDatanodeService.java:start(236)) - HddsDatanodeService host:fv-az443-503.ap2fcshprsnunfx25e1aelzb4b.cx.internal.cloudapp.net ip:10.1.0.147
2022-10-03 12:56:40,989 [Listener at 127.0.0.1/36433] INFO  upgrade.AbstractLayoutVersionManager (AbstractLayoutVersionManager.java:init(83)) - Initializing Layout version manager with metadata layout = DATANODE_SCHEMA_V3 (version = 4), software layout = DATANODE_SCHEMA_V3 (version = 4)
2022-10-03 12:56:41,107 [Listener at 127.0.0.1/36433] INFO  reflections.Reflections (Reflections.java:scan(232)) - Reflections took 117 ms to scan 7 urls, producing 135 keys and 327 values 
2022-10-03 12:56:41,112 [Listener at 127.0.0.1/36433] INFO  statemachine.DatanodeStateMachine (DatanodeStateMachine.java:getEndPointTaskThreadPoolSize(237)) - Datanode State Machine Task Thread Pool size 2
2022-10-03 12:56:41,149 [Listener at 127.0.0.1/36433] INFO  volume.HddsVolume (HddsVolume.java:<init>(117)) - Creating HddsVolume: /home/runner/work/ozone/ozone/hadoop-ozone/integration-test/target/test-dir/MiniOzoneClusterImpl-01f267b2-e4ec-44eb-81f8-9e98a03d735c/datanode-2/data-0/containers/hdds of storage type : DISK capacity : 9223372036854775807
2022-10-03 12:56:41,149 [Listener at 127.0.0.1/36433] INFO  volume.MutableVolumeSet (MutableVolumeSet.java:initializeVolumeSet(174)) - Added Volume : /home/runner/work/ozone/ozone/hadoop-ozone/integration-test/target/test-dir/MiniOzoneClusterImpl-01f267b2-e4ec-44eb-81f8-9e98a03d735c/datanode-2/data-0/containers/hdds to VolumeSet
2022-10-03 12:56:41,150 [Listener at 127.0.0.1/36433] INFO  volume.ThrottledAsyncChecker (ThrottledAsyncChecker.java:schedule(141)) - Scheduling a check for /home/runner/work/ozone/ozone/hadoop-ozone/integration-test/target/test-dir/MiniOzoneClusterImpl-01f267b2-e4ec-44eb-81f8-9e98a03d735c/datanode-2/data-0/containers/hdds
2022-10-03 12:56:41,156 [Listener at 127.0.0.1/36433] INFO  volume.StorageVolumeChecker (StorageVolumeChecker.java:checkAllVolumes(202)) - Scheduled health check for volume /home/runner/work/ozone/ozone/hadoop-ozone/integration-test/target/test-dir/MiniOzoneClusterImpl-01f267b2-e4ec-44eb-81f8-9e98a03d735c/datanode-2/data-0/containers/hdds
2022-10-03 12:56:41,167 [Listener at 127.0.0.1/36433] INFO  volume.MutableVolumeSet (MutableVolumeSet.java:initializeVolumeSet(174)) - Added Volume : /home/runner/work/ozone/ozone/hadoop-ozone/integration-test/target/test-dir/MiniOzoneClusterImpl-01f267b2-e4ec-44eb-81f8-9e98a03d735c/datanode-2/data/ratis to VolumeSet
2022-10-03 12:56:41,167 [Listener at 127.0.0.1/36433] INFO  volume.ThrottledAsyncChecker (ThrottledAsyncChecker.java:schedule(141)) - Scheduling a check for /home/runner/work/ozone/ozone/hadoop-ozone/integration-test/target/test-dir/MiniOzoneClusterImpl-01f267b2-e4ec-44eb-81f8-9e98a03d735c/datanode-2/data/ratis
2022-10-03 12:56:41,197 [Listener at 127.0.0.1/36433] INFO  volume.StorageVolumeChecker (StorageVolumeChecker.java:checkAllVolumes(202)) - Scheduled health check for volume /home/runner/work/ozone/ozone/hadoop-ozone/integration-test/target/test-dir/MiniOzoneClusterImpl-01f267b2-e4ec-44eb-81f8-9e98a03d735c/datanode-2/data/ratis
2022-10-03 12:56:41,207 [Thread-1246] INFO  ozoneimpl.ContainerReader (ContainerReader.java:readVolume(175)) - Finish verifying containers on volume /home/runner/work/ozone/ozone/hadoop-ozone/integration-test/target/test-dir/MiniOzoneClusterImpl-01f267b2-e4ec-44eb-81f8-9e98a03d735c/datanode-2/data-0/containers/hdds
2022-10-03 12:56:41,207 [Listener at 127.0.0.1/36433] INFO  ozoneimpl.OzoneContainer (OzoneContainer.java:buildContainerSet(300)) - Build ContainerSet costs 0s
2022-10-03 12:56:41,209 [Listener at 127.0.0.1/36433] INFO  server.RaftServer (ConfUtils.java:logGet(46)) - raft.rpc.type = GRPC (default)
2022-10-03 12:56:41,209 [Listener at 127.0.0.1/36433] INFO  grpc.GrpcFactory (GrpcFactory.java:checkPooledByteBufAllocatorUseCacheForAllThreads(48)) - PERFORMANCE WARNING: useCacheForAllThreads is true that may cause Netty to create a lot garbage objects and, as a result, trigger GC.
	It is recommended to disable useCacheForAllThreads by setting -Dorg.apache.ratis.thirdparty.io.netty.allocator.useCacheForAllThreads=false in command line.
2022-10-03 12:56:41,209 [Listener at 127.0.0.1/36433] INFO  grpc.GrpcConfigKeys (ConfUtils.java:logGet(46)) - raft.grpc.admin.port = 0 (custom)
2022-10-03 12:56:41,209 [Listener at 127.0.0.1/36433] INFO  grpc.GrpcConfigKeys (ConfUtils.java:logGet(46)) - raft.grpc.client.port = 0 (custom)
2022-10-03 12:56:41,209 [Listener at 127.0.0.1/36433] INFO  grpc.GrpcConfigKeys (ConfUtils.java:logGet(46)) - raft.grpc.server.port = 0 (default)
2022-10-03 12:56:41,210 [Listener at 127.0.0.1/36433] INFO  server.GrpcService (ConfUtils.java:logGet(46)) - raft.grpc.message.size.max = 32MB (=33554432) (custom)
2022-10-03 12:56:41,210 [Listener at 127.0.0.1/36433] INFO  server.RaftServerConfigKeys (ConfUtils.java:logGet(46)) - raft.server.log.appender.buffer.byte-limit = 33554432 (custom)
2022-10-03 12:56:41,210 [Listener at 127.0.0.1/36433] INFO  server.GrpcService (ConfUtils.java:logGet(46)) - raft.grpc.flow.control.window = 5MB (=5242880) (custom)
2022-10-03 12:56:41,210 [Listener at 127.0.0.1/36433] INFO  server.RaftServerConfigKeys (ConfUtils.java:logGet(46)) - raft.server.rpc.request.timeout = 60s (custom)
2022-10-03 12:56:41,210 [Listener at 127.0.0.1/36433] INFO  grpc.GrpcConfigKeys (ConfUtils.java:logGet(46)) - raft.grpc.server.async.request.thread.pool.cached = true (default)
2022-10-03 12:56:41,210 [Listener at 127.0.0.1/36433] INFO  grpc.GrpcConfigKeys (ConfUtils.java:logGet(46)) - raft.grpc.server.async.request.thread.pool.size = 32 (default)
2022-10-03 12:56:41,212 [Listener at 127.0.0.1/36433] INFO  impl.DataStreamServerImpl (ConfUtils.java:logGet(46)) - raft.datastream.type = DISABLED (default)
2022-10-03 12:56:41,212 [Listener at 127.0.0.1/36433] INFO  server.RaftServerConfigKeys (ConfUtils.java:logGet(46)) - raft.server.threadpool.proxy.cached = true (default)
2022-10-03 12:56:41,212 [Listener at 127.0.0.1/36433] INFO  server.RaftServerConfigKeys (ConfUtils.java:logGet(46)) - raft.server.threadpool.proxy.size = 0 (default)
2022-10-03 12:56:41,212 [Listener at 127.0.0.1/36433] INFO  server.RaftServerConfigKeys (ConfUtils.java:logGet(46)) - raft.server.rpc.slowness.timeout = 300s (custom)
2022-10-03 12:56:41,213 [Listener at 127.0.0.1/36433] INFO  server.RaftServerConfigKeys (ConfUtils.java:logGet(46)) - raft.server.leaderelection.leader.step-down.wait-time = 10s (default)
2022-10-03 12:56:41,217 [Listener at 127.0.0.1/36433] INFO  server.RaftServerConfigKeys (ConfUtils.java:logGet(46)) - raft.server.storage.dir = [/home/runner/work/ozone/ozone/hadoop-ozone/integration-test/target/test-dir/MiniOzoneClusterImpl-01f267b2-e4ec-44eb-81f8-9e98a03d735c/datanode-2/data/ratis] (custom)
2022-10-03 12:56:41,218 [Listener at 127.0.0.1/36433] INFO  server.XceiverServerGrpc (XceiverServerGrpc.java:<init>(132)) - GrpcServer channel type EpollServerSocketChannel
2022-10-03 12:56:41,223 [Listener at 127.0.0.1/36433] INFO  http.BaseHttpServer (BaseHttpServer.java:newHttpServer2BuilderForOzone(213)) - Starting Web-server for hddsDatanode at: http://0.0.0.0:0
2022-10-03 12:56:41,223 [Listener at 127.0.0.1/36433] INFO  http.BaseHttpServer (BaseHttpServer.java:<init>(108)) - Hadoop Security Enabled: false Ozone Security Enabled: false Ozone HTTP Security Enabled: false 
2022-10-03 12:56:41,224 [Listener at 127.0.0.1/36433] INFO  server.AuthenticationFilter (AuthenticationFilter.java:constructSecretProvider(240)) - Unable to initialize FileSignerSecretProvider, falling back to use random secrets.
2022-10-03 12:56:41,249 [Listener at 127.0.0.1/36433] WARN  http.HttpRequestLog (HttpRequestLog.java:getRequestLog(103)) - Jetty request log can only be enabled using Log4j
2022-10-03 12:56:41,250 [Listener at 127.0.0.1/36433] INFO  http.HttpServer2 (HttpServer2.java:addGlobalFilter(1029)) - Added global filter 'safety' (class=org.apache.hadoop.hdds.server.http.HttpServer2$QuotingInputFilter)
2022-10-03 12:56:41,251 [Listener at 127.0.0.1/36433] INFO  http.HttpServer2 (HttpServer2.java:addFilter(1005)) - Added filter static_user_filter (class=org.apache.hadoop.http.lib.StaticUserWebFilter$StaticUserFilter) to context hddsDatanode
2022-10-03 12:56:41,251 [Listener at 127.0.0.1/36433] INFO  http.HttpServer2 (HttpServer2.java:addFilter(1013)) - Added filter static_user_filter (class=org.apache.hadoop.http.lib.StaticUserWebFilter$StaticUserFilter) to context static
2022-10-03 12:56:41,251 [Listener at 127.0.0.1/36433] INFO  http.HttpServer2 (HttpServer2.java:addFilter(1013)) - Added filter static_user_filter (class=org.apache.hadoop.http.lib.StaticUserWebFilter$StaticUserFilter) to context logs
2022-10-03 12:56:41,251 [Listener at 127.0.0.1/36433] INFO  http.HttpServer2 (HttpServer2.java:bindListener(1248)) - Jetty bound to port 34405
2022-10-03 12:56:41,252 [Listener at 127.0.0.1/36433] INFO  server.Server (Server.java:doStart(375)) - jetty-9.4.43.v20210629; built: 2021-06-30T11:07:22.254Z; git: 526006ecfa3af7f1a27ef3a288e2bef7ea9dd7e8; jvm 1.8.0_345-b01
2022-10-03 12:56:41,253 [Listener at 127.0.0.1/36433] INFO  server.session (DefaultSessionIdManager.java:doStart(334)) - DefaultSessionIdManager workerName=node0
2022-10-03 12:56:41,253 [Listener at 127.0.0.1/36433] INFO  server.session (DefaultSessionIdManager.java:doStart(339)) - No SessionScavenger set, using defaults
2022-10-03 12:56:41,253 [Listener at 127.0.0.1/36433] INFO  server.session (HouseKeeper.java:startScavenging(132)) - node0 Scavenging every 600000ms
2022-10-03 12:56:41,254 [Listener at 127.0.0.1/36433] INFO  handler.ContextHandler (ContextHandler.java:doStart(915)) - Started o.e.j.s.ServletContextHandler@5b44c03e{logs,/logs,file:///home/runner/work/ozone/ozone/hadoop-ozone/integration-test/target/log,AVAILABLE}
2022-10-03 12:56:41,254 [Listener at 127.0.0.1/36433] INFO  handler.ContextHandler (ContextHandler.java:doStart(915)) - Started o.e.j.s.ServletContextHandler@217b0f0e{static,/static,jar:file:/home/runner/.m2/repository/org/apache/ozone/hdds-container-service/1.3.0-SNAPSHOT/hdds-container-service-1.3.0-SNAPSHOT.jar!/webapps/static,AVAILABLE}
2022-10-03 12:56:41,540 [Listener at 127.0.0.1/36433] INFO  handler.ContextHandler (ContextHandler.java:doStart(915)) - Started o.e.j.w.WebAppContext@4a776dca{hddsDatanode,/,file:///tmp/jetty-0_0_0_0-34405-hdds-container-service-1_3_0-SNAPSHOT_jar-_-any-1302066029837603174/webapp/,AVAILABLE}{jar:file:/home/runner/.m2/repository/org/apache/ozone/hdds-container-service/1.3.0-SNAPSHOT/hdds-container-service-1.3.0-SNAPSHOT.jar!/webapps/hddsDatanode}
2022-10-03 12:56:41,550 [Listener at 127.0.0.1/36433] INFO  server.AbstractConnector (AbstractConnector.java:doStart(331)) - Started ServerConnector@bf0568b{HTTP/1.1, (http/1.1)}{0.0.0.0:34405}
2022-10-03 12:56:41,550 [Listener at 127.0.0.1/36433] INFO  server.Server (Server.java:doStart(415)) - Started @163562ms
2022-10-03 12:56:41,550 [Listener at 127.0.0.1/36433] WARN  impl.MetricsSystemImpl (MetricsSystemImpl.java:register(279)) - Sink prometheus already exists!
2022-10-03 12:56:41,551 [Listener at 127.0.0.1/36433] INFO  http.BaseHttpServer (BaseHttpServer.java:updateConnectorAddress(333)) - HTTP server of hddsDatanode listening at http://0.0.0.0:34405
2022-10-03 12:56:41,551 [Listener at 127.0.0.1/36433] INFO  ozone.MiniOzoneClusterImpl (MiniOzoneClusterImpl.java:lambda$waitForClusterToBeReady$0(216)) - Waiting for nodes to be ready. Got 0 of 3 DN Heartbeats.
2022-10-03 12:56:41,551 [Listener at 127.0.0.1/36433] INFO  ozone.MiniOzoneClusterImpl (MiniOzoneClusterImpl.java:lambda$waitForClusterToBeReady$0(219)) - Waiting for cluster to exit safe mode
2022-10-03 12:56:41,551 [Listener at 127.0.0.1/36433] INFO  ozone.MiniOzoneClusterImpl (MiniOzoneClusterImpl.java:lambda$waitForClusterToBeReady$0(221)) - SCM became leader
2022-10-03 12:56:41,617 [Datanode State Machine Daemon Thread] INFO  statemachine.DatanodeStateMachine (DatanodeStateMachine.java:lambda$startDaemon$0(492)) - Ozone container server started.
2022-10-03 12:56:41,629 [org.apache.hadoop.util.JvmPauseMonitor$Monitor@1c267c8a] INFO  util.JvmPauseMonitor (JvmPauseMonitor.java:run(188)) - Starting JVM pause monitor
2022-10-03 12:56:41,646 [Datanode State Machine Task Thread - 0] INFO  datanode.InitDatanodeState (InitDatanodeState.java:persistContainerDatanodeDetails(138)) - DatanodeDetails is persisted to /home/runner/work/ozone/ozone/hadoop-ozone/integration-test/target/test-dir/MiniOzoneClusterImpl-01f267b2-e4ec-44eb-81f8-9e98a03d735c/datanode-2/meta/datanode.id
2022-10-03 12:56:41,936 [EndpointStateMachine task thread for /0.0.0.0:38797 - 0 ] INFO  volume.HddsVolume (HddsVolume.java:createDbStore(307)) - SchemaV3 db is created and loaded at /home/runner/work/ozone/ozone/hadoop-ozone/integration-test/target/test-dir/MiniOzoneClusterImpl-01f267b2-e4ec-44eb-81f8-9e98a03d735c/datanode-0/data-0/containers/hdds/01f267b2-e4ec-44eb-81f8-9e98a03d735c/DS-b537672d-47b5-4031-b436-43fb318137c2/container.db for volume DS-b537672d-47b5-4031-b436-43fb318137c2
2022-10-03 12:56:41,941 [EndpointStateMachine task thread for /0.0.0.0:38797 - 0 ] INFO  volume.HddsVolume (HddsVolume.java:closeDbStore(338)) - SchemaV3 db is stopped at /home/runner/work/ozone/ozone/hadoop-ozone/integration-test/target/test-dir/MiniOzoneClusterImpl-01f267b2-e4ec-44eb-81f8-9e98a03d735c/datanode-0/data-0/containers/hdds/01f267b2-e4ec-44eb-81f8-9e98a03d735c/DS-b537672d-47b5-4031-b436-43fb318137c2/container.db for volume DS-b537672d-47b5-4031-b436-43fb318137c2
2022-10-03 12:56:41,941 [EndpointStateMachine task thread for /0.0.0.0:38797 - 0 ] INFO  ozoneimpl.OzoneContainer (OzoneContainer.java:start(378)) - Attempting to start container services.
2022-10-03 12:56:41,942 [EndpointStateMachine task thread for /0.0.0.0:38797 - 0 ] INFO  ozoneimpl.OzoneContainer (OzoneContainer.java:startContainerScrub(313)) - Background container scanner has been disabled.
2022-10-03 12:56:41,994 [EndpointStateMachine task thread for /0.0.0.0:38797 - 0 ] INFO  replication.ReplicationServer (ReplicationServer.java:start(111)) - ReplicationServer is started using port 45895
2022-10-03 12:56:42,001 [EndpointStateMachine task thread for /0.0.0.0:38797 - 0 ] INFO  ratis.XceiverServerRatis (XceiverServerRatis.java:start(481)) - Starting XceiverServerRatis 50f5496c-ca8d-4e5d-a1d6-989fe0353439
2022-10-03 12:56:42,005 [EndpointStateMachine task thread for /0.0.0.0:38797 - 0 ] INFO  server.RaftServer (RaftServerProxy.java:lambda$start$6(382)) - 50f5496c-ca8d-4e5d-a1d6-989fe0353439: start RPC server
2022-10-03 12:56:42,018 [EndpointStateMachine task thread for /0.0.0.0:38797 - 0 ] INFO  server.GrpcService (GrpcService.java:startImpl(260)) - 50f5496c-ca8d-4e5d-a1d6-989fe0353439: GrpcService started, listening on 42361
2022-10-03 12:56:42,018 [EndpointStateMachine task thread for /0.0.0.0:38797 - 0 ] INFO  ratis.XceiverServerRatis (XceiverServerRatis.java:getRealPort(502)) - XceiverServerRatis 50f5496c-ca8d-4e5d-a1d6-989fe0353439 is started using port 42361 for RATIS
2022-10-03 12:56:42,018 [EndpointStateMachine task thread for /0.0.0.0:38797 - 0 ] INFO  ratis.XceiverServerRatis (XceiverServerRatis.java:getRealPort(502)) - XceiverServerRatis 50f5496c-ca8d-4e5d-a1d6-989fe0353439 is started using port 42361 for RATIS_ADMIN
2022-10-03 12:56:42,018 [EndpointStateMachine task thread for /0.0.0.0:38797 - 0 ] INFO  ratis.XceiverServerRatis (XceiverServerRatis.java:getRealPort(502)) - XceiverServerRatis 50f5496c-ca8d-4e5d-a1d6-989fe0353439 is started using port 42361 for RATIS_SERVER
2022-10-03 12:56:42,018 [org.apache.ratis.util.JvmPauseMonitor$$Lambda$685/536859976@2c8c49b2] INFO  util.JvmPauseMonitor (JvmPauseMonitor.java:run(103)) - JvmPauseMonitor-50f5496c-ca8d-4e5d-a1d6-989fe0353439: Started
2022-10-03 12:56:42,062 [EndpointStateMachine task thread for /0.0.0.0:38797 - 0 ] INFO  server.XceiverServerGrpc (XceiverServerGrpc.java:start(180)) - XceiverServerGrpc 50f5496c-ca8d-4e5d-a1d6-989fe0353439 is started using port 40365
2022-10-03 12:56:42,552 [Listener at 127.0.0.1/36433] INFO  ozone.MiniOzoneClusterImpl (MiniOzoneClusterImpl.java:lambda$waitForClusterToBeReady$0(216)) - Waiting for nodes to be ready. Got 0 of 3 DN Heartbeats.
2022-10-03 12:56:42,552 [Listener at 127.0.0.1/36433] INFO  ozone.MiniOzoneClusterImpl (MiniOzoneClusterImpl.java:lambda$waitForClusterToBeReady$0(219)) - Waiting for cluster to exit safe mode
2022-10-03 12:56:42,552 [Listener at 127.0.0.1/36433] INFO  ozone.MiniOzoneClusterImpl (MiniOzoneClusterImpl.java:lambda$waitForClusterToBeReady$0(221)) - SCM became leader
2022-10-03 12:56:42,930 [EndpointStateMachine task thread for /0.0.0.0:38797 - 0 ] INFO  volume.HddsVolume (HddsVolume.java:createDbStore(307)) - SchemaV3 db is created and loaded at /home/runner/work/ozone/ozone/hadoop-ozone/integration-test/target/test-dir/MiniOzoneClusterImpl-01f267b2-e4ec-44eb-81f8-9e98a03d735c/datanode-1/data-0/containers/hdds/01f267b2-e4ec-44eb-81f8-9e98a03d735c/DS-f176f0e7-8d53-407a-9751-8edb3c94c4f9/container.db for volume DS-f176f0e7-8d53-407a-9751-8edb3c94c4f9
2022-10-03 12:56:42,930 [EndpointStateMachine task thread for /0.0.0.0:38797 - 0 ] INFO  volume.HddsVolume (HddsVolume.java:closeDbStore(338)) - SchemaV3 db is stopped at /home/runner/work/ozone/ozone/hadoop-ozone/integration-test/target/test-dir/MiniOzoneClusterImpl-01f267b2-e4ec-44eb-81f8-9e98a03d735c/datanode-1/data-0/containers/hdds/01f267b2-e4ec-44eb-81f8-9e98a03d735c/DS-f176f0e7-8d53-407a-9751-8edb3c94c4f9/container.db for volume DS-f176f0e7-8d53-407a-9751-8edb3c94c4f9
2022-10-03 12:56:42,930 [EndpointStateMachine task thread for /0.0.0.0:38797 - 0 ] INFO  ozoneimpl.OzoneContainer (OzoneContainer.java:start(378)) - Attempting to start container services.
2022-10-03 12:56:42,930 [EndpointStateMachine task thread for /0.0.0.0:38797 - 0 ] INFO  ozoneimpl.OzoneContainer (OzoneContainer.java:startContainerScrub(313)) - Background container scanner has been disabled.
2022-10-03 12:56:42,957 [EndpointStateMachine task thread for /0.0.0.0:38797 - 0 ] INFO  replication.ReplicationServer (ReplicationServer.java:start(111)) - ReplicationServer is started using port 40571
2022-10-03 12:56:42,974 [EndpointStateMachine task thread for /0.0.0.0:38797 - 0 ] INFO  ratis.XceiverServerRatis (XceiverServerRatis.java:start(481)) - Starting XceiverServerRatis 40965ae6-a020-46d7-9af0-6fa26a365fb3
2022-10-03 12:56:43,001 [EndpointStateMachine task thread for /0.0.0.0:38797 - 0 ] INFO  server.RaftServer (RaftServerProxy.java:lambda$start$6(382)) - 40965ae6-a020-46d7-9af0-6fa26a365fb3: start RPC server
2022-10-03 12:56:43,009 [EndpointStateMachine task thread for /0.0.0.0:38797 - 0 ] INFO  server.GrpcService (GrpcService.java:startImpl(260)) - 40965ae6-a020-46d7-9af0-6fa26a365fb3: GrpcService started, listening on 43889
2022-10-03 12:56:43,009 [EndpointStateMachine task thread for /0.0.0.0:38797 - 0 ] INFO  ratis.XceiverServerRatis (XceiverServerRatis.java:getRealPort(502)) - XceiverServerRatis 40965ae6-a020-46d7-9af0-6fa26a365fb3 is started using port 43889 for RATIS
2022-10-03 12:56:43,009 [EndpointStateMachine task thread for /0.0.0.0:38797 - 0 ] INFO  ratis.XceiverServerRatis (XceiverServerRatis.java:getRealPort(502)) - XceiverServerRatis 40965ae6-a020-46d7-9af0-6fa26a365fb3 is started using port 43889 for RATIS_ADMIN
2022-10-03 12:56:43,009 [EndpointStateMachine task thread for /0.0.0.0:38797 - 0 ] INFO  ratis.XceiverServerRatis (XceiverServerRatis.java:getRealPort(502)) - XceiverServerRatis 40965ae6-a020-46d7-9af0-6fa26a365fb3 is started using port 43889 for RATIS_SERVER
2022-10-03 12:56:43,009 [org.apache.ratis.util.JvmPauseMonitor$$Lambda$685/536859976@9f755f8] INFO  util.JvmPauseMonitor (JvmPauseMonitor.java:run(103)) - JvmPauseMonitor-40965ae6-a020-46d7-9af0-6fa26a365fb3: Started
2022-10-03 12:56:43,058 [EndpointStateMachine task thread for /0.0.0.0:38797 - 0 ] INFO  server.XceiverServerGrpc (XceiverServerGrpc.java:start(180)) - XceiverServerGrpc 40965ae6-a020-46d7-9af0-6fa26a365fb3 is started using port 41097
2022-10-03 12:56:43,552 [Listener at 127.0.0.1/36433] INFO  ozone.MiniOzoneClusterImpl (MiniOzoneClusterImpl.java:lambda$waitForClusterToBeReady$0(216)) - Waiting for nodes to be ready. Got 0 of 3 DN Heartbeats.
2022-10-03 12:56:43,552 [Listener at 127.0.0.1/36433] INFO  ozone.MiniOzoneClusterImpl (MiniOzoneClusterImpl.java:lambda$waitForClusterToBeReady$0(219)) - Waiting for cluster to exit safe mode
2022-10-03 12:56:43,552 [Listener at 127.0.0.1/36433] INFO  ozone.MiniOzoneClusterImpl (MiniOzoneClusterImpl.java:lambda$waitForClusterToBeReady$0(221)) - SCM became leader
2022-10-03 12:56:43,745 [EndpointStateMachine task thread for /0.0.0.0:38797 - 0 ] INFO  volume.HddsVolume (HddsVolume.java:createDbStore(307)) - SchemaV3 db is created and loaded at /home/runner/work/ozone/ozone/hadoop-ozone/integration-test/target/test-dir/MiniOzoneClusterImpl-01f267b2-e4ec-44eb-81f8-9e98a03d735c/datanode-2/data-0/containers/hdds/01f267b2-e4ec-44eb-81f8-9e98a03d735c/DS-c32049d8-8a0f-42fe-a6d8-e31125603909/container.db for volume DS-c32049d8-8a0f-42fe-a6d8-e31125603909
2022-10-03 12:56:43,746 [EndpointStateMachine task thread for /0.0.0.0:38797 - 0 ] INFO  volume.HddsVolume (HddsVolume.java:closeDbStore(338)) - SchemaV3 db is stopped at /home/runner/work/ozone/ozone/hadoop-ozone/integration-test/target/test-dir/MiniOzoneClusterImpl-01f267b2-e4ec-44eb-81f8-9e98a03d735c/datanode-2/data-0/containers/hdds/01f267b2-e4ec-44eb-81f8-9e98a03d735c/DS-c32049d8-8a0f-42fe-a6d8-e31125603909/container.db for volume DS-c32049d8-8a0f-42fe-a6d8-e31125603909
2022-10-03 12:56:43,746 [EndpointStateMachine task thread for /0.0.0.0:38797 - 0 ] INFO  ozoneimpl.OzoneContainer (OzoneContainer.java:start(378)) - Attempting to start container services.
2022-10-03 12:56:43,746 [EndpointStateMachine task thread for /0.0.0.0:38797 - 0 ] INFO  ozoneimpl.OzoneContainer (OzoneContainer.java:startContainerScrub(313)) - Background container scanner has been disabled.
2022-10-03 12:56:43,792 [EndpointStateMachine task thread for /0.0.0.0:38797 - 0 ] INFO  replication.ReplicationServer (ReplicationServer.java:start(111)) - ReplicationServer is started using port 33775
2022-10-03 12:56:43,792 [EndpointStateMachine task thread for /0.0.0.0:38797 - 0 ] INFO  ratis.XceiverServerRatis (XceiverServerRatis.java:start(481)) - Starting XceiverServerRatis c0360714-498d-4f71-92fe-394f4a6aa5bc
2022-10-03 12:56:43,793 [EndpointStateMachine task thread for /0.0.0.0:38797 - 0 ] INFO  server.RaftServer (RaftServerProxy.java:lambda$start$6(382)) - c0360714-498d-4f71-92fe-394f4a6aa5bc: start RPC server
2022-10-03 12:56:43,809 [EndpointStateMachine task thread for /0.0.0.0:38797 - 0 ] INFO  server.GrpcService (GrpcService.java:startImpl(260)) - c0360714-498d-4f71-92fe-394f4a6aa5bc: GrpcService started, listening on 42583
2022-10-03 12:56:43,810 [EndpointStateMachine task thread for /0.0.0.0:38797 - 0 ] INFO  ratis.XceiverServerRatis (XceiverServerRatis.java:getRealPort(502)) - XceiverServerRatis c0360714-498d-4f71-92fe-394f4a6aa5bc is started using port 42583 for RATIS
2022-10-03 12:56:43,810 [EndpointStateMachine task thread for /0.0.0.0:38797 - 0 ] INFO  ratis.XceiverServerRatis (XceiverServerRatis.java:getRealPort(502)) - XceiverServerRatis c0360714-498d-4f71-92fe-394f4a6aa5bc is started using port 42583 for RATIS_ADMIN
2022-10-03 12:56:43,810 [EndpointStateMachine task thread for /0.0.0.0:38797 - 0 ] INFO  ratis.XceiverServerRatis (XceiverServerRatis.java:getRealPort(502)) - XceiverServerRatis c0360714-498d-4f71-92fe-394f4a6aa5bc is started using port 42583 for RATIS_SERVER
2022-10-03 12:56:43,810 [org.apache.ratis.util.JvmPauseMonitor$$Lambda$685/536859976@1039542c] INFO  util.JvmPauseMonitor (JvmPauseMonitor.java:run(103)) - JvmPauseMonitor-c0360714-498d-4f71-92fe-394f4a6aa5bc: Started
2022-10-03 12:56:43,824 [IPC Server handler 10 on default port 38797] INFO  net.NetworkTopologyImpl (NetworkTopologyImpl.java:add(112)) - Added a new node: /default-rack/50f5496c-ca8d-4e5d-a1d6-989fe0353439
2022-10-03 12:56:43,824 [IPC Server handler 10 on default port 38797] INFO  node.SCMNodeManager (SCMNodeManager.java:register(397)) - Registered Data node : 50f5496c-ca8d-4e5d-a1d6-989fe0353439{ip: 10.1.0.147, host: fv-az443-503.ap2fcshprsnunfx25e1aelzb4b.cx.internal.cloudapp.net, ports: [REPLICATION=45895, RATIS=42361, RATIS_ADMIN=42361, RATIS_SERVER=42361, STANDALONE=40365], networkLocation: /default-rack, certSerialId: null, persistedOpState: null, persistedOpStateExpiryEpochSec: 0}
2022-10-03 12:56:43,962 [EventQueue-NodeRegistrationContainerReportForContainerSafeModeRule] INFO  safemode.SCMSafeModeManager (SCMSafeModeManager.java:validateSafeModeExitRules(204)) - ContainerSafeModeRule rule is successfully validated
2022-10-03 12:56:43,974 [EventQueue-NodeRegistrationContainerReportForDataNodeSafeModeRule] INFO  safemode.SCMSafeModeManager (DataNodeSafeModeRule.java:process(71)) - SCM in safe mode. 1 DataNodes registered, 3 required.
2022-10-03 12:56:43,985 [EventQueue-PipelineReportForOneReplicaPipelineSafeModeRule] INFO  safemode.SCMSafeModeManager (SCMSafeModeManager.java:validateSafeModeExitRules(204)) - AtleastOneDatanodeReportedRule rule is successfully validated
2022-10-03 12:56:43,985 [EventQueue-NewNodeForNewNodeHandler] INFO  pipeline.BackgroundPipelineCreator (BackgroundPipelineCreator.java:notifyEventTriggered(276)) - trigger a one-shot run on RatisPipelineUtilsThread.
2022-10-03 12:56:43,985 [EndpointStateMachine task thread for /0.0.0.0:38797 - 0 ] INFO  server.XceiverServerGrpc (XceiverServerGrpc.java:start(180)) - XceiverServerGrpc c0360714-498d-4f71-92fe-394f4a6aa5bc is started using port 40505
2022-10-03 12:56:43,985 [RatisPipelineUtilsThread - 0] INFO  pipeline.RatisPipelineProvider (RatisPipelineProvider.java:lambda$create$0(195)) - Sending CreatePipelineCommand for pipeline:PipelineID=950f4139-250e-43c7-8c45-2de5797406da to datanode:50f5496c-ca8d-4e5d-a1d6-989fe0353439
2022-10-03 12:56:44,002 [RatisPipelineUtilsThread - 0] INFO  pipeline.PipelineStateManagerImpl (PipelineStateManagerImpl.java:addPipeline(103)) - Created pipeline Pipeline[ Id: 950f4139-250e-43c7-8c45-2de5797406da, Nodes: 50f5496c-ca8d-4e5d-a1d6-989fe0353439{ip: 10.1.0.147, host: fv-az443-503.ap2fcshprsnunfx25e1aelzb4b.cx.internal.cloudapp.net, ports: [REPLICATION=45895, RATIS=42361, RATIS_ADMIN=42361, RATIS_SERVER=42361, STANDALONE=40365], networkLocation: /default-rack, certSerialId: null, persistedOpState: IN_SERVICE, persistedOpStateExpiryEpochSec: 0}, ReplicationConfig: RATIS/ONE, State:ALLOCATED, leaderId:, CreationTimestamp2022-10-03T12:56:43.985Z[Etc/UTC]].
2022-10-03 12:56:44,553 [Listener at 127.0.0.1/36433] INFO  ozone.MiniOzoneClusterImpl (MiniOzoneClusterImpl.java:lambda$waitForClusterToBeReady$0(216)) - Waiting for nodes to be ready. Got 1 of 3 DN Heartbeats.
2022-10-03 12:56:44,553 [Listener at 127.0.0.1/36433] INFO  ozone.MiniOzoneClusterImpl (MiniOzoneClusterImpl.java:lambda$waitForClusterToBeReady$0(219)) - Waiting for cluster to exit safe mode
2022-10-03 12:56:44,553 [Listener at 127.0.0.1/36433] INFO  ozone.MiniOzoneClusterImpl (MiniOzoneClusterImpl.java:lambda$waitForClusterToBeReady$0(221)) - SCM became leader
2022-10-03 12:56:44,836 [IPC Server handler 11 on default port 38797] INFO  net.NetworkTopologyImpl (NetworkTopologyImpl.java:add(112)) - Added a new node: /default-rack/40965ae6-a020-46d7-9af0-6fa26a365fb3
2022-10-03 12:56:44,836 [IPC Server handler 11 on default port 38797] INFO  node.SCMNodeManager (SCMNodeManager.java:register(397)) - Registered Data node : 40965ae6-a020-46d7-9af0-6fa26a365fb3{ip: 10.1.0.147, host: fv-az443-503.ap2fcshprsnunfx25e1aelzb4b.cx.internal.cloudapp.net, ports: [REPLICATION=40571, RATIS=43889, RATIS_ADMIN=43889, RATIS_SERVER=43889, STANDALONE=41097], networkLocation: /default-rack, certSerialId: null, persistedOpState: null, persistedOpStateExpiryEpochSec: 0}
2022-10-03 12:56:44,836 [EventQueue-NewNodeForNewNodeHandler] INFO  pipeline.BackgroundPipelineCreator (BackgroundPipelineCreator.java:notifyEventTriggered(276)) - trigger a one-shot run on RatisPipelineUtilsThread.
2022-10-03 12:56:44,853 [EventQueue-NodeRegistrationContainerReportForDataNodeSafeModeRule] INFO  safemode.SCMSafeModeManager (DataNodeSafeModeRule.java:process(71)) - SCM in safe mode. 2 DataNodes registered, 3 required.
2022-10-03 12:56:44,865 [RatisPipelineUtilsThread - 0] INFO  pipeline.RatisPipelineProvider (RatisPipelineProvider.java:lambda$create$0(195)) - Sending CreatePipelineCommand for pipeline:PipelineID=cda968c7-d754-49f9-bd3b-8bb95aaf28f4 to datanode:40965ae6-a020-46d7-9af0-6fa26a365fb3
2022-10-03 12:56:44,866 [RatisPipelineUtilsThread - 0] INFO  pipeline.PipelineStateManagerImpl (PipelineStateManagerImpl.java:addPipeline(103)) - Created pipeline Pipeline[ Id: cda968c7-d754-49f9-bd3b-8bb95aaf28f4, Nodes: 40965ae6-a020-46d7-9af0-6fa26a365fb3{ip: 10.1.0.147, host: fv-az443-503.ap2fcshprsnunfx25e1aelzb4b.cx.internal.cloudapp.net, ports: [REPLICATION=40571, RATIS=43889, RATIS_ADMIN=43889, RATIS_SERVER=43889, STANDALONE=41097], networkLocation: /default-rack, certSerialId: null, persistedOpState: IN_SERVICE, persistedOpStateExpiryEpochSec: 0}, ReplicationConfig: RATIS/ONE, State:ALLOCATED, leaderId:, CreationTimestamp2022-10-03T12:56:44.865Z[Etc/UTC]].
2022-10-03 12:56:45,553 [Listener at 127.0.0.1/36433] INFO  ozone.MiniOzoneClusterImpl (MiniOzoneClusterImpl.java:lambda$waitForClusterToBeReady$0(216)) - Waiting for nodes to be ready. Got 2 of 3 DN Heartbeats.
2022-10-03 12:56:45,553 [Listener at 127.0.0.1/36433] INFO  ozone.MiniOzoneClusterImpl (MiniOzoneClusterImpl.java:lambda$waitForClusterToBeReady$0(219)) - Waiting for cluster to exit safe mode
2022-10-03 12:56:45,553 [Listener at 127.0.0.1/36433] INFO  ozone.MiniOzoneClusterImpl (MiniOzoneClusterImpl.java:lambda$waitForClusterToBeReady$0(221)) - SCM became leader
2022-10-03 12:56:45,631 [IPC Server handler 2 on default port 38797] INFO  net.NetworkTopologyImpl (NetworkTopologyImpl.java:add(112)) - Added a new node: /default-rack/c0360714-498d-4f71-92fe-394f4a6aa5bc
2022-10-03 12:56:45,631 [IPC Server handler 2 on default port 38797] INFO  node.SCMNodeManager (SCMNodeManager.java:register(397)) - Registered Data node : c0360714-498d-4f71-92fe-394f4a6aa5bc{ip: 10.1.0.147, host: fv-az443-503.ap2fcshprsnunfx25e1aelzb4b.cx.internal.cloudapp.net, ports: [REPLICATION=33775, RATIS=42583, RATIS_ADMIN=42583, RATIS_SERVER=42583, STANDALONE=40505], networkLocation: /default-rack, certSerialId: null, persistedOpState: null, persistedOpStateExpiryEpochSec: 0}
2022-10-03 12:56:45,631 [EventQueue-NewNodeForNewNodeHandler] INFO  pipeline.BackgroundPipelineCreator (BackgroundPipelineCreator.java:notifyEventTriggered(276)) - trigger a one-shot run on RatisPipelineUtilsThread.
2022-10-03 12:56:45,632 [EventQueue-NodeRegistrationContainerReportForDataNodeSafeModeRule] INFO  safemode.SCMSafeModeManager (DataNodeSafeModeRule.java:process(71)) - SCM in safe mode. 3 DataNodes registered, 3 required.
2022-10-03 12:56:45,632 [EventQueue-NodeRegistrationContainerReportForDataNodeSafeModeRule] INFO  safemode.SCMSafeModeManager (SCMSafeModeManager.java:validateSafeModeExitRules(204)) - DataNodeSafeModeRule rule is successfully validated
2022-10-03 12:56:45,632 [EventQueue-NodeRegistrationContainerReportForDataNodeSafeModeRule] INFO  safemode.SCMSafeModeManager (SCMSafeModeManager.java:completePreCheck(233)) - All SCM safe mode pre check rules have passed
2022-10-03 12:56:45,632 [EventQueue-NodeRegistrationContainerReportForDataNodeSafeModeRule] WARN  events.EventQueue (EventQueue.java:fireEvent(216)) - No event handler registered for event TypedEvent{payloadType=SafeModeStatus, name='Safe mode status'}
2022-10-03 12:56:45,632 [EventQueue-NodeRegistrationContainerReportForDataNodeSafeModeRule] INFO  ha.SCMContext (SCMContext.java:updateSafeModeStatus(228)) - Update SafeModeStatus from SafeModeStatus{safeModeStatus=true, preCheckPassed=false} to SafeModeStatus{safeModeStatus=true, preCheckPassed=true}.
2022-10-03 12:56:45,632 [EventQueue-NodeRegistrationContainerReportForDataNodeSafeModeRule] INFO  pipeline.BackgroundPipelineCreator (BackgroundPipelineCreator.java:notifyEventTriggered(276)) - trigger a one-shot run on RatisPipelineUtilsThread.
2022-10-03 12:56:45,632 [RatisPipelineUtilsThread - 0] INFO  pipeline.RatisPipelineProvider (RatisPipelineProvider.java:lambda$create$0(195)) - Sending CreatePipelineCommand for pipeline:PipelineID=95e52e31-3765-400d-9c7c-ba24c3f04e93 to datanode:c0360714-498d-4f71-92fe-394f4a6aa5bc
2022-10-03 12:56:45,632 [RatisPipelineUtilsThread - 0] INFO  pipeline.PipelineStateManagerImpl (PipelineStateManagerImpl.java:addPipeline(103)) - Created pipeline Pipeline[ Id: 95e52e31-3765-400d-9c7c-ba24c3f04e93, Nodes: c0360714-498d-4f71-92fe-394f4a6aa5bc{ip: 10.1.0.147, host: fv-az443-503.ap2fcshprsnunfx25e1aelzb4b.cx.internal.cloudapp.net, ports: [REPLICATION=33775, RATIS=42583, RATIS_ADMIN=42583, RATIS_SERVER=42583, STANDALONE=40505], networkLocation: /default-rack, certSerialId: null, persistedOpState: IN_SERVICE, persistedOpStateExpiryEpochSec: 0}, ReplicationConfig: RATIS/ONE, State:ALLOCATED, leaderId:, CreationTimestamp2022-10-03T12:56:45.632Z[Etc/UTC]].
2022-10-03 12:56:45,633 [RatisPipelineUtilsThread - 0] INFO  pipeline.RatisPipelineProvider (RatisPipelineProvider.java:lambda$create$0(195)) - Sending CreatePipelineCommand for pipeline:PipelineID=f62c253f-950a-4048-add8-20325cdd31ce to datanode:c0360714-498d-4f71-92fe-394f4a6aa5bc
2022-10-03 12:56:45,633 [RatisPipelineUtilsThread - 0] INFO  pipeline.RatisPipelineProvider (RatisPipelineProvider.java:lambda$create$0(195)) - Sending CreatePipelineCommand for pipeline:PipelineID=f62c253f-950a-4048-add8-20325cdd31ce to datanode:50f5496c-ca8d-4e5d-a1d6-989fe0353439
2022-10-03 12:56:45,633 [RatisPipelineUtilsThread - 0] INFO  pipeline.RatisPipelineProvider (RatisPipelineProvider.java:lambda$create$0(195)) - Sending CreatePipelineCommand for pipeline:PipelineID=f62c253f-950a-4048-add8-20325cdd31ce to datanode:40965ae6-a020-46d7-9af0-6fa26a365fb3
2022-10-03 12:56:45,633 [RatisPipelineUtilsThread - 0] INFO  pipeline.PipelineStateManagerImpl (PipelineStateManagerImpl.java:addPipeline(103)) - Created pipeline Pipeline[ Id: f62c253f-950a-4048-add8-20325cdd31ce, Nodes: c0360714-498d-4f71-92fe-394f4a6aa5bc{ip: 10.1.0.147, host: fv-az443-503.ap2fcshprsnunfx25e1aelzb4b.cx.internal.cloudapp.net, ports: [REPLICATION=33775, RATIS=42583, RATIS_ADMIN=42583, RATIS_SERVER=42583, STANDALONE=40505], networkLocation: /default-rack, certSerialId: null, persistedOpState: IN_SERVICE, persistedOpStateExpiryEpochSec: 0}50f5496c-ca8d-4e5d-a1d6-989fe0353439{ip: 10.1.0.147, host: fv-az443-503.ap2fcshprsnunfx25e1aelzb4b.cx.internal.cloudapp.net, ports: [REPLICATION=45895, RATIS=42361, RATIS_ADMIN=42361, RATIS_SERVER=42361, STANDALONE=40365], networkLocation: /default-rack, certSerialId: null, persistedOpState: IN_SERVICE, persistedOpStateExpiryEpochSec: 0}40965ae6-a020-46d7-9af0-6fa26a365fb3{ip: 10.1.0.147, host: fv-az443-503.ap2fcshprsnunfx25e1aelzb4b.cx.internal.cloudapp.net, ports: [REPLICATION=40571, RATIS=43889, RATIS_ADMIN=43889, RATIS_SERVER=43889, STANDALONE=41097], networkLocation: /default-rack, certSerialId: null, persistedOpState: IN_SERVICE, persistedOpStateExpiryEpochSec: 0}, ReplicationConfig: RATIS/THREE, State:ALLOCATED, leaderId:, CreationTimestamp2022-10-03T12:56:45.633Z[Etc/UTC]].
2022-10-03 12:56:45,634 [RatisPipelineUtilsThread - 0] INFO  pipeline.RatisPipelineProvider (RatisPipelineProvider.java:lambda$create$0(195)) - Sending CreatePipelineCommand for pipeline:PipelineID=e3f6549c-f130-4034-a1c0-64f9394126e2 to datanode:40965ae6-a020-46d7-9af0-6fa26a365fb3
2022-10-03 12:56:45,634 [RatisPipelineUtilsThread - 0] INFO  pipeline.RatisPipelineProvider (RatisPipelineProvider.java:lambda$create$0(195)) - Sending CreatePipelineCommand for pipeline:PipelineID=e3f6549c-f130-4034-a1c0-64f9394126e2 to datanode:50f5496c-ca8d-4e5d-a1d6-989fe0353439
2022-10-03 12:56:45,634 [RatisPipelineUtilsThread - 0] INFO  pipeline.RatisPipelineProvider (RatisPipelineProvider.java:lambda$create$0(195)) - Sending CreatePipelineCommand for pipeline:PipelineID=e3f6549c-f130-4034-a1c0-64f9394126e2 to datanode:c0360714-498d-4f71-92fe-394f4a6aa5bc
2022-10-03 12:56:45,634 [RatisPipelineUtilsThread - 0] INFO  pipeline.PipelineStateManagerImpl (PipelineStateManagerImpl.java:addPipeline(103)) - Created pipeline Pipeline[ Id: e3f6549c-f130-4034-a1c0-64f9394126e2, Nodes: 40965ae6-a020-46d7-9af0-6fa26a365fb3{ip: 10.1.0.147, host: fv-az443-503.ap2fcshprsnunfx25e1aelzb4b.cx.internal.cloudapp.net, ports: [REPLICATION=40571, RATIS=43889, RATIS_ADMIN=43889, RATIS_SERVER=43889, STANDALONE=41097], networkLocation: /default-rack, certSerialId: null, persistedOpState: IN_SERVICE, persistedOpStateExpiryEpochSec: 0}50f5496c-ca8d-4e5d-a1d6-989fe0353439{ip: 10.1.0.147, host: fv-az443-503.ap2fcshprsnunfx25e1aelzb4b.cx.internal.cloudapp.net, ports: [REPLICATION=45895, RATIS=42361, RATIS_ADMIN=42361, RATIS_SERVER=42361, STANDALONE=40365], networkLocation: /default-rack, certSerialId: null, persistedOpState: IN_SERVICE, persistedOpStateExpiryEpochSec: 0}c0360714-498d-4f71-92fe-394f4a6aa5bc{ip: 10.1.0.147, host: fv-az443-503.ap2fcshprsnunfx25e1aelzb4b.cx.internal.cloudapp.net, ports: [REPLICATION=33775, RATIS=42583, RATIS_ADMIN=42583, RATIS_SERVER=42583, STANDALONE=40505], networkLocation: /default-rack, certSerialId: null, persistedOpState: IN_SERVICE, persistedOpStateExpiryEpochSec: 0}, ReplicationConfig: RATIS/THREE, State:ALLOCATED, leaderId:, CreationTimestamp2022-10-03T12:56:45.634Z[Etc/UTC]].
2022-10-03 12:56:45,634 [RatisPipelineUtilsThread - 0] INFO  pipeline.PipelineManagerImpl (PipelineManagerImpl.java:recordMetricsForPipeline(796)) - Pipeline: PipelineID=e3f6549c-f130-4034-a1c0-64f9394126e2 contains same datanodes as previous pipelines: PipelineID=f62c253f-950a-4048-add8-20325cdd31ce nodeIds: 40965ae6-a020-46d7-9af0-6fa26a365fb3, 50f5496c-ca8d-4e5d-a1d6-989fe0353439, c0360714-498d-4f71-92fe-394f4a6aa5bc
2022-10-03 12:56:46,554 [Listener at 127.0.0.1/36433] INFO  ozone.MiniOzoneClusterImpl (MiniOzoneClusterImpl.java:lambda$waitForClusterToBeReady$0(216)) - Nodes are ready. Got 3 of 3 DN Heartbeats.
2022-10-03 12:56:46,554 [Listener at 127.0.0.1/36433] INFO  ozone.MiniOzoneClusterImpl (MiniOzoneClusterImpl.java:lambda$waitForClusterToBeReady$0(219)) - Waiting for cluster to exit safe mode
2022-10-03 12:56:46,554 [Listener at 127.0.0.1/36433] INFO  ozone.MiniOzoneClusterImpl (MiniOzoneClusterImpl.java:lambda$waitForClusterToBeReady$0(221)) - SCM became leader
2022-10-03 12:56:46,838 [Command processor thread] INFO  server.RaftServer (RaftServerProxy.java:addNew(96)) - 50f5496c-ca8d-4e5d-a1d6-989fe0353439: addNew group-2DE5797406DA:[50f5496c-ca8d-4e5d-a1d6-989fe0353439|rpc:10.1.0.147:42361|priority:1] returns group-2DE5797406DA:java.util.concurrent.CompletableFuture@487aad15[Not completed]
2022-10-03 12:56:46,839 [pool-656-thread-1] INFO  server.RaftServer$Division (RaftServerImpl.java:<init>(190)) - 50f5496c-ca8d-4e5d-a1d6-989fe0353439: new RaftServerImpl for group-2DE5797406DA:[50f5496c-ca8d-4e5d-a1d6-989fe0353439|rpc:10.1.0.147:42361|priority:1] with ContainerStateMachine:uninitialized
2022-10-03 12:56:46,839 [pool-656-thread-1] INFO  server.RaftServerConfigKeys (ConfUtils.java:logGet(46)) - raft.server.rpc.timeout.min = 5s (custom)
2022-10-03 12:56:46,839 [pool-656-thread-1] INFO  server.RaftServerConfigKeys (ConfUtils.java:logGet(46)) - raft.server.rpc.timeout.max = 5200ms (custom)
2022-10-03 12:56:46,839 [pool-656-thread-1] INFO  server.RaftServerConfigKeys (ConfUtils.java:logGet(46)) - raft.server.rpc.sleep.time = 25ms (default)
2022-10-03 12:56:46,839 [pool-656-thread-1] INFO  server.RaftServerConfigKeys (ConfUtils.java:logGet(46)) - raft.server.rpc.slowness.timeout = 300s (custom)
2022-10-03 12:56:46,839 [pool-656-thread-1] INFO  server.RaftServerConfigKeys (ConfUtils.java:logGet(46)) - raft.server.leaderelection.leader.step-down.wait-time = 10s (default)
2022-10-03 12:56:46,839 [pool-656-thread-1] INFO  server.RaftServerConfigKeys (ConfUtils.java:logGet(46)) - raft.server.sleep.deviation.threshold = 300ms (default)
2022-10-03 12:56:46,839 [pool-656-thread-1] INFO  server.RaftServer$Division (ServerState.java:<init>(107)) - 50f5496c-ca8d-4e5d-a1d6-989fe0353439@group-2DE5797406DA: ConfigurationManager, init=-1: [50f5496c-ca8d-4e5d-a1d6-989fe0353439|rpc:10.1.0.147:42361|priority:1], old=null, confs=<EMPTY_MAP>
2022-10-03 12:56:46,864 [pool-656-thread-1] INFO  server.RaftServerConfigKeys (ConfUtils.java:logGet(46)) - raft.server.storage.dir = [/home/runner/work/ozone/ozone/hadoop-ozone/integration-test/target/test-dir/MiniOzoneClusterImpl-01f267b2-e4ec-44eb-81f8-9e98a03d735c/datanode-0/data/ratis] (custom)
2022-10-03 12:56:46,864 [pool-656-thread-1] INFO  server.RaftServerConfigKeys (ConfUtils.java:logGet(46)) - raft.server.log.corruption.policy = EXCEPTION (default)
2022-10-03 12:56:46,864 [pool-656-thread-1] INFO  server.RaftServerConfigKeys (ConfUtils.java:logGet(46)) - raft.server.storage.free-space.min = 0MB (=0) (default)
2022-10-03 12:56:46,864 [pool-656-thread-1] INFO  storage.RaftStorageDirectory (RaftStorageDirectoryImpl.java:analyzeStorage(135)) - The storage directory /home/runner/work/ozone/ozone/hadoop-ozone/integration-test/target/test-dir/MiniOzoneClusterImpl-01f267b2-e4ec-44eb-81f8-9e98a03d735c/datanode-0/data/ratis/950f4139-250e-43c7-8c45-2de5797406da does not exist. Creating ...
2022-10-03 12:56:46,897 [pool-656-thread-1] INFO  storage.RaftStorageDirectory (RaftStorageDirectoryImpl.java:tryLock(230)) - Lock on /home/runner/work/ozone/ozone/hadoop-ozone/integration-test/target/test-dir/MiniOzoneClusterImpl-01f267b2-e4ec-44eb-81f8-9e98a03d735c/datanode-0/data/ratis/950f4139-250e-43c7-8c45-2de5797406da/in_use.lock acquired by nodename 2263@fv-az443-503
2022-10-03 12:56:46,899 [pool-656-thread-1] INFO  storage.RaftStorage (RaftStorageImpl.java:format(89)) - Storage directory /home/runner/work/ozone/ozone/hadoop-ozone/integration-test/target/test-dir/MiniOzoneClusterImpl-01f267b2-e4ec-44eb-81f8-9e98a03d735c/datanode-0/data/ratis/950f4139-250e-43c7-8c45-2de5797406da has been successfully formatted.
2022-10-03 12:56:46,900 [pool-656-thread-1] INFO  ratis.ContainerStateMachine (ContainerStateMachine.java:loadSnapshot(236)) - group-2DE5797406DA: The snapshot info is null. Setting the last applied indexto:(t:0, i:~)
2022-10-03 12:56:46,900 [pool-656-thread-1] INFO  server.RaftServerConfigKeys (ConfUtils.java:logGet(46)) - raft.server.notification.no-leader.timeout = 300s (custom)
2022-10-03 12:56:46,900 [pool-656-thread-1] INFO  server.RaftServerConfigKeys (ConfUtils.java:logGet(46)) - raft.server.log.use.memory = false (default)
2022-10-03 12:56:46,900 [pool-656-thread-1] INFO  server.RaftServerConfigKeys (ConfUtils.java:logGet(46)) - raft.server.log.purge.gap = 1000000 (custom)
2022-10-03 12:56:46,900 [pool-656-thread-1] INFO  server.RaftServerConfigKeys (ConfUtils.java:logGet(46)) - raft.server.log.appender.buffer.byte-limit = 33554432 (custom)
2022-10-03 12:56:46,900 [pool-656-thread-1] INFO  server.RaftServerConfigKeys (ConfUtils.java:logGet(46)) - raft.server.log.statemachine.data.read.timeout = 1000ms (default)
2022-10-03 12:56:46,900 [pool-656-thread-1] INFO  server.RaftServerConfigKeys (ConfUtils.java:logGet(46)) - raft.server.log.segment.size.max = 1048576 (custom)
2022-10-03 12:56:46,901 [pool-656-thread-1] INFO  server.RaftServerConfigKeys (ConfUtils.java:logGet(46)) - raft.server.log.segment.cache.num.max = 2 (custom)
2022-10-03 12:56:46,901 [pool-656-thread-1] INFO  server.RaftServerConfigKeys (ConfUtils.java:logGet(46)) - raft.server.log.segment.cache.size.max = 200MB (=209715200) (default)
2022-10-03 12:56:46,901 [pool-656-thread-1] INFO  segmented.SegmentedRaftLogWorker (SegmentedRaftLogWorker.java:<init>(187)) - new 50f5496c-ca8d-4e5d-a1d6-989fe0353439@group-2DE5797406DA-SegmentedRaftLogWorker for RaftStorageImpl:Storage Directory /home/runner/work/ozone/ozone/hadoop-ozone/integration-test/target/test-dir/MiniOzoneClusterImpl-01f267b2-e4ec-44eb-81f8-9e98a03d735c/datanode-0/data/ratis/950f4139-250e-43c7-8c45-2de5797406da
2022-10-03 12:56:46,901 [pool-656-thread-1] INFO  server.RaftServerConfigKeys (ConfUtils.java:logGet(46)) - raft.server.log.queue.byte-limit = 4294967296 (custom)
2022-10-03 12:56:46,901 [pool-656-thread-1] INFO  server.RaftServerConfigKeys (ConfUtils.java:logGet(46)) - raft.server.log.queue.element-limit = 1024 (custom)
2022-10-03 12:56:46,901 [pool-656-thread-1] INFO  server.RaftServerConfigKeys (ConfUtils.java:logGet(46)) - raft.server.log.segment.size.max = 1048576 (custom)
2022-10-03 12:56:46,901 [pool-656-thread-1] INFO  server.RaftServerConfigKeys (ConfUtils.java:logGet(46)) - raft.server.log.preallocated.size = 16384 (custom)
2022-10-03 12:56:46,901 [pool-656-thread-1] INFO  server.RaftServerConfigKeys (ConfUtils.java:logGet(46)) - raft.server.log.force.sync.num = 128 (default)
2022-10-03 12:56:46,901 [pool-656-thread-1] INFO  server.RaftServerConfigKeys (ConfUtils.java:logGet(46)) - raft.server.log.statemachine.data.sync = true (default)
2022-10-03 12:56:46,901 [pool-656-thread-1] INFO  server.RaftServerConfigKeys (ConfUtils.java:logGet(46)) - raft.server.log.statemachine.data.sync.timeout = 10s (default)
2022-10-03 12:56:46,901 [pool-656-thread-1] INFO  server.RaftServerConfigKeys (ConfUtils.java:logGet(46)) - raft.server.log.statemachine.data.sync.timeout.retry = -1 (default)
2022-10-03 12:56:46,902 [pool-656-thread-1] INFO  server.RaftServerConfigKeys (ConfUtils.java:logGet(46)) - raft.server.log.write.buffer.size = 1048576 (custom)
2022-10-03 12:56:46,902 [pool-656-thread-1] INFO  server.RaftServerConfigKeys (ConfUtils.java:logGet(46)) - raft.server.log.unsafe-flush.enabled = false (default)
2022-10-03 12:56:46,902 [pool-656-thread-1] INFO  server.RaftServerConfigKeys (ConfUtils.java:logGet(46)) - raft.server.log.statemachine.data.caching.enabled = true (custom)
2022-10-03 12:56:46,902 [pool-656-thread-1] INFO  segmented.SegmentedRaftLogWorker (SegmentedRaftLogWorker.java:lambda$new$0(135)) - 50f5496c-ca8d-4e5d-a1d6-989fe0353439@group-2DE5797406DA-SegmentedRaftLogWorker: flushIndex: setUnconditionally 0 -> -1
2022-10-03 12:56:46,902 [pool-656-thread-1] INFO  segmented.SegmentedRaftLogWorker (SegmentedRaftLogWorker.java:lambda$new$0(135)) - 50f5496c-ca8d-4e5d-a1d6-989fe0353439@group-2DE5797406DA-SegmentedRaftLogWorker: safeCacheEvictIndex: setUnconditionally 0 -> -1
2022-10-03 12:56:46,902 [pool-656-thread-1] INFO  server.RaftServerConfigKeys (ConfUtils.java:logGet(46)) - raft.server.snapshot.auto.trigger.enabled = true (custom)
2022-10-03 12:56:46,903 [pool-656-thread-1] INFO  server.RaftServerConfigKeys (ConfUtils.java:logGet(46)) - raft.server.snapshot.auto.trigger.threshold = 10000 (custom)
2022-10-03 12:56:46,903 [pool-656-thread-1] INFO  server.RaftServerConfigKeys (ConfUtils.java:logGet(46)) - raft.server.snapshot.retention.file.num = 5 (custom)
2022-10-03 12:56:46,903 [pool-656-thread-1] INFO  server.RaftServerConfigKeys (ConfUtils.java:logGet(46)) - raft.server.log.purge.upto.snapshot.index = false (default)
2022-10-03 12:56:46,903 [pool-656-thread-1] INFO  server.RaftServerConfigKeys (ConfUtils.java:logGet(46)) - raft.server.retrycache.expirytime = 600000ms (custom)
2022-10-03 12:56:46,903 [pool-656-thread-1] INFO  server.RaftServerConfigKeys (ConfUtils.java:logGet(46)) - raft.server.retrycache.statistics.expirytime = 100μs (default)
2022-10-03 12:56:46,904 [pool-656-thread-1] INFO  server.RaftServerConfigKeys (ConfUtils.java:logGet(46)) - raft.server.log.appender.install.snapshot.enabled = false (custom)
2022-10-03 12:56:46,904 [pool-656-thread-1] INFO  server.RaftServerConfigKeys (ConfUtils.java:logGet(46)) - raft.server.threadpool.server.cached = true (default)
2022-10-03 12:56:46,904 [pool-656-thread-1] INFO  server.RaftServerConfigKeys (ConfUtils.java:logGet(46)) - raft.server.threadpool.server.size = 0 (default)
2022-10-03 12:56:46,904 [pool-656-thread-1] INFO  server.RaftServerConfigKeys (ConfUtils.java:logGet(46)) - raft.server.threadpool.client.cached = true (default)
2022-10-03 12:56:46,904 [pool-656-thread-1] INFO  server.RaftServerConfigKeys (ConfUtils.java:logGet(46)) - raft.server.threadpool.client.size = 0 (default)
2022-10-03 12:56:46,904 [pool-656-thread-1] INFO  server.RaftServer$Division (RaftServerImpl.java:start(310)) - 50f5496c-ca8d-4e5d-a1d6-989fe0353439@group-2DE5797406DA: start as a follower, conf=-1: [50f5496c-ca8d-4e5d-a1d6-989fe0353439|rpc:10.1.0.147:42361|priority:1], old=null
2022-10-03 12:56:46,904 [pool-656-thread-1] INFO  server.RaftServer$Division (RaftServerImpl.java:setRole(299)) - 50f5496c-ca8d-4e5d-a1d6-989fe0353439@group-2DE5797406DA: changes role from      null to FOLLOWER at term 0 for startAsFollower
2022-10-03 12:56:46,904 [pool-656-thread-1] INFO  impl.RoleInfo (RoleInfo.java:updateAndGet(139)) - 50f5496c-ca8d-4e5d-a1d6-989fe0353439: start 50f5496c-ca8d-4e5d-a1d6-989fe0353439@group-2DE5797406DA-FollowerState
2022-10-03 12:56:46,913 [pool-656-thread-1] INFO  util.JmxRegister (JmxRegister.java:tryRegister(44)) - Successfully registered JMX Bean with object name Ratis:service=RaftServer,group=group-2DE5797406DA,id=50f5496c-ca8d-4e5d-a1d6-989fe0353439
2022-10-03 12:56:46,921 [Command processor thread] INFO  ratis.XceiverServerRatis (XceiverServerRatis.java:addGroup(765)) - Created group PipelineID=950f4139-250e-43c7-8c45-2de5797406da
2022-10-03 12:56:46,921 [Command processor thread] INFO  commandhandler.CreatePipelineCommandHandler (CreatePipelineCommandHandler.java:handle(113)) - Created Pipeline RATIS ONE PipelineID=950f4139-250e-43c7-8c45-2de5797406da.
2022-10-03 12:56:46,921 [Command processor thread] INFO  server.RaftServer (RaftServerProxy.java:addNew(96)) - 50f5496c-ca8d-4e5d-a1d6-989fe0353439: addNew group-20325CDD31CE:[40965ae6-a020-46d7-9af0-6fa26a365fb3|rpc:10.1.0.147:43889|priority:1, 50f5496c-ca8d-4e5d-a1d6-989fe0353439|rpc:10.1.0.147:42361|priority:0, c0360714-498d-4f71-92fe-394f4a6aa5bc|rpc:10.1.0.147:42583|priority:0] returns group-20325CDD31CE:java.util.concurrent.CompletableFuture@4c4530c2[Not completed]
2022-10-03 12:56:46,942 [pool-656-thread-1] INFO  server.RaftServer$Division (RaftServerImpl.java:<init>(190)) - 50f5496c-ca8d-4e5d-a1d6-989fe0353439: new RaftServerImpl for group-20325CDD31CE:[40965ae6-a020-46d7-9af0-6fa26a365fb3|rpc:10.1.0.147:43889|priority:1, 50f5496c-ca8d-4e5d-a1d6-989fe0353439|rpc:10.1.0.147:42361|priority:0, c0360714-498d-4f71-92fe-394f4a6aa5bc|rpc:10.1.0.147:42583|priority:0] with ContainerStateMachine:uninitialized
2022-10-03 12:56:46,942 [pool-656-thread-1] INFO  server.RaftServerConfigKeys (ConfUtils.java:logGet(46)) - raft.server.rpc.timeout.min = 5s (custom)
2022-10-03 12:56:46,942 [pool-656-thread-1] INFO  server.RaftServerConfigKeys (ConfUtils.java:logGet(46)) - raft.server.rpc.timeout.max = 5200ms (custom)
2022-10-03 12:56:46,942 [pool-656-thread-1] INFO  server.RaftServerConfigKeys (ConfUtils.java:logGet(46)) - raft.server.rpc.sleep.time = 25ms (default)
2022-10-03 12:56:46,942 [pool-656-thread-1] INFO  server.RaftServerConfigKeys (ConfUtils.java:logGet(46)) - raft.server.rpc.slowness.timeout = 300s (custom)
2022-10-03 12:56:46,942 [pool-656-thread-1] INFO  server.RaftServerConfigKeys (ConfUtils.java:logGet(46)) - raft.server.leaderelection.leader.step-down.wait-time = 10s (default)
2022-10-03 12:56:46,942 [pool-656-thread-1] INFO  server.RaftServerConfigKeys (ConfUtils.java:logGet(46)) - raft.server.sleep.deviation.threshold = 300ms (default)
2022-10-03 12:56:46,942 [pool-656-thread-1] INFO  server.RaftServer$Division (ServerState.java:<init>(107)) - 50f5496c-ca8d-4e5d-a1d6-989fe0353439@group-20325CDD31CE: ConfigurationManager, init=-1: [40965ae6-a020-46d7-9af0-6fa26a365fb3|rpc:10.1.0.147:43889|priority:1, 50f5496c-ca8d-4e5d-a1d6-989fe0353439|rpc:10.1.0.147:42361|priority:0, c0360714-498d-4f71-92fe-394f4a6aa5bc|rpc:10.1.0.147:42583|priority:0], old=null, confs=<EMPTY_MAP>
2022-10-03 12:56:46,942 [pool-656-thread-1] INFO  server.RaftServerConfigKeys (ConfUtils.java:logGet(46)) - raft.server.storage.dir = [/home/runner/work/ozone/ozone/hadoop-ozone/integration-test/target/test-dir/MiniOzoneClusterImpl-01f267b2-e4ec-44eb-81f8-9e98a03d735c/datanode-0/data/ratis] (custom)
2022-10-03 12:56:46,942 [pool-656-thread-1] INFO  server.RaftServerConfigKeys (ConfUtils.java:logGet(46)) - raft.server.log.corruption.policy = EXCEPTION (default)
2022-10-03 12:56:46,942 [pool-656-thread-1] INFO  server.RaftServerConfigKeys (ConfUtils.java:logGet(46)) - raft.server.storage.free-space.min = 0MB (=0) (default)
2022-10-03 12:56:46,942 [pool-656-thread-1] INFO  storage.RaftStorageDirectory (RaftStorageDirectoryImpl.java:analyzeStorage(135)) - The storage directory /home/runner/work/ozone/ozone/hadoop-ozone/integration-test/target/test-dir/MiniOzoneClusterImpl-01f267b2-e4ec-44eb-81f8-9e98a03d735c/datanode-0/data/ratis/f62c253f-950a-4048-add8-20325cdd31ce does not exist. Creating ...
2022-10-03 12:56:46,943 [EventQueue-PipelineReportForPipelineReportHandler] INFO  pipeline.PipelineManagerImpl (PipelineManagerImpl.java:openPipeline(367)) - Pipeline Pipeline[ Id: 950f4139-250e-43c7-8c45-2de5797406da, Nodes: 50f5496c-ca8d-4e5d-a1d6-989fe0353439{ip: 10.1.0.147, host: fv-az443-503.ap2fcshprsnunfx25e1aelzb4b.cx.internal.cloudapp.net, ports: [REPLICATION=45895, RATIS=42361, RATIS_ADMIN=42361, RATIS_SERVER=42361, STANDALONE=40365], networkLocation: /default-rack, certSerialId: null, persistedOpState: IN_SERVICE, persistedOpStateExpiryEpochSec: 0}, ReplicationConfig: RATIS/ONE, State:ALLOCATED, leaderId:50f5496c-ca8d-4e5d-a1d6-989fe0353439, CreationTimestamp2022-10-03T12:56:43.985Z[Etc/UTC]] moved to OPEN state
2022-10-03 12:56:46,944 [pool-656-thread-1] INFO  storage.RaftStorageDirectory (RaftStorageDirectoryImpl.java:tryLock(230)) - Lock on /home/runner/work/ozone/ozone/hadoop-ozone/integration-test/target/test-dir/MiniOzoneClusterImpl-01f267b2-e4ec-44eb-81f8-9e98a03d735c/datanode-0/data/ratis/f62c253f-950a-4048-add8-20325cdd31ce/in_use.lock acquired by nodename 2263@fv-az443-503
2022-10-03 12:56:46,982 [EventQueue-OpenPipelineForHealthyPipelineSafeModeRule] INFO  safemode.SCMSafeModeManager (HealthyPipelineSafeModeRule.java:process(137)) - SCM in safe mode. Healthy pipelines reported count is 0, required healthy pipeline reported count is 1
2022-10-03 12:56:46,982 [pool-656-thread-1] INFO  storage.RaftStorage (RaftStorageImpl.java:format(89)) - Storage directory /home/runner/work/ozone/ozone/hadoop-ozone/integration-test/target/test-dir/MiniOzoneClusterImpl-01f267b2-e4ec-44eb-81f8-9e98a03d735c/datanode-0/data/ratis/f62c253f-950a-4048-add8-20325cdd31ce has been successfully formatted.
2022-10-03 12:56:46,982 [pool-656-thread-1] INFO  ratis.ContainerStateMachine (ContainerStateMachine.java:loadSnapshot(236)) - group-20325CDD31CE: The snapshot info is null. Setting the last applied indexto:(t:0, i:~)
2022-10-03 12:56:46,982 [pool-656-thread-1] INFO  server.RaftServerConfigKeys (ConfUtils.java:logGet(46)) - raft.server.notification.no-leader.timeout = 300s (custom)
2022-10-03 12:56:46,982 [pool-656-thread-1] INFO  server.RaftServerConfigKeys (ConfUtils.java:logGet(46)) - raft.server.log.use.memory = false (default)
2022-10-03 12:56:46,982 [pool-656-thread-1] INFO  server.RaftServerConfigKeys (ConfUtils.java:logGet(46)) - raft.server.log.purge.gap = 1000000 (custom)
2022-10-03 12:56:46,982 [pool-656-thread-1] INFO  server.RaftServerConfigKeys (ConfUtils.java:logGet(46)) - raft.server.log.appender.buffer.byte-limit = 33554432 (custom)
2022-10-03 12:56:46,982 [pool-656-thread-1] INFO  server.RaftServerConfigKeys (ConfUtils.java:logGet(46)) - raft.server.log.statemachine.data.read.timeout = 1000ms (default)
2022-10-03 12:56:46,983 [pool-656-thread-1] INFO  server.RaftServerConfigKeys (ConfUtils.java:logGet(46)) - raft.server.log.segment.size.max = 1048576 (custom)
2022-10-03 12:56:46,983 [pool-656-thread-1] INFO  server.RaftServerConfigKeys (ConfUtils.java:logGet(46)) - raft.server.log.segment.cache.num.max = 2 (custom)
2022-10-03 12:56:46,983 [pool-656-thread-1] INFO  server.RaftServerConfigKeys (ConfUtils.java:logGet(46)) - raft.server.log.segment.cache.size.max = 200MB (=209715200) (default)
2022-10-03 12:56:46,983 [pool-656-thread-1] INFO  segmented.SegmentedRaftLogWorker (SegmentedRaftLogWorker.java:<init>(187)) - new 50f5496c-ca8d-4e5d-a1d6-989fe0353439@group-20325CDD31CE-SegmentedRaftLogWorker for RaftStorageImpl:Storage Directory /home/runner/work/ozone/ozone/hadoop-ozone/integration-test/target/test-dir/MiniOzoneClusterImpl-01f267b2-e4ec-44eb-81f8-9e98a03d735c/datanode-0/data/ratis/f62c253f-950a-4048-add8-20325cdd31ce
2022-10-03 12:56:46,983 [pool-656-thread-1] INFO  server.RaftServerConfigKeys (ConfUtils.java:logGet(46)) - raft.server.log.queue.byte-limit = 4294967296 (custom)
2022-10-03 12:56:46,983 [pool-656-thread-1] INFO  server.RaftServerConfigKeys (ConfUtils.java:logGet(46)) - raft.server.log.queue.element-limit = 1024 (custom)
2022-10-03 12:56:46,983 [pool-656-thread-1] INFO  server.RaftServerConfigKeys (ConfUtils.java:logGet(46)) - raft.server.log.segment.size.max = 1048576 (custom)
2022-10-03 12:56:46,983 [pool-656-thread-1] INFO  server.RaftServerConfigKeys (ConfUtils.java:logGet(46)) - raft.server.log.preallocated.size = 16384 (custom)
2022-10-03 12:56:46,983 [pool-656-thread-1] INFO  server.RaftServerConfigKeys (ConfUtils.java:logGet(46)) - raft.server.log.force.sync.num = 128 (default)
2022-10-03 12:56:46,983 [pool-656-thread-1] INFO  server.RaftServerConfigKeys (ConfUtils.java:logGet(46)) - raft.server.log.statemachine.data.sync = true (default)
2022-10-03 12:56:46,983 [pool-656-thread-1] INFO  server.RaftServerConfigKeys (ConfUtils.java:logGet(46)) - raft.server.log.statemachine.data.sync.timeout = 10s (default)
2022-10-03 12:56:46,983 [pool-656-thread-1] INFO  server.RaftServerConfigKeys (ConfUtils.java:logGet(46)) - raft.server.log.statemachine.data.sync.timeout.retry = -1 (default)
2022-10-03 12:56:46,984 [pool-656-thread-1] INFO  server.RaftServerConfigKeys (ConfUtils.java:logGet(46)) - raft.server.log.write.buffer.size = 1048576 (custom)
2022-10-03 12:56:46,984 [pool-656-thread-1] INFO  server.RaftServerConfigKeys (ConfUtils.java:logGet(46)) - raft.server.log.unsafe-flush.enabled = false (default)
2022-10-03 12:56:46,984 [pool-656-thread-1] INFO  server.RaftServerConfigKeys (ConfUtils.java:logGet(46)) - raft.server.log.statemachine.data.caching.enabled = true (custom)
2022-10-03 12:56:46,984 [pool-656-thread-1] INFO  segmented.SegmentedRaftLogWorker (SegmentedRaftLogWorker.java:lambda$new$0(135)) - 50f5496c-ca8d-4e5d-a1d6-989fe0353439@group-20325CDD31CE-SegmentedRaftLogWorker: flushIndex: setUnconditionally 0 -> -1
2022-10-03 12:56:46,984 [pool-656-thread-1] INFO  segmented.SegmentedRaftLogWorker (SegmentedRaftLogWorker.java:lambda$new$0(135)) - 50f5496c-ca8d-4e5d-a1d6-989fe0353439@group-20325CDD31CE-SegmentedRaftLogWorker: safeCacheEvictIndex: setUnconditionally 0 -> -1
2022-10-03 12:56:46,989 [pool-656-thread-1] INFO  server.RaftServerConfigKeys (ConfUtils.java:logGet(46)) - raft.server.snapshot.auto.trigger.enabled = true (custom)
2022-10-03 12:56:46,989 [pool-656-thread-1] INFO  server.RaftServerConfigKeys (ConfUtils.java:logGet(46)) - raft.server.snapshot.auto.trigger.threshold = 10000 (custom)
2022-10-03 12:56:46,989 [pool-656-thread-1] INFO  server.RaftServerConfigKeys (ConfUtils.java:logGet(46)) - raft.server.snapshot.retention.file.num = 5 (custom)
2022-10-03 12:56:46,989 [pool-656-thread-1] INFO  server.RaftServerConfigKeys (ConfUtils.java:logGet(46)) - raft.server.log.purge.upto.snapshot.index = false (default)
2022-10-03 12:56:46,989 [pool-656-thread-1] INFO  server.RaftServerConfigKeys (ConfUtils.java:logGet(46)) - raft.server.retrycache.expirytime = 600000ms (custom)
2022-10-03 12:56:46,989 [pool-656-thread-1] INFO  server.RaftServerConfigKeys (ConfUtils.java:logGet(46)) - raft.server.retrycache.statistics.expirytime = 100μs (default)
2022-10-03 12:56:46,990 [pool-656-thread-1] INFO  server.RaftServerConfigKeys (ConfUtils.java:logGet(46)) - raft.server.log.appender.install.snapshot.enabled = false (custom)
2022-10-03 12:56:46,990 [pool-656-thread-1] INFO  server.RaftServerConfigKeys (ConfUtils.java:logGet(46)) - raft.server.threadpool.server.cached = true (default)
2022-10-03 12:56:46,990 [pool-656-thread-1] INFO  server.RaftServerConfigKeys (ConfUtils.java:logGet(46)) - raft.server.threadpool.server.size = 0 (default)
2022-10-03 12:56:46,990 [pool-656-thread-1] INFO  server.RaftServerConfigKeys (ConfUtils.java:logGet(46)) - raft.server.threadpool.client.cached = true (default)
2022-10-03 12:56:46,990 [pool-656-thread-1] INFO  server.RaftServerConfigKeys (ConfUtils.java:logGet(46)) - raft.server.threadpool.client.size = 0 (default)
2022-10-03 12:56:46,991 [pool-656-thread-1] INFO  server.RaftServer$Division (RaftServerImpl.java:start(310)) - 50f5496c-ca8d-4e5d-a1d6-989fe0353439@group-20325CDD31CE: start as a follower, conf=-1: [40965ae6-a020-46d7-9af0-6fa26a365fb3|rpc:10.1.0.147:43889|priority:1, 50f5496c-ca8d-4e5d-a1d6-989fe0353439|rpc:10.1.0.147:42361|priority:0, c0360714-498d-4f71-92fe-394f4a6aa5bc|rpc:10.1.0.147:42583|priority:0], old=null
2022-10-03 12:56:46,991 [pool-656-thread-1] INFO  server.RaftServer$Division (RaftServerImpl.java:setRole(299)) - 50f5496c-ca8d-4e5d-a1d6-989fe0353439@group-20325CDD31CE: changes role from      null to FOLLOWER at term 0 for startAsFollower
2022-10-03 12:56:46,991 [pool-656-thread-1] INFO  impl.RoleInfo (RoleInfo.java:updateAndGet(139)) - 50f5496c-ca8d-4e5d-a1d6-989fe0353439: start 50f5496c-ca8d-4e5d-a1d6-989fe0353439@group-20325CDD31CE-FollowerState
2022-10-03 12:56:46,991 [pool-656-thread-1] INFO  util.JmxRegister (JmxRegister.java:tryRegister(44)) - Successfully registered JMX Bean with object name Ratis:service=RaftServer,group=group-20325CDD31CE,id=50f5496c-ca8d-4e5d-a1d6-989fe0353439
2022-10-03 12:56:46,992 [EventQueue-OpenPipelineForHealthyPipelineSafeModeRule] INFO  safemode.SCMSafeModeManager (HealthyPipelineSafeModeRule.java:process(137)) - SCM in safe mode. Healthy pipelines reported count is 0, required healthy pipeline reported count is 1
2022-10-03 12:56:46,992 [Command processor thread] INFO  ratis.XceiverServerRatis (XceiverServerRatis.java:addGroup(765)) - Created group PipelineID=f62c253f-950a-4048-add8-20325cdd31ce
2022-10-03 12:56:47,105 [grpc-default-executor-0] INFO  server.RaftServer (RaftServerProxy.java:addNew(96)) - c0360714-498d-4f71-92fe-394f4a6aa5bc: addNew group-20325CDD31CE:[40965ae6-a020-46d7-9af0-6fa26a365fb3|rpc:10.1.0.147:43889|dataStream:|priority:1, 50f5496c-ca8d-4e5d-a1d6-989fe0353439|rpc:10.1.0.147:42361|dataStream:|priority:0, c0360714-498d-4f71-92fe-394f4a6aa5bc|rpc:10.1.0.147:42583|dataStream:|priority:0] returns group-20325CDD31CE:java.util.concurrent.CompletableFuture@4e1f11ce[Not completed]
2022-10-03 12:56:47,122 [pool-702-thread-1] INFO  server.RaftServer$Division (RaftServerImpl.java:<init>(190)) - c0360714-498d-4f71-92fe-394f4a6aa5bc: new RaftServerImpl for group-20325CDD31CE:[40965ae6-a020-46d7-9af0-6fa26a365fb3|rpc:10.1.0.147:43889|dataStream:|priority:1, 50f5496c-ca8d-4e5d-a1d6-989fe0353439|rpc:10.1.0.147:42361|dataStream:|priority:0, c0360714-498d-4f71-92fe-394f4a6aa5bc|rpc:10.1.0.147:42583|dataStream:|priority:0] with ContainerStateMachine:uninitialized
2022-10-03 12:56:47,122 [pool-702-thread-1] INFO  server.RaftServerConfigKeys (ConfUtils.java:logGet(46)) - raft.server.rpc.timeout.min = 5s (custom)
2022-10-03 12:56:47,122 [pool-702-thread-1] INFO  server.RaftServerConfigKeys (ConfUtils.java:logGet(46)) - raft.server.rpc.timeout.max = 5200ms (custom)
2022-10-03 12:56:47,122 [pool-702-thread-1] INFO  server.RaftServerConfigKeys (ConfUtils.java:logGet(46)) - raft.server.rpc.sleep.time = 25ms (default)
2022-10-03 12:56:47,122 [pool-702-thread-1] INFO  server.RaftServerConfigKeys (ConfUtils.java:logGet(46)) - raft.server.rpc.slowness.timeout = 300s (custom)
2022-10-03 12:56:47,122 [pool-702-thread-1] INFO  server.RaftServerConfigKeys (ConfUtils.java:logGet(46)) - raft.server.leaderelection.leader.step-down.wait-time = 10s (default)
2022-10-03 12:56:47,122 [pool-702-thread-1] INFO  server.RaftServerConfigKeys (ConfUtils.java:logGet(46)) - raft.server.sleep.deviation.threshold = 300ms (default)
2022-10-03 12:56:47,122 [pool-702-thread-1] INFO  server.RaftServer$Division (ServerState.java:<init>(107)) - c0360714-498d-4f71-92fe-394f4a6aa5bc@group-20325CDD31CE: ConfigurationManager, init=-1: [40965ae6-a020-46d7-9af0-6fa26a365fb3|rpc:10.1.0.147:43889|dataStream:|priority:1, 50f5496c-ca8d-4e5d-a1d6-989fe0353439|rpc:10.1.0.147:42361|dataStream:|priority:0, c0360714-498d-4f71-92fe-394f4a6aa5bc|rpc:10.1.0.147:42583|dataStream:|priority:0], old=null, confs=<EMPTY_MAP>
2022-10-03 12:56:47,122 [pool-702-thread-1] INFO  server.RaftServerConfigKeys (ConfUtils.java:logGet(46)) - raft.server.storage.dir = [/home/runner/work/ozone/ozone/hadoop-ozone/integration-test/target/test-dir/MiniOzoneClusterImpl-01f267b2-e4ec-44eb-81f8-9e98a03d735c/datanode-2/data/ratis] (custom)
2022-10-03 12:56:47,122 [pool-702-thread-1] INFO  server.RaftServerConfigKeys (ConfUtils.java:logGet(46)) - raft.server.log.corruption.policy = EXCEPTION (default)
2022-10-03 12:56:47,122 [pool-702-thread-1] INFO  server.RaftServerConfigKeys (ConfUtils.java:logGet(46)) - raft.server.storage.free-space.min = 0MB (=0) (default)
2022-10-03 12:56:47,122 [pool-702-thread-1] INFO  storage.RaftStorageDirectory (RaftStorageDirectoryImpl.java:analyzeStorage(135)) - The storage directory /home/runner/work/ozone/ozone/hadoop-ozone/integration-test/target/test-dir/MiniOzoneClusterImpl-01f267b2-e4ec-44eb-81f8-9e98a03d735c/datanode-2/data/ratis/f62c253f-950a-4048-add8-20325cdd31ce does not exist. Creating ...
2022-10-03 12:56:47,125 [pool-702-thread-1] INFO  storage.RaftStorageDirectory (RaftStorageDirectoryImpl.java:tryLock(230)) - Lock on /home/runner/work/ozone/ozone/hadoop-ozone/integration-test/target/test-dir/MiniOzoneClusterImpl-01f267b2-e4ec-44eb-81f8-9e98a03d735c/datanode-2/data/ratis/f62c253f-950a-4048-add8-20325cdd31ce/in_use.lock acquired by nodename 2263@fv-az443-503
2022-10-03 12:56:47,133 [pool-702-thread-1] INFO  storage.RaftStorage (RaftStorageImpl.java:format(89)) - Storage directory /home/runner/work/ozone/ozone/hadoop-ozone/integration-test/target/test-dir/MiniOzoneClusterImpl-01f267b2-e4ec-44eb-81f8-9e98a03d735c/datanode-2/data/ratis/f62c253f-950a-4048-add8-20325cdd31ce has been successfully formatted.
2022-10-03 12:56:47,134 [pool-702-thread-1] INFO  ratis.ContainerStateMachine (ContainerStateMachine.java:loadSnapshot(236)) - group-20325CDD31CE: The snapshot info is null. Setting the last applied indexto:(t:0, i:~)
2022-10-03 12:56:47,134 [pool-702-thread-1] INFO  server.RaftServerConfigKeys (ConfUtils.java:logGet(46)) - raft.server.notification.no-leader.timeout = 300s (custom)
2022-10-03 12:56:47,134 [pool-702-thread-1] INFO  server.RaftServerConfigKeys (ConfUtils.java:logGet(46)) - raft.server.log.use.memory = false (default)
2022-10-03 12:56:47,134 [pool-702-thread-1] INFO  server.RaftServerConfigKeys (ConfUtils.java:logGet(46)) - raft.server.log.purge.gap = 1000000 (custom)
2022-10-03 12:56:47,134 [pool-702-thread-1] INFO  server.RaftServerConfigKeys (ConfUtils.java:logGet(46)) - raft.server.log.appender.buffer.byte-limit = 33554432 (custom)
2022-10-03 12:56:47,134 [pool-702-thread-1] INFO  server.RaftServerConfigKeys (ConfUtils.java:logGet(46)) - raft.server.log.statemachine.data.read.timeout = 1000ms (default)
2022-10-03 12:56:47,134 [pool-702-thread-1] INFO  server.RaftServerConfigKeys (ConfUtils.java:logGet(46)) - raft.server.log.segment.size.max = 1048576 (custom)
2022-10-03 12:56:47,134 [pool-702-thread-1] INFO  server.RaftServerConfigKeys (ConfUtils.java:logGet(46)) - raft.server.log.segment.cache.num.max = 2 (custom)
2022-10-03 12:56:47,134 [pool-702-thread-1] INFO  server.RaftServerConfigKeys (ConfUtils.java:logGet(46)) - raft.server.log.segment.cache.size.max = 200MB (=209715200) (default)
2022-10-03 12:56:47,134 [pool-702-thread-1] INFO  segmented.SegmentedRaftLogWorker (SegmentedRaftLogWorker.java:<init>(187)) - new c0360714-498d-4f71-92fe-394f4a6aa5bc@group-20325CDD31CE-SegmentedRaftLogWorker for RaftStorageImpl:Storage Directory /home/runner/work/ozone/ozone/hadoop-ozone/integration-test/target/test-dir/MiniOzoneClusterImpl-01f267b2-e4ec-44eb-81f8-9e98a03d735c/datanode-2/data/ratis/f62c253f-950a-4048-add8-20325cdd31ce
2022-10-03 12:56:47,134 [pool-702-thread-1] INFO  server.RaftServerConfigKeys (ConfUtils.java:logGet(46)) - raft.server.log.queue.byte-limit = 4294967296 (custom)
2022-10-03 12:56:47,134 [pool-702-thread-1] INFO  server.RaftServerConfigKeys (ConfUtils.java:logGet(46)) - raft.server.log.queue.element-limit = 1024 (custom)
2022-10-03 12:56:47,135 [pool-702-thread-1] INFO  server.RaftServerConfigKeys (ConfUtils.java:logGet(46)) - raft.server.log.segment.size.max = 1048576 (custom)
2022-10-03 12:56:47,135 [pool-702-thread-1] INFO  server.RaftServerConfigKeys (ConfUtils.java:logGet(46)) - raft.server.log.preallocated.size = 16384 (custom)
2022-10-03 12:56:47,135 [pool-702-thread-1] INFO  server.RaftServerConfigKeys (ConfUtils.java:logGet(46)) - raft.server.log.force.sync.num = 128 (default)
2022-10-03 12:56:47,135 [pool-702-thread-1] INFO  server.RaftServerConfigKeys (ConfUtils.java:logGet(46)) - raft.server.log.statemachine.data.sync = true (default)
2022-10-03 12:56:47,135 [pool-702-thread-1] INFO  server.RaftServerConfigKeys (ConfUtils.java:logGet(46)) - raft.server.log.statemachine.data.sync.timeout = 10s (default)
2022-10-03 12:56:47,135 [pool-702-thread-1] INFO  server.RaftServerConfigKeys (ConfUtils.java:logGet(46)) - raft.server.log.statemachine.data.sync.timeout.retry = -1 (default)
2022-10-03 12:56:47,135 [pool-702-thread-1] INFO  server.RaftServerConfigKeys (ConfUtils.java:logGet(46)) - raft.server.log.write.buffer.size = 1048576 (custom)
2022-10-03 12:56:47,136 [pool-702-thread-1] INFO  server.RaftServerConfigKeys (ConfUtils.java:logGet(46)) - raft.server.log.unsafe-flush.enabled = false (default)
2022-10-03 12:56:47,136 [pool-702-thread-1] INFO  server.RaftServerConfigKeys (ConfUtils.java:logGet(46)) - raft.server.log.statemachine.data.caching.enabled = true (custom)
2022-10-03 12:56:47,136 [pool-702-thread-1] INFO  segmented.SegmentedRaftLogWorker (SegmentedRaftLogWorker.java:lambda$new$0(135)) - c0360714-498d-4f71-92fe-394f4a6aa5bc@group-20325CDD31CE-SegmentedRaftLogWorker: flushIndex: setUnconditionally 0 -> -1
2022-10-03 12:56:47,136 [pool-702-thread-1] INFO  segmented.SegmentedRaftLogWorker (SegmentedRaftLogWorker.java:lambda$new$0(135)) - c0360714-498d-4f71-92fe-394f4a6aa5bc@group-20325CDD31CE-SegmentedRaftLogWorker: safeCacheEvictIndex: setUnconditionally 0 -> -1
2022-10-03 12:56:47,153 [pool-702-thread-1] INFO  server.RaftServerConfigKeys (ConfUtils.java:logGet(46)) - raft.server.snapshot.auto.trigger.enabled = true (custom)
2022-10-03 12:56:47,153 [pool-702-thread-1] INFO  server.RaftServerConfigKeys (ConfUtils.java:logGet(46)) - raft.server.snapshot.auto.trigger.threshold = 10000 (custom)
2022-10-03 12:56:47,153 [pool-702-thread-1] INFO  server.RaftServerConfigKeys (ConfUtils.java:logGet(46)) - raft.server.snapshot.retention.file.num = 5 (custom)
2022-10-03 12:56:47,153 [pool-702-thread-1] INFO  server.RaftServerConfigKeys (ConfUtils.java:logGet(46)) - raft.server.log.purge.upto.snapshot.index = false (default)
2022-10-03 12:56:47,153 [pool-702-thread-1] INFO  server.RaftServerConfigKeys (ConfUtils.java:logGet(46)) - raft.server.retrycache.expirytime = 600000ms (custom)
2022-10-03 12:56:47,153 [pool-702-thread-1] INFO  server.RaftServerConfigKeys (ConfUtils.java:logGet(46)) - raft.server.retrycache.statistics.expirytime = 100μs (default)
2022-10-03 12:56:47,155 [pool-702-thread-1] INFO  server.RaftServerConfigKeys (ConfUtils.java:logGet(46)) - raft.server.log.appender.install.snapshot.enabled = false (custom)
2022-10-03 12:56:47,155 [pool-702-thread-1] INFO  server.RaftServerConfigKeys (ConfUtils.java:logGet(46)) - raft.server.threadpool.server.cached = true (default)
2022-10-03 12:56:47,155 [pool-702-thread-1] INFO  server.RaftServerConfigKeys (ConfUtils.java:logGet(46)) - raft.server.threadpool.server.size = 0 (default)
2022-10-03 12:56:47,155 [pool-702-thread-1] INFO  server.RaftServerConfigKeys (ConfUtils.java:logGet(46)) - raft.server.threadpool.client.cached = true (default)
2022-10-03 12:56:47,155 [pool-702-thread-1] INFO  server.RaftServerConfigKeys (ConfUtils.java:logGet(46)) - raft.server.threadpool.client.size = 0 (default)
2022-10-03 12:56:47,155 [pool-702-thread-1] INFO  server.RaftServer$Division (RaftServerImpl.java:start(310)) - c0360714-498d-4f71-92fe-394f4a6aa5bc@group-20325CDD31CE: start as a follower, conf=-1: [40965ae6-a020-46d7-9af0-6fa26a365fb3|rpc:10.1.0.147:43889|dataStream:|priority:1, 50f5496c-ca8d-4e5d-a1d6-989fe0353439|rpc:10.1.0.147:42361|dataStream:|priority:0, c0360714-498d-4f71-92fe-394f4a6aa5bc|rpc:10.1.0.147:42583|dataStream:|priority:0], old=null
2022-10-03 12:56:47,155 [pool-702-thread-1] INFO  server.RaftServer$Division (RaftServerImpl.java:setRole(299)) - c0360714-498d-4f71-92fe-394f4a6aa5bc@group-20325CDD31CE: changes role from      null to FOLLOWER at term 0 for startAsFollower
2022-10-03 12:56:47,155 [pool-702-thread-1] INFO  impl.RoleInfo (RoleInfo.java:updateAndGet(139)) - c0360714-498d-4f71-92fe-394f4a6aa5bc: start c0360714-498d-4f71-92fe-394f4a6aa5bc@group-20325CDD31CE-FollowerState
2022-10-03 12:56:47,165 [pool-702-thread-1] INFO  util.JmxRegister (JmxRegister.java:tryRegister(44)) - Successfully registered JMX Bean with object name Ratis:service=RaftServer,group=group-20325CDD31CE,id=c0360714-498d-4f71-92fe-394f4a6aa5bc
2022-10-03 12:56:47,277 [grpc-default-executor-0] INFO  server.RaftServer (RaftServerProxy.java:addNew(96)) - 40965ae6-a020-46d7-9af0-6fa26a365fb3: addNew group-20325CDD31CE:[40965ae6-a020-46d7-9af0-6fa26a365fb3|rpc:10.1.0.147:43889|dataStream:|priority:1, 50f5496c-ca8d-4e5d-a1d6-989fe0353439|rpc:10.1.0.147:42361|dataStream:|priority:0, c0360714-498d-4f71-92fe-394f4a6aa5bc|rpc:10.1.0.147:42583|dataStream:|priority:0] returns group-20325CDD31CE:java.util.concurrent.CompletableFuture@2d6b1400[Not completed]
2022-10-03 12:56:47,294 [pool-679-thread-1] INFO  server.RaftServer$Division (RaftServerImpl.java:<init>(190)) - 40965ae6-a020-46d7-9af0-6fa26a365fb3: new RaftServerImpl for group-20325CDD31CE:[40965ae6-a020-46d7-9af0-6fa26a365fb3|rpc:10.1.0.147:43889|dataStream:|priority:1, 50f5496c-ca8d-4e5d-a1d6-989fe0353439|rpc:10.1.0.147:42361|dataStream:|priority:0, c0360714-498d-4f71-92fe-394f4a6aa5bc|rpc:10.1.0.147:42583|dataStream:|priority:0] with ContainerStateMachine:uninitialized
2022-10-03 12:56:47,294 [pool-679-thread-1] INFO  server.RaftServerConfigKeys (ConfUtils.java:logGet(46)) - raft.server.rpc.timeout.min = 5s (custom)
2022-10-03 12:56:47,294 [pool-679-thread-1] INFO  server.RaftServerConfigKeys (ConfUtils.java:logGet(46)) - raft.server.rpc.timeout.max = 5200ms (custom)
2022-10-03 12:56:47,294 [pool-679-thread-1] INFO  server.RaftServerConfigKeys (ConfUtils.java:logGet(46)) - raft.server.rpc.sleep.time = 25ms (default)
2022-10-03 12:56:47,294 [pool-679-thread-1] INFO  server.RaftServerConfigKeys (ConfUtils.java:logGet(46)) - raft.server.rpc.slowness.timeout = 300s (custom)
2022-10-03 12:56:47,294 [pool-679-thread-1] INFO  server.RaftServerConfigKeys (ConfUtils.java:logGet(46)) - raft.server.leaderelection.leader.step-down.wait-time = 10s (default)
2022-10-03 12:56:47,295 [pool-679-thread-1] INFO  server.RaftServerConfigKeys (ConfUtils.java:logGet(46)) - raft.server.sleep.deviation.threshold = 300ms (default)
2022-10-03 12:56:47,295 [pool-679-thread-1] INFO  server.RaftServer$Division (ServerState.java:<init>(107)) - 40965ae6-a020-46d7-9af0-6fa26a365fb3@group-20325CDD31CE: ConfigurationManager, init=-1: [40965ae6-a020-46d7-9af0-6fa26a365fb3|rpc:10.1.0.147:43889|dataStream:|priority:1, 50f5496c-ca8d-4e5d-a1d6-989fe0353439|rpc:10.1.0.147:42361|dataStream:|priority:0, c0360714-498d-4f71-92fe-394f4a6aa5bc|rpc:10.1.0.147:42583|dataStream:|priority:0], old=null, confs=<EMPTY_MAP>
2022-10-03 12:56:47,295 [pool-679-thread-1] INFO  server.RaftServerConfigKeys (ConfUtils.java:logGet(46)) - raft.server.storage.dir = [/home/runner/work/ozone/ozone/hadoop-ozone/integration-test/target/test-dir/MiniOzoneClusterImpl-01f267b2-e4ec-44eb-81f8-9e98a03d735c/datanode-1/data/ratis] (custom)
2022-10-03 12:56:47,295 [pool-679-thread-1] INFO  server.RaftServerConfigKeys (ConfUtils.java:logGet(46)) - raft.server.log.corruption.policy = EXCEPTION (default)
2022-10-03 12:56:47,295 [pool-679-thread-1] INFO  server.RaftServerConfigKeys (ConfUtils.java:logGet(46)) - raft.server.storage.free-space.min = 0MB (=0) (default)
2022-10-03 12:56:47,295 [pool-679-thread-1] INFO  storage.RaftStorageDirectory (RaftStorageDirectoryImpl.java:analyzeStorage(135)) - The storage directory /home/runner/work/ozone/ozone/hadoop-ozone/integration-test/target/test-dir/MiniOzoneClusterImpl-01f267b2-e4ec-44eb-81f8-9e98a03d735c/datanode-1/data/ratis/f62c253f-950a-4048-add8-20325cdd31ce does not exist. Creating ...
2022-10-03 12:56:47,297 [pool-679-thread-1] INFO  storage.RaftStorageDirectory (RaftStorageDirectoryImpl.java:tryLock(230)) - Lock on /home/runner/work/ozone/ozone/hadoop-ozone/integration-test/target/test-dir/MiniOzoneClusterImpl-01f267b2-e4ec-44eb-81f8-9e98a03d735c/datanode-1/data/ratis/f62c253f-950a-4048-add8-20325cdd31ce/in_use.lock acquired by nodename 2263@fv-az443-503
2022-10-03 12:56:47,333 [pool-679-thread-1] INFO  storage.RaftStorage (RaftStorageImpl.java:format(89)) - Storage directory /home/runner/work/ozone/ozone/hadoop-ozone/integration-test/target/test-dir/MiniOzoneClusterImpl-01f267b2-e4ec-44eb-81f8-9e98a03d735c/datanode-1/data/ratis/f62c253f-950a-4048-add8-20325cdd31ce has been successfully formatted.
2022-10-03 12:56:47,361 [pool-679-thread-1] INFO  ratis.ContainerStateMachine (ContainerStateMachine.java:loadSnapshot(236)) - group-20325CDD31CE: The snapshot info is null. Setting the last applied indexto:(t:0, i:~)
2022-10-03 12:56:47,361 [pool-679-thread-1] INFO  server.RaftServerConfigKeys (ConfUtils.java:logGet(46)) - raft.server.notification.no-leader.timeout = 300s (custom)
2022-10-03 12:56:47,361 [pool-679-thread-1] INFO  server.RaftServerConfigKeys (ConfUtils.java:logGet(46)) - raft.server.log.use.memory = false (default)
2022-10-03 12:56:47,361 [pool-679-thread-1] INFO  server.RaftServerConfigKeys (ConfUtils.java:logGet(46)) - raft.server.log.purge.gap = 1000000 (custom)
2022-10-03 12:56:47,361 [pool-679-thread-1] INFO  server.RaftServerConfigKeys (ConfUtils.java:logGet(46)) - raft.server.log.appender.buffer.byte-limit = 33554432 (custom)
2022-10-03 12:56:47,361 [pool-679-thread-1] INFO  server.RaftServerConfigKeys (ConfUtils.java:logGet(46)) - raft.server.log.statemachine.data.read.timeout = 1000ms (default)
2022-10-03 12:56:47,362 [pool-679-thread-1] INFO  server.RaftServerConfigKeys (ConfUtils.java:logGet(46)) - raft.server.log.segment.size.max = 1048576 (custom)
2022-10-03 12:56:47,362 [pool-679-thread-1] INFO  server.RaftServerConfigKeys (ConfUtils.java:logGet(46)) - raft.server.log.segment.cache.num.max = 2 (custom)
2022-10-03 12:56:47,362 [pool-679-thread-1] INFO  server.RaftServerConfigKeys (ConfUtils.java:logGet(46)) - raft.server.log.segment.cache.size.max = 200MB (=209715200) (default)
2022-10-03 12:56:47,362 [pool-679-thread-1] INFO  segmented.SegmentedRaftLogWorker (SegmentedRaftLogWorker.java:<init>(187)) - new 40965ae6-a020-46d7-9af0-6fa26a365fb3@group-20325CDD31CE-SegmentedRaftLogWorker for RaftStorageImpl:Storage Directory /home/runner/work/ozone/ozone/hadoop-ozone/integration-test/target/test-dir/MiniOzoneClusterImpl-01f267b2-e4ec-44eb-81f8-9e98a03d735c/datanode-1/data/ratis/f62c253f-950a-4048-add8-20325cdd31ce
2022-10-03 12:56:47,362 [pool-679-thread-1] INFO  server.RaftServerConfigKeys (ConfUtils.java:logGet(46)) - raft.server.log.queue.byte-limit = 4294967296 (custom)
2022-10-03 12:56:47,362 [pool-679-thread-1] INFO  server.RaftServerConfigKeys (ConfUtils.java:logGet(46)) - raft.server.log.queue.element-limit = 1024 (custom)
2022-10-03 12:56:47,362 [pool-679-thread-1] INFO  server.RaftServerConfigKeys (ConfUtils.java:logGet(46)) - raft.server.log.segment.size.max = 1048576 (custom)
2022-10-03 12:56:47,362 [pool-679-thread-1] INFO  server.RaftServerConfigKeys (ConfUtils.java:logGet(46)) - raft.server.log.preallocated.size = 16384 (custom)
2022-10-03 12:56:47,362 [pool-679-thread-1] INFO  server.RaftServerConfigKeys (ConfUtils.java:logGet(46)) - raft.server.log.force.sync.num = 128 (default)
2022-10-03 12:56:47,362 [pool-679-thread-1] INFO  server.RaftServerConfigKeys (ConfUtils.java:logGet(46)) - raft.server.log.statemachine.data.sync = true (default)
2022-10-03 12:56:47,362 [pool-679-thread-1] INFO  server.RaftServerConfigKeys (ConfUtils.java:logGet(46)) - raft.server.log.statemachine.data.sync.timeout = 10s (default)
2022-10-03 12:56:47,362 [pool-679-thread-1] INFO  server.RaftServerConfigKeys (ConfUtils.java:logGet(46)) - raft.server.log.statemachine.data.sync.timeout.retry = -1 (default)
2022-10-03 12:56:47,363 [pool-679-thread-1] INFO  server.RaftServerConfigKeys (ConfUtils.java:logGet(46)) - raft.server.log.write.buffer.size = 1048576 (custom)
2022-10-03 12:56:47,363 [pool-679-thread-1] INFO  server.RaftServerConfigKeys (ConfUtils.java:logGet(46)) - raft.server.log.unsafe-flush.enabled = false (default)
2022-10-03 12:56:47,363 [pool-679-thread-1] INFO  server.RaftServerConfigKeys (ConfUtils.java:logGet(46)) - raft.server.log.statemachine.data.caching.enabled = true (custom)
2022-10-03 12:56:47,364 [pool-679-thread-1] INFO  segmented.SegmentedRaftLogWorker (SegmentedRaftLogWorker.java:lambda$new$0(135)) - 40965ae6-a020-46d7-9af0-6fa26a365fb3@group-20325CDD31CE-SegmentedRaftLogWorker: flushIndex: setUnconditionally 0 -> -1
2022-10-03 12:56:47,364 [pool-679-thread-1] INFO  segmented.SegmentedRaftLogWorker (SegmentedRaftLogWorker.java:lambda$new$0(135)) - 40965ae6-a020-46d7-9af0-6fa26a365fb3@group-20325CDD31CE-SegmentedRaftLogWorker: safeCacheEvictIndex: setUnconditionally 0 -> -1
2022-10-03 12:56:47,377 [pool-679-thread-1] INFO  server.RaftServerConfigKeys (ConfUtils.java:logGet(46)) - raft.server.snapshot.auto.trigger.enabled = true (custom)
2022-10-03 12:56:47,377 [pool-679-thread-1] INFO  server.RaftServerConfigKeys (ConfUtils.java:logGet(46)) - raft.server.snapshot.auto.trigger.threshold = 10000 (custom)
2022-10-03 12:56:47,377 [pool-679-thread-1] INFO  server.RaftServerConfigKeys (ConfUtils.java:logGet(46)) - raft.server.snapshot.retention.file.num = 5 (custom)
2022-10-03 12:56:47,377 [pool-679-thread-1] INFO  server.RaftServerConfigKeys (ConfUtils.java:logGet(46)) - raft.server.log.purge.upto.snapshot.index = false (default)
2022-10-03 12:56:47,377 [pool-679-thread-1] INFO  server.RaftServerConfigKeys (ConfUtils.java:logGet(46)) - raft.server.retrycache.expirytime = 600000ms (custom)
2022-10-03 12:56:47,377 [pool-679-thread-1] INFO  server.RaftServerConfigKeys (ConfUtils.java:logGet(46)) - raft.server.retrycache.statistics.expirytime = 100μs (default)
2022-10-03 12:56:47,379 [pool-679-thread-1] INFO  server.RaftServerConfigKeys (ConfUtils.java:logGet(46)) - raft.server.log.appender.install.snapshot.enabled = false (custom)
2022-10-03 12:56:47,379 [pool-679-thread-1] INFO  server.RaftServerConfigKeys (ConfUtils.java:logGet(46)) - raft.server.threadpool.server.cached = true (default)
2022-10-03 12:56:47,379 [pool-679-thread-1] INFO  server.RaftServerConfigKeys (ConfUtils.java:logGet(46)) - raft.server.threadpool.server.size = 0 (default)
2022-10-03 12:56:47,379 [pool-679-thread-1] INFO  server.RaftServerConfigKeys (ConfUtils.java:logGet(46)) - raft.server.threadpool.client.cached = true (default)
2022-10-03 12:56:47,379 [pool-679-thread-1] INFO  server.RaftServerConfigKeys (ConfUtils.java:logGet(46)) - raft.server.threadpool.client.size = 0 (default)
2022-10-03 12:56:47,379 [pool-679-thread-1] INFO  server.RaftServer$Division (RaftServerImpl.java:start(310)) - 40965ae6-a020-46d7-9af0-6fa26a365fb3@group-20325CDD31CE: start as a follower, conf=-1: [40965ae6-a020-46d7-9af0-6fa26a365fb3|rpc:10.1.0.147:43889|dataStream:|priority:1, 50f5496c-ca8d-4e5d-a1d6-989fe0353439|rpc:10.1.0.147:42361|dataStream:|priority:0, c0360714-498d-4f71-92fe-394f4a6aa5bc|rpc:10.1.0.147:42583|dataStream:|priority:0], old=null
2022-10-03 12:56:47,379 [pool-679-thread-1] INFO  server.RaftServer$Division (RaftServerImpl.java:setRole(299)) - 40965ae6-a020-46d7-9af0-6fa26a365fb3@group-20325CDD31CE: changes role from      null to FOLLOWER at term 0 for startAsFollower
2022-10-03 12:56:47,379 [pool-679-thread-1] INFO  impl.RoleInfo (RoleInfo.java:updateAndGet(139)) - 40965ae6-a020-46d7-9af0-6fa26a365fb3: start 40965ae6-a020-46d7-9af0-6fa26a365fb3@group-20325CDD31CE-FollowerState
2022-10-03 12:56:47,417 [pool-679-thread-1] INFO  util.JmxRegister (JmxRegister.java:tryRegister(44)) - Successfully registered JMX Bean with object name Ratis:service=RaftServer,group=group-20325CDD31CE,id=40965ae6-a020-46d7-9af0-6fa26a365fb3
2022-10-03 12:56:47,460 [Command processor thread] INFO  commandhandler.CreatePipelineCommandHandler (CreatePipelineCommandHandler.java:handle(113)) - Created Pipeline RATIS THREE PipelineID=f62c253f-950a-4048-add8-20325cdd31ce.
2022-10-03 12:56:47,461 [Command processor thread] INFO  server.RaftServer (RaftServerProxy.java:addNew(96)) - 50f5496c-ca8d-4e5d-a1d6-989fe0353439: addNew group-64F9394126E2:[40965ae6-a020-46d7-9af0-6fa26a365fb3|rpc:10.1.0.147:43889|priority:0, 50f5496c-ca8d-4e5d-a1d6-989fe0353439|rpc:10.1.0.147:42361|priority:0, c0360714-498d-4f71-92fe-394f4a6aa5bc|rpc:10.1.0.147:42583|priority:1] returns group-64F9394126E2:java.util.concurrent.CompletableFuture@60d5b2f7[Not completed]
2022-10-03 12:56:47,461 [pool-656-thread-1] INFO  server.RaftServer$Division (RaftServerImpl.java:<init>(190)) - 50f5496c-ca8d-4e5d-a1d6-989fe0353439: new RaftServerImpl for group-64F9394126E2:[40965ae6-a020-46d7-9af0-6fa26a365fb3|rpc:10.1.0.147:43889|priority:0, 50f5496c-ca8d-4e5d-a1d6-989fe0353439|rpc:10.1.0.147:42361|priority:0, c0360714-498d-4f71-92fe-394f4a6aa5bc|rpc:10.1.0.147:42583|priority:1] with ContainerStateMachine:uninitialized
2022-10-03 12:56:47,461 [pool-656-thread-1] INFO  server.RaftServerConfigKeys (ConfUtils.java:logGet(46)) - raft.server.rpc.timeout.min = 5s (custom)
2022-10-03 12:56:47,462 [pool-656-thread-1] INFO  server.RaftServerConfigKeys (ConfUtils.java:logGet(46)) - raft.server.rpc.timeout.max = 5200ms (custom)
2022-10-03 12:56:47,462 [pool-656-thread-1] INFO  server.RaftServerConfigKeys (ConfUtils.java:logGet(46)) - raft.server.rpc.sleep.time = 25ms (default)
2022-10-03 12:56:47,479 [pool-656-thread-1] INFO  server.RaftServerConfigKeys (ConfUtils.java:logGet(46)) - raft.server.rpc.slowness.timeout = 300s (custom)
2022-10-03 12:56:47,479 [pool-656-thread-1] INFO  server.RaftServerConfigKeys (ConfUtils.java:logGet(46)) - raft.server.leaderelection.leader.step-down.wait-time = 10s (default)
2022-10-03 12:56:47,479 [pool-656-thread-1] INFO  server.RaftServerConfigKeys (ConfUtils.java:logGet(46)) - raft.server.sleep.deviation.threshold = 300ms (default)
2022-10-03 12:56:47,479 [pool-656-thread-1] INFO  server.RaftServer$Division (ServerState.java:<init>(107)) - 50f5496c-ca8d-4e5d-a1d6-989fe0353439@group-64F9394126E2: ConfigurationManager, init=-1: [40965ae6-a020-46d7-9af0-6fa26a365fb3|rpc:10.1.0.147:43889|priority:0, 50f5496c-ca8d-4e5d-a1d6-989fe0353439|rpc:10.1.0.147:42361|priority:0, c0360714-498d-4f71-92fe-394f4a6aa5bc|rpc:10.1.0.147:42583|priority:1], old=null, confs=<EMPTY_MAP>
2022-10-03 12:56:47,479 [pool-656-thread-1] INFO  server.RaftServerConfigKeys (ConfUtils.java:logGet(46)) - raft.server.storage.dir = [/home/runner/work/ozone/ozone/hadoop-ozone/integration-test/target/test-dir/MiniOzoneClusterImpl-01f267b2-e4ec-44eb-81f8-9e98a03d735c/datanode-0/data/ratis] (custom)
2022-10-03 12:56:47,479 [pool-656-thread-1] INFO  server.RaftServerConfigKeys (ConfUtils.java:logGet(46)) - raft.server.log.corruption.policy = EXCEPTION (default)
2022-10-03 12:56:47,479 [pool-656-thread-1] INFO  server.RaftServerConfigKeys (ConfUtils.java:logGet(46)) - raft.server.storage.free-space.min = 0MB (=0) (default)
2022-10-03 12:56:47,479 [pool-656-thread-1] INFO  storage.RaftStorageDirectory (RaftStorageDirectoryImpl.java:analyzeStorage(135)) - The storage directory /home/runner/work/ozone/ozone/hadoop-ozone/integration-test/target/test-dir/MiniOzoneClusterImpl-01f267b2-e4ec-44eb-81f8-9e98a03d735c/datanode-0/data/ratis/e3f6549c-f130-4034-a1c0-64f9394126e2 does not exist. Creating ...
2022-10-03 12:56:47,480 [pool-656-thread-1] INFO  storage.RaftStorageDirectory (RaftStorageDirectoryImpl.java:tryLock(230)) - Lock on /home/runner/work/ozone/ozone/hadoop-ozone/integration-test/target/test-dir/MiniOzoneClusterImpl-01f267b2-e4ec-44eb-81f8-9e98a03d735c/datanode-0/data/ratis/e3f6549c-f130-4034-a1c0-64f9394126e2/in_use.lock acquired by nodename 2263@fv-az443-503
2022-10-03 12:56:47,505 [pool-656-thread-1] INFO  storage.RaftStorage (RaftStorageImpl.java:format(89)) - Storage directory /home/runner/work/ozone/ozone/hadoop-ozone/integration-test/target/test-dir/MiniOzoneClusterImpl-01f267b2-e4ec-44eb-81f8-9e98a03d735c/datanode-0/data/ratis/e3f6549c-f130-4034-a1c0-64f9394126e2 has been successfully formatted.
2022-10-03 12:56:47,505 [pool-656-thread-1] INFO  ratis.ContainerStateMachine (ContainerStateMachine.java:loadSnapshot(236)) - group-64F9394126E2: The snapshot info is null. Setting the last applied indexto:(t:0, i:~)
2022-10-03 12:56:47,506 [pool-656-thread-1] INFO  server.RaftServerConfigKeys (ConfUtils.java:logGet(46)) - raft.server.notification.no-leader.timeout = 300s (custom)
2022-10-03 12:56:47,506 [pool-656-thread-1] INFO  server.RaftServerConfigKeys (ConfUtils.java:logGet(46)) - raft.server.log.use.memory = false (default)
2022-10-03 12:56:47,506 [pool-656-thread-1] INFO  server.RaftServerConfigKeys (ConfUtils.java:logGet(46)) - raft.server.log.purge.gap = 1000000 (custom)
2022-10-03 12:56:47,506 [pool-656-thread-1] INFO  server.RaftServerConfigKeys (ConfUtils.java:logGet(46)) - raft.server.log.appender.buffer.byte-limit = 33554432 (custom)
2022-10-03 12:56:47,506 [pool-656-thread-1] INFO  server.RaftServerConfigKeys (ConfUtils.java:logGet(46)) - raft.server.log.statemachine.data.read.timeout = 1000ms (default)
2022-10-03 12:56:47,506 [pool-656-thread-1] INFO  server.RaftServerConfigKeys (ConfUtils.java:logGet(46)) - raft.server.log.segment.size.max = 1048576 (custom)
2022-10-03 12:56:47,506 [pool-656-thread-1] INFO  server.RaftServerConfigKeys (ConfUtils.java:logGet(46)) - raft.server.log.segment.cache.num.max = 2 (custom)
2022-10-03 12:56:47,506 [pool-656-thread-1] INFO  server.RaftServerConfigKeys (ConfUtils.java:logGet(46)) - raft.server.log.segment.cache.size.max = 200MB (=209715200) (default)
2022-10-03 12:56:47,506 [pool-656-thread-1] INFO  segmented.SegmentedRaftLogWorker (SegmentedRaftLogWorker.java:<init>(187)) - new 50f5496c-ca8d-4e5d-a1d6-989fe0353439@group-64F9394126E2-SegmentedRaftLogWorker for RaftStorageImpl:Storage Directory /home/runner/work/ozone/ozone/hadoop-ozone/integration-test/target/test-dir/MiniOzoneClusterImpl-01f267b2-e4ec-44eb-81f8-9e98a03d735c/datanode-0/data/ratis/e3f6549c-f130-4034-a1c0-64f9394126e2
2022-10-03 12:56:47,506 [pool-656-thread-1] INFO  server.RaftServerConfigKeys (ConfUtils.java:logGet(46)) - raft.server.log.queue.byte-limit = 4294967296 (custom)
2022-10-03 12:56:47,506 [pool-656-thread-1] INFO  server.RaftServerConfigKeys (ConfUtils.java:logGet(46)) - raft.server.log.queue.element-limit = 1024 (custom)
2022-10-03 12:56:47,506 [pool-656-thread-1] INFO  server.RaftServerConfigKeys (ConfUtils.java:logGet(46)) - raft.server.log.segment.size.max = 1048576 (custom)
2022-10-03 12:56:47,506 [pool-656-thread-1] INFO  server.RaftServerConfigKeys (ConfUtils.java:logGet(46)) - raft.server.log.preallocated.size = 16384 (custom)
2022-10-03 12:56:47,506 [pool-656-thread-1] INFO  server.RaftServerConfigKeys (ConfUtils.java:logGet(46)) - raft.server.log.force.sync.num = 128 (default)
2022-10-03 12:56:47,506 [pool-656-thread-1] INFO  server.RaftServerConfigKeys (ConfUtils.java:logGet(46)) - raft.server.log.statemachine.data.sync = true (default)
2022-10-03 12:56:47,507 [pool-656-thread-1] INFO  server.RaftServerConfigKeys (ConfUtils.java:logGet(46)) - raft.server.log.statemachine.data.sync.timeout = 10s (default)
2022-10-03 12:56:47,507 [pool-656-thread-1] INFO  server.RaftServerConfigKeys (ConfUtils.java:logGet(46)) - raft.server.log.statemachine.data.sync.timeout.retry = -1 (default)
2022-10-03 12:56:47,514 [pool-656-thread-1] INFO  server.RaftServerConfigKeys (ConfUtils.java:logGet(46)) - raft.server.log.write.buffer.size = 1048576 (custom)
2022-10-03 12:56:47,515 [pool-656-thread-1] INFO  server.RaftServerConfigKeys (ConfUtils.java:logGet(46)) - raft.server.log.unsafe-flush.enabled = false (default)
2022-10-03 12:56:47,515 [pool-656-thread-1] INFO  server.RaftServerConfigKeys (ConfUtils.java:logGet(46)) - raft.server.log.statemachine.data.caching.enabled = true (custom)
2022-10-03 12:56:47,515 [pool-656-thread-1] INFO  segmented.SegmentedRaftLogWorker (SegmentedRaftLogWorker.java:lambda$new$0(135)) - 50f5496c-ca8d-4e5d-a1d6-989fe0353439@group-64F9394126E2-SegmentedRaftLogWorker: flushIndex: setUnconditionally 0 -> -1
2022-10-03 12:56:47,515 [pool-656-thread-1] INFO  segmented.SegmentedRaftLogWorker (SegmentedRaftLogWorker.java:lambda$new$0(135)) - 50f5496c-ca8d-4e5d-a1d6-989fe0353439@group-64F9394126E2-SegmentedRaftLogWorker: safeCacheEvictIndex: setUnconditionally 0 -> -1
2022-10-03 12:56:47,541 [pool-656-thread-1] INFO  server.RaftServerConfigKeys (ConfUtils.java:logGet(46)) - raft.server.snapshot.auto.trigger.enabled = true (custom)
2022-10-03 12:56:47,541 [pool-656-thread-1] INFO  server.RaftServerConfigKeys (ConfUtils.java:logGet(46)) - raft.server.snapshot.auto.trigger.threshold = 10000 (custom)
2022-10-03 12:56:47,541 [pool-656-thread-1] INFO  server.RaftServerConfigKeys (ConfUtils.java:logGet(46)) - raft.server.snapshot.retention.file.num = 5 (custom)
2022-10-03 12:56:47,541 [pool-656-thread-1] INFO  server.RaftServerConfigKeys (ConfUtils.java:logGet(46)) - raft.server.log.purge.upto.snapshot.index = false (default)
2022-10-03 12:56:47,541 [pool-656-thread-1] INFO  server.RaftServerConfigKeys (ConfUtils.java:logGet(46)) - raft.server.retrycache.expirytime = 600000ms (custom)
2022-10-03 12:56:47,541 [pool-656-thread-1] INFO  server.RaftServerConfigKeys (ConfUtils.java:logGet(46)) - raft.server.retrycache.statistics.expirytime = 100μs (default)
2022-10-03 12:56:47,543 [pool-656-thread-1] INFO  server.RaftServerConfigKeys (ConfUtils.java:logGet(46)) - raft.server.log.appender.install.snapshot.enabled = false (custom)
2022-10-03 12:56:47,543 [pool-656-thread-1] INFO  server.RaftServerConfigKeys (ConfUtils.java:logGet(46)) - raft.server.threadpool.server.cached = true (default)
2022-10-03 12:56:47,543 [pool-656-thread-1] INFO  server.RaftServerConfigKeys (ConfUtils.java:logGet(46)) - raft.server.threadpool.server.size = 0 (default)
2022-10-03 12:56:47,543 [pool-656-thread-1] INFO  server.RaftServerConfigKeys (ConfUtils.java:logGet(46)) - raft.server.threadpool.client.cached = true (default)
2022-10-03 12:56:47,543 [pool-656-thread-1] INFO  server.RaftServerConfigKeys (ConfUtils.java:logGet(46)) - raft.server.threadpool.client.size = 0 (default)
2022-10-03 12:56:47,543 [pool-656-thread-1] INFO  server.RaftServer$Division (RaftServerImpl.java:start(310)) - 50f5496c-ca8d-4e5d-a1d6-989fe0353439@group-64F9394126E2: start as a follower, conf=-1: [40965ae6-a020-46d7-9af0-6fa26a365fb3|rpc:10.1.0.147:43889|priority:0, 50f5496c-ca8d-4e5d-a1d6-989fe0353439|rpc:10.1.0.147:42361|priority:0, c0360714-498d-4f71-92fe-394f4a6aa5bc|rpc:10.1.0.147:42583|priority:1], old=null
2022-10-03 12:56:47,543 [pool-656-thread-1] INFO  server.RaftServer$Division (RaftServerImpl.java:setRole(299)) - 50f5496c-ca8d-4e5d-a1d6-989fe0353439@group-64F9394126E2: changes role from      null to FOLLOWER at term 0 for startAsFollower
2022-10-03 12:56:47,543 [pool-656-thread-1] INFO  impl.RoleInfo (RoleInfo.java:updateAndGet(139)) - 50f5496c-ca8d-4e5d-a1d6-989fe0353439: start 50f5496c-ca8d-4e5d-a1d6-989fe0353439@group-64F9394126E2-FollowerState
2022-10-03 12:56:47,551 [pool-656-thread-1] INFO  util.JmxRegister (JmxRegister.java:tryRegister(44)) - Successfully registered JMX Bean with object name Ratis:service=RaftServer,group=group-64F9394126E2,id=50f5496c-ca8d-4e5d-a1d6-989fe0353439
2022-10-03 12:56:47,554 [Listener at 127.0.0.1/36433] INFO  ozone.MiniOzoneClusterImpl (MiniOzoneClusterImpl.java:lambda$waitForClusterToBeReady$0(216)) - Nodes are ready. Got 3 of 3 DN Heartbeats.
2022-10-03 12:56:47,554 [Listener at 127.0.0.1/36433] INFO  ozone.MiniOzoneClusterImpl (MiniOzoneClusterImpl.java:lambda$waitForClusterToBeReady$0(219)) - Waiting for cluster to exit safe mode
2022-10-03 12:56:47,554 [Listener at 127.0.0.1/36433] INFO  ozone.MiniOzoneClusterImpl (MiniOzoneClusterImpl.java:lambda$waitForClusterToBeReady$0(221)) - SCM became leader
2022-10-03 12:56:47,631 [Command processor thread] INFO  ratis.XceiverServerRatis (XceiverServerRatis.java:addGroup(765)) - Created group PipelineID=e3f6549c-f130-4034-a1c0-64f9394126e2
2022-10-03 12:56:47,633 [EventQueue-OpenPipelineForHealthyPipelineSafeModeRule] INFO  safemode.SCMSafeModeManager (HealthyPipelineSafeModeRule.java:process(137)) - SCM in safe mode. Healthy pipelines reported count is 0, required healthy pipeline reported count is 1
2022-10-03 12:56:47,661 [grpc-default-executor-0] INFO  server.RaftServer (RaftServerProxy.java:addNew(96)) - 40965ae6-a020-46d7-9af0-6fa26a365fb3: addNew group-64F9394126E2:[40965ae6-a020-46d7-9af0-6fa26a365fb3|rpc:10.1.0.147:43889|dataStream:|priority:0, 50f5496c-ca8d-4e5d-a1d6-989fe0353439|rpc:10.1.0.147:42361|dataStream:|priority:0, c0360714-498d-4f71-92fe-394f4a6aa5bc|rpc:10.1.0.147:42583|dataStream:|priority:1] returns group-64F9394126E2:java.util.concurrent.CompletableFuture@6717ad4c[Not completed]
2022-10-03 12:56:47,662 [pool-679-thread-1] INFO  server.RaftServer$Division (RaftServerImpl.java:<init>(190)) - 40965ae6-a020-46d7-9af0-6fa26a365fb3: new RaftServerImpl for group-64F9394126E2:[40965ae6-a020-46d7-9af0-6fa26a365fb3|rpc:10.1.0.147:43889|dataStream:|priority:0, 50f5496c-ca8d-4e5d-a1d6-989fe0353439|rpc:10.1.0.147:42361|dataStream:|priority:0, c0360714-498d-4f71-92fe-394f4a6aa5bc|rpc:10.1.0.147:42583|dataStream:|priority:1] with ContainerStateMachine:uninitialized
2022-10-03 12:56:47,662 [pool-679-thread-1] INFO  server.RaftServerConfigKeys (ConfUtils.java:logGet(46)) - raft.server.rpc.timeout.min = 5s (custom)
2022-10-03 12:56:47,662 [pool-679-thread-1] INFO  server.RaftServerConfigKeys (ConfUtils.java:logGet(46)) - raft.server.rpc.timeout.max = 5200ms (custom)
2022-10-03 12:56:47,662 [pool-679-thread-1] INFO  server.RaftServerConfigKeys (ConfUtils.java:logGet(46)) - raft.server.rpc.sleep.time = 25ms (default)
2022-10-03 12:56:47,662 [pool-679-thread-1] INFO  server.RaftServerConfigKeys (ConfUtils.java:logGet(46)) - raft.server.rpc.slowness.timeout = 300s (custom)
2022-10-03 12:56:47,662 [pool-679-thread-1] INFO  server.RaftServerConfigKeys (ConfUtils.java:logGet(46)) - raft.server.leaderelection.leader.step-down.wait-time = 10s (default)
2022-10-03 12:56:47,662 [pool-679-thread-1] INFO  server.RaftServerConfigKeys (ConfUtils.java:logGet(46)) - raft.server.sleep.deviation.threshold = 300ms (default)
2022-10-03 12:56:47,662 [pool-679-thread-1] INFO  server.RaftServer$Division (ServerState.java:<init>(107)) - 40965ae6-a020-46d7-9af0-6fa26a365fb3@group-64F9394126E2: ConfigurationManager, init=-1: [40965ae6-a020-46d7-9af0-6fa26a365fb3|rpc:10.1.0.147:43889|dataStream:|priority:0, 50f5496c-ca8d-4e5d-a1d6-989fe0353439|rpc:10.1.0.147:42361|dataStream:|priority:0, c0360714-498d-4f71-92fe-394f4a6aa5bc|rpc:10.1.0.147:42583|dataStream:|priority:1], old=null, confs=<EMPTY_MAP>
2022-10-03 12:56:47,662 [pool-679-thread-1] INFO  server.RaftServerConfigKeys (ConfUtils.java:logGet(46)) - raft.server.storage.dir = [/home/runner/work/ozone/ozone/hadoop-ozone/integration-test/target/test-dir/MiniOzoneClusterImpl-01f267b2-e4ec-44eb-81f8-9e98a03d735c/datanode-1/data/ratis] (custom)
2022-10-03 12:56:47,662 [pool-679-thread-1] INFO  server.RaftServerConfigKeys (ConfUtils.java:logGet(46)) - raft.server.log.corruption.policy = EXCEPTION (default)
2022-10-03 12:56:47,662 [pool-679-thread-1] INFO  server.RaftServerConfigKeys (ConfUtils.java:logGet(46)) - raft.server.storage.free-space.min = 0MB (=0) (default)
2022-10-03 12:56:47,663 [pool-679-thread-1] INFO  storage.RaftStorageDirectory (RaftStorageDirectoryImpl.java:analyzeStorage(135)) - The storage directory /home/runner/work/ozone/ozone/hadoop-ozone/integration-test/target/test-dir/MiniOzoneClusterImpl-01f267b2-e4ec-44eb-81f8-9e98a03d735c/datanode-1/data/ratis/e3f6549c-f130-4034-a1c0-64f9394126e2 does not exist. Creating ...
2022-10-03 12:56:47,665 [pool-679-thread-1] INFO  storage.RaftStorageDirectory (RaftStorageDirectoryImpl.java:tryLock(230)) - Lock on /home/runner/work/ozone/ozone/hadoop-ozone/integration-test/target/test-dir/MiniOzoneClusterImpl-01f267b2-e4ec-44eb-81f8-9e98a03d735c/datanode-1/data/ratis/e3f6549c-f130-4034-a1c0-64f9394126e2/in_use.lock acquired by nodename 2263@fv-az443-503
2022-10-03 12:56:47,669 [pool-679-thread-1] INFO  storage.RaftStorage (RaftStorageImpl.java:format(89)) - Storage directory /home/runner/work/ozone/ozone/hadoop-ozone/integration-test/target/test-dir/MiniOzoneClusterImpl-01f267b2-e4ec-44eb-81f8-9e98a03d735c/datanode-1/data/ratis/e3f6549c-f130-4034-a1c0-64f9394126e2 has been successfully formatted.
2022-10-03 12:56:47,670 [pool-679-thread-1] INFO  ratis.ContainerStateMachine (ContainerStateMachine.java:loadSnapshot(236)) - group-64F9394126E2: The snapshot info is null. Setting the last applied indexto:(t:0, i:~)
2022-10-03 12:56:47,670 [pool-679-thread-1] INFO  server.RaftServerConfigKeys (ConfUtils.java:logGet(46)) - raft.server.notification.no-leader.timeout = 300s (custom)
2022-10-03 12:56:47,670 [pool-679-thread-1] INFO  server.RaftServerConfigKeys (ConfUtils.java:logGet(46)) - raft.server.log.use.memory = false (default)
2022-10-03 12:56:47,670 [pool-679-thread-1] INFO  server.RaftServerConfigKeys (ConfUtils.java:logGet(46)) - raft.server.log.purge.gap = 1000000 (custom)
2022-10-03 12:56:47,670 [pool-679-thread-1] INFO  server.RaftServerConfigKeys (ConfUtils.java:logGet(46)) - raft.server.log.appender.buffer.byte-limit = 33554432 (custom)
2022-10-03 12:56:47,670 [pool-679-thread-1] INFO  server.RaftServerConfigKeys (ConfUtils.java:logGet(46)) - raft.server.log.statemachine.data.read.timeout = 1000ms (default)
2022-10-03 12:56:47,670 [pool-679-thread-1] INFO  server.RaftServerConfigKeys (ConfUtils.java:logGet(46)) - raft.server.log.segment.size.max = 1048576 (custom)
2022-10-03 12:56:47,671 [pool-679-thread-1] INFO  server.RaftServerConfigKeys (ConfUtils.java:logGet(46)) - raft.server.log.segment.cache.num.max = 2 (custom)
2022-10-03 12:56:47,671 [pool-679-thread-1] INFO  server.RaftServerConfigKeys (ConfUtils.java:logGet(46)) - raft.server.log.segment.cache.size.max = 200MB (=209715200) (default)
2022-10-03 12:56:47,671 [pool-679-thread-1] INFO  segmented.SegmentedRaftLogWorker (SegmentedRaftLogWorker.java:<init>(187)) - new 40965ae6-a020-46d7-9af0-6fa26a365fb3@group-64F9394126E2-SegmentedRaftLogWorker for RaftStorageImpl:Storage Directory /home/runner/work/ozone/ozone/hadoop-ozone/integration-test/target/test-dir/MiniOzoneClusterImpl-01f267b2-e4ec-44eb-81f8-9e98a03d735c/datanode-1/data/ratis/e3f6549c-f130-4034-a1c0-64f9394126e2
2022-10-03 12:56:47,671 [pool-679-thread-1] INFO  server.RaftServerConfigKeys (ConfUtils.java:logGet(46)) - raft.server.log.queue.byte-limit = 4294967296 (custom)
2022-10-03 12:56:47,671 [pool-679-thread-1] INFO  server.RaftServerConfigKeys (ConfUtils.java:logGet(46)) - raft.server.log.queue.element-limit = 1024 (custom)
2022-10-03 12:56:47,671 [pool-679-thread-1] INFO  server.RaftServerConfigKeys (ConfUtils.java:logGet(46)) - raft.server.log.segment.size.max = 1048576 (custom)
2022-10-03 12:56:47,671 [pool-679-thread-1] INFO  server.RaftServerConfigKeys (ConfUtils.java:logGet(46)) - raft.server.log.preallocated.size = 16384 (custom)
2022-10-03 12:56:47,671 [pool-679-thread-1] INFO  server.RaftServerConfigKeys (ConfUtils.java:logGet(46)) - raft.server.log.force.sync.num = 128 (default)
2022-10-03 12:56:47,671 [pool-679-thread-1] INFO  server.RaftServerConfigKeys (ConfUtils.java:logGet(46)) - raft.server.log.statemachine.data.sync = true (default)
2022-10-03 12:56:47,671 [pool-679-thread-1] INFO  server.RaftServerConfigKeys (ConfUtils.java:logGet(46)) - raft.server.log.statemachine.data.sync.timeout = 10s (default)
2022-10-03 12:56:47,671 [pool-679-thread-1] INFO  server.RaftServerConfigKeys (ConfUtils.java:logGet(46)) - raft.server.log.statemachine.data.sync.timeout.retry = -1 (default)
2022-10-03 12:56:47,672 [pool-679-thread-1] INFO  server.RaftServerConfigKeys (ConfUtils.java:logGet(46)) - raft.server.log.write.buffer.size = 1048576 (custom)
2022-10-03 12:56:47,672 [pool-679-thread-1] INFO  server.RaftServerConfigKeys (ConfUtils.java:logGet(46)) - raft.server.log.unsafe-flush.enabled = false (default)
2022-10-03 12:56:47,672 [pool-679-thread-1] INFO  server.RaftServerConfigKeys (ConfUtils.java:logGet(46)) - raft.server.log.statemachine.data.caching.enabled = true (custom)
2022-10-03 12:56:47,673 [pool-679-thread-1] INFO  segmented.SegmentedRaftLogWorker (SegmentedRaftLogWorker.java:lambda$new$0(135)) - 40965ae6-a020-46d7-9af0-6fa26a365fb3@group-64F9394126E2-SegmentedRaftLogWorker: flushIndex: setUnconditionally 0 -> -1
2022-10-03 12:56:47,673 [pool-679-thread-1] INFO  segmented.SegmentedRaftLogWorker (SegmentedRaftLogWorker.java:lambda$new$0(135)) - 40965ae6-a020-46d7-9af0-6fa26a365fb3@group-64F9394126E2-SegmentedRaftLogWorker: safeCacheEvictIndex: setUnconditionally 0 -> -1
2022-10-03 12:56:47,693 [pool-679-thread-1] INFO  server.RaftServerConfigKeys (ConfUtils.java:logGet(46)) - raft.server.snapshot.auto.trigger.enabled = true (custom)
2022-10-03 12:56:47,693 [pool-679-thread-1] INFO  server.RaftServerConfigKeys (ConfUtils.java:logGet(46)) - raft.server.snapshot.auto.trigger.threshold = 10000 (custom)
2022-10-03 12:56:47,693 [pool-679-thread-1] INFO  server.RaftServerConfigKeys (ConfUtils.java:logGet(46)) - raft.server.snapshot.retention.file.num = 5 (custom)
2022-10-03 12:56:47,693 [pool-679-thread-1] INFO  server.RaftServerConfigKeys (ConfUtils.java:logGet(46)) - raft.server.log.purge.upto.snapshot.index = false (default)
2022-10-03 12:56:47,693 [pool-679-thread-1] INFO  server.RaftServerConfigKeys (ConfUtils.java:logGet(46)) - raft.server.retrycache.expirytime = 600000ms (custom)
2022-10-03 12:56:47,693 [pool-679-thread-1] INFO  server.RaftServerConfigKeys (ConfUtils.java:logGet(46)) - raft.server.retrycache.statistics.expirytime = 100μs (default)
2022-10-03 12:56:47,694 [pool-679-thread-1] INFO  server.RaftServerConfigKeys (ConfUtils.java:logGet(46)) - raft.server.log.appender.install.snapshot.enabled = false (custom)
2022-10-03 12:56:47,695 [pool-679-thread-1] INFO  server.RaftServerConfigKeys (ConfUtils.java:logGet(46)) - raft.server.threadpool.server.cached = true (default)
2022-10-03 12:56:47,695 [pool-679-thread-1] INFO  server.RaftServerConfigKeys (ConfUtils.java:logGet(46)) - raft.server.threadpool.server.size = 0 (default)
2022-10-03 12:56:47,695 [pool-679-thread-1] INFO  server.RaftServerConfigKeys (ConfUtils.java:logGet(46)) - raft.server.threadpool.client.cached = true (default)
2022-10-03 12:56:47,695 [pool-679-thread-1] INFO  server.RaftServerConfigKeys (ConfUtils.java:logGet(46)) - raft.server.threadpool.client.size = 0 (default)
2022-10-03 12:56:47,695 [pool-679-thread-1] INFO  server.RaftServer$Division (RaftServerImpl.java:start(310)) - 40965ae6-a020-46d7-9af0-6fa26a365fb3@group-64F9394126E2: start as a follower, conf=-1: [40965ae6-a020-46d7-9af0-6fa26a365fb3|rpc:10.1.0.147:43889|dataStream:|priority:0, 50f5496c-ca8d-4e5d-a1d6-989fe0353439|rpc:10.1.0.147:42361|dataStream:|priority:0, c0360714-498d-4f71-92fe-394f4a6aa5bc|rpc:10.1.0.147:42583|dataStream:|priority:1], old=null
2022-10-03 12:56:47,695 [pool-679-thread-1] INFO  server.RaftServer$Division (RaftServerImpl.java:setRole(299)) - 40965ae6-a020-46d7-9af0-6fa26a365fb3@group-64F9394126E2: changes role from      null to FOLLOWER at term 0 for startAsFollower
2022-10-03 12:56:47,695 [pool-679-thread-1] INFO  impl.RoleInfo (RoleInfo.java:updateAndGet(139)) - 40965ae6-a020-46d7-9af0-6fa26a365fb3: start 40965ae6-a020-46d7-9af0-6fa26a365fb3@group-64F9394126E2-FollowerState
2022-10-03 12:56:47,695 [pool-679-thread-1] INFO  util.JmxRegister (JmxRegister.java:tryRegister(44)) - Successfully registered JMX Bean with object name Ratis:service=RaftServer,group=group-64F9394126E2,id=40965ae6-a020-46d7-9af0-6fa26a365fb3
2022-10-03 12:56:47,770 [grpc-default-executor-0] INFO  server.RaftServer (RaftServerProxy.java:addNew(96)) - c0360714-498d-4f71-92fe-394f4a6aa5bc: addNew group-64F9394126E2:[40965ae6-a020-46d7-9af0-6fa26a365fb3|rpc:10.1.0.147:43889|dataStream:|priority:0, 50f5496c-ca8d-4e5d-a1d6-989fe0353439|rpc:10.1.0.147:42361|dataStream:|priority:0, c0360714-498d-4f71-92fe-394f4a6aa5bc|rpc:10.1.0.147:42583|dataStream:|priority:1] returns group-64F9394126E2:java.util.concurrent.CompletableFuture@30b389b6[Not completed]
2022-10-03 12:56:47,770 [pool-702-thread-1] INFO  server.RaftServer$Division (RaftServerImpl.java:<init>(190)) - c0360714-498d-4f71-92fe-394f4a6aa5bc: new RaftServerImpl for group-64F9394126E2:[40965ae6-a020-46d7-9af0-6fa26a365fb3|rpc:10.1.0.147:43889|dataStream:|priority:0, 50f5496c-ca8d-4e5d-a1d6-989fe0353439|rpc:10.1.0.147:42361|dataStream:|priority:0, c0360714-498d-4f71-92fe-394f4a6aa5bc|rpc:10.1.0.147:42583|dataStream:|priority:1] with ContainerStateMachine:uninitialized
2022-10-03 12:56:47,771 [pool-702-thread-1] INFO  server.RaftServerConfigKeys (ConfUtils.java:logGet(46)) - raft.server.rpc.timeout.min = 5s (custom)
2022-10-03 12:56:47,771 [pool-702-thread-1] INFO  server.RaftServerConfigKeys (ConfUtils.java:logGet(46)) - raft.server.rpc.timeout.max = 5200ms (custom)
2022-10-03 12:56:47,771 [pool-702-thread-1] INFO  server.RaftServerConfigKeys (ConfUtils.java:logGet(46)) - raft.server.rpc.sleep.time = 25ms (default)
2022-10-03 12:56:47,771 [pool-702-thread-1] INFO  server.RaftServerConfigKeys (ConfUtils.java:logGet(46)) - raft.server.rpc.slowness.timeout = 300s (custom)
2022-10-03 12:56:47,771 [pool-702-thread-1] INFO  server.RaftServerConfigKeys (ConfUtils.java:logGet(46)) - raft.server.leaderelection.leader.step-down.wait-time = 10s (default)
2022-10-03 12:56:47,771 [pool-702-thread-1] INFO  server.RaftServerConfigKeys (ConfUtils.java:logGet(46)) - raft.server.sleep.deviation.threshold = 300ms (default)
2022-10-03 12:56:47,771 [pool-702-thread-1] INFO  server.RaftServer$Division (ServerState.java:<init>(107)) - c0360714-498d-4f71-92fe-394f4a6aa5bc@group-64F9394126E2: ConfigurationManager, init=-1: [40965ae6-a020-46d7-9af0-6fa26a365fb3|rpc:10.1.0.147:43889|dataStream:|priority:0, 50f5496c-ca8d-4e5d-a1d6-989fe0353439|rpc:10.1.0.147:42361|dataStream:|priority:0, c0360714-498d-4f71-92fe-394f4a6aa5bc|rpc:10.1.0.147:42583|dataStream:|priority:1], old=null, confs=<EMPTY_MAP>
2022-10-03 12:56:47,771 [pool-702-thread-1] INFO  server.RaftServerConfigKeys (ConfUtils.java:logGet(46)) - raft.server.storage.dir = [/home/runner/work/ozone/ozone/hadoop-ozone/integration-test/target/test-dir/MiniOzoneClusterImpl-01f267b2-e4ec-44eb-81f8-9e98a03d735c/datanode-2/data/ratis] (custom)
2022-10-03 12:56:47,771 [pool-702-thread-1] INFO  server.RaftServerConfigKeys (ConfUtils.java:logGet(46)) - raft.server.log.corruption.policy = EXCEPTION (default)
2022-10-03 12:56:47,771 [pool-702-thread-1] INFO  server.RaftServerConfigKeys (ConfUtils.java:logGet(46)) - raft.server.storage.free-space.min = 0MB (=0) (default)
2022-10-03 12:56:47,771 [pool-702-thread-1] INFO  storage.RaftStorageDirectory (RaftStorageDirectoryImpl.java:analyzeStorage(135)) - The storage directory /home/runner/work/ozone/ozone/hadoop-ozone/integration-test/target/test-dir/MiniOzoneClusterImpl-01f267b2-e4ec-44eb-81f8-9e98a03d735c/datanode-2/data/ratis/e3f6549c-f130-4034-a1c0-64f9394126e2 does not exist. Creating ...
2022-10-03 12:56:47,796 [pool-702-thread-1] INFO  storage.RaftStorageDirectory (RaftStorageDirectoryImpl.java:tryLock(230)) - Lock on /home/runner/work/ozone/ozone/hadoop-ozone/integration-test/target/test-dir/MiniOzoneClusterImpl-01f267b2-e4ec-44eb-81f8-9e98a03d735c/datanode-2/data/ratis/e3f6549c-f130-4034-a1c0-64f9394126e2/in_use.lock acquired by nodename 2263@fv-az443-503
2022-10-03 12:56:47,801 [pool-702-thread-1] INFO  storage.RaftStorage (RaftStorageImpl.java:format(89)) - Storage directory /home/runner/work/ozone/ozone/hadoop-ozone/integration-test/target/test-dir/MiniOzoneClusterImpl-01f267b2-e4ec-44eb-81f8-9e98a03d735c/datanode-2/data/ratis/e3f6549c-f130-4034-a1c0-64f9394126e2 has been successfully formatted.
2022-10-03 12:56:47,802 [pool-702-thread-1] INFO  ratis.ContainerStateMachine (ContainerStateMachine.java:loadSnapshot(236)) - group-64F9394126E2: The snapshot info is null. Setting the last applied indexto:(t:0, i:~)
2022-10-03 12:56:47,802 [pool-702-thread-1] INFO  server.RaftServerConfigKeys (ConfUtils.java:logGet(46)) - raft.server.notification.no-leader.timeout = 300s (custom)
2022-10-03 12:56:47,802 [pool-702-thread-1] INFO  server.RaftServerConfigKeys (ConfUtils.java:logGet(46)) - raft.server.log.use.memory = false (default)
2022-10-03 12:56:47,802 [pool-702-thread-1] INFO  server.RaftServerConfigKeys (ConfUtils.java:logGet(46)) - raft.server.log.purge.gap = 1000000 (custom)
2022-10-03 12:56:47,802 [pool-702-thread-1] INFO  server.RaftServerConfigKeys (ConfUtils.java:logGet(46)) - raft.server.log.appender.buffer.byte-limit = 33554432 (custom)
2022-10-03 12:56:47,802 [pool-702-thread-1] INFO  server.RaftServerConfigKeys (ConfUtils.java:logGet(46)) - raft.server.log.statemachine.data.read.timeout = 1000ms (default)
2022-10-03 12:56:47,802 [pool-702-thread-1] INFO  server.RaftServerConfigKeys (ConfUtils.java:logGet(46)) - raft.server.log.segment.size.max = 1048576 (custom)
2022-10-03 12:56:47,802 [pool-702-thread-1] INFO  server.RaftServerConfigKeys (ConfUtils.java:logGet(46)) - raft.server.log.segment.cache.num.max = 2 (custom)
2022-10-03 12:56:47,802 [pool-702-thread-1] INFO  server.RaftServerConfigKeys (ConfUtils.java:logGet(46)) - raft.server.log.segment.cache.size.max = 200MB (=209715200) (default)
2022-10-03 12:56:47,802 [pool-702-thread-1] INFO  segmented.SegmentedRaftLogWorker (SegmentedRaftLogWorker.java:<init>(187)) - new c0360714-498d-4f71-92fe-394f4a6aa5bc@group-64F9394126E2-SegmentedRaftLogWorker for RaftStorageImpl:Storage Directory /home/runner/work/ozone/ozone/hadoop-ozone/integration-test/target/test-dir/MiniOzoneClusterImpl-01f267b2-e4ec-44eb-81f8-9e98a03d735c/datanode-2/data/ratis/e3f6549c-f130-4034-a1c0-64f9394126e2
2022-10-03 12:56:47,803 [pool-702-thread-1] INFO  server.RaftServerConfigKeys (ConfUtils.java:logGet(46)) - raft.server.log.queue.byte-limit = 4294967296 (custom)
2022-10-03 12:56:47,803 [pool-702-thread-1] INFO  server.RaftServerConfigKeys (ConfUtils.java:logGet(46)) - raft.server.log.queue.element-limit = 1024 (custom)
2022-10-03 12:56:47,803 [pool-702-thread-1] INFO  server.RaftServerConfigKeys (ConfUtils.java:logGet(46)) - raft.server.log.segment.size.max = 1048576 (custom)
2022-10-03 12:56:47,803 [pool-702-thread-1] INFO  server.RaftServerConfigKeys (ConfUtils.java:logGet(46)) - raft.server.log.preallocated.size = 16384 (custom)
2022-10-03 12:56:47,803 [pool-702-thread-1] INFO  server.RaftServerConfigKeys (ConfUtils.java:logGet(46)) - raft.server.log.force.sync.num = 128 (default)
2022-10-03 12:56:47,803 [pool-702-thread-1] INFO  server.RaftServerConfigKeys (ConfUtils.java:logGet(46)) - raft.server.log.statemachine.data.sync = true (default)
2022-10-03 12:56:47,803 [pool-702-thread-1] INFO  server.RaftServerConfigKeys (ConfUtils.java:logGet(46)) - raft.server.log.statemachine.data.sync.timeout = 10s (default)
2022-10-03 12:56:47,803 [pool-702-thread-1] INFO  server.RaftServerConfigKeys (ConfUtils.java:logGet(46)) - raft.server.log.statemachine.data.sync.timeout.retry = -1 (default)
2022-10-03 12:56:47,804 [pool-702-thread-1] INFO  server.RaftServerConfigKeys (ConfUtils.java:logGet(46)) - raft.server.log.write.buffer.size = 1048576 (custom)
2022-10-03 12:56:47,804 [pool-702-thread-1] INFO  server.RaftServerConfigKeys (ConfUtils.java:logGet(46)) - raft.server.log.unsafe-flush.enabled = false (default)
2022-10-03 12:56:47,804 [pool-702-thread-1] INFO  server.RaftServerConfigKeys (ConfUtils.java:logGet(46)) - raft.server.log.statemachine.data.caching.enabled = true (custom)
2022-10-03 12:56:47,804 [pool-702-thread-1] INFO  segmented.SegmentedRaftLogWorker (SegmentedRaftLogWorker.java:lambda$new$0(135)) - c0360714-498d-4f71-92fe-394f4a6aa5bc@group-64F9394126E2-SegmentedRaftLogWorker: flushIndex: setUnconditionally 0 -> -1
2022-10-03 12:56:47,804 [pool-702-thread-1] INFO  segmented.SegmentedRaftLogWorker (SegmentedRaftLogWorker.java:lambda$new$0(135)) - c0360714-498d-4f71-92fe-394f4a6aa5bc@group-64F9394126E2-SegmentedRaftLogWorker: safeCacheEvictIndex: setUnconditionally 0 -> -1
2022-10-03 12:56:47,813 [pool-702-thread-1] INFO  server.RaftServerConfigKeys (ConfUtils.java:logGet(46)) - raft.server.snapshot.auto.trigger.enabled = true (custom)
2022-10-03 12:56:47,813 [pool-702-thread-1] INFO  server.RaftServerConfigKeys (ConfUtils.java:logGet(46)) - raft.server.snapshot.auto.trigger.threshold = 10000 (custom)
2022-10-03 12:56:47,813 [pool-702-thread-1] INFO  server.RaftServerConfigKeys (ConfUtils.java:logGet(46)) - raft.server.snapshot.retention.file.num = 5 (custom)
2022-10-03 12:56:47,813 [pool-702-thread-1] INFO  server.RaftServerConfigKeys (ConfUtils.java:logGet(46)) - raft.server.log.purge.upto.snapshot.index = false (default)
2022-10-03 12:56:47,813 [pool-702-thread-1] INFO  server.RaftServerConfigKeys (ConfUtils.java:logGet(46)) - raft.server.retrycache.expirytime = 600000ms (custom)
2022-10-03 12:56:47,813 [pool-702-thread-1] INFO  server.RaftServerConfigKeys (ConfUtils.java:logGet(46)) - raft.server.retrycache.statistics.expirytime = 100μs (default)
2022-10-03 12:56:47,814 [pool-702-thread-1] INFO  server.RaftServerConfigKeys (ConfUtils.java:logGet(46)) - raft.server.log.appender.install.snapshot.enabled = false (custom)
2022-10-03 12:56:47,814 [pool-702-thread-1] INFO  server.RaftServerConfigKeys (ConfUtils.java:logGet(46)) - raft.server.threadpool.server.cached = true (default)
2022-10-03 12:56:47,814 [pool-702-thread-1] INFO  server.RaftServerConfigKeys (ConfUtils.java:logGet(46)) - raft.server.threadpool.server.size = 0 (default)
2022-10-03 12:56:47,814 [pool-702-thread-1] INFO  server.RaftServerConfigKeys (ConfUtils.java:logGet(46)) - raft.server.threadpool.client.cached = true (default)
2022-10-03 12:56:47,814 [pool-702-thread-1] INFO  server.RaftServerConfigKeys (ConfUtils.java:logGet(46)) - raft.server.threadpool.client.size = 0 (default)
2022-10-03 12:56:47,815 [pool-702-thread-1] INFO  server.RaftServer$Division (RaftServerImpl.java:start(310)) - c0360714-498d-4f71-92fe-394f4a6aa5bc@group-64F9394126E2: start as a follower, conf=-1: [40965ae6-a020-46d7-9af0-6fa26a365fb3|rpc:10.1.0.147:43889|dataStream:|priority:0, 50f5496c-ca8d-4e5d-a1d6-989fe0353439|rpc:10.1.0.147:42361|dataStream:|priority:0, c0360714-498d-4f71-92fe-394f4a6aa5bc|rpc:10.1.0.147:42583|dataStream:|priority:1], old=null
2022-10-03 12:56:47,815 [pool-702-thread-1] INFO  server.RaftServer$Division (RaftServerImpl.java:setRole(299)) - c0360714-498d-4f71-92fe-394f4a6aa5bc@group-64F9394126E2: changes role from      null to FOLLOWER at term 0 for startAsFollower
2022-10-03 12:56:47,815 [pool-702-thread-1] INFO  impl.RoleInfo (RoleInfo.java:updateAndGet(139)) - c0360714-498d-4f71-92fe-394f4a6aa5bc: start c0360714-498d-4f71-92fe-394f4a6aa5bc@group-64F9394126E2-FollowerState
2022-10-03 12:56:47,815 [pool-702-thread-1] INFO  util.JmxRegister (JmxRegister.java:tryRegister(44)) - Successfully registered JMX Bean with object name Ratis:service=RaftServer,group=group-64F9394126E2,id=c0360714-498d-4f71-92fe-394f4a6aa5bc
2022-10-03 12:56:47,834 [Command processor thread] INFO  server.RaftServer (RaftServerProxy.java:addNew(96)) - 40965ae6-a020-46d7-9af0-6fa26a365fb3: addNew group-8BB95AAF28F4:[40965ae6-a020-46d7-9af0-6fa26a365fb3|rpc:10.1.0.147:43889|priority:1] returns group-8BB95AAF28F4:java.util.concurrent.CompletableFuture@5483b9f6[Not completed]
2022-10-03 12:56:47,835 [pool-679-thread-1] INFO  server.RaftServer$Division (RaftServerImpl.java:<init>(190)) - 40965ae6-a020-46d7-9af0-6fa26a365fb3: new RaftServerImpl for group-8BB95AAF28F4:[40965ae6-a020-46d7-9af0-6fa26a365fb3|rpc:10.1.0.147:43889|priority:1] with ContainerStateMachine:uninitialized
2022-10-03 12:56:47,835 [pool-679-thread-1] INFO  server.RaftServerConfigKeys (ConfUtils.java:logGet(46)) - raft.server.rpc.timeout.min = 5s (custom)
2022-10-03 12:56:47,835 [pool-679-thread-1] INFO  server.RaftServerConfigKeys (ConfUtils.java:logGet(46)) - raft.server.rpc.timeout.max = 5200ms (custom)
2022-10-03 12:56:47,835 [pool-679-thread-1] INFO  server.RaftServerConfigKeys (ConfUtils.java:logGet(46)) - raft.server.rpc.sleep.time = 25ms (default)
2022-10-03 12:56:47,835 [pool-679-thread-1] INFO  server.RaftServerConfigKeys (ConfUtils.java:logGet(46)) - raft.server.rpc.slowness.timeout = 300s (custom)
2022-10-03 12:56:47,835 [pool-679-thread-1] INFO  server.RaftServerConfigKeys (ConfUtils.java:logGet(46)) - raft.server.leaderelection.leader.step-down.wait-time = 10s (default)
2022-10-03 12:56:47,835 [pool-679-thread-1] INFO  server.RaftServerConfigKeys (ConfUtils.java:logGet(46)) - raft.server.sleep.deviation.threshold = 300ms (default)
2022-10-03 12:56:47,835 [pool-679-thread-1] INFO  server.RaftServer$Division (ServerState.java:<init>(107)) - 40965ae6-a020-46d7-9af0-6fa26a365fb3@group-8BB95AAF28F4: ConfigurationManager, init=-1: [40965ae6-a020-46d7-9af0-6fa26a365fb3|rpc:10.1.0.147:43889|priority:1], old=null, confs=<EMPTY_MAP>
2022-10-03 12:56:47,836 [pool-679-thread-1] INFO  server.RaftServerConfigKeys (ConfUtils.java:logGet(46)) - raft.server.storage.dir = [/home/runner/work/ozone/ozone/hadoop-ozone/integration-test/target/test-dir/MiniOzoneClusterImpl-01f267b2-e4ec-44eb-81f8-9e98a03d735c/datanode-1/data/ratis] (custom)
2022-10-03 12:56:47,836 [pool-679-thread-1] INFO  server.RaftServerConfigKeys (ConfUtils.java:logGet(46)) - raft.server.log.corruption.policy = EXCEPTION (default)
2022-10-03 12:56:47,836 [pool-679-thread-1] INFO  server.RaftServerConfigKeys (ConfUtils.java:logGet(46)) - raft.server.storage.free-space.min = 0MB (=0) (default)
2022-10-03 12:56:47,836 [pool-679-thread-1] INFO  storage.RaftStorageDirectory (RaftStorageDirectoryImpl.java:analyzeStorage(135)) - The storage directory /home/runner/work/ozone/ozone/hadoop-ozone/integration-test/target/test-dir/MiniOzoneClusterImpl-01f267b2-e4ec-44eb-81f8-9e98a03d735c/datanode-1/data/ratis/cda968c7-d754-49f9-bd3b-8bb95aaf28f4 does not exist. Creating ...
2022-10-03 12:56:47,837 [pool-679-thread-1] INFO  storage.RaftStorageDirectory (RaftStorageDirectoryImpl.java:tryLock(230)) - Lock on /home/runner/work/ozone/ozone/hadoop-ozone/integration-test/target/test-dir/MiniOzoneClusterImpl-01f267b2-e4ec-44eb-81f8-9e98a03d735c/datanode-1/data/ratis/cda968c7-d754-49f9-bd3b-8bb95aaf28f4/in_use.lock acquired by nodename 2263@fv-az443-503
2022-10-03 12:56:47,837 [pool-679-thread-1] INFO  storage.RaftStorage (RaftStorageImpl.java:format(89)) - Storage directory /home/runner/work/ozone/ozone/hadoop-ozone/integration-test/target/test-dir/MiniOzoneClusterImpl-01f267b2-e4ec-44eb-81f8-9e98a03d735c/datanode-1/data/ratis/cda968c7-d754-49f9-bd3b-8bb95aaf28f4 has been successfully formatted.
2022-10-03 12:56:47,840 [EventQueue-PipelineReportForPipelineReportHandler] INFO  pipeline.PipelineManagerImpl (PipelineManagerImpl.java:openPipeline(367)) - Pipeline Pipeline[ Id: cda968c7-d754-49f9-bd3b-8bb95aaf28f4, Nodes: 40965ae6-a020-46d7-9af0-6fa26a365fb3{ip: 10.1.0.147, host: fv-az443-503.ap2fcshprsnunfx25e1aelzb4b.cx.internal.cloudapp.net, ports: [REPLICATION=40571, RATIS=43889, RATIS_ADMIN=43889, RATIS_SERVER=43889, STANDALONE=41097], networkLocation: /default-rack, certSerialId: null, persistedOpState: IN_SERVICE, persistedOpStateExpiryEpochSec: 0}, ReplicationConfig: RATIS/ONE, State:ALLOCATED, leaderId:40965ae6-a020-46d7-9af0-6fa26a365fb3, CreationTimestamp2022-10-03T12:56:44.865Z[Etc/UTC]] moved to OPEN state
2022-10-03 12:56:47,840 [EventQueue-OpenPipelineForHealthyPipelineSafeModeRule] INFO  safemode.SCMSafeModeManager (HealthyPipelineSafeModeRule.java:process(137)) - SCM in safe mode. Healthy pipelines reported count is 0, required healthy pipeline reported count is 1
2022-10-03 12:56:47,857 [pool-679-thread-1] INFO  ratis.ContainerStateMachine (ContainerStateMachine.java:loadSnapshot(236)) - group-8BB95AAF28F4: The snapshot info is null. Setting the last applied indexto:(t:0, i:~)
2022-10-03 12:56:47,862 [pool-679-thread-1] INFO  server.RaftServerConfigKeys (ConfUtils.java:logGet(46)) - raft.server.notification.no-leader.timeout = 300s (custom)
2022-10-03 12:56:47,862 [pool-679-thread-1] INFO  server.RaftServerConfigKeys (ConfUtils.java:logGet(46)) - raft.server.log.use.memory = false (default)
2022-10-03 12:56:47,862 [pool-679-thread-1] INFO  server.RaftServerConfigKeys (ConfUtils.java:logGet(46)) - raft.server.log.purge.gap = 1000000 (custom)
2022-10-03 12:56:47,862 [pool-679-thread-1] INFO  server.RaftServerConfigKeys (ConfUtils.java:logGet(46)) - raft.server.log.appender.buffer.byte-limit = 33554432 (custom)
2022-10-03 12:56:47,862 [pool-679-thread-1] INFO  server.RaftServerConfigKeys (ConfUtils.java:logGet(46)) - raft.server.log.statemachine.data.read.timeout = 1000ms (default)
2022-10-03 12:56:47,863 [pool-679-thread-1] INFO  server.RaftServerConfigKeys (ConfUtils.java:logGet(46)) - raft.server.log.segment.size.max = 1048576 (custom)
2022-10-03 12:56:47,863 [pool-679-thread-1] INFO  server.RaftServerConfigKeys (ConfUtils.java:logGet(46)) - raft.server.log.segment.cache.num.max = 2 (custom)
2022-10-03 12:56:47,863 [pool-679-thread-1] INFO  server.RaftServerConfigKeys (ConfUtils.java:logGet(46)) - raft.server.log.segment.cache.size.max = 200MB (=209715200) (default)
2022-10-03 12:56:47,863 [pool-679-thread-1] INFO  segmented.SegmentedRaftLogWorker (SegmentedRaftLogWorker.java:<init>(187)) - new 40965ae6-a020-46d7-9af0-6fa26a365fb3@group-8BB95AAF28F4-SegmentedRaftLogWorker for RaftStorageImpl:Storage Directory /home/runner/work/ozone/ozone/hadoop-ozone/integration-test/target/test-dir/MiniOzoneClusterImpl-01f267b2-e4ec-44eb-81f8-9e98a03d735c/datanode-1/data/ratis/cda968c7-d754-49f9-bd3b-8bb95aaf28f4
2022-10-03 12:56:47,863 [pool-679-thread-1] INFO  server.RaftServerConfigKeys (ConfUtils.java:logGet(46)) - raft.server.log.queue.byte-limit = 4294967296 (custom)
2022-10-03 12:56:47,863 [pool-679-thread-1] INFO  server.RaftServerConfigKeys (ConfUtils.java:logGet(46)) - raft.server.log.queue.element-limit = 1024 (custom)
2022-10-03 12:56:47,863 [pool-679-thread-1] INFO  server.RaftServerConfigKeys (ConfUtils.java:logGet(46)) - raft.server.log.segment.size.max = 1048576 (custom)
2022-10-03 12:56:47,863 [pool-679-thread-1] INFO  server.RaftServerConfigKeys (ConfUtils.java:logGet(46)) - raft.server.log.preallocated.size = 16384 (custom)
2022-10-03 12:56:47,863 [pool-679-thread-1] INFO  server.RaftServerConfigKeys (ConfUtils.java:logGet(46)) - raft.server.log.force.sync.num = 128 (default)
2022-10-03 12:56:47,863 [pool-679-thread-1] INFO  server.RaftServerConfigKeys (ConfUtils.java:logGet(46)) - raft.server.log.statemachine.data.sync = true (default)
2022-10-03 12:56:47,863 [pool-679-thread-1] INFO  server.RaftServerConfigKeys (ConfUtils.java:logGet(46)) - raft.server.log.statemachine.data.sync.timeout = 10s (default)
2022-10-03 12:56:47,863 [pool-679-thread-1] INFO  server.RaftServerConfigKeys (ConfUtils.java:logGet(46)) - raft.server.log.statemachine.data.sync.timeout.retry = -1 (default)
2022-10-03 12:56:47,864 [pool-679-thread-1] INFO  server.RaftServerConfigKeys (ConfUtils.java:logGet(46)) - raft.server.log.write.buffer.size = 1048576 (custom)
2022-10-03 12:56:47,865 [pool-679-thread-1] INFO  server.RaftServerConfigKeys (ConfUtils.java:logGet(46)) - raft.server.log.unsafe-flush.enabled = false (default)
2022-10-03 12:56:47,865 [pool-679-thread-1] INFO  server.RaftServerConfigKeys (ConfUtils.java:logGet(46)) - raft.server.log.statemachine.data.caching.enabled = true (custom)
2022-10-03 12:56:47,865 [pool-679-thread-1] INFO  segmented.SegmentedRaftLogWorker (SegmentedRaftLogWorker.java:lambda$new$0(135)) - 40965ae6-a020-46d7-9af0-6fa26a365fb3@group-8BB95AAF28F4-SegmentedRaftLogWorker: flushIndex: setUnconditionally 0 -> -1
2022-10-03 12:56:47,865 [pool-679-thread-1] INFO  segmented.SegmentedRaftLogWorker (SegmentedRaftLogWorker.java:lambda$new$0(135)) - 40965ae6-a020-46d7-9af0-6fa26a365fb3@group-8BB95AAF28F4-SegmentedRaftLogWorker: safeCacheEvictIndex: setUnconditionally 0 -> -1
2022-10-03 12:56:47,865 [pool-679-thread-1] INFO  server.RaftServerConfigKeys (ConfUtils.java:logGet(46)) - raft.server.snapshot.auto.trigger.enabled = true (custom)
2022-10-03 12:56:47,865 [pool-679-thread-1] INFO  server.RaftServerConfigKeys (ConfUtils.java:logGet(46)) - raft.server.snapshot.auto.trigger.threshold = 10000 (custom)
2022-10-03 12:56:47,865 [pool-679-thread-1] INFO  server.RaftServerConfigKeys (ConfUtils.java:logGet(46)) - raft.server.snapshot.retention.file.num = 5 (custom)
2022-10-03 12:56:47,865 [pool-679-thread-1] INFO  server.RaftServerConfigKeys (ConfUtils.java:logGet(46)) - raft.server.log.purge.upto.snapshot.index = false (default)
2022-10-03 12:56:47,865 [pool-679-thread-1] INFO  server.RaftServerConfigKeys (ConfUtils.java:logGet(46)) - raft.server.retrycache.expirytime = 600000ms (custom)
2022-10-03 12:56:47,865 [pool-679-thread-1] INFO  server.RaftServerConfigKeys (ConfUtils.java:logGet(46)) - raft.server.retrycache.statistics.expirytime = 100μs (default)
2022-10-03 12:56:47,896 [Command processor thread] INFO  commandhandler.CreatePipelineCommandHandler (CreatePipelineCommandHandler.java:handle(113)) - Created Pipeline RATIS THREE PipelineID=e3f6549c-f130-4034-a1c0-64f9394126e2.
2022-10-03 12:56:47,897 [pool-679-thread-1] INFO  server.RaftServerConfigKeys (ConfUtils.java:logGet(46)) - raft.server.log.appender.install.snapshot.enabled = false (custom)
2022-10-03 12:56:47,897 [pool-679-thread-1] INFO  server.RaftServerConfigKeys (ConfUtils.java:logGet(46)) - raft.server.threadpool.server.cached = true (default)
2022-10-03 12:56:47,897 [pool-679-thread-1] INFO  server.RaftServerConfigKeys (ConfUtils.java:logGet(46)) - raft.server.threadpool.server.size = 0 (default)
2022-10-03 12:56:47,897 [pool-679-thread-1] INFO  server.RaftServerConfigKeys (ConfUtils.java:logGet(46)) - raft.server.threadpool.client.cached = true (default)
2022-10-03 12:56:47,897 [pool-679-thread-1] INFO  server.RaftServerConfigKeys (ConfUtils.java:logGet(46)) - raft.server.threadpool.client.size = 0 (default)
2022-10-03 12:56:47,897 [pool-679-thread-1] INFO  server.RaftServer$Division (RaftServerImpl.java:start(310)) - 40965ae6-a020-46d7-9af0-6fa26a365fb3@group-8BB95AAF28F4: start as a follower, conf=-1: [40965ae6-a020-46d7-9af0-6fa26a365fb3|rpc:10.1.0.147:43889|priority:1], old=null
2022-10-03 12:56:47,897 [pool-679-thread-1] INFO  server.RaftServer$Division (RaftServerImpl.java:setRole(299)) - 40965ae6-a020-46d7-9af0-6fa26a365fb3@group-8BB95AAF28F4: changes role from      null to FOLLOWER at term 0 for startAsFollower
2022-10-03 12:56:47,897 [pool-679-thread-1] INFO  impl.RoleInfo (RoleInfo.java:updateAndGet(139)) - 40965ae6-a020-46d7-9af0-6fa26a365fb3: start 40965ae6-a020-46d7-9af0-6fa26a365fb3@group-8BB95AAF28F4-FollowerState
2022-10-03 12:56:47,898 [pool-679-thread-1] INFO  util.JmxRegister (JmxRegister.java:tryRegister(44)) - Successfully registered JMX Bean with object name Ratis:service=RaftServer,group=group-8BB95AAF28F4,id=40965ae6-a020-46d7-9af0-6fa26a365fb3
2022-10-03 12:56:47,913 [Command processor thread] INFO  ratis.XceiverServerRatis (XceiverServerRatis.java:addGroup(765)) - Created group PipelineID=cda968c7-d754-49f9-bd3b-8bb95aaf28f4
2022-10-03 12:56:47,913 [Command processor thread] INFO  commandhandler.CreatePipelineCommandHandler (CreatePipelineCommandHandler.java:handle(113)) - Created Pipeline RATIS ONE PipelineID=cda968c7-d754-49f9-bd3b-8bb95aaf28f4.
2022-10-03 12:56:48,555 [Listener at 127.0.0.1/36433] INFO  ozone.MiniOzoneClusterImpl (MiniOzoneClusterImpl.java:lambda$waitForClusterToBeReady$0(216)) - Nodes are ready. Got 3 of 3 DN Heartbeats.
2022-10-03 12:56:48,555 [Listener at 127.0.0.1/36433] INFO  ozone.MiniOzoneClusterImpl (MiniOzoneClusterImpl.java:lambda$waitForClusterToBeReady$0(219)) - Waiting for cluster to exit safe mode
2022-10-03 12:56:48,555 [Listener at 127.0.0.1/36433] INFO  ozone.MiniOzoneClusterImpl (MiniOzoneClusterImpl.java:lambda$waitForClusterToBeReady$0(221)) - SCM became leader
2022-10-03 12:56:48,633 [Command processor thread] INFO  server.RaftServer (RaftServerProxy.java:addNew(96)) - c0360714-498d-4f71-92fe-394f4a6aa5bc: addNew group-BA24C3F04E93:[c0360714-498d-4f71-92fe-394f4a6aa5bc|rpc:10.1.0.147:42583|priority:1] returns group-BA24C3F04E93:java.util.concurrent.CompletableFuture@20f6fe28[Not completed]
2022-10-03 12:56:48,634 [pool-702-thread-1] INFO  server.RaftServer$Division (RaftServerImpl.java:<init>(190)) - c0360714-498d-4f71-92fe-394f4a6aa5bc: new RaftServerImpl for group-BA24C3F04E93:[c0360714-498d-4f71-92fe-394f4a6aa5bc|rpc:10.1.0.147:42583|priority:1] with ContainerStateMachine:uninitialized
2022-10-03 12:56:48,634 [pool-702-thread-1] INFO  server.RaftServerConfigKeys (ConfUtils.java:logGet(46)) - raft.server.rpc.timeout.min = 5s (custom)
2022-10-03 12:56:48,634 [pool-702-thread-1] INFO  server.RaftServerConfigKeys (ConfUtils.java:logGet(46)) - raft.server.rpc.timeout.max = 5200ms (custom)
2022-10-03 12:56:48,634 [pool-702-thread-1] INFO  server.RaftServerConfigKeys (ConfUtils.java:logGet(46)) - raft.server.rpc.sleep.time = 25ms (default)
2022-10-03 12:56:48,634 [pool-702-thread-1] INFO  server.RaftServerConfigKeys (ConfUtils.java:logGet(46)) - raft.server.rpc.slowness.timeout = 300s (custom)
2022-10-03 12:56:48,634 [pool-702-thread-1] INFO  server.RaftServerConfigKeys (ConfUtils.java:logGet(46)) - raft.server.leaderelection.leader.step-down.wait-time = 10s (default)
2022-10-03 12:56:48,634 [pool-702-thread-1] INFO  server.RaftServerConfigKeys (ConfUtils.java:logGet(46)) - raft.server.sleep.deviation.threshold = 300ms (default)
2022-10-03 12:56:48,634 [pool-702-thread-1] INFO  server.RaftServer$Division (ServerState.java:<init>(107)) - c0360714-498d-4f71-92fe-394f4a6aa5bc@group-BA24C3F04E93: ConfigurationManager, init=-1: [c0360714-498d-4f71-92fe-394f4a6aa5bc|rpc:10.1.0.147:42583|priority:1], old=null, confs=<EMPTY_MAP>
2022-10-03 12:56:48,634 [pool-702-thread-1] INFO  server.RaftServerConfigKeys (ConfUtils.java:logGet(46)) - raft.server.storage.dir = [/home/runner/work/ozone/ozone/hadoop-ozone/integration-test/target/test-dir/MiniOzoneClusterImpl-01f267b2-e4ec-44eb-81f8-9e98a03d735c/datanode-2/data/ratis] (custom)
2022-10-03 12:56:48,634 [pool-702-thread-1] INFO  server.RaftServerConfigKeys (ConfUtils.java:logGet(46)) - raft.server.log.corruption.policy = EXCEPTION (default)
2022-10-03 12:56:48,634 [pool-702-thread-1] INFO  server.RaftServerConfigKeys (ConfUtils.java:logGet(46)) - raft.server.storage.free-space.min = 0MB (=0) (default)
2022-10-03 12:56:48,635 [pool-702-thread-1] INFO  storage.RaftStorageDirectory (RaftStorageDirectoryImpl.java:analyzeStorage(135)) - The storage directory /home/runner/work/ozone/ozone/hadoop-ozone/integration-test/target/test-dir/MiniOzoneClusterImpl-01f267b2-e4ec-44eb-81f8-9e98a03d735c/datanode-2/data/ratis/95e52e31-3765-400d-9c7c-ba24c3f04e93 does not exist. Creating ...
2022-10-03 12:56:48,636 [pool-702-thread-1] INFO  storage.RaftStorageDirectory (RaftStorageDirectoryImpl.java:tryLock(230)) - Lock on /home/runner/work/ozone/ozone/hadoop-ozone/integration-test/target/test-dir/MiniOzoneClusterImpl-01f267b2-e4ec-44eb-81f8-9e98a03d735c/datanode-2/data/ratis/95e52e31-3765-400d-9c7c-ba24c3f04e93/in_use.lock acquired by nodename 2263@fv-az443-503
2022-10-03 12:56:48,637 [pool-702-thread-1] INFO  storage.RaftStorage (RaftStorageImpl.java:format(89)) - Storage directory /home/runner/work/ozone/ozone/hadoop-ozone/integration-test/target/test-dir/MiniOzoneClusterImpl-01f267b2-e4ec-44eb-81f8-9e98a03d735c/datanode-2/data/ratis/95e52e31-3765-400d-9c7c-ba24c3f04e93 has been successfully formatted.
2022-10-03 12:56:48,637 [pool-702-thread-1] INFO  ratis.ContainerStateMachine (ContainerStateMachine.java:loadSnapshot(236)) - group-BA24C3F04E93: The snapshot info is null. Setting the last applied indexto:(t:0, i:~)
2022-10-03 12:56:48,637 [pool-702-thread-1] INFO  server.RaftServerConfigKeys (ConfUtils.java:logGet(46)) - raft.server.notification.no-leader.timeout = 300s (custom)
2022-10-03 12:56:48,637 [pool-702-thread-1] INFO  server.RaftServerConfigKeys (ConfUtils.java:logGet(46)) - raft.server.log.use.memory = false (default)
2022-10-03 12:56:48,637 [pool-702-thread-1] INFO  server.RaftServerConfigKeys (ConfUtils.java:logGet(46)) - raft.server.log.purge.gap = 1000000 (custom)
2022-10-03 12:56:48,637 [pool-702-thread-1] INFO  server.RaftServerConfigKeys (ConfUtils.java:logGet(46)) - raft.server.log.appender.buffer.byte-limit = 33554432 (custom)
2022-10-03 12:56:48,637 [pool-702-thread-1] INFO  server.RaftServerConfigKeys (ConfUtils.java:logGet(46)) - raft.server.log.statemachine.data.read.timeout = 1000ms (default)
2022-10-03 12:56:48,637 [pool-702-thread-1] INFO  server.RaftServerConfigKeys (ConfUtils.java:logGet(46)) - raft.server.log.segment.size.max = 1048576 (custom)
2022-10-03 12:56:48,638 [pool-702-thread-1] INFO  server.RaftServerConfigKeys (ConfUtils.java:logGet(46)) - raft.server.log.segment.cache.num.max = 2 (custom)
2022-10-03 12:56:48,638 [pool-702-thread-1] INFO  server.RaftServerConfigKeys (ConfUtils.java:logGet(46)) - raft.server.log.segment.cache.size.max = 200MB (=209715200) (default)
2022-10-03 12:56:48,638 [pool-702-thread-1] INFO  segmented.SegmentedRaftLogWorker (SegmentedRaftLogWorker.java:<init>(187)) - new c0360714-498d-4f71-92fe-394f4a6aa5bc@group-BA24C3F04E93-SegmentedRaftLogWorker for RaftStorageImpl:Storage Directory /home/runner/work/ozone/ozone/hadoop-ozone/integration-test/target/test-dir/MiniOzoneClusterImpl-01f267b2-e4ec-44eb-81f8-9e98a03d735c/datanode-2/data/ratis/95e52e31-3765-400d-9c7c-ba24c3f04e93
2022-10-03 12:56:48,638 [pool-702-thread-1] INFO  server.RaftServerConfigKeys (ConfUtils.java:logGet(46)) - raft.server.log.queue.byte-limit = 4294967296 (custom)
2022-10-03 12:56:48,638 [pool-702-thread-1] INFO  server.RaftServerConfigKeys (ConfUtils.java:logGet(46)) - raft.server.log.queue.element-limit = 1024 (custom)
2022-10-03 12:56:48,638 [pool-702-thread-1] INFO  server.RaftServerConfigKeys (ConfUtils.java:logGet(46)) - raft.server.log.segment.size.max = 1048576 (custom)
2022-10-03 12:56:48,638 [pool-702-thread-1] INFO  server.RaftServerConfigKeys (ConfUtils.java:logGet(46)) - raft.server.log.preallocated.size = 16384 (custom)
2022-10-03 12:56:48,638 [pool-702-thread-1] INFO  server.RaftServerConfigKeys (ConfUtils.java:logGet(46)) - raft.server.log.force.sync.num = 128 (default)
2022-10-03 12:56:48,638 [pool-702-thread-1] INFO  server.RaftServerConfigKeys (ConfUtils.java:logGet(46)) - raft.server.log.statemachine.data.sync = true (default)
2022-10-03 12:56:48,638 [pool-702-thread-1] INFO  server.RaftServerConfigKeys (ConfUtils.java:logGet(46)) - raft.server.log.statemachine.data.sync.timeout = 10s (default)
2022-10-03 12:56:48,638 [pool-702-thread-1] INFO  server.RaftServerConfigKeys (ConfUtils.java:logGet(46)) - raft.server.log.statemachine.data.sync.timeout.retry = -1 (default)
2022-10-03 12:56:48,639 [pool-702-thread-1] INFO  server.RaftServerConfigKeys (ConfUtils.java:logGet(46)) - raft.server.log.write.buffer.size = 1048576 (custom)
2022-10-03 12:56:48,639 [pool-702-thread-1] INFO  server.RaftServerConfigKeys (ConfUtils.java:logGet(46)) - raft.server.log.unsafe-flush.enabled = false (default)
2022-10-03 12:56:48,640 [pool-702-thread-1] INFO  server.RaftServerConfigKeys (ConfUtils.java:logGet(46)) - raft.server.log.statemachine.data.caching.enabled = true (custom)
2022-10-03 12:56:48,640 [pool-702-thread-1] INFO  segmented.SegmentedRaftLogWorker (SegmentedRaftLogWorker.java:lambda$new$0(135)) - c0360714-498d-4f71-92fe-394f4a6aa5bc@group-BA24C3F04E93-SegmentedRaftLogWorker: flushIndex: setUnconditionally 0 -> -1
2022-10-03 12:56:48,640 [pool-702-thread-1] INFO  segmented.SegmentedRaftLogWorker (SegmentedRaftLogWorker.java:lambda$new$0(135)) - c0360714-498d-4f71-92fe-394f4a6aa5bc@group-BA24C3F04E93-SegmentedRaftLogWorker: safeCacheEvictIndex: setUnconditionally 0 -> -1
2022-10-03 12:56:48,657 [pool-702-thread-1] INFO  server.RaftServerConfigKeys (ConfUtils.java:logGet(46)) - raft.server.snapshot.auto.trigger.enabled = true (custom)
2022-10-03 12:56:48,657 [pool-702-thread-1] INFO  server.RaftServerConfigKeys (ConfUtils.java:logGet(46)) - raft.server.snapshot.auto.trigger.threshold = 10000 (custom)
2022-10-03 12:56:48,657 [pool-702-thread-1] INFO  server.RaftServerConfigKeys (ConfUtils.java:logGet(46)) - raft.server.snapshot.retention.file.num = 5 (custom)
2022-10-03 12:56:48,657 [pool-702-thread-1] INFO  server.RaftServerConfigKeys (ConfUtils.java:logGet(46)) - raft.server.log.purge.upto.snapshot.index = false (default)
2022-10-03 12:56:48,657 [pool-702-thread-1] INFO  server.RaftServerConfigKeys (ConfUtils.java:logGet(46)) - raft.server.retrycache.expirytime = 600000ms (custom)
2022-10-03 12:56:48,657 [pool-702-thread-1] INFO  server.RaftServerConfigKeys (ConfUtils.java:logGet(46)) - raft.server.retrycache.statistics.expirytime = 100μs (default)
2022-10-03 12:56:48,658 [EventQueue-PipelineReportForPipelineReportHandler] INFO  pipeline.PipelineManagerImpl (PipelineManagerImpl.java:openPipeline(367)) - Pipeline Pipeline[ Id: 95e52e31-3765-400d-9c7c-ba24c3f04e93, Nodes: c0360714-498d-4f71-92fe-394f4a6aa5bc{ip: 10.1.0.147, host: fv-az443-503.ap2fcshprsnunfx25e1aelzb4b.cx.internal.cloudapp.net, ports: [REPLICATION=33775, RATIS=42583, RATIS_ADMIN=42583, RATIS_SERVER=42583, STANDALONE=40505], networkLocation: /default-rack, certSerialId: null, persistedOpState: IN_SERVICE, persistedOpStateExpiryEpochSec: 0}, ReplicationConfig: RATIS/ONE, State:ALLOCATED, leaderId:c0360714-498d-4f71-92fe-394f4a6aa5bc, CreationTimestamp2022-10-03T12:56:45.632Z[Etc/UTC]] moved to OPEN state
2022-10-03 12:56:48,658 [EventQueue-OpenPipelineForHealthyPipelineSafeModeRule] INFO  safemode.SCMSafeModeManager (HealthyPipelineSafeModeRule.java:process(137)) - SCM in safe mode. Healthy pipelines reported count is 0, required healthy pipeline reported count is 1
2022-10-03 12:56:48,659 [pool-702-thread-1] INFO  server.RaftServerConfigKeys (ConfUtils.java:logGet(46)) - raft.server.log.appender.install.snapshot.enabled = false (custom)
2022-10-03 12:56:48,659 [pool-702-thread-1] INFO  server.RaftServerConfigKeys (ConfUtils.java:logGet(46)) - raft.server.threadpool.server.cached = true (default)
2022-10-03 12:56:48,659 [pool-702-thread-1] INFO  server.RaftServerConfigKeys (ConfUtils.java:logGet(46)) - raft.server.threadpool.server.size = 0 (default)
2022-10-03 12:56:48,659 [pool-702-thread-1] INFO  server.RaftServerConfigKeys (ConfUtils.java:logGet(46)) - raft.server.threadpool.client.cached = true (default)
2022-10-03 12:56:48,659 [pool-702-thread-1] INFO  server.RaftServerConfigKeys (ConfUtils.java:logGet(46)) - raft.server.threadpool.client.size = 0 (default)
2022-10-03 12:56:48,659 [pool-702-thread-1] INFO  server.RaftServer$Division (RaftServerImpl.java:start(310)) - c0360714-498d-4f71-92fe-394f4a6aa5bc@group-BA24C3F04E93: start as a follower, conf=-1: [c0360714-498d-4f71-92fe-394f4a6aa5bc|rpc:10.1.0.147:42583|priority:1], old=null
2022-10-03 12:56:48,659 [pool-702-thread-1] INFO  server.RaftServer$Division (RaftServerImpl.java:setRole(299)) - c0360714-498d-4f71-92fe-394f4a6aa5bc@group-BA24C3F04E93: changes role from      null to FOLLOWER at term 0 for startAsFollower
2022-10-03 12:56:48,659 [pool-702-thread-1] INFO  impl.RoleInfo (RoleInfo.java:updateAndGet(139)) - c0360714-498d-4f71-92fe-394f4a6aa5bc: start c0360714-498d-4f71-92fe-394f4a6aa5bc@group-BA24C3F04E93-FollowerState
2022-10-03 12:56:48,673 [pool-702-thread-1] INFO  util.JmxRegister (JmxRegister.java:tryRegister(44)) - Successfully registered JMX Bean with object name Ratis:service=RaftServer,group=group-BA24C3F04E93,id=c0360714-498d-4f71-92fe-394f4a6aa5bc
2022-10-03 12:56:48,693 [Command processor thread] INFO  ratis.XceiverServerRatis (XceiverServerRatis.java:addGroup(765)) - Created group PipelineID=95e52e31-3765-400d-9c7c-ba24c3f04e93
2022-10-03 12:56:48,693 [Command processor thread] INFO  commandhandler.CreatePipelineCommandHandler (CreatePipelineCommandHandler.java:handle(113)) - Created Pipeline RATIS ONE PipelineID=95e52e31-3765-400d-9c7c-ba24c3f04e93.
2022-10-03 12:56:49,555 [Listener at 127.0.0.1/36433] INFO  ozone.MiniOzoneClusterImpl (MiniOzoneClusterImpl.java:lambda$waitForClusterToBeReady$0(216)) - Nodes are ready. Got 3 of 3 DN Heartbeats.
2022-10-03 12:56:49,555 [Listener at 127.0.0.1/36433] INFO  ozone.MiniOzoneClusterImpl (MiniOzoneClusterImpl.java:lambda$waitForClusterToBeReady$0(219)) - Waiting for cluster to exit safe mode
2022-10-03 12:56:49,555 [Listener at 127.0.0.1/36433] INFO  ozone.MiniOzoneClusterImpl (MiniOzoneClusterImpl.java:lambda$waitForClusterToBeReady$0(221)) - SCM became leader
2022-10-03 12:56:50,556 [Listener at 127.0.0.1/36433] INFO  ozone.MiniOzoneClusterImpl (MiniOzoneClusterImpl.java:lambda$waitForClusterToBeReady$0(216)) - Nodes are ready. Got 3 of 3 DN Heartbeats.
2022-10-03 12:56:50,556 [Listener at 127.0.0.1/36433] INFO  ozone.MiniOzoneClusterImpl (MiniOzoneClusterImpl.java:lambda$waitForClusterToBeReady$0(219)) - Waiting for cluster to exit safe mode
2022-10-03 12:56:50,556 [Listener at 127.0.0.1/36433] INFO  ozone.MiniOzoneClusterImpl (MiniOzoneClusterImpl.java:lambda$waitForClusterToBeReady$0(221)) - SCM became leader
2022-10-03 12:56:51,556 [Listener at 127.0.0.1/36433] INFO  ozone.MiniOzoneClusterImpl (MiniOzoneClusterImpl.java:lambda$waitForClusterToBeReady$0(216)) - Nodes are ready. Got 3 of 3 DN Heartbeats.
2022-10-03 12:56:51,556 [Listener at 127.0.0.1/36433] INFO  ozone.MiniOzoneClusterImpl (MiniOzoneClusterImpl.java:lambda$waitForClusterToBeReady$0(219)) - Waiting for cluster to exit safe mode
2022-10-03 12:56:51,556 [Listener at 127.0.0.1/36433] INFO  ozone.MiniOzoneClusterImpl (MiniOzoneClusterImpl.java:lambda$waitForClusterToBeReady$0(221)) - SCM became leader
2022-10-03 12:56:52,012 [50f5496c-ca8d-4e5d-a1d6-989fe0353439@group-20325CDD31CE-FollowerState] INFO  impl.FollowerState (FollowerState.java:run(143)) - 50f5496c-ca8d-4e5d-a1d6-989fe0353439@group-20325CDD31CE-FollowerState: change to CANDIDATE, lastRpcElapsedTime:5021831924ns, electionTimeout:5021ms
2022-10-03 12:56:52,013 [50f5496c-ca8d-4e5d-a1d6-989fe0353439@group-20325CDD31CE-FollowerState] INFO  impl.RoleInfo (RoleInfo.java:shutdownFollowerState(110)) - 50f5496c-ca8d-4e5d-a1d6-989fe0353439: shutdown 50f5496c-ca8d-4e5d-a1d6-989fe0353439@group-20325CDD31CE-FollowerState
2022-10-03 12:56:52,013 [50f5496c-ca8d-4e5d-a1d6-989fe0353439@group-20325CDD31CE-FollowerState] INFO  server.RaftServer$Division (RaftServerImpl.java:setRole(299)) - 50f5496c-ca8d-4e5d-a1d6-989fe0353439@group-20325CDD31CE: changes role from  FOLLOWER to CANDIDATE at term 0 for changeToCandidate
2022-10-03 12:56:52,013 [50f5496c-ca8d-4e5d-a1d6-989fe0353439@group-20325CDD31CE-FollowerState] INFO  server.RaftServerConfigKeys (ConfUtils.java:logGet(46)) - raft.server.leaderelection.pre-vote = false (custom)
2022-10-03 12:56:52,013 [50f5496c-ca8d-4e5d-a1d6-989fe0353439@group-20325CDD31CE-FollowerState] INFO  impl.RoleInfo (RoleInfo.java:updateAndGet(139)) - 50f5496c-ca8d-4e5d-a1d6-989fe0353439: start 50f5496c-ca8d-4e5d-a1d6-989fe0353439@group-20325CDD31CE-LeaderElection44
2022-10-03 12:56:52,036 [50f5496c-ca8d-4e5d-a1d6-989fe0353439@group-2DE5797406DA-FollowerState] INFO  impl.FollowerState (FollowerState.java:run(143)) - 50f5496c-ca8d-4e5d-a1d6-989fe0353439@group-2DE5797406DA-FollowerState: change to CANDIDATE, lastRpcElapsedTime:5132006739ns, electionTimeout:5119ms
2022-10-03 12:56:52,043 [50f5496c-ca8d-4e5d-a1d6-989fe0353439@group-2DE5797406DA-FollowerState] INFO  impl.RoleInfo (RoleInfo.java:shutdownFollowerState(110)) - 50f5496c-ca8d-4e5d-a1d6-989fe0353439: shutdown 50f5496c-ca8d-4e5d-a1d6-989fe0353439@group-2DE5797406DA-FollowerState
2022-10-03 12:56:52,043 [50f5496c-ca8d-4e5d-a1d6-989fe0353439@group-2DE5797406DA-FollowerState] INFO  server.RaftServer$Division (RaftServerImpl.java:setRole(299)) - 50f5496c-ca8d-4e5d-a1d6-989fe0353439@group-2DE5797406DA: changes role from  FOLLOWER to CANDIDATE at term 0 for changeToCandidate
2022-10-03 12:56:52,043 [50f5496c-ca8d-4e5d-a1d6-989fe0353439@group-2DE5797406DA-FollowerState] INFO  server.RaftServerConfigKeys (ConfUtils.java:logGet(46)) - raft.server.leaderelection.pre-vote = false (custom)
2022-10-03 12:56:52,043 [50f5496c-ca8d-4e5d-a1d6-989fe0353439@group-2DE5797406DA-FollowerState] INFO  impl.RoleInfo (RoleInfo.java:updateAndGet(139)) - 50f5496c-ca8d-4e5d-a1d6-989fe0353439: start 50f5496c-ca8d-4e5d-a1d6-989fe0353439@group-2DE5797406DA-LeaderElection45
2022-10-03 12:56:52,083 [50f5496c-ca8d-4e5d-a1d6-989fe0353439@group-20325CDD31CE-LeaderElection44] INFO  impl.LeaderElection (LeaderElection.java:askForVotes(310)) - 50f5496c-ca8d-4e5d-a1d6-989fe0353439@group-20325CDD31CE-LeaderElection44 ELECTION round 0: submit vote requests at term 1 for -1: [40965ae6-a020-46d7-9af0-6fa26a365fb3|rpc:10.1.0.147:43889|priority:1, 50f5496c-ca8d-4e5d-a1d6-989fe0353439|rpc:10.1.0.147:42361|priority:0, c0360714-498d-4f71-92fe-394f4a6aa5bc|rpc:10.1.0.147:42583|priority:0], old=null
2022-10-03 12:56:52,083 [50f5496c-ca8d-4e5d-a1d6-989fe0353439@group-2DE5797406DA-LeaderElection45] INFO  impl.LeaderElection (LeaderElection.java:askForVotes(310)) - 50f5496c-ca8d-4e5d-a1d6-989fe0353439@group-2DE5797406DA-LeaderElection45 ELECTION round 0: submit vote requests at term 1 for -1: [50f5496c-ca8d-4e5d-a1d6-989fe0353439|rpc:10.1.0.147:42361|priority:1], old=null
2022-10-03 12:56:52,084 [50f5496c-ca8d-4e5d-a1d6-989fe0353439@group-2DE5797406DA-LeaderElection45] INFO  impl.LeaderElection (LeaderElection.java:askForVotes(312)) - 50f5496c-ca8d-4e5d-a1d6-989fe0353439@group-2DE5797406DA-LeaderElection45 ELECTION round 0: result PASSED (term=1)
2022-10-03 12:56:52,084 [50f5496c-ca8d-4e5d-a1d6-989fe0353439@group-2DE5797406DA-LeaderElection45] INFO  impl.RoleInfo (RoleInfo.java:shutdownLeaderElection(130)) - 50f5496c-ca8d-4e5d-a1d6-989fe0353439: shutdown 50f5496c-ca8d-4e5d-a1d6-989fe0353439@group-2DE5797406DA-LeaderElection45
2022-10-03 12:56:52,084 [50f5496c-ca8d-4e5d-a1d6-989fe0353439@group-2DE5797406DA-LeaderElection45] INFO  server.RaftServer$Division (RaftServerImpl.java:setRole(299)) - 50f5496c-ca8d-4e5d-a1d6-989fe0353439@group-2DE5797406DA: changes role from CANDIDATE to LEADER at term 1 for changeToLeader
2022-10-03 12:56:52,084 [50f5496c-ca8d-4e5d-a1d6-989fe0353439@group-2DE5797406DA-LeaderElection45] INFO  ratis.XceiverServerRatis (XceiverServerRatis.java:handleLeaderChangedNotification(863)) - Leader change notification received for group: group-2DE5797406DA with new leaderId: 50f5496c-ca8d-4e5d-a1d6-989fe0353439
2022-10-03 12:56:52,152 [50f5496c-ca8d-4e5d-a1d6-989fe0353439@group-2DE5797406DA-LeaderElection45] INFO  server.RaftServer$Division (ServerState.java:setLeader(287)) - 50f5496c-ca8d-4e5d-a1d6-989fe0353439@group-2DE5797406DA: change Leader from null to 50f5496c-ca8d-4e5d-a1d6-989fe0353439 at term 1 for becomeLeader, leader elected after 5183ms
2022-10-03 12:56:52,152 [50f5496c-ca8d-4e5d-a1d6-989fe0353439@group-2DE5797406DA-LeaderElection45] INFO  server.RaftServerConfigKeys (ConfUtils.java:logGet(46)) - raft.server.staging.catchup.gap = 1000 (default)
2022-10-03 12:56:52,152 [50f5496c-ca8d-4e5d-a1d6-989fe0353439@group-2DE5797406DA-LeaderElection45] INFO  server.RaftServerConfigKeys (ConfUtils.java:logGet(46)) - raft.server.write.element-limit = 1024 (custom)
2022-10-03 12:56:52,152 [50f5496c-ca8d-4e5d-a1d6-989fe0353439@group-2DE5797406DA-LeaderElection45] INFO  server.RaftServerConfigKeys (ConfUtils.java:logGet(46)) - raft.server.write.byte-limit = 1024 M (=1073741824) (custom)
2022-10-03 12:56:52,153 [50f5496c-ca8d-4e5d-a1d6-989fe0353439@group-2DE5797406DA-LeaderElection45] INFO  server.RaftServerConfigKeys (ConfUtils.java:logGet(46)) - raft.server.watch.timeout = 180s (custom)
2022-10-03 12:56:52,153 [50f5496c-ca8d-4e5d-a1d6-989fe0353439@group-2DE5797406DA-LeaderElection45] INFO  server.RaftServerConfigKeys (ConfUtils.java:logGet(46)) - raft.server.watch.timeout.denomination = 1s (default)
2022-10-03 12:56:52,153 [50f5496c-ca8d-4e5d-a1d6-989fe0353439@group-2DE5797406DA-LeaderElection45] INFO  server.RaftServerConfigKeys (ConfUtils.java:logGet(46)) - raft.server.watch.element-limit = 65536 (default)
2022-10-03 12:56:52,153 [50f5496c-ca8d-4e5d-a1d6-989fe0353439@group-2DE5797406DA-LeaderElection45] INFO  server.RaftServerConfigKeys (ConfUtils.java:logGet(46)) - raft.server.write.element-limit = 1024 (custom)
2022-10-03 12:56:52,153 [50f5496c-ca8d-4e5d-a1d6-989fe0353439@group-2DE5797406DA-LeaderElection45] INFO  server.RaftServerConfigKeys (ConfUtils.java:logGet(46)) - raft.server.write.follower.gap.ratio.max = -1.0 (default)
2022-10-03 12:56:52,153 [50f5496c-ca8d-4e5d-a1d6-989fe0353439@group-2DE5797406DA-LeaderElection45] INFO  impl.RoleInfo (RoleInfo.java:updateAndGet(139)) - 50f5496c-ca8d-4e5d-a1d6-989fe0353439: start 50f5496c-ca8d-4e5d-a1d6-989fe0353439@group-2DE5797406DA-LeaderStateImpl
2022-10-03 12:56:52,153 [50f5496c-ca8d-4e5d-a1d6-989fe0353439@group-2DE5797406DA-LeaderElection45] INFO  segmented.SegmentedRaftLogWorker (SegmentedRaftLogWorker.java:startLogSegment(425)) - 50f5496c-ca8d-4e5d-a1d6-989fe0353439@group-2DE5797406DA-SegmentedRaftLogWorker: Starting segment from index:0
2022-10-03 12:56:52,153 [grpc-default-executor-0] INFO  server.RaftServer$Division (RaftServerImpl.java:requestVote(1152)) - 40965ae6-a020-46d7-9af0-6fa26a365fb3@group-20325CDD31CE: receive requestVote(ELECTION, 50f5496c-ca8d-4e5d-a1d6-989fe0353439, group-20325CDD31CE, 1, (t:0, i:0))
2022-10-03 12:56:52,154 [grpc-default-executor-0] INFO  impl.VoteContext (VoteContext.java:log(48)) - 40965ae6-a020-46d7-9af0-6fa26a365fb3@group-20325CDD31CE-FOLLOWER: reject ELECTION from 50f5496c-ca8d-4e5d-a1d6-989fe0353439: our priority 1 > candidate's priority 0
2022-10-03 12:56:52,154 [grpc-default-executor-0] INFO  server.RaftServer$Division (RaftServerImpl.java:setRole(299)) - 40965ae6-a020-46d7-9af0-6fa26a365fb3@group-20325CDD31CE: changes role from  FOLLOWER to FOLLOWER at term 1 for candidate:50f5496c-ca8d-4e5d-a1d6-989fe0353439
2022-10-03 12:56:52,154 [grpc-default-executor-0] INFO  impl.RoleInfo (RoleInfo.java:shutdownFollowerState(110)) - 40965ae6-a020-46d7-9af0-6fa26a365fb3: shutdown 40965ae6-a020-46d7-9af0-6fa26a365fb3@group-20325CDD31CE-FollowerState
2022-10-03 12:56:52,155 [EventQueue-OpenPipelineForHealthyPipelineSafeModeRule] INFO  safemode.SCMSafeModeManager (HealthyPipelineSafeModeRule.java:process(137)) - SCM in safe mode. Healthy pipelines reported count is 0, required healthy pipeline reported count is 1
2022-10-03 12:56:52,162 [50f5496c-ca8d-4e5d-a1d6-989fe0353439@group-2DE5797406DA-LeaderElection45] INFO  server.RaftServer$Division (ServerState.java:setRaftConf(393)) - 50f5496c-ca8d-4e5d-a1d6-989fe0353439@group-2DE5797406DA: set configuration 0: [50f5496c-ca8d-4e5d-a1d6-989fe0353439|rpc:10.1.0.147:42361|dataStream:|priority:1], old=null
2022-10-03 12:56:52,189 [50f5496c-ca8d-4e5d-a1d6-989fe0353439@group-2DE5797406DA-SegmentedRaftLogWorker] INFO  segmented.SegmentedRaftLogWorker (SegmentedRaftLogWorker.java:execute(629)) - 50f5496c-ca8d-4e5d-a1d6-989fe0353439@group-2DE5797406DA-SegmentedRaftLogWorker: created new log segment /home/runner/work/ozone/ozone/hadoop-ozone/integration-test/target/test-dir/MiniOzoneClusterImpl-01f267b2-e4ec-44eb-81f8-9e98a03d735c/datanode-0/data/ratis/950f4139-250e-43c7-8c45-2de5797406da/current/log_inprogress_0
2022-10-03 12:56:52,190 [grpc-default-executor-0] INFO  impl.RoleInfo (RoleInfo.java:updateAndGet(139)) - 40965ae6-a020-46d7-9af0-6fa26a365fb3: start 40965ae6-a020-46d7-9af0-6fa26a365fb3@group-20325CDD31CE-FollowerState
2022-10-03 12:56:52,190 [40965ae6-a020-46d7-9af0-6fa26a365fb3@group-20325CDD31CE-FollowerState] INFO  impl.FollowerState (FollowerState.java:run(152)) - 40965ae6-a020-46d7-9af0-6fa26a365fb3@group-20325CDD31CE-FollowerState was interrupted
2022-10-03 12:56:52,194 [grpc-default-executor-0] INFO  server.RaftServer$Division (RaftServerImpl.java:requestVote(1184)) - 40965ae6-a020-46d7-9af0-6fa26a365fb3@group-20325CDD31CE replies to ELECTION vote request: 50f5496c-ca8d-4e5d-a1d6-989fe0353439<-40965ae6-a020-46d7-9af0-6fa26a365fb3#0:FAIL-t1. Peer's state: 40965ae6-a020-46d7-9af0-6fa26a365fb3@group-20325CDD31CE:t1, leader=null, voted=null, raftlog=40965ae6-a020-46d7-9af0-6fa26a365fb3@group-20325CDD31CE-SegmentedRaftLog:OPENED:c-1, conf=-1: [40965ae6-a020-46d7-9af0-6fa26a365fb3|rpc:10.1.0.147:43889|dataStream:|priority:1, 50f5496c-ca8d-4e5d-a1d6-989fe0353439|rpc:10.1.0.147:42361|dataStream:|priority:0, c0360714-498d-4f71-92fe-394f4a6aa5bc|rpc:10.1.0.147:42583|dataStream:|priority:0], old=null
2022-10-03 12:56:52,196 [50f5496c-ca8d-4e5d-a1d6-989fe0353439@group-20325CDD31CE-LeaderElection44] INFO  impl.LeaderElection (LeaderElection.java:logAndReturn(90)) - 50f5496c-ca8d-4e5d-a1d6-989fe0353439@group-20325CDD31CE-LeaderElection44: ELECTION REJECTED received 1 response(s) and 0 exception(s):
2022-10-03 12:56:52,196 [50f5496c-ca8d-4e5d-a1d6-989fe0353439@group-20325CDD31CE-LeaderElection44] INFO  impl.LeaderElection (LeaderElection.java:logAndReturn(94)) -   Response 0: 50f5496c-ca8d-4e5d-a1d6-989fe0353439<-40965ae6-a020-46d7-9af0-6fa26a365fb3#0:FAIL-t1
2022-10-03 12:56:52,196 [50f5496c-ca8d-4e5d-a1d6-989fe0353439@group-20325CDD31CE-LeaderElection44] INFO  impl.LeaderElection (LeaderElection.java:askForVotes(312)) - 50f5496c-ca8d-4e5d-a1d6-989fe0353439@group-20325CDD31CE-LeaderElection44 ELECTION round 0: result REJECTED
2022-10-03 12:56:52,196 [50f5496c-ca8d-4e5d-a1d6-989fe0353439@group-20325CDD31CE-LeaderElection44] INFO  server.RaftServer$Division (RaftServerImpl.java:setRole(299)) - 50f5496c-ca8d-4e5d-a1d6-989fe0353439@group-20325CDD31CE: changes role from CANDIDATE to FOLLOWER at term 1 for REJECTED
2022-10-03 12:56:52,196 [50f5496c-ca8d-4e5d-a1d6-989fe0353439@group-20325CDD31CE-LeaderElection44] INFO  impl.RoleInfo (RoleInfo.java:shutdownLeaderElection(130)) - 50f5496c-ca8d-4e5d-a1d6-989fe0353439: shutdown 50f5496c-ca8d-4e5d-a1d6-989fe0353439@group-20325CDD31CE-LeaderElection44
2022-10-03 12:56:52,196 [50f5496c-ca8d-4e5d-a1d6-989fe0353439@group-20325CDD31CE-LeaderElection44] INFO  impl.RoleInfo (RoleInfo.java:updateAndGet(139)) - 50f5496c-ca8d-4e5d-a1d6-989fe0353439: start 50f5496c-ca8d-4e5d-a1d6-989fe0353439@group-20325CDD31CE-FollowerState
2022-10-03 12:56:52,206 [grpc-default-executor-2] INFO  server.RaftServer$Division (RaftServerImpl.java:requestVote(1152)) - c0360714-498d-4f71-92fe-394f4a6aa5bc@group-20325CDD31CE: receive requestVote(ELECTION, 50f5496c-ca8d-4e5d-a1d6-989fe0353439, group-20325CDD31CE, 1, (t:0, i:0))
2022-10-03 12:56:52,207 [grpc-default-executor-2] INFO  impl.VoteContext (VoteContext.java:log(48)) - c0360714-498d-4f71-92fe-394f4a6aa5bc@group-20325CDD31CE-FOLLOWER: accept ELECTION from 50f5496c-ca8d-4e5d-a1d6-989fe0353439: our priority 0 <= candidate's priority 0
2022-10-03 12:56:52,207 [grpc-default-executor-2] INFO  server.RaftServer$Division (RaftServerImpl.java:setRole(299)) - c0360714-498d-4f71-92fe-394f4a6aa5bc@group-20325CDD31CE: changes role from  FOLLOWER to FOLLOWER at term 1 for candidate:50f5496c-ca8d-4e5d-a1d6-989fe0353439
2022-10-03 12:56:52,207 [grpc-default-executor-2] INFO  impl.RoleInfo (RoleInfo.java:shutdownFollowerState(110)) - c0360714-498d-4f71-92fe-394f4a6aa5bc: shutdown c0360714-498d-4f71-92fe-394f4a6aa5bc@group-20325CDD31CE-FollowerState
2022-10-03 12:56:52,207 [grpc-default-executor-2] INFO  impl.RoleInfo (RoleInfo.java:updateAndGet(139)) - c0360714-498d-4f71-92fe-394f4a6aa5bc: start c0360714-498d-4f71-92fe-394f4a6aa5bc@group-20325CDD31CE-FollowerState
2022-10-03 12:56:52,207 [c0360714-498d-4f71-92fe-394f4a6aa5bc@group-20325CDD31CE-FollowerState] INFO  impl.FollowerState (FollowerState.java:run(152)) - c0360714-498d-4f71-92fe-394f4a6aa5bc@group-20325CDD31CE-FollowerState was interrupted
2022-10-03 12:56:52,208 [grpc-default-executor-2] INFO  server.RaftServer$Division (RaftServerImpl.java:requestVote(1184)) - c0360714-498d-4f71-92fe-394f4a6aa5bc@group-20325CDD31CE replies to ELECTION vote request: 50f5496c-ca8d-4e5d-a1d6-989fe0353439<-c0360714-498d-4f71-92fe-394f4a6aa5bc#0:OK-t1. Peer's state: c0360714-498d-4f71-92fe-394f4a6aa5bc@group-20325CDD31CE:t1, leader=null, voted=50f5496c-ca8d-4e5d-a1d6-989fe0353439, raftlog=c0360714-498d-4f71-92fe-394f4a6aa5bc@group-20325CDD31CE-SegmentedRaftLog:OPENED:c-1, conf=-1: [40965ae6-a020-46d7-9af0-6fa26a365fb3|rpc:10.1.0.147:43889|dataStream:|priority:1, 50f5496c-ca8d-4e5d-a1d6-989fe0353439|rpc:10.1.0.147:42361|dataStream:|priority:0, c0360714-498d-4f71-92fe-394f4a6aa5bc|rpc:10.1.0.147:42583|dataStream:|priority:0], old=null
2022-10-03 12:56:52,557 [Listener at 127.0.0.1/36433] INFO  ozone.MiniOzoneClusterImpl (MiniOzoneClusterImpl.java:lambda$waitForClusterToBeReady$0(216)) - Nodes are ready. Got 3 of 3 DN Heartbeats.
2022-10-03 12:56:52,557 [Listener at 127.0.0.1/36433] INFO  ozone.MiniOzoneClusterImpl (MiniOzoneClusterImpl.java:lambda$waitForClusterToBeReady$0(219)) - Waiting for cluster to exit safe mode
2022-10-03 12:56:52,557 [Listener at 127.0.0.1/36433] INFO  ozone.MiniOzoneClusterImpl (MiniOzoneClusterImpl.java:lambda$waitForClusterToBeReady$0(221)) - SCM became leader
2022-10-03 12:56:52,647 [50f5496c-ca8d-4e5d-a1d6-989fe0353439@group-64F9394126E2-FollowerState] INFO  impl.FollowerState (FollowerState.java:run(143)) - 50f5496c-ca8d-4e5d-a1d6-989fe0353439@group-64F9394126E2-FollowerState: change to CANDIDATE, lastRpcElapsedTime:5103720933ns, electionTimeout:5092ms
2022-10-03 12:56:52,647 [50f5496c-ca8d-4e5d-a1d6-989fe0353439@group-64F9394126E2-FollowerState] INFO  impl.RoleInfo (RoleInfo.java:shutdownFollowerState(110)) - 50f5496c-ca8d-4e5d-a1d6-989fe0353439: shutdown 50f5496c-ca8d-4e5d-a1d6-989fe0353439@group-64F9394126E2-FollowerState
2022-10-03 12:56:52,647 [50f5496c-ca8d-4e5d-a1d6-989fe0353439@group-64F9394126E2-FollowerState] INFO  server.RaftServer$Division (RaftServerImpl.java:setRole(299)) - 50f5496c-ca8d-4e5d-a1d6-989fe0353439@group-64F9394126E2: changes role from  FOLLOWER to CANDIDATE at term 0 for changeToCandidate
2022-10-03 12:56:52,647 [50f5496c-ca8d-4e5d-a1d6-989fe0353439@group-64F9394126E2-FollowerState] INFO  server.RaftServerConfigKeys (ConfUtils.java:logGet(46)) - raft.server.leaderelection.pre-vote = false (custom)
2022-10-03 12:56:52,647 [50f5496c-ca8d-4e5d-a1d6-989fe0353439@group-64F9394126E2-FollowerState] INFO  impl.RoleInfo (RoleInfo.java:updateAndGet(139)) - 50f5496c-ca8d-4e5d-a1d6-989fe0353439: start 50f5496c-ca8d-4e5d-a1d6-989fe0353439@group-64F9394126E2-LeaderElection46
2022-10-03 12:56:52,674 [50f5496c-ca8d-4e5d-a1d6-989fe0353439@group-64F9394126E2-LeaderElection46] INFO  impl.LeaderElection (LeaderElection.java:askForVotes(310)) - 50f5496c-ca8d-4e5d-a1d6-989fe0353439@group-64F9394126E2-LeaderElection46 ELECTION round 0: submit vote requests at term 1 for -1: [40965ae6-a020-46d7-9af0-6fa26a365fb3|rpc:10.1.0.147:43889|priority:0, 50f5496c-ca8d-4e5d-a1d6-989fe0353439|rpc:10.1.0.147:42361|priority:0, c0360714-498d-4f71-92fe-394f4a6aa5bc|rpc:10.1.0.147:42583|priority:1], old=null
2022-10-03 12:56:52,704 [grpc-default-executor-2] INFO  server.RaftServer$Division (RaftServerImpl.java:requestVote(1152)) - 40965ae6-a020-46d7-9af0-6fa26a365fb3@group-64F9394126E2: receive requestVote(ELECTION, 50f5496c-ca8d-4e5d-a1d6-989fe0353439, group-64F9394126E2, 1, (t:0, i:0))
2022-10-03 12:56:52,704 [grpc-default-executor-2] INFO  impl.VoteContext (VoteContext.java:log(48)) - 40965ae6-a020-46d7-9af0-6fa26a365fb3@group-64F9394126E2-FOLLOWER: accept ELECTION from 50f5496c-ca8d-4e5d-a1d6-989fe0353439: our priority 0 <= candidate's priority 0
2022-10-03 12:56:52,704 [grpc-default-executor-2] INFO  server.RaftServer$Division (RaftServerImpl.java:setRole(299)) - 40965ae6-a020-46d7-9af0-6fa26a365fb3@group-64F9394126E2: changes role from  FOLLOWER to FOLLOWER at term 1 for candidate:50f5496c-ca8d-4e5d-a1d6-989fe0353439
2022-10-03 12:56:52,704 [grpc-default-executor-2] INFO  impl.RoleInfo (RoleInfo.java:shutdownFollowerState(110)) - 40965ae6-a020-46d7-9af0-6fa26a365fb3: shutdown 40965ae6-a020-46d7-9af0-6fa26a365fb3@group-64F9394126E2-FollowerState
2022-10-03 12:56:52,704 [grpc-default-executor-2] INFO  impl.RoleInfo (RoleInfo.java:updateAndGet(139)) - 40965ae6-a020-46d7-9af0-6fa26a365fb3: start 40965ae6-a020-46d7-9af0-6fa26a365fb3@group-64F9394126E2-FollowerState
2022-10-03 12:56:52,704 [40965ae6-a020-46d7-9af0-6fa26a365fb3@group-64F9394126E2-FollowerState] INFO  impl.FollowerState (FollowerState.java:run(152)) - 40965ae6-a020-46d7-9af0-6fa26a365fb3@group-64F9394126E2-FollowerState was interrupted
2022-10-03 12:56:52,705 [grpc-default-executor-2] INFO  server.RaftServer$Division (RaftServerImpl.java:requestVote(1184)) - 40965ae6-a020-46d7-9af0-6fa26a365fb3@group-64F9394126E2 replies to ELECTION vote request: 50f5496c-ca8d-4e5d-a1d6-989fe0353439<-40965ae6-a020-46d7-9af0-6fa26a365fb3#0:OK-t1. Peer's state: 40965ae6-a020-46d7-9af0-6fa26a365fb3@group-64F9394126E2:t1, leader=null, voted=50f5496c-ca8d-4e5d-a1d6-989fe0353439, raftlog=40965ae6-a020-46d7-9af0-6fa26a365fb3@group-64F9394126E2-SegmentedRaftLog:OPENED:c-1, conf=-1: [40965ae6-a020-46d7-9af0-6fa26a365fb3|rpc:10.1.0.147:43889|dataStream:|priority:0, 50f5496c-ca8d-4e5d-a1d6-989fe0353439|rpc:10.1.0.147:42361|dataStream:|priority:0, c0360714-498d-4f71-92fe-394f4a6aa5bc|rpc:10.1.0.147:42583|dataStream:|priority:1], old=null
2022-10-03 12:56:52,761 [grpc-default-executor-2] INFO  server.RaftServer$Division (RaftServerImpl.java:requestVote(1152)) - c0360714-498d-4f71-92fe-394f4a6aa5bc@group-64F9394126E2: receive requestVote(ELECTION, 50f5496c-ca8d-4e5d-a1d6-989fe0353439, group-64F9394126E2, 1, (t:0, i:0))
2022-10-03 12:56:52,761 [grpc-default-executor-2] INFO  impl.VoteContext (VoteContext.java:log(48)) - c0360714-498d-4f71-92fe-394f4a6aa5bc@group-64F9394126E2-FOLLOWER: reject ELECTION from 50f5496c-ca8d-4e5d-a1d6-989fe0353439: our priority 1 > candidate's priority 0
2022-10-03 12:56:52,761 [grpc-default-executor-2] INFO  server.RaftServer$Division (RaftServerImpl.java:setRole(299)) - c0360714-498d-4f71-92fe-394f4a6aa5bc@group-64F9394126E2: changes role from  FOLLOWER to FOLLOWER at term 1 for candidate:50f5496c-ca8d-4e5d-a1d6-989fe0353439
2022-10-03 12:56:52,761 [grpc-default-executor-2] INFO  impl.RoleInfo (RoleInfo.java:shutdownFollowerState(110)) - c0360714-498d-4f71-92fe-394f4a6aa5bc: shutdown c0360714-498d-4f71-92fe-394f4a6aa5bc@group-64F9394126E2-FollowerState
2022-10-03 12:56:52,762 [grpc-default-executor-2] INFO  impl.RoleInfo (RoleInfo.java:updateAndGet(139)) - c0360714-498d-4f71-92fe-394f4a6aa5bc: start c0360714-498d-4f71-92fe-394f4a6aa5bc@group-64F9394126E2-FollowerState
2022-10-03 12:56:52,762 [c0360714-498d-4f71-92fe-394f4a6aa5bc@group-64F9394126E2-FollowerState] INFO  impl.FollowerState (FollowerState.java:run(152)) - c0360714-498d-4f71-92fe-394f4a6aa5bc@group-64F9394126E2-FollowerState was interrupted
2022-10-03 12:56:52,763 [grpc-default-executor-2] INFO  server.RaftServer$Division (RaftServerImpl.java:requestVote(1184)) - c0360714-498d-4f71-92fe-394f4a6aa5bc@group-64F9394126E2 replies to ELECTION vote request: 50f5496c-ca8d-4e5d-a1d6-989fe0353439<-c0360714-498d-4f71-92fe-394f4a6aa5bc#0:FAIL-t1. Peer's state: c0360714-498d-4f71-92fe-394f4a6aa5bc@group-64F9394126E2:t1, leader=null, voted=null, raftlog=c0360714-498d-4f71-92fe-394f4a6aa5bc@group-64F9394126E2-SegmentedRaftLog:OPENED:c-1, conf=-1: [40965ae6-a020-46d7-9af0-6fa26a365fb3|rpc:10.1.0.147:43889|dataStream:|priority:0, 50f5496c-ca8d-4e5d-a1d6-989fe0353439|rpc:10.1.0.147:42361|dataStream:|priority:0, c0360714-498d-4f71-92fe-394f4a6aa5bc|rpc:10.1.0.147:42583|dataStream:|priority:1], old=null
2022-10-03 12:56:52,764 [50f5496c-ca8d-4e5d-a1d6-989fe0353439@group-64F9394126E2-LeaderElection46] INFO  impl.LeaderElection (LeaderElection.java:logAndReturn(90)) - 50f5496c-ca8d-4e5d-a1d6-989fe0353439@group-64F9394126E2-LeaderElection46: ELECTION REJECTED received 2 response(s) and 0 exception(s):
2022-10-03 12:56:52,764 [50f5496c-ca8d-4e5d-a1d6-989fe0353439@group-64F9394126E2-LeaderElection46] INFO  impl.LeaderElection (LeaderElection.java:logAndReturn(94)) -   Response 0: 50f5496c-ca8d-4e5d-a1d6-989fe0353439<-40965ae6-a020-46d7-9af0-6fa26a365fb3#0:OK-t1
2022-10-03 12:56:52,764 [50f5496c-ca8d-4e5d-a1d6-989fe0353439@group-64F9394126E2-LeaderElection46] INFO  impl.LeaderElection (LeaderElection.java:logAndReturn(94)) -   Response 1: 50f5496c-ca8d-4e5d-a1d6-989fe0353439<-c0360714-498d-4f71-92fe-394f4a6aa5bc#0:FAIL-t1
2022-10-03 12:56:52,764 [50f5496c-ca8d-4e5d-a1d6-989fe0353439@group-64F9394126E2-LeaderElection46] INFO  impl.LeaderElection (LeaderElection.java:askForVotes(312)) - 50f5496c-ca8d-4e5d-a1d6-989fe0353439@group-64F9394126E2-LeaderElection46 ELECTION round 0: result REJECTED
2022-10-03 12:56:52,764 [50f5496c-ca8d-4e5d-a1d6-989fe0353439@group-64F9394126E2-LeaderElection46] INFO  server.RaftServer$Division (RaftServerImpl.java:setRole(299)) - 50f5496c-ca8d-4e5d-a1d6-989fe0353439@group-64F9394126E2: changes role from CANDIDATE to FOLLOWER at term 1 for REJECTED
2022-10-03 12:56:52,764 [50f5496c-ca8d-4e5d-a1d6-989fe0353439@group-64F9394126E2-LeaderElection46] INFO  impl.RoleInfo (RoleInfo.java:shutdownLeaderElection(130)) - 50f5496c-ca8d-4e5d-a1d6-989fe0353439: shutdown 50f5496c-ca8d-4e5d-a1d6-989fe0353439@group-64F9394126E2-LeaderElection46
2022-10-03 12:56:52,764 [50f5496c-ca8d-4e5d-a1d6-989fe0353439@group-64F9394126E2-LeaderElection46] INFO  impl.RoleInfo (RoleInfo.java:updateAndGet(139)) - 50f5496c-ca8d-4e5d-a1d6-989fe0353439: start 50f5496c-ca8d-4e5d-a1d6-989fe0353439@group-64F9394126E2-FollowerState
2022-10-03 12:56:53,002 [40965ae6-a020-46d7-9af0-6fa26a365fb3@group-8BB95AAF28F4-FollowerState] INFO  impl.FollowerState (FollowerState.java:run(143)) - 40965ae6-a020-46d7-9af0-6fa26a365fb3@group-8BB95AAF28F4-FollowerState: change to CANDIDATE, lastRpcElapsedTime:5104805133ns, electionTimeout:5104ms
2022-10-03 12:56:53,002 [40965ae6-a020-46d7-9af0-6fa26a365fb3@group-8BB95AAF28F4-FollowerState] INFO  impl.RoleInfo (RoleInfo.java:shutdownFollowerState(110)) - 40965ae6-a020-46d7-9af0-6fa26a365fb3: shutdown 40965ae6-a020-46d7-9af0-6fa26a365fb3@group-8BB95AAF28F4-FollowerState
2022-10-03 12:56:53,002 [40965ae6-a020-46d7-9af0-6fa26a365fb3@group-8BB95AAF28F4-FollowerState] INFO  server.RaftServer$Division (RaftServerImpl.java:setRole(299)) - 40965ae6-a020-46d7-9af0-6fa26a365fb3@group-8BB95AAF28F4: changes role from  FOLLOWER to CANDIDATE at term 0 for changeToCandidate
2022-10-03 12:56:53,003 [40965ae6-a020-46d7-9af0-6fa26a365fb3@group-8BB95AAF28F4-FollowerState] INFO  server.RaftServerConfigKeys (ConfUtils.java:logGet(46)) - raft.server.leaderelection.pre-vote = false (custom)
2022-10-03 12:56:53,003 [40965ae6-a020-46d7-9af0-6fa26a365fb3@group-8BB95AAF28F4-FollowerState] INFO  impl.RoleInfo (RoleInfo.java:updateAndGet(139)) - 40965ae6-a020-46d7-9af0-6fa26a365fb3: start 40965ae6-a020-46d7-9af0-6fa26a365fb3@group-8BB95AAF28F4-LeaderElection47
2022-10-03 12:56:53,040 [40965ae6-a020-46d7-9af0-6fa26a365fb3@group-8BB95AAF28F4-LeaderElection47] INFO  impl.LeaderElection (LeaderElection.java:askForVotes(310)) - 40965ae6-a020-46d7-9af0-6fa26a365fb3@group-8BB95AAF28F4-LeaderElection47 ELECTION round 0: submit vote requests at term 1 for -1: [40965ae6-a020-46d7-9af0-6fa26a365fb3|rpc:10.1.0.147:43889|priority:1], old=null
2022-10-03 12:56:53,040 [40965ae6-a020-46d7-9af0-6fa26a365fb3@group-8BB95AAF28F4-LeaderElection47] INFO  impl.LeaderElection (LeaderElection.java:askForVotes(312)) - 40965ae6-a020-46d7-9af0-6fa26a365fb3@group-8BB95AAF28F4-LeaderElection47 ELECTION round 0: result PASSED (term=1)
2022-10-03 12:56:53,040 [40965ae6-a020-46d7-9af0-6fa26a365fb3@group-8BB95AAF28F4-LeaderElection47] INFO  impl.RoleInfo (RoleInfo.java:shutdownLeaderElection(130)) - 40965ae6-a020-46d7-9af0-6fa26a365fb3: shutdown 40965ae6-a020-46d7-9af0-6fa26a365fb3@group-8BB95AAF28F4-LeaderElection47
2022-10-03 12:56:53,040 [40965ae6-a020-46d7-9af0-6fa26a365fb3@group-8BB95AAF28F4-LeaderElection47] INFO  server.RaftServer$Division (RaftServerImpl.java:setRole(299)) - 40965ae6-a020-46d7-9af0-6fa26a365fb3@group-8BB95AAF28F4: changes role from CANDIDATE to LEADER at term 1 for changeToLeader
2022-10-03 12:56:53,040 [40965ae6-a020-46d7-9af0-6fa26a365fb3@group-8BB95AAF28F4-LeaderElection47] INFO  ratis.XceiverServerRatis (XceiverServerRatis.java:handleLeaderChangedNotification(863)) - Leader change notification received for group: group-8BB95AAF28F4 with new leaderId: 40965ae6-a020-46d7-9af0-6fa26a365fb3
2022-10-03 12:56:53,041 [40965ae6-a020-46d7-9af0-6fa26a365fb3@group-8BB95AAF28F4-LeaderElection47] INFO  server.RaftServer$Division (ServerState.java:setLeader(287)) - 40965ae6-a020-46d7-9af0-6fa26a365fb3@group-8BB95AAF28F4: change Leader from null to 40965ae6-a020-46d7-9af0-6fa26a365fb3 at term 1 for becomeLeader, leader elected after 5177ms
2022-10-03 12:56:53,041 [40965ae6-a020-46d7-9af0-6fa26a365fb3@group-8BB95AAF28F4-LeaderElection47] INFO  server.RaftServerConfigKeys (ConfUtils.java:logGet(46)) - raft.server.staging.catchup.gap = 1000 (default)
2022-10-03 12:56:53,041 [40965ae6-a020-46d7-9af0-6fa26a365fb3@group-8BB95AAF28F4-LeaderElection47] INFO  server.RaftServerConfigKeys (ConfUtils.java:logGet(46)) - raft.server.write.element-limit = 1024 (custom)
2022-10-03 12:56:53,041 [40965ae6-a020-46d7-9af0-6fa26a365fb3@group-8BB95AAF28F4-LeaderElection47] INFO  server.RaftServerConfigKeys (ConfUtils.java:logGet(46)) - raft.server.write.byte-limit = 1024 M (=1073741824) (custom)
2022-10-03 12:56:53,041 [40965ae6-a020-46d7-9af0-6fa26a365fb3@group-8BB95AAF28F4-LeaderElection47] INFO  server.RaftServerConfigKeys (ConfUtils.java:logGet(46)) - raft.server.watch.timeout = 180s (custom)
2022-10-03 12:56:53,041 [40965ae6-a020-46d7-9af0-6fa26a365fb3@group-8BB95AAF28F4-LeaderElection47] INFO  server.RaftServerConfigKeys (ConfUtils.java:logGet(46)) - raft.server.watch.timeout.denomination = 1s (default)
2022-10-03 12:56:53,041 [40965ae6-a020-46d7-9af0-6fa26a365fb3@group-8BB95AAF28F4-LeaderElection47] INFO  server.RaftServerConfigKeys (ConfUtils.java:logGet(46)) - raft.server.watch.element-limit = 65536 (default)
2022-10-03 12:56:53,042 [40965ae6-a020-46d7-9af0-6fa26a365fb3@group-8BB95AAF28F4-LeaderElection47] INFO  server.RaftServerConfigKeys (ConfUtils.java:logGet(46)) - raft.server.write.element-limit = 1024 (custom)
2022-10-03 12:56:53,042 [40965ae6-a020-46d7-9af0-6fa26a365fb3@group-8BB95AAF28F4-LeaderElection47] INFO  server.RaftServerConfigKeys (ConfUtils.java:logGet(46)) - raft.server.write.follower.gap.ratio.max = -1.0 (default)
2022-10-03 12:56:53,042 [40965ae6-a020-46d7-9af0-6fa26a365fb3@group-8BB95AAF28F4-LeaderElection47] INFO  impl.RoleInfo (RoleInfo.java:updateAndGet(139)) - 40965ae6-a020-46d7-9af0-6fa26a365fb3: start 40965ae6-a020-46d7-9af0-6fa26a365fb3@group-8BB95AAF28F4-LeaderStateImpl
2022-10-03 12:56:53,042 [40965ae6-a020-46d7-9af0-6fa26a365fb3@group-8BB95AAF28F4-LeaderElection47] INFO  segmented.SegmentedRaftLogWorker (SegmentedRaftLogWorker.java:startLogSegment(425)) - 40965ae6-a020-46d7-9af0-6fa26a365fb3@group-8BB95AAF28F4-SegmentedRaftLogWorker: Starting segment from index:0
2022-10-03 12:56:53,046 [40965ae6-a020-46d7-9af0-6fa26a365fb3@group-8BB95AAF28F4-SegmentedRaftLogWorker] INFO  segmented.SegmentedRaftLogWorker (SegmentedRaftLogWorker.java:execute(629)) - 40965ae6-a020-46d7-9af0-6fa26a365fb3@group-8BB95AAF28F4-SegmentedRaftLogWorker: created new log segment /home/runner/work/ozone/ozone/hadoop-ozone/integration-test/target/test-dir/MiniOzoneClusterImpl-01f267b2-e4ec-44eb-81f8-9e98a03d735c/datanode-1/data/ratis/cda968c7-d754-49f9-bd3b-8bb95aaf28f4/current/log_inprogress_0
2022-10-03 12:56:53,051 [EventQueue-OpenPipelineForHealthyPipelineSafeModeRule] INFO  safemode.SCMSafeModeManager (HealthyPipelineSafeModeRule.java:process(137)) - SCM in safe mode. Healthy pipelines reported count is 0, required healthy pipeline reported count is 1
2022-10-03 12:56:53,093 [40965ae6-a020-46d7-9af0-6fa26a365fb3@group-8BB95AAF28F4-LeaderElection47] INFO  server.RaftServer$Division (ServerState.java:setRaftConf(393)) - 40965ae6-a020-46d7-9af0-6fa26a365fb3@group-8BB95AAF28F4: set configuration 0: [40965ae6-a020-46d7-9af0-6fa26a365fb3|rpc:10.1.0.147:43889|dataStream:|priority:1], old=null
2022-10-03 12:56:53,557 [Listener at 127.0.0.1/36433] INFO  ozone.MiniOzoneClusterImpl (MiniOzoneClusterImpl.java:lambda$waitForClusterToBeReady$0(216)) - Nodes are ready. Got 3 of 3 DN Heartbeats.
2022-10-03 12:56:53,557 [Listener at 127.0.0.1/36433] INFO  ozone.MiniOzoneClusterImpl (MiniOzoneClusterImpl.java:lambda$waitForClusterToBeReady$0(219)) - Waiting for cluster to exit safe mode
2022-10-03 12:56:53,557 [Listener at 127.0.0.1/36433] INFO  ozone.MiniOzoneClusterImpl (MiniOzoneClusterImpl.java:lambda$waitForClusterToBeReady$0(221)) - SCM became leader
2022-10-03 12:56:53,872 [c0360714-498d-4f71-92fe-394f4a6aa5bc@group-BA24C3F04E93-FollowerState] INFO  impl.FollowerState (FollowerState.java:run(143)) - c0360714-498d-4f71-92fe-394f4a6aa5bc@group-BA24C3F04E93-FollowerState: change to CANDIDATE, lastRpcElapsedTime:5212451246ns, electionTimeout:5198ms
2022-10-03 12:56:53,872 [c0360714-498d-4f71-92fe-394f4a6aa5bc@group-BA24C3F04E93-FollowerState] INFO  impl.RoleInfo (RoleInfo.java:shutdownFollowerState(110)) - c0360714-498d-4f71-92fe-394f4a6aa5bc: shutdown c0360714-498d-4f71-92fe-394f4a6aa5bc@group-BA24C3F04E93-FollowerState
2022-10-03 12:56:53,872 [c0360714-498d-4f71-92fe-394f4a6aa5bc@group-BA24C3F04E93-FollowerState] INFO  server.RaftServer$Division (RaftServerImpl.java:setRole(299)) - c0360714-498d-4f71-92fe-394f4a6aa5bc@group-BA24C3F04E93: changes role from  FOLLOWER to CANDIDATE at term 0 for changeToCandidate
2022-10-03 12:56:53,872 [c0360714-498d-4f71-92fe-394f4a6aa5bc@group-BA24C3F04E93-FollowerState] INFO  server.RaftServerConfigKeys (ConfUtils.java:logGet(46)) - raft.server.leaderelection.pre-vote = false (custom)
2022-10-03 12:56:53,872 [c0360714-498d-4f71-92fe-394f4a6aa5bc@group-BA24C3F04E93-FollowerState] INFO  impl.RoleInfo (RoleInfo.java:updateAndGet(139)) - c0360714-498d-4f71-92fe-394f4a6aa5bc: start c0360714-498d-4f71-92fe-394f4a6aa5bc@group-BA24C3F04E93-LeaderElection48
2022-10-03 12:56:53,889 [c0360714-498d-4f71-92fe-394f4a6aa5bc@group-BA24C3F04E93-LeaderElection48] INFO  impl.LeaderElection (LeaderElection.java:askForVotes(310)) - c0360714-498d-4f71-92fe-394f4a6aa5bc@group-BA24C3F04E93-LeaderElection48 ELECTION round 0: submit vote requests at term 1 for -1: [c0360714-498d-4f71-92fe-394f4a6aa5bc|rpc:10.1.0.147:42583|priority:1], old=null
2022-10-03 12:56:53,889 [c0360714-498d-4f71-92fe-394f4a6aa5bc@group-BA24C3F04E93-LeaderElection48] INFO  impl.LeaderElection (LeaderElection.java:askForVotes(312)) - c0360714-498d-4f71-92fe-394f4a6aa5bc@group-BA24C3F04E93-LeaderElection48 ELECTION round 0: result PASSED (term=1)
2022-10-03 12:56:53,889 [c0360714-498d-4f71-92fe-394f4a6aa5bc@group-BA24C3F04E93-LeaderElection48] INFO  impl.RoleInfo (RoleInfo.java:shutdownLeaderElection(130)) - c0360714-498d-4f71-92fe-394f4a6aa5bc: shutdown c0360714-498d-4f71-92fe-394f4a6aa5bc@group-BA24C3F04E93-LeaderElection48
2022-10-03 12:56:53,889 [c0360714-498d-4f71-92fe-394f4a6aa5bc@group-BA24C3F04E93-LeaderElection48] INFO  server.RaftServer$Division (RaftServerImpl.java:setRole(299)) - c0360714-498d-4f71-92fe-394f4a6aa5bc@group-BA24C3F04E93: changes role from CANDIDATE to LEADER at term 1 for changeToLeader
2022-10-03 12:56:53,889 [c0360714-498d-4f71-92fe-394f4a6aa5bc@group-BA24C3F04E93-LeaderElection48] INFO  ratis.XceiverServerRatis (XceiverServerRatis.java:handleLeaderChangedNotification(863)) - Leader change notification received for group: group-BA24C3F04E93 with new leaderId: c0360714-498d-4f71-92fe-394f4a6aa5bc
2022-10-03 12:56:53,891 [EventQueue-OpenPipelineForHealthyPipelineSafeModeRule] INFO  safemode.SCMSafeModeManager (HealthyPipelineSafeModeRule.java:process(137)) - SCM in safe mode. Healthy pipelines reported count is 0, required healthy pipeline reported count is 1
2022-10-03 12:56:53,892 [c0360714-498d-4f71-92fe-394f4a6aa5bc@group-BA24C3F04E93-LeaderElection48] INFO  server.RaftServer$Division (ServerState.java:setLeader(287)) - c0360714-498d-4f71-92fe-394f4a6aa5bc@group-BA24C3F04E93: change Leader from null to c0360714-498d-4f71-92fe-394f4a6aa5bc at term 1 for becomeLeader, leader elected after 5252ms
2022-10-03 12:56:53,892 [c0360714-498d-4f71-92fe-394f4a6aa5bc@group-BA24C3F04E93-LeaderElection48] INFO  server.RaftServerConfigKeys (ConfUtils.java:logGet(46)) - raft.server.staging.catchup.gap = 1000 (default)
2022-10-03 12:56:53,892 [c0360714-498d-4f71-92fe-394f4a6aa5bc@group-BA24C3F04E93-LeaderElection48] INFO  server.RaftServerConfigKeys (ConfUtils.java:logGet(46)) - raft.server.write.element-limit = 1024 (custom)
2022-10-03 12:56:53,892 [c0360714-498d-4f71-92fe-394f4a6aa5bc@group-BA24C3F04E93-LeaderElection48] INFO  server.RaftServerConfigKeys (ConfUtils.java:logGet(46)) - raft.server.write.byte-limit = 1024 M (=1073741824) (custom)
2022-10-03 12:56:53,893 [c0360714-498d-4f71-92fe-394f4a6aa5bc@group-BA24C3F04E93-LeaderElection48] INFO  server.RaftServerConfigKeys (ConfUtils.java:logGet(46)) - raft.server.watch.timeout = 180s (custom)
2022-10-03 12:56:53,893 [c0360714-498d-4f71-92fe-394f4a6aa5bc@group-BA24C3F04E93-LeaderElection48] INFO  server.RaftServerConfigKeys (ConfUtils.java:logGet(46)) - raft.server.watch.timeout.denomination = 1s (default)
2022-10-03 12:56:53,893 [c0360714-498d-4f71-92fe-394f4a6aa5bc@group-BA24C3F04E93-LeaderElection48] INFO  server.RaftServerConfigKeys (ConfUtils.java:logGet(46)) - raft.server.watch.element-limit = 65536 (default)
2022-10-03 12:56:53,893 [c0360714-498d-4f71-92fe-394f4a6aa5bc@group-BA24C3F04E93-LeaderElection48] INFO  server.RaftServerConfigKeys (ConfUtils.java:logGet(46)) - raft.server.write.element-limit = 1024 (custom)
2022-10-03 12:56:53,893 [c0360714-498d-4f71-92fe-394f4a6aa5bc@group-BA24C3F04E93-LeaderElection48] INFO  server.RaftServerConfigKeys (ConfUtils.java:logGet(46)) - raft.server.write.follower.gap.ratio.max = -1.0 (default)
2022-10-03 12:56:53,893 [c0360714-498d-4f71-92fe-394f4a6aa5bc@group-BA24C3F04E93-LeaderElection48] INFO  impl.RoleInfo (RoleInfo.java:updateAndGet(139)) - c0360714-498d-4f71-92fe-394f4a6aa5bc: start c0360714-498d-4f71-92fe-394f4a6aa5bc@group-BA24C3F04E93-LeaderStateImpl
2022-10-03 12:56:53,905 [c0360714-498d-4f71-92fe-394f4a6aa5bc@group-BA24C3F04E93-LeaderElection48] INFO  segmented.SegmentedRaftLogWorker (SegmentedRaftLogWorker.java:startLogSegment(425)) - c0360714-498d-4f71-92fe-394f4a6aa5bc@group-BA24C3F04E93-SegmentedRaftLogWorker: Starting segment from index:0
2022-10-03 12:56:53,906 [c0360714-498d-4f71-92fe-394f4a6aa5bc@group-BA24C3F04E93-SegmentedRaftLogWorker] INFO  segmented.SegmentedRaftLogWorker (SegmentedRaftLogWorker.java:execute(629)) - c0360714-498d-4f71-92fe-394f4a6aa5bc@group-BA24C3F04E93-SegmentedRaftLogWorker: created new log segment /home/runner/work/ozone/ozone/hadoop-ozone/integration-test/target/test-dir/MiniOzoneClusterImpl-01f267b2-e4ec-44eb-81f8-9e98a03d735c/datanode-2/data/ratis/95e52e31-3765-400d-9c7c-ba24c3f04e93/current/log_inprogress_0
2022-10-03 12:56:53,972 [c0360714-498d-4f71-92fe-394f4a6aa5bc@group-BA24C3F04E93-LeaderElection48] INFO  server.RaftServer$Division (ServerState.java:setRaftConf(393)) - c0360714-498d-4f71-92fe-394f4a6aa5bc@group-BA24C3F04E93: set configuration 0: [c0360714-498d-4f71-92fe-394f4a6aa5bc|rpc:10.1.0.147:42583|dataStream:|priority:1], old=null
2022-10-03 12:56:54,558 [Listener at 127.0.0.1/36433] INFO  ozone.MiniOzoneClusterImpl (MiniOzoneClusterImpl.java:lambda$waitForClusterToBeReady$0(216)) - Nodes are ready. Got 3 of 3 DN Heartbeats.
2022-10-03 12:56:54,558 [Listener at 127.0.0.1/36433] INFO  ozone.MiniOzoneClusterImpl (MiniOzoneClusterImpl.java:lambda$waitForClusterToBeReady$0(219)) - Waiting for cluster to exit safe mode
2022-10-03 12:56:54,558 [Listener at 127.0.0.1/36433] INFO  ozone.MiniOzoneClusterImpl (MiniOzoneClusterImpl.java:lambda$waitForClusterToBeReady$0(221)) - SCM became leader
2022-10-03 12:56:55,558 [Listener at 127.0.0.1/36433] INFO  ozone.MiniOzoneClusterImpl (MiniOzoneClusterImpl.java:lambda$waitForClusterToBeReady$0(216)) - Nodes are ready. Got 3 of 3 DN Heartbeats.
2022-10-03 12:56:55,558 [Listener at 127.0.0.1/36433] INFO  ozone.MiniOzoneClusterImpl (MiniOzoneClusterImpl.java:lambda$waitForClusterToBeReady$0(219)) - Waiting for cluster to exit safe mode
2022-10-03 12:56:55,558 [Listener at 127.0.0.1/36433] INFO  ozone.MiniOzoneClusterImpl (MiniOzoneClusterImpl.java:lambda$waitForClusterToBeReady$0(221)) - SCM became leader
2022-10-03 12:56:56,561 [Listener at 127.0.0.1/36433] INFO  ozone.MiniOzoneClusterImpl (MiniOzoneClusterImpl.java:lambda$waitForClusterToBeReady$0(216)) - Nodes are ready. Got 3 of 3 DN Heartbeats.
2022-10-03 12:56:56,561 [Listener at 127.0.0.1/36433] INFO  ozone.MiniOzoneClusterImpl (MiniOzoneClusterImpl.java:lambda$waitForClusterToBeReady$0(219)) - Waiting for cluster to exit safe mode
2022-10-03 12:56:56,561 [Listener at 127.0.0.1/36433] INFO  ozone.MiniOzoneClusterImpl (MiniOzoneClusterImpl.java:lambda$waitForClusterToBeReady$0(221)) - SCM became leader
2022-10-03 12:56:57,249 [40965ae6-a020-46d7-9af0-6fa26a365fb3@group-20325CDD31CE-FollowerState] INFO  impl.FollowerState (FollowerState.java:run(143)) - 40965ae6-a020-46d7-9af0-6fa26a365fb3@group-20325CDD31CE-FollowerState: change to CANDIDATE, lastRpcElapsedTime:5059264922ns, electionTimeout:5045ms
2022-10-03 12:56:57,249 [40965ae6-a020-46d7-9af0-6fa26a365fb3@group-20325CDD31CE-FollowerState] INFO  impl.RoleInfo (RoleInfo.java:shutdownFollowerState(110)) - 40965ae6-a020-46d7-9af0-6fa26a365fb3: shutdown 40965ae6-a020-46d7-9af0-6fa26a365fb3@group-20325CDD31CE-FollowerState
2022-10-03 12:56:57,249 [40965ae6-a020-46d7-9af0-6fa26a365fb3@group-20325CDD31CE-FollowerState] INFO  server.RaftServer$Division (RaftServerImpl.java:setRole(299)) - 40965ae6-a020-46d7-9af0-6fa26a365fb3@group-20325CDD31CE: changes role from  FOLLOWER to CANDIDATE at term 1 for changeToCandidate
2022-10-03 12:56:57,250 [40965ae6-a020-46d7-9af0-6fa26a365fb3@group-20325CDD31CE-FollowerState] INFO  server.RaftServerConfigKeys (ConfUtils.java:logGet(46)) - raft.server.leaderelection.pre-vote = false (custom)
2022-10-03 12:56:57,250 [40965ae6-a020-46d7-9af0-6fa26a365fb3@group-20325CDD31CE-FollowerState] INFO  impl.RoleInfo (RoleInfo.java:updateAndGet(139)) - 40965ae6-a020-46d7-9af0-6fa26a365fb3: start 40965ae6-a020-46d7-9af0-6fa26a365fb3@group-20325CDD31CE-LeaderElection49
2022-10-03 12:56:57,270 [c0360714-498d-4f71-92fe-394f4a6aa5bc@group-20325CDD31CE-FollowerState] INFO  impl.FollowerState (FollowerState.java:run(143)) - c0360714-498d-4f71-92fe-394f4a6aa5bc@group-20325CDD31CE-FollowerState: change to CANDIDATE, lastRpcElapsedTime:5061731022ns, electionTimeout:5050ms
2022-10-03 12:56:57,270 [c0360714-498d-4f71-92fe-394f4a6aa5bc@group-20325CDD31CE-FollowerState] INFO  impl.RoleInfo (RoleInfo.java:shutdownFollowerState(110)) - c0360714-498d-4f71-92fe-394f4a6aa5bc: shutdown c0360714-498d-4f71-92fe-394f4a6aa5bc@group-20325CDD31CE-FollowerState
2022-10-03 12:56:57,270 [c0360714-498d-4f71-92fe-394f4a6aa5bc@group-20325CDD31CE-FollowerState] INFO  server.RaftServer$Division (RaftServerImpl.java:setRole(299)) - c0360714-498d-4f71-92fe-394f4a6aa5bc@group-20325CDD31CE: changes role from  FOLLOWER to CANDIDATE at term 1 for changeToCandidate
2022-10-03 12:56:57,270 [c0360714-498d-4f71-92fe-394f4a6aa5bc@group-20325CDD31CE-FollowerState] INFO  server.RaftServerConfigKeys (ConfUtils.java:logGet(46)) - raft.server.leaderelection.pre-vote = false (custom)
2022-10-03 12:56:57,270 [c0360714-498d-4f71-92fe-394f4a6aa5bc@group-20325CDD31CE-FollowerState] INFO  impl.RoleInfo (RoleInfo.java:updateAndGet(139)) - c0360714-498d-4f71-92fe-394f4a6aa5bc: start c0360714-498d-4f71-92fe-394f4a6aa5bc@group-20325CDD31CE-LeaderElection50
2022-10-03 12:56:57,290 [50f5496c-ca8d-4e5d-a1d6-989fe0353439@group-20325CDD31CE-FollowerState] INFO  impl.FollowerState (FollowerState.java:run(143)) - 50f5496c-ca8d-4e5d-a1d6-989fe0353439@group-20325CDD31CE-FollowerState: change to CANDIDATE, lastRpcElapsedTime:5094026227ns, electionTimeout:5070ms
2022-10-03 12:56:57,290 [50f5496c-ca8d-4e5d-a1d6-989fe0353439@group-20325CDD31CE-FollowerState] INFO  impl.RoleInfo (RoleInfo.java:shutdownFollowerState(110)) - 50f5496c-ca8d-4e5d-a1d6-989fe0353439: shutdown 50f5496c-ca8d-4e5d-a1d6-989fe0353439@group-20325CDD31CE-FollowerState
2022-10-03 12:56:57,290 [50f5496c-ca8d-4e5d-a1d6-989fe0353439@group-20325CDD31CE-FollowerState] INFO  server.RaftServer$Division (RaftServerImpl.java:setRole(299)) - 50f5496c-ca8d-4e5d-a1d6-989fe0353439@group-20325CDD31CE: changes role from  FOLLOWER to CANDIDATE at term 1 for changeToCandidate
2022-10-03 12:56:57,290 [50f5496c-ca8d-4e5d-a1d6-989fe0353439@group-20325CDD31CE-FollowerState] INFO  server.RaftServerConfigKeys (ConfUtils.java:logGet(46)) - raft.server.leaderelection.pre-vote = false (custom)
2022-10-03 12:56:57,290 [50f5496c-ca8d-4e5d-a1d6-989fe0353439@group-20325CDD31CE-FollowerState] INFO  impl.RoleInfo (RoleInfo.java:updateAndGet(139)) - 50f5496c-ca8d-4e5d-a1d6-989fe0353439: start 50f5496c-ca8d-4e5d-a1d6-989fe0353439@group-20325CDD31CE-LeaderElection51
2022-10-03 12:56:57,301 [c0360714-498d-4f71-92fe-394f4a6aa5bc@group-20325CDD31CE-LeaderElection50] INFO  impl.LeaderElection (LeaderElection.java:askForVotes(310)) - c0360714-498d-4f71-92fe-394f4a6aa5bc@group-20325CDD31CE-LeaderElection50 ELECTION round 0: submit vote requests at term 2 for -1: [40965ae6-a020-46d7-9af0-6fa26a365fb3|rpc:10.1.0.147:43889|dataStream:|priority:1, 50f5496c-ca8d-4e5d-a1d6-989fe0353439|rpc:10.1.0.147:42361|dataStream:|priority:0, c0360714-498d-4f71-92fe-394f4a6aa5bc|rpc:10.1.0.147:42583|dataStream:|priority:0], old=null
2022-10-03 12:56:57,310 [40965ae6-a020-46d7-9af0-6fa26a365fb3@group-20325CDD31CE-LeaderElection49] INFO  impl.LeaderElection (LeaderElection.java:askForVotes(310)) - 40965ae6-a020-46d7-9af0-6fa26a365fb3@group-20325CDD31CE-LeaderElection49 ELECTION round 0: submit vote requests at term 2 for -1: [40965ae6-a020-46d7-9af0-6fa26a365fb3|rpc:10.1.0.147:43889|dataStream:|priority:1, 50f5496c-ca8d-4e5d-a1d6-989fe0353439|rpc:10.1.0.147:42361|dataStream:|priority:0, c0360714-498d-4f71-92fe-394f4a6aa5bc|rpc:10.1.0.147:42583|dataStream:|priority:0], old=null
2022-10-03 12:56:57,342 [50f5496c-ca8d-4e5d-a1d6-989fe0353439@group-20325CDD31CE-LeaderElection51] INFO  impl.LeaderElection (LeaderElection.java:askForVotes(310)) - 50f5496c-ca8d-4e5d-a1d6-989fe0353439@group-20325CDD31CE-LeaderElection51 ELECTION round 0: submit vote requests at term 2 for -1: [40965ae6-a020-46d7-9af0-6fa26a365fb3|rpc:10.1.0.147:43889|priority:1, 50f5496c-ca8d-4e5d-a1d6-989fe0353439|rpc:10.1.0.147:42361|priority:0, c0360714-498d-4f71-92fe-394f4a6aa5bc|rpc:10.1.0.147:42583|priority:0], old=null
2022-10-03 12:56:57,461 [grpc-default-executor-1] INFO  server.RaftServer$Division (RaftServerImpl.java:requestVote(1152)) - 40965ae6-a020-46d7-9af0-6fa26a365fb3@group-20325CDD31CE: receive requestVote(ELECTION, c0360714-498d-4f71-92fe-394f4a6aa5bc, group-20325CDD31CE, 2, (t:0, i:0))
2022-10-03 12:56:57,461 [grpc-default-executor-0] INFO  server.RaftServer$Division (RaftServerImpl.java:requestVote(1152)) - c0360714-498d-4f71-92fe-394f4a6aa5bc@group-20325CDD31CE: receive requestVote(ELECTION, 50f5496c-ca8d-4e5d-a1d6-989fe0353439, group-20325CDD31CE, 2, (t:0, i:0))
2022-10-03 12:56:57,461 [grpc-default-executor-0] INFO  impl.VoteContext (VoteContext.java:log(48)) - c0360714-498d-4f71-92fe-394f4a6aa5bc@group-20325CDD31CE-CANDIDATE: reject ELECTION from 50f5496c-ca8d-4e5d-a1d6-989fe0353439: already has voted for c0360714-498d-4f71-92fe-394f4a6aa5bc at current term 2
2022-10-03 12:56:57,461 [grpc-default-executor-0] INFO  server.RaftServer$Division (RaftServerImpl.java:requestVote(1184)) - c0360714-498d-4f71-92fe-394f4a6aa5bc@group-20325CDD31CE replies to ELECTION vote request: 50f5496c-ca8d-4e5d-a1d6-989fe0353439<-c0360714-498d-4f71-92fe-394f4a6aa5bc#0:FAIL-t2. Peer's state: c0360714-498d-4f71-92fe-394f4a6aa5bc@group-20325CDD31CE:t2, leader=null, voted=c0360714-498d-4f71-92fe-394f4a6aa5bc, raftlog=c0360714-498d-4f71-92fe-394f4a6aa5bc@group-20325CDD31CE-SegmentedRaftLog:OPENED:c-1, conf=-1: [40965ae6-a020-46d7-9af0-6fa26a365fb3|rpc:10.1.0.147:43889|dataStream:|priority:1, 50f5496c-ca8d-4e5d-a1d6-989fe0353439|rpc:10.1.0.147:42361|dataStream:|priority:0, c0360714-498d-4f71-92fe-394f4a6aa5bc|rpc:10.1.0.147:42583|dataStream:|priority:0], old=null
2022-10-03 12:56:57,462 [grpc-default-executor-2] INFO  server.RaftServer$Division (RaftServerImpl.java:requestVote(1152)) - 40965ae6-a020-46d7-9af0-6fa26a365fb3@group-20325CDD31CE: receive requestVote(ELECTION, 50f5496c-ca8d-4e5d-a1d6-989fe0353439, group-20325CDD31CE, 2, (t:0, i:0))
2022-10-03 12:56:57,461 [grpc-default-executor-1] INFO  impl.VoteContext (VoteContext.java:log(48)) - 40965ae6-a020-46d7-9af0-6fa26a365fb3@group-20325CDD31CE-CANDIDATE: reject ELECTION from c0360714-498d-4f71-92fe-394f4a6aa5bc: already has voted for 40965ae6-a020-46d7-9af0-6fa26a365fb3 at current term 2
2022-10-03 12:56:57,463 [grpc-default-executor-1] INFO  server.RaftServer$Division (RaftServerImpl.java:requestVote(1184)) - 40965ae6-a020-46d7-9af0-6fa26a365fb3@group-20325CDD31CE replies to ELECTION vote request: c0360714-498d-4f71-92fe-394f4a6aa5bc<-40965ae6-a020-46d7-9af0-6fa26a365fb3#0:FAIL-t2. Peer's state: 40965ae6-a020-46d7-9af0-6fa26a365fb3@group-20325CDD31CE:t2, leader=null, voted=40965ae6-a020-46d7-9af0-6fa26a365fb3, raftlog=40965ae6-a020-46d7-9af0-6fa26a365fb3@group-20325CDD31CE-SegmentedRaftLog:OPENED:c-1, conf=-1: [40965ae6-a020-46d7-9af0-6fa26a365fb3|rpc:10.1.0.147:43889|dataStream:|priority:1, 50f5496c-ca8d-4e5d-a1d6-989fe0353439|rpc:10.1.0.147:42361|dataStream:|priority:0, c0360714-498d-4f71-92fe-394f4a6aa5bc|rpc:10.1.0.147:42583|dataStream:|priority:0], old=null
2022-10-03 12:56:57,463 [grpc-default-executor-2] INFO  impl.VoteContext (VoteContext.java:log(48)) - 40965ae6-a020-46d7-9af0-6fa26a365fb3@group-20325CDD31CE-CANDIDATE: reject ELECTION from 50f5496c-ca8d-4e5d-a1d6-989fe0353439: already has voted for 40965ae6-a020-46d7-9af0-6fa26a365fb3 at current term 2
2022-10-03 12:56:57,463 [grpc-default-executor-2] INFO  server.RaftServer$Division (RaftServerImpl.java:requestVote(1184)) - 40965ae6-a020-46d7-9af0-6fa26a365fb3@group-20325CDD31CE replies to ELECTION vote request: 50f5496c-ca8d-4e5d-a1d6-989fe0353439<-40965ae6-a020-46d7-9af0-6fa26a365fb3#0:FAIL-t2. Peer's state: 40965ae6-a020-46d7-9af0-6fa26a365fb3@group-20325CDD31CE:t2, leader=null, voted=40965ae6-a020-46d7-9af0-6fa26a365fb3, raftlog=40965ae6-a020-46d7-9af0-6fa26a365fb3@group-20325CDD31CE-SegmentedRaftLog:OPENED:c-1, conf=-1: [40965ae6-a020-46d7-9af0-6fa26a365fb3|rpc:10.1.0.147:43889|dataStream:|priority:1, 50f5496c-ca8d-4e5d-a1d6-989fe0353439|rpc:10.1.0.147:42361|dataStream:|priority:0, c0360714-498d-4f71-92fe-394f4a6aa5bc|rpc:10.1.0.147:42583|dataStream:|priority:0], old=null
2022-10-03 12:56:57,465 [grpc-default-executor-3] INFO  server.RaftServer$Division (RaftServerImpl.java:requestVote(1152)) - 50f5496c-ca8d-4e5d-a1d6-989fe0353439@group-20325CDD31CE: receive requestVote(ELECTION, c0360714-498d-4f71-92fe-394f4a6aa5bc, group-20325CDD31CE, 2, (t:0, i:0))
2022-10-03 12:56:57,465 [grpc-default-executor-3] INFO  impl.VoteContext (VoteContext.java:log(48)) - 50f5496c-ca8d-4e5d-a1d6-989fe0353439@group-20325CDD31CE-CANDIDATE: reject ELECTION from c0360714-498d-4f71-92fe-394f4a6aa5bc: already has voted for 50f5496c-ca8d-4e5d-a1d6-989fe0353439 at current term 2
2022-10-03 12:56:57,465 [grpc-default-executor-3] INFO  server.RaftServer$Division (RaftServerImpl.java:requestVote(1184)) - 50f5496c-ca8d-4e5d-a1d6-989fe0353439@group-20325CDD31CE replies to ELECTION vote request: c0360714-498d-4f71-92fe-394f4a6aa5bc<-50f5496c-ca8d-4e5d-a1d6-989fe0353439#0:FAIL-t2. Peer's state: 50f5496c-ca8d-4e5d-a1d6-989fe0353439@group-20325CDD31CE:t2, leader=null, voted=50f5496c-ca8d-4e5d-a1d6-989fe0353439, raftlog=50f5496c-ca8d-4e5d-a1d6-989fe0353439@group-20325CDD31CE-SegmentedRaftLog:OPENED:c-1, conf=-1: [40965ae6-a020-46d7-9af0-6fa26a365fb3|rpc:10.1.0.147:43889|priority:1, 50f5496c-ca8d-4e5d-a1d6-989fe0353439|rpc:10.1.0.147:42361|priority:0, c0360714-498d-4f71-92fe-394f4a6aa5bc|rpc:10.1.0.147:42583|priority:0], old=null
2022-10-03 12:56:57,467 [grpc-default-executor-4] INFO  server.RaftServer$Division (RaftServerImpl.java:requestVote(1152)) - 50f5496c-ca8d-4e5d-a1d6-989fe0353439@group-20325CDD31CE: receive requestVote(ELECTION, 40965ae6-a020-46d7-9af0-6fa26a365fb3, group-20325CDD31CE, 2, (t:0, i:0))
2022-10-03 12:56:57,467 [grpc-default-executor-4] INFO  impl.VoteContext (VoteContext.java:log(48)) - 50f5496c-ca8d-4e5d-a1d6-989fe0353439@group-20325CDD31CE-CANDIDATE: reject ELECTION from 40965ae6-a020-46d7-9af0-6fa26a365fb3: already has voted for 50f5496c-ca8d-4e5d-a1d6-989fe0353439 at current term 2
2022-10-03 12:56:57,467 [grpc-default-executor-4] INFO  server.RaftServer$Division (RaftServerImpl.java:requestVote(1184)) - 50f5496c-ca8d-4e5d-a1d6-989fe0353439@group-20325CDD31CE replies to ELECTION vote request: 40965ae6-a020-46d7-9af0-6fa26a365fb3<-50f5496c-ca8d-4e5d-a1d6-989fe0353439#0:FAIL-t2. Peer's state: 50f5496c-ca8d-4e5d-a1d6-989fe0353439@group-20325CDD31CE:t2, leader=null, voted=50f5496c-ca8d-4e5d-a1d6-989fe0353439, raftlog=50f5496c-ca8d-4e5d-a1d6-989fe0353439@group-20325CDD31CE-SegmentedRaftLog:OPENED:c-1, conf=-1: [40965ae6-a020-46d7-9af0-6fa26a365fb3|rpc:10.1.0.147:43889|priority:1, 50f5496c-ca8d-4e5d-a1d6-989fe0353439|rpc:10.1.0.147:42361|priority:0, c0360714-498d-4f71-92fe-394f4a6aa5bc|rpc:10.1.0.147:42583|priority:0], old=null
2022-10-03 12:56:57,491 [50f5496c-ca8d-4e5d-a1d6-989fe0353439@group-20325CDD31CE-LeaderElection51] INFO  impl.LeaderElection (LeaderElection.java:logAndReturn(90)) - 50f5496c-ca8d-4e5d-a1d6-989fe0353439@group-20325CDD31CE-LeaderElection51: ELECTION REJECTED received 2 response(s) and 0 exception(s):
2022-10-03 12:56:57,491 [50f5496c-ca8d-4e5d-a1d6-989fe0353439@group-20325CDD31CE-LeaderElection51] INFO  impl.LeaderElection (LeaderElection.java:logAndReturn(94)) -   Response 0: 50f5496c-ca8d-4e5d-a1d6-989fe0353439<-40965ae6-a020-46d7-9af0-6fa26a365fb3#0:FAIL-t2
2022-10-03 12:56:57,491 [50f5496c-ca8d-4e5d-a1d6-989fe0353439@group-20325CDD31CE-LeaderElection51] INFO  impl.LeaderElection (LeaderElection.java:logAndReturn(94)) -   Response 1: 50f5496c-ca8d-4e5d-a1d6-989fe0353439<-c0360714-498d-4f71-92fe-394f4a6aa5bc#0:FAIL-t2
2022-10-03 12:56:57,491 [50f5496c-ca8d-4e5d-a1d6-989fe0353439@group-20325CDD31CE-LeaderElection51] INFO  impl.LeaderElection (LeaderElection.java:askForVotes(312)) - 50f5496c-ca8d-4e5d-a1d6-989fe0353439@group-20325CDD31CE-LeaderElection51 ELECTION round 0: result REJECTED
2022-10-03 12:56:57,491 [50f5496c-ca8d-4e5d-a1d6-989fe0353439@group-20325CDD31CE-LeaderElection51] INFO  server.RaftServer$Division (RaftServerImpl.java:setRole(299)) - 50f5496c-ca8d-4e5d-a1d6-989fe0353439@group-20325CDD31CE: changes role from CANDIDATE to FOLLOWER at term 2 for REJECTED
2022-10-03 12:56:57,491 [50f5496c-ca8d-4e5d-a1d6-989fe0353439@group-20325CDD31CE-LeaderElection51] INFO  impl.RoleInfo (RoleInfo.java:shutdownLeaderElection(130)) - 50f5496c-ca8d-4e5d-a1d6-989fe0353439: shutdown 50f5496c-ca8d-4e5d-a1d6-989fe0353439@group-20325CDD31CE-LeaderElection51
2022-10-03 12:56:57,491 [50f5496c-ca8d-4e5d-a1d6-989fe0353439@group-20325CDD31CE-LeaderElection51] INFO  impl.RoleInfo (RoleInfo.java:updateAndGet(139)) - 50f5496c-ca8d-4e5d-a1d6-989fe0353439: start 50f5496c-ca8d-4e5d-a1d6-989fe0353439@group-20325CDD31CE-FollowerState
2022-10-03 12:56:57,502 [c0360714-498d-4f71-92fe-394f4a6aa5bc@group-20325CDD31CE-LeaderElection50] INFO  impl.LeaderElection (LeaderElection.java:logAndReturn(90)) - c0360714-498d-4f71-92fe-394f4a6aa5bc@group-20325CDD31CE-LeaderElection50: ELECTION REJECTED received 1 response(s) and 0 exception(s):
2022-10-03 12:56:57,502 [c0360714-498d-4f71-92fe-394f4a6aa5bc@group-20325CDD31CE-LeaderElection50] INFO  impl.LeaderElection (LeaderElection.java:logAndReturn(94)) -   Response 0: c0360714-498d-4f71-92fe-394f4a6aa5bc<-40965ae6-a020-46d7-9af0-6fa26a365fb3#0:FAIL-t2
2022-10-03 12:56:57,502 [c0360714-498d-4f71-92fe-394f4a6aa5bc@group-20325CDD31CE-LeaderElection50] INFO  impl.LeaderElection (LeaderElection.java:askForVotes(312)) - c0360714-498d-4f71-92fe-394f4a6aa5bc@group-20325CDD31CE-LeaderElection50 ELECTION round 0: result REJECTED
2022-10-03 12:56:57,502 [c0360714-498d-4f71-92fe-394f4a6aa5bc@group-20325CDD31CE-LeaderElection50] INFO  server.RaftServer$Division (RaftServerImpl.java:setRole(299)) - c0360714-498d-4f71-92fe-394f4a6aa5bc@group-20325CDD31CE: changes role from CANDIDATE to FOLLOWER at term 2 for REJECTED
2022-10-03 12:56:57,502 [c0360714-498d-4f71-92fe-394f4a6aa5bc@group-20325CDD31CE-LeaderElection50] INFO  impl.RoleInfo (RoleInfo.java:shutdownLeaderElection(130)) - c0360714-498d-4f71-92fe-394f4a6aa5bc: shutdown c0360714-498d-4f71-92fe-394f4a6aa5bc@group-20325CDD31CE-LeaderElection50
2022-10-03 12:56:57,502 [c0360714-498d-4f71-92fe-394f4a6aa5bc@group-20325CDD31CE-LeaderElection50] INFO  impl.RoleInfo (RoleInfo.java:updateAndGet(139)) - c0360714-498d-4f71-92fe-394f4a6aa5bc: start c0360714-498d-4f71-92fe-394f4a6aa5bc@group-20325CDD31CE-FollowerState
2022-10-03 12:56:57,533 [grpc-default-executor-5] INFO  server.RaftServer$Division (RaftServerImpl.java:requestVote(1152)) - c0360714-498d-4f71-92fe-394f4a6aa5bc@group-20325CDD31CE: receive requestVote(ELECTION, 40965ae6-a020-46d7-9af0-6fa26a365fb3, group-20325CDD31CE, 2, (t:0, i:0))
2022-10-03 12:56:57,533 [grpc-default-executor-5] INFO  impl.VoteContext (VoteContext.java:log(48)) - c0360714-498d-4f71-92fe-394f4a6aa5bc@group-20325CDD31CE-FOLLOWER: reject ELECTION from 40965ae6-a020-46d7-9af0-6fa26a365fb3: already has voted for c0360714-498d-4f71-92fe-394f4a6aa5bc at current term 2
2022-10-03 12:56:57,533 [grpc-default-executor-5] INFO  server.RaftServer$Division (RaftServerImpl.java:requestVote(1184)) - c0360714-498d-4f71-92fe-394f4a6aa5bc@group-20325CDD31CE replies to ELECTION vote request: 40965ae6-a020-46d7-9af0-6fa26a365fb3<-c0360714-498d-4f71-92fe-394f4a6aa5bc#0:FAIL-t2. Peer's state: c0360714-498d-4f71-92fe-394f4a6aa5bc@group-20325CDD31CE:t2, leader=null, voted=c0360714-498d-4f71-92fe-394f4a6aa5bc, raftlog=c0360714-498d-4f71-92fe-394f4a6aa5bc@group-20325CDD31CE-SegmentedRaftLog:OPENED:c-1, conf=-1: [40965ae6-a020-46d7-9af0-6fa26a365fb3|rpc:10.1.0.147:43889|dataStream:|priority:1, 50f5496c-ca8d-4e5d-a1d6-989fe0353439|rpc:10.1.0.147:42361|dataStream:|priority:0, c0360714-498d-4f71-92fe-394f4a6aa5bc|rpc:10.1.0.147:42583|dataStream:|priority:0], old=null
2022-10-03 12:56:57,537 [40965ae6-a020-46d7-9af0-6fa26a365fb3@group-20325CDD31CE-LeaderElection49] INFO  impl.LeaderElection (LeaderElection.java:logAndReturn(90)) - 40965ae6-a020-46d7-9af0-6fa26a365fb3@group-20325CDD31CE-LeaderElection49: ELECTION REJECTED received 2 response(s) and 0 exception(s):
2022-10-03 12:56:57,537 [40965ae6-a020-46d7-9af0-6fa26a365fb3@group-20325CDD31CE-LeaderElection49] INFO  impl.LeaderElection (LeaderElection.java:logAndReturn(94)) -   Response 0: 40965ae6-a020-46d7-9af0-6fa26a365fb3<-50f5496c-ca8d-4e5d-a1d6-989fe0353439#0:FAIL-t2
2022-10-03 12:56:57,537 [40965ae6-a020-46d7-9af0-6fa26a365fb3@group-20325CDD31CE-LeaderElection49] INFO  impl.LeaderElection (LeaderElection.java:logAndReturn(94)) -   Response 1: 40965ae6-a020-46d7-9af0-6fa26a365fb3<-c0360714-498d-4f71-92fe-394f4a6aa5bc#0:FAIL-t2
2022-10-03 12:56:57,537 [40965ae6-a020-46d7-9af0-6fa26a365fb3@group-20325CDD31CE-LeaderElection49] INFO  impl.LeaderElection (LeaderElection.java:askForVotes(312)) - 40965ae6-a020-46d7-9af0-6fa26a365fb3@group-20325CDD31CE-LeaderElection49 ELECTION round 0: result REJECTED
2022-10-03 12:56:57,537 [40965ae6-a020-46d7-9af0-6fa26a365fb3@group-20325CDD31CE-LeaderElection49] INFO  server.RaftServer$Division (RaftServerImpl.java:setRole(299)) - 40965ae6-a020-46d7-9af0-6fa26a365fb3@group-20325CDD31CE: changes role from CANDIDATE to FOLLOWER at term 2 for REJECTED
2022-10-03 12:56:57,538 [40965ae6-a020-46d7-9af0-6fa26a365fb3@group-20325CDD31CE-LeaderElection49] INFO  impl.RoleInfo (RoleInfo.java:shutdownLeaderElection(130)) - 40965ae6-a020-46d7-9af0-6fa26a365fb3: shutdown 40965ae6-a020-46d7-9af0-6fa26a365fb3@group-20325CDD31CE-LeaderElection49
2022-10-03 12:56:57,538 [40965ae6-a020-46d7-9af0-6fa26a365fb3@group-20325CDD31CE-LeaderElection49] INFO  impl.RoleInfo (RoleInfo.java:updateAndGet(139)) - 40965ae6-a020-46d7-9af0-6fa26a365fb3: start 40965ae6-a020-46d7-9af0-6fa26a365fb3@group-20325CDD31CE-FollowerState
2022-10-03 12:56:57,562 [Listener at 127.0.0.1/36433] INFO  ozone.MiniOzoneClusterImpl (MiniOzoneClusterImpl.java:lambda$waitForClusterToBeReady$0(216)) - Nodes are ready. Got 3 of 3 DN Heartbeats.
2022-10-03 12:56:57,562 [Listener at 127.0.0.1/36433] INFO  ozone.MiniOzoneClusterImpl (MiniOzoneClusterImpl.java:lambda$waitForClusterToBeReady$0(219)) - Waiting for cluster to exit safe mode
2022-10-03 12:56:57,562 [Listener at 127.0.0.1/36433] INFO  ozone.MiniOzoneClusterImpl (MiniOzoneClusterImpl.java:lambda$waitForClusterToBeReady$0(221)) - SCM became leader
2022-10-03 12:56:57,846 [40965ae6-a020-46d7-9af0-6fa26a365fb3@group-64F9394126E2-FollowerState] INFO  impl.FollowerState (FollowerState.java:run(143)) - 40965ae6-a020-46d7-9af0-6fa26a365fb3@group-64F9394126E2-FollowerState: change to CANDIDATE, lastRpcElapsedTime:5140375419ns, electionTimeout:5135ms
2022-10-03 12:56:57,846 [40965ae6-a020-46d7-9af0-6fa26a365fb3@group-64F9394126E2-FollowerState] INFO  impl.RoleInfo (RoleInfo.java:shutdownFollowerState(110)) - 40965ae6-a020-46d7-9af0-6fa26a365fb3: shutdown 40965ae6-a020-46d7-9af0-6fa26a365fb3@group-64F9394126E2-FollowerState
2022-10-03 12:56:57,846 [40965ae6-a020-46d7-9af0-6fa26a365fb3@group-64F9394126E2-FollowerState] INFO  server.RaftServer$Division (RaftServerImpl.java:setRole(299)) - 40965ae6-a020-46d7-9af0-6fa26a365fb3@group-64F9394126E2: changes role from  FOLLOWER to CANDIDATE at term 1 for changeToCandidate
2022-10-03 12:56:57,846 [40965ae6-a020-46d7-9af0-6fa26a365fb3@group-64F9394126E2-FollowerState] INFO  server.RaftServerConfigKeys (ConfUtils.java:logGet(46)) - raft.server.leaderelection.pre-vote = false (custom)
2022-10-03 12:56:57,846 [40965ae6-a020-46d7-9af0-6fa26a365fb3@group-64F9394126E2-FollowerState] INFO  impl.RoleInfo (RoleInfo.java:updateAndGet(139)) - 40965ae6-a020-46d7-9af0-6fa26a365fb3: start 40965ae6-a020-46d7-9af0-6fa26a365fb3@group-64F9394126E2-LeaderElection52
2022-10-03 12:56:57,855 [c0360714-498d-4f71-92fe-394f4a6aa5bc@group-64F9394126E2-FollowerState] INFO  impl.FollowerState (FollowerState.java:run(143)) - c0360714-498d-4f71-92fe-394f4a6aa5bc@group-64F9394126E2-FollowerState: change to CANDIDATE, lastRpcElapsedTime:5093281512ns, electionTimeout:5091ms
2022-10-03 12:56:57,855 [c0360714-498d-4f71-92fe-394f4a6aa5bc@group-64F9394126E2-FollowerState] INFO  impl.RoleInfo (RoleInfo.java:shutdownFollowerState(110)) - c0360714-498d-4f71-92fe-394f4a6aa5bc: shutdown c0360714-498d-4f71-92fe-394f4a6aa5bc@group-64F9394126E2-FollowerState
2022-10-03 12:56:57,855 [c0360714-498d-4f71-92fe-394f4a6aa5bc@group-64F9394126E2-FollowerState] INFO  server.RaftServer$Division (RaftServerImpl.java:setRole(299)) - c0360714-498d-4f71-92fe-394f4a6aa5bc@group-64F9394126E2: changes role from  FOLLOWER to CANDIDATE at term 1 for changeToCandidate
2022-10-03 12:56:57,855 [c0360714-498d-4f71-92fe-394f4a6aa5bc@group-64F9394126E2-FollowerState] INFO  server.RaftServerConfigKeys (ConfUtils.java:logGet(46)) - raft.server.leaderelection.pre-vote = false (custom)
2022-10-03 12:56:57,855 [c0360714-498d-4f71-92fe-394f4a6aa5bc@group-64F9394126E2-FollowerState] INFO  impl.RoleInfo (RoleInfo.java:updateAndGet(139)) - c0360714-498d-4f71-92fe-394f4a6aa5bc: start c0360714-498d-4f71-92fe-394f4a6aa5bc@group-64F9394126E2-LeaderElection53
2022-10-03 12:56:57,892 [c0360714-498d-4f71-92fe-394f4a6aa5bc@group-64F9394126E2-LeaderElection53] INFO  impl.LeaderElection (LeaderElection.java:askForVotes(310)) - c0360714-498d-4f71-92fe-394f4a6aa5bc@group-64F9394126E2-LeaderElection53 ELECTION round 0: submit vote requests at term 2 for -1: [40965ae6-a020-46d7-9af0-6fa26a365fb3|rpc:10.1.0.147:43889|dataStream:|priority:0, 50f5496c-ca8d-4e5d-a1d6-989fe0353439|rpc:10.1.0.147:42361|dataStream:|priority:0, c0360714-498d-4f71-92fe-394f4a6aa5bc|rpc:10.1.0.147:42583|dataStream:|priority:1], old=null
2022-10-03 12:56:57,893 [40965ae6-a020-46d7-9af0-6fa26a365fb3@group-64F9394126E2-LeaderElection52] INFO  impl.LeaderElection (LeaderElection.java:askForVotes(310)) - 40965ae6-a020-46d7-9af0-6fa26a365fb3@group-64F9394126E2-LeaderElection52 ELECTION round 0: submit vote requests at term 2 for -1: [40965ae6-a020-46d7-9af0-6fa26a365fb3|rpc:10.1.0.147:43889|dataStream:|priority:0, 50f5496c-ca8d-4e5d-a1d6-989fe0353439|rpc:10.1.0.147:42361|dataStream:|priority:0, c0360714-498d-4f71-92fe-394f4a6aa5bc|rpc:10.1.0.147:42583|dataStream:|priority:1], old=null
2022-10-03 12:56:57,900 [50f5496c-ca8d-4e5d-a1d6-989fe0353439@group-64F9394126E2-FollowerState] INFO  impl.FollowerState (FollowerState.java:run(143)) - 50f5496c-ca8d-4e5d-a1d6-989fe0353439@group-64F9394126E2-FollowerState: change to CANDIDATE, lastRpcElapsedTime:5136300014ns, electionTimeout:5127ms
2022-10-03 12:56:57,900 [50f5496c-ca8d-4e5d-a1d6-989fe0353439@group-64F9394126E2-FollowerState] INFO  impl.RoleInfo (RoleInfo.java:shutdownFollowerState(110)) - 50f5496c-ca8d-4e5d-a1d6-989fe0353439: shutdown 50f5496c-ca8d-4e5d-a1d6-989fe0353439@group-64F9394126E2-FollowerState
2022-10-03 12:56:57,900 [50f5496c-ca8d-4e5d-a1d6-989fe0353439@group-64F9394126E2-FollowerState] INFO  server.RaftServer$Division (RaftServerImpl.java:setRole(299)) - 50f5496c-ca8d-4e5d-a1d6-989fe0353439@group-64F9394126E2: changes role from  FOLLOWER to CANDIDATE at term 1 for changeToCandidate
2022-10-03 12:56:57,942 [50f5496c-ca8d-4e5d-a1d6-989fe0353439@group-64F9394126E2-FollowerState] INFO  server.RaftServerConfigKeys (ConfUtils.java:logGet(46)) - raft.server.leaderelection.pre-vote = false (custom)
2022-10-03 12:56:57,942 [50f5496c-ca8d-4e5d-a1d6-989fe0353439@group-64F9394126E2-FollowerState] INFO  impl.RoleInfo (RoleInfo.java:updateAndGet(139)) - 50f5496c-ca8d-4e5d-a1d6-989fe0353439: start 50f5496c-ca8d-4e5d-a1d6-989fe0353439@group-64F9394126E2-LeaderElection54
2022-10-03 12:56:57,942 [grpc-default-executor-5] INFO  server.RaftServer$Division (RaftServerImpl.java:requestVote(1152)) - 40965ae6-a020-46d7-9af0-6fa26a365fb3@group-64F9394126E2: receive requestVote(ELECTION, c0360714-498d-4f71-92fe-394f4a6aa5bc, group-64F9394126E2, 2, (t:0, i:0))
2022-10-03 12:56:57,942 [grpc-default-executor-5] INFO  impl.VoteContext (VoteContext.java:log(48)) - 40965ae6-a020-46d7-9af0-6fa26a365fb3@group-64F9394126E2-CANDIDATE: reject ELECTION from c0360714-498d-4f71-92fe-394f4a6aa5bc: already has voted for 40965ae6-a020-46d7-9af0-6fa26a365fb3 at current term 2
2022-10-03 12:56:57,942 [grpc-default-executor-5] INFO  server.RaftServer$Division (RaftServerImpl.java:requestVote(1184)) - 40965ae6-a020-46d7-9af0-6fa26a365fb3@group-64F9394126E2 replies to ELECTION vote request: c0360714-498d-4f71-92fe-394f4a6aa5bc<-40965ae6-a020-46d7-9af0-6fa26a365fb3#0:FAIL-t2. Peer's state: 40965ae6-a020-46d7-9af0-6fa26a365fb3@group-64F9394126E2:t2, leader=null, voted=40965ae6-a020-46d7-9af0-6fa26a365fb3, raftlog=40965ae6-a020-46d7-9af0-6fa26a365fb3@group-64F9394126E2-SegmentedRaftLog:OPENED:c-1, conf=-1: [40965ae6-a020-46d7-9af0-6fa26a365fb3|rpc:10.1.0.147:43889|dataStream:|priority:0, 50f5496c-ca8d-4e5d-a1d6-989fe0353439|rpc:10.1.0.147:42361|dataStream:|priority:0, c0360714-498d-4f71-92fe-394f4a6aa5bc|rpc:10.1.0.147:42583|dataStream:|priority:1], old=null
2022-10-03 12:56:57,949 [50f5496c-ca8d-4e5d-a1d6-989fe0353439@group-64F9394126E2-LeaderElection54] INFO  impl.LeaderElection (LeaderElection.java:askForVotes(310)) - 50f5496c-ca8d-4e5d-a1d6-989fe0353439@group-64F9394126E2-LeaderElection54 ELECTION round 0: submit vote requests at term 2 for -1: [40965ae6-a020-46d7-9af0-6fa26a365fb3|rpc:10.1.0.147:43889|priority:0, 50f5496c-ca8d-4e5d-a1d6-989fe0353439|rpc:10.1.0.147:42361|priority:0, c0360714-498d-4f71-92fe-394f4a6aa5bc|rpc:10.1.0.147:42583|priority:1], old=null
2022-10-03 12:56:57,975 [grpc-default-executor-5] INFO  server.RaftServer$Division (RaftServerImpl.java:requestVote(1152)) - 50f5496c-ca8d-4e5d-a1d6-989fe0353439@group-64F9394126E2: receive requestVote(ELECTION, c0360714-498d-4f71-92fe-394f4a6aa5bc, group-64F9394126E2, 2, (t:0, i:0))
2022-10-03 12:56:57,975 [grpc-default-executor-5] INFO  impl.VoteContext (VoteContext.java:log(48)) - 50f5496c-ca8d-4e5d-a1d6-989fe0353439@group-64F9394126E2-CANDIDATE: reject ELECTION from c0360714-498d-4f71-92fe-394f4a6aa5bc: already has voted for 50f5496c-ca8d-4e5d-a1d6-989fe0353439 at current term 2
2022-10-03 12:56:57,976 [grpc-default-executor-5] INFO  server.RaftServer$Division (RaftServerImpl.java:requestVote(1184)) - 50f5496c-ca8d-4e5d-a1d6-989fe0353439@group-64F9394126E2 replies to ELECTION vote request: c0360714-498d-4f71-92fe-394f4a6aa5bc<-50f5496c-ca8d-4e5d-a1d6-989fe0353439#0:FAIL-t2. Peer's state: 50f5496c-ca8d-4e5d-a1d6-989fe0353439@group-64F9394126E2:t2, leader=null, voted=50f5496c-ca8d-4e5d-a1d6-989fe0353439, raftlog=50f5496c-ca8d-4e5d-a1d6-989fe0353439@group-64F9394126E2-SegmentedRaftLog:OPENED:c-1, conf=-1: [40965ae6-a020-46d7-9af0-6fa26a365fb3|rpc:10.1.0.147:43889|priority:0, 50f5496c-ca8d-4e5d-a1d6-989fe0353439|rpc:10.1.0.147:42361|priority:0, c0360714-498d-4f71-92fe-394f4a6aa5bc|rpc:10.1.0.147:42583|priority:1], old=null
2022-10-03 12:56:57,975 [grpc-default-executor-4] INFO  server.RaftServer$Division (RaftServerImpl.java:requestVote(1152)) - 50f5496c-ca8d-4e5d-a1d6-989fe0353439@group-64F9394126E2: receive requestVote(ELECTION, 40965ae6-a020-46d7-9af0-6fa26a365fb3, group-64F9394126E2, 2, (t:0, i:0))
2022-10-03 12:56:57,989 [grpc-default-executor-4] INFO  impl.VoteContext (VoteContext.java:log(48)) - 50f5496c-ca8d-4e5d-a1d6-989fe0353439@group-64F9394126E2-CANDIDATE: reject ELECTION from 40965ae6-a020-46d7-9af0-6fa26a365fb3: already has voted for 50f5496c-ca8d-4e5d-a1d6-989fe0353439 at current term 2
2022-10-03 12:56:57,989 [grpc-default-executor-4] INFO  server.RaftServer$Division (RaftServerImpl.java:requestVote(1184)) - 50f5496c-ca8d-4e5d-a1d6-989fe0353439@group-64F9394126E2 replies to ELECTION vote request: 40965ae6-a020-46d7-9af0-6fa26a365fb3<-50f5496c-ca8d-4e5d-a1d6-989fe0353439#0:FAIL-t2. Peer's state: 50f5496c-ca8d-4e5d-a1d6-989fe0353439@group-64F9394126E2:t2, leader=null, voted=50f5496c-ca8d-4e5d-a1d6-989fe0353439, raftlog=50f5496c-ca8d-4e5d-a1d6-989fe0353439@group-64F9394126E2-SegmentedRaftLog:OPENED:c-1, conf=-1: [40965ae6-a020-46d7-9af0-6fa26a365fb3|rpc:10.1.0.147:43889|priority:0, 50f5496c-ca8d-4e5d-a1d6-989fe0353439|rpc:10.1.0.147:42361|priority:0, c0360714-498d-4f71-92fe-394f4a6aa5bc|rpc:10.1.0.147:42583|priority:1], old=null
2022-10-03 12:56:57,991 [grpc-default-executor-4] INFO  server.RaftServer$Division (RaftServerImpl.java:requestVote(1152)) - c0360714-498d-4f71-92fe-394f4a6aa5bc@group-64F9394126E2: receive requestVote(ELECTION, 40965ae6-a020-46d7-9af0-6fa26a365fb3, group-64F9394126E2, 2, (t:0, i:0))
2022-10-03 12:56:57,991 [grpc-default-executor-4] INFO  impl.VoteContext (VoteContext.java:log(48)) - c0360714-498d-4f71-92fe-394f4a6aa5bc@group-64F9394126E2-CANDIDATE: reject ELECTION from 40965ae6-a020-46d7-9af0-6fa26a365fb3: already has voted for c0360714-498d-4f71-92fe-394f4a6aa5bc at current term 2
2022-10-03 12:56:57,991 [grpc-default-executor-4] INFO  server.RaftServer$Division (RaftServerImpl.java:requestVote(1184)) - c0360714-498d-4f71-92fe-394f4a6aa5bc@group-64F9394126E2 replies to ELECTION vote request: 40965ae6-a020-46d7-9af0-6fa26a365fb3<-c0360714-498d-4f71-92fe-394f4a6aa5bc#0:FAIL-t2. Peer's state: c0360714-498d-4f71-92fe-394f4a6aa5bc@group-64F9394126E2:t2, leader=null, voted=c0360714-498d-4f71-92fe-394f4a6aa5bc, raftlog=c0360714-498d-4f71-92fe-394f4a6aa5bc@group-64F9394126E2-SegmentedRaftLog:OPENED:c-1, conf=-1: [40965ae6-a020-46d7-9af0-6fa26a365fb3|rpc:10.1.0.147:43889|dataStream:|priority:0, 50f5496c-ca8d-4e5d-a1d6-989fe0353439|rpc:10.1.0.147:42361|dataStream:|priority:0, c0360714-498d-4f71-92fe-394f4a6aa5bc|rpc:10.1.0.147:42583|dataStream:|priority:1], old=null
2022-10-03 12:56:58,018 [40965ae6-a020-46d7-9af0-6fa26a365fb3@group-64F9394126E2-LeaderElection52] INFO  impl.LeaderElection (LeaderElection.java:logAndReturn(90)) - 40965ae6-a020-46d7-9af0-6fa26a365fb3@group-64F9394126E2-LeaderElection52: ELECTION REJECTED received 1 response(s) and 0 exception(s):
2022-10-03 12:56:58,018 [40965ae6-a020-46d7-9af0-6fa26a365fb3@group-64F9394126E2-LeaderElection52] INFO  impl.LeaderElection (LeaderElection.java:logAndReturn(94)) -   Response 0: 40965ae6-a020-46d7-9af0-6fa26a365fb3<-c0360714-498d-4f71-92fe-394f4a6aa5bc#0:FAIL-t2
2022-10-03 12:56:58,018 [40965ae6-a020-46d7-9af0-6fa26a365fb3@group-64F9394126E2-LeaderElection52] INFO  impl.LeaderElection (LeaderElection.java:askForVotes(312)) - 40965ae6-a020-46d7-9af0-6fa26a365fb3@group-64F9394126E2-LeaderElection52 ELECTION round 0: result REJECTED
2022-10-03 12:56:58,018 [40965ae6-a020-46d7-9af0-6fa26a365fb3@group-64F9394126E2-LeaderElection52] INFO  server.RaftServer$Division (RaftServerImpl.java:setRole(299)) - 40965ae6-a020-46d7-9af0-6fa26a365fb3@group-64F9394126E2: changes role from CANDIDATE to FOLLOWER at term 2 for REJECTED
2022-10-03 12:56:58,018 [40965ae6-a020-46d7-9af0-6fa26a365fb3@group-64F9394126E2-LeaderElection52] INFO  impl.RoleInfo (RoleInfo.java:shutdownLeaderElection(130)) - 40965ae6-a020-46d7-9af0-6fa26a365fb3: shutdown 40965ae6-a020-46d7-9af0-6fa26a365fb3@group-64F9394126E2-LeaderElection52
2022-10-03 12:56:58,018 [40965ae6-a020-46d7-9af0-6fa26a365fb3@group-64F9394126E2-LeaderElection52] INFO  impl.RoleInfo (RoleInfo.java:updateAndGet(139)) - 40965ae6-a020-46d7-9af0-6fa26a365fb3: start 40965ae6-a020-46d7-9af0-6fa26a365fb3@group-64F9394126E2-FollowerState
2022-10-03 12:56:58,018 [grpc-default-executor-2] INFO  server.RaftServer$Division (RaftServerImpl.java:requestVote(1152)) - 40965ae6-a020-46d7-9af0-6fa26a365fb3@group-64F9394126E2: receive requestVote(ELECTION, 50f5496c-ca8d-4e5d-a1d6-989fe0353439, group-64F9394126E2, 2, (t:0, i:0))
2022-10-03 12:56:58,019 [grpc-default-executor-4] INFO  server.RaftServer$Division (RaftServerImpl.java:requestVote(1152)) - c0360714-498d-4f71-92fe-394f4a6aa5bc@group-64F9394126E2: receive requestVote(ELECTION, 50f5496c-ca8d-4e5d-a1d6-989fe0353439, group-64F9394126E2, 2, (t:0, i:0))
2022-10-03 12:56:58,019 [grpc-default-executor-4] INFO  impl.VoteContext (VoteContext.java:log(48)) - c0360714-498d-4f71-92fe-394f4a6aa5bc@group-64F9394126E2-CANDIDATE: reject ELECTION from 50f5496c-ca8d-4e5d-a1d6-989fe0353439: already has voted for c0360714-498d-4f71-92fe-394f4a6aa5bc at current term 2
2022-10-03 12:56:58,019 [grpc-default-executor-4] INFO  server.RaftServer$Division (RaftServerImpl.java:requestVote(1184)) - c0360714-498d-4f71-92fe-394f4a6aa5bc@group-64F9394126E2 replies to ELECTION vote request: 50f5496c-ca8d-4e5d-a1d6-989fe0353439<-c0360714-498d-4f71-92fe-394f4a6aa5bc#0:FAIL-t2. Peer's state: c0360714-498d-4f71-92fe-394f4a6aa5bc@group-64F9394126E2:t2, leader=null, voted=c0360714-498d-4f71-92fe-394f4a6aa5bc, raftlog=c0360714-498d-4f71-92fe-394f4a6aa5bc@group-64F9394126E2-SegmentedRaftLog:OPENED:c-1, conf=-1: [40965ae6-a020-46d7-9af0-6fa26a365fb3|rpc:10.1.0.147:43889|dataStream:|priority:0, 50f5496c-ca8d-4e5d-a1d6-989fe0353439|rpc:10.1.0.147:42361|dataStream:|priority:0, c0360714-498d-4f71-92fe-394f4a6aa5bc|rpc:10.1.0.147:42583|dataStream:|priority:1], old=null
2022-10-03 12:56:58,025 [c0360714-498d-4f71-92fe-394f4a6aa5bc@group-64F9394126E2-LeaderElection53] INFO  impl.LeaderElection (LeaderElection.java:logAndReturn(90)) - c0360714-498d-4f71-92fe-394f4a6aa5bc@group-64F9394126E2-LeaderElection53: ELECTION REJECTED received 2 response(s) and 0 exception(s):
2022-10-03 12:56:58,025 [c0360714-498d-4f71-92fe-394f4a6aa5bc@group-64F9394126E2-LeaderElection53] INFO  impl.LeaderElection (LeaderElection.java:logAndReturn(94)) -   Response 0: c0360714-498d-4f71-92fe-394f4a6aa5bc<-40965ae6-a020-46d7-9af0-6fa26a365fb3#0:FAIL-t2
2022-10-03 12:56:58,025 [c0360714-498d-4f71-92fe-394f4a6aa5bc@group-64F9394126E2-LeaderElection53] INFO  impl.LeaderElection (LeaderElection.java:logAndReturn(94)) -   Response 1: c0360714-498d-4f71-92fe-394f4a6aa5bc<-50f5496c-ca8d-4e5d-a1d6-989fe0353439#0:FAIL-t2
2022-10-03 12:56:58,025 [c0360714-498d-4f71-92fe-394f4a6aa5bc@group-64F9394126E2-LeaderElection53] INFO  impl.LeaderElection (LeaderElection.java:askForVotes(312)) - c0360714-498d-4f71-92fe-394f4a6aa5bc@group-64F9394126E2-LeaderElection53 ELECTION round 0: result REJECTED
2022-10-03 12:56:58,025 [c0360714-498d-4f71-92fe-394f4a6aa5bc@group-64F9394126E2-LeaderElection53] INFO  server.RaftServer$Division (RaftServerImpl.java:setRole(299)) - c0360714-498d-4f71-92fe-394f4a6aa5bc@group-64F9394126E2: changes role from CANDIDATE to FOLLOWER at term 2 for REJECTED
2022-10-03 12:56:58,025 [c0360714-498d-4f71-92fe-394f4a6aa5bc@group-64F9394126E2-LeaderElection53] INFO  impl.RoleInfo (RoleInfo.java:shutdownLeaderElection(130)) - c0360714-498d-4f71-92fe-394f4a6aa5bc: shutdown c0360714-498d-4f71-92fe-394f4a6aa5bc@group-64F9394126E2-LeaderElection53
2022-10-03 12:56:58,066 [c0360714-498d-4f71-92fe-394f4a6aa5bc@group-64F9394126E2-LeaderElection53] INFO  impl.RoleInfo (RoleInfo.java:updateAndGet(139)) - c0360714-498d-4f71-92fe-394f4a6aa5bc: start c0360714-498d-4f71-92fe-394f4a6aa5bc@group-64F9394126E2-FollowerState
2022-10-03 12:56:58,066 [50f5496c-ca8d-4e5d-a1d6-989fe0353439@group-64F9394126E2-LeaderElection54] INFO  impl.LeaderElection (LeaderElection.java:logAndReturn(90)) - 50f5496c-ca8d-4e5d-a1d6-989fe0353439@group-64F9394126E2-LeaderElection54: ELECTION REJECTED received 1 response(s) and 0 exception(s):
2022-10-03 12:56:58,066 [50f5496c-ca8d-4e5d-a1d6-989fe0353439@group-64F9394126E2-LeaderElection54] INFO  impl.LeaderElection (LeaderElection.java:logAndReturn(94)) -   Response 0: 50f5496c-ca8d-4e5d-a1d6-989fe0353439<-c0360714-498d-4f71-92fe-394f4a6aa5bc#0:FAIL-t2
2022-10-03 12:56:58,066 [grpc-default-executor-2] INFO  impl.VoteContext (VoteContext.java:log(48)) - 40965ae6-a020-46d7-9af0-6fa26a365fb3@group-64F9394126E2-FOLLOWER: reject ELECTION from 50f5496c-ca8d-4e5d-a1d6-989fe0353439: already has voted for 40965ae6-a020-46d7-9af0-6fa26a365fb3 at current term 2
2022-10-03 12:56:58,067 [grpc-default-executor-2] INFO  server.RaftServer$Division (RaftServerImpl.java:requestVote(1184)) - 40965ae6-a020-46d7-9af0-6fa26a365fb3@group-64F9394126E2 replies to ELECTION vote request: 50f5496c-ca8d-4e5d-a1d6-989fe0353439<-40965ae6-a020-46d7-9af0-6fa26a365fb3#0:FAIL-t2. Peer's state: 40965ae6-a020-46d7-9af0-6fa26a365fb3@group-64F9394126E2:t2, leader=null, voted=40965ae6-a020-46d7-9af0-6fa26a365fb3, raftlog=40965ae6-a020-46d7-9af0-6fa26a365fb3@group-64F9394126E2-SegmentedRaftLog:OPENED:c-1, conf=-1: [40965ae6-a020-46d7-9af0-6fa26a365fb3|rpc:10.1.0.147:43889|dataStream:|priority:0, 50f5496c-ca8d-4e5d-a1d6-989fe0353439|rpc:10.1.0.147:42361|dataStream:|priority:0, c0360714-498d-4f71-92fe-394f4a6aa5bc|rpc:10.1.0.147:42583|dataStream:|priority:1], old=null
2022-10-03 12:56:58,081 [50f5496c-ca8d-4e5d-a1d6-989fe0353439@group-64F9394126E2-LeaderElection54] INFO  impl.LeaderElection (LeaderElection.java:askForVotes(312)) - 50f5496c-ca8d-4e5d-a1d6-989fe0353439@group-64F9394126E2-LeaderElection54 ELECTION round 0: result REJECTED
2022-10-03 12:56:58,081 [50f5496c-ca8d-4e5d-a1d6-989fe0353439@group-64F9394126E2-LeaderElection54] INFO  server.RaftServer$Division (RaftServerImpl.java:setRole(299)) - 50f5496c-ca8d-4e5d-a1d6-989fe0353439@group-64F9394126E2: changes role from CANDIDATE to FOLLOWER at term 2 for REJECTED
2022-10-03 12:56:58,081 [50f5496c-ca8d-4e5d-a1d6-989fe0353439@group-64F9394126E2-LeaderElection54] INFO  impl.RoleInfo (RoleInfo.java:shutdownLeaderElection(130)) - 50f5496c-ca8d-4e5d-a1d6-989fe0353439: shutdown 50f5496c-ca8d-4e5d-a1d6-989fe0353439@group-64F9394126E2-LeaderElection54
2022-10-03 12:56:58,081 [50f5496c-ca8d-4e5d-a1d6-989fe0353439@group-64F9394126E2-LeaderElection54] INFO  impl.RoleInfo (RoleInfo.java:updateAndGet(139)) - 50f5496c-ca8d-4e5d-a1d6-989fe0353439: start 50f5496c-ca8d-4e5d-a1d6-989fe0353439@group-64F9394126E2-FollowerState
2022-10-03 12:56:58,562 [Listener at 127.0.0.1/36433] INFO  ozone.MiniOzoneClusterImpl (MiniOzoneClusterImpl.java:lambda$waitForClusterToBeReady$0(216)) - Nodes are ready. Got 3 of 3 DN Heartbeats.
2022-10-03 12:56:58,562 [Listener at 127.0.0.1/36433] INFO  ozone.MiniOzoneClusterImpl (MiniOzoneClusterImpl.java:lambda$waitForClusterToBeReady$0(219)) - Waiting for cluster to exit safe mode
2022-10-03 12:56:58,562 [Listener at 127.0.0.1/36433] INFO  ozone.MiniOzoneClusterImpl (MiniOzoneClusterImpl.java:lambda$waitForClusterToBeReady$0(221)) - SCM became leader
2022-10-03 12:56:59,562 [Listener at 127.0.0.1/36433] INFO  ozone.MiniOzoneClusterImpl (MiniOzoneClusterImpl.java:lambda$waitForClusterToBeReady$0(216)) - Nodes are ready. Got 3 of 3 DN Heartbeats.
2022-10-03 12:56:59,563 [Listener at 127.0.0.1/36433] INFO  ozone.MiniOzoneClusterImpl (MiniOzoneClusterImpl.java:lambda$waitForClusterToBeReady$0(219)) - Waiting for cluster to exit safe mode
2022-10-03 12:56:59,563 [Listener at 127.0.0.1/36433] INFO  ozone.MiniOzoneClusterImpl (MiniOzoneClusterImpl.java:lambda$waitForClusterToBeReady$0(221)) - SCM became leader
2022-10-03 12:57:00,563 [Listener at 127.0.0.1/36433] INFO  ozone.MiniOzoneClusterImpl (MiniOzoneClusterImpl.java:lambda$waitForClusterToBeReady$0(216)) - Nodes are ready. Got 3 of 3 DN Heartbeats.
2022-10-03 12:57:00,563 [Listener at 127.0.0.1/36433] INFO  ozone.MiniOzoneClusterImpl (MiniOzoneClusterImpl.java:lambda$waitForClusterToBeReady$0(219)) - Waiting for cluster to exit safe mode
2022-10-03 12:57:00,563 [Listener at 127.0.0.1/36433] INFO  ozone.MiniOzoneClusterImpl (MiniOzoneClusterImpl.java:lambda$waitForClusterToBeReady$0(221)) - SCM became leader
2022-10-03 12:57:01,564 [Listener at 127.0.0.1/36433] INFO  ozone.MiniOzoneClusterImpl (MiniOzoneClusterImpl.java:lambda$waitForClusterToBeReady$0(216)) - Nodes are ready. Got 3 of 3 DN Heartbeats.
2022-10-03 12:57:01,564 [Listener at 127.0.0.1/36433] INFO  ozone.MiniOzoneClusterImpl (MiniOzoneClusterImpl.java:lambda$waitForClusterToBeReady$0(219)) - Waiting for cluster to exit safe mode
2022-10-03 12:57:01,564 [Listener at 127.0.0.1/36433] INFO  ozone.MiniOzoneClusterImpl (MiniOzoneClusterImpl.java:lambda$waitForClusterToBeReady$0(221)) - SCM became leader
2022-10-03 12:57:02,564 [Listener at 127.0.0.1/36433] INFO  ozone.MiniOzoneClusterImpl (MiniOzoneClusterImpl.java:lambda$waitForClusterToBeReady$0(216)) - Nodes are ready. Got 3 of 3 DN Heartbeats.
2022-10-03 12:57:02,564 [Listener at 127.0.0.1/36433] INFO  ozone.MiniOzoneClusterImpl (MiniOzoneClusterImpl.java:lambda$waitForClusterToBeReady$0(219)) - Waiting for cluster to exit safe mode
2022-10-03 12:57:02,564 [Listener at 127.0.0.1/36433] INFO  ozone.MiniOzoneClusterImpl (MiniOzoneClusterImpl.java:lambda$waitForClusterToBeReady$0(221)) - SCM became leader
2022-10-03 12:57:02,629 [50f5496c-ca8d-4e5d-a1d6-989fe0353439@group-20325CDD31CE-FollowerState] INFO  impl.FollowerState (FollowerState.java:run(143)) - 50f5496c-ca8d-4e5d-a1d6-989fe0353439@group-20325CDD31CE-FollowerState: change to CANDIDATE, lastRpcElapsedTime:5138453645ns, electionTimeout:5127ms
2022-10-03 12:57:02,629 [50f5496c-ca8d-4e5d-a1d6-989fe0353439@group-20325CDD31CE-FollowerState] INFO  impl.RoleInfo (RoleInfo.java:shutdownFollowerState(110)) - 50f5496c-ca8d-4e5d-a1d6-989fe0353439: shutdown 50f5496c-ca8d-4e5d-a1d6-989fe0353439@group-20325CDD31CE-FollowerState
2022-10-03 12:57:02,629 [50f5496c-ca8d-4e5d-a1d6-989fe0353439@group-20325CDD31CE-FollowerState] INFO  server.RaftServer$Division (RaftServerImpl.java:setRole(299)) - 50f5496c-ca8d-4e5d-a1d6-989fe0353439@group-20325CDD31CE: changes role from  FOLLOWER to CANDIDATE at term 2 for changeToCandidate
2022-10-03 12:57:02,630 [50f5496c-ca8d-4e5d-a1d6-989fe0353439@group-20325CDD31CE-FollowerState] INFO  server.RaftServerConfigKeys (ConfUtils.java:logGet(46)) - raft.server.leaderelection.pre-vote = false (custom)
2022-10-03 12:57:02,630 [50f5496c-ca8d-4e5d-a1d6-989fe0353439@group-20325CDD31CE-FollowerState] INFO  impl.RoleInfo (RoleInfo.java:updateAndGet(139)) - 50f5496c-ca8d-4e5d-a1d6-989fe0353439: start 50f5496c-ca8d-4e5d-a1d6-989fe0353439@group-20325CDD31CE-LeaderElection55
2022-10-03 12:57:02,644 [c0360714-498d-4f71-92fe-394f4a6aa5bc@group-20325CDD31CE-FollowerState] INFO  impl.FollowerState (FollowerState.java:run(143)) - c0360714-498d-4f71-92fe-394f4a6aa5bc@group-20325CDD31CE-FollowerState: change to CANDIDATE, lastRpcElapsedTime:5141345044ns, electionTimeout:5092ms
2022-10-03 12:57:02,644 [c0360714-498d-4f71-92fe-394f4a6aa5bc@group-20325CDD31CE-FollowerState] INFO  impl.RoleInfo (RoleInfo.java:shutdownFollowerState(110)) - c0360714-498d-4f71-92fe-394f4a6aa5bc: shutdown c0360714-498d-4f71-92fe-394f4a6aa5bc@group-20325CDD31CE-FollowerState
2022-10-03 12:57:02,644 [c0360714-498d-4f71-92fe-394f4a6aa5bc@group-20325CDD31CE-FollowerState] INFO  server.RaftServer$Division (RaftServerImpl.java:setRole(299)) - c0360714-498d-4f71-92fe-394f4a6aa5bc@group-20325CDD31CE: changes role from  FOLLOWER to CANDIDATE at term 2 for changeToCandidate
2022-10-03 12:57:02,681 [c0360714-498d-4f71-92fe-394f4a6aa5bc@group-20325CDD31CE-FollowerState] INFO  server.RaftServerConfigKeys (ConfUtils.java:logGet(46)) - raft.server.leaderelection.pre-vote = false (custom)
2022-10-03 12:57:02,681 [c0360714-498d-4f71-92fe-394f4a6aa5bc@group-20325CDD31CE-FollowerState] INFO  impl.RoleInfo (RoleInfo.java:updateAndGet(139)) - c0360714-498d-4f71-92fe-394f4a6aa5bc: start c0360714-498d-4f71-92fe-394f4a6aa5bc@group-20325CDD31CE-LeaderElection56
2022-10-03 12:57:02,714 [50f5496c-ca8d-4e5d-a1d6-989fe0353439@group-20325CDD31CE-LeaderElection55] INFO  impl.LeaderElection (LeaderElection.java:askForVotes(310)) - 50f5496c-ca8d-4e5d-a1d6-989fe0353439@group-20325CDD31CE-LeaderElection55 ELECTION round 0: submit vote requests at term 3 for -1: [40965ae6-a020-46d7-9af0-6fa26a365fb3|rpc:10.1.0.147:43889|priority:1, 50f5496c-ca8d-4e5d-a1d6-989fe0353439|rpc:10.1.0.147:42361|priority:0, c0360714-498d-4f71-92fe-394f4a6aa5bc|rpc:10.1.0.147:42583|priority:0], old=null
2022-10-03 12:57:02,717 [c0360714-498d-4f71-92fe-394f4a6aa5bc@group-20325CDD31CE-LeaderElection56] INFO  impl.LeaderElection (LeaderElection.java:askForVotes(310)) - c0360714-498d-4f71-92fe-394f4a6aa5bc@group-20325CDD31CE-LeaderElection56 ELECTION round 0: submit vote requests at term 3 for -1: [40965ae6-a020-46d7-9af0-6fa26a365fb3|rpc:10.1.0.147:43889|dataStream:|priority:1, 50f5496c-ca8d-4e5d-a1d6-989fe0353439|rpc:10.1.0.147:42361|dataStream:|priority:0, c0360714-498d-4f71-92fe-394f4a6aa5bc|rpc:10.1.0.147:42583|dataStream:|priority:0], old=null
2022-10-03 12:57:02,736 [40965ae6-a020-46d7-9af0-6fa26a365fb3@group-20325CDD31CE-FollowerState] INFO  impl.FollowerState (FollowerState.java:run(143)) - 40965ae6-a020-46d7-9af0-6fa26a365fb3@group-20325CDD31CE-FollowerState: change to CANDIDATE, lastRpcElapsedTime:5198558243ns, electionTimeout:5175ms
2022-10-03 12:57:02,736 [40965ae6-a020-46d7-9af0-6fa26a365fb3@group-20325CDD31CE-FollowerState] INFO  impl.RoleInfo (RoleInfo.java:shutdownFollowerState(110)) - 40965ae6-a020-46d7-9af0-6fa26a365fb3: shutdown 40965ae6-a020-46d7-9af0-6fa26a365fb3@group-20325CDD31CE-FollowerState
2022-10-03 12:57:02,736 [40965ae6-a020-46d7-9af0-6fa26a365fb3@group-20325CDD31CE-FollowerState] INFO  server.RaftServer$Division (RaftServerImpl.java:setRole(299)) - 40965ae6-a020-46d7-9af0-6fa26a365fb3@group-20325CDD31CE: changes role from  FOLLOWER to CANDIDATE at term 2 for changeToCandidate
2022-10-03 12:57:02,741 [40965ae6-a020-46d7-9af0-6fa26a365fb3@group-20325CDD31CE-FollowerState] INFO  server.RaftServerConfigKeys (ConfUtils.java:logGet(46)) - raft.server.leaderelection.pre-vote = false (custom)
2022-10-03 12:57:02,741 [40965ae6-a020-46d7-9af0-6fa26a365fb3@group-20325CDD31CE-FollowerState] INFO  impl.RoleInfo (RoleInfo.java:updateAndGet(139)) - 40965ae6-a020-46d7-9af0-6fa26a365fb3: start 40965ae6-a020-46d7-9af0-6fa26a365fb3@group-20325CDD31CE-LeaderElection57
2022-10-03 12:57:02,760 [grpc-default-executor-2] INFO  server.RaftServer$Division (RaftServerImpl.java:requestVote(1152)) - 40965ae6-a020-46d7-9af0-6fa26a365fb3@group-20325CDD31CE: receive requestVote(ELECTION, 50f5496c-ca8d-4e5d-a1d6-989fe0353439, group-20325CDD31CE, 3, (t:0, i:0))
2022-10-03 12:57:02,761 [grpc-default-executor-2] INFO  impl.VoteContext (VoteContext.java:log(48)) - 40965ae6-a020-46d7-9af0-6fa26a365fb3@group-20325CDD31CE-CANDIDATE: reject ELECTION from 50f5496c-ca8d-4e5d-a1d6-989fe0353439: our priority 1 > candidate's priority 0
2022-10-03 12:57:02,761 [grpc-default-executor-2] INFO  server.RaftServer$Division (RaftServerImpl.java:setRole(299)) - 40965ae6-a020-46d7-9af0-6fa26a365fb3@group-20325CDD31CE: changes role from CANDIDATE to FOLLOWER at term 3 for candidate:50f5496c-ca8d-4e5d-a1d6-989fe0353439
2022-10-03 12:57:02,761 [grpc-default-executor-2] INFO  impl.RoleInfo (RoleInfo.java:shutdownLeaderElection(130)) - 40965ae6-a020-46d7-9af0-6fa26a365fb3: shutdown 40965ae6-a020-46d7-9af0-6fa26a365fb3@group-20325CDD31CE-LeaderElection57
2022-10-03 12:57:02,761 [grpc-default-executor-4] INFO  server.RaftServer$Division (RaftServerImpl.java:requestVote(1152)) - 40965ae6-a020-46d7-9af0-6fa26a365fb3@group-20325CDD31CE: receive requestVote(ELECTION, c0360714-498d-4f71-92fe-394f4a6aa5bc, group-20325CDD31CE, 3, (t:0, i:0))
2022-10-03 12:57:02,777 [40965ae6-a020-46d7-9af0-6fa26a365fb3@group-20325CDD31CE-LeaderElection57] INFO  impl.LeaderElection (LeaderElection.java:run(231)) - 40965ae6-a020-46d7-9af0-6fa26a365fb3@group-20325CDD31CE-LeaderElection57: skip running since this is already CLOSING
2022-10-03 12:57:02,801 [grpc-default-executor-2] INFO  impl.RoleInfo (RoleInfo.java:updateAndGet(139)) - 40965ae6-a020-46d7-9af0-6fa26a365fb3: start 40965ae6-a020-46d7-9af0-6fa26a365fb3@group-20325CDD31CE-FollowerState
2022-10-03 12:57:02,807 [grpc-default-executor-2] INFO  server.RaftServer$Division (RaftServerImpl.java:requestVote(1184)) - 40965ae6-a020-46d7-9af0-6fa26a365fb3@group-20325CDD31CE replies to ELECTION vote request: 50f5496c-ca8d-4e5d-a1d6-989fe0353439<-40965ae6-a020-46d7-9af0-6fa26a365fb3#0:FAIL-t3. Peer's state: 40965ae6-a020-46d7-9af0-6fa26a365fb3@group-20325CDD31CE:t3, leader=null, voted=null, raftlog=40965ae6-a020-46d7-9af0-6fa26a365fb3@group-20325CDD31CE-SegmentedRaftLog:OPENED:c-1, conf=-1: [40965ae6-a020-46d7-9af0-6fa26a365fb3|rpc:10.1.0.147:43889|dataStream:|priority:1, 50f5496c-ca8d-4e5d-a1d6-989fe0353439|rpc:10.1.0.147:42361|dataStream:|priority:0, c0360714-498d-4f71-92fe-394f4a6aa5bc|rpc:10.1.0.147:42583|dataStream:|priority:0], old=null
2022-10-03 12:57:02,807 [grpc-default-executor-4] INFO  impl.VoteContext (VoteContext.java:log(48)) - 40965ae6-a020-46d7-9af0-6fa26a365fb3@group-20325CDD31CE-FOLLOWER: reject ELECTION from c0360714-498d-4f71-92fe-394f4a6aa5bc: our priority 1 > candidate's priority 0
2022-10-03 12:57:02,807 [grpc-default-executor-4] INFO  server.RaftServer$Division (RaftServerImpl.java:setRole(299)) - 40965ae6-a020-46d7-9af0-6fa26a365fb3@group-20325CDD31CE: changes role from  FOLLOWER to FOLLOWER at term 3 for candidate:c0360714-498d-4f71-92fe-394f4a6aa5bc
2022-10-03 12:57:02,807 [grpc-default-executor-4] INFO  impl.RoleInfo (RoleInfo.java:shutdownFollowerState(110)) - 40965ae6-a020-46d7-9af0-6fa26a365fb3: shutdown 40965ae6-a020-46d7-9af0-6fa26a365fb3@group-20325CDD31CE-FollowerState
2022-10-03 12:57:02,807 [grpc-default-executor-4] INFO  impl.RoleInfo (RoleInfo.java:updateAndGet(139)) - 40965ae6-a020-46d7-9af0-6fa26a365fb3: start 40965ae6-a020-46d7-9af0-6fa26a365fb3@group-20325CDD31CE-FollowerState
2022-10-03 12:57:02,807 [grpc-default-executor-1] INFO  server.RaftServer$Division (RaftServerImpl.java:requestVote(1152)) - 50f5496c-ca8d-4e5d-a1d6-989fe0353439@group-20325CDD31CE: receive requestVote(ELECTION, c0360714-498d-4f71-92fe-394f4a6aa5bc, group-20325CDD31CE, 3, (t:0, i:0))
2022-10-03 12:57:02,807 [grpc-default-executor-1] INFO  impl.VoteContext (VoteContext.java:log(48)) - 50f5496c-ca8d-4e5d-a1d6-989fe0353439@group-20325CDD31CE-CANDIDATE: reject ELECTION from c0360714-498d-4f71-92fe-394f4a6aa5bc: already has voted for 50f5496c-ca8d-4e5d-a1d6-989fe0353439 at current term 3
2022-10-03 12:57:02,808 [grpc-default-executor-1] INFO  server.RaftServer$Division (RaftServerImpl.java:requestVote(1184)) - 50f5496c-ca8d-4e5d-a1d6-989fe0353439@group-20325CDD31CE replies to ELECTION vote request: c0360714-498d-4f71-92fe-394f4a6aa5bc<-50f5496c-ca8d-4e5d-a1d6-989fe0353439#0:FAIL-t3. Peer's state: 50f5496c-ca8d-4e5d-a1d6-989fe0353439@group-20325CDD31CE:t3, leader=null, voted=50f5496c-ca8d-4e5d-a1d6-989fe0353439, raftlog=50f5496c-ca8d-4e5d-a1d6-989fe0353439@group-20325CDD31CE-SegmentedRaftLog:OPENED:c-1, conf=-1: [40965ae6-a020-46d7-9af0-6fa26a365fb3|rpc:10.1.0.147:43889|priority:1, 50f5496c-ca8d-4e5d-a1d6-989fe0353439|rpc:10.1.0.147:42361|priority:0, c0360714-498d-4f71-92fe-394f4a6aa5bc|rpc:10.1.0.147:42583|priority:0], old=null
2022-10-03 12:57:02,808 [grpc-default-executor-4] INFO  server.RaftServer$Division (RaftServerImpl.java:requestVote(1184)) - 40965ae6-a020-46d7-9af0-6fa26a365fb3@group-20325CDD31CE replies to ELECTION vote request: c0360714-498d-4f71-92fe-394f4a6aa5bc<-40965ae6-a020-46d7-9af0-6fa26a365fb3#0:FAIL-t3. Peer's state: 40965ae6-a020-46d7-9af0-6fa26a365fb3@group-20325CDD31CE:t3, leader=null, voted=null, raftlog=40965ae6-a020-46d7-9af0-6fa26a365fb3@group-20325CDD31CE-SegmentedRaftLog:OPENED:c-1, conf=-1: [40965ae6-a020-46d7-9af0-6fa26a365fb3|rpc:10.1.0.147:43889|dataStream:|priority:1, 50f5496c-ca8d-4e5d-a1d6-989fe0353439|rpc:10.1.0.147:42361|dataStream:|priority:0, c0360714-498d-4f71-92fe-394f4a6aa5bc|rpc:10.1.0.147:42583|dataStream:|priority:0], old=null
2022-10-03 12:57:02,809 [50f5496c-ca8d-4e5d-a1d6-989fe0353439@group-20325CDD31CE-LeaderElection55] INFO  impl.LeaderElection (LeaderElection.java:logAndReturn(90)) - 50f5496c-ca8d-4e5d-a1d6-989fe0353439@group-20325CDD31CE-LeaderElection55: ELECTION REJECTED received 1 response(s) and 0 exception(s):
2022-10-03 12:57:02,809 [50f5496c-ca8d-4e5d-a1d6-989fe0353439@group-20325CDD31CE-LeaderElection55] INFO  impl.LeaderElection (LeaderElection.java:logAndReturn(94)) -   Response 0: 50f5496c-ca8d-4e5d-a1d6-989fe0353439<-40965ae6-a020-46d7-9af0-6fa26a365fb3#0:FAIL-t3
2022-10-03 12:57:02,809 [50f5496c-ca8d-4e5d-a1d6-989fe0353439@group-20325CDD31CE-LeaderElection55] INFO  impl.LeaderElection (LeaderElection.java:askForVotes(312)) - 50f5496c-ca8d-4e5d-a1d6-989fe0353439@group-20325CDD31CE-LeaderElection55 ELECTION round 0: result REJECTED
2022-10-03 12:57:02,809 [50f5496c-ca8d-4e5d-a1d6-989fe0353439@group-20325CDD31CE-LeaderElection55] INFO  server.RaftServer$Division (RaftServerImpl.java:setRole(299)) - 50f5496c-ca8d-4e5d-a1d6-989fe0353439@group-20325CDD31CE: changes role from CANDIDATE to FOLLOWER at term 3 for REJECTED
2022-10-03 12:57:02,809 [50f5496c-ca8d-4e5d-a1d6-989fe0353439@group-20325CDD31CE-LeaderElection55] INFO  impl.RoleInfo (RoleInfo.java:shutdownLeaderElection(130)) - 50f5496c-ca8d-4e5d-a1d6-989fe0353439: shutdown 50f5496c-ca8d-4e5d-a1d6-989fe0353439@group-20325CDD31CE-LeaderElection55
2022-10-03 12:57:02,809 [c0360714-498d-4f71-92fe-394f4a6aa5bc@group-20325CDD31CE-LeaderElection56] INFO  impl.LeaderElection (LeaderElection.java:logAndReturn(90)) - c0360714-498d-4f71-92fe-394f4a6aa5bc@group-20325CDD31CE-LeaderElection56: ELECTION REJECTED received 2 response(s) and 0 exception(s):
2022-10-03 12:57:02,809 [c0360714-498d-4f71-92fe-394f4a6aa5bc@group-20325CDD31CE-LeaderElection56] INFO  impl.LeaderElection (LeaderElection.java:logAndReturn(94)) -   Response 0: c0360714-498d-4f71-92fe-394f4a6aa5bc<-40965ae6-a020-46d7-9af0-6fa26a365fb3#0:FAIL-t3
2022-10-03 12:57:02,809 [c0360714-498d-4f71-92fe-394f4a6aa5bc@group-20325CDD31CE-LeaderElection56] INFO  impl.LeaderElection (LeaderElection.java:logAndReturn(94)) -   Response 1: c0360714-498d-4f71-92fe-394f4a6aa5bc<-50f5496c-ca8d-4e5d-a1d6-989fe0353439#0:FAIL-t3
2022-10-03 12:57:02,809 [c0360714-498d-4f71-92fe-394f4a6aa5bc@group-20325CDD31CE-LeaderElection56] INFO  impl.LeaderElection (LeaderElection.java:askForVotes(312)) - c0360714-498d-4f71-92fe-394f4a6aa5bc@group-20325CDD31CE-LeaderElection56 ELECTION round 0: result REJECTED
2022-10-03 12:57:02,809 [50f5496c-ca8d-4e5d-a1d6-989fe0353439@group-20325CDD31CE-LeaderElection55] INFO  impl.RoleInfo (RoleInfo.java:updateAndGet(139)) - 50f5496c-ca8d-4e5d-a1d6-989fe0353439: start 50f5496c-ca8d-4e5d-a1d6-989fe0353439@group-20325CDD31CE-FollowerState
2022-10-03 12:57:02,809 [c0360714-498d-4f71-92fe-394f4a6aa5bc@group-20325CDD31CE-LeaderElection56] INFO  server.RaftServer$Division (RaftServerImpl.java:setRole(299)) - c0360714-498d-4f71-92fe-394f4a6aa5bc@group-20325CDD31CE: changes role from CANDIDATE to FOLLOWER at term 3 for REJECTED
2022-10-03 12:57:02,809 [c0360714-498d-4f71-92fe-394f4a6aa5bc@group-20325CDD31CE-LeaderElection56] INFO  impl.RoleInfo (RoleInfo.java:shutdownLeaderElection(130)) - c0360714-498d-4f71-92fe-394f4a6aa5bc: shutdown c0360714-498d-4f71-92fe-394f4a6aa5bc@group-20325CDD31CE-LeaderElection56
2022-10-03 12:57:02,809 [c0360714-498d-4f71-92fe-394f4a6aa5bc@group-20325CDD31CE-LeaderElection56] INFO  impl.RoleInfo (RoleInfo.java:updateAndGet(139)) - c0360714-498d-4f71-92fe-394f4a6aa5bc: start c0360714-498d-4f71-92fe-394f4a6aa5bc@group-20325CDD31CE-FollowerState
2022-10-03 12:57:02,820 [40965ae6-a020-46d7-9af0-6fa26a365fb3@group-20325CDD31CE-FollowerState] INFO  impl.FollowerState (FollowerState.java:shouldRun(117)) - 40965ae6-a020-46d7-9af0-6fa26a365fb3@group-20325CDD31CE-FollowerState: Stopping now (isRunning? false, role = FOLLOWER)
2022-10-03 12:57:02,885 [grpc-default-executor-1] INFO  server.RaftServer$Division (RaftServerImpl.java:requestVote(1152)) - c0360714-498d-4f71-92fe-394f4a6aa5bc@group-20325CDD31CE: receive requestVote(ELECTION, 50f5496c-ca8d-4e5d-a1d6-989fe0353439, group-20325CDD31CE, 3, (t:0, i:0))
2022-10-03 12:57:02,885 [grpc-default-executor-1] INFO  impl.VoteContext (VoteContext.java:log(48)) - c0360714-498d-4f71-92fe-394f4a6aa5bc@group-20325CDD31CE-FOLLOWER: reject ELECTION from 50f5496c-ca8d-4e5d-a1d6-989fe0353439: already has voted for c0360714-498d-4f71-92fe-394f4a6aa5bc at current term 3
2022-10-03 12:57:02,885 [grpc-default-executor-1] INFO  server.RaftServer$Division (RaftServerImpl.java:requestVote(1184)) - c0360714-498d-4f71-92fe-394f4a6aa5bc@group-20325CDD31CE replies to ELECTION vote request: 50f5496c-ca8d-4e5d-a1d6-989fe0353439<-c0360714-498d-4f71-92fe-394f4a6aa5bc#0:FAIL-t3. Peer's state: c0360714-498d-4f71-92fe-394f4a6aa5bc@group-20325CDD31CE:t3, leader=null, voted=c0360714-498d-4f71-92fe-394f4a6aa5bc, raftlog=c0360714-498d-4f71-92fe-394f4a6aa5bc@group-20325CDD31CE-SegmentedRaftLog:OPENED:c-1, conf=-1: [40965ae6-a020-46d7-9af0-6fa26a365fb3|rpc:10.1.0.147:43889|dataStream:|priority:1, 50f5496c-ca8d-4e5d-a1d6-989fe0353439|rpc:10.1.0.147:42361|dataStream:|priority:0, c0360714-498d-4f71-92fe-394f4a6aa5bc|rpc:10.1.0.147:42583|dataStream:|priority:0], old=null
2022-10-03 12:57:03,145 [40965ae6-a020-46d7-9af0-6fa26a365fb3@group-64F9394126E2-FollowerState] INFO  impl.FollowerState (FollowerState.java:run(143)) - 40965ae6-a020-46d7-9af0-6fa26a365fb3@group-64F9394126E2-FollowerState: change to CANDIDATE, lastRpcElapsedTime:5126895823ns, electionTimeout:5080ms
2022-10-03 12:57:03,145 [40965ae6-a020-46d7-9af0-6fa26a365fb3@group-64F9394126E2-FollowerState] INFO  impl.RoleInfo (RoleInfo.java:shutdownFollowerState(110)) - 40965ae6-a020-46d7-9af0-6fa26a365fb3: shutdown 40965ae6-a020-46d7-9af0-6fa26a365fb3@group-64F9394126E2-FollowerState
2022-10-03 12:57:03,145 [40965ae6-a020-46d7-9af0-6fa26a365fb3@group-64F9394126E2-FollowerState] INFO  server.RaftServer$Division (RaftServerImpl.java:setRole(299)) - 40965ae6-a020-46d7-9af0-6fa26a365fb3@group-64F9394126E2: changes role from  FOLLOWER to CANDIDATE at term 2 for changeToCandidate
2022-10-03 12:57:03,145 [40965ae6-a020-46d7-9af0-6fa26a365fb3@group-64F9394126E2-FollowerState] INFO  server.RaftServerConfigKeys (ConfUtils.java:logGet(46)) - raft.server.leaderelection.pre-vote = false (custom)
2022-10-03 12:57:03,145 [40965ae6-a020-46d7-9af0-6fa26a365fb3@group-64F9394126E2-FollowerState] INFO  impl.RoleInfo (RoleInfo.java:updateAndGet(139)) - 40965ae6-a020-46d7-9af0-6fa26a365fb3: start 40965ae6-a020-46d7-9af0-6fa26a365fb3@group-64F9394126E2-LeaderElection58
2022-10-03 12:57:03,146 [50f5496c-ca8d-4e5d-a1d6-989fe0353439@group-64F9394126E2-FollowerState] INFO  impl.FollowerState (FollowerState.java:run(143)) - 50f5496c-ca8d-4e5d-a1d6-989fe0353439@group-64F9394126E2-FollowerState: change to CANDIDATE, lastRpcElapsedTime:5064694821ns, electionTimeout:5064ms
2022-10-03 12:57:03,146 [50f5496c-ca8d-4e5d-a1d6-989fe0353439@group-64F9394126E2-FollowerState] INFO  impl.RoleInfo (RoleInfo.java:shutdownFollowerState(110)) - 50f5496c-ca8d-4e5d-a1d6-989fe0353439: shutdown 50f5496c-ca8d-4e5d-a1d6-989fe0353439@group-64F9394126E2-FollowerState
2022-10-03 12:57:03,146 [50f5496c-ca8d-4e5d-a1d6-989fe0353439@group-64F9394126E2-FollowerState] INFO  server.RaftServer$Division (RaftServerImpl.java:setRole(299)) - 50f5496c-ca8d-4e5d-a1d6-989fe0353439@group-64F9394126E2: changes role from  FOLLOWER to CANDIDATE at term 2 for changeToCandidate
2022-10-03 12:57:03,149 [50f5496c-ca8d-4e5d-a1d6-989fe0353439@group-64F9394126E2-FollowerState] INFO  server.RaftServerConfigKeys (ConfUtils.java:logGet(46)) - raft.server.leaderelection.pre-vote = false (custom)
2022-10-03 12:57:03,154 [50f5496c-ca8d-4e5d-a1d6-989fe0353439@group-64F9394126E2-FollowerState] INFO  impl.RoleInfo (RoleInfo.java:updateAndGet(139)) - 50f5496c-ca8d-4e5d-a1d6-989fe0353439: start 50f5496c-ca8d-4e5d-a1d6-989fe0353439@group-64F9394126E2-LeaderElection59
2022-10-03 12:57:03,217 [50f5496c-ca8d-4e5d-a1d6-989fe0353439@group-64F9394126E2-LeaderElection59] INFO  impl.LeaderElection (LeaderElection.java:askForVotes(310)) - 50f5496c-ca8d-4e5d-a1d6-989fe0353439@group-64F9394126E2-LeaderElection59 ELECTION round 0: submit vote requests at term 3 for -1: [40965ae6-a020-46d7-9af0-6fa26a365fb3|rpc:10.1.0.147:43889|priority:0, 50f5496c-ca8d-4e5d-a1d6-989fe0353439|rpc:10.1.0.147:42361|priority:0, c0360714-498d-4f71-92fe-394f4a6aa5bc|rpc:10.1.0.147:42583|priority:1], old=null
2022-10-03 12:57:03,217 [40965ae6-a020-46d7-9af0-6fa26a365fb3@group-64F9394126E2-LeaderElection58] INFO  impl.LeaderElection (LeaderElection.java:askForVotes(310)) - 40965ae6-a020-46d7-9af0-6fa26a365fb3@group-64F9394126E2-LeaderElection58 ELECTION round 0: submit vote requests at term 3 for -1: [40965ae6-a020-46d7-9af0-6fa26a365fb3|rpc:10.1.0.147:43889|dataStream:|priority:0, 50f5496c-ca8d-4e5d-a1d6-989fe0353439|rpc:10.1.0.147:42361|dataStream:|priority:0, c0360714-498d-4f71-92fe-394f4a6aa5bc|rpc:10.1.0.147:42583|dataStream:|priority:1], old=null
2022-10-03 12:57:03,250 [grpc-default-executor-1] INFO  server.RaftServer$Division (RaftServerImpl.java:requestVote(1152)) - 40965ae6-a020-46d7-9af0-6fa26a365fb3@group-64F9394126E2: receive requestVote(ELECTION, 50f5496c-ca8d-4e5d-a1d6-989fe0353439, group-64F9394126E2, 3, (t:0, i:0))
2022-10-03 12:57:03,250 [grpc-default-executor-1] INFO  impl.VoteContext (VoteContext.java:log(48)) - 40965ae6-a020-46d7-9af0-6fa26a365fb3@group-64F9394126E2-CANDIDATE: reject ELECTION from 50f5496c-ca8d-4e5d-a1d6-989fe0353439: already has voted for 40965ae6-a020-46d7-9af0-6fa26a365fb3 at current term 3
2022-10-03 12:57:03,250 [grpc-default-executor-1] INFO  server.RaftServer$Division (RaftServerImpl.java:requestVote(1184)) - 40965ae6-a020-46d7-9af0-6fa26a365fb3@group-64F9394126E2 replies to ELECTION vote request: 50f5496c-ca8d-4e5d-a1d6-989fe0353439<-40965ae6-a020-46d7-9af0-6fa26a365fb3#0:FAIL-t3. Peer's state: 40965ae6-a020-46d7-9af0-6fa26a365fb3@group-64F9394126E2:t3, leader=null, voted=40965ae6-a020-46d7-9af0-6fa26a365fb3, raftlog=40965ae6-a020-46d7-9af0-6fa26a365fb3@group-64F9394126E2-SegmentedRaftLog:OPENED:c-1, conf=-1: [40965ae6-a020-46d7-9af0-6fa26a365fb3|rpc:10.1.0.147:43889|dataStream:|priority:0, 50f5496c-ca8d-4e5d-a1d6-989fe0353439|rpc:10.1.0.147:42361|dataStream:|priority:0, c0360714-498d-4f71-92fe-394f4a6aa5bc|rpc:10.1.0.147:42583|dataStream:|priority:1], old=null
2022-10-03 12:57:03,250 [grpc-default-executor-4] INFO  server.RaftServer$Division (RaftServerImpl.java:requestVote(1152)) - c0360714-498d-4f71-92fe-394f4a6aa5bc@group-64F9394126E2: receive requestVote(ELECTION, 50f5496c-ca8d-4e5d-a1d6-989fe0353439, group-64F9394126E2, 3, (t:0, i:0))
2022-10-03 12:57:03,250 [grpc-default-executor-4] INFO  impl.VoteContext (VoteContext.java:log(48)) - c0360714-498d-4f71-92fe-394f4a6aa5bc@group-64F9394126E2-FOLLOWER: reject ELECTION from 50f5496c-ca8d-4e5d-a1d6-989fe0353439: our priority 1 > candidate's priority 0
2022-10-03 12:57:03,250 [grpc-default-executor-4] INFO  server.RaftServer$Division (RaftServerImpl.java:setRole(299)) - c0360714-498d-4f71-92fe-394f4a6aa5bc@group-64F9394126E2: changes role from  FOLLOWER to FOLLOWER at term 3 for candidate:50f5496c-ca8d-4e5d-a1d6-989fe0353439
2022-10-03 12:57:03,250 [grpc-default-executor-4] INFO  impl.RoleInfo (RoleInfo.java:shutdownFollowerState(110)) - c0360714-498d-4f71-92fe-394f4a6aa5bc: shutdown c0360714-498d-4f71-92fe-394f4a6aa5bc@group-64F9394126E2-FollowerState
2022-10-03 12:57:03,251 [grpc-default-executor-4] INFO  impl.RoleInfo (RoleInfo.java:updateAndGet(139)) - c0360714-498d-4f71-92fe-394f4a6aa5bc: start c0360714-498d-4f71-92fe-394f4a6aa5bc@group-64F9394126E2-FollowerState
2022-10-03 12:57:03,251 [c0360714-498d-4f71-92fe-394f4a6aa5bc@group-64F9394126E2-FollowerState] INFO  impl.FollowerState (FollowerState.java:run(152)) - c0360714-498d-4f71-92fe-394f4a6aa5bc@group-64F9394126E2-FollowerState was interrupted
2022-10-03 12:57:03,261 [grpc-default-executor-4] INFO  server.RaftServer$Division (RaftServerImpl.java:requestVote(1184)) - c0360714-498d-4f71-92fe-394f4a6aa5bc@group-64F9394126E2 replies to ELECTION vote request: 50f5496c-ca8d-4e5d-a1d6-989fe0353439<-c0360714-498d-4f71-92fe-394f4a6aa5bc#0:FAIL-t3. Peer's state: c0360714-498d-4f71-92fe-394f4a6aa5bc@group-64F9394126E2:t3, leader=null, voted=null, raftlog=c0360714-498d-4f71-92fe-394f4a6aa5bc@group-64F9394126E2-SegmentedRaftLog:OPENED:c-1, conf=-1: [40965ae6-a020-46d7-9af0-6fa26a365fb3|rpc:10.1.0.147:43889|dataStream:|priority:0, 50f5496c-ca8d-4e5d-a1d6-989fe0353439|rpc:10.1.0.147:42361|dataStream:|priority:0, c0360714-498d-4f71-92fe-394f4a6aa5bc|rpc:10.1.0.147:42583|dataStream:|priority:1], old=null
2022-10-03 12:57:03,314 [grpc-default-executor-4] INFO  server.RaftServer$Division (RaftServerImpl.java:requestVote(1152)) - c0360714-498d-4f71-92fe-394f4a6aa5bc@group-64F9394126E2: receive requestVote(ELECTION, 40965ae6-a020-46d7-9af0-6fa26a365fb3, group-64F9394126E2, 3, (t:0, i:0))
2022-10-03 12:57:03,314 [50f5496c-ca8d-4e5d-a1d6-989fe0353439@group-64F9394126E2-LeaderElection59] INFO  impl.LeaderElection (LeaderElection.java:logAndReturn(90)) - 50f5496c-ca8d-4e5d-a1d6-989fe0353439@group-64F9394126E2-LeaderElection59: ELECTION REJECTED received 2 response(s) and 0 exception(s):
2022-10-03 12:57:03,314 [grpc-default-executor-4] INFO  impl.VoteContext (VoteContext.java:log(48)) - c0360714-498d-4f71-92fe-394f4a6aa5bc@group-64F9394126E2-FOLLOWER: reject ELECTION from 40965ae6-a020-46d7-9af0-6fa26a365fb3: our priority 1 > candidate's priority 0
2022-10-03 12:57:03,314 [50f5496c-ca8d-4e5d-a1d6-989fe0353439@group-64F9394126E2-LeaderElection59] INFO  impl.LeaderElection (LeaderElection.java:logAndReturn(94)) -   Response 0: 50f5496c-ca8d-4e5d-a1d6-989fe0353439<-40965ae6-a020-46d7-9af0-6fa26a365fb3#0:FAIL-t3
2022-10-03 12:57:03,314 [grpc-default-executor-4] INFO  server.RaftServer$Division (RaftServerImpl.java:setRole(299)) - c0360714-498d-4f71-92fe-394f4a6aa5bc@group-64F9394126E2: changes role from  FOLLOWER to FOLLOWER at term 3 for candidate:40965ae6-a020-46d7-9af0-6fa26a365fb3
2022-10-03 12:57:03,314 [50f5496c-ca8d-4e5d-a1d6-989fe0353439@group-64F9394126E2-LeaderElection59] INFO  impl.LeaderElection (LeaderElection.java:logAndReturn(94)) -   Response 1: 50f5496c-ca8d-4e5d-a1d6-989fe0353439<-c0360714-498d-4f71-92fe-394f4a6aa5bc#0:FAIL-t3
2022-10-03 12:57:03,315 [grpc-default-executor-4] INFO  impl.RoleInfo (RoleInfo.java:shutdownFollowerState(110)) - c0360714-498d-4f71-92fe-394f4a6aa5bc: shutdown c0360714-498d-4f71-92fe-394f4a6aa5bc@group-64F9394126E2-FollowerState
2022-10-03 12:57:03,315 [50f5496c-ca8d-4e5d-a1d6-989fe0353439@group-64F9394126E2-LeaderElection59] INFO  impl.LeaderElection (LeaderElection.java:askForVotes(312)) - 50f5496c-ca8d-4e5d-a1d6-989fe0353439@group-64F9394126E2-LeaderElection59 ELECTION round 0: result REJECTED
2022-10-03 12:57:03,315 [grpc-default-executor-4] INFO  impl.RoleInfo (RoleInfo.java:updateAndGet(139)) - c0360714-498d-4f71-92fe-394f4a6aa5bc: start c0360714-498d-4f71-92fe-394f4a6aa5bc@group-64F9394126E2-FollowerState
2022-10-03 12:57:03,315 [50f5496c-ca8d-4e5d-a1d6-989fe0353439@group-64F9394126E2-LeaderElection59] INFO  server.RaftServer$Division (RaftServerImpl.java:setRole(299)) - 50f5496c-ca8d-4e5d-a1d6-989fe0353439@group-64F9394126E2: changes role from CANDIDATE to FOLLOWER at term 3 for REJECTED
2022-10-03 12:57:03,315 [50f5496c-ca8d-4e5d-a1d6-989fe0353439@group-64F9394126E2-LeaderElection59] INFO  impl.RoleInfo (RoleInfo.java:shutdownLeaderElection(130)) - 50f5496c-ca8d-4e5d-a1d6-989fe0353439: shutdown 50f5496c-ca8d-4e5d-a1d6-989fe0353439@group-64F9394126E2-LeaderElection59
2022-10-03 12:57:03,315 [c0360714-498d-4f71-92fe-394f4a6aa5bc@group-64F9394126E2-FollowerState] INFO  impl.FollowerState (FollowerState.java:run(152)) - c0360714-498d-4f71-92fe-394f4a6aa5bc@group-64F9394126E2-FollowerState was interrupted
2022-10-03 12:57:03,326 [50f5496c-ca8d-4e5d-a1d6-989fe0353439@group-64F9394126E2-LeaderElection59] INFO  impl.RoleInfo (RoleInfo.java:updateAndGet(139)) - 50f5496c-ca8d-4e5d-a1d6-989fe0353439: start 50f5496c-ca8d-4e5d-a1d6-989fe0353439@group-64F9394126E2-FollowerState
2022-10-03 12:57:03,326 [grpc-default-executor-1] INFO  server.RaftServer$Division (RaftServerImpl.java:requestVote(1152)) - 50f5496c-ca8d-4e5d-a1d6-989fe0353439@group-64F9394126E2: receive requestVote(ELECTION, 40965ae6-a020-46d7-9af0-6fa26a365fb3, group-64F9394126E2, 3, (t:0, i:0))
2022-10-03 12:57:03,326 [grpc-default-executor-1] INFO  impl.VoteContext (VoteContext.java:log(48)) - 50f5496c-ca8d-4e5d-a1d6-989fe0353439@group-64F9394126E2-FOLLOWER: reject ELECTION from 40965ae6-a020-46d7-9af0-6fa26a365fb3: already has voted for 50f5496c-ca8d-4e5d-a1d6-989fe0353439 at current term 3
2022-10-03 12:57:03,326 [grpc-default-executor-1] INFO  server.RaftServer$Division (RaftServerImpl.java:requestVote(1184)) - 50f5496c-ca8d-4e5d-a1d6-989fe0353439@group-64F9394126E2 replies to ELECTION vote request: 40965ae6-a020-46d7-9af0-6fa26a365fb3<-50f5496c-ca8d-4e5d-a1d6-989fe0353439#0:FAIL-t3. Peer's state: 50f5496c-ca8d-4e5d-a1d6-989fe0353439@group-64F9394126E2:t3, leader=null, voted=50f5496c-ca8d-4e5d-a1d6-989fe0353439, raftlog=50f5496c-ca8d-4e5d-a1d6-989fe0353439@group-64F9394126E2-SegmentedRaftLog:OPENED:c-1, conf=-1: [40965ae6-a020-46d7-9af0-6fa26a365fb3|rpc:10.1.0.147:43889|priority:0, 50f5496c-ca8d-4e5d-a1d6-989fe0353439|rpc:10.1.0.147:42361|priority:0, c0360714-498d-4f71-92fe-394f4a6aa5bc|rpc:10.1.0.147:42583|priority:1], old=null
2022-10-03 12:57:03,345 [grpc-default-executor-4] INFO  server.RaftServer$Division (RaftServerImpl.java:requestVote(1184)) - c0360714-498d-4f71-92fe-394f4a6aa5bc@group-64F9394126E2 replies to ELECTION vote request: 40965ae6-a020-46d7-9af0-6fa26a365fb3<-c0360714-498d-4f71-92fe-394f4a6aa5bc#0:FAIL-t3. Peer's state: c0360714-498d-4f71-92fe-394f4a6aa5bc@group-64F9394126E2:t3, leader=null, voted=null, raftlog=c0360714-498d-4f71-92fe-394f4a6aa5bc@group-64F9394126E2-SegmentedRaftLog:OPENED:c-1, conf=-1: [40965ae6-a020-46d7-9af0-6fa26a365fb3|rpc:10.1.0.147:43889|dataStream:|priority:0, 50f5496c-ca8d-4e5d-a1d6-989fe0353439|rpc:10.1.0.147:42361|dataStream:|priority:0, c0360714-498d-4f71-92fe-394f4a6aa5bc|rpc:10.1.0.147:42583|dataStream:|priority:1], old=null
2022-10-03 12:57:03,355 [40965ae6-a020-46d7-9af0-6fa26a365fb3@group-64F9394126E2-LeaderElection58] INFO  impl.LeaderElection (LeaderElection.java:logAndReturn(90)) - 40965ae6-a020-46d7-9af0-6fa26a365fb3@group-64F9394126E2-LeaderElection58: ELECTION REJECTED received 2 response(s) and 0 exception(s):
2022-10-03 12:57:03,355 [40965ae6-a020-46d7-9af0-6fa26a365fb3@group-64F9394126E2-LeaderElection58] INFO  impl.LeaderElection (LeaderElection.java:logAndReturn(94)) -   Response 0: 40965ae6-a020-46d7-9af0-6fa26a365fb3<-50f5496c-ca8d-4e5d-a1d6-989fe0353439#0:FAIL-t3
2022-10-03 12:57:03,355 [40965ae6-a020-46d7-9af0-6fa26a365fb3@group-64F9394126E2-LeaderElection58] INFO  impl.LeaderElection (LeaderElection.java:logAndReturn(94)) -   Response 1: 40965ae6-a020-46d7-9af0-6fa26a365fb3<-c0360714-498d-4f71-92fe-394f4a6aa5bc#0:FAIL-t3
2022-10-03 12:57:03,356 [40965ae6-a020-46d7-9af0-6fa26a365fb3@group-64F9394126E2-LeaderElection58] INFO  impl.LeaderElection (LeaderElection.java:askForVotes(312)) - 40965ae6-a020-46d7-9af0-6fa26a365fb3@group-64F9394126E2-LeaderElection58 ELECTION round 0: result REJECTED
2022-10-03 12:57:03,356 [40965ae6-a020-46d7-9af0-6fa26a365fb3@group-64F9394126E2-LeaderElection58] INFO  server.RaftServer$Division (RaftServerImpl.java:setRole(299)) - 40965ae6-a020-46d7-9af0-6fa26a365fb3@group-64F9394126E2: changes role from CANDIDATE to FOLLOWER at term 3 for REJECTED
2022-10-03 12:57:03,356 [40965ae6-a020-46d7-9af0-6fa26a365fb3@group-64F9394126E2-LeaderElection58] INFO  impl.RoleInfo (RoleInfo.java:shutdownLeaderElection(130)) - 40965ae6-a020-46d7-9af0-6fa26a365fb3: shutdown 40965ae6-a020-46d7-9af0-6fa26a365fb3@group-64F9394126E2-LeaderElection58
2022-10-03 12:57:03,356 [40965ae6-a020-46d7-9af0-6fa26a365fb3@group-64F9394126E2-LeaderElection58] INFO  impl.RoleInfo (RoleInfo.java:updateAndGet(139)) - 40965ae6-a020-46d7-9af0-6fa26a365fb3: start 40965ae6-a020-46d7-9af0-6fa26a365fb3@group-64F9394126E2-FollowerState
2022-10-03 12:57:03,565 [Listener at 127.0.0.1/36433] INFO  ozone.MiniOzoneClusterImpl (MiniOzoneClusterImpl.java:lambda$waitForClusterToBeReady$0(216)) - Nodes are ready. Got 3 of 3 DN Heartbeats.
2022-10-03 12:57:03,565 [Listener at 127.0.0.1/36433] INFO  ozone.MiniOzoneClusterImpl (MiniOzoneClusterImpl.java:lambda$waitForClusterToBeReady$0(219)) - Waiting for cluster to exit safe mode
2022-10-03 12:57:03,565 [Listener at 127.0.0.1/36433] INFO  ozone.MiniOzoneClusterImpl (MiniOzoneClusterImpl.java:lambda$waitForClusterToBeReady$0(221)) - SCM became leader
2022-10-03 12:57:04,565 [Listener at 127.0.0.1/36433] INFO  ozone.MiniOzoneClusterImpl (MiniOzoneClusterImpl.java:lambda$waitForClusterToBeReady$0(216)) - Nodes are ready. Got 3 of 3 DN Heartbeats.
2022-10-03 12:57:04,565 [Listener at 127.0.0.1/36433] INFO  ozone.MiniOzoneClusterImpl (MiniOzoneClusterImpl.java:lambda$waitForClusterToBeReady$0(219)) - Waiting for cluster to exit safe mode
2022-10-03 12:57:04,565 [Listener at 127.0.0.1/36433] INFO  ozone.MiniOzoneClusterImpl (MiniOzoneClusterImpl.java:lambda$waitForClusterToBeReady$0(221)) - SCM became leader
2022-10-03 12:57:05,566 [Listener at 127.0.0.1/36433] INFO  ozone.MiniOzoneClusterImpl (MiniOzoneClusterImpl.java:lambda$waitForClusterToBeReady$0(216)) - Nodes are ready. Got 3 of 3 DN Heartbeats.
2022-10-03 12:57:05,566 [Listener at 127.0.0.1/36433] INFO  ozone.MiniOzoneClusterImpl (MiniOzoneClusterImpl.java:lambda$waitForClusterToBeReady$0(219)) - Waiting for cluster to exit safe mode
2022-10-03 12:57:05,566 [Listener at 127.0.0.1/36433] INFO  ozone.MiniOzoneClusterImpl (MiniOzoneClusterImpl.java:lambda$waitForClusterToBeReady$0(221)) - SCM became leader
2022-10-03 12:57:06,566 [Listener at 127.0.0.1/36433] INFO  ozone.MiniOzoneClusterImpl (MiniOzoneClusterImpl.java:lambda$waitForClusterToBeReady$0(216)) - Nodes are ready. Got 3 of 3 DN Heartbeats.
2022-10-03 12:57:06,608 [Listener at 127.0.0.1/36433] INFO  ozone.MiniOzoneClusterImpl (MiniOzoneClusterImpl.java:lambda$waitForClusterToBeReady$0(219)) - Waiting for cluster to exit safe mode
2022-10-03 12:57:06,608 [Listener at 127.0.0.1/36433] INFO  ozone.MiniOzoneClusterImpl (MiniOzoneClusterImpl.java:lambda$waitForClusterToBeReady$0(221)) - SCM became leader
2022-10-03 12:57:07,608 [Listener at 127.0.0.1/36433] INFO  ozone.MiniOzoneClusterImpl (MiniOzoneClusterImpl.java:lambda$waitForClusterToBeReady$0(216)) - Nodes are ready. Got 3 of 3 DN Heartbeats.
2022-10-03 12:57:07,608 [Listener at 127.0.0.1/36433] INFO  ozone.MiniOzoneClusterImpl (MiniOzoneClusterImpl.java:lambda$waitForClusterToBeReady$0(219)) - Waiting for cluster to exit safe mode
2022-10-03 12:57:07,608 [Listener at 127.0.0.1/36433] INFO  ozone.MiniOzoneClusterImpl (MiniOzoneClusterImpl.java:lambda$waitForClusterToBeReady$0(221)) - SCM became leader
2022-10-03 12:57:07,910 [40965ae6-a020-46d7-9af0-6fa26a365fb3@group-20325CDD31CE-FollowerState] INFO  impl.FollowerState (FollowerState.java:run(143)) - 40965ae6-a020-46d7-9af0-6fa26a365fb3@group-20325CDD31CE-FollowerState: change to CANDIDATE, lastRpcElapsedTime:5102852060ns, electionTimeout:5038ms
2022-10-03 12:57:07,910 [40965ae6-a020-46d7-9af0-6fa26a365fb3@group-20325CDD31CE-FollowerState] INFO  impl.RoleInfo (RoleInfo.java:shutdownFollowerState(110)) - 40965ae6-a020-46d7-9af0-6fa26a365fb3: shutdown 40965ae6-a020-46d7-9af0-6fa26a365fb3@group-20325CDD31CE-FollowerState
2022-10-03 12:57:07,910 [40965ae6-a020-46d7-9af0-6fa26a365fb3@group-20325CDD31CE-FollowerState] INFO  server.RaftServer$Division (RaftServerImpl.java:setRole(299)) - 40965ae6-a020-46d7-9af0-6fa26a365fb3@group-20325CDD31CE: changes role from  FOLLOWER to CANDIDATE at term 3 for changeToCandidate
2022-10-03 12:57:07,910 [40965ae6-a020-46d7-9af0-6fa26a365fb3@group-20325CDD31CE-FollowerState] INFO  server.RaftServerConfigKeys (ConfUtils.java:logGet(46)) - raft.server.leaderelection.pre-vote = false (custom)
2022-10-03 12:57:07,910 [40965ae6-a020-46d7-9af0-6fa26a365fb3@group-20325CDD31CE-FollowerState] INFO  impl.RoleInfo (RoleInfo.java:updateAndGet(139)) - 40965ae6-a020-46d7-9af0-6fa26a365fb3: start 40965ae6-a020-46d7-9af0-6fa26a365fb3@group-20325CDD31CE-LeaderElection60
2022-10-03 12:57:07,974 [40965ae6-a020-46d7-9af0-6fa26a365fb3@group-20325CDD31CE-LeaderElection60] INFO  impl.LeaderElection (LeaderElection.java:askForVotes(310)) - 40965ae6-a020-46d7-9af0-6fa26a365fb3@group-20325CDD31CE-LeaderElection60 ELECTION round 0: submit vote requests at term 4 for -1: [40965ae6-a020-46d7-9af0-6fa26a365fb3|rpc:10.1.0.147:43889|dataStream:|priority:1, 50f5496c-ca8d-4e5d-a1d6-989fe0353439|rpc:10.1.0.147:42361|dataStream:|priority:0, c0360714-498d-4f71-92fe-394f4a6aa5bc|rpc:10.1.0.147:42583|dataStream:|priority:0], old=null
2022-10-03 12:57:07,978 [c0360714-498d-4f71-92fe-394f4a6aa5bc@group-20325CDD31CE-FollowerState] INFO  impl.FollowerState (FollowerState.java:run(143)) - c0360714-498d-4f71-92fe-394f4a6aa5bc@group-20325CDD31CE-FollowerState: change to CANDIDATE, lastRpcElapsedTime:5169095177ns, electionTimeout:5168ms
2022-10-03 12:57:07,978 [c0360714-498d-4f71-92fe-394f4a6aa5bc@group-20325CDD31CE-FollowerState] INFO  impl.RoleInfo (RoleInfo.java:shutdownFollowerState(110)) - c0360714-498d-4f71-92fe-394f4a6aa5bc: shutdown c0360714-498d-4f71-92fe-394f4a6aa5bc@group-20325CDD31CE-FollowerState
2022-10-03 12:57:07,978 [c0360714-498d-4f71-92fe-394f4a6aa5bc@group-20325CDD31CE-FollowerState] INFO  server.RaftServer$Division (RaftServerImpl.java:setRole(299)) - c0360714-498d-4f71-92fe-394f4a6aa5bc@group-20325CDD31CE: changes role from  FOLLOWER to CANDIDATE at term 3 for changeToCandidate
2022-10-03 12:57:07,986 [c0360714-498d-4f71-92fe-394f4a6aa5bc@group-20325CDD31CE-FollowerState] INFO  server.RaftServerConfigKeys (ConfUtils.java:logGet(46)) - raft.server.leaderelection.pre-vote = false (custom)
2022-10-03 12:57:07,986 [c0360714-498d-4f71-92fe-394f4a6aa5bc@group-20325CDD31CE-FollowerState] INFO  impl.RoleInfo (RoleInfo.java:updateAndGet(139)) - c0360714-498d-4f71-92fe-394f4a6aa5bc: start c0360714-498d-4f71-92fe-394f4a6aa5bc@group-20325CDD31CE-LeaderElection61
2022-10-03 12:57:07,986 [grpc-default-executor-4] INFO  server.RaftServer$Division (RaftServerImpl.java:requestVote(1152)) - 50f5496c-ca8d-4e5d-a1d6-989fe0353439@group-20325CDD31CE: receive requestVote(ELECTION, 40965ae6-a020-46d7-9af0-6fa26a365fb3, group-20325CDD31CE, 4, (t:0, i:0))
2022-10-03 12:57:07,986 [grpc-default-executor-4] INFO  impl.VoteContext (VoteContext.java:log(48)) - 50f5496c-ca8d-4e5d-a1d6-989fe0353439@group-20325CDD31CE-FOLLOWER: accept ELECTION from 40965ae6-a020-46d7-9af0-6fa26a365fb3: our priority 0 <= candidate's priority 1
2022-10-03 12:57:07,986 [grpc-default-executor-4] INFO  server.RaftServer$Division (RaftServerImpl.java:setRole(299)) - 50f5496c-ca8d-4e5d-a1d6-989fe0353439@group-20325CDD31CE: changes role from  FOLLOWER to FOLLOWER at term 4 for candidate:40965ae6-a020-46d7-9af0-6fa26a365fb3
2022-10-03 12:57:07,986 [grpc-default-executor-4] INFO  impl.RoleInfo (RoleInfo.java:shutdownFollowerState(110)) - 50f5496c-ca8d-4e5d-a1d6-989fe0353439: shutdown 50f5496c-ca8d-4e5d-a1d6-989fe0353439@group-20325CDD31CE-FollowerState
2022-10-03 12:57:08,007 [50f5496c-ca8d-4e5d-a1d6-989fe0353439@group-20325CDD31CE-FollowerState] INFO  impl.FollowerState (FollowerState.java:shouldRun(117)) - 50f5496c-ca8d-4e5d-a1d6-989fe0353439@group-20325CDD31CE-FollowerState: Stopping now (isRunning? false, role = FOLLOWER)
2022-10-03 12:57:08,055 [grpc-default-executor-4] INFO  impl.RoleInfo (RoleInfo.java:updateAndGet(139)) - 50f5496c-ca8d-4e5d-a1d6-989fe0353439: start 50f5496c-ca8d-4e5d-a1d6-989fe0353439@group-20325CDD31CE-FollowerState
2022-10-03 12:57:08,057 [c0360714-498d-4f71-92fe-394f4a6aa5bc@group-20325CDD31CE-LeaderElection61] INFO  impl.LeaderElection (LeaderElection.java:askForVotes(310)) - c0360714-498d-4f71-92fe-394f4a6aa5bc@group-20325CDD31CE-LeaderElection61 ELECTION round 0: submit vote requests at term 4 for -1: [40965ae6-a020-46d7-9af0-6fa26a365fb3|rpc:10.1.0.147:43889|dataStream:|priority:1, 50f5496c-ca8d-4e5d-a1d6-989fe0353439|rpc:10.1.0.147:42361|dataStream:|priority:0, c0360714-498d-4f71-92fe-394f4a6aa5bc|rpc:10.1.0.147:42583|dataStream:|priority:0], old=null
2022-10-03 12:57:08,068 [grpc-default-executor-1] INFO  server.RaftServer$Division (RaftServerImpl.java:requestVote(1152)) - c0360714-498d-4f71-92fe-394f4a6aa5bc@group-20325CDD31CE: receive requestVote(ELECTION, 40965ae6-a020-46d7-9af0-6fa26a365fb3, group-20325CDD31CE, 4, (t:0, i:0))
2022-10-03 12:57:08,068 [grpc-default-executor-1] INFO  impl.VoteContext (VoteContext.java:log(48)) - c0360714-498d-4f71-92fe-394f4a6aa5bc@group-20325CDD31CE-CANDIDATE: reject ELECTION from 40965ae6-a020-46d7-9af0-6fa26a365fb3: already has voted for c0360714-498d-4f71-92fe-394f4a6aa5bc at current term 4
2022-10-03 12:57:08,068 [grpc-default-executor-1] INFO  server.RaftServer$Division (RaftServerImpl.java:requestVote(1184)) - c0360714-498d-4f71-92fe-394f4a6aa5bc@group-20325CDD31CE replies to ELECTION vote request: 40965ae6-a020-46d7-9af0-6fa26a365fb3<-c0360714-498d-4f71-92fe-394f4a6aa5bc#0:FAIL-t4. Peer's state: c0360714-498d-4f71-92fe-394f4a6aa5bc@group-20325CDD31CE:t4, leader=null, voted=c0360714-498d-4f71-92fe-394f4a6aa5bc, raftlog=c0360714-498d-4f71-92fe-394f4a6aa5bc@group-20325CDD31CE-SegmentedRaftLog:OPENED:c-1, conf=-1: [40965ae6-a020-46d7-9af0-6fa26a365fb3|rpc:10.1.0.147:43889|dataStream:|priority:1, 50f5496c-ca8d-4e5d-a1d6-989fe0353439|rpc:10.1.0.147:42361|dataStream:|priority:0, c0360714-498d-4f71-92fe-394f4a6aa5bc|rpc:10.1.0.147:42583|dataStream:|priority:0], old=null
2022-10-03 12:57:08,069 [grpc-default-executor-4] INFO  server.RaftServer$Division (RaftServerImpl.java:requestVote(1184)) - 50f5496c-ca8d-4e5d-a1d6-989fe0353439@group-20325CDD31CE replies to ELECTION vote request: 40965ae6-a020-46d7-9af0-6fa26a365fb3<-50f5496c-ca8d-4e5d-a1d6-989fe0353439#0:OK-t4. Peer's state: 50f5496c-ca8d-4e5d-a1d6-989fe0353439@group-20325CDD31CE:t4, leader=null, voted=40965ae6-a020-46d7-9af0-6fa26a365fb3, raftlog=50f5496c-ca8d-4e5d-a1d6-989fe0353439@group-20325CDD31CE-SegmentedRaftLog:OPENED:c-1, conf=-1: [40965ae6-a020-46d7-9af0-6fa26a365fb3|rpc:10.1.0.147:43889|priority:1, 50f5496c-ca8d-4e5d-a1d6-989fe0353439|rpc:10.1.0.147:42361|priority:0, c0360714-498d-4f71-92fe-394f4a6aa5bc|rpc:10.1.0.147:42583|priority:0], old=null
2022-10-03 12:57:08,117 [grpc-default-executor-4] INFO  server.RaftServer$Division (RaftServerImpl.java:requestVote(1152)) - 40965ae6-a020-46d7-9af0-6fa26a365fb3@group-20325CDD31CE: receive requestVote(ELECTION, c0360714-498d-4f71-92fe-394f4a6aa5bc, group-20325CDD31CE, 4, (t:0, i:0))
2022-10-03 12:57:08,117 [grpc-default-executor-4] INFO  impl.VoteContext (VoteContext.java:log(48)) - 40965ae6-a020-46d7-9af0-6fa26a365fb3@group-20325CDD31CE-CANDIDATE: reject ELECTION from c0360714-498d-4f71-92fe-394f4a6aa5bc: already has voted for 40965ae6-a020-46d7-9af0-6fa26a365fb3 at current term 4
2022-10-03 12:57:08,118 [grpc-default-executor-4] INFO  server.RaftServer$Division (RaftServerImpl.java:requestVote(1184)) - 40965ae6-a020-46d7-9af0-6fa26a365fb3@group-20325CDD31CE replies to ELECTION vote request: c0360714-498d-4f71-92fe-394f4a6aa5bc<-40965ae6-a020-46d7-9af0-6fa26a365fb3#0:FAIL-t4. Peer's state: 40965ae6-a020-46d7-9af0-6fa26a365fb3@group-20325CDD31CE:t4, leader=null, voted=40965ae6-a020-46d7-9af0-6fa26a365fb3, raftlog=40965ae6-a020-46d7-9af0-6fa26a365fb3@group-20325CDD31CE-SegmentedRaftLog:OPENED:c-1, conf=-1: [40965ae6-a020-46d7-9af0-6fa26a365fb3|rpc:10.1.0.147:43889|dataStream:|priority:1, 50f5496c-ca8d-4e5d-a1d6-989fe0353439|rpc:10.1.0.147:42361|dataStream:|priority:0, c0360714-498d-4f71-92fe-394f4a6aa5bc|rpc:10.1.0.147:42583|dataStream:|priority:0], old=null
2022-10-03 12:57:08,118 [40965ae6-a020-46d7-9af0-6fa26a365fb3@group-20325CDD31CE-LeaderElection60] INFO  impl.LeaderElection (LeaderElection.java:logAndReturn(90)) - 40965ae6-a020-46d7-9af0-6fa26a365fb3@group-20325CDD31CE-LeaderElection60: ELECTION PASSED received 2 response(s) and 0 exception(s):
2022-10-03 12:57:08,118 [40965ae6-a020-46d7-9af0-6fa26a365fb3@group-20325CDD31CE-LeaderElection60] INFO  impl.LeaderElection (LeaderElection.java:logAndReturn(94)) -   Response 0: 40965ae6-a020-46d7-9af0-6fa26a365fb3<-50f5496c-ca8d-4e5d-a1d6-989fe0353439#0:OK-t4
2022-10-03 12:57:08,119 [40965ae6-a020-46d7-9af0-6fa26a365fb3@group-20325CDD31CE-LeaderElection60] INFO  impl.LeaderElection (LeaderElection.java:logAndReturn(94)) -   Response 1: 40965ae6-a020-46d7-9af0-6fa26a365fb3<-c0360714-498d-4f71-92fe-394f4a6aa5bc#0:FAIL-t4
2022-10-03 12:57:08,119 [40965ae6-a020-46d7-9af0-6fa26a365fb3@group-20325CDD31CE-LeaderElection60] INFO  impl.LeaderElection (LeaderElection.java:askForVotes(312)) - 40965ae6-a020-46d7-9af0-6fa26a365fb3@group-20325CDD31CE-LeaderElection60 ELECTION round 0: result PASSED
2022-10-03 12:57:08,119 [40965ae6-a020-46d7-9af0-6fa26a365fb3@group-20325CDD31CE-LeaderElection60] INFO  impl.RoleInfo (RoleInfo.java:shutdownLeaderElection(130)) - 40965ae6-a020-46d7-9af0-6fa26a365fb3: shutdown 40965ae6-a020-46d7-9af0-6fa26a365fb3@group-20325CDD31CE-LeaderElection60
2022-10-03 12:57:08,119 [40965ae6-a020-46d7-9af0-6fa26a365fb3@group-20325CDD31CE-LeaderElection60] INFO  server.RaftServer$Division (RaftServerImpl.java:setRole(299)) - 40965ae6-a020-46d7-9af0-6fa26a365fb3@group-20325CDD31CE: changes role from CANDIDATE to LEADER at term 4 for changeToLeader
2022-10-03 12:57:08,119 [40965ae6-a020-46d7-9af0-6fa26a365fb3@group-20325CDD31CE-LeaderElection60] INFO  ratis.XceiverServerRatis (XceiverServerRatis.java:handleLeaderChangedNotification(863)) - Leader change notification received for group: group-20325CDD31CE with new leaderId: 40965ae6-a020-46d7-9af0-6fa26a365fb3
2022-10-03 12:57:08,119 [40965ae6-a020-46d7-9af0-6fa26a365fb3@group-20325CDD31CE-LeaderElection60] INFO  server.RaftServer$Division (ServerState.java:setLeader(287)) - 40965ae6-a020-46d7-9af0-6fa26a365fb3@group-20325CDD31CE: change Leader from null to 40965ae6-a020-46d7-9af0-6fa26a365fb3 at term 4 for becomeLeader, leader elected after 20757ms
2022-10-03 12:57:08,119 [40965ae6-a020-46d7-9af0-6fa26a365fb3@group-20325CDD31CE-LeaderElection60] INFO  server.RaftServerConfigKeys (ConfUtils.java:logGet(46)) - raft.server.staging.catchup.gap = 1000 (default)
2022-10-03 12:57:08,119 [40965ae6-a020-46d7-9af0-6fa26a365fb3@group-20325CDD31CE-LeaderElection60] INFO  server.RaftServerConfigKeys (ConfUtils.java:logGet(46)) - raft.server.write.element-limit = 1024 (custom)
2022-10-03 12:57:08,119 [40965ae6-a020-46d7-9af0-6fa26a365fb3@group-20325CDD31CE-LeaderElection60] INFO  server.RaftServerConfigKeys (ConfUtils.java:logGet(46)) - raft.server.write.byte-limit = 1024 M (=1073741824) (custom)
2022-10-03 12:57:08,119 [40965ae6-a020-46d7-9af0-6fa26a365fb3@group-20325CDD31CE-LeaderElection60] INFO  server.RaftServerConfigKeys (ConfUtils.java:logGet(46)) - raft.server.watch.timeout = 180s (custom)
2022-10-03 12:57:08,119 [40965ae6-a020-46d7-9af0-6fa26a365fb3@group-20325CDD31CE-LeaderElection60] INFO  server.RaftServerConfigKeys (ConfUtils.java:logGet(46)) - raft.server.watch.timeout.denomination = 1s (default)
2022-10-03 12:57:08,119 [40965ae6-a020-46d7-9af0-6fa26a365fb3@group-20325CDD31CE-LeaderElection60] INFO  server.RaftServerConfigKeys (ConfUtils.java:logGet(46)) - raft.server.watch.element-limit = 65536 (default)
2022-10-03 12:57:08,120 [40965ae6-a020-46d7-9af0-6fa26a365fb3@group-20325CDD31CE-LeaderElection60] INFO  server.RaftServerConfigKeys (ConfUtils.java:logGet(46)) - raft.server.write.element-limit = 1024 (custom)
2022-10-03 12:57:08,120 [40965ae6-a020-46d7-9af0-6fa26a365fb3@group-20325CDD31CE-LeaderElection60] INFO  server.RaftServerConfigKeys (ConfUtils.java:logGet(46)) - raft.server.write.follower.gap.ratio.max = -1.0 (default)
2022-10-03 12:57:08,120 [40965ae6-a020-46d7-9af0-6fa26a365fb3@group-20325CDD31CE-LeaderElection60] INFO  server.RaftServerConfigKeys (ConfUtils.java:logGet(46)) - raft.server.log.appender.snapshot.chunk.size.max = 16MB (=16777216) (default)
2022-10-03 12:57:08,120 [40965ae6-a020-46d7-9af0-6fa26a365fb3@group-20325CDD31CE-LeaderElection60] INFO  server.RaftServerConfigKeys (ConfUtils.java:logGet(46)) - raft.server.log.appender.buffer.byte-limit = 33554432 (custom)
2022-10-03 12:57:08,120 [40965ae6-a020-46d7-9af0-6fa26a365fb3@group-20325CDD31CE-LeaderElection60] INFO  server.RaftServerConfigKeys (ConfUtils.java:logGet(46)) - raft.server.log.appender.buffer.element-limit = 1 (custom)
2022-10-03 12:57:08,120 [40965ae6-a020-46d7-9af0-6fa26a365fb3@group-20325CDD31CE-LeaderElection60] INFO  grpc.GrpcConfigKeys (ConfUtils.java:logGet(46)) - raft.grpc.server.leader.outstanding.appends.max = 128 (default)
2022-10-03 12:57:08,120 [40965ae6-a020-46d7-9af0-6fa26a365fb3@group-20325CDD31CE-LeaderElection60] INFO  server.RaftServerConfigKeys (ConfUtils.java:logGet(46)) - raft.server.rpc.request.timeout = 60s (custom)
2022-10-03 12:57:08,121 [40965ae6-a020-46d7-9af0-6fa26a365fb3@group-20325CDD31CE-LeaderElection60] INFO  server.RaftServerConfigKeys (ConfUtils.java:logGet(46)) - raft.server.log.appender.install.snapshot.enabled = false (custom)
2022-10-03 12:57:08,122 [EventQueue-PipelineReportForPipelineReportHandler] INFO  pipeline.PipelineManagerImpl (PipelineManagerImpl.java:openPipeline(367)) - Pipeline Pipeline[ Id: f62c253f-950a-4048-add8-20325cdd31ce, Nodes: c0360714-498d-4f71-92fe-394f4a6aa5bc{ip: 10.1.0.147, host: fv-az443-503.ap2fcshprsnunfx25e1aelzb4b.cx.internal.cloudapp.net, ports: [REPLICATION=33775, RATIS=42583, RATIS_ADMIN=42583, RATIS_SERVER=42583, STANDALONE=40505], networkLocation: /default-rack, certSerialId: null, persistedOpState: IN_SERVICE, persistedOpStateExpiryEpochSec: 0}50f5496c-ca8d-4e5d-a1d6-989fe0353439{ip: 10.1.0.147, host: fv-az443-503.ap2fcshprsnunfx25e1aelzb4b.cx.internal.cloudapp.net, ports: [REPLICATION=45895, RATIS=42361, RATIS_ADMIN=42361, RATIS_SERVER=42361, STANDALONE=40365], networkLocation: /default-rack, certSerialId: null, persistedOpState: IN_SERVICE, persistedOpStateExpiryEpochSec: 0}40965ae6-a020-46d7-9af0-6fa26a365fb3{ip: 10.1.0.147, host: fv-az443-503.ap2fcshprsnunfx25e1aelzb4b.cx.internal.cloudapp.net, ports: [REPLICATION=40571, RATIS=43889, RATIS_ADMIN=43889, RATIS_SERVER=43889, STANDALONE=41097], networkLocation: /default-rack, certSerialId: null, persistedOpState: IN_SERVICE, persistedOpStateExpiryEpochSec: 0}, ReplicationConfig: RATIS/THREE, State:ALLOCATED, leaderId:40965ae6-a020-46d7-9af0-6fa26a365fb3, CreationTimestamp2022-10-03T12:56:45.633Z[Etc/UTC]] moved to OPEN state
2022-10-03 12:57:08,123 [EventQueue-OpenPipelineForHealthyPipelineSafeModeRule] INFO  safemode.SCMSafeModeManager (HealthyPipelineSafeModeRule.java:process(137)) - SCM in safe mode. Healthy pipelines reported count is 1, required healthy pipeline reported count is 1
2022-10-03 12:57:08,123 [EventQueue-OpenPipelineForHealthyPipelineSafeModeRule] INFO  safemode.SCMSafeModeManager (SCMSafeModeManager.java:validateSafeModeExitRules(204)) - HealthyPipelineSafeModeRule rule is successfully validated
2022-10-03 12:57:08,123 [EventQueue-OpenPipelineForHealthyPipelineSafeModeRule] INFO  safemode.SCMSafeModeManager (SCMSafeModeManager.java:validateSafeModeExitRules(219)) - ScmSafeModeManager, all rules are successfully validated
2022-10-03 12:57:08,123 [EventQueue-OpenPipelineForHealthyPipelineSafeModeRule] INFO  safemode.SCMSafeModeManager (SCMSafeModeManager.java:exitSafeMode(248)) - SCM exiting safe mode.
2022-10-03 12:57:08,123 [EventQueue-OpenPipelineForHealthyPipelineSafeModeRule] WARN  events.EventQueue (EventQueue.java:fireEvent(216)) - No event handler registered for event TypedEvent{payloadType=SafeModeStatus, name='Safe mode status'}
2022-10-03 12:57:08,123 [EventQueue-OpenPipelineForHealthyPipelineSafeModeRule] INFO  ha.SCMContext (SCMContext.java:updateSafeModeStatus(228)) - Update SafeModeStatus from SafeModeStatus{safeModeStatus=true, preCheckPassed=true} to SafeModeStatus{safeModeStatus=false, preCheckPassed=true}.
2022-10-03 12:57:08,123 [EventQueue-OpenPipelineForHealthyPipelineSafeModeRule] INFO  pipeline.BackgroundPipelineCreator (BackgroundPipelineCreator.java:notifyStatusChanged(254)) - Service BackgroundPipelineCreator transitions to RUNNING.
2022-10-03 12:57:08,123 [EventQueue-OpenPipelineForHealthyPipelineSafeModeRule] INFO  BackgroundPipelineScrubber (BackgroundSCMService.java:notifyStatusChanged(82)) - Service BackgroundPipelineScrubber transitions to RUNNING.
2022-10-03 12:57:08,123 [EventQueue-OpenPipelineForHealthyPipelineSafeModeRule] INFO  ExpiredContainerReplicaOpScrubber (BackgroundSCMService.java:notifyStatusChanged(82)) - Service ExpiredContainerReplicaOpScrubber transitions to RUNNING.
2022-10-03 12:57:08,123 [EventQueue-OpenPipelineForHealthyPipelineSafeModeRule] INFO  replication.ReplicationManager (ReplicationManager.java:notifyStatusChanged(728)) - Service ReplicationManager transitions to RUNNING.
2022-10-03 12:57:08,123 [EventQueue-OpenPipelineForHealthyPipelineSafeModeRule] WARN  balancer.ContainerBalancer (ContainerBalancer.java:shouldRun(936)) - Could not find persisted configuration for ContainerBalancer when checking if ContainerBalancer should run. ContainerBalancer should not run now.
2022-10-03 12:57:08,126 [c0360714-498d-4f71-92fe-394f4a6aa5bc@group-20325CDD31CE-LeaderElection61] INFO  impl.LeaderElection (LeaderElection.java:logAndReturn(90)) - c0360714-498d-4f71-92fe-394f4a6aa5bc@group-20325CDD31CE-LeaderElection61: ELECTION REJECTED received 1 response(s) and 0 exception(s):
2022-10-03 12:57:08,126 [c0360714-498d-4f71-92fe-394f4a6aa5bc@group-20325CDD31CE-LeaderElection61] INFO  impl.LeaderElection (LeaderElection.java:logAndReturn(94)) -   Response 0: c0360714-498d-4f71-92fe-394f4a6aa5bc<-40965ae6-a020-46d7-9af0-6fa26a365fb3#0:FAIL-t4
2022-10-03 12:57:08,126 [c0360714-498d-4f71-92fe-394f4a6aa5bc@group-20325CDD31CE-LeaderElection61] INFO  impl.LeaderElection (LeaderElection.java:askForVotes(312)) - c0360714-498d-4f71-92fe-394f4a6aa5bc@group-20325CDD31CE-LeaderElection61 ELECTION round 0: result REJECTED
2022-10-03 12:57:08,126 [c0360714-498d-4f71-92fe-394f4a6aa5bc@group-20325CDD31CE-LeaderElection61] INFO  server.RaftServer$Division (RaftServerImpl.java:setRole(299)) - c0360714-498d-4f71-92fe-394f4a6aa5bc@group-20325CDD31CE: changes role from CANDIDATE to FOLLOWER at term 4 for REJECTED
2022-10-03 12:57:08,126 [c0360714-498d-4f71-92fe-394f4a6aa5bc@group-20325CDD31CE-LeaderElection61] INFO  impl.RoleInfo (RoleInfo.java:shutdownLeaderElection(130)) - c0360714-498d-4f71-92fe-394f4a6aa5bc: shutdown c0360714-498d-4f71-92fe-394f4a6aa5bc@group-20325CDD31CE-LeaderElection61
2022-10-03 12:57:08,126 [c0360714-498d-4f71-92fe-394f4a6aa5bc@group-20325CDD31CE-LeaderElection61] INFO  impl.RoleInfo (RoleInfo.java:updateAndGet(139)) - c0360714-498d-4f71-92fe-394f4a6aa5bc: start c0360714-498d-4f71-92fe-394f4a6aa5bc@group-20325CDD31CE-FollowerState
2022-10-03 12:57:08,129 [40965ae6-a020-46d7-9af0-6fa26a365fb3@group-20325CDD31CE-LeaderElection60] INFO  server.RaftServerConfigKeys (ConfUtils.java:logGet(46)) - raft.server.log.appender.snapshot.chunk.size.max = 16MB (=16777216) (default)
2022-10-03 12:57:08,130 [40965ae6-a020-46d7-9af0-6fa26a365fb3@group-20325CDD31CE-LeaderElection60] INFO  server.RaftServerConfigKeys (ConfUtils.java:logGet(46)) - raft.server.log.appender.buffer.byte-limit = 33554432 (custom)
2022-10-03 12:57:08,130 [40965ae6-a020-46d7-9af0-6fa26a365fb3@group-20325CDD31CE-LeaderElection60] INFO  server.RaftServerConfigKeys (ConfUtils.java:logGet(46)) - raft.server.log.appender.buffer.element-limit = 1 (custom)
2022-10-03 12:57:08,150 [grpc-default-executor-1] INFO  server.RaftServer$Division (RaftServerImpl.java:requestVote(1152)) - 50f5496c-ca8d-4e5d-a1d6-989fe0353439@group-20325CDD31CE: receive requestVote(ELECTION, c0360714-498d-4f71-92fe-394f4a6aa5bc, group-20325CDD31CE, 4, (t:0, i:0))
2022-10-03 12:57:08,150 [grpc-default-executor-1] INFO  impl.VoteContext (VoteContext.java:log(48)) - 50f5496c-ca8d-4e5d-a1d6-989fe0353439@group-20325CDD31CE-FOLLOWER: reject ELECTION from c0360714-498d-4f71-92fe-394f4a6aa5bc: already has voted for 40965ae6-a020-46d7-9af0-6fa26a365fb3 at current term 4
2022-10-03 12:57:08,150 [grpc-default-executor-1] INFO  server.RaftServer$Division (RaftServerImpl.java:requestVote(1184)) - 50f5496c-ca8d-4e5d-a1d6-989fe0353439@group-20325CDD31CE replies to ELECTION vote request: c0360714-498d-4f71-92fe-394f4a6aa5bc<-50f5496c-ca8d-4e5d-a1d6-989fe0353439#0:FAIL-t4. Peer's state: 50f5496c-ca8d-4e5d-a1d6-989fe0353439@group-20325CDD31CE:t4, leader=null, voted=40965ae6-a020-46d7-9af0-6fa26a365fb3, raftlog=50f5496c-ca8d-4e5d-a1d6-989fe0353439@group-20325CDD31CE-SegmentedRaftLog:OPENED:c-1, conf=-1: [40965ae6-a020-46d7-9af0-6fa26a365fb3|rpc:10.1.0.147:43889|priority:1, 50f5496c-ca8d-4e5d-a1d6-989fe0353439|rpc:10.1.0.147:42361|priority:0, c0360714-498d-4f71-92fe-394f4a6aa5bc|rpc:10.1.0.147:42583|priority:0], old=null
2022-10-03 12:57:08,189 [40965ae6-a020-46d7-9af0-6fa26a365fb3@group-20325CDD31CE-LeaderElection60] INFO  grpc.GrpcConfigKeys (ConfUtils.java:logGet(46)) - raft.grpc.server.leader.outstanding.appends.max = 128 (default)
2022-10-03 12:57:08,189 [40965ae6-a020-46d7-9af0-6fa26a365fb3@group-20325CDD31CE-LeaderElection60] INFO  server.RaftServerConfigKeys (ConfUtils.java:logGet(46)) - raft.server.rpc.request.timeout = 60s (custom)
2022-10-03 12:57:08,189 [40965ae6-a020-46d7-9af0-6fa26a365fb3@group-20325CDD31CE-LeaderElection60] INFO  server.RaftServerConfigKeys (ConfUtils.java:logGet(46)) - raft.server.log.appender.install.snapshot.enabled = false (custom)
2022-10-03 12:57:08,189 [40965ae6-a020-46d7-9af0-6fa26a365fb3@group-20325CDD31CE-LeaderElection60] INFO  impl.RoleInfo (RoleInfo.java:updateAndGet(139)) - 40965ae6-a020-46d7-9af0-6fa26a365fb3: start 40965ae6-a020-46d7-9af0-6fa26a365fb3@group-20325CDD31CE-LeaderStateImpl
2022-10-03 12:57:08,190 [40965ae6-a020-46d7-9af0-6fa26a365fb3@group-20325CDD31CE-LeaderElection60] INFO  segmented.SegmentedRaftLogWorker (SegmentedRaftLogWorker.java:startLogSegment(425)) - 40965ae6-a020-46d7-9af0-6fa26a365fb3@group-20325CDD31CE-SegmentedRaftLogWorker: Starting segment from index:0
2022-10-03 12:57:08,197 [40965ae6-a020-46d7-9af0-6fa26a365fb3@group-20325CDD31CE-SegmentedRaftLogWorker] INFO  segmented.SegmentedRaftLogWorker (SegmentedRaftLogWorker.java:execute(629)) - 40965ae6-a020-46d7-9af0-6fa26a365fb3@group-20325CDD31CE-SegmentedRaftLogWorker: created new log segment /home/runner/work/ozone/ozone/hadoop-ozone/integration-test/target/test-dir/MiniOzoneClusterImpl-01f267b2-e4ec-44eb-81f8-9e98a03d735c/datanode-1/data/ratis/f62c253f-950a-4048-add8-20325cdd31ce/current/log_inprogress_0
2022-10-03 12:57:08,270 [40965ae6-a020-46d7-9af0-6fa26a365fb3@group-20325CDD31CE-LeaderElection60] INFO  server.RaftServer$Division (ServerState.java:setRaftConf(393)) - 40965ae6-a020-46d7-9af0-6fa26a365fb3@group-20325CDD31CE: set configuration 0: [40965ae6-a020-46d7-9af0-6fa26a365fb3|rpc:10.1.0.147:43889|dataStream:|priority:1, 50f5496c-ca8d-4e5d-a1d6-989fe0353439|rpc:10.1.0.147:42361|dataStream:|priority:0, c0360714-498d-4f71-92fe-394f4a6aa5bc|rpc:10.1.0.147:42583|dataStream:|priority:0], old=null
2022-10-03 12:57:08,304 [50f5496c-ca8d-4e5d-a1d6-989fe0353439-server-thread1] INFO  ratis.XceiverServerRatis (XceiverServerRatis.java:handleLeaderChangedNotification(863)) - Leader change notification received for group: group-20325CDD31CE with new leaderId: 40965ae6-a020-46d7-9af0-6fa26a365fb3
2022-10-03 12:57:08,304 [50f5496c-ca8d-4e5d-a1d6-989fe0353439-server-thread1] INFO  server.RaftServer$Division (ServerState.java:setLeader(287)) - 50f5496c-ca8d-4e5d-a1d6-989fe0353439@group-20325CDD31CE: change Leader from null to 40965ae6-a020-46d7-9af0-6fa26a365fb3 at term 4 for appendEntries, leader elected after 21321ms
2022-10-03 12:57:08,333 [50f5496c-ca8d-4e5d-a1d6-989fe0353439@group-64F9394126E2-FollowerState] INFO  impl.FollowerState (FollowerState.java:run(143)) - 50f5496c-ca8d-4e5d-a1d6-989fe0353439@group-64F9394126E2-FollowerState: change to CANDIDATE, lastRpcElapsedTime:5007255347ns, electionTimeout:5003ms
2022-10-03 12:57:08,333 [50f5496c-ca8d-4e5d-a1d6-989fe0353439@group-64F9394126E2-FollowerState] INFO  impl.RoleInfo (RoleInfo.java:shutdownFollowerState(110)) - 50f5496c-ca8d-4e5d-a1d6-989fe0353439: shutdown 50f5496c-ca8d-4e5d-a1d6-989fe0353439@group-64F9394126E2-FollowerState
2022-10-03 12:57:08,333 [50f5496c-ca8d-4e5d-a1d6-989fe0353439@group-64F9394126E2-FollowerState] INFO  server.RaftServer$Division (RaftServerImpl.java:setRole(299)) - 50f5496c-ca8d-4e5d-a1d6-989fe0353439@group-64F9394126E2: changes role from  FOLLOWER to CANDIDATE at term 3 for changeToCandidate
2022-10-03 12:57:08,339 [50f5496c-ca8d-4e5d-a1d6-989fe0353439@group-64F9394126E2-FollowerState] INFO  server.RaftServerConfigKeys (ConfUtils.java:logGet(46)) - raft.server.leaderelection.pre-vote = false (custom)
2022-10-03 12:57:08,339 [50f5496c-ca8d-4e5d-a1d6-989fe0353439@group-64F9394126E2-FollowerState] INFO  impl.RoleInfo (RoleInfo.java:updateAndGet(139)) - 50f5496c-ca8d-4e5d-a1d6-989fe0353439: start 50f5496c-ca8d-4e5d-a1d6-989fe0353439@group-64F9394126E2-LeaderElection62
2022-10-03 12:57:08,340 [c0360714-498d-4f71-92fe-394f4a6aa5bc-server-thread1] INFO  ratis.XceiverServerRatis (XceiverServerRatis.java:handleLeaderChangedNotification(863)) - Leader change notification received for group: group-20325CDD31CE with new leaderId: 40965ae6-a020-46d7-9af0-6fa26a365fb3
2022-10-03 12:57:08,340 [c0360714-498d-4f71-92fe-394f4a6aa5bc-server-thread1] INFO  server.RaftServer$Division (ServerState.java:setLeader(287)) - c0360714-498d-4f71-92fe-394f4a6aa5bc@group-20325CDD31CE: change Leader from null to 40965ae6-a020-46d7-9af0-6fa26a365fb3 at term 4 for appendEntries, leader elected after 21206ms
2022-10-03 12:57:08,357 [c0360714-498d-4f71-92fe-394f4a6aa5bc-server-thread1] INFO  server.RaftServer$Division (ServerState.java:setRaftConf(393)) - c0360714-498d-4f71-92fe-394f4a6aa5bc@group-20325CDD31CE: set configuration 0: [40965ae6-a020-46d7-9af0-6fa26a365fb3|rpc:10.1.0.147:43889|dataStream:|priority:1, 50f5496c-ca8d-4e5d-a1d6-989fe0353439|rpc:10.1.0.147:42361|dataStream:|priority:0, c0360714-498d-4f71-92fe-394f4a6aa5bc|rpc:10.1.0.147:42583|dataStream:|priority:0], old=null
2022-10-03 12:57:08,357 [c0360714-498d-4f71-92fe-394f4a6aa5bc-server-thread1] INFO  segmented.SegmentedRaftLogWorker (SegmentedRaftLogWorker.java:startLogSegment(425)) - c0360714-498d-4f71-92fe-394f4a6aa5bc@group-20325CDD31CE-SegmentedRaftLogWorker: Starting segment from index:0
2022-10-03 12:57:08,369 [c0360714-498d-4f71-92fe-394f4a6aa5bc@group-20325CDD31CE-SegmentedRaftLogWorker] INFO  segmented.SegmentedRaftLogWorker (SegmentedRaftLogWorker.java:execute(629)) - c0360714-498d-4f71-92fe-394f4a6aa5bc@group-20325CDD31CE-SegmentedRaftLogWorker: created new log segment /home/runner/work/ozone/ozone/hadoop-ozone/integration-test/target/test-dir/MiniOzoneClusterImpl-01f267b2-e4ec-44eb-81f8-9e98a03d735c/datanode-2/data/ratis/f62c253f-950a-4048-add8-20325cdd31ce/current/log_inprogress_0
2022-10-03 12:57:08,397 [50f5496c-ca8d-4e5d-a1d6-989fe0353439-server-thread1] INFO  server.RaftServer$Division (ServerState.java:setRaftConf(393)) - 50f5496c-ca8d-4e5d-a1d6-989fe0353439@group-20325CDD31CE: set configuration 0: [40965ae6-a020-46d7-9af0-6fa26a365fb3|rpc:10.1.0.147:43889|dataStream:|priority:1, 50f5496c-ca8d-4e5d-a1d6-989fe0353439|rpc:10.1.0.147:42361|dataStream:|priority:0, c0360714-498d-4f71-92fe-394f4a6aa5bc|rpc:10.1.0.147:42583|dataStream:|priority:0], old=null
2022-10-03 12:57:08,397 [50f5496c-ca8d-4e5d-a1d6-989fe0353439-server-thread1] INFO  segmented.SegmentedRaftLogWorker (SegmentedRaftLogWorker.java:startLogSegment(425)) - 50f5496c-ca8d-4e5d-a1d6-989fe0353439@group-20325CDD31CE-SegmentedRaftLogWorker: Starting segment from index:0
2022-10-03 12:57:08,404 [50f5496c-ca8d-4e5d-a1d6-989fe0353439@group-64F9394126E2-LeaderElection62] INFO  impl.LeaderElection (LeaderElection.java:askForVotes(310)) - 50f5496c-ca8d-4e5d-a1d6-989fe0353439@group-64F9394126E2-LeaderElection62 ELECTION round 0: submit vote requests at term 4 for -1: [40965ae6-a020-46d7-9af0-6fa26a365fb3|rpc:10.1.0.147:43889|priority:0, 50f5496c-ca8d-4e5d-a1d6-989fe0353439|rpc:10.1.0.147:42361|priority:0, c0360714-498d-4f71-92fe-394f4a6aa5bc|rpc:10.1.0.147:42583|priority:1], old=null
2022-10-03 12:57:08,405 [50f5496c-ca8d-4e5d-a1d6-989fe0353439@group-20325CDD31CE-SegmentedRaftLogWorker] INFO  segmented.SegmentedRaftLogWorker (SegmentedRaftLogWorker.java:execute(629)) - 50f5496c-ca8d-4e5d-a1d6-989fe0353439@group-20325CDD31CE-SegmentedRaftLogWorker: created new log segment /home/runner/work/ozone/ozone/hadoop-ozone/integration-test/target/test-dir/MiniOzoneClusterImpl-01f267b2-e4ec-44eb-81f8-9e98a03d735c/datanode-0/data/ratis/f62c253f-950a-4048-add8-20325cdd31ce/current/log_inprogress_0
2022-10-03 12:57:08,433 [c0360714-498d-4f71-92fe-394f4a6aa5bc@group-64F9394126E2-FollowerState] INFO  impl.FollowerState (FollowerState.java:run(143)) - c0360714-498d-4f71-92fe-394f4a6aa5bc@group-64F9394126E2-FollowerState: change to CANDIDATE, lastRpcElapsedTime:5118355074ns, electionTimeout:5075ms
2022-10-03 12:57:08,433 [c0360714-498d-4f71-92fe-394f4a6aa5bc@group-64F9394126E2-FollowerState] INFO  impl.RoleInfo (RoleInfo.java:shutdownFollowerState(110)) - c0360714-498d-4f71-92fe-394f4a6aa5bc: shutdown c0360714-498d-4f71-92fe-394f4a6aa5bc@group-64F9394126E2-FollowerState
2022-10-03 12:57:08,433 [c0360714-498d-4f71-92fe-394f4a6aa5bc@group-64F9394126E2-FollowerState] INFO  server.RaftServer$Division (RaftServerImpl.java:setRole(299)) - c0360714-498d-4f71-92fe-394f4a6aa5bc@group-64F9394126E2: changes role from  FOLLOWER to CANDIDATE at term 3 for changeToCandidate
2022-10-03 12:57:08,433 [c0360714-498d-4f71-92fe-394f4a6aa5bc@group-64F9394126E2-FollowerState] INFO  server.RaftServerConfigKeys (ConfUtils.java:logGet(46)) - raft.server.leaderelection.pre-vote = false (custom)
2022-10-03 12:57:08,433 [c0360714-498d-4f71-92fe-394f4a6aa5bc@group-64F9394126E2-FollowerState] INFO  impl.RoleInfo (RoleInfo.java:updateAndGet(139)) - c0360714-498d-4f71-92fe-394f4a6aa5bc: start c0360714-498d-4f71-92fe-394f4a6aa5bc@group-64F9394126E2-LeaderElection63
2022-10-03 12:57:08,508 [c0360714-498d-4f71-92fe-394f4a6aa5bc@group-64F9394126E2-LeaderElection63] INFO  impl.LeaderElection (LeaderElection.java:askForVotes(310)) - c0360714-498d-4f71-92fe-394f4a6aa5bc@group-64F9394126E2-LeaderElection63 ELECTION round 0: submit vote requests at term 4 for -1: [40965ae6-a020-46d7-9af0-6fa26a365fb3|rpc:10.1.0.147:43889|dataStream:|priority:0, 50f5496c-ca8d-4e5d-a1d6-989fe0353439|rpc:10.1.0.147:42361|dataStream:|priority:0, c0360714-498d-4f71-92fe-394f4a6aa5bc|rpc:10.1.0.147:42583|dataStream:|priority:1], old=null
2022-10-03 12:57:08,530 [40965ae6-a020-46d7-9af0-6fa26a365fb3@group-64F9394126E2-FollowerState] INFO  impl.FollowerState (FollowerState.java:run(143)) - 40965ae6-a020-46d7-9af0-6fa26a365fb3@group-64F9394126E2-FollowerState: change to CANDIDATE, lastRpcElapsedTime:5174034897ns, electionTimeout:5164ms
2022-10-03 12:57:08,530 [40965ae6-a020-46d7-9af0-6fa26a365fb3@group-64F9394126E2-FollowerState] INFO  impl.RoleInfo (RoleInfo.java:shutdownFollowerState(110)) - 40965ae6-a020-46d7-9af0-6fa26a365fb3: shutdown 40965ae6-a020-46d7-9af0-6fa26a365fb3@group-64F9394126E2-FollowerState
2022-10-03 12:57:08,530 [40965ae6-a020-46d7-9af0-6fa26a365fb3@group-64F9394126E2-FollowerState] INFO  server.RaftServer$Division (RaftServerImpl.java:setRole(299)) - 40965ae6-a020-46d7-9af0-6fa26a365fb3@group-64F9394126E2: changes role from  FOLLOWER to CANDIDATE at term 3 for changeToCandidate
2022-10-03 12:57:08,530 [40965ae6-a020-46d7-9af0-6fa26a365fb3@group-64F9394126E2-FollowerState] INFO  server.RaftServerConfigKeys (ConfUtils.java:logGet(46)) - raft.server.leaderelection.pre-vote = false (custom)
2022-10-03 12:57:08,530 [40965ae6-a020-46d7-9af0-6fa26a365fb3@group-64F9394126E2-FollowerState] INFO  impl.RoleInfo (RoleInfo.java:updateAndGet(139)) - 40965ae6-a020-46d7-9af0-6fa26a365fb3: start 40965ae6-a020-46d7-9af0-6fa26a365fb3@group-64F9394126E2-LeaderElection64
2022-10-03 12:57:08,530 [grpc-default-executor-2] INFO  server.RaftServer$Division (RaftServerImpl.java:requestVote(1152)) - 40965ae6-a020-46d7-9af0-6fa26a365fb3@group-64F9394126E2: receive requestVote(ELECTION, 50f5496c-ca8d-4e5d-a1d6-989fe0353439, group-64F9394126E2, 4, (t:0, i:0))
2022-10-03 12:57:08,530 [grpc-default-executor-4] INFO  server.RaftServer$Division (RaftServerImpl.java:requestVote(1152)) - c0360714-498d-4f71-92fe-394f4a6aa5bc@group-64F9394126E2: receive requestVote(ELECTION, 50f5496c-ca8d-4e5d-a1d6-989fe0353439, group-64F9394126E2, 4, (t:0, i:0))
2022-10-03 12:57:08,530 [grpc-default-executor-4] INFO  impl.VoteContext (VoteContext.java:log(48)) - c0360714-498d-4f71-92fe-394f4a6aa5bc@group-64F9394126E2-CANDIDATE: reject ELECTION from 50f5496c-ca8d-4e5d-a1d6-989fe0353439: already has voted for c0360714-498d-4f71-92fe-394f4a6aa5bc at current term 4
2022-10-03 12:57:08,531 [grpc-default-executor-4] INFO  server.RaftServer$Division (RaftServerImpl.java:requestVote(1184)) - c0360714-498d-4f71-92fe-394f4a6aa5bc@group-64F9394126E2 replies to ELECTION vote request: 50f5496c-ca8d-4e5d-a1d6-989fe0353439<-c0360714-498d-4f71-92fe-394f4a6aa5bc#0:FAIL-t4. Peer's state: c0360714-498d-4f71-92fe-394f4a6aa5bc@group-64F9394126E2:t4, leader=null, voted=c0360714-498d-4f71-92fe-394f4a6aa5bc, raftlog=c0360714-498d-4f71-92fe-394f4a6aa5bc@group-64F9394126E2-SegmentedRaftLog:OPENED:c-1, conf=-1: [40965ae6-a020-46d7-9af0-6fa26a365fb3|rpc:10.1.0.147:43889|dataStream:|priority:0, 50f5496c-ca8d-4e5d-a1d6-989fe0353439|rpc:10.1.0.147:42361|dataStream:|priority:0, c0360714-498d-4f71-92fe-394f4a6aa5bc|rpc:10.1.0.147:42583|dataStream:|priority:1], old=null
2022-10-03 12:57:08,532 [grpc-default-executor-2] INFO  impl.VoteContext (VoteContext.java:log(48)) - 40965ae6-a020-46d7-9af0-6fa26a365fb3@group-64F9394126E2-CANDIDATE: accept ELECTION from 50f5496c-ca8d-4e5d-a1d6-989fe0353439: our priority 0 <= candidate's priority 0
2022-10-03 12:57:08,532 [grpc-default-executor-2] INFO  server.RaftServer$Division (RaftServerImpl.java:setRole(299)) - 40965ae6-a020-46d7-9af0-6fa26a365fb3@group-64F9394126E2: changes role from CANDIDATE to FOLLOWER at term 4 for candidate:50f5496c-ca8d-4e5d-a1d6-989fe0353439
2022-10-03 12:57:08,533 [grpc-default-executor-2] INFO  impl.RoleInfo (RoleInfo.java:shutdownLeaderElection(130)) - 40965ae6-a020-46d7-9af0-6fa26a365fb3: shutdown 40965ae6-a020-46d7-9af0-6fa26a365fb3@group-64F9394126E2-LeaderElection64
2022-10-03 12:57:08,533 [grpc-default-executor-2] INFO  impl.RoleInfo (RoleInfo.java:updateAndGet(139)) - 40965ae6-a020-46d7-9af0-6fa26a365fb3: start 40965ae6-a020-46d7-9af0-6fa26a365fb3@group-64F9394126E2-FollowerState
2022-10-03 12:57:08,536 [grpc-default-executor-2] INFO  server.RaftServer$Division (RaftServerImpl.java:requestVote(1184)) - 40965ae6-a020-46d7-9af0-6fa26a365fb3@group-64F9394126E2 replies to ELECTION vote request: 50f5496c-ca8d-4e5d-a1d6-989fe0353439<-40965ae6-a020-46d7-9af0-6fa26a365fb3#0:OK-t4. Peer's state: 40965ae6-a020-46d7-9af0-6fa26a365fb3@group-64F9394126E2:t4, leader=null, voted=50f5496c-ca8d-4e5d-a1d6-989fe0353439, raftlog=40965ae6-a020-46d7-9af0-6fa26a365fb3@group-64F9394126E2-SegmentedRaftLog:OPENED:c-1, conf=-1: [40965ae6-a020-46d7-9af0-6fa26a365fb3|rpc:10.1.0.147:43889|dataStream:|priority:0, 50f5496c-ca8d-4e5d-a1d6-989fe0353439|rpc:10.1.0.147:42361|dataStream:|priority:0, c0360714-498d-4f71-92fe-394f4a6aa5bc|rpc:10.1.0.147:42583|dataStream:|priority:1], old=null
2022-10-03 12:57:08,541 [40965ae6-a020-46d7-9af0-6fa26a365fb3@group-64F9394126E2-LeaderElection64] INFO  impl.LeaderElection (LeaderElection.java:run(231)) - 40965ae6-a020-46d7-9af0-6fa26a365fb3@group-64F9394126E2-LeaderElection64: skip running since this is already CLOSING
2022-10-03 12:57:08,595 [50f5496c-ca8d-4e5d-a1d6-989fe0353439@group-64F9394126E2-LeaderElection62] INFO  impl.LeaderElection (LeaderElection.java:logAndReturn(90)) - 50f5496c-ca8d-4e5d-a1d6-989fe0353439@group-64F9394126E2-LeaderElection62: ELECTION REJECTED received 2 response(s) and 0 exception(s):
2022-10-03 12:57:08,595 [50f5496c-ca8d-4e5d-a1d6-989fe0353439@group-64F9394126E2-LeaderElection62] INFO  impl.LeaderElection (LeaderElection.java:logAndReturn(94)) -   Response 0: 50f5496c-ca8d-4e5d-a1d6-989fe0353439<-40965ae6-a020-46d7-9af0-6fa26a365fb3#0:OK-t4
2022-10-03 12:57:08,595 [50f5496c-ca8d-4e5d-a1d6-989fe0353439@group-64F9394126E2-LeaderElection62] INFO  impl.LeaderElection (LeaderElection.java:logAndReturn(94)) -   Response 1: 50f5496c-ca8d-4e5d-a1d6-989fe0353439<-c0360714-498d-4f71-92fe-394f4a6aa5bc#0:FAIL-t4
2022-10-03 12:57:08,595 [50f5496c-ca8d-4e5d-a1d6-989fe0353439@group-64F9394126E2-LeaderElection62] INFO  impl.LeaderElection (LeaderElection.java:askForVotes(312)) - 50f5496c-ca8d-4e5d-a1d6-989fe0353439@group-64F9394126E2-LeaderElection62 ELECTION round 0: result REJECTED
2022-10-03 12:57:08,595 [50f5496c-ca8d-4e5d-a1d6-989fe0353439@group-64F9394126E2-LeaderElection62] INFO  server.RaftServer$Division (RaftServerImpl.java:setRole(299)) - 50f5496c-ca8d-4e5d-a1d6-989fe0353439@group-64F9394126E2: changes role from CANDIDATE to FOLLOWER at term 4 for REJECTED
2022-10-03 12:57:08,595 [50f5496c-ca8d-4e5d-a1d6-989fe0353439@group-64F9394126E2-LeaderElection62] INFO  impl.RoleInfo (RoleInfo.java:shutdownLeaderElection(130)) - 50f5496c-ca8d-4e5d-a1d6-989fe0353439: shutdown 50f5496c-ca8d-4e5d-a1d6-989fe0353439@group-64F9394126E2-LeaderElection62
2022-10-03 12:57:08,596 [50f5496c-ca8d-4e5d-a1d6-989fe0353439@group-64F9394126E2-LeaderElection62] INFO  impl.RoleInfo (RoleInfo.java:updateAndGet(139)) - 50f5496c-ca8d-4e5d-a1d6-989fe0353439: start 50f5496c-ca8d-4e5d-a1d6-989fe0353439@group-64F9394126E2-FollowerState
2022-10-03 12:57:08,599 [grpc-default-executor-1] INFO  server.RaftServer$Division (RaftServerImpl.java:requestVote(1152)) - 40965ae6-a020-46d7-9af0-6fa26a365fb3@group-64F9394126E2: receive requestVote(ELECTION, c0360714-498d-4f71-92fe-394f4a6aa5bc, group-64F9394126E2, 4, (t:0, i:0))
2022-10-03 12:57:08,599 [grpc-default-executor-1] INFO  impl.VoteContext (VoteContext.java:log(48)) - 40965ae6-a020-46d7-9af0-6fa26a365fb3@group-64F9394126E2-FOLLOWER: reject ELECTION from c0360714-498d-4f71-92fe-394f4a6aa5bc: already has voted for 50f5496c-ca8d-4e5d-a1d6-989fe0353439 at current term 4
2022-10-03 12:57:08,599 [grpc-default-executor-1] INFO  server.RaftServer$Division (RaftServerImpl.java:requestVote(1184)) - 40965ae6-a020-46d7-9af0-6fa26a365fb3@group-64F9394126E2 replies to ELECTION vote request: c0360714-498d-4f71-92fe-394f4a6aa5bc<-40965ae6-a020-46d7-9af0-6fa26a365fb3#0:FAIL-t4. Peer's state: 40965ae6-a020-46d7-9af0-6fa26a365fb3@group-64F9394126E2:t4, leader=null, voted=50f5496c-ca8d-4e5d-a1d6-989fe0353439, raftlog=40965ae6-a020-46d7-9af0-6fa26a365fb3@group-64F9394126E2-SegmentedRaftLog:OPENED:c-1, conf=-1: [40965ae6-a020-46d7-9af0-6fa26a365fb3|rpc:10.1.0.147:43889|dataStream:|priority:0, 50f5496c-ca8d-4e5d-a1d6-989fe0353439|rpc:10.1.0.147:42361|dataStream:|priority:0, c0360714-498d-4f71-92fe-394f4a6aa5bc|rpc:10.1.0.147:42583|dataStream:|priority:1], old=null
2022-10-03 12:57:08,609 [Listener at 127.0.0.1/36433] INFO  ozone.MiniOzoneClusterImpl (MiniOzoneClusterImpl.java:lambda$waitForClusterToBeReady$0(216)) - Nodes are ready. Got 3 of 3 DN Heartbeats.
2022-10-03 12:57:08,609 [Listener at 127.0.0.1/36433] INFO  ozone.MiniOzoneClusterImpl (MiniOzoneClusterImpl.java:lambda$waitForClusterToBeReady$0(219)) - Cluster exits safe mode
2022-10-03 12:57:08,609 [Listener at 127.0.0.1/36433] INFO  ozone.MiniOzoneClusterImpl (MiniOzoneClusterImpl.java:lambda$waitForClusterToBeReady$0(221)) - SCM became leader
2022-10-03 12:57:08,690 [grpc-default-executor-1] INFO  server.RaftServer$Division (RaftServerImpl.java:requestVote(1152)) - 50f5496c-ca8d-4e5d-a1d6-989fe0353439@group-64F9394126E2: receive requestVote(ELECTION, c0360714-498d-4f71-92fe-394f4a6aa5bc, group-64F9394126E2, 4, (t:0, i:0))
2022-10-03 12:57:08,690 [grpc-default-executor-1] INFO  impl.VoteContext (VoteContext.java:log(48)) - 50f5496c-ca8d-4e5d-a1d6-989fe0353439@group-64F9394126E2-FOLLOWER: reject ELECTION from c0360714-498d-4f71-92fe-394f4a6aa5bc: already has voted for 50f5496c-ca8d-4e5d-a1d6-989fe0353439 at current term 4
2022-10-03 12:57:08,690 [grpc-default-executor-1] INFO  server.RaftServer$Division (RaftServerImpl.java:requestVote(1184)) - 50f5496c-ca8d-4e5d-a1d6-989fe0353439@group-64F9394126E2 replies to ELECTION vote request: c0360714-498d-4f71-92fe-394f4a6aa5bc<-50f5496c-ca8d-4e5d-a1d6-989fe0353439#0:FAIL-t4. Peer's state: 50f5496c-ca8d-4e5d-a1d6-989fe0353439@group-64F9394126E2:t4, leader=null, voted=50f5496c-ca8d-4e5d-a1d6-989fe0353439, raftlog=50f5496c-ca8d-4e5d-a1d6-989fe0353439@group-64F9394126E2-SegmentedRaftLog:OPENED:c-1, conf=-1: [40965ae6-a020-46d7-9af0-6fa26a365fb3|rpc:10.1.0.147:43889|priority:0, 50f5496c-ca8d-4e5d-a1d6-989fe0353439|rpc:10.1.0.147:42361|priority:0, c0360714-498d-4f71-92fe-394f4a6aa5bc|rpc:10.1.0.147:42583|priority:1], old=null
2022-10-03 12:57:08,705 [c0360714-498d-4f71-92fe-394f4a6aa5bc@group-64F9394126E2-LeaderElection63] INFO  impl.LeaderElection (LeaderElection.java:logAndReturn(90)) - c0360714-498d-4f71-92fe-394f4a6aa5bc@group-64F9394126E2-LeaderElection63: ELECTION REJECTED received 2 response(s) and 0 exception(s):
2022-10-03 12:57:08,705 [c0360714-498d-4f71-92fe-394f4a6aa5bc@group-64F9394126E2-LeaderElection63] INFO  impl.LeaderElection (LeaderElection.java:logAndReturn(94)) -   Response 0: c0360714-498d-4f71-92fe-394f4a6aa5bc<-40965ae6-a020-46d7-9af0-6fa26a365fb3#0:FAIL-t4
2022-10-03 12:57:08,705 [c0360714-498d-4f71-92fe-394f4a6aa5bc@group-64F9394126E2-LeaderElection63] INFO  impl.LeaderElection (LeaderElection.java:logAndReturn(94)) -   Response 1: c0360714-498d-4f71-92fe-394f4a6aa5bc<-50f5496c-ca8d-4e5d-a1d6-989fe0353439#0:FAIL-t4
2022-10-03 12:57:08,705 [c0360714-498d-4f71-92fe-394f4a6aa5bc@group-64F9394126E2-LeaderElection63] INFO  impl.LeaderElection (LeaderElection.java:askForVotes(312)) - c0360714-498d-4f71-92fe-394f4a6aa5bc@group-64F9394126E2-LeaderElection63 ELECTION round 0: result REJECTED
2022-10-03 12:57:08,705 [c0360714-498d-4f71-92fe-394f4a6aa5bc@group-64F9394126E2-LeaderElection63] INFO  server.RaftServer$Division (RaftServerImpl.java:setRole(299)) - c0360714-498d-4f71-92fe-394f4a6aa5bc@group-64F9394126E2: changes role from CANDIDATE to FOLLOWER at term 4 for REJECTED
2022-10-03 12:57:08,705 [c0360714-498d-4f71-92fe-394f4a6aa5bc@group-64F9394126E2-LeaderElection63] INFO  impl.RoleInfo (RoleInfo.java:shutdownLeaderElection(130)) - c0360714-498d-4f71-92fe-394f4a6aa5bc: shutdown c0360714-498d-4f71-92fe-394f4a6aa5bc@group-64F9394126E2-LeaderElection63
2022-10-03 12:57:08,705 [c0360714-498d-4f71-92fe-394f4a6aa5bc@group-64F9394126E2-LeaderElection63] INFO  impl.RoleInfo (RoleInfo.java:updateAndGet(139)) - c0360714-498d-4f71-92fe-394f4a6aa5bc: start c0360714-498d-4f71-92fe-394f4a6aa5bc@group-64F9394126E2-FollowerState
]]></system-out>
    </rerunFailure>
    <rerunFailure type="java.lang.AssertionError">
      <stackTrace><![CDATA[java.lang.AssertionError
	at org.junit.Assert.fail(Assert.java:87)
	at org.junit.Assert.assertTrue(Assert.java:42)
	at org.junit.Assert.assertTrue(Assert.java:53)
	at org.apache.hadoop.hdds.scm.TestRatisPipelineLeader.testLeaderIdAfterLeaderChange(TestRatisPipelineLeader.java:119)
	at sun.reflect.NativeMethodAccessorImpl.invoke0(Native Method)
	at sun.reflect.NativeMethodAccessorImpl.invoke(NativeMethodAccessorImpl.java:62)
	at sun.reflect.DelegatingMethodAccessorImpl.invoke(DelegatingMethodAccessorImpl.java:43)
	at java.lang.reflect.Method.invoke(Method.java:498)
	at org.junit.platform.commons.util.ReflectionUtils.invokeMethod(ReflectionUtils.java:725)
	at org.junit.jupiter.engine.execution.MethodInvocation.proceed(MethodInvocation.java:60)
	at org.junit.jupiter.engine.execution.InvocationInterceptorChain$ValidatingInvocation.proceed(InvocationInterceptorChain.java:131)
	at org.junit.jupiter.engine.extension.TimeoutInvocation.proceed(TimeoutInvocation.java:46)
	at org.junit.jupiter.engine.extension.TimeoutExtension.intercept(TimeoutExtension.java:149)
	at org.junit.jupiter.engine.extension.TimeoutExtension.interceptTestableMethod(TimeoutExtension.java:140)
	at org.junit.jupiter.engine.extension.TimeoutExtension.interceptTestMethod(TimeoutExtension.java:84)
	at org.junit.jupiter.engine.execution.ExecutableInvoker$ReflectiveInterceptorCall.lambda$ofVoidMethod$0(ExecutableInvoker.java:115)
	at org.junit.jupiter.engine.execution.ExecutableInvoker.lambda$invoke$0(ExecutableInvoker.java:105)
	at org.junit.jupiter.engine.execution.InvocationInterceptorChain$InterceptedInvocation.proceed(InvocationInterceptorChain.java:106)
	at org.junit.jupiter.engine.execution.InvocationInterceptorChain.proceed(InvocationInterceptorChain.java:64)
	at org.junit.jupiter.engine.execution.InvocationInterceptorChain.chainAndInvoke(InvocationInterceptorChain.java:45)
	at org.junit.jupiter.engine.execution.InvocationInterceptorChain.invoke(InvocationInterceptorChain.java:37)
	at org.junit.jupiter.engine.execution.ExecutableInvoker.invoke(ExecutableInvoker.java:104)
	at org.junit.jupiter.engine.execution.ExecutableInvoker.invoke(ExecutableInvoker.java:98)
	at org.junit.jupiter.engine.descriptor.TestMethodTestDescriptor.lambda$invokeTestMethod$7(TestMethodTestDescriptor.java:214)
	at org.junit.platform.engine.support.hierarchical.ThrowableCollector.execute(ThrowableCollector.java:73)
	at org.junit.jupiter.engine.descriptor.TestMethodTestDescriptor.invokeTestMethod(TestMethodTestDescriptor.java:210)
	at org.junit.jupiter.engine.descriptor.TestMethodTestDescriptor.execute(TestMethodTestDescriptor.java:135)
	at org.junit.jupiter.engine.descriptor.TestMethodTestDescriptor.execute(TestMethodTestDescriptor.java:66)
	at org.junit.platform.engine.support.hierarchical.NodeTestTask.lambda$executeRecursively$6(NodeTestTask.java:151)
	at org.junit.platform.engine.support.hierarchical.ThrowableCollector.execute(ThrowableCollector.java:73)
	at org.junit.platform.engine.support.hierarchical.NodeTestTask.lambda$executeRecursively$8(NodeTestTask.java:141)
	at org.junit.platform.engine.support.hierarchical.Node.around(Node.java:137)
	at org.junit.platform.engine.support.hierarchical.NodeTestTask.lambda$executeRecursively$9(NodeTestTask.java:139)
	at org.junit.platform.engine.support.hierarchical.ThrowableCollector.execute(ThrowableCollector.java:73)
	at org.junit.platform.engine.support.hierarchical.NodeTestTask.executeRecursively(NodeTestTask.java:138)
	at org.junit.platform.engine.support.hierarchical.NodeTestTask.execute(NodeTestTask.java:95)
	at java.util.ArrayList.forEach(ArrayList.java:1259)
	at org.junit.platform.engine.support.hierarchical.SameThreadHierarchicalTestExecutorService.invokeAll(SameThreadHierarchicalTestExecutorService.java:41)
	at org.junit.platform.engine.support.hierarchical.NodeTestTask.lambda$executeRecursively$6(NodeTestTask.java:155)
	at org.junit.platform.engine.support.hierarchical.ThrowableCollector.execute(ThrowableCollector.java:73)
	at org.junit.platform.engine.support.hierarchical.NodeTestTask.lambda$executeRecursively$8(NodeTestTask.java:141)
	at org.junit.platform.engine.support.hierarchical.Node.around(Node.java:137)
	at org.junit.platform.engine.support.hierarchical.NodeTestTask.lambda$executeRecursively$9(NodeTestTask.java:139)
	at org.junit.platform.engine.support.hierarchical.ThrowableCollector.execute(ThrowableCollector.java:73)
	at org.junit.platform.engine.support.hierarchical.NodeTestTask.executeRecursively(NodeTestTask.java:138)
	at org.junit.platform.engine.support.hierarchical.NodeTestTask.execute(NodeTestTask.java:95)
	at java.util.ArrayList.forEach(ArrayList.java:1259)
	at org.junit.platform.engine.support.hierarchical.SameThreadHierarchicalTestExecutorService.invokeAll(SameThreadHierarchicalTestExecutorService.java:41)
	at org.junit.platform.engine.support.hierarchical.NodeTestTask.lambda$executeRecursively$6(NodeTestTask.java:155)
	at org.junit.platform.engine.support.hierarchical.ThrowableCollector.execute(ThrowableCollector.java:73)
	at org.junit.platform.engine.support.hierarchical.NodeTestTask.lambda$executeRecursively$8(NodeTestTask.java:141)
	at org.junit.platform.engine.support.hierarchical.Node.around(Node.java:137)
	at org.junit.platform.engine.support.hierarchical.NodeTestTask.lambda$executeRecursively$9(NodeTestTask.java:139)
	at org.junit.platform.engine.support.hierarchical.ThrowableCollector.execute(ThrowableCollector.java:73)
	at org.junit.platform.engine.support.hierarchical.NodeTestTask.executeRecursively(NodeTestTask.java:138)
	at org.junit.platform.engine.support.hierarchical.NodeTestTask.execute(NodeTestTask.java:95)
	at org.junit.platform.engine.support.hierarchical.SameThreadHierarchicalTestExecutorService.submit(SameThreadHierarchicalTestExecutorService.java:35)
	at org.junit.platform.engine.support.hierarchical.HierarchicalTestExecutor.execute(HierarchicalTestExecutor.java:57)
	at org.junit.platform.engine.support.hierarchical.HierarchicalTestEngine.execute(HierarchicalTestEngine.java:54)
	at org.junit.platform.launcher.core.EngineExecutionOrchestrator.execute(EngineExecutionOrchestrator.java:107)
	at org.junit.platform.launcher.core.EngineExecutionOrchestrator.execute(EngineExecutionOrchestrator.java:88)
	at org.junit.platform.launcher.core.EngineExecutionOrchestrator.lambda$execute$0(EngineExecutionOrchestrator.java:54)
	at org.junit.platform.launcher.core.EngineExecutionOrchestrator.withInterceptedStreams(EngineExecutionOrchestrator.java:67)
	at org.junit.platform.launcher.core.EngineExecutionOrchestrator.execute(EngineExecutionOrchestrator.java:52)
	at org.junit.platform.launcher.core.DefaultLauncher.execute(DefaultLauncher.java:114)
	at org.junit.platform.launcher.core.DefaultLauncher.execute(DefaultLauncher.java:86)
	at org.junit.platform.launcher.core.DefaultLauncherSession$DelegatingLauncher.execute(DefaultLauncherSession.java:86)
	at org.junit.platform.launcher.core.SessionPerRequestLauncher.execute(SessionPerRequestLauncher.java:53)
	at org.apache.maven.surefire.junitplatform.JUnitPlatformProvider.invokeAllTests(JUnitPlatformProvider.java:165)
	at org.apache.maven.surefire.junitplatform.JUnitPlatformProvider.invoke(JUnitPlatformProvider.java:124)
	at org.apache.maven.surefire.booter.ForkedBooter.runSuitesInProcess(ForkedBooter.java:428)
	at org.apache.maven.surefire.booter.ForkedBooter.execute(ForkedBooter.java:162)
	at org.apache.maven.surefire.booter.ForkedBooter.run(ForkedBooter.java:562)
	at org.apache.maven.surefire.booter.ForkedBooter.main(ForkedBooter.java:548)
]]></stackTrace>
      <system-out><![CDATA[2022-10-03 12:57:29,894 [Listener at 127.0.0.1/36433] WARN  server.ServerUtils (ServerUtils.java:getScmDbDir(148)) - ozone.scm.db.dirs is not configured. We recommend adding this setting. Falling back to ozone.metadata.dirs instead.
2022-10-03 12:57:29,911 [Listener at 127.0.0.1/36433] WARN  server.ServerUtils (ServerUtils.java:getScmDbDir(148)) - ozone.scm.db.dirs is not configured. We recommend adding this setting. Falling back to ozone.metadata.dirs instead.
2022-10-03 12:57:29,911 [Listener at 127.0.0.1/36433] INFO  ha.SCMHANodeDetails (SCMHANodeDetails.java:loadSCMHAConfig(209)) - ServiceID for StorageContainerManager is null
2022-10-03 12:57:29,912 [Listener at 127.0.0.1/36433] INFO  ha.SCMHANodeDetails (SCMHANodeDetails.java:loadSCMHAConfig(214)) - ozone.scm.default.service.id is not defined, falling back to ozone.scm.service.ids to find serviceID for StorageContainerManager if it is HA enabled cluster
2022-10-03 12:57:29,912 [Listener at 127.0.0.1/36433] WARN  utils.HAUtils (HAUtils.java:getMetaDir(342)) - ozone.scm.db.dirs is not configured. We recommend adding this setting. Falling back to ozone.metadata.dirs instead.
2022-10-03 12:57:29,912 [Listener at 127.0.0.1/36433] WARN  db.DBStoreBuilder (DBStoreBuilder.java:applyDBDefinition(144)) - ozone.scm.db.dirs is not configured. We recommend adding this setting. Falling back to ozone.metadata.dirs instead.
2022-10-03 12:57:30,442 [Listener at 127.0.0.1/36433] INFO  net.NodeSchemaLoader (NodeSchemaLoader.java:loadSchemaFromFile(129)) - Loading schema from [jar:file:/home/runner/.m2/repository/org/apache/ozone/hdds-common/1.3.0-SNAPSHOT/hdds-common-1.3.0-SNAPSHOT.jar!/network-topology-default.xml]
2022-10-03 12:57:30,442 [Listener at 127.0.0.1/36433] INFO  net.NodeSchemaLoader (NodeSchemaLoader.java:loadSchema(176)) - Loading network topology layer schema file
2022-10-03 12:57:30,444 [Listener at 127.0.0.1/36433] WARN  impl.MetricRegistriesImpl (MetricRegistriesImpl.java:addReporterRegistration(111)) - New reporters are added after registries were created. Some metrics will be missing from the reporter. Please add reporter before adding any new registry.
2022-10-03 12:57:30,445 [Listener at 127.0.0.1/36433] WARN  impl.MetricRegistriesImpl (MetricRegistriesImpl.java:addReporterRegistration(111)) - New reporters are added after registries were created. Some metrics will be missing from the reporter. Please add reporter before adding any new registry.
2022-10-03 12:57:30,445 [Listener at 127.0.0.1/36433] INFO  upgrade.AbstractLayoutVersionManager (AbstractLayoutVersionManager.java:init(83)) - Initializing Layout version manager with metadata layout = DATANODE_SCHEMA_V3 (version = 4), software layout = DATANODE_SCHEMA_V3 (version = 4)
2022-10-03 12:57:30,683 [Listener at 127.0.0.1/36433] INFO  reflections.Reflections (Reflections.java:scan(232)) - Reflections took 229 ms to scan 7 urls, producing 135 keys and 327 values 
2022-10-03 12:57:30,685 [Listener at 127.0.0.1/36433] INFO  ha.SequenceIdGenerator (SequenceIdGenerator.java:upgradeToSequenceId(349)) - upgrade localId to 109611004723200000
2022-10-03 12:57:30,685 [Listener at 127.0.0.1/36433] INFO  ha.SequenceIdGenerator (SequenceIdGenerator.java:upgradeToSequenceId(359)) - upgrade delTxnId to 0
2022-10-03 12:57:30,685 [Listener at 127.0.0.1/36433] INFO  ha.SequenceIdGenerator (SequenceIdGenerator.java:upgradeToSequenceId(376)) - upgrade containerId to 0
2022-10-03 12:57:30,737 [Listener at 127.0.0.1/36433] INFO  ha.SequenceIdGenerator (SequenceIdGenerator.java:<init>(220)) - Init the HA SequenceIdGenerator.
2022-10-03 12:57:30,738 [Listener at 127.0.0.1/36433] WARN  server.ServerUtils (ServerUtils.java:sanitizeUserArgs(73)) - ozone.scm.stale.node.interval value = 300000 is larger than max = 100000 based on the key value of ozone.scm.heartbeat.thread.interval, reset to the max value 100000.
2022-10-03 12:57:30,738 [Listener at 127.0.0.1/36433] WARN  server.ServerUtils (ServerUtils.java:sanitizeUserArgs(73)) - ozone.scm.stale.node.interval value = 300000 is larger than max = 100000 based on the key value of ozone.scm.heartbeat.thread.interval, reset to the max value 100000.
2022-10-03 12:57:30,745 [Listener at 127.0.0.1/36433] INFO  node.SCMNodeManager (SCMNodeManager.java:<init>(149)) - Entering startup safe mode.
2022-10-03 12:57:30,746 [Listener at 127.0.0.1/36433] INFO  algorithms.ContainerPlacementPolicyFactory (ContainerPlacementPolicyFactory.java:getPolicyInternal(86)) - Create container placement policy of type org.apache.hadoop.hdds.scm.container.placement.algorithms.SCMContainerPlacementRandom
2022-10-03 12:57:30,746 [Listener at 127.0.0.1/36433] INFO  algorithms.ContainerPlacementPolicyFactory (ContainerPlacementPolicyFactory.java:getPolicyInternal(86)) - Create container placement policy of type org.apache.hadoop.hdds.scm.container.placement.algorithms.SCMContainerPlacementRackScatter
2022-10-03 12:57:30,746 [Listener at 127.0.0.1/36433] INFO  pipeline.PipelineStateManagerImpl (PipelineStateManagerImpl.java:initialize(78)) - No pipeline exists in current db
2022-10-03 12:57:30,746 [Listener at 127.0.0.1/36433] INFO  algorithms.LeaderChoosePolicyFactory (LeaderChoosePolicyFactory.java:getPolicy(57)) - Create leader choose policy of type org.apache.hadoop.hdds.scm.pipeline.leader.choose.algorithms.MinLeaderCountChoosePolicy
2022-10-03 12:57:30,746 [Listener at 127.0.0.1/36433] INFO  algorithms.ContainerPlacementPolicyFactory (ContainerPlacementPolicyFactory.java:getPolicyInternal(86)) - Create container placement policy of type org.apache.hadoop.hdds.scm.container.placement.algorithms.SCMContainerPlacementRackScatter
2022-10-03 12:57:30,747 [Listener at 127.0.0.1/36433] INFO  ha.SCMServiceManager (SCMServiceManager.java:register(42)) - Registering service BackgroundPipelineCreator.
2022-10-03 12:57:30,747 [Listener at 127.0.0.1/36433] INFO  pipeline.BackgroundPipelineCreator (BackgroundPipelineCreator.java:start(124)) - Starting RatisPipelineUtilsThread.
2022-10-03 12:57:30,777 [Listener at 127.0.0.1/36433] INFO  BackgroundPipelineScrubber (BackgroundSCMService.java:start(68)) - Starting BackgroundPipelineScrubber Service.
2022-10-03 12:57:30,797 [Listener at 127.0.0.1/36433] INFO  ha.SCMServiceManager (SCMServiceManager.java:register(42)) - Registering service BackgroundPipelineScrubber.
2022-10-03 12:57:30,797 [Listener at 127.0.0.1/36433] INFO  ExpiredContainerReplicaOpScrubber (BackgroundSCMService.java:start(68)) - Starting ExpiredContainerReplicaOpScrubber Service.
2022-10-03 12:57:30,809 [Listener at 127.0.0.1/36433] INFO  ha.SCMServiceManager (SCMServiceManager.java:register(42)) - Registering service ExpiredContainerReplicaOpScrubber.
2022-10-03 12:57:30,810 [Listener at 127.0.0.1/36433] INFO  algorithms.PipelineChoosePolicyFactory (PipelineChoosePolicyFactory.java:createPipelineChoosePolicyFromClass(73)) - Create pipeline choose policy of type org.apache.hadoop.hdds.scm.pipeline.choose.algorithms.RandomPipelineChoosePolicy
2022-10-03 12:57:30,811 [Listener at 127.0.0.1/36433] INFO  ha.SCMServiceManager (SCMServiceManager.java:register(42)) - Registering service SCMBlockDeletingService.
2022-10-03 12:57:30,811 [Listener at 127.0.0.1/36433] INFO  replication.ReplicationManager (ReplicationManager.java:start(223)) - Starting Replication Monitor Thread.
2022-10-03 12:57:30,833 [ReplicationMonitor] INFO  replication.ReplicationManager (ReplicationManager.java:processAll(291)) - Replication Manager is not ready to run until 3000ms after safemode exit
2022-10-03 12:57:30,861 [Listener at 127.0.0.1/36433] INFO  ha.SCMServiceManager (SCMServiceManager.java:register(42)) - Registering service ReplicationManager.
2022-10-03 12:57:30,861 [Listener at 127.0.0.1/36433] INFO  safemode.ContainerSafeModeRule (ContainerSafeModeRule.java:<init>(89)) - containers with one replica threshold count 0
2022-10-03 12:57:30,862 [Listener at 127.0.0.1/36433] INFO  safemode.HealthyPipelineSafeModeRule (HealthyPipelineSafeModeRule.java:initializeRule(169)) - Total pipeline count is 0, healthy pipeline threshold count is 1
2022-10-03 12:57:30,862 [Listener at 127.0.0.1/36433] INFO  safemode.OneReplicaPipelineSafeModeRule (OneReplicaPipelineSafeModeRule.java:initializeRule(180)) - Total pipeline count is 0, pipeline's with at least one datanode reported threshold count is 0
2022-10-03 12:57:30,865 [Listener at 127.0.0.1/36433] INFO  ipc.CallQueueManager (CallQueueManager.java:<init>(90)) - Using callQueue: class java.util.concurrent.LinkedBlockingQueue, queueCapacity: 2000, scheduler: class org.apache.hadoop.ipc.DefaultRpcScheduler, ipcBackoff: false.
2022-10-03 12:57:30,869 [Socket Reader #1 for port 0] INFO  ipc.Server (Server.java:run(1265)) - Starting Socket Reader #1 for port 0
2022-10-03 12:57:30,870 [Listener at 0.0.0.0/45037] INFO  ipc.CallQueueManager (CallQueueManager.java:<init>(90)) - Using callQueue: class java.util.concurrent.LinkedBlockingQueue, queueCapacity: 2000, scheduler: class org.apache.hadoop.ipc.DefaultRpcScheduler, ipcBackoff: false.
2022-10-03 12:57:30,870 [Socket Reader #1 for port 0] INFO  ipc.Server (Server.java:run(1265)) - Starting Socket Reader #1 for port 0
2022-10-03 12:57:30,871 [Listener at 0.0.0.0/33137] INFO  ipc.CallQueueManager (CallQueueManager.java:<init>(90)) - Using callQueue: class java.util.concurrent.LinkedBlockingQueue, queueCapacity: 2000, scheduler: class org.apache.hadoop.ipc.DefaultRpcScheduler, ipcBackoff: false.
2022-10-03 12:57:30,871 [Socket Reader #1 for port 0] INFO  ipc.Server (Server.java:run(1265)) - Starting Socket Reader #1 for port 0
2022-10-03 12:57:30,938 [Listener at 0.0.0.0/34329] INFO  ha.SCMServiceManager (SCMServiceManager.java:register(42)) - Registering service ContainerBalancer.
2022-10-03 12:57:30,938 [Listener at 0.0.0.0/34329] INFO  server.StorageContainerManager (StorageContainerManager.java:<init>(410)) - 
Container Balancer status:
Key                            Value
Running                        false
Container Balancer Configuration values:
Key                                                Value
Threshold                                          10
Max Datanodes to Involve per Iteration(percent)    20
Max Size to Move per Iteration                     500GB
Max Size Entering Target per Iteration             26GB
Max Size Leaving Source per Iteration              26GB

2022-10-03 12:57:30,938 [Listener at 0.0.0.0/34329] WARN  events.EventQueue (EventQueue.java:fireEvent(216)) - No event handler registered for event TypedEvent{payloadType=SafeModeStatus, name='Safe mode status'}
2022-10-03 12:57:30,938 [Listener at 0.0.0.0/34329] INFO  ha.SCMContext (SCMContext.java:updateSafeModeStatus(228)) - Update SafeModeStatus from SafeModeStatus{safeModeStatus=true, preCheckPassed=false} to SafeModeStatus{safeModeStatus=true, preCheckPassed=false}.
2022-10-03 12:57:30,938 [Listener at 0.0.0.0/34329] INFO  server.StorageContainerManager (StorageContainerManager.java:start(1436)) - StorageContainerLocationProtocol RPC server is listening at /0.0.0.0:34329
2022-10-03 12:57:30,939 [Listener at 0.0.0.0/34329] WARN  impl.MetricsConfig (MetricsConfig.java:loadFirst(136)) - Cannot locate configuration: tried hadoop-metrics2-storagecontainermanager.properties,hadoop-metrics2.properties
2022-10-03 12:57:30,940 [Listener at 0.0.0.0/34329] INFO  impl.MetricsSystemImpl (MetricsSystemImpl.java:startTimer(378)) - Scheduled Metric snapshot period at 10 second(s).
2022-10-03 12:57:30,940 [Listener at 0.0.0.0/34329] INFO  impl.MetricsSystemImpl (MetricsSystemImpl.java:start(191)) - StorageContainerManager metrics system started
2022-10-03 12:57:30,979 [Listener at 0.0.0.0/34329] INFO  impl.MetricsSinkAdapter (MetricsSinkAdapter.java:start(204)) - Sink prometheus started
2022-10-03 12:57:30,979 [Listener at 0.0.0.0/34329] INFO  impl.MetricsSystemImpl (MetricsSystemImpl.java:registerSink(305)) - Registered sink prometheus
2022-10-03 12:57:31,009 [Listener at 0.0.0.0/34329] INFO  server.SCMClientProtocolServer (SCMClientProtocolServer.java:start(170)) - RPC server for Client  is listening at /0.0.0.0:34329
2022-10-03 12:57:31,029 [IPC Server listener on 0] INFO  ipc.Server (Server.java:run(1344)) - IPC Server listener on 0: starting
2022-10-03 12:57:31,033 [IPC Server Responder] INFO  ipc.Server (Server.java:run(1507)) - IPC Server Responder: starting
2022-10-03 12:57:31,189 [Listener at 0.0.0.0/34329] INFO  server.StorageContainerManager (StorageContainerManager.java:start(1451)) - ScmBlockLocationProtocol RPC server is listening at /0.0.0.0:33137
2022-10-03 12:57:31,189 [Listener at 0.0.0.0/34329] INFO  server.SCMBlockProtocolServer (SCMBlockProtocolServer.java:start(152)) - RPC server for Block Protocol is listening at /0.0.0.0:33137
2022-10-03 12:57:31,241 [Listener at 0.0.0.0/34329] INFO  server.SCMDatanodeProtocolServer (SCMDatanodeProtocolServer.java:start(186)) - ScmDatanodeProtocol RPC server for DataNodes is listening at /0.0.0.0:45037
2022-10-03 12:57:31,253 [IPC Server Responder] INFO  ipc.Server (Server.java:run(1507)) - IPC Server Responder: starting
2022-10-03 12:57:31,256 [IPC Server listener on 0] INFO  ipc.Server (Server.java:run(1344)) - IPC Server listener on 0: starting
2022-10-03 12:57:31,325 [IPC Server listener on 0] INFO  ipc.Server (Server.java:run(1344)) - IPC Server listener on 0: starting
2022-10-03 12:57:31,325 [IPC Server Responder] INFO  ipc.Server (Server.java:run(1507)) - IPC Server Responder: starting
2022-10-03 12:57:31,361 [Listener at 0.0.0.0/34329] INFO  http.BaseHttpServer (BaseHttpServer.java:newHttpServer2BuilderForOzone(213)) - Starting Web-server for scm at: http://0.0.0.0:0
2022-10-03 12:57:31,361 [Listener at 0.0.0.0/34329] INFO  http.BaseHttpServer (BaseHttpServer.java:<init>(108)) - Hadoop Security Enabled: false Ozone Security Enabled: false Ozone HTTP Security Enabled: false 
2022-10-03 12:57:31,362 [Listener at 0.0.0.0/34329] INFO  server.AuthenticationFilter (AuthenticationFilter.java:constructSecretProvider(240)) - Unable to initialize FileSignerSecretProvider, falling back to use random secrets.
2022-10-03 12:57:31,413 [Listener at 0.0.0.0/34329] WARN  http.HttpRequestLog (HttpRequestLog.java:getRequestLog(103)) - Jetty request log can only be enabled using Log4j
2022-10-03 12:57:31,413 [org.apache.hadoop.util.JvmPauseMonitor$Monitor@12f68481] INFO  util.JvmPauseMonitor (JvmPauseMonitor.java:run(188)) - Starting JVM pause monitor
2022-10-03 12:57:31,414 [Listener at 0.0.0.0/34329] INFO  http.HttpServer2 (HttpServer2.java:addGlobalFilter(1029)) - Added global filter 'safety' (class=org.apache.hadoop.hdds.server.http.HttpServer2$QuotingInputFilter)
2022-10-03 12:57:31,415 [Listener at 0.0.0.0/34329] INFO  http.HttpServer2 (HttpServer2.java:addFilter(1005)) - Added filter static_user_filter (class=org.apache.hadoop.http.lib.StaticUserWebFilter$StaticUserFilter) to context scm
2022-10-03 12:57:31,415 [Listener at 0.0.0.0/34329] INFO  http.HttpServer2 (HttpServer2.java:addFilter(1013)) - Added filter static_user_filter (class=org.apache.hadoop.http.lib.StaticUserWebFilter$StaticUserFilter) to context logs
2022-10-03 12:57:31,415 [Listener at 0.0.0.0/34329] INFO  http.HttpServer2 (HttpServer2.java:addFilter(1013)) - Added filter static_user_filter (class=org.apache.hadoop.http.lib.StaticUserWebFilter$StaticUserFilter) to context static
2022-10-03 12:57:31,415 [Listener at 0.0.0.0/34329] INFO  http.HttpServer2 (HttpServer2.java:bindListener(1248)) - Jetty bound to port 42399
2022-10-03 12:57:31,416 [Listener at 0.0.0.0/34329] INFO  server.Server (Server.java:doStart(375)) - jetty-9.4.43.v20210629; built: 2021-06-30T11:07:22.254Z; git: 526006ecfa3af7f1a27ef3a288e2bef7ea9dd7e8; jvm 1.8.0_345-b01
2022-10-03 12:57:31,445 [Listener at 0.0.0.0/34329] INFO  server.session (DefaultSessionIdManager.java:doStart(334)) - DefaultSessionIdManager workerName=node0
2022-10-03 12:57:31,445 [Listener at 0.0.0.0/34329] INFO  server.session (DefaultSessionIdManager.java:doStart(339)) - No SessionScavenger set, using defaults
2022-10-03 12:57:31,445 [Listener at 0.0.0.0/34329] INFO  server.session (HouseKeeper.java:startScavenging(132)) - node0 Scavenging every 600000ms
2022-10-03 12:57:31,446 [Listener at 0.0.0.0/34329] INFO  handler.ContextHandler (ContextHandler.java:doStart(915)) - Started o.e.j.s.ServletContextHandler@4485cd1{logs,/logs,file:///home/runner/work/ozone/ozone/hadoop-ozone/integration-test/target/log,AVAILABLE}
2022-10-03 12:57:31,446 [Listener at 0.0.0.0/34329] INFO  handler.ContextHandler (ContextHandler.java:doStart(915)) - Started o.e.j.s.ServletContextHandler@508b4121{static,/static,file:///home/runner/work/ozone/ozone/hadoop-ozone/integration-test/target/test-classes/webapps/static,AVAILABLE}
2022-10-03 12:57:31,449 [Listener at 0.0.0.0/34329] INFO  handler.ContextHandler (ContextHandler.java:doStart(915)) - Started o.e.j.w.WebAppContext@3da9e33c{scm,/,file:///home/runner/work/ozone/ozone/hadoop-ozone/integration-test/target/test-classes/webapps/scm/,AVAILABLE}{file:/home/runner/work/ozone/ozone/hadoop-ozone/integration-test/target/test-classes/webapps/scm}
2022-10-03 12:57:31,485 [Listener at 0.0.0.0/34329] INFO  server.AbstractConnector (AbstractConnector.java:doStart(331)) - Started ServerConnector@3ac09d16{HTTP/1.1, (http/1.1)}{0.0.0.0:42399}
2022-10-03 12:57:31,485 [Listener at 0.0.0.0/34329] INFO  server.Server (Server.java:doStart(415)) - Started @213498ms
2022-10-03 12:57:31,486 [Listener at 0.0.0.0/34329] WARN  impl.MetricsSystemImpl (MetricsSystemImpl.java:register(279)) - Sink prometheus already exists!
2022-10-03 12:57:31,486 [Listener at 0.0.0.0/34329] INFO  http.BaseHttpServer (BaseHttpServer.java:updateConnectorAddress(333)) - HTTP server of scm listening at http://0.0.0.0:42399
2022-10-03 12:57:31,486 [Listener at 0.0.0.0/34329] WARN  server.ServerUtils (ServerUtils.java:getDBPath(225)) - ozone.om.db.dirs is not configured. We recommend adding this setting. Falling back to ozone.metadata.dirs instead.
2022-10-03 12:57:31,517 [Listener at 0.0.0.0/34329] INFO  ha.OMHANodeDetails (OMHANodeDetails.java:loadOMHAConfig(115)) - ozone.om.internal.service.id is not defined, falling back to ozone.om.service.ids to find serviceID for OzoneManager if it is HA enabled cluster
2022-10-03 12:57:31,517 [Listener at 0.0.0.0/34329] INFO  ha.OMHANodeDetails (OMHANodeDetails.java:loadOMHAConfig(226)) - Configuration does not have ozone.om.address set. Falling back to the default OM address /127.0.0.1:0
2022-10-03 12:57:31,518 [Listener at 0.0.0.0/34329] INFO  ha.OMHANodeDetails (OMHANodeDetails.java:getOMNodeDetailsForNonHA(254)) - OM Service ID is not set. Setting it to the default ID: omServiceIdDefault
2022-10-03 12:57:31,518 [Listener at 0.0.0.0/34329] INFO  ha.OMHANodeDetails (OMHANodeDetails.java:getOMNodeDetailsForNonHA(261)) - OM Node ID is not set. Setting it to the default ID: om1
2022-10-03 12:57:31,518 [Listener at 0.0.0.0/34329] WARN  server.ServerUtils (ServerUtils.java:getDBPath(225)) - ozone.om.db.dirs is not configured. We recommend adding this setting. Falling back to ozone.metadata.dirs instead.
2022-10-03 12:57:31,519 [Listener at 0.0.0.0/34329] INFO  upgrade.AbstractLayoutVersionManager (AbstractLayoutVersionManager.java:init(83)) - Initializing Layout version manager with metadata layout = MULTITENANCY_SCHEMA (version = 3), software layout = MULTITENANCY_SCHEMA (version = 3)
2022-10-03 12:57:31,660 [Listener at 0.0.0.0/34329] INFO  reflections.Reflections (Reflections.java:scan(232)) - Reflections took 141 ms to scan 2 urls, producing 154 keys and 428 values [using 2 cores]
2022-10-03 12:57:31,660 [Listener at 0.0.0.0/34329] INFO  upgrade.OMLayoutVersionManager (OMLayoutVersionManager.java:lambda$0(115)) - Skipping Upgrade Action MockOmUpgradeAction since it has been finalized.
2022-10-03 12:57:31,660 [Listener at 0.0.0.0/34329] WARN  server.ServerUtils (ServerUtils.java:getDBPath(225)) - ozone.om.db.dirs is not configured. We recommend adding this setting. Falling back to ozone.metadata.dirs instead.
2022-10-03 12:57:31,661 [Listener at 0.0.0.0/34329] INFO  proxy.SCMBlockLocationFailoverProxyProvider (SCMBlockLocationFailoverProxyProvider.java:<init>(114)) - Created block location fail-over proxy with 1 nodes: [nodeId=scmNodeId,nodeAddress=/0.0.0.0:33137]
2022-10-03 12:57:31,662 [Listener at 0.0.0.0/34329] INFO  proxy.SCMBlockLocationFailoverProxyProvider (SCMBlockLocationFailoverProxyProvider.java:<init>(114)) - Created block location fail-over proxy with 1 nodes: [nodeId=scmNodeId,nodeAddress=/0.0.0.0:33137]
2022-10-03 12:57:31,767 [Listener at 0.0.0.0/34329] WARN  server.ServerUtils (ServerUtils.java:getDBPath(225)) - ozone.om.db.dirs is not configured. We recommend adding this setting. Falling back to ozone.metadata.dirs instead.
2022-10-03 12:57:31,767 [Listener at 0.0.0.0/34329] INFO  codec.OmKeyInfoCodec (OmKeyInfoCodec.java:<init>(49)) - OmKeyInfoCodec ignorePipeline = true
2022-10-03 12:57:31,767 [Listener at 0.0.0.0/34329] INFO  codec.RepeatedOmKeyInfoCodec (RepeatedOmKeyInfoCodec.java:<init>(41)) - RepeatedOmKeyInfoCodec ignorePipeline = true
2022-10-03 12:57:32,442 [Listener at 0.0.0.0/34329] INFO  om.OzoneManager (OzoneManager.java:instantiateServices(710)) - S3 Multi-Tenancy is disabled
2022-10-03 12:57:32,444 [Listener at 0.0.0.0/34329] INFO  om.OzoneManager (OzoneManager.java:addS3GVolumeToDB(4325)) - Created Volume s3v With Owner runner required for S3Gateway operations.
2022-10-03 12:57:32,444 [Listener at 0.0.0.0/34329] WARN  server.ServerUtils (ServerUtils.java:getDefaultRatisDirectory(237)) - Storage directory for Ratis is not configured. It is a good idea to map this to an SSD disk. Falling back to ozone.metadata.dirs
2022-10-03 12:57:32,444 [Listener at 0.0.0.0/34329] WARN  utils.OzoneManagerRatisUtils (OzoneManagerRatisUtils.java:getOMRatisSnapshotDirectory(434)) - ozone.om.ratis.snapshot.dir is not configured. Falling back to ozone.metadata.dirs config
2022-10-03 12:57:32,444 [Listener at 0.0.0.0/34329] WARN  impl.MetricRegistriesImpl (MetricRegistriesImpl.java:addReporterRegistration(111)) - New reporters are added after registries were created. Some metrics will be missing from the reporter. Please add reporter before adding any new registry.
2022-10-03 12:57:32,445 [Listener at 0.0.0.0/34329] WARN  impl.MetricRegistriesImpl (MetricRegistriesImpl.java:addReporterRegistration(111)) - New reporters are added after registries were created. Some metrics will be missing from the reporter. Please add reporter before adding any new registry.
2022-10-03 12:57:32,445 [Listener at 0.0.0.0/34329] WARN  server.ServerUtils (ServerUtils.java:getDefaultRatisDirectory(237)) - Storage directory for Ratis is not configured. It is a good idea to map this to an SSD disk. Falling back to ozone.metadata.dirs
2022-10-03 12:57:32,450 [Listener at 0.0.0.0/34329] INFO  ratis.OzoneManagerRatisServer (OzoneManagerRatisServer.java:<init>(160)) - Instantiating OM Ratis server with groupID: omServiceIdDefault and peers: localhost:9872
2022-10-03 12:57:32,457 [Listener at 0.0.0.0/34329] INFO  ratis.OzoneManagerStateMachine (OzoneManagerStateMachine.java:loadSnapshotInfoFromDB(632)) - LastAppliedIndex is set from TransactionInfo from OM DB as (t:0, i:~)
2022-10-03 12:57:32,473 [Listener at 0.0.0.0/34329] INFO  server.RaftServer (ConfUtils.java:logGet(46)) - raft.rpc.type = GRPC (default)
2022-10-03 12:57:32,473 [Listener at 0.0.0.0/34329] INFO  grpc.GrpcFactory (GrpcFactory.java:checkPooledByteBufAllocatorUseCacheForAllThreads(48)) - PERFORMANCE WARNING: useCacheForAllThreads is true that may cause Netty to create a lot garbage objects and, as a result, trigger GC.
	It is recommended to disable useCacheForAllThreads by setting -Dorg.apache.ratis.thirdparty.io.netty.allocator.useCacheForAllThreads=false in command line.
2022-10-03 12:57:32,473 [Listener at 0.0.0.0/34329] INFO  grpc.GrpcConfigKeys (ConfUtils.java:logGet(46)) - raft.grpc.admin.port = -1 (default)
2022-10-03 12:57:32,473 [Listener at 0.0.0.0/34329] INFO  grpc.GrpcConfigKeys (ConfUtils.java:logGet(46)) - raft.grpc.server.port = 9872 (custom)
2022-10-03 12:57:32,474 [Listener at 0.0.0.0/34329] INFO  grpc.GrpcConfigKeys (ConfUtils.java:logGet(46)) - raft.grpc.client.port = -1 (default)
2022-10-03 12:57:32,474 [Listener at 0.0.0.0/34329] INFO  grpc.GrpcConfigKeys (ConfUtils.java:logGet(46)) - raft.grpc.server.port = 9872 (custom)
2022-10-03 12:57:32,474 [Listener at 0.0.0.0/34329] INFO  grpc.GrpcConfigKeys (ConfUtils.java:logGet(46)) - raft.grpc.server.port = 9872 (custom)
2022-10-03 12:57:32,474 [Listener at 0.0.0.0/34329] INFO  server.GrpcService (ConfUtils.java:logGet(46)) - raft.grpc.message.size.max = 33554432 (custom)
2022-10-03 12:57:32,474 [Listener at 0.0.0.0/34329] INFO  server.RaftServerConfigKeys (ConfUtils.java:logGet(46)) - raft.server.log.appender.buffer.byte-limit = 33554432 (custom)
2022-10-03 12:57:32,474 [Listener at 0.0.0.0/34329] INFO  server.GrpcService (ConfUtils.java:logGet(46)) - raft.grpc.flow.control.window = 1MB (=1048576) (default)
2022-10-03 12:57:32,474 [Listener at 0.0.0.0/34329] INFO  server.RaftServerConfigKeys (ConfUtils.java:logGet(46)) - raft.server.rpc.request.timeout = 3000ms (default)
2022-10-03 12:57:32,474 [Listener at 0.0.0.0/34329] INFO  grpc.GrpcConfigKeys (ConfUtils.java:logGet(46)) - raft.grpc.server.async.request.thread.pool.cached = true (default)
2022-10-03 12:57:32,474 [Listener at 0.0.0.0/34329] INFO  grpc.GrpcConfigKeys (ConfUtils.java:logGet(46)) - raft.grpc.server.async.request.thread.pool.size = 32 (default)
2022-10-03 12:57:32,477 [Listener at 0.0.0.0/34329] INFO  impl.DataStreamServerImpl (ConfUtils.java:logGet(46)) - raft.datastream.type = DISABLED (default)
2022-10-03 12:57:32,477 [Listener at 0.0.0.0/34329] INFO  server.RaftServerConfigKeys (ConfUtils.java:logGet(46)) - raft.server.threadpool.proxy.cached = true (default)
2022-10-03 12:57:32,478 [Listener at 0.0.0.0/34329] INFO  server.RaftServerConfigKeys (ConfUtils.java:logGet(46)) - raft.server.threadpool.proxy.size = 0 (default)
2022-10-03 12:57:32,478 [Listener at 0.0.0.0/34329] INFO  server.RaftServerConfigKeys (ConfUtils.java:logGet(46)) - raft.server.rpc.slowness.timeout = 120s (custom)
2022-10-03 12:57:32,478 [Listener at 0.0.0.0/34329] INFO  server.RaftServerConfigKeys (ConfUtils.java:logGet(46)) - raft.server.leaderelection.leader.step-down.wait-time = 10s (default)
2022-10-03 12:57:32,478 [Listener at 0.0.0.0/34329] INFO  server.RaftServerConfigKeys (ConfUtils.java:logGet(46)) - raft.server.storage.dir = [/home/runner/work/ozone/ozone/hadoop-ozone/integration-test/target/test-dir/MiniOzoneClusterImpl-53db5b09-2415-4619-b18d-0010cdbdab93/ozone-meta/ratis] (custom)
2022-10-03 12:57:32,529 [Listener at 0.0.0.0/34329] INFO  server.RaftServer (RaftServerProxy.java:addNew(96)) - om1: addNew group-C5BA1605619E:[om1|rpc:localhost:9872|priority:0] returns group-C5BA1605619E:java.util.concurrent.CompletableFuture@2c359ef0[Not completed]
2022-10-03 12:57:32,529 [Listener at 0.0.0.0/34329] INFO  om.OzoneManager (OzoneManager.java:initializeRatisServer(1977)) - OzoneManager Ratis server initialized at port 9872
2022-10-03 12:57:32,530 [Listener at 0.0.0.0/34329] INFO  om.OzoneManager (OzoneManager.java:getRpcServer(1100)) - Creating RPC Server
2022-10-03 12:57:32,536 [pool-787-thread-1] INFO  server.RaftServer$Division (RaftServerImpl.java:<init>(190)) - om1: new RaftServerImpl for group-C5BA1605619E:[om1|rpc:localhost:9872|priority:0] with OzoneManagerStateMachine:uninitialized
2022-10-03 12:57:32,536 [pool-787-thread-1] INFO  server.RaftServerConfigKeys (ConfUtils.java:logGet(46)) - raft.server.rpc.timeout.min = 1s (custom)
2022-10-03 12:57:32,536 [pool-787-thread-1] INFO  server.RaftServerConfigKeys (ConfUtils.java:logGet(46)) - raft.server.rpc.timeout.max = 1200ms (custom)
2022-10-03 12:57:32,536 [pool-787-thread-1] INFO  server.RaftServerConfigKeys (ConfUtils.java:logGet(46)) - raft.server.rpc.sleep.time = 25ms (default)
2022-10-03 12:57:32,536 [pool-787-thread-1] INFO  server.RaftServerConfigKeys (ConfUtils.java:logGet(46)) - raft.server.rpc.slowness.timeout = 120s (custom)
2022-10-03 12:57:32,536 [pool-787-thread-1] INFO  server.RaftServerConfigKeys (ConfUtils.java:logGet(46)) - raft.server.leaderelection.leader.step-down.wait-time = 10s (default)
2022-10-03 12:57:32,536 [pool-787-thread-1] INFO  server.RaftServerConfigKeys (ConfUtils.java:logGet(46)) - raft.server.sleep.deviation.threshold = 300ms (default)
2022-10-03 12:57:32,536 [pool-787-thread-1] INFO  server.RaftServer$Division (ServerState.java:<init>(107)) - om1@group-C5BA1605619E: ConfigurationManager, init=-1: [om1|rpc:localhost:9872|priority:0], old=null, confs=<EMPTY_MAP>
2022-10-03 12:57:32,536 [pool-787-thread-1] INFO  server.RaftServerConfigKeys (ConfUtils.java:logGet(46)) - raft.server.storage.dir = [/home/runner/work/ozone/ozone/hadoop-ozone/integration-test/target/test-dir/MiniOzoneClusterImpl-53db5b09-2415-4619-b18d-0010cdbdab93/ozone-meta/ratis] (custom)
2022-10-03 12:57:32,536 [pool-787-thread-1] INFO  server.RaftServerConfigKeys (ConfUtils.java:logGet(46)) - raft.server.log.corruption.policy = EXCEPTION (default)
2022-10-03 12:57:32,536 [pool-787-thread-1] INFO  server.RaftServerConfigKeys (ConfUtils.java:logGet(46)) - raft.server.storage.free-space.min = 0MB (=0) (default)
2022-10-03 12:57:32,536 [pool-787-thread-1] INFO  storage.RaftStorageDirectory (RaftStorageDirectoryImpl.java:analyzeStorage(135)) - The storage directory /home/runner/work/ozone/ozone/hadoop-ozone/integration-test/target/test-dir/MiniOzoneClusterImpl-53db5b09-2415-4619-b18d-0010cdbdab93/ozone-meta/ratis/bf265839-605b-3f16-9796-c5ba1605619e does not exist. Creating ...
2022-10-03 12:57:32,545 [pool-787-thread-1] INFO  storage.RaftStorageDirectory (RaftStorageDirectoryImpl.java:tryLock(230)) - Lock on /home/runner/work/ozone/ozone/hadoop-ozone/integration-test/target/test-dir/MiniOzoneClusterImpl-53db5b09-2415-4619-b18d-0010cdbdab93/ozone-meta/ratis/bf265839-605b-3f16-9796-c5ba1605619e/in_use.lock acquired by nodename 2263@fv-az443-503
2022-10-03 12:57:32,546 [pool-787-thread-1] INFO  storage.RaftStorage (RaftStorageImpl.java:format(89)) - Storage directory /home/runner/work/ozone/ozone/hadoop-ozone/integration-test/target/test-dir/MiniOzoneClusterImpl-53db5b09-2415-4619-b18d-0010cdbdab93/ozone-meta/ratis/bf265839-605b-3f16-9796-c5ba1605619e has been successfully formatted.
2022-10-03 12:57:32,547 [pool-787-thread-1] INFO  server.RaftServerConfigKeys (ConfUtils.java:logGet(46)) - raft.server.notification.no-leader.timeout = 120s (custom)
2022-10-03 12:57:32,547 [pool-787-thread-1] INFO  server.RaftServerConfigKeys (ConfUtils.java:logGet(46)) - raft.server.log.use.memory = false (default)
2022-10-03 12:57:32,547 [pool-787-thread-1] INFO  server.RaftServerConfigKeys (ConfUtils.java:logGet(46)) - raft.server.log.purge.gap = 1000000 (custom)
2022-10-03 12:57:32,547 [pool-787-thread-1] INFO  server.RaftServerConfigKeys (ConfUtils.java:logGet(46)) - raft.server.log.appender.buffer.byte-limit = 33554432 (custom)
2022-10-03 12:57:32,547 [pool-787-thread-1] INFO  server.RaftServerConfigKeys (ConfUtils.java:logGet(46)) - raft.server.log.statemachine.data.read.timeout = 1000ms (default)
2022-10-03 12:57:32,548 [pool-787-thread-1] INFO  server.RaftServerConfigKeys (ConfUtils.java:logGet(46)) - raft.server.log.segment.size.max = 4194304 (custom)
2022-10-03 12:57:32,549 [pool-787-thread-1] INFO  server.RaftServerConfigKeys (ConfUtils.java:logGet(46)) - raft.server.log.segment.cache.num.max = 2 (custom)
2022-10-03 12:57:32,549 [pool-787-thread-1] INFO  server.RaftServerConfigKeys (ConfUtils.java:logGet(46)) - raft.server.log.segment.cache.size.max = 200MB (=209715200) (default)
2022-10-03 12:57:32,549 [pool-787-thread-1] INFO  segmented.SegmentedRaftLogWorker (SegmentedRaftLogWorker.java:<init>(187)) - new om1@group-C5BA1605619E-SegmentedRaftLogWorker for RaftStorageImpl:Storage Directory /home/runner/work/ozone/ozone/hadoop-ozone/integration-test/target/test-dir/MiniOzoneClusterImpl-53db5b09-2415-4619-b18d-0010cdbdab93/ozone-meta/ratis/bf265839-605b-3f16-9796-c5ba1605619e
2022-10-03 12:57:32,549 [pool-787-thread-1] INFO  server.RaftServerConfigKeys (ConfUtils.java:logGet(46)) - raft.server.log.queue.byte-limit = 64MB (=67108864) (default)
2022-10-03 12:57:32,549 [pool-787-thread-1] INFO  server.RaftServerConfigKeys (ConfUtils.java:logGet(46)) - raft.server.log.queue.element-limit = 4096 (default)
2022-10-03 12:57:32,549 [pool-787-thread-1] INFO  server.RaftServerConfigKeys (ConfUtils.java:logGet(46)) - raft.server.log.segment.size.max = 4194304 (custom)
2022-10-03 12:57:32,549 [pool-787-thread-1] INFO  server.RaftServerConfigKeys (ConfUtils.java:logGet(46)) - raft.server.log.preallocated.size = 4194304 (custom)
2022-10-03 12:57:32,549 [pool-787-thread-1] INFO  server.RaftServerConfigKeys (ConfUtils.java:logGet(46)) - raft.server.log.force.sync.num = 128 (default)
2022-10-03 12:57:32,549 [pool-787-thread-1] INFO  server.RaftServerConfigKeys (ConfUtils.java:logGet(46)) - raft.server.log.statemachine.data.sync = true (default)
2022-10-03 12:57:32,549 [pool-787-thread-1] INFO  server.RaftServerConfigKeys (ConfUtils.java:logGet(46)) - raft.server.log.statemachine.data.sync.timeout = 10s (default)
2022-10-03 12:57:32,549 [pool-787-thread-1] INFO  server.RaftServerConfigKeys (ConfUtils.java:logGet(46)) - raft.server.log.statemachine.data.sync.timeout.retry = -1 (default)
2022-10-03 12:57:32,568 [pool-787-thread-1] INFO  server.RaftServerConfigKeys (ConfUtils.java:logGet(46)) - raft.server.log.write.buffer.size = 64KB (=65536) (default)
2022-10-03 12:57:32,568 [pool-787-thread-1] INFO  server.RaftServerConfigKeys (ConfUtils.java:logGet(46)) - raft.server.log.unsafe-flush.enabled = false (default)
2022-10-03 12:57:32,568 [pool-787-thread-1] INFO  server.RaftServerConfigKeys (ConfUtils.java:logGet(46)) - raft.server.log.statemachine.data.caching.enabled = false (default)
2022-10-03 12:57:32,569 [pool-787-thread-1] INFO  segmented.SegmentedRaftLogWorker (SegmentedRaftLogWorker.java:lambda$new$0(135)) - om1@group-C5BA1605619E-SegmentedRaftLogWorker: flushIndex: setUnconditionally 0 -> -1
2022-10-03 12:57:32,569 [pool-787-thread-1] INFO  segmented.SegmentedRaftLogWorker (SegmentedRaftLogWorker.java:lambda$new$0(135)) - om1@group-C5BA1605619E-SegmentedRaftLogWorker: safeCacheEvictIndex: setUnconditionally 0 -> -1
2022-10-03 12:57:32,569 [pool-787-thread-1] INFO  server.RaftServerConfigKeys (ConfUtils.java:logGet(46)) - raft.server.snapshot.auto.trigger.enabled = true (custom)
2022-10-03 12:57:32,569 [pool-787-thread-1] INFO  server.RaftServerConfigKeys (ConfUtils.java:logGet(46)) - raft.server.snapshot.auto.trigger.threshold = 400000 (default)
2022-10-03 12:57:32,569 [pool-787-thread-1] INFO  server.RaftServerConfigKeys (ConfUtils.java:logGet(46)) - raft.server.snapshot.retention.file.num = -1 (default)
2022-10-03 12:57:32,569 [pool-787-thread-1] INFO  server.RaftServerConfigKeys (ConfUtils.java:logGet(46)) - raft.server.log.purge.upto.snapshot.index = true (custom)
2022-10-03 12:57:32,569 [pool-787-thread-1] INFO  server.RaftServerConfigKeys (ConfUtils.java:logGet(46)) - raft.server.retrycache.expirytime = 300s (custom)
2022-10-03 12:57:32,569 [pool-787-thread-1] INFO  server.RaftServerConfigKeys (ConfUtils.java:logGet(46)) - raft.server.retrycache.statistics.expirytime = 100μs (default)
2022-10-03 12:57:32,570 [pool-787-thread-1] INFO  server.RaftServerConfigKeys (ConfUtils.java:logGet(46)) - raft.server.log.appender.install.snapshot.enabled = false (custom)
2022-10-03 12:57:32,570 [pool-787-thread-1] INFO  server.RaftServerConfigKeys (ConfUtils.java:logGet(46)) - raft.server.threadpool.server.cached = true (default)
2022-10-03 12:57:32,570 [pool-787-thread-1] INFO  server.RaftServerConfigKeys (ConfUtils.java:logGet(46)) - raft.server.threadpool.server.size = 0 (default)
2022-10-03 12:57:32,570 [pool-787-thread-1] INFO  server.RaftServerConfigKeys (ConfUtils.java:logGet(46)) - raft.server.threadpool.client.cached = true (default)
2022-10-03 12:57:32,570 [pool-787-thread-1] INFO  server.RaftServerConfigKeys (ConfUtils.java:logGet(46)) - raft.server.threadpool.client.size = 0 (default)
2022-10-03 12:57:34,261 [Listener at 0.0.0.0/34329] INFO  reflections.Reflections (Reflections.java:scan(232)) - Reflections took 1724 ms to scan 19 urls, producing 67 keys and 4220 values [using 2 cores]
2022-10-03 12:57:34,262 [Listener at 0.0.0.0/34329] INFO  ipc.CallQueueManager (CallQueueManager.java:<init>(90)) - Using callQueue: class java.util.concurrent.LinkedBlockingQueue, queueCapacity: 2000, scheduler: class org.apache.hadoop.ipc.DefaultRpcScheduler, ipcBackoff: false.
2022-10-03 12:57:34,269 [Socket Reader #1 for port 0] INFO  ipc.Server (Server.java:run(1265)) - Starting Socket Reader #1 for port 0
2022-10-03 12:57:34,342 [Listener at 127.0.0.1/41529] INFO  impl.MetricsSystemImpl (MetricsSystemImpl.java:init(158)) - OzoneManager metrics system started (again)
2022-10-03 12:57:34,556 [Listener at 127.0.0.1/41529] INFO  om.OzoneManager (OzoneManager.java:start(1484)) - OzoneManager RPC server is listening at localhost/127.0.0.1:41529
2022-10-03 12:57:34,556 [Listener at 127.0.0.1/41529] INFO  ratis.OzoneManagerRatisServer (OzoneManagerRatisServer.java:start(555)) - Starting OzoneManagerRatisServer om1 at port 9872
2022-10-03 12:57:34,561 [om1-impl-thread1] INFO  server.RaftServer$Division (RaftServerImpl.java:start(310)) - om1@group-C5BA1605619E: start as a follower, conf=-1: [om1|rpc:localhost:9872|priority:0], old=null
2022-10-03 12:57:34,561 [om1-impl-thread1] INFO  server.RaftServer$Division (RaftServerImpl.java:setRole(299)) - om1@group-C5BA1605619E: changes role from      null to FOLLOWER at term 0 for startAsFollower
2022-10-03 12:57:34,561 [om1-impl-thread1] INFO  impl.RoleInfo (RoleInfo.java:updateAndGet(139)) - om1: start om1@group-C5BA1605619E-FollowerState
2022-10-03 12:57:34,569 [om1-impl-thread1] INFO  util.JmxRegister (JmxRegister.java:tryRegister(44)) - Successfully registered JMX Bean with object name Ratis:service=RaftServer,group=group-C5BA1605619E,id=om1
2022-10-03 12:57:34,593 [Listener at 127.0.0.1/41529] INFO  server.RaftServer (RaftServerProxy.java:lambda$start$6(382)) - om1: start RPC server
2022-10-03 12:57:34,710 [Listener at 127.0.0.1/41529] INFO  server.GrpcService (GrpcService.java:startImpl(260)) - om1: GrpcService started, listening on 9872
2022-10-03 12:57:34,711 [Listener at 127.0.0.1/41529] INFO  om.OzoneManager (OzoneManager.java:start(1500)) - Version File has different layout version (3) than OM DB (null). That is expected if this OM has never been finalized to a newer layout version.
2022-10-03 12:57:34,711 [org.apache.ratis.util.JvmPauseMonitor$$Lambda$685/536859976@71bc94fa] INFO  util.JvmPauseMonitor (JvmPauseMonitor.java:run(103)) - JvmPauseMonitor-om1: Started
2022-10-03 12:57:34,721 [Listener at 127.0.0.1/41529] INFO  http.BaseHttpServer (BaseHttpServer.java:newHttpServer2BuilderForOzone(213)) - Starting Web-server for ozoneManager at: http://0.0.0.0:0
2022-10-03 12:57:34,721 [Listener at 127.0.0.1/41529] INFO  http.BaseHttpServer (BaseHttpServer.java:<init>(108)) - Hadoop Security Enabled: false Ozone Security Enabled: false Ozone HTTP Security Enabled: false 
2022-10-03 12:57:34,722 [Listener at 127.0.0.1/41529] INFO  server.AuthenticationFilter (AuthenticationFilter.java:constructSecretProvider(240)) - Unable to initialize FileSignerSecretProvider, falling back to use random secrets.
2022-10-03 12:57:34,733 [Listener at 127.0.0.1/41529] WARN  http.HttpRequestLog (HttpRequestLog.java:getRequestLog(103)) - Jetty request log can only be enabled using Log4j
2022-10-03 12:57:34,754 [Listener at 127.0.0.1/41529] INFO  http.HttpServer2 (HttpServer2.java:addGlobalFilter(1029)) - Added global filter 'safety' (class=org.apache.hadoop.hdds.server.http.HttpServer2$QuotingInputFilter)
2022-10-03 12:57:34,754 [Listener at 127.0.0.1/41529] INFO  http.HttpServer2 (HttpServer2.java:addFilter(1005)) - Added filter static_user_filter (class=org.apache.hadoop.http.lib.StaticUserWebFilter$StaticUserFilter) to context ozoneManager
2022-10-03 12:57:34,754 [Listener at 127.0.0.1/41529] INFO  http.HttpServer2 (HttpServer2.java:addFilter(1013)) - Added filter static_user_filter (class=org.apache.hadoop.http.lib.StaticUserWebFilter$StaticUserFilter) to context logs
2022-10-03 12:57:34,755 [Listener at 127.0.0.1/41529] INFO  http.HttpServer2 (HttpServer2.java:addFilter(1013)) - Added filter static_user_filter (class=org.apache.hadoop.http.lib.StaticUserWebFilter$StaticUserFilter) to context static
2022-10-03 12:57:34,755 [Listener at 127.0.0.1/41529] INFO  http.HttpServer2 (HttpServer2.java:bindListener(1248)) - Jetty bound to port 40463
2022-10-03 12:57:34,755 [Listener at 127.0.0.1/41529] INFO  server.Server (Server.java:doStart(375)) - jetty-9.4.43.v20210629; built: 2021-06-30T11:07:22.254Z; git: 526006ecfa3af7f1a27ef3a288e2bef7ea9dd7e8; jvm 1.8.0_345-b01
2022-10-03 12:57:34,857 [Listener at 127.0.0.1/41529] INFO  server.session (DefaultSessionIdManager.java:doStart(334)) - DefaultSessionIdManager workerName=node0
2022-10-03 12:57:34,858 [Listener at 127.0.0.1/41529] INFO  server.session (DefaultSessionIdManager.java:doStart(339)) - No SessionScavenger set, using defaults
2022-10-03 12:57:34,858 [Listener at 127.0.0.1/41529] INFO  server.session (HouseKeeper.java:startScavenging(132)) - node0 Scavenging every 660000ms
2022-10-03 12:57:34,858 [Listener at 127.0.0.1/41529] INFO  handler.ContextHandler (ContextHandler.java:doStart(915)) - Started o.e.j.s.ServletContextHandler@62702965{logs,/logs,file:///home/runner/work/ozone/ozone/hadoop-ozone/integration-test/target/log,AVAILABLE}
2022-10-03 12:57:34,859 [Listener at 127.0.0.1/41529] INFO  handler.ContextHandler (ContextHandler.java:doStart(915)) - Started o.e.j.s.ServletContextHandler@3f1e1a83{static,/static,file:///home/runner/work/ozone/ozone/hadoop-ozone/integration-test/target/test-classes/webapps/static,AVAILABLE}
2022-10-03 12:57:34,861 [Listener at 127.0.0.1/41529] INFO  handler.ContextHandler (ContextHandler.java:doStart(915)) - Started o.e.j.w.WebAppContext@25cf63c6{ozoneManager,/,file:///home/runner/work/ozone/ozone/hadoop-ozone/integration-test/target/test-classes/webapps/ozoneManager/,AVAILABLE}{file:/home/runner/work/ozone/ozone/hadoop-ozone/integration-test/target/test-classes/webapps/ozoneManager}
2022-10-03 12:57:34,897 [Listener at 127.0.0.1/41529] INFO  server.AbstractConnector (AbstractConnector.java:doStart(331)) - Started ServerConnector@23df6ad8{HTTP/1.1, (http/1.1)}{0.0.0.0:40463}
2022-10-03 12:57:34,897 [Listener at 127.0.0.1/41529] INFO  server.Server (Server.java:doStart(415)) - Started @216910ms
2022-10-03 12:57:34,898 [Listener at 127.0.0.1/41529] WARN  impl.MetricsSystemImpl (MetricsSystemImpl.java:register(279)) - Sink prometheus already exists!
2022-10-03 12:57:34,911 [Listener at 127.0.0.1/41529] INFO  http.BaseHttpServer (BaseHttpServer.java:updateConnectorAddress(333)) - HTTP server of ozoneManager listening at http://0.0.0.0:40463
2022-10-03 12:57:34,933 [IPC Server Responder] INFO  ipc.Server (Server.java:run(1507)) - IPC Server Responder: starting
2022-10-03 12:57:34,937 [IPC Server listener on 0] INFO  ipc.Server (Server.java:run(1344)) - IPC Server listener on 0: starting
2022-10-03 12:57:34,938 [Listener at 127.0.0.1/41529] INFO  om.OzoneManager (OzoneManager.java:startTrashEmptier(1921)) - Trash Interval set to 0. Files deleted won't move to trash
2022-10-03 12:57:34,973 [org.apache.hadoop.util.JvmPauseMonitor$Monitor@1a823633] INFO  util.JvmPauseMonitor (JvmPauseMonitor.java:run(188)) - Starting JVM pause monitor
2022-10-03 12:57:34,979 [Listener at 127.0.0.1/41529] WARN  impl.MetricRegistriesImpl (MetricRegistriesImpl.java:addReporterRegistration(111)) - New reporters are added after registries were created. Some metrics will be missing from the reporter. Please add reporter before adding any new registry.
2022-10-03 12:57:34,979 [Listener at 127.0.0.1/41529] WARN  impl.MetricRegistriesImpl (MetricRegistriesImpl.java:addReporterRegistration(111)) - New reporters are added after registries were created. Some metrics will be missing from the reporter. Please add reporter before adding any new registry.
2022-10-03 12:57:34,980 [Listener at 127.0.0.1/41529] INFO  impl.MetricsSystemImpl (MetricsSystemImpl.java:init(158)) - HddsDatanode metrics system started (again)
2022-10-03 12:57:35,064 [Listener at 127.0.0.1/41529] INFO  ozone.HddsDatanodeService (HddsDatanodeService.java:start(236)) - HddsDatanodeService host:fv-az443-503.ap2fcshprsnunfx25e1aelzb4b.cx.internal.cloudapp.net ip:10.1.0.147
2022-10-03 12:57:35,119 [Listener at 127.0.0.1/41529] INFO  upgrade.AbstractLayoutVersionManager (AbstractLayoutVersionManager.java:init(83)) - Initializing Layout version manager with metadata layout = DATANODE_SCHEMA_V3 (version = 4), software layout = DATANODE_SCHEMA_V3 (version = 4)
2022-10-03 12:57:35,315 [Listener at 127.0.0.1/41529] INFO  reflections.Reflections (Reflections.java:scan(232)) - Reflections took 195 ms to scan 7 urls, producing 135 keys and 327 values 
2022-10-03 12:57:35,330 [Listener at 127.0.0.1/41529] INFO  statemachine.DatanodeStateMachine (DatanodeStateMachine.java:getEndPointTaskThreadPoolSize(237)) - Datanode State Machine Task Thread Pool size 2
2022-10-03 12:57:35,332 [Listener at 127.0.0.1/41529] INFO  volume.HddsVolume (HddsVolume.java:<init>(117)) - Creating HddsVolume: /home/runner/work/ozone/ozone/hadoop-ozone/integration-test/target/test-dir/MiniOzoneClusterImpl-53db5b09-2415-4619-b18d-0010cdbdab93/datanode-0/data-0/containers/hdds of storage type : DISK capacity : 9223372036854775807
2022-10-03 12:57:35,332 [Listener at 127.0.0.1/41529] INFO  volume.MutableVolumeSet (MutableVolumeSet.java:initializeVolumeSet(174)) - Added Volume : /home/runner/work/ozone/ozone/hadoop-ozone/integration-test/target/test-dir/MiniOzoneClusterImpl-53db5b09-2415-4619-b18d-0010cdbdab93/datanode-0/data-0/containers/hdds to VolumeSet
2022-10-03 12:57:35,332 [Listener at 127.0.0.1/41529] INFO  volume.ThrottledAsyncChecker (ThrottledAsyncChecker.java:schedule(141)) - Scheduling a check for /home/runner/work/ozone/ozone/hadoop-ozone/integration-test/target/test-dir/MiniOzoneClusterImpl-53db5b09-2415-4619-b18d-0010cdbdab93/datanode-0/data-0/containers/hdds
2022-10-03 12:57:35,333 [Listener at 127.0.0.1/41529] INFO  volume.StorageVolumeChecker (StorageVolumeChecker.java:checkAllVolumes(202)) - Scheduled health check for volume /home/runner/work/ozone/ozone/hadoop-ozone/integration-test/target/test-dir/MiniOzoneClusterImpl-53db5b09-2415-4619-b18d-0010cdbdab93/datanode-0/data-0/containers/hdds
2022-10-03 12:57:35,345 [Listener at 127.0.0.1/41529] INFO  volume.MutableVolumeSet (MutableVolumeSet.java:initializeVolumeSet(174)) - Added Volume : /home/runner/work/ozone/ozone/hadoop-ozone/integration-test/target/test-dir/MiniOzoneClusterImpl-53db5b09-2415-4619-b18d-0010cdbdab93/datanode-0/data/ratis to VolumeSet
2022-10-03 12:57:35,345 [Listener at 127.0.0.1/41529] INFO  volume.ThrottledAsyncChecker (ThrottledAsyncChecker.java:schedule(141)) - Scheduling a check for /home/runner/work/ozone/ozone/hadoop-ozone/integration-test/target/test-dir/MiniOzoneClusterImpl-53db5b09-2415-4619-b18d-0010cdbdab93/datanode-0/data/ratis
2022-10-03 12:57:35,345 [Listener at 127.0.0.1/41529] INFO  volume.StorageVolumeChecker (StorageVolumeChecker.java:checkAllVolumes(202)) - Scheduled health check for volume /home/runner/work/ozone/ozone/hadoop-ozone/integration-test/target/test-dir/MiniOzoneClusterImpl-53db5b09-2415-4619-b18d-0010cdbdab93/datanode-0/data/ratis
2022-10-03 12:57:35,356 [Thread-1545] INFO  ozoneimpl.ContainerReader (ContainerReader.java:readVolume(175)) - Finish verifying containers on volume /home/runner/work/ozone/ozone/hadoop-ozone/integration-test/target/test-dir/MiniOzoneClusterImpl-53db5b09-2415-4619-b18d-0010cdbdab93/datanode-0/data-0/containers/hdds
2022-10-03 12:57:35,356 [Listener at 127.0.0.1/41529] INFO  ozoneimpl.OzoneContainer (OzoneContainer.java:buildContainerSet(300)) - Build ContainerSet costs 0s
2022-10-03 12:57:35,358 [Listener at 127.0.0.1/41529] INFO  server.RaftServer (ConfUtils.java:logGet(46)) - raft.rpc.type = GRPC (default)
2022-10-03 12:57:35,358 [Listener at 127.0.0.1/41529] INFO  grpc.GrpcFactory (GrpcFactory.java:checkPooledByteBufAllocatorUseCacheForAllThreads(48)) - PERFORMANCE WARNING: useCacheForAllThreads is true that may cause Netty to create a lot garbage objects and, as a result, trigger GC.
	It is recommended to disable useCacheForAllThreads by setting -Dorg.apache.ratis.thirdparty.io.netty.allocator.useCacheForAllThreads=false in command line.
2022-10-03 12:57:35,358 [Listener at 127.0.0.1/41529] INFO  grpc.GrpcConfigKeys (ConfUtils.java:logGet(46)) - raft.grpc.admin.port = 0 (custom)
2022-10-03 12:57:35,358 [Listener at 127.0.0.1/41529] INFO  grpc.GrpcConfigKeys (ConfUtils.java:logGet(46)) - raft.grpc.client.port = 0 (custom)
2022-10-03 12:57:35,358 [Listener at 127.0.0.1/41529] INFO  grpc.GrpcConfigKeys (ConfUtils.java:logGet(46)) - raft.grpc.server.port = 0 (default)
2022-10-03 12:57:35,358 [Listener at 127.0.0.1/41529] INFO  server.GrpcService (ConfUtils.java:logGet(46)) - raft.grpc.message.size.max = 32MB (=33554432) (custom)
2022-10-03 12:57:35,359 [Listener at 127.0.0.1/41529] INFO  server.RaftServerConfigKeys (ConfUtils.java:logGet(46)) - raft.server.log.appender.buffer.byte-limit = 33554432 (custom)
2022-10-03 12:57:35,359 [Listener at 127.0.0.1/41529] INFO  server.GrpcService (ConfUtils.java:logGet(46)) - raft.grpc.flow.control.window = 5MB (=5242880) (custom)
2022-10-03 12:57:35,359 [Listener at 127.0.0.1/41529] INFO  server.RaftServerConfigKeys (ConfUtils.java:logGet(46)) - raft.server.rpc.request.timeout = 60s (custom)
2022-10-03 12:57:35,359 [Listener at 127.0.0.1/41529] INFO  grpc.GrpcConfigKeys (ConfUtils.java:logGet(46)) - raft.grpc.server.async.request.thread.pool.cached = true (default)
2022-10-03 12:57:35,359 [Listener at 127.0.0.1/41529] INFO  grpc.GrpcConfigKeys (ConfUtils.java:logGet(46)) - raft.grpc.server.async.request.thread.pool.size = 32 (default)
2022-10-03 12:57:35,360 [Listener at 127.0.0.1/41529] INFO  impl.DataStreamServerImpl (ConfUtils.java:logGet(46)) - raft.datastream.type = DISABLED (default)
2022-10-03 12:57:35,360 [Listener at 127.0.0.1/41529] INFO  server.RaftServerConfigKeys (ConfUtils.java:logGet(46)) - raft.server.threadpool.proxy.cached = true (default)
2022-10-03 12:57:35,360 [Listener at 127.0.0.1/41529] INFO  server.RaftServerConfigKeys (ConfUtils.java:logGet(46)) - raft.server.threadpool.proxy.size = 0 (default)
2022-10-03 12:57:35,360 [Listener at 127.0.0.1/41529] INFO  server.RaftServerConfigKeys (ConfUtils.java:logGet(46)) - raft.server.rpc.slowness.timeout = 300s (custom)
2022-10-03 12:57:35,360 [Listener at 127.0.0.1/41529] INFO  server.RaftServerConfigKeys (ConfUtils.java:logGet(46)) - raft.server.leaderelection.leader.step-down.wait-time = 10s (default)
2022-10-03 12:57:35,360 [Listener at 127.0.0.1/41529] INFO  server.RaftServerConfigKeys (ConfUtils.java:logGet(46)) - raft.server.storage.dir = [/home/runner/work/ozone/ozone/hadoop-ozone/integration-test/target/test-dir/MiniOzoneClusterImpl-53db5b09-2415-4619-b18d-0010cdbdab93/datanode-0/data/ratis] (custom)
2022-10-03 12:57:35,418 [Listener at 127.0.0.1/41529] INFO  server.XceiverServerGrpc (XceiverServerGrpc.java:<init>(132)) - GrpcServer channel type EpollServerSocketChannel
2022-10-03 12:57:35,430 [Listener at 127.0.0.1/41529] INFO  http.BaseHttpServer (BaseHttpServer.java:newHttpServer2BuilderForOzone(213)) - Starting Web-server for hddsDatanode at: http://0.0.0.0:0
2022-10-03 12:57:35,430 [Listener at 127.0.0.1/41529] INFO  http.BaseHttpServer (BaseHttpServer.java:<init>(108)) - Hadoop Security Enabled: false Ozone Security Enabled: false Ozone HTTP Security Enabled: false 
2022-10-03 12:57:35,437 [Listener at 127.0.0.1/41529] INFO  server.AuthenticationFilter (AuthenticationFilter.java:constructSecretProvider(240)) - Unable to initialize FileSignerSecretProvider, falling back to use random secrets.
2022-10-03 12:57:35,445 [Listener at 127.0.0.1/41529] WARN  http.HttpRequestLog (HttpRequestLog.java:getRequestLog(103)) - Jetty request log can only be enabled using Log4j
2022-10-03 12:57:35,446 [Listener at 127.0.0.1/41529] INFO  http.HttpServer2 (HttpServer2.java:addGlobalFilter(1029)) - Added global filter 'safety' (class=org.apache.hadoop.hdds.server.http.HttpServer2$QuotingInputFilter)
2022-10-03 12:57:35,447 [Listener at 127.0.0.1/41529] INFO  http.HttpServer2 (HttpServer2.java:addFilter(1005)) - Added filter static_user_filter (class=org.apache.hadoop.http.lib.StaticUserWebFilter$StaticUserFilter) to context hddsDatanode
2022-10-03 12:57:35,447 [Listener at 127.0.0.1/41529] INFO  http.HttpServer2 (HttpServer2.java:addFilter(1013)) - Added filter static_user_filter (class=org.apache.hadoop.http.lib.StaticUserWebFilter$StaticUserFilter) to context logs
2022-10-03 12:57:35,447 [Listener at 127.0.0.1/41529] INFO  http.HttpServer2 (HttpServer2.java:addFilter(1013)) - Added filter static_user_filter (class=org.apache.hadoop.http.lib.StaticUserWebFilter$StaticUserFilter) to context static
2022-10-03 12:57:35,447 [Listener at 127.0.0.1/41529] INFO  http.HttpServer2 (HttpServer2.java:bindListener(1248)) - Jetty bound to port 42155
2022-10-03 12:57:35,447 [Listener at 127.0.0.1/41529] INFO  server.Server (Server.java:doStart(375)) - jetty-9.4.43.v20210629; built: 2021-06-30T11:07:22.254Z; git: 526006ecfa3af7f1a27ef3a288e2bef7ea9dd7e8; jvm 1.8.0_345-b01
2022-10-03 12:57:35,502 [Listener at 127.0.0.1/41529] INFO  server.session (DefaultSessionIdManager.java:doStart(334)) - DefaultSessionIdManager workerName=node0
2022-10-03 12:57:35,502 [Listener at 127.0.0.1/41529] INFO  server.session (DefaultSessionIdManager.java:doStart(339)) - No SessionScavenger set, using defaults
2022-10-03 12:57:35,502 [Listener at 127.0.0.1/41529] INFO  server.session (HouseKeeper.java:startScavenging(132)) - node0 Scavenging every 660000ms
2022-10-03 12:57:35,503 [Listener at 127.0.0.1/41529] INFO  handler.ContextHandler (ContextHandler.java:doStart(915)) - Started o.e.j.s.ServletContextHandler@5259b18a{logs,/logs,file:///home/runner/work/ozone/ozone/hadoop-ozone/integration-test/target/log,AVAILABLE}
2022-10-03 12:57:35,503 [Listener at 127.0.0.1/41529] INFO  handler.ContextHandler (ContextHandler.java:doStart(915)) - Started o.e.j.s.ServletContextHandler@729556e6{static,/static,jar:file:/home/runner/.m2/repository/org/apache/ozone/hdds-container-service/1.3.0-SNAPSHOT/hdds-container-service-1.3.0-SNAPSHOT.jar!/webapps/static,AVAILABLE}
2022-10-03 12:57:35,684 [om1@group-C5BA1605619E-FollowerState] INFO  impl.FollowerState (FollowerState.java:run(143)) - om1@group-C5BA1605619E-FollowerState: change to CANDIDATE, lastRpcElapsedTime:1123173636ns, electionTimeout:1114ms
2022-10-03 12:57:35,684 [om1@group-C5BA1605619E-FollowerState] INFO  impl.RoleInfo (RoleInfo.java:shutdownFollowerState(110)) - om1: shutdown om1@group-C5BA1605619E-FollowerState
2022-10-03 12:57:35,685 [om1@group-C5BA1605619E-FollowerState] INFO  server.RaftServer$Division (RaftServerImpl.java:setRole(299)) - om1@group-C5BA1605619E: changes role from  FOLLOWER to CANDIDATE at term 0 for changeToCandidate
2022-10-03 12:57:35,685 [om1@group-C5BA1605619E-FollowerState] INFO  server.RaftServerConfigKeys (ConfUtils.java:logGet(46)) - raft.server.leaderelection.pre-vote = false (custom)
2022-10-03 12:57:35,685 [om1@group-C5BA1605619E-FollowerState] INFO  impl.RoleInfo (RoleInfo.java:updateAndGet(139)) - om1: start om1@group-C5BA1605619E-LeaderElection69
2022-10-03 12:57:35,739 [om1@group-C5BA1605619E-LeaderElection69] INFO  impl.LeaderElection (LeaderElection.java:askForVotes(310)) - om1@group-C5BA1605619E-LeaderElection69 ELECTION round 0: submit vote requests at term 1 for -1: [om1|rpc:localhost:9872|priority:0], old=null
2022-10-03 12:57:35,739 [om1@group-C5BA1605619E-LeaderElection69] INFO  impl.LeaderElection (LeaderElection.java:askForVotes(312)) - om1@group-C5BA1605619E-LeaderElection69 ELECTION round 0: result PASSED (term=1)
2022-10-03 12:57:35,739 [om1@group-C5BA1605619E-LeaderElection69] INFO  impl.RoleInfo (RoleInfo.java:shutdownLeaderElection(130)) - om1: shutdown om1@group-C5BA1605619E-LeaderElection69
2022-10-03 12:57:35,739 [om1@group-C5BA1605619E-LeaderElection69] INFO  server.RaftServer$Division (RaftServerImpl.java:setRole(299)) - om1@group-C5BA1605619E: changes role from CANDIDATE to LEADER at term 1 for changeToLeader
2022-10-03 12:57:35,739 [om1@group-C5BA1605619E-LeaderElection69] INFO  server.RaftServer$Division (ServerState.java:setLeader(287)) - om1@group-C5BA1605619E: change Leader from null to om1 at term 1 for becomeLeader, leader elected after 3192ms
2022-10-03 12:57:35,739 [om1@group-C5BA1605619E-LeaderElection69] INFO  server.RaftServerConfigKeys (ConfUtils.java:logGet(46)) - raft.server.staging.catchup.gap = 1000 (default)
2022-10-03 12:57:35,739 [om1@group-C5BA1605619E-LeaderElection69] INFO  server.RaftServerConfigKeys (ConfUtils.java:logGet(46)) - raft.server.write.element-limit = 4096 (default)
2022-10-03 12:57:35,739 [om1@group-C5BA1605619E-LeaderElection69] INFO  server.RaftServerConfigKeys (ConfUtils.java:logGet(46)) - raft.server.write.byte-limit = 64MB (=67108864) (default)
2022-10-03 12:57:35,740 [om1@group-C5BA1605619E-LeaderElection69] INFO  server.RaftServerConfigKeys (ConfUtils.java:logGet(46)) - raft.server.watch.timeout = 10s (default)
2022-10-03 12:57:35,740 [om1@group-C5BA1605619E-LeaderElection69] INFO  server.RaftServerConfigKeys (ConfUtils.java:logGet(46)) - raft.server.watch.timeout.denomination = 1s (default)
2022-10-03 12:57:35,740 [om1@group-C5BA1605619E-LeaderElection69] INFO  server.RaftServerConfigKeys (ConfUtils.java:logGet(46)) - raft.server.watch.element-limit = 65536 (default)
2022-10-03 12:57:35,740 [om1@group-C5BA1605619E-LeaderElection69] INFO  server.RaftServerConfigKeys (ConfUtils.java:logGet(46)) - raft.server.write.element-limit = 4096 (default)
2022-10-03 12:57:35,740 [om1@group-C5BA1605619E-LeaderElection69] INFO  server.RaftServerConfigKeys (ConfUtils.java:logGet(46)) - raft.server.write.follower.gap.ratio.max = -1.0 (default)
2022-10-03 12:57:35,740 [om1@group-C5BA1605619E-LeaderElection69] INFO  impl.RoleInfo (RoleInfo.java:updateAndGet(139)) - om1: start om1@group-C5BA1605619E-LeaderStateImpl
2022-10-03 12:57:35,740 [om1@group-C5BA1605619E-LeaderElection69] INFO  segmented.SegmentedRaftLogWorker (SegmentedRaftLogWorker.java:startLogSegment(425)) - om1@group-C5BA1605619E-SegmentedRaftLogWorker: Starting segment from index:0
2022-10-03 12:57:35,770 [om1@group-C5BA1605619E-SegmentedRaftLogWorker] INFO  segmented.SegmentedRaftLogWorker (SegmentedRaftLogWorker.java:execute(629)) - om1@group-C5BA1605619E-SegmentedRaftLogWorker: created new log segment /home/runner/work/ozone/ozone/hadoop-ozone/integration-test/target/test-dir/MiniOzoneClusterImpl-53db5b09-2415-4619-b18d-0010cdbdab93/ozone-meta/ratis/bf265839-605b-3f16-9796-c5ba1605619e/current/log_inprogress_0
2022-10-03 12:57:35,786 [om1@group-C5BA1605619E-LeaderElection69] INFO  server.RaftServer$Division (ServerState.java:setRaftConf(393)) - om1@group-C5BA1605619E: set configuration 0: [om1|rpc:localhost:9872|admin:|client:|dataStream:|priority:0], old=null
2022-10-03 12:57:35,809 [om1@group-C5BA1605619E-StateMachineUpdater] INFO  ratis.OzoneManagerStateMachine (OzoneManagerStateMachine.java:notifyConfigurationChanged(192)) - Received Configuration change notification from Ratis. New Peer list:
[id: "om1"
address: "localhost:9872"
]
2022-10-03 12:57:36,206 [Listener at 127.0.0.1/41529] INFO  handler.ContextHandler (ContextHandler.java:doStart(915)) - Started o.e.j.w.WebAppContext@619e86dc{hddsDatanode,/,file:///tmp/jetty-0_0_0_0-42155-hdds-container-service-1_3_0-SNAPSHOT_jar-_-any-3032935208791969709/webapp/,AVAILABLE}{jar:file:/home/runner/.m2/repository/org/apache/ozone/hdds-container-service/1.3.0-SNAPSHOT/hdds-container-service-1.3.0-SNAPSHOT.jar!/webapps/hddsDatanode}
2022-10-03 12:57:36,221 [Listener at 127.0.0.1/41529] INFO  server.AbstractConnector (AbstractConnector.java:doStart(331)) - Started ServerConnector@139e239c{HTTP/1.1, (http/1.1)}{0.0.0.0:42155}
2022-10-03 12:57:36,221 [Listener at 127.0.0.1/41529] INFO  server.Server (Server.java:doStart(415)) - Started @218233ms
2022-10-03 12:57:36,221 [Listener at 127.0.0.1/41529] WARN  impl.MetricsSystemImpl (MetricsSystemImpl.java:register(279)) - Sink prometheus already exists!
2022-10-03 12:57:36,222 [Listener at 127.0.0.1/41529] INFO  http.BaseHttpServer (BaseHttpServer.java:updateConnectorAddress(333)) - HTTP server of hddsDatanode listening at http://0.0.0.0:42155
2022-10-03 12:57:36,227 [Datanode State Machine Daemon Thread] INFO  statemachine.DatanodeStateMachine (DatanodeStateMachine.java:lambda$startDaemon$0(492)) - Ozone container server started.
2022-10-03 12:57:36,262 [Listener at 127.0.0.1/41529] WARN  impl.MetricRegistriesImpl (MetricRegistriesImpl.java:addReporterRegistration(111)) - New reporters are added after registries were created. Some metrics will be missing from the reporter. Please add reporter before adding any new registry.
2022-10-03 12:57:36,262 [Listener at 127.0.0.1/41529] WARN  impl.MetricRegistriesImpl (MetricRegistriesImpl.java:addReporterRegistration(111)) - New reporters are added after registries were created. Some metrics will be missing from the reporter. Please add reporter before adding any new registry.
2022-10-03 12:57:36,262 [Listener at 127.0.0.1/41529] INFO  impl.MetricsSystemImpl (MetricsSystemImpl.java:init(158)) - HddsDatanode metrics system started (again)
2022-10-03 12:57:36,273 [Listener at 127.0.0.1/41529] INFO  ozone.HddsDatanodeService (HddsDatanodeService.java:start(236)) - HddsDatanodeService host:fv-az443-503.ap2fcshprsnunfx25e1aelzb4b.cx.internal.cloudapp.net ip:10.1.0.147
2022-10-03 12:57:36,374 [Listener at 127.0.0.1/41529] INFO  upgrade.AbstractLayoutVersionManager (AbstractLayoutVersionManager.java:init(83)) - Initializing Layout version manager with metadata layout = DATANODE_SCHEMA_V3 (version = 4), software layout = DATANODE_SCHEMA_V3 (version = 4)
2022-10-03 12:57:36,385 [org.apache.hadoop.util.JvmPauseMonitor$Monitor@1118a695] INFO  util.JvmPauseMonitor (JvmPauseMonitor.java:run(188)) - Starting JVM pause monitor
2022-10-03 12:57:36,418 [Datanode State Machine Task Thread - 0] INFO  datanode.InitDatanodeState (InitDatanodeState.java:persistContainerDatanodeDetails(138)) - DatanodeDetails is persisted to /home/runner/work/ozone/ozone/hadoop-ozone/integration-test/target/test-dir/MiniOzoneClusterImpl-53db5b09-2415-4619-b18d-0010cdbdab93/datanode-0/meta/datanode.id
2022-10-03 12:57:36,603 [Listener at 127.0.0.1/41529] INFO  reflections.Reflections (Reflections.java:scan(232)) - Reflections took 228 ms to scan 7 urls, producing 135 keys and 327 values 
2022-10-03 12:57:36,624 [Listener at 127.0.0.1/41529] INFO  statemachine.DatanodeStateMachine (DatanodeStateMachine.java:getEndPointTaskThreadPoolSize(237)) - Datanode State Machine Task Thread Pool size 2
2022-10-03 12:57:36,625 [Listener at 127.0.0.1/41529] INFO  volume.HddsVolume (HddsVolume.java:<init>(117)) - Creating HddsVolume: /home/runner/work/ozone/ozone/hadoop-ozone/integration-test/target/test-dir/MiniOzoneClusterImpl-53db5b09-2415-4619-b18d-0010cdbdab93/datanode-1/data-0/containers/hdds of storage type : DISK capacity : 9223372036854775807
2022-10-03 12:57:36,626 [Listener at 127.0.0.1/41529] INFO  volume.MutableVolumeSet (MutableVolumeSet.java:initializeVolumeSet(174)) - Added Volume : /home/runner/work/ozone/ozone/hadoop-ozone/integration-test/target/test-dir/MiniOzoneClusterImpl-53db5b09-2415-4619-b18d-0010cdbdab93/datanode-1/data-0/containers/hdds to VolumeSet
2022-10-03 12:57:36,626 [Listener at 127.0.0.1/41529] INFO  volume.ThrottledAsyncChecker (ThrottledAsyncChecker.java:schedule(141)) - Scheduling a check for /home/runner/work/ozone/ozone/hadoop-ozone/integration-test/target/test-dir/MiniOzoneClusterImpl-53db5b09-2415-4619-b18d-0010cdbdab93/datanode-1/data-0/containers/hdds
2022-10-03 12:57:36,641 [Listener at 127.0.0.1/41529] INFO  volume.StorageVolumeChecker (StorageVolumeChecker.java:checkAllVolumes(202)) - Scheduled health check for volume /home/runner/work/ozone/ozone/hadoop-ozone/integration-test/target/test-dir/MiniOzoneClusterImpl-53db5b09-2415-4619-b18d-0010cdbdab93/datanode-1/data-0/containers/hdds
2022-10-03 12:57:36,660 [Listener at 127.0.0.1/41529] INFO  volume.MutableVolumeSet (MutableVolumeSet.java:initializeVolumeSet(174)) - Added Volume : /home/runner/work/ozone/ozone/hadoop-ozone/integration-test/target/test-dir/MiniOzoneClusterImpl-53db5b09-2415-4619-b18d-0010cdbdab93/datanode-1/data/ratis to VolumeSet
2022-10-03 12:57:36,661 [Listener at 127.0.0.1/41529] INFO  volume.ThrottledAsyncChecker (ThrottledAsyncChecker.java:schedule(141)) - Scheduling a check for /home/runner/work/ozone/ozone/hadoop-ozone/integration-test/target/test-dir/MiniOzoneClusterImpl-53db5b09-2415-4619-b18d-0010cdbdab93/datanode-1/data/ratis
2022-10-03 12:57:36,669 [Listener at 127.0.0.1/41529] INFO  volume.StorageVolumeChecker (StorageVolumeChecker.java:checkAllVolumes(202)) - Scheduled health check for volume /home/runner/work/ozone/ozone/hadoop-ozone/integration-test/target/test-dir/MiniOzoneClusterImpl-53db5b09-2415-4619-b18d-0010cdbdab93/datanode-1/data/ratis
2022-10-03 12:57:36,697 [Thread-1560] INFO  ozoneimpl.ContainerReader (ContainerReader.java:readVolume(175)) - Finish verifying containers on volume /home/runner/work/ozone/ozone/hadoop-ozone/integration-test/target/test-dir/MiniOzoneClusterImpl-53db5b09-2415-4619-b18d-0010cdbdab93/datanode-1/data-0/containers/hdds
2022-10-03 12:57:36,697 [Listener at 127.0.0.1/41529] INFO  ozoneimpl.OzoneContainer (OzoneContainer.java:buildContainerSet(300)) - Build ContainerSet costs 0s
2022-10-03 12:57:36,702 [Listener at 127.0.0.1/41529] INFO  server.RaftServer (ConfUtils.java:logGet(46)) - raft.rpc.type = GRPC (default)
2022-10-03 12:57:36,702 [Listener at 127.0.0.1/41529] INFO  grpc.GrpcFactory (GrpcFactory.java:checkPooledByteBufAllocatorUseCacheForAllThreads(48)) - PERFORMANCE WARNING: useCacheForAllThreads is true that may cause Netty to create a lot garbage objects and, as a result, trigger GC.
	It is recommended to disable useCacheForAllThreads by setting -Dorg.apache.ratis.thirdparty.io.netty.allocator.useCacheForAllThreads=false in command line.
2022-10-03 12:57:36,702 [Listener at 127.0.0.1/41529] INFO  grpc.GrpcConfigKeys (ConfUtils.java:logGet(46)) - raft.grpc.admin.port = 0 (custom)
2022-10-03 12:57:36,702 [Listener at 127.0.0.1/41529] INFO  grpc.GrpcConfigKeys (ConfUtils.java:logGet(46)) - raft.grpc.client.port = 0 (custom)
2022-10-03 12:57:36,702 [Listener at 127.0.0.1/41529] INFO  grpc.GrpcConfigKeys (ConfUtils.java:logGet(46)) - raft.grpc.server.port = 0 (default)
2022-10-03 12:57:36,702 [Listener at 127.0.0.1/41529] INFO  server.GrpcService (ConfUtils.java:logGet(46)) - raft.grpc.message.size.max = 32MB (=33554432) (custom)
2022-10-03 12:57:36,703 [Listener at 127.0.0.1/41529] INFO  server.RaftServerConfigKeys (ConfUtils.java:logGet(46)) - raft.server.log.appender.buffer.byte-limit = 33554432 (custom)
2022-10-03 12:57:36,703 [Listener at 127.0.0.1/41529] INFO  server.GrpcService (ConfUtils.java:logGet(46)) - raft.grpc.flow.control.window = 5MB (=5242880) (custom)
2022-10-03 12:57:36,703 [Listener at 127.0.0.1/41529] INFO  server.RaftServerConfigKeys (ConfUtils.java:logGet(46)) - raft.server.rpc.request.timeout = 60s (custom)
2022-10-03 12:57:36,703 [Listener at 127.0.0.1/41529] INFO  grpc.GrpcConfigKeys (ConfUtils.java:logGet(46)) - raft.grpc.server.async.request.thread.pool.cached = true (default)
2022-10-03 12:57:36,703 [Listener at 127.0.0.1/41529] INFO  grpc.GrpcConfigKeys (ConfUtils.java:logGet(46)) - raft.grpc.server.async.request.thread.pool.size = 32 (default)
2022-10-03 12:57:36,704 [Listener at 127.0.0.1/41529] INFO  impl.DataStreamServerImpl (ConfUtils.java:logGet(46)) - raft.datastream.type = DISABLED (default)
2022-10-03 12:57:36,704 [Listener at 127.0.0.1/41529] INFO  server.RaftServerConfigKeys (ConfUtils.java:logGet(46)) - raft.server.threadpool.proxy.cached = true (default)
2022-10-03 12:57:36,704 [Listener at 127.0.0.1/41529] INFO  server.RaftServerConfigKeys (ConfUtils.java:logGet(46)) - raft.server.threadpool.proxy.size = 0 (default)
2022-10-03 12:57:36,704 [Listener at 127.0.0.1/41529] INFO  server.RaftServerConfigKeys (ConfUtils.java:logGet(46)) - raft.server.rpc.slowness.timeout = 300s (custom)
2022-10-03 12:57:36,704 [Listener at 127.0.0.1/41529] INFO  server.RaftServerConfigKeys (ConfUtils.java:logGet(46)) - raft.server.leaderelection.leader.step-down.wait-time = 10s (default)
2022-10-03 12:57:36,704 [Listener at 127.0.0.1/41529] INFO  server.RaftServerConfigKeys (ConfUtils.java:logGet(46)) - raft.server.storage.dir = [/home/runner/work/ozone/ozone/hadoop-ozone/integration-test/target/test-dir/MiniOzoneClusterImpl-53db5b09-2415-4619-b18d-0010cdbdab93/datanode-1/data/ratis] (custom)
2022-10-03 12:57:36,762 [Listener at 127.0.0.1/41529] INFO  server.XceiverServerGrpc (XceiverServerGrpc.java:<init>(132)) - GrpcServer channel type EpollServerSocketChannel
2022-10-03 12:57:36,786 [Listener at 127.0.0.1/41529] INFO  http.BaseHttpServer (BaseHttpServer.java:newHttpServer2BuilderForOzone(213)) - Starting Web-server for hddsDatanode at: http://0.0.0.0:0
2022-10-03 12:57:36,786 [Listener at 127.0.0.1/41529] INFO  http.BaseHttpServer (BaseHttpServer.java:<init>(108)) - Hadoop Security Enabled: false Ozone Security Enabled: false Ozone HTTP Security Enabled: false 
2022-10-03 12:57:36,787 [Listener at 127.0.0.1/41529] INFO  server.AuthenticationFilter (AuthenticationFilter.java:constructSecretProvider(240)) - Unable to initialize FileSignerSecretProvider, falling back to use random secrets.
2022-10-03 12:57:36,825 [Listener at 127.0.0.1/41529] WARN  http.HttpRequestLog (HttpRequestLog.java:getRequestLog(103)) - Jetty request log can only be enabled using Log4j
2022-10-03 12:57:36,826 [Listener at 127.0.0.1/41529] INFO  http.HttpServer2 (HttpServer2.java:addGlobalFilter(1029)) - Added global filter 'safety' (class=org.apache.hadoop.hdds.server.http.HttpServer2$QuotingInputFilter)
2022-10-03 12:57:36,827 [Listener at 127.0.0.1/41529] INFO  http.HttpServer2 (HttpServer2.java:addFilter(1005)) - Added filter static_user_filter (class=org.apache.hadoop.http.lib.StaticUserWebFilter$StaticUserFilter) to context hddsDatanode
2022-10-03 12:57:36,827 [Listener at 127.0.0.1/41529] INFO  http.HttpServer2 (HttpServer2.java:addFilter(1013)) - Added filter static_user_filter (class=org.apache.hadoop.http.lib.StaticUserWebFilter$StaticUserFilter) to context logs
2022-10-03 12:57:36,827 [Listener at 127.0.0.1/41529] INFO  http.HttpServer2 (HttpServer2.java:addFilter(1013)) - Added filter static_user_filter (class=org.apache.hadoop.http.lib.StaticUserWebFilter$StaticUserFilter) to context static
2022-10-03 12:57:36,827 [Listener at 127.0.0.1/41529] INFO  http.HttpServer2 (HttpServer2.java:bindListener(1248)) - Jetty bound to port 45609
2022-10-03 12:57:36,827 [Listener at 127.0.0.1/41529] INFO  server.Server (Server.java:doStart(375)) - jetty-9.4.43.v20210629; built: 2021-06-30T11:07:22.254Z; git: 526006ecfa3af7f1a27ef3a288e2bef7ea9dd7e8; jvm 1.8.0_345-b01
2022-10-03 12:57:36,985 [Listener at 127.0.0.1/41529] INFO  server.session (DefaultSessionIdManager.java:doStart(334)) - DefaultSessionIdManager workerName=node0
2022-10-03 12:57:36,985 [Listener at 127.0.0.1/41529] INFO  server.session (DefaultSessionIdManager.java:doStart(339)) - No SessionScavenger set, using defaults
2022-10-03 12:57:36,986 [Listener at 127.0.0.1/41529] INFO  server.session (HouseKeeper.java:startScavenging(132)) - node0 Scavenging every 600000ms
2022-10-03 12:57:36,986 [Listener at 127.0.0.1/41529] INFO  handler.ContextHandler (ContextHandler.java:doStart(915)) - Started o.e.j.s.ServletContextHandler@3a7fe56{logs,/logs,file:///home/runner/work/ozone/ozone/hadoop-ozone/integration-test/target/log,AVAILABLE}
2022-10-03 12:57:36,986 [Listener at 127.0.0.1/41529] INFO  handler.ContextHandler (ContextHandler.java:doStart(915)) - Started o.e.j.s.ServletContextHandler@42f74394{static,/static,jar:file:/home/runner/.m2/repository/org/apache/ozone/hdds-container-service/1.3.0-SNAPSHOT/hdds-container-service-1.3.0-SNAPSHOT.jar!/webapps/static,AVAILABLE}
2022-10-03 12:57:37,789 [Listener at 127.0.0.1/41529] INFO  handler.ContextHandler (ContextHandler.java:doStart(915)) - Started o.e.j.w.WebAppContext@7a832fdb{hddsDatanode,/,file:///tmp/jetty-0_0_0_0-45609-hdds-container-service-1_3_0-SNAPSHOT_jar-_-any-1834055686004628331/webapp/,AVAILABLE}{jar:file:/home/runner/.m2/repository/org/apache/ozone/hdds-container-service/1.3.0-SNAPSHOT/hdds-container-service-1.3.0-SNAPSHOT.jar!/webapps/hddsDatanode}
2022-10-03 12:57:37,794 [Listener at 127.0.0.1/41529] INFO  server.AbstractConnector (AbstractConnector.java:doStart(331)) - Started ServerConnector@6c808b47{HTTP/1.1, (http/1.1)}{0.0.0.0:45609}
2022-10-03 12:57:37,794 [Listener at 127.0.0.1/41529] INFO  server.Server (Server.java:doStart(415)) - Started @219806ms
2022-10-03 12:57:37,794 [Listener at 127.0.0.1/41529] WARN  impl.MetricsSystemImpl (MetricsSystemImpl.java:register(279)) - Sink prometheus already exists!
2022-10-03 12:57:37,794 [Listener at 127.0.0.1/41529] INFO  http.BaseHttpServer (BaseHttpServer.java:updateConnectorAddress(333)) - HTTP server of hddsDatanode listening at http://0.0.0.0:45609
2022-10-03 12:57:37,795 [Listener at 127.0.0.1/41529] WARN  impl.MetricRegistriesImpl (MetricRegistriesImpl.java:addReporterRegistration(111)) - New reporters are added after registries were created. Some metrics will be missing from the reporter. Please add reporter before adding any new registry.
2022-10-03 12:57:37,795 [Listener at 127.0.0.1/41529] WARN  impl.MetricRegistriesImpl (MetricRegistriesImpl.java:addReporterRegistration(111)) - New reporters are added after registries were created. Some metrics will be missing from the reporter. Please add reporter before adding any new registry.
2022-10-03 12:57:37,795 [Listener at 127.0.0.1/41529] INFO  impl.MetricsSystemImpl (MetricsSystemImpl.java:init(158)) - HddsDatanode metrics system started (again)
2022-10-03 12:57:37,805 [Listener at 127.0.0.1/41529] INFO  ozone.HddsDatanodeService (HddsDatanodeService.java:start(236)) - HddsDatanodeService host:fv-az443-503.ap2fcshprsnunfx25e1aelzb4b.cx.internal.cloudapp.net ip:10.1.0.147
2022-10-03 12:57:37,805 [Datanode State Machine Daemon Thread] INFO  statemachine.DatanodeStateMachine (DatanodeStateMachine.java:lambda$startDaemon$0(492)) - Ozone container server started.
2022-10-03 12:57:37,865 [Listener at 127.0.0.1/41529] INFO  upgrade.AbstractLayoutVersionManager (AbstractLayoutVersionManager.java:init(83)) - Initializing Layout version manager with metadata layout = DATANODE_SCHEMA_V3 (version = 4), software layout = DATANODE_SCHEMA_V3 (version = 4)
2022-10-03 12:57:37,918 [Datanode State Machine Task Thread - 0] INFO  datanode.InitDatanodeState (InitDatanodeState.java:persistContainerDatanodeDetails(138)) - DatanodeDetails is persisted to /home/runner/work/ozone/ozone/hadoop-ozone/integration-test/target/test-dir/MiniOzoneClusterImpl-53db5b09-2415-4619-b18d-0010cdbdab93/datanode-1/meta/datanode.id
2022-10-03 12:57:37,953 [org.apache.hadoop.util.JvmPauseMonitor$Monitor@66f54e82] INFO  util.JvmPauseMonitor (JvmPauseMonitor.java:run(188)) - Starting JVM pause monitor
2022-10-03 12:57:37,957 [Listener at 127.0.0.1/41529] INFO  reflections.Reflections (Reflections.java:scan(232)) - Reflections took 91 ms to scan 7 urls, producing 135 keys and 327 values 
2022-10-03 12:57:37,990 [Listener at 127.0.0.1/41529] INFO  statemachine.DatanodeStateMachine (DatanodeStateMachine.java:getEndPointTaskThreadPoolSize(237)) - Datanode State Machine Task Thread Pool size 2
2022-10-03 12:57:38,014 [Listener at 127.0.0.1/41529] INFO  volume.HddsVolume (HddsVolume.java:<init>(117)) - Creating HddsVolume: /home/runner/work/ozone/ozone/hadoop-ozone/integration-test/target/test-dir/MiniOzoneClusterImpl-53db5b09-2415-4619-b18d-0010cdbdab93/datanode-2/data-0/containers/hdds of storage type : DISK capacity : 9223372036854775807
2022-10-03 12:57:38,014 [Listener at 127.0.0.1/41529] INFO  volume.MutableVolumeSet (MutableVolumeSet.java:initializeVolumeSet(174)) - Added Volume : /home/runner/work/ozone/ozone/hadoop-ozone/integration-test/target/test-dir/MiniOzoneClusterImpl-53db5b09-2415-4619-b18d-0010cdbdab93/datanode-2/data-0/containers/hdds to VolumeSet
2022-10-03 12:57:38,014 [Listener at 127.0.0.1/41529] INFO  volume.ThrottledAsyncChecker (ThrottledAsyncChecker.java:schedule(141)) - Scheduling a check for /home/runner/work/ozone/ozone/hadoop-ozone/integration-test/target/test-dir/MiniOzoneClusterImpl-53db5b09-2415-4619-b18d-0010cdbdab93/datanode-2/data-0/containers/hdds
2022-10-03 12:57:38,077 [Listener at 127.0.0.1/41529] INFO  volume.StorageVolumeChecker (StorageVolumeChecker.java:checkAllVolumes(202)) - Scheduled health check for volume /home/runner/work/ozone/ozone/hadoop-ozone/integration-test/target/test-dir/MiniOzoneClusterImpl-53db5b09-2415-4619-b18d-0010cdbdab93/datanode-2/data-0/containers/hdds
2022-10-03 12:57:38,091 [Listener at 127.0.0.1/41529] INFO  volume.MutableVolumeSet (MutableVolumeSet.java:initializeVolumeSet(174)) - Added Volume : /home/runner/work/ozone/ozone/hadoop-ozone/integration-test/target/test-dir/MiniOzoneClusterImpl-53db5b09-2415-4619-b18d-0010cdbdab93/datanode-2/data/ratis to VolumeSet
2022-10-03 12:57:38,092 [Listener at 127.0.0.1/41529] INFO  volume.ThrottledAsyncChecker (ThrottledAsyncChecker.java:schedule(141)) - Scheduling a check for /home/runner/work/ozone/ozone/hadoop-ozone/integration-test/target/test-dir/MiniOzoneClusterImpl-53db5b09-2415-4619-b18d-0010cdbdab93/datanode-2/data/ratis
2022-10-03 12:57:38,092 [Listener at 127.0.0.1/41529] INFO  volume.StorageVolumeChecker (StorageVolumeChecker.java:checkAllVolumes(202)) - Scheduled health check for volume /home/runner/work/ozone/ozone/hadoop-ozone/integration-test/target/test-dir/MiniOzoneClusterImpl-53db5b09-2415-4619-b18d-0010cdbdab93/datanode-2/data/ratis
2022-10-03 12:57:38,179 [Thread-1573] INFO  ozoneimpl.ContainerReader (ContainerReader.java:readVolume(175)) - Finish verifying containers on volume /home/runner/work/ozone/ozone/hadoop-ozone/integration-test/target/test-dir/MiniOzoneClusterImpl-53db5b09-2415-4619-b18d-0010cdbdab93/datanode-2/data-0/containers/hdds
2022-10-03 12:57:38,179 [Listener at 127.0.0.1/41529] INFO  ozoneimpl.OzoneContainer (OzoneContainer.java:buildContainerSet(300)) - Build ContainerSet costs 0s
2022-10-03 12:57:38,180 [Listener at 127.0.0.1/41529] INFO  server.RaftServer (ConfUtils.java:logGet(46)) - raft.rpc.type = GRPC (default)
2022-10-03 12:57:38,180 [Listener at 127.0.0.1/41529] INFO  grpc.GrpcFactory (GrpcFactory.java:checkPooledByteBufAllocatorUseCacheForAllThreads(48)) - PERFORMANCE WARNING: useCacheForAllThreads is true that may cause Netty to create a lot garbage objects and, as a result, trigger GC.
	It is recommended to disable useCacheForAllThreads by setting -Dorg.apache.ratis.thirdparty.io.netty.allocator.useCacheForAllThreads=false in command line.
2022-10-03 12:57:38,180 [Listener at 127.0.0.1/41529] INFO  grpc.GrpcConfigKeys (ConfUtils.java:logGet(46)) - raft.grpc.admin.port = 0 (custom)
2022-10-03 12:57:38,181 [Listener at 127.0.0.1/41529] INFO  grpc.GrpcConfigKeys (ConfUtils.java:logGet(46)) - raft.grpc.client.port = 0 (custom)
2022-10-03 12:57:38,181 [Listener at 127.0.0.1/41529] INFO  grpc.GrpcConfigKeys (ConfUtils.java:logGet(46)) - raft.grpc.server.port = 0 (default)
2022-10-03 12:57:38,181 [Listener at 127.0.0.1/41529] INFO  server.GrpcService (ConfUtils.java:logGet(46)) - raft.grpc.message.size.max = 32MB (=33554432) (custom)
2022-10-03 12:57:38,181 [Listener at 127.0.0.1/41529] INFO  server.RaftServerConfigKeys (ConfUtils.java:logGet(46)) - raft.server.log.appender.buffer.byte-limit = 33554432 (custom)
2022-10-03 12:57:38,181 [Listener at 127.0.0.1/41529] INFO  server.GrpcService (ConfUtils.java:logGet(46)) - raft.grpc.flow.control.window = 5MB (=5242880) (custom)
2022-10-03 12:57:38,181 [Listener at 127.0.0.1/41529] INFO  server.RaftServerConfigKeys (ConfUtils.java:logGet(46)) - raft.server.rpc.request.timeout = 60s (custom)
2022-10-03 12:57:38,181 [Listener at 127.0.0.1/41529] INFO  grpc.GrpcConfigKeys (ConfUtils.java:logGet(46)) - raft.grpc.server.async.request.thread.pool.cached = true (default)
2022-10-03 12:57:38,181 [Listener at 127.0.0.1/41529] INFO  grpc.GrpcConfigKeys (ConfUtils.java:logGet(46)) - raft.grpc.server.async.request.thread.pool.size = 32 (default)
2022-10-03 12:57:38,183 [Listener at 127.0.0.1/41529] INFO  impl.DataStreamServerImpl (ConfUtils.java:logGet(46)) - raft.datastream.type = DISABLED (default)
2022-10-03 12:57:38,183 [Listener at 127.0.0.1/41529] INFO  server.RaftServerConfigKeys (ConfUtils.java:logGet(46)) - raft.server.threadpool.proxy.cached = true (default)
2022-10-03 12:57:38,184 [Listener at 127.0.0.1/41529] INFO  server.RaftServerConfigKeys (ConfUtils.java:logGet(46)) - raft.server.threadpool.proxy.size = 0 (default)
2022-10-03 12:57:38,184 [Listener at 127.0.0.1/41529] INFO  server.RaftServerConfigKeys (ConfUtils.java:logGet(46)) - raft.server.rpc.slowness.timeout = 300s (custom)
2022-10-03 12:57:38,184 [Listener at 127.0.0.1/41529] INFO  server.RaftServerConfigKeys (ConfUtils.java:logGet(46)) - raft.server.leaderelection.leader.step-down.wait-time = 10s (default)
2022-10-03 12:57:38,186 [Listener at 127.0.0.1/41529] INFO  server.RaftServerConfigKeys (ConfUtils.java:logGet(46)) - raft.server.storage.dir = [/home/runner/work/ozone/ozone/hadoop-ozone/integration-test/target/test-dir/MiniOzoneClusterImpl-53db5b09-2415-4619-b18d-0010cdbdab93/datanode-2/data/ratis] (custom)
2022-10-03 12:57:38,189 [Listener at 127.0.0.1/41529] INFO  server.XceiverServerGrpc (XceiverServerGrpc.java:<init>(132)) - GrpcServer channel type EpollServerSocketChannel
2022-10-03 12:57:38,221 [Listener at 127.0.0.1/41529] INFO  http.BaseHttpServer (BaseHttpServer.java:newHttpServer2BuilderForOzone(213)) - Starting Web-server for hddsDatanode at: http://0.0.0.0:0
2022-10-03 12:57:38,221 [Listener at 127.0.0.1/41529] INFO  http.BaseHttpServer (BaseHttpServer.java:<init>(108)) - Hadoop Security Enabled: false Ozone Security Enabled: false Ozone HTTP Security Enabled: false 
2022-10-03 12:57:38,222 [Listener at 127.0.0.1/41529] INFO  server.AuthenticationFilter (AuthenticationFilter.java:constructSecretProvider(240)) - Unable to initialize FileSignerSecretProvider, falling back to use random secrets.
2022-10-03 12:57:38,226 [Listener at 127.0.0.1/41529] WARN  http.HttpRequestLog (HttpRequestLog.java:getRequestLog(103)) - Jetty request log can only be enabled using Log4j
2022-10-03 12:57:38,227 [Listener at 127.0.0.1/41529] INFO  http.HttpServer2 (HttpServer2.java:addGlobalFilter(1029)) - Added global filter 'safety' (class=org.apache.hadoop.hdds.server.http.HttpServer2$QuotingInputFilter)
2022-10-03 12:57:38,228 [Listener at 127.0.0.1/41529] INFO  http.HttpServer2 (HttpServer2.java:addFilter(1005)) - Added filter static_user_filter (class=org.apache.hadoop.http.lib.StaticUserWebFilter$StaticUserFilter) to context hddsDatanode
2022-10-03 12:57:38,228 [Listener at 127.0.0.1/41529] INFO  http.HttpServer2 (HttpServer2.java:addFilter(1013)) - Added filter static_user_filter (class=org.apache.hadoop.http.lib.StaticUserWebFilter$StaticUserFilter) to context static
2022-10-03 12:57:38,228 [Listener at 127.0.0.1/41529] INFO  http.HttpServer2 (HttpServer2.java:addFilter(1013)) - Added filter static_user_filter (class=org.apache.hadoop.http.lib.StaticUserWebFilter$StaticUserFilter) to context logs
2022-10-03 12:57:38,228 [Listener at 127.0.0.1/41529] INFO  http.HttpServer2 (HttpServer2.java:bindListener(1248)) - Jetty bound to port 45385
2022-10-03 12:57:38,229 [Listener at 127.0.0.1/41529] INFO  server.Server (Server.java:doStart(375)) - jetty-9.4.43.v20210629; built: 2021-06-30T11:07:22.254Z; git: 526006ecfa3af7f1a27ef3a288e2bef7ea9dd7e8; jvm 1.8.0_345-b01
2022-10-03 12:57:38,413 [Listener at 127.0.0.1/41529] INFO  server.session (DefaultSessionIdManager.java:doStart(334)) - DefaultSessionIdManager workerName=node0
2022-10-03 12:57:38,413 [Listener at 127.0.0.1/41529] INFO  server.session (DefaultSessionIdManager.java:doStart(339)) - No SessionScavenger set, using defaults
2022-10-03 12:57:38,414 [Listener at 127.0.0.1/41529] INFO  server.session (HouseKeeper.java:startScavenging(132)) - node0 Scavenging every 600000ms
2022-10-03 12:57:38,436 [Listener at 127.0.0.1/41529] INFO  handler.ContextHandler (ContextHandler.java:doStart(915)) - Started o.e.j.s.ServletContextHandler@483c5880{logs,/logs,file:///home/runner/work/ozone/ozone/hadoop-ozone/integration-test/target/log,AVAILABLE}
2022-10-03 12:57:38,437 [Listener at 127.0.0.1/41529] INFO  handler.ContextHandler (ContextHandler.java:doStart(915)) - Started o.e.j.s.ServletContextHandler@35590829{static,/static,jar:file:/home/runner/.m2/repository/org/apache/ozone/hdds-container-service/1.3.0-SNAPSHOT/hdds-container-service-1.3.0-SNAPSHOT.jar!/webapps/static,AVAILABLE}
2022-10-03 12:57:38,633 [EndpointStateMachine task thread for /0.0.0.0:45037 - 0 ] INFO  volume.HddsVolume (HddsVolume.java:createDbStore(307)) - SchemaV3 db is created and loaded at /home/runner/work/ozone/ozone/hadoop-ozone/integration-test/target/test-dir/MiniOzoneClusterImpl-53db5b09-2415-4619-b18d-0010cdbdab93/datanode-0/data-0/containers/hdds/53db5b09-2415-4619-b18d-0010cdbdab93/DS-9c8208d7-75ad-41cf-b0a2-33a5fee6cbce/container.db for volume DS-9c8208d7-75ad-41cf-b0a2-33a5fee6cbce
2022-10-03 12:57:38,682 [EndpointStateMachine task thread for /0.0.0.0:45037 - 0 ] INFO  volume.HddsVolume (HddsVolume.java:closeDbStore(338)) - SchemaV3 db is stopped at /home/runner/work/ozone/ozone/hadoop-ozone/integration-test/target/test-dir/MiniOzoneClusterImpl-53db5b09-2415-4619-b18d-0010cdbdab93/datanode-0/data-0/containers/hdds/53db5b09-2415-4619-b18d-0010cdbdab93/DS-9c8208d7-75ad-41cf-b0a2-33a5fee6cbce/container.db for volume DS-9c8208d7-75ad-41cf-b0a2-33a5fee6cbce
2022-10-03 12:57:38,682 [EndpointStateMachine task thread for /0.0.0.0:45037 - 0 ] INFO  ozoneimpl.OzoneContainer (OzoneContainer.java:start(378)) - Attempting to start container services.
2022-10-03 12:57:38,682 [EndpointStateMachine task thread for /0.0.0.0:45037 - 0 ] INFO  ozoneimpl.OzoneContainer (OzoneContainer.java:startContainerScrub(313)) - Background container scanner has been disabled.
2022-10-03 12:57:38,722 [EndpointStateMachine task thread for /0.0.0.0:45037 - 0 ] INFO  replication.ReplicationServer (ReplicationServer.java:start(111)) - ReplicationServer is started using port 42745
2022-10-03 12:57:38,722 [EndpointStateMachine task thread for /0.0.0.0:45037 - 0 ] INFO  ratis.XceiverServerRatis (XceiverServerRatis.java:start(481)) - Starting XceiverServerRatis 21fe54d0-377d-43c9-af71-a01bd82d5518
2022-10-03 12:57:38,730 [EndpointStateMachine task thread for /0.0.0.0:45037 - 0 ] INFO  server.RaftServer (RaftServerProxy.java:lambda$start$6(382)) - 21fe54d0-377d-43c9-af71-a01bd82d5518: start RPC server
2022-10-03 12:57:38,742 [EndpointStateMachine task thread for /0.0.0.0:45037 - 0 ] INFO  server.GrpcService (GrpcService.java:startImpl(260)) - 21fe54d0-377d-43c9-af71-a01bd82d5518: GrpcService started, listening on 40327
2022-10-03 12:57:38,742 [EndpointStateMachine task thread for /0.0.0.0:45037 - 0 ] INFO  ratis.XceiverServerRatis (XceiverServerRatis.java:getRealPort(502)) - XceiverServerRatis 21fe54d0-377d-43c9-af71-a01bd82d5518 is started using port 40327 for RATIS
2022-10-03 12:57:38,742 [EndpointStateMachine task thread for /0.0.0.0:45037 - 0 ] INFO  ratis.XceiverServerRatis (XceiverServerRatis.java:getRealPort(502)) - XceiverServerRatis 21fe54d0-377d-43c9-af71-a01bd82d5518 is started using port 40327 for RATIS_ADMIN
2022-10-03 12:57:38,742 [EndpointStateMachine task thread for /0.0.0.0:45037 - 0 ] INFO  ratis.XceiverServerRatis (XceiverServerRatis.java:getRealPort(502)) - XceiverServerRatis 21fe54d0-377d-43c9-af71-a01bd82d5518 is started using port 40327 for RATIS_SERVER
2022-10-03 12:57:38,743 [org.apache.ratis.util.JvmPauseMonitor$$Lambda$685/536859976@270a9ed9] INFO  util.JvmPauseMonitor (JvmPauseMonitor.java:run(103)) - JvmPauseMonitor-21fe54d0-377d-43c9-af71-a01bd82d5518: Started
2022-10-03 12:57:38,790 [EndpointStateMachine task thread for /0.0.0.0:45037 - 0 ] INFO  server.XceiverServerGrpc (XceiverServerGrpc.java:start(180)) - XceiverServerGrpc 21fe54d0-377d-43c9-af71-a01bd82d5518 is started using port 41019
2022-10-03 12:57:39,371 [Listener at 127.0.0.1/41529] INFO  handler.ContextHandler (ContextHandler.java:doStart(915)) - Started o.e.j.w.WebAppContext@4f71393{hddsDatanode,/,file:///tmp/jetty-0_0_0_0-45385-hdds-container-service-1_3_0-SNAPSHOT_jar-_-any-166254622622192435/webapp/,AVAILABLE}{jar:file:/home/runner/.m2/repository/org/apache/ozone/hdds-container-service/1.3.0-SNAPSHOT/hdds-container-service-1.3.0-SNAPSHOT.jar!/webapps/hddsDatanode}
2022-10-03 12:57:39,421 [Listener at 127.0.0.1/41529] INFO  server.AbstractConnector (AbstractConnector.java:doStart(331)) - Started ServerConnector@1eb294c3{HTTP/1.1, (http/1.1)}{0.0.0.0:45385}
2022-10-03 12:57:39,421 [Listener at 127.0.0.1/41529] INFO  server.Server (Server.java:doStart(415)) - Started @221434ms
2022-10-03 12:57:39,422 [Listener at 127.0.0.1/41529] WARN  impl.MetricsSystemImpl (MetricsSystemImpl.java:register(279)) - Sink prometheus already exists!
2022-10-03 12:57:39,449 [Listener at 127.0.0.1/41529] INFO  http.BaseHttpServer (BaseHttpServer.java:updateConnectorAddress(333)) - HTTP server of hddsDatanode listening at http://0.0.0.0:45385
2022-10-03 12:57:39,509 [Listener at 127.0.0.1/41529] INFO  ozone.MiniOzoneClusterImpl (MiniOzoneClusterImpl.java:lambda$waitForClusterToBeReady$0(216)) - Waiting for nodes to be ready. Got 0 of 3 DN Heartbeats.
2022-10-03 12:57:39,509 [Listener at 127.0.0.1/41529] INFO  ozone.MiniOzoneClusterImpl (MiniOzoneClusterImpl.java:lambda$waitForClusterToBeReady$0(219)) - Waiting for cluster to exit safe mode
2022-10-03 12:57:39,509 [Listener at 127.0.0.1/41529] INFO  ozone.MiniOzoneClusterImpl (MiniOzoneClusterImpl.java:lambda$waitForClusterToBeReady$0(221)) - SCM became leader
2022-10-03 12:57:39,510 [Datanode State Machine Daemon Thread] INFO  statemachine.DatanodeStateMachine (DatanodeStateMachine.java:lambda$startDaemon$0(492)) - Ozone container server started.
2022-10-03 12:57:39,637 [org.apache.hadoop.util.JvmPauseMonitor$Monitor@79cccd4e] INFO  util.JvmPauseMonitor (JvmPauseMonitor.java:run(188)) - Starting JVM pause monitor
2022-10-03 12:57:39,638 [Datanode State Machine Task Thread - 0] INFO  datanode.InitDatanodeState (InitDatanodeState.java:persistContainerDatanodeDetails(138)) - DatanodeDetails is persisted to /home/runner/work/ozone/ozone/hadoop-ozone/integration-test/target/test-dir/MiniOzoneClusterImpl-53db5b09-2415-4619-b18d-0010cdbdab93/datanode-2/meta/datanode.id
2022-10-03 12:57:40,051 [EndpointStateMachine task thread for /0.0.0.0:45037 - 0 ] INFO  volume.HddsVolume (HddsVolume.java:createDbStore(307)) - SchemaV3 db is created and loaded at /home/runner/work/ozone/ozone/hadoop-ozone/integration-test/target/test-dir/MiniOzoneClusterImpl-53db5b09-2415-4619-b18d-0010cdbdab93/datanode-1/data-0/containers/hdds/53db5b09-2415-4619-b18d-0010cdbdab93/DS-7b6475d5-bddf-42fe-8252-a85965938726/container.db for volume DS-7b6475d5-bddf-42fe-8252-a85965938726
2022-10-03 12:57:40,051 [EndpointStateMachine task thread for /0.0.0.0:45037 - 0 ] INFO  volume.HddsVolume (HddsVolume.java:closeDbStore(338)) - SchemaV3 db is stopped at /home/runner/work/ozone/ozone/hadoop-ozone/integration-test/target/test-dir/MiniOzoneClusterImpl-53db5b09-2415-4619-b18d-0010cdbdab93/datanode-1/data-0/containers/hdds/53db5b09-2415-4619-b18d-0010cdbdab93/DS-7b6475d5-bddf-42fe-8252-a85965938726/container.db for volume DS-7b6475d5-bddf-42fe-8252-a85965938726
2022-10-03 12:57:40,051 [EndpointStateMachine task thread for /0.0.0.0:45037 - 0 ] INFO  ozoneimpl.OzoneContainer (OzoneContainer.java:start(378)) - Attempting to start container services.
2022-10-03 12:57:40,051 [EndpointStateMachine task thread for /0.0.0.0:45037 - 0 ] INFO  ozoneimpl.OzoneContainer (OzoneContainer.java:startContainerScrub(313)) - Background container scanner has been disabled.
2022-10-03 12:57:40,065 [EndpointStateMachine task thread for /0.0.0.0:45037 - 0 ] INFO  replication.ReplicationServer (ReplicationServer.java:start(111)) - ReplicationServer is started using port 44555
2022-10-03 12:57:40,073 [EndpointStateMachine task thread for /0.0.0.0:45037 - 0 ] INFO  ratis.XceiverServerRatis (XceiverServerRatis.java:start(481)) - Starting XceiverServerRatis 4cc98e97-26bc-48ed-a5cf-0536805b7522
2022-10-03 12:57:40,129 [EndpointStateMachine task thread for /0.0.0.0:45037 - 0 ] INFO  server.RaftServer (RaftServerProxy.java:lambda$start$6(382)) - 4cc98e97-26bc-48ed-a5cf-0536805b7522: start RPC server
2022-10-03 12:57:40,143 [EndpointStateMachine task thread for /0.0.0.0:45037 - 0 ] INFO  server.GrpcService (GrpcService.java:startImpl(260)) - 4cc98e97-26bc-48ed-a5cf-0536805b7522: GrpcService started, listening on 45187
2022-10-03 12:57:40,143 [EndpointStateMachine task thread for /0.0.0.0:45037 - 0 ] INFO  ratis.XceiverServerRatis (XceiverServerRatis.java:getRealPort(502)) - XceiverServerRatis 4cc98e97-26bc-48ed-a5cf-0536805b7522 is started using port 45187 for RATIS
2022-10-03 12:57:40,143 [EndpointStateMachine task thread for /0.0.0.0:45037 - 0 ] INFO  ratis.XceiverServerRatis (XceiverServerRatis.java:getRealPort(502)) - XceiverServerRatis 4cc98e97-26bc-48ed-a5cf-0536805b7522 is started using port 45187 for RATIS_ADMIN
2022-10-03 12:57:40,143 [EndpointStateMachine task thread for /0.0.0.0:45037 - 0 ] INFO  ratis.XceiverServerRatis (XceiverServerRatis.java:getRealPort(502)) - XceiverServerRatis 4cc98e97-26bc-48ed-a5cf-0536805b7522 is started using port 45187 for RATIS_SERVER
2022-10-03 12:57:40,143 [org.apache.ratis.util.JvmPauseMonitor$$Lambda$685/536859976@1075d5ef] INFO  util.JvmPauseMonitor (JvmPauseMonitor.java:run(103)) - JvmPauseMonitor-4cc98e97-26bc-48ed-a5cf-0536805b7522: Started
2022-10-03 12:57:40,236 [EndpointStateMachine task thread for /0.0.0.0:45037 - 0 ] INFO  server.XceiverServerGrpc (XceiverServerGrpc.java:start(180)) - XceiverServerGrpc 4cc98e97-26bc-48ed-a5cf-0536805b7522 is started using port 41601
2022-10-03 12:57:40,387 [IPC Server handler 9 on default port 45037] INFO  net.NetworkTopologyImpl (NetworkTopologyImpl.java:add(112)) - Added a new node: /default-rack/21fe54d0-377d-43c9-af71-a01bd82d5518
2022-10-03 12:57:40,387 [IPC Server handler 9 on default port 45037] INFO  node.SCMNodeManager (SCMNodeManager.java:register(397)) - Registered Data node : 21fe54d0-377d-43c9-af71-a01bd82d5518{ip: 10.1.0.147, host: fv-az443-503.ap2fcshprsnunfx25e1aelzb4b.cx.internal.cloudapp.net, ports: [REPLICATION=42745, RATIS=40327, RATIS_ADMIN=40327, RATIS_SERVER=40327, STANDALONE=41019], networkLocation: /default-rack, certSerialId: null, persistedOpState: null, persistedOpStateExpiryEpochSec: 0}
2022-10-03 12:57:40,401 [EventQueue-NodeRegistrationContainerReportForContainerSafeModeRule] INFO  safemode.SCMSafeModeManager (SCMSafeModeManager.java:validateSafeModeExitRules(204)) - ContainerSafeModeRule rule is successfully validated
2022-10-03 12:57:40,402 [EventQueue-NodeRegistrationContainerReportForDataNodeSafeModeRule] INFO  safemode.SCMSafeModeManager (DataNodeSafeModeRule.java:process(71)) - SCM in safe mode. 1 DataNodes registered, 3 required.
2022-10-03 12:57:40,416 [EventQueue-NewNodeForNewNodeHandler] INFO  pipeline.BackgroundPipelineCreator (BackgroundPipelineCreator.java:notifyEventTriggered(276)) - trigger a one-shot run on RatisPipelineUtilsThread.
2022-10-03 12:57:40,416 [EventQueue-PipelineReportForOneReplicaPipelineSafeModeRule] INFO  safemode.SCMSafeModeManager (SCMSafeModeManager.java:validateSafeModeExitRules(204)) - AtleastOneDatanodeReportedRule rule is successfully validated
2022-10-03 12:57:40,417 [RatisPipelineUtilsThread - 0] INFO  pipeline.RatisPipelineProvider (RatisPipelineProvider.java:lambda$create$0(195)) - Sending CreatePipelineCommand for pipeline:PipelineID=727f98a2-ada5-4af9-8849-8cf65ddfac06 to datanode:21fe54d0-377d-43c9-af71-a01bd82d5518
2022-10-03 12:57:40,429 [RatisPipelineUtilsThread - 0] INFO  pipeline.PipelineStateManagerImpl (PipelineStateManagerImpl.java:addPipeline(103)) - Created pipeline Pipeline[ Id: 727f98a2-ada5-4af9-8849-8cf65ddfac06, Nodes: 21fe54d0-377d-43c9-af71-a01bd82d5518{ip: 10.1.0.147, host: fv-az443-503.ap2fcshprsnunfx25e1aelzb4b.cx.internal.cloudapp.net, ports: [REPLICATION=42745, RATIS=40327, RATIS_ADMIN=40327, RATIS_SERVER=40327, STANDALONE=41019], networkLocation: /default-rack, certSerialId: null, persistedOpState: IN_SERVICE, persistedOpStateExpiryEpochSec: 0}, ReplicationConfig: RATIS/ONE, State:ALLOCATED, leaderId:, CreationTimestamp2022-10-03T12:57:40.417Z[Etc/UTC]].
2022-10-03 12:57:40,510 [Listener at 127.0.0.1/41529] INFO  ozone.MiniOzoneClusterImpl (MiniOzoneClusterImpl.java:lambda$waitForClusterToBeReady$0(216)) - Waiting for nodes to be ready. Got 1 of 3 DN Heartbeats.
2022-10-03 12:57:40,510 [Listener at 127.0.0.1/41529] INFO  ozone.MiniOzoneClusterImpl (MiniOzoneClusterImpl.java:lambda$waitForClusterToBeReady$0(219)) - Waiting for cluster to exit safe mode
2022-10-03 12:57:40,510 [Listener at 127.0.0.1/41529] INFO  ozone.MiniOzoneClusterImpl (MiniOzoneClusterImpl.java:lambda$waitForClusterToBeReady$0(221)) - SCM became leader
2022-10-03 12:57:41,510 [Listener at 127.0.0.1/41529] INFO  ozone.MiniOzoneClusterImpl (MiniOzoneClusterImpl.java:lambda$waitForClusterToBeReady$0(216)) - Waiting for nodes to be ready. Got 1 of 3 DN Heartbeats.
2022-10-03 12:57:41,510 [Listener at 127.0.0.1/41529] INFO  ozone.MiniOzoneClusterImpl (MiniOzoneClusterImpl.java:lambda$waitForClusterToBeReady$0(219)) - Waiting for cluster to exit safe mode
2022-10-03 12:57:41,510 [Listener at 127.0.0.1/41529] INFO  ozone.MiniOzoneClusterImpl (MiniOzoneClusterImpl.java:lambda$waitForClusterToBeReady$0(221)) - SCM became leader
2022-10-03 12:57:41,758 [EndpointStateMachine task thread for /0.0.0.0:45037 - 0 ] INFO  volume.HddsVolume (HddsVolume.java:createDbStore(307)) - SchemaV3 db is created and loaded at /home/runner/work/ozone/ozone/hadoop-ozone/integration-test/target/test-dir/MiniOzoneClusterImpl-53db5b09-2415-4619-b18d-0010cdbdab93/datanode-2/data-0/containers/hdds/53db5b09-2415-4619-b18d-0010cdbdab93/DS-1409230a-fa53-49a3-b395-9410f7ecefd6/container.db for volume DS-1409230a-fa53-49a3-b395-9410f7ecefd6
2022-10-03 12:57:41,758 [EndpointStateMachine task thread for /0.0.0.0:45037 - 0 ] INFO  volume.HddsVolume (HddsVolume.java:closeDbStore(338)) - SchemaV3 db is stopped at /home/runner/work/ozone/ozone/hadoop-ozone/integration-test/target/test-dir/MiniOzoneClusterImpl-53db5b09-2415-4619-b18d-0010cdbdab93/datanode-2/data-0/containers/hdds/53db5b09-2415-4619-b18d-0010cdbdab93/DS-1409230a-fa53-49a3-b395-9410f7ecefd6/container.db for volume DS-1409230a-fa53-49a3-b395-9410f7ecefd6
2022-10-03 12:57:41,758 [EndpointStateMachine task thread for /0.0.0.0:45037 - 0 ] INFO  ozoneimpl.OzoneContainer (OzoneContainer.java:start(378)) - Attempting to start container services.
2022-10-03 12:57:41,758 [EndpointStateMachine task thread for /0.0.0.0:45037 - 0 ] INFO  ozoneimpl.OzoneContainer (OzoneContainer.java:startContainerScrub(313)) - Background container scanner has been disabled.
2022-10-03 12:57:41,762 [EndpointStateMachine task thread for /0.0.0.0:45037 - 0 ] INFO  replication.ReplicationServer (ReplicationServer.java:start(111)) - ReplicationServer is started using port 40969
2022-10-03 12:57:41,764 [EndpointStateMachine task thread for /0.0.0.0:45037 - 0 ] INFO  ratis.XceiverServerRatis (XceiverServerRatis.java:start(481)) - Starting XceiverServerRatis 1ecca3ae-2ad7-42d2-aa85-a2563cb61ab5
2022-10-03 12:57:41,769 [EndpointStateMachine task thread for /0.0.0.0:45037 - 0 ] INFO  server.RaftServer (RaftServerProxy.java:lambda$start$6(382)) - 1ecca3ae-2ad7-42d2-aa85-a2563cb61ab5: start RPC server
2022-10-03 12:57:41,798 [EndpointStateMachine task thread for /0.0.0.0:45037 - 0 ] INFO  server.GrpcService (GrpcService.java:startImpl(260)) - 1ecca3ae-2ad7-42d2-aa85-a2563cb61ab5: GrpcService started, listening on 35369
2022-10-03 12:57:41,798 [EndpointStateMachine task thread for /0.0.0.0:45037 - 0 ] INFO  ratis.XceiverServerRatis (XceiverServerRatis.java:getRealPort(502)) - XceiverServerRatis 1ecca3ae-2ad7-42d2-aa85-a2563cb61ab5 is started using port 35369 for RATIS
2022-10-03 12:57:41,798 [EndpointStateMachine task thread for /0.0.0.0:45037 - 0 ] INFO  ratis.XceiverServerRatis (XceiverServerRatis.java:getRealPort(502)) - XceiverServerRatis 1ecca3ae-2ad7-42d2-aa85-a2563cb61ab5 is started using port 35369 for RATIS_ADMIN
2022-10-03 12:57:41,798 [EndpointStateMachine task thread for /0.0.0.0:45037 - 0 ] INFO  ratis.XceiverServerRatis (XceiverServerRatis.java:getRealPort(502)) - XceiverServerRatis 1ecca3ae-2ad7-42d2-aa85-a2563cb61ab5 is started using port 35369 for RATIS_SERVER
2022-10-03 12:57:41,799 [org.apache.ratis.util.JvmPauseMonitor$$Lambda$685/536859976@2094d1f5] INFO  util.JvmPauseMonitor (JvmPauseMonitor.java:run(103)) - JvmPauseMonitor-1ecca3ae-2ad7-42d2-aa85-a2563cb61ab5: Started
2022-10-03 12:57:41,866 [EndpointStateMachine task thread for /0.0.0.0:45037 - 0 ] INFO  server.XceiverServerGrpc (XceiverServerGrpc.java:start(180)) - XceiverServerGrpc 1ecca3ae-2ad7-42d2-aa85-a2563cb61ab5 is started using port 38943
2022-10-03 12:57:41,953 [IPC Server handler 10 on default port 45037] INFO  net.NetworkTopologyImpl (NetworkTopologyImpl.java:add(112)) - Added a new node: /default-rack/4cc98e97-26bc-48ed-a5cf-0536805b7522
2022-10-03 12:57:41,954 [IPC Server handler 10 on default port 45037] INFO  node.SCMNodeManager (SCMNodeManager.java:register(397)) - Registered Data node : 4cc98e97-26bc-48ed-a5cf-0536805b7522{ip: 10.1.0.147, host: fv-az443-503.ap2fcshprsnunfx25e1aelzb4b.cx.internal.cloudapp.net, ports: [REPLICATION=44555, RATIS=45187, RATIS_ADMIN=45187, RATIS_SERVER=45187, STANDALONE=41601], networkLocation: /default-rack, certSerialId: null, persistedOpState: null, persistedOpStateExpiryEpochSec: 0}
2022-10-03 12:57:41,955 [EventQueue-NewNodeForNewNodeHandler] INFO  pipeline.BackgroundPipelineCreator (BackgroundPipelineCreator.java:notifyEventTriggered(276)) - trigger a one-shot run on RatisPipelineUtilsThread.
2022-10-03 12:57:41,955 [EventQueue-NodeRegistrationContainerReportForDataNodeSafeModeRule] INFO  safemode.SCMSafeModeManager (DataNodeSafeModeRule.java:process(71)) - SCM in safe mode. 2 DataNodes registered, 3 required.
2022-10-03 12:57:41,977 [RatisPipelineUtilsThread - 0] INFO  pipeline.RatisPipelineProvider (RatisPipelineProvider.java:lambda$create$0(195)) - Sending CreatePipelineCommand for pipeline:PipelineID=bd969d2c-5cd2-4324-8144-b971ecd8cd1d to datanode:4cc98e97-26bc-48ed-a5cf-0536805b7522
2022-10-03 12:57:41,978 [RatisPipelineUtilsThread - 0] INFO  pipeline.PipelineStateManagerImpl (PipelineStateManagerImpl.java:addPipeline(103)) - Created pipeline Pipeline[ Id: bd969d2c-5cd2-4324-8144-b971ecd8cd1d, Nodes: 4cc98e97-26bc-48ed-a5cf-0536805b7522{ip: 10.1.0.147, host: fv-az443-503.ap2fcshprsnunfx25e1aelzb4b.cx.internal.cloudapp.net, ports: [REPLICATION=44555, RATIS=45187, RATIS_ADMIN=45187, RATIS_SERVER=45187, STANDALONE=41601], networkLocation: /default-rack, certSerialId: null, persistedOpState: IN_SERVICE, persistedOpStateExpiryEpochSec: 0}, ReplicationConfig: RATIS/ONE, State:ALLOCATED, leaderId:, CreationTimestamp2022-10-03T12:57:41.977Z[Etc/UTC]].
2022-10-03 12:57:42,511 [Listener at 127.0.0.1/41529] INFO  ozone.MiniOzoneClusterImpl (MiniOzoneClusterImpl.java:lambda$waitForClusterToBeReady$0(216)) - Waiting for nodes to be ready. Got 2 of 3 DN Heartbeats.
2022-10-03 12:57:42,511 [Listener at 127.0.0.1/41529] INFO  ozone.MiniOzoneClusterImpl (MiniOzoneClusterImpl.java:lambda$waitForClusterToBeReady$0(219)) - Waiting for cluster to exit safe mode
2022-10-03 12:57:42,511 [Listener at 127.0.0.1/41529] INFO  ozone.MiniOzoneClusterImpl (MiniOzoneClusterImpl.java:lambda$waitForClusterToBeReady$0(221)) - SCM became leader
2022-10-03 12:57:43,395 [Command processor thread] INFO  server.RaftServer (RaftServerProxy.java:addNew(96)) - 21fe54d0-377d-43c9-af71-a01bd82d5518: addNew group-8CF65DDFAC06:[21fe54d0-377d-43c9-af71-a01bd82d5518|rpc:10.1.0.147:40327|priority:1] returns group-8CF65DDFAC06:java.util.concurrent.CompletableFuture@22c5d8d5[Not completed]
2022-10-03 12:57:43,396 [pool-802-thread-1] INFO  server.RaftServer$Division (RaftServerImpl.java:<init>(190)) - 21fe54d0-377d-43c9-af71-a01bd82d5518: new RaftServerImpl for group-8CF65DDFAC06:[21fe54d0-377d-43c9-af71-a01bd82d5518|rpc:10.1.0.147:40327|priority:1] with ContainerStateMachine:uninitialized
2022-10-03 12:57:43,396 [pool-802-thread-1] INFO  server.RaftServerConfigKeys (ConfUtils.java:logGet(46)) - raft.server.rpc.timeout.min = 5s (custom)
2022-10-03 12:57:43,396 [pool-802-thread-1] INFO  server.RaftServerConfigKeys (ConfUtils.java:logGet(46)) - raft.server.rpc.timeout.max = 5200ms (custom)
2022-10-03 12:57:43,396 [pool-802-thread-1] INFO  server.RaftServerConfigKeys (ConfUtils.java:logGet(46)) - raft.server.rpc.sleep.time = 25ms (default)
2022-10-03 12:57:43,396 [pool-802-thread-1] INFO  server.RaftServerConfigKeys (ConfUtils.java:logGet(46)) - raft.server.rpc.slowness.timeout = 300s (custom)
2022-10-03 12:57:43,396 [pool-802-thread-1] INFO  server.RaftServerConfigKeys (ConfUtils.java:logGet(46)) - raft.server.leaderelection.leader.step-down.wait-time = 10s (default)
2022-10-03 12:57:43,396 [pool-802-thread-1] INFO  server.RaftServerConfigKeys (ConfUtils.java:logGet(46)) - raft.server.sleep.deviation.threshold = 300ms (default)
2022-10-03 12:57:43,396 [pool-802-thread-1] INFO  server.RaftServer$Division (ServerState.java:<init>(107)) - 21fe54d0-377d-43c9-af71-a01bd82d5518@group-8CF65DDFAC06: ConfigurationManager, init=-1: [21fe54d0-377d-43c9-af71-a01bd82d5518|rpc:10.1.0.147:40327|priority:1], old=null, confs=<EMPTY_MAP>
2022-10-03 12:57:43,396 [pool-802-thread-1] INFO  server.RaftServerConfigKeys (ConfUtils.java:logGet(46)) - raft.server.storage.dir = [/home/runner/work/ozone/ozone/hadoop-ozone/integration-test/target/test-dir/MiniOzoneClusterImpl-53db5b09-2415-4619-b18d-0010cdbdab93/datanode-0/data/ratis] (custom)
2022-10-03 12:57:43,396 [pool-802-thread-1] INFO  server.RaftServerConfigKeys (ConfUtils.java:logGet(46)) - raft.server.log.corruption.policy = EXCEPTION (default)
2022-10-03 12:57:43,396 [pool-802-thread-1] INFO  server.RaftServerConfigKeys (ConfUtils.java:logGet(46)) - raft.server.storage.free-space.min = 0MB (=0) (default)
2022-10-03 12:57:43,397 [pool-802-thread-1] INFO  storage.RaftStorageDirectory (RaftStorageDirectoryImpl.java:analyzeStorage(135)) - The storage directory /home/runner/work/ozone/ozone/hadoop-ozone/integration-test/target/test-dir/MiniOzoneClusterImpl-53db5b09-2415-4619-b18d-0010cdbdab93/datanode-0/data/ratis/727f98a2-ada5-4af9-8849-8cf65ddfac06 does not exist. Creating ...
2022-10-03 12:57:43,402 [pool-802-thread-1] INFO  storage.RaftStorageDirectory (RaftStorageDirectoryImpl.java:tryLock(230)) - Lock on /home/runner/work/ozone/ozone/hadoop-ozone/integration-test/target/test-dir/MiniOzoneClusterImpl-53db5b09-2415-4619-b18d-0010cdbdab93/datanode-0/data/ratis/727f98a2-ada5-4af9-8849-8cf65ddfac06/in_use.lock acquired by nodename 2263@fv-az443-503
2022-10-03 12:57:43,433 [pool-802-thread-1] INFO  storage.RaftStorage (RaftStorageImpl.java:format(89)) - Storage directory /home/runner/work/ozone/ozone/hadoop-ozone/integration-test/target/test-dir/MiniOzoneClusterImpl-53db5b09-2415-4619-b18d-0010cdbdab93/datanode-0/data/ratis/727f98a2-ada5-4af9-8849-8cf65ddfac06 has been successfully formatted.
2022-10-03 12:57:43,465 [pool-802-thread-1] INFO  ratis.ContainerStateMachine (ContainerStateMachine.java:loadSnapshot(236)) - group-8CF65DDFAC06: The snapshot info is null. Setting the last applied indexto:(t:0, i:~)
2022-10-03 12:57:43,465 [pool-802-thread-1] INFO  server.RaftServerConfigKeys (ConfUtils.java:logGet(46)) - raft.server.notification.no-leader.timeout = 300s (custom)
2022-10-03 12:57:43,465 [pool-802-thread-1] INFO  server.RaftServerConfigKeys (ConfUtils.java:logGet(46)) - raft.server.log.use.memory = false (default)
2022-10-03 12:57:43,465 [pool-802-thread-1] INFO  server.RaftServerConfigKeys (ConfUtils.java:logGet(46)) - raft.server.log.purge.gap = 1000000 (custom)
2022-10-03 12:57:43,465 [pool-802-thread-1] INFO  server.RaftServerConfigKeys (ConfUtils.java:logGet(46)) - raft.server.log.appender.buffer.byte-limit = 33554432 (custom)
2022-10-03 12:57:43,465 [pool-802-thread-1] INFO  server.RaftServerConfigKeys (ConfUtils.java:logGet(46)) - raft.server.log.statemachine.data.read.timeout = 1000ms (default)
2022-10-03 12:57:43,466 [pool-802-thread-1] INFO  server.RaftServerConfigKeys (ConfUtils.java:logGet(46)) - raft.server.log.segment.size.max = 1048576 (custom)
2022-10-03 12:57:43,466 [pool-802-thread-1] INFO  server.RaftServerConfigKeys (ConfUtils.java:logGet(46)) - raft.server.log.segment.cache.num.max = 2 (custom)
2022-10-03 12:57:43,466 [pool-802-thread-1] INFO  server.RaftServerConfigKeys (ConfUtils.java:logGet(46)) - raft.server.log.segment.cache.size.max = 200MB (=209715200) (default)
2022-10-03 12:57:43,466 [pool-802-thread-1] INFO  segmented.SegmentedRaftLogWorker (SegmentedRaftLogWorker.java:<init>(187)) - new 21fe54d0-377d-43c9-af71-a01bd82d5518@group-8CF65DDFAC06-SegmentedRaftLogWorker for RaftStorageImpl:Storage Directory /home/runner/work/ozone/ozone/hadoop-ozone/integration-test/target/test-dir/MiniOzoneClusterImpl-53db5b09-2415-4619-b18d-0010cdbdab93/datanode-0/data/ratis/727f98a2-ada5-4af9-8849-8cf65ddfac06
2022-10-03 12:57:43,466 [pool-802-thread-1] INFO  server.RaftServerConfigKeys (ConfUtils.java:logGet(46)) - raft.server.log.queue.byte-limit = 4294967296 (custom)
2022-10-03 12:57:43,466 [pool-802-thread-1] INFO  server.RaftServerConfigKeys (ConfUtils.java:logGet(46)) - raft.server.log.queue.element-limit = 1024 (custom)
2022-10-03 12:57:43,466 [pool-802-thread-1] INFO  server.RaftServerConfigKeys (ConfUtils.java:logGet(46)) - raft.server.log.segment.size.max = 1048576 (custom)
2022-10-03 12:57:43,466 [pool-802-thread-1] INFO  server.RaftServerConfigKeys (ConfUtils.java:logGet(46)) - raft.server.log.preallocated.size = 16384 (custom)
2022-10-03 12:57:43,466 [pool-802-thread-1] INFO  server.RaftServerConfigKeys (ConfUtils.java:logGet(46)) - raft.server.log.force.sync.num = 128 (default)
2022-10-03 12:57:43,466 [pool-802-thread-1] INFO  server.RaftServerConfigKeys (ConfUtils.java:logGet(46)) - raft.server.log.statemachine.data.sync = true (default)
2022-10-03 12:57:43,466 [pool-802-thread-1] INFO  server.RaftServerConfigKeys (ConfUtils.java:logGet(46)) - raft.server.log.statemachine.data.sync.timeout = 10s (default)
2022-10-03 12:57:43,466 [pool-802-thread-1] INFO  server.RaftServerConfigKeys (ConfUtils.java:logGet(46)) - raft.server.log.statemachine.data.sync.timeout.retry = -1 (default)
2022-10-03 12:57:43,467 [pool-802-thread-1] INFO  server.RaftServerConfigKeys (ConfUtils.java:logGet(46)) - raft.server.log.write.buffer.size = 1048576 (custom)
2022-10-03 12:57:43,468 [pool-802-thread-1] INFO  server.RaftServerConfigKeys (ConfUtils.java:logGet(46)) - raft.server.log.unsafe-flush.enabled = false (default)
2022-10-03 12:57:43,468 [pool-802-thread-1] INFO  server.RaftServerConfigKeys (ConfUtils.java:logGet(46)) - raft.server.log.statemachine.data.caching.enabled = true (custom)
2022-10-03 12:57:43,468 [pool-802-thread-1] INFO  segmented.SegmentedRaftLogWorker (SegmentedRaftLogWorker.java:lambda$new$0(135)) - 21fe54d0-377d-43c9-af71-a01bd82d5518@group-8CF65DDFAC06-SegmentedRaftLogWorker: flushIndex: setUnconditionally 0 -> -1
2022-10-03 12:57:43,468 [pool-802-thread-1] INFO  segmented.SegmentedRaftLogWorker (SegmentedRaftLogWorker.java:lambda$new$0(135)) - 21fe54d0-377d-43c9-af71-a01bd82d5518@group-8CF65DDFAC06-SegmentedRaftLogWorker: safeCacheEvictIndex: setUnconditionally 0 -> -1
2022-10-03 12:57:43,469 [EventQueue-PipelineReportForPipelineReportHandler] INFO  pipeline.PipelineManagerImpl (PipelineManagerImpl.java:openPipeline(367)) - Pipeline Pipeline[ Id: 727f98a2-ada5-4af9-8849-8cf65ddfac06, Nodes: 21fe54d0-377d-43c9-af71-a01bd82d5518{ip: 10.1.0.147, host: fv-az443-503.ap2fcshprsnunfx25e1aelzb4b.cx.internal.cloudapp.net, ports: [REPLICATION=42745, RATIS=40327, RATIS_ADMIN=40327, RATIS_SERVER=40327, STANDALONE=41019], networkLocation: /default-rack, certSerialId: null, persistedOpState: IN_SERVICE, persistedOpStateExpiryEpochSec: 0}, ReplicationConfig: RATIS/ONE, State:ALLOCATED, leaderId:21fe54d0-377d-43c9-af71-a01bd82d5518, CreationTimestamp2022-10-03T12:57:40.417Z[Etc/UTC]] moved to OPEN state
2022-10-03 12:57:43,511 [Listener at 127.0.0.1/41529] INFO  ozone.MiniOzoneClusterImpl (MiniOzoneClusterImpl.java:lambda$waitForClusterToBeReady$0(216)) - Waiting for nodes to be ready. Got 2 of 3 DN Heartbeats.
2022-10-03 12:57:43,511 [Listener at 127.0.0.1/41529] INFO  ozone.MiniOzoneClusterImpl (MiniOzoneClusterImpl.java:lambda$waitForClusterToBeReady$0(219)) - Waiting for cluster to exit safe mode
2022-10-03 12:57:43,511 [Listener at 127.0.0.1/41529] INFO  ozone.MiniOzoneClusterImpl (MiniOzoneClusterImpl.java:lambda$waitForClusterToBeReady$0(221)) - SCM became leader
2022-10-03 12:57:43,541 [pool-802-thread-1] INFO  server.RaftServerConfigKeys (ConfUtils.java:logGet(46)) - raft.server.snapshot.auto.trigger.enabled = true (custom)
2022-10-03 12:57:43,541 [pool-802-thread-1] INFO  server.RaftServerConfigKeys (ConfUtils.java:logGet(46)) - raft.server.snapshot.auto.trigger.threshold = 10000 (custom)
2022-10-03 12:57:43,541 [pool-802-thread-1] INFO  server.RaftServerConfigKeys (ConfUtils.java:logGet(46)) - raft.server.snapshot.retention.file.num = 5 (custom)
2022-10-03 12:57:43,541 [pool-802-thread-1] INFO  server.RaftServerConfigKeys (ConfUtils.java:logGet(46)) - raft.server.log.purge.upto.snapshot.index = false (default)
2022-10-03 12:57:43,541 [pool-802-thread-1] INFO  server.RaftServerConfigKeys (ConfUtils.java:logGet(46)) - raft.server.retrycache.expirytime = 600000ms (custom)
2022-10-03 12:57:43,541 [pool-802-thread-1] INFO  server.RaftServerConfigKeys (ConfUtils.java:logGet(46)) - raft.server.retrycache.statistics.expirytime = 100μs (default)
2022-10-03 12:57:43,543 [pool-802-thread-1] INFO  server.RaftServerConfigKeys (ConfUtils.java:logGet(46)) - raft.server.log.appender.install.snapshot.enabled = false (custom)
2022-10-03 12:57:43,543 [pool-802-thread-1] INFO  server.RaftServerConfigKeys (ConfUtils.java:logGet(46)) - raft.server.threadpool.server.cached = true (default)
2022-10-03 12:57:43,543 [pool-802-thread-1] INFO  server.RaftServerConfigKeys (ConfUtils.java:logGet(46)) - raft.server.threadpool.server.size = 0 (default)
2022-10-03 12:57:43,543 [pool-802-thread-1] INFO  server.RaftServerConfigKeys (ConfUtils.java:logGet(46)) - raft.server.threadpool.client.cached = true (default)
2022-10-03 12:57:43,543 [pool-802-thread-1] INFO  server.RaftServerConfigKeys (ConfUtils.java:logGet(46)) - raft.server.threadpool.client.size = 0 (default)
2022-10-03 12:57:43,543 [pool-802-thread-1] INFO  server.RaftServer$Division (RaftServerImpl.java:start(310)) - 21fe54d0-377d-43c9-af71-a01bd82d5518@group-8CF65DDFAC06: start as a follower, conf=-1: [21fe54d0-377d-43c9-af71-a01bd82d5518|rpc:10.1.0.147:40327|priority:1], old=null
2022-10-03 12:57:43,543 [pool-802-thread-1] INFO  server.RaftServer$Division (RaftServerImpl.java:setRole(299)) - 21fe54d0-377d-43c9-af71-a01bd82d5518@group-8CF65DDFAC06: changes role from      null to FOLLOWER at term 0 for startAsFollower
2022-10-03 12:57:43,543 [pool-802-thread-1] INFO  impl.RoleInfo (RoleInfo.java:updateAndGet(139)) - 21fe54d0-377d-43c9-af71-a01bd82d5518: start 21fe54d0-377d-43c9-af71-a01bd82d5518@group-8CF65DDFAC06-FollowerState
2022-10-03 12:57:43,544 [pool-802-thread-1] INFO  util.JmxRegister (JmxRegister.java:tryRegister(44)) - Successfully registered JMX Bean with object name Ratis:service=RaftServer,group=group-8CF65DDFAC06,id=21fe54d0-377d-43c9-af71-a01bd82d5518
2022-10-03 12:57:43,546 [EventQueue-OpenPipelineForHealthyPipelineSafeModeRule] INFO  safemode.SCMSafeModeManager (HealthyPipelineSafeModeRule.java:process(137)) - SCM in safe mode. Healthy pipelines reported count is 0, required healthy pipeline reported count is 1
2022-10-03 12:57:43,584 [Command processor thread] INFO  ratis.XceiverServerRatis (XceiverServerRatis.java:addGroup(765)) - Created group PipelineID=727f98a2-ada5-4af9-8849-8cf65ddfac06
2022-10-03 12:57:43,584 [Command processor thread] INFO  commandhandler.CreatePipelineCommandHandler (CreatePipelineCommandHandler.java:handle(113)) - Created Pipeline RATIS ONE PipelineID=727f98a2-ada5-4af9-8849-8cf65ddfac06.
2022-10-03 12:57:43,646 [IPC Server handler 10 on default port 45037] INFO  net.NetworkTopologyImpl (NetworkTopologyImpl.java:add(112)) - Added a new node: /default-rack/1ecca3ae-2ad7-42d2-aa85-a2563cb61ab5
2022-10-03 12:57:43,646 [IPC Server handler 10 on default port 45037] INFO  node.SCMNodeManager (SCMNodeManager.java:register(397)) - Registered Data node : 1ecca3ae-2ad7-42d2-aa85-a2563cb61ab5{ip: 10.1.0.147, host: fv-az443-503.ap2fcshprsnunfx25e1aelzb4b.cx.internal.cloudapp.net, ports: [REPLICATION=40969, RATIS=35369, RATIS_ADMIN=35369, RATIS_SERVER=35369, STANDALONE=38943], networkLocation: /default-rack, certSerialId: null, persistedOpState: null, persistedOpStateExpiryEpochSec: 0}
2022-10-03 12:57:43,646 [EventQueue-NewNodeForNewNodeHandler] INFO  pipeline.BackgroundPipelineCreator (BackgroundPipelineCreator.java:notifyEventTriggered(276)) - trigger a one-shot run on RatisPipelineUtilsThread.
2022-10-03 12:57:43,685 [RatisPipelineUtilsThread - 0] INFO  pipeline.RatisPipelineProvider (RatisPipelineProvider.java:lambda$create$0(195)) - Sending CreatePipelineCommand for pipeline:PipelineID=d5d41d31-c8c7-46fc-a0ce-654bc7eace27 to datanode:1ecca3ae-2ad7-42d2-aa85-a2563cb61ab5
2022-10-03 12:57:43,685 [RatisPipelineUtilsThread - 0] INFO  pipeline.PipelineStateManagerImpl (PipelineStateManagerImpl.java:addPipeline(103)) - Created pipeline Pipeline[ Id: d5d41d31-c8c7-46fc-a0ce-654bc7eace27, Nodes: 1ecca3ae-2ad7-42d2-aa85-a2563cb61ab5{ip: 10.1.0.147, host: fv-az443-503.ap2fcshprsnunfx25e1aelzb4b.cx.internal.cloudapp.net, ports: [REPLICATION=40969, RATIS=35369, RATIS_ADMIN=35369, RATIS_SERVER=35369, STANDALONE=38943], networkLocation: /default-rack, certSerialId: null, persistedOpState: IN_SERVICE, persistedOpStateExpiryEpochSec: 0}, ReplicationConfig: RATIS/ONE, State:ALLOCATED, leaderId:, CreationTimestamp2022-10-03T12:57:43.685Z[Etc/UTC]].
2022-10-03 12:57:43,686 [EventQueue-NodeRegistrationContainerReportForDataNodeSafeModeRule] INFO  safemode.SCMSafeModeManager (DataNodeSafeModeRule.java:process(71)) - SCM in safe mode. 3 DataNodes registered, 3 required.
2022-10-03 12:57:43,686 [EventQueue-NodeRegistrationContainerReportForDataNodeSafeModeRule] INFO  safemode.SCMSafeModeManager (SCMSafeModeManager.java:validateSafeModeExitRules(204)) - DataNodeSafeModeRule rule is successfully validated
2022-10-03 12:57:43,686 [EventQueue-NodeRegistrationContainerReportForDataNodeSafeModeRule] INFO  safemode.SCMSafeModeManager (SCMSafeModeManager.java:completePreCheck(233)) - All SCM safe mode pre check rules have passed
2022-10-03 12:57:43,686 [EventQueue-NodeRegistrationContainerReportForDataNodeSafeModeRule] WARN  events.EventQueue (EventQueue.java:fireEvent(216)) - No event handler registered for event TypedEvent{payloadType=SafeModeStatus, name='Safe mode status'}
2022-10-03 12:57:43,686 [EventQueue-NodeRegistrationContainerReportForDataNodeSafeModeRule] INFO  ha.SCMContext (SCMContext.java:updateSafeModeStatus(228)) - Update SafeModeStatus from SafeModeStatus{safeModeStatus=true, preCheckPassed=false} to SafeModeStatus{safeModeStatus=true, preCheckPassed=true}.
2022-10-03 12:57:43,686 [EventQueue-NodeRegistrationContainerReportForDataNodeSafeModeRule] INFO  pipeline.BackgroundPipelineCreator (BackgroundPipelineCreator.java:notifyEventTriggered(276)) - trigger a one-shot run on RatisPipelineUtilsThread.
2022-10-03 12:57:43,686 [RatisPipelineUtilsThread - 0] INFO  pipeline.RatisPipelineProvider (RatisPipelineProvider.java:lambda$create$0(195)) - Sending CreatePipelineCommand for pipeline:PipelineID=deaddc95-011e-4230-9344-a935ecf88e88 to datanode:1ecca3ae-2ad7-42d2-aa85-a2563cb61ab5
2022-10-03 12:57:43,686 [RatisPipelineUtilsThread - 0] INFO  pipeline.RatisPipelineProvider (RatisPipelineProvider.java:lambda$create$0(195)) - Sending CreatePipelineCommand for pipeline:PipelineID=deaddc95-011e-4230-9344-a935ecf88e88 to datanode:21fe54d0-377d-43c9-af71-a01bd82d5518
2022-10-03 12:57:43,686 [RatisPipelineUtilsThread - 0] INFO  pipeline.RatisPipelineProvider (RatisPipelineProvider.java:lambda$create$0(195)) - Sending CreatePipelineCommand for pipeline:PipelineID=deaddc95-011e-4230-9344-a935ecf88e88 to datanode:4cc98e97-26bc-48ed-a5cf-0536805b7522
2022-10-03 12:57:43,687 [RatisPipelineUtilsThread - 0] INFO  pipeline.PipelineStateManagerImpl (PipelineStateManagerImpl.java:addPipeline(103)) - Created pipeline Pipeline[ Id: deaddc95-011e-4230-9344-a935ecf88e88, Nodes: 1ecca3ae-2ad7-42d2-aa85-a2563cb61ab5{ip: 10.1.0.147, host: fv-az443-503.ap2fcshprsnunfx25e1aelzb4b.cx.internal.cloudapp.net, ports: [REPLICATION=40969, RATIS=35369, RATIS_ADMIN=35369, RATIS_SERVER=35369, STANDALONE=38943], networkLocation: /default-rack, certSerialId: null, persistedOpState: IN_SERVICE, persistedOpStateExpiryEpochSec: 0}21fe54d0-377d-43c9-af71-a01bd82d5518{ip: 10.1.0.147, host: fv-az443-503.ap2fcshprsnunfx25e1aelzb4b.cx.internal.cloudapp.net, ports: [REPLICATION=42745, RATIS=40327, RATIS_ADMIN=40327, RATIS_SERVER=40327, STANDALONE=41019], networkLocation: /default-rack, certSerialId: null, persistedOpState: IN_SERVICE, persistedOpStateExpiryEpochSec: 0}4cc98e97-26bc-48ed-a5cf-0536805b7522{ip: 10.1.0.147, host: fv-az443-503.ap2fcshprsnunfx25e1aelzb4b.cx.internal.cloudapp.net, ports: [REPLICATION=44555, RATIS=45187, RATIS_ADMIN=45187, RATIS_SERVER=45187, STANDALONE=41601], networkLocation: /default-rack, certSerialId: null, persistedOpState: IN_SERVICE, persistedOpStateExpiryEpochSec: 0}, ReplicationConfig: RATIS/THREE, State:ALLOCATED, leaderId:, CreationTimestamp2022-10-03T12:57:43.686Z[Etc/UTC]].
2022-10-03 12:57:43,687 [RatisPipelineUtilsThread - 0] INFO  pipeline.RatisPipelineProvider (RatisPipelineProvider.java:lambda$create$0(195)) - Sending CreatePipelineCommand for pipeline:PipelineID=3b2263ea-04b5-470c-9ddc-e04edccf1085 to datanode:4cc98e97-26bc-48ed-a5cf-0536805b7522
2022-10-03 12:57:43,687 [RatisPipelineUtilsThread - 0] INFO  pipeline.RatisPipelineProvider (RatisPipelineProvider.java:lambda$create$0(195)) - Sending CreatePipelineCommand for pipeline:PipelineID=3b2263ea-04b5-470c-9ddc-e04edccf1085 to datanode:1ecca3ae-2ad7-42d2-aa85-a2563cb61ab5
2022-10-03 12:57:43,687 [RatisPipelineUtilsThread - 0] INFO  pipeline.RatisPipelineProvider (RatisPipelineProvider.java:lambda$create$0(195)) - Sending CreatePipelineCommand for pipeline:PipelineID=3b2263ea-04b5-470c-9ddc-e04edccf1085 to datanode:21fe54d0-377d-43c9-af71-a01bd82d5518
2022-10-03 12:57:43,687 [RatisPipelineUtilsThread - 0] INFO  pipeline.PipelineStateManagerImpl (PipelineStateManagerImpl.java:addPipeline(103)) - Created pipeline Pipeline[ Id: 3b2263ea-04b5-470c-9ddc-e04edccf1085, Nodes: 4cc98e97-26bc-48ed-a5cf-0536805b7522{ip: 10.1.0.147, host: fv-az443-503.ap2fcshprsnunfx25e1aelzb4b.cx.internal.cloudapp.net, ports: [REPLICATION=44555, RATIS=45187, RATIS_ADMIN=45187, RATIS_SERVER=45187, STANDALONE=41601], networkLocation: /default-rack, certSerialId: null, persistedOpState: IN_SERVICE, persistedOpStateExpiryEpochSec: 0}1ecca3ae-2ad7-42d2-aa85-a2563cb61ab5{ip: 10.1.0.147, host: fv-az443-503.ap2fcshprsnunfx25e1aelzb4b.cx.internal.cloudapp.net, ports: [REPLICATION=40969, RATIS=35369, RATIS_ADMIN=35369, RATIS_SERVER=35369, STANDALONE=38943], networkLocation: /default-rack, certSerialId: null, persistedOpState: IN_SERVICE, persistedOpStateExpiryEpochSec: 0}21fe54d0-377d-43c9-af71-a01bd82d5518{ip: 10.1.0.147, host: fv-az443-503.ap2fcshprsnunfx25e1aelzb4b.cx.internal.cloudapp.net, ports: [REPLICATION=42745, RATIS=40327, RATIS_ADMIN=40327, RATIS_SERVER=40327, STANDALONE=41019], networkLocation: /default-rack, certSerialId: null, persistedOpState: IN_SERVICE, persistedOpStateExpiryEpochSec: 0}, ReplicationConfig: RATIS/THREE, State:ALLOCATED, leaderId:, CreationTimestamp2022-10-03T12:57:43.687Z[Etc/UTC]].
2022-10-03 12:57:43,688 [RatisPipelineUtilsThread - 0] INFO  pipeline.PipelineManagerImpl (PipelineManagerImpl.java:recordMetricsForPipeline(796)) - Pipeline: PipelineID=3b2263ea-04b5-470c-9ddc-e04edccf1085 contains same datanodes as previous pipelines: PipelineID=deaddc95-011e-4230-9344-a935ecf88e88 nodeIds: 4cc98e97-26bc-48ed-a5cf-0536805b7522, 1ecca3ae-2ad7-42d2-aa85-a2563cb61ab5, 21fe54d0-377d-43c9-af71-a01bd82d5518
2022-10-03 12:57:44,517 [Listener at 127.0.0.1/41529] INFO  ozone.MiniOzoneClusterImpl (MiniOzoneClusterImpl.java:lambda$waitForClusterToBeReady$0(216)) - Nodes are ready. Got 3 of 3 DN Heartbeats.
2022-10-03 12:57:44,517 [Listener at 127.0.0.1/41529] INFO  ozone.MiniOzoneClusterImpl (MiniOzoneClusterImpl.java:lambda$waitForClusterToBeReady$0(219)) - Waiting for cluster to exit safe mode
2022-10-03 12:57:44,517 [Listener at 127.0.0.1/41529] INFO  ozone.MiniOzoneClusterImpl (MiniOzoneClusterImpl.java:lambda$waitForClusterToBeReady$0(221)) - SCM became leader
2022-10-03 12:57:44,914 [Command processor thread] INFO  server.RaftServer (RaftServerProxy.java:addNew(96)) - 4cc98e97-26bc-48ed-a5cf-0536805b7522: addNew group-B971ECD8CD1D:[4cc98e97-26bc-48ed-a5cf-0536805b7522|rpc:10.1.0.147:45187|priority:1] returns group-B971ECD8CD1D:java.util.concurrent.CompletableFuture@1b29a970[Not completed]
2022-10-03 12:57:44,922 [pool-825-thread-1] INFO  server.RaftServer$Division (RaftServerImpl.java:<init>(190)) - 4cc98e97-26bc-48ed-a5cf-0536805b7522: new RaftServerImpl for group-B971ECD8CD1D:[4cc98e97-26bc-48ed-a5cf-0536805b7522|rpc:10.1.0.147:45187|priority:1] with ContainerStateMachine:uninitialized
2022-10-03 12:57:44,922 [pool-825-thread-1] INFO  server.RaftServerConfigKeys (ConfUtils.java:logGet(46)) - raft.server.rpc.timeout.min = 5s (custom)
2022-10-03 12:57:44,922 [pool-825-thread-1] INFO  server.RaftServerConfigKeys (ConfUtils.java:logGet(46)) - raft.server.rpc.timeout.max = 5200ms (custom)
2022-10-03 12:57:44,922 [pool-825-thread-1] INFO  server.RaftServerConfigKeys (ConfUtils.java:logGet(46)) - raft.server.rpc.sleep.time = 25ms (default)
2022-10-03 12:57:44,922 [pool-825-thread-1] INFO  server.RaftServerConfigKeys (ConfUtils.java:logGet(46)) - raft.server.rpc.slowness.timeout = 300s (custom)
2022-10-03 12:57:44,922 [pool-825-thread-1] INFO  server.RaftServerConfigKeys (ConfUtils.java:logGet(46)) - raft.server.leaderelection.leader.step-down.wait-time = 10s (default)
2022-10-03 12:57:44,922 [pool-825-thread-1] INFO  server.RaftServerConfigKeys (ConfUtils.java:logGet(46)) - raft.server.sleep.deviation.threshold = 300ms (default)
2022-10-03 12:57:44,922 [pool-825-thread-1] INFO  server.RaftServer$Division (ServerState.java:<init>(107)) - 4cc98e97-26bc-48ed-a5cf-0536805b7522@group-B971ECD8CD1D: ConfigurationManager, init=-1: [4cc98e97-26bc-48ed-a5cf-0536805b7522|rpc:10.1.0.147:45187|priority:1], old=null, confs=<EMPTY_MAP>
2022-10-03 12:57:44,922 [pool-825-thread-1] INFO  server.RaftServerConfigKeys (ConfUtils.java:logGet(46)) - raft.server.storage.dir = [/home/runner/work/ozone/ozone/hadoop-ozone/integration-test/target/test-dir/MiniOzoneClusterImpl-53db5b09-2415-4619-b18d-0010cdbdab93/datanode-1/data/ratis] (custom)
2022-10-03 12:57:44,922 [pool-825-thread-1] INFO  server.RaftServerConfigKeys (ConfUtils.java:logGet(46)) - raft.server.log.corruption.policy = EXCEPTION (default)
2022-10-03 12:57:44,922 [pool-825-thread-1] INFO  server.RaftServerConfigKeys (ConfUtils.java:logGet(46)) - raft.server.storage.free-space.min = 0MB (=0) (default)
2022-10-03 12:57:44,923 [pool-825-thread-1] INFO  storage.RaftStorageDirectory (RaftStorageDirectoryImpl.java:analyzeStorage(135)) - The storage directory /home/runner/work/ozone/ozone/hadoop-ozone/integration-test/target/test-dir/MiniOzoneClusterImpl-53db5b09-2415-4619-b18d-0010cdbdab93/datanode-1/data/ratis/bd969d2c-5cd2-4324-8144-b971ecd8cd1d does not exist. Creating ...
2022-10-03 12:57:44,924 [pool-825-thread-1] INFO  storage.RaftStorageDirectory (RaftStorageDirectoryImpl.java:tryLock(230)) - Lock on /home/runner/work/ozone/ozone/hadoop-ozone/integration-test/target/test-dir/MiniOzoneClusterImpl-53db5b09-2415-4619-b18d-0010cdbdab93/datanode-1/data/ratis/bd969d2c-5cd2-4324-8144-b971ecd8cd1d/in_use.lock acquired by nodename 2263@fv-az443-503
2022-10-03 12:57:44,925 [pool-825-thread-1] INFO  storage.RaftStorage (RaftStorageImpl.java:format(89)) - Storage directory /home/runner/work/ozone/ozone/hadoop-ozone/integration-test/target/test-dir/MiniOzoneClusterImpl-53db5b09-2415-4619-b18d-0010cdbdab93/datanode-1/data/ratis/bd969d2c-5cd2-4324-8144-b971ecd8cd1d has been successfully formatted.
2022-10-03 12:57:44,966 [EventQueue-PipelineReportForPipelineReportHandler] INFO  pipeline.PipelineManagerImpl (PipelineManagerImpl.java:openPipeline(367)) - Pipeline Pipeline[ Id: bd969d2c-5cd2-4324-8144-b971ecd8cd1d, Nodes: 4cc98e97-26bc-48ed-a5cf-0536805b7522{ip: 10.1.0.147, host: fv-az443-503.ap2fcshprsnunfx25e1aelzb4b.cx.internal.cloudapp.net, ports: [REPLICATION=44555, RATIS=45187, RATIS_ADMIN=45187, RATIS_SERVER=45187, STANDALONE=41601], networkLocation: /default-rack, certSerialId: null, persistedOpState: IN_SERVICE, persistedOpStateExpiryEpochSec: 0}, ReplicationConfig: RATIS/ONE, State:ALLOCATED, leaderId:4cc98e97-26bc-48ed-a5cf-0536805b7522, CreationTimestamp2022-10-03T12:57:41.977Z[Etc/UTC]] moved to OPEN state
2022-10-03 12:57:44,967 [EventQueue-OpenPipelineForHealthyPipelineSafeModeRule] INFO  safemode.SCMSafeModeManager (HealthyPipelineSafeModeRule.java:process(137)) - SCM in safe mode. Healthy pipelines reported count is 0, required healthy pipeline reported count is 1
2022-10-03 12:57:44,967 [pool-825-thread-1] INFO  ratis.ContainerStateMachine (ContainerStateMachine.java:loadSnapshot(236)) - group-B971ECD8CD1D: The snapshot info is null. Setting the last applied indexto:(t:0, i:~)
2022-10-03 12:57:44,967 [pool-825-thread-1] INFO  server.RaftServerConfigKeys (ConfUtils.java:logGet(46)) - raft.server.notification.no-leader.timeout = 300s (custom)
2022-10-03 12:57:44,967 [pool-825-thread-1] INFO  server.RaftServerConfigKeys (ConfUtils.java:logGet(46)) - raft.server.log.use.memory = false (default)
2022-10-03 12:57:44,967 [pool-825-thread-1] INFO  server.RaftServerConfigKeys (ConfUtils.java:logGet(46)) - raft.server.log.purge.gap = 1000000 (custom)
2022-10-03 12:57:44,967 [pool-825-thread-1] INFO  server.RaftServerConfigKeys (ConfUtils.java:logGet(46)) - raft.server.log.appender.buffer.byte-limit = 33554432 (custom)
2022-10-03 12:57:44,967 [pool-825-thread-1] INFO  server.RaftServerConfigKeys (ConfUtils.java:logGet(46)) - raft.server.log.statemachine.data.read.timeout = 1000ms (default)
2022-10-03 12:57:44,967 [pool-825-thread-1] INFO  server.RaftServerConfigKeys (ConfUtils.java:logGet(46)) - raft.server.log.segment.size.max = 1048576 (custom)
2022-10-03 12:57:44,968 [pool-825-thread-1] INFO  server.RaftServerConfigKeys (ConfUtils.java:logGet(46)) - raft.server.log.segment.cache.num.max = 2 (custom)
2022-10-03 12:57:44,968 [pool-825-thread-1] INFO  server.RaftServerConfigKeys (ConfUtils.java:logGet(46)) - raft.server.log.segment.cache.size.max = 200MB (=209715200) (default)
2022-10-03 12:57:44,968 [pool-825-thread-1] INFO  segmented.SegmentedRaftLogWorker (SegmentedRaftLogWorker.java:<init>(187)) - new 4cc98e97-26bc-48ed-a5cf-0536805b7522@group-B971ECD8CD1D-SegmentedRaftLogWorker for RaftStorageImpl:Storage Directory /home/runner/work/ozone/ozone/hadoop-ozone/integration-test/target/test-dir/MiniOzoneClusterImpl-53db5b09-2415-4619-b18d-0010cdbdab93/datanode-1/data/ratis/bd969d2c-5cd2-4324-8144-b971ecd8cd1d
2022-10-03 12:57:44,968 [pool-825-thread-1] INFO  server.RaftServerConfigKeys (ConfUtils.java:logGet(46)) - raft.server.log.queue.byte-limit = 4294967296 (custom)
2022-10-03 12:57:44,968 [pool-825-thread-1] INFO  server.RaftServerConfigKeys (ConfUtils.java:logGet(46)) - raft.server.log.queue.element-limit = 1024 (custom)
2022-10-03 12:57:44,968 [pool-825-thread-1] INFO  server.RaftServerConfigKeys (ConfUtils.java:logGet(46)) - raft.server.log.segment.size.max = 1048576 (custom)
2022-10-03 12:57:44,968 [pool-825-thread-1] INFO  server.RaftServerConfigKeys (ConfUtils.java:logGet(46)) - raft.server.log.preallocated.size = 16384 (custom)
2022-10-03 12:57:44,968 [pool-825-thread-1] INFO  server.RaftServerConfigKeys (ConfUtils.java:logGet(46)) - raft.server.log.force.sync.num = 128 (default)
2022-10-03 12:57:44,968 [pool-825-thread-1] INFO  server.RaftServerConfigKeys (ConfUtils.java:logGet(46)) - raft.server.log.statemachine.data.sync = true (default)
2022-10-03 12:57:44,968 [pool-825-thread-1] INFO  server.RaftServerConfigKeys (ConfUtils.java:logGet(46)) - raft.server.log.statemachine.data.sync.timeout = 10s (default)
2022-10-03 12:57:44,968 [pool-825-thread-1] INFO  server.RaftServerConfigKeys (ConfUtils.java:logGet(46)) - raft.server.log.statemachine.data.sync.timeout.retry = -1 (default)
2022-10-03 12:57:44,989 [pool-825-thread-1] INFO  server.RaftServerConfigKeys (ConfUtils.java:logGet(46)) - raft.server.log.write.buffer.size = 1048576 (custom)
2022-10-03 12:57:44,990 [pool-825-thread-1] INFO  server.RaftServerConfigKeys (ConfUtils.java:logGet(46)) - raft.server.log.unsafe-flush.enabled = false (default)
2022-10-03 12:57:44,990 [pool-825-thread-1] INFO  server.RaftServerConfigKeys (ConfUtils.java:logGet(46)) - raft.server.log.statemachine.data.caching.enabled = true (custom)
2022-10-03 12:57:44,990 [pool-825-thread-1] INFO  segmented.SegmentedRaftLogWorker (SegmentedRaftLogWorker.java:lambda$new$0(135)) - 4cc98e97-26bc-48ed-a5cf-0536805b7522@group-B971ECD8CD1D-SegmentedRaftLogWorker: flushIndex: setUnconditionally 0 -> -1
2022-10-03 12:57:44,990 [pool-825-thread-1] INFO  segmented.SegmentedRaftLogWorker (SegmentedRaftLogWorker.java:lambda$new$0(135)) - 4cc98e97-26bc-48ed-a5cf-0536805b7522@group-B971ECD8CD1D-SegmentedRaftLogWorker: safeCacheEvictIndex: setUnconditionally 0 -> -1
2022-10-03 12:57:44,997 [pool-825-thread-1] INFO  server.RaftServerConfigKeys (ConfUtils.java:logGet(46)) - raft.server.snapshot.auto.trigger.enabled = true (custom)
2022-10-03 12:57:44,997 [pool-825-thread-1] INFO  server.RaftServerConfigKeys (ConfUtils.java:logGet(46)) - raft.server.snapshot.auto.trigger.threshold = 10000 (custom)
2022-10-03 12:57:44,997 [pool-825-thread-1] INFO  server.RaftServerConfigKeys (ConfUtils.java:logGet(46)) - raft.server.snapshot.retention.file.num = 5 (custom)
2022-10-03 12:57:44,997 [pool-825-thread-1] INFO  server.RaftServerConfigKeys (ConfUtils.java:logGet(46)) - raft.server.log.purge.upto.snapshot.index = false (default)
2022-10-03 12:57:44,997 [pool-825-thread-1] INFO  server.RaftServerConfigKeys (ConfUtils.java:logGet(46)) - raft.server.retrycache.expirytime = 600000ms (custom)
2022-10-03 12:57:44,997 [pool-825-thread-1] INFO  server.RaftServerConfigKeys (ConfUtils.java:logGet(46)) - raft.server.retrycache.statistics.expirytime = 100μs (default)
2022-10-03 12:57:44,999 [pool-825-thread-1] INFO  server.RaftServerConfigKeys (ConfUtils.java:logGet(46)) - raft.server.log.appender.install.snapshot.enabled = false (custom)
2022-10-03 12:57:44,999 [pool-825-thread-1] INFO  server.RaftServerConfigKeys (ConfUtils.java:logGet(46)) - raft.server.threadpool.server.cached = true (default)
2022-10-03 12:57:44,999 [pool-825-thread-1] INFO  server.RaftServerConfigKeys (ConfUtils.java:logGet(46)) - raft.server.threadpool.server.size = 0 (default)
2022-10-03 12:57:44,999 [pool-825-thread-1] INFO  server.RaftServerConfigKeys (ConfUtils.java:logGet(46)) - raft.server.threadpool.client.cached = true (default)
2022-10-03 12:57:44,999 [pool-825-thread-1] INFO  server.RaftServerConfigKeys (ConfUtils.java:logGet(46)) - raft.server.threadpool.client.size = 0 (default)
2022-10-03 12:57:44,999 [pool-825-thread-1] INFO  server.RaftServer$Division (RaftServerImpl.java:start(310)) - 4cc98e97-26bc-48ed-a5cf-0536805b7522@group-B971ECD8CD1D: start as a follower, conf=-1: [4cc98e97-26bc-48ed-a5cf-0536805b7522|rpc:10.1.0.147:45187|priority:1], old=null
2022-10-03 12:57:44,999 [pool-825-thread-1] INFO  server.RaftServer$Division (RaftServerImpl.java:setRole(299)) - 4cc98e97-26bc-48ed-a5cf-0536805b7522@group-B971ECD8CD1D: changes role from      null to FOLLOWER at term 0 for startAsFollower
2022-10-03 12:57:44,999 [pool-825-thread-1] INFO  impl.RoleInfo (RoleInfo.java:updateAndGet(139)) - 4cc98e97-26bc-48ed-a5cf-0536805b7522: start 4cc98e97-26bc-48ed-a5cf-0536805b7522@group-B971ECD8CD1D-FollowerState
2022-10-03 12:57:44,999 [pool-825-thread-1] INFO  util.JmxRegister (JmxRegister.java:tryRegister(44)) - Successfully registered JMX Bean with object name Ratis:service=RaftServer,group=group-B971ECD8CD1D,id=4cc98e97-26bc-48ed-a5cf-0536805b7522
2022-10-03 12:57:45,010 [Command processor thread] INFO  ratis.XceiverServerRatis (XceiverServerRatis.java:addGroup(765)) - Created group PipelineID=bd969d2c-5cd2-4324-8144-b971ecd8cd1d
2022-10-03 12:57:45,010 [Command processor thread] INFO  commandhandler.CreatePipelineCommandHandler (CreatePipelineCommandHandler.java:handle(113)) - Created Pipeline RATIS ONE PipelineID=bd969d2c-5cd2-4324-8144-b971ecd8cd1d.
2022-10-03 12:57:45,010 [Command processor thread] INFO  server.RaftServer (RaftServerProxy.java:addNew(96)) - 4cc98e97-26bc-48ed-a5cf-0536805b7522: addNew group-A935ECF88E88:[1ecca3ae-2ad7-42d2-aa85-a2563cb61ab5|rpc:10.1.0.147:35369|priority:0, 21fe54d0-377d-43c9-af71-a01bd82d5518|rpc:10.1.0.147:40327|priority:1, 4cc98e97-26bc-48ed-a5cf-0536805b7522|rpc:10.1.0.147:45187|priority:0] returns group-A935ECF88E88:java.util.concurrent.CompletableFuture@1f162ecd[Not completed]
2022-10-03 12:57:45,011 [pool-825-thread-1] INFO  server.RaftServer$Division (RaftServerImpl.java:<init>(190)) - 4cc98e97-26bc-48ed-a5cf-0536805b7522: new RaftServerImpl for group-A935ECF88E88:[1ecca3ae-2ad7-42d2-aa85-a2563cb61ab5|rpc:10.1.0.147:35369|priority:0, 21fe54d0-377d-43c9-af71-a01bd82d5518|rpc:10.1.0.147:40327|priority:1, 4cc98e97-26bc-48ed-a5cf-0536805b7522|rpc:10.1.0.147:45187|priority:0] with ContainerStateMachine:uninitialized
2022-10-03 12:57:45,011 [pool-825-thread-1] INFO  server.RaftServerConfigKeys (ConfUtils.java:logGet(46)) - raft.server.rpc.timeout.min = 5s (custom)
2022-10-03 12:57:45,011 [pool-825-thread-1] INFO  server.RaftServerConfigKeys (ConfUtils.java:logGet(46)) - raft.server.rpc.timeout.max = 5200ms (custom)
2022-10-03 12:57:45,011 [pool-825-thread-1] INFO  server.RaftServerConfigKeys (ConfUtils.java:logGet(46)) - raft.server.rpc.sleep.time = 25ms (default)
2022-10-03 12:57:45,011 [pool-825-thread-1] INFO  server.RaftServerConfigKeys (ConfUtils.java:logGet(46)) - raft.server.rpc.slowness.timeout = 300s (custom)
2022-10-03 12:57:45,011 [pool-825-thread-1] INFO  server.RaftServerConfigKeys (ConfUtils.java:logGet(46)) - raft.server.leaderelection.leader.step-down.wait-time = 10s (default)
2022-10-03 12:57:45,011 [pool-825-thread-1] INFO  server.RaftServerConfigKeys (ConfUtils.java:logGet(46)) - raft.server.sleep.deviation.threshold = 300ms (default)
2022-10-03 12:57:45,011 [pool-825-thread-1] INFO  server.RaftServer$Division (ServerState.java:<init>(107)) - 4cc98e97-26bc-48ed-a5cf-0536805b7522@group-A935ECF88E88: ConfigurationManager, init=-1: [1ecca3ae-2ad7-42d2-aa85-a2563cb61ab5|rpc:10.1.0.147:35369|priority:0, 21fe54d0-377d-43c9-af71-a01bd82d5518|rpc:10.1.0.147:40327|priority:1, 4cc98e97-26bc-48ed-a5cf-0536805b7522|rpc:10.1.0.147:45187|priority:0], old=null, confs=<EMPTY_MAP>
2022-10-03 12:57:45,011 [pool-825-thread-1] INFO  server.RaftServerConfigKeys (ConfUtils.java:logGet(46)) - raft.server.storage.dir = [/home/runner/work/ozone/ozone/hadoop-ozone/integration-test/target/test-dir/MiniOzoneClusterImpl-53db5b09-2415-4619-b18d-0010cdbdab93/datanode-1/data/ratis] (custom)
2022-10-03 12:57:45,012 [pool-825-thread-1] INFO  server.RaftServerConfigKeys (ConfUtils.java:logGet(46)) - raft.server.log.corruption.policy = EXCEPTION (default)
2022-10-03 12:57:45,012 [pool-825-thread-1] INFO  server.RaftServerConfigKeys (ConfUtils.java:logGet(46)) - raft.server.storage.free-space.min = 0MB (=0) (default)
2022-10-03 12:57:45,012 [pool-825-thread-1] INFO  storage.RaftStorageDirectory (RaftStorageDirectoryImpl.java:analyzeStorage(135)) - The storage directory /home/runner/work/ozone/ozone/hadoop-ozone/integration-test/target/test-dir/MiniOzoneClusterImpl-53db5b09-2415-4619-b18d-0010cdbdab93/datanode-1/data/ratis/deaddc95-011e-4230-9344-a935ecf88e88 does not exist. Creating ...
2022-10-03 12:57:45,069 [pool-825-thread-1] INFO  storage.RaftStorageDirectory (RaftStorageDirectoryImpl.java:tryLock(230)) - Lock on /home/runner/work/ozone/ozone/hadoop-ozone/integration-test/target/test-dir/MiniOzoneClusterImpl-53db5b09-2415-4619-b18d-0010cdbdab93/datanode-1/data/ratis/deaddc95-011e-4230-9344-a935ecf88e88/in_use.lock acquired by nodename 2263@fv-az443-503
2022-10-03 12:57:45,070 [pool-825-thread-1] INFO  storage.RaftStorage (RaftStorageImpl.java:format(89)) - Storage directory /home/runner/work/ozone/ozone/hadoop-ozone/integration-test/target/test-dir/MiniOzoneClusterImpl-53db5b09-2415-4619-b18d-0010cdbdab93/datanode-1/data/ratis/deaddc95-011e-4230-9344-a935ecf88e88 has been successfully formatted.
2022-10-03 12:57:45,082 [EventQueue-OpenPipelineForHealthyPipelineSafeModeRule] INFO  safemode.SCMSafeModeManager (HealthyPipelineSafeModeRule.java:process(137)) - SCM in safe mode. Healthy pipelines reported count is 0, required healthy pipeline reported count is 1
2022-10-03 12:57:45,082 [pool-825-thread-1] INFO  ratis.ContainerStateMachine (ContainerStateMachine.java:loadSnapshot(236)) - group-A935ECF88E88: The snapshot info is null. Setting the last applied indexto:(t:0, i:~)
2022-10-03 12:57:45,082 [pool-825-thread-1] INFO  server.RaftServerConfigKeys (ConfUtils.java:logGet(46)) - raft.server.notification.no-leader.timeout = 300s (custom)
2022-10-03 12:57:45,082 [pool-825-thread-1] INFO  server.RaftServerConfigKeys (ConfUtils.java:logGet(46)) - raft.server.log.use.memory = false (default)
2022-10-03 12:57:45,082 [pool-825-thread-1] INFO  server.RaftServerConfigKeys (ConfUtils.java:logGet(46)) - raft.server.log.purge.gap = 1000000 (custom)
2022-10-03 12:57:45,082 [pool-825-thread-1] INFO  server.RaftServerConfigKeys (ConfUtils.java:logGet(46)) - raft.server.log.appender.buffer.byte-limit = 33554432 (custom)
2022-10-03 12:57:45,082 [pool-825-thread-1] INFO  server.RaftServerConfigKeys (ConfUtils.java:logGet(46)) - raft.server.log.statemachine.data.read.timeout = 1000ms (default)
2022-10-03 12:57:45,082 [pool-825-thread-1] INFO  server.RaftServerConfigKeys (ConfUtils.java:logGet(46)) - raft.server.log.segment.size.max = 1048576 (custom)
2022-10-03 12:57:45,083 [pool-825-thread-1] INFO  server.RaftServerConfigKeys (ConfUtils.java:logGet(46)) - raft.server.log.segment.cache.num.max = 2 (custom)
2022-10-03 12:57:45,083 [pool-825-thread-1] INFO  server.RaftServerConfigKeys (ConfUtils.java:logGet(46)) - raft.server.log.segment.cache.size.max = 200MB (=209715200) (default)
2022-10-03 12:57:45,083 [pool-825-thread-1] INFO  segmented.SegmentedRaftLogWorker (SegmentedRaftLogWorker.java:<init>(187)) - new 4cc98e97-26bc-48ed-a5cf-0536805b7522@group-A935ECF88E88-SegmentedRaftLogWorker for RaftStorageImpl:Storage Directory /home/runner/work/ozone/ozone/hadoop-ozone/integration-test/target/test-dir/MiniOzoneClusterImpl-53db5b09-2415-4619-b18d-0010cdbdab93/datanode-1/data/ratis/deaddc95-011e-4230-9344-a935ecf88e88
2022-10-03 12:57:45,083 [pool-825-thread-1] INFO  server.RaftServerConfigKeys (ConfUtils.java:logGet(46)) - raft.server.log.queue.byte-limit = 4294967296 (custom)
2022-10-03 12:57:45,083 [pool-825-thread-1] INFO  server.RaftServerConfigKeys (ConfUtils.java:logGet(46)) - raft.server.log.queue.element-limit = 1024 (custom)
2022-10-03 12:57:45,083 [pool-825-thread-1] INFO  server.RaftServerConfigKeys (ConfUtils.java:logGet(46)) - raft.server.log.segment.size.max = 1048576 (custom)
2022-10-03 12:57:45,083 [pool-825-thread-1] INFO  server.RaftServerConfigKeys (ConfUtils.java:logGet(46)) - raft.server.log.preallocated.size = 16384 (custom)
2022-10-03 12:57:45,083 [pool-825-thread-1] INFO  server.RaftServerConfigKeys (ConfUtils.java:logGet(46)) - raft.server.log.force.sync.num = 128 (default)
2022-10-03 12:57:45,083 [pool-825-thread-1] INFO  server.RaftServerConfigKeys (ConfUtils.java:logGet(46)) - raft.server.log.statemachine.data.sync = true (default)
2022-10-03 12:57:45,083 [pool-825-thread-1] INFO  server.RaftServerConfigKeys (ConfUtils.java:logGet(46)) - raft.server.log.statemachine.data.sync.timeout = 10s (default)
2022-10-03 12:57:45,083 [pool-825-thread-1] INFO  server.RaftServerConfigKeys (ConfUtils.java:logGet(46)) - raft.server.log.statemachine.data.sync.timeout.retry = -1 (default)
2022-10-03 12:57:45,084 [pool-825-thread-1] INFO  server.RaftServerConfigKeys (ConfUtils.java:logGet(46)) - raft.server.log.write.buffer.size = 1048576 (custom)
2022-10-03 12:57:45,085 [pool-825-thread-1] INFO  server.RaftServerConfigKeys (ConfUtils.java:logGet(46)) - raft.server.log.unsafe-flush.enabled = false (default)
2022-10-03 12:57:45,085 [pool-825-thread-1] INFO  server.RaftServerConfigKeys (ConfUtils.java:logGet(46)) - raft.server.log.statemachine.data.caching.enabled = true (custom)
2022-10-03 12:57:45,085 [pool-825-thread-1] INFO  segmented.SegmentedRaftLogWorker (SegmentedRaftLogWorker.java:lambda$new$0(135)) - 4cc98e97-26bc-48ed-a5cf-0536805b7522@group-A935ECF88E88-SegmentedRaftLogWorker: flushIndex: setUnconditionally 0 -> -1
2022-10-03 12:57:45,085 [pool-825-thread-1] INFO  segmented.SegmentedRaftLogWorker (SegmentedRaftLogWorker.java:lambda$new$0(135)) - 4cc98e97-26bc-48ed-a5cf-0536805b7522@group-A935ECF88E88-SegmentedRaftLogWorker: safeCacheEvictIndex: setUnconditionally 0 -> -1
2022-10-03 12:57:45,088 [pool-825-thread-1] INFO  server.RaftServerConfigKeys (ConfUtils.java:logGet(46)) - raft.server.snapshot.auto.trigger.enabled = true (custom)
2022-10-03 12:57:45,088 [pool-825-thread-1] INFO  server.RaftServerConfigKeys (ConfUtils.java:logGet(46)) - raft.server.snapshot.auto.trigger.threshold = 10000 (custom)
2022-10-03 12:57:45,088 [pool-825-thread-1] INFO  server.RaftServerConfigKeys (ConfUtils.java:logGet(46)) - raft.server.snapshot.retention.file.num = 5 (custom)
2022-10-03 12:57:45,088 [pool-825-thread-1] INFO  server.RaftServerConfigKeys (ConfUtils.java:logGet(46)) - raft.server.log.purge.upto.snapshot.index = false (default)
2022-10-03 12:57:45,089 [pool-825-thread-1] INFO  server.RaftServerConfigKeys (ConfUtils.java:logGet(46)) - raft.server.retrycache.expirytime = 600000ms (custom)
2022-10-03 12:57:45,089 [pool-825-thread-1] INFO  server.RaftServerConfigKeys (ConfUtils.java:logGet(46)) - raft.server.retrycache.statistics.expirytime = 100μs (default)
2022-10-03 12:57:45,090 [pool-825-thread-1] INFO  server.RaftServerConfigKeys (ConfUtils.java:logGet(46)) - raft.server.log.appender.install.snapshot.enabled = false (custom)
2022-10-03 12:57:45,090 [pool-825-thread-1] INFO  server.RaftServerConfigKeys (ConfUtils.java:logGet(46)) - raft.server.threadpool.server.cached = true (default)
2022-10-03 12:57:45,090 [pool-825-thread-1] INFO  server.RaftServerConfigKeys (ConfUtils.java:logGet(46)) - raft.server.threadpool.server.size = 0 (default)
2022-10-03 12:57:45,090 [pool-825-thread-1] INFO  server.RaftServerConfigKeys (ConfUtils.java:logGet(46)) - raft.server.threadpool.client.cached = true (default)
2022-10-03 12:57:45,090 [pool-825-thread-1] INFO  server.RaftServerConfigKeys (ConfUtils.java:logGet(46)) - raft.server.threadpool.client.size = 0 (default)
2022-10-03 12:57:45,090 [pool-825-thread-1] INFO  server.RaftServer$Division (RaftServerImpl.java:start(310)) - 4cc98e97-26bc-48ed-a5cf-0536805b7522@group-A935ECF88E88: start as a follower, conf=-1: [1ecca3ae-2ad7-42d2-aa85-a2563cb61ab5|rpc:10.1.0.147:35369|priority:0, 21fe54d0-377d-43c9-af71-a01bd82d5518|rpc:10.1.0.147:40327|priority:1, 4cc98e97-26bc-48ed-a5cf-0536805b7522|rpc:10.1.0.147:45187|priority:0], old=null
2022-10-03 12:57:45,090 [pool-825-thread-1] INFO  server.RaftServer$Division (RaftServerImpl.java:setRole(299)) - 4cc98e97-26bc-48ed-a5cf-0536805b7522@group-A935ECF88E88: changes role from      null to FOLLOWER at term 0 for startAsFollower
2022-10-03 12:57:45,090 [pool-825-thread-1] INFO  impl.RoleInfo (RoleInfo.java:updateAndGet(139)) - 4cc98e97-26bc-48ed-a5cf-0536805b7522: start 4cc98e97-26bc-48ed-a5cf-0536805b7522@group-A935ECF88E88-FollowerState
2022-10-03 12:57:45,125 [pool-825-thread-1] INFO  util.JmxRegister (JmxRegister.java:tryRegister(44)) - Successfully registered JMX Bean with object name Ratis:service=RaftServer,group=group-A935ECF88E88,id=4cc98e97-26bc-48ed-a5cf-0536805b7522
2022-10-03 12:57:45,126 [Command processor thread] INFO  ratis.XceiverServerRatis (XceiverServerRatis.java:addGroup(765)) - Created group PipelineID=deaddc95-011e-4230-9344-a935ecf88e88
2022-10-03 12:57:45,177 [grpc-default-executor-0] INFO  server.RaftServer (RaftServerProxy.java:addNew(96)) - 1ecca3ae-2ad7-42d2-aa85-a2563cb61ab5: addNew group-A935ECF88E88:[1ecca3ae-2ad7-42d2-aa85-a2563cb61ab5|rpc:10.1.0.147:35369|dataStream:|priority:0, 21fe54d0-377d-43c9-af71-a01bd82d5518|rpc:10.1.0.147:40327|dataStream:|priority:1, 4cc98e97-26bc-48ed-a5cf-0536805b7522|rpc:10.1.0.147:45187|dataStream:|priority:0] returns group-A935ECF88E88:java.util.concurrent.CompletableFuture@795d5076[Not completed]
2022-10-03 12:57:45,190 [pool-848-thread-1] INFO  server.RaftServer$Division (RaftServerImpl.java:<init>(190)) - 1ecca3ae-2ad7-42d2-aa85-a2563cb61ab5: new RaftServerImpl for group-A935ECF88E88:[1ecca3ae-2ad7-42d2-aa85-a2563cb61ab5|rpc:10.1.0.147:35369|dataStream:|priority:0, 21fe54d0-377d-43c9-af71-a01bd82d5518|rpc:10.1.0.147:40327|dataStream:|priority:1, 4cc98e97-26bc-48ed-a5cf-0536805b7522|rpc:10.1.0.147:45187|dataStream:|priority:0] with ContainerStateMachine:uninitialized
2022-10-03 12:57:45,190 [pool-848-thread-1] INFO  server.RaftServerConfigKeys (ConfUtils.java:logGet(46)) - raft.server.rpc.timeout.min = 5s (custom)
2022-10-03 12:57:45,190 [pool-848-thread-1] INFO  server.RaftServerConfigKeys (ConfUtils.java:logGet(46)) - raft.server.rpc.timeout.max = 5200ms (custom)
2022-10-03 12:57:45,190 [pool-848-thread-1] INFO  server.RaftServerConfigKeys (ConfUtils.java:logGet(46)) - raft.server.rpc.sleep.time = 25ms (default)
2022-10-03 12:57:45,190 [pool-848-thread-1] INFO  server.RaftServerConfigKeys (ConfUtils.java:logGet(46)) - raft.server.rpc.slowness.timeout = 300s (custom)
2022-10-03 12:57:45,190 [pool-848-thread-1] INFO  server.RaftServerConfigKeys (ConfUtils.java:logGet(46)) - raft.server.leaderelection.leader.step-down.wait-time = 10s (default)
2022-10-03 12:57:45,190 [pool-848-thread-1] INFO  server.RaftServerConfigKeys (ConfUtils.java:logGet(46)) - raft.server.sleep.deviation.threshold = 300ms (default)
2022-10-03 12:57:45,190 [pool-848-thread-1] INFO  server.RaftServer$Division (ServerState.java:<init>(107)) - 1ecca3ae-2ad7-42d2-aa85-a2563cb61ab5@group-A935ECF88E88: ConfigurationManager, init=-1: [1ecca3ae-2ad7-42d2-aa85-a2563cb61ab5|rpc:10.1.0.147:35369|dataStream:|priority:0, 21fe54d0-377d-43c9-af71-a01bd82d5518|rpc:10.1.0.147:40327|dataStream:|priority:1, 4cc98e97-26bc-48ed-a5cf-0536805b7522|rpc:10.1.0.147:45187|dataStream:|priority:0], old=null, confs=<EMPTY_MAP>
2022-10-03 12:57:45,190 [pool-848-thread-1] INFO  server.RaftServerConfigKeys (ConfUtils.java:logGet(46)) - raft.server.storage.dir = [/home/runner/work/ozone/ozone/hadoop-ozone/integration-test/target/test-dir/MiniOzoneClusterImpl-53db5b09-2415-4619-b18d-0010cdbdab93/datanode-2/data/ratis] (custom)
2022-10-03 12:57:45,190 [pool-848-thread-1] INFO  server.RaftServerConfigKeys (ConfUtils.java:logGet(46)) - raft.server.log.corruption.policy = EXCEPTION (default)
2022-10-03 12:57:45,190 [pool-848-thread-1] INFO  server.RaftServerConfigKeys (ConfUtils.java:logGet(46)) - raft.server.storage.free-space.min = 0MB (=0) (default)
2022-10-03 12:57:45,190 [pool-848-thread-1] INFO  storage.RaftStorageDirectory (RaftStorageDirectoryImpl.java:analyzeStorage(135)) - The storage directory /home/runner/work/ozone/ozone/hadoop-ozone/integration-test/target/test-dir/MiniOzoneClusterImpl-53db5b09-2415-4619-b18d-0010cdbdab93/datanode-2/data/ratis/deaddc95-011e-4230-9344-a935ecf88e88 does not exist. Creating ...
2022-10-03 12:57:45,201 [pool-848-thread-1] INFO  storage.RaftStorageDirectory (RaftStorageDirectoryImpl.java:tryLock(230)) - Lock on /home/runner/work/ozone/ozone/hadoop-ozone/integration-test/target/test-dir/MiniOzoneClusterImpl-53db5b09-2415-4619-b18d-0010cdbdab93/datanode-2/data/ratis/deaddc95-011e-4230-9344-a935ecf88e88/in_use.lock acquired by nodename 2263@fv-az443-503
2022-10-03 12:57:45,220 [pool-848-thread-1] INFO  storage.RaftStorage (RaftStorageImpl.java:format(89)) - Storage directory /home/runner/work/ozone/ozone/hadoop-ozone/integration-test/target/test-dir/MiniOzoneClusterImpl-53db5b09-2415-4619-b18d-0010cdbdab93/datanode-2/data/ratis/deaddc95-011e-4230-9344-a935ecf88e88 has been successfully formatted.
2022-10-03 12:57:45,220 [pool-848-thread-1] INFO  ratis.ContainerStateMachine (ContainerStateMachine.java:loadSnapshot(236)) - group-A935ECF88E88: The snapshot info is null. Setting the last applied indexto:(t:0, i:~)
2022-10-03 12:57:45,221 [pool-848-thread-1] INFO  server.RaftServerConfigKeys (ConfUtils.java:logGet(46)) - raft.server.notification.no-leader.timeout = 300s (custom)
2022-10-03 12:57:45,221 [pool-848-thread-1] INFO  server.RaftServerConfigKeys (ConfUtils.java:logGet(46)) - raft.server.log.use.memory = false (default)
2022-10-03 12:57:45,221 [pool-848-thread-1] INFO  server.RaftServerConfigKeys (ConfUtils.java:logGet(46)) - raft.server.log.purge.gap = 1000000 (custom)
2022-10-03 12:57:45,221 [pool-848-thread-1] INFO  server.RaftServerConfigKeys (ConfUtils.java:logGet(46)) - raft.server.log.appender.buffer.byte-limit = 33554432 (custom)
2022-10-03 12:57:45,221 [pool-848-thread-1] INFO  server.RaftServerConfigKeys (ConfUtils.java:logGet(46)) - raft.server.log.statemachine.data.read.timeout = 1000ms (default)
2022-10-03 12:57:45,221 [pool-848-thread-1] INFO  server.RaftServerConfigKeys (ConfUtils.java:logGet(46)) - raft.server.log.segment.size.max = 1048576 (custom)
2022-10-03 12:57:45,221 [pool-848-thread-1] INFO  server.RaftServerConfigKeys (ConfUtils.java:logGet(46)) - raft.server.log.segment.cache.num.max = 2 (custom)
2022-10-03 12:57:45,221 [pool-848-thread-1] INFO  server.RaftServerConfigKeys (ConfUtils.java:logGet(46)) - raft.server.log.segment.cache.size.max = 200MB (=209715200) (default)
2022-10-03 12:57:45,221 [pool-848-thread-1] INFO  segmented.SegmentedRaftLogWorker (SegmentedRaftLogWorker.java:<init>(187)) - new 1ecca3ae-2ad7-42d2-aa85-a2563cb61ab5@group-A935ECF88E88-SegmentedRaftLogWorker for RaftStorageImpl:Storage Directory /home/runner/work/ozone/ozone/hadoop-ozone/integration-test/target/test-dir/MiniOzoneClusterImpl-53db5b09-2415-4619-b18d-0010cdbdab93/datanode-2/data/ratis/deaddc95-011e-4230-9344-a935ecf88e88
2022-10-03 12:57:45,221 [pool-848-thread-1] INFO  server.RaftServerConfigKeys (ConfUtils.java:logGet(46)) - raft.server.log.queue.byte-limit = 4294967296 (custom)
2022-10-03 12:57:45,221 [pool-848-thread-1] INFO  server.RaftServerConfigKeys (ConfUtils.java:logGet(46)) - raft.server.log.queue.element-limit = 1024 (custom)
2022-10-03 12:57:45,222 [pool-848-thread-1] INFO  server.RaftServerConfigKeys (ConfUtils.java:logGet(46)) - raft.server.log.segment.size.max = 1048576 (custom)
2022-10-03 12:57:45,222 [pool-848-thread-1] INFO  server.RaftServerConfigKeys (ConfUtils.java:logGet(46)) - raft.server.log.preallocated.size = 16384 (custom)
2022-10-03 12:57:45,222 [pool-848-thread-1] INFO  server.RaftServerConfigKeys (ConfUtils.java:logGet(46)) - raft.server.log.force.sync.num = 128 (default)
2022-10-03 12:57:45,222 [pool-848-thread-1] INFO  server.RaftServerConfigKeys (ConfUtils.java:logGet(46)) - raft.server.log.statemachine.data.sync = true (default)
2022-10-03 12:57:45,222 [pool-848-thread-1] INFO  server.RaftServerConfigKeys (ConfUtils.java:logGet(46)) - raft.server.log.statemachine.data.sync.timeout = 10s (default)
2022-10-03 12:57:45,222 [pool-848-thread-1] INFO  server.RaftServerConfigKeys (ConfUtils.java:logGet(46)) - raft.server.log.statemachine.data.sync.timeout.retry = -1 (default)
2022-10-03 12:57:45,223 [pool-848-thread-1] INFO  server.RaftServerConfigKeys (ConfUtils.java:logGet(46)) - raft.server.log.write.buffer.size = 1048576 (custom)
2022-10-03 12:57:45,223 [pool-848-thread-1] INFO  server.RaftServerConfigKeys (ConfUtils.java:logGet(46)) - raft.server.log.unsafe-flush.enabled = false (default)
2022-10-03 12:57:45,223 [pool-848-thread-1] INFO  server.RaftServerConfigKeys (ConfUtils.java:logGet(46)) - raft.server.log.statemachine.data.caching.enabled = true (custom)
2022-10-03 12:57:45,223 [pool-848-thread-1] INFO  segmented.SegmentedRaftLogWorker (SegmentedRaftLogWorker.java:lambda$new$0(135)) - 1ecca3ae-2ad7-42d2-aa85-a2563cb61ab5@group-A935ECF88E88-SegmentedRaftLogWorker: flushIndex: setUnconditionally 0 -> -1
2022-10-03 12:57:45,223 [pool-848-thread-1] INFO  segmented.SegmentedRaftLogWorker (SegmentedRaftLogWorker.java:lambda$new$0(135)) - 1ecca3ae-2ad7-42d2-aa85-a2563cb61ab5@group-A935ECF88E88-SegmentedRaftLogWorker: safeCacheEvictIndex: setUnconditionally 0 -> -1
2022-10-03 12:57:45,253 [pool-848-thread-1] INFO  server.RaftServerConfigKeys (ConfUtils.java:logGet(46)) - raft.server.snapshot.auto.trigger.enabled = true (custom)
2022-10-03 12:57:45,254 [pool-848-thread-1] INFO  server.RaftServerConfigKeys (ConfUtils.java:logGet(46)) - raft.server.snapshot.auto.trigger.threshold = 10000 (custom)
2022-10-03 12:57:45,254 [pool-848-thread-1] INFO  server.RaftServerConfigKeys (ConfUtils.java:logGet(46)) - raft.server.snapshot.retention.file.num = 5 (custom)
2022-10-03 12:57:45,254 [pool-848-thread-1] INFO  server.RaftServerConfigKeys (ConfUtils.java:logGet(46)) - raft.server.log.purge.upto.snapshot.index = false (default)
2022-10-03 12:57:45,254 [pool-848-thread-1] INFO  server.RaftServerConfigKeys (ConfUtils.java:logGet(46)) - raft.server.retrycache.expirytime = 600000ms (custom)
2022-10-03 12:57:45,254 [pool-848-thread-1] INFO  server.RaftServerConfigKeys (ConfUtils.java:logGet(46)) - raft.server.retrycache.statistics.expirytime = 100μs (default)
2022-10-03 12:57:45,255 [pool-848-thread-1] INFO  server.RaftServerConfigKeys (ConfUtils.java:logGet(46)) - raft.server.log.appender.install.snapshot.enabled = false (custom)
2022-10-03 12:57:45,255 [pool-848-thread-1] INFO  server.RaftServerConfigKeys (ConfUtils.java:logGet(46)) - raft.server.threadpool.server.cached = true (default)
2022-10-03 12:57:45,255 [pool-848-thread-1] INFO  server.RaftServerConfigKeys (ConfUtils.java:logGet(46)) - raft.server.threadpool.server.size = 0 (default)
2022-10-03 12:57:45,255 [pool-848-thread-1] INFO  server.RaftServerConfigKeys (ConfUtils.java:logGet(46)) - raft.server.threadpool.client.cached = true (default)
2022-10-03 12:57:45,255 [pool-848-thread-1] INFO  server.RaftServerConfigKeys (ConfUtils.java:logGet(46)) - raft.server.threadpool.client.size = 0 (default)
2022-10-03 12:57:45,255 [pool-848-thread-1] INFO  server.RaftServer$Division (RaftServerImpl.java:start(310)) - 1ecca3ae-2ad7-42d2-aa85-a2563cb61ab5@group-A935ECF88E88: start as a follower, conf=-1: [1ecca3ae-2ad7-42d2-aa85-a2563cb61ab5|rpc:10.1.0.147:35369|dataStream:|priority:0, 21fe54d0-377d-43c9-af71-a01bd82d5518|rpc:10.1.0.147:40327|dataStream:|priority:1, 4cc98e97-26bc-48ed-a5cf-0536805b7522|rpc:10.1.0.147:45187|dataStream:|priority:0], old=null
2022-10-03 12:57:45,255 [pool-848-thread-1] INFO  server.RaftServer$Division (RaftServerImpl.java:setRole(299)) - 1ecca3ae-2ad7-42d2-aa85-a2563cb61ab5@group-A935ECF88E88: changes role from      null to FOLLOWER at term 0 for startAsFollower
2022-10-03 12:57:45,255 [pool-848-thread-1] INFO  impl.RoleInfo (RoleInfo.java:updateAndGet(139)) - 1ecca3ae-2ad7-42d2-aa85-a2563cb61ab5: start 1ecca3ae-2ad7-42d2-aa85-a2563cb61ab5@group-A935ECF88E88-FollowerState
2022-10-03 12:57:45,273 [pool-848-thread-1] INFO  util.JmxRegister (JmxRegister.java:tryRegister(44)) - Successfully registered JMX Bean with object name Ratis:service=RaftServer,group=group-A935ECF88E88,id=1ecca3ae-2ad7-42d2-aa85-a2563cb61ab5
2022-10-03 12:57:45,331 [grpc-default-executor-0] INFO  server.RaftServer (RaftServerProxy.java:addNew(96)) - 21fe54d0-377d-43c9-af71-a01bd82d5518: addNew group-A935ECF88E88:[1ecca3ae-2ad7-42d2-aa85-a2563cb61ab5|rpc:10.1.0.147:35369|dataStream:|priority:0, 21fe54d0-377d-43c9-af71-a01bd82d5518|rpc:10.1.0.147:40327|dataStream:|priority:1, 4cc98e97-26bc-48ed-a5cf-0536805b7522|rpc:10.1.0.147:45187|dataStream:|priority:0] returns group-A935ECF88E88:java.util.concurrent.CompletableFuture@718abbc1[Not completed]
2022-10-03 12:57:45,331 [pool-802-thread-1] INFO  server.RaftServer$Division (RaftServerImpl.java:<init>(190)) - 21fe54d0-377d-43c9-af71-a01bd82d5518: new RaftServerImpl for group-A935ECF88E88:[1ecca3ae-2ad7-42d2-aa85-a2563cb61ab5|rpc:10.1.0.147:35369|dataStream:|priority:0, 21fe54d0-377d-43c9-af71-a01bd82d5518|rpc:10.1.0.147:40327|dataStream:|priority:1, 4cc98e97-26bc-48ed-a5cf-0536805b7522|rpc:10.1.0.147:45187|dataStream:|priority:0] with ContainerStateMachine:uninitialized
2022-10-03 12:57:45,331 [pool-802-thread-1] INFO  server.RaftServerConfigKeys (ConfUtils.java:logGet(46)) - raft.server.rpc.timeout.min = 5s (custom)
2022-10-03 12:57:45,331 [pool-802-thread-1] INFO  server.RaftServerConfigKeys (ConfUtils.java:logGet(46)) - raft.server.rpc.timeout.max = 5200ms (custom)
2022-10-03 12:57:45,331 [pool-802-thread-1] INFO  server.RaftServerConfigKeys (ConfUtils.java:logGet(46)) - raft.server.rpc.sleep.time = 25ms (default)
2022-10-03 12:57:45,331 [pool-802-thread-1] INFO  server.RaftServerConfigKeys (ConfUtils.java:logGet(46)) - raft.server.rpc.slowness.timeout = 300s (custom)
2022-10-03 12:57:45,331 [pool-802-thread-1] INFO  server.RaftServerConfigKeys (ConfUtils.java:logGet(46)) - raft.server.leaderelection.leader.step-down.wait-time = 10s (default)
2022-10-03 12:57:45,331 [pool-802-thread-1] INFO  server.RaftServerConfigKeys (ConfUtils.java:logGet(46)) - raft.server.sleep.deviation.threshold = 300ms (default)
2022-10-03 12:57:45,332 [pool-802-thread-1] INFO  server.RaftServer$Division (ServerState.java:<init>(107)) - 21fe54d0-377d-43c9-af71-a01bd82d5518@group-A935ECF88E88: ConfigurationManager, init=-1: [1ecca3ae-2ad7-42d2-aa85-a2563cb61ab5|rpc:10.1.0.147:35369|dataStream:|priority:0, 21fe54d0-377d-43c9-af71-a01bd82d5518|rpc:10.1.0.147:40327|dataStream:|priority:1, 4cc98e97-26bc-48ed-a5cf-0536805b7522|rpc:10.1.0.147:45187|dataStream:|priority:0], old=null, confs=<EMPTY_MAP>
2022-10-03 12:57:45,332 [pool-802-thread-1] INFO  server.RaftServerConfigKeys (ConfUtils.java:logGet(46)) - raft.server.storage.dir = [/home/runner/work/ozone/ozone/hadoop-ozone/integration-test/target/test-dir/MiniOzoneClusterImpl-53db5b09-2415-4619-b18d-0010cdbdab93/datanode-0/data/ratis] (custom)
2022-10-03 12:57:45,332 [pool-802-thread-1] INFO  server.RaftServerConfigKeys (ConfUtils.java:logGet(46)) - raft.server.log.corruption.policy = EXCEPTION (default)
2022-10-03 12:57:45,332 [pool-802-thread-1] INFO  server.RaftServerConfigKeys (ConfUtils.java:logGet(46)) - raft.server.storage.free-space.min = 0MB (=0) (default)
2022-10-03 12:57:45,332 [pool-802-thread-1] INFO  storage.RaftStorageDirectory (RaftStorageDirectoryImpl.java:analyzeStorage(135)) - The storage directory /home/runner/work/ozone/ozone/hadoop-ozone/integration-test/target/test-dir/MiniOzoneClusterImpl-53db5b09-2415-4619-b18d-0010cdbdab93/datanode-0/data/ratis/deaddc95-011e-4230-9344-a935ecf88e88 does not exist. Creating ...
2022-10-03 12:57:45,337 [pool-802-thread-1] INFO  storage.RaftStorageDirectory (RaftStorageDirectoryImpl.java:tryLock(230)) - Lock on /home/runner/work/ozone/ozone/hadoop-ozone/integration-test/target/test-dir/MiniOzoneClusterImpl-53db5b09-2415-4619-b18d-0010cdbdab93/datanode-0/data/ratis/deaddc95-011e-4230-9344-a935ecf88e88/in_use.lock acquired by nodename 2263@fv-az443-503
2022-10-03 12:57:45,341 [pool-802-thread-1] INFO  storage.RaftStorage (RaftStorageImpl.java:format(89)) - Storage directory /home/runner/work/ozone/ozone/hadoop-ozone/integration-test/target/test-dir/MiniOzoneClusterImpl-53db5b09-2415-4619-b18d-0010cdbdab93/datanode-0/data/ratis/deaddc95-011e-4230-9344-a935ecf88e88 has been successfully formatted.
2022-10-03 12:57:45,353 [pool-802-thread-1] INFO  ratis.ContainerStateMachine (ContainerStateMachine.java:loadSnapshot(236)) - group-A935ECF88E88: The snapshot info is null. Setting the last applied indexto:(t:0, i:~)
2022-10-03 12:57:45,353 [pool-802-thread-1] INFO  server.RaftServerConfigKeys (ConfUtils.java:logGet(46)) - raft.server.notification.no-leader.timeout = 300s (custom)
2022-10-03 12:57:45,353 [pool-802-thread-1] INFO  server.RaftServerConfigKeys (ConfUtils.java:logGet(46)) - raft.server.log.use.memory = false (default)
2022-10-03 12:57:45,354 [pool-802-thread-1] INFO  server.RaftServerConfigKeys (ConfUtils.java:logGet(46)) - raft.server.log.purge.gap = 1000000 (custom)
2022-10-03 12:57:45,354 [pool-802-thread-1] INFO  server.RaftServerConfigKeys (ConfUtils.java:logGet(46)) - raft.server.log.appender.buffer.byte-limit = 33554432 (custom)
2022-10-03 12:57:45,354 [pool-802-thread-1] INFO  server.RaftServerConfigKeys (ConfUtils.java:logGet(46)) - raft.server.log.statemachine.data.read.timeout = 1000ms (default)
2022-10-03 12:57:45,354 [pool-802-thread-1] INFO  server.RaftServerConfigKeys (ConfUtils.java:logGet(46)) - raft.server.log.segment.size.max = 1048576 (custom)
2022-10-03 12:57:45,354 [pool-802-thread-1] INFO  server.RaftServerConfigKeys (ConfUtils.java:logGet(46)) - raft.server.log.segment.cache.num.max = 2 (custom)
2022-10-03 12:57:45,354 [pool-802-thread-1] INFO  server.RaftServerConfigKeys (ConfUtils.java:logGet(46)) - raft.server.log.segment.cache.size.max = 200MB (=209715200) (default)
2022-10-03 12:57:45,354 [pool-802-thread-1] INFO  segmented.SegmentedRaftLogWorker (SegmentedRaftLogWorker.java:<init>(187)) - new 21fe54d0-377d-43c9-af71-a01bd82d5518@group-A935ECF88E88-SegmentedRaftLogWorker for RaftStorageImpl:Storage Directory /home/runner/work/ozone/ozone/hadoop-ozone/integration-test/target/test-dir/MiniOzoneClusterImpl-53db5b09-2415-4619-b18d-0010cdbdab93/datanode-0/data/ratis/deaddc95-011e-4230-9344-a935ecf88e88
2022-10-03 12:57:45,354 [pool-802-thread-1] INFO  server.RaftServerConfigKeys (ConfUtils.java:logGet(46)) - raft.server.log.queue.byte-limit = 4294967296 (custom)
2022-10-03 12:57:45,354 [pool-802-thread-1] INFO  server.RaftServerConfigKeys (ConfUtils.java:logGet(46)) - raft.server.log.queue.element-limit = 1024 (custom)
2022-10-03 12:57:45,354 [pool-802-thread-1] INFO  server.RaftServerConfigKeys (ConfUtils.java:logGet(46)) - raft.server.log.segment.size.max = 1048576 (custom)
2022-10-03 12:57:45,354 [pool-802-thread-1] INFO  server.RaftServerConfigKeys (ConfUtils.java:logGet(46)) - raft.server.log.preallocated.size = 16384 (custom)
2022-10-03 12:57:45,354 [pool-802-thread-1] INFO  server.RaftServerConfigKeys (ConfUtils.java:logGet(46)) - raft.server.log.force.sync.num = 128 (default)
2022-10-03 12:57:45,354 [pool-802-thread-1] INFO  server.RaftServerConfigKeys (ConfUtils.java:logGet(46)) - raft.server.log.statemachine.data.sync = true (default)
2022-10-03 12:57:45,354 [pool-802-thread-1] INFO  server.RaftServerConfigKeys (ConfUtils.java:logGet(46)) - raft.server.log.statemachine.data.sync.timeout = 10s (default)
2022-10-03 12:57:45,354 [pool-802-thread-1] INFO  server.RaftServerConfigKeys (ConfUtils.java:logGet(46)) - raft.server.log.statemachine.data.sync.timeout.retry = -1 (default)
2022-10-03 12:57:45,355 [pool-802-thread-1] INFO  server.RaftServerConfigKeys (ConfUtils.java:logGet(46)) - raft.server.log.write.buffer.size = 1048576 (custom)
2022-10-03 12:57:45,356 [pool-802-thread-1] INFO  server.RaftServerConfigKeys (ConfUtils.java:logGet(46)) - raft.server.log.unsafe-flush.enabled = false (default)
2022-10-03 12:57:45,356 [pool-802-thread-1] INFO  server.RaftServerConfigKeys (ConfUtils.java:logGet(46)) - raft.server.log.statemachine.data.caching.enabled = true (custom)
2022-10-03 12:57:45,356 [pool-802-thread-1] INFO  segmented.SegmentedRaftLogWorker (SegmentedRaftLogWorker.java:lambda$new$0(135)) - 21fe54d0-377d-43c9-af71-a01bd82d5518@group-A935ECF88E88-SegmentedRaftLogWorker: flushIndex: setUnconditionally 0 -> -1
2022-10-03 12:57:45,356 [pool-802-thread-1] INFO  segmented.SegmentedRaftLogWorker (SegmentedRaftLogWorker.java:lambda$new$0(135)) - 21fe54d0-377d-43c9-af71-a01bd82d5518@group-A935ECF88E88-SegmentedRaftLogWorker: safeCacheEvictIndex: setUnconditionally 0 -> -1
2022-10-03 12:57:45,356 [EventQueue-OpenPipelineForHealthyPipelineSafeModeRule] INFO  safemode.SCMSafeModeManager (HealthyPipelineSafeModeRule.java:process(137)) - SCM in safe mode. Healthy pipelines reported count is 0, required healthy pipeline reported count is 1
2022-10-03 12:57:45,413 [pool-802-thread-1] INFO  server.RaftServerConfigKeys (ConfUtils.java:logGet(46)) - raft.server.snapshot.auto.trigger.enabled = true (custom)
2022-10-03 12:57:45,413 [pool-802-thread-1] INFO  server.RaftServerConfigKeys (ConfUtils.java:logGet(46)) - raft.server.snapshot.auto.trigger.threshold = 10000 (custom)
2022-10-03 12:57:45,413 [pool-802-thread-1] INFO  server.RaftServerConfigKeys (ConfUtils.java:logGet(46)) - raft.server.snapshot.retention.file.num = 5 (custom)
2022-10-03 12:57:45,413 [pool-802-thread-1] INFO  server.RaftServerConfigKeys (ConfUtils.java:logGet(46)) - raft.server.log.purge.upto.snapshot.index = false (default)
2022-10-03 12:57:45,413 [pool-802-thread-1] INFO  server.RaftServerConfigKeys (ConfUtils.java:logGet(46)) - raft.server.retrycache.expirytime = 600000ms (custom)
2022-10-03 12:57:45,413 [pool-802-thread-1] INFO  server.RaftServerConfigKeys (ConfUtils.java:logGet(46)) - raft.server.retrycache.statistics.expirytime = 100μs (default)
2022-10-03 12:57:45,415 [pool-802-thread-1] INFO  server.RaftServerConfigKeys (ConfUtils.java:logGet(46)) - raft.server.log.appender.install.snapshot.enabled = false (custom)
2022-10-03 12:57:45,415 [pool-802-thread-1] INFO  server.RaftServerConfigKeys (ConfUtils.java:logGet(46)) - raft.server.threadpool.server.cached = true (default)
2022-10-03 12:57:45,415 [pool-802-thread-1] INFO  server.RaftServerConfigKeys (ConfUtils.java:logGet(46)) - raft.server.threadpool.server.size = 0 (default)
2022-10-03 12:57:45,415 [pool-802-thread-1] INFO  server.RaftServerConfigKeys (ConfUtils.java:logGet(46)) - raft.server.threadpool.client.cached = true (default)
2022-10-03 12:57:45,415 [pool-802-thread-1] INFO  server.RaftServerConfigKeys (ConfUtils.java:logGet(46)) - raft.server.threadpool.client.size = 0 (default)
2022-10-03 12:57:45,415 [pool-802-thread-1] INFO  server.RaftServer$Division (RaftServerImpl.java:start(310)) - 21fe54d0-377d-43c9-af71-a01bd82d5518@group-A935ECF88E88: start as a follower, conf=-1: [1ecca3ae-2ad7-42d2-aa85-a2563cb61ab5|rpc:10.1.0.147:35369|dataStream:|priority:0, 21fe54d0-377d-43c9-af71-a01bd82d5518|rpc:10.1.0.147:40327|dataStream:|priority:1, 4cc98e97-26bc-48ed-a5cf-0536805b7522|rpc:10.1.0.147:45187|dataStream:|priority:0], old=null
2022-10-03 12:57:45,415 [pool-802-thread-1] INFO  server.RaftServer$Division (RaftServerImpl.java:setRole(299)) - 21fe54d0-377d-43c9-af71-a01bd82d5518@group-A935ECF88E88: changes role from      null to FOLLOWER at term 0 for startAsFollower
2022-10-03 12:57:45,415 [pool-802-thread-1] INFO  impl.RoleInfo (RoleInfo.java:updateAndGet(139)) - 21fe54d0-377d-43c9-af71-a01bd82d5518: start 21fe54d0-377d-43c9-af71-a01bd82d5518@group-A935ECF88E88-FollowerState
2022-10-03 12:57:45,420 [pool-802-thread-1] INFO  util.JmxRegister (JmxRegister.java:tryRegister(44)) - Successfully registered JMX Bean with object name Ratis:service=RaftServer,group=group-A935ECF88E88,id=21fe54d0-377d-43c9-af71-a01bd82d5518
2022-10-03 12:57:45,468 [Command processor thread] INFO  server.RaftServer (RaftServerProxy.java:addNew(96)) - 21fe54d0-377d-43c9-af71-a01bd82d5518: addNew group-E04EDCCF1085:[1ecca3ae-2ad7-42d2-aa85-a2563cb61ab5|rpc:10.1.0.147:35369|priority:1, 21fe54d0-377d-43c9-af71-a01bd82d5518|rpc:10.1.0.147:40327|priority:0, 4cc98e97-26bc-48ed-a5cf-0536805b7522|rpc:10.1.0.147:45187|priority:0] returns group-E04EDCCF1085:java.util.concurrent.CompletableFuture@26fa5855[Not completed]
2022-10-03 12:57:45,469 [pool-802-thread-1] INFO  server.RaftServer$Division (RaftServerImpl.java:<init>(190)) - 21fe54d0-377d-43c9-af71-a01bd82d5518: new RaftServerImpl for group-E04EDCCF1085:[1ecca3ae-2ad7-42d2-aa85-a2563cb61ab5|rpc:10.1.0.147:35369|priority:1, 21fe54d0-377d-43c9-af71-a01bd82d5518|rpc:10.1.0.147:40327|priority:0, 4cc98e97-26bc-48ed-a5cf-0536805b7522|rpc:10.1.0.147:45187|priority:0] with ContainerStateMachine:uninitialized
2022-10-03 12:57:45,493 [Command processor thread] INFO  commandhandler.CreatePipelineCommandHandler (CreatePipelineCommandHandler.java:handle(113)) - Created Pipeline RATIS THREE PipelineID=deaddc95-011e-4230-9344-a935ecf88e88.
2022-10-03 12:57:45,513 [pool-802-thread-1] INFO  server.RaftServerConfigKeys (ConfUtils.java:logGet(46)) - raft.server.rpc.timeout.min = 5s (custom)
2022-10-03 12:57:45,513 [pool-802-thread-1] INFO  server.RaftServerConfigKeys (ConfUtils.java:logGet(46)) - raft.server.rpc.timeout.max = 5200ms (custom)
2022-10-03 12:57:45,513 [pool-802-thread-1] INFO  server.RaftServerConfigKeys (ConfUtils.java:logGet(46)) - raft.server.rpc.sleep.time = 25ms (default)
2022-10-03 12:57:45,513 [pool-802-thread-1] INFO  server.RaftServerConfigKeys (ConfUtils.java:logGet(46)) - raft.server.rpc.slowness.timeout = 300s (custom)
2022-10-03 12:57:45,513 [pool-802-thread-1] INFO  server.RaftServerConfigKeys (ConfUtils.java:logGet(46)) - raft.server.leaderelection.leader.step-down.wait-time = 10s (default)
2022-10-03 12:57:45,513 [pool-802-thread-1] INFO  server.RaftServerConfigKeys (ConfUtils.java:logGet(46)) - raft.server.sleep.deviation.threshold = 300ms (default)
2022-10-03 12:57:45,513 [Command processor thread] INFO  server.RaftServer (RaftServerProxy.java:addNew(96)) - 4cc98e97-26bc-48ed-a5cf-0536805b7522: addNew group-E04EDCCF1085:[1ecca3ae-2ad7-42d2-aa85-a2563cb61ab5|rpc:10.1.0.147:35369|priority:1, 21fe54d0-377d-43c9-af71-a01bd82d5518|rpc:10.1.0.147:40327|priority:0, 4cc98e97-26bc-48ed-a5cf-0536805b7522|rpc:10.1.0.147:45187|priority:0] returns group-E04EDCCF1085:java.util.concurrent.CompletableFuture@5818f30c[Not completed]
2022-10-03 12:57:45,513 [pool-802-thread-1] INFO  server.RaftServer$Division (ServerState.java:<init>(107)) - 21fe54d0-377d-43c9-af71-a01bd82d5518@group-E04EDCCF1085: ConfigurationManager, init=-1: [1ecca3ae-2ad7-42d2-aa85-a2563cb61ab5|rpc:10.1.0.147:35369|priority:1, 21fe54d0-377d-43c9-af71-a01bd82d5518|rpc:10.1.0.147:40327|priority:0, 4cc98e97-26bc-48ed-a5cf-0536805b7522|rpc:10.1.0.147:45187|priority:0], old=null, confs=<EMPTY_MAP>
2022-10-03 12:57:45,513 [pool-802-thread-1] INFO  server.RaftServerConfigKeys (ConfUtils.java:logGet(46)) - raft.server.storage.dir = [/home/runner/work/ozone/ozone/hadoop-ozone/integration-test/target/test-dir/MiniOzoneClusterImpl-53db5b09-2415-4619-b18d-0010cdbdab93/datanode-0/data/ratis] (custom)
2022-10-03 12:57:45,514 [pool-802-thread-1] INFO  server.RaftServerConfigKeys (ConfUtils.java:logGet(46)) - raft.server.log.corruption.policy = EXCEPTION (default)
2022-10-03 12:57:45,514 [pool-802-thread-1] INFO  server.RaftServerConfigKeys (ConfUtils.java:logGet(46)) - raft.server.storage.free-space.min = 0MB (=0) (default)
2022-10-03 12:57:45,514 [pool-802-thread-1] INFO  storage.RaftStorageDirectory (RaftStorageDirectoryImpl.java:analyzeStorage(135)) - The storage directory /home/runner/work/ozone/ozone/hadoop-ozone/integration-test/target/test-dir/MiniOzoneClusterImpl-53db5b09-2415-4619-b18d-0010cdbdab93/datanode-0/data/ratis/3b2263ea-04b5-470c-9ddc-e04edccf1085 does not exist. Creating ...
2022-10-03 12:57:45,515 [pool-825-thread-1] INFO  server.RaftServer$Division (RaftServerImpl.java:<init>(190)) - 4cc98e97-26bc-48ed-a5cf-0536805b7522: new RaftServerImpl for group-E04EDCCF1085:[1ecca3ae-2ad7-42d2-aa85-a2563cb61ab5|rpc:10.1.0.147:35369|priority:1, 21fe54d0-377d-43c9-af71-a01bd82d5518|rpc:10.1.0.147:40327|priority:0, 4cc98e97-26bc-48ed-a5cf-0536805b7522|rpc:10.1.0.147:45187|priority:0] with ContainerStateMachine:uninitialized
2022-10-03 12:57:45,515 [pool-825-thread-1] INFO  server.RaftServerConfigKeys (ConfUtils.java:logGet(46)) - raft.server.rpc.timeout.min = 5s (custom)
2022-10-03 12:57:45,515 [pool-825-thread-1] INFO  server.RaftServerConfigKeys (ConfUtils.java:logGet(46)) - raft.server.rpc.timeout.max = 5200ms (custom)
2022-10-03 12:57:45,515 [pool-825-thread-1] INFO  server.RaftServerConfigKeys (ConfUtils.java:logGet(46)) - raft.server.rpc.sleep.time = 25ms (default)
2022-10-03 12:57:45,515 [pool-825-thread-1] INFO  server.RaftServerConfigKeys (ConfUtils.java:logGet(46)) - raft.server.rpc.slowness.timeout = 300s (custom)
2022-10-03 12:57:45,515 [pool-825-thread-1] INFO  server.RaftServerConfigKeys (ConfUtils.java:logGet(46)) - raft.server.leaderelection.leader.step-down.wait-time = 10s (default)
2022-10-03 12:57:45,515 [pool-825-thread-1] INFO  server.RaftServerConfigKeys (ConfUtils.java:logGet(46)) - raft.server.sleep.deviation.threshold = 300ms (default)
2022-10-03 12:57:45,515 [pool-825-thread-1] INFO  server.RaftServer$Division (ServerState.java:<init>(107)) - 4cc98e97-26bc-48ed-a5cf-0536805b7522@group-E04EDCCF1085: ConfigurationManager, init=-1: [1ecca3ae-2ad7-42d2-aa85-a2563cb61ab5|rpc:10.1.0.147:35369|priority:1, 21fe54d0-377d-43c9-af71-a01bd82d5518|rpc:10.1.0.147:40327|priority:0, 4cc98e97-26bc-48ed-a5cf-0536805b7522|rpc:10.1.0.147:45187|priority:0], old=null, confs=<EMPTY_MAP>
2022-10-03 12:57:45,515 [pool-825-thread-1] INFO  server.RaftServerConfigKeys (ConfUtils.java:logGet(46)) - raft.server.storage.dir = [/home/runner/work/ozone/ozone/hadoop-ozone/integration-test/target/test-dir/MiniOzoneClusterImpl-53db5b09-2415-4619-b18d-0010cdbdab93/datanode-1/data/ratis] (custom)
2022-10-03 12:57:45,515 [pool-825-thread-1] INFO  server.RaftServerConfigKeys (ConfUtils.java:logGet(46)) - raft.server.log.corruption.policy = EXCEPTION (default)
2022-10-03 12:57:45,515 [pool-825-thread-1] INFO  server.RaftServerConfigKeys (ConfUtils.java:logGet(46)) - raft.server.storage.free-space.min = 0MB (=0) (default)
2022-10-03 12:57:45,515 [pool-802-thread-1] INFO  storage.RaftStorageDirectory (RaftStorageDirectoryImpl.java:tryLock(230)) - Lock on /home/runner/work/ozone/ozone/hadoop-ozone/integration-test/target/test-dir/MiniOzoneClusterImpl-53db5b09-2415-4619-b18d-0010cdbdab93/datanode-0/data/ratis/3b2263ea-04b5-470c-9ddc-e04edccf1085/in_use.lock acquired by nodename 2263@fv-az443-503
2022-10-03 12:57:45,516 [pool-802-thread-1] INFO  storage.RaftStorage (RaftStorageImpl.java:format(89)) - Storage directory /home/runner/work/ozone/ozone/hadoop-ozone/integration-test/target/test-dir/MiniOzoneClusterImpl-53db5b09-2415-4619-b18d-0010cdbdab93/datanode-0/data/ratis/3b2263ea-04b5-470c-9ddc-e04edccf1085 has been successfully formatted.
2022-10-03 12:57:45,516 [pool-802-thread-1] INFO  ratis.ContainerStateMachine (ContainerStateMachine.java:loadSnapshot(236)) - group-E04EDCCF1085: The snapshot info is null. Setting the last applied indexto:(t:0, i:~)
2022-10-03 12:57:45,517 [pool-802-thread-1] INFO  server.RaftServerConfigKeys (ConfUtils.java:logGet(46)) - raft.server.notification.no-leader.timeout = 300s (custom)
2022-10-03 12:57:45,517 [pool-802-thread-1] INFO  server.RaftServerConfigKeys (ConfUtils.java:logGet(46)) - raft.server.log.use.memory = false (default)
2022-10-03 12:57:45,517 [pool-802-thread-1] INFO  server.RaftServerConfigKeys (ConfUtils.java:logGet(46)) - raft.server.log.purge.gap = 1000000 (custom)
2022-10-03 12:57:45,517 [pool-802-thread-1] INFO  server.RaftServerConfigKeys (ConfUtils.java:logGet(46)) - raft.server.log.appender.buffer.byte-limit = 33554432 (custom)
2022-10-03 12:57:45,517 [pool-802-thread-1] INFO  server.RaftServerConfigKeys (ConfUtils.java:logGet(46)) - raft.server.log.statemachine.data.read.timeout = 1000ms (default)
2022-10-03 12:57:45,517 [pool-802-thread-1] INFO  server.RaftServerConfigKeys (ConfUtils.java:logGet(46)) - raft.server.log.segment.size.max = 1048576 (custom)
2022-10-03 12:57:45,517 [Listener at 127.0.0.1/41529] INFO  ozone.MiniOzoneClusterImpl (MiniOzoneClusterImpl.java:lambda$waitForClusterToBeReady$0(216)) - Nodes are ready. Got 3 of 3 DN Heartbeats.
2022-10-03 12:57:45,518 [Listener at 127.0.0.1/41529] INFO  ozone.MiniOzoneClusterImpl (MiniOzoneClusterImpl.java:lambda$waitForClusterToBeReady$0(219)) - Waiting for cluster to exit safe mode
2022-10-03 12:57:45,518 [Listener at 127.0.0.1/41529] INFO  ozone.MiniOzoneClusterImpl (MiniOzoneClusterImpl.java:lambda$waitForClusterToBeReady$0(221)) - SCM became leader
2022-10-03 12:57:45,518 [EventQueue-OpenPipelineForHealthyPipelineSafeModeRule] INFO  safemode.SCMSafeModeManager (HealthyPipelineSafeModeRule.java:process(137)) - SCM in safe mode. Healthy pipelines reported count is 0, required healthy pipeline reported count is 1
2022-10-03 12:57:45,518 [pool-802-thread-1] INFO  server.RaftServerConfigKeys (ConfUtils.java:logGet(46)) - raft.server.log.segment.cache.num.max = 2 (custom)
2022-10-03 12:57:45,518 [pool-802-thread-1] INFO  server.RaftServerConfigKeys (ConfUtils.java:logGet(46)) - raft.server.log.segment.cache.size.max = 200MB (=209715200) (default)
2022-10-03 12:57:45,518 [pool-802-thread-1] INFO  segmented.SegmentedRaftLogWorker (SegmentedRaftLogWorker.java:<init>(187)) - new 21fe54d0-377d-43c9-af71-a01bd82d5518@group-E04EDCCF1085-SegmentedRaftLogWorker for RaftStorageImpl:Storage Directory /home/runner/work/ozone/ozone/hadoop-ozone/integration-test/target/test-dir/MiniOzoneClusterImpl-53db5b09-2415-4619-b18d-0010cdbdab93/datanode-0/data/ratis/3b2263ea-04b5-470c-9ddc-e04edccf1085
2022-10-03 12:57:45,518 [pool-802-thread-1] INFO  server.RaftServerConfigKeys (ConfUtils.java:logGet(46)) - raft.server.log.queue.byte-limit = 4294967296 (custom)
2022-10-03 12:57:45,518 [pool-802-thread-1] INFO  server.RaftServerConfigKeys (ConfUtils.java:logGet(46)) - raft.server.log.queue.element-limit = 1024 (custom)
2022-10-03 12:57:45,518 [pool-802-thread-1] INFO  server.RaftServerConfigKeys (ConfUtils.java:logGet(46)) - raft.server.log.segment.size.max = 1048576 (custom)
2022-10-03 12:57:45,518 [pool-802-thread-1] INFO  server.RaftServerConfigKeys (ConfUtils.java:logGet(46)) - raft.server.log.preallocated.size = 16384 (custom)
2022-10-03 12:57:45,518 [pool-802-thread-1] INFO  server.RaftServerConfigKeys (ConfUtils.java:logGet(46)) - raft.server.log.force.sync.num = 128 (default)
2022-10-03 12:57:45,518 [pool-802-thread-1] INFO  server.RaftServerConfigKeys (ConfUtils.java:logGet(46)) - raft.server.log.statemachine.data.sync = true (default)
2022-10-03 12:57:45,519 [pool-802-thread-1] INFO  server.RaftServerConfigKeys (ConfUtils.java:logGet(46)) - raft.server.log.statemachine.data.sync.timeout = 10s (default)
2022-10-03 12:57:45,519 [pool-802-thread-1] INFO  server.RaftServerConfigKeys (ConfUtils.java:logGet(46)) - raft.server.log.statemachine.data.sync.timeout.retry = -1 (default)
2022-10-03 12:57:45,519 [pool-802-thread-1] INFO  server.RaftServerConfigKeys (ConfUtils.java:logGet(46)) - raft.server.log.write.buffer.size = 1048576 (custom)
2022-10-03 12:57:45,520 [pool-802-thread-1] INFO  server.RaftServerConfigKeys (ConfUtils.java:logGet(46)) - raft.server.log.unsafe-flush.enabled = false (default)
2022-10-03 12:57:45,520 [pool-802-thread-1] INFO  server.RaftServerConfigKeys (ConfUtils.java:logGet(46)) - raft.server.log.statemachine.data.caching.enabled = true (custom)
2022-10-03 12:57:45,520 [pool-802-thread-1] INFO  segmented.SegmentedRaftLogWorker (SegmentedRaftLogWorker.java:lambda$new$0(135)) - 21fe54d0-377d-43c9-af71-a01bd82d5518@group-E04EDCCF1085-SegmentedRaftLogWorker: flushIndex: setUnconditionally 0 -> -1
2022-10-03 12:57:45,520 [pool-802-thread-1] INFO  segmented.SegmentedRaftLogWorker (SegmentedRaftLogWorker.java:lambda$new$0(135)) - 21fe54d0-377d-43c9-af71-a01bd82d5518@group-E04EDCCF1085-SegmentedRaftLogWorker: safeCacheEvictIndex: setUnconditionally 0 -> -1
2022-10-03 12:57:45,533 [pool-802-thread-1] INFO  server.RaftServerConfigKeys (ConfUtils.java:logGet(46)) - raft.server.snapshot.auto.trigger.enabled = true (custom)
2022-10-03 12:57:45,533 [pool-802-thread-1] INFO  server.RaftServerConfigKeys (ConfUtils.java:logGet(46)) - raft.server.snapshot.auto.trigger.threshold = 10000 (custom)
2022-10-03 12:57:45,533 [pool-802-thread-1] INFO  server.RaftServerConfigKeys (ConfUtils.java:logGet(46)) - raft.server.snapshot.retention.file.num = 5 (custom)
2022-10-03 12:57:45,533 [pool-802-thread-1] INFO  server.RaftServerConfigKeys (ConfUtils.java:logGet(46)) - raft.server.log.purge.upto.snapshot.index = false (default)
2022-10-03 12:57:45,533 [pool-802-thread-1] INFO  server.RaftServerConfigKeys (ConfUtils.java:logGet(46)) - raft.server.retrycache.expirytime = 600000ms (custom)
2022-10-03 12:57:45,533 [pool-802-thread-1] INFO  server.RaftServerConfigKeys (ConfUtils.java:logGet(46)) - raft.server.retrycache.statistics.expirytime = 100μs (default)
2022-10-03 12:57:45,535 [pool-802-thread-1] INFO  server.RaftServerConfigKeys (ConfUtils.java:logGet(46)) - raft.server.log.appender.install.snapshot.enabled = false (custom)
2022-10-03 12:57:45,535 [pool-802-thread-1] INFO  server.RaftServerConfigKeys (ConfUtils.java:logGet(46)) - raft.server.threadpool.server.cached = true (default)
2022-10-03 12:57:45,535 [pool-802-thread-1] INFO  server.RaftServerConfigKeys (ConfUtils.java:logGet(46)) - raft.server.threadpool.server.size = 0 (default)
2022-10-03 12:57:45,535 [pool-802-thread-1] INFO  server.RaftServerConfigKeys (ConfUtils.java:logGet(46)) - raft.server.threadpool.client.cached = true (default)
2022-10-03 12:57:45,535 [pool-802-thread-1] INFO  server.RaftServerConfigKeys (ConfUtils.java:logGet(46)) - raft.server.threadpool.client.size = 0 (default)
2022-10-03 12:57:45,535 [pool-802-thread-1] INFO  server.RaftServer$Division (RaftServerImpl.java:start(310)) - 21fe54d0-377d-43c9-af71-a01bd82d5518@group-E04EDCCF1085: start as a follower, conf=-1: [1ecca3ae-2ad7-42d2-aa85-a2563cb61ab5|rpc:10.1.0.147:35369|priority:1, 21fe54d0-377d-43c9-af71-a01bd82d5518|rpc:10.1.0.147:40327|priority:0, 4cc98e97-26bc-48ed-a5cf-0536805b7522|rpc:10.1.0.147:45187|priority:0], old=null
2022-10-03 12:57:45,535 [pool-802-thread-1] INFO  server.RaftServer$Division (RaftServerImpl.java:setRole(299)) - 21fe54d0-377d-43c9-af71-a01bd82d5518@group-E04EDCCF1085: changes role from      null to FOLLOWER at term 0 for startAsFollower
2022-10-03 12:57:45,535 [pool-802-thread-1] INFO  impl.RoleInfo (RoleInfo.java:updateAndGet(139)) - 21fe54d0-377d-43c9-af71-a01bd82d5518: start 21fe54d0-377d-43c9-af71-a01bd82d5518@group-E04EDCCF1085-FollowerState
2022-10-03 12:57:45,553 [pool-825-thread-1] INFO  storage.RaftStorageDirectory (RaftStorageDirectoryImpl.java:analyzeStorage(135)) - The storage directory /home/runner/work/ozone/ozone/hadoop-ozone/integration-test/target/test-dir/MiniOzoneClusterImpl-53db5b09-2415-4619-b18d-0010cdbdab93/datanode-1/data/ratis/3b2263ea-04b5-470c-9ddc-e04edccf1085 does not exist. Creating ...
2022-10-03 12:57:45,554 [pool-825-thread-1] INFO  storage.RaftStorageDirectory (RaftStorageDirectoryImpl.java:tryLock(230)) - Lock on /home/runner/work/ozone/ozone/hadoop-ozone/integration-test/target/test-dir/MiniOzoneClusterImpl-53db5b09-2415-4619-b18d-0010cdbdab93/datanode-1/data/ratis/3b2263ea-04b5-470c-9ddc-e04edccf1085/in_use.lock acquired by nodename 2263@fv-az443-503
2022-10-03 12:57:45,557 [pool-802-thread-1] INFO  util.JmxRegister (JmxRegister.java:tryRegister(44)) - Successfully registered JMX Bean with object name Ratis:service=RaftServer,group=group-E04EDCCF1085,id=21fe54d0-377d-43c9-af71-a01bd82d5518
2022-10-03 12:57:45,557 [pool-825-thread-1] INFO  storage.RaftStorage (RaftStorageImpl.java:format(89)) - Storage directory /home/runner/work/ozone/ozone/hadoop-ozone/integration-test/target/test-dir/MiniOzoneClusterImpl-53db5b09-2415-4619-b18d-0010cdbdab93/datanode-1/data/ratis/3b2263ea-04b5-470c-9ddc-e04edccf1085 has been successfully formatted.
2022-10-03 12:57:45,557 [pool-825-thread-1] INFO  ratis.ContainerStateMachine (ContainerStateMachine.java:loadSnapshot(236)) - group-E04EDCCF1085: The snapshot info is null. Setting the last applied indexto:(t:0, i:~)
2022-10-03 12:57:45,558 [pool-825-thread-1] INFO  server.RaftServerConfigKeys (ConfUtils.java:logGet(46)) - raft.server.notification.no-leader.timeout = 300s (custom)
2022-10-03 12:57:45,558 [pool-825-thread-1] INFO  server.RaftServerConfigKeys (ConfUtils.java:logGet(46)) - raft.server.log.use.memory = false (default)
2022-10-03 12:57:45,558 [pool-825-thread-1] INFO  server.RaftServerConfigKeys (ConfUtils.java:logGet(46)) - raft.server.log.purge.gap = 1000000 (custom)
2022-10-03 12:57:45,558 [pool-825-thread-1] INFO  server.RaftServerConfigKeys (ConfUtils.java:logGet(46)) - raft.server.log.appender.buffer.byte-limit = 33554432 (custom)
2022-10-03 12:57:45,558 [pool-825-thread-1] INFO  server.RaftServerConfigKeys (ConfUtils.java:logGet(46)) - raft.server.log.statemachine.data.read.timeout = 1000ms (default)
2022-10-03 12:57:45,558 [pool-825-thread-1] INFO  server.RaftServerConfigKeys (ConfUtils.java:logGet(46)) - raft.server.log.segment.size.max = 1048576 (custom)
2022-10-03 12:57:45,558 [pool-825-thread-1] INFO  server.RaftServerConfigKeys (ConfUtils.java:logGet(46)) - raft.server.log.segment.cache.num.max = 2 (custom)
2022-10-03 12:57:45,558 [pool-825-thread-1] INFO  server.RaftServerConfigKeys (ConfUtils.java:logGet(46)) - raft.server.log.segment.cache.size.max = 200MB (=209715200) (default)
2022-10-03 12:57:45,558 [pool-825-thread-1] INFO  segmented.SegmentedRaftLogWorker (SegmentedRaftLogWorker.java:<init>(187)) - new 4cc98e97-26bc-48ed-a5cf-0536805b7522@group-E04EDCCF1085-SegmentedRaftLogWorker for RaftStorageImpl:Storage Directory /home/runner/work/ozone/ozone/hadoop-ozone/integration-test/target/test-dir/MiniOzoneClusterImpl-53db5b09-2415-4619-b18d-0010cdbdab93/datanode-1/data/ratis/3b2263ea-04b5-470c-9ddc-e04edccf1085
2022-10-03 12:57:45,558 [pool-825-thread-1] INFO  server.RaftServerConfigKeys (ConfUtils.java:logGet(46)) - raft.server.log.queue.byte-limit = 4294967296 (custom)
2022-10-03 12:57:45,558 [pool-825-thread-1] INFO  server.RaftServerConfigKeys (ConfUtils.java:logGet(46)) - raft.server.log.queue.element-limit = 1024 (custom)
2022-10-03 12:57:45,558 [pool-825-thread-1] INFO  server.RaftServerConfigKeys (ConfUtils.java:logGet(46)) - raft.server.log.segment.size.max = 1048576 (custom)
2022-10-03 12:57:45,558 [pool-825-thread-1] INFO  server.RaftServerConfigKeys (ConfUtils.java:logGet(46)) - raft.server.log.preallocated.size = 16384 (custom)
2022-10-03 12:57:45,559 [pool-825-thread-1] INFO  server.RaftServerConfigKeys (ConfUtils.java:logGet(46)) - raft.server.log.force.sync.num = 128 (default)
2022-10-03 12:57:45,559 [pool-825-thread-1] INFO  server.RaftServerConfigKeys (ConfUtils.java:logGet(46)) - raft.server.log.statemachine.data.sync = true (default)
2022-10-03 12:57:45,559 [pool-825-thread-1] INFO  server.RaftServerConfigKeys (ConfUtils.java:logGet(46)) - raft.server.log.statemachine.data.sync.timeout = 10s (default)
2022-10-03 12:57:45,559 [pool-825-thread-1] INFO  server.RaftServerConfigKeys (ConfUtils.java:logGet(46)) - raft.server.log.statemachine.data.sync.timeout.retry = -1 (default)
2022-10-03 12:57:45,560 [pool-825-thread-1] INFO  server.RaftServerConfigKeys (ConfUtils.java:logGet(46)) - raft.server.log.write.buffer.size = 1048576 (custom)
2022-10-03 12:57:45,560 [pool-825-thread-1] INFO  server.RaftServerConfigKeys (ConfUtils.java:logGet(46)) - raft.server.log.unsafe-flush.enabled = false (default)
2022-10-03 12:57:45,560 [pool-825-thread-1] INFO  server.RaftServerConfigKeys (ConfUtils.java:logGet(46)) - raft.server.log.statemachine.data.caching.enabled = true (custom)
2022-10-03 12:57:45,560 [pool-825-thread-1] INFO  segmented.SegmentedRaftLogWorker (SegmentedRaftLogWorker.java:lambda$new$0(135)) - 4cc98e97-26bc-48ed-a5cf-0536805b7522@group-E04EDCCF1085-SegmentedRaftLogWorker: flushIndex: setUnconditionally 0 -> -1
2022-10-03 12:57:45,560 [pool-825-thread-1] INFO  segmented.SegmentedRaftLogWorker (SegmentedRaftLogWorker.java:lambda$new$0(135)) - 4cc98e97-26bc-48ed-a5cf-0536805b7522@group-E04EDCCF1085-SegmentedRaftLogWorker: safeCacheEvictIndex: setUnconditionally 0 -> -1
2022-10-03 12:57:45,562 [EventQueue-OpenPipelineForHealthyPipelineSafeModeRule] INFO  safemode.SCMSafeModeManager (HealthyPipelineSafeModeRule.java:process(137)) - SCM in safe mode. Healthy pipelines reported count is 0, required healthy pipeline reported count is 1
2022-10-03 12:57:45,593 [pool-825-thread-1] INFO  server.RaftServerConfigKeys (ConfUtils.java:logGet(46)) - raft.server.snapshot.auto.trigger.enabled = true (custom)
2022-10-03 12:57:45,593 [pool-825-thread-1] INFO  server.RaftServerConfigKeys (ConfUtils.java:logGet(46)) - raft.server.snapshot.auto.trigger.threshold = 10000 (custom)
2022-10-03 12:57:45,593 [pool-825-thread-1] INFO  server.RaftServerConfigKeys (ConfUtils.java:logGet(46)) - raft.server.snapshot.retention.file.num = 5 (custom)
2022-10-03 12:57:45,593 [pool-825-thread-1] INFO  server.RaftServerConfigKeys (ConfUtils.java:logGet(46)) - raft.server.log.purge.upto.snapshot.index = false (default)
2022-10-03 12:57:45,593 [pool-825-thread-1] INFO  server.RaftServerConfigKeys (ConfUtils.java:logGet(46)) - raft.server.retrycache.expirytime = 600000ms (custom)
2022-10-03 12:57:45,593 [pool-825-thread-1] INFO  server.RaftServerConfigKeys (ConfUtils.java:logGet(46)) - raft.server.retrycache.statistics.expirytime = 100μs (default)
2022-10-03 12:57:45,595 [pool-825-thread-1] INFO  server.RaftServerConfigKeys (ConfUtils.java:logGet(46)) - raft.server.log.appender.install.snapshot.enabled = false (custom)
2022-10-03 12:57:45,595 [pool-825-thread-1] INFO  server.RaftServerConfigKeys (ConfUtils.java:logGet(46)) - raft.server.threadpool.server.cached = true (default)
2022-10-03 12:57:45,595 [pool-825-thread-1] INFO  server.RaftServerConfigKeys (ConfUtils.java:logGet(46)) - raft.server.threadpool.server.size = 0 (default)
2022-10-03 12:57:45,595 [pool-825-thread-1] INFO  server.RaftServerConfigKeys (ConfUtils.java:logGet(46)) - raft.server.threadpool.client.cached = true (default)
2022-10-03 12:57:45,595 [pool-825-thread-1] INFO  server.RaftServerConfigKeys (ConfUtils.java:logGet(46)) - raft.server.threadpool.client.size = 0 (default)
2022-10-03 12:57:45,595 [pool-825-thread-1] INFO  server.RaftServer$Division (RaftServerImpl.java:start(310)) - 4cc98e97-26bc-48ed-a5cf-0536805b7522@group-E04EDCCF1085: start as a follower, conf=-1: [1ecca3ae-2ad7-42d2-aa85-a2563cb61ab5|rpc:10.1.0.147:35369|priority:1, 21fe54d0-377d-43c9-af71-a01bd82d5518|rpc:10.1.0.147:40327|priority:0, 4cc98e97-26bc-48ed-a5cf-0536805b7522|rpc:10.1.0.147:45187|priority:0], old=null
2022-10-03 12:57:45,595 [pool-825-thread-1] INFO  server.RaftServer$Division (RaftServerImpl.java:setRole(299)) - 4cc98e97-26bc-48ed-a5cf-0536805b7522@group-E04EDCCF1085: changes role from      null to FOLLOWER at term 0 for startAsFollower
2022-10-03 12:57:45,595 [pool-825-thread-1] INFO  impl.RoleInfo (RoleInfo.java:updateAndGet(139)) - 4cc98e97-26bc-48ed-a5cf-0536805b7522: start 4cc98e97-26bc-48ed-a5cf-0536805b7522@group-E04EDCCF1085-FollowerState
2022-10-03 12:57:45,609 [pool-825-thread-1] INFO  util.JmxRegister (JmxRegister.java:tryRegister(44)) - Successfully registered JMX Bean with object name Ratis:service=RaftServer,group=group-E04EDCCF1085,id=4cc98e97-26bc-48ed-a5cf-0536805b7522
2022-10-03 12:57:45,620 [Command processor thread] INFO  ratis.XceiverServerRatis (XceiverServerRatis.java:addGroup(765)) - Created group PipelineID=3b2263ea-04b5-470c-9ddc-e04edccf1085
2022-10-03 12:57:45,620 [Command processor thread] INFO  ratis.XceiverServerRatis (XceiverServerRatis.java:addGroup(765)) - Created group PipelineID=3b2263ea-04b5-470c-9ddc-e04edccf1085
2022-10-03 12:57:45,679 [grpc-default-executor-0] INFO  server.RaftServer (RaftServerProxy.java:addNew(96)) - 1ecca3ae-2ad7-42d2-aa85-a2563cb61ab5: addNew group-E04EDCCF1085:[1ecca3ae-2ad7-42d2-aa85-a2563cb61ab5|rpc:10.1.0.147:35369|dataStream:|priority:1, 21fe54d0-377d-43c9-af71-a01bd82d5518|rpc:10.1.0.147:40327|dataStream:|priority:0, 4cc98e97-26bc-48ed-a5cf-0536805b7522|rpc:10.1.0.147:45187|dataStream:|priority:0] returns group-E04EDCCF1085:java.util.concurrent.CompletableFuture@21e4eaf8[Not completed]
2022-10-03 12:57:45,679 [pool-848-thread-1] INFO  server.RaftServer$Division (RaftServerImpl.java:<init>(190)) - 1ecca3ae-2ad7-42d2-aa85-a2563cb61ab5: new RaftServerImpl for group-E04EDCCF1085:[1ecca3ae-2ad7-42d2-aa85-a2563cb61ab5|rpc:10.1.0.147:35369|dataStream:|priority:1, 21fe54d0-377d-43c9-af71-a01bd82d5518|rpc:10.1.0.147:40327|dataStream:|priority:0, 4cc98e97-26bc-48ed-a5cf-0536805b7522|rpc:10.1.0.147:45187|dataStream:|priority:0] with ContainerStateMachine:uninitialized
2022-10-03 12:57:45,679 [pool-848-thread-1] INFO  server.RaftServerConfigKeys (ConfUtils.java:logGet(46)) - raft.server.rpc.timeout.min = 5s (custom)
2022-10-03 12:57:45,680 [pool-848-thread-1] INFO  server.RaftServerConfigKeys (ConfUtils.java:logGet(46)) - raft.server.rpc.timeout.max = 5200ms (custom)
2022-10-03 12:57:45,680 [pool-848-thread-1] INFO  server.RaftServerConfigKeys (ConfUtils.java:logGet(46)) - raft.server.rpc.sleep.time = 25ms (default)
2022-10-03 12:57:45,680 [pool-848-thread-1] INFO  server.RaftServerConfigKeys (ConfUtils.java:logGet(46)) - raft.server.rpc.slowness.timeout = 300s (custom)
2022-10-03 12:57:45,680 [pool-848-thread-1] INFO  server.RaftServerConfigKeys (ConfUtils.java:logGet(46)) - raft.server.leaderelection.leader.step-down.wait-time = 10s (default)
2022-10-03 12:57:45,680 [pool-848-thread-1] INFO  server.RaftServerConfigKeys (ConfUtils.java:logGet(46)) - raft.server.sleep.deviation.threshold = 300ms (default)
2022-10-03 12:57:45,680 [pool-848-thread-1] INFO  server.RaftServer$Division (ServerState.java:<init>(107)) - 1ecca3ae-2ad7-42d2-aa85-a2563cb61ab5@group-E04EDCCF1085: ConfigurationManager, init=-1: [1ecca3ae-2ad7-42d2-aa85-a2563cb61ab5|rpc:10.1.0.147:35369|dataStream:|priority:1, 21fe54d0-377d-43c9-af71-a01bd82d5518|rpc:10.1.0.147:40327|dataStream:|priority:0, 4cc98e97-26bc-48ed-a5cf-0536805b7522|rpc:10.1.0.147:45187|dataStream:|priority:0], old=null, confs=<EMPTY_MAP>
2022-10-03 12:57:45,680 [pool-848-thread-1] INFO  server.RaftServerConfigKeys (ConfUtils.java:logGet(46)) - raft.server.storage.dir = [/home/runner/work/ozone/ozone/hadoop-ozone/integration-test/target/test-dir/MiniOzoneClusterImpl-53db5b09-2415-4619-b18d-0010cdbdab93/datanode-2/data/ratis] (custom)
2022-10-03 12:57:45,680 [pool-848-thread-1] INFO  server.RaftServerConfigKeys (ConfUtils.java:logGet(46)) - raft.server.log.corruption.policy = EXCEPTION (default)
2022-10-03 12:57:45,680 [pool-848-thread-1] INFO  server.RaftServerConfigKeys (ConfUtils.java:logGet(46)) - raft.server.storage.free-space.min = 0MB (=0) (default)
2022-10-03 12:57:45,680 [pool-848-thread-1] INFO  storage.RaftStorageDirectory (RaftStorageDirectoryImpl.java:analyzeStorage(135)) - The storage directory /home/runner/work/ozone/ozone/hadoop-ozone/integration-test/target/test-dir/MiniOzoneClusterImpl-53db5b09-2415-4619-b18d-0010cdbdab93/datanode-2/data/ratis/3b2263ea-04b5-470c-9ddc-e04edccf1085 does not exist. Creating ...
2022-10-03 12:57:45,681 [pool-848-thread-1] INFO  storage.RaftStorageDirectory (RaftStorageDirectoryImpl.java:tryLock(230)) - Lock on /home/runner/work/ozone/ozone/hadoop-ozone/integration-test/target/test-dir/MiniOzoneClusterImpl-53db5b09-2415-4619-b18d-0010cdbdab93/datanode-2/data/ratis/3b2263ea-04b5-470c-9ddc-e04edccf1085/in_use.lock acquired by nodename 2263@fv-az443-503
2022-10-03 12:57:45,682 [pool-848-thread-1] INFO  storage.RaftStorage (RaftStorageImpl.java:format(89)) - Storage directory /home/runner/work/ozone/ozone/hadoop-ozone/integration-test/target/test-dir/MiniOzoneClusterImpl-53db5b09-2415-4619-b18d-0010cdbdab93/datanode-2/data/ratis/3b2263ea-04b5-470c-9ddc-e04edccf1085 has been successfully formatted.
2022-10-03 12:57:45,682 [pool-848-thread-1] INFO  ratis.ContainerStateMachine (ContainerStateMachine.java:loadSnapshot(236)) - group-E04EDCCF1085: The snapshot info is null. Setting the last applied indexto:(t:0, i:~)
2022-10-03 12:57:45,683 [pool-848-thread-1] INFO  server.RaftServerConfigKeys (ConfUtils.java:logGet(46)) - raft.server.notification.no-leader.timeout = 300s (custom)
2022-10-03 12:57:45,683 [pool-848-thread-1] INFO  server.RaftServerConfigKeys (ConfUtils.java:logGet(46)) - raft.server.log.use.memory = false (default)
2022-10-03 12:57:45,683 [pool-848-thread-1] INFO  server.RaftServerConfigKeys (ConfUtils.java:logGet(46)) - raft.server.log.purge.gap = 1000000 (custom)
2022-10-03 12:57:45,683 [pool-848-thread-1] INFO  server.RaftServerConfigKeys (ConfUtils.java:logGet(46)) - raft.server.log.appender.buffer.byte-limit = 33554432 (custom)
2022-10-03 12:57:45,683 [pool-848-thread-1] INFO  server.RaftServerConfigKeys (ConfUtils.java:logGet(46)) - raft.server.log.statemachine.data.read.timeout = 1000ms (default)
2022-10-03 12:57:45,683 [pool-848-thread-1] INFO  server.RaftServerConfigKeys (ConfUtils.java:logGet(46)) - raft.server.log.segment.size.max = 1048576 (custom)
2022-10-03 12:57:45,684 [pool-848-thread-1] INFO  server.RaftServerConfigKeys (ConfUtils.java:logGet(46)) - raft.server.log.segment.cache.num.max = 2 (custom)
2022-10-03 12:57:45,684 [pool-848-thread-1] INFO  server.RaftServerConfigKeys (ConfUtils.java:logGet(46)) - raft.server.log.segment.cache.size.max = 200MB (=209715200) (default)
2022-10-03 12:57:45,684 [pool-848-thread-1] INFO  segmented.SegmentedRaftLogWorker (SegmentedRaftLogWorker.java:<init>(187)) - new 1ecca3ae-2ad7-42d2-aa85-a2563cb61ab5@group-E04EDCCF1085-SegmentedRaftLogWorker for RaftStorageImpl:Storage Directory /home/runner/work/ozone/ozone/hadoop-ozone/integration-test/target/test-dir/MiniOzoneClusterImpl-53db5b09-2415-4619-b18d-0010cdbdab93/datanode-2/data/ratis/3b2263ea-04b5-470c-9ddc-e04edccf1085
2022-10-03 12:57:45,684 [pool-848-thread-1] INFO  server.RaftServerConfigKeys (ConfUtils.java:logGet(46)) - raft.server.log.queue.byte-limit = 4294967296 (custom)
2022-10-03 12:57:45,684 [pool-848-thread-1] INFO  server.RaftServerConfigKeys (ConfUtils.java:logGet(46)) - raft.server.log.queue.element-limit = 1024 (custom)
2022-10-03 12:57:45,684 [pool-848-thread-1] INFO  server.RaftServerConfigKeys (ConfUtils.java:logGet(46)) - raft.server.log.segment.size.max = 1048576 (custom)
2022-10-03 12:57:45,684 [pool-848-thread-1] INFO  server.RaftServerConfigKeys (ConfUtils.java:logGet(46)) - raft.server.log.preallocated.size = 16384 (custom)
2022-10-03 12:57:45,684 [pool-848-thread-1] INFO  server.RaftServerConfigKeys (ConfUtils.java:logGet(46)) - raft.server.log.force.sync.num = 128 (default)
2022-10-03 12:57:45,684 [pool-848-thread-1] INFO  server.RaftServerConfigKeys (ConfUtils.java:logGet(46)) - raft.server.log.statemachine.data.sync = true (default)
2022-10-03 12:57:45,684 [pool-848-thread-1] INFO  server.RaftServerConfigKeys (ConfUtils.java:logGet(46)) - raft.server.log.statemachine.data.sync.timeout = 10s (default)
2022-10-03 12:57:45,684 [pool-848-thread-1] INFO  server.RaftServerConfigKeys (ConfUtils.java:logGet(46)) - raft.server.log.statemachine.data.sync.timeout.retry = -1 (default)
2022-10-03 12:57:45,685 [pool-848-thread-1] INFO  server.RaftServerConfigKeys (ConfUtils.java:logGet(46)) - raft.server.log.write.buffer.size = 1048576 (custom)
2022-10-03 12:57:45,685 [pool-848-thread-1] INFO  server.RaftServerConfigKeys (ConfUtils.java:logGet(46)) - raft.server.log.unsafe-flush.enabled = false (default)
2022-10-03 12:57:45,685 [pool-848-thread-1] INFO  server.RaftServerConfigKeys (ConfUtils.java:logGet(46)) - raft.server.log.statemachine.data.caching.enabled = true (custom)
2022-10-03 12:57:45,686 [pool-848-thread-1] INFO  segmented.SegmentedRaftLogWorker (SegmentedRaftLogWorker.java:lambda$new$0(135)) - 1ecca3ae-2ad7-42d2-aa85-a2563cb61ab5@group-E04EDCCF1085-SegmentedRaftLogWorker: flushIndex: setUnconditionally 0 -> -1
2022-10-03 12:57:45,688 [pool-848-thread-1] INFO  segmented.SegmentedRaftLogWorker (SegmentedRaftLogWorker.java:lambda$new$0(135)) - 1ecca3ae-2ad7-42d2-aa85-a2563cb61ab5@group-E04EDCCF1085-SegmentedRaftLogWorker: safeCacheEvictIndex: setUnconditionally 0 -> -1
2022-10-03 12:57:45,718 [pool-848-thread-1] INFO  server.RaftServerConfigKeys (ConfUtils.java:logGet(46)) - raft.server.snapshot.auto.trigger.enabled = true (custom)
2022-10-03 12:57:45,718 [pool-848-thread-1] INFO  server.RaftServerConfigKeys (ConfUtils.java:logGet(46)) - raft.server.snapshot.auto.trigger.threshold = 10000 (custom)
2022-10-03 12:57:45,718 [pool-848-thread-1] INFO  server.RaftServerConfigKeys (ConfUtils.java:logGet(46)) - raft.server.snapshot.retention.file.num = 5 (custom)
2022-10-03 12:57:45,718 [pool-848-thread-1] INFO  server.RaftServerConfigKeys (ConfUtils.java:logGet(46)) - raft.server.log.purge.upto.snapshot.index = false (default)
2022-10-03 12:57:45,718 [pool-848-thread-1] INFO  server.RaftServerConfigKeys (ConfUtils.java:logGet(46)) - raft.server.retrycache.expirytime = 600000ms (custom)
2022-10-03 12:57:45,718 [pool-848-thread-1] INFO  server.RaftServerConfigKeys (ConfUtils.java:logGet(46)) - raft.server.retrycache.statistics.expirytime = 100μs (default)
2022-10-03 12:57:45,720 [pool-848-thread-1] INFO  server.RaftServerConfigKeys (ConfUtils.java:logGet(46)) - raft.server.log.appender.install.snapshot.enabled = false (custom)
2022-10-03 12:57:45,729 [pool-848-thread-1] INFO  server.RaftServerConfigKeys (ConfUtils.java:logGet(46)) - raft.server.threadpool.server.cached = true (default)
2022-10-03 12:57:45,729 [pool-848-thread-1] INFO  server.RaftServerConfigKeys (ConfUtils.java:logGet(46)) - raft.server.threadpool.server.size = 0 (default)
2022-10-03 12:57:45,729 [pool-848-thread-1] INFO  server.RaftServerConfigKeys (ConfUtils.java:logGet(46)) - raft.server.threadpool.client.cached = true (default)
2022-10-03 12:57:45,729 [pool-848-thread-1] INFO  server.RaftServerConfigKeys (ConfUtils.java:logGet(46)) - raft.server.threadpool.client.size = 0 (default)
2022-10-03 12:57:45,730 [pool-848-thread-1] INFO  server.RaftServer$Division (RaftServerImpl.java:start(310)) - 1ecca3ae-2ad7-42d2-aa85-a2563cb61ab5@group-E04EDCCF1085: start as a follower, conf=-1: [1ecca3ae-2ad7-42d2-aa85-a2563cb61ab5|rpc:10.1.0.147:35369|dataStream:|priority:1, 21fe54d0-377d-43c9-af71-a01bd82d5518|rpc:10.1.0.147:40327|dataStream:|priority:0, 4cc98e97-26bc-48ed-a5cf-0536805b7522|rpc:10.1.0.147:45187|dataStream:|priority:0], old=null
2022-10-03 12:57:45,730 [pool-848-thread-1] INFO  server.RaftServer$Division (RaftServerImpl.java:setRole(299)) - 1ecca3ae-2ad7-42d2-aa85-a2563cb61ab5@group-E04EDCCF1085: changes role from      null to FOLLOWER at term 0 for startAsFollower
2022-10-03 12:57:45,730 [pool-848-thread-1] INFO  impl.RoleInfo (RoleInfo.java:updateAndGet(139)) - 1ecca3ae-2ad7-42d2-aa85-a2563cb61ab5: start 1ecca3ae-2ad7-42d2-aa85-a2563cb61ab5@group-E04EDCCF1085-FollowerState
2022-10-03 12:57:45,730 [pool-848-thread-1] INFO  util.JmxRegister (JmxRegister.java:tryRegister(44)) - Successfully registered JMX Bean with object name Ratis:service=RaftServer,group=group-E04EDCCF1085,id=1ecca3ae-2ad7-42d2-aa85-a2563cb61ab5
2022-10-03 12:57:45,998 [Command processor thread] INFO  commandhandler.CreatePipelineCommandHandler (CreatePipelineCommandHandler.java:handle(113)) - Created Pipeline RATIS THREE PipelineID=3b2263ea-04b5-470c-9ddc-e04edccf1085.
2022-10-03 12:57:46,101 [Command processor thread] INFO  commandhandler.CreatePipelineCommandHandler (CreatePipelineCommandHandler.java:handle(113)) - Created Pipeline RATIS THREE PipelineID=3b2263ea-04b5-470c-9ddc-e04edccf1085.
2022-10-03 12:57:46,518 [Listener at 127.0.0.1/41529] INFO  ozone.MiniOzoneClusterImpl (MiniOzoneClusterImpl.java:lambda$waitForClusterToBeReady$0(216)) - Nodes are ready. Got 3 of 3 DN Heartbeats.
2022-10-03 12:57:46,518 [Listener at 127.0.0.1/41529] INFO  ozone.MiniOzoneClusterImpl (MiniOzoneClusterImpl.java:lambda$waitForClusterToBeReady$0(219)) - Waiting for cluster to exit safe mode
2022-10-03 12:57:46,518 [Listener at 127.0.0.1/41529] INFO  ozone.MiniOzoneClusterImpl (MiniOzoneClusterImpl.java:lambda$waitForClusterToBeReady$0(221)) - SCM became leader
2022-10-03 12:57:46,641 [Command processor thread] INFO  server.RaftServer (RaftServerProxy.java:addNew(96)) - 1ecca3ae-2ad7-42d2-aa85-a2563cb61ab5: addNew group-654BC7EACE27:[1ecca3ae-2ad7-42d2-aa85-a2563cb61ab5|rpc:10.1.0.147:35369|priority:1] returns group-654BC7EACE27:java.util.concurrent.CompletableFuture@4ea9cdb4[Not completed]
2022-10-03 12:57:46,642 [pool-848-thread-1] INFO  server.RaftServer$Division (RaftServerImpl.java:<init>(190)) - 1ecca3ae-2ad7-42d2-aa85-a2563cb61ab5: new RaftServerImpl for group-654BC7EACE27:[1ecca3ae-2ad7-42d2-aa85-a2563cb61ab5|rpc:10.1.0.147:35369|priority:1] with ContainerStateMachine:uninitialized
2022-10-03 12:57:46,642 [pool-848-thread-1] INFO  server.RaftServerConfigKeys (ConfUtils.java:logGet(46)) - raft.server.rpc.timeout.min = 5s (custom)
2022-10-03 12:57:46,642 [pool-848-thread-1] INFO  server.RaftServerConfigKeys (ConfUtils.java:logGet(46)) - raft.server.rpc.timeout.max = 5200ms (custom)
2022-10-03 12:57:46,642 [pool-848-thread-1] INFO  server.RaftServerConfigKeys (ConfUtils.java:logGet(46)) - raft.server.rpc.sleep.time = 25ms (default)
2022-10-03 12:57:46,642 [pool-848-thread-1] INFO  server.RaftServerConfigKeys (ConfUtils.java:logGet(46)) - raft.server.rpc.slowness.timeout = 300s (custom)
2022-10-03 12:57:46,642 [pool-848-thread-1] INFO  server.RaftServerConfigKeys (ConfUtils.java:logGet(46)) - raft.server.leaderelection.leader.step-down.wait-time = 10s (default)
2022-10-03 12:57:46,642 [pool-848-thread-1] INFO  server.RaftServerConfigKeys (ConfUtils.java:logGet(46)) - raft.server.sleep.deviation.threshold = 300ms (default)
2022-10-03 12:57:46,643 [pool-848-thread-1] INFO  server.RaftServer$Division (ServerState.java:<init>(107)) - 1ecca3ae-2ad7-42d2-aa85-a2563cb61ab5@group-654BC7EACE27: ConfigurationManager, init=-1: [1ecca3ae-2ad7-42d2-aa85-a2563cb61ab5|rpc:10.1.0.147:35369|priority:1], old=null, confs=<EMPTY_MAP>
2022-10-03 12:57:46,643 [pool-848-thread-1] INFO  server.RaftServerConfigKeys (ConfUtils.java:logGet(46)) - raft.server.storage.dir = [/home/runner/work/ozone/ozone/hadoop-ozone/integration-test/target/test-dir/MiniOzoneClusterImpl-53db5b09-2415-4619-b18d-0010cdbdab93/datanode-2/data/ratis] (custom)
2022-10-03 12:57:46,643 [pool-848-thread-1] INFO  server.RaftServerConfigKeys (ConfUtils.java:logGet(46)) - raft.server.log.corruption.policy = EXCEPTION (default)
2022-10-03 12:57:46,643 [pool-848-thread-1] INFO  server.RaftServerConfigKeys (ConfUtils.java:logGet(46)) - raft.server.storage.free-space.min = 0MB (=0) (default)
2022-10-03 12:57:46,643 [pool-848-thread-1] INFO  storage.RaftStorageDirectory (RaftStorageDirectoryImpl.java:analyzeStorage(135)) - The storage directory /home/runner/work/ozone/ozone/hadoop-ozone/integration-test/target/test-dir/MiniOzoneClusterImpl-53db5b09-2415-4619-b18d-0010cdbdab93/datanode-2/data/ratis/d5d41d31-c8c7-46fc-a0ce-654bc7eace27 does not exist. Creating ...
2022-10-03 12:57:46,645 [pool-848-thread-1] INFO  storage.RaftStorageDirectory (RaftStorageDirectoryImpl.java:tryLock(230)) - Lock on /home/runner/work/ozone/ozone/hadoop-ozone/integration-test/target/test-dir/MiniOzoneClusterImpl-53db5b09-2415-4619-b18d-0010cdbdab93/datanode-2/data/ratis/d5d41d31-c8c7-46fc-a0ce-654bc7eace27/in_use.lock acquired by nodename 2263@fv-az443-503
2022-10-03 12:57:46,646 [pool-848-thread-1] INFO  storage.RaftStorage (RaftStorageImpl.java:format(89)) - Storage directory /home/runner/work/ozone/ozone/hadoop-ozone/integration-test/target/test-dir/MiniOzoneClusterImpl-53db5b09-2415-4619-b18d-0010cdbdab93/datanode-2/data/ratis/d5d41d31-c8c7-46fc-a0ce-654bc7eace27 has been successfully formatted.
2022-10-03 12:57:46,647 [pool-848-thread-1] INFO  ratis.ContainerStateMachine (ContainerStateMachine.java:loadSnapshot(236)) - group-654BC7EACE27: The snapshot info is null. Setting the last applied indexto:(t:0, i:~)
2022-10-03 12:57:46,647 [pool-848-thread-1] INFO  server.RaftServerConfigKeys (ConfUtils.java:logGet(46)) - raft.server.notification.no-leader.timeout = 300s (custom)
2022-10-03 12:57:46,647 [pool-848-thread-1] INFO  server.RaftServerConfigKeys (ConfUtils.java:logGet(46)) - raft.server.log.use.memory = false (default)
2022-10-03 12:57:46,647 [pool-848-thread-1] INFO  server.RaftServerConfigKeys (ConfUtils.java:logGet(46)) - raft.server.log.purge.gap = 1000000 (custom)
2022-10-03 12:57:46,647 [pool-848-thread-1] INFO  server.RaftServerConfigKeys (ConfUtils.java:logGet(46)) - raft.server.log.appender.buffer.byte-limit = 33554432 (custom)
2022-10-03 12:57:46,647 [pool-848-thread-1] INFO  server.RaftServerConfigKeys (ConfUtils.java:logGet(46)) - raft.server.log.statemachine.data.read.timeout = 1000ms (default)
2022-10-03 12:57:46,647 [pool-848-thread-1] INFO  server.RaftServerConfigKeys (ConfUtils.java:logGet(46)) - raft.server.log.segment.size.max = 1048576 (custom)
2022-10-03 12:57:46,648 [EventQueue-PipelineReportForPipelineReportHandler] INFO  pipeline.PipelineManagerImpl (PipelineManagerImpl.java:openPipeline(367)) - Pipeline Pipeline[ Id: d5d41d31-c8c7-46fc-a0ce-654bc7eace27, Nodes: 1ecca3ae-2ad7-42d2-aa85-a2563cb61ab5{ip: 10.1.0.147, host: fv-az443-503.ap2fcshprsnunfx25e1aelzb4b.cx.internal.cloudapp.net, ports: [REPLICATION=40969, RATIS=35369, RATIS_ADMIN=35369, RATIS_SERVER=35369, STANDALONE=38943], networkLocation: /default-rack, certSerialId: null, persistedOpState: IN_SERVICE, persistedOpStateExpiryEpochSec: 0}, ReplicationConfig: RATIS/ONE, State:ALLOCATED, leaderId:1ecca3ae-2ad7-42d2-aa85-a2563cb61ab5, CreationTimestamp2022-10-03T12:57:43.685Z[Etc/UTC]] moved to OPEN state
2022-10-03 12:57:46,648 [EventQueue-OpenPipelineForHealthyPipelineSafeModeRule] INFO  safemode.SCMSafeModeManager (HealthyPipelineSafeModeRule.java:process(137)) - SCM in safe mode. Healthy pipelines reported count is 0, required healthy pipeline reported count is 1
2022-10-03 12:57:46,648 [pool-848-thread-1] INFO  server.RaftServerConfigKeys (ConfUtils.java:logGet(46)) - raft.server.log.segment.cache.num.max = 2 (custom)
2022-10-03 12:57:46,649 [pool-848-thread-1] INFO  server.RaftServerConfigKeys (ConfUtils.java:logGet(46)) - raft.server.log.segment.cache.size.max = 200MB (=209715200) (default)
2022-10-03 12:57:46,649 [pool-848-thread-1] INFO  segmented.SegmentedRaftLogWorker (SegmentedRaftLogWorker.java:<init>(187)) - new 1ecca3ae-2ad7-42d2-aa85-a2563cb61ab5@group-654BC7EACE27-SegmentedRaftLogWorker for RaftStorageImpl:Storage Directory /home/runner/work/ozone/ozone/hadoop-ozone/integration-test/target/test-dir/MiniOzoneClusterImpl-53db5b09-2415-4619-b18d-0010cdbdab93/datanode-2/data/ratis/d5d41d31-c8c7-46fc-a0ce-654bc7eace27
2022-10-03 12:57:46,649 [pool-848-thread-1] INFO  server.RaftServerConfigKeys (ConfUtils.java:logGet(46)) - raft.server.log.queue.byte-limit = 4294967296 (custom)
2022-10-03 12:57:46,649 [pool-848-thread-1] INFO  server.RaftServerConfigKeys (ConfUtils.java:logGet(46)) - raft.server.log.queue.element-limit = 1024 (custom)
2022-10-03 12:57:46,649 [pool-848-thread-1] INFO  server.RaftServerConfigKeys (ConfUtils.java:logGet(46)) - raft.server.log.segment.size.max = 1048576 (custom)
2022-10-03 12:57:46,649 [pool-848-thread-1] INFO  server.RaftServerConfigKeys (ConfUtils.java:logGet(46)) - raft.server.log.preallocated.size = 16384 (custom)
2022-10-03 12:57:46,649 [pool-848-thread-1] INFO  server.RaftServerConfigKeys (ConfUtils.java:logGet(46)) - raft.server.log.force.sync.num = 128 (default)
2022-10-03 12:57:46,649 [pool-848-thread-1] INFO  server.RaftServerConfigKeys (ConfUtils.java:logGet(46)) - raft.server.log.statemachine.data.sync = true (default)
2022-10-03 12:57:46,649 [pool-848-thread-1] INFO  server.RaftServerConfigKeys (ConfUtils.java:logGet(46)) - raft.server.log.statemachine.data.sync.timeout = 10s (default)
2022-10-03 12:57:46,649 [pool-848-thread-1] INFO  server.RaftServerConfigKeys (ConfUtils.java:logGet(46)) - raft.server.log.statemachine.data.sync.timeout.retry = -1 (default)
2022-10-03 12:57:46,650 [pool-848-thread-1] INFO  server.RaftServerConfigKeys (ConfUtils.java:logGet(46)) - raft.server.log.write.buffer.size = 1048576 (custom)
2022-10-03 12:57:46,650 [pool-848-thread-1] INFO  server.RaftServerConfigKeys (ConfUtils.java:logGet(46)) - raft.server.log.unsafe-flush.enabled = false (default)
2022-10-03 12:57:46,650 [pool-848-thread-1] INFO  server.RaftServerConfigKeys (ConfUtils.java:logGet(46)) - raft.server.log.statemachine.data.caching.enabled = true (custom)
2022-10-03 12:57:46,651 [pool-848-thread-1] INFO  segmented.SegmentedRaftLogWorker (SegmentedRaftLogWorker.java:lambda$new$0(135)) - 1ecca3ae-2ad7-42d2-aa85-a2563cb61ab5@group-654BC7EACE27-SegmentedRaftLogWorker: flushIndex: setUnconditionally 0 -> -1
2022-10-03 12:57:46,651 [pool-848-thread-1] INFO  segmented.SegmentedRaftLogWorker (SegmentedRaftLogWorker.java:lambda$new$0(135)) - 1ecca3ae-2ad7-42d2-aa85-a2563cb61ab5@group-654BC7EACE27-SegmentedRaftLogWorker: safeCacheEvictIndex: setUnconditionally 0 -> -1
2022-10-03 12:57:46,652 [pool-848-thread-1] INFO  server.RaftServerConfigKeys (ConfUtils.java:logGet(46)) - raft.server.snapshot.auto.trigger.enabled = true (custom)
2022-10-03 12:57:46,652 [pool-848-thread-1] INFO  server.RaftServerConfigKeys (ConfUtils.java:logGet(46)) - raft.server.snapshot.auto.trigger.threshold = 10000 (custom)
2022-10-03 12:57:46,652 [pool-848-thread-1] INFO  server.RaftServerConfigKeys (ConfUtils.java:logGet(46)) - raft.server.snapshot.retention.file.num = 5 (custom)
2022-10-03 12:57:46,652 [pool-848-thread-1] INFO  server.RaftServerConfigKeys (ConfUtils.java:logGet(46)) - raft.server.log.purge.upto.snapshot.index = false (default)
2022-10-03 12:57:46,652 [pool-848-thread-1] INFO  server.RaftServerConfigKeys (ConfUtils.java:logGet(46)) - raft.server.retrycache.expirytime = 600000ms (custom)
2022-10-03 12:57:46,652 [pool-848-thread-1] INFO  server.RaftServerConfigKeys (ConfUtils.java:logGet(46)) - raft.server.retrycache.statistics.expirytime = 100μs (default)
2022-10-03 12:57:46,653 [pool-848-thread-1] INFO  server.RaftServerConfigKeys (ConfUtils.java:logGet(46)) - raft.server.log.appender.install.snapshot.enabled = false (custom)
2022-10-03 12:57:46,653 [pool-848-thread-1] INFO  server.RaftServerConfigKeys (ConfUtils.java:logGet(46)) - raft.server.threadpool.server.cached = true (default)
2022-10-03 12:57:46,653 [pool-848-thread-1] INFO  server.RaftServerConfigKeys (ConfUtils.java:logGet(46)) - raft.server.threadpool.server.size = 0 (default)
2022-10-03 12:57:46,653 [pool-848-thread-1] INFO  server.RaftServerConfigKeys (ConfUtils.java:logGet(46)) - raft.server.threadpool.client.cached = true (default)
2022-10-03 12:57:46,654 [pool-848-thread-1] INFO  server.RaftServerConfigKeys (ConfUtils.java:logGet(46)) - raft.server.threadpool.client.size = 0 (default)
2022-10-03 12:57:46,654 [pool-848-thread-1] INFO  server.RaftServer$Division (RaftServerImpl.java:start(310)) - 1ecca3ae-2ad7-42d2-aa85-a2563cb61ab5@group-654BC7EACE27: start as a follower, conf=-1: [1ecca3ae-2ad7-42d2-aa85-a2563cb61ab5|rpc:10.1.0.147:35369|priority:1], old=null
2022-10-03 12:57:46,654 [pool-848-thread-1] INFO  server.RaftServer$Division (RaftServerImpl.java:setRole(299)) - 1ecca3ae-2ad7-42d2-aa85-a2563cb61ab5@group-654BC7EACE27: changes role from      null to FOLLOWER at term 0 for startAsFollower
2022-10-03 12:57:46,654 [pool-848-thread-1] INFO  impl.RoleInfo (RoleInfo.java:updateAndGet(139)) - 1ecca3ae-2ad7-42d2-aa85-a2563cb61ab5: start 1ecca3ae-2ad7-42d2-aa85-a2563cb61ab5@group-654BC7EACE27-FollowerState
2022-10-03 12:57:46,659 [pool-848-thread-1] INFO  util.JmxRegister (JmxRegister.java:tryRegister(44)) - Successfully registered JMX Bean with object name Ratis:service=RaftServer,group=group-654BC7EACE27,id=1ecca3ae-2ad7-42d2-aa85-a2563cb61ab5
2022-10-03 12:57:46,661 [Command processor thread] INFO  ratis.XceiverServerRatis (XceiverServerRatis.java:addGroup(765)) - Created group PipelineID=d5d41d31-c8c7-46fc-a0ce-654bc7eace27
2022-10-03 12:57:46,661 [Command processor thread] INFO  commandhandler.CreatePipelineCommandHandler (CreatePipelineCommandHandler.java:handle(113)) - Created Pipeline RATIS ONE PipelineID=d5d41d31-c8c7-46fc-a0ce-654bc7eace27.
2022-10-03 12:57:47,518 [Listener at 127.0.0.1/41529] INFO  ozone.MiniOzoneClusterImpl (MiniOzoneClusterImpl.java:lambda$waitForClusterToBeReady$0(216)) - Nodes are ready. Got 3 of 3 DN Heartbeats.
2022-10-03 12:57:47,519 [Listener at 127.0.0.1/41529] INFO  ozone.MiniOzoneClusterImpl (MiniOzoneClusterImpl.java:lambda$waitForClusterToBeReady$0(219)) - Waiting for cluster to exit safe mode
2022-10-03 12:57:47,519 [Listener at 127.0.0.1/41529] INFO  ozone.MiniOzoneClusterImpl (MiniOzoneClusterImpl.java:lambda$waitForClusterToBeReady$0(221)) - SCM became leader
2022-10-03 12:57:48,519 [Listener at 127.0.0.1/41529] INFO  ozone.MiniOzoneClusterImpl (MiniOzoneClusterImpl.java:lambda$waitForClusterToBeReady$0(216)) - Nodes are ready. Got 3 of 3 DN Heartbeats.
2022-10-03 12:57:48,519 [Listener at 127.0.0.1/41529] INFO  ozone.MiniOzoneClusterImpl (MiniOzoneClusterImpl.java:lambda$waitForClusterToBeReady$0(219)) - Waiting for cluster to exit safe mode
2022-10-03 12:57:48,519 [Listener at 127.0.0.1/41529] INFO  ozone.MiniOzoneClusterImpl (MiniOzoneClusterImpl.java:lambda$waitForClusterToBeReady$0(221)) - SCM became leader
2022-10-03 12:57:48,645 [21fe54d0-377d-43c9-af71-a01bd82d5518@group-8CF65DDFAC06-FollowerState] INFO  impl.FollowerState (FollowerState.java:run(143)) - 21fe54d0-377d-43c9-af71-a01bd82d5518@group-8CF65DDFAC06-FollowerState: change to CANDIDATE, lastRpcElapsedTime:5102247640ns, electionTimeout:5101ms
2022-10-03 12:57:48,645 [21fe54d0-377d-43c9-af71-a01bd82d5518@group-8CF65DDFAC06-FollowerState] INFO  impl.RoleInfo (RoleInfo.java:shutdownFollowerState(110)) - 21fe54d0-377d-43c9-af71-a01bd82d5518: shutdown 21fe54d0-377d-43c9-af71-a01bd82d5518@group-8CF65DDFAC06-FollowerState
2022-10-03 12:57:48,646 [21fe54d0-377d-43c9-af71-a01bd82d5518@group-8CF65DDFAC06-FollowerState] INFO  server.RaftServer$Division (RaftServerImpl.java:setRole(299)) - 21fe54d0-377d-43c9-af71-a01bd82d5518@group-8CF65DDFAC06: changes role from  FOLLOWER to CANDIDATE at term 0 for changeToCandidate
2022-10-03 12:57:48,646 [21fe54d0-377d-43c9-af71-a01bd82d5518@group-8CF65DDFAC06-FollowerState] INFO  server.RaftServerConfigKeys (ConfUtils.java:logGet(46)) - raft.server.leaderelection.pre-vote = false (custom)
2022-10-03 12:57:48,646 [21fe54d0-377d-43c9-af71-a01bd82d5518@group-8CF65DDFAC06-FollowerState] INFO  impl.RoleInfo (RoleInfo.java:updateAndGet(139)) - 21fe54d0-377d-43c9-af71-a01bd82d5518: start 21fe54d0-377d-43c9-af71-a01bd82d5518@group-8CF65DDFAC06-LeaderElection70
2022-10-03 12:57:48,710 [21fe54d0-377d-43c9-af71-a01bd82d5518@group-8CF65DDFAC06-LeaderElection70] INFO  impl.LeaderElection (LeaderElection.java:askForVotes(310)) - 21fe54d0-377d-43c9-af71-a01bd82d5518@group-8CF65DDFAC06-LeaderElection70 ELECTION round 0: submit vote requests at term 1 for -1: [21fe54d0-377d-43c9-af71-a01bd82d5518|rpc:10.1.0.147:40327|priority:1], old=null
2022-10-03 12:57:48,710 [21fe54d0-377d-43c9-af71-a01bd82d5518@group-8CF65DDFAC06-LeaderElection70] INFO  impl.LeaderElection (LeaderElection.java:askForVotes(312)) - 21fe54d0-377d-43c9-af71-a01bd82d5518@group-8CF65DDFAC06-LeaderElection70 ELECTION round 0: result PASSED (term=1)
2022-10-03 12:57:48,710 [21fe54d0-377d-43c9-af71-a01bd82d5518@group-8CF65DDFAC06-LeaderElection70] INFO  impl.RoleInfo (RoleInfo.java:shutdownLeaderElection(130)) - 21fe54d0-377d-43c9-af71-a01bd82d5518: shutdown 21fe54d0-377d-43c9-af71-a01bd82d5518@group-8CF65DDFAC06-LeaderElection70
2022-10-03 12:57:48,710 [21fe54d0-377d-43c9-af71-a01bd82d5518@group-8CF65DDFAC06-LeaderElection70] INFO  server.RaftServer$Division (RaftServerImpl.java:setRole(299)) - 21fe54d0-377d-43c9-af71-a01bd82d5518@group-8CF65DDFAC06: changes role from CANDIDATE to LEADER at term 1 for changeToLeader
2022-10-03 12:57:48,710 [21fe54d0-377d-43c9-af71-a01bd82d5518@group-8CF65DDFAC06-LeaderElection70] INFO  ratis.XceiverServerRatis (XceiverServerRatis.java:handleLeaderChangedNotification(863)) - Leader change notification received for group: group-8CF65DDFAC06 with new leaderId: 21fe54d0-377d-43c9-af71-a01bd82d5518
2022-10-03 12:57:48,710 [21fe54d0-377d-43c9-af71-a01bd82d5518@group-8CF65DDFAC06-LeaderElection70] INFO  server.RaftServer$Division (ServerState.java:setLeader(287)) - 21fe54d0-377d-43c9-af71-a01bd82d5518@group-8CF65DDFAC06: change Leader from null to 21fe54d0-377d-43c9-af71-a01bd82d5518 at term 1 for becomeLeader, leader elected after 5244ms
2022-10-03 12:57:48,710 [21fe54d0-377d-43c9-af71-a01bd82d5518@group-8CF65DDFAC06-LeaderElection70] INFO  server.RaftServerConfigKeys (ConfUtils.java:logGet(46)) - raft.server.staging.catchup.gap = 1000 (default)
2022-10-03 12:57:48,711 [21fe54d0-377d-43c9-af71-a01bd82d5518@group-8CF65DDFAC06-LeaderElection70] INFO  server.RaftServerConfigKeys (ConfUtils.java:logGet(46)) - raft.server.write.element-limit = 1024 (custom)
2022-10-03 12:57:48,711 [21fe54d0-377d-43c9-af71-a01bd82d5518@group-8CF65DDFAC06-LeaderElection70] INFO  server.RaftServerConfigKeys (ConfUtils.java:logGet(46)) - raft.server.write.byte-limit = 1024 M (=1073741824) (custom)
2022-10-03 12:57:48,711 [21fe54d0-377d-43c9-af71-a01bd82d5518@group-8CF65DDFAC06-LeaderElection70] INFO  server.RaftServerConfigKeys (ConfUtils.java:logGet(46)) - raft.server.watch.timeout = 180s (custom)
2022-10-03 12:57:48,711 [21fe54d0-377d-43c9-af71-a01bd82d5518@group-8CF65DDFAC06-LeaderElection70] INFO  server.RaftServerConfigKeys (ConfUtils.java:logGet(46)) - raft.server.watch.timeout.denomination = 1s (default)
2022-10-03 12:57:48,711 [21fe54d0-377d-43c9-af71-a01bd82d5518@group-8CF65DDFAC06-LeaderElection70] INFO  server.RaftServerConfigKeys (ConfUtils.java:logGet(46)) - raft.server.watch.element-limit = 65536 (default)
2022-10-03 12:57:48,711 [21fe54d0-377d-43c9-af71-a01bd82d5518@group-8CF65DDFAC06-LeaderElection70] INFO  server.RaftServerConfigKeys (ConfUtils.java:logGet(46)) - raft.server.write.element-limit = 1024 (custom)
2022-10-03 12:57:48,711 [21fe54d0-377d-43c9-af71-a01bd82d5518@group-8CF65DDFAC06-LeaderElection70] INFO  server.RaftServerConfigKeys (ConfUtils.java:logGet(46)) - raft.server.write.follower.gap.ratio.max = -1.0 (default)
2022-10-03 12:57:48,711 [21fe54d0-377d-43c9-af71-a01bd82d5518@group-8CF65DDFAC06-LeaderElection70] INFO  impl.RoleInfo (RoleInfo.java:updateAndGet(139)) - 21fe54d0-377d-43c9-af71-a01bd82d5518: start 21fe54d0-377d-43c9-af71-a01bd82d5518@group-8CF65DDFAC06-LeaderStateImpl
2022-10-03 12:57:48,711 [21fe54d0-377d-43c9-af71-a01bd82d5518@group-8CF65DDFAC06-LeaderElection70] INFO  segmented.SegmentedRaftLogWorker (SegmentedRaftLogWorker.java:startLogSegment(425)) - 21fe54d0-377d-43c9-af71-a01bd82d5518@group-8CF65DDFAC06-SegmentedRaftLogWorker: Starting segment from index:0
2022-10-03 12:57:48,721 [21fe54d0-377d-43c9-af71-a01bd82d5518@group-8CF65DDFAC06-LeaderElection70] INFO  server.RaftServer$Division (ServerState.java:setRaftConf(393)) - 21fe54d0-377d-43c9-af71-a01bd82d5518@group-8CF65DDFAC06: set configuration 0: [21fe54d0-377d-43c9-af71-a01bd82d5518|rpc:10.1.0.147:40327|dataStream:|priority:1], old=null
2022-10-03 12:57:48,723 [EventQueue-OpenPipelineForHealthyPipelineSafeModeRule] INFO  safemode.SCMSafeModeManager (HealthyPipelineSafeModeRule.java:process(137)) - SCM in safe mode. Healthy pipelines reported count is 0, required healthy pipeline reported count is 1
2022-10-03 12:57:48,766 [21fe54d0-377d-43c9-af71-a01bd82d5518@group-8CF65DDFAC06-SegmentedRaftLogWorker] INFO  segmented.SegmentedRaftLogWorker (SegmentedRaftLogWorker.java:execute(629)) - 21fe54d0-377d-43c9-af71-a01bd82d5518@group-8CF65DDFAC06-SegmentedRaftLogWorker: created new log segment /home/runner/work/ozone/ozone/hadoop-ozone/integration-test/target/test-dir/MiniOzoneClusterImpl-53db5b09-2415-4619-b18d-0010cdbdab93/datanode-0/data/ratis/727f98a2-ada5-4af9-8849-8cf65ddfac06/current/log_inprogress_0
2022-10-03 12:57:49,525 [Listener at 127.0.0.1/41529] INFO  ozone.MiniOzoneClusterImpl (MiniOzoneClusterImpl.java:lambda$waitForClusterToBeReady$0(216)) - Nodes are ready. Got 3 of 3 DN Heartbeats.
2022-10-03 12:57:49,525 [Listener at 127.0.0.1/41529] INFO  ozone.MiniOzoneClusterImpl (MiniOzoneClusterImpl.java:lambda$waitForClusterToBeReady$0(219)) - Waiting for cluster to exit safe mode
2022-10-03 12:57:49,525 [Listener at 127.0.0.1/41529] INFO  ozone.MiniOzoneClusterImpl (MiniOzoneClusterImpl.java:lambda$waitForClusterToBeReady$0(221)) - SCM became leader
2022-10-03 12:57:50,068 [4cc98e97-26bc-48ed-a5cf-0536805b7522@group-B971ECD8CD1D-FollowerState] INFO  impl.FollowerState (FollowerState.java:run(143)) - 4cc98e97-26bc-48ed-a5cf-0536805b7522@group-B971ECD8CD1D-FollowerState: change to CANDIDATE, lastRpcElapsedTime:5069291362ns, electionTimeout:5069ms
2022-10-03 12:57:50,068 [4cc98e97-26bc-48ed-a5cf-0536805b7522@group-B971ECD8CD1D-FollowerState] INFO  impl.RoleInfo (RoleInfo.java:shutdownFollowerState(110)) - 4cc98e97-26bc-48ed-a5cf-0536805b7522: shutdown 4cc98e97-26bc-48ed-a5cf-0536805b7522@group-B971ECD8CD1D-FollowerState
2022-10-03 12:57:50,068 [4cc98e97-26bc-48ed-a5cf-0536805b7522@group-B971ECD8CD1D-FollowerState] INFO  server.RaftServer$Division (RaftServerImpl.java:setRole(299)) - 4cc98e97-26bc-48ed-a5cf-0536805b7522@group-B971ECD8CD1D: changes role from  FOLLOWER to CANDIDATE at term 0 for changeToCandidate
2022-10-03 12:57:50,069 [4cc98e97-26bc-48ed-a5cf-0536805b7522@group-B971ECD8CD1D-FollowerState] INFO  server.RaftServerConfigKeys (ConfUtils.java:logGet(46)) - raft.server.leaderelection.pre-vote = false (custom)
2022-10-03 12:57:50,069 [4cc98e97-26bc-48ed-a5cf-0536805b7522@group-B971ECD8CD1D-FollowerState] INFO  impl.RoleInfo (RoleInfo.java:updateAndGet(139)) - 4cc98e97-26bc-48ed-a5cf-0536805b7522: start 4cc98e97-26bc-48ed-a5cf-0536805b7522@group-B971ECD8CD1D-LeaderElection71
2022-10-03 12:57:50,142 [4cc98e97-26bc-48ed-a5cf-0536805b7522@group-B971ECD8CD1D-LeaderElection71] INFO  impl.LeaderElection (LeaderElection.java:askForVotes(310)) - 4cc98e97-26bc-48ed-a5cf-0536805b7522@group-B971ECD8CD1D-LeaderElection71 ELECTION round 0: submit vote requests at term 1 for -1: [4cc98e97-26bc-48ed-a5cf-0536805b7522|rpc:10.1.0.147:45187|priority:1], old=null
2022-10-03 12:57:50,142 [4cc98e97-26bc-48ed-a5cf-0536805b7522@group-B971ECD8CD1D-LeaderElection71] INFO  impl.LeaderElection (LeaderElection.java:askForVotes(312)) - 4cc98e97-26bc-48ed-a5cf-0536805b7522@group-B971ECD8CD1D-LeaderElection71 ELECTION round 0: result PASSED (term=1)
2022-10-03 12:57:50,142 [4cc98e97-26bc-48ed-a5cf-0536805b7522@group-B971ECD8CD1D-LeaderElection71] INFO  impl.RoleInfo (RoleInfo.java:shutdownLeaderElection(130)) - 4cc98e97-26bc-48ed-a5cf-0536805b7522: shutdown 4cc98e97-26bc-48ed-a5cf-0536805b7522@group-B971ECD8CD1D-LeaderElection71
2022-10-03 12:57:50,142 [4cc98e97-26bc-48ed-a5cf-0536805b7522@group-B971ECD8CD1D-LeaderElection71] INFO  server.RaftServer$Division (RaftServerImpl.java:setRole(299)) - 4cc98e97-26bc-48ed-a5cf-0536805b7522@group-B971ECD8CD1D: changes role from CANDIDATE to LEADER at term 1 for changeToLeader
2022-10-03 12:57:50,143 [4cc98e97-26bc-48ed-a5cf-0536805b7522@group-B971ECD8CD1D-LeaderElection71] INFO  ratis.XceiverServerRatis (XceiverServerRatis.java:handleLeaderChangedNotification(863)) - Leader change notification received for group: group-B971ECD8CD1D with new leaderId: 4cc98e97-26bc-48ed-a5cf-0536805b7522
2022-10-03 12:57:50,143 [4cc98e97-26bc-48ed-a5cf-0536805b7522@group-B971ECD8CD1D-LeaderElection71] INFO  server.RaftServer$Division (ServerState.java:setLeader(287)) - 4cc98e97-26bc-48ed-a5cf-0536805b7522@group-B971ECD8CD1D: change Leader from null to 4cc98e97-26bc-48ed-a5cf-0536805b7522 at term 1 for becomeLeader, leader elected after 5175ms
2022-10-03 12:57:50,143 [4cc98e97-26bc-48ed-a5cf-0536805b7522@group-B971ECD8CD1D-LeaderElection71] INFO  server.RaftServerConfigKeys (ConfUtils.java:logGet(46)) - raft.server.staging.catchup.gap = 1000 (default)
2022-10-03 12:57:50,143 [4cc98e97-26bc-48ed-a5cf-0536805b7522@group-B971ECD8CD1D-LeaderElection71] INFO  server.RaftServerConfigKeys (ConfUtils.java:logGet(46)) - raft.server.write.element-limit = 1024 (custom)
2022-10-03 12:57:50,143 [4cc98e97-26bc-48ed-a5cf-0536805b7522@group-B971ECD8CD1D-LeaderElection71] INFO  server.RaftServerConfigKeys (ConfUtils.java:logGet(46)) - raft.server.write.byte-limit = 1024 M (=1073741824) (custom)
2022-10-03 12:57:50,143 [4cc98e97-26bc-48ed-a5cf-0536805b7522@group-B971ECD8CD1D-LeaderElection71] INFO  server.RaftServerConfigKeys (ConfUtils.java:logGet(46)) - raft.server.watch.timeout = 180s (custom)
2022-10-03 12:57:50,143 [4cc98e97-26bc-48ed-a5cf-0536805b7522@group-B971ECD8CD1D-LeaderElection71] INFO  server.RaftServerConfigKeys (ConfUtils.java:logGet(46)) - raft.server.watch.timeout.denomination = 1s (default)
2022-10-03 12:57:50,143 [4cc98e97-26bc-48ed-a5cf-0536805b7522@group-B971ECD8CD1D-LeaderElection71] INFO  server.RaftServerConfigKeys (ConfUtils.java:logGet(46)) - raft.server.watch.element-limit = 65536 (default)
2022-10-03 12:57:50,143 [4cc98e97-26bc-48ed-a5cf-0536805b7522@group-B971ECD8CD1D-LeaderElection71] INFO  server.RaftServerConfigKeys (ConfUtils.java:logGet(46)) - raft.server.write.element-limit = 1024 (custom)
2022-10-03 12:57:50,143 [4cc98e97-26bc-48ed-a5cf-0536805b7522@group-B971ECD8CD1D-LeaderElection71] INFO  server.RaftServerConfigKeys (ConfUtils.java:logGet(46)) - raft.server.write.follower.gap.ratio.max = -1.0 (default)
2022-10-03 12:57:50,143 [4cc98e97-26bc-48ed-a5cf-0536805b7522@group-B971ECD8CD1D-LeaderElection71] INFO  impl.RoleInfo (RoleInfo.java:updateAndGet(139)) - 4cc98e97-26bc-48ed-a5cf-0536805b7522: start 4cc98e97-26bc-48ed-a5cf-0536805b7522@group-B971ECD8CD1D-LeaderStateImpl
2022-10-03 12:57:50,144 [4cc98e97-26bc-48ed-a5cf-0536805b7522@group-B971ECD8CD1D-LeaderElection71] INFO  segmented.SegmentedRaftLogWorker (SegmentedRaftLogWorker.java:startLogSegment(425)) - 4cc98e97-26bc-48ed-a5cf-0536805b7522@group-B971ECD8CD1D-SegmentedRaftLogWorker: Starting segment from index:0
2022-10-03 12:57:50,145 [4cc98e97-26bc-48ed-a5cf-0536805b7522@group-B971ECD8CD1D-SegmentedRaftLogWorker] INFO  segmented.SegmentedRaftLogWorker (SegmentedRaftLogWorker.java:execute(629)) - 4cc98e97-26bc-48ed-a5cf-0536805b7522@group-B971ECD8CD1D-SegmentedRaftLogWorker: created new log segment /home/runner/work/ozone/ozone/hadoop-ozone/integration-test/target/test-dir/MiniOzoneClusterImpl-53db5b09-2415-4619-b18d-0010cdbdab93/datanode-1/data/ratis/bd969d2c-5cd2-4324-8144-b971ecd8cd1d/current/log_inprogress_0
2022-10-03 12:57:50,171 [4cc98e97-26bc-48ed-a5cf-0536805b7522@group-B971ECD8CD1D-LeaderElection71] INFO  server.RaftServer$Division (ServerState.java:setRaftConf(393)) - 4cc98e97-26bc-48ed-a5cf-0536805b7522@group-B971ECD8CD1D: set configuration 0: [4cc98e97-26bc-48ed-a5cf-0536805b7522|rpc:10.1.0.147:45187|dataStream:|priority:1], old=null
2022-10-03 12:57:50,185 [4cc98e97-26bc-48ed-a5cf-0536805b7522@group-A935ECF88E88-FollowerState] INFO  impl.FollowerState (FollowerState.java:run(143)) - 4cc98e97-26bc-48ed-a5cf-0536805b7522@group-A935ECF88E88-FollowerState: change to CANDIDATE, lastRpcElapsedTime:5094763879ns, electionTimeout:5056ms
2022-10-03 12:57:50,185 [4cc98e97-26bc-48ed-a5cf-0536805b7522@group-A935ECF88E88-FollowerState] INFO  impl.RoleInfo (RoleInfo.java:shutdownFollowerState(110)) - 4cc98e97-26bc-48ed-a5cf-0536805b7522: shutdown 4cc98e97-26bc-48ed-a5cf-0536805b7522@group-A935ECF88E88-FollowerState
2022-10-03 12:57:50,185 [4cc98e97-26bc-48ed-a5cf-0536805b7522@group-A935ECF88E88-FollowerState] INFO  server.RaftServer$Division (RaftServerImpl.java:setRole(299)) - 4cc98e97-26bc-48ed-a5cf-0536805b7522@group-A935ECF88E88: changes role from  FOLLOWER to CANDIDATE at term 0 for changeToCandidate
2022-10-03 12:57:50,185 [4cc98e97-26bc-48ed-a5cf-0536805b7522@group-A935ECF88E88-FollowerState] INFO  server.RaftServerConfigKeys (ConfUtils.java:logGet(46)) - raft.server.leaderelection.pre-vote = false (custom)
2022-10-03 12:57:50,185 [4cc98e97-26bc-48ed-a5cf-0536805b7522@group-A935ECF88E88-FollowerState] INFO  impl.RoleInfo (RoleInfo.java:updateAndGet(139)) - 4cc98e97-26bc-48ed-a5cf-0536805b7522: start 4cc98e97-26bc-48ed-a5cf-0536805b7522@group-A935ECF88E88-LeaderElection72
2022-10-03 12:57:50,214 [EventQueue-OpenPipelineForHealthyPipelineSafeModeRule] INFO  safemode.SCMSafeModeManager (HealthyPipelineSafeModeRule.java:process(137)) - SCM in safe mode. Healthy pipelines reported count is 0, required healthy pipeline reported count is 1
2022-10-03 12:57:50,249 [4cc98e97-26bc-48ed-a5cf-0536805b7522@group-A935ECF88E88-LeaderElection72] INFO  impl.LeaderElection (LeaderElection.java:askForVotes(310)) - 4cc98e97-26bc-48ed-a5cf-0536805b7522@group-A935ECF88E88-LeaderElection72 ELECTION round 0: submit vote requests at term 1 for -1: [1ecca3ae-2ad7-42d2-aa85-a2563cb61ab5|rpc:10.1.0.147:35369|priority:0, 21fe54d0-377d-43c9-af71-a01bd82d5518|rpc:10.1.0.147:40327|priority:1, 4cc98e97-26bc-48ed-a5cf-0536805b7522|rpc:10.1.0.147:45187|priority:0], old=null
2022-10-03 12:57:50,288 [1ecca3ae-2ad7-42d2-aa85-a2563cb61ab5@group-A935ECF88E88-FollowerState] INFO  impl.FollowerState (FollowerState.java:run(143)) - 1ecca3ae-2ad7-42d2-aa85-a2563cb61ab5@group-A935ECF88E88-FollowerState: change to CANDIDATE, lastRpcElapsedTime:5032469172ns, electionTimeout:5014ms
2022-10-03 12:57:50,288 [1ecca3ae-2ad7-42d2-aa85-a2563cb61ab5@group-A935ECF88E88-FollowerState] INFO  impl.RoleInfo (RoleInfo.java:shutdownFollowerState(110)) - 1ecca3ae-2ad7-42d2-aa85-a2563cb61ab5: shutdown 1ecca3ae-2ad7-42d2-aa85-a2563cb61ab5@group-A935ECF88E88-FollowerState
2022-10-03 12:57:50,288 [1ecca3ae-2ad7-42d2-aa85-a2563cb61ab5@group-A935ECF88E88-FollowerState] INFO  server.RaftServer$Division (RaftServerImpl.java:setRole(299)) - 1ecca3ae-2ad7-42d2-aa85-a2563cb61ab5@group-A935ECF88E88: changes role from  FOLLOWER to CANDIDATE at term 0 for changeToCandidate
2022-10-03 12:57:50,288 [1ecca3ae-2ad7-42d2-aa85-a2563cb61ab5@group-A935ECF88E88-FollowerState] INFO  server.RaftServerConfigKeys (ConfUtils.java:logGet(46)) - raft.server.leaderelection.pre-vote = false (custom)
2022-10-03 12:57:50,288 [1ecca3ae-2ad7-42d2-aa85-a2563cb61ab5@group-A935ECF88E88-FollowerState] INFO  impl.RoleInfo (RoleInfo.java:updateAndGet(139)) - 1ecca3ae-2ad7-42d2-aa85-a2563cb61ab5: start 1ecca3ae-2ad7-42d2-aa85-a2563cb61ab5@group-A935ECF88E88-LeaderElection73
2022-10-03 12:57:50,335 [grpc-default-executor-1] INFO  server.RaftServer$Division (RaftServerImpl.java:requestVote(1152)) - 1ecca3ae-2ad7-42d2-aa85-a2563cb61ab5@group-A935ECF88E88: receive requestVote(ELECTION, 4cc98e97-26bc-48ed-a5cf-0536805b7522, group-A935ECF88E88, 1, (t:0, i:0))
2022-10-03 12:57:50,335 [grpc-default-executor-0] INFO  server.RaftServer$Division (RaftServerImpl.java:requestVote(1152)) - 21fe54d0-377d-43c9-af71-a01bd82d5518@group-A935ECF88E88: receive requestVote(ELECTION, 4cc98e97-26bc-48ed-a5cf-0536805b7522, group-A935ECF88E88, 1, (t:0, i:0))
2022-10-03 12:57:50,335 [grpc-default-executor-0] INFO  impl.VoteContext (VoteContext.java:log(48)) - 21fe54d0-377d-43c9-af71-a01bd82d5518@group-A935ECF88E88-FOLLOWER: reject ELECTION from 4cc98e97-26bc-48ed-a5cf-0536805b7522: our priority 1 > candidate's priority 0
2022-10-03 12:57:50,335 [grpc-default-executor-0] INFO  server.RaftServer$Division (RaftServerImpl.java:setRole(299)) - 21fe54d0-377d-43c9-af71-a01bd82d5518@group-A935ECF88E88: changes role from  FOLLOWER to FOLLOWER at term 1 for candidate:4cc98e97-26bc-48ed-a5cf-0536805b7522
2022-10-03 12:57:50,335 [grpc-default-executor-0] INFO  impl.RoleInfo (RoleInfo.java:shutdownFollowerState(110)) - 21fe54d0-377d-43c9-af71-a01bd82d5518: shutdown 21fe54d0-377d-43c9-af71-a01bd82d5518@group-A935ECF88E88-FollowerState
2022-10-03 12:57:50,335 [grpc-default-executor-0] INFO  impl.RoleInfo (RoleInfo.java:updateAndGet(139)) - 21fe54d0-377d-43c9-af71-a01bd82d5518: start 21fe54d0-377d-43c9-af71-a01bd82d5518@group-A935ECF88E88-FollowerState
2022-10-03 12:57:50,335 [21fe54d0-377d-43c9-af71-a01bd82d5518@group-A935ECF88E88-FollowerState] INFO  impl.FollowerState (FollowerState.java:run(152)) - 21fe54d0-377d-43c9-af71-a01bd82d5518@group-A935ECF88E88-FollowerState was interrupted
2022-10-03 12:57:50,379 [grpc-default-executor-1] INFO  impl.VoteContext (VoteContext.java:log(48)) - 1ecca3ae-2ad7-42d2-aa85-a2563cb61ab5@group-A935ECF88E88-CANDIDATE: accept ELECTION from 4cc98e97-26bc-48ed-a5cf-0536805b7522: our priority 0 <= candidate's priority 0
2022-10-03 12:57:50,379 [grpc-default-executor-1] INFO  server.RaftServer$Division (RaftServerImpl.java:setRole(299)) - 1ecca3ae-2ad7-42d2-aa85-a2563cb61ab5@group-A935ECF88E88: changes role from CANDIDATE to FOLLOWER at term 1 for candidate:4cc98e97-26bc-48ed-a5cf-0536805b7522
2022-10-03 12:57:50,379 [grpc-default-executor-1] INFO  impl.RoleInfo (RoleInfo.java:shutdownLeaderElection(130)) - 1ecca3ae-2ad7-42d2-aa85-a2563cb61ab5: shutdown 1ecca3ae-2ad7-42d2-aa85-a2563cb61ab5@group-A935ECF88E88-LeaderElection73
2022-10-03 12:57:50,380 [grpc-default-executor-1] INFO  impl.RoleInfo (RoleInfo.java:updateAndGet(139)) - 1ecca3ae-2ad7-42d2-aa85-a2563cb61ab5: start 1ecca3ae-2ad7-42d2-aa85-a2563cb61ab5@group-A935ECF88E88-FollowerState
2022-10-03 12:57:50,400 [grpc-default-executor-0] INFO  server.RaftServer$Division (RaftServerImpl.java:requestVote(1184)) - 21fe54d0-377d-43c9-af71-a01bd82d5518@group-A935ECF88E88 replies to ELECTION vote request: 4cc98e97-26bc-48ed-a5cf-0536805b7522<-21fe54d0-377d-43c9-af71-a01bd82d5518#0:FAIL-t1. Peer's state: 21fe54d0-377d-43c9-af71-a01bd82d5518@group-A935ECF88E88:t1, leader=null, voted=null, raftlog=21fe54d0-377d-43c9-af71-a01bd82d5518@group-A935ECF88E88-SegmentedRaftLog:OPENED:c-1, conf=-1: [1ecca3ae-2ad7-42d2-aa85-a2563cb61ab5|rpc:10.1.0.147:35369|dataStream:|priority:0, 21fe54d0-377d-43c9-af71-a01bd82d5518|rpc:10.1.0.147:40327|dataStream:|priority:1, 4cc98e97-26bc-48ed-a5cf-0536805b7522|rpc:10.1.0.147:45187|dataStream:|priority:0], old=null
2022-10-03 12:57:50,402 [grpc-default-executor-1] INFO  server.RaftServer$Division (RaftServerImpl.java:requestVote(1184)) - 1ecca3ae-2ad7-42d2-aa85-a2563cb61ab5@group-A935ECF88E88 replies to ELECTION vote request: 4cc98e97-26bc-48ed-a5cf-0536805b7522<-1ecca3ae-2ad7-42d2-aa85-a2563cb61ab5#0:OK-t1. Peer's state: 1ecca3ae-2ad7-42d2-aa85-a2563cb61ab5@group-A935ECF88E88:t1, leader=null, voted=4cc98e97-26bc-48ed-a5cf-0536805b7522, raftlog=1ecca3ae-2ad7-42d2-aa85-a2563cb61ab5@group-A935ECF88E88-SegmentedRaftLog:OPENED:c-1, conf=-1: [1ecca3ae-2ad7-42d2-aa85-a2563cb61ab5|rpc:10.1.0.147:35369|dataStream:|priority:0, 21fe54d0-377d-43c9-af71-a01bd82d5518|rpc:10.1.0.147:40327|dataStream:|priority:1, 4cc98e97-26bc-48ed-a5cf-0536805b7522|rpc:10.1.0.147:45187|dataStream:|priority:0], old=null
2022-10-03 12:57:50,414 [4cc98e97-26bc-48ed-a5cf-0536805b7522@group-A935ECF88E88-LeaderElection72] INFO  impl.LeaderElection (LeaderElection.java:logAndReturn(90)) - 4cc98e97-26bc-48ed-a5cf-0536805b7522@group-A935ECF88E88-LeaderElection72: ELECTION REJECTED received 1 response(s) and 0 exception(s):
2022-10-03 12:57:50,414 [4cc98e97-26bc-48ed-a5cf-0536805b7522@group-A935ECF88E88-LeaderElection72] INFO  impl.LeaderElection (LeaderElection.java:logAndReturn(94)) -   Response 0: 4cc98e97-26bc-48ed-a5cf-0536805b7522<-21fe54d0-377d-43c9-af71-a01bd82d5518#0:FAIL-t1
2022-10-03 12:57:50,415 [4cc98e97-26bc-48ed-a5cf-0536805b7522@group-A935ECF88E88-LeaderElection72] INFO  impl.LeaderElection (LeaderElection.java:askForVotes(312)) - 4cc98e97-26bc-48ed-a5cf-0536805b7522@group-A935ECF88E88-LeaderElection72 ELECTION round 0: result REJECTED
2022-10-03 12:57:50,415 [4cc98e97-26bc-48ed-a5cf-0536805b7522@group-A935ECF88E88-LeaderElection72] INFO  server.RaftServer$Division (RaftServerImpl.java:setRole(299)) - 4cc98e97-26bc-48ed-a5cf-0536805b7522@group-A935ECF88E88: changes role from CANDIDATE to FOLLOWER at term 1 for REJECTED
2022-10-03 12:57:50,415 [4cc98e97-26bc-48ed-a5cf-0536805b7522@group-A935ECF88E88-LeaderElection72] INFO  impl.RoleInfo (RoleInfo.java:shutdownLeaderElection(130)) - 4cc98e97-26bc-48ed-a5cf-0536805b7522: shutdown 4cc98e97-26bc-48ed-a5cf-0536805b7522@group-A935ECF88E88-LeaderElection72
2022-10-03 12:57:50,415 [4cc98e97-26bc-48ed-a5cf-0536805b7522@group-A935ECF88E88-LeaderElection72] INFO  impl.RoleInfo (RoleInfo.java:updateAndGet(139)) - 4cc98e97-26bc-48ed-a5cf-0536805b7522: start 4cc98e97-26bc-48ed-a5cf-0536805b7522@group-A935ECF88E88-FollowerState
2022-10-03 12:57:50,533 [Listener at 127.0.0.1/41529] INFO  ozone.MiniOzoneClusterImpl (MiniOzoneClusterImpl.java:lambda$waitForClusterToBeReady$0(216)) - Nodes are ready. Got 3 of 3 DN Heartbeats.
2022-10-03 12:57:50,533 [Listener at 127.0.0.1/41529] INFO  ozone.MiniOzoneClusterImpl (MiniOzoneClusterImpl.java:lambda$waitForClusterToBeReady$0(219)) - Waiting for cluster to exit safe mode
2022-10-03 12:57:50,533 [Listener at 127.0.0.1/41529] INFO  ozone.MiniOzoneClusterImpl (MiniOzoneClusterImpl.java:lambda$waitForClusterToBeReady$0(221)) - SCM became leader
2022-10-03 12:57:50,751 [21fe54d0-377d-43c9-af71-a01bd82d5518@group-E04EDCCF1085-FollowerState] INFO  impl.FollowerState (FollowerState.java:run(143)) - 21fe54d0-377d-43c9-af71-a01bd82d5518@group-E04EDCCF1085-FollowerState: change to CANDIDATE, lastRpcElapsedTime:5216279160ns, electionTimeout:5170ms
2022-10-03 12:57:50,751 [21fe54d0-377d-43c9-af71-a01bd82d5518@group-E04EDCCF1085-FollowerState] INFO  impl.RoleInfo (RoleInfo.java:shutdownFollowerState(110)) - 21fe54d0-377d-43c9-af71-a01bd82d5518: shutdown 21fe54d0-377d-43c9-af71-a01bd82d5518@group-E04EDCCF1085-FollowerState
2022-10-03 12:57:50,751 [21fe54d0-377d-43c9-af71-a01bd82d5518@group-E04EDCCF1085-FollowerState] INFO  server.RaftServer$Division (RaftServerImpl.java:setRole(299)) - 21fe54d0-377d-43c9-af71-a01bd82d5518@group-E04EDCCF1085: changes role from  FOLLOWER to CANDIDATE at term 0 for changeToCandidate
2022-10-03 12:57:50,752 [21fe54d0-377d-43c9-af71-a01bd82d5518@group-E04EDCCF1085-FollowerState] INFO  server.RaftServerConfigKeys (ConfUtils.java:logGet(46)) - raft.server.leaderelection.pre-vote = false (custom)
2022-10-03 12:57:50,752 [21fe54d0-377d-43c9-af71-a01bd82d5518@group-E04EDCCF1085-FollowerState] INFO  impl.RoleInfo (RoleInfo.java:updateAndGet(139)) - 21fe54d0-377d-43c9-af71-a01bd82d5518: start 21fe54d0-377d-43c9-af71-a01bd82d5518@group-E04EDCCF1085-LeaderElection74
2022-10-03 12:57:50,768 [4cc98e97-26bc-48ed-a5cf-0536805b7522@group-E04EDCCF1085-FollowerState] INFO  impl.FollowerState (FollowerState.java:run(143)) - 4cc98e97-26bc-48ed-a5cf-0536805b7522@group-E04EDCCF1085-FollowerState: change to CANDIDATE, lastRpcElapsedTime:5172881751ns, electionTimeout:5158ms
2022-10-03 12:57:50,768 [4cc98e97-26bc-48ed-a5cf-0536805b7522@group-E04EDCCF1085-FollowerState] INFO  impl.RoleInfo (RoleInfo.java:shutdownFollowerState(110)) - 4cc98e97-26bc-48ed-a5cf-0536805b7522: shutdown 4cc98e97-26bc-48ed-a5cf-0536805b7522@group-E04EDCCF1085-FollowerState
2022-10-03 12:57:50,768 [4cc98e97-26bc-48ed-a5cf-0536805b7522@group-E04EDCCF1085-FollowerState] INFO  server.RaftServer$Division (RaftServerImpl.java:setRole(299)) - 4cc98e97-26bc-48ed-a5cf-0536805b7522@group-E04EDCCF1085: changes role from  FOLLOWER to CANDIDATE at term 0 for changeToCandidate
2022-10-03 12:57:50,809 [4cc98e97-26bc-48ed-a5cf-0536805b7522@group-E04EDCCF1085-FollowerState] INFO  server.RaftServerConfigKeys (ConfUtils.java:logGet(46)) - raft.server.leaderelection.pre-vote = false (custom)
2022-10-03 12:57:50,809 [4cc98e97-26bc-48ed-a5cf-0536805b7522@group-E04EDCCF1085-FollowerState] INFO  impl.RoleInfo (RoleInfo.java:updateAndGet(139)) - 4cc98e97-26bc-48ed-a5cf-0536805b7522: start 4cc98e97-26bc-48ed-a5cf-0536805b7522@group-E04EDCCF1085-LeaderElection75
2022-10-03 12:57:50,849 [21fe54d0-377d-43c9-af71-a01bd82d5518@group-E04EDCCF1085-LeaderElection74] INFO  impl.LeaderElection (LeaderElection.java:askForVotes(310)) - 21fe54d0-377d-43c9-af71-a01bd82d5518@group-E04EDCCF1085-LeaderElection74 ELECTION round 0: submit vote requests at term 1 for -1: [1ecca3ae-2ad7-42d2-aa85-a2563cb61ab5|rpc:10.1.0.147:35369|priority:1, 21fe54d0-377d-43c9-af71-a01bd82d5518|rpc:10.1.0.147:40327|priority:0, 4cc98e97-26bc-48ed-a5cf-0536805b7522|rpc:10.1.0.147:45187|priority:0], old=null
2022-10-03 12:57:50,905 [4cc98e97-26bc-48ed-a5cf-0536805b7522@group-E04EDCCF1085-LeaderElection75] INFO  impl.LeaderElection (LeaderElection.java:askForVotes(310)) - 4cc98e97-26bc-48ed-a5cf-0536805b7522@group-E04EDCCF1085-LeaderElection75 ELECTION round 0: submit vote requests at term 1 for -1: [1ecca3ae-2ad7-42d2-aa85-a2563cb61ab5|rpc:10.1.0.147:35369|priority:1, 21fe54d0-377d-43c9-af71-a01bd82d5518|rpc:10.1.0.147:40327|priority:0, 4cc98e97-26bc-48ed-a5cf-0536805b7522|rpc:10.1.0.147:45187|priority:0], old=null
2022-10-03 12:57:50,927 [1ecca3ae-2ad7-42d2-aa85-a2563cb61ab5@group-E04EDCCF1085-FollowerState] INFO  impl.FollowerState (FollowerState.java:run(143)) - 1ecca3ae-2ad7-42d2-aa85-a2563cb61ab5@group-E04EDCCF1085-FollowerState: change to CANDIDATE, lastRpcElapsedTime:5196905372ns, electionTimeout:5196ms
2022-10-03 12:57:50,927 [1ecca3ae-2ad7-42d2-aa85-a2563cb61ab5@group-E04EDCCF1085-FollowerState] INFO  impl.RoleInfo (RoleInfo.java:shutdownFollowerState(110)) - 1ecca3ae-2ad7-42d2-aa85-a2563cb61ab5: shutdown 1ecca3ae-2ad7-42d2-aa85-a2563cb61ab5@group-E04EDCCF1085-FollowerState
2022-10-03 12:57:50,927 [1ecca3ae-2ad7-42d2-aa85-a2563cb61ab5@group-E04EDCCF1085-FollowerState] INFO  server.RaftServer$Division (RaftServerImpl.java:setRole(299)) - 1ecca3ae-2ad7-42d2-aa85-a2563cb61ab5@group-E04EDCCF1085: changes role from  FOLLOWER to CANDIDATE at term 0 for changeToCandidate
2022-10-03 12:57:50,927 [1ecca3ae-2ad7-42d2-aa85-a2563cb61ab5@group-E04EDCCF1085-FollowerState] INFO  server.RaftServerConfigKeys (ConfUtils.java:logGet(46)) - raft.server.leaderelection.pre-vote = false (custom)
2022-10-03 12:57:50,927 [1ecca3ae-2ad7-42d2-aa85-a2563cb61ab5@group-E04EDCCF1085-FollowerState] INFO  impl.RoleInfo (RoleInfo.java:updateAndGet(139)) - 1ecca3ae-2ad7-42d2-aa85-a2563cb61ab5: start 1ecca3ae-2ad7-42d2-aa85-a2563cb61ab5@group-E04EDCCF1085-LeaderElection76
2022-10-03 12:57:50,931 [grpc-default-executor-1] INFO  server.RaftServer$Division (RaftServerImpl.java:requestVote(1152)) - 1ecca3ae-2ad7-42d2-aa85-a2563cb61ab5@group-E04EDCCF1085: receive requestVote(ELECTION, 4cc98e97-26bc-48ed-a5cf-0536805b7522, group-E04EDCCF1085, 1, (t:0, i:0))
2022-10-03 12:57:50,931 [grpc-default-executor-1] INFO  impl.VoteContext (VoteContext.java:log(48)) - 1ecca3ae-2ad7-42d2-aa85-a2563cb61ab5@group-E04EDCCF1085-CANDIDATE: reject ELECTION from 4cc98e97-26bc-48ed-a5cf-0536805b7522: our priority 1 > candidate's priority 0
2022-10-03 12:57:50,931 [grpc-default-executor-1] INFO  server.RaftServer$Division (RaftServerImpl.java:setRole(299)) - 1ecca3ae-2ad7-42d2-aa85-a2563cb61ab5@group-E04EDCCF1085: changes role from CANDIDATE to FOLLOWER at term 1 for candidate:4cc98e97-26bc-48ed-a5cf-0536805b7522
2022-10-03 12:57:50,931 [grpc-default-executor-1] INFO  impl.RoleInfo (RoleInfo.java:shutdownLeaderElection(130)) - 1ecca3ae-2ad7-42d2-aa85-a2563cb61ab5: shutdown 1ecca3ae-2ad7-42d2-aa85-a2563cb61ab5@group-E04EDCCF1085-LeaderElection76
2022-10-03 12:57:50,933 [grpc-default-executor-0] INFO  server.RaftServer$Division (RaftServerImpl.java:requestVote(1152)) - 1ecca3ae-2ad7-42d2-aa85-a2563cb61ab5@group-E04EDCCF1085: receive requestVote(ELECTION, 21fe54d0-377d-43c9-af71-a01bd82d5518, group-E04EDCCF1085, 1, (t:0, i:0))
2022-10-03 12:57:50,986 [grpc-default-executor-1] INFO  impl.RoleInfo (RoleInfo.java:updateAndGet(139)) - 1ecca3ae-2ad7-42d2-aa85-a2563cb61ab5: start 1ecca3ae-2ad7-42d2-aa85-a2563cb61ab5@group-E04EDCCF1085-FollowerState
2022-10-03 12:57:50,987 [grpc-default-executor-2] INFO  server.RaftServer$Division (RaftServerImpl.java:requestVote(1152)) - 4cc98e97-26bc-48ed-a5cf-0536805b7522@group-E04EDCCF1085: receive requestVote(ELECTION, 21fe54d0-377d-43c9-af71-a01bd82d5518, group-E04EDCCF1085, 1, (t:0, i:0))
2022-10-03 12:57:50,987 [grpc-default-executor-2] INFO  impl.VoteContext (VoteContext.java:log(48)) - 4cc98e97-26bc-48ed-a5cf-0536805b7522@group-E04EDCCF1085-CANDIDATE: reject ELECTION from 21fe54d0-377d-43c9-af71-a01bd82d5518: already has voted for 4cc98e97-26bc-48ed-a5cf-0536805b7522 at current term 1
2022-10-03 12:57:50,987 [grpc-default-executor-2] INFO  server.RaftServer$Division (RaftServerImpl.java:requestVote(1184)) - 4cc98e97-26bc-48ed-a5cf-0536805b7522@group-E04EDCCF1085 replies to ELECTION vote request: 21fe54d0-377d-43c9-af71-a01bd82d5518<-4cc98e97-26bc-48ed-a5cf-0536805b7522#0:FAIL-t1. Peer's state: 4cc98e97-26bc-48ed-a5cf-0536805b7522@group-E04EDCCF1085:t1, leader=null, voted=4cc98e97-26bc-48ed-a5cf-0536805b7522, raftlog=4cc98e97-26bc-48ed-a5cf-0536805b7522@group-E04EDCCF1085-SegmentedRaftLog:OPENED:c-1, conf=-1: [1ecca3ae-2ad7-42d2-aa85-a2563cb61ab5|rpc:10.1.0.147:35369|priority:1, 21fe54d0-377d-43c9-af71-a01bd82d5518|rpc:10.1.0.147:40327|priority:0, 4cc98e97-26bc-48ed-a5cf-0536805b7522|rpc:10.1.0.147:45187|priority:0], old=null
2022-10-03 12:57:51,025 [grpc-default-executor-1] INFO  server.RaftServer$Division (RaftServerImpl.java:requestVote(1184)) - 1ecca3ae-2ad7-42d2-aa85-a2563cb61ab5@group-E04EDCCF1085 replies to ELECTION vote request: 4cc98e97-26bc-48ed-a5cf-0536805b7522<-1ecca3ae-2ad7-42d2-aa85-a2563cb61ab5#0:FAIL-t1. Peer's state: 1ecca3ae-2ad7-42d2-aa85-a2563cb61ab5@group-E04EDCCF1085:t1, leader=null, voted=null, raftlog=1ecca3ae-2ad7-42d2-aa85-a2563cb61ab5@group-E04EDCCF1085-SegmentedRaftLog:OPENED:c-1, conf=-1: [1ecca3ae-2ad7-42d2-aa85-a2563cb61ab5|rpc:10.1.0.147:35369|dataStream:|priority:1, 21fe54d0-377d-43c9-af71-a01bd82d5518|rpc:10.1.0.147:40327|dataStream:|priority:0, 4cc98e97-26bc-48ed-a5cf-0536805b7522|rpc:10.1.0.147:45187|dataStream:|priority:0], old=null
2022-10-03 12:57:51,037 [grpc-default-executor-0] INFO  impl.VoteContext (VoteContext.java:log(48)) - 1ecca3ae-2ad7-42d2-aa85-a2563cb61ab5@group-E04EDCCF1085-FOLLOWER: reject ELECTION from 21fe54d0-377d-43c9-af71-a01bd82d5518: our priority 1 > candidate's priority 0
2022-10-03 12:57:51,037 [grpc-default-executor-0] INFO  server.RaftServer$Division (RaftServerImpl.java:setRole(299)) - 1ecca3ae-2ad7-42d2-aa85-a2563cb61ab5@group-E04EDCCF1085: changes role from  FOLLOWER to FOLLOWER at term 1 for candidate:21fe54d0-377d-43c9-af71-a01bd82d5518
2022-10-03 12:57:51,037 [grpc-default-executor-0] INFO  impl.RoleInfo (RoleInfo.java:shutdownFollowerState(110)) - 1ecca3ae-2ad7-42d2-aa85-a2563cb61ab5: shutdown 1ecca3ae-2ad7-42d2-aa85-a2563cb61ab5@group-E04EDCCF1085-FollowerState
2022-10-03 12:57:51,037 [grpc-default-executor-0] INFO  impl.RoleInfo (RoleInfo.java:updateAndGet(139)) - 1ecca3ae-2ad7-42d2-aa85-a2563cb61ab5: start 1ecca3ae-2ad7-42d2-aa85-a2563cb61ab5@group-E04EDCCF1085-FollowerState
2022-10-03 12:57:51,037 [grpc-default-executor-3] INFO  server.RaftServer$Division (RaftServerImpl.java:requestVote(1152)) - 21fe54d0-377d-43c9-af71-a01bd82d5518@group-E04EDCCF1085: receive requestVote(ELECTION, 4cc98e97-26bc-48ed-a5cf-0536805b7522, group-E04EDCCF1085, 1, (t:0, i:0))
2022-10-03 12:57:51,037 [grpc-default-executor-3] INFO  impl.VoteContext (VoteContext.java:log(48)) - 21fe54d0-377d-43c9-af71-a01bd82d5518@group-E04EDCCF1085-CANDIDATE: reject ELECTION from 4cc98e97-26bc-48ed-a5cf-0536805b7522: already has voted for 21fe54d0-377d-43c9-af71-a01bd82d5518 at current term 1
2022-10-03 12:57:51,037 [grpc-default-executor-3] INFO  server.RaftServer$Division (RaftServerImpl.java:requestVote(1184)) - 21fe54d0-377d-43c9-af71-a01bd82d5518@group-E04EDCCF1085 replies to ELECTION vote request: 4cc98e97-26bc-48ed-a5cf-0536805b7522<-21fe54d0-377d-43c9-af71-a01bd82d5518#0:FAIL-t1. Peer's state: 21fe54d0-377d-43c9-af71-a01bd82d5518@group-E04EDCCF1085:t1, leader=null, voted=21fe54d0-377d-43c9-af71-a01bd82d5518, raftlog=21fe54d0-377d-43c9-af71-a01bd82d5518@group-E04EDCCF1085-SegmentedRaftLog:OPENED:c-1, conf=-1: [1ecca3ae-2ad7-42d2-aa85-a2563cb61ab5|rpc:10.1.0.147:35369|priority:1, 21fe54d0-377d-43c9-af71-a01bd82d5518|rpc:10.1.0.147:40327|priority:0, 4cc98e97-26bc-48ed-a5cf-0536805b7522|rpc:10.1.0.147:45187|priority:0], old=null
2022-10-03 12:57:51,038 [grpc-default-executor-0] INFO  server.RaftServer$Division (RaftServerImpl.java:requestVote(1184)) - 1ecca3ae-2ad7-42d2-aa85-a2563cb61ab5@group-E04EDCCF1085 replies to ELECTION vote request: 21fe54d0-377d-43c9-af71-a01bd82d5518<-1ecca3ae-2ad7-42d2-aa85-a2563cb61ab5#0:FAIL-t1. Peer's state: 1ecca3ae-2ad7-42d2-aa85-a2563cb61ab5@group-E04EDCCF1085:t1, leader=null, voted=null, raftlog=1ecca3ae-2ad7-42d2-aa85-a2563cb61ab5@group-E04EDCCF1085-SegmentedRaftLog:OPENED:c-1, conf=-1: [1ecca3ae-2ad7-42d2-aa85-a2563cb61ab5|rpc:10.1.0.147:35369|dataStream:|priority:1, 21fe54d0-377d-43c9-af71-a01bd82d5518|rpc:10.1.0.147:40327|dataStream:|priority:0, 4cc98e97-26bc-48ed-a5cf-0536805b7522|rpc:10.1.0.147:45187|dataStream:|priority:0], old=null
2022-10-03 12:57:51,039 [4cc98e97-26bc-48ed-a5cf-0536805b7522@group-E04EDCCF1085-LeaderElection75] INFO  impl.LeaderElection (LeaderElection.java:logAndReturn(90)) - 4cc98e97-26bc-48ed-a5cf-0536805b7522@group-E04EDCCF1085-LeaderElection75: ELECTION REJECTED received 1 response(s) and 0 exception(s):
2022-10-03 12:57:51,039 [4cc98e97-26bc-48ed-a5cf-0536805b7522@group-E04EDCCF1085-LeaderElection75] INFO  impl.LeaderElection (LeaderElection.java:logAndReturn(94)) -   Response 0: 4cc98e97-26bc-48ed-a5cf-0536805b7522<-1ecca3ae-2ad7-42d2-aa85-a2563cb61ab5#0:FAIL-t1
2022-10-03 12:57:51,039 [4cc98e97-26bc-48ed-a5cf-0536805b7522@group-E04EDCCF1085-LeaderElection75] INFO  impl.LeaderElection (LeaderElection.java:askForVotes(312)) - 4cc98e97-26bc-48ed-a5cf-0536805b7522@group-E04EDCCF1085-LeaderElection75 ELECTION round 0: result REJECTED
2022-10-03 12:57:51,039 [4cc98e97-26bc-48ed-a5cf-0536805b7522@group-E04EDCCF1085-LeaderElection75] INFO  server.RaftServer$Division (RaftServerImpl.java:setRole(299)) - 4cc98e97-26bc-48ed-a5cf-0536805b7522@group-E04EDCCF1085: changes role from CANDIDATE to FOLLOWER at term 1 for REJECTED
2022-10-03 12:57:51,039 [4cc98e97-26bc-48ed-a5cf-0536805b7522@group-E04EDCCF1085-LeaderElection75] INFO  impl.RoleInfo (RoleInfo.java:shutdownLeaderElection(130)) - 4cc98e97-26bc-48ed-a5cf-0536805b7522: shutdown 4cc98e97-26bc-48ed-a5cf-0536805b7522@group-E04EDCCF1085-LeaderElection75
2022-10-03 12:57:51,039 [4cc98e97-26bc-48ed-a5cf-0536805b7522@group-E04EDCCF1085-LeaderElection75] INFO  impl.RoleInfo (RoleInfo.java:updateAndGet(139)) - 4cc98e97-26bc-48ed-a5cf-0536805b7522: start 4cc98e97-26bc-48ed-a5cf-0536805b7522@group-E04EDCCF1085-FollowerState
2022-10-03 12:57:51,039 [1ecca3ae-2ad7-42d2-aa85-a2563cb61ab5@group-E04EDCCF1085-FollowerState] INFO  impl.FollowerState (FollowerState.java:run(152)) - 1ecca3ae-2ad7-42d2-aa85-a2563cb61ab5@group-E04EDCCF1085-FollowerState was interrupted
2022-10-03 12:57:51,061 [21fe54d0-377d-43c9-af71-a01bd82d5518@group-E04EDCCF1085-LeaderElection74] INFO  impl.LeaderElection (LeaderElection.java:logAndReturn(90)) - 21fe54d0-377d-43c9-af71-a01bd82d5518@group-E04EDCCF1085-LeaderElection74: ELECTION REJECTED received 2 response(s) and 0 exception(s):
2022-10-03 12:57:51,113 [21fe54d0-377d-43c9-af71-a01bd82d5518@group-E04EDCCF1085-LeaderElection74] INFO  impl.LeaderElection (LeaderElection.java:logAndReturn(94)) -   Response 0: 21fe54d0-377d-43c9-af71-a01bd82d5518<-1ecca3ae-2ad7-42d2-aa85-a2563cb61ab5#0:FAIL-t1
2022-10-03 12:57:51,113 [21fe54d0-377d-43c9-af71-a01bd82d5518@group-E04EDCCF1085-LeaderElection74] INFO  impl.LeaderElection (LeaderElection.java:logAndReturn(94)) -   Response 1: 21fe54d0-377d-43c9-af71-a01bd82d5518<-4cc98e97-26bc-48ed-a5cf-0536805b7522#0:FAIL-t1
2022-10-03 12:57:51,113 [21fe54d0-377d-43c9-af71-a01bd82d5518@group-E04EDCCF1085-LeaderElection74] INFO  impl.LeaderElection (LeaderElection.java:askForVotes(312)) - 21fe54d0-377d-43c9-af71-a01bd82d5518@group-E04EDCCF1085-LeaderElection74 ELECTION round 0: result REJECTED
2022-10-03 12:57:51,113 [21fe54d0-377d-43c9-af71-a01bd82d5518@group-E04EDCCF1085-LeaderElection74] INFO  server.RaftServer$Division (RaftServerImpl.java:setRole(299)) - 21fe54d0-377d-43c9-af71-a01bd82d5518@group-E04EDCCF1085: changes role from CANDIDATE to FOLLOWER at term 1 for REJECTED
2022-10-03 12:57:51,113 [21fe54d0-377d-43c9-af71-a01bd82d5518@group-E04EDCCF1085-LeaderElection74] INFO  impl.RoleInfo (RoleInfo.java:shutdownLeaderElection(130)) - 21fe54d0-377d-43c9-af71-a01bd82d5518: shutdown 21fe54d0-377d-43c9-af71-a01bd82d5518@group-E04EDCCF1085-LeaderElection74
2022-10-03 12:57:51,113 [21fe54d0-377d-43c9-af71-a01bd82d5518@group-E04EDCCF1085-LeaderElection74] INFO  impl.RoleInfo (RoleInfo.java:updateAndGet(139)) - 21fe54d0-377d-43c9-af71-a01bd82d5518: start 21fe54d0-377d-43c9-af71-a01bd82d5518@group-E04EDCCF1085-FollowerState
2022-10-03 12:57:51,534 [Listener at 127.0.0.1/41529] INFO  ozone.MiniOzoneClusterImpl (MiniOzoneClusterImpl.java:lambda$waitForClusterToBeReady$0(216)) - Nodes are ready. Got 3 of 3 DN Heartbeats.
2022-10-03 12:57:51,534 [Listener at 127.0.0.1/41529] INFO  ozone.MiniOzoneClusterImpl (MiniOzoneClusterImpl.java:lambda$waitForClusterToBeReady$0(219)) - Waiting for cluster to exit safe mode
2022-10-03 12:57:51,534 [Listener at 127.0.0.1/41529] INFO  ozone.MiniOzoneClusterImpl (MiniOzoneClusterImpl.java:lambda$waitForClusterToBeReady$0(221)) - SCM became leader
2022-10-03 12:57:51,790 [1ecca3ae-2ad7-42d2-aa85-a2563cb61ab5@group-654BC7EACE27-FollowerState] INFO  impl.FollowerState (FollowerState.java:run(143)) - 1ecca3ae-2ad7-42d2-aa85-a2563cb61ab5@group-654BC7EACE27-FollowerState: change to CANDIDATE, lastRpcElapsedTime:5136466154ns, electionTimeout:5105ms
2022-10-03 12:57:51,790 [1ecca3ae-2ad7-42d2-aa85-a2563cb61ab5@group-654BC7EACE27-FollowerState] INFO  impl.RoleInfo (RoleInfo.java:shutdownFollowerState(110)) - 1ecca3ae-2ad7-42d2-aa85-a2563cb61ab5: shutdown 1ecca3ae-2ad7-42d2-aa85-a2563cb61ab5@group-654BC7EACE27-FollowerState
2022-10-03 12:57:51,790 [1ecca3ae-2ad7-42d2-aa85-a2563cb61ab5@group-654BC7EACE27-FollowerState] INFO  server.RaftServer$Division (RaftServerImpl.java:setRole(299)) - 1ecca3ae-2ad7-42d2-aa85-a2563cb61ab5@group-654BC7EACE27: changes role from  FOLLOWER to CANDIDATE at term 0 for changeToCandidate
2022-10-03 12:57:51,790 [1ecca3ae-2ad7-42d2-aa85-a2563cb61ab5@group-654BC7EACE27-FollowerState] INFO  server.RaftServerConfigKeys (ConfUtils.java:logGet(46)) - raft.server.leaderelection.pre-vote = false (custom)
2022-10-03 12:57:51,791 [1ecca3ae-2ad7-42d2-aa85-a2563cb61ab5@group-654BC7EACE27-FollowerState] INFO  impl.RoleInfo (RoleInfo.java:updateAndGet(139)) - 1ecca3ae-2ad7-42d2-aa85-a2563cb61ab5: start 1ecca3ae-2ad7-42d2-aa85-a2563cb61ab5@group-654BC7EACE27-LeaderElection77
2022-10-03 12:57:51,835 [1ecca3ae-2ad7-42d2-aa85-a2563cb61ab5@group-654BC7EACE27-LeaderElection77] INFO  impl.LeaderElection (LeaderElection.java:askForVotes(310)) - 1ecca3ae-2ad7-42d2-aa85-a2563cb61ab5@group-654BC7EACE27-LeaderElection77 ELECTION round 0: submit vote requests at term 1 for -1: [1ecca3ae-2ad7-42d2-aa85-a2563cb61ab5|rpc:10.1.0.147:35369|priority:1], old=null
2022-10-03 12:57:51,836 [1ecca3ae-2ad7-42d2-aa85-a2563cb61ab5@group-654BC7EACE27-LeaderElection77] INFO  impl.LeaderElection (LeaderElection.java:askForVotes(312)) - 1ecca3ae-2ad7-42d2-aa85-a2563cb61ab5@group-654BC7EACE27-LeaderElection77 ELECTION round 0: result PASSED (term=1)
2022-10-03 12:57:51,836 [1ecca3ae-2ad7-42d2-aa85-a2563cb61ab5@group-654BC7EACE27-LeaderElection77] INFO  impl.RoleInfo (RoleInfo.java:shutdownLeaderElection(130)) - 1ecca3ae-2ad7-42d2-aa85-a2563cb61ab5: shutdown 1ecca3ae-2ad7-42d2-aa85-a2563cb61ab5@group-654BC7EACE27-LeaderElection77
2022-10-03 12:57:51,836 [1ecca3ae-2ad7-42d2-aa85-a2563cb61ab5@group-654BC7EACE27-LeaderElection77] INFO  server.RaftServer$Division (RaftServerImpl.java:setRole(299)) - 1ecca3ae-2ad7-42d2-aa85-a2563cb61ab5@group-654BC7EACE27: changes role from CANDIDATE to LEADER at term 1 for changeToLeader
2022-10-03 12:57:51,836 [1ecca3ae-2ad7-42d2-aa85-a2563cb61ab5@group-654BC7EACE27-LeaderElection77] INFO  ratis.XceiverServerRatis (XceiverServerRatis.java:handleLeaderChangedNotification(863)) - Leader change notification received for group: group-654BC7EACE27 with new leaderId: 1ecca3ae-2ad7-42d2-aa85-a2563cb61ab5
2022-10-03 12:57:51,836 [1ecca3ae-2ad7-42d2-aa85-a2563cb61ab5@group-654BC7EACE27-LeaderElection77] INFO  server.RaftServer$Division (ServerState.java:setLeader(287)) - 1ecca3ae-2ad7-42d2-aa85-a2563cb61ab5@group-654BC7EACE27: change Leader from null to 1ecca3ae-2ad7-42d2-aa85-a2563cb61ab5 at term 1 for becomeLeader, leader elected after 5189ms
2022-10-03 12:57:51,836 [1ecca3ae-2ad7-42d2-aa85-a2563cb61ab5@group-654BC7EACE27-LeaderElection77] INFO  server.RaftServerConfigKeys (ConfUtils.java:logGet(46)) - raft.server.staging.catchup.gap = 1000 (default)
2022-10-03 12:57:51,836 [1ecca3ae-2ad7-42d2-aa85-a2563cb61ab5@group-654BC7EACE27-LeaderElection77] INFO  server.RaftServerConfigKeys (ConfUtils.java:logGet(46)) - raft.server.write.element-limit = 1024 (custom)
2022-10-03 12:57:51,836 [1ecca3ae-2ad7-42d2-aa85-a2563cb61ab5@group-654BC7EACE27-LeaderElection77] INFO  server.RaftServerConfigKeys (ConfUtils.java:logGet(46)) - raft.server.write.byte-limit = 1024 M (=1073741824) (custom)
2022-10-03 12:57:51,836 [1ecca3ae-2ad7-42d2-aa85-a2563cb61ab5@group-654BC7EACE27-LeaderElection77] INFO  server.RaftServerConfigKeys (ConfUtils.java:logGet(46)) - raft.server.watch.timeout = 180s (custom)
2022-10-03 12:57:51,837 [1ecca3ae-2ad7-42d2-aa85-a2563cb61ab5@group-654BC7EACE27-LeaderElection77] INFO  server.RaftServerConfigKeys (ConfUtils.java:logGet(46)) - raft.server.watch.timeout.denomination = 1s (default)
2022-10-03 12:57:51,837 [1ecca3ae-2ad7-42d2-aa85-a2563cb61ab5@group-654BC7EACE27-LeaderElection77] INFO  server.RaftServerConfigKeys (ConfUtils.java:logGet(46)) - raft.server.watch.element-limit = 65536 (default)
2022-10-03 12:57:51,837 [1ecca3ae-2ad7-42d2-aa85-a2563cb61ab5@group-654BC7EACE27-LeaderElection77] INFO  server.RaftServerConfigKeys (ConfUtils.java:logGet(46)) - raft.server.write.element-limit = 1024 (custom)
2022-10-03 12:57:51,837 [1ecca3ae-2ad7-42d2-aa85-a2563cb61ab5@group-654BC7EACE27-LeaderElection77] INFO  server.RaftServerConfigKeys (ConfUtils.java:logGet(46)) - raft.server.write.follower.gap.ratio.max = -1.0 (default)
2022-10-03 12:57:51,837 [1ecca3ae-2ad7-42d2-aa85-a2563cb61ab5@group-654BC7EACE27-LeaderElection77] INFO  impl.RoleInfo (RoleInfo.java:updateAndGet(139)) - 1ecca3ae-2ad7-42d2-aa85-a2563cb61ab5: start 1ecca3ae-2ad7-42d2-aa85-a2563cb61ab5@group-654BC7EACE27-LeaderStateImpl
2022-10-03 12:57:51,837 [1ecca3ae-2ad7-42d2-aa85-a2563cb61ab5@group-654BC7EACE27-LeaderElection77] INFO  segmented.SegmentedRaftLogWorker (SegmentedRaftLogWorker.java:startLogSegment(425)) - 1ecca3ae-2ad7-42d2-aa85-a2563cb61ab5@group-654BC7EACE27-SegmentedRaftLogWorker: Starting segment from index:0
2022-10-03 12:57:51,838 [1ecca3ae-2ad7-42d2-aa85-a2563cb61ab5@group-654BC7EACE27-LeaderElection77] INFO  server.RaftServer$Division (ServerState.java:setRaftConf(393)) - 1ecca3ae-2ad7-42d2-aa85-a2563cb61ab5@group-654BC7EACE27: set configuration 0: [1ecca3ae-2ad7-42d2-aa85-a2563cb61ab5|rpc:10.1.0.147:35369|dataStream:|priority:1], old=null
2022-10-03 12:57:51,838 [1ecca3ae-2ad7-42d2-aa85-a2563cb61ab5@group-654BC7EACE27-SegmentedRaftLogWorker] INFO  segmented.SegmentedRaftLogWorker (SegmentedRaftLogWorker.java:execute(629)) - 1ecca3ae-2ad7-42d2-aa85-a2563cb61ab5@group-654BC7EACE27-SegmentedRaftLogWorker: created new log segment /home/runner/work/ozone/ozone/hadoop-ozone/integration-test/target/test-dir/MiniOzoneClusterImpl-53db5b09-2415-4619-b18d-0010cdbdab93/datanode-2/data/ratis/d5d41d31-c8c7-46fc-a0ce-654bc7eace27/current/log_inprogress_0
2022-10-03 12:57:51,842 [EventQueue-OpenPipelineForHealthyPipelineSafeModeRule] INFO  safemode.SCMSafeModeManager (HealthyPipelineSafeModeRule.java:process(137)) - SCM in safe mode. Healthy pipelines reported count is 0, required healthy pipeline reported count is 1
2022-10-03 12:57:52,534 [Listener at 127.0.0.1/41529] INFO  ozone.MiniOzoneClusterImpl (MiniOzoneClusterImpl.java:lambda$waitForClusterToBeReady$0(216)) - Nodes are ready. Got 3 of 3 DN Heartbeats.
2022-10-03 12:57:52,534 [Listener at 127.0.0.1/41529] INFO  ozone.MiniOzoneClusterImpl (MiniOzoneClusterImpl.java:lambda$waitForClusterToBeReady$0(219)) - Waiting for cluster to exit safe mode
2022-10-03 12:57:52,534 [Listener at 127.0.0.1/41529] INFO  ozone.MiniOzoneClusterImpl (MiniOzoneClusterImpl.java:lambda$waitForClusterToBeReady$0(221)) - SCM became leader
2022-10-03 12:57:53,535 [Listener at 127.0.0.1/41529] INFO  ozone.MiniOzoneClusterImpl (MiniOzoneClusterImpl.java:lambda$waitForClusterToBeReady$0(216)) - Nodes are ready. Got 3 of 3 DN Heartbeats.
2022-10-03 12:57:53,535 [Listener at 127.0.0.1/41529] INFO  ozone.MiniOzoneClusterImpl (MiniOzoneClusterImpl.java:lambda$waitForClusterToBeReady$0(219)) - Waiting for cluster to exit safe mode
2022-10-03 12:57:53,535 [Listener at 127.0.0.1/41529] INFO  ozone.MiniOzoneClusterImpl (MiniOzoneClusterImpl.java:lambda$waitForClusterToBeReady$0(221)) - SCM became leader
2022-10-03 12:57:54,535 [Listener at 127.0.0.1/41529] INFO  ozone.MiniOzoneClusterImpl (MiniOzoneClusterImpl.java:lambda$waitForClusterToBeReady$0(216)) - Nodes are ready. Got 3 of 3 DN Heartbeats.
2022-10-03 12:57:54,535 [Listener at 127.0.0.1/41529] INFO  ozone.MiniOzoneClusterImpl (MiniOzoneClusterImpl.java:lambda$waitForClusterToBeReady$0(219)) - Waiting for cluster to exit safe mode
2022-10-03 12:57:54,535 [Listener at 127.0.0.1/41529] INFO  ozone.MiniOzoneClusterImpl (MiniOzoneClusterImpl.java:lambda$waitForClusterToBeReady$0(221)) - SCM became leader
2022-10-03 12:57:55,432 [4cc98e97-26bc-48ed-a5cf-0536805b7522@group-A935ECF88E88-FollowerState] INFO  impl.FollowerState (FollowerState.java:run(143)) - 4cc98e97-26bc-48ed-a5cf-0536805b7522@group-A935ECF88E88-FollowerState: change to CANDIDATE, lastRpcElapsedTime:5017506753ns, electionTimeout:5017ms
2022-10-03 12:57:55,432 [4cc98e97-26bc-48ed-a5cf-0536805b7522@group-A935ECF88E88-FollowerState] INFO  impl.RoleInfo (RoleInfo.java:shutdownFollowerState(110)) - 4cc98e97-26bc-48ed-a5cf-0536805b7522: shutdown 4cc98e97-26bc-48ed-a5cf-0536805b7522@group-A935ECF88E88-FollowerState
2022-10-03 12:57:55,432 [4cc98e97-26bc-48ed-a5cf-0536805b7522@group-A935ECF88E88-FollowerState] INFO  server.RaftServer$Division (RaftServerImpl.java:setRole(299)) - 4cc98e97-26bc-48ed-a5cf-0536805b7522@group-A935ECF88E88: changes role from  FOLLOWER to CANDIDATE at term 1 for changeToCandidate
2022-10-03 12:57:55,432 [4cc98e97-26bc-48ed-a5cf-0536805b7522@group-A935ECF88E88-FollowerState] INFO  server.RaftServerConfigKeys (ConfUtils.java:logGet(46)) - raft.server.leaderelection.pre-vote = false (custom)
2022-10-03 12:57:55,432 [4cc98e97-26bc-48ed-a5cf-0536805b7522@group-A935ECF88E88-FollowerState] INFO  impl.RoleInfo (RoleInfo.java:updateAndGet(139)) - 4cc98e97-26bc-48ed-a5cf-0536805b7522: start 4cc98e97-26bc-48ed-a5cf-0536805b7522@group-A935ECF88E88-LeaderElection78
2022-10-03 12:57:55,445 [1ecca3ae-2ad7-42d2-aa85-a2563cb61ab5@group-A935ECF88E88-FollowerState] INFO  impl.FollowerState (FollowerState.java:run(143)) - 1ecca3ae-2ad7-42d2-aa85-a2563cb61ab5@group-A935ECF88E88-FollowerState: change to CANDIDATE, lastRpcElapsedTime:5043168759ns, electionTimeout:5004ms
2022-10-03 12:57:55,445 [1ecca3ae-2ad7-42d2-aa85-a2563cb61ab5@group-A935ECF88E88-FollowerState] INFO  impl.RoleInfo (RoleInfo.java:shutdownFollowerState(110)) - 1ecca3ae-2ad7-42d2-aa85-a2563cb61ab5: shutdown 1ecca3ae-2ad7-42d2-aa85-a2563cb61ab5@group-A935ECF88E88-FollowerState
2022-10-03 12:57:55,445 [1ecca3ae-2ad7-42d2-aa85-a2563cb61ab5@group-A935ECF88E88-FollowerState] INFO  server.RaftServer$Division (RaftServerImpl.java:setRole(299)) - 1ecca3ae-2ad7-42d2-aa85-a2563cb61ab5@group-A935ECF88E88: changes role from  FOLLOWER to CANDIDATE at term 1 for changeToCandidate
2022-10-03 12:57:55,477 [1ecca3ae-2ad7-42d2-aa85-a2563cb61ab5@group-A935ECF88E88-FollowerState] INFO  server.RaftServerConfigKeys (ConfUtils.java:logGet(46)) - raft.server.leaderelection.pre-vote = false (custom)
2022-10-03 12:57:55,477 [1ecca3ae-2ad7-42d2-aa85-a2563cb61ab5@group-A935ECF88E88-FollowerState] INFO  impl.RoleInfo (RoleInfo.java:updateAndGet(139)) - 1ecca3ae-2ad7-42d2-aa85-a2563cb61ab5: start 1ecca3ae-2ad7-42d2-aa85-a2563cb61ab5@group-A935ECF88E88-LeaderElection79
2022-10-03 12:57:55,479 [4cc98e97-26bc-48ed-a5cf-0536805b7522@group-A935ECF88E88-LeaderElection78] INFO  impl.LeaderElection (LeaderElection.java:askForVotes(310)) - 4cc98e97-26bc-48ed-a5cf-0536805b7522@group-A935ECF88E88-LeaderElection78 ELECTION round 0: submit vote requests at term 2 for -1: [1ecca3ae-2ad7-42d2-aa85-a2563cb61ab5|rpc:10.1.0.147:35369|priority:0, 21fe54d0-377d-43c9-af71-a01bd82d5518|rpc:10.1.0.147:40327|priority:1, 4cc98e97-26bc-48ed-a5cf-0536805b7522|rpc:10.1.0.147:45187|priority:0], old=null
2022-10-03 12:57:55,497 [1ecca3ae-2ad7-42d2-aa85-a2563cb61ab5@group-A935ECF88E88-LeaderElection79] INFO  impl.LeaderElection (LeaderElection.java:askForVotes(310)) - 1ecca3ae-2ad7-42d2-aa85-a2563cb61ab5@group-A935ECF88E88-LeaderElection79 ELECTION round 0: submit vote requests at term 2 for -1: [1ecca3ae-2ad7-42d2-aa85-a2563cb61ab5|rpc:10.1.0.147:35369|dataStream:|priority:0, 21fe54d0-377d-43c9-af71-a01bd82d5518|rpc:10.1.0.147:40327|dataStream:|priority:1, 4cc98e97-26bc-48ed-a5cf-0536805b7522|rpc:10.1.0.147:45187|dataStream:|priority:0], old=null
2022-10-03 12:57:55,506 [grpc-default-executor-0] INFO  server.RaftServer$Division (RaftServerImpl.java:requestVote(1152)) - 1ecca3ae-2ad7-42d2-aa85-a2563cb61ab5@group-A935ECF88E88: receive requestVote(ELECTION, 4cc98e97-26bc-48ed-a5cf-0536805b7522, group-A935ECF88E88, 2, (t:0, i:0))
2022-10-03 12:57:55,506 [grpc-default-executor-0] INFO  impl.VoteContext (VoteContext.java:log(48)) - 1ecca3ae-2ad7-42d2-aa85-a2563cb61ab5@group-A935ECF88E88-CANDIDATE: reject ELECTION from 4cc98e97-26bc-48ed-a5cf-0536805b7522: already has voted for 1ecca3ae-2ad7-42d2-aa85-a2563cb61ab5 at current term 2
2022-10-03 12:57:55,507 [grpc-default-executor-0] INFO  server.RaftServer$Division (RaftServerImpl.java:requestVote(1184)) - 1ecca3ae-2ad7-42d2-aa85-a2563cb61ab5@group-A935ECF88E88 replies to ELECTION vote request: 4cc98e97-26bc-48ed-a5cf-0536805b7522<-1ecca3ae-2ad7-42d2-aa85-a2563cb61ab5#0:FAIL-t2. Peer's state: 1ecca3ae-2ad7-42d2-aa85-a2563cb61ab5@group-A935ECF88E88:t2, leader=null, voted=1ecca3ae-2ad7-42d2-aa85-a2563cb61ab5, raftlog=1ecca3ae-2ad7-42d2-aa85-a2563cb61ab5@group-A935ECF88E88-SegmentedRaftLog:OPENED:c-1, conf=-1: [1ecca3ae-2ad7-42d2-aa85-a2563cb61ab5|rpc:10.1.0.147:35369|dataStream:|priority:0, 21fe54d0-377d-43c9-af71-a01bd82d5518|rpc:10.1.0.147:40327|dataStream:|priority:1, 4cc98e97-26bc-48ed-a5cf-0536805b7522|rpc:10.1.0.147:45187|dataStream:|priority:0], old=null
2022-10-03 12:57:55,530 [grpc-default-executor-0] INFO  server.RaftServer$Division (RaftServerImpl.java:requestVote(1152)) - 21fe54d0-377d-43c9-af71-a01bd82d5518@group-A935ECF88E88: receive requestVote(ELECTION, 4cc98e97-26bc-48ed-a5cf-0536805b7522, group-A935ECF88E88, 2, (t:0, i:0))
2022-10-03 12:57:55,530 [grpc-default-executor-0] INFO  impl.VoteContext (VoteContext.java:log(48)) - 21fe54d0-377d-43c9-af71-a01bd82d5518@group-A935ECF88E88-FOLLOWER: reject ELECTION from 4cc98e97-26bc-48ed-a5cf-0536805b7522: our priority 1 > candidate's priority 0
2022-10-03 12:57:55,530 [grpc-default-executor-0] INFO  server.RaftServer$Division (RaftServerImpl.java:setRole(299)) - 21fe54d0-377d-43c9-af71-a01bd82d5518@group-A935ECF88E88: changes role from  FOLLOWER to FOLLOWER at term 2 for candidate:4cc98e97-26bc-48ed-a5cf-0536805b7522
2022-10-03 12:57:55,530 [grpc-default-executor-0] INFO  impl.RoleInfo (RoleInfo.java:shutdownFollowerState(110)) - 21fe54d0-377d-43c9-af71-a01bd82d5518: shutdown 21fe54d0-377d-43c9-af71-a01bd82d5518@group-A935ECF88E88-FollowerState
2022-10-03 12:57:55,531 [grpc-default-executor-0] INFO  impl.RoleInfo (RoleInfo.java:updateAndGet(139)) - 21fe54d0-377d-43c9-af71-a01bd82d5518: start 21fe54d0-377d-43c9-af71-a01bd82d5518@group-A935ECF88E88-FollowerState
2022-10-03 12:57:55,531 [21fe54d0-377d-43c9-af71-a01bd82d5518@group-A935ECF88E88-FollowerState] INFO  impl.FollowerState (FollowerState.java:run(152)) - 21fe54d0-377d-43c9-af71-a01bd82d5518@group-A935ECF88E88-FollowerState was interrupted
2022-10-03 12:57:55,536 [Listener at 127.0.0.1/41529] INFO  ozone.MiniOzoneClusterImpl (MiniOzoneClusterImpl.java:lambda$waitForClusterToBeReady$0(216)) - Nodes are ready. Got 3 of 3 DN Heartbeats.
2022-10-03 12:57:55,536 [Listener at 127.0.0.1/41529] INFO  ozone.MiniOzoneClusterImpl (MiniOzoneClusterImpl.java:lambda$waitForClusterToBeReady$0(219)) - Waiting for cluster to exit safe mode
2022-10-03 12:57:55,536 [Listener at 127.0.0.1/41529] INFO  ozone.MiniOzoneClusterImpl (MiniOzoneClusterImpl.java:lambda$waitForClusterToBeReady$0(221)) - SCM became leader
2022-10-03 12:57:55,547 [grpc-default-executor-3] INFO  server.RaftServer$Division (RaftServerImpl.java:requestVote(1152)) - 4cc98e97-26bc-48ed-a5cf-0536805b7522@group-A935ECF88E88: receive requestVote(ELECTION, 1ecca3ae-2ad7-42d2-aa85-a2563cb61ab5, group-A935ECF88E88, 2, (t:0, i:0))
2022-10-03 12:57:55,547 [grpc-default-executor-3] INFO  impl.VoteContext (VoteContext.java:log(48)) - 4cc98e97-26bc-48ed-a5cf-0536805b7522@group-A935ECF88E88-CANDIDATE: reject ELECTION from 1ecca3ae-2ad7-42d2-aa85-a2563cb61ab5: already has voted for 4cc98e97-26bc-48ed-a5cf-0536805b7522 at current term 2
2022-10-03 12:57:55,547 [grpc-default-executor-3] INFO  server.RaftServer$Division (RaftServerImpl.java:requestVote(1184)) - 4cc98e97-26bc-48ed-a5cf-0536805b7522@group-A935ECF88E88 replies to ELECTION vote request: 1ecca3ae-2ad7-42d2-aa85-a2563cb61ab5<-4cc98e97-26bc-48ed-a5cf-0536805b7522#0:FAIL-t2. Peer's state: 4cc98e97-26bc-48ed-a5cf-0536805b7522@group-A935ECF88E88:t2, leader=null, voted=4cc98e97-26bc-48ed-a5cf-0536805b7522, raftlog=4cc98e97-26bc-48ed-a5cf-0536805b7522@group-A935ECF88E88-SegmentedRaftLog:OPENED:c-1, conf=-1: [1ecca3ae-2ad7-42d2-aa85-a2563cb61ab5|rpc:10.1.0.147:35369|priority:0, 21fe54d0-377d-43c9-af71-a01bd82d5518|rpc:10.1.0.147:40327|priority:1, 4cc98e97-26bc-48ed-a5cf-0536805b7522|rpc:10.1.0.147:45187|priority:0], old=null
2022-10-03 12:57:55,557 [grpc-default-executor-3] INFO  server.RaftServer$Division (RaftServerImpl.java:requestVote(1152)) - 21fe54d0-377d-43c9-af71-a01bd82d5518@group-A935ECF88E88: receive requestVote(ELECTION, 1ecca3ae-2ad7-42d2-aa85-a2563cb61ab5, group-A935ECF88E88, 2, (t:0, i:0))
2022-10-03 12:57:55,581 [grpc-default-executor-0] INFO  server.RaftServer$Division (RaftServerImpl.java:requestVote(1184)) - 21fe54d0-377d-43c9-af71-a01bd82d5518@group-A935ECF88E88 replies to ELECTION vote request: 4cc98e97-26bc-48ed-a5cf-0536805b7522<-21fe54d0-377d-43c9-af71-a01bd82d5518#0:FAIL-t2. Peer's state: 21fe54d0-377d-43c9-af71-a01bd82d5518@group-A935ECF88E88:t2, leader=null, voted=null, raftlog=21fe54d0-377d-43c9-af71-a01bd82d5518@group-A935ECF88E88-SegmentedRaftLog:OPENED:c-1, conf=-1: [1ecca3ae-2ad7-42d2-aa85-a2563cb61ab5|rpc:10.1.0.147:35369|dataStream:|priority:0, 21fe54d0-377d-43c9-af71-a01bd82d5518|rpc:10.1.0.147:40327|dataStream:|priority:1, 4cc98e97-26bc-48ed-a5cf-0536805b7522|rpc:10.1.0.147:45187|dataStream:|priority:0], old=null
2022-10-03 12:57:55,581 [grpc-default-executor-3] INFO  impl.VoteContext (VoteContext.java:log(48)) - 21fe54d0-377d-43c9-af71-a01bd82d5518@group-A935ECF88E88-FOLLOWER: reject ELECTION from 1ecca3ae-2ad7-42d2-aa85-a2563cb61ab5: our priority 1 > candidate's priority 0
2022-10-03 12:57:55,582 [grpc-default-executor-3] INFO  server.RaftServer$Division (RaftServerImpl.java:setRole(299)) - 21fe54d0-377d-43c9-af71-a01bd82d5518@group-A935ECF88E88: changes role from  FOLLOWER to FOLLOWER at term 2 for candidate:1ecca3ae-2ad7-42d2-aa85-a2563cb61ab5
2022-10-03 12:57:55,582 [grpc-default-executor-3] INFO  impl.RoleInfo (RoleInfo.java:shutdownFollowerState(110)) - 21fe54d0-377d-43c9-af71-a01bd82d5518: shutdown 21fe54d0-377d-43c9-af71-a01bd82d5518@group-A935ECF88E88-FollowerState
2022-10-03 12:57:55,582 [grpc-default-executor-3] INFO  impl.RoleInfo (RoleInfo.java:updateAndGet(139)) - 21fe54d0-377d-43c9-af71-a01bd82d5518: start 21fe54d0-377d-43c9-af71-a01bd82d5518@group-A935ECF88E88-FollowerState
2022-10-03 12:57:55,582 [21fe54d0-377d-43c9-af71-a01bd82d5518@group-A935ECF88E88-FollowerState] INFO  impl.FollowerState (FollowerState.java:run(152)) - 21fe54d0-377d-43c9-af71-a01bd82d5518@group-A935ECF88E88-FollowerState was interrupted
2022-10-03 12:57:55,589 [grpc-default-executor-3] INFO  server.RaftServer$Division (RaftServerImpl.java:requestVote(1184)) - 21fe54d0-377d-43c9-af71-a01bd82d5518@group-A935ECF88E88 replies to ELECTION vote request: 1ecca3ae-2ad7-42d2-aa85-a2563cb61ab5<-21fe54d0-377d-43c9-af71-a01bd82d5518#0:FAIL-t2. Peer's state: 21fe54d0-377d-43c9-af71-a01bd82d5518@group-A935ECF88E88:t2, leader=null, voted=null, raftlog=21fe54d0-377d-43c9-af71-a01bd82d5518@group-A935ECF88E88-SegmentedRaftLog:OPENED:c-1, conf=-1: [1ecca3ae-2ad7-42d2-aa85-a2563cb61ab5|rpc:10.1.0.147:35369|dataStream:|priority:0, 21fe54d0-377d-43c9-af71-a01bd82d5518|rpc:10.1.0.147:40327|dataStream:|priority:1, 4cc98e97-26bc-48ed-a5cf-0536805b7522|rpc:10.1.0.147:45187|dataStream:|priority:0], old=null
2022-10-03 12:57:55,598 [4cc98e97-26bc-48ed-a5cf-0536805b7522@group-A935ECF88E88-LeaderElection78] INFO  impl.LeaderElection (LeaderElection.java:logAndReturn(90)) - 4cc98e97-26bc-48ed-a5cf-0536805b7522@group-A935ECF88E88-LeaderElection78: ELECTION REJECTED received 2 response(s) and 0 exception(s):
2022-10-03 12:57:55,598 [4cc98e97-26bc-48ed-a5cf-0536805b7522@group-A935ECF88E88-LeaderElection78] INFO  impl.LeaderElection (LeaderElection.java:logAndReturn(94)) -   Response 0: 4cc98e97-26bc-48ed-a5cf-0536805b7522<-1ecca3ae-2ad7-42d2-aa85-a2563cb61ab5#0:FAIL-t2
2022-10-03 12:57:55,598 [4cc98e97-26bc-48ed-a5cf-0536805b7522@group-A935ECF88E88-LeaderElection78] INFO  impl.LeaderElection (LeaderElection.java:logAndReturn(94)) -   Response 1: 4cc98e97-26bc-48ed-a5cf-0536805b7522<-21fe54d0-377d-43c9-af71-a01bd82d5518#0:FAIL-t2
2022-10-03 12:57:55,598 [4cc98e97-26bc-48ed-a5cf-0536805b7522@group-A935ECF88E88-LeaderElection78] INFO  impl.LeaderElection (LeaderElection.java:askForVotes(312)) - 4cc98e97-26bc-48ed-a5cf-0536805b7522@group-A935ECF88E88-LeaderElection78 ELECTION round 0: result REJECTED
2022-10-03 12:57:55,598 [4cc98e97-26bc-48ed-a5cf-0536805b7522@group-A935ECF88E88-LeaderElection78] INFO  server.RaftServer$Division (RaftServerImpl.java:setRole(299)) - 4cc98e97-26bc-48ed-a5cf-0536805b7522@group-A935ECF88E88: changes role from CANDIDATE to FOLLOWER at term 2 for REJECTED
2022-10-03 12:57:55,598 [4cc98e97-26bc-48ed-a5cf-0536805b7522@group-A935ECF88E88-LeaderElection78] INFO  impl.RoleInfo (RoleInfo.java:shutdownLeaderElection(130)) - 4cc98e97-26bc-48ed-a5cf-0536805b7522: shutdown 4cc98e97-26bc-48ed-a5cf-0536805b7522@group-A935ECF88E88-LeaderElection78
2022-10-03 12:57:55,598 [4cc98e97-26bc-48ed-a5cf-0536805b7522@group-A935ECF88E88-LeaderElection78] INFO  impl.RoleInfo (RoleInfo.java:updateAndGet(139)) - 4cc98e97-26bc-48ed-a5cf-0536805b7522: start 4cc98e97-26bc-48ed-a5cf-0536805b7522@group-A935ECF88E88-FollowerState
2022-10-03 12:57:55,649 [1ecca3ae-2ad7-42d2-aa85-a2563cb61ab5@group-A935ECF88E88-LeaderElection79] INFO  impl.LeaderElection (LeaderElection.java:logAndReturn(90)) - 1ecca3ae-2ad7-42d2-aa85-a2563cb61ab5@group-A935ECF88E88-LeaderElection79: ELECTION REJECTED received 2 response(s) and 0 exception(s):
2022-10-03 12:57:55,649 [1ecca3ae-2ad7-42d2-aa85-a2563cb61ab5@group-A935ECF88E88-LeaderElection79] INFO  impl.LeaderElection (LeaderElection.java:logAndReturn(94)) -   Response 0: 1ecca3ae-2ad7-42d2-aa85-a2563cb61ab5<-21fe54d0-377d-43c9-af71-a01bd82d5518#0:FAIL-t2
2022-10-03 12:57:55,649 [1ecca3ae-2ad7-42d2-aa85-a2563cb61ab5@group-A935ECF88E88-LeaderElection79] INFO  impl.LeaderElection (LeaderElection.java:logAndReturn(94)) -   Response 1: 1ecca3ae-2ad7-42d2-aa85-a2563cb61ab5<-4cc98e97-26bc-48ed-a5cf-0536805b7522#0:FAIL-t2
2022-10-03 12:57:55,649 [1ecca3ae-2ad7-42d2-aa85-a2563cb61ab5@group-A935ECF88E88-LeaderElection79] INFO  impl.LeaderElection (LeaderElection.java:askForVotes(312)) - 1ecca3ae-2ad7-42d2-aa85-a2563cb61ab5@group-A935ECF88E88-LeaderElection79 ELECTION round 0: result REJECTED
2022-10-03 12:57:55,649 [1ecca3ae-2ad7-42d2-aa85-a2563cb61ab5@group-A935ECF88E88-LeaderElection79] INFO  server.RaftServer$Division (RaftServerImpl.java:setRole(299)) - 1ecca3ae-2ad7-42d2-aa85-a2563cb61ab5@group-A935ECF88E88: changes role from CANDIDATE to FOLLOWER at term 2 for REJECTED
2022-10-03 12:57:55,649 [1ecca3ae-2ad7-42d2-aa85-a2563cb61ab5@group-A935ECF88E88-LeaderElection79] INFO  impl.RoleInfo (RoleInfo.java:shutdownLeaderElection(130)) - 1ecca3ae-2ad7-42d2-aa85-a2563cb61ab5: shutdown 1ecca3ae-2ad7-42d2-aa85-a2563cb61ab5@group-A935ECF88E88-LeaderElection79
2022-10-03 12:57:55,649 [1ecca3ae-2ad7-42d2-aa85-a2563cb61ab5@group-A935ECF88E88-LeaderElection79] INFO  impl.RoleInfo (RoleInfo.java:updateAndGet(139)) - 1ecca3ae-2ad7-42d2-aa85-a2563cb61ab5: start 1ecca3ae-2ad7-42d2-aa85-a2563cb61ab5@group-A935ECF88E88-FollowerState
2022-10-03 12:57:56,121 [4cc98e97-26bc-48ed-a5cf-0536805b7522@group-E04EDCCF1085-FollowerState] INFO  impl.FollowerState (FollowerState.java:run(143)) - 4cc98e97-26bc-48ed-a5cf-0536805b7522@group-E04EDCCF1085-FollowerState: change to CANDIDATE, lastRpcElapsedTime:5081745826ns, electionTimeout:5059ms
2022-10-03 12:57:56,121 [4cc98e97-26bc-48ed-a5cf-0536805b7522@group-E04EDCCF1085-FollowerState] INFO  impl.RoleInfo (RoleInfo.java:shutdownFollowerState(110)) - 4cc98e97-26bc-48ed-a5cf-0536805b7522: shutdown 4cc98e97-26bc-48ed-a5cf-0536805b7522@group-E04EDCCF1085-FollowerState
2022-10-03 12:57:56,121 [4cc98e97-26bc-48ed-a5cf-0536805b7522@group-E04EDCCF1085-FollowerState] INFO  server.RaftServer$Division (RaftServerImpl.java:setRole(299)) - 4cc98e97-26bc-48ed-a5cf-0536805b7522@group-E04EDCCF1085: changes role from  FOLLOWER to CANDIDATE at term 1 for changeToCandidate
2022-10-03 12:57:56,121 [4cc98e97-26bc-48ed-a5cf-0536805b7522@group-E04EDCCF1085-FollowerState] INFO  server.RaftServerConfigKeys (ConfUtils.java:logGet(46)) - raft.server.leaderelection.pre-vote = false (custom)
2022-10-03 12:57:56,121 [4cc98e97-26bc-48ed-a5cf-0536805b7522@group-E04EDCCF1085-FollowerState] INFO  impl.RoleInfo (RoleInfo.java:updateAndGet(139)) - 4cc98e97-26bc-48ed-a5cf-0536805b7522: start 4cc98e97-26bc-48ed-a5cf-0536805b7522@group-E04EDCCF1085-LeaderElection80
2022-10-03 12:57:56,125 [1ecca3ae-2ad7-42d2-aa85-a2563cb61ab5@group-E04EDCCF1085-FollowerState] INFO  impl.FollowerState (FollowerState.java:run(143)) - 1ecca3ae-2ad7-42d2-aa85-a2563cb61ab5@group-E04EDCCF1085-FollowerState: change to CANDIDATE, lastRpcElapsedTime:5087728227ns, electionTimeout:5077ms
2022-10-03 12:57:56,125 [1ecca3ae-2ad7-42d2-aa85-a2563cb61ab5@group-E04EDCCF1085-FollowerState] INFO  impl.RoleInfo (RoleInfo.java:shutdownFollowerState(110)) - 1ecca3ae-2ad7-42d2-aa85-a2563cb61ab5: shutdown 1ecca3ae-2ad7-42d2-aa85-a2563cb61ab5@group-E04EDCCF1085-FollowerState
2022-10-03 12:57:56,125 [1ecca3ae-2ad7-42d2-aa85-a2563cb61ab5@group-E04EDCCF1085-FollowerState] INFO  server.RaftServer$Division (RaftServerImpl.java:setRole(299)) - 1ecca3ae-2ad7-42d2-aa85-a2563cb61ab5@group-E04EDCCF1085: changes role from  FOLLOWER to CANDIDATE at term 1 for changeToCandidate
2022-10-03 12:57:56,137 [1ecca3ae-2ad7-42d2-aa85-a2563cb61ab5@group-E04EDCCF1085-FollowerState] INFO  server.RaftServerConfigKeys (ConfUtils.java:logGet(46)) - raft.server.leaderelection.pre-vote = false (custom)
2022-10-03 12:57:56,137 [1ecca3ae-2ad7-42d2-aa85-a2563cb61ab5@group-E04EDCCF1085-FollowerState] INFO  impl.RoleInfo (RoleInfo.java:updateAndGet(139)) - 1ecca3ae-2ad7-42d2-aa85-a2563cb61ab5: start 1ecca3ae-2ad7-42d2-aa85-a2563cb61ab5@group-E04EDCCF1085-LeaderElection81
2022-10-03 12:57:56,138 [4cc98e97-26bc-48ed-a5cf-0536805b7522@group-E04EDCCF1085-LeaderElection80] INFO  impl.LeaderElection (LeaderElection.java:askForVotes(310)) - 4cc98e97-26bc-48ed-a5cf-0536805b7522@group-E04EDCCF1085-LeaderElection80 ELECTION round 0: submit vote requests at term 2 for -1: [1ecca3ae-2ad7-42d2-aa85-a2563cb61ab5|rpc:10.1.0.147:35369|priority:1, 21fe54d0-377d-43c9-af71-a01bd82d5518|rpc:10.1.0.147:40327|priority:0, 4cc98e97-26bc-48ed-a5cf-0536805b7522|rpc:10.1.0.147:45187|priority:0], old=null
2022-10-03 12:57:56,169 [1ecca3ae-2ad7-42d2-aa85-a2563cb61ab5@group-E04EDCCF1085-LeaderElection81] INFO  impl.LeaderElection (LeaderElection.java:askForVotes(310)) - 1ecca3ae-2ad7-42d2-aa85-a2563cb61ab5@group-E04EDCCF1085-LeaderElection81 ELECTION round 0: submit vote requests at term 2 for -1: [1ecca3ae-2ad7-42d2-aa85-a2563cb61ab5|rpc:10.1.0.147:35369|dataStream:|priority:1, 21fe54d0-377d-43c9-af71-a01bd82d5518|rpc:10.1.0.147:40327|dataStream:|priority:0, 4cc98e97-26bc-48ed-a5cf-0536805b7522|rpc:10.1.0.147:45187|dataStream:|priority:0], old=null
2022-10-03 12:57:56,211 [grpc-default-executor-3] INFO  server.RaftServer$Division (RaftServerImpl.java:requestVote(1152)) - 21fe54d0-377d-43c9-af71-a01bd82d5518@group-E04EDCCF1085: receive requestVote(ELECTION, 1ecca3ae-2ad7-42d2-aa85-a2563cb61ab5, group-E04EDCCF1085, 2, (t:0, i:0))
2022-10-03 12:57:56,211 [grpc-default-executor-3] INFO  impl.VoteContext (VoteContext.java:log(48)) - 21fe54d0-377d-43c9-af71-a01bd82d5518@group-E04EDCCF1085-FOLLOWER: accept ELECTION from 1ecca3ae-2ad7-42d2-aa85-a2563cb61ab5: our priority 0 <= candidate's priority 1
2022-10-03 12:57:56,211 [grpc-default-executor-3] INFO  server.RaftServer$Division (RaftServerImpl.java:setRole(299)) - 21fe54d0-377d-43c9-af71-a01bd82d5518@group-E04EDCCF1085: changes role from  FOLLOWER to FOLLOWER at term 2 for candidate:1ecca3ae-2ad7-42d2-aa85-a2563cb61ab5
2022-10-03 12:57:56,212 [grpc-default-executor-3] INFO  impl.RoleInfo (RoleInfo.java:shutdownFollowerState(110)) - 21fe54d0-377d-43c9-af71-a01bd82d5518: shutdown 21fe54d0-377d-43c9-af71-a01bd82d5518@group-E04EDCCF1085-FollowerState
2022-10-03 12:57:56,215 [grpc-default-executor-0] INFO  server.RaftServer$Division (RaftServerImpl.java:requestVote(1152)) - 4cc98e97-26bc-48ed-a5cf-0536805b7522@group-E04EDCCF1085: receive requestVote(ELECTION, 1ecca3ae-2ad7-42d2-aa85-a2563cb61ab5, group-E04EDCCF1085, 2, (t:0, i:0))
2022-10-03 12:57:56,215 [grpc-default-executor-0] INFO  impl.VoteContext (VoteContext.java:log(48)) - 4cc98e97-26bc-48ed-a5cf-0536805b7522@group-E04EDCCF1085-CANDIDATE: reject ELECTION from 1ecca3ae-2ad7-42d2-aa85-a2563cb61ab5: already has voted for 4cc98e97-26bc-48ed-a5cf-0536805b7522 at current term 2
2022-10-03 12:57:56,215 [grpc-default-executor-0] INFO  server.RaftServer$Division (RaftServerImpl.java:requestVote(1184)) - 4cc98e97-26bc-48ed-a5cf-0536805b7522@group-E04EDCCF1085 replies to ELECTION vote request: 1ecca3ae-2ad7-42d2-aa85-a2563cb61ab5<-4cc98e97-26bc-48ed-a5cf-0536805b7522#0:FAIL-t2. Peer's state: 4cc98e97-26bc-48ed-a5cf-0536805b7522@group-E04EDCCF1085:t2, leader=null, voted=4cc98e97-26bc-48ed-a5cf-0536805b7522, raftlog=4cc98e97-26bc-48ed-a5cf-0536805b7522@group-E04EDCCF1085-SegmentedRaftLog:OPENED:c-1, conf=-1: [1ecca3ae-2ad7-42d2-aa85-a2563cb61ab5|rpc:10.1.0.147:35369|priority:1, 21fe54d0-377d-43c9-af71-a01bd82d5518|rpc:10.1.0.147:40327|priority:0, 4cc98e97-26bc-48ed-a5cf-0536805b7522|rpc:10.1.0.147:45187|priority:0], old=null
2022-10-03 12:57:56,237 [21fe54d0-377d-43c9-af71-a01bd82d5518@group-E04EDCCF1085-FollowerState] INFO  impl.FollowerState (FollowerState.java:run(152)) - 21fe54d0-377d-43c9-af71-a01bd82d5518@group-E04EDCCF1085-FollowerState was interrupted
2022-10-03 12:57:56,237 [grpc-default-executor-3] INFO  impl.RoleInfo (RoleInfo.java:updateAndGet(139)) - 21fe54d0-377d-43c9-af71-a01bd82d5518: start 21fe54d0-377d-43c9-af71-a01bd82d5518@group-E04EDCCF1085-FollowerState
2022-10-03 12:57:56,238 [grpc-default-executor-0] INFO  server.RaftServer$Division (RaftServerImpl.java:requestVote(1152)) - 1ecca3ae-2ad7-42d2-aa85-a2563cb61ab5@group-E04EDCCF1085: receive requestVote(ELECTION, 4cc98e97-26bc-48ed-a5cf-0536805b7522, group-E04EDCCF1085, 2, (t:0, i:0))
2022-10-03 12:57:56,238 [grpc-default-executor-0] INFO  impl.VoteContext (VoteContext.java:log(48)) - 1ecca3ae-2ad7-42d2-aa85-a2563cb61ab5@group-E04EDCCF1085-CANDIDATE: reject ELECTION from 4cc98e97-26bc-48ed-a5cf-0536805b7522: already has voted for 1ecca3ae-2ad7-42d2-aa85-a2563cb61ab5 at current term 2
2022-10-03 12:57:56,239 [grpc-default-executor-0] INFO  server.RaftServer$Division (RaftServerImpl.java:requestVote(1184)) - 1ecca3ae-2ad7-42d2-aa85-a2563cb61ab5@group-E04EDCCF1085 replies to ELECTION vote request: 4cc98e97-26bc-48ed-a5cf-0536805b7522<-1ecca3ae-2ad7-42d2-aa85-a2563cb61ab5#0:FAIL-t2. Peer's state: 1ecca3ae-2ad7-42d2-aa85-a2563cb61ab5@group-E04EDCCF1085:t2, leader=null, voted=1ecca3ae-2ad7-42d2-aa85-a2563cb61ab5, raftlog=1ecca3ae-2ad7-42d2-aa85-a2563cb61ab5@group-E04EDCCF1085-SegmentedRaftLog:OPENED:c-1, conf=-1: [1ecca3ae-2ad7-42d2-aa85-a2563cb61ab5|rpc:10.1.0.147:35369|dataStream:|priority:1, 21fe54d0-377d-43c9-af71-a01bd82d5518|rpc:10.1.0.147:40327|dataStream:|priority:0, 4cc98e97-26bc-48ed-a5cf-0536805b7522|rpc:10.1.0.147:45187|dataStream:|priority:0], old=null
2022-10-03 12:57:56,241 [grpc-default-executor-0] INFO  server.RaftServer$Division (RaftServerImpl.java:requestVote(1152)) - 21fe54d0-377d-43c9-af71-a01bd82d5518@group-E04EDCCF1085: receive requestVote(ELECTION, 4cc98e97-26bc-48ed-a5cf-0536805b7522, group-E04EDCCF1085, 2, (t:0, i:0))
2022-10-03 12:57:56,241 [4cc98e97-26bc-48ed-a5cf-0536805b7522@group-E04EDCCF1085-LeaderElection80] INFO  impl.LeaderElection (LeaderElection.java:logAndReturn(90)) - 4cc98e97-26bc-48ed-a5cf-0536805b7522@group-E04EDCCF1085-LeaderElection80: ELECTION REJECTED received 1 response(s) and 0 exception(s):
2022-10-03 12:57:56,241 [4cc98e97-26bc-48ed-a5cf-0536805b7522@group-E04EDCCF1085-LeaderElection80] INFO  impl.LeaderElection (LeaderElection.java:logAndReturn(94)) -   Response 0: 4cc98e97-26bc-48ed-a5cf-0536805b7522<-1ecca3ae-2ad7-42d2-aa85-a2563cb61ab5#0:FAIL-t2
2022-10-03 12:57:56,241 [4cc98e97-26bc-48ed-a5cf-0536805b7522@group-E04EDCCF1085-LeaderElection80] INFO  impl.LeaderElection (LeaderElection.java:askForVotes(312)) - 4cc98e97-26bc-48ed-a5cf-0536805b7522@group-E04EDCCF1085-LeaderElection80 ELECTION round 0: result REJECTED
2022-10-03 12:57:56,241 [4cc98e97-26bc-48ed-a5cf-0536805b7522@group-E04EDCCF1085-LeaderElection80] INFO  server.RaftServer$Division (RaftServerImpl.java:setRole(299)) - 4cc98e97-26bc-48ed-a5cf-0536805b7522@group-E04EDCCF1085: changes role from CANDIDATE to FOLLOWER at term 2 for REJECTED
2022-10-03 12:57:56,241 [4cc98e97-26bc-48ed-a5cf-0536805b7522@group-E04EDCCF1085-LeaderElection80] INFO  impl.RoleInfo (RoleInfo.java:shutdownLeaderElection(130)) - 4cc98e97-26bc-48ed-a5cf-0536805b7522: shutdown 4cc98e97-26bc-48ed-a5cf-0536805b7522@group-E04EDCCF1085-LeaderElection80
2022-10-03 12:57:56,241 [4cc98e97-26bc-48ed-a5cf-0536805b7522@group-E04EDCCF1085-LeaderElection80] INFO  impl.RoleInfo (RoleInfo.java:updateAndGet(139)) - 4cc98e97-26bc-48ed-a5cf-0536805b7522: start 4cc98e97-26bc-48ed-a5cf-0536805b7522@group-E04EDCCF1085-FollowerState
2022-10-03 12:57:56,241 [grpc-default-executor-3] INFO  server.RaftServer$Division (RaftServerImpl.java:requestVote(1184)) - 21fe54d0-377d-43c9-af71-a01bd82d5518@group-E04EDCCF1085 replies to ELECTION vote request: 1ecca3ae-2ad7-42d2-aa85-a2563cb61ab5<-21fe54d0-377d-43c9-af71-a01bd82d5518#0:OK-t2. Peer's state: 21fe54d0-377d-43c9-af71-a01bd82d5518@group-E04EDCCF1085:t2, leader=null, voted=1ecca3ae-2ad7-42d2-aa85-a2563cb61ab5, raftlog=21fe54d0-377d-43c9-af71-a01bd82d5518@group-E04EDCCF1085-SegmentedRaftLog:OPENED:c-1, conf=-1: [1ecca3ae-2ad7-42d2-aa85-a2563cb61ab5|rpc:10.1.0.147:35369|priority:1, 21fe54d0-377d-43c9-af71-a01bd82d5518|rpc:10.1.0.147:40327|priority:0, 4cc98e97-26bc-48ed-a5cf-0536805b7522|rpc:10.1.0.147:45187|priority:0], old=null
2022-10-03 12:57:56,242 [grpc-default-executor-0] INFO  impl.VoteContext (VoteContext.java:log(48)) - 21fe54d0-377d-43c9-af71-a01bd82d5518@group-E04EDCCF1085-FOLLOWER: reject ELECTION from 4cc98e97-26bc-48ed-a5cf-0536805b7522: already has voted for 1ecca3ae-2ad7-42d2-aa85-a2563cb61ab5 at current term 2
2022-10-03 12:57:56,242 [grpc-default-executor-0] INFO  server.RaftServer$Division (RaftServerImpl.java:requestVote(1184)) - 21fe54d0-377d-43c9-af71-a01bd82d5518@group-E04EDCCF1085 replies to ELECTION vote request: 4cc98e97-26bc-48ed-a5cf-0536805b7522<-21fe54d0-377d-43c9-af71-a01bd82d5518#0:FAIL-t2. Peer's state: 21fe54d0-377d-43c9-af71-a01bd82d5518@group-E04EDCCF1085:t2, leader=null, voted=1ecca3ae-2ad7-42d2-aa85-a2563cb61ab5, raftlog=21fe54d0-377d-43c9-af71-a01bd82d5518@group-E04EDCCF1085-SegmentedRaftLog:OPENED:c-1, conf=-1: [1ecca3ae-2ad7-42d2-aa85-a2563cb61ab5|rpc:10.1.0.147:35369|priority:1, 21fe54d0-377d-43c9-af71-a01bd82d5518|rpc:10.1.0.147:40327|priority:0, 4cc98e97-26bc-48ed-a5cf-0536805b7522|rpc:10.1.0.147:45187|priority:0], old=null
2022-10-03 12:57:56,243 [1ecca3ae-2ad7-42d2-aa85-a2563cb61ab5@group-E04EDCCF1085-LeaderElection81] INFO  impl.LeaderElection (LeaderElection.java:logAndReturn(90)) - 1ecca3ae-2ad7-42d2-aa85-a2563cb61ab5@group-E04EDCCF1085-LeaderElection81: ELECTION PASSED received 2 response(s) and 0 exception(s):
2022-10-03 12:57:56,243 [1ecca3ae-2ad7-42d2-aa85-a2563cb61ab5@group-E04EDCCF1085-LeaderElection81] INFO  impl.LeaderElection (LeaderElection.java:logAndReturn(94)) -   Response 0: 1ecca3ae-2ad7-42d2-aa85-a2563cb61ab5<-21fe54d0-377d-43c9-af71-a01bd82d5518#0:OK-t2
2022-10-03 12:57:56,243 [1ecca3ae-2ad7-42d2-aa85-a2563cb61ab5@group-E04EDCCF1085-LeaderElection81] INFO  impl.LeaderElection (LeaderElection.java:logAndReturn(94)) -   Response 1: 1ecca3ae-2ad7-42d2-aa85-a2563cb61ab5<-4cc98e97-26bc-48ed-a5cf-0536805b7522#0:FAIL-t2
2022-10-03 12:57:56,243 [1ecca3ae-2ad7-42d2-aa85-a2563cb61ab5@group-E04EDCCF1085-LeaderElection81] INFO  impl.LeaderElection (LeaderElection.java:askForVotes(312)) - 1ecca3ae-2ad7-42d2-aa85-a2563cb61ab5@group-E04EDCCF1085-LeaderElection81 ELECTION round 0: result PASSED
2022-10-03 12:57:56,243 [1ecca3ae-2ad7-42d2-aa85-a2563cb61ab5@group-E04EDCCF1085-LeaderElection81] INFO  impl.RoleInfo (RoleInfo.java:shutdownLeaderElection(130)) - 1ecca3ae-2ad7-42d2-aa85-a2563cb61ab5: shutdown 1ecca3ae-2ad7-42d2-aa85-a2563cb61ab5@group-E04EDCCF1085-LeaderElection81
2022-10-03 12:57:56,243 [1ecca3ae-2ad7-42d2-aa85-a2563cb61ab5@group-E04EDCCF1085-LeaderElection81] INFO  server.RaftServer$Division (RaftServerImpl.java:setRole(299)) - 1ecca3ae-2ad7-42d2-aa85-a2563cb61ab5@group-E04EDCCF1085: changes role from CANDIDATE to LEADER at term 2 for changeToLeader
2022-10-03 12:57:56,243 [1ecca3ae-2ad7-42d2-aa85-a2563cb61ab5@group-E04EDCCF1085-LeaderElection81] INFO  ratis.XceiverServerRatis (XceiverServerRatis.java:handleLeaderChangedNotification(863)) - Leader change notification received for group: group-E04EDCCF1085 with new leaderId: 1ecca3ae-2ad7-42d2-aa85-a2563cb61ab5
2022-10-03 12:57:56,243 [1ecca3ae-2ad7-42d2-aa85-a2563cb61ab5@group-E04EDCCF1085-LeaderElection81] INFO  server.RaftServer$Division (ServerState.java:setLeader(287)) - 1ecca3ae-2ad7-42d2-aa85-a2563cb61ab5@group-E04EDCCF1085: change Leader from null to 1ecca3ae-2ad7-42d2-aa85-a2563cb61ab5 at term 2 for becomeLeader, leader elected after 10560ms
2022-10-03 12:57:56,243 [1ecca3ae-2ad7-42d2-aa85-a2563cb61ab5@group-E04EDCCF1085-LeaderElection81] INFO  server.RaftServerConfigKeys (ConfUtils.java:logGet(46)) - raft.server.staging.catchup.gap = 1000 (default)
2022-10-03 12:57:56,244 [1ecca3ae-2ad7-42d2-aa85-a2563cb61ab5@group-E04EDCCF1085-LeaderElection81] INFO  server.RaftServerConfigKeys (ConfUtils.java:logGet(46)) - raft.server.write.element-limit = 1024 (custom)
2022-10-03 12:57:56,244 [1ecca3ae-2ad7-42d2-aa85-a2563cb61ab5@group-E04EDCCF1085-LeaderElection81] INFO  server.RaftServerConfigKeys (ConfUtils.java:logGet(46)) - raft.server.write.byte-limit = 1024 M (=1073741824) (custom)
2022-10-03 12:57:56,244 [1ecca3ae-2ad7-42d2-aa85-a2563cb61ab5@group-E04EDCCF1085-LeaderElection81] INFO  server.RaftServerConfigKeys (ConfUtils.java:logGet(46)) - raft.server.watch.timeout = 180s (custom)
2022-10-03 12:57:56,244 [1ecca3ae-2ad7-42d2-aa85-a2563cb61ab5@group-E04EDCCF1085-LeaderElection81] INFO  server.RaftServerConfigKeys (ConfUtils.java:logGet(46)) - raft.server.watch.timeout.denomination = 1s (default)
2022-10-03 12:57:56,244 [1ecca3ae-2ad7-42d2-aa85-a2563cb61ab5@group-E04EDCCF1085-LeaderElection81] INFO  server.RaftServerConfigKeys (ConfUtils.java:logGet(46)) - raft.server.watch.element-limit = 65536 (default)
2022-10-03 12:57:56,244 [1ecca3ae-2ad7-42d2-aa85-a2563cb61ab5@group-E04EDCCF1085-LeaderElection81] INFO  server.RaftServerConfigKeys (ConfUtils.java:logGet(46)) - raft.server.write.element-limit = 1024 (custom)
2022-10-03 12:57:56,244 [1ecca3ae-2ad7-42d2-aa85-a2563cb61ab5@group-E04EDCCF1085-LeaderElection81] INFO  server.RaftServerConfigKeys (ConfUtils.java:logGet(46)) - raft.server.write.follower.gap.ratio.max = -1.0 (default)
2022-10-03 12:57:56,245 [1ecca3ae-2ad7-42d2-aa85-a2563cb61ab5@group-E04EDCCF1085-LeaderElection81] INFO  server.RaftServerConfigKeys (ConfUtils.java:logGet(46)) - raft.server.log.appender.snapshot.chunk.size.max = 16MB (=16777216) (default)
2022-10-03 12:57:56,247 [1ecca3ae-2ad7-42d2-aa85-a2563cb61ab5@group-E04EDCCF1085-LeaderElection81] INFO  server.RaftServerConfigKeys (ConfUtils.java:logGet(46)) - raft.server.log.appender.buffer.byte-limit = 33554432 (custom)
2022-10-03 12:57:56,247 [1ecca3ae-2ad7-42d2-aa85-a2563cb61ab5@group-E04EDCCF1085-LeaderElection81] INFO  server.RaftServerConfigKeys (ConfUtils.java:logGet(46)) - raft.server.log.appender.buffer.element-limit = 1 (custom)
2022-10-03 12:57:56,247 [1ecca3ae-2ad7-42d2-aa85-a2563cb61ab5@group-E04EDCCF1085-LeaderElection81] INFO  grpc.GrpcConfigKeys (ConfUtils.java:logGet(46)) - raft.grpc.server.leader.outstanding.appends.max = 128 (default)
2022-10-03 12:57:56,247 [1ecca3ae-2ad7-42d2-aa85-a2563cb61ab5@group-E04EDCCF1085-LeaderElection81] INFO  server.RaftServerConfigKeys (ConfUtils.java:logGet(46)) - raft.server.rpc.request.timeout = 60s (custom)
2022-10-03 12:57:56,247 [1ecca3ae-2ad7-42d2-aa85-a2563cb61ab5@group-E04EDCCF1085-LeaderElection81] INFO  server.RaftServerConfigKeys (ConfUtils.java:logGet(46)) - raft.server.log.appender.install.snapshot.enabled = false (custom)
2022-10-03 12:57:56,247 [EventQueue-OpenPipelineForHealthyPipelineSafeModeRule] INFO  safemode.SCMSafeModeManager (HealthyPipelineSafeModeRule.java:process(137)) - SCM in safe mode. Healthy pipelines reported count is 0, required healthy pipeline reported count is 1
2022-10-03 12:57:56,248 [1ecca3ae-2ad7-42d2-aa85-a2563cb61ab5@group-E04EDCCF1085-LeaderElection81] INFO  server.RaftServerConfigKeys (ConfUtils.java:logGet(46)) - raft.server.log.appender.snapshot.chunk.size.max = 16MB (=16777216) (default)
2022-10-03 12:57:56,248 [1ecca3ae-2ad7-42d2-aa85-a2563cb61ab5@group-E04EDCCF1085-LeaderElection81] INFO  server.RaftServerConfigKeys (ConfUtils.java:logGet(46)) - raft.server.log.appender.buffer.byte-limit = 33554432 (custom)
2022-10-03 12:57:56,248 [1ecca3ae-2ad7-42d2-aa85-a2563cb61ab5@group-E04EDCCF1085-LeaderElection81] INFO  server.RaftServerConfigKeys (ConfUtils.java:logGet(46)) - raft.server.log.appender.buffer.element-limit = 1 (custom)
2022-10-03 12:57:56,248 [1ecca3ae-2ad7-42d2-aa85-a2563cb61ab5@group-E04EDCCF1085-LeaderElection81] INFO  grpc.GrpcConfigKeys (ConfUtils.java:logGet(46)) - raft.grpc.server.leader.outstanding.appends.max = 128 (default)
2022-10-03 12:57:56,248 [1ecca3ae-2ad7-42d2-aa85-a2563cb61ab5@group-E04EDCCF1085-LeaderElection81] INFO  server.RaftServerConfigKeys (ConfUtils.java:logGet(46)) - raft.server.rpc.request.timeout = 60s (custom)
2022-10-03 12:57:56,249 [1ecca3ae-2ad7-42d2-aa85-a2563cb61ab5@group-E04EDCCF1085-LeaderElection81] INFO  server.RaftServerConfigKeys (ConfUtils.java:logGet(46)) - raft.server.log.appender.install.snapshot.enabled = false (custom)
2022-10-03 12:57:56,249 [1ecca3ae-2ad7-42d2-aa85-a2563cb61ab5@group-E04EDCCF1085-LeaderElection81] INFO  impl.RoleInfo (RoleInfo.java:updateAndGet(139)) - 1ecca3ae-2ad7-42d2-aa85-a2563cb61ab5: start 1ecca3ae-2ad7-42d2-aa85-a2563cb61ab5@group-E04EDCCF1085-LeaderStateImpl
2022-10-03 12:57:56,247 [EventQueue-PipelineReportForPipelineReportHandler] INFO  pipeline.PipelineManagerImpl (PipelineManagerImpl.java:openPipeline(367)) - Pipeline Pipeline[ Id: 3b2263ea-04b5-470c-9ddc-e04edccf1085, Nodes: 4cc98e97-26bc-48ed-a5cf-0536805b7522{ip: 10.1.0.147, host: fv-az443-503.ap2fcshprsnunfx25e1aelzb4b.cx.internal.cloudapp.net, ports: [REPLICATION=44555, RATIS=45187, RATIS_ADMIN=45187, RATIS_SERVER=45187, STANDALONE=41601], networkLocation: /default-rack, certSerialId: null, persistedOpState: IN_SERVICE, persistedOpStateExpiryEpochSec: 0}1ecca3ae-2ad7-42d2-aa85-a2563cb61ab5{ip: 10.1.0.147, host: fv-az443-503.ap2fcshprsnunfx25e1aelzb4b.cx.internal.cloudapp.net, ports: [REPLICATION=40969, RATIS=35369, RATIS_ADMIN=35369, RATIS_SERVER=35369, STANDALONE=38943], networkLocation: /default-rack, certSerialId: null, persistedOpState: IN_SERVICE, persistedOpStateExpiryEpochSec: 0}21fe54d0-377d-43c9-af71-a01bd82d5518{ip: 10.1.0.147, host: fv-az443-503.ap2fcshprsnunfx25e1aelzb4b.cx.internal.cloudapp.net, ports: [REPLICATION=42745, RATIS=40327, RATIS_ADMIN=40327, RATIS_SERVER=40327, STANDALONE=41019], networkLocation: /default-rack, certSerialId: null, persistedOpState: IN_SERVICE, persistedOpStateExpiryEpochSec: 0}, ReplicationConfig: RATIS/THREE, State:ALLOCATED, leaderId:1ecca3ae-2ad7-42d2-aa85-a2563cb61ab5, CreationTimestamp2022-10-03T12:57:43.687Z[Etc/UTC]] moved to OPEN state
2022-10-03 12:57:56,249 [EventQueue-OpenPipelineForHealthyPipelineSafeModeRule] INFO  safemode.SCMSafeModeManager (HealthyPipelineSafeModeRule.java:process(137)) - SCM in safe mode. Healthy pipelines reported count is 1, required healthy pipeline reported count is 1
2022-10-03 12:57:56,249 [EventQueue-OpenPipelineForHealthyPipelineSafeModeRule] INFO  safemode.SCMSafeModeManager (SCMSafeModeManager.java:validateSafeModeExitRules(204)) - HealthyPipelineSafeModeRule rule is successfully validated
2022-10-03 12:57:56,249 [EventQueue-OpenPipelineForHealthyPipelineSafeModeRule] INFO  safemode.SCMSafeModeManager (SCMSafeModeManager.java:validateSafeModeExitRules(219)) - ScmSafeModeManager, all rules are successfully validated
2022-10-03 12:57:56,249 [EventQueue-OpenPipelineForHealthyPipelineSafeModeRule] INFO  safemode.SCMSafeModeManager (SCMSafeModeManager.java:exitSafeMode(248)) - SCM exiting safe mode.
2022-10-03 12:57:56,249 [EventQueue-OpenPipelineForHealthyPipelineSafeModeRule] WARN  events.EventQueue (EventQueue.java:fireEvent(216)) - No event handler registered for event TypedEvent{payloadType=SafeModeStatus, name='Safe mode status'}
2022-10-03 12:57:56,250 [EventQueue-OpenPipelineForHealthyPipelineSafeModeRule] INFO  ha.SCMContext (SCMContext.java:updateSafeModeStatus(228)) - Update SafeModeStatus from SafeModeStatus{safeModeStatus=true, preCheckPassed=true} to SafeModeStatus{safeModeStatus=false, preCheckPassed=true}.
2022-10-03 12:57:56,250 [EventQueue-OpenPipelineForHealthyPipelineSafeModeRule] INFO  pipeline.BackgroundPipelineCreator (BackgroundPipelineCreator.java:notifyStatusChanged(254)) - Service BackgroundPipelineCreator transitions to RUNNING.
2022-10-03 12:57:56,250 [EventQueue-OpenPipelineForHealthyPipelineSafeModeRule] INFO  BackgroundPipelineScrubber (BackgroundSCMService.java:notifyStatusChanged(82)) - Service BackgroundPipelineScrubber transitions to RUNNING.
2022-10-03 12:57:56,250 [EventQueue-OpenPipelineForHealthyPipelineSafeModeRule] INFO  ExpiredContainerReplicaOpScrubber (BackgroundSCMService.java:notifyStatusChanged(82)) - Service ExpiredContainerReplicaOpScrubber transitions to RUNNING.
2022-10-03 12:57:56,250 [EventQueue-OpenPipelineForHealthyPipelineSafeModeRule] INFO  replication.ReplicationManager (ReplicationManager.java:notifyStatusChanged(728)) - Service ReplicationManager transitions to RUNNING.
2022-10-03 12:57:56,250 [EventQueue-OpenPipelineForHealthyPipelineSafeModeRule] WARN  balancer.ContainerBalancer (ContainerBalancer.java:shouldRun(936)) - Could not find persisted configuration for ContainerBalancer when checking if ContainerBalancer should run. ContainerBalancer should not run now.
2022-10-03 12:57:56,250 [1ecca3ae-2ad7-42d2-aa85-a2563cb61ab5@group-E04EDCCF1085-LeaderElection81] INFO  segmented.SegmentedRaftLogWorker (SegmentedRaftLogWorker.java:startLogSegment(425)) - 1ecca3ae-2ad7-42d2-aa85-a2563cb61ab5@group-E04EDCCF1085-SegmentedRaftLogWorker: Starting segment from index:0
2022-10-03 12:57:56,251 [1ecca3ae-2ad7-42d2-aa85-a2563cb61ab5@group-E04EDCCF1085-SegmentedRaftLogWorker] INFO  segmented.SegmentedRaftLogWorker (SegmentedRaftLogWorker.java:execute(629)) - 1ecca3ae-2ad7-42d2-aa85-a2563cb61ab5@group-E04EDCCF1085-SegmentedRaftLogWorker: created new log segment /home/runner/work/ozone/ozone/hadoop-ozone/integration-test/target/test-dir/MiniOzoneClusterImpl-53db5b09-2415-4619-b18d-0010cdbdab93/datanode-2/data/ratis/3b2263ea-04b5-470c-9ddc-e04edccf1085/current/log_inprogress_0
2022-10-03 12:57:56,311 [1ecca3ae-2ad7-42d2-aa85-a2563cb61ab5@group-E04EDCCF1085-LeaderElection81] INFO  server.RaftServer$Division (ServerState.java:setRaftConf(393)) - 1ecca3ae-2ad7-42d2-aa85-a2563cb61ab5@group-E04EDCCF1085: set configuration 0: [1ecca3ae-2ad7-42d2-aa85-a2563cb61ab5|rpc:10.1.0.147:35369|dataStream:|priority:1, 21fe54d0-377d-43c9-af71-a01bd82d5518|rpc:10.1.0.147:40327|dataStream:|priority:0, 4cc98e97-26bc-48ed-a5cf-0536805b7522|rpc:10.1.0.147:45187|dataStream:|priority:0], old=null
2022-10-03 12:57:56,319 [21fe54d0-377d-43c9-af71-a01bd82d5518-server-thread1] INFO  ratis.XceiverServerRatis (XceiverServerRatis.java:handleLeaderChangedNotification(863)) - Leader change notification received for group: group-E04EDCCF1085 with new leaderId: 1ecca3ae-2ad7-42d2-aa85-a2563cb61ab5
2022-10-03 12:57:56,319 [21fe54d0-377d-43c9-af71-a01bd82d5518-server-thread1] INFO  server.RaftServer$Division (ServerState.java:setLeader(287)) - 21fe54d0-377d-43c9-af71-a01bd82d5518@group-E04EDCCF1085: change Leader from null to 1ecca3ae-2ad7-42d2-aa85-a2563cb61ab5 at term 2 for appendEntries, leader elected after 10802ms
2022-10-03 12:57:56,327 [4cc98e97-26bc-48ed-a5cf-0536805b7522-server-thread1] INFO  ratis.XceiverServerRatis (XceiverServerRatis.java:handleLeaderChangedNotification(863)) - Leader change notification received for group: group-E04EDCCF1085 with new leaderId: 1ecca3ae-2ad7-42d2-aa85-a2563cb61ab5
2022-10-03 12:57:56,327 [4cc98e97-26bc-48ed-a5cf-0536805b7522-server-thread1] INFO  server.RaftServer$Division (ServerState.java:setLeader(287)) - 4cc98e97-26bc-48ed-a5cf-0536805b7522@group-E04EDCCF1085: change Leader from null to 1ecca3ae-2ad7-42d2-aa85-a2563cb61ab5 at term 2 for appendEntries, leader elected after 10769ms
2022-10-03 12:57:56,328 [21fe54d0-377d-43c9-af71-a01bd82d5518-server-thread1] INFO  server.RaftServer$Division (ServerState.java:setRaftConf(393)) - 21fe54d0-377d-43c9-af71-a01bd82d5518@group-E04EDCCF1085: set configuration 0: [1ecca3ae-2ad7-42d2-aa85-a2563cb61ab5|rpc:10.1.0.147:35369|dataStream:|priority:1, 21fe54d0-377d-43c9-af71-a01bd82d5518|rpc:10.1.0.147:40327|dataStream:|priority:0, 4cc98e97-26bc-48ed-a5cf-0536805b7522|rpc:10.1.0.147:45187|dataStream:|priority:0], old=null
2022-10-03 12:57:56,329 [21fe54d0-377d-43c9-af71-a01bd82d5518-server-thread1] INFO  segmented.SegmentedRaftLogWorker (SegmentedRaftLogWorker.java:startLogSegment(425)) - 21fe54d0-377d-43c9-af71-a01bd82d5518@group-E04EDCCF1085-SegmentedRaftLogWorker: Starting segment from index:0
2022-10-03 12:57:56,340 [4cc98e97-26bc-48ed-a5cf-0536805b7522-server-thread2] INFO  server.RaftServer$Division (ServerState.java:setRaftConf(393)) - 4cc98e97-26bc-48ed-a5cf-0536805b7522@group-E04EDCCF1085: set configuration 0: [1ecca3ae-2ad7-42d2-aa85-a2563cb61ab5|rpc:10.1.0.147:35369|dataStream:|priority:1, 21fe54d0-377d-43c9-af71-a01bd82d5518|rpc:10.1.0.147:40327|dataStream:|priority:0, 4cc98e97-26bc-48ed-a5cf-0536805b7522|rpc:10.1.0.147:45187|dataStream:|priority:0], old=null
2022-10-03 12:57:56,340 [4cc98e97-26bc-48ed-a5cf-0536805b7522-server-thread2] INFO  segmented.SegmentedRaftLogWorker (SegmentedRaftLogWorker.java:startLogSegment(425)) - 4cc98e97-26bc-48ed-a5cf-0536805b7522@group-E04EDCCF1085-SegmentedRaftLogWorker: Starting segment from index:0
2022-10-03 12:57:56,342 [4cc98e97-26bc-48ed-a5cf-0536805b7522@group-E04EDCCF1085-SegmentedRaftLogWorker] INFO  segmented.SegmentedRaftLogWorker (SegmentedRaftLogWorker.java:execute(629)) - 4cc98e97-26bc-48ed-a5cf-0536805b7522@group-E04EDCCF1085-SegmentedRaftLogWorker: created new log segment /home/runner/work/ozone/ozone/hadoop-ozone/integration-test/target/test-dir/MiniOzoneClusterImpl-53db5b09-2415-4619-b18d-0010cdbdab93/datanode-1/data/ratis/3b2263ea-04b5-470c-9ddc-e04edccf1085/current/log_inprogress_0
2022-10-03 12:57:56,373 [21fe54d0-377d-43c9-af71-a01bd82d5518@group-E04EDCCF1085-SegmentedRaftLogWorker] INFO  segmented.SegmentedRaftLogWorker (SegmentedRaftLogWorker.java:execute(629)) - 21fe54d0-377d-43c9-af71-a01bd82d5518@group-E04EDCCF1085-SegmentedRaftLogWorker: created new log segment /home/runner/work/ozone/ozone/hadoop-ozone/integration-test/target/test-dir/MiniOzoneClusterImpl-53db5b09-2415-4619-b18d-0010cdbdab93/datanode-0/data/ratis/3b2263ea-04b5-470c-9ddc-e04edccf1085/current/log_inprogress_0
2022-10-03 12:57:56,536 [Listener at 127.0.0.1/41529] INFO  ozone.MiniOzoneClusterImpl (MiniOzoneClusterImpl.java:lambda$waitForClusterToBeReady$0(216)) - Nodes are ready. Got 3 of 3 DN Heartbeats.
2022-10-03 12:57:56,536 [Listener at 127.0.0.1/41529] INFO  ozone.MiniOzoneClusterImpl (MiniOzoneClusterImpl.java:lambda$waitForClusterToBeReady$0(219)) - Cluster exits safe mode
2022-10-03 12:57:56,536 [Listener at 127.0.0.1/41529] INFO  ozone.MiniOzoneClusterImpl (MiniOzoneClusterImpl.java:lambda$waitForClusterToBeReady$0(221)) - SCM became leader
]]></system-out>
    </rerunFailure>
  </testcase>
  <testcase name="testLeaderIdUsedOnFirstCall" classname="org.apache.hadoop.hdds.scm.TestRatisPipelineLeader" time="0.002">
    <failure type="java.lang.AssertionError"><![CDATA[java.lang.AssertionError
	at org.junit.Assert.fail(Assert.java:87)
	at org.junit.Assert.assertTrue(Assert.java:42)
	at org.junit.Assert.assertTrue(Assert.java:53)
	at org.apache.hadoop.hdds.scm.TestRatisPipelineLeader.testLeaderIdUsedOnFirstCall(TestRatisPipelineLeader.java:85)
	at sun.reflect.NativeMethodAccessorImpl.invoke0(Native Method)
	at sun.reflect.NativeMethodAccessorImpl.invoke(NativeMethodAccessorImpl.java:62)
	at sun.reflect.DelegatingMethodAccessorImpl.invoke(DelegatingMethodAccessorImpl.java:43)
	at java.lang.reflect.Method.invoke(Method.java:498)
	at org.junit.platform.commons.util.ReflectionUtils.invokeMethod(ReflectionUtils.java:725)
	at org.junit.jupiter.engine.execution.MethodInvocation.proceed(MethodInvocation.java:60)
	at org.junit.jupiter.engine.execution.InvocationInterceptorChain$ValidatingInvocation.proceed(InvocationInterceptorChain.java:131)
	at org.junit.jupiter.engine.extension.TimeoutInvocation.proceed(TimeoutInvocation.java:46)
	at org.junit.jupiter.engine.extension.TimeoutExtension.intercept(TimeoutExtension.java:149)
	at org.junit.jupiter.engine.extension.TimeoutExtension.interceptTestableMethod(TimeoutExtension.java:140)
	at org.junit.jupiter.engine.extension.TimeoutExtension.interceptTestMethod(TimeoutExtension.java:84)
	at org.junit.jupiter.engine.execution.ExecutableInvoker$ReflectiveInterceptorCall.lambda$ofVoidMethod$0(ExecutableInvoker.java:115)
	at org.junit.jupiter.engine.execution.ExecutableInvoker.lambda$invoke$0(ExecutableInvoker.java:105)
	at org.junit.jupiter.engine.execution.InvocationInterceptorChain$InterceptedInvocation.proceed(InvocationInterceptorChain.java:106)
	at org.junit.jupiter.engine.execution.InvocationInterceptorChain.proceed(InvocationInterceptorChain.java:64)
	at org.junit.jupiter.engine.execution.InvocationInterceptorChain.chainAndInvoke(InvocationInterceptorChain.java:45)
	at org.junit.jupiter.engine.execution.InvocationInterceptorChain.invoke(InvocationInterceptorChain.java:37)
	at org.junit.jupiter.engine.execution.ExecutableInvoker.invoke(ExecutableInvoker.java:104)
	at org.junit.jupiter.engine.execution.ExecutableInvoker.invoke(ExecutableInvoker.java:98)
	at org.junit.jupiter.engine.descriptor.TestMethodTestDescriptor.lambda$invokeTestMethod$7(TestMethodTestDescriptor.java:214)
	at org.junit.platform.engine.support.hierarchical.ThrowableCollector.execute(ThrowableCollector.java:73)
	at org.junit.jupiter.engine.descriptor.TestMethodTestDescriptor.invokeTestMethod(TestMethodTestDescriptor.java:210)
	at org.junit.jupiter.engine.descriptor.TestMethodTestDescriptor.execute(TestMethodTestDescriptor.java:135)
	at org.junit.jupiter.engine.descriptor.TestMethodTestDescriptor.execute(TestMethodTestDescriptor.java:66)
	at org.junit.platform.engine.support.hierarchical.NodeTestTask.lambda$executeRecursively$6(NodeTestTask.java:151)
	at org.junit.platform.engine.support.hierarchical.ThrowableCollector.execute(ThrowableCollector.java:73)
	at org.junit.platform.engine.support.hierarchical.NodeTestTask.lambda$executeRecursively$8(NodeTestTask.java:141)
	at org.junit.platform.engine.support.hierarchical.Node.around(Node.java:137)
	at org.junit.platform.engine.support.hierarchical.NodeTestTask.lambda$executeRecursively$9(NodeTestTask.java:139)
	at org.junit.platform.engine.support.hierarchical.ThrowableCollector.execute(ThrowableCollector.java:73)
	at org.junit.platform.engine.support.hierarchical.NodeTestTask.executeRecursively(NodeTestTask.java:138)
	at org.junit.platform.engine.support.hierarchical.NodeTestTask.execute(NodeTestTask.java:95)
	at java.util.ArrayList.forEach(ArrayList.java:1259)
	at org.junit.platform.engine.support.hierarchical.SameThreadHierarchicalTestExecutorService.invokeAll(SameThreadHierarchicalTestExecutorService.java:41)
	at org.junit.platform.engine.support.hierarchical.NodeTestTask.lambda$executeRecursively$6(NodeTestTask.java:155)
	at org.junit.platform.engine.support.hierarchical.ThrowableCollector.execute(ThrowableCollector.java:73)
	at org.junit.platform.engine.support.hierarchical.NodeTestTask.lambda$executeRecursively$8(NodeTestTask.java:141)
	at org.junit.platform.engine.support.hierarchical.Node.around(Node.java:137)
	at org.junit.platform.engine.support.hierarchical.NodeTestTask.lambda$executeRecursively$9(NodeTestTask.java:139)
	at org.junit.platform.engine.support.hierarchical.ThrowableCollector.execute(ThrowableCollector.java:73)
	at org.junit.platform.engine.support.hierarchical.NodeTestTask.executeRecursively(NodeTestTask.java:138)
	at org.junit.platform.engine.support.hierarchical.NodeTestTask.execute(NodeTestTask.java:95)
	at java.util.ArrayList.forEach(ArrayList.java:1259)
	at org.junit.platform.engine.support.hierarchical.SameThreadHierarchicalTestExecutorService.invokeAll(SameThreadHierarchicalTestExecutorService.java:41)
	at org.junit.platform.engine.support.hierarchical.NodeTestTask.lambda$executeRecursively$6(NodeTestTask.java:155)
	at org.junit.platform.engine.support.hierarchical.ThrowableCollector.execute(ThrowableCollector.java:73)
	at org.junit.platform.engine.support.hierarchical.NodeTestTask.lambda$executeRecursively$8(NodeTestTask.java:141)
	at org.junit.platform.engine.support.hierarchical.Node.around(Node.java:137)
	at org.junit.platform.engine.support.hierarchical.NodeTestTask.lambda$executeRecursively$9(NodeTestTask.java:139)
	at org.junit.platform.engine.support.hierarchical.ThrowableCollector.execute(ThrowableCollector.java:73)
	at org.junit.platform.engine.support.hierarchical.NodeTestTask.executeRecursively(NodeTestTask.java:138)
	at org.junit.platform.engine.support.hierarchical.NodeTestTask.execute(NodeTestTask.java:95)
	at org.junit.platform.engine.support.hierarchical.SameThreadHierarchicalTestExecutorService.submit(SameThreadHierarchicalTestExecutorService.java:35)
	at org.junit.platform.engine.support.hierarchical.HierarchicalTestExecutor.execute(HierarchicalTestExecutor.java:57)
	at org.junit.platform.engine.support.hierarchical.HierarchicalTestEngine.execute(HierarchicalTestEngine.java:54)
	at org.junit.platform.launcher.core.EngineExecutionOrchestrator.execute(EngineExecutionOrchestrator.java:107)
	at org.junit.platform.launcher.core.EngineExecutionOrchestrator.execute(EngineExecutionOrchestrator.java:88)
	at org.junit.platform.launcher.core.EngineExecutionOrchestrator.lambda$execute$0(EngineExecutionOrchestrator.java:54)
	at org.junit.platform.launcher.core.EngineExecutionOrchestrator.withInterceptedStreams(EngineExecutionOrchestrator.java:67)
	at org.junit.platform.launcher.core.EngineExecutionOrchestrator.execute(EngineExecutionOrchestrator.java:52)
	at org.junit.platform.launcher.core.DefaultLauncher.execute(DefaultLauncher.java:114)
	at org.junit.platform.launcher.core.DefaultLauncher.execute(DefaultLauncher.java:86)
	at org.junit.platform.launcher.core.DefaultLauncherSession$DelegatingLauncher.execute(DefaultLauncherSession.java:86)
	at org.junit.platform.launcher.core.SessionPerRequestLauncher.execute(SessionPerRequestLauncher.java:53)
	at org.apache.maven.surefire.junitplatform.JUnitPlatformProvider.execute(JUnitPlatformProvider.java:188)
	at org.apache.maven.surefire.junitplatform.JUnitPlatformProvider.invokeAllTests(JUnitPlatformProvider.java:154)
	at org.apache.maven.surefire.junitplatform.JUnitPlatformProvider.invoke(JUnitPlatformProvider.java:124)
	at org.apache.maven.surefire.booter.ForkedBooter.runSuitesInProcess(ForkedBooter.java:428)
	at org.apache.maven.surefire.booter.ForkedBooter.execute(ForkedBooter.java:162)
	at org.apache.maven.surefire.booter.ForkedBooter.run(ForkedBooter.java:562)
	at org.apache.maven.surefire.booter.ForkedBooter.main(ForkedBooter.java:548)
]]></failure>
    <system-out><![CDATA[2022-10-03 12:54:18,561 [grpc-default-executor-2] INFO  server.RaftServer$Division (RaftServerImpl.java:requestVote(1152)) - e9347147-4904-419e-aa00-cb57e200d90a@group-D6A0C8B7AC10: receive requestVote(ELECTION, c2b172e5-e4cb-4596-beed-b2a603e2732e, group-D6A0C8B7AC10, 1, (t:0, i:0))
2022-10-03 12:54:18,563 [grpc-default-executor-2] INFO  impl.VoteContext (VoteContext.java:log(48)) - e9347147-4904-419e-aa00-cb57e200d90a@group-D6A0C8B7AC10-FOLLOWER: accept ELECTION from c2b172e5-e4cb-4596-beed-b2a603e2732e: our priority 0 <= candidate's priority 0
2022-10-03 12:54:18,563 [grpc-default-executor-2] INFO  server.RaftServer$Division (RaftServerImpl.java:setRole(299)) - e9347147-4904-419e-aa00-cb57e200d90a@group-D6A0C8B7AC10: changes role from  FOLLOWER to FOLLOWER at term 1 for candidate:c2b172e5-e4cb-4596-beed-b2a603e2732e
2022-10-03 12:54:18,563 [grpc-default-executor-2] INFO  impl.RoleInfo (RoleInfo.java:shutdownFollowerState(110)) - e9347147-4904-419e-aa00-cb57e200d90a: shutdown e9347147-4904-419e-aa00-cb57e200d90a@group-D6A0C8B7AC10-FollowerState
2022-10-03 12:54:18,563 [grpc-default-executor-2] INFO  impl.RoleInfo (RoleInfo.java:updateAndGet(139)) - e9347147-4904-419e-aa00-cb57e200d90a: start e9347147-4904-419e-aa00-cb57e200d90a@group-D6A0C8B7AC10-FollowerState
]]></system-out>
    <rerunFailure type="java.lang.AssertionError">
      <stackTrace><![CDATA[java.lang.AssertionError
	at org.junit.Assert.fail(Assert.java:87)
	at org.junit.Assert.assertTrue(Assert.java:42)
	at org.junit.Assert.assertTrue(Assert.java:53)
	at org.apache.hadoop.hdds.scm.TestRatisPipelineLeader.testLeaderIdUsedOnFirstCall(TestRatisPipelineLeader.java:85)
	at sun.reflect.NativeMethodAccessorImpl.invoke0(Native Method)
	at sun.reflect.NativeMethodAccessorImpl.invoke(NativeMethodAccessorImpl.java:62)
	at sun.reflect.DelegatingMethodAccessorImpl.invoke(DelegatingMethodAccessorImpl.java:43)
	at java.lang.reflect.Method.invoke(Method.java:498)
	at org.junit.platform.commons.util.ReflectionUtils.invokeMethod(ReflectionUtils.java:725)
	at org.junit.jupiter.engine.execution.MethodInvocation.proceed(MethodInvocation.java:60)
	at org.junit.jupiter.engine.execution.InvocationInterceptorChain$ValidatingInvocation.proceed(InvocationInterceptorChain.java:131)
	at org.junit.jupiter.engine.extension.TimeoutInvocation.proceed(TimeoutInvocation.java:46)
	at org.junit.jupiter.engine.extension.TimeoutExtension.intercept(TimeoutExtension.java:149)
	at org.junit.jupiter.engine.extension.TimeoutExtension.interceptTestableMethod(TimeoutExtension.java:140)
	at org.junit.jupiter.engine.extension.TimeoutExtension.interceptTestMethod(TimeoutExtension.java:84)
	at org.junit.jupiter.engine.execution.ExecutableInvoker$ReflectiveInterceptorCall.lambda$ofVoidMethod$0(ExecutableInvoker.java:115)
	at org.junit.jupiter.engine.execution.ExecutableInvoker.lambda$invoke$0(ExecutableInvoker.java:105)
	at org.junit.jupiter.engine.execution.InvocationInterceptorChain$InterceptedInvocation.proceed(InvocationInterceptorChain.java:106)
	at org.junit.jupiter.engine.execution.InvocationInterceptorChain.proceed(InvocationInterceptorChain.java:64)
	at org.junit.jupiter.engine.execution.InvocationInterceptorChain.chainAndInvoke(InvocationInterceptorChain.java:45)
	at org.junit.jupiter.engine.execution.InvocationInterceptorChain.invoke(InvocationInterceptorChain.java:37)
	at org.junit.jupiter.engine.execution.ExecutableInvoker.invoke(ExecutableInvoker.java:104)
	at org.junit.jupiter.engine.execution.ExecutableInvoker.invoke(ExecutableInvoker.java:98)
	at org.junit.jupiter.engine.descriptor.TestMethodTestDescriptor.lambda$invokeTestMethod$7(TestMethodTestDescriptor.java:214)
	at org.junit.platform.engine.support.hierarchical.ThrowableCollector.execute(ThrowableCollector.java:73)
	at org.junit.jupiter.engine.descriptor.TestMethodTestDescriptor.invokeTestMethod(TestMethodTestDescriptor.java:210)
	at org.junit.jupiter.engine.descriptor.TestMethodTestDescriptor.execute(TestMethodTestDescriptor.java:135)
	at org.junit.jupiter.engine.descriptor.TestMethodTestDescriptor.execute(TestMethodTestDescriptor.java:66)
	at org.junit.platform.engine.support.hierarchical.NodeTestTask.lambda$executeRecursively$6(NodeTestTask.java:151)
	at org.junit.platform.engine.support.hierarchical.ThrowableCollector.execute(ThrowableCollector.java:73)
	at org.junit.platform.engine.support.hierarchical.NodeTestTask.lambda$executeRecursively$8(NodeTestTask.java:141)
	at org.junit.platform.engine.support.hierarchical.Node.around(Node.java:137)
	at org.junit.platform.engine.support.hierarchical.NodeTestTask.lambda$executeRecursively$9(NodeTestTask.java:139)
	at org.junit.platform.engine.support.hierarchical.ThrowableCollector.execute(ThrowableCollector.java:73)
	at org.junit.platform.engine.support.hierarchical.NodeTestTask.executeRecursively(NodeTestTask.java:138)
	at org.junit.platform.engine.support.hierarchical.NodeTestTask.execute(NodeTestTask.java:95)
	at java.util.ArrayList.forEach(ArrayList.java:1259)
	at org.junit.platform.engine.support.hierarchical.SameThreadHierarchicalTestExecutorService.invokeAll(SameThreadHierarchicalTestExecutorService.java:41)
	at org.junit.platform.engine.support.hierarchical.NodeTestTask.lambda$executeRecursively$6(NodeTestTask.java:155)
	at org.junit.platform.engine.support.hierarchical.ThrowableCollector.execute(ThrowableCollector.java:73)
	at org.junit.platform.engine.support.hierarchical.NodeTestTask.lambda$executeRecursively$8(NodeTestTask.java:141)
	at org.junit.platform.engine.support.hierarchical.Node.around(Node.java:137)
	at org.junit.platform.engine.support.hierarchical.NodeTestTask.lambda$executeRecursively$9(NodeTestTask.java:139)
	at org.junit.platform.engine.support.hierarchical.ThrowableCollector.execute(ThrowableCollector.java:73)
	at org.junit.platform.engine.support.hierarchical.NodeTestTask.executeRecursively(NodeTestTask.java:138)
	at org.junit.platform.engine.support.hierarchical.NodeTestTask.execute(NodeTestTask.java:95)
	at java.util.ArrayList.forEach(ArrayList.java:1259)
	at org.junit.platform.engine.support.hierarchical.SameThreadHierarchicalTestExecutorService.invokeAll(SameThreadHierarchicalTestExecutorService.java:41)
	at org.junit.platform.engine.support.hierarchical.NodeTestTask.lambda$executeRecursively$6(NodeTestTask.java:155)
	at org.junit.platform.engine.support.hierarchical.ThrowableCollector.execute(ThrowableCollector.java:73)
	at org.junit.platform.engine.support.hierarchical.NodeTestTask.lambda$executeRecursively$8(NodeTestTask.java:141)
	at org.junit.platform.engine.support.hierarchical.Node.around(Node.java:137)
	at org.junit.platform.engine.support.hierarchical.NodeTestTask.lambda$executeRecursively$9(NodeTestTask.java:139)
	at org.junit.platform.engine.support.hierarchical.ThrowableCollector.execute(ThrowableCollector.java:73)
	at org.junit.platform.engine.support.hierarchical.NodeTestTask.executeRecursively(NodeTestTask.java:138)
	at org.junit.platform.engine.support.hierarchical.NodeTestTask.execute(NodeTestTask.java:95)
	at org.junit.platform.engine.support.hierarchical.SameThreadHierarchicalTestExecutorService.submit(SameThreadHierarchicalTestExecutorService.java:35)
	at org.junit.platform.engine.support.hierarchical.HierarchicalTestExecutor.execute(HierarchicalTestExecutor.java:57)
	at org.junit.platform.engine.support.hierarchical.HierarchicalTestEngine.execute(HierarchicalTestEngine.java:54)
	at org.junit.platform.launcher.core.EngineExecutionOrchestrator.execute(EngineExecutionOrchestrator.java:107)
	at org.junit.platform.launcher.core.EngineExecutionOrchestrator.execute(EngineExecutionOrchestrator.java:88)
	at org.junit.platform.launcher.core.EngineExecutionOrchestrator.lambda$execute$0(EngineExecutionOrchestrator.java:54)
	at org.junit.platform.launcher.core.EngineExecutionOrchestrator.withInterceptedStreams(EngineExecutionOrchestrator.java:67)
	at org.junit.platform.launcher.core.EngineExecutionOrchestrator.execute(EngineExecutionOrchestrator.java:52)
	at org.junit.platform.launcher.core.DefaultLauncher.execute(DefaultLauncher.java:114)
	at org.junit.platform.launcher.core.DefaultLauncher.execute(DefaultLauncher.java:86)
	at org.junit.platform.launcher.core.DefaultLauncherSession$DelegatingLauncher.execute(DefaultLauncherSession.java:86)
	at org.junit.platform.launcher.core.SessionPerRequestLauncher.execute(SessionPerRequestLauncher.java:53)
	at org.apache.maven.surefire.junitplatform.JUnitPlatformProvider.invokeAllTests(JUnitPlatformProvider.java:165)
	at org.apache.maven.surefire.junitplatform.JUnitPlatformProvider.invoke(JUnitPlatformProvider.java:124)
	at org.apache.maven.surefire.booter.ForkedBooter.runSuitesInProcess(ForkedBooter.java:428)
	at org.apache.maven.surefire.booter.ForkedBooter.execute(ForkedBooter.java:162)
	at org.apache.maven.surefire.booter.ForkedBooter.run(ForkedBooter.java:562)
	at org.apache.maven.surefire.booter.ForkedBooter.main(ForkedBooter.java:548)
]]></stackTrace>
    </rerunFailure>
    <rerunFailure type="java.lang.AssertionError">
      <stackTrace><![CDATA[java.lang.AssertionError
	at org.junit.Assert.fail(Assert.java:87)
	at org.junit.Assert.assertTrue(Assert.java:42)
	at org.junit.Assert.assertTrue(Assert.java:53)
	at org.apache.hadoop.hdds.scm.TestRatisPipelineLeader.testLeaderIdUsedOnFirstCall(TestRatisPipelineLeader.java:85)
	at sun.reflect.NativeMethodAccessorImpl.invoke0(Native Method)
	at sun.reflect.NativeMethodAccessorImpl.invoke(NativeMethodAccessorImpl.java:62)
	at sun.reflect.DelegatingMethodAccessorImpl.invoke(DelegatingMethodAccessorImpl.java:43)
	at java.lang.reflect.Method.invoke(Method.java:498)
	at org.junit.platform.commons.util.ReflectionUtils.invokeMethod(ReflectionUtils.java:725)
	at org.junit.jupiter.engine.execution.MethodInvocation.proceed(MethodInvocation.java:60)
	at org.junit.jupiter.engine.execution.InvocationInterceptorChain$ValidatingInvocation.proceed(InvocationInterceptorChain.java:131)
	at org.junit.jupiter.engine.extension.TimeoutInvocation.proceed(TimeoutInvocation.java:46)
	at org.junit.jupiter.engine.extension.TimeoutExtension.intercept(TimeoutExtension.java:149)
	at org.junit.jupiter.engine.extension.TimeoutExtension.interceptTestableMethod(TimeoutExtension.java:140)
	at org.junit.jupiter.engine.extension.TimeoutExtension.interceptTestMethod(TimeoutExtension.java:84)
	at org.junit.jupiter.engine.execution.ExecutableInvoker$ReflectiveInterceptorCall.lambda$ofVoidMethod$0(ExecutableInvoker.java:115)
	at org.junit.jupiter.engine.execution.ExecutableInvoker.lambda$invoke$0(ExecutableInvoker.java:105)
	at org.junit.jupiter.engine.execution.InvocationInterceptorChain$InterceptedInvocation.proceed(InvocationInterceptorChain.java:106)
	at org.junit.jupiter.engine.execution.InvocationInterceptorChain.proceed(InvocationInterceptorChain.java:64)
	at org.junit.jupiter.engine.execution.InvocationInterceptorChain.chainAndInvoke(InvocationInterceptorChain.java:45)
	at org.junit.jupiter.engine.execution.InvocationInterceptorChain.invoke(InvocationInterceptorChain.java:37)
	at org.junit.jupiter.engine.execution.ExecutableInvoker.invoke(ExecutableInvoker.java:104)
	at org.junit.jupiter.engine.execution.ExecutableInvoker.invoke(ExecutableInvoker.java:98)
	at org.junit.jupiter.engine.descriptor.TestMethodTestDescriptor.lambda$invokeTestMethod$7(TestMethodTestDescriptor.java:214)
	at org.junit.platform.engine.support.hierarchical.ThrowableCollector.execute(ThrowableCollector.java:73)
	at org.junit.jupiter.engine.descriptor.TestMethodTestDescriptor.invokeTestMethod(TestMethodTestDescriptor.java:210)
	at org.junit.jupiter.engine.descriptor.TestMethodTestDescriptor.execute(TestMethodTestDescriptor.java:135)
	at org.junit.jupiter.engine.descriptor.TestMethodTestDescriptor.execute(TestMethodTestDescriptor.java:66)
	at org.junit.platform.engine.support.hierarchical.NodeTestTask.lambda$executeRecursively$6(NodeTestTask.java:151)
	at org.junit.platform.engine.support.hierarchical.ThrowableCollector.execute(ThrowableCollector.java:73)
	at org.junit.platform.engine.support.hierarchical.NodeTestTask.lambda$executeRecursively$8(NodeTestTask.java:141)
	at org.junit.platform.engine.support.hierarchical.Node.around(Node.java:137)
	at org.junit.platform.engine.support.hierarchical.NodeTestTask.lambda$executeRecursively$9(NodeTestTask.java:139)
	at org.junit.platform.engine.support.hierarchical.ThrowableCollector.execute(ThrowableCollector.java:73)
	at org.junit.platform.engine.support.hierarchical.NodeTestTask.executeRecursively(NodeTestTask.java:138)
	at org.junit.platform.engine.support.hierarchical.NodeTestTask.execute(NodeTestTask.java:95)
	at java.util.ArrayList.forEach(ArrayList.java:1259)
	at org.junit.platform.engine.support.hierarchical.SameThreadHierarchicalTestExecutorService.invokeAll(SameThreadHierarchicalTestExecutorService.java:41)
	at org.junit.platform.engine.support.hierarchical.NodeTestTask.lambda$executeRecursively$6(NodeTestTask.java:155)
	at org.junit.platform.engine.support.hierarchical.ThrowableCollector.execute(ThrowableCollector.java:73)
	at org.junit.platform.engine.support.hierarchical.NodeTestTask.lambda$executeRecursively$8(NodeTestTask.java:141)
	at org.junit.platform.engine.support.hierarchical.Node.around(Node.java:137)
	at org.junit.platform.engine.support.hierarchical.NodeTestTask.lambda$executeRecursively$9(NodeTestTask.java:139)
	at org.junit.platform.engine.support.hierarchical.ThrowableCollector.execute(ThrowableCollector.java:73)
	at org.junit.platform.engine.support.hierarchical.NodeTestTask.executeRecursively(NodeTestTask.java:138)
	at org.junit.platform.engine.support.hierarchical.NodeTestTask.execute(NodeTestTask.java:95)
	at java.util.ArrayList.forEach(ArrayList.java:1259)
	at org.junit.platform.engine.support.hierarchical.SameThreadHierarchicalTestExecutorService.invokeAll(SameThreadHierarchicalTestExecutorService.java:41)
	at org.junit.platform.engine.support.hierarchical.NodeTestTask.lambda$executeRecursively$6(NodeTestTask.java:155)
	at org.junit.platform.engine.support.hierarchical.ThrowableCollector.execute(ThrowableCollector.java:73)
	at org.junit.platform.engine.support.hierarchical.NodeTestTask.lambda$executeRecursively$8(NodeTestTask.java:141)
	at org.junit.platform.engine.support.hierarchical.Node.around(Node.java:137)
	at org.junit.platform.engine.support.hierarchical.NodeTestTask.lambda$executeRecursively$9(NodeTestTask.java:139)
	at org.junit.platform.engine.support.hierarchical.ThrowableCollector.execute(ThrowableCollector.java:73)
	at org.junit.platform.engine.support.hierarchical.NodeTestTask.executeRecursively(NodeTestTask.java:138)
	at org.junit.platform.engine.support.hierarchical.NodeTestTask.execute(NodeTestTask.java:95)
	at org.junit.platform.engine.support.hierarchical.SameThreadHierarchicalTestExecutorService.submit(SameThreadHierarchicalTestExecutorService.java:35)
	at org.junit.platform.engine.support.hierarchical.HierarchicalTestExecutor.execute(HierarchicalTestExecutor.java:57)
	at org.junit.platform.engine.support.hierarchical.HierarchicalTestEngine.execute(HierarchicalTestEngine.java:54)
	at org.junit.platform.launcher.core.EngineExecutionOrchestrator.execute(EngineExecutionOrchestrator.java:107)
	at org.junit.platform.launcher.core.EngineExecutionOrchestrator.execute(EngineExecutionOrchestrator.java:88)
	at org.junit.platform.launcher.core.EngineExecutionOrchestrator.lambda$execute$0(EngineExecutionOrchestrator.java:54)
	at org.junit.platform.launcher.core.EngineExecutionOrchestrator.withInterceptedStreams(EngineExecutionOrchestrator.java:67)
	at org.junit.platform.launcher.core.EngineExecutionOrchestrator.execute(EngineExecutionOrchestrator.java:52)
	at org.junit.platform.launcher.core.DefaultLauncher.execute(DefaultLauncher.java:114)
	at org.junit.platform.launcher.core.DefaultLauncher.execute(DefaultLauncher.java:86)
	at org.junit.platform.launcher.core.DefaultLauncherSession$DelegatingLauncher.execute(DefaultLauncherSession.java:86)
	at org.junit.platform.launcher.core.SessionPerRequestLauncher.execute(SessionPerRequestLauncher.java:53)
	at org.apache.maven.surefire.junitplatform.JUnitPlatformProvider.invokeAllTests(JUnitPlatformProvider.java:165)
	at org.apache.maven.surefire.junitplatform.JUnitPlatformProvider.invoke(JUnitPlatformProvider.java:124)
	at org.apache.maven.surefire.booter.ForkedBooter.runSuitesInProcess(ForkedBooter.java:428)
	at org.apache.maven.surefire.booter.ForkedBooter.execute(ForkedBooter.java:162)
	at org.apache.maven.surefire.booter.ForkedBooter.run(ForkedBooter.java:562)
	at org.apache.maven.surefire.booter.ForkedBooter.main(ForkedBooter.java:548)
]]></stackTrace>
    </rerunFailure>
    <rerunFailure type="java.lang.AssertionError">
      <stackTrace><![CDATA[java.lang.AssertionError
	at org.junit.Assert.fail(Assert.java:87)
	at org.junit.Assert.assertTrue(Assert.java:42)
	at org.junit.Assert.assertTrue(Assert.java:53)
	at org.apache.hadoop.hdds.scm.TestRatisPipelineLeader.testLeaderIdUsedOnFirstCall(TestRatisPipelineLeader.java:85)
	at sun.reflect.NativeMethodAccessorImpl.invoke0(Native Method)
	at sun.reflect.NativeMethodAccessorImpl.invoke(NativeMethodAccessorImpl.java:62)
	at sun.reflect.DelegatingMethodAccessorImpl.invoke(DelegatingMethodAccessorImpl.java:43)
	at java.lang.reflect.Method.invoke(Method.java:498)
	at org.junit.platform.commons.util.ReflectionUtils.invokeMethod(ReflectionUtils.java:725)
	at org.junit.jupiter.engine.execution.MethodInvocation.proceed(MethodInvocation.java:60)
	at org.junit.jupiter.engine.execution.InvocationInterceptorChain$ValidatingInvocation.proceed(InvocationInterceptorChain.java:131)
	at org.junit.jupiter.engine.extension.TimeoutInvocation.proceed(TimeoutInvocation.java:46)
	at org.junit.jupiter.engine.extension.TimeoutExtension.intercept(TimeoutExtension.java:149)
	at org.junit.jupiter.engine.extension.TimeoutExtension.interceptTestableMethod(TimeoutExtension.java:140)
	at org.junit.jupiter.engine.extension.TimeoutExtension.interceptTestMethod(TimeoutExtension.java:84)
	at org.junit.jupiter.engine.execution.ExecutableInvoker$ReflectiveInterceptorCall.lambda$ofVoidMethod$0(ExecutableInvoker.java:115)
	at org.junit.jupiter.engine.execution.ExecutableInvoker.lambda$invoke$0(ExecutableInvoker.java:105)
	at org.junit.jupiter.engine.execution.InvocationInterceptorChain$InterceptedInvocation.proceed(InvocationInterceptorChain.java:106)
	at org.junit.jupiter.engine.execution.InvocationInterceptorChain.proceed(InvocationInterceptorChain.java:64)
	at org.junit.jupiter.engine.execution.InvocationInterceptorChain.chainAndInvoke(InvocationInterceptorChain.java:45)
	at org.junit.jupiter.engine.execution.InvocationInterceptorChain.invoke(InvocationInterceptorChain.java:37)
	at org.junit.jupiter.engine.execution.ExecutableInvoker.invoke(ExecutableInvoker.java:104)
	at org.junit.jupiter.engine.execution.ExecutableInvoker.invoke(ExecutableInvoker.java:98)
	at org.junit.jupiter.engine.descriptor.TestMethodTestDescriptor.lambda$invokeTestMethod$7(TestMethodTestDescriptor.java:214)
	at org.junit.platform.engine.support.hierarchical.ThrowableCollector.execute(ThrowableCollector.java:73)
	at org.junit.jupiter.engine.descriptor.TestMethodTestDescriptor.invokeTestMethod(TestMethodTestDescriptor.java:210)
	at org.junit.jupiter.engine.descriptor.TestMethodTestDescriptor.execute(TestMethodTestDescriptor.java:135)
	at org.junit.jupiter.engine.descriptor.TestMethodTestDescriptor.execute(TestMethodTestDescriptor.java:66)
	at org.junit.platform.engine.support.hierarchical.NodeTestTask.lambda$executeRecursively$6(NodeTestTask.java:151)
	at org.junit.platform.engine.support.hierarchical.ThrowableCollector.execute(ThrowableCollector.java:73)
	at org.junit.platform.engine.support.hierarchical.NodeTestTask.lambda$executeRecursively$8(NodeTestTask.java:141)
	at org.junit.platform.engine.support.hierarchical.Node.around(Node.java:137)
	at org.junit.platform.engine.support.hierarchical.NodeTestTask.lambda$executeRecursively$9(NodeTestTask.java:139)
	at org.junit.platform.engine.support.hierarchical.ThrowableCollector.execute(ThrowableCollector.java:73)
	at org.junit.platform.engine.support.hierarchical.NodeTestTask.executeRecursively(NodeTestTask.java:138)
	at org.junit.platform.engine.support.hierarchical.NodeTestTask.execute(NodeTestTask.java:95)
	at java.util.ArrayList.forEach(ArrayList.java:1259)
	at org.junit.platform.engine.support.hierarchical.SameThreadHierarchicalTestExecutorService.invokeAll(SameThreadHierarchicalTestExecutorService.java:41)
	at org.junit.platform.engine.support.hierarchical.NodeTestTask.lambda$executeRecursively$6(NodeTestTask.java:155)
	at org.junit.platform.engine.support.hierarchical.ThrowableCollector.execute(ThrowableCollector.java:73)
	at org.junit.platform.engine.support.hierarchical.NodeTestTask.lambda$executeRecursively$8(NodeTestTask.java:141)
	at org.junit.platform.engine.support.hierarchical.Node.around(Node.java:137)
	at org.junit.platform.engine.support.hierarchical.NodeTestTask.lambda$executeRecursively$9(NodeTestTask.java:139)
	at org.junit.platform.engine.support.hierarchical.ThrowableCollector.execute(ThrowableCollector.java:73)
	at org.junit.platform.engine.support.hierarchical.NodeTestTask.executeRecursively(NodeTestTask.java:138)
	at org.junit.platform.engine.support.hierarchical.NodeTestTask.execute(NodeTestTask.java:95)
	at java.util.ArrayList.forEach(ArrayList.java:1259)
	at org.junit.platform.engine.support.hierarchical.SameThreadHierarchicalTestExecutorService.invokeAll(SameThreadHierarchicalTestExecutorService.java:41)
	at org.junit.platform.engine.support.hierarchical.NodeTestTask.lambda$executeRecursively$6(NodeTestTask.java:155)
	at org.junit.platform.engine.support.hierarchical.ThrowableCollector.execute(ThrowableCollector.java:73)
	at org.junit.platform.engine.support.hierarchical.NodeTestTask.lambda$executeRecursively$8(NodeTestTask.java:141)
	at org.junit.platform.engine.support.hierarchical.Node.around(Node.java:137)
	at org.junit.platform.engine.support.hierarchical.NodeTestTask.lambda$executeRecursively$9(NodeTestTask.java:139)
	at org.junit.platform.engine.support.hierarchical.ThrowableCollector.execute(ThrowableCollector.java:73)
	at org.junit.platform.engine.support.hierarchical.NodeTestTask.executeRecursively(NodeTestTask.java:138)
	at org.junit.platform.engine.support.hierarchical.NodeTestTask.execute(NodeTestTask.java:95)
	at org.junit.platform.engine.support.hierarchical.SameThreadHierarchicalTestExecutorService.submit(SameThreadHierarchicalTestExecutorService.java:35)
	at org.junit.platform.engine.support.hierarchical.HierarchicalTestExecutor.execute(HierarchicalTestExecutor.java:57)
	at org.junit.platform.engine.support.hierarchical.HierarchicalTestEngine.execute(HierarchicalTestEngine.java:54)
	at org.junit.platform.launcher.core.EngineExecutionOrchestrator.execute(EngineExecutionOrchestrator.java:107)
	at org.junit.platform.launcher.core.EngineExecutionOrchestrator.execute(EngineExecutionOrchestrator.java:88)
	at org.junit.platform.launcher.core.EngineExecutionOrchestrator.lambda$execute$0(EngineExecutionOrchestrator.java:54)
	at org.junit.platform.launcher.core.EngineExecutionOrchestrator.withInterceptedStreams(EngineExecutionOrchestrator.java:67)
	at org.junit.platform.launcher.core.EngineExecutionOrchestrator.execute(EngineExecutionOrchestrator.java:52)
	at org.junit.platform.launcher.core.DefaultLauncher.execute(DefaultLauncher.java:114)
	at org.junit.platform.launcher.core.DefaultLauncher.execute(DefaultLauncher.java:86)
	at org.junit.platform.launcher.core.DefaultLauncherSession$DelegatingLauncher.execute(DefaultLauncherSession.java:86)
	at org.junit.platform.launcher.core.SessionPerRequestLauncher.execute(SessionPerRequestLauncher.java:53)
	at org.apache.maven.surefire.junitplatform.JUnitPlatformProvider.invokeAllTests(JUnitPlatformProvider.java:165)
	at org.apache.maven.surefire.junitplatform.JUnitPlatformProvider.invoke(JUnitPlatformProvider.java:124)
	at org.apache.maven.surefire.booter.ForkedBooter.runSuitesInProcess(ForkedBooter.java:428)
	at org.apache.maven.surefire.booter.ForkedBooter.execute(ForkedBooter.java:162)
	at org.apache.maven.surefire.booter.ForkedBooter.run(ForkedBooter.java:562)
	at org.apache.maven.surefire.booter.ForkedBooter.main(ForkedBooter.java:548)
]]></stackTrace>
    </rerunFailure>
    <rerunFailure type="java.lang.AssertionError">
      <stackTrace><![CDATA[java.lang.AssertionError
	at org.junit.Assert.fail(Assert.java:87)
	at org.junit.Assert.assertTrue(Assert.java:42)
	at org.junit.Assert.assertTrue(Assert.java:53)
	at org.apache.hadoop.hdds.scm.TestRatisPipelineLeader.testLeaderIdUsedOnFirstCall(TestRatisPipelineLeader.java:85)
	at sun.reflect.NativeMethodAccessorImpl.invoke0(Native Method)
	at sun.reflect.NativeMethodAccessorImpl.invoke(NativeMethodAccessorImpl.java:62)
	at sun.reflect.DelegatingMethodAccessorImpl.invoke(DelegatingMethodAccessorImpl.java:43)
	at java.lang.reflect.Method.invoke(Method.java:498)
	at org.junit.platform.commons.util.ReflectionUtils.invokeMethod(ReflectionUtils.java:725)
	at org.junit.jupiter.engine.execution.MethodInvocation.proceed(MethodInvocation.java:60)
	at org.junit.jupiter.engine.execution.InvocationInterceptorChain$ValidatingInvocation.proceed(InvocationInterceptorChain.java:131)
	at org.junit.jupiter.engine.extension.TimeoutInvocation.proceed(TimeoutInvocation.java:46)
	at org.junit.jupiter.engine.extension.TimeoutExtension.intercept(TimeoutExtension.java:149)
	at org.junit.jupiter.engine.extension.TimeoutExtension.interceptTestableMethod(TimeoutExtension.java:140)
	at org.junit.jupiter.engine.extension.TimeoutExtension.interceptTestMethod(TimeoutExtension.java:84)
	at org.junit.jupiter.engine.execution.ExecutableInvoker$ReflectiveInterceptorCall.lambda$ofVoidMethod$0(ExecutableInvoker.java:115)
	at org.junit.jupiter.engine.execution.ExecutableInvoker.lambda$invoke$0(ExecutableInvoker.java:105)
	at org.junit.jupiter.engine.execution.InvocationInterceptorChain$InterceptedInvocation.proceed(InvocationInterceptorChain.java:106)
	at org.junit.jupiter.engine.execution.InvocationInterceptorChain.proceed(InvocationInterceptorChain.java:64)
	at org.junit.jupiter.engine.execution.InvocationInterceptorChain.chainAndInvoke(InvocationInterceptorChain.java:45)
	at org.junit.jupiter.engine.execution.InvocationInterceptorChain.invoke(InvocationInterceptorChain.java:37)
	at org.junit.jupiter.engine.execution.ExecutableInvoker.invoke(ExecutableInvoker.java:104)
	at org.junit.jupiter.engine.execution.ExecutableInvoker.invoke(ExecutableInvoker.java:98)
	at org.junit.jupiter.engine.descriptor.TestMethodTestDescriptor.lambda$invokeTestMethod$7(TestMethodTestDescriptor.java:214)
	at org.junit.platform.engine.support.hierarchical.ThrowableCollector.execute(ThrowableCollector.java:73)
	at org.junit.jupiter.engine.descriptor.TestMethodTestDescriptor.invokeTestMethod(TestMethodTestDescriptor.java:210)
	at org.junit.jupiter.engine.descriptor.TestMethodTestDescriptor.execute(TestMethodTestDescriptor.java:135)
	at org.junit.jupiter.engine.descriptor.TestMethodTestDescriptor.execute(TestMethodTestDescriptor.java:66)
	at org.junit.platform.engine.support.hierarchical.NodeTestTask.lambda$executeRecursively$6(NodeTestTask.java:151)
	at org.junit.platform.engine.support.hierarchical.ThrowableCollector.execute(ThrowableCollector.java:73)
	at org.junit.platform.engine.support.hierarchical.NodeTestTask.lambda$executeRecursively$8(NodeTestTask.java:141)
	at org.junit.platform.engine.support.hierarchical.Node.around(Node.java:137)
	at org.junit.platform.engine.support.hierarchical.NodeTestTask.lambda$executeRecursively$9(NodeTestTask.java:139)
	at org.junit.platform.engine.support.hierarchical.ThrowableCollector.execute(ThrowableCollector.java:73)
	at org.junit.platform.engine.support.hierarchical.NodeTestTask.executeRecursively(NodeTestTask.java:138)
	at org.junit.platform.engine.support.hierarchical.NodeTestTask.execute(NodeTestTask.java:95)
	at java.util.ArrayList.forEach(ArrayList.java:1259)
	at org.junit.platform.engine.support.hierarchical.SameThreadHierarchicalTestExecutorService.invokeAll(SameThreadHierarchicalTestExecutorService.java:41)
	at org.junit.platform.engine.support.hierarchical.NodeTestTask.lambda$executeRecursively$6(NodeTestTask.java:155)
	at org.junit.platform.engine.support.hierarchical.ThrowableCollector.execute(ThrowableCollector.java:73)
	at org.junit.platform.engine.support.hierarchical.NodeTestTask.lambda$executeRecursively$8(NodeTestTask.java:141)
	at org.junit.platform.engine.support.hierarchical.Node.around(Node.java:137)
	at org.junit.platform.engine.support.hierarchical.NodeTestTask.lambda$executeRecursively$9(NodeTestTask.java:139)
	at org.junit.platform.engine.support.hierarchical.ThrowableCollector.execute(ThrowableCollector.java:73)
	at org.junit.platform.engine.support.hierarchical.NodeTestTask.executeRecursively(NodeTestTask.java:138)
	at org.junit.platform.engine.support.hierarchical.NodeTestTask.execute(NodeTestTask.java:95)
	at java.util.ArrayList.forEach(ArrayList.java:1259)
	at org.junit.platform.engine.support.hierarchical.SameThreadHierarchicalTestExecutorService.invokeAll(SameThreadHierarchicalTestExecutorService.java:41)
	at org.junit.platform.engine.support.hierarchical.NodeTestTask.lambda$executeRecursively$6(NodeTestTask.java:155)
	at org.junit.platform.engine.support.hierarchical.ThrowableCollector.execute(ThrowableCollector.java:73)
	at org.junit.platform.engine.support.hierarchical.NodeTestTask.lambda$executeRecursively$8(NodeTestTask.java:141)
	at org.junit.platform.engine.support.hierarchical.Node.around(Node.java:137)
	at org.junit.platform.engine.support.hierarchical.NodeTestTask.lambda$executeRecursively$9(NodeTestTask.java:139)
	at org.junit.platform.engine.support.hierarchical.ThrowableCollector.execute(ThrowableCollector.java:73)
	at org.junit.platform.engine.support.hierarchical.NodeTestTask.executeRecursively(NodeTestTask.java:138)
	at org.junit.platform.engine.support.hierarchical.NodeTestTask.execute(NodeTestTask.java:95)
	at org.junit.platform.engine.support.hierarchical.SameThreadHierarchicalTestExecutorService.submit(SameThreadHierarchicalTestExecutorService.java:35)
	at org.junit.platform.engine.support.hierarchical.HierarchicalTestExecutor.execute(HierarchicalTestExecutor.java:57)
	at org.junit.platform.engine.support.hierarchical.HierarchicalTestEngine.execute(HierarchicalTestEngine.java:54)
	at org.junit.platform.launcher.core.EngineExecutionOrchestrator.execute(EngineExecutionOrchestrator.java:107)
	at org.junit.platform.launcher.core.EngineExecutionOrchestrator.execute(EngineExecutionOrchestrator.java:88)
	at org.junit.platform.launcher.core.EngineExecutionOrchestrator.lambda$execute$0(EngineExecutionOrchestrator.java:54)
	at org.junit.platform.launcher.core.EngineExecutionOrchestrator.withInterceptedStreams(EngineExecutionOrchestrator.java:67)
	at org.junit.platform.launcher.core.EngineExecutionOrchestrator.execute(EngineExecutionOrchestrator.java:52)
	at org.junit.platform.launcher.core.DefaultLauncher.execute(DefaultLauncher.java:114)
	at org.junit.platform.launcher.core.DefaultLauncher.execute(DefaultLauncher.java:86)
	at org.junit.platform.launcher.core.DefaultLauncherSession$DelegatingLauncher.execute(DefaultLauncherSession.java:86)
	at org.junit.platform.launcher.core.SessionPerRequestLauncher.execute(SessionPerRequestLauncher.java:53)
	at org.apache.maven.surefire.junitplatform.JUnitPlatformProvider.invokeAllTests(JUnitPlatformProvider.java:165)
	at org.apache.maven.surefire.junitplatform.JUnitPlatformProvider.invoke(JUnitPlatformProvider.java:124)
	at org.apache.maven.surefire.booter.ForkedBooter.runSuitesInProcess(ForkedBooter.java:428)
	at org.apache.maven.surefire.booter.ForkedBooter.execute(ForkedBooter.java:162)
	at org.apache.maven.surefire.booter.ForkedBooter.run(ForkedBooter.java:562)
	at org.apache.maven.surefire.booter.ForkedBooter.main(ForkedBooter.java:548)
]]></stackTrace>
    </rerunFailure>
    <rerunFailure type="java.lang.AssertionError">
      <stackTrace><![CDATA[java.lang.AssertionError
	at org.junit.Assert.fail(Assert.java:87)
	at org.junit.Assert.assertTrue(Assert.java:42)
	at org.junit.Assert.assertTrue(Assert.java:53)
	at org.apache.hadoop.hdds.scm.TestRatisPipelineLeader.testLeaderIdUsedOnFirstCall(TestRatisPipelineLeader.java:85)
	at sun.reflect.NativeMethodAccessorImpl.invoke0(Native Method)
	at sun.reflect.NativeMethodAccessorImpl.invoke(NativeMethodAccessorImpl.java:62)
	at sun.reflect.DelegatingMethodAccessorImpl.invoke(DelegatingMethodAccessorImpl.java:43)
	at java.lang.reflect.Method.invoke(Method.java:498)
	at org.junit.platform.commons.util.ReflectionUtils.invokeMethod(ReflectionUtils.java:725)
	at org.junit.jupiter.engine.execution.MethodInvocation.proceed(MethodInvocation.java:60)
	at org.junit.jupiter.engine.execution.InvocationInterceptorChain$ValidatingInvocation.proceed(InvocationInterceptorChain.java:131)
	at org.junit.jupiter.engine.extension.TimeoutInvocation.proceed(TimeoutInvocation.java:46)
	at org.junit.jupiter.engine.extension.TimeoutExtension.intercept(TimeoutExtension.java:149)
	at org.junit.jupiter.engine.extension.TimeoutExtension.interceptTestableMethod(TimeoutExtension.java:140)
	at org.junit.jupiter.engine.extension.TimeoutExtension.interceptTestMethod(TimeoutExtension.java:84)
	at org.junit.jupiter.engine.execution.ExecutableInvoker$ReflectiveInterceptorCall.lambda$ofVoidMethod$0(ExecutableInvoker.java:115)
	at org.junit.jupiter.engine.execution.ExecutableInvoker.lambda$invoke$0(ExecutableInvoker.java:105)
	at org.junit.jupiter.engine.execution.InvocationInterceptorChain$InterceptedInvocation.proceed(InvocationInterceptorChain.java:106)
	at org.junit.jupiter.engine.execution.InvocationInterceptorChain.proceed(InvocationInterceptorChain.java:64)
	at org.junit.jupiter.engine.execution.InvocationInterceptorChain.chainAndInvoke(InvocationInterceptorChain.java:45)
	at org.junit.jupiter.engine.execution.InvocationInterceptorChain.invoke(InvocationInterceptorChain.java:37)
	at org.junit.jupiter.engine.execution.ExecutableInvoker.invoke(ExecutableInvoker.java:104)
	at org.junit.jupiter.engine.execution.ExecutableInvoker.invoke(ExecutableInvoker.java:98)
	at org.junit.jupiter.engine.descriptor.TestMethodTestDescriptor.lambda$invokeTestMethod$7(TestMethodTestDescriptor.java:214)
	at org.junit.platform.engine.support.hierarchical.ThrowableCollector.execute(ThrowableCollector.java:73)
	at org.junit.jupiter.engine.descriptor.TestMethodTestDescriptor.invokeTestMethod(TestMethodTestDescriptor.java:210)
	at org.junit.jupiter.engine.descriptor.TestMethodTestDescriptor.execute(TestMethodTestDescriptor.java:135)
	at org.junit.jupiter.engine.descriptor.TestMethodTestDescriptor.execute(TestMethodTestDescriptor.java:66)
	at org.junit.platform.engine.support.hierarchical.NodeTestTask.lambda$executeRecursively$6(NodeTestTask.java:151)
	at org.junit.platform.engine.support.hierarchical.ThrowableCollector.execute(ThrowableCollector.java:73)
	at org.junit.platform.engine.support.hierarchical.NodeTestTask.lambda$executeRecursively$8(NodeTestTask.java:141)
	at org.junit.platform.engine.support.hierarchical.Node.around(Node.java:137)
	at org.junit.platform.engine.support.hierarchical.NodeTestTask.lambda$executeRecursively$9(NodeTestTask.java:139)
	at org.junit.platform.engine.support.hierarchical.ThrowableCollector.execute(ThrowableCollector.java:73)
	at org.junit.platform.engine.support.hierarchical.NodeTestTask.executeRecursively(NodeTestTask.java:138)
	at org.junit.platform.engine.support.hierarchical.NodeTestTask.execute(NodeTestTask.java:95)
	at java.util.ArrayList.forEach(ArrayList.java:1259)
	at org.junit.platform.engine.support.hierarchical.SameThreadHierarchicalTestExecutorService.invokeAll(SameThreadHierarchicalTestExecutorService.java:41)
	at org.junit.platform.engine.support.hierarchical.NodeTestTask.lambda$executeRecursively$6(NodeTestTask.java:155)
	at org.junit.platform.engine.support.hierarchical.ThrowableCollector.execute(ThrowableCollector.java:73)
	at org.junit.platform.engine.support.hierarchical.NodeTestTask.lambda$executeRecursively$8(NodeTestTask.java:141)
	at org.junit.platform.engine.support.hierarchical.Node.around(Node.java:137)
	at org.junit.platform.engine.support.hierarchical.NodeTestTask.lambda$executeRecursively$9(NodeTestTask.java:139)
	at org.junit.platform.engine.support.hierarchical.ThrowableCollector.execute(ThrowableCollector.java:73)
	at org.junit.platform.engine.support.hierarchical.NodeTestTask.executeRecursively(NodeTestTask.java:138)
	at org.junit.platform.engine.support.hierarchical.NodeTestTask.execute(NodeTestTask.java:95)
	at java.util.ArrayList.forEach(ArrayList.java:1259)
	at org.junit.platform.engine.support.hierarchical.SameThreadHierarchicalTestExecutorService.invokeAll(SameThreadHierarchicalTestExecutorService.java:41)
	at org.junit.platform.engine.support.hierarchical.NodeTestTask.lambda$executeRecursively$6(NodeTestTask.java:155)
	at org.junit.platform.engine.support.hierarchical.ThrowableCollector.execute(ThrowableCollector.java:73)
	at org.junit.platform.engine.support.hierarchical.NodeTestTask.lambda$executeRecursively$8(NodeTestTask.java:141)
	at org.junit.platform.engine.support.hierarchical.Node.around(Node.java:137)
	at org.junit.platform.engine.support.hierarchical.NodeTestTask.lambda$executeRecursively$9(NodeTestTask.java:139)
	at org.junit.platform.engine.support.hierarchical.ThrowableCollector.execute(ThrowableCollector.java:73)
	at org.junit.platform.engine.support.hierarchical.NodeTestTask.executeRecursively(NodeTestTask.java:138)
	at org.junit.platform.engine.support.hierarchical.NodeTestTask.execute(NodeTestTask.java:95)
	at org.junit.platform.engine.support.hierarchical.SameThreadHierarchicalTestExecutorService.submit(SameThreadHierarchicalTestExecutorService.java:35)
	at org.junit.platform.engine.support.hierarchical.HierarchicalTestExecutor.execute(HierarchicalTestExecutor.java:57)
	at org.junit.platform.engine.support.hierarchical.HierarchicalTestEngine.execute(HierarchicalTestEngine.java:54)
	at org.junit.platform.launcher.core.EngineExecutionOrchestrator.execute(EngineExecutionOrchestrator.java:107)
	at org.junit.platform.launcher.core.EngineExecutionOrchestrator.execute(EngineExecutionOrchestrator.java:88)
	at org.junit.platform.launcher.core.EngineExecutionOrchestrator.lambda$execute$0(EngineExecutionOrchestrator.java:54)
	at org.junit.platform.launcher.core.EngineExecutionOrchestrator.withInterceptedStreams(EngineExecutionOrchestrator.java:67)
	at org.junit.platform.launcher.core.EngineExecutionOrchestrator.execute(EngineExecutionOrchestrator.java:52)
	at org.junit.platform.launcher.core.DefaultLauncher.execute(DefaultLauncher.java:114)
	at org.junit.platform.launcher.core.DefaultLauncher.execute(DefaultLauncher.java:86)
	at org.junit.platform.launcher.core.DefaultLauncherSession$DelegatingLauncher.execute(DefaultLauncherSession.java:86)
	at org.junit.platform.launcher.core.SessionPerRequestLauncher.execute(SessionPerRequestLauncher.java:53)
	at org.apache.maven.surefire.junitplatform.JUnitPlatformProvider.invokeAllTests(JUnitPlatformProvider.java:165)
	at org.apache.maven.surefire.junitplatform.JUnitPlatformProvider.invoke(JUnitPlatformProvider.java:124)
	at org.apache.maven.surefire.booter.ForkedBooter.runSuitesInProcess(ForkedBooter.java:428)
	at org.apache.maven.surefire.booter.ForkedBooter.execute(ForkedBooter.java:162)
	at org.apache.maven.surefire.booter.ForkedBooter.run(ForkedBooter.java:562)
	at org.apache.maven.surefire.booter.ForkedBooter.main(ForkedBooter.java:548)
]]></stackTrace>
    </rerunFailure>
  </testcase>
</testsuite>