<?xml version="1.0" encoding="UTF-8"?>
<testsuite xmlns:xsi="http://www.w3.org/2001/XMLSchema-instance" xsi:noNamespaceSchemaLocation="https://maven.apache.org/surefire/maven-surefire-plugin/xsd/surefire-test-report.xsd" name="org.apache.hadoop.ozone.client.rpc.TestWatchForCommit" time="218.561" tests="4" errors="1" skipped="0" failures="0">
  <properties>
    <property name="awt.toolkit" value="sun.awt.X11.XToolkit"/>
    <property name="file.encoding.pkg" value="sun.io"/>
    <property name="java.specification.version" value="1.8"/>
    <property name="sun.cpu.isalist" value=""/>
    <property name="sun.jnu.encoding" value="ANSI_X3.4-1968"/>
    <property name="java.class.path" value="/github/workspace/mnt/ozone/hadoop-ozone/integration-test/target/test-classes:/github/workspace/mnt/ozone/hadoop-ozone/integration-test/target/classes:/home/user/.m2/repository/org/apache/hadoop/hadoop-ozone-common/0.6.0-SNAPSHOT/hadoop-ozone-common-0.6.0-SNAPSHOT.jar:/home/user/.m2/repository/org/apache/commons/commons-compress/1.4.1/commons-compress-1.4.1.jar:/home/user/.m2/repository/org/tukaani/xz/1.0/xz-1.0.jar:/home/user/.m2/repository/org/apache/hadoop/hadoop-hdds-common/0.6.0-SNAPSHOT/hadoop-hdds-common-0.6.0-SNAPSHOT.jar:/home/user/.m2/repository/org/apache/hadoop/hadoop-hdds-hadoop-dependency-client/0.6.0-SNAPSHOT/hadoop-hdds-hadoop-dependency-client-0.6.0-SNAPSHOT.jar:/home/user/.m2/repository/info/picocli/picocli/3.9.6/picocli-3.9.6.jar:/home/user/.m2/repository/com/fasterxml/jackson/core/jackson-annotations/2.10.3/jackson-annotations-2.10.3.jar:/home/user/.m2/repository/javax/annotation/javax.annotation-api/1.2/javax.annotation-api-1.2.jar:/home/user/.m2/repository/org/apache/ratis/ratis-server/0.6.0-6ab75ae-SNAPSHOT/ratis-server-0.6.0-6ab75ae-SNAPSHOT.jar:/home/user/.m2/repository/org/apache/ratis/ratis-client/0.6.0-6ab75ae-SNAPSHOT/ratis-client-0.6.0-6ab75ae-SNAPSHOT.jar:/home/user/.m2/repository/org/apache/ratis/ratis-metrics/0.6.0-6ab75ae-SNAPSHOT/ratis-metrics-0.6.0-6ab75ae-SNAPSHOT.jar:/home/user/.m2/repository/org/apache/ratis/ratis-netty/0.6.0-6ab75ae-SNAPSHOT/ratis-netty-0.6.0-6ab75ae-SNAPSHOT.jar:/home/user/.m2/repository/org/apache/ratis/ratis-grpc/0.6.0-6ab75ae-SNAPSHOT/ratis-grpc-0.6.0-6ab75ae-SNAPSHOT.jar:/home/user/.m2/repository/org/apache/logging/log4j/log4j-api/2.11.0/log4j-api-2.11.0.jar:/home/user/.m2/repository/org/apache/logging/log4j/log4j-core/2.11.0/log4j-core-2.11.0.jar:/home/user/.m2/repository/com/lmax/disruptor/3.4.2/disruptor-3.4.2.jar:/home/user/.m2/repository/org/apache/commons/commons-pool2/2.6.0/commons-pool2-2.6.0.jar:/home/user/.m2/repository/org/bouncycastle/bcpkix-jdk15on/1.60/bcpkix-jdk15on-1.60.jar:/home/user/.m2/repository/commons-validator/commons-validator/1.6/commons-validator-1.6.jar:/home/user/.m2/repository/commons-digester/commons-digester/1.8.1/commons-digester-1.8.1.jar:/home/user/.m2/repository/io/jaegertracing/jaeger-client/1.2.0/jaeger-client-1.2.0.jar:/home/user/.m2/repository/io/jaegertracing/jaeger-thrift/1.2.0/jaeger-thrift-1.2.0.jar:/home/user/.m2/repository/org/apache/thrift/libthrift/0.13.0/libthrift-0.13.0.jar:/home/user/.m2/repository/com/squareup/okhttp3/okhttp/4.2.2/okhttp-4.2.2.jar:/home/user/.m2/repository/com/squareup/okio/okio/2.2.2/okio-2.2.2.jar:/home/user/.m2/repository/org/jetbrains/kotlin/kotlin-stdlib/1.3.50/kotlin-stdlib-1.3.50.jar:/home/user/.m2/repository/org/jetbrains/kotlin/kotlin-stdlib-common/1.3.50/kotlin-stdlib-common-1.3.50.jar:/home/user/.m2/repository/org/jetbrains/annotations/13.0/annotations-13.0.jar:/home/user/.m2/repository/io/jaegertracing/jaeger-core/1.2.0/jaeger-core-1.2.0.jar:/home/user/.m2/repository/io/jaegertracing/jaeger-tracerresolver/1.2.0/jaeger-tracerresolver-1.2.0.jar:/home/user/.m2/repository/io/opentracing/contrib/opentracing-tracerresolver/0.1.8/opentracing-tracerresolver-0.1.8.jar:/home/user/.m2/repository/io/opentracing/opentracing-util/0.33.0/opentracing-util-0.33.0.jar:/home/user/.m2/repository/io/opentracing/opentracing-api/0.33.0/opentracing-api-0.33.0.jar:/home/user/.m2/repository/io/opentracing/opentracing-noop/0.33.0/opentracing-noop-0.33.0.jar:/home/user/.m2/repository/org/apache/hadoop/hadoop-hdds-client/0.6.0-SNAPSHOT/hadoop-hdds-client-0.6.0-SNAPSHOT.jar:/home/user/.m2/repository/org/apache/hadoop/hadoop-ozone-interface-client/0.6.0-SNAPSHOT/hadoop-ozone-interface-client-0.6.0-SNAPSHOT.jar:/home/user/.m2/repository/org/apache/hadoop/hadoop-hdds-test-utils/0.6.0-SNAPSHOT/hadoop-hdds-test-utils-0.6.0-SNAPSHOT.jar:/home/user/.m2/repository/com/google/guava/guava/28.2-jre/guava-28.2-jre.jar:/home/user/.m2/repository/com/google/guava/failureaccess/1.0.1/failureaccess-1.0.1.jar:/home/user/.m2/repository/com/google/guava/listenablefuture/9999.0-empty-to-avoid-conflict-with-guava/listenablefuture-9999.0-empty-to-avoid-conflict-with-guava.jar:/home/user/.m2/repository/com/google/code/findbugs/jsr305/3.0.0/jsr305-3.0.0.jar:/home/user/.m2/repository/org/checkerframework/checker-qual/2.10.0/checker-qual-2.10.0.jar:/home/user/.m2/repository/com/google/errorprone/error_prone_annotations/2.2.0/error_prone_annotations-2.2.0.jar:/home/user/.m2/repository/com/google/j2objc/j2objc-annotations/1.3/j2objc-annotations-1.3.jar:/home/user/.m2/repository/commons-io/commons-io/2.5/commons-io-2.5.jar:/home/user/.m2/repository/commons-logging/commons-logging/1.2/commons-logging-1.2.jar:/home/user/.m2/repository/log4j/log4j/1.2.17/log4j-1.2.17.jar:/home/user/.m2/repository/org/slf4j/slf4j-api/1.7.25/slf4j-api-1.7.25.jar:/home/user/.m2/repository/org/apache/hadoop/hadoop-hdds-server-scm/0.6.0-SNAPSHOT/hadoop-hdds-server-scm-0.6.0-SNAPSHOT.jar:/home/user/.m2/repository/org/apache/hadoop/hadoop-hdds-container-service/0.6.0-SNAPSHOT/hadoop-hdds-container-service-0.6.0-SNAPSHOT.jar:/home/user/.m2/repository/org/apache/hadoop/hadoop-hdds-hadoop-dependency-server/0.6.0-SNAPSHOT/hadoop-hdds-hadoop-dependency-server-0.6.0-SNAPSHOT.jar:/home/user/.m2/repository/org/apache/hadoop/hadoop-hdds-server-framework/0.6.0-SNAPSHOT/hadoop-hdds-server-framework-0.6.0-SNAPSHOT.jar:/home/user/.m2/repository/org/apache/hadoop/hadoop-hdds-interface-server/0.6.0-SNAPSHOT/hadoop-hdds-interface-server-0.6.0-SNAPSHOT.jar:/home/user/.m2/repository/org/apache/hadoop/hadoop-hdds-interface-admin/0.6.0-SNAPSHOT/hadoop-hdds-interface-admin-0.6.0-SNAPSHOT.jar:/home/user/.m2/repository/org/rocksdb/rocksdbjni/6.8.1/rocksdbjni-6.8.1.jar:/home/user/.m2/repository/io/prometheus/simpleclient_dropwizard/0.7.0/simpleclient_dropwizard-0.7.0.jar:/home/user/.m2/repository/io/prometheus/simpleclient/0.7.0/simpleclient-0.7.0.jar:/home/user/.m2/repository/io/prometheus/simpleclient_common/0.7.0/simpleclient_common-0.7.0.jar:/home/user/.m2/repository/com/fasterxml/jackson/datatype/jackson-datatype-jsr310/2.10.3/jackson-datatype-jsr310-2.10.3.jar:/home/user/.m2/repository/org/apache/hadoop/hadoop-hdds-docs/0.6.0-SNAPSHOT/hadoop-hdds-docs-0.6.0-SNAPSHOT.jar:/home/user/.m2/repository/io/dropwizard/metrics/metrics-core/3.2.4/metrics-core-3.2.4.jar:/home/user/.m2/repository/org/apache/hadoop/hadoop-hdfs-client/3.2.1/hadoop-hdfs-client-3.2.1.jar:/home/user/.m2/repository/org/bouncycastle/bcprov-jdk15on/1.60/bcprov-jdk15on-1.60.jar:/home/user/.m2/repository/org/apache/hadoop/hadoop-ozone-ozone-manager/0.6.0-SNAPSHOT/hadoop-ozone-ozone-manager-0.6.0-SNAPSHOT.jar:/home/user/.m2/repository/org/apache/hadoop/hadoop-hdds-interface-client/0.6.0-SNAPSHOT/hadoop-hdds-interface-client-0.6.0-SNAPSHOT.jar:/home/user/.m2/repository/org/apache/ratis/ratis-thirdparty-misc/0.4.0/ratis-thirdparty-misc-0.4.0.jar:/home/user/.m2/repository/org/apache/hadoop/hadoop-minikdc/3.2.1/hadoop-minikdc-3.2.1.jar:/home/user/.m2/repository/org/apache/kerby/kerb-simplekdc/1.0.1/kerb-simplekdc-1.0.1.jar:/home/user/.m2/repository/org/apache/kerby/kerb-client/1.0.1/kerb-client-1.0.1.jar:/home/user/.m2/repository/org/apache/kerby/kerby-config/1.0.1/kerby-config-1.0.1.jar:/home/user/.m2/repository/org/apache/kerby/kerb-core/1.0.1/kerb-core-1.0.1.jar:/home/user/.m2/repository/org/apache/kerby/kerby-pkix/1.0.1/kerby-pkix-1.0.1.jar:/home/user/.m2/repository/org/apache/kerby/kerby-asn1/1.0.1/kerby-asn1-1.0.1.jar:/home/user/.m2/repository/org/apache/kerby/kerby-util/1.0.1/kerby-util-1.0.1.jar:/home/user/.m2/repository/org/apache/kerby/kerb-common/1.0.1/kerb-common-1.0.1.jar:/home/user/.m2/repository/org/apache/kerby/kerb-crypto/1.0.1/kerb-crypto-1.0.1.jar:/home/user/.m2/repository/org/apache/kerby/kerb-util/1.0.1/kerb-util-1.0.1.jar:/home/user/.m2/repository/org/apache/kerby/token-provider/1.0.1/token-provider-1.0.1.jar:/home/user/.m2/repository/org/apache/kerby/kerb-admin/1.0.1/kerb-admin-1.0.1.jar:/home/user/.m2/repository/org/apache/kerby/kerb-server/1.0.1/kerb-server-1.0.1.jar:/home/user/.m2/repository/org/apache/kerby/kerb-identity/1.0.1/kerb-identity-1.0.1.jar:/home/user/.m2/repository/org/apache/kerby/kerby-xdr/1.0.1/kerby-xdr-1.0.1.jar:/home/user/.m2/repository/org/slf4j/slf4j-log4j12/1.7.25/slf4j-log4j12-1.7.25.jar:/home/user/.m2/repository/org/apache/hadoop/hadoop-ozone-s3gateway/0.6.0-SNAPSHOT/hadoop-ozone-s3gateway-0.6.0-SNAPSHOT.jar:/home/user/.m2/repository/org/jboss/weld/servlet/weld-servlet/2.4.7.Final/weld-servlet-2.4.7.Final.jar:/home/user/.m2/repository/org/glassfish/jersey/containers/jersey-container-servlet-core/2.27/jersey-container-servlet-core-2.27.jar:/home/user/.m2/repository/org/glassfish/hk2/external/javax.inject/2.5.0-b42/javax.inject-2.5.0-b42.jar:/home/user/.m2/repository/org/glassfish/jersey/core/jersey-common/2.27/jersey-common-2.27.jar:/home/user/.m2/repository/org/glassfish/hk2/osgi-resource-locator/1.0.1/osgi-resource-locator-1.0.1.jar:/home/user/.m2/repository/javax/ws/rs/javax.ws.rs-api/2.1/javax.ws.rs-api-2.1.jar:/home/user/.m2/repository/org/glassfish/jersey/ext/cdi/jersey-cdi1x/2.27/jersey-cdi1x-2.27.jar:/home/user/.m2/repository/org/glassfish/jersey/inject/jersey-hk2/2.27/jersey-hk2-2.27.jar:/home/user/.m2/repository/org/glassfish/hk2/hk2-locator/2.5.0-b42/hk2-locator-2.5.0-b42.jar:/home/user/.m2/repository/org/javassist/javassist/3.22.0-CR2/javassist-3.22.0-CR2.jar:/home/user/.m2/repository/org/glassfish/hk2/hk2-api/2.5.0/hk2-api-2.5.0.jar:/home/user/.m2/repository/org/glassfish/hk2/external/jakarta.inject/2.5.0/jakarta.inject-2.5.0.jar:/home/user/.m2/repository/org/glassfish/hk2/hk2-utils/2.5.0/hk2-utils-2.5.0.jar:/home/user/.m2/repository/jakarta/annotation/jakarta.annotation-api/1.3.4/jakarta.annotation-api-1.3.4.jar:/home/user/.m2/repository/org/glassfish/hk2/external/aopalliance-repackaged/2.5.0/aopalliance-repackaged-2.5.0.jar:/home/user/.m2/repository/com/fasterxml/jackson/dataformat/jackson-dataformat-xml/2.10.3/jackson-dataformat-xml-2.10.3.jar:/home/user/.m2/repository/com/fasterxml/jackson/core/jackson-core/2.10.3/jackson-core-2.10.3.jar:/home/user/.m2/repository/com/fasterxml/jackson/module/jackson-module-jaxb-annotations/2.10.3/jackson-module-jaxb-annotations-2.10.3.jar:/home/user/.m2/repository/jakarta/xml/bind/jakarta.xml.bind-api/2.3.2/jakarta.xml.bind-api-2.3.2.jar:/home/user/.m2/repository/jakarta/activation/jakarta.activation-api/1.2.1/jakarta.activation-api-1.2.1.jar:/home/user/.m2/repository/org/codehaus/woodstox/stax2-api/3.1.4/stax2-api-3.1.4.jar:/home/user/.m2/repository/com/fasterxml/woodstox/woodstox-core/5.0.3/woodstox-core-5.0.3.jar:/home/user/.m2/repository/javax/enterprise/cdi-api/1.2/cdi-api-1.2.jar:/home/user/.m2/repository/javax/el/javax.el-api/3.0.0/javax.el-api-3.0.0.jar:/home/user/.m2/repository/javax/interceptor/javax.interceptor-api/1.2/javax.interceptor-api-1.2.jar:/home/user/.m2/repository/javax/inject/javax.inject/1/javax.inject-1.jar:/home/user/.m2/repository/com/sun/xml/bind/jaxb-impl/2.3.0.1/jaxb-impl-2.3.0.1.jar:/home/user/.m2/repository/com/sun/xml/bind/jaxb-core/2.3.0.1/jaxb-core-2.3.0.1.jar:/home/user/.m2/repository/javax/xml/bind/jaxb-api/2.3.0/jaxb-api-2.3.0.jar:/home/user/.m2/repository/javax/activation/activation/1.1.1/activation-1.1.1.jar:/home/user/.m2/repository/org/apache/hadoop/hadoop-ozone-csi/0.6.0-SNAPSHOT/hadoop-ozone-csi-0.6.0-SNAPSHOT.jar:/home/user/.m2/repository/com/google/protobuf/protobuf-java-util/3.11.0/protobuf-java-util-3.11.0.jar:/home/user/.m2/repository/com/google/code/gson/gson/2.2.4/gson-2.2.4.jar:/home/user/.m2/repository/org/apache/hadoop/hadoop-hdds-config/0.6.0-SNAPSHOT/hadoop-hdds-config-0.6.0-SNAPSHOT.jar:/home/user/.m2/repository/com/google/protobuf/protobuf-java/2.5.0/protobuf-java-2.5.0.jar:/home/user/.m2/repository/io/grpc/grpc-netty/1.29.0/grpc-netty-1.29.0.jar:/home/user/.m2/repository/io/grpc/grpc-core/1.29.0/grpc-core-1.29.0.jar:/home/user/.m2/repository/com/google/android/annotations/4.1.1.4/annotations-4.1.1.4.jar:/home/user/.m2/repository/io/perfmark/perfmark-api/0.19.0/perfmark-api-0.19.0.jar:/home/user/.m2/repository/io/netty/netty-codec-http2/4.1.48.Final/netty-codec-http2-4.1.48.Final.jar:/home/user/.m2/repository/io/netty/netty-codec/4.1.48.Final/netty-codec-4.1.48.Final.jar:/home/user/.m2/repository/io/netty/netty-handler/4.1.48.Final/netty-handler-4.1.48.Final.jar:/home/user/.m2/repository/io/netty/netty-codec-http/4.1.48.Final/netty-codec-http-4.1.48.Final.jar:/home/user/.m2/repository/io/netty/netty-handler-proxy/4.1.48.Final/netty-handler-proxy-4.1.48.Final.jar:/home/user/.m2/repository/io/netty/netty-codec-socks/4.1.48.Final/netty-codec-socks-4.1.48.Final.jar:/home/user/.m2/repository/io/netty/netty-transport-native-epoll/4.1.48.Final/netty-transport-native-epoll-4.1.48.Final.jar:/home/user/.m2/repository/io/netty/netty-common/4.1.48.Final/netty-common-4.1.48.Final.jar:/home/user/.m2/repository/io/netty/netty-buffer/4.1.48.Final/netty-buffer-4.1.48.Final.jar:/home/user/.m2/repository/io/netty/netty-transport/4.1.48.Final/netty-transport-4.1.48.Final.jar:/home/user/.m2/repository/io/netty/netty-resolver/4.1.48.Final/netty-resolver-4.1.48.Final.jar:/home/user/.m2/repository/io/netty/netty-transport-native-unix-common/4.1.48.Final/netty-transport-native-unix-common-4.1.48.Final.jar:/home/user/.m2/repository/io/grpc/grpc-protobuf/1.29.0/grpc-protobuf-1.29.0.jar:/home/user/.m2/repository/io/grpc/grpc-api/1.29.0/grpc-api-1.29.0.jar:/home/user/.m2/repository/io/grpc/grpc-context/1.29.0/grpc-context-1.29.0.jar:/home/user/.m2/repository/org/codehaus/mojo/animal-sniffer-annotations/1.18/animal-sniffer-annotations-1.18.jar:/home/user/.m2/repository/com/google/api/grpc/proto-google-common-protos/1.17.0/proto-google-common-protos-1.17.0.jar:/home/user/.m2/repository/io/grpc/grpc-protobuf-lite/1.29.0/grpc-protobuf-lite-1.29.0.jar:/home/user/.m2/repository/io/grpc/grpc-stub/1.29.0/grpc-stub-1.29.0.jar:/home/user/.m2/repository/org/apache/hadoop/hadoop-ozone-recon/0.6.0-SNAPSHOT/hadoop-ozone-recon-0.6.0-SNAPSHOT.jar:/home/user/.m2/repository/org/apache/hadoop/hadoop-ozone-reconcodegen/0.6.0-SNAPSHOT/hadoop-ozone-reconcodegen-0.6.0-SNAPSHOT.jar:/home/user/.m2/repository/com/google/inject/extensions/guice-multibindings/4.0/guice-multibindings-4.0.jar:/home/user/.m2/repository/com/google/inject/guice/4.0/guice-4.0.jar:/home/user/.m2/repository/aopalliance/aopalliance/1.0/aopalliance-1.0.jar:/home/user/.m2/repository/com/google/inject/extensions/guice-assistedinject/4.0/guice-assistedinject-4.0.jar:/home/user/.m2/repository/com/google/inject/extensions/guice-servlet/4.0/guice-servlet-4.0.jar:/home/user/.m2/repository/org/glassfish/jersey/containers/jersey-container-servlet/2.27/jersey-container-servlet-2.27.jar:/home/user/.m2/repository/org/glassfish/hk2/guice-bridge/2.5.0/guice-bridge-2.5.0.jar:/home/user/.m2/repository/org/glassfish/jersey/core/jersey-server/2.27/jersey-server-2.27.jar:/home/user/.m2/repository/org/glassfish/jersey/core/jersey-client/2.27/jersey-client-2.27.jar:/home/user/.m2/repository/org/glassfish/jersey/media/jersey-media-jaxb/2.27/jersey-media-jaxb-2.27.jar:/home/user/.m2/repository/javax/validation/validation-api/1.1.0.Final/validation-api-1.1.0.Final.jar:/home/user/.m2/repository/org/glassfish/jersey/media/jersey-media-json-jackson/2.27/jersey-media-json-jackson-2.27.jar:/home/user/.m2/repository/org/glassfish/jersey/ext/jersey-entity-filtering/2.27/jersey-entity-filtering-2.27.jar:/home/user/.m2/repository/org/jooq/jooq/3.11.10/jooq-3.11.10.jar:/home/user/.m2/repository/org/jooq/jooq-meta/3.11.10/jooq-meta-3.11.10.jar:/home/user/.m2/repository/org/jooq/jooq-codegen/3.11.10/jooq-codegen-3.11.10.jar:/home/user/.m2/repository/com/jolbox/bonecp/0.8.0.RELEASE/bonecp-0.8.0.RELEASE.jar:/home/user/.m2/repository/org/apache/derby/derby/10.14.2.0/derby-10.14.2.0.jar:/home/user/.m2/repository/org/xerial/sqlite-jdbc/3.25.2/sqlite-jdbc-3.25.2.jar:/home/user/.m2/repository/org/springframework/spring-jdbc/5.2.5.RELEASE/spring-jdbc-5.2.5.RELEASE.jar:/home/user/.m2/repository/org/springframework/spring-beans/5.2.5.RELEASE/spring-beans-5.2.5.RELEASE.jar:/home/user/.m2/repository/org/springframework/spring-core/5.2.5.RELEASE/spring-core-5.2.5.RELEASE.jar:/home/user/.m2/repository/org/springframework/spring-jcl/5.2.5.RELEASE/spring-jcl-5.2.5.RELEASE.jar:/home/user/.m2/repository/org/springframework/spring-tx/5.2.5.RELEASE/spring-tx-5.2.5.RELEASE.jar:/home/user/.m2/repository/org/apache/hadoop/hadoop-ozone-client/0.6.0-SNAPSHOT/hadoop-ozone-client-0.6.0-SNAPSHOT.jar:/home/user/.m2/repository/org/apache/hadoop/hadoop-ozone-filesystem/0.6.0-SNAPSHOT/hadoop-ozone-filesystem-0.6.0-SNAPSHOT.jar:/home/user/.m2/repository/org/apache/hadoop/hadoop-ozone-filesystem-common/0.6.0-SNAPSHOT/hadoop-ozone-filesystem-common-0.6.0-SNAPSHOT.jar:/home/user/.m2/repository/org/apache/hadoop/hadoop-ozone-tools/0.6.0-SNAPSHOT/hadoop-ozone-tools-0.6.0-SNAPSHOT.jar:/home/user/.m2/repository/org/apache/hadoop/hadoop-hdfs/3.2.1/hadoop-hdfs-3.2.1.jar:/home/user/.m2/repository/org/apache/ratis/ratis-tools/0.6.0-6ab75ae-SNAPSHOT/ratis-tools-0.6.0-6ab75ae-SNAPSHOT.jar:/home/user/.m2/repository/org/apache/ratis/ratis-proto/0.6.0-6ab75ae-SNAPSHOT/ratis-proto-0.6.0-6ab75ae-SNAPSHOT.jar:/home/user/.m2/repository/org/apache/ratis/ratis-common/0.6.0-6ab75ae-SNAPSHOT/ratis-common-0.6.0-6ab75ae-SNAPSHOT.jar:/home/user/.m2/repository/com/amazonaws/aws-java-sdk-core/1.11.615/aws-java-sdk-core-1.11.615.jar:/home/user/.m2/repository/org/apache/httpcomponents/httpclient/4.5.2/httpclient-4.5.2.jar:/home/user/.m2/repository/org/apache/httpcomponents/httpcore/4.4.4/httpcore-4.4.4.jar:/home/user/.m2/repository/software/amazon/ion/ion-java/1.0.2/ion-java-1.0.2.jar:/home/user/.m2/repository/com/fasterxml/jackson/dataformat/jackson-dataformat-cbor/2.10.3/jackson-dataformat-cbor-2.10.3.jar:/home/user/.m2/repository/joda-time/joda-time/2.8.1/joda-time-2.8.1.jar:/home/user/.m2/repository/com/amazonaws/aws-java-sdk-s3/1.11.615/aws-java-sdk-s3-1.11.615.jar:/home/user/.m2/repository/com/amazonaws/aws-java-sdk-kms/1.11.615/aws-java-sdk-kms-1.11.615.jar:/home/user/.m2/repository/com/amazonaws/jmespath-java/1.11.615/jmespath-java-1.11.615.jar:/home/user/.m2/repository/org/apache/hadoop/hadoop-hdds-tools/0.6.0-SNAPSHOT/hadoop-hdds-tools-0.6.0-SNAPSHOT.jar:/home/user/.m2/repository/commons-cli/commons-cli/1.2/commons-cli-1.2.jar:/home/user/.m2/repository/org/apache/commons/commons-lang3/3.7/commons-lang3-3.7.jar:/home/user/.m2/repository/org/apache/hadoop/hadoop-ozone-ozone-manager/0.6.0-SNAPSHOT/hadoop-ozone-ozone-manager-0.6.0-SNAPSHOT-tests.jar:/home/user/.m2/repository/junit/junit/4.11/junit-4.11.jar:/home/user/.m2/repository/org/hamcrest/hamcrest-core/1.3/hamcrest-core-1.3.jar:/home/user/.m2/repository/org/openjdk/jmh/jmh-core/1.19/jmh-core-1.19.jar:/home/user/.m2/repository/net/sf/jopt-simple/jopt-simple/4.6/jopt-simple-4.6.jar:/home/user/.m2/repository/org/apache/commons/commons-math3/3.1.1/commons-math3-3.1.1.jar:/home/user/.m2/repository/org/openjdk/jmh/jmh-generator-annprocess/1.19/jmh-generator-annprocess-1.19.jar:/home/user/.m2/repository/org/mockito/mockito-all/1.8.5/mockito-all-1.8.5.jar:/home/user/.m2/repository/org/apache/hadoop/hadoop-kms/3.2.1/hadoop-kms-3.2.1.jar:/home/user/.m2/repository/org/apache/hadoop/hadoop-auth/3.2.1/hadoop-auth-3.2.1.jar:/home/user/.m2/repository/com/nimbusds/nimbus-jose-jwt/7.9/nimbus-jose-jwt-7.9.jar:/home/user/.m2/repository/com/github/stephenc/jcip/jcip-annotations/1.0-1/jcip-annotations-1.0-1.jar:/home/user/.m2/repository/net/minidev/json-smart/2.3/json-smart-2.3.jar:/home/user/.m2/repository/net/minidev/accessors-smart/1.2/accessors-smart-1.2.jar:/home/user/.m2/repository/org/ow2/asm/asm/5.0.4/asm-5.0.4.jar:/home/user/.m2/repository/org/apache/zookeeper/zookeeper/3.4.13/zookeeper-3.4.13.jar:/home/user/.m2/repository/org/apache/yetus/audience-annotations/0.5.0/audience-annotations-0.5.0.jar:/home/user/.m2/repository/org/apache/curator/curator-framework/2.13.0/curator-framework-2.13.0.jar:/home/user/.m2/repository/com/sun/jersey/jersey-core/1.19/jersey-core-1.19.jar:/home/user/.m2/repository/javax/ws/rs/jsr311-api/1.1.1/jsr311-api-1.1.1.jar:/home/user/.m2/repository/com/sun/jersey/jersey-server/1.19/jersey-server-1.19.jar:/home/user/.m2/repository/javax/servlet/javax.servlet-api/3.1.0/javax.servlet-api-3.1.0.jar:/home/user/.m2/repository/org/eclipse/jetty/jetty-server/9.4.26.v20200117/jetty-server-9.4.26.v20200117.jar:/home/user/.m2/repository/org/eclipse/jetty/jetty-http/9.4.26.v20200117/jetty-http-9.4.26.v20200117.jar:/home/user/.m2/repository/org/eclipse/jetty/jetty-io/9.4.26.v20200117/jetty-io-9.4.26.v20200117.jar:/home/user/.m2/repository/org/eclipse/jetty/jetty-webapp/9.4.26.v20200117/jetty-webapp-9.4.26.v20200117.jar:/home/user/.m2/repository/org/eclipse/jetty/jetty-xml/9.4.26.v20200117/jetty-xml-9.4.26.v20200117.jar:/home/user/.m2/repository/org/eclipse/jetty/jetty-servlet/9.4.26.v20200117/jetty-servlet-9.4.26.v20200117.jar:/home/user/.m2/repository/org/eclipse/jetty/jetty-security/9.4.26.v20200117/jetty-security-9.4.26.v20200117.jar:/home/user/.m2/repository/org/apache/hadoop/hadoop-common/3.2.1/hadoop-common-3.2.1.jar:/home/user/.m2/repository/commons-net/commons-net/3.6/commons-net-3.6.jar:/home/user/.m2/repository/commons-collections/commons-collections/3.2.2/commons-collections-3.2.2.jar:/home/user/.m2/repository/com/sun/jersey/jersey-servlet/1.19/jersey-servlet-1.19.jar:/home/user/.m2/repository/com/sun/jersey/jersey-json/1.19/jersey-json-1.19.jar:/home/user/.m2/repository/org/codehaus/jettison/jettison/1.1/jettison-1.1.jar:/home/user/.m2/repository/org/codehaus/jackson/jackson-jaxrs/1.9.2/jackson-jaxrs-1.9.2.jar:/home/user/.m2/repository/org/codehaus/jackson/jackson-xc/1.9.2/jackson-xc-1.9.2.jar:/home/user/.m2/repository/commons-beanutils/commons-beanutils/1.9.4/commons-beanutils-1.9.4.jar:/home/user/.m2/repository/org/apache/commons/commons-configuration2/2.1.1/commons-configuration2-2.1.1.jar:/home/user/.m2/repository/org/apache/commons/commons-text/1.4/commons-text-1.4.jar:/home/user/.m2/repository/com/google/re2j/re2j/1.1/re2j-1.1.jar:/home/user/.m2/repository/com/jcraft/jsch/0.1.54/jsch-0.1.54.jar:/home/user/.m2/repository/org/apache/curator/curator-client/2.13.0/curator-client-2.13.0.jar:/home/user/.m2/repository/org/apache/curator/curator-recipes/2.13.0/curator-recipes-2.13.0.jar:/home/user/.m2/repository/dnsjava/dnsjava/2.1.7/dnsjava-2.1.7.jar:/home/user/.m2/repository/org/slf4j/jul-to-slf4j/1.7.25/jul-to-slf4j-1.7.25.jar:/home/user/.m2/repository/org/eclipse/jetty/jetty-util/9.4.26.v20200117/jetty-util-9.4.26.v20200117.jar:/home/user/.m2/repository/com/fasterxml/jackson/core/jackson-databind/2.10.3/jackson-databind-2.10.3.jar:/home/user/.m2/repository/org/apache/hadoop/hadoop-kms/3.2.1/hadoop-kms-3.2.1-tests.jar:/home/user/.m2/repository/org/apache/hadoop/hadoop-hdds-server-scm/0.6.0-SNAPSHOT/hadoop-hdds-server-scm-0.6.0-SNAPSHOT-tests.jar:/home/user/.m2/repository/org/apache/hadoop/hadoop-hdds-container-service/0.6.0-SNAPSHOT/hadoop-hdds-container-service-0.6.0-SNAPSHOT-tests.jar:/home/user/.m2/repository/org/apache/hadoop/hadoop-hdds-common/0.6.0-SNAPSHOT/hadoop-hdds-common-0.6.0-SNAPSHOT-tests.jar:/home/user/.m2/repository/org/yaml/snakeyaml/1.16/snakeyaml-1.16.jar:/home/user/.m2/repository/org/apache/hadoop/hadoop-hdds-hadoop-dependency-test/0.6.0-SNAPSHOT/hadoop-hdds-hadoop-dependency-test-0.6.0-SNAPSHOT.jar:/home/user/.m2/repository/org/apache/hadoop/hadoop-common/3.2.1/hadoop-common-3.2.1-tests.jar:/home/user/.m2/repository/javax/servlet/jsp/jsp-api/2.1/jsp-api-2.1.jar:/home/user/.m2/repository/org/apache/hadoop/hadoop-hdfs/3.2.1/hadoop-hdfs-3.2.1-tests.jar:/home/user/.m2/repository/org/eclipse/jetty/jetty-util-ajax/9.4.26.v20200117/jetty-util-ajax-9.4.26.v20200117.jar:/home/user/.m2/repository/commons-codec/commons-codec/1.11/commons-codec-1.11.jar:/home/user/.m2/repository/commons-daemon/commons-daemon/1.0.13/commons-daemon-1.0.13.jar:/home/user/.m2/repository/io/netty/netty/3.10.5.Final/netty-3.10.5.Final.jar:/home/user/.m2/repository/io/netty/netty-all/4.1.48.Final/netty-all-4.1.48.Final.jar:/home/user/.m2/repository/org/apache/htrace/htrace-core4/4.1.0-incubating/htrace-core4-4.1.0-incubating.jar:/home/user/.m2/repository/org/fusesource/leveldbjni/leveldbjni-all/1.8/leveldbjni-all-1.8.jar:/home/user/.m2/repository/org/apache/hadoop/hadoop-distcp/3.2.1/hadoop-distcp-3.2.1.jar:/home/user/.m2/repository/org/apache/hadoop/hadoop-mapreduce-client-jobclient/3.2.1/hadoop-mapreduce-client-jobclient-3.2.1.jar:/home/user/.m2/repository/org/apache/hadoop/hadoop-mapreduce-client-common/3.2.1/hadoop-mapreduce-client-common-3.2.1.jar:/home/user/.m2/repository/org/apache/hadoop/hadoop-yarn-common/3.2.1/hadoop-yarn-common-3.2.1.jar:/home/user/.m2/repository/org/apache/hadoop/hadoop-yarn-api/3.2.1/hadoop-yarn-api-3.2.1.jar:/home/user/.m2/repository/com/sun/jersey/jersey-client/1.19/jersey-client-1.19.jar:/home/user/.m2/repository/com/sun/jersey/contribs/jersey-guice/1.19/jersey-guice-1.19.jar:/home/user/.m2/repository/com/fasterxml/jackson/jaxrs/jackson-jaxrs-json-provider/2.10.3/jackson-jaxrs-json-provider-2.10.3.jar:/home/user/.m2/repository/com/fasterxml/jackson/jaxrs/jackson-jaxrs-base/2.10.3/jackson-jaxrs-base-2.10.3.jar:/home/user/.m2/repository/org/apache/hadoop/hadoop-yarn-client/3.2.1/hadoop-yarn-client-3.2.1.jar:/home/user/.m2/repository/org/apache/hadoop/hadoop-mapreduce-client-core/3.2.1/hadoop-mapreduce-client-core-3.2.1.jar:/home/user/.m2/repository/org/apache/avro/avro/1.7.7/avro-1.7.7.jar:/home/user/.m2/repository/org/codehaus/jackson/jackson-core-asl/1.9.13/jackson-core-asl-1.9.13.jar:/home/user/.m2/repository/org/codehaus/jackson/jackson-mapper-asl/1.9.13/jackson-mapper-asl-1.9.13.jar:/home/user/.m2/repository/com/thoughtworks/paranamer/paranamer/2.3/paranamer-2.3.jar:/home/user/.m2/repository/org/xerial/snappy/snappy-java/1.0.5/snappy-java-1.0.5.jar:/home/user/.m2/repository/org/apache/hadoop/hadoop-annotations/3.2.1/hadoop-annotations-3.2.1.jar:/usr/lib/jvm/java-1.8.0-openjdk-1.8.0.232.b09-0.el7_7.x86_64/jre/../lib/tools.jar:/home/user/.m2/repository/org/apache/hadoop/hadoop-distcp/3.2.1/hadoop-distcp-3.2.1-tests.jar:"/>
    <property name="java.vm.vendor" value="Oracle Corporation"/>
    <property name="sun.arch.data.model" value="64"/>
    <property name="test.build.dir" value="/github/workspace/mnt/ozone/hadoop-ozone/integration-test/target/test-dir"/>
    <property name="test.cache.data" value=""/>
    <property name="java.vendor.url" value="http://java.oracle.com/"/>
    <property name="user.timezone" value=""/>
    <property name="java.vm.specification.version" value="1.8"/>
    <property name="os.name" value="Linux"/>
    <property name="test.build.data" value="/github/workspace/mnt/ozone/hadoop-ozone/integration-test/target/test-dir"/>
    <property name="user.country" value="US"/>
    <property name="sun.java.launcher" value="SUN_STANDARD"/>
    <property name="sun.boot.library.path" value="/usr/lib/jvm/java-1.8.0-openjdk-1.8.0.232.b09-0.el7_7.x86_64/jre/lib/amd64"/>
    <property name="sun.java.command" value="/github/workspace/mnt/ozone/hadoop-ozone/integration-test/target/surefire/surefirebooter7203737075394569381.jar /github/workspace/mnt/ozone/hadoop-ozone/integration-test/target/surefire 2020-06-27T12-58-11_547-jvmRun1 surefire5080323693224330126tmp surefire_7710707658954543287tmp"/>
    <property name="surefire.test.class.path" value="/github/workspace/mnt/ozone/hadoop-ozone/integration-test/target/test-classes:/github/workspace/mnt/ozone/hadoop-ozone/integration-test/target/classes:/home/user/.m2/repository/org/apache/hadoop/hadoop-ozone-common/0.6.0-SNAPSHOT/hadoop-ozone-common-0.6.0-SNAPSHOT.jar:/home/user/.m2/repository/org/apache/commons/commons-compress/1.4.1/commons-compress-1.4.1.jar:/home/user/.m2/repository/org/tukaani/xz/1.0/xz-1.0.jar:/home/user/.m2/repository/org/apache/hadoop/hadoop-hdds-common/0.6.0-SNAPSHOT/hadoop-hdds-common-0.6.0-SNAPSHOT.jar:/home/user/.m2/repository/org/apache/hadoop/hadoop-hdds-hadoop-dependency-client/0.6.0-SNAPSHOT/hadoop-hdds-hadoop-dependency-client-0.6.0-SNAPSHOT.jar:/home/user/.m2/repository/info/picocli/picocli/3.9.6/picocli-3.9.6.jar:/home/user/.m2/repository/com/fasterxml/jackson/core/jackson-annotations/2.10.3/jackson-annotations-2.10.3.jar:/home/user/.m2/repository/javax/annotation/javax.annotation-api/1.2/javax.annotation-api-1.2.jar:/home/user/.m2/repository/org/apache/ratis/ratis-server/0.6.0-6ab75ae-SNAPSHOT/ratis-server-0.6.0-6ab75ae-SNAPSHOT.jar:/home/user/.m2/repository/org/apache/ratis/ratis-client/0.6.0-6ab75ae-SNAPSHOT/ratis-client-0.6.0-6ab75ae-SNAPSHOT.jar:/home/user/.m2/repository/org/apache/ratis/ratis-metrics/0.6.0-6ab75ae-SNAPSHOT/ratis-metrics-0.6.0-6ab75ae-SNAPSHOT.jar:/home/user/.m2/repository/org/apache/ratis/ratis-netty/0.6.0-6ab75ae-SNAPSHOT/ratis-netty-0.6.0-6ab75ae-SNAPSHOT.jar:/home/user/.m2/repository/org/apache/ratis/ratis-grpc/0.6.0-6ab75ae-SNAPSHOT/ratis-grpc-0.6.0-6ab75ae-SNAPSHOT.jar:/home/user/.m2/repository/org/apache/logging/log4j/log4j-api/2.11.0/log4j-api-2.11.0.jar:/home/user/.m2/repository/org/apache/logging/log4j/log4j-core/2.11.0/log4j-core-2.11.0.jar:/home/user/.m2/repository/com/lmax/disruptor/3.4.2/disruptor-3.4.2.jar:/home/user/.m2/repository/org/apache/commons/commons-pool2/2.6.0/commons-pool2-2.6.0.jar:/home/user/.m2/repository/org/bouncycastle/bcpkix-jdk15on/1.60/bcpkix-jdk15on-1.60.jar:/home/user/.m2/repository/commons-validator/commons-validator/1.6/commons-validator-1.6.jar:/home/user/.m2/repository/commons-digester/commons-digester/1.8.1/commons-digester-1.8.1.jar:/home/user/.m2/repository/io/jaegertracing/jaeger-client/1.2.0/jaeger-client-1.2.0.jar:/home/user/.m2/repository/io/jaegertracing/jaeger-thrift/1.2.0/jaeger-thrift-1.2.0.jar:/home/user/.m2/repository/org/apache/thrift/libthrift/0.13.0/libthrift-0.13.0.jar:/home/user/.m2/repository/com/squareup/okhttp3/okhttp/4.2.2/okhttp-4.2.2.jar:/home/user/.m2/repository/com/squareup/okio/okio/2.2.2/okio-2.2.2.jar:/home/user/.m2/repository/org/jetbrains/kotlin/kotlin-stdlib/1.3.50/kotlin-stdlib-1.3.50.jar:/home/user/.m2/repository/org/jetbrains/kotlin/kotlin-stdlib-common/1.3.50/kotlin-stdlib-common-1.3.50.jar:/home/user/.m2/repository/org/jetbrains/annotations/13.0/annotations-13.0.jar:/home/user/.m2/repository/io/jaegertracing/jaeger-core/1.2.0/jaeger-core-1.2.0.jar:/home/user/.m2/repository/io/jaegertracing/jaeger-tracerresolver/1.2.0/jaeger-tracerresolver-1.2.0.jar:/home/user/.m2/repository/io/opentracing/contrib/opentracing-tracerresolver/0.1.8/opentracing-tracerresolver-0.1.8.jar:/home/user/.m2/repository/io/opentracing/opentracing-util/0.33.0/opentracing-util-0.33.0.jar:/home/user/.m2/repository/io/opentracing/opentracing-api/0.33.0/opentracing-api-0.33.0.jar:/home/user/.m2/repository/io/opentracing/opentracing-noop/0.33.0/opentracing-noop-0.33.0.jar:/home/user/.m2/repository/org/apache/hadoop/hadoop-hdds-client/0.6.0-SNAPSHOT/hadoop-hdds-client-0.6.0-SNAPSHOT.jar:/home/user/.m2/repository/org/apache/hadoop/hadoop-ozone-interface-client/0.6.0-SNAPSHOT/hadoop-ozone-interface-client-0.6.0-SNAPSHOT.jar:/home/user/.m2/repository/org/apache/hadoop/hadoop-hdds-test-utils/0.6.0-SNAPSHOT/hadoop-hdds-test-utils-0.6.0-SNAPSHOT.jar:/home/user/.m2/repository/com/google/guava/guava/28.2-jre/guava-28.2-jre.jar:/home/user/.m2/repository/com/google/guava/failureaccess/1.0.1/failureaccess-1.0.1.jar:/home/user/.m2/repository/com/google/guava/listenablefuture/9999.0-empty-to-avoid-conflict-with-guava/listenablefuture-9999.0-empty-to-avoid-conflict-with-guava.jar:/home/user/.m2/repository/com/google/code/findbugs/jsr305/3.0.0/jsr305-3.0.0.jar:/home/user/.m2/repository/org/checkerframework/checker-qual/2.10.0/checker-qual-2.10.0.jar:/home/user/.m2/repository/com/google/errorprone/error_prone_annotations/2.2.0/error_prone_annotations-2.2.0.jar:/home/user/.m2/repository/com/google/j2objc/j2objc-annotations/1.3/j2objc-annotations-1.3.jar:/home/user/.m2/repository/commons-io/commons-io/2.5/commons-io-2.5.jar:/home/user/.m2/repository/commons-logging/commons-logging/1.2/commons-logging-1.2.jar:/home/user/.m2/repository/log4j/log4j/1.2.17/log4j-1.2.17.jar:/home/user/.m2/repository/org/slf4j/slf4j-api/1.7.25/slf4j-api-1.7.25.jar:/home/user/.m2/repository/org/apache/hadoop/hadoop-hdds-server-scm/0.6.0-SNAPSHOT/hadoop-hdds-server-scm-0.6.0-SNAPSHOT.jar:/home/user/.m2/repository/org/apache/hadoop/hadoop-hdds-container-service/0.6.0-SNAPSHOT/hadoop-hdds-container-service-0.6.0-SNAPSHOT.jar:/home/user/.m2/repository/org/apache/hadoop/hadoop-hdds-hadoop-dependency-server/0.6.0-SNAPSHOT/hadoop-hdds-hadoop-dependency-server-0.6.0-SNAPSHOT.jar:/home/user/.m2/repository/org/apache/hadoop/hadoop-hdds-server-framework/0.6.0-SNAPSHOT/hadoop-hdds-server-framework-0.6.0-SNAPSHOT.jar:/home/user/.m2/repository/org/apache/hadoop/hadoop-hdds-interface-server/0.6.0-SNAPSHOT/hadoop-hdds-interface-server-0.6.0-SNAPSHOT.jar:/home/user/.m2/repository/org/apache/hadoop/hadoop-hdds-interface-admin/0.6.0-SNAPSHOT/hadoop-hdds-interface-admin-0.6.0-SNAPSHOT.jar:/home/user/.m2/repository/org/rocksdb/rocksdbjni/6.8.1/rocksdbjni-6.8.1.jar:/home/user/.m2/repository/io/prometheus/simpleclient_dropwizard/0.7.0/simpleclient_dropwizard-0.7.0.jar:/home/user/.m2/repository/io/prometheus/simpleclient/0.7.0/simpleclient-0.7.0.jar:/home/user/.m2/repository/io/prometheus/simpleclient_common/0.7.0/simpleclient_common-0.7.0.jar:/home/user/.m2/repository/com/fasterxml/jackson/datatype/jackson-datatype-jsr310/2.10.3/jackson-datatype-jsr310-2.10.3.jar:/home/user/.m2/repository/org/apache/hadoop/hadoop-hdds-docs/0.6.0-SNAPSHOT/hadoop-hdds-docs-0.6.0-SNAPSHOT.jar:/home/user/.m2/repository/io/dropwizard/metrics/metrics-core/3.2.4/metrics-core-3.2.4.jar:/home/user/.m2/repository/org/apache/hadoop/hadoop-hdfs-client/3.2.1/hadoop-hdfs-client-3.2.1.jar:/home/user/.m2/repository/org/bouncycastle/bcprov-jdk15on/1.60/bcprov-jdk15on-1.60.jar:/home/user/.m2/repository/org/apache/hadoop/hadoop-ozone-ozone-manager/0.6.0-SNAPSHOT/hadoop-ozone-ozone-manager-0.6.0-SNAPSHOT.jar:/home/user/.m2/repository/org/apache/hadoop/hadoop-hdds-interface-client/0.6.0-SNAPSHOT/hadoop-hdds-interface-client-0.6.0-SNAPSHOT.jar:/home/user/.m2/repository/org/apache/ratis/ratis-thirdparty-misc/0.4.0/ratis-thirdparty-misc-0.4.0.jar:/home/user/.m2/repository/org/apache/hadoop/hadoop-minikdc/3.2.1/hadoop-minikdc-3.2.1.jar:/home/user/.m2/repository/org/apache/kerby/kerb-simplekdc/1.0.1/kerb-simplekdc-1.0.1.jar:/home/user/.m2/repository/org/apache/kerby/kerb-client/1.0.1/kerb-client-1.0.1.jar:/home/user/.m2/repository/org/apache/kerby/kerby-config/1.0.1/kerby-config-1.0.1.jar:/home/user/.m2/repository/org/apache/kerby/kerb-core/1.0.1/kerb-core-1.0.1.jar:/home/user/.m2/repository/org/apache/kerby/kerby-pkix/1.0.1/kerby-pkix-1.0.1.jar:/home/user/.m2/repository/org/apache/kerby/kerby-asn1/1.0.1/kerby-asn1-1.0.1.jar:/home/user/.m2/repository/org/apache/kerby/kerby-util/1.0.1/kerby-util-1.0.1.jar:/home/user/.m2/repository/org/apache/kerby/kerb-common/1.0.1/kerb-common-1.0.1.jar:/home/user/.m2/repository/org/apache/kerby/kerb-crypto/1.0.1/kerb-crypto-1.0.1.jar:/home/user/.m2/repository/org/apache/kerby/kerb-util/1.0.1/kerb-util-1.0.1.jar:/home/user/.m2/repository/org/apache/kerby/token-provider/1.0.1/token-provider-1.0.1.jar:/home/user/.m2/repository/org/apache/kerby/kerb-admin/1.0.1/kerb-admin-1.0.1.jar:/home/user/.m2/repository/org/apache/kerby/kerb-server/1.0.1/kerb-server-1.0.1.jar:/home/user/.m2/repository/org/apache/kerby/kerb-identity/1.0.1/kerb-identity-1.0.1.jar:/home/user/.m2/repository/org/apache/kerby/kerby-xdr/1.0.1/kerby-xdr-1.0.1.jar:/home/user/.m2/repository/org/slf4j/slf4j-log4j12/1.7.25/slf4j-log4j12-1.7.25.jar:/home/user/.m2/repository/org/apache/hadoop/hadoop-ozone-s3gateway/0.6.0-SNAPSHOT/hadoop-ozone-s3gateway-0.6.0-SNAPSHOT.jar:/home/user/.m2/repository/org/jboss/weld/servlet/weld-servlet/2.4.7.Final/weld-servlet-2.4.7.Final.jar:/home/user/.m2/repository/org/glassfish/jersey/containers/jersey-container-servlet-core/2.27/jersey-container-servlet-core-2.27.jar:/home/user/.m2/repository/org/glassfish/hk2/external/javax.inject/2.5.0-b42/javax.inject-2.5.0-b42.jar:/home/user/.m2/repository/org/glassfish/jersey/core/jersey-common/2.27/jersey-common-2.27.jar:/home/user/.m2/repository/org/glassfish/hk2/osgi-resource-locator/1.0.1/osgi-resource-locator-1.0.1.jar:/home/user/.m2/repository/javax/ws/rs/javax.ws.rs-api/2.1/javax.ws.rs-api-2.1.jar:/home/user/.m2/repository/org/glassfish/jersey/ext/cdi/jersey-cdi1x/2.27/jersey-cdi1x-2.27.jar:/home/user/.m2/repository/org/glassfish/jersey/inject/jersey-hk2/2.27/jersey-hk2-2.27.jar:/home/user/.m2/repository/org/glassfish/hk2/hk2-locator/2.5.0-b42/hk2-locator-2.5.0-b42.jar:/home/user/.m2/repository/org/javassist/javassist/3.22.0-CR2/javassist-3.22.0-CR2.jar:/home/user/.m2/repository/org/glassfish/hk2/hk2-api/2.5.0/hk2-api-2.5.0.jar:/home/user/.m2/repository/org/glassfish/hk2/external/jakarta.inject/2.5.0/jakarta.inject-2.5.0.jar:/home/user/.m2/repository/org/glassfish/hk2/hk2-utils/2.5.0/hk2-utils-2.5.0.jar:/home/user/.m2/repository/jakarta/annotation/jakarta.annotation-api/1.3.4/jakarta.annotation-api-1.3.4.jar:/home/user/.m2/repository/org/glassfish/hk2/external/aopalliance-repackaged/2.5.0/aopalliance-repackaged-2.5.0.jar:/home/user/.m2/repository/com/fasterxml/jackson/dataformat/jackson-dataformat-xml/2.10.3/jackson-dataformat-xml-2.10.3.jar:/home/user/.m2/repository/com/fasterxml/jackson/core/jackson-core/2.10.3/jackson-core-2.10.3.jar:/home/user/.m2/repository/com/fasterxml/jackson/module/jackson-module-jaxb-annotations/2.10.3/jackson-module-jaxb-annotations-2.10.3.jar:/home/user/.m2/repository/jakarta/xml/bind/jakarta.xml.bind-api/2.3.2/jakarta.xml.bind-api-2.3.2.jar:/home/user/.m2/repository/jakarta/activation/jakarta.activation-api/1.2.1/jakarta.activation-api-1.2.1.jar:/home/user/.m2/repository/org/codehaus/woodstox/stax2-api/3.1.4/stax2-api-3.1.4.jar:/home/user/.m2/repository/com/fasterxml/woodstox/woodstox-core/5.0.3/woodstox-core-5.0.3.jar:/home/user/.m2/repository/javax/enterprise/cdi-api/1.2/cdi-api-1.2.jar:/home/user/.m2/repository/javax/el/javax.el-api/3.0.0/javax.el-api-3.0.0.jar:/home/user/.m2/repository/javax/interceptor/javax.interceptor-api/1.2/javax.interceptor-api-1.2.jar:/home/user/.m2/repository/javax/inject/javax.inject/1/javax.inject-1.jar:/home/user/.m2/repository/com/sun/xml/bind/jaxb-impl/2.3.0.1/jaxb-impl-2.3.0.1.jar:/home/user/.m2/repository/com/sun/xml/bind/jaxb-core/2.3.0.1/jaxb-core-2.3.0.1.jar:/home/user/.m2/repository/javax/xml/bind/jaxb-api/2.3.0/jaxb-api-2.3.0.jar:/home/user/.m2/repository/javax/activation/activation/1.1.1/activation-1.1.1.jar:/home/user/.m2/repository/org/apache/hadoop/hadoop-ozone-csi/0.6.0-SNAPSHOT/hadoop-ozone-csi-0.6.0-SNAPSHOT.jar:/home/user/.m2/repository/com/google/protobuf/protobuf-java-util/3.11.0/protobuf-java-util-3.11.0.jar:/home/user/.m2/repository/com/google/code/gson/gson/2.2.4/gson-2.2.4.jar:/home/user/.m2/repository/org/apache/hadoop/hadoop-hdds-config/0.6.0-SNAPSHOT/hadoop-hdds-config-0.6.0-SNAPSHOT.jar:/home/user/.m2/repository/com/google/protobuf/protobuf-java/2.5.0/protobuf-java-2.5.0.jar:/home/user/.m2/repository/io/grpc/grpc-netty/1.29.0/grpc-netty-1.29.0.jar:/home/user/.m2/repository/io/grpc/grpc-core/1.29.0/grpc-core-1.29.0.jar:/home/user/.m2/repository/com/google/android/annotations/4.1.1.4/annotations-4.1.1.4.jar:/home/user/.m2/repository/io/perfmark/perfmark-api/0.19.0/perfmark-api-0.19.0.jar:/home/user/.m2/repository/io/netty/netty-codec-http2/4.1.48.Final/netty-codec-http2-4.1.48.Final.jar:/home/user/.m2/repository/io/netty/netty-codec/4.1.48.Final/netty-codec-4.1.48.Final.jar:/home/user/.m2/repository/io/netty/netty-handler/4.1.48.Final/netty-handler-4.1.48.Final.jar:/home/user/.m2/repository/io/netty/netty-codec-http/4.1.48.Final/netty-codec-http-4.1.48.Final.jar:/home/user/.m2/repository/io/netty/netty-handler-proxy/4.1.48.Final/netty-handler-proxy-4.1.48.Final.jar:/home/user/.m2/repository/io/netty/netty-codec-socks/4.1.48.Final/netty-codec-socks-4.1.48.Final.jar:/home/user/.m2/repository/io/netty/netty-transport-native-epoll/4.1.48.Final/netty-transport-native-epoll-4.1.48.Final.jar:/home/user/.m2/repository/io/netty/netty-common/4.1.48.Final/netty-common-4.1.48.Final.jar:/home/user/.m2/repository/io/netty/netty-buffer/4.1.48.Final/netty-buffer-4.1.48.Final.jar:/home/user/.m2/repository/io/netty/netty-transport/4.1.48.Final/netty-transport-4.1.48.Final.jar:/home/user/.m2/repository/io/netty/netty-resolver/4.1.48.Final/netty-resolver-4.1.48.Final.jar:/home/user/.m2/repository/io/netty/netty-transport-native-unix-common/4.1.48.Final/netty-transport-native-unix-common-4.1.48.Final.jar:/home/user/.m2/repository/io/grpc/grpc-protobuf/1.29.0/grpc-protobuf-1.29.0.jar:/home/user/.m2/repository/io/grpc/grpc-api/1.29.0/grpc-api-1.29.0.jar:/home/user/.m2/repository/io/grpc/grpc-context/1.29.0/grpc-context-1.29.0.jar:/home/user/.m2/repository/org/codehaus/mojo/animal-sniffer-annotations/1.18/animal-sniffer-annotations-1.18.jar:/home/user/.m2/repository/com/google/api/grpc/proto-google-common-protos/1.17.0/proto-google-common-protos-1.17.0.jar:/home/user/.m2/repository/io/grpc/grpc-protobuf-lite/1.29.0/grpc-protobuf-lite-1.29.0.jar:/home/user/.m2/repository/io/grpc/grpc-stub/1.29.0/grpc-stub-1.29.0.jar:/home/user/.m2/repository/org/apache/hadoop/hadoop-ozone-recon/0.6.0-SNAPSHOT/hadoop-ozone-recon-0.6.0-SNAPSHOT.jar:/home/user/.m2/repository/org/apache/hadoop/hadoop-ozone-reconcodegen/0.6.0-SNAPSHOT/hadoop-ozone-reconcodegen-0.6.0-SNAPSHOT.jar:/home/user/.m2/repository/com/google/inject/extensions/guice-multibindings/4.0/guice-multibindings-4.0.jar:/home/user/.m2/repository/com/google/inject/guice/4.0/guice-4.0.jar:/home/user/.m2/repository/aopalliance/aopalliance/1.0/aopalliance-1.0.jar:/home/user/.m2/repository/com/google/inject/extensions/guice-assistedinject/4.0/guice-assistedinject-4.0.jar:/home/user/.m2/repository/com/google/inject/extensions/guice-servlet/4.0/guice-servlet-4.0.jar:/home/user/.m2/repository/org/glassfish/jersey/containers/jersey-container-servlet/2.27/jersey-container-servlet-2.27.jar:/home/user/.m2/repository/org/glassfish/hk2/guice-bridge/2.5.0/guice-bridge-2.5.0.jar:/home/user/.m2/repository/org/glassfish/jersey/core/jersey-server/2.27/jersey-server-2.27.jar:/home/user/.m2/repository/org/glassfish/jersey/core/jersey-client/2.27/jersey-client-2.27.jar:/home/user/.m2/repository/org/glassfish/jersey/media/jersey-media-jaxb/2.27/jersey-media-jaxb-2.27.jar:/home/user/.m2/repository/javax/validation/validation-api/1.1.0.Final/validation-api-1.1.0.Final.jar:/home/user/.m2/repository/org/glassfish/jersey/media/jersey-media-json-jackson/2.27/jersey-media-json-jackson-2.27.jar:/home/user/.m2/repository/org/glassfish/jersey/ext/jersey-entity-filtering/2.27/jersey-entity-filtering-2.27.jar:/home/user/.m2/repository/org/jooq/jooq/3.11.10/jooq-3.11.10.jar:/home/user/.m2/repository/org/jooq/jooq-meta/3.11.10/jooq-meta-3.11.10.jar:/home/user/.m2/repository/org/jooq/jooq-codegen/3.11.10/jooq-codegen-3.11.10.jar:/home/user/.m2/repository/com/jolbox/bonecp/0.8.0.RELEASE/bonecp-0.8.0.RELEASE.jar:/home/user/.m2/repository/org/apache/derby/derby/10.14.2.0/derby-10.14.2.0.jar:/home/user/.m2/repository/org/xerial/sqlite-jdbc/3.25.2/sqlite-jdbc-3.25.2.jar:/home/user/.m2/repository/org/springframework/spring-jdbc/5.2.5.RELEASE/spring-jdbc-5.2.5.RELEASE.jar:/home/user/.m2/repository/org/springframework/spring-beans/5.2.5.RELEASE/spring-beans-5.2.5.RELEASE.jar:/home/user/.m2/repository/org/springframework/spring-core/5.2.5.RELEASE/spring-core-5.2.5.RELEASE.jar:/home/user/.m2/repository/org/springframework/spring-jcl/5.2.5.RELEASE/spring-jcl-5.2.5.RELEASE.jar:/home/user/.m2/repository/org/springframework/spring-tx/5.2.5.RELEASE/spring-tx-5.2.5.RELEASE.jar:/home/user/.m2/repository/org/apache/hadoop/hadoop-ozone-client/0.6.0-SNAPSHOT/hadoop-ozone-client-0.6.0-SNAPSHOT.jar:/home/user/.m2/repository/org/apache/hadoop/hadoop-ozone-filesystem/0.6.0-SNAPSHOT/hadoop-ozone-filesystem-0.6.0-SNAPSHOT.jar:/home/user/.m2/repository/org/apache/hadoop/hadoop-ozone-filesystem-common/0.6.0-SNAPSHOT/hadoop-ozone-filesystem-common-0.6.0-SNAPSHOT.jar:/home/user/.m2/repository/org/apache/hadoop/hadoop-ozone-tools/0.6.0-SNAPSHOT/hadoop-ozone-tools-0.6.0-SNAPSHOT.jar:/home/user/.m2/repository/org/apache/hadoop/hadoop-hdfs/3.2.1/hadoop-hdfs-3.2.1.jar:/home/user/.m2/repository/org/apache/ratis/ratis-tools/0.6.0-6ab75ae-SNAPSHOT/ratis-tools-0.6.0-6ab75ae-SNAPSHOT.jar:/home/user/.m2/repository/org/apache/ratis/ratis-proto/0.6.0-6ab75ae-SNAPSHOT/ratis-proto-0.6.0-6ab75ae-SNAPSHOT.jar:/home/user/.m2/repository/org/apache/ratis/ratis-common/0.6.0-6ab75ae-SNAPSHOT/ratis-common-0.6.0-6ab75ae-SNAPSHOT.jar:/home/user/.m2/repository/com/amazonaws/aws-java-sdk-core/1.11.615/aws-java-sdk-core-1.11.615.jar:/home/user/.m2/repository/org/apache/httpcomponents/httpclient/4.5.2/httpclient-4.5.2.jar:/home/user/.m2/repository/org/apache/httpcomponents/httpcore/4.4.4/httpcore-4.4.4.jar:/home/user/.m2/repository/software/amazon/ion/ion-java/1.0.2/ion-java-1.0.2.jar:/home/user/.m2/repository/com/fasterxml/jackson/dataformat/jackson-dataformat-cbor/2.10.3/jackson-dataformat-cbor-2.10.3.jar:/home/user/.m2/repository/joda-time/joda-time/2.8.1/joda-time-2.8.1.jar:/home/user/.m2/repository/com/amazonaws/aws-java-sdk-s3/1.11.615/aws-java-sdk-s3-1.11.615.jar:/home/user/.m2/repository/com/amazonaws/aws-java-sdk-kms/1.11.615/aws-java-sdk-kms-1.11.615.jar:/home/user/.m2/repository/com/amazonaws/jmespath-java/1.11.615/jmespath-java-1.11.615.jar:/home/user/.m2/repository/org/apache/hadoop/hadoop-hdds-tools/0.6.0-SNAPSHOT/hadoop-hdds-tools-0.6.0-SNAPSHOT.jar:/home/user/.m2/repository/commons-cli/commons-cli/1.2/commons-cli-1.2.jar:/home/user/.m2/repository/org/apache/commons/commons-lang3/3.7/commons-lang3-3.7.jar:/home/user/.m2/repository/org/apache/hadoop/hadoop-ozone-ozone-manager/0.6.0-SNAPSHOT/hadoop-ozone-ozone-manager-0.6.0-SNAPSHOT-tests.jar:/home/user/.m2/repository/junit/junit/4.11/junit-4.11.jar:/home/user/.m2/repository/org/hamcrest/hamcrest-core/1.3/hamcrest-core-1.3.jar:/home/user/.m2/repository/org/openjdk/jmh/jmh-core/1.19/jmh-core-1.19.jar:/home/user/.m2/repository/net/sf/jopt-simple/jopt-simple/4.6/jopt-simple-4.6.jar:/home/user/.m2/repository/org/apache/commons/commons-math3/3.1.1/commons-math3-3.1.1.jar:/home/user/.m2/repository/org/openjdk/jmh/jmh-generator-annprocess/1.19/jmh-generator-annprocess-1.19.jar:/home/user/.m2/repository/org/mockito/mockito-all/1.8.5/mockito-all-1.8.5.jar:/home/user/.m2/repository/org/apache/hadoop/hadoop-kms/3.2.1/hadoop-kms-3.2.1.jar:/home/user/.m2/repository/org/apache/hadoop/hadoop-auth/3.2.1/hadoop-auth-3.2.1.jar:/home/user/.m2/repository/com/nimbusds/nimbus-jose-jwt/7.9/nimbus-jose-jwt-7.9.jar:/home/user/.m2/repository/com/github/stephenc/jcip/jcip-annotations/1.0-1/jcip-annotations-1.0-1.jar:/home/user/.m2/repository/net/minidev/json-smart/2.3/json-smart-2.3.jar:/home/user/.m2/repository/net/minidev/accessors-smart/1.2/accessors-smart-1.2.jar:/home/user/.m2/repository/org/ow2/asm/asm/5.0.4/asm-5.0.4.jar:/home/user/.m2/repository/org/apache/zookeeper/zookeeper/3.4.13/zookeeper-3.4.13.jar:/home/user/.m2/repository/org/apache/yetus/audience-annotations/0.5.0/audience-annotations-0.5.0.jar:/home/user/.m2/repository/org/apache/curator/curator-framework/2.13.0/curator-framework-2.13.0.jar:/home/user/.m2/repository/com/sun/jersey/jersey-core/1.19/jersey-core-1.19.jar:/home/user/.m2/repository/javax/ws/rs/jsr311-api/1.1.1/jsr311-api-1.1.1.jar:/home/user/.m2/repository/com/sun/jersey/jersey-server/1.19/jersey-server-1.19.jar:/home/user/.m2/repository/javax/servlet/javax.servlet-api/3.1.0/javax.servlet-api-3.1.0.jar:/home/user/.m2/repository/org/eclipse/jetty/jetty-server/9.4.26.v20200117/jetty-server-9.4.26.v20200117.jar:/home/user/.m2/repository/org/eclipse/jetty/jetty-http/9.4.26.v20200117/jetty-http-9.4.26.v20200117.jar:/home/user/.m2/repository/org/eclipse/jetty/jetty-io/9.4.26.v20200117/jetty-io-9.4.26.v20200117.jar:/home/user/.m2/repository/org/eclipse/jetty/jetty-webapp/9.4.26.v20200117/jetty-webapp-9.4.26.v20200117.jar:/home/user/.m2/repository/org/eclipse/jetty/jetty-xml/9.4.26.v20200117/jetty-xml-9.4.26.v20200117.jar:/home/user/.m2/repository/org/eclipse/jetty/jetty-servlet/9.4.26.v20200117/jetty-servlet-9.4.26.v20200117.jar:/home/user/.m2/repository/org/eclipse/jetty/jetty-security/9.4.26.v20200117/jetty-security-9.4.26.v20200117.jar:/home/user/.m2/repository/org/apache/hadoop/hadoop-common/3.2.1/hadoop-common-3.2.1.jar:/home/user/.m2/repository/commons-net/commons-net/3.6/commons-net-3.6.jar:/home/user/.m2/repository/commons-collections/commons-collections/3.2.2/commons-collections-3.2.2.jar:/home/user/.m2/repository/com/sun/jersey/jersey-servlet/1.19/jersey-servlet-1.19.jar:/home/user/.m2/repository/com/sun/jersey/jersey-json/1.19/jersey-json-1.19.jar:/home/user/.m2/repository/org/codehaus/jettison/jettison/1.1/jettison-1.1.jar:/home/user/.m2/repository/org/codehaus/jackson/jackson-jaxrs/1.9.2/jackson-jaxrs-1.9.2.jar:/home/user/.m2/repository/org/codehaus/jackson/jackson-xc/1.9.2/jackson-xc-1.9.2.jar:/home/user/.m2/repository/commons-beanutils/commons-beanutils/1.9.4/commons-beanutils-1.9.4.jar:/home/user/.m2/repository/org/apache/commons/commons-configuration2/2.1.1/commons-configuration2-2.1.1.jar:/home/user/.m2/repository/org/apache/commons/commons-text/1.4/commons-text-1.4.jar:/home/user/.m2/repository/com/google/re2j/re2j/1.1/re2j-1.1.jar:/home/user/.m2/repository/com/jcraft/jsch/0.1.54/jsch-0.1.54.jar:/home/user/.m2/repository/org/apache/curator/curator-client/2.13.0/curator-client-2.13.0.jar:/home/user/.m2/repository/org/apache/curator/curator-recipes/2.13.0/curator-recipes-2.13.0.jar:/home/user/.m2/repository/dnsjava/dnsjava/2.1.7/dnsjava-2.1.7.jar:/home/user/.m2/repository/org/slf4j/jul-to-slf4j/1.7.25/jul-to-slf4j-1.7.25.jar:/home/user/.m2/repository/org/eclipse/jetty/jetty-util/9.4.26.v20200117/jetty-util-9.4.26.v20200117.jar:/home/user/.m2/repository/com/fasterxml/jackson/core/jackson-databind/2.10.3/jackson-databind-2.10.3.jar:/home/user/.m2/repository/org/apache/hadoop/hadoop-kms/3.2.1/hadoop-kms-3.2.1-tests.jar:/home/user/.m2/repository/org/apache/hadoop/hadoop-hdds-server-scm/0.6.0-SNAPSHOT/hadoop-hdds-server-scm-0.6.0-SNAPSHOT-tests.jar:/home/user/.m2/repository/org/apache/hadoop/hadoop-hdds-container-service/0.6.0-SNAPSHOT/hadoop-hdds-container-service-0.6.0-SNAPSHOT-tests.jar:/home/user/.m2/repository/org/apache/hadoop/hadoop-hdds-common/0.6.0-SNAPSHOT/hadoop-hdds-common-0.6.0-SNAPSHOT-tests.jar:/home/user/.m2/repository/org/yaml/snakeyaml/1.16/snakeyaml-1.16.jar:/home/user/.m2/repository/org/apache/hadoop/hadoop-hdds-hadoop-dependency-test/0.6.0-SNAPSHOT/hadoop-hdds-hadoop-dependency-test-0.6.0-SNAPSHOT.jar:/home/user/.m2/repository/org/apache/hadoop/hadoop-common/3.2.1/hadoop-common-3.2.1-tests.jar:/home/user/.m2/repository/javax/servlet/jsp/jsp-api/2.1/jsp-api-2.1.jar:/home/user/.m2/repository/org/apache/hadoop/hadoop-hdfs/3.2.1/hadoop-hdfs-3.2.1-tests.jar:/home/user/.m2/repository/org/eclipse/jetty/jetty-util-ajax/9.4.26.v20200117/jetty-util-ajax-9.4.26.v20200117.jar:/home/user/.m2/repository/commons-codec/commons-codec/1.11/commons-codec-1.11.jar:/home/user/.m2/repository/commons-daemon/commons-daemon/1.0.13/commons-daemon-1.0.13.jar:/home/user/.m2/repository/io/netty/netty/3.10.5.Final/netty-3.10.5.Final.jar:/home/user/.m2/repository/io/netty/netty-all/4.1.48.Final/netty-all-4.1.48.Final.jar:/home/user/.m2/repository/org/apache/htrace/htrace-core4/4.1.0-incubating/htrace-core4-4.1.0-incubating.jar:/home/user/.m2/repository/org/fusesource/leveldbjni/leveldbjni-all/1.8/leveldbjni-all-1.8.jar:/home/user/.m2/repository/org/apache/hadoop/hadoop-distcp/3.2.1/hadoop-distcp-3.2.1.jar:/home/user/.m2/repository/org/apache/hadoop/hadoop-mapreduce-client-jobclient/3.2.1/hadoop-mapreduce-client-jobclient-3.2.1.jar:/home/user/.m2/repository/org/apache/hadoop/hadoop-mapreduce-client-common/3.2.1/hadoop-mapreduce-client-common-3.2.1.jar:/home/user/.m2/repository/org/apache/hadoop/hadoop-yarn-common/3.2.1/hadoop-yarn-common-3.2.1.jar:/home/user/.m2/repository/org/apache/hadoop/hadoop-yarn-api/3.2.1/hadoop-yarn-api-3.2.1.jar:/home/user/.m2/repository/com/sun/jersey/jersey-client/1.19/jersey-client-1.19.jar:/home/user/.m2/repository/com/sun/jersey/contribs/jersey-guice/1.19/jersey-guice-1.19.jar:/home/user/.m2/repository/com/fasterxml/jackson/jaxrs/jackson-jaxrs-json-provider/2.10.3/jackson-jaxrs-json-provider-2.10.3.jar:/home/user/.m2/repository/com/fasterxml/jackson/jaxrs/jackson-jaxrs-base/2.10.3/jackson-jaxrs-base-2.10.3.jar:/home/user/.m2/repository/org/apache/hadoop/hadoop-yarn-client/3.2.1/hadoop-yarn-client-3.2.1.jar:/home/user/.m2/repository/org/apache/hadoop/hadoop-mapreduce-client-core/3.2.1/hadoop-mapreduce-client-core-3.2.1.jar:/home/user/.m2/repository/org/apache/avro/avro/1.7.7/avro-1.7.7.jar:/home/user/.m2/repository/org/codehaus/jackson/jackson-core-asl/1.9.13/jackson-core-asl-1.9.13.jar:/home/user/.m2/repository/org/codehaus/jackson/jackson-mapper-asl/1.9.13/jackson-mapper-asl-1.9.13.jar:/home/user/.m2/repository/com/thoughtworks/paranamer/paranamer/2.3/paranamer-2.3.jar:/home/user/.m2/repository/org/xerial/snappy/snappy-java/1.0.5/snappy-java-1.0.5.jar:/home/user/.m2/repository/org/apache/hadoop/hadoop-annotations/3.2.1/hadoop-annotations-3.2.1.jar:/usr/lib/jvm/java-1.8.0-openjdk-1.8.0.232.b09-0.el7_7.x86_64/jre/../lib/tools.jar:/home/user/.m2/repository/org/apache/hadoop/hadoop-distcp/3.2.1/hadoop-distcp-3.2.1-tests.jar:"/>
    <property name="sun.cpu.endian" value="little"/>
    <property name="user.home" value="/home/user"/>
    <property name="user.language" value="en"/>
    <property name="java.specification.vendor" value="Oracle Corporation"/>
    <property name="java.home" value="/usr/lib/jvm/java-1.8.0-openjdk-1.8.0.232.b09-0.el7_7.x86_64/jre"/>
    <property name="java.security.krb5.conf" value="/github/workspace/mnt/ozone/hadoop-ozone/integration-test/target/test-classes/krb5.conf"/>
    <property name="basedir" value="/github/workspace/mnt/ozone/hadoop-ozone/integration-test"/>
    <property name="file.separator" value="/"/>
    <property name="line.separator" value="&#10;"/>
    <property name="java.vm.specification.vendor" value="Oracle Corporation"/>
    <property name="java.specification.name" value="Java Platform API Specification"/>
    <property name="java.awt.graphicsenv" value="sun.awt.X11GraphicsEnvironment"/>
    <property name="skip.installnpx" value="true"/>
    <property name="surefire.real.class.path" value="/github/workspace/mnt/ozone/hadoop-ozone/integration-test/target/surefire/surefirebooter7203737075394569381.jar:/home/user/.m2/repository/org/jacoco/org.jacoco.agent/0.8.5/org.jacoco.agent-0.8.5-runtime.jar"/>
    <property name="hadoop.log.dir" value="/github/workspace/mnt/ozone/hadoop-ozone/integration-test/target/log"/>
    <property name="sun.boot.class.path" value="/usr/lib/jvm/java-1.8.0-openjdk-1.8.0.232.b09-0.el7_7.x86_64/jre/lib/resources.jar:/usr/lib/jvm/java-1.8.0-openjdk-1.8.0.232.b09-0.el7_7.x86_64/jre/lib/rt.jar:/usr/lib/jvm/java-1.8.0-openjdk-1.8.0.232.b09-0.el7_7.x86_64/jre/lib/sunrsasign.jar:/usr/lib/jvm/java-1.8.0-openjdk-1.8.0.232.b09-0.el7_7.x86_64/jre/lib/jsse.jar:/usr/lib/jvm/java-1.8.0-openjdk-1.8.0.232.b09-0.el7_7.x86_64/jre/lib/jce.jar:/usr/lib/jvm/java-1.8.0-openjdk-1.8.0.232.b09-0.el7_7.x86_64/jre/lib/charsets.jar:/usr/lib/jvm/java-1.8.0-openjdk-1.8.0.232.b09-0.el7_7.x86_64/jre/lib/jfr.jar:/usr/lib/jvm/java-1.8.0-openjdk-1.8.0.232.b09-0.el7_7.x86_64/jre/classes"/>
    <property name="sun.management.compiler" value="HotSpot 64-Bit Tiered Compilers"/>
    <property name="skip.npx" value="true"/>
    <property name="java.runtime.version" value="1.8.0_232-b09"/>
    <property name="java.net.preferIPv4Stack" value="true"/>
    <property name="user.name" value="jenkins1001"/>
    <property name="path.separator" value=":"/>
    <property name="java.security.egd" value="file:///dev/urandom"/>
    <property name="os.version" value="5.3.0-1028-azure"/>
    <property name="java.endorsed.dirs" value="/usr/lib/jvm/java-1.8.0-openjdk-1.8.0.232.b09-0.el7_7.x86_64/jre/lib/endorsed"/>
    <property name="java.runtime.name" value="OpenJDK Runtime Environment"/>
    <property name="file.encoding" value="ANSI_X3.4-1968"/>
    <property name="java.vm.name" value="OpenJDK 64-Bit Server VM"/>
    <property name="test.build.webapps" value=""/>
    <property name="localRepository" value="/home/user/.m2/repository"/>
    <property name="java.vendor.url.bug" value="http://bugreport.sun.com/bugreport/"/>
    <property name="java.io.tmpdir" value="/tmp"/>
    <property name="require.test.libhadoop" value=""/>
    <property name="java.version" value="1.8.0_232"/>
    <property name="user.dir" value="/github/workspace/mnt/ozone/hadoop-ozone/integration-test"/>
    <property name="os.arch" value="amd64"/>
    <property name="java.vm.specification.name" value="Java Virtual Machine Specification"/>
    <property name="test.build.classes" value="/github/workspace/mnt/ozone/hadoop-ozone/integration-test/target/test-classes"/>
    <property name="java.awt.printerjob" value="sun.print.PSPrinterJob"/>
    <property name="sun.os.patch.level" value="unknown"/>
    <property name="hadoop.tmp.dir" value="/github/workspace/mnt/ozone/hadoop-ozone/integration-test/target/tmp"/>
    <property name="java.library.path" value="/usr/lib:/usr/java/packages/lib/amd64:/usr/lib64:/lib64:/lib:/usr/lib"/>
    <property name="java.vm.info" value="mixed mode"/>
    <property name="java.vendor" value="Oracle Corporation"/>
    <property name="java.vm.version" value="25.232-b09"/>
    <property name="java.ext.dirs" value="/usr/lib/jvm/java-1.8.0-openjdk-1.8.0.232.b09-0.el7_7.x86_64/jre/lib/ext:/usr/java/packages/lib/ext"/>
    <property name="sun.io.unicode.encoding" value="UnicodeLittle"/>
    <property name="java.class.version" value="52.0"/>
  </properties>
  <testcase name="testWatchForCommitWithKeyWrite" classname="org.apache.hadoop.ozone.client.rpc.TestWatchForCommit" time="71.325"/>
  <testcase name="testWatchForCommitForRetryfailure" classname="org.apache.hadoop.ozone.client.rpc.TestWatchForCommit" time="70.108"/>
  <testcase name="testWatchForCommitForGroupMismatchException" classname="org.apache.hadoop.ozone.client.rpc.TestWatchForCommit" time="38.569"/>
  <testcase name="test2WayCommitForTimeoutException" classname="org.apache.hadoop.ozone.client.rpc.TestWatchForCommit" time="38.425">
    <error message="a2bafefd-dd5c-4b30-b732-4244b0e7007a: group-DC6395955895 not found." type="org.apache.ratis.protocol.GroupMismatchException">org.apache.ratis.protocol.GroupMismatchException: a2bafefd-dd5c-4b30-b732-4244b0e7007a: group-DC6395955895 not found.
	at org.apache.ratis.server.impl.RaftServerProxy$ImplMap.get(RaftServerProxy.java:127)
	at org.apache.ratis.server.impl.RaftServerProxy.getImplFuture(RaftServerProxy.java:274)
	at org.apache.ratis.server.impl.RaftServerProxy.getImpl(RaftServerProxy.java:283)
	at org.apache.hadoop.ozone.container.ContainerTestHelper.getRaftServerImpl(ContainerTestHelper.java:593)
	at org.apache.hadoop.ozone.container.ContainerTestHelper.isRatisFollower(ContainerTestHelper.java:608)
	at org.apache.hadoop.ozone.client.rpc.TestWatchForCommit.test2WayCommitForTimeoutException(TestWatchForCommit.java:303)
	at sun.reflect.NativeMethodAccessorImpl.invoke0(Native Method)
	at sun.reflect.NativeMethodAccessorImpl.invoke(NativeMethodAccessorImpl.java:62)
	at sun.reflect.DelegatingMethodAccessorImpl.invoke(DelegatingMethodAccessorImpl.java:43)
	at java.lang.reflect.Method.invoke(Method.java:498)
	at org.junit.runners.model.FrameworkMethod$1.runReflectiveCall(FrameworkMethod.java:47)
	at org.junit.internal.runners.model.ReflectiveCallable.run(ReflectiveCallable.java:12)
	at org.junit.runners.model.FrameworkMethod.invokeExplosively(FrameworkMethod.java:44)
	at org.junit.internal.runners.statements.InvokeMethod.evaluate(InvokeMethod.java:17)
	at org.junit.internal.runners.statements.RunBefores.evaluate(RunBefores.java:26)
	at org.junit.internal.runners.statements.RunAfters.evaluate(RunAfters.java:27)
	at org.junit.runners.ParentRunner.runLeaf(ParentRunner.java:271)
	at org.junit.runners.BlockJUnit4ClassRunner.runChild(BlockJUnit4ClassRunner.java:70)
	at org.junit.runners.BlockJUnit4ClassRunner.runChild(BlockJUnit4ClassRunner.java:50)
	at org.junit.runners.ParentRunner$3.run(ParentRunner.java:238)
	at org.junit.runners.ParentRunner$1.schedule(ParentRunner.java:63)
	at org.junit.runners.ParentRunner.runChildren(ParentRunner.java:236)
	at org.junit.runners.ParentRunner.access$000(ParentRunner.java:53)
	at org.junit.runners.ParentRunner$2.evaluate(ParentRunner.java:229)
	at org.junit.runners.ParentRunner.run(ParentRunner.java:309)
	at org.apache.maven.surefire.junit4.JUnit4Provider.execute(JUnit4Provider.java:365)
	at org.apache.maven.surefire.junit4.JUnit4Provider.executeWithRerun(JUnit4Provider.java:273)
	at org.apache.maven.surefire.junit4.JUnit4Provider.executeTestSet(JUnit4Provider.java:238)
	at org.apache.maven.surefire.junit4.JUnit4Provider.invoke(JUnit4Provider.java:159)
	at org.apache.maven.surefire.booter.ForkedBooter.invokeProviderInSameClassLoader(ForkedBooter.java:384)
	at org.apache.maven.surefire.booter.ForkedBooter.runSuitesInProcess(ForkedBooter.java:345)
	at org.apache.maven.surefire.booter.ForkedBooter.execute(ForkedBooter.java:126)
	at org.apache.maven.surefire.booter.ForkedBooter.main(ForkedBooter.java:418)
</error>
    <system-out><![CDATA[2020-06-27 13:09:54,226 [Listener at 127.0.0.1/45335] WARN  server.ServerUtils (ServerUtils.java:getScmDbDir(148)) - ozone.scm.db.dirs is not configured. We recommend adding this setting. Falling back to ozone.metadata.dirs instead.
2020-06-27 13:09:54,228 [Listener at 127.0.0.1/45335] WARN  server.ServerUtils (ServerUtils.java:getScmDbDir(148)) - ozone.scm.db.dirs is not configured. We recommend adding this setting. Falling back to ozone.metadata.dirs instead.
2020-06-27 13:09:54,229 [Listener at 127.0.0.1/45335] WARN  db.DBStoreBuilder (DBStoreBuilder.java:createDBStoreBuilder(277)) - ozone.scm.db.dirs is not configured. We recommend adding this setting. Falling back to ozone.metadata.dirs instead.
2020-06-27 13:09:54,263 [Listener at 127.0.0.1/45335] INFO  net.NodeSchemaLoader (NodeSchemaLoader.java:loadSchemaFromFile(126)) - Loading file from sun.misc.CompoundEnumeration@621508de
2020-06-27 13:09:54,263 [Listener at 127.0.0.1/45335] INFO  net.NodeSchemaLoader (NodeSchemaLoader.java:loadSchema(172)) - Loading network topology layer schema file
2020-06-27 13:09:54,266 [Listener at 127.0.0.1/45335] INFO  node.SCMNodeManager (SCMNodeManager.java:<init>(116)) - Entering startup safe mode.
2020-06-27 13:09:54,266 [Listener at 127.0.0.1/45335] INFO  algorithms.ContainerPlacementPolicyFactory (ContainerPlacementPolicyFactory.java:getPolicy(60)) - Create container placement policy of type org.apache.hadoop.hdds.scm.container.placement.algorithms.SCMContainerPlacementRandom
2020-06-27 13:09:54,267 [Listener at 127.0.0.1/45335] INFO  pipeline.SCMPipelineManager (SCMPipelineManager.java:initializePipelineState(158)) - No pipeline exists in current db
2020-06-27 13:09:54,268 [Listener at 127.0.0.1/45335] INFO  safemode.HealthyPipelineSafeModeRule (HealthyPipelineSafeModeRule.java:<init>(89)) - Total pipeline count is 0, healthy pipeline threshold count is 0
2020-06-27 13:09:54,268 [Listener at 127.0.0.1/45335] INFO  safemode.OneReplicaPipelineSafeModeRule (OneReplicaPipelineSafeModeRule.java:<init>(79)) - Total pipeline count is 0, pipeline's with at least one datanode reported threshold count is 0
2020-06-27 13:09:54,273 [Listener at 127.0.0.1/45335] INFO  ipc.CallQueueManager (CallQueueManager.java:<init>(84)) - Using callQueue: class java.util.concurrent.LinkedBlockingQueue, queueCapacity: 2000, scheduler: class org.apache.hadoop.ipc.DefaultRpcScheduler, ipcBackoff: false.
2020-06-27 13:09:54,273 [RatisPipelineUtilsThread] ERROR pipeline.SCMPipelineManager (SCMPipelineManager.java:createPipeline(222)) - Failed to create pipeline of type RATIS and factor ONE. Exception: Cannot create pipeline of factor 1 using 0 nodes. Used 0 nodes. Healthy nodes 0
2020-06-27 13:09:54,274 [Socket Reader #1 for port 0] INFO  ipc.Server (Server.java:run(1219)) - Starting Socket Reader #1 for port 0
2020-06-27 13:09:54,274 [Listener at 0.0.0.0/39547] INFO  ipc.CallQueueManager (CallQueueManager.java:<init>(84)) - Using callQueue: class java.util.concurrent.LinkedBlockingQueue, queueCapacity: 2000, scheduler: class org.apache.hadoop.ipc.DefaultRpcScheduler, ipcBackoff: false.
2020-06-27 13:09:54,275 [Socket Reader #1 for port 0] INFO  ipc.Server (Server.java:run(1219)) - Starting Socket Reader #1 for port 0
2020-06-27 13:09:54,276 [Listener at 0.0.0.0/37865] INFO  ipc.CallQueueManager (CallQueueManager.java:<init>(84)) - Using callQueue: class java.util.concurrent.LinkedBlockingQueue, queueCapacity: 2000, scheduler: class org.apache.hadoop.ipc.DefaultRpcScheduler, ipcBackoff: false.
2020-06-27 13:09:54,277 [Socket Reader #1 for port 0] INFO  ipc.Server (Server.java:run(1219)) - Starting Socket Reader #1 for port 0
2020-06-27 13:09:54,282 [Listener at 0.0.0.0/34845] INFO  http.BaseHttpServer (BaseHttpServer.java:newHttpServer2BuilderForOzone(207)) - Starting Web-server for scm at: http://0.0.0.0:0
2020-06-27 13:09:54,283 [Listener at 0.0.0.0/34845] INFO  http.BaseHttpServer (BaseHttpServer.java:<init>(106)) - Hadoop Security Enabled: false Ozone Security Enabled: false Ozone HTTP Security Enabled: false 
2020-06-27 13:09:54,284 [Listener at 0.0.0.0/34845] INFO  server.AuthenticationFilter (AuthenticationFilter.java:constructSecretProvider(240)) - Unable to initialize FileSignerSecretProvider, falling back to use random secrets.
2020-06-27 13:09:54,284 [Listener at 0.0.0.0/34845] WARN  http.HttpRequestLog (HttpRequestLog.java:getRequestLog(103)) - Jetty request log can only be enabled using Log4j
2020-06-27 13:09:54,285 [Listener at 0.0.0.0/34845] INFO  http.HttpServer2 (HttpServer2.java:addGlobalFilter(997)) - Added global filter 'safety' (class=org.apache.hadoop.hdds.server.http.HttpServer2$QuotingInputFilter)
2020-06-27 13:09:54,285 [Listener at 0.0.0.0/34845] INFO  http.HttpServer2 (HttpServer2.java:addFilter(973)) - Added filter static_user_filter (class=org.apache.hadoop.http.lib.StaticUserWebFilter$StaticUserFilter) to context scm
2020-06-27 13:09:54,285 [Listener at 0.0.0.0/34845] INFO  http.HttpServer2 (HttpServer2.java:addFilter(981)) - Added filter static_user_filter (class=org.apache.hadoop.http.lib.StaticUserWebFilter$StaticUserFilter) to context logs
2020-06-27 13:09:54,286 [Listener at 0.0.0.0/34845] INFO  http.HttpServer2 (HttpServer2.java:addFilter(981)) - Added filter static_user_filter (class=org.apache.hadoop.http.lib.StaticUserWebFilter$StaticUserFilter) to context static
2020-06-27 13:09:54,287 [Listener at 0.0.0.0/34845] INFO  server.StorageContainerManager (StorageContainerManager.java:start(782)) - StorageContainerLocationProtocol RPC server is listening at /0.0.0.0:34845
2020-06-27 13:09:54,289 [Listener at 0.0.0.0/34845] WARN  impl.MetricsConfig (MetricsConfig.java:loadFirst(134)) - Cannot locate configuration: tried hadoop-metrics2-storagecontainermanager.properties,hadoop-metrics2.properties
2020-06-27 13:09:54,290 [Listener at 0.0.0.0/34845] INFO  impl.MetricsSystemImpl (MetricsSystemImpl.java:startTimer(374)) - Scheduled Metric snapshot period at 10 second(s).
2020-06-27 13:09:54,290 [Listener at 0.0.0.0/34845] INFO  impl.MetricsSystemImpl (MetricsSystemImpl.java:start(191)) - StorageContainerManager metrics system started
2020-06-27 13:09:54,317 [Listener at 0.0.0.0/34845] WARN  impl.MetricsSystemImpl (MetricsSystemImpl.java:register(276)) - Sink prometheus already exists!
2020-06-27 13:09:54,330 [Listener at 0.0.0.0/34845] INFO  server.SCMClientProtocolServer (SCMClientProtocolServer.java:start(156)) - RPC server for Client  is listening at /0.0.0.0:34845
2020-06-27 13:09:54,331 [IPC Server Responder] INFO  ipc.Server (Server.java:run(1460)) - IPC Server Responder: starting
2020-06-27 13:09:54,331 [IPC Server listener on 0] INFO  ipc.Server (Server.java:run(1298)) - IPC Server listener on 0: starting
2020-06-27 13:09:54,340 [Listener at 0.0.0.0/34845] INFO  server.StorageContainerManager (StorageContainerManager.java:start(794)) - ScmBlockLocationProtocol RPC server is listening at /0.0.0.0:37865
2020-06-27 13:09:54,340 [Listener at 0.0.0.0/34845] INFO  server.SCMBlockProtocolServer (SCMBlockProtocolServer.java:start(149)) - RPC server for Block Protocol is listening at /0.0.0.0:37865
2020-06-27 13:09:54,341 [IPC Server Responder] INFO  ipc.Server (Server.java:run(1460)) - IPC Server Responder: starting
2020-06-27 13:09:54,342 [IPC Server listener on 0] INFO  ipc.Server (Server.java:run(1298)) - IPC Server listener on 0: starting
2020-06-27 13:09:54,344 [Listener at 0.0.0.0/34845] INFO  server.StorageContainerManager (StorageContainerManager.java:start(800)) - ScmDatanodeProtocl RPC server is listening at /0.0.0.0:39547
2020-06-27 13:09:54,344 [Listener at 0.0.0.0/34845] INFO  server.SCMDatanodeProtocolServer (SCMDatanodeProtocolServer.java:start(172)) - RPC server for DataNodes is listening at /0.0.0.0:39547
2020-06-27 13:09:54,345 [IPC Server Responder] INFO  ipc.Server (Server.java:run(1460)) - IPC Server Responder: starting
2020-06-27 13:09:54,345 [IPC Server listener on 0] INFO  ipc.Server (Server.java:run(1298)) - IPC Server listener on 0: starting
2020-06-27 13:09:54,349 [Listener at 0.0.0.0/34845] INFO  http.HttpServer2 (HttpServer2.java:bindListener(1215)) - Jetty bound to port 39391
2020-06-27 13:09:54,349 [Listener at 0.0.0.0/34845] INFO  server.Server (Server.java:doStart(359)) - jetty-9.4.26.v20200117; built: 2020-01-17T12:35:33.676Z; git: 7b38981d25d14afb4a12ff1f2596756144edf695; jvm 1.8.0_232-b09
2020-06-27 13:09:54,353 [Listener at 0.0.0.0/34845] INFO  server.session (DefaultSessionIdManager.java:doStart(333)) - DefaultSessionIdManager workerName=node0
2020-06-27 13:09:54,353 [Listener at 0.0.0.0/34845] INFO  server.session (DefaultSessionIdManager.java:doStart(338)) - No SessionScavenger set, using defaults
2020-06-27 13:09:54,353 [Listener at 0.0.0.0/34845] INFO  server.session (HouseKeeper.java:startScavenging(140)) - node0 Scavenging every 600000ms
2020-06-27 13:09:54,354 [Listener at 0.0.0.0/34845] INFO  handler.ContextHandler (ContextHandler.java:doStart(825)) - Started o.e.j.s.ServletContextHandler@21e67d8d{logs,/logs,file:///github/workspace/mnt/ozone/hadoop-ozone/integration-test/target/log,AVAILABLE}
2020-06-27 13:09:54,355 [Listener at 0.0.0.0/34845] INFO  handler.ContextHandler (ContextHandler.java:doStart(825)) - Started o.e.j.s.ServletContextHandler@3026d4cd{static,/static,file:///github/workspace/mnt/ozone/hadoop-ozone/integration-test/target/test-classes/webapps/static,AVAILABLE}
2020-06-27 13:09:54,361 [Listener at 0.0.0.0/34845] INFO  handler.ContextHandler (ContextHandler.java:doStart(825)) - Started o.e.j.w.WebAppContext@78999117{scm,/,file:///github/workspace/mnt/ozone/hadoop-ozone/integration-test/target/test-classes/webapps/scm/,AVAILABLE}{file:/github/workspace/mnt/ozone/hadoop-ozone/integration-test/target/test-classes/webapps/scm}
2020-06-27 13:09:54,363 [Listener at 0.0.0.0/34845] INFO  server.AbstractConnector (AbstractConnector.java:doStart(330)) - Started ServerConnector@271e8be8{HTTP/1.1,[http/1.1]}{0.0.0.0:39391}
2020-06-27 13:09:54,363 [Listener at 0.0.0.0/34845] INFO  server.Server (Server.java:doStart(399)) - Started @180985ms
2020-06-27 13:09:54,363 [Listener at 0.0.0.0/34845] WARN  impl.MetricsSystemImpl (MetricsSystemImpl.java:register(276)) - Sink prometheus already exists!
2020-06-27 13:09:54,366 [Listener at 0.0.0.0/34845] INFO  http.BaseHttpServer (BaseHttpServer.java:updateConnectorAddress(327)) - HTTP server of scm listening at http://0.0.0.0:39391
2020-06-27 13:09:54,366 [Listener at 0.0.0.0/34845] WARN  server.ServerUtils (ServerUtils.java:getDBPath(225)) - ozone.om.db.dirs is not configured. We recommend adding this setting. Falling back to ozone.metadata.dirs instead.
2020-06-27 13:09:54,371 [Listener at 0.0.0.0/34845] INFO  ha.OMHANodeDetails (OMHANodeDetails.java:loadOMHAConfig(104)) - ozone.om.internal.service.id is not defined, falling back to ozone.om.service.ids to find serviceID for OzoneManager if it is HA enabled cluster
2020-06-27 13:09:54,371 [Listener at 0.0.0.0/34845] INFO  ha.OMHANodeDetails (OMHANodeDetails.java:loadOMHAConfig(213)) - Configuration either no ozone.om.address set. Falling back to the default OM address /127.0.0.1:0
2020-06-27 13:09:54,371 [Listener at 0.0.0.0/34845] INFO  ha.OMHANodeDetails (OMHANodeDetails.java:getOMNodeDetails(241)) - OM Service ID is not set. Setting it to the default ID: omServiceIdDefault
2020-06-27 13:09:54,371 [Listener at 0.0.0.0/34845] WARN  server.ServerUtils (ServerUtils.java:getDBPath(225)) - ozone.om.db.dirs is not configured. We recommend adding this setting. Falling back to ozone.metadata.dirs instead.
2020-06-27 13:09:54,371 [Listener at 0.0.0.0/34845] WARN  server.ServerUtils (ServerUtils.java:getDBPath(225)) - ozone.om.db.dirs is not configured. We recommend adding this setting. Falling back to ozone.metadata.dirs instead.
2020-06-27 13:09:54,374 [org.apache.hadoop.util.JvmPauseMonitor$Monitor@42caaae4] INFO  util.JvmPauseMonitor (JvmPauseMonitor.java:run(188)) - Starting JVM pause monitor
2020-06-27 13:09:54,381 [Listener at 0.0.0.0/34845] WARN  server.ServerUtils (ServerUtils.java:getDBPath(225)) - ozone.om.db.dirs is not configured. We recommend adding this setting. Falling back to ozone.metadata.dirs instead.
2020-06-27 13:09:54,432 [Listener at 0.0.0.0/34845] INFO  ipc.CallQueueManager (CallQueueManager.java:<init>(84)) - Using callQueue: class java.util.concurrent.LinkedBlockingQueue, queueCapacity: 2000, scheduler: class org.apache.hadoop.ipc.DefaultRpcScheduler, ipcBackoff: false.
2020-06-27 13:09:54,432 [Socket Reader #1 for port 0] INFO  ipc.Server (Server.java:run(1219)) - Starting Socket Reader #1 for port 0
2020-06-27 13:09:54,448 [Listener at 127.0.0.1/42033] INFO  impl.MetricsSystemImpl (MetricsSystemImpl.java:init(158)) - OzoneManager metrics system started (again)
2020-06-27 13:09:54,450 [Listener at 127.0.0.1/42033] INFO  om.OzoneManager (OzoneManager.java:start(1083)) - OzoneManager RPC server is listening at localhost/127.0.0.1:42033
2020-06-27 13:09:54,451 [IPC Server Responder] INFO  ipc.Server (Server.java:run(1460)) - IPC Server Responder: starting
2020-06-27 13:09:54,455 [IPC Server listener on 0] INFO  ipc.Server (Server.java:run(1298)) - IPC Server listener on 0: starting
2020-06-27 13:09:54,463 [Listener at 127.0.0.1/42033] INFO  http.BaseHttpServer (BaseHttpServer.java:newHttpServer2BuilderForOzone(207)) - Starting Web-server for ozoneManager at: http://0.0.0.0:0
2020-06-27 13:09:54,463 [Listener at 127.0.0.1/42033] INFO  http.BaseHttpServer (BaseHttpServer.java:<init>(106)) - Hadoop Security Enabled: false Ozone Security Enabled: false Ozone HTTP Security Enabled: false 
2020-06-27 13:09:54,464 [Listener at 127.0.0.1/42033] INFO  server.AuthenticationFilter (AuthenticationFilter.java:constructSecretProvider(240)) - Unable to initialize FileSignerSecretProvider, falling back to use random secrets.
2020-06-27 13:09:54,465 [Listener at 127.0.0.1/42033] WARN  http.HttpRequestLog (HttpRequestLog.java:getRequestLog(103)) - Jetty request log can only be enabled using Log4j
2020-06-27 13:09:54,465 [Listener at 127.0.0.1/42033] INFO  http.HttpServer2 (HttpServer2.java:addGlobalFilter(997)) - Added global filter 'safety' (class=org.apache.hadoop.hdds.server.http.HttpServer2$QuotingInputFilter)
2020-06-27 13:09:54,466 [Listener at 127.0.0.1/42033] INFO  http.HttpServer2 (HttpServer2.java:addFilter(973)) - Added filter static_user_filter (class=org.apache.hadoop.http.lib.StaticUserWebFilter$StaticUserFilter) to context ozoneManager
2020-06-27 13:09:54,466 [Listener at 127.0.0.1/42033] INFO  http.HttpServer2 (HttpServer2.java:addFilter(981)) - Added filter static_user_filter (class=org.apache.hadoop.http.lib.StaticUserWebFilter$StaticUserFilter) to context static
2020-06-27 13:09:54,466 [Listener at 127.0.0.1/42033] INFO  http.HttpServer2 (HttpServer2.java:addFilter(981)) - Added filter static_user_filter (class=org.apache.hadoop.http.lib.StaticUserWebFilter$StaticUserFilter) to context logs
2020-06-27 13:09:54,466 [Listener at 127.0.0.1/42033] INFO  http.HttpServer2 (HttpServer2.java:bindListener(1215)) - Jetty bound to port 43319
2020-06-27 13:09:54,467 [Listener at 127.0.0.1/42033] INFO  server.Server (Server.java:doStart(359)) - jetty-9.4.26.v20200117; built: 2020-01-17T12:35:33.676Z; git: 7b38981d25d14afb4a12ff1f2596756144edf695; jvm 1.8.0_232-b09
2020-06-27 13:09:54,468 [Listener at 127.0.0.1/42033] INFO  server.session (DefaultSessionIdManager.java:doStart(333)) - DefaultSessionIdManager workerName=node0
2020-06-27 13:09:54,468 [Listener at 127.0.0.1/42033] INFO  server.session (DefaultSessionIdManager.java:doStart(338)) - No SessionScavenger set, using defaults
2020-06-27 13:09:54,468 [Listener at 127.0.0.1/42033] INFO  server.session (HouseKeeper.java:startScavenging(140)) - node0 Scavenging every 660000ms
2020-06-27 13:09:54,469 [Listener at 127.0.0.1/42033] INFO  handler.ContextHandler (ContextHandler.java:doStart(825)) - Started o.e.j.s.ServletContextHandler@be60fad{logs,/logs,file:///github/workspace/mnt/ozone/hadoop-ozone/integration-test/target/log,AVAILABLE}
2020-06-27 13:09:54,469 [Listener at 127.0.0.1/42033] INFO  handler.ContextHandler (ContextHandler.java:doStart(825)) - Started o.e.j.s.ServletContextHandler@2591343{static,/static,file:///github/workspace/mnt/ozone/hadoop-ozone/integration-test/target/test-classes/webapps/static,AVAILABLE}
2020-06-27 13:09:54,472 [Listener at 127.0.0.1/42033] INFO  handler.ContextHandler (ContextHandler.java:doStart(825)) - Started o.e.j.w.WebAppContext@52ac7989{ozoneManager,/,file:///github/workspace/mnt/ozone/hadoop-ozone/integration-test/target/test-classes/webapps/ozoneManager/,AVAILABLE}{file:/github/workspace/mnt/ozone/hadoop-ozone/integration-test/target/test-classes/webapps/ozoneManager}
2020-06-27 13:09:54,472 [Listener at 127.0.0.1/42033] INFO  server.AbstractConnector (AbstractConnector.java:doStart(330)) - Started ServerConnector@f4903ac{HTTP/1.1,[http/1.1]}{0.0.0.0:43319}
2020-06-27 13:09:54,472 [Listener at 127.0.0.1/42033] INFO  server.Server (Server.java:doStart(399)) - Started @181094ms
2020-06-27 13:09:54,473 [Listener at 127.0.0.1/42033] WARN  impl.MetricsSystemImpl (MetricsSystemImpl.java:register(276)) - Sink prometheus already exists!
2020-06-27 13:09:54,475 [Listener at 127.0.0.1/42033] INFO  http.BaseHttpServer (BaseHttpServer.java:updateConnectorAddress(327)) - HTTP server of ozoneManager listening at http://0.0.0.0:43319
2020-06-27 13:09:54,476 [org.apache.hadoop.util.JvmPauseMonitor$Monitor@1b7f7b6e] INFO  util.JvmPauseMonitor (JvmPauseMonitor.java:run(188)) - Starting JVM pause monitor
2020-06-27 13:09:54,492 [Listener at 127.0.0.1/42033] INFO  impl.MetricsSystemImpl (MetricsSystemImpl.java:init(158)) - HddsDatanode metrics system started (again)
2020-06-27 13:09:54,493 [Listener at 127.0.0.1/42033] INFO  ozone.HddsDatanodeService (HddsDatanodeService.java:start(197)) - HddsDatanodeService host:8c26f3e475a5 ip:172.17.0.2
2020-06-27 13:09:54,495 [Listener at 127.0.0.1/42033] INFO  volume.HddsVolume (HddsVolume.java:<init>(176)) - Creating Volume: /github/workspace/mnt/ozone/hadoop-ozone/integration-test/target/test-dir/MiniOzoneClusterImpl-be392bf5-6f5b-448a-8365-d7ab1effc2dc/datanode-0/data-0/containers/hdds of storage type : DISK and capacity : 9223372036854775807
2020-06-27 13:09:54,495 [Listener at 127.0.0.1/42033] INFO  volume.MutableVolumeSet (MutableVolumeSet.java:initializeVolumeSet(181)) - Added Volume : /github/workspace/mnt/ozone/hadoop-ozone/integration-test/target/test-dir/MiniOzoneClusterImpl-be392bf5-6f5b-448a-8365-d7ab1effc2dc/datanode-0/data-0/containers/hdds to VolumeSet
2020-06-27 13:09:54,496 [Listener at 127.0.0.1/42033] INFO  volume.ThrottledAsyncChecker (ThrottledAsyncChecker.java:schedule(141)) - Scheduling a check for /github/workspace/mnt/ozone/hadoop-ozone/integration-test/target/test-dir/MiniOzoneClusterImpl-be392bf5-6f5b-448a-8365-d7ab1effc2dc/datanode-0/data-0/containers/hdds
2020-06-27 13:09:54,502 [Listener at 127.0.0.1/42033] INFO  volume.HddsVolumeChecker (HddsVolumeChecker.java:checkAllVolumes(200)) - Scheduled health check for volume /github/workspace/mnt/ozone/hadoop-ozone/integration-test/target/test-dir/MiniOzoneClusterImpl-be392bf5-6f5b-448a-8365-d7ab1effc2dc/datanode-0/data-0/containers/hdds
2020-06-27 13:09:54,517 [Listener at 127.0.0.1/42033] INFO  impl.RaftServerProxy (ConfUtils.java:logGet(44)) - raft.rpc.type = GRPC (default)
2020-06-27 13:09:54,517 [Listener at 127.0.0.1/42033] INFO  grpc.GrpcFactory (GrpcFactory.java:checkPooledByteBufAllocatorUseCacheForAllThreads(45)) - PERFORMANCE WARNING: useCacheForAllThreads is true that may cause Netty to create a lot garbage objects and, as a result, trigger GC.
	It is recommended to disable useCacheForAllThreads by setting -Dorg.apache.ratis.thirdparty.io.netty.allocator.useCacheForAllThreads=false in command line.
2020-06-27 13:09:54,517 [Listener at 127.0.0.1/42033] INFO  grpc.GrpcConfigKeys (ConfUtils.java:logGet(44)) - raft.grpc.server.port = 0 (default)
2020-06-27 13:09:54,517 [Listener at 127.0.0.1/42033] INFO  server.GrpcService (ConfUtils.java:logGet(44)) - raft.grpc.message.size.max = 32MB (=33554432) (custom)
2020-06-27 13:09:54,517 [Listener at 127.0.0.1/42033] INFO  server.RaftServerConfigKeys (ConfUtils.java:logGet(44)) - raft.server.log.appender.buffer.byte-limit = 33554432 (custom)
2020-06-27 13:09:54,517 [Listener at 127.0.0.1/42033] INFO  server.GrpcService (ConfUtils.java:logGet(44)) - raft.grpc.flow.control.window = 5MB (=5242880) (custom)
2020-06-27 13:09:54,517 [Listener at 127.0.0.1/42033] INFO  server.RaftServerConfigKeys (ConfUtils.java:logGet(44)) - raft.server.rpc.request.timeout = 3s (default)
2020-06-27 13:09:54,518 [Listener at 127.0.0.1/42033] INFO  server.RaftServerConfigKeys (ConfUtils.java:logGet(44)) - raft.server.storage.dir = [/github/workspace/mnt/ozone/hadoop-ozone/integration-test/target/test-dir/MiniOzoneClusterImpl-be392bf5-6f5b-448a-8365-d7ab1effc2dc/datanode-0/data/ratis] (custom)
2020-06-27 13:09:54,523 [Listener at 127.0.0.1/42033] INFO  http.BaseHttpServer (BaseHttpServer.java:newHttpServer2BuilderForOzone(207)) - Starting Web-server for hddsDatanode at: http://0.0.0.0:0
2020-06-27 13:09:54,523 [Listener at 127.0.0.1/42033] INFO  http.BaseHttpServer (BaseHttpServer.java:<init>(106)) - Hadoop Security Enabled: false Ozone Security Enabled: false Ozone HTTP Security Enabled: false 
2020-06-27 13:09:54,524 [Listener at 127.0.0.1/42033] INFO  server.AuthenticationFilter (AuthenticationFilter.java:constructSecretProvider(240)) - Unable to initialize FileSignerSecretProvider, falling back to use random secrets.
2020-06-27 13:09:54,524 [Listener at 127.0.0.1/42033] WARN  http.HttpRequestLog (HttpRequestLog.java:getRequestLog(103)) - Jetty request log can only be enabled using Log4j
2020-06-27 13:09:54,525 [Listener at 127.0.0.1/42033] INFO  http.HttpServer2 (HttpServer2.java:addGlobalFilter(997)) - Added global filter 'safety' (class=org.apache.hadoop.hdds.server.http.HttpServer2$QuotingInputFilter)
2020-06-27 13:09:54,526 [Listener at 127.0.0.1/42033] INFO  http.HttpServer2 (HttpServer2.java:addFilter(973)) - Added filter static_user_filter (class=org.apache.hadoop.http.lib.StaticUserWebFilter$StaticUserFilter) to context hddsDatanode
2020-06-27 13:09:54,526 [Listener at 127.0.0.1/42033] INFO  http.HttpServer2 (HttpServer2.java:addFilter(981)) - Added filter static_user_filter (class=org.apache.hadoop.http.lib.StaticUserWebFilter$StaticUserFilter) to context static
2020-06-27 13:09:54,526 [Listener at 127.0.0.1/42033] INFO  http.HttpServer2 (HttpServer2.java:addFilter(981)) - Added filter static_user_filter (class=org.apache.hadoop.http.lib.StaticUserWebFilter$StaticUserFilter) to context logs
2020-06-27 13:09:54,529 [Listener at 127.0.0.1/42033] INFO  http.HttpServer2 (HttpServer2.java:bindListener(1215)) - Jetty bound to port 42597
2020-06-27 13:09:54,530 [Listener at 127.0.0.1/42033] INFO  server.Server (Server.java:doStart(359)) - jetty-9.4.26.v20200117; built: 2020-01-17T12:35:33.676Z; git: 7b38981d25d14afb4a12ff1f2596756144edf695; jvm 1.8.0_232-b09
2020-06-27 13:09:54,531 [Listener at 127.0.0.1/42033] INFO  server.session (DefaultSessionIdManager.java:doStart(333)) - DefaultSessionIdManager workerName=node0
2020-06-27 13:09:54,531 [Listener at 127.0.0.1/42033] INFO  server.session (DefaultSessionIdManager.java:doStart(338)) - No SessionScavenger set, using defaults
2020-06-27 13:09:54,531 [Listener at 127.0.0.1/42033] INFO  server.session (HouseKeeper.java:startScavenging(140)) - node0 Scavenging every 600000ms
2020-06-27 13:09:54,532 [Listener at 127.0.0.1/42033] INFO  handler.ContextHandler (ContextHandler.java:doStart(825)) - Started o.e.j.s.ServletContextHandler@22801099{logs,/logs,file:///github/workspace/mnt/ozone/hadoop-ozone/integration-test/target/log,AVAILABLE}
2020-06-27 13:09:54,532 [Listener at 127.0.0.1/42033] INFO  handler.ContextHandler (ContextHandler.java:doStart(825)) - Started o.e.j.s.ServletContextHandler@67e9d8cb{static,/static,jar:file:/home/user/.m2/repository/org/apache/hadoop/hadoop-hdds-container-service/0.6.0-SNAPSHOT/hadoop-hdds-container-service-0.6.0-SNAPSHOT.jar!/webapps/static,AVAILABLE}
2020-06-27 13:09:54,549 [Listener at 127.0.0.1/42033] INFO  handler.ContextHandler (ContextHandler.java:doStart(825)) - Started o.e.j.w.WebAppContext@7cff8996{hddsDatanode,/,file:///tmp/jetty-0_0_0_0-42597-hadoop-hdds-container-service-0_6_0-SNAPSHOT_jar-_-any-5280018446397730999.dir/webapp/,AVAILABLE}{jar:file:/home/user/.m2/repository/org/apache/hadoop/hadoop-hdds-container-service/0.6.0-SNAPSHOT/hadoop-hdds-container-service-0.6.0-SNAPSHOT.jar!/webapps/hddsDatanode}
2020-06-27 13:09:54,550 [Listener at 127.0.0.1/42033] INFO  server.AbstractConnector (AbstractConnector.java:doStart(330)) - Started ServerConnector@baee849{HTTP/1.1,[http/1.1]}{0.0.0.0:42597}
2020-06-27 13:09:54,550 [Listener at 127.0.0.1/42033] INFO  server.Server (Server.java:doStart(399)) - Started @181172ms
2020-06-27 13:09:54,550 [Listener at 127.0.0.1/42033] WARN  impl.MetricsSystemImpl (MetricsSystemImpl.java:register(276)) - Sink prometheus already exists!
2020-06-27 13:09:54,553 [Listener at 127.0.0.1/42033] INFO  http.BaseHttpServer (BaseHttpServer.java:updateConnectorAddress(327)) - HTTP server of hddsDatanode listening at http://0.0.0.0:42597
2020-06-27 13:09:54,553 [Listener at 127.0.0.1/42033] INFO  impl.MetricsSystemImpl (MetricsSystemImpl.java:init(158)) - HddsDatanode metrics system started (again)
2020-06-27 13:09:54,555 [Listener at 127.0.0.1/42033] INFO  ozone.HddsDatanodeService (HddsDatanodeService.java:start(197)) - HddsDatanodeService host:8c26f3e475a5 ip:172.17.0.2
2020-06-27 13:09:54,559 [Listener at 127.0.0.1/42033] INFO  volume.HddsVolume (HddsVolume.java:<init>(176)) - Creating Volume: /github/workspace/mnt/ozone/hadoop-ozone/integration-test/target/test-dir/MiniOzoneClusterImpl-be392bf5-6f5b-448a-8365-d7ab1effc2dc/datanode-1/data-0/containers/hdds of storage type : DISK and capacity : 9223372036854775807
2020-06-27 13:09:54,559 [Listener at 127.0.0.1/42033] INFO  volume.MutableVolumeSet (MutableVolumeSet.java:initializeVolumeSet(181)) - Added Volume : /github/workspace/mnt/ozone/hadoop-ozone/integration-test/target/test-dir/MiniOzoneClusterImpl-be392bf5-6f5b-448a-8365-d7ab1effc2dc/datanode-1/data-0/containers/hdds to VolumeSet
2020-06-27 13:09:54,559 [Listener at 127.0.0.1/42033] INFO  volume.ThrottledAsyncChecker (ThrottledAsyncChecker.java:schedule(141)) - Scheduling a check for /github/workspace/mnt/ozone/hadoop-ozone/integration-test/target/test-dir/MiniOzoneClusterImpl-be392bf5-6f5b-448a-8365-d7ab1effc2dc/datanode-1/data-0/containers/hdds
2020-06-27 13:09:54,560 [org.apache.hadoop.util.JvmPauseMonitor$Monitor@5c34ffd4] INFO  util.JvmPauseMonitor (JvmPauseMonitor.java:run(188)) - Starting JVM pause monitor
2020-06-27 13:09:54,560 [Listener at 127.0.0.1/42033] INFO  volume.HddsVolumeChecker (HddsVolumeChecker.java:checkAllVolumes(200)) - Scheduled health check for volume /github/workspace/mnt/ozone/hadoop-ozone/integration-test/target/test-dir/MiniOzoneClusterImpl-be392bf5-6f5b-448a-8365-d7ab1effc2dc/datanode-1/data-0/containers/hdds
2020-06-27 13:09:54,563 [Datanode State Machine Thread - 0] INFO  datanode.InitDatanodeState (InitDatanodeState.java:persistContainerDatanodeDetails(145)) - DatanodeDetails is persisted to /github/workspace/mnt/ozone/hadoop-ozone/integration-test/target/test-dir/MiniOzoneClusterImpl-be392bf5-6f5b-448a-8365-d7ab1effc2dc/datanode-0/meta/datanode.id
2020-06-27 13:09:54,573 [Listener at 127.0.0.1/42033] INFO  impl.RaftServerProxy (ConfUtils.java:logGet(44)) - raft.rpc.type = GRPC (default)
2020-06-27 13:09:54,573 [Listener at 127.0.0.1/42033] INFO  grpc.GrpcFactory (GrpcFactory.java:checkPooledByteBufAllocatorUseCacheForAllThreads(45)) - PERFORMANCE WARNING: useCacheForAllThreads is true that may cause Netty to create a lot garbage objects and, as a result, trigger GC.
	It is recommended to disable useCacheForAllThreads by setting -Dorg.apache.ratis.thirdparty.io.netty.allocator.useCacheForAllThreads=false in command line.
2020-06-27 13:09:54,573 [Listener at 127.0.0.1/42033] INFO  grpc.GrpcConfigKeys (ConfUtils.java:logGet(44)) - raft.grpc.server.port = 0 (default)
2020-06-27 13:09:54,573 [Listener at 127.0.0.1/42033] INFO  server.GrpcService (ConfUtils.java:logGet(44)) - raft.grpc.message.size.max = 32MB (=33554432) (custom)
2020-06-27 13:09:54,574 [Listener at 127.0.0.1/42033] INFO  server.RaftServerConfigKeys (ConfUtils.java:logGet(44)) - raft.server.log.appender.buffer.byte-limit = 33554432 (custom)
2020-06-27 13:09:54,574 [Listener at 127.0.0.1/42033] INFO  server.GrpcService (ConfUtils.java:logGet(44)) - raft.grpc.flow.control.window = 5MB (=5242880) (custom)
2020-06-27 13:09:54,574 [Listener at 127.0.0.1/42033] INFO  server.RaftServerConfigKeys (ConfUtils.java:logGet(44)) - raft.server.rpc.request.timeout = 3s (default)
2020-06-27 13:09:54,575 [Listener at 127.0.0.1/42033] INFO  server.RaftServerConfigKeys (ConfUtils.java:logGet(44)) - raft.server.storage.dir = [/github/workspace/mnt/ozone/hadoop-ozone/integration-test/target/test-dir/MiniOzoneClusterImpl-be392bf5-6f5b-448a-8365-d7ab1effc2dc/datanode-1/data/ratis] (custom)
2020-06-27 13:09:54,578 [Listener at 127.0.0.1/42033] INFO  http.BaseHttpServer (BaseHttpServer.java:newHttpServer2BuilderForOzone(207)) - Starting Web-server for hddsDatanode at: http://0.0.0.0:0
2020-06-27 13:09:54,578 [Listener at 127.0.0.1/42033] INFO  http.BaseHttpServer (BaseHttpServer.java:<init>(106)) - Hadoop Security Enabled: false Ozone Security Enabled: false Ozone HTTP Security Enabled: false 
2020-06-27 13:09:54,579 [Listener at 127.0.0.1/42033] INFO  server.AuthenticationFilter (AuthenticationFilter.java:constructSecretProvider(240)) - Unable to initialize FileSignerSecretProvider, falling back to use random secrets.
2020-06-27 13:09:54,579 [Listener at 127.0.0.1/42033] WARN  http.HttpRequestLog (HttpRequestLog.java:getRequestLog(103)) - Jetty request log can only be enabled using Log4j
2020-06-27 13:09:54,580 [Listener at 127.0.0.1/42033] INFO  http.HttpServer2 (HttpServer2.java:addGlobalFilter(997)) - Added global filter 'safety' (class=org.apache.hadoop.hdds.server.http.HttpServer2$QuotingInputFilter)
2020-06-27 13:09:54,580 [Listener at 127.0.0.1/42033] INFO  http.HttpServer2 (HttpServer2.java:addFilter(973)) - Added filter static_user_filter (class=org.apache.hadoop.http.lib.StaticUserWebFilter$StaticUserFilter) to context hddsDatanode
2020-06-27 13:09:54,580 [Listener at 127.0.0.1/42033] INFO  http.HttpServer2 (HttpServer2.java:addFilter(981)) - Added filter static_user_filter (class=org.apache.hadoop.http.lib.StaticUserWebFilter$StaticUserFilter) to context static
2020-06-27 13:09:54,580 [Listener at 127.0.0.1/42033] INFO  http.HttpServer2 (HttpServer2.java:addFilter(981)) - Added filter static_user_filter (class=org.apache.hadoop.http.lib.StaticUserWebFilter$StaticUserFilter) to context logs
2020-06-27 13:09:54,581 [Listener at 127.0.0.1/42033] INFO  http.HttpServer2 (HttpServer2.java:bindListener(1215)) - Jetty bound to port 40187
2020-06-27 13:09:54,581 [Listener at 127.0.0.1/42033] INFO  server.Server (Server.java:doStart(359)) - jetty-9.4.26.v20200117; built: 2020-01-17T12:35:33.676Z; git: 7b38981d25d14afb4a12ff1f2596756144edf695; jvm 1.8.0_232-b09
2020-06-27 13:09:54,582 [Listener at 127.0.0.1/42033] INFO  server.session (DefaultSessionIdManager.java:doStart(333)) - DefaultSessionIdManager workerName=node0
2020-06-27 13:09:54,582 [Listener at 127.0.0.1/42033] INFO  server.session (DefaultSessionIdManager.java:doStart(338)) - No SessionScavenger set, using defaults
2020-06-27 13:09:54,582 [Listener at 127.0.0.1/42033] INFO  server.session (HouseKeeper.java:startScavenging(140)) - node0 Scavenging every 660000ms
2020-06-27 13:09:54,583 [Listener at 127.0.0.1/42033] INFO  handler.ContextHandler (ContextHandler.java:doStart(825)) - Started o.e.j.s.ServletContextHandler@1c584c7f{logs,/logs,file:///github/workspace/mnt/ozone/hadoop-ozone/integration-test/target/log,AVAILABLE}
2020-06-27 13:09:54,584 [Listener at 127.0.0.1/42033] INFO  handler.ContextHandler (ContextHandler.java:doStart(825)) - Started o.e.j.s.ServletContextHandler@b753aa5{static,/static,jar:file:/home/user/.m2/repository/org/apache/hadoop/hadoop-hdds-container-service/0.6.0-SNAPSHOT/hadoop-hdds-container-service-0.6.0-SNAPSHOT.jar!/webapps/static,AVAILABLE}
2020-06-27 13:09:54,600 [Listener at 127.0.0.1/42033] INFO  handler.ContextHandler (ContextHandler.java:doStart(825)) - Started o.e.j.w.WebAppContext@1d88414a{hddsDatanode,/,file:///tmp/jetty-0_0_0_0-40187-hadoop-hdds-container-service-0_6_0-SNAPSHOT_jar-_-any-7903440265186399005.dir/webapp/,AVAILABLE}{jar:file:/home/user/.m2/repository/org/apache/hadoop/hadoop-hdds-container-service/0.6.0-SNAPSHOT/hadoop-hdds-container-service-0.6.0-SNAPSHOT.jar!/webapps/hddsDatanode}
2020-06-27 13:09:54,601 [Listener at 127.0.0.1/42033] INFO  server.AbstractConnector (AbstractConnector.java:doStart(330)) - Started ServerConnector@76577a33{HTTP/1.1,[http/1.1]}{0.0.0.0:40187}
2020-06-27 13:09:54,601 [Listener at 127.0.0.1/42033] INFO  server.Server (Server.java:doStart(399)) - Started @181223ms
2020-06-27 13:09:54,601 [Listener at 127.0.0.1/42033] WARN  impl.MetricsSystemImpl (MetricsSystemImpl.java:register(276)) - Sink prometheus already exists!
2020-06-27 13:09:54,604 [Listener at 127.0.0.1/42033] INFO  http.BaseHttpServer (BaseHttpServer.java:updateConnectorAddress(327)) - HTTP server of hddsDatanode listening at http://0.0.0.0:40187
2020-06-27 13:09:54,604 [Listener at 127.0.0.1/42033] INFO  impl.MetricsSystemImpl (MetricsSystemImpl.java:init(158)) - HddsDatanode metrics system started (again)
2020-06-27 13:09:54,607 [Listener at 127.0.0.1/42033] INFO  ozone.HddsDatanodeService (HddsDatanodeService.java:start(197)) - HddsDatanodeService host:8c26f3e475a5 ip:172.17.0.2
2020-06-27 13:09:54,609 [Listener at 127.0.0.1/42033] INFO  volume.HddsVolume (HddsVolume.java:<init>(176)) - Creating Volume: /github/workspace/mnt/ozone/hadoop-ozone/integration-test/target/test-dir/MiniOzoneClusterImpl-be392bf5-6f5b-448a-8365-d7ab1effc2dc/datanode-2/data-0/containers/hdds of storage type : DISK and capacity : 9223372036854775807
2020-06-27 13:09:54,609 [Listener at 127.0.0.1/42033] INFO  volume.MutableVolumeSet (MutableVolumeSet.java:initializeVolumeSet(181)) - Added Volume : /github/workspace/mnt/ozone/hadoop-ozone/integration-test/target/test-dir/MiniOzoneClusterImpl-be392bf5-6f5b-448a-8365-d7ab1effc2dc/datanode-2/data-0/containers/hdds to VolumeSet
2020-06-27 13:09:54,609 [Listener at 127.0.0.1/42033] INFO  volume.ThrottledAsyncChecker (ThrottledAsyncChecker.java:schedule(141)) - Scheduling a check for /github/workspace/mnt/ozone/hadoop-ozone/integration-test/target/test-dir/MiniOzoneClusterImpl-be392bf5-6f5b-448a-8365-d7ab1effc2dc/datanode-2/data-0/containers/hdds
2020-06-27 13:09:54,610 [org.apache.hadoop.util.JvmPauseMonitor$Monitor@3ae40f43] INFO  util.JvmPauseMonitor (JvmPauseMonitor.java:run(188)) - Starting JVM pause monitor
2020-06-27 13:09:54,611 [Listener at 127.0.0.1/42033] INFO  volume.HddsVolumeChecker (HddsVolumeChecker.java:checkAllVolumes(200)) - Scheduled health check for volume /github/workspace/mnt/ozone/hadoop-ozone/integration-test/target/test-dir/MiniOzoneClusterImpl-be392bf5-6f5b-448a-8365-d7ab1effc2dc/datanode-2/data-0/containers/hdds
2020-06-27 13:09:54,611 [Datanode State Machine Thread - 0] INFO  datanode.InitDatanodeState (InitDatanodeState.java:persistContainerDatanodeDetails(145)) - DatanodeDetails is persisted to /github/workspace/mnt/ozone/hadoop-ozone/integration-test/target/test-dir/MiniOzoneClusterImpl-be392bf5-6f5b-448a-8365-d7ab1effc2dc/datanode-1/meta/datanode.id
2020-06-27 13:09:54,625 [Listener at 127.0.0.1/42033] INFO  impl.RaftServerProxy (ConfUtils.java:logGet(44)) - raft.rpc.type = GRPC (default)
2020-06-27 13:09:54,625 [Listener at 127.0.0.1/42033] INFO  grpc.GrpcFactory (GrpcFactory.java:checkPooledByteBufAllocatorUseCacheForAllThreads(45)) - PERFORMANCE WARNING: useCacheForAllThreads is true that may cause Netty to create a lot garbage objects and, as a result, trigger GC.
	It is recommended to disable useCacheForAllThreads by setting -Dorg.apache.ratis.thirdparty.io.netty.allocator.useCacheForAllThreads=false in command line.
2020-06-27 13:09:54,625 [Listener at 127.0.0.1/42033] INFO  grpc.GrpcConfigKeys (ConfUtils.java:logGet(44)) - raft.grpc.server.port = 0 (default)
2020-06-27 13:09:54,625 [Listener at 127.0.0.1/42033] INFO  server.GrpcService (ConfUtils.java:logGet(44)) - raft.grpc.message.size.max = 32MB (=33554432) (custom)
2020-06-27 13:09:54,625 [Listener at 127.0.0.1/42033] INFO  server.RaftServerConfigKeys (ConfUtils.java:logGet(44)) - raft.server.log.appender.buffer.byte-limit = 33554432 (custom)
2020-06-27 13:09:54,625 [Listener at 127.0.0.1/42033] INFO  server.GrpcService (ConfUtils.java:logGet(44)) - raft.grpc.flow.control.window = 5MB (=5242880) (custom)
2020-06-27 13:09:54,626 [Listener at 127.0.0.1/42033] INFO  server.RaftServerConfigKeys (ConfUtils.java:logGet(44)) - raft.server.rpc.request.timeout = 3s (default)
2020-06-27 13:09:54,626 [Listener at 127.0.0.1/42033] INFO  server.RaftServerConfigKeys (ConfUtils.java:logGet(44)) - raft.server.storage.dir = [/github/workspace/mnt/ozone/hadoop-ozone/integration-test/target/test-dir/MiniOzoneClusterImpl-be392bf5-6f5b-448a-8365-d7ab1effc2dc/datanode-2/data/ratis] (custom)
2020-06-27 13:09:54,630 [Listener at 127.0.0.1/42033] INFO  http.BaseHttpServer (BaseHttpServer.java:newHttpServer2BuilderForOzone(207)) - Starting Web-server for hddsDatanode at: http://0.0.0.0:0
2020-06-27 13:09:54,630 [Listener at 127.0.0.1/42033] INFO  http.BaseHttpServer (BaseHttpServer.java:<init>(106)) - Hadoop Security Enabled: false Ozone Security Enabled: false Ozone HTTP Security Enabled: false 
2020-06-27 13:09:54,631 [Listener at 127.0.0.1/42033] INFO  server.AuthenticationFilter (AuthenticationFilter.java:constructSecretProvider(240)) - Unable to initialize FileSignerSecretProvider, falling back to use random secrets.
2020-06-27 13:09:54,631 [Listener at 127.0.0.1/42033] WARN  http.HttpRequestLog (HttpRequestLog.java:getRequestLog(103)) - Jetty request log can only be enabled using Log4j
2020-06-27 13:09:54,632 [Listener at 127.0.0.1/42033] INFO  http.HttpServer2 (HttpServer2.java:addGlobalFilter(997)) - Added global filter 'safety' (class=org.apache.hadoop.hdds.server.http.HttpServer2$QuotingInputFilter)
2020-06-27 13:09:54,632 [Listener at 127.0.0.1/42033] INFO  http.HttpServer2 (HttpServer2.java:addFilter(973)) - Added filter static_user_filter (class=org.apache.hadoop.http.lib.StaticUserWebFilter$StaticUserFilter) to context hddsDatanode
2020-06-27 13:09:54,632 [Listener at 127.0.0.1/42033] INFO  http.HttpServer2 (HttpServer2.java:addFilter(981)) - Added filter static_user_filter (class=org.apache.hadoop.http.lib.StaticUserWebFilter$StaticUserFilter) to context logs
2020-06-27 13:09:54,633 [Listener at 127.0.0.1/42033] INFO  http.HttpServer2 (HttpServer2.java:addFilter(981)) - Added filter static_user_filter (class=org.apache.hadoop.http.lib.StaticUserWebFilter$StaticUserFilter) to context static
2020-06-27 13:09:54,633 [Listener at 127.0.0.1/42033] INFO  http.HttpServer2 (HttpServer2.java:bindListener(1215)) - Jetty bound to port 43263
2020-06-27 13:09:54,633 [Listener at 127.0.0.1/42033] INFO  server.Server (Server.java:doStart(359)) - jetty-9.4.26.v20200117; built: 2020-01-17T12:35:33.676Z; git: 7b38981d25d14afb4a12ff1f2596756144edf695; jvm 1.8.0_232-b09
2020-06-27 13:09:54,634 [Listener at 127.0.0.1/42033] INFO  server.session (DefaultSessionIdManager.java:doStart(333)) - DefaultSessionIdManager workerName=node0
2020-06-27 13:09:54,635 [Listener at 127.0.0.1/42033] INFO  server.session (DefaultSessionIdManager.java:doStart(338)) - No SessionScavenger set, using defaults
2020-06-27 13:09:54,635 [Listener at 127.0.0.1/42033] INFO  server.session (HouseKeeper.java:startScavenging(140)) - node0 Scavenging every 600000ms
2020-06-27 13:09:54,636 [Listener at 127.0.0.1/42033] INFO  handler.ContextHandler (ContextHandler.java:doStart(825)) - Started o.e.j.s.ServletContextHandler@4d31ff3{logs,/logs,file:///github/workspace/mnt/ozone/hadoop-ozone/integration-test/target/log,AVAILABLE}
2020-06-27 13:09:54,636 [Listener at 127.0.0.1/42033] INFO  handler.ContextHandler (ContextHandler.java:doStart(825)) - Started o.e.j.s.ServletContextHandler@7b362c16{static,/static,jar:file:/home/user/.m2/repository/org/apache/hadoop/hadoop-hdds-container-service/0.6.0-SNAPSHOT/hadoop-hdds-container-service-0.6.0-SNAPSHOT.jar!/webapps/static,AVAILABLE}
2020-06-27 13:09:54,656 [Listener at 127.0.0.1/42033] INFO  handler.ContextHandler (ContextHandler.java:doStart(825)) - Started o.e.j.w.WebAppContext@2d9c3a0e{hddsDatanode,/,file:///tmp/jetty-0_0_0_0-43263-hadoop-hdds-container-service-0_6_0-SNAPSHOT_jar-_-any-3103998567855631176.dir/webapp/,AVAILABLE}{jar:file:/home/user/.m2/repository/org/apache/hadoop/hadoop-hdds-container-service/0.6.0-SNAPSHOT/hadoop-hdds-container-service-0.6.0-SNAPSHOT.jar!/webapps/hddsDatanode}
2020-06-27 13:09:54,660 [Listener at 127.0.0.1/42033] INFO  server.AbstractConnector (AbstractConnector.java:doStart(330)) - Started ServerConnector@4159c03b{HTTP/1.1,[http/1.1]}{0.0.0.0:43263}
2020-06-27 13:09:54,660 [Listener at 127.0.0.1/42033] INFO  server.Server (Server.java:doStart(399)) - Started @181282ms
2020-06-27 13:09:54,660 [Listener at 127.0.0.1/42033] WARN  impl.MetricsSystemImpl (MetricsSystemImpl.java:register(276)) - Sink prometheus already exists!
2020-06-27 13:09:54,663 [Listener at 127.0.0.1/42033] INFO  http.BaseHttpServer (BaseHttpServer.java:updateConnectorAddress(327)) - HTTP server of hddsDatanode listening at http://0.0.0.0:43263
2020-06-27 13:09:54,663 [Listener at 127.0.0.1/42033] INFO  impl.MetricsSystemImpl (MetricsSystemImpl.java:init(158)) - HddsDatanode metrics system started (again)
2020-06-27 13:09:54,665 [Listener at 127.0.0.1/42033] INFO  ozone.HddsDatanodeService (HddsDatanodeService.java:start(197)) - HddsDatanodeService host:8c26f3e475a5 ip:172.17.0.2
2020-06-27 13:09:54,710 [Listener at 127.0.0.1/42033] INFO  volume.HddsVolume (HddsVolume.java:<init>(176)) - Creating Volume: /github/workspace/mnt/ozone/hadoop-ozone/integration-test/target/test-dir/MiniOzoneClusterImpl-be392bf5-6f5b-448a-8365-d7ab1effc2dc/datanode-3/data-0/containers/hdds of storage type : DISK and capacity : 9223372036854775807
2020-06-27 13:09:54,710 [Listener at 127.0.0.1/42033] INFO  volume.MutableVolumeSet (MutableVolumeSet.java:initializeVolumeSet(181)) - Added Volume : /github/workspace/mnt/ozone/hadoop-ozone/integration-test/target/test-dir/MiniOzoneClusterImpl-be392bf5-6f5b-448a-8365-d7ab1effc2dc/datanode-3/data-0/containers/hdds to VolumeSet
2020-06-27 13:09:54,710 [Listener at 127.0.0.1/42033] INFO  volume.ThrottledAsyncChecker (ThrottledAsyncChecker.java:schedule(141)) - Scheduling a check for /github/workspace/mnt/ozone/hadoop-ozone/integration-test/target/test-dir/MiniOzoneClusterImpl-be392bf5-6f5b-448a-8365-d7ab1effc2dc/datanode-3/data-0/containers/hdds
2020-06-27 13:09:54,715 [Listener at 127.0.0.1/42033] INFO  volume.HddsVolumeChecker (HddsVolumeChecker.java:checkAllVolumes(200)) - Scheduled health check for volume /github/workspace/mnt/ozone/hadoop-ozone/integration-test/target/test-dir/MiniOzoneClusterImpl-be392bf5-6f5b-448a-8365-d7ab1effc2dc/datanode-3/data-0/containers/hdds
2020-06-27 13:09:54,748 [Listener at 127.0.0.1/42033] INFO  impl.RaftServerProxy (ConfUtils.java:logGet(44)) - raft.rpc.type = GRPC (default)
2020-06-27 13:09:54,748 [Listener at 127.0.0.1/42033] INFO  grpc.GrpcFactory (GrpcFactory.java:checkPooledByteBufAllocatorUseCacheForAllThreads(45)) - PERFORMANCE WARNING: useCacheForAllThreads is true that may cause Netty to create a lot garbage objects and, as a result, trigger GC.
	It is recommended to disable useCacheForAllThreads by setting -Dorg.apache.ratis.thirdparty.io.netty.allocator.useCacheForAllThreads=false in command line.
2020-06-27 13:09:54,749 [Listener at 127.0.0.1/42033] INFO  grpc.GrpcConfigKeys (ConfUtils.java:logGet(44)) - raft.grpc.server.port = 0 (default)
2020-06-27 13:09:54,749 [Listener at 127.0.0.1/42033] INFO  server.GrpcService (ConfUtils.java:logGet(44)) - raft.grpc.message.size.max = 32MB (=33554432) (custom)
2020-06-27 13:09:54,749 [Listener at 127.0.0.1/42033] INFO  server.RaftServerConfigKeys (ConfUtils.java:logGet(44)) - raft.server.log.appender.buffer.byte-limit = 33554432 (custom)
2020-06-27 13:09:54,749 [Listener at 127.0.0.1/42033] INFO  server.GrpcService (ConfUtils.java:logGet(44)) - raft.grpc.flow.control.window = 5MB (=5242880) (custom)
2020-06-27 13:09:54,749 [Listener at 127.0.0.1/42033] INFO  server.RaftServerConfigKeys (ConfUtils.java:logGet(44)) - raft.server.rpc.request.timeout = 3s (default)
2020-06-27 13:09:54,750 [Listener at 127.0.0.1/42033] INFO  server.RaftServerConfigKeys (ConfUtils.java:logGet(44)) - raft.server.storage.dir = [/github/workspace/mnt/ozone/hadoop-ozone/integration-test/target/test-dir/MiniOzoneClusterImpl-be392bf5-6f5b-448a-8365-d7ab1effc2dc/datanode-3/data/ratis] (custom)
2020-06-27 13:09:54,757 [Listener at 127.0.0.1/42033] INFO  http.BaseHttpServer (BaseHttpServer.java:newHttpServer2BuilderForOzone(207)) - Starting Web-server for hddsDatanode at: http://0.0.0.0:0
2020-06-27 13:09:54,757 [Listener at 127.0.0.1/42033] INFO  http.BaseHttpServer (BaseHttpServer.java:<init>(106)) - Hadoop Security Enabled: false Ozone Security Enabled: false Ozone HTTP Security Enabled: false 
2020-06-27 13:09:54,758 [org.apache.hadoop.util.JvmPauseMonitor$Monitor@5858b7fd] INFO  util.JvmPauseMonitor (JvmPauseMonitor.java:run(188)) - Starting JVM pause monitor
2020-06-27 13:09:54,758 [Listener at 127.0.0.1/42033] INFO  server.AuthenticationFilter (AuthenticationFilter.java:constructSecretProvider(240)) - Unable to initialize FileSignerSecretProvider, falling back to use random secrets.
2020-06-27 13:09:54,760 [Listener at 127.0.0.1/42033] WARN  http.HttpRequestLog (HttpRequestLog.java:getRequestLog(103)) - Jetty request log can only be enabled using Log4j
2020-06-27 13:09:54,761 [Listener at 127.0.0.1/42033] INFO  http.HttpServer2 (HttpServer2.java:addGlobalFilter(997)) - Added global filter 'safety' (class=org.apache.hadoop.hdds.server.http.HttpServer2$QuotingInputFilter)
2020-06-27 13:09:54,771 [Datanode State Machine Thread - 0] INFO  datanode.InitDatanodeState (InitDatanodeState.java:persistContainerDatanodeDetails(145)) - DatanodeDetails is persisted to /github/workspace/mnt/ozone/hadoop-ozone/integration-test/target/test-dir/MiniOzoneClusterImpl-be392bf5-6f5b-448a-8365-d7ab1effc2dc/datanode-2/meta/datanode.id
2020-06-27 13:09:54,771 [Listener at 127.0.0.1/42033] INFO  http.HttpServer2 (HttpServer2.java:addFilter(973)) - Added filter static_user_filter (class=org.apache.hadoop.http.lib.StaticUserWebFilter$StaticUserFilter) to context hddsDatanode
2020-06-27 13:09:54,771 [Listener at 127.0.0.1/42033] INFO  http.HttpServer2 (HttpServer2.java:addFilter(981)) - Added filter static_user_filter (class=org.apache.hadoop.http.lib.StaticUserWebFilter$StaticUserFilter) to context static
2020-06-27 13:09:54,771 [Listener at 127.0.0.1/42033] INFO  http.HttpServer2 (HttpServer2.java:addFilter(981)) - Added filter static_user_filter (class=org.apache.hadoop.http.lib.StaticUserWebFilter$StaticUserFilter) to context logs
2020-06-27 13:09:54,772 [Listener at 127.0.0.1/42033] INFO  http.HttpServer2 (HttpServer2.java:bindListener(1215)) - Jetty bound to port 44551
2020-06-27 13:09:54,772 [Listener at 127.0.0.1/42033] INFO  server.Server (Server.java:doStart(359)) - jetty-9.4.26.v20200117; built: 2020-01-17T12:35:33.676Z; git: 7b38981d25d14afb4a12ff1f2596756144edf695; jvm 1.8.0_232-b09
2020-06-27 13:09:54,774 [Listener at 127.0.0.1/42033] INFO  server.session (DefaultSessionIdManager.java:doStart(333)) - DefaultSessionIdManager workerName=node0
2020-06-27 13:09:54,774 [Listener at 127.0.0.1/42033] INFO  server.session (DefaultSessionIdManager.java:doStart(338)) - No SessionScavenger set, using defaults
2020-06-27 13:09:54,774 [Listener at 127.0.0.1/42033] INFO  server.session (HouseKeeper.java:startScavenging(140)) - node0 Scavenging every 660000ms
2020-06-27 13:09:54,775 [Listener at 127.0.0.1/42033] INFO  handler.ContextHandler (ContextHandler.java:doStart(825)) - Started o.e.j.s.ServletContextHandler@7f78cca6{logs,/logs,file:///github/workspace/mnt/ozone/hadoop-ozone/integration-test/target/log,AVAILABLE}
2020-06-27 13:09:54,775 [Listener at 127.0.0.1/42033] INFO  handler.ContextHandler (ContextHandler.java:doStart(825)) - Started o.e.j.s.ServletContextHandler@77e062f4{static,/static,jar:file:/home/user/.m2/repository/org/apache/hadoop/hadoop-hdds-container-service/0.6.0-SNAPSHOT/hadoop-hdds-container-service-0.6.0-SNAPSHOT.jar!/webapps/static,AVAILABLE}
2020-06-27 13:09:54,800 [Listener at 127.0.0.1/42033] INFO  handler.ContextHandler (ContextHandler.java:doStart(825)) - Started o.e.j.w.WebAppContext@3e03037f{hddsDatanode,/,file:///tmp/jetty-0_0_0_0-44551-hadoop-hdds-container-service-0_6_0-SNAPSHOT_jar-_-any-3016584120589238867.dir/webapp/,AVAILABLE}{jar:file:/home/user/.m2/repository/org/apache/hadoop/hadoop-hdds-container-service/0.6.0-SNAPSHOT/hadoop-hdds-container-service-0.6.0-SNAPSHOT.jar!/webapps/hddsDatanode}
2020-06-27 13:09:54,801 [Listener at 127.0.0.1/42033] INFO  server.AbstractConnector (AbstractConnector.java:doStart(330)) - Started ServerConnector@6840f38e{HTTP/1.1,[http/1.1]}{0.0.0.0:44551}
2020-06-27 13:09:54,801 [Listener at 127.0.0.1/42033] INFO  server.Server (Server.java:doStart(399)) - Started @181423ms
2020-06-27 13:09:54,801 [Listener at 127.0.0.1/42033] WARN  impl.MetricsSystemImpl (MetricsSystemImpl.java:register(276)) - Sink prometheus already exists!
2020-06-27 13:09:54,804 [Listener at 127.0.0.1/42033] INFO  http.BaseHttpServer (BaseHttpServer.java:updateConnectorAddress(327)) - HTTP server of hddsDatanode listening at http://0.0.0.0:44551
2020-06-27 13:09:54,804 [Listener at 127.0.0.1/42033] INFO  impl.MetricsSystemImpl (MetricsSystemImpl.java:init(158)) - HddsDatanode metrics system started (again)
2020-06-27 13:09:54,806 [Listener at 127.0.0.1/42033] INFO  ozone.HddsDatanodeService (HddsDatanodeService.java:start(197)) - HddsDatanodeService host:8c26f3e475a5 ip:172.17.0.2
2020-06-27 13:09:54,810 [Listener at 127.0.0.1/42033] INFO  volume.HddsVolume (HddsVolume.java:<init>(176)) - Creating Volume: /github/workspace/mnt/ozone/hadoop-ozone/integration-test/target/test-dir/MiniOzoneClusterImpl-be392bf5-6f5b-448a-8365-d7ab1effc2dc/datanode-4/data-0/containers/hdds of storage type : DISK and capacity : 9223372036854775807
2020-06-27 13:09:54,811 [Listener at 127.0.0.1/42033] INFO  volume.MutableVolumeSet (MutableVolumeSet.java:initializeVolumeSet(181)) - Added Volume : /github/workspace/mnt/ozone/hadoop-ozone/integration-test/target/test-dir/MiniOzoneClusterImpl-be392bf5-6f5b-448a-8365-d7ab1effc2dc/datanode-4/data-0/containers/hdds to VolumeSet
2020-06-27 13:09:54,811 [Listener at 127.0.0.1/42033] INFO  volume.ThrottledAsyncChecker (ThrottledAsyncChecker.java:schedule(141)) - Scheduling a check for /github/workspace/mnt/ozone/hadoop-ozone/integration-test/target/test-dir/MiniOzoneClusterImpl-be392bf5-6f5b-448a-8365-d7ab1effc2dc/datanode-4/data-0/containers/hdds
2020-06-27 13:09:54,812 [Listener at 127.0.0.1/42033] INFO  volume.HddsVolumeChecker (HddsVolumeChecker.java:checkAllVolumes(200)) - Scheduled health check for volume /github/workspace/mnt/ozone/hadoop-ozone/integration-test/target/test-dir/MiniOzoneClusterImpl-be392bf5-6f5b-448a-8365-d7ab1effc2dc/datanode-4/data-0/containers/hdds
2020-06-27 13:09:54,822 [org.apache.hadoop.util.JvmPauseMonitor$Monitor@55864f4c] INFO  util.JvmPauseMonitor (JvmPauseMonitor.java:run(188)) - Starting JVM pause monitor
2020-06-27 13:09:54,823 [Datanode State Machine Thread - 0] INFO  datanode.InitDatanodeState (InitDatanodeState.java:persistContainerDatanodeDetails(145)) - DatanodeDetails is persisted to /github/workspace/mnt/ozone/hadoop-ozone/integration-test/target/test-dir/MiniOzoneClusterImpl-be392bf5-6f5b-448a-8365-d7ab1effc2dc/datanode-3/meta/datanode.id
2020-06-27 13:09:54,827 [Listener at 127.0.0.1/42033] INFO  impl.RaftServerProxy (ConfUtils.java:logGet(44)) - raft.rpc.type = GRPC (default)
2020-06-27 13:09:54,828 [Listener at 127.0.0.1/42033] INFO  grpc.GrpcFactory (GrpcFactory.java:checkPooledByteBufAllocatorUseCacheForAllThreads(45)) - PERFORMANCE WARNING: useCacheForAllThreads is true that may cause Netty to create a lot garbage objects and, as a result, trigger GC.
	It is recommended to disable useCacheForAllThreads by setting -Dorg.apache.ratis.thirdparty.io.netty.allocator.useCacheForAllThreads=false in command line.
2020-06-27 13:09:54,828 [Listener at 127.0.0.1/42033] INFO  grpc.GrpcConfigKeys (ConfUtils.java:logGet(44)) - raft.grpc.server.port = 0 (default)
2020-06-27 13:09:54,828 [Listener at 127.0.0.1/42033] INFO  server.GrpcService (ConfUtils.java:logGet(44)) - raft.grpc.message.size.max = 32MB (=33554432) (custom)
2020-06-27 13:09:54,828 [Listener at 127.0.0.1/42033] INFO  server.RaftServerConfigKeys (ConfUtils.java:logGet(44)) - raft.server.log.appender.buffer.byte-limit = 33554432 (custom)
2020-06-27 13:09:54,828 [Listener at 127.0.0.1/42033] INFO  server.GrpcService (ConfUtils.java:logGet(44)) - raft.grpc.flow.control.window = 5MB (=5242880) (custom)
2020-06-27 13:09:54,828 [Listener at 127.0.0.1/42033] INFO  server.RaftServerConfigKeys (ConfUtils.java:logGet(44)) - raft.server.rpc.request.timeout = 3s (default)
2020-06-27 13:09:54,829 [Listener at 127.0.0.1/42033] INFO  server.RaftServerConfigKeys (ConfUtils.java:logGet(44)) - raft.server.storage.dir = [/github/workspace/mnt/ozone/hadoop-ozone/integration-test/target/test-dir/MiniOzoneClusterImpl-be392bf5-6f5b-448a-8365-d7ab1effc2dc/datanode-4/data/ratis] (custom)
2020-06-27 13:09:54,833 [Listener at 127.0.0.1/42033] INFO  http.BaseHttpServer (BaseHttpServer.java:newHttpServer2BuilderForOzone(207)) - Starting Web-server for hddsDatanode at: http://0.0.0.0:0
2020-06-27 13:09:54,833 [Listener at 127.0.0.1/42033] INFO  http.BaseHttpServer (BaseHttpServer.java:<init>(106)) - Hadoop Security Enabled: false Ozone Security Enabled: false Ozone HTTP Security Enabled: false 
2020-06-27 13:09:54,834 [Listener at 127.0.0.1/42033] INFO  server.AuthenticationFilter (AuthenticationFilter.java:constructSecretProvider(240)) - Unable to initialize FileSignerSecretProvider, falling back to use random secrets.
2020-06-27 13:09:54,834 [Listener at 127.0.0.1/42033] WARN  http.HttpRequestLog (HttpRequestLog.java:getRequestLog(103)) - Jetty request log can only be enabled using Log4j
2020-06-27 13:09:54,835 [Listener at 127.0.0.1/42033] INFO  http.HttpServer2 (HttpServer2.java:addGlobalFilter(997)) - Added global filter 'safety' (class=org.apache.hadoop.hdds.server.http.HttpServer2$QuotingInputFilter)
2020-06-27 13:09:54,835 [Listener at 127.0.0.1/42033] INFO  http.HttpServer2 (HttpServer2.java:addFilter(973)) - Added filter static_user_filter (class=org.apache.hadoop.http.lib.StaticUserWebFilter$StaticUserFilter) to context hddsDatanode
2020-06-27 13:09:54,835 [Listener at 127.0.0.1/42033] INFO  http.HttpServer2 (HttpServer2.java:addFilter(981)) - Added filter static_user_filter (class=org.apache.hadoop.http.lib.StaticUserWebFilter$StaticUserFilter) to context logs
2020-06-27 13:09:54,835 [Listener at 127.0.0.1/42033] INFO  http.HttpServer2 (HttpServer2.java:addFilter(981)) - Added filter static_user_filter (class=org.apache.hadoop.http.lib.StaticUserWebFilter$StaticUserFilter) to context static
2020-06-27 13:09:54,836 [Listener at 127.0.0.1/42033] INFO  http.HttpServer2 (HttpServer2.java:bindListener(1215)) - Jetty bound to port 33883
2020-06-27 13:09:54,836 [Listener at 127.0.0.1/42033] INFO  server.Server (Server.java:doStart(359)) - jetty-9.4.26.v20200117; built: 2020-01-17T12:35:33.676Z; git: 7b38981d25d14afb4a12ff1f2596756144edf695; jvm 1.8.0_232-b09
2020-06-27 13:09:54,837 [Listener at 127.0.0.1/42033] INFO  server.session (DefaultSessionIdManager.java:doStart(333)) - DefaultSessionIdManager workerName=node0
2020-06-27 13:09:54,837 [Listener at 127.0.0.1/42033] INFO  server.session (DefaultSessionIdManager.java:doStart(338)) - No SessionScavenger set, using defaults
2020-06-27 13:09:54,837 [Listener at 127.0.0.1/42033] INFO  server.session (HouseKeeper.java:startScavenging(140)) - node0 Scavenging every 600000ms
2020-06-27 13:09:54,838 [Listener at 127.0.0.1/42033] INFO  handler.ContextHandler (ContextHandler.java:doStart(825)) - Started o.e.j.s.ServletContextHandler@27a14f7e{logs,/logs,file:///github/workspace/mnt/ozone/hadoop-ozone/integration-test/target/log,AVAILABLE}
2020-06-27 13:09:54,838 [Listener at 127.0.0.1/42033] INFO  handler.ContextHandler (ContextHandler.java:doStart(825)) - Started o.e.j.s.ServletContextHandler@301db982{static,/static,jar:file:/home/user/.m2/repository/org/apache/hadoop/hadoop-hdds-container-service/0.6.0-SNAPSHOT/hadoop-hdds-container-service-0.6.0-SNAPSHOT.jar!/webapps/static,AVAILABLE}
2020-06-27 13:09:54,853 [Listener at 127.0.0.1/42033] INFO  handler.ContextHandler (ContextHandler.java:doStart(825)) - Started o.e.j.w.WebAppContext@2faec75a{hddsDatanode,/,file:///tmp/jetty-0_0_0_0-33883-hadoop-hdds-container-service-0_6_0-SNAPSHOT_jar-_-any-8023236356542425549.dir/webapp/,AVAILABLE}{jar:file:/home/user/.m2/repository/org/apache/hadoop/hadoop-hdds-container-service/0.6.0-SNAPSHOT/hadoop-hdds-container-service-0.6.0-SNAPSHOT.jar!/webapps/hddsDatanode}
2020-06-27 13:09:54,854 [Listener at 127.0.0.1/42033] INFO  server.AbstractConnector (AbstractConnector.java:doStart(330)) - Started ServerConnector@16c90eac{HTTP/1.1,[http/1.1]}{0.0.0.0:33883}
2020-06-27 13:09:54,854 [Listener at 127.0.0.1/42033] INFO  server.Server (Server.java:doStart(399)) - Started @181476ms
2020-06-27 13:09:54,854 [Listener at 127.0.0.1/42033] WARN  impl.MetricsSystemImpl (MetricsSystemImpl.java:register(276)) - Sink prometheus already exists!
2020-06-27 13:09:54,860 [Listener at 127.0.0.1/42033] INFO  http.BaseHttpServer (BaseHttpServer.java:updateConnectorAddress(327)) - HTTP server of hddsDatanode listening at http://0.0.0.0:33883
2020-06-27 13:09:54,860 [Listener at 127.0.0.1/42033] INFO  impl.MetricsSystemImpl (MetricsSystemImpl.java:init(158)) - HddsDatanode metrics system started (again)
2020-06-27 13:09:54,865 [org.apache.hadoop.util.JvmPauseMonitor$Monitor@1014fc82] INFO  util.JvmPauseMonitor (JvmPauseMonitor.java:run(188)) - Starting JVM pause monitor
2020-06-27 13:09:54,865 [Listener at 127.0.0.1/42033] INFO  ozone.HddsDatanodeService (HddsDatanodeService.java:start(197)) - HddsDatanodeService host:8c26f3e475a5 ip:172.17.0.2
2020-06-27 13:09:54,866 [Datanode State Machine Thread - 0] INFO  datanode.InitDatanodeState (InitDatanodeState.java:persistContainerDatanodeDetails(145)) - DatanodeDetails is persisted to /github/workspace/mnt/ozone/hadoop-ozone/integration-test/target/test-dir/MiniOzoneClusterImpl-be392bf5-6f5b-448a-8365-d7ab1effc2dc/datanode-4/meta/datanode.id
2020-06-27 13:09:54,866 [Listener at 127.0.0.1/42033] INFO  volume.HddsVolume (HddsVolume.java:<init>(176)) - Creating Volume: /github/workspace/mnt/ozone/hadoop-ozone/integration-test/target/test-dir/MiniOzoneClusterImpl-be392bf5-6f5b-448a-8365-d7ab1effc2dc/datanode-5/data-0/containers/hdds of storage type : DISK and capacity : 9223372036854775807
2020-06-27 13:09:54,867 [Listener at 127.0.0.1/42033] INFO  volume.MutableVolumeSet (MutableVolumeSet.java:initializeVolumeSet(181)) - Added Volume : /github/workspace/mnt/ozone/hadoop-ozone/integration-test/target/test-dir/MiniOzoneClusterImpl-be392bf5-6f5b-448a-8365-d7ab1effc2dc/datanode-5/data-0/containers/hdds to VolumeSet
2020-06-27 13:09:54,867 [Listener at 127.0.0.1/42033] INFO  volume.ThrottledAsyncChecker (ThrottledAsyncChecker.java:schedule(141)) - Scheduling a check for /github/workspace/mnt/ozone/hadoop-ozone/integration-test/target/test-dir/MiniOzoneClusterImpl-be392bf5-6f5b-448a-8365-d7ab1effc2dc/datanode-5/data-0/containers/hdds
2020-06-27 13:09:54,867 [Listener at 127.0.0.1/42033] INFO  volume.HddsVolumeChecker (HddsVolumeChecker.java:checkAllVolumes(200)) - Scheduled health check for volume /github/workspace/mnt/ozone/hadoop-ozone/integration-test/target/test-dir/MiniOzoneClusterImpl-be392bf5-6f5b-448a-8365-d7ab1effc2dc/datanode-5/data-0/containers/hdds
2020-06-27 13:09:54,881 [Listener at 127.0.0.1/42033] INFO  impl.RaftServerProxy (ConfUtils.java:logGet(44)) - raft.rpc.type = GRPC (default)
2020-06-27 13:09:54,881 [Listener at 127.0.0.1/42033] INFO  grpc.GrpcFactory (GrpcFactory.java:checkPooledByteBufAllocatorUseCacheForAllThreads(45)) - PERFORMANCE WARNING: useCacheForAllThreads is true that may cause Netty to create a lot garbage objects and, as a result, trigger GC.
	It is recommended to disable useCacheForAllThreads by setting -Dorg.apache.ratis.thirdparty.io.netty.allocator.useCacheForAllThreads=false in command line.
2020-06-27 13:09:54,881 [Listener at 127.0.0.1/42033] INFO  grpc.GrpcConfigKeys (ConfUtils.java:logGet(44)) - raft.grpc.server.port = 0 (default)
2020-06-27 13:09:54,882 [Listener at 127.0.0.1/42033] INFO  server.GrpcService (ConfUtils.java:logGet(44)) - raft.grpc.message.size.max = 32MB (=33554432) (custom)
2020-06-27 13:09:54,882 [Listener at 127.0.0.1/42033] INFO  server.RaftServerConfigKeys (ConfUtils.java:logGet(44)) - raft.server.log.appender.buffer.byte-limit = 33554432 (custom)
2020-06-27 13:09:54,882 [Listener at 127.0.0.1/42033] INFO  server.GrpcService (ConfUtils.java:logGet(44)) - raft.grpc.flow.control.window = 5MB (=5242880) (custom)
2020-06-27 13:09:54,882 [Listener at 127.0.0.1/42033] INFO  server.RaftServerConfigKeys (ConfUtils.java:logGet(44)) - raft.server.rpc.request.timeout = 3s (default)
2020-06-27 13:09:54,883 [Listener at 127.0.0.1/42033] INFO  server.RaftServerConfigKeys (ConfUtils.java:logGet(44)) - raft.server.storage.dir = [/github/workspace/mnt/ozone/hadoop-ozone/integration-test/target/test-dir/MiniOzoneClusterImpl-be392bf5-6f5b-448a-8365-d7ab1effc2dc/datanode-5/data/ratis] (custom)
2020-06-27 13:09:54,886 [Listener at 127.0.0.1/42033] INFO  http.BaseHttpServer (BaseHttpServer.java:newHttpServer2BuilderForOzone(207)) - Starting Web-server for hddsDatanode at: http://0.0.0.0:0
2020-06-27 13:09:54,886 [Listener at 127.0.0.1/42033] INFO  http.BaseHttpServer (BaseHttpServer.java:<init>(106)) - Hadoop Security Enabled: false Ozone Security Enabled: false Ozone HTTP Security Enabled: false 
2020-06-27 13:09:54,887 [Listener at 127.0.0.1/42033] INFO  server.AuthenticationFilter (AuthenticationFilter.java:constructSecretProvider(240)) - Unable to initialize FileSignerSecretProvider, falling back to use random secrets.
2020-06-27 13:09:54,890 [Listener at 127.0.0.1/42033] WARN  http.HttpRequestLog (HttpRequestLog.java:getRequestLog(103)) - Jetty request log can only be enabled using Log4j
2020-06-27 13:09:54,891 [Listener at 127.0.0.1/42033] INFO  http.HttpServer2 (HttpServer2.java:addGlobalFilter(997)) - Added global filter 'safety' (class=org.apache.hadoop.hdds.server.http.HttpServer2$QuotingInputFilter)
2020-06-27 13:09:54,891 [Listener at 127.0.0.1/42033] INFO  http.HttpServer2 (HttpServer2.java:addFilter(973)) - Added filter static_user_filter (class=org.apache.hadoop.http.lib.StaticUserWebFilter$StaticUserFilter) to context hddsDatanode
2020-06-27 13:09:54,891 [Listener at 127.0.0.1/42033] INFO  http.HttpServer2 (HttpServer2.java:addFilter(981)) - Added filter static_user_filter (class=org.apache.hadoop.http.lib.StaticUserWebFilter$StaticUserFilter) to context logs
2020-06-27 13:09:54,891 [Listener at 127.0.0.1/42033] INFO  http.HttpServer2 (HttpServer2.java:addFilter(981)) - Added filter static_user_filter (class=org.apache.hadoop.http.lib.StaticUserWebFilter$StaticUserFilter) to context static
2020-06-27 13:09:54,892 [Listener at 127.0.0.1/42033] INFO  http.HttpServer2 (HttpServer2.java:bindListener(1215)) - Jetty bound to port 43387
2020-06-27 13:09:54,892 [Listener at 127.0.0.1/42033] INFO  server.Server (Server.java:doStart(359)) - jetty-9.4.26.v20200117; built: 2020-01-17T12:35:33.676Z; git: 7b38981d25d14afb4a12ff1f2596756144edf695; jvm 1.8.0_232-b09
2020-06-27 13:09:54,894 [Listener at 127.0.0.1/42033] INFO  server.session (DefaultSessionIdManager.java:doStart(333)) - DefaultSessionIdManager workerName=node0
2020-06-27 13:09:54,895 [Listener at 127.0.0.1/42033] INFO  server.session (DefaultSessionIdManager.java:doStart(338)) - No SessionScavenger set, using defaults
2020-06-27 13:09:54,895 [Listener at 127.0.0.1/42033] INFO  server.session (HouseKeeper.java:startScavenging(140)) - node0 Scavenging every 600000ms
2020-06-27 13:09:54,895 [Listener at 127.0.0.1/42033] INFO  handler.ContextHandler (ContextHandler.java:doStart(825)) - Started o.e.j.s.ServletContextHandler@581aef2a{logs,/logs,file:///github/workspace/mnt/ozone/hadoop-ozone/integration-test/target/log,AVAILABLE}
2020-06-27 13:09:54,896 [Listener at 127.0.0.1/42033] INFO  handler.ContextHandler (ContextHandler.java:doStart(825)) - Started o.e.j.s.ServletContextHandler@6603f03d{static,/static,jar:file:/home/user/.m2/repository/org/apache/hadoop/hadoop-hdds-container-service/0.6.0-SNAPSHOT/hadoop-hdds-container-service-0.6.0-SNAPSHOT.jar!/webapps/static,AVAILABLE}
2020-06-27 13:09:54,911 [Listener at 127.0.0.1/42033] INFO  handler.ContextHandler (ContextHandler.java:doStart(825)) - Started o.e.j.w.WebAppContext@727b65df{hddsDatanode,/,file:///tmp/jetty-0_0_0_0-43387-hadoop-hdds-container-service-0_6_0-SNAPSHOT_jar-_-any-4453146669306280416.dir/webapp/,AVAILABLE}{jar:file:/home/user/.m2/repository/org/apache/hadoop/hadoop-hdds-container-service/0.6.0-SNAPSHOT/hadoop-hdds-container-service-0.6.0-SNAPSHOT.jar!/webapps/hddsDatanode}
2020-06-27 13:09:54,912 [Listener at 127.0.0.1/42033] INFO  server.AbstractConnector (AbstractConnector.java:doStart(330)) - Started ServerConnector@39211108{HTTP/1.1,[http/1.1]}{0.0.0.0:43387}
2020-06-27 13:09:54,913 [Listener at 127.0.0.1/42033] INFO  server.Server (Server.java:doStart(399)) - Started @181535ms
2020-06-27 13:09:54,913 [Listener at 127.0.0.1/42033] WARN  impl.MetricsSystemImpl (MetricsSystemImpl.java:register(276)) - Sink prometheus already exists!
2020-06-27 13:09:54,915 [Listener at 127.0.0.1/42033] INFO  http.BaseHttpServer (BaseHttpServer.java:updateConnectorAddress(327)) - HTTP server of hddsDatanode listening at http://0.0.0.0:43387
2020-06-27 13:09:54,915 [Listener at 127.0.0.1/42033] INFO  impl.MetricsSystemImpl (MetricsSystemImpl.java:init(158)) - HddsDatanode metrics system started (again)
2020-06-27 13:09:54,918 [Listener at 127.0.0.1/42033] INFO  ozone.HddsDatanodeService (HddsDatanodeService.java:start(197)) - HddsDatanodeService host:8c26f3e475a5 ip:172.17.0.2
2020-06-27 13:09:54,921 [Listener at 127.0.0.1/42033] INFO  volume.HddsVolume (HddsVolume.java:<init>(176)) - Creating Volume: /github/workspace/mnt/ozone/hadoop-ozone/integration-test/target/test-dir/MiniOzoneClusterImpl-be392bf5-6f5b-448a-8365-d7ab1effc2dc/datanode-6/data-0/containers/hdds of storage type : DISK and capacity : 9223372036854775807
2020-06-27 13:09:54,921 [Listener at 127.0.0.1/42033] INFO  volume.MutableVolumeSet (MutableVolumeSet.java:initializeVolumeSet(181)) - Added Volume : /github/workspace/mnt/ozone/hadoop-ozone/integration-test/target/test-dir/MiniOzoneClusterImpl-be392bf5-6f5b-448a-8365-d7ab1effc2dc/datanode-6/data-0/containers/hdds to VolumeSet
2020-06-27 13:09:54,921 [Listener at 127.0.0.1/42033] INFO  volume.ThrottledAsyncChecker (ThrottledAsyncChecker.java:schedule(141)) - Scheduling a check for /github/workspace/mnt/ozone/hadoop-ozone/integration-test/target/test-dir/MiniOzoneClusterImpl-be392bf5-6f5b-448a-8365-d7ab1effc2dc/datanode-6/data-0/containers/hdds
2020-06-27 13:09:54,926 [org.apache.hadoop.util.JvmPauseMonitor$Monitor@259fbbae] INFO  util.JvmPauseMonitor (JvmPauseMonitor.java:run(188)) - Starting JVM pause monitor
2020-06-27 13:09:54,927 [Listener at 127.0.0.1/42033] INFO  volume.HddsVolumeChecker (HddsVolumeChecker.java:checkAllVolumes(200)) - Scheduled health check for volume /github/workspace/mnt/ozone/hadoop-ozone/integration-test/target/test-dir/MiniOzoneClusterImpl-be392bf5-6f5b-448a-8365-d7ab1effc2dc/datanode-6/data-0/containers/hdds
2020-06-27 13:09:54,933 [Datanode State Machine Thread - 0] INFO  datanode.InitDatanodeState (InitDatanodeState.java:persistContainerDatanodeDetails(145)) - DatanodeDetails is persisted to /github/workspace/mnt/ozone/hadoop-ozone/integration-test/target/test-dir/MiniOzoneClusterImpl-be392bf5-6f5b-448a-8365-d7ab1effc2dc/datanode-5/meta/datanode.id
2020-06-27 13:09:54,939 [Listener at 127.0.0.1/42033] INFO  impl.RaftServerProxy (ConfUtils.java:logGet(44)) - raft.rpc.type = GRPC (default)
2020-06-27 13:09:54,940 [Listener at 127.0.0.1/42033] INFO  grpc.GrpcFactory (GrpcFactory.java:checkPooledByteBufAllocatorUseCacheForAllThreads(45)) - PERFORMANCE WARNING: useCacheForAllThreads is true that may cause Netty to create a lot garbage objects and, as a result, trigger GC.
	It is recommended to disable useCacheForAllThreads by setting -Dorg.apache.ratis.thirdparty.io.netty.allocator.useCacheForAllThreads=false in command line.
2020-06-27 13:09:54,940 [Listener at 127.0.0.1/42033] INFO  grpc.GrpcConfigKeys (ConfUtils.java:logGet(44)) - raft.grpc.server.port = 0 (default)
2020-06-27 13:09:54,940 [Listener at 127.0.0.1/42033] INFO  server.GrpcService (ConfUtils.java:logGet(44)) - raft.grpc.message.size.max = 32MB (=33554432) (custom)
2020-06-27 13:09:54,940 [Listener at 127.0.0.1/42033] INFO  server.RaftServerConfigKeys (ConfUtils.java:logGet(44)) - raft.server.log.appender.buffer.byte-limit = 33554432 (custom)
2020-06-27 13:09:54,940 [Listener at 127.0.0.1/42033] INFO  server.GrpcService (ConfUtils.java:logGet(44)) - raft.grpc.flow.control.window = 5MB (=5242880) (custom)
2020-06-27 13:09:54,940 [Listener at 127.0.0.1/42033] INFO  server.RaftServerConfigKeys (ConfUtils.java:logGet(44)) - raft.server.rpc.request.timeout = 3s (default)
2020-06-27 13:09:54,941 [Listener at 127.0.0.1/42033] INFO  server.RaftServerConfigKeys (ConfUtils.java:logGet(44)) - raft.server.storage.dir = [/github/workspace/mnt/ozone/hadoop-ozone/integration-test/target/test-dir/MiniOzoneClusterImpl-be392bf5-6f5b-448a-8365-d7ab1effc2dc/datanode-6/data/ratis] (custom)
2020-06-27 13:09:54,945 [Listener at 127.0.0.1/42033] INFO  http.BaseHttpServer (BaseHttpServer.java:newHttpServer2BuilderForOzone(207)) - Starting Web-server for hddsDatanode at: http://0.0.0.0:0
2020-06-27 13:09:54,945 [Listener at 127.0.0.1/42033] INFO  http.BaseHttpServer (BaseHttpServer.java:<init>(106)) - Hadoop Security Enabled: false Ozone Security Enabled: false Ozone HTTP Security Enabled: false 
2020-06-27 13:09:54,948 [Listener at 127.0.0.1/42033] INFO  server.AuthenticationFilter (AuthenticationFilter.java:constructSecretProvider(240)) - Unable to initialize FileSignerSecretProvider, falling back to use random secrets.
2020-06-27 13:09:54,948 [Listener at 127.0.0.1/42033] WARN  http.HttpRequestLog (HttpRequestLog.java:getRequestLog(103)) - Jetty request log can only be enabled using Log4j
2020-06-27 13:09:54,949 [Listener at 127.0.0.1/42033] INFO  http.HttpServer2 (HttpServer2.java:addGlobalFilter(997)) - Added global filter 'safety' (class=org.apache.hadoop.hdds.server.http.HttpServer2$QuotingInputFilter)
2020-06-27 13:09:54,950 [Listener at 127.0.0.1/42033] INFO  http.HttpServer2 (HttpServer2.java:addFilter(973)) - Added filter static_user_filter (class=org.apache.hadoop.http.lib.StaticUserWebFilter$StaticUserFilter) to context hddsDatanode
2020-06-27 13:09:54,950 [Listener at 127.0.0.1/42033] INFO  http.HttpServer2 (HttpServer2.java:addFilter(981)) - Added filter static_user_filter (class=org.apache.hadoop.http.lib.StaticUserWebFilter$StaticUserFilter) to context logs
2020-06-27 13:09:54,950 [Listener at 127.0.0.1/42033] INFO  http.HttpServer2 (HttpServer2.java:addFilter(981)) - Added filter static_user_filter (class=org.apache.hadoop.http.lib.StaticUserWebFilter$StaticUserFilter) to context static
2020-06-27 13:09:54,950 [Listener at 127.0.0.1/42033] INFO  http.HttpServer2 (HttpServer2.java:bindListener(1215)) - Jetty bound to port 38779
2020-06-27 13:09:54,951 [Listener at 127.0.0.1/42033] INFO  server.Server (Server.java:doStart(359)) - jetty-9.4.26.v20200117; built: 2020-01-17T12:35:33.676Z; git: 7b38981d25d14afb4a12ff1f2596756144edf695; jvm 1.8.0_232-b09
2020-06-27 13:09:54,952 [Listener at 127.0.0.1/42033] INFO  server.session (DefaultSessionIdManager.java:doStart(333)) - DefaultSessionIdManager workerName=node0
2020-06-27 13:09:54,952 [Listener at 127.0.0.1/42033] INFO  server.session (DefaultSessionIdManager.java:doStart(338)) - No SessionScavenger set, using defaults
2020-06-27 13:09:54,953 [Listener at 127.0.0.1/42033] INFO  server.session (HouseKeeper.java:startScavenging(140)) - node0 Scavenging every 600000ms
2020-06-27 13:09:54,953 [Listener at 127.0.0.1/42033] INFO  handler.ContextHandler (ContextHandler.java:doStart(825)) - Started o.e.j.s.ServletContextHandler@31daef26{logs,/logs,file:///github/workspace/mnt/ozone/hadoop-ozone/integration-test/target/log,AVAILABLE}
2020-06-27 13:09:54,953 [Listener at 127.0.0.1/42033] INFO  handler.ContextHandler (ContextHandler.java:doStart(825)) - Started o.e.j.s.ServletContextHandler@707c1e41{static,/static,jar:file:/home/user/.m2/repository/org/apache/hadoop/hadoop-hdds-container-service/0.6.0-SNAPSHOT/hadoop-hdds-container-service-0.6.0-SNAPSHOT.jar!/webapps/static,AVAILABLE}
2020-06-27 13:09:54,975 [Listener at 127.0.0.1/42033] INFO  handler.ContextHandler (ContextHandler.java:doStart(825)) - Started o.e.j.w.WebAppContext@3077921f{hddsDatanode,/,file:///tmp/jetty-0_0_0_0-38779-hadoop-hdds-container-service-0_6_0-SNAPSHOT_jar-_-any-97081772503456406.dir/webapp/,AVAILABLE}{jar:file:/home/user/.m2/repository/org/apache/hadoop/hadoop-hdds-container-service/0.6.0-SNAPSHOT/hadoop-hdds-container-service-0.6.0-SNAPSHOT.jar!/webapps/hddsDatanode}
2020-06-27 13:09:54,979 [Listener at 127.0.0.1/42033] INFO  server.AbstractConnector (AbstractConnector.java:doStart(330)) - Started ServerConnector@4765e57{HTTP/1.1,[http/1.1]}{0.0.0.0:38779}
2020-06-27 13:09:54,979 [Listener at 127.0.0.1/42033] INFO  server.Server (Server.java:doStart(399)) - Started @181601ms
2020-06-27 13:09:54,979 [Listener at 127.0.0.1/42033] WARN  impl.MetricsSystemImpl (MetricsSystemImpl.java:register(276)) - Sink prometheus already exists!
2020-06-27 13:09:54,981 [Listener at 127.0.0.1/42033] INFO  http.BaseHttpServer (BaseHttpServer.java:updateConnectorAddress(327)) - HTTP server of hddsDatanode listening at http://0.0.0.0:38779
2020-06-27 13:09:54,982 [Listener at 127.0.0.1/42033] INFO  impl.MetricsSystemImpl (MetricsSystemImpl.java:init(158)) - HddsDatanode metrics system started (again)
2020-06-27 13:09:54,984 [Listener at 127.0.0.1/42033] INFO  ozone.HddsDatanodeService (HddsDatanodeService.java:start(197)) - HddsDatanodeService host:8c26f3e475a5 ip:172.17.0.2
2020-06-27 13:09:54,985 [Listener at 127.0.0.1/42033] INFO  volume.HddsVolume (HddsVolume.java:<init>(176)) - Creating Volume: /github/workspace/mnt/ozone/hadoop-ozone/integration-test/target/test-dir/MiniOzoneClusterImpl-be392bf5-6f5b-448a-8365-d7ab1effc2dc/datanode-7/data-0/containers/hdds of storage type : DISK and capacity : 9223372036854775807
2020-06-27 13:09:54,985 [Listener at 127.0.0.1/42033] INFO  volume.MutableVolumeSet (MutableVolumeSet.java:initializeVolumeSet(181)) - Added Volume : /github/workspace/mnt/ozone/hadoop-ozone/integration-test/target/test-dir/MiniOzoneClusterImpl-be392bf5-6f5b-448a-8365-d7ab1effc2dc/datanode-7/data-0/containers/hdds to VolumeSet
2020-06-27 13:09:54,985 [Listener at 127.0.0.1/42033] INFO  volume.ThrottledAsyncChecker (ThrottledAsyncChecker.java:schedule(141)) - Scheduling a check for /github/workspace/mnt/ozone/hadoop-ozone/integration-test/target/test-dir/MiniOzoneClusterImpl-be392bf5-6f5b-448a-8365-d7ab1effc2dc/datanode-7/data-0/containers/hdds
2020-06-27 13:09:54,986 [Listener at 127.0.0.1/42033] INFO  volume.HddsVolumeChecker (HddsVolumeChecker.java:checkAllVolumes(200)) - Scheduled health check for volume /github/workspace/mnt/ozone/hadoop-ozone/integration-test/target/test-dir/MiniOzoneClusterImpl-be392bf5-6f5b-448a-8365-d7ab1effc2dc/datanode-7/data-0/containers/hdds
2020-06-27 13:09:54,998 [org.apache.hadoop.util.JvmPauseMonitor$Monitor@2fe40dbe] INFO  util.JvmPauseMonitor (JvmPauseMonitor.java:run(188)) - Starting JVM pause monitor
2020-06-27 13:09:54,999 [Datanode State Machine Thread - 0] INFO  datanode.InitDatanodeState (InitDatanodeState.java:persistContainerDatanodeDetails(145)) - DatanodeDetails is persisted to /github/workspace/mnt/ozone/hadoop-ozone/integration-test/target/test-dir/MiniOzoneClusterImpl-be392bf5-6f5b-448a-8365-d7ab1effc2dc/datanode-6/meta/datanode.id
2020-06-27 13:09:55,001 [Listener at 127.0.0.1/42033] INFO  impl.RaftServerProxy (ConfUtils.java:logGet(44)) - raft.rpc.type = GRPC (default)
2020-06-27 13:09:55,001 [Listener at 127.0.0.1/42033] INFO  grpc.GrpcFactory (GrpcFactory.java:checkPooledByteBufAllocatorUseCacheForAllThreads(45)) - PERFORMANCE WARNING: useCacheForAllThreads is true that may cause Netty to create a lot garbage objects and, as a result, trigger GC.
	It is recommended to disable useCacheForAllThreads by setting -Dorg.apache.ratis.thirdparty.io.netty.allocator.useCacheForAllThreads=false in command line.
2020-06-27 13:09:55,001 [Listener at 127.0.0.1/42033] INFO  grpc.GrpcConfigKeys (ConfUtils.java:logGet(44)) - raft.grpc.server.port = 0 (default)
2020-06-27 13:09:55,002 [Listener at 127.0.0.1/42033] INFO  server.GrpcService (ConfUtils.java:logGet(44)) - raft.grpc.message.size.max = 32MB (=33554432) (custom)
2020-06-27 13:09:55,002 [Listener at 127.0.0.1/42033] INFO  server.RaftServerConfigKeys (ConfUtils.java:logGet(44)) - raft.server.log.appender.buffer.byte-limit = 33554432 (custom)
2020-06-27 13:09:55,002 [Listener at 127.0.0.1/42033] INFO  server.GrpcService (ConfUtils.java:logGet(44)) - raft.grpc.flow.control.window = 5MB (=5242880) (custom)
2020-06-27 13:09:55,002 [Listener at 127.0.0.1/42033] INFO  server.RaftServerConfigKeys (ConfUtils.java:logGet(44)) - raft.server.rpc.request.timeout = 3s (default)
2020-06-27 13:09:55,003 [Listener at 127.0.0.1/42033] INFO  server.RaftServerConfigKeys (ConfUtils.java:logGet(44)) - raft.server.storage.dir = [/github/workspace/mnt/ozone/hadoop-ozone/integration-test/target/test-dir/MiniOzoneClusterImpl-be392bf5-6f5b-448a-8365-d7ab1effc2dc/datanode-7/data/ratis] (custom)
2020-06-27 13:09:55,007 [Listener at 127.0.0.1/42033] INFO  http.BaseHttpServer (BaseHttpServer.java:newHttpServer2BuilderForOzone(207)) - Starting Web-server for hddsDatanode at: http://0.0.0.0:0
2020-06-27 13:09:55,007 [Listener at 127.0.0.1/42033] INFO  http.BaseHttpServer (BaseHttpServer.java:<init>(106)) - Hadoop Security Enabled: false Ozone Security Enabled: false Ozone HTTP Security Enabled: false 
2020-06-27 13:09:55,008 [Listener at 127.0.0.1/42033] INFO  server.AuthenticationFilter (AuthenticationFilter.java:constructSecretProvider(240)) - Unable to initialize FileSignerSecretProvider, falling back to use random secrets.
2020-06-27 13:09:55,008 [Listener at 127.0.0.1/42033] WARN  http.HttpRequestLog (HttpRequestLog.java:getRequestLog(103)) - Jetty request log can only be enabled using Log4j
2020-06-27 13:09:55,009 [Listener at 127.0.0.1/42033] INFO  http.HttpServer2 (HttpServer2.java:addGlobalFilter(997)) - Added global filter 'safety' (class=org.apache.hadoop.hdds.server.http.HttpServer2$QuotingInputFilter)
2020-06-27 13:09:55,009 [Listener at 127.0.0.1/42033] INFO  http.HttpServer2 (HttpServer2.java:addFilter(973)) - Added filter static_user_filter (class=org.apache.hadoop.http.lib.StaticUserWebFilter$StaticUserFilter) to context hddsDatanode
2020-06-27 13:09:55,009 [Listener at 127.0.0.1/42033] INFO  http.HttpServer2 (HttpServer2.java:addFilter(981)) - Added filter static_user_filter (class=org.apache.hadoop.http.lib.StaticUserWebFilter$StaticUserFilter) to context logs
2020-06-27 13:09:55,009 [Listener at 127.0.0.1/42033] INFO  http.HttpServer2 (HttpServer2.java:addFilter(981)) - Added filter static_user_filter (class=org.apache.hadoop.http.lib.StaticUserWebFilter$StaticUserFilter) to context static
2020-06-27 13:09:55,010 [Listener at 127.0.0.1/42033] INFO  http.HttpServer2 (HttpServer2.java:bindListener(1215)) - Jetty bound to port 43409
2020-06-27 13:09:55,010 [Listener at 127.0.0.1/42033] INFO  server.Server (Server.java:doStart(359)) - jetty-9.4.26.v20200117; built: 2020-01-17T12:35:33.676Z; git: 7b38981d25d14afb4a12ff1f2596756144edf695; jvm 1.8.0_232-b09
2020-06-27 13:09:55,012 [Listener at 127.0.0.1/42033] INFO  server.session (DefaultSessionIdManager.java:doStart(333)) - DefaultSessionIdManager workerName=node0
2020-06-27 13:09:55,012 [Listener at 127.0.0.1/42033] INFO  server.session (DefaultSessionIdManager.java:doStart(338)) - No SessionScavenger set, using defaults
2020-06-27 13:09:55,012 [Listener at 127.0.0.1/42033] INFO  server.session (HouseKeeper.java:startScavenging(140)) - node0 Scavenging every 660000ms
2020-06-27 13:09:55,013 [Listener at 127.0.0.1/42033] INFO  handler.ContextHandler (ContextHandler.java:doStart(825)) - Started o.e.j.s.ServletContextHandler@304e1e2d{logs,/logs,file:///github/workspace/mnt/ozone/hadoop-ozone/integration-test/target/log,AVAILABLE}
2020-06-27 13:09:55,013 [Listener at 127.0.0.1/42033] INFO  handler.ContextHandler (ContextHandler.java:doStart(825)) - Started o.e.j.s.ServletContextHandler@1b00f65a{static,/static,jar:file:/home/user/.m2/repository/org/apache/hadoop/hadoop-hdds-container-service/0.6.0-SNAPSHOT/hadoop-hdds-container-service-0.6.0-SNAPSHOT.jar!/webapps/static,AVAILABLE}
2020-06-27 13:09:55,030 [Listener at 127.0.0.1/42033] INFO  handler.ContextHandler (ContextHandler.java:doStart(825)) - Started o.e.j.w.WebAppContext@32865c35{hddsDatanode,/,file:///tmp/jetty-0_0_0_0-43409-hadoop-hdds-container-service-0_6_0-SNAPSHOT_jar-_-any-584571361487805012.dir/webapp/,AVAILABLE}{jar:file:/home/user/.m2/repository/org/apache/hadoop/hadoop-hdds-container-service/0.6.0-SNAPSHOT/hadoop-hdds-container-service-0.6.0-SNAPSHOT.jar!/webapps/hddsDatanode}
2020-06-27 13:09:55,031 [Listener at 127.0.0.1/42033] INFO  server.AbstractConnector (AbstractConnector.java:doStart(330)) - Started ServerConnector@703f29b0{HTTP/1.1,[http/1.1]}{0.0.0.0:43409}
2020-06-27 13:09:55,031 [Listener at 127.0.0.1/42033] INFO  server.Server (Server.java:doStart(399)) - Started @181653ms
2020-06-27 13:09:55,031 [Listener at 127.0.0.1/42033] WARN  impl.MetricsSystemImpl (MetricsSystemImpl.java:register(276)) - Sink prometheus already exists!
2020-06-27 13:09:55,034 [Listener at 127.0.0.1/42033] INFO  http.BaseHttpServer (BaseHttpServer.java:updateConnectorAddress(327)) - HTTP server of hddsDatanode listening at http://0.0.0.0:43409
2020-06-27 13:09:55,034 [Listener at 127.0.0.1/42033] INFO  impl.MetricsSystemImpl (MetricsSystemImpl.java:init(158)) - HddsDatanode metrics system started (again)
2020-06-27 13:09:55,037 [Listener at 127.0.0.1/42033] INFO  ozone.HddsDatanodeService (HddsDatanodeService.java:start(197)) - HddsDatanodeService host:8c26f3e475a5 ip:172.17.0.2
2020-06-27 13:09:55,045 [Listener at 127.0.0.1/42033] INFO  volume.HddsVolume (HddsVolume.java:<init>(176)) - Creating Volume: /github/workspace/mnt/ozone/hadoop-ozone/integration-test/target/test-dir/MiniOzoneClusterImpl-be392bf5-6f5b-448a-8365-d7ab1effc2dc/datanode-8/data-0/containers/hdds of storage type : DISK and capacity : 9223372036854775807
2020-06-27 13:09:55,045 [Listener at 127.0.0.1/42033] INFO  volume.MutableVolumeSet (MutableVolumeSet.java:initializeVolumeSet(181)) - Added Volume : /github/workspace/mnt/ozone/hadoop-ozone/integration-test/target/test-dir/MiniOzoneClusterImpl-be392bf5-6f5b-448a-8365-d7ab1effc2dc/datanode-8/data-0/containers/hdds to VolumeSet
2020-06-27 13:09:55,045 [Listener at 127.0.0.1/42033] INFO  volume.ThrottledAsyncChecker (ThrottledAsyncChecker.java:schedule(141)) - Scheduling a check for /github/workspace/mnt/ozone/hadoop-ozone/integration-test/target/test-dir/MiniOzoneClusterImpl-be392bf5-6f5b-448a-8365-d7ab1effc2dc/datanode-8/data-0/containers/hdds
2020-06-27 13:09:55,046 [org.apache.hadoop.util.JvmPauseMonitor$Monitor@5c9c4dc6] INFO  util.JvmPauseMonitor (JvmPauseMonitor.java:run(188)) - Starting JVM pause monitor
2020-06-27 13:09:55,047 [Listener at 127.0.0.1/42033] INFO  volume.HddsVolumeChecker (HddsVolumeChecker.java:checkAllVolumes(200)) - Scheduled health check for volume /github/workspace/mnt/ozone/hadoop-ozone/integration-test/target/test-dir/MiniOzoneClusterImpl-be392bf5-6f5b-448a-8365-d7ab1effc2dc/datanode-8/data-0/containers/hdds
2020-06-27 13:09:55,047 [Datanode State Machine Thread - 0] INFO  datanode.InitDatanodeState (InitDatanodeState.java:persistContainerDatanodeDetails(145)) - DatanodeDetails is persisted to /github/workspace/mnt/ozone/hadoop-ozone/integration-test/target/test-dir/MiniOzoneClusterImpl-be392bf5-6f5b-448a-8365-d7ab1effc2dc/datanode-7/meta/datanode.id
2020-06-27 13:09:55,060 [Listener at 127.0.0.1/42033] INFO  impl.RaftServerProxy (ConfUtils.java:logGet(44)) - raft.rpc.type = GRPC (default)
2020-06-27 13:09:55,060 [Listener at 127.0.0.1/42033] INFO  grpc.GrpcFactory (GrpcFactory.java:checkPooledByteBufAllocatorUseCacheForAllThreads(45)) - PERFORMANCE WARNING: useCacheForAllThreads is true that may cause Netty to create a lot garbage objects and, as a result, trigger GC.
	It is recommended to disable useCacheForAllThreads by setting -Dorg.apache.ratis.thirdparty.io.netty.allocator.useCacheForAllThreads=false in command line.
2020-06-27 13:09:55,060 [Listener at 127.0.0.1/42033] INFO  grpc.GrpcConfigKeys (ConfUtils.java:logGet(44)) - raft.grpc.server.port = 0 (default)
2020-06-27 13:09:55,060 [Listener at 127.0.0.1/42033] INFO  server.GrpcService (ConfUtils.java:logGet(44)) - raft.grpc.message.size.max = 32MB (=33554432) (custom)
2020-06-27 13:09:55,062 [Listener at 127.0.0.1/42033] INFO  server.RaftServerConfigKeys (ConfUtils.java:logGet(44)) - raft.server.log.appender.buffer.byte-limit = 33554432 (custom)
2020-06-27 13:09:55,062 [Listener at 127.0.0.1/42033] INFO  server.GrpcService (ConfUtils.java:logGet(44)) - raft.grpc.flow.control.window = 5MB (=5242880) (custom)
2020-06-27 13:09:55,063 [Listener at 127.0.0.1/42033] INFO  server.RaftServerConfigKeys (ConfUtils.java:logGet(44)) - raft.server.rpc.request.timeout = 3s (default)
2020-06-27 13:09:55,063 [Listener at 127.0.0.1/42033] INFO  server.RaftServerConfigKeys (ConfUtils.java:logGet(44)) - raft.server.storage.dir = [/github/workspace/mnt/ozone/hadoop-ozone/integration-test/target/test-dir/MiniOzoneClusterImpl-be392bf5-6f5b-448a-8365-d7ab1effc2dc/datanode-8/data/ratis] (custom)
2020-06-27 13:09:55,067 [Listener at 127.0.0.1/42033] INFO  http.BaseHttpServer (BaseHttpServer.java:newHttpServer2BuilderForOzone(207)) - Starting Web-server for hddsDatanode at: http://0.0.0.0:0
2020-06-27 13:09:55,067 [Listener at 127.0.0.1/42033] INFO  http.BaseHttpServer (BaseHttpServer.java:<init>(106)) - Hadoop Security Enabled: false Ozone Security Enabled: false Ozone HTTP Security Enabled: false 
2020-06-27 13:09:55,068 [Listener at 127.0.0.1/42033] INFO  server.AuthenticationFilter (AuthenticationFilter.java:constructSecretProvider(240)) - Unable to initialize FileSignerSecretProvider, falling back to use random secrets.
2020-06-27 13:09:55,068 [Listener at 127.0.0.1/42033] WARN  http.HttpRequestLog (HttpRequestLog.java:getRequestLog(103)) - Jetty request log can only be enabled using Log4j
2020-06-27 13:09:55,069 [Listener at 127.0.0.1/42033] INFO  http.HttpServer2 (HttpServer2.java:addGlobalFilter(997)) - Added global filter 'safety' (class=org.apache.hadoop.hdds.server.http.HttpServer2$QuotingInputFilter)
2020-06-27 13:09:55,069 [Listener at 127.0.0.1/42033] INFO  http.HttpServer2 (HttpServer2.java:addFilter(973)) - Added filter static_user_filter (class=org.apache.hadoop.http.lib.StaticUserWebFilter$StaticUserFilter) to context hddsDatanode
2020-06-27 13:09:55,069 [Listener at 127.0.0.1/42033] INFO  http.HttpServer2 (HttpServer2.java:addFilter(981)) - Added filter static_user_filter (class=org.apache.hadoop.http.lib.StaticUserWebFilter$StaticUserFilter) to context static
2020-06-27 13:09:55,069 [Listener at 127.0.0.1/42033] INFO  http.HttpServer2 (HttpServer2.java:addFilter(981)) - Added filter static_user_filter (class=org.apache.hadoop.http.lib.StaticUserWebFilter$StaticUserFilter) to context logs
2020-06-27 13:09:55,070 [Listener at 127.0.0.1/42033] INFO  http.HttpServer2 (HttpServer2.java:bindListener(1215)) - Jetty bound to port 42699
2020-06-27 13:09:55,070 [Listener at 127.0.0.1/42033] INFO  server.Server (Server.java:doStart(359)) - jetty-9.4.26.v20200117; built: 2020-01-17T12:35:33.676Z; git: 7b38981d25d14afb4a12ff1f2596756144edf695; jvm 1.8.0_232-b09
2020-06-27 13:09:55,071 [Listener at 127.0.0.1/42033] INFO  server.session (DefaultSessionIdManager.java:doStart(333)) - DefaultSessionIdManager workerName=node0
2020-06-27 13:09:55,071 [Listener at 127.0.0.1/42033] INFO  server.session (DefaultSessionIdManager.java:doStart(338)) - No SessionScavenger set, using defaults
2020-06-27 13:09:55,072 [Listener at 127.0.0.1/42033] INFO  server.session (HouseKeeper.java:startScavenging(140)) - node0 Scavenging every 660000ms
2020-06-27 13:09:55,072 [Listener at 127.0.0.1/42033] INFO  handler.ContextHandler (ContextHandler.java:doStart(825)) - Started o.e.j.s.ServletContextHandler@14796b9e{logs,/logs,file:///github/workspace/mnt/ozone/hadoop-ozone/integration-test/target/log,AVAILABLE}
2020-06-27 13:09:55,072 [Listener at 127.0.0.1/42033] INFO  handler.ContextHandler (ContextHandler.java:doStart(825)) - Started o.e.j.s.ServletContextHandler@56b6e072{static,/static,jar:file:/home/user/.m2/repository/org/apache/hadoop/hadoop-hdds-container-service/0.6.0-SNAPSHOT/hadoop-hdds-container-service-0.6.0-SNAPSHOT.jar!/webapps/static,AVAILABLE}
2020-06-27 13:09:55,087 [Listener at 127.0.0.1/42033] INFO  handler.ContextHandler (ContextHandler.java:doStart(825)) - Started o.e.j.w.WebAppContext@44c66c7b{hddsDatanode,/,file:///tmp/jetty-0_0_0_0-42699-hadoop-hdds-container-service-0_6_0-SNAPSHOT_jar-_-any-7064915914291800230.dir/webapp/,AVAILABLE}{jar:file:/home/user/.m2/repository/org/apache/hadoop/hadoop-hdds-container-service/0.6.0-SNAPSHOT/hadoop-hdds-container-service-0.6.0-SNAPSHOT.jar!/webapps/hddsDatanode}
2020-06-27 13:09:55,088 [Listener at 127.0.0.1/42033] INFO  server.AbstractConnector (AbstractConnector.java:doStart(330)) - Started ServerConnector@51f7265b{HTTP/1.1,[http/1.1]}{0.0.0.0:42699}
2020-06-27 13:09:55,088 [Listener at 127.0.0.1/42033] INFO  server.Server (Server.java:doStart(399)) - Started @181710ms
2020-06-27 13:09:55,088 [Listener at 127.0.0.1/42033] WARN  impl.MetricsSystemImpl (MetricsSystemImpl.java:register(276)) - Sink prometheus already exists!
2020-06-27 13:09:55,091 [Listener at 127.0.0.1/42033] INFO  http.BaseHttpServer (BaseHttpServer.java:updateConnectorAddress(327)) - HTTP server of hddsDatanode listening at http://0.0.0.0:42699
2020-06-27 13:09:55,091 [Listener at 127.0.0.1/42033] INFO  ozone.MiniOzoneClusterImpl (MiniOzoneClusterImpl.java:lambda$waitForClusterToBeReady$0(177)) - Waiting for nodes to be ready. Got 0 of 9 DN Heartbeats.
2020-06-27 13:09:55,096 [Listener at 127.0.0.1/42033] INFO  ozone.MiniOzoneClusterImpl (MiniOzoneClusterImpl.java:lambda$waitForClusterToBeReady$0(180)) - Waiting for cluster to exit safe mode
2020-06-27 13:09:55,098 [org.apache.hadoop.util.JvmPauseMonitor$Monitor@6c90da60] INFO  util.JvmPauseMonitor (JvmPauseMonitor.java:run(188)) - Starting JVM pause monitor
2020-06-27 13:09:55,101 [Datanode State Machine Thread - 0] INFO  datanode.InitDatanodeState (InitDatanodeState.java:persistContainerDatanodeDetails(145)) - DatanodeDetails is persisted to /github/workspace/mnt/ozone/hadoop-ozone/integration-test/target/test-dir/MiniOzoneClusterImpl-be392bf5-6f5b-448a-8365-d7ab1effc2dc/datanode-8/meta/datanode.id
2020-06-27 13:09:56,097 [Listener at 127.0.0.1/42033] INFO  ozone.MiniOzoneClusterImpl (MiniOzoneClusterImpl.java:lambda$waitForClusterToBeReady$0(177)) - Waiting for nodes to be ready. Got 0 of 9 DN Heartbeats.
2020-06-27 13:09:56,097 [Listener at 127.0.0.1/42033] INFO  ozone.MiniOzoneClusterImpl (MiniOzoneClusterImpl.java:lambda$waitForClusterToBeReady$0(180)) - Waiting for cluster to exit safe mode
2020-06-27 13:09:56,566 [Datanode State Machine Thread - 0] INFO  ozoneimpl.OzoneContainer (OzoneContainer.java:start(232)) - Attempting to start container services.
2020-06-27 13:09:56,566 [Datanode State Machine Thread - 0] INFO  ozoneimpl.OzoneContainer (OzoneContainer.java:startContainerScrub(196)) - Background container scanner has been disabled.
2020-06-27 13:09:56,566 [Datanode State Machine Thread - 0] INFO  ratis.XceiverServerRatis (XceiverServerRatis.java:start(425)) - Starting XceiverServerRatis a2bafefd-dd5c-4b30-b732-4244b0e7007a at port 0
2020-06-27 13:09:56,567 [Datanode State Machine Thread - 0] INFO  impl.RaftServerProxy (RaftServerProxy.java:lambda$start$3(304)) - a2bafefd-dd5c-4b30-b732-4244b0e7007a: start RPC server
2020-06-27 13:09:56,568 [Datanode State Machine Thread - 0] INFO  server.GrpcService (GrpcService.java:startImpl(160)) - a2bafefd-dd5c-4b30-b732-4244b0e7007a: GrpcService started, listening on 0.0.0.0/0.0.0.0:39063
2020-06-27 13:09:56,568 [Datanode State Machine Thread - 0] INFO  ratis.XceiverServerRatis (XceiverServerRatis.java:start(437)) - XceiverServerRatis a2bafefd-dd5c-4b30-b732-4244b0e7007a is started using port 39063
2020-06-27 13:09:56,571 [Datanode State Machine Thread - 0] INFO  server.XceiverServerGrpc (XceiverServerGrpc.java:start(145)) - XceiverServerGrpc a2bafefd-dd5c-4b30-b732-4244b0e7007a is started using port 43355
2020-06-27 13:09:56,613 [Datanode State Machine Thread - 0] INFO  ozoneimpl.OzoneContainer (OzoneContainer.java:start(232)) - Attempting to start container services.
2020-06-27 13:09:56,614 [Datanode State Machine Thread - 0] INFO  ozoneimpl.OzoneContainer (OzoneContainer.java:startContainerScrub(196)) - Background container scanner has been disabled.
2020-06-27 13:09:56,614 [Datanode State Machine Thread - 0] INFO  ratis.XceiverServerRatis (XceiverServerRatis.java:start(425)) - Starting XceiverServerRatis f0f3ddfc-f4e8-4f2e-975c-cdf5158be850 at port 0
2020-06-27 13:09:56,615 [Datanode State Machine Thread - 0] INFO  impl.RaftServerProxy (RaftServerProxy.java:lambda$start$3(304)) - f0f3ddfc-f4e8-4f2e-975c-cdf5158be850: start RPC server
2020-06-27 13:09:56,616 [Datanode State Machine Thread - 0] INFO  server.GrpcService (GrpcService.java:startImpl(160)) - f0f3ddfc-f4e8-4f2e-975c-cdf5158be850: GrpcService started, listening on 0.0.0.0/0.0.0.0:41819
2020-06-27 13:09:56,616 [Datanode State Machine Thread - 0] INFO  ratis.XceiverServerRatis (XceiverServerRatis.java:start(437)) - XceiverServerRatis f0f3ddfc-f4e8-4f2e-975c-cdf5158be850 is started using port 41819
2020-06-27 13:09:56,616 [Datanode State Machine Thread - 0] INFO  server.XceiverServerGrpc (XceiverServerGrpc.java:start(145)) - XceiverServerGrpc f0f3ddfc-f4e8-4f2e-975c-cdf5158be850 is started using port 36849
2020-06-27 13:09:56,761 [Datanode State Machine Thread - 0] INFO  ozoneimpl.OzoneContainer (OzoneContainer.java:start(232)) - Attempting to start container services.
2020-06-27 13:09:56,761 [Datanode State Machine Thread - 0] INFO  ozoneimpl.OzoneContainer (OzoneContainer.java:startContainerScrub(196)) - Background container scanner has been disabled.
2020-06-27 13:09:56,761 [Datanode State Machine Thread - 0] INFO  ratis.XceiverServerRatis (XceiverServerRatis.java:start(425)) - Starting XceiverServerRatis 01d5352d-883b-4a7a-89e4-dfaba3730f16 at port 0
2020-06-27 13:09:56,762 [Datanode State Machine Thread - 0] INFO  impl.RaftServerProxy (RaftServerProxy.java:lambda$start$3(304)) - 01d5352d-883b-4a7a-89e4-dfaba3730f16: start RPC server
2020-06-27 13:09:56,763 [Datanode State Machine Thread - 0] INFO  server.GrpcService (GrpcService.java:startImpl(160)) - 01d5352d-883b-4a7a-89e4-dfaba3730f16: GrpcService started, listening on 0.0.0.0/0.0.0.0:45929
2020-06-27 13:09:56,763 [Datanode State Machine Thread - 0] INFO  ratis.XceiverServerRatis (XceiverServerRatis.java:start(437)) - XceiverServerRatis 01d5352d-883b-4a7a-89e4-dfaba3730f16 is started using port 45929
2020-06-27 13:09:56,765 [Datanode State Machine Thread - 0] INFO  server.XceiverServerGrpc (XceiverServerGrpc.java:start(145)) - XceiverServerGrpc 01d5352d-883b-4a7a-89e4-dfaba3730f16 is started using port 39583
2020-06-27 13:09:56,824 [Datanode State Machine Thread - 0] INFO  ozoneimpl.OzoneContainer (OzoneContainer.java:start(232)) - Attempting to start container services.
2020-06-27 13:09:56,824 [Datanode State Machine Thread - 0] INFO  ozoneimpl.OzoneContainer (OzoneContainer.java:startContainerScrub(196)) - Background container scanner has been disabled.
2020-06-27 13:09:56,824 [Datanode State Machine Thread - 0] INFO  ratis.XceiverServerRatis (XceiverServerRatis.java:start(425)) - Starting XceiverServerRatis 6b6556c7-e86b-4d09-a7c4-600764c42b3c at port 0
2020-06-27 13:09:56,825 [Datanode State Machine Thread - 0] INFO  impl.RaftServerProxy (RaftServerProxy.java:lambda$start$3(304)) - 6b6556c7-e86b-4d09-a7c4-600764c42b3c: start RPC server
2020-06-27 13:09:56,825 [Datanode State Machine Thread - 0] INFO  server.GrpcService (GrpcService.java:startImpl(160)) - 6b6556c7-e86b-4d09-a7c4-600764c42b3c: GrpcService started, listening on 0.0.0.0/0.0.0.0:42637
2020-06-27 13:09:56,825 [Datanode State Machine Thread - 0] INFO  ratis.XceiverServerRatis (XceiverServerRatis.java:start(437)) - XceiverServerRatis 6b6556c7-e86b-4d09-a7c4-600764c42b3c is started using port 42637
2020-06-27 13:09:56,826 [Datanode State Machine Thread - 0] INFO  server.XceiverServerGrpc (XceiverServerGrpc.java:start(145)) - XceiverServerGrpc 6b6556c7-e86b-4d09-a7c4-600764c42b3c is started using port 39673
2020-06-27 13:09:56,867 [Datanode State Machine Thread - 0] INFO  ozoneimpl.OzoneContainer (OzoneContainer.java:start(232)) - Attempting to start container services.
2020-06-27 13:09:56,867 [Datanode State Machine Thread - 0] INFO  ozoneimpl.OzoneContainer (OzoneContainer.java:startContainerScrub(196)) - Background container scanner has been disabled.
2020-06-27 13:09:56,867 [Datanode State Machine Thread - 0] INFO  ratis.XceiverServerRatis (XceiverServerRatis.java:start(425)) - Starting XceiverServerRatis 8dcf8d51-1e28-44e7-81d8-398880dae795 at port 0
2020-06-27 13:09:56,868 [Datanode State Machine Thread - 0] INFO  impl.RaftServerProxy (RaftServerProxy.java:lambda$start$3(304)) - 8dcf8d51-1e28-44e7-81d8-398880dae795: start RPC server
2020-06-27 13:09:56,868 [Datanode State Machine Thread - 0] INFO  server.GrpcService (GrpcService.java:startImpl(160)) - 8dcf8d51-1e28-44e7-81d8-398880dae795: GrpcService started, listening on 0.0.0.0/0.0.0.0:39271
2020-06-27 13:09:56,868 [Datanode State Machine Thread - 0] INFO  ratis.XceiverServerRatis (XceiverServerRatis.java:start(437)) - XceiverServerRatis 8dcf8d51-1e28-44e7-81d8-398880dae795 is started using port 39271
2020-06-27 13:09:56,869 [Datanode State Machine Thread - 0] INFO  server.XceiverServerGrpc (XceiverServerGrpc.java:start(145)) - XceiverServerGrpc 8dcf8d51-1e28-44e7-81d8-398880dae795 is started using port 39609
2020-06-27 13:09:56,929 [Datanode State Machine Thread - 0] INFO  ozoneimpl.OzoneContainer (OzoneContainer.java:start(232)) - Attempting to start container services.
2020-06-27 13:09:56,929 [Datanode State Machine Thread - 0] INFO  ozoneimpl.OzoneContainer (OzoneContainer.java:startContainerScrub(196)) - Background container scanner has been disabled.
2020-06-27 13:09:56,929 [Datanode State Machine Thread - 0] INFO  ratis.XceiverServerRatis (XceiverServerRatis.java:start(425)) - Starting XceiverServerRatis 184b46bf-ef61-46dc-b1d3-41467ae6739f at port 0
2020-06-27 13:09:56,930 [Datanode State Machine Thread - 0] INFO  impl.RaftServerProxy (RaftServerProxy.java:lambda$start$3(304)) - 184b46bf-ef61-46dc-b1d3-41467ae6739f: start RPC server
2020-06-27 13:09:56,930 [Datanode State Machine Thread - 0] INFO  server.GrpcService (GrpcService.java:startImpl(160)) - 184b46bf-ef61-46dc-b1d3-41467ae6739f: GrpcService started, listening on 0.0.0.0/0.0.0.0:41953
2020-06-27 13:09:56,931 [Datanode State Machine Thread - 0] INFO  ratis.XceiverServerRatis (XceiverServerRatis.java:start(437)) - XceiverServerRatis 184b46bf-ef61-46dc-b1d3-41467ae6739f is started using port 41953
2020-06-27 13:09:56,935 [Datanode State Machine Thread - 0] INFO  server.XceiverServerGrpc (XceiverServerGrpc.java:start(145)) - XceiverServerGrpc 184b46bf-ef61-46dc-b1d3-41467ae6739f is started using port 40295
2020-06-27 13:09:57,001 [Datanode State Machine Thread - 0] INFO  ozoneimpl.OzoneContainer (OzoneContainer.java:start(232)) - Attempting to start container services.
2020-06-27 13:09:57,001 [Datanode State Machine Thread - 0] INFO  ozoneimpl.OzoneContainer (OzoneContainer.java:startContainerScrub(196)) - Background container scanner has been disabled.
2020-06-27 13:09:57,001 [Datanode State Machine Thread - 0] INFO  ratis.XceiverServerRatis (XceiverServerRatis.java:start(425)) - Starting XceiverServerRatis be204a00-db90-4592-9b0e-cef66b76ef3d at port 0
2020-06-27 13:09:57,003 [Datanode State Machine Thread - 0] INFO  impl.RaftServerProxy (RaftServerProxy.java:lambda$start$3(304)) - be204a00-db90-4592-9b0e-cef66b76ef3d: start RPC server
2020-06-27 13:09:57,003 [Datanode State Machine Thread - 0] INFO  server.GrpcService (GrpcService.java:startImpl(160)) - be204a00-db90-4592-9b0e-cef66b76ef3d: GrpcService started, listening on 0.0.0.0/0.0.0.0:37437
2020-06-27 13:09:57,003 [Datanode State Machine Thread - 0] INFO  ratis.XceiverServerRatis (XceiverServerRatis.java:start(437)) - XceiverServerRatis be204a00-db90-4592-9b0e-cef66b76ef3d is started using port 37437
2020-06-27 13:09:57,004 [Datanode State Machine Thread - 0] INFO  server.XceiverServerGrpc (XceiverServerGrpc.java:start(145)) - XceiverServerGrpc be204a00-db90-4592-9b0e-cef66b76ef3d is started using port 42083
2020-06-27 13:09:57,048 [Datanode State Machine Thread - 0] INFO  ozoneimpl.OzoneContainer (OzoneContainer.java:start(232)) - Attempting to start container services.
2020-06-27 13:09:57,048 [Datanode State Machine Thread - 0] INFO  ozoneimpl.OzoneContainer (OzoneContainer.java:startContainerScrub(196)) - Background container scanner has been disabled.
2020-06-27 13:09:57,048 [Datanode State Machine Thread - 0] INFO  ratis.XceiverServerRatis (XceiverServerRatis.java:start(425)) - Starting XceiverServerRatis 0f19b122-cd9b-47a6-95cf-d36138869577 at port 0
2020-06-27 13:09:57,053 [Datanode State Machine Thread - 0] INFO  impl.RaftServerProxy (RaftServerProxy.java:lambda$start$3(304)) - 0f19b122-cd9b-47a6-95cf-d36138869577: start RPC server
2020-06-27 13:09:57,054 [Datanode State Machine Thread - 0] INFO  server.GrpcService (GrpcService.java:startImpl(160)) - 0f19b122-cd9b-47a6-95cf-d36138869577: GrpcService started, listening on 0.0.0.0/0.0.0.0:38029
2020-06-27 13:09:57,054 [Datanode State Machine Thread - 0] INFO  ratis.XceiverServerRatis (XceiverServerRatis.java:start(437)) - XceiverServerRatis 0f19b122-cd9b-47a6-95cf-d36138869577 is started using port 38029
2020-06-27 13:09:57,055 [Datanode State Machine Thread - 0] INFO  server.XceiverServerGrpc (XceiverServerGrpc.java:start(145)) - XceiverServerGrpc 0f19b122-cd9b-47a6-95cf-d36138869577 is started using port 34173
2020-06-27 13:09:57,097 [Listener at 127.0.0.1/42033] INFO  ozone.MiniOzoneClusterImpl (MiniOzoneClusterImpl.java:lambda$waitForClusterToBeReady$0(177)) - Waiting for nodes to be ready. Got 0 of 9 DN Heartbeats.
2020-06-27 13:09:57,098 [Listener at 127.0.0.1/42033] INFO  ozone.MiniOzoneClusterImpl (MiniOzoneClusterImpl.java:lambda$waitForClusterToBeReady$0(180)) - Waiting for cluster to exit safe mode
2020-06-27 13:09:57,100 [Datanode State Machine Thread - 0] INFO  ozoneimpl.OzoneContainer (OzoneContainer.java:start(232)) - Attempting to start container services.
2020-06-27 13:09:57,100 [Datanode State Machine Thread - 0] INFO  ozoneimpl.OzoneContainer (OzoneContainer.java:startContainerScrub(196)) - Background container scanner has been disabled.
2020-06-27 13:09:57,101 [Datanode State Machine Thread - 0] INFO  ratis.XceiverServerRatis (XceiverServerRatis.java:start(425)) - Starting XceiverServerRatis 0201d36d-1085-4799-9661-b850b2c36954 at port 0
2020-06-27 13:09:57,101 [Datanode State Machine Thread - 0] INFO  impl.RaftServerProxy (RaftServerProxy.java:lambda$start$3(304)) - 0201d36d-1085-4799-9661-b850b2c36954: start RPC server
2020-06-27 13:09:57,102 [Datanode State Machine Thread - 0] INFO  server.GrpcService (GrpcService.java:startImpl(160)) - 0201d36d-1085-4799-9661-b850b2c36954: GrpcService started, listening on 0.0.0.0/0.0.0.0:35501
2020-06-27 13:09:57,102 [Datanode State Machine Thread - 0] INFO  ratis.XceiverServerRatis (XceiverServerRatis.java:start(437)) - XceiverServerRatis 0201d36d-1085-4799-9661-b850b2c36954 is started using port 35501
2020-06-27 13:09:57,102 [Datanode State Machine Thread - 0] INFO  server.XceiverServerGrpc (XceiverServerGrpc.java:start(145)) - XceiverServerGrpc 0201d36d-1085-4799-9661-b850b2c36954 is started using port 44255
2020-06-27 13:09:58,098 [Listener at 127.0.0.1/42033] INFO  ozone.MiniOzoneClusterImpl (MiniOzoneClusterImpl.java:lambda$waitForClusterToBeReady$0(177)) - Waiting for nodes to be ready. Got 0 of 9 DN Heartbeats.
2020-06-27 13:09:58,098 [Listener at 127.0.0.1/42033] INFO  ozone.MiniOzoneClusterImpl (MiniOzoneClusterImpl.java:lambda$waitForClusterToBeReady$0(180)) - Waiting for cluster to exit safe mode
2020-06-27 13:09:58,564 [IPC Server handler 0 on default port 39547] INFO  net.NetworkTopology (NetworkTopologyImpl.java:add(111)) - Added a new node: /default-rack/a2bafefd-dd5c-4b30-b732-4244b0e7007a
2020-06-27 13:09:58,564 [IPC Server handler 0 on default port 39547] INFO  node.SCMNodeManager (SCMNodeManager.java:register(268)) - Registered Data node : a2bafefd-dd5c-4b30-b732-4244b0e7007a{ip: 172.17.0.2, host: 8c26f3e475a5, networkLocation: /default-rack, certSerialId: null}
2020-06-27 13:09:58,564 [RatisPipelineUtilsThread] INFO  pipeline.RatisPipelineProvider (RatisPipelineProvider.java:lambda$create$0(138)) - Sending CreatePipelineCommand for pipeline:PipelineID=130ec2aa-8901-4bad-83d2-793dca219d68 to datanode:a2bafefd-dd5c-4b30-b732-4244b0e7007a
2020-06-27 13:09:58,565 [EventQueue-NodeRegistrationContainerReportForDataNodeSafeModeRule] INFO  safemode.SCMSafeModeManager (DataNodeSafeModeRule.java:process(71)) - SCM in safe mode. 1 DataNodes registered, 1 required.
2020-06-27 13:09:58,565 [EventQueue-NodeRegistrationContainerReportForDataNodeSafeModeRule] INFO  safemode.SCMSafeModeManager (SCMSafeModeManager.java:validateSafeModeExitRules(214)) - DataNodeSafeModeRule rule is successfully validated
2020-06-27 13:09:58,565 [RatisPipelineUtilsThread] INFO  pipeline.PipelineStateManager (PipelineStateManager.java:addPipeline(54)) - Created pipeline Pipeline[ Id: 130ec2aa-8901-4bad-83d2-793dca219d68, Nodes: a2bafefd-dd5c-4b30-b732-4244b0e7007a{ip: 172.17.0.2, host: 8c26f3e475a5, networkLocation: /default-rack, certSerialId: null}, Type:RATIS, Factor:ONE, State:ALLOCATED, leaderId:, CreationTimestamp2020-06-27T13:09:58.564Z]
2020-06-27 13:09:58,565 [EventQueue-NodeRegistrationContainerReportForDataNodeSafeModeRule] INFO  safemode.SCMSafeModeManager (SCMSafeModeManager.java:completePreCheck(242)) - All SCM safe mode pre check rules have passed
2020-06-27 13:09:58,566 [RatisPipelineUtilsThread] ERROR pipeline.SCMPipelineManager (SCMPipelineManager.java:createPipeline(222)) - Failed to create pipeline of type RATIS and factor ONE. Exception: Cannot create pipeline of factor 1 using 0 nodes. Used 1 nodes. Healthy nodes 1
2020-06-27 13:09:58,569 [EventQueue-NodeRegistrationContainerReportForContainerSafeModeRule] INFO  safemode.SCMSafeModeManager (SCMSafeModeManager.java:validateSafeModeExitRules(214)) - ContainerSafeModeRule rule is successfully validated
2020-06-27 13:09:58,570 [RatisPipelineUtilsThread] ERROR pipeline.SCMPipelineManager (SCMPipelineManager.java:createPipeline(222)) - Failed to create pipeline of type RATIS and factor ONE. Exception: Cannot create pipeline of factor 1 using 0 nodes. Used 1 nodes. Healthy nodes 1
2020-06-27 13:09:58,570 [RatisPipelineUtilsThread] WARN  pipeline.PipelinePlacementPolicy (PipelinePlacementPolicy.java:filterViableNodes(133)) - Pipeline creation failed due to no sufficient healthy datanodes. Required 3. Found 1.
2020-06-27 13:09:58,570 [RatisPipelineUtilsThread] ERROR pipeline.SCMPipelineManager (SCMPipelineManager.java:createPipeline(222)) - Failed to create pipeline of type RATIS and factor THREE. Exception: Pipeline creation failed due to no sufficient healthy datanodes. Required 3. Found 1.
2020-06-27 13:09:58,612 [IPC Server handler 1 on default port 39547] INFO  net.NetworkTopology (NetworkTopologyImpl.java:add(111)) - Added a new node: /default-rack/f0f3ddfc-f4e8-4f2e-975c-cdf5158be850
2020-06-27 13:09:58,612 [IPC Server handler 1 on default port 39547] INFO  node.SCMNodeManager (SCMNodeManager.java:register(268)) - Registered Data node : f0f3ddfc-f4e8-4f2e-975c-cdf5158be850{ip: 172.17.0.2, host: 8c26f3e475a5, networkLocation: /default-rack, certSerialId: null}
2020-06-27 13:09:58,612 [RatisPipelineUtilsThread] INFO  pipeline.RatisPipelineProvider (RatisPipelineProvider.java:lambda$create$0(138)) - Sending CreatePipelineCommand for pipeline:PipelineID=00cb7382-162f-4fe2-aa3f-d6397a72550e to datanode:f0f3ddfc-f4e8-4f2e-975c-cdf5158be850
2020-06-27 13:09:58,613 [RatisPipelineUtilsThread] INFO  pipeline.PipelineStateManager (PipelineStateManager.java:addPipeline(54)) - Created pipeline Pipeline[ Id: 00cb7382-162f-4fe2-aa3f-d6397a72550e, Nodes: f0f3ddfc-f4e8-4f2e-975c-cdf5158be850{ip: 172.17.0.2, host: 8c26f3e475a5, networkLocation: /default-rack, certSerialId: null}, Type:RATIS, Factor:ONE, State:ALLOCATED, leaderId:, CreationTimestamp2020-06-27T13:09:58.612Z]
2020-06-27 13:09:58,613 [RatisPipelineUtilsThread] ERROR pipeline.SCMPipelineManager (SCMPipelineManager.java:createPipeline(222)) - Failed to create pipeline of type RATIS and factor ONE. Exception: Cannot create pipeline of factor 1 using 0 nodes. Used 2 nodes. Healthy nodes 2
2020-06-27 13:09:58,613 [RatisPipelineUtilsThread] WARN  pipeline.PipelinePlacementPolicy (PipelinePlacementPolicy.java:filterViableNodes(133)) - Pipeline creation failed due to no sufficient healthy datanodes. Required 3. Found 2.
2020-06-27 13:09:58,613 [RatisPipelineUtilsThread] ERROR pipeline.SCMPipelineManager (SCMPipelineManager.java:createPipeline(222)) - Failed to create pipeline of type RATIS and factor THREE. Exception: Pipeline creation failed due to no sufficient healthy datanodes. Required 3. Found 2.
2020-06-27 13:09:58,613 [EventQueue-NodeRegistrationContainerReportForDataNodeSafeModeRule] INFO  safemode.SCMSafeModeManager (SCMSafeModeManager.java:validateSafeModeExitRules(214)) - DataNodeSafeModeRule rule is successfully validated
2020-06-27 13:09:58,613 [EventQueue-NodeRegistrationContainerReportForContainerSafeModeRule] INFO  safemode.SCMSafeModeManager (SCMSafeModeManager.java:validateSafeModeExitRules(214)) - ContainerSafeModeRule rule is successfully validated
2020-06-27 13:09:58,760 [IPC Server handler 3 on default port 39547] INFO  net.NetworkTopology (NetworkTopologyImpl.java:add(111)) - Added a new node: /default-rack/01d5352d-883b-4a7a-89e4-dfaba3730f16
2020-06-27 13:09:58,760 [IPC Server handler 3 on default port 39547] INFO  node.SCMNodeManager (SCMNodeManager.java:register(268)) - Registered Data node : 01d5352d-883b-4a7a-89e4-dfaba3730f16{ip: 172.17.0.2, host: 8c26f3e475a5, networkLocation: /default-rack, certSerialId: null}
2020-06-27 13:09:58,760 [RatisPipelineUtilsThread] INFO  pipeline.RatisPipelineProvider (RatisPipelineProvider.java:lambda$create$0(138)) - Sending CreatePipelineCommand for pipeline:PipelineID=3268e29f-ff7b-4ecd-a0d1-9c1948224e07 to datanode:01d5352d-883b-4a7a-89e4-dfaba3730f16
2020-06-27 13:09:58,760 [EventQueue-NodeRegistrationContainerReportForContainerSafeModeRule] INFO  safemode.SCMSafeModeManager (SCMSafeModeManager.java:validateSafeModeExitRules(214)) - ContainerSafeModeRule rule is successfully validated
2020-06-27 13:09:58,760 [RatisPipelineUtilsThread] INFO  pipeline.PipelineStateManager (PipelineStateManager.java:addPipeline(54)) - Created pipeline Pipeline[ Id: 3268e29f-ff7b-4ecd-a0d1-9c1948224e07, Nodes: 01d5352d-883b-4a7a-89e4-dfaba3730f16{ip: 172.17.0.2, host: 8c26f3e475a5, networkLocation: /default-rack, certSerialId: null}, Type:RATIS, Factor:ONE, State:ALLOCATED, leaderId:, CreationTimestamp2020-06-27T13:09:58.760Z]
2020-06-27 13:09:58,761 [RatisPipelineUtilsThread] ERROR pipeline.SCMPipelineManager (SCMPipelineManager.java:createPipeline(222)) - Failed to create pipeline of type RATIS and factor ONE. Exception: Cannot create pipeline of factor 1 using 0 nodes. Used 3 nodes. Healthy nodes 3
2020-06-27 13:09:58,761 [EventQueue-NodeRegistrationContainerReportForDataNodeSafeModeRule] INFO  safemode.SCMSafeModeManager (SCMSafeModeManager.java:validateSafeModeExitRules(214)) - DataNodeSafeModeRule rule is successfully validated
2020-06-27 13:09:58,761 [RatisPipelineUtilsThread] INFO  pipeline.RatisPipelineProvider (RatisPipelineProvider.java:lambda$create$0(138)) - Sending CreatePipelineCommand for pipeline:PipelineID=8dbdd0bf-b681-4e76-b49e-8e324b84697d to datanode:a2bafefd-dd5c-4b30-b732-4244b0e7007a
2020-06-27 13:09:58,761 [RatisPipelineUtilsThread] INFO  pipeline.RatisPipelineProvider (RatisPipelineProvider.java:lambda$create$0(138)) - Sending CreatePipelineCommand for pipeline:PipelineID=8dbdd0bf-b681-4e76-b49e-8e324b84697d to datanode:01d5352d-883b-4a7a-89e4-dfaba3730f16
2020-06-27 13:09:58,761 [RatisPipelineUtilsThread] INFO  pipeline.RatisPipelineProvider (RatisPipelineProvider.java:lambda$create$0(138)) - Sending CreatePipelineCommand for pipeline:PipelineID=8dbdd0bf-b681-4e76-b49e-8e324b84697d to datanode:f0f3ddfc-f4e8-4f2e-975c-cdf5158be850
2020-06-27 13:09:58,764 [RatisPipelineUtilsThread] INFO  pipeline.PipelineStateManager (PipelineStateManager.java:addPipeline(54)) - Created pipeline Pipeline[ Id: 8dbdd0bf-b681-4e76-b49e-8e324b84697d, Nodes: a2bafefd-dd5c-4b30-b732-4244b0e7007a{ip: 172.17.0.2, host: 8c26f3e475a5, networkLocation: /default-rack, certSerialId: null}01d5352d-883b-4a7a-89e4-dfaba3730f16{ip: 172.17.0.2, host: 8c26f3e475a5, networkLocation: /default-rack, certSerialId: null}f0f3ddfc-f4e8-4f2e-975c-cdf5158be850{ip: 172.17.0.2, host: 8c26f3e475a5, networkLocation: /default-rack, certSerialId: null}, Type:RATIS, Factor:THREE, State:ALLOCATED, leaderId:, CreationTimestamp2020-06-27T13:09:58.761Z]
2020-06-27 13:09:58,764 [RatisPipelineUtilsThread] ERROR pipeline.SCMPipelineManager (SCMPipelineManager.java:createPipeline(222)) - Failed to create pipeline of type RATIS and factor THREE. Exception: Pipeline creation failed because nodes are engaged in other pipelines and every node can only be engaged in max 2 pipelines. Required 3. Found 0
2020-06-27 13:09:58,823 [IPC Server handler 4 on default port 39547] INFO  net.NetworkTopology (NetworkTopologyImpl.java:add(111)) - Added a new node: /default-rack/6b6556c7-e86b-4d09-a7c4-600764c42b3c
2020-06-27 13:09:58,824 [IPC Server handler 4 on default port 39547] INFO  node.SCMNodeManager (SCMNodeManager.java:register(268)) - Registered Data node : 6b6556c7-e86b-4d09-a7c4-600764c42b3c{ip: 172.17.0.2, host: 8c26f3e475a5, networkLocation: /default-rack, certSerialId: null}
2020-06-27 13:09:58,824 [RatisPipelineUtilsThread] INFO  pipeline.RatisPipelineProvider (RatisPipelineProvider.java:lambda$create$0(138)) - Sending CreatePipelineCommand for pipeline:PipelineID=7101e1f7-cb0f-4eda-bf02-cadbcd8a21d8 to datanode:6b6556c7-e86b-4d09-a7c4-600764c42b3c
2020-06-27 13:09:58,825 [EventQueue-NodeRegistrationContainerReportForContainerSafeModeRule] INFO  safemode.SCMSafeModeManager (SCMSafeModeManager.java:validateSafeModeExitRules(214)) - ContainerSafeModeRule rule is successfully validated
2020-06-27 13:09:58,825 [EventQueue-NodeRegistrationContainerReportForDataNodeSafeModeRule] INFO  safemode.SCMSafeModeManager (SCMSafeModeManager.java:validateSafeModeExitRules(214)) - DataNodeSafeModeRule rule is successfully validated
2020-06-27 13:09:58,825 [RatisPipelineUtilsThread] INFO  pipeline.PipelineStateManager (PipelineStateManager.java:addPipeline(54)) - Created pipeline Pipeline[ Id: 7101e1f7-cb0f-4eda-bf02-cadbcd8a21d8, Nodes: 6b6556c7-e86b-4d09-a7c4-600764c42b3c{ip: 172.17.0.2, host: 8c26f3e475a5, networkLocation: /default-rack, certSerialId: null}, Type:RATIS, Factor:ONE, State:ALLOCATED, leaderId:, CreationTimestamp2020-06-27T13:09:58.824Z]
2020-06-27 13:09:58,825 [RatisPipelineUtilsThread] ERROR pipeline.SCMPipelineManager (SCMPipelineManager.java:createPipeline(222)) - Failed to create pipeline of type RATIS and factor ONE. Exception: Cannot create pipeline of factor 1 using 0 nodes. Used 4 nodes. Healthy nodes 4
2020-06-27 13:09:58,826 [RatisPipelineUtilsThread] ERROR pipeline.SCMPipelineManager (SCMPipelineManager.java:createPipeline(222)) - Failed to create pipeline of type RATIS and factor THREE. Exception: Pipeline creation failed because nodes are engaged in other pipelines and every node can only be engaged in max 2 pipelines. Required 3. Found 1
2020-06-27 13:09:58,865 [IPC Server handler 5 on default port 39547] INFO  net.NetworkTopology (NetworkTopologyImpl.java:add(111)) - Added a new node: /default-rack/8dcf8d51-1e28-44e7-81d8-398880dae795
2020-06-27 13:09:58,865 [IPC Server handler 5 on default port 39547] INFO  node.SCMNodeManager (SCMNodeManager.java:register(268)) - Registered Data node : 8dcf8d51-1e28-44e7-81d8-398880dae795{ip: 172.17.0.2, host: 8c26f3e475a5, networkLocation: /default-rack, certSerialId: null}
2020-06-27 13:09:58,865 [RatisPipelineUtilsThread] INFO  pipeline.RatisPipelineProvider (RatisPipelineProvider.java:lambda$create$0(138)) - Sending CreatePipelineCommand for pipeline:PipelineID=a1684476-5a70-4a49-b778-bb542dd8d3b7 to datanode:8dcf8d51-1e28-44e7-81d8-398880dae795
2020-06-27 13:09:58,866 [EventQueue-NodeRegistrationContainerReportForContainerSafeModeRule] INFO  safemode.SCMSafeModeManager (SCMSafeModeManager.java:validateSafeModeExitRules(214)) - ContainerSafeModeRule rule is successfully validated
2020-06-27 13:09:58,866 [EventQueue-NodeRegistrationContainerReportForDataNodeSafeModeRule] INFO  safemode.SCMSafeModeManager (SCMSafeModeManager.java:validateSafeModeExitRules(214)) - DataNodeSafeModeRule rule is successfully validated
2020-06-27 13:09:58,866 [RatisPipelineUtilsThread] INFO  pipeline.PipelineStateManager (PipelineStateManager.java:addPipeline(54)) - Created pipeline Pipeline[ Id: a1684476-5a70-4a49-b778-bb542dd8d3b7, Nodes: 8dcf8d51-1e28-44e7-81d8-398880dae795{ip: 172.17.0.2, host: 8c26f3e475a5, networkLocation: /default-rack, certSerialId: null}, Type:RATIS, Factor:ONE, State:ALLOCATED, leaderId:, CreationTimestamp2020-06-27T13:09:58.865Z]
2020-06-27 13:09:58,866 [RatisPipelineUtilsThread] ERROR pipeline.SCMPipelineManager (SCMPipelineManager.java:createPipeline(222)) - Failed to create pipeline of type RATIS and factor ONE. Exception: Cannot create pipeline of factor 1 using 0 nodes. Used 5 nodes. Healthy nodes 5
2020-06-27 13:09:58,867 [RatisPipelineUtilsThread] ERROR pipeline.SCMPipelineManager (SCMPipelineManager.java:createPipeline(222)) - Failed to create pipeline of type RATIS and factor THREE. Exception: Pipeline creation failed because nodes are engaged in other pipelines and every node can only be engaged in max 2 pipelines. Required 3. Found 2
2020-06-27 13:09:58,927 [IPC Server handler 6 on default port 39547] INFO  net.NetworkTopology (NetworkTopologyImpl.java:add(111)) - Added a new node: /default-rack/184b46bf-ef61-46dc-b1d3-41467ae6739f
2020-06-27 13:09:58,927 [IPC Server handler 6 on default port 39547] INFO  node.SCMNodeManager (SCMNodeManager.java:register(268)) - Registered Data node : 184b46bf-ef61-46dc-b1d3-41467ae6739f{ip: 172.17.0.2, host: 8c26f3e475a5, networkLocation: /default-rack, certSerialId: null}
2020-06-27 13:09:58,927 [RatisPipelineUtilsThread] INFO  pipeline.RatisPipelineProvider (RatisPipelineProvider.java:lambda$create$0(138)) - Sending CreatePipelineCommand for pipeline:PipelineID=97dfab4a-5830-4333-9ad1-565a48e046fe to datanode:184b46bf-ef61-46dc-b1d3-41467ae6739f
2020-06-27 13:09:58,928 [EventQueue-NodeRegistrationContainerReportForContainerSafeModeRule] INFO  safemode.SCMSafeModeManager (SCMSafeModeManager.java:validateSafeModeExitRules(214)) - ContainerSafeModeRule rule is successfully validated
2020-06-27 13:09:58,928 [EventQueue-NodeRegistrationContainerReportForDataNodeSafeModeRule] INFO  safemode.SCMSafeModeManager (SCMSafeModeManager.java:validateSafeModeExitRules(214)) - DataNodeSafeModeRule rule is successfully validated
2020-06-27 13:09:58,928 [RatisPipelineUtilsThread] INFO  pipeline.PipelineStateManager (PipelineStateManager.java:addPipeline(54)) - Created pipeline Pipeline[ Id: 97dfab4a-5830-4333-9ad1-565a48e046fe, Nodes: 184b46bf-ef61-46dc-b1d3-41467ae6739f{ip: 172.17.0.2, host: 8c26f3e475a5, networkLocation: /default-rack, certSerialId: null}, Type:RATIS, Factor:ONE, State:ALLOCATED, leaderId:, CreationTimestamp2020-06-27T13:09:58.927Z]
2020-06-27 13:09:58,929 [RatisPipelineUtilsThread] ERROR pipeline.SCMPipelineManager (SCMPipelineManager.java:createPipeline(222)) - Failed to create pipeline of type RATIS and factor ONE. Exception: Cannot create pipeline of factor 1 using 0 nodes. Used 6 nodes. Healthy nodes 6
2020-06-27 13:09:58,930 [RatisPipelineUtilsThread] INFO  pipeline.RatisPipelineProvider (RatisPipelineProvider.java:lambda$create$0(138)) - Sending CreatePipelineCommand for pipeline:PipelineID=bec1c217-6684-487c-aa35-dc6395955895 to datanode:184b46bf-ef61-46dc-b1d3-41467ae6739f
2020-06-27 13:09:58,930 [RatisPipelineUtilsThread] INFO  pipeline.RatisPipelineProvider (RatisPipelineProvider.java:lambda$create$0(138)) - Sending CreatePipelineCommand for pipeline:PipelineID=bec1c217-6684-487c-aa35-dc6395955895 to datanode:6b6556c7-e86b-4d09-a7c4-600764c42b3c
2020-06-27 13:09:58,930 [RatisPipelineUtilsThread] INFO  pipeline.RatisPipelineProvider (RatisPipelineProvider.java:lambda$create$0(138)) - Sending CreatePipelineCommand for pipeline:PipelineID=bec1c217-6684-487c-aa35-dc6395955895 to datanode:8dcf8d51-1e28-44e7-81d8-398880dae795
2020-06-27 13:09:58,930 [RatisPipelineUtilsThread] INFO  pipeline.PipelineStateManager (PipelineStateManager.java:addPipeline(54)) - Created pipeline Pipeline[ Id: bec1c217-6684-487c-aa35-dc6395955895, Nodes: 184b46bf-ef61-46dc-b1d3-41467ae6739f{ip: 172.17.0.2, host: 8c26f3e475a5, networkLocation: /default-rack, certSerialId: null}6b6556c7-e86b-4d09-a7c4-600764c42b3c{ip: 172.17.0.2, host: 8c26f3e475a5, networkLocation: /default-rack, certSerialId: null}8dcf8d51-1e28-44e7-81d8-398880dae795{ip: 172.17.0.2, host: 8c26f3e475a5, networkLocation: /default-rack, certSerialId: null}, Type:RATIS, Factor:THREE, State:ALLOCATED, leaderId:, CreationTimestamp2020-06-27T13:09:58.929Z]
2020-06-27 13:09:58,931 [RatisPipelineUtilsThread] ERROR pipeline.SCMPipelineManager (SCMPipelineManager.java:createPipeline(222)) - Failed to create pipeline of type RATIS and factor THREE. Exception: Pipeline creation failed because nodes are engaged in other pipelines and every node can only be engaged in max 2 pipelines. Required 3. Found 0
2020-06-27 13:09:58,999 [IPC Server handler 7 on default port 39547] INFO  net.NetworkTopology (NetworkTopologyImpl.java:add(111)) - Added a new node: /default-rack/be204a00-db90-4592-9b0e-cef66b76ef3d
2020-06-27 13:09:59,000 [IPC Server handler 7 on default port 39547] INFO  node.SCMNodeManager (SCMNodeManager.java:register(268)) - Registered Data node : be204a00-db90-4592-9b0e-cef66b76ef3d{ip: 172.17.0.2, host: 8c26f3e475a5, networkLocation: /default-rack, certSerialId: null}
2020-06-27 13:09:59,001 [EventQueue-NodeRegistrationContainerReportForContainerSafeModeRule] INFO  safemode.SCMSafeModeManager (SCMSafeModeManager.java:validateSafeModeExitRules(214)) - ContainerSafeModeRule rule is successfully validated
2020-06-27 13:09:59,001 [RatisPipelineUtilsThread] INFO  pipeline.RatisPipelineProvider (RatisPipelineProvider.java:lambda$create$0(138)) - Sending CreatePipelineCommand for pipeline:PipelineID=d4e9f793-c322-4526-a744-95057a87a6a4 to datanode:be204a00-db90-4592-9b0e-cef66b76ef3d
2020-06-27 13:09:59,001 [EventQueue-NodeRegistrationContainerReportForDataNodeSafeModeRule] INFO  safemode.SCMSafeModeManager (SCMSafeModeManager.java:validateSafeModeExitRules(214)) - DataNodeSafeModeRule rule is successfully validated
2020-06-27 13:09:59,001 [RatisPipelineUtilsThread] INFO  pipeline.PipelineStateManager (PipelineStateManager.java:addPipeline(54)) - Created pipeline Pipeline[ Id: d4e9f793-c322-4526-a744-95057a87a6a4, Nodes: be204a00-db90-4592-9b0e-cef66b76ef3d{ip: 172.17.0.2, host: 8c26f3e475a5, networkLocation: /default-rack, certSerialId: null}, Type:RATIS, Factor:ONE, State:ALLOCATED, leaderId:, CreationTimestamp2020-06-27T13:09:59.001Z]
2020-06-27 13:09:59,003 [RatisPipelineUtilsThread] ERROR pipeline.SCMPipelineManager (SCMPipelineManager.java:createPipeline(222)) - Failed to create pipeline of type RATIS and factor ONE. Exception: Cannot create pipeline of factor 1 using 0 nodes. Used 7 nodes. Healthy nodes 7
2020-06-27 13:09:59,003 [RatisPipelineUtilsThread] ERROR pipeline.SCMPipelineManager (SCMPipelineManager.java:createPipeline(222)) - Failed to create pipeline of type RATIS and factor THREE. Exception: Pipeline creation failed because nodes are engaged in other pipelines and every node can only be engaged in max 2 pipelines. Required 3. Found 1
2020-06-27 13:09:59,046 [IPC Server handler 8 on default port 39547] INFO  net.NetworkTopology (NetworkTopologyImpl.java:add(111)) - Added a new node: /default-rack/0f19b122-cd9b-47a6-95cf-d36138869577
2020-06-27 13:09:59,046 [IPC Server handler 8 on default port 39547] INFO  node.SCMNodeManager (SCMNodeManager.java:register(268)) - Registered Data node : 0f19b122-cd9b-47a6-95cf-d36138869577{ip: 172.17.0.2, host: 8c26f3e475a5, networkLocation: /default-rack, certSerialId: null}
2020-06-27 13:09:59,047 [EventQueue-NodeRegistrationContainerReportForContainerSafeModeRule] INFO  safemode.SCMSafeModeManager (SCMSafeModeManager.java:validateSafeModeExitRules(214)) - ContainerSafeModeRule rule is successfully validated
2020-06-27 13:09:59,047 [RatisPipelineUtilsThread] INFO  pipeline.RatisPipelineProvider (RatisPipelineProvider.java:lambda$create$0(138)) - Sending CreatePipelineCommand for pipeline:PipelineID=ec346239-38d9-42a1-9cdf-bf331da8e646 to datanode:0f19b122-cd9b-47a6-95cf-d36138869577
2020-06-27 13:09:59,047 [EventQueue-NodeRegistrationContainerReportForDataNodeSafeModeRule] INFO  safemode.SCMSafeModeManager (SCMSafeModeManager.java:validateSafeModeExitRules(214)) - DataNodeSafeModeRule rule is successfully validated
2020-06-27 13:09:59,047 [RatisPipelineUtilsThread] INFO  pipeline.PipelineStateManager (PipelineStateManager.java:addPipeline(54)) - Created pipeline Pipeline[ Id: ec346239-38d9-42a1-9cdf-bf331da8e646, Nodes: 0f19b122-cd9b-47a6-95cf-d36138869577{ip: 172.17.0.2, host: 8c26f3e475a5, networkLocation: /default-rack, certSerialId: null}, Type:RATIS, Factor:ONE, State:ALLOCATED, leaderId:, CreationTimestamp2020-06-27T13:09:59.047Z]
2020-06-27 13:09:59,048 [RatisPipelineUtilsThread] ERROR pipeline.SCMPipelineManager (SCMPipelineManager.java:createPipeline(222)) - Failed to create pipeline of type RATIS and factor ONE. Exception: Cannot create pipeline of factor 1 using 0 nodes. Used 8 nodes. Healthy nodes 8
2020-06-27 13:09:59,048 [RatisPipelineUtilsThread] ERROR pipeline.SCMPipelineManager (SCMPipelineManager.java:createPipeline(222)) - Failed to create pipeline of type RATIS and factor THREE. Exception: Pipeline creation failed because nodes are engaged in other pipelines and every node can only be engaged in max 2 pipelines. Required 3. Found 2
2020-06-27 13:09:59,098 [Listener at 127.0.0.1/42033] INFO  ozone.MiniOzoneClusterImpl (MiniOzoneClusterImpl.java:lambda$waitForClusterToBeReady$0(177)) - Waiting for nodes to be ready. Got 8 of 9 DN Heartbeats.
2020-06-27 13:09:59,099 [Listener at 127.0.0.1/42033] INFO  ozone.MiniOzoneClusterImpl (MiniOzoneClusterImpl.java:lambda$waitForClusterToBeReady$0(180)) - Waiting for cluster to exit safe mode
2020-06-27 13:09:59,099 [IPC Server handler 9 on default port 39547] INFO  net.NetworkTopology (NetworkTopologyImpl.java:add(111)) - Added a new node: /default-rack/0201d36d-1085-4799-9661-b850b2c36954
2020-06-27 13:09:59,099 [IPC Server handler 9 on default port 39547] INFO  node.SCMNodeManager (SCMNodeManager.java:register(268)) - Registered Data node : 0201d36d-1085-4799-9661-b850b2c36954{ip: 172.17.0.2, host: 8c26f3e475a5, networkLocation: /default-rack, certSerialId: null}
2020-06-27 13:09:59,099 [EventQueue-NodeRegistrationContainerReportForDataNodeSafeModeRule] INFO  safemode.SCMSafeModeManager (SCMSafeModeManager.java:validateSafeModeExitRules(214)) - DataNodeSafeModeRule rule is successfully validated
2020-06-27 13:09:59,099 [EventQueue-NodeRegistrationContainerReportForContainerSafeModeRule] INFO  safemode.SCMSafeModeManager (SCMSafeModeManager.java:validateSafeModeExitRules(214)) - ContainerSafeModeRule rule is successfully validated
2020-06-27 13:09:59,100 [RatisPipelineUtilsThread] INFO  pipeline.RatisPipelineProvider (RatisPipelineProvider.java:lambda$create$0(138)) - Sending CreatePipelineCommand for pipeline:PipelineID=50bf4990-92b3-4c2e-9c59-2bffc7baec8e to datanode:0201d36d-1085-4799-9661-b850b2c36954
2020-06-27 13:09:59,101 [RatisPipelineUtilsThread] INFO  pipeline.PipelineStateManager (PipelineStateManager.java:addPipeline(54)) - Created pipeline Pipeline[ Id: 50bf4990-92b3-4c2e-9c59-2bffc7baec8e, Nodes: 0201d36d-1085-4799-9661-b850b2c36954{ip: 172.17.0.2, host: 8c26f3e475a5, networkLocation: /default-rack, certSerialId: null}, Type:RATIS, Factor:ONE, State:ALLOCATED, leaderId:, CreationTimestamp2020-06-27T13:09:59.100Z]
2020-06-27 13:09:59,101 [RatisPipelineUtilsThread] ERROR pipeline.SCMPipelineManager (SCMPipelineManager.java:createPipeline(222)) - Failed to create pipeline of type RATIS and factor ONE. Exception: Cannot create pipeline of factor 1 using 0 nodes. Used 9 nodes. Healthy nodes 9
2020-06-27 13:09:59,101 [RatisPipelineUtilsThread] INFO  pipeline.RatisPipelineProvider (RatisPipelineProvider.java:lambda$create$0(138)) - Sending CreatePipelineCommand for pipeline:PipelineID=cf68dc9b-7264-46a4-a71a-bfdc5685728e to datanode:be204a00-db90-4592-9b0e-cef66b76ef3d
2020-06-27 13:09:59,101 [RatisPipelineUtilsThread] INFO  pipeline.RatisPipelineProvider (RatisPipelineProvider.java:lambda$create$0(138)) - Sending CreatePipelineCommand for pipeline:PipelineID=cf68dc9b-7264-46a4-a71a-bfdc5685728e to datanode:0201d36d-1085-4799-9661-b850b2c36954
2020-06-27 13:09:59,102 [RatisPipelineUtilsThread] INFO  pipeline.RatisPipelineProvider (RatisPipelineProvider.java:lambda$create$0(138)) - Sending CreatePipelineCommand for pipeline:PipelineID=cf68dc9b-7264-46a4-a71a-bfdc5685728e to datanode:0f19b122-cd9b-47a6-95cf-d36138869577
2020-06-27 13:09:59,102 [RatisPipelineUtilsThread] INFO  pipeline.PipelineStateManager (PipelineStateManager.java:addPipeline(54)) - Created pipeline Pipeline[ Id: cf68dc9b-7264-46a4-a71a-bfdc5685728e, Nodes: be204a00-db90-4592-9b0e-cef66b76ef3d{ip: 172.17.0.2, host: 8c26f3e475a5, networkLocation: /default-rack, certSerialId: null}0201d36d-1085-4799-9661-b850b2c36954{ip: 172.17.0.2, host: 8c26f3e475a5, networkLocation: /default-rack, certSerialId: null}0f19b122-cd9b-47a6-95cf-d36138869577{ip: 172.17.0.2, host: 8c26f3e475a5, networkLocation: /default-rack, certSerialId: null}, Type:RATIS, Factor:THREE, State:ALLOCATED, leaderId:, CreationTimestamp2020-06-27T13:09:59.101Z]
2020-06-27 13:09:59,102 [RatisPipelineUtilsThread] ERROR pipeline.SCMPipelineManager (SCMPipelineManager.java:createPipeline(222)) - Failed to create pipeline of type RATIS and factor THREE. Exception: Pipeline creation failed because nodes are engaged in other pipelines and every node can only be engaged in max 2 pipelines. Required 3. Found 0
2020-06-27 13:10:00,099 [Listener at 127.0.0.1/42033] INFO  ozone.MiniOzoneClusterImpl (MiniOzoneClusterImpl.java:lambda$waitForClusterToBeReady$0(177)) - Nodes are ready. Got 9 of 9 DN Heartbeats.
2020-06-27 13:10:00,100 [Listener at 127.0.0.1/42033] INFO  ozone.MiniOzoneClusterImpl (MiniOzoneClusterImpl.java:lambda$waitForClusterToBeReady$0(180)) - Waiting for cluster to exit safe mode
2020-06-27 13:10:01,101 [Listener at 127.0.0.1/42033] INFO  ozone.MiniOzoneClusterImpl (MiniOzoneClusterImpl.java:lambda$waitForClusterToBeReady$0(177)) - Nodes are ready. Got 9 of 9 DN Heartbeats.
2020-06-27 13:10:01,102 [Listener at 127.0.0.1/42033] INFO  ozone.MiniOzoneClusterImpl (MiniOzoneClusterImpl.java:lambda$waitForClusterToBeReady$0(180)) - Waiting for cluster to exit safe mode
2020-06-27 13:10:01,563 [Command processor thread] INFO  impl.RaftServerProxy (RaftServerProxy.java:addNew(89)) - a2bafefd-dd5c-4b30-b732-4244b0e7007a: addNew group-793DCA219D68:[a2bafefd-dd5c-4b30-b732-4244b0e7007a:172.17.0.2:39063] returns group-793DCA219D68:java.util.concurrent.CompletableFuture@15387ef2[Not completed]
2020-06-27 13:10:01,564 [pool-502-thread-1] INFO  impl.RaftServerImpl (RaftServerImpl.java:<init>(99)) - a2bafefd-dd5c-4b30-b732-4244b0e7007a: new RaftServerImpl for group-793DCA219D68:[a2bafefd-dd5c-4b30-b732-4244b0e7007a:172.17.0.2:39063] with ContainerStateMachine:uninitialized
2020-06-27 13:10:01,564 [pool-502-thread-1] INFO  server.RaftServerConfigKeys (ConfUtils.java:logGet(44)) - raft.server.rpc.timeout.min = 5s (custom)
2020-06-27 13:10:01,564 [pool-502-thread-1] INFO  server.RaftServerConfigKeys (ConfUtils.java:logGet(44)) - raft.server.rpc.timeout.max = 5200ms (custom)
2020-06-27 13:10:01,564 [pool-502-thread-1] INFO  server.RaftServerConfigKeys (ConfUtils.java:logGet(44)) - raft.server.rpcslowness.timeout = 300s (custom)
2020-06-27 13:10:01,564 [pool-502-thread-1] INFO  server.RaftServerConfigKeys (ConfUtils.java:logGet(44)) - raft.server.sleep.deviation.threshold = 300 (default)
2020-06-27 13:10:01,564 [pool-502-thread-1] INFO  server.RaftServerConfigKeys (ConfUtils.java:logGet(44)) - raft.server.log.appender.install.snapshot.enabled = false (custom)
2020-06-27 13:10:01,565 [pool-502-thread-1] INFO  impl.RaftServerImpl (ServerState.java:<init>(103)) - a2bafefd-dd5c-4b30-b732-4244b0e7007a@group-793DCA219D68: ConfigurationManager, init=-1: [a2bafefd-dd5c-4b30-b732-4244b0e7007a:172.17.0.2:39063], old=null, confs=<EMPTY_MAP>
2020-06-27 13:10:01,565 [pool-502-thread-1] INFO  server.RaftServerConfigKeys (ConfUtils.java:logGet(44)) - raft.server.storage.dir = [/github/workspace/mnt/ozone/hadoop-ozone/integration-test/target/test-dir/MiniOzoneClusterImpl-be392bf5-6f5b-448a-8365-d7ab1effc2dc/datanode-0/data/ratis] (custom)
2020-06-27 13:10:01,565 [pool-502-thread-1] INFO  server.RaftServerConfigKeys (ConfUtils.java:logGet(44)) - raft.server.log.corruption.policy = EXCEPTION (default)
2020-06-27 13:10:01,565 [pool-502-thread-1] INFO  storage.RaftStorageDirectory (RaftStorageDirectory.java:analyzeStorage(261)) - The storage directory /github/workspace/mnt/ozone/hadoop-ozone/integration-test/target/test-dir/MiniOzoneClusterImpl-be392bf5-6f5b-448a-8365-d7ab1effc2dc/datanode-0/data/ratis/130ec2aa-8901-4bad-83d2-793dca219d68 does not exist. Creating ...
2020-06-27 13:10:01,567 [pool-502-thread-1] INFO  storage.RaftStorageDirectory (RaftStorageDirectory.java:tryLock(343)) - Lock on /github/workspace/mnt/ozone/hadoop-ozone/integration-test/target/test-dir/MiniOzoneClusterImpl-be392bf5-6f5b-448a-8365-d7ab1effc2dc/datanode-0/data/ratis/130ec2aa-8901-4bad-83d2-793dca219d68/in_use.lock acquired by nodename 11346@8c26f3e475a5
2020-06-27 13:10:01,568 [pool-502-thread-1] INFO  storage.RaftStorage (RaftStorage.java:format(84)) - Storage directory /github/workspace/mnt/ozone/hadoop-ozone/integration-test/target/test-dir/MiniOzoneClusterImpl-be392bf5-6f5b-448a-8365-d7ab1effc2dc/datanode-0/data/ratis/130ec2aa-8901-4bad-83d2-793dca219d68 has been successfully formatted.
2020-06-27 13:10:01,569 [pool-502-thread-1] INFO  ratis.ContainerStateMachine (ContainerStateMachine.java:loadSnapshot(226)) - group-793DCA219D68: The snapshot info is null. Setting the last applied indexto:(t:0, i:~)
2020-06-27 13:10:01,570 [pool-502-thread-1] INFO  server.RaftServerConfigKeys (ConfUtils.java:logGet(44)) - raft.server.notification.no-leader.timeout = 60s (default)
2020-06-27 13:10:01,570 [pool-502-thread-1] INFO  server.RaftServerConfigKeys (ConfUtils.java:logGet(44)) - raft.server.log.use.memory = false (default)
2020-06-27 13:10:01,570 [EventQueue-PipelineReportForPipelineReportHandler] INFO  pipeline.PipelineStateManager (PipelineStateManager.java:openPipeline(131)) - Pipeline Pipeline[ Id: 130ec2aa-8901-4bad-83d2-793dca219d68, Nodes: a2bafefd-dd5c-4b30-b732-4244b0e7007a{ip: 172.17.0.2, host: 8c26f3e475a5, networkLocation: /default-rack, certSerialId: null}, Type:RATIS, Factor:ONE, State:ALLOCATED, leaderId:a2bafefd-dd5c-4b30-b732-4244b0e7007a, CreationTimestamp2020-06-27T13:09:58.564Z] moved to OPEN state
2020-06-27 13:10:01,570 [pool-502-thread-1] INFO  server.RaftServerConfigKeys (ConfUtils.java:logGet(44)) - raft.server.log.purge.gap = 1000000 (custom)
2020-06-27 13:10:01,571 [pool-502-thread-1] INFO  server.RaftServerConfigKeys (ConfUtils.java:logGet(44)) - raft.server.log.appender.buffer.byte-limit = 33554432 (custom)
2020-06-27 13:10:01,572 [pool-502-thread-1] INFO  server.RaftServerConfigKeys (ConfUtils.java:logGet(44)) - raft.server.log.segment.size.max = 1048576 (custom)
2020-06-27 13:10:01,572 [EventQueue-OpenPipelineForHealthyPipelineSafeModeRule] INFO  safemode.SCMSafeModeManager (HealthyPipelineSafeModeRule.java:process(132)) - SCM in safe mode. Healthy pipelines reported count is 0, required healthy pipeline reported count is 1
2020-06-27 13:10:01,572 [pool-502-thread-1] INFO  metrics.RatisMetrics (RatisMetrics.java:lambda$create$0(36)) - Creating Metrics Registry : ratis.log_worker.a2bafefd-dd5c-4b30-b732-4244b0e7007a@group-793DCA219D68
2020-06-27 13:10:01,572 [pool-502-thread-1] INFO  server.RaftServerConfigKeys (ConfUtils.java:logGet(44)) - raft.server.log.segment.cache.num.max = 2 (custom)
2020-06-27 13:10:01,572 [pool-502-thread-1] INFO  segmented.SegmentedRaftLogWorker (SegmentedRaftLogWorker.java:<init>(180)) - new a2bafefd-dd5c-4b30-b732-4244b0e7007a@group-793DCA219D68-SegmentedRaftLogWorker for RaftStorage:Storage Directory /github/workspace/mnt/ozone/hadoop-ozone/integration-test/target/test-dir/MiniOzoneClusterImpl-be392bf5-6f5b-448a-8365-d7ab1effc2dc/datanode-0/data/ratis/130ec2aa-8901-4bad-83d2-793dca219d68
2020-06-27 13:10:01,572 [pool-502-thread-1] INFO  server.RaftServerConfigKeys (ConfUtils.java:logGet(44)) - raft.server.log.queue.byte-limit = 2147483647 (custom)
2020-06-27 13:10:01,573 [pool-502-thread-1] INFO  server.RaftServerConfigKeys (ConfUtils.java:logGet(44)) - raft.server.log.queue.element-limit = 1024 (custom)
2020-06-27 13:10:01,573 [pool-502-thread-1] INFO  server.RaftServerConfigKeys (ConfUtils.java:logGet(44)) - raft.server.log.segment.size.max = 1048576 (custom)
2020-06-27 13:10:01,573 [pool-502-thread-1] INFO  server.RaftServerConfigKeys (ConfUtils.java:logGet(44)) - raft.server.log.preallocated.size = 16384 (custom)
2020-06-27 13:10:01,573 [pool-502-thread-1] INFO  server.RaftServerConfigKeys (ConfUtils.java:logGet(44)) - raft.server.log.write.buffer.size = 1048576 (custom)
2020-06-27 13:10:01,573 [pool-502-thread-1] INFO  server.RaftServerConfigKeys (ConfUtils.java:logGet(44)) - raft.server.log.force.sync.num = 128 (default)
2020-06-27 13:10:01,573 [pool-502-thread-1] INFO  server.RaftServerConfigKeys (ConfUtils.java:logGet(44)) - raft.server.log.statemachine.data.sync = true (default)
2020-06-27 13:10:01,573 [pool-502-thread-1] INFO  server.RaftServerConfigKeys (ConfUtils.java:logGet(44)) - raft.server.log.statemachine.data.sync.timeout = 10s (default)
2020-06-27 13:10:01,573 [pool-502-thread-1] INFO  server.RaftServerConfigKeys (ConfUtils.java:logGet(44)) - raft.server.log.statemachine.data.sync.timeout.retry = -1 (default)
2020-06-27 13:10:01,576 [pool-502-thread-1] INFO  server.RaftServerConfigKeys (ConfUtils.java:logGet(44)) - raft.server.log.statemachine.data.caching.enabled = true (custom)
2020-06-27 13:10:01,576 [pool-502-thread-1] INFO  segmented.SegmentedRaftLogWorker (SegmentedRaftLogWorker.java:lambda$new$0(129)) - a2bafefd-dd5c-4b30-b732-4244b0e7007a@group-793DCA219D68-SegmentedRaftLogWorker: flushIndex: setUnconditionally 0 -> -1
2020-06-27 13:10:01,577 [pool-502-thread-1] INFO  segmented.SegmentedRaftLogWorker (SegmentedRaftLogWorker.java:lambda$new$0(129)) - a2bafefd-dd5c-4b30-b732-4244b0e7007a@group-793DCA219D68-SegmentedRaftLogWorker: safeCacheEvictIndex: setUnconditionally 0 -> -1
2020-06-27 13:10:01,577 [EventQueue-OpenPipelineForOneReplicaPipelineSafeModeRule] INFO  safemode.SCMSafeModeManager (SCMSafeModeManager.java:validateSafeModeExitRules(214)) - AtleastOneDatanodeReportedRule rule is successfully validated
2020-06-27 13:10:01,577 [pool-502-thread-1] INFO  server.RaftServerConfigKeys (ConfUtils.java:logGet(44)) - raft.server.snapshot.auto.trigger.enabled = true (custom)
2020-06-27 13:10:01,577 [pool-502-thread-1] INFO  server.RaftServerConfigKeys (ConfUtils.java:logGet(44)) - raft.server.snapshot.auto.trigger.threshold = 10000 (custom)
2020-06-27 13:10:01,577 [pool-502-thread-1] INFO  server.RaftServerConfigKeys (ConfUtils.java:logGet(44)) - raft.server.snapshot.retention.file.num = 5 (custom)
2020-06-27 13:10:01,577 [pool-502-thread-1] INFO  server.RaftServerConfigKeys (ConfUtils.java:logGet(44)) - raft.server.log.purge.upto.snapshot.index = false (default)
2020-06-27 13:10:01,577 [pool-502-thread-1] INFO  server.RaftServerConfigKeys (ConfUtils.java:logGet(44)) - raft.server.retrycache.expirytime = 600000ms (custom)
2020-06-27 13:10:01,578 [pool-502-thread-1] INFO  metrics.RatisMetrics (RatisMetrics.java:lambda$create$0(36)) - Creating Metrics Registry : ratis.leader_election.a2bafefd-dd5c-4b30-b732-4244b0e7007a@group-793DCA219D68
2020-06-27 13:10:01,578 [pool-502-thread-1] INFO  metrics.RatisMetrics (RatisMetrics.java:lambda$create$0(36)) - Creating Metrics Registry : ratis.server.a2bafefd-dd5c-4b30-b732-4244b0e7007a@group-793DCA219D68
2020-06-27 13:10:01,580 [pool-502-thread-1] INFO  impl.RaftServerImpl (RaftServerImpl.java:start(186)) - a2bafefd-dd5c-4b30-b732-4244b0e7007a@group-793DCA219D68: start as a follower, conf=-1: [a2bafefd-dd5c-4b30-b732-4244b0e7007a:172.17.0.2:39063], old=null
2020-06-27 13:10:01,580 [pool-502-thread-1] INFO  impl.RaftServerImpl (RaftServerImpl.java:setRole(175)) - a2bafefd-dd5c-4b30-b732-4244b0e7007a@group-793DCA219D68: changes role from      null to FOLLOWER at term 0 for startAsFollower
2020-06-27 13:10:01,580 [pool-502-thread-1] INFO  impl.RoleInfo (RoleInfo.java:updateAndGet(143)) - a2bafefd-dd5c-4b30-b732-4244b0e7007a: start FollowerState
2020-06-27 13:10:01,581 [pool-502-thread-1] INFO  util.JmxRegister (JmxRegister.java:tryRegister(44)) - Successfully registered JMX Bean with object name Ratis:service=RaftServer,group=group-793DCA219D68,id=a2bafefd-dd5c-4b30-b732-4244b0e7007a
2020-06-27 13:10:01,581 [pool-502-thread-1] INFO  metrics.RatisMetrics (RatisMetrics.java:lambda$create$0(36)) - Creating Metrics Registry : ratis.state_machine.a2bafefd-dd5c-4b30-b732-4244b0e7007a@group-793DCA219D68
2020-06-27 13:10:01,582 [Command processor thread] INFO  commandhandler.CreatePipelineCommandHandler (CreatePipelineCommandHandler.java:handle(109)) - Created Pipeline RATIS ONE #id: "130ec2aa-8901-4bad-83d2-793dca219d68"
.
2020-06-27 13:10:01,582 [Command processor thread] INFO  impl.RaftServerProxy (RaftServerProxy.java:addNew(89)) - a2bafefd-dd5c-4b30-b732-4244b0e7007a: addNew group-8E324B84697D:[a2bafefd-dd5c-4b30-b732-4244b0e7007a:172.17.0.2:39063, f0f3ddfc-f4e8-4f2e-975c-cdf5158be850:172.17.0.2:41819, 01d5352d-883b-4a7a-89e4-dfaba3730f16:172.17.0.2:45929] returns group-8E324B84697D:java.util.concurrent.CompletableFuture@1107e88d[Not completed]
2020-06-27 13:10:01,584 [pool-502-thread-1] INFO  impl.RaftServerImpl (RaftServerImpl.java:<init>(99)) - a2bafefd-dd5c-4b30-b732-4244b0e7007a: new RaftServerImpl for group-8E324B84697D:[a2bafefd-dd5c-4b30-b732-4244b0e7007a:172.17.0.2:39063, f0f3ddfc-f4e8-4f2e-975c-cdf5158be850:172.17.0.2:41819, 01d5352d-883b-4a7a-89e4-dfaba3730f16:172.17.0.2:45929] with ContainerStateMachine:uninitialized
2020-06-27 13:10:01,584 [pool-502-thread-1] INFO  server.RaftServerConfigKeys (ConfUtils.java:logGet(44)) - raft.server.rpc.timeout.min = 5s (custom)
2020-06-27 13:10:01,584 [pool-502-thread-1] INFO  server.RaftServerConfigKeys (ConfUtils.java:logGet(44)) - raft.server.rpc.timeout.max = 5200ms (custom)
2020-06-27 13:10:01,584 [pool-502-thread-1] INFO  server.RaftServerConfigKeys (ConfUtils.java:logGet(44)) - raft.server.rpcslowness.timeout = 300s (custom)
2020-06-27 13:10:01,584 [pool-502-thread-1] INFO  server.RaftServerConfigKeys (ConfUtils.java:logGet(44)) - raft.server.sleep.deviation.threshold = 300 (default)
2020-06-27 13:10:01,584 [pool-502-thread-1] INFO  server.RaftServerConfigKeys (ConfUtils.java:logGet(44)) - raft.server.log.appender.install.snapshot.enabled = false (custom)
2020-06-27 13:10:01,584 [pool-502-thread-1] INFO  impl.RaftServerImpl (ServerState.java:<init>(103)) - a2bafefd-dd5c-4b30-b732-4244b0e7007a@group-8E324B84697D: ConfigurationManager, init=-1: [a2bafefd-dd5c-4b30-b732-4244b0e7007a:172.17.0.2:39063, f0f3ddfc-f4e8-4f2e-975c-cdf5158be850:172.17.0.2:41819, 01d5352d-883b-4a7a-89e4-dfaba3730f16:172.17.0.2:45929], old=null, confs=<EMPTY_MAP>
2020-06-27 13:10:01,584 [pool-502-thread-1] INFO  server.RaftServerConfigKeys (ConfUtils.java:logGet(44)) - raft.server.storage.dir = [/github/workspace/mnt/ozone/hadoop-ozone/integration-test/target/test-dir/MiniOzoneClusterImpl-be392bf5-6f5b-448a-8365-d7ab1effc2dc/datanode-0/data/ratis] (custom)
2020-06-27 13:10:01,584 [pool-502-thread-1] INFO  server.RaftServerConfigKeys (ConfUtils.java:logGet(44)) - raft.server.log.corruption.policy = EXCEPTION (default)
2020-06-27 13:10:01,585 [pool-502-thread-1] INFO  storage.RaftStorageDirectory (RaftStorageDirectory.java:analyzeStorage(261)) - The storage directory /github/workspace/mnt/ozone/hadoop-ozone/integration-test/target/test-dir/MiniOzoneClusterImpl-be392bf5-6f5b-448a-8365-d7ab1effc2dc/datanode-0/data/ratis/8dbdd0bf-b681-4e76-b49e-8e324b84697d does not exist. Creating ...
2020-06-27 13:10:01,589 [pool-502-thread-1] INFO  storage.RaftStorageDirectory (RaftStorageDirectory.java:tryLock(343)) - Lock on /github/workspace/mnt/ozone/hadoop-ozone/integration-test/target/test-dir/MiniOzoneClusterImpl-be392bf5-6f5b-448a-8365-d7ab1effc2dc/datanode-0/data/ratis/8dbdd0bf-b681-4e76-b49e-8e324b84697d/in_use.lock acquired by nodename 11346@8c26f3e475a5
2020-06-27 13:10:01,590 [pool-502-thread-1] INFO  storage.RaftStorage (RaftStorage.java:format(84)) - Storage directory /github/workspace/mnt/ozone/hadoop-ozone/integration-test/target/test-dir/MiniOzoneClusterImpl-be392bf5-6f5b-448a-8365-d7ab1effc2dc/datanode-0/data/ratis/8dbdd0bf-b681-4e76-b49e-8e324b84697d has been successfully formatted.
2020-06-27 13:10:01,590 [pool-502-thread-1] INFO  ratis.ContainerStateMachine (ContainerStateMachine.java:loadSnapshot(226)) - group-8E324B84697D: The snapshot info is null. Setting the last applied indexto:(t:0, i:~)
2020-06-27 13:10:01,590 [pool-502-thread-1] INFO  server.RaftServerConfigKeys (ConfUtils.java:logGet(44)) - raft.server.notification.no-leader.timeout = 60s (default)
2020-06-27 13:10:01,591 [pool-502-thread-1] INFO  server.RaftServerConfigKeys (ConfUtils.java:logGet(44)) - raft.server.log.use.memory = false (default)
2020-06-27 13:10:01,591 [pool-502-thread-1] INFO  server.RaftServerConfigKeys (ConfUtils.java:logGet(44)) - raft.server.log.purge.gap = 1000000 (custom)
2020-06-27 13:10:01,591 [pool-502-thread-1] INFO  server.RaftServerConfigKeys (ConfUtils.java:logGet(44)) - raft.server.log.appender.buffer.byte-limit = 33554432 (custom)
2020-06-27 13:10:01,591 [pool-502-thread-1] INFO  server.RaftServerConfigKeys (ConfUtils.java:logGet(44)) - raft.server.log.segment.size.max = 1048576 (custom)
2020-06-27 13:10:01,592 [pool-502-thread-1] INFO  metrics.RatisMetrics (RatisMetrics.java:lambda$create$0(36)) - Creating Metrics Registry : ratis.log_worker.a2bafefd-dd5c-4b30-b732-4244b0e7007a@group-8E324B84697D
2020-06-27 13:10:01,592 [pool-502-thread-1] INFO  server.RaftServerConfigKeys (ConfUtils.java:logGet(44)) - raft.server.log.segment.cache.num.max = 2 (custom)
2020-06-27 13:10:01,592 [pool-502-thread-1] INFO  segmented.SegmentedRaftLogWorker (SegmentedRaftLogWorker.java:<init>(180)) - new a2bafefd-dd5c-4b30-b732-4244b0e7007a@group-8E324B84697D-SegmentedRaftLogWorker for RaftStorage:Storage Directory /github/workspace/mnt/ozone/hadoop-ozone/integration-test/target/test-dir/MiniOzoneClusterImpl-be392bf5-6f5b-448a-8365-d7ab1effc2dc/datanode-0/data/ratis/8dbdd0bf-b681-4e76-b49e-8e324b84697d
2020-06-27 13:10:01,592 [pool-502-thread-1] INFO  server.RaftServerConfigKeys (ConfUtils.java:logGet(44)) - raft.server.log.queue.byte-limit = 2147483647 (custom)
2020-06-27 13:10:01,592 [pool-502-thread-1] INFO  server.RaftServerConfigKeys (ConfUtils.java:logGet(44)) - raft.server.log.queue.element-limit = 1024 (custom)
2020-06-27 13:10:01,592 [pool-502-thread-1] INFO  server.RaftServerConfigKeys (ConfUtils.java:logGet(44)) - raft.server.log.segment.size.max = 1048576 (custom)
2020-06-27 13:10:01,592 [pool-502-thread-1] INFO  server.RaftServerConfigKeys (ConfUtils.java:logGet(44)) - raft.server.log.preallocated.size = 16384 (custom)
2020-06-27 13:10:01,593 [pool-502-thread-1] INFO  server.RaftServerConfigKeys (ConfUtils.java:logGet(44)) - raft.server.log.write.buffer.size = 1048576 (custom)
2020-06-27 13:10:01,593 [pool-502-thread-1] INFO  server.RaftServerConfigKeys (ConfUtils.java:logGet(44)) - raft.server.log.force.sync.num = 128 (default)
2020-06-27 13:10:01,593 [pool-502-thread-1] INFO  server.RaftServerConfigKeys (ConfUtils.java:logGet(44)) - raft.server.log.statemachine.data.sync = true (default)
2020-06-27 13:10:01,593 [pool-502-thread-1] INFO  server.RaftServerConfigKeys (ConfUtils.java:logGet(44)) - raft.server.log.statemachine.data.sync.timeout = 10s (default)
2020-06-27 13:10:01,593 [pool-502-thread-1] INFO  server.RaftServerConfigKeys (ConfUtils.java:logGet(44)) - raft.server.log.statemachine.data.sync.timeout.retry = -1 (default)
2020-06-27 13:10:01,595 [pool-502-thread-1] INFO  server.RaftServerConfigKeys (ConfUtils.java:logGet(44)) - raft.server.log.statemachine.data.caching.enabled = true (custom)
2020-06-27 13:10:01,595 [pool-502-thread-1] INFO  segmented.SegmentedRaftLogWorker (SegmentedRaftLogWorker.java:lambda$new$0(129)) - a2bafefd-dd5c-4b30-b732-4244b0e7007a@group-8E324B84697D-SegmentedRaftLogWorker: flushIndex: setUnconditionally 0 -> -1
2020-06-27 13:10:01,595 [pool-502-thread-1] INFO  segmented.SegmentedRaftLogWorker (SegmentedRaftLogWorker.java:lambda$new$0(129)) - a2bafefd-dd5c-4b30-b732-4244b0e7007a@group-8E324B84697D-SegmentedRaftLogWorker: safeCacheEvictIndex: setUnconditionally 0 -> -1
2020-06-27 13:10:01,598 [pool-502-thread-1] INFO  server.RaftServerConfigKeys (ConfUtils.java:logGet(44)) - raft.server.snapshot.auto.trigger.enabled = true (custom)
2020-06-27 13:10:01,598 [pool-502-thread-1] INFO  server.RaftServerConfigKeys (ConfUtils.java:logGet(44)) - raft.server.snapshot.auto.trigger.threshold = 10000 (custom)
2020-06-27 13:10:01,598 [pool-502-thread-1] INFO  server.RaftServerConfigKeys (ConfUtils.java:logGet(44)) - raft.server.snapshot.retention.file.num = 5 (custom)
2020-06-27 13:10:01,606 [pool-502-thread-1] INFO  server.RaftServerConfigKeys (ConfUtils.java:logGet(44)) - raft.server.log.purge.upto.snapshot.index = false (default)
2020-06-27 13:10:01,606 [pool-502-thread-1] INFO  server.RaftServerConfigKeys (ConfUtils.java:logGet(44)) - raft.server.retrycache.expirytime = 600000ms (custom)
2020-06-27 13:10:01,607 [pool-502-thread-1] INFO  metrics.RatisMetrics (RatisMetrics.java:lambda$create$0(36)) - Creating Metrics Registry : ratis.leader_election.a2bafefd-dd5c-4b30-b732-4244b0e7007a@group-8E324B84697D
2020-06-27 13:10:01,607 [pool-502-thread-1] INFO  metrics.RatisMetrics (RatisMetrics.java:lambda$create$0(36)) - Creating Metrics Registry : ratis.server.a2bafefd-dd5c-4b30-b732-4244b0e7007a@group-8E324B84697D
2020-06-27 13:10:01,609 [pool-502-thread-1] INFO  impl.RaftServerImpl (RaftServerImpl.java:start(186)) - a2bafefd-dd5c-4b30-b732-4244b0e7007a@group-8E324B84697D: start as a follower, conf=-1: [a2bafefd-dd5c-4b30-b732-4244b0e7007a:172.17.0.2:39063, f0f3ddfc-f4e8-4f2e-975c-cdf5158be850:172.17.0.2:41819, 01d5352d-883b-4a7a-89e4-dfaba3730f16:172.17.0.2:45929], old=null
2020-06-27 13:10:01,609 [pool-502-thread-1] INFO  impl.RaftServerImpl (RaftServerImpl.java:setRole(175)) - a2bafefd-dd5c-4b30-b732-4244b0e7007a@group-8E324B84697D: changes role from      null to FOLLOWER at term 0 for startAsFollower
2020-06-27 13:10:01,609 [pool-502-thread-1] INFO  impl.RoleInfo (RoleInfo.java:updateAndGet(143)) - a2bafefd-dd5c-4b30-b732-4244b0e7007a: start FollowerState
2020-06-27 13:10:01,610 [pool-502-thread-1] INFO  util.JmxRegister (JmxRegister.java:tryRegister(44)) - Successfully registered JMX Bean with object name Ratis:service=RaftServer,group=group-8E324B84697D,id=a2bafefd-dd5c-4b30-b732-4244b0e7007a
2020-06-27 13:10:01,610 [pool-502-thread-1] INFO  metrics.RatisMetrics (RatisMetrics.java:lambda$create$0(36)) - Creating Metrics Registry : ratis.state_machine.a2bafefd-dd5c-4b30-b732-4244b0e7007a@group-8E324B84697D
2020-06-27 13:10:01,612 [Command processor thread] INFO  impl.RaftServerProxy (RaftServerProxy.java:addNew(89)) - f0f3ddfc-f4e8-4f2e-975c-cdf5158be850: addNew group-D6397A72550E:[f0f3ddfc-f4e8-4f2e-975c-cdf5158be850:172.17.0.2:41819] returns group-D6397A72550E:java.util.concurrent.CompletableFuture@4ef54080[Not completed]
2020-06-27 13:10:01,613 [pool-517-thread-1] INFO  impl.RaftServerImpl (RaftServerImpl.java:<init>(99)) - f0f3ddfc-f4e8-4f2e-975c-cdf5158be850: new RaftServerImpl for group-D6397A72550E:[f0f3ddfc-f4e8-4f2e-975c-cdf5158be850:172.17.0.2:41819] with ContainerStateMachine:uninitialized
2020-06-27 13:10:01,613 [pool-517-thread-1] INFO  server.RaftServerConfigKeys (ConfUtils.java:logGet(44)) - raft.server.rpc.timeout.min = 5s (custom)
2020-06-27 13:10:01,613 [pool-517-thread-1] INFO  server.RaftServerConfigKeys (ConfUtils.java:logGet(44)) - raft.server.rpc.timeout.max = 5200ms (custom)
2020-06-27 13:10:01,613 [pool-517-thread-1] INFO  server.RaftServerConfigKeys (ConfUtils.java:logGet(44)) - raft.server.rpcslowness.timeout = 300s (custom)
2020-06-27 13:10:01,613 [pool-517-thread-1] INFO  server.RaftServerConfigKeys (ConfUtils.java:logGet(44)) - raft.server.sleep.deviation.threshold = 300 (default)
2020-06-27 13:10:01,613 [pool-517-thread-1] INFO  server.RaftServerConfigKeys (ConfUtils.java:logGet(44)) - raft.server.log.appender.install.snapshot.enabled = false (custom)
2020-06-27 13:10:01,614 [pool-517-thread-1] INFO  impl.RaftServerImpl (ServerState.java:<init>(103)) - f0f3ddfc-f4e8-4f2e-975c-cdf5158be850@group-D6397A72550E: ConfigurationManager, init=-1: [f0f3ddfc-f4e8-4f2e-975c-cdf5158be850:172.17.0.2:41819], old=null, confs=<EMPTY_MAP>
2020-06-27 13:10:01,614 [pool-517-thread-1] INFO  server.RaftServerConfigKeys (ConfUtils.java:logGet(44)) - raft.server.storage.dir = [/github/workspace/mnt/ozone/hadoop-ozone/integration-test/target/test-dir/MiniOzoneClusterImpl-be392bf5-6f5b-448a-8365-d7ab1effc2dc/datanode-1/data/ratis] (custom)
2020-06-27 13:10:01,614 [pool-517-thread-1] INFO  server.RaftServerConfigKeys (ConfUtils.java:logGet(44)) - raft.server.log.corruption.policy = EXCEPTION (default)
2020-06-27 13:10:01,614 [pool-517-thread-1] INFO  storage.RaftStorageDirectory (RaftStorageDirectory.java:analyzeStorage(261)) - The storage directory /github/workspace/mnt/ozone/hadoop-ozone/integration-test/target/test-dir/MiniOzoneClusterImpl-be392bf5-6f5b-448a-8365-d7ab1effc2dc/datanode-1/data/ratis/00cb7382-162f-4fe2-aa3f-d6397a72550e does not exist. Creating ...
2020-06-27 13:10:01,623 [pool-517-thread-1] INFO  storage.RaftStorageDirectory (RaftStorageDirectory.java:tryLock(343)) - Lock on /github/workspace/mnt/ozone/hadoop-ozone/integration-test/target/test-dir/MiniOzoneClusterImpl-be392bf5-6f5b-448a-8365-d7ab1effc2dc/datanode-1/data/ratis/00cb7382-162f-4fe2-aa3f-d6397a72550e/in_use.lock acquired by nodename 11346@8c26f3e475a5
2020-06-27 13:10:01,628 [pool-517-thread-1] INFO  storage.RaftStorage (RaftStorage.java:format(84)) - Storage directory /github/workspace/mnt/ozone/hadoop-ozone/integration-test/target/test-dir/MiniOzoneClusterImpl-be392bf5-6f5b-448a-8365-d7ab1effc2dc/datanode-1/data/ratis/00cb7382-162f-4fe2-aa3f-d6397a72550e has been successfully formatted.
2020-06-27 13:10:01,629 [grpc-default-executor-9] INFO  impl.RaftServerProxy (RaftServerProxy.java:addNew(89)) - 01d5352d-883b-4a7a-89e4-dfaba3730f16: addNew group-8E324B84697D:[a2bafefd-dd5c-4b30-b732-4244b0e7007a:172.17.0.2:39063, f0f3ddfc-f4e8-4f2e-975c-cdf5158be850:172.17.0.2:41819, 01d5352d-883b-4a7a-89e4-dfaba3730f16:172.17.0.2:45929] returns group-8E324B84697D:java.util.concurrent.CompletableFuture@530068e1[Not completed]
2020-06-27 13:10:01,631 [EventQueue-PipelineReportForPipelineReportHandler] INFO  pipeline.PipelineStateManager (PipelineStateManager.java:openPipeline(131)) - Pipeline Pipeline[ Id: 00cb7382-162f-4fe2-aa3f-d6397a72550e, Nodes: f0f3ddfc-f4e8-4f2e-975c-cdf5158be850{ip: 172.17.0.2, host: 8c26f3e475a5, networkLocation: /default-rack, certSerialId: null}, Type:RATIS, Factor:ONE, State:ALLOCATED, leaderId:f0f3ddfc-f4e8-4f2e-975c-cdf5158be850, CreationTimestamp2020-06-27T13:09:58.612Z] moved to OPEN state
2020-06-27 13:10:01,631 [pool-517-thread-1] INFO  ratis.ContainerStateMachine (ContainerStateMachine.java:loadSnapshot(226)) - group-D6397A72550E: The snapshot info is null. Setting the last applied indexto:(t:0, i:~)
2020-06-27 13:10:01,631 [pool-517-thread-1] INFO  server.RaftServerConfigKeys (ConfUtils.java:logGet(44)) - raft.server.notification.no-leader.timeout = 60s (default)
2020-06-27 13:10:01,631 [pool-517-thread-1] INFO  server.RaftServerConfigKeys (ConfUtils.java:logGet(44)) - raft.server.log.use.memory = false (default)
2020-06-27 13:10:01,632 [pool-517-thread-1] INFO  server.RaftServerConfigKeys (ConfUtils.java:logGet(44)) - raft.server.log.purge.gap = 1000000 (custom)
2020-06-27 13:10:01,632 [pool-517-thread-1] INFO  server.RaftServerConfigKeys (ConfUtils.java:logGet(44)) - raft.server.log.appender.buffer.byte-limit = 33554432 (custom)
2020-06-27 13:10:01,632 [pool-517-thread-1] INFO  server.RaftServerConfigKeys (ConfUtils.java:logGet(44)) - raft.server.log.segment.size.max = 1048576 (custom)
2020-06-27 13:10:01,632 [pool-517-thread-1] INFO  metrics.RatisMetrics (RatisMetrics.java:lambda$create$0(36)) - Creating Metrics Registry : ratis.log_worker.f0f3ddfc-f4e8-4f2e-975c-cdf5158be850@group-D6397A72550E
2020-06-27 13:10:01,632 [pool-517-thread-1] INFO  server.RaftServerConfigKeys (ConfUtils.java:logGet(44)) - raft.server.log.segment.cache.num.max = 2 (custom)
2020-06-27 13:10:01,632 [pool-517-thread-1] INFO  segmented.SegmentedRaftLogWorker (SegmentedRaftLogWorker.java:<init>(180)) - new f0f3ddfc-f4e8-4f2e-975c-cdf5158be850@group-D6397A72550E-SegmentedRaftLogWorker for RaftStorage:Storage Directory /github/workspace/mnt/ozone/hadoop-ozone/integration-test/target/test-dir/MiniOzoneClusterImpl-be392bf5-6f5b-448a-8365-d7ab1effc2dc/datanode-1/data/ratis/00cb7382-162f-4fe2-aa3f-d6397a72550e
2020-06-27 13:10:01,632 [pool-517-thread-1] INFO  server.RaftServerConfigKeys (ConfUtils.java:logGet(44)) - raft.server.log.queue.byte-limit = 2147483647 (custom)
2020-06-27 13:10:01,632 [pool-517-thread-1] INFO  server.RaftServerConfigKeys (ConfUtils.java:logGet(44)) - raft.server.log.queue.element-limit = 1024 (custom)
2020-06-27 13:10:01,632 [pool-517-thread-1] INFO  server.RaftServerConfigKeys (ConfUtils.java:logGet(44)) - raft.server.log.segment.size.max = 1048576 (custom)
2020-06-27 13:10:01,632 [pool-517-thread-1] INFO  server.RaftServerConfigKeys (ConfUtils.java:logGet(44)) - raft.server.log.preallocated.size = 16384 (custom)
2020-06-27 13:10:01,632 [pool-517-thread-1] INFO  server.RaftServerConfigKeys (ConfUtils.java:logGet(44)) - raft.server.log.write.buffer.size = 1048576 (custom)
2020-06-27 13:10:01,632 [pool-517-thread-1] INFO  server.RaftServerConfigKeys (ConfUtils.java:logGet(44)) - raft.server.log.force.sync.num = 128 (default)
2020-06-27 13:10:01,633 [pool-517-thread-1] INFO  server.RaftServerConfigKeys (ConfUtils.java:logGet(44)) - raft.server.log.statemachine.data.sync = true (default)
2020-06-27 13:10:01,633 [pool-517-thread-1] INFO  server.RaftServerConfigKeys (ConfUtils.java:logGet(44)) - raft.server.log.statemachine.data.sync.timeout = 10s (default)
2020-06-27 13:10:01,633 [pool-517-thread-1] INFO  server.RaftServerConfigKeys (ConfUtils.java:logGet(44)) - raft.server.log.statemachine.data.sync.timeout.retry = -1 (default)
2020-06-27 13:10:01,634 [EventQueue-OpenPipelineForOneReplicaPipelineSafeModeRule] INFO  safemode.SCMSafeModeManager (SCMSafeModeManager.java:validateSafeModeExitRules(214)) - AtleastOneDatanodeReportedRule rule is successfully validated
2020-06-27 13:10:01,634 [EventQueue-OpenPipelineForHealthyPipelineSafeModeRule] INFO  safemode.SCMSafeModeManager (HealthyPipelineSafeModeRule.java:process(132)) - SCM in safe mode. Healthy pipelines reported count is 0, required healthy pipeline reported count is 1
2020-06-27 13:10:01,636 [pool-517-thread-1] INFO  server.RaftServerConfigKeys (ConfUtils.java:logGet(44)) - raft.server.log.statemachine.data.caching.enabled = true (custom)
2020-06-27 13:10:01,636 [pool-517-thread-1] INFO  segmented.SegmentedRaftLogWorker (SegmentedRaftLogWorker.java:lambda$new$0(129)) - f0f3ddfc-f4e8-4f2e-975c-cdf5158be850@group-D6397A72550E-SegmentedRaftLogWorker: flushIndex: setUnconditionally 0 -> -1
2020-06-27 13:10:01,636 [pool-517-thread-1] INFO  segmented.SegmentedRaftLogWorker (SegmentedRaftLogWorker.java:lambda$new$0(129)) - f0f3ddfc-f4e8-4f2e-975c-cdf5158be850@group-D6397A72550E-SegmentedRaftLogWorker: safeCacheEvictIndex: setUnconditionally 0 -> -1
2020-06-27 13:10:01,636 [pool-517-thread-1] INFO  server.RaftServerConfigKeys (ConfUtils.java:logGet(44)) - raft.server.snapshot.auto.trigger.enabled = true (custom)
2020-06-27 13:10:01,636 [pool-517-thread-1] INFO  server.RaftServerConfigKeys (ConfUtils.java:logGet(44)) - raft.server.snapshot.auto.trigger.threshold = 10000 (custom)
2020-06-27 13:10:01,636 [pool-517-thread-1] INFO  server.RaftServerConfigKeys (ConfUtils.java:logGet(44)) - raft.server.snapshot.retention.file.num = 5 (custom)
2020-06-27 13:10:01,636 [pool-517-thread-1] INFO  server.RaftServerConfigKeys (ConfUtils.java:logGet(44)) - raft.server.log.purge.upto.snapshot.index = false (default)
2020-06-27 13:10:01,637 [pool-517-thread-1] INFO  server.RaftServerConfigKeys (ConfUtils.java:logGet(44)) - raft.server.retrycache.expirytime = 600000ms (custom)
2020-06-27 13:10:01,637 [pool-517-thread-1] INFO  metrics.RatisMetrics (RatisMetrics.java:lambda$create$0(36)) - Creating Metrics Registry : ratis.leader_election.f0f3ddfc-f4e8-4f2e-975c-cdf5158be850@group-D6397A72550E
2020-06-27 13:10:01,637 [pool-532-thread-1] INFO  impl.RaftServerImpl (RaftServerImpl.java:<init>(99)) - 01d5352d-883b-4a7a-89e4-dfaba3730f16: new RaftServerImpl for group-8E324B84697D:[a2bafefd-dd5c-4b30-b732-4244b0e7007a:172.17.0.2:39063, f0f3ddfc-f4e8-4f2e-975c-cdf5158be850:172.17.0.2:41819, 01d5352d-883b-4a7a-89e4-dfaba3730f16:172.17.0.2:45929] with ContainerStateMachine:uninitialized
2020-06-27 13:10:01,637 [pool-532-thread-1] INFO  server.RaftServerConfigKeys (ConfUtils.java:logGet(44)) - raft.server.rpc.timeout.min = 5s (custom)
2020-06-27 13:10:01,637 [pool-517-thread-1] INFO  metrics.RatisMetrics (RatisMetrics.java:lambda$create$0(36)) - Creating Metrics Registry : ratis.server.f0f3ddfc-f4e8-4f2e-975c-cdf5158be850@group-D6397A72550E
2020-06-27 13:10:01,637 [pool-532-thread-1] INFO  server.RaftServerConfigKeys (ConfUtils.java:logGet(44)) - raft.server.rpc.timeout.max = 5200ms (custom)
2020-06-27 13:10:01,638 [pool-532-thread-1] INFO  server.RaftServerConfigKeys (ConfUtils.java:logGet(44)) - raft.server.rpcslowness.timeout = 300s (custom)
2020-06-27 13:10:01,638 [pool-532-thread-1] INFO  server.RaftServerConfigKeys (ConfUtils.java:logGet(44)) - raft.server.sleep.deviation.threshold = 300 (default)
2020-06-27 13:10:01,638 [pool-532-thread-1] INFO  server.RaftServerConfigKeys (ConfUtils.java:logGet(44)) - raft.server.log.appender.install.snapshot.enabled = false (custom)
2020-06-27 13:10:01,638 [pool-532-thread-1] INFO  impl.RaftServerImpl (ServerState.java:<init>(103)) - 01d5352d-883b-4a7a-89e4-dfaba3730f16@group-8E324B84697D: ConfigurationManager, init=-1: [a2bafefd-dd5c-4b30-b732-4244b0e7007a:172.17.0.2:39063, f0f3ddfc-f4e8-4f2e-975c-cdf5158be850:172.17.0.2:41819, 01d5352d-883b-4a7a-89e4-dfaba3730f16:172.17.0.2:45929], old=null, confs=<EMPTY_MAP>
2020-06-27 13:10:01,638 [pool-532-thread-1] INFO  server.RaftServerConfigKeys (ConfUtils.java:logGet(44)) - raft.server.storage.dir = [/github/workspace/mnt/ozone/hadoop-ozone/integration-test/target/test-dir/MiniOzoneClusterImpl-be392bf5-6f5b-448a-8365-d7ab1effc2dc/datanode-2/data/ratis] (custom)
2020-06-27 13:10:01,639 [pool-517-thread-1] INFO  impl.RaftServerImpl (RaftServerImpl.java:start(186)) - f0f3ddfc-f4e8-4f2e-975c-cdf5158be850@group-D6397A72550E: start as a follower, conf=-1: [f0f3ddfc-f4e8-4f2e-975c-cdf5158be850:172.17.0.2:41819], old=null
2020-06-27 13:10:01,639 [pool-517-thread-1] INFO  impl.RaftServerImpl (RaftServerImpl.java:setRole(175)) - f0f3ddfc-f4e8-4f2e-975c-cdf5158be850@group-D6397A72550E: changes role from      null to FOLLOWER at term 0 for startAsFollower
2020-06-27 13:10:01,639 [pool-517-thread-1] INFO  impl.RoleInfo (RoleInfo.java:updateAndGet(143)) - f0f3ddfc-f4e8-4f2e-975c-cdf5158be850: start FollowerState
2020-06-27 13:10:01,640 [pool-517-thread-1] INFO  util.JmxRegister (JmxRegister.java:tryRegister(44)) - Successfully registered JMX Bean with object name Ratis:service=RaftServer,group=group-D6397A72550E,id=f0f3ddfc-f4e8-4f2e-975c-cdf5158be850
2020-06-27 13:10:01,640 [pool-517-thread-1] INFO  metrics.RatisMetrics (RatisMetrics.java:lambda$create$0(36)) - Creating Metrics Registry : ratis.state_machine.f0f3ddfc-f4e8-4f2e-975c-cdf5158be850@group-D6397A72550E
2020-06-27 13:10:01,641 [pool-532-thread-1] INFO  server.RaftServerConfigKeys (ConfUtils.java:logGet(44)) - raft.server.log.corruption.policy = EXCEPTION (default)
2020-06-27 13:10:01,641 [Command processor thread] INFO  commandhandler.CreatePipelineCommandHandler (CreatePipelineCommandHandler.java:handle(109)) - Created Pipeline RATIS ONE #id: "00cb7382-162f-4fe2-aa3f-d6397a72550e"
.
2020-06-27 13:10:01,641 [pool-532-thread-1] INFO  storage.RaftStorageDirectory (RaftStorageDirectory.java:analyzeStorage(261)) - The storage directory /github/workspace/mnt/ozone/hadoop-ozone/integration-test/target/test-dir/MiniOzoneClusterImpl-be392bf5-6f5b-448a-8365-d7ab1effc2dc/datanode-2/data/ratis/8dbdd0bf-b681-4e76-b49e-8e324b84697d does not exist. Creating ...
2020-06-27 13:10:01,642 [pool-517-thread-1] INFO  impl.RaftServerImpl (RaftServerImpl.java:<init>(99)) - f0f3ddfc-f4e8-4f2e-975c-cdf5158be850: new RaftServerImpl for group-8E324B84697D:[a2bafefd-dd5c-4b30-b732-4244b0e7007a:172.17.0.2:39063, f0f3ddfc-f4e8-4f2e-975c-cdf5158be850:172.17.0.2:41819, 01d5352d-883b-4a7a-89e4-dfaba3730f16:172.17.0.2:45929] with ContainerStateMachine:uninitialized
2020-06-27 13:10:01,642 [pool-517-thread-1] INFO  server.RaftServerConfigKeys (ConfUtils.java:logGet(44)) - raft.server.rpc.timeout.min = 5s (custom)
2020-06-27 13:10:01,642 [pool-517-thread-1] INFO  server.RaftServerConfigKeys (ConfUtils.java:logGet(44)) - raft.server.rpc.timeout.max = 5200ms (custom)
2020-06-27 13:10:01,642 [pool-517-thread-1] INFO  server.RaftServerConfigKeys (ConfUtils.java:logGet(44)) - raft.server.rpcslowness.timeout = 300s (custom)
2020-06-27 13:10:01,642 [pool-517-thread-1] INFO  server.RaftServerConfigKeys (ConfUtils.java:logGet(44)) - raft.server.sleep.deviation.threshold = 300 (default)
2020-06-27 13:10:01,642 [pool-517-thread-1] INFO  server.RaftServerConfigKeys (ConfUtils.java:logGet(44)) - raft.server.log.appender.install.snapshot.enabled = false (custom)
2020-06-27 13:10:01,643 [pool-517-thread-1] INFO  impl.RaftServerImpl (ServerState.java:<init>(103)) - f0f3ddfc-f4e8-4f2e-975c-cdf5158be850@group-8E324B84697D: ConfigurationManager, init=-1: [a2bafefd-dd5c-4b30-b732-4244b0e7007a:172.17.0.2:39063, f0f3ddfc-f4e8-4f2e-975c-cdf5158be850:172.17.0.2:41819, 01d5352d-883b-4a7a-89e4-dfaba3730f16:172.17.0.2:45929], old=null, confs=<EMPTY_MAP>
2020-06-27 13:10:01,643 [pool-517-thread-1] INFO  server.RaftServerConfigKeys (ConfUtils.java:logGet(44)) - raft.server.storage.dir = [/github/workspace/mnt/ozone/hadoop-ozone/integration-test/target/test-dir/MiniOzoneClusterImpl-be392bf5-6f5b-448a-8365-d7ab1effc2dc/datanode-1/data/ratis] (custom)
2020-06-27 13:10:01,641 [Command processor thread] INFO  impl.RaftServerProxy (RaftServerProxy.java:addNew(89)) - f0f3ddfc-f4e8-4f2e-975c-cdf5158be850: addNew group-8E324B84697D:[a2bafefd-dd5c-4b30-b732-4244b0e7007a:172.17.0.2:39063, f0f3ddfc-f4e8-4f2e-975c-cdf5158be850:172.17.0.2:41819, 01d5352d-883b-4a7a-89e4-dfaba3730f16:172.17.0.2:45929] returns group-8E324B84697D:java.util.concurrent.CompletableFuture@4acadd86[Not completed]
2020-06-27 13:10:01,643 [pool-517-thread-1] INFO  server.RaftServerConfigKeys (ConfUtils.java:logGet(44)) - raft.server.log.corruption.policy = EXCEPTION (default)
2020-06-27 13:10:01,643 [pool-517-thread-1] INFO  storage.RaftStorageDirectory (RaftStorageDirectory.java:analyzeStorage(261)) - The storage directory /github/workspace/mnt/ozone/hadoop-ozone/integration-test/target/test-dir/MiniOzoneClusterImpl-be392bf5-6f5b-448a-8365-d7ab1effc2dc/datanode-1/data/ratis/8dbdd0bf-b681-4e76-b49e-8e324b84697d does not exist. Creating ...
2020-06-27 13:10:01,645 [pool-517-thread-1] INFO  storage.RaftStorageDirectory (RaftStorageDirectory.java:tryLock(343)) - Lock on /github/workspace/mnt/ozone/hadoop-ozone/integration-test/target/test-dir/MiniOzoneClusterImpl-be392bf5-6f5b-448a-8365-d7ab1effc2dc/datanode-1/data/ratis/8dbdd0bf-b681-4e76-b49e-8e324b84697d/in_use.lock acquired by nodename 11346@8c26f3e475a5
2020-06-27 13:10:01,645 [pool-532-thread-1] INFO  storage.RaftStorageDirectory (RaftStorageDirectory.java:tryLock(343)) - Lock on /github/workspace/mnt/ozone/hadoop-ozone/integration-test/target/test-dir/MiniOzoneClusterImpl-be392bf5-6f5b-448a-8365-d7ab1effc2dc/datanode-2/data/ratis/8dbdd0bf-b681-4e76-b49e-8e324b84697d/in_use.lock acquired by nodename 11346@8c26f3e475a5
2020-06-27 13:10:01,646 [pool-517-thread-1] INFO  storage.RaftStorage (RaftStorage.java:format(84)) - Storage directory /github/workspace/mnt/ozone/hadoop-ozone/integration-test/target/test-dir/MiniOzoneClusterImpl-be392bf5-6f5b-448a-8365-d7ab1effc2dc/datanode-1/data/ratis/8dbdd0bf-b681-4e76-b49e-8e324b84697d has been successfully formatted.
2020-06-27 13:10:01,647 [pool-517-thread-1] INFO  ratis.ContainerStateMachine (ContainerStateMachine.java:loadSnapshot(226)) - group-8E324B84697D: The snapshot info is null. Setting the last applied indexto:(t:0, i:~)
2020-06-27 13:10:01,647 [pool-517-thread-1] INFO  server.RaftServerConfigKeys (ConfUtils.java:logGet(44)) - raft.server.notification.no-leader.timeout = 60s (default)
2020-06-27 13:10:01,647 [pool-517-thread-1] INFO  server.RaftServerConfigKeys (ConfUtils.java:logGet(44)) - raft.server.log.use.memory = false (default)
2020-06-27 13:10:01,647 [pool-517-thread-1] INFO  server.RaftServerConfigKeys (ConfUtils.java:logGet(44)) - raft.server.log.purge.gap = 1000000 (custom)
2020-06-27 13:10:01,647 [pool-517-thread-1] INFO  server.RaftServerConfigKeys (ConfUtils.java:logGet(44)) - raft.server.log.appender.buffer.byte-limit = 33554432 (custom)
2020-06-27 13:10:01,647 [pool-517-thread-1] INFO  server.RaftServerConfigKeys (ConfUtils.java:logGet(44)) - raft.server.log.segment.size.max = 1048576 (custom)
2020-06-27 13:10:01,647 [pool-517-thread-1] INFO  metrics.RatisMetrics (RatisMetrics.java:lambda$create$0(36)) - Creating Metrics Registry : ratis.log_worker.f0f3ddfc-f4e8-4f2e-975c-cdf5158be850@group-8E324B84697D
2020-06-27 13:10:01,647 [pool-517-thread-1] INFO  server.RaftServerConfigKeys (ConfUtils.java:logGet(44)) - raft.server.log.segment.cache.num.max = 2 (custom)
2020-06-27 13:10:01,647 [pool-517-thread-1] INFO  segmented.SegmentedRaftLogWorker (SegmentedRaftLogWorker.java:<init>(180)) - new f0f3ddfc-f4e8-4f2e-975c-cdf5158be850@group-8E324B84697D-SegmentedRaftLogWorker for RaftStorage:Storage Directory /github/workspace/mnt/ozone/hadoop-ozone/integration-test/target/test-dir/MiniOzoneClusterImpl-be392bf5-6f5b-448a-8365-d7ab1effc2dc/datanode-1/data/ratis/8dbdd0bf-b681-4e76-b49e-8e324b84697d
2020-06-27 13:10:01,648 [pool-517-thread-1] INFO  server.RaftServerConfigKeys (ConfUtils.java:logGet(44)) - raft.server.log.queue.byte-limit = 2147483647 (custom)
2020-06-27 13:10:01,648 [pool-517-thread-1] INFO  server.RaftServerConfigKeys (ConfUtils.java:logGet(44)) - raft.server.log.queue.element-limit = 1024 (custom)
2020-06-27 13:10:01,648 [pool-517-thread-1] INFO  server.RaftServerConfigKeys (ConfUtils.java:logGet(44)) - raft.server.log.segment.size.max = 1048576 (custom)
2020-06-27 13:10:01,648 [pool-517-thread-1] INFO  server.RaftServerConfigKeys (ConfUtils.java:logGet(44)) - raft.server.log.preallocated.size = 16384 (custom)
2020-06-27 13:10:01,648 [pool-517-thread-1] INFO  server.RaftServerConfigKeys (ConfUtils.java:logGet(44)) - raft.server.log.write.buffer.size = 1048576 (custom)
2020-06-27 13:10:01,648 [pool-517-thread-1] INFO  server.RaftServerConfigKeys (ConfUtils.java:logGet(44)) - raft.server.log.force.sync.num = 128 (default)
2020-06-27 13:10:01,648 [pool-517-thread-1] INFO  server.RaftServerConfigKeys (ConfUtils.java:logGet(44)) - raft.server.log.statemachine.data.sync = true (default)
2020-06-27 13:10:01,648 [pool-517-thread-1] INFO  server.RaftServerConfigKeys (ConfUtils.java:logGet(44)) - raft.server.log.statemachine.data.sync.timeout = 10s (default)
2020-06-27 13:10:01,648 [pool-517-thread-1] INFO  server.RaftServerConfigKeys (ConfUtils.java:logGet(44)) - raft.server.log.statemachine.data.sync.timeout.retry = -1 (default)
2020-06-27 13:10:01,651 [pool-517-thread-1] INFO  server.RaftServerConfigKeys (ConfUtils.java:logGet(44)) - raft.server.log.statemachine.data.caching.enabled = true (custom)
2020-06-27 13:10:01,651 [pool-517-thread-1] INFO  segmented.SegmentedRaftLogWorker (SegmentedRaftLogWorker.java:lambda$new$0(129)) - f0f3ddfc-f4e8-4f2e-975c-cdf5158be850@group-8E324B84697D-SegmentedRaftLogWorker: flushIndex: setUnconditionally 0 -> -1
2020-06-27 13:10:01,651 [pool-517-thread-1] INFO  segmented.SegmentedRaftLogWorker (SegmentedRaftLogWorker.java:lambda$new$0(129)) - f0f3ddfc-f4e8-4f2e-975c-cdf5158be850@group-8E324B84697D-SegmentedRaftLogWorker: safeCacheEvictIndex: setUnconditionally 0 -> -1
2020-06-27 13:10:01,653 [pool-517-thread-1] INFO  server.RaftServerConfigKeys (ConfUtils.java:logGet(44)) - raft.server.snapshot.auto.trigger.enabled = true (custom)
2020-06-27 13:10:01,653 [pool-517-thread-1] INFO  server.RaftServerConfigKeys (ConfUtils.java:logGet(44)) - raft.server.snapshot.auto.trigger.threshold = 10000 (custom)
2020-06-27 13:10:01,653 [pool-517-thread-1] INFO  server.RaftServerConfigKeys (ConfUtils.java:logGet(44)) - raft.server.snapshot.retention.file.num = 5 (custom)
2020-06-27 13:10:01,653 [pool-517-thread-1] INFO  server.RaftServerConfigKeys (ConfUtils.java:logGet(44)) - raft.server.log.purge.upto.snapshot.index = false (default)
2020-06-27 13:10:01,653 [pool-517-thread-1] INFO  server.RaftServerConfigKeys (ConfUtils.java:logGet(44)) - raft.server.retrycache.expirytime = 600000ms (custom)
2020-06-27 13:10:01,654 [pool-517-thread-1] INFO  metrics.RatisMetrics (RatisMetrics.java:lambda$create$0(36)) - Creating Metrics Registry : ratis.leader_election.f0f3ddfc-f4e8-4f2e-975c-cdf5158be850@group-8E324B84697D
2020-06-27 13:10:01,654 [pool-517-thread-1] INFO  metrics.RatisMetrics (RatisMetrics.java:lambda$create$0(36)) - Creating Metrics Registry : ratis.server.f0f3ddfc-f4e8-4f2e-975c-cdf5158be850@group-8E324B84697D
2020-06-27 13:10:01,655 [pool-532-thread-1] INFO  storage.RaftStorage (RaftStorage.java:format(84)) - Storage directory /github/workspace/mnt/ozone/hadoop-ozone/integration-test/target/test-dir/MiniOzoneClusterImpl-be392bf5-6f5b-448a-8365-d7ab1effc2dc/datanode-2/data/ratis/8dbdd0bf-b681-4e76-b49e-8e324b84697d has been successfully formatted.
2020-06-27 13:10:01,658 [pool-532-thread-1] INFO  ratis.ContainerStateMachine (ContainerStateMachine.java:loadSnapshot(226)) - group-8E324B84697D: The snapshot info is null. Setting the last applied indexto:(t:0, i:~)
2020-06-27 13:10:01,658 [pool-532-thread-1] INFO  server.RaftServerConfigKeys (ConfUtils.java:logGet(44)) - raft.server.notification.no-leader.timeout = 60s (default)
2020-06-27 13:10:01,658 [pool-532-thread-1] INFO  server.RaftServerConfigKeys (ConfUtils.java:logGet(44)) - raft.server.log.use.memory = false (default)
2020-06-27 13:10:01,659 [pool-532-thread-1] INFO  server.RaftServerConfigKeys (ConfUtils.java:logGet(44)) - raft.server.log.purge.gap = 1000000 (custom)
2020-06-27 13:10:01,659 [pool-532-thread-1] INFO  server.RaftServerConfigKeys (ConfUtils.java:logGet(44)) - raft.server.log.appender.buffer.byte-limit = 33554432 (custom)
2020-06-27 13:10:01,659 [pool-532-thread-1] INFO  server.RaftServerConfigKeys (ConfUtils.java:logGet(44)) - raft.server.log.segment.size.max = 1048576 (custom)
2020-06-27 13:10:01,659 [pool-532-thread-1] INFO  metrics.RatisMetrics (RatisMetrics.java:lambda$create$0(36)) - Creating Metrics Registry : ratis.log_worker.01d5352d-883b-4a7a-89e4-dfaba3730f16@group-8E324B84697D
2020-06-27 13:10:01,659 [pool-532-thread-1] INFO  server.RaftServerConfigKeys (ConfUtils.java:logGet(44)) - raft.server.log.segment.cache.num.max = 2 (custom)
2020-06-27 13:10:01,659 [pool-532-thread-1] INFO  segmented.SegmentedRaftLogWorker (SegmentedRaftLogWorker.java:<init>(180)) - new 01d5352d-883b-4a7a-89e4-dfaba3730f16@group-8E324B84697D-SegmentedRaftLogWorker for RaftStorage:Storage Directory /github/workspace/mnt/ozone/hadoop-ozone/integration-test/target/test-dir/MiniOzoneClusterImpl-be392bf5-6f5b-448a-8365-d7ab1effc2dc/datanode-2/data/ratis/8dbdd0bf-b681-4e76-b49e-8e324b84697d
2020-06-27 13:10:01,659 [pool-532-thread-1] INFO  server.RaftServerConfigKeys (ConfUtils.java:logGet(44)) - raft.server.log.queue.byte-limit = 2147483647 (custom)
2020-06-27 13:10:01,659 [pool-532-thread-1] INFO  server.RaftServerConfigKeys (ConfUtils.java:logGet(44)) - raft.server.log.queue.element-limit = 1024 (custom)
2020-06-27 13:10:01,659 [pool-532-thread-1] INFO  server.RaftServerConfigKeys (ConfUtils.java:logGet(44)) - raft.server.log.segment.size.max = 1048576 (custom)
2020-06-27 13:10:01,660 [pool-532-thread-1] INFO  server.RaftServerConfigKeys (ConfUtils.java:logGet(44)) - raft.server.log.preallocated.size = 16384 (custom)
2020-06-27 13:10:01,660 [pool-532-thread-1] INFO  server.RaftServerConfigKeys (ConfUtils.java:logGet(44)) - raft.server.log.write.buffer.size = 1048576 (custom)
2020-06-27 13:10:01,660 [pool-532-thread-1] INFO  server.RaftServerConfigKeys (ConfUtils.java:logGet(44)) - raft.server.log.force.sync.num = 128 (default)
2020-06-27 13:10:01,660 [pool-532-thread-1] INFO  server.RaftServerConfigKeys (ConfUtils.java:logGet(44)) - raft.server.log.statemachine.data.sync = true (default)
2020-06-27 13:10:01,660 [pool-532-thread-1] INFO  server.RaftServerConfigKeys (ConfUtils.java:logGet(44)) - raft.server.log.statemachine.data.sync.timeout = 10s (default)
2020-06-27 13:10:01,660 [pool-517-thread-1] INFO  impl.RaftServerImpl (RaftServerImpl.java:start(186)) - f0f3ddfc-f4e8-4f2e-975c-cdf5158be850@group-8E324B84697D: start as a follower, conf=-1: [a2bafefd-dd5c-4b30-b732-4244b0e7007a:172.17.0.2:39063, f0f3ddfc-f4e8-4f2e-975c-cdf5158be850:172.17.0.2:41819, 01d5352d-883b-4a7a-89e4-dfaba3730f16:172.17.0.2:45929], old=null
2020-06-27 13:10:01,660 [pool-517-thread-1] INFO  impl.RaftServerImpl (RaftServerImpl.java:setRole(175)) - f0f3ddfc-f4e8-4f2e-975c-cdf5158be850@group-8E324B84697D: changes role from      null to FOLLOWER at term 0 for startAsFollower
2020-06-27 13:10:01,660 [pool-517-thread-1] INFO  impl.RoleInfo (RoleInfo.java:updateAndGet(143)) - f0f3ddfc-f4e8-4f2e-975c-cdf5158be850: start FollowerState
2020-06-27 13:10:01,660 [pool-532-thread-1] INFO  server.RaftServerConfigKeys (ConfUtils.java:logGet(44)) - raft.server.log.statemachine.data.sync.timeout.retry = -1 (default)
2020-06-27 13:10:01,665 [pool-532-thread-1] INFO  server.RaftServerConfigKeys (ConfUtils.java:logGet(44)) - raft.server.log.statemachine.data.caching.enabled = true (custom)
2020-06-27 13:10:01,665 [pool-532-thread-1] INFO  segmented.SegmentedRaftLogWorker (SegmentedRaftLogWorker.java:lambda$new$0(129)) - 01d5352d-883b-4a7a-89e4-dfaba3730f16@group-8E324B84697D-SegmentedRaftLogWorker: flushIndex: setUnconditionally 0 -> -1
2020-06-27 13:10:01,665 [pool-532-thread-1] INFO  segmented.SegmentedRaftLogWorker (SegmentedRaftLogWorker.java:lambda$new$0(129)) - 01d5352d-883b-4a7a-89e4-dfaba3730f16@group-8E324B84697D-SegmentedRaftLogWorker: safeCacheEvictIndex: setUnconditionally 0 -> -1
2020-06-27 13:10:01,665 [pool-517-thread-1] INFO  util.JmxRegister (JmxRegister.java:tryRegister(44)) - Successfully registered JMX Bean with object name Ratis:service=RaftServer,group=group-8E324B84697D,id=f0f3ddfc-f4e8-4f2e-975c-cdf5158be850
2020-06-27 13:10:01,665 [pool-517-thread-1] INFO  metrics.RatisMetrics (RatisMetrics.java:lambda$create$0(36)) - Creating Metrics Registry : ratis.state_machine.f0f3ddfc-f4e8-4f2e-975c-cdf5158be850@group-8E324B84697D
2020-06-27 13:10:01,666 [pool-532-thread-1] INFO  server.RaftServerConfigKeys (ConfUtils.java:logGet(44)) - raft.server.snapshot.auto.trigger.enabled = true (custom)
2020-06-27 13:10:01,666 [pool-532-thread-1] INFO  server.RaftServerConfigKeys (ConfUtils.java:logGet(44)) - raft.server.snapshot.auto.trigger.threshold = 10000 (custom)
2020-06-27 13:10:01,666 [pool-532-thread-1] INFO  server.RaftServerConfigKeys (ConfUtils.java:logGet(44)) - raft.server.snapshot.retention.file.num = 5 (custom)
2020-06-27 13:10:01,666 [pool-532-thread-1] INFO  server.RaftServerConfigKeys (ConfUtils.java:logGet(44)) - raft.server.log.purge.upto.snapshot.index = false (default)
2020-06-27 13:10:01,666 [pool-532-thread-1] INFO  server.RaftServerConfigKeys (ConfUtils.java:logGet(44)) - raft.server.retrycache.expirytime = 600000ms (custom)
2020-06-27 13:10:01,667 [pool-532-thread-1] INFO  metrics.RatisMetrics (RatisMetrics.java:lambda$create$0(36)) - Creating Metrics Registry : ratis.leader_election.01d5352d-883b-4a7a-89e4-dfaba3730f16@group-8E324B84697D
2020-06-27 13:10:01,668 [pool-532-thread-1] INFO  metrics.RatisMetrics (RatisMetrics.java:lambda$create$0(36)) - Creating Metrics Registry : ratis.server.01d5352d-883b-4a7a-89e4-dfaba3730f16@group-8E324B84697D
2020-06-27 13:10:01,670 [pool-532-thread-1] INFO  impl.RaftServerImpl (RaftServerImpl.java:start(186)) - 01d5352d-883b-4a7a-89e4-dfaba3730f16@group-8E324B84697D: start as a follower, conf=-1: [a2bafefd-dd5c-4b30-b732-4244b0e7007a:172.17.0.2:39063, f0f3ddfc-f4e8-4f2e-975c-cdf5158be850:172.17.0.2:41819, 01d5352d-883b-4a7a-89e4-dfaba3730f16:172.17.0.2:45929], old=null
2020-06-27 13:10:01,670 [pool-532-thread-1] INFO  impl.RaftServerImpl (RaftServerImpl.java:setRole(175)) - 01d5352d-883b-4a7a-89e4-dfaba3730f16@group-8E324B84697D: changes role from      null to FOLLOWER at term 0 for startAsFollower
2020-06-27 13:10:01,670 [pool-532-thread-1] INFO  impl.RoleInfo (RoleInfo.java:updateAndGet(143)) - 01d5352d-883b-4a7a-89e4-dfaba3730f16: start FollowerState
2020-06-27 13:10:01,670 [pool-532-thread-1] INFO  util.JmxRegister (JmxRegister.java:tryRegister(44)) - Successfully registered JMX Bean with object name Ratis:service=RaftServer,group=group-8E324B84697D,id=01d5352d-883b-4a7a-89e4-dfaba3730f16
2020-06-27 13:10:01,670 [pool-532-thread-1] INFO  metrics.RatisMetrics (RatisMetrics.java:lambda$create$0(36)) - Creating Metrics Registry : ratis.state_machine.01d5352d-883b-4a7a-89e4-dfaba3730f16@group-8E324B84697D
2020-06-27 13:10:01,713 [Command processor thread] INFO  commandhandler.CreatePipelineCommandHandler (CreatePipelineCommandHandler.java:handle(109)) - Created Pipeline RATIS THREE #id: "8dbdd0bf-b681-4e76-b49e-8e324b84697d"
.
2020-06-27 13:10:01,724 [Command processor thread] INFO  commandhandler.CreatePipelineCommandHandler (CreatePipelineCommandHandler.java:handle(109)) - Created Pipeline RATIS THREE #id: "8dbdd0bf-b681-4e76-b49e-8e324b84697d"
.
2020-06-27 13:10:01,759 [Command processor thread] INFO  impl.RaftServerProxy (RaftServerProxy.java:addNew(89)) - 01d5352d-883b-4a7a-89e4-dfaba3730f16: addNew group-9C1948224E07:[01d5352d-883b-4a7a-89e4-dfaba3730f16:172.17.0.2:45929] returns group-9C1948224E07:java.util.concurrent.CompletableFuture@5a9e6cb1[Not completed]
2020-06-27 13:10:01,760 [pool-532-thread-1] INFO  impl.RaftServerImpl (RaftServerImpl.java:<init>(99)) - 01d5352d-883b-4a7a-89e4-dfaba3730f16: new RaftServerImpl for group-9C1948224E07:[01d5352d-883b-4a7a-89e4-dfaba3730f16:172.17.0.2:45929] with ContainerStateMachine:uninitialized
2020-06-27 13:10:01,760 [pool-532-thread-1] INFO  server.RaftServerConfigKeys (ConfUtils.java:logGet(44)) - raft.server.rpc.timeout.min = 5s (custom)
2020-06-27 13:10:01,760 [pool-532-thread-1] INFO  server.RaftServerConfigKeys (ConfUtils.java:logGet(44)) - raft.server.rpc.timeout.max = 5200ms (custom)
2020-06-27 13:10:01,760 [pool-532-thread-1] INFO  server.RaftServerConfigKeys (ConfUtils.java:logGet(44)) - raft.server.rpcslowness.timeout = 300s (custom)
2020-06-27 13:10:01,760 [pool-532-thread-1] INFO  server.RaftServerConfigKeys (ConfUtils.java:logGet(44)) - raft.server.sleep.deviation.threshold = 300 (default)
2020-06-27 13:10:01,760 [pool-532-thread-1] INFO  server.RaftServerConfigKeys (ConfUtils.java:logGet(44)) - raft.server.log.appender.install.snapshot.enabled = false (custom)
2020-06-27 13:10:01,760 [pool-532-thread-1] INFO  impl.RaftServerImpl (ServerState.java:<init>(103)) - 01d5352d-883b-4a7a-89e4-dfaba3730f16@group-9C1948224E07: ConfigurationManager, init=-1: [01d5352d-883b-4a7a-89e4-dfaba3730f16:172.17.0.2:45929], old=null, confs=<EMPTY_MAP>
2020-06-27 13:10:01,760 [pool-532-thread-1] INFO  server.RaftServerConfigKeys (ConfUtils.java:logGet(44)) - raft.server.storage.dir = [/github/workspace/mnt/ozone/hadoop-ozone/integration-test/target/test-dir/MiniOzoneClusterImpl-be392bf5-6f5b-448a-8365-d7ab1effc2dc/datanode-2/data/ratis] (custom)
2020-06-27 13:10:01,761 [pool-532-thread-1] INFO  server.RaftServerConfigKeys (ConfUtils.java:logGet(44)) - raft.server.log.corruption.policy = EXCEPTION (default)
2020-06-27 13:10:01,761 [pool-532-thread-1] INFO  storage.RaftStorageDirectory (RaftStorageDirectory.java:analyzeStorage(261)) - The storage directory /github/workspace/mnt/ozone/hadoop-ozone/integration-test/target/test-dir/MiniOzoneClusterImpl-be392bf5-6f5b-448a-8365-d7ab1effc2dc/datanode-2/data/ratis/3268e29f-ff7b-4ecd-a0d1-9c1948224e07 does not exist. Creating ...
2020-06-27 13:10:01,762 [pool-532-thread-1] INFO  storage.RaftStorageDirectory (RaftStorageDirectory.java:tryLock(343)) - Lock on /github/workspace/mnt/ozone/hadoop-ozone/integration-test/target/test-dir/MiniOzoneClusterImpl-be392bf5-6f5b-448a-8365-d7ab1effc2dc/datanode-2/data/ratis/3268e29f-ff7b-4ecd-a0d1-9c1948224e07/in_use.lock acquired by nodename 11346@8c26f3e475a5
2020-06-27 13:10:01,763 [pool-532-thread-1] INFO  storage.RaftStorage (RaftStorage.java:format(84)) - Storage directory /github/workspace/mnt/ozone/hadoop-ozone/integration-test/target/test-dir/MiniOzoneClusterImpl-be392bf5-6f5b-448a-8365-d7ab1effc2dc/datanode-2/data/ratis/3268e29f-ff7b-4ecd-a0d1-9c1948224e07 has been successfully formatted.
2020-06-27 13:10:01,763 [pool-532-thread-1] INFO  ratis.ContainerStateMachine (ContainerStateMachine.java:loadSnapshot(226)) - group-9C1948224E07: The snapshot info is null. Setting the last applied indexto:(t:0, i:~)
2020-06-27 13:10:01,763 [pool-532-thread-1] INFO  server.RaftServerConfigKeys (ConfUtils.java:logGet(44)) - raft.server.notification.no-leader.timeout = 60s (default)
2020-06-27 13:10:01,764 [pool-532-thread-1] INFO  server.RaftServerConfigKeys (ConfUtils.java:logGet(44)) - raft.server.log.use.memory = false (default)
2020-06-27 13:10:01,764 [pool-532-thread-1] INFO  server.RaftServerConfigKeys (ConfUtils.java:logGet(44)) - raft.server.log.purge.gap = 1000000 (custom)
2020-06-27 13:10:01,764 [pool-532-thread-1] INFO  server.RaftServerConfigKeys (ConfUtils.java:logGet(44)) - raft.server.log.appender.buffer.byte-limit = 33554432 (custom)
2020-06-27 13:10:01,764 [pool-532-thread-1] INFO  server.RaftServerConfigKeys (ConfUtils.java:logGet(44)) - raft.server.log.segment.size.max = 1048576 (custom)
2020-06-27 13:10:01,764 [pool-532-thread-1] INFO  metrics.RatisMetrics (RatisMetrics.java:lambda$create$0(36)) - Creating Metrics Registry : ratis.log_worker.01d5352d-883b-4a7a-89e4-dfaba3730f16@group-9C1948224E07
2020-06-27 13:10:01,764 [EventQueue-PipelineReportForPipelineReportHandler] INFO  pipeline.PipelineStateManager (PipelineStateManager.java:openPipeline(131)) - Pipeline Pipeline[ Id: 3268e29f-ff7b-4ecd-a0d1-9c1948224e07, Nodes: 01d5352d-883b-4a7a-89e4-dfaba3730f16{ip: 172.17.0.2, host: 8c26f3e475a5, networkLocation: /default-rack, certSerialId: null}, Type:RATIS, Factor:ONE, State:ALLOCATED, leaderId:01d5352d-883b-4a7a-89e4-dfaba3730f16, CreationTimestamp2020-06-27T13:09:58.760Z] moved to OPEN state
2020-06-27 13:10:01,764 [pool-532-thread-1] INFO  server.RaftServerConfigKeys (ConfUtils.java:logGet(44)) - raft.server.log.segment.cache.num.max = 2 (custom)
2020-06-27 13:10:01,764 [EventQueue-OpenPipelineForHealthyPipelineSafeModeRule] INFO  safemode.SCMSafeModeManager (HealthyPipelineSafeModeRule.java:process(132)) - SCM in safe mode. Healthy pipelines reported count is 0, required healthy pipeline reported count is 1
2020-06-27 13:10:01,764 [EventQueue-OpenPipelineForOneReplicaPipelineSafeModeRule] INFO  safemode.SCMSafeModeManager (SCMSafeModeManager.java:validateSafeModeExitRules(214)) - AtleastOneDatanodeReportedRule rule is successfully validated
2020-06-27 13:10:01,764 [pool-532-thread-1] INFO  segmented.SegmentedRaftLogWorker (SegmentedRaftLogWorker.java:<init>(180)) - new 01d5352d-883b-4a7a-89e4-dfaba3730f16@group-9C1948224E07-SegmentedRaftLogWorker for RaftStorage:Storage Directory /github/workspace/mnt/ozone/hadoop-ozone/integration-test/target/test-dir/MiniOzoneClusterImpl-be392bf5-6f5b-448a-8365-d7ab1effc2dc/datanode-2/data/ratis/3268e29f-ff7b-4ecd-a0d1-9c1948224e07
2020-06-27 13:10:01,764 [pool-532-thread-1] INFO  server.RaftServerConfigKeys (ConfUtils.java:logGet(44)) - raft.server.log.queue.byte-limit = 2147483647 (custom)
2020-06-27 13:10:01,765 [pool-532-thread-1] INFO  server.RaftServerConfigKeys (ConfUtils.java:logGet(44)) - raft.server.log.queue.element-limit = 1024 (custom)
2020-06-27 13:10:01,765 [pool-532-thread-1] INFO  server.RaftServerConfigKeys (ConfUtils.java:logGet(44)) - raft.server.log.segment.size.max = 1048576 (custom)
2020-06-27 13:10:01,765 [pool-532-thread-1] INFO  server.RaftServerConfigKeys (ConfUtils.java:logGet(44)) - raft.server.log.preallocated.size = 16384 (custom)
2020-06-27 13:10:01,765 [pool-532-thread-1] INFO  server.RaftServerConfigKeys (ConfUtils.java:logGet(44)) - raft.server.log.write.buffer.size = 1048576 (custom)
2020-06-27 13:10:01,765 [pool-532-thread-1] INFO  server.RaftServerConfigKeys (ConfUtils.java:logGet(44)) - raft.server.log.force.sync.num = 128 (default)
2020-06-27 13:10:01,765 [pool-532-thread-1] INFO  server.RaftServerConfigKeys (ConfUtils.java:logGet(44)) - raft.server.log.statemachine.data.sync = true (default)
2020-06-27 13:10:01,765 [pool-532-thread-1] INFO  server.RaftServerConfigKeys (ConfUtils.java:logGet(44)) - raft.server.log.statemachine.data.sync.timeout = 10s (default)
2020-06-27 13:10:01,765 [pool-532-thread-1] INFO  server.RaftServerConfigKeys (ConfUtils.java:logGet(44)) - raft.server.log.statemachine.data.sync.timeout.retry = -1 (default)
2020-06-27 13:10:01,767 [pool-532-thread-1] INFO  server.RaftServerConfigKeys (ConfUtils.java:logGet(44)) - raft.server.log.statemachine.data.caching.enabled = true (custom)
2020-06-27 13:10:01,767 [pool-532-thread-1] INFO  segmented.SegmentedRaftLogWorker (SegmentedRaftLogWorker.java:lambda$new$0(129)) - 01d5352d-883b-4a7a-89e4-dfaba3730f16@group-9C1948224E07-SegmentedRaftLogWorker: flushIndex: setUnconditionally 0 -> -1
2020-06-27 13:10:01,768 [pool-532-thread-1] INFO  segmented.SegmentedRaftLogWorker (SegmentedRaftLogWorker.java:lambda$new$0(129)) - 01d5352d-883b-4a7a-89e4-dfaba3730f16@group-9C1948224E07-SegmentedRaftLogWorker: safeCacheEvictIndex: setUnconditionally 0 -> -1
2020-06-27 13:10:01,768 [pool-532-thread-1] INFO  server.RaftServerConfigKeys (ConfUtils.java:logGet(44)) - raft.server.snapshot.auto.trigger.enabled = true (custom)
2020-06-27 13:10:01,768 [pool-532-thread-1] INFO  server.RaftServerConfigKeys (ConfUtils.java:logGet(44)) - raft.server.snapshot.auto.trigger.threshold = 10000 (custom)
2020-06-27 13:10:01,768 [pool-532-thread-1] INFO  server.RaftServerConfigKeys (ConfUtils.java:logGet(44)) - raft.server.snapshot.retention.file.num = 5 (custom)
2020-06-27 13:10:01,768 [pool-532-thread-1] INFO  server.RaftServerConfigKeys (ConfUtils.java:logGet(44)) - raft.server.log.purge.upto.snapshot.index = false (default)
2020-06-27 13:10:01,768 [pool-532-thread-1] INFO  server.RaftServerConfigKeys (ConfUtils.java:logGet(44)) - raft.server.retrycache.expirytime = 600000ms (custom)
2020-06-27 13:10:01,768 [pool-532-thread-1] INFO  metrics.RatisMetrics (RatisMetrics.java:lambda$create$0(36)) - Creating Metrics Registry : ratis.leader_election.01d5352d-883b-4a7a-89e4-dfaba3730f16@group-9C1948224E07
2020-06-27 13:10:01,769 [pool-532-thread-1] INFO  metrics.RatisMetrics (RatisMetrics.java:lambda$create$0(36)) - Creating Metrics Registry : ratis.server.01d5352d-883b-4a7a-89e4-dfaba3730f16@group-9C1948224E07
2020-06-27 13:10:01,770 [pool-532-thread-1] INFO  impl.RaftServerImpl (RaftServerImpl.java:start(186)) - 01d5352d-883b-4a7a-89e4-dfaba3730f16@group-9C1948224E07: start as a follower, conf=-1: [01d5352d-883b-4a7a-89e4-dfaba3730f16:172.17.0.2:45929], old=null
2020-06-27 13:10:01,770 [pool-532-thread-1] INFO  impl.RaftServerImpl (RaftServerImpl.java:setRole(175)) - 01d5352d-883b-4a7a-89e4-dfaba3730f16@group-9C1948224E07: changes role from      null to FOLLOWER at term 0 for startAsFollower
2020-06-27 13:10:01,770 [pool-532-thread-1] INFO  impl.RoleInfo (RoleInfo.java:updateAndGet(143)) - 01d5352d-883b-4a7a-89e4-dfaba3730f16: start FollowerState
2020-06-27 13:10:01,771 [pool-532-thread-1] INFO  util.JmxRegister (JmxRegister.java:tryRegister(44)) - Successfully registered JMX Bean with object name Ratis:service=RaftServer,group=group-9C1948224E07,id=01d5352d-883b-4a7a-89e4-dfaba3730f16
2020-06-27 13:10:01,771 [pool-532-thread-1] INFO  metrics.RatisMetrics (RatisMetrics.java:lambda$create$0(36)) - Creating Metrics Registry : ratis.state_machine.01d5352d-883b-4a7a-89e4-dfaba3730f16@group-9C1948224E07
2020-06-27 13:10:01,772 [Command processor thread] INFO  commandhandler.CreatePipelineCommandHandler (CreatePipelineCommandHandler.java:handle(109)) - Created Pipeline RATIS ONE #id: "3268e29f-ff7b-4ecd-a0d1-9c1948224e07"
.
2020-06-27 13:10:01,823 [Command processor thread] INFO  impl.RaftServerProxy (RaftServerProxy.java:addNew(89)) - 6b6556c7-e86b-4d09-a7c4-600764c42b3c: addNew group-CADBCD8A21D8:[6b6556c7-e86b-4d09-a7c4-600764c42b3c:172.17.0.2:42637] returns group-CADBCD8A21D8:java.util.concurrent.CompletableFuture@67729fba[Not completed]
2020-06-27 13:10:01,824 [pool-547-thread-1] INFO  impl.RaftServerImpl (RaftServerImpl.java:<init>(99)) - 6b6556c7-e86b-4d09-a7c4-600764c42b3c: new RaftServerImpl for group-CADBCD8A21D8:[6b6556c7-e86b-4d09-a7c4-600764c42b3c:172.17.0.2:42637] with ContainerStateMachine:uninitialized
2020-06-27 13:10:01,824 [pool-547-thread-1] INFO  server.RaftServerConfigKeys (ConfUtils.java:logGet(44)) - raft.server.rpc.timeout.min = 5s (custom)
2020-06-27 13:10:01,824 [pool-547-thread-1] INFO  server.RaftServerConfigKeys (ConfUtils.java:logGet(44)) - raft.server.rpc.timeout.max = 5200ms (custom)
2020-06-27 13:10:01,824 [pool-547-thread-1] INFO  server.RaftServerConfigKeys (ConfUtils.java:logGet(44)) - raft.server.rpcslowness.timeout = 300s (custom)
2020-06-27 13:10:01,824 [pool-547-thread-1] INFO  server.RaftServerConfigKeys (ConfUtils.java:logGet(44)) - raft.server.sleep.deviation.threshold = 300 (default)
2020-06-27 13:10:01,825 [pool-547-thread-1] INFO  server.RaftServerConfigKeys (ConfUtils.java:logGet(44)) - raft.server.log.appender.install.snapshot.enabled = false (custom)
2020-06-27 13:10:01,825 [pool-547-thread-1] INFO  impl.RaftServerImpl (ServerState.java:<init>(103)) - 6b6556c7-e86b-4d09-a7c4-600764c42b3c@group-CADBCD8A21D8: ConfigurationManager, init=-1: [6b6556c7-e86b-4d09-a7c4-600764c42b3c:172.17.0.2:42637], old=null, confs=<EMPTY_MAP>
2020-06-27 13:10:01,825 [pool-547-thread-1] INFO  server.RaftServerConfigKeys (ConfUtils.java:logGet(44)) - raft.server.storage.dir = [/github/workspace/mnt/ozone/hadoop-ozone/integration-test/target/test-dir/MiniOzoneClusterImpl-be392bf5-6f5b-448a-8365-d7ab1effc2dc/datanode-3/data/ratis] (custom)
2020-06-27 13:10:01,825 [pool-547-thread-1] INFO  server.RaftServerConfigKeys (ConfUtils.java:logGet(44)) - raft.server.log.corruption.policy = EXCEPTION (default)
2020-06-27 13:10:01,825 [pool-547-thread-1] INFO  storage.RaftStorageDirectory (RaftStorageDirectory.java:analyzeStorage(261)) - The storage directory /github/workspace/mnt/ozone/hadoop-ozone/integration-test/target/test-dir/MiniOzoneClusterImpl-be392bf5-6f5b-448a-8365-d7ab1effc2dc/datanode-3/data/ratis/7101e1f7-cb0f-4eda-bf02-cadbcd8a21d8 does not exist. Creating ...
2020-06-27 13:10:01,826 [pool-547-thread-1] INFO  storage.RaftStorageDirectory (RaftStorageDirectory.java:tryLock(343)) - Lock on /github/workspace/mnt/ozone/hadoop-ozone/integration-test/target/test-dir/MiniOzoneClusterImpl-be392bf5-6f5b-448a-8365-d7ab1effc2dc/datanode-3/data/ratis/7101e1f7-cb0f-4eda-bf02-cadbcd8a21d8/in_use.lock acquired by nodename 11346@8c26f3e475a5
2020-06-27 13:10:01,827 [pool-547-thread-1] INFO  storage.RaftStorage (RaftStorage.java:format(84)) - Storage directory /github/workspace/mnt/ozone/hadoop-ozone/integration-test/target/test-dir/MiniOzoneClusterImpl-be392bf5-6f5b-448a-8365-d7ab1effc2dc/datanode-3/data/ratis/7101e1f7-cb0f-4eda-bf02-cadbcd8a21d8 has been successfully formatted.
2020-06-27 13:10:01,828 [pool-547-thread-1] INFO  ratis.ContainerStateMachine (ContainerStateMachine.java:loadSnapshot(226)) - group-CADBCD8A21D8: The snapshot info is null. Setting the last applied indexto:(t:0, i:~)
2020-06-27 13:10:01,828 [pool-547-thread-1] INFO  server.RaftServerConfigKeys (ConfUtils.java:logGet(44)) - raft.server.notification.no-leader.timeout = 60s (default)
2020-06-27 13:10:01,828 [pool-547-thread-1] INFO  server.RaftServerConfigKeys (ConfUtils.java:logGet(44)) - raft.server.log.use.memory = false (default)
2020-06-27 13:10:01,829 [pool-547-thread-1] INFO  server.RaftServerConfigKeys (ConfUtils.java:logGet(44)) - raft.server.log.purge.gap = 1000000 (custom)
2020-06-27 13:10:01,828 [EventQueue-PipelineReportForPipelineReportHandler] INFO  pipeline.PipelineStateManager (PipelineStateManager.java:openPipeline(131)) - Pipeline Pipeline[ Id: 7101e1f7-cb0f-4eda-bf02-cadbcd8a21d8, Nodes: 6b6556c7-e86b-4d09-a7c4-600764c42b3c{ip: 172.17.0.2, host: 8c26f3e475a5, networkLocation: /default-rack, certSerialId: null}, Type:RATIS, Factor:ONE, State:ALLOCATED, leaderId:6b6556c7-e86b-4d09-a7c4-600764c42b3c, CreationTimestamp2020-06-27T13:09:58.824Z] moved to OPEN state
2020-06-27 13:10:01,829 [pool-547-thread-1] INFO  server.RaftServerConfigKeys (ConfUtils.java:logGet(44)) - raft.server.log.appender.buffer.byte-limit = 33554432 (custom)
2020-06-27 13:10:01,829 [EventQueue-OpenPipelineForHealthyPipelineSafeModeRule] INFO  safemode.SCMSafeModeManager (HealthyPipelineSafeModeRule.java:process(132)) - SCM in safe mode. Healthy pipelines reported count is 0, required healthy pipeline reported count is 1
2020-06-27 13:10:01,829 [pool-547-thread-1] INFO  server.RaftServerConfigKeys (ConfUtils.java:logGet(44)) - raft.server.log.segment.size.max = 1048576 (custom)
2020-06-27 13:10:01,829 [EventQueue-OpenPipelineForOneReplicaPipelineSafeModeRule] INFO  safemode.SCMSafeModeManager (SCMSafeModeManager.java:validateSafeModeExitRules(214)) - AtleastOneDatanodeReportedRule rule is successfully validated
2020-06-27 13:10:01,829 [pool-547-thread-1] INFO  metrics.RatisMetrics (RatisMetrics.java:lambda$create$0(36)) - Creating Metrics Registry : ratis.log_worker.6b6556c7-e86b-4d09-a7c4-600764c42b3c@group-CADBCD8A21D8
2020-06-27 13:10:01,829 [pool-547-thread-1] INFO  server.RaftServerConfigKeys (ConfUtils.java:logGet(44)) - raft.server.log.segment.cache.num.max = 2 (custom)
2020-06-27 13:10:01,829 [pool-547-thread-1] INFO  segmented.SegmentedRaftLogWorker (SegmentedRaftLogWorker.java:<init>(180)) - new 6b6556c7-e86b-4d09-a7c4-600764c42b3c@group-CADBCD8A21D8-SegmentedRaftLogWorker for RaftStorage:Storage Directory /github/workspace/mnt/ozone/hadoop-ozone/integration-test/target/test-dir/MiniOzoneClusterImpl-be392bf5-6f5b-448a-8365-d7ab1effc2dc/datanode-3/data/ratis/7101e1f7-cb0f-4eda-bf02-cadbcd8a21d8
2020-06-27 13:10:01,829 [pool-547-thread-1] INFO  server.RaftServerConfigKeys (ConfUtils.java:logGet(44)) - raft.server.log.queue.byte-limit = 2147483647 (custom)
2020-06-27 13:10:01,829 [pool-547-thread-1] INFO  server.RaftServerConfigKeys (ConfUtils.java:logGet(44)) - raft.server.log.queue.element-limit = 1024 (custom)
2020-06-27 13:10:01,830 [pool-547-thread-1] INFO  server.RaftServerConfigKeys (ConfUtils.java:logGet(44)) - raft.server.log.segment.size.max = 1048576 (custom)
2020-06-27 13:10:01,830 [pool-547-thread-1] INFO  server.RaftServerConfigKeys (ConfUtils.java:logGet(44)) - raft.server.log.preallocated.size = 16384 (custom)
2020-06-27 13:10:01,830 [pool-547-thread-1] INFO  server.RaftServerConfigKeys (ConfUtils.java:logGet(44)) - raft.server.log.write.buffer.size = 1048576 (custom)
2020-06-27 13:10:01,830 [pool-547-thread-1] INFO  server.RaftServerConfigKeys (ConfUtils.java:logGet(44)) - raft.server.log.force.sync.num = 128 (default)
2020-06-27 13:10:01,830 [pool-547-thread-1] INFO  server.RaftServerConfigKeys (ConfUtils.java:logGet(44)) - raft.server.log.statemachine.data.sync = true (default)
2020-06-27 13:10:01,830 [pool-547-thread-1] INFO  server.RaftServerConfigKeys (ConfUtils.java:logGet(44)) - raft.server.log.statemachine.data.sync.timeout = 10s (default)
2020-06-27 13:10:01,830 [pool-547-thread-1] INFO  server.RaftServerConfigKeys (ConfUtils.java:logGet(44)) - raft.server.log.statemachine.data.sync.timeout.retry = -1 (default)
2020-06-27 13:10:01,832 [pool-547-thread-1] INFO  server.RaftServerConfigKeys (ConfUtils.java:logGet(44)) - raft.server.log.statemachine.data.caching.enabled = true (custom)
2020-06-27 13:10:01,832 [pool-547-thread-1] INFO  segmented.SegmentedRaftLogWorker (SegmentedRaftLogWorker.java:lambda$new$0(129)) - 6b6556c7-e86b-4d09-a7c4-600764c42b3c@group-CADBCD8A21D8-SegmentedRaftLogWorker: flushIndex: setUnconditionally 0 -> -1
2020-06-27 13:10:01,832 [pool-547-thread-1] INFO  segmented.SegmentedRaftLogWorker (SegmentedRaftLogWorker.java:lambda$new$0(129)) - 6b6556c7-e86b-4d09-a7c4-600764c42b3c@group-CADBCD8A21D8-SegmentedRaftLogWorker: safeCacheEvictIndex: setUnconditionally 0 -> -1
2020-06-27 13:10:01,832 [pool-547-thread-1] INFO  server.RaftServerConfigKeys (ConfUtils.java:logGet(44)) - raft.server.snapshot.auto.trigger.enabled = true (custom)
2020-06-27 13:10:01,833 [pool-547-thread-1] INFO  server.RaftServerConfigKeys (ConfUtils.java:logGet(44)) - raft.server.snapshot.auto.trigger.threshold = 10000 (custom)
2020-06-27 13:10:01,833 [pool-547-thread-1] INFO  server.RaftServerConfigKeys (ConfUtils.java:logGet(44)) - raft.server.snapshot.retention.file.num = 5 (custom)
2020-06-27 13:10:01,833 [pool-547-thread-1] INFO  server.RaftServerConfigKeys (ConfUtils.java:logGet(44)) - raft.server.log.purge.upto.snapshot.index = false (default)
2020-06-27 13:10:01,833 [pool-547-thread-1] INFO  server.RaftServerConfigKeys (ConfUtils.java:logGet(44)) - raft.server.retrycache.expirytime = 600000ms (custom)
2020-06-27 13:10:01,836 [pool-547-thread-1] INFO  metrics.RatisMetrics (RatisMetrics.java:lambda$create$0(36)) - Creating Metrics Registry : ratis.leader_election.6b6556c7-e86b-4d09-a7c4-600764c42b3c@group-CADBCD8A21D8
2020-06-27 13:10:01,837 [pool-547-thread-1] INFO  metrics.RatisMetrics (RatisMetrics.java:lambda$create$0(36)) - Creating Metrics Registry : ratis.server.6b6556c7-e86b-4d09-a7c4-600764c42b3c@group-CADBCD8A21D8
2020-06-27 13:10:01,839 [pool-547-thread-1] INFO  impl.RaftServerImpl (RaftServerImpl.java:start(186)) - 6b6556c7-e86b-4d09-a7c4-600764c42b3c@group-CADBCD8A21D8: start as a follower, conf=-1: [6b6556c7-e86b-4d09-a7c4-600764c42b3c:172.17.0.2:42637], old=null
2020-06-27 13:10:01,839 [pool-547-thread-1] INFO  impl.RaftServerImpl (RaftServerImpl.java:setRole(175)) - 6b6556c7-e86b-4d09-a7c4-600764c42b3c@group-CADBCD8A21D8: changes role from      null to FOLLOWER at term 0 for startAsFollower
2020-06-27 13:10:01,839 [pool-547-thread-1] INFO  impl.RoleInfo (RoleInfo.java:updateAndGet(143)) - 6b6556c7-e86b-4d09-a7c4-600764c42b3c: start FollowerState
2020-06-27 13:10:01,839 [pool-547-thread-1] INFO  util.JmxRegister (JmxRegister.java:tryRegister(44)) - Successfully registered JMX Bean with object name Ratis:service=RaftServer,group=group-CADBCD8A21D8,id=6b6556c7-e86b-4d09-a7c4-600764c42b3c
2020-06-27 13:10:01,840 [pool-547-thread-1] INFO  metrics.RatisMetrics (RatisMetrics.java:lambda$create$0(36)) - Creating Metrics Registry : ratis.state_machine.6b6556c7-e86b-4d09-a7c4-600764c42b3c@group-CADBCD8A21D8
2020-06-27 13:10:01,841 [Command processor thread] INFO  commandhandler.CreatePipelineCommandHandler (CreatePipelineCommandHandler.java:handle(109)) - Created Pipeline RATIS ONE #id: "7101e1f7-cb0f-4eda-bf02-cadbcd8a21d8"
.
2020-06-27 13:10:01,841 [Command processor thread] INFO  impl.RaftServerProxy (RaftServerProxy.java:addNew(89)) - 6b6556c7-e86b-4d09-a7c4-600764c42b3c: addNew group-DC6395955895:[184b46bf-ef61-46dc-b1d3-41467ae6739f:172.17.0.2:41953, 8dcf8d51-1e28-44e7-81d8-398880dae795:172.17.0.2:39271, 6b6556c7-e86b-4d09-a7c4-600764c42b3c:172.17.0.2:42637] returns group-DC6395955895:java.util.concurrent.CompletableFuture@634d078c[Not completed]
2020-06-27 13:10:01,841 [pool-547-thread-1] INFO  impl.RaftServerImpl (RaftServerImpl.java:<init>(99)) - 6b6556c7-e86b-4d09-a7c4-600764c42b3c: new RaftServerImpl for group-DC6395955895:[184b46bf-ef61-46dc-b1d3-41467ae6739f:172.17.0.2:41953, 8dcf8d51-1e28-44e7-81d8-398880dae795:172.17.0.2:39271, 6b6556c7-e86b-4d09-a7c4-600764c42b3c:172.17.0.2:42637] with ContainerStateMachine:uninitialized
2020-06-27 13:10:01,841 [pool-547-thread-1] INFO  server.RaftServerConfigKeys (ConfUtils.java:logGet(44)) - raft.server.rpc.timeout.min = 5s (custom)
2020-06-27 13:10:01,842 [pool-547-thread-1] INFO  server.RaftServerConfigKeys (ConfUtils.java:logGet(44)) - raft.server.rpc.timeout.max = 5200ms (custom)
2020-06-27 13:10:01,842 [pool-547-thread-1] INFO  server.RaftServerConfigKeys (ConfUtils.java:logGet(44)) - raft.server.rpcslowness.timeout = 300s (custom)
2020-06-27 13:10:01,842 [pool-547-thread-1] INFO  server.RaftServerConfigKeys (ConfUtils.java:logGet(44)) - raft.server.sleep.deviation.threshold = 300 (default)
2020-06-27 13:10:01,842 [pool-547-thread-1] INFO  server.RaftServerConfigKeys (ConfUtils.java:logGet(44)) - raft.server.log.appender.install.snapshot.enabled = false (custom)
2020-06-27 13:10:01,842 [pool-547-thread-1] INFO  impl.RaftServerImpl (ServerState.java:<init>(103)) - 6b6556c7-e86b-4d09-a7c4-600764c42b3c@group-DC6395955895: ConfigurationManager, init=-1: [184b46bf-ef61-46dc-b1d3-41467ae6739f:172.17.0.2:41953, 8dcf8d51-1e28-44e7-81d8-398880dae795:172.17.0.2:39271, 6b6556c7-e86b-4d09-a7c4-600764c42b3c:172.17.0.2:42637], old=null, confs=<EMPTY_MAP>
2020-06-27 13:10:01,842 [pool-547-thread-1] INFO  server.RaftServerConfigKeys (ConfUtils.java:logGet(44)) - raft.server.storage.dir = [/github/workspace/mnt/ozone/hadoop-ozone/integration-test/target/test-dir/MiniOzoneClusterImpl-be392bf5-6f5b-448a-8365-d7ab1effc2dc/datanode-3/data/ratis] (custom)
2020-06-27 13:10:01,842 [pool-547-thread-1] INFO  server.RaftServerConfigKeys (ConfUtils.java:logGet(44)) - raft.server.log.corruption.policy = EXCEPTION (default)
2020-06-27 13:10:01,842 [pool-547-thread-1] INFO  storage.RaftStorageDirectory (RaftStorageDirectory.java:analyzeStorage(261)) - The storage directory /github/workspace/mnt/ozone/hadoop-ozone/integration-test/target/test-dir/MiniOzoneClusterImpl-be392bf5-6f5b-448a-8365-d7ab1effc2dc/datanode-3/data/ratis/bec1c217-6684-487c-aa35-dc6395955895 does not exist. Creating ...
2020-06-27 13:10:01,843 [pool-547-thread-1] INFO  storage.RaftStorageDirectory (RaftStorageDirectory.java:tryLock(343)) - Lock on /github/workspace/mnt/ozone/hadoop-ozone/integration-test/target/test-dir/MiniOzoneClusterImpl-be392bf5-6f5b-448a-8365-d7ab1effc2dc/datanode-3/data/ratis/bec1c217-6684-487c-aa35-dc6395955895/in_use.lock acquired by nodename 11346@8c26f3e475a5
2020-06-27 13:10:01,844 [pool-547-thread-1] INFO  storage.RaftStorage (RaftStorage.java:format(84)) - Storage directory /github/workspace/mnt/ozone/hadoop-ozone/integration-test/target/test-dir/MiniOzoneClusterImpl-be392bf5-6f5b-448a-8365-d7ab1effc2dc/datanode-3/data/ratis/bec1c217-6684-487c-aa35-dc6395955895 has been successfully formatted.
2020-06-27 13:10:01,844 [pool-547-thread-1] INFO  ratis.ContainerStateMachine (ContainerStateMachine.java:loadSnapshot(226)) - group-DC6395955895: The snapshot info is null. Setting the last applied indexto:(t:0, i:~)
2020-06-27 13:10:01,845 [pool-547-thread-1] INFO  server.RaftServerConfigKeys (ConfUtils.java:logGet(44)) - raft.server.notification.no-leader.timeout = 60s (default)
2020-06-27 13:10:01,845 [pool-547-thread-1] INFO  server.RaftServerConfigKeys (ConfUtils.java:logGet(44)) - raft.server.log.use.memory = false (default)
2020-06-27 13:10:01,845 [pool-547-thread-1] INFO  server.RaftServerConfigKeys (ConfUtils.java:logGet(44)) - raft.server.log.purge.gap = 1000000 (custom)
2020-06-27 13:10:01,845 [pool-547-thread-1] INFO  server.RaftServerConfigKeys (ConfUtils.java:logGet(44)) - raft.server.log.appender.buffer.byte-limit = 33554432 (custom)
2020-06-27 13:10:01,845 [pool-547-thread-1] INFO  server.RaftServerConfigKeys (ConfUtils.java:logGet(44)) - raft.server.log.segment.size.max = 1048576 (custom)
2020-06-27 13:10:01,846 [pool-547-thread-1] INFO  metrics.RatisMetrics (RatisMetrics.java:lambda$create$0(36)) - Creating Metrics Registry : ratis.log_worker.6b6556c7-e86b-4d09-a7c4-600764c42b3c@group-DC6395955895
2020-06-27 13:10:01,846 [pool-547-thread-1] INFO  server.RaftServerConfigKeys (ConfUtils.java:logGet(44)) - raft.server.log.segment.cache.num.max = 2 (custom)
2020-06-27 13:10:01,846 [pool-547-thread-1] INFO  segmented.SegmentedRaftLogWorker (SegmentedRaftLogWorker.java:<init>(180)) - new 6b6556c7-e86b-4d09-a7c4-600764c42b3c@group-DC6395955895-SegmentedRaftLogWorker for RaftStorage:Storage Directory /github/workspace/mnt/ozone/hadoop-ozone/integration-test/target/test-dir/MiniOzoneClusterImpl-be392bf5-6f5b-448a-8365-d7ab1effc2dc/datanode-3/data/ratis/bec1c217-6684-487c-aa35-dc6395955895
2020-06-27 13:10:01,846 [pool-547-thread-1] INFO  server.RaftServerConfigKeys (ConfUtils.java:logGet(44)) - raft.server.log.queue.byte-limit = 2147483647 (custom)
2020-06-27 13:10:01,846 [pool-547-thread-1] INFO  server.RaftServerConfigKeys (ConfUtils.java:logGet(44)) - raft.server.log.queue.element-limit = 1024 (custom)
2020-06-27 13:10:01,846 [pool-547-thread-1] INFO  server.RaftServerConfigKeys (ConfUtils.java:logGet(44)) - raft.server.log.segment.size.max = 1048576 (custom)
2020-06-27 13:10:01,846 [pool-547-thread-1] INFO  server.RaftServerConfigKeys (ConfUtils.java:logGet(44)) - raft.server.log.preallocated.size = 16384 (custom)
2020-06-27 13:10:01,846 [pool-547-thread-1] INFO  server.RaftServerConfigKeys (ConfUtils.java:logGet(44)) - raft.server.log.write.buffer.size = 1048576 (custom)
2020-06-27 13:10:01,847 [pool-547-thread-1] INFO  server.RaftServerConfigKeys (ConfUtils.java:logGet(44)) - raft.server.log.force.sync.num = 128 (default)
2020-06-27 13:10:01,847 [pool-547-thread-1] INFO  server.RaftServerConfigKeys (ConfUtils.java:logGet(44)) - raft.server.log.statemachine.data.sync = true (default)
2020-06-27 13:10:01,847 [pool-547-thread-1] INFO  server.RaftServerConfigKeys (ConfUtils.java:logGet(44)) - raft.server.log.statemachine.data.sync.timeout = 10s (default)
2020-06-27 13:10:01,847 [pool-547-thread-1] INFO  server.RaftServerConfigKeys (ConfUtils.java:logGet(44)) - raft.server.log.statemachine.data.sync.timeout.retry = -1 (default)
2020-06-27 13:10:01,849 [pool-547-thread-1] INFO  server.RaftServerConfigKeys (ConfUtils.java:logGet(44)) - raft.server.log.statemachine.data.caching.enabled = true (custom)
2020-06-27 13:10:01,850 [pool-547-thread-1] INFO  segmented.SegmentedRaftLogWorker (SegmentedRaftLogWorker.java:lambda$new$0(129)) - 6b6556c7-e86b-4d09-a7c4-600764c42b3c@group-DC6395955895-SegmentedRaftLogWorker: flushIndex: setUnconditionally 0 -> -1
2020-06-27 13:10:01,850 [pool-547-thread-1] INFO  segmented.SegmentedRaftLogWorker (SegmentedRaftLogWorker.java:lambda$new$0(129)) - 6b6556c7-e86b-4d09-a7c4-600764c42b3c@group-DC6395955895-SegmentedRaftLogWorker: safeCacheEvictIndex: setUnconditionally 0 -> -1
2020-06-27 13:10:01,850 [pool-547-thread-1] INFO  server.RaftServerConfigKeys (ConfUtils.java:logGet(44)) - raft.server.snapshot.auto.trigger.enabled = true (custom)
2020-06-27 13:10:01,850 [pool-547-thread-1] INFO  server.RaftServerConfigKeys (ConfUtils.java:logGet(44)) - raft.server.snapshot.auto.trigger.threshold = 10000 (custom)
2020-06-27 13:10:01,850 [pool-547-thread-1] INFO  server.RaftServerConfigKeys (ConfUtils.java:logGet(44)) - raft.server.snapshot.retention.file.num = 5 (custom)
2020-06-27 13:10:01,850 [pool-547-thread-1] INFO  server.RaftServerConfigKeys (ConfUtils.java:logGet(44)) - raft.server.log.purge.upto.snapshot.index = false (default)
2020-06-27 13:10:01,850 [pool-547-thread-1] INFO  server.RaftServerConfigKeys (ConfUtils.java:logGet(44)) - raft.server.retrycache.expirytime = 600000ms (custom)
2020-06-27 13:10:01,850 [pool-547-thread-1] INFO  metrics.RatisMetrics (RatisMetrics.java:lambda$create$0(36)) - Creating Metrics Registry : ratis.leader_election.6b6556c7-e86b-4d09-a7c4-600764c42b3c@group-DC6395955895
2020-06-27 13:10:01,851 [pool-547-thread-1] INFO  metrics.RatisMetrics (RatisMetrics.java:lambda$create$0(36)) - Creating Metrics Registry : ratis.server.6b6556c7-e86b-4d09-a7c4-600764c42b3c@group-DC6395955895
2020-06-27 13:10:01,852 [pool-547-thread-1] INFO  impl.RaftServerImpl (RaftServerImpl.java:start(186)) - 6b6556c7-e86b-4d09-a7c4-600764c42b3c@group-DC6395955895: start as a follower, conf=-1: [184b46bf-ef61-46dc-b1d3-41467ae6739f:172.17.0.2:41953, 8dcf8d51-1e28-44e7-81d8-398880dae795:172.17.0.2:39271, 6b6556c7-e86b-4d09-a7c4-600764c42b3c:172.17.0.2:42637], old=null
2020-06-27 13:10:01,852 [pool-547-thread-1] INFO  impl.RaftServerImpl (RaftServerImpl.java:setRole(175)) - 6b6556c7-e86b-4d09-a7c4-600764c42b3c@group-DC6395955895: changes role from      null to FOLLOWER at term 0 for startAsFollower
2020-06-27 13:10:01,853 [pool-547-thread-1] INFO  impl.RoleInfo (RoleInfo.java:updateAndGet(143)) - 6b6556c7-e86b-4d09-a7c4-600764c42b3c: start FollowerState
2020-06-27 13:10:01,853 [pool-547-thread-1] INFO  util.JmxRegister (JmxRegister.java:tryRegister(44)) - Successfully registered JMX Bean with object name Ratis:service=RaftServer,group=group-DC6395955895,id=6b6556c7-e86b-4d09-a7c4-600764c42b3c
2020-06-27 13:10:01,853 [pool-547-thread-1] INFO  metrics.RatisMetrics (RatisMetrics.java:lambda$create$0(36)) - Creating Metrics Registry : ratis.state_machine.6b6556c7-e86b-4d09-a7c4-600764c42b3c@group-DC6395955895
2020-06-27 13:10:01,864 [grpc-default-executor-9] INFO  impl.RaftServerProxy (RaftServerProxy.java:addNew(89)) - 184b46bf-ef61-46dc-b1d3-41467ae6739f: addNew group-DC6395955895:[184b46bf-ef61-46dc-b1d3-41467ae6739f:172.17.0.2:41953, 8dcf8d51-1e28-44e7-81d8-398880dae795:172.17.0.2:39271, 6b6556c7-e86b-4d09-a7c4-600764c42b3c:172.17.0.2:42637] returns group-DC6395955895:java.util.concurrent.CompletableFuture@25aa0ad5[Not completed]
2020-06-27 13:10:01,871 [Command processor thread] INFO  impl.RaftServerProxy (RaftServerProxy.java:addNew(89)) - 8dcf8d51-1e28-44e7-81d8-398880dae795: addNew group-BB542DD8D3B7:[8dcf8d51-1e28-44e7-81d8-398880dae795:172.17.0.2:39271] returns group-BB542DD8D3B7:java.util.concurrent.CompletableFuture@2aa49840[Not completed]
2020-06-27 13:10:01,871 [pool-577-thread-1] INFO  impl.RaftServerImpl (RaftServerImpl.java:<init>(99)) - 184b46bf-ef61-46dc-b1d3-41467ae6739f: new RaftServerImpl for group-DC6395955895:[184b46bf-ef61-46dc-b1d3-41467ae6739f:172.17.0.2:41953, 8dcf8d51-1e28-44e7-81d8-398880dae795:172.17.0.2:39271, 6b6556c7-e86b-4d09-a7c4-600764c42b3c:172.17.0.2:42637] with ContainerStateMachine:uninitialized
2020-06-27 13:10:01,871 [pool-577-thread-1] INFO  server.RaftServerConfigKeys (ConfUtils.java:logGet(44)) - raft.server.rpc.timeout.min = 5s (custom)
2020-06-27 13:10:01,871 [pool-577-thread-1] INFO  server.RaftServerConfigKeys (ConfUtils.java:logGet(44)) - raft.server.rpc.timeout.max = 5200ms (custom)
2020-06-27 13:10:01,871 [pool-577-thread-1] INFO  server.RaftServerConfigKeys (ConfUtils.java:logGet(44)) - raft.server.rpcslowness.timeout = 300s (custom)
2020-06-27 13:10:01,871 [pool-577-thread-1] INFO  server.RaftServerConfigKeys (ConfUtils.java:logGet(44)) - raft.server.sleep.deviation.threshold = 300 (default)
2020-06-27 13:10:01,871 [pool-577-thread-1] INFO  server.RaftServerConfigKeys (ConfUtils.java:logGet(44)) - raft.server.log.appender.install.snapshot.enabled = false (custom)
2020-06-27 13:10:01,872 [pool-577-thread-1] INFO  impl.RaftServerImpl (ServerState.java:<init>(103)) - 184b46bf-ef61-46dc-b1d3-41467ae6739f@group-DC6395955895: ConfigurationManager, init=-1: [184b46bf-ef61-46dc-b1d3-41467ae6739f:172.17.0.2:41953, 8dcf8d51-1e28-44e7-81d8-398880dae795:172.17.0.2:39271, 6b6556c7-e86b-4d09-a7c4-600764c42b3c:172.17.0.2:42637], old=null, confs=<EMPTY_MAP>
2020-06-27 13:10:01,872 [pool-577-thread-1] INFO  server.RaftServerConfigKeys (ConfUtils.java:logGet(44)) - raft.server.storage.dir = [/github/workspace/mnt/ozone/hadoop-ozone/integration-test/target/test-dir/MiniOzoneClusterImpl-be392bf5-6f5b-448a-8365-d7ab1effc2dc/datanode-5/data/ratis] (custom)
2020-06-27 13:10:01,872 [pool-577-thread-1] INFO  server.RaftServerConfigKeys (ConfUtils.java:logGet(44)) - raft.server.log.corruption.policy = EXCEPTION (default)
2020-06-27 13:10:01,873 [pool-577-thread-1] INFO  storage.RaftStorageDirectory (RaftStorageDirectory.java:analyzeStorage(261)) - The storage directory /github/workspace/mnt/ozone/hadoop-ozone/integration-test/target/test-dir/MiniOzoneClusterImpl-be392bf5-6f5b-448a-8365-d7ab1effc2dc/datanode-5/data/ratis/bec1c217-6684-487c-aa35-dc6395955895 does not exist. Creating ...
2020-06-27 13:10:01,872 [pool-562-thread-1] INFO  impl.RaftServerImpl (RaftServerImpl.java:<init>(99)) - 8dcf8d51-1e28-44e7-81d8-398880dae795: new RaftServerImpl for group-BB542DD8D3B7:[8dcf8d51-1e28-44e7-81d8-398880dae795:172.17.0.2:39271] with ContainerStateMachine:uninitialized
2020-06-27 13:10:01,873 [pool-562-thread-1] INFO  server.RaftServerConfigKeys (ConfUtils.java:logGet(44)) - raft.server.rpc.timeout.min = 5s (custom)
2020-06-27 13:10:01,873 [pool-562-thread-1] INFO  server.RaftServerConfigKeys (ConfUtils.java:logGet(44)) - raft.server.rpc.timeout.max = 5200ms (custom)
2020-06-27 13:10:01,873 [pool-562-thread-1] INFO  server.RaftServerConfigKeys (ConfUtils.java:logGet(44)) - raft.server.rpcslowness.timeout = 300s (custom)
2020-06-27 13:10:01,873 [pool-562-thread-1] INFO  server.RaftServerConfigKeys (ConfUtils.java:logGet(44)) - raft.server.sleep.deviation.threshold = 300 (default)
2020-06-27 13:10:01,873 [pool-562-thread-1] INFO  server.RaftServerConfigKeys (ConfUtils.java:logGet(44)) - raft.server.log.appender.install.snapshot.enabled = false (custom)
2020-06-27 13:10:01,873 [pool-562-thread-1] INFO  impl.RaftServerImpl (ServerState.java:<init>(103)) - 8dcf8d51-1e28-44e7-81d8-398880dae795@group-BB542DD8D3B7: ConfigurationManager, init=-1: [8dcf8d51-1e28-44e7-81d8-398880dae795:172.17.0.2:39271], old=null, confs=<EMPTY_MAP>
2020-06-27 13:10:01,873 [pool-562-thread-1] INFO  server.RaftServerConfigKeys (ConfUtils.java:logGet(44)) - raft.server.storage.dir = [/github/workspace/mnt/ozone/hadoop-ozone/integration-test/target/test-dir/MiniOzoneClusterImpl-be392bf5-6f5b-448a-8365-d7ab1effc2dc/datanode-4/data/ratis] (custom)
2020-06-27 13:10:01,873 [pool-562-thread-1] INFO  server.RaftServerConfigKeys (ConfUtils.java:logGet(44)) - raft.server.log.corruption.policy = EXCEPTION (default)
2020-06-27 13:10:01,874 [pool-562-thread-1] INFO  storage.RaftStorageDirectory (RaftStorageDirectory.java:analyzeStorage(261)) - The storage directory /github/workspace/mnt/ozone/hadoop-ozone/integration-test/target/test-dir/MiniOzoneClusterImpl-be392bf5-6f5b-448a-8365-d7ab1effc2dc/datanode-4/data/ratis/a1684476-5a70-4a49-b778-bb542dd8d3b7 does not exist. Creating ...
2020-06-27 13:10:01,874 [pool-577-thread-1] INFO  storage.RaftStorageDirectory (RaftStorageDirectory.java:tryLock(343)) - Lock on /github/workspace/mnt/ozone/hadoop-ozone/integration-test/target/test-dir/MiniOzoneClusterImpl-be392bf5-6f5b-448a-8365-d7ab1effc2dc/datanode-5/data/ratis/bec1c217-6684-487c-aa35-dc6395955895/in_use.lock acquired by nodename 11346@8c26f3e475a5
2020-06-27 13:10:01,875 [pool-562-thread-1] INFO  storage.RaftStorageDirectory (RaftStorageDirectory.java:tryLock(343)) - Lock on /github/workspace/mnt/ozone/hadoop-ozone/integration-test/target/test-dir/MiniOzoneClusterImpl-be392bf5-6f5b-448a-8365-d7ab1effc2dc/datanode-4/data/ratis/a1684476-5a70-4a49-b778-bb542dd8d3b7/in_use.lock acquired by nodename 11346@8c26f3e475a5
2020-06-27 13:10:01,876 [pool-577-thread-1] INFO  storage.RaftStorage (RaftStorage.java:format(84)) - Storage directory /github/workspace/mnt/ozone/hadoop-ozone/integration-test/target/test-dir/MiniOzoneClusterImpl-be392bf5-6f5b-448a-8365-d7ab1effc2dc/datanode-5/data/ratis/bec1c217-6684-487c-aa35-dc6395955895 has been successfully formatted.
2020-06-27 13:10:01,876 [pool-577-thread-1] INFO  ratis.ContainerStateMachine (ContainerStateMachine.java:loadSnapshot(226)) - group-DC6395955895: The snapshot info is null. Setting the last applied indexto:(t:0, i:~)
2020-06-27 13:10:01,877 [pool-577-thread-1] INFO  server.RaftServerConfigKeys (ConfUtils.java:logGet(44)) - raft.server.notification.no-leader.timeout = 60s (default)
2020-06-27 13:10:01,877 [pool-577-thread-1] INFO  server.RaftServerConfigKeys (ConfUtils.java:logGet(44)) - raft.server.log.use.memory = false (default)
2020-06-27 13:10:01,877 [pool-577-thread-1] INFO  server.RaftServerConfigKeys (ConfUtils.java:logGet(44)) - raft.server.log.purge.gap = 1000000 (custom)
2020-06-27 13:10:01,877 [pool-577-thread-1] INFO  server.RaftServerConfigKeys (ConfUtils.java:logGet(44)) - raft.server.log.appender.buffer.byte-limit = 33554432 (custom)
2020-06-27 13:10:01,877 [pool-577-thread-1] INFO  server.RaftServerConfigKeys (ConfUtils.java:logGet(44)) - raft.server.log.segment.size.max = 1048576 (custom)
2020-06-27 13:10:01,877 [pool-577-thread-1] INFO  metrics.RatisMetrics (RatisMetrics.java:lambda$create$0(36)) - Creating Metrics Registry : ratis.log_worker.184b46bf-ef61-46dc-b1d3-41467ae6739f@group-DC6395955895
2020-06-27 13:10:01,877 [pool-577-thread-1] INFO  server.RaftServerConfigKeys (ConfUtils.java:logGet(44)) - raft.server.log.segment.cache.num.max = 2 (custom)
2020-06-27 13:10:01,877 [pool-577-thread-1] INFO  segmented.SegmentedRaftLogWorker (SegmentedRaftLogWorker.java:<init>(180)) - new 184b46bf-ef61-46dc-b1d3-41467ae6739f@group-DC6395955895-SegmentedRaftLogWorker for RaftStorage:Storage Directory /github/workspace/mnt/ozone/hadoop-ozone/integration-test/target/test-dir/MiniOzoneClusterImpl-be392bf5-6f5b-448a-8365-d7ab1effc2dc/datanode-5/data/ratis/bec1c217-6684-487c-aa35-dc6395955895
2020-06-27 13:10:01,877 [pool-577-thread-1] INFO  server.RaftServerConfigKeys (ConfUtils.java:logGet(44)) - raft.server.log.queue.byte-limit = 2147483647 (custom)
2020-06-27 13:10:01,878 [pool-577-thread-1] INFO  server.RaftServerConfigKeys (ConfUtils.java:logGet(44)) - raft.server.log.queue.element-limit = 1024 (custom)
2020-06-27 13:10:01,878 [pool-577-thread-1] INFO  server.RaftServerConfigKeys (ConfUtils.java:logGet(44)) - raft.server.log.segment.size.max = 1048576 (custom)
2020-06-27 13:10:01,878 [pool-577-thread-1] INFO  server.RaftServerConfigKeys (ConfUtils.java:logGet(44)) - raft.server.log.preallocated.size = 16384 (custom)
2020-06-27 13:10:01,878 [pool-577-thread-1] INFO  server.RaftServerConfigKeys (ConfUtils.java:logGet(44)) - raft.server.log.write.buffer.size = 1048576 (custom)
2020-06-27 13:10:01,878 [pool-577-thread-1] INFO  server.RaftServerConfigKeys (ConfUtils.java:logGet(44)) - raft.server.log.force.sync.num = 128 (default)
2020-06-27 13:10:01,878 [pool-577-thread-1] INFO  server.RaftServerConfigKeys (ConfUtils.java:logGet(44)) - raft.server.log.statemachine.data.sync = true (default)
2020-06-27 13:10:01,878 [pool-577-thread-1] INFO  server.RaftServerConfigKeys (ConfUtils.java:logGet(44)) - raft.server.log.statemachine.data.sync.timeout = 10s (default)
2020-06-27 13:10:01,878 [pool-577-thread-1] INFO  server.RaftServerConfigKeys (ConfUtils.java:logGet(44)) - raft.server.log.statemachine.data.sync.timeout.retry = -1 (default)
2020-06-27 13:10:01,877 [pool-562-thread-1] INFO  storage.RaftStorage (RaftStorage.java:format(84)) - Storage directory /github/workspace/mnt/ozone/hadoop-ozone/integration-test/target/test-dir/MiniOzoneClusterImpl-be392bf5-6f5b-448a-8365-d7ab1effc2dc/datanode-4/data/ratis/a1684476-5a70-4a49-b778-bb542dd8d3b7 has been successfully formatted.
2020-06-27 13:10:01,879 [EventQueue-PipelineReportForPipelineReportHandler] INFO  pipeline.PipelineStateManager (PipelineStateManager.java:openPipeline(131)) - Pipeline Pipeline[ Id: a1684476-5a70-4a49-b778-bb542dd8d3b7, Nodes: 8dcf8d51-1e28-44e7-81d8-398880dae795{ip: 172.17.0.2, host: 8c26f3e475a5, networkLocation: /default-rack, certSerialId: null}, Type:RATIS, Factor:ONE, State:ALLOCATED, leaderId:8dcf8d51-1e28-44e7-81d8-398880dae795, CreationTimestamp2020-06-27T13:09:58.865Z] moved to OPEN state
2020-06-27 13:10:01,880 [EventQueue-OpenPipelineForHealthyPipelineSafeModeRule] INFO  safemode.SCMSafeModeManager (HealthyPipelineSafeModeRule.java:process(132)) - SCM in safe mode. Healthy pipelines reported count is 0, required healthy pipeline reported count is 1
2020-06-27 13:10:01,880 [EventQueue-OpenPipelineForOneReplicaPipelineSafeModeRule] INFO  safemode.SCMSafeModeManager (SCMSafeModeManager.java:validateSafeModeExitRules(214)) - AtleastOneDatanodeReportedRule rule is successfully validated
2020-06-27 13:10:01,880 [pool-562-thread-1] INFO  ratis.ContainerStateMachine (ContainerStateMachine.java:loadSnapshot(226)) - group-BB542DD8D3B7: The snapshot info is null. Setting the last applied indexto:(t:0, i:~)
2020-06-27 13:10:01,880 [pool-562-thread-1] INFO  server.RaftServerConfigKeys (ConfUtils.java:logGet(44)) - raft.server.notification.no-leader.timeout = 60s (default)
2020-06-27 13:10:01,880 [pool-562-thread-1] INFO  server.RaftServerConfigKeys (ConfUtils.java:logGet(44)) - raft.server.log.use.memory = false (default)
2020-06-27 13:10:01,880 [pool-562-thread-1] INFO  server.RaftServerConfigKeys (ConfUtils.java:logGet(44)) - raft.server.log.purge.gap = 1000000 (custom)
2020-06-27 13:10:01,880 [pool-562-thread-1] INFO  server.RaftServerConfigKeys (ConfUtils.java:logGet(44)) - raft.server.log.appender.buffer.byte-limit = 33554432 (custom)
2020-06-27 13:10:01,880 [pool-562-thread-1] INFO  server.RaftServerConfigKeys (ConfUtils.java:logGet(44)) - raft.server.log.segment.size.max = 1048576 (custom)
2020-06-27 13:10:01,880 [pool-562-thread-1] INFO  metrics.RatisMetrics (RatisMetrics.java:lambda$create$0(36)) - Creating Metrics Registry : ratis.log_worker.8dcf8d51-1e28-44e7-81d8-398880dae795@group-BB542DD8D3B7
2020-06-27 13:10:01,881 [pool-562-thread-1] INFO  server.RaftServerConfigKeys (ConfUtils.java:logGet(44)) - raft.server.log.segment.cache.num.max = 2 (custom)
2020-06-27 13:10:01,882 [pool-562-thread-1] INFO  segmented.SegmentedRaftLogWorker (SegmentedRaftLogWorker.java:<init>(180)) - new 8dcf8d51-1e28-44e7-81d8-398880dae795@group-BB542DD8D3B7-SegmentedRaftLogWorker for RaftStorage:Storage Directory /github/workspace/mnt/ozone/hadoop-ozone/integration-test/target/test-dir/MiniOzoneClusterImpl-be392bf5-6f5b-448a-8365-d7ab1effc2dc/datanode-4/data/ratis/a1684476-5a70-4a49-b778-bb542dd8d3b7
2020-06-27 13:10:01,882 [pool-562-thread-1] INFO  server.RaftServerConfigKeys (ConfUtils.java:logGet(44)) - raft.server.log.queue.byte-limit = 2147483647 (custom)
2020-06-27 13:10:01,882 [pool-562-thread-1] INFO  server.RaftServerConfigKeys (ConfUtils.java:logGet(44)) - raft.server.log.queue.element-limit = 1024 (custom)
2020-06-27 13:10:01,882 [pool-562-thread-1] INFO  server.RaftServerConfigKeys (ConfUtils.java:logGet(44)) - raft.server.log.segment.size.max = 1048576 (custom)
2020-06-27 13:10:01,882 [pool-562-thread-1] INFO  server.RaftServerConfigKeys (ConfUtils.java:logGet(44)) - raft.server.log.preallocated.size = 16384 (custom)
2020-06-27 13:10:01,883 [pool-562-thread-1] INFO  server.RaftServerConfigKeys (ConfUtils.java:logGet(44)) - raft.server.log.write.buffer.size = 1048576 (custom)
2020-06-27 13:10:01,883 [pool-562-thread-1] INFO  server.RaftServerConfigKeys (ConfUtils.java:logGet(44)) - raft.server.log.force.sync.num = 128 (default)
2020-06-27 13:10:01,883 [pool-562-thread-1] INFO  server.RaftServerConfigKeys (ConfUtils.java:logGet(44)) - raft.server.log.statemachine.data.sync = true (default)
2020-06-27 13:10:01,883 [pool-562-thread-1] INFO  server.RaftServerConfigKeys (ConfUtils.java:logGet(44)) - raft.server.log.statemachine.data.sync.timeout = 10s (default)
2020-06-27 13:10:01,883 [pool-562-thread-1] INFO  server.RaftServerConfigKeys (ConfUtils.java:logGet(44)) - raft.server.log.statemachine.data.sync.timeout.retry = -1 (default)
2020-06-27 13:10:01,885 [pool-562-thread-1] INFO  server.RaftServerConfigKeys (ConfUtils.java:logGet(44)) - raft.server.log.statemachine.data.caching.enabled = true (custom)
2020-06-27 13:10:01,885 [pool-562-thread-1] INFO  segmented.SegmentedRaftLogWorker (SegmentedRaftLogWorker.java:lambda$new$0(129)) - 8dcf8d51-1e28-44e7-81d8-398880dae795@group-BB542DD8D3B7-SegmentedRaftLogWorker: flushIndex: setUnconditionally 0 -> -1
2020-06-27 13:10:01,885 [pool-562-thread-1] INFO  segmented.SegmentedRaftLogWorker (SegmentedRaftLogWorker.java:lambda$new$0(129)) - 8dcf8d51-1e28-44e7-81d8-398880dae795@group-BB542DD8D3B7-SegmentedRaftLogWorker: safeCacheEvictIndex: setUnconditionally 0 -> -1
2020-06-27 13:10:01,881 [pool-577-thread-1] INFO  server.RaftServerConfigKeys (ConfUtils.java:logGet(44)) - raft.server.log.statemachine.data.caching.enabled = true (custom)
2020-06-27 13:10:01,885 [pool-577-thread-1] INFO  segmented.SegmentedRaftLogWorker (SegmentedRaftLogWorker.java:lambda$new$0(129)) - 184b46bf-ef61-46dc-b1d3-41467ae6739f@group-DC6395955895-SegmentedRaftLogWorker: flushIndex: setUnconditionally 0 -> -1
2020-06-27 13:10:01,885 [pool-577-thread-1] INFO  segmented.SegmentedRaftLogWorker (SegmentedRaftLogWorker.java:lambda$new$0(129)) - 184b46bf-ef61-46dc-b1d3-41467ae6739f@group-DC6395955895-SegmentedRaftLogWorker: safeCacheEvictIndex: setUnconditionally 0 -> -1
2020-06-27 13:10:01,885 [pool-562-thread-1] INFO  server.RaftServerConfigKeys (ConfUtils.java:logGet(44)) - raft.server.snapshot.auto.trigger.enabled = true (custom)
2020-06-27 13:10:01,885 [pool-562-thread-1] INFO  server.RaftServerConfigKeys (ConfUtils.java:logGet(44)) - raft.server.snapshot.auto.trigger.threshold = 10000 (custom)
2020-06-27 13:10:01,885 [pool-562-thread-1] INFO  server.RaftServerConfigKeys (ConfUtils.java:logGet(44)) - raft.server.snapshot.retention.file.num = 5 (custom)
2020-06-27 13:10:01,885 [pool-562-thread-1] INFO  server.RaftServerConfigKeys (ConfUtils.java:logGet(44)) - raft.server.log.purge.upto.snapshot.index = false (default)
2020-06-27 13:10:01,886 [pool-577-thread-1] INFO  server.RaftServerConfigKeys (ConfUtils.java:logGet(44)) - raft.server.snapshot.auto.trigger.enabled = true (custom)
2020-06-27 13:10:01,886 [pool-577-thread-1] INFO  server.RaftServerConfigKeys (ConfUtils.java:logGet(44)) - raft.server.snapshot.auto.trigger.threshold = 10000 (custom)
2020-06-27 13:10:01,886 [pool-577-thread-1] INFO  server.RaftServerConfigKeys (ConfUtils.java:logGet(44)) - raft.server.snapshot.retention.file.num = 5 (custom)
2020-06-27 13:10:01,886 [pool-577-thread-1] INFO  server.RaftServerConfigKeys (ConfUtils.java:logGet(44)) - raft.server.log.purge.upto.snapshot.index = false (default)
2020-06-27 13:10:01,886 [pool-577-thread-1] INFO  server.RaftServerConfigKeys (ConfUtils.java:logGet(44)) - raft.server.retrycache.expirytime = 600000ms (custom)
2020-06-27 13:10:01,886 [pool-577-thread-1] INFO  metrics.RatisMetrics (RatisMetrics.java:lambda$create$0(36)) - Creating Metrics Registry : ratis.leader_election.184b46bf-ef61-46dc-b1d3-41467ae6739f@group-DC6395955895
2020-06-27 13:10:01,886 [pool-562-thread-1] INFO  server.RaftServerConfigKeys (ConfUtils.java:logGet(44)) - raft.server.retrycache.expirytime = 600000ms (custom)
2020-06-27 13:10:01,886 [pool-562-thread-1] INFO  metrics.RatisMetrics (RatisMetrics.java:lambda$create$0(36)) - Creating Metrics Registry : ratis.leader_election.8dcf8d51-1e28-44e7-81d8-398880dae795@group-BB542DD8D3B7
2020-06-27 13:10:01,887 [pool-577-thread-1] INFO  metrics.RatisMetrics (RatisMetrics.java:lambda$create$0(36)) - Creating Metrics Registry : ratis.server.184b46bf-ef61-46dc-b1d3-41467ae6739f@group-DC6395955895
2020-06-27 13:10:01,888 [pool-577-thread-1] INFO  impl.RaftServerImpl (RaftServerImpl.java:start(186)) - 184b46bf-ef61-46dc-b1d3-41467ae6739f@group-DC6395955895: start as a follower, conf=-1: [184b46bf-ef61-46dc-b1d3-41467ae6739f:172.17.0.2:41953, 8dcf8d51-1e28-44e7-81d8-398880dae795:172.17.0.2:39271, 6b6556c7-e86b-4d09-a7c4-600764c42b3c:172.17.0.2:42637], old=null
2020-06-27 13:10:01,889 [pool-577-thread-1] INFO  impl.RaftServerImpl (RaftServerImpl.java:setRole(175)) - 184b46bf-ef61-46dc-b1d3-41467ae6739f@group-DC6395955895: changes role from      null to FOLLOWER at term 0 for startAsFollower
2020-06-27 13:10:01,889 [pool-577-thread-1] INFO  impl.RoleInfo (RoleInfo.java:updateAndGet(143)) - 184b46bf-ef61-46dc-b1d3-41467ae6739f: start FollowerState
2020-06-27 13:10:01,889 [pool-562-thread-1] INFO  metrics.RatisMetrics (RatisMetrics.java:lambda$create$0(36)) - Creating Metrics Registry : ratis.server.8dcf8d51-1e28-44e7-81d8-398880dae795@group-BB542DD8D3B7
2020-06-27 13:10:01,891 [pool-562-thread-1] INFO  impl.RaftServerImpl (RaftServerImpl.java:start(186)) - 8dcf8d51-1e28-44e7-81d8-398880dae795@group-BB542DD8D3B7: start as a follower, conf=-1: [8dcf8d51-1e28-44e7-81d8-398880dae795:172.17.0.2:39271], old=null
2020-06-27 13:10:01,891 [pool-562-thread-1] INFO  impl.RaftServerImpl (RaftServerImpl.java:setRole(175)) - 8dcf8d51-1e28-44e7-81d8-398880dae795@group-BB542DD8D3B7: changes role from      null to FOLLOWER at term 0 for startAsFollower
2020-06-27 13:10:01,891 [pool-562-thread-1] INFO  impl.RoleInfo (RoleInfo.java:updateAndGet(143)) - 8dcf8d51-1e28-44e7-81d8-398880dae795: start FollowerState
2020-06-27 13:10:01,892 [pool-577-thread-1] INFO  util.JmxRegister (JmxRegister.java:tryRegister(44)) - Successfully registered JMX Bean with object name Ratis:service=RaftServer,group=group-DC6395955895,id=184b46bf-ef61-46dc-b1d3-41467ae6739f
2020-06-27 13:10:01,892 [pool-577-thread-1] INFO  metrics.RatisMetrics (RatisMetrics.java:lambda$create$0(36)) - Creating Metrics Registry : ratis.state_machine.184b46bf-ef61-46dc-b1d3-41467ae6739f@group-DC6395955895
2020-06-27 13:10:01,893 [pool-562-thread-1] INFO  util.JmxRegister (JmxRegister.java:tryRegister(44)) - Successfully registered JMX Bean with object name Ratis:service=RaftServer,group=group-BB542DD8D3B7,id=8dcf8d51-1e28-44e7-81d8-398880dae795
2020-06-27 13:10:01,893 [pool-562-thread-1] INFO  metrics.RatisMetrics (RatisMetrics.java:lambda$create$0(36)) - Creating Metrics Registry : ratis.state_machine.8dcf8d51-1e28-44e7-81d8-398880dae795@group-BB542DD8D3B7
2020-06-27 13:10:01,894 [Command processor thread] INFO  commandhandler.CreatePipelineCommandHandler (CreatePipelineCommandHandler.java:handle(109)) - Created Pipeline RATIS ONE #id: "a1684476-5a70-4a49-b778-bb542dd8d3b7"
.
2020-06-27 13:10:01,895 [Command processor thread] INFO  impl.RaftServerProxy (RaftServerProxy.java:addNew(89)) - 8dcf8d51-1e28-44e7-81d8-398880dae795: addNew group-DC6395955895:[184b46bf-ef61-46dc-b1d3-41467ae6739f:172.17.0.2:41953, 8dcf8d51-1e28-44e7-81d8-398880dae795:172.17.0.2:39271, 6b6556c7-e86b-4d09-a7c4-600764c42b3c:172.17.0.2:42637] returns group-DC6395955895:java.util.concurrent.CompletableFuture@2e9b19cc[Not completed]
2020-06-27 13:10:01,895 [pool-562-thread-1] INFO  impl.RaftServerImpl (RaftServerImpl.java:<init>(99)) - 8dcf8d51-1e28-44e7-81d8-398880dae795: new RaftServerImpl for group-DC6395955895:[184b46bf-ef61-46dc-b1d3-41467ae6739f:172.17.0.2:41953, 8dcf8d51-1e28-44e7-81d8-398880dae795:172.17.0.2:39271, 6b6556c7-e86b-4d09-a7c4-600764c42b3c:172.17.0.2:42637] with ContainerStateMachine:uninitialized
2020-06-27 13:10:01,895 [pool-562-thread-1] INFO  server.RaftServerConfigKeys (ConfUtils.java:logGet(44)) - raft.server.rpc.timeout.min = 5s (custom)
2020-06-27 13:10:01,896 [pool-562-thread-1] INFO  server.RaftServerConfigKeys (ConfUtils.java:logGet(44)) - raft.server.rpc.timeout.max = 5200ms (custom)
2020-06-27 13:10:01,896 [pool-562-thread-1] INFO  server.RaftServerConfigKeys (ConfUtils.java:logGet(44)) - raft.server.rpcslowness.timeout = 300s (custom)
2020-06-27 13:10:01,896 [pool-562-thread-1] INFO  server.RaftServerConfigKeys (ConfUtils.java:logGet(44)) - raft.server.sleep.deviation.threshold = 300 (default)
2020-06-27 13:10:01,896 [pool-562-thread-1] INFO  server.RaftServerConfigKeys (ConfUtils.java:logGet(44)) - raft.server.log.appender.install.snapshot.enabled = false (custom)
2020-06-27 13:10:01,896 [pool-562-thread-1] INFO  impl.RaftServerImpl (ServerState.java:<init>(103)) - 8dcf8d51-1e28-44e7-81d8-398880dae795@group-DC6395955895: ConfigurationManager, init=-1: [184b46bf-ef61-46dc-b1d3-41467ae6739f:172.17.0.2:41953, 8dcf8d51-1e28-44e7-81d8-398880dae795:172.17.0.2:39271, 6b6556c7-e86b-4d09-a7c4-600764c42b3c:172.17.0.2:42637], old=null, confs=<EMPTY_MAP>
2020-06-27 13:10:01,896 [pool-562-thread-1] INFO  server.RaftServerConfigKeys (ConfUtils.java:logGet(44)) - raft.server.storage.dir = [/github/workspace/mnt/ozone/hadoop-ozone/integration-test/target/test-dir/MiniOzoneClusterImpl-be392bf5-6f5b-448a-8365-d7ab1effc2dc/datanode-4/data/ratis] (custom)
2020-06-27 13:10:01,896 [pool-562-thread-1] INFO  server.RaftServerConfigKeys (ConfUtils.java:logGet(44)) - raft.server.log.corruption.policy = EXCEPTION (default)
2020-06-27 13:10:01,896 [pool-562-thread-1] INFO  storage.RaftStorageDirectory (RaftStorageDirectory.java:analyzeStorage(261)) - The storage directory /github/workspace/mnt/ozone/hadoop-ozone/integration-test/target/test-dir/MiniOzoneClusterImpl-be392bf5-6f5b-448a-8365-d7ab1effc2dc/datanode-4/data/ratis/bec1c217-6684-487c-aa35-dc6395955895 does not exist. Creating ...
2020-06-27 13:10:01,898 [pool-562-thread-1] INFO  storage.RaftStorageDirectory (RaftStorageDirectory.java:tryLock(343)) - Lock on /github/workspace/mnt/ozone/hadoop-ozone/integration-test/target/test-dir/MiniOzoneClusterImpl-be392bf5-6f5b-448a-8365-d7ab1effc2dc/datanode-4/data/ratis/bec1c217-6684-487c-aa35-dc6395955895/in_use.lock acquired by nodename 11346@8c26f3e475a5
2020-06-27 13:10:01,900 [pool-562-thread-1] INFO  storage.RaftStorage (RaftStorage.java:format(84)) - Storage directory /github/workspace/mnt/ozone/hadoop-ozone/integration-test/target/test-dir/MiniOzoneClusterImpl-be392bf5-6f5b-448a-8365-d7ab1effc2dc/datanode-4/data/ratis/bec1c217-6684-487c-aa35-dc6395955895 has been successfully formatted.
2020-06-27 13:10:01,900 [pool-562-thread-1] INFO  ratis.ContainerStateMachine (ContainerStateMachine.java:loadSnapshot(226)) - group-DC6395955895: The snapshot info is null. Setting the last applied indexto:(t:0, i:~)
2020-06-27 13:10:01,900 [pool-562-thread-1] INFO  server.RaftServerConfigKeys (ConfUtils.java:logGet(44)) - raft.server.notification.no-leader.timeout = 60s (default)
2020-06-27 13:10:01,900 [pool-562-thread-1] INFO  server.RaftServerConfigKeys (ConfUtils.java:logGet(44)) - raft.server.log.use.memory = false (default)
2020-06-27 13:10:01,900 [pool-562-thread-1] INFO  server.RaftServerConfigKeys (ConfUtils.java:logGet(44)) - raft.server.log.purge.gap = 1000000 (custom)
2020-06-27 13:10:01,900 [pool-562-thread-1] INFO  server.RaftServerConfigKeys (ConfUtils.java:logGet(44)) - raft.server.log.appender.buffer.byte-limit = 33554432 (custom)
2020-06-27 13:10:01,900 [pool-562-thread-1] INFO  server.RaftServerConfigKeys (ConfUtils.java:logGet(44)) - raft.server.log.segment.size.max = 1048576 (custom)
2020-06-27 13:10:01,900 [pool-562-thread-1] INFO  metrics.RatisMetrics (RatisMetrics.java:lambda$create$0(36)) - Creating Metrics Registry : ratis.log_worker.8dcf8d51-1e28-44e7-81d8-398880dae795@group-DC6395955895
2020-06-27 13:10:01,901 [pool-562-thread-1] INFO  server.RaftServerConfigKeys (ConfUtils.java:logGet(44)) - raft.server.log.segment.cache.num.max = 2 (custom)
2020-06-27 13:10:01,901 [pool-562-thread-1] INFO  segmented.SegmentedRaftLogWorker (SegmentedRaftLogWorker.java:<init>(180)) - new 8dcf8d51-1e28-44e7-81d8-398880dae795@group-DC6395955895-SegmentedRaftLogWorker for RaftStorage:Storage Directory /github/workspace/mnt/ozone/hadoop-ozone/integration-test/target/test-dir/MiniOzoneClusterImpl-be392bf5-6f5b-448a-8365-d7ab1effc2dc/datanode-4/data/ratis/bec1c217-6684-487c-aa35-dc6395955895
2020-06-27 13:10:01,901 [pool-562-thread-1] INFO  server.RaftServerConfigKeys (ConfUtils.java:logGet(44)) - raft.server.log.queue.byte-limit = 2147483647 (custom)
2020-06-27 13:10:01,901 [pool-562-thread-1] INFO  server.RaftServerConfigKeys (ConfUtils.java:logGet(44)) - raft.server.log.queue.element-limit = 1024 (custom)
2020-06-27 13:10:01,901 [pool-562-thread-1] INFO  server.RaftServerConfigKeys (ConfUtils.java:logGet(44)) - raft.server.log.segment.size.max = 1048576 (custom)
2020-06-27 13:10:01,901 [pool-562-thread-1] INFO  server.RaftServerConfigKeys (ConfUtils.java:logGet(44)) - raft.server.log.preallocated.size = 16384 (custom)
2020-06-27 13:10:01,901 [pool-562-thread-1] INFO  server.RaftServerConfigKeys (ConfUtils.java:logGet(44)) - raft.server.log.write.buffer.size = 1048576 (custom)
2020-06-27 13:10:01,901 [pool-562-thread-1] INFO  server.RaftServerConfigKeys (ConfUtils.java:logGet(44)) - raft.server.log.force.sync.num = 128 (default)
2020-06-27 13:10:01,901 [pool-562-thread-1] INFO  server.RaftServerConfigKeys (ConfUtils.java:logGet(44)) - raft.server.log.statemachine.data.sync = true (default)
2020-06-27 13:10:01,901 [pool-562-thread-1] INFO  server.RaftServerConfigKeys (ConfUtils.java:logGet(44)) - raft.server.log.statemachine.data.sync.timeout = 10s (default)
2020-06-27 13:10:01,901 [pool-562-thread-1] INFO  server.RaftServerConfigKeys (ConfUtils.java:logGet(44)) - raft.server.log.statemachine.data.sync.timeout.retry = -1 (default)
2020-06-27 13:10:01,905 [pool-562-thread-1] INFO  server.RaftServerConfigKeys (ConfUtils.java:logGet(44)) - raft.server.log.statemachine.data.caching.enabled = true (custom)
2020-06-27 13:10:01,906 [pool-562-thread-1] INFO  segmented.SegmentedRaftLogWorker (SegmentedRaftLogWorker.java:lambda$new$0(129)) - 8dcf8d51-1e28-44e7-81d8-398880dae795@group-DC6395955895-SegmentedRaftLogWorker: flushIndex: setUnconditionally 0 -> -1
2020-06-27 13:10:01,906 [pool-562-thread-1] INFO  segmented.SegmentedRaftLogWorker (SegmentedRaftLogWorker.java:lambda$new$0(129)) - 8dcf8d51-1e28-44e7-81d8-398880dae795@group-DC6395955895-SegmentedRaftLogWorker: safeCacheEvictIndex: setUnconditionally 0 -> -1
2020-06-27 13:10:01,906 [pool-562-thread-1] INFO  server.RaftServerConfigKeys (ConfUtils.java:logGet(44)) - raft.server.snapshot.auto.trigger.enabled = true (custom)
2020-06-27 13:10:01,906 [pool-562-thread-1] INFO  server.RaftServerConfigKeys (ConfUtils.java:logGet(44)) - raft.server.snapshot.auto.trigger.threshold = 10000 (custom)
2020-06-27 13:10:01,906 [pool-562-thread-1] INFO  server.RaftServerConfigKeys (ConfUtils.java:logGet(44)) - raft.server.snapshot.retention.file.num = 5 (custom)
2020-06-27 13:10:01,906 [pool-562-thread-1] INFO  server.RaftServerConfigKeys (ConfUtils.java:logGet(44)) - raft.server.log.purge.upto.snapshot.index = false (default)
2020-06-27 13:10:01,906 [pool-562-thread-1] INFO  server.RaftServerConfigKeys (ConfUtils.java:logGet(44)) - raft.server.retrycache.expirytime = 600000ms (custom)
2020-06-27 13:10:01,906 [pool-562-thread-1] INFO  metrics.RatisMetrics (RatisMetrics.java:lambda$create$0(36)) - Creating Metrics Registry : ratis.leader_election.8dcf8d51-1e28-44e7-81d8-398880dae795@group-DC6395955895
2020-06-27 13:10:01,907 [pool-562-thread-1] INFO  metrics.RatisMetrics (RatisMetrics.java:lambda$create$0(36)) - Creating Metrics Registry : ratis.server.8dcf8d51-1e28-44e7-81d8-398880dae795@group-DC6395955895
2020-06-27 13:10:01,909 [pool-562-thread-1] INFO  impl.RaftServerImpl (RaftServerImpl.java:start(186)) - 8dcf8d51-1e28-44e7-81d8-398880dae795@group-DC6395955895: start as a follower, conf=-1: [184b46bf-ef61-46dc-b1d3-41467ae6739f:172.17.0.2:41953, 8dcf8d51-1e28-44e7-81d8-398880dae795:172.17.0.2:39271, 6b6556c7-e86b-4d09-a7c4-600764c42b3c:172.17.0.2:42637], old=null
2020-06-27 13:10:01,909 [pool-562-thread-1] INFO  impl.RaftServerImpl (RaftServerImpl.java:setRole(175)) - 8dcf8d51-1e28-44e7-81d8-398880dae795@group-DC6395955895: changes role from      null to FOLLOWER at term 0 for startAsFollower
2020-06-27 13:10:01,909 [pool-562-thread-1] INFO  impl.RoleInfo (RoleInfo.java:updateAndGet(143)) - 8dcf8d51-1e28-44e7-81d8-398880dae795: start FollowerState
2020-06-27 13:10:01,910 [pool-562-thread-1] INFO  util.JmxRegister (JmxRegister.java:tryRegister(44)) - Successfully registered JMX Bean with object name Ratis:service=RaftServer,group=group-DC6395955895,id=8dcf8d51-1e28-44e7-81d8-398880dae795
2020-06-27 13:10:01,910 [pool-562-thread-1] INFO  metrics.RatisMetrics (RatisMetrics.java:lambda$create$0(36)) - Creating Metrics Registry : ratis.state_machine.8dcf8d51-1e28-44e7-81d8-398880dae795@group-DC6395955895
2020-06-27 13:10:01,927 [Command processor thread] INFO  impl.RaftServerProxy (RaftServerProxy.java:addNew(89)) - 184b46bf-ef61-46dc-b1d3-41467ae6739f: addNew group-565A48E046FE:[184b46bf-ef61-46dc-b1d3-41467ae6739f:172.17.0.2:41953] returns group-565A48E046FE:java.util.concurrent.CompletableFuture@535783fe[Not completed]
2020-06-27 13:10:01,927 [Command processor thread] INFO  commandhandler.CreatePipelineCommandHandler (CreatePipelineCommandHandler.java:handle(109)) - Created Pipeline RATIS THREE #id: "bec1c217-6684-487c-aa35-dc6395955895"
.
2020-06-27 13:10:01,927 [pool-577-thread-1] INFO  impl.RaftServerImpl (RaftServerImpl.java:<init>(99)) - 184b46bf-ef61-46dc-b1d3-41467ae6739f: new RaftServerImpl for group-565A48E046FE:[184b46bf-ef61-46dc-b1d3-41467ae6739f:172.17.0.2:41953] with ContainerStateMachine:uninitialized
2020-06-27 13:10:01,928 [pool-577-thread-1] INFO  server.RaftServerConfigKeys (ConfUtils.java:logGet(44)) - raft.server.rpc.timeout.min = 5s (custom)
2020-06-27 13:10:01,928 [pool-577-thread-1] INFO  server.RaftServerConfigKeys (ConfUtils.java:logGet(44)) - raft.server.rpc.timeout.max = 5200ms (custom)
2020-06-27 13:10:01,928 [pool-577-thread-1] INFO  server.RaftServerConfigKeys (ConfUtils.java:logGet(44)) - raft.server.rpcslowness.timeout = 300s (custom)
2020-06-27 13:10:01,928 [pool-577-thread-1] INFO  server.RaftServerConfigKeys (ConfUtils.java:logGet(44)) - raft.server.sleep.deviation.threshold = 300 (default)
2020-06-27 13:10:01,928 [pool-577-thread-1] INFO  server.RaftServerConfigKeys (ConfUtils.java:logGet(44)) - raft.server.log.appender.install.snapshot.enabled = false (custom)
2020-06-27 13:10:01,928 [pool-577-thread-1] INFO  impl.RaftServerImpl (ServerState.java:<init>(103)) - 184b46bf-ef61-46dc-b1d3-41467ae6739f@group-565A48E046FE: ConfigurationManager, init=-1: [184b46bf-ef61-46dc-b1d3-41467ae6739f:172.17.0.2:41953], old=null, confs=<EMPTY_MAP>
2020-06-27 13:10:01,928 [pool-577-thread-1] INFO  server.RaftServerConfigKeys (ConfUtils.java:logGet(44)) - raft.server.storage.dir = [/github/workspace/mnt/ozone/hadoop-ozone/integration-test/target/test-dir/MiniOzoneClusterImpl-be392bf5-6f5b-448a-8365-d7ab1effc2dc/datanode-5/data/ratis] (custom)
2020-06-27 13:10:01,928 [pool-577-thread-1] INFO  server.RaftServerConfigKeys (ConfUtils.java:logGet(44)) - raft.server.log.corruption.policy = EXCEPTION (default)
2020-06-27 13:10:01,928 [pool-577-thread-1] INFO  storage.RaftStorageDirectory (RaftStorageDirectory.java:analyzeStorage(261)) - The storage directory /github/workspace/mnt/ozone/hadoop-ozone/integration-test/target/test-dir/MiniOzoneClusterImpl-be392bf5-6f5b-448a-8365-d7ab1effc2dc/datanode-5/data/ratis/97dfab4a-5830-4333-9ad1-565a48e046fe does not exist. Creating ...
2020-06-27 13:10:01,930 [pool-577-thread-1] INFO  storage.RaftStorageDirectory (RaftStorageDirectory.java:tryLock(343)) - Lock on /github/workspace/mnt/ozone/hadoop-ozone/integration-test/target/test-dir/MiniOzoneClusterImpl-be392bf5-6f5b-448a-8365-d7ab1effc2dc/datanode-5/data/ratis/97dfab4a-5830-4333-9ad1-565a48e046fe/in_use.lock acquired by nodename 11346@8c26f3e475a5
2020-06-27 13:10:01,932 [pool-577-thread-1] INFO  storage.RaftStorage (RaftStorage.java:format(84)) - Storage directory /github/workspace/mnt/ozone/hadoop-ozone/integration-test/target/test-dir/MiniOzoneClusterImpl-be392bf5-6f5b-448a-8365-d7ab1effc2dc/datanode-5/data/ratis/97dfab4a-5830-4333-9ad1-565a48e046fe has been successfully formatted.
2020-06-27 13:10:01,932 [pool-577-thread-1] INFO  ratis.ContainerStateMachine (ContainerStateMachine.java:loadSnapshot(226)) - group-565A48E046FE: The snapshot info is null. Setting the last applied indexto:(t:0, i:~)
2020-06-27 13:10:01,932 [pool-577-thread-1] INFO  server.RaftServerConfigKeys (ConfUtils.java:logGet(44)) - raft.server.notification.no-leader.timeout = 60s (default)
2020-06-27 13:10:01,932 [pool-577-thread-1] INFO  server.RaftServerConfigKeys (ConfUtils.java:logGet(44)) - raft.server.log.use.memory = false (default)
2020-06-27 13:10:01,932 [pool-577-thread-1] INFO  server.RaftServerConfigKeys (ConfUtils.java:logGet(44)) - raft.server.log.purge.gap = 1000000 (custom)
2020-06-27 13:10:01,932 [pool-577-thread-1] INFO  server.RaftServerConfigKeys (ConfUtils.java:logGet(44)) - raft.server.log.appender.buffer.byte-limit = 33554432 (custom)
2020-06-27 13:10:01,932 [EventQueue-PipelineReportForPipelineReportHandler] INFO  pipeline.PipelineStateManager (PipelineStateManager.java:openPipeline(131)) - Pipeline Pipeline[ Id: 97dfab4a-5830-4333-9ad1-565a48e046fe, Nodes: 184b46bf-ef61-46dc-b1d3-41467ae6739f{ip: 172.17.0.2, host: 8c26f3e475a5, networkLocation: /default-rack, certSerialId: null}, Type:RATIS, Factor:ONE, State:ALLOCATED, leaderId:184b46bf-ef61-46dc-b1d3-41467ae6739f, CreationTimestamp2020-06-27T13:09:58.927Z] moved to OPEN state
2020-06-27 13:10:01,933 [EventQueue-OpenPipelineForHealthyPipelineSafeModeRule] INFO  safemode.SCMSafeModeManager (HealthyPipelineSafeModeRule.java:process(132)) - SCM in safe mode. Healthy pipelines reported count is 0, required healthy pipeline reported count is 1
2020-06-27 13:10:01,933 [EventQueue-OpenPipelineForOneReplicaPipelineSafeModeRule] INFO  safemode.SCMSafeModeManager (SCMSafeModeManager.java:validateSafeModeExitRules(214)) - AtleastOneDatanodeReportedRule rule is successfully validated
2020-06-27 13:10:01,933 [pool-577-thread-1] INFO  server.RaftServerConfigKeys (ConfUtils.java:logGet(44)) - raft.server.log.segment.size.max = 1048576 (custom)
2020-06-27 13:10:01,933 [pool-577-thread-1] INFO  metrics.RatisMetrics (RatisMetrics.java:lambda$create$0(36)) - Creating Metrics Registry : ratis.log_worker.184b46bf-ef61-46dc-b1d3-41467ae6739f@group-565A48E046FE
2020-06-27 13:10:01,933 [pool-577-thread-1] INFO  server.RaftServerConfigKeys (ConfUtils.java:logGet(44)) - raft.server.log.segment.cache.num.max = 2 (custom)
2020-06-27 13:10:01,933 [pool-577-thread-1] INFO  segmented.SegmentedRaftLogWorker (SegmentedRaftLogWorker.java:<init>(180)) - new 184b46bf-ef61-46dc-b1d3-41467ae6739f@group-565A48E046FE-SegmentedRaftLogWorker for RaftStorage:Storage Directory /github/workspace/mnt/ozone/hadoop-ozone/integration-test/target/test-dir/MiniOzoneClusterImpl-be392bf5-6f5b-448a-8365-d7ab1effc2dc/datanode-5/data/ratis/97dfab4a-5830-4333-9ad1-565a48e046fe
2020-06-27 13:10:01,934 [pool-577-thread-1] INFO  server.RaftServerConfigKeys (ConfUtils.java:logGet(44)) - raft.server.log.queue.byte-limit = 2147483647 (custom)
2020-06-27 13:10:01,934 [pool-577-thread-1] INFO  server.RaftServerConfigKeys (ConfUtils.java:logGet(44)) - raft.server.log.queue.element-limit = 1024 (custom)
2020-06-27 13:10:01,934 [pool-577-thread-1] INFO  server.RaftServerConfigKeys (ConfUtils.java:logGet(44)) - raft.server.log.segment.size.max = 1048576 (custom)
2020-06-27 13:10:01,934 [pool-577-thread-1] INFO  server.RaftServerConfigKeys (ConfUtils.java:logGet(44)) - raft.server.log.preallocated.size = 16384 (custom)
2020-06-27 13:10:01,934 [pool-577-thread-1] INFO  server.RaftServerConfigKeys (ConfUtils.java:logGet(44)) - raft.server.log.write.buffer.size = 1048576 (custom)
2020-06-27 13:10:01,934 [pool-577-thread-1] INFO  server.RaftServerConfigKeys (ConfUtils.java:logGet(44)) - raft.server.log.force.sync.num = 128 (default)
2020-06-27 13:10:01,934 [pool-577-thread-1] INFO  server.RaftServerConfigKeys (ConfUtils.java:logGet(44)) - raft.server.log.statemachine.data.sync = true (default)
2020-06-27 13:10:01,934 [pool-577-thread-1] INFO  server.RaftServerConfigKeys (ConfUtils.java:logGet(44)) - raft.server.log.statemachine.data.sync.timeout = 10s (default)
2020-06-27 13:10:01,934 [pool-577-thread-1] INFO  server.RaftServerConfigKeys (ConfUtils.java:logGet(44)) - raft.server.log.statemachine.data.sync.timeout.retry = -1 (default)
2020-06-27 13:10:01,937 [pool-577-thread-1] INFO  server.RaftServerConfigKeys (ConfUtils.java:logGet(44)) - raft.server.log.statemachine.data.caching.enabled = true (custom)
2020-06-27 13:10:01,937 [pool-577-thread-1] INFO  segmented.SegmentedRaftLogWorker (SegmentedRaftLogWorker.java:lambda$new$0(129)) - 184b46bf-ef61-46dc-b1d3-41467ae6739f@group-565A48E046FE-SegmentedRaftLogWorker: flushIndex: setUnconditionally 0 -> -1
2020-06-27 13:10:01,942 [pool-577-thread-1] INFO  segmented.SegmentedRaftLogWorker (SegmentedRaftLogWorker.java:lambda$new$0(129)) - 184b46bf-ef61-46dc-b1d3-41467ae6739f@group-565A48E046FE-SegmentedRaftLogWorker: safeCacheEvictIndex: setUnconditionally 0 -> -1
2020-06-27 13:10:01,942 [pool-577-thread-1] INFO  server.RaftServerConfigKeys (ConfUtils.java:logGet(44)) - raft.server.snapshot.auto.trigger.enabled = true (custom)
2020-06-27 13:10:01,943 [pool-577-thread-1] INFO  server.RaftServerConfigKeys (ConfUtils.java:logGet(44)) - raft.server.snapshot.auto.trigger.threshold = 10000 (custom)
2020-06-27 13:10:01,943 [pool-577-thread-1] INFO  server.RaftServerConfigKeys (ConfUtils.java:logGet(44)) - raft.server.snapshot.retention.file.num = 5 (custom)
2020-06-27 13:10:01,943 [pool-577-thread-1] INFO  server.RaftServerConfigKeys (ConfUtils.java:logGet(44)) - raft.server.log.purge.upto.snapshot.index = false (default)
2020-06-27 13:10:01,943 [pool-577-thread-1] INFO  server.RaftServerConfigKeys (ConfUtils.java:logGet(44)) - raft.server.retrycache.expirytime = 600000ms (custom)
2020-06-27 13:10:01,943 [pool-577-thread-1] INFO  metrics.RatisMetrics (RatisMetrics.java:lambda$create$0(36)) - Creating Metrics Registry : ratis.leader_election.184b46bf-ef61-46dc-b1d3-41467ae6739f@group-565A48E046FE
2020-06-27 13:10:01,944 [pool-577-thread-1] INFO  metrics.RatisMetrics (RatisMetrics.java:lambda$create$0(36)) - Creating Metrics Registry : ratis.server.184b46bf-ef61-46dc-b1d3-41467ae6739f@group-565A48E046FE
2020-06-27 13:10:01,945 [pool-577-thread-1] INFO  impl.RaftServerImpl (RaftServerImpl.java:start(186)) - 184b46bf-ef61-46dc-b1d3-41467ae6739f@group-565A48E046FE: start as a follower, conf=-1: [184b46bf-ef61-46dc-b1d3-41467ae6739f:172.17.0.2:41953], old=null
2020-06-27 13:10:01,946 [pool-577-thread-1] INFO  impl.RaftServerImpl (RaftServerImpl.java:setRole(175)) - 184b46bf-ef61-46dc-b1d3-41467ae6739f@group-565A48E046FE: changes role from      null to FOLLOWER at term 0 for startAsFollower
2020-06-27 13:10:01,946 [pool-577-thread-1] INFO  impl.RoleInfo (RoleInfo.java:updateAndGet(143)) - 184b46bf-ef61-46dc-b1d3-41467ae6739f: start FollowerState
2020-06-27 13:10:01,949 [pool-577-thread-1] INFO  util.JmxRegister (JmxRegister.java:tryRegister(44)) - Successfully registered JMX Bean with object name Ratis:service=RaftServer,group=group-565A48E046FE,id=184b46bf-ef61-46dc-b1d3-41467ae6739f
2020-06-27 13:10:01,950 [pool-577-thread-1] INFO  metrics.RatisMetrics (RatisMetrics.java:lambda$create$0(36)) - Creating Metrics Registry : ratis.state_machine.184b46bf-ef61-46dc-b1d3-41467ae6739f@group-565A48E046FE
2020-06-27 13:10:01,951 [Command processor thread] INFO  commandhandler.CreatePipelineCommandHandler (CreatePipelineCommandHandler.java:handle(109)) - Created Pipeline RATIS ONE #id: "97dfab4a-5830-4333-9ad1-565a48e046fe"
.
2020-06-27 13:10:01,963 [Command processor thread] INFO  commandhandler.CreatePipelineCommandHandler (CreatePipelineCommandHandler.java:handle(109)) - Created Pipeline RATIS THREE #id: "bec1c217-6684-487c-aa35-dc6395955895"
.
2020-06-27 13:10:02,000 [Command processor thread] INFO  impl.RaftServerProxy (RaftServerProxy.java:addNew(89)) - be204a00-db90-4592-9b0e-cef66b76ef3d: addNew group-95057A87A6A4:[be204a00-db90-4592-9b0e-cef66b76ef3d:172.17.0.2:37437] returns group-95057A87A6A4:java.util.concurrent.CompletableFuture@41d3a4ec[Not completed]
2020-06-27 13:10:02,001 [pool-592-thread-1] INFO  impl.RaftServerImpl (RaftServerImpl.java:<init>(99)) - be204a00-db90-4592-9b0e-cef66b76ef3d: new RaftServerImpl for group-95057A87A6A4:[be204a00-db90-4592-9b0e-cef66b76ef3d:172.17.0.2:37437] with ContainerStateMachine:uninitialized
2020-06-27 13:10:02,001 [pool-592-thread-1] INFO  server.RaftServerConfigKeys (ConfUtils.java:logGet(44)) - raft.server.rpc.timeout.min = 5s (custom)
2020-06-27 13:10:02,001 [pool-592-thread-1] INFO  server.RaftServerConfigKeys (ConfUtils.java:logGet(44)) - raft.server.rpc.timeout.max = 5200ms (custom)
2020-06-27 13:10:02,001 [pool-592-thread-1] INFO  server.RaftServerConfigKeys (ConfUtils.java:logGet(44)) - raft.server.rpcslowness.timeout = 300s (custom)
2020-06-27 13:10:02,001 [pool-592-thread-1] INFO  server.RaftServerConfigKeys (ConfUtils.java:logGet(44)) - raft.server.sleep.deviation.threshold = 300 (default)
2020-06-27 13:10:02,002 [pool-592-thread-1] INFO  server.RaftServerConfigKeys (ConfUtils.java:logGet(44)) - raft.server.log.appender.install.snapshot.enabled = false (custom)
2020-06-27 13:10:02,002 [pool-592-thread-1] INFO  impl.RaftServerImpl (ServerState.java:<init>(103)) - be204a00-db90-4592-9b0e-cef66b76ef3d@group-95057A87A6A4: ConfigurationManager, init=-1: [be204a00-db90-4592-9b0e-cef66b76ef3d:172.17.0.2:37437], old=null, confs=<EMPTY_MAP>
2020-06-27 13:10:02,002 [pool-592-thread-1] INFO  server.RaftServerConfigKeys (ConfUtils.java:logGet(44)) - raft.server.storage.dir = [/github/workspace/mnt/ozone/hadoop-ozone/integration-test/target/test-dir/MiniOzoneClusterImpl-be392bf5-6f5b-448a-8365-d7ab1effc2dc/datanode-6/data/ratis] (custom)
2020-06-27 13:10:02,002 [pool-592-thread-1] INFO  server.RaftServerConfigKeys (ConfUtils.java:logGet(44)) - raft.server.log.corruption.policy = EXCEPTION (default)
2020-06-27 13:10:02,002 [pool-592-thread-1] INFO  storage.RaftStorageDirectory (RaftStorageDirectory.java:analyzeStorage(261)) - The storage directory /github/workspace/mnt/ozone/hadoop-ozone/integration-test/target/test-dir/MiniOzoneClusterImpl-be392bf5-6f5b-448a-8365-d7ab1effc2dc/datanode-6/data/ratis/d4e9f793-c322-4526-a744-95057a87a6a4 does not exist. Creating ...
2020-06-27 13:10:02,003 [pool-592-thread-1] INFO  storage.RaftStorageDirectory (RaftStorageDirectory.java:tryLock(343)) - Lock on /github/workspace/mnt/ozone/hadoop-ozone/integration-test/target/test-dir/MiniOzoneClusterImpl-be392bf5-6f5b-448a-8365-d7ab1effc2dc/datanode-6/data/ratis/d4e9f793-c322-4526-a744-95057a87a6a4/in_use.lock acquired by nodename 11346@8c26f3e475a5
2020-06-27 13:10:02,005 [pool-592-thread-1] INFO  storage.RaftStorage (RaftStorage.java:format(84)) - Storage directory /github/workspace/mnt/ozone/hadoop-ozone/integration-test/target/test-dir/MiniOzoneClusterImpl-be392bf5-6f5b-448a-8365-d7ab1effc2dc/datanode-6/data/ratis/d4e9f793-c322-4526-a744-95057a87a6a4 has been successfully formatted.
2020-06-27 13:10:02,005 [pool-592-thread-1] INFO  ratis.ContainerStateMachine (ContainerStateMachine.java:loadSnapshot(226)) - group-95057A87A6A4: The snapshot info is null. Setting the last applied indexto:(t:0, i:~)
2020-06-27 13:10:02,005 [pool-592-thread-1] INFO  server.RaftServerConfigKeys (ConfUtils.java:logGet(44)) - raft.server.notification.no-leader.timeout = 60s (default)
2020-06-27 13:10:02,006 [pool-592-thread-1] INFO  server.RaftServerConfigKeys (ConfUtils.java:logGet(44)) - raft.server.log.use.memory = false (default)
2020-06-27 13:10:02,006 [pool-592-thread-1] INFO  server.RaftServerConfigKeys (ConfUtils.java:logGet(44)) - raft.server.log.purge.gap = 1000000 (custom)
2020-06-27 13:10:02,006 [pool-592-thread-1] INFO  server.RaftServerConfigKeys (ConfUtils.java:logGet(44)) - raft.server.log.appender.buffer.byte-limit = 33554432 (custom)
2020-06-27 13:10:02,006 [pool-592-thread-1] INFO  server.RaftServerConfigKeys (ConfUtils.java:logGet(44)) - raft.server.log.segment.size.max = 1048576 (custom)
2020-06-27 13:10:02,006 [pool-592-thread-1] INFO  metrics.RatisMetrics (RatisMetrics.java:lambda$create$0(36)) - Creating Metrics Registry : ratis.log_worker.be204a00-db90-4592-9b0e-cef66b76ef3d@group-95057A87A6A4
2020-06-27 13:10:02,006 [EventQueue-PipelineReportForPipelineReportHandler] INFO  pipeline.PipelineStateManager (PipelineStateManager.java:openPipeline(131)) - Pipeline Pipeline[ Id: d4e9f793-c322-4526-a744-95057a87a6a4, Nodes: be204a00-db90-4592-9b0e-cef66b76ef3d{ip: 172.17.0.2, host: 8c26f3e475a5, networkLocation: /default-rack, certSerialId: null}, Type:RATIS, Factor:ONE, State:ALLOCATED, leaderId:be204a00-db90-4592-9b0e-cef66b76ef3d, CreationTimestamp2020-06-27T13:09:59.001Z] moved to OPEN state
2020-06-27 13:10:02,006 [EventQueue-OpenPipelineForHealthyPipelineSafeModeRule] INFO  safemode.SCMSafeModeManager (HealthyPipelineSafeModeRule.java:process(132)) - SCM in safe mode. Healthy pipelines reported count is 0, required healthy pipeline reported count is 1
2020-06-27 13:10:02,006 [EventQueue-OpenPipelineForOneReplicaPipelineSafeModeRule] INFO  safemode.SCMSafeModeManager (SCMSafeModeManager.java:validateSafeModeExitRules(214)) - AtleastOneDatanodeReportedRule rule is successfully validated
2020-06-27 13:10:02,006 [pool-592-thread-1] INFO  server.RaftServerConfigKeys (ConfUtils.java:logGet(44)) - raft.server.log.segment.cache.num.max = 2 (custom)
2020-06-27 13:10:02,007 [pool-592-thread-1] INFO  segmented.SegmentedRaftLogWorker (SegmentedRaftLogWorker.java:<init>(180)) - new be204a00-db90-4592-9b0e-cef66b76ef3d@group-95057A87A6A4-SegmentedRaftLogWorker for RaftStorage:Storage Directory /github/workspace/mnt/ozone/hadoop-ozone/integration-test/target/test-dir/MiniOzoneClusterImpl-be392bf5-6f5b-448a-8365-d7ab1effc2dc/datanode-6/data/ratis/d4e9f793-c322-4526-a744-95057a87a6a4
2020-06-27 13:10:02,007 [pool-592-thread-1] INFO  server.RaftServerConfigKeys (ConfUtils.java:logGet(44)) - raft.server.log.queue.byte-limit = 2147483647 (custom)
2020-06-27 13:10:02,007 [pool-592-thread-1] INFO  server.RaftServerConfigKeys (ConfUtils.java:logGet(44)) - raft.server.log.queue.element-limit = 1024 (custom)
2020-06-27 13:10:02,007 [pool-592-thread-1] INFO  server.RaftServerConfigKeys (ConfUtils.java:logGet(44)) - raft.server.log.segment.size.max = 1048576 (custom)
2020-06-27 13:10:02,007 [pool-592-thread-1] INFO  server.RaftServerConfigKeys (ConfUtils.java:logGet(44)) - raft.server.log.preallocated.size = 16384 (custom)
2020-06-27 13:10:02,007 [pool-592-thread-1] INFO  server.RaftServerConfigKeys (ConfUtils.java:logGet(44)) - raft.server.log.write.buffer.size = 1048576 (custom)
2020-06-27 13:10:02,007 [pool-592-thread-1] INFO  server.RaftServerConfigKeys (ConfUtils.java:logGet(44)) - raft.server.log.force.sync.num = 128 (default)
2020-06-27 13:10:02,007 [pool-592-thread-1] INFO  server.RaftServerConfigKeys (ConfUtils.java:logGet(44)) - raft.server.log.statemachine.data.sync = true (default)
2020-06-27 13:10:02,007 [pool-592-thread-1] INFO  server.RaftServerConfigKeys (ConfUtils.java:logGet(44)) - raft.server.log.statemachine.data.sync.timeout = 10s (default)
2020-06-27 13:10:02,007 [pool-592-thread-1] INFO  server.RaftServerConfigKeys (ConfUtils.java:logGet(44)) - raft.server.log.statemachine.data.sync.timeout.retry = -1 (default)
2020-06-27 13:10:02,010 [pool-592-thread-1] INFO  server.RaftServerConfigKeys (ConfUtils.java:logGet(44)) - raft.server.log.statemachine.data.caching.enabled = true (custom)
2020-06-27 13:10:02,010 [pool-592-thread-1] INFO  segmented.SegmentedRaftLogWorker (SegmentedRaftLogWorker.java:lambda$new$0(129)) - be204a00-db90-4592-9b0e-cef66b76ef3d@group-95057A87A6A4-SegmentedRaftLogWorker: flushIndex: setUnconditionally 0 -> -1
2020-06-27 13:10:02,010 [pool-592-thread-1] INFO  segmented.SegmentedRaftLogWorker (SegmentedRaftLogWorker.java:lambda$new$0(129)) - be204a00-db90-4592-9b0e-cef66b76ef3d@group-95057A87A6A4-SegmentedRaftLogWorker: safeCacheEvictIndex: setUnconditionally 0 -> -1
2020-06-27 13:10:02,010 [pool-592-thread-1] INFO  server.RaftServerConfigKeys (ConfUtils.java:logGet(44)) - raft.server.snapshot.auto.trigger.enabled = true (custom)
2020-06-27 13:10:02,011 [pool-592-thread-1] INFO  server.RaftServerConfigKeys (ConfUtils.java:logGet(44)) - raft.server.snapshot.auto.trigger.threshold = 10000 (custom)
2020-06-27 13:10:02,011 [pool-592-thread-1] INFO  server.RaftServerConfigKeys (ConfUtils.java:logGet(44)) - raft.server.snapshot.retention.file.num = 5 (custom)
2020-06-27 13:10:02,011 [pool-592-thread-1] INFO  server.RaftServerConfigKeys (ConfUtils.java:logGet(44)) - raft.server.log.purge.upto.snapshot.index = false (default)
2020-06-27 13:10:02,011 [pool-592-thread-1] INFO  server.RaftServerConfigKeys (ConfUtils.java:logGet(44)) - raft.server.retrycache.expirytime = 600000ms (custom)
2020-06-27 13:10:02,011 [pool-592-thread-1] INFO  metrics.RatisMetrics (RatisMetrics.java:lambda$create$0(36)) - Creating Metrics Registry : ratis.leader_election.be204a00-db90-4592-9b0e-cef66b76ef3d@group-95057A87A6A4
2020-06-27 13:10:02,013 [pool-592-thread-1] INFO  metrics.RatisMetrics (RatisMetrics.java:lambda$create$0(36)) - Creating Metrics Registry : ratis.server.be204a00-db90-4592-9b0e-cef66b76ef3d@group-95057A87A6A4
2020-06-27 13:10:02,014 [pool-592-thread-1] INFO  impl.RaftServerImpl (RaftServerImpl.java:start(186)) - be204a00-db90-4592-9b0e-cef66b76ef3d@group-95057A87A6A4: start as a follower, conf=-1: [be204a00-db90-4592-9b0e-cef66b76ef3d:172.17.0.2:37437], old=null
2020-06-27 13:10:02,014 [pool-592-thread-1] INFO  impl.RaftServerImpl (RaftServerImpl.java:setRole(175)) - be204a00-db90-4592-9b0e-cef66b76ef3d@group-95057A87A6A4: changes role from      null to FOLLOWER at term 0 for startAsFollower
2020-06-27 13:10:02,014 [pool-592-thread-1] INFO  impl.RoleInfo (RoleInfo.java:updateAndGet(143)) - be204a00-db90-4592-9b0e-cef66b76ef3d: start FollowerState
2020-06-27 13:10:02,015 [pool-592-thread-1] INFO  util.JmxRegister (JmxRegister.java:tryRegister(44)) - Successfully registered JMX Bean with object name Ratis:service=RaftServer,group=group-95057A87A6A4,id=be204a00-db90-4592-9b0e-cef66b76ef3d
2020-06-27 13:10:02,015 [pool-592-thread-1] INFO  metrics.RatisMetrics (RatisMetrics.java:lambda$create$0(36)) - Creating Metrics Registry : ratis.state_machine.be204a00-db90-4592-9b0e-cef66b76ef3d@group-95057A87A6A4
2020-06-27 13:10:02,016 [Command processor thread] INFO  commandhandler.CreatePipelineCommandHandler (CreatePipelineCommandHandler.java:handle(109)) - Created Pipeline RATIS ONE #id: "d4e9f793-c322-4526-a744-95057a87a6a4"
.
2020-06-27 13:10:02,016 [Command processor thread] INFO  impl.RaftServerProxy (RaftServerProxy.java:addNew(89)) - be204a00-db90-4592-9b0e-cef66b76ef3d: addNew group-BFDC5685728E:[be204a00-db90-4592-9b0e-cef66b76ef3d:172.17.0.2:37437, 0201d36d-1085-4799-9661-b850b2c36954:172.17.0.2:35501, 0f19b122-cd9b-47a6-95cf-d36138869577:172.17.0.2:38029] returns group-BFDC5685728E:java.util.concurrent.CompletableFuture@45ec380e[Not completed]
2020-06-27 13:10:02,017 [pool-592-thread-1] INFO  impl.RaftServerImpl (RaftServerImpl.java:<init>(99)) - be204a00-db90-4592-9b0e-cef66b76ef3d: new RaftServerImpl for group-BFDC5685728E:[be204a00-db90-4592-9b0e-cef66b76ef3d:172.17.0.2:37437, 0201d36d-1085-4799-9661-b850b2c36954:172.17.0.2:35501, 0f19b122-cd9b-47a6-95cf-d36138869577:172.17.0.2:38029] with ContainerStateMachine:uninitialized
2020-06-27 13:10:02,017 [pool-592-thread-1] INFO  server.RaftServerConfigKeys (ConfUtils.java:logGet(44)) - raft.server.rpc.timeout.min = 5s (custom)
2020-06-27 13:10:02,017 [pool-592-thread-1] INFO  server.RaftServerConfigKeys (ConfUtils.java:logGet(44)) - raft.server.rpc.timeout.max = 5200ms (custom)
2020-06-27 13:10:02,017 [pool-592-thread-1] INFO  server.RaftServerConfigKeys (ConfUtils.java:logGet(44)) - raft.server.rpcslowness.timeout = 300s (custom)
2020-06-27 13:10:02,017 [pool-592-thread-1] INFO  server.RaftServerConfigKeys (ConfUtils.java:logGet(44)) - raft.server.sleep.deviation.threshold = 300 (default)
2020-06-27 13:10:02,017 [pool-592-thread-1] INFO  server.RaftServerConfigKeys (ConfUtils.java:logGet(44)) - raft.server.log.appender.install.snapshot.enabled = false (custom)
2020-06-27 13:10:02,017 [pool-592-thread-1] INFO  impl.RaftServerImpl (ServerState.java:<init>(103)) - be204a00-db90-4592-9b0e-cef66b76ef3d@group-BFDC5685728E: ConfigurationManager, init=-1: [be204a00-db90-4592-9b0e-cef66b76ef3d:172.17.0.2:37437, 0201d36d-1085-4799-9661-b850b2c36954:172.17.0.2:35501, 0f19b122-cd9b-47a6-95cf-d36138869577:172.17.0.2:38029], old=null, confs=<EMPTY_MAP>
2020-06-27 13:10:02,017 [pool-592-thread-1] INFO  server.RaftServerConfigKeys (ConfUtils.java:logGet(44)) - raft.server.storage.dir = [/github/workspace/mnt/ozone/hadoop-ozone/integration-test/target/test-dir/MiniOzoneClusterImpl-be392bf5-6f5b-448a-8365-d7ab1effc2dc/datanode-6/data/ratis] (custom)
2020-06-27 13:10:02,017 [pool-592-thread-1] INFO  server.RaftServerConfigKeys (ConfUtils.java:logGet(44)) - raft.server.log.corruption.policy = EXCEPTION (default)
2020-06-27 13:10:02,018 [pool-592-thread-1] INFO  storage.RaftStorageDirectory (RaftStorageDirectory.java:analyzeStorage(261)) - The storage directory /github/workspace/mnt/ozone/hadoop-ozone/integration-test/target/test-dir/MiniOzoneClusterImpl-be392bf5-6f5b-448a-8365-d7ab1effc2dc/datanode-6/data/ratis/cf68dc9b-7264-46a4-a71a-bfdc5685728e does not exist. Creating ...
2020-06-27 13:10:02,019 [pool-592-thread-1] INFO  storage.RaftStorageDirectory (RaftStorageDirectory.java:tryLock(343)) - Lock on /github/workspace/mnt/ozone/hadoop-ozone/integration-test/target/test-dir/MiniOzoneClusterImpl-be392bf5-6f5b-448a-8365-d7ab1effc2dc/datanode-6/data/ratis/cf68dc9b-7264-46a4-a71a-bfdc5685728e/in_use.lock acquired by nodename 11346@8c26f3e475a5
2020-06-27 13:10:02,020 [pool-592-thread-1] INFO  storage.RaftStorage (RaftStorage.java:format(84)) - Storage directory /github/workspace/mnt/ozone/hadoop-ozone/integration-test/target/test-dir/MiniOzoneClusterImpl-be392bf5-6f5b-448a-8365-d7ab1effc2dc/datanode-6/data/ratis/cf68dc9b-7264-46a4-a71a-bfdc5685728e has been successfully formatted.
2020-06-27 13:10:02,020 [pool-592-thread-1] INFO  ratis.ContainerStateMachine (ContainerStateMachine.java:loadSnapshot(226)) - group-BFDC5685728E: The snapshot info is null. Setting the last applied indexto:(t:0, i:~)
2020-06-27 13:10:02,020 [pool-592-thread-1] INFO  server.RaftServerConfigKeys (ConfUtils.java:logGet(44)) - raft.server.notification.no-leader.timeout = 60s (default)
2020-06-27 13:10:02,021 [pool-592-thread-1] INFO  server.RaftServerConfigKeys (ConfUtils.java:logGet(44)) - raft.server.log.use.memory = false (default)
2020-06-27 13:10:02,021 [pool-592-thread-1] INFO  server.RaftServerConfigKeys (ConfUtils.java:logGet(44)) - raft.server.log.purge.gap = 1000000 (custom)
2020-06-27 13:10:02,021 [pool-592-thread-1] INFO  server.RaftServerConfigKeys (ConfUtils.java:logGet(44)) - raft.server.log.appender.buffer.byte-limit = 33554432 (custom)
2020-06-27 13:10:02,021 [pool-592-thread-1] INFO  server.RaftServerConfigKeys (ConfUtils.java:logGet(44)) - raft.server.log.segment.size.max = 1048576 (custom)
2020-06-27 13:10:02,021 [pool-592-thread-1] INFO  metrics.RatisMetrics (RatisMetrics.java:lambda$create$0(36)) - Creating Metrics Registry : ratis.log_worker.be204a00-db90-4592-9b0e-cef66b76ef3d@group-BFDC5685728E
2020-06-27 13:10:02,021 [pool-592-thread-1] INFO  server.RaftServerConfigKeys (ConfUtils.java:logGet(44)) - raft.server.log.segment.cache.num.max = 2 (custom)
2020-06-27 13:10:02,021 [pool-592-thread-1] INFO  segmented.SegmentedRaftLogWorker (SegmentedRaftLogWorker.java:<init>(180)) - new be204a00-db90-4592-9b0e-cef66b76ef3d@group-BFDC5685728E-SegmentedRaftLogWorker for RaftStorage:Storage Directory /github/workspace/mnt/ozone/hadoop-ozone/integration-test/target/test-dir/MiniOzoneClusterImpl-be392bf5-6f5b-448a-8365-d7ab1effc2dc/datanode-6/data/ratis/cf68dc9b-7264-46a4-a71a-bfdc5685728e
2020-06-27 13:10:02,022 [pool-592-thread-1] INFO  server.RaftServerConfigKeys (ConfUtils.java:logGet(44)) - raft.server.log.queue.byte-limit = 2147483647 (custom)
2020-06-27 13:10:02,022 [pool-592-thread-1] INFO  server.RaftServerConfigKeys (ConfUtils.java:logGet(44)) - raft.server.log.queue.element-limit = 1024 (custom)
2020-06-27 13:10:02,022 [pool-592-thread-1] INFO  server.RaftServerConfigKeys (ConfUtils.java:logGet(44)) - raft.server.log.segment.size.max = 1048576 (custom)
2020-06-27 13:10:02,022 [pool-592-thread-1] INFO  server.RaftServerConfigKeys (ConfUtils.java:logGet(44)) - raft.server.log.preallocated.size = 16384 (custom)
2020-06-27 13:10:02,022 [pool-592-thread-1] INFO  server.RaftServerConfigKeys (ConfUtils.java:logGet(44)) - raft.server.log.write.buffer.size = 1048576 (custom)
2020-06-27 13:10:02,022 [pool-592-thread-1] INFO  server.RaftServerConfigKeys (ConfUtils.java:logGet(44)) - raft.server.log.force.sync.num = 128 (default)
2020-06-27 13:10:02,022 [pool-592-thread-1] INFO  server.RaftServerConfigKeys (ConfUtils.java:logGet(44)) - raft.server.log.statemachine.data.sync = true (default)
2020-06-27 13:10:02,022 [pool-592-thread-1] INFO  server.RaftServerConfigKeys (ConfUtils.java:logGet(44)) - raft.server.log.statemachine.data.sync.timeout = 10s (default)
2020-06-27 13:10:02,022 [pool-592-thread-1] INFO  server.RaftServerConfigKeys (ConfUtils.java:logGet(44)) - raft.server.log.statemachine.data.sync.timeout.retry = -1 (default)
2020-06-27 13:10:02,025 [pool-592-thread-1] INFO  server.RaftServerConfigKeys (ConfUtils.java:logGet(44)) - raft.server.log.statemachine.data.caching.enabled = true (custom)
2020-06-27 13:10:02,025 [pool-592-thread-1] INFO  segmented.SegmentedRaftLogWorker (SegmentedRaftLogWorker.java:lambda$new$0(129)) - be204a00-db90-4592-9b0e-cef66b76ef3d@group-BFDC5685728E-SegmentedRaftLogWorker: flushIndex: setUnconditionally 0 -> -1
2020-06-27 13:10:02,025 [pool-592-thread-1] INFO  segmented.SegmentedRaftLogWorker (SegmentedRaftLogWorker.java:lambda$new$0(129)) - be204a00-db90-4592-9b0e-cef66b76ef3d@group-BFDC5685728E-SegmentedRaftLogWorker: safeCacheEvictIndex: setUnconditionally 0 -> -1
2020-06-27 13:10:02,026 [pool-592-thread-1] INFO  server.RaftServerConfigKeys (ConfUtils.java:logGet(44)) - raft.server.snapshot.auto.trigger.enabled = true (custom)
2020-06-27 13:10:02,026 [pool-592-thread-1] INFO  server.RaftServerConfigKeys (ConfUtils.java:logGet(44)) - raft.server.snapshot.auto.trigger.threshold = 10000 (custom)
2020-06-27 13:10:02,026 [pool-592-thread-1] INFO  server.RaftServerConfigKeys (ConfUtils.java:logGet(44)) - raft.server.snapshot.retention.file.num = 5 (custom)
2020-06-27 13:10:02,026 [pool-592-thread-1] INFO  server.RaftServerConfigKeys (ConfUtils.java:logGet(44)) - raft.server.log.purge.upto.snapshot.index = false (default)
2020-06-27 13:10:02,026 [pool-592-thread-1] INFO  server.RaftServerConfigKeys (ConfUtils.java:logGet(44)) - raft.server.retrycache.expirytime = 600000ms (custom)
2020-06-27 13:10:02,026 [pool-592-thread-1] INFO  metrics.RatisMetrics (RatisMetrics.java:lambda$create$0(36)) - Creating Metrics Registry : ratis.leader_election.be204a00-db90-4592-9b0e-cef66b76ef3d@group-BFDC5685728E
2020-06-27 13:10:02,027 [pool-592-thread-1] INFO  metrics.RatisMetrics (RatisMetrics.java:lambda$create$0(36)) - Creating Metrics Registry : ratis.server.be204a00-db90-4592-9b0e-cef66b76ef3d@group-BFDC5685728E
2020-06-27 13:10:02,028 [pool-592-thread-1] INFO  impl.RaftServerImpl (RaftServerImpl.java:start(186)) - be204a00-db90-4592-9b0e-cef66b76ef3d@group-BFDC5685728E: start as a follower, conf=-1: [be204a00-db90-4592-9b0e-cef66b76ef3d:172.17.0.2:37437, 0201d36d-1085-4799-9661-b850b2c36954:172.17.0.2:35501, 0f19b122-cd9b-47a6-95cf-d36138869577:172.17.0.2:38029], old=null
2020-06-27 13:10:02,028 [pool-592-thread-1] INFO  impl.RaftServerImpl (RaftServerImpl.java:setRole(175)) - be204a00-db90-4592-9b0e-cef66b76ef3d@group-BFDC5685728E: changes role from      null to FOLLOWER at term 0 for startAsFollower
2020-06-27 13:10:02,029 [pool-592-thread-1] INFO  impl.RoleInfo (RoleInfo.java:updateAndGet(143)) - be204a00-db90-4592-9b0e-cef66b76ef3d: start FollowerState
2020-06-27 13:10:02,029 [pool-592-thread-1] INFO  util.JmxRegister (JmxRegister.java:tryRegister(44)) - Successfully registered JMX Bean with object name Ratis:service=RaftServer,group=group-BFDC5685728E,id=be204a00-db90-4592-9b0e-cef66b76ef3d
2020-06-27 13:10:02,029 [pool-592-thread-1] INFO  metrics.RatisMetrics (RatisMetrics.java:lambda$create$0(36)) - Creating Metrics Registry : ratis.state_machine.be204a00-db90-4592-9b0e-cef66b76ef3d@group-BFDC5685728E
2020-06-27 13:10:02,037 [grpc-default-executor-9] INFO  impl.RaftServerProxy (RaftServerProxy.java:addNew(89)) - 0201d36d-1085-4799-9661-b850b2c36954: addNew group-BFDC5685728E:[be204a00-db90-4592-9b0e-cef66b76ef3d:172.17.0.2:37437, 0201d36d-1085-4799-9661-b850b2c36954:172.17.0.2:35501, 0f19b122-cd9b-47a6-95cf-d36138869577:172.17.0.2:38029] returns group-BFDC5685728E:java.util.concurrent.CompletableFuture@67975a03[Not completed]
2020-06-27 13:10:02,037 [pool-622-thread-1] INFO  impl.RaftServerImpl (RaftServerImpl.java:<init>(99)) - 0201d36d-1085-4799-9661-b850b2c36954: new RaftServerImpl for group-BFDC5685728E:[be204a00-db90-4592-9b0e-cef66b76ef3d:172.17.0.2:37437, 0201d36d-1085-4799-9661-b850b2c36954:172.17.0.2:35501, 0f19b122-cd9b-47a6-95cf-d36138869577:172.17.0.2:38029] with ContainerStateMachine:uninitialized
2020-06-27 13:10:02,037 [pool-622-thread-1] INFO  server.RaftServerConfigKeys (ConfUtils.java:logGet(44)) - raft.server.rpc.timeout.min = 5s (custom)
2020-06-27 13:10:02,038 [pool-622-thread-1] INFO  server.RaftServerConfigKeys (ConfUtils.java:logGet(44)) - raft.server.rpc.timeout.max = 5200ms (custom)
2020-06-27 13:10:02,038 [pool-622-thread-1] INFO  server.RaftServerConfigKeys (ConfUtils.java:logGet(44)) - raft.server.rpcslowness.timeout = 300s (custom)
2020-06-27 13:10:02,038 [pool-622-thread-1] INFO  server.RaftServerConfigKeys (ConfUtils.java:logGet(44)) - raft.server.sleep.deviation.threshold = 300 (default)
2020-06-27 13:10:02,038 [pool-622-thread-1] INFO  server.RaftServerConfigKeys (ConfUtils.java:logGet(44)) - raft.server.log.appender.install.snapshot.enabled = false (custom)
2020-06-27 13:10:02,038 [pool-622-thread-1] INFO  impl.RaftServerImpl (ServerState.java:<init>(103)) - 0201d36d-1085-4799-9661-b850b2c36954@group-BFDC5685728E: ConfigurationManager, init=-1: [be204a00-db90-4592-9b0e-cef66b76ef3d:172.17.0.2:37437, 0201d36d-1085-4799-9661-b850b2c36954:172.17.0.2:35501, 0f19b122-cd9b-47a6-95cf-d36138869577:172.17.0.2:38029], old=null, confs=<EMPTY_MAP>
2020-06-27 13:10:02,038 [pool-622-thread-1] INFO  server.RaftServerConfigKeys (ConfUtils.java:logGet(44)) - raft.server.storage.dir = [/github/workspace/mnt/ozone/hadoop-ozone/integration-test/target/test-dir/MiniOzoneClusterImpl-be392bf5-6f5b-448a-8365-d7ab1effc2dc/datanode-8/data/ratis] (custom)
2020-06-27 13:10:02,038 [pool-622-thread-1] INFO  server.RaftServerConfigKeys (ConfUtils.java:logGet(44)) - raft.server.log.corruption.policy = EXCEPTION (default)
2020-06-27 13:10:02,038 [pool-622-thread-1] INFO  storage.RaftStorageDirectory (RaftStorageDirectory.java:analyzeStorage(261)) - The storage directory /github/workspace/mnt/ozone/hadoop-ozone/integration-test/target/test-dir/MiniOzoneClusterImpl-be392bf5-6f5b-448a-8365-d7ab1effc2dc/datanode-8/data/ratis/cf68dc9b-7264-46a4-a71a-bfdc5685728e does not exist. Creating ...
2020-06-27 13:10:02,040 [pool-622-thread-1] INFO  storage.RaftStorageDirectory (RaftStorageDirectory.java:tryLock(343)) - Lock on /github/workspace/mnt/ozone/hadoop-ozone/integration-test/target/test-dir/MiniOzoneClusterImpl-be392bf5-6f5b-448a-8365-d7ab1effc2dc/datanode-8/data/ratis/cf68dc9b-7264-46a4-a71a-bfdc5685728e/in_use.lock acquired by nodename 11346@8c26f3e475a5
2020-06-27 13:10:02,041 [pool-622-thread-1] INFO  storage.RaftStorage (RaftStorage.java:format(84)) - Storage directory /github/workspace/mnt/ozone/hadoop-ozone/integration-test/target/test-dir/MiniOzoneClusterImpl-be392bf5-6f5b-448a-8365-d7ab1effc2dc/datanode-8/data/ratis/cf68dc9b-7264-46a4-a71a-bfdc5685728e has been successfully formatted.
2020-06-27 13:10:02,042 [pool-622-thread-1] INFO  ratis.ContainerStateMachine (ContainerStateMachine.java:loadSnapshot(226)) - group-BFDC5685728E: The snapshot info is null. Setting the last applied indexto:(t:0, i:~)
2020-06-27 13:10:02,044 [pool-622-thread-1] INFO  server.RaftServerConfigKeys (ConfUtils.java:logGet(44)) - raft.server.notification.no-leader.timeout = 60s (default)
2020-06-27 13:10:02,044 [pool-622-thread-1] INFO  server.RaftServerConfigKeys (ConfUtils.java:logGet(44)) - raft.server.log.use.memory = false (default)
2020-06-27 13:10:02,044 [pool-622-thread-1] INFO  server.RaftServerConfigKeys (ConfUtils.java:logGet(44)) - raft.server.log.purge.gap = 1000000 (custom)
2020-06-27 13:10:02,044 [pool-622-thread-1] INFO  server.RaftServerConfigKeys (ConfUtils.java:logGet(44)) - raft.server.log.appender.buffer.byte-limit = 33554432 (custom)
2020-06-27 13:10:02,044 [pool-622-thread-1] INFO  server.RaftServerConfigKeys (ConfUtils.java:logGet(44)) - raft.server.log.segment.size.max = 1048576 (custom)
2020-06-27 13:10:02,044 [pool-622-thread-1] INFO  metrics.RatisMetrics (RatisMetrics.java:lambda$create$0(36)) - Creating Metrics Registry : ratis.log_worker.0201d36d-1085-4799-9661-b850b2c36954@group-BFDC5685728E
2020-06-27 13:10:02,046 [Command processor thread] INFO  impl.RaftServerProxy (RaftServerProxy.java:addNew(89)) - 0f19b122-cd9b-47a6-95cf-d36138869577: addNew group-BF331DA8E646:[0f19b122-cd9b-47a6-95cf-d36138869577:172.17.0.2:38029] returns group-BF331DA8E646:java.util.concurrent.CompletableFuture@eefa9e4[Not completed]
2020-06-27 13:10:02,047 [pool-622-thread-1] INFO  server.RaftServerConfigKeys (ConfUtils.java:logGet(44)) - raft.server.log.segment.cache.num.max = 2 (custom)
2020-06-27 13:10:02,047 [pool-622-thread-1] INFO  segmented.SegmentedRaftLogWorker (SegmentedRaftLogWorker.java:<init>(180)) - new 0201d36d-1085-4799-9661-b850b2c36954@group-BFDC5685728E-SegmentedRaftLogWorker for RaftStorage:Storage Directory /github/workspace/mnt/ozone/hadoop-ozone/integration-test/target/test-dir/MiniOzoneClusterImpl-be392bf5-6f5b-448a-8365-d7ab1effc2dc/datanode-8/data/ratis/cf68dc9b-7264-46a4-a71a-bfdc5685728e
2020-06-27 13:10:02,047 [pool-622-thread-1] INFO  server.RaftServerConfigKeys (ConfUtils.java:logGet(44)) - raft.server.log.queue.byte-limit = 2147483647 (custom)
2020-06-27 13:10:02,047 [pool-622-thread-1] INFO  server.RaftServerConfigKeys (ConfUtils.java:logGet(44)) - raft.server.log.queue.element-limit = 1024 (custom)
2020-06-27 13:10:02,047 [pool-622-thread-1] INFO  server.RaftServerConfigKeys (ConfUtils.java:logGet(44)) - raft.server.log.segment.size.max = 1048576 (custom)
2020-06-27 13:10:02,047 [pool-622-thread-1] INFO  server.RaftServerConfigKeys (ConfUtils.java:logGet(44)) - raft.server.log.preallocated.size = 16384 (custom)
2020-06-27 13:10:02,048 [pool-622-thread-1] INFO  server.RaftServerConfigKeys (ConfUtils.java:logGet(44)) - raft.server.log.write.buffer.size = 1048576 (custom)
2020-06-27 13:10:02,048 [pool-622-thread-1] INFO  server.RaftServerConfigKeys (ConfUtils.java:logGet(44)) - raft.server.log.force.sync.num = 128 (default)
2020-06-27 13:10:02,048 [pool-622-thread-1] INFO  server.RaftServerConfigKeys (ConfUtils.java:logGet(44)) - raft.server.log.statemachine.data.sync = true (default)
2020-06-27 13:10:02,048 [pool-622-thread-1] INFO  server.RaftServerConfigKeys (ConfUtils.java:logGet(44)) - raft.server.log.statemachine.data.sync.timeout = 10s (default)
2020-06-27 13:10:02,048 [pool-622-thread-1] INFO  server.RaftServerConfigKeys (ConfUtils.java:logGet(44)) - raft.server.log.statemachine.data.sync.timeout.retry = -1 (default)
2020-06-27 13:10:02,050 [pool-622-thread-1] INFO  server.RaftServerConfigKeys (ConfUtils.java:logGet(44)) - raft.server.log.statemachine.data.caching.enabled = true (custom)
2020-06-27 13:10:02,051 [pool-622-thread-1] INFO  segmented.SegmentedRaftLogWorker (SegmentedRaftLogWorker.java:lambda$new$0(129)) - 0201d36d-1085-4799-9661-b850b2c36954@group-BFDC5685728E-SegmentedRaftLogWorker: flushIndex: setUnconditionally 0 -> -1
2020-06-27 13:10:02,051 [pool-622-thread-1] INFO  segmented.SegmentedRaftLogWorker (SegmentedRaftLogWorker.java:lambda$new$0(129)) - 0201d36d-1085-4799-9661-b850b2c36954@group-BFDC5685728E-SegmentedRaftLogWorker: safeCacheEvictIndex: setUnconditionally 0 -> -1
2020-06-27 13:10:02,051 [pool-607-thread-1] INFO  impl.RaftServerImpl (RaftServerImpl.java:<init>(99)) - 0f19b122-cd9b-47a6-95cf-d36138869577: new RaftServerImpl for group-BF331DA8E646:[0f19b122-cd9b-47a6-95cf-d36138869577:172.17.0.2:38029] with ContainerStateMachine:uninitialized
2020-06-27 13:10:02,052 [pool-607-thread-1] INFO  server.RaftServerConfigKeys (ConfUtils.java:logGet(44)) - raft.server.rpc.timeout.min = 5s (custom)
2020-06-27 13:10:02,052 [pool-607-thread-1] INFO  server.RaftServerConfigKeys (ConfUtils.java:logGet(44)) - raft.server.rpc.timeout.max = 5200ms (custom)
2020-06-27 13:10:02,052 [pool-607-thread-1] INFO  server.RaftServerConfigKeys (ConfUtils.java:logGet(44)) - raft.server.rpcslowness.timeout = 300s (custom)
2020-06-27 13:10:02,052 [pool-607-thread-1] INFO  server.RaftServerConfigKeys (ConfUtils.java:logGet(44)) - raft.server.sleep.deviation.threshold = 300 (default)
2020-06-27 13:10:02,052 [pool-607-thread-1] INFO  server.RaftServerConfigKeys (ConfUtils.java:logGet(44)) - raft.server.log.appender.install.snapshot.enabled = false (custom)
2020-06-27 13:10:02,052 [pool-607-thread-1] INFO  impl.RaftServerImpl (ServerState.java:<init>(103)) - 0f19b122-cd9b-47a6-95cf-d36138869577@group-BF331DA8E646: ConfigurationManager, init=-1: [0f19b122-cd9b-47a6-95cf-d36138869577:172.17.0.2:38029], old=null, confs=<EMPTY_MAP>
2020-06-27 13:10:02,052 [pool-607-thread-1] INFO  server.RaftServerConfigKeys (ConfUtils.java:logGet(44)) - raft.server.storage.dir = [/github/workspace/mnt/ozone/hadoop-ozone/integration-test/target/test-dir/MiniOzoneClusterImpl-be392bf5-6f5b-448a-8365-d7ab1effc2dc/datanode-7/data/ratis] (custom)
2020-06-27 13:10:02,052 [pool-607-thread-1] INFO  server.RaftServerConfigKeys (ConfUtils.java:logGet(44)) - raft.server.log.corruption.policy = EXCEPTION (default)
2020-06-27 13:10:02,053 [pool-607-thread-1] INFO  storage.RaftStorageDirectory (RaftStorageDirectory.java:analyzeStorage(261)) - The storage directory /github/workspace/mnt/ozone/hadoop-ozone/integration-test/target/test-dir/MiniOzoneClusterImpl-be392bf5-6f5b-448a-8365-d7ab1effc2dc/datanode-7/data/ratis/ec346239-38d9-42a1-9cdf-bf331da8e646 does not exist. Creating ...
2020-06-27 13:10:02,053 [pool-622-thread-1] INFO  server.RaftServerConfigKeys (ConfUtils.java:logGet(44)) - raft.server.snapshot.auto.trigger.enabled = true (custom)
2020-06-27 13:10:02,053 [pool-622-thread-1] INFO  server.RaftServerConfigKeys (ConfUtils.java:logGet(44)) - raft.server.snapshot.auto.trigger.threshold = 10000 (custom)
2020-06-27 13:10:02,053 [pool-622-thread-1] INFO  server.RaftServerConfigKeys (ConfUtils.java:logGet(44)) - raft.server.snapshot.retention.file.num = 5 (custom)
2020-06-27 13:10:02,053 [pool-622-thread-1] INFO  server.RaftServerConfigKeys (ConfUtils.java:logGet(44)) - raft.server.log.purge.upto.snapshot.index = false (default)
2020-06-27 13:10:02,053 [pool-622-thread-1] INFO  server.RaftServerConfigKeys (ConfUtils.java:logGet(44)) - raft.server.retrycache.expirytime = 600000ms (custom)
2020-06-27 13:10:02,053 [pool-622-thread-1] INFO  metrics.RatisMetrics (RatisMetrics.java:lambda$create$0(36)) - Creating Metrics Registry : ratis.leader_election.0201d36d-1085-4799-9661-b850b2c36954@group-BFDC5685728E
2020-06-27 13:10:02,054 [pool-622-thread-1] INFO  metrics.RatisMetrics (RatisMetrics.java:lambda$create$0(36)) - Creating Metrics Registry : ratis.server.0201d36d-1085-4799-9661-b850b2c36954@group-BFDC5685728E
2020-06-27 13:10:02,056 [pool-622-thread-1] INFO  impl.RaftServerImpl (RaftServerImpl.java:start(186)) - 0201d36d-1085-4799-9661-b850b2c36954@group-BFDC5685728E: start as a follower, conf=-1: [be204a00-db90-4592-9b0e-cef66b76ef3d:172.17.0.2:37437, 0201d36d-1085-4799-9661-b850b2c36954:172.17.0.2:35501, 0f19b122-cd9b-47a6-95cf-d36138869577:172.17.0.2:38029], old=null
2020-06-27 13:10:02,056 [pool-622-thread-1] INFO  impl.RaftServerImpl (RaftServerImpl.java:setRole(175)) - 0201d36d-1085-4799-9661-b850b2c36954@group-BFDC5685728E: changes role from      null to FOLLOWER at term 0 for startAsFollower
2020-06-27 13:10:02,056 [pool-622-thread-1] INFO  impl.RoleInfo (RoleInfo.java:updateAndGet(143)) - 0201d36d-1085-4799-9661-b850b2c36954: start FollowerState
2020-06-27 13:10:02,056 [pool-622-thread-1] INFO  util.JmxRegister (JmxRegister.java:tryRegister(44)) - Successfully registered JMX Bean with object name Ratis:service=RaftServer,group=group-BFDC5685728E,id=0201d36d-1085-4799-9661-b850b2c36954
2020-06-27 13:10:02,056 [pool-622-thread-1] INFO  metrics.RatisMetrics (RatisMetrics.java:lambda$create$0(36)) - Creating Metrics Registry : ratis.state_machine.0201d36d-1085-4799-9661-b850b2c36954@group-BFDC5685728E
2020-06-27 13:10:02,057 [pool-607-thread-1] INFO  storage.RaftStorageDirectory (RaftStorageDirectory.java:tryLock(343)) - Lock on /github/workspace/mnt/ozone/hadoop-ozone/integration-test/target/test-dir/MiniOzoneClusterImpl-be392bf5-6f5b-448a-8365-d7ab1effc2dc/datanode-7/data/ratis/ec346239-38d9-42a1-9cdf-bf331da8e646/in_use.lock acquired by nodename 11346@8c26f3e475a5
2020-06-27 13:10:02,058 [pool-607-thread-1] INFO  storage.RaftStorage (RaftStorage.java:format(84)) - Storage directory /github/workspace/mnt/ozone/hadoop-ozone/integration-test/target/test-dir/MiniOzoneClusterImpl-be392bf5-6f5b-448a-8365-d7ab1effc2dc/datanode-7/data/ratis/ec346239-38d9-42a1-9cdf-bf331da8e646 has been successfully formatted.
2020-06-27 13:10:02,059 [pool-607-thread-1] INFO  ratis.ContainerStateMachine (ContainerStateMachine.java:loadSnapshot(226)) - group-BF331DA8E646: The snapshot info is null. Setting the last applied indexto:(t:0, i:~)
2020-06-27 13:10:02,059 [pool-607-thread-1] INFO  server.RaftServerConfigKeys (ConfUtils.java:logGet(44)) - raft.server.notification.no-leader.timeout = 60s (default)
2020-06-27 13:10:02,059 [pool-607-thread-1] INFO  server.RaftServerConfigKeys (ConfUtils.java:logGet(44)) - raft.server.log.use.memory = false (default)
2020-06-27 13:10:02,059 [pool-607-thread-1] INFO  server.RaftServerConfigKeys (ConfUtils.java:logGet(44)) - raft.server.log.purge.gap = 1000000 (custom)
2020-06-27 13:10:02,059 [pool-607-thread-1] INFO  server.RaftServerConfigKeys (ConfUtils.java:logGet(44)) - raft.server.log.appender.buffer.byte-limit = 33554432 (custom)
2020-06-27 13:10:02,060 [pool-607-thread-1] INFO  server.RaftServerConfigKeys (ConfUtils.java:logGet(44)) - raft.server.log.segment.size.max = 1048576 (custom)
2020-06-27 13:10:02,060 [pool-607-thread-1] INFO  metrics.RatisMetrics (RatisMetrics.java:lambda$create$0(36)) - Creating Metrics Registry : ratis.log_worker.0f19b122-cd9b-47a6-95cf-d36138869577@group-BF331DA8E646
2020-06-27 13:10:02,060 [pool-607-thread-1] INFO  server.RaftServerConfigKeys (ConfUtils.java:logGet(44)) - raft.server.log.segment.cache.num.max = 2 (custom)
2020-06-27 13:10:02,060 [pool-607-thread-1] INFO  segmented.SegmentedRaftLogWorker (SegmentedRaftLogWorker.java:<init>(180)) - new 0f19b122-cd9b-47a6-95cf-d36138869577@group-BF331DA8E646-SegmentedRaftLogWorker for RaftStorage:Storage Directory /github/workspace/mnt/ozone/hadoop-ozone/integration-test/target/test-dir/MiniOzoneClusterImpl-be392bf5-6f5b-448a-8365-d7ab1effc2dc/datanode-7/data/ratis/ec346239-38d9-42a1-9cdf-bf331da8e646
2020-06-27 13:10:02,060 [pool-607-thread-1] INFO  server.RaftServerConfigKeys (ConfUtils.java:logGet(44)) - raft.server.log.queue.byte-limit = 2147483647 (custom)
2020-06-27 13:10:02,060 [pool-607-thread-1] INFO  server.RaftServerConfigKeys (ConfUtils.java:logGet(44)) - raft.server.log.queue.element-limit = 1024 (custom)
2020-06-27 13:10:02,060 [pool-607-thread-1] INFO  server.RaftServerConfigKeys (ConfUtils.java:logGet(44)) - raft.server.log.segment.size.max = 1048576 (custom)
2020-06-27 13:10:02,060 [pool-607-thread-1] INFO  server.RaftServerConfigKeys (ConfUtils.java:logGet(44)) - raft.server.log.preallocated.size = 16384 (custom)
2020-06-27 13:10:02,060 [pool-607-thread-1] INFO  server.RaftServerConfigKeys (ConfUtils.java:logGet(44)) - raft.server.log.write.buffer.size = 1048576 (custom)
2020-06-27 13:10:02,060 [pool-607-thread-1] INFO  server.RaftServerConfigKeys (ConfUtils.java:logGet(44)) - raft.server.log.force.sync.num = 128 (default)
2020-06-27 13:10:02,060 [pool-607-thread-1] INFO  server.RaftServerConfigKeys (ConfUtils.java:logGet(44)) - raft.server.log.statemachine.data.sync = true (default)
2020-06-27 13:10:02,060 [pool-607-thread-1] INFO  server.RaftServerConfigKeys (ConfUtils.java:logGet(44)) - raft.server.log.statemachine.data.sync.timeout = 10s (default)
2020-06-27 13:10:02,061 [pool-607-thread-1] INFO  server.RaftServerConfigKeys (ConfUtils.java:logGet(44)) - raft.server.log.statemachine.data.sync.timeout.retry = -1 (default)
2020-06-27 13:10:02,063 [EventQueue-PipelineReportForPipelineReportHandler] INFO  pipeline.PipelineStateManager (PipelineStateManager.java:openPipeline(131)) - Pipeline Pipeline[ Id: ec346239-38d9-42a1-9cdf-bf331da8e646, Nodes: 0f19b122-cd9b-47a6-95cf-d36138869577{ip: 172.17.0.2, host: 8c26f3e475a5, networkLocation: /default-rack, certSerialId: null}, Type:RATIS, Factor:ONE, State:ALLOCATED, leaderId:0f19b122-cd9b-47a6-95cf-d36138869577, CreationTimestamp2020-06-27T13:09:59.047Z] moved to OPEN state
2020-06-27 13:10:02,063 [EventQueue-OpenPipelineForOneReplicaPipelineSafeModeRule] INFO  safemode.SCMSafeModeManager (SCMSafeModeManager.java:validateSafeModeExitRules(214)) - AtleastOneDatanodeReportedRule rule is successfully validated
2020-06-27 13:10:02,066 [EventQueue-OpenPipelineForHealthyPipelineSafeModeRule] INFO  safemode.SCMSafeModeManager (HealthyPipelineSafeModeRule.java:process(132)) - SCM in safe mode. Healthy pipelines reported count is 0, required healthy pipeline reported count is 1
2020-06-27 13:10:02,067 [pool-607-thread-1] INFO  server.RaftServerConfigKeys (ConfUtils.java:logGet(44)) - raft.server.log.statemachine.data.caching.enabled = true (custom)
2020-06-27 13:10:02,067 [pool-607-thread-1] INFO  segmented.SegmentedRaftLogWorker (SegmentedRaftLogWorker.java:lambda$new$0(129)) - 0f19b122-cd9b-47a6-95cf-d36138869577@group-BF331DA8E646-SegmentedRaftLogWorker: flushIndex: setUnconditionally 0 -> -1
2020-06-27 13:10:02,067 [pool-607-thread-1] INFO  segmented.SegmentedRaftLogWorker (SegmentedRaftLogWorker.java:lambda$new$0(129)) - 0f19b122-cd9b-47a6-95cf-d36138869577@group-BF331DA8E646-SegmentedRaftLogWorker: safeCacheEvictIndex: setUnconditionally 0 -> -1
2020-06-27 13:10:02,070 [pool-607-thread-1] INFO  server.RaftServerConfigKeys (ConfUtils.java:logGet(44)) - raft.server.snapshot.auto.trigger.enabled = true (custom)
2020-06-27 13:10:02,070 [pool-607-thread-1] INFO  server.RaftServerConfigKeys (ConfUtils.java:logGet(44)) - raft.server.snapshot.auto.trigger.threshold = 10000 (custom)
2020-06-27 13:10:02,070 [pool-607-thread-1] INFO  server.RaftServerConfigKeys (ConfUtils.java:logGet(44)) - raft.server.snapshot.retention.file.num = 5 (custom)
2020-06-27 13:10:02,071 [pool-607-thread-1] INFO  server.RaftServerConfigKeys (ConfUtils.java:logGet(44)) - raft.server.log.purge.upto.snapshot.index = false (default)
2020-06-27 13:10:02,071 [pool-607-thread-1] INFO  server.RaftServerConfigKeys (ConfUtils.java:logGet(44)) - raft.server.retrycache.expirytime = 600000ms (custom)
2020-06-27 13:10:02,071 [pool-607-thread-1] INFO  metrics.RatisMetrics (RatisMetrics.java:lambda$create$0(36)) - Creating Metrics Registry : ratis.leader_election.0f19b122-cd9b-47a6-95cf-d36138869577@group-BF331DA8E646
2020-06-27 13:10:02,072 [pool-607-thread-1] INFO  metrics.RatisMetrics (RatisMetrics.java:lambda$create$0(36)) - Creating Metrics Registry : ratis.server.0f19b122-cd9b-47a6-95cf-d36138869577@group-BF331DA8E646
2020-06-27 13:10:02,073 [pool-607-thread-1] INFO  impl.RaftServerImpl (RaftServerImpl.java:start(186)) - 0f19b122-cd9b-47a6-95cf-d36138869577@group-BF331DA8E646: start as a follower, conf=-1: [0f19b122-cd9b-47a6-95cf-d36138869577:172.17.0.2:38029], old=null
2020-06-27 13:10:02,073 [pool-607-thread-1] INFO  impl.RaftServerImpl (RaftServerImpl.java:setRole(175)) - 0f19b122-cd9b-47a6-95cf-d36138869577@group-BF331DA8E646: changes role from      null to FOLLOWER at term 0 for startAsFollower
2020-06-27 13:10:02,075 [pool-607-thread-1] INFO  impl.RoleInfo (RoleInfo.java:updateAndGet(143)) - 0f19b122-cd9b-47a6-95cf-d36138869577: start FollowerState
2020-06-27 13:10:02,080 [pool-607-thread-1] INFO  util.JmxRegister (JmxRegister.java:tryRegister(44)) - Successfully registered JMX Bean with object name Ratis:service=RaftServer,group=group-BF331DA8E646,id=0f19b122-cd9b-47a6-95cf-d36138869577
2020-06-27 13:10:02,080 [pool-607-thread-1] INFO  metrics.RatisMetrics (RatisMetrics.java:lambda$create$0(36)) - Creating Metrics Registry : ratis.state_machine.0f19b122-cd9b-47a6-95cf-d36138869577@group-BF331DA8E646
2020-06-27 13:10:02,082 [grpc-default-executor-9] INFO  impl.RaftServerProxy (RaftServerProxy.java:addNew(89)) - 0f19b122-cd9b-47a6-95cf-d36138869577: addNew group-BFDC5685728E:[be204a00-db90-4592-9b0e-cef66b76ef3d:172.17.0.2:37437, 0201d36d-1085-4799-9661-b850b2c36954:172.17.0.2:35501, 0f19b122-cd9b-47a6-95cf-d36138869577:172.17.0.2:38029] returns group-BFDC5685728E:java.util.concurrent.CompletableFuture@eba52fa[Not completed]
2020-06-27 13:10:02,084 [pool-607-thread-1] INFO  impl.RaftServerImpl (RaftServerImpl.java:<init>(99)) - 0f19b122-cd9b-47a6-95cf-d36138869577: new RaftServerImpl for group-BFDC5685728E:[be204a00-db90-4592-9b0e-cef66b76ef3d:172.17.0.2:37437, 0201d36d-1085-4799-9661-b850b2c36954:172.17.0.2:35501, 0f19b122-cd9b-47a6-95cf-d36138869577:172.17.0.2:38029] with ContainerStateMachine:uninitialized
2020-06-27 13:10:02,084 [pool-607-thread-1] INFO  server.RaftServerConfigKeys (ConfUtils.java:logGet(44)) - raft.server.rpc.timeout.min = 5s (custom)
2020-06-27 13:10:02,084 [pool-607-thread-1] INFO  server.RaftServerConfigKeys (ConfUtils.java:logGet(44)) - raft.server.rpc.timeout.max = 5200ms (custom)
2020-06-27 13:10:02,085 [pool-607-thread-1] INFO  server.RaftServerConfigKeys (ConfUtils.java:logGet(44)) - raft.server.rpcslowness.timeout = 300s (custom)
2020-06-27 13:10:02,085 [pool-607-thread-1] INFO  server.RaftServerConfigKeys (ConfUtils.java:logGet(44)) - raft.server.sleep.deviation.threshold = 300 (default)
2020-06-27 13:10:02,085 [pool-607-thread-1] INFO  server.RaftServerConfigKeys (ConfUtils.java:logGet(44)) - raft.server.log.appender.install.snapshot.enabled = false (custom)
2020-06-27 13:10:02,085 [pool-607-thread-1] INFO  impl.RaftServerImpl (ServerState.java:<init>(103)) - 0f19b122-cd9b-47a6-95cf-d36138869577@group-BFDC5685728E: ConfigurationManager, init=-1: [be204a00-db90-4592-9b0e-cef66b76ef3d:172.17.0.2:37437, 0201d36d-1085-4799-9661-b850b2c36954:172.17.0.2:35501, 0f19b122-cd9b-47a6-95cf-d36138869577:172.17.0.2:38029], old=null, confs=<EMPTY_MAP>
2020-06-27 13:10:02,085 [pool-607-thread-1] INFO  server.RaftServerConfigKeys (ConfUtils.java:logGet(44)) - raft.server.storage.dir = [/github/workspace/mnt/ozone/hadoop-ozone/integration-test/target/test-dir/MiniOzoneClusterImpl-be392bf5-6f5b-448a-8365-d7ab1effc2dc/datanode-7/data/ratis] (custom)
2020-06-27 13:10:02,085 [pool-607-thread-1] INFO  server.RaftServerConfigKeys (ConfUtils.java:logGet(44)) - raft.server.log.corruption.policy = EXCEPTION (default)
2020-06-27 13:10:02,085 [pool-607-thread-1] INFO  storage.RaftStorageDirectory (RaftStorageDirectory.java:analyzeStorage(261)) - The storage directory /github/workspace/mnt/ozone/hadoop-ozone/integration-test/target/test-dir/MiniOzoneClusterImpl-be392bf5-6f5b-448a-8365-d7ab1effc2dc/datanode-7/data/ratis/cf68dc9b-7264-46a4-a71a-bfdc5685728e does not exist. Creating ...
2020-06-27 13:10:02,086 [Command processor thread] INFO  commandhandler.CreatePipelineCommandHandler (CreatePipelineCommandHandler.java:handle(109)) - Created Pipeline RATIS ONE #id: "ec346239-38d9-42a1-9cdf-bf331da8e646"
.
2020-06-27 13:10:02,086 [Command processor thread] ERROR commandhandler.CreatePipelineCommandHandler (CreatePipelineCommandHandler.java:handle(113)) - Can't create pipeline RATIS THREE #id: "cf68dc9b-7264-46a4-a71a-bfdc5685728e"

java.io.IOException: 0f19b122-cd9b-47a6-95cf-d36138869577: Failed to add group-BFDC5685728E:[be204a00-db90-4592-9b0e-cef66b76ef3d:172.17.0.2:37437, 0201d36d-1085-4799-9661-b850b2c36954:172.17.0.2:35501, 0f19b122-cd9b-47a6-95cf-d36138869577:172.17.0.2:38029] since the group already exists in the map.
	at org.apache.hadoop.ozone.container.common.transport.server.ratis.XceiverServerRatis.addGroup(XceiverServerRatis.java:665)
	at org.apache.hadoop.ozone.container.common.statemachine.commandhandler.CreatePipelineCommandHandler.handle(CreatePipelineCommandHandler.java:96)
	at org.apache.hadoop.ozone.container.common.statemachine.commandhandler.CommandDispatcher.handle(CommandDispatcher.java:99)
	at org.apache.hadoop.ozone.container.common.statemachine.DatanodeStateMachine.lambda$initCommandHandlerThread$1(DatanodeStateMachine.java:465)
	at java.lang.Thread.run(Thread.java:748)
Caused by: org.apache.ratis.protocol.AlreadyExistsException: 0f19b122-cd9b-47a6-95cf-d36138869577: Failed to add group-BFDC5685728E:[be204a00-db90-4592-9b0e-cef66b76ef3d:172.17.0.2:37437, 0201d36d-1085-4799-9661-b850b2c36954:172.17.0.2:35501, 0f19b122-cd9b-47a6-95cf-d36138869577:172.17.0.2:38029] since the group already exists in the map.
	at org.apache.ratis.server.impl.RaftServerProxy$ImplMap.addNew(RaftServerProxy.java:83)
	at org.apache.ratis.server.impl.RaftServerProxy.groupAddAsync(RaftServerProxy.java:383)
	at org.apache.ratis.server.impl.RaftServerProxy.groupManagementAsync(RaftServerProxy.java:368)
	at org.apache.ratis.server.impl.RaftServerProxy.groupManagement(RaftServerProxy.java:355)
	at org.apache.hadoop.ozone.container.common.transport.server.ratis.XceiverServerRatis.addGroup(XceiverServerRatis.java:663)
	... 4 more
2020-06-27 13:10:02,088 [pool-607-thread-1] INFO  storage.RaftStorageDirectory (RaftStorageDirectory.java:tryLock(343)) - Lock on /github/workspace/mnt/ozone/hadoop-ozone/integration-test/target/test-dir/MiniOzoneClusterImpl-be392bf5-6f5b-448a-8365-d7ab1effc2dc/datanode-7/data/ratis/cf68dc9b-7264-46a4-a71a-bfdc5685728e/in_use.lock acquired by nodename 11346@8c26f3e475a5
2020-06-27 13:10:02,089 [pool-607-thread-1] INFO  storage.RaftStorage (RaftStorage.java:format(84)) - Storage directory /github/workspace/mnt/ozone/hadoop-ozone/integration-test/target/test-dir/MiniOzoneClusterImpl-be392bf5-6f5b-448a-8365-d7ab1effc2dc/datanode-7/data/ratis/cf68dc9b-7264-46a4-a71a-bfdc5685728e has been successfully formatted.
2020-06-27 13:10:02,090 [pool-607-thread-1] INFO  ratis.ContainerStateMachine (ContainerStateMachine.java:loadSnapshot(226)) - group-BFDC5685728E: The snapshot info is null. Setting the last applied indexto:(t:0, i:~)
2020-06-27 13:10:02,090 [pool-607-thread-1] INFO  server.RaftServerConfigKeys (ConfUtils.java:logGet(44)) - raft.server.notification.no-leader.timeout = 60s (default)
2020-06-27 13:10:02,090 [pool-607-thread-1] INFO  server.RaftServerConfigKeys (ConfUtils.java:logGet(44)) - raft.server.log.use.memory = false (default)
2020-06-27 13:10:02,090 [pool-607-thread-1] INFO  server.RaftServerConfigKeys (ConfUtils.java:logGet(44)) - raft.server.log.purge.gap = 1000000 (custom)
2020-06-27 13:10:02,090 [pool-607-thread-1] INFO  server.RaftServerConfigKeys (ConfUtils.java:logGet(44)) - raft.server.log.appender.buffer.byte-limit = 33554432 (custom)
2020-06-27 13:10:02,090 [pool-607-thread-1] INFO  server.RaftServerConfigKeys (ConfUtils.java:logGet(44)) - raft.server.log.segment.size.max = 1048576 (custom)
2020-06-27 13:10:02,090 [pool-607-thread-1] INFO  metrics.RatisMetrics (RatisMetrics.java:lambda$create$0(36)) - Creating Metrics Registry : ratis.log_worker.0f19b122-cd9b-47a6-95cf-d36138869577@group-BFDC5685728E
2020-06-27 13:10:02,091 [pool-607-thread-1] INFO  server.RaftServerConfigKeys (ConfUtils.java:logGet(44)) - raft.server.log.segment.cache.num.max = 2 (custom)
2020-06-27 13:10:02,091 [pool-607-thread-1] INFO  segmented.SegmentedRaftLogWorker (SegmentedRaftLogWorker.java:<init>(180)) - new 0f19b122-cd9b-47a6-95cf-d36138869577@group-BFDC5685728E-SegmentedRaftLogWorker for RaftStorage:Storage Directory /github/workspace/mnt/ozone/hadoop-ozone/integration-test/target/test-dir/MiniOzoneClusterImpl-be392bf5-6f5b-448a-8365-d7ab1effc2dc/datanode-7/data/ratis/cf68dc9b-7264-46a4-a71a-bfdc5685728e
2020-06-27 13:10:02,091 [pool-607-thread-1] INFO  server.RaftServerConfigKeys (ConfUtils.java:logGet(44)) - raft.server.log.queue.byte-limit = 2147483647 (custom)
2020-06-27 13:10:02,091 [pool-607-thread-1] INFO  server.RaftServerConfigKeys (ConfUtils.java:logGet(44)) - raft.server.log.queue.element-limit = 1024 (custom)
2020-06-27 13:10:02,091 [pool-607-thread-1] INFO  server.RaftServerConfigKeys (ConfUtils.java:logGet(44)) - raft.server.log.segment.size.max = 1048576 (custom)
2020-06-27 13:10:02,091 [pool-607-thread-1] INFO  server.RaftServerConfigKeys (ConfUtils.java:logGet(44)) - raft.server.log.preallocated.size = 16384 (custom)
2020-06-27 13:10:02,091 [pool-607-thread-1] INFO  server.RaftServerConfigKeys (ConfUtils.java:logGet(44)) - raft.server.log.write.buffer.size = 1048576 (custom)
2020-06-27 13:10:02,091 [pool-607-thread-1] INFO  server.RaftServerConfigKeys (ConfUtils.java:logGet(44)) - raft.server.log.force.sync.num = 128 (default)
2020-06-27 13:10:02,091 [pool-607-thread-1] INFO  server.RaftServerConfigKeys (ConfUtils.java:logGet(44)) - raft.server.log.statemachine.data.sync = true (default)
2020-06-27 13:10:02,092 [pool-607-thread-1] INFO  server.RaftServerConfigKeys (ConfUtils.java:logGet(44)) - raft.server.log.statemachine.data.sync.timeout = 10s (default)
2020-06-27 13:10:02,092 [pool-607-thread-1] INFO  server.RaftServerConfigKeys (ConfUtils.java:logGet(44)) - raft.server.log.statemachine.data.sync.timeout.retry = -1 (default)
2020-06-27 13:10:02,094 [pool-607-thread-1] INFO  server.RaftServerConfigKeys (ConfUtils.java:logGet(44)) - raft.server.log.statemachine.data.caching.enabled = true (custom)
2020-06-27 13:10:02,094 [pool-607-thread-1] INFO  segmented.SegmentedRaftLogWorker (SegmentedRaftLogWorker.java:lambda$new$0(129)) - 0f19b122-cd9b-47a6-95cf-d36138869577@group-BFDC5685728E-SegmentedRaftLogWorker: flushIndex: setUnconditionally 0 -> -1
2020-06-27 13:10:02,094 [pool-607-thread-1] INFO  segmented.SegmentedRaftLogWorker (SegmentedRaftLogWorker.java:lambda$new$0(129)) - 0f19b122-cd9b-47a6-95cf-d36138869577@group-BFDC5685728E-SegmentedRaftLogWorker: safeCacheEvictIndex: setUnconditionally 0 -> -1
2020-06-27 13:10:02,094 [pool-607-thread-1] INFO  server.RaftServerConfigKeys (ConfUtils.java:logGet(44)) - raft.server.snapshot.auto.trigger.enabled = true (custom)
2020-06-27 13:10:02,095 [pool-607-thread-1] INFO  server.RaftServerConfigKeys (ConfUtils.java:logGet(44)) - raft.server.snapshot.auto.trigger.threshold = 10000 (custom)
2020-06-27 13:10:02,095 [pool-607-thread-1] INFO  server.RaftServerConfigKeys (ConfUtils.java:logGet(44)) - raft.server.snapshot.retention.file.num = 5 (custom)
2020-06-27 13:10:02,095 [pool-607-thread-1] INFO  server.RaftServerConfigKeys (ConfUtils.java:logGet(44)) - raft.server.log.purge.upto.snapshot.index = false (default)
2020-06-27 13:10:02,095 [pool-607-thread-1] INFO  server.RaftServerConfigKeys (ConfUtils.java:logGet(44)) - raft.server.retrycache.expirytime = 600000ms (custom)
2020-06-27 13:10:02,095 [pool-607-thread-1] INFO  metrics.RatisMetrics (RatisMetrics.java:lambda$create$0(36)) - Creating Metrics Registry : ratis.leader_election.0f19b122-cd9b-47a6-95cf-d36138869577@group-BFDC5685728E
2020-06-27 13:10:02,095 [pool-607-thread-1] INFO  metrics.RatisMetrics (RatisMetrics.java:lambda$create$0(36)) - Creating Metrics Registry : ratis.server.0f19b122-cd9b-47a6-95cf-d36138869577@group-BFDC5685728E
2020-06-27 13:10:02,097 [pool-607-thread-1] INFO  impl.RaftServerImpl (RaftServerImpl.java:start(186)) - 0f19b122-cd9b-47a6-95cf-d36138869577@group-BFDC5685728E: start as a follower, conf=-1: [be204a00-db90-4592-9b0e-cef66b76ef3d:172.17.0.2:37437, 0201d36d-1085-4799-9661-b850b2c36954:172.17.0.2:35501, 0f19b122-cd9b-47a6-95cf-d36138869577:172.17.0.2:38029], old=null
2020-06-27 13:10:02,097 [pool-607-thread-1] INFO  impl.RaftServerImpl (RaftServerImpl.java:setRole(175)) - 0f19b122-cd9b-47a6-95cf-d36138869577@group-BFDC5685728E: changes role from      null to FOLLOWER at term 0 for startAsFollower
2020-06-27 13:10:02,097 [pool-607-thread-1] INFO  impl.RoleInfo (RoleInfo.java:updateAndGet(143)) - 0f19b122-cd9b-47a6-95cf-d36138869577: start FollowerState
2020-06-27 13:10:02,097 [pool-607-thread-1] INFO  util.JmxRegister (JmxRegister.java:tryRegister(44)) - Successfully registered JMX Bean with object name Ratis:service=RaftServer,group=group-BFDC5685728E,id=0f19b122-cd9b-47a6-95cf-d36138869577
2020-06-27 13:10:02,097 [pool-607-thread-1] INFO  metrics.RatisMetrics (RatisMetrics.java:lambda$create$0(36)) - Creating Metrics Registry : ratis.state_machine.0f19b122-cd9b-47a6-95cf-d36138869577@group-BFDC5685728E
2020-06-27 13:10:02,098 [Command processor thread] INFO  impl.RaftServerProxy (RaftServerProxy.java:addNew(89)) - 0201d36d-1085-4799-9661-b850b2c36954: addNew group-2BFFC7BAEC8E:[0201d36d-1085-4799-9661-b850b2c36954:172.17.0.2:35501] returns group-2BFFC7BAEC8E:java.util.concurrent.CompletableFuture@12f72af1[Not completed]
2020-06-27 13:10:02,098 [pool-622-thread-1] INFO  impl.RaftServerImpl (RaftServerImpl.java:<init>(99)) - 0201d36d-1085-4799-9661-b850b2c36954: new RaftServerImpl for group-2BFFC7BAEC8E:[0201d36d-1085-4799-9661-b850b2c36954:172.17.0.2:35501] with ContainerStateMachine:uninitialized
2020-06-27 13:10:02,098 [pool-622-thread-1] INFO  server.RaftServerConfigKeys (ConfUtils.java:logGet(44)) - raft.server.rpc.timeout.min = 5s (custom)
2020-06-27 13:10:02,098 [pool-622-thread-1] INFO  server.RaftServerConfigKeys (ConfUtils.java:logGet(44)) - raft.server.rpc.timeout.max = 5200ms (custom)
2020-06-27 13:10:02,098 [pool-622-thread-1] INFO  server.RaftServerConfigKeys (ConfUtils.java:logGet(44)) - raft.server.rpcslowness.timeout = 300s (custom)
2020-06-27 13:10:02,098 [pool-622-thread-1] INFO  server.RaftServerConfigKeys (ConfUtils.java:logGet(44)) - raft.server.sleep.deviation.threshold = 300 (default)
2020-06-27 13:10:02,099 [pool-622-thread-1] INFO  server.RaftServerConfigKeys (ConfUtils.java:logGet(44)) - raft.server.log.appender.install.snapshot.enabled = false (custom)
2020-06-27 13:10:02,099 [pool-622-thread-1] INFO  impl.RaftServerImpl (ServerState.java:<init>(103)) - 0201d36d-1085-4799-9661-b850b2c36954@group-2BFFC7BAEC8E: ConfigurationManager, init=-1: [0201d36d-1085-4799-9661-b850b2c36954:172.17.0.2:35501], old=null, confs=<EMPTY_MAP>
2020-06-27 13:10:02,099 [pool-622-thread-1] INFO  server.RaftServerConfigKeys (ConfUtils.java:logGet(44)) - raft.server.storage.dir = [/github/workspace/mnt/ozone/hadoop-ozone/integration-test/target/test-dir/MiniOzoneClusterImpl-be392bf5-6f5b-448a-8365-d7ab1effc2dc/datanode-8/data/ratis] (custom)
2020-06-27 13:10:02,099 [pool-622-thread-1] INFO  server.RaftServerConfigKeys (ConfUtils.java:logGet(44)) - raft.server.log.corruption.policy = EXCEPTION (default)
2020-06-27 13:10:02,099 [pool-622-thread-1] INFO  storage.RaftStorageDirectory (RaftStorageDirectory.java:analyzeStorage(261)) - The storage directory /github/workspace/mnt/ozone/hadoop-ozone/integration-test/target/test-dir/MiniOzoneClusterImpl-be392bf5-6f5b-448a-8365-d7ab1effc2dc/datanode-8/data/ratis/50bf4990-92b3-4c2e-9c59-2bffc7baec8e does not exist. Creating ...
2020-06-27 13:10:02,100 [pool-622-thread-1] INFO  storage.RaftStorageDirectory (RaftStorageDirectory.java:tryLock(343)) - Lock on /github/workspace/mnt/ozone/hadoop-ozone/integration-test/target/test-dir/MiniOzoneClusterImpl-be392bf5-6f5b-448a-8365-d7ab1effc2dc/datanode-8/data/ratis/50bf4990-92b3-4c2e-9c59-2bffc7baec8e/in_use.lock acquired by nodename 11346@8c26f3e475a5
2020-06-27 13:10:02,102 [Listener at 127.0.0.1/42033] INFO  ozone.MiniOzoneClusterImpl (MiniOzoneClusterImpl.java:lambda$waitForClusterToBeReady$0(177)) - Nodes are ready. Got 9 of 9 DN Heartbeats.
2020-06-27 13:10:02,102 [Listener at 127.0.0.1/42033] INFO  ozone.MiniOzoneClusterImpl (MiniOzoneClusterImpl.java:lambda$waitForClusterToBeReady$0(180)) - Waiting for cluster to exit safe mode
2020-06-27 13:10:02,102 [pool-622-thread-1] INFO  storage.RaftStorage (RaftStorage.java:format(84)) - Storage directory /github/workspace/mnt/ozone/hadoop-ozone/integration-test/target/test-dir/MiniOzoneClusterImpl-be392bf5-6f5b-448a-8365-d7ab1effc2dc/datanode-8/data/ratis/50bf4990-92b3-4c2e-9c59-2bffc7baec8e has been successfully formatted.
2020-06-27 13:10:02,102 [pool-622-thread-1] INFO  ratis.ContainerStateMachine (ContainerStateMachine.java:loadSnapshot(226)) - group-2BFFC7BAEC8E: The snapshot info is null. Setting the last applied indexto:(t:0, i:~)
2020-06-27 13:10:02,102 [pool-622-thread-1] INFO  server.RaftServerConfigKeys (ConfUtils.java:logGet(44)) - raft.server.notification.no-leader.timeout = 60s (default)
2020-06-27 13:10:02,102 [pool-622-thread-1] INFO  server.RaftServerConfigKeys (ConfUtils.java:logGet(44)) - raft.server.log.use.memory = false (default)
2020-06-27 13:10:02,103 [pool-622-thread-1] INFO  server.RaftServerConfigKeys (ConfUtils.java:logGet(44)) - raft.server.log.purge.gap = 1000000 (custom)
2020-06-27 13:10:02,103 [pool-622-thread-1] INFO  server.RaftServerConfigKeys (ConfUtils.java:logGet(44)) - raft.server.log.appender.buffer.byte-limit = 33554432 (custom)
2020-06-27 13:10:02,103 [pool-622-thread-1] INFO  server.RaftServerConfigKeys (ConfUtils.java:logGet(44)) - raft.server.log.segment.size.max = 1048576 (custom)
2020-06-27 13:10:02,103 [pool-622-thread-1] INFO  metrics.RatisMetrics (RatisMetrics.java:lambda$create$0(36)) - Creating Metrics Registry : ratis.log_worker.0201d36d-1085-4799-9661-b850b2c36954@group-2BFFC7BAEC8E
2020-06-27 13:10:02,103 [Command processor thread] INFO  commandhandler.CreatePipelineCommandHandler (CreatePipelineCommandHandler.java:handle(109)) - Created Pipeline RATIS THREE #id: "cf68dc9b-7264-46a4-a71a-bfdc5685728e"
.
2020-06-27 13:10:02,103 [pool-622-thread-1] INFO  server.RaftServerConfigKeys (ConfUtils.java:logGet(44)) - raft.server.log.segment.cache.num.max = 2 (custom)
2020-06-27 13:10:02,104 [pool-622-thread-1] INFO  segmented.SegmentedRaftLogWorker (SegmentedRaftLogWorker.java:<init>(180)) - new 0201d36d-1085-4799-9661-b850b2c36954@group-2BFFC7BAEC8E-SegmentedRaftLogWorker for RaftStorage:Storage Directory /github/workspace/mnt/ozone/hadoop-ozone/integration-test/target/test-dir/MiniOzoneClusterImpl-be392bf5-6f5b-448a-8365-d7ab1effc2dc/datanode-8/data/ratis/50bf4990-92b3-4c2e-9c59-2bffc7baec8e
2020-06-27 13:10:02,104 [pool-622-thread-1] INFO  server.RaftServerConfigKeys (ConfUtils.java:logGet(44)) - raft.server.log.queue.byte-limit = 2147483647 (custom)
2020-06-27 13:10:02,104 [pool-622-thread-1] INFO  server.RaftServerConfigKeys (ConfUtils.java:logGet(44)) - raft.server.log.queue.element-limit = 1024 (custom)
2020-06-27 13:10:02,104 [pool-622-thread-1] INFO  server.RaftServerConfigKeys (ConfUtils.java:logGet(44)) - raft.server.log.segment.size.max = 1048576 (custom)
2020-06-27 13:10:02,104 [pool-622-thread-1] INFO  server.RaftServerConfigKeys (ConfUtils.java:logGet(44)) - raft.server.log.preallocated.size = 16384 (custom)
2020-06-27 13:10:02,104 [pool-622-thread-1] INFO  server.RaftServerConfigKeys (ConfUtils.java:logGet(44)) - raft.server.log.write.buffer.size = 1048576 (custom)
2020-06-27 13:10:02,104 [pool-622-thread-1] INFO  server.RaftServerConfigKeys (ConfUtils.java:logGet(44)) - raft.server.log.force.sync.num = 128 (default)
2020-06-27 13:10:02,104 [pool-622-thread-1] INFO  server.RaftServerConfigKeys (ConfUtils.java:logGet(44)) - raft.server.log.statemachine.data.sync = true (default)
2020-06-27 13:10:02,104 [pool-622-thread-1] INFO  server.RaftServerConfigKeys (ConfUtils.java:logGet(44)) - raft.server.log.statemachine.data.sync.timeout = 10s (default)
2020-06-27 13:10:02,104 [pool-622-thread-1] INFO  server.RaftServerConfigKeys (ConfUtils.java:logGet(44)) - raft.server.log.statemachine.data.sync.timeout.retry = -1 (default)
2020-06-27 13:10:02,107 [EventQueue-PipelineReportForPipelineReportHandler] INFO  pipeline.PipelineStateManager (PipelineStateManager.java:openPipeline(131)) - Pipeline Pipeline[ Id: 50bf4990-92b3-4c2e-9c59-2bffc7baec8e, Nodes: 0201d36d-1085-4799-9661-b850b2c36954{ip: 172.17.0.2, host: 8c26f3e475a5, networkLocation: /default-rack, certSerialId: null}, Type:RATIS, Factor:ONE, State:ALLOCATED, leaderId:0201d36d-1085-4799-9661-b850b2c36954, CreationTimestamp2020-06-27T13:09:59.100Z] moved to OPEN state
2020-06-27 13:10:02,107 [EventQueue-OpenPipelineForOneReplicaPipelineSafeModeRule] INFO  safemode.SCMSafeModeManager (SCMSafeModeManager.java:validateSafeModeExitRules(214)) - AtleastOneDatanodeReportedRule rule is successfully validated
2020-06-27 13:10:02,107 [EventQueue-OpenPipelineForHealthyPipelineSafeModeRule] INFO  safemode.SCMSafeModeManager (HealthyPipelineSafeModeRule.java:process(132)) - SCM in safe mode. Healthy pipelines reported count is 0, required healthy pipeline reported count is 1
2020-06-27 13:10:02,108 [pool-622-thread-1] INFO  server.RaftServerConfigKeys (ConfUtils.java:logGet(44)) - raft.server.log.statemachine.data.caching.enabled = true (custom)
2020-06-27 13:10:02,108 [pool-622-thread-1] INFO  segmented.SegmentedRaftLogWorker (SegmentedRaftLogWorker.java:lambda$new$0(129)) - 0201d36d-1085-4799-9661-b850b2c36954@group-2BFFC7BAEC8E-SegmentedRaftLogWorker: flushIndex: setUnconditionally 0 -> -1
2020-06-27 13:10:02,108 [pool-622-thread-1] INFO  segmented.SegmentedRaftLogWorker (SegmentedRaftLogWorker.java:lambda$new$0(129)) - 0201d36d-1085-4799-9661-b850b2c36954@group-2BFFC7BAEC8E-SegmentedRaftLogWorker: safeCacheEvictIndex: setUnconditionally 0 -> -1
2020-06-27 13:10:02,108 [pool-622-thread-1] INFO  server.RaftServerConfigKeys (ConfUtils.java:logGet(44)) - raft.server.snapshot.auto.trigger.enabled = true (custom)
2020-06-27 13:10:02,108 [pool-622-thread-1] INFO  server.RaftServerConfigKeys (ConfUtils.java:logGet(44)) - raft.server.snapshot.auto.trigger.threshold = 10000 (custom)
2020-06-27 13:10:02,108 [pool-622-thread-1] INFO  server.RaftServerConfigKeys (ConfUtils.java:logGet(44)) - raft.server.snapshot.retention.file.num = 5 (custom)
2020-06-27 13:10:02,108 [pool-622-thread-1] INFO  server.RaftServerConfigKeys (ConfUtils.java:logGet(44)) - raft.server.log.purge.upto.snapshot.index = false (default)
2020-06-27 13:10:02,108 [pool-622-thread-1] INFO  server.RaftServerConfigKeys (ConfUtils.java:logGet(44)) - raft.server.retrycache.expirytime = 600000ms (custom)
2020-06-27 13:10:02,108 [pool-622-thread-1] INFO  metrics.RatisMetrics (RatisMetrics.java:lambda$create$0(36)) - Creating Metrics Registry : ratis.leader_election.0201d36d-1085-4799-9661-b850b2c36954@group-2BFFC7BAEC8E
2020-06-27 13:10:02,109 [pool-622-thread-1] INFO  metrics.RatisMetrics (RatisMetrics.java:lambda$create$0(36)) - Creating Metrics Registry : ratis.server.0201d36d-1085-4799-9661-b850b2c36954@group-2BFFC7BAEC8E
2020-06-27 13:10:02,110 [pool-622-thread-1] INFO  impl.RaftServerImpl (RaftServerImpl.java:start(186)) - 0201d36d-1085-4799-9661-b850b2c36954@group-2BFFC7BAEC8E: start as a follower, conf=-1: [0201d36d-1085-4799-9661-b850b2c36954:172.17.0.2:35501], old=null
2020-06-27 13:10:02,110 [pool-622-thread-1] INFO  impl.RaftServerImpl (RaftServerImpl.java:setRole(175)) - 0201d36d-1085-4799-9661-b850b2c36954@group-2BFFC7BAEC8E: changes role from      null to FOLLOWER at term 0 for startAsFollower
2020-06-27 13:10:02,111 [pool-622-thread-1] INFO  impl.RoleInfo (RoleInfo.java:updateAndGet(143)) - 0201d36d-1085-4799-9661-b850b2c36954: start FollowerState
2020-06-27 13:10:02,111 [pool-622-thread-1] INFO  util.JmxRegister (JmxRegister.java:tryRegister(44)) - Successfully registered JMX Bean with object name Ratis:service=RaftServer,group=group-2BFFC7BAEC8E,id=0201d36d-1085-4799-9661-b850b2c36954
2020-06-27 13:10:02,111 [pool-622-thread-1] INFO  metrics.RatisMetrics (RatisMetrics.java:lambda$create$0(36)) - Creating Metrics Registry : ratis.state_machine.0201d36d-1085-4799-9661-b850b2c36954@group-2BFFC7BAEC8E
2020-06-27 13:10:02,112 [Command processor thread] INFO  commandhandler.CreatePipelineCommandHandler (CreatePipelineCommandHandler.java:handle(109)) - Created Pipeline RATIS ONE #id: "50bf4990-92b3-4c2e-9c59-2bffc7baec8e"
.
2020-06-27 13:10:03,102 [Listener at 127.0.0.1/42033] INFO  ozone.MiniOzoneClusterImpl (MiniOzoneClusterImpl.java:lambda$waitForClusterToBeReady$0(177)) - Nodes are ready. Got 9 of 9 DN Heartbeats.
2020-06-27 13:10:03,103 [Listener at 127.0.0.1/42033] INFO  ozone.MiniOzoneClusterImpl (MiniOzoneClusterImpl.java:lambda$waitForClusterToBeReady$0(180)) - Waiting for cluster to exit safe mode
2020-06-27 13:10:04,103 [Listener at 127.0.0.1/42033] INFO  ozone.MiniOzoneClusterImpl (MiniOzoneClusterImpl.java:lambda$waitForClusterToBeReady$0(177)) - Nodes are ready. Got 9 of 9 DN Heartbeats.
2020-06-27 13:10:04,104 [Listener at 127.0.0.1/42033] INFO  ozone.MiniOzoneClusterImpl (MiniOzoneClusterImpl.java:lambda$waitForClusterToBeReady$0(180)) - Waiting for cluster to exit safe mode
2020-06-27 13:10:05,104 [Listener at 127.0.0.1/42033] INFO  ozone.MiniOzoneClusterImpl (MiniOzoneClusterImpl.java:lambda$waitForClusterToBeReady$0(177)) - Nodes are ready. Got 9 of 9 DN Heartbeats.
2020-06-27 13:10:05,104 [Listener at 127.0.0.1/42033] INFO  ozone.MiniOzoneClusterImpl (MiniOzoneClusterImpl.java:lambda$waitForClusterToBeReady$0(180)) - Waiting for cluster to exit safe mode
2020-06-27 13:10:06,104 [Listener at 127.0.0.1/42033] INFO  ozone.MiniOzoneClusterImpl (MiniOzoneClusterImpl.java:lambda$waitForClusterToBeReady$0(177)) - Nodes are ready. Got 9 of 9 DN Heartbeats.
2020-06-27 13:10:06,106 [Listener at 127.0.0.1/42033] INFO  ozone.MiniOzoneClusterImpl (MiniOzoneClusterImpl.java:lambda$waitForClusterToBeReady$0(180)) - Waiting for cluster to exit safe mode
2020-06-27 13:10:06,611 [Thread-1737] INFO  impl.FollowerState (FollowerState.java:run(108)) - a2bafefd-dd5c-4b30-b732-4244b0e7007a@group-793DCA219D68-FollowerState: change to CANDIDATE, lastRpcTime:5030ms, electionTimeout:5029ms
2020-06-27 13:10:06,611 [Thread-1737] INFO  impl.RoleInfo (RoleInfo.java:shutdownFollowerState(121)) - a2bafefd-dd5c-4b30-b732-4244b0e7007a: shutdown FollowerState
2020-06-27 13:10:06,612 [Thread-1737] INFO  impl.RaftServerImpl (RaftServerImpl.java:setRole(175)) - a2bafefd-dd5c-4b30-b732-4244b0e7007a@group-793DCA219D68: changes role from  FOLLOWER to CANDIDATE at term 0 for changeToCandidate
2020-06-27 13:10:06,612 [Thread-1737] INFO  impl.RoleInfo (RoleInfo.java:updateAndGet(143)) - a2bafefd-dd5c-4b30-b732-4244b0e7007a: start LeaderElection
2020-06-27 13:10:06,619 [a2bafefd-dd5c-4b30-b732-4244b0e7007a@group-793DCA219D68-LeaderElection55] INFO  impl.LeaderElection (LeaderElection.java:askForVotes(206)) - a2bafefd-dd5c-4b30-b732-4244b0e7007a@group-793DCA219D68-LeaderElection55: begin an election at term 1 for -1: [a2bafefd-dd5c-4b30-b732-4244b0e7007a:172.17.0.2:39063], old=null
2020-06-27 13:10:06,619 [a2bafefd-dd5c-4b30-b732-4244b0e7007a@group-793DCA219D68-LeaderElection55] INFO  impl.RoleInfo (RoleInfo.java:shutdownLeaderElection(134)) - a2bafefd-dd5c-4b30-b732-4244b0e7007a: shutdown LeaderElection
2020-06-27 13:10:06,619 [a2bafefd-dd5c-4b30-b732-4244b0e7007a@group-793DCA219D68-LeaderElection55] INFO  impl.RaftServerImpl (RaftServerImpl.java:setRole(175)) - a2bafefd-dd5c-4b30-b732-4244b0e7007a@group-793DCA219D68: changes role from CANDIDATE to LEADER at term 1 for changeToLeader
2020-06-27 13:10:06,619 [a2bafefd-dd5c-4b30-b732-4244b0e7007a@group-793DCA219D68-LeaderElection55] INFO  ratis.XceiverServerRatis (XceiverServerRatis.java:handleLeaderChangedNotification(762)) - Leader change notification received for group: group-793DCA219D68 with new leaderId: a2bafefd-dd5c-4b30-b732-4244b0e7007a
2020-06-27 13:10:06,619 [a2bafefd-dd5c-4b30-b732-4244b0e7007a@group-793DCA219D68-LeaderElection55] INFO  impl.RaftServerImpl (ServerState.java:setLeader(255)) - a2bafefd-dd5c-4b30-b732-4244b0e7007a@group-793DCA219D68: change Leader from null to a2bafefd-dd5c-4b30-b732-4244b0e7007a at term 1 for becomeLeader, leader elected after 5049ms
2020-06-27 13:10:06,621 [a2bafefd-dd5c-4b30-b732-4244b0e7007a@group-793DCA219D68-LeaderElection55] INFO  server.RaftServerConfigKeys (ConfUtils.java:logGet(44)) - raft.server.staging.catchup.gap = 1000 (default)
2020-06-27 13:10:06,621 [a2bafefd-dd5c-4b30-b732-4244b0e7007a@group-793DCA219D68-LeaderElection55] INFO  server.RaftServerConfigKeys (ConfUtils.java:logGet(44)) - raft.server.rpc.sleep.time = 25ms (default)
2020-06-27 13:10:06,621 [a2bafefd-dd5c-4b30-b732-4244b0e7007a@group-793DCA219D68-LeaderElection55] INFO  metrics.RatisMetrics (RatisMetrics.java:lambda$create$0(36)) - Creating Metrics Registry : ratis.log_appender.a2bafefd-dd5c-4b30-b732-4244b0e7007a@group-793DCA219D68
2020-06-27 13:10:06,622 [a2bafefd-dd5c-4b30-b732-4244b0e7007a@group-793DCA219D68-LeaderElection55] INFO  server.RaftServerConfigKeys (ConfUtils.java:logGet(44)) - raft.server.write.element-limit = 1024 (custom)
2020-06-27 13:10:06,622 [a2bafefd-dd5c-4b30-b732-4244b0e7007a@group-793DCA219D68-LeaderElection55] INFO  server.RaftServerConfigKeys (ConfUtils.java:logGet(44)) - raft.server.write.byte-limit = 1073741824 (custom)
2020-06-27 13:10:06,622 [a2bafefd-dd5c-4b30-b732-4244b0e7007a@group-793DCA219D68-LeaderElection55] INFO  server.RaftServerConfigKeys (ConfUtils.java:logGet(44)) - raft.server.watch.timeout = 3s (custom)
2020-06-27 13:10:06,623 [a2bafefd-dd5c-4b30-b732-4244b0e7007a@group-793DCA219D68-LeaderElection55] INFO  server.RaftServerConfigKeys (ConfUtils.java:logGet(44)) - raft.server.watch.timeout.denomination = 1s (default)
2020-06-27 13:10:06,623 [a2bafefd-dd5c-4b30-b732-4244b0e7007a@group-793DCA219D68-LeaderElection55] INFO  server.RaftServerConfigKeys (ConfUtils.java:logGet(44)) - raft.server.watch.element-limit = 65536 (default)
2020-06-27 13:10:06,623 [a2bafefd-dd5c-4b30-b732-4244b0e7007a@group-793DCA219D68-LeaderElection55] INFO  impl.RoleInfo (RoleInfo.java:updateAndGet(143)) - a2bafefd-dd5c-4b30-b732-4244b0e7007a: start LeaderState
2020-06-27 13:10:06,623 [a2bafefd-dd5c-4b30-b732-4244b0e7007a@group-793DCA219D68-LeaderElection55] INFO  segmented.SegmentedRaftLogWorker (SegmentedRaftLogWorker.java:startLogSegment(397)) - a2bafefd-dd5c-4b30-b732-4244b0e7007a@group-793DCA219D68-SegmentedRaftLogWorker: Starting segment from index:0
2020-06-27 13:10:06,625 [a2bafefd-dd5c-4b30-b732-4244b0e7007a@group-793DCA219D68-SegmentedRaftLogWorker] INFO  segmented.SegmentedRaftLogWorker (SegmentedRaftLogWorker.java:execute(596)) - a2bafefd-dd5c-4b30-b732-4244b0e7007a@group-793DCA219D68-SegmentedRaftLogWorker: created new log segment /github/workspace/mnt/ozone/hadoop-ozone/integration-test/target/test-dir/MiniOzoneClusterImpl-be392bf5-6f5b-448a-8365-d7ab1effc2dc/datanode-0/data/ratis/130ec2aa-8901-4bad-83d2-793dca219d68/current/log_inprogress_0
2020-06-27 13:10:06,626 [a2bafefd-dd5c-4b30-b732-4244b0e7007a@group-793DCA219D68-LeaderElection55] INFO  impl.RaftServerImpl (ServerState.java:setRaftConf(356)) - a2bafefd-dd5c-4b30-b732-4244b0e7007a@group-793DCA219D68: set configuration 0: [a2bafefd-dd5c-4b30-b732-4244b0e7007a:172.17.0.2:39063], old=null at 0
2020-06-27 13:10:06,750 [Thread-1739] INFO  impl.FollowerState (FollowerState.java:run(108)) - a2bafefd-dd5c-4b30-b732-4244b0e7007a@group-8E324B84697D-FollowerState: change to CANDIDATE, lastRpcTime:5140ms, electionTimeout:5139ms
2020-06-27 13:10:06,750 [Thread-1739] INFO  impl.RoleInfo (RoleInfo.java:shutdownFollowerState(121)) - a2bafefd-dd5c-4b30-b732-4244b0e7007a: shutdown FollowerState
2020-06-27 13:10:06,750 [Thread-1739] INFO  impl.RaftServerImpl (RaftServerImpl.java:setRole(175)) - a2bafefd-dd5c-4b30-b732-4244b0e7007a@group-8E324B84697D: changes role from  FOLLOWER to CANDIDATE at term 0 for changeToCandidate
2020-06-27 13:10:06,750 [Thread-1739] INFO  impl.RoleInfo (RoleInfo.java:updateAndGet(143)) - a2bafefd-dd5c-4b30-b732-4244b0e7007a: start LeaderElection
2020-06-27 13:10:06,754 [a2bafefd-dd5c-4b30-b732-4244b0e7007a@group-8E324B84697D-LeaderElection56] INFO  impl.LeaderElection (LeaderElection.java:askForVotes(206)) - a2bafefd-dd5c-4b30-b732-4244b0e7007a@group-8E324B84697D-LeaderElection56: begin an election at term 1 for -1: [a2bafefd-dd5c-4b30-b732-4244b0e7007a:172.17.0.2:39063, f0f3ddfc-f4e8-4f2e-975c-cdf5158be850:172.17.0.2:41819, 01d5352d-883b-4a7a-89e4-dfaba3730f16:172.17.0.2:45929], old=null
2020-06-27 13:10:06,759 [Thread-1745] INFO  impl.FollowerState (FollowerState.java:run(108)) - 01d5352d-883b-4a7a-89e4-dfaba3730f16@group-8E324B84697D-FollowerState: change to CANDIDATE, lastRpcTime:5089ms, electionTimeout:5088ms
2020-06-27 13:10:06,765 [Thread-1745] INFO  impl.RoleInfo (RoleInfo.java:shutdownFollowerState(121)) - 01d5352d-883b-4a7a-89e4-dfaba3730f16: shutdown FollowerState
2020-06-27 13:10:06,765 [Thread-1745] INFO  impl.RaftServerImpl (RaftServerImpl.java:setRole(175)) - 01d5352d-883b-4a7a-89e4-dfaba3730f16@group-8E324B84697D: changes role from  FOLLOWER to CANDIDATE at term 0 for changeToCandidate
2020-06-27 13:10:06,766 [Thread-1745] INFO  impl.RoleInfo (RoleInfo.java:updateAndGet(143)) - 01d5352d-883b-4a7a-89e4-dfaba3730f16: start LeaderElection
2020-06-27 13:10:06,766 [Thread-1743] INFO  impl.FollowerState (FollowerState.java:run(108)) - f0f3ddfc-f4e8-4f2e-975c-cdf5158be850@group-8E324B84697D-FollowerState: change to CANDIDATE, lastRpcTime:5105ms, electionTimeout:5099ms
2020-06-27 13:10:06,766 [Thread-1743] INFO  impl.RoleInfo (RoleInfo.java:shutdownFollowerState(121)) - f0f3ddfc-f4e8-4f2e-975c-cdf5158be850: shutdown FollowerState
2020-06-27 13:10:06,766 [Thread-1743] INFO  impl.RaftServerImpl (RaftServerImpl.java:setRole(175)) - f0f3ddfc-f4e8-4f2e-975c-cdf5158be850@group-8E324B84697D: changes role from  FOLLOWER to CANDIDATE at term 0 for changeToCandidate
2020-06-27 13:10:06,771 [Thread-1743] INFO  impl.RoleInfo (RoleInfo.java:updateAndGet(143)) - f0f3ddfc-f4e8-4f2e-975c-cdf5158be850: start LeaderElection
2020-06-27 13:10:06,772 [grpc-default-executor-9] DEBUG impl.RaftServerImpl (RaftServerImpl.java:requestVote(821)) - f0f3ddfc-f4e8-4f2e-975c-cdf5158be850@group-8E324B84697D: receive requestVote(a2bafefd-dd5c-4b30-b732-4244b0e7007a, group-8E324B84697D, 1, (t:0, i:0))
2020-06-27 13:10:06,775 [grpc-default-executor-9] INFO  impl.RaftServerImpl (RaftServerImpl.java:setRole(175)) - f0f3ddfc-f4e8-4f2e-975c-cdf5158be850@group-8E324B84697D: changes role from CANDIDATE to FOLLOWER at term 1 for recognizeCandidate:a2bafefd-dd5c-4b30-b732-4244b0e7007a
2020-06-27 13:10:06,775 [grpc-default-executor-9] INFO  impl.RoleInfo (RoleInfo.java:shutdownLeaderElection(134)) - f0f3ddfc-f4e8-4f2e-975c-cdf5158be850: shutdown LeaderElection
2020-06-27 13:10:06,775 [grpc-default-executor-9] INFO  impl.RoleInfo (RoleInfo.java:updateAndGet(143)) - f0f3ddfc-f4e8-4f2e-975c-cdf5158be850: start FollowerState
2020-06-27 13:10:06,775 [grpc-default-executor-8] DEBUG impl.RaftServerImpl (RaftServerImpl.java:requestVote(821)) - 01d5352d-883b-4a7a-89e4-dfaba3730f16@group-8E324B84697D: receive requestVote(a2bafefd-dd5c-4b30-b732-4244b0e7007a, group-8E324B84697D, 1, (t:0, i:0))
2020-06-27 13:10:06,783 [grpc-default-executor-8] INFO  impl.RaftServerImpl (RaftServerImpl.java:setRole(175)) - 01d5352d-883b-4a7a-89e4-dfaba3730f16@group-8E324B84697D: changes role from CANDIDATE to FOLLOWER at term 1 for recognizeCandidate:a2bafefd-dd5c-4b30-b732-4244b0e7007a
2020-06-27 13:10:06,783 [grpc-default-executor-8] INFO  impl.RoleInfo (RoleInfo.java:shutdownLeaderElection(134)) - 01d5352d-883b-4a7a-89e4-dfaba3730f16: shutdown LeaderElection
2020-06-27 13:10:06,783 [grpc-default-executor-8] INFO  impl.RoleInfo (RoleInfo.java:updateAndGet(143)) - 01d5352d-883b-4a7a-89e4-dfaba3730f16: start FollowerState
2020-06-27 13:10:06,784 [grpc-default-executor-9] DEBUG impl.RaftServerImpl (RaftServerImpl.java:requestVote(853)) - f0f3ddfc-f4e8-4f2e-975c-cdf5158be850@group-8E324B84697D replies to vote request: a2bafefd-dd5c-4b30-b732-4244b0e7007a<-f0f3ddfc-f4e8-4f2e-975c-cdf5158be850#0:FAIL-t1. Peer's state: f0f3ddfc-f4e8-4f2e-975c-cdf5158be850@group-8E324B84697D:t1, leader=null, voted=null, raftlog=f0f3ddfc-f4e8-4f2e-975c-cdf5158be850@group-8E324B84697D-SegmentedRaftLog:OPENED:c-1,f-1,i0, conf=-1: [a2bafefd-dd5c-4b30-b732-4244b0e7007a:172.17.0.2:39063, f0f3ddfc-f4e8-4f2e-975c-cdf5158be850:172.17.0.2:41819, 01d5352d-883b-4a7a-89e4-dfaba3730f16:172.17.0.2:45929], old=null
2020-06-27 13:10:06,785 [grpc-default-executor-8] DEBUG impl.RaftServerImpl (RaftServerImpl.java:requestVote(853)) - 01d5352d-883b-4a7a-89e4-dfaba3730f16@group-8E324B84697D replies to vote request: a2bafefd-dd5c-4b30-b732-4244b0e7007a<-01d5352d-883b-4a7a-89e4-dfaba3730f16#0:FAIL-t1. Peer's state: 01d5352d-883b-4a7a-89e4-dfaba3730f16@group-8E324B84697D:t1, leader=null, voted=null, raftlog=01d5352d-883b-4a7a-89e4-dfaba3730f16@group-8E324B84697D-SegmentedRaftLog:OPENED:c-1,f-1,i0, conf=-1: [a2bafefd-dd5c-4b30-b732-4244b0e7007a:172.17.0.2:39063, f0f3ddfc-f4e8-4f2e-975c-cdf5158be850:172.17.0.2:41819, 01d5352d-883b-4a7a-89e4-dfaba3730f16:172.17.0.2:45929], old=null
2020-06-27 13:10:06,786 [01d5352d-883b-4a7a-89e4-dfaba3730f16@group-8E324B84697D-LeaderElection57] INFO  impl.LeaderElection (LeaderElection.java:askForVotes(206)) - 01d5352d-883b-4a7a-89e4-dfaba3730f16@group-8E324B84697D-LeaderElection57: begin an election at term 2 for -1: [a2bafefd-dd5c-4b30-b732-4244b0e7007a:172.17.0.2:39063, f0f3ddfc-f4e8-4f2e-975c-cdf5158be850:172.17.0.2:41819, 01d5352d-883b-4a7a-89e4-dfaba3730f16:172.17.0.2:45929], old=null
2020-06-27 13:10:06,790 [f0f3ddfc-f4e8-4f2e-975c-cdf5158be850@group-8E324B84697D-LeaderElection58] INFO  impl.LeaderElection (LeaderElection.java:askForVotes(206)) - f0f3ddfc-f4e8-4f2e-975c-cdf5158be850@group-8E324B84697D-LeaderElection58: begin an election at term 2 for -1: [a2bafefd-dd5c-4b30-b732-4244b0e7007a:172.17.0.2:39063, f0f3ddfc-f4e8-4f2e-975c-cdf5158be850:172.17.0.2:41819, 01d5352d-883b-4a7a-89e4-dfaba3730f16:172.17.0.2:45929], old=null
2020-06-27 13:10:06,799 [01d5352d-883b-4a7a-89e4-dfaba3730f16@group-8E324B84697D-LeaderElection57] INFO  impl.LeaderElection (LeaderElection.java:logAndReturn(61)) - 01d5352d-883b-4a7a-89e4-dfaba3730f16@group-8E324B84697D-LeaderElection57: Election REJECTED; received 0 response(s) [] and 0 exception(s); 01d5352d-883b-4a7a-89e4-dfaba3730f16@group-8E324B84697D:t2, leader=null, voted=01d5352d-883b-4a7a-89e4-dfaba3730f16, raftlog=01d5352d-883b-4a7a-89e4-dfaba3730f16@group-8E324B84697D-SegmentedRaftLog:OPENED:c-1,f-1,i0, conf=-1: [a2bafefd-dd5c-4b30-b732-4244b0e7007a:172.17.0.2:39063, f0f3ddfc-f4e8-4f2e-975c-cdf5158be850:172.17.0.2:41819, 01d5352d-883b-4a7a-89e4-dfaba3730f16:172.17.0.2:45929], old=null
2020-06-27 13:10:06,799 [a2bafefd-dd5c-4b30-b732-4244b0e7007a@group-8E324B84697D-LeaderElection56] INFO  impl.LeaderElection (LeaderElection.java:logAndReturn(61)) - a2bafefd-dd5c-4b30-b732-4244b0e7007a@group-8E324B84697D-LeaderElection56: Election REJECTED; received 2 response(s) [a2bafefd-dd5c-4b30-b732-4244b0e7007a<-f0f3ddfc-f4e8-4f2e-975c-cdf5158be850#0:FAIL-t1, a2bafefd-dd5c-4b30-b732-4244b0e7007a<-01d5352d-883b-4a7a-89e4-dfaba3730f16#0:FAIL-t1] and 0 exception(s); a2bafefd-dd5c-4b30-b732-4244b0e7007a@group-8E324B84697D:t1, leader=null, voted=a2bafefd-dd5c-4b30-b732-4244b0e7007a, raftlog=a2bafefd-dd5c-4b30-b732-4244b0e7007a@group-8E324B84697D-SegmentedRaftLog:OPENED:c-1,f-1,i0, conf=-1: [a2bafefd-dd5c-4b30-b732-4244b0e7007a:172.17.0.2:39063, f0f3ddfc-f4e8-4f2e-975c-cdf5158be850:172.17.0.2:41819, 01d5352d-883b-4a7a-89e4-dfaba3730f16:172.17.0.2:45929], old=null
2020-06-27 13:10:06,799 [a2bafefd-dd5c-4b30-b732-4244b0e7007a@group-8E324B84697D-LeaderElection56] INFO  impl.RaftServerImpl (RaftServerImpl.java:setRole(175)) - a2bafefd-dd5c-4b30-b732-4244b0e7007a@group-8E324B84697D: changes role from CANDIDATE to FOLLOWER at term 1 for DISCOVERED_A_NEW_TERM
2020-06-27 13:10:06,799 [a2bafefd-dd5c-4b30-b732-4244b0e7007a@group-8E324B84697D-LeaderElection56] INFO  impl.RoleInfo (RoleInfo.java:shutdownLeaderElection(134)) - a2bafefd-dd5c-4b30-b732-4244b0e7007a: shutdown LeaderElection
2020-06-27 13:10:06,799 [a2bafefd-dd5c-4b30-b732-4244b0e7007a@group-8E324B84697D-LeaderElection56] INFO  impl.RoleInfo (RoleInfo.java:updateAndGet(143)) - a2bafefd-dd5c-4b30-b732-4244b0e7007a: start FollowerState
2020-06-27 13:10:06,802 [Thread-1741] INFO  impl.FollowerState (FollowerState.java:run(108)) - f0f3ddfc-f4e8-4f2e-975c-cdf5158be850@group-D6397A72550E-FollowerState: change to CANDIDATE, lastRpcTime:5162ms, electionTimeout:5161ms
2020-06-27 13:10:06,806 [Thread-1741] INFO  impl.RoleInfo (RoleInfo.java:shutdownFollowerState(121)) - f0f3ddfc-f4e8-4f2e-975c-cdf5158be850: shutdown FollowerState
2020-06-27 13:10:06,806 [Thread-1741] INFO  impl.RaftServerImpl (RaftServerImpl.java:setRole(175)) - f0f3ddfc-f4e8-4f2e-975c-cdf5158be850@group-D6397A72550E: changes role from  FOLLOWER to CANDIDATE at term 0 for changeToCandidate
2020-06-27 13:10:06,806 [Thread-1741] INFO  impl.RoleInfo (RoleInfo.java:updateAndGet(143)) - f0f3ddfc-f4e8-4f2e-975c-cdf5158be850: start LeaderElection
2020-06-27 13:10:06,804 [f0f3ddfc-f4e8-4f2e-975c-cdf5158be850@group-8E324B84697D-LeaderElection58] INFO  impl.LeaderElection (LeaderElection.java:logAndReturn(61)) - f0f3ddfc-f4e8-4f2e-975c-cdf5158be850@group-8E324B84697D-LeaderElection58: Election REJECTED; received 0 response(s) [] and 0 exception(s); f0f3ddfc-f4e8-4f2e-975c-cdf5158be850@group-8E324B84697D:t2, leader=null, voted=f0f3ddfc-f4e8-4f2e-975c-cdf5158be850, raftlog=f0f3ddfc-f4e8-4f2e-975c-cdf5158be850@group-8E324B84697D-SegmentedRaftLog:OPENED:c-1,f-1,i0, conf=-1: [a2bafefd-dd5c-4b30-b732-4244b0e7007a:172.17.0.2:39063, f0f3ddfc-f4e8-4f2e-975c-cdf5158be850:172.17.0.2:41819, 01d5352d-883b-4a7a-89e4-dfaba3730f16:172.17.0.2:45929], old=null
2020-06-27 13:10:06,807 [grpc-default-executor-9] DEBUG impl.RaftServerImpl (RaftServerImpl.java:requestVote(821)) - f0f3ddfc-f4e8-4f2e-975c-cdf5158be850@group-8E324B84697D: receive requestVote(01d5352d-883b-4a7a-89e4-dfaba3730f16, group-8E324B84697D, 2, (t:0, i:0))
2020-06-27 13:10:06,807 [grpc-default-executor-9] DEBUG impl.RaftServerImpl (RaftServerImpl.java:requestVote(853)) - f0f3ddfc-f4e8-4f2e-975c-cdf5158be850@group-8E324B84697D replies to vote request: 01d5352d-883b-4a7a-89e4-dfaba3730f16<-f0f3ddfc-f4e8-4f2e-975c-cdf5158be850#0:FAIL-t2. Peer's state: f0f3ddfc-f4e8-4f2e-975c-cdf5158be850@group-8E324B84697D:t2, leader=null, voted=f0f3ddfc-f4e8-4f2e-975c-cdf5158be850, raftlog=f0f3ddfc-f4e8-4f2e-975c-cdf5158be850@group-8E324B84697D-SegmentedRaftLog:OPENED:c-1,f-1,i0, conf=-1: [a2bafefd-dd5c-4b30-b732-4244b0e7007a:172.17.0.2:39063, f0f3ddfc-f4e8-4f2e-975c-cdf5158be850:172.17.0.2:41819, 01d5352d-883b-4a7a-89e4-dfaba3730f16:172.17.0.2:45929], old=null
2020-06-27 13:10:06,817 [f0f3ddfc-f4e8-4f2e-975c-cdf5158be850@group-D6397A72550E-LeaderElection59] INFO  impl.LeaderElection (LeaderElection.java:askForVotes(206)) - f0f3ddfc-f4e8-4f2e-975c-cdf5158be850@group-D6397A72550E-LeaderElection59: begin an election at term 1 for -1: [f0f3ddfc-f4e8-4f2e-975c-cdf5158be850:172.17.0.2:41819], old=null
2020-06-27 13:10:06,820 [f0f3ddfc-f4e8-4f2e-975c-cdf5158be850@group-D6397A72550E-LeaderElection59] INFO  impl.RoleInfo (RoleInfo.java:shutdownLeaderElection(134)) - f0f3ddfc-f4e8-4f2e-975c-cdf5158be850: shutdown LeaderElection
2020-06-27 13:10:06,820 [f0f3ddfc-f4e8-4f2e-975c-cdf5158be850@group-D6397A72550E-LeaderElection59] INFO  impl.RaftServerImpl (RaftServerImpl.java:setRole(175)) - f0f3ddfc-f4e8-4f2e-975c-cdf5158be850@group-D6397A72550E: changes role from CANDIDATE to LEADER at term 1 for changeToLeader
2020-06-27 13:10:06,820 [grpc-default-executor-9] DEBUG impl.RaftServerImpl (RaftServerImpl.java:requestVote(821)) - a2bafefd-dd5c-4b30-b732-4244b0e7007a@group-8E324B84697D: receive requestVote(01d5352d-883b-4a7a-89e4-dfaba3730f16, group-8E324B84697D, 2, (t:0, i:0))
2020-06-27 13:10:06,826 [grpc-default-executor-9] INFO  impl.RaftServerImpl (RaftServerImpl.java:setRole(175)) - a2bafefd-dd5c-4b30-b732-4244b0e7007a@group-8E324B84697D: changes role from  FOLLOWER to FOLLOWER at term 2 for recognizeCandidate:01d5352d-883b-4a7a-89e4-dfaba3730f16
2020-06-27 13:10:06,826 [grpc-default-executor-9] INFO  impl.RoleInfo (RoleInfo.java:shutdownFollowerState(121)) - a2bafefd-dd5c-4b30-b732-4244b0e7007a: shutdown FollowerState
2020-06-27 13:10:06,826 [grpc-default-executor-9] INFO  impl.RoleInfo (RoleInfo.java:updateAndGet(143)) - a2bafefd-dd5c-4b30-b732-4244b0e7007a: start FollowerState
2020-06-27 13:10:06,823 [grpc-default-executor-8] DEBUG impl.RaftServerImpl (RaftServerImpl.java:requestVote(821)) - a2bafefd-dd5c-4b30-b732-4244b0e7007a@group-8E324B84697D: receive requestVote(f0f3ddfc-f4e8-4f2e-975c-cdf5158be850, group-8E324B84697D, 2, (t:0, i:0))
2020-06-27 13:10:06,820 [f0f3ddfc-f4e8-4f2e-975c-cdf5158be850@group-D6397A72550E-LeaderElection59] INFO  ratis.XceiverServerRatis (XceiverServerRatis.java:handleLeaderChangedNotification(762)) - Leader change notification received for group: group-D6397A72550E with new leaderId: f0f3ddfc-f4e8-4f2e-975c-cdf5158be850
2020-06-27 13:10:06,826 [Thread-1794] INFO  impl.FollowerState (FollowerState.java:run(117)) - a2bafefd-dd5c-4b30-b732-4244b0e7007a@group-8E324B84697D-FollowerState was interrupted: java.lang.InterruptedException: sleep interrupted
2020-06-27 13:10:06,827 [grpc-default-executor-5] DEBUG impl.RaftServerImpl (RaftServerImpl.java:requestVote(821)) - 01d5352d-883b-4a7a-89e4-dfaba3730f16@group-8E324B84697D: receive requestVote(f0f3ddfc-f4e8-4f2e-975c-cdf5158be850, group-8E324B84697D, 2, (t:0, i:0))
2020-06-27 13:10:06,827 [grpc-default-executor-5] DEBUG impl.RaftServerImpl (RaftServerImpl.java:requestVote(853)) - 01d5352d-883b-4a7a-89e4-dfaba3730f16@group-8E324B84697D replies to vote request: f0f3ddfc-f4e8-4f2e-975c-cdf5158be850<-01d5352d-883b-4a7a-89e4-dfaba3730f16#0:FAIL-t2. Peer's state: 01d5352d-883b-4a7a-89e4-dfaba3730f16@group-8E324B84697D:t2, leader=null, voted=01d5352d-883b-4a7a-89e4-dfaba3730f16, raftlog=01d5352d-883b-4a7a-89e4-dfaba3730f16@group-8E324B84697D-SegmentedRaftLog:OPENED:c-1,f-1,i0, conf=-1: [a2bafefd-dd5c-4b30-b732-4244b0e7007a:172.17.0.2:39063, f0f3ddfc-f4e8-4f2e-975c-cdf5158be850:172.17.0.2:41819, 01d5352d-883b-4a7a-89e4-dfaba3730f16:172.17.0.2:45929], old=null
2020-06-27 13:10:06,828 [f0f3ddfc-f4e8-4f2e-975c-cdf5158be850@group-D6397A72550E-LeaderElection59] INFO  impl.RaftServerImpl (ServerState.java:setLeader(255)) - f0f3ddfc-f4e8-4f2e-975c-cdf5158be850@group-D6397A72550E: change Leader from null to f0f3ddfc-f4e8-4f2e-975c-cdf5158be850 at term 1 for becomeLeader, leader elected after 5188ms
2020-06-27 13:10:06,830 [grpc-default-executor-9] DEBUG impl.RaftServerImpl (RaftServerImpl.java:requestVote(853)) - a2bafefd-dd5c-4b30-b732-4244b0e7007a@group-8E324B84697D replies to vote request: 01d5352d-883b-4a7a-89e4-dfaba3730f16<-a2bafefd-dd5c-4b30-b732-4244b0e7007a#0:OK-t2. Peer's state: a2bafefd-dd5c-4b30-b732-4244b0e7007a@group-8E324B84697D:t2, leader=null, voted=01d5352d-883b-4a7a-89e4-dfaba3730f16, raftlog=a2bafefd-dd5c-4b30-b732-4244b0e7007a@group-8E324B84697D-SegmentedRaftLog:OPENED:c-1,f-1,i0, conf=-1: [a2bafefd-dd5c-4b30-b732-4244b0e7007a:172.17.0.2:39063, f0f3ddfc-f4e8-4f2e-975c-cdf5158be850:172.17.0.2:41819, 01d5352d-883b-4a7a-89e4-dfaba3730f16:172.17.0.2:45929], old=null
2020-06-27 13:10:06,831 [grpc-default-executor-8] DEBUG impl.RaftServerImpl (RaftServerImpl.java:requestVote(853)) - a2bafefd-dd5c-4b30-b732-4244b0e7007a@group-8E324B84697D replies to vote request: f0f3ddfc-f4e8-4f2e-975c-cdf5158be850<-a2bafefd-dd5c-4b30-b732-4244b0e7007a#0:FAIL-t2. Peer's state: a2bafefd-dd5c-4b30-b732-4244b0e7007a@group-8E324B84697D:t2, leader=null, voted=01d5352d-883b-4a7a-89e4-dfaba3730f16, raftlog=a2bafefd-dd5c-4b30-b732-4244b0e7007a@group-8E324B84697D-SegmentedRaftLog:OPENED:c-1,f-1,i0, conf=-1: [a2bafefd-dd5c-4b30-b732-4244b0e7007a:172.17.0.2:39063, f0f3ddfc-f4e8-4f2e-975c-cdf5158be850:172.17.0.2:41819, 01d5352d-883b-4a7a-89e4-dfaba3730f16:172.17.0.2:45929], old=null
2020-06-27 13:10:06,830 [f0f3ddfc-f4e8-4f2e-975c-cdf5158be850@group-D6397A72550E-LeaderElection59] INFO  server.RaftServerConfigKeys (ConfUtils.java:logGet(44)) - raft.server.staging.catchup.gap = 1000 (default)
2020-06-27 13:10:06,832 [f0f3ddfc-f4e8-4f2e-975c-cdf5158be850@group-D6397A72550E-LeaderElection59] INFO  server.RaftServerConfigKeys (ConfUtils.java:logGet(44)) - raft.server.rpc.sleep.time = 25ms (default)
2020-06-27 13:10:06,833 [f0f3ddfc-f4e8-4f2e-975c-cdf5158be850@group-D6397A72550E-LeaderElection59] INFO  metrics.RatisMetrics (RatisMetrics.java:lambda$create$0(36)) - Creating Metrics Registry : ratis.log_appender.f0f3ddfc-f4e8-4f2e-975c-cdf5158be850@group-D6397A72550E
2020-06-27 13:10:06,833 [f0f3ddfc-f4e8-4f2e-975c-cdf5158be850@group-D6397A72550E-LeaderElection59] INFO  server.RaftServerConfigKeys (ConfUtils.java:logGet(44)) - raft.server.write.element-limit = 1024 (custom)
2020-06-27 13:10:06,833 [f0f3ddfc-f4e8-4f2e-975c-cdf5158be850@group-D6397A72550E-LeaderElection59] INFO  server.RaftServerConfigKeys (ConfUtils.java:logGet(44)) - raft.server.write.byte-limit = 1073741824 (custom)
2020-06-27 13:10:06,834 [f0f3ddfc-f4e8-4f2e-975c-cdf5158be850@group-D6397A72550E-LeaderElection59] INFO  server.RaftServerConfigKeys (ConfUtils.java:logGet(44)) - raft.server.watch.timeout = 3s (custom)
2020-06-27 13:10:06,834 [f0f3ddfc-f4e8-4f2e-975c-cdf5158be850@group-D6397A72550E-LeaderElection59] INFO  server.RaftServerConfigKeys (ConfUtils.java:logGet(44)) - raft.server.watch.timeout.denomination = 1s (default)
2020-06-27 13:10:06,834 [f0f3ddfc-f4e8-4f2e-975c-cdf5158be850@group-D6397A72550E-LeaderElection59] INFO  server.RaftServerConfigKeys (ConfUtils.java:logGet(44)) - raft.server.watch.element-limit = 65536 (default)
2020-06-27 13:10:06,834 [f0f3ddfc-f4e8-4f2e-975c-cdf5158be850@group-D6397A72550E-LeaderElection59] INFO  impl.RoleInfo (RoleInfo.java:updateAndGet(143)) - f0f3ddfc-f4e8-4f2e-975c-cdf5158be850: start LeaderState
2020-06-27 13:10:06,835 [f0f3ddfc-f4e8-4f2e-975c-cdf5158be850@group-D6397A72550E-LeaderElection59] INFO  segmented.SegmentedRaftLogWorker (SegmentedRaftLogWorker.java:startLogSegment(397)) - f0f3ddfc-f4e8-4f2e-975c-cdf5158be850@group-D6397A72550E-SegmentedRaftLogWorker: Starting segment from index:0
2020-06-27 13:10:06,836 [f0f3ddfc-f4e8-4f2e-975c-cdf5158be850@group-D6397A72550E-LeaderElection59] INFO  impl.RaftServerImpl (ServerState.java:setRaftConf(356)) - f0f3ddfc-f4e8-4f2e-975c-cdf5158be850@group-D6397A72550E: set configuration 0: [f0f3ddfc-f4e8-4f2e-975c-cdf5158be850:172.17.0.2:41819], old=null at 0
2020-06-27 13:10:06,843 [f0f3ddfc-f4e8-4f2e-975c-cdf5158be850@group-D6397A72550E-SegmentedRaftLogWorker] INFO  segmented.SegmentedRaftLogWorker (SegmentedRaftLogWorker.java:execute(596)) - f0f3ddfc-f4e8-4f2e-975c-cdf5158be850@group-D6397A72550E-SegmentedRaftLogWorker: created new log segment /github/workspace/mnt/ozone/hadoop-ozone/integration-test/target/test-dir/MiniOzoneClusterImpl-be392bf5-6f5b-448a-8365-d7ab1effc2dc/datanode-1/data/ratis/00cb7382-162f-4fe2-aa3f-d6397a72550e/current/log_inprogress_0
2020-06-27 13:10:06,857 [Thread-1751] INFO  impl.FollowerState (FollowerState.java:run(108)) - 01d5352d-883b-4a7a-89e4-dfaba3730f16@group-9C1948224E07-FollowerState: change to CANDIDATE, lastRpcTime:5086ms, electionTimeout:5086ms
2020-06-27 13:10:06,857 [Thread-1751] INFO  impl.RoleInfo (RoleInfo.java:shutdownFollowerState(121)) - 01d5352d-883b-4a7a-89e4-dfaba3730f16: shutdown FollowerState
2020-06-27 13:10:06,857 [Thread-1751] INFO  impl.RaftServerImpl (RaftServerImpl.java:setRole(175)) - 01d5352d-883b-4a7a-89e4-dfaba3730f16@group-9C1948224E07: changes role from  FOLLOWER to CANDIDATE at term 0 for changeToCandidate
2020-06-27 13:10:06,857 [Thread-1751] INFO  impl.RoleInfo (RoleInfo.java:updateAndGet(143)) - 01d5352d-883b-4a7a-89e4-dfaba3730f16: start LeaderElection
2020-06-27 13:10:06,864 [01d5352d-883b-4a7a-89e4-dfaba3730f16@group-9C1948224E07-LeaderElection60] INFO  impl.LeaderElection (LeaderElection.java:askForVotes(206)) - 01d5352d-883b-4a7a-89e4-dfaba3730f16@group-9C1948224E07-LeaderElection60: begin an election at term 1 for -1: [01d5352d-883b-4a7a-89e4-dfaba3730f16:172.17.0.2:45929], old=null
2020-06-27 13:10:06,864 [01d5352d-883b-4a7a-89e4-dfaba3730f16@group-9C1948224E07-LeaderElection60] INFO  impl.RoleInfo (RoleInfo.java:shutdownLeaderElection(134)) - 01d5352d-883b-4a7a-89e4-dfaba3730f16: shutdown LeaderElection
2020-06-27 13:10:06,864 [01d5352d-883b-4a7a-89e4-dfaba3730f16@group-9C1948224E07-LeaderElection60] INFO  impl.RaftServerImpl (RaftServerImpl.java:setRole(175)) - 01d5352d-883b-4a7a-89e4-dfaba3730f16@group-9C1948224E07: changes role from CANDIDATE to LEADER at term 1 for changeToLeader
2020-06-27 13:10:06,865 [01d5352d-883b-4a7a-89e4-dfaba3730f16@group-9C1948224E07-LeaderElection60] INFO  ratis.XceiverServerRatis (XceiverServerRatis.java:handleLeaderChangedNotification(762)) - Leader change notification received for group: group-9C1948224E07 with new leaderId: 01d5352d-883b-4a7a-89e4-dfaba3730f16
2020-06-27 13:10:06,865 [01d5352d-883b-4a7a-89e4-dfaba3730f16@group-9C1948224E07-LeaderElection60] INFO  impl.RaftServerImpl (ServerState.java:setLeader(255)) - 01d5352d-883b-4a7a-89e4-dfaba3730f16@group-9C1948224E07: change Leader from null to 01d5352d-883b-4a7a-89e4-dfaba3730f16 at term 1 for becomeLeader, leader elected after 5101ms
2020-06-27 13:10:06,866 [01d5352d-883b-4a7a-89e4-dfaba3730f16@group-9C1948224E07-LeaderElection60] INFO  server.RaftServerConfigKeys (ConfUtils.java:logGet(44)) - raft.server.staging.catchup.gap = 1000 (default)
2020-06-27 13:10:06,866 [01d5352d-883b-4a7a-89e4-dfaba3730f16@group-9C1948224E07-LeaderElection60] INFO  server.RaftServerConfigKeys (ConfUtils.java:logGet(44)) - raft.server.rpc.sleep.time = 25ms (default)
2020-06-27 13:10:06,866 [01d5352d-883b-4a7a-89e4-dfaba3730f16@group-9C1948224E07-LeaderElection60] INFO  metrics.RatisMetrics (RatisMetrics.java:lambda$create$0(36)) - Creating Metrics Registry : ratis.log_appender.01d5352d-883b-4a7a-89e4-dfaba3730f16@group-9C1948224E07
2020-06-27 13:10:06,866 [01d5352d-883b-4a7a-89e4-dfaba3730f16@group-9C1948224E07-LeaderElection60] INFO  server.RaftServerConfigKeys (ConfUtils.java:logGet(44)) - raft.server.write.element-limit = 1024 (custom)
2020-06-27 13:10:06,867 [01d5352d-883b-4a7a-89e4-dfaba3730f16@group-9C1948224E07-LeaderElection60] INFO  server.RaftServerConfigKeys (ConfUtils.java:logGet(44)) - raft.server.write.byte-limit = 1073741824 (custom)
2020-06-27 13:10:06,867 [01d5352d-883b-4a7a-89e4-dfaba3730f16@group-9C1948224E07-LeaderElection60] INFO  server.RaftServerConfigKeys (ConfUtils.java:logGet(44)) - raft.server.watch.timeout = 3s (custom)
2020-06-27 13:10:06,867 [01d5352d-883b-4a7a-89e4-dfaba3730f16@group-9C1948224E07-LeaderElection60] INFO  server.RaftServerConfigKeys (ConfUtils.java:logGet(44)) - raft.server.watch.timeout.denomination = 1s (default)
2020-06-27 13:10:06,867 [01d5352d-883b-4a7a-89e4-dfaba3730f16@group-9C1948224E07-LeaderElection60] INFO  server.RaftServerConfigKeys (ConfUtils.java:logGet(44)) - raft.server.watch.element-limit = 65536 (default)
2020-06-27 13:10:06,868 [01d5352d-883b-4a7a-89e4-dfaba3730f16@group-9C1948224E07-LeaderElection60] INFO  impl.RoleInfo (RoleInfo.java:updateAndGet(143)) - 01d5352d-883b-4a7a-89e4-dfaba3730f16: start LeaderState
2020-06-27 13:10:06,868 [Thread-1753] INFO  impl.FollowerState (FollowerState.java:run(108)) - 6b6556c7-e86b-4d09-a7c4-600764c42b3c@group-CADBCD8A21D8-FollowerState: change to CANDIDATE, lastRpcTime:5028ms, electionTimeout:5028ms
2020-06-27 13:10:06,869 [Thread-1753] INFO  impl.RoleInfo (RoleInfo.java:shutdownFollowerState(121)) - 6b6556c7-e86b-4d09-a7c4-600764c42b3c: shutdown FollowerState
2020-06-27 13:10:06,869 [Thread-1753] INFO  impl.RaftServerImpl (RaftServerImpl.java:setRole(175)) - 6b6556c7-e86b-4d09-a7c4-600764c42b3c@group-CADBCD8A21D8: changes role from  FOLLOWER to CANDIDATE at term 0 for changeToCandidate
2020-06-27 13:10:06,869 [Thread-1753] INFO  impl.RoleInfo (RoleInfo.java:updateAndGet(143)) - 6b6556c7-e86b-4d09-a7c4-600764c42b3c: start LeaderElection
2020-06-27 13:10:06,869 [01d5352d-883b-4a7a-89e4-dfaba3730f16@group-9C1948224E07-LeaderElection60] INFO  segmented.SegmentedRaftLogWorker (SegmentedRaftLogWorker.java:startLogSegment(397)) - 01d5352d-883b-4a7a-89e4-dfaba3730f16@group-9C1948224E07-SegmentedRaftLogWorker: Starting segment from index:0
2020-06-27 13:10:06,871 [01d5352d-883b-4a7a-89e4-dfaba3730f16@group-9C1948224E07-LeaderElection60] INFO  impl.RaftServerImpl (ServerState.java:setRaftConf(356)) - 01d5352d-883b-4a7a-89e4-dfaba3730f16@group-9C1948224E07: set configuration 0: [01d5352d-883b-4a7a-89e4-dfaba3730f16:172.17.0.2:45929], old=null at 0
2020-06-27 13:10:06,872 [01d5352d-883b-4a7a-89e4-dfaba3730f16@group-9C1948224E07-SegmentedRaftLogWorker] INFO  segmented.SegmentedRaftLogWorker (SegmentedRaftLogWorker.java:execute(596)) - 01d5352d-883b-4a7a-89e4-dfaba3730f16@group-9C1948224E07-SegmentedRaftLogWorker: created new log segment /github/workspace/mnt/ozone/hadoop-ozone/integration-test/target/test-dir/MiniOzoneClusterImpl-be392bf5-6f5b-448a-8365-d7ab1effc2dc/datanode-2/data/ratis/3268e29f-ff7b-4ecd-a0d1-9c1948224e07/current/log_inprogress_0
2020-06-27 13:10:06,875 [6b6556c7-e86b-4d09-a7c4-600764c42b3c@group-CADBCD8A21D8-LeaderElection61] INFO  impl.LeaderElection (LeaderElection.java:askForVotes(206)) - 6b6556c7-e86b-4d09-a7c4-600764c42b3c@group-CADBCD8A21D8-LeaderElection61: begin an election at term 1 for -1: [6b6556c7-e86b-4d09-a7c4-600764c42b3c:172.17.0.2:42637], old=null
2020-06-27 13:10:06,875 [6b6556c7-e86b-4d09-a7c4-600764c42b3c@group-CADBCD8A21D8-LeaderElection61] INFO  impl.RoleInfo (RoleInfo.java:shutdownLeaderElection(134)) - 6b6556c7-e86b-4d09-a7c4-600764c42b3c: shutdown LeaderElection
2020-06-27 13:10:06,875 [6b6556c7-e86b-4d09-a7c4-600764c42b3c@group-CADBCD8A21D8-LeaderElection61] INFO  impl.RaftServerImpl (RaftServerImpl.java:setRole(175)) - 6b6556c7-e86b-4d09-a7c4-600764c42b3c@group-CADBCD8A21D8: changes role from CANDIDATE to LEADER at term 1 for changeToLeader
2020-06-27 13:10:06,875 [6b6556c7-e86b-4d09-a7c4-600764c42b3c@group-CADBCD8A21D8-LeaderElection61] INFO  ratis.XceiverServerRatis (XceiverServerRatis.java:handleLeaderChangedNotification(762)) - Leader change notification received for group: group-CADBCD8A21D8 with new leaderId: 6b6556c7-e86b-4d09-a7c4-600764c42b3c
2020-06-27 13:10:06,875 [6b6556c7-e86b-4d09-a7c4-600764c42b3c@group-CADBCD8A21D8-LeaderElection61] INFO  impl.RaftServerImpl (ServerState.java:setLeader(255)) - 6b6556c7-e86b-4d09-a7c4-600764c42b3c@group-CADBCD8A21D8: change Leader from null to 6b6556c7-e86b-4d09-a7c4-600764c42b3c at term 1 for becomeLeader, leader elected after 5047ms
2020-06-27 13:10:06,876 [6b6556c7-e86b-4d09-a7c4-600764c42b3c@group-CADBCD8A21D8-LeaderElection61] INFO  server.RaftServerConfigKeys (ConfUtils.java:logGet(44)) - raft.server.staging.catchup.gap = 1000 (default)
2020-06-27 13:10:06,877 [6b6556c7-e86b-4d09-a7c4-600764c42b3c@group-CADBCD8A21D8-LeaderElection61] INFO  server.RaftServerConfigKeys (ConfUtils.java:logGet(44)) - raft.server.rpc.sleep.time = 25ms (default)
2020-06-27 13:10:06,877 [6b6556c7-e86b-4d09-a7c4-600764c42b3c@group-CADBCD8A21D8-LeaderElection61] INFO  metrics.RatisMetrics (RatisMetrics.java:lambda$create$0(36)) - Creating Metrics Registry : ratis.log_appender.6b6556c7-e86b-4d09-a7c4-600764c42b3c@group-CADBCD8A21D8
2020-06-27 13:10:06,877 [6b6556c7-e86b-4d09-a7c4-600764c42b3c@group-CADBCD8A21D8-LeaderElection61] INFO  server.RaftServerConfigKeys (ConfUtils.java:logGet(44)) - raft.server.write.element-limit = 1024 (custom)
2020-06-27 13:10:06,877 [6b6556c7-e86b-4d09-a7c4-600764c42b3c@group-CADBCD8A21D8-LeaderElection61] INFO  server.RaftServerConfigKeys (ConfUtils.java:logGet(44)) - raft.server.write.byte-limit = 1073741824 (custom)
2020-06-27 13:10:06,878 [6b6556c7-e86b-4d09-a7c4-600764c42b3c@group-CADBCD8A21D8-LeaderElection61] INFO  server.RaftServerConfigKeys (ConfUtils.java:logGet(44)) - raft.server.watch.timeout = 3s (custom)
2020-06-27 13:10:06,878 [6b6556c7-e86b-4d09-a7c4-600764c42b3c@group-CADBCD8A21D8-LeaderElection61] INFO  server.RaftServerConfigKeys (ConfUtils.java:logGet(44)) - raft.server.watch.timeout.denomination = 1s (default)
2020-06-27 13:10:06,878 [6b6556c7-e86b-4d09-a7c4-600764c42b3c@group-CADBCD8A21D8-LeaderElection61] INFO  server.RaftServerConfigKeys (ConfUtils.java:logGet(44)) - raft.server.watch.element-limit = 65536 (default)
2020-06-27 13:10:06,878 [6b6556c7-e86b-4d09-a7c4-600764c42b3c@group-CADBCD8A21D8-LeaderElection61] INFO  impl.RoleInfo (RoleInfo.java:updateAndGet(143)) - 6b6556c7-e86b-4d09-a7c4-600764c42b3c: start LeaderState
2020-06-27 13:10:06,878 [6b6556c7-e86b-4d09-a7c4-600764c42b3c@group-CADBCD8A21D8-LeaderElection61] INFO  segmented.SegmentedRaftLogWorker (SegmentedRaftLogWorker.java:startLogSegment(397)) - 6b6556c7-e86b-4d09-a7c4-600764c42b3c@group-CADBCD8A21D8-SegmentedRaftLogWorker: Starting segment from index:0
2020-06-27 13:10:06,880 [6b6556c7-e86b-4d09-a7c4-600764c42b3c@group-CADBCD8A21D8-SegmentedRaftLogWorker] INFO  segmented.SegmentedRaftLogWorker (SegmentedRaftLogWorker.java:execute(596)) - 6b6556c7-e86b-4d09-a7c4-600764c42b3c@group-CADBCD8A21D8-SegmentedRaftLogWorker: created new log segment /github/workspace/mnt/ozone/hadoop-ozone/integration-test/target/test-dir/MiniOzoneClusterImpl-be392bf5-6f5b-448a-8365-d7ab1effc2dc/datanode-3/data/ratis/7101e1f7-cb0f-4eda-bf02-cadbcd8a21d8/current/log_inprogress_0
2020-06-27 13:10:06,882 [6b6556c7-e86b-4d09-a7c4-600764c42b3c@group-CADBCD8A21D8-LeaderElection61] INFO  impl.RaftServerImpl (ServerState.java:setRaftConf(356)) - 6b6556c7-e86b-4d09-a7c4-600764c42b3c@group-CADBCD8A21D8: set configuration 0: [6b6556c7-e86b-4d09-a7c4-600764c42b3c:172.17.0.2:42637], old=null at 0
2020-06-27 13:10:06,905 [Thread-1758] INFO  impl.FollowerState (FollowerState.java:run(108)) - 184b46bf-ef61-46dc-b1d3-41467ae6739f@group-DC6395955895-FollowerState: change to CANDIDATE, lastRpcTime:5016ms, electionTimeout:5014ms
2020-06-27 13:10:06,906 [Thread-1758] INFO  impl.RoleInfo (RoleInfo.java:shutdownFollowerState(121)) - 184b46bf-ef61-46dc-b1d3-41467ae6739f: shutdown FollowerState
2020-06-27 13:10:06,906 [Thread-1758] INFO  impl.RaftServerImpl (RaftServerImpl.java:setRole(175)) - 184b46bf-ef61-46dc-b1d3-41467ae6739f@group-DC6395955895: changes role from  FOLLOWER to CANDIDATE at term 0 for changeToCandidate
2020-06-27 13:10:06,906 [Thread-1758] INFO  impl.RoleInfo (RoleInfo.java:updateAndGet(143)) - 184b46bf-ef61-46dc-b1d3-41467ae6739f: start LeaderElection
2020-06-27 13:10:06,913 [184b46bf-ef61-46dc-b1d3-41467ae6739f@group-DC6395955895-LeaderElection62] INFO  impl.LeaderElection (LeaderElection.java:askForVotes(206)) - 184b46bf-ef61-46dc-b1d3-41467ae6739f@group-DC6395955895-LeaderElection62: begin an election at term 1 for -1: [184b46bf-ef61-46dc-b1d3-41467ae6739f:172.17.0.2:41953, 8dcf8d51-1e28-44e7-81d8-398880dae795:172.17.0.2:39271, 6b6556c7-e86b-4d09-a7c4-600764c42b3c:172.17.0.2:42637], old=null
2020-06-27 13:10:06,920 [grpc-default-executor-8] DEBUG impl.RaftServerImpl (RaftServerImpl.java:requestVote(821)) - 8dcf8d51-1e28-44e7-81d8-398880dae795@group-DC6395955895: receive requestVote(184b46bf-ef61-46dc-b1d3-41467ae6739f, group-DC6395955895, 1, (t:0, i:0))
2020-06-27 13:10:06,923 [grpc-default-executor-8] INFO  impl.RaftServerImpl (RaftServerImpl.java:setRole(175)) - 8dcf8d51-1e28-44e7-81d8-398880dae795@group-DC6395955895: changes role from  FOLLOWER to FOLLOWER at term 1 for recognizeCandidate:184b46bf-ef61-46dc-b1d3-41467ae6739f
2020-06-27 13:10:06,923 [grpc-default-executor-8] INFO  impl.RoleInfo (RoleInfo.java:shutdownFollowerState(121)) - 8dcf8d51-1e28-44e7-81d8-398880dae795: shutdown FollowerState
2020-06-27 13:10:06,923 [grpc-default-executor-8] INFO  impl.RoleInfo (RoleInfo.java:updateAndGet(143)) - 8dcf8d51-1e28-44e7-81d8-398880dae795: start FollowerState
2020-06-27 13:10:06,923 [Thread-1762] INFO  impl.FollowerState (FollowerState.java:run(117)) - 8dcf8d51-1e28-44e7-81d8-398880dae795@group-DC6395955895-FollowerState was interrupted: java.lang.InterruptedException: sleep interrupted
2020-06-27 13:10:06,927 [grpc-default-executor-8] DEBUG impl.RaftServerImpl (RaftServerImpl.java:requestVote(853)) - 8dcf8d51-1e28-44e7-81d8-398880dae795@group-DC6395955895 replies to vote request: 184b46bf-ef61-46dc-b1d3-41467ae6739f<-8dcf8d51-1e28-44e7-81d8-398880dae795#0:OK-t1. Peer's state: 8dcf8d51-1e28-44e7-81d8-398880dae795@group-DC6395955895:t1, leader=null, voted=184b46bf-ef61-46dc-b1d3-41467ae6739f, raftlog=8dcf8d51-1e28-44e7-81d8-398880dae795@group-DC6395955895-SegmentedRaftLog:OPENED:c-1,f-1,i0, conf=-1: [184b46bf-ef61-46dc-b1d3-41467ae6739f:172.17.0.2:41953, 8dcf8d51-1e28-44e7-81d8-398880dae795:172.17.0.2:39271, 6b6556c7-e86b-4d09-a7c4-600764c42b3c:172.17.0.2:42637], old=null
2020-06-27 13:10:06,928 [184b46bf-ef61-46dc-b1d3-41467ae6739f@group-DC6395955895-LeaderElection62] INFO  impl.LeaderElection (LeaderElection.java:logAndReturn(61)) - 184b46bf-ef61-46dc-b1d3-41467ae6739f@group-DC6395955895-LeaderElection62: Election PASSED; received 1 response(s) [184b46bf-ef61-46dc-b1d3-41467ae6739f<-8dcf8d51-1e28-44e7-81d8-398880dae795#0:OK-t1] and 0 exception(s); 184b46bf-ef61-46dc-b1d3-41467ae6739f@group-DC6395955895:t1, leader=null, voted=184b46bf-ef61-46dc-b1d3-41467ae6739f, raftlog=184b46bf-ef61-46dc-b1d3-41467ae6739f@group-DC6395955895-SegmentedRaftLog:OPENED:c-1,f-1,i0, conf=-1: [184b46bf-ef61-46dc-b1d3-41467ae6739f:172.17.0.2:41953, 8dcf8d51-1e28-44e7-81d8-398880dae795:172.17.0.2:39271, 6b6556c7-e86b-4d09-a7c4-600764c42b3c:172.17.0.2:42637], old=null
2020-06-27 13:10:06,928 [184b46bf-ef61-46dc-b1d3-41467ae6739f@group-DC6395955895-LeaderElection62] INFO  impl.RoleInfo (RoleInfo.java:shutdownLeaderElection(134)) - 184b46bf-ef61-46dc-b1d3-41467ae6739f: shutdown LeaderElection
2020-06-27 13:10:06,928 [184b46bf-ef61-46dc-b1d3-41467ae6739f@group-DC6395955895-LeaderElection62] INFO  impl.RaftServerImpl (RaftServerImpl.java:setRole(175)) - 184b46bf-ef61-46dc-b1d3-41467ae6739f@group-DC6395955895: changes role from CANDIDATE to LEADER at term 1 for changeToLeader
2020-06-27 13:10:06,928 [184b46bf-ef61-46dc-b1d3-41467ae6739f@group-DC6395955895-LeaderElection62] INFO  ratis.XceiverServerRatis (XceiverServerRatis.java:handleLeaderChangedNotification(762)) - Leader change notification received for group: group-DC6395955895 with new leaderId: 184b46bf-ef61-46dc-b1d3-41467ae6739f
2020-06-27 13:10:06,928 [184b46bf-ef61-46dc-b1d3-41467ae6739f@group-DC6395955895-LeaderElection62] INFO  impl.RaftServerImpl (ServerState.java:setLeader(255)) - 184b46bf-ef61-46dc-b1d3-41467ae6739f@group-DC6395955895: change Leader from null to 184b46bf-ef61-46dc-b1d3-41467ae6739f at term 1 for becomeLeader, leader elected after 5051ms
2020-06-27 13:10:06,929 [184b46bf-ef61-46dc-b1d3-41467ae6739f@group-DC6395955895-LeaderElection62] INFO  server.RaftServerConfigKeys (ConfUtils.java:logGet(44)) - raft.server.staging.catchup.gap = 1000 (default)
2020-06-27 13:10:06,929 [184b46bf-ef61-46dc-b1d3-41467ae6739f@group-DC6395955895-LeaderElection62] INFO  server.RaftServerConfigKeys (ConfUtils.java:logGet(44)) - raft.server.rpc.sleep.time = 25ms (default)
2020-06-27 13:10:06,929 [184b46bf-ef61-46dc-b1d3-41467ae6739f@group-DC6395955895-LeaderElection62] INFO  metrics.RatisMetrics (RatisMetrics.java:lambda$create$0(36)) - Creating Metrics Registry : ratis.log_appender.184b46bf-ef61-46dc-b1d3-41467ae6739f@group-DC6395955895
2020-06-27 13:10:06,929 [184b46bf-ef61-46dc-b1d3-41467ae6739f@group-DC6395955895-LeaderElection62] INFO  server.RaftServerConfigKeys (ConfUtils.java:logGet(44)) - raft.server.write.element-limit = 1024 (custom)
2020-06-27 13:10:06,929 [184b46bf-ef61-46dc-b1d3-41467ae6739f@group-DC6395955895-LeaderElection62] INFO  server.RaftServerConfigKeys (ConfUtils.java:logGet(44)) - raft.server.write.byte-limit = 1073741824 (custom)
2020-06-27 13:10:06,929 [184b46bf-ef61-46dc-b1d3-41467ae6739f@group-DC6395955895-LeaderElection62] INFO  server.RaftServerConfigKeys (ConfUtils.java:logGet(44)) - raft.server.watch.timeout = 3s (custom)
2020-06-27 13:10:06,929 [184b46bf-ef61-46dc-b1d3-41467ae6739f@group-DC6395955895-LeaderElection62] INFO  server.RaftServerConfigKeys (ConfUtils.java:logGet(44)) - raft.server.watch.timeout.denomination = 1s (default)
2020-06-27 13:10:06,930 [184b46bf-ef61-46dc-b1d3-41467ae6739f@group-DC6395955895-LeaderElection62] INFO  server.RaftServerConfigKeys (ConfUtils.java:logGet(44)) - raft.server.watch.element-limit = 65536 (default)
2020-06-27 13:10:06,930 [grpc-default-executor-8] DEBUG impl.RaftServerImpl (RaftServerImpl.java:requestVote(821)) - 6b6556c7-e86b-4d09-a7c4-600764c42b3c@group-DC6395955895: receive requestVote(184b46bf-ef61-46dc-b1d3-41467ae6739f, group-DC6395955895, 1, (t:0, i:0))
2020-06-27 13:10:06,930 [EventQueue-PipelineReportForPipelineReportHandler] INFO  pipeline.PipelineStateManager (PipelineStateManager.java:openPipeline(131)) - Pipeline Pipeline[ Id: bec1c217-6684-487c-aa35-dc6395955895, Nodes: 184b46bf-ef61-46dc-b1d3-41467ae6739f{ip: 172.17.0.2, host: 8c26f3e475a5, networkLocation: /default-rack, certSerialId: null}6b6556c7-e86b-4d09-a7c4-600764c42b3c{ip: 172.17.0.2, host: 8c26f3e475a5, networkLocation: /default-rack, certSerialId: null}8dcf8d51-1e28-44e7-81d8-398880dae795{ip: 172.17.0.2, host: 8c26f3e475a5, networkLocation: /default-rack, certSerialId: null}, Type:RATIS, Factor:THREE, State:ALLOCATED, leaderId:184b46bf-ef61-46dc-b1d3-41467ae6739f, CreationTimestamp2020-06-27T13:09:58.929Z] moved to OPEN state
2020-06-27 13:10:06,930 [184b46bf-ef61-46dc-b1d3-41467ae6739f@group-DC6395955895-LeaderElection62] INFO  server.RaftServerConfigKeys (ConfUtils.java:logGet(44)) - raft.server.log.appender.snapshot.chunk.size.max = 16MB (=16777216) (default)
2020-06-27 13:10:06,931 [EventQueue-OpenPipelineForOneReplicaPipelineSafeModeRule] INFO  safemode.SCMSafeModeManager (SCMSafeModeManager.java:validateSafeModeExitRules(214)) - AtleastOneDatanodeReportedRule rule is successfully validated
2020-06-27 13:10:06,932 [EventQueue-OpenPipelineForHealthyPipelineSafeModeRule] INFO  safemode.SCMSafeModeManager (HealthyPipelineSafeModeRule.java:process(132)) - SCM in safe mode. Healthy pipelines reported count is 1, required healthy pipeline reported count is 1
2020-06-27 13:10:06,932 [184b46bf-ef61-46dc-b1d3-41467ae6739f@group-DC6395955895-LeaderElection62] INFO  server.RaftServerConfigKeys (ConfUtils.java:logGet(44)) - raft.server.log.appender.buffer.byte-limit = 33554432 (custom)
2020-06-27 13:10:06,932 [184b46bf-ef61-46dc-b1d3-41467ae6739f@group-DC6395955895-LeaderElection62] INFO  server.RaftServerConfigKeys (ConfUtils.java:logGet(44)) - raft.server.log.appender.buffer.element-limit = 1 (custom)
2020-06-27 13:10:06,932 [184b46bf-ef61-46dc-b1d3-41467ae6739f@group-DC6395955895-LeaderElection62] INFO  grpc.GrpcConfigKeys (ConfUtils.java:logGet(44)) - raft.grpc.server.leader.outstanding.appends.max = 128 (default)
2020-06-27 13:10:06,932 [184b46bf-ef61-46dc-b1d3-41467ae6739f@group-DC6395955895-LeaderElection62] INFO  server.RaftServerConfigKeys (ConfUtils.java:logGet(44)) - raft.server.rpc.request.timeout = 3s (default)
2020-06-27 13:10:06,933 [184b46bf-ef61-46dc-b1d3-41467ae6739f@group-DC6395955895-LeaderElection62] INFO  server.RaftServerConfigKeys (ConfUtils.java:logGet(44)) - raft.server.log.appender.install.snapshot.enabled = false (custom)
2020-06-27 13:10:06,933 [184b46bf-ef61-46dc-b1d3-41467ae6739f@group-DC6395955895-LeaderElection62] INFO  metrics.RatisMetrics (RatisMetrics.java:lambda$create$0(36)) - Creating Metrics Registry : ratis_grpc.log_appender.184b46bf-ef61-46dc-b1d3-41467ae6739f@group-DC6395955895
2020-06-27 13:10:06,931 [grpc-default-executor-8] INFO  impl.RaftServerImpl (RaftServerImpl.java:setRole(175)) - 6b6556c7-e86b-4d09-a7c4-600764c42b3c@group-DC6395955895: changes role from  FOLLOWER to FOLLOWER at term 1 for recognizeCandidate:184b46bf-ef61-46dc-b1d3-41467ae6739f
2020-06-27 13:10:06,934 [grpc-default-executor-8] INFO  impl.RoleInfo (RoleInfo.java:shutdownFollowerState(121)) - 6b6556c7-e86b-4d09-a7c4-600764c42b3c: shutdown FollowerState
2020-06-27 13:10:06,934 [grpc-default-executor-8] INFO  impl.RoleInfo (RoleInfo.java:updateAndGet(143)) - 6b6556c7-e86b-4d09-a7c4-600764c42b3c: start FollowerState
2020-06-27 13:10:06,934 [Thread-1755] INFO  impl.FollowerState (FollowerState.java:run(117)) - 6b6556c7-e86b-4d09-a7c4-600764c42b3c@group-DC6395955895-FollowerState was interrupted: java.lang.InterruptedException: sleep interrupted
2020-06-27 13:10:06,932 [EventQueue-OpenPipelineForHealthyPipelineSafeModeRule] INFO  safemode.SCMSafeModeManager (SCMSafeModeManager.java:validateSafeModeExitRules(214)) - HealthyPipelineSafeModeRule rule is successfully validated
2020-06-27 13:10:06,935 [EventQueue-OpenPipelineForHealthyPipelineSafeModeRule] INFO  safemode.SCMSafeModeManager (SCMSafeModeManager.java:validateSafeModeExitRules(228)) - ScmSafeModeManager, all rules are successfully validated
2020-06-27 13:10:06,935 [EventQueue-OpenPipelineForHealthyPipelineSafeModeRule] INFO  safemode.SCMSafeModeManager (SCMSafeModeManager.java:exitSafeMode(257)) - SCM exiting safe mode.
2020-06-27 13:10:06,935 [184b46bf-ef61-46dc-b1d3-41467ae6739f@group-DC6395955895-LeaderElection62] INFO  server.RaftServerConfigKeys (ConfUtils.java:logGet(44)) - raft.server.log.appender.snapshot.chunk.size.max = 16MB (=16777216) (default)
2020-06-27 13:10:06,935 [184b46bf-ef61-46dc-b1d3-41467ae6739f@group-DC6395955895-LeaderElection62] INFO  server.RaftServerConfigKeys (ConfUtils.java:logGet(44)) - raft.server.log.appender.buffer.byte-limit = 33554432 (custom)
2020-06-27 13:10:06,935 [184b46bf-ef61-46dc-b1d3-41467ae6739f@group-DC6395955895-LeaderElection62] INFO  server.RaftServerConfigKeys (ConfUtils.java:logGet(44)) - raft.server.log.appender.buffer.element-limit = 1 (custom)
2020-06-27 13:10:06,935 [184b46bf-ef61-46dc-b1d3-41467ae6739f@group-DC6395955895-LeaderElection62] INFO  grpc.GrpcConfigKeys (ConfUtils.java:logGet(44)) - raft.grpc.server.leader.outstanding.appends.max = 128 (default)
2020-06-27 13:10:06,936 [grpc-default-executor-8] DEBUG impl.RaftServerImpl (RaftServerImpl.java:requestVote(853)) - 6b6556c7-e86b-4d09-a7c4-600764c42b3c@group-DC6395955895 replies to vote request: 184b46bf-ef61-46dc-b1d3-41467ae6739f<-6b6556c7-e86b-4d09-a7c4-600764c42b3c#0:OK-t1. Peer's state: 6b6556c7-e86b-4d09-a7c4-600764c42b3c@group-DC6395955895:t1, leader=null, voted=184b46bf-ef61-46dc-b1d3-41467ae6739f, raftlog=6b6556c7-e86b-4d09-a7c4-600764c42b3c@group-DC6395955895-SegmentedRaftLog:OPENED:c-1,f-1,i0, conf=-1: [184b46bf-ef61-46dc-b1d3-41467ae6739f:172.17.0.2:41953, 8dcf8d51-1e28-44e7-81d8-398880dae795:172.17.0.2:39271, 6b6556c7-e86b-4d09-a7c4-600764c42b3c:172.17.0.2:42637], old=null
2020-06-27 13:10:06,938 [184b46bf-ef61-46dc-b1d3-41467ae6739f@group-DC6395955895-LeaderElection62] INFO  server.RaftServerConfigKeys (ConfUtils.java:logGet(44)) - raft.server.rpc.request.timeout = 3s (default)
2020-06-27 13:10:06,938 [184b46bf-ef61-46dc-b1d3-41467ae6739f@group-DC6395955895-LeaderElection62] INFO  server.RaftServerConfigKeys (ConfUtils.java:logGet(44)) - raft.server.log.appender.install.snapshot.enabled = false (custom)
2020-06-27 13:10:06,940 [184b46bf-ef61-46dc-b1d3-41467ae6739f@group-DC6395955895-LeaderElection62] INFO  impl.RoleInfo (RoleInfo.java:updateAndGet(143)) - 184b46bf-ef61-46dc-b1d3-41467ae6739f: start LeaderState
2020-06-27 13:10:06,940 [184b46bf-ef61-46dc-b1d3-41467ae6739f@group-DC6395955895-LeaderElection62] INFO  segmented.SegmentedRaftLogWorker (SegmentedRaftLogWorker.java:startLogSegment(397)) - 184b46bf-ef61-46dc-b1d3-41467ae6739f@group-DC6395955895-SegmentedRaftLogWorker: Starting segment from index:0
2020-06-27 13:10:06,942 [184b46bf-ef61-46dc-b1d3-41467ae6739f@group-DC6395955895-SegmentedRaftLogWorker] INFO  segmented.SegmentedRaftLogWorker (SegmentedRaftLogWorker.java:execute(596)) - 184b46bf-ef61-46dc-b1d3-41467ae6739f@group-DC6395955895-SegmentedRaftLogWorker: created new log segment /github/workspace/mnt/ozone/hadoop-ozone/integration-test/target/test-dir/MiniOzoneClusterImpl-be392bf5-6f5b-448a-8365-d7ab1effc2dc/datanode-5/data/ratis/bec1c217-6684-487c-aa35-dc6395955895/current/log_inprogress_0
2020-06-27 13:10:06,943 [184b46bf-ef61-46dc-b1d3-41467ae6739f@group-DC6395955895-LeaderElection62] INFO  impl.RaftServerImpl (ServerState.java:setRaftConf(356)) - 184b46bf-ef61-46dc-b1d3-41467ae6739f@group-DC6395955895: set configuration 0: [184b46bf-ef61-46dc-b1d3-41467ae6739f:172.17.0.2:41953, 8dcf8d51-1e28-44e7-81d8-398880dae795:172.17.0.2:39271, 6b6556c7-e86b-4d09-a7c4-600764c42b3c:172.17.0.2:42637], old=null at 0
2020-06-27 13:10:06,945 [grpc-default-executor-8] INFO  ratis.XceiverServerRatis (XceiverServerRatis.java:handleLeaderChangedNotification(762)) - Leader change notification received for group: group-DC6395955895 with new leaderId: 184b46bf-ef61-46dc-b1d3-41467ae6739f
2020-06-27 13:10:06,946 [grpc-default-executor-8] INFO  impl.RaftServerImpl (ServerState.java:setLeader(255)) - 8dcf8d51-1e28-44e7-81d8-398880dae795@group-DC6395955895: change Leader from null to 184b46bf-ef61-46dc-b1d3-41467ae6739f at term 1 for appendEntries, leader elected after 5045ms
2020-06-27 13:10:06,946 [Thread-1759] INFO  impl.FollowerState (FollowerState.java:run(108)) - 8dcf8d51-1e28-44e7-81d8-398880dae795@group-BB542DD8D3B7-FollowerState: change to CANDIDATE, lastRpcTime:5055ms, electionTimeout:5051ms
2020-06-27 13:10:06,946 [Thread-1759] INFO  impl.RoleInfo (RoleInfo.java:shutdownFollowerState(121)) - 8dcf8d51-1e28-44e7-81d8-398880dae795: shutdown FollowerState
2020-06-27 13:10:06,946 [Thread-1759] INFO  impl.RaftServerImpl (RaftServerImpl.java:setRole(175)) - 8dcf8d51-1e28-44e7-81d8-398880dae795@group-BB542DD8D3B7: changes role from  FOLLOWER to CANDIDATE at term 0 for changeToCandidate
2020-06-27 13:10:06,947 [Thread-1759] INFO  impl.RoleInfo (RoleInfo.java:updateAndGet(143)) - 8dcf8d51-1e28-44e7-81d8-398880dae795: start LeaderElection
2020-06-27 13:10:06,947 [grpc-default-executor-8] DEBUG impl.RaftServerImpl (RaftServerImpl.java:logAppendEntries(928)) - 8dcf8d51-1e28-44e7-81d8-398880dae795@group-DC6395955895: receive appendEntries(184b46bf-ef61-46dc-b1d3-41467ae6739f, 1, null, -1, false, commits[184b46bf-ef61-46dc-b1d3-41467ae6739f:c-1, 8dcf8d51-1e28-44e7-81d8-398880dae795:c-1, 6b6556c7-e86b-4d09-a7c4-600764c42b3c:c-1], entries: (t:1, i:0), CONFIGURATIONENTRY
2020-06-27 13:10:06,947 [grpc-default-executor-8] INFO  impl.RaftServerImpl (ServerState.java:setRaftConf(356)) - 8dcf8d51-1e28-44e7-81d8-398880dae795@group-DC6395955895: set configuration 0: [184b46bf-ef61-46dc-b1d3-41467ae6739f:172.17.0.2:41953, 8dcf8d51-1e28-44e7-81d8-398880dae795:172.17.0.2:39271, 6b6556c7-e86b-4d09-a7c4-600764c42b3c:172.17.0.2:42637], old=null at 0
2020-06-27 13:10:06,953 [grpc-default-executor-8] INFO  segmented.SegmentedRaftLogWorker (SegmentedRaftLogWorker.java:startLogSegment(397)) - 8dcf8d51-1e28-44e7-81d8-398880dae795@group-DC6395955895-SegmentedRaftLogWorker: Starting segment from index:0
2020-06-27 13:10:06,957 [8dcf8d51-1e28-44e7-81d8-398880dae795@group-DC6395955895-SegmentedRaftLogWorker] INFO  segmented.SegmentedRaftLogWorker (SegmentedRaftLogWorker.java:execute(596)) - 8dcf8d51-1e28-44e7-81d8-398880dae795@group-DC6395955895-SegmentedRaftLogWorker: created new log segment /github/workspace/mnt/ozone/hadoop-ozone/integration-test/target/test-dir/MiniOzoneClusterImpl-be392bf5-6f5b-448a-8365-d7ab1effc2dc/datanode-4/data/ratis/bec1c217-6684-487c-aa35-dc6395955895/current/log_inprogress_0
2020-06-27 13:10:06,957 [grpc-default-executor-9] INFO  ratis.XceiverServerRatis (XceiverServerRatis.java:handleLeaderChangedNotification(762)) - Leader change notification received for group: group-DC6395955895 with new leaderId: 184b46bf-ef61-46dc-b1d3-41467ae6739f
2020-06-27 13:10:06,957 [grpc-default-executor-9] INFO  impl.RaftServerImpl (ServerState.java:setLeader(255)) - 6b6556c7-e86b-4d09-a7c4-600764c42b3c@group-DC6395955895: change Leader from null to 184b46bf-ef61-46dc-b1d3-41467ae6739f at term 1 for appendEntries, leader elected after 5112ms
2020-06-27 13:10:06,958 [8dcf8d51-1e28-44e7-81d8-398880dae795@group-BB542DD8D3B7-LeaderElection63] INFO  impl.LeaderElection (LeaderElection.java:askForVotes(206)) - 8dcf8d51-1e28-44e7-81d8-398880dae795@group-BB542DD8D3B7-LeaderElection63: begin an election at term 1 for -1: [8dcf8d51-1e28-44e7-81d8-398880dae795:172.17.0.2:39271], old=null
2020-06-27 13:10:06,958 [8dcf8d51-1e28-44e7-81d8-398880dae795@group-BB542DD8D3B7-LeaderElection63] INFO  impl.RoleInfo (RoleInfo.java:shutdownLeaderElection(134)) - 8dcf8d51-1e28-44e7-81d8-398880dae795: shutdown LeaderElection
2020-06-27 13:10:06,958 [8dcf8d51-1e28-44e7-81d8-398880dae795@group-BB542DD8D3B7-LeaderElection63] INFO  impl.RaftServerImpl (RaftServerImpl.java:setRole(175)) - 8dcf8d51-1e28-44e7-81d8-398880dae795@group-BB542DD8D3B7: changes role from CANDIDATE to LEADER at term 1 for changeToLeader
2020-06-27 13:10:06,958 [8dcf8d51-1e28-44e7-81d8-398880dae795@group-BB542DD8D3B7-LeaderElection63] INFO  ratis.XceiverServerRatis (XceiverServerRatis.java:handleLeaderChangedNotification(762)) - Leader change notification received for group: group-BB542DD8D3B7 with new leaderId: 8dcf8d51-1e28-44e7-81d8-398880dae795
2020-06-27 13:10:06,958 [grpc-default-executor-9] DEBUG impl.RaftServerImpl (RaftServerImpl.java:logAppendEntries(928)) - 6b6556c7-e86b-4d09-a7c4-600764c42b3c@group-DC6395955895: receive appendEntries(184b46bf-ef61-46dc-b1d3-41467ae6739f, 1, null, 0, false, commits[184b46bf-ef61-46dc-b1d3-41467ae6739f:c0, 8dcf8d51-1e28-44e7-81d8-398880dae795:c-1, 6b6556c7-e86b-4d09-a7c4-600764c42b3c:c-1], entries: (t:1, i:0), CONFIGURATIONENTRY
2020-06-27 13:10:06,958 [8dcf8d51-1e28-44e7-81d8-398880dae795@group-BB542DD8D3B7-LeaderElection63] INFO  impl.RaftServerImpl (ServerState.java:setLeader(255)) - 8dcf8d51-1e28-44e7-81d8-398880dae795@group-BB542DD8D3B7: change Leader from null to 8dcf8d51-1e28-44e7-81d8-398880dae795 at term 1 for becomeLeader, leader elected after 5077ms
2020-06-27 13:10:06,959 [grpc-default-executor-8] DEBUG server.GrpcLogAppender (GrpcLogAppender.java:onNext(257)) - 184b46bf-ef61-46dc-b1d3-41467ae6739f@group-DC6395955895->8dcf8d51-1e28-44e7-81d8-398880dae795-AppendLogResponseHandler: received the first reply 184b46bf-ef61-46dc-b1d3-41467ae6739f<-8dcf8d51-1e28-44e7-81d8-398880dae795#0:OK,SUCCESS,nextIndex:1,term:1,followerCommit:-1, request=AppendEntriesRequest:cid=0,entriesCount=0,lastEntry=null
2020-06-27 13:10:06,966 [8dcf8d51-1e28-44e7-81d8-398880dae795@group-BB542DD8D3B7-LeaderElection63] INFO  server.RaftServerConfigKeys (ConfUtils.java:logGet(44)) - raft.server.staging.catchup.gap = 1000 (default)
2020-06-27 13:10:06,966 [8dcf8d51-1e28-44e7-81d8-398880dae795@group-BB542DD8D3B7-LeaderElection63] INFO  server.RaftServerConfigKeys (ConfUtils.java:logGet(44)) - raft.server.rpc.sleep.time = 25ms (default)
2020-06-27 13:10:06,967 [8dcf8d51-1e28-44e7-81d8-398880dae795@group-BB542DD8D3B7-LeaderElection63] INFO  metrics.RatisMetrics (RatisMetrics.java:lambda$create$0(36)) - Creating Metrics Registry : ratis.log_appender.8dcf8d51-1e28-44e7-81d8-398880dae795@group-BB542DD8D3B7
2020-06-27 13:10:06,967 [8dcf8d51-1e28-44e7-81d8-398880dae795@group-BB542DD8D3B7-LeaderElection63] INFO  server.RaftServerConfigKeys (ConfUtils.java:logGet(44)) - raft.server.write.element-limit = 1024 (custom)
2020-06-27 13:10:06,967 [8dcf8d51-1e28-44e7-81d8-398880dae795@group-BB542DD8D3B7-LeaderElection63] INFO  server.RaftServerConfigKeys (ConfUtils.java:logGet(44)) - raft.server.write.byte-limit = 1073741824 (custom)
2020-06-27 13:10:06,967 [grpc-default-executor-9] INFO  impl.RaftServerImpl (ServerState.java:setRaftConf(356)) - 6b6556c7-e86b-4d09-a7c4-600764c42b3c@group-DC6395955895: set configuration 0: [184b46bf-ef61-46dc-b1d3-41467ae6739f:172.17.0.2:41953, 8dcf8d51-1e28-44e7-81d8-398880dae795:172.17.0.2:39271, 6b6556c7-e86b-4d09-a7c4-600764c42b3c:172.17.0.2:42637], old=null at 0
2020-06-27 13:10:06,968 [Thread-1816] DEBUG impl.RaftServerImpl (RaftServerImpl.java:logAppendEntries(928)) - 8dcf8d51-1e28-44e7-81d8-398880dae795@group-DC6395955895: succeeded to handle AppendEntries. Reply: 184b46bf-ef61-46dc-b1d3-41467ae6739f<-8dcf8d51-1e28-44e7-81d8-398880dae795#1:OK,SUCCESS,nextIndex:1,term:1,followerCommit:-1
2020-06-27 13:10:06,968 [grpc-default-executor-8] DEBUG server.GrpcLogAppender (GrpcLogAppender.java:onNext(257)) - 184b46bf-ef61-46dc-b1d3-41467ae6739f@group-DC6395955895->8dcf8d51-1e28-44e7-81d8-398880dae795-AppendLogResponseHandler: received a reply 184b46bf-ef61-46dc-b1d3-41467ae6739f<-8dcf8d51-1e28-44e7-81d8-398880dae795#1:OK,SUCCESS,nextIndex:1,term:1,followerCommit:-1, request=AppendEntriesRequest:cid=1,entriesCount=1,lastEntry=(t:1, i:0)
2020-06-27 13:10:06,970 [grpc-default-executor-9] INFO  segmented.SegmentedRaftLogWorker (SegmentedRaftLogWorker.java:startLogSegment(397)) - 6b6556c7-e86b-4d09-a7c4-600764c42b3c@group-DC6395955895-SegmentedRaftLogWorker: Starting segment from index:0
2020-06-27 13:10:06,971 [8dcf8d51-1e28-44e7-81d8-398880dae795@group-BB542DD8D3B7-LeaderElection63] INFO  server.RaftServerConfigKeys (ConfUtils.java:logGet(44)) - raft.server.watch.timeout = 3s (custom)
2020-06-27 13:10:06,971 [8dcf8d51-1e28-44e7-81d8-398880dae795@group-BB542DD8D3B7-LeaderElection63] INFO  server.RaftServerConfigKeys (ConfUtils.java:logGet(44)) - raft.server.watch.timeout.denomination = 1s (default)
2020-06-27 13:10:06,971 [8dcf8d51-1e28-44e7-81d8-398880dae795@group-BB542DD8D3B7-LeaderElection63] INFO  server.RaftServerConfigKeys (ConfUtils.java:logGet(44)) - raft.server.watch.element-limit = 65536 (default)
2020-06-27 13:10:06,971 [grpc-default-executor-8] DEBUG server.GrpcLogAppender (GrpcLogAppender.java:onNext(257)) - 184b46bf-ef61-46dc-b1d3-41467ae6739f@group-DC6395955895->6b6556c7-e86b-4d09-a7c4-600764c42b3c-AppendLogResponseHandler: received the first reply 184b46bf-ef61-46dc-b1d3-41467ae6739f<-6b6556c7-e86b-4d09-a7c4-600764c42b3c#0:OK,SUCCESS,nextIndex:1,term:1,followerCommit:-1, request=AppendEntriesRequest:cid=0,entriesCount=0,lastEntry=null
2020-06-27 13:10:06,971 [8dcf8d51-1e28-44e7-81d8-398880dae795@group-BB542DD8D3B7-LeaderElection63] INFO  impl.RoleInfo (RoleInfo.java:updateAndGet(143)) - 8dcf8d51-1e28-44e7-81d8-398880dae795: start LeaderState
2020-06-27 13:10:06,972 [6b6556c7-e86b-4d09-a7c4-600764c42b3c@group-DC6395955895-SegmentedRaftLogWorker] INFO  segmented.SegmentedRaftLogWorker (SegmentedRaftLogWorker.java:execute(596)) - 6b6556c7-e86b-4d09-a7c4-600764c42b3c@group-DC6395955895-SegmentedRaftLogWorker: created new log segment /github/workspace/mnt/ozone/hadoop-ozone/integration-test/target/test-dir/MiniOzoneClusterImpl-be392bf5-6f5b-448a-8365-d7ab1effc2dc/datanode-3/data/ratis/bec1c217-6684-487c-aa35-dc6395955895/current/log_inprogress_0
2020-06-27 13:10:06,973 [8dcf8d51-1e28-44e7-81d8-398880dae795@group-BB542DD8D3B7-LeaderElection63] INFO  segmented.SegmentedRaftLogWorker (SegmentedRaftLogWorker.java:startLogSegment(397)) - 8dcf8d51-1e28-44e7-81d8-398880dae795@group-BB542DD8D3B7-SegmentedRaftLogWorker: Starting segment from index:0
2020-06-27 13:10:06,974 [8dcf8d51-1e28-44e7-81d8-398880dae795@group-BB542DD8D3B7-SegmentedRaftLogWorker] INFO  segmented.SegmentedRaftLogWorker (SegmentedRaftLogWorker.java:execute(596)) - 8dcf8d51-1e28-44e7-81d8-398880dae795@group-BB542DD8D3B7-SegmentedRaftLogWorker: created new log segment /github/workspace/mnt/ozone/hadoop-ozone/integration-test/target/test-dir/MiniOzoneClusterImpl-be392bf5-6f5b-448a-8365-d7ab1effc2dc/datanode-4/data/ratis/a1684476-5a70-4a49-b778-bb542dd8d3b7/current/log_inprogress_0
2020-06-27 13:10:06,977 [8dcf8d51-1e28-44e7-81d8-398880dae795@group-BB542DD8D3B7-LeaderElection63] INFO  impl.RaftServerImpl (ServerState.java:setRaftConf(356)) - 8dcf8d51-1e28-44e7-81d8-398880dae795@group-BB542DD8D3B7: set configuration 0: [8dcf8d51-1e28-44e7-81d8-398880dae795:172.17.0.2:39271], old=null at 0
2020-06-27 13:10:06,977 [Thread-1818] DEBUG impl.RaftServerImpl (RaftServerImpl.java:logAppendEntries(928)) - 6b6556c7-e86b-4d09-a7c4-600764c42b3c@group-DC6395955895: succeeded to handle AppendEntries. Reply: 184b46bf-ef61-46dc-b1d3-41467ae6739f<-6b6556c7-e86b-4d09-a7c4-600764c42b3c#1:OK,SUCCESS,nextIndex:1,term:1,followerCommit:0
2020-06-27 13:10:06,977 [grpc-default-executor-8] DEBUG server.GrpcLogAppender (GrpcLogAppender.java:onNext(257)) - 184b46bf-ef61-46dc-b1d3-41467ae6739f@group-DC6395955895->6b6556c7-e86b-4d09-a7c4-600764c42b3c-AppendLogResponseHandler: received a reply 184b46bf-ef61-46dc-b1d3-41467ae6739f<-6b6556c7-e86b-4d09-a7c4-600764c42b3c#1:OK,SUCCESS,nextIndex:1,term:1,followerCommit:0, request=AppendEntriesRequest:cid=1,entriesCount=1,lastEntry=(t:1, i:0)
2020-06-27 13:10:07,037 [Thread-1766] INFO  impl.FollowerState (FollowerState.java:run(108)) - 184b46bf-ef61-46dc-b1d3-41467ae6739f@group-565A48E046FE-FollowerState: change to CANDIDATE, lastRpcTime:5091ms, electionTimeout:5079ms
2020-06-27 13:10:07,038 [Thread-1766] INFO  impl.RoleInfo (RoleInfo.java:shutdownFollowerState(121)) - 184b46bf-ef61-46dc-b1d3-41467ae6739f: shutdown FollowerState
2020-06-27 13:10:07,038 [Thread-1766] INFO  impl.RaftServerImpl (RaftServerImpl.java:setRole(175)) - 184b46bf-ef61-46dc-b1d3-41467ae6739f@group-565A48E046FE: changes role from  FOLLOWER to CANDIDATE at term 0 for changeToCandidate
2020-06-27 13:10:07,038 [Thread-1766] INFO  impl.RoleInfo (RoleInfo.java:updateAndGet(143)) - 184b46bf-ef61-46dc-b1d3-41467ae6739f: start LeaderElection
2020-06-27 13:10:07,042 [184b46bf-ef61-46dc-b1d3-41467ae6739f@group-565A48E046FE-LeaderElection64] INFO  impl.LeaderElection (LeaderElection.java:askForVotes(206)) - 184b46bf-ef61-46dc-b1d3-41467ae6739f@group-565A48E046FE-LeaderElection64: begin an election at term 1 for -1: [184b46bf-ef61-46dc-b1d3-41467ae6739f:172.17.0.2:41953], old=null
2020-06-27 13:10:07,042 [184b46bf-ef61-46dc-b1d3-41467ae6739f@group-565A48E046FE-LeaderElection64] INFO  impl.RoleInfo (RoleInfo.java:shutdownLeaderElection(134)) - 184b46bf-ef61-46dc-b1d3-41467ae6739f: shutdown LeaderElection
2020-06-27 13:10:07,043 [184b46bf-ef61-46dc-b1d3-41467ae6739f@group-565A48E046FE-LeaderElection64] INFO  impl.RaftServerImpl (RaftServerImpl.java:setRole(175)) - 184b46bf-ef61-46dc-b1d3-41467ae6739f@group-565A48E046FE: changes role from CANDIDATE to LEADER at term 1 for changeToLeader
2020-06-27 13:10:07,043 [184b46bf-ef61-46dc-b1d3-41467ae6739f@group-565A48E046FE-LeaderElection64] INFO  ratis.XceiverServerRatis (XceiverServerRatis.java:handleLeaderChangedNotification(762)) - Leader change notification received for group: group-565A48E046FE with new leaderId: 184b46bf-ef61-46dc-b1d3-41467ae6739f
2020-06-27 13:10:07,044 [184b46bf-ef61-46dc-b1d3-41467ae6739f@group-565A48E046FE-LeaderElection64] INFO  impl.RaftServerImpl (ServerState.java:setLeader(255)) - 184b46bf-ef61-46dc-b1d3-41467ae6739f@group-565A48E046FE: change Leader from null to 184b46bf-ef61-46dc-b1d3-41467ae6739f at term 1 for becomeLeader, leader elected after 5111ms
2020-06-27 13:10:07,044 [184b46bf-ef61-46dc-b1d3-41467ae6739f@group-565A48E046FE-LeaderElection64] INFO  server.RaftServerConfigKeys (ConfUtils.java:logGet(44)) - raft.server.staging.catchup.gap = 1000 (default)
2020-06-27 13:10:07,044 [184b46bf-ef61-46dc-b1d3-41467ae6739f@group-565A48E046FE-LeaderElection64] INFO  server.RaftServerConfigKeys (ConfUtils.java:logGet(44)) - raft.server.rpc.sleep.time = 25ms (default)
2020-06-27 13:10:07,044 [184b46bf-ef61-46dc-b1d3-41467ae6739f@group-565A48E046FE-LeaderElection64] INFO  metrics.RatisMetrics (RatisMetrics.java:lambda$create$0(36)) - Creating Metrics Registry : ratis.log_appender.184b46bf-ef61-46dc-b1d3-41467ae6739f@group-565A48E046FE
2020-06-27 13:10:07,044 [184b46bf-ef61-46dc-b1d3-41467ae6739f@group-565A48E046FE-LeaderElection64] INFO  server.RaftServerConfigKeys (ConfUtils.java:logGet(44)) - raft.server.write.element-limit = 1024 (custom)
2020-06-27 13:10:07,044 [184b46bf-ef61-46dc-b1d3-41467ae6739f@group-565A48E046FE-LeaderElection64] INFO  server.RaftServerConfigKeys (ConfUtils.java:logGet(44)) - raft.server.write.byte-limit = 1073741824 (custom)
2020-06-27 13:10:07,045 [184b46bf-ef61-46dc-b1d3-41467ae6739f@group-565A48E046FE-LeaderElection64] INFO  server.RaftServerConfigKeys (ConfUtils.java:logGet(44)) - raft.server.watch.timeout = 3s (custom)
2020-06-27 13:10:07,045 [184b46bf-ef61-46dc-b1d3-41467ae6739f@group-565A48E046FE-LeaderElection64] INFO  server.RaftServerConfigKeys (ConfUtils.java:logGet(44)) - raft.server.watch.timeout.denomination = 1s (default)
2020-06-27 13:10:07,045 [184b46bf-ef61-46dc-b1d3-41467ae6739f@group-565A48E046FE-LeaderElection64] INFO  server.RaftServerConfigKeys (ConfUtils.java:logGet(44)) - raft.server.watch.element-limit = 65536 (default)
2020-06-27 13:10:07,045 [184b46bf-ef61-46dc-b1d3-41467ae6739f@group-565A48E046FE-LeaderElection64] INFO  impl.RoleInfo (RoleInfo.java:updateAndGet(143)) - 184b46bf-ef61-46dc-b1d3-41467ae6739f: start LeaderState
2020-06-27 13:10:07,046 [184b46bf-ef61-46dc-b1d3-41467ae6739f@group-565A48E046FE-LeaderElection64] INFO  segmented.SegmentedRaftLogWorker (SegmentedRaftLogWorker.java:startLogSegment(397)) - 184b46bf-ef61-46dc-b1d3-41467ae6739f@group-565A48E046FE-SegmentedRaftLogWorker: Starting segment from index:0
2020-06-27 13:10:07,047 [184b46bf-ef61-46dc-b1d3-41467ae6739f@group-565A48E046FE-SegmentedRaftLogWorker] INFO  segmented.SegmentedRaftLogWorker (SegmentedRaftLogWorker.java:execute(596)) - 184b46bf-ef61-46dc-b1d3-41467ae6739f@group-565A48E046FE-SegmentedRaftLogWorker: created new log segment /github/workspace/mnt/ozone/hadoop-ozone/integration-test/target/test-dir/MiniOzoneClusterImpl-be392bf5-6f5b-448a-8365-d7ab1effc2dc/datanode-5/data/ratis/97dfab4a-5830-4333-9ad1-565a48e046fe/current/log_inprogress_0
2020-06-27 13:10:07,047 [184b46bf-ef61-46dc-b1d3-41467ae6739f@group-565A48E046FE-LeaderElection64] INFO  impl.RaftServerImpl (ServerState.java:setRaftConf(356)) - 184b46bf-ef61-46dc-b1d3-41467ae6739f@group-565A48E046FE: set configuration 0: [184b46bf-ef61-46dc-b1d3-41467ae6739f:172.17.0.2:41953], old=null at 0
2020-06-27 13:10:07,083 [Thread-1776] INFO  impl.FollowerState (FollowerState.java:run(108)) - 0f19b122-cd9b-47a6-95cf-d36138869577@group-BF331DA8E646-FollowerState: change to CANDIDATE, lastRpcTime:5007ms, electionTimeout:5002ms
2020-06-27 13:10:07,083 [Thread-1776] INFO  impl.RoleInfo (RoleInfo.java:shutdownFollowerState(121)) - 0f19b122-cd9b-47a6-95cf-d36138869577: shutdown FollowerState
2020-06-27 13:10:07,083 [Thread-1776] INFO  impl.RaftServerImpl (RaftServerImpl.java:setRole(175)) - 0f19b122-cd9b-47a6-95cf-d36138869577@group-BF331DA8E646: changes role from  FOLLOWER to CANDIDATE at term 0 for changeToCandidate
2020-06-27 13:10:07,083 [Thread-1776] INFO  impl.RoleInfo (RoleInfo.java:updateAndGet(143)) - 0f19b122-cd9b-47a6-95cf-d36138869577: start LeaderElection
2020-06-27 13:10:07,086 [0f19b122-cd9b-47a6-95cf-d36138869577@group-BF331DA8E646-LeaderElection65] INFO  impl.LeaderElection (LeaderElection.java:askForVotes(206)) - 0f19b122-cd9b-47a6-95cf-d36138869577@group-BF331DA8E646-LeaderElection65: begin an election at term 1 for -1: [0f19b122-cd9b-47a6-95cf-d36138869577:172.17.0.2:38029], old=null
2020-06-27 13:10:07,086 [0f19b122-cd9b-47a6-95cf-d36138869577@group-BF331DA8E646-LeaderElection65] INFO  impl.RoleInfo (RoleInfo.java:shutdownLeaderElection(134)) - 0f19b122-cd9b-47a6-95cf-d36138869577: shutdown LeaderElection
2020-06-27 13:10:07,086 [0f19b122-cd9b-47a6-95cf-d36138869577@group-BF331DA8E646-LeaderElection65] INFO  impl.RaftServerImpl (RaftServerImpl.java:setRole(175)) - 0f19b122-cd9b-47a6-95cf-d36138869577@group-BF331DA8E646: changes role from CANDIDATE to LEADER at term 1 for changeToLeader
2020-06-27 13:10:07,086 [0f19b122-cd9b-47a6-95cf-d36138869577@group-BF331DA8E646-LeaderElection65] INFO  ratis.XceiverServerRatis (XceiverServerRatis.java:handleLeaderChangedNotification(762)) - Leader change notification received for group: group-BF331DA8E646 with new leaderId: 0f19b122-cd9b-47a6-95cf-d36138869577
2020-06-27 13:10:07,086 [0f19b122-cd9b-47a6-95cf-d36138869577@group-BF331DA8E646-LeaderElection65] INFO  impl.RaftServerImpl (ServerState.java:setLeader(255)) - 0f19b122-cd9b-47a6-95cf-d36138869577@group-BF331DA8E646: change Leader from null to 0f19b122-cd9b-47a6-95cf-d36138869577 at term 1 for becomeLeader, leader elected after 5026ms
2020-06-27 13:10:07,087 [0f19b122-cd9b-47a6-95cf-d36138869577@group-BF331DA8E646-LeaderElection65] INFO  server.RaftServerConfigKeys (ConfUtils.java:logGet(44)) - raft.server.staging.catchup.gap = 1000 (default)
2020-06-27 13:10:07,087 [0f19b122-cd9b-47a6-95cf-d36138869577@group-BF331DA8E646-LeaderElection65] INFO  server.RaftServerConfigKeys (ConfUtils.java:logGet(44)) - raft.server.rpc.sleep.time = 25ms (default)
2020-06-27 13:10:07,087 [0f19b122-cd9b-47a6-95cf-d36138869577@group-BF331DA8E646-LeaderElection65] INFO  metrics.RatisMetrics (RatisMetrics.java:lambda$create$0(36)) - Creating Metrics Registry : ratis.log_appender.0f19b122-cd9b-47a6-95cf-d36138869577@group-BF331DA8E646
2020-06-27 13:10:07,087 [0f19b122-cd9b-47a6-95cf-d36138869577@group-BF331DA8E646-LeaderElection65] INFO  server.RaftServerConfigKeys (ConfUtils.java:logGet(44)) - raft.server.write.element-limit = 1024 (custom)
2020-06-27 13:10:07,088 [0f19b122-cd9b-47a6-95cf-d36138869577@group-BF331DA8E646-LeaderElection65] INFO  server.RaftServerConfigKeys (ConfUtils.java:logGet(44)) - raft.server.write.byte-limit = 1073741824 (custom)
2020-06-27 13:10:07,088 [0f19b122-cd9b-47a6-95cf-d36138869577@group-BF331DA8E646-LeaderElection65] INFO  server.RaftServerConfigKeys (ConfUtils.java:logGet(44)) - raft.server.watch.timeout = 3s (custom)
2020-06-27 13:10:07,088 [0f19b122-cd9b-47a6-95cf-d36138869577@group-BF331DA8E646-LeaderElection65] INFO  server.RaftServerConfigKeys (ConfUtils.java:logGet(44)) - raft.server.watch.timeout.denomination = 1s (default)
2020-06-27 13:10:07,088 [0f19b122-cd9b-47a6-95cf-d36138869577@group-BF331DA8E646-LeaderElection65] INFO  server.RaftServerConfigKeys (ConfUtils.java:logGet(44)) - raft.server.watch.element-limit = 65536 (default)
2020-06-27 13:10:07,088 [0f19b122-cd9b-47a6-95cf-d36138869577@group-BF331DA8E646-LeaderElection65] INFO  impl.RoleInfo (RoleInfo.java:updateAndGet(143)) - 0f19b122-cd9b-47a6-95cf-d36138869577: start LeaderState
2020-06-27 13:10:07,089 [0f19b122-cd9b-47a6-95cf-d36138869577@group-BF331DA8E646-LeaderElection65] INFO  segmented.SegmentedRaftLogWorker (SegmentedRaftLogWorker.java:startLogSegment(397)) - 0f19b122-cd9b-47a6-95cf-d36138869577@group-BF331DA8E646-SegmentedRaftLogWorker: Starting segment from index:0
2020-06-27 13:10:07,089 [0f19b122-cd9b-47a6-95cf-d36138869577@group-BF331DA8E646-LeaderElection65] INFO  impl.RaftServerImpl (ServerState.java:setRaftConf(356)) - 0f19b122-cd9b-47a6-95cf-d36138869577@group-BF331DA8E646: set configuration 0: [0f19b122-cd9b-47a6-95cf-d36138869577:172.17.0.2:38029], old=null at 0
2020-06-27 13:10:07,090 [0f19b122-cd9b-47a6-95cf-d36138869577@group-BF331DA8E646-SegmentedRaftLogWorker] INFO  segmented.SegmentedRaftLogWorker (SegmentedRaftLogWorker.java:execute(596)) - 0f19b122-cd9b-47a6-95cf-d36138869577@group-BF331DA8E646-SegmentedRaftLogWorker: created new log segment /github/workspace/mnt/ozone/hadoop-ozone/integration-test/target/test-dir/MiniOzoneClusterImpl-be392bf5-6f5b-448a-8365-d7ab1effc2dc/datanode-7/data/ratis/ec346239-38d9-42a1-9cdf-bf331da8e646/current/log_inprogress_0
2020-06-27 13:10:07,098 [Thread-1773] INFO  impl.FollowerState (FollowerState.java:run(108)) - 0201d36d-1085-4799-9661-b850b2c36954@group-BFDC5685728E-FollowerState: change to CANDIDATE, lastRpcTime:5042ms, electionTimeout:5040ms
2020-06-27 13:10:07,098 [Thread-1773] INFO  impl.RoleInfo (RoleInfo.java:shutdownFollowerState(121)) - 0201d36d-1085-4799-9661-b850b2c36954: shutdown FollowerState
2020-06-27 13:10:07,098 [Thread-1773] INFO  impl.RaftServerImpl (RaftServerImpl.java:setRole(175)) - 0201d36d-1085-4799-9661-b850b2c36954@group-BFDC5685728E: changes role from  FOLLOWER to CANDIDATE at term 0 for changeToCandidate
2020-06-27 13:10:07,099 [Thread-1773] INFO  impl.RoleInfo (RoleInfo.java:updateAndGet(143)) - 0201d36d-1085-4799-9661-b850b2c36954: start LeaderElection
2020-06-27 13:10:07,104 [0201d36d-1085-4799-9661-b850b2c36954@group-BFDC5685728E-LeaderElection66] INFO  impl.LeaderElection (LeaderElection.java:askForVotes(206)) - 0201d36d-1085-4799-9661-b850b2c36954@group-BFDC5685728E-LeaderElection66: begin an election at term 1 for -1: [be204a00-db90-4592-9b0e-cef66b76ef3d:172.17.0.2:37437, 0201d36d-1085-4799-9661-b850b2c36954:172.17.0.2:35501, 0f19b122-cd9b-47a6-95cf-d36138869577:172.17.0.2:38029], old=null
2020-06-27 13:10:07,106 [Listener at 127.0.0.1/42033] INFO  ozone.MiniOzoneClusterImpl (MiniOzoneClusterImpl.java:lambda$waitForClusterToBeReady$0(177)) - Nodes are ready. Got 9 of 9 DN Heartbeats.
2020-06-27 13:10:07,106 [Listener at 127.0.0.1/42033] INFO  ozone.MiniOzoneClusterImpl (MiniOzoneClusterImpl.java:lambda$waitForClusterToBeReady$0(180)) - Cluster exits safe mode
2020-06-27 13:10:07,112 [grpc-default-executor-8] DEBUG impl.RaftServerImpl (RaftServerImpl.java:requestVote(821)) - be204a00-db90-4592-9b0e-cef66b76ef3d@group-BFDC5685728E: receive requestVote(0201d36d-1085-4799-9661-b850b2c36954, group-BFDC5685728E, 1, (t:0, i:0))
2020-06-27 13:10:07,119 [grpc-default-executor-8] INFO  impl.RaftServerImpl (RaftServerImpl.java:setRole(175)) - be204a00-db90-4592-9b0e-cef66b76ef3d@group-BFDC5685728E: changes role from  FOLLOWER to FOLLOWER at term 1 for recognizeCandidate:0201d36d-1085-4799-9661-b850b2c36954
2020-06-27 13:10:07,120 [grpc-default-executor-8] INFO  impl.RoleInfo (RoleInfo.java:shutdownFollowerState(121)) - be204a00-db90-4592-9b0e-cef66b76ef3d: shutdown FollowerState
2020-06-27 13:10:07,120 [grpc-default-executor-8] INFO  impl.RoleInfo (RoleInfo.java:updateAndGet(143)) - be204a00-db90-4592-9b0e-cef66b76ef3d: start FollowerState
2020-06-27 13:10:07,121 [Thread-1771] INFO  impl.FollowerState (FollowerState.java:run(117)) - be204a00-db90-4592-9b0e-cef66b76ef3d@group-BFDC5685728E-FollowerState was interrupted: java.lang.InterruptedException: sleep interrupted
2020-06-27 13:10:07,120 [grpc-default-executor-9] DEBUG impl.RaftServerImpl (RaftServerImpl.java:requestVote(821)) - 0f19b122-cd9b-47a6-95cf-d36138869577@group-BFDC5685728E: receive requestVote(0201d36d-1085-4799-9661-b850b2c36954, group-BFDC5685728E, 1, (t:0, i:0))
2020-06-27 13:10:07,123 [Thread-1781] INFO  impl.FollowerState (FollowerState.java:run(108)) - 0201d36d-1085-4799-9661-b850b2c36954@group-2BFFC7BAEC8E-FollowerState: change to CANDIDATE, lastRpcTime:5012ms, electionTimeout:5012ms
2020-06-27 13:10:07,123 [Thread-1781] INFO  impl.RoleInfo (RoleInfo.java:shutdownFollowerState(121)) - 0201d36d-1085-4799-9661-b850b2c36954: shutdown FollowerState
2020-06-27 13:10:07,123 [Thread-1781] INFO  impl.RaftServerImpl (RaftServerImpl.java:setRole(175)) - 0201d36d-1085-4799-9661-b850b2c36954@group-2BFFC7BAEC8E: changes role from  FOLLOWER to CANDIDATE at term 0 for changeToCandidate
2020-06-27 13:10:07,124 [Thread-1781] INFO  impl.RoleInfo (RoleInfo.java:updateAndGet(143)) - 0201d36d-1085-4799-9661-b850b2c36954: start LeaderElection
2020-06-27 13:10:07,124 [grpc-default-executor-8] DEBUG impl.RaftServerImpl (RaftServerImpl.java:requestVote(853)) - be204a00-db90-4592-9b0e-cef66b76ef3d@group-BFDC5685728E replies to vote request: 0201d36d-1085-4799-9661-b850b2c36954<-be204a00-db90-4592-9b0e-cef66b76ef3d#0:OK-t1. Peer's state: be204a00-db90-4592-9b0e-cef66b76ef3d@group-BFDC5685728E:t1, leader=null, voted=0201d36d-1085-4799-9661-b850b2c36954, raftlog=be204a00-db90-4592-9b0e-cef66b76ef3d@group-BFDC5685728E-SegmentedRaftLog:OPENED:c-1,f-1,i0, conf=-1: [be204a00-db90-4592-9b0e-cef66b76ef3d:172.17.0.2:37437, 0201d36d-1085-4799-9661-b850b2c36954:172.17.0.2:35501, 0f19b122-cd9b-47a6-95cf-d36138869577:172.17.0.2:38029], old=null
2020-06-27 13:10:07,124 [grpc-default-executor-9] INFO  impl.RaftServerImpl (RaftServerImpl.java:setRole(175)) - 0f19b122-cd9b-47a6-95cf-d36138869577@group-BFDC5685728E: changes role from  FOLLOWER to FOLLOWER at term 1 for recognizeCandidate:0201d36d-1085-4799-9661-b850b2c36954
2020-06-27 13:10:07,124 [grpc-default-executor-9] INFO  impl.RoleInfo (RoleInfo.java:shutdownFollowerState(121)) - 0f19b122-cd9b-47a6-95cf-d36138869577: shutdown FollowerState
2020-06-27 13:10:07,124 [grpc-default-executor-9] INFO  impl.RoleInfo (RoleInfo.java:updateAndGet(143)) - 0f19b122-cd9b-47a6-95cf-d36138869577: start FollowerState
2020-06-27 13:10:07,124 [Thread-1778] INFO  impl.FollowerState (FollowerState.java:run(117)) - 0f19b122-cd9b-47a6-95cf-d36138869577@group-BFDC5685728E-FollowerState was interrupted: java.lang.InterruptedException: sleep interrupted
2020-06-27 13:10:07,128 [0201d36d-1085-4799-9661-b850b2c36954@group-BFDC5685728E-LeaderElection66] INFO  impl.LeaderElection (LeaderElection.java:logAndReturn(61)) - 0201d36d-1085-4799-9661-b850b2c36954@group-BFDC5685728E-LeaderElection66: Election PASSED; received 1 response(s) [0201d36d-1085-4799-9661-b850b2c36954<-be204a00-db90-4592-9b0e-cef66b76ef3d#0:OK-t1] and 0 exception(s); 0201d36d-1085-4799-9661-b850b2c36954@group-BFDC5685728E:t1, leader=null, voted=0201d36d-1085-4799-9661-b850b2c36954, raftlog=0201d36d-1085-4799-9661-b850b2c36954@group-BFDC5685728E-SegmentedRaftLog:OPENED:c-1,f-1,i0, conf=-1: [be204a00-db90-4592-9b0e-cef66b76ef3d:172.17.0.2:37437, 0201d36d-1085-4799-9661-b850b2c36954:172.17.0.2:35501, 0f19b122-cd9b-47a6-95cf-d36138869577:172.17.0.2:38029], old=null
2020-06-27 13:10:07,128 [0201d36d-1085-4799-9661-b850b2c36954@group-BFDC5685728E-LeaderElection66] INFO  impl.RoleInfo (RoleInfo.java:shutdownLeaderElection(134)) - 0201d36d-1085-4799-9661-b850b2c36954: shutdown LeaderElection
2020-06-27 13:10:07,128 [0201d36d-1085-4799-9661-b850b2c36954@group-BFDC5685728E-LeaderElection66] INFO  impl.RaftServerImpl (RaftServerImpl.java:setRole(175)) - 0201d36d-1085-4799-9661-b850b2c36954@group-BFDC5685728E: changes role from CANDIDATE to LEADER at term 1 for changeToLeader
2020-06-27 13:10:07,128 [0201d36d-1085-4799-9661-b850b2c36954@group-BFDC5685728E-LeaderElection66] INFO  ratis.XceiverServerRatis (XceiverServerRatis.java:handleLeaderChangedNotification(762)) - Leader change notification received for group: group-BFDC5685728E with new leaderId: 0201d36d-1085-4799-9661-b850b2c36954
2020-06-27 13:10:07,128 [Listener at 127.0.0.1/42033] INFO  rpc.RpcClient (RpcClient.java:createVolume(310)) - Creating Volume: watchforcommithandlingtest, with jenkins1001 as owner.
2020-06-27 13:10:07,127 [grpc-default-executor-9] DEBUG impl.RaftServerImpl (RaftServerImpl.java:requestVote(853)) - 0f19b122-cd9b-47a6-95cf-d36138869577@group-BFDC5685728E replies to vote request: 0201d36d-1085-4799-9661-b850b2c36954<-0f19b122-cd9b-47a6-95cf-d36138869577#0:OK-t1. Peer's state: 0f19b122-cd9b-47a6-95cf-d36138869577@group-BFDC5685728E:t1, leader=null, voted=0201d36d-1085-4799-9661-b850b2c36954, raftlog=0f19b122-cd9b-47a6-95cf-d36138869577@group-BFDC5685728E-SegmentedRaftLog:OPENED:c-1,f-1,i0, conf=-1: [be204a00-db90-4592-9b0e-cef66b76ef3d:172.17.0.2:37437, 0201d36d-1085-4799-9661-b850b2c36954:172.17.0.2:35501, 0f19b122-cd9b-47a6-95cf-d36138869577:172.17.0.2:38029], old=null
2020-06-27 13:10:07,128 [0201d36d-1085-4799-9661-b850b2c36954@group-BFDC5685728E-LeaderElection66] INFO  impl.RaftServerImpl (ServerState.java:setLeader(255)) - 0201d36d-1085-4799-9661-b850b2c36954@group-BFDC5685728E: change Leader from null to 0201d36d-1085-4799-9661-b850b2c36954 at term 1 for becomeLeader, leader elected after 5085ms
2020-06-27 13:10:07,131 [EventQueue-PipelineReportForPipelineReportHandler] INFO  pipeline.PipelineStateManager (PipelineStateManager.java:openPipeline(131)) - Pipeline Pipeline[ Id: cf68dc9b-7264-46a4-a71a-bfdc5685728e, Nodes: be204a00-db90-4592-9b0e-cef66b76ef3d{ip: 172.17.0.2, host: 8c26f3e475a5, networkLocation: /default-rack, certSerialId: null}0201d36d-1085-4799-9661-b850b2c36954{ip: 172.17.0.2, host: 8c26f3e475a5, networkLocation: /default-rack, certSerialId: null}0f19b122-cd9b-47a6-95cf-d36138869577{ip: 172.17.0.2, host: 8c26f3e475a5, networkLocation: /default-rack, certSerialId: null}, Type:RATIS, Factor:THREE, State:ALLOCATED, leaderId:0201d36d-1085-4799-9661-b850b2c36954, CreationTimestamp2020-06-27T13:09:59.101Z] moved to OPEN state
2020-06-27 13:10:07,133 [0201d36d-1085-4799-9661-b850b2c36954@group-BFDC5685728E-LeaderElection66] INFO  server.RaftServerConfigKeys (ConfUtils.java:logGet(44)) - raft.server.staging.catchup.gap = 1000 (default)
2020-06-27 13:10:07,134 [0201d36d-1085-4799-9661-b850b2c36954@group-BFDC5685728E-LeaderElection66] INFO  server.RaftServerConfigKeys (ConfUtils.java:logGet(44)) - raft.server.rpc.sleep.time = 25ms (default)
2020-06-27 13:10:07,134 [0201d36d-1085-4799-9661-b850b2c36954@group-BFDC5685728E-LeaderElection66] INFO  metrics.RatisMetrics (RatisMetrics.java:lambda$create$0(36)) - Creating Metrics Registry : ratis.log_appender.0201d36d-1085-4799-9661-b850b2c36954@group-BFDC5685728E
2020-06-27 13:10:07,134 [0201d36d-1085-4799-9661-b850b2c36954@group-BFDC5685728E-LeaderElection66] INFO  server.RaftServerConfigKeys (ConfUtils.java:logGet(44)) - raft.server.write.element-limit = 1024 (custom)
2020-06-27 13:10:07,134 [0201d36d-1085-4799-9661-b850b2c36954@group-BFDC5685728E-LeaderElection66] INFO  server.RaftServerConfigKeys (ConfUtils.java:logGet(44)) - raft.server.write.byte-limit = 1073741824 (custom)
2020-06-27 13:10:07,135 [0201d36d-1085-4799-9661-b850b2c36954@group-BFDC5685728E-LeaderElection66] INFO  server.RaftServerConfigKeys (ConfUtils.java:logGet(44)) - raft.server.watch.timeout = 3s (custom)
2020-06-27 13:10:07,135 [0201d36d-1085-4799-9661-b850b2c36954@group-BFDC5685728E-LeaderElection66] INFO  server.RaftServerConfigKeys (ConfUtils.java:logGet(44)) - raft.server.watch.timeout.denomination = 1s (default)
2020-06-27 13:10:07,135 [0201d36d-1085-4799-9661-b850b2c36954@group-BFDC5685728E-LeaderElection66] INFO  server.RaftServerConfigKeys (ConfUtils.java:logGet(44)) - raft.server.watch.element-limit = 65536 (default)
2020-06-27 13:10:07,135 [0201d36d-1085-4799-9661-b850b2c36954@group-BFDC5685728E-LeaderElection66] INFO  server.RaftServerConfigKeys (ConfUtils.java:logGet(44)) - raft.server.log.appender.snapshot.chunk.size.max = 16MB (=16777216) (default)
2020-06-27 13:10:07,135 [0201d36d-1085-4799-9661-b850b2c36954@group-BFDC5685728E-LeaderElection66] INFO  server.RaftServerConfigKeys (ConfUtils.java:logGet(44)) - raft.server.log.appender.buffer.byte-limit = 33554432 (custom)
2020-06-27 13:10:07,135 [0201d36d-1085-4799-9661-b850b2c36954@group-BFDC5685728E-LeaderElection66] INFO  server.RaftServerConfigKeys (ConfUtils.java:logGet(44)) - raft.server.log.appender.buffer.element-limit = 1 (custom)
2020-06-27 13:10:07,135 [0201d36d-1085-4799-9661-b850b2c36954@group-BFDC5685728E-LeaderElection66] INFO  grpc.GrpcConfigKeys (ConfUtils.java:logGet(44)) - raft.grpc.server.leader.outstanding.appends.max = 128 (default)
2020-06-27 13:10:07,135 [0201d36d-1085-4799-9661-b850b2c36954@group-BFDC5685728E-LeaderElection66] INFO  server.RaftServerConfigKeys (ConfUtils.java:logGet(44)) - raft.server.rpc.request.timeout = 3s (default)
2020-06-27 13:10:07,135 [0201d36d-1085-4799-9661-b850b2c36954@group-BFDC5685728E-LeaderElection66] INFO  server.RaftServerConfigKeys (ConfUtils.java:logGet(44)) - raft.server.log.appender.install.snapshot.enabled = false (custom)
2020-06-27 13:10:07,136 [0201d36d-1085-4799-9661-b850b2c36954@group-BFDC5685728E-LeaderElection66] INFO  metrics.RatisMetrics (RatisMetrics.java:lambda$create$0(36)) - Creating Metrics Registry : ratis_grpc.log_appender.0201d36d-1085-4799-9661-b850b2c36954@group-BFDC5685728E
2020-06-27 13:10:07,136 [IPC Server handler 0 on default port 42033] INFO  volume.OMVolumeCreateRequest (OMVolumeCreateRequest.java:validateAndUpdateCache(208)) - created volume:watchforcommithandlingtest for user:jenkins1001
2020-06-27 13:10:07,138 [0201d36d-1085-4799-9661-b850b2c36954@group-BFDC5685728E-LeaderElection66] INFO  server.RaftServerConfigKeys (ConfUtils.java:logGet(44)) - raft.server.log.appender.snapshot.chunk.size.max = 16MB (=16777216) (default)
2020-06-27 13:10:07,137 [0201d36d-1085-4799-9661-b850b2c36954@group-2BFFC7BAEC8E-LeaderElection67] INFO  impl.LeaderElection (LeaderElection.java:askForVotes(206)) - 0201d36d-1085-4799-9661-b850b2c36954@group-2BFFC7BAEC8E-LeaderElection67: begin an election at term 1 for -1: [0201d36d-1085-4799-9661-b850b2c36954:172.17.0.2:35501], old=null
2020-06-27 13:10:07,139 [0201d36d-1085-4799-9661-b850b2c36954@group-2BFFC7BAEC8E-LeaderElection67] INFO  impl.RoleInfo (RoleInfo.java:shutdownLeaderElection(134)) - 0201d36d-1085-4799-9661-b850b2c36954: shutdown LeaderElection
2020-06-27 13:10:07,139 [0201d36d-1085-4799-9661-b850b2c36954@group-2BFFC7BAEC8E-LeaderElection67] INFO  impl.RaftServerImpl (RaftServerImpl.java:setRole(175)) - 0201d36d-1085-4799-9661-b850b2c36954@group-2BFFC7BAEC8E: changes role from CANDIDATE to LEADER at term 1 for changeToLeader
2020-06-27 13:10:07,139 [0201d36d-1085-4799-9661-b850b2c36954@group-2BFFC7BAEC8E-LeaderElection67] INFO  ratis.XceiverServerRatis (XceiverServerRatis.java:handleLeaderChangedNotification(762)) - Leader change notification received for group: group-2BFFC7BAEC8E with new leaderId: 0201d36d-1085-4799-9661-b850b2c36954
2020-06-27 13:10:07,140 [0201d36d-1085-4799-9661-b850b2c36954@group-2BFFC7BAEC8E-LeaderElection67] INFO  impl.RaftServerImpl (ServerState.java:setLeader(255)) - 0201d36d-1085-4799-9661-b850b2c36954@group-2BFFC7BAEC8E: change Leader from null to 0201d36d-1085-4799-9661-b850b2c36954 at term 1 for becomeLeader, leader elected after 5037ms
2020-06-27 13:10:07,140 [0201d36d-1085-4799-9661-b850b2c36954@group-2BFFC7BAEC8E-LeaderElection67] INFO  server.RaftServerConfigKeys (ConfUtils.java:logGet(44)) - raft.server.staging.catchup.gap = 1000 (default)
2020-06-27 13:10:07,140 [0201d36d-1085-4799-9661-b850b2c36954@group-2BFFC7BAEC8E-LeaderElection67] INFO  server.RaftServerConfigKeys (ConfUtils.java:logGet(44)) - raft.server.rpc.sleep.time = 25ms (default)
2020-06-27 13:10:07,141 [0201d36d-1085-4799-9661-b850b2c36954@group-2BFFC7BAEC8E-LeaderElection67] INFO  metrics.RatisMetrics (RatisMetrics.java:lambda$create$0(36)) - Creating Metrics Registry : ratis.log_appender.0201d36d-1085-4799-9661-b850b2c36954@group-2BFFC7BAEC8E
2020-06-27 13:10:07,141 [0201d36d-1085-4799-9661-b850b2c36954@group-2BFFC7BAEC8E-LeaderElection67] INFO  server.RaftServerConfigKeys (ConfUtils.java:logGet(44)) - raft.server.write.element-limit = 1024 (custom)
2020-06-27 13:10:07,141 [0201d36d-1085-4799-9661-b850b2c36954@group-2BFFC7BAEC8E-LeaderElection67] INFO  server.RaftServerConfigKeys (ConfUtils.java:logGet(44)) - raft.server.write.byte-limit = 1073741824 (custom)
2020-06-27 13:10:07,139 [0201d36d-1085-4799-9661-b850b2c36954@group-BFDC5685728E-LeaderElection66] INFO  server.RaftServerConfigKeys (ConfUtils.java:logGet(44)) - raft.server.log.appender.buffer.byte-limit = 33554432 (custom)
2020-06-27 13:10:07,143 [0201d36d-1085-4799-9661-b850b2c36954@group-BFDC5685728E-LeaderElection66] INFO  server.RaftServerConfigKeys (ConfUtils.java:logGet(44)) - raft.server.log.appender.buffer.element-limit = 1 (custom)
2020-06-27 13:10:07,144 [0201d36d-1085-4799-9661-b850b2c36954@group-BFDC5685728E-LeaderElection66] INFO  grpc.GrpcConfigKeys (ConfUtils.java:logGet(44)) - raft.grpc.server.leader.outstanding.appends.max = 128 (default)
2020-06-27 13:10:07,144 [0201d36d-1085-4799-9661-b850b2c36954@group-BFDC5685728E-LeaderElection66] INFO  server.RaftServerConfigKeys (ConfUtils.java:logGet(44)) - raft.server.rpc.request.timeout = 3s (default)
2020-06-27 13:10:07,144 [0201d36d-1085-4799-9661-b850b2c36954@group-BFDC5685728E-LeaderElection66] INFO  server.RaftServerConfigKeys (ConfUtils.java:logGet(44)) - raft.server.log.appender.install.snapshot.enabled = false (custom)
2020-06-27 13:10:07,146 [0201d36d-1085-4799-9661-b850b2c36954@group-BFDC5685728E-LeaderElection66] INFO  impl.RoleInfo (RoleInfo.java:updateAndGet(143)) - 0201d36d-1085-4799-9661-b850b2c36954: start LeaderState
2020-06-27 13:10:07,146 [0201d36d-1085-4799-9661-b850b2c36954@group-BFDC5685728E-LeaderElection66] INFO  segmented.SegmentedRaftLogWorker (SegmentedRaftLogWorker.java:startLogSegment(397)) - 0201d36d-1085-4799-9661-b850b2c36954@group-BFDC5685728E-SegmentedRaftLogWorker: Starting segment from index:0
2020-06-27 13:10:07,144 [0201d36d-1085-4799-9661-b850b2c36954@group-2BFFC7BAEC8E-LeaderElection67] INFO  server.RaftServerConfigKeys (ConfUtils.java:logGet(44)) - raft.server.watch.timeout = 3s (custom)
2020-06-27 13:10:07,144 [Listener at 127.0.0.1/42033] INFO  rpc.RpcClient (RpcClient.java:createBucket(453)) - Creating Bucket: watchforcommithandlingtest/watchforcommithandlingtest, with Versioning false and Storage Type set to DISK and Encryption set to false 
2020-06-27 13:10:07,146 [0201d36d-1085-4799-9661-b850b2c36954@group-2BFFC7BAEC8E-LeaderElection67] INFO  server.RaftServerConfigKeys (ConfUtils.java:logGet(44)) - raft.server.watch.timeout.denomination = 1s (default)
2020-06-27 13:10:07,148 [0201d36d-1085-4799-9661-b850b2c36954@group-2BFFC7BAEC8E-LeaderElection67] INFO  server.RaftServerConfigKeys (ConfUtils.java:logGet(44)) - raft.server.watch.element-limit = 65536 (default)
2020-06-27 13:10:07,148 [0201d36d-1085-4799-9661-b850b2c36954@group-2BFFC7BAEC8E-LeaderElection67] INFO  impl.RoleInfo (RoleInfo.java:updateAndGet(143)) - 0201d36d-1085-4799-9661-b850b2c36954: start LeaderState
2020-06-27 13:10:07,149 [0201d36d-1085-4799-9661-b850b2c36954@group-2BFFC7BAEC8E-LeaderElection67] INFO  segmented.SegmentedRaftLogWorker (SegmentedRaftLogWorker.java:startLogSegment(397)) - 0201d36d-1085-4799-9661-b850b2c36954@group-2BFFC7BAEC8E-SegmentedRaftLogWorker: Starting segment from index:0
2020-06-27 13:10:07,149 [0201d36d-1085-4799-9661-b850b2c36954@group-BFDC5685728E-SegmentedRaftLogWorker] INFO  segmented.SegmentedRaftLogWorker (SegmentedRaftLogWorker.java:execute(596)) - 0201d36d-1085-4799-9661-b850b2c36954@group-BFDC5685728E-SegmentedRaftLogWorker: created new log segment /github/workspace/mnt/ozone/hadoop-ozone/integration-test/target/test-dir/MiniOzoneClusterImpl-be392bf5-6f5b-448a-8365-d7ab1effc2dc/datanode-8/data/ratis/cf68dc9b-7264-46a4-a71a-bfdc5685728e/current/log_inprogress_0
2020-06-27 13:10:07,150 [0201d36d-1085-4799-9661-b850b2c36954@group-2BFFC7BAEC8E-LeaderElection67] INFO  impl.RaftServerImpl (ServerState.java:setRaftConf(356)) - 0201d36d-1085-4799-9661-b850b2c36954@group-2BFFC7BAEC8E: set configuration 0: [0201d36d-1085-4799-9661-b850b2c36954:172.17.0.2:35501], old=null at 0
2020-06-27 13:10:07,151 [Listener at 127.0.0.1/42033] INFO  ozone.MiniOzoneClusterImpl (MiniOzoneClusterImpl.java:getStorageContainerLocationClient(289)) - Creating StorageContainerLocationProtocol RPC client with address /0.0.0.0:34845
2020-06-27 13:10:07,153 [0201d36d-1085-4799-9661-b850b2c36954@group-2BFFC7BAEC8E-SegmentedRaftLogWorker] INFO  segmented.SegmentedRaftLogWorker (SegmentedRaftLogWorker.java:execute(596)) - 0201d36d-1085-4799-9661-b850b2c36954@group-2BFFC7BAEC8E-SegmentedRaftLogWorker: created new log segment /github/workspace/mnt/ozone/hadoop-ozone/integration-test/target/test-dir/MiniOzoneClusterImpl-be392bf5-6f5b-448a-8365-d7ab1effc2dc/datanode-8/data/ratis/50bf4990-92b3-4c2e-9c59-2bffc7baec8e/current/log_inprogress_0
2020-06-27 13:10:07,158 [0201d36d-1085-4799-9661-b850b2c36954@group-BFDC5685728E-LeaderElection66] INFO  impl.RaftServerImpl (ServerState.java:setRaftConf(356)) - 0201d36d-1085-4799-9661-b850b2c36954@group-BFDC5685728E: set configuration 0: [be204a00-db90-4592-9b0e-cef66b76ef3d:172.17.0.2:37437, 0201d36d-1085-4799-9661-b850b2c36954:172.17.0.2:35501, 0f19b122-cd9b-47a6-95cf-d36138869577:172.17.0.2:38029], old=null at 0
2020-06-27 13:10:07,173 [grpc-default-executor-9] INFO  ratis.XceiverServerRatis (XceiverServerRatis.java:handleLeaderChangedNotification(762)) - Leader change notification received for group: group-BFDC5685728E with new leaderId: 0201d36d-1085-4799-9661-b850b2c36954
2020-06-27 13:10:07,173 [grpc-default-executor-9] INFO  impl.RaftServerImpl (ServerState.java:setLeader(255)) - 0f19b122-cd9b-47a6-95cf-d36138869577@group-BFDC5685728E: change Leader from null to 0201d36d-1085-4799-9661-b850b2c36954 at term 1 for appendEntries, leader elected after 5083ms
2020-06-27 13:10:07,176 [grpc-default-executor-8] DEBUG impl.RaftServerImpl (RaftServerImpl.java:logAppendEntries(928)) - 0f19b122-cd9b-47a6-95cf-d36138869577@group-BFDC5685728E: receive appendEntries(0201d36d-1085-4799-9661-b850b2c36954, 1, null, 0, false, commits[0201d36d-1085-4799-9661-b850b2c36954:c0, be204a00-db90-4592-9b0e-cef66b76ef3d:c-1, 0f19b122-cd9b-47a6-95cf-d36138869577:c-1], entries: (t:1, i:0), CONFIGURATIONENTRY
2020-06-27 13:10:07,179 [grpc-default-executor-5] INFO  ratis.XceiverServerRatis (XceiverServerRatis.java:handleLeaderChangedNotification(762)) - Leader change notification received for group: group-BFDC5685728E with new leaderId: 0201d36d-1085-4799-9661-b850b2c36954
2020-06-27 13:10:07,179 [grpc-default-executor-5] INFO  impl.RaftServerImpl (ServerState.java:setLeader(255)) - be204a00-db90-4592-9b0e-cef66b76ef3d@group-BFDC5685728E: change Leader from null to 0201d36d-1085-4799-9661-b850b2c36954 at term 1 for appendEntries, leader elected after 5158ms
2020-06-27 13:10:07,179 [grpc-default-executor-8] INFO  impl.RaftServerImpl (ServerState.java:setRaftConf(356)) - 0f19b122-cd9b-47a6-95cf-d36138869577@group-BFDC5685728E: set configuration 0: [be204a00-db90-4592-9b0e-cef66b76ef3d:172.17.0.2:37437, 0201d36d-1085-4799-9661-b850b2c36954:172.17.0.2:35501, 0f19b122-cd9b-47a6-95cf-d36138869577:172.17.0.2:38029], old=null at 0
2020-06-27 13:10:07,179 [grpc-default-executor-8] INFO  segmented.SegmentedRaftLogWorker (SegmentedRaftLogWorker.java:startLogSegment(397)) - 0f19b122-cd9b-47a6-95cf-d36138869577@group-BFDC5685728E-SegmentedRaftLogWorker: Starting segment from index:0
2020-06-27 13:10:07,181 [grpc-default-executor-5] DEBUG impl.RaftServerImpl (RaftServerImpl.java:logAppendEntries(928)) - be204a00-db90-4592-9b0e-cef66b76ef3d@group-BFDC5685728E: receive appendEntries(0201d36d-1085-4799-9661-b850b2c36954, 1, null, 0, false, commits[0201d36d-1085-4799-9661-b850b2c36954:c0, be204a00-db90-4592-9b0e-cef66b76ef3d:c-1, 0f19b122-cd9b-47a6-95cf-d36138869577:c-1], entries: (t:1, i:0), CONFIGURATIONENTRY
2020-06-27 13:10:07,181 [grpc-default-executor-5] INFO  impl.RaftServerImpl (ServerState.java:setRaftConf(356)) - be204a00-db90-4592-9b0e-cef66b76ef3d@group-BFDC5685728E: set configuration 0: [be204a00-db90-4592-9b0e-cef66b76ef3d:172.17.0.2:37437, 0201d36d-1085-4799-9661-b850b2c36954:172.17.0.2:35501, 0f19b122-cd9b-47a6-95cf-d36138869577:172.17.0.2:38029], old=null at 0
2020-06-27 13:10:07,182 [grpc-default-executor-5] INFO  segmented.SegmentedRaftLogWorker (SegmentedRaftLogWorker.java:startLogSegment(397)) - be204a00-db90-4592-9b0e-cef66b76ef3d@group-BFDC5685728E-SegmentedRaftLogWorker: Starting segment from index:0
2020-06-27 13:10:07,183 [grpc-default-executor-5] DEBUG server.GrpcLogAppender (GrpcLogAppender.java:onNext(257)) - 0201d36d-1085-4799-9661-b850b2c36954@group-BFDC5685728E->0f19b122-cd9b-47a6-95cf-d36138869577-AppendLogResponseHandler: received the first reply 0201d36d-1085-4799-9661-b850b2c36954<-0f19b122-cd9b-47a6-95cf-d36138869577#0:OK,SUCCESS,nextIndex:0,term:1,followerCommit:-1, request=AppendEntriesRequest:cid=0,entriesCount=0,lastEntry=null
2020-06-27 13:10:07,185 [0f19b122-cd9b-47a6-95cf-d36138869577@group-BFDC5685728E-SegmentedRaftLogWorker] INFO  segmented.SegmentedRaftLogWorker (SegmentedRaftLogWorker.java:execute(596)) - 0f19b122-cd9b-47a6-95cf-d36138869577@group-BFDC5685728E-SegmentedRaftLogWorker: created new log segment /github/workspace/mnt/ozone/hadoop-ozone/integration-test/target/test-dir/MiniOzoneClusterImpl-be392bf5-6f5b-448a-8365-d7ab1effc2dc/datanode-7/data/ratis/cf68dc9b-7264-46a4-a71a-bfdc5685728e/current/log_inprogress_0
2020-06-27 13:10:07,186 [grpc-default-executor-8] DEBUG impl.RaftServerImpl (RaftServerImpl.java:submitClientRequestAsync(575)) - 184b46bf-ef61-46dc-b1d3-41467ae6739f@group-DC6395955895: receive client request(RaftClientRequest:client-F4FF115A6398->184b46bf-ef61-46dc-b1d3-41467ae6739f@group-DC6395955895, cid=78, seq=1*, Watch(0), Message:<EMPTY>)
2020-06-27 13:10:07,187 [grpc-default-executor-8] DEBUG impl.RaftServerImpl (LeaderState.java:addWatchReqeust(353)) - 184b46bf-ef61-46dc-b1d3-41467ae6739f@group-DC6395955895-LeaderState: addWatchRequest RaftClientRequest:client-F4FF115A6398->184b46bf-ef61-46dc-b1d3-41467ae6739f@group-DC6395955895, cid=78, seq=1*, Watch(0), Message:<EMPTY>
2020-06-27 13:10:07,187 [be204a00-db90-4592-9b0e-cef66b76ef3d@group-BFDC5685728E-SegmentedRaftLogWorker] INFO  segmented.SegmentedRaftLogWorker (SegmentedRaftLogWorker.java:execute(596)) - be204a00-db90-4592-9b0e-cef66b76ef3d@group-BFDC5685728E-SegmentedRaftLogWorker: created new log segment /github/workspace/mnt/ozone/hadoop-ozone/integration-test/target/test-dir/MiniOzoneClusterImpl-be392bf5-6f5b-448a-8365-d7ab1effc2dc/datanode-6/data/ratis/cf68dc9b-7264-46a4-a71a-bfdc5685728e/current/log_inprogress_0
2020-06-27 13:10:07,188 [grpc-default-executor-5] DEBUG server.GrpcLogAppender (GrpcLogAppender.java:onNext(257)) - 0201d36d-1085-4799-9661-b850b2c36954@group-BFDC5685728E->be204a00-db90-4592-9b0e-cef66b76ef3d-AppendLogResponseHandler: received the first reply 0201d36d-1085-4799-9661-b850b2c36954<-be204a00-db90-4592-9b0e-cef66b76ef3d#0:OK,SUCCESS,nextIndex:1,term:1,followerCommit:-1, request=AppendEntriesRequest:cid=0,entriesCount=0,lastEntry=null
2020-06-27 13:10:07,189 [Thread-1837] DEBUG impl.RaftServerImpl (RaftServerImpl.java:logAppendEntries(928)) - 0f19b122-cd9b-47a6-95cf-d36138869577@group-BFDC5685728E: succeeded to handle AppendEntries. Reply: 0201d36d-1085-4799-9661-b850b2c36954<-0f19b122-cd9b-47a6-95cf-d36138869577#1:OK,SUCCESS,nextIndex:1,term:1,followerCommit:0
2020-06-27 13:10:07,190 [grpc-default-executor-5] DEBUG server.GrpcLogAppender (GrpcLogAppender.java:onNext(257)) - 0201d36d-1085-4799-9661-b850b2c36954@group-BFDC5685728E->0f19b122-cd9b-47a6-95cf-d36138869577-AppendLogResponseHandler: received a reply 0201d36d-1085-4799-9661-b850b2c36954<-0f19b122-cd9b-47a6-95cf-d36138869577#1:OK,SUCCESS,nextIndex:1,term:1,followerCommit:0, request=AppendEntriesRequest:cid=1,entriesCount=1,lastEntry=(t:1, i:0)
2020-06-27 13:10:07,197 [Thread-1839] DEBUG impl.RaftServerImpl (RaftServerImpl.java:logAppendEntries(928)) - be204a00-db90-4592-9b0e-cef66b76ef3d@group-BFDC5685728E: succeeded to handle AppendEntries. Reply: 0201d36d-1085-4799-9661-b850b2c36954<-be204a00-db90-4592-9b0e-cef66b76ef3d#1:OK,SUCCESS,nextIndex:1,term:1,followerCommit:0
2020-06-27 13:10:07,199 [grpc-default-executor-5] DEBUG server.GrpcLogAppender (GrpcLogAppender.java:onNext(257)) - 0201d36d-1085-4799-9661-b850b2c36954@group-BFDC5685728E->be204a00-db90-4592-9b0e-cef66b76ef3d-AppendLogResponseHandler: received a reply 0201d36d-1085-4799-9661-b850b2c36954<-be204a00-db90-4592-9b0e-cef66b76ef3d#1:OK,SUCCESS,nextIndex:1,term:1,followerCommit:0, request=AppendEntriesRequest:cid=1,entriesCount=1,lastEntry=(t:1, i:0)
2020-06-27 13:10:07,201 [grpc-default-executor-8] DEBUG impl.RaftServerImpl (RaftServerImpl.java:submitClientRequestAsync(575)) - 184b46bf-ef61-46dc-b1d3-41467ae6739f@group-DC6395955895: receive client request(RaftClientRequest:client-F4FF115A6398->184b46bf-ef61-46dc-b1d3-41467ae6739f@group-DC6395955895, cid=79, seq=2, RW, Message:0000002e080112001801...(size=50))
2020-06-27 13:10:07,203 [grpc-default-executor-8] DEBUG impl.RaftServerImpl (LeaderState.java:addPendingRequest(335)) - 184b46bf-ef61-46dc-b1d3-41467ae6739f@group-DC6395955895-LeaderState: addPendingRequest at RaftClientRequest:client-F4FF115A6398->184b46bf-ef61-46dc-b1d3-41467ae6739f@group-DC6395955895, cid=79, seq=2, RW, Message:0000002e080112001801...(size=50), entry=(t:1, i:1), STATEMACHINELOGENTRY, client-F4FF115A6398, cid=79
2020-06-27 13:10:07,204 [grpc-default-executor-5] DEBUG impl.RaftServerImpl (RaftServerImpl.java:logAppendEntries(928)) - 8dcf8d51-1e28-44e7-81d8-398880dae795@group-DC6395955895: receive appendEntries(184b46bf-ef61-46dc-b1d3-41467ae6739f, 1, (t:1, i:0), 0, false, commits[184b46bf-ef61-46dc-b1d3-41467ae6739f:c0, 8dcf8d51-1e28-44e7-81d8-398880dae795:c-1, 6b6556c7-e86b-4d09-a7c4-600764c42b3c:c0], entries: (t:1, i:1), STATEMACHINELOGENTRY, client-F4FF115A6398, cid=79
2020-06-27 13:10:07,205 [Thread-1769] INFO  impl.FollowerState (FollowerState.java:run(108)) - be204a00-db90-4592-9b0e-cef66b76ef3d@group-95057A87A6A4-FollowerState: change to CANDIDATE, lastRpcTime:5190ms, electionTimeout:5190ms
2020-06-27 13:10:07,205 [grpc-default-executor-8] DEBUG impl.RaftServerImpl (RaftServerImpl.java:logAppendEntries(928)) - 6b6556c7-e86b-4d09-a7c4-600764c42b3c@group-DC6395955895: receive appendEntries(184b46bf-ef61-46dc-b1d3-41467ae6739f, 1, (t:1, i:0), 0, false, commits[184b46bf-ef61-46dc-b1d3-41467ae6739f:c0, 8dcf8d51-1e28-44e7-81d8-398880dae795:c-1, 6b6556c7-e86b-4d09-a7c4-600764c42b3c:c0], entries: (t:1, i:1), STATEMACHINELOGENTRY, client-F4FF115A6398, cid=79
2020-06-27 13:10:07,205 [Thread-1769] INFO  impl.RoleInfo (RoleInfo.java:shutdownFollowerState(121)) - be204a00-db90-4592-9b0e-cef66b76ef3d: shutdown FollowerState
2020-06-27 13:10:07,205 [Thread-1769] INFO  impl.RaftServerImpl (RaftServerImpl.java:setRole(175)) - be204a00-db90-4592-9b0e-cef66b76ef3d@group-95057A87A6A4: changes role from  FOLLOWER to CANDIDATE at term 0 for changeToCandidate
2020-06-27 13:10:07,205 [Thread-1769] INFO  impl.RoleInfo (RoleInfo.java:updateAndGet(143)) - be204a00-db90-4592-9b0e-cef66b76ef3d: start LeaderElection
2020-06-27 13:10:07,206 [Thread-1840] DEBUG impl.RaftServerImpl (RaftServerImpl.java:logAppendEntries(928)) - 8dcf8d51-1e28-44e7-81d8-398880dae795@group-DC6395955895: succeeded to handle AppendEntries. Reply: 184b46bf-ef61-46dc-b1d3-41467ae6739f<-8dcf8d51-1e28-44e7-81d8-398880dae795#2:OK,SUCCESS,nextIndex:2,term:1,followerCommit:0
2020-06-27 13:10:07,207 [grpc-default-executor-8] DEBUG server.GrpcLogAppender (GrpcLogAppender.java:onNext(257)) - 184b46bf-ef61-46dc-b1d3-41467ae6739f@group-DC6395955895->8dcf8d51-1e28-44e7-81d8-398880dae795-AppendLogResponseHandler: received a reply 184b46bf-ef61-46dc-b1d3-41467ae6739f<-8dcf8d51-1e28-44e7-81d8-398880dae795#2:OK,SUCCESS,nextIndex:2,term:1,followerCommit:0, request=AppendEntriesRequest:cid=2,entriesCount=1,lastEntry=(t:1, i:1)
2020-06-27 13:10:07,213 [Thread-1842] DEBUG impl.RaftServerImpl (RaftServerImpl.java:logAppendEntries(928)) - 6b6556c7-e86b-4d09-a7c4-600764c42b3c@group-DC6395955895: succeeded to handle AppendEntries. Reply: 184b46bf-ef61-46dc-b1d3-41467ae6739f<-6b6556c7-e86b-4d09-a7c4-600764c42b3c#2:OK,SUCCESS,nextIndex:2,term:1,followerCommit:0
2020-06-27 13:10:07,213 [grpc-default-executor-8] DEBUG impl.RaftServerImpl (RaftServerImpl.java:logAppendEntries(928)) - 8dcf8d51-1e28-44e7-81d8-398880dae795@group-DC6395955895: receive appendEntries(184b46bf-ef61-46dc-b1d3-41467ae6739f, 1, (t:1, i:1), 1, false, commits[184b46bf-ef61-46dc-b1d3-41467ae6739f:c1, 8dcf8d51-1e28-44e7-81d8-398880dae795:c0, 6b6556c7-e86b-4d09-a7c4-600764c42b3c:c0], entries: (t:1, i:2), METADATAENTRY(c:1)
2020-06-27 13:10:07,214 [grpc-default-executor-5] DEBUG impl.RaftServerImpl (RaftServerImpl.java:logAppendEntries(928)) - 6b6556c7-e86b-4d09-a7c4-600764c42b3c@group-DC6395955895: receive appendEntries(184b46bf-ef61-46dc-b1d3-41467ae6739f, 1, (t:1, i:1), 1, false, commits[184b46bf-ef61-46dc-b1d3-41467ae6739f:c1, 8dcf8d51-1e28-44e7-81d8-398880dae795:c0, 6b6556c7-e86b-4d09-a7c4-600764c42b3c:c0], entries: (t:1, i:2), METADATAENTRY(c:1)
2020-06-27 13:10:07,214 [be204a00-db90-4592-9b0e-cef66b76ef3d@group-95057A87A6A4-LeaderElection68] INFO  impl.LeaderElection (LeaderElection.java:askForVotes(206)) - be204a00-db90-4592-9b0e-cef66b76ef3d@group-95057A87A6A4-LeaderElection68: begin an election at term 1 for -1: [be204a00-db90-4592-9b0e-cef66b76ef3d:172.17.0.2:37437], old=null
2020-06-27 13:10:07,215 [Thread-1844] DEBUG impl.RaftServerImpl (RaftServerImpl.java:logAppendEntries(928)) - 6b6556c7-e86b-4d09-a7c4-600764c42b3c@group-DC6395955895: succeeded to handle AppendEntries. Reply: 184b46bf-ef61-46dc-b1d3-41467ae6739f<-6b6556c7-e86b-4d09-a7c4-600764c42b3c#3:OK,SUCCESS,nextIndex:3,term:1,followerCommit:1
2020-06-27 13:10:07,214 [grpc-default-executor-5] DEBUG server.GrpcLogAppender (GrpcLogAppender.java:onNext(257)) - 184b46bf-ef61-46dc-b1d3-41467ae6739f@group-DC6395955895->6b6556c7-e86b-4d09-a7c4-600764c42b3c-AppendLogResponseHandler: received a reply 184b46bf-ef61-46dc-b1d3-41467ae6739f<-6b6556c7-e86b-4d09-a7c4-600764c42b3c#2:OK,SUCCESS,nextIndex:2,term:1,followerCommit:0, request=AppendEntriesRequest:cid=2,entriesCount=1,lastEntry=(t:1, i:1)
2020-06-27 13:10:07,216 [be204a00-db90-4592-9b0e-cef66b76ef3d@group-95057A87A6A4-LeaderElection68] INFO  impl.RoleInfo (RoleInfo.java:shutdownLeaderElection(134)) - be204a00-db90-4592-9b0e-cef66b76ef3d: shutdown LeaderElection
2020-06-27 13:10:07,216 [Thread-1845] DEBUG impl.RaftServerImpl (RaftServerImpl.java:logAppendEntries(928)) - 8dcf8d51-1e28-44e7-81d8-398880dae795@group-DC6395955895: succeeded to handle AppendEntries. Reply: 184b46bf-ef61-46dc-b1d3-41467ae6739f<-8dcf8d51-1e28-44e7-81d8-398880dae795#3:OK,SUCCESS,nextIndex:3,term:1,followerCommit:1
2020-06-27 13:10:07,216 [grpc-default-executor-5] DEBUG server.GrpcLogAppender (GrpcLogAppender.java:onNext(257)) - 184b46bf-ef61-46dc-b1d3-41467ae6739f@group-DC6395955895->6b6556c7-e86b-4d09-a7c4-600764c42b3c-AppendLogResponseHandler: received a reply 184b46bf-ef61-46dc-b1d3-41467ae6739f<-6b6556c7-e86b-4d09-a7c4-600764c42b3c#3:OK,SUCCESS,nextIndex:3,term:1,followerCommit:1, request=AppendEntriesRequest:cid=3,entriesCount=1,lastEntry=(t:1, i:2)
2020-06-27 13:10:07,216 [be204a00-db90-4592-9b0e-cef66b76ef3d@group-95057A87A6A4-LeaderElection68] INFO  impl.RaftServerImpl (RaftServerImpl.java:setRole(175)) - be204a00-db90-4592-9b0e-cef66b76ef3d@group-95057A87A6A4: changes role from CANDIDATE to LEADER at term 1 for changeToLeader
2020-06-27 13:10:07,217 [be204a00-db90-4592-9b0e-cef66b76ef3d@group-95057A87A6A4-LeaderElection68] INFO  ratis.XceiverServerRatis (XceiverServerRatis.java:handleLeaderChangedNotification(762)) - Leader change notification received for group: group-95057A87A6A4 with new leaderId: be204a00-db90-4592-9b0e-cef66b76ef3d
2020-06-27 13:10:07,217 [grpc-default-executor-5] DEBUG server.GrpcLogAppender (GrpcLogAppender.java:onNext(257)) - 184b46bf-ef61-46dc-b1d3-41467ae6739f@group-DC6395955895->8dcf8d51-1e28-44e7-81d8-398880dae795-AppendLogResponseHandler: received a reply 184b46bf-ef61-46dc-b1d3-41467ae6739f<-8dcf8d51-1e28-44e7-81d8-398880dae795#3:OK,SUCCESS,nextIndex:3,term:1,followerCommit:1, request=AppendEntriesRequest:cid=3,entriesCount=1,lastEntry=(t:1, i:2)
2020-06-27 13:10:07,218 [be204a00-db90-4592-9b0e-cef66b76ef3d@group-95057A87A6A4-LeaderElection68] INFO  impl.RaftServerImpl (ServerState.java:setLeader(255)) - be204a00-db90-4592-9b0e-cef66b76ef3d@group-95057A87A6A4: change Leader from null to be204a00-db90-4592-9b0e-cef66b76ef3d at term 1 for becomeLeader, leader elected after 5211ms
2020-06-27 13:10:07,218 [be204a00-db90-4592-9b0e-cef66b76ef3d@group-95057A87A6A4-LeaderElection68] INFO  server.RaftServerConfigKeys (ConfUtils.java:logGet(44)) - raft.server.staging.catchup.gap = 1000 (default)
2020-06-27 13:10:07,218 [be204a00-db90-4592-9b0e-cef66b76ef3d@group-95057A87A6A4-LeaderElection68] INFO  server.RaftServerConfigKeys (ConfUtils.java:logGet(44)) - raft.server.rpc.sleep.time = 25ms (default)
2020-06-27 13:10:07,219 [be204a00-db90-4592-9b0e-cef66b76ef3d@group-95057A87A6A4-LeaderElection68] INFO  metrics.RatisMetrics (RatisMetrics.java:lambda$create$0(36)) - Creating Metrics Registry : ratis.log_appender.be204a00-db90-4592-9b0e-cef66b76ef3d@group-95057A87A6A4
2020-06-27 13:10:07,219 [be204a00-db90-4592-9b0e-cef66b76ef3d@group-95057A87A6A4-LeaderElection68] INFO  server.RaftServerConfigKeys (ConfUtils.java:logGet(44)) - raft.server.write.element-limit = 1024 (custom)
2020-06-27 13:10:07,219 [be204a00-db90-4592-9b0e-cef66b76ef3d@group-95057A87A6A4-LeaderElection68] INFO  server.RaftServerConfigKeys (ConfUtils.java:logGet(44)) - raft.server.write.byte-limit = 1073741824 (custom)
2020-06-27 13:10:07,220 [be204a00-db90-4592-9b0e-cef66b76ef3d@group-95057A87A6A4-LeaderElection68] INFO  server.RaftServerConfigKeys (ConfUtils.java:logGet(44)) - raft.server.watch.timeout = 3s (custom)
2020-06-27 13:10:07,220 [be204a00-db90-4592-9b0e-cef66b76ef3d@group-95057A87A6A4-LeaderElection68] INFO  server.RaftServerConfigKeys (ConfUtils.java:logGet(44)) - raft.server.watch.timeout.denomination = 1s (default)
2020-06-27 13:10:07,220 [be204a00-db90-4592-9b0e-cef66b76ef3d@group-95057A87A6A4-LeaderElection68] INFO  server.RaftServerConfigKeys (ConfUtils.java:logGet(44)) - raft.server.watch.element-limit = 65536 (default)
2020-06-27 13:10:07,220 [be204a00-db90-4592-9b0e-cef66b76ef3d@group-95057A87A6A4-LeaderElection68] INFO  impl.RoleInfo (RoleInfo.java:updateAndGet(143)) - be204a00-db90-4592-9b0e-cef66b76ef3d: start LeaderState
2020-06-27 13:10:07,221 [be204a00-db90-4592-9b0e-cef66b76ef3d@group-95057A87A6A4-LeaderElection68] INFO  segmented.SegmentedRaftLogWorker (SegmentedRaftLogWorker.java:startLogSegment(397)) - be204a00-db90-4592-9b0e-cef66b76ef3d@group-95057A87A6A4-SegmentedRaftLogWorker: Starting segment from index:0
2020-06-27 13:10:07,222 [be204a00-db90-4592-9b0e-cef66b76ef3d@group-95057A87A6A4-LeaderElection68] INFO  impl.RaftServerImpl (ServerState.java:setRaftConf(356)) - be204a00-db90-4592-9b0e-cef66b76ef3d@group-95057A87A6A4: set configuration 0: [be204a00-db90-4592-9b0e-cef66b76ef3d:172.17.0.2:37437], old=null at 0
2020-06-27 13:10:07,222 [be204a00-db90-4592-9b0e-cef66b76ef3d@group-95057A87A6A4-SegmentedRaftLogWorker] INFO  segmented.SegmentedRaftLogWorker (SegmentedRaftLogWorker.java:execute(596)) - be204a00-db90-4592-9b0e-cef66b76ef3d@group-95057A87A6A4-SegmentedRaftLogWorker: created new log segment /github/workspace/mnt/ozone/hadoop-ozone/integration-test/target/test-dir/MiniOzoneClusterImpl-be392bf5-6f5b-448a-8365-d7ab1effc2dc/datanode-6/data/ratis/d4e9f793-c322-4526-a744-95057a87a6a4/current/log_inprogress_0
2020-06-27 13:10:07,241 [Listener at 127.0.0.1/42033] INFO  ozone.MiniOzoneClusterImpl (MiniOzoneClusterImpl.java:shutdown(387)) - Shutting down the Mini Ozone Cluster
2020-06-27 13:10:07,241 [Listener at 127.0.0.1/42033] INFO  ozone.MiniOzoneClusterImpl (MiniOzoneClusterImpl.java:stop(402)) - Stopping the Mini Ozone Cluster
2020-06-27 13:10:07,241 [Listener at 127.0.0.1/42033] INFO  ozone.MiniOzoneClusterImpl (MiniOzoneClusterImpl.java:stopOM(484)) - Stopping the OzoneManager
2020-06-27 13:10:07,242 [Listener at 127.0.0.1/42033] INFO  ipc.Server (Server.java:stop(3359)) - Stopping server on 42033
2020-06-27 13:10:07,247 [IPC Server Responder] INFO  ipc.Server (Server.java:run(1465)) - Stopping IPC Server Responder
2020-06-27 13:10:07,247 [IPC Server listener on 0] INFO  ipc.Server (Server.java:run(1330)) - Stopping IPC Server listener on 0
2020-06-27 13:10:07,248 [Listener at 127.0.0.1/42033] INFO  ratis.OzoneManagerDoubleBuffer (OzoneManagerDoubleBuffer.java:stop(458)) - Stopping OMDoubleBuffer flush thread
2020-06-27 13:10:07,248 [OMDoubleBufferFlushThread] INFO  ratis.OzoneManagerDoubleBuffer (OzoneManagerDoubleBuffer.java:flushTransactions(357)) - OMDoubleBuffer flush thread OMDoubleBufferFlushThread is interrupted and will exit. OMDoubleBufferFlushThread
2020-06-27 13:10:07,248 [Listener at 127.0.0.1/42033] INFO  utils.BackgroundService (BackgroundService.java:shutdown(157)) - Shutting down service KeyDeletingService
2020-06-27 13:10:07,249 [Listener at 127.0.0.1/42033] INFO  handler.ContextHandler (ContextHandler.java:doStop(1016)) - Stopped o.e.j.w.WebAppContext@52ac7989{ozoneManager,/,null,UNAVAILABLE}{file:/github/workspace/mnt/ozone/hadoop-ozone/integration-test/target/test-classes/webapps/ozoneManager}
2020-06-27 13:10:07,250 [Listener at 127.0.0.1/42033] INFO  server.AbstractConnector (AbstractConnector.java:doStop(380)) - Stopped ServerConnector@f4903ac{HTTP/1.1,[http/1.1]}{0.0.0.0:0}
2020-06-27 13:10:07,250 [Listener at 127.0.0.1/42033] INFO  server.session (HouseKeeper.java:stopScavenging(158)) - node0 Stopped scavenging
2020-06-27 13:10:07,250 [Listener at 127.0.0.1/42033] INFO  handler.ContextHandler (ContextHandler.java:doStop(1016)) - Stopped o.e.j.s.ServletContextHandler@2591343{static,/static,file:///github/workspace/mnt/ozone/hadoop-ozone/integration-test/target/test-classes/webapps/static,UNAVAILABLE}
2020-06-27 13:10:07,250 [Listener at 127.0.0.1/42033] INFO  handler.ContextHandler (ContextHandler.java:doStop(1016)) - Stopped o.e.j.s.ServletContextHandler@be60fad{logs,/logs,file:///github/workspace/mnt/ozone/hadoop-ozone/integration-test/target/log,UNAVAILABLE}
2020-06-27 13:10:07,252 [Listener at 127.0.0.1/42033] INFO  ozone.MiniOzoneClusterImpl (MiniOzoneClusterImpl.java:stopDatanodes(461)) - Stopping the HddsDatanodes
2020-06-27 13:10:07,865 [Datanode State Machine Thread - 0] INFO  statemachine.DatanodeStateMachine (DatanodeStateMachine.java:lambda$startDaemon$0(380)) - Ozone container server started.
2020-06-27 13:10:08,239 [Datanode State Machine Thread - 0] INFO  statemachine.DatanodeStateMachine (DatanodeStateMachine.java:lambda$startDaemon$0(380)) - Ozone container server started.
2020-06-27 13:10:09,692 [grpc-default-executor-5] DEBUG server.GrpcLogAppender (GrpcLogAppender.java:onNext(257)) - 0201d36d-1085-4799-9661-b850b2c36954@group-BFDC5685728E->0f19b122-cd9b-47a6-95cf-d36138869577-AppendLogResponseHandler: received a reply 0201d36d-1085-4799-9661-b850b2c36954<-0f19b122-cd9b-47a6-95cf-d36138869577#2:OK,SUCCESS,nextIndex:1,term:1,followerCommit:0, request=AppendEntriesRequest:cid=2,entriesCount=0,lastEntry=null
2020-06-27 13:10:09,701 [grpc-default-executor-5] DEBUG server.GrpcLogAppender (GrpcLogAppender.java:onNext(257)) - 0201d36d-1085-4799-9661-b850b2c36954@group-BFDC5685728E->be204a00-db90-4592-9b0e-cef66b76ef3d-AppendLogResponseHandler: received a reply 0201d36d-1085-4799-9661-b850b2c36954<-be204a00-db90-4592-9b0e-cef66b76ef3d#2:OK,SUCCESS,nextIndex:1,term:1,followerCommit:0, request=AppendEntriesRequest:cid=2,entriesCount=0,lastEntry=null
2020-06-27 13:10:09,719 [grpc-default-executor-8] DEBUG server.GrpcLogAppender (GrpcLogAppender.java:onNext(257)) - 184b46bf-ef61-46dc-b1d3-41467ae6739f@group-DC6395955895->6b6556c7-e86b-4d09-a7c4-600764c42b3c-AppendLogResponseHandler: received a reply 184b46bf-ef61-46dc-b1d3-41467ae6739f<-6b6556c7-e86b-4d09-a7c4-600764c42b3c#4:OK,SUCCESS,nextIndex:3,term:1,followerCommit:2, request=AppendEntriesRequest:cid=4,entriesCount=0,lastEntry=null
2020-06-27 13:10:09,725 [grpc-default-executor-8] DEBUG server.GrpcLogAppender (GrpcLogAppender.java:onNext(257)) - 184b46bf-ef61-46dc-b1d3-41467ae6739f@group-DC6395955895->8dcf8d51-1e28-44e7-81d8-398880dae795-AppendLogResponseHandler: received a reply 184b46bf-ef61-46dc-b1d3-41467ae6739f<-8dcf8d51-1e28-44e7-81d8-398880dae795#4:OK,SUCCESS,nextIndex:3,term:1,followerCommit:2, request=AppendEntriesRequest:cid=4,entriesCount=0,lastEntry=null
2020-06-27 13:10:09,938 [EventQueue-Delayed safe mode statusForReplicationManager] INFO  container.ReplicationManager (ReplicationManager.java:start(176)) - Starting Replication Monitor Thread.
2020-06-27 13:10:09,939 [ReplicationMonitor] INFO  container.ReplicationManager (ReplicationManager.java:run(240)) - Replication Monitor Thread took 1 milliseconds for processing 1 containers.
2020-06-27 13:10:11,834 [Thread-1790] INFO  impl.FollowerState (FollowerState.java:run(108)) - 01d5352d-883b-4a7a-89e4-dfaba3730f16@group-8E324B84697D-FollowerState: change to CANDIDATE, lastRpcTime:5050ms, electionTimeout:5050ms
2020-06-27 13:10:11,834 [Thread-1790] INFO  impl.RoleInfo (RoleInfo.java:shutdownFollowerState(121)) - 01d5352d-883b-4a7a-89e4-dfaba3730f16: shutdown FollowerState
2020-06-27 13:10:11,834 [Thread-1790] INFO  impl.RaftServerImpl (RaftServerImpl.java:setRole(175)) - 01d5352d-883b-4a7a-89e4-dfaba3730f16@group-8E324B84697D: changes role from  FOLLOWER to CANDIDATE at term 2 for changeToCandidate
2020-06-27 13:10:11,834 [Thread-1790] INFO  impl.RoleInfo (RoleInfo.java:updateAndGet(143)) - 01d5352d-883b-4a7a-89e4-dfaba3730f16: start LeaderElection
2020-06-27 13:10:11,836 [01d5352d-883b-4a7a-89e4-dfaba3730f16@group-8E324B84697D-LeaderElection69] INFO  impl.LeaderElection (LeaderElection.java:askForVotes(206)) - 01d5352d-883b-4a7a-89e4-dfaba3730f16@group-8E324B84697D-LeaderElection69: begin an election at term 3 for -1: [a2bafefd-dd5c-4b30-b732-4244b0e7007a:172.17.0.2:39063, f0f3ddfc-f4e8-4f2e-975c-cdf5158be850:172.17.0.2:41819, 01d5352d-883b-4a7a-89e4-dfaba3730f16:172.17.0.2:45929], old=null
2020-06-27 13:10:11,840 [grpc-default-executor-8] DEBUG impl.RaftServerImpl (RaftServerImpl.java:requestVote(821)) - a2bafefd-dd5c-4b30-b732-4244b0e7007a@group-8E324B84697D: receive requestVote(01d5352d-883b-4a7a-89e4-dfaba3730f16, group-8E324B84697D, 3, (t:0, i:0))
2020-06-27 13:10:11,840 [grpc-default-executor-8] INFO  impl.RaftServerImpl (RaftServerImpl.java:setRole(175)) - a2bafefd-dd5c-4b30-b732-4244b0e7007a@group-8E324B84697D: changes role from  FOLLOWER to FOLLOWER at term 3 for recognizeCandidate:01d5352d-883b-4a7a-89e4-dfaba3730f16
2020-06-27 13:10:11,840 [grpc-default-executor-8] INFO  impl.RoleInfo (RoleInfo.java:shutdownFollowerState(121)) - a2bafefd-dd5c-4b30-b732-4244b0e7007a: shutdown FollowerState
2020-06-27 13:10:11,841 [grpc-default-executor-8] INFO  impl.RoleInfo (RoleInfo.java:updateAndGet(143)) - a2bafefd-dd5c-4b30-b732-4244b0e7007a: start FollowerState
2020-06-27 13:10:11,841 [Thread-1797] INFO  impl.FollowerState (FollowerState.java:run(117)) - a2bafefd-dd5c-4b30-b732-4244b0e7007a@group-8E324B84697D-FollowerState was interrupted: java.lang.InterruptedException: sleep interrupted
2020-06-27 13:10:11,842 [grpc-default-executor-5] DEBUG impl.RaftServerImpl (RaftServerImpl.java:requestVote(821)) - f0f3ddfc-f4e8-4f2e-975c-cdf5158be850@group-8E324B84697D: receive requestVote(01d5352d-883b-4a7a-89e4-dfaba3730f16, group-8E324B84697D, 3, (t:0, i:0))
2020-06-27 13:10:11,842 [grpc-default-executor-5] INFO  impl.RaftServerImpl (RaftServerImpl.java:setRole(175)) - f0f3ddfc-f4e8-4f2e-975c-cdf5158be850@group-8E324B84697D: changes role from  FOLLOWER to FOLLOWER at term 3 for recognizeCandidate:01d5352d-883b-4a7a-89e4-dfaba3730f16
2020-06-27 13:10:11,843 [grpc-default-executor-5] INFO  impl.RoleInfo (RoleInfo.java:shutdownFollowerState(121)) - f0f3ddfc-f4e8-4f2e-975c-cdf5158be850: shutdown FollowerState
2020-06-27 13:10:11,843 [grpc-default-executor-5] INFO  impl.RoleInfo (RoleInfo.java:updateAndGet(143)) - f0f3ddfc-f4e8-4f2e-975c-cdf5158be850: start FollowerState
2020-06-27 13:10:11,843 [Thread-1789] INFO  impl.FollowerState (FollowerState.java:run(117)) - f0f3ddfc-f4e8-4f2e-975c-cdf5158be850@group-8E324B84697D-FollowerState was interrupted: java.lang.InterruptedException: sleep interrupted
2020-06-27 13:10:11,844 [grpc-default-executor-5] DEBUG impl.RaftServerImpl (RaftServerImpl.java:requestVote(853)) - f0f3ddfc-f4e8-4f2e-975c-cdf5158be850@group-8E324B84697D replies to vote request: 01d5352d-883b-4a7a-89e4-dfaba3730f16<-f0f3ddfc-f4e8-4f2e-975c-cdf5158be850#0:OK-t3. Peer's state: f0f3ddfc-f4e8-4f2e-975c-cdf5158be850@group-8E324B84697D:t3, leader=null, voted=01d5352d-883b-4a7a-89e4-dfaba3730f16, raftlog=f0f3ddfc-f4e8-4f2e-975c-cdf5158be850@group-8E324B84697D-SegmentedRaftLog:OPENED:c-1,f-1,i0, conf=-1: [a2bafefd-dd5c-4b30-b732-4244b0e7007a:172.17.0.2:39063, f0f3ddfc-f4e8-4f2e-975c-cdf5158be850:172.17.0.2:41819, 01d5352d-883b-4a7a-89e4-dfaba3730f16:172.17.0.2:45929], old=null
2020-06-27 13:10:11,846 [grpc-default-executor-8] DEBUG impl.RaftServerImpl (RaftServerImpl.java:requestVote(853)) - a2bafefd-dd5c-4b30-b732-4244b0e7007a@group-8E324B84697D replies to vote request: 01d5352d-883b-4a7a-89e4-dfaba3730f16<-a2bafefd-dd5c-4b30-b732-4244b0e7007a#0:OK-t3. Peer's state: a2bafefd-dd5c-4b30-b732-4244b0e7007a@group-8E324B84697D:t3, leader=null, voted=01d5352d-883b-4a7a-89e4-dfaba3730f16, raftlog=a2bafefd-dd5c-4b30-b732-4244b0e7007a@group-8E324B84697D-SegmentedRaftLog:OPENED:c-1,f-1,i0, conf=-1: [a2bafefd-dd5c-4b30-b732-4244b0e7007a:172.17.0.2:39063, f0f3ddfc-f4e8-4f2e-975c-cdf5158be850:172.17.0.2:41819, 01d5352d-883b-4a7a-89e4-dfaba3730f16:172.17.0.2:45929], old=null
2020-06-27 13:10:11,849 [01d5352d-883b-4a7a-89e4-dfaba3730f16@group-8E324B84697D-LeaderElection69] INFO  impl.LeaderElection (LeaderElection.java:logAndReturn(61)) - 01d5352d-883b-4a7a-89e4-dfaba3730f16@group-8E324B84697D-LeaderElection69: Election PASSED; received 1 response(s) [01d5352d-883b-4a7a-89e4-dfaba3730f16<-a2bafefd-dd5c-4b30-b732-4244b0e7007a#0:OK-t3] and 0 exception(s); 01d5352d-883b-4a7a-89e4-dfaba3730f16@group-8E324B84697D:t3, leader=null, voted=01d5352d-883b-4a7a-89e4-dfaba3730f16, raftlog=01d5352d-883b-4a7a-89e4-dfaba3730f16@group-8E324B84697D-SegmentedRaftLog:OPENED:c-1,f-1,i0, conf=-1: [a2bafefd-dd5c-4b30-b732-4244b0e7007a:172.17.0.2:39063, f0f3ddfc-f4e8-4f2e-975c-cdf5158be850:172.17.0.2:41819, 01d5352d-883b-4a7a-89e4-dfaba3730f16:172.17.0.2:45929], old=null
2020-06-27 13:10:11,861 [01d5352d-883b-4a7a-89e4-dfaba3730f16@group-8E324B84697D-LeaderElection69] INFO  impl.RoleInfo (RoleInfo.java:shutdownLeaderElection(134)) - 01d5352d-883b-4a7a-89e4-dfaba3730f16: shutdown LeaderElection
2020-06-27 13:10:11,861 [01d5352d-883b-4a7a-89e4-dfaba3730f16@group-8E324B84697D-LeaderElection69] INFO  impl.RaftServerImpl (RaftServerImpl.java:setRole(175)) - 01d5352d-883b-4a7a-89e4-dfaba3730f16@group-8E324B84697D: changes role from CANDIDATE to LEADER at term 3 for changeToLeader
2020-06-27 13:10:11,861 [01d5352d-883b-4a7a-89e4-dfaba3730f16@group-8E324B84697D-LeaderElection69] INFO  ratis.XceiverServerRatis (XceiverServerRatis.java:handleLeaderChangedNotification(762)) - Leader change notification received for group: group-8E324B84697D with new leaderId: 01d5352d-883b-4a7a-89e4-dfaba3730f16
2020-06-27 13:10:11,861 [01d5352d-883b-4a7a-89e4-dfaba3730f16@group-8E324B84697D-LeaderElection69] INFO  impl.RaftServerImpl (ServerState.java:setLeader(255)) - 01d5352d-883b-4a7a-89e4-dfaba3730f16@group-8E324B84697D: change Leader from null to 01d5352d-883b-4a7a-89e4-dfaba3730f16 at term 3 for becomeLeader, leader elected after 10202ms
2020-06-27 13:10:11,861 [01d5352d-883b-4a7a-89e4-dfaba3730f16@group-8E324B84697D-LeaderElection69] INFO  server.RaftServerConfigKeys (ConfUtils.java:logGet(44)) - raft.server.staging.catchup.gap = 1000 (default)
2020-06-27 13:10:11,861 [01d5352d-883b-4a7a-89e4-dfaba3730f16@group-8E324B84697D-LeaderElection69] INFO  server.RaftServerConfigKeys (ConfUtils.java:logGet(44)) - raft.server.rpc.sleep.time = 25ms (default)
2020-06-27 13:10:11,861 [01d5352d-883b-4a7a-89e4-dfaba3730f16@group-8E324B84697D-LeaderElection69] INFO  metrics.RatisMetrics (RatisMetrics.java:lambda$create$0(36)) - Creating Metrics Registry : ratis.log_appender.01d5352d-883b-4a7a-89e4-dfaba3730f16@group-8E324B84697D
2020-06-27 13:10:11,862 [01d5352d-883b-4a7a-89e4-dfaba3730f16@group-8E324B84697D-LeaderElection69] INFO  server.RaftServerConfigKeys (ConfUtils.java:logGet(44)) - raft.server.write.element-limit = 1024 (custom)
2020-06-27 13:10:11,862 [01d5352d-883b-4a7a-89e4-dfaba3730f16@group-8E324B84697D-LeaderElection69] INFO  server.RaftServerConfigKeys (ConfUtils.java:logGet(44)) - raft.server.write.byte-limit = 1073741824 (custom)
2020-06-27 13:10:11,862 [01d5352d-883b-4a7a-89e4-dfaba3730f16@group-8E324B84697D-LeaderElection69] INFO  server.RaftServerConfigKeys (ConfUtils.java:logGet(44)) - raft.server.watch.timeout = 3s (custom)
2020-06-27 13:10:11,862 [01d5352d-883b-4a7a-89e4-dfaba3730f16@group-8E324B84697D-LeaderElection69] INFO  server.RaftServerConfigKeys (ConfUtils.java:logGet(44)) - raft.server.watch.timeout.denomination = 1s (default)
2020-06-27 13:10:11,863 [01d5352d-883b-4a7a-89e4-dfaba3730f16@group-8E324B84697D-LeaderElection69] INFO  server.RaftServerConfigKeys (ConfUtils.java:logGet(44)) - raft.server.watch.element-limit = 65536 (default)
2020-06-27 13:10:11,863 [01d5352d-883b-4a7a-89e4-dfaba3730f16@group-8E324B84697D-LeaderElection69] INFO  server.RaftServerConfigKeys (ConfUtils.java:logGet(44)) - raft.server.log.appender.snapshot.chunk.size.max = 16MB (=16777216) (default)
2020-06-27 13:10:11,863 [01d5352d-883b-4a7a-89e4-dfaba3730f16@group-8E324B84697D-LeaderElection69] INFO  server.RaftServerConfigKeys (ConfUtils.java:logGet(44)) - raft.server.log.appender.buffer.byte-limit = 33554432 (custom)
2020-06-27 13:10:11,863 [01d5352d-883b-4a7a-89e4-dfaba3730f16@group-8E324B84697D-LeaderElection69] INFO  server.RaftServerConfigKeys (ConfUtils.java:logGet(44)) - raft.server.log.appender.buffer.element-limit = 1 (custom)
2020-06-27 13:10:11,863 [01d5352d-883b-4a7a-89e4-dfaba3730f16@group-8E324B84697D-LeaderElection69] INFO  grpc.GrpcConfigKeys (ConfUtils.java:logGet(44)) - raft.grpc.server.leader.outstanding.appends.max = 128 (default)
2020-06-27 13:10:11,863 [01d5352d-883b-4a7a-89e4-dfaba3730f16@group-8E324B84697D-LeaderElection69] INFO  server.RaftServerConfigKeys (ConfUtils.java:logGet(44)) - raft.server.rpc.request.timeout = 3s (default)
2020-06-27 13:10:11,863 [01d5352d-883b-4a7a-89e4-dfaba3730f16@group-8E324B84697D-LeaderElection69] INFO  server.RaftServerConfigKeys (ConfUtils.java:logGet(44)) - raft.server.log.appender.install.snapshot.enabled = false (custom)
2020-06-27 13:10:11,863 [01d5352d-883b-4a7a-89e4-dfaba3730f16@group-8E324B84697D-LeaderElection69] INFO  metrics.RatisMetrics (RatisMetrics.java:lambda$create$0(36)) - Creating Metrics Registry : ratis_grpc.log_appender.01d5352d-883b-4a7a-89e4-dfaba3730f16@group-8E324B84697D
2020-06-27 13:10:11,865 [01d5352d-883b-4a7a-89e4-dfaba3730f16@group-8E324B84697D-LeaderElection69] INFO  server.RaftServerConfigKeys (ConfUtils.java:logGet(44)) - raft.server.log.appender.snapshot.chunk.size.max = 16MB (=16777216) (default)
2020-06-27 13:10:11,865 [01d5352d-883b-4a7a-89e4-dfaba3730f16@group-8E324B84697D-LeaderElection69] INFO  server.RaftServerConfigKeys (ConfUtils.java:logGet(44)) - raft.server.log.appender.buffer.byte-limit = 33554432 (custom)
2020-06-27 13:10:11,865 [01d5352d-883b-4a7a-89e4-dfaba3730f16@group-8E324B84697D-LeaderElection69] INFO  server.RaftServerConfigKeys (ConfUtils.java:logGet(44)) - raft.server.log.appender.buffer.element-limit = 1 (custom)
2020-06-27 13:10:11,866 [01d5352d-883b-4a7a-89e4-dfaba3730f16@group-8E324B84697D-LeaderElection69] INFO  grpc.GrpcConfigKeys (ConfUtils.java:logGet(44)) - raft.grpc.server.leader.outstanding.appends.max = 128 (default)
2020-06-27 13:10:11,866 [01d5352d-883b-4a7a-89e4-dfaba3730f16@group-8E324B84697D-LeaderElection69] INFO  server.RaftServerConfigKeys (ConfUtils.java:logGet(44)) - raft.server.rpc.request.timeout = 3s (default)
2020-06-27 13:10:11,866 [01d5352d-883b-4a7a-89e4-dfaba3730f16@group-8E324B84697D-LeaderElection69] INFO  server.RaftServerConfigKeys (ConfUtils.java:logGet(44)) - raft.server.log.appender.install.snapshot.enabled = false (custom)
2020-06-27 13:10:11,868 [01d5352d-883b-4a7a-89e4-dfaba3730f16@group-8E324B84697D-LeaderElection69] INFO  impl.RoleInfo (RoleInfo.java:updateAndGet(143)) - 01d5352d-883b-4a7a-89e4-dfaba3730f16: start LeaderState
2020-06-27 13:10:11,868 [01d5352d-883b-4a7a-89e4-dfaba3730f16@group-8E324B84697D-LeaderElection69] INFO  segmented.SegmentedRaftLogWorker (SegmentedRaftLogWorker.java:startLogSegment(397)) - 01d5352d-883b-4a7a-89e4-dfaba3730f16@group-8E324B84697D-SegmentedRaftLogWorker: Starting segment from index:0
2020-06-27 13:10:11,870 [01d5352d-883b-4a7a-89e4-dfaba3730f16@group-8E324B84697D-SegmentedRaftLogWorker] INFO  segmented.SegmentedRaftLogWorker (SegmentedRaftLogWorker.java:execute(596)) - 01d5352d-883b-4a7a-89e4-dfaba3730f16@group-8E324B84697D-SegmentedRaftLogWorker: created new log segment /github/workspace/mnt/ozone/hadoop-ozone/integration-test/target/test-dir/MiniOzoneClusterImpl-be392bf5-6f5b-448a-8365-d7ab1effc2dc/datanode-2/data/ratis/8dbdd0bf-b681-4e76-b49e-8e324b84697d/current/log_inprogress_0
2020-06-27 13:10:11,873 [grpc-default-executor-5] INFO  ratis.XceiverServerRatis (XceiverServerRatis.java:handleLeaderChangedNotification(762)) - Leader change notification received for group: group-8E324B84697D with new leaderId: 01d5352d-883b-4a7a-89e4-dfaba3730f16
2020-06-27 13:10:11,879 [grpc-default-executor-5] INFO  impl.RaftServerImpl (ServerState.java:setLeader(255)) - a2bafefd-dd5c-4b30-b732-4244b0e7007a@group-8E324B84697D: change Leader from null to 01d5352d-883b-4a7a-89e4-dfaba3730f16 at term 3 for appendEntries, leader elected after 10282ms
2020-06-27 13:10:11,880 [01d5352d-883b-4a7a-89e4-dfaba3730f16@group-8E324B84697D-LeaderElection69] INFO  impl.RaftServerImpl (ServerState.java:setRaftConf(356)) - 01d5352d-883b-4a7a-89e4-dfaba3730f16@group-8E324B84697D: set configuration 0: [a2bafefd-dd5c-4b30-b732-4244b0e7007a:172.17.0.2:39063, f0f3ddfc-f4e8-4f2e-975c-cdf5158be850:172.17.0.2:41819, 01d5352d-883b-4a7a-89e4-dfaba3730f16:172.17.0.2:45929], old=null at 0
2020-06-27 13:10:11,880 [grpc-default-executor-5] DEBUG impl.RaftServerImpl (RaftServerImpl.java:logAppendEntries(928)) - a2bafefd-dd5c-4b30-b732-4244b0e7007a@group-8E324B84697D: receive appendEntries(01d5352d-883b-4a7a-89e4-dfaba3730f16, 3, null, -1, false, commits[01d5352d-883b-4a7a-89e4-dfaba3730f16:c-1, a2bafefd-dd5c-4b30-b732-4244b0e7007a:c-1, f0f3ddfc-f4e8-4f2e-975c-cdf5158be850:c-1], entries: (t:3, i:0), CONFIGURATIONENTRY
2020-06-27 13:10:11,881 [grpc-default-executor-5] INFO  impl.RaftServerImpl (ServerState.java:setRaftConf(356)) - a2bafefd-dd5c-4b30-b732-4244b0e7007a@group-8E324B84697D: set configuration 0: [a2bafefd-dd5c-4b30-b732-4244b0e7007a:172.17.0.2:39063, f0f3ddfc-f4e8-4f2e-975c-cdf5158be850:172.17.0.2:41819, 01d5352d-883b-4a7a-89e4-dfaba3730f16:172.17.0.2:45929], old=null at 0
2020-06-27 13:10:11,881 [grpc-default-executor-5] INFO  segmented.SegmentedRaftLogWorker (SegmentedRaftLogWorker.java:startLogSegment(397)) - a2bafefd-dd5c-4b30-b732-4244b0e7007a@group-8E324B84697D-SegmentedRaftLogWorker: Starting segment from index:0
2020-06-27 13:10:11,884 [a2bafefd-dd5c-4b30-b732-4244b0e7007a@group-8E324B84697D-SegmentedRaftLogWorker] INFO  segmented.SegmentedRaftLogWorker (SegmentedRaftLogWorker.java:execute(596)) - a2bafefd-dd5c-4b30-b732-4244b0e7007a@group-8E324B84697D-SegmentedRaftLogWorker: created new log segment /github/workspace/mnt/ozone/hadoop-ozone/integration-test/target/test-dir/MiniOzoneClusterImpl-be392bf5-6f5b-448a-8365-d7ab1effc2dc/datanode-0/data/ratis/8dbdd0bf-b681-4e76-b49e-8e324b84697d/current/log_inprogress_0
2020-06-27 13:10:11,886 [grpc-default-executor-5] INFO  ratis.XceiverServerRatis (XceiverServerRatis.java:handleLeaderChangedNotification(762)) - Leader change notification received for group: group-8E324B84697D with new leaderId: 01d5352d-883b-4a7a-89e4-dfaba3730f16
2020-06-27 13:10:11,886 [grpc-default-executor-5] INFO  impl.RaftServerImpl (ServerState.java:setLeader(255)) - f0f3ddfc-f4e8-4f2e-975c-cdf5158be850@group-8E324B84697D: change Leader from null to 01d5352d-883b-4a7a-89e4-dfaba3730f16 at term 3 for appendEntries, leader elected after 10238ms
2020-06-27 13:10:11,888 [grpc-default-executor-8] DEBUG server.GrpcLogAppender (GrpcLogAppender.java:onNext(257)) - 01d5352d-883b-4a7a-89e4-dfaba3730f16@group-8E324B84697D->a2bafefd-dd5c-4b30-b732-4244b0e7007a-AppendLogResponseHandler: received the first reply 01d5352d-883b-4a7a-89e4-dfaba3730f16<-a2bafefd-dd5c-4b30-b732-4244b0e7007a#0:OK,SUCCESS,nextIndex:1,term:3,followerCommit:-1, request=AppendEntriesRequest:cid=0,entriesCount=0,lastEntry=null
2020-06-27 13:10:11,889 [grpc-default-executor-5] DEBUG impl.RaftServerImpl (RaftServerImpl.java:logAppendEntries(928)) - f0f3ddfc-f4e8-4f2e-975c-cdf5158be850@group-8E324B84697D: receive appendEntries(01d5352d-883b-4a7a-89e4-dfaba3730f16, 3, null, 0, false, commits[01d5352d-883b-4a7a-89e4-dfaba3730f16:c0, a2bafefd-dd5c-4b30-b732-4244b0e7007a:c-1, f0f3ddfc-f4e8-4f2e-975c-cdf5158be850:c-1], entries: (t:3, i:0), CONFIGURATIONENTRY
2020-06-27 13:10:11,889 [grpc-default-executor-5] INFO  impl.RaftServerImpl (ServerState.java:setRaftConf(356)) - f0f3ddfc-f4e8-4f2e-975c-cdf5158be850@group-8E324B84697D: set configuration 0: [a2bafefd-dd5c-4b30-b732-4244b0e7007a:172.17.0.2:39063, f0f3ddfc-f4e8-4f2e-975c-cdf5158be850:172.17.0.2:41819, 01d5352d-883b-4a7a-89e4-dfaba3730f16:172.17.0.2:45929], old=null at 0
2020-06-27 13:10:11,890 [grpc-default-executor-5] INFO  segmented.SegmentedRaftLogWorker (SegmentedRaftLogWorker.java:startLogSegment(397)) - f0f3ddfc-f4e8-4f2e-975c-cdf5158be850@group-8E324B84697D-SegmentedRaftLogWorker: Starting segment from index:0
2020-06-27 13:10:11,892 [grpc-default-executor-5] DEBUG server.GrpcLogAppender (GrpcLogAppender.java:onNext(257)) - 01d5352d-883b-4a7a-89e4-dfaba3730f16@group-8E324B84697D->f0f3ddfc-f4e8-4f2e-975c-cdf5158be850-AppendLogResponseHandler: received the first reply 01d5352d-883b-4a7a-89e4-dfaba3730f16<-f0f3ddfc-f4e8-4f2e-975c-cdf5158be850#0:OK,SUCCESS,nextIndex:1,term:3,followerCommit:-1, request=AppendEntriesRequest:cid=0,entriesCount=0,lastEntry=null
2020-06-27 13:10:11,892 [f0f3ddfc-f4e8-4f2e-975c-cdf5158be850@group-8E324B84697D-SegmentedRaftLogWorker] INFO  segmented.SegmentedRaftLogWorker (SegmentedRaftLogWorker.java:execute(596)) - f0f3ddfc-f4e8-4f2e-975c-cdf5158be850@group-8E324B84697D-SegmentedRaftLogWorker: created new log segment /github/workspace/mnt/ozone/hadoop-ozone/integration-test/target/test-dir/MiniOzoneClusterImpl-be392bf5-6f5b-448a-8365-d7ab1effc2dc/datanode-1/data/ratis/8dbdd0bf-b681-4e76-b49e-8e324b84697d/current/log_inprogress_0
2020-06-27 13:10:11,894 [Thread-1866] DEBUG impl.RaftServerImpl (RaftServerImpl.java:logAppendEntries(928)) - a2bafefd-dd5c-4b30-b732-4244b0e7007a@group-8E324B84697D: succeeded to handle AppendEntries. Reply: 01d5352d-883b-4a7a-89e4-dfaba3730f16<-a2bafefd-dd5c-4b30-b732-4244b0e7007a#1:OK,SUCCESS,nextIndex:1,term:3,followerCommit:-1
2020-06-27 13:10:11,894 [Thread-1867] DEBUG impl.RaftServerImpl (RaftServerImpl.java:logAppendEntries(928)) - f0f3ddfc-f4e8-4f2e-975c-cdf5158be850@group-8E324B84697D: succeeded to handle AppendEntries. Reply: 01d5352d-883b-4a7a-89e4-dfaba3730f16<-f0f3ddfc-f4e8-4f2e-975c-cdf5158be850#1:OK,SUCCESS,nextIndex:1,term:3,followerCommit:0
2020-06-27 13:10:11,895 [grpc-default-executor-5] DEBUG server.GrpcLogAppender (GrpcLogAppender.java:onNext(257)) - 01d5352d-883b-4a7a-89e4-dfaba3730f16@group-8E324B84697D->a2bafefd-dd5c-4b30-b732-4244b0e7007a-AppendLogResponseHandler: received a reply 01d5352d-883b-4a7a-89e4-dfaba3730f16<-a2bafefd-dd5c-4b30-b732-4244b0e7007a#1:OK,SUCCESS,nextIndex:1,term:3,followerCommit:-1, request=AppendEntriesRequest:cid=1,entriesCount=1,lastEntry=(t:3, i:0)
2020-06-27 13:10:11,895 [grpc-default-executor-8] DEBUG server.GrpcLogAppender (GrpcLogAppender.java:onNext(257)) - 01d5352d-883b-4a7a-89e4-dfaba3730f16@group-8E324B84697D->f0f3ddfc-f4e8-4f2e-975c-cdf5158be850-AppendLogResponseHandler: received a reply 01d5352d-883b-4a7a-89e4-dfaba3730f16<-f0f3ddfc-f4e8-4f2e-975c-cdf5158be850#1:OK,SUCCESS,nextIndex:1,term:3,followerCommit:0, request=AppendEntriesRequest:cid=1,entriesCount=1,lastEntry=(t:3, i:0)
2020-06-27 13:10:12,195 [grpc-default-executor-8] DEBUG server.GrpcLogAppender (GrpcLogAppender.java:onNext(257)) - 0201d36d-1085-4799-9661-b850b2c36954@group-BFDC5685728E->0f19b122-cd9b-47a6-95cf-d36138869577-AppendLogResponseHandler: received a reply 0201d36d-1085-4799-9661-b850b2c36954<-0f19b122-cd9b-47a6-95cf-d36138869577#3:OK,SUCCESS,nextIndex:1,term:1,followerCommit:0, request=AppendEntriesRequest:cid=3,entriesCount=0,lastEntry=null
2020-06-27 13:10:12,203 [grpc-default-executor-8] DEBUG server.GrpcLogAppender (GrpcLogAppender.java:onNext(257)) - 0201d36d-1085-4799-9661-b850b2c36954@group-BFDC5685728E->be204a00-db90-4592-9b0e-cef66b76ef3d-AppendLogResponseHandler: received a reply 0201d36d-1085-4799-9661-b850b2c36954<-be204a00-db90-4592-9b0e-cef66b76ef3d#3:OK,SUCCESS,nextIndex:1,term:1,followerCommit:0, request=AppendEntriesRequest:cid=3,entriesCount=0,lastEntry=null
2020-06-27 13:10:12,222 [grpc-default-executor-8] DEBUG server.GrpcLogAppender (GrpcLogAppender.java:onNext(257)) - 184b46bf-ef61-46dc-b1d3-41467ae6739f@group-DC6395955895->6b6556c7-e86b-4d09-a7c4-600764c42b3c-AppendLogResponseHandler: received a reply 184b46bf-ef61-46dc-b1d3-41467ae6739f<-6b6556c7-e86b-4d09-a7c4-600764c42b3c#5:OK,SUCCESS,nextIndex:3,term:1,followerCommit:2, request=AppendEntriesRequest:cid=5,entriesCount=0,lastEntry=null
2020-06-27 13:10:12,227 [grpc-default-executor-8] DEBUG server.GrpcLogAppender (GrpcLogAppender.java:onNext(257)) - 184b46bf-ef61-46dc-b1d3-41467ae6739f@group-DC6395955895->8dcf8d51-1e28-44e7-81d8-398880dae795-AppendLogResponseHandler: received a reply 184b46bf-ef61-46dc-b1d3-41467ae6739f<-8dcf8d51-1e28-44e7-81d8-398880dae795#5:OK,SUCCESS,nextIndex:3,term:1,followerCommit:2, request=AppendEntriesRequest:cid=5,entriesCount=0,lastEntry=null
2020-06-27 13:10:12,253 [ForkJoinPool.commonPool-worker-0] INFO  ozoneimpl.OzoneContainer (OzoneContainer.java:stop(246)) - Attempting to stop container services.
2020-06-27 13:10:12,253 [Listener at 127.0.0.1/42033] INFO  ozoneimpl.OzoneContainer (OzoneContainer.java:stop(246)) - Attempting to stop container services.
2020-06-27 13:10:12,254 [Listener at 127.0.0.1/42033] INFO  impl.RaftServerProxy (RaftServerProxy.java:lambda$close$4(319)) - 8dcf8d51-1e28-44e7-81d8-398880dae795: close
2020-06-27 13:10:12,254 [Listener at 127.0.0.1/42033] INFO  impl.RaftServerImpl (RaftServerImpl.java:lambda$shutdown$3(252)) - 8dcf8d51-1e28-44e7-81d8-398880dae795@group-BB542DD8D3B7: shutdown
2020-06-27 13:10:12,254 [Listener at 127.0.0.1/42033] INFO  util.JmxRegister (JmxRegister.java:unregister(73)) - Successfully un-registered JMX Bean with object name Ratis:service=RaftServer,group=group-BB542DD8D3B7,id=8dcf8d51-1e28-44e7-81d8-398880dae795
2020-06-27 13:10:12,254 [Listener at 127.0.0.1/42033] INFO  impl.RoleInfo (RoleInfo.java:shutdownLeaderState(104)) - 8dcf8d51-1e28-44e7-81d8-398880dae795: shutdown LeaderState
2020-06-27 13:10:12,253 [ForkJoinPool.commonPool-worker-0] INFO  impl.RaftServerProxy (RaftServerProxy.java:lambda$close$4(319)) - 01d5352d-883b-4a7a-89e4-dfaba3730f16: close
2020-06-27 13:10:12,254 [Listener at 127.0.0.1/42033] INFO  impl.PendingRequests (PendingRequests.java:sendNotLeaderResponses(249)) - 8dcf8d51-1e28-44e7-81d8-398880dae795@group-BB542DD8D3B7-PendingRequests: sendNotLeaderResponses
2020-06-27 13:10:12,255 [Listener at 127.0.0.1/42033] INFO  metrics.RatisMetrics (RatisMetrics.java:unregister(43)) - Unregistering Metrics Registry : ratis.log_appender.8dcf8d51-1e28-44e7-81d8-398880dae795@group-BB542DD8D3B7
2020-06-27 13:10:12,255 [Listener at 127.0.0.1/42033] INFO  metrics.RatisMetrics (RatisMetrics.java:unregister(43)) - Unregistering Metrics Registry : ratis.server.8dcf8d51-1e28-44e7-81d8-398880dae795@group-BB542DD8D3B7
2020-06-27 13:10:12,255 [ForkJoinPool.commonPool-worker-0] INFO  impl.RaftServerImpl (RaftServerImpl.java:lambda$shutdown$3(252)) - 01d5352d-883b-4a7a-89e4-dfaba3730f16@group-8E324B84697D: shutdown
2020-06-27 13:10:12,256 [ForkJoinPool.commonPool-worker-0] INFO  util.JmxRegister (JmxRegister.java:unregister(73)) - Successfully un-registered JMX Bean with object name Ratis:service=RaftServer,group=group-8E324B84697D,id=01d5352d-883b-4a7a-89e4-dfaba3730f16
2020-06-27 13:10:12,256 [ForkJoinPool.commonPool-worker-0] INFO  impl.RoleInfo (RoleInfo.java:shutdownLeaderState(104)) - 01d5352d-883b-4a7a-89e4-dfaba3730f16: shutdown LeaderState
2020-06-27 13:10:12,256 [ForkJoinPool.commonPool-worker-0] INFO  metrics.RatisMetrics (RatisMetrics.java:unregister(43)) - Unregistering Metrics Registry : ratis_grpc.log_appender.01d5352d-883b-4a7a-89e4-dfaba3730f16@group-8E324B84697D
2020-06-27 13:10:12,258 [ForkJoinPool.commonPool-worker-0] INFO  metrics.RatisMetrics (RatisMetrics.java:unregister(43)) - Unregistering Metrics Registry : ratis_grpc.log_appender.01d5352d-883b-4a7a-89e4-dfaba3730f16@group-8E324B84697D
2020-06-27 13:10:12,258 [org.apache.ratis.server.impl.LogAppender$AppenderDaemon$$Lambda$443/905539811@4a41abc] WARN  server.GrpcLogAppender (GrpcLogAppender.java:mayWait(153)) - 01d5352d-883b-4a7a-89e4-dfaba3730f16@group-8E324B84697D->a2bafefd-dd5c-4b30-b732-4244b0e7007a-GrpcLogAppender: Wait interrupted by java.lang.InterruptedException
2020-06-27 13:10:12,259 [ForkJoinPool.commonPool-worker-0] INFO  impl.PendingRequests (PendingRequests.java:sendNotLeaderResponses(249)) - 01d5352d-883b-4a7a-89e4-dfaba3730f16@group-8E324B84697D-PendingRequests: sendNotLeaderResponses
2020-06-27 13:10:12,259 [org.apache.ratis.server.impl.LogAppender$AppenderDaemon$$Lambda$443/905539811@4f5dbedb] WARN  server.GrpcLogAppender (GrpcLogAppender.java:mayWait(153)) - 01d5352d-883b-4a7a-89e4-dfaba3730f16@group-8E324B84697D->f0f3ddfc-f4e8-4f2e-975c-cdf5158be850-GrpcLogAppender: Wait interrupted by java.lang.InterruptedException
2020-06-27 13:10:12,259 [ForkJoinPool.commonPool-worker-0] INFO  metrics.RatisMetrics (RatisMetrics.java:unregister(43)) - Unregistering Metrics Registry : ratis.log_appender.01d5352d-883b-4a7a-89e4-dfaba3730f16@group-8E324B84697D
2020-06-27 13:10:12,259 [ForkJoinPool.commonPool-worker-0] INFO  metrics.RatisMetrics (RatisMetrics.java:unregister(43)) - Unregistering Metrics Registry : ratis.server.01d5352d-883b-4a7a-89e4-dfaba3730f16@group-8E324B84697D
2020-06-27 13:10:12,259 [grpc-default-executor-8] INFO  server.GrpcServerProtocolService (GrpcServerProtocolService.java:onCompleted(138)) - a2bafefd-dd5c-4b30-b732-4244b0e7007a: Completed APPEND_ENTRIES, lastRequest: 01d5352d-883b-4a7a-89e4-dfaba3730f16->a2bafefd-dd5c-4b30-b732-4244b0e7007a#1-t3, previous=(t:0, i:0), leaderCommit=-1, initializing? false, entries: size=1, first=(t:3, i:0), CONFIGURATIONENTRY
2020-06-27 13:10:12,260 [grpc-default-executor-5] INFO  server.GrpcLogAppender (GrpcLogAppender.java:onCompleted(319)) - 01d5352d-883b-4a7a-89e4-dfaba3730f16@group-8E324B84697D->a2bafefd-dd5c-4b30-b732-4244b0e7007a-AppendLogResponseHandler: follower responses appendEntries COMPLETED
2020-06-27 13:10:12,260 [grpc-default-executor-9] INFO  server.GrpcServerProtocolService (GrpcServerProtocolService.java:onCompleted(138)) - f0f3ddfc-f4e8-4f2e-975c-cdf5158be850: Completed APPEND_ENTRIES, lastRequest: 01d5352d-883b-4a7a-89e4-dfaba3730f16->f0f3ddfc-f4e8-4f2e-975c-cdf5158be850#1-t3, previous=(t:0, i:0), leaderCommit=0, initializing? false, entries: size=1, first=(t:3, i:0), CONFIGURATIONENTRY
2020-06-27 13:10:12,261 [grpc-default-executor-8] INFO  server.GrpcLogAppender (GrpcLogAppender.java:onCompleted(319)) - 01d5352d-883b-4a7a-89e4-dfaba3730f16@group-8E324B84697D->f0f3ddfc-f4e8-4f2e-975c-cdf5158be850-AppendLogResponseHandler: follower responses appendEntries COMPLETED
2020-06-27 13:10:12,263 [8dcf8d51-1e28-44e7-81d8-398880dae795@group-BB542DD8D3B7-StateMachineUpdater] INFO  ratis.ContainerStateMachine (ContainerStateMachine.java:takeSnapshot(294)) - group-BB542DD8D3B7: Taking a snapshot at:(t:1, i:0) file /github/workspace/mnt/ozone/hadoop-ozone/integration-test/target/test-dir/MiniOzoneClusterImpl-be392bf5-6f5b-448a-8365-d7ab1effc2dc/datanode-4/data/ratis/a1684476-5a70-4a49-b778-bb542dd8d3b7/sm/snapshot.1_0
2020-06-27 13:10:12,263 [01d5352d-883b-4a7a-89e4-dfaba3730f16@group-8E324B84697D-StateMachineUpdater] INFO  ratis.ContainerStateMachine (ContainerStateMachine.java:takeSnapshot(294)) - group-8E324B84697D: Taking a snapshot at:(t:3, i:0) file /github/workspace/mnt/ozone/hadoop-ozone/integration-test/target/test-dir/MiniOzoneClusterImpl-be392bf5-6f5b-448a-8365-d7ab1effc2dc/datanode-2/data/ratis/8dbdd0bf-b681-4e76-b49e-8e324b84697d/sm/snapshot.3_0
2020-06-27 13:10:12,264 [8dcf8d51-1e28-44e7-81d8-398880dae795@group-BB542DD8D3B7-StateMachineUpdater] INFO  ratis.ContainerStateMachine (ContainerStateMachine.java:takeSnapshot(305)) - group-BB542DD8D3B7: Finished taking a snapshot at:(t:1, i:0) file:/github/workspace/mnt/ozone/hadoop-ozone/integration-test/target/test-dir/MiniOzoneClusterImpl-be392bf5-6f5b-448a-8365-d7ab1effc2dc/datanode-4/data/ratis/a1684476-5a70-4a49-b778-bb542dd8d3b7/sm/snapshot.1_0 time:1
2020-06-27 13:10:12,264 [8dcf8d51-1e28-44e7-81d8-398880dae795@group-BB542DD8D3B7-StateMachineUpdater] INFO  impl.StateMachineUpdater (StateMachineUpdater.java:takeSnapshot(277)) - 8dcf8d51-1e28-44e7-81d8-398880dae795@group-BB542DD8D3B7-StateMachineUpdater: Took a snapshot at index 0
2020-06-27 13:10:12,264 [8dcf8d51-1e28-44e7-81d8-398880dae795@group-BB542DD8D3B7-StateMachineUpdater] INFO  impl.StateMachineUpdater (StateMachineUpdater.java:lambda$new$0(87)) - 8dcf8d51-1e28-44e7-81d8-398880dae795@group-BB542DD8D3B7-StateMachineUpdater: snapshotIndex: updateIncreasingly -1 -> 0
2020-06-27 13:10:12,264 [8dcf8d51-1e28-44e7-81d8-398880dae795@group-BB542DD8D3B7-StateMachineUpdater] INFO  metrics.RatisMetrics (RatisMetrics.java:unregister(43)) - Unregistering Metrics Registry : ratis.state_machine.8dcf8d51-1e28-44e7-81d8-398880dae795@group-BB542DD8D3B7
2020-06-27 13:10:12,264 [01d5352d-883b-4a7a-89e4-dfaba3730f16@group-8E324B84697D-StateMachineUpdater] INFO  ratis.ContainerStateMachine (ContainerStateMachine.java:takeSnapshot(305)) - group-8E324B84697D: Finished taking a snapshot at:(t:3, i:0) file:/github/workspace/mnt/ozone/hadoop-ozone/integration-test/target/test-dir/MiniOzoneClusterImpl-be392bf5-6f5b-448a-8365-d7ab1effc2dc/datanode-2/data/ratis/8dbdd0bf-b681-4e76-b49e-8e324b84697d/sm/snapshot.3_0 time:1
2020-06-27 13:10:12,265 [01d5352d-883b-4a7a-89e4-dfaba3730f16@group-8E324B84697D-StateMachineUpdater] INFO  impl.StateMachineUpdater (StateMachineUpdater.java:takeSnapshot(277)) - 01d5352d-883b-4a7a-89e4-dfaba3730f16@group-8E324B84697D-StateMachineUpdater: Took a snapshot at index 0
2020-06-27 13:10:12,265 [01d5352d-883b-4a7a-89e4-dfaba3730f16@group-8E324B84697D-StateMachineUpdater] INFO  impl.StateMachineUpdater (StateMachineUpdater.java:lambda$new$0(87)) - 01d5352d-883b-4a7a-89e4-dfaba3730f16@group-8E324B84697D-StateMachineUpdater: snapshotIndex: updateIncreasingly -1 -> 0
2020-06-27 13:10:12,265 [01d5352d-883b-4a7a-89e4-dfaba3730f16@group-8E324B84697D-StateMachineUpdater] INFO  metrics.RatisMetrics (RatisMetrics.java:unregister(43)) - Unregistering Metrics Registry : ratis.state_machine.01d5352d-883b-4a7a-89e4-dfaba3730f16@group-8E324B84697D
2020-06-27 13:10:12,267 [grpc-default-executor-5] INFO  impl.FollowerInfo (FollowerInfo.java:lambda$new$0(51)) - 01d5352d-883b-4a7a-89e4-dfaba3730f16@group-8E324B84697D->a2bafefd-dd5c-4b30-b732-4244b0e7007a: nextIndex: updateUnconditionally 1 -> 0
2020-06-27 13:10:12,268 [ForkJoinPool.commonPool-worker-0] INFO  impl.StateMachineUpdater (StateMachineUpdater.java:stopAndJoin(142)) - 01d5352d-883b-4a7a-89e4-dfaba3730f16@group-8E324B84697D-StateMachineUpdater: set stopIndex = 0
2020-06-27 13:10:12,268 [ForkJoinPool.commonPool-worker-0] INFO  impl.RaftServerImpl (ServerState.java:close(387)) - 01d5352d-883b-4a7a-89e4-dfaba3730f16@group-8E324B84697D: closes. applyIndex: 0
2020-06-27 13:10:12,268 [grpc-default-executor-8] INFO  impl.FollowerInfo (FollowerInfo.java:lambda$new$0(51)) - 01d5352d-883b-4a7a-89e4-dfaba3730f16@group-8E324B84697D->f0f3ddfc-f4e8-4f2e-975c-cdf5158be850: nextIndex: updateUnconditionally 1 -> 0
2020-06-27 13:10:12,268 [01d5352d-883b-4a7a-89e4-dfaba3730f16@group-8E324B84697D-SegmentedRaftLogWorker] INFO  segmented.SegmentedRaftLogWorker (SegmentedRaftLogWorker.java:run(327)) - 01d5352d-883b-4a7a-89e4-dfaba3730f16@group-8E324B84697D-SegmentedRaftLogWorker was interrupted, exiting. There are 0 tasks remaining in the queue.
2020-06-27 13:10:12,269 [Listener at 127.0.0.1/42033] INFO  impl.StateMachineUpdater (StateMachineUpdater.java:stopAndJoin(142)) - 8dcf8d51-1e28-44e7-81d8-398880dae795@group-BB542DD8D3B7-StateMachineUpdater: set stopIndex = 0
2020-06-27 13:10:12,269 [ForkJoinPool.commonPool-worker-0] INFO  segmented.SegmentedRaftLogWorker (SegmentedRaftLogWorker.java:close(234)) - 01d5352d-883b-4a7a-89e4-dfaba3730f16@group-8E324B84697D-SegmentedRaftLogWorker close()
2020-06-27 13:10:12,270 [Listener at 127.0.0.1/42033] INFO  impl.RaftServerImpl (ServerState.java:close(387)) - 8dcf8d51-1e28-44e7-81d8-398880dae795@group-BB542DD8D3B7: closes. applyIndex: 0
2020-06-27 13:10:12,271 [8dcf8d51-1e28-44e7-81d8-398880dae795@group-BB542DD8D3B7-SegmentedRaftLogWorker] INFO  segmented.SegmentedRaftLogWorker (SegmentedRaftLogWorker.java:run(327)) - 8dcf8d51-1e28-44e7-81d8-398880dae795@group-BB542DD8D3B7-SegmentedRaftLogWorker was interrupted, exiting. There are 0 tasks remaining in the queue.
2020-06-27 13:10:12,272 [ForkJoinPool.commonPool-worker-0] INFO  metrics.RatisMetrics (RatisMetrics.java:unregister(43)) - Unregistering Metrics Registry : ratis.log_worker.01d5352d-883b-4a7a-89e4-dfaba3730f16@group-8E324B84697D
2020-06-27 13:10:12,272 [ForkJoinPool.commonPool-worker-0] INFO  metrics.RatisMetrics (RatisMetrics.java:unregister(43)) - Unregistering Metrics Registry : ratis.leader_election.01d5352d-883b-4a7a-89e4-dfaba3730f16@group-8E324B84697D
2020-06-27 13:10:12,273 [Listener at 127.0.0.1/42033] INFO  segmented.SegmentedRaftLogWorker (SegmentedRaftLogWorker.java:close(234)) - 8dcf8d51-1e28-44e7-81d8-398880dae795@group-BB542DD8D3B7-SegmentedRaftLogWorker close()
2020-06-27 13:10:12,273 [ForkJoinPool.commonPool-worker-0] INFO  metrics.RatisMetrics (RatisMetrics.java:unregister(43)) - Unregistering Metrics Registry : ratis.server.01d5352d-883b-4a7a-89e4-dfaba3730f16@group-8E324B84697D
2020-06-27 13:10:12,274 [ForkJoinPool.commonPool-worker-0] INFO  impl.RaftServerImpl (RaftServerImpl.java:lambda$shutdown$3(252)) - 01d5352d-883b-4a7a-89e4-dfaba3730f16@group-9C1948224E07: shutdown
2020-06-27 13:10:12,274 [ForkJoinPool.commonPool-worker-0] INFO  util.JmxRegister (JmxRegister.java:unregister(73)) - Successfully un-registered JMX Bean with object name Ratis:service=RaftServer,group=group-9C1948224E07,id=01d5352d-883b-4a7a-89e4-dfaba3730f16
2020-06-27 13:10:12,274 [ForkJoinPool.commonPool-worker-0] INFO  impl.RoleInfo (RoleInfo.java:shutdownLeaderState(104)) - 01d5352d-883b-4a7a-89e4-dfaba3730f16: shutdown LeaderState
2020-06-27 13:10:12,274 [ForkJoinPool.commonPool-worker-0] INFO  impl.PendingRequests (PendingRequests.java:sendNotLeaderResponses(249)) - 01d5352d-883b-4a7a-89e4-dfaba3730f16@group-9C1948224E07-PendingRequests: sendNotLeaderResponses
2020-06-27 13:10:12,274 [ForkJoinPool.commonPool-worker-0] INFO  metrics.RatisMetrics (RatisMetrics.java:unregister(43)) - Unregistering Metrics Registry : ratis.log_appender.01d5352d-883b-4a7a-89e4-dfaba3730f16@group-9C1948224E07
2020-06-27 13:10:12,274 [ForkJoinPool.commonPool-worker-0] INFO  metrics.RatisMetrics (RatisMetrics.java:unregister(43)) - Unregistering Metrics Registry : ratis.server.01d5352d-883b-4a7a-89e4-dfaba3730f16@group-9C1948224E07
2020-06-27 13:10:12,276 [01d5352d-883b-4a7a-89e4-dfaba3730f16@group-9C1948224E07-StateMachineUpdater] INFO  ratis.ContainerStateMachine (ContainerStateMachine.java:takeSnapshot(294)) - group-9C1948224E07: Taking a snapshot at:(t:1, i:0) file /github/workspace/mnt/ozone/hadoop-ozone/integration-test/target/test-dir/MiniOzoneClusterImpl-be392bf5-6f5b-448a-8365-d7ab1effc2dc/datanode-2/data/ratis/3268e29f-ff7b-4ecd-a0d1-9c1948224e07/sm/snapshot.1_0
2020-06-27 13:10:12,276 [ForkJoinPool.commonPool-worker-0] INFO  impl.StateMachineUpdater (StateMachineUpdater.java:stopAndJoin(142)) - 01d5352d-883b-4a7a-89e4-dfaba3730f16@group-9C1948224E07-StateMachineUpdater: set stopIndex = 0
2020-06-27 13:10:12,277 [01d5352d-883b-4a7a-89e4-dfaba3730f16@group-9C1948224E07-StateMachineUpdater] INFO  ratis.ContainerStateMachine (ContainerStateMachine.java:takeSnapshot(305)) - group-9C1948224E07: Finished taking a snapshot at:(t:1, i:0) file:/github/workspace/mnt/ozone/hadoop-ozone/integration-test/target/test-dir/MiniOzoneClusterImpl-be392bf5-6f5b-448a-8365-d7ab1effc2dc/datanode-2/data/ratis/3268e29f-ff7b-4ecd-a0d1-9c1948224e07/sm/snapshot.1_0 time:1
2020-06-27 13:10:12,277 [01d5352d-883b-4a7a-89e4-dfaba3730f16@group-9C1948224E07-StateMachineUpdater] INFO  impl.StateMachineUpdater (StateMachineUpdater.java:takeSnapshot(277)) - 01d5352d-883b-4a7a-89e4-dfaba3730f16@group-9C1948224E07-StateMachineUpdater: Took a snapshot at index 0
2020-06-27 13:10:12,277 [01d5352d-883b-4a7a-89e4-dfaba3730f16@group-9C1948224E07-StateMachineUpdater] INFO  impl.StateMachineUpdater (StateMachineUpdater.java:lambda$new$0(87)) - 01d5352d-883b-4a7a-89e4-dfaba3730f16@group-9C1948224E07-StateMachineUpdater: snapshotIndex: updateIncreasingly -1 -> 0
2020-06-27 13:10:12,277 [01d5352d-883b-4a7a-89e4-dfaba3730f16@group-9C1948224E07-StateMachineUpdater] INFO  metrics.RatisMetrics (RatisMetrics.java:unregister(43)) - Unregistering Metrics Registry : ratis.state_machine.01d5352d-883b-4a7a-89e4-dfaba3730f16@group-9C1948224E07
2020-06-27 13:10:12,278 [ForkJoinPool.commonPool-worker-0] INFO  impl.RaftServerImpl (ServerState.java:close(387)) - 01d5352d-883b-4a7a-89e4-dfaba3730f16@group-9C1948224E07: closes. applyIndex: 0
2020-06-27 13:10:12,278 [01d5352d-883b-4a7a-89e4-dfaba3730f16@group-9C1948224E07-SegmentedRaftLogWorker] INFO  segmented.SegmentedRaftLogWorker (SegmentedRaftLogWorker.java:run(327)) - 01d5352d-883b-4a7a-89e4-dfaba3730f16@group-9C1948224E07-SegmentedRaftLogWorker was interrupted, exiting. There are 0 tasks remaining in the queue.
2020-06-27 13:10:12,279 [Listener at 127.0.0.1/42033] INFO  metrics.RatisMetrics (RatisMetrics.java:unregister(43)) - Unregistering Metrics Registry : ratis.log_worker.8dcf8d51-1e28-44e7-81d8-398880dae795@group-BB542DD8D3B7
2020-06-27 13:10:12,279 [Listener at 127.0.0.1/42033] INFO  metrics.RatisMetrics (RatisMetrics.java:unregister(43)) - Unregistering Metrics Registry : ratis.leader_election.8dcf8d51-1e28-44e7-81d8-398880dae795@group-BB542DD8D3B7
2020-06-27 13:10:12,279 [Listener at 127.0.0.1/42033] INFO  metrics.RatisMetrics (RatisMetrics.java:unregister(43)) - Unregistering Metrics Registry : ratis.server.8dcf8d51-1e28-44e7-81d8-398880dae795@group-BB542DD8D3B7
2020-06-27 13:10:12,280 [Listener at 127.0.0.1/42033] INFO  impl.RaftServerImpl (RaftServerImpl.java:lambda$shutdown$3(252)) - 8dcf8d51-1e28-44e7-81d8-398880dae795@group-DC6395955895: shutdown
2020-06-27 13:10:12,280 [Listener at 127.0.0.1/42033] INFO  util.JmxRegister (JmxRegister.java:unregister(73)) - Successfully un-registered JMX Bean with object name Ratis:service=RaftServer,group=group-DC6395955895,id=8dcf8d51-1e28-44e7-81d8-398880dae795
2020-06-27 13:10:12,280 [Listener at 127.0.0.1/42033] INFO  impl.RoleInfo (RoleInfo.java:shutdownFollowerState(121)) - 8dcf8d51-1e28-44e7-81d8-398880dae795: shutdown FollowerState
2020-06-27 13:10:12,280 [Thread-1806] INFO  impl.FollowerState (FollowerState.java:run(117)) - 8dcf8d51-1e28-44e7-81d8-398880dae795@group-DC6395955895-FollowerState was interrupted: java.lang.InterruptedException: sleep interrupted
2020-06-27 13:10:12,281 [Listener at 127.0.0.1/42033] INFO  impl.StateMachineUpdater (StateMachineUpdater.java:stopAndJoin(142)) - 8dcf8d51-1e28-44e7-81d8-398880dae795@group-DC6395955895-StateMachineUpdater: set stopIndex = 2
2020-06-27 13:10:12,281 [ForkJoinPool.commonPool-worker-0] INFO  segmented.SegmentedRaftLogWorker (SegmentedRaftLogWorker.java:close(234)) - 01d5352d-883b-4a7a-89e4-dfaba3730f16@group-9C1948224E07-SegmentedRaftLogWorker close()
2020-06-27 13:10:12,281 [8dcf8d51-1e28-44e7-81d8-398880dae795@group-DC6395955895-StateMachineUpdater] INFO  ratis.ContainerStateMachine (ContainerStateMachine.java:takeSnapshot(294)) - group-DC6395955895: Taking a snapshot at:(t:1, i:2) file /github/workspace/mnt/ozone/hadoop-ozone/integration-test/target/test-dir/MiniOzoneClusterImpl-be392bf5-6f5b-448a-8365-d7ab1effc2dc/datanode-4/data/ratis/bec1c217-6684-487c-aa35-dc6395955895/sm/snapshot.1_2
2020-06-27 13:10:12,282 [8dcf8d51-1e28-44e7-81d8-398880dae795@group-DC6395955895-StateMachineUpdater] INFO  ratis.ContainerStateMachine (ContainerStateMachine.java:takeSnapshot(305)) - group-DC6395955895: Finished taking a snapshot at:(t:1, i:2) file:/github/workspace/mnt/ozone/hadoop-ozone/integration-test/target/test-dir/MiniOzoneClusterImpl-be392bf5-6f5b-448a-8365-d7ab1effc2dc/datanode-4/data/ratis/bec1c217-6684-487c-aa35-dc6395955895/sm/snapshot.1_2 time:2
2020-06-27 13:10:12,282 [8dcf8d51-1e28-44e7-81d8-398880dae795@group-DC6395955895-StateMachineUpdater] INFO  impl.StateMachineUpdater (StateMachineUpdater.java:takeSnapshot(277)) - 8dcf8d51-1e28-44e7-81d8-398880dae795@group-DC6395955895-StateMachineUpdater: Took a snapshot at index 2
2020-06-27 13:10:12,282 [8dcf8d51-1e28-44e7-81d8-398880dae795@group-DC6395955895-StateMachineUpdater] INFO  impl.StateMachineUpdater (StateMachineUpdater.java:lambda$new$0(87)) - 8dcf8d51-1e28-44e7-81d8-398880dae795@group-DC6395955895-StateMachineUpdater: snapshotIndex: updateIncreasingly -1 -> 2
2020-06-27 13:10:12,283 [8dcf8d51-1e28-44e7-81d8-398880dae795@group-DC6395955895-StateMachineUpdater] INFO  metrics.RatisMetrics (RatisMetrics.java:unregister(43)) - Unregistering Metrics Registry : ratis.state_machine.8dcf8d51-1e28-44e7-81d8-398880dae795@group-DC6395955895
2020-06-27 13:10:12,283 [Listener at 127.0.0.1/42033] INFO  impl.RaftServerImpl (ServerState.java:close(387)) - 8dcf8d51-1e28-44e7-81d8-398880dae795@group-DC6395955895: closes. applyIndex: 2
2020-06-27 13:10:12,284 [ForkJoinPool.commonPool-worker-0] INFO  metrics.RatisMetrics (RatisMetrics.java:unregister(43)) - Unregistering Metrics Registry : ratis.log_worker.01d5352d-883b-4a7a-89e4-dfaba3730f16@group-9C1948224E07
2020-06-27 13:10:12,284 [8dcf8d51-1e28-44e7-81d8-398880dae795@group-DC6395955895-SegmentedRaftLogWorker] INFO  segmented.SegmentedRaftLogWorker (SegmentedRaftLogWorker.java:run(327)) - 8dcf8d51-1e28-44e7-81d8-398880dae795@group-DC6395955895-SegmentedRaftLogWorker was interrupted, exiting. There are 0 tasks remaining in the queue.
2020-06-27 13:10:12,284 [ForkJoinPool.commonPool-worker-0] INFO  metrics.RatisMetrics (RatisMetrics.java:unregister(43)) - Unregistering Metrics Registry : ratis.leader_election.01d5352d-883b-4a7a-89e4-dfaba3730f16@group-9C1948224E07
2020-06-27 13:10:12,285 [ForkJoinPool.commonPool-worker-0] INFO  metrics.RatisMetrics (RatisMetrics.java:unregister(43)) - Unregistering Metrics Registry : ratis.server.01d5352d-883b-4a7a-89e4-dfaba3730f16@group-9C1948224E07
2020-06-27 13:10:12,285 [ForkJoinPool.commonPool-worker-0] INFO  server.GrpcService (GrpcService.java:closeImpl(166)) - 01d5352d-883b-4a7a-89e4-dfaba3730f16: shutdown server with port 45929 now
2020-06-27 13:10:12,286 [Listener at 127.0.0.1/42033] INFO  segmented.SegmentedRaftLogWorker (SegmentedRaftLogWorker.java:close(234)) - 8dcf8d51-1e28-44e7-81d8-398880dae795@group-DC6395955895-SegmentedRaftLogWorker close()
2020-06-27 13:10:12,290 [ForkJoinPool.commonPool-worker-0] INFO  server.GrpcService (GrpcService.java:closeImpl(174)) - 01d5352d-883b-4a7a-89e4-dfaba3730f16: shutdown server with port 45929 successfully
2020-06-27 13:10:12,291 [Listener at 127.0.0.1/42033] INFO  metrics.RatisMetrics (RatisMetrics.java:unregister(43)) - Unregistering Metrics Registry : ratis.log_worker.8dcf8d51-1e28-44e7-81d8-398880dae795@group-DC6395955895
2020-06-27 13:10:12,291 [Listener at 127.0.0.1/42033] INFO  metrics.RatisMetrics (RatisMetrics.java:unregister(43)) - Unregistering Metrics Registry : ratis.leader_election.8dcf8d51-1e28-44e7-81d8-398880dae795@group-DC6395955895
2020-06-27 13:10:12,292 [Listener at 127.0.0.1/42033] INFO  metrics.RatisMetrics (RatisMetrics.java:unregister(43)) - Unregistering Metrics Registry : ratis.server.8dcf8d51-1e28-44e7-81d8-398880dae795@group-DC6395955895
2020-06-27 13:10:12,292 [Listener at 127.0.0.1/42033] INFO  server.GrpcService (GrpcService.java:closeImpl(166)) - 8dcf8d51-1e28-44e7-81d8-398880dae795: shutdown server with port 39271 now
2020-06-27 13:10:12,295 [ForkJoinPool.commonPool-worker-0] INFO  utils.BackgroundService (BackgroundService.java:shutdown(157)) - Shutting down service BlockDeletingService
2020-06-27 13:10:12,296 [grpc-default-executor-5] WARN  server.GrpcServerProtocolService (LogUtils.java:warn(122)) - 8dcf8d51-1e28-44e7-81d8-398880dae795: installSnapshot onError, lastRequest: 184b46bf-ef61-46dc-b1d3-41467ae6739f->8dcf8d51-1e28-44e7-81d8-398880dae795#3-t1, previous=(t:1, i:1), leaderCommit=1, initializing? false, entries: size=1, first=(t:1, i:2), METADATAENTRY(c:1): org.apache.ratis.thirdparty.io.grpc.StatusRuntimeException: CANCELLED: cancelled before receiving half close
2020-06-27 13:10:12,296 [grpc-default-executor-5] WARN  server.GrpcLogAppender (LogUtils.java:warn(122)) - 184b46bf-ef61-46dc-b1d3-41467ae6739f@group-DC6395955895->8dcf8d51-1e28-44e7-81d8-398880dae795-AppendLogResponseHandler: Failed appendEntries: org.apache.ratis.thirdparty.io.grpc.StatusRuntimeException: CANCELLED: HTTP/2 error code: CANCEL
Received Rst Stream
2020-06-27 13:10:12,296 [Listener at 127.0.0.1/42033] INFO  server.GrpcService (GrpcService.java:closeImpl(174)) - 8dcf8d51-1e28-44e7-81d8-398880dae795: shutdown server with port 39271 successfully
2020-06-27 13:10:12,297 [Listener at 127.0.0.1/42033] INFO  utils.BackgroundService (BackgroundService.java:shutdown(157)) - Shutting down service BlockDeletingService
2020-06-27 13:10:12,299 [grpc-default-executor-5] INFO  impl.FollowerInfo (FollowerInfo.java:lambda$new$0(51)) - 184b46bf-ef61-46dc-b1d3-41467ae6739f@group-DC6395955895->8dcf8d51-1e28-44e7-81d8-398880dae795: nextIndex: updateUnconditionally 3 -> 2
2020-06-27 13:10:12,301 [ForkJoinPool.commonPool-worker-0] INFO  statemachine.DatanodeStateMachine (DatanodeStateMachine.java:stopDaemon(428)) - Ozone container server stopped.
2020-06-27 13:10:12,301 [Listener at 127.0.0.1/42033] INFO  statemachine.DatanodeStateMachine (DatanodeStateMachine.java:stopDaemon(428)) - Ozone container server stopped.
2020-06-27 13:10:12,302 [Listener at 127.0.0.1/42033] INFO  handler.ContextHandler (ContextHandler.java:doStop(1016)) - Stopped o.e.j.w.WebAppContext@2faec75a{hddsDatanode,/,null,UNAVAILABLE}{jar:file:/home/user/.m2/repository/org/apache/hadoop/hadoop-hdds-container-service/0.6.0-SNAPSHOT/hadoop-hdds-container-service-0.6.0-SNAPSHOT.jar!/webapps/hddsDatanode}
2020-06-27 13:10:12,305 [ForkJoinPool.commonPool-worker-0] INFO  handler.ContextHandler (ContextHandler.java:doStop(1016)) - Stopped o.e.j.w.WebAppContext@2d9c3a0e{hddsDatanode,/,null,UNAVAILABLE}{jar:file:/home/user/.m2/repository/org/apache/hadoop/hadoop-hdds-container-service/0.6.0-SNAPSHOT/hadoop-hdds-container-service-0.6.0-SNAPSHOT.jar!/webapps/hddsDatanode}
2020-06-27 13:10:12,306 [Listener at 127.0.0.1/42033] INFO  server.AbstractConnector (AbstractConnector.java:doStop(380)) - Stopped ServerConnector@16c90eac{HTTP/1.1,[http/1.1]}{0.0.0.0:0}
2020-06-27 13:10:12,306 [Listener at 127.0.0.1/42033] INFO  server.session (HouseKeeper.java:stopScavenging(158)) - node0 Stopped scavenging
2020-06-27 13:10:12,306 [Listener at 127.0.0.1/42033] INFO  handler.ContextHandler (ContextHandler.java:doStop(1016)) - Stopped o.e.j.s.ServletContextHandler@301db982{static,/static,jar:file:/home/user/.m2/repository/org/apache/hadoop/hadoop-hdds-container-service/0.6.0-SNAPSHOT/hadoop-hdds-container-service-0.6.0-SNAPSHOT.jar!/webapps/static,UNAVAILABLE}
2020-06-27 13:10:12,307 [Listener at 127.0.0.1/42033] INFO  handler.ContextHandler (ContextHandler.java:doStop(1016)) - Stopped o.e.j.s.ServletContextHandler@27a14f7e{logs,/logs,file:///github/workspace/mnt/ozone/hadoop-ozone/integration-test/target/log,UNAVAILABLE}
2020-06-27 13:10:12,307 [ForkJoinPool.commonPool-worker-0] INFO  server.AbstractConnector (AbstractConnector.java:doStop(380)) - Stopped ServerConnector@4159c03b{HTTP/1.1,[http/1.1]}{0.0.0.0:0}
2020-06-27 13:10:12,307 [ForkJoinPool.commonPool-worker-0] INFO  server.session (HouseKeeper.java:stopScavenging(158)) - node0 Stopped scavenging
2020-06-27 13:10:12,308 [ForkJoinPool.commonPool-worker-0] INFO  handler.ContextHandler (ContextHandler.java:doStop(1016)) - Stopped o.e.j.s.ServletContextHandler@7b362c16{static,/static,jar:file:/home/user/.m2/repository/org/apache/hadoop/hadoop-hdds-container-service/0.6.0-SNAPSHOT/hadoop-hdds-container-service-0.6.0-SNAPSHOT.jar!/webapps/static,UNAVAILABLE}
2020-06-27 13:10:12,310 [ForkJoinPool.commonPool-worker-0] INFO  handler.ContextHandler (ContextHandler.java:doStop(1016)) - Stopped o.e.j.s.ServletContextHandler@4d31ff3{logs,/logs,file:///github/workspace/mnt/ozone/hadoop-ozone/integration-test/target/log,UNAVAILABLE}
2020-06-27 13:10:13,232 [Datanode State Machine Thread - 0] INFO  statemachine.DatanodeStateMachine (DatanodeStateMachine.java:lambda$startDaemon$0(380)) - Ozone container server started.
2020-06-27 13:10:13,237 [Datanode State Machine Thread - 0] INFO  statemachine.DatanodeStateMachine (DatanodeStateMachine.java:lambda$startDaemon$0(380)) - Ozone container server started.
2020-06-27 13:10:14,697 [grpc-default-executor-5] DEBUG server.GrpcLogAppender (GrpcLogAppender.java:onNext(257)) - 0201d36d-1085-4799-9661-b850b2c36954@group-BFDC5685728E->0f19b122-cd9b-47a6-95cf-d36138869577-AppendLogResponseHandler: received a reply 0201d36d-1085-4799-9661-b850b2c36954<-0f19b122-cd9b-47a6-95cf-d36138869577#4:OK,SUCCESS,nextIndex:1,term:1,followerCommit:0, request=AppendEntriesRequest:cid=4,entriesCount=0,lastEntry=null
2020-06-27 13:10:14,705 [grpc-default-executor-5] DEBUG server.GrpcLogAppender (GrpcLogAppender.java:onNext(257)) - 0201d36d-1085-4799-9661-b850b2c36954@group-BFDC5685728E->be204a00-db90-4592-9b0e-cef66b76ef3d-AppendLogResponseHandler: received a reply 0201d36d-1085-4799-9661-b850b2c36954<-be204a00-db90-4592-9b0e-cef66b76ef3d#4:OK,SUCCESS,nextIndex:1,term:1,followerCommit:0, request=AppendEntriesRequest:cid=4,entriesCount=0,lastEntry=null
2020-06-27 13:10:14,725 [grpc-default-executor-5] DEBUG server.GrpcLogAppender (GrpcLogAppender.java:onNext(257)) - 184b46bf-ef61-46dc-b1d3-41467ae6739f@group-DC6395955895->6b6556c7-e86b-4d09-a7c4-600764c42b3c-AppendLogResponseHandler: received a reply 184b46bf-ef61-46dc-b1d3-41467ae6739f<-6b6556c7-e86b-4d09-a7c4-600764c42b3c#6:OK,SUCCESS,nextIndex:3,term:1,followerCommit:2, request=AppendEntriesRequest:cid=6,entriesCount=0,lastEntry=null
2020-06-27 13:10:14,731 [grpc-default-executor-8] WARN  server.GrpcLogAppender (LogUtils.java:warn(122)) - 184b46bf-ef61-46dc-b1d3-41467ae6739f@group-DC6395955895->8dcf8d51-1e28-44e7-81d8-398880dae795-AppendLogResponseHandler: Failed appendEntries: org.apache.ratis.thirdparty.io.grpc.StatusRuntimeException: UNAVAILABLE: io exception
2020-06-27 13:10:14,733 [grpc-default-executor-8] INFO  impl.FollowerInfo (FollowerInfo.java:lambda$new$0(51)) - 184b46bf-ef61-46dc-b1d3-41467ae6739f@group-DC6395955895->8dcf8d51-1e28-44e7-81d8-398880dae795: nextIndex: updateUnconditionally 3 -> 2
2020-06-27 13:10:17,201 [grpc-default-executor-8] DEBUG server.GrpcLogAppender (GrpcLogAppender.java:onNext(257)) - 0201d36d-1085-4799-9661-b850b2c36954@group-BFDC5685728E->0f19b122-cd9b-47a6-95cf-d36138869577-AppendLogResponseHandler: received a reply 0201d36d-1085-4799-9661-b850b2c36954<-0f19b122-cd9b-47a6-95cf-d36138869577#5:OK,SUCCESS,nextIndex:1,term:1,followerCommit:0, request=AppendEntriesRequest:cid=5,entriesCount=0,lastEntry=null
2020-06-27 13:10:17,207 [grpc-default-executor-8] DEBUG server.GrpcLogAppender (GrpcLogAppender.java:onNext(257)) - 0201d36d-1085-4799-9661-b850b2c36954@group-BFDC5685728E->be204a00-db90-4592-9b0e-cef66b76ef3d-AppendLogResponseHandler: received a reply 0201d36d-1085-4799-9661-b850b2c36954<-be204a00-db90-4592-9b0e-cef66b76ef3d#5:OK,SUCCESS,nextIndex:1,term:1,followerCommit:0, request=AppendEntriesRequest:cid=5,entriesCount=0,lastEntry=null
2020-06-27 13:10:17,227 [grpc-default-executor-8] DEBUG server.GrpcLogAppender (GrpcLogAppender.java:onNext(257)) - 184b46bf-ef61-46dc-b1d3-41467ae6739f@group-DC6395955895->6b6556c7-e86b-4d09-a7c4-600764c42b3c-AppendLogResponseHandler: received a reply 184b46bf-ef61-46dc-b1d3-41467ae6739f<-6b6556c7-e86b-4d09-a7c4-600764c42b3c#7:OK,SUCCESS,nextIndex:3,term:1,followerCommit:2, request=AppendEntriesRequest:cid=7,entriesCount=0,lastEntry=null
2020-06-27 13:10:17,235 [grpc-default-executor-5] WARN  server.GrpcLogAppender (LogUtils.java:warn(122)) - 184b46bf-ef61-46dc-b1d3-41467ae6739f@group-DC6395955895->8dcf8d51-1e28-44e7-81d8-398880dae795-AppendLogResponseHandler: Failed appendEntries: org.apache.ratis.thirdparty.io.grpc.StatusRuntimeException: UNAVAILABLE: io exception
2020-06-27 13:10:17,236 [grpc-default-executor-5] INFO  impl.FollowerInfo (FollowerInfo.java:lambda$new$0(51)) - 184b46bf-ef61-46dc-b1d3-41467ae6739f@group-DC6395955895->8dcf8d51-1e28-44e7-81d8-398880dae795: nextIndex: updateUnconditionally 3 -> 2
2020-06-27 13:10:17,310 [Listener at 127.0.0.1/42033] INFO  ozoneimpl.OzoneContainer (OzoneContainer.java:stop(246)) - Attempting to stop container services.
2020-06-27 13:10:17,310 [Listener at 127.0.0.1/42033] INFO  impl.RaftServerProxy (RaftServerProxy.java:lambda$close$4(319)) - 184b46bf-ef61-46dc-b1d3-41467ae6739f: close
2020-06-27 13:10:17,310 [Listener at 127.0.0.1/42033] INFO  impl.RaftServerImpl (RaftServerImpl.java:lambda$shutdown$3(252)) - 184b46bf-ef61-46dc-b1d3-41467ae6739f@group-565A48E046FE: shutdown
2020-06-27 13:10:17,310 [Listener at 127.0.0.1/42033] INFO  util.JmxRegister (JmxRegister.java:unregister(73)) - Successfully un-registered JMX Bean with object name Ratis:service=RaftServer,group=group-565A48E046FE,id=184b46bf-ef61-46dc-b1d3-41467ae6739f
2020-06-27 13:10:17,311 [Listener at 127.0.0.1/42033] INFO  impl.RoleInfo (RoleInfo.java:shutdownLeaderState(104)) - 184b46bf-ef61-46dc-b1d3-41467ae6739f: shutdown LeaderState
2020-06-27 13:10:17,311 [Listener at 127.0.0.1/42033] INFO  impl.PendingRequests (PendingRequests.java:sendNotLeaderResponses(249)) - 184b46bf-ef61-46dc-b1d3-41467ae6739f@group-565A48E046FE-PendingRequests: sendNotLeaderResponses
2020-06-27 13:10:17,311 [Listener at 127.0.0.1/42033] INFO  metrics.RatisMetrics (RatisMetrics.java:unregister(43)) - Unregistering Metrics Registry : ratis.log_appender.184b46bf-ef61-46dc-b1d3-41467ae6739f@group-565A48E046FE
2020-06-27 13:10:17,311 [Listener at 127.0.0.1/42033] INFO  metrics.RatisMetrics (RatisMetrics.java:unregister(43)) - Unregistering Metrics Registry : ratis.server.184b46bf-ef61-46dc-b1d3-41467ae6739f@group-565A48E046FE
2020-06-27 13:10:17,312 [ForkJoinPool.commonPool-worker-0] INFO  ozoneimpl.OzoneContainer (OzoneContainer.java:stop(246)) - Attempting to stop container services.
2020-06-27 13:10:17,312 [ForkJoinPool.commonPool-worker-0] INFO  impl.RaftServerProxy (RaftServerProxy.java:lambda$close$4(319)) - 6b6556c7-e86b-4d09-a7c4-600764c42b3c: close
2020-06-27 13:10:17,312 [ForkJoinPool.commonPool-worker-0] INFO  impl.RaftServerImpl (RaftServerImpl.java:lambda$shutdown$3(252)) - 6b6556c7-e86b-4d09-a7c4-600764c42b3c@group-CADBCD8A21D8: shutdown
2020-06-27 13:10:17,313 [ForkJoinPool.commonPool-worker-0] INFO  util.JmxRegister (JmxRegister.java:unregister(73)) - Successfully un-registered JMX Bean with object name Ratis:service=RaftServer,group=group-CADBCD8A21D8,id=6b6556c7-e86b-4d09-a7c4-600764c42b3c
2020-06-27 13:10:17,313 [ForkJoinPool.commonPool-worker-0] INFO  impl.RoleInfo (RoleInfo.java:shutdownLeaderState(104)) - 6b6556c7-e86b-4d09-a7c4-600764c42b3c: shutdown LeaderState
2020-06-27 13:10:17,313 [ForkJoinPool.commonPool-worker-0] INFO  impl.PendingRequests (PendingRequests.java:sendNotLeaderResponses(249)) - 6b6556c7-e86b-4d09-a7c4-600764c42b3c@group-CADBCD8A21D8-PendingRequests: sendNotLeaderResponses
2020-06-27 13:10:17,313 [ForkJoinPool.commonPool-worker-0] INFO  metrics.RatisMetrics (RatisMetrics.java:unregister(43)) - Unregistering Metrics Registry : ratis.log_appender.6b6556c7-e86b-4d09-a7c4-600764c42b3c@group-CADBCD8A21D8
2020-06-27 13:10:17,313 [ForkJoinPool.commonPool-worker-0] INFO  metrics.RatisMetrics (RatisMetrics.java:unregister(43)) - Unregistering Metrics Registry : ratis.server.6b6556c7-e86b-4d09-a7c4-600764c42b3c@group-CADBCD8A21D8
2020-06-27 13:10:17,314 [184b46bf-ef61-46dc-b1d3-41467ae6739f@group-565A48E046FE-StateMachineUpdater] INFO  ratis.ContainerStateMachine (ContainerStateMachine.java:takeSnapshot(294)) - group-565A48E046FE: Taking a snapshot at:(t:1, i:0) file /github/workspace/mnt/ozone/hadoop-ozone/integration-test/target/test-dir/MiniOzoneClusterImpl-be392bf5-6f5b-448a-8365-d7ab1effc2dc/datanode-5/data/ratis/97dfab4a-5830-4333-9ad1-565a48e046fe/sm/snapshot.1_0
2020-06-27 13:10:17,313 [Listener at 127.0.0.1/42033] INFO  impl.StateMachineUpdater (StateMachineUpdater.java:stopAndJoin(142)) - 184b46bf-ef61-46dc-b1d3-41467ae6739f@group-565A48E046FE-StateMachineUpdater: set stopIndex = 0
2020-06-27 13:10:17,315 [ForkJoinPool.commonPool-worker-0] INFO  impl.StateMachineUpdater (StateMachineUpdater.java:stopAndJoin(142)) - 6b6556c7-e86b-4d09-a7c4-600764c42b3c@group-CADBCD8A21D8-StateMachineUpdater: set stopIndex = 0
2020-06-27 13:10:17,315 [6b6556c7-e86b-4d09-a7c4-600764c42b3c@group-CADBCD8A21D8-StateMachineUpdater] INFO  ratis.ContainerStateMachine (ContainerStateMachine.java:takeSnapshot(294)) - group-CADBCD8A21D8: Taking a snapshot at:(t:1, i:0) file /github/workspace/mnt/ozone/hadoop-ozone/integration-test/target/test-dir/MiniOzoneClusterImpl-be392bf5-6f5b-448a-8365-d7ab1effc2dc/datanode-3/data/ratis/7101e1f7-cb0f-4eda-bf02-cadbcd8a21d8/sm/snapshot.1_0
2020-06-27 13:10:17,315 [184b46bf-ef61-46dc-b1d3-41467ae6739f@group-565A48E046FE-StateMachineUpdater] INFO  ratis.ContainerStateMachine (ContainerStateMachine.java:takeSnapshot(305)) - group-565A48E046FE: Finished taking a snapshot at:(t:1, i:0) file:/github/workspace/mnt/ozone/hadoop-ozone/integration-test/target/test-dir/MiniOzoneClusterImpl-be392bf5-6f5b-448a-8365-d7ab1effc2dc/datanode-5/data/ratis/97dfab4a-5830-4333-9ad1-565a48e046fe/sm/snapshot.1_0 time:1
2020-06-27 13:10:17,315 [184b46bf-ef61-46dc-b1d3-41467ae6739f@group-565A48E046FE-StateMachineUpdater] INFO  impl.StateMachineUpdater (StateMachineUpdater.java:takeSnapshot(277)) - 184b46bf-ef61-46dc-b1d3-41467ae6739f@group-565A48E046FE-StateMachineUpdater: Took a snapshot at index 0
2020-06-27 13:10:17,315 [184b46bf-ef61-46dc-b1d3-41467ae6739f@group-565A48E046FE-StateMachineUpdater] INFO  impl.StateMachineUpdater (StateMachineUpdater.java:lambda$new$0(87)) - 184b46bf-ef61-46dc-b1d3-41467ae6739f@group-565A48E046FE-StateMachineUpdater: snapshotIndex: updateIncreasingly -1 -> 0
2020-06-27 13:10:17,316 [184b46bf-ef61-46dc-b1d3-41467ae6739f@group-565A48E046FE-StateMachineUpdater] INFO  metrics.RatisMetrics (RatisMetrics.java:unregister(43)) - Unregistering Metrics Registry : ratis.state_machine.184b46bf-ef61-46dc-b1d3-41467ae6739f@group-565A48E046FE
2020-06-27 13:10:17,316 [Listener at 127.0.0.1/42033] INFO  impl.RaftServerImpl (ServerState.java:close(387)) - 184b46bf-ef61-46dc-b1d3-41467ae6739f@group-565A48E046FE: closes. applyIndex: 0
2020-06-27 13:10:17,316 [6b6556c7-e86b-4d09-a7c4-600764c42b3c@group-CADBCD8A21D8-StateMachineUpdater] INFO  ratis.ContainerStateMachine (ContainerStateMachine.java:takeSnapshot(305)) - group-CADBCD8A21D8: Finished taking a snapshot at:(t:1, i:0) file:/github/workspace/mnt/ozone/hadoop-ozone/integration-test/target/test-dir/MiniOzoneClusterImpl-be392bf5-6f5b-448a-8365-d7ab1effc2dc/datanode-3/data/ratis/7101e1f7-cb0f-4eda-bf02-cadbcd8a21d8/sm/snapshot.1_0 time:1
2020-06-27 13:10:17,316 [184b46bf-ef61-46dc-b1d3-41467ae6739f@group-565A48E046FE-SegmentedRaftLogWorker] INFO  segmented.SegmentedRaftLogWorker (SegmentedRaftLogWorker.java:run(327)) - 184b46bf-ef61-46dc-b1d3-41467ae6739f@group-565A48E046FE-SegmentedRaftLogWorker was interrupted, exiting. There are 0 tasks remaining in the queue.
2020-06-27 13:10:17,316 [6b6556c7-e86b-4d09-a7c4-600764c42b3c@group-CADBCD8A21D8-StateMachineUpdater] INFO  impl.StateMachineUpdater (StateMachineUpdater.java:takeSnapshot(277)) - 6b6556c7-e86b-4d09-a7c4-600764c42b3c@group-CADBCD8A21D8-StateMachineUpdater: Took a snapshot at index 0
2020-06-27 13:10:17,316 [6b6556c7-e86b-4d09-a7c4-600764c42b3c@group-CADBCD8A21D8-StateMachineUpdater] INFO  impl.StateMachineUpdater (StateMachineUpdater.java:lambda$new$0(87)) - 6b6556c7-e86b-4d09-a7c4-600764c42b3c@group-CADBCD8A21D8-StateMachineUpdater: snapshotIndex: updateIncreasingly -1 -> 0
2020-06-27 13:10:17,317 [6b6556c7-e86b-4d09-a7c4-600764c42b3c@group-CADBCD8A21D8-StateMachineUpdater] INFO  metrics.RatisMetrics (RatisMetrics.java:unregister(43)) - Unregistering Metrics Registry : ratis.state_machine.6b6556c7-e86b-4d09-a7c4-600764c42b3c@group-CADBCD8A21D8
2020-06-27 13:10:17,317 [ForkJoinPool.commonPool-worker-0] INFO  impl.RaftServerImpl (ServerState.java:close(387)) - 6b6556c7-e86b-4d09-a7c4-600764c42b3c@group-CADBCD8A21D8: closes. applyIndex: 0
2020-06-27 13:10:17,318 [6b6556c7-e86b-4d09-a7c4-600764c42b3c@group-CADBCD8A21D8-SegmentedRaftLogWorker] INFO  segmented.SegmentedRaftLogWorker (SegmentedRaftLogWorker.java:run(327)) - 6b6556c7-e86b-4d09-a7c4-600764c42b3c@group-CADBCD8A21D8-SegmentedRaftLogWorker was interrupted, exiting. There are 0 tasks remaining in the queue.
2020-06-27 13:10:17,319 [Listener at 127.0.0.1/42033] INFO  segmented.SegmentedRaftLogWorker (SegmentedRaftLogWorker.java:close(234)) - 184b46bf-ef61-46dc-b1d3-41467ae6739f@group-565A48E046FE-SegmentedRaftLogWorker close()
2020-06-27 13:10:17,319 [ForkJoinPool.commonPool-worker-0] INFO  segmented.SegmentedRaftLogWorker (SegmentedRaftLogWorker.java:close(234)) - 6b6556c7-e86b-4d09-a7c4-600764c42b3c@group-CADBCD8A21D8-SegmentedRaftLogWorker close()
2020-06-27 13:10:17,320 [Listener at 127.0.0.1/42033] INFO  metrics.RatisMetrics (RatisMetrics.java:unregister(43)) - Unregistering Metrics Registry : ratis.log_worker.184b46bf-ef61-46dc-b1d3-41467ae6739f@group-565A48E046FE
2020-06-27 13:10:17,327 [Listener at 127.0.0.1/42033] INFO  metrics.RatisMetrics (RatisMetrics.java:unregister(43)) - Unregistering Metrics Registry : ratis.leader_election.184b46bf-ef61-46dc-b1d3-41467ae6739f@group-565A48E046FE
2020-06-27 13:10:17,327 [ForkJoinPool.commonPool-worker-0] INFO  metrics.RatisMetrics (RatisMetrics.java:unregister(43)) - Unregistering Metrics Registry : ratis.log_worker.6b6556c7-e86b-4d09-a7c4-600764c42b3c@group-CADBCD8A21D8
2020-06-27 13:10:17,328 [ForkJoinPool.commonPool-worker-0] INFO  metrics.RatisMetrics (RatisMetrics.java:unregister(43)) - Unregistering Metrics Registry : ratis.leader_election.6b6556c7-e86b-4d09-a7c4-600764c42b3c@group-CADBCD8A21D8
2020-06-27 13:10:17,328 [ForkJoinPool.commonPool-worker-0] INFO  metrics.RatisMetrics (RatisMetrics.java:unregister(43)) - Unregistering Metrics Registry : ratis.server.6b6556c7-e86b-4d09-a7c4-600764c42b3c@group-CADBCD8A21D8
2020-06-27 13:10:17,328 [ForkJoinPool.commonPool-worker-0] INFO  impl.RaftServerImpl (RaftServerImpl.java:lambda$shutdown$3(252)) - 6b6556c7-e86b-4d09-a7c4-600764c42b3c@group-DC6395955895: shutdown
2020-06-27 13:10:17,328 [ForkJoinPool.commonPool-worker-0] INFO  util.JmxRegister (JmxRegister.java:unregister(73)) - Successfully un-registered JMX Bean with object name Ratis:service=RaftServer,group=group-DC6395955895,id=6b6556c7-e86b-4d09-a7c4-600764c42b3c
2020-06-27 13:10:17,328 [ForkJoinPool.commonPool-worker-0] INFO  impl.RoleInfo (RoleInfo.java:shutdownFollowerState(121)) - 6b6556c7-e86b-4d09-a7c4-600764c42b3c: shutdown FollowerState
2020-06-27 13:10:17,329 [Thread-1809] INFO  impl.FollowerState (FollowerState.java:run(117)) - 6b6556c7-e86b-4d09-a7c4-600764c42b3c@group-DC6395955895-FollowerState was interrupted: java.lang.InterruptedException: sleep interrupted
2020-06-27 13:10:17,329 [6b6556c7-e86b-4d09-a7c4-600764c42b3c@group-DC6395955895-StateMachineUpdater] INFO  ratis.ContainerStateMachine (ContainerStateMachine.java:takeSnapshot(294)) - group-DC6395955895: Taking a snapshot at:(t:1, i:2) file /github/workspace/mnt/ozone/hadoop-ozone/integration-test/target/test-dir/MiniOzoneClusterImpl-be392bf5-6f5b-448a-8365-d7ab1effc2dc/datanode-3/data/ratis/bec1c217-6684-487c-aa35-dc6395955895/sm/snapshot.1_2
2020-06-27 13:10:17,329 [ForkJoinPool.commonPool-worker-0] INFO  impl.StateMachineUpdater (StateMachineUpdater.java:stopAndJoin(142)) - 6b6556c7-e86b-4d09-a7c4-600764c42b3c@group-DC6395955895-StateMachineUpdater: set stopIndex = 2
2020-06-27 13:10:17,330 [Listener at 127.0.0.1/42033] INFO  metrics.RatisMetrics (RatisMetrics.java:unregister(43)) - Unregistering Metrics Registry : ratis.server.184b46bf-ef61-46dc-b1d3-41467ae6739f@group-565A48E046FE
2020-06-27 13:10:17,330 [Listener at 127.0.0.1/42033] INFO  impl.RaftServerImpl (RaftServerImpl.java:lambda$shutdown$3(252)) - 184b46bf-ef61-46dc-b1d3-41467ae6739f@group-DC6395955895: shutdown
2020-06-27 13:10:17,330 [Listener at 127.0.0.1/42033] INFO  util.JmxRegister (JmxRegister.java:unregister(73)) - Successfully un-registered JMX Bean with object name Ratis:service=RaftServer,group=group-DC6395955895,id=184b46bf-ef61-46dc-b1d3-41467ae6739f
2020-06-27 13:10:17,330 [Listener at 127.0.0.1/42033] INFO  impl.RoleInfo (RoleInfo.java:shutdownLeaderState(104)) - 184b46bf-ef61-46dc-b1d3-41467ae6739f: shutdown LeaderState
2020-06-27 13:10:17,331 [6b6556c7-e86b-4d09-a7c4-600764c42b3c@group-DC6395955895-StateMachineUpdater] INFO  ratis.ContainerStateMachine (ContainerStateMachine.java:takeSnapshot(305)) - group-DC6395955895: Finished taking a snapshot at:(t:1, i:2) file:/github/workspace/mnt/ozone/hadoop-ozone/integration-test/target/test-dir/MiniOzoneClusterImpl-be392bf5-6f5b-448a-8365-d7ab1effc2dc/datanode-3/data/ratis/bec1c217-6684-487c-aa35-dc6395955895/sm/snapshot.1_2 time:2
2020-06-27 13:10:17,331 [Listener at 127.0.0.1/42033] INFO  metrics.RatisMetrics (RatisMetrics.java:unregister(43)) - Unregistering Metrics Registry : ratis_grpc.log_appender.184b46bf-ef61-46dc-b1d3-41467ae6739f@group-DC6395955895
2020-06-27 13:10:17,331 [6b6556c7-e86b-4d09-a7c4-600764c42b3c@group-DC6395955895-StateMachineUpdater] INFO  impl.StateMachineUpdater (StateMachineUpdater.java:takeSnapshot(277)) - 6b6556c7-e86b-4d09-a7c4-600764c42b3c@group-DC6395955895-StateMachineUpdater: Took a snapshot at index 2
2020-06-27 13:10:17,332 [org.apache.ratis.server.impl.LogAppender$AppenderDaemon$$Lambda$443/905539811@6c8c4be4] WARN  server.GrpcLogAppender (GrpcLogAppender.java:mayWait(153)) - 184b46bf-ef61-46dc-b1d3-41467ae6739f@group-DC6395955895->8dcf8d51-1e28-44e7-81d8-398880dae795-GrpcLogAppender: Wait interrupted by java.lang.InterruptedException
2020-06-27 13:10:17,332 [6b6556c7-e86b-4d09-a7c4-600764c42b3c@group-DC6395955895-StateMachineUpdater] INFO  impl.StateMachineUpdater (StateMachineUpdater.java:lambda$new$0(87)) - 6b6556c7-e86b-4d09-a7c4-600764c42b3c@group-DC6395955895-StateMachineUpdater: snapshotIndex: updateIncreasingly -1 -> 2
2020-06-27 13:10:17,332 [Listener at 127.0.0.1/42033] INFO  metrics.RatisMetrics (RatisMetrics.java:unregister(43)) - Unregistering Metrics Registry : ratis_grpc.log_appender.184b46bf-ef61-46dc-b1d3-41467ae6739f@group-DC6395955895
2020-06-27 13:10:17,332 [6b6556c7-e86b-4d09-a7c4-600764c42b3c@group-DC6395955895-StateMachineUpdater] INFO  metrics.RatisMetrics (RatisMetrics.java:unregister(43)) - Unregistering Metrics Registry : ratis.state_machine.6b6556c7-e86b-4d09-a7c4-600764c42b3c@group-DC6395955895
2020-06-27 13:10:17,333 [org.apache.ratis.server.impl.LogAppender$AppenderDaemon$$Lambda$443/905539811@2c02d9a6] WARN  server.GrpcLogAppender (GrpcLogAppender.java:mayWait(153)) - 184b46bf-ef61-46dc-b1d3-41467ae6739f@group-DC6395955895->6b6556c7-e86b-4d09-a7c4-600764c42b3c-GrpcLogAppender: Wait interrupted by java.lang.InterruptedException
2020-06-27 13:10:17,333 [Listener at 127.0.0.1/42033] INFO  impl.PendingRequests (PendingRequests.java:sendNotLeaderResponses(249)) - 184b46bf-ef61-46dc-b1d3-41467ae6739f@group-DC6395955895-PendingRequests: sendNotLeaderResponses
2020-06-27 13:10:17,334 [ForkJoinPool.commonPool-worker-0] INFO  impl.RaftServerImpl (ServerState.java:close(387)) - 6b6556c7-e86b-4d09-a7c4-600764c42b3c@group-DC6395955895: closes. applyIndex: 2
2020-06-27 13:10:17,334 [grpc-default-executor-5] INFO  server.GrpcServerProtocolService (GrpcServerProtocolService.java:onCompleted(138)) - 6b6556c7-e86b-4d09-a7c4-600764c42b3c: Completed APPEND_ENTRIES, lastRequest: 184b46bf-ef61-46dc-b1d3-41467ae6739f->6b6556c7-e86b-4d09-a7c4-600764c42b3c#3-t1, previous=(t:1, i:1), leaderCommit=1, initializing? false, entries: size=1, first=(t:1, i:2), METADATAENTRY(c:1)
2020-06-27 13:10:17,341 [Listener at 127.0.0.1/42033] INFO  metrics.RatisMetrics (RatisMetrics.java:unregister(43)) - Unregistering Metrics Registry : ratis.log_appender.184b46bf-ef61-46dc-b1d3-41467ae6739f@group-DC6395955895
2020-06-27 13:10:17,342 [Listener at 127.0.0.1/42033] INFO  metrics.RatisMetrics (RatisMetrics.java:unregister(43)) - Unregistering Metrics Registry : ratis.server.184b46bf-ef61-46dc-b1d3-41467ae6739f@group-DC6395955895
2020-06-27 13:10:17,343 [grpc-default-executor-8] INFO  server.GrpcLogAppender (GrpcLogAppender.java:onCompleted(319)) - 184b46bf-ef61-46dc-b1d3-41467ae6739f@group-DC6395955895->6b6556c7-e86b-4d09-a7c4-600764c42b3c-AppendLogResponseHandler: follower responses appendEntries COMPLETED
2020-06-27 13:10:17,343 [6b6556c7-e86b-4d09-a7c4-600764c42b3c@group-DC6395955895-SegmentedRaftLogWorker] INFO  segmented.SegmentedRaftLogWorker (SegmentedRaftLogWorker.java:run(327)) - 6b6556c7-e86b-4d09-a7c4-600764c42b3c@group-DC6395955895-SegmentedRaftLogWorker was interrupted, exiting. There are 0 tasks remaining in the queue.
2020-06-27 13:10:17,345 [ForkJoinPool.commonPool-worker-0] INFO  segmented.SegmentedRaftLogWorker (SegmentedRaftLogWorker.java:close(234)) - 6b6556c7-e86b-4d09-a7c4-600764c42b3c@group-DC6395955895-SegmentedRaftLogWorker close()
2020-06-27 13:10:17,346 [grpc-default-executor-8] INFO  impl.FollowerInfo (FollowerInfo.java:lambda$new$0(51)) - 184b46bf-ef61-46dc-b1d3-41467ae6739f@group-DC6395955895->6b6556c7-e86b-4d09-a7c4-600764c42b3c: nextIndex: updateUnconditionally 3 -> 2
2020-06-27 13:10:17,346 [ForkJoinPool.commonPool-worker-0] INFO  metrics.RatisMetrics (RatisMetrics.java:unregister(43)) - Unregistering Metrics Registry : ratis.log_worker.6b6556c7-e86b-4d09-a7c4-600764c42b3c@group-DC6395955895
2020-06-27 13:10:17,347 [ForkJoinPool.commonPool-worker-0] INFO  metrics.RatisMetrics (RatisMetrics.java:unregister(43)) - Unregistering Metrics Registry : ratis.leader_election.6b6556c7-e86b-4d09-a7c4-600764c42b3c@group-DC6395955895
2020-06-27 13:10:17,347 [ForkJoinPool.commonPool-worker-0] INFO  metrics.RatisMetrics (RatisMetrics.java:unregister(43)) - Unregistering Metrics Registry : ratis.server.6b6556c7-e86b-4d09-a7c4-600764c42b3c@group-DC6395955895
2020-06-27 13:10:17,347 [ForkJoinPool.commonPool-worker-0] INFO  server.GrpcService (GrpcService.java:closeImpl(166)) - 6b6556c7-e86b-4d09-a7c4-600764c42b3c: shutdown server with port 42637 now
2020-06-27 13:10:17,352 [ForkJoinPool.commonPool-worker-0] INFO  server.GrpcService (GrpcService.java:closeImpl(174)) - 6b6556c7-e86b-4d09-a7c4-600764c42b3c: shutdown server with port 42637 successfully
2020-06-27 13:10:17,353 [ForkJoinPool.commonPool-worker-0] INFO  utils.BackgroundService (BackgroundService.java:shutdown(157)) - Shutting down service BlockDeletingService
2020-06-27 13:10:17,354 [Listener at 127.0.0.1/42033] INFO  impl.StateMachineUpdater (StateMachineUpdater.java:stopAndJoin(142)) - 184b46bf-ef61-46dc-b1d3-41467ae6739f@group-DC6395955895-StateMachineUpdater: set stopIndex = 2
2020-06-27 13:10:17,354 [184b46bf-ef61-46dc-b1d3-41467ae6739f@group-DC6395955895-StateMachineUpdater] INFO  ratis.ContainerStateMachine (ContainerStateMachine.java:takeSnapshot(294)) - group-DC6395955895: Taking a snapshot at:(t:1, i:2) file /github/workspace/mnt/ozone/hadoop-ozone/integration-test/target/test-dir/MiniOzoneClusterImpl-be392bf5-6f5b-448a-8365-d7ab1effc2dc/datanode-5/data/ratis/bec1c217-6684-487c-aa35-dc6395955895/sm/snapshot.1_2
2020-06-27 13:10:17,356 [184b46bf-ef61-46dc-b1d3-41467ae6739f@group-DC6395955895-StateMachineUpdater] INFO  ratis.ContainerStateMachine (ContainerStateMachine.java:takeSnapshot(305)) - group-DC6395955895: Finished taking a snapshot at:(t:1, i:2) file:/github/workspace/mnt/ozone/hadoop-ozone/integration-test/target/test-dir/MiniOzoneClusterImpl-be392bf5-6f5b-448a-8365-d7ab1effc2dc/datanode-5/data/ratis/bec1c217-6684-487c-aa35-dc6395955895/sm/snapshot.1_2 time:3
2020-06-27 13:10:17,358 [ForkJoinPool.commonPool-worker-0] INFO  statemachine.DatanodeStateMachine (DatanodeStateMachine.java:stopDaemon(428)) - Ozone container server stopped.
2020-06-27 13:10:17,359 [184b46bf-ef61-46dc-b1d3-41467ae6739f@group-DC6395955895-StateMachineUpdater] INFO  impl.StateMachineUpdater (StateMachineUpdater.java:takeSnapshot(277)) - 184b46bf-ef61-46dc-b1d3-41467ae6739f@group-DC6395955895-StateMachineUpdater: Took a snapshot at index 2
2020-06-27 13:10:17,359 [184b46bf-ef61-46dc-b1d3-41467ae6739f@group-DC6395955895-StateMachineUpdater] INFO  impl.StateMachineUpdater (StateMachineUpdater.java:lambda$new$0(87)) - 184b46bf-ef61-46dc-b1d3-41467ae6739f@group-DC6395955895-StateMachineUpdater: snapshotIndex: updateIncreasingly -1 -> 2
2020-06-27 13:10:17,360 [184b46bf-ef61-46dc-b1d3-41467ae6739f@group-DC6395955895-StateMachineUpdater] INFO  metrics.RatisMetrics (RatisMetrics.java:unregister(43)) - Unregistering Metrics Registry : ratis.state_machine.184b46bf-ef61-46dc-b1d3-41467ae6739f@group-DC6395955895
2020-06-27 13:10:17,361 [ForkJoinPool.commonPool-worker-0] INFO  handler.ContextHandler (ContextHandler.java:doStop(1016)) - Stopped o.e.j.w.WebAppContext@3e03037f{hddsDatanode,/,null,UNAVAILABLE}{jar:file:/home/user/.m2/repository/org/apache/hadoop/hadoop-hdds-container-service/0.6.0-SNAPSHOT/hadoop-hdds-container-service-0.6.0-SNAPSHOT.jar!/webapps/hddsDatanode}
2020-06-27 13:10:17,361 [Listener at 127.0.0.1/42033] INFO  impl.RaftServerImpl (ServerState.java:close(387)) - 184b46bf-ef61-46dc-b1d3-41467ae6739f@group-DC6395955895: closes. applyIndex: 2
2020-06-27 13:10:17,363 [ForkJoinPool.commonPool-worker-0] INFO  server.AbstractConnector (AbstractConnector.java:doStop(380)) - Stopped ServerConnector@6840f38e{HTTP/1.1,[http/1.1]}{0.0.0.0:0}
2020-06-27 13:10:17,363 [ForkJoinPool.commonPool-worker-0] INFO  server.session (HouseKeeper.java:stopScavenging(158)) - node0 Stopped scavenging
2020-06-27 13:10:17,363 [184b46bf-ef61-46dc-b1d3-41467ae6739f@group-DC6395955895-SegmentedRaftLogWorker] INFO  segmented.SegmentedRaftLogWorker (SegmentedRaftLogWorker.java:run(327)) - 184b46bf-ef61-46dc-b1d3-41467ae6739f@group-DC6395955895-SegmentedRaftLogWorker was interrupted, exiting. There are 0 tasks remaining in the queue.
2020-06-27 13:10:17,364 [ForkJoinPool.commonPool-worker-0] INFO  handler.ContextHandler (ContextHandler.java:doStop(1016)) - Stopped o.e.j.s.ServletContextHandler@77e062f4{static,/static,jar:file:/home/user/.m2/repository/org/apache/hadoop/hadoop-hdds-container-service/0.6.0-SNAPSHOT/hadoop-hdds-container-service-0.6.0-SNAPSHOT.jar!/webapps/static,UNAVAILABLE}
2020-06-27 13:10:17,364 [Listener at 127.0.0.1/42033] INFO  segmented.SegmentedRaftLogWorker (SegmentedRaftLogWorker.java:close(234)) - 184b46bf-ef61-46dc-b1d3-41467ae6739f@group-DC6395955895-SegmentedRaftLogWorker close()
2020-06-27 13:10:17,366 [Listener at 127.0.0.1/42033] INFO  metrics.RatisMetrics (RatisMetrics.java:unregister(43)) - Unregistering Metrics Registry : ratis.log_worker.184b46bf-ef61-46dc-b1d3-41467ae6739f@group-DC6395955895
2020-06-27 13:10:17,366 [Listener at 127.0.0.1/42033] INFO  metrics.RatisMetrics (RatisMetrics.java:unregister(43)) - Unregistering Metrics Registry : ratis.leader_election.184b46bf-ef61-46dc-b1d3-41467ae6739f@group-DC6395955895
2020-06-27 13:10:17,367 [Listener at 127.0.0.1/42033] INFO  metrics.RatisMetrics (RatisMetrics.java:unregister(43)) - Unregistering Metrics Registry : ratis.server.184b46bf-ef61-46dc-b1d3-41467ae6739f@group-DC6395955895
2020-06-27 13:10:17,366 [ForkJoinPool.commonPool-worker-0] INFO  handler.ContextHandler (ContextHandler.java:doStop(1016)) - Stopped o.e.j.s.ServletContextHandler@7f78cca6{logs,/logs,file:///github/workspace/mnt/ozone/hadoop-ozone/integration-test/target/log,UNAVAILABLE}
2020-06-27 13:10:17,368 [Listener at 127.0.0.1/42033] INFO  server.GrpcService (GrpcService.java:closeImpl(166)) - 184b46bf-ef61-46dc-b1d3-41467ae6739f: shutdown server with port 41953 now
2020-06-27 13:10:17,369 [Listener at 127.0.0.1/42033] INFO  server.GrpcService (GrpcService.java:closeImpl(174)) - 184b46bf-ef61-46dc-b1d3-41467ae6739f: shutdown server with port 41953 successfully
2020-06-27 13:10:17,371 [Listener at 127.0.0.1/42033] INFO  utils.BackgroundService (BackgroundService.java:shutdown(157)) - Shutting down service BlockDeletingService
2020-06-27 13:10:17,373 [Listener at 127.0.0.1/42033] INFO  statemachine.DatanodeStateMachine (DatanodeStateMachine.java:stopDaemon(428)) - Ozone container server stopped.
2020-06-27 13:10:17,374 [Listener at 127.0.0.1/42033] INFO  handler.ContextHandler (ContextHandler.java:doStop(1016)) - Stopped o.e.j.w.WebAppContext@727b65df{hddsDatanode,/,null,UNAVAILABLE}{jar:file:/home/user/.m2/repository/org/apache/hadoop/hadoop-hdds-container-service/0.6.0-SNAPSHOT/hadoop-hdds-container-service-0.6.0-SNAPSHOT.jar!/webapps/hddsDatanode}
2020-06-27 13:10:17,374 [Listener at 127.0.0.1/42033] INFO  server.AbstractConnector (AbstractConnector.java:doStop(380)) - Stopped ServerConnector@39211108{HTTP/1.1,[http/1.1]}{0.0.0.0:0}
2020-06-27 13:10:17,374 [Listener at 127.0.0.1/42033] INFO  server.session (HouseKeeper.java:stopScavenging(158)) - node0 Stopped scavenging
2020-06-27 13:10:17,374 [Listener at 127.0.0.1/42033] INFO  handler.ContextHandler (ContextHandler.java:doStop(1016)) - Stopped o.e.j.s.ServletContextHandler@6603f03d{static,/static,jar:file:/home/user/.m2/repository/org/apache/hadoop/hadoop-hdds-container-service/0.6.0-SNAPSHOT/hadoop-hdds-container-service-0.6.0-SNAPSHOT.jar!/webapps/static,UNAVAILABLE}
2020-06-27 13:10:17,375 [Listener at 127.0.0.1/42033] INFO  handler.ContextHandler (ContextHandler.java:doStop(1016)) - Stopped o.e.j.s.ServletContextHandler@581aef2a{logs,/logs,file:///github/workspace/mnt/ozone/hadoop-ozone/integration-test/target/log,UNAVAILABLE}
2020-06-27 13:10:17,624 [Datanode State Machine Thread - 0] INFO  statemachine.DatanodeStateMachine (DatanodeStateMachine.java:lambda$startDaemon$0(380)) - Ozone container server started.
2020-06-27 13:10:18,085 [Datanode State Machine Thread - 0] INFO  statemachine.DatanodeStateMachine (DatanodeStateMachine.java:lambda$startDaemon$0(380)) - Ozone container server started.
2020-06-27 13:10:19,704 [grpc-default-executor-8] DEBUG server.GrpcLogAppender (GrpcLogAppender.java:onNext(257)) - 0201d36d-1085-4799-9661-b850b2c36954@group-BFDC5685728E->0f19b122-cd9b-47a6-95cf-d36138869577-AppendLogResponseHandler: received a reply 0201d36d-1085-4799-9661-b850b2c36954<-0f19b122-cd9b-47a6-95cf-d36138869577#6:OK,SUCCESS,nextIndex:1,term:1,followerCommit:0, request=AppendEntriesRequest:cid=6,entriesCount=0,lastEntry=null
2020-06-27 13:10:19,709 [grpc-default-executor-8] DEBUG server.GrpcLogAppender (GrpcLogAppender.java:onNext(257)) - 0201d36d-1085-4799-9661-b850b2c36954@group-BFDC5685728E->be204a00-db90-4592-9b0e-cef66b76ef3d-AppendLogResponseHandler: received a reply 0201d36d-1085-4799-9661-b850b2c36954<-be204a00-db90-4592-9b0e-cef66b76ef3d#6:OK,SUCCESS,nextIndex:1,term:1,followerCommit:0, request=AppendEntriesRequest:cid=6,entriesCount=0,lastEntry=null
2020-06-27 13:10:22,052 [Thread-1860] INFO  impl.FollowerState (FollowerState.java:run(108)) - f0f3ddfc-f4e8-4f2e-975c-cdf5158be850@group-8E324B84697D-FollowerState: change to CANDIDATE, lastRpcTime:10157ms, electionTimeout:5086ms
2020-06-27 13:10:22,052 [Thread-1860] INFO  impl.RoleInfo (RoleInfo.java:shutdownFollowerState(121)) - f0f3ddfc-f4e8-4f2e-975c-cdf5158be850: shutdown FollowerState
2020-06-27 13:10:22,052 [Thread-1860] INFO  impl.RaftServerImpl (RaftServerImpl.java:setRole(175)) - f0f3ddfc-f4e8-4f2e-975c-cdf5158be850@group-8E324B84697D: changes role from  FOLLOWER to CANDIDATE at term 3 for changeToCandidate
2020-06-27 13:10:22,052 [Thread-1860] INFO  impl.RoleInfo (RoleInfo.java:updateAndGet(143)) - f0f3ddfc-f4e8-4f2e-975c-cdf5158be850: start LeaderElection
2020-06-27 13:10:22,054 [f0f3ddfc-f4e8-4f2e-975c-cdf5158be850@group-8E324B84697D-LeaderElection70] INFO  impl.RaftServerImpl (ServerState.java:setLeader(255)) - f0f3ddfc-f4e8-4f2e-975c-cdf5158be850@group-8E324B84697D: change Leader from 01d5352d-883b-4a7a-89e4-dfaba3730f16 to null at term 3 for initElection
2020-06-27 13:10:22,054 [Thread-1859] INFO  impl.FollowerState (FollowerState.java:run(108)) - a2bafefd-dd5c-4b30-b732-4244b0e7007a@group-8E324B84697D-FollowerState: change to CANDIDATE, lastRpcTime:10160ms, electionTimeout:5083ms
2020-06-27 13:10:22,054 [Thread-1859] INFO  impl.RoleInfo (RoleInfo.java:shutdownFollowerState(121)) - a2bafefd-dd5c-4b30-b732-4244b0e7007a: shutdown FollowerState
2020-06-27 13:10:22,054 [Thread-1859] INFO  impl.RaftServerImpl (RaftServerImpl.java:setRole(175)) - a2bafefd-dd5c-4b30-b732-4244b0e7007a@group-8E324B84697D: changes role from  FOLLOWER to CANDIDATE at term 3 for changeToCandidate
2020-06-27 13:10:22,054 [Thread-1859] INFO  impl.RoleInfo (RoleInfo.java:updateAndGet(143)) - a2bafefd-dd5c-4b30-b732-4244b0e7007a: start LeaderElection
2020-06-27 13:10:22,055 [f0f3ddfc-f4e8-4f2e-975c-cdf5158be850@group-8E324B84697D-LeaderElection70] INFO  impl.LeaderElection (LeaderElection.java:askForVotes(206)) - f0f3ddfc-f4e8-4f2e-975c-cdf5158be850@group-8E324B84697D-LeaderElection70: begin an election at term 4 for 0: [a2bafefd-dd5c-4b30-b732-4244b0e7007a:172.17.0.2:39063, f0f3ddfc-f4e8-4f2e-975c-cdf5158be850:172.17.0.2:41819, 01d5352d-883b-4a7a-89e4-dfaba3730f16:172.17.0.2:45929], old=null
2020-06-27 13:10:22,055 [a2bafefd-dd5c-4b30-b732-4244b0e7007a@group-8E324B84697D-LeaderElection71] INFO  impl.RaftServerImpl (ServerState.java:setLeader(255)) - a2bafefd-dd5c-4b30-b732-4244b0e7007a@group-8E324B84697D: change Leader from 01d5352d-883b-4a7a-89e4-dfaba3730f16 to null at term 3 for initElection
2020-06-27 13:10:22,057 [a2bafefd-dd5c-4b30-b732-4244b0e7007a@group-8E324B84697D-LeaderElection71] INFO  impl.LeaderElection (LeaderElection.java:askForVotes(206)) - a2bafefd-dd5c-4b30-b732-4244b0e7007a@group-8E324B84697D-LeaderElection71: begin an election at term 4 for 0: [a2bafefd-dd5c-4b30-b732-4244b0e7007a:172.17.0.2:39063, f0f3ddfc-f4e8-4f2e-975c-cdf5158be850:172.17.0.2:41819, 01d5352d-883b-4a7a-89e4-dfaba3730f16:172.17.0.2:45929], old=null
2020-06-27 13:10:22,061 [a2bafefd-dd5c-4b30-b732-4244b0e7007a@group-8E324B84697D-LeaderElection71] INFO  impl.LeaderElection (LogUtils.java:infoOrTrace(137)) - a2bafefd-dd5c-4b30-b732-4244b0e7007a@group-8E324B84697D-LeaderElection71 got exception when requesting votes: java.util.concurrent.ExecutionException: org.apache.ratis.thirdparty.io.grpc.StatusRuntimeException: UNAVAILABLE: io exception
2020-06-27 13:10:22,061 [grpc-default-executor-8] DEBUG impl.RaftServerImpl (RaftServerImpl.java:requestVote(821)) - a2bafefd-dd5c-4b30-b732-4244b0e7007a@group-8E324B84697D: receive requestVote(f0f3ddfc-f4e8-4f2e-975c-cdf5158be850, group-8E324B84697D, 4, (t:3, i:0))
2020-06-27 13:10:22,061 [grpc-default-executor-8] DEBUG impl.RaftServerImpl (RaftServerImpl.java:requestVote(853)) - a2bafefd-dd5c-4b30-b732-4244b0e7007a@group-8E324B84697D replies to vote request: f0f3ddfc-f4e8-4f2e-975c-cdf5158be850<-a2bafefd-dd5c-4b30-b732-4244b0e7007a#0:FAIL-t4. Peer's state: a2bafefd-dd5c-4b30-b732-4244b0e7007a@group-8E324B84697D:t4, leader=null, voted=a2bafefd-dd5c-4b30-b732-4244b0e7007a, raftlog=a2bafefd-dd5c-4b30-b732-4244b0e7007a@group-8E324B84697D-SegmentedRaftLog:OPENED:c-1,f0,i0, conf=0: [a2bafefd-dd5c-4b30-b732-4244b0e7007a:172.17.0.2:39063, f0f3ddfc-f4e8-4f2e-975c-cdf5158be850:172.17.0.2:41819, 01d5352d-883b-4a7a-89e4-dfaba3730f16:172.17.0.2:45929], old=null
2020-06-27 13:10:22,064 [f0f3ddfc-f4e8-4f2e-975c-cdf5158be850@group-8E324B84697D-LeaderElection70] INFO  impl.LeaderElection (LogUtils.java:infoOrTrace(137)) - f0f3ddfc-f4e8-4f2e-975c-cdf5158be850@group-8E324B84697D-LeaderElection70 got exception when requesting votes: java.util.concurrent.ExecutionException: org.apache.ratis.thirdparty.io.grpc.StatusRuntimeException: UNAVAILABLE: io exception
2020-06-27 13:10:22,064 [f0f3ddfc-f4e8-4f2e-975c-cdf5158be850@group-8E324B84697D-LeaderElection70] INFO  impl.LeaderElection (LeaderElection.java:logAndReturn(61)) - f0f3ddfc-f4e8-4f2e-975c-cdf5158be850@group-8E324B84697D-LeaderElection70: Election REJECTED; received 1 response(s) [f0f3ddfc-f4e8-4f2e-975c-cdf5158be850<-a2bafefd-dd5c-4b30-b732-4244b0e7007a#0:FAIL-t4] and 1 exception(s); f0f3ddfc-f4e8-4f2e-975c-cdf5158be850@group-8E324B84697D:t4, leader=null, voted=f0f3ddfc-f4e8-4f2e-975c-cdf5158be850, raftlog=f0f3ddfc-f4e8-4f2e-975c-cdf5158be850@group-8E324B84697D-SegmentedRaftLog:OPENED:c0,f0,i0, conf=0: [a2bafefd-dd5c-4b30-b732-4244b0e7007a:172.17.0.2:39063, f0f3ddfc-f4e8-4f2e-975c-cdf5158be850:172.17.0.2:41819, 01d5352d-883b-4a7a-89e4-dfaba3730f16:172.17.0.2:45929], old=null
2020-06-27 13:10:22,065 [f0f3ddfc-f4e8-4f2e-975c-cdf5158be850@group-8E324B84697D-LeaderElection70] INFO  impl.LeaderElection (LogUtils.java:infoOrTrace(137)) -   Exception 0: java.util.concurrent.ExecutionException: org.apache.ratis.thirdparty.io.grpc.StatusRuntimeException: UNAVAILABLE: io exception
2020-06-27 13:10:22,065 [f0f3ddfc-f4e8-4f2e-975c-cdf5158be850@group-8E324B84697D-LeaderElection70] INFO  impl.RaftServerImpl (RaftServerImpl.java:setRole(175)) - f0f3ddfc-f4e8-4f2e-975c-cdf5158be850@group-8E324B84697D: changes role from CANDIDATE to FOLLOWER at term 4 for DISCOVERED_A_NEW_TERM
2020-06-27 13:10:22,065 [f0f3ddfc-f4e8-4f2e-975c-cdf5158be850@group-8E324B84697D-LeaderElection70] INFO  impl.RoleInfo (RoleInfo.java:shutdownLeaderElection(134)) - f0f3ddfc-f4e8-4f2e-975c-cdf5158be850: shutdown LeaderElection
2020-06-27 13:10:22,065 [f0f3ddfc-f4e8-4f2e-975c-cdf5158be850@group-8E324B84697D-LeaderElection70] INFO  impl.RoleInfo (RoleInfo.java:updateAndGet(143)) - f0f3ddfc-f4e8-4f2e-975c-cdf5158be850: start FollowerState
2020-06-27 13:10:22,065 [grpc-default-executor-8] DEBUG impl.RaftServerImpl (RaftServerImpl.java:requestVote(821)) - f0f3ddfc-f4e8-4f2e-975c-cdf5158be850@group-8E324B84697D: receive requestVote(a2bafefd-dd5c-4b30-b732-4244b0e7007a, group-8E324B84697D, 4, (t:3, i:0))
2020-06-27 13:10:22,071 [grpc-default-executor-8] DEBUG impl.RaftServerImpl (RaftServerImpl.java:requestVote(853)) - f0f3ddfc-f4e8-4f2e-975c-cdf5158be850@group-8E324B84697D replies to vote request: a2bafefd-dd5c-4b30-b732-4244b0e7007a<-f0f3ddfc-f4e8-4f2e-975c-cdf5158be850#0:FAIL-t4. Peer's state: f0f3ddfc-f4e8-4f2e-975c-cdf5158be850@group-8E324B84697D:t4, leader=null, voted=f0f3ddfc-f4e8-4f2e-975c-cdf5158be850, raftlog=f0f3ddfc-f4e8-4f2e-975c-cdf5158be850@group-8E324B84697D-SegmentedRaftLog:OPENED:c0,f0,i0, conf=0: [a2bafefd-dd5c-4b30-b732-4244b0e7007a:172.17.0.2:39063, f0f3ddfc-f4e8-4f2e-975c-cdf5158be850:172.17.0.2:41819, 01d5352d-883b-4a7a-89e4-dfaba3730f16:172.17.0.2:45929], old=null
2020-06-27 13:10:22,074 [a2bafefd-dd5c-4b30-b732-4244b0e7007a@group-8E324B84697D-LeaderElection71] INFO  impl.LeaderElection (LeaderElection.java:logAndReturn(61)) - a2bafefd-dd5c-4b30-b732-4244b0e7007a@group-8E324B84697D-LeaderElection71: Election REJECTED; received 1 response(s) [a2bafefd-dd5c-4b30-b732-4244b0e7007a<-f0f3ddfc-f4e8-4f2e-975c-cdf5158be850#0:FAIL-t4] and 1 exception(s); a2bafefd-dd5c-4b30-b732-4244b0e7007a@group-8E324B84697D:t4, leader=null, voted=a2bafefd-dd5c-4b30-b732-4244b0e7007a, raftlog=a2bafefd-dd5c-4b30-b732-4244b0e7007a@group-8E324B84697D-SegmentedRaftLog:OPENED:c-1,f0,i0, conf=0: [a2bafefd-dd5c-4b30-b732-4244b0e7007a:172.17.0.2:39063, f0f3ddfc-f4e8-4f2e-975c-cdf5158be850:172.17.0.2:41819, 01d5352d-883b-4a7a-89e4-dfaba3730f16:172.17.0.2:45929], old=null
2020-06-27 13:10:22,074 [a2bafefd-dd5c-4b30-b732-4244b0e7007a@group-8E324B84697D-LeaderElection71] INFO  impl.LeaderElection (LogUtils.java:infoOrTrace(137)) -   Exception 0: java.util.concurrent.ExecutionException: org.apache.ratis.thirdparty.io.grpc.StatusRuntimeException: UNAVAILABLE: io exception
2020-06-27 13:10:22,074 [a2bafefd-dd5c-4b30-b732-4244b0e7007a@group-8E324B84697D-LeaderElection71] INFO  impl.RaftServerImpl (RaftServerImpl.java:setRole(175)) - a2bafefd-dd5c-4b30-b732-4244b0e7007a@group-8E324B84697D: changes role from CANDIDATE to FOLLOWER at term 4 for DISCOVERED_A_NEW_TERM
2020-06-27 13:10:22,074 [a2bafefd-dd5c-4b30-b732-4244b0e7007a@group-8E324B84697D-LeaderElection71] INFO  impl.RoleInfo (RoleInfo.java:shutdownLeaderElection(134)) - a2bafefd-dd5c-4b30-b732-4244b0e7007a: shutdown LeaderElection
2020-06-27 13:10:22,074 [a2bafefd-dd5c-4b30-b732-4244b0e7007a@group-8E324B84697D-LeaderElection71] INFO  impl.RoleInfo (RoleInfo.java:updateAndGet(143)) - a2bafefd-dd5c-4b30-b732-4244b0e7007a: start FollowerState
2020-06-27 13:10:22,206 [grpc-default-executor-8] DEBUG server.GrpcLogAppender (GrpcLogAppender.java:onNext(257)) - 0201d36d-1085-4799-9661-b850b2c36954@group-BFDC5685728E->0f19b122-cd9b-47a6-95cf-d36138869577-AppendLogResponseHandler: received a reply 0201d36d-1085-4799-9661-b850b2c36954<-0f19b122-cd9b-47a6-95cf-d36138869577#7:OK,SUCCESS,nextIndex:1,term:1,followerCommit:0, request=AppendEntriesRequest:cid=7,entriesCount=0,lastEntry=null
2020-06-27 13:10:22,211 [grpc-default-executor-8] DEBUG server.GrpcLogAppender (GrpcLogAppender.java:onNext(257)) - 0201d36d-1085-4799-9661-b850b2c36954@group-BFDC5685728E->be204a00-db90-4592-9b0e-cef66b76ef3d-AppendLogResponseHandler: received a reply 0201d36d-1085-4799-9661-b850b2c36954<-be204a00-db90-4592-9b0e-cef66b76ef3d#7:OK,SUCCESS,nextIndex:1,term:1,followerCommit:0, request=AppendEntriesRequest:cid=7,entriesCount=0,lastEntry=null
2020-06-27 13:10:22,371 [ForkJoinPool.commonPool-worker-0] INFO  ozoneimpl.OzoneContainer (OzoneContainer.java:stop(246)) - Attempting to stop container services.
2020-06-27 13:10:22,372 [ForkJoinPool.commonPool-worker-0] INFO  impl.RaftServerProxy (RaftServerProxy.java:lambda$close$4(319)) - a2bafefd-dd5c-4b30-b732-4244b0e7007a: close
2020-06-27 13:10:22,372 [ForkJoinPool.commonPool-worker-0] INFO  impl.RaftServerImpl (RaftServerImpl.java:lambda$shutdown$3(252)) - a2bafefd-dd5c-4b30-b732-4244b0e7007a@group-8E324B84697D: shutdown
2020-06-27 13:10:22,372 [ForkJoinPool.commonPool-worker-0] INFO  util.JmxRegister (JmxRegister.java:unregister(73)) - Successfully un-registered JMX Bean with object name Ratis:service=RaftServer,group=group-8E324B84697D,id=a2bafefd-dd5c-4b30-b732-4244b0e7007a
2020-06-27 13:10:22,372 [ForkJoinPool.commonPool-worker-0] INFO  impl.RoleInfo (RoleInfo.java:shutdownFollowerState(121)) - a2bafefd-dd5c-4b30-b732-4244b0e7007a: shutdown FollowerState
2020-06-27 13:10:22,372 [ForkJoinPool.commonPool-worker-0] INFO  impl.StateMachineUpdater (StateMachineUpdater.java:stopAndJoin(142)) - a2bafefd-dd5c-4b30-b732-4244b0e7007a@group-8E324B84697D-StateMachineUpdater: set stopIndex = -1
2020-06-27 13:10:22,373 [Thread-1887] INFO  impl.FollowerState (FollowerState.java:run(117)) - a2bafefd-dd5c-4b30-b732-4244b0e7007a@group-8E324B84697D-FollowerState was interrupted: java.lang.InterruptedException: sleep interrupted
2020-06-27 13:10:22,373 [a2bafefd-dd5c-4b30-b732-4244b0e7007a@group-8E324B84697D-StateMachineUpdater] INFO  metrics.RatisMetrics (RatisMetrics.java:unregister(43)) - Unregistering Metrics Registry : ratis.state_machine.a2bafefd-dd5c-4b30-b732-4244b0e7007a@group-8E324B84697D
2020-06-27 13:10:22,374 [ForkJoinPool.commonPool-worker-0] INFO  impl.RaftServerImpl (ServerState.java:close(387)) - a2bafefd-dd5c-4b30-b732-4244b0e7007a@group-8E324B84697D: closes. applyIndex: -1
2020-06-27 13:10:22,374 [a2bafefd-dd5c-4b30-b732-4244b0e7007a@group-8E324B84697D-SegmentedRaftLogWorker] INFO  segmented.SegmentedRaftLogWorker (SegmentedRaftLogWorker.java:run(327)) - a2bafefd-dd5c-4b30-b732-4244b0e7007a@group-8E324B84697D-SegmentedRaftLogWorker was interrupted, exiting. There are 0 tasks remaining in the queue.
2020-06-27 13:10:22,375 [ForkJoinPool.commonPool-worker-0] INFO  segmented.SegmentedRaftLogWorker (SegmentedRaftLogWorker.java:close(234)) - a2bafefd-dd5c-4b30-b732-4244b0e7007a@group-8E324B84697D-SegmentedRaftLogWorker close()
2020-06-27 13:10:22,376 [ForkJoinPool.commonPool-worker-0] INFO  metrics.RatisMetrics (RatisMetrics.java:unregister(43)) - Unregistering Metrics Registry : ratis.log_worker.a2bafefd-dd5c-4b30-b732-4244b0e7007a@group-8E324B84697D
2020-06-27 13:10:22,377 [Listener at 127.0.0.1/42033] INFO  ozoneimpl.OzoneContainer (OzoneContainer.java:stop(246)) - Attempting to stop container services.
2020-06-27 13:10:22,377 [ForkJoinPool.commonPool-worker-0] INFO  metrics.RatisMetrics (RatisMetrics.java:unregister(43)) - Unregistering Metrics Registry : ratis.leader_election.a2bafefd-dd5c-4b30-b732-4244b0e7007a@group-8E324B84697D
2020-06-27 13:10:22,377 [Listener at 127.0.0.1/42033] INFO  impl.RaftServerProxy (RaftServerProxy.java:lambda$close$4(319)) - 0f19b122-cd9b-47a6-95cf-d36138869577: close
2020-06-27 13:10:22,377 [Listener at 127.0.0.1/42033] INFO  impl.RaftServerImpl (RaftServerImpl.java:lambda$shutdown$3(252)) - 0f19b122-cd9b-47a6-95cf-d36138869577@group-BF331DA8E646: shutdown
2020-06-27 13:10:22,378 [Listener at 127.0.0.1/42033] INFO  util.JmxRegister (JmxRegister.java:unregister(73)) - Successfully un-registered JMX Bean with object name Ratis:service=RaftServer,group=group-BF331DA8E646,id=0f19b122-cd9b-47a6-95cf-d36138869577
2020-06-27 13:10:22,379 [Listener at 127.0.0.1/42033] INFO  impl.RoleInfo (RoleInfo.java:shutdownLeaderState(104)) - 0f19b122-cd9b-47a6-95cf-d36138869577: shutdown LeaderState
2020-06-27 13:10:22,379 [Listener at 127.0.0.1/42033] INFO  impl.PendingRequests (PendingRequests.java:sendNotLeaderResponses(249)) - 0f19b122-cd9b-47a6-95cf-d36138869577@group-BF331DA8E646-PendingRequests: sendNotLeaderResponses
2020-06-27 13:10:22,379 [Listener at 127.0.0.1/42033] INFO  metrics.RatisMetrics (RatisMetrics.java:unregister(43)) - Unregistering Metrics Registry : ratis.log_appender.0f19b122-cd9b-47a6-95cf-d36138869577@group-BF331DA8E646
2020-06-27 13:10:22,379 [Listener at 127.0.0.1/42033] INFO  metrics.RatisMetrics (RatisMetrics.java:unregister(43)) - Unregistering Metrics Registry : ratis.server.0f19b122-cd9b-47a6-95cf-d36138869577@group-BF331DA8E646
2020-06-27 13:10:22,381 [Listener at 127.0.0.1/42033] INFO  impl.StateMachineUpdater (StateMachineUpdater.java:stopAndJoin(142)) - 0f19b122-cd9b-47a6-95cf-d36138869577@group-BF331DA8E646-StateMachineUpdater: set stopIndex = 0
2020-06-27 13:10:22,381 [ForkJoinPool.commonPool-worker-0] INFO  metrics.RatisMetrics (RatisMetrics.java:unregister(43)) - Unregistering Metrics Registry : ratis.server.a2bafefd-dd5c-4b30-b732-4244b0e7007a@group-8E324B84697D
2020-06-27 13:10:22,381 [ForkJoinPool.commonPool-worker-0] INFO  impl.RaftServerImpl (RaftServerImpl.java:lambda$shutdown$3(252)) - a2bafefd-dd5c-4b30-b732-4244b0e7007a@group-793DCA219D68: shutdown
2020-06-27 13:10:22,382 [ForkJoinPool.commonPool-worker-0] INFO  util.JmxRegister (JmxRegister.java:unregister(73)) - Successfully un-registered JMX Bean with object name Ratis:service=RaftServer,group=group-793DCA219D68,id=a2bafefd-dd5c-4b30-b732-4244b0e7007a
2020-06-27 13:10:22,381 [0f19b122-cd9b-47a6-95cf-d36138869577@group-BF331DA8E646-StateMachineUpdater] INFO  ratis.ContainerStateMachine (ContainerStateMachine.java:takeSnapshot(294)) - group-BF331DA8E646: Taking a snapshot at:(t:1, i:0) file /github/workspace/mnt/ozone/hadoop-ozone/integration-test/target/test-dir/MiniOzoneClusterImpl-be392bf5-6f5b-448a-8365-d7ab1effc2dc/datanode-7/data/ratis/ec346239-38d9-42a1-9cdf-bf331da8e646/sm/snapshot.1_0
2020-06-27 13:10:22,382 [ForkJoinPool.commonPool-worker-0] INFO  impl.RoleInfo (RoleInfo.java:shutdownLeaderState(104)) - a2bafefd-dd5c-4b30-b732-4244b0e7007a: shutdown LeaderState
2020-06-27 13:10:22,382 [ForkJoinPool.commonPool-worker-0] INFO  impl.PendingRequests (PendingRequests.java:sendNotLeaderResponses(249)) - a2bafefd-dd5c-4b30-b732-4244b0e7007a@group-793DCA219D68-PendingRequests: sendNotLeaderResponses
2020-06-27 13:10:22,382 [ForkJoinPool.commonPool-worker-0] INFO  metrics.RatisMetrics (RatisMetrics.java:unregister(43)) - Unregistering Metrics Registry : ratis.log_appender.a2bafefd-dd5c-4b30-b732-4244b0e7007a@group-793DCA219D68
2020-06-27 13:10:22,383 [ForkJoinPool.commonPool-worker-0] INFO  metrics.RatisMetrics (RatisMetrics.java:unregister(43)) - Unregistering Metrics Registry : ratis.server.a2bafefd-dd5c-4b30-b732-4244b0e7007a@group-793DCA219D68
2020-06-27 13:10:22,383 [0f19b122-cd9b-47a6-95cf-d36138869577@group-BF331DA8E646-StateMachineUpdater] INFO  ratis.ContainerStateMachine (ContainerStateMachine.java:takeSnapshot(305)) - group-BF331DA8E646: Finished taking a snapshot at:(t:1, i:0) file:/github/workspace/mnt/ozone/hadoop-ozone/integration-test/target/test-dir/MiniOzoneClusterImpl-be392bf5-6f5b-448a-8365-d7ab1effc2dc/datanode-7/data/ratis/ec346239-38d9-42a1-9cdf-bf331da8e646/sm/snapshot.1_0 time:2
2020-06-27 13:10:22,383 [0f19b122-cd9b-47a6-95cf-d36138869577@group-BF331DA8E646-StateMachineUpdater] INFO  impl.StateMachineUpdater (StateMachineUpdater.java:takeSnapshot(277)) - 0f19b122-cd9b-47a6-95cf-d36138869577@group-BF331DA8E646-StateMachineUpdater: Took a snapshot at index 0
2020-06-27 13:10:22,383 [0f19b122-cd9b-47a6-95cf-d36138869577@group-BF331DA8E646-StateMachineUpdater] INFO  impl.StateMachineUpdater (StateMachineUpdater.java:lambda$new$0(87)) - 0f19b122-cd9b-47a6-95cf-d36138869577@group-BF331DA8E646-StateMachineUpdater: snapshotIndex: updateIncreasingly -1 -> 0
2020-06-27 13:10:22,383 [0f19b122-cd9b-47a6-95cf-d36138869577@group-BF331DA8E646-StateMachineUpdater] INFO  metrics.RatisMetrics (RatisMetrics.java:unregister(43)) - Unregistering Metrics Registry : ratis.state_machine.0f19b122-cd9b-47a6-95cf-d36138869577@group-BF331DA8E646
2020-06-27 13:10:22,384 [ForkJoinPool.commonPool-worker-0] INFO  impl.StateMachineUpdater (StateMachineUpdater.java:stopAndJoin(142)) - a2bafefd-dd5c-4b30-b732-4244b0e7007a@group-793DCA219D68-StateMachineUpdater: set stopIndex = 0
2020-06-27 13:10:22,384 [Listener at 127.0.0.1/42033] INFO  impl.RaftServerImpl (ServerState.java:close(387)) - 0f19b122-cd9b-47a6-95cf-d36138869577@group-BF331DA8E646: closes. applyIndex: 0
2020-06-27 13:10:22,384 [0f19b122-cd9b-47a6-95cf-d36138869577@group-BF331DA8E646-SegmentedRaftLogWorker] INFO  segmented.SegmentedRaftLogWorker (SegmentedRaftLogWorker.java:run(327)) - 0f19b122-cd9b-47a6-95cf-d36138869577@group-BF331DA8E646-SegmentedRaftLogWorker was interrupted, exiting. There are 0 tasks remaining in the queue.
2020-06-27 13:10:22,385 [a2bafefd-dd5c-4b30-b732-4244b0e7007a@group-793DCA219D68-StateMachineUpdater] INFO  ratis.ContainerStateMachine (ContainerStateMachine.java:takeSnapshot(294)) - group-793DCA219D68: Taking a snapshot at:(t:1, i:0) file /github/workspace/mnt/ozone/hadoop-ozone/integration-test/target/test-dir/MiniOzoneClusterImpl-be392bf5-6f5b-448a-8365-d7ab1effc2dc/datanode-0/data/ratis/130ec2aa-8901-4bad-83d2-793dca219d68/sm/snapshot.1_0
2020-06-27 13:10:22,385 [a2bafefd-dd5c-4b30-b732-4244b0e7007a@group-793DCA219D68-StateMachineUpdater] INFO  ratis.ContainerStateMachine (ContainerStateMachine.java:takeSnapshot(305)) - group-793DCA219D68: Finished taking a snapshot at:(t:1, i:0) file:/github/workspace/mnt/ozone/hadoop-ozone/integration-test/target/test-dir/MiniOzoneClusterImpl-be392bf5-6f5b-448a-8365-d7ab1effc2dc/datanode-0/data/ratis/130ec2aa-8901-4bad-83d2-793dca219d68/sm/snapshot.1_0 time:1
2020-06-27 13:10:22,385 [Listener at 127.0.0.1/42033] INFO  segmented.SegmentedRaftLogWorker (SegmentedRaftLogWorker.java:close(234)) - 0f19b122-cd9b-47a6-95cf-d36138869577@group-BF331DA8E646-SegmentedRaftLogWorker close()
2020-06-27 13:10:22,386 [a2bafefd-dd5c-4b30-b732-4244b0e7007a@group-793DCA219D68-StateMachineUpdater] INFO  impl.StateMachineUpdater (StateMachineUpdater.java:takeSnapshot(277)) - a2bafefd-dd5c-4b30-b732-4244b0e7007a@group-793DCA219D68-StateMachineUpdater: Took a snapshot at index 0
2020-06-27 13:10:22,386 [a2bafefd-dd5c-4b30-b732-4244b0e7007a@group-793DCA219D68-StateMachineUpdater] INFO  impl.StateMachineUpdater (StateMachineUpdater.java:lambda$new$0(87)) - a2bafefd-dd5c-4b30-b732-4244b0e7007a@group-793DCA219D68-StateMachineUpdater: snapshotIndex: updateIncreasingly -1 -> 0
2020-06-27 13:10:22,386 [a2bafefd-dd5c-4b30-b732-4244b0e7007a@group-793DCA219D68-StateMachineUpdater] INFO  metrics.RatisMetrics (RatisMetrics.java:unregister(43)) - Unregistering Metrics Registry : ratis.state_machine.a2bafefd-dd5c-4b30-b732-4244b0e7007a@group-793DCA219D68
2020-06-27 13:10:22,386 [ForkJoinPool.commonPool-worker-0] INFO  impl.RaftServerImpl (ServerState.java:close(387)) - a2bafefd-dd5c-4b30-b732-4244b0e7007a@group-793DCA219D68: closes. applyIndex: 0
2020-06-27 13:10:22,389 [a2bafefd-dd5c-4b30-b732-4244b0e7007a@group-793DCA219D68-SegmentedRaftLogWorker] INFO  segmented.SegmentedRaftLogWorker (SegmentedRaftLogWorker.java:run(327)) - a2bafefd-dd5c-4b30-b732-4244b0e7007a@group-793DCA219D68-SegmentedRaftLogWorker was interrupted, exiting. There are 0 tasks remaining in the queue.
2020-06-27 13:10:22,389 [ForkJoinPool.commonPool-worker-0] INFO  segmented.SegmentedRaftLogWorker (SegmentedRaftLogWorker.java:close(234)) - a2bafefd-dd5c-4b30-b732-4244b0e7007a@group-793DCA219D68-SegmentedRaftLogWorker close()
2020-06-27 13:10:22,389 [Listener at 127.0.0.1/42033] INFO  metrics.RatisMetrics (RatisMetrics.java:unregister(43)) - Unregistering Metrics Registry : ratis.log_worker.0f19b122-cd9b-47a6-95cf-d36138869577@group-BF331DA8E646
2020-06-27 13:10:22,390 [Listener at 127.0.0.1/42033] INFO  metrics.RatisMetrics (RatisMetrics.java:unregister(43)) - Unregistering Metrics Registry : ratis.leader_election.0f19b122-cd9b-47a6-95cf-d36138869577@group-BF331DA8E646
2020-06-27 13:10:22,390 [Listener at 127.0.0.1/42033] INFO  metrics.RatisMetrics (RatisMetrics.java:unregister(43)) - Unregistering Metrics Registry : ratis.server.0f19b122-cd9b-47a6-95cf-d36138869577@group-BF331DA8E646
2020-06-27 13:10:22,390 [Listener at 127.0.0.1/42033] INFO  impl.RaftServerImpl (RaftServerImpl.java:lambda$shutdown$3(252)) - 0f19b122-cd9b-47a6-95cf-d36138869577@group-BFDC5685728E: shutdown
2020-06-27 13:10:22,390 [Listener at 127.0.0.1/42033] INFO  util.JmxRegister (JmxRegister.java:unregister(73)) - Successfully un-registered JMX Bean with object name Ratis:service=RaftServer,group=group-BFDC5685728E,id=0f19b122-cd9b-47a6-95cf-d36138869577
2020-06-27 13:10:22,391 [Listener at 127.0.0.1/42033] INFO  impl.RoleInfo (RoleInfo.java:shutdownFollowerState(121)) - 0f19b122-cd9b-47a6-95cf-d36138869577: shutdown FollowerState
2020-06-27 13:10:22,392 [Thread-1829] INFO  impl.FollowerState (FollowerState.java:run(117)) - 0f19b122-cd9b-47a6-95cf-d36138869577@group-BFDC5685728E-FollowerState was interrupted: java.lang.InterruptedException: sleep interrupted
2020-06-27 13:10:22,392 [ForkJoinPool.commonPool-worker-0] INFO  metrics.RatisMetrics (RatisMetrics.java:unregister(43)) - Unregistering Metrics Registry : ratis.log_worker.a2bafefd-dd5c-4b30-b732-4244b0e7007a@group-793DCA219D68
2020-06-27 13:10:22,392 [Listener at 127.0.0.1/42033] INFO  impl.StateMachineUpdater (StateMachineUpdater.java:stopAndJoin(142)) - 0f19b122-cd9b-47a6-95cf-d36138869577@group-BFDC5685728E-StateMachineUpdater: set stopIndex = 0
2020-06-27 13:10:22,392 [ForkJoinPool.commonPool-worker-0] INFO  metrics.RatisMetrics (RatisMetrics.java:unregister(43)) - Unregistering Metrics Registry : ratis.leader_election.a2bafefd-dd5c-4b30-b732-4244b0e7007a@group-793DCA219D68
2020-06-27 13:10:22,392 [0f19b122-cd9b-47a6-95cf-d36138869577@group-BFDC5685728E-StateMachineUpdater] INFO  ratis.ContainerStateMachine (ContainerStateMachine.java:takeSnapshot(294)) - group-BFDC5685728E: Taking a snapshot at:(t:1, i:0) file /github/workspace/mnt/ozone/hadoop-ozone/integration-test/target/test-dir/MiniOzoneClusterImpl-be392bf5-6f5b-448a-8365-d7ab1effc2dc/datanode-7/data/ratis/cf68dc9b-7264-46a4-a71a-bfdc5685728e/sm/snapshot.1_0
2020-06-27 13:10:22,393 [ForkJoinPool.commonPool-worker-0] INFO  metrics.RatisMetrics (RatisMetrics.java:unregister(43)) - Unregistering Metrics Registry : ratis.server.a2bafefd-dd5c-4b30-b732-4244b0e7007a@group-793DCA219D68
2020-06-27 13:10:22,393 [ForkJoinPool.commonPool-worker-0] INFO  server.GrpcService (GrpcService.java:closeImpl(166)) - a2bafefd-dd5c-4b30-b732-4244b0e7007a: shutdown server with port 39063 now
2020-06-27 13:10:22,393 [0f19b122-cd9b-47a6-95cf-d36138869577@group-BFDC5685728E-StateMachineUpdater] INFO  ratis.ContainerStateMachine (ContainerStateMachine.java:takeSnapshot(305)) - group-BFDC5685728E: Finished taking a snapshot at:(t:1, i:0) file:/github/workspace/mnt/ozone/hadoop-ozone/integration-test/target/test-dir/MiniOzoneClusterImpl-be392bf5-6f5b-448a-8365-d7ab1effc2dc/datanode-7/data/ratis/cf68dc9b-7264-46a4-a71a-bfdc5685728e/sm/snapshot.1_0 time:1
2020-06-27 13:10:22,393 [0f19b122-cd9b-47a6-95cf-d36138869577@group-BFDC5685728E-StateMachineUpdater] INFO  impl.StateMachineUpdater (StateMachineUpdater.java:takeSnapshot(277)) - 0f19b122-cd9b-47a6-95cf-d36138869577@group-BFDC5685728E-StateMachineUpdater: Took a snapshot at index 0
2020-06-27 13:10:22,393 [0f19b122-cd9b-47a6-95cf-d36138869577@group-BFDC5685728E-StateMachineUpdater] INFO  impl.StateMachineUpdater (StateMachineUpdater.java:lambda$new$0(87)) - 0f19b122-cd9b-47a6-95cf-d36138869577@group-BFDC5685728E-StateMachineUpdater: snapshotIndex: updateIncreasingly -1 -> 0
2020-06-27 13:10:22,393 [0f19b122-cd9b-47a6-95cf-d36138869577@group-BFDC5685728E-StateMachineUpdater] INFO  metrics.RatisMetrics (RatisMetrics.java:unregister(43)) - Unregistering Metrics Registry : ratis.state_machine.0f19b122-cd9b-47a6-95cf-d36138869577@group-BFDC5685728E
2020-06-27 13:10:22,394 [Listener at 127.0.0.1/42033] INFO  impl.RaftServerImpl (ServerState.java:close(387)) - 0f19b122-cd9b-47a6-95cf-d36138869577@group-BFDC5685728E: closes. applyIndex: 0
2020-06-27 13:10:22,394 [0f19b122-cd9b-47a6-95cf-d36138869577@group-BFDC5685728E-SegmentedRaftLogWorker] INFO  segmented.SegmentedRaftLogWorker (SegmentedRaftLogWorker.java:run(327)) - 0f19b122-cd9b-47a6-95cf-d36138869577@group-BFDC5685728E-SegmentedRaftLogWorker was interrupted, exiting. There are 0 tasks remaining in the queue.
2020-06-27 13:10:22,394 [Listener at 127.0.0.1/42033] INFO  segmented.SegmentedRaftLogWorker (SegmentedRaftLogWorker.java:close(234)) - 0f19b122-cd9b-47a6-95cf-d36138869577@group-BFDC5685728E-SegmentedRaftLogWorker close()
2020-06-27 13:10:22,395 [Listener at 127.0.0.1/42033] INFO  metrics.RatisMetrics (RatisMetrics.java:unregister(43)) - Unregistering Metrics Registry : ratis.log_worker.0f19b122-cd9b-47a6-95cf-d36138869577@group-BFDC5685728E
2020-06-27 13:10:22,395 [Listener at 127.0.0.1/42033] INFO  metrics.RatisMetrics (RatisMetrics.java:unregister(43)) - Unregistering Metrics Registry : ratis.leader_election.0f19b122-cd9b-47a6-95cf-d36138869577@group-BFDC5685728E
2020-06-27 13:10:22,396 [Listener at 127.0.0.1/42033] INFO  metrics.RatisMetrics (RatisMetrics.java:unregister(43)) - Unregistering Metrics Registry : ratis.server.0f19b122-cd9b-47a6-95cf-d36138869577@group-BFDC5685728E
2020-06-27 13:10:22,396 [Listener at 127.0.0.1/42033] INFO  server.GrpcService (GrpcService.java:closeImpl(166)) - 0f19b122-cd9b-47a6-95cf-d36138869577: shutdown server with port 38029 now
2020-06-27 13:10:22,398 [ForkJoinPool.commonPool-worker-0] INFO  server.GrpcService (GrpcService.java:closeImpl(174)) - a2bafefd-dd5c-4b30-b732-4244b0e7007a: shutdown server with port 39063 successfully
2020-06-27 13:10:22,398 [grpc-default-executor-9] WARN  server.GrpcLogAppender (LogUtils.java:warn(122)) - 0201d36d-1085-4799-9661-b850b2c36954@group-BFDC5685728E->0f19b122-cd9b-47a6-95cf-d36138869577-AppendLogResponseHandler: Failed appendEntries: org.apache.ratis.thirdparty.io.grpc.StatusRuntimeException: CANCELLED: HTTP/2 error code: CANCEL
Received Rst Stream
2020-06-27 13:10:22,399 [grpc-default-executor-5] WARN  server.GrpcServerProtocolService (LogUtils.java:warn(122)) - 0f19b122-cd9b-47a6-95cf-d36138869577: installSnapshot onError, lastRequest: 0201d36d-1085-4799-9661-b850b2c36954->0f19b122-cd9b-47a6-95cf-d36138869577#1-t1, previous=(t:0, i:0), leaderCommit=0, initializing? false, entries: size=1, first=(t:1, i:0), CONFIGURATIONENTRY: org.apache.ratis.thirdparty.io.grpc.StatusRuntimeException: CANCELLED: cancelled before receiving half close
2020-06-27 13:10:22,400 [grpc-default-executor-9] INFO  impl.FollowerInfo (FollowerInfo.java:lambda$new$0(51)) - 0201d36d-1085-4799-9661-b850b2c36954@group-BFDC5685728E->0f19b122-cd9b-47a6-95cf-d36138869577: nextIndex: updateUnconditionally 1 -> 0
2020-06-27 13:10:22,401 [Listener at 127.0.0.1/42033] INFO  server.GrpcService (GrpcService.java:closeImpl(174)) - 0f19b122-cd9b-47a6-95cf-d36138869577: shutdown server with port 38029 successfully
2020-06-27 13:10:22,403 [Listener at 127.0.0.1/42033] INFO  utils.BackgroundService (BackgroundService.java:shutdown(157)) - Shutting down service BlockDeletingService
2020-06-27 13:10:22,405 [ForkJoinPool.commonPool-worker-0] INFO  utils.BackgroundService (BackgroundService.java:shutdown(157)) - Shutting down service BlockDeletingService
2020-06-27 13:10:22,406 [Listener at 127.0.0.1/42033] INFO  statemachine.DatanodeStateMachine (DatanodeStateMachine.java:stopDaemon(428)) - Ozone container server stopped.
2020-06-27 13:10:22,407 [Listener at 127.0.0.1/42033] INFO  handler.ContextHandler (ContextHandler.java:doStop(1016)) - Stopped o.e.j.w.WebAppContext@32865c35{hddsDatanode,/,null,UNAVAILABLE}{jar:file:/home/user/.m2/repository/org/apache/hadoop/hadoop-hdds-container-service/0.6.0-SNAPSHOT/hadoop-hdds-container-service-0.6.0-SNAPSHOT.jar!/webapps/hddsDatanode}
2020-06-27 13:10:22,409 [ForkJoinPool.commonPool-worker-0] INFO  statemachine.DatanodeStateMachine (DatanodeStateMachine.java:stopDaemon(428)) - Ozone container server stopped.
2020-06-27 13:10:22,410 [Listener at 127.0.0.1/42033] INFO  server.AbstractConnector (AbstractConnector.java:doStop(380)) - Stopped ServerConnector@703f29b0{HTTP/1.1,[http/1.1]}{0.0.0.0:0}
2020-06-27 13:10:22,410 [Listener at 127.0.0.1/42033] INFO  server.session (HouseKeeper.java:stopScavenging(158)) - node0 Stopped scavenging
2020-06-27 13:10:22,410 [Listener at 127.0.0.1/42033] INFO  handler.ContextHandler (ContextHandler.java:doStop(1016)) - Stopped o.e.j.s.ServletContextHandler@1b00f65a{static,/static,jar:file:/home/user/.m2/repository/org/apache/hadoop/hadoop-hdds-container-service/0.6.0-SNAPSHOT/hadoop-hdds-container-service-0.6.0-SNAPSHOT.jar!/webapps/static,UNAVAILABLE}
2020-06-27 13:10:22,410 [Listener at 127.0.0.1/42033] INFO  handler.ContextHandler (ContextHandler.java:doStop(1016)) - Stopped o.e.j.s.ServletContextHandler@304e1e2d{logs,/logs,file:///github/workspace/mnt/ozone/hadoop-ozone/integration-test/target/log,UNAVAILABLE}
2020-06-27 13:10:22,415 [ForkJoinPool.commonPool-worker-0] INFO  handler.ContextHandler (ContextHandler.java:doStop(1016)) - Stopped o.e.j.w.WebAppContext@7cff8996{hddsDatanode,/,null,UNAVAILABLE}{jar:file:/home/user/.m2/repository/org/apache/hadoop/hadoop-hdds-container-service/0.6.0-SNAPSHOT/hadoop-hdds-container-service-0.6.0-SNAPSHOT.jar!/webapps/hddsDatanode}
2020-06-27 13:10:22,416 [ForkJoinPool.commonPool-worker-0] INFO  server.AbstractConnector (AbstractConnector.java:doStop(380)) - Stopped ServerConnector@baee849{HTTP/1.1,[http/1.1]}{0.0.0.0:0}
2020-06-27 13:10:22,416 [ForkJoinPool.commonPool-worker-0] INFO  server.session (HouseKeeper.java:stopScavenging(158)) - node0 Stopped scavenging
2020-06-27 13:10:22,418 [ForkJoinPool.commonPool-worker-0] INFO  handler.ContextHandler (ContextHandler.java:doStop(1016)) - Stopped o.e.j.s.ServletContextHandler@67e9d8cb{static,/static,jar:file:/home/user/.m2/repository/org/apache/hadoop/hadoop-hdds-container-service/0.6.0-SNAPSHOT/hadoop-hdds-container-service-0.6.0-SNAPSHOT.jar!/webapps/static,UNAVAILABLE}
2020-06-27 13:10:22,419 [ForkJoinPool.commonPool-worker-0] INFO  handler.ContextHandler (ContextHandler.java:doStop(1016)) - Stopped o.e.j.s.ServletContextHandler@22801099{logs,/logs,file:///github/workspace/mnt/ozone/hadoop-ozone/integration-test/target/log,UNAVAILABLE}
2020-06-27 13:10:22,829 [Datanode State Machine Thread - 0] INFO  statemachine.DatanodeStateMachine (DatanodeStateMachine.java:lambda$startDaemon$0(380)) - Ozone container server started.
2020-06-27 13:10:23,141 [Datanode State Machine Thread - 0] INFO  statemachine.DatanodeStateMachine (DatanodeStateMachine.java:lambda$startDaemon$0(380)) - Ozone container server started.
2020-06-27 13:10:24,713 [grpc-default-executor-5] WARN  server.GrpcLogAppender (LogUtils.java:warn(122)) - 0201d36d-1085-4799-9661-b850b2c36954@group-BFDC5685728E->0f19b122-cd9b-47a6-95cf-d36138869577-AppendLogResponseHandler: Failed appendEntries: org.apache.ratis.thirdparty.io.grpc.StatusRuntimeException: UNAVAILABLE: io exception
2020-06-27 13:10:24,716 [grpc-default-executor-5] INFO  impl.FollowerInfo (FollowerInfo.java:lambda$new$0(51)) - 0201d36d-1085-4799-9661-b850b2c36954@group-BFDC5685728E->0f19b122-cd9b-47a6-95cf-d36138869577: nextIndex: updateUnconditionally 1 -> 0
2020-06-27 13:10:24,717 [grpc-default-executor-5] DEBUG server.GrpcLogAppender (GrpcLogAppender.java:onNext(257)) - 0201d36d-1085-4799-9661-b850b2c36954@group-BFDC5685728E->be204a00-db90-4592-9b0e-cef66b76ef3d-AppendLogResponseHandler: received a reply 0201d36d-1085-4799-9661-b850b2c36954<-be204a00-db90-4592-9b0e-cef66b76ef3d#8:OK,SUCCESS,nextIndex:1,term:1,followerCommit:0, request=AppendEntriesRequest:cid=8,entriesCount=0,lastEntry=null
2020-06-27 13:10:27,100 [Thread-1886] INFO  impl.FollowerState (FollowerState.java:run(108)) - f0f3ddfc-f4e8-4f2e-975c-cdf5158be850@group-8E324B84697D-FollowerState: change to CANDIDATE, lastRpcTime:5035ms, electionTimeout:5029ms
2020-06-27 13:10:27,100 [Thread-1886] INFO  impl.RoleInfo (RoleInfo.java:shutdownFollowerState(121)) - f0f3ddfc-f4e8-4f2e-975c-cdf5158be850: shutdown FollowerState
2020-06-27 13:10:27,100 [Thread-1886] INFO  impl.RaftServerImpl (RaftServerImpl.java:setRole(175)) - f0f3ddfc-f4e8-4f2e-975c-cdf5158be850@group-8E324B84697D: changes role from  FOLLOWER to CANDIDATE at term 4 for changeToCandidate
2020-06-27 13:10:27,101 [Thread-1886] INFO  impl.RoleInfo (RoleInfo.java:updateAndGet(143)) - f0f3ddfc-f4e8-4f2e-975c-cdf5158be850: start LeaderElection
2020-06-27 13:10:27,105 [f0f3ddfc-f4e8-4f2e-975c-cdf5158be850@group-8E324B84697D-LeaderElection72] INFO  impl.LeaderElection (LeaderElection.java:askForVotes(206)) - f0f3ddfc-f4e8-4f2e-975c-cdf5158be850@group-8E324B84697D-LeaderElection72: begin an election at term 5 for 0: [a2bafefd-dd5c-4b30-b732-4244b0e7007a:172.17.0.2:39063, f0f3ddfc-f4e8-4f2e-975c-cdf5158be850:172.17.0.2:41819, 01d5352d-883b-4a7a-89e4-dfaba3730f16:172.17.0.2:45929], old=null
2020-06-27 13:10:27,107 [f0f3ddfc-f4e8-4f2e-975c-cdf5158be850@group-8E324B84697D-LeaderElection72] INFO  impl.LeaderElection (LogUtils.java:infoOrTrace(137)) - f0f3ddfc-f4e8-4f2e-975c-cdf5158be850@group-8E324B84697D-LeaderElection72 got exception when requesting votes: java.util.concurrent.ExecutionException: org.apache.ratis.thirdparty.io.grpc.StatusRuntimeException: UNAVAILABLE: io exception
2020-06-27 13:10:27,108 [f0f3ddfc-f4e8-4f2e-975c-cdf5158be850@group-8E324B84697D-LeaderElection72] INFO  impl.LeaderElection (LogUtils.java:infoOrTrace(137)) - f0f3ddfc-f4e8-4f2e-975c-cdf5158be850@group-8E324B84697D-LeaderElection72 got exception when requesting votes: java.util.concurrent.ExecutionException: org.apache.ratis.thirdparty.io.grpc.StatusRuntimeException: UNAVAILABLE: io exception
2020-06-27 13:10:27,108 [f0f3ddfc-f4e8-4f2e-975c-cdf5158be850@group-8E324B84697D-LeaderElection72] INFO  impl.LeaderElection (LeaderElection.java:logAndReturn(61)) - f0f3ddfc-f4e8-4f2e-975c-cdf5158be850@group-8E324B84697D-LeaderElection72: Election REJECTED; received 0 response(s) [] and 2 exception(s); f0f3ddfc-f4e8-4f2e-975c-cdf5158be850@group-8E324B84697D:t5, leader=null, voted=f0f3ddfc-f4e8-4f2e-975c-cdf5158be850, raftlog=f0f3ddfc-f4e8-4f2e-975c-cdf5158be850@group-8E324B84697D-SegmentedRaftLog:OPENED:c0,f0,i0, conf=0: [a2bafefd-dd5c-4b30-b732-4244b0e7007a:172.17.0.2:39063, f0f3ddfc-f4e8-4f2e-975c-cdf5158be850:172.17.0.2:41819, 01d5352d-883b-4a7a-89e4-dfaba3730f16:172.17.0.2:45929], old=null
2020-06-27 13:10:27,108 [f0f3ddfc-f4e8-4f2e-975c-cdf5158be850@group-8E324B84697D-LeaderElection72] INFO  impl.LeaderElection (LogUtils.java:infoOrTrace(137)) -   Exception 0: java.util.concurrent.ExecutionException: org.apache.ratis.thirdparty.io.grpc.StatusRuntimeException: UNAVAILABLE: io exception
2020-06-27 13:10:27,109 [f0f3ddfc-f4e8-4f2e-975c-cdf5158be850@group-8E324B84697D-LeaderElection72] INFO  impl.LeaderElection (LogUtils.java:infoOrTrace(137)) -   Exception 1: java.util.concurrent.ExecutionException: org.apache.ratis.thirdparty.io.grpc.StatusRuntimeException: UNAVAILABLE: io exception
2020-06-27 13:10:27,109 [f0f3ddfc-f4e8-4f2e-975c-cdf5158be850@group-8E324B84697D-LeaderElection72] INFO  impl.RaftServerImpl (RaftServerImpl.java:setRole(175)) - f0f3ddfc-f4e8-4f2e-975c-cdf5158be850@group-8E324B84697D: changes role from CANDIDATE to FOLLOWER at term 5 for DISCOVERED_A_NEW_TERM
2020-06-27 13:10:27,109 [f0f3ddfc-f4e8-4f2e-975c-cdf5158be850@group-8E324B84697D-LeaderElection72] INFO  impl.RoleInfo (RoleInfo.java:shutdownLeaderElection(134)) - f0f3ddfc-f4e8-4f2e-975c-cdf5158be850: shutdown LeaderElection
2020-06-27 13:10:27,109 [f0f3ddfc-f4e8-4f2e-975c-cdf5158be850@group-8E324B84697D-LeaderElection72] INFO  impl.RoleInfo (RoleInfo.java:updateAndGet(143)) - f0f3ddfc-f4e8-4f2e-975c-cdf5158be850: start FollowerState
2020-06-27 13:10:27,214 [grpc-default-executor-9] WARN  server.GrpcLogAppender (LogUtils.java:warn(122)) - 0201d36d-1085-4799-9661-b850b2c36954@group-BFDC5685728E->0f19b122-cd9b-47a6-95cf-d36138869577-AppendLogResponseHandler: Failed appendEntries: org.apache.ratis.thirdparty.io.grpc.StatusRuntimeException: UNAVAILABLE: io exception
2020-06-27 13:10:27,216 [grpc-default-executor-9] INFO  impl.FollowerInfo (FollowerInfo.java:lambda$new$0(51)) - 0201d36d-1085-4799-9661-b850b2c36954@group-BFDC5685728E->0f19b122-cd9b-47a6-95cf-d36138869577: nextIndex: updateUnconditionally 1 -> 0
2020-06-27 13:10:27,219 [grpc-default-executor-9] DEBUG server.GrpcLogAppender (GrpcLogAppender.java:onNext(257)) - 0201d36d-1085-4799-9661-b850b2c36954@group-BFDC5685728E->be204a00-db90-4592-9b0e-cef66b76ef3d-AppendLogResponseHandler: received a reply 0201d36d-1085-4799-9661-b850b2c36954<-be204a00-db90-4592-9b0e-cef66b76ef3d#9:OK,SUCCESS,nextIndex:1,term:1,followerCommit:0, request=AppendEntriesRequest:cid=9,entriesCount=0,lastEntry=null
2020-06-27 13:10:27,412 [Listener at 127.0.0.1/42033] INFO  ozoneimpl.OzoneContainer (OzoneContainer.java:stop(246)) - Attempting to stop container services.
2020-06-27 13:10:27,413 [Listener at 127.0.0.1/42033] INFO  impl.RaftServerProxy (RaftServerProxy.java:lambda$close$4(319)) - 0201d36d-1085-4799-9661-b850b2c36954: close
2020-06-27 13:10:27,413 [Listener at 127.0.0.1/42033] INFO  impl.RaftServerImpl (RaftServerImpl.java:lambda$shutdown$3(252)) - 0201d36d-1085-4799-9661-b850b2c36954@group-2BFFC7BAEC8E: shutdown
2020-06-27 13:10:27,413 [Listener at 127.0.0.1/42033] INFO  util.JmxRegister (JmxRegister.java:unregister(73)) - Successfully un-registered JMX Bean with object name Ratis:service=RaftServer,group=group-2BFFC7BAEC8E,id=0201d36d-1085-4799-9661-b850b2c36954
2020-06-27 13:10:27,413 [Listener at 127.0.0.1/42033] INFO  impl.RoleInfo (RoleInfo.java:shutdownLeaderState(104)) - 0201d36d-1085-4799-9661-b850b2c36954: shutdown LeaderState
2020-06-27 13:10:27,413 [Listener at 127.0.0.1/42033] INFO  impl.PendingRequests (PendingRequests.java:sendNotLeaderResponses(249)) - 0201d36d-1085-4799-9661-b850b2c36954@group-2BFFC7BAEC8E-PendingRequests: sendNotLeaderResponses
2020-06-27 13:10:27,414 [Listener at 127.0.0.1/42033] INFO  metrics.RatisMetrics (RatisMetrics.java:unregister(43)) - Unregistering Metrics Registry : ratis.log_appender.0201d36d-1085-4799-9661-b850b2c36954@group-2BFFC7BAEC8E
2020-06-27 13:10:27,414 [Listener at 127.0.0.1/42033] INFO  metrics.RatisMetrics (RatisMetrics.java:unregister(43)) - Unregistering Metrics Registry : ratis.server.0201d36d-1085-4799-9661-b850b2c36954@group-2BFFC7BAEC8E
2020-06-27 13:10:27,415 [Listener at 127.0.0.1/42033] INFO  impl.StateMachineUpdater (StateMachineUpdater.java:stopAndJoin(142)) - 0201d36d-1085-4799-9661-b850b2c36954@group-2BFFC7BAEC8E-StateMachineUpdater: set stopIndex = 0
2020-06-27 13:10:27,416 [0201d36d-1085-4799-9661-b850b2c36954@group-2BFFC7BAEC8E-StateMachineUpdater] INFO  ratis.ContainerStateMachine (ContainerStateMachine.java:takeSnapshot(294)) - group-2BFFC7BAEC8E: Taking a snapshot at:(t:1, i:0) file /github/workspace/mnt/ozone/hadoop-ozone/integration-test/target/test-dir/MiniOzoneClusterImpl-be392bf5-6f5b-448a-8365-d7ab1effc2dc/datanode-8/data/ratis/50bf4990-92b3-4c2e-9c59-2bffc7baec8e/sm/snapshot.1_0
2020-06-27 13:10:27,416 [0201d36d-1085-4799-9661-b850b2c36954@group-2BFFC7BAEC8E-StateMachineUpdater] INFO  ratis.ContainerStateMachine (ContainerStateMachine.java:takeSnapshot(305)) - group-2BFFC7BAEC8E: Finished taking a snapshot at:(t:1, i:0) file:/github/workspace/mnt/ozone/hadoop-ozone/integration-test/target/test-dir/MiniOzoneClusterImpl-be392bf5-6f5b-448a-8365-d7ab1effc2dc/datanode-8/data/ratis/50bf4990-92b3-4c2e-9c59-2bffc7baec8e/sm/snapshot.1_0 time:1
2020-06-27 13:10:27,417 [0201d36d-1085-4799-9661-b850b2c36954@group-2BFFC7BAEC8E-StateMachineUpdater] INFO  impl.StateMachineUpdater (StateMachineUpdater.java:takeSnapshot(277)) - 0201d36d-1085-4799-9661-b850b2c36954@group-2BFFC7BAEC8E-StateMachineUpdater: Took a snapshot at index 0
2020-06-27 13:10:27,417 [0201d36d-1085-4799-9661-b850b2c36954@group-2BFFC7BAEC8E-StateMachineUpdater] INFO  impl.StateMachineUpdater (StateMachineUpdater.java:lambda$new$0(87)) - 0201d36d-1085-4799-9661-b850b2c36954@group-2BFFC7BAEC8E-StateMachineUpdater: snapshotIndex: updateIncreasingly -1 -> 0
2020-06-27 13:10:27,418 [0201d36d-1085-4799-9661-b850b2c36954@group-2BFFC7BAEC8E-StateMachineUpdater] INFO  metrics.RatisMetrics (RatisMetrics.java:unregister(43)) - Unregistering Metrics Registry : ratis.state_machine.0201d36d-1085-4799-9661-b850b2c36954@group-2BFFC7BAEC8E
2020-06-27 13:10:27,418 [Listener at 127.0.0.1/42033] INFO  impl.RaftServerImpl (ServerState.java:close(387)) - 0201d36d-1085-4799-9661-b850b2c36954@group-2BFFC7BAEC8E: closes. applyIndex: 0
2020-06-27 13:10:27,418 [0201d36d-1085-4799-9661-b850b2c36954@group-2BFFC7BAEC8E-SegmentedRaftLogWorker] INFO  segmented.SegmentedRaftLogWorker (SegmentedRaftLogWorker.java:run(327)) - 0201d36d-1085-4799-9661-b850b2c36954@group-2BFFC7BAEC8E-SegmentedRaftLogWorker was interrupted, exiting. There are 0 tasks remaining in the queue.
2020-06-27 13:10:27,418 [Listener at 127.0.0.1/42033] INFO  segmented.SegmentedRaftLogWorker (SegmentedRaftLogWorker.java:close(234)) - 0201d36d-1085-4799-9661-b850b2c36954@group-2BFFC7BAEC8E-SegmentedRaftLogWorker close()
2020-06-27 13:10:27,419 [Listener at 127.0.0.1/42033] INFO  metrics.RatisMetrics (RatisMetrics.java:unregister(43)) - Unregistering Metrics Registry : ratis.log_worker.0201d36d-1085-4799-9661-b850b2c36954@group-2BFFC7BAEC8E
2020-06-27 13:10:27,419 [Listener at 127.0.0.1/42033] INFO  metrics.RatisMetrics (RatisMetrics.java:unregister(43)) - Unregistering Metrics Registry : ratis.leader_election.0201d36d-1085-4799-9661-b850b2c36954@group-2BFFC7BAEC8E
2020-06-27 13:10:27,420 [Listener at 127.0.0.1/42033] INFO  metrics.RatisMetrics (RatisMetrics.java:unregister(43)) - Unregistering Metrics Registry : ratis.server.0201d36d-1085-4799-9661-b850b2c36954@group-2BFFC7BAEC8E
2020-06-27 13:10:27,420 [Listener at 127.0.0.1/42033] INFO  impl.RaftServerImpl (RaftServerImpl.java:lambda$shutdown$3(252)) - 0201d36d-1085-4799-9661-b850b2c36954@group-BFDC5685728E: shutdown
2020-06-27 13:10:27,420 [Listener at 127.0.0.1/42033] INFO  util.JmxRegister (JmxRegister.java:unregister(73)) - Successfully un-registered JMX Bean with object name Ratis:service=RaftServer,group=group-BFDC5685728E,id=0201d36d-1085-4799-9661-b850b2c36954
2020-06-27 13:10:27,420 [Listener at 127.0.0.1/42033] INFO  impl.RoleInfo (RoleInfo.java:shutdownLeaderState(104)) - 0201d36d-1085-4799-9661-b850b2c36954: shutdown LeaderState
2020-06-27 13:10:27,420 [Listener at 127.0.0.1/42033] INFO  metrics.RatisMetrics (RatisMetrics.java:unregister(43)) - Unregistering Metrics Registry : ratis_grpc.log_appender.0201d36d-1085-4799-9661-b850b2c36954@group-BFDC5685728E
2020-06-27 13:10:27,421 [ForkJoinPool.commonPool-worker-0] INFO  ozoneimpl.OzoneContainer (OzoneContainer.java:stop(246)) - Attempting to stop container services.
2020-06-27 13:10:27,421 [ForkJoinPool.commonPool-worker-0] INFO  impl.RaftServerProxy (RaftServerProxy.java:lambda$close$4(319)) - f0f3ddfc-f4e8-4f2e-975c-cdf5158be850: close
2020-06-27 13:10:27,421 [ForkJoinPool.commonPool-worker-0] INFO  impl.RaftServerImpl (RaftServerImpl.java:lambda$shutdown$3(252)) - f0f3ddfc-f4e8-4f2e-975c-cdf5158be850@group-8E324B84697D: shutdown
2020-06-27 13:10:27,422 [ForkJoinPool.commonPool-worker-0] INFO  util.JmxRegister (JmxRegister.java:unregister(73)) - Successfully un-registered JMX Bean with object name Ratis:service=RaftServer,group=group-8E324B84697D,id=f0f3ddfc-f4e8-4f2e-975c-cdf5158be850
2020-06-27 13:10:27,422 [ForkJoinPool.commonPool-worker-0] INFO  impl.RoleInfo (RoleInfo.java:shutdownFollowerState(121)) - f0f3ddfc-f4e8-4f2e-975c-cdf5158be850: shutdown FollowerState
2020-06-27 13:10:27,422 [ForkJoinPool.commonPool-worker-0] INFO  impl.StateMachineUpdater (StateMachineUpdater.java:stopAndJoin(142)) - f0f3ddfc-f4e8-4f2e-975c-cdf5158be850@group-8E324B84697D-StateMachineUpdater: set stopIndex = 0
2020-06-27 13:10:27,422 [org.apache.ratis.server.impl.LogAppender$AppenderDaemon$$Lambda$443/905539811@589a0390] WARN  server.GrpcLogAppender (GrpcLogAppender.java:mayWait(153)) - 0201d36d-1085-4799-9661-b850b2c36954@group-BFDC5685728E->be204a00-db90-4592-9b0e-cef66b76ef3d-GrpcLogAppender: Wait interrupted by java.lang.InterruptedException
2020-06-27 13:10:27,422 [f0f3ddfc-f4e8-4f2e-975c-cdf5158be850@group-8E324B84697D-StateMachineUpdater] INFO  ratis.ContainerStateMachine (ContainerStateMachine.java:takeSnapshot(294)) - group-8E324B84697D: Taking a snapshot at:(t:3, i:0) file /github/workspace/mnt/ozone/hadoop-ozone/integration-test/target/test-dir/MiniOzoneClusterImpl-be392bf5-6f5b-448a-8365-d7ab1effc2dc/datanode-1/data/ratis/8dbdd0bf-b681-4e76-b49e-8e324b84697d/sm/snapshot.3_0
2020-06-27 13:10:27,423 [Listener at 127.0.0.1/42033] INFO  metrics.RatisMetrics (RatisMetrics.java:unregister(43)) - Unregistering Metrics Registry : ratis_grpc.log_appender.0201d36d-1085-4799-9661-b850b2c36954@group-BFDC5685728E
2020-06-27 13:10:27,424 [f0f3ddfc-f4e8-4f2e-975c-cdf5158be850@group-8E324B84697D-StateMachineUpdater] INFO  ratis.ContainerStateMachine (ContainerStateMachine.java:takeSnapshot(305)) - group-8E324B84697D: Finished taking a snapshot at:(t:3, i:0) file:/github/workspace/mnt/ozone/hadoop-ozone/integration-test/target/test-dir/MiniOzoneClusterImpl-be392bf5-6f5b-448a-8365-d7ab1effc2dc/datanode-1/data/ratis/8dbdd0bf-b681-4e76-b49e-8e324b84697d/sm/snapshot.3_0 time:1
2020-06-27 13:10:27,425 [f0f3ddfc-f4e8-4f2e-975c-cdf5158be850@group-8E324B84697D-StateMachineUpdater] INFO  impl.StateMachineUpdater (StateMachineUpdater.java:takeSnapshot(277)) - f0f3ddfc-f4e8-4f2e-975c-cdf5158be850@group-8E324B84697D-StateMachineUpdater: Took a snapshot at index 0
2020-06-27 13:10:27,425 [f0f3ddfc-f4e8-4f2e-975c-cdf5158be850@group-8E324B84697D-StateMachineUpdater] INFO  impl.StateMachineUpdater (StateMachineUpdater.java:lambda$new$0(87)) - f0f3ddfc-f4e8-4f2e-975c-cdf5158be850@group-8E324B84697D-StateMachineUpdater: snapshotIndex: updateIncreasingly -1 -> 0
2020-06-27 13:10:27,425 [f0f3ddfc-f4e8-4f2e-975c-cdf5158be850@group-8E324B84697D-StateMachineUpdater] INFO  metrics.RatisMetrics (RatisMetrics.java:unregister(43)) - Unregistering Metrics Registry : ratis.state_machine.f0f3ddfc-f4e8-4f2e-975c-cdf5158be850@group-8E324B84697D
2020-06-27 13:10:27,425 [ForkJoinPool.commonPool-worker-0] INFO  impl.RaftServerImpl (ServerState.java:close(387)) - f0f3ddfc-f4e8-4f2e-975c-cdf5158be850@group-8E324B84697D: closes. applyIndex: 0
2020-06-27 13:10:27,423 [Thread-1894] INFO  impl.FollowerState (FollowerState.java:run(117)) - f0f3ddfc-f4e8-4f2e-975c-cdf5158be850@group-8E324B84697D-FollowerState was interrupted: java.lang.InterruptedException: sleep interrupted
2020-06-27 13:10:27,423 [grpc-default-executor-9] INFO  server.GrpcServerProtocolService (GrpcServerProtocolService.java:onCompleted(138)) - be204a00-db90-4592-9b0e-cef66b76ef3d: Completed APPEND_ENTRIES, lastRequest: 0201d36d-1085-4799-9661-b850b2c36954->be204a00-db90-4592-9b0e-cef66b76ef3d#1-t1, previous=(t:0, i:0), leaderCommit=0, initializing? false, entries: size=1, first=(t:1, i:0), CONFIGURATIONENTRY
2020-06-27 13:10:27,426 [f0f3ddfc-f4e8-4f2e-975c-cdf5158be850@group-8E324B84697D-SegmentedRaftLogWorker] INFO  segmented.SegmentedRaftLogWorker (SegmentedRaftLogWorker.java:run(327)) - f0f3ddfc-f4e8-4f2e-975c-cdf5158be850@group-8E324B84697D-SegmentedRaftLogWorker was interrupted, exiting. There are 0 tasks remaining in the queue.
2020-06-27 13:10:27,427 [ForkJoinPool.commonPool-worker-0] INFO  segmented.SegmentedRaftLogWorker (SegmentedRaftLogWorker.java:close(234)) - f0f3ddfc-f4e8-4f2e-975c-cdf5158be850@group-8E324B84697D-SegmentedRaftLogWorker close()
2020-06-27 13:10:27,427 [grpc-default-executor-5] INFO  server.GrpcLogAppender (GrpcLogAppender.java:onCompleted(319)) - 0201d36d-1085-4799-9661-b850b2c36954@group-BFDC5685728E->be204a00-db90-4592-9b0e-cef66b76ef3d-AppendLogResponseHandler: follower responses appendEntries COMPLETED
2020-06-27 13:10:27,435 [org.apache.ratis.server.impl.LogAppender$AppenderDaemon$$Lambda$443/905539811@70231486] WARN  server.GrpcLogAppender (GrpcLogAppender.java:mayWait(153)) - 0201d36d-1085-4799-9661-b850b2c36954@group-BFDC5685728E->0f19b122-cd9b-47a6-95cf-d36138869577-GrpcLogAppender: Wait interrupted by java.lang.InterruptedException
2020-06-27 13:10:27,435 [Listener at 127.0.0.1/42033] INFO  impl.PendingRequests (PendingRequests.java:sendNotLeaderResponses(249)) - 0201d36d-1085-4799-9661-b850b2c36954@group-BFDC5685728E-PendingRequests: sendNotLeaderResponses
2020-06-27 13:10:27,435 [Listener at 127.0.0.1/42033] INFO  metrics.RatisMetrics (RatisMetrics.java:unregister(43)) - Unregistering Metrics Registry : ratis.log_appender.0201d36d-1085-4799-9661-b850b2c36954@group-BFDC5685728E
2020-06-27 13:10:27,435 [Listener at 127.0.0.1/42033] INFO  metrics.RatisMetrics (RatisMetrics.java:unregister(43)) - Unregistering Metrics Registry : ratis.server.0201d36d-1085-4799-9661-b850b2c36954@group-BFDC5685728E
2020-06-27 13:10:27,436 [ForkJoinPool.commonPool-worker-0] INFO  metrics.RatisMetrics (RatisMetrics.java:unregister(43)) - Unregistering Metrics Registry : ratis.log_worker.f0f3ddfc-f4e8-4f2e-975c-cdf5158be850@group-8E324B84697D
2020-06-27 13:10:27,436 [ForkJoinPool.commonPool-worker-0] INFO  metrics.RatisMetrics (RatisMetrics.java:unregister(43)) - Unregistering Metrics Registry : ratis.leader_election.f0f3ddfc-f4e8-4f2e-975c-cdf5158be850@group-8E324B84697D
2020-06-27 13:10:27,436 [ForkJoinPool.commonPool-worker-0] INFO  metrics.RatisMetrics (RatisMetrics.java:unregister(43)) - Unregistering Metrics Registry : ratis.server.f0f3ddfc-f4e8-4f2e-975c-cdf5158be850@group-8E324B84697D
2020-06-27 13:10:27,436 [ForkJoinPool.commonPool-worker-0] INFO  impl.RaftServerImpl (RaftServerImpl.java:lambda$shutdown$3(252)) - f0f3ddfc-f4e8-4f2e-975c-cdf5158be850@group-D6397A72550E: shutdown
2020-06-27 13:10:27,436 [ForkJoinPool.commonPool-worker-0] INFO  util.JmxRegister (JmxRegister.java:unregister(73)) - Successfully un-registered JMX Bean with object name Ratis:service=RaftServer,group=group-D6397A72550E,id=f0f3ddfc-f4e8-4f2e-975c-cdf5158be850
2020-06-27 13:10:27,436 [ForkJoinPool.commonPool-worker-0] INFO  impl.RoleInfo (RoleInfo.java:shutdownLeaderState(104)) - f0f3ddfc-f4e8-4f2e-975c-cdf5158be850: shutdown LeaderState
2020-06-27 13:10:27,437 [ForkJoinPool.commonPool-worker-0] INFO  impl.PendingRequests (PendingRequests.java:sendNotLeaderResponses(249)) - f0f3ddfc-f4e8-4f2e-975c-cdf5158be850@group-D6397A72550E-PendingRequests: sendNotLeaderResponses
2020-06-27 13:10:27,437 [ForkJoinPool.commonPool-worker-0] INFO  metrics.RatisMetrics (RatisMetrics.java:unregister(43)) - Unregistering Metrics Registry : ratis.log_appender.f0f3ddfc-f4e8-4f2e-975c-cdf5158be850@group-D6397A72550E
2020-06-27 13:10:27,437 [ForkJoinPool.commonPool-worker-0] INFO  metrics.RatisMetrics (RatisMetrics.java:unregister(43)) - Unregistering Metrics Registry : ratis.server.f0f3ddfc-f4e8-4f2e-975c-cdf5158be850@group-D6397A72550E
2020-06-27 13:10:27,438 [ForkJoinPool.commonPool-worker-0] INFO  impl.StateMachineUpdater (StateMachineUpdater.java:stopAndJoin(142)) - f0f3ddfc-f4e8-4f2e-975c-cdf5158be850@group-D6397A72550E-StateMachineUpdater: set stopIndex = 0
2020-06-27 13:10:27,439 [grpc-default-executor-5] INFO  impl.FollowerInfo (FollowerInfo.java:lambda$new$0(51)) - 0201d36d-1085-4799-9661-b850b2c36954@group-BFDC5685728E->be204a00-db90-4592-9b0e-cef66b76ef3d: nextIndex: updateUnconditionally 1 -> 0
2020-06-27 13:10:27,439 [f0f3ddfc-f4e8-4f2e-975c-cdf5158be850@group-D6397A72550E-StateMachineUpdater] INFO  ratis.ContainerStateMachine (ContainerStateMachine.java:takeSnapshot(294)) - group-D6397A72550E: Taking a snapshot at:(t:1, i:0) file /github/workspace/mnt/ozone/hadoop-ozone/integration-test/target/test-dir/MiniOzoneClusterImpl-be392bf5-6f5b-448a-8365-d7ab1effc2dc/datanode-1/data/ratis/00cb7382-162f-4fe2-aa3f-d6397a72550e/sm/snapshot.1_0
2020-06-27 13:10:27,440 [0201d36d-1085-4799-9661-b850b2c36954@group-BFDC5685728E-StateMachineUpdater] INFO  ratis.ContainerStateMachine (ContainerStateMachine.java:takeSnapshot(294)) - group-BFDC5685728E: Taking a snapshot at:(t:1, i:0) file /github/workspace/mnt/ozone/hadoop-ozone/integration-test/target/test-dir/MiniOzoneClusterImpl-be392bf5-6f5b-448a-8365-d7ab1effc2dc/datanode-8/data/ratis/cf68dc9b-7264-46a4-a71a-bfdc5685728e/sm/snapshot.1_0
2020-06-27 13:10:27,440 [f0f3ddfc-f4e8-4f2e-975c-cdf5158be850@group-D6397A72550E-StateMachineUpdater] INFO  ratis.ContainerStateMachine (ContainerStateMachine.java:takeSnapshot(305)) - group-D6397A72550E: Finished taking a snapshot at:(t:1, i:0) file:/github/workspace/mnt/ozone/hadoop-ozone/integration-test/target/test-dir/MiniOzoneClusterImpl-be392bf5-6f5b-448a-8365-d7ab1effc2dc/datanode-1/data/ratis/00cb7382-162f-4fe2-aa3f-d6397a72550e/sm/snapshot.1_0 time:1
2020-06-27 13:10:27,440 [Listener at 127.0.0.1/42033] INFO  impl.StateMachineUpdater (StateMachineUpdater.java:stopAndJoin(142)) - 0201d36d-1085-4799-9661-b850b2c36954@group-BFDC5685728E-StateMachineUpdater: set stopIndex = 0
2020-06-27 13:10:27,440 [f0f3ddfc-f4e8-4f2e-975c-cdf5158be850@group-D6397A72550E-StateMachineUpdater] INFO  impl.StateMachineUpdater (StateMachineUpdater.java:takeSnapshot(277)) - f0f3ddfc-f4e8-4f2e-975c-cdf5158be850@group-D6397A72550E-StateMachineUpdater: Took a snapshot at index 0
2020-06-27 13:10:27,440 [f0f3ddfc-f4e8-4f2e-975c-cdf5158be850@group-D6397A72550E-StateMachineUpdater] INFO  impl.StateMachineUpdater (StateMachineUpdater.java:lambda$new$0(87)) - f0f3ddfc-f4e8-4f2e-975c-cdf5158be850@group-D6397A72550E-StateMachineUpdater: snapshotIndex: updateIncreasingly -1 -> 0
2020-06-27 13:10:27,441 [f0f3ddfc-f4e8-4f2e-975c-cdf5158be850@group-D6397A72550E-StateMachineUpdater] INFO  metrics.RatisMetrics (RatisMetrics.java:unregister(43)) - Unregistering Metrics Registry : ratis.state_machine.f0f3ddfc-f4e8-4f2e-975c-cdf5158be850@group-D6397A72550E
2020-06-27 13:10:27,441 [0201d36d-1085-4799-9661-b850b2c36954@group-BFDC5685728E-StateMachineUpdater] INFO  ratis.ContainerStateMachine (ContainerStateMachine.java:takeSnapshot(305)) - group-BFDC5685728E: Finished taking a snapshot at:(t:1, i:0) file:/github/workspace/mnt/ozone/hadoop-ozone/integration-test/target/test-dir/MiniOzoneClusterImpl-be392bf5-6f5b-448a-8365-d7ab1effc2dc/datanode-8/data/ratis/cf68dc9b-7264-46a4-a71a-bfdc5685728e/sm/snapshot.1_0 time:1
2020-06-27 13:10:27,441 [0201d36d-1085-4799-9661-b850b2c36954@group-BFDC5685728E-StateMachineUpdater] INFO  impl.StateMachineUpdater (StateMachineUpdater.java:takeSnapshot(277)) - 0201d36d-1085-4799-9661-b850b2c36954@group-BFDC5685728E-StateMachineUpdater: Took a snapshot at index 0
2020-06-27 13:10:27,441 [0201d36d-1085-4799-9661-b850b2c36954@group-BFDC5685728E-StateMachineUpdater] INFO  impl.StateMachineUpdater (StateMachineUpdater.java:lambda$new$0(87)) - 0201d36d-1085-4799-9661-b850b2c36954@group-BFDC5685728E-StateMachineUpdater: snapshotIndex: updateIncreasingly -1 -> 0
2020-06-27 13:10:27,441 [0201d36d-1085-4799-9661-b850b2c36954@group-BFDC5685728E-StateMachineUpdater] INFO  metrics.RatisMetrics (RatisMetrics.java:unregister(43)) - Unregistering Metrics Registry : ratis.state_machine.0201d36d-1085-4799-9661-b850b2c36954@group-BFDC5685728E
2020-06-27 13:10:27,441 [Listener at 127.0.0.1/42033] INFO  impl.RaftServerImpl (ServerState.java:close(387)) - 0201d36d-1085-4799-9661-b850b2c36954@group-BFDC5685728E: closes. applyIndex: 0
2020-06-27 13:10:27,441 [ForkJoinPool.commonPool-worker-0] INFO  impl.RaftServerImpl (ServerState.java:close(387)) - f0f3ddfc-f4e8-4f2e-975c-cdf5158be850@group-D6397A72550E: closes. applyIndex: 0
2020-06-27 13:10:27,442 [0201d36d-1085-4799-9661-b850b2c36954@group-BFDC5685728E-SegmentedRaftLogWorker] INFO  segmented.SegmentedRaftLogWorker (SegmentedRaftLogWorker.java:run(327)) - 0201d36d-1085-4799-9661-b850b2c36954@group-BFDC5685728E-SegmentedRaftLogWorker was interrupted, exiting. There are 0 tasks remaining in the queue.
2020-06-27 13:10:27,442 [f0f3ddfc-f4e8-4f2e-975c-cdf5158be850@group-D6397A72550E-SegmentedRaftLogWorker] INFO  segmented.SegmentedRaftLogWorker (SegmentedRaftLogWorker.java:run(327)) - f0f3ddfc-f4e8-4f2e-975c-cdf5158be850@group-D6397A72550E-SegmentedRaftLogWorker was interrupted, exiting. There are 0 tasks remaining in the queue.
2020-06-27 13:10:27,442 [Listener at 127.0.0.1/42033] INFO  segmented.SegmentedRaftLogWorker (SegmentedRaftLogWorker.java:close(234)) - 0201d36d-1085-4799-9661-b850b2c36954@group-BFDC5685728E-SegmentedRaftLogWorker close()
2020-06-27 13:10:27,442 [ForkJoinPool.commonPool-worker-0] INFO  segmented.SegmentedRaftLogWorker (SegmentedRaftLogWorker.java:close(234)) - f0f3ddfc-f4e8-4f2e-975c-cdf5158be850@group-D6397A72550E-SegmentedRaftLogWorker close()
2020-06-27 13:10:27,443 [Listener at 127.0.0.1/42033] INFO  metrics.RatisMetrics (RatisMetrics.java:unregister(43)) - Unregistering Metrics Registry : ratis.log_worker.0201d36d-1085-4799-9661-b850b2c36954@group-BFDC5685728E
2020-06-27 13:10:27,443 [ForkJoinPool.commonPool-worker-0] INFO  metrics.RatisMetrics (RatisMetrics.java:unregister(43)) - Unregistering Metrics Registry : ratis.log_worker.f0f3ddfc-f4e8-4f2e-975c-cdf5158be850@group-D6397A72550E
2020-06-27 13:10:27,443 [Listener at 127.0.0.1/42033] INFO  metrics.RatisMetrics (RatisMetrics.java:unregister(43)) - Unregistering Metrics Registry : ratis.leader_election.0201d36d-1085-4799-9661-b850b2c36954@group-BFDC5685728E
2020-06-27 13:10:27,443 [ForkJoinPool.commonPool-worker-0] INFO  metrics.RatisMetrics (RatisMetrics.java:unregister(43)) - Unregistering Metrics Registry : ratis.leader_election.f0f3ddfc-f4e8-4f2e-975c-cdf5158be850@group-D6397A72550E
2020-06-27 13:10:27,444 [ForkJoinPool.commonPool-worker-0] INFO  metrics.RatisMetrics (RatisMetrics.java:unregister(43)) - Unregistering Metrics Registry : ratis.server.f0f3ddfc-f4e8-4f2e-975c-cdf5158be850@group-D6397A72550E
2020-06-27 13:10:27,444 [Listener at 127.0.0.1/42033] INFO  metrics.RatisMetrics (RatisMetrics.java:unregister(43)) - Unregistering Metrics Registry : ratis.server.0201d36d-1085-4799-9661-b850b2c36954@group-BFDC5685728E
2020-06-27 13:10:27,444 [ForkJoinPool.commonPool-worker-0] INFO  server.GrpcService (GrpcService.java:closeImpl(166)) - f0f3ddfc-f4e8-4f2e-975c-cdf5158be850: shutdown server with port 41819 now
2020-06-27 13:10:27,444 [Listener at 127.0.0.1/42033] INFO  server.GrpcService (GrpcService.java:closeImpl(166)) - 0201d36d-1085-4799-9661-b850b2c36954: shutdown server with port 35501 now
2020-06-27 13:10:27,446 [ForkJoinPool.commonPool-worker-0] INFO  server.GrpcService (GrpcService.java:closeImpl(174)) - f0f3ddfc-f4e8-4f2e-975c-cdf5158be850: shutdown server with port 41819 successfully
2020-06-27 13:10:27,450 [ForkJoinPool.commonPool-worker-0] INFO  utils.BackgroundService (BackgroundService.java:shutdown(157)) - Shutting down service BlockDeletingService
2020-06-27 13:10:27,451 [Listener at 127.0.0.1/42033] INFO  server.GrpcService (GrpcService.java:closeImpl(174)) - 0201d36d-1085-4799-9661-b850b2c36954: shutdown server with port 35501 successfully
2020-06-27 13:10:27,452 [Listener at 127.0.0.1/42033] INFO  utils.BackgroundService (BackgroundService.java:shutdown(157)) - Shutting down service BlockDeletingService
2020-06-27 13:10:27,460 [ForkJoinPool.commonPool-worker-0] INFO  statemachine.DatanodeStateMachine (DatanodeStateMachine.java:stopDaemon(428)) - Ozone container server stopped.
2020-06-27 13:10:27,463 [Listener at 127.0.0.1/42033] INFO  statemachine.DatanodeStateMachine (DatanodeStateMachine.java:stopDaemon(428)) - Ozone container server stopped.
2020-06-27 13:10:27,463 [ForkJoinPool.commonPool-worker-0] INFO  handler.ContextHandler (ContextHandler.java:doStop(1016)) - Stopped o.e.j.w.WebAppContext@1d88414a{hddsDatanode,/,null,UNAVAILABLE}{jar:file:/home/user/.m2/repository/org/apache/hadoop/hadoop-hdds-container-service/0.6.0-SNAPSHOT/hadoop-hdds-container-service-0.6.0-SNAPSHOT.jar!/webapps/hddsDatanode}
2020-06-27 13:10:27,464 [Listener at 127.0.0.1/42033] INFO  handler.ContextHandler (ContextHandler.java:doStop(1016)) - Stopped o.e.j.w.WebAppContext@44c66c7b{hddsDatanode,/,null,UNAVAILABLE}{jar:file:/home/user/.m2/repository/org/apache/hadoop/hadoop-hdds-container-service/0.6.0-SNAPSHOT/hadoop-hdds-container-service-0.6.0-SNAPSHOT.jar!/webapps/hddsDatanode}
2020-06-27 13:10:27,464 [ForkJoinPool.commonPool-worker-0] INFO  server.AbstractConnector (AbstractConnector.java:doStop(380)) - Stopped ServerConnector@76577a33{HTTP/1.1,[http/1.1]}{0.0.0.0:0}
2020-06-27 13:10:27,465 [ForkJoinPool.commonPool-worker-0] INFO  server.session (HouseKeeper.java:stopScavenging(158)) - node0 Stopped scavenging
2020-06-27 13:10:27,465 [Listener at 127.0.0.1/42033] INFO  server.AbstractConnector (AbstractConnector.java:doStop(380)) - Stopped ServerConnector@51f7265b{HTTP/1.1,[http/1.1]}{0.0.0.0:0}
2020-06-27 13:10:27,465 [ForkJoinPool.commonPool-worker-0] INFO  handler.ContextHandler (ContextHandler.java:doStop(1016)) - Stopped o.e.j.s.ServletContextHandler@b753aa5{static,/static,jar:file:/home/user/.m2/repository/org/apache/hadoop/hadoop-hdds-container-service/0.6.0-SNAPSHOT/hadoop-hdds-container-service-0.6.0-SNAPSHOT.jar!/webapps/static,UNAVAILABLE}
2020-06-27 13:10:27,467 [Listener at 127.0.0.1/42033] INFO  server.session (HouseKeeper.java:stopScavenging(158)) - node0 Stopped scavenging
2020-06-27 13:10:27,467 [ForkJoinPool.commonPool-worker-0] INFO  handler.ContextHandler (ContextHandler.java:doStop(1016)) - Stopped o.e.j.s.ServletContextHandler@1c584c7f{logs,/logs,file:///github/workspace/mnt/ozone/hadoop-ozone/integration-test/target/log,UNAVAILABLE}
2020-06-27 13:10:27,469 [Listener at 127.0.0.1/42033] INFO  handler.ContextHandler (ContextHandler.java:doStop(1016)) - Stopped o.e.j.s.ServletContextHandler@56b6e072{static,/static,jar:file:/home/user/.m2/repository/org/apache/hadoop/hadoop-hdds-container-service/0.6.0-SNAPSHOT/hadoop-hdds-container-service-0.6.0-SNAPSHOT.jar!/webapps/static,UNAVAILABLE}
2020-06-27 13:10:27,469 [Listener at 127.0.0.1/42033] INFO  handler.ContextHandler (ContextHandler.java:doStop(1016)) - Stopped o.e.j.s.ServletContextHandler@14796b9e{logs,/logs,file:///github/workspace/mnt/ozone/hadoop-ozone/integration-test/target/log,UNAVAILABLE}
2020-06-27 13:10:28,220 [Datanode State Machine Thread - 0] INFO  statemachine.DatanodeStateMachine (DatanodeStateMachine.java:lambda$startDaemon$0(380)) - Ozone container server started.
2020-06-27 13:10:32,469 [ForkJoinPool.commonPool-worker-0] INFO  ozoneimpl.OzoneContainer (OzoneContainer.java:stop(246)) - Attempting to stop container services.
2020-06-27 13:10:32,469 [ForkJoinPool.commonPool-worker-0] INFO  impl.RaftServerProxy (RaftServerProxy.java:lambda$close$4(319)) - be204a00-db90-4592-9b0e-cef66b76ef3d: close
2020-06-27 13:10:32,470 [ForkJoinPool.commonPool-worker-0] INFO  impl.RaftServerImpl (RaftServerImpl.java:lambda$shutdown$3(252)) - be204a00-db90-4592-9b0e-cef66b76ef3d@group-95057A87A6A4: shutdown
2020-06-27 13:10:32,470 [ForkJoinPool.commonPool-worker-0] INFO  util.JmxRegister (JmxRegister.java:unregister(73)) - Successfully un-registered JMX Bean with object name Ratis:service=RaftServer,group=group-95057A87A6A4,id=be204a00-db90-4592-9b0e-cef66b76ef3d
2020-06-27 13:10:32,470 [ForkJoinPool.commonPool-worker-0] INFO  impl.RoleInfo (RoleInfo.java:shutdownLeaderState(104)) - be204a00-db90-4592-9b0e-cef66b76ef3d: shutdown LeaderState
2020-06-27 13:10:32,470 [ForkJoinPool.commonPool-worker-0] INFO  impl.PendingRequests (PendingRequests.java:sendNotLeaderResponses(249)) - be204a00-db90-4592-9b0e-cef66b76ef3d@group-95057A87A6A4-PendingRequests: sendNotLeaderResponses
2020-06-27 13:10:32,470 [ForkJoinPool.commonPool-worker-0] INFO  metrics.RatisMetrics (RatisMetrics.java:unregister(43)) - Unregistering Metrics Registry : ratis.log_appender.be204a00-db90-4592-9b0e-cef66b76ef3d@group-95057A87A6A4
2020-06-27 13:10:32,471 [ForkJoinPool.commonPool-worker-0] INFO  metrics.RatisMetrics (RatisMetrics.java:unregister(43)) - Unregistering Metrics Registry : ratis.server.be204a00-db90-4592-9b0e-cef66b76ef3d@group-95057A87A6A4
2020-06-27 13:10:32,472 [ForkJoinPool.commonPool-worker-0] INFO  impl.StateMachineUpdater (StateMachineUpdater.java:stopAndJoin(142)) - be204a00-db90-4592-9b0e-cef66b76ef3d@group-95057A87A6A4-StateMachineUpdater: set stopIndex = 0
2020-06-27 13:10:32,472 [be204a00-db90-4592-9b0e-cef66b76ef3d@group-95057A87A6A4-StateMachineUpdater] INFO  ratis.ContainerStateMachine (ContainerStateMachine.java:takeSnapshot(294)) - group-95057A87A6A4: Taking a snapshot at:(t:1, i:0) file /github/workspace/mnt/ozone/hadoop-ozone/integration-test/target/test-dir/MiniOzoneClusterImpl-be392bf5-6f5b-448a-8365-d7ab1effc2dc/datanode-6/data/ratis/d4e9f793-c322-4526-a744-95057a87a6a4/sm/snapshot.1_0
2020-06-27 13:10:32,474 [be204a00-db90-4592-9b0e-cef66b76ef3d@group-95057A87A6A4-StateMachineUpdater] INFO  ratis.ContainerStateMachine (ContainerStateMachine.java:takeSnapshot(305)) - group-95057A87A6A4: Finished taking a snapshot at:(t:1, i:0) file:/github/workspace/mnt/ozone/hadoop-ozone/integration-test/target/test-dir/MiniOzoneClusterImpl-be392bf5-6f5b-448a-8365-d7ab1effc2dc/datanode-6/data/ratis/d4e9f793-c322-4526-a744-95057a87a6a4/sm/snapshot.1_0 time:1
2020-06-27 13:10:32,474 [be204a00-db90-4592-9b0e-cef66b76ef3d@group-95057A87A6A4-StateMachineUpdater] INFO  impl.StateMachineUpdater (StateMachineUpdater.java:takeSnapshot(277)) - be204a00-db90-4592-9b0e-cef66b76ef3d@group-95057A87A6A4-StateMachineUpdater: Took a snapshot at index 0
2020-06-27 13:10:32,474 [be204a00-db90-4592-9b0e-cef66b76ef3d@group-95057A87A6A4-StateMachineUpdater] INFO  impl.StateMachineUpdater (StateMachineUpdater.java:lambda$new$0(87)) - be204a00-db90-4592-9b0e-cef66b76ef3d@group-95057A87A6A4-StateMachineUpdater: snapshotIndex: updateIncreasingly -1 -> 0
2020-06-27 13:10:32,474 [be204a00-db90-4592-9b0e-cef66b76ef3d@group-95057A87A6A4-StateMachineUpdater] INFO  metrics.RatisMetrics (RatisMetrics.java:unregister(43)) - Unregistering Metrics Registry : ratis.state_machine.be204a00-db90-4592-9b0e-cef66b76ef3d@group-95057A87A6A4
2020-06-27 13:10:32,476 [ForkJoinPool.commonPool-worker-0] INFO  impl.RaftServerImpl (ServerState.java:close(387)) - be204a00-db90-4592-9b0e-cef66b76ef3d@group-95057A87A6A4: closes. applyIndex: 0
2020-06-27 13:10:32,476 [be204a00-db90-4592-9b0e-cef66b76ef3d@group-95057A87A6A4-SegmentedRaftLogWorker] INFO  segmented.SegmentedRaftLogWorker (SegmentedRaftLogWorker.java:run(327)) - be204a00-db90-4592-9b0e-cef66b76ef3d@group-95057A87A6A4-SegmentedRaftLogWorker was interrupted, exiting. There are 0 tasks remaining in the queue.
2020-06-27 13:10:32,477 [ForkJoinPool.commonPool-worker-0] INFO  segmented.SegmentedRaftLogWorker (SegmentedRaftLogWorker.java:close(234)) - be204a00-db90-4592-9b0e-cef66b76ef3d@group-95057A87A6A4-SegmentedRaftLogWorker close()
2020-06-27 13:10:32,478 [ForkJoinPool.commonPool-worker-0] INFO  metrics.RatisMetrics (RatisMetrics.java:unregister(43)) - Unregistering Metrics Registry : ratis.log_worker.be204a00-db90-4592-9b0e-cef66b76ef3d@group-95057A87A6A4
2020-06-27 13:10:32,478 [ForkJoinPool.commonPool-worker-0] INFO  metrics.RatisMetrics (RatisMetrics.java:unregister(43)) - Unregistering Metrics Registry : ratis.leader_election.be204a00-db90-4592-9b0e-cef66b76ef3d@group-95057A87A6A4
2020-06-27 13:10:32,478 [ForkJoinPool.commonPool-worker-0] INFO  metrics.RatisMetrics (RatisMetrics.java:unregister(43)) - Unregistering Metrics Registry : ratis.server.be204a00-db90-4592-9b0e-cef66b76ef3d@group-95057A87A6A4
2020-06-27 13:10:32,478 [ForkJoinPool.commonPool-worker-0] INFO  impl.RaftServerImpl (RaftServerImpl.java:lambda$shutdown$3(252)) - be204a00-db90-4592-9b0e-cef66b76ef3d@group-BFDC5685728E: shutdown
2020-06-27 13:10:32,479 [ForkJoinPool.commonPool-worker-0] INFO  util.JmxRegister (JmxRegister.java:unregister(73)) - Successfully un-registered JMX Bean with object name Ratis:service=RaftServer,group=group-BFDC5685728E,id=be204a00-db90-4592-9b0e-cef66b76ef3d
2020-06-27 13:10:32,479 [ForkJoinPool.commonPool-worker-0] INFO  impl.RoleInfo (RoleInfo.java:shutdownFollowerState(121)) - be204a00-db90-4592-9b0e-cef66b76ef3d: shutdown FollowerState
2020-06-27 13:10:32,479 [ForkJoinPool.commonPool-worker-0] INFO  impl.StateMachineUpdater (StateMachineUpdater.java:stopAndJoin(142)) - be204a00-db90-4592-9b0e-cef66b76ef3d@group-BFDC5685728E-StateMachineUpdater: set stopIndex = 0
2020-06-27 13:10:32,479 [Thread-1827] INFO  impl.FollowerState (FollowerState.java:run(117)) - be204a00-db90-4592-9b0e-cef66b76ef3d@group-BFDC5685728E-FollowerState was interrupted: java.lang.InterruptedException: sleep interrupted
2020-06-27 13:10:32,479 [be204a00-db90-4592-9b0e-cef66b76ef3d@group-BFDC5685728E-StateMachineUpdater] INFO  ratis.ContainerStateMachine (ContainerStateMachine.java:takeSnapshot(294)) - group-BFDC5685728E: Taking a snapshot at:(t:1, i:0) file /github/workspace/mnt/ozone/hadoop-ozone/integration-test/target/test-dir/MiniOzoneClusterImpl-be392bf5-6f5b-448a-8365-d7ab1effc2dc/datanode-6/data/ratis/cf68dc9b-7264-46a4-a71a-bfdc5685728e/sm/snapshot.1_0
2020-06-27 13:10:32,480 [be204a00-db90-4592-9b0e-cef66b76ef3d@group-BFDC5685728E-StateMachineUpdater] INFO  ratis.ContainerStateMachine (ContainerStateMachine.java:takeSnapshot(305)) - group-BFDC5685728E: Finished taking a snapshot at:(t:1, i:0) file:/github/workspace/mnt/ozone/hadoop-ozone/integration-test/target/test-dir/MiniOzoneClusterImpl-be392bf5-6f5b-448a-8365-d7ab1effc2dc/datanode-6/data/ratis/cf68dc9b-7264-46a4-a71a-bfdc5685728e/sm/snapshot.1_0 time:1
2020-06-27 13:10:32,481 [be204a00-db90-4592-9b0e-cef66b76ef3d@group-BFDC5685728E-StateMachineUpdater] INFO  impl.StateMachineUpdater (StateMachineUpdater.java:takeSnapshot(277)) - be204a00-db90-4592-9b0e-cef66b76ef3d@group-BFDC5685728E-StateMachineUpdater: Took a snapshot at index 0
2020-06-27 13:10:32,481 [be204a00-db90-4592-9b0e-cef66b76ef3d@group-BFDC5685728E-StateMachineUpdater] INFO  impl.StateMachineUpdater (StateMachineUpdater.java:lambda$new$0(87)) - be204a00-db90-4592-9b0e-cef66b76ef3d@group-BFDC5685728E-StateMachineUpdater: snapshotIndex: updateIncreasingly -1 -> 0
2020-06-27 13:10:32,481 [be204a00-db90-4592-9b0e-cef66b76ef3d@group-BFDC5685728E-StateMachineUpdater] INFO  metrics.RatisMetrics (RatisMetrics.java:unregister(43)) - Unregistering Metrics Registry : ratis.state_machine.be204a00-db90-4592-9b0e-cef66b76ef3d@group-BFDC5685728E
2020-06-27 13:10:32,481 [ForkJoinPool.commonPool-worker-0] INFO  impl.RaftServerImpl (ServerState.java:close(387)) - be204a00-db90-4592-9b0e-cef66b76ef3d@group-BFDC5685728E: closes. applyIndex: 0
2020-06-27 13:10:32,481 [be204a00-db90-4592-9b0e-cef66b76ef3d@group-BFDC5685728E-SegmentedRaftLogWorker] INFO  segmented.SegmentedRaftLogWorker (SegmentedRaftLogWorker.java:run(327)) - be204a00-db90-4592-9b0e-cef66b76ef3d@group-BFDC5685728E-SegmentedRaftLogWorker was interrupted, exiting. There are 0 tasks remaining in the queue.
2020-06-27 13:10:32,482 [ForkJoinPool.commonPool-worker-0] INFO  segmented.SegmentedRaftLogWorker (SegmentedRaftLogWorker.java:close(234)) - be204a00-db90-4592-9b0e-cef66b76ef3d@group-BFDC5685728E-SegmentedRaftLogWorker close()
2020-06-27 13:10:32,482 [ForkJoinPool.commonPool-worker-0] INFO  metrics.RatisMetrics (RatisMetrics.java:unregister(43)) - Unregistering Metrics Registry : ratis.log_worker.be204a00-db90-4592-9b0e-cef66b76ef3d@group-BFDC5685728E
2020-06-27 13:10:32,482 [ForkJoinPool.commonPool-worker-0] INFO  metrics.RatisMetrics (RatisMetrics.java:unregister(43)) - Unregistering Metrics Registry : ratis.leader_election.be204a00-db90-4592-9b0e-cef66b76ef3d@group-BFDC5685728E
2020-06-27 13:10:32,483 [ForkJoinPool.commonPool-worker-0] INFO  metrics.RatisMetrics (RatisMetrics.java:unregister(43)) - Unregistering Metrics Registry : ratis.server.be204a00-db90-4592-9b0e-cef66b76ef3d@group-BFDC5685728E
2020-06-27 13:10:32,483 [ForkJoinPool.commonPool-worker-0] INFO  server.GrpcService (GrpcService.java:closeImpl(166)) - be204a00-db90-4592-9b0e-cef66b76ef3d: shutdown server with port 37437 now
2020-06-27 13:10:32,484 [ForkJoinPool.commonPool-worker-0] INFO  server.GrpcService (GrpcService.java:closeImpl(174)) - be204a00-db90-4592-9b0e-cef66b76ef3d: shutdown server with port 37437 successfully
2020-06-27 13:10:32,487 [ForkJoinPool.commonPool-worker-0] INFO  utils.BackgroundService (BackgroundService.java:shutdown(157)) - Shutting down service BlockDeletingService
2020-06-27 13:10:32,488 [ForkJoinPool.commonPool-worker-0] INFO  statemachine.DatanodeStateMachine (DatanodeStateMachine.java:stopDaemon(428)) - Ozone container server stopped.
2020-06-27 13:10:32,490 [ForkJoinPool.commonPool-worker-0] INFO  handler.ContextHandler (ContextHandler.java:doStop(1016)) - Stopped o.e.j.w.WebAppContext@3077921f{hddsDatanode,/,null,UNAVAILABLE}{jar:file:/home/user/.m2/repository/org/apache/hadoop/hadoop-hdds-container-service/0.6.0-SNAPSHOT/hadoop-hdds-container-service-0.6.0-SNAPSHOT.jar!/webapps/hddsDatanode}
2020-06-27 13:10:32,493 [ForkJoinPool.commonPool-worker-0] INFO  server.AbstractConnector (AbstractConnector.java:doStop(380)) - Stopped ServerConnector@4765e57{HTTP/1.1,[http/1.1]}{0.0.0.0:0}
2020-06-27 13:10:32,493 [ForkJoinPool.commonPool-worker-0] INFO  server.session (HouseKeeper.java:stopScavenging(158)) - node0 Stopped scavenging
2020-06-27 13:10:32,494 [ForkJoinPool.commonPool-worker-0] INFO  handler.ContextHandler (ContextHandler.java:doStop(1016)) - Stopped o.e.j.s.ServletContextHandler@707c1e41{static,/static,jar:file:/home/user/.m2/repository/org/apache/hadoop/hadoop-hdds-container-service/0.6.0-SNAPSHOT/hadoop-hdds-container-service-0.6.0-SNAPSHOT.jar!/webapps/static,UNAVAILABLE}
2020-06-27 13:10:32,495 [ForkJoinPool.commonPool-worker-0] INFO  handler.ContextHandler (ContextHandler.java:doStop(1016)) - Stopped o.e.j.s.ServletContextHandler@31daef26{logs,/logs,file:///github/workspace/mnt/ozone/hadoop-ozone/integration-test/target/log,UNAVAILABLE}
2020-06-27 13:10:32,497 [Listener at 127.0.0.1/42033] INFO  ozone.MiniOzoneClusterImpl (MiniOzoneClusterImpl.java:stopSCM(476)) - Stopping the StorageContainerManager
2020-06-27 13:10:32,498 [Listener at 127.0.0.1/42033] INFO  server.StorageContainerManager (StorageContainerManager.java:stop(825)) - Stopping Replication Manager Service.
2020-06-27 13:10:32,498 [Listener at 127.0.0.1/42033] INFO  container.ReplicationManager (ReplicationManager.java:stop(217)) - Stopping Replication Monitor Thread.
2020-06-27 13:10:32,499 [Listener at 127.0.0.1/42033] INFO  server.StorageContainerManager (StorageContainerManager.java:stop(832)) - Stopping Lease Manager of the command watchers
2020-06-27 13:10:32,499 [CommandWatcher-LeaseManager#LeaseMonitor] ERROR lease.LeaseManager (LeaseManager.java:run(238)) - Execution was interrupted 
java.lang.InterruptedException: sleep interrupted
	at java.lang.Thread.sleep(Native Method)
	at org.apache.hadoop.ozone.lease.LeaseManager$LeaseMonitor.run(LeaseManager.java:234)
	at java.lang.Thread.run(Thread.java:748)
2020-06-27 13:10:32,499 [Listener at 127.0.0.1/42033] INFO  server.StorageContainerManager (StorageContainerManager.java:stop(839)) - Stopping datanode service RPC server
2020-06-27 13:10:32,499 [Listener at 127.0.0.1/42033] INFO  server.SCMDatanodeProtocolServer (SCMDatanodeProtocolServer.java:stop(361)) - Stopping the RPC server for DataNodes
2020-06-27 13:10:32,499 [Listener at 127.0.0.1/42033] INFO  ipc.Server (Server.java:stop(3359)) - Stopping server on 39547
2020-06-27 13:10:32,502 [IPC Server listener on 0] INFO  ipc.Server (Server.java:run(1330)) - Stopping IPC Server listener on 0
2020-06-27 13:10:32,503 [IPC Server Responder] INFO  ipc.Server (Server.java:run(1465)) - Stopping IPC Server Responder
2020-06-27 13:10:32,586 [SCM Heartbeat Processing Thread - 0] WARN  node.NodeStateManager (NodeStateManager.java:scheduleNextHealthCheck(661)) - Current Thread is interrupted, shutting down HB processing thread for Node Manager.
2020-06-27 13:10:32,586 [Listener at 127.0.0.1/42033] INFO  server.StorageContainerManager (StorageContainerManager.java:stop(847)) - Stopping block service RPC server
2020-06-27 13:10:32,586 [Listener at 127.0.0.1/42033] INFO  server.SCMBlockProtocolServer (SCMBlockProtocolServer.java:stop(158)) - Stopping the RPC server for Block Protocol
2020-06-27 13:10:32,586 [Listener at 127.0.0.1/42033] INFO  ipc.Server (Server.java:stop(3359)) - Stopping server on 37865
2020-06-27 13:10:32,587 [IPC Server listener on 0] INFO  ipc.Server (Server.java:run(1330)) - Stopping IPC Server listener on 0
2020-06-27 13:10:32,589 [IPC Server Responder] INFO  ipc.Server (Server.java:run(1465)) - Stopping IPC Server Responder
2020-06-27 13:10:32,589 [Listener at 127.0.0.1/42033] INFO  server.StorageContainerManager (StorageContainerManager.java:stop(854)) - Stopping the StorageContainerLocationProtocol RPC server
2020-06-27 13:10:32,590 [Listener at 127.0.0.1/42033] INFO  server.SCMClientProtocolServer (SCMClientProtocolServer.java:stop(165)) - Stopping the RPC server for Client Protocol
2020-06-27 13:10:32,590 [Listener at 127.0.0.1/42033] INFO  ipc.Server (Server.java:stop(3359)) - Stopping server on 34845
2020-06-27 13:10:32,591 [IPC Server listener on 0] INFO  ipc.Server (Server.java:run(1330)) - Stopping IPC Server listener on 0
2020-06-27 13:10:32,592 [IPC Server Responder] INFO  ipc.Server (Server.java:run(1465)) - Stopping IPC Server Responder
2020-06-27 13:10:32,592 [Listener at 127.0.0.1/42033] INFO  server.StorageContainerManager (StorageContainerManager.java:stop(861)) - Stopping Storage Container Manager HTTP server.
2020-06-27 13:10:32,594 [Listener at 127.0.0.1/42033] INFO  handler.ContextHandler (ContextHandler.java:doStop(1016)) - Stopped o.e.j.w.WebAppContext@78999117{scm,/,null,UNAVAILABLE}{file:/github/workspace/mnt/ozone/hadoop-ozone/integration-test/target/test-classes/webapps/scm}
2020-06-27 13:10:32,594 [Listener at 127.0.0.1/42033] INFO  server.AbstractConnector (AbstractConnector.java:doStop(380)) - Stopped ServerConnector@271e8be8{HTTP/1.1,[http/1.1]}{0.0.0.0:0}
2020-06-27 13:10:32,595 [Listener at 127.0.0.1/42033] INFO  server.session (HouseKeeper.java:stopScavenging(158)) - node0 Stopped scavenging
2020-06-27 13:10:32,595 [Listener at 127.0.0.1/42033] INFO  handler.ContextHandler (ContextHandler.java:doStop(1016)) - Stopped o.e.j.s.ServletContextHandler@3026d4cd{static,/static,file:///github/workspace/mnt/ozone/hadoop-ozone/integration-test/target/test-classes/webapps/static,UNAVAILABLE}
2020-06-27 13:10:32,595 [Listener at 127.0.0.1/42033] INFO  handler.ContextHandler (ContextHandler.java:doStop(1016)) - Stopped o.e.j.s.ServletContextHandler@21e67d8d{logs,/logs,file:///github/workspace/mnt/ozone/hadoop-ozone/integration-test/target/log,UNAVAILABLE}
2020-06-27 13:10:32,596 [Listener at 127.0.0.1/42033] INFO  server.StorageContainerManager (StorageContainerManager.java:stop(872)) - Stopping Block Manager Service.
2020-06-27 13:10:32,596 [Listener at 127.0.0.1/42033] INFO  utils.BackgroundService (BackgroundService.java:shutdown(157)) - Shutting down service SCMBlockDeletingService
2020-06-27 13:10:32,596 [Listener at 127.0.0.1/42033] INFO  utils.BackgroundService (BackgroundService.java:shutdown(157)) - Shutting down service SCMBlockDeletingService
2020-06-27 13:10:32,597 [Listener at 127.0.0.1/42033] INFO  server.StorageContainerManager (StorageContainerManager.java:stop(897)) - Stopping SCM Event Queue.
2020-06-27 13:10:32,600 [Listener at 127.0.0.1/42033] INFO  impl.MetricsSystemImpl (MetricsSystemImpl.java:stop(210)) - Stopping HddsDatanode metrics system...
2020-06-27 13:10:32,608 [Listener at 127.0.0.1/42033] INFO  impl.MetricsSystemImpl (MetricsSystemImpl.java:stop(216)) - HddsDatanode metrics system stopped.
]]></system-out>
    <system-err><![CDATA[Jun 27, 2020 1:10:01 PM org.apache.ratis.thirdparty.io.grpc.internal.ManagedChannelOrphanWrapper$ManagedChannelReference cleanQueue
SEVERE: *~*~*~ Channel ManagedChannelImpl{logId=770, target=172.17.0.2:42873} was not shutdown properly!!! ~*~*~*
    Make sure to call shutdown()/shutdownNow() and wait until awaitTermination() returns true.
java.lang.RuntimeException: ManagedChannel allocation site
	at org.apache.ratis.thirdparty.io.grpc.internal.ManagedChannelOrphanWrapper$ManagedChannelReference.<init>(ManagedChannelOrphanWrapper.java:94)
	at org.apache.ratis.thirdparty.io.grpc.internal.ManagedChannelOrphanWrapper.<init>(ManagedChannelOrphanWrapper.java:52)
	at org.apache.ratis.thirdparty.io.grpc.internal.ManagedChannelOrphanWrapper.<init>(ManagedChannelOrphanWrapper.java:43)
	at org.apache.ratis.thirdparty.io.grpc.internal.AbstractManagedChannelImplBuilder.build(AbstractManagedChannelImplBuilder.java:518)
	at org.apache.ratis.grpc.client.GrpcClientProtocolClient.<init>(GrpcClientProtocolClient.java:129)
	at org.apache.ratis.grpc.client.GrpcClientRpc.lambda$new$0(GrpcClientRpc.java:55)
	at org.apache.ratis.util.PeerProxyMap$PeerAndProxy.lambda$getProxy$0(PeerProxyMap.java:62)
	at org.apache.ratis.util.LifeCycle.startAndTransition(LifeCycle.java:214)
	at org.apache.ratis.util.PeerProxyMap$PeerAndProxy.getProxy(PeerProxyMap.java:61)
	at org.apache.ratis.util.PeerProxyMap.getProxy(PeerProxyMap.java:109)
	at org.apache.ratis.grpc.client.GrpcClientRpc.sendRequestAsync(GrpcClientRpc.java:66)
	at org.apache.ratis.client.impl.OrderedAsync.sendRequest(OrderedAsync.java:233)
	at org.apache.ratis.client.impl.OrderedAsync.sendRequestWithRetry(OrderedAsync.java:187)
	at org.apache.ratis.util.SlidingWindow$Client.sendOrDelayRequest(SlidingWindow.java:278)
	at org.apache.ratis.util.SlidingWindow$Client.submitNewRequest(SlidingWindow.java:257)
	at org.apache.ratis.client.impl.OrderedAsync.send(OrderedAsync.java:168)
	at org.apache.ratis.client.impl.OrderedAsync.newInstance(OrderedAsync.java:117)
	at org.apache.ratis.client.impl.RaftClientImpl.lambda$new$0(RaftClientImpl.java:127)
	at org.apache.ratis.util.MemoizedSupplier.get(MemoizedSupplier.java:62)
	at org.apache.ratis.client.impl.RaftClientImpl.getOrderedAsync(RaftClientImpl.java:150)
	at org.apache.ratis.client.impl.RaftClientImpl.sendAsync(RaftClientImpl.java:188)
	at org.apache.ratis.client.impl.RaftClientImpl.sendAsync(RaftClientImpl.java:160)
	at org.apache.hadoop.hdds.scm.XceiverClientRatis.lambda$sendRequestAsync$3(XceiverClientRatis.java:224)
	at org.apache.hadoop.hdds.tracing.TracingUtil.executeInNewSpan(TracingUtil.java:159)
	at org.apache.hadoop.hdds.scm.XceiverClientRatis.sendRequestAsync(XceiverClientRatis.java:209)
	at org.apache.hadoop.hdds.scm.XceiverClientRatis.sendCommandAsync(XceiverClientRatis.java:305)
	at org.apache.hadoop.ozone.client.rpc.TestWatchForCommit.testWatchForCommitForGroupMismatchException(TestWatchForCommit.java:338)
	at sun.reflect.NativeMethodAccessorImpl.invoke0(Native Method)
	at sun.reflect.NativeMethodAccessorImpl.invoke(NativeMethodAccessorImpl.java:62)
	at sun.reflect.DelegatingMethodAccessorImpl.invoke(DelegatingMethodAccessorImpl.java:43)
	at java.lang.reflect.Method.invoke(Method.java:498)
	at org.junit.runners.model.FrameworkMethod$1.runReflectiveCall(FrameworkMethod.java:47)
	at org.junit.internal.runners.model.ReflectiveCallable.run(ReflectiveCallable.java:12)
	at org.junit.runners.model.FrameworkMethod.invokeExplosively(FrameworkMethod.java:44)
	at org.junit.internal.runners.statements.InvokeMethod.evaluate(InvokeMethod.java:17)
	at org.junit.internal.runners.statements.RunBefores.evaluate(RunBefores.java:26)
	at org.junit.internal.runners.statements.RunAfters.evaluate(RunAfters.java:27)
	at org.junit.runners.ParentRunner.runLeaf(ParentRunner.java:271)
	at org.junit.runners.BlockJUnit4ClassRunner.runChild(BlockJUnit4ClassRunner.java:70)
	at org.junit.runners.BlockJUnit4ClassRunner.runChild(BlockJUnit4ClassRunner.java:50)
	at org.junit.runners.ParentRunner$3.run(ParentRunner.java:238)
	at org.junit.runners.ParentRunner$1.schedule(ParentRunner.java:63)
	at org.junit.runners.ParentRunner.runChildren(ParentRunner.java:236)
	at org.junit.runners.ParentRunner.access$000(ParentRunner.java:53)
	at org.junit.runners.ParentRunner$2.evaluate(ParentRunner.java:229)
	at org.junit.runners.ParentRunner.run(ParentRunner.java:309)
	at org.apache.maven.surefire.junit4.JUnit4Provider.execute(JUnit4Provider.java:365)
	at org.apache.maven.surefire.junit4.JUnit4Provider.executeWithRerun(JUnit4Provider.java:273)
	at org.apache.maven.surefire.junit4.JUnit4Provider.executeTestSet(JUnit4Provider.java:238)
	at org.apache.maven.surefire.junit4.JUnit4Provider.invoke(JUnit4Provider.java:159)
	at org.apache.maven.surefire.booter.ForkedBooter.invokeProviderInSameClassLoader(ForkedBooter.java:384)
	at org.apache.maven.surefire.booter.ForkedBooter.runSuitesInProcess(ForkedBooter.java:345)
	at org.apache.maven.surefire.booter.ForkedBooter.execute(ForkedBooter.java:126)
	at org.apache.maven.surefire.booter.ForkedBooter.main(ForkedBooter.java:418)

]]></system-err>
  </testcase>
</testsuite>